<?xml version="1.0" encoding="UTF-8"?>
<testsuite name="de.uka.ilkd.key.proof.runallproofs.RunAllProofsFunctional" tests="34" skipped="0" failures="0" errors="0" timestamp="2023-05-09T07:12:06" hostname="fv-az572-652" time="5337.766">
  <properties/>
  <testcase name="newBook" classname="de.uka.ilkd.key.proof.runallproofs.RunAllProofsFunctional" time="63.659"/>
  <testcase name="oldBook" classname="de.uka.ilkd.key.proof.runallproofs.RunAllProofsFunctional" time="17.427"/>
  <testcase name="comprehensions" classname="de.uka.ilkd.key.proof.runallproofs.RunAllProofsFunctional" time="66.567"/>
  <testcase name="performance" classname="de.uka.ilkd.key.proof.runallproofs.RunAllProofsFunctional" time="225.541"/>
  <testcase name="performancePOConstruction" classname="de.uka.ilkd.key.proof.runallproofs.RunAllProofsFunctional" time="75.912"/>
  <testcase name="applicationRestrictions" classname="de.uka.ilkd.key.proof.runallproofs.RunAllProofsFunctional" time="49.384"/>
  <testcase name="blockContracts" classname="de.uka.ilkd.key.proof.runallproofs.RunAllProofsFunctional" time="140.164"/>
  <testcase name="jmlAsserts" classname="de.uka.ilkd.key.proof.runallproofs.RunAllProofsFunctional" time="91.416"/>
  <testcase name="javaCard" classname="de.uka.ilkd.key.proof.runallproofs.RunAllProofsFunctional" time="134.276"/>
  <testcase name="list" classname="de.uka.ilkd.key.proof.runallproofs.RunAllProofsFunctional" time="268.03"/>
  <testcase name="list_ghost" classname="de.uka.ilkd.key.proof.runallproofs.RunAllProofsFunctional" time="66.41"/>
  <testcase name="list_recursive" classname="de.uka.ilkd.key.proof.runallproofs.RunAllProofsFunctional" time="22.718"/>
  <testcase name="list_seq" classname="de.uka.ilkd.key.proof.runallproofs.RunAllProofsFunctional" time="188.717"/>
  <testcase name="observer" classname="de.uka.ilkd.key.proof.runallproofs.RunAllProofsFunctional" time="98.028"/>
  <testcase name="removeDups" classname="de.uka.ilkd.key.proof.runallproofs.RunAllProofsFunctional" time="153.54"/>
  <testcase name="quicksort" classname="de.uka.ilkd.key.proof.runallproofs.RunAllProofsFunctional" time="110.651"/>
  <testcase name="simpleTests" classname="de.uka.ilkd.key.proof.runallproofs.RunAllProofsFunctional" time="155.962"/>
  <testcase name="SmansEtAl" classname="de.uka.ilkd.key.proof.runallproofs.RunAllProofsFunctional" time="206.54"/>
  <testcase name="VACID0" classname="de.uka.ilkd.key.proof.runallproofs.RunAllProofsFunctional" time="79.127"/>
  <testcase name="VSTTE10" classname="de.uka.ilkd.key.proof.runallproofs.RunAllProofsFunctional" time="178.862"/>
  <testcase name="WeideEtAl" classname="de.uka.ilkd.key.proof.runallproofs.RunAllProofsFunctional" time="29.85"/>
  <testcase name="arithmetic" classname="de.uka.ilkd.key.proof.runallproofs.RunAllProofsFunctional" time="498.625"/>
  <testcase name="arrays" classname="de.uka.ilkd.key.proof.runallproofs.RunAllProofsFunctional" time="58.242"/>
  <testcase name="javadl" classname="de.uka.ilkd.key.proof.runallproofs.RunAllProofsFunctional" time="619.147"/>
  <testcase name="FOL" classname="de.uka.ilkd.key.proof.runallproofs.RunAllProofsFunctional" time="274.477"/>
  <testcase name="strings" classname="de.uka.ilkd.key.proof.runallproofs.RunAllProofsFunctional" time="155.321"/>
  <testcase name="simple_info_flow" classname="de.uka.ilkd.key.proof.runallproofs.RunAllProofsFunctional" time="13.141"/>
  <testcase name="modelMethods" classname="de.uka.ilkd.key.proof.runallproofs.RunAllProofsFunctional" time="179.977"/>
  <testcase name="permissionHeap" classname="de.uka.ilkd.key.proof.runallproofs.RunAllProofsFunctional" time="803.689"/>
  <testcase name="completionScopes" classname="de.uka.ilkd.key.proof.runallproofs.RunAllProofsFunctional" time="50.8"/>
  <testcase name="reload_examples" classname="de.uka.ilkd.key.proof.runallproofs.RunAllProofsFunctional" time="45.814"/>
  <testcase name="proofLoadRepair" classname="de.uka.ilkd.key.proof.runallproofs.RunAllProofsFunctional" time="18.674"/>
  <testcase name="switch" classname="de.uka.ilkd.key.proof.runallproofs.RunAllProofsFunctional" time="64.792"/>
  <testcase name="redux" classname="de.uka.ilkd.key.proof.runallproofs.RunAllProofsFunctional" time="132.276"/>
  <system-out><![CDATA[757        INFO  Test worker     d.u.i.k.p.r.RunAllProofsTestUnit Running test newBook 
379        INFO  Timeout watchdog d.u.i.k.p.r.p.ForkedTestFileRunner Timeout watcher launched (2000 secs.) 
405        WARN  main            d.u.i.k.s.ProofSettings   No proof-settings could be loaded, using defaults java.io.FileNotFoundException: /home/runner/.key/proof-settings.props (No such file or directory)
	at java.base/java.io.FileInputStream.open0(Native Method)

451        INFO  main            d.u.i.k.p.r.p.TestFile    Now processing file /home/runner/work/key/key/key.core/../key.ui/examples/newBook/09.list_modelfield/ArrayList.add.key 
635        INFO  main            d.u.i.k.p.i.AbstractProblemLoader Loading environment from /home/runner/work/key/key/key.core/../key.ui/examples/newBook/09.list_modelfield/ArrayList.add.key 
652        DEBUG main            d.u.i.k.p.i.AbstractProblemLoader Environment load took 2.52ms 
895        INFO  main            d.u.i.k.p.i.AbstractProblemLoader Creating init config 
1845       DEBUG main            d.u.i.k.j.TypeConverter   No LDT found for Meta 
1845       DEBUG main            d.u.i.k.j.TypeConverter   No LDT found for Meta 
1846       DEBUG main            d.u.i.k.j.TypeConverter   No LDT found for Meta 
1846       DEBUG main            d.u.i.k.j.TypeConverter   No LDT found for Meta 
3102       DEBUG main            d.u.i.k.j.TypeConverter   No LDT found for JavaBigintExpression 
8665       DEBUG main            d.u.i.k.p.i.AbstractProblemLoader Init config took 7.77s 
8843       INFO  main            d.u.i.k.p.i.AbstractProblemLoader Replaying proof ArrayList[List::add(int)].JML normal_behavior operation contract.0 
8880       DEBUG main            d.u.i.k.p.i.IntermediateProofReplayer Proof replay took 31.9ns 
26644      INFO  main            d.u.i.k.p.r.p.TestFile    ... finished proof: closed. 
26940      INFO  main            d.u.i.k.p.i.AbstractProblemLoader Loading environment from /home/runner/work/key/key/key.core/../key.ui/examples/newBook/09.list_modelfield/ArrayList.add.key.proof 
26941      DEBUG main            d.u.i.k.p.i.AbstractProblemLoader Environment load took 955.81ns 
26952      INFO  main            d.u.i.k.p.i.AbstractProblemLoader Creating init config 
29988      DEBUG main            d.u.i.k.p.i.AbstractProblemLoader Init config took 3.04s 
30061      INFO  main            d.u.i.k.p.i.AbstractProblemLoader Replaying proof ArrayList[List::add(int)].JML normal_behavior operation contract.0 
31440      DEBUG main            d.u.i.k.p.i.IntermediateProofReplayer Proof replay took 1.32s 
31452      DEBUG main            d.u.i.k.p.r.p.TestFile    ... success: reloaded. 
31454      INFO  main            d.u.i.k.p.r.p.TestFile    Now processing file /home/runner/work/key/key/key.core/../key.ui/examples/newBook/09.list_modelfield/ArrayList.remFirst.key 
31455      INFO  main            d.u.i.k.p.i.AbstractProblemLoader Loading environment from /home/runner/work/key/key/key.core/../key.ui/examples/newBook/09.list_modelfield/ArrayList.remFirst.key 
31455      DEBUG main            d.u.i.k.p.i.AbstractProblemLoader Environment load took 80.8ns 
31459      INFO  main            d.u.i.k.p.i.AbstractProblemLoader Creating init config 
34492      DEBUG main            d.u.i.k.p.i.AbstractProblemLoader Init config took 3.03s 
34551      INFO  main            d.u.i.k.p.i.AbstractProblemLoader Replaying proof ArrayList[List::remFirst()].JML normal_behavior operation contract.0 
34553      DEBUG main            d.u.i.k.p.i.IntermediateProofReplayer Proof replay took 7ns 
39071      INFO  main            d.u.i.k.p.r.p.TestFile    ... finished proof: closed. 
39269      INFO  main            d.u.i.k.p.i.AbstractProblemLoader Loading environment from /home/runner/work/key/key/key.core/../key.ui/examples/newBook/09.list_modelfield/ArrayList.remFirst.key.proof 
39270      DEBUG main            d.u.i.k.p.i.AbstractProblemLoader Environment load took 767.81ns 
39274      INFO  main            d.u.i.k.p.i.AbstractProblemLoader Creating init config 
42161      DEBUG main            d.u.i.k.p.i.AbstractProblemLoader Init config took 2.89s 
42213      INFO  main            d.u.i.k.p.i.AbstractProblemLoader Replaying proof ArrayList[List::remFirst()].JML normal_behavior operation contract.0 
42826      DEBUG main            d.u.i.k.p.i.IntermediateProofReplayer Proof replay took 595.01ms 
42827      DEBUG main            d.u.i.k.p.r.p.TestFile    ... success: reloaded. 
42828      INFO  main            d.u.i.k.p.r.p.TestFile    Now processing file /home/runner/work/key/key/key.core/../key.ui/examples/newBook/09.list_modelfield/ArrayList.empty.key 
42829      INFO  main            d.u.i.k.p.i.AbstractProblemLoader Loading environment from /home/runner/work/key/key/key.core/../key.ui/examples/newBook/09.list_modelfield/ArrayList.empty.key 
42829      DEBUG main            d.u.i.k.p.i.AbstractProblemLoader Environment load took 74.2ns 
42830      INFO  main            d.u.i.k.p.i.AbstractProblemLoader Creating init config 
45676      DEBUG main            d.u.i.k.p.i.AbstractProblemLoader Init config took 2.85s 
45724      INFO  main            d.u.i.k.p.i.AbstractProblemLoader Replaying proof ArrayList[List::empty()].JML normal_behavior operation contract.0 
45725      DEBUG main            d.u.i.k.p.i.IntermediateProofReplayer Proof replay took 5.6ns 
46731      INFO  main            d.u.i.k.p.r.p.TestFile    ... finished proof: closed. 
46969      INFO  main            d.u.i.k.p.i.AbstractProblemLoader Loading environment from /home/runner/work/key/key/key.core/../key.ui/examples/newBook/09.list_modelfield/ArrayList.empty.key.proof 
46970      DEBUG main            d.u.i.k.p.i.AbstractProblemLoader Environment load took 130.2ns 
46971      INFO  main            d.u.i.k.p.i.AbstractProblemLoader Creating init config 
49785      DEBUG main            d.u.i.k.p.i.AbstractProblemLoader Init config took 2.81s 
49836      INFO  main            d.u.i.k.p.i.AbstractProblemLoader Replaying proof ArrayList[List::empty()].JML normal_behavior operation contract.0 
49968      DEBUG main            d.u.i.k.p.i.IntermediateProofReplayer Proof replay took 126.67ms 
49970      DEBUG main            d.u.i.k.p.r.p.TestFile    ... success: reloaded. 
49972      INFO  main            d.u.i.k.p.r.p.TestFile    Now processing file /home/runner/work/key/key/key.core/../key.ui/examples/newBook/09.list_modelfield/ArrayList.size.key 
49973      INFO  main            d.u.i.k.p.i.AbstractProblemLoader Loading environment from /home/runner/work/key/key/key.core/../key.ui/examples/newBook/09.list_modelfield/ArrayList.size.key 
49974      DEBUG main            d.u.i.k.p.i.AbstractProblemLoader Environment load took 856.71ns 
49975      INFO  main            d.u.i.k.p.i.AbstractProblemLoader Creating init config 
52872      DEBUG main            d.u.i.k.p.i.AbstractProblemLoader Init config took 2.9s 
52921      INFO  main            d.u.i.k.p.i.AbstractProblemLoader Replaying proof ArrayList[List::size()].JML normal_behavior operation contract.0 
52923      DEBUG main            d.u.i.k.p.i.IntermediateProofReplayer Proof replay took 5.4ns 
53330      INFO  main            d.u.i.k.p.r.p.TestFile    ... finished proof: closed. 
53510      INFO  main            d.u.i.k.p.i.AbstractProblemLoader Loading environment from /home/runner/work/key/key/key.core/../key.ui/examples/newBook/09.list_modelfield/ArrayList.size.key.proof 
53510      DEBUG main            d.u.i.k.p.i.AbstractProblemLoader Environment load took 342.4ns 
53511      INFO  main            d.u.i.k.p.i.AbstractProblemLoader Creating init config 
56272      DEBUG main            d.u.i.k.p.i.AbstractProblemLoader Init config took 2.76s 
56318      INFO  main            d.u.i.k.p.i.AbstractProblemLoader Replaying proof ArrayList[List::size()].JML normal_behavior operation contract.0 
56376      DEBUG main            d.u.i.k.p.i.IntermediateProofReplayer Proof replay took 54.3ms 
56377      DEBUG main            d.u.i.k.p.r.p.TestFile    ... success: reloaded. 
56378      INFO  main            d.u.i.k.p.r.p.TestFile    Now processing file /home/runner/work/key/key/key.core/../key.ui/examples/newBook/09.list_modelfield/ArrayList.get.key 
56378      INFO  main            d.u.i.k.p.i.AbstractProblemLoader Loading environment from /home/runner/work/key/key/key.core/../key.ui/examples/newBook/09.list_modelfield/ArrayList.get.key 
56378      DEBUG main            d.u.i.k.p.i.AbstractProblemLoader Environment load took 63ns 
56379      INFO  main            d.u.i.k.p.i.AbstractProblemLoader Creating init config 
59181      DEBUG main            d.u.i.k.p.i.AbstractProblemLoader Init config took 2.8s 
59227      INFO  main            d.u.i.k.p.i.AbstractProblemLoader Replaying proof ArrayList[List::get(int)].JML normal_behavior operation contract.0 
59229      DEBUG main            d.u.i.k.p.i.IntermediateProofReplayer Proof replay took 6.6ns 
60237      INFO  main            d.u.i.k.p.r.p.TestFile    ... finished proof: closed. 
60413      INFO  main            d.u.i.k.p.i.AbstractProblemLoader Loading environment from /home/runner/work/key/key/key.core/../key.ui/examples/newBook/09.list_modelfield/ArrayList.get.key.proof 
60413      DEBUG main            d.u.i.k.p.i.AbstractProblemLoader Environment load took 141.6ns 
60414      INFO  main            d.u.i.k.p.i.AbstractProblemLoader Creating init config 
63153      DEBUG main            d.u.i.k.p.i.AbstractProblemLoader Init config took 2.74s 
63197      INFO  main            d.u.i.k.p.i.AbstractProblemLoader Replaying proof ArrayList[List::get(int)].JML normal_behavior operation contract.0 
63305      DEBUG main            d.u.i.k.p.i.IntermediateProofReplayer Proof replay took 102.28ms 
63307      DEBUG main            d.u.i.k.p.r.p.TestFile    ... success: reloaded. 
64409      INFO  Test worker     d.u.i.k.p.r.RunAllProofsTestUnit Returning from test newBook 
64414      INFO  Test worker     d.u.i.k.p.r.RunAllProofsTestUnit Running test oldBook 
371        INFO  Timeout watchdog d.u.i.k.p.r.p.ForkedTestFileRunner Timeout watcher launched (2000 secs.) 
399        WARN  main            d.u.i.k.s.ProofSettings   The settings in /home/runner/.key/proof-settings.props are *not* read. 
427        INFO  main            d.u.i.k.p.r.p.TestFile    Now processing file /home/runner/work/key/key/key.core/../key.ui/examples/standard_key/BookExamples/02FirstOrderLogic/Ex2.58.key 
540        INFO  main            d.u.i.k.p.i.AbstractProblemLoader Loading environment from /home/runner/work/key/key/key.core/../key.ui/examples/standard_key/BookExamples/02FirstOrderLogic/Ex2.58.key 
558        DEBUG main            d.u.i.k.p.i.AbstractProblemLoader Environment load took 3.12ms 
805        INFO  main            d.u.i.k.p.i.AbstractProblemLoader Creating init config 
1845       DEBUG main            d.u.i.k.j.TypeConverter   No LDT found for Meta 
1846       DEBUG main            d.u.i.k.j.TypeConverter   No LDT found for Meta 
1849       DEBUG main            d.u.i.k.j.TypeConverter   No LDT found for Meta 
1850       DEBUG main            d.u.i.k.j.TypeConverter   No LDT found for Meta 
3360       DEBUG main            d.u.i.k.j.TypeConverter   No LDT found for JavaBigintExpression 
8154       DEBUG main            d.u.i.k.p.i.AbstractProblemLoader Init config took 7.35s 
8214       INFO  main            d.u.i.k.p.i.AbstractProblemLoader Replaying proof Ex2.58.key 
8247       DEBUG main            d.u.i.k.p.i.IntermediateProofReplayer Proof replay took 33.9ns 
8408       INFO  main            d.u.i.k.p.r.p.TestFile    ... finished proof: closed. 
8507       INFO  main            d.u.i.k.p.i.AbstractProblemLoader Loading environment from /home/runner/work/key/key/key.core/../key.ui/examples/standard_key/BookExamples/02FirstOrderLogic/Ex2.58.key.proof 
8507       DEBUG main            d.u.i.k.p.i.AbstractProblemLoader Environment load took 154ns 
8511       INFO  main            d.u.i.k.p.i.AbstractProblemLoader Creating init config 
11279      DEBUG main            d.u.i.k.p.i.AbstractProblemLoader Init config took 2.77s 
11309      INFO  main            d.u.i.k.p.i.AbstractProblemLoader Replaying proof Ex2.58.key.proof 
11317      DEBUG main            d.u.i.k.p.i.IntermediateProofReplayer Proof replay took 3.54ms 
11327      DEBUG main            d.u.i.k.p.r.p.TestFile    ... success: reloaded. 
11328      INFO  main            d.u.i.k.p.r.p.TestFile    Now processing file /home/runner/work/key/key/key.core/../key.ui/examples/standard_key/BookExamples/03DynamicLogic/Sect3.3.1.key 
11328      INFO  main            d.u.i.k.p.i.AbstractProblemLoader Loading environment from /home/runner/work/key/key/key.core/../key.ui/examples/standard_key/BookExamples/03DynamicLogic/Sect3.3.1.key 
11329      DEBUG main            d.u.i.k.p.i.AbstractProblemLoader Environment load took 83.9ns 
11331      INFO  main            d.u.i.k.p.i.AbstractProblemLoader Creating init config 
13880      DEBUG main            d.u.i.k.p.i.AbstractProblemLoader Init config took 2.55s 
13926      INFO  main            d.u.i.k.p.i.AbstractProblemLoader Replaying proof Sect3.3.1.key 
13933      DEBUG main            d.u.i.k.p.i.IntermediateProofReplayer Proof replay took 8ns 
14548      INFO  main            d.u.i.k.p.r.p.TestFile    ... finished proof: closed. 
14695      INFO  main            d.u.i.k.p.i.AbstractProblemLoader Loading environment from /home/runner/work/key/key/key.core/../key.ui/examples/standard_key/BookExamples/03DynamicLogic/Sect3.3.1.key.proof 
14696      DEBUG main            d.u.i.k.p.i.AbstractProblemLoader Environment load took 1.7ms 
14699      INFO  main            d.u.i.k.p.i.AbstractProblemLoader Creating init config 
17160      DEBUG main            d.u.i.k.p.i.AbstractProblemLoader Init config took 2.46s 
17185      INFO  main            d.u.i.k.p.i.AbstractProblemLoader Replaying proof Sect3.3.1.key.proof 
17251      DEBUG main            d.u.i.k.p.i.IntermediateProofReplayer Proof replay took 59.67ms 
17253      DEBUG main            d.u.i.k.p.r.p.TestFile    ... success: reloaded. 
81840      INFO  Test worker     d.u.i.k.p.r.RunAllProofsTestUnit Returning from test oldBook 
81841      INFO  Test worker     d.u.i.k.p.r.RunAllProofsTestUnit Running test comprehensions 
315        INFO  Timeout watchdog d.u.i.k.p.r.p.ForkedTestFileRunner Timeout watcher launched (2000 secs.) 
323        WARN  main            d.u.i.k.s.ProofSettings   The settings in /home/runner/.key/proof-settings.props are *not* read. 
361        INFO  main            d.u.i.k.p.r.p.TestFile    Now processing file /home/runner/work/key/key/key.core/../key.ui/examples/heap/comprehensions/general_sum.key 
470        INFO  main            d.u.i.k.p.i.AbstractProblemLoader Loading environment from /home/runner/work/key/key/key.core/../key.ui/examples/heap/comprehensions/general_sum.key 
507        DEBUG main            d.u.i.k.p.i.AbstractProblemLoader Environment load took 2.39ms 
751        INFO  main            d.u.i.k.p.i.AbstractProblemLoader Creating init config 
1771       DEBUG main            d.u.i.k.j.TypeConverter   No LDT found for Meta 
1772       DEBUG main            d.u.i.k.j.TypeConverter   No LDT found for Meta 
1776       DEBUG main            d.u.i.k.j.TypeConverter   No LDT found for Meta 
1776       DEBUG main            d.u.i.k.j.TypeConverter   No LDT found for Meta 
3291       DEBUG main            d.u.i.k.j.TypeConverter   No LDT found for JavaBigintExpression 
8770       DEBUG main            d.u.i.k.p.i.AbstractProblemLoader Init config took 8.02s 
8991       INFO  main            d.u.i.k.p.i.AbstractProblemLoader Replaying proof GSum[GSum::doNothing()].JML operation contract.0 
9027       DEBUG main            d.u.i.k.p.i.IntermediateProofReplayer Proof replay took 35.2ns 
9369       INFO  main            d.u.i.k.p.r.p.TestFile    ... finished proof: closed. 
9471       INFO  main            d.u.i.k.p.i.AbstractProblemLoader Loading environment from /home/runner/work/key/key/key.core/../key.ui/examples/heap/comprehensions/general_sum.key.proof 
9474       DEBUG main            d.u.i.k.p.i.AbstractProblemLoader Environment load took 3.14ms 
9477       INFO  main            d.u.i.k.p.i.AbstractProblemLoader Creating init config 
12395      DEBUG main            d.u.i.k.p.i.AbstractProblemLoader Init config took 2.92s 
12483      INFO  main            d.u.i.k.p.i.AbstractProblemLoader Replaying proof GSum[GSum::doNothing()].JML operation contract.0 
12518      DEBUG main            d.u.i.k.p.i.IntermediateProofReplayer Proof replay took 27.76ms 
12531      DEBUG main            d.u.i.k.p.r.p.TestFile    ... success: reloaded. 
12532      INFO  main            d.u.i.k.p.r.p.TestFile    Now processing file /home/runner/work/key/key/key.core/../key.ui/examples/heap/comprehensions/sum0.key 
12532      INFO  main            d.u.i.k.p.i.AbstractProblemLoader Loading environment from /home/runner/work/key/key/key.core/../key.ui/examples/heap/comprehensions/sum0.key 
12532      DEBUG main            d.u.i.k.p.i.AbstractProblemLoader Environment load took 75.3ns 
12534      INFO  main            d.u.i.k.p.i.AbstractProblemLoader Creating init config 
15253      DEBUG main            d.u.i.k.p.i.AbstractProblemLoader Init config took 2.72s 
15331      INFO  main            d.u.i.k.p.i.AbstractProblemLoader Replaying proof Sum[Sum::sum0([I)].JML normal_behavior operation contract.0 
15334      DEBUG main            d.u.i.k.p.i.IntermediateProofReplayer Proof replay took 6.9ns 
15437      DEBUG Thread-4        d.u.i.k.l.l.OriginTermLabel commonFileName is null! 
15438      DEBUG Thread-4        d.u.i.k.l.l.OriginTermLabel commonFileName is null! 
15621      DEBUG Thread-4        d.u.i.k.l.l.OriginTermLabel commonFileName is null! 
15623      DEBUG Thread-4        d.u.i.k.l.l.OriginTermLabel commonFileName is null! 
15810      DEBUG Thread-4        d.u.i.k.l.l.OriginTermLabel commonFileName is null! 
16042      INFO  main            d.u.i.k.p.r.p.TestFile    ... finished proof: closed. 
16190      INFO  main            d.u.i.k.p.i.AbstractProblemLoader Loading environment from /home/runner/work/key/key/key.core/../key.ui/examples/heap/comprehensions/sum0.key.proof 
16192      DEBUG main            d.u.i.k.p.i.AbstractProblemLoader Environment load took 1.28ms 
16193      INFO  main            d.u.i.k.p.i.AbstractProblemLoader Creating init config 
18920      DEBUG main            d.u.i.k.p.i.AbstractProblemLoader Init config took 2.73s 
18986      INFO  main            d.u.i.k.p.i.AbstractProblemLoader Replaying proof Sum[Sum::sum0([I)].JML normal_behavior operation contract.0 
19033      DEBUG main            d.u.i.k.l.l.OriginTermLabel commonFileName is null! 
19034      DEBUG main            d.u.i.k.l.l.OriginTermLabel commonFileName is null! 
19095      DEBUG main            d.u.i.k.l.l.OriginTermLabel commonFileName is null! 
19135      DEBUG main            d.u.i.k.l.l.OriginTermLabel commonFileName is null! 
19136      DEBUG main            d.u.i.k.l.l.OriginTermLabel commonFileName is null! 
19139      DEBUG main            d.u.i.k.p.i.IntermediateProofReplayer Proof replay took 148.29ms 
19141      DEBUG main            d.u.i.k.p.r.p.TestFile    ... success: reloaded. 
19142      INFO  main            d.u.i.k.p.r.p.TestFile    Now processing file /home/runner/work/key/key/key.core/../key.ui/examples/heap/comprehensions/sum1.key 
19143      INFO  main            d.u.i.k.p.i.AbstractProblemLoader Loading environment from /home/runner/work/key/key/key.core/../key.ui/examples/heap/comprehensions/sum1.key 
19143      DEBUG main            d.u.i.k.p.i.AbstractProblemLoader Environment load took 475.91ns 
19146      INFO  main            d.u.i.k.p.i.AbstractProblemLoader Creating init config 
21840      DEBUG main            d.u.i.k.p.i.AbstractProblemLoader Init config took 2.69s 
21889      INFO  main            d.u.i.k.p.i.AbstractProblemLoader Replaying proof Sum[Sum::sum1([I)].JML normal_behavior operation contract.0 
21890      DEBUG main            d.u.i.k.p.i.IntermediateProofReplayer Proof replay took 7ns 
21961      DEBUG Thread-7        d.u.i.k.l.l.OriginTermLabel commonFileName is null! 
21962      DEBUG Thread-7        d.u.i.k.l.l.OriginTermLabel commonFileName is null! 
22100      DEBUG Thread-7        d.u.i.k.l.l.OriginTermLabel commonFileName is null! 
22101      DEBUG Thread-7        d.u.i.k.l.l.OriginTermLabel commonFileName is null! 
22222      DEBUG Thread-7        d.u.i.k.l.l.OriginTermLabel commonFileName is null! 
22395      INFO  main            d.u.i.k.p.r.p.TestFile    ... finished proof: closed. 
22571      INFO  main            d.u.i.k.p.i.AbstractProblemLoader Loading environment from /home/runner/work/key/key/key.core/../key.ui/examples/heap/comprehensions/sum1.key.proof 
22571      DEBUG main            d.u.i.k.p.i.AbstractProblemLoader Environment load took 133.8ns 
22573      INFO  main            d.u.i.k.p.i.AbstractProblemLoader Creating init config 
25177      DEBUG main            d.u.i.k.p.i.AbstractProblemLoader Init config took 2.6s 
25227      INFO  main            d.u.i.k.p.i.AbstractProblemLoader Replaying proof Sum[Sum::sum1([I)].JML normal_behavior operation contract.0 
25270      DEBUG main            d.u.i.k.l.l.OriginTermLabel commonFileName is null! 
25271      DEBUG main            d.u.i.k.l.l.OriginTermLabel commonFileName is null! 
25325      DEBUG main            d.u.i.k.l.l.OriginTermLabel commonFileName is null! 
25358      DEBUG main            d.u.i.k.l.l.OriginTermLabel commonFileName is null! 
25359      DEBUG main            d.u.i.k.l.l.OriginTermLabel commonFileName is null! 
25362      DEBUG main            d.u.i.k.p.i.IntermediateProofReplayer Proof replay took 124.5ms 
25363      DEBUG main            d.u.i.k.p.r.p.TestFile    ... success: reloaded. 
25364      INFO  main            d.u.i.k.p.r.p.TestFile    Now processing file /home/runner/work/key/key/key.core/../key.ui/examples/heap/comprehensions/sum2.key 
25365      INFO  main            d.u.i.k.p.i.AbstractProblemLoader Loading environment from /home/runner/work/key/key/key.core/../key.ui/examples/heap/comprehensions/sum2.key 
25366      DEBUG main            d.u.i.k.p.i.AbstractProblemLoader Environment load took 357ns 
25369      INFO  main            d.u.i.k.p.i.AbstractProblemLoader Creating init config 
28017      DEBUG main            d.u.i.k.p.i.AbstractProblemLoader Init config took 2.65s 
28060      INFO  main            d.u.i.k.p.i.AbstractProblemLoader Replaying proof Sum[Sum::sum2([I)].JML normal_behavior operation contract.0 
28063      DEBUG main            d.u.i.k.p.i.IntermediateProofReplayer Proof replay took 6.9ns 
28120      DEBUG Thread-10       d.u.i.k.l.l.OriginTermLabel commonFileName is null! 
28120      DEBUG Thread-10       d.u.i.k.l.l.OriginTermLabel commonFileName is null! 
28239      DEBUG Thread-10       d.u.i.k.l.l.OriginTermLabel commonFileName is null! 
28240      DEBUG Thread-10       d.u.i.k.l.l.OriginTermLabel commonFileName is null! 
28321      DEBUG Thread-10       d.u.i.k.l.l.OriginTermLabel commonFileName is null! 
28467      INFO  main            d.u.i.k.p.r.p.TestFile    ... finished proof: closed. 
28605      INFO  main            d.u.i.k.p.i.AbstractProblemLoader Loading environment from /home/runner/work/key/key/key.core/../key.ui/examples/heap/comprehensions/sum2.key.proof 
28606      DEBUG main            d.u.i.k.p.i.AbstractProblemLoader Environment load took 737.61ns 
28607      INFO  main            d.u.i.k.p.i.AbstractProblemLoader Creating init config 
31196      DEBUG main            d.u.i.k.p.i.AbstractProblemLoader Init config took 2.59s 
31257      INFO  main            d.u.i.k.p.i.AbstractProblemLoader Replaying proof Sum[Sum::sum2([I)].JML normal_behavior operation contract.0 
31286      DEBUG main            d.u.i.k.l.l.OriginTermLabel commonFileName is null! 
31287      DEBUG main            d.u.i.k.l.l.OriginTermLabel commonFileName is null! 
31325      DEBUG main            d.u.i.k.l.l.OriginTermLabel commonFileName is null! 
31354      DEBUG main            d.u.i.k.l.l.OriginTermLabel commonFileName is null! 
31355      DEBUG main            d.u.i.k.l.l.OriginTermLabel commonFileName is null! 
31357      DEBUG main            d.u.i.k.p.i.IntermediateProofReplayer Proof replay took 96.32ms 
31358      DEBUG main            d.u.i.k.p.r.p.TestFile    ... success: reloaded. 
31360      INFO  main            d.u.i.k.p.r.p.TestFile    Now processing file /home/runner/work/key/key/key.core/../key.ui/examples/heap/comprehensions/sum3.key 
31360      INFO  main            d.u.i.k.p.i.AbstractProblemLoader Loading environment from /home/runner/work/key/key/key.core/../key.ui/examples/heap/comprehensions/sum3.key 
31361      DEBUG main            d.u.i.k.p.i.AbstractProblemLoader Environment load took 164ns 
31362      INFO  main            d.u.i.k.p.i.AbstractProblemLoader Creating init config 
33979      DEBUG main            d.u.i.k.p.i.AbstractProblemLoader Init config took 2.62s 
34021      INFO  main            d.u.i.k.p.i.AbstractProblemLoader Replaying proof Sum[Sum::sum3([I)].JML normal_behavior operation contract.0 
34023      DEBUG main            d.u.i.k.p.i.IntermediateProofReplayer Proof replay took 5.6ns 
34071      DEBUG Thread-13       d.u.i.k.l.l.OriginTermLabel commonFileName is null! 
34071      DEBUG Thread-13       d.u.i.k.l.l.OriginTermLabel commonFileName is null! 
34179      DEBUG Thread-13       d.u.i.k.l.l.OriginTermLabel commonFileName is null! 
34179      DEBUG Thread-13       d.u.i.k.l.l.OriginTermLabel commonFileName is null! 
34256      DEBUG Thread-13       d.u.i.k.l.l.OriginTermLabel commonFileName is null! 
34426      INFO  main            d.u.i.k.p.r.p.TestFile    ... finished proof: closed. 
34596      INFO  main            d.u.i.k.p.i.AbstractProblemLoader Loading environment from /home/runner/work/key/key/key.core/../key.ui/examples/heap/comprehensions/sum3.key.proof 
34600      DEBUG main            d.u.i.k.p.i.AbstractProblemLoader Environment load took 3.85ms 
34604      INFO  main            d.u.i.k.p.i.AbstractProblemLoader Creating init config 
37165      DEBUG main            d.u.i.k.p.i.AbstractProblemLoader Init config took 2.56s 
37208      INFO  main            d.u.i.k.p.i.AbstractProblemLoader Replaying proof Sum[Sum::sum3([I)].JML normal_behavior operation contract.0 
37234      DEBUG main            d.u.i.k.l.l.OriginTermLabel commonFileName is null! 
37235      DEBUG main            d.u.i.k.l.l.OriginTermLabel commonFileName is null! 
37270      DEBUG main            d.u.i.k.l.l.OriginTermLabel commonFileName is null! 
37293      DEBUG main            d.u.i.k.l.l.OriginTermLabel commonFileName is null! 
37293      DEBUG main            d.u.i.k.l.l.OriginTermLabel commonFileName is null! 
37295      DEBUG main            d.u.i.k.p.i.IntermediateProofReplayer Proof replay took 84.01ms 
37296      DEBUG main            d.u.i.k.p.r.p.TestFile    ... success: reloaded. 
37297      INFO  main            d.u.i.k.p.r.p.TestFile    Now processing file /home/runner/work/key/key/key.core/../key.ui/examples/heap/comprehensions/segsum.key 
37297      INFO  main            d.u.i.k.p.i.AbstractProblemLoader Loading environment from /home/runner/work/key/key/key.core/../key.ui/examples/heap/comprehensions/segsum.key 
37297      DEBUG main            d.u.i.k.p.i.AbstractProblemLoader Environment load took 63ns 
37298      INFO  main            d.u.i.k.p.i.AbstractProblemLoader Creating init config 
39898      DEBUG main            d.u.i.k.p.i.AbstractProblemLoader Init config took 2.6s 
39949      INFO  main            d.u.i.k.p.i.AbstractProblemLoader Replaying proof SegSum[SegSum::segSum([I,int,int)].JML normal_behavior operation contract.0 
39951      DEBUG main            d.u.i.k.p.i.IntermediateProofReplayer Proof replay took 7.2ns 
40356      INFO  main            d.u.i.k.p.r.p.TestFile    ... finished proof: closed. 
40535      INFO  main            d.u.i.k.p.i.AbstractProblemLoader Loading environment from /home/runner/work/key/key/key.core/../key.ui/examples/heap/comprehensions/segsum.key.proof 
40535      DEBUG main            d.u.i.k.p.i.AbstractProblemLoader Environment load took 146.7ns 
40537      INFO  main            d.u.i.k.p.i.AbstractProblemLoader Creating init config 
43046      DEBUG main            d.u.i.k.p.i.AbstractProblemLoader Init config took 2.51s 
43104      INFO  main            d.u.i.k.p.i.AbstractProblemLoader Replaying proof SegSum[SegSum::segSum([I,int,int)].JML normal_behavior operation contract.0 
43187      DEBUG main            d.u.i.k.p.i.IntermediateProofReplayer Proof replay took 79.61ms 
43188      DEBUG main            d.u.i.k.p.r.p.TestFile    ... success: reloaded. 
43189      INFO  main            d.u.i.k.p.r.p.TestFile    Now processing file /home/runner/work/key/key/key.core/../key.ui/examples/heap/comprehensions/bsum_negative.key 
43189      INFO  main            d.u.i.k.p.i.AbstractProblemLoader Loading environment from /home/runner/work/key/key/key.core/../key.ui/examples/heap/comprehensions/bsum_negative.key 
43189      DEBUG main            d.u.i.k.p.i.AbstractProblemLoader Environment load took 66.3ns 
43190      INFO  main            d.u.i.k.p.i.AbstractProblemLoader Creating init config 
45610      DEBUG main            d.u.i.k.p.i.AbstractProblemLoader Init config took 2.42s 
45628      INFO  main            d.u.i.k.p.i.AbstractProblemLoader Replaying proof bsum_negative.key 
45630      DEBUG main            d.u.i.k.p.i.IntermediateProofReplayer Proof replay took 7.3ns 
45732      INFO  main            d.u.i.k.p.r.p.TestFile    ... finished proof: closed. 
45897      INFO  main            d.u.i.k.p.i.AbstractProblemLoader Loading environment from /home/runner/work/key/key/key.core/../key.ui/examples/heap/comprehensions/bsum_negative.key.proof 
45897      DEBUG main            d.u.i.k.p.i.AbstractProblemLoader Environment load took 132.8ns 
45898      INFO  main            d.u.i.k.p.i.AbstractProblemLoader Creating init config 
48330      DEBUG main            d.u.i.k.p.i.AbstractProblemLoader Init config took 2.43s 
48347      INFO  main            d.u.i.k.p.i.AbstractProblemLoader Replaying proof bsum_negative.key.proof 
48351      DEBUG main            d.u.i.k.p.i.IntermediateProofReplayer Proof replay took 1.58ms 
48352      DEBUG main            d.u.i.k.p.r.p.TestFile    ... success: reloaded. 
48354      INFO  main            d.u.i.k.p.r.p.TestFile    Now processing file /home/runner/work/key/key/key.core/../key.ui/examples/heap/comprehensions/bsum_neg2.key 
48354      INFO  main            d.u.i.k.p.i.AbstractProblemLoader Loading environment from /home/runner/work/key/key/key.core/../key.ui/examples/heap/comprehensions/bsum_neg2.key 
48355      DEBUG main            d.u.i.k.p.i.AbstractProblemLoader Environment load took 332.6ns 
48356      INFO  main            d.u.i.k.p.i.AbstractProblemLoader Creating init config 
50771      DEBUG main            d.u.i.k.p.i.AbstractProblemLoader Init config took 2.42s 
50791      INFO  main            d.u.i.k.p.i.AbstractProblemLoader Replaying proof bsum_neg2.key 
50793      DEBUG main            d.u.i.k.p.i.IntermediateProofReplayer Proof replay took 6.4ns 
50895      INFO  main            d.u.i.k.p.r.p.TestFile    ... finished proof: closed. 
51056      INFO  main            d.u.i.k.p.i.AbstractProblemLoader Loading environment from /home/runner/work/key/key/key.core/../key.ui/examples/heap/comprehensions/bsum_neg2.key.proof 
51056      DEBUG main            d.u.i.k.p.i.AbstractProblemLoader Environment load took 148.8ns 
51057      INFO  main            d.u.i.k.p.i.AbstractProblemLoader Creating init config 
53434      DEBUG main            d.u.i.k.p.i.AbstractProblemLoader Init config took 2.38s 
53450      INFO  main            d.u.i.k.p.i.AbstractProblemLoader Replaying proof bsum_neg2.key.proof 
53452      DEBUG main            d.u.i.k.p.i.IntermediateProofReplayer Proof replay took 939.51ns 
53453      DEBUG main            d.u.i.k.p.r.p.TestFile    ... success: reloaded. 
53454      INFO  main            d.u.i.k.p.r.p.TestFile    Now processing file /home/runner/work/key/key/key.core/../key.ui/examples/heap/comprehensions/bsumSplit.key 
53454      INFO  main            d.u.i.k.p.i.AbstractProblemLoader Loading environment from /home/runner/work/key/key/key.core/../key.ui/examples/heap/comprehensions/bsumSplit.key 
53454      DEBUG main            d.u.i.k.p.i.AbstractProblemLoader Environment load took 56.8ns 
53455      INFO  main            d.u.i.k.p.i.AbstractProblemLoader Creating init config 
55845      DEBUG main            d.u.i.k.p.i.AbstractProblemLoader Init config took 2.39s 
55883      INFO  main            d.u.i.k.p.i.AbstractProblemLoader Replaying proof bsumSplit.key 
55891      DEBUG main            d.u.i.k.p.i.IntermediateProofReplayer Proof replay took 7.8ns 
55994      INFO  main            d.u.i.k.p.r.p.TestFile    ... finished proof: closed. 
56173      INFO  main            d.u.i.k.p.i.AbstractProblemLoader Loading environment from /home/runner/work/key/key/key.core/../key.ui/examples/heap/comprehensions/bsumSplit.key.proof 
56173      DEBUG main            d.u.i.k.p.i.AbstractProblemLoader Environment load took 121.8ns 
56174      INFO  main            d.u.i.k.p.i.AbstractProblemLoader Creating init config 
58539      DEBUG main            d.u.i.k.p.i.AbstractProblemLoader Init config took 2.36s 
58556      INFO  main            d.u.i.k.p.i.AbstractProblemLoader Replaying proof bsumSplit.key.proof 
58562      DEBUG main            d.u.i.k.p.i.IntermediateProofReplayer Proof replay took 3.91ms 
58563      DEBUG main            d.u.i.k.p.r.p.TestFile    ... success: reloaded. 
58564      INFO  main            d.u.i.k.p.r.p.TestFile    Now processing file /home/runner/work/key/key/key.core/../key.ui/examples/heap/comprehensions/bprodSplit.key 
58564      INFO  main            d.u.i.k.p.i.AbstractProblemLoader Loading environment from /home/runner/work/key/key/key.core/../key.ui/examples/heap/comprehensions/bprodSplit.key 
58565      DEBUG main            d.u.i.k.p.i.AbstractProblemLoader Environment load took 310.5ns 
58566      INFO  main            d.u.i.k.p.i.AbstractProblemLoader Creating init config 
60970      DEBUG main            d.u.i.k.p.i.AbstractProblemLoader Init config took 2.4s 
60985      INFO  main            d.u.i.k.p.i.AbstractProblemLoader Replaying proof bprodSplit.key 
60987      DEBUG main            d.u.i.k.p.i.IntermediateProofReplayer Proof replay took 6ns 
61090      INFO  main            d.u.i.k.p.r.p.TestFile    ... finished proof: closed. 
61270      INFO  main            d.u.i.k.p.i.AbstractProblemLoader Loading environment from /home/runner/work/key/key/key.core/../key.ui/examples/heap/comprehensions/bprodSplit.key.proof 
61270      DEBUG main            d.u.i.k.p.i.AbstractProblemLoader Environment load took 116.7ns 
61271      INFO  main            d.u.i.k.p.i.AbstractProblemLoader Creating init config 
63660      DEBUG main            d.u.i.k.p.i.AbstractProblemLoader Init config took 2.39s 
63676      INFO  main            d.u.i.k.p.i.AbstractProblemLoader Replaying proof bprodSplit.key.proof 
63685      DEBUG main            d.u.i.k.p.i.IntermediateProofReplayer Proof replay took 4.87ms 
63686      DEBUG main            d.u.i.k.p.r.p.TestFile    ... success: reloaded. 
63687      INFO  main            d.u.i.k.p.r.p.TestFile    Now processing file /home/runner/work/key/key/key.core/../key.ui/examples/heap/comprehensions/bsumSplitInvalid.key 
63687      INFO  main            d.u.i.k.p.i.AbstractProblemLoader Loading environment from /home/runner/work/key/key/key.core/../key.ui/examples/heap/comprehensions/bsumSplitInvalid.key 
63687      DEBUG main            d.u.i.k.p.i.AbstractProblemLoader Environment load took 58.2ns 
63688      INFO  main            d.u.i.k.p.i.AbstractProblemLoader Creating init config 
66081      DEBUG main            d.u.i.k.p.i.AbstractProblemLoader Init config took 2.39s 
66098      INFO  main            d.u.i.k.p.i.AbstractProblemLoader Replaying proof bsumSplitInvalid.key 
66101      DEBUG main            d.u.i.k.p.i.IntermediateProofReplayer Proof replay took 6.9ns 
66205      INFO  main            d.u.i.k.p.r.p.TestFile    ... finished proof: open goal(s) 
148408     INFO  Test worker     d.u.i.k.p.r.RunAllProofsTestUnit Returning from test comprehensions 
148409     INFO  Test worker     d.u.i.k.p.r.RunAllProofsTestUnit Running test performance 
343        INFO  Timeout watchdog d.u.i.k.p.r.p.ForkedTestFileRunner Timeout watcher launched (2000 secs.) 
352        WARN  main            d.u.i.k.s.ProofSettings   The settings in /home/runner/.key/proof-settings.props are *not* read. 
395        INFO  main            d.u.i.k.p.r.p.TestFile    Now processing file /home/runner/work/key/key/key.core/../key.ui/examples/performance-test/Disjoint(Disjoint__disjoint_08()).JML_operation_contract.0.key 
565        INFO  main            d.u.i.k.p.i.AbstractProblemLoader Loading environment from /home/runner/work/key/key/key.core/../key.ui/examples/performance-test/Disjoint(Disjoint__disjoint_08()).JML_operation_contract.0.key 
589        DEBUG main            d.u.i.k.p.i.AbstractProblemLoader Environment load took 2.59ms 
816        INFO  main            d.u.i.k.p.i.AbstractProblemLoader Creating init config 
1735       DEBUG main            d.u.i.k.j.TypeConverter   No LDT found for Meta 
1736       DEBUG main            d.u.i.k.j.TypeConverter   No LDT found for Meta 
1740       DEBUG main            d.u.i.k.j.TypeConverter   No LDT found for Meta 
1740       DEBUG main            d.u.i.k.j.TypeConverter   No LDT found for Meta 
3024       DEBUG main            d.u.i.k.j.TypeConverter   No LDT found for JavaBigintExpression 
9043       DEBUG main            d.u.i.k.j.r.ClassPreparationMethodBuilder clPrepBuilder: Inner Class detected. Reject building class initialisation methods. 
17268      DEBUG main            d.u.i.k.p.i.AbstractProblemLoader Init config took 16.45s 
17504      INFO  main            d.u.i.k.p.i.AbstractProblemLoader Replaying proof Disjoint[Disjoint::disjoint_8()].JML operation contract.0 
17558      DEBUG main            d.u.i.k.p.i.IntermediateProofReplayer Proof replay took 328.8ns 
20118      INFO  main            d.u.i.k.p.r.p.TestFile    ... finished proof: closed. 
20320      INFO  main            d.u.i.k.p.i.AbstractProblemLoader Loading environment from /home/runner/work/key/key/key.core/../key.ui/examples/performance-test/Disjoint(Disjoint__disjoint_08()).JML_operation_contract.0.key.proof 
20321      DEBUG main            d.u.i.k.p.i.AbstractProblemLoader Environment load took 750.31ns 
20323      INFO  main            d.u.i.k.p.i.AbstractProblemLoader Creating init config 
23539      DEBUG main            d.u.i.k.j.r.ClassPreparationMethodBuilder clPrepBuilder: Inner Class detected. Reject building class initialisation methods. 
30860      DEBUG main            d.u.i.k.p.i.AbstractProblemLoader Init config took 10.54s 
30997      INFO  main            d.u.i.k.p.i.AbstractProblemLoader Replaying proof Disjoint[Disjoint::disjoint_8()].JML operation contract.0 
31449      DEBUG main            d.u.i.k.p.i.IntermediateProofReplayer Proof replay took 427.46ms 
31467      DEBUG main            d.u.i.k.p.r.p.TestFile    ... success: reloaded. 
31470      INFO  main            d.u.i.k.p.r.p.TestFile    Now processing file /home/runner/work/key/key/key.core/../key.ui/examples/performance-test/Disjoint(Disjoint__disjoint2_08()).JML_operation_contract.0.key 
31471      INFO  main            d.u.i.k.p.i.AbstractProblemLoader Loading environment from /home/runner/work/key/key/key.core/../key.ui/examples/performance-test/Disjoint(Disjoint__disjoint2_08()).JML_operation_contract.0.key 
31471      DEBUG main            d.u.i.k.p.i.AbstractProblemLoader Environment load took 170.1ns 
31473      INFO  main            d.u.i.k.p.i.AbstractProblemLoader Creating init config 
34648      DEBUG main            d.u.i.k.j.r.ClassPreparationMethodBuilder clPrepBuilder: Inner Class detected. Reject building class initialisation methods. 
41750      DEBUG main            d.u.i.k.p.i.AbstractProblemLoader Init config took 10.28s 
41854      INFO  main            d.u.i.k.p.i.AbstractProblemLoader Replaying proof Disjoint[Disjoint::disjoint2_8()].JML operation contract.0 
41857      DEBUG main            d.u.i.k.p.i.IntermediateProofReplayer Proof replay took 12.2ns 
42864      INFO  main            d.u.i.k.p.r.p.TestFile    ... finished proof: closed. 
43145      INFO  main            d.u.i.k.p.i.AbstractProblemLoader Loading environment from /home/runner/work/key/key/key.core/../key.ui/examples/performance-test/Disjoint(Disjoint__disjoint2_08()).JML_operation_contract.0.key.proof 
43148      DEBUG main            d.u.i.k.p.i.AbstractProblemLoader Environment load took 2.21ms 
43153      INFO  main            d.u.i.k.p.i.AbstractProblemLoader Creating init config 
46138      DEBUG main            d.u.i.k.j.r.ClassPreparationMethodBuilder clPrepBuilder: Inner Class detected. Reject building class initialisation methods. 
53091      DEBUG main            d.u.i.k.p.i.AbstractProblemLoader Init config took 9.94s 
53188      INFO  main            d.u.i.k.p.i.AbstractProblemLoader Replaying proof Disjoint[Disjoint::disjoint2_8()].JML operation contract.0 
53302      DEBUG main            d.u.i.k.p.i.IntermediateProofReplayer Proof replay took 106.05ms 
53307      DEBUG main            d.u.i.k.p.r.p.TestFile    ... success: reloaded. 
53314      INFO  main            d.u.i.k.p.r.p.TestFile    Now processing file /home/runner/work/key/key/key.core/../key.ui/examples/performance-test/AccessChain1(AccessChain1__foo_08()).JML_operation_contract.0.key 
53314      INFO  main            d.u.i.k.p.i.AbstractProblemLoader Loading environment from /home/runner/work/key/key/key.core/../key.ui/examples/performance-test/AccessChain1(AccessChain1__foo_08()).JML_operation_contract.0.key 
53315      DEBUG main            d.u.i.k.p.i.AbstractProblemLoader Environment load took 732.21ns 
53317      INFO  main            d.u.i.k.p.i.AbstractProblemLoader Creating init config 
56334      DEBUG main            d.u.i.k.j.r.ClassPreparationMethodBuilder clPrepBuilder: Inner Class detected. Reject building class initialisation methods. 
63279      DEBUG main            d.u.i.k.p.i.AbstractProblemLoader Init config took 9.96s 
63372      INFO  main            d.u.i.k.p.i.AbstractProblemLoader Replaying proof AccessChain1[AccessChain1::foo_8()].JML operation contract.0 
63375      DEBUG main            d.u.i.k.p.i.IntermediateProofReplayer Proof replay took 10.4ns 
65988      INFO  main            d.u.i.k.p.r.p.TestFile    ... finished proof: closed. 
66350      INFO  main            d.u.i.k.p.i.AbstractProblemLoader Loading environment from /home/runner/work/key/key/key.core/../key.ui/examples/performance-test/AccessChain1(AccessChain1__foo_08()).JML_operation_contract.0.key.proof 
66352      DEBUG main            d.u.i.k.p.i.AbstractProblemLoader Environment load took 1.99ms 
66354      INFO  main            d.u.i.k.p.i.AbstractProblemLoader Creating init config 
69301      DEBUG main            d.u.i.k.j.r.ClassPreparationMethodBuilder clPrepBuilder: Inner Class detected. Reject building class initialisation methods. 
76147      DEBUG main            d.u.i.k.p.i.AbstractProblemLoader Init config took 9.79s 
76252      INFO  main            d.u.i.k.p.i.AbstractProblemLoader Replaying proof AccessChain1[AccessChain1::foo_8()].JML operation contract.0 
76774      DEBUG main            d.u.i.k.p.i.IntermediateProofReplayer Proof replay took 507.66ms 
76778      DEBUG main            d.u.i.k.p.r.p.TestFile    ... success: reloaded. 
76780      INFO  main            d.u.i.k.p.r.p.TestFile    Now processing file /home/runner/work/key/key/key.core/../key.ui/examples/performance-test/AccessChain4(AccessChain4__foo_08()).JML_operation_contract.0.key 
76781      INFO  main            d.u.i.k.p.i.AbstractProblemLoader Loading environment from /home/runner/work/key/key/key.core/../key.ui/examples/performance-test/AccessChain4(AccessChain4__foo_08()).JML_operation_contract.0.key 
76782      DEBUG main            d.u.i.k.p.i.AbstractProblemLoader Environment load took 1ms 
76783      INFO  main            d.u.i.k.p.i.AbstractProblemLoader Creating init config 
79814      DEBUG main            d.u.i.k.j.r.ClassPreparationMethodBuilder clPrepBuilder: Inner Class detected. Reject building class initialisation methods. 
86782      DEBUG main            d.u.i.k.p.i.AbstractProblemLoader Init config took 10s 
86874      INFO  main            d.u.i.k.p.i.AbstractProblemLoader Replaying proof AccessChain4[AccessChain4::foo_8()].JML operation contract.0 
86876      DEBUG main            d.u.i.k.p.i.IntermediateProofReplayer Proof replay took 11.5ns 
93441      INFO  main            d.u.i.k.p.r.p.TestFile    ... finished proof: closed. 
93799      INFO  main            d.u.i.k.p.i.AbstractProblemLoader Loading environment from /home/runner/work/key/key/key.core/../key.ui/examples/performance-test/AccessChain4(AccessChain4__foo_08()).JML_operation_contract.0.key.proof 
93805      DEBUG main            d.u.i.k.p.i.AbstractProblemLoader Environment load took 5.21ms 
93808      INFO  main            d.u.i.k.p.i.AbstractProblemLoader Creating init config 
96707      DEBUG main            d.u.i.k.j.r.ClassPreparationMethodBuilder clPrepBuilder: Inner Class detected. Reject building class initialisation methods. 
103589     DEBUG main            d.u.i.k.p.i.AbstractProblemLoader Init config took 9.78s 
103677     INFO  main            d.u.i.k.p.i.AbstractProblemLoader Replaying proof AccessChain4[AccessChain4::foo_8()].JML operation contract.0 
104710     DEBUG main            d.u.i.k.p.i.IntermediateProofReplayer Proof replay took 1s 
104714     DEBUG main            d.u.i.k.p.r.p.TestFile    ... success: reloaded. 
104717     INFO  main            d.u.i.k.p.r.p.TestFile    Now processing file /home/runner/work/key/key/key.core/../key.ui/examples/performance-test/Disjoint(Disjoint__xZero_08()).JML_operation_contract.0.key 
104717     INFO  main            d.u.i.k.p.i.AbstractProblemLoader Loading environment from /home/runner/work/key/key/key.core/../key.ui/examples/performance-test/Disjoint(Disjoint__xZero_08()).JML_operation_contract.0.key 
104718     DEBUG main            d.u.i.k.p.i.AbstractProblemLoader Environment load took 442.81ns 
104719     INFO  main            d.u.i.k.p.i.AbstractProblemLoader Creating init config 
107772     DEBUG main            d.u.i.k.j.r.ClassPreparationMethodBuilder clPrepBuilder: Inner Class detected. Reject building class initialisation methods. 
114718     DEBUG main            d.u.i.k.p.i.AbstractProblemLoader Init config took 10s 
114807     INFO  main            d.u.i.k.p.i.AbstractProblemLoader Replaying proof Disjoint[Disjoint::xZero_8()].JML operation contract.0 
114809     DEBUG main            d.u.i.k.p.i.IntermediateProofReplayer Proof replay took 12.3ns 
115918     INFO  main            d.u.i.k.p.r.p.TestFile    ... finished proof: closed. 
116289     INFO  main            d.u.i.k.p.i.AbstractProblemLoader Loading environment from /home/runner/work/key/key/key.core/../key.ui/examples/performance-test/Disjoint(Disjoint__xZero_08()).JML_operation_contract.0.key.proof 
116289     DEBUG main            d.u.i.k.p.i.AbstractProblemLoader Environment load took 414ns 
116293     INFO  main            d.u.i.k.p.i.AbstractProblemLoader Creating init config 
119157     DEBUG main            d.u.i.k.j.r.ClassPreparationMethodBuilder clPrepBuilder: Inner Class detected. Reject building class initialisation methods. 
125997     DEBUG main            d.u.i.k.p.i.AbstractProblemLoader Init config took 9.7s 
126081     INFO  main            d.u.i.k.p.i.AbstractProblemLoader Replaying proof Disjoint[Disjoint::xZero_8()].JML operation contract.0 
126290     DEBUG main            d.u.i.k.p.i.IntermediateProofReplayer Proof replay took 200.95ms 
126291     DEBUG main            d.u.i.k.p.r.p.TestFile    ... success: reloaded. 
126293     INFO  main            d.u.i.k.p.r.p.TestFile    Now processing file /home/runner/work/key/key/key.core/../key.ui/examples/performance-test/Dynamic(Dynamic__foo_08()).JML_operation_contract.0.key 
126293     INFO  main            d.u.i.k.p.i.AbstractProblemLoader Loading environment from /home/runner/work/key/key/key.core/../key.ui/examples/performance-test/Dynamic(Dynamic__foo_08()).JML_operation_contract.0.key 
126294     DEBUG main            d.u.i.k.p.i.AbstractProblemLoader Environment load took 298.3ns 
126295     INFO  main            d.u.i.k.p.i.AbstractProblemLoader Creating init config 
129320     DEBUG main            d.u.i.k.j.r.ClassPreparationMethodBuilder clPrepBuilder: Inner Class detected. Reject building class initialisation methods. 
136168     DEBUG main            d.u.i.k.p.i.AbstractProblemLoader Init config took 9.87s 
136251     INFO  main            d.u.i.k.p.i.AbstractProblemLoader Replaying proof Dynamic[Dynamic::foo_8()].JML operation contract.0 
136253     DEBUG main            d.u.i.k.p.i.IntermediateProofReplayer Proof replay took 12.7ns 
142311     INFO  main            d.u.i.k.p.r.p.TestFile    ... finished proof: closed. 
142702     INFO  main            d.u.i.k.p.i.AbstractProblemLoader Loading environment from /home/runner/work/key/key/key.core/../key.ui/examples/performance-test/Dynamic(Dynamic__foo_08()).JML_operation_contract.0.key.proof 
142702     DEBUG main            d.u.i.k.p.i.AbstractProblemLoader Environment load took 604.96ns 
142704     INFO  main            d.u.i.k.p.i.AbstractProblemLoader Creating init config 
145582     DEBUG main            d.u.i.k.j.r.ClassPreparationMethodBuilder clPrepBuilder: Inner Class detected. Reject building class initialisation methods. 
152416     DEBUG main            d.u.i.k.p.i.AbstractProblemLoader Init config took 9.71s 
152511     INFO  main            d.u.i.k.p.i.AbstractProblemLoader Replaying proof Dynamic[Dynamic::foo_8()].JML operation contract.0 
153094     DEBUG main            d.u.i.k.p.i.IntermediateProofReplayer Proof replay took 561.45ms 
153096     DEBUG main            d.u.i.k.p.r.p.TestFile    ... success: reloaded. 
153097     INFO  main            d.u.i.k.p.r.p.TestFile    Now processing file /home/runner/work/key/key/key.core/../key.ui/examples/performance-test/DynamicGhost(DynamicGhost__dynamicGhost_08()).JML_normal_behavior_operation_contract.0.key 
153098     INFO  main            d.u.i.k.p.i.AbstractProblemLoader Loading environment from /home/runner/work/key/key/key.core/../key.ui/examples/performance-test/DynamicGhost(DynamicGhost__dynamicGhost_08()).JML_normal_behavior_operation_contract.0.key 
153098     DEBUG main            d.u.i.k.p.i.AbstractProblemLoader Environment load took 127.5ns 
153100     INFO  main            d.u.i.k.p.i.AbstractProblemLoader Creating init config 
156099     DEBUG main            d.u.i.k.j.r.ClassPreparationMethodBuilder clPrepBuilder: Inner Class detected. Reject building class initialisation methods. 
163007     DEBUG main            d.u.i.k.p.i.AbstractProblemLoader Init config took 9.91s 
163093     INFO  main            d.u.i.k.p.i.AbstractProblemLoader Replaying proof DynamicGhost[DynamicGhost::dynamicGhost_8()].JML normal_behavior operation contract.0 
163095     DEBUG main            d.u.i.k.p.i.IntermediateProofReplayer Proof replay took 12.1ns 
167718     INFO  main            d.u.i.k.p.r.p.TestFile    ... finished proof: closed. 
168139     INFO  main            d.u.i.k.p.i.AbstractProblemLoader Loading environment from /home/runner/work/key/key/key.core/../key.ui/examples/performance-test/DynamicGhost(DynamicGhost__dynamicGhost_08()).JML_normal_behavior_operation_contract.0.key.proof 
168140     DEBUG main            d.u.i.k.p.i.AbstractProblemLoader Environment load took 609.11ns 
168142     INFO  main            d.u.i.k.p.i.AbstractProblemLoader Creating init config 
171008     DEBUG main            d.u.i.k.j.r.ClassPreparationMethodBuilder clPrepBuilder: Inner Class detected. Reject building class initialisation methods. 
177887     DEBUG main            d.u.i.k.p.i.AbstractProblemLoader Init config took 9.74s 
177972     INFO  main            d.u.i.k.p.i.AbstractProblemLoader Replaying proof DynamicGhost[DynamicGhost::dynamicGhost_8()].JML normal_behavior operation contract.0 
178566     DEBUG main            d.u.i.k.p.i.IntermediateProofReplayer Proof replay took 573.33ms 
178568     DEBUG main            d.u.i.k.p.r.p.TestFile    ... success: reloaded. 
178570     INFO  main            d.u.i.k.p.r.p.TestFile    Now processing file /home/runner/work/key/key/key.core/../key.ui/examples/performance-test/GhostFrame(GhostFrame__foo_08()).JML_operation_contract.0.key 
178570     INFO  main            d.u.i.k.p.i.AbstractProblemLoader Loading environment from /home/runner/work/key/key/key.core/../key.ui/examples/performance-test/GhostFrame(GhostFrame__foo_08()).JML_operation_contract.0.key 
178571     DEBUG main            d.u.i.k.p.i.AbstractProblemLoader Environment load took 236ns 
178572     INFO  main            d.u.i.k.p.i.AbstractProblemLoader Creating init config 
181547     DEBUG main            d.u.i.k.j.r.ClassPreparationMethodBuilder clPrepBuilder: Inner Class detected. Reject building class initialisation methods. 
188498     DEBUG main            d.u.i.k.p.i.AbstractProblemLoader Init config took 9.93s 
188580     INFO  main            d.u.i.k.p.i.AbstractProblemLoader Replaying proof GhostFrame[GhostFrame::foo_8()].JML operation contract.0 
188582     DEBUG main            d.u.i.k.p.i.IntermediateProofReplayer Proof replay took 13.3ns 
190735     INFO  main            d.u.i.k.p.r.p.TestFile    ... finished proof: closed. 
191157     INFO  main            d.u.i.k.p.i.AbstractProblemLoader Loading environment from /home/runner/work/key/key/key.core/../key.ui/examples/performance-test/GhostFrame(GhostFrame__foo_08()).JML_operation_contract.0.key.proof 
191158     DEBUG main            d.u.i.k.p.i.AbstractProblemLoader Environment load took 598.91ns 
191159     INFO  main            d.u.i.k.p.i.AbstractProblemLoader Creating init config 
194020     DEBUG main            d.u.i.k.j.r.ClassPreparationMethodBuilder clPrepBuilder: Inner Class detected. Reject building class initialisation methods. 
200938     DEBUG main            d.u.i.k.p.i.AbstractProblemLoader Init config took 9.78s 
201020     INFO  main            d.u.i.k.p.i.AbstractProblemLoader Replaying proof GhostFrame[GhostFrame::foo_8()].JML operation contract.0 
201365     DEBUG main            d.u.i.k.p.i.IntermediateProofReplayer Proof replay took 336.47ms 
201366     DEBUG main            d.u.i.k.p.r.p.TestFile    ... success: reloaded. 
201368     INFO  main            d.u.i.k.p.r.p.TestFile    Now processing file /home/runner/work/key/key/key.core/../key.ui/examples/performance-test/Modelfield(Modelfield__foo_08()).JML_operation_contract.0.key 
201368     INFO  main            d.u.i.k.p.i.AbstractProblemLoader Loading environment from /home/runner/work/key/key/key.core/../key.ui/examples/performance-test/Modelfield(Modelfield__foo_08()).JML_operation_contract.0.key 
201368     DEBUG main            d.u.i.k.p.i.AbstractProblemLoader Environment load took 101.1ns 
201369     INFO  main            d.u.i.k.p.i.AbstractProblemLoader Creating init config 
204327     DEBUG main            d.u.i.k.j.r.ClassPreparationMethodBuilder clPrepBuilder: Inner Class detected. Reject building class initialisation methods. 
211242     DEBUG main            d.u.i.k.p.i.AbstractProblemLoader Init config took 9.87s 
211351     INFO  main            d.u.i.k.p.i.AbstractProblemLoader Replaying proof Modelfield[Modelfield::foo_8()].JML operation contract.0 
211352     DEBUG main            d.u.i.k.p.i.IntermediateProofReplayer Proof replay took 6ns 
214663     INFO  main            d.u.i.k.p.r.p.TestFile    ... finished proof: closed. 
215134     INFO  main            d.u.i.k.p.i.AbstractProblemLoader Loading environment from /home/runner/work/key/key/key.core/../key.ui/examples/performance-test/Modelfield(Modelfield__foo_08()).JML_operation_contract.0.key.proof 
215134     DEBUG main            d.u.i.k.p.i.AbstractProblemLoader Environment load took 131.6ns 
215136     INFO  main            d.u.i.k.p.i.AbstractProblemLoader Creating init config 
217969     DEBUG main            d.u.i.k.j.r.ClassPreparationMethodBuilder clPrepBuilder: Inner Class detected. Reject building class initialisation methods. 
224863     DEBUG main            d.u.i.k.p.i.AbstractProblemLoader Init config took 9.73s 
224946     INFO  main            d.u.i.k.p.i.AbstractProblemLoader Replaying proof Modelfield[Modelfield::foo_8()].JML operation contract.0 
225361     DEBUG main            d.u.i.k.p.i.IntermediateProofReplayer Proof replay took 402.6ms 
225363     DEBUG main            d.u.i.k.p.r.p.TestFile    ... success: reloaded. 
373949     INFO  Test worker     d.u.i.k.p.r.RunAllProofsTestUnit Returning from test performance 
373950     INFO  Test worker     d.u.i.k.p.r.RunAllProofsTestUnit Running test performancePOConstruction 
369        INFO  Timeout watchdog d.u.i.k.p.r.p.ForkedTestFileRunner Timeout watcher launched (2000 secs.) 
377        WARN  main            d.u.i.k.s.ProofSettings   The settings in /home/runner/.key/proof-settings.props are *not* read. 
412        INFO  main            d.u.i.k.p.r.p.TestFile    Now processing file /home/runner/work/key/key/key.core/../key.ui/examples/performance-test/Test(Test__a0(int)).JML_normal_behavior_operation_contract.0.key 
521        INFO  main            d.u.i.k.p.i.AbstractProblemLoader Loading environment from /home/runner/work/key/key/key.core/../key.ui/examples/performance-test/Test(Test__a0(int)).JML_normal_behavior_operation_contract.0.key 
537        DEBUG main            d.u.i.k.p.i.AbstractProblemLoader Environment load took 1.96ms 
763        INFO  main            d.u.i.k.p.i.AbstractProblemLoader Creating init config 
1725       DEBUG main            d.u.i.k.j.TypeConverter   No LDT found for Meta 
1725       DEBUG main            d.u.i.k.j.TypeConverter   No LDT found for Meta 
1728       DEBUG main            d.u.i.k.j.TypeConverter   No LDT found for Meta 
1728       DEBUG main            d.u.i.k.j.TypeConverter   No LDT found for Meta 
3134       DEBUG main            d.u.i.k.j.TypeConverter   No LDT found for JavaBigintExpression 
8787       DEBUG main            d.u.i.k.j.r.ClassPreparationMethodBuilder clPrepBuilder: Inner Class detected. Reject building class initialisation methods. 
17029      DEBUG main            d.u.i.k.p.i.AbstractProblemLoader Init config took 16.27s 
18069      INFO  main            d.u.i.k.p.i.AbstractProblemLoader Replaying proof Test[Test::a0(int)].JML normal_behavior operation contract.0 
18154      DEBUG main            d.u.i.k.p.i.IntermediateProofReplayer Proof replay took 39.5ns 
18609      INFO  main            d.u.i.k.p.r.p.TestFile    ... finished proof: closed. 
18776      INFO  main            d.u.i.k.p.i.AbstractProblemLoader Loading environment from /home/runner/work/key/key/key.core/../key.ui/examples/performance-test/Test(Test__a0(int)).JML_normal_behavior_operation_contract.0.key.proof 
18776      DEBUG main            d.u.i.k.p.i.AbstractProblemLoader Environment load took 292.61ns 
18782      INFO  main            d.u.i.k.p.i.AbstractProblemLoader Creating init config 
21909      DEBUG main            d.u.i.k.j.r.ClassPreparationMethodBuilder clPrepBuilder: Inner Class detected. Reject building class initialisation methods. 
29503      DEBUG main            d.u.i.k.p.i.AbstractProblemLoader Init config took 10.72s 
30399      INFO  main            d.u.i.k.p.i.AbstractProblemLoader Replaying proof Test[Test::a0(int)].JML normal_behavior operation contract.0 
30423      DEBUG main            d.u.i.k.p.i.IntermediateProofReplayer Proof replay took 19.48ms 
30432      DEBUG main            d.u.i.k.p.r.p.TestFile    ... success: reloaded. 
30433      INFO  main            d.u.i.k.p.r.p.TestFile    Now processing file /home/runner/work/key/key/key.core/../key.ui/examples/performance-test/Test(Test__a1(int)).JML_normal_behavior_operation_contract.0.key 
30434      INFO  main            d.u.i.k.p.i.AbstractProblemLoader Loading environment from /home/runner/work/key/key/key.core/../key.ui/examples/performance-test/Test(Test__a1(int)).JML_normal_behavior_operation_contract.0.key 
30434      DEBUG main            d.u.i.k.p.i.AbstractProblemLoader Environment load took 272.9ns 
30436      INFO  main            d.u.i.k.p.i.AbstractProblemLoader Creating init config 
33443      DEBUG main            d.u.i.k.j.r.ClassPreparationMethodBuilder clPrepBuilder: Inner Class detected. Reject building class initialisation methods. 
40696      DEBUG main            d.u.i.k.p.i.AbstractProblemLoader Init config took 10.26s 
41583      INFO  main            d.u.i.k.p.i.AbstractProblemLoader Replaying proof Test[Test::a1(int)].JML normal_behavior operation contract.0 
41586      DEBUG main            d.u.i.k.p.i.IntermediateProofReplayer Proof replay took 6.8ns 
41891      INFO  main            d.u.i.k.p.r.p.TestFile    ... finished proof: closed. 
42188      INFO  main            d.u.i.k.p.i.AbstractProblemLoader Loading environment from /home/runner/work/key/key/key.core/../key.ui/examples/performance-test/Test(Test__a1(int)).JML_normal_behavior_operation_contract.0.key.proof 
42190      DEBUG main            d.u.i.k.p.i.AbstractProblemLoader Environment load took 2.01ms 
42192      INFO  main            d.u.i.k.p.i.AbstractProblemLoader Creating init config 
45270      DEBUG main            d.u.i.k.j.r.ClassPreparationMethodBuilder clPrepBuilder: Inner Class detected. Reject building class initialisation methods. 
52377      DEBUG main            d.u.i.k.p.i.AbstractProblemLoader Init config took 10.18s 
53235      INFO  main            d.u.i.k.p.i.AbstractProblemLoader Replaying proof Test[Test::a1(int)].JML normal_behavior operation contract.0 
53303      DEBUG main            d.u.i.k.p.i.IntermediateProofReplayer Proof replay took 63.71ms 
53305      DEBUG main            d.u.i.k.p.r.p.TestFile    ... success: reloaded. 
53306      INFO  main            d.u.i.k.p.r.p.TestFile    Now processing file /home/runner/work/key/key/key.core/../key.ui/examples/performance-test/Test(Test__f1(int)).JML_normal_behavior_operation_contract.0.key 
53317      INFO  main            d.u.i.k.p.i.AbstractProblemLoader Loading environment from /home/runner/work/key/key/key.core/../key.ui/examples/performance-test/Test(Test__f1(int)).JML_normal_behavior_operation_contract.0.key 
53318      DEBUG main            d.u.i.k.p.i.AbstractProblemLoader Environment load took 324.71ns 
53319      INFO  main            d.u.i.k.p.i.AbstractProblemLoader Creating init config 
56341      DEBUG main            d.u.i.k.j.r.ClassPreparationMethodBuilder clPrepBuilder: Inner Class detected. Reject building class initialisation methods. 
63445      DEBUG main            d.u.i.k.p.i.AbstractProblemLoader Init config took 10.13s 
64304      INFO  main            d.u.i.k.p.i.AbstractProblemLoader Replaying proof Test[Test::f1(int)].JML normal_behavior operation contract.0 
64309      DEBUG main            d.u.i.k.p.i.IntermediateProofReplayer Proof replay took 6ns 
64512      INFO  main            d.u.i.k.p.r.p.TestFile    ... finished proof: closed. 
64782      INFO  main            d.u.i.k.p.i.AbstractProblemLoader Loading environment from /home/runner/work/key/key/key.core/../key.ui/examples/performance-test/Test(Test__f1(int)).JML_normal_behavior_operation_contract.0.key.proof 
64785      DEBUG main            d.u.i.k.p.i.AbstractProblemLoader Environment load took 3.24ms 
64786      INFO  main            d.u.i.k.p.i.AbstractProblemLoader Creating init config 
67730      DEBUG main            d.u.i.k.j.r.ClassPreparationMethodBuilder clPrepBuilder: Inner Class detected. Reject building class initialisation methods. 
74820      DEBUG main            d.u.i.k.p.i.AbstractProblemLoader Init config took 10.03s 
75664      INFO  main            d.u.i.k.p.i.AbstractProblemLoader Replaying proof Test[Test::f1(int)].JML normal_behavior operation contract.0 
75731      DEBUG main            d.u.i.k.p.i.IntermediateProofReplayer Proof replay took 62.31ms 
75733      DEBUG main            d.u.i.k.p.r.p.TestFile    ... success: reloaded. 
449861     INFO  Test worker     d.u.i.k.p.r.RunAllProofsTestUnit Returning from test performancePOConstruction 
449862     INFO  Test worker     d.u.i.k.p.r.RunAllProofsTestUnit Running test applicationRestrictions 
327        INFO  Timeout watchdog d.u.i.k.p.r.p.ForkedTestFileRunner Timeout watcher launched (2000 secs.) 
343        WARN  main            d.u.i.k.s.ProofSettings   The settings in /home/runner/.key/proof-settings.props are *not* read. 
372        INFO  main            d.u.i.k.p.r.p.TestFile    Now processing file /home/runner/work/key/key/key.core/../key.ui/examples/heap/polarity_tests/wellformed1.key 
482        INFO  main            d.u.i.k.p.i.AbstractProblemLoader Loading environment from /home/runner/work/key/key/key.core/../key.ui/examples/heap/polarity_tests/wellformed1.key 
503        DEBUG main            d.u.i.k.p.i.AbstractProblemLoader Environment load took 1.89ms 
733        INFO  main            d.u.i.k.p.i.AbstractProblemLoader Creating init config 
1686       DEBUG main            d.u.i.k.j.TypeConverter   No LDT found for Meta 
1686       DEBUG main            d.u.i.k.j.TypeConverter   No LDT found for Meta 
1688       DEBUG main            d.u.i.k.j.TypeConverter   No LDT found for Meta 
1689       DEBUG main            d.u.i.k.j.TypeConverter   No LDT found for Meta 
3225       DEBUG main            d.u.i.k.j.TypeConverter   No LDT found for JavaBigintExpression 
8164       DEBUG main            d.u.i.k.p.i.AbstractProblemLoader Init config took 7.43s 
8245       INFO  main            d.u.i.k.p.i.AbstractProblemLoader Replaying proof wellformed1.key 
8311       DEBUG main            d.u.i.k.p.i.IntermediateProofReplayer Proof replay took 35.7ns 
8481       INFO  main            d.u.i.k.p.r.p.TestFile    ... finished proof: closed. 
8601       INFO  main            d.u.i.k.p.i.AbstractProblemLoader Loading environment from /home/runner/work/key/key/key.core/../key.ui/examples/heap/polarity_tests/wellformed1.key.proof 
8601       DEBUG main            d.u.i.k.p.i.AbstractProblemLoader Environment load took 148.2ns 
8609       INFO  main            d.u.i.k.p.i.AbstractProblemLoader Creating init config 
11347      DEBUG main            d.u.i.k.p.i.AbstractProblemLoader Init config took 2.74s 
11376      INFO  main            d.u.i.k.p.i.AbstractProblemLoader Replaying proof wellformed1.key.proof 
11382      DEBUG main            d.u.i.k.p.i.IntermediateProofReplayer Proof replay took 2.36ms 
11393      DEBUG main            d.u.i.k.p.r.p.TestFile    ... success: reloaded. 
11395      INFO  main            d.u.i.k.p.r.p.TestFile    Now processing file /home/runner/work/key/key/key.core/../key.ui/examples/heap/polarity_tests/wellformed2.key 
11395      INFO  main            d.u.i.k.p.i.AbstractProblemLoader Loading environment from /home/runner/work/key/key/key.core/../key.ui/examples/heap/polarity_tests/wellformed2.key 
11395      DEBUG main            d.u.i.k.p.i.AbstractProblemLoader Environment load took 271.3ns 
11397      INFO  main            d.u.i.k.p.i.AbstractProblemLoader Creating init config 
14026      DEBUG main            d.u.i.k.p.i.AbstractProblemLoader Init config took 2.63s 
14067      INFO  main            d.u.i.k.p.i.AbstractProblemLoader Replaying proof wellformed2.key 
14072      DEBUG main            d.u.i.k.p.i.IntermediateProofReplayer Proof replay took 7ns 
14175      INFO  main            d.u.i.k.p.r.p.TestFile    ... finished proof: open goal(s) 
14299      INFO  main            d.u.i.k.p.r.p.TestFile    Now processing file /home/runner/work/key/key/key.core/../key.ui/examples/heap/polarity_tests/wellformed3.key 
14300      INFO  main            d.u.i.k.p.i.AbstractProblemLoader Loading environment from /home/runner/work/key/key/key.core/../key.ui/examples/heap/polarity_tests/wellformed3.key 
14300      DEBUG main            d.u.i.k.p.i.AbstractProblemLoader Environment load took 115.9ns 
14304      INFO  main            d.u.i.k.p.i.AbstractProblemLoader Creating init config 
16916      DEBUG main            d.u.i.k.p.i.AbstractProblemLoader Init config took 2.61s 
16939      INFO  main            d.u.i.k.p.i.AbstractProblemLoader Replaying proof wellformed3.key 
16941      DEBUG main            d.u.i.k.p.i.IntermediateProofReplayer Proof replay took 7.6ns 
17044      INFO  main            d.u.i.k.p.r.p.TestFile    ... finished proof: closed. 
17184      INFO  main            d.u.i.k.p.i.AbstractProblemLoader Loading environment from /home/runner/work/key/key/key.core/../key.ui/examples/heap/polarity_tests/wellformed3.key.proof 
17184      DEBUG main            d.u.i.k.p.i.AbstractProblemLoader Environment load took 150.4ns 
17187      INFO  main            d.u.i.k.p.i.AbstractProblemLoader Creating init config 
19728      DEBUG main            d.u.i.k.p.i.AbstractProblemLoader Init config took 2.54s 
19749      INFO  main            d.u.i.k.p.i.AbstractProblemLoader Replaying proof wellformed3.key.proof 
19753      DEBUG main            d.u.i.k.p.i.IntermediateProofReplayer Proof replay took 2.26ms 
19754      DEBUG main            d.u.i.k.p.r.p.TestFile    ... success: reloaded. 
19756      INFO  main            d.u.i.k.p.r.p.TestFile    Now processing file /home/runner/work/key/key/key.core/../key.ui/examples/heap/polarity_tests/wellformed4.key 
19757      INFO  main            d.u.i.k.p.i.AbstractProblemLoader Loading environment from /home/runner/work/key/key/key.core/../key.ui/examples/heap/polarity_tests/wellformed4.key 
19757      DEBUG main            d.u.i.k.p.i.AbstractProblemLoader Environment load took 274.31ns 
19761      INFO  main            d.u.i.k.p.i.AbstractProblemLoader Creating init config 
22306      DEBUG main            d.u.i.k.p.i.AbstractProblemLoader Init config took 2.54s 
22326      INFO  main            d.u.i.k.p.i.AbstractProblemLoader Replaying proof wellformed4.key 
22327      DEBUG main            d.u.i.k.p.i.IntermediateProofReplayer Proof replay took 6ns 
22431      INFO  main            d.u.i.k.p.r.p.TestFile    ... finished proof: open goal(s) 
22564      INFO  main            d.u.i.k.p.r.p.TestFile    Now processing file /home/runner/work/key/key/key.core/../key.ui/examples/heap/polarity_tests/wellformed5.key 
22564      INFO  main            d.u.i.k.p.i.AbstractProblemLoader Loading environment from /home/runner/work/key/key/key.core/../key.ui/examples/heap/polarity_tests/wellformed5.key 
22564      DEBUG main            d.u.i.k.p.i.AbstractProblemLoader Environment load took 78.2ns 
22565      INFO  main            d.u.i.k.p.i.AbstractProblemLoader Creating init config 
25070      DEBUG main            d.u.i.k.p.i.AbstractProblemLoader Init config took 2.5s 
25090      INFO  main            d.u.i.k.p.i.AbstractProblemLoader Replaying proof wellformed5.key 
25091      DEBUG main            d.u.i.k.p.i.IntermediateProofReplayer Proof replay took 6.2ns 
25194      INFO  main            d.u.i.k.p.r.p.TestFile    ... finished proof: closed. 
25319      INFO  main            d.u.i.k.p.i.AbstractProblemLoader Loading environment from /home/runner/work/key/key/key.core/../key.ui/examples/heap/polarity_tests/wellformed5.key.proof 
25319      DEBUG main            d.u.i.k.p.i.AbstractProblemLoader Environment load took 125.4ns 
25320      INFO  main            d.u.i.k.p.i.AbstractProblemLoader Creating init config 
27775      DEBUG main            d.u.i.k.p.i.AbstractProblemLoader Init config took 2.46s 
27795      INFO  main            d.u.i.k.p.i.AbstractProblemLoader Replaying proof wellformed5.key.proof 
27798      DEBUG main            d.u.i.k.p.i.IntermediateProofReplayer Proof replay took 1.27ms 
27799      DEBUG main            d.u.i.k.p.r.p.TestFile    ... success: reloaded. 
27806      INFO  main            d.u.i.k.p.r.p.TestFile    Now processing file /home/runner/work/key/key/key.core/../key.ui/examples/heap/polarity_tests/wellformed6.key 
27807      INFO  main            d.u.i.k.p.i.AbstractProblemLoader Loading environment from /home/runner/work/key/key/key.core/../key.ui/examples/heap/polarity_tests/wellformed6.key 
27807      DEBUG main            d.u.i.k.p.i.AbstractProblemLoader Environment load took 113.5ns 
27808      INFO  main            d.u.i.k.p.i.AbstractProblemLoader Creating init config 
30302      DEBUG main            d.u.i.k.p.i.AbstractProblemLoader Init config took 2.49s 
30322      INFO  main            d.u.i.k.p.i.AbstractProblemLoader Replaying proof wellformed6.key 
30323      DEBUG main            d.u.i.k.p.i.IntermediateProofReplayer Proof replay took 7.2ns 
30426      INFO  main            d.u.i.k.p.r.p.TestFile    ... finished proof: open goal(s) 
30568      INFO  main            d.u.i.k.p.r.p.TestFile    Now processing file /home/runner/work/key/key/key.core/../key.ui/examples/heap/polarity_tests/wellformed7.key 
30568      INFO  main            d.u.i.k.p.i.AbstractProblemLoader Loading environment from /home/runner/work/key/key/key.core/../key.ui/examples/heap/polarity_tests/wellformed7.key 
30568      DEBUG main            d.u.i.k.p.i.AbstractProblemLoader Environment load took 74.1ns 
30569      INFO  main            d.u.i.k.p.i.AbstractProblemLoader Creating init config 
33086      DEBUG main            d.u.i.k.p.i.AbstractProblemLoader Init config took 2.52s 
33106      INFO  main            d.u.i.k.p.i.AbstractProblemLoader Replaying proof wellformed7.key 
33107      DEBUG main            d.u.i.k.p.i.IntermediateProofReplayer Proof replay took 7.6ns 
33212      INFO  main            d.u.i.k.p.r.p.TestFile    ... finished proof: closed. 
33347      INFO  main            d.u.i.k.p.i.AbstractProblemLoader Loading environment from /home/runner/work/key/key/key.core/../key.ui/examples/heap/polarity_tests/wellformed7.key.proof 
33347      DEBUG main            d.u.i.k.p.i.AbstractProblemLoader Environment load took 122.8ns 
33348      INFO  main            d.u.i.k.p.i.AbstractProblemLoader Creating init config 
35814      DEBUG main            d.u.i.k.p.i.AbstractProblemLoader Init config took 2.47s 
35839      INFO  main            d.u.i.k.p.i.AbstractProblemLoader Replaying proof wellformed7.key.proof 
35842      DEBUG main            d.u.i.k.p.i.IntermediateProofReplayer Proof replay took 1.71ms 
35844      DEBUG main            d.u.i.k.p.r.p.TestFile    ... success: reloaded. 
35845      INFO  main            d.u.i.k.p.r.p.TestFile    Now processing file /home/runner/work/key/key/key.core/../key.ui/examples/heap/polarity_tests/wellformed8.key 
35845      INFO  main            d.u.i.k.p.i.AbstractProblemLoader Loading environment from /home/runner/work/key/key/key.core/../key.ui/examples/heap/polarity_tests/wellformed8.key 
35845      DEBUG main            d.u.i.k.p.i.AbstractProblemLoader Environment load took 251.9ns 
35847      INFO  main            d.u.i.k.p.i.AbstractProblemLoader Creating init config 
38311      DEBUG main            d.u.i.k.p.i.AbstractProblemLoader Init config took 2.46s 
38329      INFO  main            d.u.i.k.p.i.AbstractProblemLoader Replaying proof wellformed8.key 
38331      DEBUG main            d.u.i.k.p.i.IntermediateProofReplayer Proof replay took 8.2ns 
38434      INFO  main            d.u.i.k.p.r.p.TestFile    ... finished proof: open goal(s) 
38593      INFO  main            d.u.i.k.p.r.p.TestFile    Now processing file /home/runner/work/key/key/key.core/../key.ui/examples/heap/polarity_tests/wellformed9.key 
38594      INFO  main            d.u.i.k.p.i.AbstractProblemLoader Loading environment from /home/runner/work/key/key/key.core/../key.ui/examples/heap/polarity_tests/wellformed9.key 
38594      DEBUG main            d.u.i.k.p.i.AbstractProblemLoader Environment load took 72.3ns 
38595      INFO  main            d.u.i.k.p.i.AbstractProblemLoader Creating init config 
41054      DEBUG main            d.u.i.k.p.i.AbstractProblemLoader Init config took 2.46s 
41072      INFO  main            d.u.i.k.p.i.AbstractProblemLoader Replaying proof wellformed9.key 
41073      DEBUG main            d.u.i.k.p.i.IntermediateProofReplayer Proof replay took 7.5ns 
41176      INFO  main            d.u.i.k.p.r.p.TestFile    ... finished proof: closed. 
41315      INFO  main            d.u.i.k.p.i.AbstractProblemLoader Loading environment from /home/runner/work/key/key/key.core/../key.ui/examples/heap/polarity_tests/wellformed9.key.proof 
41316      DEBUG main            d.u.i.k.p.i.AbstractProblemLoader Environment load took 134.3ns 
41317      INFO  main            d.u.i.k.p.i.AbstractProblemLoader Creating init config 
43737      DEBUG main            d.u.i.k.p.i.AbstractProblemLoader Init config took 2.42s 
43755      INFO  main            d.u.i.k.p.i.AbstractProblemLoader Replaying proof wellformed9.key.proof 
43758      DEBUG main            d.u.i.k.p.i.IntermediateProofReplayer Proof replay took 1.47ms 
43759      DEBUG main            d.u.i.k.p.r.p.TestFile    ... success: reloaded. 
43760      INFO  main            d.u.i.k.p.r.p.TestFile    Now processing file /home/runner/work/key/key/key.core/../key.ui/examples/heap/polarity_tests/wellformed10.key 
43760      INFO  main            d.u.i.k.p.i.AbstractProblemLoader Loading environment from /home/runner/work/key/key/key.core/../key.ui/examples/heap/polarity_tests/wellformed10.key 
43760      DEBUG main            d.u.i.k.p.i.AbstractProblemLoader Environment load took 114.2ns 
43761      INFO  main            d.u.i.k.p.i.AbstractProblemLoader Creating init config 
46207      DEBUG main            d.u.i.k.p.i.AbstractProblemLoader Init config took 2.45s 
46224      INFO  main            d.u.i.k.p.i.AbstractProblemLoader Replaying proof wellformed10.key 
46226      DEBUG main            d.u.i.k.p.i.IntermediateProofReplayer Proof replay took 7.6ns 
46329      INFO  main            d.u.i.k.p.r.p.TestFile    ... finished proof: open goal(s) 
46527      INFO  main            d.u.i.k.p.r.p.TestFile    Now processing file /home/runner/work/key/key/key.core/../key.ui/examples/heap/polarity_tests/wellformed11.key 
46528      INFO  main            d.u.i.k.p.i.AbstractProblemLoader Loading environment from /home/runner/work/key/key/key.core/../key.ui/examples/heap/polarity_tests/wellformed11.key 
46528      DEBUG main            d.u.i.k.p.i.AbstractProblemLoader Environment load took 73.5ns 
46529      INFO  main            d.u.i.k.p.i.AbstractProblemLoader Creating init config 
48950      DEBUG main            d.u.i.k.p.i.AbstractProblemLoader Init config took 2.42s 
48966      INFO  main            d.u.i.k.p.i.AbstractProblemLoader Replaying proof wellformed11.key 
48968      DEBUG main            d.u.i.k.p.i.IntermediateProofReplayer Proof replay took 7.8ns 
49072      INFO  main            d.u.i.k.p.r.p.TestFile    ... finished proof: open goal(s) 
499245     INFO  Test worker     d.u.i.k.p.r.RunAllProofsTestUnit Returning from test applicationRestrictions 
499248     INFO  Test worker     d.u.i.k.p.r.RunAllProofsTestUnit Running test blockContracts 
366        INFO  Timeout watchdog d.u.i.k.p.r.p.ForkedTestFileRunner Timeout watcher launched (2000 secs.) 
382        WARN  main            d.u.i.k.s.ProofSettings   The settings in /home/runner/.key/proof-settings.props are *not* read. 
410        INFO  main            d.u.i.k.p.r.p.TestFile    Now processing file /home/runner/work/key/key/key.core/../key.ui/examples/heap/block_contracts/Simple__add.key 
521        INFO  main            d.u.i.k.p.i.AbstractProblemLoader Loading environment from /home/runner/work/key/key/key.core/../key.ui/examples/heap/block_contracts/Simple__add.key 
550        DEBUG main            d.u.i.k.p.i.AbstractProblemLoader Environment load took 2.33ms 
776        INFO  main            d.u.i.k.p.i.AbstractProblemLoader Creating init config 
1723       DEBUG main            d.u.i.k.j.TypeConverter   No LDT found for Meta 
1723       DEBUG main            d.u.i.k.j.TypeConverter   No LDT found for Meta 
1724       DEBUG main            d.u.i.k.j.TypeConverter   No LDT found for Meta 
1725       DEBUG main            d.u.i.k.j.TypeConverter   No LDT found for Meta 
3146       DEBUG main            d.u.i.k.j.TypeConverter   No LDT found for JavaBigintExpression 
9654       DEBUG main            d.u.i.k.p.i.AbstractProblemLoader Init config took 8.88s 
9782       INFO  main            d.u.i.k.p.i.AbstractProblemLoader Replaying proof Simple[Simple::add(int,int)].JML operation contract.0 
9878       DEBUG main            d.u.i.k.p.i.IntermediateProofReplayer Proof replay took 364.51ns 
10624      INFO  main            d.u.i.k.p.r.p.TestFile    ... finished proof: closed. 
10786      INFO  main            d.u.i.k.p.i.AbstractProblemLoader Loading environment from /home/runner/work/key/key/key.core/../key.ui/examples/heap/block_contracts/Simple__add.key.proof 
10787      DEBUG main            d.u.i.k.p.i.AbstractProblemLoader Environment load took 151.9ns 
10790      INFO  main            d.u.i.k.p.i.AbstractProblemLoader Creating init config 
14201      DEBUG main            d.u.i.k.p.i.AbstractProblemLoader Init config took 3.41s 
14278      INFO  main            d.u.i.k.p.i.AbstractProblemLoader Replaying proof Simple[Simple::add(int,int)].JML operation contract.0 
14356      DEBUG main            d.u.i.k.p.i.IntermediateProofReplayer Proof replay took 73.95ms 
14363      DEBUG main            d.u.i.k.p.r.p.TestFile    ... success: reloaded. 
14365      INFO  main            d.u.i.k.p.r.p.TestFile    Now processing file /home/runner/work/key/key/key.core/../key.ui/examples/heap/block_contracts/Simple__addAbsoluteValues.key 
14366      INFO  main            d.u.i.k.p.i.AbstractProblemLoader Loading environment from /home/runner/work/key/key/key.core/../key.ui/examples/heap/block_contracts/Simple__addAbsoluteValues.key 
14366      DEBUG main            d.u.i.k.p.i.AbstractProblemLoader Environment load took 330.61ns 
14368      INFO  main            d.u.i.k.p.i.AbstractProblemLoader Creating init config 
17673      DEBUG main            d.u.i.k.p.i.AbstractProblemLoader Init config took 3.31s 
17774      INFO  main            d.u.i.k.p.i.AbstractProblemLoader Replaying proof Simple[Simple::addAbsoluteValues(int,int)].JML normal_behavior operation contract.0 
17779      DEBUG main            d.u.i.k.p.i.IntermediateProofReplayer Proof replay took 15.7ns 
18897      INFO  main            d.u.i.k.p.r.p.TestFile    ... finished proof: closed. 
19084      INFO  main            d.u.i.k.p.i.AbstractProblemLoader Loading environment from /home/runner/work/key/key/key.core/../key.ui/examples/heap/block_contracts/Simple__addAbsoluteValues.key.proof 
19084      DEBUG main            d.u.i.k.p.i.AbstractProblemLoader Environment load took 542.41ns 
19086      INFO  main            d.u.i.k.p.i.AbstractProblemLoader Creating init config 
22247      DEBUG main            d.u.i.k.p.i.AbstractProblemLoader Init config took 3.16s 
22298      INFO  main            d.u.i.k.p.i.AbstractProblemLoader Replaying proof Simple[Simple::addAbsoluteValues(int,int)].JML normal_behavior operation contract.0 
22514      DEBUG main            d.u.i.k.p.i.IntermediateProofReplayer Proof replay took 208.8ms 
22516      DEBUG main            d.u.i.k.p.r.p.TestFile    ... success: reloaded. 
22518      INFO  main            d.u.i.k.p.r.p.TestFile    Now processing file /home/runner/work/key/key/key.core/../key.ui/examples/heap/block_contracts/Simple__addWithJump.key 
22518      INFO  main            d.u.i.k.p.i.AbstractProblemLoader Loading environment from /home/runner/work/key/key/key.core/../key.ui/examples/heap/block_contracts/Simple__addWithJump.key 
22518      DEBUG main            d.u.i.k.p.i.AbstractProblemLoader Environment load took 121.8ns 
22521      INFO  main            d.u.i.k.p.i.AbstractProblemLoader Creating init config 
25732      DEBUG main            d.u.i.k.p.i.AbstractProblemLoader Init config took 3.21s 
25783      INFO  main            d.u.i.k.p.i.AbstractProblemLoader Replaying proof Simple[Simple::addWithJump(int,int,int)].JML operation contract.0 
25785      DEBUG main            d.u.i.k.p.i.IntermediateProofReplayer Proof replay took 25.4ns 
25992      INFO  main            d.u.i.k.p.r.p.TestFile    ... finished proof: closed. 
26201      INFO  main            d.u.i.k.p.i.AbstractProblemLoader Loading environment from /home/runner/work/key/key/key.core/../key.ui/examples/heap/block_contracts/Simple__addWithJump.key.proof 
26201      DEBUG main            d.u.i.k.p.i.AbstractProblemLoader Environment load took 125.4ns 
26204      INFO  main            d.u.i.k.p.i.AbstractProblemLoader Creating init config 
29303      DEBUG main            d.u.i.k.p.i.AbstractProblemLoader Init config took 3.1s 
29352      INFO  main            d.u.i.k.p.i.AbstractProblemLoader Replaying proof Simple[Simple::addWithJump(int,int,int)].JML operation contract.0 
29403      DEBUG main            d.u.i.k.p.i.IntermediateProofReplayer Proof replay took 45.59ms 
29404      DEBUG main            d.u.i.k.p.r.p.TestFile    ... success: reloaded. 
29406      INFO  main            d.u.i.k.p.r.p.TestFile    Now processing file /home/runner/work/key/key/key.core/../key.ui/examples/heap/block_contracts/Simple__addWithTwoBlockContracts.key 
29406      INFO  main            d.u.i.k.p.i.AbstractProblemLoader Loading environment from /home/runner/work/key/key/key.core/../key.ui/examples/heap/block_contracts/Simple__addWithTwoBlockContracts.key 
29406      DEBUG main            d.u.i.k.p.i.AbstractProblemLoader Environment load took 122.5ns 
29408      INFO  main            d.u.i.k.p.i.AbstractProblemLoader Creating init config 
32520      DEBUG main            d.u.i.k.p.i.AbstractProblemLoader Init config took 3.11s 
32565      INFO  main            d.u.i.k.p.i.AbstractProblemLoader Replaying proof Simple[Simple::addWithTwoBlockContracts(int,int,int)].JML operation contract.0 
32568      DEBUG main            d.u.i.k.p.i.IntermediateProofReplayer Proof replay took 12.8ns 
32772      INFO  main            d.u.i.k.p.r.p.TestFile    ... finished proof: closed. 
32946      INFO  main            d.u.i.k.p.i.AbstractProblemLoader Loading environment from /home/runner/work/key/key/key.core/../key.ui/examples/heap/block_contracts/Simple__addWithTwoBlockContracts.key.proof 
32947      DEBUG main            d.u.i.k.p.i.AbstractProblemLoader Environment load took 154.2ns 
32949      INFO  main            d.u.i.k.p.i.AbstractProblemLoader Creating init config 
35994      DEBUG main            d.u.i.k.p.i.AbstractProblemLoader Init config took 3.05s 
36050      INFO  main            d.u.i.k.p.i.AbstractProblemLoader Replaying proof Simple[Simple::addWithTwoBlockContracts(int,int,int)].JML operation contract.0 
36106      DEBUG main            d.u.i.k.p.i.IntermediateProofReplayer Proof replay took 53.36ms 
36108      DEBUG main            d.u.i.k.p.r.p.TestFile    ... success: reloaded. 
36109      INFO  main            d.u.i.k.p.r.p.TestFile    Now processing file /home/runner/work/key/key/key.core/../key.ui/examples/heap/block_contracts/Simple__generateByteArray.key 
36109      INFO  main            d.u.i.k.p.i.AbstractProblemLoader Loading environment from /home/runner/work/key/key/key.core/../key.ui/examples/heap/block_contracts/Simple__generateByteArray.key 
36110      DEBUG main            d.u.i.k.p.i.AbstractProblemLoader Environment load took 269ns 
36111      INFO  main            d.u.i.k.p.i.AbstractProblemLoader Creating init config 
39187      DEBUG main            d.u.i.k.p.i.AbstractProblemLoader Init config took 3.08s 
39232      INFO  main            d.u.i.k.p.i.AbstractProblemLoader Replaying proof Simple[Simple::generateByteArray()].JML normal_behavior operation contract.0 
39234      DEBUG main            d.u.i.k.p.i.IntermediateProofReplayer Proof replay took 13.9ns 
41244      INFO  main            d.u.i.k.p.r.p.TestFile    ... finished proof: closed. 
41447      INFO  main            d.u.i.k.p.i.AbstractProblemLoader Loading environment from /home/runner/work/key/key/key.core/../key.ui/examples/heap/block_contracts/Simple__generateByteArray.key.proof 
41448      DEBUG main            d.u.i.k.p.i.AbstractProblemLoader Environment load took 521.91ns 
41449      INFO  main            d.u.i.k.p.i.AbstractProblemLoader Creating init config 
44488      DEBUG main            d.u.i.k.p.i.AbstractProblemLoader Init config took 3.04s 
44532      INFO  main            d.u.i.k.p.i.AbstractProblemLoader Replaying proof Simple[Simple::generateByteArray()].JML normal_behavior operation contract.0 
44820      DEBUG main            d.u.i.k.p.i.IntermediateProofReplayer Proof replay took 274.84ms 
44822      DEBUG main            d.u.i.k.p.r.p.TestFile    ... success: reloaded. 
44823      INFO  main            d.u.i.k.p.r.p.TestFile    Now processing file /home/runner/work/key/key/key.core/../key.ui/examples/heap/block_contracts/Simple__getLength.key 
44823      INFO  main            d.u.i.k.p.i.AbstractProblemLoader Loading environment from /home/runner/work/key/key/key.core/../key.ui/examples/heap/block_contracts/Simple__getLength.key 
44824      DEBUG main            d.u.i.k.p.i.AbstractProblemLoader Environment load took 126ns 
44825      INFO  main            d.u.i.k.p.i.AbstractProblemLoader Creating init config 
47962      DEBUG main            d.u.i.k.p.i.AbstractProblemLoader Init config took 3.14s 
48004      INFO  main            d.u.i.k.p.i.AbstractProblemLoader Replaying proof Simple[Simple::getLength()].JML normal_behavior operation contract.0 
48006      DEBUG main            d.u.i.k.p.i.IntermediateProofReplayer Proof replay took 13.3ns 
48111      INFO  main            d.u.i.k.p.r.p.TestFile    ... finished proof: closed. 
48316      INFO  main            d.u.i.k.p.i.AbstractProblemLoader Loading environment from /home/runner/work/key/key/key.core/../key.ui/examples/heap/block_contracts/Simple__getLength.key.proof 
48316      DEBUG main            d.u.i.k.p.i.AbstractProblemLoader Environment load took 123.6ns 
48317      INFO  main            d.u.i.k.p.i.AbstractProblemLoader Creating init config 
51376      DEBUG main            d.u.i.k.p.i.AbstractProblemLoader Init config took 3.06s 
51434      INFO  main            d.u.i.k.p.i.AbstractProblemLoader Replaying proof Simple[Simple::getLength()].JML normal_behavior operation contract.0 
51445      DEBUG main            d.u.i.k.p.i.IntermediateProofReplayer Proof replay took 7.54ms 
51446      DEBUG main            d.u.i.k.p.r.p.TestFile    ... success: reloaded. 
51447      INFO  main            d.u.i.k.p.r.p.TestFile    Now processing file /home/runner/work/key/key/key.core/../key.ui/examples/heap/block_contracts/Simple__square.key 
51447      INFO  main            d.u.i.k.p.i.AbstractProblemLoader Loading environment from /home/runner/work/key/key/key.core/../key.ui/examples/heap/block_contracts/Simple__square.key 
51448      DEBUG main            d.u.i.k.p.i.AbstractProblemLoader Environment load took 108.8ns 
51449      INFO  main            d.u.i.k.p.i.AbstractProblemLoader Creating init config 
54521      DEBUG main            d.u.i.k.p.i.AbstractProblemLoader Init config took 3.07s 
54562      INFO  main            d.u.i.k.p.i.AbstractProblemLoader Replaying proof Simple[Simple::square(int)].JML operation contract.0 
54564      DEBUG main            d.u.i.k.p.i.IntermediateProofReplayer Proof replay took 13.3ns 
54968      INFO  main            d.u.i.k.p.r.p.TestFile    ... finished proof: closed. 
55133      INFO  main            d.u.i.k.p.i.AbstractProblemLoader Loading environment from /home/runner/work/key/key/key.core/../key.ui/examples/heap/block_contracts/Simple__square.key.proof 
55133      DEBUG main            d.u.i.k.p.i.AbstractProblemLoader Environment load took 125.7ns 
55135      INFO  main            d.u.i.k.p.i.AbstractProblemLoader Creating init config 
58167      DEBUG main            d.u.i.k.p.i.AbstractProblemLoader Init config took 3.03s 
58207      INFO  main            d.u.i.k.p.i.AbstractProblemLoader Replaying proof Simple[Simple::square(int)].JML operation contract.0 
58297      DEBUG main            d.u.i.k.p.i.IntermediateProofReplayer Proof replay took 86.14ms 
58298      DEBUG main            d.u.i.k.p.r.p.TestFile    ... success: reloaded. 
58299      INFO  main            d.u.i.k.p.r.p.TestFile    Now processing file /home/runner/work/key/key/key.core/../key.ui/examples/heap/block_contracts/Simple__unnecessaryBlockContract.key 
58299      INFO  main            d.u.i.k.p.i.AbstractProblemLoader Loading environment from /home/runner/work/key/key/key.core/../key.ui/examples/heap/block_contracts/Simple__unnecessaryBlockContract.key 
58299      DEBUG main            d.u.i.k.p.i.AbstractProblemLoader Environment load took 111ns 
58300      INFO  main            d.u.i.k.p.i.AbstractProblemLoader Creating init config 
61296      DEBUG main            d.u.i.k.p.i.AbstractProblemLoader Init config took 3s 
61337      INFO  main            d.u.i.k.p.i.AbstractProblemLoader Replaying proof Simple[Simple::unnecessaryBlockContract()].JML operation contract.0 
61339      DEBUG main            d.u.i.k.p.i.IntermediateProofReplayer Proof replay took 14ns 
61441      INFO  main            d.u.i.k.p.r.p.TestFile    ... finished proof: closed. 
61646      INFO  main            d.u.i.k.p.i.AbstractProblemLoader Loading environment from /home/runner/work/key/key/key.core/../key.ui/examples/heap/block_contracts/Simple__unnecessaryBlockContract.key.proof 
61646      DEBUG main            d.u.i.k.p.i.AbstractProblemLoader Environment load took 169.5ns 
61647      INFO  main            d.u.i.k.p.i.AbstractProblemLoader Creating init config 
64630      DEBUG main            d.u.i.k.p.i.AbstractProblemLoader Init config took 2.98s 
64669      INFO  main            d.u.i.k.p.i.AbstractProblemLoader Replaying proof Simple[Simple::unnecessaryBlockContract()].JML operation contract.0 
64691      DEBUG main            d.u.i.k.p.i.IntermediateProofReplayer Proof replay took 19.96ms 
64692      DEBUG main            d.u.i.k.p.r.p.TestFile    ... success: reloaded. 
64693      INFO  main            d.u.i.k.p.r.p.TestFile    Now processing file /home/runner/work/key/key/key.core/../key.ui/examples/heap/block_contracts/Simple__unnecessaryLoopInvariant.key 
64693      INFO  main            d.u.i.k.p.i.AbstractProblemLoader Loading environment from /home/runner/work/key/key/key.core/../key.ui/examples/heap/block_contracts/Simple__unnecessaryLoopInvariant.key 
64693      DEBUG main            d.u.i.k.p.i.AbstractProblemLoader Environment load took 98.3ns 
64694      INFO  main            d.u.i.k.p.i.AbstractProblemLoader Creating init config 
67734      DEBUG main            d.u.i.k.p.i.AbstractProblemLoader Init config took 3.04s 
67774      INFO  main            d.u.i.k.p.i.AbstractProblemLoader Replaying proof Simple[Simple::unnecessaryLoopInvariant()].JML operation contract.0 
67776      DEBUG main            d.u.i.k.p.i.IntermediateProofReplayer Proof replay took 12.5ns 
67878      INFO  main            d.u.i.k.p.r.p.TestFile    ... finished proof: closed. 
68073      INFO  main            d.u.i.k.p.i.AbstractProblemLoader Loading environment from /home/runner/work/key/key/key.core/../key.ui/examples/heap/block_contracts/Simple__unnecessaryLoopInvariant.key.proof 
68074      DEBUG main            d.u.i.k.p.i.AbstractProblemLoader Environment load took 137.4ns 
68076      INFO  main            d.u.i.k.p.i.AbstractProblemLoader Creating init config 
71065      DEBUG main            d.u.i.k.p.i.AbstractProblemLoader Init config took 2.99s 
71115      INFO  main            d.u.i.k.p.i.AbstractProblemLoader Replaying proof Simple[Simple::unnecessaryLoopInvariant()].JML operation contract.0 
71144      DEBUG main            d.u.i.k.p.i.IntermediateProofReplayer Proof replay took 24.92ms 
71145      DEBUG main            d.u.i.k.p.r.p.TestFile    ... success: reloaded. 
71147      INFO  main            d.u.i.k.p.r.p.TestFile    Now processing file /home/runner/work/key/key/key.core/../key.ui/examples/standard_key/java_dl/jml-assert/assert.key 
71148      INFO  main            d.u.i.k.p.i.AbstractProblemLoader Loading environment from /home/runner/work/key/key/key.core/../key.ui/examples/standard_key/java_dl/jml-assert/assert.key 
71149      DEBUG main            d.u.i.k.p.i.AbstractProblemLoader Environment load took 852.51ns 
71150      INFO  main            d.u.i.k.p.i.AbstractProblemLoader Creating init config 
73805      DEBUG main            d.u.i.k.p.i.AbstractProblemLoader Init config took 2.65s 
73864      INFO  main            d.u.i.k.p.i.AbstractProblemLoader Replaying proof Assert[Assert::createArray(int)].JML normal_behavior operation contract.0 
73866      DEBUG main            d.u.i.k.p.i.IntermediateProofReplayer Proof replay took 7.2ns 
74072      INFO  main            d.u.i.k.p.r.p.TestFile    ... finished proof: closed. 
74280      INFO  main            d.u.i.k.p.i.AbstractProblemLoader Loading environment from /home/runner/work/key/key/key.core/../key.ui/examples/standard_key/java_dl/jml-assert/assert.key.proof 
74280      DEBUG main            d.u.i.k.p.i.AbstractProblemLoader Environment load took 124.6ns 
74281      INFO  main            d.u.i.k.p.i.AbstractProblemLoader Creating init config 
76871      DEBUG main            d.u.i.k.p.i.AbstractProblemLoader Init config took 2.59s 
76908      INFO  main            d.u.i.k.p.i.AbstractProblemLoader Replaying proof Assert[Assert::createArray(int)].JML normal_behavior operation contract.0 
76967      DEBUG main            d.u.i.k.p.i.IntermediateProofReplayer Proof replay took 56.71ms 
76968      DEBUG main            d.u.i.k.p.r.p.TestFile    ... success: reloaded. 
76970      INFO  main            d.u.i.k.p.r.p.TestFile    Now processing file /home/runner/work/key/key/key.core/../key.ui/examples/standard_key/java_dl/jml-assert/assert_assume_order.key 
76970      INFO  main            d.u.i.k.p.i.AbstractProblemLoader Loading environment from /home/runner/work/key/key/key.core/../key.ui/examples/standard_key/java_dl/jml-assert/assert_assume_order.key 
76970      DEBUG main            d.u.i.k.p.i.AbstractProblemLoader Environment load took 243.21ns 
76971      INFO  main            d.u.i.k.p.i.AbstractProblemLoader Creating init config 
79627      DEBUG main            d.u.i.k.p.i.AbstractProblemLoader Init config took 2.66s 
79663      INFO  main            d.u.i.k.p.i.AbstractProblemLoader Replaying proof AssertAssume[AssertAssume::singleAssumeAssert(int)].JML normal_behavior operation contract.0 
79664      DEBUG main            d.u.i.k.p.i.IntermediateProofReplayer Proof replay took 7.4ns 
79767      INFO  main            d.u.i.k.p.r.p.TestFile    ... finished proof: closed. 
79964      INFO  main            d.u.i.k.p.i.AbstractProblemLoader Loading environment from /home/runner/work/key/key/key.core/../key.ui/examples/standard_key/java_dl/jml-assert/assert_assume_order.key.proof 
79964      DEBUG main            d.u.i.k.p.i.AbstractProblemLoader Environment load took 126.5ns 
79965      INFO  main            d.u.i.k.p.i.AbstractProblemLoader Creating init config 
82539      DEBUG main            d.u.i.k.p.i.AbstractProblemLoader Init config took 2.57s 
82578      INFO  main            d.u.i.k.p.i.AbstractProblemLoader Replaying proof AssertAssume[AssertAssume::singleAssumeAssert(int)].JML normal_behavior operation contract.0 
82588      DEBUG main            d.u.i.k.p.i.IntermediateProofReplayer Proof replay took 7.61ms 
82589      DEBUG main            d.u.i.k.p.r.p.TestFile    ... success: reloaded. 
82591      INFO  main            d.u.i.k.p.r.p.TestFile    Now processing file /home/runner/work/key/key/key.core/../key.ui/examples/heap/block_loop_contracts/SimpleVariants/sum_onBlock_external.key 
82591      INFO  main            d.u.i.k.p.i.AbstractProblemLoader Loading environment from /home/runner/work/key/key/key.core/../key.ui/examples/heap/block_loop_contracts/SimpleVariants/sum_onBlock_external.key 
82591      DEBUG main            d.u.i.k.p.i.AbstractProblemLoader Environment load took 270.7ns 
82592      INFO  main            d.u.i.k.p.i.AbstractProblemLoader Creating init config 
85533      DEBUG main            d.u.i.k.p.i.AbstractProblemLoader Init config took 2.94s 
85568      INFO  main            d.u.i.k.p.i.AbstractProblemLoader Replaying proof LoopContractExamplesAll[LoopContractExamplesAll::sum_loopContract_onBlock([I)].JML normal_behavior operation contract.0 
85570      DEBUG main            d.u.i.k.p.i.IntermediateProofReplayer Proof replay took 13.1ns 
85675      INFO  main            d.u.i.k.p.r.p.TestFile    ... finished proof: closed. 
85903      INFO  main            d.u.i.k.p.i.AbstractProblemLoader Loading environment from /home/runner/work/key/key/key.core/../key.ui/examples/heap/block_loop_contracts/SimpleVariants/sum_onBlock_external.key.proof 
85903      DEBUG main            d.u.i.k.p.i.AbstractProblemLoader Environment load took 137.5ns 
85904      INFO  main            d.u.i.k.p.i.AbstractProblemLoader Creating init config 
88688      DEBUG main            d.u.i.k.p.i.AbstractProblemLoader Init config took 2.78s 
88725      INFO  main            d.u.i.k.p.i.AbstractProblemLoader Replaying proof LoopContractExamplesAll[LoopContractExamplesAll::sum_loopContract_onBlock([I)].JML normal_behavior operation contract.0 
88757      DEBUG main            d.u.i.k.p.i.IntermediateProofReplayer Proof replay took 29.91ms 
88758      DEBUG main            d.u.i.k.p.r.p.TestFile    ... success: reloaded. 
88759      INFO  main            d.u.i.k.p.r.p.TestFile    Now processing file /home/runner/work/key/key/key.core/../key.ui/examples/heap/block_loop_contracts/SimpleVariants/sum_onBlock_internal.key 
88759      INFO  main            d.u.i.k.p.i.AbstractProblemLoader Loading environment from /home/runner/work/key/key/key.core/../key.ui/examples/heap/block_loop_contracts/SimpleVariants/sum_onBlock_internal.key 
88759      DEBUG main            d.u.i.k.p.i.AbstractProblemLoader Environment load took 100.5ns 
88760      INFO  main            d.u.i.k.p.i.AbstractProblemLoader Creating init config 
91648      DEBUG main            d.u.i.k.p.i.AbstractProblemLoader Init config took 2.89s 
91683      INFO  main            d.u.i.k.p.i.AbstractProblemLoader Replaying proof LoopContractExamplesAll[LoopContractExamplesAll::sum_loopContract_onBlock([I)].JML normal_behavior operation contract.0 
91685      DEBUG main            d.u.i.k.p.i.IntermediateProofReplayer Proof replay took 16ns 
92289      INFO  main            d.u.i.k.p.r.p.TestFile    ... finished proof: closed. 
92553      INFO  main            d.u.i.k.p.i.AbstractProblemLoader Loading environment from /home/runner/work/key/key/key.core/../key.ui/examples/heap/block_loop_contracts/SimpleVariants/sum_onBlock_internal.key.proof 
92556      DEBUG main            d.u.i.k.p.i.AbstractProblemLoader Environment load took 3.8ms 
92558      INFO  main            d.u.i.k.p.i.AbstractProblemLoader Creating init config 
95346      DEBUG main            d.u.i.k.p.i.AbstractProblemLoader Init config took 2.79s 
95379      INFO  main            d.u.i.k.p.i.AbstractProblemLoader Replaying proof LoopContractExamplesAll[LoopContractExamplesAll::sum_loopContract_onBlock([I)].JML normal_behavior operation contract.0 
95623      DEBUG main            d.u.i.k.p.i.IntermediateProofReplayer Proof replay took 240.55ms 
95625      DEBUG main            d.u.i.k.p.r.p.TestFile    ... success: reloaded. 
95626      INFO  main            d.u.i.k.p.r.p.TestFile    Now processing file /home/runner/work/key/key/key.core/../key.ui/examples/heap/block_loop_contracts/SimpleVariants/sum_onBlock_loop.key 
95626      INFO  main            d.u.i.k.p.i.AbstractProblemLoader Loading environment from /home/runner/work/key/key/key.core/../key.ui/examples/heap/block_loop_contracts/SimpleVariants/sum_onBlock_loop.key 
95627      DEBUG main            d.u.i.k.p.i.AbstractProblemLoader Environment load took 245.8ns 
95628      INFO  main            d.u.i.k.p.i.AbstractProblemLoader Creating init config 
98497      DEBUG main            d.u.i.k.p.i.AbstractProblemLoader Init config took 2.87s 
98535      INFO  main            d.u.i.k.p.i.AbstractProblemLoader Replaying proof LoopContractExamplesAll[LoopContractExamplesAll::sum_loopContract_onBlock([I)].JML normal_behavior loop contract.0 
98536      DEBUG main            d.u.i.k.p.i.IntermediateProofReplayer Proof replay took 27ns 
99341      INFO  main            d.u.i.k.p.r.p.TestFile    ... finished proof: closed. 
99603      INFO  main            d.u.i.k.p.i.AbstractProblemLoader Loading environment from /home/runner/work/key/key/key.core/../key.ui/examples/heap/block_loop_contracts/SimpleVariants/sum_onBlock_loop.key.proof 
99603      DEBUG main            d.u.i.k.p.i.AbstractProblemLoader Environment load took 126.3ns 
99604      INFO  main            d.u.i.k.p.i.AbstractProblemLoader Creating init config 
102398     DEBUG main            d.u.i.k.p.i.AbstractProblemLoader Init config took 2.79s 
102433     INFO  main            d.u.i.k.p.i.AbstractProblemLoader Replaying proof LoopContractExamplesAll[LoopContractExamplesAll::sum_loopContract_onBlock([I)].JML normal_behavior loop contract.0 
102689     DEBUG main            d.u.i.k.p.i.IntermediateProofReplayer Proof replay took 252.36ms 
102690     DEBUG main            d.u.i.k.p.r.p.TestFile    ... success: reloaded. 
102692     INFO  main            d.u.i.k.p.r.p.TestFile    Now processing file /home/runner/work/key/key/key.core/../key.ui/examples/heap/block_loop_contracts/SimpleVariants/sum_onLoop_external.key 
102693     INFO  main            d.u.i.k.p.i.AbstractProblemLoader Loading environment from /home/runner/work/key/key/key.core/../key.ui/examples/heap/block_loop_contracts/SimpleVariants/sum_onLoop_external.key 
102693     DEBUG main            d.u.i.k.p.i.AbstractProblemLoader Environment load took 256.6ns 
102715     INFO  main            d.u.i.k.p.i.AbstractProblemLoader Creating init config 
105535     DEBUG main            d.u.i.k.p.i.AbstractProblemLoader Init config took 2.82s 
105591     INFO  main            d.u.i.k.p.i.AbstractProblemLoader Replaying proof LoopContractExamplesAll[LoopContractExamplesAll::sum_loopContract_onLoop([I)].JML normal_behavior operation contract.0 
105593     DEBUG main            d.u.i.k.p.i.IntermediateProofReplayer Proof replay took 14ns 
105695     INFO  main            d.u.i.k.p.r.p.TestFile    ... finished proof: closed. 
105963     INFO  main            d.u.i.k.p.i.AbstractProblemLoader Loading environment from /home/runner/work/key/key/key.core/../key.ui/examples/heap/block_loop_contracts/SimpleVariants/sum_onLoop_external.key.proof 
105963     DEBUG main            d.u.i.k.p.i.AbstractProblemLoader Environment load took 122.9ns 
105964     INFO  main            d.u.i.k.p.i.AbstractProblemLoader Creating init config 
108738     DEBUG main            d.u.i.k.p.i.AbstractProblemLoader Init config took 2.77s 
108774     INFO  main            d.u.i.k.p.i.AbstractProblemLoader Replaying proof LoopContractExamplesAll[LoopContractExamplesAll::sum_loopContract_onLoop([I)].JML normal_behavior operation contract.0 
108810     DEBUG main            d.u.i.k.p.i.IntermediateProofReplayer Proof replay took 33.78ms 
108811     DEBUG main            d.u.i.k.p.r.p.TestFile    ... success: reloaded. 
108812     INFO  main            d.u.i.k.p.r.p.TestFile    Now processing file /home/runner/work/key/key/key.core/../key.ui/examples/heap/block_loop_contracts/SimpleVariants/sum_onLoop_internal.key 
108812     INFO  main            d.u.i.k.p.i.AbstractProblemLoader Loading environment from /home/runner/work/key/key/key.core/../key.ui/examples/heap/block_loop_contracts/SimpleVariants/sum_onLoop_internal.key 
108812     DEBUG main            d.u.i.k.p.i.AbstractProblemLoader Environment load took 128.7ns 
108814     INFO  main            d.u.i.k.p.i.AbstractProblemLoader Creating init config 
111670     DEBUG main            d.u.i.k.p.i.AbstractProblemLoader Init config took 2.86s 
111703     INFO  main            d.u.i.k.p.i.AbstractProblemLoader Replaying proof LoopContractExamplesAll[LoopContractExamplesAll::sum_loopContract_onLoop([I)].JML normal_behavior operation contract.0 
111704     DEBUG main            d.u.i.k.p.i.IntermediateProofReplayer Proof replay took 13.2ns 
112308     INFO  main            d.u.i.k.p.r.p.TestFile    ... finished proof: closed. 
112653     INFO  main            d.u.i.k.p.i.AbstractProblemLoader Loading environment from /home/runner/work/key/key/key.core/../key.ui/examples/heap/block_loop_contracts/SimpleVariants/sum_onLoop_internal.key.proof 
112653     DEBUG main            d.u.i.k.p.i.AbstractProblemLoader Environment load took 128.2ns 
112655     INFO  main            d.u.i.k.p.i.AbstractProblemLoader Creating init config 
115404     DEBUG main            d.u.i.k.p.i.AbstractProblemLoader Init config took 2.75s 
115450     INFO  main            d.u.i.k.p.i.AbstractProblemLoader Replaying proof LoopContractExamplesAll[LoopContractExamplesAll::sum_loopContract_onLoop([I)].JML normal_behavior operation contract.0 
115688     DEBUG main            d.u.i.k.p.i.IntermediateProofReplayer Proof replay took 229.65ms 
115689     DEBUG main            d.u.i.k.p.r.p.TestFile    ... success: reloaded. 
115690     INFO  main            d.u.i.k.p.r.p.TestFile    Now processing file /home/runner/work/key/key/key.core/../key.ui/examples/heap/block_loop_contracts/SimpleVariants/sum_onLoop_loop.key 
115691     INFO  main            d.u.i.k.p.i.AbstractProblemLoader Loading environment from /home/runner/work/key/key/key.core/../key.ui/examples/heap/block_loop_contracts/SimpleVariants/sum_onLoop_loop.key 
115691     DEBUG main            d.u.i.k.p.i.AbstractProblemLoader Environment load took 242.3ns 
115692     INFO  main            d.u.i.k.p.i.AbstractProblemLoader Creating init config 
118545     DEBUG main            d.u.i.k.p.i.AbstractProblemLoader Init config took 2.85s 
118579     INFO  main            d.u.i.k.p.i.AbstractProblemLoader Replaying proof LoopContractExamplesAll[LoopContractExamplesAll::sum_loopContract_onLoop([I)].JML normal_behavior loop contract.0 
118581     DEBUG main            d.u.i.k.p.i.IntermediateProofReplayer Proof replay took 14.3ns 
119285     INFO  main            d.u.i.k.p.r.p.TestFile    ... finished proof: closed. 
119584     INFO  main            d.u.i.k.p.i.AbstractProblemLoader Loading environment from /home/runner/work/key/key/key.core/../key.ui/examples/heap/block_loop_contracts/SimpleVariants/sum_onLoop_loop.key.proof 
119584     DEBUG main            d.u.i.k.p.i.AbstractProblemLoader Environment load took 163.1ns 
119585     INFO  main            d.u.i.k.p.i.AbstractProblemLoader Creating init config 
122326     DEBUG main            d.u.i.k.p.i.AbstractProblemLoader Init config took 2.74s 
122361     INFO  main            d.u.i.k.p.i.AbstractProblemLoader Replaying proof LoopContractExamplesAll[LoopContractExamplesAll::sum_loopContract_onLoop([I)].JML normal_behavior loop contract.0 
122588     DEBUG main            d.u.i.k.p.i.IntermediateProofReplayer Proof replay took 223.16ms 
122589     DEBUG main            d.u.i.k.p.r.p.TestFile    ... success: reloaded. 
122589     INFO  main            d.u.i.k.p.r.p.TestFile    Now processing file /home/runner/work/key/key/key.core/../key.ui/examples/heap/block_loop_contracts/Free/blockContracts0.key 
122590     INFO  main            d.u.i.k.p.i.AbstractProblemLoader Loading environment from /home/runner/work/key/key/key.core/../key.ui/examples/heap/block_loop_contracts/Free/blockContracts0.key 
122590     DEBUG main            d.u.i.k.p.i.AbstractProblemLoader Environment load took 106.3ns 
122591     INFO  main            d.u.i.k.p.i.AbstractProblemLoader Creating init config 
125090     DEBUG main            d.u.i.k.p.i.AbstractProblemLoader Init config took 2.5s 
125123     INFO  main            d.u.i.k.p.i.AbstractProblemLoader Replaying proof FreeConditions[FreeConditions::blockContract0()].JML normal_behavior operation contract.0 
125125     DEBUG main            d.u.i.k.p.i.IntermediateProofReplayer Proof replay took 13.8ns 
125228     INFO  main            d.u.i.k.p.r.p.TestFile    ... finished proof: closed. 
125542     INFO  main            d.u.i.k.p.i.AbstractProblemLoader Loading environment from /home/runner/work/key/key/key.core/../key.ui/examples/heap/block_loop_contracts/Free/blockContracts0.key.proof 
125542     DEBUG main            d.u.i.k.p.i.AbstractProblemLoader Environment load took 515.61ns 
125544     INFO  main            d.u.i.k.p.i.AbstractProblemLoader Creating init config 
127945     DEBUG main            d.u.i.k.p.i.AbstractProblemLoader Init config took 2.4s 
127977     INFO  main            d.u.i.k.p.i.AbstractProblemLoader Replaying proof FreeConditions[FreeConditions::blockContract0()].JML normal_behavior operation contract.0 
127998     DEBUG main            d.u.i.k.p.i.IntermediateProofReplayer Proof replay took 18.77ms 
127998     DEBUG main            d.u.i.k.p.r.p.TestFile    ... success: reloaded. 
127999     INFO  main            d.u.i.k.p.r.p.TestFile    Now processing file /home/runner/work/key/key/key.core/../key.ui/examples/heap/block_loop_contracts/Free/blockContracts1.key 
127999     INFO  main            d.u.i.k.p.i.AbstractProblemLoader Loading environment from /home/runner/work/key/key/key.core/../key.ui/examples/heap/block_loop_contracts/Free/blockContracts1.key 
128000     DEBUG main            d.u.i.k.p.i.AbstractProblemLoader Environment load took 102.3ns 
128000     INFO  main            d.u.i.k.p.i.AbstractProblemLoader Creating init config 
130450     DEBUG main            d.u.i.k.p.i.AbstractProblemLoader Init config took 2.45s 
130499     INFO  main            d.u.i.k.p.i.AbstractProblemLoader Replaying proof FreeConditions[FreeConditions::blockContract1()].JML normal_behavior operation contract.0 
130501     DEBUG main            d.u.i.k.p.i.IntermediateProofReplayer Proof replay took 13.7ns 
130603     INFO  main            d.u.i.k.p.r.p.TestFile    ... finished proof: closed. 
130869     INFO  main            d.u.i.k.p.i.AbstractProblemLoader Loading environment from /home/runner/work/key/key/key.core/../key.ui/examples/heap/block_loop_contracts/Free/blockContracts1.key.proof 
130869     DEBUG main            d.u.i.k.p.i.AbstractProblemLoader Environment load took 114.2ns 
130871     INFO  main            d.u.i.k.p.i.AbstractProblemLoader Creating init config 
133274     DEBUG main            d.u.i.k.p.i.AbstractProblemLoader Init config took 2.4s 
133306     INFO  main            d.u.i.k.p.i.AbstractProblemLoader Replaying proof FreeConditions[FreeConditions::blockContract1()].JML normal_behavior operation contract.0 
133323     DEBUG main            d.u.i.k.p.i.IntermediateProofReplayer Proof replay took 15.55ms 
133324     DEBUG main            d.u.i.k.p.r.p.TestFile    ... success: reloaded. 
133325     INFO  main            d.u.i.k.p.r.p.TestFile    Now processing file /home/runner/work/key/key/key.core/../key.ui/examples/heap/block_loop_contracts/Finally/block_finally.key 
133325     INFO  main            d.u.i.k.p.i.AbstractProblemLoader Loading environment from /home/runner/work/key/key/key.core/../key.ui/examples/heap/block_loop_contracts/Finally/block_finally.key 
133325     DEBUG main            d.u.i.k.p.i.AbstractProblemLoader Environment load took 103.6ns 
133326     INFO  main            d.u.i.k.p.i.AbstractProblemLoader Creating init config 
135813     DEBUG main            d.u.i.k.p.i.AbstractProblemLoader Init config took 2.49s 
135846     INFO  main            d.u.i.k.p.i.AbstractProblemLoader Replaying proof AuxiliaryContractsFinally[AuxiliaryContractsFinally::breakThrowContinueBlockContract(java.lang.Exception)].JML block contract.0 
135848     DEBUG main            d.u.i.k.p.i.IntermediateProofReplayer Proof replay took 13ns 
136352     INFO  main            d.u.i.k.p.r.p.TestFile    ... finished proof: open goal(s) 
136632     INFO  main            d.u.i.k.p.r.p.TestFile    Now processing file /home/runner/work/key/key/key.core/../key.ui/examples/heap/block_loop_contracts/Finally/loop_finally.key 
136633     INFO  main            d.u.i.k.p.i.AbstractProblemLoader Loading environment from /home/runner/work/key/key/key.core/../key.ui/examples/heap/block_loop_contracts/Finally/loop_finally.key 
136633     DEBUG main            d.u.i.k.p.i.AbstractProblemLoader Environment load took 64.9ns 
136634     INFO  main            d.u.i.k.p.i.AbstractProblemLoader Creating init config 
139051     DEBUG main            d.u.i.k.p.i.AbstractProblemLoader Init config took 2.42s 
139086     INFO  main            d.u.i.k.p.i.AbstractProblemLoader Replaying proof AuxiliaryContractsFinally[AuxiliaryContractsFinally::breakThrowContinueLoopContract(java.lang.Exception)].JML normal_behavior loop contract.0 
139088     DEBUG main            d.u.i.k.p.i.IntermediateProofReplayer Proof replay took 12.6ns 
139711     INFO  main            d.u.i.k.p.r.p.TestFile    ... finished proof: open goal(s) 
639410     INFO  Test worker     d.u.i.k.p.r.RunAllProofsTestUnit Returning from test blockContracts 
639412     INFO  Test worker     d.u.i.k.p.r.RunAllProofsTestUnit Running test jmlAsserts 
322        INFO  Timeout watchdog d.u.i.k.p.r.p.ForkedTestFileRunner Timeout watcher launched (2000 secs.) 
336        WARN  main            d.u.i.k.s.ProofSettings   The settings in /home/runner/.key/proof-settings.props are *not* read. 
376        INFO  main            d.u.i.k.p.r.p.TestFile    Now processing file /home/runner/work/key/key/key.core/../key.ui/examples/standard_key/java_dl/jml-assert/assert.key 
510        INFO  main            d.u.i.k.p.i.AbstractProblemLoader Loading environment from /home/runner/work/key/key/key.core/../key.ui/examples/standard_key/java_dl/jml-assert/assert.key 
539        DEBUG main            d.u.i.k.p.i.AbstractProblemLoader Environment load took 2.37ms 
813        INFO  main            d.u.i.k.p.i.AbstractProblemLoader Creating init config 
1752       DEBUG main            d.u.i.k.j.TypeConverter   No LDT found for Meta 
1753       DEBUG main            d.u.i.k.j.TypeConverter   No LDT found for Meta 
1756       DEBUG main            d.u.i.k.j.TypeConverter   No LDT found for Meta 
1756       DEBUG main            d.u.i.k.j.TypeConverter   No LDT found for Meta 
3317       DEBUG main            d.u.i.k.j.TypeConverter   No LDT found for JavaBigintExpression 
8660       DEBUG main            d.u.i.k.p.i.AbstractProblemLoader Init config took 7.85s 
8826       INFO  main            d.u.i.k.p.i.AbstractProblemLoader Replaying proof Assert[Assert::createArray(int)].JML normal_behavior operation contract.0 
8859       DEBUG main            d.u.i.k.p.i.IntermediateProofReplayer Proof replay took 38.5ns 
9681       INFO  main            d.u.i.k.p.r.p.TestFile    ... finished proof: closed. 
9797       INFO  main            d.u.i.k.p.i.AbstractProblemLoader Loading environment from /home/runner/work/key/key/key.core/../key.ui/examples/standard_key/java_dl/jml-assert/assert.key.proof 
9798       DEBUG main            d.u.i.k.p.i.AbstractProblemLoader Environment load took 1.02ms 
9802       INFO  main            d.u.i.k.p.i.AbstractProblemLoader Creating init config 
12858      DEBUG main            d.u.i.k.p.i.AbstractProblemLoader Init config took 3.06s 
12933      INFO  main            d.u.i.k.p.i.AbstractProblemLoader Replaying proof Assert[Assert::createArray(int)].JML normal_behavior operation contract.0 
13071      DEBUG main            d.u.i.k.p.i.IntermediateProofReplayer Proof replay took 131.84ms 
13079      DEBUG main            d.u.i.k.p.r.p.TestFile    ... success: reloaded. 
13082      INFO  main            d.u.i.k.p.r.p.TestFile    Now processing file /home/runner/work/key/key/key.core/../key.ui/examples/heap/block_loop_contracts/Free/assertions0.key 
13082      INFO  main            d.u.i.k.p.i.AbstractProblemLoader Loading environment from /home/runner/work/key/key/key.core/../key.ui/examples/heap/block_loop_contracts/Free/assertions0.key 
13082      DEBUG main            d.u.i.k.p.i.AbstractProblemLoader Environment load took 136.5ns 
13086      INFO  main            d.u.i.k.p.i.AbstractProblemLoader Creating init config 
15846      DEBUG main            d.u.i.k.p.i.AbstractProblemLoader Init config took 2.76s 
15903      INFO  main            d.u.i.k.p.i.AbstractProblemLoader Replaying proof FreeConditions[FreeConditions::assertions0()].JML normal_behavior operation contract.0 
15907      DEBUG main            d.u.i.k.p.i.IntermediateProofReplayer Proof replay took 14.2ns 
16009      INFO  main            d.u.i.k.p.r.p.TestFile    ... finished proof: closed. 
16137      INFO  main            d.u.i.k.p.i.AbstractProblemLoader Loading environment from /home/runner/work/key/key/key.core/../key.ui/examples/heap/block_loop_contracts/Free/assertions0.key.proof 
16138      DEBUG main            d.u.i.k.p.i.AbstractProblemLoader Environment load took 533.91ns 
16140      INFO  main            d.u.i.k.p.i.AbstractProblemLoader Creating init config 
18745      DEBUG main            d.u.i.k.p.i.AbstractProblemLoader Init config took 2.6s 
18795      INFO  main            d.u.i.k.p.i.AbstractProblemLoader Replaying proof FreeConditions[FreeConditions::assertions0()].JML normal_behavior operation contract.0 
18821      DEBUG main            d.u.i.k.p.i.IntermediateProofReplayer Proof replay took 23.18ms 
18822      DEBUG main            d.u.i.k.p.r.p.TestFile    ... success: reloaded. 
18824      INFO  main            d.u.i.k.p.r.p.TestFile    Now processing file /home/runner/work/key/key/key.core/../key.ui/examples/heap/block_loop_contracts/Free/assertions1.key 
18824      INFO  main            d.u.i.k.p.i.AbstractProblemLoader Loading environment from /home/runner/work/key/key/key.core/../key.ui/examples/heap/block_loop_contracts/Free/assertions1.key 
18824      DEBUG main            d.u.i.k.p.i.AbstractProblemLoader Environment load took 324.7ns 
18826      INFO  main            d.u.i.k.p.i.AbstractProblemLoader Creating init config 
21442      DEBUG main            d.u.i.k.p.i.AbstractProblemLoader Init config took 2.62s 
21502      INFO  main            d.u.i.k.p.i.AbstractProblemLoader Replaying proof FreeConditions[FreeConditions::assertions1()].JML normal_behavior operation contract.0 
21505      DEBUG main            d.u.i.k.p.i.IntermediateProofReplayer Proof replay took 14.3ns 
21607      INFO  main            d.u.i.k.p.r.p.TestFile    ... finished proof: closed. 
21787      INFO  main            d.u.i.k.p.i.AbstractProblemLoader Loading environment from /home/runner/work/key/key/key.core/../key.ui/examples/heap/block_loop_contracts/Free/assertions1.key.proof 
21788      DEBUG main            d.u.i.k.p.i.AbstractProblemLoader Environment load took 140.7ns 
21789      INFO  main            d.u.i.k.p.i.AbstractProblemLoader Creating init config 
24319      DEBUG main            d.u.i.k.p.i.AbstractProblemLoader Init config took 2.53s 
24363      INFO  main            d.u.i.k.p.i.AbstractProblemLoader Replaying proof FreeConditions[FreeConditions::assertions1()].JML normal_behavior operation contract.0 
24370      DEBUG main            d.u.i.k.p.i.IntermediateProofReplayer Proof replay took 5.4ms 
24372      DEBUG main            d.u.i.k.p.r.p.TestFile    ... success: reloaded. 
24373      INFO  main            d.u.i.k.p.r.p.TestFile    Now processing file /home/runner/work/key/key/key.core/../key.ui/examples/standard_key/java_dl/jml-assert/recursion-assert.key 
24373      INFO  main            d.u.i.k.p.i.AbstractProblemLoader Loading environment from /home/runner/work/key/key/key.core/../key.ui/examples/standard_key/java_dl/jml-assert/recursion-assert.key 
24374      DEBUG main            d.u.i.k.p.i.AbstractProblemLoader Environment load took 246.1ns 
24375      INFO  main            d.u.i.k.p.i.AbstractProblemLoader Creating init config 
27029      DEBUG main            d.u.i.k.p.i.AbstractProblemLoader Init config took 2.65s 
27076      INFO  main            d.u.i.k.p.i.AbstractProblemLoader Replaying proof RecursiveMethod[RecursiveMethod::fac1(int)].JML normal_behavior operation contract.0 
27078      DEBUG main            d.u.i.k.p.i.IntermediateProofReplayer Proof replay took 6.2ns 
27284      INFO  main            d.u.i.k.p.r.p.TestFile    ... finished proof: closed. 
27482      INFO  main            d.u.i.k.p.i.AbstractProblemLoader Loading environment from /home/runner/work/key/key/key.core/../key.ui/examples/standard_key/java_dl/jml-assert/recursion-assert.key.proof 
27483      DEBUG main            d.u.i.k.p.i.AbstractProblemLoader Environment load took 718.81ns 
27484      INFO  main            d.u.i.k.p.i.AbstractProblemLoader Creating init config 
30133      DEBUG main            d.u.i.k.p.i.AbstractProblemLoader Init config took 2.65s 
30188      INFO  main            d.u.i.k.p.i.AbstractProblemLoader Replaying proof RecursiveMethod[RecursiveMethod::fac1(int)].JML normal_behavior operation contract.0 
30234      DEBUG main            d.u.i.k.p.i.IntermediateProofReplayer Proof replay took 42.8ms 
30235      DEBUG main            d.u.i.k.p.r.p.TestFile    ... success: reloaded. 
30236      INFO  main            d.u.i.k.p.r.p.TestFile    Now processing file /home/runner/work/key/key/key.core/../key.ui/examples/standard_key/java_dl/jml-assert/recursion-assume.key 
30237      INFO  main            d.u.i.k.p.i.AbstractProblemLoader Loading environment from /home/runner/work/key/key/key.core/../key.ui/examples/standard_key/java_dl/jml-assert/recursion-assume.key 
30237      DEBUG main            d.u.i.k.p.i.AbstractProblemLoader Environment load took 246.8ns 
30238      INFO  main            d.u.i.k.p.i.AbstractProblemLoader Creating init config 
32948      DEBUG main            d.u.i.k.p.i.AbstractProblemLoader Init config took 2.71s 
33022      INFO  main            d.u.i.k.p.i.AbstractProblemLoader Replaying proof RecursiveMethod[RecursiveMethod::fac2(int)].JML normal_behavior operation contract.0 
33024      DEBUG main            d.u.i.k.p.i.IntermediateProofReplayer Proof replay took 7.1ns 
33227      INFO  main            d.u.i.k.p.r.p.TestFile    ... finished proof: closed. 
33401      INFO  main            d.u.i.k.p.i.AbstractProblemLoader Loading environment from /home/runner/work/key/key/key.core/../key.ui/examples/standard_key/java_dl/jml-assert/recursion-assume.key.proof 
33401      DEBUG main            d.u.i.k.p.i.AbstractProblemLoader Environment load took 519.41ns 
33403      INFO  main            d.u.i.k.p.i.AbstractProblemLoader Creating init config 
36004      DEBUG main            d.u.i.k.p.i.AbstractProblemLoader Init config took 2.6s 
36049      INFO  main            d.u.i.k.p.i.AbstractProblemLoader Replaying proof RecursiveMethod[RecursiveMethod::fac2(int)].JML normal_behavior operation contract.0 
36091      DEBUG main            d.u.i.k.p.i.IntermediateProofReplayer Proof replay took 39.96ms 
36093      DEBUG main            d.u.i.k.p.r.p.TestFile    ... success: reloaded. 
36094      INFO  main            d.u.i.k.p.r.p.TestFile    Now processing file /home/runner/work/key/key/key.core/../key.ui/examples/standard_key/java_dl/jml-assert/quantor-assert.key 
36094      INFO  main            d.u.i.k.p.i.AbstractProblemLoader Loading environment from /home/runner/work/key/key/key.core/../key.ui/examples/standard_key/java_dl/jml-assert/quantor-assert.key 
36095      DEBUG main            d.u.i.k.p.i.AbstractProblemLoader Environment load took 241.8ns 
36096      INFO  main            d.u.i.k.p.i.AbstractProblemLoader Creating init config 
38719      DEBUG main            d.u.i.k.p.i.AbstractProblemLoader Init config took 2.62s 
38759      INFO  main            d.u.i.k.p.i.AbstractProblemLoader Replaying proof Quantor[Quantor::square1(int)].JML normal_behavior operation contract.0 
38761      DEBUG main            d.u.i.k.p.i.IntermediateProofReplayer Proof replay took 6.3ns 
38863      INFO  main            d.u.i.k.p.r.p.TestFile    ... finished proof: closed. 
39050      INFO  main            d.u.i.k.p.i.AbstractProblemLoader Loading environment from /home/runner/work/key/key/key.core/../key.ui/examples/standard_key/java_dl/jml-assert/quantor-assert.key.proof 
39051      DEBUG main            d.u.i.k.p.i.AbstractProblemLoader Environment load took 658.91ns 
39052      INFO  main            d.u.i.k.p.i.AbstractProblemLoader Creating init config 
41618      DEBUG main            d.u.i.k.p.i.AbstractProblemLoader Init config took 2.57s 
41658      INFO  main            d.u.i.k.p.i.AbstractProblemLoader Replaying proof Quantor[Quantor::square1(int)].JML normal_behavior operation contract.0 
41677      DEBUG main            d.u.i.k.p.i.IntermediateProofReplayer Proof replay took 17.38ms 
41678      DEBUG main            d.u.i.k.p.r.p.TestFile    ... success: reloaded. 
41679      INFO  main            d.u.i.k.p.r.p.TestFile    Now processing file /home/runner/work/key/key/key.core/../key.ui/examples/standard_key/java_dl/jml-assert/quantor-assume.key 
41680      INFO  main            d.u.i.k.p.i.AbstractProblemLoader Loading environment from /home/runner/work/key/key/key.core/../key.ui/examples/standard_key/java_dl/jml-assert/quantor-assume.key 
41680      DEBUG main            d.u.i.k.p.i.AbstractProblemLoader Environment load took 133.2ns 
41681      INFO  main            d.u.i.k.p.i.AbstractProblemLoader Creating init config 
44351      DEBUG main            d.u.i.k.p.i.AbstractProblemLoader Init config took 2.67s 
44391      INFO  main            d.u.i.k.p.i.AbstractProblemLoader Replaying proof Quantor[Quantor::square2(int)].JML normal_behavior operation contract.0 
44393      DEBUG main            d.u.i.k.p.i.IntermediateProofReplayer Proof replay took 7.4ns 
44495      INFO  main            d.u.i.k.p.r.p.TestFile    ... finished proof: closed. 
44684      INFO  main            d.u.i.k.p.i.AbstractProblemLoader Loading environment from /home/runner/work/key/key/key.core/../key.ui/examples/standard_key/java_dl/jml-assert/quantor-assume.key.proof 
44684      DEBUG main            d.u.i.k.p.i.AbstractProblemLoader Environment load took 123.3ns 
44685      INFO  main            d.u.i.k.p.i.AbstractProblemLoader Creating init config 
47248      DEBUG main            d.u.i.k.p.i.AbstractProblemLoader Init config took 2.56s 
47287      INFO  main            d.u.i.k.p.i.AbstractProblemLoader Replaying proof Quantor[Quantor::square2(int)].JML normal_behavior operation contract.0 
47305      DEBUG main            d.u.i.k.p.i.IntermediateProofReplayer Proof replay took 15.38ms 
47306      DEBUG main            d.u.i.k.p.r.p.TestFile    ... success: reloaded. 
47307      INFO  main            d.u.i.k.p.r.p.TestFile    Now processing file /home/runner/work/key/key/key.core/../key.ui/examples/standard_key/java_dl/jml-assert/model-methods-static-static.key 
47308      INFO  main            d.u.i.k.p.i.AbstractProblemLoader Loading environment from /home/runner/work/key/key/key.core/../key.ui/examples/standard_key/java_dl/jml-assert/model-methods-static-static.key 
47308      DEBUG main            d.u.i.k.p.i.AbstractProblemLoader Environment load took 245.2ns 
47309      INFO  main            d.u.i.k.p.i.AbstractProblemLoader Creating init config 
49865      DEBUG main            d.u.i.k.p.i.AbstractProblemLoader Init config took 2.56s 
49909      INFO  main            d.u.i.k.p.i.AbstractProblemLoader Replaying proof ModelMethods[ModelMethods::test1()].JML normal_behavior operation contract.0 
49911      DEBUG main            d.u.i.k.p.i.IntermediateProofReplayer Proof replay took 7.6ns 
50014      INFO  main            d.u.i.k.p.r.p.TestFile    ... finished proof: closed. 
50247      INFO  main            d.u.i.k.p.i.AbstractProblemLoader Loading environment from /home/runner/work/key/key/key.core/../key.ui/examples/standard_key/java_dl/jml-assert/model-methods-static-static.key.proof 
50247      DEBUG main            d.u.i.k.p.i.AbstractProblemLoader Environment load took 147.6ns 
50248      INFO  main            d.u.i.k.p.i.AbstractProblemLoader Creating init config 
52781      DEBUG main            d.u.i.k.p.i.AbstractProblemLoader Init config took 2.53s 
52819      INFO  main            d.u.i.k.p.i.AbstractProblemLoader Replaying proof ModelMethods[ModelMethods::test1()].JML normal_behavior operation contract.0 
52827      DEBUG main            d.u.i.k.p.i.IntermediateProofReplayer Proof replay took 6.52ms 
52828      DEBUG main            d.u.i.k.p.r.p.TestFile    ... success: reloaded. 
52829      INFO  main            d.u.i.k.p.r.p.TestFile    Now processing file /home/runner/work/key/key/key.core/../key.ui/examples/standard_key/java_dl/jml-assert/model-methods-instance-static.key 
52832      INFO  main            d.u.i.k.p.i.AbstractProblemLoader Loading environment from /home/runner/work/key/key/key.core/../key.ui/examples/standard_key/java_dl/jml-assert/model-methods-instance-static.key 
52833      DEBUG main            d.u.i.k.p.i.AbstractProblemLoader Environment load took 1.38ms 
52834      INFO  main            d.u.i.k.p.i.AbstractProblemLoader Creating init config 
55477      DEBUG main            d.u.i.k.p.i.AbstractProblemLoader Init config took 2.64s 
55514      INFO  main            d.u.i.k.p.i.AbstractProblemLoader Replaying proof ModelMethods[ModelMethods::test2()].JML normal_behavior operation contract.0 
55516      DEBUG main            d.u.i.k.p.i.IntermediateProofReplayer Proof replay took 7.1ns 
55618      INFO  main            d.u.i.k.p.r.p.TestFile    ... finished proof: closed. 
55815      INFO  main            d.u.i.k.p.i.AbstractProblemLoader Loading environment from /home/runner/work/key/key/key.core/../key.ui/examples/standard_key/java_dl/jml-assert/model-methods-instance-static.key.proof 
55815      DEBUG main            d.u.i.k.p.i.AbstractProblemLoader Environment load took 132.8ns 
55816      INFO  main            d.u.i.k.p.i.AbstractProblemLoader Creating init config 
58363      DEBUG main            d.u.i.k.p.i.AbstractProblemLoader Init config took 2.55s 
58399      INFO  main            d.u.i.k.p.i.AbstractProblemLoader Replaying proof ModelMethods[ModelMethods::test2()].JML normal_behavior operation contract.0 
58412      DEBUG main            d.u.i.k.p.i.IntermediateProofReplayer Proof replay took 11.42ms 
58414      DEBUG main            d.u.i.k.p.r.p.TestFile    ... success: reloaded. 
58415      INFO  main            d.u.i.k.p.r.p.TestFile    Now processing file /home/runner/work/key/key/key.core/../key.ui/examples/standard_key/java_dl/jml-assert/model-methods-instance-instance.key 
58416      INFO  main            d.u.i.k.p.i.AbstractProblemLoader Loading environment from /home/runner/work/key/key/key.core/../key.ui/examples/standard_key/java_dl/jml-assert/model-methods-instance-instance.key 
58416      DEBUG main            d.u.i.k.p.i.AbstractProblemLoader Environment load took 101.1ns 
58417      INFO  main            d.u.i.k.p.i.AbstractProblemLoader Creating init config 
61026      DEBUG main            d.u.i.k.p.i.AbstractProblemLoader Init config took 2.61s 
61063      INFO  main            d.u.i.k.p.i.AbstractProblemLoader Replaying proof ModelMethods[ModelMethods::test3()].JML normal_behavior operation contract.0 
61065      DEBUG main            d.u.i.k.p.i.IntermediateProofReplayer Proof replay took 8.2ns 
61168      INFO  main            d.u.i.k.p.r.p.TestFile    ... finished proof: closed. 
61375      INFO  main            d.u.i.k.p.i.AbstractProblemLoader Loading environment from /home/runner/work/key/key/key.core/../key.ui/examples/standard_key/java_dl/jml-assert/model-methods-instance-instance.key.proof 
61375      DEBUG main            d.u.i.k.p.i.AbstractProblemLoader Environment load took 137.3ns 
61376      INFO  main            d.u.i.k.p.i.AbstractProblemLoader Creating init config 
63882      DEBUG main            d.u.i.k.p.i.AbstractProblemLoader Init config took 2.51s 
63918      INFO  main            d.u.i.k.p.i.AbstractProblemLoader Replaying proof ModelMethods[ModelMethods::test3()].JML normal_behavior operation contract.0 
63931      DEBUG main            d.u.i.k.p.i.IntermediateProofReplayer Proof replay took 11.25ms 
63932      DEBUG main            d.u.i.k.p.r.p.TestFile    ... success: reloaded. 
63933      INFO  main            d.u.i.k.p.r.p.TestFile    Now processing file /home/runner/work/key/key/key.core/../key.ui/examples/standard_key/java_dl/jml-assert/model-methods-static-instance.key 
63934      INFO  main            d.u.i.k.p.i.AbstractProblemLoader Loading environment from /home/runner/work/key/key/key.core/../key.ui/examples/standard_key/java_dl/jml-assert/model-methods-static-instance.key 
63934      DEBUG main            d.u.i.k.p.i.AbstractProblemLoader Environment load took 274.6ns 
63935      INFO  main            d.u.i.k.p.i.AbstractProblemLoader Creating init config 
66571      DEBUG main            d.u.i.k.p.i.AbstractProblemLoader Init config took 2.64s 
66611      INFO  main            d.u.i.k.p.i.AbstractProblemLoader Replaying proof ModelMethods[ModelMethods::test4()].JML normal_behavior operation contract.0 
66612      DEBUG main            d.u.i.k.p.i.IntermediateProofReplayer Proof replay took 7.6ns 
66816      INFO  main            d.u.i.k.p.r.p.TestFile    ... finished proof: closed. 
67022      INFO  main            d.u.i.k.p.i.AbstractProblemLoader Loading environment from /home/runner/work/key/key/key.core/../key.ui/examples/standard_key/java_dl/jml-assert/model-methods-static-instance.key.proof 
67022      DEBUG main            d.u.i.k.p.i.AbstractProblemLoader Environment load took 134.5ns 
67023      INFO  main            d.u.i.k.p.i.AbstractProblemLoader Creating init config 
69570      DEBUG main            d.u.i.k.p.i.AbstractProblemLoader Init config took 2.55s 
69615      INFO  main            d.u.i.k.p.i.AbstractProblemLoader Replaying proof ModelMethods[ModelMethods::test4()].JML normal_behavior operation contract.0 
69654      DEBUG main            d.u.i.k.p.i.IntermediateProofReplayer Proof replay took 36.28ms 
69656      DEBUG main            d.u.i.k.p.r.p.TestFile    ... success: reloaded. 
69657      INFO  main            d.u.i.k.p.r.p.TestFile    Now processing file /home/runner/work/key/key/key.core/../key.ui/examples/standard_key/java_dl/jml-assert/assert-old/inc-field.key 
69658      INFO  main            d.u.i.k.p.i.AbstractProblemLoader Loading environment from /home/runner/work/key/key/key.core/../key.ui/examples/standard_key/java_dl/jml-assert/assert-old/inc-field.key 
69658      DEBUG main            d.u.i.k.p.i.AbstractProblemLoader Environment load took 233.5ns 
69659      INFO  main            d.u.i.k.p.i.AbstractProblemLoader Creating init config 
72152      DEBUG main            d.u.i.k.p.i.AbstractProblemLoader Init config took 2.49s 
72187      INFO  main            d.u.i.k.p.i.AbstractProblemLoader Replaying proof Inc[Inc::inc_field()].JML normal_behavior operation contract.0 
72188      DEBUG main            d.u.i.k.p.i.IntermediateProofReplayer Proof replay took 6.6ns 
72291      INFO  main            d.u.i.k.p.r.p.TestFile    ... finished proof: closed. 
72499      INFO  main            d.u.i.k.p.i.AbstractProblemLoader Loading environment from /home/runner/work/key/key/key.core/../key.ui/examples/standard_key/java_dl/jml-assert/assert-old/inc-field.key.proof 
72499      DEBUG main            d.u.i.k.p.i.AbstractProblemLoader Environment load took 122.9ns 
72500      INFO  main            d.u.i.k.p.i.AbstractProblemLoader Creating init config 
74959      DEBUG main            d.u.i.k.p.i.AbstractProblemLoader Init config took 2.46s 
74999      INFO  main            d.u.i.k.p.i.AbstractProblemLoader Replaying proof Inc[Inc::inc_field()].JML normal_behavior operation contract.0 
75044      DEBUG main            d.u.i.k.p.i.IntermediateProofReplayer Proof replay took 42.95ms 
75045      DEBUG main            d.u.i.k.p.r.p.TestFile    ... success: reloaded. 
75046      INFO  main            d.u.i.k.p.r.p.TestFile    Now processing file /home/runner/work/key/key/key.core/../key.ui/examples/standard_key/java_dl/jml-assert/assert-old/inc-parameter.key 
75047      INFO  main            d.u.i.k.p.i.AbstractProblemLoader Loading environment from /home/runner/work/key/key/key.core/../key.ui/examples/standard_key/java_dl/jml-assert/assert-old/inc-parameter.key 
75047      DEBUG main            d.u.i.k.p.i.AbstractProblemLoader Environment load took 253.7ns 
75048      INFO  main            d.u.i.k.p.i.AbstractProblemLoader Creating init config 
77507      DEBUG main            d.u.i.k.p.i.AbstractProblemLoader Init config took 2.46s 
77542      INFO  main            d.u.i.k.p.i.AbstractProblemLoader Replaying proof Inc[Inc::inc_parameter(int)].JML normal_behavior operation contract.0 
77543      DEBUG main            d.u.i.k.p.i.IntermediateProofReplayer Proof replay took 6.6ns 
77645      INFO  main            d.u.i.k.p.r.p.TestFile    ... finished proof: closed. 
77869      INFO  main            d.u.i.k.p.i.AbstractProblemLoader Loading environment from /home/runner/work/key/key/key.core/../key.ui/examples/standard_key/java_dl/jml-assert/assert-old/inc-parameter.key.proof 
77870      DEBUG main            d.u.i.k.p.i.AbstractProblemLoader Environment load took 127.1ns 
77871      INFO  main            d.u.i.k.p.i.AbstractProblemLoader Creating init config 
80291      DEBUG main            d.u.i.k.p.i.AbstractProblemLoader Init config took 2.42s 
80325      INFO  main            d.u.i.k.p.i.AbstractProblemLoader Replaying proof Inc[Inc::inc_parameter(int)].JML normal_behavior operation contract.0 
80342      DEBUG main            d.u.i.k.p.i.IntermediateProofReplayer Proof replay took 14.43ms 
80343      DEBUG main            d.u.i.k.p.r.p.TestFile    ... success: reloaded. 
80344      INFO  main            d.u.i.k.p.r.p.TestFile    Now processing file /home/runner/work/key/key/key.core/../key.ui/examples/standard_key/java_dl/jml-assert/assert-old/inc-parameter-field.key 
80345      INFO  main            d.u.i.k.p.i.AbstractProblemLoader Loading environment from /home/runner/work/key/key/key.core/../key.ui/examples/standard_key/java_dl/jml-assert/assert-old/inc-parameter-field.key 
80345      DEBUG main            d.u.i.k.p.i.AbstractProblemLoader Environment load took 250.7ns 
80346      INFO  main            d.u.i.k.p.i.AbstractProblemLoader Creating init config 
82844      DEBUG main            d.u.i.k.p.i.AbstractProblemLoader Init config took 2.5s 
82878      INFO  main            d.u.i.k.p.i.AbstractProblemLoader Replaying proof Inc[Inc::inc_parameter_field(Inc)].JML normal_behavior operation contract.0 
82879      DEBUG main            d.u.i.k.p.i.IntermediateProofReplayer Proof replay took 6.8ns 
83084      INFO  main            d.u.i.k.p.r.p.TestFile    ... finished proof: closed. 
83312      INFO  main            d.u.i.k.p.i.AbstractProblemLoader Loading environment from /home/runner/work/key/key/key.core/../key.ui/examples/standard_key/java_dl/jml-assert/assert-old/inc-parameter-field.key.proof 
83312      DEBUG main            d.u.i.k.p.i.AbstractProblemLoader Environment load took 120.7ns 
83313      INFO  main            d.u.i.k.p.i.AbstractProblemLoader Creating init config 
85725      DEBUG main            d.u.i.k.p.i.AbstractProblemLoader Init config took 2.41s 
85772      INFO  main            d.u.i.k.p.i.AbstractProblemLoader Replaying proof Inc[Inc::inc_parameter_field(Inc)].JML normal_behavior operation contract.0 
85809      DEBUG main            d.u.i.k.p.i.IntermediateProofReplayer Proof replay took 34.16ms 
85810      DEBUG main            d.u.i.k.p.r.p.TestFile    ... success: reloaded. 
85811      INFO  main            d.u.i.k.p.r.p.TestFile    Now processing file /home/runner/work/key/key/key.core/../key.ui/examples/standard_key/java_dl/jml-assert/assert-old/inc-ghost-field.key 
85811      INFO  main            d.u.i.k.p.i.AbstractProblemLoader Loading environment from /home/runner/work/key/key/key.core/../key.ui/examples/standard_key/java_dl/jml-assert/assert-old/inc-ghost-field.key 
85811      DEBUG main            d.u.i.k.p.i.AbstractProblemLoader Environment load took 85.9ns 
85812      INFO  main            d.u.i.k.p.i.AbstractProblemLoader Creating init config 
88297      DEBUG main            d.u.i.k.p.i.AbstractProblemLoader Init config took 2.49s 
88331      INFO  main            d.u.i.k.p.i.AbstractProblemLoader Replaying proof Inc[Inc::inc_ghost_field()].JML normal_behavior operation contract.0 
88332      DEBUG main            d.u.i.k.p.i.IntermediateProofReplayer Proof replay took 6.6ns 
88537      INFO  main            d.u.i.k.p.r.p.TestFile    ... finished proof: closed. 
88769      INFO  main            d.u.i.k.p.i.AbstractProblemLoader Loading environment from /home/runner/work/key/key/key.core/../key.ui/examples/standard_key/java_dl/jml-assert/assert-old/inc-ghost-field.key.proof 
88770      DEBUG main            d.u.i.k.p.i.AbstractProblemLoader Environment load took 126ns 
88771      INFO  main            d.u.i.k.p.i.AbstractProblemLoader Creating init config 
91169      DEBUG main            d.u.i.k.p.i.AbstractProblemLoader Init config took 2.4s 
91203      INFO  main            d.u.i.k.p.i.AbstractProblemLoader Replaying proof Inc[Inc::inc_ghost_field()].JML normal_behavior operation contract.0 
91233      DEBUG main            d.u.i.k.p.i.IntermediateProofReplayer Proof replay took 27.47ms 
91234      DEBUG main            d.u.i.k.p.r.p.TestFile    ... success: reloaded. 
730827     INFO  Test worker     d.u.i.k.p.r.RunAllProofsTestUnit Returning from test jmlAsserts 
730828     INFO  Test worker     d.u.i.k.p.r.RunAllProofsTestUnit Running test javaCard 
380        INFO  Timeout watchdog d.u.i.k.p.r.p.ForkedTestFileRunner Timeout watcher launched (2000 secs.) 
403        WARN  main            d.u.i.k.s.ProofSettings   The settings in /home/runner/.key/proof-settings.props are *not* read. 
431        INFO  main            d.u.i.k.p.r.p.TestFile    Now processing file /home/runner/work/key/key/key.core/../key.ui/examples/heap/javacard/updateBalance0.key 
557        INFO  main            d.u.i.k.p.i.AbstractProblemLoader Loading environment from /home/runner/work/key/key/key.core/../key.ui/examples/heap/javacard/updateBalance0.key 
577        DEBUG main            d.u.i.k.p.i.AbstractProblemLoader Environment load took 2.08ms 
806        INFO  main            d.u.i.k.p.i.AbstractProblemLoader Creating init config 
1806       DEBUG main            d.u.i.k.j.TypeConverter   No LDT found for Meta 
1807       DEBUG main            d.u.i.k.j.TypeConverter   No LDT found for Meta 
1811       DEBUG main            d.u.i.k.j.TypeConverter   No LDT found for Meta 
1811       DEBUG main            d.u.i.k.j.TypeConverter   No LDT found for Meta 
3382       DEBUG main            d.u.i.k.j.TypeConverter   No LDT found for JavaBigintExpression 
6884       DEBUG main            d.u.i.k.p.i.AbstractProblemLoader Init config took 6.08s 
7017       INFO  main            d.u.i.k.p.i.AbstractProblemLoader Replaying proof Examples[Examples::updateBalance(short)].JML normal_behavior operation contract.0 
7051       DEBUG main            d.u.i.k.p.i.IntermediateProofReplayer Proof replay took 34.2ns 
8399       INFO  main            d.u.i.k.p.r.p.TestFile    ... finished proof: closed. 
8512       INFO  main            d.u.i.k.p.i.AbstractProblemLoader Loading environment from /home/runner/work/key/key/key.core/../key.ui/examples/heap/javacard/updateBalance0.key.proof 
8515       DEBUG main            d.u.i.k.p.i.AbstractProblemLoader Environment load took 2.38ms 
8517       INFO  main            d.u.i.k.p.i.AbstractProblemLoader Creating init config 
10285      DEBUG main            d.u.i.k.p.i.AbstractProblemLoader Init config took 1.77s 
10361      INFO  main            d.u.i.k.p.i.AbstractProblemLoader Replaying proof Examples[Examples::updateBalance(short)].JML normal_behavior operation contract.0 
10631      DEBUG main            d.u.i.k.p.i.IntermediateProofReplayer Proof replay took 253.91ms 
10641      DEBUG main            d.u.i.k.p.r.p.TestFile    ... success: reloaded. 
10648      INFO  main            d.u.i.k.p.r.p.TestFile    Now processing file /home/runner/work/key/key/key.core/../key.ui/examples/heap/javacard/updateBalance1.key 
10649      INFO  main            d.u.i.k.p.i.AbstractProblemLoader Loading environment from /home/runner/work/key/key/key.core/../key.ui/examples/heap/javacard/updateBalance1.key 
10649      DEBUG main            d.u.i.k.p.i.AbstractProblemLoader Environment load took 353.11ns 
10652      INFO  main            d.u.i.k.p.i.AbstractProblemLoader Creating init config 
12385      DEBUG main            d.u.i.k.p.i.AbstractProblemLoader Init config took 1.73s 
12437      INFO  main            d.u.i.k.p.i.AbstractProblemLoader Replaying proof Examples[Examples::updateBalance(short)].JML normal_behavior operation contract.1 
12439      DEBUG main            d.u.i.k.p.i.IntermediateProofReplayer Proof replay took 7.7ns 
13047      INFO  main            d.u.i.k.p.r.p.TestFile    ... finished proof: closed. 
13157      INFO  main            d.u.i.k.p.i.AbstractProblemLoader Loading environment from /home/runner/work/key/key/key.core/../key.ui/examples/heap/javacard/updateBalance1.key.proof 
13158      DEBUG main            d.u.i.k.p.i.AbstractProblemLoader Environment load took 1.21ms 
13162      INFO  main            d.u.i.k.p.i.AbstractProblemLoader Creating init config 
14747      DEBUG main            d.u.i.k.p.i.AbstractProblemLoader Init config took 1.59s 
14792      INFO  main            d.u.i.k.p.i.AbstractProblemLoader Replaying proof Examples[Examples::updateBalance(short)].JML normal_behavior operation contract.1 
14932      DEBUG main            d.u.i.k.p.i.IntermediateProofReplayer Proof replay took 135.5ms 
14934      DEBUG main            d.u.i.k.p.r.p.TestFile    ... success: reloaded. 
14937      INFO  main            d.u.i.k.p.r.p.TestFile    Now processing file /home/runner/work/key/key/key.core/../key.ui/examples/heap/javacard/setArray1.key 
14937      INFO  main            d.u.i.k.p.i.AbstractProblemLoader Loading environment from /home/runner/work/key/key/key.core/../key.ui/examples/heap/javacard/setArray1.key 
14938      DEBUG main            d.u.i.k.p.i.AbstractProblemLoader Environment load took 264.9ns 
14939      INFO  main            d.u.i.k.p.i.AbstractProblemLoader Creating init config 
16524      DEBUG main            d.u.i.k.p.i.AbstractProblemLoader Init config took 1.59s 
16577      INFO  main            d.u.i.k.p.i.AbstractProblemLoader Replaying proof Examples[Examples::setArray1([B)].JML normal_behavior operation contract.0 
16580      DEBUG main            d.u.i.k.p.i.IntermediateProofReplayer Proof replay took 6.4ns 
17685      INFO  main            d.u.i.k.p.r.p.TestFile    ... finished proof: closed. 
17802      INFO  main            d.u.i.k.p.i.AbstractProblemLoader Loading environment from /home/runner/work/key/key/key.core/../key.ui/examples/heap/javacard/setArray1.key.proof 
17803      DEBUG main            d.u.i.k.p.i.AbstractProblemLoader Environment load took 509.71ns 
17804      INFO  main            d.u.i.k.p.i.AbstractProblemLoader Creating init config 
19381      DEBUG main            d.u.i.k.p.i.AbstractProblemLoader Init config took 1.58s 
19423      INFO  main            d.u.i.k.p.i.AbstractProblemLoader Replaying proof Examples[Examples::setArray1([B)].JML normal_behavior operation contract.0 
19625      DEBUG main            d.u.i.k.p.i.IntermediateProofReplayer Proof replay took 197.46ms 
19628      DEBUG main            d.u.i.k.p.r.p.TestFile    ... success: reloaded. 
19630      INFO  main            d.u.i.k.p.r.p.TestFile    Now processing file /home/runner/work/key/key/key.core/../key.ui/examples/heap/javacard/setArray2.key 
19631      INFO  main            d.u.i.k.p.i.AbstractProblemLoader Loading environment from /home/runner/work/key/key/key.core/../key.ui/examples/heap/javacard/setArray2.key 
19631      DEBUG main            d.u.i.k.p.i.AbstractProblemLoader Environment load took 254.2ns 
19632      INFO  main            d.u.i.k.p.i.AbstractProblemLoader Creating init config 
21247      DEBUG main            d.u.i.k.p.i.AbstractProblemLoader Init config took 1.61s 
21288      INFO  main            d.u.i.k.p.i.AbstractProblemLoader Replaying proof Examples[Examples::setArray2([B)].JML normal_behavior operation contract.0 
21290      DEBUG main            d.u.i.k.p.i.IntermediateProofReplayer Proof replay took 6.6ns 
22502      INFO  main            d.u.i.k.p.r.p.TestFile    ... finished proof: closed. 
22638      INFO  main            d.u.i.k.p.i.AbstractProblemLoader Loading environment from /home/runner/work/key/key/key.core/../key.ui/examples/heap/javacard/setArray2.key.proof 
22639      DEBUG main            d.u.i.k.p.i.AbstractProblemLoader Environment load took 1.15ms 
22640      INFO  main            d.u.i.k.p.i.AbstractProblemLoader Creating init config 
24185      DEBUG main            d.u.i.k.p.i.AbstractProblemLoader Init config took 1.54s 
24226      INFO  main            d.u.i.k.p.i.AbstractProblemLoader Replaying proof Examples[Examples::setArray2([B)].JML normal_behavior operation contract.0 
24438      DEBUG main            d.u.i.k.p.i.IntermediateProofReplayer Proof replay took 206.73ms 
24441      DEBUG main            d.u.i.k.p.r.p.TestFile    ... success: reloaded. 
24443      INFO  main            d.u.i.k.p.r.p.TestFile    Now processing file /home/runner/work/key/key/key.core/../key.ui/examples/heap/javacard/arrayFillNonAtomic.key 
24443      INFO  main            d.u.i.k.p.i.AbstractProblemLoader Loading environment from /home/runner/work/key/key/key.core/../key.ui/examples/heap/javacard/arrayFillNonAtomic.key 
24444      DEBUG main            d.u.i.k.p.i.AbstractProblemLoader Environment load took 260.3ns 
24445      INFO  main            d.u.i.k.p.i.AbstractProblemLoader Creating init config 
25999      DEBUG main            d.u.i.k.p.i.AbstractProblemLoader Init config took 1.55s 
26083      INFO  main            d.u.i.k.p.i.AbstractProblemLoader Replaying proof javacard.framework.Util[javacard.framework.Util::arrayFillNonAtomic([B,short,short,byte)].JML behavior operation contract.0.transaction_inactive 
26086      DEBUG main            d.u.i.k.p.i.IntermediateProofReplayer Proof replay took 7.3ns 
27031      DEBUG Thread-13       d.u.i.k.l.o.ProgramSV     Match failed: Former match of  SchemaVariable incompatible with  the current match. 
27031      DEBUG Thread-13       d.u.i.k.l.o.ProgramSV     Match failed: Former match of  SchemaVariable incompatible with  the current match. 
28414      DEBUG Thread-13       d.u.i.k.l.o.ProgramSV     Match failed: Former match of  SchemaVariable incompatible with  the current match. 
28414      DEBUG Thread-13       d.u.i.k.l.o.ProgramSV     Match failed: Former match of  SchemaVariable incompatible with  the current match. 
29900      INFO  main            d.u.i.k.p.r.p.TestFile    ... finished proof: closed. 
30105      INFO  main            d.u.i.k.p.i.AbstractProblemLoader Loading environment from /home/runner/work/key/key/key.core/../key.ui/examples/heap/javacard/arrayFillNonAtomic.key.proof 
30107      DEBUG main            d.u.i.k.p.i.AbstractProblemLoader Environment load took 1.77ms 
30109      INFO  main            d.u.i.k.p.i.AbstractProblemLoader Creating init config 
31690      DEBUG main            d.u.i.k.p.i.AbstractProblemLoader Init config took 1.58s 
31749      INFO  main            d.u.i.k.p.i.AbstractProblemLoader Replaying proof javacard.framework.Util[javacard.framework.Util::arrayFillNonAtomic([B,short,short,byte)].JML behavior operation contract.0.transaction_inactive 
32615      DEBUG main            d.u.i.k.p.i.IntermediateProofReplayer Proof replay took 849.83ms 
32616      DEBUG main            d.u.i.k.p.r.p.TestFile    ... success: reloaded. 
32618      INFO  main            d.u.i.k.p.r.p.TestFile    Now processing file /home/runner/work/key/key/key.core/../key.ui/examples/heap/coincidence_count/project.key 
32618      INFO  main            d.u.i.k.p.i.AbstractProblemLoader Loading environment from /home/runner/work/key/key/key.core/../key.ui/examples/heap/coincidence_count/project.key 
32618      DEBUG main            d.u.i.k.p.i.AbstractProblemLoader Environment load took 241ns 
32619      INFO  main            d.u.i.k.p.i.AbstractProblemLoader Creating init config 
35922      DEBUG main            d.u.i.k.p.i.AbstractProblemLoader Init config took 3.3s 
35972      INFO  main            d.u.i.k.p.i.AbstractProblemLoader Replaying proof CC[CC::calcCoinIndex([I,[I)].JML normal_behavior operation contract.0 
35976      DEBUG main            d.u.i.k.p.i.IntermediateProofReplayer Proof replay took 6.5ns 
55078      INFO  main            d.u.i.k.p.r.p.TestFile    ... finished proof: closed. 
55398      INFO  main            d.u.i.k.p.i.AbstractProblemLoader Loading environment from /home/runner/work/key/key/key.core/../key.ui/examples/heap/coincidence_count/project.key.proof 
55398      DEBUG main            d.u.i.k.p.i.AbstractProblemLoader Environment load took 566.51ns 
55402      INFO  main            d.u.i.k.p.i.AbstractProblemLoader Creating init config 
57965      DEBUG main            d.u.i.k.p.i.AbstractProblemLoader Init config took 2.56s 
58014      INFO  main            d.u.i.k.p.i.AbstractProblemLoader Replaying proof CC[CC::calcCoinIndex([I,[I)].JML normal_behavior operation contract.0 
58995      DEBUG main            d.u.i.k.p.i.IntermediateProofReplayer Proof replay took 919.61ms 
58999      DEBUG main            d.u.i.k.p.r.p.TestFile    ... success: reloaded. 
59001      INFO  main            d.u.i.k.p.r.p.TestFile    Now processing file /home/runner/work/key/key/key.core/../key.ui/examples/heap/verifyThis11_1_Maximum/project.key 
59001      INFO  main            d.u.i.k.p.i.AbstractProblemLoader Loading environment from /home/runner/work/key/key/key.core/../key.ui/examples/heap/verifyThis11_1_Maximum/project.key 
59001      DEBUG main            d.u.i.k.p.i.AbstractProblemLoader Environment load took 243.1ns 
59002      INFO  main            d.u.i.k.p.i.AbstractProblemLoader Creating init config 
61678      DEBUG main            d.u.i.k.p.i.AbstractProblemLoader Init config took 2.68s 
61720      INFO  main            d.u.i.k.p.i.AbstractProblemLoader Replaying proof Maximum[Maximum::maxIndex([I)].JML normal_behavior operation contract.0 
61721      DEBUG main            d.u.i.k.p.i.IntermediateProofReplayer Proof replay took 6.6ns 
62626      INFO  main            d.u.i.k.p.r.p.TestFile    ... finished proof: closed. 
62904      INFO  main            d.u.i.k.p.i.AbstractProblemLoader Loading environment from /home/runner/work/key/key/key.core/../key.ui/examples/heap/verifyThis11_1_Maximum/project.key.proof 
62904      DEBUG main            d.u.i.k.p.i.AbstractProblemLoader Environment load took 532.41ns 
62906      INFO  main            d.u.i.k.p.i.AbstractProblemLoader Creating init config 
65369      DEBUG main            d.u.i.k.p.i.AbstractProblemLoader Init config took 2.46s 
65408      INFO  main            d.u.i.k.p.i.AbstractProblemLoader Replaying proof Maximum[Maximum::maxIndex([I)].JML normal_behavior operation contract.0 
65602      DEBUG main            d.u.i.k.p.i.IntermediateProofReplayer Proof replay took 188.54ms 
65603      DEBUG main            d.u.i.k.p.r.p.TestFile    ... success: reloaded. 
65604      INFO  main            d.u.i.k.p.r.p.TestFile    Now processing file /home/runner/work/key/key/key.core/../key.ui/examples/heap/fm12_01_LRS/lcp.key 
65604      INFO  main            d.u.i.k.p.i.AbstractProblemLoader Loading environment from /home/runner/work/key/key/key.core/../key.ui/examples/heap/fm12_01_LRS/lcp.key 
65605      DEBUG main            d.u.i.k.p.i.AbstractProblemLoader Environment load took 234.2ns 
65606      INFO  main            d.u.i.k.p.i.AbstractProblemLoader Creating init config 
68867      DEBUG main            d.u.i.k.p.i.AbstractProblemLoader Init config took 3.26s 
68925      INFO  main            d.u.i.k.p.i.AbstractProblemLoader Replaying proof LCP[LCP::lcp([I,int,int)].JML normal_behavior operation contract.0 
68928      DEBUG main            d.u.i.k.p.i.IntermediateProofReplayer Proof replay took 7.7ns 
69945      INFO  main            d.u.i.k.p.r.p.TestFile    ... finished proof: closed. 
70192      INFO  main            d.u.i.k.p.i.AbstractProblemLoader Loading environment from /home/runner/work/key/key/key.core/../key.ui/examples/heap/fm12_01_LRS/lcp.key.proof 
70196      DEBUG main            d.u.i.k.p.i.AbstractProblemLoader Environment load took 3.24ms 
70197      INFO  main            d.u.i.k.p.i.AbstractProblemLoader Creating init config 
73146      DEBUG main            d.u.i.k.p.i.AbstractProblemLoader Init config took 2.95s 
73206      INFO  main            d.u.i.k.p.i.AbstractProblemLoader Replaying proof LCP[LCP::lcp([I,int,int)].JML normal_behavior operation contract.0 
73427      DEBUG main            d.u.i.k.p.i.IntermediateProofReplayer Proof replay took 214.67ms 
73429      DEBUG main            d.u.i.k.p.r.p.TestFile    ... success: reloaded. 
73431      INFO  main            d.u.i.k.p.r.p.TestFile    Now processing file /home/runner/work/key/key/key.core/../key.ui/examples/heap/SemanticSlicing/project.key 
73431      INFO  main            d.u.i.k.p.i.AbstractProblemLoader Loading environment from /home/runner/work/key/key/key.core/../key.ui/examples/heap/SemanticSlicing/project.key 
73433      DEBUG main            d.u.i.k.p.i.AbstractProblemLoader Environment load took 1.4ms 
73434      INFO  main            d.u.i.k.p.i.AbstractProblemLoader Creating init config 
76166      DEBUG main            d.u.i.k.p.i.AbstractProblemLoader Init config took 2.73s 
76218      INFO  main            d.u.i.k.p.i.AbstractProblemLoader Replaying proof unsatcore_after.competition.postcond5.scope333.LRS[unsatcore_after.competition.postcond5.scope333.LRS::doLRS()].JML operation contract.0 
76220      DEBUG main            d.u.i.k.p.i.IntermediateProofReplayer Proof replay took 5.7ns 
80491      INFO  main            d.u.i.k.p.r.p.TestFile    ... finished proof: closed. 
80775      INFO  main            d.u.i.k.p.i.AbstractProblemLoader Loading environment from /home/runner/work/key/key/key.core/../key.ui/examples/heap/SemanticSlicing/project.key.proof 
80776      DEBUG main            d.u.i.k.p.i.AbstractProblemLoader Environment load took 520.31ns 
80778      INFO  main            d.u.i.k.p.i.AbstractProblemLoader Creating init config 
83371      DEBUG main            d.u.i.k.p.i.AbstractProblemLoader Init config took 2.59s 
83434      INFO  main            d.u.i.k.p.i.AbstractProblemLoader Replaying proof unsatcore_after.competition.postcond5.scope333.LRS[unsatcore_after.competition.postcond5.scope333.LRS::doLRS()].JML operation contract.0 
84259      DEBUG main            d.u.i.k.p.i.IntermediateProofReplayer Proof replay took 813.54ms 
84261      DEBUG main            d.u.i.k.p.r.p.TestFile    ... success: reloaded. 
84262      INFO  main            d.u.i.k.p.r.p.TestFile    Now processing file /home/runner/work/key/key/key.core/../key.ui/examples/heap/information_flow/ArrayList_contains.key 
84262      INFO  main            d.u.i.k.p.i.AbstractProblemLoader Loading environment from /home/runner/work/key/key/key.core/../key.ui/examples/heap/information_flow/ArrayList_contains.key 
84263      DEBUG main            d.u.i.k.p.i.AbstractProblemLoader Environment load took 260.5ns 
84264      INFO  main            d.u.i.k.p.i.AbstractProblemLoader Creating init config 
87075      DEBUG main            d.u.i.k.p.i.AbstractProblemLoader Init config took 2.81s 
87113      INFO  main            d.u.i.k.p.i.AbstractProblemLoader Replaying proof ArrayList[ArrayList::get(int)].JML normal_behavior operation contract.0 
87115      DEBUG main            d.u.i.k.p.i.IntermediateProofReplayer Proof replay took 6.9ns 
87421      INFO  main            d.u.i.k.p.r.p.TestFile    ... finished proof: closed. 
87683      INFO  main            d.u.i.k.p.i.AbstractProblemLoader Loading environment from /home/runner/work/key/key/key.core/../key.ui/examples/heap/information_flow/ArrayList_contains.key.proof 
87683      DEBUG main            d.u.i.k.p.i.AbstractProblemLoader Environment load took 126.4ns 
87684      INFO  main            d.u.i.k.p.i.AbstractProblemLoader Creating init config 
90406      DEBUG main            d.u.i.k.p.i.AbstractProblemLoader Init config took 2.72s 
90443      INFO  main            d.u.i.k.p.i.AbstractProblemLoader Replaying proof ArrayList[ArrayList::get(int)].JML normal_behavior operation contract.0 
90514      DEBUG main            d.u.i.k.p.i.IntermediateProofReplayer Proof replay took 68.86ms 
90515      DEBUG main            d.u.i.k.p.r.p.TestFile    ... success: reloaded. 
90516      INFO  main            d.u.i.k.p.r.p.TestFile    Now processing file /home/runner/work/key/key/key.core/../key.ui/examples/heap/information_flow/ArrayList_get.key 
90516      INFO  main            d.u.i.k.p.i.AbstractProblemLoader Loading environment from /home/runner/work/key/key/key.core/../key.ui/examples/heap/information_flow/ArrayList_get.key 
90516      DEBUG main            d.u.i.k.p.i.AbstractProblemLoader Environment load took 107.1ns 
90518      INFO  main            d.u.i.k.p.i.AbstractProblemLoader Creating init config 
93254      DEBUG main            d.u.i.k.p.i.AbstractProblemLoader Init config took 2.74s 
93292      INFO  main            d.u.i.k.p.i.AbstractProblemLoader Replaying proof ArrayList[ArrayList::contains(java.lang.Object)].JML normal_behavior operation contract.0 
93293      DEBUG main            d.u.i.k.p.i.IntermediateProofReplayer Proof replay took 5.7ns 
94198      INFO  main            d.u.i.k.p.r.p.TestFile    ... finished proof: closed. 
94468      INFO  main            d.u.i.k.p.i.AbstractProblemLoader Loading environment from /home/runner/work/key/key/key.core/../key.ui/examples/heap/information_flow/ArrayList_get.key.proof 
94469      DEBUG main            d.u.i.k.p.i.AbstractProblemLoader Environment load took 507.91ns 
94470      INFO  main            d.u.i.k.p.i.AbstractProblemLoader Creating init config 
97175      DEBUG main            d.u.i.k.p.i.AbstractProblemLoader Init config took 2.71s 
97213      INFO  main            d.u.i.k.p.i.AbstractProblemLoader Replaying proof ArrayList[ArrayList::contains(java.lang.Object)].JML normal_behavior operation contract.0 
97373      DEBUG main            d.u.i.k.p.i.IntermediateProofReplayer Proof replay took 155.89ms 
97379      DEBUG main            d.u.i.k.p.r.p.TestFile    ... success: reloaded. 
97380      INFO  main            d.u.i.k.p.r.p.TestFile    Now processing file /home/runner/work/key/key/key.core/../key.ui/examples/heap/information_flow/ArrayList_size.key 
97380      INFO  main            d.u.i.k.p.i.AbstractProblemLoader Loading environment from /home/runner/work/key/key/key.core/../key.ui/examples/heap/information_flow/ArrayList_size.key 
97381      DEBUG main            d.u.i.k.p.i.AbstractProblemLoader Environment load took 250.7ns 
97382      INFO  main            d.u.i.k.p.i.AbstractProblemLoader Creating init config 
100153     DEBUG main            d.u.i.k.p.i.AbstractProblemLoader Init config took 2.77s 
100190     INFO  main            d.u.i.k.p.i.AbstractProblemLoader Replaying proof ArrayList[ArrayList::size()].JML normal_behavior operation contract.0 
100192     DEBUG main            d.u.i.k.p.i.IntermediateProofReplayer Proof replay took 6.5ns 
100297     INFO  main            d.u.i.k.p.r.p.TestFile    ... finished proof: closed. 
100563     INFO  main            d.u.i.k.p.i.AbstractProblemLoader Loading environment from /home/runner/work/key/key/key.core/../key.ui/examples/heap/information_flow/ArrayList_size.key.proof 
100563     DEBUG main            d.u.i.k.p.i.AbstractProblemLoader Environment load took 123.8ns 
100565     INFO  main            d.u.i.k.p.i.AbstractProblemLoader Creating init config 
103242     DEBUG main            d.u.i.k.p.i.AbstractProblemLoader Init config took 2.68s 
103278     INFO  main            d.u.i.k.p.i.AbstractProblemLoader Replaying proof ArrayList[ArrayList::size()].JML normal_behavior operation contract.0 
103292     DEBUG main            d.u.i.k.p.i.IntermediateProofReplayer Proof replay took 12.54ms 
103293     DEBUG main            d.u.i.k.p.r.p.TestFile    ... success: reloaded. 
103294     INFO  main            d.u.i.k.p.r.p.TestFile    Now processing file /home/runner/work/key/key/key.core/../key.ui/examples/heap/information_flow/UpdateAbstraction_ex7_3_secure.key 
103294     INFO  main            d.u.i.k.p.i.AbstractProblemLoader Loading environment from /home/runner/work/key/key/key.core/../key.ui/examples/heap/information_flow/UpdateAbstraction_ex7_3_secure.key 
103294     DEBUG main            d.u.i.k.p.i.AbstractProblemLoader Environment load took 101ns 
103295     INFO  main            d.u.i.k.p.i.AbstractProblemLoader Creating init config 
106050     DEBUG main            d.u.i.k.p.i.AbstractProblemLoader Init config took 2.75s 
106086     INFO  main            d.u.i.k.p.i.AbstractProblemLoader Replaying proof UpdateAbstraction[UpdateAbstraction::ex7_3_secure()].JML operation contract.0 
106087     DEBUG main            d.u.i.k.p.i.IntermediateProofReplayer Proof replay took 6.5ns 
106289     INFO  main            d.u.i.k.p.r.p.TestFile    ... finished proof: closed. 
106554     INFO  main            d.u.i.k.p.i.AbstractProblemLoader Loading environment from /home/runner/work/key/key/key.core/../key.ui/examples/heap/information_flow/UpdateAbstraction_ex7_3_secure.key.proof 
106554     DEBUG main            d.u.i.k.p.i.AbstractProblemLoader Environment load took 137.4ns 
106555     INFO  main            d.u.i.k.p.i.AbstractProblemLoader Creating init config 
109229     DEBUG main            d.u.i.k.p.i.AbstractProblemLoader Init config took 2.67s 
109267     INFO  main            d.u.i.k.p.i.AbstractProblemLoader Replaying proof UpdateAbstraction[UpdateAbstraction::ex7_3_secure()].JML operation contract.0 
109297     DEBUG main            d.u.i.k.p.i.IntermediateProofReplayer Proof replay took 28.53ms 
109298     DEBUG main            d.u.i.k.p.r.p.TestFile    ... success: reloaded. 
109299     INFO  main            d.u.i.k.p.r.p.TestFile    Now processing file /home/runner/work/key/key/key.core/../key.ui/examples/heap/information_flow/UpdateAbstraction_ex7_4_secure.key 
109299     INFO  main            d.u.i.k.p.i.AbstractProblemLoader Loading environment from /home/runner/work/key/key/key.core/../key.ui/examples/heap/information_flow/UpdateAbstraction_ex7_4_secure.key 
109299     DEBUG main            d.u.i.k.p.i.AbstractProblemLoader Environment load took 99.3ns 
109300     INFO  main            d.u.i.k.p.i.AbstractProblemLoader Creating init config 
112022     DEBUG main            d.u.i.k.p.i.AbstractProblemLoader Init config took 2.72s 
112057     INFO  main            d.u.i.k.p.i.AbstractProblemLoader Replaying proof UpdateAbstraction[UpdateAbstraction::ex7_4_secure()].JML operation contract.0 
112058     DEBUG main            d.u.i.k.p.i.IntermediateProofReplayer Proof replay took 6.5ns 
112261     INFO  main            d.u.i.k.p.r.p.TestFile    ... finished proof: closed. 
112539     INFO  main            d.u.i.k.p.i.AbstractProblemLoader Loading environment from /home/runner/work/key/key/key.core/../key.ui/examples/heap/information_flow/UpdateAbstraction_ex7_4_secure.key.proof 
112539     DEBUG main            d.u.i.k.p.i.AbstractProblemLoader Environment load took 152.9ns 
112540     INFO  main            d.u.i.k.p.i.AbstractProblemLoader Creating init config 
115193     DEBUG main            d.u.i.k.p.i.AbstractProblemLoader Init config took 2.65s 
115228     INFO  main            d.u.i.k.p.i.AbstractProblemLoader Replaying proof UpdateAbstraction[UpdateAbstraction::ex7_4_secure()].JML operation contract.0 
115273     DEBUG main            d.u.i.k.p.i.IntermediateProofReplayer Proof replay took 42.59ms 
115273     DEBUG main            d.u.i.k.p.r.p.TestFile    ... success: reloaded. 
115274     INFO  main            d.u.i.k.p.r.p.TestFile    Now processing file /home/runner/work/key/key/key.core/../key.ui/examples/heap/information_flow/UpdateAbstraction_ex7_5_secure.key 
115274     INFO  main            d.u.i.k.p.i.AbstractProblemLoader Loading environment from /home/runner/work/key/key/key.core/../key.ui/examples/heap/information_flow/UpdateAbstraction_ex7_5_secure.key 
115274     DEBUG main            d.u.i.k.p.i.AbstractProblemLoader Environment load took 104.4ns 
115275     INFO  main            d.u.i.k.p.i.AbstractProblemLoader Creating init config 
118007     DEBUG main            d.u.i.k.p.i.AbstractProblemLoader Init config took 2.73s 
118042     INFO  main            d.u.i.k.p.i.AbstractProblemLoader Replaying proof UpdateAbstraction[UpdateAbstraction::ex7_5_secure()].JML operation contract.0 
118043     DEBUG main            d.u.i.k.p.i.IntermediateProofReplayer Proof replay took 7.2ns 
118145     INFO  main            d.u.i.k.p.r.p.TestFile    ... finished proof: closed. 
118430     INFO  main            d.u.i.k.p.i.AbstractProblemLoader Loading environment from /home/runner/work/key/key/key.core/../key.ui/examples/heap/information_flow/UpdateAbstraction_ex7_5_secure.key.proof 
118430     DEBUG main            d.u.i.k.p.i.AbstractProblemLoader Environment load took 128.8ns 
118431     INFO  main            d.u.i.k.p.i.AbstractProblemLoader Creating init config 
121088     DEBUG main            d.u.i.k.p.i.AbstractProblemLoader Init config took 2.66s 
121123     INFO  main            d.u.i.k.p.i.AbstractProblemLoader Replaying proof UpdateAbstraction[UpdateAbstraction::ex7_5_secure()].JML operation contract.0 
121142     DEBUG main            d.u.i.k.p.i.IntermediateProofReplayer Proof replay took 17.2ms 
121143     DEBUG main            d.u.i.k.p.r.p.TestFile    ... success: reloaded. 
121143     INFO  main            d.u.i.k.p.r.p.TestFile    Now processing file /home/runner/work/key/key/key.core/../key.ui/examples/heap/information_flow/UpdateAbstraction_ex7_6_secure.key 
121143     INFO  main            d.u.i.k.p.i.AbstractProblemLoader Loading environment from /home/runner/work/key/key/key.core/../key.ui/examples/heap/information_flow/UpdateAbstraction_ex7_6_secure.key 
121144     DEBUG main            d.u.i.k.p.i.AbstractProblemLoader Environment load took 102.1ns 
121144     INFO  main            d.u.i.k.p.i.AbstractProblemLoader Creating init config 
123847     DEBUG main            d.u.i.k.p.i.AbstractProblemLoader Init config took 2.7s 
123882     INFO  main            d.u.i.k.p.i.AbstractProblemLoader Replaying proof UpdateAbstraction[UpdateAbstraction::ex7_6_secure()].JML operation contract.0 
123883     DEBUG main            d.u.i.k.p.i.IntermediateProofReplayer Proof replay took 6.3ns 
124189     INFO  main            d.u.i.k.p.r.p.TestFile    ... finished proof: closed. 
124489     INFO  main            d.u.i.k.p.i.AbstractProblemLoader Loading environment from /home/runner/work/key/key/key.core/../key.ui/examples/heap/information_flow/UpdateAbstraction_ex7_6_secure.key.proof 
124489     DEBUG main            d.u.i.k.p.i.AbstractProblemLoader Environment load took 136.2ns 
124490     INFO  main            d.u.i.k.p.i.AbstractProblemLoader Creating init config 
127133     DEBUG main            d.u.i.k.p.i.AbstractProblemLoader Init config took 2.64s 
127174     INFO  main            d.u.i.k.p.i.AbstractProblemLoader Replaying proof UpdateAbstraction[UpdateAbstraction::ex7_6_secure()].JML operation contract.0 
127253     DEBUG main            d.u.i.k.p.i.IntermediateProofReplayer Proof replay took 75.44ms 
127254     DEBUG main            d.u.i.k.p.r.p.TestFile    ... success: reloaded. 
127260     INFO  main            d.u.i.k.p.r.p.TestFile    Now processing file /home/runner/work/key/key/key.core/../key.ui/examples/heap/information_flow/UpdateAbstraction_ex9_secure.key 
127261     INFO  main            d.u.i.k.p.i.AbstractProblemLoader Loading environment from /home/runner/work/key/key/key.core/../key.ui/examples/heap/information_flow/UpdateAbstraction_ex9_secure.key 
127262     DEBUG main            d.u.i.k.p.i.AbstractProblemLoader Environment load took 940.81ns 
127264     INFO  main            d.u.i.k.p.i.AbstractProblemLoader Creating init config 
129968     DEBUG main            d.u.i.k.p.i.AbstractProblemLoader Init config took 2.7s 
130002     INFO  main            d.u.i.k.p.i.AbstractProblemLoader Replaying proof UpdateAbstraction[UpdateAbstraction::ex9_secure()].JML operation contract.0 
130004     DEBUG main            d.u.i.k.p.i.IntermediateProofReplayer Proof replay took 6.7ns 
130911     INFO  main            d.u.i.k.p.r.p.TestFile    ... finished proof: closed. 
131246     INFO  main            d.u.i.k.p.i.AbstractProblemLoader Loading environment from /home/runner/work/key/key/key.core/../key.ui/examples/heap/information_flow/UpdateAbstraction_ex9_secure.key.proof 
131246     DEBUG main            d.u.i.k.p.i.AbstractProblemLoader Environment load took 128.2ns 
131247     INFO  main            d.u.i.k.p.i.AbstractProblemLoader Creating init config 
133874     DEBUG main            d.u.i.k.p.i.AbstractProblemLoader Init config took 2.63s 
133909     INFO  main            d.u.i.k.p.i.AbstractProblemLoader Replaying proof UpdateAbstraction[UpdateAbstraction::ex9_secure()].JML operation contract.0 
134102     DEBUG main            d.u.i.k.p.i.IntermediateProofReplayer Proof replay took 190.1ms 
134103     DEBUG main            d.u.i.k.p.r.p.TestFile    ... success: reloaded. 
865102     INFO  Test worker     d.u.i.k.p.r.RunAllProofsTestUnit Returning from test javaCard 
865103     INFO  Test worker     d.u.i.k.p.r.RunAllProofsTestUnit Running test list 
332        INFO  Timeout watchdog d.u.i.k.p.r.p.ForkedTestFileRunner Timeout watcher launched (2000 secs.) 
347        WARN  main            d.u.i.k.s.ProofSettings   The settings in /home/runner/.key/proof-settings.props are *not* read. 
394        INFO  main            d.u.i.k.p.r.p.TestFile    Now processing file /home/runner/work/key/key/key.core/../key.ui/examples/heap/list/ArrayList_add.key 
525        INFO  main            d.u.i.k.p.i.AbstractProblemLoader Loading environment from /home/runner/work/key/key/key.core/../key.ui/examples/heap/list/ArrayList_add.key 
541        DEBUG main            d.u.i.k.p.i.AbstractProblemLoader Environment load took 1.91ms 
771        INFO  main            d.u.i.k.p.i.AbstractProblemLoader Creating init config 
1646       DEBUG main            d.u.i.k.j.TypeConverter   No LDT found for Meta 
1649       DEBUG main            d.u.i.k.j.TypeConverter   No LDT found for Meta 
1652       DEBUG main            d.u.i.k.j.TypeConverter   No LDT found for Meta 
1652       DEBUG main            d.u.i.k.j.TypeConverter   No LDT found for Meta 
3170       DEBUG main            d.u.i.k.j.TypeConverter   No LDT found for JavaBigintExpression 
6364       DEBUG main            d.u.i.k.j.r.ClassPreparationMethodBuilder clPrepBuilder: Inner Class detected. Reject building class initialisation methods. 
9056       DEBUG main            d.u.i.k.p.i.AbstractProblemLoader Init config took 8.29s 
9237       INFO  main            d.u.i.k.p.i.AbstractProblemLoader Replaying proof ArrayList[List::add(java.lang.Object)].JML normal_behavior operation contract.0 
9271       DEBUG main            d.u.i.k.p.i.IntermediateProofReplayer Proof replay took 31.6ns 
15087      INFO  main            d.u.i.k.p.r.p.TestFile    ... finished proof: closed. 
15289      INFO  main            d.u.i.k.p.i.AbstractProblemLoader Loading environment from /home/runner/work/key/key/key.core/../key.ui/examples/heap/list/ArrayList_add.key.proof 
15290      DEBUG main            d.u.i.k.p.i.AbstractProblemLoader Environment load took 525.81ns 
15293      INFO  main            d.u.i.k.p.i.AbstractProblemLoader Creating init config 
16407      DEBUG main            d.u.i.k.j.r.ClassPreparationMethodBuilder clPrepBuilder: Inner Class detected. Reject building class initialisation methods. 
18705      DEBUG main            d.u.i.k.p.i.AbstractProblemLoader Init config took 3.41s 
18788      INFO  main            d.u.i.k.p.i.AbstractProblemLoader Replaying proof ArrayList[List::add(java.lang.Object)].JML normal_behavior operation contract.0 
19862      DEBUG main            d.u.i.k.p.i.IntermediateProofReplayer Proof replay took 1.04s 
19872      DEBUG main            d.u.i.k.p.r.p.TestFile    ... success: reloaded. 
19874      INFO  main            d.u.i.k.p.r.p.TestFile    Now processing file /home/runner/work/key/key/key.core/../key.ui/examples/heap/list/ArrayList_ArrayList.key 
19875      INFO  main            d.u.i.k.p.i.AbstractProblemLoader Loading environment from /home/runner/work/key/key/key.core/../key.ui/examples/heap/list/ArrayList_ArrayList.key 
19875      DEBUG main            d.u.i.k.p.i.AbstractProblemLoader Environment load took 312ns 
19877      INFO  main            d.u.i.k.p.i.AbstractProblemLoader Creating init config 
20995      DEBUG main            d.u.i.k.j.r.ClassPreparationMethodBuilder clPrepBuilder: Inner Class detected. Reject building class initialisation methods. 
23218      DEBUG main            d.u.i.k.p.i.AbstractProblemLoader Init config took 3.34s 
23317      INFO  main            d.u.i.k.p.i.AbstractProblemLoader Replaying proof ArrayList[ArrayList::ArrayList()].JML normal_behavior operation contract.0 
23319      DEBUG main            d.u.i.k.p.i.IntermediateProofReplayer Proof replay took 6.5ns 
24826      INFO  main            d.u.i.k.p.r.p.TestFile    ... finished proof: closed. 
24992      INFO  main            d.u.i.k.p.i.AbstractProblemLoader Loading environment from /home/runner/work/key/key/key.core/../key.ui/examples/heap/list/ArrayList_ArrayList.key.proof 
24992      DEBUG main            d.u.i.k.p.i.AbstractProblemLoader Environment load took 527.81ns 
24995      INFO  main            d.u.i.k.p.i.AbstractProblemLoader Creating init config 
26063      DEBUG main            d.u.i.k.j.r.ClassPreparationMethodBuilder clPrepBuilder: Inner Class detected. Reject building class initialisation methods. 
28169      DEBUG main            d.u.i.k.p.i.AbstractProblemLoader Init config took 3.17s 
28229      INFO  main            d.u.i.k.p.i.AbstractProblemLoader Replaying proof ArrayList[ArrayList::ArrayList()].JML normal_behavior operation contract.0 
28450      DEBUG main            d.u.i.k.p.i.IntermediateProofReplayer Proof replay took 211.1ms 
28451      DEBUG main            d.u.i.k.p.r.p.TestFile    ... success: reloaded. 
28453      INFO  main            d.u.i.k.p.r.p.TestFile    Now processing file /home/runner/work/key/key/key.core/../key.ui/examples/heap/list/ArrayList_concatenate.key 
28453      INFO  main            d.u.i.k.p.i.AbstractProblemLoader Loading environment from /home/runner/work/key/key/key.core/../key.ui/examples/heap/list/ArrayList_concatenate.key 
28454      DEBUG main            d.u.i.k.p.i.AbstractProblemLoader Environment load took 239.9ns 
28455      INFO  main            d.u.i.k.p.i.AbstractProblemLoader Creating init config 
29525      DEBUG main            d.u.i.k.j.r.ClassPreparationMethodBuilder clPrepBuilder: Inner Class detected. Reject building class initialisation methods. 
31692      DEBUG main            d.u.i.k.p.i.AbstractProblemLoader Init config took 3.24s 
31772      INFO  main            d.u.i.k.p.i.AbstractProblemLoader Replaying proof ArrayList[List::concatenate(List)].JML normal_behavior operation contract.0 
31775      DEBUG main            d.u.i.k.p.i.IntermediateProofReplayer Proof replay took 6.7ns 
58013      INFO  main            d.u.i.k.p.r.p.TestFile    ... finished proof: closed. 
58254      INFO  main            d.u.i.k.p.i.AbstractProblemLoader Loading environment from /home/runner/work/key/key/key.core/../key.ui/examples/heap/list/ArrayList_concatenate.key.proof 
58254      DEBUG main            d.u.i.k.p.i.AbstractProblemLoader Environment load took 526.01ns 
58262      INFO  main            d.u.i.k.p.i.AbstractProblemLoader Creating init config 
59286      DEBUG main            d.u.i.k.j.r.ClassPreparationMethodBuilder clPrepBuilder: Inner Class detected. Reject building class initialisation methods. 
61415      DEBUG main            d.u.i.k.p.i.AbstractProblemLoader Init config took 3.15s 
61474      INFO  main            d.u.i.k.p.i.AbstractProblemLoader Replaying proof ArrayList[List::concatenate(List)].JML normal_behavior operation contract.0 
63784      DEBUG main            d.u.i.k.p.i.IntermediateProofReplayer Proof replay took 2.25s 
63788      DEBUG main            d.u.i.k.p.r.p.TestFile    ... success: reloaded. 
63790      INFO  main            d.u.i.k.p.r.p.TestFile    Now processing file /home/runner/work/key/key/key.core/../key.ui/examples/heap/list/ArrayList_contains_dep.key 
63790      INFO  main            d.u.i.k.p.i.AbstractProblemLoader Loading environment from /home/runner/work/key/key/key.core/../key.ui/examples/heap/list/ArrayList_contains_dep.key 
63790      DEBUG main            d.u.i.k.p.i.AbstractProblemLoader Environment load took 112.3ns 
63791      INFO  main            d.u.i.k.p.i.AbstractProblemLoader Creating init config 
64902      DEBUG main            d.u.i.k.j.r.ClassPreparationMethodBuilder clPrepBuilder: Inner Class detected. Reject building class initialisation methods. 
67043      DEBUG main            d.u.i.k.p.i.AbstractProblemLoader Init config took 3.25s 
67099      INFO  main            d.u.i.k.p.i.AbstractProblemLoader Replaying proof ArrayList[List::contains(java.lang.Object)].JML accessible clause.0 
67100      DEBUG main            d.u.i.k.p.i.IntermediateProofReplayer Proof replay took 5.2ns 
70013      INFO  main            d.u.i.k.p.r.p.TestFile    ... finished proof: closed. 
70229      INFO  main            d.u.i.k.p.i.AbstractProblemLoader Loading environment from /home/runner/work/key/key/key.core/../key.ui/examples/heap/list/ArrayList_contains_dep.key.proof 
70229      DEBUG main            d.u.i.k.p.i.AbstractProblemLoader Environment load took 536.61ns 
70231      INFO  main            d.u.i.k.p.i.AbstractProblemLoader Creating init config 
71204      DEBUG main            d.u.i.k.j.r.ClassPreparationMethodBuilder clPrepBuilder: Inner Class detected. Reject building class initialisation methods. 
73335      DEBUG main            d.u.i.k.p.i.AbstractProblemLoader Init config took 3.1s 
73389      INFO  main            d.u.i.k.p.i.AbstractProblemLoader Replaying proof ArrayList[List::contains(java.lang.Object)].JML accessible clause.0 
73866      DEBUG main            d.u.i.k.p.i.IntermediateProofReplayer Proof replay took 467.14ms 
73868      DEBUG main            d.u.i.k.p.r.p.TestFile    ... success: reloaded. 
73869      INFO  main            d.u.i.k.p.r.p.TestFile    Now processing file /home/runner/work/key/key/key.core/../key.ui/examples/heap/list/ArrayList_enlarge.key 
73870      INFO  main            d.u.i.k.p.i.AbstractProblemLoader Loading environment from /home/runner/work/key/key/key.core/../key.ui/examples/heap/list/ArrayList_enlarge.key 
73870      DEBUG main            d.u.i.k.p.i.AbstractProblemLoader Environment load took 209.8ns 
73871      INFO  main            d.u.i.k.p.i.AbstractProblemLoader Creating init config 
74886      DEBUG main            d.u.i.k.j.r.ClassPreparationMethodBuilder clPrepBuilder: Inner Class detected. Reject building class initialisation methods. 
77077      DEBUG main            d.u.i.k.p.i.AbstractProblemLoader Init config took 3.21s 
77129      INFO  main            d.u.i.k.p.i.AbstractProblemLoader Replaying proof ArrayList[ArrayList::enlarge()].JML normal_behavior operation contract.0 
77132      DEBUG main            d.u.i.k.p.i.IntermediateProofReplayer Proof replay took 6.4ns 
79563      INFO  main            d.u.i.k.p.r.p.TestFile    ... finished proof: closed. 
79777      INFO  main            d.u.i.k.p.i.AbstractProblemLoader Loading environment from /home/runner/work/key/key/key.core/../key.ui/examples/heap/list/ArrayList_enlarge.key.proof 
79777      DEBUG main            d.u.i.k.p.i.AbstractProblemLoader Environment load took 697.51ns 
79779      INFO  main            d.u.i.k.p.i.AbstractProblemLoader Creating init config 
80739      DEBUG main            d.u.i.k.j.r.ClassPreparationMethodBuilder clPrepBuilder: Inner Class detected. Reject building class initialisation methods. 
82900      DEBUG main            d.u.i.k.p.i.AbstractProblemLoader Init config took 3.12s 
82953      INFO  main            d.u.i.k.p.i.AbstractProblemLoader Replaying proof ArrayList[ArrayList::enlarge()].JML normal_behavior operation contract.0 
83394      DEBUG main            d.u.i.k.p.i.IntermediateProofReplayer Proof replay took 432.28ms 
83399      DEBUG main            d.u.i.k.p.r.p.TestFile    ... success: reloaded. 
83401      INFO  main            d.u.i.k.p.r.p.TestFile    Now processing file /home/runner/work/key/key/key.core/../key.ui/examples/heap/list/ArrayList_footprint.key 
83401      INFO  main            d.u.i.k.p.i.AbstractProblemLoader Loading environment from /home/runner/work/key/key/key.core/../key.ui/examples/heap/list/ArrayList_footprint.key 
83401      DEBUG main            d.u.i.k.p.i.AbstractProblemLoader Environment load took 244.6ns 
83402      INFO  main            d.u.i.k.p.i.AbstractProblemLoader Creating init config 
84418      DEBUG main            d.u.i.k.j.r.ClassPreparationMethodBuilder clPrepBuilder: Inner Class detected. Reject building class initialisation methods. 
86539      DEBUG main            d.u.i.k.p.i.AbstractProblemLoader Init config took 3.14s 
86602      INFO  main            d.u.i.k.p.i.AbstractProblemLoader Replaying proof List[List::$footprint()].JML accessible clause.0 
86604      DEBUG main            d.u.i.k.p.i.IntermediateProofReplayer Proof replay took 6.1ns 
86708      INFO  main            d.u.i.k.p.r.p.TestFile    ... finished proof: closed. 
86890      INFO  main            d.u.i.k.p.i.AbstractProblemLoader Loading environment from /home/runner/work/key/key/key.core/../key.ui/examples/heap/list/ArrayList_footprint.key.proof 
86891      DEBUG main            d.u.i.k.p.i.AbstractProblemLoader Environment load took 122.8ns 
86892      INFO  main            d.u.i.k.p.i.AbstractProblemLoader Creating init config 
87886      DEBUG main            d.u.i.k.j.r.ClassPreparationMethodBuilder clPrepBuilder: Inner Class detected. Reject building class initialisation methods. 
89993      DEBUG main            d.u.i.k.p.i.AbstractProblemLoader Init config took 3.1s 
90037      INFO  main            d.u.i.k.p.i.AbstractProblemLoader Replaying proof List[List::$footprint()].JML accessible clause.0 
90040      DEBUG main            d.u.i.k.p.i.IntermediateProofReplayer Proof replay took 1.19ms 
90041      DEBUG main            d.u.i.k.p.r.p.TestFile    ... success: reloaded. 
90042      INFO  main            d.u.i.k.p.r.p.TestFile    Now processing file /home/runner/work/key/key/key.core/../key.ui/examples/heap/list/ArrayList_get_dep.key 
90042      INFO  main            d.u.i.k.p.i.AbstractProblemLoader Loading environment from /home/runner/work/key/key/key.core/../key.ui/examples/heap/list/ArrayList_get_dep.key 
90042      DEBUG main            d.u.i.k.p.i.AbstractProblemLoader Environment load took 106.8ns 
90043      INFO  main            d.u.i.k.p.i.AbstractProblemLoader Creating init config 
91022      DEBUG main            d.u.i.k.j.r.ClassPreparationMethodBuilder clPrepBuilder: Inner Class detected. Reject building class initialisation methods. 
93146      DEBUG main            d.u.i.k.p.i.AbstractProblemLoader Init config took 3.1s 
93195      INFO  main            d.u.i.k.p.i.AbstractProblemLoader Replaying proof ArrayList[List::get(int)].JML accessible clause.0 
93196      DEBUG main            d.u.i.k.p.i.IntermediateProofReplayer Proof replay took 6.1ns 
93603      INFO  main            d.u.i.k.p.r.p.TestFile    ... finished proof: closed. 
93811      INFO  main            d.u.i.k.p.i.AbstractProblemLoader Loading environment from /home/runner/work/key/key/key.core/../key.ui/examples/heap/list/ArrayList_get_dep.key.proof 
93812      DEBUG main            d.u.i.k.p.i.AbstractProblemLoader Environment load took 1.09ms 
93813      INFO  main            d.u.i.k.p.i.AbstractProblemLoader Creating init config 
94788      DEBUG main            d.u.i.k.j.r.ClassPreparationMethodBuilder clPrepBuilder: Inner Class detected. Reject building class initialisation methods. 
96879      DEBUG main            d.u.i.k.p.i.AbstractProblemLoader Init config took 3.07s 
96935      INFO  main            d.u.i.k.p.i.AbstractProblemLoader Replaying proof ArrayList[List::get(int)].JML accessible clause.0 
97026      DEBUG main            d.u.i.k.p.i.IntermediateProofReplayer Proof replay took 80.86ms 
97029      DEBUG main            d.u.i.k.p.r.p.TestFile    ... success: reloaded. 
97031      INFO  main            d.u.i.k.p.r.p.TestFile    Now processing file /home/runner/work/key/key/key.core/../key.ui/examples/heap/list/ArrayList_get_exceptional.key 
97032      INFO  main            d.u.i.k.p.i.AbstractProblemLoader Loading environment from /home/runner/work/key/key/key.core/../key.ui/examples/heap/list/ArrayList_get_exceptional.key 
97034      DEBUG main            d.u.i.k.p.i.AbstractProblemLoader Environment load took 2.28ms 
97035      INFO  main            d.u.i.k.p.i.AbstractProblemLoader Creating init config 
98067      DEBUG main            d.u.i.k.j.r.ClassPreparationMethodBuilder clPrepBuilder: Inner Class detected. Reject building class initialisation methods. 
100204     DEBUG main            d.u.i.k.p.i.AbstractProblemLoader Init config took 3.17s 
100252     INFO  main            d.u.i.k.p.i.AbstractProblemLoader Replaying proof ArrayList[List::get(int)].JML exceptional_behavior operation contract.0 
100254     DEBUG main            d.u.i.k.p.i.IntermediateProofReplayer Proof replay took 6.3ns 
101479     INFO  main            d.u.i.k.p.r.p.TestFile    ... finished proof: closed. 
101708     INFO  main            d.u.i.k.p.i.AbstractProblemLoader Loading environment from /home/runner/work/key/key/key.core/../key.ui/examples/heap/list/ArrayList_get_exceptional.key.proof 
101708     DEBUG main            d.u.i.k.p.i.AbstractProblemLoader Environment load took 520.91ns 
101710     INFO  main            d.u.i.k.p.i.AbstractProblemLoader Creating init config 
102668     DEBUG main            d.u.i.k.j.r.ClassPreparationMethodBuilder clPrepBuilder: Inner Class detected. Reject building class initialisation methods. 
104752     DEBUG main            d.u.i.k.p.i.AbstractProblemLoader Init config took 3.04s 
104800     INFO  main            d.u.i.k.p.i.AbstractProblemLoader Replaying proof ArrayList[List::get(int)].JML exceptional_behavior operation contract.0 
105017     DEBUG main            d.u.i.k.p.i.IntermediateProofReplayer Proof replay took 210.44ms 
105019     DEBUG main            d.u.i.k.p.r.p.TestFile    ... success: reloaded. 
105021     INFO  main            d.u.i.k.p.r.p.TestFile    Now processing file /home/runner/work/key/key/key.core/../key.ui/examples/heap/list/ArrayList_get_normal.key 
105021     INFO  main            d.u.i.k.p.i.AbstractProblemLoader Loading environment from /home/runner/work/key/key/key.core/../key.ui/examples/heap/list/ArrayList_get_normal.key 
105021     DEBUG main            d.u.i.k.p.i.AbstractProblemLoader Environment load took 258.8ns 
105022     INFO  main            d.u.i.k.p.i.AbstractProblemLoader Creating init config 
106020     DEBUG main            d.u.i.k.j.r.ClassPreparationMethodBuilder clPrepBuilder: Inner Class detected. Reject building class initialisation methods. 
108105     DEBUG main            d.u.i.k.p.i.AbstractProblemLoader Init config took 3.08s 
108152     INFO  main            d.u.i.k.p.i.AbstractProblemLoader Replaying proof ArrayList[List::get(int)].JML normal_behavior operation contract.0 
108154     DEBUG main            d.u.i.k.p.i.IntermediateProofReplayer Proof replay took 6.1ns 
108659     INFO  main            d.u.i.k.p.r.p.TestFile    ... finished proof: closed. 
108915     INFO  main            d.u.i.k.p.i.AbstractProblemLoader Loading environment from /home/runner/work/key/key/key.core/../key.ui/examples/heap/list/ArrayList_get_normal.key.proof 
108916     DEBUG main            d.u.i.k.p.i.AbstractProblemLoader Environment load took 133.6ns 
108917     INFO  main            d.u.i.k.p.i.AbstractProblemLoader Creating init config 
109986     DEBUG main            d.u.i.k.j.r.ClassPreparationMethodBuilder clPrepBuilder: Inner Class detected. Reject building class initialisation methods. 
112096     DEBUG main            d.u.i.k.p.i.AbstractProblemLoader Init config took 3.18s 
112143     INFO  main            d.u.i.k.p.i.AbstractProblemLoader Replaying proof ArrayList[List::get(int)].JML normal_behavior operation contract.0 
112222     DEBUG main            d.u.i.k.p.i.IntermediateProofReplayer Proof replay took 75.54ms 
112224     DEBUG main            d.u.i.k.p.r.p.TestFile    ... success: reloaded. 
112225     INFO  main            d.u.i.k.p.r.p.TestFile    Now processing file /home/runner/work/key/key/key.core/../key.ui/examples/heap/list/ArrayList_inv.key 
112226     INFO  main            d.u.i.k.p.i.AbstractProblemLoader Loading environment from /home/runner/work/key/key/key.core/../key.ui/examples/heap/list/ArrayList_inv.key 
112226     DEBUG main            d.u.i.k.p.i.AbstractProblemLoader Environment load took 237.4ns 
112227     INFO  main            d.u.i.k.p.i.AbstractProblemLoader Creating init config 
113192     DEBUG main            d.u.i.k.j.r.ClassPreparationMethodBuilder clPrepBuilder: Inner Class detected. Reject building class initialisation methods. 
115268     DEBUG main            d.u.i.k.p.i.AbstractProblemLoader Init config took 3.04s 
115315     INFO  main            d.u.i.k.p.i.AbstractProblemLoader Replaying proof ArrayList[java.lang.Object::<inv>()].JML accessible clause.0 
115317     DEBUG main            d.u.i.k.p.i.IntermediateProofReplayer Proof replay took 6.3ns 
115720     INFO  main            d.u.i.k.p.r.p.TestFile    ... finished proof: closed. 
115944     INFO  main            d.u.i.k.p.i.AbstractProblemLoader Loading environment from /home/runner/work/key/key/key.core/../key.ui/examples/heap/list/ArrayList_inv.key.proof 
115944     DEBUG main            d.u.i.k.p.i.AbstractProblemLoader Environment load took 123ns 
115946     INFO  main            d.u.i.k.p.i.AbstractProblemLoader Creating init config 
116910     DEBUG main            d.u.i.k.j.r.ClassPreparationMethodBuilder clPrepBuilder: Inner Class detected. Reject building class initialisation methods. 
118957     DEBUG main            d.u.i.k.p.i.AbstractProblemLoader Init config took 3.01s 
119015     INFO  main            d.u.i.k.p.i.AbstractProblemLoader Replaying proof ArrayList[java.lang.Object::<inv>()].JML accessible clause.0 
119059     DEBUG main            d.u.i.k.p.i.IntermediateProofReplayer Proof replay took 40.84ms 
119061     DEBUG main            d.u.i.k.p.r.p.TestFile    ... success: reloaded. 
119062     INFO  main            d.u.i.k.p.r.p.TestFile    Now processing file /home/runner/work/key/key/key.core/../key.ui/examples/heap/list/ArrayList_iterator.key 
119062     INFO  main            d.u.i.k.p.i.AbstractProblemLoader Loading environment from /home/runner/work/key/key/key.core/../key.ui/examples/heap/list/ArrayList_iterator.key 
119063     DEBUG main            d.u.i.k.p.i.AbstractProblemLoader Environment load took 242.8ns 
119064     INFO  main            d.u.i.k.p.i.AbstractProblemLoader Creating init config 
120051     DEBUG main            d.u.i.k.j.r.ClassPreparationMethodBuilder clPrepBuilder: Inner Class detected. Reject building class initialisation methods. 
122181     DEBUG main            d.u.i.k.p.i.AbstractProblemLoader Init config took 3.12s 
122245     INFO  main            d.u.i.k.p.i.AbstractProblemLoader Replaying proof ArrayList[List::iterator()].JML normal_behavior operation contract.0 
122247     DEBUG main            d.u.i.k.p.i.IntermediateProofReplayer Proof replay took 6.2ns 
122751     INFO  main            d.u.i.k.p.r.p.TestFile    ... finished proof: closed. 
122988     INFO  main            d.u.i.k.p.i.AbstractProblemLoader Loading environment from /home/runner/work/key/key/key.core/../key.ui/examples/heap/list/ArrayList_iterator.key.proof 
122988     DEBUG main            d.u.i.k.p.i.AbstractProblemLoader Environment load took 133.1ns 
122990     INFO  main            d.u.i.k.p.i.AbstractProblemLoader Creating init config 
123950     DEBUG main            d.u.i.k.j.r.ClassPreparationMethodBuilder clPrepBuilder: Inner Class detected. Reject building class initialisation methods. 
126038     DEBUG main            d.u.i.k.p.i.AbstractProblemLoader Init config took 3.05s 
126084     INFO  main            d.u.i.k.p.i.AbstractProblemLoader Replaying proof ArrayList[List::iterator()].JML normal_behavior operation contract.0 
126165     DEBUG main            d.u.i.k.p.i.IntermediateProofReplayer Proof replay took 77.29ms 
126166     DEBUG main            d.u.i.k.p.r.p.TestFile    ... success: reloaded. 
126167     INFO  main            d.u.i.k.p.r.p.TestFile    Now processing file /home/runner/work/key/key/key.core/../key.ui/examples/heap/list/ArrayList_size_dep.key 
126168     INFO  main            d.u.i.k.p.i.AbstractProblemLoader Loading environment from /home/runner/work/key/key/key.core/../key.ui/examples/heap/list/ArrayList_size_dep.key 
126168     DEBUG main            d.u.i.k.p.i.AbstractProblemLoader Environment load took 116.3ns 
126169     INFO  main            d.u.i.k.p.i.AbstractProblemLoader Creating init config 
127163     DEBUG main            d.u.i.k.j.r.ClassPreparationMethodBuilder clPrepBuilder: Inner Class detected. Reject building class initialisation methods. 
129231     DEBUG main            d.u.i.k.p.i.AbstractProblemLoader Init config took 3.06s 
129277     INFO  main            d.u.i.k.p.i.AbstractProblemLoader Replaying proof ArrayList[List::size()].JML accessible clause.0 
129278     DEBUG main            d.u.i.k.p.i.IntermediateProofReplayer Proof replay took 6ns 
129483     INFO  main            d.u.i.k.p.r.p.TestFile    ... finished proof: closed. 
129713     INFO  main            d.u.i.k.p.i.AbstractProblemLoader Loading environment from /home/runner/work/key/key/key.core/../key.ui/examples/heap/list/ArrayList_size_dep.key.proof 
129714     DEBUG main            d.u.i.k.p.i.AbstractProblemLoader Environment load took 136.7ns 
129715     INFO  main            d.u.i.k.p.i.AbstractProblemLoader Creating init config 
130668     DEBUG main            d.u.i.k.j.r.ClassPreparationMethodBuilder clPrepBuilder: Inner Class detected. Reject building class initialisation methods. 
132700     DEBUG main            d.u.i.k.p.i.AbstractProblemLoader Init config took 2.99s 
132746     INFO  main            d.u.i.k.p.i.AbstractProblemLoader Replaying proof ArrayList[List::size()].JML accessible clause.0 
132770     DEBUG main            d.u.i.k.p.i.IntermediateProofReplayer Proof replay took 22.48ms 
132771     DEBUG main            d.u.i.k.p.r.p.TestFile    ... success: reloaded. 
132773     INFO  main            d.u.i.k.p.r.p.TestFile    Now processing file /home/runner/work/key/key/key.core/../key.ui/examples/heap/list/ArrayList_size.key 
132773     INFO  main            d.u.i.k.p.i.AbstractProblemLoader Loading environment from /home/runner/work/key/key/key.core/../key.ui/examples/heap/list/ArrayList_size.key 
132773     DEBUG main            d.u.i.k.p.i.AbstractProblemLoader Environment load took 106.9ns 
132774     INFO  main            d.u.i.k.p.i.AbstractProblemLoader Creating init config 
133749     DEBUG main            d.u.i.k.j.r.ClassPreparationMethodBuilder clPrepBuilder: Inner Class detected. Reject building class initialisation methods. 
135904     DEBUG main            d.u.i.k.p.i.AbstractProblemLoader Init config took 3.13s 
135951     INFO  main            d.u.i.k.p.i.AbstractProblemLoader Replaying proof ArrayList[List::size()].JML normal_behavior operation contract.0 
135952     DEBUG main            d.u.i.k.p.i.IntermediateProofReplayer Proof replay took 6.2ns 
136155     INFO  main            d.u.i.k.p.r.p.TestFile    ... finished proof: closed. 
136386     INFO  main            d.u.i.k.p.i.AbstractProblemLoader Loading environment from /home/runner/work/key/key/key.core/../key.ui/examples/heap/list/ArrayList_size.key.proof 
136386     DEBUG main            d.u.i.k.p.i.AbstractProblemLoader Environment load took 126.9ns 
136387     INFO  main            d.u.i.k.p.i.AbstractProblemLoader Creating init config 
137327     DEBUG main            d.u.i.k.j.r.ClassPreparationMethodBuilder clPrepBuilder: Inner Class detected. Reject building class initialisation methods. 
139357     DEBUG main            d.u.i.k.p.i.AbstractProblemLoader Init config took 2.97s 
139423     INFO  main            d.u.i.k.p.i.AbstractProblemLoader Replaying proof ArrayList[List::size()].JML normal_behavior operation contract.0 
139462     DEBUG main            d.u.i.k.p.i.IntermediateProofReplayer Proof replay took 37.26ms 
139463     DEBUG main            d.u.i.k.p.r.p.TestFile    ... success: reloaded. 
139464     INFO  main            d.u.i.k.p.r.p.TestFile    Now processing file /home/runner/work/key/key/key.core/../key.ui/examples/heap/list/ArrayList.ArrayListIterator_ArrayListIterator.key 
139465     INFO  main            d.u.i.k.p.i.AbstractProblemLoader Loading environment from /home/runner/work/key/key/key.core/../key.ui/examples/heap/list/ArrayList.ArrayListIterator_ArrayListIterator.key 
139465     DEBUG main            d.u.i.k.p.i.AbstractProblemLoader Environment load took 106.1ns 
139466     INFO  main            d.u.i.k.p.i.AbstractProblemLoader Creating init config 
140472     DEBUG main            d.u.i.k.j.r.ClassPreparationMethodBuilder clPrepBuilder: Inner Class detected. Reject building class initialisation methods. 
142536     DEBUG main            d.u.i.k.p.i.AbstractProblemLoader Init config took 3.07s 
142594     INFO  main            d.u.i.k.p.i.AbstractProblemLoader Replaying proof ArrayList.ArrayListIterator[ArrayList.ArrayListIterator::ArrayListIterator(ArrayList)].JML normal_behavior operation contract.0 
142595     DEBUG main            d.u.i.k.p.i.IntermediateProofReplayer Proof replay took 6.6ns 
143300     INFO  main            d.u.i.k.p.r.p.TestFile    ... finished proof: closed. 
143566     INFO  main            d.u.i.k.p.i.AbstractProblemLoader Loading environment from /home/runner/work/key/key/key.core/../key.ui/examples/heap/list/ArrayList.ArrayListIterator_ArrayListIterator.key.proof 
143567     DEBUG main            d.u.i.k.p.i.AbstractProblemLoader Environment load took 216.2ns 
143568     INFO  main            d.u.i.k.p.i.AbstractProblemLoader Creating init config 
144519     DEBUG main            d.u.i.k.j.r.ClassPreparationMethodBuilder clPrepBuilder: Inner Class detected. Reject building class initialisation methods. 
146589     DEBUG main            d.u.i.k.p.i.AbstractProblemLoader Init config took 3.02s 
146648     INFO  main            d.u.i.k.p.i.AbstractProblemLoader Replaying proof ArrayList.ArrayListIterator[ArrayList.ArrayListIterator::ArrayListIterator(ArrayList)].JML normal_behavior operation contract.0 
146755     DEBUG main            d.u.i.k.p.i.IntermediateProofReplayer Proof replay took 103.35ms 
146757     DEBUG main            d.u.i.k.p.r.p.TestFile    ... success: reloaded. 
146758     INFO  main            d.u.i.k.p.r.p.TestFile    Now processing file /home/runner/work/key/key/key.core/../key.ui/examples/heap/list/ArrayList.ArrayListIterator_hasNext_dep.key 
146759     INFO  main            d.u.i.k.p.i.AbstractProblemLoader Loading environment from /home/runner/work/key/key/key.core/../key.ui/examples/heap/list/ArrayList.ArrayListIterator_hasNext_dep.key 
146759     DEBUG main            d.u.i.k.p.i.AbstractProblemLoader Environment load took 252.8ns 
146760     INFO  main            d.u.i.k.p.i.AbstractProblemLoader Creating init config 
147742     DEBUG main            d.u.i.k.j.r.ClassPreparationMethodBuilder clPrepBuilder: Inner Class detected. Reject building class initialisation methods. 
149788     DEBUG main            d.u.i.k.p.i.AbstractProblemLoader Init config took 3.03s 
149841     INFO  main            d.u.i.k.p.i.AbstractProblemLoader Replaying proof ArrayList.ArrayListIterator[ListIterator::hasNext()].JML accessible clause.0 
149843     DEBUG main            d.u.i.k.p.i.IntermediateProofReplayer Proof replay took 6.3ns 
150247     INFO  main            d.u.i.k.p.r.p.TestFile    ... finished proof: closed. 
150481     INFO  main            d.u.i.k.p.i.AbstractProblemLoader Loading environment from /home/runner/work/key/key/key.core/../key.ui/examples/heap/list/ArrayList.ArrayListIterator_hasNext_dep.key.proof 
150481     DEBUG main            d.u.i.k.p.i.AbstractProblemLoader Environment load took 128.9ns 
150482     INFO  main            d.u.i.k.p.i.AbstractProblemLoader Creating init config 
151437     DEBUG main            d.u.i.k.j.r.ClassPreparationMethodBuilder clPrepBuilder: Inner Class detected. Reject building class initialisation methods. 
153483     DEBUG main            d.u.i.k.p.i.AbstractProblemLoader Init config took 3s 
153535     INFO  main            d.u.i.k.p.i.AbstractProblemLoader Replaying proof ArrayList.ArrayListIterator[ListIterator::hasNext()].JML accessible clause.0 
153589     DEBUG main            d.u.i.k.p.i.IntermediateProofReplayer Proof replay took 51.11ms 
153590     DEBUG main            d.u.i.k.p.r.p.TestFile    ... success: reloaded. 
153591     INFO  main            d.u.i.k.p.r.p.TestFile    Now processing file /home/runner/work/key/key/key.core/../key.ui/examples/heap/list/ArrayList.ArrayListIterator_hasNext.key 
153591     INFO  main            d.u.i.k.p.i.AbstractProblemLoader Loading environment from /home/runner/work/key/key/key.core/../key.ui/examples/heap/list/ArrayList.ArrayListIterator_hasNext.key 
153592     DEBUG main            d.u.i.k.p.i.AbstractProblemLoader Environment load took 231.49ns 
153593     INFO  main            d.u.i.k.p.i.AbstractProblemLoader Creating init config 
154585     DEBUG main            d.u.i.k.j.r.ClassPreparationMethodBuilder clPrepBuilder: Inner Class detected. Reject building class initialisation methods. 
156702     DEBUG main            d.u.i.k.p.i.AbstractProblemLoader Init config took 3.11s 
156756     INFO  main            d.u.i.k.p.i.AbstractProblemLoader Replaying proof ArrayList.ArrayListIterator[ListIterator::hasNext()].JML normal_behavior operation contract.0 
156758     DEBUG main            d.u.i.k.p.i.IntermediateProofReplayer Proof replay took 6.5ns 
157161     INFO  main            d.u.i.k.p.r.p.TestFile    ... finished proof: closed. 
157423     INFO  main            d.u.i.k.p.i.AbstractProblemLoader Loading environment from /home/runner/work/key/key/key.core/../key.ui/examples/heap/list/ArrayList.ArrayListIterator_hasNext.key.proof 
157423     DEBUG main            d.u.i.k.p.i.AbstractProblemLoader Environment load took 119ns 
157424     INFO  main            d.u.i.k.p.i.AbstractProblemLoader Creating init config 
158389     DEBUG main            d.u.i.k.j.r.ClassPreparationMethodBuilder clPrepBuilder: Inner Class detected. Reject building class initialisation methods. 
160404     DEBUG main            d.u.i.k.p.i.AbstractProblemLoader Init config took 2.98s 
160470     INFO  main            d.u.i.k.p.i.AbstractProblemLoader Replaying proof ArrayList.ArrayListIterator[ListIterator::hasNext()].JML normal_behavior operation contract.0 
160526     DEBUG main            d.u.i.k.p.i.IntermediateProofReplayer Proof replay took 52.76ms 
160527     DEBUG main            d.u.i.k.p.r.p.TestFile    ... success: reloaded. 
160528     INFO  main            d.u.i.k.p.r.p.TestFile    Now processing file /home/runner/work/key/key/key.core/../key.ui/examples/heap/list/ArrayList.ArrayListIterator_inv.key 
160528     INFO  main            d.u.i.k.p.i.AbstractProblemLoader Loading environment from /home/runner/work/key/key/key.core/../key.ui/examples/heap/list/ArrayList.ArrayListIterator_inv.key 
160529     DEBUG main            d.u.i.k.p.i.AbstractProblemLoader Environment load took 132.1ns 
160529     INFO  main            d.u.i.k.p.i.AbstractProblemLoader Creating init config 
161499     DEBUG main            d.u.i.k.j.r.ClassPreparationMethodBuilder clPrepBuilder: Inner Class detected. Reject building class initialisation methods. 
163551     DEBUG main            d.u.i.k.p.i.AbstractProblemLoader Init config took 3.02s 
163640     INFO  main            d.u.i.k.p.i.AbstractProblemLoader Replaying proof ArrayList.ArrayListIterator[java.lang.Object::<inv>()].JML accessible clause.0 
163641     DEBUG main            d.u.i.k.p.i.IntermediateProofReplayer Proof replay took 6.2ns 
164645     INFO  main            d.u.i.k.p.r.p.TestFile    ... finished proof: closed. 
164899     INFO  main            d.u.i.k.p.i.AbstractProblemLoader Loading environment from /home/runner/work/key/key/key.core/../key.ui/examples/heap/list/ArrayList.ArrayListIterator_inv.key.proof 
164899     DEBUG main            d.u.i.k.p.i.AbstractProblemLoader Environment load took 230.71ns 
164901     INFO  main            d.u.i.k.p.i.AbstractProblemLoader Creating init config 
165868     DEBUG main            d.u.i.k.j.r.ClassPreparationMethodBuilder clPrepBuilder: Inner Class detected. Reject building class initialisation methods. 
167879     DEBUG main            d.u.i.k.p.i.AbstractProblemLoader Init config took 2.98s 
167931     INFO  main            d.u.i.k.p.i.AbstractProblemLoader Replaying proof ArrayList.ArrayListIterator[java.lang.Object::<inv>()].JML accessible clause.0 
168031     DEBUG main            d.u.i.k.p.i.IntermediateProofReplayer Proof replay took 94.88ms 
168034     DEBUG main            d.u.i.k.p.r.p.TestFile    ... success: reloaded. 
168036     INFO  main            d.u.i.k.p.r.p.TestFile    Now processing file /home/runner/work/key/key/key.core/../key.ui/examples/heap/list/ArrayList.ArrayListIterator_list.key 
168036     INFO  main            d.u.i.k.p.i.AbstractProblemLoader Loading environment from /home/runner/work/key/key/key.core/../key.ui/examples/heap/list/ArrayList.ArrayListIterator_list.key 
168037     DEBUG main            d.u.i.k.p.i.AbstractProblemLoader Environment load took 235.3ns 
168039     INFO  main            d.u.i.k.p.i.AbstractProblemLoader Creating init config 
169006     DEBUG main            d.u.i.k.j.r.ClassPreparationMethodBuilder clPrepBuilder: Inner Class detected. Reject building class initialisation methods. 
171079     DEBUG main            d.u.i.k.p.i.AbstractProblemLoader Init config took 3.04s 
171123     INFO  main            d.u.i.k.p.i.AbstractProblemLoader Replaying proof ListIterator[ListIterator::$list()].JML accessible clause.0 
171124     DEBUG main            d.u.i.k.p.i.IntermediateProofReplayer Proof replay took 7.1ns 
171226     INFO  main            d.u.i.k.p.r.p.TestFile    ... finished proof: closed. 
171482     INFO  main            d.u.i.k.p.i.AbstractProblemLoader Loading environment from /home/runner/work/key/key/key.core/../key.ui/examples/heap/list/ArrayList.ArrayListIterator_list.key.proof 
171483     DEBUG main            d.u.i.k.p.i.AbstractProblemLoader Environment load took 114.1ns 
171483     INFO  main            d.u.i.k.p.i.AbstractProblemLoader Creating init config 
172442     DEBUG main            d.u.i.k.j.r.ClassPreparationMethodBuilder clPrepBuilder: Inner Class detected. Reject building class initialisation methods. 
174460     DEBUG main            d.u.i.k.p.i.AbstractProblemLoader Init config took 2.98s 
174499     INFO  main            d.u.i.k.p.i.AbstractProblemLoader Replaying proof ListIterator[ListIterator::$list()].JML accessible clause.0 
174501     DEBUG main            d.u.i.k.p.i.IntermediateProofReplayer Proof replay took 1.11ms 
174502     DEBUG main            d.u.i.k.p.r.p.TestFile    ... success: reloaded. 
174503     INFO  main            d.u.i.k.p.r.p.TestFile    Now processing file /home/runner/work/key/key/key.core/../key.ui/examples/heap/list/ArrayList.ArrayListIterator_next_exceptional.key 
174503     INFO  main            d.u.i.k.p.i.AbstractProblemLoader Loading environment from /home/runner/work/key/key/key.core/../key.ui/examples/heap/list/ArrayList.ArrayListIterator_next_exceptional.key 
174503     DEBUG main            d.u.i.k.p.i.AbstractProblemLoader Environment load took 61.3ns 
174504     INFO  main            d.u.i.k.p.i.AbstractProblemLoader Creating init config 
175487     DEBUG main            d.u.i.k.j.r.ClassPreparationMethodBuilder clPrepBuilder: Inner Class detected. Reject building class initialisation methods. 
177577     DEBUG main            d.u.i.k.p.i.AbstractProblemLoader Init config took 3.07s 
177632     INFO  main            d.u.i.k.p.i.AbstractProblemLoader Replaying proof ArrayList.ArrayListIterator[ListIterator::next()].JML exceptional_behavior operation contract.0 
177634     DEBUG main            d.u.i.k.p.i.IntermediateProofReplayer Proof replay took 5.6ns 
178539     INFO  main            d.u.i.k.p.r.p.TestFile    ... finished proof: closed. 
178808     INFO  main            d.u.i.k.p.i.AbstractProblemLoader Loading environment from /home/runner/work/key/key/key.core/../key.ui/examples/heap/list/ArrayList.ArrayListIterator_next_exceptional.key.proof 
178808     DEBUG main            d.u.i.k.p.i.AbstractProblemLoader Environment load took 471.31ns 
178810     INFO  main            d.u.i.k.p.i.AbstractProblemLoader Creating init config 
179783     DEBUG main            d.u.i.k.j.r.ClassPreparationMethodBuilder clPrepBuilder: Inner Class detected. Reject building class initialisation methods. 
181789     DEBUG main            d.u.i.k.p.i.AbstractProblemLoader Init config took 2.98s 
181844     INFO  main            d.u.i.k.p.i.AbstractProblemLoader Replaying proof ArrayList.ArrayListIterator[ListIterator::next()].JML exceptional_behavior operation contract.0 
182015     DEBUG main            d.u.i.k.p.i.IntermediateProofReplayer Proof replay took 167.54ms 
182017     DEBUG main            d.u.i.k.p.r.p.TestFile    ... success: reloaded. 
182018     INFO  main            d.u.i.k.p.r.p.TestFile    Now processing file /home/runner/work/key/key/key.core/../key.ui/examples/heap/list/ArrayList.ArrayListIterator_next_normal.key 
182018     INFO  main            d.u.i.k.p.i.AbstractProblemLoader Loading environment from /home/runner/work/key/key/key.core/../key.ui/examples/heap/list/ArrayList.ArrayListIterator_next_normal.key 
182018     DEBUG main            d.u.i.k.p.i.AbstractProblemLoader Environment load took 101ns 
182019     INFO  main            d.u.i.k.p.i.AbstractProblemLoader Creating init config 
182991     DEBUG main            d.u.i.k.j.r.ClassPreparationMethodBuilder clPrepBuilder: Inner Class detected. Reject building class initialisation methods. 
185062     DEBUG main            d.u.i.k.p.i.AbstractProblemLoader Init config took 3.04s 
185114     INFO  main            d.u.i.k.p.i.AbstractProblemLoader Replaying proof ArrayList.ArrayListIterator[ListIterator::next()].JML normal_behavior operation contract.0 
185116     DEBUG main            d.u.i.k.p.i.IntermediateProofReplayer Proof replay took 7.2ns 
186048     INFO  main            d.u.i.k.p.r.p.TestFile    ... finished proof: closed. 
186327     INFO  main            d.u.i.k.p.i.AbstractProblemLoader Loading environment from /home/runner/work/key/key/key.core/../key.ui/examples/heap/list/ArrayList.ArrayListIterator_next_normal.key.proof 
186327     DEBUG main            d.u.i.k.p.i.AbstractProblemLoader Environment load took 128.7ns 
186328     INFO  main            d.u.i.k.p.i.AbstractProblemLoader Creating init config 
187277     DEBUG main            d.u.i.k.j.r.ClassPreparationMethodBuilder clPrepBuilder: Inner Class detected. Reject building class initialisation methods. 
189282     DEBUG main            d.u.i.k.p.i.AbstractProblemLoader Init config took 2.95s 
189348     INFO  main            d.u.i.k.p.i.AbstractProblemLoader Replaying proof ArrayList.ArrayListIterator[ListIterator::next()].JML normal_behavior operation contract.0 
189525     DEBUG main            d.u.i.k.p.i.IntermediateProofReplayer Proof replay took 172.14ms 
189526     DEBUG main            d.u.i.k.p.r.p.TestFile    ... success: reloaded. 
189527     INFO  main            d.u.i.k.p.r.p.TestFile    Now processing file /home/runner/work/key/key/key.core/../key.ui/examples/heap/list/ArrayList.ArrayListIterator_pos.key 
189527     INFO  main            d.u.i.k.p.i.AbstractProblemLoader Loading environment from /home/runner/work/key/key/key.core/../key.ui/examples/heap/list/ArrayList.ArrayListIterator_pos.key 
189527     DEBUG main            d.u.i.k.p.i.AbstractProblemLoader Environment load took 103ns 
189528     INFO  main            d.u.i.k.p.i.AbstractProblemLoader Creating init config 
190523     DEBUG main            d.u.i.k.j.r.ClassPreparationMethodBuilder clPrepBuilder: Inner Class detected. Reject building class initialisation methods. 
192579     DEBUG main            d.u.i.k.p.i.AbstractProblemLoader Init config took 3.05s 
192619     INFO  main            d.u.i.k.p.i.AbstractProblemLoader Replaying proof ListIterator[ListIterator::$pos()].JML accessible clause.0 
192620     DEBUG main            d.u.i.k.p.i.IntermediateProofReplayer Proof replay took 6ns 
192722     INFO  main            d.u.i.k.p.r.p.TestFile    ... finished proof: closed. 
192990     INFO  main            d.u.i.k.p.i.AbstractProblemLoader Loading environment from /home/runner/work/key/key/key.core/../key.ui/examples/heap/list/ArrayList.ArrayListIterator_pos.key.proof 
192990     DEBUG main            d.u.i.k.p.i.AbstractProblemLoader Environment load took 122.2ns 
192991     INFO  main            d.u.i.k.p.i.AbstractProblemLoader Creating init config 
193936     DEBUG main            d.u.i.k.j.r.ClassPreparationMethodBuilder clPrepBuilder: Inner Class detected. Reject building class initialisation methods. 
195946     DEBUG main            d.u.i.k.p.i.AbstractProblemLoader Init config took 2.96s 
195986     INFO  main            d.u.i.k.p.i.AbstractProblemLoader Replaying proof ListIterator[ListIterator::$pos()].JML accessible clause.0 
195988     DEBUG main            d.u.i.k.p.i.IntermediateProofReplayer Proof replay took 936.81ns 
195989     DEBUG main            d.u.i.k.p.r.p.TestFile    ... success: reloaded. 
195990     INFO  main            d.u.i.k.p.r.p.TestFile    Now processing file /home/runner/work/key/key/key.core/../key.ui/examples/heap/list/Client_m.key 
195990     INFO  main            d.u.i.k.p.i.AbstractProblemLoader Loading environment from /home/runner/work/key/key/key.core/../key.ui/examples/heap/list/Client_m.key 
195990     DEBUG main            d.u.i.k.p.i.AbstractProblemLoader Environment load took 120.3ns 
195991     INFO  main            d.u.i.k.p.i.AbstractProblemLoader Creating init config 
196982     DEBUG main            d.u.i.k.j.r.ClassPreparationMethodBuilder clPrepBuilder: Inner Class detected. Reject building class initialisation methods. 
199051     DEBUG main            d.u.i.k.p.i.AbstractProblemLoader Init config took 3.06s 
199092     INFO  main            d.u.i.k.p.i.AbstractProblemLoader Replaying proof Client[Client::m(List)].JML normal_behavior operation contract.0 
199094     DEBUG main            d.u.i.k.p.i.IntermediateProofReplayer Proof replay took 6.3ns 
199396     INFO  main            d.u.i.k.p.r.p.TestFile    ... finished proof: closed. 
199687     INFO  main            d.u.i.k.p.i.AbstractProblemLoader Loading environment from /home/runner/work/key/key/key.core/../key.ui/examples/heap/list/Client_m.key.proof 
199687     DEBUG main            d.u.i.k.p.i.AbstractProblemLoader Environment load took 123.4ns 
199688     INFO  main            d.u.i.k.p.i.AbstractProblemLoader Creating init config 
200645     DEBUG main            d.u.i.k.j.r.ClassPreparationMethodBuilder clPrepBuilder: Inner Class detected. Reject building class initialisation methods. 
202667     DEBUG main            d.u.i.k.p.i.AbstractProblemLoader Init config took 2.98s 
202708     INFO  main            d.u.i.k.p.i.AbstractProblemLoader Replaying proof Client[Client::m(List)].JML normal_behavior operation contract.0 
202768     DEBUG main            d.u.i.k.p.i.IntermediateProofReplayer Proof replay took 58.19ms 
202770     DEBUG main            d.u.i.k.p.r.p.TestFile    ... success: reloaded. 
202770     INFO  main            d.u.i.k.p.r.p.TestFile    Now processing file /home/runner/work/key/key/key.core/../key.ui/examples/heap/list/Client_n.key 
202771     INFO  main            d.u.i.k.p.i.AbstractProblemLoader Loading environment from /home/runner/work/key/key/key.core/../key.ui/examples/heap/list/Client_n.key 
202771     DEBUG main            d.u.i.k.p.i.AbstractProblemLoader Environment load took 58.5ns 
202771     INFO  main            d.u.i.k.p.i.AbstractProblemLoader Creating init config 
203738     DEBUG main            d.u.i.k.j.r.ClassPreparationMethodBuilder clPrepBuilder: Inner Class detected. Reject building class initialisation methods. 
205819     DEBUG main            d.u.i.k.p.i.AbstractProblemLoader Init config took 3.05s 
205858     INFO  main            d.u.i.k.p.i.AbstractProblemLoader Replaying proof Client[Client::n(List)].JML normal_behavior operation contract.0 
205859     DEBUG main            d.u.i.k.p.i.IntermediateProofReplayer Proof replay took 5.6ns 
205962     INFO  main            d.u.i.k.p.r.p.TestFile    ... finished proof: closed. 
206257     INFO  main            d.u.i.k.p.i.AbstractProblemLoader Loading environment from /home/runner/work/key/key/key.core/../key.ui/examples/heap/list/Client_n.key.proof 
206257     DEBUG main            d.u.i.k.p.i.AbstractProblemLoader Environment load took 121.6ns 
206258     INFO  main            d.u.i.k.p.i.AbstractProblemLoader Creating init config 
207222     DEBUG main            d.u.i.k.j.r.ClassPreparationMethodBuilder clPrepBuilder: Inner Class detected. Reject building class initialisation methods. 
209234     DEBUG main            d.u.i.k.p.i.AbstractProblemLoader Init config took 2.98s 
209274     INFO  main            d.u.i.k.p.i.AbstractProblemLoader Replaying proof Client[Client::n(List)].JML normal_behavior operation contract.0 
209293     DEBUG main            d.u.i.k.p.i.IntermediateProofReplayer Proof replay took 17.15ms 
209294     DEBUG main            d.u.i.k.p.r.p.TestFile    ... success: reloaded. 
209295     INFO  main            d.u.i.k.p.r.p.TestFile    Now processing file /home/runner/work/key/key/key.core/../key.ui/examples/heap/list/LinkedList_get_exceptional.key 
209296     INFO  main            d.u.i.k.p.i.AbstractProblemLoader Loading environment from /home/runner/work/key/key/key.core/../key.ui/examples/heap/list/LinkedList_get_exceptional.key 
209296     DEBUG main            d.u.i.k.p.i.AbstractProblemLoader Environment load took 98.1ns 
209296     INFO  main            d.u.i.k.p.i.AbstractProblemLoader Creating init config 
210260     DEBUG main            d.u.i.k.j.r.ClassPreparationMethodBuilder clPrepBuilder: Inner Class detected. Reject building class initialisation methods. 
212314     DEBUG main            d.u.i.k.p.i.AbstractProblemLoader Init config took 3.02s 
212378     INFO  main            d.u.i.k.p.i.AbstractProblemLoader Replaying proof LinkedList[List::get(int)].JML exceptional_behavior operation contract.0 
212380     DEBUG main            d.u.i.k.p.i.IntermediateProofReplayer Proof replay took 6.4ns 
214686     INFO  main            d.u.i.k.p.r.p.TestFile    ... finished proof: closed. 
214989     INFO  main            d.u.i.k.p.i.AbstractProblemLoader Loading environment from /home/runner/work/key/key/key.core/../key.ui/examples/heap/list/LinkedList_get_exceptional.key.proof 
214989     DEBUG main            d.u.i.k.p.i.AbstractProblemLoader Environment load took 123.2ns 
214990     INFO  main            d.u.i.k.p.i.AbstractProblemLoader Creating init config 
215946     DEBUG main            d.u.i.k.j.r.ClassPreparationMethodBuilder clPrepBuilder: Inner Class detected. Reject building class initialisation methods. 
217960     DEBUG main            d.u.i.k.p.i.AbstractProblemLoader Init config took 2.97s 
218005     INFO  main            d.u.i.k.p.i.AbstractProblemLoader Replaying proof LinkedList[List::get(int)].JML exceptional_behavior operation contract.0 
218320     DEBUG main            d.u.i.k.p.i.IntermediateProofReplayer Proof replay took 307.03ms 
218321     DEBUG main            d.u.i.k.p.r.p.TestFile    ... success: reloaded. 
218322     INFO  main            d.u.i.k.p.r.p.TestFile    Now processing file /home/runner/work/key/key/key.core/../key.ui/examples/heap/list/LinkedList_get_normal.key 
218322     INFO  main            d.u.i.k.p.i.AbstractProblemLoader Loading environment from /home/runner/work/key/key/key.core/../key.ui/examples/heap/list/LinkedList_get_normal.key 
218323     DEBUG main            d.u.i.k.p.i.AbstractProblemLoader Environment load took 122.4ns 
218323     INFO  main            d.u.i.k.p.i.AbstractProblemLoader Creating init config 
219328     DEBUG main            d.u.i.k.j.r.ClassPreparationMethodBuilder clPrepBuilder: Inner Class detected. Reject building class initialisation methods. 
221365     DEBUG main            d.u.i.k.p.i.AbstractProblemLoader Init config took 3.04s 
221410     INFO  main            d.u.i.k.p.i.AbstractProblemLoader Replaying proof LinkedList[List::get(int)].JML normal_behavior operation contract.0 
221411     DEBUG main            d.u.i.k.p.i.IntermediateProofReplayer Proof replay took 5.7ns 
227066     INFO  main            d.u.i.k.p.r.p.TestFile    ... finished proof: closed. 
227444     INFO  main            d.u.i.k.p.i.AbstractProblemLoader Loading environment from /home/runner/work/key/key/key.core/../key.ui/examples/heap/list/LinkedList_get_normal.key.proof 
227445     DEBUG main            d.u.i.k.p.i.AbstractProblemLoader Environment load took 516.91ns 
227447     INFO  main            d.u.i.k.p.i.AbstractProblemLoader Creating init config 
228391     DEBUG main            d.u.i.k.j.r.ClassPreparationMethodBuilder clPrepBuilder: Inner Class detected. Reject building class initialisation methods. 
230381     DEBUG main            d.u.i.k.p.i.AbstractProblemLoader Init config took 2.93s 
230429     INFO  main            d.u.i.k.p.i.AbstractProblemLoader Replaying proof LinkedList[List::get(int)].JML normal_behavior operation contract.0 
230876     DEBUG main            d.u.i.k.p.i.IntermediateProofReplayer Proof replay took 428.31ms 
230878     DEBUG main            d.u.i.k.p.r.p.TestFile    ... success: reloaded. 
230879     INFO  main            d.u.i.k.p.r.p.TestFile    Now processing file /home/runner/work/key/key/key.core/../key.ui/examples/heap/list/LinkedList_LinkedList.key 
230879     INFO  main            d.u.i.k.p.i.AbstractProblemLoader Loading environment from /home/runner/work/key/key/key.core/../key.ui/examples/heap/list/LinkedList_LinkedList.key 
230879     DEBUG main            d.u.i.k.p.i.AbstractProblemLoader Environment load took 96.7ns 
230880     INFO  main            d.u.i.k.p.i.AbstractProblemLoader Creating init config 
231865     DEBUG main            d.u.i.k.j.r.ClassPreparationMethodBuilder clPrepBuilder: Inner Class detected. Reject building class initialisation methods. 
233899     DEBUG main            d.u.i.k.p.i.AbstractProblemLoader Init config took 3.02s 
233943     INFO  main            d.u.i.k.p.i.AbstractProblemLoader Replaying proof LinkedList[LinkedList::LinkedList()].JML normal_behavior operation contract.0 
233944     DEBUG main            d.u.i.k.p.i.IntermediateProofReplayer Proof replay took 6.1ns 
234448     INFO  main            d.u.i.k.p.r.p.TestFile    ... finished proof: closed. 
234771     INFO  main            d.u.i.k.p.i.AbstractProblemLoader Loading environment from /home/runner/work/key/key/key.core/../key.ui/examples/heap/list/LinkedList_LinkedList.key.proof 
234771     DEBUG main            d.u.i.k.p.i.AbstractProblemLoader Environment load took 116.6ns 
234772     INFO  main            d.u.i.k.p.i.AbstractProblemLoader Creating init config 
235712     DEBUG main            d.u.i.k.j.r.ClassPreparationMethodBuilder clPrepBuilder: Inner Class detected. Reject building class initialisation methods. 
237709     DEBUG main            d.u.i.k.p.i.AbstractProblemLoader Init config took 2.94s 
237754     INFO  main            d.u.i.k.p.i.AbstractProblemLoader Replaying proof LinkedList[LinkedList::LinkedList()].JML normal_behavior operation contract.0 
237848     DEBUG main            d.u.i.k.p.i.IntermediateProofReplayer Proof replay took 91.41ms 
237850     DEBUG main            d.u.i.k.p.r.p.TestFile    ... success: reloaded. 
237851     INFO  main            d.u.i.k.p.r.p.TestFile    Now processing file /home/runner/work/key/key/key.core/../key.ui/examples/heap/list/LinkedList_size_dep.key 
237851     INFO  main            d.u.i.k.p.i.AbstractProblemLoader Loading environment from /home/runner/work/key/key/key.core/../key.ui/examples/heap/list/LinkedList_size_dep.key 
237851     DEBUG main            d.u.i.k.p.i.AbstractProblemLoader Environment load took 105.7ns 
237852     INFO  main            d.u.i.k.p.i.AbstractProblemLoader Creating init config 
238812     DEBUG main            d.u.i.k.j.r.ClassPreparationMethodBuilder clPrepBuilder: Inner Class detected. Reject building class initialisation methods. 
240856     DEBUG main            d.u.i.k.p.i.AbstractProblemLoader Init config took 3s 
240899     INFO  main            d.u.i.k.p.i.AbstractProblemLoader Replaying proof LinkedList[List::size()].JML accessible clause.0 
240901     DEBUG main            d.u.i.k.p.i.IntermediateProofReplayer Proof replay took 6ns 
241505     INFO  main            d.u.i.k.p.r.p.TestFile    ... finished proof: closed. 
241805     INFO  main            d.u.i.k.p.i.AbstractProblemLoader Loading environment from /home/runner/work/key/key/key.core/../key.ui/examples/heap/list/LinkedList_size_dep.key.proof 
241805     DEBUG main            d.u.i.k.p.i.AbstractProblemLoader Environment load took 114.6ns 
241806     INFO  main            d.u.i.k.p.i.AbstractProblemLoader Creating init config 
242750     DEBUG main            d.u.i.k.j.r.ClassPreparationMethodBuilder clPrepBuilder: Inner Class detected. Reject building class initialisation methods. 
244748     DEBUG main            d.u.i.k.p.i.AbstractProblemLoader Init config took 2.94s 
244792     INFO  main            d.u.i.k.p.i.AbstractProblemLoader Replaying proof LinkedList[List::size()].JML accessible clause.0 
244841     DEBUG main            d.u.i.k.p.i.IntermediateProofReplayer Proof replay took 46.49ms 
244843     DEBUG main            d.u.i.k.p.r.p.TestFile    ... success: reloaded. 
244844     INFO  main            d.u.i.k.p.r.p.TestFile    Now processing file /home/runner/work/key/key/key.core/../key.ui/examples/heap/list/LinkedList_size.key 
244844     INFO  main            d.u.i.k.p.i.AbstractProblemLoader Loading environment from /home/runner/work/key/key/key.core/../key.ui/examples/heap/list/LinkedList_size.key 
244844     DEBUG main            d.u.i.k.p.i.AbstractProblemLoader Environment load took 93.7ns 
244845     INFO  main            d.u.i.k.p.i.AbstractProblemLoader Creating init config 
245843     DEBUG main            d.u.i.k.j.r.ClassPreparationMethodBuilder clPrepBuilder: Inner Class detected. Reject building class initialisation methods. 
247888     DEBUG main            d.u.i.k.p.i.AbstractProblemLoader Init config took 3.04s 
247931     INFO  main            d.u.i.k.p.i.AbstractProblemLoader Replaying proof LinkedList[List::size()].JML normal_behavior operation contract.0 
247933     DEBUG main            d.u.i.k.p.i.IntermediateProofReplayer Proof replay took 6.4ns 
248439     INFO  main            d.u.i.k.p.r.p.TestFile    ... finished proof: closed. 
248748     INFO  main            d.u.i.k.p.i.AbstractProblemLoader Loading environment from /home/runner/work/key/key/key.core/../key.ui/examples/heap/list/LinkedList_size.key.proof 
248748     DEBUG main            d.u.i.k.p.i.AbstractProblemLoader Environment load took 157.4ns 
248749     INFO  main            d.u.i.k.p.i.AbstractProblemLoader Creating init config 
249692     DEBUG main            d.u.i.k.j.r.ClassPreparationMethodBuilder clPrepBuilder: Inner Class detected. Reject building class initialisation methods. 
251681     DEBUG main            d.u.i.k.p.i.AbstractProblemLoader Init config took 2.93s 
251725     INFO  main            d.u.i.k.p.i.AbstractProblemLoader Replaying proof LinkedList[List::size()].JML normal_behavior operation contract.0 
251783     DEBUG main            d.u.i.k.p.i.IntermediateProofReplayer Proof replay took 55.52ms 
251783     DEBUG main            d.u.i.k.p.r.p.TestFile    ... success: reloaded. 
251784     INFO  main            d.u.i.k.p.r.p.TestFile    Now processing file /home/runner/work/key/key/key.core/../key.ui/examples/heap/list/MySet_footprint.key 
251785     INFO  main            d.u.i.k.p.i.AbstractProblemLoader Loading environment from /home/runner/work/key/key/key.core/../key.ui/examples/heap/list/MySet_footprint.key 
251785     DEBUG main            d.u.i.k.p.i.AbstractProblemLoader Environment load took 158.4ns 
251785     INFO  main            d.u.i.k.p.i.AbstractProblemLoader Creating init config 
252749     DEBUG main            d.u.i.k.j.r.ClassPreparationMethodBuilder clPrepBuilder: Inner Class detected. Reject building class initialisation methods. 
254792     DEBUG main            d.u.i.k.p.i.AbstractProblemLoader Init config took 3.01s 
254838     INFO  main            d.u.i.k.p.i.AbstractProblemLoader Replaying proof MySet[MySet::$footprint()].JML accessible clause.0 
254840     DEBUG main            d.u.i.k.p.i.IntermediateProofReplayer Proof replay took 7ns 
255143     INFO  main            d.u.i.k.p.r.p.TestFile    ... finished proof: closed. 
255479     INFO  main            d.u.i.k.p.i.AbstractProblemLoader Loading environment from /home/runner/work/key/key/key.core/../key.ui/examples/heap/list/MySet_footprint.key.proof 
255479     DEBUG main            d.u.i.k.p.i.AbstractProblemLoader Environment load took 116.9ns 
255480     INFO  main            d.u.i.k.p.i.AbstractProblemLoader Creating init config 
256420     DEBUG main            d.u.i.k.j.r.ClassPreparationMethodBuilder clPrepBuilder: Inner Class detected. Reject building class initialisation methods. 
258409     DEBUG main            d.u.i.k.p.i.AbstractProblemLoader Init config took 2.93s 
258467     INFO  main            d.u.i.k.p.i.AbstractProblemLoader Replaying proof MySet[MySet::$footprint()].JML accessible clause.0 
258500     DEBUG main            d.u.i.k.p.i.IntermediateProofReplayer Proof replay took 29.32ms 
258501     DEBUG main            d.u.i.k.p.r.p.TestFile    ... success: reloaded. 
258502     INFO  main            d.u.i.k.p.r.p.TestFile    Now processing file /home/runner/work/key/key/key.core/../key.ui/examples/heap/list/MySet_MySet.key 
258502     INFO  main            d.u.i.k.p.i.AbstractProblemLoader Loading environment from /home/runner/work/key/key/key.core/../key.ui/examples/heap/list/MySet_MySet.key 
258502     DEBUG main            d.u.i.k.p.i.AbstractProblemLoader Environment load took 112.9ns 
258503     INFO  main            d.u.i.k.p.i.AbstractProblemLoader Creating init config 
259464     DEBUG main            d.u.i.k.j.r.ClassPreparationMethodBuilder clPrepBuilder: Inner Class detected. Reject building class initialisation methods. 
261519     DEBUG main            d.u.i.k.p.i.AbstractProblemLoader Init config took 3.02s 
261566     INFO  main            d.u.i.k.p.i.AbstractProblemLoader Replaying proof MySet[MySet::MySet()].JML normal_behavior operation contract.0 
261567     DEBUG main            d.u.i.k.p.i.IntermediateProofReplayer Proof replay took 7.1ns 
264130     INFO  main            d.u.i.k.p.r.p.TestFile    ... finished proof: closed. 
264479     INFO  main            d.u.i.k.p.i.AbstractProblemLoader Loading environment from /home/runner/work/key/key/key.core/../key.ui/examples/heap/list/MySet_MySet.key.proof 
264479     DEBUG main            d.u.i.k.p.i.AbstractProblemLoader Environment load took 908.41ns 
264482     INFO  main            d.u.i.k.p.i.AbstractProblemLoader Creating init config 
265440     DEBUG main            d.u.i.k.j.r.ClassPreparationMethodBuilder clPrepBuilder: Inner Class detected. Reject building class initialisation methods. 
267443     DEBUG main            d.u.i.k.p.i.AbstractProblemLoader Init config took 2.96s 
267495     INFO  main            d.u.i.k.p.i.AbstractProblemLoader Replaying proof MySet[MySet::MySet()].JML normal_behavior operation contract.0 
267841     DEBUG main            d.u.i.k.p.i.IntermediateProofReplayer Proof replay took 334.46ms 
267843     DEBUG main            d.u.i.k.p.r.p.TestFile    ... success: reloaded. 
1133133    INFO  Test worker     d.u.i.k.p.r.RunAllProofsTestUnit Returning from test list 
1133134    INFO  Test worker     d.u.i.k.p.r.RunAllProofsTestUnit Running test list_ghost 
351        INFO  Timeout watchdog d.u.i.k.p.r.p.ForkedTestFileRunner Timeout watcher launched (2000 secs.) 
373        WARN  main            d.u.i.k.s.ProofSettings   The settings in /home/runner/.key/proof-settings.props are *not* read. 
404        INFO  main            d.u.i.k.p.r.p.TestFile    Now processing file /home/runner/work/key/key/key.core/../key.ui/examples/heap/list_ghost/ArrayList_add.key 
533        INFO  main            d.u.i.k.p.i.AbstractProblemLoader Loading environment from /home/runner/work/key/key/key.core/../key.ui/examples/heap/list_ghost/ArrayList_add.key 
552        DEBUG main            d.u.i.k.p.i.AbstractProblemLoader Environment load took 2.6ms 
792        INFO  main            d.u.i.k.p.i.AbstractProblemLoader Creating init config 
1732       DEBUG main            d.u.i.k.j.TypeConverter   No LDT found for Meta 
1732       DEBUG main            d.u.i.k.j.TypeConverter   No LDT found for Meta 
1733       DEBUG main            d.u.i.k.j.TypeConverter   No LDT found for Meta 
1733       DEBUG main            d.u.i.k.j.TypeConverter   No LDT found for Meta 
3321       DEBUG main            d.u.i.k.j.TypeConverter   No LDT found for JavaBigintExpression 
8194       DEBUG main            d.u.i.k.p.i.AbstractProblemLoader Init config took 7.4s 
8366       INFO  main            d.u.i.k.p.i.AbstractProblemLoader Replaying proof ArrayList[List::add(java.lang.Object)].JML normal_behavior operation contract.0 
8399       DEBUG main            d.u.i.k.p.i.IntermediateProofReplayer Proof replay took 32.2ns 
13579      INFO  main            d.u.i.k.p.r.p.TestFile    ... finished proof: closed. 
13765      INFO  main            d.u.i.k.p.i.AbstractProblemLoader Loading environment from /home/runner/work/key/key/key.core/../key.ui/examples/heap/list_ghost/ArrayList_add.key.proof 
13765      DEBUG main            d.u.i.k.p.i.AbstractProblemLoader Environment load took 170.7ns 
13770      INFO  main            d.u.i.k.p.i.AbstractProblemLoader Creating init config 
16613      DEBUG main            d.u.i.k.p.i.AbstractProblemLoader Init config took 2.84s 
16688      INFO  main            d.u.i.k.p.i.AbstractProblemLoader Replaying proof ArrayList[List::add(java.lang.Object)].JML normal_behavior operation contract.0 
17412      DEBUG main            d.u.i.k.p.i.IntermediateProofReplayer Proof replay took 698.99ms 
17421      DEBUG main            d.u.i.k.p.r.p.TestFile    ... success: reloaded. 
17423      INFO  main            d.u.i.k.p.r.p.TestFile    Now processing file /home/runner/work/key/key/key.core/../key.ui/examples/heap/list_ghost/ArrayList_ArrayList.key 
17424      INFO  main            d.u.i.k.p.i.AbstractProblemLoader Loading environment from /home/runner/work/key/key/key.core/../key.ui/examples/heap/list_ghost/ArrayList_ArrayList.key 
17424      DEBUG main            d.u.i.k.p.i.AbstractProblemLoader Environment load took 325.4ns 
17426      INFO  main            d.u.i.k.p.i.AbstractProblemLoader Creating init config 
20156      DEBUG main            d.u.i.k.p.i.AbstractProblemLoader Init config took 2.73s 
20215      INFO  main            d.u.i.k.p.i.AbstractProblemLoader Replaying proof ArrayList[ArrayList::ArrayList()].JML normal_behavior operation contract.0 
20218      DEBUG main            d.u.i.k.p.i.IntermediateProofReplayer Proof replay took 7ns 
21324      INFO  main            d.u.i.k.p.r.p.TestFile    ... finished proof: closed. 
21471      INFO  main            d.u.i.k.p.i.AbstractProblemLoader Loading environment from /home/runner/work/key/key/key.core/../key.ui/examples/heap/list_ghost/ArrayList_ArrayList.key.proof 
21471      DEBUG main            d.u.i.k.p.i.AbstractProblemLoader Environment load took 520.91ns 
21473      INFO  main            d.u.i.k.p.i.AbstractProblemLoader Creating init config 
24065      DEBUG main            d.u.i.k.p.i.AbstractProblemLoader Init config took 2.59s 
24117      INFO  main            d.u.i.k.p.i.AbstractProblemLoader Replaying proof ArrayList[ArrayList::ArrayList()].JML normal_behavior operation contract.0 
24291      DEBUG main            d.u.i.k.p.i.IntermediateProofReplayer Proof replay took 165.34ms 
24293      DEBUG main            d.u.i.k.p.r.p.TestFile    ... success: reloaded. 
24294      INFO  main            d.u.i.k.p.r.p.TestFile    Now processing file /home/runner/work/key/key/key.core/../key.ui/examples/heap/list_ghost/ArrayList_enlarge.key 
24294      INFO  main            d.u.i.k.p.i.AbstractProblemLoader Loading environment from /home/runner/work/key/key/key.core/../key.ui/examples/heap/list_ghost/ArrayList_enlarge.key 
24295      DEBUG main            d.u.i.k.p.i.AbstractProblemLoader Environment load took 265ns 
24296      INFO  main            d.u.i.k.p.i.AbstractProblemLoader Creating init config 
26836      DEBUG main            d.u.i.k.p.i.AbstractProblemLoader Init config took 2.54s 
26886      INFO  main            d.u.i.k.p.i.AbstractProblemLoader Replaying proof ArrayList[ArrayList::enlarge()].JML normal_behavior operation contract.0 
26888      DEBUG main            d.u.i.k.p.i.IntermediateProofReplayer Proof replay took 6.5ns 
29100      INFO  main            d.u.i.k.p.r.p.TestFile    ... finished proof: closed. 
29266      INFO  main            d.u.i.k.p.i.AbstractProblemLoader Loading environment from /home/runner/work/key/key/key.core/../key.ui/examples/heap/list_ghost/ArrayList_enlarge.key.proof 
29267      DEBUG main            d.u.i.k.p.i.AbstractProblemLoader Environment load took 496.91ns 
29269      INFO  main            d.u.i.k.p.i.AbstractProblemLoader Creating init config 
31841      DEBUG main            d.u.i.k.p.i.AbstractProblemLoader Init config took 2.57s 
31888      INFO  main            d.u.i.k.p.i.AbstractProblemLoader Replaying proof ArrayList[ArrayList::enlarge()].JML normal_behavior operation contract.0 
32350      DEBUG main            d.u.i.k.p.i.IntermediateProofReplayer Proof replay took 451.04ms 
32355      DEBUG main            d.u.i.k.p.r.p.TestFile    ... success: reloaded. 
32357      INFO  main            d.u.i.k.p.r.p.TestFile    Now processing file /home/runner/work/key/key/key.core/../key.ui/examples/heap/list_ghost/ArrayList_get_dep.key 
32357      INFO  main            d.u.i.k.p.i.AbstractProblemLoader Loading environment from /home/runner/work/key/key/key.core/../key.ui/examples/heap/list_ghost/ArrayList_get_dep.key 
32358      DEBUG main            d.u.i.k.p.i.AbstractProblemLoader Environment load took 246.7ns 
32359      INFO  main            d.u.i.k.p.i.AbstractProblemLoader Creating init config 
34915      DEBUG main            d.u.i.k.p.i.AbstractProblemLoader Init config took 2.56s 
34968      INFO  main            d.u.i.k.p.i.AbstractProblemLoader Replaying proof ArrayList[List::get(int)].JML accessible clause.0 
34970      DEBUG main            d.u.i.k.p.i.IntermediateProofReplayer Proof replay took 7ns 
35374      INFO  main            d.u.i.k.p.r.p.TestFile    ... finished proof: closed. 
35611      INFO  main            d.u.i.k.p.i.AbstractProblemLoader Loading environment from /home/runner/work/key/key/key.core/../key.ui/examples/heap/list_ghost/ArrayList_get_dep.key.proof 
35611      DEBUG main            d.u.i.k.p.i.AbstractProblemLoader Environment load took 611.41ns 
35613      INFO  main            d.u.i.k.p.i.AbstractProblemLoader Creating init config 
38153      DEBUG main            d.u.i.k.p.i.AbstractProblemLoader Init config took 2.54s 
38209      INFO  main            d.u.i.k.p.i.AbstractProblemLoader Replaying proof ArrayList[List::get(int)].JML accessible clause.0 
38278      DEBUG main            d.u.i.k.p.i.IntermediateProofReplayer Proof replay took 65.36ms 
38280      DEBUG main            d.u.i.k.p.r.p.TestFile    ... success: reloaded. 
38281      INFO  main            d.u.i.k.p.r.p.TestFile    Now processing file /home/runner/work/key/key/key.core/../key.ui/examples/heap/list_ghost/ArrayList_get_exceptional.key 
38281      INFO  main            d.u.i.k.p.i.AbstractProblemLoader Loading environment from /home/runner/work/key/key/key.core/../key.ui/examples/heap/list_ghost/ArrayList_get_exceptional.key 
38282      DEBUG main            d.u.i.k.p.i.AbstractProblemLoader Environment load took 263.8ns 
38283      INFO  main            d.u.i.k.p.i.AbstractProblemLoader Creating init config 
40828      DEBUG main            d.u.i.k.p.i.AbstractProblemLoader Init config took 2.55s 
40898      INFO  main            d.u.i.k.p.i.AbstractProblemLoader Replaying proof ArrayList[List::get(int)].JML exceptional_behavior operation contract.0 
40901      DEBUG main            d.u.i.k.p.i.IntermediateProofReplayer Proof replay took 7.6ns 
41730      INFO  main            d.u.i.k.p.r.p.TestFile    ... finished proof: closed. 
41895      INFO  main            d.u.i.k.p.i.AbstractProblemLoader Loading environment from /home/runner/work/key/key/key.core/../key.ui/examples/heap/list_ghost/ArrayList_get_exceptional.key.proof 
41896      DEBUG main            d.u.i.k.p.i.AbstractProblemLoader Environment load took 561.91ns 
41897      INFO  main            d.u.i.k.p.i.AbstractProblemLoader Creating init config 
44394      DEBUG main            d.u.i.k.p.i.AbstractProblemLoader Init config took 2.5s 
44449      INFO  main            d.u.i.k.p.i.AbstractProblemLoader Replaying proof ArrayList[List::get(int)].JML exceptional_behavior operation contract.0 
44645      DEBUG main            d.u.i.k.p.i.IntermediateProofReplayer Proof replay took 182.47ms 
44646      DEBUG main            d.u.i.k.p.r.p.TestFile    ... success: reloaded. 
44647      INFO  main            d.u.i.k.p.r.p.TestFile    Now processing file /home/runner/work/key/key/key.core/../key.ui/examples/heap/list_ghost/ArrayList_get_normal.key 
44648      INFO  main            d.u.i.k.p.i.AbstractProblemLoader Loading environment from /home/runner/work/key/key/key.core/../key.ui/examples/heap/list_ghost/ArrayList_get_normal.key 
44648      DEBUG main            d.u.i.k.p.i.AbstractProblemLoader Environment load took 247.7ns 
44649      INFO  main            d.u.i.k.p.i.AbstractProblemLoader Creating init config 
47150      DEBUG main            d.u.i.k.p.i.AbstractProblemLoader Init config took 2.5s 
47194      INFO  main            d.u.i.k.p.i.AbstractProblemLoader Replaying proof ArrayList[List::get(int)].JML normal_behavior operation contract.0 
47196      DEBUG main            d.u.i.k.p.i.IntermediateProofReplayer Proof replay took 7.5ns 
47499      INFO  main            d.u.i.k.p.r.p.TestFile    ... finished proof: closed. 
47671      INFO  main            d.u.i.k.p.i.AbstractProblemLoader Loading environment from /home/runner/work/key/key/key.core/../key.ui/examples/heap/list_ghost/ArrayList_get_normal.key.proof 
47671      DEBUG main            d.u.i.k.p.i.AbstractProblemLoader Environment load took 129.1ns 
47672      INFO  main            d.u.i.k.p.i.AbstractProblemLoader Creating init config 
50178      DEBUG main            d.u.i.k.p.i.AbstractProblemLoader Init config took 2.51s 
50231      INFO  main            d.u.i.k.p.i.AbstractProblemLoader Replaying proof ArrayList[List::get(int)].JML normal_behavior operation contract.0 
50288      DEBUG main            d.u.i.k.p.i.IntermediateProofReplayer Proof replay took 52.3ms 
50289      DEBUG main            d.u.i.k.p.r.p.TestFile    ... success: reloaded. 
50291      INFO  main            d.u.i.k.p.r.p.TestFile    Now processing file /home/runner/work/key/key/key.core/../key.ui/examples/heap/list_ghost/ArrayList_inv.key 
50291      INFO  main            d.u.i.k.p.i.AbstractProblemLoader Loading environment from /home/runner/work/key/key/key.core/../key.ui/examples/heap/list_ghost/ArrayList_inv.key 
50291      DEBUG main            d.u.i.k.p.i.AbstractProblemLoader Environment load took 109ns 
50292      INFO  main            d.u.i.k.p.i.AbstractProblemLoader Creating init config 
52809      DEBUG main            d.u.i.k.p.i.AbstractProblemLoader Init config took 2.52s 
52849      INFO  main            d.u.i.k.p.i.AbstractProblemLoader Replaying proof ArrayList[java.lang.Object::<inv>()].JML accessible clause.0 
52850      DEBUG main            d.u.i.k.p.i.IntermediateProofReplayer Proof replay took 6.8ns 
52954      INFO  main            d.u.i.k.p.r.p.TestFile    ... finished proof: closed. 
53133      INFO  main            d.u.i.k.p.i.AbstractProblemLoader Loading environment from /home/runner/work/key/key/key.core/../key.ui/examples/heap/list_ghost/ArrayList_inv.key.proof 
53133      DEBUG main            d.u.i.k.p.i.AbstractProblemLoader Environment load took 131.2ns 
53134      INFO  main            d.u.i.k.p.i.AbstractProblemLoader Creating init config 
55589      DEBUG main            d.u.i.k.p.i.AbstractProblemLoader Init config took 2.45s 
55628      INFO  main            d.u.i.k.p.i.AbstractProblemLoader Replaying proof ArrayList[java.lang.Object::<inv>()].JML accessible clause.0 
55640      DEBUG main            d.u.i.k.p.i.IntermediateProofReplayer Proof replay took 9.92ms 
55641      DEBUG main            d.u.i.k.p.r.p.TestFile    ... success: reloaded. 
55642      INFO  main            d.u.i.k.p.r.p.TestFile    Now processing file /home/runner/work/key/key/key.core/../key.ui/examples/heap/list_ghost/ArrayList_size_dep.key 
55642      INFO  main            d.u.i.k.p.i.AbstractProblemLoader Loading environment from /home/runner/work/key/key/key.core/../key.ui/examples/heap/list_ghost/ArrayList_size_dep.key 
55643      DEBUG main            d.u.i.k.p.i.AbstractProblemLoader Environment load took 90.1ns 
55643      INFO  main            d.u.i.k.p.i.AbstractProblemLoader Creating init config 
58125      DEBUG main            d.u.i.k.p.i.AbstractProblemLoader Init config took 2.48s 
58165      INFO  main            d.u.i.k.p.i.AbstractProblemLoader Replaying proof ArrayList[List::size()].JML accessible clause.0 
58166      DEBUG main            d.u.i.k.p.i.IntermediateProofReplayer Proof replay took 7.5ns 
58270      INFO  main            d.u.i.k.p.r.p.TestFile    ... finished proof: closed. 
58447      INFO  main            d.u.i.k.p.i.AbstractProblemLoader Loading environment from /home/runner/work/key/key/key.core/../key.ui/examples/heap/list_ghost/ArrayList_size_dep.key.proof 
58447      DEBUG main            d.u.i.k.p.i.AbstractProblemLoader Environment load took 150.3ns 
58448      INFO  main            d.u.i.k.p.i.AbstractProblemLoader Creating init config 
60886      DEBUG main            d.u.i.k.p.i.AbstractProblemLoader Init config took 2.44s 
60925      INFO  main            d.u.i.k.p.i.AbstractProblemLoader Replaying proof ArrayList[List::size()].JML accessible clause.0 
60941      DEBUG main            d.u.i.k.p.i.IntermediateProofReplayer Proof replay took 13.85ms 
60942      DEBUG main            d.u.i.k.p.r.p.TestFile    ... success: reloaded. 
60944      INFO  main            d.u.i.k.p.r.p.TestFile    Now processing file /home/runner/work/key/key/key.core/../key.ui/examples/heap/list_ghost/ArrayList_size.key 
60944      INFO  main            d.u.i.k.p.i.AbstractProblemLoader Loading environment from /home/runner/work/key/key/key.core/../key.ui/examples/heap/list_ghost/ArrayList_size.key 
60944      DEBUG main            d.u.i.k.p.i.AbstractProblemLoader Environment load took 262.1ns 
60945      INFO  main            d.u.i.k.p.i.AbstractProblemLoader Creating init config 
63429      DEBUG main            d.u.i.k.p.i.AbstractProblemLoader Init config took 2.48s 
63468      INFO  main            d.u.i.k.p.i.AbstractProblemLoader Replaying proof ArrayList[List::size()].JML normal_behavior operation contract.0 
63471      DEBUG main            d.u.i.k.p.i.IntermediateProofReplayer Proof replay took 8ns 
63573      INFO  main            d.u.i.k.p.r.p.TestFile    ... finished proof: closed. 
63757      INFO  main            d.u.i.k.p.i.AbstractProblemLoader Loading environment from /home/runner/work/key/key/key.core/../key.ui/examples/heap/list_ghost/ArrayList_size.key.proof 
63757      DEBUG main            d.u.i.k.p.i.AbstractProblemLoader Environment load took 131ns 
63758      INFO  main            d.u.i.k.p.i.AbstractProblemLoader Creating init config 
66177      DEBUG main            d.u.i.k.p.i.AbstractProblemLoader Init config took 2.42s 
66216      INFO  main            d.u.i.k.p.i.AbstractProblemLoader Replaying proof ArrayList[List::size()].JML normal_behavior operation contract.0 
66231      DEBUG main            d.u.i.k.p.i.IntermediateProofReplayer Proof replay took 13.74ms 
66233      DEBUG main            d.u.i.k.p.r.p.TestFile    ... success: reloaded. 
1199543    INFO  Test worker     d.u.i.k.p.r.RunAllProofsTestUnit Returning from test list_ghost 
1199544    INFO  Test worker     d.u.i.k.p.r.RunAllProofsTestUnit Running test list_recursive 
410        INFO  Timeout watchdog d.u.i.k.p.r.p.ForkedTestFileRunner Timeout watcher launched (2000 secs.) 
427        WARN  main            d.u.i.k.s.ProofSettings   The settings in /home/runner/.key/proof-settings.props are *not* read. 
472        INFO  main            d.u.i.k.p.r.p.TestFile    Now processing file /home/runner/work/key/key/key.core/../key.ui/examples/heap/list_recursiveSpec/ListOperationsNonNull_getNextNN_normal_behavior.key 
597        INFO  main            d.u.i.k.p.i.AbstractProblemLoader Loading environment from /home/runner/work/key/key/key.core/../key.ui/examples/heap/list_recursiveSpec/ListOperationsNonNull_getNextNN_normal_behavior.key 
619        DEBUG main            d.u.i.k.p.i.AbstractProblemLoader Environment load took 1.86ms 
836        INFO  main            d.u.i.k.p.i.AbstractProblemLoader Creating init config 
1770       DEBUG main            d.u.i.k.j.TypeConverter   No LDT found for Meta 
1770       DEBUG main            d.u.i.k.j.TypeConverter   No LDT found for Meta 
1773       DEBUG main            d.u.i.k.j.TypeConverter   No LDT found for Meta 
1774       DEBUG main            d.u.i.k.j.TypeConverter   No LDT found for Meta 
3010       DEBUG main            d.u.i.k.j.TypeConverter   No LDT found for JavaBigintExpression 
8634       DEBUG main            d.u.i.k.p.i.AbstractProblemLoader Init config took 7.8s 
8769       INFO  main            d.u.i.k.p.i.AbstractProblemLoader Replaying proof ListOperationsNonNull[ListOperationsNonNull::getNextNN(ListNN,int)].JML normal_behavior operation contract.0 
8803       DEBUG main            d.u.i.k.p.i.IntermediateProofReplayer Proof replay took 34.1ns 
10040      INFO  main            d.u.i.k.p.r.p.TestFile    ... finished proof: closed. 
10203      INFO  main            d.u.i.k.p.i.AbstractProblemLoader Loading environment from /home/runner/work/key/key/key.core/../key.ui/examples/heap/list_recursiveSpec/ListOperationsNonNull_getNextNN_normal_behavior.key.proof 
10203      DEBUG main            d.u.i.k.p.i.AbstractProblemLoader Environment load took 183.9ns 
10205      INFO  main            d.u.i.k.p.i.AbstractProblemLoader Creating init config 
13267      DEBUG main            d.u.i.k.p.i.AbstractProblemLoader Init config took 3.06s 
13338      INFO  main            d.u.i.k.p.i.AbstractProblemLoader Replaying proof ListOperationsNonNull[ListOperationsNonNull::getNextNN(ListNN,int)].JML normal_behavior operation contract.0 
13514      DEBUG main            d.u.i.k.p.i.IntermediateProofReplayer Proof replay took 167.72ms 
13522      DEBUG main            d.u.i.k.p.r.p.TestFile    ... success: reloaded. 
13523      INFO  main            d.u.i.k.p.r.p.TestFile    Now processing file /home/runner/work/key/key/key.core/../key.ui/examples/heap/list_recursiveSpec/ListOperationsNonNull_setValueAt_normal_behavior.key 
13524      INFO  main            d.u.i.k.p.i.AbstractProblemLoader Loading environment from /home/runner/work/key/key/key.core/../key.ui/examples/heap/list_recursiveSpec/ListOperationsNonNull_setValueAt_normal_behavior.key 
13524      DEBUG main            d.u.i.k.p.i.AbstractProblemLoader Environment load took 257.9ns 
13526      INFO  main            d.u.i.k.p.i.AbstractProblemLoader Creating init config 
16470      DEBUG main            d.u.i.k.p.i.AbstractProblemLoader Init config took 2.94s 
16536      INFO  main            d.u.i.k.p.i.AbstractProblemLoader Replaying proof ListOperationsNonNull[ListOperationsNonNull::setValueAt_NN(ListNN,int,int)].JML normal_behavior operation contract.0 
16539      DEBUG main            d.u.i.k.p.i.IntermediateProofReplayer Proof replay took 6.8ns 
16566      DEBUG main            d.u.i.k.m.s.ProofScriptEngine 1: 'macro autopilot' 
19377      DEBUG main            d.u.i.k.m.s.ProofScriptEngine 2: 'macro simp-upd' 
19384      DEBUG main            d.u.i.k.m.s.ProofScriptEngine 3: 'rule observerDependencyEQ' 
19400      DEBUG main            d.u.i.k.m.s.ProofScriptEngine 4: 'tryclose' 
19429      INFO  main            d.u.i.k.p.r.p.TestFile    ... finished proof: closed. 
19588      INFO  main            d.u.i.k.p.i.AbstractProblemLoader Loading environment from /home/runner/work/key/key/key.core/../key.ui/examples/heap/list_recursiveSpec/ListOperationsNonNull_setValueAt_normal_behavior.key.proof 
19588      DEBUG main            d.u.i.k.p.i.AbstractProblemLoader Environment load took 488.81ns 
19590      INFO  main            d.u.i.k.p.i.AbstractProblemLoader Creating init config 
22344      DEBUG main            d.u.i.k.p.i.AbstractProblemLoader Init config took 2.75s 
22402      INFO  main            d.u.i.k.p.i.AbstractProblemLoader Replaying proof ListOperationsNonNull[ListOperationsNonNull::setValueAt_NN(ListNN,int,int)].JML normal_behavior operation contract.0 
22535      DEBUG main            d.u.i.k.p.i.IntermediateProofReplayer Proof replay took 126.84ms 
22536      DEBUG main            d.u.i.k.p.r.p.TestFile    ... success: reloaded. 
1222261    INFO  Test worker     d.u.i.k.p.r.RunAllProofsTestUnit Returning from test list_recursive 
1222265    INFO  Test worker     d.u.i.k.p.r.RunAllProofsTestUnit Running test list_seq 
347        INFO  Timeout watchdog d.u.i.k.p.r.p.ForkedTestFileRunner Timeout watcher launched (2000 secs.) 
352        WARN  main            d.u.i.k.s.ProofSettings   The settings in /home/runner/.key/proof-settings.props are *not* read. 
398        INFO  main            d.u.i.k.p.r.p.TestFile    Now processing file /home/runner/work/key/key/key.core/../key.ui/examples/heap/list_seq/SimplifiedLinkedList.remove.key 
542        INFO  main            d.u.i.k.p.i.AbstractProblemLoader Loading environment from /home/runner/work/key/key/key.core/../key.ui/examples/heap/list_seq/SimplifiedLinkedList.remove.key 
560        DEBUG main            d.u.i.k.p.i.AbstractProblemLoader Environment load took 2.07ms 
782        INFO  main            d.u.i.k.p.i.AbstractProblemLoader Creating init config 
1716       DEBUG main            d.u.i.k.j.TypeConverter   No LDT found for Meta 
1717       DEBUG main            d.u.i.k.j.TypeConverter   No LDT found for Meta 
1721       DEBUG main            d.u.i.k.j.TypeConverter   No LDT found for Meta 
1721       DEBUG main            d.u.i.k.j.TypeConverter   No LDT found for Meta 
3007       DEBUG main            d.u.i.k.j.TypeConverter   No LDT found for JavaBigintExpression 
8418       DEBUG main            d.u.i.k.p.i.AbstractProblemLoader Init config took 7.64s 
8601       INFO  main            d.u.i.k.p.i.AbstractProblemLoader Replaying proof SimplifiedLinkedList[SimplifiedLinkedList::remove(int)].JML normal_behavior operation contract.0 
8639       DEBUG main            d.u.i.k.p.i.IntermediateProofReplayer Proof replay took 32.8ns 
102628     INFO  main            d.u.i.k.p.r.p.TestFile    ... finished proof: closed. 
103035     INFO  main            d.u.i.k.p.i.AbstractProblemLoader Loading environment from /home/runner/work/key/key/key.core/../key.ui/examples/heap/list_seq/SimplifiedLinkedList.remove.key.proof 
103036     DEBUG main            d.u.i.k.p.i.AbstractProblemLoader Environment load took 549.32ns 
103050     INFO  main            d.u.i.k.p.i.AbstractProblemLoader Creating init config 
106354     DEBUG main            d.u.i.k.p.i.AbstractProblemLoader Init config took 3.3s 
106473     INFO  main            d.u.i.k.p.i.AbstractProblemLoader Replaying proof SimplifiedLinkedList[SimplifiedLinkedList::remove(int)].JML normal_behavior operation contract.0 
110754     DEBUG main            d.u.i.k.p.i.IntermediateProofReplayer Proof replay took 4.07s 
110772     DEBUG main            d.u.i.k.p.r.p.TestFile    ... success: reloaded. 
110774     INFO  main            d.u.i.k.p.r.p.TestFile    Now processing file /home/runner/work/key/key/key.core/../key.ui/examples/heap/list_seq/ArrayList.ArrayList.key 
110775     INFO  main            d.u.i.k.p.i.AbstractProblemLoader Loading environment from /home/runner/work/key/key/key.core/../key.ui/examples/heap/list_seq/ArrayList.ArrayList.key 
110775     DEBUG main            d.u.i.k.p.i.AbstractProblemLoader Environment load took 264.11ns 
110776     INFO  main            d.u.i.k.p.i.AbstractProblemLoader Creating init config 
113892     DEBUG main            d.u.i.k.p.i.AbstractProblemLoader Init config took 3.12s 
113980     INFO  main            d.u.i.k.p.i.AbstractProblemLoader Replaying proof ArrayList[ArrayList::ArrayList()].JML normal_behavior operation contract.0 
113982     DEBUG main            d.u.i.k.p.i.IntermediateProofReplayer Proof replay took 5.7ns 
114987     INFO  main            d.u.i.k.p.r.p.TestFile    ... finished proof: closed. 
115163     INFO  main            d.u.i.k.p.i.AbstractProblemLoader Loading environment from /home/runner/work/key/key/key.core/../key.ui/examples/heap/list_seq/ArrayList.ArrayList.key.proof 
115165     DEBUG main            d.u.i.k.p.i.AbstractProblemLoader Environment load took 1.76ms 
115168     INFO  main            d.u.i.k.p.i.AbstractProblemLoader Creating init config 
118237     DEBUG main            d.u.i.k.p.i.AbstractProblemLoader Init config took 3.07s 
118343     INFO  main            d.u.i.k.p.i.AbstractProblemLoader Replaying proof ArrayList[ArrayList::ArrayList()].JML normal_behavior operation contract.0 
118513     DEBUG main            d.u.i.k.p.i.IntermediateProofReplayer Proof replay took 160.82ms 
118514     DEBUG main            d.u.i.k.p.r.p.TestFile    ... success: reloaded. 
118515     INFO  main            d.u.i.k.p.r.p.TestFile    Now processing file /home/runner/work/key/key/key.core/../key.ui/examples/heap/list_seq/ArrayList.add.key 
118516     INFO  main            d.u.i.k.p.i.AbstractProblemLoader Loading environment from /home/runner/work/key/key/key.core/../key.ui/examples/heap/list_seq/ArrayList.add.key 
118516     DEBUG main            d.u.i.k.p.i.AbstractProblemLoader Environment load took 269.31ns 
118517     INFO  main            d.u.i.k.p.i.AbstractProblemLoader Creating init config 
121569     DEBUG main            d.u.i.k.p.i.AbstractProblemLoader Init config took 3.05s 
121646     INFO  main            d.u.i.k.p.i.AbstractProblemLoader Replaying proof ArrayList[List::add(java.lang.Object)].JML normal_behavior operation contract.0 
121648     DEBUG main            d.u.i.k.p.i.IntermediateProofReplayer Proof replay took 6ns 
125259     INFO  main            d.u.i.k.p.r.p.TestFile    ... finished proof: closed. 
125452     INFO  main            d.u.i.k.p.i.AbstractProblemLoader Loading environment from /home/runner/work/key/key/key.core/../key.ui/examples/heap/list_seq/ArrayList.add.key.proof 
125452     DEBUG main            d.u.i.k.p.i.AbstractProblemLoader Environment load took 529.6ns 
125456     INFO  main            d.u.i.k.p.i.AbstractProblemLoader Creating init config 
128447     DEBUG main            d.u.i.k.p.i.AbstractProblemLoader Init config took 2.99s 
128538     INFO  main            d.u.i.k.p.i.AbstractProblemLoader Replaying proof ArrayList[List::add(java.lang.Object)].JML normal_behavior operation contract.0 
129020     DEBUG main            d.u.i.k.p.i.IntermediateProofReplayer Proof replay took 466.33ms 
129022     DEBUG main            d.u.i.k.p.r.p.TestFile    ... success: reloaded. 
129023     INFO  main            d.u.i.k.p.r.p.TestFile    Now processing file /home/runner/work/key/key/key.core/../key.ui/examples/heap/list_seq/ArrayList.contains.key 
129024     INFO  main            d.u.i.k.p.i.AbstractProblemLoader Loading environment from /home/runner/work/key/key/key.core/../key.ui/examples/heap/list_seq/ArrayList.contains.key 
129024     DEBUG main            d.u.i.k.p.i.AbstractProblemLoader Environment load took 239.6ns 
129025     INFO  main            d.u.i.k.p.i.AbstractProblemLoader Creating init config 
132071     DEBUG main            d.u.i.k.p.i.AbstractProblemLoader Init config took 3.05s 
132188     INFO  main            d.u.i.k.p.i.AbstractProblemLoader Replaying proof ArrayList[List::contains(java.lang.Object)].JML normal_behavior operation contract.0 
132198     DEBUG main            d.u.i.k.p.i.IntermediateProofReplayer Proof replay took 5.5ns 
133809     INFO  main            d.u.i.k.p.r.p.TestFile    ... finished proof: closed. 
134006     INFO  main            d.u.i.k.p.i.AbstractProblemLoader Loading environment from /home/runner/work/key/key/key.core/../key.ui/examples/heap/list_seq/ArrayList.contains.key.proof 
134008     DEBUG main            d.u.i.k.p.i.AbstractProblemLoader Environment load took 1.09ms 
134010     INFO  main            d.u.i.k.p.i.AbstractProblemLoader Creating init config 
137043     DEBUG main            d.u.i.k.p.i.AbstractProblemLoader Init config took 3.03s 
137118     INFO  main            d.u.i.k.p.i.AbstractProblemLoader Replaying proof ArrayList[List::contains(java.lang.Object)].JML normal_behavior operation contract.0 
137375     DEBUG main            d.u.i.k.p.i.IntermediateProofReplayer Proof replay took 250.69ms 
137376     DEBUG main            d.u.i.k.p.r.p.TestFile    ... success: reloaded. 
137377     INFO  main            d.u.i.k.p.r.p.TestFile    Now processing file /home/runner/work/key/key/key.core/../key.ui/examples/heap/list_seq/ArrayList.enlarge.key 
137377     INFO  main            d.u.i.k.p.i.AbstractProblemLoader Loading environment from /home/runner/work/key/key/key.core/../key.ui/examples/heap/list_seq/ArrayList.enlarge.key 
137378     DEBUG main            d.u.i.k.p.i.AbstractProblemLoader Environment load took 123.7ns 
137378     INFO  main            d.u.i.k.p.i.AbstractProblemLoader Creating init config 
140376     DEBUG main            d.u.i.k.p.i.AbstractProblemLoader Init config took 3s 
140452     INFO  main            d.u.i.k.p.i.AbstractProblemLoader Replaying proof ArrayList[ArrayList::enlarge()].JML normal_behavior operation contract.0 
140453     DEBUG main            d.u.i.k.p.i.IntermediateProofReplayer Proof replay took 22.1ns 
142589     INFO  main            d.u.i.k.p.r.p.TestFile    ... finished proof: closed. 
142803     INFO  main            d.u.i.k.p.i.AbstractProblemLoader Loading environment from /home/runner/work/key/key/key.core/../key.ui/examples/heap/list_seq/ArrayList.enlarge.key.proof 
142803     DEBUG main            d.u.i.k.p.i.AbstractProblemLoader Environment load took 151.1ns 
142805     INFO  main            d.u.i.k.p.i.AbstractProblemLoader Creating init config 
145734     DEBUG main            d.u.i.k.p.i.AbstractProblemLoader Init config took 2.93s 
145808     INFO  main            d.u.i.k.p.i.AbstractProblemLoader Replaying proof ArrayList[ArrayList::enlarge()].JML normal_behavior operation contract.0 
146148     DEBUG main            d.u.i.k.p.i.IntermediateProofReplayer Proof replay took 332.14ms 
146149     DEBUG main            d.u.i.k.p.r.p.TestFile    ... success: reloaded. 
146151     INFO  main            d.u.i.k.p.r.p.TestFile    Now processing file /home/runner/work/key/key/key.core/../key.ui/examples/heap/list_seq/ArrayList.get.key 
146151     INFO  main            d.u.i.k.p.i.AbstractProblemLoader Loading environment from /home/runner/work/key/key/key.core/../key.ui/examples/heap/list_seq/ArrayList.get.key 
146151     DEBUG main            d.u.i.k.p.i.AbstractProblemLoader Environment load took 264.11ns 
146152     INFO  main            d.u.i.k.p.i.AbstractProblemLoader Creating init config 
149163     DEBUG main            d.u.i.k.p.i.AbstractProblemLoader Init config took 3.01s 
149236     INFO  main            d.u.i.k.p.i.AbstractProblemLoader Replaying proof ArrayList[List::get(int)].JML normal_behavior operation contract.0 
149238     DEBUG main            d.u.i.k.p.i.IntermediateProofReplayer Proof replay took 6.9ns 
149842     INFO  main            d.u.i.k.p.r.p.TestFile    ... finished proof: closed. 
150024     INFO  main            d.u.i.k.p.i.AbstractProblemLoader Loading environment from /home/runner/work/key/key/key.core/../key.ui/examples/heap/list_seq/ArrayList.get.key.proof 
150024     DEBUG main            d.u.i.k.p.i.AbstractProblemLoader Environment load took 298.11ns 
150025     INFO  main            d.u.i.k.p.i.AbstractProblemLoader Creating init config 
152965     DEBUG main            d.u.i.k.p.i.AbstractProblemLoader Init config took 2.94s 
153038     INFO  main            d.u.i.k.p.i.AbstractProblemLoader Replaying proof ArrayList[List::get(int)].JML normal_behavior operation contract.0 
153103     DEBUG main            d.u.i.k.p.i.IntermediateProofReplayer Proof replay took 61.22ms 
153104     DEBUG main            d.u.i.k.p.r.p.TestFile    ... success: reloaded. 
153105     INFO  main            d.u.i.k.p.r.p.TestFile    Now processing file /home/runner/work/key/key/key.core/../key.ui/examples/heap/list_seq/ArrayList.newArray.key 
153106     INFO  main            d.u.i.k.p.i.AbstractProblemLoader Loading environment from /home/runner/work/key/key/key.core/../key.ui/examples/heap/list_seq/ArrayList.newArray.key 
153106     DEBUG main            d.u.i.k.p.i.AbstractProblemLoader Environment load took 248.2ns 
153107     INFO  main            d.u.i.k.p.i.AbstractProblemLoader Creating init config 
156097     DEBUG main            d.u.i.k.p.i.AbstractProblemLoader Init config took 2.99s 
156168     INFO  main            d.u.i.k.p.i.AbstractProblemLoader Replaying proof ArrayList[ArrayList::newArray(int)].JML normal_behavior operation contract.0 
156170     DEBUG main            d.u.i.k.p.i.IntermediateProofReplayer Proof replay took 6.4ns 
156472     INFO  main            d.u.i.k.p.r.p.TestFile    ... finished proof: closed. 
156673     INFO  main            d.u.i.k.p.i.AbstractProblemLoader Loading environment from /home/runner/work/key/key/key.core/../key.ui/examples/heap/list_seq/ArrayList.newArray.key.proof 
156673     DEBUG main            d.u.i.k.p.i.AbstractProblemLoader Environment load took 157.8ns 
156674     INFO  main            d.u.i.k.p.i.AbstractProblemLoader Creating init config 
159584     DEBUG main            d.u.i.k.p.i.AbstractProblemLoader Init config took 2.91s 
159654     INFO  main            d.u.i.k.p.i.AbstractProblemLoader Replaying proof ArrayList[ArrayList::newArray(int)].JML normal_behavior operation contract.0 
159723     DEBUG main            d.u.i.k.p.i.IntermediateProofReplayer Proof replay took 66.61ms 
159724     DEBUG main            d.u.i.k.p.r.p.TestFile    ... success: reloaded. 
159726     INFO  main            d.u.i.k.p.r.p.TestFile    Now processing file /home/runner/work/key/key/key.core/../key.ui/examples/heap/list_seq/ArrayList.remove.0.key 
159726     INFO  main            d.u.i.k.p.i.AbstractProblemLoader Loading environment from /home/runner/work/key/key/key.core/../key.ui/examples/heap/list_seq/ArrayList.remove.0.key 
159726     DEBUG main            d.u.i.k.p.i.AbstractProblemLoader Environment load took 239.2ns 
159727     INFO  main            d.u.i.k.p.i.AbstractProblemLoader Creating init config 
162636     DEBUG main            d.u.i.k.p.i.AbstractProblemLoader Init config took 2.91s 
162706     INFO  main            d.u.i.k.p.i.AbstractProblemLoader Replaying proof ArrayList[List::remove(java.lang.Object)].JML normal_behavior operation contract.0 
162707     DEBUG main            d.u.i.k.p.i.IntermediateProofReplayer Proof replay took 5.9ns 
164815     INFO  main            d.u.i.k.p.r.p.TestFile    ... finished proof: closed. 
165027     INFO  main            d.u.i.k.p.i.AbstractProblemLoader Loading environment from /home/runner/work/key/key/key.core/../key.ui/examples/heap/list_seq/ArrayList.remove.0.key.proof 
165028     DEBUG main            d.u.i.k.p.i.AbstractProblemLoader Environment load took 498.91ns 
165029     INFO  main            d.u.i.k.p.i.AbstractProblemLoader Creating init config 
167920     DEBUG main            d.u.i.k.p.i.AbstractProblemLoader Init config took 2.89s 
167990     INFO  main            d.u.i.k.p.i.AbstractProblemLoader Replaying proof ArrayList[List::remove(java.lang.Object)].JML normal_behavior operation contract.0 
168489     DEBUG main            d.u.i.k.p.i.IntermediateProofReplayer Proof replay took 493.08ms 
168491     DEBUG main            d.u.i.k.p.r.p.TestFile    ... success: reloaded. 
168492     INFO  main            d.u.i.k.p.r.p.TestFile    Now processing file /home/runner/work/key/key/key.core/../key.ui/examples/heap/list_seq/ArrayList.remove.1.key 
168493     INFO  main            d.u.i.k.p.i.AbstractProblemLoader Loading environment from /home/runner/work/key/key/key.core/../key.ui/examples/heap/list_seq/ArrayList.remove.1.key 
168493     DEBUG main            d.u.i.k.p.i.AbstractProblemLoader Environment load took 259.2ns 
168494     INFO  main            d.u.i.k.p.i.AbstractProblemLoader Creating init config 
171455     DEBUG main            d.u.i.k.p.i.AbstractProblemLoader Init config took 2.96s 
171545     INFO  main            d.u.i.k.p.i.AbstractProblemLoader Replaying proof ArrayList[List::remove(java.lang.Object)].JML normal_behavior operation contract.1 
171547     DEBUG main            d.u.i.k.p.i.IntermediateProofReplayer Proof replay took 6.5ns 
183909     INFO  main            d.u.i.k.p.r.p.TestFile    ... finished proof: closed. 
184166     INFO  main            d.u.i.k.p.i.AbstractProblemLoader Loading environment from /home/runner/work/key/key/key.core/../key.ui/examples/heap/list_seq/ArrayList.remove.1.key.proof 
184166     DEBUG main            d.u.i.k.p.i.AbstractProblemLoader Environment load took 227.6ns 
184168     INFO  main            d.u.i.k.p.i.AbstractProblemLoader Creating init config 
187019     DEBUG main            d.u.i.k.p.i.AbstractProblemLoader Init config took 2.85s 
187091     INFO  main            d.u.i.k.p.i.AbstractProblemLoader Replaying proof ArrayList[List::remove(java.lang.Object)].JML normal_behavior operation contract.1 
188532     DEBUG main            d.u.i.k.p.i.IntermediateProofReplayer Proof replay took 1.41s 
188535     DEBUG main            d.u.i.k.p.r.p.TestFile    ... success: reloaded. 
1410980    INFO  Test worker     d.u.i.k.p.r.RunAllProofsTestUnit Returning from test list_seq 
1410983    INFO  Test worker     d.u.i.k.p.r.RunAllProofsTestUnit Running test observer 
368        INFO  Timeout watchdog d.u.i.k.p.r.p.ForkedTestFileRunner Timeout watcher launched (2000 secs.) 
372        WARN  main            d.u.i.k.s.ProofSettings   The settings in /home/runner/.key/proof-settings.props are *not* read. 
398        INFO  main            d.u.i.k.p.r.p.TestFile    Now processing file /home/runner/work/key/key/key.core/../key.ui/examples/heap/observer/ExampleObserver_ExampleObserver.key 
501        INFO  main            d.u.i.k.p.i.AbstractProblemLoader Loading environment from /home/runner/work/key/key/key.core/../key.ui/examples/heap/observer/ExampleObserver_ExampleObserver.key 
524        DEBUG main            d.u.i.k.p.i.AbstractProblemLoader Environment load took 1.88ms 
735        INFO  main            d.u.i.k.p.i.AbstractProblemLoader Creating init config 
1715       DEBUG main            d.u.i.k.j.TypeConverter   No LDT found for Meta 
1715       DEBUG main            d.u.i.k.j.TypeConverter   No LDT found for Meta 
1717       DEBUG main            d.u.i.k.j.TypeConverter   No LDT found for Meta 
1717       DEBUG main            d.u.i.k.j.TypeConverter   No LDT found for Meta 
3034       DEBUG main            d.u.i.k.j.TypeConverter   No LDT found for JavaBigintExpression 
8153       DEBUG main            d.u.i.k.p.i.AbstractProblemLoader Init config took 7.42s 
8333       INFO  main            d.u.i.k.p.i.AbstractProblemLoader Replaying proof ExampleObserver[ExampleObserver::ExampleObserver(ExampleSubject)].JML normal_behavior operation contract.0 
8380       DEBUG main            d.u.i.k.p.i.IntermediateProofReplayer Proof replay took 32.2ns 
9319       INFO  main            d.u.i.k.p.r.p.TestFile    ... finished proof: closed. 
9440       INFO  main            d.u.i.k.p.i.AbstractProblemLoader Loading environment from /home/runner/work/key/key/key.core/../key.ui/examples/heap/observer/ExampleObserver_ExampleObserver.key.proof 
9440       DEBUG main            d.u.i.k.p.i.AbstractProblemLoader Environment load took 509.31ns 
9442       INFO  main            d.u.i.k.p.i.AbstractProblemLoader Creating init config 
12522      DEBUG main            d.u.i.k.p.i.AbstractProblemLoader Init config took 3.08s 
12604      INFO  main            d.u.i.k.p.i.AbstractProblemLoader Replaying proof ExampleObserver[ExampleObserver::ExampleObserver(ExampleSubject)].JML normal_behavior operation contract.0 
12771      DEBUG main            d.u.i.k.p.i.IntermediateProofReplayer Proof replay took 159.87ms 
12792      DEBUG main            d.u.i.k.p.r.p.TestFile    ... success: reloaded. 
12794      INFO  main            d.u.i.k.p.r.p.TestFile    Now processing file /home/runner/work/key/key/key.core/../key.ui/examples/heap/observer/ExampleObserver_inv.key 
12796      INFO  main            d.u.i.k.p.i.AbstractProblemLoader Loading environment from /home/runner/work/key/key/key.core/../key.ui/examples/heap/observer/ExampleObserver_inv.key 
12796      DEBUG main            d.u.i.k.p.i.AbstractProblemLoader Environment load took 344.11ns 
12799      INFO  main            d.u.i.k.p.i.AbstractProblemLoader Creating init config 
15771      DEBUG main            d.u.i.k.p.i.AbstractProblemLoader Init config took 2.97s 
15835      INFO  main            d.u.i.k.p.i.AbstractProblemLoader Replaying proof ExampleObserver[java.lang.Object::<inv>()].JML accessible clause.0 
15838      DEBUG main            d.u.i.k.p.i.IntermediateProofReplayer Proof replay took 8.2ns 
15941      INFO  main            d.u.i.k.p.r.p.TestFile    ... finished proof: closed. 
16087      INFO  main            d.u.i.k.p.i.AbstractProblemLoader Loading environment from /home/runner/work/key/key/key.core/../key.ui/examples/heap/observer/ExampleObserver_inv.key.proof 
16087      DEBUG main            d.u.i.k.p.i.AbstractProblemLoader Environment load took 144.6ns 
16089      INFO  main            d.u.i.k.p.i.AbstractProblemLoader Creating init config 
18877      DEBUG main            d.u.i.k.p.i.AbstractProblemLoader Init config took 2.79s 
18933      INFO  main            d.u.i.k.p.i.AbstractProblemLoader Replaying proof ExampleObserver[java.lang.Object::<inv>()].JML accessible clause.0 
18952      DEBUG main            d.u.i.k.p.i.IntermediateProofReplayer Proof replay took 16.04ms 
18953      DEBUG main            d.u.i.k.p.r.p.TestFile    ... success: reloaded. 
18955      INFO  main            d.u.i.k.p.r.p.TestFile    Now processing file /home/runner/work/key/key/key.core/../key.ui/examples/heap/observer/ExampleObserver_subject.key 
18955      INFO  main            d.u.i.k.p.i.AbstractProblemLoader Loading environment from /home/runner/work/key/key/key.core/../key.ui/examples/heap/observer/ExampleObserver_subject.key 
18956      DEBUG main            d.u.i.k.p.i.AbstractProblemLoader Environment load took 242.5ns 
18957      INFO  main            d.u.i.k.p.i.AbstractProblemLoader Creating init config 
21737      DEBUG main            d.u.i.k.p.i.AbstractProblemLoader Init config took 2.78s 
21787      INFO  main            d.u.i.k.p.i.AbstractProblemLoader Replaying proof Observer[Observer::$subject()].JML accessible clause.0 
21790      DEBUG main            d.u.i.k.p.i.IntermediateProofReplayer Proof replay took 6.3ns 
21892      INFO  main            d.u.i.k.p.r.p.TestFile    ... finished proof: closed. 
22033      INFO  main            d.u.i.k.p.i.AbstractProblemLoader Loading environment from /home/runner/work/key/key/key.core/../key.ui/examples/heap/observer/ExampleObserver_subject.key.proof 
22033      DEBUG main            d.u.i.k.p.i.AbstractProblemLoader Environment load took 140.4ns 
22035      INFO  main            d.u.i.k.p.i.AbstractProblemLoader Creating init config 
24816      DEBUG main            d.u.i.k.p.i.AbstractProblemLoader Init config took 2.78s 
24864      INFO  main            d.u.i.k.p.i.AbstractProblemLoader Replaying proof Observer[Observer::$subject()].JML accessible clause.0 
24868      DEBUG main            d.u.i.k.p.i.IntermediateProofReplayer Proof replay took 2.14ms 
24869      DEBUG main            d.u.i.k.p.r.p.TestFile    ... success: reloaded. 
24870      INFO  main            d.u.i.k.p.r.p.TestFile    Now processing file /home/runner/work/key/key/key.core/../key.ui/examples/heap/observer/ExampleObserver_update.key 
24871      INFO  main            d.u.i.k.p.i.AbstractProblemLoader Loading environment from /home/runner/work/key/key/key.core/../key.ui/examples/heap/observer/ExampleObserver_update.key 
24871      DEBUG main            d.u.i.k.p.i.AbstractProblemLoader Environment load took 111.3ns 
24872      INFO  main            d.u.i.k.p.i.AbstractProblemLoader Creating init config 
27581      DEBUG main            d.u.i.k.p.i.AbstractProblemLoader Init config took 2.71s 
27630      INFO  main            d.u.i.k.p.i.AbstractProblemLoader Replaying proof ExampleObserver[Observer::update()].JML normal_behavior operation contract.0 
27632      DEBUG main            d.u.i.k.p.i.IntermediateProofReplayer Proof replay took 7.4ns 
27936      INFO  main            d.u.i.k.p.r.p.TestFile    ... finished proof: closed. 
28097      INFO  main            d.u.i.k.p.i.AbstractProblemLoader Loading environment from /home/runner/work/key/key/key.core/../key.ui/examples/heap/observer/ExampleObserver_update.key.proof 
28097      DEBUG main            d.u.i.k.p.i.AbstractProblemLoader Environment load took 136.9ns 
28098      INFO  main            d.u.i.k.p.i.AbstractProblemLoader Creating init config 
30829      DEBUG main            d.u.i.k.p.i.AbstractProblemLoader Init config took 2.73s 
30878      INFO  main            d.u.i.k.p.i.AbstractProblemLoader Replaying proof ExampleObserver[Observer::update()].JML normal_behavior operation contract.0 
30965      DEBUG main            d.u.i.k.p.i.IntermediateProofReplayer Proof replay took 83.49ms 
30966      DEBUG main            d.u.i.k.p.r.p.TestFile    ... success: reloaded. 
30968      INFO  main            d.u.i.k.p.r.p.TestFile    Now processing file /home/runner/work/key/key/key.core/../key.ui/examples/heap/observer/ExampleObserver_upToDate.key 
30968      INFO  main            d.u.i.k.p.i.AbstractProblemLoader Loading environment from /home/runner/work/key/key/key.core/../key.ui/examples/heap/observer/ExampleObserver_upToDate.key 
30969      DEBUG main            d.u.i.k.p.i.AbstractProblemLoader Environment load took 126.6ns 
30970      INFO  main            d.u.i.k.p.i.AbstractProblemLoader Creating init config 
33741      DEBUG main            d.u.i.k.p.i.AbstractProblemLoader Init config took 2.77s 
33788      INFO  main            d.u.i.k.p.i.AbstractProblemLoader Replaying proof ExampleObserver[Observer::$upToDate()].JML accessible clause.0 
33790      DEBUG main            d.u.i.k.p.i.IntermediateProofReplayer Proof replay took 7ns 
33993      INFO  main            d.u.i.k.p.r.p.TestFile    ... finished proof: closed. 
34151      INFO  main            d.u.i.k.p.i.AbstractProblemLoader Loading environment from /home/runner/work/key/key/key.core/../key.ui/examples/heap/observer/ExampleObserver_upToDate.key.proof 
34151      DEBUG main            d.u.i.k.p.i.AbstractProblemLoader Environment load took 130.5ns 
34152      INFO  main            d.u.i.k.p.i.AbstractProblemLoader Creating init config 
36865      DEBUG main            d.u.i.k.p.i.AbstractProblemLoader Init config took 2.71s 
36914      INFO  main            d.u.i.k.p.i.AbstractProblemLoader Replaying proof ExampleObserver[Observer::$upToDate()].JML accessible clause.0 
36937      DEBUG main            d.u.i.k.p.i.IntermediateProofReplayer Proof replay took 20.03ms 
36938      DEBUG main            d.u.i.k.p.r.p.TestFile    ... success: reloaded. 
36940      INFO  main            d.u.i.k.p.r.p.TestFile    Now processing file /home/runner/work/key/key/key.core/../key.ui/examples/heap/observer/ExampleObserver_value.key 
36940      INFO  main            d.u.i.k.p.i.AbstractProblemLoader Loading environment from /home/runner/work/key/key/key.core/../key.ui/examples/heap/observer/ExampleObserver_value.key 
36941      DEBUG main            d.u.i.k.p.i.AbstractProblemLoader Environment load took 248.1ns 
36942      INFO  main            d.u.i.k.p.i.AbstractProblemLoader Creating init config 
39638      DEBUG main            d.u.i.k.p.i.AbstractProblemLoader Init config took 2.7s 
39687      INFO  main            d.u.i.k.p.i.AbstractProblemLoader Replaying proof ExampleObserver[ExampleObserver::value()].JML normal_behavior operation contract.0 
39689      DEBUG main            d.u.i.k.p.i.IntermediateProofReplayer Proof replay took 7ns 
39791      INFO  main            d.u.i.k.p.r.p.TestFile    ... finished proof: closed. 
39973      INFO  main            d.u.i.k.p.i.AbstractProblemLoader Loading environment from /home/runner/work/key/key/key.core/../key.ui/examples/heap/observer/ExampleObserver_value.key.proof 
39973      DEBUG main            d.u.i.k.p.i.AbstractProblemLoader Environment load took 123.3ns 
39974      INFO  main            d.u.i.k.p.i.AbstractProblemLoader Creating init config 
42600      DEBUG main            d.u.i.k.p.i.AbstractProblemLoader Init config took 2.63s 
42646      INFO  main            d.u.i.k.p.i.AbstractProblemLoader Replaying proof ExampleObserver[ExampleObserver::value()].JML normal_behavior operation contract.0 
42669      DEBUG main            d.u.i.k.p.i.IntermediateProofReplayer Proof replay took 20.01ms 
42670      DEBUG main            d.u.i.k.p.r.p.TestFile    ... success: reloaded. 
42672      INFO  main            d.u.i.k.p.r.p.TestFile    Now processing file /home/runner/work/key/key/key.core/../key.ui/examples/heap/observer/ExampleSubject_addObserver.key 
42672      INFO  main            d.u.i.k.p.i.AbstractProblemLoader Loading environment from /home/runner/work/key/key/key.core/../key.ui/examples/heap/observer/ExampleSubject_addObserver.key 
42673      DEBUG main            d.u.i.k.p.i.AbstractProblemLoader Environment load took 240.5ns 
42681      INFO  main            d.u.i.k.p.i.AbstractProblemLoader Creating init config 
45372      DEBUG main            d.u.i.k.p.i.AbstractProblemLoader Init config took 2.69s 
45440      INFO  main            d.u.i.k.p.i.AbstractProblemLoader Replaying proof ExampleSubject[Subject::addObserver(Observer)].JML normal_behavior operation contract.0 
45442      DEBUG main            d.u.i.k.p.i.IntermediateProofReplayer Proof replay took 6.5ns 
51268      INFO  main            d.u.i.k.p.r.p.TestFile    ... finished proof: closed. 
51520      INFO  main            d.u.i.k.p.i.AbstractProblemLoader Loading environment from /home/runner/work/key/key/key.core/../key.ui/examples/heap/observer/ExampleSubject_addObserver.key.proof 
51521      DEBUG main            d.u.i.k.p.i.AbstractProblemLoader Environment load took 508.3ns 
51523      INFO  main            d.u.i.k.p.i.AbstractProblemLoader Creating init config 
54127      DEBUG main            d.u.i.k.p.i.AbstractProblemLoader Init config took 2.6s 
54188      INFO  main            d.u.i.k.p.i.AbstractProblemLoader Replaying proof ExampleSubject[Subject::addObserver(Observer)].JML normal_behavior operation contract.0 
54998      DEBUG main            d.u.i.k.p.i.IntermediateProofReplayer Proof replay took 784.45ms 
55000      DEBUG main            d.u.i.k.p.r.p.TestFile    ... success: reloaded. 
55001      INFO  main            d.u.i.k.p.r.p.TestFile    Now processing file /home/runner/work/key/key/key.core/../key.ui/examples/heap/observer/ExampleSubject_change.key 
55002      INFO  main            d.u.i.k.p.i.AbstractProblemLoader Loading environment from /home/runner/work/key/key/key.core/../key.ui/examples/heap/observer/ExampleSubject_change.key 
55002      DEBUG main            d.u.i.k.p.i.AbstractProblemLoader Environment load took 106ns 
55003      INFO  main            d.u.i.k.p.i.AbstractProblemLoader Creating init config 
57637      DEBUG main            d.u.i.k.p.i.AbstractProblemLoader Init config took 2.63s 
57683      INFO  main            d.u.i.k.p.i.AbstractProblemLoader Replaying proof ExampleSubject[ExampleSubject::change()].JML normal_behavior operation contract.0 
57685      DEBUG main            d.u.i.k.p.i.IntermediateProofReplayer Proof replay took 6ns 
58188      INFO  main            d.u.i.k.p.r.p.TestFile    ... finished proof: closed. 
58373      INFO  main            d.u.i.k.p.i.AbstractProblemLoader Loading environment from /home/runner/work/key/key/key.core/../key.ui/examples/heap/observer/ExampleSubject_change.key.proof 
58374      DEBUG main            d.u.i.k.p.i.AbstractProblemLoader Environment load took 135.1ns 
58375      INFO  main            d.u.i.k.p.i.AbstractProblemLoader Creating init config 
61007      DEBUG main            d.u.i.k.p.i.AbstractProblemLoader Init config took 2.63s 
61055      INFO  main            d.u.i.k.p.i.AbstractProblemLoader Replaying proof ExampleSubject[ExampleSubject::change()].JML normal_behavior operation contract.0 
61148      DEBUG main            d.u.i.k.p.i.IntermediateProofReplayer Proof replay took 86.16ms 
61150      DEBUG main            d.u.i.k.p.r.p.TestFile    ... success: reloaded. 
61153      INFO  main            d.u.i.k.p.r.p.TestFile    Now processing file /home/runner/work/key/key/key.core/../key.ui/examples/heap/observer/ExampleSubject_ExampleSubject.key 
61155      INFO  main            d.u.i.k.p.i.AbstractProblemLoader Loading environment from /home/runner/work/key/key/key.core/../key.ui/examples/heap/observer/ExampleSubject_ExampleSubject.key 
61155      DEBUG main            d.u.i.k.p.i.AbstractProblemLoader Environment load took 140.7ns 
61156      INFO  main            d.u.i.k.p.i.AbstractProblemLoader Creating init config 
63823      DEBUG main            d.u.i.k.p.i.AbstractProblemLoader Init config took 2.67s 
63868      INFO  main            d.u.i.k.p.i.AbstractProblemLoader Replaying proof ExampleSubject[ExampleSubject::ExampleSubject()].JML normal_behavior operation contract.0 
63869      DEBUG main            d.u.i.k.p.i.IntermediateProofReplayer Proof replay took 6.3ns 
64974      INFO  main            d.u.i.k.p.r.p.TestFile    ... finished proof: closed. 
65176      INFO  main            d.u.i.k.p.i.AbstractProblemLoader Loading environment from /home/runner/work/key/key/key.core/../key.ui/examples/heap/observer/ExampleSubject_ExampleSubject.key.proof 
65177      DEBUG main            d.u.i.k.p.i.AbstractProblemLoader Environment load took 544.71ns 
65178      INFO  main            d.u.i.k.p.i.AbstractProblemLoader Creating init config 
67810      DEBUG main            d.u.i.k.p.i.AbstractProblemLoader Init config took 2.63s 
67854      INFO  main            d.u.i.k.p.i.AbstractProblemLoader Replaying proof ExampleSubject[ExampleSubject::ExampleSubject()].JML normal_behavior operation contract.0 
68060      DEBUG main            d.u.i.k.p.i.IntermediateProofReplayer Proof replay took 197.77ms 
68062      DEBUG main            d.u.i.k.p.r.p.TestFile    ... success: reloaded. 
68063      INFO  main            d.u.i.k.p.r.p.TestFile    Now processing file /home/runner/work/key/key/key.core/../key.ui/examples/heap/observer/ExampleSubject_footprint.key 
68064      INFO  main            d.u.i.k.p.i.AbstractProblemLoader Loading environment from /home/runner/work/key/key/key.core/../key.ui/examples/heap/observer/ExampleSubject_footprint.key 
68064      DEBUG main            d.u.i.k.p.i.AbstractProblemLoader Environment load took 257.5ns 
68065      INFO  main            d.u.i.k.p.i.AbstractProblemLoader Creating init config 
70750      DEBUG main            d.u.i.k.p.i.AbstractProblemLoader Init config took 2.68s 
70801      INFO  main            d.u.i.k.p.i.AbstractProblemLoader Replaying proof ExampleSubject[Subject::$footprint()].JML accessible clause.0 
70804      DEBUG main            d.u.i.k.p.i.IntermediateProofReplayer Proof replay took 6.1ns 
70907      INFO  main            d.u.i.k.p.r.p.TestFile    ... finished proof: closed. 
71097      INFO  main            d.u.i.k.p.i.AbstractProblemLoader Loading environment from /home/runner/work/key/key/key.core/../key.ui/examples/heap/observer/ExampleSubject_footprint.key.proof 
71097      DEBUG main            d.u.i.k.p.i.AbstractProblemLoader Environment load took 129.9ns 
71100      INFO  main            d.u.i.k.p.i.AbstractProblemLoader Creating init config 
73760      DEBUG main            d.u.i.k.p.i.AbstractProblemLoader Init config took 2.66s 
73812      INFO  main            d.u.i.k.p.i.AbstractProblemLoader Replaying proof ExampleSubject[Subject::$footprint()].JML accessible clause.0 
73831      DEBUG main            d.u.i.k.p.i.IntermediateProofReplayer Proof replay took 16.7ms 
73832      DEBUG main            d.u.i.k.p.r.p.TestFile    ... success: reloaded. 
73833      INFO  main            d.u.i.k.p.r.p.TestFile    Now processing file /home/runner/work/key/key/key.core/../key.ui/examples/heap/observer/ExampleSubject_inv.key 
73833      INFO  main            d.u.i.k.p.i.AbstractProblemLoader Loading environment from /home/runner/work/key/key/key.core/../key.ui/examples/heap/observer/ExampleSubject_inv.key 
73833      DEBUG main            d.u.i.k.p.i.AbstractProblemLoader Environment load took 83.2ns 
73834      INFO  main            d.u.i.k.p.i.AbstractProblemLoader Creating init config 
76483      DEBUG main            d.u.i.k.p.i.AbstractProblemLoader Init config took 2.65s 
76543      INFO  main            d.u.i.k.p.i.AbstractProblemLoader Replaying proof ExampleSubject[java.lang.Object::<inv>()].JML accessible clause.0 
76547      DEBUG main            d.u.i.k.p.i.IntermediateProofReplayer Proof replay took 7.8ns 
77755      INFO  main            d.u.i.k.p.r.p.TestFile    ... finished proof: closed. 
77989      INFO  main            d.u.i.k.p.i.AbstractProblemLoader Loading environment from /home/runner/work/key/key/key.core/../key.ui/examples/heap/observer/ExampleSubject_inv.key.proof 
77990      DEBUG main            d.u.i.k.p.i.AbstractProblemLoader Environment load took 470.01ns 
77991      INFO  main            d.u.i.k.p.i.AbstractProblemLoader Creating init config 
80571      DEBUG main            d.u.i.k.p.i.AbstractProblemLoader Init config took 2.58s 
80615      INFO  main            d.u.i.k.p.i.AbstractProblemLoader Replaying proof ExampleSubject[java.lang.Object::<inv>()].JML accessible clause.0 
80762      DEBUG main            d.u.i.k.p.i.IntermediateProofReplayer Proof replay took 133.93ms 
80765      DEBUG main            d.u.i.k.p.r.p.TestFile    ... success: reloaded. 
80767      INFO  main            d.u.i.k.p.r.p.TestFile    Now processing file /home/runner/work/key/key/key.core/../key.ui/examples/heap/observer/ExampleSubject_notifyObservers.key 
80767      INFO  main            d.u.i.k.p.i.AbstractProblemLoader Loading environment from /home/runner/work/key/key/key.core/../key.ui/examples/heap/observer/ExampleSubject_notifyObservers.key 
80767      DEBUG main            d.u.i.k.p.i.AbstractProblemLoader Environment load took 103.2ns 
80768      INFO  main            d.u.i.k.p.i.AbstractProblemLoader Creating init config 
83432      DEBUG main            d.u.i.k.p.i.AbstractProblemLoader Init config took 2.66s 
83475      INFO  main            d.u.i.k.p.i.AbstractProblemLoader Replaying proof Subject[Subject::notifyObservers()].JML normal_behavior operation contract.0 
83477      DEBUG main            d.u.i.k.p.i.IntermediateProofReplayer Proof replay took 7ns 
83579      INFO  main            d.u.i.k.p.r.p.TestFile    ... finished proof: closed. 
83785      INFO  main            d.u.i.k.p.i.AbstractProblemLoader Loading environment from /home/runner/work/key/key/key.core/../key.ui/examples/heap/observer/ExampleSubject_notifyObservers.key.proof 
83785      DEBUG main            d.u.i.k.p.i.AbstractProblemLoader Environment load took 130.9ns 
83786      INFO  main            d.u.i.k.p.i.AbstractProblemLoader Creating init config 
86371      DEBUG main            d.u.i.k.p.i.AbstractProblemLoader Init config took 2.58s 
86413      INFO  main            d.u.i.k.p.i.AbstractProblemLoader Replaying proof Subject[Subject::notifyObservers()].JML normal_behavior operation contract.0 
86418      DEBUG main            d.u.i.k.p.i.IntermediateProofReplayer Proof replay took 3ms 
86419      DEBUG main            d.u.i.k.p.r.p.TestFile    ... success: reloaded. 
86420      INFO  main            d.u.i.k.p.r.p.TestFile    Now processing file /home/runner/work/key/key/key.core/../key.ui/examples/heap/observer/ExampleSubject_value_dep.key 
86420      INFO  main            d.u.i.k.p.i.AbstractProblemLoader Loading environment from /home/runner/work/key/key/key.core/../key.ui/examples/heap/observer/ExampleSubject_value_dep.key 
86420      DEBUG main            d.u.i.k.p.i.AbstractProblemLoader Environment load took 98ns 
86422      INFO  main            d.u.i.k.p.i.AbstractProblemLoader Creating init config 
89123      DEBUG main            d.u.i.k.p.i.AbstractProblemLoader Init config took 2.7s 
89172      INFO  main            d.u.i.k.p.i.AbstractProblemLoader Replaying proof ExampleSubject[ExampleSubject::value()].JML accessible clause.0 
89174      DEBUG main            d.u.i.k.p.i.IntermediateProofReplayer Proof replay took 7.8ns 
89276      INFO  main            d.u.i.k.p.r.p.TestFile    ... finished proof: closed. 
89530      INFO  main            d.u.i.k.p.i.AbstractProblemLoader Loading environment from /home/runner/work/key/key/key.core/../key.ui/examples/heap/observer/ExampleSubject_value_dep.key.proof 
89531      DEBUG main            d.u.i.k.p.i.AbstractProblemLoader Environment load took 118.8ns 
89532      INFO  main            d.u.i.k.p.i.AbstractProblemLoader Creating init config 
92103      DEBUG main            d.u.i.k.p.i.AbstractProblemLoader Init config took 2.57s 
92147      INFO  main            d.u.i.k.p.i.AbstractProblemLoader Replaying proof ExampleSubject[ExampleSubject::value()].JML accessible clause.0 
92172      DEBUG main            d.u.i.k.p.i.IntermediateProofReplayer Proof replay took 21.26ms 
92178      DEBUG main            d.u.i.k.p.r.p.TestFile    ... success: reloaded. 
92181      INFO  main            d.u.i.k.p.r.p.TestFile    Now processing file /home/runner/work/key/key/key.core/../key.ui/examples/heap/observer/ExampleSubject_value.key 
92181      INFO  main            d.u.i.k.p.i.AbstractProblemLoader Loading environment from /home/runner/work/key/key/key.core/../key.ui/examples/heap/observer/ExampleSubject_value.key 
92181      DEBUG main            d.u.i.k.p.i.AbstractProblemLoader Environment load took 61.4ns 
92182      INFO  main            d.u.i.k.p.i.AbstractProblemLoader Creating init config 
94860      DEBUG main            d.u.i.k.p.i.AbstractProblemLoader Init config took 2.68s 
94902      INFO  main            d.u.i.k.p.i.AbstractProblemLoader Replaying proof ExampleSubject[ExampleSubject::value()].JML normal_behavior operation contract.0 
94903      DEBUG main            d.u.i.k.p.i.IntermediateProofReplayer Proof replay took 6.6ns 
95005      INFO  main            d.u.i.k.p.r.p.TestFile    ... finished proof: closed. 
95226      INFO  main            d.u.i.k.p.i.AbstractProblemLoader Loading environment from /home/runner/work/key/key/key.core/../key.ui/examples/heap/observer/ExampleSubject_value.key.proof 
95226      DEBUG main            d.u.i.k.p.i.AbstractProblemLoader Environment load took 146.5ns 
95227      INFO  main            d.u.i.k.p.i.AbstractProblemLoader Creating init config 
97796      DEBUG main            d.u.i.k.p.i.AbstractProblemLoader Init config took 2.57s 
97837      INFO  main            d.u.i.k.p.i.AbstractProblemLoader Replaying proof ExampleSubject[ExampleSubject::value()].JML normal_behavior operation contract.0 
97850      DEBUG main            d.u.i.k.p.i.IntermediateProofReplayer Proof replay took 11.65ms 
97851      DEBUG main            d.u.i.k.p.r.p.TestFile    ... success: reloaded. 
1509009    INFO  Test worker     d.u.i.k.p.r.RunAllProofsTestUnit Returning from test observer 
1509010    INFO  Test worker     d.u.i.k.p.r.RunAllProofsTestUnit Running test removeDups 
335        INFO  Timeout watchdog d.u.i.k.p.r.p.ForkedTestFileRunner Timeout watcher launched (2000 secs.) 
348        WARN  main            d.u.i.k.s.ProofSettings   The settings in /home/runner/.key/proof-settings.props are *not* read. 
380        INFO  main            d.u.i.k.p.r.p.TestFile    Now processing file /home/runner/work/key/key/key.core/../key.ui/examples/heap/removeDups/arrayPart.key 
488        INFO  main            d.u.i.k.p.i.AbstractProblemLoader Loading environment from /home/runner/work/key/key/key.core/../key.ui/examples/heap/removeDups/arrayPart.key 
516        DEBUG main            d.u.i.k.p.i.AbstractProblemLoader Environment load took 2.21ms 
733        INFO  main            d.u.i.k.p.i.AbstractProblemLoader Creating init config 
1580       DEBUG main            d.u.i.k.j.TypeConverter   No LDT found for Meta 
1581       DEBUG main            d.u.i.k.j.TypeConverter   No LDT found for Meta 
1588       DEBUG main            d.u.i.k.j.TypeConverter   No LDT found for Meta 
1588       DEBUG main            d.u.i.k.j.TypeConverter   No LDT found for Meta 
3105       DEBUG main            d.u.i.k.j.TypeConverter   No LDT found for JavaBigintExpression 
8572       DEBUG main            d.u.i.k.p.i.AbstractProblemLoader Init config took 7.84s 
8712       INFO  main            d.u.i.k.p.i.AbstractProblemLoader Replaying proof RemoveDup[RemoveDup::arrayPart([I,int)].JML normal_behavior operation contract.0 
8745       DEBUG main            d.u.i.k.p.i.IntermediateProofReplayer Proof replay took 34.5ns 
11632      INFO  main            d.u.i.k.p.r.p.TestFile    ... finished proof: closed. 
11786      INFO  main            d.u.i.k.p.i.AbstractProblemLoader Loading environment from /home/runner/work/key/key/key.core/../key.ui/examples/heap/removeDups/arrayPart.key.proof 
11787      DEBUG main            d.u.i.k.p.i.AbstractProblemLoader Environment load took 1.15ms 
11791      INFO  main            d.u.i.k.p.i.AbstractProblemLoader Creating init config 
14722      DEBUG main            d.u.i.k.p.i.AbstractProblemLoader Init config took 2.93s 
14805      INFO  main            d.u.i.k.p.i.AbstractProblemLoader Replaying proof RemoveDup[RemoveDup::arrayPart([I,int)].JML normal_behavior operation contract.0 
15133      DEBUG main            d.u.i.k.p.i.IntermediateProofReplayer Proof replay took 316.59ms 
15142      DEBUG main            d.u.i.k.p.r.p.TestFile    ... success: reloaded. 
15144      INFO  main            d.u.i.k.p.r.p.TestFile    Now processing file /home/runner/work/key/key/key.core/../key.ui/examples/heap/removeDups/contains.key 
15145      INFO  main            d.u.i.k.p.i.AbstractProblemLoader Loading environment from /home/runner/work/key/key/key.core/../key.ui/examples/heap/removeDups/contains.key 
15145      DEBUG main            d.u.i.k.p.i.AbstractProblemLoader Environment load took 149.4ns 
15148      INFO  main            d.u.i.k.p.i.AbstractProblemLoader Creating init config 
17959      DEBUG main            d.u.i.k.p.i.AbstractProblemLoader Init config took 2.81s 
18015      INFO  main            d.u.i.k.p.i.AbstractProblemLoader Replaying proof RemoveDup[RemoveDup::contains([I,int,int)].JML normal_behavior operation contract.0 
18018      DEBUG main            d.u.i.k.p.i.IntermediateProofReplayer Proof replay took 7.1ns 
18622      INFO  main            d.u.i.k.p.r.p.TestFile    ... finished proof: closed. 
18814      INFO  main            d.u.i.k.p.i.AbstractProblemLoader Loading environment from /home/runner/work/key/key/key.core/../key.ui/examples/heap/removeDups/contains.key.proof 
18818      DEBUG main            d.u.i.k.p.i.AbstractProblemLoader Environment load took 3.95ms 
18820      INFO  main            d.u.i.k.p.i.AbstractProblemLoader Creating init config 
21447      DEBUG main            d.u.i.k.p.i.AbstractProblemLoader Init config took 2.63s 
21503      INFO  main            d.u.i.k.p.i.AbstractProblemLoader Replaying proof RemoveDup[RemoveDup::contains([I,int,int)].JML normal_behavior operation contract.0 
21617      DEBUG main            d.u.i.k.p.i.IntermediateProofReplayer Proof replay took 109.16ms 
21618      DEBUG main            d.u.i.k.p.r.p.TestFile    ... success: reloaded. 
21619      INFO  main            d.u.i.k.p.r.p.TestFile    Now processing file /home/runner/work/key/key/key.core/../key.ui/examples/heap/removeDups/removeDup.key 
21620      INFO  main            d.u.i.k.p.i.AbstractProblemLoader Loading environment from /home/runner/work/key/key/key.core/../key.ui/examples/heap/removeDups/removeDup.key 
21620      DEBUG main            d.u.i.k.p.i.AbstractProblemLoader Environment load took 237ns 
21621      INFO  main            d.u.i.k.p.i.AbstractProblemLoader Creating init config 
24218      DEBUG main            d.u.i.k.p.i.AbstractProblemLoader Init config took 2.6s 
24280      INFO  main            d.u.i.k.p.i.AbstractProblemLoader Replaying proof RemoveDup[RemoveDup::removeDup([I)].JML normal_behavior operation contract.0 
24284      DEBUG main            d.u.i.k.p.i.IntermediateProofReplayer Proof replay took 7.9ns 
29521      DEBUG Thread-7        d.u.i.k.j.d.VariableSpecification Program match. Variables have different dimension (template #v0 = #vi;, source a#11[] = var;) 
52596      INFO  main            d.u.i.k.p.r.p.TestFile    ... finished proof: closed. 
52856      INFO  main            d.u.i.k.p.i.AbstractProblemLoader Loading environment from /home/runner/work/key/key/key.core/../key.ui/examples/heap/removeDups/removeDup.key.proof 
52856      DEBUG main            d.u.i.k.p.i.AbstractProblemLoader Environment load took 503.61ns 
52861      INFO  main            d.u.i.k.p.i.AbstractProblemLoader Creating init config 
55370      DEBUG main            d.u.i.k.p.i.AbstractProblemLoader Init config took 2.51s 
55447      INFO  main            d.u.i.k.p.i.AbstractProblemLoader Replaying proof RemoveDup[RemoveDup::removeDup([I)].JML normal_behavior operation contract.0 
57484      DEBUG main            d.u.i.k.p.i.IntermediateProofReplayer Proof replay took 1.96s 
57491      DEBUG main            d.u.i.k.p.r.p.TestFile    ... success: reloaded. 
57492      INFO  main            d.u.i.k.p.r.p.TestFile    Now processing file /home/runner/work/key/key/key.core/../key.ui/examples/heap/saddleback_search/Saddleback_search.key 
57492      INFO  main            d.u.i.k.p.i.AbstractProblemLoader Loading environment from /home/runner/work/key/key/key.core/../key.ui/examples/heap/saddleback_search/Saddleback_search.key 
57492      DEBUG main            d.u.i.k.p.i.AbstractProblemLoader Environment load took 112.1ns 
57493      INFO  main            d.u.i.k.p.i.AbstractProblemLoader Creating init config 
60215      DEBUG main            d.u.i.k.p.i.AbstractProblemLoader Init config took 2.72s 
60278      INFO  main            d.u.i.k.p.i.AbstractProblemLoader Replaying proof Saddleback[Saddleback::search([[I,int)].JML normal_behavior operation contract.0 
60288      DEBUG main            d.u.i.k.p.i.IntermediateProofReplayer Proof replay took 6.4ns 
147744     INFO  main            d.u.i.k.p.r.p.TestFile    ... finished proof: closed. 
148141     INFO  main            d.u.i.k.p.i.AbstractProblemLoader Loading environment from /home/runner/work/key/key/key.core/../key.ui/examples/heap/saddleback_search/Saddleback_search.key.proof 
148142     DEBUG main            d.u.i.k.p.i.AbstractProblemLoader Environment load took 486.81ns 
148152     INFO  main            d.u.i.k.p.i.AbstractProblemLoader Creating init config 
150622     DEBUG main            d.u.i.k.p.i.AbstractProblemLoader Init config took 2.47s 
150672     INFO  main            d.u.i.k.p.i.AbstractProblemLoader Replaying proof Saddleback[Saddleback::search([[I,int)].JML normal_behavior operation contract.0 
153358     DEBUG main            d.u.i.k.p.i.IntermediateProofReplayer Proof replay took 2.51s 
153369     DEBUG main            d.u.i.k.p.r.p.TestFile    ... success: reloaded. 
1662549    INFO  Test worker     d.u.i.k.p.r.RunAllProofsTestUnit Returning from test removeDups 
1662551    INFO  Test worker     d.u.i.k.p.r.RunAllProofsTestUnit Running test quicksort 
375        INFO  Timeout watchdog d.u.i.k.p.r.p.ForkedTestFileRunner Timeout watcher launched (2000 secs.) 
380        WARN  main            d.u.i.k.s.ProofSettings   The settings in /home/runner/.key/proof-settings.props are *not* read. 
429        INFO  main            d.u.i.k.p.r.p.TestFile    Now processing file /home/runner/work/key/key/key.core/../key.ui/examples/heap/quicksort/toplevel.key 
554        INFO  main            d.u.i.k.p.i.AbstractProblemLoader Loading environment from /home/runner/work/key/key/key.core/../key.ui/examples/heap/quicksort/toplevel.key 
581        DEBUG main            d.u.i.k.p.i.AbstractProblemLoader Environment load took 2.29ms 
804        INFO  main            d.u.i.k.p.i.AbstractProblemLoader Creating init config 
1816       DEBUG main            d.u.i.k.j.TypeConverter   No LDT found for Meta 
1817       DEBUG main            d.u.i.k.j.TypeConverter   No LDT found for Meta 
1820       DEBUG main            d.u.i.k.j.TypeConverter   No LDT found for Meta 
1820       DEBUG main            d.u.i.k.j.TypeConverter   No LDT found for Meta 
3261       DEBUG main            d.u.i.k.j.TypeConverter   No LDT found for JavaBigintExpression 
8433       DEBUG main            d.u.i.k.p.i.AbstractProblemLoader Init config took 7.63s 
8555       INFO  main            d.u.i.k.p.i.AbstractProblemLoader Replaying proof Quicksort[Quicksort::sort([I)].JML normal_behavior operation contract.0 
8589       DEBUG main            d.u.i.k.p.i.IntermediateProofReplayer Proof replay took 33.6ns 
9863       INFO  main            d.u.i.k.p.r.p.TestFile    ... finished proof: closed. 
10057      INFO  main            d.u.i.k.p.i.AbstractProblemLoader Loading environment from /home/runner/work/key/key/key.core/../key.ui/examples/heap/quicksort/toplevel.key.proof 
10058      DEBUG main            d.u.i.k.p.i.AbstractProblemLoader Environment load took 612.21ns 
10060      INFO  main            d.u.i.k.p.i.AbstractProblemLoader Creating init config 
13043      DEBUG main            d.u.i.k.p.i.AbstractProblemLoader Init config took 2.98s 
13105      INFO  main            d.u.i.k.p.i.AbstractProblemLoader Replaying proof Quicksort[Quicksort::sort([I)].JML normal_behavior operation contract.0 
13276      DEBUG main            d.u.i.k.p.i.IntermediateProofReplayer Proof replay took 163.41ms 
13288      DEBUG main            d.u.i.k.p.r.p.TestFile    ... success: reloaded. 
13291      INFO  main            d.u.i.k.p.r.p.TestFile    Now processing file /home/runner/work/key/key/key.core/../key.ui/examples/heap/quicksort/sort.key 
13292      INFO  main            d.u.i.k.p.i.AbstractProblemLoader Loading environment from /home/runner/work/key/key/key.core/../key.ui/examples/heap/quicksort/sort.key 
13292      DEBUG main            d.u.i.k.p.i.AbstractProblemLoader Environment load took 260.3ns 
13294      INFO  main            d.u.i.k.p.i.AbstractProblemLoader Creating init config 
16238      DEBUG main            d.u.i.k.p.i.AbstractProblemLoader Init config took 2.94s 
16299      INFO  main            d.u.i.k.p.i.AbstractProblemLoader Replaying proof Quicksort[Quicksort::sort([I,int,int)].JML normal_behavior operation contract.0 
16303      DEBUG main            d.u.i.k.p.i.IntermediateProofReplayer Proof replay took 7ns 
16362      DEBUG main            d.u.i.k.m.s.ProofScriptEngine 1: 'script 'sort.script'' 
16372      INFO  main            d.u.i.k.m.s.ProofScriptCommand Included script /home/runner/work/key/key/key.core/../key.ui/examples/heap/quicksort/sort.script 
16373      DEBUG main            d.u.i.k.m.s.ProofScriptEngine 1: 'macro autopilot-prep' 
17436      DEBUG main            d.u.i.k.m.s.ProofScriptEngine 2: 'select formula="{heapAtPre:=heap || exc:=null || heap:=heapAfter_sort_0}
   seq ...' 
17440      DEBUG main            d.u.i.k.m.s.ProofScriptEngine 3: 'macro simp-upd' 
17451      DEBUG main            d.u.i.k.m.s.ProofScriptEngine 4: 'let   @seqPre="seqDef{int u;}(0, array.length, array[u])"
    @seqSplit="seqDef ...' 
17453      DEBUG main            d.u.i.k.m.s.ProofScriptEngine 5: 'rule seqPermSym 
  formula="seqPerm(@seqSplit, @seqPre)"' 
17473      DEBUG main            d.u.i.k.m.s.ProofScriptEngine 6: 'rule seqPermSym
  formula="seqPerm(@seqSort, @seqSplit)"' 
17475      DEBUG main            d.u.i.k.m.s.ProofScriptEngine 7: 'rule seqPermSym
  formula="seqPerm(@seqSort0, @seqSort)"' 
17477      DEBUG main            d.u.i.k.m.s.ProofScriptEngine 8: 'rule seqPermTrans
  formula="seqPerm(@seqPre, @seqSplit)"' 
17477      DEBUG main            d.u.i.k.m.s.ProofScriptEngine 9: 'rule seqPermTrans
  formula="seqPerm(@seqPre, @seqSort)"' 
17478      DEBUG main            d.u.i.k.m.s.ProofScriptEngine 10: 'rule seqPermSym
  formula="seqPerm(@seqPre, @seqSort0)"' 
17480      DEBUG main            d.u.i.k.m.s.ProofScriptEngine 11: 'tryclose' 
44202      INFO  main            d.u.i.k.p.r.p.TestFile    ... finished proof: closed. 
44547      INFO  main            d.u.i.k.p.i.AbstractProblemLoader Loading environment from /home/runner/work/key/key/key.core/../key.ui/examples/heap/quicksort/sort.key.proof 
44547      DEBUG main            d.u.i.k.p.i.AbstractProblemLoader Environment load took 541.11ns 
44560      INFO  main            d.u.i.k.p.i.AbstractProblemLoader Creating init config 
47235      DEBUG main            d.u.i.k.p.i.AbstractProblemLoader Init config took 2.68s 
47284      INFO  main            d.u.i.k.p.i.AbstractProblemLoader Replaying proof Quicksort[Quicksort::sort([I,int,int)].JML normal_behavior operation contract.0 
49356      DEBUG main            d.u.i.k.p.i.IntermediateProofReplayer Proof replay took 1.96s 
49362      DEBUG main            d.u.i.k.p.r.p.TestFile    ... success: reloaded. 
49364      INFO  main            d.u.i.k.p.r.p.TestFile    Now processing file /home/runner/work/key/key/key.core/../key.ui/examples/heap/quicksort/split.key 
49365      INFO  main            d.u.i.k.p.i.AbstractProblemLoader Loading environment from /home/runner/work/key/key/key.core/../key.ui/examples/heap/quicksort/split.key 
49365      DEBUG main            d.u.i.k.p.i.AbstractProblemLoader Environment load took 276.1ns 
49366      INFO  main            d.u.i.k.p.i.AbstractProblemLoader Creating init config 
52347      DEBUG main            d.u.i.k.p.i.AbstractProblemLoader Init config took 2.98s 
52393      INFO  main            d.u.i.k.p.i.AbstractProblemLoader Replaying proof Quicksort[Quicksort::split([I,int,int)].JML normal_behavior operation contract.0 
52396      DEBUG main            d.u.i.k.p.i.IntermediateProofReplayer Proof replay took 6.4ns 
52397      DEBUG main            d.u.i.k.m.s.ProofScriptEngine 1: 'macro autopilot-prep' 
53635      DEBUG main            d.u.i.k.m.s.ProofScriptEngine 2: 'tryclose' 
91373      DEBUG main            d.u.i.k.m.s.ProofScriptEngine 3: 'macro simp-upd' 
91471      DEBUG main            d.u.i.k.m.s.ProofScriptEngine 4: 'rule seqPermFromSwap' 
91487      DEBUG main            d.u.i.k.m.s.ProofScriptEngine 5: 'rule andRight' 
91490      DEBUG main            d.u.i.k.m.s.ProofScriptEngine 6: 'auto' 
91519      DEBUG main            d.u.i.k.m.s.ProofScriptEngine 7: 'instantiate hide var=iv with=i_0' 
91523      DEBUG main            d.u.i.k.m.s.ProofScriptEngine 8: 'instantiate hide var=jv with=j_0' 
91525      DEBUG main            d.u.i.k.m.s.ProofScriptEngine 9: 'auto' 
98148      DEBUG main            d.u.i.k.m.s.ProofScriptEngine 10: 'macro simp-upd' 
98244      DEBUG main            d.u.i.k.m.s.ProofScriptEngine 11: 'rule seqPermFromSwap' 
98248      DEBUG main            d.u.i.k.m.s.ProofScriptEngine 12: 'rule andRight' 
98249      DEBUG main            d.u.i.k.m.s.ProofScriptEngine 13: 'auto' 
98267      DEBUG main            d.u.i.k.m.s.ProofScriptEngine 14: 'instantiate hide var=iv with=i_0' 
98270      DEBUG main            d.u.i.k.m.s.ProofScriptEngine 15: 'instantiate hide var=jv with=to' 
98272      DEBUG main            d.u.i.k.m.s.ProofScriptEngine 16: 'auto' 
103402     INFO  main            d.u.i.k.p.r.p.TestFile    ... finished proof: closed. 
103901     INFO  main            d.u.i.k.p.i.AbstractProblemLoader Loading environment from /home/runner/work/key/key/key.core/../key.ui/examples/heap/quicksort/split.key.proof 
103901     DEBUG main            d.u.i.k.p.i.AbstractProblemLoader Environment load took 218.8ns 
103914     INFO  main            d.u.i.k.p.i.AbstractProblemLoader Creating init config 
106561     DEBUG main            d.u.i.k.p.i.AbstractProblemLoader Init config took 2.65s 
106620     INFO  main            d.u.i.k.p.i.AbstractProblemLoader Replaying proof Quicksort[Quicksort::split([I,int,int)].JML normal_behavior operation contract.0 
110359     DEBUG main            d.u.i.k.p.i.IntermediateProofReplayer Proof replay took 3.54s 
110371     DEBUG main            d.u.i.k.p.r.p.TestFile    ... success: reloaded. 
1773200    INFO  Test worker     d.u.i.k.p.r.RunAllProofsTestUnit Returning from test quicksort 
1773202    INFO  Test worker     d.u.i.k.p.r.RunAllProofsTestUnit Running test simpleTests 
333        INFO  Timeout watchdog d.u.i.k.p.r.p.ForkedTestFileRunner Timeout watcher launched (2000 secs.) 
345        WARN  main            d.u.i.k.s.ProofSettings   The settings in /home/runner/.key/proof-settings.props are *not* read. 
372        INFO  main            d.u.i.k.p.r.p.TestFile    Now processing file /home/runner/work/key/key/key.core/../key.ui/examples/heap/simple/anonymise_datagroup.key 
480        INFO  main            d.u.i.k.p.i.AbstractProblemLoader Loading environment from /home/runner/work/key/key/key.core/../key.ui/examples/heap/simple/anonymise_datagroup.key 
507        DEBUG main            d.u.i.k.p.i.AbstractProblemLoader Environment load took 2.19ms 
775        INFO  main            d.u.i.k.p.i.AbstractProblemLoader Creating init config 
1676       DEBUG main            d.u.i.k.j.TypeConverter   No LDT found for Meta 
1677       DEBUG main            d.u.i.k.j.TypeConverter   No LDT found for Meta 
1678       DEBUG main            d.u.i.k.j.TypeConverter   No LDT found for Meta 
1679       DEBUG main            d.u.i.k.j.TypeConverter   No LDT found for Meta 
3139       DEBUG main            d.u.i.k.j.TypeConverter   No LDT found for JavaBigintExpression 
7915       DEBUG main            d.u.i.k.p.i.AbstractProblemLoader Init config took 7.14s 
7975       INFO  main            d.u.i.k.p.i.AbstractProblemLoader Replaying proof anonymise_datagroup.key 
8008       DEBUG main            d.u.i.k.p.i.IntermediateProofReplayer Proof replay took 35.8ns 
8283       INFO  main            d.u.i.k.p.r.p.TestFile    ... finished proof: closed. 
8395       INFO  main            d.u.i.k.p.i.AbstractProblemLoader Loading environment from /home/runner/work/key/key/key.core/../key.ui/examples/heap/simple/anonymise_datagroup.key.proof 
8395       DEBUG main            d.u.i.k.p.i.AbstractProblemLoader Environment load took 199.2ns 
8400       INFO  main            d.u.i.k.p.i.AbstractProblemLoader Creating init config 
11053      DEBUG main            d.u.i.k.p.i.AbstractProblemLoader Init config took 2.65s 
11118      INFO  main            d.u.i.k.p.i.AbstractProblemLoader Replaying proof anonymise_datagroup.key.proof 
11142      DEBUG main            d.u.i.k.p.i.IntermediateProofReplayer Proof replay took 16.4ms 
11162      DEBUG main            d.u.i.k.p.r.p.TestFile    ... success: reloaded. 
11166      INFO  main            d.u.i.k.p.r.p.TestFile    Now processing file /home/runner/work/key/key/key.core/../key.ui/examples/heap/simple/array_creation.key 
11166      INFO  main            d.u.i.k.p.i.AbstractProblemLoader Loading environment from /home/runner/work/key/key/key.core/../key.ui/examples/heap/simple/array_creation.key 
11167      DEBUG main            d.u.i.k.p.i.AbstractProblemLoader Environment load took 304ns 
11170      INFO  main            d.u.i.k.p.i.AbstractProblemLoader Creating init config 
13807      DEBUG main            d.u.i.k.p.i.AbstractProblemLoader Init config took 2.64s 
13841      INFO  main            d.u.i.k.p.i.AbstractProblemLoader Replaying proof array_creation.key 
13845      DEBUG main            d.u.i.k.p.i.IntermediateProofReplayer Proof replay took 6.3ns 
14656      INFO  main            d.u.i.k.p.r.p.TestFile    ... finished proof: closed. 
14873      INFO  main            d.u.i.k.p.i.AbstractProblemLoader Loading environment from /home/runner/work/key/key/key.core/../key.ui/examples/heap/simple/array_creation.key.proof 
14875      DEBUG main            d.u.i.k.p.i.AbstractProblemLoader Environment load took 2.33ms 
14879      INFO  main            d.u.i.k.p.i.AbstractProblemLoader Creating init config 
17404      DEBUG main            d.u.i.k.p.i.AbstractProblemLoader Init config took 2.52s 
17434      INFO  main            d.u.i.k.p.i.AbstractProblemLoader Replaying proof array_creation.key.proof 
17556      DEBUG main            d.u.i.k.p.i.IntermediateProofReplayer Proof replay took 113.88ms 
17557      DEBUG main            d.u.i.k.p.r.p.TestFile    ... success: reloaded. 
17559      INFO  main            d.u.i.k.p.r.p.TestFile    Now processing file /home/runner/work/key/key/key.core/../key.ui/examples/heap/simple/arrays_with_disjoint_sorts.key 
17559      INFO  main            d.u.i.k.p.i.AbstractProblemLoader Loading environment from /home/runner/work/key/key/key.core/../key.ui/examples/heap/simple/arrays_with_disjoint_sorts.key 
17560      DEBUG main            d.u.i.k.p.i.AbstractProblemLoader Environment load took 240.91ns 
17561      INFO  main            d.u.i.k.p.i.AbstractProblemLoader Creating init config 
20011      DEBUG main            d.u.i.k.p.i.AbstractProblemLoader Init config took 2.45s 
20034      INFO  main            d.u.i.k.p.i.AbstractProblemLoader Replaying proof arrays_with_disjoint_sorts.key 
20036      DEBUG main            d.u.i.k.p.i.IntermediateProofReplayer Proof replay took 7.6ns 
20243      INFO  main            d.u.i.k.p.r.p.TestFile    ... finished proof: closed. 
20404      INFO  main            d.u.i.k.p.i.AbstractProblemLoader Loading environment from /home/runner/work/key/key/key.core/../key.ui/examples/heap/simple/arrays_with_disjoint_sorts.key.proof 
20405      DEBUG main            d.u.i.k.p.i.AbstractProblemLoader Environment load took 450.91ns 
20406      INFO  main            d.u.i.k.p.i.AbstractProblemLoader Creating init config 
22855      DEBUG main            d.u.i.k.p.i.AbstractProblemLoader Init config took 2.45s 
22878      INFO  main            d.u.i.k.p.i.AbstractProblemLoader Replaying proof arrays_with_disjoint_sorts.key.proof 
22902      DEBUG main            d.u.i.k.p.i.IntermediateProofReplayer Proof replay took 21.36ms 
22904      DEBUG main            d.u.i.k.p.r.p.TestFile    ... success: reloaded. 
22905      INFO  main            d.u.i.k.p.r.p.TestFile    Now processing file /home/runner/work/key/key/key.core/../key.ui/examples/heap/simple/arrays.key 
22905      INFO  main            d.u.i.k.p.i.AbstractProblemLoader Loading environment from /home/runner/work/key/key/key.core/../key.ui/examples/heap/simple/arrays.key 
22906      DEBUG main            d.u.i.k.p.i.AbstractProblemLoader Environment load took 225.5ns 
22907      INFO  main            d.u.i.k.p.i.AbstractProblemLoader Creating init config 
25372      DEBUG main            d.u.i.k.p.i.AbstractProblemLoader Init config took 2.46s 
25397      INFO  main            d.u.i.k.p.i.AbstractProblemLoader Replaying proof arrays.key 
25403      DEBUG main            d.u.i.k.p.i.IntermediateProofReplayer Proof replay took 7.2ns 
25610      INFO  main            d.u.i.k.p.r.p.TestFile    ... finished proof: closed. 
25769      INFO  main            d.u.i.k.p.i.AbstractProblemLoader Loading environment from /home/runner/work/key/key/key.core/../key.ui/examples/heap/simple/arrays.key.proof 
25770      DEBUG main            d.u.i.k.p.i.AbstractProblemLoader Environment load took 1.42ms 
25772      INFO  main            d.u.i.k.p.i.AbstractProblemLoader Creating init config 
28170      DEBUG main            d.u.i.k.p.i.AbstractProblemLoader Init config took 2.4s 
28191      INFO  main            d.u.i.k.p.i.AbstractProblemLoader Replaying proof arrays.key.proof 
28213      DEBUG main            d.u.i.k.p.i.IntermediateProofReplayer Proof replay took 18.44ms 
28214      DEBUG main            d.u.i.k.p.r.p.TestFile    ... success: reloaded. 
28216      INFO  main            d.u.i.k.p.r.p.TestFile    Now processing file /home/runner/work/key/key/key.core/../key.ui/examples/heap/simple/attributes.key 
28216      INFO  main            d.u.i.k.p.i.AbstractProblemLoader Loading environment from /home/runner/work/key/key/key.core/../key.ui/examples/heap/simple/attributes.key 
28216      DEBUG main            d.u.i.k.p.i.AbstractProblemLoader Environment load took 270.31ns 
28218      INFO  main            d.u.i.k.p.i.AbstractProblemLoader Creating init config 
30627      DEBUG main            d.u.i.k.p.i.AbstractProblemLoader Init config took 2.41s 
30649      INFO  main            d.u.i.k.p.i.AbstractProblemLoader Replaying proof attributes.key 
30651      DEBUG main            d.u.i.k.p.i.IntermediateProofReplayer Proof replay took 6.8ns 
30753      INFO  main            d.u.i.k.p.r.p.TestFile    ... finished proof: closed. 
30906      INFO  main            d.u.i.k.p.i.AbstractProblemLoader Loading environment from /home/runner/work/key/key/key.core/../key.ui/examples/heap/simple/attributes.key.proof 
30907      DEBUG main            d.u.i.k.p.i.AbstractProblemLoader Environment load took 134.8ns 
30908      INFO  main            d.u.i.k.p.i.AbstractProblemLoader Creating init config 
33301      DEBUG main            d.u.i.k.p.i.AbstractProblemLoader Init config took 2.39s 
33322      INFO  main            d.u.i.k.p.i.AbstractProblemLoader Replaying proof attributes.key.proof 
33326      DEBUG main            d.u.i.k.p.i.IntermediateProofReplayer Proof replay took 2.1ms 
33327      DEBUG main            d.u.i.k.p.r.p.TestFile    ... success: reloaded. 
33328      INFO  main            d.u.i.k.p.r.p.TestFile    Now processing file /home/runner/work/key/key/key.core/../key.ui/examples/heap/simple/constructor_contracts.key 
33328      INFO  main            d.u.i.k.p.i.AbstractProblemLoader Loading environment from /home/runner/work/key/key/key.core/../key.ui/examples/heap/simple/constructor_contracts.key 
33329      DEBUG main            d.u.i.k.p.i.AbstractProblemLoader Environment load took 231.7ns 
33331      INFO  main            d.u.i.k.p.i.AbstractProblemLoader Creating init config 
36108      DEBUG main            d.u.i.k.p.i.AbstractProblemLoader Init config took 2.78s 
36130      INFO  main            d.u.i.k.p.i.AbstractProblemLoader Replaying proof constructor_contracts.key 
36133      DEBUG main            d.u.i.k.p.i.IntermediateProofReplayer Proof replay took 6.9ns 
36741      INFO  main            d.u.i.k.p.r.p.TestFile    ... finished proof: closed. 
36981      INFO  main            d.u.i.k.p.i.AbstractProblemLoader Loading environment from /home/runner/work/key/key/key.core/../key.ui/examples/heap/simple/constructor_contracts.key.proof 
36981      DEBUG main            d.u.i.k.p.i.AbstractProblemLoader Environment load took 450.51ns 
36983      INFO  main            d.u.i.k.p.i.AbstractProblemLoader Creating init config 
39630      DEBUG main            d.u.i.k.p.i.AbstractProblemLoader Init config took 2.65s 
39653      INFO  main            d.u.i.k.p.i.AbstractProblemLoader Replaying proof constructor_contracts.key.proof 
39788      DEBUG main            d.u.i.k.p.i.IntermediateProofReplayer Proof replay took 126.85ms 
39793      DEBUG main            d.u.i.k.p.r.p.TestFile    ... success: reloaded. 
39795      INFO  main            d.u.i.k.p.r.p.TestFile    Now processing file /home/runner/work/key/key/key.core/../key.ui/examples/heap/simple/dependencies.key 
39795      INFO  main            d.u.i.k.p.i.AbstractProblemLoader Loading environment from /home/runner/work/key/key/key.core/../key.ui/examples/heap/simple/dependencies.key 
39795      DEBUG main            d.u.i.k.p.i.AbstractProblemLoader Environment load took 235.7ns 
39797      INFO  main            d.u.i.k.p.i.AbstractProblemLoader Creating init config 
42234      DEBUG main            d.u.i.k.p.i.AbstractProblemLoader Init config took 2.44s 
42254      INFO  main            d.u.i.k.p.i.AbstractProblemLoader Replaying proof dependencies.key 
42256      DEBUG main            d.u.i.k.p.i.IntermediateProofReplayer Proof replay took 7.4ns 
42359      INFO  main            d.u.i.k.p.r.p.TestFile    ... finished proof: closed. 
42538      INFO  main            d.u.i.k.p.i.AbstractProblemLoader Loading environment from /home/runner/work/key/key/key.core/../key.ui/examples/heap/simple/dependencies.key.proof 
42538      DEBUG main            d.u.i.k.p.i.AbstractProblemLoader Environment load took 138.7ns 
42540      INFO  main            d.u.i.k.p.i.AbstractProblemLoader Creating init config 
44868      DEBUG main            d.u.i.k.p.i.AbstractProblemLoader Init config took 2.33s 
44888      INFO  main            d.u.i.k.p.i.AbstractProblemLoader Replaying proof dependencies.key.proof 
44897      DEBUG main            d.u.i.k.p.i.IntermediateProofReplayer Proof replay took 8.05ms 
44898      DEBUG main            d.u.i.k.p.r.p.TestFile    ... success: reloaded. 
44899      INFO  main            d.u.i.k.p.r.p.TestFile    Now processing file /home/runner/work/key/key/key.core/../key.ui/examples/heap/simple/dependency_contracts.key 
44899      INFO  main            d.u.i.k.p.i.AbstractProblemLoader Loading environment from /home/runner/work/key/key/key.core/../key.ui/examples/heap/simple/dependency_contracts.key 
44899      DEBUG main            d.u.i.k.p.i.AbstractProblemLoader Environment load took 101ns 
44901      INFO  main            d.u.i.k.p.i.AbstractProblemLoader Creating init config 
47526      DEBUG main            d.u.i.k.p.i.AbstractProblemLoader Init config took 2.62s 
47547      INFO  main            d.u.i.k.p.i.AbstractProblemLoader Replaying proof dependency_contracts.key 
47550      DEBUG main            d.u.i.k.p.i.IntermediateProofReplayer Proof replay took 7.1ns 
48759      INFO  main            d.u.i.k.p.r.p.TestFile    ... finished proof: closed. 
48968      INFO  main            d.u.i.k.p.i.AbstractProblemLoader Loading environment from /home/runner/work/key/key/key.core/../key.ui/examples/heap/simple/dependency_contracts.key.proof 
48968      DEBUG main            d.u.i.k.p.i.AbstractProblemLoader Environment load took 532.21ns 
48971      INFO  main            d.u.i.k.p.i.AbstractProblemLoader Creating init config 
51568      DEBUG main            d.u.i.k.p.i.AbstractProblemLoader Init config took 2.6s 
51590      INFO  main            d.u.i.k.p.i.AbstractProblemLoader Replaying proof dependency_contracts.key.proof 
51777      DEBUG main            d.u.i.k.p.i.IntermediateProofReplayer Proof replay took 177.77ms 
51779      DEBUG main            d.u.i.k.p.r.p.TestFile    ... success: reloaded. 
51780      INFO  main            d.u.i.k.p.r.p.TestFile    Now processing file /home/runner/work/key/key/key.core/../key.ui/examples/heap/simple/invariant_preservation.key 
51780      INFO  main            d.u.i.k.p.i.AbstractProblemLoader Loading environment from /home/runner/work/key/key/key.core/../key.ui/examples/heap/simple/invariant_preservation.key 
51781      DEBUG main            d.u.i.k.p.i.AbstractProblemLoader Environment load took 231.4ns 
51782      INFO  main            d.u.i.k.p.i.AbstractProblemLoader Creating init config 
54374      DEBUG main            d.u.i.k.p.i.AbstractProblemLoader Init config took 2.59s 
54395      INFO  main            d.u.i.k.p.i.AbstractProblemLoader Replaying proof invariant_preservation.key 
54397      DEBUG main            d.u.i.k.p.i.IntermediateProofReplayer Proof replay took 8.1ns 
54601      INFO  main            d.u.i.k.p.r.p.TestFile    ... finished proof: closed. 
54811      INFO  main            d.u.i.k.p.i.AbstractProblemLoader Loading environment from /home/runner/work/key/key/key.core/../key.ui/examples/heap/simple/invariant_preservation.key.proof 
54811      DEBUG main            d.u.i.k.p.i.AbstractProblemLoader Environment load took 146.8ns 
54813      INFO  main            d.u.i.k.p.i.AbstractProblemLoader Creating init config 
57373      DEBUG main            d.u.i.k.p.i.AbstractProblemLoader Init config took 2.56s 
57394      INFO  main            d.u.i.k.p.i.AbstractProblemLoader Replaying proof invariant_preservation.key.proof 
57425      DEBUG main            d.u.i.k.p.i.IntermediateProofReplayer Proof replay took 29.24ms 
57427      DEBUG main            d.u.i.k.p.r.p.TestFile    ... success: reloaded. 
57429      INFO  main            d.u.i.k.p.r.p.TestFile    Now processing file /home/runner/work/key/key/key.core/../key.ui/examples/heap/simple/locsets.key 
57429      INFO  main            d.u.i.k.p.i.AbstractProblemLoader Loading environment from /home/runner/work/key/key/key.core/../key.ui/examples/heap/simple/locsets.key 
57429      DEBUG main            d.u.i.k.p.i.AbstractProblemLoader Environment load took 88.1ns 
57430      INFO  main            d.u.i.k.p.i.AbstractProblemLoader Creating init config 
59752      DEBUG main            d.u.i.k.p.i.AbstractProblemLoader Init config took 2.32s 
59767      INFO  main            d.u.i.k.p.i.AbstractProblemLoader Replaying proof locsets.key 
59769      DEBUG main            d.u.i.k.p.i.IntermediateProofReplayer Proof replay took 7.6ns 
59876      INFO  main            d.u.i.k.p.r.p.TestFile    ... finished proof: closed. 
60071      INFO  main            d.u.i.k.p.i.AbstractProblemLoader Loading environment from /home/runner/work/key/key/key.core/../key.ui/examples/heap/simple/locsets.key.proof 
60071      DEBUG main            d.u.i.k.p.i.AbstractProblemLoader Environment load took 146.2ns 
60072      INFO  main            d.u.i.k.p.i.AbstractProblemLoader Creating init config 
62386      DEBUG main            d.u.i.k.p.i.AbstractProblemLoader Init config took 2.31s 
62405      INFO  main            d.u.i.k.p.i.AbstractProblemLoader Replaying proof locsets.key.proof 
62409      DEBUG main            d.u.i.k.p.i.IntermediateProofReplayer Proof replay took 2.6ms 
62410      DEBUG main            d.u.i.k.p.r.p.TestFile    ... success: reloaded. 
62410      INFO  main            d.u.i.k.p.r.p.TestFile    Now processing file /home/runner/work/key/key/key.core/../key.ui/examples/heap/simple/loop1.key 
62411      INFO  main            d.u.i.k.p.i.AbstractProblemLoader Loading environment from /home/runner/work/key/key/key.core/../key.ui/examples/heap/simple/loop1.key 
62411      DEBUG main            d.u.i.k.p.i.AbstractProblemLoader Environment load took 89.3ns 
62412      INFO  main            d.u.i.k.p.i.AbstractProblemLoader Creating init config 
64944      DEBUG main            d.u.i.k.p.i.AbstractProblemLoader Init config took 2.53s 
64961      INFO  main            d.u.i.k.p.i.AbstractProblemLoader Replaying proof loop1.key 
64962      DEBUG main            d.u.i.k.p.i.IntermediateProofReplayer Proof replay took 7.9ns 
65165      INFO  main            d.u.i.k.p.r.p.TestFile    ... finished proof: closed. 
65343      INFO  main            d.u.i.k.p.i.AbstractProblemLoader Loading environment from /home/runner/work/key/key/key.core/../key.ui/examples/heap/simple/loop1.key.proof 
65344      DEBUG main            d.u.i.k.p.i.AbstractProblemLoader Environment load took 128.1ns 
65345      INFO  main            d.u.i.k.p.i.AbstractProblemLoader Creating init config 
67905      DEBUG main            d.u.i.k.p.i.AbstractProblemLoader Init config took 2.56s 
67922      INFO  main            d.u.i.k.p.i.AbstractProblemLoader Replaying proof loop1.key.proof 
67985      DEBUG main            d.u.i.k.p.i.IntermediateProofReplayer Proof replay took 60.74ms 
67986      DEBUG main            d.u.i.k.p.r.p.TestFile    ... success: reloaded. 
67987      INFO  main            d.u.i.k.p.r.p.TestFile    Now processing file /home/runner/work/key/key/key.core/../key.ui/examples/heap/simple/loop2.key 
67988      INFO  main            d.u.i.k.p.i.AbstractProblemLoader Loading environment from /home/runner/work/key/key/key.core/../key.ui/examples/heap/simple/loop2.key 
67988      DEBUG main            d.u.i.k.p.i.AbstractProblemLoader Environment load took 241.8ns 
67989      INFO  main            d.u.i.k.p.i.AbstractProblemLoader Creating init config 
70513      DEBUG main            d.u.i.k.p.i.AbstractProblemLoader Init config took 2.52s 
70530      INFO  main            d.u.i.k.p.i.AbstractProblemLoader Replaying proof loop2.key 
70532      DEBUG main            d.u.i.k.p.i.IntermediateProofReplayer Proof replay took 7ns 
71138      INFO  main            d.u.i.k.p.r.p.TestFile    ... finished proof: closed. 
71341      INFO  main            d.u.i.k.p.i.AbstractProblemLoader Loading environment from /home/runner/work/key/key/key.core/../key.ui/examples/heap/simple/loop2.key.proof 
71341      DEBUG main            d.u.i.k.p.i.AbstractProblemLoader Environment load took 130.5ns 
71343      INFO  main            d.u.i.k.p.i.AbstractProblemLoader Creating init config 
73892      DEBUG main            d.u.i.k.p.i.AbstractProblemLoader Init config took 2.55s 
73909      INFO  main            d.u.i.k.p.i.AbstractProblemLoader Replaying proof loop2.key.proof 
74052      DEBUG main            d.u.i.k.p.i.IntermediateProofReplayer Proof replay took 138.46ms 
74054      DEBUG main            d.u.i.k.p.r.p.TestFile    ... success: reloaded. 
74055      INFO  main            d.u.i.k.p.r.p.TestFile    Now processing file /home/runner/work/key/key/key.core/../key.ui/examples/heap/simple/modifies_datagroup.key 
74056      INFO  main            d.u.i.k.p.i.AbstractProblemLoader Loading environment from /home/runner/work/key/key/key.core/../key.ui/examples/heap/simple/modifies_datagroup.key 
74056      DEBUG main            d.u.i.k.p.i.AbstractProblemLoader Environment load took 224.5ns 
74057      INFO  main            d.u.i.k.p.i.AbstractProblemLoader Creating init config 
76333      DEBUG main            d.u.i.k.p.i.AbstractProblemLoader Init config took 2.28s 
76349      INFO  main            d.u.i.k.p.i.AbstractProblemLoader Replaying proof modifies_datagroup.key 
76351      DEBUG main            d.u.i.k.p.i.IntermediateProofReplayer Proof replay took 8.3ns 
76456      INFO  main            d.u.i.k.p.r.p.TestFile    ... finished proof: closed. 
76679      INFO  main            d.u.i.k.p.i.AbstractProblemLoader Loading environment from /home/runner/work/key/key/key.core/../key.ui/examples/heap/simple/modifies_datagroup.key.proof 
76679      DEBUG main            d.u.i.k.p.i.AbstractProblemLoader Environment load took 131.7ns 
76680      INFO  main            d.u.i.k.p.i.AbstractProblemLoader Creating init config 
78998      DEBUG main            d.u.i.k.p.i.AbstractProblemLoader Init config took 2.32s 
79014      INFO  main            d.u.i.k.p.i.AbstractProblemLoader Replaying proof modifies_datagroup.key.proof 
79019      DEBUG main            d.u.i.k.p.i.IntermediateProofReplayer Proof replay took 3.66ms 
79020      DEBUG main            d.u.i.k.p.r.p.TestFile    ... success: reloaded. 
79021      INFO  main            d.u.i.k.p.r.p.TestFile    Now processing file /home/runner/work/key/key/key.core/../key.ui/examples/heap/simple/modifies.key 
79021      INFO  main            d.u.i.k.p.i.AbstractProblemLoader Loading environment from /home/runner/work/key/key/key.core/../key.ui/examples/heap/simple/modifies.key 
79021      DEBUG main            d.u.i.k.p.i.AbstractProblemLoader Environment load took 96.1ns 
79023      INFO  main            d.u.i.k.p.i.AbstractProblemLoader Creating init config 
81325      DEBUG main            d.u.i.k.p.i.AbstractProblemLoader Init config took 2.3s 
81340      INFO  main            d.u.i.k.p.i.AbstractProblemLoader Replaying proof modifies.key 
81342      DEBUG main            d.u.i.k.p.i.IntermediateProofReplayer Proof replay took 8.8ns 
81445      INFO  main            d.u.i.k.p.r.p.TestFile    ... finished proof: closed. 
81666      INFO  main            d.u.i.k.p.i.AbstractProblemLoader Loading environment from /home/runner/work/key/key/key.core/../key.ui/examples/heap/simple/modifies.key.proof 
81666      DEBUG main            d.u.i.k.p.i.AbstractProblemLoader Environment load took 122ns 
81668      INFO  main            d.u.i.k.p.i.AbstractProblemLoader Creating init config 
83940      DEBUG main            d.u.i.k.p.i.AbstractProblemLoader Init config took 2.27s 
83955      INFO  main            d.u.i.k.p.i.AbstractProblemLoader Replaying proof modifies.key.proof 
83968      DEBUG main            d.u.i.k.p.i.IntermediateProofReplayer Proof replay took 10.95ms 
83969      DEBUG main            d.u.i.k.p.r.p.TestFile    ... success: reloaded. 
83970      INFO  main            d.u.i.k.p.r.p.TestFile    Now processing file /home/runner/work/key/key/key.core/../key.ui/examples/heap/simple/object_creation.key 
83970      INFO  main            d.u.i.k.p.i.AbstractProblemLoader Loading environment from /home/runner/work/key/key/key.core/../key.ui/examples/heap/simple/object_creation.key 
83970      DEBUG main            d.u.i.k.p.i.AbstractProblemLoader Environment load took 104.5ns 
83971      INFO  main            d.u.i.k.p.i.AbstractProblemLoader Creating init config 
86324      DEBUG main            d.u.i.k.p.i.AbstractProblemLoader Init config took 2.35s 
86339      INFO  main            d.u.i.k.p.i.AbstractProblemLoader Replaying proof object_creation.key 
86340      DEBUG main            d.u.i.k.p.i.IntermediateProofReplayer Proof replay took 7.7ns 
86545      INFO  main            d.u.i.k.p.r.p.TestFile    ... finished proof: closed. 
86770      INFO  main            d.u.i.k.p.i.AbstractProblemLoader Loading environment from /home/runner/work/key/key/key.core/../key.ui/examples/heap/simple/object_creation.key.proof 
86770      DEBUG main            d.u.i.k.p.i.AbstractProblemLoader Environment load took 133.2ns 
86772      INFO  main            d.u.i.k.p.i.AbstractProblemLoader Creating init config 
89036      DEBUG main            d.u.i.k.p.i.AbstractProblemLoader Init config took 2.26s 
89052      INFO  main            d.u.i.k.p.i.AbstractProblemLoader Replaying proof object_creation.key.proof 
89098      DEBUG main            d.u.i.k.p.i.IntermediateProofReplayer Proof replay took 43.28ms 
89099      DEBUG main            d.u.i.k.p.r.p.TestFile    ... success: reloaded. 
89100      INFO  main            d.u.i.k.p.r.p.TestFile    Now processing file /home/runner/work/key/key/key.core/../key.ui/examples/heap/simple/operation_contracts.key 
89100      INFO  main            d.u.i.k.p.i.AbstractProblemLoader Loading environment from /home/runner/work/key/key/key.core/../key.ui/examples/heap/simple/operation_contracts.key 
89101      DEBUG main            d.u.i.k.p.i.AbstractProblemLoader Environment load took 222.1ns 
89102      INFO  main            d.u.i.k.p.i.AbstractProblemLoader Creating init config 
91672      DEBUG main            d.u.i.k.p.i.AbstractProblemLoader Init config took 2.57s 
91690      INFO  main            d.u.i.k.p.i.AbstractProblemLoader Replaying proof operation_contracts.key 
91692      DEBUG main            d.u.i.k.p.i.IntermediateProofReplayer Proof replay took 8.2ns 
92498      INFO  main            d.u.i.k.p.r.p.TestFile    ... finished proof: closed. 
92736      INFO  main            d.u.i.k.p.i.AbstractProblemLoader Loading environment from /home/runner/work/key/key/key.core/../key.ui/examples/heap/simple/operation_contracts.key.proof 
92736      DEBUG main            d.u.i.k.p.i.AbstractProblemLoader Environment load took 453.31ns 
92738      INFO  main            d.u.i.k.p.i.AbstractProblemLoader Creating init config 
95263      DEBUG main            d.u.i.k.p.i.AbstractProblemLoader Init config took 2.53s 
95280      INFO  main            d.u.i.k.p.i.AbstractProblemLoader Replaying proof operation_contracts.key.proof 
95415      DEBUG main            d.u.i.k.p.i.IntermediateProofReplayer Proof replay took 129.42ms 
95417      DEBUG main            d.u.i.k.p.r.p.TestFile    ... success: reloaded. 
95419      INFO  main            d.u.i.k.p.r.p.TestFile    Now processing file /home/runner/work/key/key/key.core/../key.ui/examples/heap/simple/select_store.key 
95419      INFO  main            d.u.i.k.p.i.AbstractProblemLoader Loading environment from /home/runner/work/key/key/key.core/../key.ui/examples/heap/simple/select_store.key 
95419      DEBUG main            d.u.i.k.p.i.AbstractProblemLoader Environment load took 235.7ns 
95421      INFO  main            d.u.i.k.p.i.AbstractProblemLoader Creating init config 
97705      DEBUG main            d.u.i.k.p.i.AbstractProblemLoader Init config took 2.28s 
97722      INFO  main            d.u.i.k.p.i.AbstractProblemLoader Replaying proof select_store.key 
97725      DEBUG main            d.u.i.k.p.i.IntermediateProofReplayer Proof replay took 8.5ns 
97827      INFO  main            d.u.i.k.p.r.p.TestFile    ... finished proof: closed. 
98075      INFO  main            d.u.i.k.p.i.AbstractProblemLoader Loading environment from /home/runner/work/key/key/key.core/../key.ui/examples/heap/simple/select_store.key.proof 
98075      DEBUG main            d.u.i.k.p.i.AbstractProblemLoader Environment load took 199.4ns 
98077      INFO  main            d.u.i.k.p.i.AbstractProblemLoader Creating init config 
100322     DEBUG main            d.u.i.k.p.i.AbstractProblemLoader Init config took 2.24s 
100337     INFO  main            d.u.i.k.p.i.AbstractProblemLoader Replaying proof select_store.key.proof 
100340     DEBUG main            d.u.i.k.p.i.IntermediateProofReplayer Proof replay took 2.02ms 
100341     DEBUG main            d.u.i.k.p.r.p.TestFile    ... success: reloaded. 
100342     INFO  main            d.u.i.k.p.r.p.TestFile    Now processing file /home/runner/work/key/key/key.core/../key.ui/examples/heap/simple/selection_sort.key 
100342     INFO  main            d.u.i.k.p.i.AbstractProblemLoader Loading environment from /home/runner/work/key/key/key.core/../key.ui/examples/heap/simple/selection_sort.key 
100342     DEBUG main            d.u.i.k.p.i.AbstractProblemLoader Environment load took 105.1ns 
100343     INFO  main            d.u.i.k.p.i.AbstractProblemLoader Creating init config 
102903     DEBUG main            d.u.i.k.p.i.AbstractProblemLoader Init config took 2.56s 
102918     INFO  main            d.u.i.k.p.i.AbstractProblemLoader Replaying proof selection_sort.key 
102921     DEBUG main            d.u.i.k.p.i.IntermediateProofReplayer Proof replay took 6.6ns 
106688     INFO  main            d.u.i.k.p.r.p.TestFile    ... finished proof: closed. 
106962     INFO  main            d.u.i.k.p.i.AbstractProblemLoader Loading environment from /home/runner/work/key/key/key.core/../key.ui/examples/heap/simple/selection_sort.key.proof 
106963     DEBUG main            d.u.i.k.p.i.AbstractProblemLoader Environment load took 464.31ns 
106965     INFO  main            d.u.i.k.p.i.AbstractProblemLoader Creating init config 
109441     DEBUG main            d.u.i.k.p.i.AbstractProblemLoader Init config took 2.48s 
109457     INFO  main            d.u.i.k.p.i.AbstractProblemLoader Replaying proof selection_sort.key.proof 
110116     DEBUG main            d.u.i.k.p.i.IntermediateProofReplayer Proof replay took 638.36ms 
110118     DEBUG main            d.u.i.k.p.r.p.TestFile    ... success: reloaded. 
110119     INFO  main            d.u.i.k.p.r.p.TestFile    Now processing file /home/runner/work/key/key/key.core/../key.ui/examples/heap/simple/seq.key 
110120     INFO  main            d.u.i.k.p.i.AbstractProblemLoader Loading environment from /home/runner/work/key/key/key.core/../key.ui/examples/heap/simple/seq.key 
110120     DEBUG main            d.u.i.k.p.i.AbstractProblemLoader Environment load took 240.5ns 
110121     INFO  main            d.u.i.k.p.i.AbstractProblemLoader Creating init config 
112477     DEBUG main            d.u.i.k.p.i.AbstractProblemLoader Init config took 2.36s 
112498     INFO  main            d.u.i.k.p.i.AbstractProblemLoader Replaying proof seq.key 
112500     DEBUG main            d.u.i.k.p.i.IntermediateProofReplayer Proof replay took 20.9ns 
112903     INFO  main            d.u.i.k.p.r.p.TestFile    ... finished proof: closed. 
113212     INFO  main            d.u.i.k.p.i.AbstractProblemLoader Loading environment from /home/runner/work/key/key/key.core/../key.ui/examples/heap/simple/seq.key.proof 
113212     DEBUG main            d.u.i.k.p.i.AbstractProblemLoader Environment load took 451.11ns 
113214     INFO  main            d.u.i.k.p.i.AbstractProblemLoader Creating init config 
115440     DEBUG main            d.u.i.k.p.i.AbstractProblemLoader Init config took 2.23s 
115454     INFO  main            d.u.i.k.p.i.AbstractProblemLoader Replaying proof seq.key.proof 
115508     DEBUG main            d.u.i.k.p.i.IntermediateProofReplayer Proof replay took 49.36ms 
115509     DEBUG main            d.u.i.k.p.r.p.TestFile    ... success: reloaded. 
115509     INFO  main            d.u.i.k.p.r.p.TestFile    Now processing file /home/runner/work/key/key/key.core/../key.ui/examples/heap/simple/oldForParams.key 
115510     INFO  main            d.u.i.k.p.i.AbstractProblemLoader Loading environment from /home/runner/work/key/key/key.core/../key.ui/examples/heap/simple/oldForParams.key 
115510     DEBUG main            d.u.i.k.p.i.AbstractProblemLoader Environment load took 94.9ns 
115511     INFO  main            d.u.i.k.p.i.AbstractProblemLoader Creating init config 
118028     DEBUG main            d.u.i.k.p.i.AbstractProblemLoader Init config took 2.52s 
118090     INFO  main            d.u.i.k.p.i.AbstractProblemLoader Replaying proof OldForParameters[OldForParameters::method(int)].JML operation contract.0 
118093     DEBUG main            d.u.i.k.p.i.IntermediateProofReplayer Proof replay took 6.2ns 
118297     INFO  main            d.u.i.k.p.r.p.TestFile    ... finished proof: closed. 
118568     INFO  main            d.u.i.k.p.i.AbstractProblemLoader Loading environment from /home/runner/work/key/key/key.core/../key.ui/examples/heap/simple/oldForParams.key.proof 
118568     DEBUG main            d.u.i.k.p.i.AbstractProblemLoader Environment load took 124.9ns 
118570     INFO  main            d.u.i.k.p.i.AbstractProblemLoader Creating init config 
121021     DEBUG main            d.u.i.k.p.i.AbstractProblemLoader Init config took 2.45s 
121061     INFO  main            d.u.i.k.p.i.AbstractProblemLoader Replaying proof OldForParameters[OldForParameters::method(int)].JML operation contract.0 
121109     DEBUG main            d.u.i.k.p.i.IntermediateProofReplayer Proof replay took 45.11ms 
121110     DEBUG main            d.u.i.k.p.r.p.TestFile    ... success: reloaded. 
121111     INFO  main            d.u.i.k.p.r.p.TestFile    Now processing file /home/runner/work/key/key/key.core/../key.ui/examples/heap/simple/parse_lmtd.key 
121111     INFO  main            d.u.i.k.p.i.AbstractProblemLoader Loading environment from /home/runner/work/key/key/key.core/../key.ui/examples/heap/simple/parse_lmtd.key 
121112     DEBUG main            d.u.i.k.p.i.AbstractProblemLoader Environment load took 168.7ns 
121112     INFO  main            d.u.i.k.p.i.AbstractProblemLoader Creating init config 
123663     DEBUG main            d.u.i.k.p.i.AbstractProblemLoader Init config took 2.55s 
123710     INFO  main            d.u.i.k.p.i.AbstractProblemLoader Replaying proof ParseLmtd[ParseLmtd::simple(int)].JML normal_behavior operation contract.0 
123711     DEBUG main            d.u.i.k.p.i.IntermediateProofReplayer Proof replay took 8.1ns 
123813     INFO  main            d.u.i.k.p.r.p.TestFile    ... finished proof: closed. 
124082     INFO  main            d.u.i.k.p.i.AbstractProblemLoader Loading environment from /home/runner/work/key/key/key.core/../key.ui/examples/heap/simple/parse_lmtd.key.proof 
124082     DEBUG main            d.u.i.k.p.i.AbstractProblemLoader Environment load took 116ns 
124083     INFO  main            d.u.i.k.p.i.AbstractProblemLoader Creating init config 
126533     DEBUG main            d.u.i.k.p.i.AbstractProblemLoader Init config took 2.45s 
126573     INFO  main            d.u.i.k.p.i.AbstractProblemLoader Replaying proof ParseLmtd[ParseLmtd::simple(int)].JML normal_behavior operation contract.0 
126598     DEBUG main            d.u.i.k.p.i.IntermediateProofReplayer Proof replay took 22.91ms 
126599     DEBUG main            d.u.i.k.p.r.p.TestFile    ... success: reloaded. 
126600     INFO  main            d.u.i.k.p.r.p.TestFile    Now processing file /home/runner/work/key/key/key.core/../key.ui/examples/heap/strictly_pure/strictlyPureMethod.key 
126600     INFO  main            d.u.i.k.p.i.AbstractProblemLoader Loading environment from /home/runner/work/key/key/key.core/../key.ui/examples/heap/strictly_pure/strictlyPureMethod.key 
126600     DEBUG main            d.u.i.k.p.i.AbstractProblemLoader Environment load took 98.8ns 
126601     INFO  main            d.u.i.k.p.i.AbstractProblemLoader Creating init config 
128972     DEBUG main            d.u.i.k.p.i.AbstractProblemLoader Init config took 2.37s 
129009     INFO  main            d.u.i.k.p.i.AbstractProblemLoader Replaying proof StrictlyPure[StrictlyPure::strictlyPureMethod()].JML operation contract.0 
129011     DEBUG main            d.u.i.k.p.i.IntermediateProofReplayer Proof replay took 6.8ns 
129217     INFO  main            d.u.i.k.p.r.p.TestFile    ... finished proof: closed. 
129476     INFO  main            d.u.i.k.p.i.AbstractProblemLoader Loading environment from /home/runner/work/key/key/key.core/../key.ui/examples/heap/strictly_pure/strictlyPureMethod.key.proof 
129476     DEBUG main            d.u.i.k.p.i.AbstractProblemLoader Environment load took 111.4ns 
129477     INFO  main            d.u.i.k.p.i.AbstractProblemLoader Creating init config 
131796     DEBUG main            d.u.i.k.p.i.AbstractProblemLoader Init config took 2.32s 
131833     INFO  main            d.u.i.k.p.i.AbstractProblemLoader Replaying proof StrictlyPure[StrictlyPure::strictlyPureMethod()].JML operation contract.0 
131873     DEBUG main            d.u.i.k.p.i.IntermediateProofReplayer Proof replay took 37.8ms 
131874     DEBUG main            d.u.i.k.p.r.p.TestFile    ... success: reloaded. 
131875     INFO  main            d.u.i.k.p.r.p.TestFile    Now processing file /home/runner/work/key/key/key.core/../key.ui/examples/heap/strictly_pure/useStrictlyPureMethod.key 
131875     INFO  main            d.u.i.k.p.i.AbstractProblemLoader Loading environment from /home/runner/work/key/key/key.core/../key.ui/examples/heap/strictly_pure/useStrictlyPureMethod.key 
131875     DEBUG main            d.u.i.k.p.i.AbstractProblemLoader Environment load took 102.5ns 
131876     INFO  main            d.u.i.k.p.i.AbstractProblemLoader Creating init config 
134245     DEBUG main            d.u.i.k.p.i.AbstractProblemLoader Init config took 2.37s 
134283     INFO  main            d.u.i.k.p.i.AbstractProblemLoader Replaying proof StrictlyPure[StrictlyPure::useStrictlyPureMethod(StrictlyPureClass)].JML operation contract.0 
134284     DEBUG main            d.u.i.k.p.i.IntermediateProofReplayer Proof replay took 7.9ns 
134587     INFO  main            d.u.i.k.p.r.p.TestFile    ... finished proof: closed. 
134906     INFO  main            d.u.i.k.p.i.AbstractProblemLoader Loading environment from /home/runner/work/key/key/key.core/../key.ui/examples/heap/strictly_pure/useStrictlyPureMethod.key.proof 
134906     DEBUG main            d.u.i.k.p.i.AbstractProblemLoader Environment load took 125.1ns 
134908     INFO  main            d.u.i.k.p.i.AbstractProblemLoader Creating init config 
137210     DEBUG main            d.u.i.k.p.i.AbstractProblemLoader Init config took 2.3s 
137245     INFO  main            d.u.i.k.p.i.AbstractProblemLoader Replaying proof StrictlyPure[StrictlyPure::useStrictlyPureMethod(StrictlyPureClass)].JML operation contract.0 
137304     DEBUG main            d.u.i.k.p.i.IntermediateProofReplayer Proof replay took 55.87ms 
137305     DEBUG main            d.u.i.k.p.r.p.TestFile    ... success: reloaded. 
137306     INFO  main            d.u.i.k.p.r.p.TestFile    Now processing file /home/runner/work/key/key/key.core/../key.ui/examples/heap/Wellfounded/ackermann.key 
137306     INFO  main            d.u.i.k.p.i.AbstractProblemLoader Loading environment from /home/runner/work/key/key/key.core/../key.ui/examples/heap/Wellfounded/ackermann.key 
137306     DEBUG main            d.u.i.k.p.i.AbstractProblemLoader Environment load took 110.2ns 
137307     INFO  main            d.u.i.k.p.i.AbstractProblemLoader Creating init config 
139716     DEBUG main            d.u.i.k.p.i.AbstractProblemLoader Init config took 2.41s 
139768     INFO  main            d.u.i.k.p.i.AbstractProblemLoader Replaying proof Ackermann[Ackermann::a(int,int)].JML normal_behavior operation contract.0 
139771     DEBUG main            d.u.i.k.p.i.IntermediateProofReplayer Proof replay took 7.5ns 
140074     INFO  main            d.u.i.k.p.r.p.TestFile    ... finished proof: closed. 
140429     INFO  main            d.u.i.k.p.i.AbstractProblemLoader Loading environment from /home/runner/work/key/key/key.core/../key.ui/examples/heap/Wellfounded/ackermann.key.proof 
140429     DEBUG main            d.u.i.k.p.i.AbstractProblemLoader Environment load took 132.8ns 
140430     INFO  main            d.u.i.k.p.i.AbstractProblemLoader Creating init config 
142790     DEBUG main            d.u.i.k.p.i.AbstractProblemLoader Init config took 2.36s 
142825     INFO  main            d.u.i.k.p.i.AbstractProblemLoader Replaying proof Ackermann[Ackermann::a(int,int)].JML normal_behavior operation contract.0 
142889     DEBUG main            d.u.i.k.p.i.IntermediateProofReplayer Proof replay took 60.75ms 
142890     DEBUG main            d.u.i.k.p.r.p.TestFile    ... success: reloaded. 
142892     INFO  main            d.u.i.k.p.r.p.TestFile    Now processing file /home/runner/work/key/key/key.core/../key.ui/examples/standard_key/unicode_test.key 
142892     INFO  main            d.u.i.k.p.i.AbstractProblemLoader Loading environment from /home/runner/work/key/key/key.core/../key.ui/examples/standard_key/unicode_test.key 
142892     DEBUG main            d.u.i.k.p.i.AbstractProblemLoader Environment load took 213ns 
142894     INFO  main            d.u.i.k.p.i.AbstractProblemLoader Creating init config 
145213     DEBUG main            d.u.i.k.p.i.AbstractProblemLoader Init config took 2.32s 
145227     INFO  main            d.u.i.k.p.i.AbstractProblemLoader Replaying proof unicode_test.key 
145229     DEBUG main            d.u.i.k.p.i.IntermediateProofReplayer Proof replay took 6.2ns 
145332     INFO  main            d.u.i.k.p.r.p.TestFile    ... finished proof: closed. 
145596     INFO  main            d.u.i.k.p.i.AbstractProblemLoader Loading environment from /home/runner/work/key/key/key.core/../key.ui/examples/standard_key/unicode_test.key.proof 
145596     DEBUG main            d.u.i.k.p.i.AbstractProblemLoader Environment load took 107.5ns 
145597     INFO  main            d.u.i.k.p.i.AbstractProblemLoader Creating init config 
147826     DEBUG main            d.u.i.k.p.i.AbstractProblemLoader Init config took 2.23s 
147839     INFO  main            d.u.i.k.p.i.AbstractProblemLoader Replaying proof unicode_test.key.proof 
147842     DEBUG main            d.u.i.k.p.i.IntermediateProofReplayer Proof replay took 393.11ns 
147843     DEBUG main            d.u.i.k.p.r.p.TestFile    ... success: reloaded. 
147843     INFO  main            d.u.i.k.p.r.p.TestFile    Now processing file /home/runner/work/key/key/key.core/../key.ui/examples/heap/strictlyModular/mayExpand.key 
147844     INFO  main            d.u.i.k.p.i.AbstractProblemLoader Loading environment from /home/runner/work/key/key/key.core/../key.ui/examples/heap/strictlyModular/mayExpand.key 
147844     DEBUG main            d.u.i.k.p.i.AbstractProblemLoader Environment load took 341.6ns 
147845     INFO  main            d.u.i.k.p.i.AbstractProblemLoader Creating init config 
150192     DEBUG main            d.u.i.k.p.i.AbstractProblemLoader Init config took 2.35s 
150228     INFO  main            d.u.i.k.p.i.AbstractProblemLoader Replaying proof Modular[Modular::m()].JML operation contract.0 
150229     DEBUG main            d.u.i.k.p.i.IntermediateProofReplayer Proof replay took 7.3ns 
150332     INFO  main            d.u.i.k.p.r.p.TestFile    ... finished proof: closed. 
150628     INFO  main            d.u.i.k.p.i.AbstractProblemLoader Loading environment from /home/runner/work/key/key/key.core/../key.ui/examples/heap/strictlyModular/mayExpand.key.proof 
150628     DEBUG main            d.u.i.k.p.i.AbstractProblemLoader Environment load took 107.3ns 
150629     INFO  main            d.u.i.k.p.i.AbstractProblemLoader Creating init config 
152916     DEBUG main            d.u.i.k.p.i.AbstractProblemLoader Init config took 2.29s 
152952     INFO  main            d.u.i.k.p.i.AbstractProblemLoader Replaying proof Modular[Modular::m()].JML operation contract.0 
152969     DEBUG main            d.u.i.k.p.i.IntermediateProofReplayer Proof replay took 14.58ms 
152970     DEBUG main            d.u.i.k.p.r.p.TestFile    ... success: reloaded. 
152971     INFO  main            d.u.i.k.p.r.p.TestFile    Now processing file /home/runner/work/key/key/key.core/../key.ui/examples/heap/strictlyModular/modularOnly.key 
152972     INFO  main            d.u.i.k.p.i.AbstractProblemLoader Loading environment from /home/runner/work/key/key/key.core/../key.ui/examples/heap/strictlyModular/modularOnly.key 
152972     DEBUG main            d.u.i.k.p.i.AbstractProblemLoader Environment load took 206.1ns 
152973     INFO  main            d.u.i.k.p.i.AbstractProblemLoader Creating init config 
155345     DEBUG main            d.u.i.k.p.i.AbstractProblemLoader Init config took 2.37s 
155380     INFO  main            d.u.i.k.p.i.AbstractProblemLoader Replaying proof Modular[Modular::m()].JML operation contract.0 
155382     DEBUG main            d.u.i.k.p.i.IntermediateProofReplayer Proof replay took 7ns 
155486     INFO  main            d.u.i.k.p.r.p.TestFile    ... finished proof: open goal(s) 
1929162    INFO  Test worker     d.u.i.k.p.r.RunAllProofsTestUnit Returning from test simpleTests 
1929163    INFO  Test worker     d.u.i.k.p.r.RunAllProofsTestUnit Running test SmansEtAl 
336        INFO  Timeout watchdog d.u.i.k.p.r.p.ForkedTestFileRunner Timeout watcher launched (2000 secs.) 
351        WARN  main            d.u.i.k.s.ProofSettings   The settings in /home/runner/.key/proof-settings.props are *not* read. 
390        INFO  main            d.u.i.k.p.r.p.TestFile    Now processing file /home/runner/work/key/key/key.core/../key.ui/examples/heap/SmansEtAl/ArrayList_add.key 
523        INFO  main            d.u.i.k.p.i.AbstractProblemLoader Loading environment from /home/runner/work/key/key/key.core/../key.ui/examples/heap/SmansEtAl/ArrayList_add.key 
548        DEBUG main            d.u.i.k.p.i.AbstractProblemLoader Environment load took 2.22ms 
770        INFO  main            d.u.i.k.p.i.AbstractProblemLoader Creating init config 
1654       DEBUG main            d.u.i.k.j.TypeConverter   No LDT found for Meta 
1654       DEBUG main            d.u.i.k.j.TypeConverter   No LDT found for Meta 
1655       DEBUG main            d.u.i.k.j.TypeConverter   No LDT found for Meta 
1655       DEBUG main            d.u.i.k.j.TypeConverter   No LDT found for Meta 
2943       DEBUG main            d.u.i.k.j.TypeConverter   No LDT found for JavaBigintExpression 
8421       DEBUG main            d.u.i.k.p.i.AbstractProblemLoader Init config took 7.65s 
8605       INFO  main            d.u.i.k.p.i.AbstractProblemLoader Replaying proof ArrayList[ArrayList::add(java.lang.Object)].JML normal_behavior operation contract.0 
8642       DEBUG main            d.u.i.k.p.i.IntermediateProofReplayer Proof replay took 33.9ns 
16496      INFO  main            d.u.i.k.p.r.p.TestFile    ... finished proof: closed. 
16705      INFO  main            d.u.i.k.p.i.AbstractProblemLoader Loading environment from /home/runner/work/key/key/key.core/../key.ui/examples/heap/SmansEtAl/ArrayList_add.key.proof 
16707      DEBUG main            d.u.i.k.p.i.AbstractProblemLoader Environment load took 1.94ms 
16717      INFO  main            d.u.i.k.p.i.AbstractProblemLoader Creating init config 
19787      DEBUG main            d.u.i.k.p.i.AbstractProblemLoader Init config took 3.07s 
19884      INFO  main            d.u.i.k.p.i.AbstractProblemLoader Replaying proof ArrayList[ArrayList::add(java.lang.Object)].JML normal_behavior operation contract.0 
21022      DEBUG main            d.u.i.k.p.i.IntermediateProofReplayer Proof replay took 1.1s 
21031      DEBUG main            d.u.i.k.p.r.p.TestFile    ... success: reloaded. 
21033      INFO  main            d.u.i.k.p.r.p.TestFile    Now processing file /home/runner/work/key/key/key.core/../key.ui/examples/heap/SmansEtAl/ArrayList_ArrayList.key 
21034      INFO  main            d.u.i.k.p.i.AbstractProblemLoader Loading environment from /home/runner/work/key/key/key.core/../key.ui/examples/heap/SmansEtAl/ArrayList_ArrayList.key 
21034      DEBUG main            d.u.i.k.p.i.AbstractProblemLoader Environment load took 243.2ns 
21036      INFO  main            d.u.i.k.p.i.AbstractProblemLoader Creating init config 
24179      DEBUG main            d.u.i.k.p.i.AbstractProblemLoader Init config took 3.14s 
24234      INFO  main            d.u.i.k.p.i.AbstractProblemLoader Replaying proof ArrayList[ArrayList::ArrayList()].JML normal_behavior operation contract.0 
24237      DEBUG main            d.u.i.k.p.i.IntermediateProofReplayer Proof replay took 6.4ns 
25251      INFO  main            d.u.i.k.p.r.p.TestFile    ... finished proof: closed. 
25409      INFO  main            d.u.i.k.p.i.AbstractProblemLoader Loading environment from /home/runner/work/key/key/key.core/../key.ui/examples/heap/SmansEtAl/ArrayList_ArrayList.key.proof 
25409      DEBUG main            d.u.i.k.p.i.AbstractProblemLoader Environment load took 460.31ns 
25411      INFO  main            d.u.i.k.p.i.AbstractProblemLoader Creating init config 
28367      DEBUG main            d.u.i.k.p.i.AbstractProblemLoader Init config took 2.96s 
28414      INFO  main            d.u.i.k.p.i.AbstractProblemLoader Replaying proof ArrayList[ArrayList::ArrayList()].JML normal_behavior operation contract.0 
28571      DEBUG main            d.u.i.k.p.i.IntermediateProofReplayer Proof replay took 148.17ms 
28573      DEBUG main            d.u.i.k.p.r.p.TestFile    ... success: reloaded. 
28574      INFO  main            d.u.i.k.p.r.p.TestFile    Now processing file /home/runner/work/key/key/key.core/../key.ui/examples/heap/SmansEtAl/ArrayList_footprint.key 
28575      INFO  main            d.u.i.k.p.i.AbstractProblemLoader Loading environment from /home/runner/work/key/key/key.core/../key.ui/examples/heap/SmansEtAl/ArrayList_footprint.key 
28575      DEBUG main            d.u.i.k.p.i.AbstractProblemLoader Environment load took 233.6ns 
28576      INFO  main            d.u.i.k.p.i.AbstractProblemLoader Creating init config 
31513      DEBUG main            d.u.i.k.p.i.AbstractProblemLoader Init config took 2.94s 
31560      INFO  main            d.u.i.k.p.i.AbstractProblemLoader Replaying proof ArrayList[ArrayList::$footprint()].JML accessible clause.0 
31563      DEBUG main            d.u.i.k.p.i.IntermediateProofReplayer Proof replay took 6.7ns 
31669      INFO  main            d.u.i.k.p.r.p.TestFile    ... finished proof: closed. 
31816      INFO  main            d.u.i.k.p.i.AbstractProblemLoader Loading environment from /home/runner/work/key/key/key.core/../key.ui/examples/heap/SmansEtAl/ArrayList_footprint.key.proof 
31816      DEBUG main            d.u.i.k.p.i.AbstractProblemLoader Environment load took 128ns 
31818      INFO  main            d.u.i.k.p.i.AbstractProblemLoader Creating init config 
34720      DEBUG main            d.u.i.k.p.i.AbstractProblemLoader Init config took 2.9s 
34780      INFO  main            d.u.i.k.p.i.AbstractProblemLoader Replaying proof ArrayList[ArrayList::$footprint()].JML accessible clause.0 
34800      DEBUG main            d.u.i.k.p.i.IntermediateProofReplayer Proof replay took 13.58ms 
34802      DEBUG main            d.u.i.k.p.r.p.TestFile    ... success: reloaded. 
34804      INFO  main            d.u.i.k.p.r.p.TestFile    Now processing file /home/runner/work/key/key/key.core/../key.ui/examples/heap/SmansEtAl/ArrayList_get_dep.key 
34804      INFO  main            d.u.i.k.p.i.AbstractProblemLoader Loading environment from /home/runner/work/key/key/key.core/../key.ui/examples/heap/SmansEtAl/ArrayList_get_dep.key 
34805      DEBUG main            d.u.i.k.p.i.AbstractProblemLoader Environment load took 422.8ns 
34806      INFO  main            d.u.i.k.p.i.AbstractProblemLoader Creating init config 
37783      DEBUG main            d.u.i.k.p.i.AbstractProblemLoader Init config took 2.98s 
37826      INFO  main            d.u.i.k.p.i.AbstractProblemLoader Replaying proof ArrayList[ArrayList::get(int)].JML accessible clause.0 
37828      DEBUG main            d.u.i.k.p.i.IntermediateProofReplayer Proof replay took 7.1ns 
38131      INFO  main            d.u.i.k.p.r.p.TestFile    ... finished proof: closed. 
38300      INFO  main            d.u.i.k.p.i.AbstractProblemLoader Loading environment from /home/runner/work/key/key/key.core/../key.ui/examples/heap/SmansEtAl/ArrayList_get_dep.key.proof 
38300      DEBUG main            d.u.i.k.p.i.AbstractProblemLoader Environment load took 451.31ns 
38302      INFO  main            d.u.i.k.p.i.AbstractProblemLoader Creating init config 
41169      DEBUG main            d.u.i.k.p.i.AbstractProblemLoader Init config took 2.87s 
41213      INFO  main            d.u.i.k.p.i.AbstractProblemLoader Replaying proof ArrayList[ArrayList::get(int)].JML accessible clause.0 
41278      DEBUG main            d.u.i.k.p.i.IntermediateProofReplayer Proof replay took 60.85ms 
41279      DEBUG main            d.u.i.k.p.r.p.TestFile    ... success: reloaded. 
41280      INFO  main            d.u.i.k.p.r.p.TestFile    Now processing file /home/runner/work/key/key/key.core/../key.ui/examples/heap/SmansEtAl/ArrayList_get.key 
41281      INFO  main            d.u.i.k.p.i.AbstractProblemLoader Loading environment from /home/runner/work/key/key/key.core/../key.ui/examples/heap/SmansEtAl/ArrayList_get.key 
41281      DEBUG main            d.u.i.k.p.i.AbstractProblemLoader Environment load took 222ns 
41282      INFO  main            d.u.i.k.p.i.AbstractProblemLoader Creating init config 
44250      DEBUG main            d.u.i.k.p.i.AbstractProblemLoader Init config took 2.97s 
44306      INFO  main            d.u.i.k.p.i.AbstractProblemLoader Replaying proof ArrayList[ArrayList::get(int)].JML normal_behavior operation contract.0 
44309      DEBUG main            d.u.i.k.p.i.IntermediateProofReplayer Proof replay took 7ns 
44512      INFO  main            d.u.i.k.p.r.p.TestFile    ... finished proof: closed. 
44679      INFO  main            d.u.i.k.p.i.AbstractProblemLoader Loading environment from /home/runner/work/key/key/key.core/../key.ui/examples/heap/SmansEtAl/ArrayList_get.key.proof 
44679      DEBUG main            d.u.i.k.p.i.AbstractProblemLoader Environment load took 131.4ns 
44680      INFO  main            d.u.i.k.p.i.AbstractProblemLoader Creating init config 
47559      DEBUG main            d.u.i.k.p.i.AbstractProblemLoader Init config took 2.88s 
47601      INFO  main            d.u.i.k.p.i.AbstractProblemLoader Replaying proof ArrayList[ArrayList::get(int)].JML normal_behavior operation contract.0 
47634      DEBUG main            d.u.i.k.p.i.IntermediateProofReplayer Proof replay took 30.3ms 
47635      DEBUG main            d.u.i.k.p.r.p.TestFile    ... success: reloaded. 
47636      INFO  main            d.u.i.k.p.r.p.TestFile    Now processing file /home/runner/work/key/key/key.core/../key.ui/examples/heap/SmansEtAl/ArrayList_inv.key 
47637      INFO  main            d.u.i.k.p.i.AbstractProblemLoader Loading environment from /home/runner/work/key/key/key.core/../key.ui/examples/heap/SmansEtAl/ArrayList_inv.key 
47637      DEBUG main            d.u.i.k.p.i.AbstractProblemLoader Environment load took 129.1ns 
47638      INFO  main            d.u.i.k.p.i.AbstractProblemLoader Creating init config 
50568      DEBUG main            d.u.i.k.p.i.AbstractProblemLoader Init config took 2.93s 
50608      INFO  main            d.u.i.k.p.i.AbstractProblemLoader Replaying proof ArrayList[java.lang.Object::<inv>()].JML accessible clause.0 
50610      DEBUG main            d.u.i.k.p.i.IntermediateProofReplayer Proof replay took 7.7ns 
50713      INFO  main            d.u.i.k.p.r.p.TestFile    ... finished proof: closed. 
50862      INFO  main            d.u.i.k.p.i.AbstractProblemLoader Loading environment from /home/runner/work/key/key/key.core/../key.ui/examples/heap/SmansEtAl/ArrayList_inv.key.proof 
50862      DEBUG main            d.u.i.k.p.i.AbstractProblemLoader Environment load took 130.2ns 
50864      INFO  main            d.u.i.k.p.i.AbstractProblemLoader Creating init config 
53734      DEBUG main            d.u.i.k.p.i.AbstractProblemLoader Init config took 2.87s 
53776      INFO  main            d.u.i.k.p.i.AbstractProblemLoader Replaying proof ArrayList[java.lang.Object::<inv>()].JML accessible clause.0 
53788      DEBUG main            d.u.i.k.p.i.IntermediateProofReplayer Proof replay took 10.11ms 
53789      DEBUG main            d.u.i.k.p.r.p.TestFile    ... success: reloaded. 
53791      INFO  main            d.u.i.k.p.r.p.TestFile    Now processing file /home/runner/work/key/key/key.core/../key.ui/examples/heap/SmansEtAl/ArrayList_size_dep.key 
53791      INFO  main            d.u.i.k.p.i.AbstractProblemLoader Loading environment from /home/runner/work/key/key/key.core/../key.ui/examples/heap/SmansEtAl/ArrayList_size_dep.key 
53791      DEBUG main            d.u.i.k.p.i.AbstractProblemLoader Environment load took 128.8ns 
53792      INFO  main            d.u.i.k.p.i.AbstractProblemLoader Creating init config 
56651      DEBUG main            d.u.i.k.p.i.AbstractProblemLoader Init config took 2.86s 
56688      INFO  main            d.u.i.k.p.i.AbstractProblemLoader Replaying proof ArrayList[ArrayList::size()].JML accessible clause.0 
56690      DEBUG main            d.u.i.k.p.i.IntermediateProofReplayer Proof replay took 18.3ns 
56792      INFO  main            d.u.i.k.p.r.p.TestFile    ... finished proof: closed. 
56976      INFO  main            d.u.i.k.p.i.AbstractProblemLoader Loading environment from /home/runner/work/key/key/key.core/../key.ui/examples/heap/SmansEtAl/ArrayList_size_dep.key.proof 
56976      DEBUG main            d.u.i.k.p.i.AbstractProblemLoader Environment load took 125.2ns 
56977      INFO  main            d.u.i.k.p.i.AbstractProblemLoader Creating init config 
59820      DEBUG main            d.u.i.k.p.i.AbstractProblemLoader Init config took 2.84s 
59858      INFO  main            d.u.i.k.p.i.AbstractProblemLoader Replaying proof ArrayList[ArrayList::size()].JML accessible clause.0 
59882      DEBUG main            d.u.i.k.p.i.IntermediateProofReplayer Proof replay took 17ms 
59883      DEBUG main            d.u.i.k.p.r.p.TestFile    ... success: reloaded. 
59885      INFO  main            d.u.i.k.p.r.p.TestFile    Now processing file /home/runner/work/key/key/key.core/../key.ui/examples/heap/SmansEtAl/ArrayList_size.key 
59885      INFO  main            d.u.i.k.p.i.AbstractProblemLoader Loading environment from /home/runner/work/key/key/key.core/../key.ui/examples/heap/SmansEtAl/ArrayList_size.key 
59885      DEBUG main            d.u.i.k.p.i.AbstractProblemLoader Environment load took 260ns 
59886      INFO  main            d.u.i.k.p.i.AbstractProblemLoader Creating init config 
62798      DEBUG main            d.u.i.k.p.i.AbstractProblemLoader Init config took 2.91s 
62835      INFO  main            d.u.i.k.p.i.AbstractProblemLoader Replaying proof ArrayList[ArrayList::size()].JML normal_behavior operation contract.0 
62837      DEBUG main            d.u.i.k.p.i.IntermediateProofReplayer Proof replay took 7ns 
62940      INFO  main            d.u.i.k.p.r.p.TestFile    ... finished proof: closed. 
63120      INFO  main            d.u.i.k.p.i.AbstractProblemLoader Loading environment from /home/runner/work/key/key/key.core/../key.ui/examples/heap/SmansEtAl/ArrayList_size.key.proof 
63120      DEBUG main            d.u.i.k.p.i.AbstractProblemLoader Environment load took 125.6ns 
63128      INFO  main            d.u.i.k.p.i.AbstractProblemLoader Creating init config 
65929      DEBUG main            d.u.i.k.p.i.AbstractProblemLoader Init config took 2.8s 
65966      INFO  main            d.u.i.k.p.i.AbstractProblemLoader Replaying proof ArrayList[ArrayList::size()].JML normal_behavior operation contract.0 
65983      DEBUG main            d.u.i.k.p.i.IntermediateProofReplayer Proof replay took 14.03ms 
65984      DEBUG main            d.u.i.k.p.r.p.TestFile    ... success: reloaded. 
65985      INFO  main            d.u.i.k.p.r.p.TestFile    Now processing file /home/runner/work/key/key/key.core/../key.ui/examples/heap/SmansEtAl/Cell_Cell.key 
65986      INFO  main            d.u.i.k.p.i.AbstractProblemLoader Loading environment from /home/runner/work/key/key/key.core/../key.ui/examples/heap/SmansEtAl/Cell_Cell.key 
65986      DEBUG main            d.u.i.k.p.i.AbstractProblemLoader Environment load took 227.2ns 
65987      INFO  main            d.u.i.k.p.i.AbstractProblemLoader Creating init config 
68855      DEBUG main            d.u.i.k.p.i.AbstractProblemLoader Init config took 2.87s 
68891      INFO  main            d.u.i.k.p.i.AbstractProblemLoader Replaying proof Cell[Cell::Cell()].JML normal_behavior operation contract.0 
68893      DEBUG main            d.u.i.k.p.i.IntermediateProofReplayer Proof replay took 7.3ns 
69095      INFO  main            d.u.i.k.p.r.p.TestFile    ... finished proof: closed. 
69290      INFO  main            d.u.i.k.p.i.AbstractProblemLoader Loading environment from /home/runner/work/key/key/key.core/../key.ui/examples/heap/SmansEtAl/Cell_Cell.key.proof 
69290      DEBUG main            d.u.i.k.p.i.AbstractProblemLoader Environment load took 131.3ns 
69291      INFO  main            d.u.i.k.p.i.AbstractProblemLoader Creating init config 
72104      DEBUG main            d.u.i.k.p.i.AbstractProblemLoader Init config took 2.81s 
72144      INFO  main            d.u.i.k.p.i.AbstractProblemLoader Replaying proof Cell[Cell::Cell()].JML normal_behavior operation contract.0 
72192      DEBUG main            d.u.i.k.p.i.IntermediateProofReplayer Proof replay took 43.92ms 
72193      DEBUG main            d.u.i.k.p.r.p.TestFile    ... success: reloaded. 
72194      INFO  main            d.u.i.k.p.r.p.TestFile    Now processing file /home/runner/work/key/key/key.core/../key.ui/examples/heap/SmansEtAl/Cell_footprint.key 
72194      INFO  main            d.u.i.k.p.i.AbstractProblemLoader Loading environment from /home/runner/work/key/key/key.core/../key.ui/examples/heap/SmansEtAl/Cell_footprint.key 
72194      DEBUG main            d.u.i.k.p.i.AbstractProblemLoader Environment load took 215.3ns 
72195      INFO  main            d.u.i.k.p.i.AbstractProblemLoader Creating init config 
75005      DEBUG main            d.u.i.k.p.i.AbstractProblemLoader Init config took 2.81s 
75039      INFO  main            d.u.i.k.p.i.AbstractProblemLoader Replaying proof Cell[Cell::$footprint()].JML accessible clause.0 
75043      DEBUG main            d.u.i.k.p.i.IntermediateProofReplayer Proof replay took 6.5ns 
75148      INFO  main            d.u.i.k.p.r.p.TestFile    ... finished proof: closed. 
75350      INFO  main            d.u.i.k.p.i.AbstractProblemLoader Loading environment from /home/runner/work/key/key/key.core/../key.ui/examples/heap/SmansEtAl/Cell_footprint.key.proof 
75350      DEBUG main            d.u.i.k.p.i.AbstractProblemLoader Environment load took 122.6ns 
75352      INFO  main            d.u.i.k.p.i.AbstractProblemLoader Creating init config 
78122      DEBUG main            d.u.i.k.p.i.AbstractProblemLoader Init config took 2.77s 
78179      INFO  main            d.u.i.k.p.i.AbstractProblemLoader Replaying proof Cell[Cell::$footprint()].JML accessible clause.0 
78192      DEBUG main            d.u.i.k.p.i.IntermediateProofReplayer Proof replay took 10.14ms 
78193      DEBUG main            d.u.i.k.p.r.p.TestFile    ... success: reloaded. 
78196      INFO  main            d.u.i.k.p.r.p.TestFile    Now processing file /home/runner/work/key/key/key.core/../key.ui/examples/heap/SmansEtAl/Cell_getX_dep.key 
78196      INFO  main            d.u.i.k.p.i.AbstractProblemLoader Loading environment from /home/runner/work/key/key/key.core/../key.ui/examples/heap/SmansEtAl/Cell_getX_dep.key 
78196      DEBUG main            d.u.i.k.p.i.AbstractProblemLoader Environment load took 109.8ns 
78197      INFO  main            d.u.i.k.p.i.AbstractProblemLoader Creating init config 
81017      DEBUG main            d.u.i.k.p.i.AbstractProblemLoader Init config took 2.82s 
81050      INFO  main            d.u.i.k.p.i.AbstractProblemLoader Replaying proof Cell[Cell::getX()].JML accessible clause.0 
81052      DEBUG main            d.u.i.k.p.i.IntermediateProofReplayer Proof replay took 6.4ns 
81155      INFO  main            d.u.i.k.p.r.p.TestFile    ... finished proof: closed. 
81377      INFO  main            d.u.i.k.p.i.AbstractProblemLoader Loading environment from /home/runner/work/key/key/key.core/../key.ui/examples/heap/SmansEtAl/Cell_getX_dep.key.proof 
81378      DEBUG main            d.u.i.k.p.i.AbstractProblemLoader Environment load took 121.1ns 
81379      INFO  main            d.u.i.k.p.i.AbstractProblemLoader Creating init config 
84184      DEBUG main            d.u.i.k.p.i.AbstractProblemLoader Init config took 2.81s 
84217      INFO  main            d.u.i.k.p.i.AbstractProblemLoader Replaying proof Cell[Cell::getX()].JML accessible clause.0 
84232      DEBUG main            d.u.i.k.p.i.IntermediateProofReplayer Proof replay took 12.8ms 
84233      DEBUG main            d.u.i.k.p.r.p.TestFile    ... success: reloaded. 
84234      INFO  main            d.u.i.k.p.r.p.TestFile    Now processing file /home/runner/work/key/key/key.core/../key.ui/examples/heap/SmansEtAl/Cell_getX.key 
84234      INFO  main            d.u.i.k.p.i.AbstractProblemLoader Loading environment from /home/runner/work/key/key/key.core/../key.ui/examples/heap/SmansEtAl/Cell_getX.key 
84234      DEBUG main            d.u.i.k.p.i.AbstractProblemLoader Environment load took 87.1ns 
84235      INFO  main            d.u.i.k.p.i.AbstractProblemLoader Creating init config 
87079      DEBUG main            d.u.i.k.p.i.AbstractProblemLoader Init config took 2.84s 
87112      INFO  main            d.u.i.k.p.i.AbstractProblemLoader Replaying proof Cell[Cell::getX()].JML normal_behavior operation contract.0 
87114      DEBUG main            d.u.i.k.p.i.IntermediateProofReplayer Proof replay took 7.5ns 
87215      INFO  main            d.u.i.k.p.r.p.TestFile    ... finished proof: closed. 
87416      INFO  main            d.u.i.k.p.i.AbstractProblemLoader Loading environment from /home/runner/work/key/key/key.core/../key.ui/examples/heap/SmansEtAl/Cell_getX.key.proof 
87416      DEBUG main            d.u.i.k.p.i.AbstractProblemLoader Environment load took 135.4ns 
87417      INFO  main            d.u.i.k.p.i.AbstractProblemLoader Creating init config 
90169      DEBUG main            d.u.i.k.p.i.AbstractProblemLoader Init config took 2.75s 
90202      INFO  main            d.u.i.k.p.i.AbstractProblemLoader Replaying proof Cell[Cell::getX()].JML normal_behavior operation contract.0 
90217      DEBUG main            d.u.i.k.p.i.IntermediateProofReplayer Proof replay took 12.41ms 
90218      DEBUG main            d.u.i.k.p.r.p.TestFile    ... success: reloaded. 
90219      INFO  main            d.u.i.k.p.r.p.TestFile    Now processing file /home/runner/work/key/key/key.core/../key.ui/examples/heap/SmansEtAl/Cell_inv.key 
90219      INFO  main            d.u.i.k.p.i.AbstractProblemLoader Loading environment from /home/runner/work/key/key/key.core/../key.ui/examples/heap/SmansEtAl/Cell_inv.key 
90219      DEBUG main            d.u.i.k.p.i.AbstractProblemLoader Environment load took 103.4ns 
90220      INFO  main            d.u.i.k.p.i.AbstractProblemLoader Creating init config 
93053      DEBUG main            d.u.i.k.p.i.AbstractProblemLoader Init config took 2.83s 
93086      INFO  main            d.u.i.k.p.i.AbstractProblemLoader Replaying proof Cell[java.lang.Object::<inv>()].JML accessible clause.0 
93087      DEBUG main            d.u.i.k.p.i.IntermediateProofReplayer Proof replay took 6.4ns 
93192      INFO  main            d.u.i.k.p.r.p.TestFile    ... finished proof: closed. 
93401      INFO  main            d.u.i.k.p.i.AbstractProblemLoader Loading environment from /home/runner/work/key/key/key.core/../key.ui/examples/heap/SmansEtAl/Cell_inv.key.proof 
93402      DEBUG main            d.u.i.k.p.i.AbstractProblemLoader Environment load took 120.3ns 
93403      INFO  main            d.u.i.k.p.i.AbstractProblemLoader Creating init config 
96163      DEBUG main            d.u.i.k.p.i.AbstractProblemLoader Init config took 2.76s 
96202      INFO  main            d.u.i.k.p.i.AbstractProblemLoader Replaying proof Cell[java.lang.Object::<inv>()].JML accessible clause.0 
96207      DEBUG main            d.u.i.k.p.i.IntermediateProofReplayer Proof replay took 1.82ms 
96208      DEBUG main            d.u.i.k.p.r.p.TestFile    ... success: reloaded. 
96209      INFO  main            d.u.i.k.p.r.p.TestFile    Now processing file /home/runner/work/key/key/key.core/../key.ui/examples/heap/SmansEtAl/Cell_setX.key 
96210      INFO  main            d.u.i.k.p.i.AbstractProblemLoader Loading environment from /home/runner/work/key/key/key.core/../key.ui/examples/heap/SmansEtAl/Cell_setX.key 
96210      DEBUG main            d.u.i.k.p.i.AbstractProblemLoader Environment load took 215.4ns 
96211      INFO  main            d.u.i.k.p.i.AbstractProblemLoader Creating init config 
99071      DEBUG main            d.u.i.k.p.i.AbstractProblemLoader Init config took 2.86s 
99117      INFO  main            d.u.i.k.p.i.AbstractProblemLoader Replaying proof Cell[Cell::setX(int)].JML normal_behavior operation contract.0 
99119      DEBUG main            d.u.i.k.p.i.IntermediateProofReplayer Proof replay took 6.9ns 
99224      INFO  main            d.u.i.k.p.r.p.TestFile    ... finished proof: closed. 
99443      INFO  main            d.u.i.k.p.i.AbstractProblemLoader Loading environment from /home/runner/work/key/key/key.core/../key.ui/examples/heap/SmansEtAl/Cell_setX.key.proof 
99443      DEBUG main            d.u.i.k.p.i.AbstractProblemLoader Environment load took 122.9ns 
99445      INFO  main            d.u.i.k.p.i.AbstractProblemLoader Creating init config 
102189     DEBUG main            d.u.i.k.p.i.AbstractProblemLoader Init config took 2.74s 
102233     INFO  main            d.u.i.k.p.i.AbstractProblemLoader Replaying proof Cell[Cell::setX(int)].JML normal_behavior operation contract.0 
102258     DEBUG main            d.u.i.k.p.i.IntermediateProofReplayer Proof replay took 23.65ms 
102259     DEBUG main            d.u.i.k.p.r.p.TestFile    ... success: reloaded. 
102260     INFO  main            d.u.i.k.p.r.p.TestFile    Now processing file /home/runner/work/key/key/key.core/../key.ui/examples/heap/SmansEtAl/CellClient_m.key 
102261     INFO  main            d.u.i.k.p.i.AbstractProblemLoader Loading environment from /home/runner/work/key/key/key.core/../key.ui/examples/heap/SmansEtAl/CellClient_m.key 
102261     DEBUG main            d.u.i.k.p.i.AbstractProblemLoader Environment load took 134.9ns 
102262     INFO  main            d.u.i.k.p.i.AbstractProblemLoader Creating init config 
105058     DEBUG main            d.u.i.k.p.i.AbstractProblemLoader Init config took 2.8s 
105090     INFO  main            d.u.i.k.p.i.AbstractProblemLoader Replaying proof CellClient[CellClient::m()].JML operation contract.0 
105092     DEBUG main            d.u.i.k.p.i.IntermediateProofReplayer Proof replay took 5.8ns 
105698     INFO  main            d.u.i.k.p.r.p.TestFile    ... finished proof: closed. 
105920     INFO  main            d.u.i.k.p.i.AbstractProblemLoader Loading environment from /home/runner/work/key/key/key.core/../key.ui/examples/heap/SmansEtAl/CellClient_m.key.proof 
105921     DEBUG main            d.u.i.k.p.i.AbstractProblemLoader Environment load took 460.11ns 
105922     INFO  main            d.u.i.k.p.i.AbstractProblemLoader Creating init config 
108666     DEBUG main            d.u.i.k.p.i.AbstractProblemLoader Init config took 2.74s 
108699     INFO  main            d.u.i.k.p.i.AbstractProblemLoader Replaying proof CellClient[CellClient::m()].JML operation contract.0 
108806     DEBUG main            d.u.i.k.p.i.IntermediateProofReplayer Proof replay took 102.89ms 
108807     DEBUG main            d.u.i.k.p.r.p.TestFile    ... success: reloaded. 
108808     INFO  main            d.u.i.k.p.r.p.TestFile    Now processing file /home/runner/work/key/key/key.core/../key.ui/examples/heap/SmansEtAl/Iterator_footprint.key 
108809     INFO  main            d.u.i.k.p.i.AbstractProblemLoader Loading environment from /home/runner/work/key/key/key.core/../key.ui/examples/heap/SmansEtAl/Iterator_footprint.key 
108809     DEBUG main            d.u.i.k.p.i.AbstractProblemLoader Environment load took 172.1ns 
108810     INFO  main            d.u.i.k.p.i.AbstractProblemLoader Creating init config 
111669     DEBUG main            d.u.i.k.p.i.AbstractProblemLoader Init config took 2.86s 
111706     INFO  main            d.u.i.k.p.i.AbstractProblemLoader Replaying proof Iterator[Iterator::$footprint()].JML accessible clause.0 
111707     DEBUG main            d.u.i.k.p.i.IntermediateProofReplayer Proof replay took 6.4ns 
111812     INFO  main            d.u.i.k.p.r.p.TestFile    ... finished proof: closed. 
112056     INFO  main            d.u.i.k.p.i.AbstractProblemLoader Loading environment from /home/runner/work/key/key/key.core/../key.ui/examples/heap/SmansEtAl/Iterator_footprint.key.proof 
112056     DEBUG main            d.u.i.k.p.i.AbstractProblemLoader Environment load took 147.8ns 
112057     INFO  main            d.u.i.k.p.i.AbstractProblemLoader Creating init config 
114809     DEBUG main            d.u.i.k.p.i.AbstractProblemLoader Init config took 2.75s 
114846     INFO  main            d.u.i.k.p.i.AbstractProblemLoader Replaying proof Iterator[Iterator::$footprint()].JML accessible clause.0 
114854     DEBUG main            d.u.i.k.p.i.IntermediateProofReplayer Proof replay took 6.78ms 
114855     DEBUG main            d.u.i.k.p.r.p.TestFile    ... success: reloaded. 
114856     INFO  main            d.u.i.k.p.r.p.TestFile    Now processing file /home/runner/work/key/key/key.core/../key.ui/examples/heap/SmansEtAl/Iterator_hasNext_dep.key 
114857     INFO  main            d.u.i.k.p.i.AbstractProblemLoader Loading environment from /home/runner/work/key/key/key.core/../key.ui/examples/heap/SmansEtAl/Iterator_hasNext_dep.key 
114857     DEBUG main            d.u.i.k.p.i.AbstractProblemLoader Environment load took 138.6ns 
114858     INFO  main            d.u.i.k.p.i.AbstractProblemLoader Creating init config 
117730     DEBUG main            d.u.i.k.p.i.AbstractProblemLoader Init config took 2.87s 
117765     INFO  main            d.u.i.k.p.i.AbstractProblemLoader Replaying proof Iterator[Iterator::hasNext()].JML accessible clause.0 
117767     DEBUG main            d.u.i.k.p.i.IntermediateProofReplayer Proof replay took 7ns 
118372     INFO  main            d.u.i.k.p.r.p.TestFile    ... finished proof: closed. 
118626     INFO  main            d.u.i.k.p.i.AbstractProblemLoader Loading environment from /home/runner/work/key/key/key.core/../key.ui/examples/heap/SmansEtAl/Iterator_hasNext_dep.key.proof 
118627     DEBUG main            d.u.i.k.p.i.AbstractProblemLoader Environment load took 650.41ns 
118628     INFO  main            d.u.i.k.p.i.AbstractProblemLoader Creating init config 
121389     DEBUG main            d.u.i.k.p.i.AbstractProblemLoader Init config took 2.76s 
121424     INFO  main            d.u.i.k.p.i.AbstractProblemLoader Replaying proof Iterator[Iterator::hasNext()].JML accessible clause.0 
121518     DEBUG main            d.u.i.k.p.i.IntermediateProofReplayer Proof replay took 87.33ms 
121519     DEBUG main            d.u.i.k.p.r.p.TestFile    ... success: reloaded. 
121520     INFO  main            d.u.i.k.p.r.p.TestFile    Now processing file /home/runner/work/key/key/key.core/../key.ui/examples/heap/SmansEtAl/Iterator_hasNext.key 
121520     INFO  main            d.u.i.k.p.i.AbstractProblemLoader Loading environment from /home/runner/work/key/key/key.core/../key.ui/examples/heap/SmansEtAl/Iterator_hasNext.key 
121521     DEBUG main            d.u.i.k.p.i.AbstractProblemLoader Environment load took 233.1ns 
121522     INFO  main            d.u.i.k.p.i.AbstractProblemLoader Creating init config 
124352     DEBUG main            d.u.i.k.p.i.AbstractProblemLoader Init config took 2.83s 
124388     INFO  main            d.u.i.k.p.i.AbstractProblemLoader Replaying proof Iterator[Iterator::hasNext()].JML normal_behavior operation contract.0 
124389     DEBUG main            d.u.i.k.p.i.IntermediateProofReplayer Proof replay took 7.3ns 
124994     INFO  main            d.u.i.k.p.r.p.TestFile    ... finished proof: closed. 
125234     INFO  main            d.u.i.k.p.i.AbstractProblemLoader Loading environment from /home/runner/work/key/key/key.core/../key.ui/examples/heap/SmansEtAl/Iterator_hasNext.key.proof 
125235     DEBUG main            d.u.i.k.p.i.AbstractProblemLoader Environment load took 493.71ns 
125236     INFO  main            d.u.i.k.p.i.AbstractProblemLoader Creating init config 
127966     DEBUG main            d.u.i.k.p.i.AbstractProblemLoader Init config took 2.73s 
128001     INFO  main            d.u.i.k.p.i.AbstractProblemLoader Replaying proof Iterator[Iterator::hasNext()].JML normal_behavior operation contract.0 
128115     DEBUG main            d.u.i.k.p.i.IntermediateProofReplayer Proof replay took 107.61ms 
128116     DEBUG main            d.u.i.k.p.r.p.TestFile    ... success: reloaded. 
128117     INFO  main            d.u.i.k.p.r.p.TestFile    Now processing file /home/runner/work/key/key/key.core/../key.ui/examples/heap/SmansEtAl/Iterator_inv.key 
128117     INFO  main            d.u.i.k.p.i.AbstractProblemLoader Loading environment from /home/runner/work/key/key/key.core/../key.ui/examples/heap/SmansEtAl/Iterator_inv.key 
128117     DEBUG main            d.u.i.k.p.i.AbstractProblemLoader Environment load took 110.1ns 
128118     INFO  main            d.u.i.k.p.i.AbstractProblemLoader Creating init config 
130950     DEBUG main            d.u.i.k.p.i.AbstractProblemLoader Init config took 2.83s 
130983     INFO  main            d.u.i.k.p.i.AbstractProblemLoader Replaying proof Iterator[java.lang.Object::<inv>()].JML accessible clause.0 
130985     DEBUG main            d.u.i.k.p.i.IntermediateProofReplayer Proof replay took 6.6ns 
131190     INFO  main            d.u.i.k.p.r.p.TestFile    ... finished proof: closed. 
131446     INFO  main            d.u.i.k.p.i.AbstractProblemLoader Loading environment from /home/runner/work/key/key/key.core/../key.ui/examples/heap/SmansEtAl/Iterator_inv.key.proof 
131446     DEBUG main            d.u.i.k.p.i.AbstractProblemLoader Environment load took 125.3ns 
131447     INFO  main            d.u.i.k.p.i.AbstractProblemLoader Creating init config 
134178     DEBUG main            d.u.i.k.p.i.AbstractProblemLoader Init config took 2.73s 
134214     INFO  main            d.u.i.k.p.i.AbstractProblemLoader Replaying proof Iterator[java.lang.Object::<inv>()].JML accessible clause.0 
134246     DEBUG main            d.u.i.k.p.i.IntermediateProofReplayer Proof replay took 29.25ms 
134252     DEBUG main            d.u.i.k.p.r.p.TestFile    ... success: reloaded. 
134253     INFO  main            d.u.i.k.p.r.p.TestFile    Now processing file /home/runner/work/key/key/key.core/../key.ui/examples/heap/SmansEtAl/Iterator_Iterator.key 
134254     INFO  main            d.u.i.k.p.i.AbstractProblemLoader Loading environment from /home/runner/work/key/key/key.core/../key.ui/examples/heap/SmansEtAl/Iterator_Iterator.key 
134255     DEBUG main            d.u.i.k.p.i.AbstractProblemLoader Environment load took 241.9ns 
134256     INFO  main            d.u.i.k.p.i.AbstractProblemLoader Creating init config 
137073     DEBUG main            d.u.i.k.p.i.AbstractProblemLoader Init config took 2.82s 
137107     INFO  main            d.u.i.k.p.i.AbstractProblemLoader Replaying proof Iterator[Iterator::Iterator(ArrayList)].JML normal_behavior operation contract.0 
137109     DEBUG main            d.u.i.k.p.i.IntermediateProofReplayer Proof replay took 6.9ns 
138553     INFO  main            d.u.i.k.p.r.p.TestFile    ... finished proof: closed. 
138808     INFO  main            d.u.i.k.p.i.AbstractProblemLoader Loading environment from /home/runner/work/key/key/key.core/../key.ui/examples/heap/SmansEtAl/Iterator_Iterator.key.proof 
138809     DEBUG main            d.u.i.k.p.i.AbstractProblemLoader Environment load took 440.7ns 
138810     INFO  main            d.u.i.k.p.i.AbstractProblemLoader Creating init config 
141549     DEBUG main            d.u.i.k.p.i.AbstractProblemLoader Init config took 2.74s 
141584     INFO  main            d.u.i.k.p.i.AbstractProblemLoader Replaying proof Iterator[Iterator::Iterator(ArrayList)].JML normal_behavior operation contract.0 
141772     DEBUG main            d.u.i.k.p.i.IntermediateProofReplayer Proof replay took 174.57ms 
141773     DEBUG main            d.u.i.k.p.r.p.TestFile    ... success: reloaded. 
141774     INFO  main            d.u.i.k.p.r.p.TestFile    Now processing file /home/runner/work/key/key/key.core/../key.ui/examples/heap/SmansEtAl/Iterator_list_dep.key 
141775     INFO  main            d.u.i.k.p.i.AbstractProblemLoader Loading environment from /home/runner/work/key/key/key.core/../key.ui/examples/heap/SmansEtAl/Iterator_list_dep.key 
141775     DEBUG main            d.u.i.k.p.i.AbstractProblemLoader Environment load took 67.8ns 
141776     INFO  main            d.u.i.k.p.i.AbstractProblemLoader Creating init config 
144575     DEBUG main            d.u.i.k.p.i.AbstractProblemLoader Init config took 2.8s 
144609     INFO  main            d.u.i.k.p.i.AbstractProblemLoader Replaying proof Iterator[Iterator::list()].JML accessible clause.0 
144611     DEBUG main            d.u.i.k.p.i.IntermediateProofReplayer Proof replay took 6.8ns 
144716     INFO  main            d.u.i.k.p.r.p.TestFile    ... finished proof: closed. 
144971     INFO  main            d.u.i.k.p.i.AbstractProblemLoader Loading environment from /home/runner/work/key/key/key.core/../key.ui/examples/heap/SmansEtAl/Iterator_list_dep.key.proof 
144971     DEBUG main            d.u.i.k.p.i.AbstractProblemLoader Environment load took 143.6ns 
144972     INFO  main            d.u.i.k.p.i.AbstractProblemLoader Creating init config 
147703     DEBUG main            d.u.i.k.p.i.AbstractProblemLoader Init config took 2.73s 
147737     INFO  main            d.u.i.k.p.i.AbstractProblemLoader Replaying proof Iterator[Iterator::list()].JML accessible clause.0 
147757     DEBUG main            d.u.i.k.p.i.IntermediateProofReplayer Proof replay took 17.56ms 
147758     DEBUG main            d.u.i.k.p.r.p.TestFile    ... success: reloaded. 
147759     INFO  main            d.u.i.k.p.r.p.TestFile    Now processing file /home/runner/work/key/key/key.core/../key.ui/examples/heap/SmansEtAl/Iterator_list.key 
147759     INFO  main            d.u.i.k.p.i.AbstractProblemLoader Loading environment from /home/runner/work/key/key/key.core/../key.ui/examples/heap/SmansEtAl/Iterator_list.key 
147759     DEBUG main            d.u.i.k.p.i.AbstractProblemLoader Environment load took 135.5ns 
147760     INFO  main            d.u.i.k.p.i.AbstractProblemLoader Creating init config 
150547     DEBUG main            d.u.i.k.p.i.AbstractProblemLoader Init config took 2.79s 
150581     INFO  main            d.u.i.k.p.i.AbstractProblemLoader Replaying proof Iterator[Iterator::list()].JML normal_behavior operation contract.0 
150583     DEBUG main            d.u.i.k.p.i.IntermediateProofReplayer Proof replay took 6.9ns 
150688     INFO  main            d.u.i.k.p.r.p.TestFile    ... finished proof: closed. 
150961     INFO  main            d.u.i.k.p.i.AbstractProblemLoader Loading environment from /home/runner/work/key/key/key.core/../key.ui/examples/heap/SmansEtAl/Iterator_list.key.proof 
150961     DEBUG main            d.u.i.k.p.i.AbstractProblemLoader Environment load took 119ns 
150962     INFO  main            d.u.i.k.p.i.AbstractProblemLoader Creating init config 
153669     DEBUG main            d.u.i.k.p.i.AbstractProblemLoader Init config took 2.71s 
153718     INFO  main            d.u.i.k.p.i.AbstractProblemLoader Replaying proof Iterator[Iterator::list()].JML normal_behavior operation contract.0 
153735     DEBUG main            d.u.i.k.p.i.IntermediateProofReplayer Proof replay took 14.91ms 
153736     DEBUG main            d.u.i.k.p.r.p.TestFile    ... success: reloaded. 
153737     INFO  main            d.u.i.k.p.r.p.TestFile    Now processing file /home/runner/work/key/key/key.core/../key.ui/examples/heap/SmansEtAl/Iterator_next.key 
153738     INFO  main            d.u.i.k.p.i.AbstractProblemLoader Loading environment from /home/runner/work/key/key/key.core/../key.ui/examples/heap/SmansEtAl/Iterator_next.key 
153738     DEBUG main            d.u.i.k.p.i.AbstractProblemLoader Environment load took 98.8ns 
153739     INFO  main            d.u.i.k.p.i.AbstractProblemLoader Creating init config 
156518     DEBUG main            d.u.i.k.p.i.AbstractProblemLoader Init config took 2.78s 
156553     INFO  main            d.u.i.k.p.i.AbstractProblemLoader Replaying proof Iterator[Iterator::next()].JML normal_behavior operation contract.0 
156555     DEBUG main            d.u.i.k.p.i.IntermediateProofReplayer Proof replay took 6.8ns 
159544     INFO  main            d.u.i.k.p.r.p.TestFile    ... finished proof: closed. 
159829     INFO  main            d.u.i.k.p.i.AbstractProblemLoader Loading environment from /home/runner/work/key/key/key.core/../key.ui/examples/heap/SmansEtAl/Iterator_next.key.proof 
159830     DEBUG main            d.u.i.k.p.i.AbstractProblemLoader Environment load took 442.51ns 
159832     INFO  main            d.u.i.k.p.i.AbstractProblemLoader Creating init config 
162557     DEBUG main            d.u.i.k.p.i.AbstractProblemLoader Init config took 2.72s 
162591     INFO  main            d.u.i.k.p.i.AbstractProblemLoader Replaying proof Iterator[Iterator::next()].JML normal_behavior operation contract.0 
162888     DEBUG main            d.u.i.k.p.i.IntermediateProofReplayer Proof replay took 278.19ms 
162890     DEBUG main            d.u.i.k.p.r.p.TestFile    ... success: reloaded. 
162891     INFO  main            d.u.i.k.p.r.p.TestFile    Now processing file /home/runner/work/key/key/key.core/../key.ui/examples/heap/SmansEtAl/Stack_footprint.key 
162891     INFO  main            d.u.i.k.p.i.AbstractProblemLoader Loading environment from /home/runner/work/key/key/key.core/../key.ui/examples/heap/SmansEtAl/Stack_footprint.key 
162891     DEBUG main            d.u.i.k.p.i.AbstractProblemLoader Environment load took 206.4ns 
162892     INFO  main            d.u.i.k.p.i.AbstractProblemLoader Creating init config 
165651     DEBUG main            d.u.i.k.p.i.AbstractProblemLoader Init config took 2.76s 
165702     INFO  main            d.u.i.k.p.i.AbstractProblemLoader Replaying proof Stack[Stack::$footprint()].JML accessible clause.0 
165704     DEBUG main            d.u.i.k.p.i.IntermediateProofReplayer Proof replay took 6.8ns 
165909     INFO  main            d.u.i.k.p.r.p.TestFile    ... finished proof: closed. 
166182     INFO  main            d.u.i.k.p.i.AbstractProblemLoader Loading environment from /home/runner/work/key/key/key.core/../key.ui/examples/heap/SmansEtAl/Stack_footprint.key.proof 
166182     DEBUG main            d.u.i.k.p.i.AbstractProblemLoader Environment load took 112.7ns 
166184     INFO  main            d.u.i.k.p.i.AbstractProblemLoader Creating init config 
168895     DEBUG main            d.u.i.k.p.i.AbstractProblemLoader Init config took 2.71s 
168928     INFO  main            d.u.i.k.p.i.AbstractProblemLoader Replaying proof Stack[Stack::$footprint()].JML accessible clause.0 
168954     DEBUG main            d.u.i.k.p.i.IntermediateProofReplayer Proof replay took 23.84ms 
168956     DEBUG main            d.u.i.k.p.r.p.TestFile    ... success: reloaded. 
168957     INFO  main            d.u.i.k.p.r.p.TestFile    Now processing file /home/runner/work/key/key/key.core/../key.ui/examples/heap/SmansEtAl/Stack_inv.key 
168957     INFO  main            d.u.i.k.p.i.AbstractProblemLoader Loading environment from /home/runner/work/key/key/key.core/../key.ui/examples/heap/SmansEtAl/Stack_inv.key 
168957     DEBUG main            d.u.i.k.p.i.AbstractProblemLoader Environment load took 211.5ns 
168958     INFO  main            d.u.i.k.p.i.AbstractProblemLoader Creating init config 
171725     DEBUG main            d.u.i.k.p.i.AbstractProblemLoader Init config took 2.77s 
171757     INFO  main            d.u.i.k.p.i.AbstractProblemLoader Replaying proof Stack[java.lang.Object::<inv>()].JML accessible clause.0 
171758     DEBUG main            d.u.i.k.p.i.IntermediateProofReplayer Proof replay took 6.2ns 
171860     INFO  main            d.u.i.k.p.r.p.TestFile    ... finished proof: closed. 
172138     INFO  main            d.u.i.k.p.i.AbstractProblemLoader Loading environment from /home/runner/work/key/key/key.core/../key.ui/examples/heap/SmansEtAl/Stack_inv.key.proof 
172138     DEBUG main            d.u.i.k.p.i.AbstractProblemLoader Environment load took 113.1ns 
172140     INFO  main            d.u.i.k.p.i.AbstractProblemLoader Creating init config 
174870     DEBUG main            d.u.i.k.p.i.AbstractProblemLoader Init config took 2.73s 
174902     INFO  main            d.u.i.k.p.i.AbstractProblemLoader Replaying proof Stack[java.lang.Object::<inv>()].JML accessible clause.0 
174914     DEBUG main            d.u.i.k.p.i.IntermediateProofReplayer Proof replay took 9.75ms 
174915     DEBUG main            d.u.i.k.p.r.p.TestFile    ... success: reloaded. 
174916     INFO  main            d.u.i.k.p.r.p.TestFile    Now processing file /home/runner/work/key/key/key.core/../key.ui/examples/heap/SmansEtAl/Stack_push.key 
174916     INFO  main            d.u.i.k.p.i.AbstractProblemLoader Loading environment from /home/runner/work/key/key/key.core/../key.ui/examples/heap/SmansEtAl/Stack_push.key 
174916     DEBUG main            d.u.i.k.p.i.AbstractProblemLoader Environment load took 227.4ns 
174917     INFO  main            d.u.i.k.p.i.AbstractProblemLoader Creating init config 
177695     DEBUG main            d.u.i.k.p.i.AbstractProblemLoader Init config took 2.78s 
177729     INFO  main            d.u.i.k.p.i.AbstractProblemLoader Replaying proof Stack[Stack::push(java.lang.Object)].JML normal_behavior operation contract.0 
177731     DEBUG main            d.u.i.k.p.i.IntermediateProofReplayer Proof replay took 6.5ns 
178534     INFO  main            d.u.i.k.p.r.p.TestFile    ... finished proof: closed. 
178826     INFO  main            d.u.i.k.p.i.AbstractProblemLoader Loading environment from /home/runner/work/key/key/key.core/../key.ui/examples/heap/SmansEtAl/Stack_push.key.proof 
178827     DEBUG main            d.u.i.k.p.i.AbstractProblemLoader Environment load took 1.13ms 
178829     INFO  main            d.u.i.k.p.i.AbstractProblemLoader Creating init config 
181552     DEBUG main            d.u.i.k.p.i.AbstractProblemLoader Init config took 2.72s 
181586     INFO  main            d.u.i.k.p.i.AbstractProblemLoader Replaying proof Stack[Stack::push(java.lang.Object)].JML normal_behavior operation contract.0 
181702     DEBUG main            d.u.i.k.p.i.IntermediateProofReplayer Proof replay took 111.79ms 
181703     DEBUG main            d.u.i.k.p.r.p.TestFile    ... success: reloaded. 
181704     INFO  main            d.u.i.k.p.r.p.TestFile    Now processing file /home/runner/work/key/key/key.core/../key.ui/examples/heap/SmansEtAl/Stack_size.key 
181705     INFO  main            d.u.i.k.p.i.AbstractProblemLoader Loading environment from /home/runner/work/key/key/key.core/../key.ui/examples/heap/SmansEtAl/Stack_size.key 
181705     DEBUG main            d.u.i.k.p.i.AbstractProblemLoader Environment load took 107.7ns 
181706     INFO  main            d.u.i.k.p.i.AbstractProblemLoader Creating init config 
184514     DEBUG main            d.u.i.k.p.i.AbstractProblemLoader Init config took 2.81s 
184546     INFO  main            d.u.i.k.p.i.AbstractProblemLoader Replaying proof Stack[Stack::size()].JML accessible clause.0 
184548     DEBUG main            d.u.i.k.p.i.IntermediateProofReplayer Proof replay took 6.9ns 
184850     INFO  main            d.u.i.k.p.r.p.TestFile    ... finished proof: closed. 
185141     INFO  main            d.u.i.k.p.i.AbstractProblemLoader Loading environment from /home/runner/work/key/key/key.core/../key.ui/examples/heap/SmansEtAl/Stack_size.key.proof 
185141     DEBUG main            d.u.i.k.p.i.AbstractProblemLoader Environment load took 114.5ns 
185142     INFO  main            d.u.i.k.p.i.AbstractProblemLoader Creating init config 
187856     DEBUG main            d.u.i.k.p.i.AbstractProblemLoader Init config took 2.71s 
187889     INFO  main            d.u.i.k.p.i.AbstractProblemLoader Replaying proof Stack[Stack::size()].JML accessible clause.0 
187931     DEBUG main            d.u.i.k.p.i.IntermediateProofReplayer Proof replay took 39.84ms 
187933     DEBUG main            d.u.i.k.p.r.p.TestFile    ... success: reloaded. 
187934     INFO  main            d.u.i.k.p.r.p.TestFile    Now processing file /home/runner/work/key/key/key.core/../key.ui/examples/heap/SmansEtAl/Stack_Stack.key 
187934     INFO  main            d.u.i.k.p.i.AbstractProblemLoader Loading environment from /home/runner/work/key/key/key.core/../key.ui/examples/heap/SmansEtAl/Stack_Stack.key 
187934     DEBUG main            d.u.i.k.p.i.AbstractProblemLoader Environment load took 212.1ns 
187935     INFO  main            d.u.i.k.p.i.AbstractProblemLoader Creating init config 
190770     DEBUG main            d.u.i.k.p.i.AbstractProblemLoader Init config took 2.83s 
190804     INFO  main            d.u.i.k.p.i.AbstractProblemLoader Replaying proof Stack[Stack::Stack()].JML normal_behavior operation contract.0 
190805     DEBUG main            d.u.i.k.p.i.IntermediateProofReplayer Proof replay took 7.2ns 
191912     INFO  main            d.u.i.k.p.r.p.TestFile    ... finished proof: closed. 
192259     INFO  main            d.u.i.k.p.i.AbstractProblemLoader Loading environment from /home/runner/work/key/key/key.core/../key.ui/examples/heap/SmansEtAl/Stack_Stack.key.proof 
192260     DEBUG main            d.u.i.k.p.i.AbstractProblemLoader Environment load took 424.9ns 
192261     INFO  main            d.u.i.k.p.i.AbstractProblemLoader Creating init config 
194962     DEBUG main            d.u.i.k.p.i.AbstractProblemLoader Init config took 2.7s 
194995     INFO  main            d.u.i.k.p.i.AbstractProblemLoader Replaying proof Stack[Stack::Stack()].JML normal_behavior operation contract.0 
195192     DEBUG main            d.u.i.k.p.i.IntermediateProofReplayer Proof replay took 189.44ms 
195193     DEBUG main            d.u.i.k.p.r.p.TestFile    ... success: reloaded. 
195194     INFO  main            d.u.i.k.p.r.p.TestFile    Now processing file /home/runner/work/key/key/key.core/../key.ui/examples/heap/SmansEtAl/Stack_switchContents.key 
195194     INFO  main            d.u.i.k.p.i.AbstractProblemLoader Loading environment from /home/runner/work/key/key/key.core/../key.ui/examples/heap/SmansEtAl/Stack_switchContents.key 
195195     DEBUG main            d.u.i.k.p.i.AbstractProblemLoader Environment load took 199.2ns 
195196     INFO  main            d.u.i.k.p.i.AbstractProblemLoader Creating init config 
197936     DEBUG main            d.u.i.k.p.i.AbstractProblemLoader Init config took 2.74s 
197991     INFO  main            d.u.i.k.p.i.AbstractProblemLoader Replaying proof Stack[Stack::switchContents(Stack)].JML normal_behavior operation contract.0 
197992     DEBUG main            d.u.i.k.p.i.IntermediateProofReplayer Proof replay took 6.3ns 
202812     INFO  main            d.u.i.k.p.r.p.TestFile    ... finished proof: closed. 
203142     INFO  main            d.u.i.k.p.i.AbstractProblemLoader Loading environment from /home/runner/work/key/key/key.core/../key.ui/examples/heap/SmansEtAl/Stack_switchContents.key.proof 
203142     DEBUG main            d.u.i.k.p.i.AbstractProblemLoader Environment load took 187.9ns 
203144     INFO  main            d.u.i.k.p.i.AbstractProblemLoader Creating init config 
205851     DEBUG main            d.u.i.k.p.i.AbstractProblemLoader Init config took 2.71s 
205886     INFO  main            d.u.i.k.p.i.AbstractProblemLoader Replaying proof Stack[Stack::switchContents(Stack)].JML normal_behavior operation contract.0 
206356     DEBUG main            d.u.i.k.p.i.IntermediateProofReplayer Proof replay took 450.74ms 
206358     DEBUG main            d.u.i.k.p.r.p.TestFile    ... success: reloaded. 
2135702    INFO  Test worker     d.u.i.k.p.r.RunAllProofsTestUnit Returning from test SmansEtAl 
2135704    INFO  Test worker     d.u.i.k.p.r.RunAllProofsTestUnit Running test VACID0 
410        INFO  Timeout watchdog d.u.i.k.p.r.p.ForkedTestFileRunner Timeout watcher launched (2000 secs.) 
414        WARN  main            d.u.i.k.s.ProofSettings   The settings in /home/runner/.key/proof-settings.props are *not* read. 
440        INFO  main            d.u.i.k.p.r.p.TestFile    Now processing file /home/runner/work/key/key/key.core/../key.ui/examples/heap/vacid0_01_SparseArray/Harness_sparseArrayTestHarness1.key 
557        INFO  main            d.u.i.k.p.i.AbstractProblemLoader Loading environment from /home/runner/work/key/key/key.core/../key.ui/examples/heap/vacid0_01_SparseArray/Harness_sparseArrayTestHarness1.key 
585        DEBUG main            d.u.i.k.p.i.AbstractProblemLoader Environment load took 1.88ms 
841        INFO  main            d.u.i.k.p.i.AbstractProblemLoader Creating init config 
1791       DEBUG main            d.u.i.k.j.TypeConverter   No LDT found for Meta 
1795       DEBUG main            d.u.i.k.j.TypeConverter   No LDT found for Meta 
1798       DEBUG main            d.u.i.k.j.TypeConverter   No LDT found for Meta 
1799       DEBUG main            d.u.i.k.j.TypeConverter   No LDT found for Meta 
3359       DEBUG main            d.u.i.k.j.TypeConverter   No LDT found for JavaBigintExpression 
8613       DEBUG main            d.u.i.k.p.i.AbstractProblemLoader Init config took 7.77s 
8738       INFO  main            d.u.i.k.p.i.AbstractProblemLoader Replaying proof Harness[Harness::sparseArrayTestHarness1()].JML normal_behavior operation contract.0 
8771       DEBUG main            d.u.i.k.p.i.IntermediateProofReplayer Proof replay took 33.5ns 
10347      INFO  main            d.u.i.k.p.r.p.TestFile    ... finished proof: closed. 
10493      INFO  main            d.u.i.k.p.i.AbstractProblemLoader Loading environment from /home/runner/work/key/key/key.core/../key.ui/examples/heap/vacid0_01_SparseArray/Harness_sparseArrayTestHarness1.key.proof 
10493      DEBUG main            d.u.i.k.p.i.AbstractProblemLoader Environment load took 477.61ns 
10495      INFO  main            d.u.i.k.p.i.AbstractProblemLoader Creating init config 
13464      DEBUG main            d.u.i.k.p.i.AbstractProblemLoader Init config took 2.97s 
13523      INFO  main            d.u.i.k.p.i.AbstractProblemLoader Replaying proof Harness[Harness::sparseArrayTestHarness1()].JML normal_behavior operation contract.0 
13698      DEBUG main            d.u.i.k.p.i.IntermediateProofReplayer Proof replay took 165.81ms 
13706      DEBUG main            d.u.i.k.p.r.p.TestFile    ... success: reloaded. 
13707      INFO  main            d.u.i.k.p.r.p.TestFile    Now processing file /home/runner/work/key/key/key.core/../key.ui/examples/heap/vacid0_01_SparseArray/Harness_sparseArrayTestHarness2.key 
13708      INFO  main            d.u.i.k.p.i.AbstractProblemLoader Loading environment from /home/runner/work/key/key/key.core/../key.ui/examples/heap/vacid0_01_SparseArray/Harness_sparseArrayTestHarness2.key 
13708      DEBUG main            d.u.i.k.p.i.AbstractProblemLoader Environment load took 286.6ns 
13710      INFO  main            d.u.i.k.p.i.AbstractProblemLoader Creating init config 
16626      DEBUG main            d.u.i.k.p.i.AbstractProblemLoader Init config took 2.92s 
16681      INFO  main            d.u.i.k.p.i.AbstractProblemLoader Replaying proof Harness[Harness::sparseArrayTestHarness2()].JML normal_behavior operation contract.0 
16684      DEBUG main            d.u.i.k.p.i.IntermediateProofReplayer Proof replay took 6ns 
26735      INFO  main            d.u.i.k.p.r.p.TestFile    ... finished proof: closed. 
26969      INFO  main            d.u.i.k.p.i.AbstractProblemLoader Loading environment from /home/runner/work/key/key/key.core/../key.ui/examples/heap/vacid0_01_SparseArray/Harness_sparseArrayTestHarness2.key.proof 
26971      DEBUG main            d.u.i.k.p.i.AbstractProblemLoader Environment load took 1.3ms 
26974      INFO  main            d.u.i.k.p.i.AbstractProblemLoader Creating init config 
29722      DEBUG main            d.u.i.k.p.i.AbstractProblemLoader Init config took 2.75s 
29771      INFO  main            d.u.i.k.p.i.AbstractProblemLoader Replaying proof Harness[Harness::sparseArrayTestHarness2()].JML normal_behavior operation contract.0 
30824      DEBUG main            d.u.i.k.p.i.IntermediateProofReplayer Proof replay took 1.01s 
30827      DEBUG main            d.u.i.k.p.r.p.TestFile    ... success: reloaded. 
30828      INFO  main            d.u.i.k.p.r.p.TestFile    Now processing file /home/runner/work/key/key/key.core/../key.ui/examples/heap/vacid0_01_SparseArray/MemoryAllocator_alloc_unsigned.key 
30829      INFO  main            d.u.i.k.p.i.AbstractProblemLoader Loading environment from /home/runner/work/key/key/key.core/../key.ui/examples/heap/vacid0_01_SparseArray/MemoryAllocator_alloc_unsigned.key 
30829      DEBUG main            d.u.i.k.p.i.AbstractProblemLoader Environment load took 224.9ns 
30830      INFO  main            d.u.i.k.p.i.AbstractProblemLoader Creating init config 
33607      DEBUG main            d.u.i.k.p.i.AbstractProblemLoader Init config took 2.78s 
33654      INFO  main            d.u.i.k.p.i.AbstractProblemLoader Replaying proof MemoryAllocator[MemoryAllocator::alloc_unsigned(int)].JML normal_behavior operation contract.0 
33658      DEBUG main            d.u.i.k.p.i.IntermediateProofReplayer Proof replay took 7.2ns 
34664      INFO  main            d.u.i.k.p.r.p.TestFile    ... finished proof: closed. 
34888      INFO  main            d.u.i.k.p.i.AbstractProblemLoader Loading environment from /home/runner/work/key/key/key.core/../key.ui/examples/heap/vacid0_01_SparseArray/MemoryAllocator_alloc_unsigned.key.proof 
34889      DEBUG main            d.u.i.k.p.i.AbstractProblemLoader Environment load took 137.1ns 
34890      INFO  main            d.u.i.k.p.i.AbstractProblemLoader Creating init config 
37578      DEBUG main            d.u.i.k.p.i.AbstractProblemLoader Init config took 2.69s 
37621      INFO  main            d.u.i.k.p.i.AbstractProblemLoader Replaying proof MemoryAllocator[MemoryAllocator::alloc_unsigned(int)].JML normal_behavior operation contract.0 
37831      DEBUG main            d.u.i.k.p.i.IntermediateProofReplayer Proof replay took 203.61ms 
37833      DEBUG main            d.u.i.k.p.r.p.TestFile    ... success: reloaded. 
37834      INFO  main            d.u.i.k.p.r.p.TestFile    Now processing file /home/runner/work/key/key/key.core/../key.ui/examples/heap/vacid0_01_SparseArray/MemoryAllocator_alloc.key 
37835      INFO  main            d.u.i.k.p.i.AbstractProblemLoader Loading environment from /home/runner/work/key/key/key.core/../key.ui/examples/heap/vacid0_01_SparseArray/MemoryAllocator_alloc.key 
37835      DEBUG main            d.u.i.k.p.i.AbstractProblemLoader Environment load took 219.2ns 
37836      INFO  main            d.u.i.k.p.i.AbstractProblemLoader Creating init config 
40563      DEBUG main            d.u.i.k.p.i.AbstractProblemLoader Init config took 2.73s 
40605      INFO  main            d.u.i.k.p.i.AbstractProblemLoader Replaying proof MemoryAllocator[MemoryAllocator::alloc(int)].JML normal_behavior operation contract.0 
40607      DEBUG main            d.u.i.k.p.i.IntermediateProofReplayer Proof replay took 5.4ns 
41211      INFO  main            d.u.i.k.p.r.p.TestFile    ... finished proof: closed. 
41370      INFO  main            d.u.i.k.p.i.AbstractProblemLoader Loading environment from /home/runner/work/key/key/key.core/../key.ui/examples/heap/vacid0_01_SparseArray/MemoryAllocator_alloc.key.proof 
41371      DEBUG main            d.u.i.k.p.i.AbstractProblemLoader Environment load took 439.7ns 
41372      INFO  main            d.u.i.k.p.i.AbstractProblemLoader Creating init config 
44029      DEBUG main            d.u.i.k.p.i.AbstractProblemLoader Init config took 2.66s 
44068      INFO  main            d.u.i.k.p.i.AbstractProblemLoader Replaying proof MemoryAllocator[MemoryAllocator::alloc(int)].JML normal_behavior operation contract.0 
44201      DEBUG main            d.u.i.k.p.i.IntermediateProofReplayer Proof replay took 127.91ms 
44202      DEBUG main            d.u.i.k.p.r.p.TestFile    ... success: reloaded. 
44203      INFO  main            d.u.i.k.p.r.p.TestFile    Now processing file /home/runner/work/key/key/key.core/../key.ui/examples/heap/vacid0_01_SparseArray/SparseArray_get_dep.key 
44203      INFO  main            d.u.i.k.p.i.AbstractProblemLoader Loading environment from /home/runner/work/key/key/key.core/../key.ui/examples/heap/vacid0_01_SparseArray/SparseArray_get_dep.key 
44203      DEBUG main            d.u.i.k.p.i.AbstractProblemLoader Environment load took 103.1ns 
44204      INFO  main            d.u.i.k.p.i.AbstractProblemLoader Creating init config 
46880      DEBUG main            d.u.i.k.p.i.AbstractProblemLoader Init config took 2.68s 
46941      INFO  main            d.u.i.k.p.i.AbstractProblemLoader Replaying proof SparseArray[SparseArray::get(int)].JML accessible clause.0 
46944      DEBUG main            d.u.i.k.p.i.IntermediateProofReplayer Proof replay took 6.1ns 
50070      INFO  main            d.u.i.k.p.r.p.TestFile    ... finished proof: closed. 
50265      INFO  main            d.u.i.k.p.i.AbstractProblemLoader Loading environment from /home/runner/work/key/key/key.core/../key.ui/examples/heap/vacid0_01_SparseArray/SparseArray_get_dep.key.proof 
50265      DEBUG main            d.u.i.k.p.i.AbstractProblemLoader Environment load took 442.81ns 
50267      INFO  main            d.u.i.k.p.i.AbstractProblemLoader Creating init config 
52955      DEBUG main            d.u.i.k.p.i.AbstractProblemLoader Init config took 2.69s 
53022      INFO  main            d.u.i.k.p.i.AbstractProblemLoader Replaying proof SparseArray[SparseArray::get(int)].JML accessible clause.0 
53372      DEBUG main            d.u.i.k.p.i.IntermediateProofReplayer Proof replay took 336.12ms 
53374      DEBUG main            d.u.i.k.p.r.p.TestFile    ... success: reloaded. 
53375      INFO  main            d.u.i.k.p.r.p.TestFile    Now processing file /home/runner/work/key/key/key.core/../key.ui/examples/heap/vacid0_01_SparseArray/SparseArray_get.key 
53375      INFO  main            d.u.i.k.p.i.AbstractProblemLoader Loading environment from /home/runner/work/key/key/key.core/../key.ui/examples/heap/vacid0_01_SparseArray/SparseArray_get.key 
53376      DEBUG main            d.u.i.k.p.i.AbstractProblemLoader Environment load took 653.81ns 
53377      INFO  main            d.u.i.k.p.i.AbstractProblemLoader Creating init config 
56098      DEBUG main            d.u.i.k.p.i.AbstractProblemLoader Init config took 2.72s 
56153      INFO  main            d.u.i.k.p.i.AbstractProblemLoader Replaying proof SparseArray[SparseArray::get(int)].JML normal_behavior operation contract.0 
56154      DEBUG main            d.u.i.k.p.i.IntermediateProofReplayer Proof replay took 6.3ns 
58467      INFO  main            d.u.i.k.p.r.p.TestFile    ... finished proof: closed. 
58654      INFO  main            d.u.i.k.p.i.AbstractProblemLoader Loading environment from /home/runner/work/key/key/key.core/../key.ui/examples/heap/vacid0_01_SparseArray/SparseArray_get.key.proof 
58655      DEBUG main            d.u.i.k.p.i.AbstractProblemLoader Environment load took 453.81ns 
58656      INFO  main            d.u.i.k.p.i.AbstractProblemLoader Creating init config 
61304      DEBUG main            d.u.i.k.p.i.AbstractProblemLoader Init config took 2.65s 
61372      INFO  main            d.u.i.k.p.i.AbstractProblemLoader Replaying proof SparseArray[SparseArray::get(int)].JML normal_behavior operation contract.0 
61671      DEBUG main            d.u.i.k.p.i.IntermediateProofReplayer Proof replay took 277.72ms 
61673      DEBUG main            d.u.i.k.p.r.p.TestFile    ... success: reloaded. 
61674      INFO  main            d.u.i.k.p.r.p.TestFile    Now processing file /home/runner/work/key/key/key.core/../key.ui/examples/heap/vacid0_01_SparseArray/SparseArray_inv.key 
61675      INFO  main            d.u.i.k.p.i.AbstractProblemLoader Loading environment from /home/runner/work/key/key/key.core/../key.ui/examples/heap/vacid0_01_SparseArray/SparseArray_inv.key 
61675      DEBUG main            d.u.i.k.p.i.AbstractProblemLoader Environment load took 213.8ns 
61676      INFO  main            d.u.i.k.p.i.AbstractProblemLoader Creating init config 
64373      DEBUG main            d.u.i.k.p.i.AbstractProblemLoader Init config took 2.7s 
64426      INFO  main            d.u.i.k.p.i.AbstractProblemLoader Replaying proof SparseArray[java.lang.Object::<inv>()].JML accessible clause.0 
64428      DEBUG main            d.u.i.k.p.i.IntermediateProofReplayer Proof replay took 6.7ns 
66337      INFO  main            d.u.i.k.p.r.p.TestFile    ... finished proof: closed. 
66526      INFO  main            d.u.i.k.p.i.AbstractProblemLoader Loading environment from /home/runner/work/key/key/key.core/../key.ui/examples/heap/vacid0_01_SparseArray/SparseArray_inv.key.proof 
66527      DEBUG main            d.u.i.k.p.i.AbstractProblemLoader Environment load took 555.41ns 
66528      INFO  main            d.u.i.k.p.i.AbstractProblemLoader Creating init config 
69138      DEBUG main            d.u.i.k.p.i.AbstractProblemLoader Init config took 2.61s 
69190      INFO  main            d.u.i.k.p.i.AbstractProblemLoader Replaying proof SparseArray[java.lang.Object::<inv>()].JML accessible clause.0 
69318      DEBUG main            d.u.i.k.p.i.IntermediateProofReplayer Proof replay took 121.89ms 
69319      DEBUG main            d.u.i.k.p.r.p.TestFile    ... success: reloaded. 
69320      INFO  main            d.u.i.k.p.r.p.TestFile    Now processing file /home/runner/work/key/key/key.core/../key.ui/examples/heap/vacid0_01_SparseArray/SparseArray_SparseArray.key 
69320      INFO  main            d.u.i.k.p.i.AbstractProblemLoader Loading environment from /home/runner/work/key/key/key.core/../key.ui/examples/heap/vacid0_01_SparseArray/SparseArray_SparseArray.key 
69320      DEBUG main            d.u.i.k.p.i.AbstractProblemLoader Environment load took 108.9ns 
69321      INFO  main            d.u.i.k.p.i.AbstractProblemLoader Creating init config 
71966      DEBUG main            d.u.i.k.p.i.AbstractProblemLoader Init config took 2.64s 
72026      INFO  main            d.u.i.k.p.i.AbstractProblemLoader Replaying proof SparseArray[SparseArray::SparseArray(int)].JML normal_behavior operation contract.0 
72031      DEBUG main            d.u.i.k.p.i.IntermediateProofReplayer Proof replay took 6.3ns 
75552      INFO  main            d.u.i.k.p.r.p.TestFile    ... finished proof: closed. 
75773      INFO  main            d.u.i.k.p.i.AbstractProblemLoader Loading environment from /home/runner/work/key/key/key.core/../key.ui/examples/heap/vacid0_01_SparseArray/SparseArray_SparseArray.key.proof 
75773      DEBUG main            d.u.i.k.p.i.AbstractProblemLoader Environment load took 210ns 
75774      INFO  main            d.u.i.k.p.i.AbstractProblemLoader Creating init config 
78364      DEBUG main            d.u.i.k.p.i.AbstractProblemLoader Init config took 2.59s 
78429      INFO  main            d.u.i.k.p.i.AbstractProblemLoader Replaying proof SparseArray[SparseArray::SparseArray(int)].JML normal_behavior operation contract.0 
78943      DEBUG main            d.u.i.k.p.i.IntermediateProofReplayer Proof replay took 501.82ms 
78944      DEBUG main            d.u.i.k.p.r.p.TestFile    ... success: reloaded. 
2214830    INFO  Test worker     d.u.i.k.p.r.RunAllProofsTestUnit Returning from test VACID0 
2214831    INFO  Test worker     d.u.i.k.p.r.RunAllProofsTestUnit Running test VSTTE10 
407        INFO  Timeout watchdog d.u.i.k.p.r.p.ForkedTestFileRunner Timeout watcher launched (2000 secs.) 
420        WARN  main            d.u.i.k.s.ProofSettings   The settings in /home/runner/.key/proof-settings.props are *not* read. 
453        INFO  main            d.u.i.k.p.r.p.TestFile    Now processing file /home/runner/work/key/key/key.core/../key.ui/examples/heap/vstte10_01_SumAndMax/SumAndMax_sumAndMax.key 
575        INFO  main            d.u.i.k.p.i.AbstractProblemLoader Loading environment from /home/runner/work/key/key/key.core/../key.ui/examples/heap/vstte10_01_SumAndMax/SumAndMax_sumAndMax.key 
592        DEBUG main            d.u.i.k.p.i.AbstractProblemLoader Environment load took 1.98ms 
820        INFO  main            d.u.i.k.p.i.AbstractProblemLoader Creating init config 
1696       DEBUG main            d.u.i.k.j.TypeConverter   No LDT found for Meta 
1696       DEBUG main            d.u.i.k.j.TypeConverter   No LDT found for Meta 
1700       DEBUG main            d.u.i.k.j.TypeConverter   No LDT found for Meta 
1700       DEBUG main            d.u.i.k.j.TypeConverter   No LDT found for Meta 
3197       DEBUG main            d.u.i.k.j.TypeConverter   No LDT found for JavaBigintExpression 
7972       DEBUG main            d.u.i.k.p.i.AbstractProblemLoader Init config took 7.15s 
8106       INFO  main            d.u.i.k.p.i.AbstractProblemLoader Replaying proof SumAndMax[SumAndMax::sumAndMax([I)].JML normal_behavior operation contract.0 
8141       DEBUG main            d.u.i.k.p.i.IntermediateProofReplayer Proof replay took 39.2ns 
13234      INFO  main            d.u.i.k.p.r.p.TestFile    ... finished proof: closed. 
13407      INFO  main            d.u.i.k.p.i.AbstractProblemLoader Loading environment from /home/runner/work/key/key/key.core/../key.ui/examples/heap/vstte10_01_SumAndMax/SumAndMax_sumAndMax.key.proof 
13408      DEBUG main            d.u.i.k.p.i.AbstractProblemLoader Environment load took 160.1ns 
13415      INFO  main            d.u.i.k.p.i.AbstractProblemLoader Creating init config 
16252      DEBUG main            d.u.i.k.p.i.AbstractProblemLoader Init config took 2.84s 
16314      INFO  main            d.u.i.k.p.i.AbstractProblemLoader Replaying proof SumAndMax[SumAndMax::sumAndMax([I)].JML normal_behavior operation contract.0 
16996      DEBUG main            d.u.i.k.p.i.IntermediateProofReplayer Proof replay took 659.83ms 
17005      DEBUG main            d.u.i.k.p.r.p.TestFile    ... success: reloaded. 
17007      INFO  main            d.u.i.k.p.r.p.TestFile    Now processing file /home/runner/work/key/key/key.core/../key.ui/examples/heap/vstte10_03_LinkedList/Node_cons.key 
17007      INFO  main            d.u.i.k.p.i.AbstractProblemLoader Loading environment from /home/runner/work/key/key/key.core/../key.ui/examples/heap/vstte10_03_LinkedList/Node_cons.key 
17008      DEBUG main            d.u.i.k.p.i.AbstractProblemLoader Environment load took 268.6ns 
17009      INFO  main            d.u.i.k.p.i.AbstractProblemLoader Creating init config 
19792      DEBUG main            d.u.i.k.p.i.AbstractProblemLoader Init config took 2.78s 
19854      INFO  main            d.u.i.k.p.i.AbstractProblemLoader Replaying proof Node[Node::cons(int,Node)].JML normal_behavior operation contract.0 
19857      DEBUG main            d.u.i.k.p.i.IntermediateProofReplayer Proof replay took 7.3ns 
21381      INFO  main            d.u.i.k.p.r.p.TestFile    ... finished proof: closed. 
21553      INFO  main            d.u.i.k.p.i.AbstractProblemLoader Loading environment from /home/runner/work/key/key/key.core/../key.ui/examples/heap/vstte10_03_LinkedList/Node_cons.key.proof 
21555      DEBUG main            d.u.i.k.p.i.AbstractProblemLoader Environment load took 1.81ms 
21559      INFO  main            d.u.i.k.p.i.AbstractProblemLoader Creating init config 
24161      DEBUG main            d.u.i.k.p.i.AbstractProblemLoader Init config took 2.6s 
24217      INFO  main            d.u.i.k.p.i.AbstractProblemLoader Replaying proof Node[Node::cons(int,Node)].JML normal_behavior operation contract.0 
24542      DEBUG main            d.u.i.k.p.i.IntermediateProofReplayer Proof replay took 312.57ms 
24544      DEBUG main            d.u.i.k.p.r.p.TestFile    ... success: reloaded. 
24545      INFO  main            d.u.i.k.p.r.p.TestFile    Now processing file /home/runner/work/key/key/key.core/../key.ui/examples/heap/vstte10_03_LinkedList/Node_inv.key 
24546      INFO  main            d.u.i.k.p.i.AbstractProblemLoader Loading environment from /home/runner/work/key/key/key.core/../key.ui/examples/heap/vstte10_03_LinkedList/Node_inv.key 
24546      DEBUG main            d.u.i.k.p.i.AbstractProblemLoader Environment load took 251ns 
24547      INFO  main            d.u.i.k.p.i.AbstractProblemLoader Creating init config 
27187      DEBUG main            d.u.i.k.p.i.AbstractProblemLoader Init config took 2.64s 
27264      INFO  main            d.u.i.k.p.i.AbstractProblemLoader Replaying proof Node[java.lang.Object::<inv>()].JML accessible clause.0 
27267      DEBUG main            d.u.i.k.p.i.IntermediateProofReplayer Proof replay took 7.6ns 
27671      INFO  main            d.u.i.k.p.r.p.TestFile    ... finished proof: closed. 
27827      INFO  main            d.u.i.k.p.i.AbstractProblemLoader Loading environment from /home/runner/work/key/key/key.core/../key.ui/examples/heap/vstte10_03_LinkedList/Node_inv.key.proof 
27828      DEBUG main            d.u.i.k.p.i.AbstractProblemLoader Environment load took 623.31ns 
27830      INFO  main            d.u.i.k.p.i.AbstractProblemLoader Creating init config 
30363      DEBUG main            d.u.i.k.p.i.AbstractProblemLoader Init config took 2.53s 
30413      INFO  main            d.u.i.k.p.i.AbstractProblemLoader Replaying proof Node[java.lang.Object::<inv>()].JML accessible clause.0 
30452      DEBUG main            d.u.i.k.p.i.IntermediateProofReplayer Proof replay took 34.88ms 
30453      DEBUG main            d.u.i.k.p.r.p.TestFile    ... success: reloaded. 
30455      INFO  main            d.u.i.k.p.r.p.TestFile    Now processing file /home/runner/work/key/key/key.core/../key.ui/examples/heap/vstte10_03_LinkedList/Node_search.key 
30455      INFO  main            d.u.i.k.p.i.AbstractProblemLoader Loading environment from /home/runner/work/key/key/key.core/../key.ui/examples/heap/vstte10_03_LinkedList/Node_search.key 
30456      DEBUG main            d.u.i.k.p.i.AbstractProblemLoader Environment load took 235ns 
30457      INFO  main            d.u.i.k.p.i.AbstractProblemLoader Creating init config 
33005      DEBUG main            d.u.i.k.p.i.AbstractProblemLoader Init config took 2.55s 
33077      INFO  main            d.u.i.k.p.i.AbstractProblemLoader Replaying proof Node[Node::search()].JML normal_behavior operation contract.0 
33079      DEBUG main            d.u.i.k.p.i.IntermediateProofReplayer Proof replay took 8.2ns 
39299      INFO  main            d.u.i.k.p.r.p.TestFile    ... finished proof: closed. 
39519      INFO  main            d.u.i.k.p.i.AbstractProblemLoader Loading environment from /home/runner/work/key/key/key.core/../key.ui/examples/heap/vstte10_03_LinkedList/Node_search.key.proof 
39519      DEBUG main            d.u.i.k.p.i.AbstractProblemLoader Environment load took 445.7ns 
39522      INFO  main            d.u.i.k.p.i.AbstractProblemLoader Creating init config 
42012      DEBUG main            d.u.i.k.p.i.AbstractProblemLoader Init config took 2.49s 
42064      INFO  main            d.u.i.k.p.i.AbstractProblemLoader Replaying proof Node[Node::search()].JML normal_behavior operation contract.0 
42769      DEBUG main            d.u.i.k.p.i.IntermediateProofReplayer Proof replay took 659.86ms 
42772      DEBUG main            d.u.i.k.p.r.p.TestFile    ... success: reloaded. 
42773      INFO  main            d.u.i.k.p.r.p.TestFile    Now processing file /home/runner/work/key/key/key.core/../key.ui/examples/heap/vstte10_04_Queens/Queens_isConsistent.key 
42774      INFO  main            d.u.i.k.p.i.AbstractProblemLoader Loading environment from /home/runner/work/key/key/key.core/../key.ui/examples/heap/vstte10_04_Queens/Queens_isConsistent.key 
42774      DEBUG main            d.u.i.k.p.i.AbstractProblemLoader Environment load took 215.5ns 
42775      INFO  main            d.u.i.k.p.i.AbstractProblemLoader Creating init config 
45672      DEBUG main            d.u.i.k.p.i.AbstractProblemLoader Init config took 2.9s 
45714      INFO  main            d.u.i.k.p.i.AbstractProblemLoader Replaying proof Queens[Queens::isConsistent([I,int)].JML normal_behavior operation contract.0 
45716      DEBUG main            d.u.i.k.p.i.IntermediateProofReplayer Proof replay took 7.2ns 
47526      INFO  main            d.u.i.k.p.r.p.TestFile    ... finished proof: closed. 
47747      INFO  main            d.u.i.k.p.i.AbstractProblemLoader Loading environment from /home/runner/work/key/key/key.core/../key.ui/examples/heap/vstte10_04_Queens/Queens_isConsistent.key.proof 
47748      DEBUG main            d.u.i.k.p.i.AbstractProblemLoader Environment load took 452.31ns 
47749      INFO  main            d.u.i.k.p.i.AbstractProblemLoader Creating init config 
50333      DEBUG main            d.u.i.k.p.i.AbstractProblemLoader Init config took 2.58s 
50381      INFO  main            d.u.i.k.p.i.AbstractProblemLoader Replaying proof Queens[Queens::isConsistent([I,int)].JML normal_behavior operation contract.0 
50806      DEBUG main            d.u.i.k.p.i.IntermediateProofReplayer Proof replay took 414.05ms 
50808      DEBUG main            d.u.i.k.p.r.p.TestFile    ... success: reloaded. 
50809      INFO  main            d.u.i.k.p.r.p.TestFile    Now processing file /home/runner/work/key/key/key.core/../key.ui/examples/heap/vstte10_04_Queens/Queens_nQueens.key 
50809      INFO  main            d.u.i.k.p.i.AbstractProblemLoader Loading environment from /home/runner/work/key/key/key.core/../key.ui/examples/heap/vstte10_04_Queens/Queens_nQueens.key 
50810      DEBUG main            d.u.i.k.p.i.AbstractProblemLoader Environment load took 236.2ns 
50811      INFO  main            d.u.i.k.p.i.AbstractProblemLoader Creating init config 
53510      DEBUG main            d.u.i.k.p.i.AbstractProblemLoader Init config took 2.7s 
53552      INFO  main            d.u.i.k.p.i.AbstractProblemLoader Replaying proof Queens[Queens::nQueens(int)].JML normal_behavior operation contract.0 
53554      DEBUG main            d.u.i.k.p.i.IntermediateProofReplayer Proof replay took 6.8ns 
66000      INFO  main            d.u.i.k.p.r.p.TestFile    ... finished proof: closed. 
66230      INFO  main            d.u.i.k.p.i.AbstractProblemLoader Loading environment from /home/runner/work/key/key/key.core/../key.ui/examples/heap/vstte10_04_Queens/Queens_nQueens.key.proof 
66231      DEBUG main            d.u.i.k.p.i.AbstractProblemLoader Environment load took 467.01ns 
66233      INFO  main            d.u.i.k.p.i.AbstractProblemLoader Creating init config 
68760      DEBUG main            d.u.i.k.p.i.AbstractProblemLoader Init config took 2.53s 
68812      INFO  main            d.u.i.k.p.i.AbstractProblemLoader Replaying proof Queens[Queens::nQueens(int)].JML normal_behavior operation contract.0 
69798      DEBUG main            d.u.i.k.p.i.IntermediateProofReplayer Proof replay took 967.26ms 
69799      DEBUG main            d.u.i.k.p.r.p.TestFile    ... success: reloaded. 
69801      INFO  main            d.u.i.k.p.r.p.TestFile    Now processing file /home/runner/work/key/key/key.core/../key.ui/examples/heap/vstte10_05_Queue/AmortizedQueue_AmortizedQueue.key 
69801      INFO  main            d.u.i.k.p.i.AbstractProblemLoader Loading environment from /home/runner/work/key/key/key.core/../key.ui/examples/heap/vstte10_05_Queue/AmortizedQueue_AmortizedQueue.key 
69801      DEBUG main            d.u.i.k.p.i.AbstractProblemLoader Environment load took 121.2ns 
69802      INFO  main            d.u.i.k.p.i.AbstractProblemLoader Creating init config 
72524      DEBUG main            d.u.i.k.p.i.AbstractProblemLoader Init config took 2.72s 
72571      INFO  main            d.u.i.k.p.i.AbstractProblemLoader Replaying proof AmortizedQueue[AmortizedQueue::AmortizedQueue()].JML normal_behavior operation contract.0 
72573      DEBUG main            d.u.i.k.p.i.IntermediateProofReplayer Proof replay took 6.9ns 
73991      INFO  main            d.u.i.k.p.r.p.TestFile    ... finished proof: closed. 
74195      INFO  main            d.u.i.k.p.i.AbstractProblemLoader Loading environment from /home/runner/work/key/key/key.core/../key.ui/examples/heap/vstte10_05_Queue/AmortizedQueue_AmortizedQueue.key.proof 
74195      DEBUG main            d.u.i.k.p.i.AbstractProblemLoader Environment load took 466.7ns 
74197      INFO  main            d.u.i.k.p.i.AbstractProblemLoader Creating init config 
76757      DEBUG main            d.u.i.k.p.i.AbstractProblemLoader Init config took 2.56s 
76802      INFO  main            d.u.i.k.p.i.AbstractProblemLoader Replaying proof AmortizedQueue[AmortizedQueue::AmortizedQueue()].JML normal_behavior operation contract.0 
77046      DEBUG main            d.u.i.k.p.i.IntermediateProofReplayer Proof replay took 237.14ms 
77048      DEBUG main            d.u.i.k.p.r.p.TestFile    ... success: reloaded. 
77049      INFO  main            d.u.i.k.p.r.p.TestFile    Now processing file /home/runner/work/key/key/key.core/../key.ui/examples/heap/vstte10_05_Queue/AmortizedQueue_front.key 
77049      INFO  main            d.u.i.k.p.i.AbstractProblemLoader Loading environment from /home/runner/work/key/key/key.core/../key.ui/examples/heap/vstte10_05_Queue/AmortizedQueue_front.key 
77049      DEBUG main            d.u.i.k.p.i.AbstractProblemLoader Environment load took 210ns 
77050      INFO  main            d.u.i.k.p.i.AbstractProblemLoader Creating init config 
79720      DEBUG main            d.u.i.k.p.i.AbstractProblemLoader Init config took 2.67s 
79768      INFO  main            d.u.i.k.p.i.AbstractProblemLoader Replaying proof AmortizedQueue[AmortizedQueue::front()].JML normal_behavior operation contract.0 
79772      DEBUG main            d.u.i.k.p.i.IntermediateProofReplayer Proof replay took 7.3ns 
80175      INFO  main            d.u.i.k.p.r.p.TestFile    ... finished proof: closed. 
80391      INFO  main            d.u.i.k.p.i.AbstractProblemLoader Loading environment from /home/runner/work/key/key/key.core/../key.ui/examples/heap/vstte10_05_Queue/AmortizedQueue_front.key.proof 
80392      DEBUG main            d.u.i.k.p.i.AbstractProblemLoader Environment load took 125.7ns 
80393      INFO  main            d.u.i.k.p.i.AbstractProblemLoader Creating init config 
82918      DEBUG main            d.u.i.k.p.i.AbstractProblemLoader Init config took 2.52s 
82969      INFO  main            d.u.i.k.p.i.AbstractProblemLoader Replaying proof AmortizedQueue[AmortizedQueue::front()].JML normal_behavior operation contract.0 
83031      DEBUG main            d.u.i.k.p.i.IntermediateProofReplayer Proof replay took 58.3ms 
83032      DEBUG main            d.u.i.k.p.r.p.TestFile    ... success: reloaded. 
83033      INFO  main            d.u.i.k.p.r.p.TestFile    Now processing file /home/runner/work/key/key/key.core/../key.ui/examples/heap/vstte10_05_Queue/LinkedList_concat.key 
83034      INFO  main            d.u.i.k.p.i.AbstractProblemLoader Loading environment from /home/runner/work/key/key/key.core/../key.ui/examples/heap/vstte10_05_Queue/LinkedList_concat.key 
83034      DEBUG main            d.u.i.k.p.i.AbstractProblemLoader Environment load took 91.6ns 
83035      INFO  main            d.u.i.k.p.i.AbstractProblemLoader Creating init config 
85592      DEBUG main            d.u.i.k.p.i.AbstractProblemLoader Init config took 2.56s 
85638      INFO  main            d.u.i.k.p.i.AbstractProblemLoader Replaying proof LinkedList[LinkedList::concat(LinkedList)].JML normal_behavior operation contract.0 
85640      DEBUG main            d.u.i.k.p.i.IntermediateProofReplayer Proof replay took 6.7ns 
94303      INFO  main            d.u.i.k.p.r.p.TestFile    ... finished proof: closed. 
94547      INFO  main            d.u.i.k.p.i.AbstractProblemLoader Loading environment from /home/runner/work/key/key/key.core/../key.ui/examples/heap/vstte10_05_Queue/LinkedList_concat.key.proof 
94547      DEBUG main            d.u.i.k.p.i.AbstractProblemLoader Environment load took 447.21ns 
94550      INFO  main            d.u.i.k.p.i.AbstractProblemLoader Creating init config 
97061      DEBUG main            d.u.i.k.p.i.AbstractProblemLoader Init config took 2.51s 
97105      INFO  main            d.u.i.k.p.i.AbstractProblemLoader Replaying proof LinkedList[LinkedList::concat(LinkedList)].JML normal_behavior operation contract.0 
97888      DEBUG main            d.u.i.k.p.i.IntermediateProofReplayer Proof replay took 750.7ms 
97891      DEBUG main            d.u.i.k.p.r.p.TestFile    ... success: reloaded. 
97892      INFO  main            d.u.i.k.p.r.p.TestFile    Now processing file /home/runner/work/key/key/key.core/../key.ui/examples/heap/vstte10_05_Queue/LinkedList_cons.key 
97892      INFO  main            d.u.i.k.p.i.AbstractProblemLoader Loading environment from /home/runner/work/key/key/key.core/../key.ui/examples/heap/vstte10_05_Queue/LinkedList_cons.key 
97893      DEBUG main            d.u.i.k.p.i.AbstractProblemLoader Environment load took 143.7ns 
97894      INFO  main            d.u.i.k.p.i.AbstractProblemLoader Creating init config 
100520     DEBUG main            d.u.i.k.p.i.AbstractProblemLoader Init config took 2.63s 
100564     INFO  main            d.u.i.k.p.i.AbstractProblemLoader Replaying proof LinkedList[LinkedList::cons(int)].JML normal_behavior operation contract.0 
100566     DEBUG main            d.u.i.k.p.i.IntermediateProofReplayer Proof replay took 6.8ns 
102889     INFO  main            d.u.i.k.p.r.p.TestFile    ... finished proof: closed. 
103109     INFO  main            d.u.i.k.p.i.AbstractProblemLoader Loading environment from /home/runner/work/key/key/key.core/../key.ui/examples/heap/vstte10_05_Queue/LinkedList_cons.key.proof 
103110     DEBUG main            d.u.i.k.p.i.AbstractProblemLoader Environment load took 1.36ms 
103113     INFO  main            d.u.i.k.p.i.AbstractProblemLoader Creating init config 
105623     DEBUG main            d.u.i.k.p.i.AbstractProblemLoader Init config took 2.51s 
105667     INFO  main            d.u.i.k.p.i.AbstractProblemLoader Replaying proof LinkedList[LinkedList::cons(int)].JML normal_behavior operation contract.0 
105932     DEBUG main            d.u.i.k.p.i.IntermediateProofReplayer Proof replay took 255.51ms 
105933     DEBUG main            d.u.i.k.p.r.p.TestFile    ... success: reloaded. 
105934     INFO  main            d.u.i.k.p.r.p.TestFile    Now processing file /home/runner/work/key/key/key.core/../key.ui/examples/heap/vstte10_05_Queue/LinkedList_head.key 
105935     INFO  main            d.u.i.k.p.i.AbstractProblemLoader Loading environment from /home/runner/work/key/key/key.core/../key.ui/examples/heap/vstte10_05_Queue/LinkedList_head.key 
105935     DEBUG main            d.u.i.k.p.i.AbstractProblemLoader Environment load took 104.3ns 
105936     INFO  main            d.u.i.k.p.i.AbstractProblemLoader Creating init config 
108516     DEBUG main            d.u.i.k.p.i.AbstractProblemLoader Init config took 2.58s 
108559     INFO  main            d.u.i.k.p.i.AbstractProblemLoader Replaying proof LinkedList[LinkedList::head()].JML normal_behavior operation contract.0 
108561     DEBUG main            d.u.i.k.p.i.IntermediateProofReplayer Proof replay took 7ns 
108666     INFO  main            d.u.i.k.p.r.p.TestFile    ... finished proof: closed. 
108876     INFO  main            d.u.i.k.p.i.AbstractProblemLoader Loading environment from /home/runner/work/key/key/key.core/../key.ui/examples/heap/vstte10_05_Queue/LinkedList_head.key.proof 
108876     DEBUG main            d.u.i.k.p.i.AbstractProblemLoader Environment load took 128.2ns 
108877     INFO  main            d.u.i.k.p.i.AbstractProblemLoader Creating init config 
111397     DEBUG main            d.u.i.k.p.i.AbstractProblemLoader Init config took 2.52s 
111440     INFO  main            d.u.i.k.p.i.AbstractProblemLoader Replaying proof LinkedList[LinkedList::head()].JML normal_behavior operation contract.0 
111454     DEBUG main            d.u.i.k.p.i.IntermediateProofReplayer Proof replay took 12.54ms 
111455     DEBUG main            d.u.i.k.p.r.p.TestFile    ... success: reloaded. 
111457     INFO  main            d.u.i.k.p.r.p.TestFile    Now processing file /home/runner/work/key/key/key.core/../key.ui/examples/heap/vstte10_05_Queue/LinkedList_inv.key 
111457     INFO  main            d.u.i.k.p.i.AbstractProblemLoader Loading environment from /home/runner/work/key/key/key.core/../key.ui/examples/heap/vstte10_05_Queue/LinkedList_inv.key 
111457     DEBUG main            d.u.i.k.p.i.AbstractProblemLoader Environment load took 103.5ns 
111458     INFO  main            d.u.i.k.p.i.AbstractProblemLoader Creating init config 
114044     DEBUG main            d.u.i.k.p.i.AbstractProblemLoader Init config took 2.59s 
114087     INFO  main            d.u.i.k.p.i.AbstractProblemLoader Replaying proof LinkedList[java.lang.Object::<inv>()].JML accessible clause.0 
114089     DEBUG main            d.u.i.k.p.i.IntermediateProofReplayer Proof replay took 6.8ns 
114392     INFO  main            d.u.i.k.p.r.p.TestFile    ... finished proof: closed. 
114602     INFO  main            d.u.i.k.p.i.AbstractProblemLoader Loading environment from /home/runner/work/key/key/key.core/../key.ui/examples/heap/vstte10_05_Queue/LinkedList_inv.key.proof 
114602     DEBUG main            d.u.i.k.p.i.AbstractProblemLoader Environment load took 128.8ns 
114603     INFO  main            d.u.i.k.p.i.AbstractProblemLoader Creating init config 
117103     DEBUG main            d.u.i.k.p.i.AbstractProblemLoader Init config took 2.5s 
117149     INFO  main            d.u.i.k.p.i.AbstractProblemLoader Replaying proof LinkedList[java.lang.Object::<inv>()].JML accessible clause.0 
117178     DEBUG main            d.u.i.k.p.i.IntermediateProofReplayer Proof replay took 26.01ms 
117179     DEBUG main            d.u.i.k.p.r.p.TestFile    ... success: reloaded. 
117181     INFO  main            d.u.i.k.p.r.p.TestFile    Now processing file /home/runner/work/key/key/key.core/../key.ui/examples/heap/vstte10_05_Queue/LinkedList_length.key 
117181     INFO  main            d.u.i.k.p.i.AbstractProblemLoader Loading environment from /home/runner/work/key/key/key.core/../key.ui/examples/heap/vstte10_05_Queue/LinkedList_length.key 
117181     DEBUG main            d.u.i.k.p.i.AbstractProblemLoader Environment load took 190.6ns 
117182     INFO  main            d.u.i.k.p.i.AbstractProblemLoader Creating init config 
119764     DEBUG main            d.u.i.k.p.i.AbstractProblemLoader Init config took 2.58s 
119807     INFO  main            d.u.i.k.p.i.AbstractProblemLoader Replaying proof LinkedList[LinkedList::length()].JML normal_behavior operation contract.0 
119808     DEBUG main            d.u.i.k.p.i.IntermediateProofReplayer Proof replay took 6.7ns 
119910     INFO  main            d.u.i.k.p.r.p.TestFile    ... finished proof: closed. 
120110     INFO  main            d.u.i.k.p.i.AbstractProblemLoader Loading environment from /home/runner/work/key/key/key.core/../key.ui/examples/heap/vstte10_05_Queue/LinkedList_length.key.proof 
120111     DEBUG main            d.u.i.k.p.i.AbstractProblemLoader Environment load took 124ns 
120111     INFO  main            d.u.i.k.p.i.AbstractProblemLoader Creating init config 
122619     DEBUG main            d.u.i.k.p.i.AbstractProblemLoader Init config took 2.51s 
122664     INFO  main            d.u.i.k.p.i.AbstractProblemLoader Replaying proof LinkedList[LinkedList::length()].JML normal_behavior operation contract.0 
122678     DEBUG main            d.u.i.k.p.i.IntermediateProofReplayer Proof replay took 12.16ms 
122679     DEBUG main            d.u.i.k.p.r.p.TestFile    ... success: reloaded. 
122680     INFO  main            d.u.i.k.p.r.p.TestFile    Now processing file /home/runner/work/key/key/key.core/../key.ui/examples/heap/vstte10_05_Queue/LinkedList_LinkedList1.key 
122680     INFO  main            d.u.i.k.p.i.AbstractProblemLoader Loading environment from /home/runner/work/key/key/key.core/../key.ui/examples/heap/vstte10_05_Queue/LinkedList_LinkedList1.key 
122680     DEBUG main            d.u.i.k.p.i.AbstractProblemLoader Environment load took 137.1ns 
122681     INFO  main            d.u.i.k.p.i.AbstractProblemLoader Creating init config 
125273     DEBUG main            d.u.i.k.p.i.AbstractProblemLoader Init config took 2.59s 
125316     INFO  main            d.u.i.k.p.i.AbstractProblemLoader Replaying proof LinkedList[LinkedList::LinkedList(int,LinkedList)].JML normal_behavior operation contract.0 
125318     DEBUG main            d.u.i.k.p.i.IntermediateProofReplayer Proof replay took 6.8ns 
127144     INFO  main            d.u.i.k.p.r.p.TestFile    ... finished proof: closed. 
127385     INFO  main            d.u.i.k.p.i.AbstractProblemLoader Loading environment from /home/runner/work/key/key/key.core/../key.ui/examples/heap/vstte10_05_Queue/LinkedList_LinkedList1.key.proof 
127385     DEBUG main            d.u.i.k.p.i.AbstractProblemLoader Environment load took 215.3ns 
127386     INFO  main            d.u.i.k.p.i.AbstractProblemLoader Creating init config 
129882     DEBUG main            d.u.i.k.p.i.AbstractProblemLoader Init config took 2.5s 
129925     INFO  main            d.u.i.k.p.i.AbstractProblemLoader Replaying proof LinkedList[LinkedList::LinkedList(int,LinkedList)].JML normal_behavior operation contract.0 
130184     DEBUG main            d.u.i.k.p.i.IntermediateProofReplayer Proof replay took 251.5ms 
130186     DEBUG main            d.u.i.k.p.r.p.TestFile    ... success: reloaded. 
130187     INFO  main            d.u.i.k.p.r.p.TestFile    Now processing file /home/runner/work/key/key/key.core/../key.ui/examples/heap/vstte10_05_Queue/LinkedList_LinkedList2.key 
130187     INFO  main            d.u.i.k.p.i.AbstractProblemLoader Loading environment from /home/runner/work/key/key/key.core/../key.ui/examples/heap/vstte10_05_Queue/LinkedList_LinkedList2.key 
130188     DEBUG main            d.u.i.k.p.i.AbstractProblemLoader Environment load took 103.3ns 
130188     INFO  main            d.u.i.k.p.i.AbstractProblemLoader Creating init config 
132773     DEBUG main            d.u.i.k.p.i.AbstractProblemLoader Init config took 2.58s 
132816     INFO  main            d.u.i.k.p.i.AbstractProblemLoader Replaying proof LinkedList[LinkedList::LinkedList(int,LinkedList)].JML normal_behavior operation contract.0 
132818     DEBUG main            d.u.i.k.p.i.IntermediateProofReplayer Proof replay took 7.5ns 
134650     INFO  main            d.u.i.k.p.r.p.TestFile    ... finished proof: closed. 
134913     INFO  main            d.u.i.k.p.i.AbstractProblemLoader Loading environment from /home/runner/work/key/key/key.core/../key.ui/examples/heap/vstte10_05_Queue/LinkedList_LinkedList2.key.proof 
134914     DEBUG main            d.u.i.k.p.i.AbstractProblemLoader Environment load took 473.81ns 
134915     INFO  main            d.u.i.k.p.i.AbstractProblemLoader Creating init config 
137410     DEBUG main            d.u.i.k.p.i.AbstractProblemLoader Init config took 2.49s 
137453     INFO  main            d.u.i.k.p.i.AbstractProblemLoader Replaying proof LinkedList[LinkedList::LinkedList(int,LinkedList)].JML normal_behavior operation contract.0 
137701     DEBUG main            d.u.i.k.p.i.IntermediateProofReplayer Proof replay took 239.02ms 
137702     DEBUG main            d.u.i.k.p.r.p.TestFile    ... success: reloaded. 
137703     INFO  main            d.u.i.k.p.r.p.TestFile    Now processing file /home/runner/work/key/key/key.core/../key.ui/examples/heap/vstte10_05_Queue/LinkedList_LinkedList3.key 
137703     INFO  main            d.u.i.k.p.i.AbstractProblemLoader Loading environment from /home/runner/work/key/key/key.core/../key.ui/examples/heap/vstte10_05_Queue/LinkedList_LinkedList3.key 
137703     DEBUG main            d.u.i.k.p.i.AbstractProblemLoader Environment load took 64.1ns 
137704     INFO  main            d.u.i.k.p.i.AbstractProblemLoader Creating init config 
140246     DEBUG main            d.u.i.k.p.i.AbstractProblemLoader Init config took 2.54s 
140288     INFO  main            d.u.i.k.p.i.AbstractProblemLoader Replaying proof LinkedList[LinkedList::LinkedList(int,LinkedList)].JML normal_behavior operation contract.0 
140290     DEBUG main            d.u.i.k.p.i.IntermediateProofReplayer Proof replay took 5.4ns 
153280     INFO  main            d.u.i.k.p.r.p.TestFile    ... finished proof: closed. 
153602     INFO  main            d.u.i.k.p.i.AbstractProblemLoader Loading environment from /home/runner/work/key/key/key.core/../key.ui/examples/heap/vstte10_05_Queue/LinkedList_LinkedList3.key.proof 
153603     DEBUG main            d.u.i.k.p.i.AbstractProblemLoader Environment load took 465.91ns 
153609     INFO  main            d.u.i.k.p.i.AbstractProblemLoader Creating init config 
156102     DEBUG main            d.u.i.k.p.i.AbstractProblemLoader Init config took 2.49s 
156160     INFO  main            d.u.i.k.p.i.AbstractProblemLoader Replaying proof LinkedList[LinkedList::LinkedList(int,LinkedList)].JML normal_behavior operation contract.0 
157301     DEBUG main            d.u.i.k.p.i.IntermediateProofReplayer Proof replay took 1.04s 
157308     DEBUG main            d.u.i.k.p.r.p.TestFile    ... success: reloaded. 
157309     INFO  main            d.u.i.k.p.r.p.TestFile    Now processing file /home/runner/work/key/key/key.core/../key.ui/examples/heap/vstte10_05_Queue/LinkedList_reverse.key 
157309     INFO  main            d.u.i.k.p.i.AbstractProblemLoader Loading environment from /home/runner/work/key/key/key.core/../key.ui/examples/heap/vstte10_05_Queue/LinkedList_reverse.key 
157309     DEBUG main            d.u.i.k.p.i.AbstractProblemLoader Environment load took 214.1ns 
157310     INFO  main            d.u.i.k.p.i.AbstractProblemLoader Creating init config 
159907     DEBUG main            d.u.i.k.p.i.AbstractProblemLoader Init config took 2.6s 
159953     INFO  main            d.u.i.k.p.i.AbstractProblemLoader Replaying proof LinkedList[LinkedList::reverse()].JML normal_behavior operation contract.0 
159954     DEBUG main            d.u.i.k.p.i.IntermediateProofReplayer Proof replay took 7ns 
169103     INFO  main            d.u.i.k.p.r.p.TestFile    ... finished proof: closed. 
169409     INFO  main            d.u.i.k.p.i.AbstractProblemLoader Loading environment from /home/runner/work/key/key/key.core/../key.ui/examples/heap/vstte10_05_Queue/LinkedList_reverse.key.proof 
169414     DEBUG main            d.u.i.k.p.i.AbstractProblemLoader Environment load took 5.8ms 
169417     INFO  main            d.u.i.k.p.i.AbstractProblemLoader Creating init config 
171898     DEBUG main            d.u.i.k.p.i.AbstractProblemLoader Init config took 2.48s 
171939     INFO  main            d.u.i.k.p.i.AbstractProblemLoader Replaying proof LinkedList[LinkedList::reverse()].JML normal_behavior operation contract.0 
172704     DEBUG main            d.u.i.k.p.i.IntermediateProofReplayer Proof replay took 735.27ms 
172707     DEBUG main            d.u.i.k.p.r.p.TestFile    ... success: reloaded. 
172708     INFO  main            d.u.i.k.p.r.p.TestFile    Now processing file /home/runner/work/key/key/key.core/../key.ui/examples/heap/vstte10_05_Queue/LinkedList_tail.key 
172708     INFO  main            d.u.i.k.p.i.AbstractProblemLoader Loading environment from /home/runner/work/key/key/key.core/../key.ui/examples/heap/vstte10_05_Queue/LinkedList_tail.key 
172708     DEBUG main            d.u.i.k.p.i.AbstractProblemLoader Environment load took 136.9ns 
172709     INFO  main            d.u.i.k.p.i.AbstractProblemLoader Creating init config 
175263     DEBUG main            d.u.i.k.p.i.AbstractProblemLoader Init config took 2.55s 
175305     INFO  main            d.u.i.k.p.i.AbstractProblemLoader Replaying proof LinkedList[LinkedList::tail()].JML normal_behavior operation contract.0 
175307     DEBUG main            d.u.i.k.p.i.IntermediateProofReplayer Proof replay took 43.2ns 
175810     INFO  main            d.u.i.k.p.r.p.TestFile    ... finished proof: closed. 
176071     INFO  main            d.u.i.k.p.i.AbstractProblemLoader Loading environment from /home/runner/work/key/key/key.core/../key.ui/examples/heap/vstte10_05_Queue/LinkedList_tail.key.proof 
176071     DEBUG main            d.u.i.k.p.i.AbstractProblemLoader Environment load took 128.6ns 
176072     INFO  main            d.u.i.k.p.i.AbstractProblemLoader Creating init config 
178551     DEBUG main            d.u.i.k.p.i.AbstractProblemLoader Init config took 2.48s 
178593     INFO  main            d.u.i.k.p.i.AbstractProblemLoader Replaying proof LinkedList[LinkedList::tail()].JML normal_behavior operation contract.0 
178692     DEBUG main            d.u.i.k.p.i.IntermediateProofReplayer Proof replay took 96.34ms 
178693     DEBUG main            d.u.i.k.p.r.p.TestFile    ... success: reloaded. 
2393692    INFO  Test worker     d.u.i.k.p.r.RunAllProofsTestUnit Returning from test VSTTE10 
2393692    INFO  Test worker     d.u.i.k.p.r.RunAllProofsTestUnit Running test WeideEtAl 
333        INFO  Timeout watchdog d.u.i.k.p.r.p.ForkedTestFileRunner Timeout watcher launched (2000 secs.) 
343        WARN  main            d.u.i.k.s.ProofSettings   The settings in /home/runner/.key/proof-settings.props are *not* read. 
370        INFO  main            d.u.i.k.p.r.p.TestFile    Now processing file /home/runner/work/key/key/key.core/../key.ui/examples/heap/WeideEtAl_01_AddAndMultiply/AddAndMultiply_add.key 
486        INFO  main            d.u.i.k.p.i.AbstractProblemLoader Loading environment from /home/runner/work/key/key/key.core/../key.ui/examples/heap/WeideEtAl_01_AddAndMultiply/AddAndMultiply_add.key 
514        DEBUG main            d.u.i.k.p.i.AbstractProblemLoader Environment load took 2.23ms 
739        INFO  main            d.u.i.k.p.i.AbstractProblemLoader Creating init config 
1764       DEBUG main            d.u.i.k.j.TypeConverter   No LDT found for Meta 
1765       DEBUG main            d.u.i.k.j.TypeConverter   No LDT found for Meta 
1768       DEBUG main            d.u.i.k.j.TypeConverter   No LDT found for Meta 
1768       DEBUG main            d.u.i.k.j.TypeConverter   No LDT found for Meta 
3208       DEBUG main            d.u.i.k.j.TypeConverter   No LDT found for JavaBigintExpression 
8386       DEBUG main            d.u.i.k.p.i.AbstractProblemLoader Init config took 7.65s 
8507       INFO  main            d.u.i.k.p.i.AbstractProblemLoader Replaying proof AddAndMultiply[AddAndMultiply::add(int,int)].JML normal_behavior operation contract.0 
8540       DEBUG main            d.u.i.k.p.i.IntermediateProofReplayer Proof replay took 35.7ns 
10143      INFO  main            d.u.i.k.p.r.p.TestFile    ... finished proof: closed. 
10299      INFO  main            d.u.i.k.p.i.AbstractProblemLoader Loading environment from /home/runner/work/key/key/key.core/../key.ui/examples/heap/WeideEtAl_01_AddAndMultiply/AddAndMultiply_add.key.proof 
10306      DEBUG main            d.u.i.k.p.i.AbstractProblemLoader Environment load took 6.49ms 
10308      INFO  main            d.u.i.k.p.i.AbstractProblemLoader Creating init config 
13317      DEBUG main            d.u.i.k.p.i.AbstractProblemLoader Init config took 3.01s 
13378      INFO  main            d.u.i.k.p.i.AbstractProblemLoader Replaying proof AddAndMultiply[AddAndMultiply::add(int,int)].JML normal_behavior operation contract.0 
13609      DEBUG main            d.u.i.k.p.i.IntermediateProofReplayer Proof replay took 222.38ms 
13617      DEBUG main            d.u.i.k.p.r.p.TestFile    ... success: reloaded. 
13618      INFO  main            d.u.i.k.p.r.p.TestFile    Now processing file /home/runner/work/key/key/key.core/../key.ui/examples/heap/WeideEtAl_01_AddAndMultiply/AddAndMultiply_mul.key 
13619      INFO  main            d.u.i.k.p.i.AbstractProblemLoader Loading environment from /home/runner/work/key/key/key.core/../key.ui/examples/heap/WeideEtAl_01_AddAndMultiply/AddAndMultiply_mul.key 
13619      DEBUG main            d.u.i.k.p.i.AbstractProblemLoader Environment load took 354.01ns 
13621      INFO  main            d.u.i.k.p.i.AbstractProblemLoader Creating init config 
16531      DEBUG main            d.u.i.k.p.i.AbstractProblemLoader Init config took 2.91s 
16588      INFO  main            d.u.i.k.p.i.AbstractProblemLoader Replaying proof AddAndMultiply[AddAndMultiply::mul(int,int)].JML normal_behavior operation contract.0 
16590      DEBUG main            d.u.i.k.p.i.IntermediateProofReplayer Proof replay took 7.1ns 
17099      INFO  main            d.u.i.k.p.r.p.TestFile    ... finished proof: closed. 
17254      INFO  main            d.u.i.k.p.i.AbstractProblemLoader Loading environment from /home/runner/work/key/key/key.core/../key.ui/examples/heap/WeideEtAl_01_AddAndMultiply/AddAndMultiply_mul.key.proof 
17255      DEBUG main            d.u.i.k.p.i.AbstractProblemLoader Environment load took 1.22ms 
17257      INFO  main            d.u.i.k.p.i.AbstractProblemLoader Creating init config 
19968      DEBUG main            d.u.i.k.p.i.AbstractProblemLoader Init config took 2.71s 
20061      INFO  main            d.u.i.k.p.i.AbstractProblemLoader Replaying proof AddAndMultiply[AddAndMultiply::mul(int,int)].JML normal_behavior operation contract.0 
20210      DEBUG main            d.u.i.k.p.i.IntermediateProofReplayer Proof replay took 141.28ms 
20212      DEBUG main            d.u.i.k.p.r.p.TestFile    ... success: reloaded. 
20214      INFO  main            d.u.i.k.p.r.p.TestFile    Now processing file /home/runner/work/key/key/key.core/../key.ui/examples/heap/WeideEtAl_02_BinarySearch/BinarySearch_search.key 
20215      INFO  main            d.u.i.k.p.i.AbstractProblemLoader Loading environment from /home/runner/work/key/key/key.core/../key.ui/examples/heap/WeideEtAl_02_BinarySearch/BinarySearch_search.key 
20215      DEBUG main            d.u.i.k.p.i.AbstractProblemLoader Environment load took 259.31ns 
20217      INFO  main            d.u.i.k.p.i.AbstractProblemLoader Creating init config 
22977      DEBUG main            d.u.i.k.p.i.AbstractProblemLoader Init config took 2.76s 
23024      INFO  main            d.u.i.k.p.i.AbstractProblemLoader Replaying proof BinarySearch[BinarySearch::search([I,int)].JML normal_behavior operation contract.0 
23028      DEBUG main            d.u.i.k.p.i.IntermediateProofReplayer Proof replay took 6.6ns 
26183      INFO  main            d.u.i.k.p.r.p.TestFile    ... finished proof: closed. 
26373      INFO  main            d.u.i.k.p.i.AbstractProblemLoader Loading environment from /home/runner/work/key/key/key.core/../key.ui/examples/heap/WeideEtAl_02_BinarySearch/BinarySearch_search.key.proof 
26374      DEBUG main            d.u.i.k.p.i.AbstractProblemLoader Environment load took 839.82ns 
26378      INFO  main            d.u.i.k.p.i.AbstractProblemLoader Creating init config 
29048      DEBUG main            d.u.i.k.p.i.AbstractProblemLoader Init config took 2.67s 
29092      INFO  main            d.u.i.k.p.i.AbstractProblemLoader Replaying proof BinarySearch[BinarySearch::search([I,int)].JML normal_behavior operation contract.0 
29626      DEBUG main            d.u.i.k.p.i.IntermediateProofReplayer Proof replay took 517.92ms 
29629      DEBUG main            d.u.i.k.p.r.p.TestFile    ... success: reloaded. 
2423542    INFO  Test worker     d.u.i.k.p.r.RunAllProofsTestUnit Returning from test WeideEtAl 
2423543    INFO  Test worker     d.u.i.k.p.r.RunAllProofsTestUnit Running test arithmetic 
325        INFO  Timeout watchdog d.u.i.k.p.r.p.ForkedTestFileRunner Timeout watcher launched (2000 secs.) 
333        WARN  main            d.u.i.k.s.ProofSettings   The settings in /home/runner/.key/proof-settings.props are *not* read. 
382        INFO  main            d.u.i.k.p.r.p.TestFile    Now processing file /home/runner/work/key/key/key.core/../key.ui/examples/standard_key/arith/binomial1.key 
510        INFO  main            d.u.i.k.p.i.AbstractProblemLoader Loading environment from /home/runner/work/key/key/key.core/../key.ui/examples/standard_key/arith/binomial1.key 
527        DEBUG main            d.u.i.k.p.i.AbstractProblemLoader Environment load took 2.12ms 
788        INFO  main            d.u.i.k.p.i.AbstractProblemLoader Creating init config 
1766       DEBUG main            d.u.i.k.j.TypeConverter   No LDT found for Meta 
1766       DEBUG main            d.u.i.k.j.TypeConverter   No LDT found for Meta 
1768       DEBUG main            d.u.i.k.j.TypeConverter   No LDT found for Meta 
1768       DEBUG main            d.u.i.k.j.TypeConverter   No LDT found for Meta 
3156       DEBUG main            d.u.i.k.j.TypeConverter   No LDT found for JavaBigintExpression 
7964       DEBUG main            d.u.i.k.p.i.AbstractProblemLoader Init config took 7.18s 
8024       INFO  main            d.u.i.k.p.i.AbstractProblemLoader Replaying proof binomial1.key 
8058       DEBUG main            d.u.i.k.p.i.IntermediateProofReplayer Proof replay took 36.5ns 
8318       INFO  main            d.u.i.k.p.r.p.TestFile    ... finished proof: closed. 
8417       INFO  main            d.u.i.k.p.i.AbstractProblemLoader Loading environment from /home/runner/work/key/key/key.core/../key.ui/examples/standard_key/arith/binomial1.key.proof 
8417       DEBUG main            d.u.i.k.p.i.AbstractProblemLoader Environment load took 496.61ns 
8421       INFO  main            d.u.i.k.p.i.AbstractProblemLoader Creating init config 
11151      DEBUG main            d.u.i.k.p.i.AbstractProblemLoader Init config took 2.73s 
11196      INFO  main            d.u.i.k.p.i.AbstractProblemLoader Replaying proof binomial1.key.proof 
11218      DEBUG main            d.u.i.k.p.i.IntermediateProofReplayer Proof replay took 18.1ms 
11233      DEBUG main            d.u.i.k.p.r.p.TestFile    ... success: reloaded. 
11236      INFO  main            d.u.i.k.p.r.p.TestFile    Now processing file /home/runner/work/key/key/key.core/../key.ui/examples/standard_key/arith/binomial2.key 
11237      INFO  main            d.u.i.k.p.i.AbstractProblemLoader Loading environment from /home/runner/work/key/key/key.core/../key.ui/examples/standard_key/arith/binomial2.key 
11237      DEBUG main            d.u.i.k.p.i.AbstractProblemLoader Environment load took 163.3ns 
11240      INFO  main            d.u.i.k.p.i.AbstractProblemLoader Creating init config 
13834      DEBUG main            d.u.i.k.p.i.AbstractProblemLoader Init config took 2.59s 
13863      INFO  main            d.u.i.k.p.i.AbstractProblemLoader Replaying proof binomial2.key 
13869      DEBUG main            d.u.i.k.p.i.IntermediateProofReplayer Proof replay took 7.9ns 
13973      INFO  main            d.u.i.k.p.r.p.TestFile    ... finished proof: closed. 
14102      INFO  main            d.u.i.k.p.i.AbstractProblemLoader Loading environment from /home/runner/work/key/key/key.core/../key.ui/examples/standard_key/arith/binomial2.key.proof 
14103      DEBUG main            d.u.i.k.p.i.AbstractProblemLoader Environment load took 149.6ns 
14106      INFO  main            d.u.i.k.p.i.AbstractProblemLoader Creating init config 
16642      DEBUG main            d.u.i.k.p.i.AbstractProblemLoader Init config took 2.54s 
16667      INFO  main            d.u.i.k.p.i.AbstractProblemLoader Replaying proof binomial2.key.proof 
16678      DEBUG main            d.u.i.k.p.i.IntermediateProofReplayer Proof replay took 9.21ms 
16680      DEBUG main            d.u.i.k.p.r.p.TestFile    ... success: reloaded. 
16681      INFO  main            d.u.i.k.p.r.p.TestFile    Now processing file /home/runner/work/key/key/key.core/../key.ui/examples/standard_key/arith/check_jdiv.key 
16681      INFO  main            d.u.i.k.p.i.AbstractProblemLoader Loading environment from /home/runner/work/key/key/key.core/../key.ui/examples/standard_key/arith/check_jdiv.key 
16682      DEBUG main            d.u.i.k.p.i.AbstractProblemLoader Environment load took 230.1ns 
16683      INFO  main            d.u.i.k.p.i.AbstractProblemLoader Creating init config 
19232      DEBUG main            d.u.i.k.p.i.AbstractProblemLoader Init config took 2.55s 
19261      INFO  main            d.u.i.k.p.i.AbstractProblemLoader Replaying proof check_jdiv.key 
19267      DEBUG main            d.u.i.k.p.i.IntermediateProofReplayer Proof replay took 7.7ns 
24729      INFO  main            d.u.i.k.p.r.p.TestFile    ... finished proof: closed. 
24926      INFO  main            d.u.i.k.p.i.AbstractProblemLoader Loading environment from /home/runner/work/key/key/key.core/../key.ui/examples/standard_key/arith/check_jdiv.key.proof 
24927      DEBUG main            d.u.i.k.p.i.AbstractProblemLoader Environment load took 465.21ns 
24930      INFO  main            d.u.i.k.p.i.AbstractProblemLoader Creating init config 
27446      DEBUG main            d.u.i.k.p.i.AbstractProblemLoader Init config took 2.52s 
27468      INFO  main            d.u.i.k.p.i.AbstractProblemLoader Replaying proof check_jdiv.key.proof 
27850      DEBUG main            d.u.i.k.p.i.IntermediateProofReplayer Proof replay took 345.74ms 
27852      DEBUG main            d.u.i.k.p.r.p.TestFile    ... success: reloaded. 
27854      INFO  main            d.u.i.k.p.r.p.TestFile    Now processing file /home/runner/work/key/key/key.core/../key.ui/examples/standard_key/arith/check_jdiv_concrete.key 
27854      INFO  main            d.u.i.k.p.i.AbstractProblemLoader Loading environment from /home/runner/work/key/key/key.core/../key.ui/examples/standard_key/arith/check_jdiv_concrete.key 
27854      DEBUG main            d.u.i.k.p.i.AbstractProblemLoader Environment load took 267.4ns 
27856      INFO  main            d.u.i.k.p.i.AbstractProblemLoader Creating init config 
30344      DEBUG main            d.u.i.k.p.i.AbstractProblemLoader Init config took 2.49s 
30368      INFO  main            d.u.i.k.p.i.AbstractProblemLoader Replaying proof check_jdiv_concrete.key 
30372      DEBUG main            d.u.i.k.p.i.IntermediateProofReplayer Proof replay took 16.7ns 
30475      INFO  main            d.u.i.k.p.r.p.TestFile    ... finished proof: closed. 
30677      INFO  main            d.u.i.k.p.i.AbstractProblemLoader Loading environment from /home/runner/work/key/key/key.core/../key.ui/examples/standard_key/arith/check_jdiv_concrete.key.proof 
30677      DEBUG main            d.u.i.k.p.i.AbstractProblemLoader Environment load took 129.4ns 
30678      INFO  main            d.u.i.k.p.i.AbstractProblemLoader Creating init config 
33102      DEBUG main            d.u.i.k.p.i.AbstractProblemLoader Init config took 2.42s 
33122      INFO  main            d.u.i.k.p.i.AbstractProblemLoader Replaying proof check_jdiv_concrete.key.proof 
33127      DEBUG main            d.u.i.k.p.i.IntermediateProofReplayer Proof replay took 3.2ms 
33129      DEBUG main            d.u.i.k.p.r.p.TestFile    ... success: reloaded. 
33130      INFO  main            d.u.i.k.p.r.p.TestFile    Now processing file /home/runner/work/key/key/key.core/../key.ui/examples/standard_key/arith/check_jdiv_instantiated.key 
33130      INFO  main            d.u.i.k.p.i.AbstractProblemLoader Loading environment from /home/runner/work/key/key/key.core/../key.ui/examples/standard_key/arith/check_jdiv_instantiated.key 
33130      DEBUG main            d.u.i.k.p.i.AbstractProblemLoader Environment load took 219.3ns 
33132      INFO  main            d.u.i.k.p.i.AbstractProblemLoader Creating init config 
35563      DEBUG main            d.u.i.k.p.i.AbstractProblemLoader Init config took 2.43s 
35585      INFO  main            d.u.i.k.p.i.AbstractProblemLoader Replaying proof check_jdiv_instantiated.key 
35587      DEBUG main            d.u.i.k.p.i.IntermediateProofReplayer Proof replay took 6.8ns 
38924      INFO  main            d.u.i.k.p.r.p.TestFile    ... finished proof: closed. 
39120      INFO  main            d.u.i.k.p.i.AbstractProblemLoader Loading environment from /home/runner/work/key/key/key.core/../key.ui/examples/standard_key/arith/check_jdiv_instantiated.key.proof 
39121      DEBUG main            d.u.i.k.p.i.AbstractProblemLoader Environment load took 668.11ns 
39124      INFO  main            d.u.i.k.p.i.AbstractProblemLoader Creating init config 
41574      DEBUG main            d.u.i.k.p.i.AbstractProblemLoader Init config took 2.45s 
41597      INFO  main            d.u.i.k.p.i.AbstractProblemLoader Replaying proof check_jdiv_instantiated.key.proof 
41834      DEBUG main            d.u.i.k.p.i.IntermediateProofReplayer Proof replay took 211.59ms 
41836      DEBUG main            d.u.i.k.p.r.p.TestFile    ... success: reloaded. 
41838      INFO  main            d.u.i.k.p.r.p.TestFile    Now processing file /home/runner/work/key/key/key.core/../key.ui/examples/standard_key/arith/check_jmod.key 
41838      INFO  main            d.u.i.k.p.i.AbstractProblemLoader Loading environment from /home/runner/work/key/key/key.core/../key.ui/examples/standard_key/arith/check_jmod.key 
41838      DEBUG main            d.u.i.k.p.i.AbstractProblemLoader Environment load took 258ns 
41840      INFO  main            d.u.i.k.p.i.AbstractProblemLoader Creating init config 
44266      DEBUG main            d.u.i.k.p.i.AbstractProblemLoader Init config took 2.43s 
44284      INFO  main            d.u.i.k.p.i.AbstractProblemLoader Replaying proof check_jmod.key 
44286      DEBUG main            d.u.i.k.p.i.IntermediateProofReplayer Proof replay took 6.1ns 
44894      INFO  main            d.u.i.k.p.r.p.TestFile    ... finished proof: closed. 
45116      INFO  main            d.u.i.k.p.i.AbstractProblemLoader Loading environment from /home/runner/work/key/key/key.core/../key.ui/examples/standard_key/arith/check_jmod.key.proof 
45117      DEBUG main            d.u.i.k.p.i.AbstractProblemLoader Environment load took 608.09ns 
45119      INFO  main            d.u.i.k.p.i.AbstractProblemLoader Creating init config 
47501      DEBUG main            d.u.i.k.p.i.AbstractProblemLoader Init config took 2.38s 
47520      INFO  main            d.u.i.k.p.i.AbstractProblemLoader Replaying proof check_jmod.key.proof 
47565      DEBUG main            d.u.i.k.p.i.IntermediateProofReplayer Proof replay took 39.53ms 
47570      DEBUG main            d.u.i.k.p.r.p.TestFile    ... success: reloaded. 
47572      INFO  main            d.u.i.k.p.r.p.TestFile    Now processing file /home/runner/work/key/key/key.core/../key.ui/examples/standard_key/arith/complexExpressions.key 
47573      INFO  main            d.u.i.k.p.i.AbstractProblemLoader Loading environment from /home/runner/work/key/key/key.core/../key.ui/examples/standard_key/arith/complexExpressions.key 
47573      DEBUG main            d.u.i.k.p.i.AbstractProblemLoader Environment load took 222.3ns 
47574      INFO  main            d.u.i.k.p.i.AbstractProblemLoader Creating init config 
49994      DEBUG main            d.u.i.k.p.i.AbstractProblemLoader Init config took 2.42s 
50016      INFO  main            d.u.i.k.p.i.AbstractProblemLoader Replaying proof complexExpressions.key 
50018      DEBUG main            d.u.i.k.p.i.IntermediateProofReplayer Proof replay took 6.4ns 
50225      INFO  main            d.u.i.k.p.r.p.TestFile    ... finished proof: closed. 
50400      INFO  main            d.u.i.k.p.i.AbstractProblemLoader Loading environment from /home/runner/work/key/key/key.core/../key.ui/examples/standard_key/arith/complexExpressions.key.proof 
50400      DEBUG main            d.u.i.k.p.i.AbstractProblemLoader Environment load took 125.4ns 
50402      INFO  main            d.u.i.k.p.i.AbstractProblemLoader Creating init config 
52807      DEBUG main            d.u.i.k.p.i.AbstractProblemLoader Init config took 2.4s 
52828      INFO  main            d.u.i.k.p.i.AbstractProblemLoader Replaying proof complexExpressions.key.proof 
52839      DEBUG main            d.u.i.k.p.i.IntermediateProofReplayer Proof replay took 8.86ms 
52840      DEBUG main            d.u.i.k.p.r.p.TestFile    ... success: reloaded. 
52840      INFO  main            d.u.i.k.p.r.p.TestFile    Now processing file /home/runner/work/key/key/key.core/../key.ui/examples/standard_key/arith/compound_unaryMinus.key 
52841      INFO  main            d.u.i.k.p.i.AbstractProblemLoader Loading environment from /home/runner/work/key/key/key.core/../key.ui/examples/standard_key/arith/compound_unaryMinus.key 
52841      DEBUG main            d.u.i.k.p.i.AbstractProblemLoader Environment load took 104.1ns 
52842      INFO  main            d.u.i.k.p.i.AbstractProblemLoader Creating init config 
55240      DEBUG main            d.u.i.k.p.i.AbstractProblemLoader Init config took 2.4s 
55258      INFO  main            d.u.i.k.p.i.AbstractProblemLoader Replaying proof compound_unaryMinus.key 
55259      DEBUG main            d.u.i.k.p.i.IntermediateProofReplayer Proof replay took 6.1ns 
55365      INFO  main            d.u.i.k.p.r.p.TestFile    ... finished proof: closed. 
55533      INFO  main            d.u.i.k.p.i.AbstractProblemLoader Loading environment from /home/runner/work/key/key/key.core/../key.ui/examples/standard_key/arith/compound_unaryMinus.key.proof 
55533      DEBUG main            d.u.i.k.p.i.AbstractProblemLoader Environment load took 125.9ns 
55534      INFO  main            d.u.i.k.p.i.AbstractProblemLoader Creating init config 
57901      DEBUG main            d.u.i.k.p.i.AbstractProblemLoader Init config took 2.37s 
57921      INFO  main            d.u.i.k.p.i.AbstractProblemLoader Replaying proof compound_unaryMinus.key.proof 
57929      DEBUG main            d.u.i.k.p.i.IntermediateProofReplayer Proof replay took 6.23ms 
57933      DEBUG main            d.u.i.k.p.r.p.TestFile    ... success: reloaded. 
57934      INFO  main            d.u.i.k.p.r.p.TestFile    Now processing file /home/runner/work/key/key/key.core/../key.ui/examples/standard_key/arith/computation.key 
57935      INFO  main            d.u.i.k.p.i.AbstractProblemLoader Loading environment from /home/runner/work/key/key/key.core/../key.ui/examples/standard_key/arith/computation.key 
57936      DEBUG main            d.u.i.k.p.i.AbstractProblemLoader Environment load took 634.41ns 
57938      INFO  main            d.u.i.k.p.i.AbstractProblemLoader Creating init config 
60355      DEBUG main            d.u.i.k.p.i.AbstractProblemLoader Init config took 2.42s 
60373      INFO  main            d.u.i.k.p.i.AbstractProblemLoader Replaying proof computation.key 
60376      DEBUG main            d.u.i.k.p.i.IntermediateProofReplayer Proof replay took 6.7ns 
61824      INFO  main            d.u.i.k.p.r.p.TestFile    ... finished proof: closed. 
62041      INFO  main            d.u.i.k.p.i.AbstractProblemLoader Loading environment from /home/runner/work/key/key/key.core/../key.ui/examples/standard_key/arith/computation.key.proof 
62042      DEBUG main            d.u.i.k.p.i.AbstractProblemLoader Environment load took 143.3ns 
62043      INFO  main            d.u.i.k.p.i.AbstractProblemLoader Creating init config 
64375      DEBUG main            d.u.i.k.p.i.AbstractProblemLoader Init config took 2.33s 
64393      INFO  main            d.u.i.k.p.i.AbstractProblemLoader Replaying proof computation.key.proof 
64536      DEBUG main            d.u.i.k.p.i.IntermediateProofReplayer Proof replay took 138.13ms 
64538      DEBUG main            d.u.i.k.p.r.p.TestFile    ... success: reloaded. 
64539      INFO  main            d.u.i.k.p.r.p.TestFile    Now processing file /home/runner/work/key/key/key.core/../key.ui/examples/standard_key/arith/cubicSum.key 
64539      INFO  main            d.u.i.k.p.i.AbstractProblemLoader Loading environment from /home/runner/work/key/key/key.core/../key.ui/examples/standard_key/arith/cubicSum.key 
64540      DEBUG main            d.u.i.k.p.i.AbstractProblemLoader Environment load took 245ns 
64541      INFO  main            d.u.i.k.p.i.AbstractProblemLoader Creating init config 
67144      DEBUG main            d.u.i.k.p.i.AbstractProblemLoader Init config took 2.6s 
67162      INFO  main            d.u.i.k.p.i.AbstractProblemLoader Replaying proof cubicSum.key 
67164      DEBUG main            d.u.i.k.p.i.IntermediateProofReplayer Proof replay took 7.7ns 
68171      INFO  main            d.u.i.k.p.r.p.TestFile    ... finished proof: closed. 
68444      INFO  main            d.u.i.k.p.i.AbstractProblemLoader Loading environment from /home/runner/work/key/key/key.core/../key.ui/examples/standard_key/arith/cubicSum.key.proof 
68444      DEBUG main            d.u.i.k.p.i.AbstractProblemLoader Environment load took 448.81ns 
68446      INFO  main            d.u.i.k.p.i.AbstractProblemLoader Creating init config 
70911      DEBUG main            d.u.i.k.p.i.AbstractProblemLoader Init config took 2.47s 
70928      INFO  main            d.u.i.k.p.i.AbstractProblemLoader Replaying proof cubicSum.key.proof 
71090      DEBUG main            d.u.i.k.p.i.IntermediateProofReplayer Proof replay took 157.87ms 
71091      DEBUG main            d.u.i.k.p.r.p.TestFile    ... success: reloaded. 
71093      INFO  main            d.u.i.k.p.r.p.TestFile    Now processing file /home/runner/work/key/key/key.core/../key.ui/examples/standard_key/arith/divByZero.key 
71093      INFO  main            d.u.i.k.p.i.AbstractProblemLoader Loading environment from /home/runner/work/key/key/key.core/../key.ui/examples/standard_key/arith/divByZero.key 
71093      DEBUG main            d.u.i.k.p.i.AbstractProblemLoader Environment load took 225.9ns 
71094      INFO  main            d.u.i.k.p.i.AbstractProblemLoader Creating init config 
73542      DEBUG main            d.u.i.k.p.i.AbstractProblemLoader Init config took 2.45s 
73558      INFO  main            d.u.i.k.p.i.AbstractProblemLoader Replaying proof divByZero.key 
73560      DEBUG main            d.u.i.k.p.i.IntermediateProofReplayer Proof replay took 6.4ns 
73764      INFO  main            d.u.i.k.p.r.p.TestFile    ... finished proof: closed. 
73950      INFO  main            d.u.i.k.p.i.AbstractProblemLoader Loading environment from /home/runner/work/key/key/key.core/../key.ui/examples/standard_key/arith/divByZero.key.proof 
73950      DEBUG main            d.u.i.k.p.i.AbstractProblemLoader Environment load took 128.6ns 
73952      INFO  main            d.u.i.k.p.i.AbstractProblemLoader Creating init config 
76351      DEBUG main            d.u.i.k.p.i.AbstractProblemLoader Init config took 2.4s 
76368      INFO  main            d.u.i.k.p.i.AbstractProblemLoader Replaying proof divByZero.key.proof 
76418      DEBUG main            d.u.i.k.p.i.IntermediateProofReplayer Proof replay took 44.08ms 
76420      DEBUG main            d.u.i.k.p.r.p.TestFile    ... success: reloaded. 
76421      INFO  main            d.u.i.k.p.r.p.TestFile    Now processing file /home/runner/work/key/key/key.core/../key.ui/examples/standard_key/arith/divisionAssoc.key 
76421      INFO  main            d.u.i.k.p.i.AbstractProblemLoader Loading environment from /home/runner/work/key/key/key.core/../key.ui/examples/standard_key/arith/divisionAssoc.key 
76421      DEBUG main            d.u.i.k.p.i.AbstractProblemLoader Environment load took 226ns 
76423      INFO  main            d.u.i.k.p.i.AbstractProblemLoader Creating init config 
78891      DEBUG main            d.u.i.k.p.i.AbstractProblemLoader Init config took 2.47s 
78906      INFO  main            d.u.i.k.p.i.AbstractProblemLoader Replaying proof divisionAssoc.key 
78908      DEBUG main            d.u.i.k.p.i.IntermediateProofReplayer Proof replay took 6.6ns 
79612      INFO  main            d.u.i.k.p.r.p.TestFile    ... finished proof: closed. 
79817      INFO  main            d.u.i.k.p.i.AbstractProblemLoader Loading environment from /home/runner/work/key/key/key.core/../key.ui/examples/standard_key/arith/divisionAssoc.key.proof 
79817      DEBUG main            d.u.i.k.p.i.AbstractProblemLoader Environment load took 136.6ns 
79818      INFO  main            d.u.i.k.p.i.AbstractProblemLoader Creating init config 
82234      DEBUG main            d.u.i.k.p.i.AbstractProblemLoader Init config took 2.42s 
82249      INFO  main            d.u.i.k.p.i.AbstractProblemLoader Replaying proof divisionAssoc.key.proof 
82295      DEBUG main            d.u.i.k.p.i.IntermediateProofReplayer Proof replay took 41.74ms 
82297      DEBUG main            d.u.i.k.p.r.p.TestFile    ... success: reloaded. 
82298      INFO  main            d.u.i.k.p.r.p.TestFile    Now processing file /home/runner/work/key/key/key.core/../key.ui/examples/standard_key/arith/divisionBy2.key 
82298      INFO  main            d.u.i.k.p.i.AbstractProblemLoader Loading environment from /home/runner/work/key/key/key.core/../key.ui/examples/standard_key/arith/divisionBy2.key 
82299      DEBUG main            d.u.i.k.p.i.AbstractProblemLoader Environment load took 247.1ns 
82300      INFO  main            d.u.i.k.p.i.AbstractProblemLoader Creating init config 
84652      DEBUG main            d.u.i.k.p.i.AbstractProblemLoader Init config took 2.35s 
84666      INFO  main            d.u.i.k.p.i.AbstractProblemLoader Replaying proof divisionBy2.key 
84667      DEBUG main            d.u.i.k.p.i.IntermediateProofReplayer Proof replay took 6.5ns 
84772      INFO  main            d.u.i.k.p.r.p.TestFile    ... finished proof: closed. 
84989      INFO  main            d.u.i.k.p.i.AbstractProblemLoader Loading environment from /home/runner/work/key/key/key.core/../key.ui/examples/standard_key/arith/divisionBy2.key.proof 
84989      DEBUG main            d.u.i.k.p.i.AbstractProblemLoader Environment load took 121.7ns 
84990      INFO  main            d.u.i.k.p.i.AbstractProblemLoader Creating init config 
87323      DEBUG main            d.u.i.k.p.i.AbstractProblemLoader Init config took 2.33s 
87337      INFO  main            d.u.i.k.p.i.AbstractProblemLoader Replaying proof divisionBy2.key.proof 
87344      DEBUG main            d.u.i.k.p.i.IntermediateProofReplayer Proof replay took 5.09ms 
87344      DEBUG main            d.u.i.k.p.r.p.TestFile    ... success: reloaded. 
87345      INFO  main            d.u.i.k.p.r.p.TestFile    Now processing file /home/runner/work/key/key/key.core/../key.ui/examples/standard_key/arith/euclidean/gcdHelp-post.key 
87345      INFO  main            d.u.i.k.p.i.AbstractProblemLoader Loading environment from /home/runner/work/key/key/key.core/../key.ui/examples/standard_key/arith/euclidean/gcdHelp-post.key 
87345      DEBUG main            d.u.i.k.p.i.AbstractProblemLoader Environment load took 100.8ns 
87347      INFO  main            d.u.i.k.p.i.AbstractProblemLoader Creating init config 
89951      DEBUG main            d.u.i.k.p.i.AbstractProblemLoader Init config took 2.6s 
89967      INFO  main            d.u.i.k.p.i.AbstractProblemLoader Replaying proof gcdHelp-post.key 
89970      DEBUG main            d.u.i.k.p.i.IntermediateProofReplayer Proof replay took 6.4ns 
93295      INFO  main            d.u.i.k.p.r.p.TestFile    ... finished proof: closed. 
93619      INFO  main            d.u.i.k.p.i.AbstractProblemLoader Loading environment from /home/runner/work/key/key/key.core/../key.ui/examples/standard_key/arith/euclidean/gcdHelp-post.key.proof 
93620      DEBUG main            d.u.i.k.p.i.AbstractProblemLoader Environment load took 454.71ns 
93622      INFO  main            d.u.i.k.p.i.AbstractProblemLoader Creating init config 
96032      DEBUG main            d.u.i.k.p.i.AbstractProblemLoader Init config took 2.41s 
96048      INFO  main            d.u.i.k.p.i.AbstractProblemLoader Replaying proof gcdHelp-post.key.proof 
96270      DEBUG main            d.u.i.k.p.i.IntermediateProofReplayer Proof replay took 201.04ms 
96272      DEBUG main            d.u.i.k.p.r.p.TestFile    ... success: reloaded. 
96273      INFO  main            d.u.i.k.p.r.p.TestFile    Now processing file /home/runner/work/key/key/key.core/../key.ui/examples/standard_key/arith/gemplusDecimal/add.key 
96273      INFO  main            d.u.i.k.p.i.AbstractProblemLoader Loading environment from /home/runner/work/key/key/key.core/../key.ui/examples/standard_key/arith/gemplusDecimal/add.key 
96273      DEBUG main            d.u.i.k.p.i.AbstractProblemLoader Environment load took 220.2ns 
96276      INFO  main            d.u.i.k.p.i.AbstractProblemLoader Creating init config 
98814      DEBUG main            d.u.i.k.p.i.AbstractProblemLoader Init config took 2.54s 
98831      INFO  main            d.u.i.k.p.i.AbstractProblemLoader Replaying proof add.key 
98833      DEBUG main            d.u.i.k.p.i.IntermediateProofReplayer Proof replay took 6ns 
141977     INFO  main            d.u.i.k.p.r.p.TestFile    ... finished proof: closed. 
142366     INFO  main            d.u.i.k.p.i.AbstractProblemLoader Loading environment from /home/runner/work/key/key/key.core/../key.ui/examples/standard_key/arith/gemplusDecimal/add.key.proof 
142366     DEBUG main            d.u.i.k.p.i.AbstractProblemLoader Environment load took 223.9ns 
142377     INFO  main            d.u.i.k.p.i.AbstractProblemLoader Creating init config 
144798     DEBUG main            d.u.i.k.p.i.AbstractProblemLoader Init config took 2.42s 
144815     INFO  main            d.u.i.k.p.i.AbstractProblemLoader Replaying proof add.key.proof 
148676     DEBUG main            d.u.i.k.p.i.IntermediateProofReplayer Proof replay took 3.74s 
148685     DEBUG main            d.u.i.k.p.r.p.TestFile    ... success: reloaded. 
148687     INFO  main            d.u.i.k.p.r.p.TestFile    Now processing file /home/runner/work/key/key/key.core/../key.ui/examples/standard_key/arith/jdivevenodd.key 
148687     INFO  main            d.u.i.k.p.i.AbstractProblemLoader Loading environment from /home/runner/work/key/key/key.core/../key.ui/examples/standard_key/arith/jdivevenodd.key 
148687     DEBUG main            d.u.i.k.p.i.AbstractProblemLoader Environment load took 163.3ns 
148688     INFO  main            d.u.i.k.p.i.AbstractProblemLoader Creating init config 
151147     DEBUG main            d.u.i.k.p.i.AbstractProblemLoader Init config took 2.46s 
151162     INFO  main            d.u.i.k.p.i.AbstractProblemLoader Replaying proof jdivevenodd.key 
151163     DEBUG main            d.u.i.k.p.i.IntermediateProofReplayer Proof replay took 5.5ns 
151367     INFO  main            d.u.i.k.p.r.p.TestFile    ... finished proof: closed. 
151729     INFO  main            d.u.i.k.p.i.AbstractProblemLoader Loading environment from /home/runner/work/key/key/key.core/../key.ui/examples/standard_key/arith/jdivevenodd.key.proof 
151729     DEBUG main            d.u.i.k.p.i.AbstractProblemLoader Environment load took 133.6ns 
151731     INFO  main            d.u.i.k.p.i.AbstractProblemLoader Creating init config 
154043     DEBUG main            d.u.i.k.p.i.AbstractProblemLoader Init config took 2.31s 
154058     INFO  main            d.u.i.k.p.i.AbstractProblemLoader Replaying proof jdivevenodd.key.proof 
154082     DEBUG main            d.u.i.k.p.i.IntermediateProofReplayer Proof replay took 16.39ms 
154084     DEBUG main            d.u.i.k.p.r.p.TestFile    ... success: reloaded. 
154086     INFO  main            d.u.i.k.p.r.p.TestFile    Now processing file /home/runner/work/key/key/key.core/../key.ui/examples/standard_key/arith/median.key 
154086     INFO  main            d.u.i.k.p.i.AbstractProblemLoader Loading environment from /home/runner/work/key/key/key.core/../key.ui/examples/standard_key/arith/median.key 
154087     DEBUG main            d.u.i.k.p.i.AbstractProblemLoader Environment load took 227ns 
154088     INFO  main            d.u.i.k.p.i.AbstractProblemLoader Creating init config 
156454     DEBUG main            d.u.i.k.p.i.AbstractProblemLoader Init config took 2.37s 
156470     INFO  main            d.u.i.k.p.i.AbstractProblemLoader Replaying proof median.key 
156472     DEBUG main            d.u.i.k.p.i.IntermediateProofReplayer Proof replay took 6.9ns 
172350     INFO  main            d.u.i.k.p.r.p.TestFile    ... finished proof: closed. 
172681     INFO  main            d.u.i.k.p.i.AbstractProblemLoader Loading environment from /home/runner/work/key/key/key.core/../key.ui/examples/standard_key/arith/median.key.proof 
172685     DEBUG main            d.u.i.k.p.i.AbstractProblemLoader Environment load took 4.78ms 
172689     INFO  main            d.u.i.k.p.i.AbstractProblemLoader Creating init config 
175027     DEBUG main            d.u.i.k.p.i.AbstractProblemLoader Init config took 2.34s 
175042     INFO  main            d.u.i.k.p.i.AbstractProblemLoader Replaying proof median.key.proof 
176255     DEBUG main            d.u.i.k.p.i.IntermediateProofReplayer Proof replay took 1.16s 
176259     DEBUG main            d.u.i.k.p.r.p.TestFile    ... success: reloaded. 
176260     INFO  main            d.u.i.k.p.r.p.TestFile    Now processing file /home/runner/work/key/key/key.core/../key.ui/examples/standard_key/arith/mod1.key 
176260     INFO  main            d.u.i.k.p.i.AbstractProblemLoader Loading environment from /home/runner/work/key/key/key.core/../key.ui/examples/standard_key/arith/mod1.key 
176260     DEBUG main            d.u.i.k.p.i.AbstractProblemLoader Environment load took 107.3ns 
176261     INFO  main            d.u.i.k.p.i.AbstractProblemLoader Creating init config 
178712     DEBUG main            d.u.i.k.p.i.AbstractProblemLoader Init config took 2.45s 
178726     INFO  main            d.u.i.k.p.i.AbstractProblemLoader Replaying proof mod1.key 
178727     DEBUG main            d.u.i.k.p.i.IntermediateProofReplayer Proof replay took 6ns 
178829     INFO  main            d.u.i.k.p.r.p.TestFile    ... finished proof: closed. 
179144     INFO  main            d.u.i.k.p.i.AbstractProblemLoader Loading environment from /home/runner/work/key/key/key.core/../key.ui/examples/standard_key/arith/mod1.key.proof 
179144     DEBUG main            d.u.i.k.p.i.AbstractProblemLoader Environment load took 110.8ns 
179145     INFO  main            d.u.i.k.p.i.AbstractProblemLoader Creating init config 
181443     DEBUG main            d.u.i.k.p.i.AbstractProblemLoader Init config took 2.3s 
181459     INFO  main            d.u.i.k.p.i.AbstractProblemLoader Replaying proof mod1.key.proof 
181463     DEBUG main            d.u.i.k.p.i.IntermediateProofReplayer Proof replay took 2.19ms 
181464     DEBUG main            d.u.i.k.p.r.p.TestFile    ... success: reloaded. 
181464     INFO  main            d.u.i.k.p.r.p.TestFile    Now processing file /home/runner/work/key/key/key.core/../key.ui/examples/standard_key/arith/mod2.key 
181465     INFO  main            d.u.i.k.p.i.AbstractProblemLoader Loading environment from /home/runner/work/key/key/key.core/../key.ui/examples/standard_key/arith/mod2.key 
181465     DEBUG main            d.u.i.k.p.i.AbstractProblemLoader Environment load took 59.6ns 
181466     INFO  main            d.u.i.k.p.i.AbstractProblemLoader Creating init config 
183827     DEBUG main            d.u.i.k.p.i.AbstractProblemLoader Init config took 2.36s 
183841     INFO  main            d.u.i.k.p.i.AbstractProblemLoader Replaying proof mod2.key 
183842     DEBUG main            d.u.i.k.p.i.IntermediateProofReplayer Proof replay took 6.1ns 
183946     INFO  main            d.u.i.k.p.r.p.TestFile    ... finished proof: closed. 
184179     INFO  main            d.u.i.k.p.i.AbstractProblemLoader Loading environment from /home/runner/work/key/key/key.core/../key.ui/examples/standard_key/arith/mod2.key.proof 
184179     DEBUG main            d.u.i.k.p.i.AbstractProblemLoader Environment load took 113ns 
184180     INFO  main            d.u.i.k.p.i.AbstractProblemLoader Creating init config 
186488     DEBUG main            d.u.i.k.p.i.AbstractProblemLoader Init config took 2.31s 
186501     INFO  main            d.u.i.k.p.i.AbstractProblemLoader Replaying proof mod2.key.proof 
186504     DEBUG main            d.u.i.k.p.i.IntermediateProofReplayer Proof replay took 1.51ms 
186505     DEBUG main            d.u.i.k.p.r.p.TestFile    ... success: reloaded. 
186506     INFO  main            d.u.i.k.p.r.p.TestFile    Now processing file /home/runner/work/key/key/key.core/../key.ui/examples/standard_key/arith/mod7.key 
186506     INFO  main            d.u.i.k.p.i.AbstractProblemLoader Loading environment from /home/runner/work/key/key/key.core/../key.ui/examples/standard_key/arith/mod7.key 
186506     DEBUG main            d.u.i.k.p.i.AbstractProblemLoader Environment load took 76.5ns 
186507     INFO  main            d.u.i.k.p.i.AbstractProblemLoader Creating init config 
188886     DEBUG main            d.u.i.k.p.i.AbstractProblemLoader Init config took 2.38s 
188900     INFO  main            d.u.i.k.p.i.AbstractProblemLoader Replaying proof mod7.key 
188901     DEBUG main            d.u.i.k.p.i.IntermediateProofReplayer Proof replay took 6.3ns 
189004     INFO  main            d.u.i.k.p.r.p.TestFile    ... finished proof: closed. 
189241     INFO  main            d.u.i.k.p.i.AbstractProblemLoader Loading environment from /home/runner/work/key/key/key.core/../key.ui/examples/standard_key/arith/mod7.key.proof 
189241     DEBUG main            d.u.i.k.p.i.AbstractProblemLoader Environment load took 113.8ns 
189242     INFO  main            d.u.i.k.p.i.AbstractProblemLoader Creating init config 
191554     DEBUG main            d.u.i.k.p.i.AbstractProblemLoader Init config took 2.31s 
191568     INFO  main            d.u.i.k.p.i.AbstractProblemLoader Replaying proof mod7.key.proof 
191576     DEBUG main            d.u.i.k.p.i.IntermediateProofReplayer Proof replay took 5.28ms 
191577     DEBUG main            d.u.i.k.p.r.p.TestFile    ... success: reloaded. 
191578     INFO  main            d.u.i.k.p.r.p.TestFile    Now processing file /home/runner/work/key/key/key.core/../key.ui/examples/standard_key/arith/overflow_hija.key 
191578     INFO  main            d.u.i.k.p.i.AbstractProblemLoader Loading environment from /home/runner/work/key/key/key.core/../key.ui/examples/standard_key/arith/overflow_hija.key 
191578     DEBUG main            d.u.i.k.p.i.AbstractProblemLoader Environment load took 201.4ns 
191580     INFO  main            d.u.i.k.p.i.AbstractProblemLoader Creating init config 
193952     DEBUG main            d.u.i.k.p.i.AbstractProblemLoader Init config took 2.37s 
193969     INFO  main            d.u.i.k.p.i.AbstractProblemLoader Replaying proof overflow_hija.key 
193970     DEBUG main            d.u.i.k.p.i.IntermediateProofReplayer Proof replay took 6.8ns 
198599     INFO  main            d.u.i.k.p.r.p.TestFile    ... finished proof: closed. 
198891     INFO  main            d.u.i.k.p.i.AbstractProblemLoader Loading environment from /home/runner/work/key/key/key.core/../key.ui/examples/standard_key/arith/overflow_hija.key.proof 
198891     DEBUG main            d.u.i.k.p.i.AbstractProblemLoader Environment load took 108.3ns 
198893     INFO  main            d.u.i.k.p.i.AbstractProblemLoader Creating init config 
201215     DEBUG main            d.u.i.k.p.i.AbstractProblemLoader Init config took 2.32s 
201233     INFO  main            d.u.i.k.p.i.AbstractProblemLoader Replaying proof overflow_hija.key.proof 
201593     DEBUG main            d.u.i.k.p.i.IntermediateProofReplayer Proof replay took 350.25ms 
201596     DEBUG main            d.u.i.k.p.r.p.TestFile    ... success: reloaded. 
201597     INFO  main            d.u.i.k.p.r.p.TestFile    Now processing file /home/runner/work/key/key/key.core/../key.ui/examples/standard_key/arith/poly_division0.key 
201597     INFO  main            d.u.i.k.p.i.AbstractProblemLoader Loading environment from /home/runner/work/key/key/key.core/../key.ui/examples/standard_key/arith/poly_division0.key 
201597     DEBUG main            d.u.i.k.p.i.AbstractProblemLoader Environment load took 213.9ns 
201599     INFO  main            d.u.i.k.p.i.AbstractProblemLoader Creating init config 
203973     DEBUG main            d.u.i.k.p.i.AbstractProblemLoader Init config took 2.37s 
203986     INFO  main            d.u.i.k.p.i.AbstractProblemLoader Replaying proof poly_division0.key 
203987     DEBUG main            d.u.i.k.p.i.IntermediateProofReplayer Proof replay took 6.7ns 
204096     INFO  main            d.u.i.k.p.r.p.TestFile    ... finished proof: closed. 
204402     INFO  main            d.u.i.k.p.i.AbstractProblemLoader Loading environment from /home/runner/work/key/key/key.core/../key.ui/examples/standard_key/arith/poly_division0.key.proof 
204402     DEBUG main            d.u.i.k.p.i.AbstractProblemLoader Environment load took 117.2ns 
204404     INFO  main            d.u.i.k.p.i.AbstractProblemLoader Creating init config 
206695     DEBUG main            d.u.i.k.p.i.AbstractProblemLoader Init config took 2.29s 
206709     INFO  main            d.u.i.k.p.i.AbstractProblemLoader Replaying proof poly_division0.key.proof 
206718     DEBUG main            d.u.i.k.p.i.IntermediateProofReplayer Proof replay took 7.83ms 
206719     DEBUG main            d.u.i.k.p.r.p.TestFile    ... success: reloaded. 
206720     INFO  main            d.u.i.k.p.r.p.TestFile    Now processing file /home/runner/work/key/key/key.core/../key.ui/examples/standard_key/arith/poly_division1.key 
206720     INFO  main            d.u.i.k.p.i.AbstractProblemLoader Loading environment from /home/runner/work/key/key/key.core/../key.ui/examples/standard_key/arith/poly_division1.key 
206720     DEBUG main            d.u.i.k.p.i.AbstractProblemLoader Environment load took 75.4ns 
206721     INFO  main            d.u.i.k.p.i.AbstractProblemLoader Creating init config 
209051     DEBUG main            d.u.i.k.p.i.AbstractProblemLoader Init config took 2.33s 
209065     INFO  main            d.u.i.k.p.i.AbstractProblemLoader Replaying proof poly_division1.key 
209066     DEBUG main            d.u.i.k.p.i.IntermediateProofReplayer Proof replay took 7.1ns 
209168     INFO  main            d.u.i.k.p.r.p.TestFile    ... finished proof: closed. 
209436     INFO  main            d.u.i.k.p.i.AbstractProblemLoader Loading environment from /home/runner/work/key/key/key.core/../key.ui/examples/standard_key/arith/poly_division1.key.proof 
209436     DEBUG main            d.u.i.k.p.i.AbstractProblemLoader Environment load took 107.1ns 
209437     INFO  main            d.u.i.k.p.i.AbstractProblemLoader Creating init config 
211731     DEBUG main            d.u.i.k.p.i.AbstractProblemLoader Init config took 2.29s 
211744     INFO  main            d.u.i.k.p.i.AbstractProblemLoader Replaying proof poly_division1.key.proof 
211752     DEBUG main            d.u.i.k.p.i.IntermediateProofReplayer Proof replay took 5.77ms 
211753     DEBUG main            d.u.i.k.p.r.p.TestFile    ... success: reloaded. 
211753     INFO  main            d.u.i.k.p.r.p.TestFile    Now processing file /home/runner/work/key/key/key.core/../key.ui/examples/standard_key/inEqSimp/division.key 
211753     INFO  main            d.u.i.k.p.i.AbstractProblemLoader Loading environment from /home/runner/work/key/key/key.core/../key.ui/examples/standard_key/inEqSimp/division.key 
211753     DEBUG main            d.u.i.k.p.i.AbstractProblemLoader Environment load took 84ns 
211754     INFO  main            d.u.i.k.p.i.AbstractProblemLoader Creating init config 
214122     DEBUG main            d.u.i.k.p.i.AbstractProblemLoader Init config took 2.37s 
214137     INFO  main            d.u.i.k.p.i.AbstractProblemLoader Replaying proof division.key 
214139     DEBUG main            d.u.i.k.p.i.IntermediateProofReplayer Proof replay took 7ns 
216147     INFO  main            d.u.i.k.p.r.p.TestFile    ... finished proof: closed. 
216421     INFO  main            d.u.i.k.p.i.AbstractProblemLoader Loading environment from /home/runner/work/key/key/key.core/../key.ui/examples/standard_key/inEqSimp/division.key.proof 
216421     DEBUG main            d.u.i.k.p.i.AbstractProblemLoader Environment load took 433.61ns 
216423     INFO  main            d.u.i.k.p.i.AbstractProblemLoader Creating init config 
218730     DEBUG main            d.u.i.k.p.i.AbstractProblemLoader Init config took 2.31s 
218744     INFO  main            d.u.i.k.p.i.AbstractProblemLoader Replaying proof division.key.proof 
218838     DEBUG main            d.u.i.k.p.i.IntermediateProofReplayer Proof replay took 83.23ms 
218840     DEBUG main            d.u.i.k.p.r.p.TestFile    ... success: reloaded. 
218841     INFO  main            d.u.i.k.p.r.p.TestFile    Now processing file /home/runner/work/key/key/key.core/../key.ui/examples/standard_key/inEqSimp/inequations0.key 
218841     INFO  main            d.u.i.k.p.i.AbstractProblemLoader Loading environment from /home/runner/work/key/key/key.core/../key.ui/examples/standard_key/inEqSimp/inequations0.key 
218841     DEBUG main            d.u.i.k.p.i.AbstractProblemLoader Environment load took 226.8ns 
218843     INFO  main            d.u.i.k.p.i.AbstractProblemLoader Creating init config 
221195     DEBUG main            d.u.i.k.p.i.AbstractProblemLoader Init config took 2.35s 
221209     INFO  main            d.u.i.k.p.i.AbstractProblemLoader Replaying proof inequations0.key 
221211     DEBUG main            d.u.i.k.p.i.IntermediateProofReplayer Proof replay took 41.2ns 
221316     INFO  main            d.u.i.k.p.r.p.TestFile    ... finished proof: closed. 
221606     INFO  main            d.u.i.k.p.i.AbstractProblemLoader Loading environment from /home/runner/work/key/key/key.core/../key.ui/examples/standard_key/inEqSimp/inequations0.key.proof 
221606     DEBUG main            d.u.i.k.p.i.AbstractProblemLoader Environment load took 106.1ns 
221607     INFO  main            d.u.i.k.p.i.AbstractProblemLoader Creating init config 
223907     DEBUG main            d.u.i.k.p.i.AbstractProblemLoader Init config took 2.3s 
223921     INFO  main            d.u.i.k.p.i.AbstractProblemLoader Replaying proof inequations0.key.proof 
223925     DEBUG main            d.u.i.k.p.i.IntermediateProofReplayer Proof replay took 2.17ms 
223925     DEBUG main            d.u.i.k.p.r.p.TestFile    ... success: reloaded. 
223926     INFO  main            d.u.i.k.p.r.p.TestFile    Now processing file /home/runner/work/key/key/key.core/../key.ui/examples/standard_key/inEqSimp/inequations1.key 
223926     INFO  main            d.u.i.k.p.i.AbstractProblemLoader Loading environment from /home/runner/work/key/key/key.core/../key.ui/examples/standard_key/inEqSimp/inequations1.key 
223926     DEBUG main            d.u.i.k.p.i.AbstractProblemLoader Environment load took 85.2ns 
223927     INFO  main            d.u.i.k.p.i.AbstractProblemLoader Creating init config 
226259     DEBUG main            d.u.i.k.p.i.AbstractProblemLoader Init config took 2.33s 
226273     INFO  main            d.u.i.k.p.i.AbstractProblemLoader Replaying proof inequations1.key 
226274     DEBUG main            d.u.i.k.p.i.IntermediateProofReplayer Proof replay took 3.7ns 
226376     INFO  main            d.u.i.k.p.r.p.TestFile    ... finished proof: closed. 
226648     INFO  main            d.u.i.k.p.i.AbstractProblemLoader Loading environment from /home/runner/work/key/key/key.core/../key.ui/examples/standard_key/inEqSimp/inequations1.key.proof 
226648     DEBUG main            d.u.i.k.p.i.AbstractProblemLoader Environment load took 105ns 
226649     INFO  main            d.u.i.k.p.i.AbstractProblemLoader Creating init config 
228943     DEBUG main            d.u.i.k.p.i.AbstractProblemLoader Init config took 2.29s 
228957     INFO  main            d.u.i.k.p.i.AbstractProblemLoader Replaying proof inequations1.key.proof 
228960     DEBUG main            d.u.i.k.p.i.IntermediateProofReplayer Proof replay took 1.24ms 
228961     DEBUG main            d.u.i.k.p.r.p.TestFile    ... success: reloaded. 
228961     INFO  main            d.u.i.k.p.r.p.TestFile    Now processing file /home/runner/work/key/key/key.core/../key.ui/examples/standard_key/inEqSimp/inequations2.key 
228962     INFO  main            d.u.i.k.p.i.AbstractProblemLoader Loading environment from /home/runner/work/key/key/key.core/../key.ui/examples/standard_key/inEqSimp/inequations2.key 
228962     DEBUG main            d.u.i.k.p.i.AbstractProblemLoader Environment load took 129.1ns 
228963     INFO  main            d.u.i.k.p.i.AbstractProblemLoader Creating init config 
231287     DEBUG main            d.u.i.k.p.i.AbstractProblemLoader Init config took 2.32s 
231303     INFO  main            d.u.i.k.p.i.AbstractProblemLoader Replaying proof inequations2.key 
231304     DEBUG main            d.u.i.k.p.i.IntermediateProofReplayer Proof replay took 3.3ns 
231405     INFO  main            d.u.i.k.p.r.p.TestFile    ... finished proof: closed. 
231679     INFO  main            d.u.i.k.p.i.AbstractProblemLoader Loading environment from /home/runner/work/key/key/key.core/../key.ui/examples/standard_key/inEqSimp/inequations2.key.proof 
231679     DEBUG main            d.u.i.k.p.i.AbstractProblemLoader Environment load took 88.8ns 
231680     INFO  main            d.u.i.k.p.i.AbstractProblemLoader Creating init config 
233993     DEBUG main            d.u.i.k.p.i.AbstractProblemLoader Init config took 2.31s 
234006     INFO  main            d.u.i.k.p.i.AbstractProblemLoader Replaying proof inequations2.key.proof 
234009     DEBUG main            d.u.i.k.p.i.IntermediateProofReplayer Proof replay took 1.47ms 
234010     DEBUG main            d.u.i.k.p.r.p.TestFile    ... success: reloaded. 
234010     INFO  main            d.u.i.k.p.r.p.TestFile    Now processing file /home/runner/work/key/key/key.core/../key.ui/examples/standard_key/inEqSimp/linApprox.key 
234010     INFO  main            d.u.i.k.p.i.AbstractProblemLoader Loading environment from /home/runner/work/key/key/key.core/../key.ui/examples/standard_key/inEqSimp/linApprox.key 
234010     DEBUG main            d.u.i.k.p.i.AbstractProblemLoader Environment load took 76.5ns 
234011     INFO  main            d.u.i.k.p.i.AbstractProblemLoader Creating init config 
236340     DEBUG main            d.u.i.k.p.i.AbstractProblemLoader Init config took 2.33s 
236353     INFO  main            d.u.i.k.p.i.AbstractProblemLoader Replaying proof linApprox.key 
236355     DEBUG main            d.u.i.k.p.i.IntermediateProofReplayer Proof replay took 2.9ns 
236456     INFO  main            d.u.i.k.p.r.p.TestFile    ... finished proof: closed. 
236733     INFO  main            d.u.i.k.p.i.AbstractProblemLoader Loading environment from /home/runner/work/key/key/key.core/../key.ui/examples/standard_key/inEqSimp/linApprox.key.proof 
236733     DEBUG main            d.u.i.k.p.i.AbstractProblemLoader Environment load took 90ns 
236734     INFO  main            d.u.i.k.p.i.AbstractProblemLoader Creating init config 
239030     DEBUG main            d.u.i.k.p.i.AbstractProblemLoader Init config took 2.3s 
239044     INFO  main            d.u.i.k.p.i.AbstractProblemLoader Replaying proof linApprox.key.proof 
239049     DEBUG main            d.u.i.k.p.i.IntermediateProofReplayer Proof replay took 2.64ms 
239050     DEBUG main            d.u.i.k.p.r.p.TestFile    ... success: reloaded. 
239051     INFO  main            d.u.i.k.p.r.p.TestFile    Now processing file /home/runner/work/key/key/key.core/../key.ui/examples/standard_key/inEqSimp/nonLinInEqExample0.key 
239051     INFO  main            d.u.i.k.p.i.AbstractProblemLoader Loading environment from /home/runner/work/key/key/key.core/../key.ui/examples/standard_key/inEqSimp/nonLinInEqExample0.key 
239052     DEBUG main            d.u.i.k.p.i.AbstractProblemLoader Environment load took 189.7ns 
239052     INFO  main            d.u.i.k.p.i.AbstractProblemLoader Creating init config 
241379     DEBUG main            d.u.i.k.p.i.AbstractProblemLoader Init config took 2.33s 
241392     INFO  main            d.u.i.k.p.i.AbstractProblemLoader Replaying proof nonLinInEqExample0.key 
241393     DEBUG main            d.u.i.k.p.i.IntermediateProofReplayer Proof replay took 3.1ns 
241495     INFO  main            d.u.i.k.p.r.p.TestFile    ... finished proof: closed. 
241777     INFO  main            d.u.i.k.p.i.AbstractProblemLoader Loading environment from /home/runner/work/key/key/key.core/../key.ui/examples/standard_key/inEqSimp/nonLinInEqExample0.key.proof 
241777     DEBUG main            d.u.i.k.p.i.AbstractProblemLoader Environment load took 95.1ns 
241778     INFO  main            d.u.i.k.p.i.AbstractProblemLoader Creating init config 
244062     DEBUG main            d.u.i.k.p.i.AbstractProblemLoader Init config took 2.28s 
244076     INFO  main            d.u.i.k.p.i.AbstractProblemLoader Replaying proof nonLinInEqExample0.key.proof 
244078     DEBUG main            d.u.i.k.p.i.IntermediateProofReplayer Proof replay took 887.51ns 
244079     DEBUG main            d.u.i.k.p.r.p.TestFile    ... success: reloaded. 
244079     INFO  main            d.u.i.k.p.r.p.TestFile    Now processing file /home/runner/work/key/key/key.core/../key.ui/examples/standard_key/inEqSimp/nonLinInEqExample2.key 
244080     INFO  main            d.u.i.k.p.i.AbstractProblemLoader Loading environment from /home/runner/work/key/key/key.core/../key.ui/examples/standard_key/inEqSimp/nonLinInEqExample2.key 
244080     DEBUG main            d.u.i.k.p.i.AbstractProblemLoader Environment load took 46.1ns 
244081     INFO  main            d.u.i.k.p.i.AbstractProblemLoader Creating init config 
246431     DEBUG main            d.u.i.k.p.i.AbstractProblemLoader Init config took 2.35s 
246444     INFO  main            d.u.i.k.p.i.AbstractProblemLoader Replaying proof nonLinInEqExample2.key 
246446     DEBUG main            d.u.i.k.p.i.IntermediateProofReplayer Proof replay took 3.8ns 
246749     INFO  main            d.u.i.k.p.r.p.TestFile    ... finished proof: closed. 
247050     INFO  main            d.u.i.k.p.i.AbstractProblemLoader Loading environment from /home/runner/work/key/key/key.core/../key.ui/examples/standard_key/inEqSimp/nonLinInEqExample2.key.proof 
247050     DEBUG main            d.u.i.k.p.i.AbstractProblemLoader Environment load took 113.2ns 
247054     INFO  main            d.u.i.k.p.i.AbstractProblemLoader Creating init config 
249350     DEBUG main            d.u.i.k.p.i.AbstractProblemLoader Init config took 2.3s 
249367     INFO  main            d.u.i.k.p.i.AbstractProblemLoader Replaying proof nonLinInEqExample2.key.proof 
249395     DEBUG main            d.u.i.k.p.i.IntermediateProofReplayer Proof replay took 25.02ms 
249396     DEBUG main            d.u.i.k.p.r.p.TestFile    ... success: reloaded. 
249397     INFO  main            d.u.i.k.p.r.p.TestFile    Now processing file /home/runner/work/key/key/key.core/../key.ui/examples/standard_key/inEqSimp/nonLinInEqExample3.key 
249397     INFO  main            d.u.i.k.p.i.AbstractProblemLoader Loading environment from /home/runner/work/key/key/key.core/../key.ui/examples/standard_key/inEqSimp/nonLinInEqExample3.key 
249397     DEBUG main            d.u.i.k.p.i.AbstractProblemLoader Environment load took 85.4ns 
249398     INFO  main            d.u.i.k.p.i.AbstractProblemLoader Creating init config 
251741     DEBUG main            d.u.i.k.p.i.AbstractProblemLoader Init config took 2.34s 
251754     INFO  main            d.u.i.k.p.i.AbstractProblemLoader Replaying proof nonLinInEqExample3.key 
251755     DEBUG main            d.u.i.k.p.i.IntermediateProofReplayer Proof replay took 3.2ns 
251958     INFO  main            d.u.i.k.p.r.p.TestFile    ... finished proof: closed. 
252272     INFO  main            d.u.i.k.p.i.AbstractProblemLoader Loading environment from /home/runner/work/key/key/key.core/../key.ui/examples/standard_key/inEqSimp/nonLinInEqExample3.key.proof 
252272     DEBUG main            d.u.i.k.p.i.AbstractProblemLoader Environment load took 121.9ns 
252273     INFO  main            d.u.i.k.p.i.AbstractProblemLoader Creating init config 
254556     DEBUG main            d.u.i.k.p.i.AbstractProblemLoader Init config took 2.28s 
254569     INFO  main            d.u.i.k.p.i.AbstractProblemLoader Replaying proof nonLinInEqExample3.key.proof 
254587     DEBUG main            d.u.i.k.p.i.IntermediateProofReplayer Proof replay took 15.97ms 
254588     DEBUG main            d.u.i.k.p.r.p.TestFile    ... success: reloaded. 
254588     INFO  main            d.u.i.k.p.r.p.TestFile    Now processing file /home/runner/work/key/key/key.core/../key.ui/examples/standard_key/inEqSimp/nonLinInEqExample4.key 
254589     INFO  main            d.u.i.k.p.i.AbstractProblemLoader Loading environment from /home/runner/work/key/key/key.core/../key.ui/examples/standard_key/inEqSimp/nonLinInEqExample4.key 
254589     DEBUG main            d.u.i.k.p.i.AbstractProblemLoader Environment load took 60.7ns 
254590     INFO  main            d.u.i.k.p.i.AbstractProblemLoader Creating init config 
256977     DEBUG main            d.u.i.k.p.i.AbstractProblemLoader Init config took 2.39s 
256990     INFO  main            d.u.i.k.p.i.AbstractProblemLoader Replaying proof nonLinInEqExample4.key 
256991     DEBUG main            d.u.i.k.p.i.IntermediateProofReplayer Proof replay took 3.2ns 
257093     INFO  main            d.u.i.k.p.r.p.TestFile    ... finished proof: closed. 
257411     INFO  main            d.u.i.k.p.i.AbstractProblemLoader Loading environment from /home/runner/work/key/key/key.core/../key.ui/examples/standard_key/inEqSimp/nonLinInEqExample4.key.proof 
257411     DEBUG main            d.u.i.k.p.i.AbstractProblemLoader Environment load took 95.4ns 
257412     INFO  main            d.u.i.k.p.i.AbstractProblemLoader Creating init config 
259695     DEBUG main            d.u.i.k.p.i.AbstractProblemLoader Init config took 2.28s 
259708     INFO  main            d.u.i.k.p.i.AbstractProblemLoader Replaying proof nonLinInEqExample4.key.proof 
259715     DEBUG main            d.u.i.k.p.i.IntermediateProofReplayer Proof replay took 3.41ms 
259715     DEBUG main            d.u.i.k.p.r.p.TestFile    ... success: reloaded. 
259716     INFO  main            d.u.i.k.p.r.p.TestFile    Now processing file /home/runner/work/key/key/key.core/../key.ui/examples/standard_key/inEqSimp/quadraticInEq.key 
259716     INFO  main            d.u.i.k.p.i.AbstractProblemLoader Loading environment from /home/runner/work/key/key/key.core/../key.ui/examples/standard_key/inEqSimp/quadraticInEq.key 
259716     DEBUG main            d.u.i.k.p.i.AbstractProblemLoader Environment load took 97.3ns 
259718     INFO  main            d.u.i.k.p.i.AbstractProblemLoader Creating init config 
262024     DEBUG main            d.u.i.k.p.i.AbstractProblemLoader Init config took 2.31s 
262037     INFO  main            d.u.i.k.p.i.AbstractProblemLoader Replaying proof quadraticInEq.key 
262039     DEBUG main            d.u.i.k.p.i.IntermediateProofReplayer Proof replay took 3.4ns 
262374     INFO  main            d.u.i.k.p.r.p.TestFile    ... finished proof: closed. 
262677     INFO  main            d.u.i.k.p.i.AbstractProblemLoader Loading environment from /home/runner/work/key/key/key.core/../key.ui/examples/standard_key/inEqSimp/quadraticInEq.key.proof 
262677     DEBUG main            d.u.i.k.p.i.AbstractProblemLoader Environment load took 95.7ns 
262679     INFO  main            d.u.i.k.p.i.AbstractProblemLoader Creating init config 
264958     DEBUG main            d.u.i.k.p.i.AbstractProblemLoader Init config took 2.28s 
264972     INFO  main            d.u.i.k.p.i.AbstractProblemLoader Replaying proof quadraticInEq.key.proof 
265010     DEBUG main            d.u.i.k.p.i.IntermediateProofReplayer Proof replay took 34ms 
265011     DEBUG main            d.u.i.k.p.r.p.TestFile    ... success: reloaded. 
265012     INFO  main            d.u.i.k.p.r.p.TestFile    Now processing file /home/runner/work/key/key/key.core/../key.ui/examples/standard_key/inEqSimp/quadraticInEq10.key 
265012     INFO  main            d.u.i.k.p.i.AbstractProblemLoader Loading environment from /home/runner/work/key/key/key.core/../key.ui/examples/standard_key/inEqSimp/quadraticInEq10.key 
265013     DEBUG main            d.u.i.k.p.i.AbstractProblemLoader Environment load took 89.3ns 
265014     INFO  main            d.u.i.k.p.i.AbstractProblemLoader Creating init config 
267328     DEBUG main            d.u.i.k.p.i.AbstractProblemLoader Init config took 2.31s 
267341     INFO  main            d.u.i.k.p.i.AbstractProblemLoader Replaying proof quadraticInEq10.key 
267342     DEBUG main            d.u.i.k.p.i.IntermediateProofReplayer Proof replay took 3.5ns 
267546     INFO  main            d.u.i.k.p.r.p.TestFile    ... finished proof: closed. 
267879     INFO  main            d.u.i.k.p.i.AbstractProblemLoader Loading environment from /home/runner/work/key/key/key.core/../key.ui/examples/standard_key/inEqSimp/quadraticInEq10.key.proof 
267880     DEBUG main            d.u.i.k.p.i.AbstractProblemLoader Environment load took 134.5ns 
267881     INFO  main            d.u.i.k.p.i.AbstractProblemLoader Creating init config 
270163     DEBUG main            d.u.i.k.p.i.AbstractProblemLoader Init config took 2.28s 
270176     INFO  main            d.u.i.k.p.i.AbstractProblemLoader Replaying proof quadraticInEq10.key.proof 
270190     DEBUG main            d.u.i.k.p.i.IntermediateProofReplayer Proof replay took 12.05ms 
270191     DEBUG main            d.u.i.k.p.r.p.TestFile    ... success: reloaded. 
270192     INFO  main            d.u.i.k.p.r.p.TestFile    Now processing file /home/runner/work/key/key/key.core/../key.ui/examples/standard_key/inEqSimp/quadraticInEq13.key 
270192     INFO  main            d.u.i.k.p.i.AbstractProblemLoader Loading environment from /home/runner/work/key/key/key.core/../key.ui/examples/standard_key/inEqSimp/quadraticInEq13.key 
270192     DEBUG main            d.u.i.k.p.i.AbstractProblemLoader Environment load took 57.4ns 
270193     INFO  main            d.u.i.k.p.i.AbstractProblemLoader Creating init config 
272503     DEBUG main            d.u.i.k.p.i.AbstractProblemLoader Init config took 2.31s 
272516     INFO  main            d.u.i.k.p.i.AbstractProblemLoader Replaying proof quadraticInEq13.key 
272517     DEBUG main            d.u.i.k.p.i.IntermediateProofReplayer Proof replay took 3.2ns 
272720     INFO  main            d.u.i.k.p.r.p.TestFile    ... finished proof: closed. 
273045     INFO  main            d.u.i.k.p.i.AbstractProblemLoader Loading environment from /home/runner/work/key/key/key.core/../key.ui/examples/standard_key/inEqSimp/quadraticInEq13.key.proof 
273045     DEBUG main            d.u.i.k.p.i.AbstractProblemLoader Environment load took 89.3ns 
273046     INFO  main            d.u.i.k.p.i.AbstractProblemLoader Creating init config 
275323     DEBUG main            d.u.i.k.p.i.AbstractProblemLoader Init config took 2.28s 
275336     INFO  main            d.u.i.k.p.i.AbstractProblemLoader Replaying proof quadraticInEq13.key.proof 
275354     DEBUG main            d.u.i.k.p.i.IntermediateProofReplayer Proof replay took 15.41ms 
275354     DEBUG main            d.u.i.k.p.r.p.TestFile    ... success: reloaded. 
275355     INFO  main            d.u.i.k.p.r.p.TestFile    Now processing file /home/runner/work/key/key/key.core/../key.ui/examples/standard_key/inEqSimp/quadraticInEq14.key 
275355     INFO  main            d.u.i.k.p.i.AbstractProblemLoader Loading environment from /home/runner/work/key/key/key.core/../key.ui/examples/standard_key/inEqSimp/quadraticInEq14.key 
275356     DEBUG main            d.u.i.k.p.i.AbstractProblemLoader Environment load took 47.6ns 
275356     INFO  main            d.u.i.k.p.i.AbstractProblemLoader Creating init config 
277681     DEBUG main            d.u.i.k.p.i.AbstractProblemLoader Init config took 2.33s 
277694     INFO  main            d.u.i.k.p.i.AbstractProblemLoader Replaying proof quadraticInEq14.key 
277696     DEBUG main            d.u.i.k.p.i.IntermediateProofReplayer Proof replay took 2.9ns 
277999     INFO  main            d.u.i.k.p.r.p.TestFile    ... finished proof: closed. 
278348     INFO  main            d.u.i.k.p.i.AbstractProblemLoader Loading environment from /home/runner/work/key/key/key.core/../key.ui/examples/standard_key/inEqSimp/quadraticInEq14.key.proof 
278348     DEBUG main            d.u.i.k.p.i.AbstractProblemLoader Environment load took 93.7ns 
278349     INFO  main            d.u.i.k.p.i.AbstractProblemLoader Creating init config 
280639     DEBUG main            d.u.i.k.p.i.AbstractProblemLoader Init config took 2.29s 
280652     INFO  main            d.u.i.k.p.i.AbstractProblemLoader Replaying proof quadraticInEq14.key.proof 
280674     DEBUG main            d.u.i.k.p.i.IntermediateProofReplayer Proof replay took 18.39ms 
280674     DEBUG main            d.u.i.k.p.r.p.TestFile    ... success: reloaded. 
280675     INFO  main            d.u.i.k.p.r.p.TestFile    Now processing file /home/runner/work/key/key/key.core/../key.ui/examples/standard_key/inEqSimp/quadraticInEq2.key 
280675     INFO  main            d.u.i.k.p.i.AbstractProblemLoader Loading environment from /home/runner/work/key/key/key.core/../key.ui/examples/standard_key/inEqSimp/quadraticInEq2.key 
280676     DEBUG main            d.u.i.k.p.i.AbstractProblemLoader Environment load took 68.8ns 
280676     INFO  main            d.u.i.k.p.i.AbstractProblemLoader Creating init config 
283035     DEBUG main            d.u.i.k.p.i.AbstractProblemLoader Init config took 2.36s 
283049     INFO  main            d.u.i.k.p.i.AbstractProblemLoader Replaying proof quadraticInEq2.key 
283052     DEBUG main            d.u.i.k.p.i.IntermediateProofReplayer Proof replay took 3.7ns 
283155     INFO  main            d.u.i.k.p.r.p.TestFile    ... finished proof: closed. 
283493     INFO  main            d.u.i.k.p.i.AbstractProblemLoader Loading environment from /home/runner/work/key/key/key.core/../key.ui/examples/standard_key/inEqSimp/quadraticInEq2.key.proof 
283493     DEBUG main            d.u.i.k.p.i.AbstractProblemLoader Environment load took 86ns 
283494     INFO  main            d.u.i.k.p.i.AbstractProblemLoader Creating init config 
285777     DEBUG main            d.u.i.k.p.i.AbstractProblemLoader Init config took 2.28s 
285790     INFO  main            d.u.i.k.p.i.AbstractProblemLoader Replaying proof quadraticInEq2.key.proof 
285794     DEBUG main            d.u.i.k.p.i.IntermediateProofReplayer Proof replay took 2.06ms 
285794     DEBUG main            d.u.i.k.p.r.p.TestFile    ... success: reloaded. 
285795     INFO  main            d.u.i.k.p.r.p.TestFile    Now processing file /home/runner/work/key/key/key.core/../key.ui/examples/standard_key/inEqSimp/quadraticInEq3.key 
285795     INFO  main            d.u.i.k.p.i.AbstractProblemLoader Loading environment from /home/runner/work/key/key/key.core/../key.ui/examples/standard_key/inEqSimp/quadraticInEq3.key 
285795     DEBUG main            d.u.i.k.p.i.AbstractProblemLoader Environment load took 67.9ns 
285796     INFO  main            d.u.i.k.p.i.AbstractProblemLoader Creating init config 
288125     DEBUG main            d.u.i.k.p.i.AbstractProblemLoader Init config took 2.33s 
288138     INFO  main            d.u.i.k.p.i.AbstractProblemLoader Replaying proof quadraticInEq3.key 
288142     DEBUG main            d.u.i.k.p.i.IntermediateProofReplayer Proof replay took 2.9ns 
288244     INFO  main            d.u.i.k.p.r.p.TestFile    ... finished proof: closed. 
288573     INFO  main            d.u.i.k.p.i.AbstractProblemLoader Loading environment from /home/runner/work/key/key/key.core/../key.ui/examples/standard_key/inEqSimp/quadraticInEq3.key.proof 
288573     DEBUG main            d.u.i.k.p.i.AbstractProblemLoader Environment load took 85.3ns 
288574     INFO  main            d.u.i.k.p.i.AbstractProblemLoader Creating init config 
290856     DEBUG main            d.u.i.k.p.i.AbstractProblemLoader Init config took 2.28s 
290868     INFO  main            d.u.i.k.p.i.AbstractProblemLoader Replaying proof quadraticInEq3.key.proof 
290875     DEBUG main            d.u.i.k.p.i.IntermediateProofReplayer Proof replay took 5.15ms 
290876     DEBUG main            d.u.i.k.p.r.p.TestFile    ... success: reloaded. 
290877     INFO  main            d.u.i.k.p.r.p.TestFile    Now processing file /home/runner/work/key/key/key.core/../key.ui/examples/standard_key/inEqSimp/quadraticInEq4.key 
290877     INFO  main            d.u.i.k.p.i.AbstractProblemLoader Loading environment from /home/runner/work/key/key/key.core/../key.ui/examples/standard_key/inEqSimp/quadraticInEq4.key 
290877     DEBUG main            d.u.i.k.p.i.AbstractProblemLoader Environment load took 84.9ns 
290878     INFO  main            d.u.i.k.p.i.AbstractProblemLoader Creating init config 
293198     DEBUG main            d.u.i.k.p.i.AbstractProblemLoader Init config took 2.32s 
293212     INFO  main            d.u.i.k.p.i.AbstractProblemLoader Replaying proof quadraticInEq4.key 
293213     DEBUG main            d.u.i.k.p.i.IntermediateProofReplayer Proof replay took 3.1ns 
293315     INFO  main            d.u.i.k.p.r.p.TestFile    ... finished proof: closed. 
293660     INFO  main            d.u.i.k.p.i.AbstractProblemLoader Loading environment from /home/runner/work/key/key/key.core/../key.ui/examples/standard_key/inEqSimp/quadraticInEq4.key.proof 
293660     DEBUG main            d.u.i.k.p.i.AbstractProblemLoader Environment load took 88.2ns 
293661     INFO  main            d.u.i.k.p.i.AbstractProblemLoader Creating init config 
295934     DEBUG main            d.u.i.k.p.i.AbstractProblemLoader Init config took 2.27s 
295947     INFO  main            d.u.i.k.p.i.AbstractProblemLoader Replaying proof quadraticInEq4.key.proof 
295953     DEBUG main            d.u.i.k.p.i.IntermediateProofReplayer Proof replay took 4.08ms 
295953     DEBUG main            d.u.i.k.p.r.p.TestFile    ... success: reloaded. 
295954     INFO  main            d.u.i.k.p.r.p.TestFile    Now processing file /home/runner/work/key/key/key.core/../key.ui/examples/standard_key/inEqSimp/quadraticInEq5.key 
295954     INFO  main            d.u.i.k.p.i.AbstractProblemLoader Loading environment from /home/runner/work/key/key/key.core/../key.ui/examples/standard_key/inEqSimp/quadraticInEq5.key 
295954     DEBUG main            d.u.i.k.p.i.AbstractProblemLoader Environment load took 71.8ns 
295955     INFO  main            d.u.i.k.p.i.AbstractProblemLoader Creating init config 
298273     DEBUG main            d.u.i.k.p.i.AbstractProblemLoader Init config took 2.32s 
298286     INFO  main            d.u.i.k.p.i.AbstractProblemLoader Replaying proof quadraticInEq5.key 
298287     DEBUG main            d.u.i.k.p.i.IntermediateProofReplayer Proof replay took 3ns 
298389     INFO  main            d.u.i.k.p.r.p.TestFile    ... finished proof: closed. 
298726     INFO  main            d.u.i.k.p.i.AbstractProblemLoader Loading environment from /home/runner/work/key/key/key.core/../key.ui/examples/standard_key/inEqSimp/quadraticInEq5.key.proof 
298726     DEBUG main            d.u.i.k.p.i.AbstractProblemLoader Environment load took 93.1ns 
298727     INFO  main            d.u.i.k.p.i.AbstractProblemLoader Creating init config 
300996     DEBUG main            d.u.i.k.p.i.AbstractProblemLoader Init config took 2.27s 
301009     INFO  main            d.u.i.k.p.i.AbstractProblemLoader Replaying proof quadraticInEq5.key.proof 
301015     DEBUG main            d.u.i.k.p.i.IntermediateProofReplayer Proof replay took 3.91ms 
301015     DEBUG main            d.u.i.k.p.r.p.TestFile    ... success: reloaded. 
301016     INFO  main            d.u.i.k.p.r.p.TestFile    Now processing file /home/runner/work/key/key/key.core/../key.ui/examples/standard_key/inEqSimp/quadraticInEq6.key 
301016     INFO  main            d.u.i.k.p.i.AbstractProblemLoader Loading environment from /home/runner/work/key/key/key.core/../key.ui/examples/standard_key/inEqSimp/quadraticInEq6.key 
301017     DEBUG main            d.u.i.k.p.i.AbstractProblemLoader Environment load took 80.3ns 
301017     INFO  main            d.u.i.k.p.i.AbstractProblemLoader Creating init config 
303336     DEBUG main            d.u.i.k.p.i.AbstractProblemLoader Init config took 2.32s 
303349     INFO  main            d.u.i.k.p.i.AbstractProblemLoader Replaying proof quadraticInEq6.key 
303351     DEBUG main            d.u.i.k.p.i.IntermediateProofReplayer Proof replay took 3.2ns 
303453     INFO  main            d.u.i.k.p.r.p.TestFile    ... finished proof: closed. 
303806     INFO  main            d.u.i.k.p.i.AbstractProblemLoader Loading environment from /home/runner/work/key/key/key.core/../key.ui/examples/standard_key/inEqSimp/quadraticInEq6.key.proof 
303806     DEBUG main            d.u.i.k.p.i.AbstractProblemLoader Environment load took 96.6ns 
303808     INFO  main            d.u.i.k.p.i.AbstractProblemLoader Creating init config 
306078     DEBUG main            d.u.i.k.p.i.AbstractProblemLoader Init config took 2.27s 
306090     INFO  main            d.u.i.k.p.i.AbstractProblemLoader Replaying proof quadraticInEq6.key.proof 
306096     DEBUG main            d.u.i.k.p.i.IntermediateProofReplayer Proof replay took 3.77ms 
306096     DEBUG main            d.u.i.k.p.r.p.TestFile    ... success: reloaded. 
306097     INFO  main            d.u.i.k.p.r.p.TestFile    Now processing file /home/runner/work/key/key/key.core/../key.ui/examples/standard_key/inEqSimp/quadraticInEq7.key 
306097     INFO  main            d.u.i.k.p.i.AbstractProblemLoader Loading environment from /home/runner/work/key/key/key.core/../key.ui/examples/standard_key/inEqSimp/quadraticInEq7.key 
306097     DEBUG main            d.u.i.k.p.i.AbstractProblemLoader Environment load took 65.7ns 
306098     INFO  main            d.u.i.k.p.i.AbstractProblemLoader Creating init config 
308425     DEBUG main            d.u.i.k.p.i.AbstractProblemLoader Init config took 2.33s 
308438     INFO  main            d.u.i.k.p.i.AbstractProblemLoader Replaying proof quadraticInEq7.key 
308439     DEBUG main            d.u.i.k.p.i.IntermediateProofReplayer Proof replay took 3.5ns 
308541     INFO  main            d.u.i.k.p.r.p.TestFile    ... finished proof: closed. 
308902     INFO  main            d.u.i.k.p.i.AbstractProblemLoader Loading environment from /home/runner/work/key/key/key.core/../key.ui/examples/standard_key/inEqSimp/quadraticInEq7.key.proof 
308902     DEBUG main            d.u.i.k.p.i.AbstractProblemLoader Environment load took 92.4ns 
308903     INFO  main            d.u.i.k.p.i.AbstractProblemLoader Creating init config 
311182     DEBUG main            d.u.i.k.p.i.AbstractProblemLoader Init config took 2.28s 
311195     INFO  main            d.u.i.k.p.i.AbstractProblemLoader Replaying proof quadraticInEq7.key.proof 
311199     DEBUG main            d.u.i.k.p.i.IntermediateProofReplayer Proof replay took 2ms 
311199     DEBUG main            d.u.i.k.p.r.p.TestFile    ... success: reloaded. 
311200     INFO  main            d.u.i.k.p.r.p.TestFile    Now processing file /home/runner/work/key/key/key.core/../key.ui/examples/standard_key/inEqSimp/quadraticInEq8.key 
311200     INFO  main            d.u.i.k.p.i.AbstractProblemLoader Loading environment from /home/runner/work/key/key/key.core/../key.ui/examples/standard_key/inEqSimp/quadraticInEq8.key 
311200     DEBUG main            d.u.i.k.p.i.AbstractProblemLoader Environment load took 65.2ns 
311201     INFO  main            d.u.i.k.p.i.AbstractProblemLoader Creating init config 
313516     DEBUG main            d.u.i.k.p.i.AbstractProblemLoader Init config took 2.31s 
313529     INFO  main            d.u.i.k.p.i.AbstractProblemLoader Replaying proof quadraticInEq8.key 
313530     DEBUG main            d.u.i.k.p.i.IntermediateProofReplayer Proof replay took 3.6ns 
313656     INFO  main            d.u.i.k.p.r.p.TestFile    ... finished proof: closed. 
314013     INFO  main            d.u.i.k.p.i.AbstractProblemLoader Loading environment from /home/runner/work/key/key/key.core/../key.ui/examples/standard_key/inEqSimp/quadraticInEq8.key.proof 
314013     DEBUG main            d.u.i.k.p.i.AbstractProblemLoader Environment load took 84.3ns 
314014     INFO  main            d.u.i.k.p.i.AbstractProblemLoader Creating init config 
316300     DEBUG main            d.u.i.k.p.i.AbstractProblemLoader Init config took 2.29s 
316314     INFO  main            d.u.i.k.p.i.AbstractProblemLoader Replaying proof quadraticInEq8.key.proof 
316322     DEBUG main            d.u.i.k.p.i.IntermediateProofReplayer Proof replay took 6.42ms 
316323     DEBUG main            d.u.i.k.p.r.p.TestFile    ... success: reloaded. 
316323     INFO  main            d.u.i.k.p.r.p.TestFile    Now processing file /home/runner/work/key/key/key.core/../key.ui/examples/standard_key/inEqSimp/simplify0.key 
316324     INFO  main            d.u.i.k.p.i.AbstractProblemLoader Loading environment from /home/runner/work/key/key/key.core/../key.ui/examples/standard_key/inEqSimp/simplify0.key 
316324     DEBUG main            d.u.i.k.p.i.AbstractProblemLoader Environment load took 49ns 
316325     INFO  main            d.u.i.k.p.i.AbstractProblemLoader Creating init config 
318668     DEBUG main            d.u.i.k.p.i.AbstractProblemLoader Init config took 2.34s 
318682     INFO  main            d.u.i.k.p.i.AbstractProblemLoader Replaying proof simplify0.key 
318683     DEBUG main            d.u.i.k.p.i.IntermediateProofReplayer Proof replay took 3.1ns 
318785     INFO  main            d.u.i.k.p.r.p.TestFile    ... finished proof: closed. 
319154     INFO  main            d.u.i.k.p.i.AbstractProblemLoader Loading environment from /home/runner/work/key/key/key.core/../key.ui/examples/standard_key/inEqSimp/simplify0.key.proof 
319154     DEBUG main            d.u.i.k.p.i.AbstractProblemLoader Environment load took 99.2ns 
319156     INFO  main            d.u.i.k.p.i.AbstractProblemLoader Creating init config 
321441     DEBUG main            d.u.i.k.p.i.AbstractProblemLoader Init config took 2.29s 
321455     INFO  main            d.u.i.k.p.i.AbstractProblemLoader Replaying proof simplify0.key.proof 
321458     DEBUG main            d.u.i.k.p.i.IntermediateProofReplayer Proof replay took 2.17ms 
321459     DEBUG main            d.u.i.k.p.r.p.TestFile    ... success: reloaded. 
321459     INFO  main            d.u.i.k.p.r.p.TestFile    Now processing file /home/runner/work/key/key/key.core/../key.ui/examples/standard_key/inEqSimp/simplify1.key 
321459     INFO  main            d.u.i.k.p.i.AbstractProblemLoader Loading environment from /home/runner/work/key/key/key.core/../key.ui/examples/standard_key/inEqSimp/simplify1.key 
321459     DEBUG main            d.u.i.k.p.i.AbstractProblemLoader Environment load took 45.1ns 
321460     INFO  main            d.u.i.k.p.i.AbstractProblemLoader Creating init config 
323782     DEBUG main            d.u.i.k.p.i.AbstractProblemLoader Init config took 2.32s 
323795     INFO  main            d.u.i.k.p.i.AbstractProblemLoader Replaying proof simplify1.key 
323796     DEBUG main            d.u.i.k.p.i.IntermediateProofReplayer Proof replay took 2.9ns 
323900     INFO  main            d.u.i.k.p.r.p.TestFile    ... finished proof: closed. 
324272     INFO  main            d.u.i.k.p.i.AbstractProblemLoader Loading environment from /home/runner/work/key/key/key.core/../key.ui/examples/standard_key/inEqSimp/simplify1.key.proof 
324272     DEBUG main            d.u.i.k.p.i.AbstractProblemLoader Environment load took 87.6ns 
324273     INFO  main            d.u.i.k.p.i.AbstractProblemLoader Creating init config 
326559     DEBUG main            d.u.i.k.p.i.AbstractProblemLoader Init config took 2.29s 
326572     INFO  main            d.u.i.k.p.i.AbstractProblemLoader Replaying proof simplify1.key.proof 
326574     DEBUG main            d.u.i.k.p.i.IntermediateProofReplayer Proof replay took 1.21ms 
326575     DEBUG main            d.u.i.k.p.r.p.TestFile    ... success: reloaded. 
326575     INFO  main            d.u.i.k.p.r.p.TestFile    Now processing file /home/runner/work/key/key/key.core/../key.ui/examples/standard_key/inEqSimp/simplify2.key 
326575     INFO  main            d.u.i.k.p.i.AbstractProblemLoader Loading environment from /home/runner/work/key/key/key.core/../key.ui/examples/standard_key/inEqSimp/simplify2.key 
326575     DEBUG main            d.u.i.k.p.i.AbstractProblemLoader Environment load took 45.9ns 
326576     INFO  main            d.u.i.k.p.i.AbstractProblemLoader Creating init config 
328902     DEBUG main            d.u.i.k.p.i.AbstractProblemLoader Init config took 2.33s 
328916     INFO  main            d.u.i.k.p.i.AbstractProblemLoader Replaying proof simplify2.key 
328917     DEBUG main            d.u.i.k.p.i.IntermediateProofReplayer Proof replay took 2.9ns 
329019     INFO  main            d.u.i.k.p.r.p.TestFile    ... finished proof: closed. 
329392     INFO  main            d.u.i.k.p.i.AbstractProblemLoader Loading environment from /home/runner/work/key/key/key.core/../key.ui/examples/standard_key/inEqSimp/simplify2.key.proof 
329392     DEBUG main            d.u.i.k.p.i.AbstractProblemLoader Environment load took 91.4ns 
329394     INFO  main            d.u.i.k.p.i.AbstractProblemLoader Creating init config 
331682     DEBUG main            d.u.i.k.p.i.AbstractProblemLoader Init config took 2.29s 
331695     INFO  main            d.u.i.k.p.i.AbstractProblemLoader Replaying proof simplify2.key.proof 
331707     DEBUG main            d.u.i.k.p.i.IntermediateProofReplayer Proof replay took 9.95ms 
331708     DEBUG main            d.u.i.k.p.r.p.TestFile    ... success: reloaded. 
331708     INFO  main            d.u.i.k.p.r.p.TestFile    Now processing file /home/runner/work/key/key/key.core/../key.ui/examples/standard_key/inEqSimp/simplify3.key 
331708     INFO  main            d.u.i.k.p.i.AbstractProblemLoader Loading environment from /home/runner/work/key/key/key.core/../key.ui/examples/standard_key/inEqSimp/simplify3.key 
331708     DEBUG main            d.u.i.k.p.i.AbstractProblemLoader Environment load took 54.1ns 
331709     INFO  main            d.u.i.k.p.i.AbstractProblemLoader Creating init config 
334033     DEBUG main            d.u.i.k.p.i.AbstractProblemLoader Init config took 2.32s 
334046     INFO  main            d.u.i.k.p.i.AbstractProblemLoader Replaying proof simplify3.key 
334046     DEBUG main            d.u.i.k.p.i.IntermediateProofReplayer Proof replay took 3.6ns 
334148     INFO  main            d.u.i.k.p.r.p.TestFile    ... finished proof: closed. 
334527     INFO  main            d.u.i.k.p.i.AbstractProblemLoader Loading environment from /home/runner/work/key/key/key.core/../key.ui/examples/standard_key/inEqSimp/simplify3.key.proof 
334527     DEBUG main            d.u.i.k.p.i.AbstractProblemLoader Environment load took 95.9ns 
334528     INFO  main            d.u.i.k.p.i.AbstractProblemLoader Creating init config 
336815     DEBUG main            d.u.i.k.p.i.AbstractProblemLoader Init config took 2.29s 
336827     INFO  main            d.u.i.k.p.i.AbstractProblemLoader Replaying proof simplify3.key.proof 
336830     DEBUG main            d.u.i.k.p.i.IntermediateProofReplayer Proof replay took 1.7ms 
336831     DEBUG main            d.u.i.k.p.r.p.TestFile    ... success: reloaded. 
336831     INFO  main            d.u.i.k.p.r.p.TestFile    Now processing file /home/runner/work/key/key/key.core/../key.ui/examples/standard_key/inEqSimp/simplify4.key 
336832     INFO  main            d.u.i.k.p.i.AbstractProblemLoader Loading environment from /home/runner/work/key/key/key.core/../key.ui/examples/standard_key/inEqSimp/simplify4.key 
336832     DEBUG main            d.u.i.k.p.i.AbstractProblemLoader Environment load took 43.6ns 
336832     INFO  main            d.u.i.k.p.i.AbstractProblemLoader Creating init config 
339157     DEBUG main            d.u.i.k.p.i.AbstractProblemLoader Init config took 2.32s 
339170     INFO  main            d.u.i.k.p.i.AbstractProblemLoader Replaying proof simplify4.key 
339171     DEBUG main            d.u.i.k.p.i.IntermediateProofReplayer Proof replay took 3.2ns 
339273     INFO  main            d.u.i.k.p.r.p.TestFile    ... finished proof: closed. 
339669     INFO  main            d.u.i.k.p.i.AbstractProblemLoader Loading environment from /home/runner/work/key/key/key.core/../key.ui/examples/standard_key/inEqSimp/simplify4.key.proof 
339669     DEBUG main            d.u.i.k.p.i.AbstractProblemLoader Environment load took 92.8ns 
339670     INFO  main            d.u.i.k.p.i.AbstractProblemLoader Creating init config 
341970     DEBUG main            d.u.i.k.p.i.AbstractProblemLoader Init config took 2.3s 
341985     INFO  main            d.u.i.k.p.i.AbstractProblemLoader Replaying proof simplify4.key.proof 
341999     DEBUG main            d.u.i.k.p.i.IntermediateProofReplayer Proof replay took 12.14ms 
342000     DEBUG main            d.u.i.k.p.r.p.TestFile    ... success: reloaded. 
342001     INFO  main            d.u.i.k.p.r.p.TestFile    Now processing file /home/runner/work/key/key/key.core/../key.ui/examples/standard_key/inEqSimp/simplify5.key 
342001     INFO  main            d.u.i.k.p.i.AbstractProblemLoader Loading environment from /home/runner/work/key/key/key.core/../key.ui/examples/standard_key/inEqSimp/simplify5.key 
342001     DEBUG main            d.u.i.k.p.i.AbstractProblemLoader Environment load took 180.5ns 
342002     INFO  main            d.u.i.k.p.i.AbstractProblemLoader Creating init config 
344324     DEBUG main            d.u.i.k.p.i.AbstractProblemLoader Init config took 2.32s 
344337     INFO  main            d.u.i.k.p.i.AbstractProblemLoader Replaying proof simplify5.key 
344338     DEBUG main            d.u.i.k.p.i.IntermediateProofReplayer Proof replay took 3.1ns 
344842     INFO  main            d.u.i.k.p.r.p.TestFile    ... finished proof: closed. 
345252     INFO  main            d.u.i.k.p.i.AbstractProblemLoader Loading environment from /home/runner/work/key/key/key.core/../key.ui/examples/standard_key/inEqSimp/simplify5.key.proof 
345253     DEBUG main            d.u.i.k.p.i.AbstractProblemLoader Environment load took 92.5ns 
345254     INFO  main            d.u.i.k.p.i.AbstractProblemLoader Creating init config 
347540     DEBUG main            d.u.i.k.p.i.AbstractProblemLoader Init config took 2.29s 
347557     INFO  main            d.u.i.k.p.i.AbstractProblemLoader Replaying proof simplify5.key.proof 
347606     DEBUG main            d.u.i.k.p.i.IntermediateProofReplayer Proof replay took 44.45ms 
347607     DEBUG main            d.u.i.k.p.r.p.TestFile    ... success: reloaded. 
347608     INFO  main            d.u.i.k.p.r.p.TestFile    Now processing file /home/runner/work/key/key/key.core/../key.ui/examples/standard_key/inEqSimp/subsumptionExample.key 
347608     INFO  main            d.u.i.k.p.i.AbstractProblemLoader Loading environment from /home/runner/work/key/key/key.core/../key.ui/examples/standard_key/inEqSimp/subsumptionExample.key 
347608     DEBUG main            d.u.i.k.p.i.AbstractProblemLoader Environment load took 63.5ns 
347609     INFO  main            d.u.i.k.p.i.AbstractProblemLoader Creating init config 
349949     DEBUG main            d.u.i.k.p.i.AbstractProblemLoader Init config took 2.34s 
349962     INFO  main            d.u.i.k.p.i.AbstractProblemLoader Replaying proof subsumptionExample.key 
349963     DEBUG main            d.u.i.k.p.i.IntermediateProofReplayer Proof replay took 2.7ns 
350066     INFO  main            d.u.i.k.p.r.p.TestFile    ... finished proof: closed. 
350483     INFO  main            d.u.i.k.p.i.AbstractProblemLoader Loading environment from /home/runner/work/key/key/key.core/../key.ui/examples/standard_key/inEqSimp/subsumptionExample.key.proof 
350483     DEBUG main            d.u.i.k.p.i.AbstractProblemLoader Environment load took 81.7ns 
350484     INFO  main            d.u.i.k.p.i.AbstractProblemLoader Creating init config 
352770     DEBUG main            d.u.i.k.p.i.AbstractProblemLoader Init config took 2.29s 
352783     INFO  main            d.u.i.k.p.i.AbstractProblemLoader Replaying proof subsumptionExample.key.proof 
352785     DEBUG main            d.u.i.k.p.i.IntermediateProofReplayer Proof replay took 762.61ns 
352786     DEBUG main            d.u.i.k.p.r.p.TestFile    ... success: reloaded. 
352786     INFO  main            d.u.i.k.p.r.p.TestFile    Now processing file /home/runner/work/key/key/key.core/../key.ui/examples/standard_key/polySimp/simplify0.key 
352786     INFO  main            d.u.i.k.p.i.AbstractProblemLoader Loading environment from /home/runner/work/key/key/key.core/../key.ui/examples/standard_key/polySimp/simplify0.key 
352786     DEBUG main            d.u.i.k.p.i.AbstractProblemLoader Environment load took 46.4ns 
352787     INFO  main            d.u.i.k.p.i.AbstractProblemLoader Creating init config 
355116     DEBUG main            d.u.i.k.p.i.AbstractProblemLoader Init config took 2.33s 
355129     INFO  main            d.u.i.k.p.i.AbstractProblemLoader Replaying proof simplify0.key 
355130     DEBUG main            d.u.i.k.p.i.IntermediateProofReplayer Proof replay took 3.1ns 
355332     INFO  main            d.u.i.k.p.r.p.TestFile    ... finished proof: closed. 
355751     INFO  main            d.u.i.k.p.i.AbstractProblemLoader Loading environment from /home/runner/work/key/key/key.core/../key.ui/examples/standard_key/polySimp/simplify0.key.proof 
355751     DEBUG main            d.u.i.k.p.i.AbstractProblemLoader Environment load took 85.2ns 
355752     INFO  main            d.u.i.k.p.i.AbstractProblemLoader Creating init config 
358034     DEBUG main            d.u.i.k.p.i.AbstractProblemLoader Init config took 2.28s 
358047     INFO  main            d.u.i.k.p.i.AbstractProblemLoader Replaying proof simplify0.key.proof 
358063     DEBUG main            d.u.i.k.p.i.IntermediateProofReplayer Proof replay took 13.97ms 
358064     DEBUG main            d.u.i.k.p.r.p.TestFile    ... success: reloaded. 
358064     INFO  main            d.u.i.k.p.r.p.TestFile    Now processing file /home/runner/work/key/key/key.core/../key.ui/examples/standard_key/polySimp/simplify1.key 
358065     INFO  main            d.u.i.k.p.i.AbstractProblemLoader Loading environment from /home/runner/work/key/key/key.core/../key.ui/examples/standard_key/polySimp/simplify1.key 
358065     DEBUG main            d.u.i.k.p.i.AbstractProblemLoader Environment load took 87.9ns 
358066     INFO  main            d.u.i.k.p.i.AbstractProblemLoader Creating init config 
360400     DEBUG main            d.u.i.k.p.i.AbstractProblemLoader Init config took 2.33s 
360413     INFO  main            d.u.i.k.p.i.AbstractProblemLoader Replaying proof simplify1.key 
360414     DEBUG main            d.u.i.k.p.i.IntermediateProofReplayer Proof replay took 2.8ns 
360740     INFO  main            d.u.i.k.p.r.p.TestFile    ... finished proof: closed. 
361158     INFO  main            d.u.i.k.p.i.AbstractProblemLoader Loading environment from /home/runner/work/key/key/key.core/../key.ui/examples/standard_key/polySimp/simplify1.key.proof 
361158     DEBUG main            d.u.i.k.p.i.AbstractProblemLoader Environment load took 86.1ns 
361160     INFO  main            d.u.i.k.p.i.AbstractProblemLoader Creating init config 
363441     DEBUG main            d.u.i.k.p.i.AbstractProblemLoader Init config took 2.28s 
363455     INFO  main            d.u.i.k.p.i.AbstractProblemLoader Replaying proof simplify1.key.proof 
363477     DEBUG main            d.u.i.k.p.i.IntermediateProofReplayer Proof replay took 20.18ms 
363478     DEBUG main            d.u.i.k.p.r.p.TestFile    ... success: reloaded. 
363478     INFO  main            d.u.i.k.p.r.p.TestFile    Now processing file /home/runner/work/key/key/key.core/../key.ui/examples/standard_key/polySimp/simplify10.key 
363479     INFO  main            d.u.i.k.p.i.AbstractProblemLoader Loading environment from /home/runner/work/key/key/key.core/../key.ui/examples/standard_key/polySimp/simplify10.key 
363479     DEBUG main            d.u.i.k.p.i.AbstractProblemLoader Environment load took 46.7ns 
363480     INFO  main            d.u.i.k.p.i.AbstractProblemLoader Creating init config 
365825     DEBUG main            d.u.i.k.p.i.AbstractProblemLoader Init config took 2.34s 
365839     INFO  main            d.u.i.k.p.i.AbstractProblemLoader Replaying proof simplify10.key 
365840     DEBUG main            d.u.i.k.p.i.IntermediateProofReplayer Proof replay took 3.3ns 
366143     INFO  main            d.u.i.k.p.r.p.TestFile    ... finished proof: closed. 
366574     INFO  main            d.u.i.k.p.i.AbstractProblemLoader Loading environment from /home/runner/work/key/key/key.core/../key.ui/examples/standard_key/polySimp/simplify10.key.proof 
366574     DEBUG main            d.u.i.k.p.i.AbstractProblemLoader Environment load took 83.9ns 
366576     INFO  main            d.u.i.k.p.i.AbstractProblemLoader Creating init config 
368856     DEBUG main            d.u.i.k.p.i.AbstractProblemLoader Init config took 2.28s 
368871     INFO  main            d.u.i.k.p.i.AbstractProblemLoader Replaying proof simplify10.key.proof 
368912     DEBUG main            d.u.i.k.p.i.IntermediateProofReplayer Proof replay took 39.1ms 
368914     DEBUG main            d.u.i.k.p.r.p.TestFile    ... success: reloaded. 
368915     INFO  main            d.u.i.k.p.r.p.TestFile    Now processing file /home/runner/work/key/key/key.core/../key.ui/examples/standard_key/polySimp/simplify11.key 
368915     INFO  main            d.u.i.k.p.i.AbstractProblemLoader Loading environment from /home/runner/work/key/key/key.core/../key.ui/examples/standard_key/polySimp/simplify11.key 
368915     DEBUG main            d.u.i.k.p.i.AbstractProblemLoader Environment load took 70.6ns 
368916     INFO  main            d.u.i.k.p.i.AbstractProblemLoader Creating init config 
371263     DEBUG main            d.u.i.k.p.i.AbstractProblemLoader Init config took 2.35s 
371276     INFO  main            d.u.i.k.p.i.AbstractProblemLoader Replaying proof simplify11.key 
371277     DEBUG main            d.u.i.k.p.i.IntermediateProofReplayer Proof replay took 2.8ns 
371479     INFO  main            d.u.i.k.p.r.p.TestFile    ... finished proof: closed. 
371928     INFO  main            d.u.i.k.p.i.AbstractProblemLoader Loading environment from /home/runner/work/key/key/key.core/../key.ui/examples/standard_key/polySimp/simplify11.key.proof 
371928     DEBUG main            d.u.i.k.p.i.AbstractProblemLoader Environment load took 87.1ns 
371929     INFO  main            d.u.i.k.p.i.AbstractProblemLoader Creating init config 
374307     DEBUG main            d.u.i.k.p.i.AbstractProblemLoader Init config took 2.38s 
374320     INFO  main            d.u.i.k.p.i.AbstractProblemLoader Replaying proof simplify11.key.proof 
374340     DEBUG main            d.u.i.k.p.i.IntermediateProofReplayer Proof replay took 17.75ms 
374342     DEBUG main            d.u.i.k.p.r.p.TestFile    ... success: reloaded. 
374342     INFO  main            d.u.i.k.p.r.p.TestFile    Now processing file /home/runner/work/key/key/key.core/../key.ui/examples/standard_key/polySimp/simplify12.key 
374342     INFO  main            d.u.i.k.p.i.AbstractProblemLoader Loading environment from /home/runner/work/key/key/key.core/../key.ui/examples/standard_key/polySimp/simplify12.key 
374342     DEBUG main            d.u.i.k.p.i.AbstractProblemLoader Environment load took 77.3ns 
374343     INFO  main            d.u.i.k.p.i.AbstractProblemLoader Creating init config 
376682     DEBUG main            d.u.i.k.p.i.AbstractProblemLoader Init config took 2.34s 
376695     INFO  main            d.u.i.k.p.i.AbstractProblemLoader Replaying proof simplify12.key 
376696     DEBUG main            d.u.i.k.p.i.IntermediateProofReplayer Proof replay took 2.8ns 
376798     INFO  main            d.u.i.k.p.r.p.TestFile    ... finished proof: closed. 
377237     INFO  main            d.u.i.k.p.i.AbstractProblemLoader Loading environment from /home/runner/work/key/key/key.core/../key.ui/examples/standard_key/polySimp/simplify12.key.proof 
377237     DEBUG main            d.u.i.k.p.i.AbstractProblemLoader Environment load took 90.6ns 
377238     INFO  main            d.u.i.k.p.i.AbstractProblemLoader Creating init config 
379583     DEBUG main            d.u.i.k.p.i.AbstractProblemLoader Init config took 2.34s 
379596     INFO  main            d.u.i.k.p.i.AbstractProblemLoader Replaying proof simplify12.key.proof 
379606     DEBUG main            d.u.i.k.p.i.IntermediateProofReplayer Proof replay took 8.3ms 
379607     DEBUG main            d.u.i.k.p.r.p.TestFile    ... success: reloaded. 
379607     INFO  main            d.u.i.k.p.r.p.TestFile    Now processing file /home/runner/work/key/key/key.core/../key.ui/examples/standard_key/polySimp/simplify13.key 
379607     INFO  main            d.u.i.k.p.i.AbstractProblemLoader Loading environment from /home/runner/work/key/key/key.core/../key.ui/examples/standard_key/polySimp/simplify13.key 
379607     DEBUG main            d.u.i.k.p.i.AbstractProblemLoader Environment load took 52.6ns 
379608     INFO  main            d.u.i.k.p.i.AbstractProblemLoader Creating init config 
381946     DEBUG main            d.u.i.k.p.i.AbstractProblemLoader Init config took 2.34s 
381959     INFO  main            d.u.i.k.p.i.AbstractProblemLoader Replaying proof simplify13.key 
381960     DEBUG main            d.u.i.k.p.i.IntermediateProofReplayer Proof replay took 2.6ns 
382062     INFO  main            d.u.i.k.p.r.p.TestFile    ... finished proof: closed. 
382512     INFO  main            d.u.i.k.p.i.AbstractProblemLoader Loading environment from /home/runner/work/key/key/key.core/../key.ui/examples/standard_key/polySimp/simplify13.key.proof 
382512     DEBUG main            d.u.i.k.p.i.AbstractProblemLoader Environment load took 87.8ns 
382513     INFO  main            d.u.i.k.p.i.AbstractProblemLoader Creating init config 
384862     DEBUG main            d.u.i.k.p.i.AbstractProblemLoader Init config took 2.35s 
384875     INFO  main            d.u.i.k.p.i.AbstractProblemLoader Replaying proof simplify13.key.proof 
384881     DEBUG main            d.u.i.k.p.i.IntermediateProofReplayer Proof replay took 4.8ms 
384882     DEBUG main            d.u.i.k.p.r.p.TestFile    ... success: reloaded. 
384882     INFO  main            d.u.i.k.p.r.p.TestFile    Now processing file /home/runner/work/key/key/key.core/../key.ui/examples/standard_key/polySimp/simplify14.key 
384883     INFO  main            d.u.i.k.p.i.AbstractProblemLoader Loading environment from /home/runner/work/key/key/key.core/../key.ui/examples/standard_key/polySimp/simplify14.key 
384883     DEBUG main            d.u.i.k.p.i.AbstractProblemLoader Environment load took 46.4ns 
384884     INFO  main            d.u.i.k.p.i.AbstractProblemLoader Creating init config 
387220     DEBUG main            d.u.i.k.p.i.AbstractProblemLoader Init config took 2.34s 
387233     INFO  main            d.u.i.k.p.i.AbstractProblemLoader Replaying proof simplify14.key 
387234     DEBUG main            d.u.i.k.p.i.IntermediateProofReplayer Proof replay took 2.8ns 
387336     INFO  main            d.u.i.k.p.r.p.TestFile    ... finished proof: closed. 
387770     INFO  main            d.u.i.k.p.i.AbstractProblemLoader Loading environment from /home/runner/work/key/key/key.core/../key.ui/examples/standard_key/polySimp/simplify14.key.proof 
387770     DEBUG main            d.u.i.k.p.i.AbstractProblemLoader Environment load took 79.9ns 
387771     INFO  main            d.u.i.k.p.i.AbstractProblemLoader Creating init config 
390226     DEBUG main            d.u.i.k.p.i.AbstractProblemLoader Init config took 2.45s 
390239     INFO  main            d.u.i.k.p.i.AbstractProblemLoader Replaying proof simplify14.key.proof 
390242     DEBUG main            d.u.i.k.p.i.IntermediateProofReplayer Proof replay took 1.32ms 
390243     DEBUG main            d.u.i.k.p.r.p.TestFile    ... success: reloaded. 
390244     INFO  main            d.u.i.k.p.r.p.TestFile    Now processing file /home/runner/work/key/key/key.core/../key.ui/examples/standard_key/polySimp/simplify15.key 
390244     INFO  main            d.u.i.k.p.i.AbstractProblemLoader Loading environment from /home/runner/work/key/key/key.core/../key.ui/examples/standard_key/polySimp/simplify15.key 
390244     DEBUG main            d.u.i.k.p.i.AbstractProblemLoader Environment load took 180.7ns 
390245     INFO  main            d.u.i.k.p.i.AbstractProblemLoader Creating init config 
392695     DEBUG main            d.u.i.k.p.i.AbstractProblemLoader Init config took 2.45s 
392708     INFO  main            d.u.i.k.p.i.AbstractProblemLoader Replaying proof simplify15.key 
392709     DEBUG main            d.u.i.k.p.i.IntermediateProofReplayer Proof replay took 2.1ns 
392811     INFO  main            d.u.i.k.p.r.p.TestFile    ... finished proof: closed. 
393235     INFO  main            d.u.i.k.p.i.AbstractProblemLoader Loading environment from /home/runner/work/key/key/key.core/../key.ui/examples/standard_key/polySimp/simplify15.key.proof 
393235     DEBUG main            d.u.i.k.p.i.AbstractProblemLoader Environment load took 147.9ns 
393236     INFO  main            d.u.i.k.p.i.AbstractProblemLoader Creating init config 
395619     DEBUG main            d.u.i.k.p.i.AbstractProblemLoader Init config took 2.38s 
395634     INFO  main            d.u.i.k.p.i.AbstractProblemLoader Replaying proof simplify15.key.proof 
395639     DEBUG main            d.u.i.k.p.i.IntermediateProofReplayer Proof replay took 784.71ns 
395640     DEBUG main            d.u.i.k.p.r.p.TestFile    ... success: reloaded. 
395641     INFO  main            d.u.i.k.p.r.p.TestFile    Now processing file /home/runner/work/key/key/key.core/../key.ui/examples/standard_key/polySimp/simplify16.key 
395642     INFO  main            d.u.i.k.p.i.AbstractProblemLoader Loading environment from /home/runner/work/key/key/key.core/../key.ui/examples/standard_key/polySimp/simplify16.key 
395642     DEBUG main            d.u.i.k.p.i.AbstractProblemLoader Environment load took 194ns 
395643     INFO  main            d.u.i.k.p.i.AbstractProblemLoader Creating init config 
398210     DEBUG main            d.u.i.k.p.i.AbstractProblemLoader Init config took 2.57s 
398224     INFO  main            d.u.i.k.p.i.AbstractProblemLoader Replaying proof simplify16.key 
398225     DEBUG main            d.u.i.k.p.i.IntermediateProofReplayer Proof replay took 2.7ns 
398328     INFO  main            d.u.i.k.p.r.p.TestFile    ... finished proof: closed. 
398778     INFO  main            d.u.i.k.p.i.AbstractProblemLoader Loading environment from /home/runner/work/key/key/key.core/../key.ui/examples/standard_key/polySimp/simplify16.key.proof 
398778     DEBUG main            d.u.i.k.p.i.AbstractProblemLoader Environment load took 85ns 
398779     INFO  main            d.u.i.k.p.i.AbstractProblemLoader Creating init config 
401046     DEBUG main            d.u.i.k.p.i.AbstractProblemLoader Init config took 2.27s 
401059     INFO  main            d.u.i.k.p.i.AbstractProblemLoader Replaying proof simplify16.key.proof 
401060     DEBUG main            d.u.i.k.p.i.IntermediateProofReplayer Proof replay took 464.61ns 
401061     DEBUG main            d.u.i.k.p.r.p.TestFile    ... success: reloaded. 
401061     INFO  main            d.u.i.k.p.r.p.TestFile    Now processing file /home/runner/work/key/key/key.core/../key.ui/examples/standard_key/polySimp/simplify17.key 
401062     INFO  main            d.u.i.k.p.i.AbstractProblemLoader Loading environment from /home/runner/work/key/key/key.core/../key.ui/examples/standard_key/polySimp/simplify17.key 
401062     DEBUG main            d.u.i.k.p.i.AbstractProblemLoader Environment load took 44.6ns 
401062     INFO  main            d.u.i.k.p.i.AbstractProblemLoader Creating init config 
403357     DEBUG main            d.u.i.k.p.i.AbstractProblemLoader Init config took 2.29s 
403369     INFO  main            d.u.i.k.p.i.AbstractProblemLoader Replaying proof simplify17.key 
403370     DEBUG main            d.u.i.k.p.i.IntermediateProofReplayer Proof replay took 2.7ns 
403475     INFO  main            d.u.i.k.p.r.p.TestFile    ... finished proof: closed. 
403931     INFO  main            d.u.i.k.p.i.AbstractProblemLoader Loading environment from /home/runner/work/key/key/key.core/../key.ui/examples/standard_key/polySimp/simplify17.key.proof 
403931     DEBUG main            d.u.i.k.p.i.AbstractProblemLoader Environment load took 86.6ns 
403932     INFO  main            d.u.i.k.p.i.AbstractProblemLoader Creating init config 
406214     DEBUG main            d.u.i.k.p.i.AbstractProblemLoader Init config took 2.28s 
406227     INFO  main            d.u.i.k.p.i.AbstractProblemLoader Replaying proof simplify17.key.proof 
406234     DEBUG main            d.u.i.k.p.i.IntermediateProofReplayer Proof replay took 5.11ms 
406234     DEBUG main            d.u.i.k.p.r.p.TestFile    ... success: reloaded. 
406235     INFO  main            d.u.i.k.p.r.p.TestFile    Now processing file /home/runner/work/key/key/key.core/../key.ui/examples/standard_key/polySimp/simplify18.key 
406235     INFO  main            d.u.i.k.p.i.AbstractProblemLoader Loading environment from /home/runner/work/key/key/key.core/../key.ui/examples/standard_key/polySimp/simplify18.key 
406235     DEBUG main            d.u.i.k.p.i.AbstractProblemLoader Environment load took 51.1ns 
406236     INFO  main            d.u.i.k.p.i.AbstractProblemLoader Creating init config 
408534     DEBUG main            d.u.i.k.p.i.AbstractProblemLoader Init config took 2.3s 
408548     INFO  main            d.u.i.k.p.i.AbstractProblemLoader Replaying proof simplify18.key 
408549     DEBUG main            d.u.i.k.p.i.IntermediateProofReplayer Proof replay took 2.8ns 
408751     INFO  main            d.u.i.k.p.r.p.TestFile    ... finished proof: closed. 
409209     INFO  main            d.u.i.k.p.i.AbstractProblemLoader Loading environment from /home/runner/work/key/key/key.core/../key.ui/examples/standard_key/polySimp/simplify18.key.proof 
409209     DEBUG main            d.u.i.k.p.i.AbstractProblemLoader Environment load took 84.8ns 
409210     INFO  main            d.u.i.k.p.i.AbstractProblemLoader Creating init config 
411466     DEBUG main            d.u.i.k.p.i.AbstractProblemLoader Init config took 2.26s 
411480     INFO  main            d.u.i.k.p.i.AbstractProblemLoader Replaying proof simplify18.key.proof 
411495     DEBUG main            d.u.i.k.p.i.IntermediateProofReplayer Proof replay took 13.6ms 
411496     DEBUG main            d.u.i.k.p.r.p.TestFile    ... success: reloaded. 
411497     INFO  main            d.u.i.k.p.r.p.TestFile    Now processing file /home/runner/work/key/key/key.core/../key.ui/examples/standard_key/polySimp/simplify19.key 
411497     INFO  main            d.u.i.k.p.i.AbstractProblemLoader Loading environment from /home/runner/work/key/key/key.core/../key.ui/examples/standard_key/polySimp/simplify19.key 
411497     DEBUG main            d.u.i.k.p.i.AbstractProblemLoader Environment load took 64.3ns 
411498     INFO  main            d.u.i.k.p.i.AbstractProblemLoader Creating init config 
413789     DEBUG main            d.u.i.k.p.i.AbstractProblemLoader Init config took 2.29s 
413803     INFO  main            d.u.i.k.p.i.AbstractProblemLoader Replaying proof simplify19.key 
413804     DEBUG main            d.u.i.k.p.i.IntermediateProofReplayer Proof replay took 3.7ns 
416844     INFO  main            d.u.i.k.p.r.p.TestFile    ... finished proof: closed. 
417359     INFO  main            d.u.i.k.p.i.AbstractProblemLoader Loading environment from /home/runner/work/key/key/key.core/../key.ui/examples/standard_key/polySimp/simplify19.key.proof 
417360     DEBUG main            d.u.i.k.p.i.AbstractProblemLoader Environment load took 92.5ns 
417361     INFO  main            d.u.i.k.p.i.AbstractProblemLoader Creating init config 
419620     DEBUG main            d.u.i.k.p.i.AbstractProblemLoader Init config took 2.26s 
419633     INFO  main            d.u.i.k.p.i.AbstractProblemLoader Replaying proof simplify19.key.proof 
419866     DEBUG main            d.u.i.k.p.i.IntermediateProofReplayer Proof replay took 221.65ms 
419868     DEBUG main            d.u.i.k.p.r.p.TestFile    ... success: reloaded. 
419868     INFO  main            d.u.i.k.p.r.p.TestFile    Now processing file /home/runner/work/key/key/key.core/../key.ui/examples/standard_key/polySimp/simplify2.key 
419868     INFO  main            d.u.i.k.p.i.AbstractProblemLoader Loading environment from /home/runner/work/key/key/key.core/../key.ui/examples/standard_key/polySimp/simplify2.key 
419868     DEBUG main            d.u.i.k.p.i.AbstractProblemLoader Environment load took 72.5ns 
419869     INFO  main            d.u.i.k.p.i.AbstractProblemLoader Creating init config 
422195     DEBUG main            d.u.i.k.p.i.AbstractProblemLoader Init config took 2.33s 
422208     INFO  main            d.u.i.k.p.i.AbstractProblemLoader Replaying proof simplify2.key 
422209     DEBUG main            d.u.i.k.p.i.IntermediateProofReplayer Proof replay took 2.7ns 
422311     INFO  main            d.u.i.k.p.r.p.TestFile    ... finished proof: closed. 
422824     INFO  main            d.u.i.k.p.i.AbstractProblemLoader Loading environment from /home/runner/work/key/key/key.core/../key.ui/examples/standard_key/polySimp/simplify2.key.proof 
422824     DEBUG main            d.u.i.k.p.i.AbstractProblemLoader Environment load took 86.9ns 
422825     INFO  main            d.u.i.k.p.i.AbstractProblemLoader Creating init config 
425082     DEBUG main            d.u.i.k.p.i.AbstractProblemLoader Init config took 2.26s 
425095     INFO  main            d.u.i.k.p.i.AbstractProblemLoader Replaying proof simplify2.key.proof 
425097     DEBUG main            d.u.i.k.p.i.IntermediateProofReplayer Proof replay took 807.1ns 
425098     DEBUG main            d.u.i.k.p.r.p.TestFile    ... success: reloaded. 
425098     INFO  main            d.u.i.k.p.r.p.TestFile    Now processing file /home/runner/work/key/key/key.core/../key.ui/examples/standard_key/polySimp/simplify20.key 
425098     INFO  main            d.u.i.k.p.i.AbstractProblemLoader Loading environment from /home/runner/work/key/key/key.core/../key.ui/examples/standard_key/polySimp/simplify20.key 
425098     DEBUG main            d.u.i.k.p.i.AbstractProblemLoader Environment load took 50.5ns 
425099     INFO  main            d.u.i.k.p.i.AbstractProblemLoader Creating init config 
427402     DEBUG main            d.u.i.k.p.i.AbstractProblemLoader Init config took 2.3s 
427415     INFO  main            d.u.i.k.p.i.AbstractProblemLoader Replaying proof simplify20.key 
427417     DEBUG main            d.u.i.k.p.i.IntermediateProofReplayer Proof replay took 3.3ns 
428022     INFO  main            d.u.i.k.p.r.p.TestFile    ... finished proof: closed. 
428541     INFO  main            d.u.i.k.p.i.AbstractProblemLoader Loading environment from /home/runner/work/key/key/key.core/../key.ui/examples/standard_key/polySimp/simplify20.key.proof 
428541     DEBUG main            d.u.i.k.p.i.AbstractProblemLoader Environment load took 387.41ns 
428543     INFO  main            d.u.i.k.p.i.AbstractProblemLoader Creating init config 
430811     DEBUG main            d.u.i.k.p.i.AbstractProblemLoader Init config took 2.27s 
430825     INFO  main            d.u.i.k.p.i.AbstractProblemLoader Replaying proof simplify20.key.proof 
430891     DEBUG main            d.u.i.k.p.i.IntermediateProofReplayer Proof replay took 59.45ms 
430892     DEBUG main            d.u.i.k.p.r.p.TestFile    ... success: reloaded. 
430893     INFO  main            d.u.i.k.p.r.p.TestFile    Now processing file /home/runner/work/key/key/key.core/../key.ui/examples/standard_key/polySimp/simplify21.key 
430893     INFO  main            d.u.i.k.p.i.AbstractProblemLoader Loading environment from /home/runner/work/key/key/key.core/../key.ui/examples/standard_key/polySimp/simplify21.key 
430893     DEBUG main            d.u.i.k.p.i.AbstractProblemLoader Environment load took 78.9ns 
430896     INFO  main            d.u.i.k.p.i.AbstractProblemLoader Creating init config 
433226     DEBUG main            d.u.i.k.p.i.AbstractProblemLoader Init config took 2.33s 
433240     INFO  main            d.u.i.k.p.i.AbstractProblemLoader Replaying proof simplify21.key 
433241     DEBUG main            d.u.i.k.p.i.IntermediateProofReplayer Proof replay took 2.5ns 
433847     INFO  main            d.u.i.k.p.r.p.TestFile    ... finished proof: closed. 
434392     INFO  main            d.u.i.k.p.i.AbstractProblemLoader Loading environment from /home/runner/work/key/key/key.core/../key.ui/examples/standard_key/polySimp/simplify21.key.proof 
434392     DEBUG main            d.u.i.k.p.i.AbstractProblemLoader Environment load took 95.2ns 
434394     INFO  main            d.u.i.k.p.i.AbstractProblemLoader Creating init config 
436667     DEBUG main            d.u.i.k.p.i.AbstractProblemLoader Init config took 2.27s 
436683     INFO  main            d.u.i.k.p.i.AbstractProblemLoader Replaying proof simplify21.key.proof 
436732     DEBUG main            d.u.i.k.p.i.IntermediateProofReplayer Proof replay took 44.95ms 
436734     DEBUG main            d.u.i.k.p.r.p.TestFile    ... success: reloaded. 
436734     INFO  main            d.u.i.k.p.r.p.TestFile    Now processing file /home/runner/work/key/key/key.core/../key.ui/examples/standard_key/polySimp/simplify22.key 
436734     INFO  main            d.u.i.k.p.i.AbstractProblemLoader Loading environment from /home/runner/work/key/key/key.core/../key.ui/examples/standard_key/polySimp/simplify22.key 
436735     DEBUG main            d.u.i.k.p.i.AbstractProblemLoader Environment load took 79.1ns 
436735     INFO  main            d.u.i.k.p.i.AbstractProblemLoader Creating init config 
439047     DEBUG main            d.u.i.k.p.i.AbstractProblemLoader Init config took 2.31s 
439064     INFO  main            d.u.i.k.p.i.AbstractProblemLoader Replaying proof simplify22.key 
439065     DEBUG main            d.u.i.k.p.i.IntermediateProofReplayer Proof replay took 2.8ns 
439167     INFO  main            d.u.i.k.p.r.p.TestFile    ... finished proof: closed. 
439664     INFO  main            d.u.i.k.p.i.AbstractProblemLoader Loading environment from /home/runner/work/key/key/key.core/../key.ui/examples/standard_key/polySimp/simplify22.key.proof 
439664     DEBUG main            d.u.i.k.p.i.AbstractProblemLoader Environment load took 84.6ns 
439665     INFO  main            d.u.i.k.p.i.AbstractProblemLoader Creating init config 
441924     DEBUG main            d.u.i.k.p.i.AbstractProblemLoader Init config took 2.26s 
441938     INFO  main            d.u.i.k.p.i.AbstractProblemLoader Replaying proof simplify22.key.proof 
441941     DEBUG main            d.u.i.k.p.i.IntermediateProofReplayer Proof replay took 2.28ms 
441942     DEBUG main            d.u.i.k.p.r.p.TestFile    ... success: reloaded. 
441942     INFO  main            d.u.i.k.p.r.p.TestFile    Now processing file /home/runner/work/key/key/key.core/../key.ui/examples/standard_key/polySimp/simplify23.key 
441943     INFO  main            d.u.i.k.p.i.AbstractProblemLoader Loading environment from /home/runner/work/key/key/key.core/../key.ui/examples/standard_key/polySimp/simplify23.key 
441943     DEBUG main            d.u.i.k.p.i.AbstractProblemLoader Environment load took 77.7ns 
441943     INFO  main            d.u.i.k.p.i.AbstractProblemLoader Creating init config 
444245     DEBUG main            d.u.i.k.p.i.AbstractProblemLoader Init config took 2.3s 
444257     INFO  main            d.u.i.k.p.i.AbstractProblemLoader Replaying proof simplify23.key 
444259     DEBUG main            d.u.i.k.p.i.IntermediateProofReplayer Proof replay took 3.5ns 
444361     INFO  main            d.u.i.k.p.r.p.TestFile    ... finished proof: closed. 
444862     INFO  main            d.u.i.k.p.i.AbstractProblemLoader Loading environment from /home/runner/work/key/key/key.core/../key.ui/examples/standard_key/polySimp/simplify23.key.proof 
444862     DEBUG main            d.u.i.k.p.i.AbstractProblemLoader Environment load took 88.1ns 
444863     INFO  main            d.u.i.k.p.i.AbstractProblemLoader Creating init config 
447125     DEBUG main            d.u.i.k.p.i.AbstractProblemLoader Init config took 2.26s 
447138     INFO  main            d.u.i.k.p.i.AbstractProblemLoader Replaying proof simplify23.key.proof 
447151     DEBUG main            d.u.i.k.p.i.IntermediateProofReplayer Proof replay took 10.95ms 
447152     DEBUG main            d.u.i.k.p.r.p.TestFile    ... success: reloaded. 
447152     INFO  main            d.u.i.k.p.r.p.TestFile    Now processing file /home/runner/work/key/key/key.core/../key.ui/examples/standard_key/polySimp/simplify24.key 
447153     INFO  main            d.u.i.k.p.i.AbstractProblemLoader Loading environment from /home/runner/work/key/key/key.core/../key.ui/examples/standard_key/polySimp/simplify24.key 
447153     DEBUG main            d.u.i.k.p.i.AbstractProblemLoader Environment load took 46.2ns 
447153     INFO  main            d.u.i.k.p.i.AbstractProblemLoader Creating init config 
449466     DEBUG main            d.u.i.k.p.i.AbstractProblemLoader Init config took 2.31s 
449479     INFO  main            d.u.i.k.p.i.AbstractProblemLoader Replaying proof simplify24.key 
449480     DEBUG main            d.u.i.k.p.i.IntermediateProofReplayer Proof replay took 3.1ns 
449582     INFO  main            d.u.i.k.p.r.p.TestFile    ... finished proof: closed. 
450077     INFO  main            d.u.i.k.p.i.AbstractProblemLoader Loading environment from /home/runner/work/key/key/key.core/../key.ui/examples/standard_key/polySimp/simplify24.key.proof 
450077     DEBUG main            d.u.i.k.p.i.AbstractProblemLoader Environment load took 84.5ns 
450078     INFO  main            d.u.i.k.p.i.AbstractProblemLoader Creating init config 
452350     DEBUG main            d.u.i.k.p.i.AbstractProblemLoader Init config took 2.27s 
452363     INFO  main            d.u.i.k.p.i.AbstractProblemLoader Replaying proof simplify24.key.proof 
452367     DEBUG main            d.u.i.k.p.i.IntermediateProofReplayer Proof replay took 2.4ms 
452367     DEBUG main            d.u.i.k.p.r.p.TestFile    ... success: reloaded. 
452368     INFO  main            d.u.i.k.p.r.p.TestFile    Now processing file /home/runner/work/key/key/key.core/../key.ui/examples/standard_key/polySimp/simplify25.key 
452368     INFO  main            d.u.i.k.p.i.AbstractProblemLoader Loading environment from /home/runner/work/key/key/key.core/../key.ui/examples/standard_key/polySimp/simplify25.key 
452368     DEBUG main            d.u.i.k.p.i.AbstractProblemLoader Environment load took 65.4ns 
452372     INFO  main            d.u.i.k.p.i.AbstractProblemLoader Creating init config 
454682     DEBUG main            d.u.i.k.p.i.AbstractProblemLoader Init config took 2.31s 
454698     INFO  main            d.u.i.k.p.i.AbstractProblemLoader Replaying proof simplify25.key 
454699     DEBUG main            d.u.i.k.p.i.IntermediateProofReplayer Proof replay took 3.3ns 
454801     INFO  main            d.u.i.k.p.r.p.TestFile    ... finished proof: closed. 
455292     INFO  main            d.u.i.k.p.i.AbstractProblemLoader Loading environment from /home/runner/work/key/key/key.core/../key.ui/examples/standard_key/polySimp/simplify25.key.proof 
455292     DEBUG main            d.u.i.k.p.i.AbstractProblemLoader Environment load took 83.3ns 
455293     INFO  main            d.u.i.k.p.i.AbstractProblemLoader Creating init config 
457558     DEBUG main            d.u.i.k.p.i.AbstractProblemLoader Init config took 2.26s 
457571     INFO  main            d.u.i.k.p.i.AbstractProblemLoader Replaying proof simplify25.key.proof 
457575     DEBUG main            d.u.i.k.p.i.IntermediateProofReplayer Proof replay took 2.44ms 
457576     DEBUG main            d.u.i.k.p.r.p.TestFile    ... success: reloaded. 
457576     INFO  main            d.u.i.k.p.r.p.TestFile    Now processing file /home/runner/work/key/key/key.core/../key.ui/examples/standard_key/polySimp/simplify3.key 
457576     INFO  main            d.u.i.k.p.i.AbstractProblemLoader Loading environment from /home/runner/work/key/key/key.core/../key.ui/examples/standard_key/polySimp/simplify3.key 
457576     DEBUG main            d.u.i.k.p.i.AbstractProblemLoader Environment load took 44.4ns 
457577     INFO  main            d.u.i.k.p.i.AbstractProblemLoader Creating init config 
459880     DEBUG main            d.u.i.k.p.i.AbstractProblemLoader Init config took 2.3s 
459893     INFO  main            d.u.i.k.p.i.AbstractProblemLoader Replaying proof simplify3.key 
459894     DEBUG main            d.u.i.k.p.i.IntermediateProofReplayer Proof replay took 3.3ns 
459995     INFO  main            d.u.i.k.p.r.p.TestFile    ... finished proof: closed. 
460498     INFO  main            d.u.i.k.p.i.AbstractProblemLoader Loading environment from /home/runner/work/key/key/key.core/../key.ui/examples/standard_key/polySimp/simplify3.key.proof 
460498     DEBUG main            d.u.i.k.p.i.AbstractProblemLoader Environment load took 86.4ns 
460499     INFO  main            d.u.i.k.p.i.AbstractProblemLoader Creating init config 
462765     DEBUG main            d.u.i.k.p.i.AbstractProblemLoader Init config took 2.27s 
462778     INFO  main            d.u.i.k.p.i.AbstractProblemLoader Replaying proof simplify3.key.proof 
462781     DEBUG main            d.u.i.k.p.i.IntermediateProofReplayer Proof replay took 932.51ns 
462781     DEBUG main            d.u.i.k.p.r.p.TestFile    ... success: reloaded. 
462782     INFO  main            d.u.i.k.p.r.p.TestFile    Now processing file /home/runner/work/key/key/key.core/../key.ui/examples/standard_key/polySimp/simplify4.key 
462782     INFO  main            d.u.i.k.p.i.AbstractProblemLoader Loading environment from /home/runner/work/key/key/key.core/../key.ui/examples/standard_key/polySimp/simplify4.key 
462782     DEBUG main            d.u.i.k.p.i.AbstractProblemLoader Environment load took 63.1ns 
462783     INFO  main            d.u.i.k.p.i.AbstractProblemLoader Creating init config 
465090     DEBUG main            d.u.i.k.p.i.AbstractProblemLoader Init config took 2.31s 
465103     INFO  main            d.u.i.k.p.i.AbstractProblemLoader Replaying proof simplify4.key 
465104     DEBUG main            d.u.i.k.p.i.IntermediateProofReplayer Proof replay took 3.2ns 
465205     INFO  main            d.u.i.k.p.r.p.TestFile    ... finished proof: closed. 
465703     INFO  main            d.u.i.k.p.i.AbstractProblemLoader Loading environment from /home/runner/work/key/key/key.core/../key.ui/examples/standard_key/polySimp/simplify4.key.proof 
465703     DEBUG main            d.u.i.k.p.i.AbstractProblemLoader Environment load took 107.3ns 
465704     INFO  main            d.u.i.k.p.i.AbstractProblemLoader Creating init config 
467973     DEBUG main            d.u.i.k.p.i.AbstractProblemLoader Init config took 2.27s 
467986     INFO  main            d.u.i.k.p.i.AbstractProblemLoader Replaying proof simplify4.key.proof 
467988     DEBUG main            d.u.i.k.p.i.IntermediateProofReplayer Proof replay took 1.14ms 
467989     DEBUG main            d.u.i.k.p.r.p.TestFile    ... success: reloaded. 
467989     INFO  main            d.u.i.k.p.r.p.TestFile    Now processing file /home/runner/work/key/key/key.core/../key.ui/examples/standard_key/polySimp/simplify5.key 
467990     INFO  main            d.u.i.k.p.i.AbstractProblemLoader Loading environment from /home/runner/work/key/key/key.core/../key.ui/examples/standard_key/polySimp/simplify5.key 
467990     DEBUG main            d.u.i.k.p.i.AbstractProblemLoader Environment load took 63.3ns 
467991     INFO  main            d.u.i.k.p.i.AbstractProblemLoader Creating init config 
470297     DEBUG main            d.u.i.k.p.i.AbstractProblemLoader Init config took 2.31s 
470309     INFO  main            d.u.i.k.p.i.AbstractProblemLoader Replaying proof simplify5.key 
470310     DEBUG main            d.u.i.k.p.i.IntermediateProofReplayer Proof replay took 2.7ns 
470412     INFO  main            d.u.i.k.p.r.p.TestFile    ... finished proof: closed. 
470920     INFO  main            d.u.i.k.p.i.AbstractProblemLoader Loading environment from /home/runner/work/key/key/key.core/../key.ui/examples/standard_key/polySimp/simplify5.key.proof 
470920     DEBUG main            d.u.i.k.p.i.AbstractProblemLoader Environment load took 76.7ns 
470921     INFO  main            d.u.i.k.p.i.AbstractProblemLoader Creating init config 
473178     DEBUG main            d.u.i.k.p.i.AbstractProblemLoader Init config took 2.26s 
473191     INFO  main            d.u.i.k.p.i.AbstractProblemLoader Replaying proof simplify5.key.proof 
473198     DEBUG main            d.u.i.k.p.i.IntermediateProofReplayer Proof replay took 5.47ms 
473198     DEBUG main            d.u.i.k.p.r.p.TestFile    ... success: reloaded. 
473199     INFO  main            d.u.i.k.p.r.p.TestFile    Now processing file /home/runner/work/key/key/key.core/../key.ui/examples/standard_key/polySimp/simplify6.key 
473199     INFO  main            d.u.i.k.p.i.AbstractProblemLoader Loading environment from /home/runner/work/key/key/key.core/../key.ui/examples/standard_key/polySimp/simplify6.key 
473199     DEBUG main            d.u.i.k.p.i.AbstractProblemLoader Environment load took 45.2ns 
473200     INFO  main            d.u.i.k.p.i.AbstractProblemLoader Creating init config 
475501     DEBUG main            d.u.i.k.p.i.AbstractProblemLoader Init config took 2.3s 
475514     INFO  main            d.u.i.k.p.i.AbstractProblemLoader Replaying proof simplify6.key 
475515     DEBUG main            d.u.i.k.p.i.IntermediateProofReplayer Proof replay took 2.6ns 
475617     INFO  main            d.u.i.k.p.r.p.TestFile    ... finished proof: closed. 
476142     INFO  main            d.u.i.k.p.i.AbstractProblemLoader Loading environment from /home/runner/work/key/key/key.core/../key.ui/examples/standard_key/polySimp/simplify6.key.proof 
476142     DEBUG main            d.u.i.k.p.i.AbstractProblemLoader Environment load took 77.7ns 
476143     INFO  main            d.u.i.k.p.i.AbstractProblemLoader Creating init config 
478415     DEBUG main            d.u.i.k.p.i.AbstractProblemLoader Init config took 2.27s 
478428     INFO  main            d.u.i.k.p.i.AbstractProblemLoader Replaying proof simplify6.key.proof 
478430     DEBUG main            d.u.i.k.p.i.IntermediateProofReplayer Proof replay took 349.2ns 
478431     DEBUG main            d.u.i.k.p.r.p.TestFile    ... success: reloaded. 
478431     INFO  main            d.u.i.k.p.r.p.TestFile    Now processing file /home/runner/work/key/key/key.core/../key.ui/examples/standard_key/polySimp/simplify7.key 
478431     INFO  main            d.u.i.k.p.i.AbstractProblemLoader Loading environment from /home/runner/work/key/key/key.core/../key.ui/examples/standard_key/polySimp/simplify7.key 
478431     DEBUG main            d.u.i.k.p.i.AbstractProblemLoader Environment load took 45.6ns 
478432     INFO  main            d.u.i.k.p.i.AbstractProblemLoader Creating init config 
480741     DEBUG main            d.u.i.k.p.i.AbstractProblemLoader Init config took 2.31s 
480755     INFO  main            d.u.i.k.p.i.AbstractProblemLoader Replaying proof simplify7.key 
480756     DEBUG main            d.u.i.k.p.i.IntermediateProofReplayer Proof replay took 3.4ns 
480858     INFO  main            d.u.i.k.p.r.p.TestFile    ... finished proof: closed. 
481387     INFO  main            d.u.i.k.p.i.AbstractProblemLoader Loading environment from /home/runner/work/key/key/key.core/../key.ui/examples/standard_key/polySimp/simplify7.key.proof 
481387     DEBUG main            d.u.i.k.p.i.AbstractProblemLoader Environment load took 109.3ns 
481388     INFO  main            d.u.i.k.p.i.AbstractProblemLoader Creating init config 
483654     DEBUG main            d.u.i.k.p.i.AbstractProblemLoader Init config took 2.27s 
483667     INFO  main            d.u.i.k.p.i.AbstractProblemLoader Replaying proof simplify7.key.proof 
483669     DEBUG main            d.u.i.k.p.i.IntermediateProofReplayer Proof replay took 572.61ns 
483670     DEBUG main            d.u.i.k.p.r.p.TestFile    ... success: reloaded. 
483670     INFO  main            d.u.i.k.p.r.p.TestFile    Now processing file /home/runner/work/key/key/key.core/../key.ui/examples/standard_key/polySimp/simplify8.key 
483670     INFO  main            d.u.i.k.p.i.AbstractProblemLoader Loading environment from /home/runner/work/key/key/key.core/../key.ui/examples/standard_key/polySimp/simplify8.key 
483670     DEBUG main            d.u.i.k.p.i.AbstractProblemLoader Environment load took 42.8ns 
483673     INFO  main            d.u.i.k.p.i.AbstractProblemLoader Creating init config 
485972     DEBUG main            d.u.i.k.p.i.AbstractProblemLoader Init config took 2.3s 
485986     INFO  main            d.u.i.k.p.i.AbstractProblemLoader Replaying proof simplify8.key 
485987     DEBUG main            d.u.i.k.p.i.IntermediateProofReplayer Proof replay took 3.6ns 
489924     INFO  main            d.u.i.k.p.r.p.TestFile    ... finished proof: closed. 
490471     INFO  main            d.u.i.k.p.i.AbstractProblemLoader Loading environment from /home/runner/work/key/key/key.core/../key.ui/examples/standard_key/polySimp/simplify8.key.proof 
490471     DEBUG main            d.u.i.k.p.i.AbstractProblemLoader Environment load took 92.1ns 
490473     INFO  main            d.u.i.k.p.i.AbstractProblemLoader Creating init config 
492754     DEBUG main            d.u.i.k.p.i.AbstractProblemLoader Init config took 2.28s 
492770     INFO  main            d.u.i.k.p.i.AbstractProblemLoader Replaying proof simplify8.key.proof 
492946     DEBUG main            d.u.i.k.p.i.IntermediateProofReplayer Proof replay took 171.04ms 
492948     DEBUG main            d.u.i.k.p.r.p.TestFile    ... success: reloaded. 
492949     INFO  main            d.u.i.k.p.r.p.TestFile    Now processing file /home/runner/work/key/key/key.core/../key.ui/examples/standard_key/polySimp/simplify9.key 
492949     INFO  main            d.u.i.k.p.i.AbstractProblemLoader Loading environment from /home/runner/work/key/key/key.core/../key.ui/examples/standard_key/polySimp/simplify9.key 
492949     DEBUG main            d.u.i.k.p.i.AbstractProblemLoader Environment load took 45.3ns 
492950     INFO  main            d.u.i.k.p.i.AbstractProblemLoader Creating init config 
495312     DEBUG main            d.u.i.k.p.i.AbstractProblemLoader Init config took 2.36s 
495325     INFO  main            d.u.i.k.p.i.AbstractProblemLoader Replaying proof simplify9.key 
495326     DEBUG main            d.u.i.k.p.i.IntermediateProofReplayer Proof replay took 2.8ns 
495530     INFO  main            d.u.i.k.p.r.p.TestFile    ... finished proof: closed. 
496119     INFO  main            d.u.i.k.p.i.AbstractProblemLoader Loading environment from /home/runner/work/key/key/key.core/../key.ui/examples/standard_key/polySimp/simplify9.key.proof 
496119     DEBUG main            d.u.i.k.p.i.AbstractProblemLoader Environment load took 128.5ns 
496120     INFO  main            d.u.i.k.p.i.AbstractProblemLoader Creating init config 
498401     DEBUG main            d.u.i.k.p.i.AbstractProblemLoader Init config took 2.28s 
498415     INFO  main            d.u.i.k.p.i.AbstractProblemLoader Replaying proof simplify9.key.proof 
498426     DEBUG main            d.u.i.k.p.i.IntermediateProofReplayer Proof replay took 9.11ms 
498427     DEBUG main            d.u.i.k.p.r.p.TestFile    ... success: reloaded. 
2922166    INFO  Test worker     d.u.i.k.p.r.RunAllProofsTestUnit Returning from test arithmetic 
2922168    INFO  Test worker     d.u.i.k.p.r.RunAllProofsTestUnit Running test arrays 
404        INFO  Timeout watchdog d.u.i.k.p.r.p.ForkedTestFileRunner Timeout watcher launched (2000 secs.) 
426        WARN  main            d.u.i.k.s.ProofSettings   The settings in /home/runner/.key/proof-settings.props are *not* read. 
466        INFO  main            d.u.i.k.p.r.p.TestFile    Now processing file /home/runner/work/key/key/key.core/../key.ui/examples/standard_key/arrays/arrayStoreException/array2DimPrim.key 
580        INFO  main            d.u.i.k.p.i.AbstractProblemLoader Loading environment from /home/runner/work/key/key/key.core/../key.ui/examples/standard_key/arrays/arrayStoreException/array2DimPrim.key 
600        DEBUG main            d.u.i.k.p.i.AbstractProblemLoader Environment load took 1.87ms 
853        INFO  main            d.u.i.k.p.i.AbstractProblemLoader Creating init config 
1761       DEBUG main            d.u.i.k.j.TypeConverter   No LDT found for Meta 
1762       DEBUG main            d.u.i.k.j.TypeConverter   No LDT found for Meta 
1763       DEBUG main            d.u.i.k.j.TypeConverter   No LDT found for Meta 
1763       DEBUG main            d.u.i.k.j.TypeConverter   No LDT found for Meta 
3141       DEBUG main            d.u.i.k.j.TypeConverter   No LDT found for JavaBigintExpression 
8030       DEBUG main            d.u.i.k.p.i.AbstractProblemLoader Init config took 7.18s 
8128       INFO  main            d.u.i.k.p.i.AbstractProblemLoader Replaying proof array2DimPrim.key 
8171       DEBUG main            d.u.i.k.p.i.IntermediateProofReplayer Proof replay took 38ns 
12255      INFO  main            d.u.i.k.p.r.p.TestFile    ... finished proof: closed. 
12528      INFO  main            d.u.i.k.p.i.AbstractProblemLoader Loading environment from /home/runner/work/key/key/key.core/../key.ui/examples/standard_key/arrays/arrayStoreException/array2DimPrim.key.proof 
12531      DEBUG main            d.u.i.k.p.i.AbstractProblemLoader Environment load took 2.45ms 
12539      INFO  main            d.u.i.k.p.i.AbstractProblemLoader Creating init config 
15314      DEBUG main            d.u.i.k.p.i.AbstractProblemLoader Init config took 2.78s 
15347      INFO  main            d.u.i.k.p.i.AbstractProblemLoader Replaying proof array2DimPrim.key.proof 
15948      DEBUG main            d.u.i.k.p.i.IntermediateProofReplayer Proof replay took 585.6ms 
15965      DEBUG main            d.u.i.k.p.r.p.TestFile    ... success: reloaded. 
15969      INFO  main            d.u.i.k.p.r.p.TestFile    Now processing file /home/runner/work/key/key/key.core/../key.ui/examples/standard_key/arrays/arrayStoreException/arrayStoreKnownDynType.key 
15969      INFO  main            d.u.i.k.p.i.AbstractProblemLoader Loading environment from /home/runner/work/key/key/key.core/../key.ui/examples/standard_key/arrays/arrayStoreException/arrayStoreKnownDynType.key 
15969      DEBUG main            d.u.i.k.p.i.AbstractProblemLoader Environment load took 111.6ns 
15974      INFO  main            d.u.i.k.p.i.AbstractProblemLoader Creating init config 
18604      DEBUG main            d.u.i.k.p.i.AbstractProblemLoader Init config took 2.63s 
18644      INFO  main            d.u.i.k.p.i.AbstractProblemLoader Replaying proof arrayStoreKnownDynType.key 
18648      DEBUG main            d.u.i.k.p.i.IntermediateProofReplayer Proof replay took 8.2ns 
18856      INFO  main            d.u.i.k.p.r.p.TestFile    ... finished proof: closed. 
19108      INFO  main            d.u.i.k.p.i.AbstractProblemLoader Loading environment from /home/runner/work/key/key/key.core/../key.ui/examples/standard_key/arrays/arrayStoreException/arrayStoreKnownDynType.key.proof 
19109      DEBUG main            d.u.i.k.p.i.AbstractProblemLoader Environment load took 146.3ns 
19110      INFO  main            d.u.i.k.p.i.AbstractProblemLoader Creating init config 
21689      DEBUG main            d.u.i.k.p.i.AbstractProblemLoader Init config took 2.58s 
21717      INFO  main            d.u.i.k.p.i.AbstractProblemLoader Replaying proof arrayStoreKnownDynType.key.proof 
21769      DEBUG main            d.u.i.k.p.i.IntermediateProofReplayer Proof replay took 47.65ms 
21771      DEBUG main            d.u.i.k.p.r.p.TestFile    ... success: reloaded. 
21773      INFO  main            d.u.i.k.p.r.p.TestFile    Now processing file /home/runner/work/key/key/key.core/../key.ui/examples/standard_key/arrays/arrayStoreException/reverseArray.key 
21773      INFO  main            d.u.i.k.p.i.AbstractProblemLoader Loading environment from /home/runner/work/key/key/key.core/../key.ui/examples/standard_key/arrays/arrayStoreException/reverseArray.key 
21773      DEBUG main            d.u.i.k.p.i.AbstractProblemLoader Environment load took 119.4ns 
21775      INFO  main            d.u.i.k.p.i.AbstractProblemLoader Creating init config 
24267      DEBUG main            d.u.i.k.p.i.AbstractProblemLoader Init config took 2.49s 
24290      INFO  main            d.u.i.k.p.i.AbstractProblemLoader Replaying proof reverseArray.key 
24293      DEBUG main            d.u.i.k.p.i.IntermediateProofReplayer Proof replay took 7ns 
24912      INFO  main            d.u.i.k.p.r.p.TestFile    ... finished proof: closed. 
25069      INFO  main            d.u.i.k.p.i.AbstractProblemLoader Loading environment from /home/runner/work/key/key/key.core/../key.ui/examples/standard_key/arrays/arrayStoreException/reverseArray.key.proof 
25069      DEBUG main            d.u.i.k.p.i.AbstractProblemLoader Environment load took 462.61ns 
25071      INFO  main            d.u.i.k.p.i.AbstractProblemLoader Creating init config 
27549      DEBUG main            d.u.i.k.p.i.AbstractProblemLoader Init config took 2.48s 
27572      INFO  main            d.u.i.k.p.i.AbstractProblemLoader Replaying proof reverseArray.key.proof 
27719      DEBUG main            d.u.i.k.p.i.IntermediateProofReplayer Proof replay took 140.84ms 
27721      DEBUG main            d.u.i.k.p.r.p.TestFile    ... success: reloaded. 
27723      INFO  main            d.u.i.k.p.r.p.TestFile    Now processing file /home/runner/work/key/key/key.core/../key.ui/examples/standard_key/arrays/arrayStoreException/throwArrayStoreException.key 
27723      INFO  main            d.u.i.k.p.i.AbstractProblemLoader Loading environment from /home/runner/work/key/key/key.core/../key.ui/examples/standard_key/arrays/arrayStoreException/throwArrayStoreException.key 
27724      DEBUG main            d.u.i.k.p.i.AbstractProblemLoader Environment load took 213.6ns 
27725      INFO  main            d.u.i.k.p.i.AbstractProblemLoader Creating init config 
30229      DEBUG main            d.u.i.k.p.i.AbstractProblemLoader Init config took 2.5s 
30259      INFO  main            d.u.i.k.p.i.AbstractProblemLoader Replaying proof throwArrayStoreException.key 
30264      DEBUG main            d.u.i.k.p.i.IntermediateProofReplayer Proof replay took 6.8ns 
30787      INFO  main            d.u.i.k.p.r.p.TestFile    ... finished proof: closed. 
30971      INFO  main            d.u.i.k.p.i.AbstractProblemLoader Loading environment from /home/runner/work/key/key/key.core/../key.ui/examples/standard_key/arrays/arrayStoreException/throwArrayStoreException.key.proof 
30972      DEBUG main            d.u.i.k.p.i.AbstractProblemLoader Environment load took 639.21ns 
30974      INFO  main            d.u.i.k.p.i.AbstractProblemLoader Creating init config 
33423      DEBUG main            d.u.i.k.p.i.AbstractProblemLoader Init config took 2.45s 
33450      INFO  main            d.u.i.k.p.i.AbstractProblemLoader Replaying proof throwArrayStoreException.key.proof 
33553      DEBUG main            d.u.i.k.p.i.IntermediateProofReplayer Proof replay took 97.43ms 
33555      DEBUG main            d.u.i.k.p.r.p.TestFile    ... success: reloaded. 
33556      INFO  main            d.u.i.k.p.r.p.TestFile    Now processing file /home/runner/work/key/key/key.core/../key.ui/examples/standard_key/arrays/creation/arrayCreation1.key 
33556      INFO  main            d.u.i.k.p.i.AbstractProblemLoader Loading environment from /home/runner/work/key/key/key.core/../key.ui/examples/standard_key/arrays/creation/arrayCreation1.key 
33556      DEBUG main            d.u.i.k.p.i.AbstractProblemLoader Environment load took 115.2ns 
33557      INFO  main            d.u.i.k.p.i.AbstractProblemLoader Creating init config 
36075      DEBUG main            d.u.i.k.p.i.AbstractProblemLoader Init config took 2.52s 
36097      INFO  main            d.u.i.k.p.i.AbstractProblemLoader Replaying proof arrayCreation1.key 
36099      DEBUG main            d.u.i.k.p.i.IntermediateProofReplayer Proof replay took 6.5ns 
36302      INFO  main            d.u.i.k.p.r.p.TestFile    ... finished proof: closed. 
36482      INFO  main            d.u.i.k.p.i.AbstractProblemLoader Loading environment from /home/runner/work/key/key/key.core/../key.ui/examples/standard_key/arrays/creation/arrayCreation1.key.proof 
36482      DEBUG main            d.u.i.k.p.i.AbstractProblemLoader Environment load took 123.6ns 
36484      INFO  main            d.u.i.k.p.i.AbstractProblemLoader Creating init config 
38863      DEBUG main            d.u.i.k.p.i.AbstractProblemLoader Init config took 2.38s 
38884      INFO  main            d.u.i.k.p.i.AbstractProblemLoader Replaying proof arrayCreation1.key.proof 
38910      DEBUG main            d.u.i.k.p.i.IntermediateProofReplayer Proof replay took 23.23ms 
38911      DEBUG main            d.u.i.k.p.r.p.TestFile    ... success: reloaded. 
38912      INFO  main            d.u.i.k.p.r.p.TestFile    Now processing file /home/runner/work/key/key/key.core/../key.ui/examples/standard_key/arrays/arrayStoreException/array2Dim.key 
38913      INFO  main            d.u.i.k.p.i.AbstractProblemLoader Loading environment from /home/runner/work/key/key/key.core/../key.ui/examples/standard_key/arrays/arrayStoreException/array2Dim.key 
38913      DEBUG main            d.u.i.k.p.i.AbstractProblemLoader Environment load took 226ns 
38915      INFO  main            d.u.i.k.p.i.AbstractProblemLoader Creating init config 
41416      DEBUG main            d.u.i.k.p.i.AbstractProblemLoader Init config took 2.5s 
41453      INFO  main            d.u.i.k.p.i.AbstractProblemLoader Replaying proof array2Dim.key 
41456      DEBUG main            d.u.i.k.p.i.IntermediateProofReplayer Proof replay took 8ns 
45076      INFO  main            d.u.i.k.p.r.p.TestFile    ... finished proof: open goal(s) 
45334      INFO  main            d.u.i.k.p.r.p.TestFile    Now processing file /home/runner/work/key/key/key.core/../key.ui/examples/standard_key/arrays/arrayStoreException/array2DimClose.key 
45334      INFO  main            d.u.i.k.p.i.AbstractProblemLoader Loading environment from /home/runner/work/key/key/key.core/../key.ui/examples/standard_key/arrays/arrayStoreException/array2DimClose.key 
45334      DEBUG main            d.u.i.k.p.i.AbstractProblemLoader Environment load took 103.2ns 
45336      INFO  main            d.u.i.k.p.i.AbstractProblemLoader Creating init config 
47696      DEBUG main            d.u.i.k.p.i.AbstractProblemLoader Init config took 2.36s 
47727      INFO  main            d.u.i.k.p.i.AbstractProblemLoader Replaying proof array2DimClose.key 
47729      DEBUG main            d.u.i.k.p.i.IntermediateProofReplayer Proof replay took 14.5ns 
50286      INFO  main            d.u.i.k.p.r.p.TestFile    ... finished proof: open goal(s) 
50625      INFO  main            d.u.i.k.p.r.p.TestFile    Now processing file /home/runner/work/key/key/key.core/../key.ui/examples/standard_key/arrays/arrayStoreException/throwASEForPrim.key 
50625      INFO  main            d.u.i.k.p.i.AbstractProblemLoader Loading environment from /home/runner/work/key/key/key.core/../key.ui/examples/standard_key/arrays/arrayStoreException/throwASEForPrim.key 
50625      DEBUG main            d.u.i.k.p.i.AbstractProblemLoader Environment load took 70.9ns 
50626      INFO  main            d.u.i.k.p.i.AbstractProblemLoader Creating init config 
52989      DEBUG main            d.u.i.k.p.i.AbstractProblemLoader Init config took 2.36s 
53006      INFO  main            d.u.i.k.p.i.AbstractProblemLoader Replaying proof throwASEForPrim.key 
53007      DEBUG main            d.u.i.k.p.i.IntermediateProofReplayer Proof replay took 7.4ns 
57777      INFO  main            d.u.i.k.p.r.p.TestFile    ... finished proof: open goal(s) 
2980410    INFO  Test worker     d.u.i.k.p.r.RunAllProofsTestUnit Returning from test arrays 
2980410    INFO  Test worker     d.u.i.k.p.r.RunAllProofsTestUnit Running test javadl 
341        INFO  Timeout watchdog d.u.i.k.p.r.p.ForkedTestFileRunner Timeout watcher launched (2000 secs.) 
358        WARN  main            d.u.i.k.s.ProofSettings   The settings in /home/runner/.key/proof-settings.props are *not* read. 
412        INFO  main            d.u.i.k.p.r.p.TestFile    Now processing file /home/runner/work/key/key/key.core/../key.ui/examples/standard_key/instanceCreation/instanceCreation1.key 
540        INFO  main            d.u.i.k.p.i.AbstractProblemLoader Loading environment from /home/runner/work/key/key/key.core/../key.ui/examples/standard_key/instanceCreation/instanceCreation1.key 
557        DEBUG main            d.u.i.k.p.i.AbstractProblemLoader Environment load took 2.27ms 
805        INFO  main            d.u.i.k.p.i.AbstractProblemLoader Creating init config 
1772       DEBUG main            d.u.i.k.j.TypeConverter   No LDT found for Meta 
1772       DEBUG main            d.u.i.k.j.TypeConverter   No LDT found for Meta 
1773       DEBUG main            d.u.i.k.j.TypeConverter   No LDT found for Meta 
1774       DEBUG main            d.u.i.k.j.TypeConverter   No LDT found for Meta 
3228       DEBUG main            d.u.i.k.j.TypeConverter   No LDT found for JavaBigintExpression 
8345       DEBUG main            d.u.i.k.p.i.AbstractProblemLoader Init config took 7.54s 
8440       INFO  main            d.u.i.k.p.i.AbstractProblemLoader Replaying proof instanceCreation1.key 
8477       DEBUG main            d.u.i.k.p.i.IntermediateProofReplayer Proof replay took 35.9ns 
9505       INFO  main            d.u.i.k.p.r.p.TestFile    ... finished proof: closed. 
9624       INFO  main            d.u.i.k.p.i.AbstractProblemLoader Loading environment from /home/runner/work/key/key/key.core/../key.ui/examples/standard_key/instanceCreation/instanceCreation1.key.proof 
9626       DEBUG main            d.u.i.k.p.i.AbstractProblemLoader Environment load took 1.63ms 
9632       INFO  main            d.u.i.k.p.i.AbstractProblemLoader Creating init config 
12357      DEBUG main            d.u.i.k.p.i.AbstractProblemLoader Init config took 2.72s 
12406      INFO  main            d.u.i.k.p.i.AbstractProblemLoader Replaying proof instanceCreation1.key.proof 
12519      DEBUG main            d.u.i.k.p.i.IntermediateProofReplayer Proof replay took 105.39ms 
12530      DEBUG main            d.u.i.k.p.r.p.TestFile    ... success: reloaded. 
12535      INFO  main            d.u.i.k.p.r.p.TestFile    Now processing file /home/runner/work/key/key/key.core/../key.ui/examples/standard_key/instanceCreation/instanceCreation2.key 
12544      INFO  main            d.u.i.k.p.i.AbstractProblemLoader Loading environment from /home/runner/work/key/key/key.core/../key.ui/examples/standard_key/instanceCreation/instanceCreation2.key 
12545      DEBUG main            d.u.i.k.p.i.AbstractProblemLoader Environment load took 372.9ns 
12547      INFO  main            d.u.i.k.p.i.AbstractProblemLoader Creating init config 
15153      DEBUG main            d.u.i.k.p.i.AbstractProblemLoader Init config took 2.61s 
15183      INFO  main            d.u.i.k.p.i.AbstractProblemLoader Replaying proof instanceCreation2.key 
15185      DEBUG main            d.u.i.k.p.i.IntermediateProofReplayer Proof replay took 6.7ns 
15794      INFO  main            d.u.i.k.p.r.p.TestFile    ... finished proof: closed. 
15970      INFO  main            d.u.i.k.p.i.AbstractProblemLoader Loading environment from /home/runner/work/key/key/key.core/../key.ui/examples/standard_key/instanceCreation/instanceCreation2.key.proof 
15975      DEBUG main            d.u.i.k.p.i.AbstractProblemLoader Environment load took 4.23ms 
15977      INFO  main            d.u.i.k.p.i.AbstractProblemLoader Creating init config 
18520      DEBUG main            d.u.i.k.p.i.AbstractProblemLoader Init config took 2.54s 
18546      INFO  main            d.u.i.k.p.i.AbstractProblemLoader Replaying proof instanceCreation2.key.proof 
18652      DEBUG main            d.u.i.k.p.i.IntermediateProofReplayer Proof replay took 101.11ms 
18654      DEBUG main            d.u.i.k.p.r.p.TestFile    ... success: reloaded. 
18655      INFO  main            d.u.i.k.p.r.p.TestFile    Now processing file /home/runner/work/key/key/key.core/../key.ui/examples/standard_key/instanceCreation/interfacesAndAbstractClassesHaveNoInstances.key 
18655      INFO  main            d.u.i.k.p.i.AbstractProblemLoader Loading environment from /home/runner/work/key/key/key.core/../key.ui/examples/standard_key/instanceCreation/interfacesAndAbstractClassesHaveNoInstances.key 
18655      DEBUG main            d.u.i.k.p.i.AbstractProblemLoader Environment load took 221.8ns 
18657      INFO  main            d.u.i.k.p.i.AbstractProblemLoader Creating init config 
21290      DEBUG main            d.u.i.k.p.i.AbstractProblemLoader Init config took 2.63s 
21313      INFO  main            d.u.i.k.p.i.AbstractProblemLoader Replaying proof interfacesAndAbstractClassesHaveNoInstances.key 
21315      DEBUG main            d.u.i.k.p.i.IntermediateProofReplayer Proof replay took 6.5ns 
21422      INFO  main            d.u.i.k.p.r.p.TestFile    ... finished proof: closed. 
21620      INFO  main            d.u.i.k.p.i.AbstractProblemLoader Loading environment from /home/runner/work/key/key/key.core/../key.ui/examples/standard_key/instanceCreation/interfacesAndAbstractClassesHaveNoInstances.key.proof 
21620      DEBUG main            d.u.i.k.p.i.AbstractProblemLoader Environment load took 132.4ns 
21623      INFO  main            d.u.i.k.p.i.AbstractProblemLoader Creating init config 
24097      DEBUG main            d.u.i.k.p.i.AbstractProblemLoader Init config took 2.47s 
24119      INFO  main            d.u.i.k.p.i.AbstractProblemLoader Replaying proof interfacesAndAbstractClassesHaveNoInstances.key.proof 
24123      DEBUG main            d.u.i.k.p.i.IntermediateProofReplayer Proof replay took 1.24ms 
24124      DEBUG main            d.u.i.k.p.r.p.TestFile    ... success: reloaded. 
24125      INFO  main            d.u.i.k.p.r.p.TestFile    Now processing file /home/runner/work/key/key/key.core/../key.ui/examples/standard_key/instanceCreation/successiveCreatedObjectsAreDistinct.key 
24126      INFO  main            d.u.i.k.p.i.AbstractProblemLoader Loading environment from /home/runner/work/key/key/key.core/../key.ui/examples/standard_key/instanceCreation/successiveCreatedObjectsAreDistinct.key 
24126      DEBUG main            d.u.i.k.p.i.AbstractProblemLoader Environment load took 213.7ns 
24127      INFO  main            d.u.i.k.p.i.AbstractProblemLoader Creating init config 
26626      DEBUG main            d.u.i.k.p.i.AbstractProblemLoader Init config took 2.5s 
26649      INFO  main            d.u.i.k.p.i.AbstractProblemLoader Replaying proof successiveCreatedObjectsAreDistinct.key 
26651      DEBUG main            d.u.i.k.p.i.IntermediateProofReplayer Proof replay took 6.8ns 
26958      INFO  main            d.u.i.k.p.r.p.TestFile    ... finished proof: closed. 
27190      INFO  main            d.u.i.k.p.i.AbstractProblemLoader Loading environment from /home/runner/work/key/key/key.core/../key.ui/examples/standard_key/instanceCreation/successiveCreatedObjectsAreDistinct.key.proof 
27191      DEBUG main            d.u.i.k.p.i.AbstractProblemLoader Environment load took 909.61ns 
27193      INFO  main            d.u.i.k.p.i.AbstractProblemLoader Creating init config 
29640      DEBUG main            d.u.i.k.p.i.AbstractProblemLoader Init config took 2.45s 
29662      INFO  main            d.u.i.k.p.i.AbstractProblemLoader Replaying proof successiveCreatedObjectsAreDistinct.key.proof 
29716      DEBUG main            d.u.i.k.p.i.IntermediateProofReplayer Proof replay took 51.01ms 
29717      DEBUG main            d.u.i.k.p.r.p.TestFile    ... success: reloaded. 
29718      INFO  main            d.u.i.k.p.r.p.TestFile    Now processing file /home/runner/work/key/key/key.core/../key.ui/examples/standard_key/instanceCreation/testOverloadingConstructors.key 
29719      INFO  main            d.u.i.k.p.i.AbstractProblemLoader Loading environment from /home/runner/work/key/key/key.core/../key.ui/examples/standard_key/instanceCreation/testOverloadingConstructors.key 
29719      DEBUG main            d.u.i.k.p.i.AbstractProblemLoader Environment load took 87.8ns 
29720      INFO  main            d.u.i.k.p.i.AbstractProblemLoader Creating init config 
32172      DEBUG main            d.u.i.k.p.i.AbstractProblemLoader Init config took 2.45s 
32195      INFO  main            d.u.i.k.p.i.AbstractProblemLoader Replaying proof testOverloadingConstructors.key 
32197      DEBUG main            d.u.i.k.p.i.IntermediateProofReplayer Proof replay took 7.3ns 
32501      INFO  main            d.u.i.k.p.r.p.TestFile    ... finished proof: closed. 
32670      INFO  main            d.u.i.k.p.i.AbstractProblemLoader Loading environment from /home/runner/work/key/key/key.core/../key.ui/examples/standard_key/instanceCreation/testOverloadingConstructors.key.proof 
32670      DEBUG main            d.u.i.k.p.i.AbstractProblemLoader Environment load took 427.5ns 
32672      INFO  main            d.u.i.k.p.i.AbstractProblemLoader Creating init config 
35070      DEBUG main            d.u.i.k.p.i.AbstractProblemLoader Init config took 2.4s 
35091      INFO  main            d.u.i.k.p.i.AbstractProblemLoader Replaying proof testOverloadingConstructors.key.proof 
35145      DEBUG main            d.u.i.k.p.i.IntermediateProofReplayer Proof replay took 50.42ms 
35146      DEBUG main            d.u.i.k.p.r.p.TestFile    ... success: reloaded. 
35147      INFO  main            d.u.i.k.p.r.p.TestFile    Now processing file /home/runner/work/key/key/key.core/../key.ui/examples/standard_key/java_dl/SimpleAttributes.key 
35147      INFO  main            d.u.i.k.p.i.AbstractProblemLoader Loading environment from /home/runner/work/key/key/key.core/../key.ui/examples/standard_key/java_dl/SimpleAttributes.key 
35147      DEBUG main            d.u.i.k.p.i.AbstractProblemLoader Environment load took 107.5ns 
35149      INFO  main            d.u.i.k.p.i.AbstractProblemLoader Creating init config 
37602      DEBUG main            d.u.i.k.p.i.AbstractProblemLoader Init config took 2.45s 
37623      INFO  main            d.u.i.k.p.i.AbstractProblemLoader Replaying proof SimpleAttributes.key 
37625      DEBUG main            d.u.i.k.p.i.IntermediateProofReplayer Proof replay took 7.8ns 
37728      INFO  main            d.u.i.k.p.r.p.TestFile    ... finished proof: closed. 
37894      INFO  main            d.u.i.k.p.i.AbstractProblemLoader Loading environment from /home/runner/work/key/key/key.core/../key.ui/examples/standard_key/java_dl/SimpleAttributes.key.proof 
37894      DEBUG main            d.u.i.k.p.i.AbstractProblemLoader Environment load took 128.5ns 
37895      INFO  main            d.u.i.k.p.i.AbstractProblemLoader Creating init config 
40261      DEBUG main            d.u.i.k.p.i.AbstractProblemLoader Init config took 2.37s 
40283      INFO  main            d.u.i.k.p.i.AbstractProblemLoader Replaying proof SimpleAttributes.key.proof 
40315      DEBUG main            d.u.i.k.p.i.IntermediateProofReplayer Proof replay took 27.5ms 
40316      DEBUG main            d.u.i.k.p.r.p.TestFile    ... success: reloaded. 
40318      INFO  main            d.u.i.k.p.r.p.TestFile    Now processing file /home/runner/work/key/key/key.core/../key.ui/examples/standard_key/java_dl/arrayMax.key 
40318      INFO  main            d.u.i.k.p.i.AbstractProblemLoader Loading environment from /home/runner/work/key/key/key.core/../key.ui/examples/standard_key/java_dl/arrayMax.key 
40318      DEBUG main            d.u.i.k.p.i.AbstractProblemLoader Environment load took 243.8ns 
40321      INFO  main            d.u.i.k.p.i.AbstractProblemLoader Creating init config 
42767      DEBUG main            d.u.i.k.p.i.AbstractProblemLoader Init config took 2.45s 
42791      INFO  main            d.u.i.k.p.i.AbstractProblemLoader Replaying proof arrayMax.key 
42794      DEBUG main            d.u.i.k.p.i.IntermediateProofReplayer Proof replay took 7.9ns 
44305      INFO  main            d.u.i.k.p.r.p.TestFile    ... finished proof: closed. 
44530      INFO  main            d.u.i.k.p.i.AbstractProblemLoader Loading environment from /home/runner/work/key/key/key.core/../key.ui/examples/standard_key/java_dl/arrayMax.key.proof 
44530      DEBUG main            d.u.i.k.p.i.AbstractProblemLoader Environment load took 141.1ns 
44532      INFO  main            d.u.i.k.p.i.AbstractProblemLoader Creating init config 
46919      DEBUG main            d.u.i.k.p.i.AbstractProblemLoader Init config took 2.39s 
46940      INFO  main            d.u.i.k.p.i.AbstractProblemLoader Replaying proof arrayMax.key.proof 
47190      DEBUG main            d.u.i.k.p.i.IntermediateProofReplayer Proof replay took 241.24ms 
47192      DEBUG main            d.u.i.k.p.r.p.TestFile    ... success: reloaded. 
47193      INFO  main            d.u.i.k.p.r.p.TestFile    Now processing file /home/runner/work/key/key/key.core/../key.ui/examples/standard_key/java_dl/arrayUpdateSimp.key 
47193      INFO  main            d.u.i.k.p.i.AbstractProblemLoader Loading environment from /home/runner/work/key/key/key.core/../key.ui/examples/standard_key/java_dl/arrayUpdateSimp.key 
47194      DEBUG main            d.u.i.k.p.i.AbstractProblemLoader Environment load took 228.6ns 
47196      INFO  main            d.u.i.k.p.i.AbstractProblemLoader Creating init config 
47222      WARN  main            d.u.i.k.j.r.KeYCrossReferenceNameInfo Datatype java.lang.System declared twice: Once in FILE:/home/runner/work/key/key/key.core/../key.ui/examples/standard_key/java_dl/./classpath/System.java and once in URL:file:/home/runner/work/key/key/key.core/build/resources/main/de/uka/ilkd/key/java/JavaRedux/java/lang/System.java, Keeping one from URL:file:/home/runner/work/key/key/key.core/build/resources/main/de/uka/ilkd/key/java/JavaRedux/java/lang/System.java 
47222      WARN  main            d.u.i.k.j.r.KeYCrossReferenceNameInfo Datatype java.io.InputStream declared twice: Once in FILE:/home/runner/work/key/key/key.core/../key.ui/examples/standard_key/java_dl/./classpath/InputStream.java and once in URL:file:/home/runner/work/key/key/key.core/build/resources/main/de/uka/ilkd/key/java/JavaRedux/java/io/InputStream.java, Keeping one from URL:file:/home/runner/work/key/key/key.core/build/resources/main/de/uka/ilkd/key/java/JavaRedux/java/io/InputStream.java 
47222      WARN  main            d.u.i.k.j.r.KeYCrossReferenceNameInfo Datatype java.io.PrintStream declared twice: Once in FILE:/home/runner/work/key/key/key.core/../key.ui/examples/standard_key/java_dl/./classpath/PrintStream.java and once in URL:file:/home/runner/work/key/key/key.core/build/resources/main/de/uka/ilkd/key/java/JavaRedux/java/io/PrintStream.java, Keeping one from URL:file:/home/runner/work/key/key/key.core/build/resources/main/de/uka/ilkd/key/java/JavaRedux/java/io/PrintStream.java 
47228      DEBUG main            d.u.i.k.j.r.ClassFileDeclarationBuilder Parsing: package java.io; public class Closeable { } 
47229      DEBUG main            r.s.KeYCrossReferenceSourceInfo Dynamically created class: java.io.Closeable 
49795      DEBUG main            d.u.i.k.p.i.AbstractProblemLoader Init config took 2.6s 
49817      INFO  main            d.u.i.k.p.i.AbstractProblemLoader Replaying proof arrayUpdateSimp.key 
49818      DEBUG main            d.u.i.k.p.i.IntermediateProofReplayer Proof replay took 6.7ns 
49922      INFO  main            d.u.i.k.p.r.p.TestFile    ... finished proof: closed. 
50145      INFO  main            d.u.i.k.p.i.AbstractProblemLoader Loading environment from /home/runner/work/key/key/key.core/../key.ui/examples/standard_key/java_dl/arrayUpdateSimp.key.proof 
50146      DEBUG main            d.u.i.k.p.i.AbstractProblemLoader Environment load took 132.1ns 
50150      INFO  main            d.u.i.k.p.i.AbstractProblemLoader Creating init config 
50176      WARN  main            d.u.i.k.j.r.KeYCrossReferenceNameInfo Datatype java.lang.System declared twice: Once in FILE:/home/runner/work/key/key/key.core/../key.ui/examples/standard_key/java_dl/classpath/System.java and once in URL:file:/home/runner/work/key/key/key.core/build/resources/main/de/uka/ilkd/key/java/JavaRedux/java/lang/System.java, Keeping one from URL:file:/home/runner/work/key/key/key.core/build/resources/main/de/uka/ilkd/key/java/JavaRedux/java/lang/System.java 
50176      WARN  main            d.u.i.k.j.r.KeYCrossReferenceNameInfo Datatype java.io.InputStream declared twice: Once in FILE:/home/runner/work/key/key/key.core/../key.ui/examples/standard_key/java_dl/classpath/InputStream.java and once in URL:file:/home/runner/work/key/key/key.core/build/resources/main/de/uka/ilkd/key/java/JavaRedux/java/io/InputStream.java, Keeping one from URL:file:/home/runner/work/key/key/key.core/build/resources/main/de/uka/ilkd/key/java/JavaRedux/java/io/InputStream.java 
50177      WARN  main            d.u.i.k.j.r.KeYCrossReferenceNameInfo Datatype java.io.PrintStream declared twice: Once in FILE:/home/runner/work/key/key/key.core/../key.ui/examples/standard_key/java_dl/classpath/PrintStream.java and once in URL:file:/home/runner/work/key/key/key.core/build/resources/main/de/uka/ilkd/key/java/JavaRedux/java/io/PrintStream.java, Keeping one from URL:file:/home/runner/work/key/key/key.core/build/resources/main/de/uka/ilkd/key/java/JavaRedux/java/io/PrintStream.java 
50180      DEBUG main            d.u.i.k.j.r.ClassFileDeclarationBuilder Parsing: package java.io; public class Closeable { } 
50181      DEBUG main            r.s.KeYCrossReferenceSourceInfo Dynamically created class: java.io.Closeable 
52608      DEBUG main            d.u.i.k.p.i.AbstractProblemLoader Init config took 2.46s 
52632      INFO  main            d.u.i.k.p.i.AbstractProblemLoader Replaying proof arrayUpdateSimp.key.proof 
52634      DEBUG main            d.u.i.k.p.i.IntermediateProofReplayer Proof replay took 641.61ns 
52636      DEBUG main            d.u.i.k.p.r.p.TestFile    ... success: reloaded. 
52637      INFO  main            d.u.i.k.p.r.p.TestFile    Now processing file /home/runner/work/key/key/key.core/../key.ui/examples/standard_key/java_dl/attributes.key 
52638      INFO  main            d.u.i.k.p.i.AbstractProblemLoader Loading environment from /home/runner/work/key/key/key.core/../key.ui/examples/standard_key/java_dl/attributes.key 
52638      DEBUG main            d.u.i.k.p.i.AbstractProblemLoader Environment load took 168.8ns 
52640      INFO  main            d.u.i.k.p.i.AbstractProblemLoader Creating init config 
55029      DEBUG main            d.u.i.k.p.i.AbstractProblemLoader Init config took 2.39s 
55047      INFO  main            d.u.i.k.p.i.AbstractProblemLoader Replaying proof attributes.key 
55049      DEBUG main            d.u.i.k.p.i.IntermediateProofReplayer Proof replay took 7.1ns 
55252      INFO  main            d.u.i.k.p.r.p.TestFile    ... finished proof: closed. 
55451      INFO  main            d.u.i.k.p.i.AbstractProblemLoader Loading environment from /home/runner/work/key/key/key.core/../key.ui/examples/standard_key/java_dl/attributes.key.proof 
55451      DEBUG main            d.u.i.k.p.i.AbstractProblemLoader Environment load took 130.9ns 
55453      INFO  main            d.u.i.k.p.i.AbstractProblemLoader Creating init config 
57772      DEBUG main            d.u.i.k.p.i.AbstractProblemLoader Init config took 2.32s 
57791      INFO  main            d.u.i.k.p.i.AbstractProblemLoader Replaying proof attributes.key.proof 
57828      DEBUG main            d.u.i.k.p.i.IntermediateProofReplayer Proof replay took 34.55ms 
57829      DEBUG main            d.u.i.k.p.r.p.TestFile    ... success: reloaded. 
57840      INFO  main            d.u.i.k.p.r.p.TestFile    Now processing file /home/runner/work/key/key/key.core/../key.ui/examples/standard_key/java_dl/break.key 
57840      INFO  main            d.u.i.k.p.i.AbstractProblemLoader Loading environment from /home/runner/work/key/key/key.core/../key.ui/examples/standard_key/java_dl/break.key 
57840      DEBUG main            d.u.i.k.p.i.AbstractProblemLoader Environment load took 100.6ns 
57848      INFO  main            d.u.i.k.p.i.AbstractProblemLoader Creating init config 
57892      WARN  main            d.u.i.k.j.r.KeYCrossReferenceNameInfo Datatype java.lang.System declared twice: Once in FILE:/home/runner/work/key/key/key.core/../key.ui/examples/standard_key/java_dl/classpath/System.java and once in URL:file:/home/runner/work/key/key/key.core/build/resources/main/de/uka/ilkd/key/java/JavaRedux/java/lang/System.java, Keeping one from URL:file:/home/runner/work/key/key/key.core/build/resources/main/de/uka/ilkd/key/java/JavaRedux/java/lang/System.java 
57892      WARN  main            d.u.i.k.j.r.KeYCrossReferenceNameInfo Datatype java.io.InputStream declared twice: Once in FILE:/home/runner/work/key/key/key.core/../key.ui/examples/standard_key/java_dl/classpath/InputStream.java and once in URL:file:/home/runner/work/key/key/key.core/build/resources/main/de/uka/ilkd/key/java/JavaRedux/java/io/InputStream.java, Keeping one from URL:file:/home/runner/work/key/key/key.core/build/resources/main/de/uka/ilkd/key/java/JavaRedux/java/io/InputStream.java 
57892      WARN  main            d.u.i.k.j.r.KeYCrossReferenceNameInfo Datatype java.io.PrintStream declared twice: Once in FILE:/home/runner/work/key/key/key.core/../key.ui/examples/standard_key/java_dl/classpath/PrintStream.java and once in URL:file:/home/runner/work/key/key/key.core/build/resources/main/de/uka/ilkd/key/java/JavaRedux/java/io/PrintStream.java, Keeping one from URL:file:/home/runner/work/key/key/key.core/build/resources/main/de/uka/ilkd/key/java/JavaRedux/java/io/PrintStream.java 
57900      DEBUG main            d.u.i.k.j.r.ClassFileDeclarationBuilder Parsing: package java.io; public class Closeable { } 
57900      DEBUG main            r.s.KeYCrossReferenceSourceInfo Dynamically created class: java.io.Closeable 
60243      DEBUG main            d.u.i.k.p.i.AbstractProblemLoader Init config took 2.4s 
60262      INFO  main            d.u.i.k.p.i.AbstractProblemLoader Replaying proof break.key 
60263      DEBUG main            d.u.i.k.p.i.IntermediateProofReplayer Proof replay took 7.3ns 
60366      INFO  main            d.u.i.k.p.r.p.TestFile    ... finished proof: closed. 
60559      INFO  main            d.u.i.k.p.i.AbstractProblemLoader Loading environment from /home/runner/work/key/key/key.core/../key.ui/examples/standard_key/java_dl/break.key.proof 
60559      DEBUG main            d.u.i.k.p.i.AbstractProblemLoader Environment load took 125.3ns 
60560      INFO  main            d.u.i.k.p.i.AbstractProblemLoader Creating init config 
60587      WARN  main            d.u.i.k.j.r.KeYCrossReferenceNameInfo Datatype java.lang.System declared twice: Once in FILE:/home/runner/work/key/key/key.core/../key.ui/examples/standard_key/java_dl/classpath/System.java and once in URL:file:/home/runner/work/key/key/key.core/build/resources/main/de/uka/ilkd/key/java/JavaRedux/java/lang/System.java, Keeping one from URL:file:/home/runner/work/key/key/key.core/build/resources/main/de/uka/ilkd/key/java/JavaRedux/java/lang/System.java 
60587      WARN  main            d.u.i.k.j.r.KeYCrossReferenceNameInfo Datatype java.io.InputStream declared twice: Once in FILE:/home/runner/work/key/key/key.core/../key.ui/examples/standard_key/java_dl/classpath/InputStream.java and once in URL:file:/home/runner/work/key/key/key.core/build/resources/main/de/uka/ilkd/key/java/JavaRedux/java/io/InputStream.java, Keeping one from URL:file:/home/runner/work/key/key/key.core/build/resources/main/de/uka/ilkd/key/java/JavaRedux/java/io/InputStream.java 
60588      WARN  main            d.u.i.k.j.r.KeYCrossReferenceNameInfo Datatype java.io.PrintStream declared twice: Once in FILE:/home/runner/work/key/key/key.core/../key.ui/examples/standard_key/java_dl/classpath/PrintStream.java and once in URL:file:/home/runner/work/key/key/key.core/build/resources/main/de/uka/ilkd/key/java/JavaRedux/java/io/PrintStream.java, Keeping one from URL:file:/home/runner/work/key/key/key.core/build/resources/main/de/uka/ilkd/key/java/JavaRedux/java/io/PrintStream.java 
60591      DEBUG main            d.u.i.k.j.r.ClassFileDeclarationBuilder Parsing: package java.io; public class Closeable { } 
60591      DEBUG main            r.s.KeYCrossReferenceSourceInfo Dynamically created class: java.io.Closeable 
62862      DEBUG main            d.u.i.k.p.i.AbstractProblemLoader Init config took 2.3s 
62879      INFO  main            d.u.i.k.p.i.AbstractProblemLoader Replaying proof break.key.proof 
62889      DEBUG main            d.u.i.k.p.i.IntermediateProofReplayer Proof replay took 7.79ms 
62891      DEBUG main            d.u.i.k.p.r.p.TestFile    ... success: reloaded. 
62892      INFO  main            d.u.i.k.p.r.p.TestFile    Now processing file /home/runner/work/key/key/key.core/../key.ui/examples/standard_key/java_dl/char.key 
62893      INFO  main            d.u.i.k.p.i.AbstractProblemLoader Loading environment from /home/runner/work/key/key/key.core/../key.ui/examples/standard_key/java_dl/char.key 
62893      DEBUG main            d.u.i.k.p.i.AbstractProblemLoader Environment load took 202.2ns 
62894      INFO  main            d.u.i.k.p.i.AbstractProblemLoader Creating init config 
65253      DEBUG main            d.u.i.k.p.i.AbstractProblemLoader Init config took 2.36s 
65298      INFO  main            d.u.i.k.p.i.AbstractProblemLoader Replaying proof char.key 
65304      DEBUG main            d.u.i.k.p.i.IntermediateProofReplayer Proof replay took 8.7ns 
65407      INFO  main            d.u.i.k.p.r.p.TestFile    ... finished proof: closed. 
65621      INFO  main            d.u.i.k.p.i.AbstractProblemLoader Loading environment from /home/runner/work/key/key/key.core/../key.ui/examples/standard_key/java_dl/char.key.proof 
65621      DEBUG main            d.u.i.k.p.i.AbstractProblemLoader Environment load took 125.1ns 
65622      INFO  main            d.u.i.k.p.i.AbstractProblemLoader Creating init config 
67885      DEBUG main            d.u.i.k.p.i.AbstractProblemLoader Init config took 2.26s 
67902      INFO  main            d.u.i.k.p.i.AbstractProblemLoader Replaying proof char.key.proof 
67907      DEBUG main            d.u.i.k.p.i.IntermediateProofReplayer Proof replay took 2.59ms 
67908      DEBUG main            d.u.i.k.p.r.p.TestFile    ... success: reloaded. 
67908      INFO  main            d.u.i.k.p.r.p.TestFile    Now processing file /home/runner/work/key/key/key.core/../key.ui/examples/standard_key/java_dl/compileTimeConstants.key 
67909      INFO  main            d.u.i.k.p.i.AbstractProblemLoader Loading environment from /home/runner/work/key/key/key.core/../key.ui/examples/standard_key/java_dl/compileTimeConstants.key 
67914      DEBUG main            d.u.i.k.p.i.AbstractProblemLoader Environment load took 4.8ms 
67915      INFO  main            d.u.i.k.p.i.AbstractProblemLoader Creating init config 
70297      DEBUG main            d.u.i.k.p.i.AbstractProblemLoader Init config took 2.38s 
70313      INFO  main            d.u.i.k.p.i.AbstractProblemLoader Replaying proof compileTimeConstants.key 
70315      DEBUG main            d.u.i.k.p.i.IntermediateProofReplayer Proof replay took 7ns 
70417      INFO  main            d.u.i.k.p.r.p.TestFile    ... finished proof: closed. 
70626      INFO  main            d.u.i.k.p.i.AbstractProblemLoader Loading environment from /home/runner/work/key/key/key.core/../key.ui/examples/standard_key/java_dl/compileTimeConstants.key.proof 
70626      DEBUG main            d.u.i.k.p.i.AbstractProblemLoader Environment load took 130.4ns 
70627      INFO  main            d.u.i.k.p.i.AbstractProblemLoader Creating init config 
72946      DEBUG main            d.u.i.k.p.i.AbstractProblemLoader Init config took 2.32s 
72974      INFO  main            d.u.i.k.p.i.AbstractProblemLoader Replaying proof compileTimeConstants.key.proof 
72987      DEBUG main            d.u.i.k.p.i.IntermediateProofReplayer Proof replay took 10.87ms 
72988      DEBUG main            d.u.i.k.p.r.p.TestFile    ... success: reloaded. 
72989      INFO  main            d.u.i.k.p.r.p.TestFile    Now processing file /home/runner/work/key/key/key.core/../key.ui/examples/standard_key/java_dl/constructorException/test.key 
72990      INFO  main            d.u.i.k.p.i.AbstractProblemLoader Loading environment from /home/runner/work/key/key/key.core/../key.ui/examples/standard_key/java_dl/constructorException/test.key 
72990      DEBUG main            d.u.i.k.p.i.AbstractProblemLoader Environment load took 191.8ns 
72991      INFO  main            d.u.i.k.p.i.AbstractProblemLoader Creating init config 
75382      DEBUG main            d.u.i.k.p.i.AbstractProblemLoader Init config took 2.39s 
75467      INFO  main            d.u.i.k.p.i.AbstractProblemLoader Replaying proof Test[Test::Test(int)].JML operation contract.0 
75468      DEBUG main            d.u.i.k.p.i.IntermediateProofReplayer Proof replay took 7.2ns 
75771      INFO  main            d.u.i.k.p.r.p.TestFile    ... finished proof: closed. 
75981      INFO  main            d.u.i.k.p.i.AbstractProblemLoader Loading environment from /home/runner/work/key/key/key.core/../key.ui/examples/standard_key/java_dl/constructorException/test.key.proof 
75981      DEBUG main            d.u.i.k.p.i.AbstractProblemLoader Environment load took 118.7ns 
75982      INFO  main            d.u.i.k.p.i.AbstractProblemLoader Creating init config 
78314      DEBUG main            d.u.i.k.p.i.AbstractProblemLoader Init config took 2.33s 
78355      INFO  main            d.u.i.k.p.i.AbstractProblemLoader Replaying proof Test[Test::Test(int)].JML operation contract.0 
78409      DEBUG main            d.u.i.k.p.i.IntermediateProofReplayer Proof replay took 51.33ms 
78410      DEBUG main            d.u.i.k.p.r.p.TestFile    ... success: reloaded. 
78411      INFO  main            d.u.i.k.p.r.p.TestFile    Now processing file /home/runner/work/key/key/key.core/../key.ui/examples/standard_key/java_dl/constructorException/regressionTestBug1333.key 
78411      INFO  main            d.u.i.k.p.i.AbstractProblemLoader Loading environment from /home/runner/work/key/key/key.core/../key.ui/examples/standard_key/java_dl/constructorException/regressionTestBug1333.key 
78411      DEBUG main            d.u.i.k.p.i.AbstractProblemLoader Environment load took 212.4ns 
78412      INFO  main            d.u.i.k.p.i.AbstractProblemLoader Creating init config 
80787      DEBUG main            d.u.i.k.p.i.AbstractProblemLoader Init config took 2.37s 
80848      INFO  main            d.u.i.k.p.i.AbstractProblemLoader Replaying proof False[False::False()].JML normal_behavior operation contract.0 
80850      DEBUG main            d.u.i.k.p.i.IntermediateProofReplayer Proof replay took 7.3ns 
80954      INFO  main            d.u.i.k.p.r.p.TestFile    ... finished proof: open goal(s) 
81168      INFO  main            d.u.i.k.p.r.p.TestFile    Now processing file /home/runner/work/key/key/key.core/../key.ui/examples/standard_key/java_dl/continue1.key 
81168      INFO  main            d.u.i.k.p.i.AbstractProblemLoader Loading environment from /home/runner/work/key/key/key.core/../key.ui/examples/standard_key/java_dl/continue1.key 
81169      DEBUG main            d.u.i.k.p.i.AbstractProblemLoader Environment load took 65.5ns 
81170      INFO  main            d.u.i.k.p.i.AbstractProblemLoader Creating init config 
81191      WARN  main            d.u.i.k.j.r.KeYCrossReferenceNameInfo Datatype java.lang.System declared twice: Once in FILE:/home/runner/work/key/key/key.core/../key.ui/examples/standard_key/java_dl/classpath/System.java and once in URL:file:/home/runner/work/key/key/key.core/build/resources/main/de/uka/ilkd/key/java/JavaRedux/java/lang/System.java, Keeping one from URL:file:/home/runner/work/key/key/key.core/build/resources/main/de/uka/ilkd/key/java/JavaRedux/java/lang/System.java 
81192      WARN  main            d.u.i.k.j.r.KeYCrossReferenceNameInfo Datatype java.io.InputStream declared twice: Once in FILE:/home/runner/work/key/key/key.core/../key.ui/examples/standard_key/java_dl/classpath/InputStream.java and once in URL:file:/home/runner/work/key/key/key.core/build/resources/main/de/uka/ilkd/key/java/JavaRedux/java/io/InputStream.java, Keeping one from URL:file:/home/runner/work/key/key/key.core/build/resources/main/de/uka/ilkd/key/java/JavaRedux/java/io/InputStream.java 
81192      WARN  main            d.u.i.k.j.r.KeYCrossReferenceNameInfo Datatype java.io.PrintStream declared twice: Once in FILE:/home/runner/work/key/key/key.core/../key.ui/examples/standard_key/java_dl/classpath/PrintStream.java and once in URL:file:/home/runner/work/key/key/key.core/build/resources/main/de/uka/ilkd/key/java/JavaRedux/java/io/PrintStream.java, Keeping one from URL:file:/home/runner/work/key/key/key.core/build/resources/main/de/uka/ilkd/key/java/JavaRedux/java/io/PrintStream.java 
81195      DEBUG main            d.u.i.k.j.r.ClassFileDeclarationBuilder Parsing: package java.io; public class Closeable { } 
81195      DEBUG main            r.s.KeYCrossReferenceSourceInfo Dynamically created class: java.io.Closeable 
83524      DEBUG main            d.u.i.k.p.i.AbstractProblemLoader Init config took 2.35s 
83539      INFO  main            d.u.i.k.p.i.AbstractProblemLoader Replaying proof continue1.key 
83540      DEBUG main            d.u.i.k.p.i.IntermediateProofReplayer Proof replay took 7.1ns 
83645      INFO  main            d.u.i.k.p.r.p.TestFile    ... finished proof: closed. 
83845      INFO  main            d.u.i.k.p.i.AbstractProblemLoader Loading environment from /home/runner/work/key/key/key.core/../key.ui/examples/standard_key/java_dl/continue1.key.proof 
83845      DEBUG main            d.u.i.k.p.i.AbstractProblemLoader Environment load took 121.4ns 
83846      INFO  main            d.u.i.k.p.i.AbstractProblemLoader Creating init config 
83869      WARN  main            d.u.i.k.j.r.KeYCrossReferenceNameInfo Datatype java.lang.System declared twice: Once in FILE:/home/runner/work/key/key/key.core/../key.ui/examples/standard_key/java_dl/classpath/System.java and once in URL:file:/home/runner/work/key/key/key.core/build/resources/main/de/uka/ilkd/key/java/JavaRedux/java/lang/System.java, Keeping one from URL:file:/home/runner/work/key/key/key.core/build/resources/main/de/uka/ilkd/key/java/JavaRedux/java/lang/System.java 
83869      WARN  main            d.u.i.k.j.r.KeYCrossReferenceNameInfo Datatype java.io.InputStream declared twice: Once in FILE:/home/runner/work/key/key/key.core/../key.ui/examples/standard_key/java_dl/classpath/InputStream.java and once in URL:file:/home/runner/work/key/key/key.core/build/resources/main/de/uka/ilkd/key/java/JavaRedux/java/io/InputStream.java, Keeping one from URL:file:/home/runner/work/key/key/key.core/build/resources/main/de/uka/ilkd/key/java/JavaRedux/java/io/InputStream.java 
83869      WARN  main            d.u.i.k.j.r.KeYCrossReferenceNameInfo Datatype java.io.PrintStream declared twice: Once in FILE:/home/runner/work/key/key/key.core/../key.ui/examples/standard_key/java_dl/classpath/PrintStream.java and once in URL:file:/home/runner/work/key/key/key.core/build/resources/main/de/uka/ilkd/key/java/JavaRedux/java/io/PrintStream.java, Keeping one from URL:file:/home/runner/work/key/key/key.core/build/resources/main/de/uka/ilkd/key/java/JavaRedux/java/io/PrintStream.java 
83872      DEBUG main            d.u.i.k.j.r.ClassFileDeclarationBuilder Parsing: package java.io; public class Closeable { } 
83872      DEBUG main            r.s.KeYCrossReferenceSourceInfo Dynamically created class: java.io.Closeable 
86235      DEBUG main            d.u.i.k.p.i.AbstractProblemLoader Init config took 2.39s 
86250      INFO  main            d.u.i.k.p.i.AbstractProblemLoader Replaying proof continue1.key.proof 
86271      DEBUG main            d.u.i.k.p.i.IntermediateProofReplayer Proof replay took 18.16ms 
86272      DEBUG main            d.u.i.k.p.r.p.TestFile    ... success: reloaded. 
86273      INFO  main            d.u.i.k.p.r.p.TestFile    Now processing file /home/runner/work/key/key/key.core/../key.ui/examples/standard_key/java_dl/continue2.key 
86274      INFO  main            d.u.i.k.p.i.AbstractProblemLoader Loading environment from /home/runner/work/key/key/key.core/../key.ui/examples/standard_key/java_dl/continue2.key 
86274      DEBUG main            d.u.i.k.p.i.AbstractProblemLoader Environment load took 87ns 
86275      INFO  main            d.u.i.k.p.i.AbstractProblemLoader Creating init config 
86296      WARN  main            d.u.i.k.j.r.KeYCrossReferenceNameInfo Datatype java.lang.System declared twice: Once in FILE:/home/runner/work/key/key/key.core/../key.ui/examples/standard_key/java_dl/classpath/System.java and once in URL:file:/home/runner/work/key/key/key.core/build/resources/main/de/uka/ilkd/key/java/JavaRedux/java/lang/System.java, Keeping one from URL:file:/home/runner/work/key/key/key.core/build/resources/main/de/uka/ilkd/key/java/JavaRedux/java/lang/System.java 
86296      WARN  main            d.u.i.k.j.r.KeYCrossReferenceNameInfo Datatype java.io.InputStream declared twice: Once in FILE:/home/runner/work/key/key/key.core/../key.ui/examples/standard_key/java_dl/classpath/InputStream.java and once in URL:file:/home/runner/work/key/key/key.core/build/resources/main/de/uka/ilkd/key/java/JavaRedux/java/io/InputStream.java, Keeping one from URL:file:/home/runner/work/key/key/key.core/build/resources/main/de/uka/ilkd/key/java/JavaRedux/java/io/InputStream.java 
86296      WARN  main            d.u.i.k.j.r.KeYCrossReferenceNameInfo Datatype java.io.PrintStream declared twice: Once in FILE:/home/runner/work/key/key/key.core/../key.ui/examples/standard_key/java_dl/classpath/PrintStream.java and once in URL:file:/home/runner/work/key/key/key.core/build/resources/main/de/uka/ilkd/key/java/JavaRedux/java/io/PrintStream.java, Keeping one from URL:file:/home/runner/work/key/key/key.core/build/resources/main/de/uka/ilkd/key/java/JavaRedux/java/io/PrintStream.java 
86299      DEBUG main            d.u.i.k.j.r.ClassFileDeclarationBuilder Parsing: package java.io; public class Closeable { } 
86299      DEBUG main            r.s.KeYCrossReferenceSourceInfo Dynamically created class: java.io.Closeable 
88565      DEBUG main            d.u.i.k.p.i.AbstractProblemLoader Init config took 2.29s 
88581      INFO  main            d.u.i.k.p.i.AbstractProblemLoader Replaying proof continue2.key 
88582      DEBUG main            d.u.i.k.p.i.IntermediateProofReplayer Proof replay took 8ns 
88785      INFO  main            d.u.i.k.p.r.p.TestFile    ... finished proof: closed. 
89035      INFO  main            d.u.i.k.p.i.AbstractProblemLoader Loading environment from /home/runner/work/key/key/key.core/../key.ui/examples/standard_key/java_dl/continue2.key.proof 
89035      DEBUG main            d.u.i.k.p.i.AbstractProblemLoader Environment load took 116.2ns 
89037      INFO  main            d.u.i.k.p.i.AbstractProblemLoader Creating init config 
89058      WARN  main            d.u.i.k.j.r.KeYCrossReferenceNameInfo Datatype java.lang.System declared twice: Once in FILE:/home/runner/work/key/key/key.core/../key.ui/examples/standard_key/java_dl/classpath/System.java and once in URL:file:/home/runner/work/key/key/key.core/build/resources/main/de/uka/ilkd/key/java/JavaRedux/java/lang/System.java, Keeping one from URL:file:/home/runner/work/key/key/key.core/build/resources/main/de/uka/ilkd/key/java/JavaRedux/java/lang/System.java 
89059      WARN  main            d.u.i.k.j.r.KeYCrossReferenceNameInfo Datatype java.io.InputStream declared twice: Once in FILE:/home/runner/work/key/key/key.core/../key.ui/examples/standard_key/java_dl/classpath/InputStream.java and once in URL:file:/home/runner/work/key/key/key.core/build/resources/main/de/uka/ilkd/key/java/JavaRedux/java/io/InputStream.java, Keeping one from URL:file:/home/runner/work/key/key/key.core/build/resources/main/de/uka/ilkd/key/java/JavaRedux/java/io/InputStream.java 
89059      WARN  main            d.u.i.k.j.r.KeYCrossReferenceNameInfo Datatype java.io.PrintStream declared twice: Once in FILE:/home/runner/work/key/key/key.core/../key.ui/examples/standard_key/java_dl/classpath/PrintStream.java and once in URL:file:/home/runner/work/key/key/key.core/build/resources/main/de/uka/ilkd/key/java/JavaRedux/java/io/PrintStream.java, Keeping one from URL:file:/home/runner/work/key/key/key.core/build/resources/main/de/uka/ilkd/key/java/JavaRedux/java/io/PrintStream.java 
89062      DEBUG main            d.u.i.k.j.r.ClassFileDeclarationBuilder Parsing: package java.io; public class Closeable { } 
89062      DEBUG main            r.s.KeYCrossReferenceSourceInfo Dynamically created class: java.io.Closeable 
91375      DEBUG main            d.u.i.k.p.i.AbstractProblemLoader Init config took 2.34s 
91389      INFO  main            d.u.i.k.p.i.AbstractProblemLoader Replaying proof continue2.key.proof 
91460      DEBUG main            d.u.i.k.p.i.IntermediateProofReplayer Proof replay took 68.12ms 
91461      DEBUG main            d.u.i.k.p.r.p.TestFile    ... success: reloaded. 
91463      INFO  main            d.u.i.k.p.r.p.TestFile    Now processing file /home/runner/work/key/key/key.core/../key.ui/examples/standard_key/java_dl/complexAssignment.key 
91463      INFO  main            d.u.i.k.p.i.AbstractProblemLoader Loading environment from /home/runner/work/key/key/key.core/../key.ui/examples/standard_key/java_dl/complexAssignment.key 
91463      DEBUG main            d.u.i.k.p.i.AbstractProblemLoader Environment load took 93.3ns 
91464      INFO  main            d.u.i.k.p.i.AbstractProblemLoader Creating init config 
93767      DEBUG main            d.u.i.k.p.i.AbstractProblemLoader Init config took 2.3s 
93782      INFO  main            d.u.i.k.p.i.AbstractProblemLoader Replaying proof complexAssignment.key 
93783      DEBUG main            d.u.i.k.p.i.IntermediateProofReplayer Proof replay took 6.9ns 
93885      INFO  main            d.u.i.k.p.r.p.TestFile    ... finished proof: closed. 
94117      INFO  main            d.u.i.k.p.i.AbstractProblemLoader Loading environment from /home/runner/work/key/key/key.core/../key.ui/examples/standard_key/java_dl/complexAssignment.key.proof 
94117      DEBUG main            d.u.i.k.p.i.AbstractProblemLoader Environment load took 113.1ns 
94118      INFO  main            d.u.i.k.p.i.AbstractProblemLoader Creating init config 
96350      DEBUG main            d.u.i.k.p.i.AbstractProblemLoader Init config took 2.23s 
96365      INFO  main            d.u.i.k.p.i.AbstractProblemLoader Replaying proof complexAssignment.key.proof 
96377      DEBUG main            d.u.i.k.p.i.IntermediateProofReplayer Proof replay took 10.36ms 
96379      DEBUG main            d.u.i.k.p.r.p.TestFile    ... success: reloaded. 
96380      INFO  main            d.u.i.k.p.r.p.TestFile    Now processing file /home/runner/work/key/key/key.core/../key.ui/examples/standard_key/java_dl/danglingElseSolution1.key 
96380      INFO  main            d.u.i.k.p.i.AbstractProblemLoader Loading environment from /home/runner/work/key/key/key.core/../key.ui/examples/standard_key/java_dl/danglingElseSolution1.key 
96380      DEBUG main            d.u.i.k.p.i.AbstractProblemLoader Environment load took 109.6ns 
96381      INFO  main            d.u.i.k.p.i.AbstractProblemLoader Creating init config 
98688      DEBUG main            d.u.i.k.p.i.AbstractProblemLoader Init config took 2.31s 
98702      INFO  main            d.u.i.k.p.i.AbstractProblemLoader Replaying proof danglingElseSolution1.key 
98704      DEBUG main            d.u.i.k.p.i.IntermediateProofReplayer Proof replay took 7ns 
98806      INFO  main            d.u.i.k.p.r.p.TestFile    ... finished proof: closed. 
99034      INFO  main            d.u.i.k.p.i.AbstractProblemLoader Loading environment from /home/runner/work/key/key/key.core/../key.ui/examples/standard_key/java_dl/danglingElseSolution1.key.proof 
99034      DEBUG main            d.u.i.k.p.i.AbstractProblemLoader Environment load took 117.9ns 
99035      INFO  main            d.u.i.k.p.i.AbstractProblemLoader Creating init config 
101243     DEBUG main            d.u.i.k.p.i.AbstractProblemLoader Init config took 2.21s 
101258     INFO  main            d.u.i.k.p.i.AbstractProblemLoader Replaying proof danglingElseSolution1.key.proof 
101269     DEBUG main            d.u.i.k.p.i.IntermediateProofReplayer Proof replay took 8.86ms 
101270     DEBUG main            d.u.i.k.p.r.p.TestFile    ... success: reloaded. 
101271     INFO  main            d.u.i.k.p.r.p.TestFile    Now processing file /home/runner/work/key/key/key.core/../key.ui/examples/standard_key/java_dl/danglingElseSolution2.key 
101271     INFO  main            d.u.i.k.p.i.AbstractProblemLoader Loading environment from /home/runner/work/key/key/key.core/../key.ui/examples/standard_key/java_dl/danglingElseSolution2.key 
101271     DEBUG main            d.u.i.k.p.i.AbstractProblemLoader Environment load took 92.8ns 
101274     INFO  main            d.u.i.k.p.i.AbstractProblemLoader Creating init config 
103597     DEBUG main            d.u.i.k.p.i.AbstractProblemLoader Init config took 2.32s 
103613     INFO  main            d.u.i.k.p.i.AbstractProblemLoader Replaying proof danglingElseSolution2.key 
103615     DEBUG main            d.u.i.k.p.i.IntermediateProofReplayer Proof replay took 7.2ns 
103717     INFO  main            d.u.i.k.p.r.p.TestFile    ... finished proof: closed. 
103958     INFO  main            d.u.i.k.p.i.AbstractProblemLoader Loading environment from /home/runner/work/key/key/key.core/../key.ui/examples/standard_key/java_dl/danglingElseSolution2.key.proof 
103958     DEBUG main            d.u.i.k.p.i.AbstractProblemLoader Environment load took 115ns 
103959     INFO  main            d.u.i.k.p.i.AbstractProblemLoader Creating init config 
106177     DEBUG main            d.u.i.k.p.i.AbstractProblemLoader Init config took 2.22s 
106192     INFO  main            d.u.i.k.p.i.AbstractProblemLoader Replaying proof danglingElseSolution2.key.proof 
106203     DEBUG main            d.u.i.k.p.i.IntermediateProofReplayer Proof replay took 8.64ms 
106204     DEBUG main            d.u.i.k.p.r.p.TestFile    ... success: reloaded. 
106205     INFO  main            d.u.i.k.p.r.p.TestFile    Now processing file /home/runner/work/key/key/key.core/../key.ui/examples/standard_key/java_dl/deepNonNull/deepNonNull0.key 
106205     INFO  main            d.u.i.k.p.i.AbstractProblemLoader Loading environment from /home/runner/work/key/key/key.core/../key.ui/examples/standard_key/java_dl/deepNonNull/deepNonNull0.key 
106206     DEBUG main            d.u.i.k.p.i.AbstractProblemLoader Environment load took 181.5ns 
106206     INFO  main            d.u.i.k.p.i.AbstractProblemLoader Creating init config 
108524     DEBUG main            d.u.i.k.p.i.AbstractProblemLoader Init config took 2.32s 
108584     INFO  main            d.u.i.k.p.i.AbstractProblemLoader Replaying proof Arrays[Arrays::get()].JML operation contract.0 
108587     DEBUG main            d.u.i.k.p.i.IntermediateProofReplayer Proof replay took 8.2ns 
108789     INFO  main            d.u.i.k.p.r.p.TestFile    ... finished proof: closed. 
109077     INFO  main            d.u.i.k.p.i.AbstractProblemLoader Loading environment from /home/runner/work/key/key/key.core/../key.ui/examples/standard_key/java_dl/deepNonNull/deepNonNull0.key.proof 
109078     DEBUG main            d.u.i.k.p.i.AbstractProblemLoader Environment load took 115.5ns 
109079     INFO  main            d.u.i.k.p.i.AbstractProblemLoader Creating init config 
111424     DEBUG main            d.u.i.k.p.i.AbstractProblemLoader Init config took 2.35s 
111461     INFO  main            d.u.i.k.p.i.AbstractProblemLoader Replaying proof Arrays[Arrays::get()].JML operation contract.0 
111497     DEBUG main            d.u.i.k.p.i.IntermediateProofReplayer Proof replay took 32.97ms 
111498     DEBUG main            d.u.i.k.p.r.p.TestFile    ... success: reloaded. 
111499     INFO  main            d.u.i.k.p.r.p.TestFile    Now processing file /home/runner/work/key/key/key.core/../key.ui/examples/standard_key/java_dl/deepNonNull/deepNonNull1.key 
111499     INFO  main            d.u.i.k.p.i.AbstractProblemLoader Loading environment from /home/runner/work/key/key/key.core/../key.ui/examples/standard_key/java_dl/deepNonNull/deepNonNull1.key 
111500     DEBUG main            d.u.i.k.p.i.AbstractProblemLoader Environment load took 90.4ns 
111500     INFO  main            d.u.i.k.p.i.AbstractProblemLoader Creating init config 
113826     DEBUG main            d.u.i.k.p.i.AbstractProblemLoader Init config took 2.33s 
113882     INFO  main            d.u.i.k.p.i.AbstractProblemLoader Replaying proof Arrays[Arrays::head()].JML operation contract.0 
113883     DEBUG main            d.u.i.k.p.i.IntermediateProofReplayer Proof replay took 7.3ns 
114086     INFO  main            d.u.i.k.p.r.p.TestFile    ... finished proof: closed. 
114340     INFO  main            d.u.i.k.p.i.AbstractProblemLoader Loading environment from /home/runner/work/key/key/key.core/../key.ui/examples/standard_key/java_dl/deepNonNull/deepNonNull1.key.proof 
114341     DEBUG main            d.u.i.k.p.i.AbstractProblemLoader Environment load took 113.7ns 
114341     INFO  main            d.u.i.k.p.i.AbstractProblemLoader Creating init config 
116626     DEBUG main            d.u.i.k.p.i.AbstractProblemLoader Init config took 2.28s 
116661     INFO  main            d.u.i.k.p.i.AbstractProblemLoader Replaying proof Arrays[Arrays::head()].JML operation contract.0 
116686     DEBUG main            d.u.i.k.p.i.IntermediateProofReplayer Proof replay took 22.4ms 
116686     DEBUG main            d.u.i.k.p.r.p.TestFile    ... success: reloaded. 
116687     INFO  main            d.u.i.k.p.r.p.TestFile    Now processing file /home/runner/work/key/key/key.core/../key.ui/examples/standard_key/java_dl/deepNonNull/deepNonNull2.key 
116687     INFO  main            d.u.i.k.p.i.AbstractProblemLoader Loading environment from /home/runner/work/key/key/key.core/../key.ui/examples/standard_key/java_dl/deepNonNull/deepNonNull2.key 
116687     DEBUG main            d.u.i.k.p.i.AbstractProblemLoader Environment load took 86.9ns 
116688     INFO  main            d.u.i.k.p.i.AbstractProblemLoader Creating init config 
119004     DEBUG main            d.u.i.k.p.i.AbstractProblemLoader Init config took 2.32s 
119039     INFO  main            d.u.i.k.p.i.AbstractProblemLoader Replaying proof Arrays[Arrays::unprovable(java.lang.Object)].JML operation contract.0 
119041     DEBUG main            d.u.i.k.p.i.IntermediateProofReplayer Proof replay took 7.4ns 
119147     INFO  main            d.u.i.k.p.r.p.TestFile    ... finished proof: open goal(s) 
119398     INFO  main            d.u.i.k.p.r.p.TestFile    Now processing file /home/runner/work/key/key/key.core/../key.ui/examples/standard_key/java_dl/deepNonNull/deepNonNull3.key 
119398     INFO  main            d.u.i.k.p.i.AbstractProblemLoader Loading environment from /home/runner/work/key/key/key.core/../key.ui/examples/standard_key/java_dl/deepNonNull/deepNonNull3.key 
119398     DEBUG main            d.u.i.k.p.i.AbstractProblemLoader Environment load took 63.2ns 
119399     INFO  main            d.u.i.k.p.i.AbstractProblemLoader Creating init config 
121665     DEBUG main            d.u.i.k.p.i.AbstractProblemLoader Init config took 2.27s 
121700     INFO  main            d.u.i.k.p.i.AbstractProblemLoader Replaying proof Arrays[Arrays::head([[[[Ljava.lang.Object)].JML operation contract.0 
121701     DEBUG main            d.u.i.k.p.i.IntermediateProofReplayer Proof replay took 7ns 
122524     INFO  main            d.u.i.k.p.r.p.TestFile    ... finished proof: closed. 
122811     INFO  main            d.u.i.k.p.i.AbstractProblemLoader Loading environment from /home/runner/work/key/key/key.core/../key.ui/examples/standard_key/java_dl/deepNonNull/deepNonNull3.key.proof 
122811     DEBUG main            d.u.i.k.p.i.AbstractProblemLoader Environment load took 404.1ns 
122812     INFO  main            d.u.i.k.p.i.AbstractProblemLoader Creating init config 
125079     DEBUG main            d.u.i.k.p.i.AbstractProblemLoader Init config took 2.27s 
125120     INFO  main            d.u.i.k.p.i.AbstractProblemLoader Replaying proof Arrays[Arrays::head([[[[Ljava.lang.Object)].JML operation contract.0 
125229     DEBUG main            d.u.i.k.p.i.IntermediateProofReplayer Proof replay took 101.95ms 
125230     DEBUG main            d.u.i.k.p.r.p.TestFile    ... success: reloaded. 
125231     INFO  main            d.u.i.k.p.r.p.TestFile    Now processing file /home/runner/work/key/key/key.core/../key.ui/examples/standard_key/java_dl/exceptions.key 
125231     INFO  main            d.u.i.k.p.i.AbstractProblemLoader Loading environment from /home/runner/work/key/key/key.core/../key.ui/examples/standard_key/java_dl/exceptions.key 
125232     DEBUG main            d.u.i.k.p.i.AbstractProblemLoader Environment load took 210.7ns 
125233     INFO  main            d.u.i.k.p.i.AbstractProblemLoader Creating init config 
125255     WARN  main            d.u.i.k.j.r.KeYCrossReferenceNameInfo Datatype java.lang.System declared twice: Once in FILE:/home/runner/work/key/key/key.core/../key.ui/examples/standard_key/java_dl/classpath/System.java and once in URL:file:/home/runner/work/key/key/key.core/build/resources/main/de/uka/ilkd/key/java/JavaRedux/java/lang/System.java, Keeping one from URL:file:/home/runner/work/key/key/key.core/build/resources/main/de/uka/ilkd/key/java/JavaRedux/java/lang/System.java 
125255     WARN  main            d.u.i.k.j.r.KeYCrossReferenceNameInfo Datatype java.io.InputStream declared twice: Once in FILE:/home/runner/work/key/key/key.core/../key.ui/examples/standard_key/java_dl/classpath/InputStream.java and once in URL:file:/home/runner/work/key/key/key.core/build/resources/main/de/uka/ilkd/key/java/JavaRedux/java/io/InputStream.java, Keeping one from URL:file:/home/runner/work/key/key/key.core/build/resources/main/de/uka/ilkd/key/java/JavaRedux/java/io/InputStream.java 
125256     WARN  main            d.u.i.k.j.r.KeYCrossReferenceNameInfo Datatype java.io.PrintStream declared twice: Once in FILE:/home/runner/work/key/key/key.core/../key.ui/examples/standard_key/java_dl/classpath/PrintStream.java and once in URL:file:/home/runner/work/key/key/key.core/build/resources/main/de/uka/ilkd/key/java/JavaRedux/java/io/PrintStream.java, Keeping one from URL:file:/home/runner/work/key/key/key.core/build/resources/main/de/uka/ilkd/key/java/JavaRedux/java/io/PrintStream.java 
125259     DEBUG main            d.u.i.k.j.r.ClassFileDeclarationBuilder Parsing: package java.io; public class Closeable { } 
125259     DEBUG main            r.s.KeYCrossReferenceSourceInfo Dynamically created class: java.io.Closeable 
127653     DEBUG main            d.u.i.k.p.i.AbstractProblemLoader Init config took 2.42s 
127667     INFO  main            d.u.i.k.p.i.AbstractProblemLoader Replaying proof exceptions.key 
127669     DEBUG main            d.u.i.k.p.i.IntermediateProofReplayer Proof replay took 8ns 
127874     INFO  main            d.u.i.k.p.r.p.TestFile    ... finished proof: closed. 
128153     INFO  main            d.u.i.k.p.i.AbstractProblemLoader Loading environment from /home/runner/work/key/key/key.core/../key.ui/examples/standard_key/java_dl/exceptions.key.proof 
128153     DEBUG main            d.u.i.k.p.i.AbstractProblemLoader Environment load took 99.5ns 
128154     INFO  main            d.u.i.k.p.i.AbstractProblemLoader Creating init config 
128177     WARN  main            d.u.i.k.j.r.KeYCrossReferenceNameInfo Datatype java.lang.System declared twice: Once in FILE:/home/runner/work/key/key/key.core/../key.ui/examples/standard_key/java_dl/classpath/System.java and once in URL:file:/home/runner/work/key/key/key.core/build/resources/main/de/uka/ilkd/key/java/JavaRedux/java/lang/System.java, Keeping one from URL:file:/home/runner/work/key/key/key.core/build/resources/main/de/uka/ilkd/key/java/JavaRedux/java/lang/System.java 
128177     WARN  main            d.u.i.k.j.r.KeYCrossReferenceNameInfo Datatype java.io.InputStream declared twice: Once in FILE:/home/runner/work/key/key/key.core/../key.ui/examples/standard_key/java_dl/classpath/InputStream.java and once in URL:file:/home/runner/work/key/key/key.core/build/resources/main/de/uka/ilkd/key/java/JavaRedux/java/io/InputStream.java, Keeping one from URL:file:/home/runner/work/key/key/key.core/build/resources/main/de/uka/ilkd/key/java/JavaRedux/java/io/InputStream.java 
128177     WARN  main            d.u.i.k.j.r.KeYCrossReferenceNameInfo Datatype java.io.PrintStream declared twice: Once in FILE:/home/runner/work/key/key/key.core/../key.ui/examples/standard_key/java_dl/classpath/PrintStream.java and once in URL:file:/home/runner/work/key/key/key.core/build/resources/main/de/uka/ilkd/key/java/JavaRedux/java/io/PrintStream.java, Keeping one from URL:file:/home/runner/work/key/key/key.core/build/resources/main/de/uka/ilkd/key/java/JavaRedux/java/io/PrintStream.java 
128180     DEBUG main            d.u.i.k.j.r.ClassFileDeclarationBuilder Parsing: package java.io; public class Closeable { } 
128180     DEBUG main            r.s.KeYCrossReferenceSourceInfo Dynamically created class: java.io.Closeable 
130470     DEBUG main            d.u.i.k.p.i.AbstractProblemLoader Init config took 2.32s 
130485     INFO  main            d.u.i.k.p.i.AbstractProblemLoader Replaying proof exceptions.key.proof 
130535     DEBUG main            d.u.i.k.p.i.IntermediateProofReplayer Proof replay took 47.15ms 
130536     DEBUG main            d.u.i.k.p.r.p.TestFile    ... success: reloaded. 
130538     INFO  main            d.u.i.k.p.r.p.TestFile    Now processing file /home/runner/work/key/key/key.core/../key.ui/examples/standard_key/java_dl/exceptions1.key 
130538     INFO  main            d.u.i.k.p.i.AbstractProblemLoader Loading environment from /home/runner/work/key/key/key.core/../key.ui/examples/standard_key/java_dl/exceptions1.key 
130538     DEBUG main            d.u.i.k.p.i.AbstractProblemLoader Environment load took 203.6ns 
130539     INFO  main            d.u.i.k.p.i.AbstractProblemLoader Creating init config 
132823     DEBUG main            d.u.i.k.p.i.AbstractProblemLoader Init config took 2.28s 
132838     INFO  main            d.u.i.k.p.i.AbstractProblemLoader Replaying proof exceptions1.key 
132840     DEBUG main            d.u.i.k.p.i.IntermediateProofReplayer Proof replay took 21.2ns 
132945     INFO  main            d.u.i.k.p.r.p.TestFile    ... finished proof: closed. 
133229     INFO  main            d.u.i.k.p.i.AbstractProblemLoader Loading environment from /home/runner/work/key/key/key.core/../key.ui/examples/standard_key/java_dl/exceptions1.key.proof 
133230     DEBUG main            d.u.i.k.p.i.AbstractProblemLoader Environment load took 115.8ns 
133231     INFO  main            d.u.i.k.p.i.AbstractProblemLoader Creating init config 
135428     DEBUG main            d.u.i.k.p.i.AbstractProblemLoader Init config took 2.2s 
135443     INFO  main            d.u.i.k.p.i.AbstractProblemLoader Replaying proof exceptions1.key.proof 
135472     DEBUG main            d.u.i.k.p.i.IntermediateProofReplayer Proof replay took 26.51ms 
135472     DEBUG main            d.u.i.k.p.r.p.TestFile    ... success: reloaded. 
135473     INFO  main            d.u.i.k.p.r.p.TestFile    Now processing file /home/runner/work/key/key/key.core/../key.ui/examples/standard_key/java_dl/exceptions2.key 
135474     INFO  main            d.u.i.k.p.i.AbstractProblemLoader Loading environment from /home/runner/work/key/key/key.core/../key.ui/examples/standard_key/java_dl/exceptions2.key 
135474     DEBUG main            d.u.i.k.p.i.AbstractProblemLoader Environment load took 187.9ns 
135475     INFO  main            d.u.i.k.p.i.AbstractProblemLoader Creating init config 
137719     DEBUG main            d.u.i.k.p.i.AbstractProblemLoader Init config took 2.24s 
137734     INFO  main            d.u.i.k.p.i.AbstractProblemLoader Replaying proof exceptions2.key 
137737     DEBUG main            d.u.i.k.p.i.IntermediateProofReplayer Proof replay took 8.9ns 
137839     INFO  main            d.u.i.k.p.r.p.TestFile    ... finished proof: closed. 
138108     INFO  main            d.u.i.k.p.i.AbstractProblemLoader Loading environment from /home/runner/work/key/key/key.core/../key.ui/examples/standard_key/java_dl/exceptions2.key.proof 
138108     DEBUG main            d.u.i.k.p.i.AbstractProblemLoader Environment load took 104.8ns 
138109     INFO  main            d.u.i.k.p.i.AbstractProblemLoader Creating init config 
140305     DEBUG main            d.u.i.k.p.i.AbstractProblemLoader Init config took 2.2s 
140320     INFO  main            d.u.i.k.p.i.AbstractProblemLoader Replaying proof exceptions2.key.proof 
140351     DEBUG main            d.u.i.k.p.i.IntermediateProofReplayer Proof replay took 28.47ms 
140352     DEBUG main            d.u.i.k.p.r.p.TestFile    ... success: reloaded. 
140353     INFO  main            d.u.i.k.p.r.p.TestFile    Now processing file /home/runner/work/key/key/key.core/../key.ui/examples/standard_key/java_dl/exceptions3.key 
140354     INFO  main            d.u.i.k.p.i.AbstractProblemLoader Loading environment from /home/runner/work/key/key/key.core/../key.ui/examples/standard_key/java_dl/exceptions3.key 
140354     DEBUG main            d.u.i.k.p.i.AbstractProblemLoader Environment load took 188.3ns 
140355     INFO  main            d.u.i.k.p.i.AbstractProblemLoader Creating init config 
140379     WARN  main            d.u.i.k.j.r.KeYCrossReferenceNameInfo Datatype java.lang.System declared twice: Once in FILE:/home/runner/work/key/key/key.core/../key.ui/examples/standard_key/java_dl/classpath/System.java and once in URL:file:/home/runner/work/key/key/key.core/build/resources/main/de/uka/ilkd/key/java/JavaRedux/java/lang/System.java, Keeping one from URL:file:/home/runner/work/key/key/key.core/build/resources/main/de/uka/ilkd/key/java/JavaRedux/java/lang/System.java 
140380     WARN  main            d.u.i.k.j.r.KeYCrossReferenceNameInfo Datatype java.io.InputStream declared twice: Once in FILE:/home/runner/work/key/key/key.core/../key.ui/examples/standard_key/java_dl/classpath/InputStream.java and once in URL:file:/home/runner/work/key/key/key.core/build/resources/main/de/uka/ilkd/key/java/JavaRedux/java/io/InputStream.java, Keeping one from URL:file:/home/runner/work/key/key/key.core/build/resources/main/de/uka/ilkd/key/java/JavaRedux/java/io/InputStream.java 
140380     WARN  main            d.u.i.k.j.r.KeYCrossReferenceNameInfo Datatype java.io.PrintStream declared twice: Once in FILE:/home/runner/work/key/key/key.core/../key.ui/examples/standard_key/java_dl/classpath/PrintStream.java and once in URL:file:/home/runner/work/key/key/key.core/build/resources/main/de/uka/ilkd/key/java/JavaRedux/java/io/PrintStream.java, Keeping one from URL:file:/home/runner/work/key/key/key.core/build/resources/main/de/uka/ilkd/key/java/JavaRedux/java/io/PrintStream.java 
140383     DEBUG main            d.u.i.k.j.r.ClassFileDeclarationBuilder Parsing: package java.io; public class Closeable { } 
140383     DEBUG main            r.s.KeYCrossReferenceSourceInfo Dynamically created class: java.io.Closeable 
142649     DEBUG main            d.u.i.k.p.i.AbstractProblemLoader Init config took 2.29s 
142663     INFO  main            d.u.i.k.p.i.AbstractProblemLoader Replaying proof exceptions3.key 
142665     DEBUG main            d.u.i.k.p.i.IntermediateProofReplayer Proof replay took 9.2ns 
142768     INFO  main            d.u.i.k.p.r.p.TestFile    ... finished proof: closed. 
143043     INFO  main            d.u.i.k.p.i.AbstractProblemLoader Loading environment from /home/runner/work/key/key/key.core/../key.ui/examples/standard_key/java_dl/exceptions3.key.proof 
143043     DEBUG main            d.u.i.k.p.i.AbstractProblemLoader Environment load took 98.3ns 
143044     INFO  main            d.u.i.k.p.i.AbstractProblemLoader Creating init config 
143066     WARN  main            d.u.i.k.j.r.KeYCrossReferenceNameInfo Datatype java.lang.System declared twice: Once in FILE:/home/runner/work/key/key/key.core/../key.ui/examples/standard_key/java_dl/classpath/System.java and once in URL:file:/home/runner/work/key/key/key.core/build/resources/main/de/uka/ilkd/key/java/JavaRedux/java/lang/System.java, Keeping one from URL:file:/home/runner/work/key/key/key.core/build/resources/main/de/uka/ilkd/key/java/JavaRedux/java/lang/System.java 
143067     WARN  main            d.u.i.k.j.r.KeYCrossReferenceNameInfo Datatype java.io.InputStream declared twice: Once in FILE:/home/runner/work/key/key/key.core/../key.ui/examples/standard_key/java_dl/classpath/InputStream.java and once in URL:file:/home/runner/work/key/key/key.core/build/resources/main/de/uka/ilkd/key/java/JavaRedux/java/io/InputStream.java, Keeping one from URL:file:/home/runner/work/key/key/key.core/build/resources/main/de/uka/ilkd/key/java/JavaRedux/java/io/InputStream.java 
143067     WARN  main            d.u.i.k.j.r.KeYCrossReferenceNameInfo Datatype java.io.PrintStream declared twice: Once in FILE:/home/runner/work/key/key/key.core/../key.ui/examples/standard_key/java_dl/classpath/PrintStream.java and once in URL:file:/home/runner/work/key/key/key.core/build/resources/main/de/uka/ilkd/key/java/JavaRedux/java/io/PrintStream.java, Keeping one from URL:file:/home/runner/work/key/key/key.core/build/resources/main/de/uka/ilkd/key/java/JavaRedux/java/io/PrintStream.java 
143070     DEBUG main            d.u.i.k.j.r.ClassFileDeclarationBuilder Parsing: package java.io; public class Closeable { } 
143070     DEBUG main            r.s.KeYCrossReferenceSourceInfo Dynamically created class: java.io.Closeable 
145385     DEBUG main            d.u.i.k.p.i.AbstractProblemLoader Init config took 2.34s 
145400     INFO  main            d.u.i.k.p.i.AbstractProblemLoader Replaying proof exceptions3.key.proof 
145405     DEBUG main            d.u.i.k.p.i.IntermediateProofReplayer Proof replay took 3.87ms 
145406     DEBUG main            d.u.i.k.p.r.p.TestFile    ... success: reloaded. 
145407     INFO  main            d.u.i.k.p.r.p.TestFile    Now processing file /home/runner/work/key/key/key.core/../key.ui/examples/standard_key/java_dl/exchange.key 
145407     INFO  main            d.u.i.k.p.i.AbstractProblemLoader Loading environment from /home/runner/work/key/key/key.core/../key.ui/examples/standard_key/java_dl/exchange.key 
145407     DEBUG main            d.u.i.k.p.i.AbstractProblemLoader Environment load took 70.5ns 
145408     INFO  main            d.u.i.k.p.i.AbstractProblemLoader Creating init config 
147628     DEBUG main            d.u.i.k.p.i.AbstractProblemLoader Init config took 2.22s 
147642     INFO  main            d.u.i.k.p.i.AbstractProblemLoader Replaying proof exchange.key 
147644     DEBUG main            d.u.i.k.p.i.IntermediateProofReplayer Proof replay took 8.8ns 
147749     INFO  main            d.u.i.k.p.r.p.TestFile    ... finished proof: closed. 
148031     INFO  main            d.u.i.k.p.i.AbstractProblemLoader Loading environment from /home/runner/work/key/key/key.core/../key.ui/examples/standard_key/java_dl/exchange.key.proof 
148031     DEBUG main            d.u.i.k.p.i.AbstractProblemLoader Environment load took 99.4ns 
148032     INFO  main            d.u.i.k.p.i.AbstractProblemLoader Creating init config 
150220     DEBUG main            d.u.i.k.p.i.AbstractProblemLoader Init config took 2.19s 
150235     INFO  main            d.u.i.k.p.i.AbstractProblemLoader Replaying proof exchange.key.proof 
150241     DEBUG main            d.u.i.k.p.i.IntermediateProofReplayer Proof replay took 4.79ms 
150242     DEBUG main            d.u.i.k.p.r.p.TestFile    ... success: reloaded. 
150242     INFO  main            d.u.i.k.p.r.p.TestFile    Now processing file /home/runner/work/key/key/key.core/../key.ui/examples/standard_key/java_dl/if.key 
150243     INFO  main            d.u.i.k.p.i.AbstractProblemLoader Loading environment from /home/runner/work/key/key/key.core/../key.ui/examples/standard_key/java_dl/if.key 
150243     DEBUG main            d.u.i.k.p.i.AbstractProblemLoader Environment load took 83.9ns 
150244     INFO  main            d.u.i.k.p.i.AbstractProblemLoader Creating init config 
152480     DEBUG main            d.u.i.k.p.i.AbstractProblemLoader Init config took 2.24s 
152498     INFO  main            d.u.i.k.p.i.AbstractProblemLoader Replaying proof if.key 
152500     DEBUG main            d.u.i.k.p.i.IntermediateProofReplayer Proof replay took 8.3ns 
152602     INFO  main            d.u.i.k.p.r.p.TestFile    ... finished proof: closed. 
152888     INFO  main            d.u.i.k.p.i.AbstractProblemLoader Loading environment from /home/runner/work/key/key/key.core/../key.ui/examples/standard_key/java_dl/if.key.proof 
152888     DEBUG main            d.u.i.k.p.i.AbstractProblemLoader Environment load took 99.8ns 
152889     INFO  main            d.u.i.k.p.i.AbstractProblemLoader Creating init config 
155100     DEBUG main            d.u.i.k.p.i.AbstractProblemLoader Init config took 2.21s 
155114     INFO  main            d.u.i.k.p.i.AbstractProblemLoader Replaying proof if.key.proof 
155118     DEBUG main            d.u.i.k.p.i.IntermediateProofReplayer Proof replay took 2.57ms 
155119     DEBUG main            d.u.i.k.p.r.p.TestFile    ... success: reloaded. 
155120     INFO  main            d.u.i.k.p.r.p.TestFile    Now processing file /home/runner/work/key/key/key.core/../key.ui/examples/standard_key/java_dl/incrementcounter.key 
155120     INFO  main            d.u.i.k.p.i.AbstractProblemLoader Loading environment from /home/runner/work/key/key/key.core/../key.ui/examples/standard_key/java_dl/incrementcounter.key 
155120     DEBUG main            d.u.i.k.p.i.AbstractProblemLoader Environment load took 204.7ns 
155121     INFO  main            d.u.i.k.p.i.AbstractProblemLoader Creating init config 
157369     DEBUG main            d.u.i.k.p.i.AbstractProblemLoader Init config took 2.25s 
157383     INFO  main            d.u.i.k.p.i.AbstractProblemLoader Replaying proof incrementcounter.key 
157384     DEBUG main            d.u.i.k.p.i.IntermediateProofReplayer Proof replay took 9.2ns 
157486     INFO  main            d.u.i.k.p.r.p.TestFile    ... finished proof: closed. 
157811     INFO  main            d.u.i.k.p.i.AbstractProblemLoader Loading environment from /home/runner/work/key/key/key.core/../key.ui/examples/standard_key/java_dl/incrementcounter.key.proof 
157811     DEBUG main            d.u.i.k.p.i.AbstractProblemLoader Environment load took 99.4ns 
157813     INFO  main            d.u.i.k.p.i.AbstractProblemLoader Creating init config 
160071     DEBUG main            d.u.i.k.p.i.AbstractProblemLoader Init config took 2.26s 
160085     INFO  main            d.u.i.k.p.i.AbstractProblemLoader Replaying proof incrementcounter.key.proof 
160088     DEBUG main            d.u.i.k.p.i.IntermediateProofReplayer Proof replay took 1.99ms 
160089     DEBUG main            d.u.i.k.p.r.p.TestFile    ... success: reloaded. 
160090     INFO  main            d.u.i.k.p.r.p.TestFile    Now processing file /home/runner/work/key/key/key.core/../key.ui/examples/standard_key/java_dl/danglingElse.key 
160090     INFO  main            d.u.i.k.p.i.AbstractProblemLoader Loading environment from /home/runner/work/key/key/key.core/../key.ui/examples/standard_key/java_dl/danglingElse.key 
160090     DEBUG main            d.u.i.k.p.i.AbstractProblemLoader Environment load took 52.1ns 
160091     INFO  main            d.u.i.k.p.i.AbstractProblemLoader Creating init config 
162296     DEBUG main            d.u.i.k.p.i.AbstractProblemLoader Init config took 2.21s 
162310     INFO  main            d.u.i.k.p.i.AbstractProblemLoader Replaying proof danglingElse.key 
162312     DEBUG main            d.u.i.k.p.i.IntermediateProofReplayer Proof replay took 8.7ns 
162417     INFO  main            d.u.i.k.p.r.p.TestFile    ... finished proof: open goal(s) 
162724     INFO  main            d.u.i.k.p.r.p.TestFile    Now processing file /home/runner/work/key/key/key.core/../key.ui/examples/standard_key/java_dl/iteratedAssignment.key 
162725     INFO  main            d.u.i.k.p.i.AbstractProblemLoader Loading environment from /home/runner/work/key/key/key.core/../key.ui/examples/standard_key/java_dl/iteratedAssignment.key 
162725     DEBUG main            d.u.i.k.p.i.AbstractProblemLoader Environment load took 61.4ns 
162726     INFO  main            d.u.i.k.p.i.AbstractProblemLoader Creating init config 
164901     DEBUG main            d.u.i.k.p.i.AbstractProblemLoader Init config took 2.18s 
164915     INFO  main            d.u.i.k.p.i.AbstractProblemLoader Replaying proof iteratedAssignment.key 
164919     DEBUG main            d.u.i.k.p.i.IntermediateProofReplayer Proof replay took 7.8ns 
165222     INFO  main            d.u.i.k.p.r.p.TestFile    ... finished proof: closed. 
165572     INFO  main            d.u.i.k.p.i.AbstractProblemLoader Loading environment from /home/runner/work/key/key/key.core/../key.ui/examples/standard_key/java_dl/iteratedAssignment.key.proof 
165572     DEBUG main            d.u.i.k.p.i.AbstractProblemLoader Environment load took 118.9ns 
165573     INFO  main            d.u.i.k.p.i.AbstractProblemLoader Creating init config 
167759     DEBUG main            d.u.i.k.p.i.AbstractProblemLoader Init config took 2.19s 
167775     INFO  main            d.u.i.k.p.i.AbstractProblemLoader Replaying proof iteratedAssignment.key.proof 
167840     DEBUG main            d.u.i.k.p.i.IntermediateProofReplayer Proof replay took 61.22ms 
167841     DEBUG main            d.u.i.k.p.r.p.TestFile    ... success: reloaded. 
167842     INFO  main            d.u.i.k.p.r.p.TestFile    Now processing file /home/runner/work/key/key/key.core/../key.ui/examples/standard_key/java_dl/assert/assert1.key 
167842     INFO  main            d.u.i.k.p.i.AbstractProblemLoader Loading environment from /home/runner/work/key/key/key.core/../key.ui/examples/standard_key/java_dl/assert/assert1.key 
167843     DEBUG main            d.u.i.k.p.i.AbstractProblemLoader Environment load took 207.4ns 
167843     INFO  main            d.u.i.k.p.i.AbstractProblemLoader Creating init config 
170125     DEBUG main            d.u.i.k.p.i.AbstractProblemLoader Init config took 2.28s 
170158     INFO  main            d.u.i.k.p.i.AbstractProblemLoader Replaying proof C[C::foo()].JML normal_behavior operation contract.0 
170160     DEBUG main            d.u.i.k.p.i.IntermediateProofReplayer Proof replay took 8.6ns 
170362     INFO  main            d.u.i.k.p.r.p.TestFile    ... finished proof: open goal(s) 
170681     INFO  main            d.u.i.k.p.r.p.TestFile    Now processing file /home/runner/work/key/key/key.core/../key.ui/examples/standard_key/java_dl/assert/assert2.key 
170681     INFO  main            d.u.i.k.p.i.AbstractProblemLoader Loading environment from /home/runner/work/key/key/key.core/../key.ui/examples/standard_key/java_dl/assert/assert2.key 
170682     DEBUG main            d.u.i.k.p.i.AbstractProblemLoader Environment load took 55.7ns 
170682     INFO  main            d.u.i.k.p.i.AbstractProblemLoader Creating init config 
172910     DEBUG main            d.u.i.k.p.i.AbstractProblemLoader Init config took 2.23s 
172942     INFO  main            d.u.i.k.p.i.AbstractProblemLoader Replaying proof C[C::bar()].JML exceptional_behavior operation contract.0 
172944     DEBUG main            d.u.i.k.p.i.IntermediateProofReplayer Proof replay took 8.5ns 
173146     INFO  main            d.u.i.k.p.r.p.TestFile    ... finished proof: closed. 
173452     INFO  main            d.u.i.k.p.i.AbstractProblemLoader Loading environment from /home/runner/work/key/key/key.core/../key.ui/examples/standard_key/java_dl/assert/assert2.key.proof 
173452     DEBUG main            d.u.i.k.p.i.AbstractProblemLoader Environment load took 100ns 
173453     INFO  main            d.u.i.k.p.i.AbstractProblemLoader Creating init config 
175701     DEBUG main            d.u.i.k.p.i.AbstractProblemLoader Init config took 2.25s 
175733     INFO  main            d.u.i.k.p.i.AbstractProblemLoader Replaying proof C[C::bar()].JML exceptional_behavior operation contract.0 
175774     DEBUG main            d.u.i.k.p.i.IntermediateProofReplayer Proof replay took 38.86ms 
175775     DEBUG main            d.u.i.k.p.r.p.TestFile    ... success: reloaded. 
175776     INFO  main            d.u.i.k.p.r.p.TestFile    Now processing file /home/runner/work/key/key/key.core/../key.ui/examples/standard_key/java_dl/assert/assert3.key 
175776     INFO  main            d.u.i.k.p.i.AbstractProblemLoader Loading environment from /home/runner/work/key/key/key.core/../key.ui/examples/standard_key/java_dl/assert/assert3.key 
175776     DEBUG main            d.u.i.k.p.i.AbstractProblemLoader Environment load took 86.2ns 
175777     INFO  main            d.u.i.k.p.i.AbstractProblemLoader Creating init config 
178052     DEBUG main            d.u.i.k.p.i.AbstractProblemLoader Init config took 2.27s 
178087     INFO  main            d.u.i.k.p.i.AbstractProblemLoader Replaying proof C[C::foo()].JML normal_behavior operation contract.0 
178089     DEBUG main            d.u.i.k.p.i.IntermediateProofReplayer Proof replay took 9.4ns 
178191     INFO  main            d.u.i.k.p.r.p.TestFile    ... finished proof: open goal(s) 
178502     INFO  main            d.u.i.k.p.r.p.TestFile    Now processing file /home/runner/work/key/key/key.core/../key.ui/examples/standard_key/java_dl/java5/vararg.key 
178503     INFO  main            d.u.i.k.p.i.AbstractProblemLoader Loading environment from /home/runner/work/key/key/key.core/../key.ui/examples/standard_key/java_dl/java5/vararg.key 
178503     DEBUG main            d.u.i.k.p.i.AbstractProblemLoader Environment load took 67.9ns 
178504     INFO  main            d.u.i.k.p.i.AbstractProblemLoader Creating init config 
179332     DEBUG main            d.u.i.k.j.r.ClassPreparationMethodBuilder clPrepBuilder: Inner Class detected. Reject building class initialisation methods. 
181102     DEBUG main            d.u.i.k.p.i.AbstractProblemLoader Init config took 2.6s 
181127     INFO  main            d.u.i.k.p.i.AbstractProblemLoader Replaying proof vararg.key 
181129     DEBUG main            d.u.i.k.p.i.IntermediateProofReplayer Proof replay took 8.7ns 
181412     DEBUG Thread-101      d.u.i.k.j.d.VariableSpecification Program match. Variables have different dimension (template #v0 = #vi;, source var#17[] = new java.lang.Object[]{d1, d2};) 
181548     DEBUG Thread-101      d.u.i.k.j.d.VariableSpecification Program match. Variables have different dimension (template #v0 = #vi;, source var#24[] = new java.lang.Object[]{d1, d2};) 
181691     DEBUG Thread-101      d.u.i.k.j.d.VariableSpecification Program match. Variables have different dimension (template #v0 = #vi;, source var#33[] = new java.lang.Object[]{var_1};) 
181692     DEBUG Thread-101      d.u.i.k.j.d.VariableSpecification Program match. Variables have different dimension (template #v0 = #vi;, source var#33[] = new java.lang.Object[]{var_1};) 
181801     DEBUG Thread-101      d.u.i.k.j.d.VariableSpecification Program match. Variables have different dimension (template #v0 = #vi;, source var#39[] = new java.lang.Object[]{null, null};) 
181939     DEBUG Thread-101      d.u.i.k.j.d.VariableSpecification Program match. Variables have different dimension (template #v0 = #vi;, source var#46[] = new java.lang.Object[]{};) 
182335     INFO  main            d.u.i.k.p.r.p.TestFile    ... finished proof: closed. 
182725     INFO  main            d.u.i.k.p.i.AbstractProblemLoader Loading environment from /home/runner/work/key/key/key.core/../key.ui/examples/standard_key/java_dl/java5/vararg.key.proof 
182726     DEBUG main            d.u.i.k.p.i.AbstractProblemLoader Environment load took 116ns 
182728     INFO  main            d.u.i.k.p.i.AbstractProblemLoader Creating init config 
183536     DEBUG main            d.u.i.k.j.r.ClassPreparationMethodBuilder clPrepBuilder: Inner Class detected. Reject building class initialisation methods. 
185238     DEBUG main            d.u.i.k.p.i.AbstractProblemLoader Init config took 2.51s 
185262     INFO  main            d.u.i.k.p.i.AbstractProblemLoader Replaying proof vararg.key.proof 
185620     DEBUG main            d.u.i.k.p.i.IntermediateProofReplayer Proof replay took 345.77ms 
185622     DEBUG main            d.u.i.k.p.r.p.TestFile    ... success: reloaded. 
185623     INFO  main            d.u.i.k.p.r.p.TestFile    Now processing file /home/runner/work/key/key/key.core/../key.ui/examples/standard_key/java_dl/java5/for_Array.key 
185623     INFO  main            d.u.i.k.p.i.AbstractProblemLoader Loading environment from /home/runner/work/key/key/key.core/../key.ui/examples/standard_key/java_dl/java5/for_Array.key 
185623     DEBUG main            d.u.i.k.p.i.AbstractProblemLoader Environment load took 169ns 
185624     INFO  main            d.u.i.k.p.i.AbstractProblemLoader Creating init config 
186413     DEBUG main            d.u.i.k.j.r.ClassPreparationMethodBuilder clPrepBuilder: Inner Class detected. Reject building class initialisation methods. 
188148     DEBUG main            d.u.i.k.p.i.AbstractProblemLoader Init config took 2.52s 
188196     INFO  main            d.u.i.k.p.i.AbstractProblemLoader Replaying proof For[For::sum([I)].JML operation contract.0 
188197     DEBUG main            d.u.i.k.p.i.IntermediateProofReplayer Proof replay took 8.8ns 
188502     INFO  main            d.u.i.k.p.r.p.TestFile    ... finished proof: closed. 
188907     INFO  main            d.u.i.k.p.i.AbstractProblemLoader Loading environment from /home/runner/work/key/key/key.core/../key.ui/examples/standard_key/java_dl/java5/for_Array.key.proof 
188907     DEBUG main            d.u.i.k.p.i.AbstractProblemLoader Environment load took 104.4ns 
188908     INFO  main            d.u.i.k.p.i.AbstractProblemLoader Creating init config 
189675     DEBUG main            d.u.i.k.j.r.ClassPreparationMethodBuilder clPrepBuilder: Inner Class detected. Reject building class initialisation methods. 
191345     DEBUG main            d.u.i.k.p.i.AbstractProblemLoader Init config took 2.44s 
191393     INFO  main            d.u.i.k.p.i.AbstractProblemLoader Replaying proof For[For::sum([I)].JML operation contract.0 
191482     DEBUG main            d.u.i.k.p.i.IntermediateProofReplayer Proof replay took 85.65ms 
191483     DEBUG main            d.u.i.k.p.r.p.TestFile    ... success: reloaded. 
191484     INFO  main            d.u.i.k.p.r.p.TestFile    Now processing file /home/runner/work/key/key/key.core/../key.ui/examples/standard_key/java_dl/java5/for_Iterable.key 
191484     INFO  main            d.u.i.k.p.i.AbstractProblemLoader Loading environment from /home/runner/work/key/key/key.core/../key.ui/examples/standard_key/java_dl/java5/for_Iterable.key 
191484     DEBUG main            d.u.i.k.p.i.AbstractProblemLoader Environment load took 80.6ns 
191485     INFO  main            d.u.i.k.p.i.AbstractProblemLoader Creating init config 
192320     DEBUG main            d.u.i.k.j.r.ClassPreparationMethodBuilder clPrepBuilder: Inner Class detected. Reject building class initialisation methods. 
193971     DEBUG main            d.u.i.k.p.i.AbstractProblemLoader Init config took 2.49s 
194018     INFO  main            d.u.i.k.p.i.AbstractProblemLoader Replaying proof For[For::infiniteLoop(For)].JML operation contract.0 
194020     DEBUG main            d.u.i.k.p.i.IntermediateProofReplayer Proof replay took 7.1ns 
194222     INFO  main            d.u.i.k.p.r.p.TestFile    ... finished proof: closed. 
194567     INFO  main            d.u.i.k.p.i.AbstractProblemLoader Loading environment from /home/runner/work/key/key/key.core/../key.ui/examples/standard_key/java_dl/java5/for_Iterable.key.proof 
194567     DEBUG main            d.u.i.k.p.i.AbstractProblemLoader Environment load took 98.4ns 
194568     INFO  main            d.u.i.k.p.i.AbstractProblemLoader Creating init config 
195345     DEBUG main            d.u.i.k.j.r.ClassPreparationMethodBuilder clPrepBuilder: Inner Class detected. Reject building class initialisation methods. 
196973     DEBUG main            d.u.i.k.p.i.AbstractProblemLoader Init config took 2.41s 
197019     INFO  main            d.u.i.k.p.i.AbstractProblemLoader Replaying proof For[For::infiniteLoop(For)].JML operation contract.0 
197072     DEBUG main            d.u.i.k.p.i.IntermediateProofReplayer Proof replay took 50.14ms 
197072     DEBUG main            d.u.i.k.p.r.p.TestFile    ... success: reloaded. 
197073     INFO  main            d.u.i.k.p.r.p.TestFile    Now processing file /home/runner/work/key/key/key.core/../key.ui/examples/standard_key/java_dl/java5/for_ReferenceArray.key 
197074     INFO  main            d.u.i.k.p.i.AbstractProblemLoader Loading environment from /home/runner/work/key/key/key.core/../key.ui/examples/standard_key/java_dl/java5/for_ReferenceArray.key 
197074     DEBUG main            d.u.i.k.p.i.AbstractProblemLoader Environment load took 67.5ns 
197074     INFO  main            d.u.i.k.p.i.AbstractProblemLoader Creating init config 
197834     DEBUG main            d.u.i.k.j.r.ClassPreparationMethodBuilder clPrepBuilder: Inner Class detected. Reject building class initialisation methods. 
199490     DEBUG main            d.u.i.k.p.i.AbstractProblemLoader Init config took 2.42s 
199536     INFO  main            d.u.i.k.p.i.AbstractProblemLoader Replaying proof ForReferenceArray[ForReferenceArray::foo([Ljava.lang.Object)].JML operation contract.0 
199538     DEBUG main            d.u.i.k.p.i.IntermediateProofReplayer Proof replay took 8.1ns 
199843     INFO  main            d.u.i.k.p.r.p.TestFile    ... finished proof: closed. 
200207     INFO  main            d.u.i.k.p.i.AbstractProblemLoader Loading environment from /home/runner/work/key/key/key.core/../key.ui/examples/standard_key/java_dl/java5/for_ReferenceArray.key.proof 
200207     DEBUG main            d.u.i.k.p.i.AbstractProblemLoader Environment load took 120.2ns 
200209     INFO  main            d.u.i.k.p.i.AbstractProblemLoader Creating init config 
200974     DEBUG main            d.u.i.k.j.r.ClassPreparationMethodBuilder clPrepBuilder: Inner Class detected. Reject building class initialisation methods. 
202608     DEBUG main            d.u.i.k.p.i.AbstractProblemLoader Init config took 2.4s 
202659     INFO  main            d.u.i.k.p.i.AbstractProblemLoader Replaying proof ForReferenceArray[ForReferenceArray::foo([Ljava.lang.Object)].JML operation contract.0 
202718     DEBUG main            d.u.i.k.p.i.IntermediateProofReplayer Proof replay took 56.12ms 
202719     DEBUG main            d.u.i.k.p.r.p.TestFile    ... success: reloaded. 
202720     INFO  main            d.u.i.k.p.r.p.TestFile    Now processing file /home/runner/work/key/key/key.core/../key.ui/examples/standard_key/java_dl/jml-bigint/cast.key 
202720     INFO  main            d.u.i.k.p.i.AbstractProblemLoader Loading environment from /home/runner/work/key/key/key.core/../key.ui/examples/standard_key/java_dl/jml-bigint/cast.key 
202720     DEBUG main            d.u.i.k.p.i.AbstractProblemLoader Environment load took 86.1ns 
202721     INFO  main            d.u.i.k.p.i.AbstractProblemLoader Creating init config 
205065     DEBUG main            d.u.i.k.p.i.AbstractProblemLoader Init config took 2.34s 
205097     INFO  main            d.u.i.k.p.i.AbstractProblemLoader Replaying proof Mult[Mult::cast()].JML operation contract.0 
205101     DEBUG main            d.u.i.k.p.i.IntermediateProofReplayer Proof replay took 8.5ns 
205202     INFO  main            d.u.i.k.p.r.p.TestFile    ... finished proof: closed. 
205552     INFO  main            d.u.i.k.p.i.AbstractProblemLoader Loading environment from /home/runner/work/key/key/key.core/../key.ui/examples/standard_key/java_dl/jml-bigint/cast.key.proof 
205552     DEBUG main            d.u.i.k.p.i.AbstractProblemLoader Environment load took 119.4ns 
205553     INFO  main            d.u.i.k.p.i.AbstractProblemLoader Creating init config 
207835     DEBUG main            d.u.i.k.p.i.AbstractProblemLoader Init config took 2.28s 
207879     INFO  main            d.u.i.k.p.i.AbstractProblemLoader Replaying proof Mult[Mult::cast()].JML operation contract.0 
207892     DEBUG main            d.u.i.k.p.i.IntermediateProofReplayer Proof replay took 11.5ms 
207892     DEBUG main            d.u.i.k.p.r.p.TestFile    ... success: reloaded. 
207893     INFO  main            d.u.i.k.p.r.p.TestFile    Now processing file /home/runner/work/key/key/key.core/../key.ui/examples/standard_key/java_dl/jml-free/loopInvFree.key 
207893     INFO  main            d.u.i.k.p.i.AbstractProblemLoader Loading environment from /home/runner/work/key/key/key.core/../key.ui/examples/standard_key/java_dl/jml-free/loopInvFree.key 
207894     DEBUG main            d.u.i.k.p.i.AbstractProblemLoader Environment load took 83.1ns 
207894     INFO  main            d.u.i.k.p.i.AbstractProblemLoader Creating init config 
210187     DEBUG main            d.u.i.k.p.i.AbstractProblemLoader Init config took 2.29s 
210219     INFO  main            d.u.i.k.p.i.AbstractProblemLoader Replaying proof LoopInvFree[LoopInvFree::test()].JML operation contract.0 
210221     DEBUG main            d.u.i.k.p.i.IntermediateProofReplayer Proof replay took 7.6ns 
210423     INFO  main            d.u.i.k.p.r.p.TestFile    ... finished proof: closed. 
210874     INFO  main            d.u.i.k.p.i.AbstractProblemLoader Loading environment from /home/runner/work/key/key/key.core/../key.ui/examples/standard_key/java_dl/jml-free/loopInvFree.key.proof 
210874     DEBUG main            d.u.i.k.p.i.AbstractProblemLoader Environment load took 92.1ns 
210875     INFO  main            d.u.i.k.p.i.AbstractProblemLoader Creating init config 
213098     DEBUG main            d.u.i.k.p.i.AbstractProblemLoader Init config took 2.22s 
213139     INFO  main            d.u.i.k.p.i.AbstractProblemLoader Replaying proof LoopInvFree[LoopInvFree::test()].JML operation contract.0 
213181     DEBUG main            d.u.i.k.p.i.IntermediateProofReplayer Proof replay took 40.05ms 
213182     DEBUG main            d.u.i.k.p.r.p.TestFile    ... success: reloaded. 
213183     INFO  main            d.u.i.k.p.r.p.TestFile    Now processing file /home/runner/work/key/key/key.core/../key.ui/examples/standard_key/java_dl/jml-free/ensuresFree.key 
213183     INFO  main            d.u.i.k.p.i.AbstractProblemLoader Loading environment from /home/runner/work/key/key/key.core/../key.ui/examples/standard_key/java_dl/jml-free/ensuresFree.key 
213183     DEBUG main            d.u.i.k.p.i.AbstractProblemLoader Environment load took 94.1ns 
213184     INFO  main            d.u.i.k.p.i.AbstractProblemLoader Creating init config 
215467     DEBUG main            d.u.i.k.p.i.AbstractProblemLoader Init config took 2.28s 
215500     INFO  main            d.u.i.k.p.i.AbstractProblemLoader Replaying proof EnsuresFree[EnsuresFree::test()].JML operation contract.0 
215501     DEBUG main            d.u.i.k.p.i.IntermediateProofReplayer Proof replay took 7.7ns 
215605     INFO  main            d.u.i.k.p.r.p.TestFile    ... finished proof: closed. 
215979     INFO  main            d.u.i.k.p.i.AbstractProblemLoader Loading environment from /home/runner/work/key/key/key.core/../key.ui/examples/standard_key/java_dl/jml-free/ensuresFree.key.proof 
215979     DEBUG main            d.u.i.k.p.i.AbstractProblemLoader Environment load took 95.5ns 
215981     INFO  main            d.u.i.k.p.i.AbstractProblemLoader Creating init config 
218218     DEBUG main            d.u.i.k.p.i.AbstractProblemLoader Init config took 2.24s 
218249     INFO  main            d.u.i.k.p.i.AbstractProblemLoader Replaying proof EnsuresFree[EnsuresFree::test()].JML operation contract.0 
218267     DEBUG main            d.u.i.k.p.i.IntermediateProofReplayer Proof replay took 16.22ms 
218268     DEBUG main            d.u.i.k.p.r.p.TestFile    ... success: reloaded. 
218269     INFO  main            d.u.i.k.p.r.p.TestFile    Now processing file /home/runner/work/key/key/key.core/../key.ui/examples/standard_key/java_dl/jml-information-flow.key 
218269     INFO  main            d.u.i.k.p.i.AbstractProblemLoader Loading environment from /home/runner/work/key/key/key.core/../key.ui/examples/standard_key/java_dl/jml-information-flow.key 
218269     DEBUG main            d.u.i.k.p.i.AbstractProblemLoader Environment load took 71.5ns 
218274     INFO  main            d.u.i.k.p.i.AbstractProblemLoader Creating init config 
220710     DEBUG main            d.u.i.k.p.i.AbstractProblemLoader Init config took 2.44s 
220728     INFO  main            d.u.i.k.p.i.AbstractProblemLoader Replaying proof jml-information-flow.key 
220730     DEBUG main            d.u.i.k.p.i.IntermediateProofReplayer Proof replay took 7ns 
339126     INFO  main            d.u.i.k.p.r.p.TestFile    ... finished proof: closed. 
339689     INFO  main            d.u.i.k.p.i.AbstractProblemLoader Loading environment from /home/runner/work/key/key/key.core/../key.ui/examples/standard_key/java_dl/jml-information-flow.key.proof 
339689     DEBUG main            d.u.i.k.p.i.AbstractProblemLoader Environment load took 360.81ns 
339699     INFO  main            d.u.i.k.p.i.AbstractProblemLoader Creating init config 
342050     DEBUG main            d.u.i.k.p.i.AbstractProblemLoader Init config took 2.35s 
342068     INFO  main            d.u.i.k.p.i.AbstractProblemLoader Replaying proof jml-information-flow.key.proof 
345705     DEBUG main            d.u.i.k.p.i.IntermediateProofReplayer Proof replay took 3.53s 
345714     DEBUG main            d.u.i.k.p.r.p.TestFile    ... success: reloaded. 
345715     INFO  main            d.u.i.k.p.r.p.TestFile    Now processing file /home/runner/work/key/key/key.core/../key.ui/examples/standard_key/java_dl/jml-min/min-unprovable1.key 
345716     INFO  main            d.u.i.k.p.i.AbstractProblemLoader Loading environment from /home/runner/work/key/key/key.core/../key.ui/examples/standard_key/java_dl/jml-min/min-unprovable1.key 
345716     DEBUG main            d.u.i.k.p.i.AbstractProblemLoader Environment load took 86.3ns 
345716     INFO  main            d.u.i.k.p.i.AbstractProblemLoader Creating init config 
348204     DEBUG main            d.u.i.k.p.i.AbstractProblemLoader Init config took 2.49s 
348236     INFO  main            d.u.i.k.p.i.AbstractProblemLoader Replaying proof Min[Min::foo()].JML operation contract.0 
348237     DEBUG main            d.u.i.k.p.i.IntermediateProofReplayer Proof replay took 7.2ns 
348340     INFO  main            d.u.i.k.p.r.p.TestFile    ... finished proof: open goal(s) 
348723     INFO  main            d.u.i.k.p.r.p.TestFile    Now processing file /home/runner/work/key/key/key.core/../key.ui/examples/standard_key/java_dl/jml-min/min-unprovable2.key 
348723     INFO  main            d.u.i.k.p.i.AbstractProblemLoader Loading environment from /home/runner/work/key/key/key.core/../key.ui/examples/standard_key/java_dl/jml-min/min-unprovable2.key 
348723     DEBUG main            d.u.i.k.p.i.AbstractProblemLoader Environment load took 53.2ns 
348724     INFO  main            d.u.i.k.p.i.AbstractProblemLoader Creating init config 
350942     DEBUG main            d.u.i.k.p.i.AbstractProblemLoader Init config took 2.22s 
350974     INFO  main            d.u.i.k.p.i.AbstractProblemLoader Replaying proof Min[Min::foo2()].JML operation contract.0 
350975     DEBUG main            d.u.i.k.p.i.IntermediateProofReplayer Proof replay took 8.5ns 
351077     INFO  main            d.u.i.k.p.r.p.TestFile    ... finished proof: open goal(s) 
351458     INFO  main            d.u.i.k.p.r.p.TestFile    Now processing file /home/runner/work/key/key/key.core/../key.ui/examples/standard_key/java_dl/methodCall.key 
351458     INFO  main            d.u.i.k.p.i.AbstractProblemLoader Loading environment from /home/runner/work/key/key/key.core/../key.ui/examples/standard_key/java_dl/methodCall.key 
351459     DEBUG main            d.u.i.k.p.i.AbstractProblemLoader Environment load took 59.1ns 
351460     INFO  main            d.u.i.k.p.i.AbstractProblemLoader Creating init config 
353732     DEBUG main            d.u.i.k.p.i.AbstractProblemLoader Init config took 2.27s 
353747     INFO  main            d.u.i.k.p.i.AbstractProblemLoader Replaying proof methodCall.key 
353748     DEBUG main            d.u.i.k.p.i.IntermediateProofReplayer Proof replay took 7.4ns 
353850     INFO  main            d.u.i.k.p.r.p.TestFile    ... finished proof: closed. 
354238     INFO  main            d.u.i.k.p.i.AbstractProblemLoader Loading environment from /home/runner/work/key/key/key.core/../key.ui/examples/standard_key/java_dl/methodCall.key.proof 
354238     DEBUG main            d.u.i.k.p.i.AbstractProblemLoader Environment load took 97.6ns 
354239     INFO  main            d.u.i.k.p.i.AbstractProblemLoader Creating init config 
356470     DEBUG main            d.u.i.k.p.i.AbstractProblemLoader Init config took 2.23s 
356484     INFO  main            d.u.i.k.p.i.AbstractProblemLoader Replaying proof methodCall.key.proof 
356488     DEBUG main            d.u.i.k.p.i.IntermediateProofReplayer Proof replay took 1.79ms 
356489     DEBUG main            d.u.i.k.p.r.p.TestFile    ... success: reloaded. 
356489     INFO  main            d.u.i.k.p.r.p.TestFile    Now processing file /home/runner/work/key/key/key.core/../key.ui/examples/standard_key/java_dl/methodCall1.key 
356489     INFO  main            d.u.i.k.p.i.AbstractProblemLoader Loading environment from /home/runner/work/key/key/key.core/../key.ui/examples/standard_key/java_dl/methodCall1.key 
356489     DEBUG main            d.u.i.k.p.i.AbstractProblemLoader Environment load took 82.5ns 
356490     INFO  main            d.u.i.k.p.i.AbstractProblemLoader Creating init config 
358747     DEBUG main            d.u.i.k.p.i.AbstractProblemLoader Init config took 2.26s 
358760     INFO  main            d.u.i.k.p.i.AbstractProblemLoader Replaying proof methodCall1.key 
358762     DEBUG main            d.u.i.k.p.i.IntermediateProofReplayer Proof replay took 7.6ns 
358864     INFO  main            d.u.i.k.p.r.p.TestFile    ... finished proof: closed. 
359262     INFO  main            d.u.i.k.p.i.AbstractProblemLoader Loading environment from /home/runner/work/key/key/key.core/../key.ui/examples/standard_key/java_dl/methodCall1.key.proof 
359262     DEBUG main            d.u.i.k.p.i.AbstractProblemLoader Environment load took 93.1ns 
359263     INFO  main            d.u.i.k.p.i.AbstractProblemLoader Creating init config 
361490     DEBUG main            d.u.i.k.p.i.AbstractProblemLoader Init config took 2.23s 
361504     INFO  main            d.u.i.k.p.i.AbstractProblemLoader Replaying proof methodCall1.key.proof 
361518     DEBUG main            d.u.i.k.p.i.IntermediateProofReplayer Proof replay took 11.8ms 
361519     DEBUG main            d.u.i.k.p.r.p.TestFile    ... success: reloaded. 
361520     INFO  main            d.u.i.k.p.r.p.TestFile    Now processing file /home/runner/work/key/key/key.core/../key.ui/examples/standard_key/java_dl/methodCall1box.key 
361520     INFO  main            d.u.i.k.p.i.AbstractProblemLoader Loading environment from /home/runner/work/key/key/key.core/../key.ui/examples/standard_key/java_dl/methodCall1box.key 
361520     DEBUG main            d.u.i.k.p.i.AbstractProblemLoader Environment load took 88ns 
361521     INFO  main            d.u.i.k.p.i.AbstractProblemLoader Creating init config 
363776     DEBUG main            d.u.i.k.p.i.AbstractProblemLoader Init config took 2.25s 
363790     INFO  main            d.u.i.k.p.i.AbstractProblemLoader Replaying proof methodCall1box.key 
363791     DEBUG main            d.u.i.k.p.i.IntermediateProofReplayer Proof replay took 9.6ns 
363893     INFO  main            d.u.i.k.p.r.p.TestFile    ... finished proof: closed. 
364289     INFO  main            d.u.i.k.p.i.AbstractProblemLoader Loading environment from /home/runner/work/key/key/key.core/../key.ui/examples/standard_key/java_dl/methodCall1box.key.proof 
364289     DEBUG main            d.u.i.k.p.i.AbstractProblemLoader Environment load took 93.7ns 
364290     INFO  main            d.u.i.k.p.i.AbstractProblemLoader Creating init config 
366540     DEBUG main            d.u.i.k.p.i.AbstractProblemLoader Init config took 2.25s 
366554     INFO  main            d.u.i.k.p.i.AbstractProblemLoader Replaying proof methodCall1box.key.proof 
366568     DEBUG main            d.u.i.k.p.i.IntermediateProofReplayer Proof replay took 12.03ms 
366569     DEBUG main            d.u.i.k.p.r.p.TestFile    ... success: reloaded. 
366569     INFO  main            d.u.i.k.p.r.p.TestFile    Now processing file /home/runner/work/key/key/key.core/../key.ui/examples/standard_key/java_dl/methodCall3.key 
366569     INFO  main            d.u.i.k.p.i.AbstractProblemLoader Loading environment from /home/runner/work/key/key/key.core/../key.ui/examples/standard_key/java_dl/methodCall3.key 
366569     DEBUG main            d.u.i.k.p.i.AbstractProblemLoader Environment load took 58.9ns 
366570     INFO  main            d.u.i.k.p.i.AbstractProblemLoader Creating init config 
368833     DEBUG main            d.u.i.k.p.i.AbstractProblemLoader Init config took 2.26s 
368847     INFO  main            d.u.i.k.p.i.AbstractProblemLoader Replaying proof methodCall3.key 
368848     DEBUG main            d.u.i.k.p.i.IntermediateProofReplayer Proof replay took 8ns 
368950     INFO  main            d.u.i.k.p.r.p.TestFile    ... finished proof: closed. 
369361     INFO  main            d.u.i.k.p.i.AbstractProblemLoader Loading environment from /home/runner/work/key/key/key.core/../key.ui/examples/standard_key/java_dl/methodCall3.key.proof 
369362     DEBUG main            d.u.i.k.p.i.AbstractProblemLoader Environment load took 109ns 
369363     INFO  main            d.u.i.k.p.i.AbstractProblemLoader Creating init config 
371606     DEBUG main            d.u.i.k.p.i.AbstractProblemLoader Init config took 2.24s 
371621     INFO  main            d.u.i.k.p.i.AbstractProblemLoader Replaying proof methodCall3.key.proof 
371630     DEBUG main            d.u.i.k.p.i.IntermediateProofReplayer Proof replay took 7.84ms 
371631     DEBUG main            d.u.i.k.p.r.p.TestFile    ... success: reloaded. 
371632     INFO  main            d.u.i.k.p.r.p.TestFile    Now processing file /home/runner/work/key/key/key.core/../key.ui/examples/standard_key/java_dl/polishFlagSort.key 
371632     INFO  main            d.u.i.k.p.i.AbstractProblemLoader Loading environment from /home/runner/work/key/key/key.core/../key.ui/examples/standard_key/java_dl/polishFlagSort.key 
371632     DEBUG main            d.u.i.k.p.i.AbstractProblemLoader Environment load took 96.4ns 
371634     INFO  main            d.u.i.k.p.i.AbstractProblemLoader Creating init config 
373933     DEBUG main            d.u.i.k.p.i.AbstractProblemLoader Init config took 2.3s 
373949     INFO  main            d.u.i.k.p.i.AbstractProblemLoader Replaying proof polishFlagSort.key 
373950     DEBUG main            d.u.i.k.p.i.IntermediateProofReplayer Proof replay took 7.9ns 
376094     INFO  main            d.u.i.k.p.r.p.TestFile    ... finished proof: closed. 
376556     INFO  main            d.u.i.k.p.i.AbstractProblemLoader Loading environment from /home/runner/work/key/key/key.core/../key.ui/examples/standard_key/java_dl/polishFlagSort.key.proof 
376557     DEBUG main            d.u.i.k.p.i.AbstractProblemLoader Environment load took 336.2ns 
376559     INFO  main            d.u.i.k.p.i.AbstractProblemLoader Creating init config 
378822     DEBUG main            d.u.i.k.p.i.AbstractProblemLoader Init config took 2.26s 
378837     INFO  main            d.u.i.k.p.i.AbstractProblemLoader Replaying proof polishFlagSort.key.proof 
379194     DEBUG main            d.u.i.k.p.i.IntermediateProofReplayer Proof replay took 345.92ms 
379196     DEBUG main            d.u.i.k.p.r.p.TestFile    ... success: reloaded. 
379197     INFO  main            d.u.i.k.p.r.p.TestFile    Now processing file /home/runner/work/key/key/key.core/../key.ui/examples/standard_key/java_dl/postConditionTaclets1.key 
379197     INFO  main            d.u.i.k.p.i.AbstractProblemLoader Loading environment from /home/runner/work/key/key/key.core/../key.ui/examples/standard_key/java_dl/postConditionTaclets1.key 
379198     DEBUG main            d.u.i.k.p.i.AbstractProblemLoader Environment load took 197.51ns 
379199     INFO  main            d.u.i.k.p.i.AbstractProblemLoader Creating init config 
381432     DEBUG main            d.u.i.k.p.i.AbstractProblemLoader Init config took 2.23s 
381447     INFO  main            d.u.i.k.p.i.AbstractProblemLoader Replaying proof postConditionTaclets1.key 
381449     DEBUG main            d.u.i.k.p.i.IntermediateProofReplayer Proof replay took 9.2ns 
381553     INFO  main            d.u.i.k.p.r.p.TestFile    ... finished proof: closed. 
382023     INFO  main            d.u.i.k.p.i.AbstractProblemLoader Loading environment from /home/runner/work/key/key/key.core/../key.ui/examples/standard_key/java_dl/postConditionTaclets1.key.proof 
382024     DEBUG main            d.u.i.k.p.i.AbstractProblemLoader Environment load took 87.7ns 
382025     INFO  main            d.u.i.k.p.i.AbstractProblemLoader Creating init config 
384235     DEBUG main            d.u.i.k.p.i.AbstractProblemLoader Init config took 2.21s 
384249     INFO  main            d.u.i.k.p.i.AbstractProblemLoader Replaying proof postConditionTaclets1.key.proof 
384251     DEBUG main            d.u.i.k.p.i.IntermediateProofReplayer Proof replay took 428.01ns 
384251     DEBUG main            d.u.i.k.p.r.p.TestFile    ... success: reloaded. 
384252     INFO  main            d.u.i.k.p.r.p.TestFile    Now processing file /home/runner/work/key/key/key.core/../key.ui/examples/standard_key/java_dl/postConditionTaclets2.key 
384252     INFO  main            d.u.i.k.p.i.AbstractProblemLoader Loading environment from /home/runner/work/key/key/key.core/../key.ui/examples/standard_key/java_dl/postConditionTaclets2.key 
384252     DEBUG main            d.u.i.k.p.i.AbstractProblemLoader Environment load took 50.6ns 
384253     INFO  main            d.u.i.k.p.i.AbstractProblemLoader Creating init config 
386462     DEBUG main            d.u.i.k.p.i.AbstractProblemLoader Init config took 2.21s 
386476     INFO  main            d.u.i.k.p.i.AbstractProblemLoader Replaying proof postConditionTaclets2.key 
386477     DEBUG main            d.u.i.k.p.i.IntermediateProofReplayer Proof replay took 7.7ns 
386581     INFO  main            d.u.i.k.p.r.p.TestFile    ... finished proof: closed. 
387004     INFO  main            d.u.i.k.p.i.AbstractProblemLoader Loading environment from /home/runner/work/key/key/key.core/../key.ui/examples/standard_key/java_dl/postConditionTaclets2.key.proof 
387004     DEBUG main            d.u.i.k.p.i.AbstractProblemLoader Environment load took 89.6ns 
387005     INFO  main            d.u.i.k.p.i.AbstractProblemLoader Creating init config 
389174     DEBUG main            d.u.i.k.p.i.AbstractProblemLoader Init config took 2.17s 
389187     INFO  main            d.u.i.k.p.i.AbstractProblemLoader Replaying proof postConditionTaclets2.key.proof 
389189     DEBUG main            d.u.i.k.p.i.IntermediateProofReplayer Proof replay took 647.51ns 
389190     DEBUG main            d.u.i.k.p.r.p.TestFile    ... success: reloaded. 
389191     INFO  main            d.u.i.k.p.r.p.TestFile    Now processing file /home/runner/work/key/key/key.core/../key.ui/examples/standard_key/java_dl/quantifiedQuery.key 
389191     INFO  main            d.u.i.k.p.i.AbstractProblemLoader Loading environment from /home/runner/work/key/key/key.core/../key.ui/examples/standard_key/java_dl/quantifiedQuery.key 
389191     DEBUG main            d.u.i.k.p.i.AbstractProblemLoader Environment load took 48.5ns 
389192     INFO  main            d.u.i.k.p.i.AbstractProblemLoader Creating init config 
391451     DEBUG main            d.u.i.k.p.i.AbstractProblemLoader Init config took 2.26s 
391466     INFO  main            d.u.i.k.p.i.AbstractProblemLoader Replaying proof quantifiedQuery.key 
391467     DEBUG main            d.u.i.k.p.i.IntermediateProofReplayer Proof replay took 8.9ns 
391570     INFO  main            d.u.i.k.p.r.p.TestFile    ... finished proof: closed. 
392001     INFO  main            d.u.i.k.p.i.AbstractProblemLoader Loading environment from /home/runner/work/key/key/key.core/../key.ui/examples/standard_key/java_dl/quantifiedQuery.key.proof 
392001     DEBUG main            d.u.i.k.p.i.AbstractProblemLoader Environment load took 84.7ns 
392002     INFO  main            d.u.i.k.p.i.AbstractProblemLoader Creating init config 
394243     DEBUG main            d.u.i.k.p.i.AbstractProblemLoader Init config took 2.24s 
394257     INFO  main            d.u.i.k.p.i.AbstractProblemLoader Replaying proof quantifiedQuery.key.proof 
394268     DEBUG main            d.u.i.k.p.i.IntermediateProofReplayer Proof replay took 9.28ms 
394271     DEBUG main            d.u.i.k.p.r.p.TestFile    ... success: reloaded. 
394271     INFO  main            d.u.i.k.p.r.p.TestFile    Now processing file /home/runner/work/key/key/key.core/../key.ui/examples/standard_key/java_dl/recursion/triangular.key 
394272     INFO  main            d.u.i.k.p.i.AbstractProblemLoader Loading environment from /home/runner/work/key/key/key.core/../key.ui/examples/standard_key/java_dl/recursion/triangular.key 
394272     DEBUG main            d.u.i.k.p.i.AbstractProblemLoader Environment load took 77.3ns 
394273     INFO  main            d.u.i.k.p.i.AbstractProblemLoader Creating init config 
396521     DEBUG main            d.u.i.k.p.i.AbstractProblemLoader Init config took 2.25s 
396554     INFO  main            d.u.i.k.p.i.AbstractProblemLoader Replaying proof Triangular[Triangular::tria(int)].JML normal_behavior operation contract.0 
396555     DEBUG main            d.u.i.k.p.i.IntermediateProofReplayer Proof replay took 7.6ns 
396758     INFO  main            d.u.i.k.p.r.p.TestFile    ... finished proof: closed. 
397205     INFO  main            d.u.i.k.p.i.AbstractProblemLoader Loading environment from /home/runner/work/key/key/key.core/../key.ui/examples/standard_key/java_dl/recursion/triangular.key.proof 
397205     DEBUG main            d.u.i.k.p.i.AbstractProblemLoader Environment load took 93.6ns 
397206     INFO  main            d.u.i.k.p.i.AbstractProblemLoader Creating init config 
399402     DEBUG main            d.u.i.k.p.i.AbstractProblemLoader Init config took 2.2s 
399435     INFO  main            d.u.i.k.p.i.AbstractProblemLoader Replaying proof Triangular[Triangular::tria(int)].JML normal_behavior operation contract.0 
399467     DEBUG main            d.u.i.k.p.i.IntermediateProofReplayer Proof replay took 30.52ms 
399468     DEBUG main            d.u.i.k.p.r.p.TestFile    ... success: reloaded. 
399468     INFO  main            d.u.i.k.p.r.p.TestFile    Now processing file /home/runner/work/key/key/key.core/../key.ui/examples/standard_key/java_dl/reverseArray.key 
399469     INFO  main            d.u.i.k.p.i.AbstractProblemLoader Loading environment from /home/runner/work/key/key/key.core/../key.ui/examples/standard_key/java_dl/reverseArray.key 
399469     DEBUG main            d.u.i.k.p.i.AbstractProblemLoader Environment load took 78ns 
399471     INFO  main            d.u.i.k.p.i.AbstractProblemLoader Creating init config 
399490     WARN  main            d.u.i.k.j.r.KeYCrossReferenceNameInfo Datatype java.lang.System declared twice: Once in FILE:/home/runner/work/key/key/key.core/../key.ui/examples/standard_key/java_dl/./classpath/System.java and once in URL:file:/home/runner/work/key/key/key.core/build/resources/main/de/uka/ilkd/key/java/JavaRedux/java/lang/System.java, Keeping one from URL:file:/home/runner/work/key/key/key.core/build/resources/main/de/uka/ilkd/key/java/JavaRedux/java/lang/System.java 
399490     WARN  main            d.u.i.k.j.r.KeYCrossReferenceNameInfo Datatype java.io.InputStream declared twice: Once in FILE:/home/runner/work/key/key/key.core/../key.ui/examples/standard_key/java_dl/./classpath/InputStream.java and once in URL:file:/home/runner/work/key/key/key.core/build/resources/main/de/uka/ilkd/key/java/JavaRedux/java/io/InputStream.java, Keeping one from URL:file:/home/runner/work/key/key/key.core/build/resources/main/de/uka/ilkd/key/java/JavaRedux/java/io/InputStream.java 
399490     WARN  main            d.u.i.k.j.r.KeYCrossReferenceNameInfo Datatype java.io.PrintStream declared twice: Once in FILE:/home/runner/work/key/key/key.core/../key.ui/examples/standard_key/java_dl/./classpath/PrintStream.java and once in URL:file:/home/runner/work/key/key/key.core/build/resources/main/de/uka/ilkd/key/java/JavaRedux/java/io/PrintStream.java, Keeping one from URL:file:/home/runner/work/key/key/key.core/build/resources/main/de/uka/ilkd/key/java/JavaRedux/java/io/PrintStream.java 
399493     DEBUG main            d.u.i.k.j.r.ClassFileDeclarationBuilder Parsing: package java.io; public class Closeable { } 
399493     DEBUG main            r.s.KeYCrossReferenceSourceInfo Dynamically created class: java.io.Closeable 
401802     DEBUG main            d.u.i.k.p.i.AbstractProblemLoader Init config took 2.33s 
401816     INFO  main            d.u.i.k.p.i.AbstractProblemLoader Replaying proof reverseArray.key 
401818     DEBUG main            d.u.i.k.p.i.IntermediateProofReplayer Proof replay took 7.7ns 
406191     INFO  main            d.u.i.k.p.r.p.TestFile    ... finished proof: closed. 
406676     INFO  main            d.u.i.k.p.i.AbstractProblemLoader Loading environment from /home/runner/work/key/key/key.core/../key.ui/examples/standard_key/java_dl/reverseArray.key.proof 
406677     DEBUG main            d.u.i.k.p.i.AbstractProblemLoader Environment load took 337.81ns 
406679     INFO  main            d.u.i.k.p.i.AbstractProblemLoader Creating init config 
406699     WARN  main            d.u.i.k.j.r.KeYCrossReferenceNameInfo Datatype java.lang.System declared twice: Once in FILE:/home/runner/work/key/key/key.core/../key.ui/examples/standard_key/java_dl/classpath/System.java and once in URL:file:/home/runner/work/key/key/key.core/build/resources/main/de/uka/ilkd/key/java/JavaRedux/java/lang/System.java, Keeping one from URL:file:/home/runner/work/key/key/key.core/build/resources/main/de/uka/ilkd/key/java/JavaRedux/java/lang/System.java 
406700     WARN  main            d.u.i.k.j.r.KeYCrossReferenceNameInfo Datatype java.io.InputStream declared twice: Once in FILE:/home/runner/work/key/key/key.core/../key.ui/examples/standard_key/java_dl/classpath/InputStream.java and once in URL:file:/home/runner/work/key/key/key.core/build/resources/main/de/uka/ilkd/key/java/JavaRedux/java/io/InputStream.java, Keeping one from URL:file:/home/runner/work/key/key/key.core/build/resources/main/de/uka/ilkd/key/java/JavaRedux/java/io/InputStream.java 
406700     WARN  main            d.u.i.k.j.r.KeYCrossReferenceNameInfo Datatype java.io.PrintStream declared twice: Once in FILE:/home/runner/work/key/key/key.core/../key.ui/examples/standard_key/java_dl/classpath/PrintStream.java and once in URL:file:/home/runner/work/key/key/key.core/build/resources/main/de/uka/ilkd/key/java/JavaRedux/java/io/PrintStream.java, Keeping one from URL:file:/home/runner/work/key/key/key.core/build/resources/main/de/uka/ilkd/key/java/JavaRedux/java/io/PrintStream.java 
406703     DEBUG main            d.u.i.k.j.r.ClassFileDeclarationBuilder Parsing: package java.io; public class Closeable { } 
406703     DEBUG main            r.s.KeYCrossReferenceSourceInfo Dynamically created class: java.io.Closeable 
408968     DEBUG main            d.u.i.k.p.i.AbstractProblemLoader Init config took 2.29s 
408993     INFO  main            d.u.i.k.p.i.AbstractProblemLoader Replaying proof reverseArray.key.proof 
409648     DEBUG main            d.u.i.k.p.i.IntermediateProofReplayer Proof replay took 642.92ms 
409650     DEBUG main            d.u.i.k.p.r.p.TestFile    ... success: reloaded. 
409652     INFO  main            d.u.i.k.p.r.p.TestFile    Now processing file /home/runner/work/key/key/key.core/../key.ui/examples/standard_key/java_dl/reverseArray2.key 
409652     INFO  main            d.u.i.k.p.i.AbstractProblemLoader Loading environment from /home/runner/work/key/key/key.core/../key.ui/examples/standard_key/java_dl/reverseArray2.key 
409652     DEBUG main            d.u.i.k.p.i.AbstractProblemLoader Environment load took 179.4ns 
409654     INFO  main            d.u.i.k.p.i.AbstractProblemLoader Creating init config 
409674     WARN  main            d.u.i.k.j.r.KeYCrossReferenceNameInfo Datatype java.lang.System declared twice: Once in FILE:/home/runner/work/key/key/key.core/../key.ui/examples/standard_key/java_dl/classpath/System.java and once in URL:file:/home/runner/work/key/key/key.core/build/resources/main/de/uka/ilkd/key/java/JavaRedux/java/lang/System.java, Keeping one from URL:file:/home/runner/work/key/key/key.core/build/resources/main/de/uka/ilkd/key/java/JavaRedux/java/lang/System.java 
409675     WARN  main            d.u.i.k.j.r.KeYCrossReferenceNameInfo Datatype java.io.InputStream declared twice: Once in FILE:/home/runner/work/key/key/key.core/../key.ui/examples/standard_key/java_dl/classpath/InputStream.java and once in URL:file:/home/runner/work/key/key/key.core/build/resources/main/de/uka/ilkd/key/java/JavaRedux/java/io/InputStream.java, Keeping one from URL:file:/home/runner/work/key/key/key.core/build/resources/main/de/uka/ilkd/key/java/JavaRedux/java/io/InputStream.java 
409675     WARN  main            d.u.i.k.j.r.KeYCrossReferenceNameInfo Datatype java.io.PrintStream declared twice: Once in FILE:/home/runner/work/key/key/key.core/../key.ui/examples/standard_key/java_dl/classpath/PrintStream.java and once in URL:file:/home/runner/work/key/key/key.core/build/resources/main/de/uka/ilkd/key/java/JavaRedux/java/io/PrintStream.java, Keeping one from URL:file:/home/runner/work/key/key/key.core/build/resources/main/de/uka/ilkd/key/java/JavaRedux/java/io/PrintStream.java 
409678     DEBUG main            d.u.i.k.j.r.ClassFileDeclarationBuilder Parsing: package java.io; public class Closeable { } 
409678     DEBUG main            r.s.KeYCrossReferenceSourceInfo Dynamically created class: java.io.Closeable 
411998     DEBUG main            d.u.i.k.p.i.AbstractProblemLoader Init config took 2.34s 
412014     INFO  main            d.u.i.k.p.i.AbstractProblemLoader Replaying proof reverseArray2.key 
412015     DEBUG main            d.u.i.k.p.i.IntermediateProofReplayer Proof replay took 38.9ns 
413420     INFO  main            d.u.i.k.p.r.p.TestFile    ... finished proof: closed. 
413951     INFO  main            d.u.i.k.p.i.AbstractProblemLoader Loading environment from /home/runner/work/key/key/key.core/../key.ui/examples/standard_key/java_dl/reverseArray2.key.proof 
413951     DEBUG main            d.u.i.k.p.i.AbstractProblemLoader Environment load took 95.2ns 
413952     INFO  main            d.u.i.k.p.i.AbstractProblemLoader Creating init config 
413972     WARN  main            d.u.i.k.j.r.KeYCrossReferenceNameInfo Datatype java.lang.System declared twice: Once in FILE:/home/runner/work/key/key/key.core/../key.ui/examples/standard_key/java_dl/classpath/System.java and once in URL:file:/home/runner/work/key/key/key.core/build/resources/main/de/uka/ilkd/key/java/JavaRedux/java/lang/System.java, Keeping one from URL:file:/home/runner/work/key/key/key.core/build/resources/main/de/uka/ilkd/key/java/JavaRedux/java/lang/System.java 
413972     WARN  main            d.u.i.k.j.r.KeYCrossReferenceNameInfo Datatype java.io.InputStream declared twice: Once in FILE:/home/runner/work/key/key/key.core/../key.ui/examples/standard_key/java_dl/classpath/InputStream.java and once in URL:file:/home/runner/work/key/key/key.core/build/resources/main/de/uka/ilkd/key/java/JavaRedux/java/io/InputStream.java, Keeping one from URL:file:/home/runner/work/key/key/key.core/build/resources/main/de/uka/ilkd/key/java/JavaRedux/java/io/InputStream.java 
413972     WARN  main            d.u.i.k.j.r.KeYCrossReferenceNameInfo Datatype java.io.PrintStream declared twice: Once in FILE:/home/runner/work/key/key/key.core/../key.ui/examples/standard_key/java_dl/classpath/PrintStream.java and once in URL:file:/home/runner/work/key/key/key.core/build/resources/main/de/uka/ilkd/key/java/JavaRedux/java/io/PrintStream.java, Keeping one from URL:file:/home/runner/work/key/key/key.core/build/resources/main/de/uka/ilkd/key/java/JavaRedux/java/io/PrintStream.java 
413975     DEBUG main            d.u.i.k.j.r.ClassFileDeclarationBuilder Parsing: package java.io; public class Closeable { } 
413975     DEBUG main            r.s.KeYCrossReferenceSourceInfo Dynamically created class: java.io.Closeable 
416246     DEBUG main            d.u.i.k.p.i.AbstractProblemLoader Init config took 2.29s 
416261     INFO  main            d.u.i.k.p.i.AbstractProblemLoader Replaying proof reverseArray2.key.proof 
416482     DEBUG main            d.u.i.k.p.i.IntermediateProofReplayer Proof replay took 216.42ms 
416483     DEBUG main            d.u.i.k.p.r.p.TestFile    ... success: reloaded. 
416484     INFO  main            d.u.i.k.p.r.p.TestFile    Now processing file /home/runner/work/key/key/key.core/../key.ui/examples/standard_key/java_dl/simpleAssignment.key 
416485     INFO  main            d.u.i.k.p.i.AbstractProblemLoader Loading environment from /home/runner/work/key/key/key.core/../key.ui/examples/standard_key/java_dl/simpleAssignment.key 
416485     DEBUG main            d.u.i.k.p.i.AbstractProblemLoader Environment load took 58.8ns 
416485     INFO  main            d.u.i.k.p.i.AbstractProblemLoader Creating init config 
418701     DEBUG main            d.u.i.k.p.i.AbstractProblemLoader Init config took 2.22s 
418714     INFO  main            d.u.i.k.p.i.AbstractProblemLoader Replaying proof simpleAssignment.key 
418716     DEBUG main            d.u.i.k.p.i.IntermediateProofReplayer Proof replay took 3.1ns 
418817     INFO  main            d.u.i.k.p.r.p.TestFile    ... finished proof: closed. 
419310     INFO  main            d.u.i.k.p.i.AbstractProblemLoader Loading environment from /home/runner/work/key/key/key.core/../key.ui/examples/standard_key/java_dl/simpleAssignment.key.proof 
419310     DEBUG main            d.u.i.k.p.i.AbstractProblemLoader Environment load took 78.6ns 
419311     INFO  main            d.u.i.k.p.i.AbstractProblemLoader Creating init config 
421480     DEBUG main            d.u.i.k.p.i.AbstractProblemLoader Init config took 2.17s 
421493     INFO  main            d.u.i.k.p.i.AbstractProblemLoader Replaying proof simpleAssignment.key.proof 
421496     DEBUG main            d.u.i.k.p.i.IntermediateProofReplayer Proof replay took 900.32ns 
421497     DEBUG main            d.u.i.k.p.r.p.TestFile    ... success: reloaded. 
421497     INFO  main            d.u.i.k.p.r.p.TestFile    Now processing file /home/runner/work/key/key/key.core/../key.ui/examples/standard_key/java_dl/simpleAssignment2.key 
421497     INFO  main            d.u.i.k.p.i.AbstractProblemLoader Loading environment from /home/runner/work/key/key/key.core/../key.ui/examples/standard_key/java_dl/simpleAssignment2.key 
421497     DEBUG main            d.u.i.k.p.i.AbstractProblemLoader Environment load took 65.4ns 
421498     INFO  main            d.u.i.k.p.i.AbstractProblemLoader Creating init config 
423700     DEBUG main            d.u.i.k.p.i.AbstractProblemLoader Init config took 2.2s 
423713     INFO  main            d.u.i.k.p.i.AbstractProblemLoader Replaying proof simpleAssignment2.key 
423714     DEBUG main            d.u.i.k.p.i.IntermediateProofReplayer Proof replay took 3.4ns 
423816     INFO  main            d.u.i.k.p.r.p.TestFile    ... finished proof: closed. 
424276     INFO  main            d.u.i.k.p.i.AbstractProblemLoader Loading environment from /home/runner/work/key/key/key.core/../key.ui/examples/standard_key/java_dl/simpleAssignment2.key.proof 
424276     DEBUG main            d.u.i.k.p.i.AbstractProblemLoader Environment load took 93.4ns 
424277     INFO  main            d.u.i.k.p.i.AbstractProblemLoader Creating init config 
426449     DEBUG main            d.u.i.k.p.i.AbstractProblemLoader Init config took 2.17s 
426462     INFO  main            d.u.i.k.p.i.AbstractProblemLoader Replaying proof simpleAssignment2.key.proof 
426464     DEBUG main            d.u.i.k.p.i.IntermediateProofReplayer Proof replay took 426.51ns 
426465     DEBUG main            d.u.i.k.p.r.p.TestFile    ... success: reloaded. 
426465     INFO  main            d.u.i.k.p.r.p.TestFile    Now processing file /home/runner/work/key/key/key.core/../key.ui/examples/standard_key/java_dl/splittingWithQueries.key 
426465     INFO  main            d.u.i.k.p.i.AbstractProblemLoader Loading environment from /home/runner/work/key/key/key.core/../key.ui/examples/standard_key/java_dl/splittingWithQueries.key 
426465     DEBUG main            d.u.i.k.p.i.AbstractProblemLoader Environment load took 49ns 
426467     INFO  main            d.u.i.k.p.i.AbstractProblemLoader Creating init config 
428715     DEBUG main            d.u.i.k.p.i.AbstractProblemLoader Init config took 2.25s 
428728     INFO  main            d.u.i.k.p.i.AbstractProblemLoader Replaying proof splittingWithQueries.key 
428729     DEBUG main            d.u.i.k.p.i.IntermediateProofReplayer Proof replay took 3.5ns 
428833     INFO  main            d.u.i.k.p.r.p.TestFile    ... finished proof: closed. 
429289     INFO  main            d.u.i.k.p.i.AbstractProblemLoader Loading environment from /home/runner/work/key/key/key.core/../key.ui/examples/standard_key/java_dl/splittingWithQueries.key.proof 
429289     DEBUG main            d.u.i.k.p.i.AbstractProblemLoader Environment load took 90.5ns 
429290     INFO  main            d.u.i.k.p.i.AbstractProblemLoader Creating init config 
431519     DEBUG main            d.u.i.k.p.i.AbstractProblemLoader Init config took 2.23s 
431534     INFO  main            d.u.i.k.p.i.AbstractProblemLoader Replaying proof splittingWithQueries.key.proof 
431538     DEBUG main            d.u.i.k.p.i.IntermediateProofReplayer Proof replay took 1.68ms 
431539     DEBUG main            d.u.i.k.p.r.p.TestFile    ... success: reloaded. 
431542     INFO  main            d.u.i.k.p.r.p.TestFile    Now processing file /home/runner/work/key/key/key.core/../key.ui/examples/standard_key/java_dl/strassen/strassen.key 
431542     INFO  main            d.u.i.k.p.i.AbstractProblemLoader Loading environment from /home/runner/work/key/key/key.core/../key.ui/examples/standard_key/java_dl/strassen/strassen.key 
431542     DEBUG main            d.u.i.k.p.i.AbstractProblemLoader Environment load took 163.1ns 
431543     INFO  main            d.u.i.k.p.i.AbstractProblemLoader Creating init config 
433873     DEBUG main            d.u.i.k.p.i.AbstractProblemLoader Init config took 2.33s 
433908     INFO  main            d.u.i.k.p.i.AbstractProblemLoader Replaying proof Matrix22[Matrix22::strassen(Matrix22,Matrix22)].JML normal_behavior operation contract.0 
433910     DEBUG main            d.u.i.k.p.i.IntermediateProofReplayer Proof replay took 3.2ns 
438685     INFO  main            d.u.i.k.p.r.p.TestFile    ... finished proof: closed. 
439281     INFO  main            d.u.i.k.p.i.AbstractProblemLoader Loading environment from /home/runner/work/key/key/key.core/../key.ui/examples/standard_key/java_dl/strassen/strassen.key.proof 
439282     DEBUG main            d.u.i.k.p.i.AbstractProblemLoader Environment load took 325.21ns 
439283     INFO  main            d.u.i.k.p.i.AbstractProblemLoader Creating init config 
441596     DEBUG main            d.u.i.k.p.i.AbstractProblemLoader Init config took 2.31s 
441630     INFO  main            d.u.i.k.p.i.AbstractProblemLoader Replaying proof Matrix22[Matrix22::strassen(Matrix22,Matrix22)].JML normal_behavior operation contract.0 
442370     DEBUG main            d.u.i.k.p.i.IntermediateProofReplayer Proof replay took 729.71ms 
442396     DEBUG main            d.u.i.k.p.r.p.TestFile    ... success: reloaded. 
442397     INFO  main            d.u.i.k.p.r.p.TestFile    Now processing file /home/runner/work/key/key/key.core/../key.ui/examples/standard_key/java_dl/symmArray.key 
442397     INFO  main            d.u.i.k.p.i.AbstractProblemLoader Loading environment from /home/runner/work/key/key/key.core/../key.ui/examples/standard_key/java_dl/symmArray.key 
442397     DEBUG main            d.u.i.k.p.i.AbstractProblemLoader Environment load took 45.9ns 
442400     INFO  main            d.u.i.k.p.i.AbstractProblemLoader Creating init config 
444758     DEBUG main            d.u.i.k.p.i.AbstractProblemLoader Init config took 2.36s 
444774     INFO  main            d.u.i.k.p.i.AbstractProblemLoader Replaying proof symmArray.key 
444775     DEBUG main            d.u.i.k.p.i.IntermediateProofReplayer Proof replay took 3.2ns 
540204     INFO  main            d.u.i.k.p.r.p.TestFile    ... finished proof: closed. 
540820     INFO  main            d.u.i.k.p.i.AbstractProblemLoader Loading environment from /home/runner/work/key/key/key.core/../key.ui/examples/standard_key/java_dl/symmArray.key.proof 
540821     DEBUG main            d.u.i.k.p.i.AbstractProblemLoader Environment load took 361.2ns 
540827     INFO  main            d.u.i.k.p.i.AbstractProblemLoader Creating init config 
543110     DEBUG main            d.u.i.k.p.i.AbstractProblemLoader Init config took 2.28s 
543126     INFO  main            d.u.i.k.p.i.AbstractProblemLoader Replaying proof symmArray.key.proof 
544246     DEBUG main            d.u.i.k.p.i.IntermediateProofReplayer Proof replay took 1.06s 
544252     DEBUG main            d.u.i.k.p.r.p.TestFile    ... success: reloaded. 
544253     INFO  main            d.u.i.k.p.r.p.TestFile    Now processing file /home/runner/work/key/key/key.core/../key.ui/examples/standard_key/java_dl/testcontext.key 
544253     INFO  main            d.u.i.k.p.i.AbstractProblemLoader Loading environment from /home/runner/work/key/key/key.core/../key.ui/examples/standard_key/java_dl/testcontext.key 
544253     DEBUG main            d.u.i.k.p.i.AbstractProblemLoader Environment load took 165.6ns 
544254     INFO  main            d.u.i.k.p.i.AbstractProblemLoader Creating init config 
544274     WARN  main            d.u.i.k.j.r.KeYCrossReferenceNameInfo Datatype java.lang.System declared twice: Once in FILE:/home/runner/work/key/key/key.core/../key.ui/examples/standard_key/java_dl/classpath/System.java and once in URL:file:/home/runner/work/key/key/key.core/build/resources/main/de/uka/ilkd/key/java/JavaRedux/java/lang/System.java, Keeping one from URL:file:/home/runner/work/key/key/key.core/build/resources/main/de/uka/ilkd/key/java/JavaRedux/java/lang/System.java 
544274     WARN  main            d.u.i.k.j.r.KeYCrossReferenceNameInfo Datatype java.io.InputStream declared twice: Once in FILE:/home/runner/work/key/key/key.core/../key.ui/examples/standard_key/java_dl/classpath/InputStream.java and once in URL:file:/home/runner/work/key/key/key.core/build/resources/main/de/uka/ilkd/key/java/JavaRedux/java/io/InputStream.java, Keeping one from URL:file:/home/runner/work/key/key/key.core/build/resources/main/de/uka/ilkd/key/java/JavaRedux/java/io/InputStream.java 
544274     WARN  main            d.u.i.k.j.r.KeYCrossReferenceNameInfo Datatype java.io.PrintStream declared twice: Once in FILE:/home/runner/work/key/key/key.core/../key.ui/examples/standard_key/java_dl/classpath/PrintStream.java and once in URL:file:/home/runner/work/key/key/key.core/build/resources/main/de/uka/ilkd/key/java/JavaRedux/java/io/PrintStream.java, Keeping one from URL:file:/home/runner/work/key/key/key.core/build/resources/main/de/uka/ilkd/key/java/JavaRedux/java/io/PrintStream.java 
544277     DEBUG main            d.u.i.k.j.r.ClassFileDeclarationBuilder Parsing: package java.io; public class Closeable { } 
544278     DEBUG main            r.s.KeYCrossReferenceSourceInfo Dynamically created class: java.io.Closeable 
546610     DEBUG main            d.u.i.k.p.i.AbstractProblemLoader Init config took 2.36s 
546625     INFO  main            d.u.i.k.p.i.AbstractProblemLoader Replaying proof testcontext.key 
546627     DEBUG main            d.u.i.k.p.i.IntermediateProofReplayer Proof replay took 3.3ns 
546929     INFO  main            d.u.i.k.p.r.p.TestFile    ... finished proof: closed. 
547543     INFO  main            d.u.i.k.p.i.AbstractProblemLoader Loading environment from /home/runner/work/key/key/key.core/../key.ui/examples/standard_key/java_dl/testcontext.key.proof 
547544     DEBUG main            d.u.i.k.p.i.AbstractProblemLoader Environment load took 96.9ns 
547545     INFO  main            d.u.i.k.p.i.AbstractProblemLoader Creating init config 
547565     WARN  main            d.u.i.k.j.r.KeYCrossReferenceNameInfo Datatype java.lang.System declared twice: Once in FILE:/home/runner/work/key/key/key.core/../key.ui/examples/standard_key/java_dl/classpath/System.java and once in URL:file:/home/runner/work/key/key/key.core/build/resources/main/de/uka/ilkd/key/java/JavaRedux/java/lang/System.java, Keeping one from URL:file:/home/runner/work/key/key/key.core/build/resources/main/de/uka/ilkd/key/java/JavaRedux/java/lang/System.java 
547566     WARN  main            d.u.i.k.j.r.KeYCrossReferenceNameInfo Datatype java.io.InputStream declared twice: Once in FILE:/home/runner/work/key/key/key.core/../key.ui/examples/standard_key/java_dl/classpath/InputStream.java and once in URL:file:/home/runner/work/key/key/key.core/build/resources/main/de/uka/ilkd/key/java/JavaRedux/java/io/InputStream.java, Keeping one from URL:file:/home/runner/work/key/key/key.core/build/resources/main/de/uka/ilkd/key/java/JavaRedux/java/io/InputStream.java 
547566     WARN  main            d.u.i.k.j.r.KeYCrossReferenceNameInfo Datatype java.io.PrintStream declared twice: Once in FILE:/home/runner/work/key/key/key.core/../key.ui/examples/standard_key/java_dl/classpath/PrintStream.java and once in URL:file:/home/runner/work/key/key/key.core/build/resources/main/de/uka/ilkd/key/java/JavaRedux/java/io/PrintStream.java, Keeping one from URL:file:/home/runner/work/key/key/key.core/build/resources/main/de/uka/ilkd/key/java/JavaRedux/java/io/PrintStream.java 
547569     DEBUG main            d.u.i.k.j.r.ClassFileDeclarationBuilder Parsing: package java.io; public class Closeable { } 
547569     DEBUG main            r.s.KeYCrossReferenceSourceInfo Dynamically created class: java.io.Closeable 
549839     DEBUG main            d.u.i.k.p.i.AbstractProblemLoader Init config took 2.29s 
549853     INFO  main            d.u.i.k.p.i.AbstractProblemLoader Replaying proof testcontext.key.proof 
549907     DEBUG main            d.u.i.k.p.i.IntermediateProofReplayer Proof replay took 51.1ms 
549908     DEBUG main            d.u.i.k.p.r.p.TestFile    ... success: reloaded. 
549909     INFO  main            d.u.i.k.p.r.p.TestFile    Now processing file /home/runner/work/key/key/key.core/../key.ui/examples/standard_key/staticInitialisation/cascadeStaticInitialisation.key 
549909     INFO  main            d.u.i.k.p.i.AbstractProblemLoader Loading environment from /home/runner/work/key/key/key.core/../key.ui/examples/standard_key/staticInitialisation/cascadeStaticInitialisation.key 
549909     DEBUG main            d.u.i.k.p.i.AbstractProblemLoader Environment load took 51.8ns 
549912     INFO  main            d.u.i.k.p.i.AbstractProblemLoader Creating init config 
549930     WARN  main            d.u.i.k.j.r.KeYCrossReferenceNameInfo Datatype java.lang.System declared twice: Once in FILE:/home/runner/work/key/key/key.core/../key.ui/examples/standard_key/staticInitialisation/classpath/System.java and once in URL:file:/home/runner/work/key/key/key.core/build/resources/main/de/uka/ilkd/key/java/JavaRedux/java/lang/System.java, Keeping one from URL:file:/home/runner/work/key/key/key.core/build/resources/main/de/uka/ilkd/key/java/JavaRedux/java/lang/System.java 
549930     WARN  main            d.u.i.k.j.r.KeYCrossReferenceNameInfo Datatype java.io.PrintStream declared twice: Once in FILE:/home/runner/work/key/key/key.core/../key.ui/examples/standard_key/staticInitialisation/classpath/PrintStream.java and once in URL:file:/home/runner/work/key/key/key.core/build/resources/main/de/uka/ilkd/key/java/JavaRedux/java/io/PrintStream.java, Keeping one from URL:file:/home/runner/work/key/key/key.core/build/resources/main/de/uka/ilkd/key/java/JavaRedux/java/io/PrintStream.java 
552255     DEBUG main            d.u.i.k.p.i.AbstractProblemLoader Init config took 2.34s 
552270     INFO  main            d.u.i.k.p.i.AbstractProblemLoader Replaying proof cascadeStaticInitialisation.key 
552271     DEBUG main            d.u.i.k.p.i.IntermediateProofReplayer Proof replay took 2.8ns 
553012     INFO  main            d.u.i.k.p.r.p.TestFile    ... finished proof: closed. 
553531     INFO  main            d.u.i.k.p.i.AbstractProblemLoader Loading environment from /home/runner/work/key/key/key.core/../key.ui/examples/standard_key/staticInitialisation/cascadeStaticInitialisation.key.proof 
553531     DEBUG main            d.u.i.k.p.i.AbstractProblemLoader Environment load took 97.3ns 
553533     INFO  main            d.u.i.k.p.i.AbstractProblemLoader Creating init config 
553561     WARN  main            d.u.i.k.j.r.KeYCrossReferenceNameInfo Datatype java.lang.System declared twice: Once in FILE:/home/runner/work/key/key/key.core/../key.ui/examples/standard_key/staticInitialisation/classpath/System.java and once in URL:file:/home/runner/work/key/key/key.core/build/resources/main/de/uka/ilkd/key/java/JavaRedux/java/lang/System.java, Keeping one from URL:file:/home/runner/work/key/key/key.core/build/resources/main/de/uka/ilkd/key/java/JavaRedux/java/lang/System.java 
553561     WARN  main            d.u.i.k.j.r.KeYCrossReferenceNameInfo Datatype java.io.PrintStream declared twice: Once in FILE:/home/runner/work/key/key/key.core/../key.ui/examples/standard_key/staticInitialisation/classpath/PrintStream.java and once in URL:file:/home/runner/work/key/key/key.core/build/resources/main/de/uka/ilkd/key/java/JavaRedux/java/io/PrintStream.java, Keeping one from URL:file:/home/runner/work/key/key/key.core/build/resources/main/de/uka/ilkd/key/java/JavaRedux/java/io/PrintStream.java 
555763     DEBUG main            d.u.i.k.p.i.AbstractProblemLoader Init config took 2.23s 
555777     INFO  main            d.u.i.k.p.i.AbstractProblemLoader Replaying proof cascadeStaticInitialisation.key.proof 
555917     DEBUG main            d.u.i.k.p.i.IntermediateProofReplayer Proof replay took 137.45ms 
555919     DEBUG main            d.u.i.k.p.r.p.TestFile    ... success: reloaded. 
555919     INFO  main            d.u.i.k.p.r.p.TestFile    Now processing file /home/runner/work/key/key/key.core/../key.ui/examples/standard_key/staticInitialisation/erroneousClassImpliesErroneousSubclass.key 
555920     INFO  main            d.u.i.k.p.i.AbstractProblemLoader Loading environment from /home/runner/work/key/key/key.core/../key.ui/examples/standard_key/staticInitialisation/erroneousClassImpliesErroneousSubclass.key 
555920     DEBUG main            d.u.i.k.p.i.AbstractProblemLoader Environment load took 80.2ns 
555921     INFO  main            d.u.i.k.p.i.AbstractProblemLoader Creating init config 
555939     WARN  main            d.u.i.k.j.r.KeYCrossReferenceNameInfo Datatype java.lang.System declared twice: Once in FILE:/home/runner/work/key/key/key.core/../key.ui/examples/standard_key/staticInitialisation/classpath/System.java and once in URL:file:/home/runner/work/key/key/key.core/build/resources/main/de/uka/ilkd/key/java/JavaRedux/java/lang/System.java, Keeping one from URL:file:/home/runner/work/key/key/key.core/build/resources/main/de/uka/ilkd/key/java/JavaRedux/java/lang/System.java 
555940     WARN  main            d.u.i.k.j.r.KeYCrossReferenceNameInfo Datatype java.io.PrintStream declared twice: Once in FILE:/home/runner/work/key/key/key.core/../key.ui/examples/standard_key/staticInitialisation/classpath/PrintStream.java and once in URL:file:/home/runner/work/key/key/key.core/build/resources/main/de/uka/ilkd/key/java/JavaRedux/java/io/PrintStream.java, Keeping one from URL:file:/home/runner/work/key/key/key.core/build/resources/main/de/uka/ilkd/key/java/JavaRedux/java/io/PrintStream.java 
558178     DEBUG main            d.u.i.k.p.i.AbstractProblemLoader Init config took 2.26s 
558191     INFO  main            d.u.i.k.p.i.AbstractProblemLoader Replaying proof erroneousClassImpliesErroneousSubclass.key 
558192     DEBUG main            d.u.i.k.p.i.IntermediateProofReplayer Proof replay took 3ns 
558293     INFO  main            d.u.i.k.p.r.p.TestFile    ... finished proof: closed. 
558835     INFO  main            d.u.i.k.p.i.AbstractProblemLoader Loading environment from /home/runner/work/key/key/key.core/../key.ui/examples/standard_key/staticInitialisation/erroneousClassImpliesErroneousSubclass.key.proof 
558835     DEBUG main            d.u.i.k.p.i.AbstractProblemLoader Environment load took 89.7ns 
558836     INFO  main            d.u.i.k.p.i.AbstractProblemLoader Creating init config 
558855     WARN  main            d.u.i.k.j.r.KeYCrossReferenceNameInfo Datatype java.lang.System declared twice: Once in FILE:/home/runner/work/key/key/key.core/../key.ui/examples/standard_key/staticInitialisation/classpath/System.java and once in URL:file:/home/runner/work/key/key/key.core/build/resources/main/de/uka/ilkd/key/java/JavaRedux/java/lang/System.java, Keeping one from URL:file:/home/runner/work/key/key/key.core/build/resources/main/de/uka/ilkd/key/java/JavaRedux/java/lang/System.java 
558855     WARN  main            d.u.i.k.j.r.KeYCrossReferenceNameInfo Datatype java.io.PrintStream declared twice: Once in FILE:/home/runner/work/key/key/key.core/../key.ui/examples/standard_key/staticInitialisation/classpath/PrintStream.java and once in URL:file:/home/runner/work/key/key/key.core/build/resources/main/de/uka/ilkd/key/java/JavaRedux/java/io/PrintStream.java, Keeping one from URL:file:/home/runner/work/key/key/key.core/build/resources/main/de/uka/ilkd/key/java/JavaRedux/java/io/PrintStream.java 
561115     DEBUG main            d.u.i.k.p.i.AbstractProblemLoader Init config took 2.28s 
561128     INFO  main            d.u.i.k.p.i.AbstractProblemLoader Replaying proof erroneousClassImpliesErroneousSubclass.key.proof 
561130     DEBUG main            d.u.i.k.p.i.IntermediateProofReplayer Proof replay took 481.71ns 
561131     DEBUG main            d.u.i.k.p.r.p.TestFile    ... success: reloaded. 
561131     INFO  main            d.u.i.k.p.r.p.TestFile    Now processing file /home/runner/work/key/key/key.core/../key.ui/examples/standard_key/staticInitialisation/initializedSubclassImpliesInitializedSuperclass.key 
561132     INFO  main            d.u.i.k.p.i.AbstractProblemLoader Loading environment from /home/runner/work/key/key/key.core/../key.ui/examples/standard_key/staticInitialisation/initializedSubclassImpliesInitializedSuperclass.key 
561132     DEBUG main            d.u.i.k.p.i.AbstractProblemLoader Environment load took 62.5ns 
561133     INFO  main            d.u.i.k.p.i.AbstractProblemLoader Creating init config 
561151     WARN  main            d.u.i.k.j.r.KeYCrossReferenceNameInfo Datatype java.lang.System declared twice: Once in FILE:/home/runner/work/key/key/key.core/../key.ui/examples/standard_key/staticInitialisation/classpath/System.java and once in URL:file:/home/runner/work/key/key/key.core/build/resources/main/de/uka/ilkd/key/java/JavaRedux/java/lang/System.java, Keeping one from URL:file:/home/runner/work/key/key/key.core/build/resources/main/de/uka/ilkd/key/java/JavaRedux/java/lang/System.java 
561151     WARN  main            d.u.i.k.j.r.KeYCrossReferenceNameInfo Datatype java.io.PrintStream declared twice: Once in FILE:/home/runner/work/key/key/key.core/../key.ui/examples/standard_key/staticInitialisation/classpath/PrintStream.java and once in URL:file:/home/runner/work/key/key/key.core/build/resources/main/de/uka/ilkd/key/java/JavaRedux/java/io/PrintStream.java, Keeping one from URL:file:/home/runner/work/key/key/key.core/build/resources/main/de/uka/ilkd/key/java/JavaRedux/java/io/PrintStream.java 
563360     DEBUG main            d.u.i.k.p.i.AbstractProblemLoader Init config took 2.23s 
563373     INFO  main            d.u.i.k.p.i.AbstractProblemLoader Replaying proof initializedSubclassImpliesInitializedSuperclass.key 
563374     DEBUG main            d.u.i.k.p.i.IntermediateProofReplayer Proof replay took 2.9ns 
563475     INFO  main            d.u.i.k.p.r.p.TestFile    ... finished proof: closed. 
563990     INFO  main            d.u.i.k.p.i.AbstractProblemLoader Loading environment from /home/runner/work/key/key/key.core/../key.ui/examples/standard_key/staticInitialisation/initializedSubclassImpliesInitializedSuperclass.key.proof 
563990     DEBUG main            d.u.i.k.p.i.AbstractProblemLoader Environment load took 93.5ns 
563991     INFO  main            d.u.i.k.p.i.AbstractProblemLoader Creating init config 
564009     WARN  main            d.u.i.k.j.r.KeYCrossReferenceNameInfo Datatype java.lang.System declared twice: Once in FILE:/home/runner/work/key/key/key.core/../key.ui/examples/standard_key/staticInitialisation/classpath/System.java and once in URL:file:/home/runner/work/key/key/key.core/build/resources/main/de/uka/ilkd/key/java/JavaRedux/java/lang/System.java, Keeping one from URL:file:/home/runner/work/key/key/key.core/build/resources/main/de/uka/ilkd/key/java/JavaRedux/java/lang/System.java 
564009     WARN  main            d.u.i.k.j.r.KeYCrossReferenceNameInfo Datatype java.io.PrintStream declared twice: Once in FILE:/home/runner/work/key/key/key.core/../key.ui/examples/standard_key/staticInitialisation/classpath/PrintStream.java and once in URL:file:/home/runner/work/key/key/key.core/build/resources/main/de/uka/ilkd/key/java/JavaRedux/java/io/PrintStream.java, Keeping one from URL:file:/home/runner/work/key/key/key.core/build/resources/main/de/uka/ilkd/key/java/JavaRedux/java/io/PrintStream.java 
566270     DEBUG main            d.u.i.k.p.i.AbstractProblemLoader Init config took 2.28s 
566283     INFO  main            d.u.i.k.p.i.AbstractProblemLoader Replaying proof initializedSubclassImpliesInitializedSuperclass.key.proof 
566285     DEBUG main            d.u.i.k.p.i.IntermediateProofReplayer Proof replay took 402.41ns 
566286     DEBUG main            d.u.i.k.p.r.p.TestFile    ... success: reloaded. 
566286     INFO  main            d.u.i.k.p.r.p.TestFile    Now processing file /home/runner/work/key/key/key.core/../key.ui/examples/standard_key/staticInitialisation/localDeclared.key 
566287     INFO  main            d.u.i.k.p.i.AbstractProblemLoader Loading environment from /home/runner/work/key/key/key.core/../key.ui/examples/standard_key/staticInitialisation/localDeclared.key 
566287     DEBUG main            d.u.i.k.p.i.AbstractProblemLoader Environment load took 53.2ns 
566288     INFO  main            d.u.i.k.p.i.AbstractProblemLoader Creating init config 
566306     WARN  main            d.u.i.k.j.r.KeYCrossReferenceNameInfo Datatype java.lang.System declared twice: Once in FILE:/home/runner/work/key/key/key.core/../key.ui/examples/standard_key/staticInitialisation/classpath/System.java and once in URL:file:/home/runner/work/key/key/key.core/build/resources/main/de/uka/ilkd/key/java/JavaRedux/java/lang/System.java, Keeping one from URL:file:/home/runner/work/key/key/key.core/build/resources/main/de/uka/ilkd/key/java/JavaRedux/java/lang/System.java 
566307     WARN  main            d.u.i.k.j.r.KeYCrossReferenceNameInfo Datatype java.io.PrintStream declared twice: Once in FILE:/home/runner/work/key/key/key.core/../key.ui/examples/standard_key/staticInitialisation/classpath/PrintStream.java and once in URL:file:/home/runner/work/key/key/key.core/build/resources/main/de/uka/ilkd/key/java/JavaRedux/java/io/PrintStream.java, Keeping one from URL:file:/home/runner/work/key/key/key.core/build/resources/main/de/uka/ilkd/key/java/JavaRedux/java/io/PrintStream.java 
568517     DEBUG main            d.u.i.k.p.i.AbstractProblemLoader Init config took 2.23s 
568531     INFO  main            d.u.i.k.p.i.AbstractProblemLoader Replaying proof localDeclared.key 
568532     DEBUG main            d.u.i.k.p.i.IntermediateProofReplayer Proof replay took 2.9ns 
568835     INFO  main            d.u.i.k.p.r.p.TestFile    ... finished proof: closed. 
569342     INFO  main            d.u.i.k.p.i.AbstractProblemLoader Loading environment from /home/runner/work/key/key/key.core/../key.ui/examples/standard_key/staticInitialisation/localDeclared.key.proof 
569342     DEBUG main            d.u.i.k.p.i.AbstractProblemLoader Environment load took 96.8ns 
569343     INFO  main            d.u.i.k.p.i.AbstractProblemLoader Creating init config 
569362     WARN  main            d.u.i.k.j.r.KeYCrossReferenceNameInfo Datatype java.lang.System declared twice: Once in FILE:/home/runner/work/key/key/key.core/../key.ui/examples/standard_key/staticInitialisation/classpath/System.java and once in URL:file:/home/runner/work/key/key/key.core/build/resources/main/de/uka/ilkd/key/java/JavaRedux/java/lang/System.java, Keeping one from URL:file:/home/runner/work/key/key/key.core/build/resources/main/de/uka/ilkd/key/java/JavaRedux/java/lang/System.java 
569363     WARN  main            d.u.i.k.j.r.KeYCrossReferenceNameInfo Datatype java.io.PrintStream declared twice: Once in FILE:/home/runner/work/key/key/key.core/../key.ui/examples/standard_key/staticInitialisation/classpath/PrintStream.java and once in URL:file:/home/runner/work/key/key/key.core/build/resources/main/de/uka/ilkd/key/java/JavaRedux/java/io/PrintStream.java, Keeping one from URL:file:/home/runner/work/key/key/key.core/build/resources/main/de/uka/ilkd/key/java/JavaRedux/java/io/PrintStream.java 
571571     DEBUG main            d.u.i.k.p.i.AbstractProblemLoader Init config took 2.23s 
571585     INFO  main            d.u.i.k.p.i.AbstractProblemLoader Replaying proof localDeclared.key.proof 
571640     DEBUG main            d.u.i.k.p.i.IntermediateProofReplayer Proof replay took 53.3ms 
571642     DEBUG main            d.u.i.k.p.r.p.TestFile    ... success: reloaded. 
571642     INFO  main            d.u.i.k.p.r.p.TestFile    Now processing file /home/runner/work/key/key/key.core/../key.ui/examples/standard_key/staticInitialisation/localDeclaredMethod.key 
571643     INFO  main            d.u.i.k.p.i.AbstractProblemLoader Loading environment from /home/runner/work/key/key/key.core/../key.ui/examples/standard_key/staticInitialisation/localDeclaredMethod.key 
571643     DEBUG main            d.u.i.k.p.i.AbstractProblemLoader Environment load took 77.2ns 
571644     INFO  main            d.u.i.k.p.i.AbstractProblemLoader Creating init config 
571663     WARN  main            d.u.i.k.j.r.KeYCrossReferenceNameInfo Datatype java.lang.System declared twice: Once in FILE:/home/runner/work/key/key/key.core/../key.ui/examples/standard_key/staticInitialisation/classpath/System.java and once in URL:file:/home/runner/work/key/key/key.core/build/resources/main/de/uka/ilkd/key/java/JavaRedux/java/lang/System.java, Keeping one from URL:file:/home/runner/work/key/key/key.core/build/resources/main/de/uka/ilkd/key/java/JavaRedux/java/lang/System.java 
571663     WARN  main            d.u.i.k.j.r.KeYCrossReferenceNameInfo Datatype java.io.PrintStream declared twice: Once in FILE:/home/runner/work/key/key/key.core/../key.ui/examples/standard_key/staticInitialisation/classpath/PrintStream.java and once in URL:file:/home/runner/work/key/key/key.core/build/resources/main/de/uka/ilkd/key/java/JavaRedux/java/io/PrintStream.java, Keeping one from URL:file:/home/runner/work/key/key/key.core/build/resources/main/de/uka/ilkd/key/java/JavaRedux/java/io/PrintStream.java 
573873     DEBUG main            d.u.i.k.p.i.AbstractProblemLoader Init config took 2.23s 
573890     INFO  main            d.u.i.k.p.i.AbstractProblemLoader Replaying proof localDeclaredMethod.key 
573891     DEBUG main            d.u.i.k.p.i.IntermediateProofReplayer Proof replay took 3.8ns 
574094     INFO  main            d.u.i.k.p.r.p.TestFile    ... finished proof: closed. 
574625     INFO  main            d.u.i.k.p.i.AbstractProblemLoader Loading environment from /home/runner/work/key/key/key.core/../key.ui/examples/standard_key/staticInitialisation/localDeclaredMethod.key.proof 
574625     DEBUG main            d.u.i.k.p.i.AbstractProblemLoader Environment load took 96.3ns 
574627     INFO  main            d.u.i.k.p.i.AbstractProblemLoader Creating init config 
574645     WARN  main            d.u.i.k.j.r.KeYCrossReferenceNameInfo Datatype java.lang.System declared twice: Once in FILE:/home/runner/work/key/key/key.core/../key.ui/examples/standard_key/staticInitialisation/classpath/System.java and once in URL:file:/home/runner/work/key/key/key.core/build/resources/main/de/uka/ilkd/key/java/JavaRedux/java/lang/System.java, Keeping one from URL:file:/home/runner/work/key/key/key.core/build/resources/main/de/uka/ilkd/key/java/JavaRedux/java/lang/System.java 
574645     WARN  main            d.u.i.k.j.r.KeYCrossReferenceNameInfo Datatype java.io.PrintStream declared twice: Once in FILE:/home/runner/work/key/key/key.core/../key.ui/examples/standard_key/staticInitialisation/classpath/PrintStream.java and once in URL:file:/home/runner/work/key/key/key.core/build/resources/main/de/uka/ilkd/key/java/JavaRedux/java/io/PrintStream.java, Keeping one from URL:file:/home/runner/work/key/key/key.core/build/resources/main/de/uka/ilkd/key/java/JavaRedux/java/io/PrintStream.java 
576914     DEBUG main            d.u.i.k.p.i.AbstractProblemLoader Init config took 2.29s 
576928     INFO  main            d.u.i.k.p.i.AbstractProblemLoader Replaying proof localDeclaredMethod.key.proof 
576979     DEBUG main            d.u.i.k.p.i.IntermediateProofReplayer Proof replay took 48.73ms 
576980     DEBUG main            d.u.i.k.p.r.p.TestFile    ... success: reloaded. 
576981     INFO  main            d.u.i.k.p.r.p.TestFile    Now processing file /home/runner/work/key/key/key.core/../key.ui/examples/standard_key/staticInitialisation/objectOfErroneousClass.key 
576981     INFO  main            d.u.i.k.p.i.AbstractProblemLoader Loading environment from /home/runner/work/key/key/key.core/../key.ui/examples/standard_key/staticInitialisation/objectOfErroneousClass.key 
576981     DEBUG main            d.u.i.k.p.i.AbstractProblemLoader Environment load took 55.7ns 
576982     INFO  main            d.u.i.k.p.i.AbstractProblemLoader Creating init config 
577001     WARN  main            d.u.i.k.j.r.KeYCrossReferenceNameInfo Datatype java.lang.System declared twice: Once in FILE:/home/runner/work/key/key/key.core/../key.ui/examples/standard_key/staticInitialisation/classpath/System.java and once in URL:file:/home/runner/work/key/key/key.core/build/resources/main/de/uka/ilkd/key/java/JavaRedux/java/lang/System.java, Keeping one from URL:file:/home/runner/work/key/key/key.core/build/resources/main/de/uka/ilkd/key/java/JavaRedux/java/lang/System.java 
577001     WARN  main            d.u.i.k.j.r.KeYCrossReferenceNameInfo Datatype java.io.PrintStream declared twice: Once in FILE:/home/runner/work/key/key/key.core/../key.ui/examples/standard_key/staticInitialisation/classpath/PrintStream.java and once in URL:file:/home/runner/work/key/key/key.core/build/resources/main/de/uka/ilkd/key/java/JavaRedux/java/io/PrintStream.java, Keeping one from URL:file:/home/runner/work/key/key/key.core/build/resources/main/de/uka/ilkd/key/java/JavaRedux/java/io/PrintStream.java 
579240     DEBUG main            d.u.i.k.p.i.AbstractProblemLoader Init config took 2.26s 
579256     INFO  main            d.u.i.k.p.i.AbstractProblemLoader Replaying proof objectOfErroneousClass.key 
579258     DEBUG main            d.u.i.k.p.i.IntermediateProofReplayer Proof replay took 3.5ns 
592003     INFO  main            d.u.i.k.p.r.p.TestFile    ... finished proof: closed. 
592602     INFO  main            d.u.i.k.p.i.AbstractProblemLoader Loading environment from /home/runner/work/key/key/key.core/../key.ui/examples/standard_key/staticInitialisation/objectOfErroneousClass.key.proof 
592602     DEBUG main            d.u.i.k.p.i.AbstractProblemLoader Environment load took 101.3ns 
592606     INFO  main            d.u.i.k.p.i.AbstractProblemLoader Creating init config 
592625     WARN  main            d.u.i.k.j.r.KeYCrossReferenceNameInfo Datatype java.lang.System declared twice: Once in FILE:/home/runner/work/key/key/key.core/../key.ui/examples/standard_key/staticInitialisation/classpath/System.java and once in URL:file:/home/runner/work/key/key/key.core/build/resources/main/de/uka/ilkd/key/java/JavaRedux/java/lang/System.java, Keeping one from URL:file:/home/runner/work/key/key/key.core/build/resources/main/de/uka/ilkd/key/java/JavaRedux/java/lang/System.java 
592625     WARN  main            d.u.i.k.j.r.KeYCrossReferenceNameInfo Datatype java.io.PrintStream declared twice: Once in FILE:/home/runner/work/key/key/key.core/../key.ui/examples/standard_key/staticInitialisation/classpath/PrintStream.java and once in URL:file:/home/runner/work/key/key/key.core/build/resources/main/de/uka/ilkd/key/java/JavaRedux/java/io/PrintStream.java, Keeping one from URL:file:/home/runner/work/key/key/key.core/build/resources/main/de/uka/ilkd/key/java/JavaRedux/java/io/PrintStream.java 
594844     DEBUG main            d.u.i.k.p.i.AbstractProblemLoader Init config took 2.24s 
594859     INFO  main            d.u.i.k.p.i.AbstractProblemLoader Replaying proof objectOfErroneousClass.key.proof 
597013     DEBUG main            d.u.i.k.p.i.IntermediateProofReplayer Proof replay took 2.13s 
597017     DEBUG main            d.u.i.k.p.r.p.TestFile    ... success: reloaded. 
597018     INFO  main            d.u.i.k.p.r.p.TestFile    Now processing file /home/runner/work/key/key/key.core/../key.ui/examples/standard_key/staticInitialisation/staticInitialisersAreNonSimple.key 
597018     INFO  main            d.u.i.k.p.i.AbstractProblemLoader Loading environment from /home/runner/work/key/key/key.core/../key.ui/examples/standard_key/staticInitialisation/staticInitialisersAreNonSimple.key 
597018     DEBUG main            d.u.i.k.p.i.AbstractProblemLoader Environment load took 78.7ns 
597019     INFO  main            d.u.i.k.p.i.AbstractProblemLoader Creating init config 
597038     WARN  main            d.u.i.k.j.r.KeYCrossReferenceNameInfo Datatype java.lang.System declared twice: Once in FILE:/home/runner/work/key/key/key.core/../key.ui/examples/standard_key/staticInitialisation/classpath/System.java and once in URL:file:/home/runner/work/key/key/key.core/build/resources/main/de/uka/ilkd/key/java/JavaRedux/java/lang/System.java, Keeping one from URL:file:/home/runner/work/key/key/key.core/build/resources/main/de/uka/ilkd/key/java/JavaRedux/java/lang/System.java 
597038     WARN  main            d.u.i.k.j.r.KeYCrossReferenceNameInfo Datatype java.io.PrintStream declared twice: Once in FILE:/home/runner/work/key/key/key.core/../key.ui/examples/standard_key/staticInitialisation/classpath/PrintStream.java and once in URL:file:/home/runner/work/key/key/key.core/build/resources/main/de/uka/ilkd/key/java/JavaRedux/java/io/PrintStream.java, Keeping one from URL:file:/home/runner/work/key/key/key.core/build/resources/main/de/uka/ilkd/key/java/JavaRedux/java/io/PrintStream.java 
599331     DEBUG main            d.u.i.k.p.i.AbstractProblemLoader Init config took 2.31s 
599345     INFO  main            d.u.i.k.p.i.AbstractProblemLoader Replaying proof staticInitialisersAreNonSimple.key 
599346     DEBUG main            d.u.i.k.p.i.IntermediateProofReplayer Proof replay took 3.8ns 
599649     INFO  main            d.u.i.k.p.r.p.TestFile    ... finished proof: closed. 
600270     INFO  main            d.u.i.k.p.i.AbstractProblemLoader Loading environment from /home/runner/work/key/key/key.core/../key.ui/examples/standard_key/staticInitialisation/staticInitialisersAreNonSimple.key.proof 
600271     DEBUG main            d.u.i.k.p.i.AbstractProblemLoader Environment load took 94.9ns 
600272     INFO  main            d.u.i.k.p.i.AbstractProblemLoader Creating init config 
600297     WARN  main            d.u.i.k.j.r.KeYCrossReferenceNameInfo Datatype java.lang.System declared twice: Once in FILE:/home/runner/work/key/key/key.core/../key.ui/examples/standard_key/staticInitialisation/classpath/System.java and once in URL:file:/home/runner/work/key/key/key.core/build/resources/main/de/uka/ilkd/key/java/JavaRedux/java/lang/System.java, Keeping one from URL:file:/home/runner/work/key/key/key.core/build/resources/main/de/uka/ilkd/key/java/JavaRedux/java/lang/System.java 
600297     WARN  main            d.u.i.k.j.r.KeYCrossReferenceNameInfo Datatype java.io.PrintStream declared twice: Once in FILE:/home/runner/work/key/key/key.core/../key.ui/examples/standard_key/staticInitialisation/classpath/PrintStream.java and once in URL:file:/home/runner/work/key/key/key.core/build/resources/main/de/uka/ilkd/key/java/JavaRedux/java/io/PrintStream.java, Keeping one from URL:file:/home/runner/work/key/key/key.core/build/resources/main/de/uka/ilkd/key/java/JavaRedux/java/io/PrintStream.java 
602561     DEBUG main            d.u.i.k.p.i.AbstractProblemLoader Init config took 2.29s 
602575     INFO  main            d.u.i.k.p.i.AbstractProblemLoader Replaying proof staticInitialisersAreNonSimple.key.proof 
602648     DEBUG main            d.u.i.k.p.i.IntermediateProofReplayer Proof replay took 70.47ms 
602649     DEBUG main            d.u.i.k.p.r.p.TestFile    ... success: reloaded. 
602650     INFO  main            d.u.i.k.p.r.p.TestFile    Now processing file /home/runner/work/key/key/key.core/../key.ui/examples/standard_key/types/disjoint.key 
602650     INFO  main            d.u.i.k.p.i.AbstractProblemLoader Loading environment from /home/runner/work/key/key/key.core/../key.ui/examples/standard_key/types/disjoint.key 
602650     DEBUG main            d.u.i.k.p.i.AbstractProblemLoader Environment load took 64.4ns 
602651     INFO  main            d.u.i.k.p.i.AbstractProblemLoader Creating init config 
604847     DEBUG main            d.u.i.k.p.i.AbstractProblemLoader Init config took 2.2s 
604860     INFO  main            d.u.i.k.p.i.AbstractProblemLoader Replaying proof disjoint.key 
604861     DEBUG main            d.u.i.k.p.i.IntermediateProofReplayer Proof replay took 3.7ns 
604965     INFO  main            d.u.i.k.p.r.p.TestFile    ... finished proof: closed. 
605539     INFO  main            d.u.i.k.p.i.AbstractProblemLoader Loading environment from /home/runner/work/key/key/key.core/../key.ui/examples/standard_key/types/disjoint.key.proof 
605539     DEBUG main            d.u.i.k.p.i.AbstractProblemLoader Environment load took 88.8ns 
605540     INFO  main            d.u.i.k.p.i.AbstractProblemLoader Creating init config 
607694     DEBUG main            d.u.i.k.p.i.AbstractProblemLoader Init config took 2.15s 
607707     INFO  main            d.u.i.k.p.i.AbstractProblemLoader Replaying proof disjoint.key.proof 
607709     DEBUG main            d.u.i.k.p.i.IntermediateProofReplayer Proof replay took 482.71ns 
607709     DEBUG main            d.u.i.k.p.r.p.TestFile    ... success: reloaded. 
607710     INFO  main            d.u.i.k.p.r.p.TestFile    Now processing file /home/runner/work/key/key/key.core/../key.ui/examples/../../key.core/src/test/resources/testcase/classpath/classpath.key 
607710     INFO  main            d.u.i.k.p.i.AbstractProblemLoader Loading environment from /home/runner/work/key/key/key.core/../key.ui/examples/../../key.core/src/test/resources/testcase/classpath/classpath.key 
607710     DEBUG main            d.u.i.k.p.i.AbstractProblemLoader Environment load took 99.5ns 
607711     INFO  main            d.u.i.k.p.i.AbstractProblemLoader Creating init config 
607732     WARN  main            d.u.i.k.j.r.KeYCrossReferenceNameInfo Datatype cp.C declared twice: Once in FILE:/home/runner/work/key/key/key.core/../key.ui/examples/../../key.core/src/test/resources/testcase/classpath/classpath/C.class and once in FILE:/home/runner/work/key/key/key.core/../key.ui/examples/../../key.core/src/test/resources/testcase/classpath/classpath/C.jml, Keeping one from FILE:/home/runner/work/key/key/key.core/../key.ui/examples/../../key.core/src/test/resources/testcase/classpath/classpath/C.jml 
607735     DEBUG main            d.u.i.k.j.r.ClassFileDeclarationBuilder Parsing: package cp; public class Unresolved1 { } 
607735     DEBUG main            r.s.KeYCrossReferenceSourceInfo Dynamically created class: cp.Unresolved1 
607735     DEBUG main            d.u.i.k.j.r.ClassFileDeclarationBuilder Parsing: package cp; public class Unresolved2 { } 
607735     DEBUG main            r.s.KeYCrossReferenceSourceInfo Dynamically created class: cp.Unresolved2 
610055     DEBUG main            d.u.i.k.p.i.AbstractProblemLoader Init config took 2.34s 
610069     INFO  main            d.u.i.k.p.i.AbstractProblemLoader Replaying proof classpath.key 
610071     DEBUG main            d.u.i.k.p.i.IntermediateProofReplayer Proof replay took 3ns 
610179     INFO  main            d.u.i.k.p.r.p.TestFile    ... finished proof: closed. 
610721     INFO  main            d.u.i.k.p.i.AbstractProblemLoader Loading environment from /home/runner/work/key/key/key.core/../key.ui/examples/../../key.core/src/test/resources/testcase/classpath/classpath.key.proof 
610721     DEBUG main            d.u.i.k.p.i.AbstractProblemLoader Environment load took 94ns 
610722     INFO  main            d.u.i.k.p.i.AbstractProblemLoader Creating init config 
610753     WARN  main            d.u.i.k.j.r.KeYCrossReferenceNameInfo Datatype cp.C declared twice: Once in FILE:/home/runner/work/key/key/key.core/../key.ui/examples/../../key.core/src/test/resources/testcase/classpath/classpath/C.class and once in FILE:/home/runner/work/key/key/key.core/../key.ui/examples/../../key.core/src/test/resources/testcase/classpath/classpath/C.jml, Keeping one from FILE:/home/runner/work/key/key/key.core/../key.ui/examples/../../key.core/src/test/resources/testcase/classpath/classpath/C.jml 
610756     DEBUG main            d.u.i.k.j.r.ClassFileDeclarationBuilder Parsing: package cp; public class Unresolved1 { } 
610757     DEBUG main            r.s.KeYCrossReferenceSourceInfo Dynamically created class: cp.Unresolved1 
610757     DEBUG main            d.u.i.k.j.r.ClassFileDeclarationBuilder Parsing: package cp; public class Unresolved2 { } 
610757     DEBUG main            r.s.KeYCrossReferenceSourceInfo Dynamically created class: cp.Unresolved2 
613039     DEBUG main            d.u.i.k.p.i.AbstractProblemLoader Init config took 2.32s 
613054     INFO  main            d.u.i.k.p.i.AbstractProblemLoader Replaying proof classpath.key.proof 
613056     DEBUG main            d.u.i.k.p.i.IntermediateProofReplayer Proof replay took 570.11ns 
613057     DEBUG main            d.u.i.k.p.r.p.TestFile    ... success: reloaded. 
613057     INFO  main            d.u.i.k.p.r.p.TestFile    Now processing file /home/runner/work/key/key/key.core/../key.ui/examples/heap/inconsistent_represents/MyClass_m.key 
613058     INFO  main            d.u.i.k.p.i.AbstractProblemLoader Loading environment from /home/runner/work/key/key/key.core/../key.ui/examples/heap/inconsistent_represents/MyClass_m.key 
613058     DEBUG main            d.u.i.k.p.i.AbstractProblemLoader Environment load took 49.6ns 
613058     INFO  main            d.u.i.k.p.i.AbstractProblemLoader Creating init config 
615360     DEBUG main            d.u.i.k.p.i.AbstractProblemLoader Init config took 2.3s 
615395     INFO  main            d.u.i.k.p.i.AbstractProblemLoader Replaying proof MyClass[MyClass::m()].JML operation contract.0 
615397     DEBUG main            d.u.i.k.p.i.IntermediateProofReplayer Proof replay took 3.2ns 
615501     INFO  main            d.u.i.k.p.r.p.TestFile    ... finished proof: open goal(s) 
616042     INFO  main            d.u.i.k.p.r.p.TestFile    Now processing file /home/runner/work/key/key/key.core/../key.ui/examples/heap/inconsistent_represents/MyClass_n.key 
616042     INFO  main            d.u.i.k.p.i.AbstractProblemLoader Loading environment from /home/runner/work/key/key/key.core/../key.ui/examples/heap/inconsistent_represents/MyClass_n.key 
616043     DEBUG main            d.u.i.k.p.i.AbstractProblemLoader Environment load took 52.1ns 
616043     INFO  main            d.u.i.k.p.i.AbstractProblemLoader Creating init config 
618278     DEBUG main            d.u.i.k.p.i.AbstractProblemLoader Init config took 2.23s 
618311     INFO  main            d.u.i.k.p.i.AbstractProblemLoader Replaying proof MyClass[MyClass::n()].JML operation contract.0 
618313     DEBUG main            d.u.i.k.p.i.IntermediateProofReplayer Proof replay took 3.5ns 
618414     INFO  main            d.u.i.k.p.r.p.TestFile    ... finished proof: open goal(s) 
3599557    INFO  Test worker     d.u.i.k.p.r.RunAllProofsTestUnit Returning from test javadl 
3599558    INFO  Test worker     d.u.i.k.p.r.RunAllProofsTestUnit Running test FOL 
392        INFO  Timeout watchdog d.u.i.k.p.r.p.ForkedTestFileRunner Timeout watcher launched (2000 secs.) 
399        WARN  main            d.u.i.k.s.ProofSettings   The settings in /home/runner/.key/proof-settings.props are *not* read. 
433        INFO  main            d.u.i.k.p.r.p.TestFile    Now processing file /home/runner/work/key/key/key.core/../key.ui/examples/standard_key/pred_log/count.key 
557        INFO  main            d.u.i.k.p.i.AbstractProblemLoader Loading environment from /home/runner/work/key/key/key.core/../key.ui/examples/standard_key/pred_log/count.key 
574        DEBUG main            d.u.i.k.p.i.AbstractProblemLoader Environment load took 2.26ms 
818        INFO  main            d.u.i.k.p.i.AbstractProblemLoader Creating init config 
1872       DEBUG main            d.u.i.k.j.TypeConverter   No LDT found for Meta 
1872       DEBUG main            d.u.i.k.j.TypeConverter   No LDT found for Meta 
1875       DEBUG main            d.u.i.k.j.TypeConverter   No LDT found for Meta 
1876       DEBUG main            d.u.i.k.j.TypeConverter   No LDT found for Meta 
3474       DEBUG main            d.u.i.k.j.TypeConverter   No LDT found for JavaBigintExpression 
8175       DEBUG main            d.u.i.k.p.i.AbstractProblemLoader Init config took 7.36s 
8237       INFO  main            d.u.i.k.p.i.AbstractProblemLoader Replaying proof count.key 
8271       DEBUG main            d.u.i.k.p.i.IntermediateProofReplayer Proof replay took 37.7ns 
8436       INFO  main            d.u.i.k.p.r.p.TestFile    ... finished proof: closed. 
8534       INFO  main            d.u.i.k.p.i.AbstractProblemLoader Loading environment from /home/runner/work/key/key/key.core/../key.ui/examples/standard_key/pred_log/count.key.proof 
8535       DEBUG main            d.u.i.k.p.i.AbstractProblemLoader Environment load took 814.01ns 
8539       INFO  main            d.u.i.k.p.i.AbstractProblemLoader Creating init config 
11207      DEBUG main            d.u.i.k.p.i.AbstractProblemLoader Init config took 2.67s 
11238      INFO  main            d.u.i.k.p.i.AbstractProblemLoader Replaying proof count.key.proof 
11250      DEBUG main            d.u.i.k.p.i.IntermediateProofReplayer Proof replay took 7.94ms 
11268      DEBUG main            d.u.i.k.p.r.p.TestFile    ... success: reloaded. 
11276      INFO  main            d.u.i.k.p.r.p.TestFile    Now processing file /home/runner/work/key/key/key.core/../key.ui/examples/standard_key/pred_log/count2.key 
11277      INFO  main            d.u.i.k.p.i.AbstractProblemLoader Loading environment from /home/runner/work/key/key/key.core/../key.ui/examples/standard_key/pred_log/count2.key 
11277      DEBUG main            d.u.i.k.p.i.AbstractProblemLoader Environment load took 242.6ns 
11279      INFO  main            d.u.i.k.p.i.AbstractProblemLoader Creating init config 
13747      DEBUG main            d.u.i.k.p.i.AbstractProblemLoader Init config took 2.47s 
13775      INFO  main            d.u.i.k.p.i.AbstractProblemLoader Replaying proof count2.key 
13777      DEBUG main            d.u.i.k.p.i.IntermediateProofReplayer Proof replay took 6.8ns 
13879      INFO  main            d.u.i.k.p.r.p.TestFile    ... finished proof: closed. 
14016      INFO  main            d.u.i.k.p.i.AbstractProblemLoader Loading environment from /home/runner/work/key/key/key.core/../key.ui/examples/standard_key/pred_log/count2.key.proof 
14016      DEBUG main            d.u.i.k.p.i.AbstractProblemLoader Environment load took 145.4ns 
14018      INFO  main            d.u.i.k.p.i.AbstractProblemLoader Creating init config 
16516      DEBUG main            d.u.i.k.p.i.AbstractProblemLoader Init config took 2.5s 
16540      INFO  main            d.u.i.k.p.i.AbstractProblemLoader Replaying proof count2.key.proof 
16546      DEBUG main            d.u.i.k.p.i.IntermediateProofReplayer Proof replay took 3.92ms 
16547      DEBUG main            d.u.i.k.p.r.p.TestFile    ... success: reloaded. 
16548      INFO  main            d.u.i.k.p.r.p.TestFile    Now processing file /home/runner/work/key/key/key.core/../key.ui/examples/standard_key/pred_log/count3.key 
16549      INFO  main            d.u.i.k.p.i.AbstractProblemLoader Loading environment from /home/runner/work/key/key/key.core/../key.ui/examples/standard_key/pred_log/count3.key 
16549      DEBUG main            d.u.i.k.p.i.AbstractProblemLoader Environment load took 190ns 
16550      INFO  main            d.u.i.k.p.i.AbstractProblemLoader Creating init config 
18982      DEBUG main            d.u.i.k.p.i.AbstractProblemLoader Init config took 2.43s 
19003      INFO  main            d.u.i.k.p.i.AbstractProblemLoader Replaying proof count3.key 
19005      DEBUG main            d.u.i.k.p.i.IntermediateProofReplayer Proof replay took 7.8ns 
19109      INFO  main            d.u.i.k.p.r.p.TestFile    ... finished proof: closed. 
19239      INFO  main            d.u.i.k.p.i.AbstractProblemLoader Loading environment from /home/runner/work/key/key/key.core/../key.ui/examples/standard_key/pred_log/count3.key.proof 
19239      DEBUG main            d.u.i.k.p.i.AbstractProblemLoader Environment load took 140.3ns 
19242      INFO  main            d.u.i.k.p.i.AbstractProblemLoader Creating init config 
21661      DEBUG main            d.u.i.k.p.i.AbstractProblemLoader Init config took 2.42s 
21681      INFO  main            d.u.i.k.p.i.AbstractProblemLoader Replaying proof count3.key.proof 
21686      DEBUG main            d.u.i.k.p.i.IntermediateProofReplayer Proof replay took 2.86ms 
21686      DEBUG main            d.u.i.k.p.r.p.TestFile    ... success: reloaded. 
21687      INFO  main            d.u.i.k.p.r.p.TestFile    Now processing file /home/runner/work/key/key/key.core/../key.ui/examples/standard_key/pred_log/equalities.key 
21687      INFO  main            d.u.i.k.p.i.AbstractProblemLoader Loading environment from /home/runner/work/key/key/key.core/../key.ui/examples/standard_key/pred_log/equalities.key 
21688      DEBUG main            d.u.i.k.p.i.AbstractProblemLoader Environment load took 176.5ns 
21689      INFO  main            d.u.i.k.p.i.AbstractProblemLoader Creating init config 
24105      DEBUG main            d.u.i.k.p.i.AbstractProblemLoader Init config took 2.42s 
24124      INFO  main            d.u.i.k.p.i.AbstractProblemLoader Replaying proof equalities.key 
24125      DEBUG main            d.u.i.k.p.i.IntermediateProofReplayer Proof replay took 7.2ns 
24228      INFO  main            d.u.i.k.p.r.p.TestFile    ... finished proof: closed. 
24361      INFO  main            d.u.i.k.p.i.AbstractProblemLoader Loading environment from /home/runner/work/key/key/key.core/../key.ui/examples/standard_key/pred_log/equalities.key.proof 
24361      DEBUG main            d.u.i.k.p.i.AbstractProblemLoader Environment load took 126.8ns 
24362      INFO  main            d.u.i.k.p.i.AbstractProblemLoader Creating init config 
26748      DEBUG main            d.u.i.k.p.i.AbstractProblemLoader Init config took 2.39s 
26767      INFO  main            d.u.i.k.p.i.AbstractProblemLoader Replaying proof equalities.key.proof 
26771      DEBUG main            d.u.i.k.p.i.IntermediateProofReplayer Proof replay took 1.67ms 
26772      DEBUG main            d.u.i.k.p.r.p.TestFile    ... success: reloaded. 
26773      INFO  main            d.u.i.k.p.r.p.TestFile    Now processing file /home/runner/work/key/key/key.core/../key.ui/examples/standard_key/pred_log/equalities2.key 
26773      INFO  main            d.u.i.k.p.i.AbstractProblemLoader Loading environment from /home/runner/work/key/key/key.core/../key.ui/examples/standard_key/pred_log/equalities2.key 
26773      DEBUG main            d.u.i.k.p.i.AbstractProblemLoader Environment load took 184.6ns 
26774      INFO  main            d.u.i.k.p.i.AbstractProblemLoader Creating init config 
29112      DEBUG main            d.u.i.k.p.i.AbstractProblemLoader Init config took 2.34s 
29130      INFO  main            d.u.i.k.p.i.AbstractProblemLoader Replaying proof equalities2.key 
29132      DEBUG main            d.u.i.k.p.i.IntermediateProofReplayer Proof replay took 7.8ns 
29238      INFO  main            d.u.i.k.p.r.p.TestFile    ... finished proof: closed. 
29385      INFO  main            d.u.i.k.p.i.AbstractProblemLoader Loading environment from /home/runner/work/key/key/key.core/../key.ui/examples/standard_key/pred_log/equalities2.key.proof 
29385      DEBUG main            d.u.i.k.p.i.AbstractProblemLoader Environment load took 139ns 
29386      INFO  main            d.u.i.k.p.i.AbstractProblemLoader Creating init config 
31740      DEBUG main            d.u.i.k.p.i.AbstractProblemLoader Init config took 2.35s 
31760      INFO  main            d.u.i.k.p.i.AbstractProblemLoader Replaying proof equalities2.key.proof 
31766      DEBUG main            d.u.i.k.p.i.IntermediateProofReplayer Proof replay took 4.03ms 
31768      DEBUG main            d.u.i.k.p.r.p.TestFile    ... success: reloaded. 
31769      INFO  main            d.u.i.k.p.r.p.TestFile    Now processing file /home/runner/work/key/key/key.core/../key.ui/examples/standard_key/pred_log/equalities3.key 
31769      INFO  main            d.u.i.k.p.i.AbstractProblemLoader Loading environment from /home/runner/work/key/key/key.core/../key.ui/examples/standard_key/pred_log/equalities3.key 
31769      DEBUG main            d.u.i.k.p.i.AbstractProblemLoader Environment load took 232.6ns 
31771      INFO  main            d.u.i.k.p.i.AbstractProblemLoader Creating init config 
34189      DEBUG main            d.u.i.k.p.i.AbstractProblemLoader Init config took 2.42s 
34207      INFO  main            d.u.i.k.p.i.AbstractProblemLoader Replaying proof equalities3.key 
34209      DEBUG main            d.u.i.k.p.i.IntermediateProofReplayer Proof replay took 8.5ns 
34313      INFO  main            d.u.i.k.p.r.p.TestFile    ... finished proof: closed. 
34473      INFO  main            d.u.i.k.p.i.AbstractProblemLoader Loading environment from /home/runner/work/key/key/key.core/../key.ui/examples/standard_key/pred_log/equalities3.key.proof 
34473      DEBUG main            d.u.i.k.p.i.AbstractProblemLoader Environment load took 133ns 
34474      INFO  main            d.u.i.k.p.i.AbstractProblemLoader Creating init config 
36801      DEBUG main            d.u.i.k.p.i.AbstractProblemLoader Init config took 2.33s 
36818      INFO  main            d.u.i.k.p.i.AbstractProblemLoader Replaying proof equalities3.key.proof 
36836      DEBUG main            d.u.i.k.p.i.IntermediateProofReplayer Proof replay took 14.98ms 
36837      DEBUG main            d.u.i.k.p.r.p.TestFile    ... success: reloaded. 
36838      INFO  main            d.u.i.k.p.r.p.TestFile    Now processing file /home/runner/work/key/key/key.core/../key.ui/examples/standard_key/pred_log/functions.key 
36838      INFO  main            d.u.i.k.p.i.AbstractProblemLoader Loading environment from /home/runner/work/key/key/key.core/../key.ui/examples/standard_key/pred_log/functions.key 
36838      DEBUG main            d.u.i.k.p.i.AbstractProblemLoader Environment load took 99.7ns 
36839      INFO  main            d.u.i.k.p.i.AbstractProblemLoader Creating init config 
39182      DEBUG main            d.u.i.k.p.i.AbstractProblemLoader Init config took 2.34s 
39198      INFO  main            d.u.i.k.p.i.AbstractProblemLoader Replaying proof functions.key 
39200      DEBUG main            d.u.i.k.p.i.IntermediateProofReplayer Proof replay took 6.7ns 
39306      INFO  main            d.u.i.k.p.r.p.TestFile    ... finished proof: closed. 
39463      INFO  main            d.u.i.k.p.i.AbstractProblemLoader Loading environment from /home/runner/work/key/key/key.core/../key.ui/examples/standard_key/pred_log/functions.key.proof 
39463      DEBUG main            d.u.i.k.p.i.AbstractProblemLoader Environment load took 132.9ns 
39464      INFO  main            d.u.i.k.p.i.AbstractProblemLoader Creating init config 
41792      DEBUG main            d.u.i.k.p.i.AbstractProblemLoader Init config took 2.33s 
41807      INFO  main            d.u.i.k.p.i.AbstractProblemLoader Replaying proof functions.key.proof 
41811      DEBUG main            d.u.i.k.p.i.IntermediateProofReplayer Proof replay took 2.53ms 
41812      DEBUG main            d.u.i.k.p.r.p.TestFile    ... success: reloaded. 
41813      INFO  main            d.u.i.k.p.r.p.TestFile    Now processing file /home/runner/work/key/key/key.core/../key.ui/examples/standard_key/pred_log/mv1.key 
41813      INFO  main            d.u.i.k.p.i.AbstractProblemLoader Loading environment from /home/runner/work/key/key/key.core/../key.ui/examples/standard_key/pred_log/mv1.key 
41813      DEBUG main            d.u.i.k.p.i.AbstractProblemLoader Environment load took 91.5ns 
41814      INFO  main            d.u.i.k.p.i.AbstractProblemLoader Creating init config 
44191      DEBUG main            d.u.i.k.p.i.AbstractProblemLoader Init config took 2.38s 
44207      INFO  main            d.u.i.k.p.i.AbstractProblemLoader Replaying proof mv1.key 
44209      DEBUG main            d.u.i.k.p.i.IntermediateProofReplayer Proof replay took 26.8ns 
44313      INFO  main            d.u.i.k.p.r.p.TestFile    ... finished proof: closed. 
44471      INFO  main            d.u.i.k.p.i.AbstractProblemLoader Loading environment from /home/runner/work/key/key/key.core/../key.ui/examples/standard_key/pred_log/mv1.key.proof 
44471      DEBUG main            d.u.i.k.p.i.AbstractProblemLoader Environment load took 138.6ns 
44473      INFO  main            d.u.i.k.p.i.AbstractProblemLoader Creating init config 
46792      DEBUG main            d.u.i.k.p.i.AbstractProblemLoader Init config took 2.32s 
46810      INFO  main            d.u.i.k.p.i.AbstractProblemLoader Replaying proof mv1.key.proof 
46813      DEBUG main            d.u.i.k.p.i.IntermediateProofReplayer Proof replay took 1.16ms 
46814      DEBUG main            d.u.i.k.p.r.p.TestFile    ... success: reloaded. 
46814      INFO  main            d.u.i.k.p.r.p.TestFile    Now processing file /home/runner/work/key/key/key.core/../key.ui/examples/standard_key/pred_log/mv2.key 
46815      INFO  main            d.u.i.k.p.i.AbstractProblemLoader Loading environment from /home/runner/work/key/key/key.core/../key.ui/examples/standard_key/pred_log/mv2.key 
46815      DEBUG main            d.u.i.k.p.i.AbstractProblemLoader Environment load took 89ns 
46816      INFO  main            d.u.i.k.p.i.AbstractProblemLoader Creating init config 
49146      DEBUG main            d.u.i.k.p.i.AbstractProblemLoader Init config took 2.33s 
49184      INFO  main            d.u.i.k.p.i.AbstractProblemLoader Replaying proof mv2.key 
49186      DEBUG main            d.u.i.k.p.i.IntermediateProofReplayer Proof replay took 8ns 
49288      INFO  main            d.u.i.k.p.r.p.TestFile    ... finished proof: closed. 
49493      INFO  main            d.u.i.k.p.i.AbstractProblemLoader Loading environment from /home/runner/work/key/key/key.core/../key.ui/examples/standard_key/pred_log/mv2.key.proof 
49493      DEBUG main            d.u.i.k.p.i.AbstractProblemLoader Environment load took 130.2ns 
49494      INFO  main            d.u.i.k.p.i.AbstractProblemLoader Creating init config 
51777      DEBUG main            d.u.i.k.p.i.AbstractProblemLoader Init config took 2.28s 
51792      INFO  main            d.u.i.k.p.i.AbstractProblemLoader Replaying proof mv2.key.proof 
51795      DEBUG main            d.u.i.k.p.i.IntermediateProofReplayer Proof replay took 1.66ms 
51796      DEBUG main            d.u.i.k.p.r.p.TestFile    ... success: reloaded. 
51797      INFO  main            d.u.i.k.p.r.p.TestFile    Now processing file /home/runner/work/key/key/key.core/../key.ui/examples/standard_key/pred_log/quantifiers.key 
51797      INFO  main            d.u.i.k.p.i.AbstractProblemLoader Loading environment from /home/runner/work/key/key/key.core/../key.ui/examples/standard_key/pred_log/quantifiers.key 
51797      DEBUG main            d.u.i.k.p.i.AbstractProblemLoader Environment load took 100.9ns 
51798      INFO  main            d.u.i.k.p.i.AbstractProblemLoader Creating init config 
54145      DEBUG main            d.u.i.k.p.i.AbstractProblemLoader Init config took 2.35s 
54160      INFO  main            d.u.i.k.p.i.AbstractProblemLoader Replaying proof quantifiers.key 
54163      DEBUG main            d.u.i.k.p.i.IntermediateProofReplayer Proof replay took 9.6ns 
54265      INFO  main            d.u.i.k.p.r.p.TestFile    ... finished proof: closed. 
54489      INFO  main            d.u.i.k.p.i.AbstractProblemLoader Loading environment from /home/runner/work/key/key/key.core/../key.ui/examples/standard_key/pred_log/quantifiers.key.proof 
54490      DEBUG main            d.u.i.k.p.i.AbstractProblemLoader Environment load took 138.1ns 
54493      INFO  main            d.u.i.k.p.i.AbstractProblemLoader Creating init config 
56786      DEBUG main            d.u.i.k.p.i.AbstractProblemLoader Init config took 2.29s 
56800      INFO  main            d.u.i.k.p.i.AbstractProblemLoader Replaying proof quantifiers.key.proof 
56804      DEBUG main            d.u.i.k.p.i.IntermediateProofReplayer Proof replay took 2.46ms 
56805      DEBUG main            d.u.i.k.p.r.p.TestFile    ... success: reloaded. 
56806      INFO  main            d.u.i.k.p.r.p.TestFile    Now processing file /home/runner/work/key/key/key.core/../key.ui/examples/standard_key/pred_log/simpleEps.key 
56807      INFO  main            d.u.i.k.p.i.AbstractProblemLoader Loading environment from /home/runner/work/key/key/key.core/../key.ui/examples/standard_key/pred_log/simpleEps.key 
56807      DEBUG main            d.u.i.k.p.i.AbstractProblemLoader Environment load took 98.1ns 
56808      INFO  main            d.u.i.k.p.i.AbstractProblemLoader Creating init config 
59123      DEBUG main            d.u.i.k.p.i.AbstractProblemLoader Init config took 2.31s 
59137      INFO  main            d.u.i.k.p.i.AbstractProblemLoader Replaying proof simpleEps.key 
59139      DEBUG main            d.u.i.k.p.i.IntermediateProofReplayer Proof replay took 8.8ns 
59242      INFO  main            d.u.i.k.p.r.p.TestFile    ... finished proof: closed. 
59424      INFO  main            d.u.i.k.p.i.AbstractProblemLoader Loading environment from /home/runner/work/key/key/key.core/../key.ui/examples/standard_key/pred_log/simpleEps.key.proof 
59424      DEBUG main            d.u.i.k.p.i.AbstractProblemLoader Environment load took 129.9ns 
59426      INFO  main            d.u.i.k.p.i.AbstractProblemLoader Creating init config 
61737      DEBUG main            d.u.i.k.p.i.AbstractProblemLoader Init config took 2.31s 
61752      INFO  main            d.u.i.k.p.i.AbstractProblemLoader Replaying proof simpleEps.key.proof 
61755      DEBUG main            d.u.i.k.p.i.IntermediateProofReplayer Proof replay took 1.58ms 
61756      DEBUG main            d.u.i.k.p.r.p.TestFile    ... success: reloaded. 
61757      INFO  main            d.u.i.k.p.r.p.TestFile    Now processing file /home/runner/work/key/key/key.core/../key.ui/examples/standard_key/pred_log/steam1.key 
61757      INFO  main            d.u.i.k.p.i.AbstractProblemLoader Loading environment from /home/runner/work/key/key/key.core/../key.ui/examples/standard_key/pred_log/steam1.key 
61757      DEBUG main            d.u.i.k.p.i.AbstractProblemLoader Environment load took 173.5ns 
61759      INFO  main            d.u.i.k.p.i.AbstractProblemLoader Creating init config 
64146      DEBUG main            d.u.i.k.p.i.AbstractProblemLoader Init config took 2.39s 
64168      INFO  main            d.u.i.k.p.i.AbstractProblemLoader Replaying proof steam1.key 
64170      DEBUG main            d.u.i.k.p.i.IntermediateProofReplayer Proof replay took 8.5ns 
64477      INFO  main            d.u.i.k.p.r.p.TestFile    ... finished proof: closed. 
64669      INFO  main            d.u.i.k.p.i.AbstractProblemLoader Loading environment from /home/runner/work/key/key/key.core/../key.ui/examples/standard_key/pred_log/steam1.key.proof 
64670      DEBUG main            d.u.i.k.p.i.AbstractProblemLoader Environment load took 420.91ns 
64672      INFO  main            d.u.i.k.p.i.AbstractProblemLoader Creating init config 
66956      DEBUG main            d.u.i.k.p.i.AbstractProblemLoader Init config took 2.28s 
66978      INFO  main            d.u.i.k.p.i.AbstractProblemLoader Replaying proof steam1.key.proof 
67000      DEBUG main            d.u.i.k.p.i.IntermediateProofReplayer Proof replay took 18.69ms 
67002      DEBUG main            d.u.i.k.p.r.p.TestFile    ... success: reloaded. 
67003      INFO  main            d.u.i.k.p.r.p.TestFile    Now processing file /home/runner/work/key/key/key.core/../key.ui/examples/standard_key/pred_log/tptp/PUZ/PUZ001p1.key 
67003      INFO  main            d.u.i.k.p.i.AbstractProblemLoader Loading environment from /home/runner/work/key/key/key.core/../key.ui/examples/standard_key/pred_log/tptp/PUZ/PUZ001p1.key 
67003      DEBUG main            d.u.i.k.p.i.AbstractProblemLoader Environment load took 97.4ns 
67005      INFO  main            d.u.i.k.p.i.AbstractProblemLoader Creating init config 
69355      DEBUG main            d.u.i.k.p.i.AbstractProblemLoader Init config took 2.35s 
69372      INFO  main            d.u.i.k.p.i.AbstractProblemLoader Replaying proof PUZ001p1.key 
69373      DEBUG main            d.u.i.k.p.i.IntermediateProofReplayer Proof replay took 7.9ns 
72399      INFO  main            d.u.i.k.p.r.p.TestFile    ... finished proof: closed. 
72635      INFO  main            d.u.i.k.p.i.AbstractProblemLoader Loading environment from /home/runner/work/key/key/key.core/../key.ui/examples/standard_key/pred_log/tptp/PUZ/PUZ001p1.key.proof 
72635      DEBUG main            d.u.i.k.p.i.AbstractProblemLoader Environment load took 146.2ns 
72637      INFO  main            d.u.i.k.p.i.AbstractProblemLoader Creating init config 
74897      DEBUG main            d.u.i.k.p.i.AbstractProblemLoader Init config took 2.26s 
74916      INFO  main            d.u.i.k.p.i.AbstractProblemLoader Replaying proof PUZ001p1.key.proof 
75093      DEBUG main            d.u.i.k.p.i.IntermediateProofReplayer Proof replay took 164.54ms 
75096      DEBUG main            d.u.i.k.p.r.p.TestFile    ... success: reloaded. 
75097      INFO  main            d.u.i.k.p.r.p.TestFile    Now processing file /home/runner/work/key/key/key.core/../key.ui/examples/standard_key/pred_log/tptp/PUZ/PUZ001p1-eq.key 
75097      INFO  main            d.u.i.k.p.i.AbstractProblemLoader Loading environment from /home/runner/work/key/key/key.core/../key.ui/examples/standard_key/pred_log/tptp/PUZ/PUZ001p1-eq.key 
75097      DEBUG main            d.u.i.k.p.i.AbstractProblemLoader Environment load took 191.7ns 
75098      INFO  main            d.u.i.k.p.i.AbstractProblemLoader Creating init config 
77374      DEBUG main            d.u.i.k.p.i.AbstractProblemLoader Init config took 2.28s 
77389      INFO  main            d.u.i.k.p.i.AbstractProblemLoader Replaying proof PUZ001p1-eq.key 
77390      DEBUG main            d.u.i.k.p.i.IntermediateProofReplayer Proof replay took 8.1ns 
77594      INFO  main            d.u.i.k.p.r.p.TestFile    ... finished proof: closed. 
77806      INFO  main            d.u.i.k.p.i.AbstractProblemLoader Loading environment from /home/runner/work/key/key/key.core/../key.ui/examples/standard_key/pred_log/tptp/PUZ/PUZ001p1-eq.key.proof 
77806      DEBUG main            d.u.i.k.p.i.AbstractProblemLoader Environment load took 142.9ns 
77807      INFO  main            d.u.i.k.p.i.AbstractProblemLoader Creating init config 
80051      DEBUG main            d.u.i.k.p.i.AbstractProblemLoader Init config took 2.24s 
80067      INFO  main            d.u.i.k.p.i.AbstractProblemLoader Replaying proof PUZ001p1-eq.key.proof 
80089      DEBUG main            d.u.i.k.p.i.IntermediateProofReplayer Proof replay took 19.8ms 
80091      DEBUG main            d.u.i.k.p.r.p.TestFile    ... success: reloaded. 
80091      INFO  main            d.u.i.k.p.r.p.TestFile    Now processing file /home/runner/work/key/key/key.core/../key.ui/examples/standard_key/pred_log/tptp/PUZ/PUZ031p1.key 
80092      INFO  main            d.u.i.k.p.i.AbstractProblemLoader Loading environment from /home/runner/work/key/key/key.core/../key.ui/examples/standard_key/pred_log/tptp/PUZ/PUZ031p1.key 
80092      DEBUG main            d.u.i.k.p.i.AbstractProblemLoader Environment load took 205.6ns 
80093      INFO  main            d.u.i.k.p.i.AbstractProblemLoader Creating init config 
82433      DEBUG main            d.u.i.k.p.i.AbstractProblemLoader Init config took 2.34s 
82448      INFO  main            d.u.i.k.p.i.AbstractProblemLoader Replaying proof PUZ031p1.key 
82449      DEBUG main            d.u.i.k.p.i.IntermediateProofReplayer Proof replay took 8.5ns 
90312      INFO  main            d.u.i.k.p.r.p.TestFile    ... finished proof: closed. 
90532      INFO  main            d.u.i.k.p.i.AbstractProblemLoader Loading environment from /home/runner/work/key/key/key.core/../key.ui/examples/standard_key/pred_log/tptp/PUZ/PUZ031p1.key.proof 
90535      DEBUG main            d.u.i.k.p.i.AbstractProblemLoader Environment load took 3.22ms 
90537      INFO  main            d.u.i.k.p.i.AbstractProblemLoader Creating init config 
92776      DEBUG main            d.u.i.k.p.i.AbstractProblemLoader Init config took 2.24s 
92793      INFO  main            d.u.i.k.p.i.AbstractProblemLoader Replaying proof PUZ031p1.key.proof 
92855      DEBUG main            d.u.i.k.p.i.IntermediateProofReplayer Proof replay took 57ms 
92856      DEBUG main            d.u.i.k.p.r.p.TestFile    ... success: reloaded. 
92857      INFO  main            d.u.i.k.p.r.p.TestFile    Now processing file /home/runner/work/key/key/key.core/../key.ui/examples/standard_key/pred_log/tptp/SET/SET027p3.key 
92858      INFO  main            d.u.i.k.p.i.AbstractProblemLoader Loading environment from /home/runner/work/key/key/key.core/../key.ui/examples/standard_key/pred_log/tptp/SET/SET027p3.key 
92858      DEBUG main            d.u.i.k.p.i.AbstractProblemLoader Environment load took 189.3ns 
92859      INFO  main            d.u.i.k.p.i.AbstractProblemLoader Creating init config 
95194      DEBUG main            d.u.i.k.p.i.AbstractProblemLoader Init config took 2.33s 
95208      INFO  main            d.u.i.k.p.i.AbstractProblemLoader Replaying proof SET027p3.key 
95209      DEBUG main            d.u.i.k.p.i.IntermediateProofReplayer Proof replay took 8.7ns 
95312      INFO  main            d.u.i.k.p.r.p.TestFile    ... finished proof: closed. 
95538      INFO  main            d.u.i.k.p.i.AbstractProblemLoader Loading environment from /home/runner/work/key/key/key.core/../key.ui/examples/standard_key/pred_log/tptp/SET/SET027p3.key.proof 
95538      DEBUG main            d.u.i.k.p.i.AbstractProblemLoader Environment load took 127.1ns 
95539      INFO  main            d.u.i.k.p.i.AbstractProblemLoader Creating init config 
97776      DEBUG main            d.u.i.k.p.i.AbstractProblemLoader Init config took 2.24s 
97790      INFO  main            d.u.i.k.p.i.AbstractProblemLoader Replaying proof SET027p3.key.proof 
97796      DEBUG main            d.u.i.k.p.i.IntermediateProofReplayer Proof replay took 4.28ms 
97797      DEBUG main            d.u.i.k.p.r.p.TestFile    ... success: reloaded. 
97798      INFO  main            d.u.i.k.p.r.p.TestFile    Now processing file /home/runner/work/key/key/key.core/../key.ui/examples/standard_key/pred_log/tptp/SET/SET043p1.key 
97798      INFO  main            d.u.i.k.p.i.AbstractProblemLoader Loading environment from /home/runner/work/key/key/key.core/../key.ui/examples/standard_key/pred_log/tptp/SET/SET043p1.key 
97798      DEBUG main            d.u.i.k.p.i.AbstractProblemLoader Environment load took 220.3ns 
97799      INFO  main            d.u.i.k.p.i.AbstractProblemLoader Creating init config 
100062     DEBUG main            d.u.i.k.p.i.AbstractProblemLoader Init config took 2.26s 
100076     INFO  main            d.u.i.k.p.i.AbstractProblemLoader Replaying proof SET043p1.key 
100077     DEBUG main            d.u.i.k.p.i.IntermediateProofReplayer Proof replay took 8.8ns 
100181     INFO  main            d.u.i.k.p.r.p.TestFile    ... finished proof: closed. 
100397     INFO  main            d.u.i.k.p.i.AbstractProblemLoader Loading environment from /home/runner/work/key/key/key.core/../key.ui/examples/standard_key/pred_log/tptp/SET/SET043p1.key.proof 
100397     DEBUG main            d.u.i.k.p.i.AbstractProblemLoader Environment load took 184.8ns 
100398     INFO  main            d.u.i.k.p.i.AbstractProblemLoader Creating init config 
102653     DEBUG main            d.u.i.k.p.i.AbstractProblemLoader Init config took 2.26s 
102668     INFO  main            d.u.i.k.p.i.AbstractProblemLoader Replaying proof SET043p1.key.proof 
102674     DEBUG main            d.u.i.k.p.i.IntermediateProofReplayer Proof replay took 1.29ms 
102676     DEBUG main            d.u.i.k.p.r.p.TestFile    ... success: reloaded. 
102677     INFO  main            d.u.i.k.p.r.p.TestFile    Now processing file /home/runner/work/key/key/key.core/../key.ui/examples/standard_key/pred_log/tptp/SET/SET045p1.key 
102677     INFO  main            d.u.i.k.p.i.AbstractProblemLoader Loading environment from /home/runner/work/key/key/key.core/../key.ui/examples/standard_key/pred_log/tptp/SET/SET045p1.key 
102677     DEBUG main            d.u.i.k.p.i.AbstractProblemLoader Environment load took 97ns 
102678     INFO  main            d.u.i.k.p.i.AbstractProblemLoader Creating init config 
104972     DEBUG main            d.u.i.k.p.i.AbstractProblemLoader Init config took 2.29s 
104986     INFO  main            d.u.i.k.p.i.AbstractProblemLoader Replaying proof SET045p1.key 
104987     DEBUG main            d.u.i.k.p.i.IntermediateProofReplayer Proof replay took 8.6ns 
105090     INFO  main            d.u.i.k.p.r.p.TestFile    ... finished proof: closed. 
105305     INFO  main            d.u.i.k.p.i.AbstractProblemLoader Loading environment from /home/runner/work/key/key/key.core/../key.ui/examples/standard_key/pred_log/tptp/SET/SET045p1.key.proof 
105305     DEBUG main            d.u.i.k.p.i.AbstractProblemLoader Environment load took 126ns 
105306     INFO  main            d.u.i.k.p.i.AbstractProblemLoader Creating init config 
107548     DEBUG main            d.u.i.k.p.i.AbstractProblemLoader Init config took 2.24s 
107562     INFO  main            d.u.i.k.p.i.AbstractProblemLoader Replaying proof SET045p1.key.proof 
107568     DEBUG main            d.u.i.k.p.i.IntermediateProofReplayer Proof replay took 3.86ms 
107569     DEBUG main            d.u.i.k.p.r.p.TestFile    ... success: reloaded. 
107569     INFO  main            d.u.i.k.p.r.p.TestFile    Now processing file /home/runner/work/key/key/key.core/../key.ui/examples/standard_key/pred_log/tptp/SET/SET062p3.key 
107569     INFO  main            d.u.i.k.p.i.AbstractProblemLoader Loading environment from /home/runner/work/key/key/key.core/../key.ui/examples/standard_key/pred_log/tptp/SET/SET062p3.key 
107569     DEBUG main            d.u.i.k.p.i.AbstractProblemLoader Environment load took 92ns 
107570     INFO  main            d.u.i.k.p.i.AbstractProblemLoader Creating init config 
109905     DEBUG main            d.u.i.k.p.i.AbstractProblemLoader Init config took 2.33s 
109919     INFO  main            d.u.i.k.p.i.AbstractProblemLoader Replaying proof SET062p3.key 
109921     DEBUG main            d.u.i.k.p.i.IntermediateProofReplayer Proof replay took 9.3ns 
110024     INFO  main            d.u.i.k.p.r.p.TestFile    ... finished proof: closed. 
110248     INFO  main            d.u.i.k.p.i.AbstractProblemLoader Loading environment from /home/runner/work/key/key/key.core/../key.ui/examples/standard_key/pred_log/tptp/SET/SET062p3.key.proof 
110249     DEBUG main            d.u.i.k.p.i.AbstractProblemLoader Environment load took 125.4ns 
110250     INFO  main            d.u.i.k.p.i.AbstractProblemLoader Creating init config 
112484     DEBUG main            d.u.i.k.p.i.AbstractProblemLoader Init config took 2.23s 
112500     INFO  main            d.u.i.k.p.i.AbstractProblemLoader Replaying proof SET062p3.key.proof 
112513     DEBUG main            d.u.i.k.p.i.IntermediateProofReplayer Proof replay took 11.6ms 
112514     DEBUG main            d.u.i.k.p.r.p.TestFile    ... success: reloaded. 
112515     INFO  main            d.u.i.k.p.r.p.TestFile    Now processing file /home/runner/work/key/key/key.core/../key.ui/examples/standard_key/pred_log/tptp/SET/SET063p3.key 
112516     INFO  main            d.u.i.k.p.i.AbstractProblemLoader Loading environment from /home/runner/work/key/key/key.core/../key.ui/examples/standard_key/pred_log/tptp/SET/SET063p3.key 
112516     DEBUG main            d.u.i.k.p.i.AbstractProblemLoader Environment load took 197ns 
112519     INFO  main            d.u.i.k.p.i.AbstractProblemLoader Creating init config 
114859     DEBUG main            d.u.i.k.p.i.AbstractProblemLoader Init config took 2.34s 
114875     INFO  main            d.u.i.k.p.i.AbstractProblemLoader Replaying proof SET063p3.key 
114876     DEBUG main            d.u.i.k.p.i.IntermediateProofReplayer Proof replay took 8.9ns 
114978     INFO  main            d.u.i.k.p.r.p.TestFile    ... finished proof: closed. 
115233     INFO  main            d.u.i.k.p.i.AbstractProblemLoader Loading environment from /home/runner/work/key/key/key.core/../key.ui/examples/standard_key/pred_log/tptp/SET/SET063p3.key.proof 
115233     DEBUG main            d.u.i.k.p.i.AbstractProblemLoader Environment load took 123.8ns 
115235     INFO  main            d.u.i.k.p.i.AbstractProblemLoader Creating init config 
117466     DEBUG main            d.u.i.k.p.i.AbstractProblemLoader Init config took 2.23s 
117480     INFO  main            d.u.i.k.p.i.AbstractProblemLoader Replaying proof SET063p3.key.proof 
117486     DEBUG main            d.u.i.k.p.i.IntermediateProofReplayer Proof replay took 4.54ms 
117487     DEBUG main            d.u.i.k.p.r.p.TestFile    ... success: reloaded. 
117488     INFO  main            d.u.i.k.p.r.p.TestFile    Now processing file /home/runner/work/key/key/key.core/../key.ui/examples/standard_key/pred_log/tptp/SYN/SYN036p2.key 
117488     INFO  main            d.u.i.k.p.i.AbstractProblemLoader Loading environment from /home/runner/work/key/key/key.core/../key.ui/examples/standard_key/pred_log/tptp/SYN/SYN036p2.key 
117488     DEBUG main            d.u.i.k.p.i.AbstractProblemLoader Environment load took 108.2ns 
117489     INFO  main            d.u.i.k.p.i.AbstractProblemLoader Creating init config 
119820     DEBUG main            d.u.i.k.p.i.AbstractProblemLoader Init config took 2.33s 
119833     INFO  main            d.u.i.k.p.i.AbstractProblemLoader Replaying proof SYN036p2.key 
119835     DEBUG main            d.u.i.k.p.i.IntermediateProofReplayer Proof replay took 7.7ns 
120039     INFO  main            d.u.i.k.p.r.p.TestFile    ... finished proof: closed. 
120361     INFO  main            d.u.i.k.p.i.AbstractProblemLoader Loading environment from /home/runner/work/key/key/key.core/../key.ui/examples/standard_key/pred_log/tptp/SYN/SYN036p2.key.proof 
120362     DEBUG main            d.u.i.k.p.i.AbstractProblemLoader Environment load took 365.71ns 
120363     INFO  main            d.u.i.k.p.i.AbstractProblemLoader Creating init config 
122588     DEBUG main            d.u.i.k.p.i.AbstractProblemLoader Init config took 2.22s 
122602     INFO  main            d.u.i.k.p.i.AbstractProblemLoader Replaying proof SYN036p2.key.proof 
122668     DEBUG main            d.u.i.k.p.i.IntermediateProofReplayer Proof replay took 58.73ms 
122669     DEBUG main            d.u.i.k.p.r.p.TestFile    ... success: reloaded. 
122670     INFO  main            d.u.i.k.p.r.p.TestFile    Now processing file /home/runner/work/key/key/key.core/../key.ui/examples/standard_key/pred_log/tptp/SYN/SYN550p1.key 
122670     INFO  main            d.u.i.k.p.i.AbstractProblemLoader Loading environment from /home/runner/work/key/key/key.core/../key.ui/examples/standard_key/pred_log/tptp/SYN/SYN550p1.key 
122670     DEBUG main            d.u.i.k.p.i.AbstractProblemLoader Environment load took 77.4ns 
122671     INFO  main            d.u.i.k.p.i.AbstractProblemLoader Creating init config 
124953     DEBUG main            d.u.i.k.p.i.AbstractProblemLoader Init config took 2.28s 
124968     INFO  main            d.u.i.k.p.i.AbstractProblemLoader Replaying proof SYN550p1.key 
124969     DEBUG main            d.u.i.k.p.i.IntermediateProofReplayer Proof replay took 8.5ns 
127717     INFO  main            d.u.i.k.p.r.p.TestFile    ... finished proof: closed. 
127972     INFO  main            d.u.i.k.p.i.AbstractProblemLoader Loading environment from /home/runner/work/key/key/key.core/../key.ui/examples/standard_key/pred_log/tptp/SYN/SYN550p1.key.proof 
127973     DEBUG main            d.u.i.k.p.i.AbstractProblemLoader Environment load took 138ns 
127974     INFO  main            d.u.i.k.p.i.AbstractProblemLoader Creating init config 
130210     DEBUG main            d.u.i.k.p.i.AbstractProblemLoader Init config took 2.24s 
130224     INFO  main            d.u.i.k.p.i.AbstractProblemLoader Replaying proof SYN550p1.key.proof 
130303     DEBUG main            d.u.i.k.p.i.IntermediateProofReplayer Proof replay took 72.81ms 
130305     DEBUG main            d.u.i.k.p.r.p.TestFile    ... success: reloaded. 
130306     INFO  main            d.u.i.k.p.r.p.TestFile    Now processing file /home/runner/work/key/key/key.core/../key.ui/examples/standard_key/prop_log/reallySimple.key 
130306     INFO  main            d.u.i.k.p.i.AbstractProblemLoader Loading environment from /home/runner/work/key/key/key.core/../key.ui/examples/standard_key/prop_log/reallySimple.key 
130306     DEBUG main            d.u.i.k.p.i.AbstractProblemLoader Environment load took 92.1ns 
130308     INFO  main            d.u.i.k.p.i.AbstractProblemLoader Creating init config 
132573     DEBUG main            d.u.i.k.p.i.AbstractProblemLoader Init config took 2.27s 
132586     INFO  main            d.u.i.k.p.i.AbstractProblemLoader Replaying proof reallySimple.key 
132589     DEBUG main            d.u.i.k.p.i.IntermediateProofReplayer Proof replay took 7.4ns 
132693     INFO  main            d.u.i.k.p.r.p.TestFile    ... finished proof: open goal(s) 
132959     INFO  main            d.u.i.k.p.r.p.TestFile    Now processing file /home/runner/work/key/key/key.core/../key.ui/examples/standard_key/pred_log/sameName1.key 
132959     INFO  main            d.u.i.k.p.i.AbstractProblemLoader Loading environment from /home/runner/work/key/key/key.core/../key.ui/examples/standard_key/pred_log/sameName1.key 
132959     DEBUG main            d.u.i.k.p.i.AbstractProblemLoader Environment load took 62.6ns 
132960     INFO  main            d.u.i.k.p.i.AbstractProblemLoader Creating init config 
135187     DEBUG main            d.u.i.k.p.i.AbstractProblemLoader Init config took 2.23s 
135200     INFO  main            d.u.i.k.p.i.AbstractProblemLoader Replaying proof sameName1.key 
135205     DEBUG main            d.u.i.k.p.i.IntermediateProofReplayer Proof replay took 8.5ns 
135307     INFO  main            d.u.i.k.p.r.p.TestFile    ... finished proof: open goal(s) 
135543     INFO  main            d.u.i.k.p.r.p.TestFile    Now processing file /home/runner/work/key/key/key.core/../key.ui/examples/standard_key/pred_log/jbyteIfEx.key 
135543     INFO  main            d.u.i.k.p.i.AbstractProblemLoader Loading environment from /home/runner/work/key/key/key.core/../key.ui/examples/standard_key/pred_log/jbyteIfEx.key 
135543     DEBUG main            d.u.i.k.p.i.AbstractProblemLoader Environment load took 71.4ns 
135545     INFO  main            d.u.i.k.p.i.AbstractProblemLoader Creating init config 
137798     DEBUG main            d.u.i.k.p.i.AbstractProblemLoader Init config took 2.25s 
137812     INFO  main            d.u.i.k.p.i.AbstractProblemLoader Replaying proof jbyteIfEx.key 
137813     DEBUG main            d.u.i.k.p.i.IntermediateProofReplayer Proof replay took 8ns 
137915     INFO  main            d.u.i.k.p.r.p.TestFile    ... finished proof: closed. 
138171     INFO  main            d.u.i.k.p.i.AbstractProblemLoader Loading environment from /home/runner/work/key/key/key.core/../key.ui/examples/standard_key/pred_log/jbyteIfEx.key.proof 
138171     DEBUG main            d.u.i.k.p.i.AbstractProblemLoader Environment load took 117.7ns 
138173     INFO  main            d.u.i.k.p.i.AbstractProblemLoader Creating init config 
140384     DEBUG main            d.u.i.k.p.i.AbstractProblemLoader Init config took 2.21s 
140398     INFO  main            d.u.i.k.p.i.AbstractProblemLoader Replaying proof jbyteIfEx.key.proof 
140408     DEBUG main            d.u.i.k.p.i.IntermediateProofReplayer Proof replay took 7.27ms 
140409     DEBUG main            d.u.i.k.p.r.p.TestFile    ... success: reloaded. 
140410     INFO  main            d.u.i.k.p.r.p.TestFile    Now processing file /home/runner/work/key/key/key.core/../key.ui/examples/standard_key/prop_log/allClausesLength4.key 
140410     INFO  main            d.u.i.k.p.i.AbstractProblemLoader Loading environment from /home/runner/work/key/key/key.core/../key.ui/examples/standard_key/prop_log/allClausesLength4.key 
140410     DEBUG main            d.u.i.k.p.i.AbstractProblemLoader Environment load took 170.4ns 
140414     INFO  main            d.u.i.k.p.i.AbstractProblemLoader Creating init config 
142728     DEBUG main            d.u.i.k.p.i.AbstractProblemLoader Init config took 2.31s 
142743     INFO  main            d.u.i.k.p.i.AbstractProblemLoader Replaying proof allClausesLength4.key 
142744     DEBUG main            d.u.i.k.p.i.IntermediateProofReplayer Proof replay took 6.9ns 
142846     INFO  main            d.u.i.k.p.r.p.TestFile    ... finished proof: closed. 
143122     INFO  main            d.u.i.k.p.i.AbstractProblemLoader Loading environment from /home/runner/work/key/key/key.core/../key.ui/examples/standard_key/prop_log/allClausesLength4.key.proof 
143122     DEBUG main            d.u.i.k.p.i.AbstractProblemLoader Environment load took 133.2ns 
143123     INFO  main            d.u.i.k.p.i.AbstractProblemLoader Creating init config 
145328     DEBUG main            d.u.i.k.p.i.AbstractProblemLoader Init config took 2.21s 
145342     INFO  main            d.u.i.k.p.i.AbstractProblemLoader Replaying proof allClausesLength4.key.proof 
145358     DEBUG main            d.u.i.k.p.i.IntermediateProofReplayer Proof replay took 13.93ms 
145360     DEBUG main            d.u.i.k.p.r.p.TestFile    ... success: reloaded. 
145361     INFO  main            d.u.i.k.p.r.p.TestFile    Now processing file /home/runner/work/key/key/key.core/../key.ui/examples/standard_key/prop_log/allClausesLength5.key 
145361     INFO  main            d.u.i.k.p.i.AbstractProblemLoader Loading environment from /home/runner/work/key/key/key.core/../key.ui/examples/standard_key/prop_log/allClausesLength5.key 
145361     DEBUG main            d.u.i.k.p.i.AbstractProblemLoader Environment load took 98.3ns 
145362     INFO  main            d.u.i.k.p.i.AbstractProblemLoader Creating init config 
147656     DEBUG main            d.u.i.k.p.i.AbstractProblemLoader Init config took 2.29s 
147670     INFO  main            d.u.i.k.p.i.AbstractProblemLoader Replaying proof allClausesLength5.key 
147671     DEBUG main            d.u.i.k.p.i.IntermediateProofReplayer Proof replay took 7.6ns 
147875     INFO  main            d.u.i.k.p.r.p.TestFile    ... finished proof: closed. 
148155     INFO  main            d.u.i.k.p.i.AbstractProblemLoader Loading environment from /home/runner/work/key/key/key.core/../key.ui/examples/standard_key/prop_log/allClausesLength5.key.proof 
148159     DEBUG main            d.u.i.k.p.i.AbstractProblemLoader Environment load took 3.49ms 
148160     INFO  main            d.u.i.k.p.i.AbstractProblemLoader Creating init config 
150380     DEBUG main            d.u.i.k.p.i.AbstractProblemLoader Init config took 2.22s 
150395     INFO  main            d.u.i.k.p.i.AbstractProblemLoader Replaying proof allClausesLength5.key.proof 
150425     DEBUG main            d.u.i.k.p.i.IntermediateProofReplayer Proof replay took 26.14ms 
150427     DEBUG main            d.u.i.k.p.r.p.TestFile    ... success: reloaded. 
150427     INFO  main            d.u.i.k.p.r.p.TestFile    Now processing file /home/runner/work/key/key/key.core/../key.ui/examples/standard_key/prop_log/doubleNeg.key 
150427     INFO  main            d.u.i.k.p.i.AbstractProblemLoader Loading environment from /home/runner/work/key/key/key.core/../key.ui/examples/standard_key/prop_log/doubleNeg.key 
150428     DEBUG main            d.u.i.k.p.i.AbstractProblemLoader Environment load took 85.9ns 
150428     INFO  main            d.u.i.k.p.i.AbstractProblemLoader Creating init config 
152693     DEBUG main            d.u.i.k.p.i.AbstractProblemLoader Init config took 2.26s 
152708     INFO  main            d.u.i.k.p.i.AbstractProblemLoader Replaying proof doubleNeg.key 
152713     DEBUG main            d.u.i.k.p.i.IntermediateProofReplayer Proof replay took 8.3ns 
152815     INFO  main            d.u.i.k.p.r.p.TestFile    ... finished proof: closed. 
153085     INFO  main            d.u.i.k.p.i.AbstractProblemLoader Loading environment from /home/runner/work/key/key/key.core/../key.ui/examples/standard_key/prop_log/doubleNeg.key.proof 
153085     DEBUG main            d.u.i.k.p.i.AbstractProblemLoader Environment load took 109.4ns 
153086     INFO  main            d.u.i.k.p.i.AbstractProblemLoader Creating init config 
155301     DEBUG main            d.u.i.k.p.i.AbstractProblemLoader Init config took 2.22s 
155315     INFO  main            d.u.i.k.p.i.AbstractProblemLoader Replaying proof doubleNeg.key.proof 
155317     DEBUG main            d.u.i.k.p.i.IntermediateProofReplayer Proof replay took 387.51ns 
155319     DEBUG main            d.u.i.k.p.r.p.TestFile    ... success: reloaded. 
155319     INFO  main            d.u.i.k.p.r.p.TestFile    Now processing file /home/runner/work/key/key/key.core/../key.ui/examples/standard_key/prop_log/liarsville.key 
155320     INFO  main            d.u.i.k.p.i.AbstractProblemLoader Loading environment from /home/runner/work/key/key/key.core/../key.ui/examples/standard_key/prop_log/liarsville.key 
155320     DEBUG main            d.u.i.k.p.i.AbstractProblemLoader Environment load took 161.6ns 
155322     INFO  main            d.u.i.k.p.i.AbstractProblemLoader Creating init config 
157607     DEBUG main            d.u.i.k.p.i.AbstractProblemLoader Init config took 2.28s 
157621     INFO  main            d.u.i.k.p.i.AbstractProblemLoader Replaying proof liarsville.key 
157622     DEBUG main            d.u.i.k.p.i.IntermediateProofReplayer Proof replay took 7.9ns 
157724     INFO  main            d.u.i.k.p.r.p.TestFile    ... finished proof: closed. 
158001     INFO  main            d.u.i.k.p.i.AbstractProblemLoader Loading environment from /home/runner/work/key/key/key.core/../key.ui/examples/standard_key/prop_log/liarsville.key.proof 
158001     DEBUG main            d.u.i.k.p.i.AbstractProblemLoader Environment load took 112.3ns 
158002     INFO  main            d.u.i.k.p.i.AbstractProblemLoader Creating init config 
160223     DEBUG main            d.u.i.k.p.i.AbstractProblemLoader Init config took 2.22s 
160246     INFO  main            d.u.i.k.p.i.AbstractProblemLoader Replaying proof liarsville.key.proof 
160250     DEBUG main            d.u.i.k.p.i.IntermediateProofReplayer Proof replay took 2.16ms 
160251     DEBUG main            d.u.i.k.p.r.p.TestFile    ... success: reloaded. 
160252     INFO  main            d.u.i.k.p.r.p.TestFile    Now processing file /home/runner/work/key/key/key.core/../key.ui/examples/standard_key/prop_log/simplest.key 
160252     INFO  main            d.u.i.k.p.i.AbstractProblemLoader Loading environment from /home/runner/work/key/key/key.core/../key.ui/examples/standard_key/prop_log/simplest.key 
160252     DEBUG main            d.u.i.k.p.i.AbstractProblemLoader Environment load took 168.7ns 
160253     INFO  main            d.u.i.k.p.i.AbstractProblemLoader Creating init config 
162511     DEBUG main            d.u.i.k.p.i.AbstractProblemLoader Init config took 2.26s 
162524     INFO  main            d.u.i.k.p.i.AbstractProblemLoader Replaying proof simplest.key 
162525     DEBUG main            d.u.i.k.p.i.IntermediateProofReplayer Proof replay took 7.2ns 
162627     INFO  main            d.u.i.k.p.r.p.TestFile    ... finished proof: closed. 
162896     INFO  main            d.u.i.k.p.i.AbstractProblemLoader Loading environment from /home/runner/work/key/key/key.core/../key.ui/examples/standard_key/prop_log/simplest.key.proof 
162896     DEBUG main            d.u.i.k.p.i.AbstractProblemLoader Environment load took 110.9ns 
162897     INFO  main            d.u.i.k.p.i.AbstractProblemLoader Creating init config 
165117     DEBUG main            d.u.i.k.p.i.AbstractProblemLoader Init config took 2.22s 
165130     INFO  main            d.u.i.k.p.i.AbstractProblemLoader Replaying proof simplest.key.proof 
165132     DEBUG main            d.u.i.k.p.i.IntermediateProofReplayer Proof replay took 102.7ns 
165132     DEBUG main            d.u.i.k.p.r.p.TestFile    ... success: reloaded. 
165133     INFO  main            d.u.i.k.p.r.p.TestFile    Now processing file /home/runner/work/key/key/key.core/../key.ui/examples/standard_key/prop_log/contraposition.key 
165133     INFO  main            d.u.i.k.p.i.AbstractProblemLoader Loading environment from /home/runner/work/key/key/key.core/../key.ui/examples/standard_key/prop_log/contraposition.key 
165133     DEBUG main            d.u.i.k.p.i.AbstractProblemLoader Environment load took 66.1ns 
165134     INFO  main            d.u.i.k.p.i.AbstractProblemLoader Creating init config 
167384     DEBUG main            d.u.i.k.p.i.AbstractProblemLoader Init config took 2.25s 
167397     INFO  main            d.u.i.k.p.i.AbstractProblemLoader Replaying proof contraposition.key 
167399     DEBUG main            d.u.i.k.p.i.IntermediateProofReplayer Proof replay took 7.6ns 
167500     INFO  main            d.u.i.k.p.r.p.TestFile    ... finished proof: closed. 
167776     INFO  main            d.u.i.k.p.i.AbstractProblemLoader Loading environment from /home/runner/work/key/key/key.core/../key.ui/examples/standard_key/prop_log/contraposition.key.proof 
167776     DEBUG main            d.u.i.k.p.i.AbstractProblemLoader Environment load took 103.2ns 
167777     INFO  main            d.u.i.k.p.i.AbstractProblemLoader Creating init config 
169985     DEBUG main            d.u.i.k.p.i.AbstractProblemLoader Init config took 2.21s 
169997     INFO  main            d.u.i.k.p.i.AbstractProblemLoader Replaying proof contraposition.key.proof 
169999     DEBUG main            d.u.i.k.p.i.IntermediateProofReplayer Proof replay took 466.71ns 
170000     DEBUG main            d.u.i.k.p.r.p.TestFile    ... success: reloaded. 
170000     INFO  main            d.u.i.k.p.r.p.TestFile    Now processing file /home/runner/work/key/key/key.core/../key.ui/examples/standard_key/quantifiers/elimination0.key 
170001     INFO  main            d.u.i.k.p.i.AbstractProblemLoader Loading environment from /home/runner/work/key/key/key.core/../key.ui/examples/standard_key/quantifiers/elimination0.key 
170001     DEBUG main            d.u.i.k.p.i.AbstractProblemLoader Environment load took 53.4ns 
170002     INFO  main            d.u.i.k.p.i.AbstractProblemLoader Creating init config 
172270     DEBUG main            d.u.i.k.p.i.AbstractProblemLoader Init config took 2.27s 
172283     INFO  main            d.u.i.k.p.i.AbstractProblemLoader Replaying proof elimination0.key 
172286     DEBUG main            d.u.i.k.p.i.IntermediateProofReplayer Proof replay took 7.7ns 
172388     INFO  main            d.u.i.k.p.r.p.TestFile    ... finished proof: closed. 
172676     INFO  main            d.u.i.k.p.i.AbstractProblemLoader Loading environment from /home/runner/work/key/key/key.core/../key.ui/examples/standard_key/quantifiers/elimination0.key.proof 
172676     DEBUG main            d.u.i.k.p.i.AbstractProblemLoader Environment load took 116.1ns 
172677     INFO  main            d.u.i.k.p.i.AbstractProblemLoader Creating init config 
174893     DEBUG main            d.u.i.k.p.i.AbstractProblemLoader Init config took 2.22s 
174906     INFO  main            d.u.i.k.p.i.AbstractProblemLoader Replaying proof elimination0.key.proof 
174909     DEBUG main            d.u.i.k.p.i.IntermediateProofReplayer Proof replay took 1.16ms 
174909     DEBUG main            d.u.i.k.p.r.p.TestFile    ... success: reloaded. 
174910     INFO  main            d.u.i.k.p.r.p.TestFile    Now processing file /home/runner/work/key/key/key.core/../key.ui/examples/standard_key/quantifiers/heuristic_PUZ001p1-eq.key 
174910     INFO  main            d.u.i.k.p.i.AbstractProblemLoader Loading environment from /home/runner/work/key/key/key.core/../key.ui/examples/standard_key/quantifiers/heuristic_PUZ001p1-eq.key 
174910     DEBUG main            d.u.i.k.p.i.AbstractProblemLoader Environment load took 83.3ns 
174912     INFO  main            d.u.i.k.p.i.AbstractProblemLoader Creating init config 
177189     DEBUG main            d.u.i.k.p.i.AbstractProblemLoader Init config took 2.28s 
177203     INFO  main            d.u.i.k.p.i.AbstractProblemLoader Replaying proof heuristic_PUZ001p1-eq.key 
177205     DEBUG main            d.u.i.k.p.i.IntermediateProofReplayer Proof replay took 7.1ns 
177307     INFO  main            d.u.i.k.p.r.p.TestFile    ... finished proof: closed. 
177600     INFO  main            d.u.i.k.p.i.AbstractProblemLoader Loading environment from /home/runner/work/key/key/key.core/../key.ui/examples/standard_key/quantifiers/heuristic_PUZ001p1-eq.key.proof 
177601     DEBUG main            d.u.i.k.p.i.AbstractProblemLoader Environment load took 111.3ns 
177602     INFO  main            d.u.i.k.p.i.AbstractProblemLoader Creating init config 
179819     DEBUG main            d.u.i.k.p.i.AbstractProblemLoader Init config took 2.22s 
179833     INFO  main            d.u.i.k.p.i.AbstractProblemLoader Replaying proof heuristic_PUZ001p1-eq.key.proof 
179843     DEBUG main            d.u.i.k.p.i.IntermediateProofReplayer Proof replay took 8.31ms 
179844     DEBUG main            d.u.i.k.p.r.p.TestFile    ... success: reloaded. 
179845     INFO  main            d.u.i.k.p.r.p.TestFile    Now processing file /home/runner/work/key/key/key.core/../key.ui/examples/standard_key/quantifiers/heuristic_PUZ001p1.key 
179845     INFO  main            d.u.i.k.p.i.AbstractProblemLoader Loading environment from /home/runner/work/key/key/key.core/../key.ui/examples/standard_key/quantifiers/heuristic_PUZ001p1.key 
179845     DEBUG main            d.u.i.k.p.i.AbstractProblemLoader Environment load took 83.7ns 
179847     INFO  main            d.u.i.k.p.i.AbstractProblemLoader Creating init config 
182102     DEBUG main            d.u.i.k.p.i.AbstractProblemLoader Init config took 2.26s 
182117     INFO  main            d.u.i.k.p.i.AbstractProblemLoader Replaying proof heuristic_PUZ001p1.key 
182118     DEBUG main            d.u.i.k.p.i.IntermediateProofReplayer Proof replay took 7.1ns 
183434     INFO  main            d.u.i.k.p.r.p.TestFile    ... finished proof: closed. 
183745     INFO  main            d.u.i.k.p.i.AbstractProblemLoader Loading environment from /home/runner/work/key/key/key.core/../key.ui/examples/standard_key/quantifiers/heuristic_PUZ001p1.key.proof 
183745     DEBUG main            d.u.i.k.p.i.AbstractProblemLoader Environment load took 331ns 
183747     INFO  main            d.u.i.k.p.i.AbstractProblemLoader Creating init config 
185954     DEBUG main            d.u.i.k.p.i.AbstractProblemLoader Init config took 2.21s 
185970     INFO  main            d.u.i.k.p.i.AbstractProblemLoader Replaying proof heuristic_PUZ001p1.key.proof 
186012     DEBUG main            d.u.i.k.p.i.IntermediateProofReplayer Proof replay took 38.06ms 
186014     DEBUG main            d.u.i.k.p.r.p.TestFile    ... success: reloaded. 
186015     INFO  main            d.u.i.k.p.r.p.TestFile    Now processing file /home/runner/work/key/key/key.core/../key.ui/examples/standard_key/quantifiers/heuristic_PUZ031p1.key 
186015     INFO  main            d.u.i.k.p.i.AbstractProblemLoader Loading environment from /home/runner/work/key/key/key.core/../key.ui/examples/standard_key/quantifiers/heuristic_PUZ031p1.key 
186015     DEBUG main            d.u.i.k.p.i.AbstractProblemLoader Environment load took 180.3ns 
186017     INFO  main            d.u.i.k.p.i.AbstractProblemLoader Creating init config 
188279     DEBUG main            d.u.i.k.p.i.AbstractProblemLoader Init config took 2.26s 
188293     INFO  main            d.u.i.k.p.i.AbstractProblemLoader Replaying proof heuristic_PUZ031p1.key 
188294     DEBUG main            d.u.i.k.p.i.IntermediateProofReplayer Proof replay took 7.9ns 
192924     INFO  main            d.u.i.k.p.r.p.TestFile    ... finished proof: closed. 
193255     INFO  main            d.u.i.k.p.i.AbstractProblemLoader Loading environment from /home/runner/work/key/key/key.core/../key.ui/examples/standard_key/quantifiers/heuristic_PUZ031p1.key.proof 
193257     DEBUG main            d.u.i.k.p.i.AbstractProblemLoader Environment load took 2.38ms 
193260     INFO  main            d.u.i.k.p.i.AbstractProblemLoader Creating init config 
195486     DEBUG main            d.u.i.k.p.i.AbstractProblemLoader Init config took 2.23s 
195500     INFO  main            d.u.i.k.p.i.AbstractProblemLoader Replaying proof heuristic_PUZ031p1.key.proof 
195548     DEBUG main            d.u.i.k.p.i.IntermediateProofReplayer Proof replay took 43.66ms 
195549     DEBUG main            d.u.i.k.p.r.p.TestFile    ... success: reloaded. 
195550     INFO  main            d.u.i.k.p.r.p.TestFile    Now processing file /home/runner/work/key/key/key.core/../key.ui/examples/standard_key/quantifiers/heuristic_SYN036p2.key 
195550     INFO  main            d.u.i.k.p.i.AbstractProblemLoader Loading environment from /home/runner/work/key/key/key.core/../key.ui/examples/standard_key/quantifiers/heuristic_SYN036p2.key 
195550     DEBUG main            d.u.i.k.p.i.AbstractProblemLoader Environment load took 104.8ns 
195551     INFO  main            d.u.i.k.p.i.AbstractProblemLoader Creating init config 
197786     DEBUG main            d.u.i.k.p.i.AbstractProblemLoader Init config took 2.24s 
197799     INFO  main            d.u.i.k.p.i.AbstractProblemLoader Replaying proof heuristic_SYN036p2.key 
197801     DEBUG main            d.u.i.k.p.i.IntermediateProofReplayer Proof replay took 8.5ns 
198006     INFO  main            d.u.i.k.p.r.p.TestFile    ... finished proof: closed. 
198339     INFO  main            d.u.i.k.p.i.AbstractProblemLoader Loading environment from /home/runner/work/key/key/key.core/../key.ui/examples/standard_key/quantifiers/heuristic_SYN036p2.key.proof 
198339     DEBUG main            d.u.i.k.p.i.AbstractProblemLoader Environment load took 328.3ns 
198341     INFO  main            d.u.i.k.p.i.AbstractProblemLoader Creating init config 
200529     DEBUG main            d.u.i.k.p.i.AbstractProblemLoader Init config took 2.19s 
200542     INFO  main            d.u.i.k.p.i.AbstractProblemLoader Replaying proof heuristic_SYN036p2.key.proof 
200611     DEBUG main            d.u.i.k.p.i.IntermediateProofReplayer Proof replay took 48.48ms 
200612     DEBUG main            d.u.i.k.p.r.p.TestFile    ... success: reloaded. 
200613     INFO  main            d.u.i.k.p.r.p.TestFile    Now processing file /home/runner/work/key/key/key.core/../key.ui/examples/standard_key/quantifiers/injectivity.key 
200613     INFO  main            d.u.i.k.p.i.AbstractProblemLoader Loading environment from /home/runner/work/key/key/key.core/../key.ui/examples/standard_key/quantifiers/injectivity.key 
200613     DEBUG main            d.u.i.k.p.i.AbstractProblemLoader Environment load took 160.6ns 
200614     INFO  main            d.u.i.k.p.i.AbstractProblemLoader Creating init config 
202852     DEBUG main            d.u.i.k.p.i.AbstractProblemLoader Init config took 2.24s 
202865     INFO  main            d.u.i.k.p.i.AbstractProblemLoader Replaying proof injectivity.key 
202866     DEBUG main            d.u.i.k.p.i.IntermediateProofReplayer Proof replay took 7.6ns 
202968     INFO  main            d.u.i.k.p.r.p.TestFile    ... finished proof: closed. 
203286     INFO  main            d.u.i.k.p.i.AbstractProblemLoader Loading environment from /home/runner/work/key/key/key.core/../key.ui/examples/standard_key/quantifiers/injectivity.key.proof 
203286     DEBUG main            d.u.i.k.p.i.AbstractProblemLoader Environment load took 114.5ns 
203287     INFO  main            d.u.i.k.p.i.AbstractProblemLoader Creating init config 
205464     DEBUG main            d.u.i.k.p.i.AbstractProblemLoader Init config took 2.18s 
205477     INFO  main            d.u.i.k.p.i.AbstractProblemLoader Replaying proof injectivity.key.proof 
205480     DEBUG main            d.u.i.k.p.i.IntermediateProofReplayer Proof replay took 1.58ms 
205480     DEBUG main            d.u.i.k.p.r.p.TestFile    ... success: reloaded. 
205481     INFO  main            d.u.i.k.p.r.p.TestFile    Now processing file /home/runner/work/key/key/key.core/../key.ui/examples/standard_key/quantifiers/normalisation0.key 
205481     INFO  main            d.u.i.k.p.i.AbstractProblemLoader Loading environment from /home/runner/work/key/key/key.core/../key.ui/examples/standard_key/quantifiers/normalisation0.key 
205481     DEBUG main            d.u.i.k.p.i.AbstractProblemLoader Environment load took 52.1ns 
205483     INFO  main            d.u.i.k.p.i.AbstractProblemLoader Creating init config 
207697     DEBUG main            d.u.i.k.p.i.AbstractProblemLoader Init config took 2.21s 
207710     INFO  main            d.u.i.k.p.i.AbstractProblemLoader Replaying proof normalisation0.key 
207711     DEBUG main            d.u.i.k.p.i.IntermediateProofReplayer Proof replay took 7.4ns 
207813     INFO  main            d.u.i.k.p.r.p.TestFile    ... finished proof: closed. 
208139     INFO  main            d.u.i.k.p.i.AbstractProblemLoader Loading environment from /home/runner/work/key/key/key.core/../key.ui/examples/standard_key/quantifiers/normalisation0.key.proof 
208139     DEBUG main            d.u.i.k.p.i.AbstractProblemLoader Environment load took 103.8ns 
208140     INFO  main            d.u.i.k.p.i.AbstractProblemLoader Creating init config 
210322     DEBUG main            d.u.i.k.p.i.AbstractProblemLoader Init config took 2.18s 
210336     INFO  main            d.u.i.k.p.i.AbstractProblemLoader Replaying proof normalisation0.key.proof 
210339     DEBUG main            d.u.i.k.p.i.IntermediateProofReplayer Proof replay took 2.11ms 
210340     DEBUG main            d.u.i.k.p.r.p.TestFile    ... success: reloaded. 
210341     INFO  main            d.u.i.k.p.r.p.TestFile    Now processing file /home/runner/work/key/key/key.core/../key.ui/examples/standard_key/quantifiers/normalisation1.key 
210341     INFO  main            d.u.i.k.p.i.AbstractProblemLoader Loading environment from /home/runner/work/key/key/key.core/../key.ui/examples/standard_key/quantifiers/normalisation1.key 
210341     DEBUG main            d.u.i.k.p.i.AbstractProblemLoader Environment load took 78.9ns 
210342     INFO  main            d.u.i.k.p.i.AbstractProblemLoader Creating init config 
212591     DEBUG main            d.u.i.k.p.i.AbstractProblemLoader Init config took 2.25s 
212607     INFO  main            d.u.i.k.p.i.AbstractProblemLoader Replaying proof normalisation1.key 
212608     DEBUG main            d.u.i.k.p.i.IntermediateProofReplayer Proof replay took 7.1ns 
212713     INFO  main            d.u.i.k.p.r.p.TestFile    ... finished proof: closed. 
213034     INFO  main            d.u.i.k.p.i.AbstractProblemLoader Loading environment from /home/runner/work/key/key/key.core/../key.ui/examples/standard_key/quantifiers/normalisation1.key.proof 
213034     DEBUG main            d.u.i.k.p.i.AbstractProblemLoader Environment load took 95.6ns 
213035     INFO  main            d.u.i.k.p.i.AbstractProblemLoader Creating init config 
215238     DEBUG main            d.u.i.k.p.i.AbstractProblemLoader Init config took 2.2s 
215263     INFO  main            d.u.i.k.p.i.AbstractProblemLoader Replaying proof normalisation1.key.proof 
215268     DEBUG main            d.u.i.k.p.i.IntermediateProofReplayer Proof replay took 3.03ms 
215268     DEBUG main            d.u.i.k.p.r.p.TestFile    ... success: reloaded. 
215274     INFO  main            d.u.i.k.p.r.p.TestFile    Now processing file /home/runner/work/key/key/key.core/../key.ui/examples/standard_key/quantifiers/normalisation2.key 
215274     INFO  main            d.u.i.k.p.i.AbstractProblemLoader Loading environment from /home/runner/work/key/key/key.core/../key.ui/examples/standard_key/quantifiers/normalisation2.key 
215274     DEBUG main            d.u.i.k.p.i.AbstractProblemLoader Environment load took 79.9ns 
215275     INFO  main            d.u.i.k.p.i.AbstractProblemLoader Creating init config 
217515     DEBUG main            d.u.i.k.p.i.AbstractProblemLoader Init config took 2.24s 
217528     INFO  main            d.u.i.k.p.i.AbstractProblemLoader Replaying proof normalisation2.key 
217529     DEBUG main            d.u.i.k.p.i.IntermediateProofReplayer Proof replay took 7.1ns 
217631     INFO  main            d.u.i.k.p.r.p.TestFile    ... finished proof: closed. 
217977     INFO  main            d.u.i.k.p.i.AbstractProblemLoader Loading environment from /home/runner/work/key/key/key.core/../key.ui/examples/standard_key/quantifiers/normalisation2.key.proof 
217977     DEBUG main            d.u.i.k.p.i.AbstractProblemLoader Environment load took 103.7ns 
217978     INFO  main            d.u.i.k.p.i.AbstractProblemLoader Creating init config 
220172     DEBUG main            d.u.i.k.p.i.AbstractProblemLoader Init config took 2.19s 
220186     INFO  main            d.u.i.k.p.i.AbstractProblemLoader Replaying proof normalisation2.key.proof 
220191     DEBUG main            d.u.i.k.p.i.IntermediateProofReplayer Proof replay took 2.4ms 
220192     DEBUG main            d.u.i.k.p.r.p.TestFile    ... success: reloaded. 
220193     INFO  main            d.u.i.k.p.r.p.TestFile    Now processing file /home/runner/work/key/key/key.core/../key.ui/examples/standard_key/quantifiers/normalisation3.key 
220193     INFO  main            d.u.i.k.p.i.AbstractProblemLoader Loading environment from /home/runner/work/key/key/key.core/../key.ui/examples/standard_key/quantifiers/normalisation3.key 
220194     DEBUG main            d.u.i.k.p.i.AbstractProblemLoader Environment load took 553.21ns 
220195     INFO  main            d.u.i.k.p.i.AbstractProblemLoader Creating init config 
222425     DEBUG main            d.u.i.k.p.i.AbstractProblemLoader Init config took 2.23s 
222438     INFO  main            d.u.i.k.p.i.AbstractProblemLoader Replaying proof normalisation3.key 
222439     DEBUG main            d.u.i.k.p.i.IntermediateProofReplayer Proof replay took 7.5ns 
222541     INFO  main            d.u.i.k.p.r.p.TestFile    ... finished proof: closed. 
222883     INFO  main            d.u.i.k.p.i.AbstractProblemLoader Loading environment from /home/runner/work/key/key/key.core/../key.ui/examples/standard_key/quantifiers/normalisation3.key.proof 
222884     DEBUG main            d.u.i.k.p.i.AbstractProblemLoader Environment load took 118.9ns 
222885     INFO  main            d.u.i.k.p.i.AbstractProblemLoader Creating init config 
225085     DEBUG main            d.u.i.k.p.i.AbstractProblemLoader Init config took 2.2s 
225099     INFO  main            d.u.i.k.p.i.AbstractProblemLoader Replaying proof normalisation3.key.proof 
225103     DEBUG main            d.u.i.k.p.i.IntermediateProofReplayer Proof replay took 2.24ms 
225103     DEBUG main            d.u.i.k.p.r.p.TestFile    ... success: reloaded. 
225104     INFO  main            d.u.i.k.p.r.p.TestFile    Now processing file /home/runner/work/key/key/key.core/../key.ui/examples/standard_key/quantifiers/normalisation4.key 
225104     INFO  main            d.u.i.k.p.i.AbstractProblemLoader Loading environment from /home/runner/work/key/key/key.core/../key.ui/examples/standard_key/quantifiers/normalisation4.key 
225104     DEBUG main            d.u.i.k.p.i.AbstractProblemLoader Environment load took 53.7ns 
225105     INFO  main            d.u.i.k.p.i.AbstractProblemLoader Creating init config 
227353     DEBUG main            d.u.i.k.p.i.AbstractProblemLoader Init config took 2.25s 
227366     INFO  main            d.u.i.k.p.i.AbstractProblemLoader Replaying proof normalisation4.key 
227367     DEBUG main            d.u.i.k.p.i.IntermediateProofReplayer Proof replay took 7.8ns 
227469     INFO  main            d.u.i.k.p.r.p.TestFile    ... finished proof: closed. 
227803     INFO  main            d.u.i.k.p.i.AbstractProblemLoader Loading environment from /home/runner/work/key/key/key.core/../key.ui/examples/standard_key/quantifiers/normalisation4.key.proof 
227803     DEBUG main            d.u.i.k.p.i.AbstractProblemLoader Environment load took 92.4ns 
227804     INFO  main            d.u.i.k.p.i.AbstractProblemLoader Creating init config 
230002     DEBUG main            d.u.i.k.p.i.AbstractProblemLoader Init config took 2.2s 
230018     INFO  main            d.u.i.k.p.i.AbstractProblemLoader Replaying proof normalisation4.key.proof 
230024     DEBUG main            d.u.i.k.p.i.IntermediateProofReplayer Proof replay took 4.39ms 
230025     DEBUG main            d.u.i.k.p.r.p.TestFile    ... success: reloaded. 
230026     INFO  main            d.u.i.k.p.r.p.TestFile    Now processing file /home/runner/work/key/key/key.core/../key.ui/examples/standard_key/quantifiers/normalisation5.key 
230026     INFO  main            d.u.i.k.p.i.AbstractProblemLoader Loading environment from /home/runner/work/key/key/key.core/../key.ui/examples/standard_key/quantifiers/normalisation5.key 
230026     DEBUG main            d.u.i.k.p.i.AbstractProblemLoader Environment load took 94ns 
230027     INFO  main            d.u.i.k.p.i.AbstractProblemLoader Creating init config 
232290     DEBUG main            d.u.i.k.p.i.AbstractProblemLoader Init config took 2.26s 
232303     INFO  main            d.u.i.k.p.i.AbstractProblemLoader Replaying proof normalisation5.key 
232305     DEBUG main            d.u.i.k.p.i.IntermediateProofReplayer Proof replay took 7.6ns 
232407     INFO  main            d.u.i.k.p.r.p.TestFile    ... finished proof: closed. 
232759     INFO  main            d.u.i.k.p.i.AbstractProblemLoader Loading environment from /home/runner/work/key/key/key.core/../key.ui/examples/standard_key/quantifiers/normalisation5.key.proof 
232759     DEBUG main            d.u.i.k.p.i.AbstractProblemLoader Environment load took 103ns 
232760     INFO  main            d.u.i.k.p.i.AbstractProblemLoader Creating init config 
234949     DEBUG main            d.u.i.k.p.i.AbstractProblemLoader Init config took 2.19s 
234965     INFO  main            d.u.i.k.p.i.AbstractProblemLoader Replaying proof normalisation5.key.proof 
234969     DEBUG main            d.u.i.k.p.i.IntermediateProofReplayer Proof replay took 3.3ms 
234970     DEBUG main            d.u.i.k.p.r.p.TestFile    ... success: reloaded. 
234971     INFO  main            d.u.i.k.p.r.p.TestFile    Now processing file /home/runner/work/key/key/key.core/../key.ui/examples/standard_key/quantifiers/normalisation6.key 
234971     INFO  main            d.u.i.k.p.i.AbstractProblemLoader Loading environment from /home/runner/work/key/key/key.core/../key.ui/examples/standard_key/quantifiers/normalisation6.key 
234971     DEBUG main            d.u.i.k.p.i.AbstractProblemLoader Environment load took 117.1ns 
234972     INFO  main            d.u.i.k.p.i.AbstractProblemLoader Creating init config 
237192     DEBUG main            d.u.i.k.p.i.AbstractProblemLoader Init config took 2.22s 
237205     INFO  main            d.u.i.k.p.i.AbstractProblemLoader Replaying proof normalisation6.key 
237206     DEBUG main            d.u.i.k.p.i.IntermediateProofReplayer Proof replay took 7.4ns 
237309     INFO  main            d.u.i.k.p.r.p.TestFile    ... finished proof: closed. 
237650     INFO  main            d.u.i.k.p.i.AbstractProblemLoader Loading environment from /home/runner/work/key/key/key.core/../key.ui/examples/standard_key/quantifiers/normalisation6.key.proof 
237651     DEBUG main            d.u.i.k.p.i.AbstractProblemLoader Environment load took 97.4ns 
237652     INFO  main            d.u.i.k.p.i.AbstractProblemLoader Creating init config 
239835     DEBUG main            d.u.i.k.p.i.AbstractProblemLoader Init config took 2.18s 
239848     INFO  main            d.u.i.k.p.i.AbstractProblemLoader Replaying proof normalisation6.key.proof 
239851     DEBUG main            d.u.i.k.p.i.IntermediateProofReplayer Proof replay took 2.13ms 
239852     DEBUG main            d.u.i.k.p.r.p.TestFile    ... success: reloaded. 
239853     INFO  main            d.u.i.k.p.r.p.TestFile    Now processing file /home/runner/work/key/key/key.core/../key.ui/examples/standard_key/quantifiers/normalisation7.key 
239853     INFO  main            d.u.i.k.p.i.AbstractProblemLoader Loading environment from /home/runner/work/key/key/key.core/../key.ui/examples/standard_key/quantifiers/normalisation7.key 
239853     DEBUG main            d.u.i.k.p.i.AbstractProblemLoader Environment load took 47.2ns 
239854     INFO  main            d.u.i.k.p.i.AbstractProblemLoader Creating init config 
242078     DEBUG main            d.u.i.k.p.i.AbstractProblemLoader Init config took 2.22s 
242091     INFO  main            d.u.i.k.p.i.AbstractProblemLoader Replaying proof normalisation7.key 
242093     DEBUG main            d.u.i.k.p.i.IntermediateProofReplayer Proof replay took 7.7ns 
242194     INFO  main            d.u.i.k.p.r.p.TestFile    ... finished proof: closed. 
242558     INFO  main            d.u.i.k.p.i.AbstractProblemLoader Loading environment from /home/runner/work/key/key/key.core/../key.ui/examples/standard_key/quantifiers/normalisation7.key.proof 
242558     DEBUG main            d.u.i.k.p.i.AbstractProblemLoader Environment load took 115.6ns 
242559     INFO  main            d.u.i.k.p.i.AbstractProblemLoader Creating init config 
244743     DEBUG main            d.u.i.k.p.i.AbstractProblemLoader Init config took 2.18s 
244764     INFO  main            d.u.i.k.p.i.AbstractProblemLoader Replaying proof normalisation7.key.proof 
244767     DEBUG main            d.u.i.k.p.i.IntermediateProofReplayer Proof replay took 2.06ms 
244768     DEBUG main            d.u.i.k.p.r.p.TestFile    ... success: reloaded. 
244769     INFO  main            d.u.i.k.p.r.p.TestFile    Now processing file /home/runner/work/key/key/key.core/../key.ui/examples/standard_key/quantifiers/normalisation8.key 
244769     INFO  main            d.u.i.k.p.i.AbstractProblemLoader Loading environment from /home/runner/work/key/key/key.core/../key.ui/examples/standard_key/quantifiers/normalisation8.key 
244770     DEBUG main            d.u.i.k.p.i.AbstractProblemLoader Environment load took 172.9ns 
244771     INFO  main            d.u.i.k.p.i.AbstractProblemLoader Creating init config 
247011     DEBUG main            d.u.i.k.p.i.AbstractProblemLoader Init config took 2.24s 
247025     INFO  main            d.u.i.k.p.i.AbstractProblemLoader Replaying proof normalisation8.key 
247026     DEBUG main            d.u.i.k.p.i.IntermediateProofReplayer Proof replay took 7.3ns 
247128     INFO  main            d.u.i.k.p.r.p.TestFile    ... finished proof: closed. 
247489     INFO  main            d.u.i.k.p.i.AbstractProblemLoader Loading environment from /home/runner/work/key/key/key.core/../key.ui/examples/standard_key/quantifiers/normalisation8.key.proof 
247489     DEBUG main            d.u.i.k.p.i.AbstractProblemLoader Environment load took 87.8ns 
247490     INFO  main            d.u.i.k.p.i.AbstractProblemLoader Creating init config 
249671     DEBUG main            d.u.i.k.p.i.AbstractProblemLoader Init config took 2.18s 
249685     INFO  main            d.u.i.k.p.i.AbstractProblemLoader Replaying proof normalisation8.key.proof 
249691     DEBUG main            d.u.i.k.p.i.IntermediateProofReplayer Proof replay took 4.57ms 
249692     DEBUG main            d.u.i.k.p.r.p.TestFile    ... success: reloaded. 
249692     INFO  main            d.u.i.k.p.r.p.TestFile    Now processing file /home/runner/work/key/key/key.core/../key.ui/examples/standard_key/quantifiers/normalisation9.key 
249693     INFO  main            d.u.i.k.p.i.AbstractProblemLoader Loading environment from /home/runner/work/key/key/key.core/../key.ui/examples/standard_key/quantifiers/normalisation9.key 
249693     DEBUG main            d.u.i.k.p.i.AbstractProblemLoader Environment load took 62.4ns 
249694     INFO  main            d.u.i.k.p.i.AbstractProblemLoader Creating init config 
251918     DEBUG main            d.u.i.k.p.i.AbstractProblemLoader Init config took 2.22s 
251931     INFO  main            d.u.i.k.p.i.AbstractProblemLoader Replaying proof normalisation9.key 
251932     DEBUG main            d.u.i.k.p.i.IntermediateProofReplayer Proof replay took 8.2ns 
252034     INFO  main            d.u.i.k.p.r.p.TestFile    ... finished proof: closed. 
252403     INFO  main            d.u.i.k.p.i.AbstractProblemLoader Loading environment from /home/runner/work/key/key/key.core/../key.ui/examples/standard_key/quantifiers/normalisation9.key.proof 
252403     DEBUG main            d.u.i.k.p.i.AbstractProblemLoader Environment load took 102.3ns 
252405     INFO  main            d.u.i.k.p.i.AbstractProblemLoader Creating init config 
254588     DEBUG main            d.u.i.k.p.i.AbstractProblemLoader Init config took 2.18s 
254601     INFO  main            d.u.i.k.p.i.AbstractProblemLoader Replaying proof normalisation9.key.proof 
254608     DEBUG main            d.u.i.k.p.i.IntermediateProofReplayer Proof replay took 5.56ms 
254609     DEBUG main            d.u.i.k.p.r.p.TestFile    ... success: reloaded. 
254610     INFO  main            d.u.i.k.p.r.p.TestFile    Now processing file /home/runner/work/key/key/key.core/../key.ui/examples/standard_key/quantifiers/normalisation10.key 
254610     INFO  main            d.u.i.k.p.i.AbstractProblemLoader Loading environment from /home/runner/work/key/key/key.core/../key.ui/examples/standard_key/quantifiers/normalisation10.key 
254610     DEBUG main            d.u.i.k.p.i.AbstractProblemLoader Environment load took 80.1ns 
254611     INFO  main            d.u.i.k.p.i.AbstractProblemLoader Creating init config 
256838     DEBUG main            d.u.i.k.p.i.AbstractProblemLoader Init config took 2.23s 
256851     INFO  main            d.u.i.k.p.i.AbstractProblemLoader Replaying proof normalisation10.key 
256853     DEBUG main            d.u.i.k.p.i.IntermediateProofReplayer Proof replay took 7.3ns 
256955     INFO  main            d.u.i.k.p.r.p.TestFile    ... finished proof: closed. 
257328     INFO  main            d.u.i.k.p.i.AbstractProblemLoader Loading environment from /home/runner/work/key/key/key.core/../key.ui/examples/standard_key/quantifiers/normalisation10.key.proof 
257328     DEBUG main            d.u.i.k.p.i.AbstractProblemLoader Environment load took 101.8ns 
257329     INFO  main            d.u.i.k.p.i.AbstractProblemLoader Creating init config 
259516     DEBUG main            d.u.i.k.p.i.AbstractProblemLoader Init config took 2.19s 
259530     INFO  main            d.u.i.k.p.i.AbstractProblemLoader Replaying proof normalisation10.key.proof 
259536     DEBUG main            d.u.i.k.p.i.IntermediateProofReplayer Proof replay took 4.35ms 
259536     DEBUG main            d.u.i.k.p.r.p.TestFile    ... success: reloaded. 
259537     INFO  main            d.u.i.k.p.r.p.TestFile    Now processing file /home/runner/work/key/key/key.core/../key.ui/examples/standard_key/quantifiers/normalisation12.key 
259537     INFO  main            d.u.i.k.p.i.AbstractProblemLoader Loading environment from /home/runner/work/key/key/key.core/../key.ui/examples/standard_key/quantifiers/normalisation12.key 
259537     DEBUG main            d.u.i.k.p.i.AbstractProblemLoader Environment load took 60.2ns 
259538     INFO  main            d.u.i.k.p.i.AbstractProblemLoader Creating init config 
261762     DEBUG main            d.u.i.k.p.i.AbstractProblemLoader Init config took 2.22s 
261775     INFO  main            d.u.i.k.p.i.AbstractProblemLoader Replaying proof normalisation12.key 
261776     DEBUG main            d.u.i.k.p.i.IntermediateProofReplayer Proof replay took 7.4ns 
261878     INFO  main            d.u.i.k.p.r.p.TestFile    ... finished proof: closed. 
262254     INFO  main            d.u.i.k.p.i.AbstractProblemLoader Loading environment from /home/runner/work/key/key/key.core/../key.ui/examples/standard_key/quantifiers/normalisation12.key.proof 
262255     DEBUG main            d.u.i.k.p.i.AbstractProblemLoader Environment load took 103.3ns 
262256     INFO  main            d.u.i.k.p.i.AbstractProblemLoader Creating init config 
264436     DEBUG main            d.u.i.k.p.i.AbstractProblemLoader Init config took 2.18s 
264449     INFO  main            d.u.i.k.p.i.AbstractProblemLoader Replaying proof normalisation12.key.proof 
264451     DEBUG main            d.u.i.k.p.i.IntermediateProofReplayer Proof replay took 1.19ms 
264452     DEBUG main            d.u.i.k.p.r.p.TestFile    ... success: reloaded. 
264453     INFO  main            d.u.i.k.p.r.p.TestFile    Now processing file /home/runner/work/key/key/key.core/../key.ui/examples/standard_key/quantifiers/normalisation13.key 
264453     INFO  main            d.u.i.k.p.i.AbstractProblemLoader Loading environment from /home/runner/work/key/key/key.core/../key.ui/examples/standard_key/quantifiers/normalisation13.key 
264453     DEBUG main            d.u.i.k.p.i.AbstractProblemLoader Environment load took 60.9ns 
264454     INFO  main            d.u.i.k.p.i.AbstractProblemLoader Creating init config 
266672     DEBUG main            d.u.i.k.p.i.AbstractProblemLoader Init config took 2.22s 
266685     INFO  main            d.u.i.k.p.i.AbstractProblemLoader Replaying proof normalisation13.key 
266686     DEBUG main            d.u.i.k.p.i.IntermediateProofReplayer Proof replay took 7.8ns 
266788     INFO  main            d.u.i.k.p.r.p.TestFile    ... finished proof: closed. 
267175     INFO  main            d.u.i.k.p.i.AbstractProblemLoader Loading environment from /home/runner/work/key/key/key.core/../key.ui/examples/standard_key/quantifiers/normalisation13.key.proof 
267175     DEBUG main            d.u.i.k.p.i.AbstractProblemLoader Environment load took 86.5ns 
267176     INFO  main            d.u.i.k.p.i.AbstractProblemLoader Creating init config 
269357     DEBUG main            d.u.i.k.p.i.AbstractProblemLoader Init config took 2.18s 
269370     INFO  main            d.u.i.k.p.i.AbstractProblemLoader Replaying proof normalisation13.key.proof 
269372     DEBUG main            d.u.i.k.p.i.IntermediateProofReplayer Proof replay took 564.81ns 
269373     DEBUG main            d.u.i.k.p.r.p.TestFile    ... success: reloaded. 
269374     INFO  main            d.u.i.k.p.r.p.TestFile    Now processing file /home/runner/work/key/key/key.core/../key.ui/examples/standard_key/quantifiers/triggers0.key 
269374     INFO  main            d.u.i.k.p.i.AbstractProblemLoader Loading environment from /home/runner/work/key/key/key.core/../key.ui/examples/standard_key/quantifiers/triggers0.key 
269374     DEBUG main            d.u.i.k.p.i.AbstractProblemLoader Environment load took 75.8ns 
269375     INFO  main            d.u.i.k.p.i.AbstractProblemLoader Creating init config 
271593     DEBUG main            d.u.i.k.p.i.AbstractProblemLoader Init config took 2.22s 
271606     INFO  main            d.u.i.k.p.i.AbstractProblemLoader Replaying proof triggers0.key 
271607     DEBUG main            d.u.i.k.p.i.IntermediateProofReplayer Proof replay took 7.6ns 
271709     INFO  main            d.u.i.k.p.r.p.TestFile    ... finished proof: closed. 
272095     INFO  main            d.u.i.k.p.i.AbstractProblemLoader Loading environment from /home/runner/work/key/key/key.core/../key.ui/examples/standard_key/quantifiers/triggers0.key.proof 
272095     DEBUG main            d.u.i.k.p.i.AbstractProblemLoader Environment load took 109.2ns 
272096     INFO  main            d.u.i.k.p.i.AbstractProblemLoader Creating init config 
274275     DEBUG main            d.u.i.k.p.i.AbstractProblemLoader Init config took 2.18s 
274288     INFO  main            d.u.i.k.p.i.AbstractProblemLoader Replaying proof triggers0.key.proof 
274291     DEBUG main            d.u.i.k.p.i.IntermediateProofReplayer Proof replay took 1.47ms 
274291     DEBUG main            d.u.i.k.p.r.p.TestFile    ... success: reloaded. 
3874034    INFO  Test worker     d.u.i.k.p.r.RunAllProofsTestUnit Returning from test FOL 
3874035    INFO  Test worker     d.u.i.k.p.r.RunAllProofsTestUnit Running test strings 
367        INFO  Timeout watchdog d.u.i.k.p.r.p.ForkedTestFileRunner Timeout watcher launched (2000 secs.) 
393        WARN  main            d.u.i.k.s.ProofSettings   The settings in /home/runner/.key/proof-settings.props are *not* read. 
441        INFO  main            d.u.i.k.p.r.p.TestFile    Now processing file /home/runner/work/key/key/key.core/../key.ui/examples/standard_key/strings/charAt0.key 
564        INFO  main            d.u.i.k.p.i.AbstractProblemLoader Loading environment from /home/runner/work/key/key/key.core/../key.ui/examples/standard_key/strings/charAt0.key 
590        DEBUG main            d.u.i.k.p.i.AbstractProblemLoader Environment load took 2.11ms 
845        INFO  main            d.u.i.k.p.i.AbstractProblemLoader Creating init config 
1759       DEBUG main            d.u.i.k.j.TypeConverter   No LDT found for Meta 
1760       DEBUG main            d.u.i.k.j.TypeConverter   No LDT found for Meta 
1761       DEBUG main            d.u.i.k.j.TypeConverter   No LDT found for Meta 
1761       DEBUG main            d.u.i.k.j.TypeConverter   No LDT found for Meta 
3533       DEBUG main            d.u.i.k.j.TypeConverter   No LDT found for JavaBigintExpression 
8321       DEBUG main            d.u.i.k.p.i.AbstractProblemLoader Init config took 7.48s 
8406       INFO  main            d.u.i.k.p.i.AbstractProblemLoader Replaying proof charAt0.key 
8442       DEBUG main            d.u.i.k.p.i.IntermediateProofReplayer Proof replay took 35.2ns 
8823       INFO  main            d.u.i.k.p.r.p.TestFile    ... finished proof: closed. 
8938       INFO  main            d.u.i.k.p.i.AbstractProblemLoader Loading environment from /home/runner/work/key/key/key.core/../key.ui/examples/standard_key/strings/charAt0.key.proof 
8939       DEBUG main            d.u.i.k.p.i.AbstractProblemLoader Environment load took 1.25ms 
8943       INFO  main            d.u.i.k.p.i.AbstractProblemLoader Creating init config 
11646      DEBUG main            d.u.i.k.p.i.AbstractProblemLoader Init config took 2.7s 
11693      INFO  main            d.u.i.k.p.i.AbstractProblemLoader Replaying proof charAt0.key.proof 
11732      DEBUG main            d.u.i.k.p.i.IntermediateProofReplayer Proof replay took 31.1ms 
11748      DEBUG main            d.u.i.k.p.r.p.TestFile    ... success: reloaded. 
11752      INFO  main            d.u.i.k.p.r.p.TestFile    Now processing file /home/runner/work/key/key/key.core/../key.ui/examples/standard_key/strings/charAt1.key 
11752      INFO  main            d.u.i.k.p.i.AbstractProblemLoader Loading environment from /home/runner/work/key/key/key.core/../key.ui/examples/standard_key/strings/charAt1.key 
11752      DEBUG main            d.u.i.k.p.i.AbstractProblemLoader Environment load took 157.2ns 
11755      INFO  main            d.u.i.k.p.i.AbstractProblemLoader Creating init config 
14483      DEBUG main            d.u.i.k.p.i.AbstractProblemLoader Init config took 2.73s 
14511      INFO  main            d.u.i.k.p.i.AbstractProblemLoader Replaying proof charAt1.key 
14512      DEBUG main            d.u.i.k.p.i.IntermediateProofReplayer Proof replay took 7.3ns 
14719      INFO  main            d.u.i.k.p.r.p.TestFile    ... finished proof: closed. 
14848      INFO  main            d.u.i.k.p.i.AbstractProblemLoader Loading environment from /home/runner/work/key/key/key.core/../key.ui/examples/standard_key/strings/charAt1.key.proof 
14849      DEBUG main            d.u.i.k.p.i.AbstractProblemLoader Environment load took 713.91ns 
14850      INFO  main            d.u.i.k.p.i.AbstractProblemLoader Creating init config 
17443      DEBUG main            d.u.i.k.p.i.AbstractProblemLoader Init config took 2.59s 
17473      INFO  main            d.u.i.k.p.i.AbstractProblemLoader Replaying proof charAt1.key.proof 
17517      DEBUG main            d.u.i.k.p.i.IntermediateProofReplayer Proof replay took 35.77ms 
17519      DEBUG main            d.u.i.k.p.r.p.TestFile    ... success: reloaded. 
17520      INFO  main            d.u.i.k.p.r.p.TestFile    Now processing file /home/runner/work/key/key/key.core/../key.ui/examples/standard_key/strings/concat1.key 
17521      INFO  main            d.u.i.k.p.i.AbstractProblemLoader Loading environment from /home/runner/work/key/key/key.core/../key.ui/examples/standard_key/strings/concat1.key 
17521      DEBUG main            d.u.i.k.p.i.AbstractProblemLoader Environment load took 149.6ns 
17523      INFO  main            d.u.i.k.p.i.AbstractProblemLoader Creating init config 
20125      DEBUG main            d.u.i.k.p.i.AbstractProblemLoader Init config took 2.6s 
20145      INFO  main            d.u.i.k.p.i.AbstractProblemLoader Replaying proof concat1.key 
20147      DEBUG main            d.u.i.k.p.i.IntermediateProofReplayer Proof replay took 6ns 
20252      INFO  main            d.u.i.k.p.r.p.TestFile    ... finished proof: closed. 
20381      INFO  main            d.u.i.k.p.i.AbstractProblemLoader Loading environment from /home/runner/work/key/key/key.core/../key.ui/examples/standard_key/strings/concat1.key.proof 
20381      DEBUG main            d.u.i.k.p.i.AbstractProblemLoader Environment load took 128ns 
20382      INFO  main            d.u.i.k.p.i.AbstractProblemLoader Creating init config 
22928      DEBUG main            d.u.i.k.p.i.AbstractProblemLoader Init config took 2.55s 
22948      INFO  main            d.u.i.k.p.i.AbstractProblemLoader Replaying proof concat1.key.proof 
22951      DEBUG main            d.u.i.k.p.i.IntermediateProofReplayer Proof replay took 1.49ms 
22952      DEBUG main            d.u.i.k.p.r.p.TestFile    ... success: reloaded. 
22953      INFO  main            d.u.i.k.p.r.p.TestFile    Now processing file /home/runner/work/key/key/key.core/../key.ui/examples/standard_key/strings/concat2.key 
22953      INFO  main            d.u.i.k.p.i.AbstractProblemLoader Loading environment from /home/runner/work/key/key/key.core/../key.ui/examples/standard_key/strings/concat2.key 
22953      DEBUG main            d.u.i.k.p.i.AbstractProblemLoader Environment load took 128.8ns 
22954      INFO  main            d.u.i.k.p.i.AbstractProblemLoader Creating init config 
25514      DEBUG main            d.u.i.k.p.i.AbstractProblemLoader Init config took 2.56s 
25535      INFO  main            d.u.i.k.p.i.AbstractProblemLoader Replaying proof concat2.key 
25536      DEBUG main            d.u.i.k.p.i.IntermediateProofReplayer Proof replay took 5.8ns 
25640      INFO  main            d.u.i.k.p.r.p.TestFile    ... finished proof: closed. 
25801      INFO  main            d.u.i.k.p.i.AbstractProblemLoader Loading environment from /home/runner/work/key/key/key.core/../key.ui/examples/standard_key/strings/concat2.key.proof 
25801      DEBUG main            d.u.i.k.p.i.AbstractProblemLoader Environment load took 126.4ns 
25803      INFO  main            d.u.i.k.p.i.AbstractProblemLoader Creating init config 
28354      DEBUG main            d.u.i.k.p.i.AbstractProblemLoader Init config took 2.55s 
28374      INFO  main            d.u.i.k.p.i.AbstractProblemLoader Replaying proof concat2.key.proof 
28388      DEBUG main            d.u.i.k.p.i.IntermediateProofReplayer Proof replay took 11.45ms 
28389      DEBUG main            d.u.i.k.p.r.p.TestFile    ... success: reloaded. 
28395      INFO  main            d.u.i.k.p.r.p.TestFile    Now processing file /home/runner/work/key/key/key.core/../key.ui/examples/standard_key/strings/deriveLength1.key 
28396      INFO  main            d.u.i.k.p.i.AbstractProblemLoader Loading environment from /home/runner/work/key/key/key.core/../key.ui/examples/standard_key/strings/deriveLength1.key 
28396      DEBUG main            d.u.i.k.p.i.AbstractProblemLoader Environment load took 223.4ns 
28397      INFO  main            d.u.i.k.p.i.AbstractProblemLoader Creating init config 
30986      DEBUG main            d.u.i.k.p.i.AbstractProblemLoader Init config took 2.59s 
31009      INFO  main            d.u.i.k.p.i.AbstractProblemLoader Replaying proof deriveLength1.key 
31012      DEBUG main            d.u.i.k.p.i.IntermediateProofReplayer Proof replay took 7.2ns 
31115      INFO  main            d.u.i.k.p.r.p.TestFile    ... finished proof: closed. 
31292      INFO  main            d.u.i.k.p.i.AbstractProblemLoader Loading environment from /home/runner/work/key/key/key.core/../key.ui/examples/standard_key/strings/deriveLength1.key.proof 
31294      DEBUG main            d.u.i.k.p.i.AbstractProblemLoader Environment load took 1.8ms 
31295      INFO  main            d.u.i.k.p.i.AbstractProblemLoader Creating init config 
33802      DEBUG main            d.u.i.k.p.i.AbstractProblemLoader Init config took 2.51s 
33821      INFO  main            d.u.i.k.p.i.AbstractProblemLoader Replaying proof deriveLength1.key.proof 
33832      DEBUG main            d.u.i.k.p.i.IntermediateProofReplayer Proof replay took 8.62ms 
33833      DEBUG main            d.u.i.k.p.r.p.TestFile    ... success: reloaded. 
33834      INFO  main            d.u.i.k.p.r.p.TestFile    Now processing file /home/runner/work/key/key/key.core/../key.ui/examples/standard_key/strings/emptyStringLengthZero.key 
33834      INFO  main            d.u.i.k.p.i.AbstractProblemLoader Loading environment from /home/runner/work/key/key/key.core/../key.ui/examples/standard_key/strings/emptyStringLengthZero.key 
33835      DEBUG main            d.u.i.k.p.i.AbstractProblemLoader Environment load took 101.5ns 
33835      INFO  main            d.u.i.k.p.i.AbstractProblemLoader Creating init config 
36362      DEBUG main            d.u.i.k.p.i.AbstractProblemLoader Init config took 2.53s 
36380      INFO  main            d.u.i.k.p.i.AbstractProblemLoader Replaying proof emptyStringLengthZero.key 
36381      DEBUG main            d.u.i.k.p.i.IntermediateProofReplayer Proof replay took 6.6ns 
36488      INFO  main            d.u.i.k.p.r.p.TestFile    ... finished proof: closed. 
36644      INFO  main            d.u.i.k.p.i.AbstractProblemLoader Loading environment from /home/runner/work/key/key/key.core/../key.ui/examples/standard_key/strings/emptyStringLengthZero.key.proof 
36644      DEBUG main            d.u.i.k.p.i.AbstractProblemLoader Environment load took 119.2ns 
36645      INFO  main            d.u.i.k.p.i.AbstractProblemLoader Creating init config 
39103      DEBUG main            d.u.i.k.p.i.AbstractProblemLoader Init config took 2.46s 
39120      INFO  main            d.u.i.k.p.i.AbstractProblemLoader Replaying proof emptyStringLengthZero.key.proof 
39125      DEBUG main            d.u.i.k.p.i.IntermediateProofReplayer Proof replay took 3.22ms 
39126      DEBUG main            d.u.i.k.p.r.p.TestFile    ... success: reloaded. 
39127      INFO  main            d.u.i.k.p.r.p.TestFile    Now processing file /home/runner/work/key/key/key.core/../key.ui/examples/standard_key/strings/implicitBooleanStringConversion.key 
39127      INFO  main            d.u.i.k.p.i.AbstractProblemLoader Loading environment from /home/runner/work/key/key/key.core/../key.ui/examples/standard_key/strings/implicitBooleanStringConversion.key 
39128      DEBUG main            d.u.i.k.p.i.AbstractProblemLoader Environment load took 174.4ns 
39129      INFO  main            d.u.i.k.p.i.AbstractProblemLoader Creating init config 
41619      DEBUG main            d.u.i.k.p.i.AbstractProblemLoader Init config took 2.49s 
41640      INFO  main            d.u.i.k.p.i.AbstractProblemLoader Replaying proof implicitBooleanStringConversion.key 
41641      DEBUG main            d.u.i.k.p.i.IntermediateProofReplayer Proof replay took 5.8ns 
42563      INFO  main            d.u.i.k.p.r.p.TestFile    ... finished proof: closed. 
42753      INFO  main            d.u.i.k.p.i.AbstractProblemLoader Loading environment from /home/runner/work/key/key/key.core/../key.ui/examples/standard_key/strings/implicitBooleanStringConversion.key.proof 
42754      DEBUG main            d.u.i.k.p.i.AbstractProblemLoader Environment load took 356.9ns 
42755      INFO  main            d.u.i.k.p.i.AbstractProblemLoader Creating init config 
45233      DEBUG main            d.u.i.k.p.i.AbstractProblemLoader Init config took 2.48s 
45251      INFO  main            d.u.i.k.p.i.AbstractProblemLoader Replaying proof implicitBooleanStringConversion.key.proof 
45339      DEBUG main            d.u.i.k.p.i.IntermediateProofReplayer Proof replay took 82.69ms 
45341      DEBUG main            d.u.i.k.p.r.p.TestFile    ... success: reloaded. 
45342      INFO  main            d.u.i.k.p.r.p.TestFile    Now processing file /home/runner/work/key/key/key.core/../key.ui/examples/standard_key/strings/implicitBooleanStringConversion2.key 
45342      INFO  main            d.u.i.k.p.i.AbstractProblemLoader Loading environment from /home/runner/work/key/key/key.core/../key.ui/examples/standard_key/strings/implicitBooleanStringConversion2.key 
45342      DEBUG main            d.u.i.k.p.i.AbstractProblemLoader Environment load took 180.7ns 
45343      INFO  main            d.u.i.k.p.i.AbstractProblemLoader Creating init config 
47805      DEBUG main            d.u.i.k.p.i.AbstractProblemLoader Init config took 2.46s 
47824      INFO  main            d.u.i.k.p.i.AbstractProblemLoader Replaying proof implicitBooleanStringConversion2.key 
47826      DEBUG main            d.u.i.k.p.i.IntermediateProofReplayer Proof replay took 7.4ns 
48130      INFO  main            d.u.i.k.p.r.p.TestFile    ... finished proof: closed. 
48329      INFO  main            d.u.i.k.p.i.AbstractProblemLoader Loading environment from /home/runner/work/key/key/key.core/../key.ui/examples/standard_key/strings/implicitBooleanStringConversion2.key.proof 
48329      DEBUG main            d.u.i.k.p.i.AbstractProblemLoader Environment load took 171.1ns 
48330      INFO  main            d.u.i.k.p.i.AbstractProblemLoader Creating init config 
50804      DEBUG main            d.u.i.k.p.i.AbstractProblemLoader Init config took 2.47s 
50822      INFO  main            d.u.i.k.p.i.AbstractProblemLoader Replaying proof implicitBooleanStringConversion2.key.proof 
50858      DEBUG main            d.u.i.k.p.i.IntermediateProofReplayer Proof replay took 32.69ms 
50859      DEBUG main            d.u.i.k.p.r.p.TestFile    ... success: reloaded. 
50860      INFO  main            d.u.i.k.p.r.p.TestFile    Now processing file /home/runner/work/key/key/key.core/../key.ui/examples/standard_key/strings/implicitIntStringConversion.key 
50860      INFO  main            d.u.i.k.p.i.AbstractProblemLoader Loading environment from /home/runner/work/key/key/key.core/../key.ui/examples/standard_key/strings/implicitIntStringConversion.key 
50860      DEBUG main            d.u.i.k.p.i.AbstractProblemLoader Environment load took 213.7ns 
50861      INFO  main            d.u.i.k.p.i.AbstractProblemLoader Creating init config 
53290      DEBUG main            d.u.i.k.p.i.AbstractProblemLoader Init config took 2.43s 
53310      INFO  main            d.u.i.k.p.i.AbstractProblemLoader Replaying proof implicitIntStringConversion.key 
53311      DEBUG main            d.u.i.k.p.i.IntermediateProofReplayer Proof replay took 9.8ns 
53921      INFO  main            d.u.i.k.p.r.p.TestFile    ... finished proof: closed. 
54119      INFO  main            d.u.i.k.p.i.AbstractProblemLoader Loading environment from /home/runner/work/key/key/key.core/../key.ui/examples/standard_key/strings/implicitIntStringConversion.key.proof 
54122      DEBUG main            d.u.i.k.p.i.AbstractProblemLoader Environment load took 2.32ms 
54123      INFO  main            d.u.i.k.p.i.AbstractProblemLoader Creating init config 
56554      DEBUG main            d.u.i.k.p.i.AbstractProblemLoader Init config took 2.43s 
56574      INFO  main            d.u.i.k.p.i.AbstractProblemLoader Replaying proof implicitIntStringConversion.key.proof 
56646      DEBUG main            d.u.i.k.p.i.IntermediateProofReplayer Proof replay took 67.1ms 
56647      DEBUG main            d.u.i.k.p.r.p.TestFile    ... success: reloaded. 
56649      INFO  main            d.u.i.k.p.r.p.TestFile    Now processing file /home/runner/work/key/key/key.core/../key.ui/examples/standard_key/strings/implicitNullStringConversion.key 
56649      INFO  main            d.u.i.k.p.i.AbstractProblemLoader Loading environment from /home/runner/work/key/key/key.core/../key.ui/examples/standard_key/strings/implicitNullStringConversion.key 
56649      DEBUG main            d.u.i.k.p.i.AbstractProblemLoader Environment load took 198.6ns 
56650      INFO  main            d.u.i.k.p.i.AbstractProblemLoader Creating init config 
59153      DEBUG main            d.u.i.k.p.i.AbstractProblemLoader Init config took 2.5s 
59170      INFO  main            d.u.i.k.p.i.AbstractProblemLoader Replaying proof implicitNullStringConversion.key 
59172      DEBUG main            d.u.i.k.p.i.IntermediateProofReplayer Proof replay took 7.1ns 
59374      INFO  main            d.u.i.k.p.r.p.TestFile    ... finished proof: closed. 
59605      INFO  main            d.u.i.k.p.i.AbstractProblemLoader Loading environment from /home/runner/work/key/key/key.core/../key.ui/examples/standard_key/strings/implicitNullStringConversion.key.proof 
59605      DEBUG main            d.u.i.k.p.i.AbstractProblemLoader Environment load took 120.3ns 
59607      INFO  main            d.u.i.k.p.i.AbstractProblemLoader Creating init config 
61999      DEBUG main            d.u.i.k.p.i.AbstractProblemLoader Init config took 2.39s 
62016      INFO  main            d.u.i.k.p.i.AbstractProblemLoader Replaying proof implicitNullStringConversion.key.proof 
62047      DEBUG main            d.u.i.k.p.i.IntermediateProofReplayer Proof replay took 27.67ms 
62048      DEBUG main            d.u.i.k.p.r.p.TestFile    ... success: reloaded. 
62049      INFO  main            d.u.i.k.p.r.p.TestFile    Now processing file /home/runner/work/key/key/key.core/../key.ui/examples/standard_key/strings/implicitNullStringConversion2.key 
62049      INFO  main            d.u.i.k.p.i.AbstractProblemLoader Loading environment from /home/runner/work/key/key/key.core/../key.ui/examples/standard_key/strings/implicitNullStringConversion2.key 
62050      DEBUG main            d.u.i.k.p.i.AbstractProblemLoader Environment load took 186.1ns 
62051      INFO  main            d.u.i.k.p.i.AbstractProblemLoader Creating init config 
64553      DEBUG main            d.u.i.k.p.i.AbstractProblemLoader Init config took 2.5s 
64569      INFO  main            d.u.i.k.p.i.AbstractProblemLoader Replaying proof implicitNullStringConversion2.key 
64571      DEBUG main            d.u.i.k.p.i.IntermediateProofReplayer Proof replay took 6.5ns 
64773      INFO  main            d.u.i.k.p.r.p.TestFile    ... finished proof: closed. 
64966      INFO  main            d.u.i.k.p.i.AbstractProblemLoader Loading environment from /home/runner/work/key/key/key.core/../key.ui/examples/standard_key/strings/implicitNullStringConversion2.key.proof 
64966      DEBUG main            d.u.i.k.p.i.AbstractProblemLoader Environment load took 125.3ns 
64967      INFO  main            d.u.i.k.p.i.AbstractProblemLoader Creating init config 
67423      DEBUG main            d.u.i.k.p.i.AbstractProblemLoader Init config took 2.46s 
67440      INFO  main            d.u.i.k.p.i.AbstractProblemLoader Replaying proof implicitNullStringConversion2.key.proof 
67463      DEBUG main            d.u.i.k.p.i.IntermediateProofReplayer Proof replay took 20.25ms 
67464      DEBUG main            d.u.i.k.p.r.p.TestFile    ... success: reloaded. 
67465      INFO  main            d.u.i.k.p.r.p.TestFile    Now processing file /home/runner/work/key/key/key.core/../key.ui/examples/standard_key/strings/implicitObjectStringConversion.key 
67465      INFO  main            d.u.i.k.p.i.AbstractProblemLoader Loading environment from /home/runner/work/key/key/key.core/../key.ui/examples/standard_key/strings/implicitObjectStringConversion.key 
67465      DEBUG main            d.u.i.k.p.i.AbstractProblemLoader Environment load took 94.6ns 
67466      INFO  main            d.u.i.k.p.i.AbstractProblemLoader Creating init config 
70098      DEBUG main            d.u.i.k.p.i.AbstractProblemLoader Init config took 2.63s 
70118      INFO  main            d.u.i.k.p.i.AbstractProblemLoader Replaying proof implicitObjectStringConversion.key 
70120      DEBUG main            d.u.i.k.p.i.IntermediateProofReplayer Proof replay took 8.6ns 
70627      INFO  main            d.u.i.k.p.r.p.TestFile    ... finished proof: closed. 
70836      INFO  main            d.u.i.k.p.i.AbstractProblemLoader Loading environment from /home/runner/work/key/key/key.core/../key.ui/examples/standard_key/strings/implicitObjectStringConversion.key.proof 
70837      DEBUG main            d.u.i.k.p.i.AbstractProblemLoader Environment load took 511.31ns 
70838      INFO  main            d.u.i.k.p.i.AbstractProblemLoader Creating init config 
73420      DEBUG main            d.u.i.k.p.i.AbstractProblemLoader Init config took 2.58s 
73440      INFO  main            d.u.i.k.p.i.AbstractProblemLoader Replaying proof implicitObjectStringConversion.key.proof 
73498      DEBUG main            d.u.i.k.p.i.IntermediateProofReplayer Proof replay took 54.31ms 
73500      DEBUG main            d.u.i.k.p.r.p.TestFile    ... success: reloaded. 
73501      INFO  main            d.u.i.k.p.r.p.TestFile    Now processing file /home/runner/work/key/key/key.core/../key.ui/examples/standard_key/strings/literalEquality.key 
73501      INFO  main            d.u.i.k.p.i.AbstractProblemLoader Loading environment from /home/runner/work/key/key/key.core/../key.ui/examples/standard_key/strings/literalEquality.key 
73501      DEBUG main            d.u.i.k.p.i.AbstractProblemLoader Environment load took 94.3ns 
73502      INFO  main            d.u.i.k.p.i.AbstractProblemLoader Creating init config 
75974      DEBUG main            d.u.i.k.p.i.AbstractProblemLoader Init config took 2.47s 
75992      INFO  main            d.u.i.k.p.i.AbstractProblemLoader Replaying proof literalEquality.key 
75993      DEBUG main            d.u.i.k.p.i.IntermediateProofReplayer Proof replay took 6.9ns 
76099      INFO  main            d.u.i.k.p.r.p.TestFile    ... finished proof: closed. 
76297      INFO  main            d.u.i.k.p.i.AbstractProblemLoader Loading environment from /home/runner/work/key/key/key.core/../key.ui/examples/standard_key/strings/literalEquality.key.proof 
76297      DEBUG main            d.u.i.k.p.i.AbstractProblemLoader Environment load took 114.6ns 
76298      INFO  main            d.u.i.k.p.i.AbstractProblemLoader Creating init config 
78685      DEBUG main            d.u.i.k.p.i.AbstractProblemLoader Init config took 2.39s 
78703      INFO  main            d.u.i.k.p.i.AbstractProblemLoader Replaying proof literalEquality.key.proof 
78710      DEBUG main            d.u.i.k.p.i.IntermediateProofReplayer Proof replay took 2.38ms 
78711      DEBUG main            d.u.i.k.p.r.p.TestFile    ... success: reloaded. 
78711      INFO  main            d.u.i.k.p.r.p.TestFile    Now processing file /home/runner/work/key/key/key.core/../key.ui/examples/standard_key/strings/replace0.key 
78712      INFO  main            d.u.i.k.p.i.AbstractProblemLoader Loading environment from /home/runner/work/key/key/key.core/../key.ui/examples/standard_key/strings/replace0.key 
78712      DEBUG main            d.u.i.k.p.i.AbstractProblemLoader Environment load took 173.2ns 
78713      INFO  main            d.u.i.k.p.i.AbstractProblemLoader Creating init config 
81168      DEBUG main            d.u.i.k.p.i.AbstractProblemLoader Init config took 2.45s 
81182      INFO  main            d.u.i.k.p.i.AbstractProblemLoader Replaying proof replace0.key 
81184      DEBUG main            d.u.i.k.p.i.IntermediateProofReplayer Proof replay took 7.5ns 
81287      INFO  main            d.u.i.k.p.r.p.TestFile    ... finished proof: closed. 
81485      INFO  main            d.u.i.k.p.i.AbstractProblemLoader Loading environment from /home/runner/work/key/key/key.core/../key.ui/examples/standard_key/strings/replace0.key.proof 
81485      DEBUG main            d.u.i.k.p.i.AbstractProblemLoader Environment load took 112ns 
81487      INFO  main            d.u.i.k.p.i.AbstractProblemLoader Creating init config 
83871      DEBUG main            d.u.i.k.p.i.AbstractProblemLoader Init config took 2.38s 
83900      INFO  main            d.u.i.k.p.i.AbstractProblemLoader Replaying proof replace0.key.proof 
83906      DEBUG main            d.u.i.k.p.i.IntermediateProofReplayer Proof replay took 3.79ms 
83908      DEBUG main            d.u.i.k.p.r.p.TestFile    ... success: reloaded. 
83909      INFO  main            d.u.i.k.p.r.p.TestFile    Now processing file /home/runner/work/key/key/key.core/../key.ui/examples/standard_key/strings/replace1.key 
83909      INFO  main            d.u.i.k.p.i.AbstractProblemLoader Loading environment from /home/runner/work/key/key/key.core/../key.ui/examples/standard_key/strings/replace1.key 
83909      DEBUG main            d.u.i.k.p.i.AbstractProblemLoader Environment load took 172.5ns 
83910      INFO  main            d.u.i.k.p.i.AbstractProblemLoader Creating init config 
86359      DEBUG main            d.u.i.k.p.i.AbstractProblemLoader Init config took 2.45s 
86374      INFO  main            d.u.i.k.p.i.AbstractProblemLoader Replaying proof replace1.key 
86375      DEBUG main            d.u.i.k.p.i.IntermediateProofReplayer Proof replay took 7.6ns 
86478      INFO  main            d.u.i.k.p.r.p.TestFile    ... finished proof: closed. 
86691      INFO  main            d.u.i.k.p.i.AbstractProblemLoader Loading environment from /home/runner/work/key/key/key.core/../key.ui/examples/standard_key/strings/replace1.key.proof 
86691      DEBUG main            d.u.i.k.p.i.AbstractProblemLoader Environment load took 116.5ns 
86692      INFO  main            d.u.i.k.p.i.AbstractProblemLoader Creating init config 
89099      DEBUG main            d.u.i.k.p.i.AbstractProblemLoader Init config took 2.41s 
89115      INFO  main            d.u.i.k.p.i.AbstractProblemLoader Replaying proof replace1.key.proof 
89123      DEBUG main            d.u.i.k.p.i.IntermediateProofReplayer Proof replay took 6.93ms 
89124      DEBUG main            d.u.i.k.p.r.p.TestFile    ... success: reloaded. 
89125      INFO  main            d.u.i.k.p.r.p.TestFile    Now processing file /home/runner/work/key/key/key.core/../key.ui/examples/standard_key/strings/simpleAssignment.key 
89125      INFO  main            d.u.i.k.p.i.AbstractProblemLoader Loading environment from /home/runner/work/key/key/key.core/../key.ui/examples/standard_key/strings/simpleAssignment.key 
89125      DEBUG main            d.u.i.k.p.i.AbstractProblemLoader Environment load took 186.4ns 
89126      INFO  main            d.u.i.k.p.i.AbstractProblemLoader Creating init config 
91548      DEBUG main            d.u.i.k.p.i.AbstractProblemLoader Init config took 2.42s 
91563      INFO  main            d.u.i.k.p.i.AbstractProblemLoader Replaying proof simpleAssignment.key 
91565      DEBUG main            d.u.i.k.p.i.IntermediateProofReplayer Proof replay took 7.2ns 
91667      INFO  main            d.u.i.k.p.r.p.TestFile    ... finished proof: closed. 
91875      INFO  main            d.u.i.k.p.i.AbstractProblemLoader Loading environment from /home/runner/work/key/key/key.core/../key.ui/examples/standard_key/strings/simpleAssignment.key.proof 
91875      DEBUG main            d.u.i.k.p.i.AbstractProblemLoader Environment load took 122.4ns 
91876      INFO  main            d.u.i.k.p.i.AbstractProblemLoader Creating init config 
94241      DEBUG main            d.u.i.k.p.i.AbstractProblemLoader Init config took 2.36s 
94256      INFO  main            d.u.i.k.p.i.AbstractProblemLoader Replaying proof simpleAssignment.key.proof 
94259      DEBUG main            d.u.i.k.p.i.IntermediateProofReplayer Proof replay took 1.44ms 
94260      DEBUG main            d.u.i.k.p.r.p.TestFile    ... success: reloaded. 
94261      INFO  main            d.u.i.k.p.r.p.TestFile    Now processing file /home/runner/work/key/key/key.core/../key.ui/examples/standard_key/strings/simpleLengthComp.key 
94261      INFO  main            d.u.i.k.p.i.AbstractProblemLoader Loading environment from /home/runner/work/key/key/key.core/../key.ui/examples/standard_key/strings/simpleLengthComp.key 
94262      DEBUG main            d.u.i.k.p.i.AbstractProblemLoader Environment load took 170.4ns 
94263      INFO  main            d.u.i.k.p.i.AbstractProblemLoader Creating init config 
96685      DEBUG main            d.u.i.k.p.i.AbstractProblemLoader Init config took 2.42s 
96700      INFO  main            d.u.i.k.p.i.AbstractProblemLoader Replaying proof simpleLengthComp.key 
96703      DEBUG main            d.u.i.k.p.i.IntermediateProofReplayer Proof replay took 7ns 
96908      INFO  main            d.u.i.k.p.r.p.TestFile    ... finished proof: closed. 
97126      INFO  main            d.u.i.k.p.i.AbstractProblemLoader Loading environment from /home/runner/work/key/key/key.core/../key.ui/examples/standard_key/strings/simpleLengthComp.key.proof 
97126      DEBUG main            d.u.i.k.p.i.AbstractProblemLoader Environment load took 165.9ns 
97127      INFO  main            d.u.i.k.p.i.AbstractProblemLoader Creating init config 
99493      DEBUG main            d.u.i.k.p.i.AbstractProblemLoader Init config took 2.37s 
99508      INFO  main            d.u.i.k.p.i.AbstractProblemLoader Replaying proof simpleLengthComp.key.proof 
99533      DEBUG main            d.u.i.k.p.i.IntermediateProofReplayer Proof replay took 22.11ms 
99534      DEBUG main            d.u.i.k.p.r.p.TestFile    ... success: reloaded. 
99535      INFO  main            d.u.i.k.p.r.p.TestFile    Now processing file /home/runner/work/key/key/key.core/../key.ui/examples/standard_key/strings/stringCompileTimeConstant1.key 
99536      INFO  main            d.u.i.k.p.i.AbstractProblemLoader Loading environment from /home/runner/work/key/key/key.core/../key.ui/examples/standard_key/strings/stringCompileTimeConstant1.key 
99536      DEBUG main            d.u.i.k.p.i.AbstractProblemLoader Environment load took 177.9ns 
99537      INFO  main            d.u.i.k.p.i.AbstractProblemLoader Creating init config 
101978     DEBUG main            d.u.i.k.p.i.AbstractProblemLoader Init config took 2.44s 
101993     INFO  main            d.u.i.k.p.i.AbstractProblemLoader Replaying proof stringCompileTimeConstant1.key 
101995     DEBUG main            d.u.i.k.p.i.IntermediateProofReplayer Proof replay took 6.7ns 
102097     INFO  main            d.u.i.k.p.r.p.TestFile    ... finished proof: closed. 
102349     INFO  main            d.u.i.k.p.i.AbstractProblemLoader Loading environment from /home/runner/work/key/key/key.core/../key.ui/examples/standard_key/strings/stringCompileTimeConstant1.key.proof 
102349     DEBUG main            d.u.i.k.p.i.AbstractProblemLoader Environment load took 112ns 
102351     INFO  main            d.u.i.k.p.i.AbstractProblemLoader Creating init config 
104710     DEBUG main            d.u.i.k.p.i.AbstractProblemLoader Init config took 2.36s 
104726     INFO  main            d.u.i.k.p.i.AbstractProblemLoader Replaying proof stringCompileTimeConstant1.key.proof 
104731     DEBUG main            d.u.i.k.p.i.IntermediateProofReplayer Proof replay took 3.31ms 
104732     DEBUG main            d.u.i.k.p.r.p.TestFile    ... success: reloaded. 
104733     INFO  main            d.u.i.k.p.r.p.TestFile    Now processing file /home/runner/work/key/key/key.core/../key.ui/examples/standard_key/strings/stringCompileTimeConstant2.key 
104733     INFO  main            d.u.i.k.p.i.AbstractProblemLoader Loading environment from /home/runner/work/key/key/key.core/../key.ui/examples/standard_key/strings/stringCompileTimeConstant2.key 
104733     DEBUG main            d.u.i.k.p.i.AbstractProblemLoader Environment load took 74.9ns 
104734     INFO  main            d.u.i.k.p.i.AbstractProblemLoader Creating init config 
107315     DEBUG main            d.u.i.k.p.i.AbstractProblemLoader Init config took 2.58s 
107330     INFO  main            d.u.i.k.p.i.AbstractProblemLoader Replaying proof stringCompileTimeConstant2.key 
107332     DEBUG main            d.u.i.k.p.i.IntermediateProofReplayer Proof replay took 6.2ns 
110144     INFO  main            d.u.i.k.p.r.p.TestFile    ... finished proof: closed. 
110411     INFO  main            d.u.i.k.p.i.AbstractProblemLoader Loading environment from /home/runner/work/key/key/key.core/../key.ui/examples/standard_key/strings/stringCompileTimeConstant2.key.proof 
110413     DEBUG main            d.u.i.k.p.i.AbstractProblemLoader Environment load took 2.64ms 
110415     INFO  main            d.u.i.k.p.i.AbstractProblemLoader Creating init config 
112929     DEBUG main            d.u.i.k.p.i.AbstractProblemLoader Init config took 2.51s 
112944     INFO  main            d.u.i.k.p.i.AbstractProblemLoader Replaying proof stringCompileTimeConstant2.key.proof 
113251     DEBUG main            d.u.i.k.p.i.IntermediateProofReplayer Proof replay took 296.79ms 
113253     DEBUG main            d.u.i.k.p.r.p.TestFile    ... success: reloaded. 
113254     INFO  main            d.u.i.k.p.r.p.TestFile    Now processing file /home/runner/work/key/key/key.core/../key.ui/examples/standard_key/strings/stringEquality1.key 
113254     INFO  main            d.u.i.k.p.i.AbstractProblemLoader Loading environment from /home/runner/work/key/key/key.core/../key.ui/examples/standard_key/strings/stringEquality1.key 
113254     DEBUG main            d.u.i.k.p.i.AbstractProblemLoader Environment load took 178.4ns 
113256     INFO  main            d.u.i.k.p.i.AbstractProblemLoader Creating init config 
115671     DEBUG main            d.u.i.k.p.i.AbstractProblemLoader Init config took 2.42s 
115685     INFO  main            d.u.i.k.p.i.AbstractProblemLoader Replaying proof stringEquality1.key 
115686     DEBUG main            d.u.i.k.p.i.IntermediateProofReplayer Proof replay took 7ns 
115792     INFO  main            d.u.i.k.p.r.p.TestFile    ... finished proof: closed. 
116094     INFO  main            d.u.i.k.p.i.AbstractProblemLoader Loading environment from /home/runner/work/key/key/key.core/../key.ui/examples/standard_key/strings/stringEquality1.key.proof 
116094     DEBUG main            d.u.i.k.p.i.AbstractProblemLoader Environment load took 116.9ns 
116095     INFO  main            d.u.i.k.p.i.AbstractProblemLoader Creating init config 
118452     DEBUG main            d.u.i.k.p.i.AbstractProblemLoader Init config took 2.36s 
118466     INFO  main            d.u.i.k.p.i.AbstractProblemLoader Replaying proof stringEquality1.key.proof 
118475     DEBUG main            d.u.i.k.p.i.IntermediateProofReplayer Proof replay took 6.8ms 
118475     DEBUG main            d.u.i.k.p.r.p.TestFile    ... success: reloaded. 
118476     INFO  main            d.u.i.k.p.r.p.TestFile    Now processing file /home/runner/work/key/key/key.core/../key.ui/examples/standard_key/strings/stringEquality2.key 
118476     INFO  main            d.u.i.k.p.i.AbstractProblemLoader Loading environment from /home/runner/work/key/key/key.core/../key.ui/examples/standard_key/strings/stringEquality2.key 
118476     DEBUG main            d.u.i.k.p.i.AbstractProblemLoader Environment load took 90.4ns 
118477     INFO  main            d.u.i.k.p.i.AbstractProblemLoader Creating init config 
120849     DEBUG main            d.u.i.k.p.i.AbstractProblemLoader Init config took 2.37s 
120863     INFO  main            d.u.i.k.p.i.AbstractProblemLoader Replaying proof stringEquality2.key 
120864     DEBUG main            d.u.i.k.p.i.IntermediateProofReplayer Proof replay took 7.3ns 
121269     INFO  main            d.u.i.k.p.r.p.TestFile    ... finished proof: closed. 
121533     INFO  main            d.u.i.k.p.i.AbstractProblemLoader Loading environment from /home/runner/work/key/key/key.core/../key.ui/examples/standard_key/strings/stringEquality2.key.proof 
121536     DEBUG main            d.u.i.k.p.i.AbstractProblemLoader Environment load took 2.86ms 
121538     INFO  main            d.u.i.k.p.i.AbstractProblemLoader Creating init config 
123903     DEBUG main            d.u.i.k.p.i.AbstractProblemLoader Init config took 2.37s 
123917     INFO  main            d.u.i.k.p.i.AbstractProblemLoader Replaying proof stringEquality2.key.proof 
123963     DEBUG main            d.u.i.k.p.i.IntermediateProofReplayer Proof replay took 42ms 
123964     DEBUG main            d.u.i.k.p.r.p.TestFile    ... success: reloaded. 
123965     INFO  main            d.u.i.k.p.r.p.TestFile    Now processing file /home/runner/work/key/key/key.core/../key.ui/examples/standard_key/strings/substring0.key 
123965     INFO  main            d.u.i.k.p.i.AbstractProblemLoader Loading environment from /home/runner/work/key/key/key.core/../key.ui/examples/standard_key/strings/substring0.key 
123965     DEBUG main            d.u.i.k.p.i.AbstractProblemLoader Environment load took 75.5ns 
123966     INFO  main            d.u.i.k.p.i.AbstractProblemLoader Creating init config 
126359     DEBUG main            d.u.i.k.p.i.AbstractProblemLoader Init config took 2.39s 
126372     INFO  main            d.u.i.k.p.i.AbstractProblemLoader Replaying proof substring0.key 
126374     DEBUG main            d.u.i.k.p.i.IntermediateProofReplayer Proof replay took 7.3ns 
126479     INFO  main            d.u.i.k.p.r.p.TestFile    ... finished proof: closed. 
126734     INFO  main            d.u.i.k.p.i.AbstractProblemLoader Loading environment from /home/runner/work/key/key/key.core/../key.ui/examples/standard_key/strings/substring0.key.proof 
126734     DEBUG main            d.u.i.k.p.i.AbstractProblemLoader Environment load took 107.7ns 
126736     INFO  main            d.u.i.k.p.i.AbstractProblemLoader Creating init config 
129081     DEBUG main            d.u.i.k.p.i.AbstractProblemLoader Init config took 2.35s 
129098     INFO  main            d.u.i.k.p.i.AbstractProblemLoader Replaying proof substring0.key.proof 
129100     DEBUG main            d.u.i.k.p.i.IntermediateProofReplayer Proof replay took 435.11ns 
129101     DEBUG main            d.u.i.k.p.r.p.TestFile    ... success: reloaded. 
129103     INFO  main            d.u.i.k.p.r.p.TestFile    Now processing file /home/runner/work/key/key/key.core/../key.ui/examples/standard_key/strings/substring1.key 
129103     INFO  main            d.u.i.k.p.i.AbstractProblemLoader Loading environment from /home/runner/work/key/key/key.core/../key.ui/examples/standard_key/strings/substring1.key 
129103     DEBUG main            d.u.i.k.p.i.AbstractProblemLoader Environment load took 88.7ns 
129104     INFO  main            d.u.i.k.p.i.AbstractProblemLoader Creating init config 
131524     DEBUG main            d.u.i.k.p.i.AbstractProblemLoader Init config took 2.42s 
131538     INFO  main            d.u.i.k.p.i.AbstractProblemLoader Replaying proof substring1.key 
131539     DEBUG main            d.u.i.k.p.i.IntermediateProofReplayer Proof replay took 8.2ns 
131644     INFO  main            d.u.i.k.p.r.p.TestFile    ... finished proof: closed. 
131905     INFO  main            d.u.i.k.p.i.AbstractProblemLoader Loading environment from /home/runner/work/key/key/key.core/../key.ui/examples/standard_key/strings/substring1.key.proof 
131906     DEBUG main            d.u.i.k.p.i.AbstractProblemLoader Environment load took 108.9ns 
131907     INFO  main            d.u.i.k.p.i.AbstractProblemLoader Creating init config 
134245     DEBUG main            d.u.i.k.p.i.AbstractProblemLoader Init config took 2.34s 
134259     INFO  main            d.u.i.k.p.i.AbstractProblemLoader Replaying proof substring1.key.proof 
134260     DEBUG main            d.u.i.k.p.i.IntermediateProofReplayer Proof replay took 414.11ns 
134261     DEBUG main            d.u.i.k.p.r.p.TestFile    ... success: reloaded. 
134262     INFO  main            d.u.i.k.p.r.p.TestFile    Now processing file /home/runner/work/key/key/key.core/../key.ui/examples/standard_key/strings/substring2.key 
134262     INFO  main            d.u.i.k.p.i.AbstractProblemLoader Loading environment from /home/runner/work/key/key/key.core/../key.ui/examples/standard_key/strings/substring2.key 
134262     DEBUG main            d.u.i.k.p.i.AbstractProblemLoader Environment load took 117.1ns 
134263     INFO  main            d.u.i.k.p.i.AbstractProblemLoader Creating init config 
136657     DEBUG main            d.u.i.k.p.i.AbstractProblemLoader Init config took 2.39s 
136671     INFO  main            d.u.i.k.p.i.AbstractProblemLoader Replaying proof substring2.key 
136672     DEBUG main            d.u.i.k.p.i.IntermediateProofReplayer Proof replay took 8ns 
136774     INFO  main            d.u.i.k.p.r.p.TestFile    ... finished proof: closed. 
137022     INFO  main            d.u.i.k.p.i.AbstractProblemLoader Loading environment from /home/runner/work/key/key/key.core/../key.ui/examples/standard_key/strings/substring2.key.proof 
137022     DEBUG main            d.u.i.k.p.i.AbstractProblemLoader Environment load took 107.1ns 
137023     INFO  main            d.u.i.k.p.i.AbstractProblemLoader Creating init config 
139373     DEBUG main            d.u.i.k.p.i.AbstractProblemLoader Init config took 2.35s 
139387     INFO  main            d.u.i.k.p.i.AbstractProblemLoader Replaying proof substring2.key.proof 
139391     DEBUG main            d.u.i.k.p.i.IntermediateProofReplayer Proof replay took 815.21ns 
139392     DEBUG main            d.u.i.k.p.r.p.TestFile    ... success: reloaded. 
139393     INFO  main            d.u.i.k.p.r.p.TestFile    Now processing file /home/runner/work/key/key/key.core/../key.ui/examples/standard_key/strings/substring3.key 
139394     INFO  main            d.u.i.k.p.i.AbstractProblemLoader Loading environment from /home/runner/work/key/key/key.core/../key.ui/examples/standard_key/strings/substring3.key 
139394     DEBUG main            d.u.i.k.p.i.AbstractProblemLoader Environment load took 82.9ns 
139395     INFO  main            d.u.i.k.p.i.AbstractProblemLoader Creating init config 
141884     DEBUG main            d.u.i.k.p.i.AbstractProblemLoader Init config took 2.49s 
141899     INFO  main            d.u.i.k.p.i.AbstractProblemLoader Replaying proof substring3.key 
141900     DEBUG main            d.u.i.k.p.i.IntermediateProofReplayer Proof replay took 7.2ns 
142002     INFO  main            d.u.i.k.p.r.p.TestFile    ... finished proof: closed. 
142267     INFO  main            d.u.i.k.p.i.AbstractProblemLoader Loading environment from /home/runner/work/key/key/key.core/../key.ui/examples/standard_key/strings/substring3.key.proof 
142267     DEBUG main            d.u.i.k.p.i.AbstractProblemLoader Environment load took 106.4ns 
142268     INFO  main            d.u.i.k.p.i.AbstractProblemLoader Creating init config 
144600     DEBUG main            d.u.i.k.p.i.AbstractProblemLoader Init config took 2.33s 
144614     INFO  main            d.u.i.k.p.i.AbstractProblemLoader Replaying proof substring3.key.proof 
144618     DEBUG main            d.u.i.k.p.i.IntermediateProofReplayer Proof replay took 2.38ms 
144619     DEBUG main            d.u.i.k.p.r.p.TestFile    ... success: reloaded. 
144619     INFO  main            d.u.i.k.p.r.p.TestFile    Now processing file /home/runner/work/key/key/key.core/../key.ui/examples/standard_key/strings/substring4.key 
144620     INFO  main            d.u.i.k.p.i.AbstractProblemLoader Loading environment from /home/runner/work/key/key/key.core/../key.ui/examples/standard_key/strings/substring4.key 
144620     DEBUG main            d.u.i.k.p.i.AbstractProblemLoader Environment load took 210.2ns 
144621     INFO  main            d.u.i.k.p.i.AbstractProblemLoader Creating init config 
147019     DEBUG main            d.u.i.k.p.i.AbstractProblemLoader Init config took 2.4s 
147032     INFO  main            d.u.i.k.p.i.AbstractProblemLoader Replaying proof substring4.key 
147033     DEBUG main            d.u.i.k.p.i.IntermediateProofReplayer Proof replay took 8.2ns 
147135     INFO  main            d.u.i.k.p.r.p.TestFile    ... finished proof: closed. 
147404     INFO  main            d.u.i.k.p.i.AbstractProblemLoader Loading environment from /home/runner/work/key/key/key.core/../key.ui/examples/standard_key/strings/substring4.key.proof 
147404     DEBUG main            d.u.i.k.p.i.AbstractProblemLoader Environment load took 115.5ns 
147405     INFO  main            d.u.i.k.p.i.AbstractProblemLoader Creating init config 
149745     DEBUG main            d.u.i.k.p.i.AbstractProblemLoader Init config took 2.34s 
149759     INFO  main            d.u.i.k.p.i.AbstractProblemLoader Replaying proof substring4.key.proof 
149764     DEBUG main            d.u.i.k.p.i.IntermediateProofReplayer Proof replay took 3.22ms 
149765     DEBUG main            d.u.i.k.p.r.p.TestFile    ... success: reloaded. 
149765     INFO  main            d.u.i.k.p.r.p.TestFile    Now processing file /home/runner/work/key/key/key.core/../key.ui/examples/standard_key/strings/substring5.key 
149766     INFO  main            d.u.i.k.p.i.AbstractProblemLoader Loading environment from /home/runner/work/key/key/key.core/../key.ui/examples/standard_key/strings/substring5.key 
149766     DEBUG main            d.u.i.k.p.i.AbstractProblemLoader Environment load took 83ns 
149767     INFO  main            d.u.i.k.p.i.AbstractProblemLoader Creating init config 
152147     DEBUG main            d.u.i.k.p.i.AbstractProblemLoader Init config took 2.38s 
152162     INFO  main            d.u.i.k.p.i.AbstractProblemLoader Replaying proof substring5.key 
152163     DEBUG main            d.u.i.k.p.i.IntermediateProofReplayer Proof replay took 7.8ns 
152468     INFO  main            d.u.i.k.p.r.p.TestFile    ... finished proof: closed. 
152746     INFO  main            d.u.i.k.p.i.AbstractProblemLoader Loading environment from /home/runner/work/key/key/key.core/../key.ui/examples/standard_key/strings/substring5.key.proof 
152746     DEBUG main            d.u.i.k.p.i.AbstractProblemLoader Environment load took 113.2ns 
152747     INFO  main            d.u.i.k.p.i.AbstractProblemLoader Creating init config 
155097     DEBUG main            d.u.i.k.p.i.AbstractProblemLoader Init config took 2.35s 
155111     INFO  main            d.u.i.k.p.i.AbstractProblemLoader Replaying proof substring5.key.proof 
155138     DEBUG main            d.u.i.k.p.i.IntermediateProofReplayer Proof replay took 23.54ms 
155139     DEBUG main            d.u.i.k.p.r.p.TestFile    ... success: reloaded. 
4029355    INFO  Test worker     d.u.i.k.p.r.RunAllProofsTestUnit Returning from test strings 
4029356    INFO  Test worker     d.u.i.k.p.r.RunAllProofsTestUnit Running test simple_info_flow 
355        INFO  Timeout watchdog d.u.i.k.p.r.p.ForkedTestFileRunner Timeout watcher launched (2000 secs.) 
359        WARN  main            d.u.i.k.s.ProofSettings   The settings in /home/runner/.key/proof-settings.props are *not* read. 
404        INFO  main            d.u.i.k.p.r.p.TestFile    Now processing file /home/runner/work/key/key/key.core/../key.ui/examples/heap/information_flow/UpdateAbstraction_ex7_1_insecure.key 
513        INFO  main            d.u.i.k.p.i.AbstractProblemLoader Loading environment from /home/runner/work/key/key/key.core/../key.ui/examples/heap/information_flow/UpdateAbstraction_ex7_1_insecure.key 
539        DEBUG main            d.u.i.k.p.i.AbstractProblemLoader Environment load took 1.95ms 
760        INFO  main            d.u.i.k.p.i.AbstractProblemLoader Creating init config 
1649       DEBUG main            d.u.i.k.j.TypeConverter   No LDT found for Meta 
1649       DEBUG main            d.u.i.k.j.TypeConverter   No LDT found for Meta 
1650       DEBUG main            d.u.i.k.j.TypeConverter   No LDT found for Meta 
1650       DEBUG main            d.u.i.k.j.TypeConverter   No LDT found for Meta 
2970       DEBUG main            d.u.i.k.j.TypeConverter   No LDT found for JavaBigintExpression 
8419       DEBUG main            d.u.i.k.p.i.AbstractProblemLoader Init config took 7.66s 
8537       INFO  main            d.u.i.k.p.i.AbstractProblemLoader Replaying proof UpdateAbstraction[UpdateAbstraction::ex7_1_insecure()].JML operation contract.0 
8570       DEBUG main            d.u.i.k.p.i.IntermediateProofReplayer Proof replay took 36.7ns 
9169       INFO  main            d.u.i.k.p.r.p.TestFile    ... finished proof: open goal(s) 
9298       INFO  main            d.u.i.k.p.r.p.TestFile    Now processing file /home/runner/work/key/key/key.core/../key.ui/examples/heap/information_flow/UpdateAbstraction_ex7_2_insecure.key 
9301       INFO  main            d.u.i.k.p.i.AbstractProblemLoader Loading environment from /home/runner/work/key/key/key.core/../key.ui/examples/heap/information_flow/UpdateAbstraction_ex7_2_insecure.key 
9302       DEBUG main            d.u.i.k.p.i.AbstractProblemLoader Environment load took 1.05ms 
9305       INFO  main            d.u.i.k.p.i.AbstractProblemLoader Creating init config 
12460      DEBUG main            d.u.i.k.p.i.AbstractProblemLoader Init config took 3.15s 
12523      INFO  main            d.u.i.k.p.i.AbstractProblemLoader Replaying proof UpdateAbstraction[UpdateAbstraction::ex7_2_insecure()].JML operation contract.0 
12526      DEBUG main            d.u.i.k.p.i.IntermediateProofReplayer Proof replay took 7.2ns 
12832      INFO  main            d.u.i.k.p.r.p.TestFile    ... finished proof: open goal(s) 
4042495    INFO  Test worker     d.u.i.k.p.r.RunAllProofsTestUnit Returning from test simple_info_flow 
4042497    INFO  Test worker     d.u.i.k.p.r.RunAllProofsTestUnit Running test modelMethods 
335        INFO  Timeout watchdog d.u.i.k.p.r.p.ForkedTestFileRunner Timeout watcher launched (2000 secs.) 
334        WARN  main            d.u.i.k.s.ProofSettings   The settings in /home/runner/.key/proof-settings.props are *not* read. 
373        INFO  main            d.u.i.k.p.r.p.TestFile    Now processing file /home/runner/work/key/key/key.core/../key.ui/examples/heap/model_methods/Cell_footprint_acc.key 
501        INFO  main            d.u.i.k.p.i.AbstractProblemLoader Loading environment from /home/runner/work/key/key/key.core/../key.ui/examples/heap/model_methods/Cell_footprint_acc.key 
523        DEBUG main            d.u.i.k.p.i.AbstractProblemLoader Environment load took 2.03ms 
745        INFO  main            d.u.i.k.p.i.AbstractProblemLoader Creating init config 
1626       DEBUG main            d.u.i.k.j.TypeConverter   No LDT found for Meta 
1627       DEBUG main            d.u.i.k.j.TypeConverter   No LDT found for Meta 
1631       DEBUG main            d.u.i.k.j.TypeConverter   No LDT found for Meta 
1631       DEBUG main            d.u.i.k.j.TypeConverter   No LDT found for Meta 
2974       DEBUG main            d.u.i.k.j.TypeConverter   No LDT found for JavaBigintExpression 
7926       DEBUG main            d.u.i.k.p.i.AbstractProblemLoader Init config took 7.18s 
8058       INFO  main            d.u.i.k.p.i.AbstractProblemLoader Replaying proof Cell[Cell::footprint()].JML accessible clause.0 
8093       DEBUG main            d.u.i.k.p.i.IntermediateProofReplayer Proof replay took 35.6ns 
8726       INFO  main            d.u.i.k.p.r.p.TestFile    ... finished proof: closed. 
8840       INFO  main            d.u.i.k.p.i.AbstractProblemLoader Loading environment from /home/runner/work/key/key/key.core/../key.ui/examples/heap/model_methods/Cell_footprint_acc.key.proof 
8843       DEBUG main            d.u.i.k.p.i.AbstractProblemLoader Environment load took 2.89ms 
8845       INFO  main            d.u.i.k.p.i.AbstractProblemLoader Creating init config 
11774      DEBUG main            d.u.i.k.p.i.AbstractProblemLoader Init config took 2.93s 
11843      INFO  main            d.u.i.k.p.i.AbstractProblemLoader Replaying proof Cell[Cell::footprint()].JML accessible clause.0 
11931      DEBUG main            d.u.i.k.p.i.IntermediateProofReplayer Proof replay took 81.81ms 
11938      DEBUG main            d.u.i.k.p.r.p.TestFile    ... success: reloaded. 
11941      INFO  main            d.u.i.k.p.r.p.TestFile    Now processing file /home/runner/work/key/key/key.core/../key.ui/examples/heap/model_methods/Cell_footprint.key 
11941      INFO  main            d.u.i.k.p.i.AbstractProblemLoader Loading environment from /home/runner/work/key/key/key.core/../key.ui/examples/heap/model_methods/Cell_footprint.key 
11941      DEBUG main            d.u.i.k.p.i.AbstractProblemLoader Environment load took 125.6ns 
11945      INFO  main            d.u.i.k.p.i.AbstractProblemLoader Creating init config 
14817      DEBUG main            d.u.i.k.p.i.AbstractProblemLoader Init config took 2.87s 
14887      INFO  main            d.u.i.k.p.i.AbstractProblemLoader Replaying proof Cell[Cell::footprint()].JML model_behavior operation contract.0 
14890      DEBUG main            d.u.i.k.p.i.IntermediateProofReplayer Proof replay took 6.7ns 
14992      INFO  main            d.u.i.k.p.r.p.TestFile    ... finished proof: closed. 
15153      INFO  main            d.u.i.k.p.i.AbstractProblemLoader Loading environment from /home/runner/work/key/key/key.core/../key.ui/examples/heap/model_methods/Cell_footprint.key.proof 
15153      DEBUG main            d.u.i.k.p.i.AbstractProblemLoader Environment load took 130.4ns 
15154      INFO  main            d.u.i.k.p.i.AbstractProblemLoader Creating init config 
17924      DEBUG main            d.u.i.k.p.i.AbstractProblemLoader Init config took 2.77s 
18002      INFO  main            d.u.i.k.p.i.AbstractProblemLoader Replaying proof Cell[Cell::footprint()].JML model_behavior operation contract.0 
18013      DEBUG main            d.u.i.k.p.i.IntermediateProofReplayer Proof replay took 7.95ms 
18014      DEBUG main            d.u.i.k.p.r.p.TestFile    ... success: reloaded. 
18017      INFO  main            d.u.i.k.p.r.p.TestFile    Now processing file /home/runner/work/key/key/key.core/../key.ui/examples/heap/model_methods/Cell_get_acc.key 
18017      INFO  main            d.u.i.k.p.i.AbstractProblemLoader Loading environment from /home/runner/work/key/key/key.core/../key.ui/examples/heap/model_methods/Cell_get_acc.key 
18017      DEBUG main            d.u.i.k.p.i.AbstractProblemLoader Environment load took 249ns 
18020      INFO  main            d.u.i.k.p.i.AbstractProblemLoader Creating init config 
20831      DEBUG main            d.u.i.k.p.i.AbstractProblemLoader Init config took 2.81s 
20884      INFO  main            d.u.i.k.p.i.AbstractProblemLoader Replaying proof Cell[Cell::get()].JML accessible clause.0 
20886      DEBUG main            d.u.i.k.p.i.IntermediateProofReplayer Proof replay took 6.3ns 
21093      INFO  main            d.u.i.k.p.r.p.TestFile    ... finished proof: closed. 
21258      INFO  main            d.u.i.k.p.i.AbstractProblemLoader Loading environment from /home/runner/work/key/key/key.core/../key.ui/examples/heap/model_methods/Cell_get_acc.key.proof 
21259      DEBUG main            d.u.i.k.p.i.AbstractProblemLoader Environment load took 375.9ns 
21260      INFO  main            d.u.i.k.p.i.AbstractProblemLoader Creating init config 
23941      DEBUG main            d.u.i.k.p.i.AbstractProblemLoader Init config took 2.68s 
24011      INFO  main            d.u.i.k.p.i.AbstractProblemLoader Replaying proof Cell[Cell::get()].JML accessible clause.0 
24050      DEBUG main            d.u.i.k.p.i.IntermediateProofReplayer Proof replay took 35.37ms 
24051      DEBUG main            d.u.i.k.p.r.p.TestFile    ... success: reloaded. 
24053      INFO  main            d.u.i.k.p.r.p.TestFile    Now processing file /home/runner/work/key/key/key.core/../key.ui/examples/heap/model_methods/Cell_get.key 
24053      INFO  main            d.u.i.k.p.i.AbstractProblemLoader Loading environment from /home/runner/work/key/key/key.core/../key.ui/examples/heap/model_methods/Cell_get.key 
24053      DEBUG main            d.u.i.k.p.i.AbstractProblemLoader Environment load took 184.7ns 
24054      INFO  main            d.u.i.k.p.i.AbstractProblemLoader Creating init config 
26732      DEBUG main            d.u.i.k.p.i.AbstractProblemLoader Init config took 2.68s 
26786      INFO  main            d.u.i.k.p.i.AbstractProblemLoader Replaying proof Cell[Cell::get()].JML operation contract.0 
26788      DEBUG main            d.u.i.k.p.i.IntermediateProofReplayer Proof replay took 7.5ns 
26891      INFO  main            d.u.i.k.p.r.p.TestFile    ... finished proof: closed. 
27053      INFO  main            d.u.i.k.p.i.AbstractProblemLoader Loading environment from /home/runner/work/key/key/key.core/../key.ui/examples/heap/model_methods/Cell_get.key.proof 
27054      DEBUG main            d.u.i.k.p.i.AbstractProblemLoader Environment load took 123ns 
27055      INFO  main            d.u.i.k.p.i.AbstractProblemLoader Creating init config 
29682      DEBUG main            d.u.i.k.p.i.AbstractProblemLoader Init config took 2.63s 
29732      INFO  main            d.u.i.k.p.i.AbstractProblemLoader Replaying proof Cell[Cell::get()].JML operation contract.0 
29751      DEBUG main            d.u.i.k.p.i.IntermediateProofReplayer Proof replay took 16.41ms 
29752      DEBUG main            d.u.i.k.p.r.p.TestFile    ... success: reloaded. 
29753      INFO  main            d.u.i.k.p.r.p.TestFile    Now processing file /home/runner/work/key/key/key.core/../key.ui/examples/heap/model_methods/Cell_post_set.key 
29754      INFO  main            d.u.i.k.p.i.AbstractProblemLoader Loading environment from /home/runner/work/key/key/key.core/../key.ui/examples/heap/model_methods/Cell_post_set.key 
29754      DEBUG main            d.u.i.k.p.i.AbstractProblemLoader Environment load took 181.9ns 
29755      INFO  main            d.u.i.k.p.i.AbstractProblemLoader Creating init config 
32382      DEBUG main            d.u.i.k.p.i.AbstractProblemLoader Init config took 2.63s 
32431      INFO  main            d.u.i.k.p.i.AbstractProblemLoader Replaying proof Cell[Cell::post_set(int)].JML model_behavior operation contract.0 
32433      DEBUG main            d.u.i.k.p.i.IntermediateProofReplayer Proof replay took 8.2ns 
32537      INFO  main            d.u.i.k.p.r.p.TestFile    ... finished proof: closed. 
32695      INFO  main            d.u.i.k.p.i.AbstractProblemLoader Loading environment from /home/runner/work/key/key/key.core/../key.ui/examples/heap/model_methods/Cell_post_set.key.proof 
32695      DEBUG main            d.u.i.k.p.i.AbstractProblemLoader Environment load took 128.1ns 
32696      INFO  main            d.u.i.k.p.i.AbstractProblemLoader Creating init config 
35310      DEBUG main            d.u.i.k.p.i.AbstractProblemLoader Init config took 2.61s 
35372      INFO  main            d.u.i.k.p.i.AbstractProblemLoader Replaying proof Cell[Cell::post_set(int)].JML model_behavior operation contract.0 
35378      DEBUG main            d.u.i.k.p.i.IntermediateProofReplayer Proof replay took 4.51ms 
35379      DEBUG main            d.u.i.k.p.r.p.TestFile    ... success: reloaded. 
35380      INFO  main            d.u.i.k.p.r.p.TestFile    Now processing file /home/runner/work/key/key/key.core/../key.ui/examples/heap/model_methods/Cell_set.key 
35381      INFO  main            d.u.i.k.p.i.AbstractProblemLoader Loading environment from /home/runner/work/key/key/key.core/../key.ui/examples/heap/model_methods/Cell_set.key 
35381      DEBUG main            d.u.i.k.p.i.AbstractProblemLoader Environment load took 196.9ns 
35382      INFO  main            d.u.i.k.p.i.AbstractProblemLoader Creating init config 
38022      DEBUG main            d.u.i.k.p.i.AbstractProblemLoader Init config took 2.64s 
38070      INFO  main            d.u.i.k.p.i.AbstractProblemLoader Replaying proof Cell[Cell::set(int)].JML operation contract.0 
38072      DEBUG main            d.u.i.k.p.i.IntermediateProofReplayer Proof replay took 7.1ns 
44210      INFO  main            d.u.i.k.p.r.p.TestFile    ... finished proof: closed. 
44416      INFO  main            d.u.i.k.p.i.AbstractProblemLoader Loading environment from /home/runner/work/key/key/key.core/../key.ui/examples/heap/model_methods/Cell_set.key.proof 
44416      DEBUG main            d.u.i.k.p.i.AbstractProblemLoader Environment load took 398.9ns 
44418      INFO  main            d.u.i.k.p.i.AbstractProblemLoader Creating init config 
47004      DEBUG main            d.u.i.k.p.i.AbstractProblemLoader Init config took 2.59s 
47058      INFO  main            d.u.i.k.p.i.AbstractProblemLoader Replaying proof Cell[Cell::set(int)].JML operation contract.0 
47649      DEBUG main            d.u.i.k.p.i.IntermediateProofReplayer Proof replay took 572.56ms 
47650      DEBUG main            d.u.i.k.p.r.p.TestFile    ... success: reloaded. 
47652      INFO  main            d.u.i.k.p.r.p.TestFile    Now processing file /home/runner/work/key/key/key.core/../key.ui/examples/heap/model_methods/CellTest_callSet.key 
47652      INFO  main            d.u.i.k.p.i.AbstractProblemLoader Loading environment from /home/runner/work/key/key/key.core/../key.ui/examples/heap/model_methods/CellTest_callSet.key 
47652      DEBUG main            d.u.i.k.p.i.AbstractProblemLoader Environment load took 192.6ns 
47654      INFO  main            d.u.i.k.p.i.AbstractProblemLoader Creating init config 
50291      DEBUG main            d.u.i.k.p.i.AbstractProblemLoader Init config took 2.64s 
50337      INFO  main            d.u.i.k.p.i.AbstractProblemLoader Replaying proof CellTest[CellTest::callSet(Cell,int)].JML operation contract.0 
50339      DEBUG main            d.u.i.k.p.i.IntermediateProofReplayer Proof replay took 7.4ns 
50551      INFO  main            d.u.i.k.p.r.p.TestFile    ... finished proof: closed. 
50709      INFO  main            d.u.i.k.p.i.AbstractProblemLoader Loading environment from /home/runner/work/key/key/key.core/../key.ui/examples/heap/model_methods/CellTest_callSet.key.proof 
50709      DEBUG main            d.u.i.k.p.i.AbstractProblemLoader Environment load took 126.5ns 
50710      INFO  main            d.u.i.k.p.i.AbstractProblemLoader Creating init config 
53282      DEBUG main            d.u.i.k.p.i.AbstractProblemLoader Init config took 2.57s 
53328      INFO  main            d.u.i.k.p.i.AbstractProblemLoader Replaying proof CellTest[CellTest::callSet(Cell,int)].JML operation contract.0 
53371      DEBUG main            d.u.i.k.p.i.IntermediateProofReplayer Proof replay took 39.99ms 
53372      DEBUG main            d.u.i.k.p.r.p.TestFile    ... success: reloaded. 
53373      INFO  main            d.u.i.k.p.r.p.TestFile    Now processing file /home/runner/work/key/key/key.core/../key.ui/examples/heap/model_methods/CellTest_test2.key 
53373      INFO  main            d.u.i.k.p.i.AbstractProblemLoader Loading environment from /home/runner/work/key/key/key.core/../key.ui/examples/heap/model_methods/CellTest_test2.key 
53373      DEBUG main            d.u.i.k.p.i.AbstractProblemLoader Environment load took 218.5ns 
53374      INFO  main            d.u.i.k.p.i.AbstractProblemLoader Creating init config 
55976      DEBUG main            d.u.i.k.p.i.AbstractProblemLoader Init config took 2.6s 
56023      INFO  main            d.u.i.k.p.i.AbstractProblemLoader Replaying proof CellTest[CellTest::test2(Cell)].JML operation contract.0 
56024      DEBUG main            d.u.i.k.p.i.IntermediateProofReplayer Proof replay took 7.4ns 
56330      INFO  main            d.u.i.k.p.r.p.TestFile    ... finished proof: closed. 
56494      INFO  main            d.u.i.k.p.i.AbstractProblemLoader Loading environment from /home/runner/work/key/key/key.core/../key.ui/examples/heap/model_methods/CellTest_test2.key.proof 
56494      DEBUG main            d.u.i.k.p.i.AbstractProblemLoader Environment load took 122.3ns 
56495      INFO  main            d.u.i.k.p.i.AbstractProblemLoader Creating init config 
59061      DEBUG main            d.u.i.k.p.i.AbstractProblemLoader Init config took 2.57s 
59108      INFO  main            d.u.i.k.p.i.AbstractProblemLoader Replaying proof CellTest[CellTest::test2(Cell)].JML operation contract.0 
59185      DEBUG main            d.u.i.k.p.i.IntermediateProofReplayer Proof replay took 73.56ms 
59186      DEBUG main            d.u.i.k.p.r.p.TestFile    ... success: reloaded. 
59187      INFO  main            d.u.i.k.p.r.p.TestFile    Now processing file /home/runner/work/key/key/key.core/../key.ui/examples/heap/model_methods/CellTest_test.key 
59187      INFO  main            d.u.i.k.p.i.AbstractProblemLoader Loading environment from /home/runner/work/key/key/key.core/../key.ui/examples/heap/model_methods/CellTest_test.key 
59188      DEBUG main            d.u.i.k.p.i.AbstractProblemLoader Environment load took 178.6ns 
59189      INFO  main            d.u.i.k.p.i.AbstractProblemLoader Creating init config 
61801      DEBUG main            d.u.i.k.p.i.AbstractProblemLoader Init config took 2.61s 
61844      INFO  main            d.u.i.k.p.i.AbstractProblemLoader Replaying proof CellTest[CellTest::test(Recell)].JML operation contract.0 
61846      DEBUG main            d.u.i.k.p.i.IntermediateProofReplayer Proof replay took 7.2ns 
64465      INFO  main            d.u.i.k.p.r.p.TestFile    ... finished proof: closed. 
64753      INFO  main            d.u.i.k.p.i.AbstractProblemLoader Loading environment from /home/runner/work/key/key/key.core/../key.ui/examples/heap/model_methods/CellTest_test.key.proof 
64753      DEBUG main            d.u.i.k.p.i.AbstractProblemLoader Environment load took 132.8ns 
64754      INFO  main            d.u.i.k.p.i.AbstractProblemLoader Creating init config 
67271      DEBUG main            d.u.i.k.p.i.AbstractProblemLoader Init config took 2.52s 
67338      INFO  main            d.u.i.k.p.i.AbstractProblemLoader Replaying proof CellTest[CellTest::test(Recell)].JML operation contract.0 
67950      DEBUG main            d.u.i.k.p.i.IntermediateProofReplayer Proof replay took 591.08ms 
67952      DEBUG main            d.u.i.k.p.r.p.TestFile    ... success: reloaded. 
67955      INFO  main            d.u.i.k.p.r.p.TestFile    Now processing file /home/runner/work/key/key/key.core/../key.ui/examples/heap/model_methods/Coll1_add.key 
67955      INFO  main            d.u.i.k.p.i.AbstractProblemLoader Loading environment from /home/runner/work/key/key/key.core/../key.ui/examples/heap/model_methods/Coll1_add.key 
67956      DEBUG main            d.u.i.k.p.i.AbstractProblemLoader Environment load took 704.41ns 
67957      INFO  main            d.u.i.k.p.i.AbstractProblemLoader Creating init config 
70518      DEBUG main            d.u.i.k.p.i.AbstractProblemLoader Init config took 2.56s 
70583      INFO  main            d.u.i.k.p.i.AbstractProblemLoader Replaying proof Coll1[Coll::add(int)].JML operation contract.0 
70585      DEBUG main            d.u.i.k.p.i.IntermediateProofReplayer Proof replay took 8.1ns 
70688      INFO  main            d.u.i.k.p.r.p.TestFile    ... finished proof: closed. 
70877      INFO  main            d.u.i.k.p.i.AbstractProblemLoader Loading environment from /home/runner/work/key/key/key.core/../key.ui/examples/heap/model_methods/Coll1_add.key.proof 
70877      DEBUG main            d.u.i.k.p.i.AbstractProblemLoader Environment load took 123.1ns 
70878      INFO  main            d.u.i.k.p.i.AbstractProblemLoader Creating init config 
73422      DEBUG main            d.u.i.k.p.i.AbstractProblemLoader Init config took 2.54s 
73465      INFO  main            d.u.i.k.p.i.AbstractProblemLoader Replaying proof Coll1[Coll::add(int)].JML operation contract.0 
73474      DEBUG main            d.u.i.k.p.i.IntermediateProofReplayer Proof replay took 7.39ms 
73475      DEBUG main            d.u.i.k.p.r.p.TestFile    ... success: reloaded. 
73476      INFO  main            d.u.i.k.p.r.p.TestFile    Now processing file /home/runner/work/key/key/key.core/../key.ui/examples/heap/model_methods/Coll1_Coll1_add_pre.key 
73477      INFO  main            d.u.i.k.p.i.AbstractProblemLoader Loading environment from /home/runner/work/key/key/key.core/../key.ui/examples/heap/model_methods/Coll1_Coll1_add_pre.key 
73477      DEBUG main            d.u.i.k.p.i.AbstractProblemLoader Environment load took 176ns 
73478      INFO  main            d.u.i.k.p.i.AbstractProblemLoader Creating init config 
76065      DEBUG main            d.u.i.k.p.i.AbstractProblemLoader Init config took 2.59s 
76107      INFO  main            d.u.i.k.p.i.AbstractProblemLoader Replaying proof Coll1[Coll1::add_pre(int)].JML model_behavior operation contract.0 
76109      DEBUG main            d.u.i.k.p.i.IntermediateProofReplayer Proof replay took 7.3ns 
76211      INFO  main            d.u.i.k.p.r.p.TestFile    ... finished proof: closed. 
76402      INFO  main            d.u.i.k.p.i.AbstractProblemLoader Loading environment from /home/runner/work/key/key/key.core/../key.ui/examples/heap/model_methods/Coll1_Coll1_add_pre.key.proof 
76402      DEBUG main            d.u.i.k.p.i.AbstractProblemLoader Environment load took 118.5ns 
76403      INFO  main            d.u.i.k.p.i.AbstractProblemLoader Creating init config 
78969      DEBUG main            d.u.i.k.p.i.AbstractProblemLoader Init config took 2.57s 
79035      INFO  main            d.u.i.k.p.i.AbstractProblemLoader Replaying proof Coll1[Coll1::add_pre(int)].JML model_behavior operation contract.0 
79040      DEBUG main            d.u.i.k.p.i.IntermediateProofReplayer Proof replay took 1.39ms 
79041      DEBUG main            d.u.i.k.p.r.p.TestFile    ... success: reloaded. 
79042      INFO  main            d.u.i.k.p.r.p.TestFile    Now processing file /home/runner/work/key/key/key.core/../key.ui/examples/heap/model_methods/Coll1_Coll_add_pre.key 
79043      INFO  main            d.u.i.k.p.i.AbstractProblemLoader Loading environment from /home/runner/work/key/key/key.core/../key.ui/examples/heap/model_methods/Coll1_Coll_add_pre.key 
79043      DEBUG main            d.u.i.k.p.i.AbstractProblemLoader Environment load took 184.3ns 
79044      INFO  main            d.u.i.k.p.i.AbstractProblemLoader Creating init config 
81620      DEBUG main            d.u.i.k.p.i.AbstractProblemLoader Init config took 2.58s 
81662      INFO  main            d.u.i.k.p.i.AbstractProblemLoader Replaying proof Coll1[Coll::add_pre(int)].JML model_behavior operation contract.0 
81664      DEBUG main            d.u.i.k.p.i.IntermediateProofReplayer Proof replay took 7.9ns 
81766      INFO  main            d.u.i.k.p.r.p.TestFile    ... finished proof: closed. 
81968      INFO  main            d.u.i.k.p.i.AbstractProblemLoader Loading environment from /home/runner/work/key/key/key.core/../key.ui/examples/heap/model_methods/Coll1_Coll_add_pre.key.proof 
81969      DEBUG main            d.u.i.k.p.i.AbstractProblemLoader Environment load took 124.1ns 
81970      INFO  main            d.u.i.k.p.i.AbstractProblemLoader Creating init config 
84568      DEBUG main            d.u.i.k.p.i.AbstractProblemLoader Init config took 2.6s 
84609      INFO  main            d.u.i.k.p.i.AbstractProblemLoader Replaying proof Coll1[Coll::add_pre(int)].JML model_behavior operation contract.0 
84613      DEBUG main            d.u.i.k.p.i.IntermediateProofReplayer Proof replay took 2.09ms 
84614      DEBUG main            d.u.i.k.p.r.p.TestFile    ... success: reloaded. 
84614      INFO  main            d.u.i.k.p.r.p.TestFile    Now processing file /home/runner/work/key/key/key.core/../key.ui/examples/heap/model_methods/Coll2_add.key 
84615      INFO  main            d.u.i.k.p.i.AbstractProblemLoader Loading environment from /home/runner/work/key/key/key.core/../key.ui/examples/heap/model_methods/Coll2_add.key 
84615      DEBUG main            d.u.i.k.p.i.AbstractProblemLoader Environment load took 88.3ns 
84616      INFO  main            d.u.i.k.p.i.AbstractProblemLoader Creating init config 
87138      DEBUG main            d.u.i.k.p.i.AbstractProblemLoader Init config took 2.52s 
87180      INFO  main            d.u.i.k.p.i.AbstractProblemLoader Replaying proof Coll2[Coll::add(int)].JML operation contract.0 
87182      DEBUG main            d.u.i.k.p.i.IntermediateProofReplayer Proof replay took 7.7ns 
87285      INFO  main            d.u.i.k.p.r.p.TestFile    ... finished proof: closed. 
87492      INFO  main            d.u.i.k.p.i.AbstractProblemLoader Loading environment from /home/runner/work/key/key/key.core/../key.ui/examples/heap/model_methods/Coll2_add.key.proof 
87492      DEBUG main            d.u.i.k.p.i.AbstractProblemLoader Environment load took 128.2ns 
87493      INFO  main            d.u.i.k.p.i.AbstractProblemLoader Creating init config 
90049      DEBUG main            d.u.i.k.p.i.AbstractProblemLoader Init config took 2.56s 
90110      INFO  main            d.u.i.k.p.i.AbstractProblemLoader Replaying proof Coll2[Coll::add(int)].JML operation contract.0 
90118      DEBUG main            d.u.i.k.p.i.IntermediateProofReplayer Proof replay took 6.48ms 
90120      DEBUG main            d.u.i.k.p.r.p.TestFile    ... success: reloaded. 
90121      INFO  main            d.u.i.k.p.r.p.TestFile    Now processing file /home/runner/work/key/key/key.core/../key.ui/examples/heap/model_methods/Coll2_Coll2_add_pre.key 
90121      INFO  main            d.u.i.k.p.i.AbstractProblemLoader Loading environment from /home/runner/work/key/key/key.core/../key.ui/examples/heap/model_methods/Coll2_Coll2_add_pre.key 
90121      DEBUG main            d.u.i.k.p.i.AbstractProblemLoader Environment load took 171.9ns 
90122      INFO  main            d.u.i.k.p.i.AbstractProblemLoader Creating init config 
92642      DEBUG main            d.u.i.k.p.i.AbstractProblemLoader Init config took 2.52s 
92683      INFO  main            d.u.i.k.p.i.AbstractProblemLoader Replaying proof Coll2[Coll2::add_pre(int)].JML model_behavior operation contract.0 
92685      DEBUG main            d.u.i.k.p.i.IntermediateProofReplayer Proof replay took 7.5ns 
92787      INFO  main            d.u.i.k.p.r.p.TestFile    ... finished proof: closed. 
93031      INFO  main            d.u.i.k.p.i.AbstractProblemLoader Loading environment from /home/runner/work/key/key/key.core/../key.ui/examples/heap/model_methods/Coll2_Coll2_add_pre.key.proof 
93031      DEBUG main            d.u.i.k.p.i.AbstractProblemLoader Environment load took 120.1ns 
93032      INFO  main            d.u.i.k.p.i.AbstractProblemLoader Creating init config 
95570      DEBUG main            d.u.i.k.p.i.AbstractProblemLoader Init config took 2.54s 
95613      INFO  main            d.u.i.k.p.i.AbstractProblemLoader Replaying proof Coll2[Coll2::add_pre(int)].JML model_behavior operation contract.0 
95617      DEBUG main            d.u.i.k.p.i.IntermediateProofReplayer Proof replay took 1.39ms 
95617      DEBUG main            d.u.i.k.p.r.p.TestFile    ... success: reloaded. 
95618      INFO  main            d.u.i.k.p.r.p.TestFile    Now processing file /home/runner/work/key/key/key.core/../key.ui/examples/heap/model_methods/Coll2_Coll_add_pre.key 
95619      INFO  main            d.u.i.k.p.i.AbstractProblemLoader Loading environment from /home/runner/work/key/key/key.core/../key.ui/examples/heap/model_methods/Coll2_Coll_add_pre.key 
95619      DEBUG main            d.u.i.k.p.i.AbstractProblemLoader Environment load took 174.4ns 
95620      INFO  main            d.u.i.k.p.i.AbstractProblemLoader Creating init config 
98131      DEBUG main            d.u.i.k.p.i.AbstractProblemLoader Init config took 2.51s 
98173      INFO  main            d.u.i.k.p.i.AbstractProblemLoader Replaying proof Coll2[Coll::add_pre(int)].JML model_behavior operation contract.0 
98174      DEBUG main            d.u.i.k.p.i.IntermediateProofReplayer Proof replay took 7.7ns 
98277      INFO  main            d.u.i.k.p.r.p.TestFile    ... finished proof: closed. 
98499      INFO  main            d.u.i.k.p.i.AbstractProblemLoader Loading environment from /home/runner/work/key/key/key.core/../key.ui/examples/heap/model_methods/Coll2_Coll_add_pre.key.proof 
98499      DEBUG main            d.u.i.k.p.i.AbstractProblemLoader Environment load took 147.7ns 
98500      INFO  main            d.u.i.k.p.i.AbstractProblemLoader Creating init config 
101000     DEBUG main            d.u.i.k.p.i.AbstractProblemLoader Init config took 2.5s 
101040     INFO  main            d.u.i.k.p.i.AbstractProblemLoader Replaying proof Coll2[Coll::add_pre(int)].JML model_behavior operation contract.0 
101043     DEBUG main            d.u.i.k.p.i.IntermediateProofReplayer Proof replay took 1.93ms 
101044     DEBUG main            d.u.i.k.p.r.p.TestFile    ... success: reloaded. 
101045     INFO  main            d.u.i.k.p.r.p.TestFile    Now processing file /home/runner/work/key/key/key.core/../key.ui/examples/heap/model_methods/Coll_add.key 
101046     INFO  main            d.u.i.k.p.i.AbstractProblemLoader Loading environment from /home/runner/work/key/key/key.core/../key.ui/examples/heap/model_methods/Coll_add.key 
101046     DEBUG main            d.u.i.k.p.i.AbstractProblemLoader Environment load took 92.8ns 
101047     INFO  main            d.u.i.k.p.i.AbstractProblemLoader Creating init config 
103625     DEBUG main            d.u.i.k.p.i.AbstractProblemLoader Init config took 2.58s 
103666     INFO  main            d.u.i.k.p.i.AbstractProblemLoader Replaying proof Coll[Coll::add(int)].JML operation contract.0 
103668     DEBUG main            d.u.i.k.p.i.IntermediateProofReplayer Proof replay took 7.2ns 
103771     INFO  main            d.u.i.k.p.r.p.TestFile    ... finished proof: closed. 
103991     INFO  main            d.u.i.k.p.i.AbstractProblemLoader Loading environment from /home/runner/work/key/key/key.core/../key.ui/examples/heap/model_methods/Coll_add.key.proof 
103991     DEBUG main            d.u.i.k.p.i.AbstractProblemLoader Environment load took 133ns 
103992     INFO  main            d.u.i.k.p.i.AbstractProblemLoader Creating init config 
106482     DEBUG main            d.u.i.k.p.i.AbstractProblemLoader Init config took 2.49s 
106522     INFO  main            d.u.i.k.p.i.AbstractProblemLoader Replaying proof Coll[Coll::add(int)].JML operation contract.0 
106526     DEBUG main            d.u.i.k.p.i.IntermediateProofReplayer Proof replay took 2.11ms 
106527     DEBUG main            d.u.i.k.p.r.p.TestFile    ... success: reloaded. 
106528     INFO  main            d.u.i.k.p.r.p.TestFile    Now processing file /home/runner/work/key/key/key.core/../key.ui/examples/heap/model_methods/Coll_add_pre.key 
106529     INFO  main            d.u.i.k.p.i.AbstractProblemLoader Loading environment from /home/runner/work/key/key/key.core/../key.ui/examples/heap/model_methods/Coll_add_pre.key 
106529     DEBUG main            d.u.i.k.p.i.AbstractProblemLoader Environment load took 163.1ns 
106530     INFO  main            d.u.i.k.p.i.AbstractProblemLoader Creating init config 
109103     DEBUG main            d.u.i.k.p.i.AbstractProblemLoader Init config took 2.57s 
109144     INFO  main            d.u.i.k.p.i.AbstractProblemLoader Replaying proof Coll[Coll::add_pre(int)].JML model_behavior operation contract.0 
109145     DEBUG main            d.u.i.k.p.i.IntermediateProofReplayer Proof replay took 7.4ns 
109247     INFO  main            d.u.i.k.p.r.p.TestFile    ... finished proof: closed. 
109481     INFO  main            d.u.i.k.p.i.AbstractProblemLoader Loading environment from /home/runner/work/key/key/key.core/../key.ui/examples/heap/model_methods/Coll_add_pre.key.proof 
109481     DEBUG main            d.u.i.k.p.i.AbstractProblemLoader Environment load took 182.2ns 
109482     INFO  main            d.u.i.k.p.i.AbstractProblemLoader Creating init config 
111962     DEBUG main            d.u.i.k.p.i.AbstractProblemLoader Init config took 2.48s 
112005     INFO  main            d.u.i.k.p.i.AbstractProblemLoader Replaying proof Coll[Coll::add_pre(int)].JML model_behavior operation contract.0 
112009     DEBUG main            d.u.i.k.p.i.IntermediateProofReplayer Proof replay took 2.4ms 
112010     DEBUG main            d.u.i.k.p.r.p.TestFile    ... success: reloaded. 
112011     INFO  main            d.u.i.k.p.r.p.TestFile    Now processing file /home/runner/work/key/key/key.core/../key.ui/examples/heap/model_methods/Indirect_callAdd.key 
112012     INFO  main            d.u.i.k.p.i.AbstractProblemLoader Loading environment from /home/runner/work/key/key/key.core/../key.ui/examples/heap/model_methods/Indirect_callAdd.key 
112012     DEBUG main            d.u.i.k.p.i.AbstractProblemLoader Environment load took 182.4ns 
112013     INFO  main            d.u.i.k.p.i.AbstractProblemLoader Creating init config 
114575     DEBUG main            d.u.i.k.p.i.AbstractProblemLoader Init config took 2.56s 
114614     INFO  main            d.u.i.k.p.i.AbstractProblemLoader Replaying proof Indirect[Indirect::callAdd(Coll,int)].JML operation contract.0 
114615     DEBUG main            d.u.i.k.p.i.IntermediateProofReplayer Proof replay took 6.7ns 
114717     INFO  main            d.u.i.k.p.r.p.TestFile    ... finished proof: closed. 
115042     INFO  main            d.u.i.k.p.i.AbstractProblemLoader Loading environment from /home/runner/work/key/key/key.core/../key.ui/examples/heap/model_methods/Indirect_callAdd.key.proof 
115042     DEBUG main            d.u.i.k.p.i.AbstractProblemLoader Environment load took 108.3ns 
115043     INFO  main            d.u.i.k.p.i.AbstractProblemLoader Creating init config 
117515     DEBUG main            d.u.i.k.p.i.AbstractProblemLoader Init config took 2.47s 
117556     INFO  main            d.u.i.k.p.i.AbstractProblemLoader Replaying proof Indirect[Indirect::callAdd(Coll,int)].JML operation contract.0 
117580     DEBUG main            d.u.i.k.p.i.IntermediateProofReplayer Proof replay took 22.02ms 
117581     DEBUG main            d.u.i.k.p.r.p.TestFile    ... success: reloaded. 
117582     INFO  main            d.u.i.k.p.r.p.TestFile    Now processing file /home/runner/work/key/key/key.core/../key.ui/examples/heap/model_methods/Indirect_test.key 
117582     INFO  main            d.u.i.k.p.i.AbstractProblemLoader Loading environment from /home/runner/work/key/key/key.core/../key.ui/examples/heap/model_methods/Indirect_test.key 
117582     DEBUG main            d.u.i.k.p.i.AbstractProblemLoader Environment load took 71ns 
117583     INFO  main            d.u.i.k.p.i.AbstractProblemLoader Creating init config 
120201     DEBUG main            d.u.i.k.p.i.AbstractProblemLoader Init config took 2.62s 
120241     INFO  main            d.u.i.k.p.i.AbstractProblemLoader Replaying proof Indirect[Indirect::test(Coll1,Coll2)].JML operation contract.0 
120243     DEBUG main            d.u.i.k.p.i.IntermediateProofReplayer Proof replay took 6.6ns 
120446     INFO  main            d.u.i.k.p.r.p.TestFile    ... finished proof: closed. 
120706     INFO  main            d.u.i.k.p.i.AbstractProblemLoader Loading environment from /home/runner/work/key/key/key.core/../key.ui/examples/heap/model_methods/Indirect_test.key.proof 
120706     DEBUG main            d.u.i.k.p.i.AbstractProblemLoader Environment load took 111.6ns 
120707     INFO  main            d.u.i.k.p.i.AbstractProblemLoader Creating init config 
123181     DEBUG main            d.u.i.k.p.i.AbstractProblemLoader Init config took 2.47s 
123222     INFO  main            d.u.i.k.p.i.AbstractProblemLoader Replaying proof Indirect[Indirect::test(Coll1,Coll2)].JML operation contract.0 
123275     DEBUG main            d.u.i.k.p.i.IntermediateProofReplayer Proof replay took 50.42ms 
123276     DEBUG main            d.u.i.k.p.r.p.TestFile    ... success: reloaded. 
123277     INFO  main            d.u.i.k.p.r.p.TestFile    Now processing file /home/runner/work/key/key/key.core/../key.ui/examples/heap/model_methods/Recell_Cell_footprint.key 
123277     INFO  main            d.u.i.k.p.i.AbstractProblemLoader Loading environment from /home/runner/work/key/key/key.core/../key.ui/examples/heap/model_methods/Recell_Cell_footprint.key 
123277     DEBUG main            d.u.i.k.p.i.AbstractProblemLoader Environment load took 87.9ns 
123278     INFO  main            d.u.i.k.p.i.AbstractProblemLoader Creating init config 
125860     DEBUG main            d.u.i.k.p.i.AbstractProblemLoader Init config took 2.58s 
125899     INFO  main            d.u.i.k.p.i.AbstractProblemLoader Replaying proof Recell[Cell::footprint()].JML model_behavior operation contract.0 
125901     DEBUG main            d.u.i.k.p.i.IntermediateProofReplayer Proof replay took 7ns 
126009     INFO  main            d.u.i.k.p.r.p.TestFile    ... finished proof: closed. 
126251     INFO  main            d.u.i.k.p.i.AbstractProblemLoader Loading environment from /home/runner/work/key/key/key.core/../key.ui/examples/heap/model_methods/Recell_Cell_footprint.key.proof 
126251     DEBUG main            d.u.i.k.p.i.AbstractProblemLoader Environment load took 115.5ns 
126252     INFO  main            d.u.i.k.p.i.AbstractProblemLoader Creating init config 
128728     DEBUG main            d.u.i.k.p.i.AbstractProblemLoader Init config took 2.48s 
128768     INFO  main            d.u.i.k.p.i.AbstractProblemLoader Replaying proof Recell[Cell::footprint()].JML model_behavior operation contract.0 
128772     DEBUG main            d.u.i.k.p.i.IntermediateProofReplayer Proof replay took 2.56ms 
128772     DEBUG main            d.u.i.k.p.r.p.TestFile    ... success: reloaded. 
128773     INFO  main            d.u.i.k.p.r.p.TestFile    Now processing file /home/runner/work/key/key/key.core/../key.ui/examples/heap/model_methods/Recell_Cell_post_set.key 
128774     INFO  main            d.u.i.k.p.i.AbstractProblemLoader Loading environment from /home/runner/work/key/key/key.core/../key.ui/examples/heap/model_methods/Recell_Cell_post_set.key 
128774     DEBUG main            d.u.i.k.p.i.AbstractProblemLoader Environment load took 80.3ns 
128775     INFO  main            d.u.i.k.p.i.AbstractProblemLoader Creating init config 
131320     DEBUG main            d.u.i.k.p.i.AbstractProblemLoader Init config took 2.55s 
131359     INFO  main            d.u.i.k.p.i.AbstractProblemLoader Replaying proof Recell[Cell::post_set(int)].JML model_behavior operation contract.0 
131360     DEBUG main            d.u.i.k.p.i.IntermediateProofReplayer Proof replay took 7.8ns 
131462     INFO  main            d.u.i.k.p.r.p.TestFile    ... finished proof: closed. 
131711     INFO  main            d.u.i.k.p.i.AbstractProblemLoader Loading environment from /home/runner/work/key/key/key.core/../key.ui/examples/heap/model_methods/Recell_Cell_post_set.key.proof 
131712     DEBUG main            d.u.i.k.p.i.AbstractProblemLoader Environment load took 109.2ns 
131713     INFO  main            d.u.i.k.p.i.AbstractProblemLoader Creating init config 
134184     DEBUG main            d.u.i.k.p.i.AbstractProblemLoader Init config took 2.47s 
134222     INFO  main            d.u.i.k.p.i.AbstractProblemLoader Replaying proof Recell[Cell::post_set(int)].JML model_behavior operation contract.0 
134227     DEBUG main            d.u.i.k.p.i.IntermediateProofReplayer Proof replay took 3.39ms 
134228     DEBUG main            d.u.i.k.p.r.p.TestFile    ... success: reloaded. 
134229     INFO  main            d.u.i.k.p.r.p.TestFile    Now processing file /home/runner/work/key/key/key.core/../key.ui/examples/heap/model_methods/Recell_footprint_acc.key 
134229     INFO  main            d.u.i.k.p.i.AbstractProblemLoader Loading environment from /home/runner/work/key/key/key.core/../key.ui/examples/heap/model_methods/Recell_footprint_acc.key 
134229     DEBUG main            d.u.i.k.p.i.AbstractProblemLoader Environment load took 106.9ns 
134230     INFO  main            d.u.i.k.p.i.AbstractProblemLoader Creating init config 
136779     DEBUG main            d.u.i.k.p.i.AbstractProblemLoader Init config took 2.55s 
136817     INFO  main            d.u.i.k.p.i.AbstractProblemLoader Replaying proof Recell[Cell::footprint()].JML accessible clause.0 
136818     DEBUG main            d.u.i.k.p.i.IntermediateProofReplayer Proof replay took 7.3ns 
136924     INFO  main            d.u.i.k.p.r.p.TestFile    ... finished proof: closed. 
137183     INFO  main            d.u.i.k.p.i.AbstractProblemLoader Loading environment from /home/runner/work/key/key/key.core/../key.ui/examples/heap/model_methods/Recell_footprint_acc.key.proof 
137183     DEBUG main            d.u.i.k.p.i.AbstractProblemLoader Environment load took 105.1ns 
137184     INFO  main            d.u.i.k.p.i.AbstractProblemLoader Creating init config 
139677     DEBUG main            d.u.i.k.p.i.AbstractProblemLoader Init config took 2.49s 
139720     INFO  main            d.u.i.k.p.i.AbstractProblemLoader Replaying proof Recell[Cell::footprint()].JML accessible clause.0 
139745     DEBUG main            d.u.i.k.p.i.IntermediateProofReplayer Proof replay took 18.8ms 
139750     DEBUG main            d.u.i.k.p.r.p.TestFile    ... success: reloaded. 
139751     INFO  main            d.u.i.k.p.r.p.TestFile    Now processing file /home/runner/work/key/key/key.core/../key.ui/examples/heap/model_methods/Recell_get_acc.key 
139752     INFO  main            d.u.i.k.p.i.AbstractProblemLoader Loading environment from /home/runner/work/key/key/key.core/../key.ui/examples/heap/model_methods/Recell_get_acc.key 
139752     DEBUG main            d.u.i.k.p.i.AbstractProblemLoader Environment load took 208.9ns 
139753     INFO  main            d.u.i.k.p.i.AbstractProblemLoader Creating init config 
142280     DEBUG main            d.u.i.k.p.i.AbstractProblemLoader Init config took 2.53s 
142318     INFO  main            d.u.i.k.p.i.AbstractProblemLoader Replaying proof Recell[Cell::get()].JML accessible clause.0 
142320     DEBUG main            d.u.i.k.p.i.IntermediateProofReplayer Proof replay took 7.3ns 
142424     INFO  main            d.u.i.k.p.r.p.TestFile    ... finished proof: closed. 
142705     INFO  main            d.u.i.k.p.i.AbstractProblemLoader Loading environment from /home/runner/work/key/key/key.core/../key.ui/examples/heap/model_methods/Recell_get_acc.key.proof 
142705     DEBUG main            d.u.i.k.p.i.AbstractProblemLoader Environment load took 103.9ns 
142706     INFO  main            d.u.i.k.p.i.AbstractProblemLoader Creating init config 
145174     DEBUG main            d.u.i.k.p.i.AbstractProblemLoader Init config took 2.47s 
145213     INFO  main            d.u.i.k.p.i.AbstractProblemLoader Replaying proof Recell[Cell::get()].JML accessible clause.0 
145231     DEBUG main            d.u.i.k.p.i.IntermediateProofReplayer Proof replay took 16.06ms 
145232     DEBUG main            d.u.i.k.p.r.p.TestFile    ... success: reloaded. 
145233     INFO  main            d.u.i.k.p.r.p.TestFile    Now processing file /home/runner/work/key/key/key.core/../key.ui/examples/heap/model_methods/Recell_get.key 
145233     INFO  main            d.u.i.k.p.i.AbstractProblemLoader Loading environment from /home/runner/work/key/key/key.core/../key.ui/examples/heap/model_methods/Recell_get.key 
145233     DEBUG main            d.u.i.k.p.i.AbstractProblemLoader Environment load took 56.7ns 
145234     INFO  main            d.u.i.k.p.i.AbstractProblemLoader Creating init config 
147772     DEBUG main            d.u.i.k.p.i.AbstractProblemLoader Init config took 2.54s 
147812     INFO  main            d.u.i.k.p.i.AbstractProblemLoader Replaying proof Recell[Cell::get()].JML operation contract.0 
147813     DEBUG main            d.u.i.k.p.i.IntermediateProofReplayer Proof replay took 8.7ns 
147917     INFO  main            d.u.i.k.p.r.p.TestFile    ... finished proof: closed. 
148183     INFO  main            d.u.i.k.p.i.AbstractProblemLoader Loading environment from /home/runner/work/key/key/key.core/../key.ui/examples/heap/model_methods/Recell_get.key.proof 
148183     DEBUG main            d.u.i.k.p.i.AbstractProblemLoader Environment load took 110ns 
148185     INFO  main            d.u.i.k.p.i.AbstractProblemLoader Creating init config 
150665     DEBUG main            d.u.i.k.p.i.AbstractProblemLoader Init config took 2.48s 
150710     INFO  main            d.u.i.k.p.i.AbstractProblemLoader Replaying proof Recell[Cell::get()].JML operation contract.0 
150722     DEBUG main            d.u.i.k.p.i.IntermediateProofReplayer Proof replay took 9.2ms 
150723     DEBUG main            d.u.i.k.p.r.p.TestFile    ... success: reloaded. 
150724     INFO  main            d.u.i.k.p.r.p.TestFile    Now processing file /home/runner/work/key/key/key.core/../key.ui/examples/heap/model_methods/Recell_Recell_footprint.key 
150724     INFO  main            d.u.i.k.p.i.AbstractProblemLoader Loading environment from /home/runner/work/key/key/key.core/../key.ui/examples/heap/model_methods/Recell_Recell_footprint.key 
150725     DEBUG main            d.u.i.k.p.i.AbstractProblemLoader Environment load took 207.2ns 
150727     INFO  main            d.u.i.k.p.i.AbstractProblemLoader Creating init config 
153297     DEBUG main            d.u.i.k.p.i.AbstractProblemLoader Init config took 2.57s 
153335     INFO  main            d.u.i.k.p.i.AbstractProblemLoader Replaying proof Recell[Recell::footprint()].JML model_behavior operation contract.0 
153337     DEBUG main            d.u.i.k.p.i.IntermediateProofReplayer Proof replay took 7.2ns 
153441     INFO  main            d.u.i.k.p.r.p.TestFile    ... finished proof: closed. 
153725     INFO  main            d.u.i.k.p.i.AbstractProblemLoader Loading environment from /home/runner/work/key/key/key.core/../key.ui/examples/heap/model_methods/Recell_Recell_footprint.key.proof 
153725     DEBUG main            d.u.i.k.p.i.AbstractProblemLoader Environment load took 103.6ns 
153726     INFO  main            d.u.i.k.p.i.AbstractProblemLoader Creating init config 
156181     DEBUG main            d.u.i.k.p.i.AbstractProblemLoader Init config took 2.46s 
156219     INFO  main            d.u.i.k.p.i.AbstractProblemLoader Replaying proof Recell[Recell::footprint()].JML model_behavior operation contract.0 
156222     DEBUG main            d.u.i.k.p.i.IntermediateProofReplayer Proof replay took 1.26ms 
156223     DEBUG main            d.u.i.k.p.r.p.TestFile    ... success: reloaded. 
156223     INFO  main            d.u.i.k.p.r.p.TestFile    Now processing file /home/runner/work/key/key/key.core/../key.ui/examples/heap/model_methods/Recell_Recell_post_set.key 
156224     INFO  main            d.u.i.k.p.i.AbstractProblemLoader Loading environment from /home/runner/work/key/key/key.core/../key.ui/examples/heap/model_methods/Recell_Recell_post_set.key 
156224     DEBUG main            d.u.i.k.p.i.AbstractProblemLoader Environment load took 192.6ns 
156225     INFO  main            d.u.i.k.p.i.AbstractProblemLoader Creating init config 
158733     DEBUG main            d.u.i.k.p.i.AbstractProblemLoader Init config took 2.51s 
158791     INFO  main            d.u.i.k.p.i.AbstractProblemLoader Replaying proof Recell[Recell::post_set(int)].JML model_behavior operation contract.0 
158793     DEBUG main            d.u.i.k.p.i.IntermediateProofReplayer Proof replay took 7.7ns 
158895     INFO  main            d.u.i.k.p.r.p.TestFile    ... finished proof: closed. 
159169     INFO  main            d.u.i.k.p.i.AbstractProblemLoader Loading environment from /home/runner/work/key/key/key.core/../key.ui/examples/heap/model_methods/Recell_Recell_post_set.key.proof 
159169     DEBUG main            d.u.i.k.p.i.AbstractProblemLoader Environment load took 104.8ns 
159170     INFO  main            d.u.i.k.p.i.AbstractProblemLoader Creating init config 
161630     DEBUG main            d.u.i.k.p.i.AbstractProblemLoader Init config took 2.46s 
161669     INFO  main            d.u.i.k.p.i.AbstractProblemLoader Replaying proof Recell[Recell::post_set(int)].JML model_behavior operation contract.0 
161672     DEBUG main            d.u.i.k.p.i.IntermediateProofReplayer Proof replay took 2.09ms 
161673     DEBUG main            d.u.i.k.p.r.p.TestFile    ... success: reloaded. 
161675     INFO  main            d.u.i.k.p.r.p.TestFile    Now processing file /home/runner/work/key/key/key.core/../key.ui/examples/heap/model_methods/Recell_set.key 
161675     INFO  main            d.u.i.k.p.i.AbstractProblemLoader Loading environment from /home/runner/work/key/key/key.core/../key.ui/examples/heap/model_methods/Recell_set.key 
161676     DEBUG main            d.u.i.k.p.i.AbstractProblemLoader Environment load took 181.6ns 
161677     INFO  main            d.u.i.k.p.i.AbstractProblemLoader Creating init config 
164210     DEBUG main            d.u.i.k.p.i.AbstractProblemLoader Init config took 2.53s 
164250     INFO  main            d.u.i.k.p.i.AbstractProblemLoader Replaying proof Recell[Cell::set(int)].JML operation contract.0 
164251     DEBUG main            d.u.i.k.p.i.IntermediateProofReplayer Proof replay took 7.6ns 
170867     INFO  main            d.u.i.k.p.r.p.TestFile    ... finished proof: closed. 
171178     INFO  main            d.u.i.k.p.i.AbstractProblemLoader Loading environment from /home/runner/work/key/key/key.core/../key.ui/examples/heap/model_methods/Recell_set.key.proof 
171178     DEBUG main            d.u.i.k.p.i.AbstractProblemLoader Environment load took 340.2ns 
171180     INFO  main            d.u.i.k.p.i.AbstractProblemLoader Creating init config 
173633     DEBUG main            d.u.i.k.p.i.AbstractProblemLoader Init config took 2.45s 
173689     INFO  main            d.u.i.k.p.i.AbstractProblemLoader Replaying proof Recell[Cell::set(int)].JML operation contract.0 
174179     DEBUG main            d.u.i.k.p.i.IntermediateProofReplayer Proof replay took 465.02ms 
174180     DEBUG main            d.u.i.k.p.r.p.TestFile    ... success: reloaded. 
174181     INFO  main            d.u.i.k.p.r.p.TestFile    Now processing file /home/runner/work/key/key/key.core/../key.ui/examples/heap/model_methods/Recell_undo.key 
174181     INFO  main            d.u.i.k.p.i.AbstractProblemLoader Loading environment from /home/runner/work/key/key/key.core/../key.ui/examples/heap/model_methods/Recell_undo.key 
174181     DEBUG main            d.u.i.k.p.i.AbstractProblemLoader Environment load took 88.1ns 
174182     INFO  main            d.u.i.k.p.i.AbstractProblemLoader Creating init config 
176727     DEBUG main            d.u.i.k.p.i.AbstractProblemLoader Init config took 2.54s 
176766     INFO  main            d.u.i.k.p.i.AbstractProblemLoader Replaying proof Recell[Recell::undo()].JML operation contract.0 
176767     DEBUG main            d.u.i.k.p.i.IntermediateProofReplayer Proof replay took 8.9ns 
176970     INFO  main            d.u.i.k.p.r.p.TestFile    ... finished proof: closed. 
177255     INFO  main            d.u.i.k.p.i.AbstractProblemLoader Loading environment from /home/runner/work/key/key/key.core/../key.ui/examples/heap/model_methods/Recell_undo.key.proof 
177255     DEBUG main            d.u.i.k.p.i.AbstractProblemLoader Environment load took 119.2ns 
177257     INFO  main            d.u.i.k.p.i.AbstractProblemLoader Creating init config 
179725     DEBUG main            d.u.i.k.p.i.AbstractProblemLoader Init config took 2.47s 
179763     INFO  main            d.u.i.k.p.i.AbstractProblemLoader Replaying proof Recell[Recell::undo()].JML operation contract.0 
179795     DEBUG main            d.u.i.k.p.i.IntermediateProofReplayer Proof replay took 29.58ms 
179796     DEBUG main            d.u.i.k.p.r.p.TestFile    ... success: reloaded. 
4222473    INFO  Test worker     d.u.i.k.p.r.RunAllProofsTestUnit Returning from test modelMethods 
4222474    INFO  Test worker     d.u.i.k.p.r.RunAllProofsTestUnit Running test permissionHeap 
354        INFO  Timeout watchdog d.u.i.k.p.r.p.ForkedTestFileRunner Timeout watcher launched (2000 secs.) 
367        WARN  main            d.u.i.k.s.ProofSettings   The settings in /home/runner/.key/proof-settings.props are *not* read. 
397        INFO  main            d.u.i.k.p.r.p.TestFile    Now processing file /home/runner/work/key/key/key.core/../key.ui/examples/heap/permissions/permissions_method0.key 
555        INFO  main            d.u.i.k.p.i.AbstractProblemLoader Loading environment from /home/runner/work/key/key/key.core/../key.ui/examples/heap/permissions/permissions_method0.key 
585        DEBUG main            d.u.i.k.p.i.AbstractProblemLoader Environment load took 2.02ms 
833        INFO  main            d.u.i.k.p.i.AbstractProblemLoader Creating init config 
1739       DEBUG main            d.u.i.k.j.TypeConverter   No LDT found for Meta 
1743       DEBUG main            d.u.i.k.j.TypeConverter   No LDT found for Meta 
1745       DEBUG main            d.u.i.k.j.TypeConverter   No LDT found for Meta 
1745       DEBUG main            d.u.i.k.j.TypeConverter   No LDT found for Meta 
3258       DEBUG main            d.u.i.k.j.TypeConverter   No LDT found for JavaBigintExpression 
8681       DEBUG main            d.u.i.k.p.i.AbstractProblemLoader Init config took 7.85s 
8858       INFO  main            d.u.i.k.p.i.AbstractProblemLoader Replaying proof MyClass[MyClass::method0()].JML normal_behavior operation contract.0 
8895       DEBUG main            d.u.i.k.p.i.IntermediateProofReplayer Proof replay took 35ns 
9918       INFO  main            d.u.i.k.p.r.p.TestFile    ... finished proof: closed. 
10049      INFO  main            d.u.i.k.p.i.AbstractProblemLoader Loading environment from /home/runner/work/key/key/key.core/../key.ui/examples/heap/permissions/permissions_method0.key.proof 
10054      DEBUG main            d.u.i.k.p.i.AbstractProblemLoader Environment load took 4.67ms 
10056      INFO  main            d.u.i.k.p.i.AbstractProblemLoader Creating init config 
12926      DEBUG main            d.u.i.k.p.i.AbstractProblemLoader Init config took 2.87s 
12993      INFO  main            d.u.i.k.p.i.AbstractProblemLoader Replaying proof MyClass[MyClass::method0()].JML normal_behavior operation contract.0 
13098      DEBUG main            d.u.i.k.p.i.IntermediateProofReplayer Proof replay took 99.48ms 
13105      DEBUG main            d.u.i.k.p.r.p.TestFile    ... success: reloaded. 
13107      INFO  main            d.u.i.k.p.r.p.TestFile    Now processing file /home/runner/work/key/key/key.core/../key.ui/examples/heap/permissions/permissions_method1.key 
13108      INFO  main            d.u.i.k.p.i.AbstractProblemLoader Loading environment from /home/runner/work/key/key/key.core/../key.ui/examples/heap/permissions/permissions_method1.key 
13108      DEBUG main            d.u.i.k.p.i.AbstractProblemLoader Environment load took 196.6ns 
13109      INFO  main            d.u.i.k.p.i.AbstractProblemLoader Creating init config 
15793      DEBUG main            d.u.i.k.p.i.AbstractProblemLoader Init config took 2.68s 
15878      INFO  main            d.u.i.k.p.i.AbstractProblemLoader Replaying proof MyClass[MyClass::method1()].JML normal_behavior operation contract.0 
15880      DEBUG main            d.u.i.k.p.i.IntermediateProofReplayer Proof replay took 6.2ns 
16185      INFO  main            d.u.i.k.p.r.p.TestFile    ... finished proof: closed. 
16324      INFO  main            d.u.i.k.p.i.AbstractProblemLoader Loading environment from /home/runner/work/key/key/key.core/../key.ui/examples/heap/permissions/permissions_method1.key.proof 
16329      DEBUG main            d.u.i.k.p.i.AbstractProblemLoader Environment load took 4.49ms 
16330      INFO  main            d.u.i.k.p.i.AbstractProblemLoader Creating init config 
18984      DEBUG main            d.u.i.k.p.i.AbstractProblemLoader Init config took 2.65s 
19035      INFO  main            d.u.i.k.p.i.AbstractProblemLoader Replaying proof MyClass[MyClass::method1()].JML normal_behavior operation contract.0 
19098      DEBUG main            d.u.i.k.p.i.IntermediateProofReplayer Proof replay took 60.08ms 
19100      DEBUG main            d.u.i.k.p.r.p.TestFile    ... success: reloaded. 
19101      INFO  main            d.u.i.k.p.r.p.TestFile    Now processing file /home/runner/work/key/key/key.core/../key.ui/examples/heap/permissions/permissions_method3.key 
19101      INFO  main            d.u.i.k.p.i.AbstractProblemLoader Loading environment from /home/runner/work/key/key/key.core/../key.ui/examples/heap/permissions/permissions_method3.key 
19102      DEBUG main            d.u.i.k.p.i.AbstractProblemLoader Environment load took 188.5ns 
19103      INFO  main            d.u.i.k.p.i.AbstractProblemLoader Creating init config 
21702      DEBUG main            d.u.i.k.p.i.AbstractProblemLoader Init config took 2.6s 
21751      INFO  main            d.u.i.k.p.i.AbstractProblemLoader Replaying proof MyClass[MyClass::method3()].JML normal_behavior operation contract.0 
21754      DEBUG main            d.u.i.k.p.i.IntermediateProofReplayer Proof replay took 7.1ns 
23174      INFO  main            d.u.i.k.p.r.p.TestFile    ... finished proof: closed. 
23354      INFO  main            d.u.i.k.p.i.AbstractProblemLoader Loading environment from /home/runner/work/key/key/key.core/../key.ui/examples/heap/permissions/permissions_method3.key.proof 
23355      DEBUG main            d.u.i.k.p.i.AbstractProblemLoader Environment load took 421.11ns 
23356      INFO  main            d.u.i.k.p.i.AbstractProblemLoader Creating init config 
25923      DEBUG main            d.u.i.k.p.i.AbstractProblemLoader Init config took 2.57s 
25976      INFO  main            d.u.i.k.p.i.AbstractProblemLoader Replaying proof MyClass[MyClass::method3()].JML normal_behavior operation contract.0 
26223      DEBUG main            d.u.i.k.p.i.IntermediateProofReplayer Proof replay took 239.58ms 
26224      DEBUG main            d.u.i.k.p.r.p.TestFile    ... success: reloaded. 
26226      INFO  main            d.u.i.k.p.r.p.TestFile    Now processing file /home/runner/work/key/key/key.core/../key.ui/examples/heap/permissions/permissions_setAB.key 
26226      INFO  main            d.u.i.k.p.i.AbstractProblemLoader Loading environment from /home/runner/work/key/key/key.core/../key.ui/examples/heap/permissions/permissions_setAB.key 
26226      DEBUG main            d.u.i.k.p.i.AbstractProblemLoader Environment load took 191ns 
26228      INFO  main            d.u.i.k.p.i.AbstractProblemLoader Creating init config 
28806      DEBUG main            d.u.i.k.p.i.AbstractProblemLoader Init config took 2.58s 
28850      INFO  main            d.u.i.k.p.i.AbstractProblemLoader Replaying proof MyClass[MyClass::setAB()].JML normal_behavior operation contract.0 
28852      DEBUG main            d.u.i.k.p.i.IntermediateProofReplayer Proof replay took 6.9ns 
30360      INFO  main            d.u.i.k.p.r.p.TestFile    ... finished proof: closed. 
30558      INFO  main            d.u.i.k.p.i.AbstractProblemLoader Loading environment from /home/runner/work/key/key/key.core/../key.ui/examples/heap/permissions/permissions_setAB.key.proof 
30558      DEBUG main            d.u.i.k.p.i.AbstractProblemLoader Environment load took 133.8ns 
30559      INFO  main            d.u.i.k.p.i.AbstractProblemLoader Creating init config 
33078      DEBUG main            d.u.i.k.p.i.AbstractProblemLoader Init config took 2.52s 
33122      INFO  main            d.u.i.k.p.i.AbstractProblemLoader Replaying proof MyClass[MyClass::setAB()].JML normal_behavior operation contract.0 
33330      DEBUG main            d.u.i.k.p.i.IntermediateProofReplayer Proof replay took 202.21ms 
33331      DEBUG main            d.u.i.k.p.r.p.TestFile    ... success: reloaded. 
33332      INFO  main            d.u.i.k.p.r.p.TestFile    Now processing file /home/runner/work/key/key/key.core/../key.ui/examples/heap/permissions/permissionProperties.key 
33333      INFO  main            d.u.i.k.p.i.AbstractProblemLoader Loading environment from /home/runner/work/key/key/key.core/../key.ui/examples/heap/permissions/permissionProperties.key 
33333      DEBUG main            d.u.i.k.p.i.AbstractProblemLoader Environment load took 161.5ns 
33334      INFO  main            d.u.i.k.p.i.AbstractProblemLoader Creating init config 
33466      DEBUG main            d.u.i.k.j.TypeConverter   No LDT found for Meta 
33466      DEBUG main            d.u.i.k.j.TypeConverter   No LDT found for Meta 
33467      DEBUG main            d.u.i.k.j.TypeConverter   No LDT found for Meta 
33467      DEBUG main            d.u.i.k.j.TypeConverter   No LDT found for Meta 
34102      DEBUG main            d.u.i.k.j.TypeConverter   No LDT found for JavaBigintExpression 
36697      DEBUG main            d.u.i.k.p.i.AbstractProblemLoader Init config took 3.36s 
36718      INFO  main            d.u.i.k.p.i.AbstractProblemLoader Replaying proof permissionProperties.key 
36720      DEBUG main            d.u.i.k.p.i.IntermediateProofReplayer Proof replay took 7.1ns 
36824      INFO  main            d.u.i.k.p.r.p.TestFile    ... finished proof: closed. 
37004      INFO  main            d.u.i.k.p.i.AbstractProblemLoader Loading environment from /home/runner/work/key/key/key.core/../key.ui/examples/heap/permissions/permissionProperties.key.proof 
37005      DEBUG main            d.u.i.k.p.i.AbstractProblemLoader Environment load took 515.61ns 
37006      INFO  main            d.u.i.k.p.i.AbstractProblemLoader Creating init config 
39325      DEBUG main            d.u.i.k.p.i.AbstractProblemLoader Init config took 2.32s 
39346      INFO  main            d.u.i.k.p.i.AbstractProblemLoader Replaying proof permissionProperties.key.proof 
39365      DEBUG main            d.u.i.k.p.i.IntermediateProofReplayer Proof replay took 16.55ms 
39366      DEBUG main            d.u.i.k.p.r.p.TestFile    ... success: reloaded. 
39368      INFO  main            d.u.i.k.p.r.p.TestFile    Now processing file /home/runner/work/key/key/key.core/../key.ui/examples/heap/permissions/threads/AFilter_AFilter.key 
39368      INFO  main            d.u.i.k.p.i.AbstractProblemLoader Loading environment from /home/runner/work/key/key/key.core/../key.ui/examples/heap/permissions/threads/AFilter_AFilter.key 
39368      DEBUG main            d.u.i.k.p.i.AbstractProblemLoader Environment load took 215ns 
39369      INFO  main            d.u.i.k.p.i.AbstractProblemLoader Creating init config 
39506      DEBUG main            d.u.i.k.j.TypeConverter   No LDT found for Meta 
39507      DEBUG main            d.u.i.k.j.TypeConverter   No LDT found for Meta 
39508      DEBUG main            d.u.i.k.j.TypeConverter   No LDT found for Meta 
39508      DEBUG main            d.u.i.k.j.TypeConverter   No LDT found for Meta 
40090      DEBUG main            d.u.i.k.j.TypeConverter   No LDT found for JavaBigintExpression 
45063      DEBUG main            d.u.i.k.p.i.AbstractProblemLoader Init config took 5.69s 
45170      INFO  main            d.u.i.k.p.i.AbstractProblemLoader Replaying proof AFilter[AFilter::AFilter(Sampler,Buffer)].JML normal_behavior operation contract.0 
45173      DEBUG main            d.u.i.k.p.i.IntermediateProofReplayer Proof replay took 7.6ns 
46279      INFO  main            d.u.i.k.p.r.p.TestFile    ... finished proof: closed. 
46533      INFO  main            d.u.i.k.p.i.AbstractProblemLoader Loading environment from /home/runner/work/key/key/key.core/../key.ui/examples/heap/permissions/threads/AFilter_AFilter.key.proof 
46534      DEBUG main            d.u.i.k.p.i.AbstractProblemLoader Environment load took 385.1ns 
46535      INFO  main            d.u.i.k.p.i.AbstractProblemLoader Creating init config 
50931      DEBUG main            d.u.i.k.p.i.AbstractProblemLoader Init config took 4.4s 
51036      INFO  main            d.u.i.k.p.i.AbstractProblemLoader Replaying proof AFilter[AFilter::AFilter(Sampler,Buffer)].JML normal_behavior operation contract.0 
51206      DEBUG main            d.u.i.k.p.i.IntermediateProofReplayer Proof replay took 165.81ms 
51208      DEBUG main            d.u.i.k.p.r.p.TestFile    ... success: reloaded. 
51209      INFO  main            d.u.i.k.p.r.p.TestFile    Now processing file /home/runner/work/key/key/key.core/../key.ui/examples/heap/permissions/threads/AFilter_initPost_accessible.key 
51210      INFO  main            d.u.i.k.p.i.AbstractProblemLoader Loading environment from /home/runner/work/key/key/key.core/../key.ui/examples/heap/permissions/threads/AFilter_initPost_accessible.key 
51210      DEBUG main            d.u.i.k.p.i.AbstractProblemLoader Environment load took 192ns 
51211      INFO  main            d.u.i.k.p.i.AbstractProblemLoader Creating init config 
55652      DEBUG main            d.u.i.k.p.i.AbstractProblemLoader Init config took 4.44s 
55765      INFO  main            d.u.i.k.p.i.AbstractProblemLoader Replaying proof AFilter[ThreadSpec2::initPost()].JML accessible clause.0 
55767      DEBUG main            d.u.i.k.p.i.IntermediateProofReplayer Proof replay took 8.4ns 
55870      INFO  main            d.u.i.k.p.r.p.TestFile    ... finished proof: closed. 
56080      INFO  main            d.u.i.k.p.i.AbstractProblemLoader Loading environment from /home/runner/work/key/key/key.core/../key.ui/examples/heap/permissions/threads/AFilter_initPost_accessible.key.proof 
56080      DEBUG main            d.u.i.k.p.i.AbstractProblemLoader Environment load took 125ns 
56082      INFO  main            d.u.i.k.p.i.AbstractProblemLoader Creating init config 
60488      DEBUG main            d.u.i.k.p.i.AbstractProblemLoader Init config took 4.41s 
60590      INFO  main            d.u.i.k.p.i.AbstractProblemLoader Replaying proof AFilter[ThreadSpec2::initPost()].JML accessible clause.0 
60605      DEBUG main            d.u.i.k.p.i.IntermediateProofReplayer Proof replay took 12.92ms 
60606      DEBUG main            d.u.i.k.p.r.p.TestFile    ... success: reloaded. 
60607      INFO  main            d.u.i.k.p.r.p.TestFile    Now processing file /home/runner/work/key/key/key.core/../key.ui/examples/heap/permissions/threads/AFilter_inv_accessible1.key 
60607      INFO  main            d.u.i.k.p.i.AbstractProblemLoader Loading environment from /home/runner/work/key/key/key.core/../key.ui/examples/heap/permissions/threads/AFilter_inv_accessible1.key 
60608      DEBUG main            d.u.i.k.p.i.AbstractProblemLoader Environment load took 128.8ns 
60610      INFO  main            d.u.i.k.p.i.AbstractProblemLoader Creating init config 
64978      DEBUG main            d.u.i.k.p.i.AbstractProblemLoader Init config took 4.37s 
65066      INFO  main            d.u.i.k.p.i.AbstractProblemLoader Replaying proof AFilter[java.lang.Object::<inv>()].JML accessible clause.0 
65068      DEBUG main            d.u.i.k.p.i.IntermediateProofReplayer Proof replay took 7.5ns 
65171      INFO  main            d.u.i.k.p.r.p.TestFile    ... finished proof: closed. 
65384      INFO  main            d.u.i.k.p.i.AbstractProblemLoader Loading environment from /home/runner/work/key/key/key.core/../key.ui/examples/heap/permissions/threads/AFilter_inv_accessible1.key.proof 
65384      DEBUG main            d.u.i.k.p.i.AbstractProblemLoader Environment load took 134ns 
65385      INFO  main            d.u.i.k.p.i.AbstractProblemLoader Creating init config 
69801      DEBUG main            d.u.i.k.p.i.AbstractProblemLoader Init config took 4.42s 
69900      INFO  main            d.u.i.k.p.i.AbstractProblemLoader Replaying proof AFilter[java.lang.Object::<inv>()].JML accessible clause.0 
69905      DEBUG main            d.u.i.k.p.i.IntermediateProofReplayer Proof replay took 2.58ms 
69906      DEBUG main            d.u.i.k.p.r.p.TestFile    ... success: reloaded. 
69907      INFO  main            d.u.i.k.p.r.p.TestFile    Now processing file /home/runner/work/key/key/key.core/../key.ui/examples/heap/permissions/threads/AFilter_inv_accessible2.key 
69908      INFO  main            d.u.i.k.p.i.AbstractProblemLoader Loading environment from /home/runner/work/key/key/key.core/../key.ui/examples/heap/permissions/threads/AFilter_inv_accessible2.key 
69908      DEBUG main            d.u.i.k.p.i.AbstractProblemLoader Environment load took 188.1ns 
69909      INFO  main            d.u.i.k.p.i.AbstractProblemLoader Creating init config 
74291      DEBUG main            d.u.i.k.p.i.AbstractProblemLoader Init config took 4.38s 
74391      INFO  main            d.u.i.k.p.i.AbstractProblemLoader Replaying proof AFilter[java.lang.Object::<inv>()].JML accessible clause.1 
74393      DEBUG main            d.u.i.k.p.i.IntermediateProofReplayer Proof replay took 7.5ns 
74495      INFO  main            d.u.i.k.p.r.p.TestFile    ... finished proof: closed. 
74707      INFO  main            d.u.i.k.p.i.AbstractProblemLoader Loading environment from /home/runner/work/key/key/key.core/../key.ui/examples/heap/permissions/threads/AFilter_inv_accessible2.key.proof 
74707      DEBUG main            d.u.i.k.p.i.AbstractProblemLoader Environment load took 120.8ns 
74708      INFO  main            d.u.i.k.p.i.AbstractProblemLoader Creating init config 
79047      DEBUG main            d.u.i.k.p.i.AbstractProblemLoader Init config took 4.34s 
79145      INFO  main            d.u.i.k.p.i.AbstractProblemLoader Replaying proof AFilter[java.lang.Object::<inv>()].JML accessible clause.1 
79149      DEBUG main            d.u.i.k.p.i.IntermediateProofReplayer Proof replay took 2.45ms 
79150      DEBUG main            d.u.i.k.p.r.p.TestFile    ... success: reloaded. 
79151      INFO  main            d.u.i.k.p.r.p.TestFile    Now processing file /home/runner/work/key/key/key.core/../key.ui/examples/heap/permissions/threads/AFilter_joinTransfer_accessible.key 
79151      INFO  main            d.u.i.k.p.i.AbstractProblemLoader Loading environment from /home/runner/work/key/key/key.core/../key.ui/examples/heap/permissions/threads/AFilter_joinTransfer_accessible.key 
79152      DEBUG main            d.u.i.k.p.i.AbstractProblemLoader Environment load took 92.2ns 
79152      INFO  main            d.u.i.k.p.i.AbstractProblemLoader Creating init config 
83554      DEBUG main            d.u.i.k.p.i.AbstractProblemLoader Init config took 4.4s 
83639      INFO  main            d.u.i.k.p.i.AbstractProblemLoader Replaying proof AFilter[ThreadSpec2::joinTransfer()].JML accessible clause.0 
83641      DEBUG main            d.u.i.k.p.i.IntermediateProofReplayer Proof replay took 9ns 
84746      INFO  main            d.u.i.k.p.r.p.TestFile    ... finished proof: closed. 
84973      INFO  main            d.u.i.k.p.i.AbstractProblemLoader Loading environment from /home/runner/work/key/key/key.core/../key.ui/examples/heap/permissions/threads/AFilter_joinTransfer_accessible.key.proof 
84973      DEBUG main            d.u.i.k.p.i.AbstractProblemLoader Environment load took 133ns 
84974      INFO  main            d.u.i.k.p.i.AbstractProblemLoader Creating init config 
89315      DEBUG main            d.u.i.k.p.i.AbstractProblemLoader Init config took 4.34s 
89399      INFO  main            d.u.i.k.p.i.AbstractProblemLoader Replaying proof AFilter[ThreadSpec2::joinTransfer()].JML accessible clause.0 
89523      DEBUG main            d.u.i.k.p.i.IntermediateProofReplayer Proof replay took 118.76ms 
89525      DEBUG main            d.u.i.k.p.r.p.TestFile    ... success: reloaded. 
89526      INFO  main            d.u.i.k.p.r.p.TestFile    Now processing file /home/runner/work/key/key/key.core/../key.ui/examples/heap/permissions/threads/AFilter_joinTransfer_contract.key 
89526      INFO  main            d.u.i.k.p.i.AbstractProblemLoader Loading environment from /home/runner/work/key/key/key.core/../key.ui/examples/heap/permissions/threads/AFilter_joinTransfer_contract.key 
89527      DEBUG main            d.u.i.k.p.i.AbstractProblemLoader Environment load took 188.4ns 
89528      INFO  main            d.u.i.k.p.i.AbstractProblemLoader Creating init config 
93875      DEBUG main            d.u.i.k.p.i.AbstractProblemLoader Init config took 4.35s 
93977      INFO  main            d.u.i.k.p.i.AbstractProblemLoader Replaying proof AFilter[ThreadSpec2::joinTransfer()].JML model_behavior operation contract.0 
93979      DEBUG main            d.u.i.k.p.i.IntermediateProofReplayer Proof replay took 8.2ns 
94081      INFO  main            d.u.i.k.p.r.p.TestFile    ... finished proof: closed. 
94305      INFO  main            d.u.i.k.p.i.AbstractProblemLoader Loading environment from /home/runner/work/key/key/key.core/../key.ui/examples/heap/permissions/threads/AFilter_joinTransfer_contract.key.proof 
94306      DEBUG main            d.u.i.k.p.i.AbstractProblemLoader Environment load took 146.4ns 
94307      INFO  main            d.u.i.k.p.i.AbstractProblemLoader Creating init config 
98671      DEBUG main            d.u.i.k.p.i.AbstractProblemLoader Init config took 4.36s 
98768      INFO  main            d.u.i.k.p.i.AbstractProblemLoader Replaying proof AFilter[ThreadSpec2::joinTransfer()].JML model_behavior operation contract.0 
98777      DEBUG main            d.u.i.k.p.i.IntermediateProofReplayer Proof replay took 7.73ms 
98778      DEBUG main            d.u.i.k.p.r.p.TestFile    ... success: reloaded. 
98780      INFO  main            d.u.i.k.p.r.p.TestFile    Now processing file /home/runner/work/key/key/key.core/../key.ui/examples/heap/permissions/threads/AFilter_postJoin_accessible.key 
98780      INFO  main            d.u.i.k.p.i.AbstractProblemLoader Loading environment from /home/runner/work/key/key/key.core/../key.ui/examples/heap/permissions/threads/AFilter_postJoin_accessible.key 
98780      DEBUG main            d.u.i.k.p.i.AbstractProblemLoader Environment load took 118.7ns 
98781      INFO  main            d.u.i.k.p.i.AbstractProblemLoader Creating init config 
103168     DEBUG main            d.u.i.k.p.i.AbstractProblemLoader Init config took 4.39s 
103265     INFO  main            d.u.i.k.p.i.AbstractProblemLoader Replaying proof AFilter[ThreadSpec2::postJoin(java.lang.Object)].JML accessible clause.0 
103266     DEBUG main            d.u.i.k.p.i.IntermediateProofReplayer Proof replay took 8.8ns 
103375     INFO  main            d.u.i.k.p.r.p.TestFile    ... finished proof: closed. 
103612     INFO  main            d.u.i.k.p.i.AbstractProblemLoader Loading environment from /home/runner/work/key/key/key.core/../key.ui/examples/heap/permissions/threads/AFilter_postJoin_accessible.key.proof 
103612     DEBUG main            d.u.i.k.p.i.AbstractProblemLoader Environment load took 129.1ns 
103613     INFO  main            d.u.i.k.p.i.AbstractProblemLoader Creating init config 
107912     DEBUG main            d.u.i.k.p.i.AbstractProblemLoader Init config took 4.3s 
107995     INFO  main            d.u.i.k.p.i.AbstractProblemLoader Replaying proof AFilter[ThreadSpec2::postJoin(java.lang.Object)].JML accessible clause.0 
108003     DEBUG main            d.u.i.k.p.i.IntermediateProofReplayer Proof replay took 7.01ms 
108004     DEBUG main            d.u.i.k.p.r.p.TestFile    ... success: reloaded. 
108005     INFO  main            d.u.i.k.p.r.p.TestFile    Now processing file /home/runner/work/key/key/key.core/../key.ui/examples/heap/permissions/threads/AFilter_preStart_accessible.key 
108006     INFO  main            d.u.i.k.p.i.AbstractProblemLoader Loading environment from /home/runner/work/key/key/key.core/../key.ui/examples/heap/permissions/threads/AFilter_preStart_accessible.key 
108006     DEBUG main            d.u.i.k.p.i.AbstractProblemLoader Environment load took 94.6ns 
108007     INFO  main            d.u.i.k.p.i.AbstractProblemLoader Creating init config 
112401     DEBUG main            d.u.i.k.p.i.AbstractProblemLoader Init config took 4.39s 
112486     INFO  main            d.u.i.k.p.i.AbstractProblemLoader Replaying proof AFilter[ThreadSpec2::preStart(java.lang.Object)].JML accessible clause.0 
112488     DEBUG main            d.u.i.k.p.i.IntermediateProofReplayer Proof replay took 8.4ns 
112891     INFO  main            d.u.i.k.p.r.p.TestFile    ... finished proof: closed. 
113116     INFO  main            d.u.i.k.p.i.AbstractProblemLoader Loading environment from /home/runner/work/key/key/key.core/../key.ui/examples/heap/permissions/threads/AFilter_preStart_accessible.key.proof 
113116     DEBUG main            d.u.i.k.p.i.AbstractProblemLoader Environment load took 122.3ns 
113118     INFO  main            d.u.i.k.p.i.AbstractProblemLoader Creating init config 
117445     DEBUG main            d.u.i.k.p.i.AbstractProblemLoader Init config took 4.33s 
117526     INFO  main            d.u.i.k.p.i.AbstractProblemLoader Replaying proof AFilter[ThreadSpec2::preStart(java.lang.Object)].JML accessible clause.0 
117564     DEBUG main            d.u.i.k.p.i.IntermediateProofReplayer Proof replay took 34.16ms 
117565     DEBUG main            d.u.i.k.p.r.p.TestFile    ... success: reloaded. 
117566     INFO  main            d.u.i.k.p.r.p.TestFile    Now processing file /home/runner/work/key/key/key.core/../key.ui/examples/heap/permissions/threads/AFilter_startTransfer_accessible.key 
117566     INFO  main            d.u.i.k.p.i.AbstractProblemLoader Loading environment from /home/runner/work/key/key/key.core/../key.ui/examples/heap/permissions/threads/AFilter_startTransfer_accessible.key 
117566     DEBUG main            d.u.i.k.p.i.AbstractProblemLoader Environment load took 105.4ns 
117567     INFO  main            d.u.i.k.p.i.AbstractProblemLoader Creating init config 
121917     DEBUG main            d.u.i.k.p.i.AbstractProblemLoader Init config took 4.35s 
121998     INFO  main            d.u.i.k.p.i.AbstractProblemLoader Replaying proof AFilter[ThreadSpec2::startTransfer()].JML accessible clause.0 
122000     DEBUG main            d.u.i.k.p.i.IntermediateProofReplayer Proof replay took 7.5ns 
131697     INFO  main            d.u.i.k.p.r.p.TestFile    ... finished proof: closed. 
132041     INFO  main            d.u.i.k.p.i.AbstractProblemLoader Loading environment from /home/runner/work/key/key/key.core/../key.ui/examples/heap/permissions/threads/AFilter_startTransfer_accessible.key.proof 
132042     DEBUG main            d.u.i.k.p.i.AbstractProblemLoader Environment load took 417.91ns 
132043     INFO  main            d.u.i.k.p.i.AbstractProblemLoader Creating init config 
136326     DEBUG main            d.u.i.k.p.i.AbstractProblemLoader Init config took 4.28s 
136408     INFO  main            d.u.i.k.p.i.AbstractProblemLoader Replaying proof AFilter[ThreadSpec2::startTransfer()].JML accessible clause.0 
137228     DEBUG main            d.u.i.k.p.i.IntermediateProofReplayer Proof replay took 797.47ms 
137230     DEBUG main            d.u.i.k.p.r.p.TestFile    ... success: reloaded. 
137231     INFO  main            d.u.i.k.p.r.p.TestFile    Now processing file /home/runner/work/key/key/key.core/../key.ui/examples/heap/permissions/threads/AFilter_startTransfer_contract.key 
137232     INFO  main            d.u.i.k.p.i.AbstractProblemLoader Loading environment from /home/runner/work/key/key/key.core/../key.ui/examples/heap/permissions/threads/AFilter_startTransfer_contract.key 
137232     DEBUG main            d.u.i.k.p.i.AbstractProblemLoader Environment load took 236.01ns 
137233     INFO  main            d.u.i.k.p.i.AbstractProblemLoader Creating init config 
141646     DEBUG main            d.u.i.k.p.i.AbstractProblemLoader Init config took 4.41s 
141747     INFO  main            d.u.i.k.p.i.AbstractProblemLoader Replaying proof AFilter[ThreadSpec2::startTransfer()].JML model_behavior operation contract.0 
141748     DEBUG main            d.u.i.k.p.i.IntermediateProofReplayer Proof replay took 7.8ns 
142153     INFO  main            d.u.i.k.p.r.p.TestFile    ... finished proof: closed. 
142530     INFO  main            d.u.i.k.p.i.AbstractProblemLoader Loading environment from /home/runner/work/key/key/key.core/../key.ui/examples/heap/permissions/threads/AFilter_startTransfer_contract.key.proof 
142530     DEBUG main            d.u.i.k.p.i.AbstractProblemLoader Environment load took 495.61ns 
142531     INFO  main            d.u.i.k.p.i.AbstractProblemLoader Creating init config 
146842     DEBUG main            d.u.i.k.p.i.AbstractProblemLoader Init config took 4.31s 
146948     INFO  main            d.u.i.k.p.i.AbstractProblemLoader Replaying proof AFilter[ThreadSpec2::startTransfer()].JML model_behavior operation contract.0 
147001     DEBUG main            d.u.i.k.p.i.IntermediateProofReplayer Proof replay took 47.58ms 
147002     DEBUG main            d.u.i.k.p.r.p.TestFile    ... success: reloaded. 
147003     INFO  main            d.u.i.k.p.r.p.TestFile    Now processing file /home/runner/work/key/key/key.core/../key.ui/examples/heap/permissions/threads/AFilter_stateInv_accessible.key 
147003     INFO  main            d.u.i.k.p.i.AbstractProblemLoader Loading environment from /home/runner/work/key/key/key.core/../key.ui/examples/heap/permissions/threads/AFilter_stateInv_accessible.key 
147003     DEBUG main            d.u.i.k.p.i.AbstractProblemLoader Environment load took 92.1ns 
147004     INFO  main            d.u.i.k.p.i.AbstractProblemLoader Creating init config 
151368     DEBUG main            d.u.i.k.p.i.AbstractProblemLoader Init config took 4.36s 
151477     INFO  main            d.u.i.k.p.i.AbstractProblemLoader Replaying proof AFilter[ThreadSpec2::stateInv()].JML accessible clause.0 
151479     DEBUG main            d.u.i.k.p.i.IntermediateProofReplayer Proof replay took 7.8ns 
151781     INFO  main            d.u.i.k.p.r.p.TestFile    ... finished proof: closed. 
152053     INFO  main            d.u.i.k.p.i.AbstractProblemLoader Loading environment from /home/runner/work/key/key/key.core/../key.ui/examples/heap/permissions/threads/AFilter_stateInv_accessible.key.proof 
152053     DEBUG main            d.u.i.k.p.i.AbstractProblemLoader Environment load took 120.8ns 
152054     INFO  main            d.u.i.k.p.i.AbstractProblemLoader Creating init config 
156343     DEBUG main            d.u.i.k.p.i.AbstractProblemLoader Init config took 4.29s 
156425     INFO  main            d.u.i.k.p.i.AbstractProblemLoader Replaying proof AFilter[ThreadSpec2::stateInv()].JML accessible clause.0 
156466     DEBUG main            d.u.i.k.p.i.IntermediateProofReplayer Proof replay took 37.01ms 
156467     DEBUG main            d.u.i.k.p.r.p.TestFile    ... success: reloaded. 
156468     INFO  main            d.u.i.k.p.r.p.TestFile    Now processing file /home/runner/work/key/key/key.core/../key.ui/examples/heap/permissions/threads/AFilter_staticPermissions_accessible.key 
156468     INFO  main            d.u.i.k.p.i.AbstractProblemLoader Loading environment from /home/runner/work/key/key/key.core/../key.ui/examples/heap/permissions/threads/AFilter_staticPermissions_accessible.key 
156469     DEBUG main            d.u.i.k.p.i.AbstractProblemLoader Environment load took 96.3ns 
156469     INFO  main            d.u.i.k.p.i.AbstractProblemLoader Creating init config 
160843     DEBUG main            d.u.i.k.p.i.AbstractProblemLoader Init config took 4.37s 
160943     INFO  main            d.u.i.k.p.i.AbstractProblemLoader Replaying proof AFilter[ThreadSpec2::staticPermissions()].JML accessible clause.0 
160945     DEBUG main            d.u.i.k.p.i.IntermediateProofReplayer Proof replay took 7.1ns 
161047     INFO  main            d.u.i.k.p.r.p.TestFile    ... finished proof: closed. 
161314     INFO  main            d.u.i.k.p.i.AbstractProblemLoader Loading environment from /home/runner/work/key/key/key.core/../key.ui/examples/heap/permissions/threads/AFilter_staticPermissions_accessible.key.proof 
161314     DEBUG main            d.u.i.k.p.i.AbstractProblemLoader Environment load took 109.4ns 
161315     INFO  main            d.u.i.k.p.i.AbstractProblemLoader Creating init config 
165593     DEBUG main            d.u.i.k.p.i.AbstractProblemLoader Init config took 4.28s 
165674     INFO  main            d.u.i.k.p.i.AbstractProblemLoader Replaying proof AFilter[ThreadSpec2::staticPermissions()].JML accessible clause.0 
165685     DEBUG main            d.u.i.k.p.i.IntermediateProofReplayer Proof replay took 9.5ms 
165687     DEBUG main            d.u.i.k.p.r.p.TestFile    ... success: reloaded. 
165688     INFO  main            d.u.i.k.p.r.p.TestFile    Now processing file /home/runner/work/key/key/key.core/../key.ui/examples/heap/permissions/threads/AFilter_workingPermissions_accessible.key 
165688     INFO  main            d.u.i.k.p.i.AbstractProblemLoader Loading environment from /home/runner/work/key/key/key.core/../key.ui/examples/heap/permissions/threads/AFilter_workingPermissions_accessible.key 
165688     DEBUG main            d.u.i.k.p.i.AbstractProblemLoader Environment load took 95.1ns 
165689     INFO  main            d.u.i.k.p.i.AbstractProblemLoader Creating init config 
170063     DEBUG main            d.u.i.k.p.i.AbstractProblemLoader Init config took 4.37s 
170144     INFO  main            d.u.i.k.p.i.AbstractProblemLoader Replaying proof AFilter[ThreadSpec2::workingPermissions()].JML accessible clause.0 
170145     DEBUG main            d.u.i.k.p.i.IntermediateProofReplayer Proof replay took 7.4ns 
170248     INFO  main            d.u.i.k.p.r.p.TestFile    ... finished proof: closed. 
170523     INFO  main            d.u.i.k.p.i.AbstractProblemLoader Loading environment from /home/runner/work/key/key/key.core/../key.ui/examples/heap/permissions/threads/AFilter_workingPermissions_accessible.key.proof 
170523     DEBUG main            d.u.i.k.p.i.AbstractProblemLoader Environment load took 111.1ns 
170524     INFO  main            d.u.i.k.p.i.AbstractProblemLoader Creating init config 
174796     DEBUG main            d.u.i.k.p.i.AbstractProblemLoader Init config took 4.27s 
174876     INFO  main            d.u.i.k.p.i.AbstractProblemLoader Replaying proof AFilter[ThreadSpec2::workingPermissions()].JML accessible clause.0 
174886     DEBUG main            d.u.i.k.p.i.IntermediateProofReplayer Proof replay took 8.04ms 
174887     DEBUG main            d.u.i.k.p.r.p.TestFile    ... success: reloaded. 
174888     INFO  main            d.u.i.k.p.r.p.TestFile    Now processing file /home/runner/work/key/key/key.core/../key.ui/examples/heap/permissions/threads/BFilter_BFilter.key 
174888     INFO  main            d.u.i.k.p.i.AbstractProblemLoader Loading environment from /home/runner/work/key/key/key.core/../key.ui/examples/heap/permissions/threads/BFilter_BFilter.key 
174889     DEBUG main            d.u.i.k.p.i.AbstractProblemLoader Environment load took 164.1ns 
174890     INFO  main            d.u.i.k.p.i.AbstractProblemLoader Creating init config 
179270     DEBUG main            d.u.i.k.p.i.AbstractProblemLoader Init config took 4.38s 
179352     INFO  main            d.u.i.k.p.i.AbstractProblemLoader Replaying proof BFilter[BFilter::BFilter(Sampler,Buffer)].JML normal_behavior operation contract.0 
179354     DEBUG main            d.u.i.k.p.i.IntermediateProofReplayer Proof replay took 7.9ns 
180359     INFO  main            d.u.i.k.p.r.p.TestFile    ... finished proof: closed. 
180675     INFO  main            d.u.i.k.p.i.AbstractProblemLoader Loading environment from /home/runner/work/key/key/key.core/../key.ui/examples/heap/permissions/threads/BFilter_BFilter.key.proof 
180676     DEBUG main            d.u.i.k.p.i.AbstractProblemLoader Environment load took 114.7ns 
180677     INFO  main            d.u.i.k.p.i.AbstractProblemLoader Creating init config 
184952     DEBUG main            d.u.i.k.p.i.AbstractProblemLoader Init config took 4.28s 
185049     INFO  main            d.u.i.k.p.i.AbstractProblemLoader Replaying proof BFilter[BFilter::BFilter(Sampler,Buffer)].JML normal_behavior operation contract.0 
185197     DEBUG main            d.u.i.k.p.i.IntermediateProofReplayer Proof replay took 142.91ms 
185198     DEBUG main            d.u.i.k.p.r.p.TestFile    ... success: reloaded. 
185199     INFO  main            d.u.i.k.p.r.p.TestFile    Now processing file /home/runner/work/key/key/key.core/../key.ui/examples/heap/permissions/threads/BFilter_initPost_accessible.key 
185199     INFO  main            d.u.i.k.p.i.AbstractProblemLoader Loading environment from /home/runner/work/key/key/key.core/../key.ui/examples/heap/permissions/threads/BFilter_initPost_accessible.key 
185199     DEBUG main            d.u.i.k.p.i.AbstractProblemLoader Environment load took 118.4ns 
185200     INFO  main            d.u.i.k.p.i.AbstractProblemLoader Creating init config 
189559     DEBUG main            d.u.i.k.p.i.AbstractProblemLoader Init config took 4.36s 
189655     INFO  main            d.u.i.k.p.i.AbstractProblemLoader Replaying proof BFilter[ThreadSpec2::initPost()].JML accessible clause.0 
189657     DEBUG main            d.u.i.k.p.i.IntermediateProofReplayer Proof replay took 7.3ns 
189759     INFO  main            d.u.i.k.p.r.p.TestFile    ... finished proof: closed. 
190047     INFO  main            d.u.i.k.p.i.AbstractProblemLoader Loading environment from /home/runner/work/key/key/key.core/../key.ui/examples/heap/permissions/threads/BFilter_initPost_accessible.key.proof 
190047     DEBUG main            d.u.i.k.p.i.AbstractProblemLoader Environment load took 131.7ns 
190048     INFO  main            d.u.i.k.p.i.AbstractProblemLoader Creating init config 
194316     DEBUG main            d.u.i.k.p.i.AbstractProblemLoader Init config took 4.27s 
194396     INFO  main            d.u.i.k.p.i.AbstractProblemLoader Replaying proof BFilter[ThreadSpec2::initPost()].JML accessible clause.0 
194408     DEBUG main            d.u.i.k.p.i.IntermediateProofReplayer Proof replay took 10.11ms 
194409     DEBUG main            d.u.i.k.p.r.p.TestFile    ... success: reloaded. 
194410     INFO  main            d.u.i.k.p.r.p.TestFile    Now processing file /home/runner/work/key/key/key.core/../key.ui/examples/heap/permissions/threads/BFilter_inv_accessible1.key 
194410     INFO  main            d.u.i.k.p.i.AbstractProblemLoader Loading environment from /home/runner/work/key/key/key.core/../key.ui/examples/heap/permissions/threads/BFilter_inv_accessible1.key 
194410     DEBUG main            d.u.i.k.p.i.AbstractProblemLoader Environment load took 90ns 
194411     INFO  main            d.u.i.k.p.i.AbstractProblemLoader Creating init config 
198750     DEBUG main            d.u.i.k.p.i.AbstractProblemLoader Init config took 4.34s 
198830     INFO  main            d.u.i.k.p.i.AbstractProblemLoader Replaying proof BFilter[java.lang.Object::<inv>()].JML accessible clause.0 
198832     DEBUG main            d.u.i.k.p.i.IntermediateProofReplayer Proof replay took 7.6ns 
198934     INFO  main            d.u.i.k.p.r.p.TestFile    ... finished proof: closed. 
199228     INFO  main            d.u.i.k.p.i.AbstractProblemLoader Loading environment from /home/runner/work/key/key/key.core/../key.ui/examples/heap/permissions/threads/BFilter_inv_accessible1.key.proof 
199228     DEBUG main            d.u.i.k.p.i.AbstractProblemLoader Environment load took 114.5ns 
199229     INFO  main            d.u.i.k.p.i.AbstractProblemLoader Creating init config 
203518     DEBUG main            d.u.i.k.p.i.AbstractProblemLoader Init config took 4.29s 
203598     INFO  main            d.u.i.k.p.i.AbstractProblemLoader Replaying proof BFilter[java.lang.Object::<inv>()].JML accessible clause.0 
203601     DEBUG main            d.u.i.k.p.i.IntermediateProofReplayer Proof replay took 1.77ms 
203602     DEBUG main            d.u.i.k.p.r.p.TestFile    ... success: reloaded. 
203603     INFO  main            d.u.i.k.p.r.p.TestFile    Now processing file /home/runner/work/key/key/key.core/../key.ui/examples/heap/permissions/threads/BFilter_inv_accessible2.key 
203603     INFO  main            d.u.i.k.p.i.AbstractProblemLoader Loading environment from /home/runner/work/key/key/key.core/../key.ui/examples/heap/permissions/threads/BFilter_inv_accessible2.key 
203603     DEBUG main            d.u.i.k.p.i.AbstractProblemLoader Environment load took 71.2ns 
203605     INFO  main            d.u.i.k.p.i.AbstractProblemLoader Creating init config 
207915     DEBUG main            d.u.i.k.p.i.AbstractProblemLoader Init config took 4.31s 
207996     INFO  main            d.u.i.k.p.i.AbstractProblemLoader Replaying proof BFilter[java.lang.Object::<inv>()].JML accessible clause.1 
208004     DEBUG main            d.u.i.k.p.i.IntermediateProofReplayer Proof replay took 7.8ns 
208107     INFO  main            d.u.i.k.p.r.p.TestFile    ... finished proof: closed. 
208417     INFO  main            d.u.i.k.p.i.AbstractProblemLoader Loading environment from /home/runner/work/key/key/key.core/../key.ui/examples/heap/permissions/threads/BFilter_inv_accessible2.key.proof 
208417     DEBUG main            d.u.i.k.p.i.AbstractProblemLoader Environment load took 111.1ns 
208418     INFO  main            d.u.i.k.p.i.AbstractProblemLoader Creating init config 
212670     DEBUG main            d.u.i.k.p.i.AbstractProblemLoader Init config took 4.25s 
212751     INFO  main            d.u.i.k.p.i.AbstractProblemLoader Replaying proof BFilter[java.lang.Object::<inv>()].JML accessible clause.1 
212754     DEBUG main            d.u.i.k.p.i.IntermediateProofReplayer Proof replay took 1.84ms 
212755     DEBUG main            d.u.i.k.p.r.p.TestFile    ... success: reloaded. 
212756     INFO  main            d.u.i.k.p.r.p.TestFile    Now processing file /home/runner/work/key/key/key.core/../key.ui/examples/heap/permissions/threads/BFilter_joinTransfer_accessible.key 
212756     INFO  main            d.u.i.k.p.i.AbstractProblemLoader Loading environment from /home/runner/work/key/key/key.core/../key.ui/examples/heap/permissions/threads/BFilter_joinTransfer_accessible.key 
212756     DEBUG main            d.u.i.k.p.i.AbstractProblemLoader Environment load took 84.3ns 
212757     INFO  main            d.u.i.k.p.i.AbstractProblemLoader Creating init config 
217089     DEBUG main            d.u.i.k.p.i.AbstractProblemLoader Init config took 4.33s 
217186     INFO  main            d.u.i.k.p.i.AbstractProblemLoader Replaying proof BFilter[ThreadSpec2::joinTransfer()].JML accessible clause.0 
217187     DEBUG main            d.u.i.k.p.i.IntermediateProofReplayer Proof replay took 8.2ns 
218197     INFO  main            d.u.i.k.p.r.p.TestFile    ... finished proof: closed. 
218537     INFO  main            d.u.i.k.p.i.AbstractProblemLoader Loading environment from /home/runner/work/key/key/key.core/../key.ui/examples/heap/permissions/threads/BFilter_joinTransfer_accessible.key.proof 
218537     DEBUG main            d.u.i.k.p.i.AbstractProblemLoader Environment load took 119.4ns 
218539     INFO  main            d.u.i.k.p.i.AbstractProblemLoader Creating init config 
222807     DEBUG main            d.u.i.k.p.i.AbstractProblemLoader Init config took 4.27s 
222887     INFO  main            d.u.i.k.p.i.AbstractProblemLoader Replaying proof BFilter[ThreadSpec2::joinTransfer()].JML accessible clause.0 
223001     DEBUG main            d.u.i.k.p.i.IntermediateProofReplayer Proof replay took 108.37ms 
223002     DEBUG main            d.u.i.k.p.r.p.TestFile    ... success: reloaded. 
223003     INFO  main            d.u.i.k.p.r.p.TestFile    Now processing file /home/runner/work/key/key/key.core/../key.ui/examples/heap/permissions/threads/BFilter_joinTransfer_contract.key 
223004     INFO  main            d.u.i.k.p.i.AbstractProblemLoader Loading environment from /home/runner/work/key/key/key.core/../key.ui/examples/heap/permissions/threads/BFilter_joinTransfer_contract.key 
223004     DEBUG main            d.u.i.k.p.i.AbstractProblemLoader Environment load took 168.7ns 
223005     INFO  main            d.u.i.k.p.i.AbstractProblemLoader Creating init config 
227343     DEBUG main            d.u.i.k.p.i.AbstractProblemLoader Init config took 4.34s 
227440     INFO  main            d.u.i.k.p.i.AbstractProblemLoader Replaying proof BFilter[ThreadSpec2::joinTransfer()].JML model_behavior operation contract.0 
227441     DEBUG main            d.u.i.k.p.i.IntermediateProofReplayer Proof replay took 8.2ns 
227543     INFO  main            d.u.i.k.p.r.p.TestFile    ... finished proof: closed. 
227851     INFO  main            d.u.i.k.p.i.AbstractProblemLoader Loading environment from /home/runner/work/key/key/key.core/../key.ui/examples/heap/permissions/threads/BFilter_joinTransfer_contract.key.proof 
227852     DEBUG main            d.u.i.k.p.i.AbstractProblemLoader Environment load took 108.4ns 
227852     INFO  main            d.u.i.k.p.i.AbstractProblemLoader Creating init config 
232111     DEBUG main            d.u.i.k.p.i.AbstractProblemLoader Init config took 4.26s 
232192     INFO  main            d.u.i.k.p.i.AbstractProblemLoader Replaying proof BFilter[ThreadSpec2::joinTransfer()].JML model_behavior operation contract.0 
232202     DEBUG main            d.u.i.k.p.i.IntermediateProofReplayer Proof replay took 7ms 
232203     DEBUG main            d.u.i.k.p.r.p.TestFile    ... success: reloaded. 
232204     INFO  main            d.u.i.k.p.r.p.TestFile    Now processing file /home/runner/work/key/key/key.core/../key.ui/examples/heap/permissions/threads/BFilter_postJoin_accessible.key 
232204     INFO  main            d.u.i.k.p.i.AbstractProblemLoader Loading environment from /home/runner/work/key/key/key.core/../key.ui/examples/heap/permissions/threads/BFilter_postJoin_accessible.key 
232205     DEBUG main            d.u.i.k.p.i.AbstractProblemLoader Environment load took 181.8ns 
232206     INFO  main            d.u.i.k.p.i.AbstractProblemLoader Creating init config 
236575     DEBUG main            d.u.i.k.p.i.AbstractProblemLoader Init config took 4.37s 
236655     INFO  main            d.u.i.k.p.i.AbstractProblemLoader Replaying proof BFilter[ThreadSpec2::postJoin(java.lang.Object)].JML accessible clause.0 
236657     DEBUG main            d.u.i.k.p.i.IntermediateProofReplayer Proof replay took 7.9ns 
236761     INFO  main            d.u.i.k.p.r.p.TestFile    ... finished proof: closed. 
237133     INFO  main            d.u.i.k.p.i.AbstractProblemLoader Loading environment from /home/runner/work/key/key/key.core/../key.ui/examples/heap/permissions/threads/BFilter_postJoin_accessible.key.proof 
237133     DEBUG main            d.u.i.k.p.i.AbstractProblemLoader Environment load took 118ns 
237134     INFO  main            d.u.i.k.p.i.AbstractProblemLoader Creating init config 
241406     DEBUG main            d.u.i.k.p.i.AbstractProblemLoader Init config took 4.27s 
241486     INFO  main            d.u.i.k.p.i.AbstractProblemLoader Replaying proof BFilter[ThreadSpec2::postJoin(java.lang.Object)].JML accessible clause.0 
241494     DEBUG main            d.u.i.k.p.i.IntermediateProofReplayer Proof replay took 6.17ms 
241494     DEBUG main            d.u.i.k.p.r.p.TestFile    ... success: reloaded. 
241495     INFO  main            d.u.i.k.p.r.p.TestFile    Now processing file /home/runner/work/key/key/key.core/../key.ui/examples/heap/permissions/threads/BFilter_preStart_accessible.key 
241496     INFO  main            d.u.i.k.p.i.AbstractProblemLoader Loading environment from /home/runner/work/key/key/key.core/../key.ui/examples/heap/permissions/threads/BFilter_preStart_accessible.key 
241496     DEBUG main            d.u.i.k.p.i.AbstractProblemLoader Environment load took 100.2ns 
241497     INFO  main            d.u.i.k.p.i.AbstractProblemLoader Creating init config 
245820     DEBUG main            d.u.i.k.p.i.AbstractProblemLoader Init config took 4.32s 
245916     INFO  main            d.u.i.k.p.i.AbstractProblemLoader Replaying proof BFilter[ThreadSpec2::preStart(java.lang.Object)].JML accessible clause.0 
245917     DEBUG main            d.u.i.k.p.i.IntermediateProofReplayer Proof replay took 7.2ns 
246220     INFO  main            d.u.i.k.p.r.p.TestFile    ... finished proof: closed. 
246576     INFO  main            d.u.i.k.p.i.AbstractProblemLoader Loading environment from /home/runner/work/key/key/key.core/../key.ui/examples/heap/permissions/threads/BFilter_preStart_accessible.key.proof 
246576     DEBUG main            d.u.i.k.p.i.AbstractProblemLoader Environment load took 104.6ns 
246577     INFO  main            d.u.i.k.p.i.AbstractProblemLoader Creating init config 
250836     DEBUG main            d.u.i.k.p.i.AbstractProblemLoader Init config took 4.26s 
250916     INFO  main            d.u.i.k.p.i.AbstractProblemLoader Replaying proof BFilter[ThreadSpec2::preStart(java.lang.Object)].JML accessible clause.0 
250948     DEBUG main            d.u.i.k.p.i.IntermediateProofReplayer Proof replay took 28.98ms 
250949     DEBUG main            d.u.i.k.p.r.p.TestFile    ... success: reloaded. 
250950     INFO  main            d.u.i.k.p.r.p.TestFile    Now processing file /home/runner/work/key/key/key.core/../key.ui/examples/heap/permissions/threads/BFilter_startTransfer_accessible.key 
250950     INFO  main            d.u.i.k.p.i.AbstractProblemLoader Loading environment from /home/runner/work/key/key/key.core/../key.ui/examples/heap/permissions/threads/BFilter_startTransfer_accessible.key 
250951     DEBUG main            d.u.i.k.p.i.AbstractProblemLoader Environment load took 169.6ns 
250952     INFO  main            d.u.i.k.p.i.AbstractProblemLoader Creating init config 
255304     DEBUG main            d.u.i.k.p.i.AbstractProblemLoader Init config took 4.35s 
255383     INFO  main            d.u.i.k.p.i.AbstractProblemLoader Replaying proof BFilter[ThreadSpec2::startTransfer()].JML accessible clause.0 
255385     DEBUG main            d.u.i.k.p.i.IntermediateProofReplayer Proof replay took 8ns 
265427     INFO  main            d.u.i.k.p.r.p.TestFile    ... finished proof: closed. 
265791     INFO  main            d.u.i.k.p.i.AbstractProblemLoader Loading environment from /home/runner/work/key/key/key.core/../key.ui/examples/heap/permissions/threads/BFilter_startTransfer_accessible.key.proof 
265792     DEBUG main            d.u.i.k.p.i.AbstractProblemLoader Environment load took 112.8ns 
265793     INFO  main            d.u.i.k.p.i.AbstractProblemLoader Creating init config 
270040     DEBUG main            d.u.i.k.p.i.AbstractProblemLoader Init config took 4.25s 
270120     INFO  main            d.u.i.k.p.i.AbstractProblemLoader Replaying proof BFilter[ThreadSpec2::startTransfer()].JML accessible clause.0 
270973     DEBUG main            d.u.i.k.p.i.IntermediateProofReplayer Proof replay took 808.68ms 
270975     DEBUG main            d.u.i.k.p.r.p.TestFile    ... success: reloaded. 
270976     INFO  main            d.u.i.k.p.r.p.TestFile    Now processing file /home/runner/work/key/key/key.core/../key.ui/examples/heap/permissions/threads/BFilter_startTransfer_contract.key 
270977     INFO  main            d.u.i.k.p.i.AbstractProblemLoader Loading environment from /home/runner/work/key/key/key.core/../key.ui/examples/heap/permissions/threads/BFilter_startTransfer_contract.key 
270977     DEBUG main            d.u.i.k.p.i.AbstractProblemLoader Environment load took 158.7ns 
270978     INFO  main            d.u.i.k.p.i.AbstractProblemLoader Creating init config 
275352     DEBUG main            d.u.i.k.p.i.AbstractProblemLoader Init config took 4.37s 
275453     INFO  main            d.u.i.k.p.i.AbstractProblemLoader Replaying proof BFilter[ThreadSpec2::startTransfer()].JML model_behavior operation contract.0 
275454     DEBUG main            d.u.i.k.p.i.IntermediateProofReplayer Proof replay took 8.6ns 
276460     INFO  main            d.u.i.k.p.r.p.TestFile    ... finished proof: closed. 
276804     INFO  main            d.u.i.k.p.i.AbstractProblemLoader Loading environment from /home/runner/work/key/key/key.core/../key.ui/examples/heap/permissions/threads/BFilter_startTransfer_contract.key.proof 
276804     DEBUG main            d.u.i.k.p.i.AbstractProblemLoader Environment load took 112.1ns 
276805     INFO  main            d.u.i.k.p.i.AbstractProblemLoader Creating init config 
281057     DEBUG main            d.u.i.k.p.i.AbstractProblemLoader Init config took 4.25s 
281137     INFO  main            d.u.i.k.p.i.AbstractProblemLoader Replaying proof BFilter[ThreadSpec2::startTransfer()].JML model_behavior operation contract.0 
281236     DEBUG main            d.u.i.k.p.i.IntermediateProofReplayer Proof replay took 93.1ms 
281237     DEBUG main            d.u.i.k.p.r.p.TestFile    ... success: reloaded. 
281238     INFO  main            d.u.i.k.p.r.p.TestFile    Now processing file /home/runner/work/key/key/key.core/../key.ui/examples/heap/permissions/threads/BFilter_stateInv_accessible.key 
281238     INFO  main            d.u.i.k.p.i.AbstractProblemLoader Loading environment from /home/runner/work/key/key/key.core/../key.ui/examples/heap/permissions/threads/BFilter_stateInv_accessible.key 
281238     DEBUG main            d.u.i.k.p.i.AbstractProblemLoader Environment load took 77.8ns 
281239     INFO  main            d.u.i.k.p.i.AbstractProblemLoader Creating init config 
285593     DEBUG main            d.u.i.k.p.i.AbstractProblemLoader Init config took 4.35s 
285673     INFO  main            d.u.i.k.p.i.AbstractProblemLoader Replaying proof BFilter[ThreadSpec2::stateInv()].JML accessible clause.0 
285674     DEBUG main            d.u.i.k.p.i.IntermediateProofReplayer Proof replay took 7.5ns 
285977     INFO  main            d.u.i.k.p.r.p.TestFile    ... finished proof: closed. 
286328     INFO  main            d.u.i.k.p.i.AbstractProblemLoader Loading environment from /home/runner/work/key/key/key.core/../key.ui/examples/heap/permissions/threads/BFilter_stateInv_accessible.key.proof 
286328     DEBUG main            d.u.i.k.p.i.AbstractProblemLoader Environment load took 105.4ns 
286329     INFO  main            d.u.i.k.p.i.AbstractProblemLoader Creating init config 
290584     DEBUG main            d.u.i.k.p.i.AbstractProblemLoader Init config took 4.26s 
290664     INFO  main            d.u.i.k.p.i.AbstractProblemLoader Replaying proof BFilter[ThreadSpec2::stateInv()].JML accessible clause.0 
290701     DEBUG main            d.u.i.k.p.i.IntermediateProofReplayer Proof replay took 34.65ms 
290702     DEBUG main            d.u.i.k.p.r.p.TestFile    ... success: reloaded. 
290703     INFO  main            d.u.i.k.p.r.p.TestFile    Now processing file /home/runner/work/key/key/key.core/../key.ui/examples/heap/permissions/threads/BFilter_staticPermissions_accessible.key 
290703     INFO  main            d.u.i.k.p.i.AbstractProblemLoader Loading environment from /home/runner/work/key/key/key.core/../key.ui/examples/heap/permissions/threads/BFilter_staticPermissions_accessible.key 
290704     DEBUG main            d.u.i.k.p.i.AbstractProblemLoader Environment load took 162.7ns 
290704     INFO  main            d.u.i.k.p.i.AbstractProblemLoader Creating init config 
295027     DEBUG main            d.u.i.k.p.i.AbstractProblemLoader Init config took 4.32s 
295107     INFO  main            d.u.i.k.p.i.AbstractProblemLoader Replaying proof BFilter[ThreadSpec2::staticPermissions()].JML accessible clause.0 
295108     DEBUG main            d.u.i.k.p.i.IntermediateProofReplayer Proof replay took 9.1ns 
295211     INFO  main            d.u.i.k.p.r.p.TestFile    ... finished proof: closed. 
295559     INFO  main            d.u.i.k.p.i.AbstractProblemLoader Loading environment from /home/runner/work/key/key/key.core/../key.ui/examples/heap/permissions/threads/BFilter_staticPermissions_accessible.key.proof 
295559     DEBUG main            d.u.i.k.p.i.AbstractProblemLoader Environment load took 104.3ns 
295560     INFO  main            d.u.i.k.p.i.AbstractProblemLoader Creating init config 
299806     DEBUG main            d.u.i.k.p.i.AbstractProblemLoader Init config took 4.25s 
299885     INFO  main            d.u.i.k.p.i.AbstractProblemLoader Replaying proof BFilter[ThreadSpec2::staticPermissions()].JML accessible clause.0 
299895     DEBUG main            d.u.i.k.p.i.IntermediateProofReplayer Proof replay took 8.95ms 
299896     DEBUG main            d.u.i.k.p.r.p.TestFile    ... success: reloaded. 
299897     INFO  main            d.u.i.k.p.r.p.TestFile    Now processing file /home/runner/work/key/key/key.core/../key.ui/examples/heap/permissions/threads/BFilter_workingPermissions_accessible.key 
299897     INFO  main            d.u.i.k.p.i.AbstractProblemLoader Loading environment from /home/runner/work/key/key/key.core/../key.ui/examples/heap/permissions/threads/BFilter_workingPermissions_accessible.key 
299897     DEBUG main            d.u.i.k.p.i.AbstractProblemLoader Environment load took 84.2ns 
299898     INFO  main            d.u.i.k.p.i.AbstractProblemLoader Creating init config 
304230     DEBUG main            d.u.i.k.p.i.AbstractProblemLoader Init config took 4.33s 
304309     INFO  main            d.u.i.k.p.i.AbstractProblemLoader Replaying proof BFilter[ThreadSpec2::workingPermissions()].JML accessible clause.0 
304311     DEBUG main            d.u.i.k.p.i.IntermediateProofReplayer Proof replay took 8.4ns 
304413     INFO  main            d.u.i.k.p.r.p.TestFile    ... finished proof: closed. 
304770     INFO  main            d.u.i.k.p.i.AbstractProblemLoader Loading environment from /home/runner/work/key/key/key.core/../key.ui/examples/heap/permissions/threads/BFilter_workingPermissions_accessible.key.proof 
304770     DEBUG main            d.u.i.k.p.i.AbstractProblemLoader Environment load took 104.9ns 
304771     INFO  main            d.u.i.k.p.i.AbstractProblemLoader Creating init config 
309016     DEBUG main            d.u.i.k.p.i.AbstractProblemLoader Init config took 4.24s 
309094     INFO  main            d.u.i.k.p.i.AbstractProblemLoader Replaying proof BFilter[ThreadSpec2::workingPermissions()].JML accessible clause.0 
309104     DEBUG main            d.u.i.k.p.i.IntermediateProofReplayer Proof replay took 7.73ms 
309105     DEBUG main            d.u.i.k.p.r.p.TestFile    ... success: reloaded. 
309105     INFO  main            d.u.i.k.p.r.p.TestFile    Now processing file /home/runner/work/key/key/key.core/../key.ui/examples/heap/permissions/threads/Fib_Fib.key 
309106     INFO  main            d.u.i.k.p.i.AbstractProblemLoader Loading environment from /home/runner/work/key/key/key.core/../key.ui/examples/heap/permissions/threads/Fib_Fib.key 
309106     DEBUG main            d.u.i.k.p.i.AbstractProblemLoader Environment load took 106.2ns 
309107     INFO  main            d.u.i.k.p.i.AbstractProblemLoader Creating init config 
313440     DEBUG main            d.u.i.k.p.i.AbstractProblemLoader Init config took 4.33s 
313535     INFO  main            d.u.i.k.p.i.AbstractProblemLoader Replaying proof Fib[Fib::Fib(int)].JML normal_behavior operation contract.0 
313537     DEBUG main            d.u.i.k.p.i.IntermediateProofReplayer Proof replay took 7.9ns 
314140     INFO  main            d.u.i.k.p.r.p.TestFile    ... finished proof: closed. 
314536     INFO  main            d.u.i.k.p.i.AbstractProblemLoader Loading environment from /home/runner/work/key/key/key.core/../key.ui/examples/heap/permissions/threads/Fib_Fib.key.proof 
314536     DEBUG main            d.u.i.k.p.i.AbstractProblemLoader Environment load took 107.1ns 
314537     INFO  main            d.u.i.k.p.i.AbstractProblemLoader Creating init config 
318803     DEBUG main            d.u.i.k.p.i.AbstractProblemLoader Init config took 4.27s 
318882     INFO  main            d.u.i.k.p.i.AbstractProblemLoader Replaying proof Fib[Fib::Fib(int)].JML normal_behavior operation contract.0 
318977     DEBUG main            d.u.i.k.p.i.IntermediateProofReplayer Proof replay took 92.6ms 
318979     DEBUG main            d.u.i.k.p.r.p.TestFile    ... success: reloaded. 
318979     INFO  main            d.u.i.k.p.r.p.TestFile    Now processing file /home/runner/work/key/key/key.core/../key.ui/examples/heap/permissions/threads/Fib_initPost_accessible.key 
318980     INFO  main            d.u.i.k.p.i.AbstractProblemLoader Loading environment from /home/runner/work/key/key/key.core/../key.ui/examples/heap/permissions/threads/Fib_initPost_accessible.key 
318980     DEBUG main            d.u.i.k.p.i.AbstractProblemLoader Environment load took 82.9ns 
318981     INFO  main            d.u.i.k.p.i.AbstractProblemLoader Creating init config 
323326     DEBUG main            d.u.i.k.p.i.AbstractProblemLoader Init config took 4.35s 
323405     INFO  main            d.u.i.k.p.i.AbstractProblemLoader Replaying proof Fib[ThreadSpec::initPost()].JML accessible clause.0 
323407     DEBUG main            d.u.i.k.p.i.IntermediateProofReplayer Proof replay took 8.5ns 
323508     INFO  main            d.u.i.k.p.r.p.TestFile    ... finished proof: closed. 
323874     INFO  main            d.u.i.k.p.i.AbstractProblemLoader Loading environment from /home/runner/work/key/key/key.core/../key.ui/examples/heap/permissions/threads/Fib_initPost_accessible.key.proof 
323874     DEBUG main            d.u.i.k.p.i.AbstractProblemLoader Environment load took 105.2ns 
323875     INFO  main            d.u.i.k.p.i.AbstractProblemLoader Creating init config 
328131     DEBUG main            d.u.i.k.p.i.AbstractProblemLoader Init config took 4.26s 
328221     INFO  main            d.u.i.k.p.i.AbstractProblemLoader Replaying proof Fib[ThreadSpec::initPost()].JML accessible clause.0 
328227     DEBUG main            d.u.i.k.p.i.IntermediateProofReplayer Proof replay took 4.89ms 
328228     DEBUG main            d.u.i.k.p.r.p.TestFile    ... success: reloaded. 
328230     INFO  main            d.u.i.k.p.r.p.TestFile    Now processing file /home/runner/work/key/key/key.core/../key.ui/examples/heap/permissions/threads/Fib_inv1_accessible.key 
328231     INFO  main            d.u.i.k.p.i.AbstractProblemLoader Loading environment from /home/runner/work/key/key/key.core/../key.ui/examples/heap/permissions/threads/Fib_inv1_accessible.key 
328231     DEBUG main            d.u.i.k.p.i.AbstractProblemLoader Environment load took 120.9ns 
328232     INFO  main            d.u.i.k.p.i.AbstractProblemLoader Creating init config 
332568     DEBUG main            d.u.i.k.p.i.AbstractProblemLoader Init config took 4.34s 
332647     INFO  main            d.u.i.k.p.i.AbstractProblemLoader Replaying proof Fib[java.lang.Object::<inv>()].JML accessible clause.0 
332648     DEBUG main            d.u.i.k.p.i.IntermediateProofReplayer Proof replay took 7.9ns 
332750     INFO  main            d.u.i.k.p.r.p.TestFile    ... finished proof: closed. 
333125     INFO  main            d.u.i.k.p.i.AbstractProblemLoader Loading environment from /home/runner/work/key/key/key.core/../key.ui/examples/heap/permissions/threads/Fib_inv1_accessible.key.proof 
333125     DEBUG main            d.u.i.k.p.i.AbstractProblemLoader Environment load took 98.6ns 
333126     INFO  main            d.u.i.k.p.i.AbstractProblemLoader Creating init config 
337419     DEBUG main            d.u.i.k.p.i.AbstractProblemLoader Init config took 4.29s 
337497     INFO  main            d.u.i.k.p.i.AbstractProblemLoader Replaying proof Fib[java.lang.Object::<inv>()].JML accessible clause.0 
337500     DEBUG main            d.u.i.k.p.i.IntermediateProofReplayer Proof replay took 1.74ms 
337501     DEBUG main            d.u.i.k.p.r.p.TestFile    ... success: reloaded. 
337502     INFO  main            d.u.i.k.p.r.p.TestFile    Now processing file /home/runner/work/key/key/key.core/../key.ui/examples/heap/permissions/threads/Fib_inv2_accessible.key 
337502     INFO  main            d.u.i.k.p.i.AbstractProblemLoader Loading environment from /home/runner/work/key/key/key.core/../key.ui/examples/heap/permissions/threads/Fib_inv2_accessible.key 
337502     DEBUG main            d.u.i.k.p.i.AbstractProblemLoader Environment load took 79.6ns 
337503     INFO  main            d.u.i.k.p.i.AbstractProblemLoader Creating init config 
341795     DEBUG main            d.u.i.k.p.i.AbstractProblemLoader Init config took 4.29s 
341888     INFO  main            d.u.i.k.p.i.AbstractProblemLoader Replaying proof Fib[java.lang.Object::<inv>()].JML accessible clause.1 
341890     DEBUG main            d.u.i.k.p.i.IntermediateProofReplayer Proof replay took 7.2ns 
341993     INFO  main            d.u.i.k.p.r.p.TestFile    ... finished proof: closed. 
342371     INFO  main            d.u.i.k.p.i.AbstractProblemLoader Loading environment from /home/runner/work/key/key/key.core/../key.ui/examples/heap/permissions/threads/Fib_inv2_accessible.key.proof 
342371     DEBUG main            d.u.i.k.p.i.AbstractProblemLoader Environment load took 90.7ns 
342372     INFO  main            d.u.i.k.p.i.AbstractProblemLoader Creating init config 
346581     DEBUG main            d.u.i.k.p.i.AbstractProblemLoader Init config took 4.21s 
346673     INFO  main            d.u.i.k.p.i.AbstractProblemLoader Replaying proof Fib[java.lang.Object::<inv>()].JML accessible clause.1 
346676     DEBUG main            d.u.i.k.p.i.IntermediateProofReplayer Proof replay took 1.67ms 
346676     DEBUG main            d.u.i.k.p.r.p.TestFile    ... success: reloaded. 
346677     INFO  main            d.u.i.k.p.r.p.TestFile    Now processing file /home/runner/work/key/key/key.core/../key.ui/examples/heap/permissions/threads/Fib_joinTransfer_accessible.key 
346677     INFO  main            d.u.i.k.p.i.AbstractProblemLoader Loading environment from /home/runner/work/key/key/key.core/../key.ui/examples/heap/permissions/threads/Fib_joinTransfer_accessible.key 
346678     DEBUG main            d.u.i.k.p.i.AbstractProblemLoader Environment load took 53.2ns 
346678     INFO  main            d.u.i.k.p.i.AbstractProblemLoader Creating init config 
350963     DEBUG main            d.u.i.k.p.i.AbstractProblemLoader Init config took 4.28s 
351040     INFO  main            d.u.i.k.p.i.AbstractProblemLoader Replaying proof Fib[ThreadSpec::joinTransfer()].JML accessible clause.0 
351042     DEBUG main            d.u.i.k.p.i.IntermediateProofReplayer Proof replay took 7.5ns 
351244     INFO  main            d.u.i.k.p.r.p.TestFile    ... finished proof: closed. 
351640     INFO  main            d.u.i.k.p.i.AbstractProblemLoader Loading environment from /home/runner/work/key/key/key.core/../key.ui/examples/heap/permissions/threads/Fib_joinTransfer_accessible.key.proof 
351640     DEBUG main            d.u.i.k.p.i.AbstractProblemLoader Environment load took 102ns 
351641     INFO  main            d.u.i.k.p.i.AbstractProblemLoader Creating init config 
355858     DEBUG main            d.u.i.k.p.i.AbstractProblemLoader Init config took 4.22s 
355937     INFO  main            d.u.i.k.p.i.AbstractProblemLoader Replaying proof Fib[ThreadSpec::joinTransfer()].JML accessible clause.0 
355962     DEBUG main            d.u.i.k.p.i.IntermediateProofReplayer Proof replay took 22.63ms 
355963     DEBUG main            d.u.i.k.p.r.p.TestFile    ... success: reloaded. 
355963     INFO  main            d.u.i.k.p.r.p.TestFile    Now processing file /home/runner/work/key/key/key.core/../key.ui/examples/heap/permissions/threads/Fib_joinTransfer_contract.key 
355964     INFO  main            d.u.i.k.p.i.AbstractProblemLoader Loading environment from /home/runner/work/key/key/key.core/../key.ui/examples/heap/permissions/threads/Fib_joinTransfer_contract.key 
355964     DEBUG main            d.u.i.k.p.i.AbstractProblemLoader Environment load took 58ns 
355964     INFO  main            d.u.i.k.p.i.AbstractProblemLoader Creating init config 
360254     DEBUG main            d.u.i.k.p.i.AbstractProblemLoader Init config took 4.29s 
360332     INFO  main            d.u.i.k.p.i.AbstractProblemLoader Replaying proof Fib[ThreadSpec::joinTransfer()].JML model_behavior operation contract.0 
360333     DEBUG main            d.u.i.k.p.i.IntermediateProofReplayer Proof replay took 7.3ns 
360439     INFO  main            d.u.i.k.p.r.p.TestFile    ... finished proof: closed. 
360833     INFO  main            d.u.i.k.p.i.AbstractProblemLoader Loading environment from /home/runner/work/key/key/key.core/../key.ui/examples/heap/permissions/threads/Fib_joinTransfer_contract.key.proof 
360833     DEBUG main            d.u.i.k.p.i.AbstractProblemLoader Environment load took 89.8ns 
360834     INFO  main            d.u.i.k.p.i.AbstractProblemLoader Creating init config 
365060     DEBUG main            d.u.i.k.p.i.AbstractProblemLoader Init config took 4.23s 
365139     INFO  main            d.u.i.k.p.i.AbstractProblemLoader Replaying proof Fib[ThreadSpec::joinTransfer()].JML model_behavior operation contract.0 
365147     DEBUG main            d.u.i.k.p.i.IntermediateProofReplayer Proof replay took 6.31ms 
365148     DEBUG main            d.u.i.k.p.r.p.TestFile    ... success: reloaded. 
365148     INFO  main            d.u.i.k.p.r.p.TestFile    Now processing file /home/runner/work/key/key/key.core/../key.ui/examples/heap/permissions/threads/Fib_postJoin_accessible.key 
365149     INFO  main            d.u.i.k.p.i.AbstractProblemLoader Loading environment from /home/runner/work/key/key/key.core/../key.ui/examples/heap/permissions/threads/Fib_postJoin_accessible.key 
365149     DEBUG main            d.u.i.k.p.i.AbstractProblemLoader Environment load took 86.3ns 
365150     INFO  main            d.u.i.k.p.i.AbstractProblemLoader Creating init config 
369437     DEBUG main            d.u.i.k.p.i.AbstractProblemLoader Init config took 4.29s 
369515     INFO  main            d.u.i.k.p.i.AbstractProblemLoader Replaying proof Fib[ThreadSpec::postJoin(java.lang.Object)].JML accessible clause.0 
369516     DEBUG main            d.u.i.k.p.i.IntermediateProofReplayer Proof replay took 8.1ns 
369618     INFO  main            d.u.i.k.p.r.p.TestFile    ... finished proof: closed. 
370019     INFO  main            d.u.i.k.p.i.AbstractProblemLoader Loading environment from /home/runner/work/key/key/key.core/../key.ui/examples/heap/permissions/threads/Fib_postJoin_accessible.key.proof 
370019     DEBUG main            d.u.i.k.p.i.AbstractProblemLoader Environment load took 90.5ns 
370020     INFO  main            d.u.i.k.p.i.AbstractProblemLoader Creating init config 
374237     DEBUG main            d.u.i.k.p.i.AbstractProblemLoader Init config took 4.22s 
374318     INFO  main            d.u.i.k.p.i.AbstractProblemLoader Replaying proof Fib[ThreadSpec::postJoin(java.lang.Object)].JML accessible clause.0 
374325     DEBUG main            d.u.i.k.p.i.IntermediateProofReplayer Proof replay took 5.23ms 
374326     DEBUG main            d.u.i.k.p.r.p.TestFile    ... success: reloaded. 
374327     INFO  main            d.u.i.k.p.r.p.TestFile    Now processing file /home/runner/work/key/key/key.core/../key.ui/examples/heap/permissions/threads/Fib_preStart_accessible.key 
374327     INFO  main            d.u.i.k.p.i.AbstractProblemLoader Loading environment from /home/runner/work/key/key/key.core/../key.ui/examples/heap/permissions/threads/Fib_preStart_accessible.key 
374327     DEBUG main            d.u.i.k.p.i.AbstractProblemLoader Environment load took 88.3ns 
374328     INFO  main            d.u.i.k.p.i.AbstractProblemLoader Creating init config 
378622     DEBUG main            d.u.i.k.p.i.AbstractProblemLoader Init config took 4.29s 
378699     INFO  main            d.u.i.k.p.i.AbstractProblemLoader Replaying proof Fib[ThreadSpec::preStart(java.lang.Object)].JML accessible clause.0 
378701     DEBUG main            d.u.i.k.p.i.IntermediateProofReplayer Proof replay took 7.8ns 
378802     INFO  main            d.u.i.k.p.r.p.TestFile    ... finished proof: closed. 
379209     INFO  main            d.u.i.k.p.i.AbstractProblemLoader Loading environment from /home/runner/work/key/key/key.core/../key.ui/examples/heap/permissions/threads/Fib_preStart_accessible.key.proof 
379209     DEBUG main            d.u.i.k.p.i.AbstractProblemLoader Environment load took 94.4ns 
379210     INFO  main            d.u.i.k.p.i.AbstractProblemLoader Creating init config 
383439     DEBUG main            d.u.i.k.p.i.AbstractProblemLoader Init config took 4.23s 
383517     INFO  main            d.u.i.k.p.i.AbstractProblemLoader Replaying proof Fib[ThreadSpec::preStart(java.lang.Object)].JML accessible clause.0 
383524     DEBUG main            d.u.i.k.p.i.IntermediateProofReplayer Proof replay took 4.99ms 
383525     DEBUG main            d.u.i.k.p.r.p.TestFile    ... success: reloaded. 
383526     INFO  main            d.u.i.k.p.r.p.TestFile    Now processing file /home/runner/work/key/key/key.core/../key.ui/examples/heap/permissions/threads/Fib_startTransfer_accessible.key 
383526     INFO  main            d.u.i.k.p.i.AbstractProblemLoader Loading environment from /home/runner/work/key/key/key.core/../key.ui/examples/heap/permissions/threads/Fib_startTransfer_accessible.key 
383526     DEBUG main            d.u.i.k.p.i.AbstractProblemLoader Environment load took 74.4ns 
383527     INFO  main            d.u.i.k.p.i.AbstractProblemLoader Creating init config 
387805     DEBUG main            d.u.i.k.p.i.AbstractProblemLoader Init config took 4.28s 
387904     INFO  main            d.u.i.k.p.i.AbstractProblemLoader Replaying proof Fib[ThreadSpec::startTransfer()].JML accessible clause.0 
387906     DEBUG main            d.u.i.k.p.i.IntermediateProofReplayer Proof replay took 9.3ns 
388108     INFO  main            d.u.i.k.p.r.p.TestFile    ... finished proof: closed. 
388526     INFO  main            d.u.i.k.p.i.AbstractProblemLoader Loading environment from /home/runner/work/key/key/key.core/../key.ui/examples/heap/permissions/threads/Fib_startTransfer_accessible.key.proof 
388526     DEBUG main            d.u.i.k.p.i.AbstractProblemLoader Environment load took 98.3ns 
388527     INFO  main            d.u.i.k.p.i.AbstractProblemLoader Creating init config 
392756     DEBUG main            d.u.i.k.p.i.AbstractProblemLoader Init config took 4.23s 
392834     INFO  main            d.u.i.k.p.i.AbstractProblemLoader Replaying proof Fib[ThreadSpec::startTransfer()].JML accessible clause.0 
392874     DEBUG main            d.u.i.k.p.i.IntermediateProofReplayer Proof replay took 37.57ms 
392875     DEBUG main            d.u.i.k.p.r.p.TestFile    ... success: reloaded. 
392876     INFO  main            d.u.i.k.p.r.p.TestFile    Now processing file /home/runner/work/key/key/key.core/../key.ui/examples/heap/permissions/threads/Fib_startTransfer_contract.key 
392876     INFO  main            d.u.i.k.p.i.AbstractProblemLoader Loading environment from /home/runner/work/key/key/key.core/../key.ui/examples/heap/permissions/threads/Fib_startTransfer_contract.key 
392876     DEBUG main            d.u.i.k.p.i.AbstractProblemLoader Environment load took 82ns 
392877     INFO  main            d.u.i.k.p.i.AbstractProblemLoader Creating init config 
397202     DEBUG main            d.u.i.k.p.i.AbstractProblemLoader Init config took 4.33s 
397281     INFO  main            d.u.i.k.p.i.AbstractProblemLoader Replaying proof Fib[ThreadSpec::startTransfer()].JML model_behavior operation contract.0 
397282     DEBUG main            d.u.i.k.p.i.IntermediateProofReplayer Proof replay took 8.6ns 
397384     INFO  main            d.u.i.k.p.r.p.TestFile    ... finished proof: closed. 
397804     INFO  main            d.u.i.k.p.i.AbstractProblemLoader Loading environment from /home/runner/work/key/key/key.core/../key.ui/examples/heap/permissions/threads/Fib_startTransfer_contract.key.proof 
397804     DEBUG main            d.u.i.k.p.i.AbstractProblemLoader Environment load took 95.7ns 
397805     INFO  main            d.u.i.k.p.i.AbstractProblemLoader Creating init config 
402028     DEBUG main            d.u.i.k.p.i.AbstractProblemLoader Init config took 4.22s 
402106     INFO  main            d.u.i.k.p.i.AbstractProblemLoader Replaying proof Fib[ThreadSpec::startTransfer()].JML model_behavior operation contract.0 
402114     DEBUG main            d.u.i.k.p.i.IntermediateProofReplayer Proof replay took 6.48ms 
402115     DEBUG main            d.u.i.k.p.r.p.TestFile    ... success: reloaded. 
402115     INFO  main            d.u.i.k.p.r.p.TestFile    Now processing file /home/runner/work/key/key/key.core/../key.ui/examples/heap/permissions/threads/Fib_workingPermissions_accessible.key 
402116     INFO  main            d.u.i.k.p.i.AbstractProblemLoader Loading environment from /home/runner/work/key/key/key.core/../key.ui/examples/heap/permissions/threads/Fib_workingPermissions_accessible.key 
402116     DEBUG main            d.u.i.k.p.i.AbstractProblemLoader Environment load took 54.8ns 
402116     INFO  main            d.u.i.k.p.i.AbstractProblemLoader Creating init config 
406421     DEBUG main            d.u.i.k.p.i.AbstractProblemLoader Init config took 4.3s 
406499     INFO  main            d.u.i.k.p.i.AbstractProblemLoader Replaying proof Fib[ThreadSpec::workingPermissions()].JML accessible clause.0 
406501     DEBUG main            d.u.i.k.p.i.IntermediateProofReplayer Proof replay took 7.2ns 
406603     INFO  main            d.u.i.k.p.r.p.TestFile    ... finished proof: closed. 
407026     INFO  main            d.u.i.k.p.i.AbstractProblemLoader Loading environment from /home/runner/work/key/key/key.core/../key.ui/examples/heap/permissions/threads/Fib_workingPermissions_accessible.key.proof 
407026     DEBUG main            d.u.i.k.p.i.AbstractProblemLoader Environment load took 124.7ns 
407027     INFO  main            d.u.i.k.p.i.AbstractProblemLoader Creating init config 
411244     DEBUG main            d.u.i.k.p.i.AbstractProblemLoader Init config took 4.22s 
411322     INFO  main            d.u.i.k.p.i.AbstractProblemLoader Replaying proof Fib[ThreadSpec::workingPermissions()].JML accessible clause.0 
411325     DEBUG main            d.u.i.k.p.i.IntermediateProofReplayer Proof replay took 2.08ms 
411326     DEBUG main            d.u.i.k.p.r.p.TestFile    ... success: reloaded. 
411327     INFO  main            d.u.i.k.p.r.p.TestFile    Now processing file /home/runner/work/key/key/key.core/../key.ui/examples/heap/permissions/threads/Plotter_initPost_accessible.key 
411327     INFO  main            d.u.i.k.p.i.AbstractProblemLoader Loading environment from /home/runner/work/key/key/key.core/../key.ui/examples/heap/permissions/threads/Plotter_initPost_accessible.key 
411327     DEBUG main            d.u.i.k.p.i.AbstractProblemLoader Environment load took 78.6ns 
411328     INFO  main            d.u.i.k.p.i.AbstractProblemLoader Creating init config 
415632     DEBUG main            d.u.i.k.p.i.AbstractProblemLoader Init config took 4.3s 
415710     INFO  main            d.u.i.k.p.i.AbstractProblemLoader Replaying proof Plotter[ThreadSpec2::initPost()].JML accessible clause.0 
415711     DEBUG main            d.u.i.k.p.i.IntermediateProofReplayer Proof replay took 7.9ns 
415812     INFO  main            d.u.i.k.p.r.p.TestFile    ... finished proof: closed. 
416251     INFO  main            d.u.i.k.p.i.AbstractProblemLoader Loading environment from /home/runner/work/key/key/key.core/../key.ui/examples/heap/permissions/threads/Plotter_initPost_accessible.key.proof 
416251     DEBUG main            d.u.i.k.p.i.AbstractProblemLoader Environment load took 99.6ns 
416252     INFO  main            d.u.i.k.p.i.AbstractProblemLoader Creating init config 
420481     DEBUG main            d.u.i.k.p.i.AbstractProblemLoader Init config took 4.23s 
420558     INFO  main            d.u.i.k.p.i.AbstractProblemLoader Replaying proof Plotter[ThreadSpec2::initPost()].JML accessible clause.0 
420572     DEBUG main            d.u.i.k.p.i.IntermediateProofReplayer Proof replay took 12.64ms 
420573     DEBUG main            d.u.i.k.p.r.p.TestFile    ... success: reloaded. 
420574     INFO  main            d.u.i.k.p.r.p.TestFile    Now processing file /home/runner/work/key/key/key.core/../key.ui/examples/heap/permissions/threads/Plotter_inv_accessible1.key 
420574     INFO  main            d.u.i.k.p.i.AbstractProblemLoader Loading environment from /home/runner/work/key/key/key.core/../key.ui/examples/heap/permissions/threads/Plotter_inv_accessible1.key 
420574     DEBUG main            d.u.i.k.p.i.AbstractProblemLoader Environment load took 70.9ns 
420575     INFO  main            d.u.i.k.p.i.AbstractProblemLoader Creating init config 
424874     DEBUG main            d.u.i.k.p.i.AbstractProblemLoader Init config took 4.3s 
424952     INFO  main            d.u.i.k.p.i.AbstractProblemLoader Replaying proof Plotter[java.lang.Object::<inv>()].JML accessible clause.0 
424953     DEBUG main            d.u.i.k.p.i.IntermediateProofReplayer Proof replay took 8.6ns 
425055     INFO  main            d.u.i.k.p.r.p.TestFile    ... finished proof: closed. 
425507     INFO  main            d.u.i.k.p.i.AbstractProblemLoader Loading environment from /home/runner/work/key/key/key.core/../key.ui/examples/heap/permissions/threads/Plotter_inv_accessible1.key.proof 
425507     DEBUG main            d.u.i.k.p.i.AbstractProblemLoader Environment load took 98.6ns 
425508     INFO  main            d.u.i.k.p.i.AbstractProblemLoader Creating init config 
429720     DEBUG main            d.u.i.k.p.i.AbstractProblemLoader Init config took 4.21s 
429798     INFO  main            d.u.i.k.p.i.AbstractProblemLoader Replaying proof Plotter[java.lang.Object::<inv>()].JML accessible clause.0 
429801     DEBUG main            d.u.i.k.p.i.IntermediateProofReplayer Proof replay took 1.65ms 
429802     DEBUG main            d.u.i.k.p.r.p.TestFile    ... success: reloaded. 
429803     INFO  main            d.u.i.k.p.r.p.TestFile    Now processing file /home/runner/work/key/key/key.core/../key.ui/examples/heap/permissions/threads/Plotter_inv_accessible2.key 
429803     INFO  main            d.u.i.k.p.i.AbstractProblemLoader Loading environment from /home/runner/work/key/key/key.core/../key.ui/examples/heap/permissions/threads/Plotter_inv_accessible2.key 
429803     DEBUG main            d.u.i.k.p.i.AbstractProblemLoader Environment load took 50.5ns 
429804     INFO  main            d.u.i.k.p.i.AbstractProblemLoader Creating init config 
434101     DEBUG main            d.u.i.k.p.i.AbstractProblemLoader Init config took 4.3s 
434179     INFO  main            d.u.i.k.p.i.AbstractProblemLoader Replaying proof Plotter[java.lang.Object::<inv>()].JML accessible clause.1 
434180     DEBUG main            d.u.i.k.p.i.IntermediateProofReplayer Proof replay took 8.5ns 
434282     INFO  main            d.u.i.k.p.r.p.TestFile    ... finished proof: closed. 
434731     INFO  main            d.u.i.k.p.i.AbstractProblemLoader Loading environment from /home/runner/work/key/key/key.core/../key.ui/examples/heap/permissions/threads/Plotter_inv_accessible2.key.proof 
434731     DEBUG main            d.u.i.k.p.i.AbstractProblemLoader Environment load took 95.4ns 
434732     INFO  main            d.u.i.k.p.i.AbstractProblemLoader Creating init config 
438959     DEBUG main            d.u.i.k.p.i.AbstractProblemLoader Init config took 4.23s 
439037     INFO  main            d.u.i.k.p.i.AbstractProblemLoader Replaying proof Plotter[java.lang.Object::<inv>()].JML accessible clause.1 
439040     DEBUG main            d.u.i.k.p.i.IntermediateProofReplayer Proof replay took 1.65ms 
439041     DEBUG main            d.u.i.k.p.r.p.TestFile    ... success: reloaded. 
439042     INFO  main            d.u.i.k.p.r.p.TestFile    Now processing file /home/runner/work/key/key/key.core/../key.ui/examples/heap/permissions/threads/Plotter_joinTransfer_contract.key 
439042     INFO  main            d.u.i.k.p.i.AbstractProblemLoader Loading environment from /home/runner/work/key/key/key.core/../key.ui/examples/heap/permissions/threads/Plotter_joinTransfer_contract.key 
439042     DEBUG main            d.u.i.k.p.i.AbstractProblemLoader Environment load took 53.6ns 
439043     INFO  main            d.u.i.k.p.i.AbstractProblemLoader Creating init config 
443349     DEBUG main            d.u.i.k.p.i.AbstractProblemLoader Init config took 4.31s 
443447     INFO  main            d.u.i.k.p.i.AbstractProblemLoader Replaying proof Plotter[ThreadSpec2::joinTransfer()].JML model_behavior operation contract.0 
443448     DEBUG main            d.u.i.k.p.i.IntermediateProofReplayer Proof replay took 7.6ns 
443550     INFO  main            d.u.i.k.p.r.p.TestFile    ... finished proof: closed. 
444000     INFO  main            d.u.i.k.p.i.AbstractProblemLoader Loading environment from /home/runner/work/key/key/key.core/../key.ui/examples/heap/permissions/threads/Plotter_joinTransfer_contract.key.proof 
444000     DEBUG main            d.u.i.k.p.i.AbstractProblemLoader Environment load took 89.8ns 
444001     INFO  main            d.u.i.k.p.i.AbstractProblemLoader Creating init config 
448215     DEBUG main            d.u.i.k.p.i.AbstractProblemLoader Init config took 4.21s 
448307     INFO  main            d.u.i.k.p.i.AbstractProblemLoader Replaying proof Plotter[ThreadSpec2::joinTransfer()].JML model_behavior operation contract.0 
448316     DEBUG main            d.u.i.k.p.i.IntermediateProofReplayer Proof replay took 7.35ms 
448318     DEBUG main            d.u.i.k.p.r.p.TestFile    ... success: reloaded. 
448319     INFO  main            d.u.i.k.p.r.p.TestFile    Now processing file /home/runner/work/key/key/key.core/../key.ui/examples/heap/permissions/threads/Plotter_Plotter.key 
448319     INFO  main            d.u.i.k.p.i.AbstractProblemLoader Loading environment from /home/runner/work/key/key/key.core/../key.ui/examples/heap/permissions/threads/Plotter_Plotter.key 
448319     DEBUG main            d.u.i.k.p.i.AbstractProblemLoader Environment load took 56.7ns 
448320     INFO  main            d.u.i.k.p.i.AbstractProblemLoader Creating init config 
452641     DEBUG main            d.u.i.k.p.i.AbstractProblemLoader Init config took 4.32s 
452720     INFO  main            d.u.i.k.p.i.AbstractProblemLoader Replaying proof Plotter[Plotter::Plotter(AFilter,BFilter,Buffer)].JML normal_behavior operation contract.0 
452722     DEBUG main            d.u.i.k.p.i.IntermediateProofReplayer Proof replay took 8.9ns 
454549     INFO  main            d.u.i.k.p.r.p.TestFile    ... finished proof: closed. 
455046     INFO  main            d.u.i.k.p.i.AbstractProblemLoader Loading environment from /home/runner/work/key/key/key.core/../key.ui/examples/heap/permissions/threads/Plotter_Plotter.key.proof 
455046     DEBUG main            d.u.i.k.p.i.AbstractProblemLoader Environment load took 99.4ns 
455047     INFO  main            d.u.i.k.p.i.AbstractProblemLoader Creating init config 
459291     DEBUG main            d.u.i.k.p.i.AbstractProblemLoader Init config took 4.24s 
459371     INFO  main            d.u.i.k.p.i.AbstractProblemLoader Replaying proof Plotter[Plotter::Plotter(AFilter,BFilter,Buffer)].JML normal_behavior operation contract.0 
459613     DEBUG main            d.u.i.k.p.i.IntermediateProofReplayer Proof replay took 236.77ms 
459614     DEBUG main            d.u.i.k.p.r.p.TestFile    ... success: reloaded. 
459615     INFO  main            d.u.i.k.p.r.p.TestFile    Now processing file /home/runner/work/key/key/key.core/../key.ui/examples/heap/permissions/threads/Plotter_postJoin_accessible.key 
459615     INFO  main            d.u.i.k.p.i.AbstractProblemLoader Loading environment from /home/runner/work/key/key/key.core/../key.ui/examples/heap/permissions/threads/Plotter_postJoin_accessible.key 
459615     DEBUG main            d.u.i.k.p.i.AbstractProblemLoader Environment load took 53.1ns 
459616     INFO  main            d.u.i.k.p.i.AbstractProblemLoader Creating init config 
463956     DEBUG main            d.u.i.k.p.i.AbstractProblemLoader Init config took 4.34s 
464034     INFO  main            d.u.i.k.p.i.AbstractProblemLoader Replaying proof Plotter[ThreadSpec2::postJoin(java.lang.Object)].JML accessible clause.0 
464036     DEBUG main            d.u.i.k.p.i.IntermediateProofReplayer Proof replay took 8.1ns 
464137     INFO  main            d.u.i.k.p.r.p.TestFile    ... finished proof: closed. 
464608     INFO  main            d.u.i.k.p.i.AbstractProblemLoader Loading environment from /home/runner/work/key/key/key.core/../key.ui/examples/heap/permissions/threads/Plotter_postJoin_accessible.key.proof 
464608     DEBUG main            d.u.i.k.p.i.AbstractProblemLoader Environment load took 95.2ns 
464609     INFO  main            d.u.i.k.p.i.AbstractProblemLoader Creating init config 
468852     DEBUG main            d.u.i.k.p.i.AbstractProblemLoader Init config took 4.24s 
468930     INFO  main            d.u.i.k.p.i.AbstractProblemLoader Replaying proof Plotter[ThreadSpec2::postJoin(java.lang.Object)].JML accessible clause.0 
468944     DEBUG main            d.u.i.k.p.i.IntermediateProofReplayer Proof replay took 11.76ms 
468945     DEBUG main            d.u.i.k.p.r.p.TestFile    ... success: reloaded. 
468946     INFO  main            d.u.i.k.p.r.p.TestFile    Now processing file /home/runner/work/key/key/key.core/../key.ui/examples/heap/permissions/threads/Plotter_preStart_accessible.key 
468946     INFO  main            d.u.i.k.p.i.AbstractProblemLoader Loading environment from /home/runner/work/key/key/key.core/../key.ui/examples/heap/permissions/threads/Plotter_preStart_accessible.key 
468946     DEBUG main            d.u.i.k.p.i.AbstractProblemLoader Environment load took 55.4ns 
468947     INFO  main            d.u.i.k.p.i.AbstractProblemLoader Creating init config 
473260     DEBUG main            d.u.i.k.p.i.AbstractProblemLoader Init config took 4.31s 
473339     INFO  main            d.u.i.k.p.i.AbstractProblemLoader Replaying proof Plotter[ThreadSpec2::preStart(java.lang.Object)].JML accessible clause.0 
473340     DEBUG main            d.u.i.k.p.i.IntermediateProofReplayer Proof replay took 8.4ns 
474344     INFO  main            d.u.i.k.p.r.p.TestFile    ... finished proof: closed. 
474832     INFO  main            d.u.i.k.p.i.AbstractProblemLoader Loading environment from /home/runner/work/key/key/key.core/../key.ui/examples/heap/permissions/threads/Plotter_preStart_accessible.key.proof 
474832     DEBUG main            d.u.i.k.p.i.AbstractProblemLoader Environment load took 96.1ns 
474834     INFO  main            d.u.i.k.p.i.AbstractProblemLoader Creating init config 
479074     DEBUG main            d.u.i.k.p.i.AbstractProblemLoader Init config took 4.24s 
479153     INFO  main            d.u.i.k.p.i.AbstractProblemLoader Replaying proof Plotter[ThreadSpec2::preStart(java.lang.Object)].JML accessible clause.0 
479233     DEBUG main            d.u.i.k.p.i.IntermediateProofReplayer Proof replay took 77.34ms 
479234     DEBUG main            d.u.i.k.p.r.p.TestFile    ... success: reloaded. 
479235     INFO  main            d.u.i.k.p.r.p.TestFile    Now processing file /home/runner/work/key/key/key.core/../key.ui/examples/heap/permissions/threads/Plotter_stateInv_accessible.key 
479235     INFO  main            d.u.i.k.p.i.AbstractProblemLoader Loading environment from /home/runner/work/key/key/key.core/../key.ui/examples/heap/permissions/threads/Plotter_stateInv_accessible.key 
479236     DEBUG main            d.u.i.k.p.i.AbstractProblemLoader Environment load took 87.6ns 
479236     INFO  main            d.u.i.k.p.i.AbstractProblemLoader Creating init config 
483562     DEBUG main            d.u.i.k.p.i.AbstractProblemLoader Init config took 4.33s 
483640     INFO  main            d.u.i.k.p.i.AbstractProblemLoader Replaying proof Plotter[ThreadSpec2::stateInv()].JML accessible clause.0 
483641     DEBUG main            d.u.i.k.p.i.IntermediateProofReplayer Proof replay took 7.7ns 
491281     INFO  main            d.u.i.k.p.r.p.TestFile    ... finished proof: closed. 
491787     INFO  main            d.u.i.k.p.i.AbstractProblemLoader Loading environment from /home/runner/work/key/key/key.core/../key.ui/examples/heap/permissions/threads/Plotter_stateInv_accessible.key.proof 
491787     DEBUG main            d.u.i.k.p.i.AbstractProblemLoader Environment load took 102.5ns 
491789     INFO  main            d.u.i.k.p.i.AbstractProblemLoader Creating init config 
496037     DEBUG main            d.u.i.k.p.i.AbstractProblemLoader Init config took 4.25s 
496115     INFO  main            d.u.i.k.p.i.AbstractProblemLoader Replaying proof Plotter[ThreadSpec2::stateInv()].JML accessible clause.0 
496733     DEBUG main            d.u.i.k.p.i.IntermediateProofReplayer Proof replay took 605.42ms 
496736     DEBUG main            d.u.i.k.p.r.p.TestFile    ... success: reloaded. 
496736     INFO  main            d.u.i.k.p.r.p.TestFile    Now processing file /home/runner/work/key/key/key.core/../key.ui/examples/heap/permissions/threads/Plotter_staticPermissions_accessible.key 
496737     INFO  main            d.u.i.k.p.i.AbstractProblemLoader Loading environment from /home/runner/work/key/key/key.core/../key.ui/examples/heap/permissions/threads/Plotter_staticPermissions_accessible.key 
496737     DEBUG main            d.u.i.k.p.i.AbstractProblemLoader Environment load took 54.4ns 
496737     INFO  main            d.u.i.k.p.i.AbstractProblemLoader Creating init config 
501070     DEBUG main            d.u.i.k.p.i.AbstractProblemLoader Init config took 4.33s 
501147     INFO  main            d.u.i.k.p.i.AbstractProblemLoader Replaying proof Plotter[ThreadSpec2::staticPermissions()].JML accessible clause.0 
501149     DEBUG main            d.u.i.k.p.i.IntermediateProofReplayer Proof replay took 43.2ns 
501853     INFO  main            d.u.i.k.p.r.p.TestFile    ... finished proof: closed. 
502360     INFO  main            d.u.i.k.p.i.AbstractProblemLoader Loading environment from /home/runner/work/key/key/key.core/../key.ui/examples/heap/permissions/threads/Plotter_staticPermissions_accessible.key.proof 
502360     DEBUG main            d.u.i.k.p.i.AbstractProblemLoader Environment load took 89.2ns 
502361     INFO  main            d.u.i.k.p.i.AbstractProblemLoader Creating init config 
506616     DEBUG main            d.u.i.k.p.i.AbstractProblemLoader Init config took 4.25s 
506696     INFO  main            d.u.i.k.p.i.AbstractProblemLoader Replaying proof Plotter[ThreadSpec2::staticPermissions()].JML accessible clause.0 
506761     DEBUG main            d.u.i.k.p.i.IntermediateProofReplayer Proof replay took 59.64ms 
506762     DEBUG main            d.u.i.k.p.r.p.TestFile    ... success: reloaded. 
506763     INFO  main            d.u.i.k.p.r.p.TestFile    Now processing file /home/runner/work/key/key/key.core/../key.ui/examples/heap/permissions/threads/Plotter_workingPermissions_accessible.key 
506764     INFO  main            d.u.i.k.p.i.AbstractProblemLoader Loading environment from /home/runner/work/key/key/key.core/../key.ui/examples/heap/permissions/threads/Plotter_workingPermissions_accessible.key 
506765     DEBUG main            d.u.i.k.p.i.AbstractProblemLoader Environment load took 105.8ns 
506766     INFO  main            d.u.i.k.p.i.AbstractProblemLoader Creating init config 
511071     DEBUG main            d.u.i.k.p.i.AbstractProblemLoader Init config took 4.31s 
511171     INFO  main            d.u.i.k.p.i.AbstractProblemLoader Replaying proof Plotter[ThreadSpec2::workingPermissions()].JML accessible clause.0 
511172     DEBUG main            d.u.i.k.p.i.IntermediateProofReplayer Proof replay took 3.2ns 
511374     INFO  main            d.u.i.k.p.r.p.TestFile    ... finished proof: closed. 
511867     INFO  main            d.u.i.k.p.i.AbstractProblemLoader Loading environment from /home/runner/work/key/key/key.core/../key.ui/examples/heap/permissions/threads/Plotter_workingPermissions_accessible.key.proof 
511867     DEBUG main            d.u.i.k.p.i.AbstractProblemLoader Environment load took 90.8ns 
511868     INFO  main            d.u.i.k.p.i.AbstractProblemLoader Creating init config 
516091     DEBUG main            d.u.i.k.p.i.AbstractProblemLoader Init config took 4.22s 
516170     INFO  main            d.u.i.k.p.i.AbstractProblemLoader Replaying proof Plotter[ThreadSpec2::workingPermissions()].JML accessible clause.0 
516187     DEBUG main            d.u.i.k.p.i.IntermediateProofReplayer Proof replay took 14.97ms 
516188     DEBUG main            d.u.i.k.p.r.p.TestFile    ... success: reloaded. 
516189     INFO  main            d.u.i.k.p.r.p.TestFile    Now processing file /home/runner/work/key/key/key.core/../key.ui/examples/heap/permissions/threads/Sampler_initPost_accessible.key 
516189     INFO  main            d.u.i.k.p.i.AbstractProblemLoader Loading environment from /home/runner/work/key/key/key.core/../key.ui/examples/heap/permissions/threads/Sampler_initPost_accessible.key 
516189     DEBUG main            d.u.i.k.p.i.AbstractProblemLoader Environment load took 48.6ns 
516190     INFO  main            d.u.i.k.p.i.AbstractProblemLoader Creating init config 
520491     DEBUG main            d.u.i.k.p.i.AbstractProblemLoader Init config took 4.3s 
520590     INFO  main            d.u.i.k.p.i.AbstractProblemLoader Replaying proof Sampler[ThreadSpec2::initPost()].JML accessible clause.0 
520591     DEBUG main            d.u.i.k.p.i.IntermediateProofReplayer Proof replay took 3.8ns 
520693     INFO  main            d.u.i.k.p.r.p.TestFile    ... finished proof: closed. 
521194     INFO  main            d.u.i.k.p.i.AbstractProblemLoader Loading environment from /home/runner/work/key/key/key.core/../key.ui/examples/heap/permissions/threads/Sampler_initPost_accessible.key.proof 
521194     DEBUG main            d.u.i.k.p.i.AbstractProblemLoader Environment load took 105.3ns 
521195     INFO  main            d.u.i.k.p.i.AbstractProblemLoader Creating init config 
525426     DEBUG main            d.u.i.k.p.i.AbstractProblemLoader Init config took 4.23s 
525505     INFO  main            d.u.i.k.p.i.AbstractProblemLoader Replaying proof Sampler[ThreadSpec2::initPost()].JML accessible clause.0 
525512     DEBUG main            d.u.i.k.p.i.IntermediateProofReplayer Proof replay took 5.46ms 
525512     DEBUG main            d.u.i.k.p.r.p.TestFile    ... success: reloaded. 
525513     INFO  main            d.u.i.k.p.r.p.TestFile    Now processing file /home/runner/work/key/key/key.core/../key.ui/examples/heap/permissions/threads/Sampler_inv_accessible1.key 
525513     INFO  main            d.u.i.k.p.i.AbstractProblemLoader Loading environment from /home/runner/work/key/key/key.core/../key.ui/examples/heap/permissions/threads/Sampler_inv_accessible1.key 
525514     DEBUG main            d.u.i.k.p.i.AbstractProblemLoader Environment load took 66.6ns 
525514     INFO  main            d.u.i.k.p.i.AbstractProblemLoader Creating init config 
529811     DEBUG main            d.u.i.k.p.i.AbstractProblemLoader Init config took 4.3s 
529909     INFO  main            d.u.i.k.p.i.AbstractProblemLoader Replaying proof Sampler[java.lang.Object::<inv>()].JML accessible clause.0 
529911     DEBUG main            d.u.i.k.p.i.IntermediateProofReplayer Proof replay took 3.5ns 
530012     INFO  main            d.u.i.k.p.r.p.TestFile    ... finished proof: closed. 
530516     INFO  main            d.u.i.k.p.i.AbstractProblemLoader Loading environment from /home/runner/work/key/key/key.core/../key.ui/examples/heap/permissions/threads/Sampler_inv_accessible1.key.proof 
530516     DEBUG main            d.u.i.k.p.i.AbstractProblemLoader Environment load took 81.1ns 
530517     INFO  main            d.u.i.k.p.i.AbstractProblemLoader Creating init config 
534750     DEBUG main            d.u.i.k.p.i.AbstractProblemLoader Init config took 4.23s 
534828     INFO  main            d.u.i.k.p.i.AbstractProblemLoader Replaying proof Sampler[java.lang.Object::<inv>()].JML accessible clause.0 
534831     DEBUG main            d.u.i.k.p.i.IntermediateProofReplayer Proof replay took 1.69ms 
534832     DEBUG main            d.u.i.k.p.r.p.TestFile    ... success: reloaded. 
534833     INFO  main            d.u.i.k.p.r.p.TestFile    Now processing file /home/runner/work/key/key/key.core/../key.ui/examples/heap/permissions/threads/Sampler_inv_accessible2.key 
534833     INFO  main            d.u.i.k.p.i.AbstractProblemLoader Loading environment from /home/runner/work/key/key/key.core/../key.ui/examples/heap/permissions/threads/Sampler_inv_accessible2.key 
534833     DEBUG main            d.u.i.k.p.i.AbstractProblemLoader Environment load took 45.8ns 
534834     INFO  main            d.u.i.k.p.i.AbstractProblemLoader Creating init config 
539145     DEBUG main            d.u.i.k.p.i.AbstractProblemLoader Init config took 4.31s 
539222     INFO  main            d.u.i.k.p.i.AbstractProblemLoader Replaying proof Sampler[java.lang.Object::<inv>()].JML accessible clause.1 
539223     DEBUG main            d.u.i.k.p.i.IntermediateProofReplayer Proof replay took 3.5ns 
539325     INFO  main            d.u.i.k.p.r.p.TestFile    ... finished proof: closed. 
539843     INFO  main            d.u.i.k.p.i.AbstractProblemLoader Loading environment from /home/runner/work/key/key/key.core/../key.ui/examples/heap/permissions/threads/Sampler_inv_accessible2.key.proof 
539843     DEBUG main            d.u.i.k.p.i.AbstractProblemLoader Environment load took 84.3ns 
539844     INFO  main            d.u.i.k.p.i.AbstractProblemLoader Creating init config 
544076     DEBUG main            d.u.i.k.p.i.AbstractProblemLoader Init config took 4.23s 
544154     INFO  main            d.u.i.k.p.i.AbstractProblemLoader Replaying proof Sampler[java.lang.Object::<inv>()].JML accessible clause.1 
544157     DEBUG main            d.u.i.k.p.i.IntermediateProofReplayer Proof replay took 1.59ms 
544157     DEBUG main            d.u.i.k.p.r.p.TestFile    ... success: reloaded. 
544158     INFO  main            d.u.i.k.p.r.p.TestFile    Now processing file /home/runner/work/key/key/key.core/../key.ui/examples/heap/permissions/threads/Sampler_joinTransfer_accessible.key 
544159     INFO  main            d.u.i.k.p.i.AbstractProblemLoader Loading environment from /home/runner/work/key/key/key.core/../key.ui/examples/heap/permissions/threads/Sampler_joinTransfer_accessible.key 
544159     DEBUG main            d.u.i.k.p.i.AbstractProblemLoader Environment load took 62.4ns 
544159     INFO  main            d.u.i.k.p.i.AbstractProblemLoader Creating init config 
548472     DEBUG main            d.u.i.k.p.i.AbstractProblemLoader Init config took 4.31s 
548550     INFO  main            d.u.i.k.p.i.AbstractProblemLoader Replaying proof Sampler[ThreadSpec2::joinTransfer()].JML accessible clause.0 
548551     DEBUG main            d.u.i.k.p.i.IntermediateProofReplayer Proof replay took 3.1ns 
552065     INFO  main            d.u.i.k.p.r.p.TestFile    ... finished proof: closed. 
552592     INFO  main            d.u.i.k.p.i.AbstractProblemLoader Loading environment from /home/runner/work/key/key/key.core/../key.ui/examples/heap/permissions/threads/Sampler_joinTransfer_accessible.key.proof 
552593     DEBUG main            d.u.i.k.p.i.AbstractProblemLoader Environment load took 279.3ns 
552594     INFO  main            d.u.i.k.p.i.AbstractProblemLoader Creating init config 
556813     DEBUG main            d.u.i.k.p.i.AbstractProblemLoader Init config took 4.22s 
556892     INFO  main            d.u.i.k.p.i.AbstractProblemLoader Replaying proof Sampler[ThreadSpec2::joinTransfer()].JML accessible clause.0 
557540     DEBUG main            d.u.i.k.p.i.IntermediateProofReplayer Proof replay took 637.6ms 
557542     DEBUG main            d.u.i.k.p.r.p.TestFile    ... success: reloaded. 
557543     INFO  main            d.u.i.k.p.r.p.TestFile    Now processing file /home/runner/work/key/key/key.core/../key.ui/examples/heap/permissions/threads/Sampler_joinTransfer_contract.key 
557543     INFO  main            d.u.i.k.p.i.AbstractProblemLoader Loading environment from /home/runner/work/key/key/key.core/../key.ui/examples/heap/permissions/threads/Sampler_joinTransfer_contract.key 
557543     DEBUG main            d.u.i.k.p.i.AbstractProblemLoader Environment load took 82.9ns 
557544     INFO  main            d.u.i.k.p.i.AbstractProblemLoader Creating init config 
561870     DEBUG main            d.u.i.k.p.i.AbstractProblemLoader Init config took 4.33s 
561947     INFO  main            d.u.i.k.p.i.AbstractProblemLoader Replaying proof Sampler[ThreadSpec2::joinTransfer()].JML model_behavior operation contract.0 
561949     DEBUG main            d.u.i.k.p.i.IntermediateProofReplayer Proof replay took 3.6ns 
562050     INFO  main            d.u.i.k.p.r.p.TestFile    ... finished proof: closed. 
562574     INFO  main            d.u.i.k.p.i.AbstractProblemLoader Loading environment from /home/runner/work/key/key/key.core/../key.ui/examples/heap/permissions/threads/Sampler_joinTransfer_contract.key.proof 
562574     DEBUG main            d.u.i.k.p.i.AbstractProblemLoader Environment load took 105.4ns 
562575     INFO  main            d.u.i.k.p.i.AbstractProblemLoader Creating init config 
566796     DEBUG main            d.u.i.k.p.i.AbstractProblemLoader Init config took 4.22s 
566874     INFO  main            d.u.i.k.p.i.AbstractProblemLoader Replaying proof Sampler[ThreadSpec2::joinTransfer()].JML model_behavior operation contract.0 
566882     DEBUG main            d.u.i.k.p.i.IntermediateProofReplayer Proof replay took 6.65ms 
566883     DEBUG main            d.u.i.k.p.r.p.TestFile    ... success: reloaded. 
566884     INFO  main            d.u.i.k.p.r.p.TestFile    Now processing file /home/runner/work/key/key/key.core/../key.ui/examples/heap/permissions/threads/Sampler_postJoin_accessible.key 
566884     INFO  main            d.u.i.k.p.i.AbstractProblemLoader Loading environment from /home/runner/work/key/key/key.core/../key.ui/examples/heap/permissions/threads/Sampler_postJoin_accessible.key 
566884     DEBUG main            d.u.i.k.p.i.AbstractProblemLoader Environment load took 72.7ns 
566885     INFO  main            d.u.i.k.p.i.AbstractProblemLoader Creating init config 
571194     DEBUG main            d.u.i.k.p.i.AbstractProblemLoader Init config took 4.31s 
571271     INFO  main            d.u.i.k.p.i.AbstractProblemLoader Replaying proof Sampler[ThreadSpec2::postJoin(java.lang.Object)].JML accessible clause.0 
571273     DEBUG main            d.u.i.k.p.i.IntermediateProofReplayer Proof replay took 2.9ns 
571374     INFO  main            d.u.i.k.p.r.p.TestFile    ... finished proof: closed. 
571904     INFO  main            d.u.i.k.p.i.AbstractProblemLoader Loading environment from /home/runner/work/key/key/key.core/../key.ui/examples/heap/permissions/threads/Sampler_postJoin_accessible.key.proof 
571904     DEBUG main            d.u.i.k.p.i.AbstractProblemLoader Environment load took 87.8ns 
571905     INFO  main            d.u.i.k.p.i.AbstractProblemLoader Creating init config 
576134     DEBUG main            d.u.i.k.p.i.AbstractProblemLoader Init config took 4.23s 
576212     INFO  main            d.u.i.k.p.i.AbstractProblemLoader Replaying proof Sampler[ThreadSpec2::postJoin(java.lang.Object)].JML accessible clause.0 
576222     DEBUG main            d.u.i.k.p.i.IntermediateProofReplayer Proof replay took 8.32ms 
576223     DEBUG main            d.u.i.k.p.r.p.TestFile    ... success: reloaded. 
576223     INFO  main            d.u.i.k.p.r.p.TestFile    Now processing file /home/runner/work/key/key/key.core/../key.ui/examples/heap/permissions/threads/Sampler_preStart_accessible.key 
576224     INFO  main            d.u.i.k.p.i.AbstractProblemLoader Loading environment from /home/runner/work/key/key/key.core/../key.ui/examples/heap/permissions/threads/Sampler_preStart_accessible.key 
576224     DEBUG main            d.u.i.k.p.i.AbstractProblemLoader Environment load took 93.4ns 
576224     INFO  main            d.u.i.k.p.i.AbstractProblemLoader Creating init config 
580555     DEBUG main            d.u.i.k.p.i.AbstractProblemLoader Init config took 4.33s 
580652     INFO  main            d.u.i.k.p.i.AbstractProblemLoader Replaying proof Sampler[ThreadSpec2::preStart(java.lang.Object)].JML accessible clause.0 
580653     DEBUG main            d.u.i.k.p.i.IntermediateProofReplayer Proof replay took 3.7ns 
580755     INFO  main            d.u.i.k.p.r.p.TestFile    ... finished proof: closed. 
581290     INFO  main            d.u.i.k.p.i.AbstractProblemLoader Loading environment from /home/runner/work/key/key/key.core/../key.ui/examples/heap/permissions/threads/Sampler_preStart_accessible.key.proof 
581290     DEBUG main            d.u.i.k.p.i.AbstractProblemLoader Environment load took 88.1ns 
581291     INFO  main            d.u.i.k.p.i.AbstractProblemLoader Creating init config 
585527     DEBUG main            d.u.i.k.p.i.AbstractProblemLoader Init config took 4.24s 
585605     INFO  main            d.u.i.k.p.i.AbstractProblemLoader Replaying proof Sampler[ThreadSpec2::preStart(java.lang.Object)].JML accessible clause.0 
585632     DEBUG main            d.u.i.k.p.i.IntermediateProofReplayer Proof replay took 24.92ms 
585632     DEBUG main            d.u.i.k.p.r.p.TestFile    ... success: reloaded. 
585633     INFO  main            d.u.i.k.p.r.p.TestFile    Now processing file /home/runner/work/key/key/key.core/../key.ui/examples/heap/permissions/threads/Sampler_run.key 
585633     INFO  main            d.u.i.k.p.i.AbstractProblemLoader Loading environment from /home/runner/work/key/key/key.core/../key.ui/examples/heap/permissions/threads/Sampler_run.key 
585633     DEBUG main            d.u.i.k.p.i.AbstractProblemLoader Environment load took 44.4ns 
585634     INFO  main            d.u.i.k.p.i.AbstractProblemLoader Creating init config 
589938     DEBUG main            d.u.i.k.p.i.AbstractProblemLoader Init config took 4.3s 
590017     INFO  main            d.u.i.k.p.i.AbstractProblemLoader Replaying proof Sampler[ThreadSpec2::run()].JML normal_behavior operation contract.0 
590018     DEBUG main            d.u.i.k.p.i.IntermediateProofReplayer Proof replay took 3.4ns 
590219     INFO  main            d.u.i.k.p.r.p.TestFile    ... finished proof: closed. 
590794     INFO  main            d.u.i.k.p.i.AbstractProblemLoader Loading environment from /home/runner/work/key/key/key.core/../key.ui/examples/heap/permissions/threads/Sampler_run.key.proof 
590794     DEBUG main            d.u.i.k.p.i.AbstractProblemLoader Environment load took 93.9ns 
590795     INFO  main            d.u.i.k.p.i.AbstractProblemLoader Creating init config 
595015     DEBUG main            d.u.i.k.p.i.AbstractProblemLoader Init config took 4.22s 
595106     INFO  main            d.u.i.k.p.i.AbstractProblemLoader Replaying proof Sampler[ThreadSpec2::run()].JML normal_behavior operation contract.0 
595144     DEBUG main            d.u.i.k.p.i.IntermediateProofReplayer Proof replay took 36.01ms 
595145     DEBUG main            d.u.i.k.p.r.p.TestFile    ... success: reloaded. 
595145     INFO  main            d.u.i.k.p.r.p.TestFile    Now processing file /home/runner/work/key/key/key.core/../key.ui/examples/heap/permissions/threads/Sampler_Sampler.key 
595146     INFO  main            d.u.i.k.p.i.AbstractProblemLoader Loading environment from /home/runner/work/key/key/key.core/../key.ui/examples/heap/permissions/threads/Sampler_Sampler.key 
595146     DEBUG main            d.u.i.k.p.i.AbstractProblemLoader Environment load took 51.1ns 
595147     INFO  main            d.u.i.k.p.i.AbstractProblemLoader Creating init config 
599459     DEBUG main            d.u.i.k.p.i.AbstractProblemLoader Init config took 4.31s 
599537     INFO  main            d.u.i.k.p.i.AbstractProblemLoader Replaying proof Sampler[Sampler::Sampler(Buffer)].JML normal_behavior operation contract.0 
599539     DEBUG main            d.u.i.k.p.i.IntermediateProofReplayer Proof replay took 3.2ns 
600141     INFO  main            d.u.i.k.p.r.p.TestFile    ... finished proof: closed. 
600729     INFO  main            d.u.i.k.p.i.AbstractProblemLoader Loading environment from /home/runner/work/key/key/key.core/../key.ui/examples/heap/permissions/threads/Sampler_Sampler.key.proof 
600729     DEBUG main            d.u.i.k.p.i.AbstractProblemLoader Environment load took 87.4ns 
600731     INFO  main            d.u.i.k.p.i.AbstractProblemLoader Creating init config 
604966     DEBUG main            d.u.i.k.p.i.AbstractProblemLoader Init config took 4.24s 
605044     INFO  main            d.u.i.k.p.i.AbstractProblemLoader Replaying proof Sampler[Sampler::Sampler(Buffer)].JML normal_behavior operation contract.0 
605130     DEBUG main            d.u.i.k.p.i.IntermediateProofReplayer Proof replay took 83.54ms 
605131     DEBUG main            d.u.i.k.p.r.p.TestFile    ... success: reloaded. 
605132     INFO  main            d.u.i.k.p.r.p.TestFile    Now processing file /home/runner/work/key/key/key.core/../key.ui/examples/heap/permissions/threads/Sampler_startTransfer_accessible.key 
605132     INFO  main            d.u.i.k.p.i.AbstractProblemLoader Loading environment from /home/runner/work/key/key/key.core/../key.ui/examples/heap/permissions/threads/Sampler_startTransfer_accessible.key 
605132     DEBUG main            d.u.i.k.p.i.AbstractProblemLoader Environment load took 47ns 
605133     INFO  main            d.u.i.k.p.i.AbstractProblemLoader Creating init config 
609443     DEBUG main            d.u.i.k.p.i.AbstractProblemLoader Init config took 4.31s 
609537     INFO  main            d.u.i.k.p.i.AbstractProblemLoader Replaying proof Sampler[ThreadSpec2::startTransfer()].JML accessible clause.0 
609538     DEBUG main            d.u.i.k.p.i.IntermediateProofReplayer Proof replay took 3.2ns 
613656     INFO  main            d.u.i.k.p.r.p.TestFile    ... finished proof: closed. 
614217     INFO  main            d.u.i.k.p.i.AbstractProblemLoader Loading environment from /home/runner/work/key/key/key.core/../key.ui/examples/heap/permissions/threads/Sampler_startTransfer_accessible.key.proof 
614217     DEBUG main            d.u.i.k.p.i.AbstractProblemLoader Environment load took 94.9ns 
614219     INFO  main            d.u.i.k.p.i.AbstractProblemLoader Creating init config 
618451     DEBUG main            d.u.i.k.p.i.AbstractProblemLoader Init config took 4.23s 
618529     INFO  main            d.u.i.k.p.i.AbstractProblemLoader Replaying proof Sampler[ThreadSpec2::startTransfer()].JML accessible clause.0 
619163     DEBUG main            d.u.i.k.p.i.IntermediateProofReplayer Proof replay took 623.96ms 
619164     DEBUG main            d.u.i.k.p.r.p.TestFile    ... success: reloaded. 
619165     INFO  main            d.u.i.k.p.r.p.TestFile    Now processing file /home/runner/work/key/key/key.core/../key.ui/examples/heap/permissions/threads/Sampler_startTransfer_contract.key 
619165     INFO  main            d.u.i.k.p.i.AbstractProblemLoader Loading environment from /home/runner/work/key/key/key.core/../key.ui/examples/heap/permissions/threads/Sampler_startTransfer_contract.key 
619165     DEBUG main            d.u.i.k.p.i.AbstractProblemLoader Environment load took 76.3ns 
619166     INFO  main            d.u.i.k.p.i.AbstractProblemLoader Creating init config 
623476     DEBUG main            d.u.i.k.p.i.AbstractProblemLoader Init config took 4.31s 
623553     INFO  main            d.u.i.k.p.i.AbstractProblemLoader Replaying proof Sampler[ThreadSpec2::startTransfer()].JML model_behavior operation contract.0 
623555     DEBUG main            d.u.i.k.p.i.IntermediateProofReplayer Proof replay took 3.4ns 
623656     INFO  main            d.u.i.k.p.r.p.TestFile    ... finished proof: closed. 
624221     INFO  main            d.u.i.k.p.i.AbstractProblemLoader Loading environment from /home/runner/work/key/key/key.core/../key.ui/examples/heap/permissions/threads/Sampler_startTransfer_contract.key.proof 
624222     DEBUG main            d.u.i.k.p.i.AbstractProblemLoader Environment load took 99ns 
624222     INFO  main            d.u.i.k.p.i.AbstractProblemLoader Creating init config 
628450     DEBUG main            d.u.i.k.p.i.AbstractProblemLoader Init config took 4.23s 
628528     INFO  main            d.u.i.k.p.i.AbstractProblemLoader Replaying proof Sampler[ThreadSpec2::startTransfer()].JML model_behavior operation contract.0 
628536     DEBUG main            d.u.i.k.p.i.IntermediateProofReplayer Proof replay took 6.51ms 
628537     DEBUG main            d.u.i.k.p.r.p.TestFile    ... success: reloaded. 
628538     INFO  main            d.u.i.k.p.r.p.TestFile    Now processing file /home/runner/work/key/key/key.core/../key.ui/examples/heap/permissions/threads/Sampler_stateInv_accessible.key 
628538     INFO  main            d.u.i.k.p.i.AbstractProblemLoader Loading environment from /home/runner/work/key/key/key.core/../key.ui/examples/heap/permissions/threads/Sampler_stateInv_accessible.key 
628538     DEBUG main            d.u.i.k.p.i.AbstractProblemLoader Environment load took 49.7ns 
628539     INFO  main            d.u.i.k.p.i.AbstractProblemLoader Creating init config 
632861     DEBUG main            d.u.i.k.p.i.AbstractProblemLoader Init config took 4.32s 
632939     INFO  main            d.u.i.k.p.i.AbstractProblemLoader Replaying proof Sampler[ThreadSpec2::stateInv()].JML accessible clause.0 
632941     DEBUG main            d.u.i.k.p.i.IntermediateProofReplayer Proof replay took 3.3ns 
633042     INFO  main            d.u.i.k.p.r.p.TestFile    ... finished proof: closed. 
633612     INFO  main            d.u.i.k.p.i.AbstractProblemLoader Loading environment from /home/runner/work/key/key/key.core/../key.ui/examples/heap/permissions/threads/Sampler_stateInv_accessible.key.proof 
633612     DEBUG main            d.u.i.k.p.i.AbstractProblemLoader Environment load took 90.1ns 
633613     INFO  main            d.u.i.k.p.i.AbstractProblemLoader Creating init config 
637849     DEBUG main            d.u.i.k.p.i.AbstractProblemLoader Init config took 4.24s 
637927     INFO  main            d.u.i.k.p.i.AbstractProblemLoader Replaying proof Sampler[ThreadSpec2::stateInv()].JML accessible clause.0 
637934     DEBUG main            d.u.i.k.p.i.IntermediateProofReplayer Proof replay took 5.87ms 
637935     DEBUG main            d.u.i.k.p.r.p.TestFile    ... success: reloaded. 
637936     INFO  main            d.u.i.k.p.r.p.TestFile    Now processing file /home/runner/work/key/key/key.core/../key.ui/examples/heap/permissions/threads/Sampler_staticPermissions_accessible.key 
637936     INFO  main            d.u.i.k.p.i.AbstractProblemLoader Loading environment from /home/runner/work/key/key/key.core/../key.ui/examples/heap/permissions/threads/Sampler_staticPermissions_accessible.key 
637936     DEBUG main            d.u.i.k.p.i.AbstractProblemLoader Environment load took 94.2ns 
637937     INFO  main            d.u.i.k.p.i.AbstractProblemLoader Creating init config 
642256     DEBUG main            d.u.i.k.p.i.AbstractProblemLoader Init config took 4.32s 
642334     INFO  main            d.u.i.k.p.i.AbstractProblemLoader Replaying proof Sampler[ThreadSpec2::staticPermissions()].JML accessible clause.0 
642335     DEBUG main            d.u.i.k.p.i.IntermediateProofReplayer Proof replay took 3.2ns 
642437     INFO  main            d.u.i.k.p.r.p.TestFile    ... finished proof: closed. 
643011     INFO  main            d.u.i.k.p.i.AbstractProblemLoader Loading environment from /home/runner/work/key/key/key.core/../key.ui/examples/heap/permissions/threads/Sampler_staticPermissions_accessible.key.proof 
643011     DEBUG main            d.u.i.k.p.i.AbstractProblemLoader Environment load took 79.8ns 
643012     INFO  main            d.u.i.k.p.i.AbstractProblemLoader Creating init config 
647239     DEBUG main            d.u.i.k.p.i.AbstractProblemLoader Init config took 4.23s 
647316     INFO  main            d.u.i.k.p.i.AbstractProblemLoader Replaying proof Sampler[ThreadSpec2::staticPermissions()].JML accessible clause.0 
647321     DEBUG main            d.u.i.k.p.i.IntermediateProofReplayer Proof replay took 3.56ms 
647322     DEBUG main            d.u.i.k.p.r.p.TestFile    ... success: reloaded. 
647323     INFO  main            d.u.i.k.p.r.p.TestFile    Now processing file /home/runner/work/key/key/key.core/../key.ui/examples/heap/permissions/threads/Sampler_workingPermissions_accessible.key 
647323     INFO  main            d.u.i.k.p.i.AbstractProblemLoader Loading environment from /home/runner/work/key/key/key.core/../key.ui/examples/heap/permissions/threads/Sampler_workingPermissions_accessible.key 
647323     DEBUG main            d.u.i.k.p.i.AbstractProblemLoader Environment load took 60.6ns 
647324     INFO  main            d.u.i.k.p.i.AbstractProblemLoader Creating init config 
651638     DEBUG main            d.u.i.k.p.i.AbstractProblemLoader Init config took 4.31s 
651717     INFO  main            d.u.i.k.p.i.AbstractProblemLoader Replaying proof Sampler[ThreadSpec2::workingPermissions()].JML accessible clause.0 
651719     DEBUG main            d.u.i.k.p.i.IntermediateProofReplayer Proof replay took 3.7ns 
651820     INFO  main            d.u.i.k.p.r.p.TestFile    ... finished proof: closed. 
652400     INFO  main            d.u.i.k.p.i.AbstractProblemLoader Loading environment from /home/runner/work/key/key/key.core/../key.ui/examples/heap/permissions/threads/Sampler_workingPermissions_accessible.key.proof 
652400     DEBUG main            d.u.i.k.p.i.AbstractProblemLoader Environment load took 86.4ns 
652401     INFO  main            d.u.i.k.p.i.AbstractProblemLoader Creating init config 
656645     DEBUG main            d.u.i.k.p.i.AbstractProblemLoader Init config took 4.24s 
656723     INFO  main            d.u.i.k.p.i.AbstractProblemLoader Replaying proof Sampler[ThreadSpec2::workingPermissions()].JML accessible clause.0 
656729     DEBUG main            d.u.i.k.p.i.IntermediateProofReplayer Proof replay took 4.75ms 
656729     DEBUG main            d.u.i.k.p.r.p.TestFile    ... success: reloaded. 
656730     INFO  main            d.u.i.k.p.r.p.TestFile    Now processing file /home/runner/work/key/key/key.core/../key.ui/examples/heap/permissions/mulleretal/ReadWrite_doRead_contract.key 
656730     INFO  main            d.u.i.k.p.i.AbstractProblemLoader Loading environment from /home/runner/work/key/key/key.core/../key.ui/examples/heap/permissions/mulleretal/ReadWrite_doRead_contract.key 
656730     DEBUG main            d.u.i.k.p.i.AbstractProblemLoader Environment load took 46.2ns 
656731     INFO  main            d.u.i.k.p.i.AbstractProblemLoader Creating init config 
659246     DEBUG main            d.u.i.k.p.i.AbstractProblemLoader Init config took 2.51s 
659278     INFO  main            d.u.i.k.p.i.AbstractProblemLoader Replaying proof ReadWrite[ReadWrite::doRead()].JML normal_behavior operation contract.0 
659281     DEBUG main            d.u.i.k.p.i.IntermediateProofReplayer Proof replay took 3.7ns 
660886     INFO  main            d.u.i.k.p.r.p.TestFile    ... finished proof: closed. 
661493     INFO  main            d.u.i.k.p.i.AbstractProblemLoader Loading environment from /home/runner/work/key/key/key.core/../key.ui/examples/heap/permissions/mulleretal/ReadWrite_doRead_contract.key.proof 
661493     DEBUG main            d.u.i.k.p.i.AbstractProblemLoader Environment load took 318.5ns 
661494     INFO  main            d.u.i.k.p.i.AbstractProblemLoader Creating init config 
664093     DEBUG main            d.u.i.k.p.i.AbstractProblemLoader Init config took 2.6s 
664135     INFO  main            d.u.i.k.p.i.AbstractProblemLoader Replaying proof ReadWrite[ReadWrite::doRead()].JML normal_behavior operation contract.0 
664661     DEBUG main            d.u.i.k.p.i.IntermediateProofReplayer Proof replay took 516.08ms 
664662     DEBUG main            d.u.i.k.p.r.p.TestFile    ... success: reloaded. 
664663     INFO  main            d.u.i.k.p.r.p.TestFile    Now processing file /home/runner/work/key/key/key.core/../key.ui/examples/heap/permissions/mulleretal/ReadWrite_doWrite_contract.key 
664663     INFO  main            d.u.i.k.p.i.AbstractProblemLoader Loading environment from /home/runner/work/key/key/key.core/../key.ui/examples/heap/permissions/mulleretal/ReadWrite_doWrite_contract.key 
664663     DEBUG main            d.u.i.k.p.i.AbstractProblemLoader Environment load took 74.8ns 
664664     INFO  main            d.u.i.k.p.i.AbstractProblemLoader Creating init config 
667173     DEBUG main            d.u.i.k.p.i.AbstractProblemLoader Init config took 2.51s 
667206     INFO  main            d.u.i.k.p.i.AbstractProblemLoader Replaying proof ReadWrite[ReadWrite::doWrite()].JML normal_behavior operation contract.0 
667207     DEBUG main            d.u.i.k.p.i.IntermediateProofReplayer Proof replay took 3.7ns 
668829     INFO  main            d.u.i.k.p.r.p.TestFile    ... finished proof: closed. 
669453     INFO  main            d.u.i.k.p.i.AbstractProblemLoader Loading environment from /home/runner/work/key/key/key.core/../key.ui/examples/heap/permissions/mulleretal/ReadWrite_doWrite_contract.key.proof 
669453     DEBUG main            d.u.i.k.p.i.AbstractProblemLoader Environment load took 349.7ns 
669454     INFO  main            d.u.i.k.p.i.AbstractProblemLoader Creating init config 
671848     DEBUG main            d.u.i.k.p.i.AbstractProblemLoader Init config took 2.39s 
671881     INFO  main            d.u.i.k.p.i.AbstractProblemLoader Replaying proof ReadWrite[ReadWrite::doWrite()].JML normal_behavior operation contract.0 
672286     DEBUG main            d.u.i.k.p.i.IntermediateProofReplayer Proof replay took 400.09ms 
672287     DEBUG main            d.u.i.k.p.r.p.TestFile    ... success: reloaded. 
672288     INFO  main            d.u.i.k.p.r.p.TestFile    Now processing file /home/runner/work/key/key/key.core/../key.ui/examples/heap/permissions/mulleretal/ReadWrite_read_contract.key 
672288     INFO  main            d.u.i.k.p.i.AbstractProblemLoader Loading environment from /home/runner/work/key/key/key.core/../key.ui/examples/heap/permissions/mulleretal/ReadWrite_read_contract.key 
672288     DEBUG main            d.u.i.k.p.i.AbstractProblemLoader Environment load took 46ns 
672289     INFO  main            d.u.i.k.p.i.AbstractProblemLoader Creating init config 
674723     DEBUG main            d.u.i.k.p.i.AbstractProblemLoader Init config took 2.43s 
674756     INFO  main            d.u.i.k.p.i.AbstractProblemLoader Replaying proof ReadWrite[ReadWrite::read()].JML normal_behavior operation contract.0 
674757     DEBUG main            d.u.i.k.p.i.IntermediateProofReplayer Proof replay took 2.9ns 
674859     INFO  main            d.u.i.k.p.r.p.TestFile    ... finished proof: closed. 
675450     INFO  main            d.u.i.k.p.i.AbstractProblemLoader Loading environment from /home/runner/work/key/key/key.core/../key.ui/examples/heap/permissions/mulleretal/ReadWrite_read_contract.key.proof 
675450     DEBUG main            d.u.i.k.p.i.AbstractProblemLoader Environment load took 89.6ns 
675450     INFO  main            d.u.i.k.p.i.AbstractProblemLoader Creating init config 
677865     DEBUG main            d.u.i.k.p.i.AbstractProblemLoader Init config took 2.41s 
677897     INFO  main            d.u.i.k.p.i.AbstractProblemLoader Replaying proof ReadWrite[ReadWrite::read()].JML normal_behavior operation contract.0 
677905     DEBUG main            d.u.i.k.p.i.IntermediateProofReplayer Proof replay took 6.62ms 
677905     DEBUG main            d.u.i.k.p.r.p.TestFile    ... success: reloaded. 
677906     INFO  main            d.u.i.k.p.r.p.TestFile    Now processing file /home/runner/work/key/key/key.core/../key.ui/examples/heap/permissions/mulleretal/ReadWrite_write_contract.key 
677906     INFO  main            d.u.i.k.p.i.AbstractProblemLoader Loading environment from /home/runner/work/key/key/key.core/../key.ui/examples/heap/permissions/mulleretal/ReadWrite_write_contract.key 
677907     DEBUG main            d.u.i.k.p.i.AbstractProblemLoader Environment load took 111ns 
677907     INFO  main            d.u.i.k.p.i.AbstractProblemLoader Creating init config 
680324     DEBUG main            d.u.i.k.p.i.AbstractProblemLoader Init config took 2.42s 
680357     INFO  main            d.u.i.k.p.i.AbstractProblemLoader Replaying proof ReadWrite[ReadWrite::write()].JML normal_behavior operation contract.0 
680358     DEBUG main            d.u.i.k.p.i.IntermediateProofReplayer Proof replay took 3.7ns 
680463     INFO  main            d.u.i.k.p.r.p.TestFile    ... finished proof: closed. 
681065     INFO  main            d.u.i.k.p.i.AbstractProblemLoader Loading environment from /home/runner/work/key/key/key.core/../key.ui/examples/heap/permissions/mulleretal/ReadWrite_write_contract.key.proof 
681065     DEBUG main            d.u.i.k.p.i.AbstractProblemLoader Environment load took 83.9ns 
681065     INFO  main            d.u.i.k.p.i.AbstractProblemLoader Creating init config 
683447     DEBUG main            d.u.i.k.p.i.AbstractProblemLoader Init config took 2.38s 
683479     INFO  main            d.u.i.k.p.i.AbstractProblemLoader Replaying proof ReadWrite[ReadWrite::write()].JML normal_behavior operation contract.0 
683505     DEBUG main            d.u.i.k.p.i.IntermediateProofReplayer Proof replay took 24.08ms 
683505     DEBUG main            d.u.i.k.p.r.p.TestFile    ... success: reloaded. 
683506     INFO  main            d.u.i.k.p.r.p.TestFile    Now processing file /home/runner/work/key/key/key.core/../key.ui/examples/heap/permissions/mulleretal/ReadWrite_inv1_accessible.key 
683506     INFO  main            d.u.i.k.p.i.AbstractProblemLoader Loading environment from /home/runner/work/key/key/key.core/../key.ui/examples/heap/permissions/mulleretal/ReadWrite_inv1_accessible.key 
683506     DEBUG main            d.u.i.k.p.i.AbstractProblemLoader Environment load took 45.7ns 
683507     INFO  main            d.u.i.k.p.i.AbstractProblemLoader Creating init config 
685923     DEBUG main            d.u.i.k.p.i.AbstractProblemLoader Init config took 2.42s 
685955     INFO  main            d.u.i.k.p.i.AbstractProblemLoader Replaying proof ReadWrite[java.lang.Object::<inv>()].JML accessible clause.0 
685956     DEBUG main            d.u.i.k.p.i.IntermediateProofReplayer Proof replay took 3.1ns 
686059     INFO  main            d.u.i.k.p.r.p.TestFile    ... finished proof: closed. 
686658     INFO  main            d.u.i.k.p.i.AbstractProblemLoader Loading environment from /home/runner/work/key/key/key.core/../key.ui/examples/heap/permissions/mulleretal/ReadWrite_inv1_accessible.key.proof 
686658     DEBUG main            d.u.i.k.p.i.AbstractProblemLoader Environment load took 84.6ns 
686659     INFO  main            d.u.i.k.p.i.AbstractProblemLoader Creating init config 
689037     DEBUG main            d.u.i.k.p.i.AbstractProblemLoader Init config took 2.38s 
689069     INFO  main            d.u.i.k.p.i.AbstractProblemLoader Replaying proof ReadWrite[java.lang.Object::<inv>()].JML accessible clause.0 
689072     DEBUG main            d.u.i.k.p.i.IntermediateProofReplayer Proof replay took 1.57ms 
689072     DEBUG main            d.u.i.k.p.r.p.TestFile    ... success: reloaded. 
689073     INFO  main            d.u.i.k.p.r.p.TestFile    Now processing file /home/runner/work/key/key/key.core/../key.ui/examples/heap/permissions/mulleretal/ReadWrite_inv2_accessible.key 
689073     INFO  main            d.u.i.k.p.i.AbstractProblemLoader Loading environment from /home/runner/work/key/key/key.core/../key.ui/examples/heap/permissions/mulleretal/ReadWrite_inv2_accessible.key 
689073     DEBUG main            d.u.i.k.p.i.AbstractProblemLoader Environment load took 46.4ns 
689074     INFO  main            d.u.i.k.p.i.AbstractProblemLoader Creating init config 
691482     DEBUG main            d.u.i.k.p.i.AbstractProblemLoader Init config took 2.41s 
691516     INFO  main            d.u.i.k.p.i.AbstractProblemLoader Replaying proof ReadWrite[java.lang.Object::<inv>()].JML accessible clause.1 
691517     DEBUG main            d.u.i.k.p.i.IntermediateProofReplayer Proof replay took 3.4ns 
691619     INFO  main            d.u.i.k.p.r.p.TestFile    ... finished proof: closed. 
692225     INFO  main            d.u.i.k.p.i.AbstractProblemLoader Loading environment from /home/runner/work/key/key/key.core/../key.ui/examples/heap/permissions/mulleretal/ReadWrite_inv2_accessible.key.proof 
692226     DEBUG main            d.u.i.k.p.i.AbstractProblemLoader Environment load took 93.2ns 
692227     INFO  main            d.u.i.k.p.i.AbstractProblemLoader Creating init config 
694599     DEBUG main            d.u.i.k.p.i.AbstractProblemLoader Init config took 2.37s 
694631     INFO  main            d.u.i.k.p.i.AbstractProblemLoader Replaying proof ReadWrite[java.lang.Object::<inv>()].JML accessible clause.1 
694634     DEBUG main            d.u.i.k.p.i.IntermediateProofReplayer Proof replay took 1.55ms 
694634     DEBUG main            d.u.i.k.p.r.p.TestFile    ... success: reloaded. 
694635     INFO  main            d.u.i.k.p.r.p.TestFile    Now processing file /home/runner/work/key/key/key.core/../key.ui/examples/heap/permissions/lockspec/Counter_lockConsistent_contract.key 
694635     INFO  main            d.u.i.k.p.i.AbstractProblemLoader Loading environment from /home/runner/work/key/key/key.core/../key.ui/examples/heap/permissions/lockspec/Counter_lockConsistent_contract.key 
694635     DEBUG main            d.u.i.k.p.i.AbstractProblemLoader Environment load took 46.7ns 
694636     INFO  main            d.u.i.k.p.i.AbstractProblemLoader Creating init config 
697570     DEBUG main            d.u.i.k.p.i.AbstractProblemLoader Init config took 2.93s 
697622     INFO  main            d.u.i.k.p.i.AbstractProblemLoader Replaying proof Counter[LockSpec::lockConsistent()].JML model_behavior operation contract.0 
697623     DEBUG main            d.u.i.k.p.i.IntermediateProofReplayer Proof replay took 2.8ns 
698727     INFO  main            d.u.i.k.p.r.p.TestFile    ... finished proof: closed. 
699340     INFO  main            d.u.i.k.p.i.AbstractProblemLoader Loading environment from /home/runner/work/key/key/key.core/../key.ui/examples/heap/permissions/lockspec/Counter_lockConsistent_contract.key.proof 
699341     DEBUG main            d.u.i.k.p.i.AbstractProblemLoader Environment load took 950.81ns 
699342     INFO  main            d.u.i.k.p.i.AbstractProblemLoader Creating init config 
702151     DEBUG main            d.u.i.k.p.i.AbstractProblemLoader Init config took 2.81s 
702203     INFO  main            d.u.i.k.p.i.AbstractProblemLoader Replaying proof Counter[LockSpec::lockConsistent()].JML model_behavior operation contract.0 
702362     DEBUG main            d.u.i.k.p.i.IntermediateProofReplayer Proof replay took 152.18ms 
702363     DEBUG main            d.u.i.k.p.r.p.TestFile    ... success: reloaded. 
702364     INFO  main            d.u.i.k.p.r.p.TestFile    Now processing file /home/runner/work/key/key/key.core/../key.ui/examples/heap/permissions/lockspec/Counter_increase_contract.key 
702364     INFO  main            d.u.i.k.p.i.AbstractProblemLoader Loading environment from /home/runner/work/key/key/key.core/../key.ui/examples/heap/permissions/lockspec/Counter_increase_contract.key 
702364     DEBUG main            d.u.i.k.p.i.AbstractProblemLoader Environment load took 72.8ns 
702365     INFO  main            d.u.i.k.p.i.AbstractProblemLoader Creating init config 
705229     DEBUG main            d.u.i.k.p.i.AbstractProblemLoader Init config took 2.86s 
705276     INFO  main            d.u.i.k.p.i.AbstractProblemLoader Replaying proof Counter[Counter::increase()].JML normal_behavior operation contract.0 
705282     DEBUG main            d.u.i.k.p.i.IntermediateProofReplayer Proof replay took 4ns 
706792     INFO  main            d.u.i.k.p.r.p.TestFile    ... finished proof: closed. 
707442     INFO  main            d.u.i.k.p.i.AbstractProblemLoader Loading environment from /home/runner/work/key/key/key.core/../key.ui/examples/heap/permissions/lockspec/Counter_increase_contract.key.proof 
707443     DEBUG main            d.u.i.k.p.i.AbstractProblemLoader Environment load took 329.1ns 
707444     INFO  main            d.u.i.k.p.i.AbstractProblemLoader Creating init config 
710253     DEBUG main            d.u.i.k.p.i.AbstractProblemLoader Init config took 2.81s 
710299     INFO  main            d.u.i.k.p.i.AbstractProblemLoader Replaying proof Counter[Counter::increase()].JML normal_behavior operation contract.0 
710563     DEBUG main            d.u.i.k.p.i.IntermediateProofReplayer Proof replay took 249.82ms 
710566     DEBUG main            d.u.i.k.p.r.p.TestFile    ... success: reloaded. 
710566     INFO  main            d.u.i.k.p.r.p.TestFile    Now processing file /home/runner/work/key/key/key.core/../key.ui/examples/heap/permissions/lockspec/Counter_fp_accessible.key 
710566     INFO  main            d.u.i.k.p.i.AbstractProblemLoader Loading environment from /home/runner/work/key/key/key.core/../key.ui/examples/heap/permissions/lockspec/Counter_fp_accessible.key 
710567     DEBUG main            d.u.i.k.p.i.AbstractProblemLoader Environment load took 73.4ns 
710567     INFO  main            d.u.i.k.p.i.AbstractProblemLoader Creating init config 
713406     DEBUG main            d.u.i.k.p.i.AbstractProblemLoader Init config took 2.84s 
713456     INFO  main            d.u.i.k.p.i.AbstractProblemLoader Replaying proof Counter[LockSpec::fp()].JML accessible clause.0 
713458     DEBUG main            d.u.i.k.p.i.IntermediateProofReplayer Proof replay took 3.6ns 
713559     INFO  main            d.u.i.k.p.r.p.TestFile    ... finished proof: closed. 
714176     INFO  main            d.u.i.k.p.i.AbstractProblemLoader Loading environment from /home/runner/work/key/key/key.core/../key.ui/examples/heap/permissions/lockspec/Counter_fp_accessible.key.proof 
714176     DEBUG main            d.u.i.k.p.i.AbstractProblemLoader Environment load took 87.5ns 
714177     INFO  main            d.u.i.k.p.i.AbstractProblemLoader Creating init config 
716978     DEBUG main            d.u.i.k.p.i.AbstractProblemLoader Init config took 2.8s 
717027     INFO  main            d.u.i.k.p.i.AbstractProblemLoader Replaying proof Counter[LockSpec::fp()].JML accessible clause.0 
717036     DEBUG main            d.u.i.k.p.i.IntermediateProofReplayer Proof replay took 7.87ms 
717037     DEBUG main            d.u.i.k.p.r.p.TestFile    ... success: reloaded. 
717038     INFO  main            d.u.i.k.p.r.p.TestFile    Now processing file /home/runner/work/key/key/key.core/../key.ui/examples/heap/permissions/lockspec/Counter_fpLock_accessible.key 
717038     INFO  main            d.u.i.k.p.i.AbstractProblemLoader Loading environment from /home/runner/work/key/key/key.core/../key.ui/examples/heap/permissions/lockspec/Counter_fpLock_accessible.key 
717038     DEBUG main            d.u.i.k.p.i.AbstractProblemLoader Environment load took 91.9ns 
717039     INFO  main            d.u.i.k.p.i.AbstractProblemLoader Creating init config 
719906     DEBUG main            d.u.i.k.p.i.AbstractProblemLoader Init config took 2.87s 
719956     INFO  main            d.u.i.k.p.i.AbstractProblemLoader Replaying proof Counter[LockSpec::fpLock()].JML accessible clause.0 
719957     DEBUG main            d.u.i.k.p.i.IntermediateProofReplayer Proof replay took 3.7ns 
720058     INFO  main            d.u.i.k.p.r.p.TestFile    ... finished proof: closed. 
720690     INFO  main            d.u.i.k.p.i.AbstractProblemLoader Loading environment from /home/runner/work/key/key/key.core/../key.ui/examples/heap/permissions/lockspec/Counter_fpLock_accessible.key.proof 
720690     DEBUG main            d.u.i.k.p.i.AbstractProblemLoader Environment load took 88.7ns 
720691     INFO  main            d.u.i.k.p.i.AbstractProblemLoader Creating init config 
723493     DEBUG main            d.u.i.k.p.i.AbstractProblemLoader Init config took 2.8s 
723543     INFO  main            d.u.i.k.p.i.AbstractProblemLoader Replaying proof Counter[LockSpec::fpLock()].JML accessible clause.0 
723552     DEBUG main            d.u.i.k.p.i.IntermediateProofReplayer Proof replay took 7.93ms 
723553     DEBUG main            d.u.i.k.p.r.p.TestFile    ... success: reloaded. 
723554     INFO  main            d.u.i.k.p.r.p.TestFile    Now processing file /home/runner/work/key/key/key.core/../key.ui/examples/heap/permissions/lockspec/Counter_fpPerm_accessible.key 
723554     INFO  main            d.u.i.k.p.i.AbstractProblemLoader Loading environment from /home/runner/work/key/key/key.core/../key.ui/examples/heap/permissions/lockspec/Counter_fpPerm_accessible.key 
723554     DEBUG main            d.u.i.k.p.i.AbstractProblemLoader Environment load took 60.8ns 
723555     INFO  main            d.u.i.k.p.i.AbstractProblemLoader Creating init config 
726424     DEBUG main            d.u.i.k.p.i.AbstractProblemLoader Init config took 2.87s 
726473     INFO  main            d.u.i.k.p.i.AbstractProblemLoader Replaying proof Counter[LockSpec::fpPerm()].JML accessible clause.0 
726475     DEBUG main            d.u.i.k.p.i.IntermediateProofReplayer Proof replay took 3.7ns 
726579     INFO  main            d.u.i.k.p.r.p.TestFile    ... finished proof: closed. 
727214     INFO  main            d.u.i.k.p.i.AbstractProblemLoader Loading environment from /home/runner/work/key/key/key.core/../key.ui/examples/heap/permissions/lockspec/Counter_fpPerm_accessible.key.proof 
727214     DEBUG main            d.u.i.k.p.i.AbstractProblemLoader Environment load took 79.4ns 
727215     INFO  main            d.u.i.k.p.i.AbstractProblemLoader Creating init config 
730025     DEBUG main            d.u.i.k.p.i.AbstractProblemLoader Init config took 2.81s 
730074     INFO  main            d.u.i.k.p.i.AbstractProblemLoader Replaying proof Counter[LockSpec::fpPerm()].JML accessible clause.0 
730083     DEBUG main            d.u.i.k.p.i.IntermediateProofReplayer Proof replay took 7.25ms 
730084     DEBUG main            d.u.i.k.p.r.p.TestFile    ... success: reloaded. 
730085     INFO  main            d.u.i.k.p.r.p.TestFile    Now processing file /home/runner/work/key/key/key.core/../key.ui/examples/heap/permissions/lockspec/Counter_inv_accessible1.key 
730085     INFO  main            d.u.i.k.p.i.AbstractProblemLoader Loading environment from /home/runner/work/key/key/key.core/../key.ui/examples/heap/permissions/lockspec/Counter_inv_accessible1.key 
730085     DEBUG main            d.u.i.k.p.i.AbstractProblemLoader Environment load took 57.5ns 
730086     INFO  main            d.u.i.k.p.i.AbstractProblemLoader Creating init config 
732950     DEBUG main            d.u.i.k.p.i.AbstractProblemLoader Init config took 2.86s 
733001     INFO  main            d.u.i.k.p.i.AbstractProblemLoader Replaying proof Counter[java.lang.Object::<inv>()].JML accessible clause.0 
733002     DEBUG main            d.u.i.k.p.i.IntermediateProofReplayer Proof replay took 3.3ns 
733104     INFO  main            d.u.i.k.p.r.p.TestFile    ... finished proof: closed. 
733756     INFO  main            d.u.i.k.p.i.AbstractProblemLoader Loading environment from /home/runner/work/key/key/key.core/../key.ui/examples/heap/permissions/lockspec/Counter_inv_accessible1.key.proof 
733756     DEBUG main            d.u.i.k.p.i.AbstractProblemLoader Environment load took 81.9ns 
733757     INFO  main            d.u.i.k.p.i.AbstractProblemLoader Creating init config 
736560     DEBUG main            d.u.i.k.p.i.AbstractProblemLoader Init config took 2.8s 
736610     INFO  main            d.u.i.k.p.i.AbstractProblemLoader Replaying proof Counter[java.lang.Object::<inv>()].JML accessible clause.0 
736621     DEBUG main            d.u.i.k.p.i.IntermediateProofReplayer Proof replay took 9.36ms 
736621     DEBUG main            d.u.i.k.p.r.p.TestFile    ... success: reloaded. 
736622     INFO  main            d.u.i.k.p.r.p.TestFile    Now processing file /home/runner/work/key/key/key.core/../key.ui/examples/heap/permissions/lockspec/Counter_inv_accessible2.key 
736622     INFO  main            d.u.i.k.p.i.AbstractProblemLoader Loading environment from /home/runner/work/key/key/key.core/../key.ui/examples/heap/permissions/lockspec/Counter_inv_accessible2.key 
736622     DEBUG main            d.u.i.k.p.i.AbstractProblemLoader Environment load took 50.3ns 
736623     INFO  main            d.u.i.k.p.i.AbstractProblemLoader Creating init config 
739478     DEBUG main            d.u.i.k.p.i.AbstractProblemLoader Init config took 2.86s 
739528     INFO  main            d.u.i.k.p.i.AbstractProblemLoader Replaying proof Counter[java.lang.Object::<inv>()].JML accessible clause.1 
739530     DEBUG main            d.u.i.k.p.i.IntermediateProofReplayer Proof replay took 3.7ns 
739631     INFO  main            d.u.i.k.p.r.p.TestFile    ... finished proof: closed. 
740278     INFO  main            d.u.i.k.p.i.AbstractProblemLoader Loading environment from /home/runner/work/key/key/key.core/../key.ui/examples/heap/permissions/lockspec/Counter_inv_accessible2.key.proof 
740278     DEBUG main            d.u.i.k.p.i.AbstractProblemLoader Environment load took 81.7ns 
740279     INFO  main            d.u.i.k.p.i.AbstractProblemLoader Creating init config 
743082     DEBUG main            d.u.i.k.p.i.AbstractProblemLoader Init config took 2.8s 
743132     INFO  main            d.u.i.k.p.i.AbstractProblemLoader Replaying proof Counter[java.lang.Object::<inv>()].JML accessible clause.1 
743142     DEBUG main            d.u.i.k.p.i.IntermediateProofReplayer Proof replay took 9.2ms 
743143     DEBUG main            d.u.i.k.p.r.p.TestFile    ... success: reloaded. 
743144     INFO  main            d.u.i.k.p.r.p.TestFile    Now processing file /home/runner/work/key/key/key.core/../key.ui/examples/heap/permissions/lockspec/Counter_lockRef_accessible.key 
743144     INFO  main            d.u.i.k.p.i.AbstractProblemLoader Loading environment from /home/runner/work/key/key/key.core/../key.ui/examples/heap/permissions/lockspec/Counter_lockRef_accessible.key 
743144     DEBUG main            d.u.i.k.p.i.AbstractProblemLoader Environment load took 44ns 
743145     INFO  main            d.u.i.k.p.i.AbstractProblemLoader Creating init config 
746007     DEBUG main            d.u.i.k.p.i.AbstractProblemLoader Init config took 2.86s 
746056     INFO  main            d.u.i.k.p.i.AbstractProblemLoader Replaying proof Counter[LockSpec::lockRef()].JML accessible clause.0 
746057     DEBUG main            d.u.i.k.p.i.IntermediateProofReplayer Proof replay took 3.2ns 
746260     INFO  main            d.u.i.k.p.r.p.TestFile    ... finished proof: closed. 
746916     INFO  main            d.u.i.k.p.i.AbstractProblemLoader Loading environment from /home/runner/work/key/key/key.core/../key.ui/examples/heap/permissions/lockspec/Counter_lockRef_accessible.key.proof 
746916     DEBUG main            d.u.i.k.p.i.AbstractProblemLoader Environment load took 95.5ns 
746917     INFO  main            d.u.i.k.p.i.AbstractProblemLoader Creating init config 
749710     DEBUG main            d.u.i.k.p.i.AbstractProblemLoader Init config took 2.79s 
749759     INFO  main            d.u.i.k.p.i.AbstractProblemLoader Replaying proof Counter[LockSpec::lockRef()].JML accessible clause.0 
749795     DEBUG main            d.u.i.k.p.i.IntermediateProofReplayer Proof replay took 34.05ms 
749796     DEBUG main            d.u.i.k.p.r.p.TestFile    ... success: reloaded. 
749796     INFO  main            d.u.i.k.p.r.p.TestFile    Now processing file /home/runner/work/key/key/key.core/../key.ui/examples/heap/permissions/lockspec/Counter_lockRef_contract1.key 
749796     INFO  main            d.u.i.k.p.i.AbstractProblemLoader Loading environment from /home/runner/work/key/key/key.core/../key.ui/examples/heap/permissions/lockspec/Counter_lockRef_contract1.key 
749797     DEBUG main            d.u.i.k.p.i.AbstractProblemLoader Environment load took 86.5ns 
749797     INFO  main            d.u.i.k.p.i.AbstractProblemLoader Creating init config 
752648     DEBUG main            d.u.i.k.p.i.AbstractProblemLoader Init config took 2.85s 
752697     INFO  main            d.u.i.k.p.i.AbstractProblemLoader Replaying proof Counter[LockSpec::lockRef()].JML model_behavior operation contract.0 
752702     DEBUG main            d.u.i.k.p.i.IntermediateProofReplayer Proof replay took 4.1ns 
752804     INFO  main            d.u.i.k.p.r.p.TestFile    ... finished proof: closed. 
753461     INFO  main            d.u.i.k.p.i.AbstractProblemLoader Loading environment from /home/runner/work/key/key/key.core/../key.ui/examples/heap/permissions/lockspec/Counter_lockRef_contract1.key.proof 
753461     DEBUG main            d.u.i.k.p.i.AbstractProblemLoader Environment load took 96.4ns 
753462     INFO  main            d.u.i.k.p.i.AbstractProblemLoader Creating init config 
756255     DEBUG main            d.u.i.k.p.i.AbstractProblemLoader Init config took 2.79s 
756305     INFO  main            d.u.i.k.p.i.AbstractProblemLoader Replaying proof Counter[LockSpec::lockRef()].JML model_behavior operation contract.0 
756309     DEBUG main            d.u.i.k.p.i.IntermediateProofReplayer Proof replay took 3.33ms 
756310     DEBUG main            d.u.i.k.p.r.p.TestFile    ... success: reloaded. 
756311     INFO  main            d.u.i.k.p.r.p.TestFile    Now processing file /home/runner/work/key/key/key.core/../key.ui/examples/heap/permissions/lockspec/Counter_lockRef_contract2.key 
756311     INFO  main            d.u.i.k.p.i.AbstractProblemLoader Loading environment from /home/runner/work/key/key/key.core/../key.ui/examples/heap/permissions/lockspec/Counter_lockRef_contract2.key 
756311     DEBUG main            d.u.i.k.p.i.AbstractProblemLoader Environment load took 48.2ns 
756312     INFO  main            d.u.i.k.p.i.AbstractProblemLoader Creating init config 
759160     DEBUG main            d.u.i.k.p.i.AbstractProblemLoader Init config took 2.85s 
759210     INFO  main            d.u.i.k.p.i.AbstractProblemLoader Replaying proof Counter[Counter::lockRef()].JML model_behavior operation contract.0 
759211     DEBUG main            d.u.i.k.p.i.IntermediateProofReplayer Proof replay took 3.5ns 
759312     INFO  main            d.u.i.k.p.r.p.TestFile    ... finished proof: closed. 
759972     INFO  main            d.u.i.k.p.i.AbstractProblemLoader Loading environment from /home/runner/work/key/key/key.core/../key.ui/examples/heap/permissions/lockspec/Counter_lockRef_contract2.key.proof 
759972     DEBUG main            d.u.i.k.p.i.AbstractProblemLoader Environment load took 78ns 
759973     INFO  main            d.u.i.k.p.i.AbstractProblemLoader Creating init config 
762768     DEBUG main            d.u.i.k.p.i.AbstractProblemLoader Init config took 2.79s 
762818     INFO  main            d.u.i.k.p.i.AbstractProblemLoader Replaying proof Counter[Counter::lockRef()].JML model_behavior operation contract.0 
762823     DEBUG main            d.u.i.k.p.i.IntermediateProofReplayer Proof replay took 3.37ms 
762823     DEBUG main            d.u.i.k.p.r.p.TestFile    ... success: reloaded. 
762824     INFO  main            d.u.i.k.p.r.p.TestFile    Now processing file /home/runner/work/key/key/key.core/../key.ui/examples/heap/permissions/lockspec/Counter_lockState_accessible.key 
762824     INFO  main            d.u.i.k.p.i.AbstractProblemLoader Loading environment from /home/runner/work/key/key/key.core/../key.ui/examples/heap/permissions/lockspec/Counter_lockState_accessible.key 
762824     DEBUG main            d.u.i.k.p.i.AbstractProblemLoader Environment load took 56.2ns 
762825     INFO  main            d.u.i.k.p.i.AbstractProblemLoader Creating init config 
765669     DEBUG main            d.u.i.k.p.i.AbstractProblemLoader Init config took 2.84s 
765719     INFO  main            d.u.i.k.p.i.AbstractProblemLoader Replaying proof Counter[LockSpec::lockState(boolean)].JML accessible clause.0 
765720     DEBUG main            d.u.i.k.p.i.IntermediateProofReplayer Proof replay took 3.3ns 
766023     INFO  main            d.u.i.k.p.r.p.TestFile    ... finished proof: closed. 
766685     INFO  main            d.u.i.k.p.i.AbstractProblemLoader Loading environment from /home/runner/work/key/key/key.core/../key.ui/examples/heap/permissions/lockspec/Counter_lockState_accessible.key.proof 
766685     DEBUG main            d.u.i.k.p.i.AbstractProblemLoader Environment load took 97.7ns 
766686     INFO  main            d.u.i.k.p.i.AbstractProblemLoader Creating init config 
769491     DEBUG main            d.u.i.k.p.i.AbstractProblemLoader Init config took 2.8s 
769541     INFO  main            d.u.i.k.p.i.AbstractProblemLoader Replaying proof Counter[LockSpec::lockState(boolean)].JML accessible clause.0 
769619     DEBUG main            d.u.i.k.p.i.IntermediateProofReplayer Proof replay took 75.12ms 
769619     DEBUG main            d.u.i.k.p.r.p.TestFile    ... success: reloaded. 
769620     INFO  main            d.u.i.k.p.r.p.TestFile    Now processing file /home/runner/work/key/key/key.core/../key.ui/examples/heap/permissions/lockspec/Counter_lockStatus_accessible.key 
769620     INFO  main            d.u.i.k.p.i.AbstractProblemLoader Loading environment from /home/runner/work/key/key/key.core/../key.ui/examples/heap/permissions/lockspec/Counter_lockStatus_accessible.key 
769620     DEBUG main            d.u.i.k.p.i.AbstractProblemLoader Environment load took 86.7ns 
769621     INFO  main            d.u.i.k.p.i.AbstractProblemLoader Creating init config 
772466     DEBUG main            d.u.i.k.p.i.AbstractProblemLoader Init config took 2.85s 
772515     INFO  main            d.u.i.k.p.i.AbstractProblemLoader Replaying proof Counter[LockSpec::lockStatus(boolean)].JML accessible clause.0 
772517     DEBUG main            d.u.i.k.p.i.IntermediateProofReplayer Proof replay took 3.4ns 
772618     INFO  main            d.u.i.k.p.r.p.TestFile    ... finished proof: closed. 
773292     INFO  main            d.u.i.k.p.i.AbstractProblemLoader Loading environment from /home/runner/work/key/key/key.core/../key.ui/examples/heap/permissions/lockspec/Counter_lockStatus_accessible.key.proof 
773292     DEBUG main            d.u.i.k.p.i.AbstractProblemLoader Environment load took 86.7ns 
773293     INFO  main            d.u.i.k.p.i.AbstractProblemLoader Creating init config 
776083     DEBUG main            d.u.i.k.p.i.AbstractProblemLoader Init config took 2.79s 
776146     INFO  main            d.u.i.k.p.i.AbstractProblemLoader Replaying proof Counter[LockSpec::lockStatus(boolean)].JML accessible clause.0 
776166     DEBUG main            d.u.i.k.p.i.IntermediateProofReplayer Proof replay took 18.94ms 
776167     DEBUG main            d.u.i.k.p.r.p.TestFile    ... success: reloaded. 
776168     INFO  main            d.u.i.k.p.r.p.TestFile    Now processing file /home/runner/work/key/key/key.core/../key.ui/examples/heap/permissions/lockspec/Counter_lockTransfer_accessible.key 
776168     INFO  main            d.u.i.k.p.i.AbstractProblemLoader Loading environment from /home/runner/work/key/key/key.core/../key.ui/examples/heap/permissions/lockspec/Counter_lockTransfer_accessible.key 
776168     DEBUG main            d.u.i.k.p.i.AbstractProblemLoader Environment load took 50ns 
776169     INFO  main            d.u.i.k.p.i.AbstractProblemLoader Creating init config 
779015     DEBUG main            d.u.i.k.p.i.AbstractProblemLoader Init config took 2.85s 
779065     INFO  main            d.u.i.k.p.i.AbstractProblemLoader Replaying proof Counter[LockSpec::lockTransfer()].JML accessible clause.0 
779067     DEBUG main            d.u.i.k.p.i.IntermediateProofReplayer Proof replay took 3.7ns 
779369     INFO  main            d.u.i.k.p.r.p.TestFile    ... finished proof: closed. 
780055     INFO  main            d.u.i.k.p.i.AbstractProblemLoader Loading environment from /home/runner/work/key/key/key.core/../key.ui/examples/heap/permissions/lockspec/Counter_lockTransfer_accessible.key.proof 
780055     DEBUG main            d.u.i.k.p.i.AbstractProblemLoader Environment load took 87.3ns 
780056     INFO  main            d.u.i.k.p.i.AbstractProblemLoader Creating init config 
782855     DEBUG main            d.u.i.k.p.i.AbstractProblemLoader Init config took 2.8s 
782904     INFO  main            d.u.i.k.p.i.AbstractProblemLoader Replaying proof Counter[LockSpec::lockTransfer()].JML accessible clause.0 
782960     DEBUG main            d.u.i.k.p.i.IntermediateProofReplayer Proof replay took 53.3ms 
782961     DEBUG main            d.u.i.k.p.r.p.TestFile    ... success: reloaded. 
782962     INFO  main            d.u.i.k.p.r.p.TestFile    Now processing file /home/runner/work/key/key/key.core/../key.ui/examples/heap/permissions/lockspec/Counter_unlockTransfer_accessible.key 
782962     INFO  main            d.u.i.k.p.i.AbstractProblemLoader Loading environment from /home/runner/work/key/key/key.core/../key.ui/examples/heap/permissions/lockspec/Counter_unlockTransfer_accessible.key 
782962     DEBUG main            d.u.i.k.p.i.AbstractProblemLoader Environment load took 85ns 
782963     INFO  main            d.u.i.k.p.i.AbstractProblemLoader Creating init config 
785802     DEBUG main            d.u.i.k.p.i.AbstractProblemLoader Init config took 2.84s 
785851     INFO  main            d.u.i.k.p.i.AbstractProblemLoader Replaying proof Counter[LockSpec::unlockTransfer()].JML accessible clause.0 
785852     DEBUG main            d.u.i.k.p.i.IntermediateProofReplayer Proof replay took 3.6ns 
786155     INFO  main            d.u.i.k.p.r.p.TestFile    ... finished proof: closed. 
786872     INFO  main            d.u.i.k.p.i.AbstractProblemLoader Loading environment from /home/runner/work/key/key/key.core/../key.ui/examples/heap/permissions/lockspec/Counter_unlockTransfer_accessible.key.proof 
786872     DEBUG main            d.u.i.k.p.i.AbstractProblemLoader Environment load took 82ns 
786873     INFO  main            d.u.i.k.p.i.AbstractProblemLoader Creating init config 
789675     DEBUG main            d.u.i.k.p.i.AbstractProblemLoader Init config took 2.8s 
789728     INFO  main            d.u.i.k.p.i.AbstractProblemLoader Replaying proof Counter[LockSpec::unlockTransfer()].JML accessible clause.0 
789785     DEBUG main            d.u.i.k.p.i.IntermediateProofReplayer Proof replay took 54.71ms 
789786     DEBUG main            d.u.i.k.p.r.p.TestFile    ... success: reloaded. 
789787     INFO  main            d.u.i.k.p.r.p.TestFile    Now processing file /home/runner/work/key/key/key.core/../key.ui/examples/heap/permissions/threads/Plotter_startTransfer_contract.proof 
789787     INFO  main            d.u.i.k.p.i.AbstractProblemLoader Loading environment from /home/runner/work/key/key/key.core/../key.ui/examples/heap/permissions/threads/Plotter_startTransfer_contract.proof 
789787     DEBUG main            d.u.i.k.p.i.AbstractProblemLoader Environment load took 86.2ns 
789788     INFO  main            d.u.i.k.p.i.AbstractProblemLoader Creating init config 
794055     DEBUG main            d.u.i.k.p.i.AbstractProblemLoader Init config took 4.27s 
794134     INFO  main            d.u.i.k.p.i.AbstractProblemLoader Replaying proof Plotter[ThreadSpec2::startTransfer()].JML model_behavior operation contract.0 
794227     DEBUG main            d.u.i.k.p.i.IntermediateProofReplayer Proof replay took 86.83ms 
794228     INFO  main            d.u.i.k.p.r.p.TestFile    ... success: loaded 
794229     INFO  main            d.u.i.k.p.r.p.TestFile    Now processing file /home/runner/work/key/key/key.core/../key.ui/examples/heap/permissions/threads/Plotter_startTransfer_accessible.proof 
794229     INFO  main            d.u.i.k.p.i.AbstractProblemLoader Loading environment from /home/runner/work/key/key/key.core/../key.ui/examples/heap/permissions/threads/Plotter_startTransfer_accessible.proof 
794229     DEBUG main            d.u.i.k.p.i.AbstractProblemLoader Environment load took 66.1ns 
794230     INFO  main            d.u.i.k.p.i.AbstractProblemLoader Creating init config 
798535     DEBUG main            d.u.i.k.p.i.AbstractProblemLoader Init config took 4.3s 
798613     INFO  main            d.u.i.k.p.i.AbstractProblemLoader Replaying proof Plotter[ThreadSpec2::startTransfer()].JML accessible clause.0 
798702     DEBUG main            d.u.i.k.p.i.IntermediateProofReplayer Proof replay took 86.02ms 
798703     INFO  main            d.u.i.k.p.r.p.TestFile    ... success: loaded 
798704     INFO  main            d.u.i.k.p.r.p.TestFile    Now processing file /home/runner/work/key/key/key.core/../key.ui/examples/heap/permissions/threads/Plotter_joinTransfer_accessible.proof 
798704     INFO  main            d.u.i.k.p.i.AbstractProblemLoader Loading environment from /home/runner/work/key/key/key.core/../key.ui/examples/heap/permissions/threads/Plotter_joinTransfer_accessible.proof 
798704     DEBUG main            d.u.i.k.p.i.AbstractProblemLoader Environment load took 74.6ns 
798705     INFO  main            d.u.i.k.p.i.AbstractProblemLoader Creating init config 
803181     DEBUG main            d.u.i.k.p.i.AbstractProblemLoader Init config took 4.48s 
803294     INFO  main            d.u.i.k.p.i.AbstractProblemLoader Replaying proof Plotter[ThreadSpec2::joinTransfer()].JML accessible clause.0 
803306     WARN  main            d.u.i.k.p.i.IntermediateProofReplayer Proof contains wrong number of \assumes instatiations for Definition_axiom_for_stateInv_in_Plotter 
803308     WARN  main            d.u.i.k.p.i.IntermediateProofReplayer Proof contains wrong number of \assumes instatiations for Definition_axiom_for_stateInv_in_Plotter 
803314     WARN  main            d.u.i.k.p.i.IntermediateProofReplayer Proof contains wrong number of \assumes instatiations for Definition_axiom_for_workingPermissions_in_Plotter 
803315     WARN  main            d.u.i.k.p.i.IntermediateProofReplayer Proof contains wrong number of \assumes instatiations for Definition_axiom_for_staticPermissions_in_Plotter 
803316     WARN  main            d.u.i.k.p.i.IntermediateProofReplayer Proof contains wrong number of \assumes instatiations for Definition_axiom_for_joinTransfer_in_Plotter 
803318     WARN  main            d.u.i.k.p.i.IntermediateProofReplayer Proof contains wrong number of \assumes instatiations for Definition_axiom_for_stateInv_in_BFilter 
803320     WARN  main            d.u.i.k.p.i.IntermediateProofReplayer Proof contains wrong number of \assumes instatiations for Definition_axiom_for_stateInv_in_AFilter 
803321     WARN  main            d.u.i.k.p.i.IntermediateProofReplayer Proof contains wrong number of \assumes instatiations for Definition_axiom_for_stateInv_in_BFilter 
803323     WARN  main            d.u.i.k.p.i.IntermediateProofReplayer Proof contains wrong number of \assumes instatiations for Definition_axiom_for_stateInv_in_AFilter 
803324     WARN  main            d.u.i.k.p.i.IntermediateProofReplayer Proof contains wrong number of \assumes instatiations for Definition_axiom_for_staticPermissions_in_AFilter 
803325     WARN  main            d.u.i.k.p.i.IntermediateProofReplayer Proof contains wrong number of \assumes instatiations for Definition_axiom_for_staticPermissions_in_Plotter 
803326     WARN  main            d.u.i.k.p.i.IntermediateProofReplayer Proof contains wrong number of \assumes instatiations for Definition_axiom_for_staticPermissions_in_BFilter 
803327     WARN  main            d.u.i.k.p.i.IntermediateProofReplayer Proof contains wrong number of \assumes instatiations for Definition_axiom_for_workingPermissions_in_Plotter 
803328     WARN  main            d.u.i.k.p.i.IntermediateProofReplayer Proof contains wrong number of \assumes instatiations for Definition_axiom_for_stateInv_in_Sampler 
803329     WARN  main            d.u.i.k.p.i.IntermediateProofReplayer Proof contains wrong number of \assumes instatiations for Definition_axiom_for_stateInv_in_Sampler 
803330     WARN  main            d.u.i.k.p.i.IntermediateProofReplayer Proof contains wrong number of \assumes instatiations for Definition_axiom_for_staticPermissions_in_Sampler 
803330     WARN  main            d.u.i.k.p.i.IntermediateProofReplayer Proof contains wrong number of \assumes instatiations for Definition_axiom_for_staticPermissions_in_BFilter 
803331     WARN  main            d.u.i.k.p.i.IntermediateProofReplayer Proof contains wrong number of \assumes instatiations for Definition_axiom_for_staticPermissions_in_AFilter 
803332     WARN  main            d.u.i.k.p.i.IntermediateProofReplayer Proof contains wrong number of \assumes instatiations for Definition_axiom_for_staticPermissions_in_Sampler 
803333     WARN  main            d.u.i.k.p.i.IntermediateProofReplayer Proof contains wrong number of \assumes instatiations for Definition_axiom_for_staticPermissions_in_Sampler 
803334     WARN  main            d.u.i.k.p.i.IntermediateProofReplayer Proof contains wrong number of \assumes instatiations for Definition_axiom_for_staticPermissions_in_Sampler 
803335     WARN  main            d.u.i.k.p.i.IntermediateProofReplayer Proof contains wrong number of \assumes instatiations for Definition_axiom_for_joinTransfer_in_Plotter 
803419     DEBUG main            d.u.i.k.p.i.IntermediateProofReplayer Proof replay took 117.06ms 
803419     INFO  main            d.u.i.k.p.r.p.TestFile    ... success: loaded 
5026162    INFO  Test worker     d.u.i.k.p.r.RunAllProofsTestUnit Returning from test permissionHeap 
5026163    INFO  Test worker     d.u.i.k.p.r.RunAllProofsTestUnit Running test completionScopes 
382        INFO  Timeout watchdog d.u.i.k.p.r.p.ForkedTestFileRunner Timeout watcher launched (2000 secs.) 
407        WARN  main            d.u.i.k.s.ProofSettings   The settings in /home/runner/.key/proof-settings.props are *not* read. 
457        INFO  main            d.u.i.k.p.r.p.TestFile    Now processing file /home/runner/work/key/key/key.core/../key.ui/examples/completionscopes/testCcatchReturnVal.key 
587        INFO  main            d.u.i.k.p.i.AbstractProblemLoader Loading environment from /home/runner/work/key/key/key.core/../key.ui/examples/completionscopes/testCcatchReturnVal.key 
616        DEBUG main            d.u.i.k.p.i.AbstractProblemLoader Environment load took 1.86ms 
866        INFO  main            d.u.i.k.p.i.AbstractProblemLoader Creating init config 
1760       DEBUG main            d.u.i.k.j.TypeConverter   No LDT found for Meta 
1760       DEBUG main            d.u.i.k.j.TypeConverter   No LDT found for Meta 
1765       DEBUG main            d.u.i.k.j.TypeConverter   No LDT found for Meta 
1766       DEBUG main            d.u.i.k.j.TypeConverter   No LDT found for Meta 
3147       DEBUG main            d.u.i.k.j.TypeConverter   No LDT found for JavaBigintExpression 
7918       DEBUG main            d.u.i.k.p.i.AbstractProblemLoader Init config took 7.05s 
8048       INFO  main            d.u.i.k.p.i.AbstractProblemLoader Replaying proof CompletionScopes[CompletionScopes::testCcatchReturnVal()].JML normal_behavior operation contract.0 
8081       DEBUG main            d.u.i.k.p.i.IntermediateProofReplayer Proof replay took 32.4ns 
8623       INFO  main            d.u.i.k.p.r.p.TestFile    ... finished proof: closed. 
8751       INFO  main            d.u.i.k.p.i.AbstractProblemLoader Loading environment from /home/runner/work/key/key/key.core/../key.ui/examples/completionscopes/testCcatchReturnVal.key.proof 
8753       DEBUG main            d.u.i.k.p.i.AbstractProblemLoader Environment load took 1.43ms 
8755       INFO  main            d.u.i.k.p.i.AbstractProblemLoader Creating init config 
11560      DEBUG main            d.u.i.k.p.i.AbstractProblemLoader Init config took 2.8s 
11627      INFO  main            d.u.i.k.p.i.AbstractProblemLoader Replaying proof CompletionScopes[CompletionScopes::testCcatchReturnVal()].JML normal_behavior operation contract.0 
11664      DEBUG main            d.u.i.k.p.i.IntermediateProofReplayer Proof replay took 31.97ms 
11675      DEBUG main            d.u.i.k.p.r.p.TestFile    ... success: reloaded. 
11680      INFO  main            d.u.i.k.p.r.p.TestFile    Now processing file /home/runner/work/key/key/key.core/../key.ui/examples/completionscopes/testMultCcatchClauses.key 
11681      INFO  main            d.u.i.k.p.i.AbstractProblemLoader Loading environment from /home/runner/work/key/key/key.core/../key.ui/examples/completionscopes/testMultCcatchClauses.key 
11681      DEBUG main            d.u.i.k.p.i.AbstractProblemLoader Environment load took 248.8ns 
11684      INFO  main            d.u.i.k.p.i.AbstractProblemLoader Creating init config 
14410      DEBUG main            d.u.i.k.p.i.AbstractProblemLoader Init config took 2.73s 
14469      INFO  main            d.u.i.k.p.i.AbstractProblemLoader Replaying proof CompletionScopes[CompletionScopes::testMultCcatchClauses()].JML normal_behavior operation contract.0 
14471      DEBUG main            d.u.i.k.p.i.IntermediateProofReplayer Proof replay took 7.2ns 
14877      INFO  main            d.u.i.k.p.r.p.TestFile    ... finished proof: closed. 
15020      INFO  main            d.u.i.k.p.i.AbstractProblemLoader Loading environment from /home/runner/work/key/key/key.core/../key.ui/examples/completionscopes/testMultCcatchClauses.key.proof 
15022      DEBUG main            d.u.i.k.p.i.AbstractProblemLoader Environment load took 2.21ms 
15024      INFO  main            d.u.i.k.p.i.AbstractProblemLoader Creating init config 
17654      DEBUG main            d.u.i.k.p.i.AbstractProblemLoader Init config took 2.63s 
17704      INFO  main            d.u.i.k.p.i.AbstractProblemLoader Replaying proof CompletionScopes[CompletionScopes::testMultCcatchClauses()].JML normal_behavior operation contract.0 
17793      DEBUG main            d.u.i.k.p.i.IntermediateProofReplayer Proof replay took 85.6ms 
17795      DEBUG main            d.u.i.k.p.r.p.TestFile    ... success: reloaded. 
17796      INFO  main            d.u.i.k.p.r.p.TestFile    Now processing file /home/runner/work/key/key/key.core/../key.ui/examples/completionscopes/testNestedExec.key 
17796      INFO  main            d.u.i.k.p.i.AbstractProblemLoader Loading environment from /home/runner/work/key/key/key.core/../key.ui/examples/completionscopes/testNestedExec.key 
17797      DEBUG main            d.u.i.k.p.i.AbstractProblemLoader Environment load took 187.7ns 
17798      INFO  main            d.u.i.k.p.i.AbstractProblemLoader Creating init config 
20401      DEBUG main            d.u.i.k.p.i.AbstractProblemLoader Init config took 2.6s 
20449      INFO  main            d.u.i.k.p.i.AbstractProblemLoader Replaying proof CompletionScopes[CompletionScopes::testMultCcatchClauses()].JML normal_behavior operation contract.0 
20452      DEBUG main            d.u.i.k.p.i.IntermediateProofReplayer Proof replay took 7.9ns 
20755      INFO  main            d.u.i.k.p.r.p.TestFile    ... finished proof: closed. 
20886      INFO  main            d.u.i.k.p.i.AbstractProblemLoader Loading environment from /home/runner/work/key/key/key.core/../key.ui/examples/completionscopes/testNestedExec.key.proof 
20886      DEBUG main            d.u.i.k.p.i.AbstractProblemLoader Environment load took 444.41ns 
20892      INFO  main            d.u.i.k.p.i.AbstractProblemLoader Creating init config 
23504      DEBUG main            d.u.i.k.p.i.AbstractProblemLoader Init config took 2.61s 
23550      INFO  main            d.u.i.k.p.i.AbstractProblemLoader Replaying proof CompletionScopes[CompletionScopes::testMultCcatchClauses()].JML normal_behavior operation contract.0 
23619      DEBUG main            d.u.i.k.p.i.IntermediateProofReplayer Proof replay took 65.41ms 
23620      DEBUG main            d.u.i.k.p.r.p.TestFile    ... success: reloaded. 
23621      INFO  main            d.u.i.k.p.r.p.TestFile    Now processing file /home/runner/work/key/key/key.core/../key.ui/examples/completionscopes/testCcatchBreakLabel.key 
23622      INFO  main            d.u.i.k.p.i.AbstractProblemLoader Loading environment from /home/runner/work/key/key/key.core/../key.ui/examples/completionscopes/testCcatchBreakLabel.key 
23622      DEBUG main            d.u.i.k.p.i.AbstractProblemLoader Environment load took 188.5ns 
23623      INFO  main            d.u.i.k.p.i.AbstractProblemLoader Creating init config 
26194      DEBUG main            d.u.i.k.p.i.AbstractProblemLoader Init config took 2.57s 
26239      INFO  main            d.u.i.k.p.i.AbstractProblemLoader Replaying proof CompletionScopes[CompletionScopes::testBreakLabel()].JML normal_behavior operation contract.0 
26241      DEBUG main            d.u.i.k.p.i.IntermediateProofReplayer Proof replay took 7.8ns 
26258      DEBUG Thread-10       d.u.i.k.l.o.ProgramSV     Match failed: Former match of  SchemaVariable incompatible with  the current match. 
26344      INFO  main            d.u.i.k.p.r.p.TestFile    ... finished proof: closed. 
26505      INFO  main            d.u.i.k.p.i.AbstractProblemLoader Loading environment from /home/runner/work/key/key/key.core/../key.ui/examples/completionscopes/testCcatchBreakLabel.key.proof 
26505      DEBUG main            d.u.i.k.p.i.AbstractProblemLoader Environment load took 129.2ns 
26506      INFO  main            d.u.i.k.p.i.AbstractProblemLoader Creating init config 
29025      DEBUG main            d.u.i.k.p.i.AbstractProblemLoader Init config took 2.52s 
29068      INFO  main            d.u.i.k.p.i.AbstractProblemLoader Replaying proof CompletionScopes[CompletionScopes::testBreakLabel()].JML normal_behavior operation contract.0 
29078      DEBUG main            d.u.i.k.p.i.IntermediateProofReplayer Proof replay took 8.19ms 
29079      DEBUG main            d.u.i.k.p.r.p.TestFile    ... success: reloaded. 
29080      INFO  main            d.u.i.k.p.r.p.TestFile    Now processing file /home/runner/work/key/key/key.core/../key.ui/examples/completionscopes/testCcatchContinueLabel.key 
29081      INFO  main            d.u.i.k.p.i.AbstractProblemLoader Loading environment from /home/runner/work/key/key/key.core/../key.ui/examples/completionscopes/testCcatchContinueLabel.key 
29081      DEBUG main            d.u.i.k.p.i.AbstractProblemLoader Environment load took 96ns 
29082      INFO  main            d.u.i.k.p.i.AbstractProblemLoader Creating init config 
31600      DEBUG main            d.u.i.k.p.i.AbstractProblemLoader Init config took 2.52s 
31643      INFO  main            d.u.i.k.p.i.AbstractProblemLoader Replaying proof CompletionScopes[CompletionScopes::testContinueLabel()].JML normal_behavior operation contract.0 
31645      DEBUG main            d.u.i.k.p.i.IntermediateProofReplayer Proof replay took 7.6ns 
31664      DEBUG Thread-13       d.u.i.k.l.o.ProgramSV     Match failed: Former match of  SchemaVariable incompatible with  the current match. 
31748      INFO  main            d.u.i.k.p.r.p.TestFile    ... finished proof: closed. 
31897      INFO  main            d.u.i.k.p.i.AbstractProblemLoader Loading environment from /home/runner/work/key/key/key.core/../key.ui/examples/completionscopes/testCcatchContinueLabel.key.proof 
31897      DEBUG main            d.u.i.k.p.i.AbstractProblemLoader Environment load took 165.5ns 
31898      INFO  main            d.u.i.k.p.i.AbstractProblemLoader Creating init config 
34410      DEBUG main            d.u.i.k.p.i.AbstractProblemLoader Init config took 2.51s 
34455      INFO  main            d.u.i.k.p.i.AbstractProblemLoader Replaying proof CompletionScopes[CompletionScopes::testContinueLabel()].JML normal_behavior operation contract.0 
34465      DEBUG main            d.u.i.k.p.i.IntermediateProofReplayer Proof replay took 8.13ms 
34467      DEBUG main            d.u.i.k.p.r.p.TestFile    ... success: reloaded. 
34468      INFO  main            d.u.i.k.p.r.p.TestFile    Now processing file /home/runner/work/key/key/key.core/../key.ui/examples/completionscopes/testCcatchBreakLabelWildcard.key 
34468      INFO  main            d.u.i.k.p.i.AbstractProblemLoader Loading environment from /home/runner/work/key/key/key.core/../key.ui/examples/completionscopes/testCcatchBreakLabelWildcard.key 
34468      DEBUG main            d.u.i.k.p.i.AbstractProblemLoader Environment load took 191.7ns 
34470      INFO  main            d.u.i.k.p.i.AbstractProblemLoader Creating init config 
37025      DEBUG main            d.u.i.k.p.i.AbstractProblemLoader Init config took 2.56s 
37067      INFO  main            d.u.i.k.p.i.AbstractProblemLoader Replaying proof CompletionScopes[CompletionScopes::testBreakLabelWildcard()].JML normal_behavior operation contract.0 
37069      DEBUG main            d.u.i.k.p.i.IntermediateProofReplayer Proof replay took 7.1ns 
37088      DEBUG Thread-16       d.u.i.k.l.o.ProgramSV     Match failed: Former match of  SchemaVariable incompatible with  the current match. 
37089      DEBUG Thread-16       d.u.i.k.l.o.ProgramSV     Match failed: Former match of  SchemaVariable incompatible with  the current match. 
37171      INFO  main            d.u.i.k.p.r.p.TestFile    ... finished proof: closed. 
37401      INFO  main            d.u.i.k.p.i.AbstractProblemLoader Loading environment from /home/runner/work/key/key/key.core/../key.ui/examples/completionscopes/testCcatchBreakLabelWildcard.key.proof 
37401      DEBUG main            d.u.i.k.p.i.AbstractProblemLoader Environment load took 135.4ns 
37402      INFO  main            d.u.i.k.p.i.AbstractProblemLoader Creating init config 
39902      DEBUG main            d.u.i.k.p.i.AbstractProblemLoader Init config took 2.5s 
39946      INFO  main            d.u.i.k.p.i.AbstractProblemLoader Replaying proof CompletionScopes[CompletionScopes::testBreakLabelWildcard()].JML normal_behavior operation contract.0 
39956      DEBUG main            d.u.i.k.p.i.IntermediateProofReplayer Proof replay took 7.89ms 
39956      DEBUG main            d.u.i.k.p.r.p.TestFile    ... success: reloaded. 
39958      INFO  main            d.u.i.k.p.r.p.TestFile    Now processing file /home/runner/work/key/key/key.core/../key.ui/examples/completionscopes/testCcatchContinueLabelWildcard.key 
39958      INFO  main            d.u.i.k.p.i.AbstractProblemLoader Loading environment from /home/runner/work/key/key/key.core/../key.ui/examples/completionscopes/testCcatchContinueLabelWildcard.key 
39958      DEBUG main            d.u.i.k.p.i.AbstractProblemLoader Environment load took 194.7ns 
39959      INFO  main            d.u.i.k.p.i.AbstractProblemLoader Creating init config 
42468      DEBUG main            d.u.i.k.p.i.AbstractProblemLoader Init config took 2.51s 
42509      INFO  main            d.u.i.k.p.i.AbstractProblemLoader Replaying proof CompletionScopes[CompletionScopes::testContinueLabelWildcard()].JML normal_behavior operation contract.0 
42511      DEBUG main            d.u.i.k.p.i.IntermediateProofReplayer Proof replay took 8.8ns 
42529      DEBUG Thread-19       d.u.i.k.l.o.ProgramSV     Match failed: Former match of  SchemaVariable incompatible with  the current match. 
42530      DEBUG Thread-19       d.u.i.k.l.o.ProgramSV     Match failed: Former match of  SchemaVariable incompatible with  the current match. 
42613      INFO  main            d.u.i.k.p.r.p.TestFile    ... finished proof: closed. 
42788      INFO  main            d.u.i.k.p.i.AbstractProblemLoader Loading environment from /home/runner/work/key/key/key.core/../key.ui/examples/completionscopes/testCcatchContinueLabelWildcard.key.proof 
42788      DEBUG main            d.u.i.k.p.i.AbstractProblemLoader Environment load took 136.6ns 
42789      INFO  main            d.u.i.k.p.i.AbstractProblemLoader Creating init config 
45242      DEBUG main            d.u.i.k.p.i.AbstractProblemLoader Init config took 2.45s 
45295      INFO  main            d.u.i.k.p.i.AbstractProblemLoader Replaying proof CompletionScopes[CompletionScopes::testContinueLabelWildcard()].JML normal_behavior operation contract.0 
45306      DEBUG main            d.u.i.k.p.i.IntermediateProofReplayer Proof replay took 8.79ms 
45307      DEBUG main            d.u.i.k.p.r.p.TestFile    ... success: reloaded. 
45308      INFO  main            d.u.i.k.p.r.p.TestFile    Now processing file /home/runner/work/key/key/key.core/../key.ui/examples/completionscopes/testCcatchBreakLabelNonmatchingNested.key 
45308      INFO  main            d.u.i.k.p.i.AbstractProblemLoader Loading environment from /home/runner/work/key/key/key.core/../key.ui/examples/completionscopes/testCcatchBreakLabelNonmatchingNested.key 
45309      DEBUG main            d.u.i.k.p.i.AbstractProblemLoader Environment load took 95.2ns 
45309      INFO  main            d.u.i.k.p.i.AbstractProblemLoader Creating init config 
47808      DEBUG main            d.u.i.k.p.i.AbstractProblemLoader Init config took 2.5s 
47846      INFO  main            d.u.i.k.p.i.AbstractProblemLoader Replaying proof CompletionScopes[CompletionScopes::testBreakLabelNonmatchingNested()].JML normal_behavior operation contract.0 
47848      DEBUG main            d.u.i.k.p.i.IntermediateProofReplayer Proof replay took 7.5ns 
47864      DEBUG Thread-22       d.u.i.k.l.o.ProgramSV     Match failed: Former match of  SchemaVariable incompatible with  the current match. 
47865      DEBUG Thread-22       d.u.i.k.l.o.ProgramSV     Match failed: Former match of  SchemaVariable incompatible with  the current match. 
47950      INFO  main            d.u.i.k.p.r.p.TestFile    ... finished proof: closed. 
48122      INFO  main            d.u.i.k.p.i.AbstractProblemLoader Loading environment from /home/runner/work/key/key/key.core/../key.ui/examples/completionscopes/testCcatchBreakLabelNonmatchingNested.key.proof 
48122      DEBUG main            d.u.i.k.p.i.AbstractProblemLoader Environment load took 132.2ns 
48127      INFO  main            d.u.i.k.p.i.AbstractProblemLoader Creating init config 
50566      DEBUG main            d.u.i.k.p.i.AbstractProblemLoader Init config took 2.44s 
50606      INFO  main            d.u.i.k.p.i.AbstractProblemLoader Replaying proof CompletionScopes[CompletionScopes::testBreakLabelNonmatchingNested()].JML normal_behavior operation contract.0 
50618      DEBUG main            d.u.i.k.p.i.IntermediateProofReplayer Proof replay took 10.2ms 
50619      DEBUG main            d.u.i.k.p.r.p.TestFile    ... success: reloaded. 
5076962    INFO  Test worker     d.u.i.k.p.r.RunAllProofsTestUnit Returning from test completionScopes 
5076963    INFO  Test worker     d.u.i.k.p.r.RunAllProofsTestUnit Running test reload_examples 
369        INFO  Timeout watchdog d.u.i.k.p.r.p.ForkedTestFileRunner Timeout watcher launched (2000 secs.) 
397        WARN  main            d.u.i.k.s.ProofSettings   The settings in /home/runner/.key/proof-settings.props are *not* read. 
426        INFO  main            d.u.i.k.p.r.p.TestFile    Now processing file /home/runner/work/key/key/key.core/../key.ui/examples/firstTouch/05-ReverseArray/reverseArray.key 
577        INFO  main            d.u.i.k.p.i.AbstractProblemLoader Loading environment from /home/runner/work/key/key/key.core/../key.ui/examples/firstTouch/05-ReverseArray/reverseArray.key 
595        DEBUG main            d.u.i.k.p.i.AbstractProblemLoader Environment load took 2.25ms 
835        INFO  main            d.u.i.k.p.i.AbstractProblemLoader Creating init config 
1751       DEBUG main            d.u.i.k.j.TypeConverter   No LDT found for Meta 
1751       DEBUG main            d.u.i.k.j.TypeConverter   No LDT found for Meta 
1755       DEBUG main            d.u.i.k.j.TypeConverter   No LDT found for Meta 
1756       DEBUG main            d.u.i.k.j.TypeConverter   No LDT found for Meta 
3004       DEBUG main            d.u.i.k.j.TypeConverter   No LDT found for JavaBigintExpression 
8580       DEBUG main            d.u.i.k.p.i.AbstractProblemLoader Init config took 7.74s 
8693       INFO  main            d.u.i.k.p.i.AbstractProblemLoader Replaying proof ReverseArray[ReverseArray::reverse()].JML normal_behavior operation contract.0 
8758       DEBUG main            d.u.i.k.p.i.IntermediateProofReplayer Proof replay took 164.5ns 
19834      INFO  main            d.u.i.k.p.r.p.TestFile    ... finished proof: closed. 
20096      INFO  main            d.u.i.k.p.i.AbstractProblemLoader Loading environment from /home/runner/work/key/key/key.core/../key.ui/examples/firstTouch/05-ReverseArray/reverseArray.key.proof 
20097      DEBUG main            d.u.i.k.p.i.AbstractProblemLoader Environment load took 410.2ns 
20100      INFO  main            d.u.i.k.p.i.AbstractProblemLoader Creating init config 
23061      DEBUG main            d.u.i.k.p.i.AbstractProblemLoader Init config took 2.96s 
23119      INFO  main            d.u.i.k.p.i.AbstractProblemLoader Replaying proof ReverseArray[ReverseArray::reverse()].JML normal_behavior operation contract.0 
24381      DEBUG main            d.u.i.k.p.i.IntermediateProofReplayer Proof replay took 1.2s 
24392      DEBUG main            d.u.i.k.p.r.p.TestFile    ... success: reloaded. 
24394      INFO  main            d.u.i.k.p.r.p.TestFile    Now processing file /home/runner/work/key/key/key.core/../key.ui/examples/standard_key/arith/saveProofTest.key.proof 
24394      INFO  main            d.u.i.k.p.i.AbstractProblemLoader Loading environment from /home/runner/work/key/key/key.core/../key.ui/examples/standard_key/arith/saveProofTest.key.proof 
24394      DEBUG main            d.u.i.k.p.i.AbstractProblemLoader Environment load took 250.4ns 
24396      INFO  main            d.u.i.k.p.i.AbstractProblemLoader Creating init config 
27054      DEBUG main            d.u.i.k.p.i.AbstractProblemLoader Init config took 2.66s 
27081      INFO  main            d.u.i.k.p.i.AbstractProblemLoader Replaying proof saveProofTest.key.proof 
27091      DEBUG main            d.u.i.k.p.i.IntermediateProofReplayer Proof replay took 4.77ms 
27092      INFO  main            d.u.i.k.p.r.p.TestFile    ... success: loaded 
27094      INFO  main            d.u.i.k.p.r.p.TestFile    Now processing file /home/runner/work/key/key/key.core/../key.ui/examples/heap/permutedSum/perm.proof 
27094      INFO  main            d.u.i.k.p.i.AbstractProblemLoader Loading environment from /home/runner/work/key/key/key.core/../key.ui/examples/heap/permutedSum/perm.proof 
27095      DEBUG main            d.u.i.k.p.i.AbstractProblemLoader Environment load took 499.31ns 
27099      INFO  main            d.u.i.k.p.i.AbstractProblemLoader Creating init config 
30007      DEBUG main            d.u.i.k.p.i.AbstractProblemLoader Init config took 2.91s 
30074      INFO  main            d.u.i.k.p.i.AbstractProblemLoader Replaying proof Perm[Perm::foo()].JML normal_behavior operation contract.0 
31313      DEBUG main            d.u.i.k.p.i.IntermediateProofReplayer Proof replay took 1.2s 
31315      INFO  main            d.u.i.k.p.r.p.TestFile    ... success: loaded 
31317      INFO  main            d.u.i.k.p.r.p.TestFile    Now processing file /home/runner/work/key/key/key.core/../key.ui/examples/firstTouch/05-ReverseArray/reverseArray.proof 
31317      INFO  main            d.u.i.k.p.i.AbstractProblemLoader Loading environment from /home/runner/work/key/key/key.core/../key.ui/examples/firstTouch/05-ReverseArray/reverseArray.proof 
31318      DEBUG main            d.u.i.k.p.i.AbstractProblemLoader Environment load took 228.8ns 
31320      INFO  main            d.u.i.k.p.i.AbstractProblemLoader Creating init config 
34078      DEBUG main            d.u.i.k.p.i.AbstractProblemLoader Init config took 2.76s 
34139      INFO  main            d.u.i.k.p.i.AbstractProblemLoader Replaying proof ReverseArray[ReverseArray::reverse()].JML normal_behavior operation contract.0 
35234      DEBUG main            d.u.i.k.p.i.IntermediateProofReplayer Proof replay took 1.06s 
35238      INFO  main            d.u.i.k.p.r.p.TestFile    ... success: loaded 
35239      INFO  main            d.u.i.k.p.r.p.TestFile    Now processing file /home/runner/work/key/key/key.core/../key.ui/examples/heap/verifyThis15_1_RelaxedPrefix/relax.proof 
35240      INFO  main            d.u.i.k.p.i.AbstractProblemLoader Loading environment from /home/runner/work/key/key/key.core/../key.ui/examples/heap/verifyThis15_1_RelaxedPrefix/relax.proof 
35240      DEBUG main            d.u.i.k.p.i.AbstractProblemLoader Environment load took 194.7ns 
35242      INFO  main            d.u.i.k.p.i.AbstractProblemLoader Creating init config 
37970      DEBUG main            d.u.i.k.p.i.AbstractProblemLoader Init config took 2.73s 
38016      INFO  main            d.u.i.k.p.i.AbstractProblemLoader Replaying proof Relaxed[Relaxed::isRelaxedPrefix([I,[I)].JML operation contract.0 
38521      DEBUG main            d.u.i.k.p.i.IntermediateProofReplayer Proof replay took 489.83ms 
38522      INFO  main            d.u.i.k.p.r.p.TestFile    ... success: loaded 
38524      INFO  main            d.u.i.k.p.r.p.TestFile    Now processing file /home/runner/work/key/key/key.core/../key.ui/examples/heap/verifyThis15_3_DLL/doUndo.proof 
38524      INFO  main            d.u.i.k.p.i.AbstractProblemLoader Loading environment from /home/runner/work/key/key/key.core/../key.ui/examples/heap/verifyThis15_3_DLL/doUndo.proof 
38524      DEBUG main            d.u.i.k.p.i.AbstractProblemLoader Environment load took 186.4ns 
38526      INFO  main            d.u.i.k.p.i.AbstractProblemLoader Creating init config 
39501      DEBUG main            d.u.i.k.j.r.ClassPreparationMethodBuilder clPrepBuilder: Inner Class detected. Reject building class initialisation methods. 
41468      DEBUG main            d.u.i.k.p.i.AbstractProblemLoader Init config took 2.94s 
41552      INFO  main            d.u.i.k.p.i.AbstractProblemLoader Replaying proof DoubleLinkedList[DoubleLinkedList::doUndo(DoubleLinkedList.Node,int)].JML normal_behavior operation contract.0 
42335      DEBUG main            d.u.i.k.p.i.IntermediateProofReplayer Proof replay took 755.74ms 
42336      INFO  main            d.u.i.k.p.r.p.TestFile    ... success: loaded 
42338      INFO  main            d.u.i.k.p.r.p.TestFile    Now processing file /home/runner/work/key/key/key.core/../key.ui/examples/heap/verifyThis15_2_ParallelGcd/parallelGcd.proof 
42338      INFO  main            d.u.i.k.p.i.AbstractProblemLoader Loading environment from /home/runner/work/key/key/key.core/../key.ui/examples/heap/verifyThis15_2_ParallelGcd/parallelGcd.proof 
42338      DEBUG main            d.u.i.k.p.i.AbstractProblemLoader Environment load took 185.5ns 
42340      INFO  main            d.u.i.k.p.i.AbstractProblemLoader Creating init config 
45024      DEBUG main            d.u.i.k.p.i.AbstractProblemLoader Init config took 2.68s 
45074      INFO  main            d.u.i.k.p.i.AbstractProblemLoader Replaying proof ParallelGcd[ParallelGcd::parallelGcd(int,int,[Z)].JML behavior operation contract.0 
45633      DEBUG main            d.u.i.k.p.i.IntermediateProofReplayer Proof replay took 547.49ms 
45634      INFO  main            d.u.i.k.p.r.p.TestFile    ... success: loaded 
5122777    INFO  Test worker     d.u.i.k.p.r.RunAllProofsTestUnit Returning from test reload_examples 
5122778    INFO  Test worker     d.u.i.k.p.r.RunAllProofsTestUnit Running test proofLoadRepair 
376        INFO  Timeout watchdog d.u.i.k.p.r.p.ForkedTestFileRunner Timeout watcher launched (2000 secs.) 
381        WARN  main            d.u.i.k.s.ProofSettings   The settings in /home/runner/.key/proof-settings.props are *not* read. 
432        INFO  main            d.u.i.k.p.r.p.TestFile    Now processing file /home/runner/work/key/key/key.core/../key.ui/examples/proofLoadRepair/disjConj-manipulated.proof 
556        INFO  main            d.u.i.k.p.i.AbstractProblemLoader Loading environment from /home/runner/work/key/key/key.core/../key.ui/examples/proofLoadRepair/disjConj-manipulated.proof 
577        DEBUG main            d.u.i.k.p.i.AbstractProblemLoader Environment load took 2.18ms 
817        INFO  main            d.u.i.k.p.i.AbstractProblemLoader Creating init config 
1714       DEBUG main            d.u.i.k.j.TypeConverter   No LDT found for Meta 
1715       DEBUG main            d.u.i.k.j.TypeConverter   No LDT found for Meta 
1716       DEBUG main            d.u.i.k.j.TypeConverter   No LDT found for Meta 
1716       DEBUG main            d.u.i.k.j.TypeConverter   No LDT found for Meta 
3489       DEBUG main            d.u.i.k.j.TypeConverter   No LDT found for JavaBigintExpression 
8193       DEBUG main            d.u.i.k.p.i.AbstractProblemLoader Init config took 7.38s 
8258       INFO  main            d.u.i.k.p.i.AbstractProblemLoader Replaying proof disjConj-manipulated.proof 
8304       WARN  main            d.u.i.k.p.i.IntermediateProofReplayer Proof contains wrong number of \assumes instatiations for andLeft 
8305       WARN  main            d.u.i.k.p.i.IntermediateProofReplayer Proof contains wrong number of \assumes instatiations for replace_known_right 
8309       WARN  main            d.u.i.k.p.i.IntermediateProofReplayer Proof contains wrong number of \assumes instatiations for close 
8310       DEBUG main            d.u.i.k.p.i.IntermediateProofReplayer Proof replay took 17.68ms 
8314       INFO  main            d.u.i.k.p.r.p.TestFile    ... success: loaded 
8318       INFO  main            d.u.i.k.p.r.p.TestFile    Now processing file /home/runner/work/key/key/key.core/../key.ui/examples/proofLoadRepair/insufficient-manipulated.proof 
8318       INFO  main            d.u.i.k.p.i.AbstractProblemLoader Loading environment from /home/runner/work/key/key/key.core/../key.ui/examples/proofLoadRepair/insufficient-manipulated.proof 
8319       DEBUG main            d.u.i.k.p.i.AbstractProblemLoader Environment load took 248.2ns 
8322       INFO  main            d.u.i.k.p.i.AbstractProblemLoader Creating init config 
11048      DEBUG main            d.u.i.k.p.i.AbstractProblemLoader Init config took 2.73s 
11079      INFO  main            d.u.i.k.p.i.AbstractProblemLoader Replaying proof insufficient-manipulated.proof 
11099      WARN  main            d.u.i.k.p.i.IntermediateProofReplayer Proof contains wrong number of \assumes instatiations for applyEq 
11108      DEBUG main            d.u.i.k.p.i.IntermediateProofReplayer Proof replay took 12.75ms 
11111      INFO  main            d.u.i.k.p.r.p.TestFile    ... success: loading failed 
11113      INFO  main            d.u.i.k.p.r.p.TestFile    Now processing file /home/runner/work/key/key/key.core/../key.ui/examples/../../key.core/src/test/resources/testcase/issues/1716/incorrectPolarity.proof 
11113      INFO  main            d.u.i.k.p.i.AbstractProblemLoader Loading environment from /home/runner/work/key/key/key.core/../key.ui/examples/../../key.core/src/test/resources/testcase/issues/1716/incorrectPolarity.proof 
11113      DEBUG main            d.u.i.k.p.i.AbstractProblemLoader Environment load took 230.9ns 
11115      INFO  main            d.u.i.k.p.i.AbstractProblemLoader Creating init config 
13607      DEBUG main            d.u.i.k.p.i.AbstractProblemLoader Init config took 2.49s 
13636      INFO  main            d.u.i.k.p.i.AbstractProblemLoader Replaying proof incorrectPolarity.proof 
13639      DEBUG main            d.u.i.k.p.i.IntermediateProofReplayer Proof replay took 228.1ns 
13640      INFO  main            d.u.i.k.p.r.p.TestFile    ... success: loading failed 
13641      INFO  main            d.u.i.k.p.r.p.TestFile    Now processing file /home/runner/work/key/key/key.core/../key.ui/examples/../../key.core/src/test/resources/testcase/issues/1716/incorrectPolarity2.proof 
13641      INFO  main            d.u.i.k.p.i.AbstractProblemLoader Loading environment from /home/runner/work/key/key/key.core/../key.ui/examples/../../key.core/src/test/resources/testcase/issues/1716/incorrectPolarity2.proof 
13641      DEBUG main            d.u.i.k.p.i.AbstractProblemLoader Environment load took 214.3ns 
13674      INFO  main            d.u.i.k.p.i.AbstractProblemLoader Creating init config 
16106      DEBUG main            d.u.i.k.p.i.AbstractProblemLoader Init config took 2.43s 
16130      INFO  main            d.u.i.k.p.i.AbstractProblemLoader Replaying proof incorrectPolarity2.proof 
16133      DEBUG main            d.u.i.k.p.i.IntermediateProofReplayer Proof replay took 486.91ns 
16133      INFO  main            d.u.i.k.p.r.p.TestFile    ... success: loading failed 
16134      INFO  main            d.u.i.k.p.r.p.TestFile    Now processing file /home/runner/work/key/key/key.core/../key.ui/examples/../../key.core/src/test/resources/testcase/issues/1716/incorrectPolarity3.proof 
16135      INFO  main            d.u.i.k.p.i.AbstractProblemLoader Loading environment from /home/runner/work/key/key/key.core/../key.ui/examples/../../key.core/src/test/resources/testcase/issues/1716/incorrectPolarity3.proof 
16135      DEBUG main            d.u.i.k.p.i.AbstractProblemLoader Environment load took 110.2ns 
16136      INFO  main            d.u.i.k.p.i.AbstractProblemLoader Creating init config 
18472      DEBUG main            d.u.i.k.p.i.AbstractProblemLoader Init config took 2.34s 
18494      INFO  main            d.u.i.k.p.i.AbstractProblemLoader Replaying proof incorrectPolarity3.proof 
18498      DEBUG main            d.u.i.k.p.i.IntermediateProofReplayer Proof replay took 1.79ms 
18499      INFO  main            d.u.i.k.p.r.p.TestFile    ... success: loading failed 
5141451    INFO  Test worker     d.u.i.k.p.r.RunAllProofsTestUnit Returning from test proofLoadRepair 
5141452    INFO  Test worker     d.u.i.k.p.r.RunAllProofsTestUnit Running test switch 
375        INFO  Timeout watchdog d.u.i.k.p.r.p.ForkedTestFileRunner Timeout watcher launched (2000 secs.) 
384        WARN  main            d.u.i.k.s.ProofSettings   The settings in /home/runner/.key/proof-settings.props are *not* read. 
413        INFO  main            d.u.i.k.p.r.p.TestFile    Now processing file /home/runner/work/key/key/key.core/../key.ui/examples/standard_key/java_dl/switch/labeled_case.key 
523        INFO  main            d.u.i.k.p.i.AbstractProblemLoader Loading environment from /home/runner/work/key/key/key.core/../key.ui/examples/standard_key/java_dl/switch/labeled_case.key 
539        DEBUG main            d.u.i.k.p.i.AbstractProblemLoader Environment load took 1.9ms 
759        INFO  main            d.u.i.k.p.i.AbstractProblemLoader Creating init config 
1550       DEBUG main            d.u.i.k.j.TypeConverter   No LDT found for Meta 
1551       DEBUG main            d.u.i.k.j.TypeConverter   No LDT found for Meta 
1552       DEBUG main            d.u.i.k.j.TypeConverter   No LDT found for Meta 
1552       DEBUG main            d.u.i.k.j.TypeConverter   No LDT found for Meta 
2796       DEBUG main            d.u.i.k.j.TypeConverter   No LDT found for JavaBigintExpression 
7872       DEBUG main            d.u.i.k.p.i.AbstractProblemLoader Init config took 7.11s 
8001       INFO  main            d.u.i.k.p.i.AbstractProblemLoader Replaying proof LabeledCase[LabeledCase::m(int)].JML normal_behavior operation contract.0 
8036       DEBUG main            d.u.i.k.p.i.IntermediateProofReplayer Proof replay took 39.3ns 
8666       INFO  main            d.u.i.k.p.r.p.TestFile    ... finished proof: closed. 
8781       INFO  main            d.u.i.k.p.i.AbstractProblemLoader Loading environment from /home/runner/work/key/key/key.core/../key.ui/examples/standard_key/java_dl/switch/labeled_case.key.proof 
8783       DEBUG main            d.u.i.k.p.i.AbstractProblemLoader Environment load took 161.8ns 
8785       INFO  main            d.u.i.k.p.i.AbstractProblemLoader Creating init config 
11800      DEBUG main            d.u.i.k.p.i.AbstractProblemLoader Init config took 3.01s 
11873      INFO  main            d.u.i.k.p.i.AbstractProblemLoader Replaying proof LabeledCase[LabeledCase::m(int)].JML normal_behavior operation contract.0 
11932      DEBUG main            d.u.i.k.p.i.IntermediateProofReplayer Proof replay took 53.45ms 
11939      DEBUG main            d.u.i.k.p.r.p.TestFile    ... success: reloaded. 
11940      INFO  main            d.u.i.k.p.r.p.TestFile    Now processing file /home/runner/work/key/key/key.core/../key.ui/examples/standard_key/java_dl/switch/empty_switch.key 
11941      INFO  main            d.u.i.k.p.i.AbstractProblemLoader Loading environment from /home/runner/work/key/key/key.core/../key.ui/examples/standard_key/java_dl/switch/empty_switch.key 
11941      DEBUG main            d.u.i.k.p.i.AbstractProblemLoader Environment load took 215.8ns 
11942      INFO  main            d.u.i.k.p.i.AbstractProblemLoader Creating init config 
14595      DEBUG main            d.u.i.k.p.i.AbstractProblemLoader Init config took 2.65s 
14625      INFO  main            d.u.i.k.p.i.AbstractProblemLoader Replaying proof empty_switch.key 
14628      DEBUG main            d.u.i.k.p.i.IntermediateProofReplayer Proof replay took 7.8ns 
14731      INFO  main            d.u.i.k.p.r.p.TestFile    ... finished proof: closed. 
14855      INFO  main            d.u.i.k.p.i.AbstractProblemLoader Loading environment from /home/runner/work/key/key/key.core/../key.ui/examples/standard_key/java_dl/switch/empty_switch.key.proof 
14855      DEBUG main            d.u.i.k.p.i.AbstractProblemLoader Environment load took 140.3ns 
14857      INFO  main            d.u.i.k.p.i.AbstractProblemLoader Creating init config 
17503      DEBUG main            d.u.i.k.p.i.AbstractProblemLoader Init config took 2.65s 
17529      INFO  main            d.u.i.k.p.i.AbstractProblemLoader Replaying proof empty_switch.key.proof 
17534      DEBUG main            d.u.i.k.p.i.IntermediateProofReplayer Proof replay took 2.1ms 
17535      DEBUG main            d.u.i.k.p.r.p.TestFile    ... success: reloaded. 
17536      INFO  main            d.u.i.k.p.r.p.TestFile    Now processing file /home/runner/work/key/key/key.core/../key.ui/examples/standard_key/java_dl/switch/empty_switch_null.key 
17537      INFO  main            d.u.i.k.p.i.AbstractProblemLoader Loading environment from /home/runner/work/key/key/key.core/../key.ui/examples/standard_key/java_dl/switch/empty_switch_null.key 
17537      DEBUG main            d.u.i.k.p.i.AbstractProblemLoader Environment load took 199ns 
17538      INFO  main            d.u.i.k.p.i.AbstractProblemLoader Creating init config 
20145      DEBUG main            d.u.i.k.p.i.AbstractProblemLoader Init config took 2.61s 
20173      INFO  main            d.u.i.k.p.i.AbstractProblemLoader Replaying proof empty_switch_null.key 
20175      DEBUG main            d.u.i.k.p.i.IntermediateProofReplayer Proof replay took 6.5ns 
20380      INFO  main            d.u.i.k.p.r.p.TestFile    ... finished proof: closed. 
20519      INFO  main            d.u.i.k.p.i.AbstractProblemLoader Loading environment from /home/runner/work/key/key/key.core/../key.ui/examples/standard_key/java_dl/switch/empty_switch_null.key.proof 
20520      DEBUG main            d.u.i.k.p.i.AbstractProblemLoader Environment load took 1.38ms 
20522      INFO  main            d.u.i.k.p.i.AbstractProblemLoader Creating init config 
23177      DEBUG main            d.u.i.k.p.i.AbstractProblemLoader Init config took 2.65s 
23199      INFO  main            d.u.i.k.p.i.AbstractProblemLoader Replaying proof empty_switch_null.key.proof 
23247      DEBUG main            d.u.i.k.p.i.IntermediateProofReplayer Proof replay took 43.34ms 
23248      DEBUG main            d.u.i.k.p.r.p.TestFile    ... success: reloaded. 
23251      INFO  main            d.u.i.k.p.r.p.TestFile    Now processing file /home/runner/work/key/key/key.core/../key.ui/examples/standard_key/java_dl/switch/empty_switch_null_catch.key 
23251      INFO  main            d.u.i.k.p.i.AbstractProblemLoader Loading environment from /home/runner/work/key/key/key.core/../key.ui/examples/standard_key/java_dl/switch/empty_switch_null_catch.key 
23251      DEBUG main            d.u.i.k.p.i.AbstractProblemLoader Environment load took 123.4ns 
23252      INFO  main            d.u.i.k.p.i.AbstractProblemLoader Creating init config 
25875      DEBUG main            d.u.i.k.p.i.AbstractProblemLoader Init config took 2.62s 
25898      INFO  main            d.u.i.k.p.i.AbstractProblemLoader Replaying proof empty_switch_null_catch.key 
25900      DEBUG main            d.u.i.k.p.i.IntermediateProofReplayer Proof replay took 7ns 
26103      INFO  main            d.u.i.k.p.r.p.TestFile    ... finished proof: closed. 
26253      INFO  main            d.u.i.k.p.i.AbstractProblemLoader Loading environment from /home/runner/work/key/key/key.core/../key.ui/examples/standard_key/java_dl/switch/empty_switch_null_catch.key.proof 
26253      DEBUG main            d.u.i.k.p.i.AbstractProblemLoader Environment load took 521.01ns 
26254      INFO  main            d.u.i.k.p.i.AbstractProblemLoader Creating init config 
28776      DEBUG main            d.u.i.k.p.i.AbstractProblemLoader Init config took 2.52s 
28799      INFO  main            d.u.i.k.p.i.AbstractProblemLoader Replaying proof empty_switch_null_catch.key.proof 
28836      DEBUG main            d.u.i.k.p.i.IntermediateProofReplayer Proof replay took 34.79ms 
28837      DEBUG main            d.u.i.k.p.r.p.TestFile    ... success: reloaded. 
28838      INFO  main            d.u.i.k.p.r.p.TestFile    Now processing file /home/runner/work/key/key/key.core/../key.ui/examples/standard_key/java_dl/switch/empty_switch_array_out_of_bounds.key 
28839      INFO  main            d.u.i.k.p.i.AbstractProblemLoader Loading environment from /home/runner/work/key/key/key.core/../key.ui/examples/standard_key/java_dl/switch/empty_switch_array_out_of_bounds.key 
28839      DEBUG main            d.u.i.k.p.i.AbstractProblemLoader Environment load took 200.6ns 
28840      INFO  main            d.u.i.k.p.i.AbstractProblemLoader Creating init config 
31419      DEBUG main            d.u.i.k.p.i.AbstractProblemLoader Init config took 2.58s 
31440      INFO  main            d.u.i.k.p.i.AbstractProblemLoader Replaying proof empty_switch_array_out_of_bounds.key 
31443      DEBUG main            d.u.i.k.p.i.IntermediateProofReplayer Proof replay took 7.1ns 
31649      INFO  main            d.u.i.k.p.r.p.TestFile    ... finished proof: closed. 
31810      INFO  main            d.u.i.k.p.i.AbstractProblemLoader Loading environment from /home/runner/work/key/key/key.core/../key.ui/examples/standard_key/java_dl/switch/empty_switch_array_out_of_bounds.key.proof 
31810      DEBUG main            d.u.i.k.p.i.AbstractProblemLoader Environment load took 410.5ns 
31812      INFO  main            d.u.i.k.p.i.AbstractProblemLoader Creating init config 
34307      DEBUG main            d.u.i.k.p.i.AbstractProblemLoader Init config took 2.49s 
34329      INFO  main            d.u.i.k.p.i.AbstractProblemLoader Replaying proof empty_switch_array_out_of_bounds.key.proof 
34398      DEBUG main            d.u.i.k.p.i.IntermediateProofReplayer Proof replay took 65.3ms 
34399      DEBUG main            d.u.i.k.p.r.p.TestFile    ... success: reloaded. 
34400      INFO  main            d.u.i.k.p.r.p.TestFile    Now processing file /home/runner/work/key/key/key.core/../key.ui/examples/standard_key/java_dl/switch/empty_switch_array_out_of_bounds_catch.key 
34400      INFO  main            d.u.i.k.p.i.AbstractProblemLoader Loading environment from /home/runner/work/key/key/key.core/../key.ui/examples/standard_key/java_dl/switch/empty_switch_array_out_of_bounds_catch.key 
34401      DEBUG main            d.u.i.k.p.i.AbstractProblemLoader Environment load took 470.91ns 
34402      INFO  main            d.u.i.k.p.i.AbstractProblemLoader Creating init config 
36998      DEBUG main            d.u.i.k.p.i.AbstractProblemLoader Init config took 2.6s 
37019      INFO  main            d.u.i.k.p.i.AbstractProblemLoader Replaying proof empty_switch_array_out_of_bounds_catch.key 
37022      DEBUG main            d.u.i.k.p.i.IntermediateProofReplayer Proof replay took 7.2ns 
37224      INFO  main            d.u.i.k.p.r.p.TestFile    ... finished proof: closed. 
37392      INFO  main            d.u.i.k.p.i.AbstractProblemLoader Loading environment from /home/runner/work/key/key/key.core/../key.ui/examples/standard_key/java_dl/switch/empty_switch_array_out_of_bounds_catch.key.proof 
37392      DEBUG main            d.u.i.k.p.i.AbstractProblemLoader Environment load took 128.9ns 
37393      INFO  main            d.u.i.k.p.i.AbstractProblemLoader Creating init config 
39869      DEBUG main            d.u.i.k.p.i.AbstractProblemLoader Init config took 2.48s 
39889      INFO  main            d.u.i.k.p.i.AbstractProblemLoader Replaying proof empty_switch_array_out_of_bounds_catch.key.proof 
39928      DEBUG main            d.u.i.k.p.i.IntermediateProofReplayer Proof replay took 35.67ms 
39929      DEBUG main            d.u.i.k.p.r.p.TestFile    ... success: reloaded. 
39931      INFO  main            d.u.i.k.p.r.p.TestFile    Now processing file /home/runner/work/key/key/key.core/../key.ui/examples/standard_key/java_dl/switch/switch_in_switch.key 
39931      INFO  main            d.u.i.k.p.i.AbstractProblemLoader Loading environment from /home/runner/work/key/key/key.core/../key.ui/examples/standard_key/java_dl/switch/switch_in_switch.key 
39931      DEBUG main            d.u.i.k.p.i.AbstractProblemLoader Environment load took 185.2ns 
39932      INFO  main            d.u.i.k.p.i.AbstractProblemLoader Creating init config 
42562      DEBUG main            d.u.i.k.p.i.AbstractProblemLoader Init config took 2.63s 
42608      INFO  main            d.u.i.k.p.i.AbstractProblemLoader Replaying proof SwitchInSwitch[SwitchInSwitch::m(int)].JML normal_behavior operation contract.0 
42610      DEBUG main            d.u.i.k.p.i.IntermediateProofReplayer Proof replay took 8.1ns 
47509      INFO  main            d.u.i.k.p.r.p.TestFile    ... finished proof: closed. 
47756      INFO  main            d.u.i.k.p.i.AbstractProblemLoader Loading environment from /home/runner/work/key/key/key.core/../key.ui/examples/standard_key/java_dl/switch/switch_in_switch.key.proof 
47756      DEBUG main            d.u.i.k.p.i.AbstractProblemLoader Environment load took 162.1ns 
47758      INFO  main            d.u.i.k.p.i.AbstractProblemLoader Creating init config 
50334      DEBUG main            d.u.i.k.p.i.AbstractProblemLoader Init config took 2.58s 
50378      INFO  main            d.u.i.k.p.i.AbstractProblemLoader Replaying proof SwitchInSwitch[SwitchInSwitch::m(int)].JML normal_behavior operation contract.0 
50871      DEBUG main            d.u.i.k.p.i.IntermediateProofReplayer Proof replay took 464.32ms 
50873      DEBUG main            d.u.i.k.p.r.p.TestFile    ... success: reloaded. 
50874      INFO  main            d.u.i.k.p.r.p.TestFile    Now processing file /home/runner/work/key/key/key.core/../key.ui/examples/standard_key/java_dl/switch/while_and_switch.key 
50875      INFO  main            d.u.i.k.p.i.AbstractProblemLoader Loading environment from /home/runner/work/key/key/key.core/../key.ui/examples/standard_key/java_dl/switch/while_and_switch.key 
50875      DEBUG main            d.u.i.k.p.i.AbstractProblemLoader Environment load took 244.5ns 
50876      INFO  main            d.u.i.k.p.i.AbstractProblemLoader Creating init config 
53491      DEBUG main            d.u.i.k.p.i.AbstractProblemLoader Init config took 2.62s 
53556      INFO  main            d.u.i.k.p.i.AbstractProblemLoader Replaying proof WhileAndSwitch[WhileAndSwitch::m(int)].JML normal_behavior operation contract.0 
53559      DEBUG main            d.u.i.k.p.i.IntermediateProofReplayer Proof replay took 7.2ns 
54367      INFO  main            d.u.i.k.p.r.p.TestFile    ... finished proof: closed. 
54574      INFO  main            d.u.i.k.p.i.AbstractProblemLoader Loading environment from /home/runner/work/key/key/key.core/../key.ui/examples/standard_key/java_dl/switch/while_and_switch.key.proof 
54574      DEBUG main            d.u.i.k.p.i.AbstractProblemLoader Environment load took 437.2ns 
54576      INFO  main            d.u.i.k.p.i.AbstractProblemLoader Creating init config 
57106      DEBUG main            d.u.i.k.p.i.AbstractProblemLoader Init config took 2.53s 
57160      INFO  main            d.u.i.k.p.i.AbstractProblemLoader Replaying proof WhileAndSwitch[WhileAndSwitch::m(int)].JML normal_behavior operation contract.0 
57319      DEBUG main            d.u.i.k.p.i.IntermediateProofReplayer Proof replay took 151.54ms 
57322      DEBUG main            d.u.i.k.p.r.p.TestFile    ... success: reloaded. 
57324      INFO  main            d.u.i.k.p.r.p.TestFile    Now processing file /home/runner/work/key/key/key.core/../key.ui/examples/standard_key/java_dl/switch/large_switch.key 
57326      INFO  main            d.u.i.k.p.i.AbstractProblemLoader Loading environment from /home/runner/work/key/key/key.core/../key.ui/examples/standard_key/java_dl/switch/large_switch.key 
57327      DEBUG main            d.u.i.k.p.i.AbstractProblemLoader Environment load took 236.7ns 
57327      INFO  main            d.u.i.k.p.i.AbstractProblemLoader Creating init config 
59950      DEBUG main            d.u.i.k.p.i.AbstractProblemLoader Init config took 2.62s 
59989      INFO  main            d.u.i.k.p.i.AbstractProblemLoader Replaying proof LargeSwitch[LargeSwitch::m(int)].JML normal_behavior operation contract.0 
59991      DEBUG main            d.u.i.k.p.i.IntermediateProofReplayer Proof replay took 7.3ns 
61405      INFO  main            d.u.i.k.p.r.p.TestFile    ... finished proof: closed. 
61613      INFO  main            d.u.i.k.p.i.AbstractProblemLoader Loading environment from /home/runner/work/key/key/key.core/../key.ui/examples/standard_key/java_dl/switch/large_switch.key.proof 
61614      DEBUG main            d.u.i.k.p.i.AbstractProblemLoader Environment load took 372.6ns 
61616      INFO  main            d.u.i.k.p.i.AbstractProblemLoader Creating init config 
64141      DEBUG main            d.u.i.k.p.i.AbstractProblemLoader Init config took 2.53s 
64196      INFO  main            d.u.i.k.p.i.AbstractProblemLoader Replaying proof LargeSwitch[LargeSwitch::m(int)].JML normal_behavior operation contract.0 
64614      DEBUG main            d.u.i.k.p.i.IntermediateProofReplayer Proof replay took 398.86ms 
64616      DEBUG main            d.u.i.k.p.r.p.TestFile    ... success: reloaded. 
5206242    INFO  Test worker     d.u.i.k.p.r.RunAllProofsTestUnit Returning from test switch 
5206243    INFO  Test worker     d.u.i.k.p.r.RunAllProofsTestUnit Running test redux 
356        INFO  Timeout watchdog d.u.i.k.p.r.p.ForkedTestFileRunner Timeout watcher launched (2000 secs.) 
363        WARN  main            d.u.i.k.s.ProofSettings   The settings in /home/runner/.key/proof-settings.props are *not* read. 
399        INFO  main            d.u.i.k.p.r.p.TestFile    Now processing file /home/runner/work/key/key/key.core/../key.ui/examples/redux/arrays/Arrays.copyOf.key 
518        INFO  main            d.u.i.k.p.i.AbstractProblemLoader Loading environment from /home/runner/work/key/key/key.core/../key.ui/examples/redux/arrays/Arrays.copyOf.key 
539        DEBUG main            d.u.i.k.p.i.AbstractProblemLoader Environment load took 1.94ms 
759        INFO  main            d.u.i.k.p.i.AbstractProblemLoader Creating init config 
1857       DEBUG main            d.u.i.k.j.TypeConverter   No LDT found for Meta 
1857       DEBUG main            d.u.i.k.j.TypeConverter   No LDT found for Meta 
1860       DEBUG main            d.u.i.k.j.TypeConverter   No LDT found for Meta 
1860       DEBUG main            d.u.i.k.j.TypeConverter   No LDT found for Meta 
3331       DEBUG main            d.u.i.k.j.TypeConverter   No LDT found for JavaBigintExpression 
9200       DEBUG main            d.u.i.k.p.i.AbstractProblemLoader Init config took 8.44s 
9340       INFO  main            d.u.i.k.p.i.AbstractProblemLoader Replaying proof Arrays[Arrays::copyOf([I,int)].JML normal_behavior operation contract.0 
9374       DEBUG main            d.u.i.k.p.i.IntermediateProofReplayer Proof replay took 34.9ns 
14732      INFO  main            d.u.i.k.p.r.p.TestFile    ... finished proof: closed. 
14890      INFO  main            d.u.i.k.p.i.AbstractProblemLoader Loading environment from /home/runner/work/key/key/key.core/../key.ui/examples/redux/arrays/Arrays.copyOf.key.proof 
14891      DEBUG main            d.u.i.k.p.i.AbstractProblemLoader Environment load took 424.5ns 
14893      INFO  main            d.u.i.k.p.i.AbstractProblemLoader Creating init config 
18363      DEBUG main            d.u.i.k.p.i.AbstractProblemLoader Init config took 3.47s 
18426      INFO  main            d.u.i.k.p.i.AbstractProblemLoader Replaying proof Arrays[Arrays::copyOf([I,int)].JML normal_behavior operation contract.0 
19043      DEBUG main            d.u.i.k.p.i.IntermediateProofReplayer Proof replay took 595.99ms 
19051      DEBUG main            d.u.i.k.p.r.p.TestFile    ... success: reloaded. 
19052      INFO  main            d.u.i.k.p.r.p.TestFile    Now processing file /home/runner/work/key/key/key.core/../key.ui/examples/redux/arrays/Arrays.copyOf.float.key 
19053      INFO  main            d.u.i.k.p.i.AbstractProblemLoader Loading environment from /home/runner/work/key/key/key.core/../key.ui/examples/redux/arrays/Arrays.copyOf.float.key 
19053      DEBUG main            d.u.i.k.p.i.AbstractProblemLoader Environment load took 205.4ns 
19055      INFO  main            d.u.i.k.p.i.AbstractProblemLoader Creating init config 
22424      DEBUG main            d.u.i.k.p.i.AbstractProblemLoader Init config took 3.37s 
22482      INFO  main            d.u.i.k.p.i.AbstractProblemLoader Replaying proof Arrays[Arrays::copyOf([F,int)].JML normal_behavior operation contract.0 
22484      DEBUG main            d.u.i.k.p.i.IntermediateProofReplayer Proof replay took 6.1ns 
22510      DEBUG main            d.u.i.k.m.s.ProofScriptEngine 1: 'macro autopilot' 
27224      DEBUG main            d.u.i.k.m.s.ProofScriptEngine 2: 'smt solver=Z3' 
27313      INFO  main            d.u.i.k.m.s.SMTCommand    Finished run on goal 17 in 64ms, result is valid 
27314      DEBUG main            d.u.i.k.m.s.ProofScriptEngine 3: 'tryclose' 
29061      INFO  main            d.u.i.k.p.r.p.TestFile    ... finished proof: closed. 
29311      INFO  main            d.u.i.k.p.i.AbstractProblemLoader Loading environment from /home/runner/work/key/key/key.core/../key.ui/examples/redux/arrays/Arrays.copyOf.float.key.proof 
29311      DEBUG main            d.u.i.k.p.i.AbstractProblemLoader Environment load took 235.3ns 
29315      INFO  main            d.u.i.k.p.i.AbstractProblemLoader Creating init config 
32463      DEBUG main            d.u.i.k.p.i.AbstractProblemLoader Init config took 3.15s 
32524      INFO  main            d.u.i.k.p.i.AbstractProblemLoader Replaying proof Arrays[Arrays::copyOf([F,int)].JML normal_behavior operation contract.0 
33224      DEBUG main            d.u.i.k.p.i.IntermediateProofReplayer Proof replay took 678.83ms 
33226      DEBUG main            d.u.i.k.p.r.p.TestFile    ... success: reloaded. 
33227      INFO  main            d.u.i.k.p.r.p.TestFile    Now processing file /home/runner/work/key/key/key.core/../key.ui/examples/redux/arrays/Arrays.copyOfRange.key 
33227      INFO  main            d.u.i.k.p.i.AbstractProblemLoader Loading environment from /home/runner/work/key/key/key.core/../key.ui/examples/redux/arrays/Arrays.copyOfRange.key 
33227      DEBUG main            d.u.i.k.p.i.AbstractProblemLoader Environment load took 204.5ns 
33254      INFO  main            d.u.i.k.p.i.AbstractProblemLoader Creating init config 
36405      DEBUG main            d.u.i.k.p.i.AbstractProblemLoader Init config took 3.15s 
36463      INFO  main            d.u.i.k.p.i.AbstractProblemLoader Replaying proof Arrays[Arrays::copyOfRange([I,int,int)].JML normal_behavior operation contract.0 
36467      DEBUG main            d.u.i.k.p.i.IntermediateProofReplayer Proof replay took 6.2ns 
41216      INFO  main            d.u.i.k.p.r.p.TestFile    ... finished proof: closed. 
41441      INFO  main            d.u.i.k.p.i.AbstractProblemLoader Loading environment from /home/runner/work/key/key/key.core/../key.ui/examples/redux/arrays/Arrays.copyOfRange.key.proof 
41441      DEBUG main            d.u.i.k.p.i.AbstractProblemLoader Environment load took 391ns 
41447      INFO  main            d.u.i.k.p.i.AbstractProblemLoader Creating init config 
44579      DEBUG main            d.u.i.k.p.i.AbstractProblemLoader Init config took 3.13s 
44624      INFO  main            d.u.i.k.p.i.AbstractProblemLoader Replaying proof Arrays[Arrays::copyOfRange([I,int,int)].JML normal_behavior operation contract.0 
45140      DEBUG main            d.u.i.k.p.i.IntermediateProofReplayer Proof replay took 495.98ms 
45142      DEBUG main            d.u.i.k.p.r.p.TestFile    ... success: reloaded. 
45143      INFO  main            d.u.i.k.p.r.p.TestFile    Now processing file /home/runner/work/key/key/key.core/../key.ui/examples/redux/arrays/Arrays.copyOfRange.float.key 
45144      INFO  main            d.u.i.k.p.i.AbstractProblemLoader Loading environment from /home/runner/work/key/key/key.core/../key.ui/examples/redux/arrays/Arrays.copyOfRange.float.key 
45144      DEBUG main            d.u.i.k.p.i.AbstractProblemLoader Environment load took 180ns 
45145      INFO  main            d.u.i.k.p.i.AbstractProblemLoader Creating init config 
48292      DEBUG main            d.u.i.k.p.i.AbstractProblemLoader Init config took 3.15s 
48336      INFO  main            d.u.i.k.p.i.AbstractProblemLoader Replaying proof Arrays[Arrays::copyOfRange([F,int,int)].JML normal_behavior operation contract.0 
48337      DEBUG main            d.u.i.k.p.i.IntermediateProofReplayer Proof replay took 5.3ns 
48338      DEBUG main            d.u.i.k.m.s.ProofScriptEngine 1: 'macro autopilot' 
54471      DEBUG main            d.u.i.k.m.s.ProofScriptEngine 2: 'smt solver=Z3' 
54510      INFO  main            d.u.i.k.m.s.SMTCommand    Finished run on goal 27 in 34ms, result is valid 
54510      DEBUG main            d.u.i.k.m.s.ProofScriptEngine 3: 'tryclose' 
58127      INFO  main            d.u.i.k.p.r.p.TestFile    ... finished proof: closed. 
58352      INFO  main            d.u.i.k.p.i.AbstractProblemLoader Loading environment from /home/runner/work/key/key/key.core/../key.ui/examples/redux/arrays/Arrays.copyOfRange.float.key.proof 
58352      DEBUG main            d.u.i.k.p.i.AbstractProblemLoader Environment load took 385.2ns 
58355      INFO  main            d.u.i.k.p.i.AbstractProblemLoader Creating init config 
61490      DEBUG main            d.u.i.k.p.i.AbstractProblemLoader Init config took 3.14s 
61532      INFO  main            d.u.i.k.p.i.AbstractProblemLoader Replaying proof Arrays[Arrays::copyOfRange([F,int,int)].JML normal_behavior operation contract.0 
62529      DEBUG main            d.u.i.k.p.i.IntermediateProofReplayer Proof replay took 971.88ms 
62531      DEBUG main            d.u.i.k.p.r.p.TestFile    ... success: reloaded. 
62533      INFO  main            d.u.i.k.p.r.p.TestFile    Now processing file /home/runner/work/key/key/key.core/../key.ui/examples/redux/arrays/Arrays.equals.key 
62533      INFO  main            d.u.i.k.p.i.AbstractProblemLoader Loading environment from /home/runner/work/key/key/key.core/../key.ui/examples/redux/arrays/Arrays.equals.key 
62533      DEBUG main            d.u.i.k.p.i.AbstractProblemLoader Environment load took 197.1ns 
62534      INFO  main            d.u.i.k.p.i.AbstractProblemLoader Creating init config 
65744      DEBUG main            d.u.i.k.p.i.AbstractProblemLoader Init config took 3.21s 
65786      INFO  main            d.u.i.k.p.i.AbstractProblemLoader Replaying proof Arrays[Arrays::equals([B,[B)].JML normal_behavior operation contract.0 
65787      DEBUG main            d.u.i.k.p.i.IntermediateProofReplayer Proof replay took 5.1ns 
66301      INFO  main            d.u.i.k.p.r.p.TestFile    ... finished proof: closed. 
66530      INFO  main            d.u.i.k.p.i.AbstractProblemLoader Loading environment from /home/runner/work/key/key/key.core/../key.ui/examples/redux/arrays/Arrays.equals.key.proof 
66531      DEBUG main            d.u.i.k.p.i.AbstractProblemLoader Environment load took 988.31ns 
66532      INFO  main            d.u.i.k.p.i.AbstractProblemLoader Creating init config 
69609      DEBUG main            d.u.i.k.p.i.AbstractProblemLoader Init config took 3.08s 
69654      INFO  main            d.u.i.k.p.i.AbstractProblemLoader Replaying proof Arrays[Arrays::equals([B,[B)].JML normal_behavior operation contract.0 
69813      DEBUG main            d.u.i.k.p.i.IntermediateProofReplayer Proof replay took 154.3ms 
69814      DEBUG main            d.u.i.k.p.r.p.TestFile    ... success: reloaded. 
69814      INFO  main            d.u.i.k.p.r.p.TestFile    Now processing file /home/runner/work/key/key/key.core/../key.ui/examples/redux/arrays/Arrays.fill.key 
69815      INFO  main            d.u.i.k.p.i.AbstractProblemLoader Loading environment from /home/runner/work/key/key/key.core/../key.ui/examples/redux/arrays/Arrays.fill.key 
69815      DEBUG main            d.u.i.k.p.i.AbstractProblemLoader Environment load took 101.5ns 
69816      INFO  main            d.u.i.k.p.i.AbstractProblemLoader Creating init config 
72878      DEBUG main            d.u.i.k.p.i.AbstractProblemLoader Init config took 3.06s 
72916      INFO  main            d.u.i.k.p.i.AbstractProblemLoader Replaying proof Arrays[Arrays::fill([I,int)].JML normal_behavior operation contract.0 
72918      DEBUG main            d.u.i.k.p.i.IntermediateProofReplayer Proof replay took 6.4ns 
73124      INFO  main            d.u.i.k.p.r.p.TestFile    ... finished proof: closed. 
73305      INFO  main            d.u.i.k.p.i.AbstractProblemLoader Loading environment from /home/runner/work/key/key/key.core/../key.ui/examples/redux/arrays/Arrays.fill.key.proof 
73305      DEBUG main            d.u.i.k.p.i.AbstractProblemLoader Environment load took 132.9ns 
73306      INFO  main            d.u.i.k.p.i.AbstractProblemLoader Creating init config 
76357      DEBUG main            d.u.i.k.p.i.AbstractProblemLoader Init config took 3.05s 
76394      INFO  main            d.u.i.k.p.i.AbstractProblemLoader Replaying proof Arrays[Arrays::fill([I,int)].JML normal_behavior operation contract.0 
76427      DEBUG main            d.u.i.k.p.i.IntermediateProofReplayer Proof replay took 30.42ms 
76428      DEBUG main            d.u.i.k.p.r.p.TestFile    ... success: reloaded. 
76429      INFO  main            d.u.i.k.p.r.p.TestFile    Now processing file /home/runner/work/key/key/key.core/../key.ui/examples/redux/arrays/Arrays.fill.float.key 
76429      INFO  main            d.u.i.k.p.i.AbstractProblemLoader Loading environment from /home/runner/work/key/key/key.core/../key.ui/examples/redux/arrays/Arrays.fill.float.key 
76429      DEBUG main            d.u.i.k.p.i.AbstractProblemLoader Environment load took 99.5ns 
76430      INFO  main            d.u.i.k.p.i.AbstractProblemLoader Creating init config 
79453      DEBUG main            d.u.i.k.p.i.AbstractProblemLoader Init config took 3.02s 
79490      INFO  main            d.u.i.k.p.i.AbstractProblemLoader Replaying proof Arrays[Arrays::fill([F,float)].JML normal_behavior operation contract.0 
79491      DEBUG main            d.u.i.k.p.i.IntermediateProofReplayer Proof replay took 6.5ns 
79696      INFO  main            d.u.i.k.p.r.p.TestFile    ... finished proof: closed. 
79885      INFO  main            d.u.i.k.p.i.AbstractProblemLoader Loading environment from /home/runner/work/key/key/key.core/../key.ui/examples/redux/arrays/Arrays.fill.float.key.proof 
79886      DEBUG main            d.u.i.k.p.i.AbstractProblemLoader Environment load took 129.1ns 
79887      INFO  main            d.u.i.k.p.i.AbstractProblemLoader Creating init config 
82941      DEBUG main            d.u.i.k.p.i.AbstractProblemLoader Init config took 3.05s 
82985      INFO  main            d.u.i.k.p.i.AbstractProblemLoader Replaying proof Arrays[Arrays::fill([F,float)].JML normal_behavior operation contract.0 
83031      DEBUG main            d.u.i.k.p.i.IntermediateProofReplayer Proof replay took 42.61ms 
83032      DEBUG main            d.u.i.k.p.r.p.TestFile    ... success: reloaded. 
83033      INFO  main            d.u.i.k.p.r.p.TestFile    Now processing file /home/runner/work/key/key/key.core/../key.ui/examples/redux/arrays/Arrays.fillFromTo.key 
83034      INFO  main            d.u.i.k.p.i.AbstractProblemLoader Loading environment from /home/runner/work/key/key/key.core/../key.ui/examples/redux/arrays/Arrays.fillFromTo.key 
83034      DEBUG main            d.u.i.k.p.i.AbstractProblemLoader Environment load took 449.81ns 
83035      INFO  main            d.u.i.k.p.i.AbstractProblemLoader Creating init config 
86091      DEBUG main            d.u.i.k.p.i.AbstractProblemLoader Init config took 3.06s 
86136      INFO  main            d.u.i.k.p.i.AbstractProblemLoader Replaying proof Arrays[Arrays::fill([I,int,int,int)].JML normal_behavior operation contract.0 
86138      DEBUG main            d.u.i.k.p.i.IntermediateProofReplayer Proof replay took 5.5ns 
86745      INFO  main            d.u.i.k.p.r.p.TestFile    ... finished proof: closed. 
86965      INFO  main            d.u.i.k.p.i.AbstractProblemLoader Loading environment from /home/runner/work/key/key/key.core/../key.ui/examples/redux/arrays/Arrays.fillFromTo.key.proof 
86965      DEBUG main            d.u.i.k.p.i.AbstractProblemLoader Environment load took 197.5ns 
86967      INFO  main            d.u.i.k.p.i.AbstractProblemLoader Creating init config 
89951      DEBUG main            d.u.i.k.p.i.AbstractProblemLoader Init config took 2.98s 
89987      INFO  main            d.u.i.k.p.i.AbstractProblemLoader Replaying proof Arrays[Arrays::fill([I,int,int,int)].JML normal_behavior operation contract.0 
90116      DEBUG main            d.u.i.k.p.i.IntermediateProofReplayer Proof replay took 125.1ms 
90117      DEBUG main            d.u.i.k.p.r.p.TestFile    ... success: reloaded. 
90118      INFO  main            d.u.i.k.p.r.p.TestFile    Now processing file /home/runner/work/key/key/key.core/../key.ui/examples/redux/arrays/Arrays.fillFromTo.float.key 
90118      INFO  main            d.u.i.k.p.i.AbstractProblemLoader Loading environment from /home/runner/work/key/key/key.core/../key.ui/examples/redux/arrays/Arrays.fillFromTo.float.key 
90118      DEBUG main            d.u.i.k.p.i.AbstractProblemLoader Environment load took 98.8ns 
90119      INFO  main            d.u.i.k.p.i.AbstractProblemLoader Creating init config 
93176      DEBUG main            d.u.i.k.p.i.AbstractProblemLoader Init config took 3.06s 
93227      INFO  main            d.u.i.k.p.i.AbstractProblemLoader Replaying proof Arrays[Arrays::fill([F,int,int,float)].JML normal_behavior operation contract.0 
93229      DEBUG main            d.u.i.k.p.i.IntermediateProofReplayer Proof replay took 6.5ns 
93933      INFO  main            d.u.i.k.p.r.p.TestFile    ... finished proof: closed. 
94164      INFO  main            d.u.i.k.p.i.AbstractProblemLoader Loading environment from /home/runner/work/key/key/key.core/../key.ui/examples/redux/arrays/Arrays.fillFromTo.float.key.proof 
94165      DEBUG main            d.u.i.k.p.i.AbstractProblemLoader Environment load took 497.71ns 
94166      INFO  main            d.u.i.k.p.i.AbstractProblemLoader Creating init config 
97177      DEBUG main            d.u.i.k.p.i.AbstractProblemLoader Init config took 3.01s 
97212      INFO  main            d.u.i.k.p.i.AbstractProblemLoader Replaying proof Arrays[Arrays::fill([F,int,int,float)].JML normal_behavior operation contract.0 
97352      DEBUG main            d.u.i.k.p.i.IntermediateProofReplayer Proof replay took 135.85ms 
97353      DEBUG main            d.u.i.k.p.r.p.TestFile    ... success: reloaded. 
97354      INFO  main            d.u.i.k.p.r.p.TestFile    Now processing file /home/runner/work/key/key/key.core/../key.ui/examples/redux/arrays/ArrayCopy.arraycopy.normal.0.key 
97355      INFO  main            d.u.i.k.p.i.AbstractProblemLoader Loading environment from /home/runner/work/key/key/key.core/../key.ui/examples/redux/arrays/ArrayCopy.arraycopy.normal.0.key 
97355      DEBUG main            d.u.i.k.p.i.AbstractProblemLoader Environment load took 171.6ns 
97356      INFO  main            d.u.i.k.p.i.AbstractProblemLoader Creating init config 
100399     DEBUG main            d.u.i.k.p.i.AbstractProblemLoader Init config took 3.04s 
100434     INFO  main            d.u.i.k.p.i.AbstractProblemLoader Replaying proof ArrayCopy[ArrayCopy::arraycopy(java.lang.Object,int,java.lang.Object,int,int)].JML normal_behavior operation contract.0 
100436     DEBUG main            d.u.i.k.p.i.IntermediateProofReplayer Proof replay took 6.5ns 
106823     INFO  main            d.u.i.k.p.r.p.TestFile    ... finished proof: closed. 
107053     INFO  main            d.u.i.k.p.i.AbstractProblemLoader Loading environment from /home/runner/work/key/key/key.core/../key.ui/examples/redux/arrays/ArrayCopy.arraycopy.normal.0.key.proof 
107053     DEBUG main            d.u.i.k.p.i.AbstractProblemLoader Environment load took 142.5ns 
107055     INFO  main            d.u.i.k.p.i.AbstractProblemLoader Creating init config 
110020     DEBUG main            d.u.i.k.p.i.AbstractProblemLoader Init config took 2.96s 
110055     INFO  main            d.u.i.k.p.i.AbstractProblemLoader Replaying proof ArrayCopy[ArrayCopy::arraycopy(java.lang.Object,int,java.lang.Object,int,int)].JML normal_behavior operation contract.0 
110981     DEBUG main            d.u.i.k.p.i.IntermediateProofReplayer Proof replay took 909.37ms 
110982     DEBUG main            d.u.i.k.p.r.p.TestFile    ... success: reloaded. 
110983     INFO  main            d.u.i.k.p.r.p.TestFile    Now processing file /home/runner/work/key/key/key.core/../key.ui/examples/redux/arrays/ArrayCopy.arraycopy.exceptional.0.key 
110983     INFO  main            d.u.i.k.p.i.AbstractProblemLoader Loading environment from /home/runner/work/key/key/key.core/../key.ui/examples/redux/arrays/ArrayCopy.arraycopy.exceptional.0.key 
110984     DEBUG main            d.u.i.k.p.i.AbstractProblemLoader Environment load took 98.5ns 
110984     INFO  main            d.u.i.k.p.i.AbstractProblemLoader Creating init config 
114074     DEBUG main            d.u.i.k.p.i.AbstractProblemLoader Init config took 3.09s 
114110     INFO  main            d.u.i.k.p.i.AbstractProblemLoader Replaying proof ArrayCopy[ArrayCopy::arraycopy(java.lang.Object,int,java.lang.Object,int,int)].JML exceptional_behavior operation contract.0 
114111     DEBUG main            d.u.i.k.p.i.IntermediateProofReplayer Proof replay took 7ns 
114516     INFO  main            d.u.i.k.p.r.p.TestFile    ... finished proof: closed. 
114734     INFO  main            d.u.i.k.p.i.AbstractProblemLoader Loading environment from /home/runner/work/key/key/key.core/../key.ui/examples/redux/arrays/ArrayCopy.arraycopy.exceptional.0.key.proof 
114735     DEBUG main            d.u.i.k.p.i.AbstractProblemLoader Environment load took 136.4ns 
114736     INFO  main            d.u.i.k.p.i.AbstractProblemLoader Creating init config 
117712     DEBUG main            d.u.i.k.p.i.AbstractProblemLoader Init config took 2.98s 
117746     INFO  main            d.u.i.k.p.i.AbstractProblemLoader Replaying proof ArrayCopy[ArrayCopy::arraycopy(java.lang.Object,int,java.lang.Object,int,int)].JML exceptional_behavior operation contract.0 
117857     DEBUG main            d.u.i.k.p.i.IntermediateProofReplayer Proof replay took 107.93ms 
117858     DEBUG main            d.u.i.k.p.r.p.TestFile    ... success: reloaded. 
117859     INFO  main            d.u.i.k.p.r.p.TestFile    Now processing file /home/runner/work/key/key/key.core/../key.ui/examples/redux/arrays/ArrayCopy.arraycopy.exceptional.1.key 
117859     INFO  main            d.u.i.k.p.i.AbstractProblemLoader Loading environment from /home/runner/work/key/key/key.core/../key.ui/examples/redux/arrays/ArrayCopy.arraycopy.exceptional.1.key 
117859     DEBUG main            d.u.i.k.p.i.AbstractProblemLoader Environment load took 97.5ns 
117860     INFO  main            d.u.i.k.p.i.AbstractProblemLoader Creating init config 
120936     DEBUG main            d.u.i.k.p.i.AbstractProblemLoader Init config took 3.08s 
120971     INFO  main            d.u.i.k.p.i.AbstractProblemLoader Replaying proof ArrayCopy[ArrayCopy::arraycopy(java.lang.Object,int,java.lang.Object,int,int)].JML exceptional_behavior operation contract.1 
120972     DEBUG main            d.u.i.k.p.i.IntermediateProofReplayer Proof replay took 7.3ns 
127220     INFO  main            d.u.i.k.p.r.p.TestFile    ... finished proof: closed. 
127464     INFO  main            d.u.i.k.p.i.AbstractProblemLoader Loading environment from /home/runner/work/key/key/key.core/../key.ui/examples/redux/arrays/ArrayCopy.arraycopy.exceptional.1.key.proof 
127464     DEBUG main            d.u.i.k.p.i.AbstractProblemLoader Environment load took 416.2ns 
127467     INFO  main            d.u.i.k.p.i.AbstractProblemLoader Creating init config 
130420     DEBUG main            d.u.i.k.p.i.AbstractProblemLoader Init config took 2.95s 
130454     INFO  main            d.u.i.k.p.i.AbstractProblemLoader Replaying proof ArrayCopy[ArrayCopy::arraycopy(java.lang.Object,int,java.lang.Object,int,int)].JML exceptional_behavior operation contract.1 
132105     DEBUG main            d.u.i.k.p.i.IntermediateProofReplayer Proof replay took 1.63s 
132107     DEBUG main            d.u.i.k.p.r.p.TestFile    ... success: reloaded. 
5338518    INFO  Test worker     d.u.i.k.p.r.RunAllProofsTestUnit Returning from test redux 
]]></system-out>
  <system-err><![CDATA[]]></system-err>
</testsuite>
