<?xml version="1.0" encoding="UTF-8"?>
<testsuite name="de.uka.ilkd.key.taclettranslation.TestTacletTranslator" tests="5" skipped="0" failures="0" errors="0" timestamp="2023-04-05T09:30:37" hostname="fv-az842-22" time="0.01">
  <properties/>
  <testcase name="testPropositional1()" classname="de.uka.ilkd.key.taclettranslation.TestTacletTranslator" time="0.004"/>
  <testcase name="testPropositional2()" classname="de.uka.ilkd.key.taclettranslation.TestTacletTranslator" time="0.002"/>
  <testcase name="testNegativePolarity()" classname="de.uka.ilkd.key.taclettranslation.TestTacletTranslator" time="0.001"/>
  <testcase name="testNoPolarity()" classname="de.uka.ilkd.key.taclettranslation.TestTacletTranslator" time="0.001"/>
  <testcase name="testPositivePolarity()" classname="de.uka.ilkd.key.taclettranslation.TestTacletTranslator" time="0.001"/>
  <system-out><![CDATA[835675     INFO  Test worker     d.u.i.k.n.KeyIO           Parsing took 1 ms 
835675     INFO  Test worker     d.u.i.k.n.KeyIO           MODE: declarations took 0 ms 
835679     INFO  Test worker     d.u.i.k.n.KeyIO           Parsing took 0 ms 
835679     INFO  Test worker     d.u.i.k.n.KeyIO           MODE: declarations took 0 ms 
835680     INFO  Test worker     d.u.i.k.n.KeyIO           Parsing took 0 ms 
835680     INFO  Test worker     d.u.i.k.n.KeyIO           MODE: declarations took 0 ms 
835682     INFO  Test worker     d.u.i.k.n.KeyIO           Parsing took 0 ms 
835682     INFO  Test worker     d.u.i.k.n.KeyIO           MODE: declarations took 0 ms 
835683     INFO  Test worker     d.u.i.k.n.KeyIO           Parsing took 0 ms 
835683     INFO  Test worker     d.u.i.k.n.KeyIO           MODE: declarations took 0 ms 
]]></system-out>
  <system-err><![CDATA[]]></system-err>
</testsuite>
