<?xml version="1.0" encoding="UTF-8"?>
<testsuite name="de.uka.ilkd.key.macros.scripts.FocusCommandTest" tests="2" skipped="0" failures="0" errors="0" timestamp="2023-03-09T11:42:11" hostname="fv-az470-779" time="6.773">
  <properties/>
  <testcase name="testSelectionWithLabels()" classname="de.uka.ilkd.key.macros.scripts.FocusCommandTest" time="3.416"/>
  <testcase name="testSimpleSelection()" classname="de.uka.ilkd.key.macros.scripts.FocusCommandTest" time="3.356"/>
  <system-out><![CDATA[]]></system-out>
  <system-err><![CDATA[]]></system-err>
</testsuite>
