<?xml version="1.0" encoding="UTF-8"?>
<testsuite name="de.uka.ilkd.key.java.TestRecoder2KeY" tests="4" skipped="1" failures="0" errors="0" timestamp="2023-03-09T11:39:38" hostname="fv-az470-779" time="0.514">
  <properties/>
  <testcase name="xtestFileInput()" classname="de.uka.ilkd.key.java.TestRecoder2KeY" time="0.001">
    <skipped/>
  </testcase>
  <testcase name="testJClasses()" classname="de.uka.ilkd.key.java.TestRecoder2KeY" time="0.452"/>
  <testcase name="testReadBlockWithContext()" classname="de.uka.ilkd.key.java.TestRecoder2KeY" time="0.002"/>
  <testcase name="testJBlocks()" classname="de.uka.ilkd.key.java.TestRecoder2KeY" time="0.055"/>
  <system-out><![CDATA[]]></system-out>
  <system-err><![CDATA[]]></system-err>
</testsuite>
