<?xml version="1.0" encoding="UTF-8"?>
<testsuite name="de.uka.ilkd.key.rule.tacletbuilder.TestTacletBuild" tests="5" skipped="0" failures="0" errors="0" timestamp="2023-03-26T13:45:44" hostname="fv-az341-959" time="4.001">
  <properties/>
  <testcase name="testSchemavariablesInAddrulesRespectPrefix()" classname="de.uka.ilkd.key.rule.tacletbuilder.TestTacletBuild" time="3.984"/>
  <testcase name="testUniquenessOfIfAndFindVarSVBothInIf()" classname="de.uka.ilkd.key.rule.tacletbuilder.TestTacletBuild" time="0.001"/>
  <testcase name="test0()" classname="de.uka.ilkd.key.rule.tacletbuilder.TestTacletBuild" time="0.013"/>
  <testcase name="testUniquenessOfIfAndFindVarSVsInFind()" classname="de.uka.ilkd.key.rule.tacletbuilder.TestTacletBuild" time="0.0"/>
  <testcase name="testUniquenessOfIfAndFindVarSVsInIfAndFind()" classname="de.uka.ilkd.key.rule.tacletbuilder.TestTacletBuild" time="0.0"/>
  <system-out><![CDATA[]]></system-out>
  <system-err><![CDATA[]]></system-err>
</testsuite>
