<?xml version="1.0" encoding="UTF-8"?>
<testsuite name="de.uka.ilkd.key.speclang.njml.NJmlTranslatorTests" tests="5" skipped="0" failures="0" errors="0" timestamp="2023-05-27T16:58:41" hostname="fv-az252-451" time="10.014">
  <properties/>
  <testcase name="testWarnRequires()" classname="de.uka.ilkd.key.speclang.njml.NJmlTranslatorTests" time="0.001"/>
  <testcase name="testContractModifiers()" classname="de.uka.ilkd.key.speclang.njml.NJmlTranslatorTests" time="0.002"/>
  <testcase name="testContractModifiersMultipleAlso()" classname="de.uka.ilkd.key.speclang.njml.NJmlTranslatorTests" time="0.002"/>
  <testcase name="testContractModifiersMultiple()" classname="de.uka.ilkd.key.speclang.njml.NJmlTranslatorTests" time="0.001"/>
  <testcase name="testIgnoreOpenJML()" classname="de.uka.ilkd.key.speclang.njml.NJmlTranslatorTests" time="0.001"/>
  <system-out><![CDATA[701570     WARN  Test worker     d.u.i.k.n.ParsingFacade   file:/D:/a/key/key/key.core/build/resources/main/de/uka/ilkd/key/proof/rules/ldt.key took 0 ms to parse. 
701570     WARN  Test worker     d.u.i.k.n.ParsingFacade   Parsing time 2001 ms. 
701570     WARN  Test worker     d.u.i.k.n.ParsingFacade   file:/D:/a/key/key/key.core/build/resources/main/de/uka/ilkd/key/proof/rules/boolean.key took 0 ms to parse. 
701570     WARN  Test worker     d.u.i.k.n.ParsingFacade   Parsing time 2001 ms. 
701570     WARN  Test worker     d.u.i.k.n.ParsingFacade   file:/D:/a/key/key/key.core/build/resources/main/de/uka/ilkd/key/proof/rules/ruleSetsDeclarations.key took 0 ms to parse. 
701570     WARN  Test worker     d.u.i.k.n.ParsingFacade   Parsing time 2001 ms. 
701570     WARN  Test worker     d.u.i.k.n.ParsingFacade   file:/D:/a/key/key/key.core/build/resources/main/de/uka/ilkd/key/proof/rules/integerHeader.key took 0 ms to parse. 
701570     WARN  Test worker     d.u.i.k.n.ParsingFacade   Parsing time 2001 ms. 
701570     WARN  Test worker     d.u.i.k.n.ParsingFacade   file:/D:/a/key/key/key.core/build/resources/main/de/uka/ilkd/key/proof/rules/floatHeader.key took 0 ms to parse. 
701570     WARN  Test worker     d.u.i.k.n.ParsingFacade   Parsing time 2001 ms. 
701586     WARN  Test worker     d.u.i.k.n.ParsingFacade   file:/D:/a/key/key/key.core/build/resources/main/de/uka/ilkd/key/proof/rules/heap.key took 0 ms to parse. 
701586     WARN  Test worker     d.u.i.k.n.ParsingFacade   Parsing time 2001 ms. 
701586     WARN  Test worker     d.u.i.k.n.ParsingFacade   file:/D:/a/key/key/key.core/build/resources/main/de/uka/ilkd/key/proof/rules/locSets.key took 0 ms to parse. 
701586     WARN  Test worker     d.u.i.k.n.ParsingFacade   Parsing time 2001 ms. 
701586     WARN  Test worker     d.u.i.k.n.ParsingFacade   file:/D:/a/key/key/key.core/build/resources/main/de/uka/ilkd/key/proof/rules/permission.key took 0 ms to parse. 
701586     WARN  Test worker     d.u.i.k.n.ParsingFacade   Parsing time 2001 ms. 
701586     WARN  Test worker     d.u.i.k.n.ParsingFacade   file:/D:/a/key/key/key.core/build/resources/main/de/uka/ilkd/key/proof/rules/reach.key took 0 ms to parse. 
701586     WARN  Test worker     d.u.i.k.n.ParsingFacade   Parsing time 2001 ms. 
701586     WARN  Test worker     d.u.i.k.n.ParsingFacade   file:/D:/a/key/key/key.core/build/resources/main/de/uka/ilkd/key/proof/rules/seq.key took 0 ms to parse. 
701586     WARN  Test worker     d.u.i.k.n.ParsingFacade   Parsing time 2001 ms. 
701588     WARN  Test worker     d.u.i.k.n.ParsingFacade   file:/D:/a/key/key/key.core/build/resources/main/de/uka/ilkd/key/proof/rules/map.key took 2 ms to parse. 
701588     WARN  Test worker     d.u.i.k.n.ParsingFacade   Parsing time 2003 ms. 
701588     WARN  Test worker     d.u.i.k.n.ParsingFacade   file:/D:/a/key/key/key.core/build/resources/main/de/uka/ilkd/key/proof/rules/freeADT.key took 0 ms to parse. 
701588     WARN  Test worker     d.u.i.k.n.ParsingFacade   Parsing time 2003 ms. 
701588     WARN  Test worker     d.u.i.k.n.ParsingFacade   file:/D:/a/key/key/key.core/build/resources/main/de/uka/ilkd/key/proof/rules/wellfound.key took 0 ms to parse. 
701588     WARN  Test worker     d.u.i.k.n.ParsingFacade   Parsing time 2003 ms. 
701588     WARN  Test worker     d.u.i.k.n.ParsingFacade   file:/D:/a/key/key/key.core/build/resources/main/de/uka/ilkd/key/proof/rules/charListHeader.key took 0 ms to parse. 
701588     WARN  Test worker     d.u.i.k.n.ParsingFacade   Parsing time 2003 ms. 
701594     WARN  Test worker     d.u.i.k.n.ParsingFacade   D:\a\key\key\key.core\src\test\resources\testcase\speclang\testFile.key took 0 ms to parse. 
701594     WARN  Test worker     d.u.i.k.n.ParsingFacade   Parsing time 2003 ms. 
702431     WARN  Test worker     d.u.i.k.n.ParsingFacade   file:/D:/a/key/key/key.core/build/resources/main/de/uka/ilkd/key/java/JavaRedux/java/lang/String.key took 0 ms to parse. 
702431     WARN  Test worker     d.u.i.k.n.ParsingFacade   Parsing time 2003 ms. 
704098     WARN  Test worker     d.u.i.k.n.ParsingFacade   D:\a\key\key\key.core\src\test\resources\testcase\speclang\testFile.key took 0 ms to parse. 
704098     WARN  Test worker     d.u.i.k.n.ParsingFacade   Parsing time 2003 ms. 
704927     WARN  Test worker     d.u.i.k.n.ParsingFacade   file:/D:/a/key/key/key.core/build/resources/main/de/uka/ilkd/key/java/JavaRedux/java/lang/String.key took 0 ms to parse. 
704927     WARN  Test worker     d.u.i.k.n.ParsingFacade   Parsing time 2003 ms. 
706589     WARN  Test worker     d.u.i.k.n.ParsingFacade   D:\a\key\key\key.core\src\test\resources\testcase\speclang\testFile.key took 0 ms to parse. 
706589     WARN  Test worker     d.u.i.k.n.ParsingFacade   Parsing time 2003 ms. 
707417     WARN  Test worker     d.u.i.k.n.ParsingFacade   file:/D:/a/key/key/key.core/build/resources/main/de/uka/ilkd/key/java/JavaRedux/java/lang/String.key took 0 ms to parse. 
707417     WARN  Test worker     d.u.i.k.n.ParsingFacade   Parsing time 2003 ms. 
709096     WARN  Test worker     d.u.i.k.n.ParsingFacade   D:\a\key\key\key.core\src\test\resources\testcase\speclang\testFile.key took 0 ms to parse. 
709096     WARN  Test worker     d.u.i.k.n.ParsingFacade   Parsing time 2003 ms. 
709959     WARN  Test worker     d.u.i.k.n.ParsingFacade   file:/D:/a/key/key/key.core/build/resources/main/de/uka/ilkd/key/java/JavaRedux/java/lang/String.key took 0 ms to parse. 
709959     WARN  Test worker     d.u.i.k.n.ParsingFacade   Parsing time 2003 ms. 
711633     WARN  Test worker     d.u.i.k.n.ParsingFacade   D:\a\key\key\key.core\src\test\resources\testcase\speclang\testFile.key took 0 ms to parse. 
711633     WARN  Test worker     d.u.i.k.n.ParsingFacade   Parsing time 2003 ms. 
712446     WARN  Test worker     d.u.i.k.n.ParsingFacade   file:/D:/a/key/key/key.core/build/resources/main/de/uka/ilkd/key/java/JavaRedux/java/lang/String.key took 0 ms to parse. 
712446     WARN  Test worker     d.u.i.k.n.ParsingFacade   Parsing time 2003 ms. 
]]></system-out>
  <system-err><![CDATA[]]></system-err>
</testsuite>
