<?xml version="1.0" encoding="UTF-8"?>
<testsuite name="de.uka.ilkd.key.util.TestProofStarter" tests="2" skipped="0" failures="0" errors="0" timestamp="2023-05-27T16:59:01" hostname="fv-az252-451" time="49.666">
  <properties/>
  <testcase name="testDirectProofWithOneStepSimplification()" classname="de.uka.ilkd.key.util.TestProofStarter" time="25.946"/>
  <testcase name="testDirectProof()" classname="de.uka.ilkd.key.util.TestProofStarter" time="23.72"/>
  <system-out><![CDATA[723760     INFO  Test worker     d.u.i.k.p.i.AbstractProblemLoader Loading environment from src\test\resources\testcase\proofStarter\CC\project.key 
723760     DEBUG Test worker     d.u.i.k.p.i.AbstractProblemLoader Environment load took 135.9ns 
723760     WARN  Test worker     d.u.i.k.n.ParsingFacade   D:\a\key\key\key.core\src\test\resources\testcase\proofStarter\CC\project.key took 0 ms to parse. 
723760     WARN  Test worker     d.u.i.k.n.ParsingFacade   Parsing time 2113 ms. 
723760     INFO  Test worker     d.u.i.k.p.i.AbstractProblemLoader Creating init config 
724675     WARN  Test worker     d.u.i.k.n.ParsingFacade   file:/D:/a/key/key/key.core/build/resources/main/de/uka/ilkd/key/java/JavaRedux/java/lang/String.key took 0 ms to parse. 
724675     WARN  Test worker     d.u.i.k.n.ParsingFacade   Parsing time 2113 ms. 
726451     DEBUG Test worker     d.u.i.k.p.i.AbstractProblemLoader Init config took 2.69s 
726513     INFO  Test worker     d.u.i.k.p.i.AbstractProblemLoader Replaying proof CC[CC::calcCoinIndex([I,[I)].JML normal_behavior operation contract.0 
726513     DEBUG Test worker     d.u.i.k.p.i.IntermediateProofReplayer Proof replay took 1.9ns 
726513     WARN  Test worker     d.u.i.k.n.ParsingFacade   D:\a\key\key\key.core\src\test\resources\testcase\proofStarter\CC\project.key took 0 ms to parse. 
726513     WARN  Test worker     d.u.i.k.n.ParsingFacade   Parsing time 2113 ms. 
749690     INFO  Test worker     d.u.i.k.p.i.AbstractProblemLoader Loading environment from src\test\resources\testcase\proofStarter\CC\project.key 
749690     DEBUG Test worker     d.u.i.k.p.i.AbstractProblemLoader Environment load took 176.3ns 
749690     WARN  Test worker     d.u.i.k.n.ParsingFacade   D:\a\key\key\key.core\src\test\resources\testcase\proofStarter\CC\project.key took 0 ms to parse. 
749690     WARN  Test worker     d.u.i.k.n.ParsingFacade   Parsing time 2113 ms. 
749690     INFO  Test worker     d.u.i.k.p.i.AbstractProblemLoader Creating init config 
750557     WARN  Test worker     d.u.i.k.n.ParsingFacade   file:/D:/a/key/key/key.core/build/resources/main/de/uka/ilkd/key/java/JavaRedux/java/lang/String.key took 0 ms to parse. 
750557     WARN  Test worker     d.u.i.k.n.ParsingFacade   Parsing time 2113 ms. 
752271     DEBUG Test worker     d.u.i.k.p.i.AbstractProblemLoader Init config took 2.58s 
752318     INFO  Test worker     d.u.i.k.p.i.AbstractProblemLoader Replaying proof CC[CC::calcCoinIndex([I,[I)].JML normal_behavior operation contract.0 
752318     DEBUG Test worker     d.u.i.k.p.i.IntermediateProofReplayer Proof replay took 2.1ns 
752318     WARN  Test worker     d.u.i.k.n.ParsingFacade   D:\a\key\key\key.core\src\test\resources\testcase\proofStarter\CC\project.key took 0 ms to parse. 
752318     WARN  Test worker     d.u.i.k.n.ParsingFacade   Parsing time 2113 ms. 
]]></system-out>
  <system-err><![CDATA[]]></system-err>
</testsuite>
