<?xml version="1.0" encoding="UTF-8"?>
<testsuite name="de.uka.ilkd.key.parser.TestIntLiteralParsing" tests="67" skipped="0" failures="0" errors="0" timestamp="2023-05-27T16:50:24" hostname="fv-az252-451" time="20.508">
  <properties/>
  <testcase name="0x000l" classname="de.uka.ilkd.key.parser.TestIntLiteralParsing" time="0.004"/>
  <testcase name="0x8000_0000l" classname="de.uka.ilkd.key.parser.TestIntLiteralParsing" time="0.0"/>
  <testcase name="0x7fffffffL" classname="de.uka.ilkd.key.parser.TestIntLiteralParsing" time="0.0"/>
  <testcase name="2147483647L" classname="de.uka.ilkd.key.parser.TestIntLiteralParsing" time="0.001"/>
  <testcase name="-2147483648l" classname="de.uka.ilkd.key.parser.TestIntLiteralParsing" time="0.002"/>
  <testcase name="0l" classname="de.uka.ilkd.key.parser.TestIntLiteralParsing" time="0.0"/>
  <testcase name="-0L" classname="de.uka.ilkd.key.parser.TestIntLiteralParsing" time="0.001"/>
  <testcase name="00L" classname="de.uka.ilkd.key.parser.TestIntLiteralParsing" time="0.001"/>
  <testcase name="017777777777l" classname="de.uka.ilkd.key.parser.TestIntLiteralParsing" time="0.001"/>
  <testcase name="020000000000l" classname="de.uka.ilkd.key.parser.TestIntLiteralParsing" time="0.0"/>
  <testcase name="01671003245L" classname="de.uka.ilkd.key.parser.TestIntLiteralParsing" time="0.001"/>
  <testcase name="0b0L" classname="de.uka.ilkd.key.parser.TestIntLiteralParsing" time="0.001"/>
  <testcase name="0b01111111111111111111111111111111L" classname="de.uka.ilkd.key.parser.TestIntLiteralParsing" time="0.0"/>
  <testcase name="0b1000_0000_0000_0000_0000_0000_0000_0000l" classname="de.uka.ilkd.key.parser.TestIntLiteralParsing" time="0.0"/>
  <testcase name="0b0100100100011101L" classname="de.uka.ilkd.key.parser.TestIntLiteralParsing" time="0.001"/>
  <testcase name="0xffff_ffff_ffff_ffffL" classname="de.uka.ilkd.key.parser.TestIntLiteralParsing" time="0.001"/>
  <testcase name="9223372036854775807L" classname="de.uka.ilkd.key.parser.TestIntLiteralParsing" time="0.0"/>
  <testcase name="-9223372036854775808L" classname="de.uka.ilkd.key.parser.TestIntLiteralParsing" time="0.001"/>
  <testcase name="0b1111111111_1111111111_1111111111_1111111111_1111111111_1111111111_1111L" classname="de.uka.ilkd.key.parser.TestIntLiteralParsing" time="0.001"/>
  <testcase name="0b1000000000_0000000000_0000000000_0000000000_0000000000_0000000000_0000L" classname="de.uka.ilkd.key.parser.TestIntLiteralParsing" time="0.0"/>
  <testcase name="0b0111111111_1111111111_1111111111_1111111111_1111111111_1111111111_1111L" classname="de.uka.ilkd.key.parser.TestIntLiteralParsing" time="0.001"/>
  <testcase name="'a'" classname="de.uka.ilkd.key.parser.TestIntLiteralParsing" time="0.001"/>
  <testcase name="'z'" classname="de.uka.ilkd.key.parser.TestIntLiteralParsing" time="0.001"/>
  <testcase name="'A'" classname="de.uka.ilkd.key.parser.TestIntLiteralParsing" time="0.0"/>
  <testcase name="'Z'" classname="de.uka.ilkd.key.parser.TestIntLiteralParsing" time="0.001"/>
  <testcase name="' '" classname="de.uka.ilkd.key.parser.TestIntLiteralParsing" time="0.001"/>
  <testcase name="'\b'" classname="de.uka.ilkd.key.parser.TestIntLiteralParsing" time="0.0"/>
  <testcase name="'\t'" classname="de.uka.ilkd.key.parser.TestIntLiteralParsing" time="0.0"/>
  <testcase name="'\n'" classname="de.uka.ilkd.key.parser.TestIntLiteralParsing" time="0.001"/>
  <testcase name="'\f'" classname="de.uka.ilkd.key.parser.TestIntLiteralParsing" time="0.0"/>
  <testcase name="'\r'" classname="de.uka.ilkd.key.parser.TestIntLiteralParsing" time="0.001"/>
  <testcase name="'\&quot;'" classname="de.uka.ilkd.key.parser.TestIntLiteralParsing" time="0.001"/>
  <testcase name="'\''" classname="de.uka.ilkd.key.parser.TestIntLiteralParsing" time="0.0"/>
  <testcase name="'\\'" classname="de.uka.ilkd.key.parser.TestIntLiteralParsing" time="0.0"/>
  <testcase name="'0'" classname="de.uka.ilkd.key.parser.TestIntLiteralParsing" time="0.001"/>
  <testcase name="'9'" classname="de.uka.ilkd.key.parser.TestIntLiteralParsing" time="0.0"/>
  <testcase name="'\u0000'" classname="de.uka.ilkd.key.parser.TestIntLiteralParsing" time="0.001"/>
  <testcase name="'\uffff'" classname="de.uka.ilkd.key.parser.TestIntLiteralParsing" time="0.001"/>
  <testcase name="'?'" classname="de.uka.ilkd.key.parser.TestIntLiteralParsing" time="0.001"/>
  <testcase name="'Î”'" classname="de.uka.ilkd.key.parser.TestIntLiteralParsing" time="0.001"/>
  <testcase name="'?'" classname="de.uka.ilkd.key.parser.TestIntLiteralParsing" time="0.001"/>
  <testcase name="-9_223_372_036_854_775_809L" classname="de.uka.ilkd.key.parser.TestIntLiteralParsing" time="0.002"/>
  <testcase name="9223372036854775808L" classname="de.uka.ilkd.key.parser.TestIntLiteralParsing" time="0.001"/>
  <testcase name="0x1_0000_0000_0000_0000L" classname="de.uka.ilkd.key.parser.TestIntLiteralParsing" time="0.018"/>
  <testcase name="0b10000_0000000000_0000000000_0000000000_0000000000_0000000000_0000000000L" classname="de.uka.ilkd.key.parser.TestIntLiteralParsing" time="0.001"/>
  <testcase name="020_0000_0000_0000_0000_0000L" classname="de.uka.ilkd.key.parser.TestIntLiteralParsing" time="0.001"/>
  <testcase name="-2147483649" classname="de.uka.ilkd.key.parser.TestIntLiteralParsing" time="0.001"/>
  <testcase name="2147483648" classname="de.uka.ilkd.key.parser.TestIntLiteralParsing" time="0.001"/>
  <testcase name="0x1_0000_0000" classname="de.uka.ilkd.key.parser.TestIntLiteralParsing" time="0.001"/>
  <testcase name="0b1_0000_0000_0000_0000_0000_0000_0000_0000" classname="de.uka.ilkd.key.parser.TestIntLiteralParsing" time="0.001"/>
  <testcase name="0400_0000_0000" classname="de.uka.ilkd.key.parser.TestIntLiteralParsing" time="0.001"/>
  <testcase name="0xffff_ffff" classname="de.uka.ilkd.key.parser.TestIntLiteralParsing" time="0.001"/>
  <testcase name="0x000" classname="de.uka.ilkd.key.parser.TestIntLiteralParsing" time="0.001"/>
  <testcase name="0x8000_0000" classname="de.uka.ilkd.key.parser.TestIntLiteralParsing" time="0.0"/>
  <testcase name="0x7fffffff" classname="de.uka.ilkd.key.parser.TestIntLiteralParsing" time="0.0"/>
  <testcase name="2147483647" classname="de.uka.ilkd.key.parser.TestIntLiteralParsing" time="0.001"/>
  <testcase name="-2147483648" classname="de.uka.ilkd.key.parser.TestIntLiteralParsing" time="0.001"/>
  <testcase name="0" classname="de.uka.ilkd.key.parser.TestIntLiteralParsing" time="0.0"/>
  <testcase name="-0" classname="de.uka.ilkd.key.parser.TestIntLiteralParsing" time="0.001"/>
  <testcase name="00" classname="de.uka.ilkd.key.parser.TestIntLiteralParsing" time="0.001"/>
  <testcase name="017777777777" classname="de.uka.ilkd.key.parser.TestIntLiteralParsing" time="0.0"/>
  <testcase name="020000000000" classname="de.uka.ilkd.key.parser.TestIntLiteralParsing" time="0.001"/>
  <testcase name="01671003245" classname="de.uka.ilkd.key.parser.TestIntLiteralParsing" time="0.0"/>
  <testcase name="0b0" classname="de.uka.ilkd.key.parser.TestIntLiteralParsing" time="0.001"/>
  <testcase name="0b01111111111111111111111111111111" classname="de.uka.ilkd.key.parser.TestIntLiteralParsing" time="0.001"/>
  <testcase name="0b1000_0000_0000_0000_0000_0000_0000_0000" classname="de.uka.ilkd.key.parser.TestIntLiteralParsing" time="0.001"/>
  <testcase name="0b0100100100011101" classname="de.uka.ilkd.key.parser.TestIntLiteralParsing" time="0.0"/>
  <system-out><![CDATA[201565     WARN  Test worker     d.u.i.k.n.ParsingFacade   file:/D:/a/key/key/key.core/build/resources/main/de/uka/ilkd/key/proof/rules/ldt.key took 0 ms to parse. 
201565     WARN  Test worker     d.u.i.k.n.ParsingFacade   Parsing time 1015 ms. 
201581     WARN  Test worker     d.u.i.k.n.ParsingFacade   file:/D:/a/key/key/key.core/build/resources/main/de/uka/ilkd/key/proof/rules/boolean.key took 0 ms to parse. 
201581     WARN  Test worker     d.u.i.k.n.ParsingFacade   Parsing time 1015 ms. 
201581     WARN  Test worker     d.u.i.k.n.ParsingFacade   file:/D:/a/key/key/key.core/build/resources/main/de/uka/ilkd/key/proof/rules/ruleSetsDeclarations.key took 0 ms to parse. 
201581     WARN  Test worker     d.u.i.k.n.ParsingFacade   Parsing time 1015 ms. 
201581     WARN  Test worker     d.u.i.k.n.ParsingFacade   file:/D:/a/key/key/key.core/build/resources/main/de/uka/ilkd/key/proof/rules/integerHeader.key took 0 ms to parse. 
201581     WARN  Test worker     d.u.i.k.n.ParsingFacade   Parsing time 1015 ms. 
201581     WARN  Test worker     d.u.i.k.n.ParsingFacade   file:/D:/a/key/key/key.core/build/resources/main/de/uka/ilkd/key/proof/rules/floatHeader.key took 0 ms to parse. 
201581     WARN  Test worker     d.u.i.k.n.ParsingFacade   Parsing time 1015 ms. 
201581     WARN  Test worker     d.u.i.k.n.ParsingFacade   file:/D:/a/key/key/key.core/build/resources/main/de/uka/ilkd/key/proof/rules/heap.key took 0 ms to parse. 
201581     WARN  Test worker     d.u.i.k.n.ParsingFacade   Parsing time 1015 ms. 
201581     WARN  Test worker     d.u.i.k.n.ParsingFacade   file:/D:/a/key/key/key.core/build/resources/main/de/uka/ilkd/key/proof/rules/locSets.key took 0 ms to parse. 
201581     WARN  Test worker     d.u.i.k.n.ParsingFacade   Parsing time 1015 ms. 
201581     WARN  Test worker     d.u.i.k.n.ParsingFacade   file:/D:/a/key/key/key.core/build/resources/main/de/uka/ilkd/key/proof/rules/permission.key took 0 ms to parse. 
201581     WARN  Test worker     d.u.i.k.n.ParsingFacade   Parsing time 1015 ms. 
201581     WARN  Test worker     d.u.i.k.n.ParsingFacade   file:/D:/a/key/key/key.core/build/resources/main/de/uka/ilkd/key/proof/rules/reach.key took 0 ms to parse. 
201581     WARN  Test worker     d.u.i.k.n.ParsingFacade   Parsing time 1015 ms. 
201581     WARN  Test worker     d.u.i.k.n.ParsingFacade   file:/D:/a/key/key/key.core/build/resources/main/de/uka/ilkd/key/proof/rules/seq.key took 0 ms to parse. 
201581     WARN  Test worker     d.u.i.k.n.ParsingFacade   Parsing time 1015 ms. 
201581     WARN  Test worker     d.u.i.k.n.ParsingFacade   file:/D:/a/key/key/key.core/build/resources/main/de/uka/ilkd/key/proof/rules/map.key took 0 ms to parse. 
201581     WARN  Test worker     d.u.i.k.n.ParsingFacade   Parsing time 1015 ms. 
201581     WARN  Test worker     d.u.i.k.n.ParsingFacade   file:/D:/a/key/key/key.core/build/resources/main/de/uka/ilkd/key/proof/rules/freeADT.key took 0 ms to parse. 
201581     WARN  Test worker     d.u.i.k.n.ParsingFacade   Parsing time 1015 ms. 
201581     WARN  Test worker     d.u.i.k.n.ParsingFacade   file:/D:/a/key/key/key.core/build/resources/main/de/uka/ilkd/key/proof/rules/wellfound.key took 0 ms to parse. 
201581     WARN  Test worker     d.u.i.k.n.ParsingFacade   Parsing time 1015 ms. 
201581     WARN  Test worker     d.u.i.k.n.ParsingFacade   file:/D:/a/key/key/key.core/build/resources/main/de/uka/ilkd/key/proof/rules/charListHeader.key took 0 ms to parse. 
201581     WARN  Test worker     d.u.i.k.n.ParsingFacade   Parsing time 1015 ms. 
201581     WARN  Test worker     d.u.i.k.n.ParsingFacade   D:\a\key\key\key.core\src\test\resources\testcase\termParser\parserTest.key took 0 ms to parse. 
201581     WARN  Test worker     d.u.i.k.n.ParsingFacade   Parsing time 1015 ms. 
202445     WARN  Test worker     d.u.i.k.n.ParsingFacade   file:/D:/a/key/key/key.core/build/resources/main/de/uka/ilkd/key/java/JavaRedux/java/lang/String.key took 15 ms to parse. 
202445     WARN  Test worker     d.u.i.k.n.ParsingFacade   Parsing time 1030 ms. 
204234     WARN  Test worker     d.u.i.k.n.ParsingFacade   D:\a\key\key\key.core\src\test\resources\testcase\termParser\parserTest.key took 0 ms to parse. 
204234     WARN  Test worker     d.u.i.k.n.ParsingFacade   Parsing time 1030 ms. 
205187     WARN  Test worker     d.u.i.k.n.ParsingFacade   file:/D:/a/key/key/key.core/build/resources/main/de/uka/ilkd/key/java/JavaRedux/java/lang/String.key took 0 ms to parse. 
205187     WARN  Test worker     d.u.i.k.n.ParsingFacade   Parsing time 1030 ms. 
206951     WARN  Test worker     d.u.i.k.n.ParsingFacade   D:\a\key\key\key.core\src\test\resources\testcase\termParser\parserTest.key took 0 ms to parse. 
206951     WARN  Test worker     d.u.i.k.n.ParsingFacade   Parsing time 1030 ms. 
207862     WARN  Test worker     d.u.i.k.n.ParsingFacade   file:/D:/a/key/key/key.core/build/resources/main/de/uka/ilkd/key/java/JavaRedux/java/lang/String.key took 0 ms to parse. 
207862     WARN  Test worker     d.u.i.k.n.ParsingFacade   Parsing time 1030 ms. 
209565     WARN  Test worker     d.u.i.k.n.ParsingFacade   D:\a\key\key\key.core\src\test\resources\testcase\termParser\parserTest.key took 0 ms to parse. 
209565     WARN  Test worker     d.u.i.k.n.ParsingFacade   Parsing time 1030 ms. 
210456     WARN  Test worker     d.u.i.k.n.ParsingFacade   file:/D:/a/key/key/key.core/build/resources/main/de/uka/ilkd/key/java/JavaRedux/java/lang/String.key took 0 ms to parse. 
210456     WARN  Test worker     d.u.i.k.n.ParsingFacade   Parsing time 1030 ms. 
212154     WARN  Test worker     d.u.i.k.n.ParsingFacade   D:\a\key\key\key.core\src\test\resources\testcase\termParser\parserTest.key took 0 ms to parse. 
212154     WARN  Test worker     d.u.i.k.n.ParsingFacade   Parsing time 1030 ms. 
213015     WARN  Test worker     d.u.i.k.n.ParsingFacade   file:/D:/a/key/key/key.core/build/resources/main/de/uka/ilkd/key/java/JavaRedux/java/lang/String.key took 0 ms to parse. 
213015     WARN  Test worker     d.u.i.k.n.ParsingFacade   Parsing time 1030 ms. 
214718     WARN  Test worker     d.u.i.k.n.ParsingFacade   D:\a\key\key\key.core\src\test\resources\testcase\termParser\parserTest.key took 0 ms to parse. 
214718     WARN  Test worker     d.u.i.k.n.ParsingFacade   Parsing time 1030 ms. 
215563     WARN  Test worker     d.u.i.k.n.ParsingFacade   file:/D:/a/key/key/key.core/build/resources/main/de/uka/ilkd/key/java/JavaRedux/java/lang/String.key took 16 ms to parse. 
215563     WARN  Test worker     d.u.i.k.n.ParsingFacade   Parsing time 1046 ms. 
217284     WARN  Test worker     d.u.i.k.n.ParsingFacade   D:\a\key\key\key.core\src\test\resources\testcase\termParser\parserTest.key took 0 ms to parse. 
217284     WARN  Test worker     d.u.i.k.n.ParsingFacade   Parsing time 1046 ms. 
218113     WARN  Test worker     d.u.i.k.n.ParsingFacade   file:/D:/a/key/key/key.core/build/resources/main/de/uka/ilkd/key/java/JavaRedux/java/lang/String.key took 0 ms to parse. 
218113     WARN  Test worker     d.u.i.k.n.ParsingFacade   Parsing time 1046 ms. 
219809     WARN  Test worker     d.u.i.k.n.ParsingFacade   D:\a\key\key\key.core\src\test\resources\testcase\termParser\parserTest.key took 0 ms to parse. 
219809     WARN  Test worker     d.u.i.k.n.ParsingFacade   Parsing time 1046 ms. 
220637     WARN  Test worker     d.u.i.k.n.ParsingFacade   file:/D:/a/key/key/key.core/build/resources/main/de/uka/ilkd/key/java/JavaRedux/java/lang/String.key took 0 ms to parse. 
220637     WARN  Test worker     d.u.i.k.n.ParsingFacade   Parsing time 1046 ms. 
222357     WARN  Test worker     d.u.i.k.n.ParsingFacade   D:\a\key\key\key.core\src\test\resources\testcase\termParser\parserTest.key took 16 ms to parse. 
222357     WARN  Test worker     d.u.i.k.n.ParsingFacade   Parsing time 1062 ms. 
223176     WARN  Test worker     d.u.i.k.n.ParsingFacade   file:/D:/a/key/key/key.core/build/resources/main/de/uka/ilkd/key/java/JavaRedux/java/lang/String.key took 0 ms to parse. 
223176     WARN  Test worker     d.u.i.k.n.ParsingFacade   Parsing time 1062 ms. 
224896     WARN  Test worker     d.u.i.k.n.ParsingFacade   D:\a\key\key\key.core\src\test\resources\testcase\termParser\parserTest.key took 0 ms to parse. 
224896     WARN  Test worker     d.u.i.k.n.ParsingFacade   Parsing time 1062 ms. 
225725     WARN  Test worker     d.u.i.k.n.ParsingFacade   file:/D:/a/key/key/key.core/build/resources/main/de/uka/ilkd/key/java/JavaRedux/java/lang/String.key took 0 ms to parse. 
225725     WARN  Test worker     d.u.i.k.n.ParsingFacade   Parsing time 1062 ms. 
]]></system-out>
  <system-err><![CDATA[]]></system-err>
</testsuite>
