<?xml version="1.0" encoding="UTF-8"?>
<testsuite name="de.uka.ilkd.key.rule.match.vm.VMTacletMatcherTest" tests="6" skipped="0" failures="0" errors="0" timestamp="2023-05-27T16:53:49" hostname="fv-az252-451" time="0.008">
  <properties/>
  <testcase name="testMatchPropositionalFormula()" classname="de.uka.ilkd.key.rule.match.vm.VMTacletMatcherTest" time="0.002"/>
  <testcase name="testMatchVarBindingTermHiding()" classname="de.uka.ilkd.key.rule.match.vm.VMTacletMatcherTest" time="0.001"/>
  <testcase name="testMatchVarBindingTermNested()" classname="de.uka.ilkd.key.rule.match.vm.VMTacletMatcherTest" time="0.001"/>
  <testcase name="matchVarBindingTermSingle()" classname="de.uka.ilkd.key.rule.match.vm.VMTacletMatcherTest" time="0.001"/>
  <testcase name="testMatchVarBindingTermMoreHiding()" classname="de.uka.ilkd.key.rule.match.vm.VMTacletMatcherTest" time="0.001"/>
  <testcase name="testMatchFunctionTerm()" classname="de.uka.ilkd.key.rule.match.vm.VMTacletMatcherTest" time="0.0"/>
  <system-out><![CDATA[406652     WARN  Test worker     d.u.i.k.n.ParsingFacade   file:/D:/a/key/key/key.core/build/resources/main/de/uka/ilkd/key/proof/rules/ldt.key took 0 ms to parse. 
406652     WARN  Test worker     d.u.i.k.n.ParsingFacade   Parsing time 1523 ms. 
406652     WARN  Test worker     d.u.i.k.n.ParsingFacade   file:/D:/a/key/key/key.core/build/resources/main/de/uka/ilkd/key/proof/rules/boolean.key took 0 ms to parse. 
406652     WARN  Test worker     d.u.i.k.n.ParsingFacade   Parsing time 1523 ms. 
406652     WARN  Test worker     d.u.i.k.n.ParsingFacade   file:/D:/a/key/key/key.core/build/resources/main/de/uka/ilkd/key/proof/rules/ruleSetsDeclarations.key took 0 ms to parse. 
406652     WARN  Test worker     d.u.i.k.n.ParsingFacade   Parsing time 1523 ms. 
406652     WARN  Test worker     d.u.i.k.n.ParsingFacade   file:/D:/a/key/key/key.core/build/resources/main/de/uka/ilkd/key/proof/rules/integerHeader.key took 0 ms to parse. 
406652     WARN  Test worker     d.u.i.k.n.ParsingFacade   Parsing time 1523 ms. 
406652     WARN  Test worker     d.u.i.k.n.ParsingFacade   file:/D:/a/key/key/key.core/build/resources/main/de/uka/ilkd/key/proof/rules/floatHeader.key took 0 ms to parse. 
406652     WARN  Test worker     d.u.i.k.n.ParsingFacade   Parsing time 1523 ms. 
406652     WARN  Test worker     d.u.i.k.n.ParsingFacade   file:/D:/a/key/key/key.core/build/resources/main/de/uka/ilkd/key/proof/rules/heap.key took 0 ms to parse. 
406652     WARN  Test worker     d.u.i.k.n.ParsingFacade   Parsing time 1523 ms. 
406652     WARN  Test worker     d.u.i.k.n.ParsingFacade   file:/D:/a/key/key/key.core/build/resources/main/de/uka/ilkd/key/proof/rules/locSets.key took 0 ms to parse. 
406652     WARN  Test worker     d.u.i.k.n.ParsingFacade   Parsing time 1523 ms. 
406652     WARN  Test worker     d.u.i.k.n.ParsingFacade   file:/D:/a/key/key/key.core/build/resources/main/de/uka/ilkd/key/proof/rules/permission.key took 0 ms to parse. 
406652     WARN  Test worker     d.u.i.k.n.ParsingFacade   Parsing time 1523 ms. 
406652     WARN  Test worker     d.u.i.k.n.ParsingFacade   file:/D:/a/key/key/key.core/build/resources/main/de/uka/ilkd/key/proof/rules/reach.key took 0 ms to parse. 
406652     WARN  Test worker     d.u.i.k.n.ParsingFacade   Parsing time 1523 ms. 
406652     WARN  Test worker     d.u.i.k.n.ParsingFacade   file:/D:/a/key/key/key.core/build/resources/main/de/uka/ilkd/key/proof/rules/seq.key took 0 ms to parse. 
406652     WARN  Test worker     d.u.i.k.n.ParsingFacade   Parsing time 1523 ms. 
406652     WARN  Test worker     d.u.i.k.n.ParsingFacade   file:/D:/a/key/key/key.core/build/resources/main/de/uka/ilkd/key/proof/rules/map.key took 0 ms to parse. 
406652     WARN  Test worker     d.u.i.k.n.ParsingFacade   Parsing time 1523 ms. 
406652     WARN  Test worker     d.u.i.k.n.ParsingFacade   file:/D:/a/key/key/key.core/build/resources/main/de/uka/ilkd/key/proof/rules/freeADT.key took 0 ms to parse. 
406652     WARN  Test worker     d.u.i.k.n.ParsingFacade   Parsing time 1523 ms. 
406652     WARN  Test worker     d.u.i.k.n.ParsingFacade   file:/D:/a/key/key/key.core/build/resources/main/de/uka/ilkd/key/proof/rules/wellfound.key took 0 ms to parse. 
406652     WARN  Test worker     d.u.i.k.n.ParsingFacade   Parsing time 1523 ms. 
406652     WARN  Test worker     d.u.i.k.n.ParsingFacade   file:/D:/a/key/key/key.core/build/resources/main/de/uka/ilkd/key/proof/rules/charListHeader.key took 0 ms to parse. 
406652     WARN  Test worker     d.u.i.k.n.ParsingFacade   Parsing time 1523 ms. 
406668     WARN  Test worker     d.u.i.k.n.ParsingFacade   D:\a\key\key\key.core\src\test\resources\testcase\tacletmatch\tacletMatch1.key took 0 ms to parse. 
406668     WARN  Test worker     d.u.i.k.n.ParsingFacade   Parsing time 1523 ms. 
407422     WARN  Test worker     d.u.i.k.n.ParsingFacade   file:/D:/a/key/key/key.core/build/resources/main/de/uka/ilkd/key/java/JavaRedux/java/lang/String.key took 0 ms to parse. 
407422     WARN  Test worker     d.u.i.k.n.ParsingFacade   Parsing time 1523 ms. 
409098     WARN  Test worker     d.u.i.k.n.ParsingFacade   D:\a\key\key\key.core\src\test\resources\testcase\tacletmatch\tacletMatch1.key took 0 ms to parse. 
409098     WARN  Test worker     d.u.i.k.n.ParsingFacade   Parsing time 1523 ms. 
409896     WARN  Test worker     d.u.i.k.n.ParsingFacade   file:/D:/a/key/key/key.core/build/resources/main/de/uka/ilkd/key/java/JavaRedux/java/lang/String.key took 0 ms to parse. 
409896     WARN  Test worker     d.u.i.k.n.ParsingFacade   Parsing time 1523 ms. 
]]></system-out>
  <system-err><![CDATA[]]></system-err>
</testsuite>
