<?xml version="1.0" encoding="UTF-8"?>
<testsuite name="de.uka.ilkd.key.parser.TestDeclParser" tests="14" skipped="2" failures="0" errors="0" timestamp="2023-05-27T16:50:09" hostname="fv-az252-451" time="9.929">
  <properties/>
  <testcase name="testGenericSortDecl1()" classname="de.uka.ilkd.key.parser.TestDeclParser" time="0.911"/>
  <testcase name="testGenericSortDecl2()" classname="de.uka.ilkd.key.parser.TestDeclParser" time="0.768"/>
  <testcase name="testGenericSortDecl3()" classname="de.uka.ilkd.key.parser.TestDeclParser" time="0.841"/>
  <testcase name="testGenericSortDecl4()" classname="de.uka.ilkd.key.parser.TestDeclParser" time="0.844"/>
  <testcase name="testGenericSortDecl5()" classname="de.uka.ilkd.key.parser.TestDeclParser" time="0.0">
    <skipped/>
  </testcase>
  <testcase name="testGenericSortDecl6()" classname="de.uka.ilkd.key.parser.TestDeclParser" time="0.764"/>
  <testcase name="testSortDecl()" classname="de.uka.ilkd.key.parser.TestDeclParser" time="0.836"/>
  <testcase name="testProxySortDecl()" classname="de.uka.ilkd.key.parser.TestDeclParser" time="0.771"/>
  <testcase name="testArrayDecl()" classname="de.uka.ilkd.key.parser.TestDeclParser" time="0.841"/>
  <testcase name="testAmbiguousDecls()" classname="de.uka.ilkd.key.parser.TestDeclParser" time="0.0">
    <skipped/>
  </testcase>
  <testcase name="testHeurDecl()" classname="de.uka.ilkd.key.parser.TestDeclParser" time="0.839"/>
  <testcase name="testFunctionDecl()" classname="de.uka.ilkd.key.parser.TestDeclParser" time="0.819"/>
  <testcase name="testPredicateDecl()" classname="de.uka.ilkd.key.parser.TestDeclParser" time="0.858"/>
  <testcase name="testSVDecl()" classname="de.uka.ilkd.key.parser.TestDeclParser" time="0.833"/>
  <system-out><![CDATA[192537     WARN  Test worker     d.u.i.k.n.ParsingFacade   <unknown> took 0 ms to parse. 
192537     WARN  Test worker     d.u.i.k.n.ParsingFacade   Parsing time 1015 ms. 
192537     INFO  Test worker     d.u.i.k.n.KeyIO           Parsing took 0 ms 
192537     DEBUG Test worker     d.u.i.k.n.KeyIO           Load declarations of de.uka.ilkd.key.nparser.KeyAst$File:  <unknown>:1#1 
192537     INFO  Test worker     d.u.i.k.n.KeyIO           MODE: declarations took 0 ms 
192537     DEBUG Test worker     d.u.i.k.n.KeyIO           MODE: 2nd degree decls took 0 
192537     DEBUG Test worker     d.u.i.k.n.KeyIO           MODE: taclets took 0ms 
193304     WARN  Test worker     d.u.i.k.n.ParsingFacade   <unknown> took 0 ms to parse. 
193304     WARN  Test worker     d.u.i.k.n.ParsingFacade   Parsing time 1015 ms. 
193304     INFO  Test worker     d.u.i.k.n.KeyIO           Parsing took 0 ms 
193304     DEBUG Test worker     d.u.i.k.n.KeyIO           Load declarations of de.uka.ilkd.key.nparser.KeyAst$File:  <unknown>:1#1 
193304     INFO  Test worker     d.u.i.k.n.KeyIO           MODE: declarations took 0 ms 
193304     DEBUG Test worker     d.u.i.k.n.KeyIO           MODE: 2nd degree decls took 0 
193304     DEBUG Test worker     d.u.i.k.n.KeyIO           MODE: taclets took 0ms 
194154     WARN  Test worker     d.u.i.k.n.ParsingFacade   <unknown> took 0 ms to parse. 
194154     WARN  Test worker     d.u.i.k.n.ParsingFacade   Parsing time 1015 ms. 
194154     INFO  Test worker     d.u.i.k.n.KeyIO           Parsing took 0 ms 
194154     DEBUG Test worker     d.u.i.k.n.KeyIO           Load declarations of de.uka.ilkd.key.nparser.KeyAst$File:  <unknown>:1#1 
194154     INFO  Test worker     d.u.i.k.n.KeyIO           MODE: declarations took 0 ms 
194154     DEBUG Test worker     d.u.i.k.n.KeyIO           MODE: 2nd degree decls took 0 
194154     DEBUG Test worker     d.u.i.k.n.KeyIO           MODE: taclets took 0ms 
194999     WARN  Test worker     d.u.i.k.n.ParsingFacade   <unknown> took 0 ms to parse. 
194999     WARN  Test worker     d.u.i.k.n.ParsingFacade   Parsing time 1015 ms. 
194999     INFO  Test worker     d.u.i.k.n.KeyIO           Parsing took 0 ms 
194999     DEBUG Test worker     d.u.i.k.n.KeyIO           Load declarations of de.uka.ilkd.key.nparser.KeyAst$File:  <unknown>:1#1 
194999     INFO  Test worker     d.u.i.k.n.KeyIO           MODE: declarations took 0 ms 
194999     DEBUG Test worker     d.u.i.k.n.KeyIO           MODE: 2nd degree decls took 0 
194999     DEBUG Test worker     d.u.i.k.n.KeyIO           MODE: taclets took 0ms 
195753     WARN  Test worker     d.u.i.k.n.ParsingFacade   <unknown> took 0 ms to parse. 
195753     WARN  Test worker     d.u.i.k.n.ParsingFacade   Parsing time 1015 ms. 
195753     INFO  Test worker     d.u.i.k.n.KeyIO           Parsing took 0 ms 
195753     DEBUG Test worker     d.u.i.k.n.KeyIO           Load declarations of de.uka.ilkd.key.nparser.KeyAst$File:  <unknown>:1#1 
195753     INFO  Test worker     d.u.i.k.n.KeyIO           MODE: declarations took 0 ms 
195753     DEBUG Test worker     d.u.i.k.n.KeyIO           MODE: 2nd degree decls took 0 
195753     DEBUG Test worker     d.u.i.k.n.KeyIO           MODE: taclets took 0ms 
196588     WARN  Test worker     d.u.i.k.n.ParsingFacade   <unknown> took 0 ms to parse. 
196588     WARN  Test worker     d.u.i.k.n.ParsingFacade   Parsing time 1015 ms. 
196588     INFO  Test worker     d.u.i.k.n.KeyIO           Parsing took 0 ms 
196588     DEBUG Test worker     d.u.i.k.n.KeyIO           Load declarations of de.uka.ilkd.key.nparser.KeyAst$File:  <unknown>:1#1 
196588     INFO  Test worker     d.u.i.k.n.KeyIO           MODE: declarations took 0 ms 
196588     DEBUG Test worker     d.u.i.k.n.KeyIO           MODE: 2nd degree decls took 0 
196588     DEBUG Test worker     d.u.i.k.n.KeyIO           MODE: taclets took 0ms 
197370     WARN  Test worker     d.u.i.k.n.ParsingFacade   <unknown> took 0 ms to parse. 
197370     WARN  Test worker     d.u.i.k.n.ParsingFacade   Parsing time 1015 ms. 
197370     INFO  Test worker     d.u.i.k.n.KeyIO           Parsing took 0 ms 
197370     DEBUG Test worker     d.u.i.k.n.KeyIO           Load declarations of de.uka.ilkd.key.nparser.KeyAst$File:  <unknown>:1#1 
197370     INFO  Test worker     d.u.i.k.n.KeyIO           MODE: declarations took 0 ms 
197370     DEBUG Test worker     d.u.i.k.n.KeyIO           MODE: 2nd degree decls took 0 
197370     DEBUG Test worker     d.u.i.k.n.KeyIO           MODE: taclets took 0ms 
198214     WARN  Test worker     d.u.i.k.n.ParsingFacade   <unknown> took 0 ms to parse. 
198214     WARN  Test worker     d.u.i.k.n.ParsingFacade   Parsing time 1015 ms. 
198214     INFO  Test worker     d.u.i.k.n.KeyIO           Parsing took 0 ms 
198214     DEBUG Test worker     d.u.i.k.n.KeyIO           Load declarations of de.uka.ilkd.key.nparser.KeyAst$File:  <unknown>:1#1 
198214     INFO  Test worker     d.u.i.k.n.KeyIO           MODE: declarations took 0 ms 
198214     DEBUG Test worker     d.u.i.k.n.KeyIO           MODE: 2nd degree decls took 0 
198214     DEBUG Test worker     d.u.i.k.n.KeyIO           MODE: taclets took 0ms 
199050     WARN  Test worker     d.u.i.k.n.ParsingFacade   <unknown> took 0 ms to parse. 
199050     WARN  Test worker     d.u.i.k.n.ParsingFacade   Parsing time 1015 ms. 
199050     INFO  Test worker     d.u.i.k.n.KeyIO           Parsing took 0 ms 
199050     DEBUG Test worker     d.u.i.k.n.KeyIO           Load declarations of de.uka.ilkd.key.nparser.KeyAst$File:  <unknown>:1#1 
199050     INFO  Test worker     d.u.i.k.n.KeyIO           MODE: declarations took 0 ms 
199050     DEBUG Test worker     d.u.i.k.n.KeyIO           MODE: 2nd degree decls took 0 
199050     DEBUG Test worker     d.u.i.k.n.KeyIO           MODE: taclets took 0ms 
199862     WARN  Test worker     d.u.i.k.n.ParsingFacade   <unknown> took 0 ms to parse. 
199862     WARN  Test worker     d.u.i.k.n.ParsingFacade   Parsing time 1015 ms. 
199862     INFO  Test worker     d.u.i.k.n.KeyIO           Parsing took 0 ms 
199862     DEBUG Test worker     d.u.i.k.n.KeyIO           Load declarations of de.uka.ilkd.key.nparser.KeyAst$File:  <unknown>:1#1 
199862     INFO  Test worker     d.u.i.k.n.KeyIO           MODE: declarations took 0 ms 
199862     DEBUG Test worker     d.u.i.k.n.KeyIO           MODE: 2nd degree decls took 0 
199862     DEBUG Test worker     d.u.i.k.n.KeyIO           MODE: taclets took 0ms 
200729     WARN  Test worker     d.u.i.k.n.ParsingFacade   <unknown> took 0 ms to parse. 
200729     WARN  Test worker     d.u.i.k.n.ParsingFacade   Parsing time 1015 ms. 
200729     INFO  Test worker     d.u.i.k.n.KeyIO           Parsing took 0 ms 
200729     DEBUG Test worker     d.u.i.k.n.KeyIO           Load declarations of de.uka.ilkd.key.nparser.KeyAst$File:  <unknown>:1#1 
200729     INFO  Test worker     d.u.i.k.n.KeyIO           MODE: declarations took 0 ms 
200729     DEBUG Test worker     d.u.i.k.n.KeyIO           MODE: 2nd degree decls took 0 
200729     DEBUG Test worker     d.u.i.k.n.KeyIO           MODE: taclets took 0ms 
201565     WARN  Test worker     d.u.i.k.n.ParsingFacade   <unknown> took 0 ms to parse. 
201565     WARN  Test worker     d.u.i.k.n.ParsingFacade   Parsing time 1015 ms. 
201565     INFO  Test worker     d.u.i.k.n.KeyIO           Parsing took 0 ms 
201565     DEBUG Test worker     d.u.i.k.n.KeyIO           Load declarations of de.uka.ilkd.key.nparser.KeyAst$File:  <unknown>:1#1 
201565     INFO  Test worker     d.u.i.k.n.KeyIO           MODE: declarations took 0 ms 
201565     DEBUG Test worker     d.u.i.k.n.KeyIO           MODE: 2nd degree decls took 0 
201565     DEBUG Test worker     d.u.i.k.n.KeyIO           MODE: taclets took 0ms 
]]></system-out>
  <system-err><![CDATA[]]></system-err>
</testsuite>
