<?xml version="1.0" encoding="UTF-8"?>
<testsuite name="de.uka.ilkd.key.util.TestMiscTools" tests="9" skipped="0" failures="0" errors="0" timestamp="2023-05-27T16:59:01" hostname="fv-az252-451" time="0.105">
  <properties/>
  <testcase name="testMakeFilenameRelativeWindows()" classname="de.uka.ilkd.key.util.TestMiscTools" time="0.001"/>
  <testcase name="testDisectFilenameWindows()" classname="de.uka.ilkd.key.util.TestMiscTools" time="0.0"/>
  <testcase name="testDisectFilenameUnix()" classname="de.uka.ilkd.key.util.TestMiscTools" time="0.0"/>
  <testcase name="testIsJMLComment()" classname="de.uka.ilkd.key.util.TestMiscTools" time="0.0"/>
  <testcase name="testContainsWholeWord()" classname="de.uka.ilkd.key.util.TestMiscTools" time="0.001"/>
  <testcase name="testExtractURI()" classname="de.uka.ilkd.key.util.TestMiscTools" time="0.009"/>
  <testcase name="testMakeFilenameRelativeUnix()" classname="de.uka.ilkd.key.util.TestMiscTools" time="0.0"/>
  <testcase name="testToValidFileName()" classname="de.uka.ilkd.key.util.TestMiscTools" time="0.0"/>
  <testcase name="testTryParseURL()" classname="de.uka.ilkd.key.util.TestMiscTools" time="0.091"/>
  <system-out><![CDATA[]]></system-out>
  <system-err><![CDATA[]]></system-err>
</testsuite>
