<?xml version="1.0" encoding="UTF-8"?>
<testsuite name="de.uka.ilkd.key.proof.TestTacletIndex" tests="5" skipped="1" failures="0" errors="0" timestamp="2023-05-27T16:53:19" hostname="fv-az252-451" time="0.811">
  <properties/>
  <testcase name="testShownIfHeuristicFits()" classname="de.uka.ilkd.key.proof.TestTacletIndex" time="0.799"/>
  <testcase name="testMatchConflictOccurs()" classname="de.uka.ilkd.key.proof.TestTacletIndex" time="0.002"/>
  <testcase name="testNoMatchingFindRule()" classname="de.uka.ilkd.key.proof.TestTacletIndex" time="0.002"/>
  <testcase name="disabled_testNonInteractiveIsShownOnlyIfHeuristicIsMissed()" classname="de.uka.ilkd.key.proof.TestTacletIndex" time="0.0">
    <skipped/>
  </testcase>
  <testcase name="testNotFreeInYConflict()" classname="de.uka.ilkd.key.proof.TestTacletIndex" time="0.007"/>
  <system-out><![CDATA[381906     WARN  Test worker     d.u.i.k.n.ParsingFacade   file:/D:/a/key/key/key.core/build/resources/main/de/uka/ilkd/key/proof/rules/ldt.key took 0 ms to parse. 
381906     WARN  Test worker     d.u.i.k.n.ParsingFacade   Parsing time 1328 ms. 
381906     WARN  Test worker     d.u.i.k.n.ParsingFacade   file:/D:/a/key/key/key.core/build/resources/main/de/uka/ilkd/key/proof/rules/boolean.key took 0 ms to parse. 
381906     WARN  Test worker     d.u.i.k.n.ParsingFacade   Parsing time 1328 ms. 
381906     WARN  Test worker     d.u.i.k.n.ParsingFacade   file:/D:/a/key/key/key.core/build/resources/main/de/uka/ilkd/key/proof/rules/ruleSetsDeclarations.key took 0 ms to parse. 
381906     WARN  Test worker     d.u.i.k.n.ParsingFacade   Parsing time 1328 ms. 
381906     WARN  Test worker     d.u.i.k.n.ParsingFacade   file:/D:/a/key/key/key.core/build/resources/main/de/uka/ilkd/key/proof/rules/integerHeader.key took 0 ms to parse. 
381906     WARN  Test worker     d.u.i.k.n.ParsingFacade   Parsing time 1328 ms. 
381906     WARN  Test worker     d.u.i.k.n.ParsingFacade   file:/D:/a/key/key/key.core/build/resources/main/de/uka/ilkd/key/proof/rules/floatHeader.key took 0 ms to parse. 
381906     WARN  Test worker     d.u.i.k.n.ParsingFacade   Parsing time 1328 ms. 
381906     WARN  Test worker     d.u.i.k.n.ParsingFacade   file:/D:/a/key/key/key.core/build/resources/main/de/uka/ilkd/key/proof/rules/heap.key took 0 ms to parse. 
381906     WARN  Test worker     d.u.i.k.n.ParsingFacade   Parsing time 1328 ms. 
381906     WARN  Test worker     d.u.i.k.n.ParsingFacade   file:/D:/a/key/key/key.core/build/resources/main/de/uka/ilkd/key/proof/rules/locSets.key took 0 ms to parse. 
381906     WARN  Test worker     d.u.i.k.n.ParsingFacade   Parsing time 1328 ms. 
381921     WARN  Test worker     d.u.i.k.n.ParsingFacade   file:/D:/a/key/key/key.core/build/resources/main/de/uka/ilkd/key/proof/rules/permission.key took 0 ms to parse. 
381921     WARN  Test worker     d.u.i.k.n.ParsingFacade   Parsing time 1328 ms. 
381921     WARN  Test worker     d.u.i.k.n.ParsingFacade   file:/D:/a/key/key/key.core/build/resources/main/de/uka/ilkd/key/proof/rules/reach.key took 0 ms to parse. 
381921     WARN  Test worker     d.u.i.k.n.ParsingFacade   Parsing time 1328 ms. 
381921     WARN  Test worker     d.u.i.k.n.ParsingFacade   file:/D:/a/key/key/key.core/build/resources/main/de/uka/ilkd/key/proof/rules/seq.key took 0 ms to parse. 
381921     WARN  Test worker     d.u.i.k.n.ParsingFacade   Parsing time 1328 ms. 
381921     WARN  Test worker     d.u.i.k.n.ParsingFacade   file:/D:/a/key/key/key.core/build/resources/main/de/uka/ilkd/key/proof/rules/map.key took 0 ms to parse. 
381921     WARN  Test worker     d.u.i.k.n.ParsingFacade   Parsing time 1328 ms. 
381921     WARN  Test worker     d.u.i.k.n.ParsingFacade   file:/D:/a/key/key/key.core/build/resources/main/de/uka/ilkd/key/proof/rules/freeADT.key took 0 ms to parse. 
381921     WARN  Test worker     d.u.i.k.n.ParsingFacade   Parsing time 1328 ms. 
381921     WARN  Test worker     d.u.i.k.n.ParsingFacade   file:/D:/a/key/key/key.core/build/resources/main/de/uka/ilkd/key/proof/rules/wellfound.key took 0 ms to parse. 
381921     WARN  Test worker     d.u.i.k.n.ParsingFacade   Parsing time 1328 ms. 
381921     WARN  Test worker     d.u.i.k.n.ParsingFacade   file:/D:/a/key/key/key.core/build/resources/main/de/uka/ilkd/key/proof/rules/charListHeader.key took 0 ms to parse. 
381921     WARN  Test worker     d.u.i.k.n.ParsingFacade   Parsing time 1328 ms. 
381921     WARN  Test worker     d.u.i.k.n.ParsingFacade   D:\a\key\key\key.core\src\test\resources\testcase\..\de\uka\ilkd\key\proof\ruleForTestTacletIndex.taclet took 0 ms to parse. 
381921     WARN  Test worker     d.u.i.k.n.ParsingFacade   Parsing time 1328 ms. 
382688     WARN  Test worker     d.u.i.k.n.ParsingFacade   D:\a\key\key\key.core\src\test\resources\testcase\..\de\uka\ilkd\key\proof\ruleForTestTacletIndex.taclet took 0 ms to parse. 
382688     WARN  Test worker     d.u.i.k.n.ParsingFacade   Parsing time 1328 ms. 
382688     INFO  Test worker     d.u.i.k.n.KeyIO           Parsing took 0 ms 
382688     DEBUG Test worker     d.u.i.k.n.KeyIO           Load declarations of de.uka.ilkd.key.nparser.KeyAst$File:  D:\a\key\key\key.core\src\test\resources\testcase\..\de\uka\ilkd\key\proof\ruleForTestTacletIndex.taclet:7#1 
382688     INFO  Test worker     d.u.i.k.n.KeyIO           MODE: declarations took 0 ms 
382688     DEBUG Test worker     d.u.i.k.n.KeyIO           MODE: 2nd degree decls took 0 
382703     DEBUG Test worker     d.u.i.k.n.KeyIO           MODE: taclets took 15ms 
]]></system-out>
  <system-err><![CDATA[]]></system-err>
</testsuite>
