<?xml version="1.0" encoding="UTF-8"?>
<testsuite name="de.uka.ilkd.key.java.TestContextStatementBlock" tests="1" skipped="0" failures="0" errors="0" timestamp="2023-05-27T16:47:20" hostname="fv-az252-451" time="1.151">
  <properties/>
  <testcase name="testContextTermInstantiation()" classname="de.uka.ilkd.key.java.TestContextStatementBlock" time="1.151"/>
  <system-out><![CDATA[23367      WARN  Test worker     d.u.i.k.n.ParsingFacade   file:/D:/a/key/key/key.core/build/resources/main/de/uka/ilkd/key/proof/rules/ldt.key took 0 ms to parse. 
23367      WARN  Test worker     d.u.i.k.n.ParsingFacade   Parsing time 147 ms. 
23367      WARN  Test worker     d.u.i.k.n.ParsingFacade   file:/D:/a/key/key/key.core/build/resources/main/de/uka/ilkd/key/proof/rules/boolean.key took 0 ms to parse. 
23367      WARN  Test worker     d.u.i.k.n.ParsingFacade   Parsing time 147 ms. 
23367      WARN  Test worker     d.u.i.k.n.ParsingFacade   file:/D:/a/key/key/key.core/build/resources/main/de/uka/ilkd/key/proof/rules/ruleSetsDeclarations.key took 0 ms to parse. 
23367      WARN  Test worker     d.u.i.k.n.ParsingFacade   Parsing time 147 ms. 
23383      WARN  Test worker     d.u.i.k.n.ParsingFacade   file:/D:/a/key/key/key.core/build/resources/main/de/uka/ilkd/key/proof/rules/integerHeader.key took 0 ms to parse. 
23383      WARN  Test worker     d.u.i.k.n.ParsingFacade   Parsing time 147 ms. 
23383      WARN  Test worker     d.u.i.k.n.ParsingFacade   file:/D:/a/key/key/key.core/build/resources/main/de/uka/ilkd/key/proof/rules/floatHeader.key took 0 ms to parse. 
23383      WARN  Test worker     d.u.i.k.n.ParsingFacade   Parsing time 147 ms. 
23383      WARN  Test worker     d.u.i.k.n.ParsingFacade   file:/D:/a/key/key/key.core/build/resources/main/de/uka/ilkd/key/proof/rules/heap.key took 0 ms to parse. 
23383      WARN  Test worker     d.u.i.k.n.ParsingFacade   Parsing time 147 ms. 
23383      WARN  Test worker     d.u.i.k.n.ParsingFacade   file:/D:/a/key/key/key.core/build/resources/main/de/uka/ilkd/key/proof/rules/locSets.key took 0 ms to parse. 
23383      WARN  Test worker     d.u.i.k.n.ParsingFacade   Parsing time 147 ms. 
23383      WARN  Test worker     d.u.i.k.n.ParsingFacade   file:/D:/a/key/key/key.core/build/resources/main/de/uka/ilkd/key/proof/rules/permission.key took 0 ms to parse. 
23383      WARN  Test worker     d.u.i.k.n.ParsingFacade   Parsing time 147 ms. 
23383      WARN  Test worker     d.u.i.k.n.ParsingFacade   file:/D:/a/key/key/key.core/build/resources/main/de/uka/ilkd/key/proof/rules/reach.key took 0 ms to parse. 
23383      WARN  Test worker     d.u.i.k.n.ParsingFacade   Parsing time 147 ms. 
23383      WARN  Test worker     d.u.i.k.n.ParsingFacade   file:/D:/a/key/key/key.core/build/resources/main/de/uka/ilkd/key/proof/rules/seq.key took 0 ms to parse. 
23383      WARN  Test worker     d.u.i.k.n.ParsingFacade   Parsing time 147 ms. 
23383      WARN  Test worker     d.u.i.k.n.ParsingFacade   file:/D:/a/key/key/key.core/build/resources/main/de/uka/ilkd/key/proof/rules/map.key took 0 ms to parse. 
23383      WARN  Test worker     d.u.i.k.n.ParsingFacade   Parsing time 147 ms. 
23383      WARN  Test worker     d.u.i.k.n.ParsingFacade   file:/D:/a/key/key/key.core/build/resources/main/de/uka/ilkd/key/proof/rules/freeADT.key took 0 ms to parse. 
23383      WARN  Test worker     d.u.i.k.n.ParsingFacade   Parsing time 147 ms. 
23383      WARN  Test worker     d.u.i.k.n.ParsingFacade   file:/D:/a/key/key/key.core/build/resources/main/de/uka/ilkd/key/proof/rules/wellfound.key took 0 ms to parse. 
23383      WARN  Test worker     d.u.i.k.n.ParsingFacade   Parsing time 147 ms. 
23399      WARN  Test worker     d.u.i.k.n.ParsingFacade   file:/D:/a/key/key/key.core/build/resources/main/de/uka/ilkd/key/proof/rules/charListHeader.key took 0 ms to parse. 
23399      WARN  Test worker     d.u.i.k.n.ParsingFacade   Parsing time 147 ms. 
23414      WARN  Test worker     d.u.i.k.n.ParsingFacade   D:\a\key\key\key.core\src\test\resources\testcase\testrules.key took 0 ms to parse. 
23414      WARN  Test worker     d.u.i.k.n.ParsingFacade   Parsing time 147 ms. 
24380      WARN  Test worker     d.u.i.k.n.ParsingFacade   D:\a\key\key\key.core\src\test\resources\testcase\testrules.key took 0 ms to parse. 
24380      WARN  Test worker     d.u.i.k.n.ParsingFacade   Parsing time 147 ms. 
24380      INFO  Test worker     d.u.i.k.n.KeyIO           Parsing took 0 ms 
24380      DEBUG Test worker     d.u.i.k.n.KeyIO           Load declarations of de.uka.ilkd.key.nparser.KeyAst$File:  D:\a\key\key\key.core\src\test\resources\testcase\testrules.key:9#1 
24396      INFO  Test worker     d.u.i.k.n.KeyIO           MODE: declarations took 16 ms 
24396      DEBUG Test worker     d.u.i.k.n.KeyIO           MODE: 2nd degree decls took 0 
24505      DEBUG Test worker     d.u.i.k.n.KeyIO           MODE: taclets took 109ms 
]]></system-out>
  <system-err><![CDATA[]]></system-err>
</testsuite>
