<?xml version="1.0" encoding="UTF-8"?>
<testsuite name="de.uka.ilkd.key.rule.TestMatchTaclet" tests="16" skipped="0" failures="0" errors="0" timestamp="2023-05-27T16:53:35" hostname="fv-az252-451" time="2.521">
  <properties/>
  <testcase name="testProgramMatch4()" classname="de.uka.ilkd.key.rule.TestMatchTaclet" time="2.462"/>
  <testcase name="testWithSubSortsTermSV()" classname="de.uka.ilkd.key.rule.TestMatchTaclet" time="0.0"/>
  <testcase name="testWithSubSortsVariableSV()" classname="de.uka.ilkd.key.rule.TestMatchTaclet" time="0.001"/>
  <testcase name="testUpdateMatch()" classname="de.uka.ilkd.key.rule.TestMatchTaclet" time="0.001"/>
  <testcase name="testBugsThathaveBeenRemoved()" classname="de.uka.ilkd.key.rule.TestMatchTaclet" time="0.004"/>
  <testcase name="testCloseWithBoundRenaming()" classname="de.uka.ilkd.key.rule.TestMatchTaclet" time="0.037"/>
  <testcase name="testInsequentStateRestriction()" classname="de.uka.ilkd.key.rule.TestMatchTaclet" time="0.001"/>
  <testcase name="testPrefixMatching()" classname="de.uka.ilkd.key.rule.TestMatchTaclet" time="0.004"/>
  <testcase name="testNoContextMatching()" classname="de.uka.ilkd.key.rule.TestMatchTaclet" time="0.002"/>
  <testcase name="testRWVarOccursInAddAndIf()" classname="de.uka.ilkd.key.rule.TestMatchTaclet" time="0.001"/>
  <testcase name="testConflict()" classname="de.uka.ilkd.key.rule.TestMatchTaclet" time="0.001"/>
  <testcase name="testProgramMatchEmptyBlock()" classname="de.uka.ilkd.key.rule.TestMatchTaclet" time="0.001"/>
  <testcase name="testRWVarOccursFindAndIf()" classname="de.uka.ilkd.key.rule.TestMatchTaclet" time="0.001"/>
  <testcase name="testXNotFreeInYConflict()" classname="de.uka.ilkd.key.rule.TestMatchTaclet" time="0.0"/>
  <testcase name="testVarOccursInIfAndAddRule()" classname="de.uka.ilkd.key.rule.TestMatchTaclet" time="0.0"/>
  <testcase name="testVarOccursInFindAndAddRule()" classname="de.uka.ilkd.key.rule.TestMatchTaclet" time="0.002"/>
  <system-out><![CDATA[398097     WARN  Test worker     d.u.i.k.n.ParsingFacade   D:\a\key\key\key.core\src\test\resources\testcase\..\de\uka\ilkd\key\rule\testRuleMatch.txt took 0 ms to parse. 
398097     WARN  Test worker     d.u.i.k.n.ParsingFacade   Parsing time 1456 ms. 
400473     WARN  Test worker     d.u.i.k.n.ParsingFacade   D:\a\key\key\key.core\src\test\resources\testcase\..\de\uka\ilkd\key\rule\testRuleMatch.txt took 0 ms to parse. 
400473     WARN  Test worker     d.u.i.k.n.ParsingFacade   Parsing time 1456 ms. 
400473     INFO  Test worker     d.u.i.k.n.KeyIO           Parsing took 0 ms 
400473     DEBUG Test worker     d.u.i.k.n.KeyIO           Load declarations of de.uka.ilkd.key.nparser.KeyAst$File:  D:\a\key\key\key.core\src\test\resources\testcase\..\de\uka\ilkd\key\rule\testRuleMatch.txt:8#1 
400473     INFO  Test worker     d.u.i.k.n.KeyIO           MODE: declarations took 0 ms 
400473     DEBUG Test worker     d.u.i.k.n.KeyIO           MODE: 2nd degree decls took 0 
400551     DEBUG Test worker     d.u.i.k.n.KeyIO           MODE: taclets took 78ms 
]]></system-out>
  <system-err><![CDATA[]]></system-err>
</testsuite>
