<?xml version="1.0" encoding="UTF-8"?>
<testsuite name="de.uka.ilkd.key.rule.TestApplyTaclet" tests="29" skipped="0" failures="0" errors="0" timestamp="2023-05-27T16:53:32" hostname="fv-az252-451" time="2.612">
  <properties/>
  <testcase name="testCatchList()" classname="de.uka.ilkd.key.rule.TestApplyTaclet" time="0.975"/>
  <testcase name="testAntecTacletWithoutIf()" classname="de.uka.ilkd.key.rule.TestApplyTaclet" time="0.057"/>
  <testcase name="testAddExistingFormulaTwoInAntec2()" classname="de.uka.ilkd.key.rule.TestApplyTaclet" time="0.055"/>
  <testcase name="testAddExistingFormulaTwoInAntec()" classname="de.uka.ilkd.key.rule.TestApplyTaclet" time="0.062"/>
  <testcase name="testAddExistingFormulaTwoInSucc2()" classname="de.uka.ilkd.key.rule.TestApplyTaclet" time="0.058"/>
  <testcase name="testTacletWithIf()" classname="de.uka.ilkd.key.rule.TestApplyTaclet" time="0.055"/>
  <testcase name="testRemoveEmptyBlock()" classname="de.uka.ilkd.key.rule.TestApplyTaclet" time="0.062"/>
  <testcase name="testBugBrokenApply()" classname="de.uka.ilkd.key.rule.TestApplyTaclet" time="0.06"/>
  <testcase name="testCompleteContextAddBug()" classname="de.uka.ilkd.key.rule.TestApplyTaclet" time="0.06"/>
  <testcase name="testBugID176()" classname="de.uka.ilkd.key.rule.TestApplyTaclet" time="0.054"/>
  <testcase name="testBugID177()" classname="de.uka.ilkd.key.rule.TestApplyTaclet" time="0.053"/>
  <testcase name="testBugID188()" classname="de.uka.ilkd.key.rule.TestApplyTaclet" time="0.054"/>
  <testcase name="testSuccTacletWithoutIf()" classname="de.uka.ilkd.key.rule.TestApplyTaclet" time="0.055"/>
  <testcase name="testRewriteTacletWithoutIf()" classname="de.uka.ilkd.key.rule.TestApplyTaclet" time="0.055"/>
  <testcase name="testSuccTacletAllRight()" classname="de.uka.ilkd.key.rule.TestApplyTaclet" time="0.057"/>
  <testcase name="testTacletVariableCollector()" classname="de.uka.ilkd.key.rule.TestApplyTaclet" time="0.057"/>
  <testcase name="testIncompleteSuccTacletApp()" classname="de.uka.ilkd.key.rule.TestApplyTaclet" time="0.075"/>
  <testcase name="testAddExistingFormulaSucc()" classname="de.uka.ilkd.key.rule.TestApplyTaclet" time="0.061"/>
  <testcase name="testAddExistingFormulaTwoInSucc()" classname="de.uka.ilkd.key.rule.TestApplyTaclet" time="0.056"/>
  <testcase name="testIncompleteNoFindTacletApp()" classname="de.uka.ilkd.key.rule.TestApplyTaclet" time="0.054"/>
  <testcase name="testNoFindTacletWithoutIf()" classname="de.uka.ilkd.key.rule.TestApplyTaclet" time="0.057"/>
  <testcase name="testModalityLevel0()" classname="de.uka.ilkd.key.rule.TestApplyTaclet" time="0.059"/>
  <testcase name="testModalityLevel1()" classname="de.uka.ilkd.key.rule.TestApplyTaclet" time="0.056"/>
  <testcase name="testModalityLevel2()" classname="de.uka.ilkd.key.rule.TestApplyTaclet" time="0.056"/>
  <testcase name="testContextAdding()" classname="de.uka.ilkd.key.rule.TestApplyTaclet" time="0.06"/>
  <testcase name="testAddingRule()" classname="de.uka.ilkd.key.rule.TestApplyTaclet" time="0.064"/>
  <testcase name="testBugEmptyBlock()" classname="de.uka.ilkd.key.rule.TestApplyTaclet" time="0.058"/>
  <testcase name="testAddExistingFormulaAntec()" classname="de.uka.ilkd.key.rule.TestApplyTaclet" time="0.058"/>
  <testcase name="testPrgTacletApp()" classname="de.uka.ilkd.key.rule.TestApplyTaclet" time="0.058"/>
  <system-out><![CDATA[395445     WARN  Test worker     d.u.i.k.n.ParsingFacade   file:/D:/a/key/key/key.core/build/resources/main/de/uka/ilkd/key/proof/rules/ldt.key took 0 ms to parse. 
395445     WARN  Test worker     d.u.i.k.n.ParsingFacade   Parsing time 1440 ms. 
395445     WARN  Test worker     d.u.i.k.n.ParsingFacade   file:/D:/a/key/key/key.core/build/resources/main/de/uka/ilkd/key/proof/rules/boolean.key took 0 ms to parse. 
395445     WARN  Test worker     d.u.i.k.n.ParsingFacade   Parsing time 1440 ms. 
395445     WARN  Test worker     d.u.i.k.n.ParsingFacade   file:/D:/a/key/key/key.core/build/resources/main/de/uka/ilkd/key/proof/rules/ruleSetsDeclarations.key took 0 ms to parse. 
395445     WARN  Test worker     d.u.i.k.n.ParsingFacade   Parsing time 1440 ms. 
395460     WARN  Test worker     d.u.i.k.n.ParsingFacade   file:/D:/a/key/key/key.core/build/resources/main/de/uka/ilkd/key/proof/rules/integerHeader.key took 0 ms to parse. 
395460     WARN  Test worker     d.u.i.k.n.ParsingFacade   Parsing time 1440 ms. 
395460     WARN  Test worker     d.u.i.k.n.ParsingFacade   file:/D:/a/key/key/key.core/build/resources/main/de/uka/ilkd/key/proof/rules/floatHeader.key took 0 ms to parse. 
395460     WARN  Test worker     d.u.i.k.n.ParsingFacade   Parsing time 1440 ms. 
395460     WARN  Test worker     d.u.i.k.n.ParsingFacade   file:/D:/a/key/key/key.core/build/resources/main/de/uka/ilkd/key/proof/rules/heap.key took 0 ms to parse. 
395460     WARN  Test worker     d.u.i.k.n.ParsingFacade   Parsing time 1440 ms. 
395460     WARN  Test worker     d.u.i.k.n.ParsingFacade   file:/D:/a/key/key/key.core/build/resources/main/de/uka/ilkd/key/proof/rules/locSets.key took 0 ms to parse. 
395460     WARN  Test worker     d.u.i.k.n.ParsingFacade   Parsing time 1440 ms. 
395460     WARN  Test worker     d.u.i.k.n.ParsingFacade   file:/D:/a/key/key/key.core/build/resources/main/de/uka/ilkd/key/proof/rules/permission.key took 0 ms to parse. 
395460     WARN  Test worker     d.u.i.k.n.ParsingFacade   Parsing time 1440 ms. 
395460     WARN  Test worker     d.u.i.k.n.ParsingFacade   file:/D:/a/key/key/key.core/build/resources/main/de/uka/ilkd/key/proof/rules/reach.key took 0 ms to parse. 
395460     WARN  Test worker     d.u.i.k.n.ParsingFacade   Parsing time 1440 ms. 
395460     WARN  Test worker     d.u.i.k.n.ParsingFacade   file:/D:/a/key/key/key.core/build/resources/main/de/uka/ilkd/key/proof/rules/seq.key took 0 ms to parse. 
395460     WARN  Test worker     d.u.i.k.n.ParsingFacade   Parsing time 1440 ms. 
395460     WARN  Test worker     d.u.i.k.n.ParsingFacade   file:/D:/a/key/key/key.core/build/resources/main/de/uka/ilkd/key/proof/rules/map.key took 0 ms to parse. 
395460     WARN  Test worker     d.u.i.k.n.ParsingFacade   Parsing time 1440 ms. 
395460     WARN  Test worker     d.u.i.k.n.ParsingFacade   file:/D:/a/key/key/key.core/build/resources/main/de/uka/ilkd/key/proof/rules/freeADT.key took 0 ms to parse. 
395460     WARN  Test worker     d.u.i.k.n.ParsingFacade   Parsing time 1440 ms. 
395460     WARN  Test worker     d.u.i.k.n.ParsingFacade   file:/D:/a/key/key/key.core/build/resources/main/de/uka/ilkd/key/proof/rules/wellfound.key took 0 ms to parse. 
395460     WARN  Test worker     d.u.i.k.n.ParsingFacade   Parsing time 1440 ms. 
395460     WARN  Test worker     d.u.i.k.n.ParsingFacade   file:/D:/a/key/key/key.core/build/resources/main/de/uka/ilkd/key/proof/rules/charListHeader.key took 0 ms to parse. 
395460     WARN  Test worker     d.u.i.k.n.ParsingFacade   Parsing time 1440 ms. 
395476     WARN  Test worker     d.u.i.k.n.ParsingFacade   D:\a\key\key\key.core\src\test\resources\testcase\testrules.key took 16 ms to parse. 
395476     WARN  Test worker     d.u.i.k.n.ParsingFacade   Parsing time 1456 ms. 
396315     WARN  Test worker     d.u.i.k.n.ParsingFacade   D:\a\key\key\key.core\src\test\resources\testcase\testrules.key took 0 ms to parse. 
396315     WARN  Test worker     d.u.i.k.n.ParsingFacade   Parsing time 1456 ms. 
396315     INFO  Test worker     d.u.i.k.n.KeyIO           Parsing took 0 ms 
396315     DEBUG Test worker     d.u.i.k.n.KeyIO           Load declarations of de.uka.ilkd.key.nparser.KeyAst$File:  D:\a\key\key\key.core\src\test\resources\testcase\testrules.key:9#1 
396315     INFO  Test worker     d.u.i.k.n.KeyIO           MODE: declarations took 0 ms 
396315     DEBUG Test worker     d.u.i.k.n.KeyIO           MODE: 2nd degree decls took 0 
396347     DEBUG Test worker     d.u.i.k.n.KeyIO           MODE: taclets took 32ms 
]]></system-out>
  <system-err><![CDATA[]]></system-err>
</testsuite>
