<?xml version="1.0" encoding="UTF-8"?>
<testsuite name="de.uka.ilkd.key.logic.TestTermBuilder" tests="6" skipped="0" failures="0" errors="0" timestamp="2023-05-27T16:48:23" hostname="fv-az252-451" time="15.1">
  <properties/>
  <testcase name="testNumberIsVeryBigPositiveInteger()" classname="de.uka.ilkd.key.logic.TestTermBuilder" time="2.58"/>
  <testcase name="testNumberIsVerySmallNegativeInteger()" classname="de.uka.ilkd.key.logic.TestTermBuilder" time="2.49"/>
  <testcase name="testDoubleLongPatterns()" classname="de.uka.ilkd.key.logic.TestTermBuilder" time="2.562"/>
  <testcase name="testFloatPatterns()" classname="de.uka.ilkd.key.logic.TestTermBuilder" time="2.491"/>
  <testcase name="testNumberIsPositiveInt()" classname="de.uka.ilkd.key.logic.TestTermBuilder" time="2.494"/>
  <testcase name="testNumberIsNegativeInt()" classname="de.uka.ilkd.key.logic.TestTermBuilder" time="2.479"/>
  <system-out><![CDATA[85955      WARN  Test worker     d.u.i.k.n.ParsingFacade   file:/D:/a/key/key/key.core/build/resources/main/de/uka/ilkd/key/proof/rules/ldt.key took 0 ms to parse. 
85955      WARN  Test worker     d.u.i.k.n.ParsingFacade   Parsing time 352 ms. 
85955      WARN  Test worker     d.u.i.k.n.ParsingFacade   file:/D:/a/key/key/key.core/build/resources/main/de/uka/ilkd/key/proof/rules/boolean.key took 0 ms to parse. 
85955      WARN  Test worker     d.u.i.k.n.ParsingFacade   Parsing time 352 ms. 
85955      WARN  Test worker     d.u.i.k.n.ParsingFacade   file:/D:/a/key/key/key.core/build/resources/main/de/uka/ilkd/key/proof/rules/ruleSetsDeclarations.key took 0 ms to parse. 
85955      WARN  Test worker     d.u.i.k.n.ParsingFacade   Parsing time 352 ms. 
85971      WARN  Test worker     d.u.i.k.n.ParsingFacade   file:/D:/a/key/key/key.core/build/resources/main/de/uka/ilkd/key/proof/rules/integerHeader.key took 0 ms to parse. 
85971      WARN  Test worker     d.u.i.k.n.ParsingFacade   Parsing time 352 ms. 
85971      WARN  Test worker     d.u.i.k.n.ParsingFacade   file:/D:/a/key/key/key.core/build/resources/main/de/uka/ilkd/key/proof/rules/floatHeader.key took 0 ms to parse. 
85971      WARN  Test worker     d.u.i.k.n.ParsingFacade   Parsing time 352 ms. 
85971      WARN  Test worker     d.u.i.k.n.ParsingFacade   file:/D:/a/key/key/key.core/build/resources/main/de/uka/ilkd/key/proof/rules/heap.key took 0 ms to parse. 
85971      WARN  Test worker     d.u.i.k.n.ParsingFacade   Parsing time 352 ms. 
85971      WARN  Test worker     d.u.i.k.n.ParsingFacade   file:/D:/a/key/key/key.core/build/resources/main/de/uka/ilkd/key/proof/rules/locSets.key took 0 ms to parse. 
85971      WARN  Test worker     d.u.i.k.n.ParsingFacade   Parsing time 352 ms. 
85971      WARN  Test worker     d.u.i.k.n.ParsingFacade   file:/D:/a/key/key/key.core/build/resources/main/de/uka/ilkd/key/proof/rules/permission.key took 0 ms to parse. 
85971      WARN  Test worker     d.u.i.k.n.ParsingFacade   Parsing time 352 ms. 
85971      WARN  Test worker     d.u.i.k.n.ParsingFacade   file:/D:/a/key/key/key.core/build/resources/main/de/uka/ilkd/key/proof/rules/reach.key took 0 ms to parse. 
85971      WARN  Test worker     d.u.i.k.n.ParsingFacade   Parsing time 352 ms. 
85971      WARN  Test worker     d.u.i.k.n.ParsingFacade   file:/D:/a/key/key/key.core/build/resources/main/de/uka/ilkd/key/proof/rules/seq.key took 0 ms to parse. 
85971      WARN  Test worker     d.u.i.k.n.ParsingFacade   Parsing time 352 ms. 
85971      WARN  Test worker     d.u.i.k.n.ParsingFacade   file:/D:/a/key/key/key.core/build/resources/main/de/uka/ilkd/key/proof/rules/map.key took 0 ms to parse. 
85971      WARN  Test worker     d.u.i.k.n.ParsingFacade   Parsing time 352 ms. 
85971      WARN  Test worker     d.u.i.k.n.ParsingFacade   file:/D:/a/key/key/key.core/build/resources/main/de/uka/ilkd/key/proof/rules/freeADT.key took 0 ms to parse. 
85971      WARN  Test worker     d.u.i.k.n.ParsingFacade   Parsing time 352 ms. 
85971      WARN  Test worker     d.u.i.k.n.ParsingFacade   file:/D:/a/key/key/key.core/build/resources/main/de/uka/ilkd/key/proof/rules/wellfound.key took 0 ms to parse. 
85971      WARN  Test worker     d.u.i.k.n.ParsingFacade   Parsing time 352 ms. 
85971      WARN  Test worker     d.u.i.k.n.ParsingFacade   file:/D:/a/key/key/key.core/build/resources/main/de/uka/ilkd/key/proof/rules/charListHeader.key took 0 ms to parse. 
85971      WARN  Test worker     d.u.i.k.n.ParsingFacade   Parsing time 352 ms. 
85986      WARN  Test worker     d.u.i.k.n.ParsingFacade   D:\a\key\key\key.core\src\test\resources\testcase\javainfo\testJavaInfo.key took 0 ms to parse. 
85986      WARN  Test worker     d.u.i.k.n.ParsingFacade   Parsing time 352 ms. 
86868      WARN  Test worker     d.u.i.k.n.ParsingFacade   file:/D:/a/key/key/key.core/build/resources/main/de/uka/ilkd/key/java/JavaRedux/java/lang/String.key took 0 ms to parse. 
86868      WARN  Test worker     d.u.i.k.n.ParsingFacade   Parsing time 352 ms. 
88536      WARN  Test worker     d.u.i.k.n.ParsingFacade   D:\a\key\key\key.core\src\test\resources\testcase\javainfo\testJavaInfo.key took 0 ms to parse. 
88536      WARN  Test worker     d.u.i.k.n.ParsingFacade   Parsing time 352 ms. 
89349      WARN  Test worker     d.u.i.k.n.ParsingFacade   file:/D:/a/key/key/key.core/build/resources/main/de/uka/ilkd/key/java/JavaRedux/java/lang/String.key took 0 ms to parse. 
89349      WARN  Test worker     d.u.i.k.n.ParsingFacade   Parsing time 352 ms. 
91039      WARN  Test worker     d.u.i.k.n.ParsingFacade   D:\a\key\key\key.core\src\test\resources\testcase\javainfo\testJavaInfo.key took 0 ms to parse. 
91039      WARN  Test worker     d.u.i.k.n.ParsingFacade   Parsing time 352 ms. 
91861      WARN  Test worker     d.u.i.k.n.ParsingFacade   file:/D:/a/key/key/key.core/build/resources/main/de/uka/ilkd/key/java/JavaRedux/java/lang/String.key took 0 ms to parse. 
91861      WARN  Test worker     d.u.i.k.n.ParsingFacade   Parsing time 352 ms. 
93594      WARN  Test worker     d.u.i.k.n.ParsingFacade   D:\a\key\key\key.core\src\test\resources\testcase\javainfo\testJavaInfo.key took 0 ms to parse. 
93594      WARN  Test worker     d.u.i.k.n.ParsingFacade   Parsing time 352 ms. 
94401      WARN  Test worker     d.u.i.k.n.ParsingFacade   file:/D:/a/key/key/key.core/build/resources/main/de/uka/ilkd/key/java/JavaRedux/java/lang/String.key took 0 ms to parse. 
94401      WARN  Test worker     d.u.i.k.n.ParsingFacade   Parsing time 352 ms. 
96093      WARN  Test worker     d.u.i.k.n.ParsingFacade   D:\a\key\key\key.core\src\test\resources\testcase\javainfo\testJavaInfo.key took 0 ms to parse. 
96093      WARN  Test worker     d.u.i.k.n.ParsingFacade   Parsing time 352 ms. 
96874      WARN  Test worker     d.u.i.k.n.ParsingFacade   file:/D:/a/key/key/key.core/build/resources/main/de/uka/ilkd/key/java/JavaRedux/java/lang/String.key took 0 ms to parse. 
96874      WARN  Test worker     d.u.i.k.n.ParsingFacade   Parsing time 352 ms. 
98587      WARN  Test worker     d.u.i.k.n.ParsingFacade   D:\a\key\key\key.core\src\test\resources\testcase\javainfo\testJavaInfo.key took 0 ms to parse. 
98587      WARN  Test worker     d.u.i.k.n.ParsingFacade   Parsing time 352 ms. 
99379      WARN  Test worker     d.u.i.k.n.ParsingFacade   file:/D:/a/key/key/key.core/build/resources/main/de/uka/ilkd/key/java/JavaRedux/java/lang/String.key took 0 ms to parse. 
99379      WARN  Test worker     d.u.i.k.n.ParsingFacade   Parsing time 352 ms. 
]]></system-out>
  <system-err><![CDATA[]]></system-err>
</testsuite>
