<?xml version="1.0" encoding="UTF-8"?>
<testsuite name="de.uka.ilkd.key.speclang.ContractFactoryTest" tests="3" skipped="0" failures="0" errors="0" timestamp="2023-05-27T16:58:15" hostname="fv-az252-451" time="7.648">
  <properties/>
  <testcase name="testCombineDifferentAssignable()" classname="de.uka.ilkd.key.speclang.ContractFactoryTest" time="2.599"/>
  <testcase name="testCombineEmptyAssignable()" classname="de.uka.ilkd.key.speclang.ContractFactoryTest" time="2.508"/>
  <testcase name="testCombineEqualAssignable()" classname="de.uka.ilkd.key.speclang.ContractFactoryTest" time="2.541"/>
  <system-out><![CDATA[678434     WARN  Test worker     d.u.i.k.n.ParsingFacade   file:/D:/a/key/key/key.core/build/resources/main/de/uka/ilkd/key/proof/rules/ldt.key took 0 ms to parse. 
678434     WARN  Test worker     d.u.i.k.n.ParsingFacade   Parsing time 1901 ms. 
678436     WARN  Test worker     d.u.i.k.n.ParsingFacade   file:/D:/a/key/key/key.core/build/resources/main/de/uka/ilkd/key/proof/rules/boolean.key took 0 ms to parse. 
678436     WARN  Test worker     d.u.i.k.n.ParsingFacade   Parsing time 1901 ms. 
678439     WARN  Test worker     d.u.i.k.n.ParsingFacade   file:/D:/a/key/key/key.core/build/resources/main/de/uka/ilkd/key/proof/rules/ruleSetsDeclarations.key took 1 ms to parse. 
678439     WARN  Test worker     d.u.i.k.n.ParsingFacade   Parsing time 1902 ms. 
678448     WARN  Test worker     d.u.i.k.n.ParsingFacade   file:/D:/a/key/key/key.core/build/resources/main/de/uka/ilkd/key/proof/rules/integerHeader.key took 0 ms to parse. 
678448     WARN  Test worker     d.u.i.k.n.ParsingFacade   Parsing time 1902 ms. 
678449     WARN  Test worker     d.u.i.k.n.ParsingFacade   file:/D:/a/key/key/key.core/build/resources/main/de/uka/ilkd/key/proof/rules/floatHeader.key took 0 ms to parse. 
678450     WARN  Test worker     d.u.i.k.n.ParsingFacade   Parsing time 1902 ms. 
678450     WARN  Test worker     d.u.i.k.n.ParsingFacade   file:/D:/a/key/key/key.core/build/resources/main/de/uka/ilkd/key/proof/rules/heap.key took 0 ms to parse. 
678450     WARN  Test worker     d.u.i.k.n.ParsingFacade   Parsing time 1902 ms. 
678450     WARN  Test worker     d.u.i.k.n.ParsingFacade   file:/D:/a/key/key/key.core/build/resources/main/de/uka/ilkd/key/proof/rules/locSets.key took 0 ms to parse. 
678450     WARN  Test worker     d.u.i.k.n.ParsingFacade   Parsing time 1902 ms. 
678450     WARN  Test worker     d.u.i.k.n.ParsingFacade   file:/D:/a/key/key/key.core/build/resources/main/de/uka/ilkd/key/proof/rules/permission.key took 0 ms to parse. 
678450     WARN  Test worker     d.u.i.k.n.ParsingFacade   Parsing time 1902 ms. 
678450     WARN  Test worker     d.u.i.k.n.ParsingFacade   file:/D:/a/key/key/key.core/build/resources/main/de/uka/ilkd/key/proof/rules/reach.key took 0 ms to parse. 
678450     WARN  Test worker     d.u.i.k.n.ParsingFacade   Parsing time 1902 ms. 
678450     WARN  Test worker     d.u.i.k.n.ParsingFacade   file:/D:/a/key/key/key.core/build/resources/main/de/uka/ilkd/key/proof/rules/seq.key took 0 ms to parse. 
678450     WARN  Test worker     d.u.i.k.n.ParsingFacade   Parsing time 1902 ms. 
678450     WARN  Test worker     d.u.i.k.n.ParsingFacade   file:/D:/a/key/key/key.core/build/resources/main/de/uka/ilkd/key/proof/rules/map.key took 0 ms to parse. 
678450     WARN  Test worker     d.u.i.k.n.ParsingFacade   Parsing time 1902 ms. 
678466     WARN  Test worker     d.u.i.k.n.ParsingFacade   file:/D:/a/key/key/key.core/build/resources/main/de/uka/ilkd/key/proof/rules/freeADT.key took 0 ms to parse. 
678466     WARN  Test worker     d.u.i.k.n.ParsingFacade   Parsing time 1902 ms. 
678466     WARN  Test worker     d.u.i.k.n.ParsingFacade   file:/D:/a/key/key/key.core/build/resources/main/de/uka/ilkd/key/proof/rules/wellfound.key took 0 ms to parse. 
678466     WARN  Test worker     d.u.i.k.n.ParsingFacade   Parsing time 1902 ms. 
678466     WARN  Test worker     d.u.i.k.n.ParsingFacade   file:/D:/a/key/key/key.core/build/resources/main/de/uka/ilkd/key/proof/rules/charListHeader.key took 0 ms to parse. 
678466     WARN  Test worker     d.u.i.k.n.ParsingFacade   Parsing time 1902 ms. 
678481     WARN  Test worker     d.u.i.k.n.ParsingFacade   D:\a\key\key\key.core\src\test\resources\testcase\speclang\testFile.key took 0 ms to parse. 
678481     WARN  Test worker     d.u.i.k.n.ParsingFacade   Parsing time 1902 ms. 
679328     WARN  Test worker     d.u.i.k.n.ParsingFacade   file:/D:/a/key/key/key.core/build/resources/main/de/uka/ilkd/key/java/JavaRedux/java/lang/String.key took 0 ms to parse. 
679328     WARN  Test worker     d.u.i.k.n.ParsingFacade   Parsing time 1902 ms. 
681020     WARN  Test worker     d.u.i.k.n.ParsingFacade   D:\a\key\key\key.core\src\test\resources\testcase\speclang\testFile.key took 0 ms to parse. 
681020     WARN  Test worker     d.u.i.k.n.ParsingFacade   Parsing time 1902 ms. 
681848     WARN  Test worker     d.u.i.k.n.ParsingFacade   file:/D:/a/key/key/key.core/build/resources/main/de/uka/ilkd/key/java/JavaRedux/java/lang/String.key took 0 ms to parse. 
681848     WARN  Test worker     d.u.i.k.n.ParsingFacade   Parsing time 1902 ms. 
683525     WARN  Test worker     d.u.i.k.n.ParsingFacade   D:\a\key\key\key.core\src\test\resources\testcase\speclang\testFile.key took 0 ms to parse. 
683525     WARN  Test worker     d.u.i.k.n.ParsingFacade   Parsing time 1902 ms. 
684406     WARN  Test worker     d.u.i.k.n.ParsingFacade   file:/D:/a/key/key/key.core/build/resources/main/de/uka/ilkd/key/java/JavaRedux/java/lang/String.key took 0 ms to parse. 
684406     WARN  Test worker     d.u.i.k.n.ParsingFacade   Parsing time 1902 ms. 
]]></system-out>
  <system-err><![CDATA[]]></system-err>
</testsuite>
