<?xml version="1.0" encoding="UTF-8"?>
<testsuite name="de.uka.ilkd.key.parser.TestTermParserSorts" tests="2" skipped="0" failures="0" errors="0" timestamp="2023-05-27T16:53:13" hostname="fv-az252-451" time="2.5">
  <properties/>
  <testcase name="testParseIntegerArgs()" classname="de.uka.ilkd.key.parser.TestTermParserSorts" time="0.016"/>
  <testcase name="testParseSequencePrettySyntax()" classname="de.uka.ilkd.key.parser.TestTermParserSorts" time="0.002"/>
  <system-out><![CDATA[373518     WARN  Test worker     d.u.i.k.n.ParsingFacade   D:\a\key\key\key.core\src\test\resources\testcase\termParser\parserTest.key took 0 ms to parse. 
373518     WARN  Test worker     d.u.i.k.n.ParsingFacade   Parsing time 1265 ms. 
374363     WARN  Test worker     d.u.i.k.n.ParsingFacade   file:/D:/a/key/key/key.core/build/resources/main/de/uka/ilkd/key/java/JavaRedux/java/lang/String.key took 0 ms to parse. 
374363     WARN  Test worker     d.u.i.k.n.ParsingFacade   Parsing time 1265 ms. 
375988     WARN  Test worker     d.u.i.k.n.ParsingFacade   <unknown> took 0 ms to parse. 
375988     WARN  Test worker     d.u.i.k.n.ParsingFacade   Parsing time 1265 ms. 
376004     INFO  Test worker     d.u.i.k.n.KeyIO           Parsing took 16 ms 
376004     DEBUG Test worker     d.u.i.k.n.KeyIO           Load declarations of de.uka.ilkd.key.nparser.KeyAst$File:  <unknown>:1#1 
376004     INFO  Test worker     d.u.i.k.n.KeyIO           MODE: declarations took 0 ms 
376004     DEBUG Test worker     d.u.i.k.n.KeyIO           MODE: 2nd degree decls took 0 
376004     WARN  Test worker     d.u.i.k.n.ParsingFacade   <unknown> took 0 ms to parse. 
376004     WARN  Test worker     d.u.i.k.n.ParsingFacade   Parsing time 1265 ms. 
376004     INFO  Test worker     d.u.i.k.n.KeyIO           Parsing took 0 ms 
376004     DEBUG Test worker     d.u.i.k.n.KeyIO           Load declarations of de.uka.ilkd.key.nparser.KeyAst$File:  <unknown>:1#1 
376004     INFO  Test worker     d.u.i.k.n.KeyIO           MODE: declarations took 0 ms 
376004     DEBUG Test worker     d.u.i.k.n.KeyIO           MODE: 2nd degree decls took 0 
376004     WARN  Test worker     d.u.i.k.n.ParsingFacade   <unknown> took 0 ms to parse. 
376004     WARN  Test worker     d.u.i.k.n.ParsingFacade   Parsing time 1265 ms. 
376004     INFO  Test worker     d.u.i.k.n.KeyIO           Parsing took 0 ms 
376004     DEBUG Test worker     d.u.i.k.n.KeyIO           Load declarations of de.uka.ilkd.key.nparser.KeyAst$File:  <unknown>:1#1 
376004     INFO  Test worker     d.u.i.k.n.KeyIO           MODE: declarations took 0 ms 
376004     DEBUG Test worker     d.u.i.k.n.KeyIO           MODE: 2nd degree decls took 0 
376019     WARN  Test worker     d.u.i.k.n.ParsingFacade   D:\a\key\key\key.core\src\test\resources\testcase\termParser\parserTest.key took 0 ms to parse. 
376019     WARN  Test worker     d.u.i.k.n.ParsingFacade   Parsing time 1265 ms. 
376848     WARN  Test worker     d.u.i.k.n.ParsingFacade   file:/D:/a/key/key/key.core/build/resources/main/de/uka/ilkd/key/java/JavaRedux/java/lang/String.key took 0 ms to parse. 
376848     WARN  Test worker     d.u.i.k.n.ParsingFacade   Parsing time 1265 ms. 
378485     WARN  Test worker     d.u.i.k.n.ParsingFacade   <unknown> took 0 ms to parse. 
378485     WARN  Test worker     d.u.i.k.n.ParsingFacade   Parsing time 1265 ms. 
378485     INFO  Test worker     d.u.i.k.n.KeyIO           Parsing took 0 ms 
378485     DEBUG Test worker     d.u.i.k.n.KeyIO           Load declarations of de.uka.ilkd.key.nparser.KeyAst$File:  <unknown>:1#1 
378485     INFO  Test worker     d.u.i.k.n.KeyIO           MODE: declarations took 0 ms 
378485     DEBUG Test worker     d.u.i.k.n.KeyIO           MODE: 2nd degree decls took 0 
378485     WARN  Test worker     d.u.i.k.n.ParsingFacade   <unknown> took 0 ms to parse. 
378485     WARN  Test worker     d.u.i.k.n.ParsingFacade   Parsing time 1265 ms. 
378485     INFO  Test worker     d.u.i.k.n.KeyIO           Parsing took 0 ms 
378485     DEBUG Test worker     d.u.i.k.n.KeyIO           Load declarations of de.uka.ilkd.key.nparser.KeyAst$File:  <unknown>:1#1 
378485     INFO  Test worker     d.u.i.k.n.KeyIO           MODE: declarations took 0 ms 
378485     DEBUG Test worker     d.u.i.k.n.KeyIO           MODE: 2nd degree decls took 0 
378485     WARN  Test worker     d.u.i.k.n.ParsingFacade   <unknown> took 0 ms to parse. 
378485     WARN  Test worker     d.u.i.k.n.ParsingFacade   Parsing time 1265 ms. 
378485     INFO  Test worker     d.u.i.k.n.KeyIO           Parsing took 0 ms 
378485     DEBUG Test worker     d.u.i.k.n.KeyIO           Load declarations of de.uka.ilkd.key.nparser.KeyAst$File:  <unknown>:1#1 
378485     INFO  Test worker     d.u.i.k.n.KeyIO           MODE: declarations took 0 ms 
378485     DEBUG Test worker     d.u.i.k.n.KeyIO           MODE: 2nd degree decls took 0 
]]></system-out>
  <system-err><![CDATA[]]></system-err>
</testsuite>
