<?xml version="1.0" encoding="UTF-8"?>
<testsuite name="de.uka.ilkd.key.rule.match.legacy.TestLegacyTacletMatch" tests="4" skipped="0" failures="0" errors="0" timestamp="2023-05-27T16:53:43" hostname="fv-az252-451" time="0.831">
  <properties/>
  <testcase name="testProgramMatch0()" classname="de.uka.ilkd.key.rule.match.legacy.TestLegacyTacletMatch" time="0.828"/>
  <testcase name="testProgramMatch1()" classname="de.uka.ilkd.key.rule.match.legacy.TestLegacyTacletMatch" time="0.001"/>
  <testcase name="testProgramMatch2()" classname="de.uka.ilkd.key.rule.match.legacy.TestLegacyTacletMatch" time="0.001"/>
  <testcase name="testStatementListMatch()" classname="de.uka.ilkd.key.rule.match.legacy.TestLegacyTacletMatch" time="0.001"/>
  <system-out><![CDATA[405814     WARN  Test worker     d.u.i.k.n.ParsingFacade   file:/D:/a/key/key/key.core/build/resources/main/de/uka/ilkd/key/proof/rules/ldt.key took 0 ms to parse. 
405814     WARN  Test worker     d.u.i.k.n.ParsingFacade   Parsing time 1507 ms. 
405814     WARN  Test worker     d.u.i.k.n.ParsingFacade   file:/D:/a/key/key/key.core/build/resources/main/de/uka/ilkd/key/proof/rules/boolean.key took 0 ms to parse. 
405814     WARN  Test worker     d.u.i.k.n.ParsingFacade   Parsing time 1507 ms. 
405830     WARN  Test worker     d.u.i.k.n.ParsingFacade   file:/D:/a/key/key/key.core/build/resources/main/de/uka/ilkd/key/proof/rules/ruleSetsDeclarations.key took 16 ms to parse. 
405830     WARN  Test worker     d.u.i.k.n.ParsingFacade   Parsing time 1523 ms. 
405830     WARN  Test worker     d.u.i.k.n.ParsingFacade   file:/D:/a/key/key/key.core/build/resources/main/de/uka/ilkd/key/proof/rules/integerHeader.key took 0 ms to parse. 
405830     WARN  Test worker     d.u.i.k.n.ParsingFacade   Parsing time 1523 ms. 
405830     WARN  Test worker     d.u.i.k.n.ParsingFacade   file:/D:/a/key/key/key.core/build/resources/main/de/uka/ilkd/key/proof/rules/floatHeader.key took 0 ms to parse. 
405830     WARN  Test worker     d.u.i.k.n.ParsingFacade   Parsing time 1523 ms. 
405830     WARN  Test worker     d.u.i.k.n.ParsingFacade   file:/D:/a/key/key/key.core/build/resources/main/de/uka/ilkd/key/proof/rules/heap.key took 0 ms to parse. 
405830     WARN  Test worker     d.u.i.k.n.ParsingFacade   Parsing time 1523 ms. 
405830     WARN  Test worker     d.u.i.k.n.ParsingFacade   file:/D:/a/key/key/key.core/build/resources/main/de/uka/ilkd/key/proof/rules/locSets.key took 0 ms to parse. 
405830     WARN  Test worker     d.u.i.k.n.ParsingFacade   Parsing time 1523 ms. 
405830     WARN  Test worker     d.u.i.k.n.ParsingFacade   file:/D:/a/key/key/key.core/build/resources/main/de/uka/ilkd/key/proof/rules/permission.key took 0 ms to parse. 
405830     WARN  Test worker     d.u.i.k.n.ParsingFacade   Parsing time 1523 ms. 
405830     WARN  Test worker     d.u.i.k.n.ParsingFacade   file:/D:/a/key/key/key.core/build/resources/main/de/uka/ilkd/key/proof/rules/reach.key took 0 ms to parse. 
405830     WARN  Test worker     d.u.i.k.n.ParsingFacade   Parsing time 1523 ms. 
405830     WARN  Test worker     d.u.i.k.n.ParsingFacade   file:/D:/a/key/key/key.core/build/resources/main/de/uka/ilkd/key/proof/rules/seq.key took 0 ms to parse. 
405830     WARN  Test worker     d.u.i.k.n.ParsingFacade   Parsing time 1523 ms. 
405830     WARN  Test worker     d.u.i.k.n.ParsingFacade   file:/D:/a/key/key/key.core/build/resources/main/de/uka/ilkd/key/proof/rules/map.key took 0 ms to parse. 
405830     WARN  Test worker     d.u.i.k.n.ParsingFacade   Parsing time 1523 ms. 
405830     WARN  Test worker     d.u.i.k.n.ParsingFacade   file:/D:/a/key/key/key.core/build/resources/main/de/uka/ilkd/key/proof/rules/freeADT.key took 0 ms to parse. 
405830     WARN  Test worker     d.u.i.k.n.ParsingFacade   Parsing time 1523 ms. 
405830     WARN  Test worker     d.u.i.k.n.ParsingFacade   file:/D:/a/key/key/key.core/build/resources/main/de/uka/ilkd/key/proof/rules/wellfound.key took 0 ms to parse. 
405830     WARN  Test worker     d.u.i.k.n.ParsingFacade   Parsing time 1523 ms. 
405830     WARN  Test worker     d.u.i.k.n.ParsingFacade   file:/D:/a/key/key/key.core/build/resources/main/de/uka/ilkd/key/proof/rules/charListHeader.key took 0 ms to parse. 
405830     WARN  Test worker     d.u.i.k.n.ParsingFacade   Parsing time 1523 ms. 
405845     WARN  Test worker     d.u.i.k.n.ParsingFacade   D:\a\key\key\key.core\src\test\resources\testcase\..\de\uka\ilkd\key\rule\testRuleMatch.txt took 0 ms to parse. 
405845     WARN  Test worker     d.u.i.k.n.ParsingFacade   Parsing time 1523 ms. 
406621     WARN  Test worker     d.u.i.k.n.ParsingFacade   D:\a\key\key\key.core\src\test\resources\testcase\..\de\uka\ilkd\key\rule\testRuleMatch.txt took 0 ms to parse. 
406621     WARN  Test worker     d.u.i.k.n.ParsingFacade   Parsing time 1523 ms. 
406621     INFO  Test worker     d.u.i.k.n.KeyIO           Parsing took 0 ms 
406621     DEBUG Test worker     d.u.i.k.n.KeyIO           Load declarations of de.uka.ilkd.key.nparser.KeyAst$File:  D:\a\key\key\key.core\src\test\resources\testcase\..\de\uka\ilkd\key\rule\testRuleMatch.txt:8#1 
406621     INFO  Test worker     d.u.i.k.n.KeyIO           MODE: declarations took 0 ms 
406621     DEBUG Test worker     d.u.i.k.n.KeyIO           MODE: 2nd degree decls took 0 
406637     DEBUG Test worker     d.u.i.k.n.KeyIO           MODE: taclets took 16ms 
406637     DEBUG Test worker     d.u.i.k.l.o.ProgramSV     Match failed: Former match of  SchemaVariable incompatible with  the current match. 
406637     DEBUG Test worker     d.u.i.k.r.m.l.TestLegacyTacletMatch %%%%%%%%%%%% 
]]></system-out>
  <system-err><![CDATA[]]></system-err>
</testsuite>
