<?xml version="1.0" encoding="UTF-8"?>
<testsuite name="de.uka.ilkd.key.rule.tacletbuilder.TestTacletBuild" tests="5" skipped="0" failures="0" errors="0" timestamp="2023-05-27T16:55:01" hostname="fv-az252-451" time="3.322">
  <properties/>
  <testcase name="testSchemavariablesInAddrulesRespectPrefix()" classname="de.uka.ilkd.key.rule.tacletbuilder.TestTacletBuild" time="3.294"/>
  <testcase name="testUniquenessOfIfAndFindVarSVBothInIf()" classname="de.uka.ilkd.key.rule.tacletbuilder.TestTacletBuild" time="0.001"/>
  <testcase name="test0()" classname="de.uka.ilkd.key.rule.tacletbuilder.TestTacletBuild" time="0.001"/>
  <testcase name="testUniquenessOfIfAndFindVarSVsInFind()" classname="de.uka.ilkd.key.rule.tacletbuilder.TestTacletBuild" time="0.001"/>
  <testcase name="testUniquenessOfIfAndFindVarSVsInIfAndFind()" classname="de.uka.ilkd.key.rule.tacletbuilder.TestTacletBuild" time="0.0"/>
  <system-out><![CDATA[483809     WARN  Test worker     d.u.i.k.n.ParsingFacade   file:/D:/a/key/key/key.core/build/resources/main/de/uka/ilkd/key/proof/rules/ldt.key took 0 ms to parse. 
483809     WARN  Test worker     d.u.i.k.n.ParsingFacade   Parsing time 1665 ms. 
483809     WARN  Test worker     d.u.i.k.n.ParsingFacade   file:/D:/a/key/key/key.core/build/resources/main/de/uka/ilkd/key/proof/rules/boolean.key took 0 ms to parse. 
483809     WARN  Test worker     d.u.i.k.n.ParsingFacade   Parsing time 1665 ms. 
483809     WARN  Test worker     d.u.i.k.n.ParsingFacade   file:/D:/a/key/key/key.core/build/resources/main/de/uka/ilkd/key/proof/rules/ruleSetsDeclarations.key took 0 ms to parse. 
483809     WARN  Test worker     d.u.i.k.n.ParsingFacade   Parsing time 1665 ms. 
483809     WARN  Test worker     d.u.i.k.n.ParsingFacade   file:/D:/a/key/key/key.core/build/resources/main/de/uka/ilkd/key/proof/rules/integerHeader.key took 0 ms to parse. 
483809     WARN  Test worker     d.u.i.k.n.ParsingFacade   Parsing time 1665 ms. 
483809     WARN  Test worker     d.u.i.k.n.ParsingFacade   file:/D:/a/key/key/key.core/build/resources/main/de/uka/ilkd/key/proof/rules/floatHeader.key took 0 ms to parse. 
483809     WARN  Test worker     d.u.i.k.n.ParsingFacade   Parsing time 1665 ms. 
483809     WARN  Test worker     d.u.i.k.n.ParsingFacade   file:/D:/a/key/key/key.core/build/resources/main/de/uka/ilkd/key/proof/rules/heap.key took 0 ms to parse. 
483809     WARN  Test worker     d.u.i.k.n.ParsingFacade   Parsing time 1665 ms. 
483809     WARN  Test worker     d.u.i.k.n.ParsingFacade   file:/D:/a/key/key/key.core/build/resources/main/de/uka/ilkd/key/proof/rules/locSets.key took 0 ms to parse. 
483809     WARN  Test worker     d.u.i.k.n.ParsingFacade   Parsing time 1665 ms. 
483809     WARN  Test worker     d.u.i.k.n.ParsingFacade   file:/D:/a/key/key/key.core/build/resources/main/de/uka/ilkd/key/proof/rules/permission.key took 0 ms to parse. 
483809     WARN  Test worker     d.u.i.k.n.ParsingFacade   Parsing time 1665 ms. 
483809     WARN  Test worker     d.u.i.k.n.ParsingFacade   file:/D:/a/key/key/key.core/build/resources/main/de/uka/ilkd/key/proof/rules/reach.key took 0 ms to parse. 
483809     WARN  Test worker     d.u.i.k.n.ParsingFacade   Parsing time 1665 ms. 
483809     WARN  Test worker     d.u.i.k.n.ParsingFacade   file:/D:/a/key/key/key.core/build/resources/main/de/uka/ilkd/key/proof/rules/seq.key took 0 ms to parse. 
483809     WARN  Test worker     d.u.i.k.n.ParsingFacade   Parsing time 1665 ms. 
483809     WARN  Test worker     d.u.i.k.n.ParsingFacade   file:/D:/a/key/key/key.core/build/resources/main/de/uka/ilkd/key/proof/rules/map.key took 0 ms to parse. 
483809     WARN  Test worker     d.u.i.k.n.ParsingFacade   Parsing time 1665 ms. 
483809     WARN  Test worker     d.u.i.k.n.ParsingFacade   file:/D:/a/key/key/key.core/build/resources/main/de/uka/ilkd/key/proof/rules/freeADT.key took 0 ms to parse. 
483809     WARN  Test worker     d.u.i.k.n.ParsingFacade   Parsing time 1665 ms. 
483809     WARN  Test worker     d.u.i.k.n.ParsingFacade   file:/D:/a/key/key/key.core/build/resources/main/de/uka/ilkd/key/proof/rules/wellfound.key took 0 ms to parse. 
483809     WARN  Test worker     d.u.i.k.n.ParsingFacade   Parsing time 1665 ms. 
483809     WARN  Test worker     d.u.i.k.n.ParsingFacade   file:/D:/a/key/key/key.core/build/resources/main/de/uka/ilkd/key/proof/rules/charListHeader.key took 0 ms to parse. 
483809     WARN  Test worker     d.u.i.k.n.ParsingFacade   Parsing time 1665 ms. 
483825     WARN  Test worker     d.u.i.k.n.ParsingFacade   D:\a\key\key\key.core\src\test\resources\testcase\testrules.key took 0 ms to parse. 
483825     WARN  Test worker     d.u.i.k.n.ParsingFacade   Parsing time 1665 ms. 
484613     WARN  Test worker     d.u.i.k.n.ParsingFacade   D:\a\key\key\key.core\src\test\resources\testcase\testrules.key took 0 ms to parse. 
484613     WARN  Test worker     d.u.i.k.n.ParsingFacade   Parsing time 1665 ms. 
484613     INFO  Test worker     d.u.i.k.n.KeyIO           Parsing took 0 ms 
484613     DEBUG Test worker     d.u.i.k.n.KeyIO           Load declarations of de.uka.ilkd.key.nparser.KeyAst$File:  D:\a\key\key\key.core\src\test\resources\testcase\testrules.key:9#1 
484613     INFO  Test worker     d.u.i.k.n.KeyIO           MODE: declarations took 0 ms 
484613     DEBUG Test worker     d.u.i.k.n.KeyIO           MODE: 2nd degree decls took 0 
484645     DEBUG Test worker     d.u.i.k.n.KeyIO           MODE: taclets took 32ms 
484645     WARN  Test worker     d.u.i.k.n.ParsingFacade   file:/D:/a/key/key/key.core/build/resources/main/de/uka/ilkd/key/proof/rules/ldt.key took 0 ms to parse. 
484645     WARN  Test worker     d.u.i.k.n.ParsingFacade   Parsing time 1665 ms. 
484645     WARN  Test worker     d.u.i.k.n.ParsingFacade   file:/D:/a/key/key/key.core/build/resources/main/de/uka/ilkd/key/proof/rules/boolean.key took 0 ms to parse. 
484645     WARN  Test worker     d.u.i.k.n.ParsingFacade   Parsing time 1665 ms. 
484645     WARN  Test worker     d.u.i.k.n.ParsingFacade   file:/D:/a/key/key/key.core/build/resources/main/de/uka/ilkd/key/proof/rules/ruleSetsDeclarations.key took 0 ms to parse. 
484645     WARN  Test worker     d.u.i.k.n.ParsingFacade   Parsing time 1665 ms. 
484645     WARN  Test worker     d.u.i.k.n.ParsingFacade   file:/D:/a/key/key/key.core/build/resources/main/de/uka/ilkd/key/proof/rules/integerHeader.key took 0 ms to parse. 
484645     WARN  Test worker     d.u.i.k.n.ParsingFacade   Parsing time 1665 ms. 
484645     WARN  Test worker     d.u.i.k.n.ParsingFacade   file:/D:/a/key/key/key.core/build/resources/main/de/uka/ilkd/key/proof/rules/floatHeader.key took 0 ms to parse. 
484645     WARN  Test worker     d.u.i.k.n.ParsingFacade   Parsing time 1665 ms. 
484645     WARN  Test worker     d.u.i.k.n.ParsingFacade   file:/D:/a/key/key/key.core/build/resources/main/de/uka/ilkd/key/proof/rules/heap.key took 0 ms to parse. 
484645     WARN  Test worker     d.u.i.k.n.ParsingFacade   Parsing time 1665 ms. 
484645     WARN  Test worker     d.u.i.k.n.ParsingFacade   file:/D:/a/key/key/key.core/build/resources/main/de/uka/ilkd/key/proof/rules/locSets.key took 0 ms to parse. 
484645     WARN  Test worker     d.u.i.k.n.ParsingFacade   Parsing time 1665 ms. 
484645     WARN  Test worker     d.u.i.k.n.ParsingFacade   file:/D:/a/key/key/key.core/build/resources/main/de/uka/ilkd/key/proof/rules/permission.key took 0 ms to parse. 
484645     WARN  Test worker     d.u.i.k.n.ParsingFacade   Parsing time 1665 ms. 
484645     WARN  Test worker     d.u.i.k.n.ParsingFacade   file:/D:/a/key/key/key.core/build/resources/main/de/uka/ilkd/key/proof/rules/reach.key took 0 ms to parse. 
484645     WARN  Test worker     d.u.i.k.n.ParsingFacade   Parsing time 1665 ms. 
484645     WARN  Test worker     d.u.i.k.n.ParsingFacade   file:/D:/a/key/key/key.core/build/resources/main/de/uka/ilkd/key/proof/rules/seq.key took 0 ms to parse. 
484645     WARN  Test worker     d.u.i.k.n.ParsingFacade   Parsing time 1665 ms. 
484645     WARN  Test worker     d.u.i.k.n.ParsingFacade   file:/D:/a/key/key/key.core/build/resources/main/de/uka/ilkd/key/proof/rules/map.key took 0 ms to parse. 
484645     WARN  Test worker     d.u.i.k.n.ParsingFacade   Parsing time 1665 ms. 
484645     WARN  Test worker     d.u.i.k.n.ParsingFacade   file:/D:/a/key/key/key.core/build/resources/main/de/uka/ilkd/key/proof/rules/freeADT.key took 0 ms to parse. 
484645     WARN  Test worker     d.u.i.k.n.ParsingFacade   Parsing time 1665 ms. 
484645     WARN  Test worker     d.u.i.k.n.ParsingFacade   file:/D:/a/key/key/key.core/build/resources/main/de/uka/ilkd/key/proof/rules/wellfound.key took 0 ms to parse. 
484645     WARN  Test worker     d.u.i.k.n.ParsingFacade   Parsing time 1665 ms. 
484645     WARN  Test worker     d.u.i.k.n.ParsingFacade   file:/D:/a/key/key/key.core/build/resources/main/de/uka/ilkd/key/proof/rules/charListHeader.key took 0 ms to parse. 
484645     WARN  Test worker     d.u.i.k.n.ParsingFacade   Parsing time 1665 ms. 
484660     WARN  Test worker     d.u.i.k.n.ParsingFacade   D:\a\key\key\key.core\src\test\resources\testcase\tacletprefix\schemaVarInAddruleRespectPrefix.key took 0 ms to parse. 
484660     WARN  Test worker     d.u.i.k.n.ParsingFacade   Parsing time 1665 ms. 
485424     WARN  Test worker     d.u.i.k.n.ParsingFacade   file:/D:/a/key/key/key.core/build/resources/main/de/uka/ilkd/key/java/JavaRedux/java/lang/String.key took 0 ms to parse. 
485424     WARN  Test worker     d.u.i.k.n.ParsingFacade   Parsing time 1665 ms. 
]]></system-out>
  <system-err><![CDATA[]]></system-err>
</testsuite>
