<?xml version="1.0" encoding="UTF-8"?>
<testsuite name="de.uka.ilkd.key.rule.TestSchemaModalOperators" tests="4" skipped="0" failures="0" errors="0" timestamp="2023-05-27T16:53:38" hostname="fv-az252-451" time="0.896">
  <properties/>
  <testcase name="testSchemaModalities1()" classname="de.uka.ilkd.key.rule.TestSchemaModalOperators" time="0.867"/>
  <testcase name="testSchemaModalities2()" classname="de.uka.ilkd.key.rule.TestSchemaModalOperators" time="0.009"/>
  <testcase name="testSchemaModalities3()" classname="de.uka.ilkd.key.rule.TestSchemaModalOperators" time="0.008"/>
  <testcase name="testSchemaModalities4()" classname="de.uka.ilkd.key.rule.TestSchemaModalOperators" time="0.011"/>
  <system-out><![CDATA[400629     WARN  Test worker     d.u.i.k.n.ParsingFacade   D:\a\key\key\key.core\src\test\resources\testcase\testrules.key took 0 ms to parse. 
400629     WARN  Test worker     d.u.i.k.n.ParsingFacade   Parsing time 1456 ms. 
401458     WARN  Test worker     d.u.i.k.n.ParsingFacade   D:\a\key\key\key.core\src\test\resources\testcase\testrules.key took 0 ms to parse. 
401458     WARN  Test worker     d.u.i.k.n.ParsingFacade   Parsing time 1456 ms. 
401458     INFO  Test worker     d.u.i.k.n.KeyIO           Parsing took 0 ms 
401458     DEBUG Test worker     d.u.i.k.n.KeyIO           Load declarations of de.uka.ilkd.key.nparser.KeyAst$File:  D:\a\key\key\key.core\src\test\resources\testcase\testrules.key:9#1 
401458     INFO  Test worker     d.u.i.k.n.KeyIO           MODE: declarations took 0 ms 
401458     DEBUG Test worker     d.u.i.k.n.KeyIO           MODE: 2nd degree decls took 0 
401473     DEBUG Test worker     d.u.i.k.n.KeyIO           MODE: taclets took 15ms 
]]></system-out>
  <system-err><![CDATA[]]></system-err>
</testsuite>
