<?xml version="1.0" encoding="UTF-8"?>
<testsuite name="de.uka.ilkd.key.parser.TestTacletParser" tests="20" skipped="0" failures="0" errors="0" timestamp="2023-05-27T16:51:27" hostname="fv-az252-451" time="0.045">
  <properties/>
  <testcase name="testAllRight()" classname="de.uka.ilkd.key.parser.TestTacletParser" time="0.002"/>
  <testcase name="testSchemaJava0()" classname="de.uka.ilkd.key.parser.TestTacletParser" time="0.003"/>
  <testcase name="testSchemaJava1()" classname="de.uka.ilkd.key.parser.TestTacletParser" time="0.005"/>
  <testcase name="testSchemaJava2()" classname="de.uka.ilkd.key.parser.TestTacletParser" time="0.004"/>
  <testcase name="testSchemaJava4()" classname="de.uka.ilkd.key.parser.TestTacletParser" time="0.004"/>
  <testcase name="testSchemaJava6()" classname="de.uka.ilkd.key.parser.TestTacletParser" time="0.002"/>
  <testcase name="testSchemaJava8()" classname="de.uka.ilkd.key.parser.TestTacletParser" time="0.002"/>
  <testcase name="testCut()" classname="de.uka.ilkd.key.parser.TestTacletParser" time="0.002"/>
  <testcase name="testMakeInsertEq()" classname="de.uka.ilkd.key.parser.TestTacletParser" time="0.002"/>
  <testcase name="testAllLeft()" classname="de.uka.ilkd.key.parser.TestTacletParser" time="0.001"/>
  <testcase name="testClose()" classname="de.uka.ilkd.key.parser.TestTacletParser" time="0.001"/>
  <testcase name="testSchemaJava10()" classname="de.uka.ilkd.key.parser.TestTacletParser" time="0.002"/>
  <testcase name="testSchemaJava11()" classname="de.uka.ilkd.key.parser.TestTacletParser" time="0.003"/>
  <testcase name="testFIdempotent()" classname="de.uka.ilkd.key.parser.TestTacletParser" time="0.001"/>
  <testcase name="testImpRight()" classname="de.uka.ilkd.key.parser.TestTacletParser" time="0.001"/>
  <testcase name="testVarcondNew()" classname="de.uka.ilkd.key.parser.TestTacletParser" time="0.002"/>
  <testcase name="testFreeReplacewithVariables()" classname="de.uka.ilkd.key.parser.TestTacletParser" time="0.002"/>
  <testcase name="testImpLeft()" classname="de.uka.ilkd.key.parser.TestTacletParser" time="0.001"/>
  <testcase name="testContraposition()" classname="de.uka.ilkd.key.parser.TestTacletParser" time="0.002"/>
  <testcase name="testExConjSplit()" classname="de.uka.ilkd.key.parser.TestTacletParser" time="0.001"/>
  <system-out><![CDATA[270422     WARN  Test worker     d.u.i.k.n.ParsingFacade   <unknown> took 0 ms to parse. 
270422     WARN  Test worker     d.u.i.k.n.ParsingFacade   Parsing time 1153 ms. 
270422     INFO  Test worker     d.u.i.k.n.KeyIO           Parsing took 0 ms 
270422     DEBUG Test worker     d.u.i.k.n.KeyIO           Load declarations of de.uka.ilkd.key.nparser.KeyAst$File:  <unknown>:1#1 
270422     INFO  Test worker     d.u.i.k.n.KeyIO           MODE: declarations took 0 ms 
270422     DEBUG Test worker     d.u.i.k.n.KeyIO           MODE: 2nd degree decls took 0 
270422     DEBUG Test worker     d.u.i.k.n.KeyIO           MODE: taclets took 0ms 
270422     WARN  Test worker     d.u.i.k.n.ParsingFacade   <unknown> took 0 ms to parse. 
270422     WARN  Test worker     d.u.i.k.n.ParsingFacade   Parsing time 1153 ms. 
270422     INFO  Test worker     d.u.i.k.n.KeyIO           Parsing took 0 ms 
270422     DEBUG Test worker     d.u.i.k.n.KeyIO           Load declarations of de.uka.ilkd.key.nparser.KeyAst$File:  <unknown>:2#1 
270422     INFO  Test worker     d.u.i.k.n.KeyIO           MODE: declarations took 0 ms 
270422     DEBUG Test worker     d.u.i.k.n.KeyIO           MODE: 2nd degree decls took 0 
270422     DEBUG Test worker     d.u.i.k.n.KeyIO           MODE: taclets took 0ms 
270422     WARN  Test worker     d.u.i.k.n.ParsingFacade   <unknown> took 0 ms to parse. 
270422     WARN  Test worker     d.u.i.k.n.ParsingFacade   Parsing time 1153 ms. 
270422     INFO  Test worker     d.u.i.k.n.KeyIO           Parsing took 0 ms 
270422     DEBUG Test worker     d.u.i.k.n.KeyIO           Load declarations of de.uka.ilkd.key.nparser.KeyAst$File:  <unknown>:1#1 
270422     INFO  Test worker     d.u.i.k.n.KeyIO           MODE: declarations took 0 ms 
270422     DEBUG Test worker     d.u.i.k.n.KeyIO           MODE: 2nd degree decls took 0 
270422     DEBUG Test worker     d.u.i.k.n.KeyIO           MODE: taclets took 0ms 
270422     WARN  Test worker     d.u.i.k.n.ParsingFacade   <unknown> took 0 ms to parse. 
270422     WARN  Test worker     d.u.i.k.n.ParsingFacade   Parsing time 1153 ms. 
270422     INFO  Test worker     d.u.i.k.n.KeyIO           Parsing took 0 ms 
270422     DEBUG Test worker     d.u.i.k.n.KeyIO           Load declarations of de.uka.ilkd.key.nparser.KeyAst$File:  <unknown>:2#1 
270422     INFO  Test worker     d.u.i.k.n.KeyIO           MODE: declarations took 0 ms 
270422     DEBUG Test worker     d.u.i.k.n.KeyIO           MODE: 2nd degree decls took 0 
270422     DEBUG Test worker     d.u.i.k.n.KeyIO           MODE: taclets took 0ms 
270422     WARN  Test worker     d.u.i.k.n.ParsingFacade   <unknown> took 0 ms to parse. 
270422     WARN  Test worker     d.u.i.k.n.ParsingFacade   Parsing time 1153 ms. 
270422     INFO  Test worker     d.u.i.k.n.KeyIO           Parsing took 0 ms 
270422     DEBUG Test worker     d.u.i.k.n.KeyIO           Load declarations of de.uka.ilkd.key.nparser.KeyAst$File:  <unknown>:1#1 
270422     INFO  Test worker     d.u.i.k.n.KeyIO           MODE: declarations took 0 ms 
270422     DEBUG Test worker     d.u.i.k.n.KeyIO           MODE: 2nd degree decls took 0 
270422     DEBUG Test worker     d.u.i.k.n.KeyIO           MODE: taclets took 0ms 
270422     WARN  Test worker     d.u.i.k.n.ParsingFacade   SLL was not enough 
270422     WARN  Test worker     d.u.i.k.n.KeYParser       [syntax-error] <unknown>:1:0: mismatched input '{' expecting {<EOF>, '\sorts', '\schemaVariables', '\programVariables', '\include', '\includeLDTs', '\classpath', '\bootclasspath', '\javaSource', '\withOptions', '\optionsDecl', '\settings', '\profile', '\heuristicsDecl', '\predicates', '\functions', '\transformers', '\rules', '\axioms', '\problem', '\chooseContract', '\proofObligation', '\proof', '\contracts', '\invariants', '/*!'} [@0,23:23='{',<148>,1:0] (file) 
270422     WARN  Test worker     d.u.i.k.n.ParsingFacade   <unknown> took 0 ms to parse. 
270422     WARN  Test worker     d.u.i.k.n.ParsingFacade   Parsing time 1153 ms. 
270422     INFO  Test worker     d.u.i.k.n.KeyIO           Parsing took 0 ms 
270422     DEBUG Test worker     d.u.i.k.n.KeyIO           Load declarations of de.uka.ilkd.key.nparser.KeyAst$File:  <unknown>:1#1 
270422     INFO  Test worker     d.u.i.k.n.KeyIO           MODE: declarations took 0 ms 
270422     DEBUG Test worker     d.u.i.k.n.KeyIO           MODE: 2nd degree decls took 0 
270422     DEBUG Test worker     d.u.i.k.n.KeyIO           MODE: taclets took 0ms 
270437     WARN  Test worker     d.u.i.k.n.ParsingFacade   SLL was not enough 
270437     WARN  Test worker     d.u.i.k.n.KeYParser       [syntax-error] <unknown>:1:0: mismatched input '{' expecting {<EOF>, '\sorts', '\schemaVariables', '\programVariables', '\include', '\includeLDTs', '\classpath', '\bootclasspath', '\javaSource', '\withOptions', '\optionsDecl', '\settings', '\profile', '\heuristicsDecl', '\predicates', '\functions', '\transformers', '\rules', '\axioms', '\problem', '\chooseContract', '\proofObligation', '\proof', '\contracts', '\invariants', '/*!'} [@0,23:23='{',<148>,1:0] (file) 
270437     WARN  Test worker     d.u.i.k.n.ParsingFacade   <unknown> took 0 ms to parse. 
270437     WARN  Test worker     d.u.i.k.n.ParsingFacade   Parsing time 1153 ms. 
270437     INFO  Test worker     d.u.i.k.n.KeyIO           Parsing took 0 ms 
270437     DEBUG Test worker     d.u.i.k.n.KeyIO           Load declarations of de.uka.ilkd.key.nparser.KeyAst$File:  <unknown>:1#1 
270437     INFO  Test worker     d.u.i.k.n.KeyIO           MODE: declarations took 0 ms 
270437     DEBUG Test worker     d.u.i.k.n.KeyIO           MODE: 2nd degree decls took 0 
270437     DEBUG Test worker     d.u.i.k.n.KeyIO           MODE: taclets took 0ms 
270437     WARN  Test worker     d.u.i.k.n.ParsingFacade   <unknown> took 0 ms to parse. 
270437     WARN  Test worker     d.u.i.k.n.ParsingFacade   Parsing time 1153 ms. 
270437     INFO  Test worker     d.u.i.k.n.KeyIO           Parsing took 0 ms 
270437     DEBUG Test worker     d.u.i.k.n.KeyIO           Load declarations of de.uka.ilkd.key.nparser.KeyAst$File:  <unknown>:2#1 
270437     INFO  Test worker     d.u.i.k.n.KeyIO           MODE: declarations took 0 ms 
270437     DEBUG Test worker     d.u.i.k.n.KeyIO           MODE: 2nd degree decls took 0 
270437     DEBUG Test worker     d.u.i.k.n.KeyIO           MODE: taclets took 0ms 
270437     WARN  Test worker     d.u.i.k.n.ParsingFacade   <unknown> took 0 ms to parse. 
270437     WARN  Test worker     d.u.i.k.n.ParsingFacade   Parsing time 1153 ms. 
270437     INFO  Test worker     d.u.i.k.n.KeyIO           Parsing took 0 ms 
270437     DEBUG Test worker     d.u.i.k.n.KeyIO           Load declarations of de.uka.ilkd.key.nparser.KeyAst$File:  <unknown>:1#1 
270437     INFO  Test worker     d.u.i.k.n.KeyIO           MODE: declarations took 0 ms 
270437     DEBUG Test worker     d.u.i.k.n.KeyIO           MODE: 2nd degree decls took 0 
270437     DEBUG Test worker     d.u.i.k.n.KeyIO           MODE: taclets took 0ms 
270437     WARN  Test worker     d.u.i.k.n.ParsingFacade   <unknown> took 0 ms to parse. 
270437     WARN  Test worker     d.u.i.k.n.ParsingFacade   Parsing time 1153 ms. 
270437     INFO  Test worker     d.u.i.k.n.KeyIO           Parsing took 0 ms 
270437     DEBUG Test worker     d.u.i.k.n.KeyIO           Load declarations of de.uka.ilkd.key.nparser.KeyAst$File:  <unknown>:2#1 
270437     INFO  Test worker     d.u.i.k.n.KeyIO           MODE: declarations took 0 ms 
270437     DEBUG Test worker     d.u.i.k.n.KeyIO           MODE: 2nd degree decls took 0 
270437     DEBUG Test worker     d.u.i.k.n.KeyIO           MODE: taclets took 0ms 
270437     WARN  Test worker     d.u.i.k.n.ParsingFacade   <unknown> took 0 ms to parse. 
270437     WARN  Test worker     d.u.i.k.n.ParsingFacade   Parsing time 1153 ms. 
270437     INFO  Test worker     d.u.i.k.n.KeyIO           Parsing took 0 ms 
270437     DEBUG Test worker     d.u.i.k.n.KeyIO           Load declarations of de.uka.ilkd.key.nparser.KeyAst$File:  <unknown>:1#1 
270437     INFO  Test worker     d.u.i.k.n.KeyIO           MODE: declarations took 0 ms 
270437     DEBUG Test worker     d.u.i.k.n.KeyIO           MODE: 2nd degree decls took 0 
270437     DEBUG Test worker     d.u.i.k.n.KeyIO           MODE: taclets took 0ms 
270437     WARN  Test worker     d.u.i.k.n.ParsingFacade   <unknown> took 0 ms to parse. 
270437     WARN  Test worker     d.u.i.k.n.ParsingFacade   Parsing time 1153 ms. 
270437     INFO  Test worker     d.u.i.k.n.KeyIO           Parsing took 0 ms 
270437     DEBUG Test worker     d.u.i.k.n.KeyIO           Load declarations of de.uka.ilkd.key.nparser.KeyAst$File:  <unknown>:2#1 
270437     INFO  Test worker     d.u.i.k.n.KeyIO           MODE: declarations took 0 ms 
270437     DEBUG Test worker     d.u.i.k.n.KeyIO           MODE: 2nd degree decls took 0 
270437     DEBUG Test worker     d.u.i.k.n.KeyIO           MODE: taclets took 0ms 
270437     WARN  Test worker     d.u.i.k.n.ParsingFacade   <unknown> took 0 ms to parse. 
270437     WARN  Test worker     d.u.i.k.n.ParsingFacade   Parsing time 1153 ms. 
270437     INFO  Test worker     d.u.i.k.n.KeyIO           Parsing took 0 ms 
270437     DEBUG Test worker     d.u.i.k.n.KeyIO           Load declarations of de.uka.ilkd.key.nparser.KeyAst$File:  <unknown>:1#1 
270437     INFO  Test worker     d.u.i.k.n.KeyIO           MODE: declarations took 0 ms 
270437     DEBUG Test worker     d.u.i.k.n.KeyIO           MODE: 2nd degree decls took 0 
270437     DEBUG Test worker     d.u.i.k.n.KeyIO           MODE: taclets took 0ms 
270437     WARN  Test worker     d.u.i.k.n.ParsingFacade   <unknown> took 0 ms to parse. 
270437     WARN  Test worker     d.u.i.k.n.ParsingFacade   Parsing time 1153 ms. 
270437     INFO  Test worker     d.u.i.k.n.KeyIO           Parsing took 0 ms 
270437     DEBUG Test worker     d.u.i.k.n.KeyIO           Load declarations of de.uka.ilkd.key.nparser.KeyAst$File:  <unknown>:2#1 
270437     INFO  Test worker     d.u.i.k.n.KeyIO           MODE: declarations took 0 ms 
270437     DEBUG Test worker     d.u.i.k.n.KeyIO           MODE: 2nd degree decls took 0 
270437     DEBUG Test worker     d.u.i.k.n.KeyIO           MODE: taclets took 0ms 
270437     WARN  Test worker     d.u.i.k.n.ParsingFacade   <unknown> took 0 ms to parse. 
270437     WARN  Test worker     d.u.i.k.n.ParsingFacade   Parsing time 1153 ms. 
270437     INFO  Test worker     d.u.i.k.n.KeyIO           Parsing took 0 ms 
270437     DEBUG Test worker     d.u.i.k.n.KeyIO           Load declarations of de.uka.ilkd.key.nparser.KeyAst$File:  <unknown>:1#1 
270437     INFO  Test worker     d.u.i.k.n.KeyIO           MODE: declarations took 0 ms 
270437     DEBUG Test worker     d.u.i.k.n.KeyIO           MODE: 2nd degree decls took 0 
270437     DEBUG Test worker     d.u.i.k.n.KeyIO           MODE: taclets took 0ms 
270437     WARN  Test worker     d.u.i.k.n.ParsingFacade   <unknown> took 0 ms to parse. 
270437     WARN  Test worker     d.u.i.k.n.ParsingFacade   Parsing time 1153 ms. 
270437     INFO  Test worker     d.u.i.k.n.KeyIO           Parsing took 0 ms 
270437     DEBUG Test worker     d.u.i.k.n.KeyIO           Load declarations of de.uka.ilkd.key.nparser.KeyAst$File:  <unknown>:2#1 
270437     INFO  Test worker     d.u.i.k.n.KeyIO           MODE: declarations took 0 ms 
270437     DEBUG Test worker     d.u.i.k.n.KeyIO           MODE: 2nd degree decls took 0 
270437     DEBUG Test worker     d.u.i.k.n.KeyIO           MODE: taclets took 0ms 
270437     WARN  Test worker     d.u.i.k.n.ParsingFacade   <unknown> took 0 ms to parse. 
270437     WARN  Test worker     d.u.i.k.n.ParsingFacade   Parsing time 1153 ms. 
270437     INFO  Test worker     d.u.i.k.n.KeyIO           Parsing took 0 ms 
270437     DEBUG Test worker     d.u.i.k.n.KeyIO           Load declarations of de.uka.ilkd.key.nparser.KeyAst$File:  <unknown>:1#1 
270437     INFO  Test worker     d.u.i.k.n.KeyIO           MODE: declarations took 0 ms 
270437     DEBUG Test worker     d.u.i.k.n.KeyIO           MODE: 2nd degree decls took 0 
270437     DEBUG Test worker     d.u.i.k.n.KeyIO           MODE: taclets took 0ms 
270437     WARN  Test worker     d.u.i.k.n.ParsingFacade   <unknown> took 0 ms to parse. 
270437     WARN  Test worker     d.u.i.k.n.ParsingFacade   Parsing time 1153 ms. 
270437     INFO  Test worker     d.u.i.k.n.KeyIO           Parsing took 0 ms 
270437     DEBUG Test worker     d.u.i.k.n.KeyIO           Load declarations of de.uka.ilkd.key.nparser.KeyAst$File:  <unknown>:2#1 
270437     INFO  Test worker     d.u.i.k.n.KeyIO           MODE: declarations took 0 ms 
270437     DEBUG Test worker     d.u.i.k.n.KeyIO           MODE: 2nd degree decls took 0 
270437     DEBUG Test worker     d.u.i.k.n.KeyIO           MODE: taclets took 0ms 
270437     WARN  Test worker     d.u.i.k.n.ParsingFacade   <unknown> took 0 ms to parse. 
270437     WARN  Test worker     d.u.i.k.n.ParsingFacade   Parsing time 1153 ms. 
270437     INFO  Test worker     d.u.i.k.n.KeyIO           Parsing took 0 ms 
270437     DEBUG Test worker     d.u.i.k.n.KeyIO           Load declarations of de.uka.ilkd.key.nparser.KeyAst$File:  <unknown>:1#1 
270437     INFO  Test worker     d.u.i.k.n.KeyIO           MODE: declarations took 0 ms 
270437     DEBUG Test worker     d.u.i.k.n.KeyIO           MODE: 2nd degree decls took 0 
270437     DEBUG Test worker     d.u.i.k.n.KeyIO           MODE: taclets took 0ms 
270437     WARN  Test worker     d.u.i.k.n.ParsingFacade   <unknown> took 0 ms to parse. 
270437     WARN  Test worker     d.u.i.k.n.ParsingFacade   Parsing time 1153 ms. 
270437     INFO  Test worker     d.u.i.k.n.KeyIO           Parsing took 0 ms 
270437     DEBUG Test worker     d.u.i.k.n.KeyIO           Load declarations of de.uka.ilkd.key.nparser.KeyAst$File:  <unknown>:2#1 
270437     INFO  Test worker     d.u.i.k.n.KeyIO           MODE: declarations took 0 ms 
270437     DEBUG Test worker     d.u.i.k.n.KeyIO           MODE: 2nd degree decls took 0 
270453     DEBUG Test worker     d.u.i.k.n.KeyIO           MODE: taclets took 0ms 
270453     WARN  Test worker     d.u.i.k.n.ParsingFacade   <unknown> took 0 ms to parse. 
270453     WARN  Test worker     d.u.i.k.n.ParsingFacade   Parsing time 1153 ms. 
270453     INFO  Test worker     d.u.i.k.n.KeyIO           Parsing took 0 ms 
270453     DEBUG Test worker     d.u.i.k.n.KeyIO           Load declarations of de.uka.ilkd.key.nparser.KeyAst$File:  <unknown>:1#1 
270453     INFO  Test worker     d.u.i.k.n.KeyIO           MODE: declarations took 0 ms 
270453     DEBUG Test worker     d.u.i.k.n.KeyIO           MODE: 2nd degree decls took 0 
270453     DEBUG Test worker     d.u.i.k.n.KeyIO           MODE: taclets took 0ms 
270453     WARN  Test worker     d.u.i.k.n.ParsingFacade   <unknown> took 0 ms to parse. 
270453     WARN  Test worker     d.u.i.k.n.ParsingFacade   Parsing time 1153 ms. 
270453     INFO  Test worker     d.u.i.k.n.KeyIO           Parsing took 0 ms 
270453     DEBUG Test worker     d.u.i.k.n.KeyIO           Load declarations of de.uka.ilkd.key.nparser.KeyAst$File:  <unknown>:2#1 
270453     INFO  Test worker     d.u.i.k.n.KeyIO           MODE: declarations took 0 ms 
270453     DEBUG Test worker     d.u.i.k.n.KeyIO           MODE: 2nd degree decls took 0 
270453     DEBUG Test worker     d.u.i.k.n.KeyIO           MODE: taclets took 0ms 
270453     WARN  Test worker     d.u.i.k.n.ParsingFacade   <unknown> took 0 ms to parse. 
270453     WARN  Test worker     d.u.i.k.n.ParsingFacade   Parsing time 1153 ms. 
270453     INFO  Test worker     d.u.i.k.n.KeyIO           Parsing took 0 ms 
270453     DEBUG Test worker     d.u.i.k.n.KeyIO           Load declarations of de.uka.ilkd.key.nparser.KeyAst$File:  <unknown>:1#1 
270453     INFO  Test worker     d.u.i.k.n.KeyIO           MODE: declarations took 0 ms 
270453     DEBUG Test worker     d.u.i.k.n.KeyIO           MODE: 2nd degree decls took 0 
270453     DEBUG Test worker     d.u.i.k.n.KeyIO           MODE: taclets took 0ms 
270453     WARN  Test worker     d.u.i.k.n.ParsingFacade   <unknown> took 0 ms to parse. 
270453     WARN  Test worker     d.u.i.k.n.ParsingFacade   Parsing time 1153 ms. 
270453     INFO  Test worker     d.u.i.k.n.KeyIO           Parsing took 0 ms 
270453     DEBUG Test worker     d.u.i.k.n.KeyIO           Load declarations of de.uka.ilkd.key.nparser.KeyAst$File:  <unknown>:2#1 
270453     INFO  Test worker     d.u.i.k.n.KeyIO           MODE: declarations took 0 ms 
270453     DEBUG Test worker     d.u.i.k.n.KeyIO           MODE: 2nd degree decls took 0 
270453     DEBUG Test worker     d.u.i.k.n.KeyIO           MODE: taclets took 0ms 
270453     WARN  Test worker     d.u.i.k.n.ParsingFacade   <unknown> took 0 ms to parse. 
270453     WARN  Test worker     d.u.i.k.n.ParsingFacade   Parsing time 1153 ms. 
270453     INFO  Test worker     d.u.i.k.n.KeyIO           Parsing took 0 ms 
270453     DEBUG Test worker     d.u.i.k.n.KeyIO           Load declarations of de.uka.ilkd.key.nparser.KeyAst$File:  <unknown>:1#1 
270453     INFO  Test worker     d.u.i.k.n.KeyIO           MODE: declarations took 0 ms 
270453     DEBUG Test worker     d.u.i.k.n.KeyIO           MODE: 2nd degree decls took 0 
270453     DEBUG Test worker     d.u.i.k.n.KeyIO           MODE: taclets took 0ms 
270453     WARN  Test worker     d.u.i.k.n.ParsingFacade   <unknown> took 0 ms to parse. 
270453     WARN  Test worker     d.u.i.k.n.ParsingFacade   Parsing time 1153 ms. 
270453     INFO  Test worker     d.u.i.k.n.KeyIO           Parsing took 0 ms 
270453     DEBUG Test worker     d.u.i.k.n.KeyIO           Load declarations of de.uka.ilkd.key.nparser.KeyAst$File:  <unknown>:2#1 
270453     INFO  Test worker     d.u.i.k.n.KeyIO           MODE: declarations took 0 ms 
270453     DEBUG Test worker     d.u.i.k.n.KeyIO           MODE: 2nd degree decls took 0 
270453     DEBUG Test worker     d.u.i.k.n.KeyIO           MODE: taclets took 0ms 
270453     WARN  Test worker     d.u.i.k.n.ParsingFacade   <unknown> took 0 ms to parse. 
270453     WARN  Test worker     d.u.i.k.n.ParsingFacade   Parsing time 1153 ms. 
270453     INFO  Test worker     d.u.i.k.n.KeyIO           Parsing took 0 ms 
270453     DEBUG Test worker     d.u.i.k.n.KeyIO           Load declarations of de.uka.ilkd.key.nparser.KeyAst$File:  <unknown>:1#1 
270453     INFO  Test worker     d.u.i.k.n.KeyIO           MODE: declarations took 0 ms 
270453     DEBUG Test worker     d.u.i.k.n.KeyIO           MODE: 2nd degree decls took 0 
270453     DEBUG Test worker     d.u.i.k.n.KeyIO           MODE: taclets took 0ms 
270453     WARN  Test worker     d.u.i.k.n.ParsingFacade   <unknown> took 0 ms to parse. 
270453     WARN  Test worker     d.u.i.k.n.ParsingFacade   Parsing time 1153 ms. 
270453     INFO  Test worker     d.u.i.k.n.KeyIO           Parsing took 0 ms 
270453     DEBUG Test worker     d.u.i.k.n.KeyIO           Load declarations of de.uka.ilkd.key.nparser.KeyAst$File:  <unknown>:2#1 
270453     INFO  Test worker     d.u.i.k.n.KeyIO           MODE: declarations took 0 ms 
270453     DEBUG Test worker     d.u.i.k.n.KeyIO           MODE: 2nd degree decls took 0 
270453     DEBUG Test worker     d.u.i.k.n.KeyIO           MODE: taclets took 0ms 
270453     WARN  Test worker     d.u.i.k.n.ParsingFacade   <unknown> took 0 ms to parse. 
270453     WARN  Test worker     d.u.i.k.n.ParsingFacade   Parsing time 1153 ms. 
270453     INFO  Test worker     d.u.i.k.n.KeyIO           Parsing took 0 ms 
270453     DEBUG Test worker     d.u.i.k.n.KeyIO           Load declarations of de.uka.ilkd.key.nparser.KeyAst$File:  <unknown>:1#1 
270453     INFO  Test worker     d.u.i.k.n.KeyIO           MODE: declarations took 0 ms 
270453     DEBUG Test worker     d.u.i.k.n.KeyIO           MODE: 2nd degree decls took 0 
270453     DEBUG Test worker     d.u.i.k.n.KeyIO           MODE: taclets took 0ms 
270453     WARN  Test worker     d.u.i.k.n.ParsingFacade   <unknown> took 0 ms to parse. 
270453     WARN  Test worker     d.u.i.k.n.ParsingFacade   Parsing time 1153 ms. 
270453     INFO  Test worker     d.u.i.k.n.KeyIO           Parsing took 0 ms 
270453     DEBUG Test worker     d.u.i.k.n.KeyIO           Load declarations of de.uka.ilkd.key.nparser.KeyAst$File:  <unknown>:2#1 
270453     INFO  Test worker     d.u.i.k.n.KeyIO           MODE: declarations took 0 ms 
270453     DEBUG Test worker     d.u.i.k.n.KeyIO           MODE: 2nd degree decls took 0 
270453     DEBUG Test worker     d.u.i.k.n.KeyIO           MODE: taclets took 0ms 
270453     WARN  Test worker     d.u.i.k.n.ParsingFacade   <unknown> took 0 ms to parse. 
270453     WARN  Test worker     d.u.i.k.n.ParsingFacade   Parsing time 1153 ms. 
270453     INFO  Test worker     d.u.i.k.n.KeyIO           Parsing took 0 ms 
270453     DEBUG Test worker     d.u.i.k.n.KeyIO           Load declarations of de.uka.ilkd.key.nparser.KeyAst$File:  <unknown>:2#1 
270453     INFO  Test worker     d.u.i.k.n.KeyIO           MODE: declarations took 0 ms 
270453     DEBUG Test worker     d.u.i.k.n.KeyIO           MODE: 2nd degree decls took 0 
270453     DEBUG Test worker     d.u.i.k.n.KeyIO           MODE: taclets took 0ms 
270453     WARN  Test worker     d.u.i.k.n.ParsingFacade   <unknown> took 0 ms to parse. 
270453     WARN  Test worker     d.u.i.k.n.ParsingFacade   Parsing time 1153 ms. 
270453     INFO  Test worker     d.u.i.k.n.KeyIO           Parsing took 0 ms 
270453     DEBUG Test worker     d.u.i.k.n.KeyIO           Load declarations of de.uka.ilkd.key.nparser.KeyAst$File:  <unknown>:1#1 
270453     INFO  Test worker     d.u.i.k.n.KeyIO           MODE: declarations took 0 ms 
270453     DEBUG Test worker     d.u.i.k.n.KeyIO           MODE: 2nd degree decls took 0 
270453     DEBUG Test worker     d.u.i.k.n.KeyIO           MODE: taclets took 0ms 
270453     WARN  Test worker     d.u.i.k.n.ParsingFacade   <unknown> took 0 ms to parse. 
270453     WARN  Test worker     d.u.i.k.n.ParsingFacade   Parsing time 1153 ms. 
270453     INFO  Test worker     d.u.i.k.n.KeyIO           Parsing took 0 ms 
270453     DEBUG Test worker     d.u.i.k.n.KeyIO           Load declarations of de.uka.ilkd.key.nparser.KeyAst$File:  <unknown>:2#1 
270453     INFO  Test worker     d.u.i.k.n.KeyIO           MODE: declarations took 0 ms 
270453     DEBUG Test worker     d.u.i.k.n.KeyIO           MODE: 2nd degree decls took 0 
270453     WARN  Test worker     d.u.i.k.n.ParsingFacade   <unknown> took 0 ms to parse. 
270453     WARN  Test worker     d.u.i.k.n.ParsingFacade   Parsing time 1153 ms. 
270453     INFO  Test worker     d.u.i.k.n.KeyIO           Parsing took 0 ms 
270453     DEBUG Test worker     d.u.i.k.n.KeyIO           Load declarations of de.uka.ilkd.key.nparser.KeyAst$File:  <unknown>:1#1 
270453     INFO  Test worker     d.u.i.k.n.KeyIO           MODE: declarations took 0 ms 
270453     DEBUG Test worker     d.u.i.k.n.KeyIO           MODE: 2nd degree decls took 0 
270453     DEBUG Test worker     d.u.i.k.n.KeyIO           MODE: taclets took 0ms 
270453     WARN  Test worker     d.u.i.k.n.ParsingFacade   <unknown> took 0 ms to parse. 
270453     WARN  Test worker     d.u.i.k.n.ParsingFacade   Parsing time 1153 ms. 
270453     INFO  Test worker     d.u.i.k.n.KeyIO           Parsing took 0 ms 
270453     DEBUG Test worker     d.u.i.k.n.KeyIO           Load declarations of de.uka.ilkd.key.nparser.KeyAst$File:  <unknown>:2#1 
270453     INFO  Test worker     d.u.i.k.n.KeyIO           MODE: declarations took 0 ms 
270453     DEBUG Test worker     d.u.i.k.n.KeyIO           MODE: 2nd degree decls took 0 
270453     DEBUG Test worker     d.u.i.k.n.KeyIO           MODE: taclets took 0ms 
270453     WARN  Test worker     d.u.i.k.n.ParsingFacade   <unknown> took 0 ms to parse. 
270453     WARN  Test worker     d.u.i.k.n.ParsingFacade   Parsing time 1153 ms. 
270453     INFO  Test worker     d.u.i.k.n.KeyIO           Parsing took 0 ms 
270453     DEBUG Test worker     d.u.i.k.n.KeyIO           Load declarations of de.uka.ilkd.key.nparser.KeyAst$File:  <unknown>:1#1 
270453     INFO  Test worker     d.u.i.k.n.KeyIO           MODE: declarations took 0 ms 
270453     DEBUG Test worker     d.u.i.k.n.KeyIO           MODE: 2nd degree decls took 0 
270453     DEBUG Test worker     d.u.i.k.n.KeyIO           MODE: taclets took 0ms 
270453     WARN  Test worker     d.u.i.k.n.ParsingFacade   <unknown> took 0 ms to parse. 
270453     WARN  Test worker     d.u.i.k.n.ParsingFacade   Parsing time 1153 ms. 
270453     INFO  Test worker     d.u.i.k.n.KeyIO           Parsing took 0 ms 
270453     DEBUG Test worker     d.u.i.k.n.KeyIO           Load declarations of de.uka.ilkd.key.nparser.KeyAst$File:  <unknown>:2#1 
270453     INFO  Test worker     d.u.i.k.n.KeyIO           MODE: declarations took 0 ms 
270453     DEBUG Test worker     d.u.i.k.n.KeyIO           MODE: 2nd degree decls took 0 
270453     DEBUG Test worker     d.u.i.k.n.KeyIO           MODE: taclets took 0ms 
270453     WARN  Test worker     d.u.i.k.n.ParsingFacade   <unknown> took 0 ms to parse. 
270453     WARN  Test worker     d.u.i.k.n.ParsingFacade   Parsing time 1153 ms. 
270453     INFO  Test worker     d.u.i.k.n.KeyIO           Parsing took 0 ms 
270453     DEBUG Test worker     d.u.i.k.n.KeyIO           Load declarations of de.uka.ilkd.key.nparser.KeyAst$File:  <unknown>:1#1 
270453     INFO  Test worker     d.u.i.k.n.KeyIO           MODE: declarations took 0 ms 
270453     DEBUG Test worker     d.u.i.k.n.KeyIO           MODE: 2nd degree decls took 0 
270453     DEBUG Test worker     d.u.i.k.n.KeyIO           MODE: taclets took 0ms 
270469     WARN  Test worker     d.u.i.k.n.ParsingFacade   <unknown> took 0 ms to parse. 
270469     WARN  Test worker     d.u.i.k.n.ParsingFacade   Parsing time 1153 ms. 
270469     INFO  Test worker     d.u.i.k.n.KeyIO           Parsing took 0 ms 
270469     DEBUG Test worker     d.u.i.k.n.KeyIO           Load declarations of de.uka.ilkd.key.nparser.KeyAst$File:  <unknown>:2#1 
270469     INFO  Test worker     d.u.i.k.n.KeyIO           MODE: declarations took 0 ms 
270469     DEBUG Test worker     d.u.i.k.n.KeyIO           MODE: 2nd degree decls took 0 
270469     DEBUG Test worker     d.u.i.k.n.KeyIO           MODE: taclets took 0ms 
]]></system-out>
  <system-err><![CDATA[]]></system-err>
</testsuite>
