<?xml version="1.0" encoding="UTF-8"?>
<testsuite name="org.key_project.util.testcase.collection.TestSLListOfString" tests="8" skipped="0" failures="0" errors="0" timestamp="2023-03-03T15:18:36" hostname="fv-az365-192" time="0.015">
  <properties/>
  <testcase name="testToString()" classname="org.key_project.util.testcase.collection.TestSLListOfString" time="0.001"/>
  <testcase name="testRemoveFirst()" classname="org.key_project.util.testcase.collection.TestSLListOfString" time="0.001"/>
  <testcase name="testPrepend()" classname="org.key_project.util.testcase.collection.TestSLListOfString" time="0.001"/>
  <testcase name="testHeadTail()" classname="org.key_project.util.testcase.collection.TestSLListOfString" time="0.0"/>
  <testcase name="testContains()" classname="org.key_project.util.testcase.collection.TestSLListOfString" time="0.001"/>
  <testcase name="testAppend()" classname="org.key_project.util.testcase.collection.TestSLListOfString" time="0.001"/>
  <testcase name="testEquals()" classname="org.key_project.util.testcase.collection.TestSLListOfString" time="0.001"/>
  <testcase name="testRemoveAll()" classname="org.key_project.util.testcase.collection.TestSLListOfString" time="0.0"/>
  <system-out><![CDATA[15:18:36,147 |-INFO in ch.qos.logback.classic.LoggerContext[default] - Could NOT find resource [logback-test.xml]
15:18:36,150 |-INFO in ch.qos.logback.classic.LoggerContext[default] - Found resource [logback.xml] at [file:/home/runner/work/key/key/key.util/build/resources/test/logback.xml]
15:18:36,215 |-INFO in ch.qos.logback.classic.joran.action.ConfigurationAction - debug attribute not set
15:18:36,216 |-INFO in ch.qos.logback.core.joran.action.AppenderAction - About to instantiate appender of type [ch.qos.logback.core.ConsoleAppender]
15:18:36,220 |-INFO in ch.qos.logback.core.joran.action.AppenderAction - Naming appender as [STDOUT]
15:18:36,224 |-ERROR in ch.qos.logback.core.joran.spi.Interpreter@3:15 - no applicable action for [file], current ElementPath  is [[configuration][appender][file]]
15:18:36,224 |-ERROR in ch.qos.logback.core.joran.spi.Interpreter@4:17 - no applicable action for [append], current ElementPath  is [[configuration][appender][append]]
15:18:36,225 |-INFO in ch.qos.logback.core.joran.action.NestedComplexPropertyIA - Assuming default type [ch.qos.logback.classic.encoder.PatternLayoutEncoder] for [encoder] property
15:18:36,237 |-INFO in ch.qos.logback.classic.joran.action.RootLoggerAction - Setting level of ROOT logger to WARN
15:18:36,237 |-INFO in ch.qos.logback.core.joran.action.AppenderRefAction - Attaching appender named [STDOUT] to Logger[ROOT]
15:18:36,238 |-INFO in ch.qos.logback.classic.joran.action.ConfigurationAction - End of configuration.
15:18:36,238 |-INFO in ch.qos.logback.classic.joran.JoranConfigurator@7fd4acee - Registering current configuration as safe fallback point

]]></system-out>
  <system-err><![CDATA[]]></system-err>
</testsuite>
