<?xml version="1.0" encoding="UTF-8"?>
<testsuite name="de.uka.ilkd.key.logic.TestName" tests="1" skipped="0" failures="0" errors="0" timestamp="2023-01-31T07:39:54" hostname="fv-az545-349" time="0.001">
  <properties/>
  <testcase name="testEquals()" classname="de.uka.ilkd.key.logic.TestName" time="0.001"/>
  <system-out><![CDATA[]]></system-out>
  <system-err><![CDATA[]]></system-err>
</testsuite>
