<?xml version="1.0" encoding="UTF-8"?>
<testsuite name="de.uka.ilkd.key.gui.plugins.javac.JavaCompilerCheckFacadeTest" tests="1" skipped="0" failures="0" errors="0" timestamp="2023-04-02T01:14:00" hostname="fv-az1135-934" time="0.807">
  <properties/>
  <testcase name="compile1()" classname="de.uka.ilkd.key.gui.plugins.javac.JavaCompilerCheckFacadeTest" time="0.807"/>
  <system-out><![CDATA[/home/runner/work/key/key/key.ui/examples/firstTouch/06-BinarySearch/src
01:14:00,156 |-INFO in ch.qos.logback.classic.LoggerContext[default] - This is logback-classic version 1.4.6
01:14:00,191 |-INFO in ch.qos.logback.classic.LoggerContext[default] - Could NOT find resource [logback-test.xml]
01:14:00,202 |-INFO in ch.qos.logback.classic.LoggerContext[default] - Found resource [logback.xml] at [file:/home/runner/work/key/key/key.ui/build/resources/test/logback.xml]
01:14:00,204 |-WARN in ch.qos.logback.classic.util.DefaultJoranConfigurator@2d1dee39 - Resource [logback.xml] occurs multiple times on the classpath.
01:14:00,205 |-WARN in ch.qos.logback.classic.util.DefaultJoranConfigurator@2d1dee39 - Resource [logback.xml] occurs at [file:/home/runner/work/key/key/key.ui/build/resources/test/logback.xml]
01:14:00,205 |-WARN in ch.qos.logback.classic.util.DefaultJoranConfigurator@2d1dee39 - Resource [logback.xml] occurs at [jar:file:/home/runner/work/key/key/key.ui/build/libs/key.ui-2.11.0.jar!/logback.xml]
01:14:00,205 |-WARN in ch.qos.logback.classic.util.DefaultJoranConfigurator@2d1dee39 - Resource [logback.xml] occurs at [file:/home/runner/work/key/key/key.ui/build/resources/main/logback.xml]
01:14:00,328 |-INFO in ch.qos.logback.core.model.processor.AppenderModelHandler - Processing appender named [STDOUT]
01:14:00,328 |-INFO in ch.qos.logback.core.model.processor.AppenderModelHandler - About to instantiate appender of type [ch.qos.logback.core.ConsoleAppender]
01:14:00,344 |-WARN in ch.qos.logback.core.model.processor.ImplicitModelHandler - Ignoring unknown property [file] in [ch.qos.logback.core.ConsoleAppender]
01:14:00,344 |-WARN in ch.qos.logback.core.model.processor.ImplicitModelHandler - Ignoring unknown property [append] in [ch.qos.logback.core.ConsoleAppender]
01:14:00,345 |-INFO in ch.qos.logback.core.model.processor.ImplicitModelHandler - Assuming default type [ch.qos.logback.classic.encoder.PatternLayoutEncoder] for [encoder] property
01:14:00,369 |-INFO in ch.qos.logback.classic.model.processor.RootLoggerModelHandler - Setting level of ROOT logger to WARN
01:14:00,371 |-INFO in ch.qos.logback.core.model.processor.AppenderRefModelHandler - Attaching appender named [STDOUT] to Logger[ROOT]
01:14:00,371 |-INFO in ch.qos.logback.core.model.processor.DefaultProcessor@48d5f34e - End of configuration.
01:14:00,372 |-INFO in ch.qos.logback.classic.joran.JoranConfigurator@fc258b1 - Registering current configuration as safe fallback point

]]></system-out>
  <system-err><![CDATA[]]></system-err>
</testsuite>
