<?xml version="1.0" encoding="UTF-8"?>
<testsuite name="org.key_project.exploration.ProofExplorationServiceTest" tests="3" skipped="0" failures="0" errors="0" timestamp="2023-05-15T08:56:39" hostname="fv-az319-950" time="23.532">
  <properties/>
  <testcase name="testAdditionAntec()" classname="org.key_project.exploration.ProofExplorationServiceTest" time="15.059"/>
  <testcase name="testChangeFormula()" classname="org.key_project.exploration.ProofExplorationServiceTest" time="4.421"/>
  <testcase name="testAdditionSucc()" classname="org.key_project.exploration.ProofExplorationServiceTest" time="4.047"/>
  <system-out><![CDATA[[08:56:39.897] ?[31mWARN ?[0;39m ?[36mProofIndependentSettings?[0;39m - The settings in C:\Users\runneradmin\.key\proofIndependentSettings.props are *not* read due to flag 'key.disregardSettings'
[08:56:39.912] ?[34mINFO ?[0;39m ?[36mAbstractProblemLoader?[0;39m - Loading environment from src\test\resources\org\key_project\exploration\testAdditions.key
[08:56:40.413] ?[34mINFO ?[0;39m ?[36mAbstractProblemLoader?[0;39m - Creating init config
[08:56:40.444] ?[31mWARN ?[0;39m ?[36mProofSettings?[0;39m - The settings in C:\Users\runneradmin\.key\proof-settings.props are *not* read.
[08:56:54.095] ?[34mINFO ?[0;39m ?[36mAbstractProblemLoader?[0;39m - Replaying proof testAdditions.key
[08:56:54.252] ?[34mINFO ?[0;39m ?[36mAbstractProblemLoader?[0;39m - Loading environment from src\test\resources\org\key_project\exploration\testAdditions.key
[08:56:54.283] ?[34mINFO ?[0;39m ?[36mAbstractProblemLoader?[0;39m - Creating init config
[08:56:58.551] ?[34mINFO ?[0;39m ?[36mAbstractProblemLoader?[0;39m - Replaying proof testAdditions.key
[08:56:58.676] ?[34mINFO ?[0;39m ?[36mAbstractProblemLoader?[0;39m - Loading environment from src\test\resources\org\key_project\exploration\testAdditions.key
[08:56:58.692] ?[34mINFO ?[0;39m ?[36mAbstractProblemLoader?[0;39m - Creating init config
[08:57:02.725] ?[34mINFO ?[0;39m ?[36mAbstractProblemLoader?[0;39m - Replaying proof testAdditions.key
]]></system-out>
  <system-err><![CDATA[]]></system-err>
</testsuite>
