<?xml version="1.0" encoding="UTF-8"?>
<testsuite name="de.uka.ilkd.key.symbolic_execution.testcase.strategy.TestMethodBreakpointWithConditions" tests="1" skipped="0" failures="0" errors="0" timestamp="2023-01-31T18:08:34" hostname="fv-az567-287" time="9.626">
  <properties/>
  <testcase name="testBreakpointStopCondition()" classname="de.uka.ilkd.key.symbolic_execution.testcase.strategy.TestMethodBreakpointWithConditions" time="9.626"/>
  <system-out><![CDATA[]]></system-out>
  <system-err><![CDATA[]]></system-err>
</testsuite>
