<?xml version="1.0" encoding="UTF-8"?>
<testsuite name="de.uka.ilkd.key.symbolic_execution.testcase.TestExecutionVariableExtractor" tests="16" skipped="0" failures="0" errors="0" timestamp="2023-01-31T17:48:14" hostname="fv-az567-287" time="95.031">
  <properties/>
  <testcase name="testUpdateVariablesTest()" classname="de.uka.ilkd.key.symbolic_execution.testcase.TestExecutionVariableExtractor" time="3.737"/>
  <testcase name="testVariableArrayIndex()" classname="de.uka.ilkd.key.symbolic_execution.testcase.TestExecutionVariableExtractor" time="3.94"/>
  <testcase name="testVariableMethodContractTest()" classname="de.uka.ilkd.key.symbolic_execution.testcase.TestExecutionVariableExtractor" time="4.619"/>
  <testcase name="testVariableVariablesArrayTest()" classname="de.uka.ilkd.key.symbolic_execution.testcase.TestExecutionVariableExtractor" time="6.464"/>
  <testcase name="testVariablesArrayAssignmentTest()" classname="de.uka.ilkd.key.symbolic_execution.testcase.TestExecutionVariableExtractor" time="4.183"/>
  <testcase name="testVariablesArrayCreationInstanceTest()" classname="de.uka.ilkd.key.symbolic_execution.testcase.TestExecutionVariableExtractor" time="6.743"/>
  <testcase name="testVariablesArrayCreationTest()" classname="de.uka.ilkd.key.symbolic_execution.testcase.TestExecutionVariableExtractor" time="5.6"/>
  <testcase name="testVariablesConditionalCycle()" classname="de.uka.ilkd.key.symbolic_execution.testcase.TestExecutionVariableExtractor" time="4.202"/>
  <testcase name="testVariablesConditionalValuesTest()" classname="de.uka.ilkd.key.symbolic_execution.testcase.TestExecutionVariableExtractor" time="6.551"/>
  <testcase name="testVariablesConditionalValuesTest_next()" classname="de.uka.ilkd.key.symbolic_execution.testcase.TestExecutionVariableExtractor" time="7.294"/>
  <testcase name="testVariablesEmptyArrayCreationTest()" classname="de.uka.ilkd.key.symbolic_execution.testcase.TestExecutionVariableExtractor" time="3.694"/>
  <testcase name="testVariablesLocalVariablesTest()" classname="de.uka.ilkd.key.symbolic_execution.testcase.TestExecutionVariableExtractor" time="3.318"/>
  <testcase name="testVariablesNonSimpleArrayAssignmentTest()" classname="de.uka.ilkd.key.symbolic_execution.testcase.TestExecutionVariableExtractor" time="12.607"/>
  <testcase name="testVariablesNonSimpleArrayCreationTest()" classname="de.uka.ilkd.key.symbolic_execution.testcase.TestExecutionVariableExtractor" time="5.629"/>
  <testcase name="testVariablesSimpleCycle()" classname="de.uka.ilkd.key.symbolic_execution.testcase.TestExecutionVariableExtractor" time="3.388"/>
  <testcase name="testVariablesWithQuantifier()" classname="de.uka.ilkd.key.symbolic_execution.testcase.TestExecutionVariableExtractor" time="13.054"/>
  <system-out><![CDATA[]]></system-out>
  <system-err><![CDATA[]]></system-err>
</testsuite>
