<?xml version="1.0" encoding="UTF-8"?>
<testsuite name="de.uka.ilkd.key.testcase.smt.testgen.TestTestgen" tests="1" skipped="0" failures="0" errors="0" timestamp="2023-06-05T09:49:44" hostname="fv-az553-997" time="5.655">
  <properties/>
  <testcase name="testMiddle()" classname="de.uka.ilkd.key.testcase.smt.testgen.TestTestgen" time="5.655"/>
  <system-out><![CDATA[20272      WARN  Test worker     d.u.i.k.t.s.t.TestTestgen Warning: Z3_CE is not installed, tests skipped. 
20272      WARN  Test worker     d.u.i.k.t.s.t.TestTestgen Maybe use JVM system property "z3SolverPath" to define the path to the Z3 command. 
20272      INFO  Test worker     d.u.i.k.p.i.AbstractProblemLoader Loading environment from src\test\resources\testcase\smt\tg\middle.key 
20272      DEBUG Test worker     d.u.i.k.p.i.AbstractProblemLoader Environment load took 702.4ns 
20287      INFO  Test worker     d.u.i.k.p.i.AbstractProblemLoader Creating init config 
25132      DEBUG Test worker     d.u.i.k.p.i.AbstractProblemLoader Init config took 4.85s 
25226      INFO  Test worker     d.u.i.k.p.i.AbstractProblemLoader Replaying proof Middle[Middle::middle(int,int,int)].JML normal_behavior operation contract.0 
25241      DEBUG Test worker     d.u.i.k.p.i.IntermediateProofReplayer Proof replay took 22.7ns 
]]></system-out>
  <system-err><![CDATA[]]></system-err>
</testsuite>
