<?xml version="1.0" encoding="UTF-8"?>
<testsuite name="de.uka.ilkd.key.rule.merge.PredicateAbstractionLatticeTests" tests="3" skipped="0" failures="0" errors="0" timestamp="2023-03-20T23:53:16" hostname="fv-az254-987" time="6.952">
  <properties/>
  <testcase name="testToAndFromString()" classname="de.uka.ilkd.key.rule.merge.PredicateAbstractionLatticeTests" time="3.498"/>
  <testcase name="testCreateSignLatticeWithPredicates()" classname="de.uka.ilkd.key.rule.merge.PredicateAbstractionLatticeTests" time="3.454"/>
  <testcase name="testTrivialPredicatesLattice()" classname="de.uka.ilkd.key.rule.merge.PredicateAbstractionLatticeTests" time="0.0"/>
  <system-out><![CDATA[]]></system-out>
  <system-err><![CDATA[]]></system-err>
</testsuite>
