<?xml version="1.0" encoding="UTF-8"?>
<testsuite name="de.uka.ilkd.key.proof.TestProofTree" tests="1" skipped="0" failures="0" errors="0" timestamp="2023-03-20T23:51:05" hostname="fv-az254-987" time="0.032">
  <properties/>
  <testcase name="testLeaves()" classname="de.uka.ilkd.key.proof.TestProofTree" time="0.032"/>
  <system-out><![CDATA[]]></system-out>
  <system-err><![CDATA[]]></system-err>
</testsuite>
