<?xml version="1.0" encoding="UTF-8"?>
<testsuite name="de.uka.ilkd.key.gui.plugins.javac.JavaCompilerCheckFacadeTest" tests="1" skipped="0" failures="0" errors="0" timestamp="2023-03-06T12:53:21" hostname="fv-az988-527" time="0.616">
  <properties/>
  <testcase name="compile1()" classname="de.uka.ilkd.key.gui.plugins.javac.JavaCompilerCheckFacadeTest" time="0.616"/>
  <system-out><![CDATA[/home/runner/work/key/key/key.ui/examples/firstTouch/06-BinarySearch/src
12:53:21,769 |-INFO in ch.qos.logback.classic.LoggerContext[default] - Could NOT find resource [logback-test.xml]
12:53:21,770 |-INFO in ch.qos.logback.classic.LoggerContext[default] - Found resource [logback.xml] at [file:/home/runner/work/key/key/key.ui/build/resources/test/logback.xml]
12:53:21,770 |-WARN in ch.qos.logback.classic.LoggerContext[default] - Resource [logback.xml] occurs multiple times on the classpath.
12:53:21,770 |-WARN in ch.qos.logback.classic.LoggerContext[default] - Resource [logback.xml] occurs at [file:/home/runner/work/key/key/key.ui/build/resources/test/logback.xml]
12:53:21,770 |-WARN in ch.qos.logback.classic.LoggerContext[default] - Resource [logback.xml] occurs at [jar:file:/home/runner/work/key/key/key.ui/build/libs/key.ui-2.11.0.jar!/logback.xml]
12:53:21,770 |-WARN in ch.qos.logback.classic.LoggerContext[default] - Resource [logback.xml] occurs at [file:/home/runner/work/key/key/key.ui/build/resources/main/logback.xml]
12:53:21,821 |-INFO in ch.qos.logback.classic.joran.action.ConfigurationAction - debug attribute not set
12:53:21,821 |-INFO in ch.qos.logback.core.joran.action.AppenderAction - About to instantiate appender of type [ch.qos.logback.core.ConsoleAppender]
12:53:21,826 |-INFO in ch.qos.logback.core.joran.action.AppenderAction - Naming appender as [STDOUT]
12:53:21,829 |-ERROR in ch.qos.logback.core.joran.spi.Interpreter@3:15 - no applicable action for [file], current ElementPath  is [[configuration][appender][file]]
12:53:21,829 |-ERROR in ch.qos.logback.core.joran.spi.Interpreter@4:17 - no applicable action for [append], current ElementPath  is [[configuration][appender][append]]
12:53:21,830 |-INFO in ch.qos.logback.core.joran.action.NestedComplexPropertyIA - Assuming default type [ch.qos.logback.classic.encoder.PatternLayoutEncoder] for [encoder] property
12:53:21,844 |-INFO in ch.qos.logback.classic.joran.action.RootLoggerAction - Setting level of ROOT logger to WARN
12:53:21,844 |-INFO in ch.qos.logback.core.joran.action.AppenderRefAction - Attaching appender named [STDOUT] to Logger[ROOT]
12:53:21,844 |-INFO in ch.qos.logback.classic.joran.action.ConfigurationAction - End of configuration.
12:53:21,845 |-INFO in ch.qos.logback.classic.joran.JoranConfigurator@6bb75258 - Registering current configuration as safe fallback point

]]></system-out>
  <system-err><![CDATA[]]></system-err>
</testsuite>
