<?xml version="1.0" encoding="UTF-8"?>
<testsuite name="de.uka.ilkd.key.parser.TestTermParserSorts" tests="2" skipped="0" failures="0" errors="0" timestamp="2023-05-27T16:30:12" hostname="fv-az282-56" time="2.766">
  <properties/>
  <testcase name="testParseIntegerArgs()" classname="de.uka.ilkd.key.parser.TestTermParserSorts" time="0.015"/>
  <testcase name="testParseSequencePrettySyntax()" classname="de.uka.ilkd.key.parser.TestTermParserSorts" time="0.003"/>
  <system-out><![CDATA[402263     INFO  Test worker     d.u.i.k.n.KeyIO           Parsing took 0 ms 
402263     DEBUG Test worker     d.u.i.k.n.KeyIO           Load declarations of de.uka.ilkd.key.nparser.KeyAst$File:  <unknown>:1#1 
402263     INFO  Test worker     d.u.i.k.n.KeyIO           MODE: declarations took 0 ms 
402263     DEBUG Test worker     d.u.i.k.n.KeyIO           MODE: 2nd degree decls took 0 
402263     INFO  Test worker     d.u.i.k.n.KeyIO           Parsing took 0 ms 
402263     DEBUG Test worker     d.u.i.k.n.KeyIO           Load declarations of de.uka.ilkd.key.nparser.KeyAst$File:  <unknown>:1#1 
402263     INFO  Test worker     d.u.i.k.n.KeyIO           MODE: declarations took 0 ms 
402263     DEBUG Test worker     d.u.i.k.n.KeyIO           MODE: 2nd degree decls took 0 
402263     INFO  Test worker     d.u.i.k.n.KeyIO           Parsing took 0 ms 
402263     DEBUG Test worker     d.u.i.k.n.KeyIO           Load declarations of de.uka.ilkd.key.nparser.KeyAst$File:  <unknown>:1#1 
402263     INFO  Test worker     d.u.i.k.n.KeyIO           MODE: declarations took 0 ms 
402263     DEBUG Test worker     d.u.i.k.n.KeyIO           MODE: 2nd degree decls took 0 
405023     INFO  Test worker     d.u.i.k.n.KeyIO           Parsing took 0 ms 
405023     DEBUG Test worker     d.u.i.k.n.KeyIO           Load declarations of de.uka.ilkd.key.nparser.KeyAst$File:  <unknown>:1#1 
405023     INFO  Test worker     d.u.i.k.n.KeyIO           MODE: declarations took 0 ms 
405023     DEBUG Test worker     d.u.i.k.n.KeyIO           MODE: 2nd degree decls took 0 
405023     INFO  Test worker     d.u.i.k.n.KeyIO           Parsing took 0 ms 
405023     DEBUG Test worker     d.u.i.k.n.KeyIO           Load declarations of de.uka.ilkd.key.nparser.KeyAst$File:  <unknown>:1#1 
405023     INFO  Test worker     d.u.i.k.n.KeyIO           MODE: declarations took 0 ms 
405023     DEBUG Test worker     d.u.i.k.n.KeyIO           MODE: 2nd degree decls took 0 
405023     INFO  Test worker     d.u.i.k.n.KeyIO           Parsing took 0 ms 
405023     DEBUG Test worker     d.u.i.k.n.KeyIO           Load declarations of de.uka.ilkd.key.nparser.KeyAst$File:  <unknown>:1#1 
405023     INFO  Test worker     d.u.i.k.n.KeyIO           MODE: declarations took 0 ms 
405023     DEBUG Test worker     d.u.i.k.n.KeyIO           MODE: 2nd degree decls took 0 
]]></system-out>
  <system-err><![CDATA[]]></system-err>
</testsuite>
