<?xml version="1.0" encoding="UTF-8"?>
<testsuite name="de.uka.ilkd.key.parser.TestDeclParser" tests="14" skipped="2" failures="0" errors="0" timestamp="2023-05-27T16:26:54" hostname="fv-az282-56" time="10.651">
  <properties/>
  <testcase name="testGenericSortDecl1()" classname="de.uka.ilkd.key.parser.TestDeclParser" time="1.005"/>
  <testcase name="testGenericSortDecl2()" classname="de.uka.ilkd.key.parser.TestDeclParser" time="0.927"/>
  <testcase name="testGenericSortDecl3()" classname="de.uka.ilkd.key.parser.TestDeclParser" time="0.817"/>
  <testcase name="testGenericSortDecl4()" classname="de.uka.ilkd.key.parser.TestDeclParser" time="0.896"/>
  <testcase name="testGenericSortDecl5()" classname="de.uka.ilkd.key.parser.TestDeclParser" time="0.001">
    <skipped/>
  </testcase>
  <testcase name="testGenericSortDecl6()" classname="de.uka.ilkd.key.parser.TestDeclParser" time="0.827"/>
  <testcase name="testSortDecl()" classname="de.uka.ilkd.key.parser.TestDeclParser" time="0.901"/>
  <testcase name="testProxySortDecl()" classname="de.uka.ilkd.key.parser.TestDeclParser" time="0.907"/>
  <testcase name="testArrayDecl()" classname="de.uka.ilkd.key.parser.TestDeclParser" time="0.83"/>
  <testcase name="testAmbiguousDecls()" classname="de.uka.ilkd.key.parser.TestDeclParser" time="0.0">
    <skipped/>
  </testcase>
  <testcase name="testHeurDecl()" classname="de.uka.ilkd.key.parser.TestDeclParser" time="0.905"/>
  <testcase name="testFunctionDecl()" classname="de.uka.ilkd.key.parser.TestDeclParser" time="0.908"/>
  <testcase name="testPredicateDecl()" classname="de.uka.ilkd.key.parser.TestDeclParser" time="0.826"/>
  <testcase name="testSVDecl()" classname="de.uka.ilkd.key.parser.TestDeclParser" time="0.896"/>
  <system-out><![CDATA[205065     INFO  Test worker     d.u.i.k.n.KeyIO           Parsing took 0 ms 
205065     DEBUG Test worker     d.u.i.k.n.KeyIO           Load declarations of de.uka.ilkd.key.nparser.KeyAst$File:  <unknown>:1#1 
205065     INFO  Test worker     d.u.i.k.n.KeyIO           MODE: declarations took 0 ms 
205065     DEBUG Test worker     d.u.i.k.n.KeyIO           MODE: 2nd degree decls took 0 
205065     DEBUG Test worker     d.u.i.k.n.KeyIO           MODE: taclets took 0ms 
206007     INFO  Test worker     d.u.i.k.n.KeyIO           Parsing took 0 ms 
206007     DEBUG Test worker     d.u.i.k.n.KeyIO           Load declarations of de.uka.ilkd.key.nparser.KeyAst$File:  <unknown>:1#1 
206007     INFO  Test worker     d.u.i.k.n.KeyIO           MODE: declarations took 0 ms 
206007     DEBUG Test worker     d.u.i.k.n.KeyIO           MODE: 2nd degree decls took 0 
206007     DEBUG Test worker     d.u.i.k.n.KeyIO           MODE: taclets took 0ms 
206820     INFO  Test worker     d.u.i.k.n.KeyIO           Parsing took 0 ms 
206820     DEBUG Test worker     d.u.i.k.n.KeyIO           Load declarations of de.uka.ilkd.key.nparser.KeyAst$File:  <unknown>:1#1 
206820     INFO  Test worker     d.u.i.k.n.KeyIO           MODE: declarations took 0 ms 
206820     DEBUG Test worker     d.u.i.k.n.KeyIO           MODE: 2nd degree decls took 0 
206820     DEBUG Test worker     d.u.i.k.n.KeyIO           MODE: taclets took 0ms 
207711     INFO  Test worker     d.u.i.k.n.KeyIO           Parsing took 0 ms 
207711     DEBUG Test worker     d.u.i.k.n.KeyIO           Load declarations of de.uka.ilkd.key.nparser.KeyAst$File:  <unknown>:1#1 
207711     INFO  Test worker     d.u.i.k.n.KeyIO           MODE: declarations took 0 ms 
207711     DEBUG Test worker     d.u.i.k.n.KeyIO           MODE: 2nd degree decls took 0 
207711     DEBUG Test worker     d.u.i.k.n.KeyIO           MODE: taclets took 0ms 
208544     INFO  Test worker     d.u.i.k.n.KeyIO           Parsing took 0 ms 
208544     DEBUG Test worker     d.u.i.k.n.KeyIO           Load declarations of de.uka.ilkd.key.nparser.KeyAst$File:  <unknown>:1#1 
208544     INFO  Test worker     d.u.i.k.n.KeyIO           MODE: declarations took 0 ms 
208544     DEBUG Test worker     d.u.i.k.n.KeyIO           MODE: 2nd degree decls took 0 
208544     DEBUG Test worker     d.u.i.k.n.KeyIO           MODE: taclets took 0ms 
209451     INFO  Test worker     d.u.i.k.n.KeyIO           Parsing took 0 ms 
209451     DEBUG Test worker     d.u.i.k.n.KeyIO           Load declarations of de.uka.ilkd.key.nparser.KeyAst$File:  <unknown>:1#1 
209451     INFO  Test worker     d.u.i.k.n.KeyIO           MODE: declarations took 0 ms 
209451     DEBUG Test worker     d.u.i.k.n.KeyIO           MODE: 2nd degree decls took 0 
209451     DEBUG Test worker     d.u.i.k.n.KeyIO           MODE: taclets took 0ms 
210361     INFO  Test worker     d.u.i.k.n.KeyIO           Parsing took 0 ms 
210361     DEBUG Test worker     d.u.i.k.n.KeyIO           Load declarations of de.uka.ilkd.key.nparser.KeyAst$File:  <unknown>:1#1 
210361     INFO  Test worker     d.u.i.k.n.KeyIO           MODE: declarations took 0 ms 
210361     DEBUG Test worker     d.u.i.k.n.KeyIO           MODE: 2nd degree decls took 0 
210361     DEBUG Test worker     d.u.i.k.n.KeyIO           MODE: taclets took 0ms 
211194     INFO  Test worker     d.u.i.k.n.KeyIO           Parsing took 0 ms 
211194     DEBUG Test worker     d.u.i.k.n.KeyIO           Load declarations of de.uka.ilkd.key.nparser.KeyAst$File:  <unknown>:1#1 
211194     INFO  Test worker     d.u.i.k.n.KeyIO           MODE: declarations took 0 ms 
211194     DEBUG Test worker     d.u.i.k.n.KeyIO           MODE: 2nd degree decls took 0 
211194     DEBUG Test worker     d.u.i.k.n.KeyIO           MODE: taclets took 0ms 
212101     INFO  Test worker     d.u.i.k.n.KeyIO           Parsing took 0 ms 
212101     DEBUG Test worker     d.u.i.k.n.KeyIO           Load declarations of de.uka.ilkd.key.nparser.KeyAst$File:  <unknown>:1#1 
212101     INFO  Test worker     d.u.i.k.n.KeyIO           MODE: declarations took 0 ms 
212101     DEBUG Test worker     d.u.i.k.n.KeyIO           MODE: 2nd degree decls took 0 
212101     DEBUG Test worker     d.u.i.k.n.KeyIO           MODE: taclets took 0ms 
213003     INFO  Test worker     d.u.i.k.n.KeyIO           Parsing took 0 ms 
213003     DEBUG Test worker     d.u.i.k.n.KeyIO           Load declarations of de.uka.ilkd.key.nparser.KeyAst$File:  <unknown>:1#1 
213003     INFO  Test worker     d.u.i.k.n.KeyIO           MODE: declarations took 0 ms 
213003     DEBUG Test worker     d.u.i.k.n.KeyIO           MODE: 2nd degree decls took 0 
213003     DEBUG Test worker     d.u.i.k.n.KeyIO           MODE: taclets took 0ms 
213833     INFO  Test worker     d.u.i.k.n.KeyIO           Parsing took 0 ms 
213833     DEBUG Test worker     d.u.i.k.n.KeyIO           Load declarations of de.uka.ilkd.key.nparser.KeyAst$File:  <unknown>:1#1 
213833     INFO  Test worker     d.u.i.k.n.KeyIO           MODE: declarations took 0 ms 
213833     DEBUG Test worker     d.u.i.k.n.KeyIO           MODE: 2nd degree decls took 0 
213833     DEBUG Test worker     d.u.i.k.n.KeyIO           MODE: taclets took 0ms 
214725     INFO  Test worker     d.u.i.k.n.KeyIO           Parsing took 0 ms 
214725     DEBUG Test worker     d.u.i.k.n.KeyIO           Load declarations of de.uka.ilkd.key.nparser.KeyAst$File:  <unknown>:1#1 
214725     INFO  Test worker     d.u.i.k.n.KeyIO           MODE: declarations took 0 ms 
214725     DEBUG Test worker     d.u.i.k.n.KeyIO           MODE: 2nd degree decls took 0 
214725     DEBUG Test worker     d.u.i.k.n.KeyIO           MODE: taclets took 0ms 
]]></system-out>
  <system-err><![CDATA[]]></system-err>
</testsuite>
