<?xml version="1.0" encoding="UTF-8"?>
<testsuite name="de.uka.ilkd.key.logic.TestTermLabelManager" tests="21" skipped="0" failures="0" errors="0" timestamp="2023-05-27T16:25:15" hostname="fv-az282-56" time="53.767">
  <properties/>
  <testcase name="testInstantiateLabels_directChildPolicies_allRules()" classname="de.uka.ilkd.key.logic.TestTermLabelManager" time="4.0"/>
  <testcase name="testInstantiateLabels_childAndGrandchildPolicies_ruleSpecific()" classname="de.uka.ilkd.key.logic.TestTermLabelManager" time="2.908"/>
  <testcase name="testParseLabel()" classname="de.uka.ilkd.key.logic.TestTermLabelManager" time="2.773"/>
  <testcase name="testrefactorGoal_childrenAndGrandchildren_ruleSpecific()" classname="de.uka.ilkd.key.logic.TestTermLabelManager" time="2.855"/>
  <testcase name="testrefactorGoal_directChildren_allRules()" classname="de.uka.ilkd.key.logic.TestTermLabelManager" time="2.827"/>
  <testcase name="testInstantiateLabels_childAndGrandchildPolicies_allRules()" classname="de.uka.ilkd.key.logic.TestTermLabelManager" time="2.85"/>
  <testcase name="testInstantiateLabels_taclet()" classname="de.uka.ilkd.key.logic.TestTermLabelManager" time="2.736"/>
  <testcase name="testrefactorGoal_none_ruleSpecific()" classname="de.uka.ilkd.key.logic.TestTermLabelManager" time="2.709"/>
  <testcase name="testInstantiateLabels_updates_ruleSpecific()" classname="de.uka.ilkd.key.logic.TestTermLabelManager" time="2.697"/>
  <testcase name="testrefactorGoal_sequent_ruleSpecific()" classname="de.uka.ilkd.key.logic.TestTermLabelManager" time="2.721"/>
  <testcase name="testInstantiateLabels_updates_allRules()" classname="de.uka.ilkd.key.logic.TestTermLabelManager" time="2.762"/>
  <testcase name="testrefactorGoal_sequent_allRules()" classname="de.uka.ilkd.key.logic.TestTermLabelManager" time="2.722"/>
  <testcase name="testrefactorGoal_childrenAndGrandchildren_allRules()" classname="de.uka.ilkd.key.logic.TestTermLabelManager" time="2.762"/>
  <testcase name="testGetTermLabelManager()" classname="de.uka.ilkd.key.logic.TestTermLabelManager" time="0.005"/>
  <testcase name="testInstantiateLabels_applicationTermPolicies()" classname="de.uka.ilkd.key.logic.TestTermLabelManager" time="2.747"/>
  <testcase name="testInstantiateLabels_modalityTermPolicies()" classname="de.uka.ilkd.key.logic.TestTermLabelManager" time="2.742"/>
  <testcase name="testrefactorGoal_none_allRules()" classname="de.uka.ilkd.key.logic.TestTermLabelManager" time="2.756"/>
  <testcase name="testInstantiateLabels_null()" classname="de.uka.ilkd.key.logic.TestTermLabelManager" time="0.001"/>
  <testcase name="testrefactorGoal_directChildren_ruleSpecific()" classname="de.uka.ilkd.key.logic.TestTermLabelManager" time="2.732"/>
  <testcase name="testInstantiateLabels_directChildPolicies_ruleSpecific()" classname="de.uka.ilkd.key.logic.TestTermLabelManager" time="2.726"/>
  <testcase name="testGetSupportedTermLabelNames()" classname="de.uka.ilkd.key.logic.TestTermLabelManager" time="2.724"/>
  <system-out><![CDATA[105673     INFO  Test worker     d.u.i.k.p.i.AbstractProblemLoader Loading environment from src\test\resources\testcase\termLabels\flatSteps\FlatSteps.java 
105673     DEBUG Test worker     d.u.i.k.p.i.AbstractProblemLoader Environment load took 262.2ns 
105673     INFO  Test worker     d.u.i.k.p.i.AbstractProblemLoader Creating init config 
105814     DEBUG Test worker     d.u.i.k.j.TypeConverter   No LDT found for Meta 
105814     DEBUG Test worker     d.u.i.k.j.TypeConverter   No LDT found for Meta 
105814     DEBUG Test worker     d.u.i.k.j.TypeConverter   No LDT found for Meta 
105814     DEBUG Test worker     d.u.i.k.j.TypeConverter   No LDT found for Meta 
106520     DEBUG Test worker     d.u.i.k.j.TypeConverter   No LDT found for JavaBigintExpression 
109643     DEBUG Test worker     d.u.i.k.p.i.AbstractProblemLoader Init config took 3.98s 
109658     INFO  Test worker     d.u.i.k.p.i.AbstractProblemLoader Loading environment from src\test\resources\testcase\termLabels\flatSteps\FlatSteps.java 
109658     DEBUG Test worker     d.u.i.k.p.i.AbstractProblemLoader Environment load took 243.4ns 
109658     INFO  Test worker     d.u.i.k.p.i.AbstractProblemLoader Creating init config 
112564     DEBUG Test worker     d.u.i.k.p.i.AbstractProblemLoader Init config took 2.9s 
112564     INFO  Test worker     d.u.i.k.p.i.AbstractProblemLoader Loading environment from src\test\resources\testcase\termLabels\flatSteps\FlatSteps.java 
112564     DEBUG Test worker     d.u.i.k.p.i.AbstractProblemLoader Environment load took 293ns 
112564     INFO  Test worker     d.u.i.k.p.i.AbstractProblemLoader Creating init config 
115340     DEBUG Test worker     d.u.i.k.p.i.AbstractProblemLoader Init config took 2.77s 
115340     INFO  Test worker     d.u.i.k.p.i.AbstractProblemLoader Loading environment from src\test\resources\testcase\termLabels\flatSteps\FlatSteps.java 
115340     DEBUG Test worker     d.u.i.k.p.i.AbstractProblemLoader Environment load took 223.3ns 
115355     INFO  Test worker     d.u.i.k.p.i.AbstractProblemLoader Creating init config 
118190     DEBUG Test worker     d.u.i.k.p.i.AbstractProblemLoader Init config took 2.84s 
118205     INFO  Test worker     d.u.i.k.p.i.AbstractProblemLoader Loading environment from src\test\resources\testcase\termLabels\flatSteps\FlatSteps.java 
118205     DEBUG Test worker     d.u.i.k.p.i.AbstractProblemLoader Environment load took 183.6ns 
118205     INFO  Test worker     d.u.i.k.p.i.AbstractProblemLoader Creating init config 
121023     DEBUG Test worker     d.u.i.k.p.i.AbstractProblemLoader Init config took 2.81s 
121023     INFO  Test worker     d.u.i.k.p.i.AbstractProblemLoader Loading environment from src\test\resources\testcase\termLabels\flatSteps\FlatSteps.java 
121023     DEBUG Test worker     d.u.i.k.p.i.AbstractProblemLoader Environment load took 217.2ns 
121023     INFO  Test worker     d.u.i.k.p.i.AbstractProblemLoader Creating init config 
123873     DEBUG Test worker     d.u.i.k.p.i.AbstractProblemLoader Init config took 2.84s 
123873     INFO  Test worker     d.u.i.k.p.i.AbstractProblemLoader Loading environment from src\test\resources\testcase\termLabels\flatSteps\FlatSteps.java 
123873     DEBUG Test worker     d.u.i.k.p.i.AbstractProblemLoader Environment load took 254.6ns 
123889     INFO  Test worker     d.u.i.k.p.i.AbstractProblemLoader Creating init config 
126610     DEBUG Test worker     d.u.i.k.p.i.AbstractProblemLoader Init config took 2.72s 
126610     INFO  Test worker     d.u.i.k.p.i.AbstractProblemLoader Loading environment from src\test\resources\testcase\termLabels\flatSteps\FlatSteps.java 
126610     DEBUG Test worker     d.u.i.k.p.i.AbstractProblemLoader Environment load took 476.3ns 
126610     INFO  Test worker     d.u.i.k.p.i.AbstractProblemLoader Creating init config 
129309     DEBUG Test worker     d.u.i.k.p.i.AbstractProblemLoader Init config took 2.69s 
129325     INFO  Test worker     d.u.i.k.p.i.AbstractProblemLoader Loading environment from src\test\resources\testcase\termLabels\flatSteps\FlatSteps.java 
129325     DEBUG Test worker     d.u.i.k.p.i.AbstractProblemLoader Environment load took 1.6ms 
129325     INFO  Test worker     d.u.i.k.p.i.AbstractProblemLoader Creating init config 
132018     DEBUG Test worker     d.u.i.k.p.i.AbstractProblemLoader Init config took 2.69s 
132018     INFO  Test worker     d.u.i.k.p.i.AbstractProblemLoader Loading environment from src\test\resources\testcase\termLabels\flatSteps\FlatSteps.java 
132018     DEBUG Test worker     d.u.i.k.p.i.AbstractProblemLoader Environment load took 186.8ns 
132034     INFO  Test worker     d.u.i.k.p.i.AbstractProblemLoader Creating init config 
134738     DEBUG Test worker     d.u.i.k.p.i.AbstractProblemLoader Init config took 2.71s 
134754     INFO  Test worker     d.u.i.k.p.i.AbstractProblemLoader Loading environment from src\test\resources\testcase\termLabels\flatSteps\FlatSteps.java 
134754     DEBUG Test worker     d.u.i.k.p.i.AbstractProblemLoader Environment load took 218.5ns 
134754     INFO  Test worker     d.u.i.k.p.i.AbstractProblemLoader Creating init config 
137486     DEBUG Test worker     d.u.i.k.p.i.AbstractProblemLoader Init config took 2.74s 
137502     INFO  Test worker     d.u.i.k.p.i.AbstractProblemLoader Loading environment from src\test\resources\testcase\termLabels\flatSteps\FlatSteps.java 
137502     DEBUG Test worker     d.u.i.k.p.i.AbstractProblemLoader Environment load took 501.4ns 
137502     INFO  Test worker     d.u.i.k.p.i.AbstractProblemLoader Creating init config 
140209     DEBUG Test worker     d.u.i.k.p.i.AbstractProblemLoader Init config took 2.71s 
140225     INFO  Test worker     d.u.i.k.p.i.AbstractProblemLoader Loading environment from src\test\resources\testcase\termLabels\flatSteps\FlatSteps.java 
140225     DEBUG Test worker     d.u.i.k.p.i.AbstractProblemLoader Environment load took 312.5ns 
140225     INFO  Test worker     d.u.i.k.p.i.AbstractProblemLoader Creating init config 
142972     DEBUG Test worker     d.u.i.k.p.i.AbstractProblemLoader Init config took 2.75s 
143003     INFO  Test worker     d.u.i.k.p.i.AbstractProblemLoader Loading environment from src\test\resources\testcase\termLabels\flatSteps\FlatSteps.java 
143003     DEBUG Test worker     d.u.i.k.p.i.AbstractProblemLoader Environment load took 521.5ns 
143003     INFO  Test worker     d.u.i.k.p.i.AbstractProblemLoader Creating init config 
145750     DEBUG Test worker     d.u.i.k.p.i.AbstractProblemLoader Init config took 2.74s 
145750     INFO  Test worker     d.u.i.k.p.i.AbstractProblemLoader Loading environment from src\test\resources\testcase\termLabels\flatSteps\FlatSteps.java 
145750     DEBUG Test worker     d.u.i.k.p.i.AbstractProblemLoader Environment load took 249.4ns 
145750     INFO  Test worker     d.u.i.k.p.i.AbstractProblemLoader Creating init config 
148486     DEBUG Test worker     d.u.i.k.p.i.AbstractProblemLoader Init config took 2.73s 
148486     INFO  Test worker     d.u.i.k.p.i.AbstractProblemLoader Loading environment from src\test\resources\testcase\termLabels\flatSteps\FlatSteps.java 
148486     DEBUG Test worker     d.u.i.k.p.i.AbstractProblemLoader Environment load took 197.9ns 
148486     INFO  Test worker     d.u.i.k.p.i.AbstractProblemLoader Creating init config 
151224     DEBUG Test worker     d.u.i.k.p.i.AbstractProblemLoader Init config took 2.74s 
151240     INFO  Test worker     d.u.i.k.p.i.AbstractProblemLoader Loading environment from src\test\resources\testcase\termLabels\flatSteps\FlatSteps.java 
151240     DEBUG Test worker     d.u.i.k.p.i.AbstractProblemLoader Environment load took 219.7ns 
151240     INFO  Test worker     d.u.i.k.p.i.AbstractProblemLoader Creating init config 
153975     DEBUG Test worker     d.u.i.k.p.i.AbstractProblemLoader Init config took 2.73s 
153975     INFO  Test worker     d.u.i.k.p.i.AbstractProblemLoader Loading environment from src\test\resources\testcase\termLabels\flatSteps\FlatSteps.java 
153991     DEBUG Test worker     d.u.i.k.p.i.AbstractProblemLoader Environment load took 209.1ns 
153991     INFO  Test worker     d.u.i.k.p.i.AbstractProblemLoader Creating init config 
156707     DEBUG Test worker     d.u.i.k.p.i.AbstractProblemLoader Init config took 2.72s 
156707     INFO  Test worker     d.u.i.k.p.i.AbstractProblemLoader Loading environment from src\test\resources\testcase\termLabels\flatSteps\FlatSteps.java 
156707     DEBUG Test worker     d.u.i.k.p.i.AbstractProblemLoader Environment load took 557.6ns 
156707     INFO  Test worker     d.u.i.k.p.i.AbstractProblemLoader Creating init config 
159425     DEBUG Test worker     d.u.i.k.p.i.AbstractProblemLoader Init config took 2.71s 
]]></system-out>
  <system-err><![CDATA[]]></system-err>
</testsuite>
