<?xml version="1.0" encoding="UTF-8"?>
<testsuite name="de.uka.ilkd.key.rule.merge.PredicateAbstractionLatticeTests" tests="3" skipped="0" failures="0" errors="0" timestamp="2023-05-27T16:32:15" hostname="fv-az282-56" time="5.5">
  <properties/>
  <testcase name="testToAndFromString()" classname="de.uka.ilkd.key.rule.merge.PredicateAbstractionLatticeTests" time="2.796"/>
  <testcase name="testCreateSignLatticeWithPredicates()" classname="de.uka.ilkd.key.rule.merge.PredicateAbstractionLatticeTests" time="2.704"/>
  <testcase name="testTrivialPredicatesLattice()" classname="de.uka.ilkd.key.rule.merge.PredicateAbstractionLatticeTests" time="0.0"/>
  <system-out><![CDATA[525578     INFO  Test worker     d.u.i.k.p.i.AbstractProblemLoader Loading environment from src\test\resources\testcase\merge\dummy.key 
525578     DEBUG Test worker     d.u.i.k.p.i.AbstractProblemLoader Environment load took 430.7ns 
525578     INFO  Test worker     d.u.i.k.p.i.AbstractProblemLoader Creating init config 
528362     DEBUG Test worker     d.u.i.k.p.i.AbstractProblemLoader Init config took 2.78s 
528362     INFO  Test worker     d.u.i.k.p.i.AbstractProblemLoader Replaying proof dummy.key 
528377     DEBUG Test worker     d.u.i.k.p.i.IntermediateProofReplayer Proof replay took 51.5ns 
528377     INFO  Test worker     d.u.i.k.p.i.AbstractProblemLoader Loading environment from src\test\resources\testcase\merge\dummy.key 
528377     DEBUG Test worker     d.u.i.k.p.i.AbstractProblemLoader Environment load took 115.2ns 
528377     INFO  Test worker     d.u.i.k.p.i.AbstractProblemLoader Creating init config 
531063     DEBUG Test worker     d.u.i.k.p.i.AbstractProblemLoader Init config took 2.68s 
531063     INFO  Test worker     d.u.i.k.p.i.AbstractProblemLoader Replaying proof dummy.key 
531079     DEBUG Test worker     d.u.i.k.p.i.IntermediateProofReplayer Proof replay took 4.4ns 
]]></system-out>
  <system-err><![CDATA[]]></system-err>
</testsuite>
