<?xml version="1.0" encoding="UTF-8"?>
<testsuite name="de.uka.ilkd.key.nparser.ParseLDTsTests" tests="2" skipped="0" failures="0" errors="0" timestamp="2023-05-27T16:26:43" hostname="fv-az282-56" time="0.907">
  <properties/>
  <testcase name="testLDT()" classname="de.uka.ilkd.key.nparser.ParseLDTsTests" time="0.026"/>
  <testcase name="testSR()" classname="de.uka.ilkd.key.nparser.ParseLDTsTests" time="0.88"/>
  <system-out><![CDATA[193112     DEBUG Test worker     d.u.i.k.n.ParsingFacade   PARSING file:/D:/a/key/key/key.core/build/resources/main/de/uka/ilkd/key/proof/rules/ldt.key took 0 ms 
193112     DEBUG Test worker     d.u.i.k.n.ParsingFacade   PARSING file:/D:/a/key/key/key.core/build/resources/main/de/uka/ilkd/key/proof/rules/charListHeader.key took 0 ms 
193112     DEBUG Test worker     d.u.i.k.n.ParsingFacade   PARSING file:/D:/a/key/key/key.core/build/resources/main/de/uka/ilkd/key/proof/rules/wellfound.key took 0 ms 
193112     DEBUG Test worker     d.u.i.k.n.ParsingFacade   PARSING file:/D:/a/key/key/key.core/build/resources/main/de/uka/ilkd/key/proof/rules/freeADT.key took 0 ms 
193112     DEBUG Test worker     d.u.i.k.n.ParsingFacade   PARSING file:/D:/a/key/key/key.core/build/resources/main/de/uka/ilkd/key/proof/rules/map.key took 0 ms 
193127     DEBUG Test worker     d.u.i.k.n.ParsingFacade   PARSING file:/D:/a/key/key/key.core/build/resources/main/de/uka/ilkd/key/proof/rules/seq.key took 15 ms 
193127     DEBUG Test worker     d.u.i.k.n.ParsingFacade   PARSING file:/D:/a/key/key/key.core/build/resources/main/de/uka/ilkd/key/proof/rules/reach.key took 0 ms 
193127     DEBUG Test worker     d.u.i.k.n.ParsingFacade   PARSING file:/D:/a/key/key/key.core/build/resources/main/de/uka/ilkd/key/proof/rules/permission.key took 0 ms 
193127     DEBUG Test worker     d.u.i.k.n.ParsingFacade   PARSING file:/D:/a/key/key/key.core/build/resources/main/de/uka/ilkd/key/proof/rules/locSets.key took 0 ms 
193127     DEBUG Test worker     d.u.i.k.n.ParsingFacade   PARSING file:/D:/a/key/key/key.core/build/resources/main/de/uka/ilkd/key/proof/rules/heap.key took 0 ms 
193127     DEBUG Test worker     d.u.i.k.n.ParsingFacade   PARSING file:/D:/a/key/key/key.core/build/resources/main/de/uka/ilkd/key/proof/rules/floatHeader.key took 0 ms 
193127     DEBUG Test worker     d.u.i.k.n.ParsingFacade   PARSING file:/D:/a/key/key/key.core/build/resources/main/de/uka/ilkd/key/proof/rules/integerHeader.key took 0 ms 
193127     DEBUG Test worker     d.u.i.k.n.ParsingFacade   PARSING file:/D:/a/key/key/key.core/build/resources/main/de/uka/ilkd/key/proof/rules/ruleSetsDeclarations.key took 0 ms 
193127     DEBUG Test worker     d.u.i.k.n.ParsingFacade   PARSING file:/D:/a/key/key/key.core/build/resources/main/de/uka/ilkd/key/proof/rules/boolean.key took 0 ms 
193127     INFO  Test worker     d.u.i.k.n.KeyIO           Parsing took 15 ms 
193127     DEBUG Test worker     d.u.i.k.n.KeyIO           Load declarations of de.uka.ilkd.key.nparser.KeyAst$File:  file:/D:/a/key/key/key.core/build/resources/main/de/uka/ilkd/key/proof/rules/boolean.key:1#1 
193127     DEBUG Test worker     d.u.i.k.n.KeyIO           Load declarations of de.uka.ilkd.key.nparser.KeyAst$File:  file:/D:/a/key/key/key.core/build/resources/main/de/uka/ilkd/key/proof/rules/ruleSetsDeclarations.key:5#1 
193127     DEBUG Test worker     d.u.i.k.n.KeyIO           Load declarations of de.uka.ilkd.key.nparser.KeyAst$File:  file:/D:/a/key/key/key.core/build/resources/main/de/uka/ilkd/key/proof/rules/integerHeader.key:1#1 
193127     DEBUG Test worker     d.u.i.k.n.KeyIO           Load declarations of de.uka.ilkd.key.nparser.KeyAst$File:  file:/D:/a/key/key/key.core/build/resources/main/de/uka/ilkd/key/proof/rules/floatHeader.key:14#1 
193127     DEBUG Test worker     d.u.i.k.n.KeyIO           Load declarations of de.uka.ilkd.key.nparser.KeyAst$File:  file:/D:/a/key/key/key.core/build/resources/main/de/uka/ilkd/key/proof/rules/heap.key:4#1 
193127     DEBUG Test worker     d.u.i.k.n.KeyIO           Load declarations of de.uka.ilkd.key.nparser.KeyAst$File:  file:/D:/a/key/key/key.core/build/resources/main/de/uka/ilkd/key/proof/rules/locSets.key:4#1 
193127     DEBUG Test worker     d.u.i.k.n.KeyIO           Load declarations of de.uka.ilkd.key.nparser.KeyAst$File:  file:/D:/a/key/key/key.core/build/resources/main/de/uka/ilkd/key/proof/rules/permission.key:1#1 
193127     DEBUG Test worker     d.u.i.k.n.KeyIO           Load declarations of de.uka.ilkd.key.nparser.KeyAst$File:  file:/D:/a/key/key/key.core/build/resources/main/de/uka/ilkd/key/proof/rules/reach.key:3#1 
193127     DEBUG Test worker     d.u.i.k.n.KeyIO           Load declarations of de.uka.ilkd.key.nparser.KeyAst$File:  file:/D:/a/key/key/key.core/build/resources/main/de/uka/ilkd/key/proof/rules/seq.key:11#1 
193127     DEBUG Test worker     d.u.i.k.n.KeyIO           Load declarations of de.uka.ilkd.key.nparser.KeyAst$File:  file:/D:/a/key/key/key.core/build/resources/main/de/uka/ilkd/key/proof/rules/map.key:1#1 
193127     DEBUG Test worker     d.u.i.k.n.KeyIO           Load declarations of de.uka.ilkd.key.nparser.KeyAst$File:  file:/D:/a/key/key/key.core/build/resources/main/de/uka/ilkd/key/proof/rules/freeADT.key:17#1 
193127     DEBUG Test worker     d.u.i.k.n.KeyIO           Load declarations of de.uka.ilkd.key.nparser.KeyAst$File:  file:/D:/a/key/key/key.core/build/resources/main/de/uka/ilkd/key/proof/rules/wellfound.key:19#1 
193127     DEBUG Test worker     d.u.i.k.n.KeyIO           Load declarations of de.uka.ilkd.key.nparser.KeyAst$File:  file:/D:/a/key/key/key.core/build/resources/main/de/uka/ilkd/key/proof/rules/charListHeader.key:1#1 
193127     DEBUG Test worker     d.u.i.k.n.KeyIO           Load declarations of de.uka.ilkd.key.nparser.KeyAst$File:  file:/D:/a/key/key/key.core/build/resources/main/de/uka/ilkd/key/proof/rules/ldt.key:10#1 
193127     INFO  Test worker     d.u.i.k.n.KeyIO           MODE: declarations took 0 ms 
193127     DEBUG Test worker     d.u.i.k.n.KeyIO           MODE: 2nd degree decls took 0 
193127     DEBUG Test worker     d.u.i.k.n.KeyIO           MODE: taclets took 0ms 
193143     DEBUG Test worker     d.u.i.k.n.ParsingFacade   PARSING file:/D:/a/key/key/key.core/build/resources/main/de/uka/ilkd/key/proof/rules/standardRules.key took 0 ms 
193158     DEBUG Test worker     d.u.i.k.n.ParsingFacade   PARSING file:/D:/a/key/key/key.core/build/resources/main/de/uka/ilkd/key/proof/rules/loopScopeRules.key took 0 ms 
193174     DEBUG Test worker     d.u.i.k.n.ParsingFacade   PARSING file:/D:/a/key/key/key.core/build/resources/main/de/uka/ilkd/key/proof/rules/execRules.key took 0 ms 
193174     DEBUG Test worker     d.u.i.k.n.ParsingFacade   PARSING file:/D:/a/key/key/key.core/build/resources/main/de/uka/ilkd/key/proof/rules/forLoopRules.key took 0 ms 
193174     DEBUG Test worker     d.u.i.k.n.ParsingFacade   PARSING file:/D:/a/key/key/key.core/build/resources/main/de/uka/ilkd/key/proof/rules/loopInvariantRules.key took 0 ms 
193174     DEBUG Test worker     d.u.i.k.n.ParsingFacade   PARSING file:/D:/a/key/key/key.core/build/resources/main/de/uka/ilkd/key/proof/rules/wd.key took 0 ms 
193174     DEBUG Test worker     d.u.i.k.n.ParsingFacade   PARSING file:/D:/a/key/key/key.core/build/resources/main/de/uka/ilkd/key/proof/rules/wdFormulaRules.key took 0 ms 
193174     DEBUG Test worker     d.u.i.k.n.ParsingFacade   PARSING file:/D:/a/key/key/key.core/build/resources/main/de/uka/ilkd/key/proof/rules/wdRegExRules.key took 0 ms 
193174     DEBUG Test worker     d.u.i.k.n.ParsingFacade   PARSING file:/D:/a/key/key/key.core/build/resources/main/de/uka/ilkd/key/proof/rules/wdStringRules.key took 0 ms 
193174     DEBUG Test worker     d.u.i.k.n.ParsingFacade   PARSING file:/D:/a/key/key/key.core/build/resources/main/de/uka/ilkd/key/proof/rules/wdSeqRules.key took 0 ms 
193190     DEBUG Test worker     d.u.i.k.n.ParsingFacade   PARSING file:/D:/a/key/key/key.core/build/resources/main/de/uka/ilkd/key/proof/rules/wdReachRules.key took 16 ms 
193190     DEBUG Test worker     d.u.i.k.n.ParsingFacade   PARSING file:/D:/a/key/key/key.core/build/resources/main/de/uka/ilkd/key/proof/rules/wdHeapRules.key took 0 ms 
193190     DEBUG Test worker     d.u.i.k.n.ParsingFacade   PARSING file:/D:/a/key/key/key.core/build/resources/main/de/uka/ilkd/key/proof/rules/wdLocSetRules.key took 0 ms 
193190     DEBUG Test worker     d.u.i.k.n.ParsingFacade   PARSING file:/D:/a/key/key/key.core/build/resources/main/de/uka/ilkd/key/proof/rules/wdNumericalRules.key took 0 ms 
193190     DEBUG Test worker     d.u.i.k.n.ParsingFacade   PARSING file:/D:/a/key/key/key.core/build/resources/main/de/uka/ilkd/key/proof/rules/wdGeneralRules.key took 0 ms 
193190     DEBUG Test worker     d.u.i.k.n.ParsingFacade   PARSING file:/D:/a/key/key/key.core/build/resources/main/de/uka/ilkd/key/proof/rules/wdHeader.key took 0 ms 
193190     DEBUG Test worker     d.u.i.k.n.ParsingFacade   PARSING file:/D:/a/key/key/key.core/build/resources/main/de/uka/ilkd/key/proof/rules/mapSize.key took 0 ms 
193205     DEBUG Test worker     d.u.i.k.n.ParsingFacade   PARSING file:/D:/a/key/key/key.core/build/resources/main/de/uka/ilkd/key/proof/rules/infFlow.key took 15 ms 
193205     DEBUG Test worker     d.u.i.k.n.ParsingFacade   PARSING file:/D:/a/key/key/key.core/build/resources/main/de/uka/ilkd/key/proof/rules/seqEq.key took 0 ms 
193205     DEBUG Test worker     d.u.i.k.n.ParsingFacade   PARSING file:/D:/a/key/key/key.core/build/resources/main/de/uka/ilkd/key/proof/rules/regExTheory.key took 0 ms 
193205     DEBUG Test worker     d.u.i.k.n.ParsingFacade   PARSING file:/D:/a/key/key/key.core/build/resources/main/de/uka/ilkd/key/proof/rules/regExLemmaProven.key took 0 ms 
193205     DEBUG Test worker     d.u.i.k.n.ParsingFacade   PARSING file:/D:/a/key/key/key.core/build/resources/main/de/uka/ilkd/key/proof/rules/regExAxioms.key took 0 ms 
193205     DEBUG Test worker     d.u.i.k.n.ParsingFacade   PARSING file:/D:/a/key/key/key.core/build/resources/main/de/uka/ilkd/key/proof/rules/regExHeader.key took 0 ms 
193221     DEBUG Test worker     d.u.i.k.n.ParsingFacade   PARSING file:/D:/a/key/key/key.core/build/resources/main/de/uka/ilkd/key/proof/rules/charListRules.key took 16 ms 
193221     DEBUG Test worker     d.u.i.k.n.ParsingFacade   PARSING file:/D:/a/key/key/key.core/build/resources/main/de/uka/ilkd/key/proof/rules/precRules.key took 0 ms 
193221     DEBUG Test worker     d.u.i.k.n.ParsingFacade   PARSING file:/D:/a/key/key/key.core/build/resources/main/de/uka/ilkd/key/proof/rules/adtProgramDecompositionRules.key took 0 ms 
193221     DEBUG Test worker     d.u.i.k.n.ParsingFacade   PARSING file:/D:/a/key/key/key.core/build/resources/main/de/uka/ilkd/key/proof/rules/bigint.key took 0 ms 
193221     DEBUG Test worker     d.u.i.k.n.ParsingFacade   PARSING file:/D:/a/key/key/key.core/build/resources/main/de/uka/ilkd/key/proof/rules/floatAssignment2UpdateRules.key took 0 ms 
193237     DEBUG Test worker     d.u.i.k.n.ParsingFacade   PARSING file:/D:/a/key/key/key.core/build/resources/main/de/uka/ilkd/key/proof/rules/integerAssignment2UpdateRules.key took 16 ms 
193237     DEBUG Test worker     d.u.i.k.n.ParsingFacade   PARSING file:/D:/a/key/key/key.core/build/resources/main/de/uka/ilkd/key/proof/rules/java5.key took 0 ms 
193237     DEBUG Test worker     d.u.i.k.n.ParsingFacade   PARSING file:/D:/a/key/key/key.core/build/resources/main/de/uka/ilkd/key/proof/rules/instanceAllocation.key took 0 ms 
193237     DEBUG Test worker     d.u.i.k.n.ParsingFacade   PARSING file:/D:/a/key/key/key.core/build/resources/main/de/uka/ilkd/key/proof/rules/activeUse.key took 0 ms 
193237     DEBUG Test worker     d.u.i.k.n.ParsingFacade   PARSING file:/D:/a/key/key/key.core/build/resources/main/de/uka/ilkd/key/proof/rules/loopRules.key took 0 ms 
193299     DEBUG Test worker     d.u.i.k.n.ParsingFacade   PARSING file:/D:/a/key/key/key.core/build/resources/main/de/uka/ilkd/key/proof/rules/javaRules.key took 62 ms 
193299     DEBUG Test worker     d.u.i.k.n.ParsingFacade   PARSING file:/D:/a/key/key/key.core/build/resources/main/de/uka/ilkd/key/proof/rules/assertions.key took 0 ms 
193299     DEBUG Test worker     d.u.i.k.n.ParsingFacade   PARSING file:/D:/a/key/key/key.core/build/resources/main/de/uka/ilkd/key/proof/rules/seqPerm2.key took 0 ms 
193318     DEBUG Test worker     d.u.i.k.n.ParsingFacade   PARSING file:/D:/a/key/key/key.core/build/resources/main/de/uka/ilkd/key/proof/rules/seqPerm.key took 19 ms 
193319     DEBUG Test worker     d.u.i.k.n.ParsingFacade   PARSING file:/D:/a/key/key/key.core/build/resources/main/de/uka/ilkd/key/proof/rules/seqRules.key took 0 ms 
193319     DEBUG Test worker     d.u.i.k.n.ParsingFacade   PARSING file:/D:/a/key/key/key.core/build/resources/main/de/uka/ilkd/key/proof/rules/seqCoreRules.key took 0 ms 
193335     DEBUG Test worker     d.u.i.k.n.ParsingFacade   PARSING file:/D:/a/key/key/key.core/build/resources/main/de/uka/ilkd/key/proof/rules/reachRules.key took 16 ms 
193335     DEBUG Test worker     d.u.i.k.n.ParsingFacade   PARSING file:/D:/a/key/key/key.core/build/resources/main/de/uka/ilkd/key/proof/rules/permissionRules.key took 0 ms 
193350     DEBUG Test worker     d.u.i.k.n.ParsingFacade   PARSING file:/D:/a/key/key/key.core/build/resources/main/de/uka/ilkd/key/proof/rules/heapRules.key took 15 ms 
193366     DEBUG Test worker     d.u.i.k.n.ParsingFacade   PARSING file:/D:/a/key/key/key.core/build/resources/main/de/uka/ilkd/key/proof/rules/locSetsRules.key took 16 ms 
193366     DEBUG Test worker     d.u.i.k.n.ParsingFacade   PARSING file:/D:/a/key/key/key.core/build/resources/main/de/uka/ilkd/key/proof/rules/epsilon.key took 0 ms 
193366     DEBUG Test worker     d.u.i.k.n.ParsingFacade   PARSING file:/D:/a/key/key/key.core/build/resources/main/de/uka/ilkd/key/proof/rules/booleanRules.key took 0 ms 
193366     DEBUG Test worker     d.u.i.k.n.ParsingFacade   PARSING file:/D:/a/key/key/key.core/build/resources/main/de/uka/ilkd/key/proof/rules/genericRules.key took 0 ms 
193366     DEBUG Test worker     d.u.i.k.n.ParsingFacade   PARSING file:/D:/a/key/key/key.core/build/resources/main/de/uka/ilkd/key/proof/rules/floatRulesAssumeStrictfp.key took 0 ms 
193366     DEBUG Test worker     d.u.i.k.n.ParsingFacade   PARSING file:/D:/a/key/key/key.core/build/resources/main/de/uka/ilkd/key/proof/rules/floatRulesVerifyNormal.key took 0 ms 
193366     DEBUG Test worker     d.u.i.k.n.ParsingFacade   PARSING file:/D:/a/key/key/key.core/build/resources/main/de/uka/ilkd/key/proof/rules/floatRules.key took 0 ms 
193382     DEBUG Test worker     d.u.i.k.n.ParsingFacade   PARSING file:/D:/a/key/key/key.core/build/resources/main/de/uka/ilkd/key/proof/rules/floatRulesCommon.key took 16 ms 
193382     DEBUG Test worker     d.u.i.k.n.ParsingFacade   PARSING file:/D:/a/key/key/key.core/build/resources/main/de/uka/ilkd/key/proof/rules/intPow.key took 0 ms 
193382     DEBUG Test worker     d.u.i.k.n.ParsingFacade   PARSING file:/D:/a/key/key/key.core/build/resources/main/de/uka/ilkd/key/proof/rules/binaryLemmas.key took 0 ms 
193382     DEBUG Test worker     d.u.i.k.n.ParsingFacade   PARSING file:/D:/a/key/key/key.core/build/resources/main/de/uka/ilkd/key/proof/rules/binaryAxioms.key took 0 ms 
193397     DEBUG Test worker     d.u.i.k.n.ParsingFacade   PARSING file:/D:/a/key/key/key.core/build/resources/main/de/uka/ilkd/key/proof/rules/bprod.key took 15 ms 
193413     DEBUG Test worker     d.u.i.k.n.ParsingFacade   PARSING file:/D:/a/key/key/key.core/build/resources/main/de/uka/ilkd/key/proof/rules/bsum.key took 16 ms 
193429     DEBUG Test worker     d.u.i.k.n.ParsingFacade   PARSING file:/D:/a/key/key/key.core/build/resources/main/de/uka/ilkd/key/proof/rules/intDiv.key took 16 ms 
193460     DEBUG Test worker     d.u.i.k.n.ParsingFacade   PARSING file:/D:/a/key/key/key.core/build/resources/main/de/uka/ilkd/key/proof/rules/integerSimplificationRules.key took 31 ms 
193460     DEBUG Test worker     d.u.i.k.n.ParsingFacade   PARSING file:/D:/a/key/key/key.core/build/resources/main/de/uka/ilkd/key/proof/rules/intRulesJavaSemantics.key took 0 ms 
193460     DEBUG Test worker     d.u.i.k.n.ParsingFacade   PARSING file:/D:/a/key/key/key.core/build/resources/main/de/uka/ilkd/key/proof/rules/intRulesCheckedSemantics.key took 0 ms 
193460     DEBUG Test worker     d.u.i.k.n.ParsingFacade   PARSING file:/D:/a/key/key/key.core/build/resources/main/de/uka/ilkd/key/proof/rules/intRulesUncheckedSemantics.key took 0 ms 
193460     DEBUG Test worker     d.u.i.k.n.ParsingFacade   PARSING file:/D:/a/key/key/key.core/build/resources/main/de/uka/ilkd/key/proof/rules/intRules.key took 0 ms 
193460     DEBUG Test worker     d.u.i.k.n.ParsingFacade   PARSING file:/D:/a/key/key/key.core/build/resources/main/de/uka/ilkd/key/proof/rules/integerRulesCommon.key took 0 ms 
193460     DEBUG Test worker     d.u.i.k.n.ParsingFacade   PARSING file:/D:/a/key/key/key.core/build/resources/main/de/uka/ilkd/key/proof/rules/updateRules.key took 0 ms 
193475     DEBUG Test worker     d.u.i.k.n.ParsingFacade   PARSING file:/D:/a/key/key/key.core/build/resources/main/de/uka/ilkd/key/proof/rules/formulaNormalisationRules.key took 0 ms 
193475     DEBUG Test worker     d.u.i.k.n.ParsingFacade   PARSING file:/D:/a/key/key/key.core/build/resources/main/de/uka/ilkd/key/proof/rules/ifThenElseRules.key took 0 ms 
193491     DEBUG Test worker     d.u.i.k.n.ParsingFacade   PARSING file:/D:/a/key/key/key.core/build/resources/main/de/uka/ilkd/key/proof/rules/firstOrderRules.key took 0 ms 
193491     DEBUG Test worker     d.u.i.k.n.ParsingFacade   PARSING file:/D:/a/key/key/key.core/build/resources/main/de/uka/ilkd/key/proof/rules/propRule.key took 0 ms 
193491     DEBUG Test worker     d.u.i.k.n.ParsingFacade   PARSING file:/D:/a/key/key/key.core/build/resources/main/de/uka/ilkd/key/proof/rules/ldt.key took 0 ms 
193491     DEBUG Test worker     d.u.i.k.n.ParsingFacade   PARSING file:/D:/a/key/key/key.core/build/resources/main/de/uka/ilkd/key/proof/rules/charListHeader.key took 0 ms 
193491     DEBUG Test worker     d.u.i.k.n.ParsingFacade   PARSING file:/D:/a/key/key/key.core/build/resources/main/de/uka/ilkd/key/proof/rules/wellfound.key took 0 ms 
193491     DEBUG Test worker     d.u.i.k.n.ParsingFacade   PARSING file:/D:/a/key/key/key.core/build/resources/main/de/uka/ilkd/key/proof/rules/freeADT.key took 0 ms 
193491     DEBUG Test worker     d.u.i.k.n.ParsingFacade   PARSING file:/D:/a/key/key/key.core/build/resources/main/de/uka/ilkd/key/proof/rules/map.key took 0 ms 
193491     DEBUG Test worker     d.u.i.k.n.ParsingFacade   PARSING file:/D:/a/key/key/key.core/build/resources/main/de/uka/ilkd/key/proof/rules/seq.key took 0 ms 
193507     DEBUG Test worker     d.u.i.k.n.ParsingFacade   PARSING file:/D:/a/key/key/key.core/build/resources/main/de/uka/ilkd/key/proof/rules/reach.key took 0 ms 
193507     DEBUG Test worker     d.u.i.k.n.ParsingFacade   PARSING file:/D:/a/key/key/key.core/build/resources/main/de/uka/ilkd/key/proof/rules/permission.key took 0 ms 
193507     DEBUG Test worker     d.u.i.k.n.ParsingFacade   PARSING file:/D:/a/key/key/key.core/build/resources/main/de/uka/ilkd/key/proof/rules/locSets.key took 0 ms 
193507     DEBUG Test worker     d.u.i.k.n.ParsingFacade   PARSING file:/D:/a/key/key/key.core/build/resources/main/de/uka/ilkd/key/proof/rules/heap.key took 0 ms 
193507     DEBUG Test worker     d.u.i.k.n.ParsingFacade   PARSING file:/D:/a/key/key/key.core/build/resources/main/de/uka/ilkd/key/proof/rules/floatHeader.key took 0 ms 
193507     DEBUG Test worker     d.u.i.k.n.ParsingFacade   PARSING file:/D:/a/key/key/key.core/build/resources/main/de/uka/ilkd/key/proof/rules/integerHeader.key took 0 ms 
193507     DEBUG Test worker     d.u.i.k.n.ParsingFacade   PARSING file:/D:/a/key/key/key.core/build/resources/main/de/uka/ilkd/key/proof/rules/ruleSetsDeclarations.key took 0 ms 
193507     DEBUG Test worker     d.u.i.k.n.ParsingFacade   PARSING file:/D:/a/key/key/key.core/build/resources/main/de/uka/ilkd/key/proof/rules/boolean.key took 0 ms 
193507     INFO  Test worker     d.u.i.k.n.KeyIO           Parsing took 364 ms 
193507     DEBUG Test worker     d.u.i.k.n.KeyIO           Load declarations of de.uka.ilkd.key.nparser.KeyAst$File:  file:/D:/a/key/key/key.core/build/resources/main/de/uka/ilkd/key/proof/rules/boolean.key:1#1 
193507     DEBUG Test worker     d.u.i.k.n.KeyIO           Load declarations of de.uka.ilkd.key.nparser.KeyAst$File:  file:/D:/a/key/key/key.core/build/resources/main/de/uka/ilkd/key/proof/rules/ruleSetsDeclarations.key:5#1 
193507     DEBUG Test worker     d.u.i.k.n.KeyIO           Load declarations of de.uka.ilkd.key.nparser.KeyAst$File:  file:/D:/a/key/key/key.core/build/resources/main/de/uka/ilkd/key/proof/rules/integerHeader.key:1#1 
193507     DEBUG Test worker     d.u.i.k.n.KeyIO           Load declarations of de.uka.ilkd.key.nparser.KeyAst$File:  file:/D:/a/key/key/key.core/build/resources/main/de/uka/ilkd/key/proof/rules/floatHeader.key:14#1 
193507     DEBUG Test worker     d.u.i.k.n.KeyIO           Load declarations of de.uka.ilkd.key.nparser.KeyAst$File:  file:/D:/a/key/key/key.core/build/resources/main/de/uka/ilkd/key/proof/rules/heap.key:4#1 
193507     DEBUG Test worker     d.u.i.k.n.KeyIO           Load declarations of de.uka.ilkd.key.nparser.KeyAst$File:  file:/D:/a/key/key/key.core/build/resources/main/de/uka/ilkd/key/proof/rules/locSets.key:4#1 
193507     DEBUG Test worker     d.u.i.k.n.KeyIO           Load declarations of de.uka.ilkd.key.nparser.KeyAst$File:  file:/D:/a/key/key/key.core/build/resources/main/de/uka/ilkd/key/proof/rules/permission.key:1#1 
193507     DEBUG Test worker     d.u.i.k.n.KeyIO           Load declarations of de.uka.ilkd.key.nparser.KeyAst$File:  file:/D:/a/key/key/key.core/build/resources/main/de/uka/ilkd/key/proof/rules/reach.key:3#1 
193507     DEBUG Test worker     d.u.i.k.n.KeyIO           Load declarations of de.uka.ilkd.key.nparser.KeyAst$File:  file:/D:/a/key/key/key.core/build/resources/main/de/uka/ilkd/key/proof/rules/seq.key:11#1 
193507     DEBUG Test worker     d.u.i.k.n.KeyIO           Load declarations of de.uka.ilkd.key.nparser.KeyAst$File:  file:/D:/a/key/key/key.core/build/resources/main/de/uka/ilkd/key/proof/rules/map.key:1#1 
193507     DEBUG Test worker     d.u.i.k.n.KeyIO           Load declarations of de.uka.ilkd.key.nparser.KeyAst$File:  file:/D:/a/key/key/key.core/build/resources/main/de/uka/ilkd/key/proof/rules/freeADT.key:17#1 
193507     DEBUG Test worker     d.u.i.k.n.KeyIO           Load declarations of de.uka.ilkd.key.nparser.KeyAst$File:  file:/D:/a/key/key/key.core/build/resources/main/de/uka/ilkd/key/proof/rules/wellfound.key:19#1 
193507     DEBUG Test worker     d.u.i.k.n.KeyIO           Load declarations of de.uka.ilkd.key.nparser.KeyAst$File:  file:/D:/a/key/key/key.core/build/resources/main/de/uka/ilkd/key/proof/rules/charListHeader.key:1#1 
193507     DEBUG Test worker     d.u.i.k.n.KeyIO           Load declarations of de.uka.ilkd.key.nparser.KeyAst$File:  file:/D:/a/key/key/key.core/build/resources/main/de/uka/ilkd/key/proof/rules/ldt.key:10#1 
193507     DEBUG Test worker     d.u.i.k.n.KeyIO           Load declarations of de.uka.ilkd.key.nparser.KeyAst$File:  file:/D:/a/key/key/key.core/build/resources/main/de/uka/ilkd/key/proof/rules/propRule.key:9#1 
193507     DEBUG Test worker     d.u.i.k.n.KeyIO           Load declarations of de.uka.ilkd.key.nparser.KeyAst$File:  file:/D:/a/key/key/key.core/build/resources/main/de/uka/ilkd/key/proof/rules/firstOrderRules.key:3#1 
193507     DEBUG Test worker     d.u.i.k.n.KeyIO           Load declarations of de.uka.ilkd.key.nparser.KeyAst$File:  file:/D:/a/key/key/key.core/build/resources/main/de/uka/ilkd/key/proof/rules/ifThenElseRules.key:5#1 
193507     DEBUG Test worker     d.u.i.k.n.KeyIO           Load declarations of de.uka.ilkd.key.nparser.KeyAst$File:  file:/D:/a/key/key/key.core/build/resources/main/de/uka/ilkd/key/proof/rules/formulaNormalisationRules.key:5#1 
193507     DEBUG Test worker     d.u.i.k.n.KeyIO           Load declarations of de.uka.ilkd.key.nparser.KeyAst$File:  file:/D:/a/key/key/key.core/build/resources/main/de/uka/ilkd/key/proof/rules/updateRules.key:1#1 
193507     DEBUG Test worker     d.u.i.k.n.KeyIO           Load declarations of de.uka.ilkd.key.nparser.KeyAst$File:  file:/D:/a/key/key/key.core/build/resources/main/de/uka/ilkd/key/proof/rules/integerRulesCommon.key:7#1 
193507     DEBUG Test worker     d.u.i.k.n.KeyIO           Load declarations of de.uka.ilkd.key.nparser.KeyAst$File:  file:/D:/a/key/key/key.core/build/resources/main/de/uka/ilkd/key/proof/rules/intRules.key:34#1 
193507     DEBUG Test worker     d.u.i.k.n.KeyIO           Load declarations of de.uka.ilkd.key.nparser.KeyAst$File:  file:/D:/a/key/key/key.core/build/resources/main/de/uka/ilkd/key/proof/rules/intRulesUncheckedSemantics.key:9#1 
193507     DEBUG Test worker     d.u.i.k.n.KeyIO           Load declarations of de.uka.ilkd.key.nparser.KeyAst$File:  file:/D:/a/key/key/key.core/build/resources/main/de/uka/ilkd/key/proof/rules/intRulesCheckedSemantics.key:7#1 
193507     DEBUG Test worker     d.u.i.k.n.KeyIO           Load declarations of de.uka.ilkd.key.nparser.KeyAst$File:  file:/D:/a/key/key/key.core/build/resources/main/de/uka/ilkd/key/proof/rules/intRulesJavaSemantics.key:7#1 
193507     DEBUG Test worker     d.u.i.k.n.KeyIO           Load declarations of de.uka.ilkd.key.nparser.KeyAst$File:  file:/D:/a/key/key/key.core/build/resources/main/de/uka/ilkd/key/proof/rules/integerSimplificationRules.key:7#1 
193507     DEBUG Test worker     d.u.i.k.n.KeyIO           Load declarations of de.uka.ilkd.key.nparser.KeyAst$File:  file:/D:/a/key/key/key.core/build/resources/main/de/uka/ilkd/key/proof/rules/intDiv.key:11#1 
193507     DEBUG Test worker     d.u.i.k.n.KeyIO           Load declarations of de.uka.ilkd.key.nparser.KeyAst$File:  file:/D:/a/key/key/key.core/build/resources/main/de/uka/ilkd/key/proof/rules/bsum.key:5#1 
193507     DEBUG Test worker     d.u.i.k.n.KeyIO           Load declarations of de.uka.ilkd.key.nparser.KeyAst$File:  file:/D:/a/key/key/key.core/build/resources/main/de/uka/ilkd/key/proof/rules/bprod.key:5#1 
193507     DEBUG Test worker     d.u.i.k.n.KeyIO           Load declarations of de.uka.ilkd.key.nparser.KeyAst$File:  file:/D:/a/key/key/key.core/build/resources/main/de/uka/ilkd/key/proof/rules/binaryAxioms.key:1#1 
193507     DEBUG Test worker     d.u.i.k.n.KeyIO           Load declarations of de.uka.ilkd.key.nparser.KeyAst$File:  file:/D:/a/key/key/key.core/build/resources/main/de/uka/ilkd/key/proof/rules/binaryLemmas.key:1#1 
193507     DEBUG Test worker     d.u.i.k.n.KeyIO           Load declarations of de.uka.ilkd.key.nparser.KeyAst$File:  file:/D:/a/key/key/key.core/build/resources/main/de/uka/ilkd/key/proof/rules/intPow.key:5#1 
193507     DEBUG Test worker     d.u.i.k.n.KeyIO           Load declarations of de.uka.ilkd.key.nparser.KeyAst$File:  file:/D:/a/key/key/key.core/build/resources/main/de/uka/ilkd/key/proof/rules/floatRulesCommon.key:15#1 
193507     DEBUG Test worker     d.u.i.k.n.KeyIO           Load declarations of de.uka.ilkd.key.nparser.KeyAst$File:  file:/D:/a/key/key/key.core/build/resources/main/de/uka/ilkd/key/proof/rules/floatRules.key:15#1 
193507     DEBUG Test worker     d.u.i.k.n.KeyIO           Load declarations of de.uka.ilkd.key.nparser.KeyAst$File:  file:/D:/a/key/key/key.core/build/resources/main/de/uka/ilkd/key/proof/rules/floatRulesVerifyNormal.key:60#1 
193507     DEBUG Test worker     d.u.i.k.n.KeyIO           Load declarations of de.uka.ilkd.key.nparser.KeyAst$File:  file:/D:/a/key/key/key.core/build/resources/main/de/uka/ilkd/key/proof/rules/floatRulesAssumeStrictfp.key:15#1 
193507     DEBUG Test worker     d.u.i.k.n.KeyIO           Load declarations of de.uka.ilkd.key.nparser.KeyAst$File:  file:/D:/a/key/key/key.core/build/resources/main/de/uka/ilkd/key/proof/rules/genericRules.key:5#1 
193507     DEBUG Test worker     d.u.i.k.n.KeyIO           Load declarations of de.uka.ilkd.key.nparser.KeyAst$File:  file:/D:/a/key/key/key.core/build/resources/main/de/uka/ilkd/key/proof/rules/booleanRules.key:1#1 
193507     DEBUG Test worker     d.u.i.k.n.KeyIO           Load declarations of de.uka.ilkd.key.nparser.KeyAst$File:  file:/D:/a/key/key/key.core/build/resources/main/de/uka/ilkd/key/proof/rules/epsilon.key:1#1 
193507     DEBUG Test worker     d.u.i.k.n.KeyIO           Load declarations of de.uka.ilkd.key.nparser.KeyAst$File:  file:/D:/a/key/key/key.core/build/resources/main/de/uka/ilkd/key/proof/rules/locSetsRules.key:4#1 
193522     DEBUG Test worker     d.u.i.k.n.KeyIO           Load declarations of de.uka.ilkd.key.nparser.KeyAst$File:  file:/D:/a/key/key/key.core/build/resources/main/de/uka/ilkd/key/proof/rules/heapRules.key:5#1 
193522     DEBUG Test worker     d.u.i.k.n.KeyIO           Load declarations of de.uka.ilkd.key.nparser.KeyAst$File:  file:/D:/a/key/key/key.core/build/resources/main/de/uka/ilkd/key/proof/rules/permissionRules.key:1#1 
193522     DEBUG Test worker     d.u.i.k.n.KeyIO           Load declarations of de.uka.ilkd.key.nparser.KeyAst$File:  file:/D:/a/key/key/key.core/build/resources/main/de/uka/ilkd/key/proof/rules/reachRules.key:1#1 
193522     DEBUG Test worker     d.u.i.k.n.KeyIO           Load declarations of de.uka.ilkd.key.nparser.KeyAst$File:  file:/D:/a/key/key/key.core/build/resources/main/de/uka/ilkd/key/proof/rules/seqCoreRules.key:8#1 
193522     DEBUG Test worker     d.u.i.k.n.KeyIO           Load declarations of de.uka.ilkd.key.nparser.KeyAst$File:  file:/D:/a/key/key/key.core/build/resources/main/de/uka/ilkd/key/proof/rules/seqRules.key:7#1 
193522     DEBUG Test worker     d.u.i.k.n.KeyIO           Load declarations of de.uka.ilkd.key.nparser.KeyAst$File:  file:/D:/a/key/key/key.core/build/resources/main/de/uka/ilkd/key/proof/rules/seqPerm.key:12#1 
193522     DEBUG Test worker     d.u.i.k.n.KeyIO           Load declarations of de.uka.ilkd.key.nparser.KeyAst$File:  file:/D:/a/key/key/key.core/build/resources/main/de/uka/ilkd/key/proof/rules/seqPerm2.key:9#1 
193522     DEBUG Test worker     d.u.i.k.n.KeyIO           Load declarations of de.uka.ilkd.key.nparser.KeyAst$File:  file:/D:/a/key/key/key.core/build/resources/main/de/uka/ilkd/key/proof/rules/assertions.key:1#1 
193522     DEBUG Test worker     d.u.i.k.n.KeyIO           Load declarations of de.uka.ilkd.key.nparser.KeyAst$File:  file:/D:/a/key/key/key.core/build/resources/main/de/uka/ilkd/key/proof/rules/javaRules.key:4#1 
193522     DEBUG Test worker     d.u.i.k.n.KeyIO           Load declarations of de.uka.ilkd.key.nparser.KeyAst$File:  file:/D:/a/key/key/key.core/build/resources/main/de/uka/ilkd/key/proof/rules/loopRules.key:2#1 
193522     DEBUG Test worker     d.u.i.k.n.KeyIO           Load declarations of de.uka.ilkd.key.nparser.KeyAst$File:  file:/D:/a/key/key/key.core/build/resources/main/de/uka/ilkd/key/proof/rules/activeUse.key:1#1 
193522     DEBUG Test worker     d.u.i.k.n.KeyIO           Load declarations of de.uka.ilkd.key.nparser.KeyAst$File:  file:/D:/a/key/key/key.core/build/resources/main/de/uka/ilkd/key/proof/rules/instanceAllocation.key:1#1 
193522     DEBUG Test worker     d.u.i.k.n.KeyIO           Load declarations of de.uka.ilkd.key.nparser.KeyAst$File:  file:/D:/a/key/key/key.core/build/resources/main/de/uka/ilkd/key/proof/rules/java5.key:1#1 
193522     DEBUG Test worker     d.u.i.k.n.KeyIO           Load declarations of de.uka.ilkd.key.nparser.KeyAst$File:  file:/D:/a/key/key/key.core/build/resources/main/de/uka/ilkd/key/proof/rules/integerAssignment2UpdateRules.key:12#1 
193522     DEBUG Test worker     d.u.i.k.n.KeyIO           Load declarations of de.uka.ilkd.key.nparser.KeyAst$File:  file:/D:/a/key/key/key.core/build/resources/main/de/uka/ilkd/key/proof/rules/floatAssignment2UpdateRules.key:15#1 
193522     DEBUG Test worker     d.u.i.k.n.KeyIO           Load declarations of de.uka.ilkd.key.nparser.KeyAst$File:  file:/D:/a/key/key/key.core/build/resources/main/de/uka/ilkd/key/proof/rules/bigint.key:7#1 
193522     DEBUG Test worker     d.u.i.k.n.KeyIO           Load declarations of de.uka.ilkd.key.nparser.KeyAst$File:  file:/D:/a/key/key/key.core/build/resources/main/de/uka/ilkd/key/proof/rules/adtProgramDecompositionRules.key:1#1 
193522     DEBUG Test worker     d.u.i.k.n.KeyIO           Load declarations of de.uka.ilkd.key.nparser.KeyAst$File:  file:/D:/a/key/key/key.core/build/resources/main/de/uka/ilkd/key/proof/rules/precRules.key:1#1 
193522     DEBUG Test worker     d.u.i.k.n.KeyIO           Load declarations of de.uka.ilkd.key.nparser.KeyAst$File:  file:/D:/a/key/key/key.core/build/resources/main/de/uka/ilkd/key/proof/rules/charListRules.key:1#1 
193522     DEBUG Test worker     d.u.i.k.n.KeyIO           Load declarations of de.uka.ilkd.key.nparser.KeyAst$File:  file:/D:/a/key/key/key.core/build/resources/main/de/uka/ilkd/key/proof/rules/regExHeader.key:1#1 
193522     DEBUG Test worker     d.u.i.k.n.KeyIO           Load declarations of de.uka.ilkd.key.nparser.KeyAst$File:  file:/D:/a/key/key/key.core/build/resources/main/de/uka/ilkd/key/proof/rules/regExAxioms.key:1#1 
193522     DEBUG Test worker     d.u.i.k.n.KeyIO           Load declarations of de.uka.ilkd.key.nparser.KeyAst$File:  file:/D:/a/key/key/key.core/build/resources/main/de/uka/ilkd/key/proof/rules/regExLemmaProven.key:1#1 
193522     DEBUG Test worker     d.u.i.k.n.KeyIO           Load declarations of de.uka.ilkd.key.nparser.KeyAst$File:  file:/D:/a/key/key/key.core/build/resources/main/de/uka/ilkd/key/proof/rules/regExTheory.key:1#1 
193522     DEBUG Test worker     d.u.i.k.n.KeyIO           Load declarations of de.uka.ilkd.key.nparser.KeyAst$File:  file:/D:/a/key/key/key.core/build/resources/main/de/uka/ilkd/key/proof/rules/seqEq.key:1#1 
193522     DEBUG Test worker     d.u.i.k.n.KeyIO           Load declarations of de.uka.ilkd.key.nparser.KeyAst$File:  file:/D:/a/key/key/key.core/build/resources/main/de/uka/ilkd/key/proof/rules/infFlow.key:6#1 
193522     DEBUG Test worker     d.u.i.k.n.KeyIO           Load declarations of de.uka.ilkd.key.nparser.KeyAst$File:  file:/D:/a/key/key/key.core/build/resources/main/de/uka/ilkd/key/proof/rules/mapSize.key:5#1 
193522     DEBUG Test worker     d.u.i.k.n.KeyIO           Load declarations of de.uka.ilkd.key.nparser.KeyAst$File:  file:/D:/a/key/key/key.core/build/resources/main/de/uka/ilkd/key/proof/rules/wdHeader.key:1#1 
193522     DEBUG Test worker     d.u.i.k.n.KeyIO           Load declarations of de.uka.ilkd.key.nparser.KeyAst$File:  file:/D:/a/key/key/key.core/build/resources/main/de/uka/ilkd/key/proof/rules/wdGeneralRules.key:1#1 
193522     DEBUG Test worker     d.u.i.k.n.KeyIO           Load declarations of de.uka.ilkd.key.nparser.KeyAst$File:  file:/D:/a/key/key/key.core/build/resources/main/de/uka/ilkd/key/proof/rules/wdNumericalRules.key:1#1 
193522     DEBUG Test worker     d.u.i.k.n.KeyIO           Load declarations of de.uka.ilkd.key.nparser.KeyAst$File:  file:/D:/a/key/key/key.core/build/resources/main/de/uka/ilkd/key/proof/rules/wdLocSetRules.key:1#1 
193522     DEBUG Test worker     d.u.i.k.n.KeyIO           Load declarations of de.uka.ilkd.key.nparser.KeyAst$File:  file:/D:/a/key/key/key.core/build/resources/main/de/uka/ilkd/key/proof/rules/wdHeapRules.key:1#1 
193522     DEBUG Test worker     d.u.i.k.n.KeyIO           Load declarations of de.uka.ilkd.key.nparser.KeyAst$File:  file:/D:/a/key/key/key.core/build/resources/main/de/uka/ilkd/key/proof/rules/wdReachRules.key:1#1 
193522     DEBUG Test worker     d.u.i.k.n.KeyIO           Load declarations of de.uka.ilkd.key.nparser.KeyAst$File:  file:/D:/a/key/key/key.core/build/resources/main/de/uka/ilkd/key/proof/rules/wdSeqRules.key:1#1 
193522     DEBUG Test worker     d.u.i.k.n.KeyIO           Load declarations of de.uka.ilkd.key.nparser.KeyAst$File:  file:/D:/a/key/key/key.core/build/resources/main/de/uka/ilkd/key/proof/rules/wdStringRules.key:1#1 
193522     DEBUG Test worker     d.u.i.k.n.KeyIO           Load declarations of de.uka.ilkd.key.nparser.KeyAst$File:  file:/D:/a/key/key/key.core/build/resources/main/de/uka/ilkd/key/proof/rules/wdRegExRules.key:1#1 
193522     DEBUG Test worker     d.u.i.k.n.KeyIO           Load declarations of de.uka.ilkd.key.nparser.KeyAst$File:  file:/D:/a/key/key/key.core/build/resources/main/de/uka/ilkd/key/proof/rules/wdFormulaRules.key:1#1 
193522     DEBUG Test worker     d.u.i.k.n.KeyIO           Load declarations of de.uka.ilkd.key.nparser.KeyAst$File:  file:/D:/a/key/key/key.core/build/resources/main/de/uka/ilkd/key/proof/rules/wd.key:14#1 
193522     DEBUG Test worker     d.u.i.k.n.KeyIO           Load declarations of de.uka.ilkd.key.nparser.KeyAst$File:  file:/D:/a/key/key/key.core/build/resources/main/de/uka/ilkd/key/proof/rules/loopInvariantRules.key:3#1 
193522     DEBUG Test worker     d.u.i.k.n.KeyIO           Load declarations of de.uka.ilkd.key.nparser.KeyAst$File:  file:/D:/a/key/key/key.core/build/resources/main/de/uka/ilkd/key/proof/rules/forLoopRules.key:1#1 
193538     DEBUG Test worker     d.u.i.k.n.KeyIO           Load declarations of de.uka.ilkd.key.nparser.KeyAst$File:  file:/D:/a/key/key/key.core/build/resources/main/de/uka/ilkd/key/proof/rules/execRules.key:2#1 
193538     DEBUG Test worker     d.u.i.k.n.KeyIO           Load declarations of de.uka.ilkd.key.nparser.KeyAst$File:  file:/D:/a/key/key/key.core/build/resources/main/de/uka/ilkd/key/proof/rules/loopScopeRules.key:1#1 
193538     DEBUG Test worker     d.u.i.k.n.KeyIO           Load declarations of de.uka.ilkd.key.nparser.KeyAst$File:  file:/D:/a/key/key/key.core/build/resources/main/de/uka/ilkd/key/proof/rules/standardRules.key:1#1 
193538     INFO  Test worker     d.u.i.k.n.KeyIO           MODE: declarations took 31 ms 
193538     DEBUG Test worker     d.u.i.k.n.KeyIO           MODE: 2nd degree decls took 0 
193647     DEBUG Test worker     d.u.i.k.j.TypeConverter   No LDT found for JavaBigintExpression 
193975     DEBUG Test worker     d.u.i.k.j.TypeConverter   No LDT found for Meta 
193975     DEBUG Test worker     d.u.i.k.j.TypeConverter   No LDT found for Meta 
193975     DEBUG Test worker     d.u.i.k.j.TypeConverter   No LDT found for Meta 
193975     DEBUG Test worker     d.u.i.k.j.TypeConverter   No LDT found for Meta 
194022     DEBUG Test worker     d.u.i.k.n.KeyIO           MODE: taclets took 484ms 
]]></system-out>
  <system-err><![CDATA[]]></system-err>
</testsuite>
