<?xml version="1.0" encoding="UTF-8"?>
<testsuite name="de.uka.ilkd.key.parser.TestParser" tests="5" skipped="1" failures="0" errors="0" timestamp="2023-05-27T16:28:14" hostname="fv-az282-56" time="4.689">
  <properties/>
  <testcase name="testConstantEvaluationError()" classname="de.uka.ilkd.key.parser.TestParser" time="0.934"/>
  <testcase name="testGenericSort()" classname="de.uka.ilkd.key.parser.TestParser" time="0.002"/>
  <testcase name="testIssue1566()" classname="de.uka.ilkd.key.parser.TestParser" time="2.824"/>
  <testcase name="testIssue39()" classname="de.uka.ilkd.key.parser.TestParser" time="0.927"/>
  <testcase name="testRelativeInclude()" classname="de.uka.ilkd.key.parser.TestParser" time="0.002">
    <skipped/>
  </testcase>
  <system-out><![CDATA[284841     INFO  Test worker     d.u.i.k.p.i.AbstractProblemLoader Loading environment from src\test\resources\testcase\parserErrorTest\AssignToArray.java 
284841     DEBUG Test worker     d.u.i.k.p.i.AbstractProblemLoader Environment load took 381.1ns 
284841     INFO  Test worker     d.u.i.k.p.i.AbstractProblemLoader Creating init config 
285779     INFO  Test worker     d.u.i.k.n.KeyIO           Parsing took 0 ms 
285779     DEBUG Test worker     d.u.i.k.n.KeyIO           Load declarations of de.uka.ilkd.key.nparser.KeyAst$File:  <unknown>:1#1 
285779     INFO  Test worker     d.u.i.k.n.KeyIO           MODE: declarations took 0 ms 
285779     DEBUG Test worker     d.u.i.k.n.KeyIO           MODE: 2nd degree decls took 0 
285779     DEBUG Test worker     d.u.i.k.n.KeyIO           MODE: taclets took 0ms 
285779     INFO  Test worker     d.u.i.k.p.i.AbstractProblemLoader Loading environment from src\test\resources\testcase\issues\1566\a.key 
285779     DEBUG Test worker     d.u.i.k.p.i.AbstractProblemLoader Environment load took 119.6ns 
285779     INFO  Test worker     d.u.i.k.p.i.AbstractProblemLoader Creating init config 
288586     DEBUG Test worker     d.u.i.k.p.i.AbstractProblemLoader Init config took 2.8s 
288602     INFO  Test worker     d.u.i.k.p.i.AbstractProblemLoader Replaying proof a.key 
288602     DEBUG Test worker     d.u.i.k.p.i.IntermediateProofReplayer Proof replay took 10ns 
288602     INFO  Test worker     d.u.i.k.p.i.AbstractProblemLoader Loading environment from src\test\resources\testcase\issues\39\A.java 
288602     DEBUG Test worker     d.u.i.k.p.i.AbstractProblemLoader Environment load took 114.9ns 
288602     INFO  Test worker     d.u.i.k.p.i.AbstractProblemLoader Creating init config 
]]></system-out>
  <system-err><![CDATA[]]></system-err>
</testsuite>
