<?xml version="1.0" encoding="UTF-8"?>
<testsuite name="de.uka.ilkd.key.proof.TestOneStepSimplifier" tests="1" skipped="0" failures="0" errors="0" timestamp="2023-05-27T16:30:15" hostname="fv-az282-56" time="4.674">
  <properties/>
  <testcase name="loadWithRestriction()" classname="de.uka.ilkd.key.proof.TestOneStepSimplifier" time="4.674"/>
  <system-out><![CDATA[405086     INFO  Test worker     d.u.i.k.p.i.AbstractProblemLoader Loading environment from src\test\resources\testcase\ossRestriction.proof 
405101     DEBUG Test worker     d.u.i.k.p.i.AbstractProblemLoader Environment load took 502.7ns 
405101     INFO  Test worker     d.u.i.k.p.i.AbstractProblemLoader Creating init config 
405211     DEBUG Test worker     d.u.i.k.j.TypeConverter   No LDT found for Meta 
405211     DEBUG Test worker     d.u.i.k.j.TypeConverter   No LDT found for Meta 
405211     DEBUG Test worker     d.u.i.k.j.TypeConverter   No LDT found for Meta 
405211     DEBUG Test worker     d.u.i.k.j.TypeConverter   No LDT found for Meta 
405713     DEBUG Test worker     d.u.i.k.j.TypeConverter   No LDT found for JavaBigintExpression 
408799     DEBUG Test worker     d.u.i.k.p.i.AbstractProblemLoader Init config took 3.71s 
409303     INFO  Test worker     d.u.i.k.p.i.AbstractProblemLoader Replaying proof ossRestriction.proof 
409769     DEBUG Test worker     d.u.i.k.p.i.IntermediateProofReplayer Proof replay took 458.4ms 
]]></system-out>
  <system-err><![CDATA[]]></system-err>
</testsuite>
