<?xml version="1.0" encoding="UTF-8"?>
<testsuite name="de.uka.ilkd.key.util.TestProofStarter" tests="2" skipped="0" failures="0" errors="0" timestamp="2023-05-27T16:36:38" hostname="fv-az282-56" time="52.486">
  <properties/>
  <testcase name="testDirectProofWithOneStepSimplification()" classname="de.uka.ilkd.key.util.TestProofStarter" time="27.06"/>
  <testcase name="testDirectProof()" classname="de.uka.ilkd.key.util.TestProofStarter" time="25.426"/>
  <system-out><![CDATA[788582     INFO  Test worker     d.u.i.k.p.i.AbstractProblemLoader Loading environment from src\test\resources\testcase\proofStarter\CC\project.key 
788582     DEBUG Test worker     d.u.i.k.p.i.AbstractProblemLoader Environment load took 179.8ns 
788582     INFO  Test worker     d.u.i.k.p.i.AbstractProblemLoader Creating init config 
791506     DEBUG Test worker     d.u.i.k.p.i.AbstractProblemLoader Init config took 2.92s 
791537     INFO  Test worker     d.u.i.k.p.i.AbstractProblemLoader Replaying proof CC[CC::calcCoinIndex([I,[I)].JML normal_behavior operation contract.0 
791537     DEBUG Test worker     d.u.i.k.p.i.IntermediateProofReplayer Proof replay took 3ns 
815612     INFO  Test worker     d.u.i.k.p.i.AbstractProblemLoader Loading environment from src\test\resources\testcase\proofStarter\CC\project.key 
815612     DEBUG Test worker     d.u.i.k.p.i.AbstractProblemLoader Environment load took 476.8ns 
815612     INFO  Test worker     d.u.i.k.p.i.AbstractProblemLoader Creating init config 
818685     DEBUG Test worker     d.u.i.k.p.i.AbstractProblemLoader Init config took 3.06s 
818732     INFO  Test worker     d.u.i.k.p.i.AbstractProblemLoader Replaying proof CC[CC::calcCoinIndex([I,[I)].JML normal_behavior operation contract.0 
818732     DEBUG Test worker     d.u.i.k.p.i.IntermediateProofReplayer Proof replay took 4.2ns 
]]></system-out>
  <system-err><![CDATA[]]></system-err>
</testsuite>
