<?xml version="1.0" encoding="UTF-8"?>
<testsuite name="de.uka.ilkd.key.proof.reference.TestReferenceSearcher" tests="1" skipped="0" failures="0" errors="0" timestamp="2023-05-27T16:30:34" hostname="fv-az282-56" time="7.3">
  <properties/>
  <testcase name="testFindsReferenceInSameProof()" classname="de.uka.ilkd.key.proof.reference.TestReferenceSearcher" time="7.3"/>
  <system-out><![CDATA[424903     INFO  Test worker     d.u.i.k.p.i.AbstractProblemLoader Loading environment from src\test\resources\testcase\..\..\..\..\..\key.ui\examples\heap\verifyThis15_1_RelaxedPrefix\relax.proof 
424903     DEBUG Test worker     d.u.i.k.p.i.AbstractProblemLoader Environment load took 216.4ns 
424919     INFO  Test worker     d.u.i.k.p.i.AbstractProblemLoader Creating init config 
427784     DEBUG Test worker     d.u.i.k.p.i.AbstractProblemLoader Init config took 2.86s 
427831     INFO  Test worker     d.u.i.k.p.i.AbstractProblemLoader Replaying proof Relaxed[Relaxed::isRelaxedPrefix([I,[I)].JML operation contract.0 
428503     DEBUG Test worker     d.u.i.k.p.i.IntermediateProofReplayer Proof replay took 660.65ms 
428503     INFO  Test worker     d.u.i.k.p.i.AbstractProblemLoader Loading environment from src\test\resources\testcase\..\..\..\..\..\key.ui\examples\heap\verifyThis15_1_RelaxedPrefix\relax.proof 
428518     DEBUG Test worker     d.u.i.k.p.i.AbstractProblemLoader Environment load took 643.4ns 
428518     INFO  Test worker     d.u.i.k.p.i.AbstractProblemLoader Creating init config 
431422     DEBUG Test worker     d.u.i.k.p.i.AbstractProblemLoader Init config took 2.91s 
431469     INFO  Test worker     d.u.i.k.p.i.AbstractProblemLoader Replaying proof Relaxed[Relaxed::isRelaxedPrefix([I,[I)].JML operation contract.0 
432126     DEBUG Test worker     d.u.i.k.p.i.IntermediateProofReplayer Proof replay took 638.02ms 
]]></system-out>
  <system-err><![CDATA[]]></system-err>
</testsuite>
