<?xml version="1.0" encoding="UTF-8"?>
<testsuite name="de.uka.ilkd.key.rule.loop.LoopScopeInvRuleTests" tests="1" skipped="0" failures="0" errors="0" timestamp="2023-05-27T16:30:56" hostname="fv-az282-56" time="4.452">
  <properties/>
  <testcase name="testDoAutomaticProofOfBenchmarkWithLabeledBreaksAndContinues()" classname="de.uka.ilkd.key.rule.loop.LoopScopeInvRuleTests" time="4.452"/>
  <system-out><![CDATA[446077     INFO  Test worker     d.u.i.k.p.i.AbstractProblemLoader Loading environment from src\test\resources\testcase\loopScopeInvRule\Test.key 
446077     DEBUG Test worker     d.u.i.k.p.i.AbstractProblemLoader Environment load took 151ns 
446077     INFO  Test worker     d.u.i.k.p.i.AbstractProblemLoader Creating init config 
446186     DEBUG Test worker     d.u.i.k.j.TypeConverter   No LDT found for Meta 
446186     DEBUG Test worker     d.u.i.k.j.TypeConverter   No LDT found for Meta 
446186     DEBUG Test worker     d.u.i.k.j.TypeConverter   No LDT found for Meta 
446186     DEBUG Test worker     d.u.i.k.j.TypeConverter   No LDT found for Meta 
446791     DEBUG Test worker     d.u.i.k.j.TypeConverter   No LDT found for JavaBigintExpression 
449902     DEBUG Test worker     d.u.i.k.p.i.AbstractProblemLoader Init config took 3.82s 
449964     INFO  Test worker     d.u.i.k.p.i.AbstractProblemLoader Replaying proof Test[Test::loopScopeRuleBenchmark(int,boolean)].JML normal_behavior operation contract.0 
449964     DEBUG Test worker     d.u.i.k.p.i.IntermediateProofReplayer Proof replay took 22.6ns 
]]></system-out>
  <system-err><![CDATA[]]></system-err>
</testsuite>
