<?xml version="1.0" encoding="UTF-8"?>
<testsuite name="de.uka.ilkd.key.macros.scripts.FocusCommandTest" tests="2" skipped="0" failures="0" errors="0" timestamp="2023-05-27T16:26:09" hostname="fv-az282-56" time="5.658">
  <properties/>
  <testcase name="testSelectionWithLabels()" classname="de.uka.ilkd.key.macros.scripts.FocusCommandTest" time="2.831"/>
  <testcase name="testSimpleSelection()" classname="de.uka.ilkd.key.macros.scripts.FocusCommandTest" time="2.826"/>
  <system-out><![CDATA[159440     INFO  Test worker     d.u.i.k.p.i.AbstractProblemLoader Loading environment from C:\Users\RUNNER~1\AppData\Local\Temp\key-focus-command2671505624200234912.key 
159440     DEBUG Test worker     d.u.i.k.p.i.AbstractProblemLoader Environment load took 200ns 
159440     INFO  Test worker     d.u.i.k.p.i.AbstractProblemLoader Creating init config 
162152     DEBUG Test worker     d.u.i.k.p.i.AbstractProblemLoader Init config took 2.71s 
162200     INFO  Test worker     d.u.i.k.p.i.AbstractProblemLoader Replaying proof key-focus-command2671505624200234912.key 
162200     DEBUG Test worker     d.u.i.k.p.i.IntermediateProofReplayer Proof replay took 10.3ns 
162200     DEBUG Test worker     d.u.i.k.m.s.ProofScriptEngine 1: 'macro 'nosplit-prop'' 
162246     DEBUG Test worker     d.u.i.k.m.s.ProofScriptEngine 2: 'focus 'i=1 ==> i = 3'' 
162278     INFO  Test worker     d.u.i.k.p.i.AbstractProblemLoader Loading environment from C:\Users\RUNNER~1\AppData\Local\Temp\key-focus-command8943011367602707640.key 
162278     DEBUG Test worker     d.u.i.k.p.i.AbstractProblemLoader Environment load took 205.5ns 
162278     INFO  Test worker     d.u.i.k.p.i.AbstractProblemLoader Creating init config 
164992     DEBUG Test worker     d.u.i.k.p.i.AbstractProblemLoader Init config took 2.71s 
165024     INFO  Test worker     d.u.i.k.p.i.AbstractProblemLoader Replaying proof key-focus-command8943011367602707640.key 
165024     DEBUG Test worker     d.u.i.k.p.i.IntermediateProofReplayer Proof replay took 11.7ns 
165024     DEBUG Test worker     d.u.i.k.m.s.ProofScriptEngine 1: 'macro 'nosplit-prop'' 
165102     DEBUG Test worker     d.u.i.k.m.s.ProofScriptEngine 2: 'focus 'i=1 ==> i = 4'' 
]]></system-out>
  <system-err><![CDATA[]]></system-err>
</testsuite>
