<?xml version="1.0" encoding="UTF-8"?>
<testsuite name="de.uka.ilkd.key.java.TestPositions" tests="1" skipped="0" failures="0" errors="0" timestamp="2023-05-27T16:24:03" hostname="fv-az282-56" time="0.062">
  <properties/>
  <testcase name="testPositionsFile()" classname="de.uka.ilkd.key.java.TestPositions" time="0.062"/>
  <system-out><![CDATA[]]></system-out>
  <system-err><![CDATA[]]></system-err>
</testsuite>
