<?xml version="1.0" encoding="UTF-8"?>
<testsuite name="de.uka.ilkd.key.smt.newsmt2.ProveSMTLemmasTest" tests="25" skipped="0" failures="0" errors="0" timestamp="2023-05-27T16:34:39" hostname="fv-az282-56" time="70.37">
  <properties/>
  <testcase name="[1] jmod.dl, &#10;\forall int divNum; \forall int divDenom;&#10;  jmod(divNum,divDenom) =&#10;    divNum + jdiv(divNum,divDenom)*(-1)*divDenom&#10;" classname="de.uka.ilkd.key.smt.newsmt2.ProveSMTLemmasTest" time="2.893"/>
  <testcase name="[2] seqSub.dl, &#13;&#10;    \forall Seq seq;&#13;&#10;    \forall int from;&#13;&#10;    \forall int to;&#13;&#10;    \forall int idx;&#13;&#10;        any::seqGet(seqSub(seq, from, to)&lt;&lt;Trigger&gt;&gt;, idx)&#13;&#10;      = \if(0 &lt;= idx &amp; idx &lt; (to - from))&#13;&#10;        \then(any::seqGet(seq, idx + from))&#13;&#10;        \else(seqGetOutside)&#13;&#10;" classname="de.uka.ilkd.key.smt.newsmt2.ProveSMTLemmasTest" time="2.874"/>
  <testcase name="[3] seqGetOutside.dl, &#13;&#10;    \forall int i; \forall Seq s; ( i &lt; 0 | i &gt;= seqLen(s) -&gt; any::seqGet(s, i)&lt;&lt;Trigger&gt;&gt; = seqGetOutside )&#13;&#10;" classname="de.uka.ilkd.key.smt.newsmt2.ProveSMTLemmasTest" time="2.918"/>
  <testcase name="[4] singleton.dl, &#10;  \forall Object o; \forall Field f; \forall Object o2; \forall Field f2;&#10;    ( elementOf(o,f, singleton(o2,f2))&lt;&lt;Trigger&gt;&gt; &lt;-&gt;&#10;      o = o2 &amp; f = f2 )&#10;" classname="de.uka.ilkd.key.smt.newsmt2.ProveSMTLemmasTest" time="2.857"/>
  <testcase name="[5] create.dl, &#13;&#10;  \forall Heap h; \forall Object o; \forall Object o2; \forall Field f;&#13;&#10;      any::select(create(h, o), o2, f)&lt;&lt;Trigger&gt;&gt; =&#13;&#10;         \if(o = o2 &amp; o != null &amp; f = java.lang.Object::&lt;created&gt;)&#13;&#10;         \then(TRUE)&#13;&#10;         \else(any::select(h, o2, f))&#13;&#10;" classname="de.uka.ilkd.key.smt.newsmt2.ProveSMTLemmasTest" time="2.899"/>
  <testcase name="[6] allFields.dl, &#13;&#10;  \forall Object o; \forall Field f; \forall Object o2;&#13;&#10;    ( elementOf(o,f, allFields(o2))&lt;&lt;Trigger&gt;&gt; &lt;-&gt;&#13;&#10;       o = o2 )&#13;&#10;" classname="de.uka.ilkd.key.smt.newsmt2.ProveSMTLemmasTest" time="2.847"/>
  <testcase name="[7] seqEmpty.dl, &#13;&#10;    seqLen(seqEmpty) = 0&#13;&#10;&#10;" classname="de.uka.ilkd.key.smt.newsmt2.ProveSMTLemmasTest" time="2.783"/>
  <testcase name="[8] union.dl, &#10;  \forall Object o; \forall Field f; \forall LocSet l1; \forall LocSet l2;&#10;     ( elementOf(o, f, union(l1, l2))&lt;&lt;Trigger&gt;&gt; &lt;-&gt; elementOf(o,f,l1) | elementOf(o,f,l2) )&#10;" classname="de.uka.ilkd.key.smt.newsmt2.ProveSMTLemmasTest" time="2.832"/>
  <testcase name="[9] seqConcat.dl.2, &#13;&#10;    \forall Seq s1; \forall Seq s2; seqLen(seqConcat(s1,s2)&lt;&lt;Trigger&gt;&gt;) = seqLen(s1) + seqLen(s2)&#13;&#10;&#10;" classname="de.uka.ilkd.key.smt.newsmt2.ProveSMTLemmasTest" time="2.807"/>
  <testcase name="[10] wellFormed.dl, &#13;&#10;  \forall Heap h; \forall Object o; \forall Field f; (wellFormed(h) -&gt;&#13;&#10;      boolean::select(h, (java.lang.Object::select(h, o, f))&lt;&lt;Trigger&gt;&gt;, java.lang.Object::&lt;created&gt;) = TRUE&#13;&#10;    | (java.lang.Object::select(h, o, f)) = null)&#13;&#10;" classname="de.uka.ilkd.key.smt.newsmt2.ProveSMTLemmasTest" time="2.816"/>
  <testcase name="[11] jdiv.dl, &#10;\forall int divNum; \forall int divDenom;&#10;  jdiv(divNum,divDenom) =&#10;         \if (divNum &gt;= 0)&#10;         \then (div(divNum,divDenom))&#10;         \else (div(divNum*(-1),divDenom)*(-1))&#10;" classname="de.uka.ilkd.key.smt.newsmt2.ProveSMTLemmasTest" time="2.798"/>
  <testcase name="[12] empty.dl, &#10;  \forall Object o; \forall Field f; ( elementOf(o,f,empty)&lt;&lt;Trigger&gt;&gt; &lt;-&gt; false )&#10;" classname="de.uka.ilkd.key.smt.newsmt2.ProveSMTLemmasTest" time="2.815"/>
  <testcase name="[13] allLocs.dl, &#10;  \forall Object o; \forall Field f; ( elementOf(o,f,allLocs)&lt;&lt;Trigger&gt;&gt; &lt;-&gt; true )&#10;" classname="de.uka.ilkd.key.smt.newsmt2.ProveSMTLemmasTest" time="2.835"/>
  <testcase name="[14] arrayRange.dl, &#13;&#10;  \forall Object o; \forall Object o2; \forall Field f; \forall int lo; \forall int hi;&#13;&#10;    (elementOf(o,f, arrayRange(o2, lo, hi))&lt;&lt;Trigger&gt;&gt; &lt;-&gt;&#13;&#10;      o = o2 &amp; \exists int iv; (f = arr(iv) &amp; lo &lt;= iv &amp; iv &lt;= hi))&#13;&#10;" classname="de.uka.ilkd.key.smt.newsmt2.ProveSMTLemmasTest" time="2.825"/>
  <testcase name="[15] seqConcat.dl, &#13;&#10;    \forall int i; \forall Seq s1; \forall Seq s2; ( 0 &lt;= i &amp; i &lt; seqLen(s1) + seqLen(s2) -&gt;&#13;&#10;        any::seqGet(seqConcat(s1, s2), i) =&#13;&#10;            \if (i &lt; seqLen(s1)) \then (any::seqGet(s1, i)) \else (any::seqGet(s2, i-seqLen(s1))))&#13;&#10;&#10;" classname="de.uka.ilkd.key.smt.newsmt2.ProveSMTLemmasTest" time="2.782"/>
  <testcase name="[16] seqLen.dl, &#13;&#10;    \forall Seq s; seqLen(s)&lt;&lt;Trigger&gt;&gt; &gt;= 0&#13;&#10;" classname="de.uka.ilkd.key.smt.newsmt2.ProveSMTLemmasTest" time="2.793"/>
  <testcase name="[17] length.dl, &#13;&#10;    \forall Object o; length(o) &gt;= 0&#13;&#10;" classname="de.uka.ilkd.key.smt.newsmt2.ProveSMTLemmasTest" time="2.775"/>
  <testcase name="[18] freshLocs.dl, &#10;  \forall Heap h; \forall Object o; \forall Field f;&#10;     ( elementOf(o,f,freshLocs(h))&lt;&lt;Trigger&gt;&gt; &lt;-&gt;&#10;        o != null &amp; !boolean::select(h,o,java.lang.Object::&lt;created&gt;)=TRUE )&#10;" classname="de.uka.ilkd.key.smt.newsmt2.ProveSMTLemmasTest" time="2.809"/>
  <testcase name="[19] anon.dl, &#13;&#10;    \forall Heap h; \forall Object o; \forall Field f; \forall Heap h2; \forall LocSet ls;&#13;&#10;      any::select(anon(h, ls, h2), o, f)&lt;&lt;Trigger&gt;&gt; =&#13;&#10;         \if(elementOf(o, f, ls) &amp; f != java.lang.Object::&lt;created&gt;&#13;&#10;           | elementOf(o, f, freshLocs(h)))&#13;&#10;         \then(any::select(h2, o, f))&#13;&#10;         \else(any::select(h, o, f))&#13;&#10;" classname="de.uka.ilkd.key.smt.newsmt2.ProveSMTLemmasTest" time="2.748"/>
  <testcase name="[20] memset.dl, &#13;&#10;    \forall Heap h; \forall LocSet s; \forall any x; \forall Object o; \forall Field f;&#13;&#10;      any::select(memset(h, s, x), o, f)&lt;&lt;Trigger&gt;&gt; =&#13;&#10;         \if(elementOf(o, f, s) &amp; f != java.lang.Object::&lt;created&gt;)&#13;&#10;         \then(x)&#13;&#10;         \else(any::select(h, o, f))&#13;&#10;" classname="de.uka.ilkd.key.smt.newsmt2.ProveSMTLemmasTest" time="2.767"/>
  <testcase name="[21] store.dl, &#13;&#10;    \forall Heap h; \forall Object o; \forall Field f; \forall Object o2; \forall Field f2; \forall any v;&#13;&#10;      any::select(store(h,o,f,v), o2, f2)&lt;&lt;Trigger&gt;&gt; =&#13;&#10;         \if(o = o2 &amp; f = f2 &amp; f != java.lang.Object::&lt;created&gt;)&#13;&#10;         \then(v)&#13;&#10;         \else(any::select(h, o2, f2))&#13;&#10;" classname="de.uka.ilkd.key.smt.newsmt2.ProveSMTLemmasTest" time="2.768"/>
  <testcase name="[22] seqSub.dl.2, &#13;&#10;    \forall Seq seq;&#13;&#10;    \forall int from;&#13;&#10;    \forall int to;&#13;&#10;        seqLen(seqSub(seq, from, to)&lt;&lt;Trigger&gt;&gt;)&#13;&#10;      = \if(from &lt; to)\then(to - from)\else(0)&#13;&#10;" classname="de.uka.ilkd.key.smt.newsmt2.ProveSMTLemmasTest" time="2.775"/>
  <testcase name="[23] seqSingleton.dl, &#13;&#10;    \forall any x; any::seqGet(seqSingleton(x)&lt;&lt;Trigger&gt;&gt;, 0) = x&#13;&#10;&#10;" classname="de.uka.ilkd.key.smt.newsmt2.ProveSMTLemmasTest" time="2.781"/>
  <testcase name="[24] seqSingleton.dl.2, &#13;&#10;    \forall any x; seqLen(seqSingleton(x)&lt;&lt;Trigger&gt;&gt;) = 1&#13;&#10;&#10;" classname="de.uka.ilkd.key.smt.newsmt2.ProveSMTLemmasTest" time="2.799"/>
  <testcase name="[25] null.dl, &#10;     \forall any x; ((Null::instance(x))&lt;&lt;Trigger&gt;&gt; = TRUE -&gt; x = null) &#10;" classname="de.uka.ilkd.key.smt.newsmt2.ProveSMTLemmasTest" time="2.763"/>
  <system-out><![CDATA[669294     INFO  Test worker     d.u.i.k.s.n.ProveSMTLemmasTest Now processing file D:\a\key\key\key.core\build\resources\test\de\uka\ilkd\key\smt\newsmt2\SMT_lemma_jmod.dl.proof 
669294     INFO  Test worker     d.u.i.k.p.i.AbstractProblemLoader Loading environment from D:\a\key\key\key.core\build\resources\test\de\uka\ilkd\key\smt\newsmt2\SMT_lemma_jmod.dl.proof 
669294     DEBUG Test worker     d.u.i.k.p.i.AbstractProblemLoader Environment load took 106.6ns 
669294     INFO  Test worker     d.u.i.k.p.i.AbstractProblemLoader Creating init config 
672062     DEBUG Test worker     d.u.i.k.p.i.AbstractProblemLoader Init config took 2.76s 
672078     INFO  Test worker     d.u.i.k.p.i.AbstractProblemLoader Replaying proof SMT_lemma_jmod.dl.proof 
672078     DEBUG Test worker     d.u.i.k.p.i.IntermediateProofReplayer Proof replay took 3.25ms 
672193     INFO  Test worker     d.u.i.k.s.n.ProveSMTLemmasTest Now processing file C:\Users\RUNNER~1\AppData\Local\Temp\SMT_lemma_seqSub.dl_6058266942443905251.key 
672193     INFO  Test worker     d.u.i.k.p.i.AbstractProblemLoader Loading environment from C:\Users\RUNNER~1\AppData\Local\Temp\SMT_lemma_seqSub.dl_6058266942443905251.key 
672193     DEBUG Test worker     d.u.i.k.p.i.AbstractProblemLoader Environment load took 207.5ns 
672193     INFO  Test worker     d.u.i.k.p.i.AbstractProblemLoader Creating init config 
674943     DEBUG Test worker     d.u.i.k.p.i.AbstractProblemLoader Init config took 2.75s 
674959     INFO  Test worker     d.u.i.k.p.i.AbstractProblemLoader Replaying proof SMT_lemma_seqSub.dl_6058266942443905251.key 
674959     DEBUG Test worker     d.u.i.k.p.i.IntermediateProofReplayer Proof replay took 4.1ns 
675068     INFO  Test worker     d.u.i.k.s.n.ProveSMTLemmasTest Now processing file D:\a\key\key\key.core\build\resources\test\de\uka\ilkd\key\smt\newsmt2\SMT_lemma_seqGetOutside.dl.proof 
675068     INFO  Test worker     d.u.i.k.p.i.AbstractProblemLoader Loading environment from D:\a\key\key\key.core\build\resources\test\de\uka\ilkd\key\smt\newsmt2\SMT_lemma_seqGetOutside.dl.proof 
675068     DEBUG Test worker     d.u.i.k.p.i.AbstractProblemLoader Environment load took 307.5ns 
675068     INFO  Test worker     d.u.i.k.p.i.AbstractProblemLoader Creating init config 
677831     DEBUG Test worker     d.u.i.k.p.i.AbstractProblemLoader Init config took 2.76s 
677846     INFO  Test worker     d.u.i.k.p.i.AbstractProblemLoader Replaying proof SMT_lemma_seqGetOutside.dl.proof 
677878     DEBUG Test worker     d.u.i.k.p.i.IntermediateProofReplayer Proof replay took 17.16ms 
677987     INFO  Test worker     d.u.i.k.s.n.ProveSMTLemmasTest Now processing file C:\Users\RUNNER~1\AppData\Local\Temp\SMT_lemma_singleton.dl_2777527987479838523.key 
677987     INFO  Test worker     d.u.i.k.p.i.AbstractProblemLoader Loading environment from C:\Users\RUNNER~1\AppData\Local\Temp\SMT_lemma_singleton.dl_2777527987479838523.key 
677987     DEBUG Test worker     d.u.i.k.p.i.AbstractProblemLoader Environment load took 237.2ns 
677987     INFO  Test worker     d.u.i.k.p.i.AbstractProblemLoader Creating init config 
680703     DEBUG Test worker     d.u.i.k.p.i.AbstractProblemLoader Init config took 2.72s 
680719     INFO  Test worker     d.u.i.k.p.i.AbstractProblemLoader Replaying proof SMT_lemma_singleton.dl_2777527987479838523.key 
680719     DEBUG Test worker     d.u.i.k.p.i.IntermediateProofReplayer Proof replay took 4ns 
680844     INFO  Test worker     d.u.i.k.s.n.ProveSMTLemmasTest Now processing file C:\Users\RUNNER~1\AppData\Local\Temp\SMT_lemma_create.dl_16357593584685706773.key 
680844     INFO  Test worker     d.u.i.k.p.i.AbstractProblemLoader Loading environment from C:\Users\RUNNER~1\AppData\Local\Temp\SMT_lemma_create.dl_16357593584685706773.key 
680844     DEBUG Test worker     d.u.i.k.p.i.AbstractProblemLoader Environment load took 314.5ns 
680844     INFO  Test worker     d.u.i.k.p.i.AbstractProblemLoader Creating init config 
683616     DEBUG Test worker     d.u.i.k.p.i.AbstractProblemLoader Init config took 2.77s 
683631     INFO  Test worker     d.u.i.k.p.i.AbstractProblemLoader Replaying proof SMT_lemma_create.dl_16357593584685706773.key 
683631     DEBUG Test worker     d.u.i.k.p.i.IntermediateProofReplayer Proof replay took 7ns 
683746     INFO  Test worker     d.u.i.k.s.n.ProveSMTLemmasTest Now processing file C:\Users\RUNNER~1\AppData\Local\Temp\SMT_lemma_allFields.dl_6256502342209919501.key 
683746     INFO  Test worker     d.u.i.k.p.i.AbstractProblemLoader Loading environment from C:\Users\RUNNER~1\AppData\Local\Temp\SMT_lemma_allFields.dl_6256502342209919501.key 
683746     DEBUG Test worker     d.u.i.k.p.i.AbstractProblemLoader Environment load took 214.3ns 
683746     INFO  Test worker     d.u.i.k.p.i.AbstractProblemLoader Creating init config 
686462     DEBUG Test worker     d.u.i.k.p.i.AbstractProblemLoader Init config took 2.72s 
686477     INFO  Test worker     d.u.i.k.p.i.AbstractProblemLoader Replaying proof SMT_lemma_allFields.dl_6256502342209919501.key 
686477     DEBUG Test worker     d.u.i.k.p.i.IntermediateProofReplayer Proof replay took 3.5ns 
686590     INFO  Test worker     d.u.i.k.s.n.ProveSMTLemmasTest Now processing file C:\Users\RUNNER~1\AppData\Local\Temp\SMT_lemma_seqEmpty.dl_1796591457246814247.key 
686590     INFO  Test worker     d.u.i.k.p.i.AbstractProblemLoader Loading environment from C:\Users\RUNNER~1\AppData\Local\Temp\SMT_lemma_seqEmpty.dl_1796591457246814247.key 
686590     DEBUG Test worker     d.u.i.k.p.i.AbstractProblemLoader Environment load took 233.1ns 
686590     INFO  Test worker     d.u.i.k.p.i.AbstractProblemLoader Creating init config 
689249     DEBUG Test worker     d.u.i.k.p.i.AbstractProblemLoader Init config took 2.66s 
689264     INFO  Test worker     d.u.i.k.p.i.AbstractProblemLoader Replaying proof SMT_lemma_seqEmpty.dl_1796591457246814247.key 
689264     DEBUG Test worker     d.u.i.k.p.i.IntermediateProofReplayer Proof replay took 5ns 
689374     INFO  Test worker     d.u.i.k.s.n.ProveSMTLemmasTest Now processing file C:\Users\RUNNER~1\AppData\Local\Temp\SMT_lemma_union.dl_4387368131932178484.key 
689374     INFO  Test worker     d.u.i.k.p.i.AbstractProblemLoader Loading environment from C:\Users\RUNNER~1\AppData\Local\Temp\SMT_lemma_union.dl_4387368131932178484.key 
689374     DEBUG Test worker     d.u.i.k.p.i.AbstractProblemLoader Environment load took 358.8ns 
689374     INFO  Test worker     d.u.i.k.p.i.AbstractProblemLoader Creating init config 
692080     DEBUG Test worker     d.u.i.k.p.i.AbstractProblemLoader Init config took 2.71s 
692096     INFO  Test worker     d.u.i.k.p.i.AbstractProblemLoader Replaying proof SMT_lemma_union.dl_4387368131932178484.key 
692096     DEBUG Test worker     d.u.i.k.p.i.IntermediateProofReplayer Proof replay took 3.7ns 
692206     INFO  Test worker     d.u.i.k.s.n.ProveSMTLemmasTest Now processing file C:\Users\RUNNER~1\AppData\Local\Temp\SMT_lemma_seqConcat.dl.2_3057558613176640695.key 
692206     INFO  Test worker     d.u.i.k.p.i.AbstractProblemLoader Loading environment from C:\Users\RUNNER~1\AppData\Local\Temp\SMT_lemma_seqConcat.dl.2_3057558613176640695.key 
692206     DEBUG Test worker     d.u.i.k.p.i.AbstractProblemLoader Environment load took 219.1ns 
692206     INFO  Test worker     d.u.i.k.p.i.AbstractProblemLoader Creating init config 
694887     DEBUG Test worker     d.u.i.k.p.i.AbstractProblemLoader Init config took 2.68s 
694903     INFO  Test worker     d.u.i.k.p.i.AbstractProblemLoader Replaying proof SMT_lemma_seqConcat.dl.2_3057558613176640695.key 
694903     DEBUG Test worker     d.u.i.k.p.i.IntermediateProofReplayer Proof replay took 4ns 
695013     INFO  Test worker     d.u.i.k.s.n.ProveSMTLemmasTest Now processing file C:\Users\RUNNER~1\AppData\Local\Temp\SMT_lemma_wellFormed.dl_8851126026107852578.key 
695013     INFO  Test worker     d.u.i.k.p.i.AbstractProblemLoader Loading environment from C:\Users\RUNNER~1\AppData\Local\Temp\SMT_lemma_wellFormed.dl_8851126026107852578.key 
695013     DEBUG Test worker     d.u.i.k.p.i.AbstractProblemLoader Environment load took 233.6ns 
695013     INFO  Test worker     d.u.i.k.p.i.AbstractProblemLoader Creating init config 
697705     DEBUG Test worker     d.u.i.k.p.i.AbstractProblemLoader Init config took 2.69s 
697721     INFO  Test worker     d.u.i.k.p.i.AbstractProblemLoader Replaying proof SMT_lemma_wellFormed.dl_8851126026107852578.key 
697721     DEBUG Test worker     d.u.i.k.p.i.IntermediateProofReplayer Proof replay took 4.2ns 
697830     INFO  Test worker     d.u.i.k.s.n.ProveSMTLemmasTest Now processing file D:\a\key\key\key.core\build\resources\test\de\uka\ilkd\key\smt\newsmt2\SMT_lemma_jdiv.dl.proof 
697830     INFO  Test worker     d.u.i.k.p.i.AbstractProblemLoader Loading environment from D:\a\key\key\key.core\build\resources\test\de\uka\ilkd\key\smt\newsmt2\SMT_lemma_jdiv.dl.proof 
697830     DEBUG Test worker     d.u.i.k.p.i.AbstractProblemLoader Environment load took 302.4ns 
697830     INFO  Test worker     d.u.i.k.p.i.AbstractProblemLoader Creating init config 
700503     DEBUG Test worker     d.u.i.k.p.i.AbstractProblemLoader Init config took 2.67s 
700519     INFO  Test worker     d.u.i.k.p.i.AbstractProblemLoader Replaying proof SMT_lemma_jdiv.dl.proof 
700519     DEBUG Test worker     d.u.i.k.p.i.IntermediateProofReplayer Proof replay took 2.78ms 
700628     INFO  Test worker     d.u.i.k.s.n.ProveSMTLemmasTest Now processing file C:\Users\RUNNER~1\AppData\Local\Temp\SMT_lemma_empty.dl_13257993710522680267.key 
700628     INFO  Test worker     d.u.i.k.p.i.AbstractProblemLoader Loading environment from C:\Users\RUNNER~1\AppData\Local\Temp\SMT_lemma_empty.dl_13257993710522680267.key 
700628     DEBUG Test worker     d.u.i.k.p.i.AbstractProblemLoader Environment load took 340.4ns 
700628     INFO  Test worker     d.u.i.k.p.i.AbstractProblemLoader Creating init config 
703319     DEBUG Test worker     d.u.i.k.p.i.AbstractProblemLoader Init config took 2.68s 
703319     INFO  Test worker     d.u.i.k.p.i.AbstractProblemLoader Replaying proof SMT_lemma_empty.dl_13257993710522680267.key 
703334     DEBUG Test worker     d.u.i.k.p.i.IntermediateProofReplayer Proof replay took 4.4ns 
703444     INFO  Test worker     d.u.i.k.s.n.ProveSMTLemmasTest Now processing file C:\Users\RUNNER~1\AppData\Local\Temp\SMT_lemma_allLocs.dl_11878820887217620727.key 
703444     INFO  Test worker     d.u.i.k.p.i.AbstractProblemLoader Loading environment from C:\Users\RUNNER~1\AppData\Local\Temp\SMT_lemma_allLocs.dl_11878820887217620727.key 
703444     DEBUG Test worker     d.u.i.k.p.i.AbstractProblemLoader Environment load took 216.8ns 
703444     INFO  Test worker     d.u.i.k.p.i.AbstractProblemLoader Creating init config 
706149     DEBUG Test worker     d.u.i.k.p.i.AbstractProblemLoader Init config took 2.71s 
706164     INFO  Test worker     d.u.i.k.p.i.AbstractProblemLoader Replaying proof SMT_lemma_allLocs.dl_11878820887217620727.key 
706164     DEBUG Test worker     d.u.i.k.p.i.IntermediateProofReplayer Proof replay took 4.6ns 
706280     INFO  Test worker     d.u.i.k.s.n.ProveSMTLemmasTest Now processing file C:\Users\RUNNER~1\AppData\Local\Temp\SMT_lemma_arrayRange.dl_17760733135578760388.key 
706280     INFO  Test worker     d.u.i.k.p.i.AbstractProblemLoader Loading environment from C:\Users\RUNNER~1\AppData\Local\Temp\SMT_lemma_arrayRange.dl_17760733135578760388.key 
706280     DEBUG Test worker     d.u.i.k.p.i.AbstractProblemLoader Environment load took 217.8ns 
706280     INFO  Test worker     d.u.i.k.p.i.AbstractProblemLoader Creating init config 
708964     DEBUG Test worker     d.u.i.k.p.i.AbstractProblemLoader Init config took 2.69s 
708980     INFO  Test worker     d.u.i.k.p.i.AbstractProblemLoader Replaying proof SMT_lemma_arrayRange.dl_17760733135578760388.key 
708996     DEBUG Test worker     d.u.i.k.p.i.IntermediateProofReplayer Proof replay took 4.2ns 
709105     INFO  Test worker     d.u.i.k.s.n.ProveSMTLemmasTest Now processing file C:\Users\RUNNER~1\AppData\Local\Temp\SMT_lemma_seqConcat.dl_16039741987041566613.key 
709105     INFO  Test worker     d.u.i.k.p.i.AbstractProblemLoader Loading environment from C:\Users\RUNNER~1\AppData\Local\Temp\SMT_lemma_seqConcat.dl_16039741987041566613.key 
709105     DEBUG Test worker     d.u.i.k.p.i.AbstractProblemLoader Environment load took 329ns 
709105     INFO  Test worker     d.u.i.k.p.i.AbstractProblemLoader Creating init config 
711760     DEBUG Test worker     d.u.i.k.p.i.AbstractProblemLoader Init config took 2.66s 
711775     INFO  Test worker     d.u.i.k.p.i.AbstractProblemLoader Replaying proof SMT_lemma_seqConcat.dl_16039741987041566613.key 
711775     DEBUG Test worker     d.u.i.k.p.i.IntermediateProofReplayer Proof replay took 3.3ns 
711889     INFO  Test worker     d.u.i.k.s.n.ProveSMTLemmasTest Now processing file C:\Users\RUNNER~1\AppData\Local\Temp\SMT_lemma_seqLen.dl_10554199934181899404.key 
711889     INFO  Test worker     d.u.i.k.p.i.AbstractProblemLoader Loading environment from C:\Users\RUNNER~1\AppData\Local\Temp\SMT_lemma_seqLen.dl_10554199934181899404.key 
711889     DEBUG Test worker     d.u.i.k.p.i.AbstractProblemLoader Environment load took 243ns 
711889     INFO  Test worker     d.u.i.k.p.i.AbstractProblemLoader Creating init config 
714556     DEBUG Test worker     d.u.i.k.p.i.AbstractProblemLoader Init config took 2.66s 
714556     INFO  Test worker     d.u.i.k.p.i.AbstractProblemLoader Replaying proof SMT_lemma_seqLen.dl_10554199934181899404.key 
714572     DEBUG Test worker     d.u.i.k.p.i.IntermediateProofReplayer Proof replay took 4.2ns 
714682     INFO  Test worker     d.u.i.k.s.n.ProveSMTLemmasTest Now processing file C:\Users\RUNNER~1\AppData\Local\Temp\SMT_lemma_length.dl_12505068820850215496.key 
714682     INFO  Test worker     d.u.i.k.p.i.AbstractProblemLoader Loading environment from C:\Users\RUNNER~1\AppData\Local\Temp\SMT_lemma_length.dl_12505068820850215496.key 
714682     DEBUG Test worker     d.u.i.k.p.i.AbstractProblemLoader Environment load took 215ns 
714682     INFO  Test worker     d.u.i.k.p.i.AbstractProblemLoader Creating init config 
717332     DEBUG Test worker     d.u.i.k.p.i.AbstractProblemLoader Init config took 2.65s 
717347     INFO  Test worker     d.u.i.k.p.i.AbstractProblemLoader Replaying proof SMT_lemma_length.dl_12505068820850215496.key 
717347     DEBUG Test worker     d.u.i.k.p.i.IntermediateProofReplayer Proof replay took 4ns 
717457     INFO  Test worker     d.u.i.k.s.n.ProveSMTLemmasTest Now processing file C:\Users\RUNNER~1\AppData\Local\Temp\SMT_lemma_freshLocs.dl_15843259856531099634.key 
717457     INFO  Test worker     d.u.i.k.p.i.AbstractProblemLoader Loading environment from C:\Users\RUNNER~1\AppData\Local\Temp\SMT_lemma_freshLocs.dl_15843259856531099634.key 
717457     DEBUG Test worker     d.u.i.k.p.i.AbstractProblemLoader Environment load took 213ns 
717457     INFO  Test worker     d.u.i.k.p.i.AbstractProblemLoader Creating init config 
720125     DEBUG Test worker     d.u.i.k.p.i.AbstractProblemLoader Init config took 2.68s 
720141     INFO  Test worker     d.u.i.k.p.i.AbstractProblemLoader Replaying proof SMT_lemma_freshLocs.dl_15843259856531099634.key 
720141     DEBUG Test worker     d.u.i.k.p.i.IntermediateProofReplayer Proof replay took 3.6ns 
720266     INFO  Test worker     d.u.i.k.s.n.ProveSMTLemmasTest Now processing file C:\Users\RUNNER~1\AppData\Local\Temp\SMT_lemma_anon.dl_8953236534189013218.key 
720266     INFO  Test worker     d.u.i.k.p.i.AbstractProblemLoader Loading environment from C:\Users\RUNNER~1\AppData\Local\Temp\SMT_lemma_anon.dl_8953236534189013218.key 
720266     DEBUG Test worker     d.u.i.k.p.i.AbstractProblemLoader Environment load took 771.2ns 
720266     INFO  Test worker     d.u.i.k.p.i.AbstractProblemLoader Creating init config 
722887     DEBUG Test worker     d.u.i.k.p.i.AbstractProblemLoader Init config took 2.62s 
722903     INFO  Test worker     d.u.i.k.p.i.AbstractProblemLoader Replaying proof SMT_lemma_anon.dl_8953236534189013218.key 
722903     DEBUG Test worker     d.u.i.k.p.i.IntermediateProofReplayer Proof replay took 4.6ns 
723014     INFO  Test worker     d.u.i.k.s.n.ProveSMTLemmasTest Now processing file C:\Users\RUNNER~1\AppData\Local\Temp\SMT_lemma_memset.dl_2281428619785286185.key 
723014     INFO  Test worker     d.u.i.k.p.i.AbstractProblemLoader Loading environment from C:\Users\RUNNER~1\AppData\Local\Temp\SMT_lemma_memset.dl_2281428619785286185.key 
723014     DEBUG Test worker     d.u.i.k.p.i.AbstractProblemLoader Environment load took 231.6ns 
723014     INFO  Test worker     d.u.i.k.p.i.AbstractProblemLoader Creating init config 
725656     DEBUG Test worker     d.u.i.k.p.i.AbstractProblemLoader Init config took 2.64s 
725671     INFO  Test worker     d.u.i.k.p.i.AbstractProblemLoader Replaying proof SMT_lemma_memset.dl_2281428619785286185.key 
725671     DEBUG Test worker     d.u.i.k.p.i.IntermediateProofReplayer Proof replay took 4.2ns 
725781     INFO  Test worker     d.u.i.k.s.n.ProveSMTLemmasTest Now processing file C:\Users\RUNNER~1\AppData\Local\Temp\SMT_lemma_store.dl_14911263294198176474.key 
725781     INFO  Test worker     d.u.i.k.p.i.AbstractProblemLoader Loading environment from C:\Users\RUNNER~1\AppData\Local\Temp\SMT_lemma_store.dl_14911263294198176474.key 
725781     DEBUG Test worker     d.u.i.k.p.i.AbstractProblemLoader Environment load took 233.3ns 
725781     INFO  Test worker     d.u.i.k.p.i.AbstractProblemLoader Creating init config 
728420     DEBUG Test worker     d.u.i.k.p.i.AbstractProblemLoader Init config took 2.64s 
728436     INFO  Test worker     d.u.i.k.p.i.AbstractProblemLoader Replaying proof SMT_lemma_store.dl_14911263294198176474.key 
728436     DEBUG Test worker     d.u.i.k.p.i.IntermediateProofReplayer Proof replay took 4.9ns 
728549     INFO  Test worker     d.u.i.k.s.n.ProveSMTLemmasTest Now processing file C:\Users\RUNNER~1\AppData\Local\Temp\SMT_lemma_seqSub.dl.2_4906598045946785082.key 
728549     INFO  Test worker     d.u.i.k.p.i.AbstractProblemLoader Loading environment from C:\Users\RUNNER~1\AppData\Local\Temp\SMT_lemma_seqSub.dl.2_4906598045946785082.key 
728549     DEBUG Test worker     d.u.i.k.p.i.AbstractProblemLoader Environment load took 315.1ns 
728549     INFO  Test worker     d.u.i.k.p.i.AbstractProblemLoader Creating init config 
731194     DEBUG Test worker     d.u.i.k.p.i.AbstractProblemLoader Init config took 2.65s 
731209     INFO  Test worker     d.u.i.k.p.i.AbstractProblemLoader Replaying proof SMT_lemma_seqSub.dl.2_4906598045946785082.key 
731209     DEBUG Test worker     d.u.i.k.p.i.IntermediateProofReplayer Proof replay took 3.1ns 
731325     INFO  Test worker     d.u.i.k.s.n.ProveSMTLemmasTest Now processing file C:\Users\RUNNER~1\AppData\Local\Temp\SMT_lemma_seqSingleton.dl_4106535862184307009.key 
731325     INFO  Test worker     d.u.i.k.p.i.AbstractProblemLoader Loading environment from C:\Users\RUNNER~1\AppData\Local\Temp\SMT_lemma_seqSingleton.dl_4106535862184307009.key 
731325     DEBUG Test worker     d.u.i.k.p.i.AbstractProblemLoader Environment load took 329.1ns 
731325     INFO  Test worker     d.u.i.k.p.i.AbstractProblemLoader Creating init config 
733981     DEBUG Test worker     d.u.i.k.p.i.AbstractProblemLoader Init config took 2.65s 
733981     INFO  Test worker     d.u.i.k.p.i.AbstractProblemLoader Replaying proof SMT_lemma_seqSingleton.dl_4106535862184307009.key 
733996     DEBUG Test worker     d.u.i.k.p.i.IntermediateProofReplayer Proof replay took 3.2ns 
734106     INFO  Test worker     d.u.i.k.s.n.ProveSMTLemmasTest Now processing file C:\Users\RUNNER~1\AppData\Local\Temp\SMT_lemma_seqSingleton.dl.2_14882052631030958248.key 
734106     INFO  Test worker     d.u.i.k.p.i.AbstractProblemLoader Loading environment from C:\Users\RUNNER~1\AppData\Local\Temp\SMT_lemma_seqSingleton.dl.2_14882052631030958248.key 
734106     DEBUG Test worker     d.u.i.k.p.i.AbstractProblemLoader Environment load took 332.1ns 
734106     INFO  Test worker     d.u.i.k.p.i.AbstractProblemLoader Creating init config 
736780     DEBUG Test worker     d.u.i.k.p.i.AbstractProblemLoader Init config took 2.67s 
736795     INFO  Test worker     d.u.i.k.p.i.AbstractProblemLoader Replaying proof SMT_lemma_seqSingleton.dl.2_14882052631030958248.key 
736795     DEBUG Test worker     d.u.i.k.p.i.IntermediateProofReplayer Proof replay took 2.9ns 
736906     INFO  Test worker     d.u.i.k.s.n.ProveSMTLemmasTest Now processing file C:\Users\RUNNER~1\AppData\Local\Temp\SMT_lemma_null.dl_6380260947965674020.key 
736906     INFO  Test worker     d.u.i.k.p.i.AbstractProblemLoader Loading environment from C:\Users\RUNNER~1\AppData\Local\Temp\SMT_lemma_null.dl_6380260947965674020.key 
736906     DEBUG Test worker     d.u.i.k.p.i.AbstractProblemLoader Environment load took 224.7ns 
736906     INFO  Test worker     d.u.i.k.p.i.AbstractProblemLoader Creating init config 
739544     DEBUG Test worker     d.u.i.k.p.i.AbstractProblemLoader Init config took 2.64s 
739560     INFO  Test worker     d.u.i.k.p.i.AbstractProblemLoader Replaying proof SMT_lemma_null.dl_6380260947965674020.key 
739560     DEBUG Test worker     d.u.i.k.p.i.IntermediateProofReplayer Proof replay took 4.2ns 
]]></system-out>
  <system-err><![CDATA[]]></system-err>
</testsuite>
