<?xml version="1.0" encoding="UTF-8"?>
<testsuite name="de.uka.ilkd.key.java.TestContextStatementBlock" tests="1" skipped="0" failures="0" errors="0" timestamp="2023-05-28T15:27:44" hostname="fv-az193-445" time="1.309">
  <properties/>
  <testcase name="testContextTermInstantiation()" classname="de.uka.ilkd.key.java.TestContextStatementBlock" time="1.309"/>
  <system-out><![CDATA[27434      INFO  Test worker     d.u.i.k.n.KeyIO           Parsing took 3 ms 
27436      DEBUG Test worker     d.u.i.k.n.KeyIO           Load declarations of de.uka.ilkd.key.nparser.KeyAst$File:  /home/runner/work/key/key/key.core/src/test/resources/testcase/testrules.key:9#1 
27437      INFO  Test worker     d.u.i.k.n.KeyIO           MODE: declarations took 2 ms 
27438      DEBUG Test worker     d.u.i.k.n.KeyIO           MODE: 2nd degree decls took 1 
27518      DEBUG Test worker     d.u.i.k.n.KeyIO           MODE: taclets took 79ms 
]]></system-out>
  <system-err><![CDATA[]]></system-err>
</testsuite>
