<?xml version="1.0" encoding="UTF-8"?>
<testsuite name="de.uka.ilkd.key.parser.TestDeclParser" tests="14" skipped="2" failures="0" errors="0" timestamp="2023-05-28T15:31:25" hostname="fv-az193-445" time="13.007">
  <properties/>
  <testcase name="testGenericSortDecl1()" classname="de.uka.ilkd.key.parser.TestDeclParser" time="1.17"/>
  <testcase name="testGenericSortDecl2()" classname="de.uka.ilkd.key.parser.TestDeclParser" time="1.128"/>
  <testcase name="testGenericSortDecl3()" classname="de.uka.ilkd.key.parser.TestDeclParser" time="1.02"/>
  <testcase name="testGenericSortDecl4()" classname="de.uka.ilkd.key.parser.TestDeclParser" time="1.12"/>
  <testcase name="testGenericSortDecl5()" classname="de.uka.ilkd.key.parser.TestDeclParser" time="0.0">
    <skipped/>
  </testcase>
  <testcase name="testGenericSortDecl6()" classname="de.uka.ilkd.key.parser.TestDeclParser" time="1.083"/>
  <testcase name="testSortDecl()" classname="de.uka.ilkd.key.parser.TestDeclParser" time="1.118"/>
  <testcase name="testProxySortDecl()" classname="de.uka.ilkd.key.parser.TestDeclParser" time="1.006"/>
  <testcase name="testArrayDecl()" classname="de.uka.ilkd.key.parser.TestDeclParser" time="1.074"/>
  <testcase name="testAmbiguousDecls()" classname="de.uka.ilkd.key.parser.TestDeclParser" time="0.0">
    <skipped/>
  </testcase>
  <testcase name="testHeurDecl()" classname="de.uka.ilkd.key.parser.TestDeclParser" time="1.11"/>
  <testcase name="testFunctionDecl()" classname="de.uka.ilkd.key.parser.TestDeclParser" time="1.006"/>
  <testcase name="testPredicateDecl()" classname="de.uka.ilkd.key.parser.TestDeclParser" time="1.099"/>
  <testcase name="testSVDecl()" classname="de.uka.ilkd.key.parser.TestDeclParser" time="1.071"/>
  <system-out><![CDATA[247421     INFO  Test worker     d.u.i.k.n.KeyIO           Parsing took 0 ms 
247421     DEBUG Test worker     d.u.i.k.n.KeyIO           Load declarations of de.uka.ilkd.key.nparser.KeyAst$File:  <unknown>:1#1 
247421     INFO  Test worker     d.u.i.k.n.KeyIO           MODE: declarations took 0 ms 
247422     DEBUG Test worker     d.u.i.k.n.KeyIO           MODE: 2nd degree decls took 0 
247422     DEBUG Test worker     d.u.i.k.n.KeyIO           MODE: taclets took 0ms 
248550     INFO  Test worker     d.u.i.k.n.KeyIO           Parsing took 0 ms 
248550     DEBUG Test worker     d.u.i.k.n.KeyIO           Load declarations of de.uka.ilkd.key.nparser.KeyAst$File:  <unknown>:1#1 
248551     INFO  Test worker     d.u.i.k.n.KeyIO           MODE: declarations took 1 ms 
248551     DEBUG Test worker     d.u.i.k.n.KeyIO           MODE: 2nd degree decls took 0 
248551     DEBUG Test worker     d.u.i.k.n.KeyIO           MODE: taclets took 0ms 
249572     INFO  Test worker     d.u.i.k.n.KeyIO           Parsing took 0 ms 
249572     DEBUG Test worker     d.u.i.k.n.KeyIO           Load declarations of de.uka.ilkd.key.nparser.KeyAst$File:  <unknown>:1#1 
249572     INFO  Test worker     d.u.i.k.n.KeyIO           MODE: declarations took 0 ms 
249572     DEBUG Test worker     d.u.i.k.n.KeyIO           MODE: 2nd degree decls took 0 
249572     DEBUG Test worker     d.u.i.k.n.KeyIO           MODE: taclets took 0ms 
250692     INFO  Test worker     d.u.i.k.n.KeyIO           Parsing took 0 ms 
250692     DEBUG Test worker     d.u.i.k.n.KeyIO           Load declarations of de.uka.ilkd.key.nparser.KeyAst$File:  <unknown>:1#1 
250693     INFO  Test worker     d.u.i.k.n.KeyIO           MODE: declarations took 1 ms 
250693     DEBUG Test worker     d.u.i.k.n.KeyIO           MODE: 2nd degree decls took 0 
250693     DEBUG Test worker     d.u.i.k.n.KeyIO           MODE: taclets took 0ms 
251774     INFO  Test worker     d.u.i.k.n.KeyIO           Parsing took 0 ms 
251774     DEBUG Test worker     d.u.i.k.n.KeyIO           Load declarations of de.uka.ilkd.key.nparser.KeyAst$File:  <unknown>:1#1 
251775     INFO  Test worker     d.u.i.k.n.KeyIO           MODE: declarations took 1 ms 
251775     DEBUG Test worker     d.u.i.k.n.KeyIO           MODE: 2nd degree decls took 0 
251775     DEBUG Test worker     d.u.i.k.n.KeyIO           MODE: taclets took 0ms 
252893     INFO  Test worker     d.u.i.k.n.KeyIO           Parsing took 1 ms 
252893     DEBUG Test worker     d.u.i.k.n.KeyIO           Load declarations of de.uka.ilkd.key.nparser.KeyAst$File:  <unknown>:1#1 
252893     INFO  Test worker     d.u.i.k.n.KeyIO           MODE: declarations took 0 ms 
252893     DEBUG Test worker     d.u.i.k.n.KeyIO           MODE: 2nd degree decls took 0 
252893     DEBUG Test worker     d.u.i.k.n.KeyIO           MODE: taclets took 0ms 
253898     INFO  Test worker     d.u.i.k.n.KeyIO           Parsing took 0 ms 
253898     DEBUG Test worker     d.u.i.k.n.KeyIO           Load declarations of de.uka.ilkd.key.nparser.KeyAst$File:  <unknown>:1#1 
253899     INFO  Test worker     d.u.i.k.n.KeyIO           MODE: declarations took 1 ms 
253899     DEBUG Test worker     d.u.i.k.n.KeyIO           MODE: 2nd degree decls took 0 
253899     DEBUG Test worker     d.u.i.k.n.KeyIO           MODE: taclets took 0ms 
254972     INFO  Test worker     d.u.i.k.n.KeyIO           Parsing took 0 ms 
254972     DEBUG Test worker     d.u.i.k.n.KeyIO           Load declarations of de.uka.ilkd.key.nparser.KeyAst$File:  <unknown>:1#1 
254972     INFO  Test worker     d.u.i.k.n.KeyIO           MODE: declarations took 0 ms 
254973     DEBUG Test worker     d.u.i.k.n.KeyIO           MODE: 2nd degree decls took 1 
254973     DEBUG Test worker     d.u.i.k.n.KeyIO           MODE: taclets took 0ms 
256083     INFO  Test worker     d.u.i.k.n.KeyIO           Parsing took 0 ms 
256083     DEBUG Test worker     d.u.i.k.n.KeyIO           Load declarations of de.uka.ilkd.key.nparser.KeyAst$File:  <unknown>:1#1 
256083     INFO  Test worker     d.u.i.k.n.KeyIO           MODE: declarations took 0 ms 
256083     DEBUG Test worker     d.u.i.k.n.KeyIO           MODE: 2nd degree decls took 0 
256083     DEBUG Test worker     d.u.i.k.n.KeyIO           MODE: taclets took 0ms 
257089     INFO  Test worker     d.u.i.k.n.KeyIO           Parsing took 0 ms 
257089     DEBUG Test worker     d.u.i.k.n.KeyIO           Load declarations of de.uka.ilkd.key.nparser.KeyAst$File:  <unknown>:1#1 
257089     INFO  Test worker     d.u.i.k.n.KeyIO           MODE: declarations took 0 ms 
257090     DEBUG Test worker     d.u.i.k.n.KeyIO           MODE: 2nd degree decls took 1 
257090     DEBUG Test worker     d.u.i.k.n.KeyIO           MODE: taclets took 0ms 
258188     INFO  Test worker     d.u.i.k.n.KeyIO           Parsing took 0 ms 
258188     DEBUG Test worker     d.u.i.k.n.KeyIO           Load declarations of de.uka.ilkd.key.nparser.KeyAst$File:  <unknown>:1#1 
258188     INFO  Test worker     d.u.i.k.n.KeyIO           MODE: declarations took 0 ms 
258189     DEBUG Test worker     d.u.i.k.n.KeyIO           MODE: 2nd degree decls took 1 
258189     DEBUG Test worker     d.u.i.k.n.KeyIO           MODE: taclets took 0ms 
259259     INFO  Test worker     d.u.i.k.n.KeyIO           Parsing took 0 ms 
259259     DEBUG Test worker     d.u.i.k.n.KeyIO           Load declarations of de.uka.ilkd.key.nparser.KeyAst$File:  <unknown>:1#1 
259260     INFO  Test worker     d.u.i.k.n.KeyIO           MODE: declarations took 1 ms 
259260     DEBUG Test worker     d.u.i.k.n.KeyIO           MODE: 2nd degree decls took 0 
259260     DEBUG Test worker     d.u.i.k.n.KeyIO           MODE: taclets took 0ms 
]]></system-out>
  <system-err><![CDATA[]]></system-err>
</testsuite>
