<?xml version="1.0" encoding="UTF-8"?>
<testsuite name="de.uka.ilkd.key.logic.TestTermBuilder" tests="6" skipped="0" failures="0" errors="0" timestamp="2023-05-28T15:29:05" hostname="fv-az193-445" time="20.372">
  <properties/>
  <testcase name="testNumberIsVeryBigPositiveInteger()" classname="de.uka.ilkd.key.logic.TestTermBuilder" time="3.424"/>
  <testcase name="testNumberIsVerySmallNegativeInteger()" classname="de.uka.ilkd.key.logic.TestTermBuilder" time="3.425"/>
  <testcase name="testDoubleLongPatterns()" classname="de.uka.ilkd.key.logic.TestTermBuilder" time="3.393"/>
  <testcase name="testFloatPatterns()" classname="de.uka.ilkd.key.logic.TestTermBuilder" time="3.353"/>
  <testcase name="testNumberIsPositiveInt()" classname="de.uka.ilkd.key.logic.TestTermBuilder" time="3.386"/>
  <testcase name="testNumberIsNegativeInt()" classname="de.uka.ilkd.key.logic.TestTermBuilder" time="3.391"/>
  <system-out><![CDATA[]]></system-out>
  <system-err><![CDATA[]]></system-err>
</testsuite>
