<?xml version="1.0" encoding="UTF-8"?>
<testsuite name="de.uka.ilkd.key.taclettranslation.TestTacletTranslator" tests="5" skipped="0" failures="0" errors="0" timestamp="2023-05-28T15:43:01" hostname="fv-az193-445" time="0.009">
  <properties/>
  <testcase name="testPropositional1()" classname="de.uka.ilkd.key.taclettranslation.TestTacletTranslator" time="0.004"/>
  <testcase name="testPropositional2()" classname="de.uka.ilkd.key.taclettranslation.TestTacletTranslator" time="0.001"/>
  <testcase name="testNegativePolarity()" classname="de.uka.ilkd.key.taclettranslation.TestTacletTranslator" time="0.001"/>
  <testcase name="testNoPolarity()" classname="de.uka.ilkd.key.taclettranslation.TestTacletTranslator" time="0.001"/>
  <testcase name="testPositivePolarity()" classname="de.uka.ilkd.key.taclettranslation.TestTacletTranslator" time="0.001"/>
  <system-out><![CDATA[943109     INFO  Test worker     d.u.i.k.n.KeyIO           Parsing took 0 ms 
943109     DEBUG Test worker     d.u.i.k.n.KeyIO           Load declarations of de.uka.ilkd.key.nparser.KeyAst$File:  <unknown>:1#1 
943110     INFO  Test worker     d.u.i.k.n.KeyIO           MODE: declarations took 1 ms 
943110     DEBUG Test worker     d.u.i.k.n.KeyIO           MODE: 2nd degree decls took 0 
943110     DEBUG Test worker     d.u.i.k.n.KeyIO           MODE: taclets took 0ms 
943113     INFO  Test worker     d.u.i.k.n.KeyIO           Parsing took 0 ms 
943113     DEBUG Test worker     d.u.i.k.n.KeyIO           Load declarations of de.uka.ilkd.key.nparser.KeyAst$File:  <unknown>:1#1 
943113     INFO  Test worker     d.u.i.k.n.KeyIO           MODE: declarations took 0 ms 
943113     DEBUG Test worker     d.u.i.k.n.KeyIO           MODE: 2nd degree decls took 0 
943113     DEBUG Test worker     d.u.i.k.n.KeyIO           MODE: taclets took 0ms 
943114     INFO  Test worker     d.u.i.k.n.KeyIO           Parsing took 0 ms 
943114     DEBUG Test worker     d.u.i.k.n.KeyIO           Load declarations of de.uka.ilkd.key.nparser.KeyAst$File:  <unknown>:1#1 
943114     INFO  Test worker     d.u.i.k.n.KeyIO           MODE: declarations took 0 ms 
943114     DEBUG Test worker     d.u.i.k.n.KeyIO           MODE: 2nd degree decls took 0 
943114     DEBUG Test worker     d.u.i.k.n.KeyIO           MODE: taclets took 0ms 
943115     INFO  Test worker     d.u.i.k.n.KeyIO           Parsing took 0 ms 
943115     DEBUG Test worker     d.u.i.k.n.KeyIO           Load declarations of de.uka.ilkd.key.nparser.KeyAst$File:  <unknown>:1#1 
943115     INFO  Test worker     d.u.i.k.n.KeyIO           MODE: declarations took 0 ms 
943115     DEBUG Test worker     d.u.i.k.n.KeyIO           MODE: 2nd degree decls took 0 
943116     DEBUG Test worker     d.u.i.k.n.KeyIO           MODE: taclets took 1ms 
943117     INFO  Test worker     d.u.i.k.n.KeyIO           Parsing took 0 ms 
943117     DEBUG Test worker     d.u.i.k.n.KeyIO           Load declarations of de.uka.ilkd.key.nparser.KeyAst$File:  <unknown>:1#1 
943117     INFO  Test worker     d.u.i.k.n.KeyIO           MODE: declarations took 0 ms 
943117     DEBUG Test worker     d.u.i.k.n.KeyIO           MODE: 2nd degree decls took 0 
943117     DEBUG Test worker     d.u.i.k.n.KeyIO           MODE: taclets took 0ms 
]]></system-out>
  <system-err><![CDATA[]]></system-err>
</testsuite>
