<?xml version="1.0" encoding="UTF-8"?>
<testsuite name="de.uka.ilkd.key.rule.loop.LoopScopeInvRuleTests" tests="1" skipped="0" failures="0" errors="0" timestamp="2023-05-28T15:36:05" hostname="fv-az193-445" time="5.841">
  <properties/>
  <testcase name="testDoAutomaticProofOfBenchmarkWithLabeledBreaksAndContinues()" classname="de.uka.ilkd.key.rule.loop.LoopScopeInvRuleTests" time="5.841"/>
  <system-out><![CDATA[526584     INFO  Test worker     d.u.i.k.p.i.AbstractProblemLoader Loading environment from src/test/resources/testcase/loopScopeInvRule/Test.key 
526585     DEBUG Test worker     d.u.i.k.p.i.AbstractProblemLoader Environment load took 97.3ns 
526585     INFO  Test worker     d.u.i.k.p.i.AbstractProblemLoader Creating init config 
526731     DEBUG Test worker     d.u.i.k.j.TypeConverter   No LDT found for Meta 
526732     DEBUG Test worker     d.u.i.k.j.TypeConverter   No LDT found for Meta 
526732     DEBUG Test worker     d.u.i.k.j.TypeConverter   No LDT found for Meta 
526732     DEBUG Test worker     d.u.i.k.j.TypeConverter   No LDT found for Meta 
527459     DEBUG Test worker     d.u.i.k.j.TypeConverter   No LDT found for JavaBigintExpression 
531317     DEBUG Test worker     d.u.i.k.p.i.AbstractProblemLoader Init config took 4.73s 
531408     INFO  Test worker     d.u.i.k.p.i.AbstractProblemLoader Replaying proof Test[Test::loopScopeRuleBenchmark(int,boolean)].JML normal_behavior operation contract.0 
531422     DEBUG Test worker     d.u.i.k.p.i.IntermediateProofReplayer Proof replay took 19ns 
]]></system-out>
  <system-err><![CDATA[]]></system-err>
</testsuite>
