<?xml version="1.0" encoding="UTF-8"?>
<testsuite name="de.uka.ilkd.key.smt.newsmt2.ProveSMTLemmasTest" tests="25" skipped="0" failures="0" errors="0" timestamp="2023-05-28T15:40:44" hostname="fv-az193-445" time="88.084">
  <properties/>
  <testcase name="[1] seqSub.dl, &#10;    \forall Seq seq;&#10;    \forall int from;&#10;    \forall int to;&#10;    \forall int idx;&#10;        any::seqGet(seqSub(seq, from, to)&lt;&lt;Trigger&gt;&gt;, idx)&#10;      = \if(0 &lt;= idx &amp; idx &lt; (to - from))&#10;        \then(any::seqGet(seq, idx + from))&#10;        \else(seqGetOutside)&#10;" classname="de.uka.ilkd.key.smt.newsmt2.ProveSMTLemmasTest" time="3.581"/>
  <testcase name="[2] jmod.dl, &#10;\forall int divNum; \forall int divDenom;&#10;  jmod(divNum,divDenom) =&#10;    divNum + jdiv(divNum,divDenom)*(-1)*divDenom&#10;" classname="de.uka.ilkd.key.smt.newsmt2.ProveSMTLemmasTest" time="3.639"/>
  <testcase name="[3] seqGetOutside.dl, &#10;    \forall int i; \forall Seq s; ( i &lt; 0 | i &gt;= seqLen(s) -&gt; any::seqGet(s, i)&lt;&lt;Trigger&gt;&gt; = seqGetOutside )&#10;" classname="de.uka.ilkd.key.smt.newsmt2.ProveSMTLemmasTest" time="3.597"/>
  <testcase name="[4] singleton.dl, &#10;  \forall Object o; \forall Field f; \forall Object o2; \forall Field f2;&#10;    ( elementOf(o,f, singleton(o2,f2))&lt;&lt;Trigger&gt;&gt; &lt;-&gt;&#10;      o = o2 &amp; f = f2 )&#10;" classname="de.uka.ilkd.key.smt.newsmt2.ProveSMTLemmasTest" time="3.571"/>
  <testcase name="[5] create.dl, &#10;  \forall Heap h; \forall Object o; \forall Object o2; \forall Field f;&#10;      any::select(create(h, o), o2, f)&lt;&lt;Trigger&gt;&gt; =&#10;         \if(o = o2 &amp; o != null &amp; f = java.lang.Object::&lt;created&gt;)&#10;         \then(TRUE)&#10;         \else(any::select(h, o2, f))&#10;" classname="de.uka.ilkd.key.smt.newsmt2.ProveSMTLemmasTest" time="3.556"/>
  <testcase name="[6] allFields.dl, &#10;  \forall Object o; \forall Field f; \forall Object o2;&#10;    ( elementOf(o,f, allFields(o2))&lt;&lt;Trigger&gt;&gt; &lt;-&gt;&#10;       o = o2 )&#10;" classname="de.uka.ilkd.key.smt.newsmt2.ProveSMTLemmasTest" time="3.563"/>
  <testcase name="[7] seqEmpty.dl, &#10;    seqLen(seqEmpty) = 0&#10;&#10;" classname="de.uka.ilkd.key.smt.newsmt2.ProveSMTLemmasTest" time="3.517"/>
  <testcase name="[8] union.dl, &#10;  \forall Object o; \forall Field f; \forall LocSet l1; \forall LocSet l2;&#10;     ( elementOf(o, f, union(l1, l2))&lt;&lt;Trigger&gt;&gt; &lt;-&gt; elementOf(o,f,l1) | elementOf(o,f,l2) )&#10;" classname="de.uka.ilkd.key.smt.newsmt2.ProveSMTLemmasTest" time="3.514"/>
  <testcase name="[9] seqConcat.dl.2, &#10;    \forall Seq s1; \forall Seq s2; seqLen(seqConcat(s1,s2)&lt;&lt;Trigger&gt;&gt;) = seqLen(s1) + seqLen(s2)&#10;&#10;" classname="de.uka.ilkd.key.smt.newsmt2.ProveSMTLemmasTest" time="3.511"/>
  <testcase name="[10] wellFormed.dl, &#10;  \forall Heap h; \forall Object o; \forall Field f; (wellFormed(h) -&gt;&#10;      boolean::select(h, (java.lang.Object::select(h, o, f))&lt;&lt;Trigger&gt;&gt;, java.lang.Object::&lt;created&gt;) = TRUE&#10;    | (java.lang.Object::select(h, o, f)) = null)&#10;" classname="de.uka.ilkd.key.smt.newsmt2.ProveSMTLemmasTest" time="3.527"/>
  <testcase name="[11] jdiv.dl, &#10;\forall int divNum; \forall int divDenom;&#10;  jdiv(divNum,divDenom) =&#10;         \if (divNum &gt;= 0)&#10;         \then (div(divNum,divDenom))&#10;         \else (div(divNum*(-1),divDenom)*(-1))&#10;" classname="de.uka.ilkd.key.smt.newsmt2.ProveSMTLemmasTest" time="3.492"/>
  <testcase name="[12] empty.dl, &#10;  \forall Object o; \forall Field f; ( elementOf(o,f,empty)&lt;&lt;Trigger&gt;&gt; &lt;-&gt; false )&#10;" classname="de.uka.ilkd.key.smt.newsmt2.ProveSMTLemmasTest" time="3.498"/>
  <testcase name="[13] allLocs.dl, &#10;  \forall Object o; \forall Field f; ( elementOf(o,f,allLocs)&lt;&lt;Trigger&gt;&gt; &lt;-&gt; true )&#10;" classname="de.uka.ilkd.key.smt.newsmt2.ProveSMTLemmasTest" time="3.518"/>
  <testcase name="[14] arrayRange.dl, &#10;  \forall Object o; \forall Object o2; \forall Field f; \forall int lo; \forall int hi;&#10;    (elementOf(o,f, arrayRange(o2, lo, hi))&lt;&lt;Trigger&gt;&gt; &lt;-&gt;&#10;      o = o2 &amp; \exists int iv; (f = arr(iv) &amp; lo &lt;= iv &amp; iv &lt;= hi))&#10;" classname="de.uka.ilkd.key.smt.newsmt2.ProveSMTLemmasTest" time="3.511"/>
  <testcase name="[15] seqConcat.dl, &#10;    \forall int i; \forall Seq s1; \forall Seq s2; ( 0 &lt;= i &amp; i &lt; seqLen(s1) + seqLen(s2) -&gt;&#10;        any::seqGet(seqConcat(s1, s2), i) =&#10;            \if (i &lt; seqLen(s1)) \then (any::seqGet(s1, i)) \else (any::seqGet(s2, i-seqLen(s1))))&#10;&#10;" classname="de.uka.ilkd.key.smt.newsmt2.ProveSMTLemmasTest" time="3.434"/>
  <testcase name="[16] seqLen.dl, &#10;    \forall Seq s; seqLen(s)&lt;&lt;Trigger&gt;&gt; &gt;= 0&#10;" classname="de.uka.ilkd.key.smt.newsmt2.ProveSMTLemmasTest" time="3.499"/>
  <testcase name="[17] length.dl, &#10;    \forall Object o; length(o) &gt;= 0&#10;" classname="de.uka.ilkd.key.smt.newsmt2.ProveSMTLemmasTest" time="3.534"/>
  <testcase name="[18] freshLocs.dl, &#10;  \forall Heap h; \forall Object o; \forall Field f;&#10;     ( elementOf(o,f,freshLocs(h))&lt;&lt;Trigger&gt;&gt; &lt;-&gt;&#10;        o != null &amp; !boolean::select(h,o,java.lang.Object::&lt;created&gt;)=TRUE )&#10;" classname="de.uka.ilkd.key.smt.newsmt2.ProveSMTLemmasTest" time="3.475"/>
  <testcase name="[19] anon.dl, &#10;    \forall Heap h; \forall Object o; \forall Field f; \forall Heap h2; \forall LocSet ls;&#10;      any::select(anon(h, ls, h2), o, f)&lt;&lt;Trigger&gt;&gt; =&#10;         \if(elementOf(o, f, ls) &amp; f != java.lang.Object::&lt;created&gt;&#10;           | elementOf(o, f, freshLocs(h)))&#10;         \then(any::select(h2, o, f))&#10;         \else(any::select(h, o, f))&#10;" classname="de.uka.ilkd.key.smt.newsmt2.ProveSMTLemmasTest" time="3.47"/>
  <testcase name="[20] memset.dl, &#10;    \forall Heap h; \forall LocSet s; \forall any x; \forall Object o; \forall Field f;&#10;      any::select(memset(h, s, x), o, f)&lt;&lt;Trigger&gt;&gt; =&#10;         \if(elementOf(o, f, s) &amp; f != java.lang.Object::&lt;created&gt;)&#10;         \then(x)&#10;         \else(any::select(h, o, f))&#10;" classname="de.uka.ilkd.key.smt.newsmt2.ProveSMTLemmasTest" time="3.547"/>
  <testcase name="[21] store.dl, &#10;    \forall Heap h; \forall Object o; \forall Field f; \forall Object o2; \forall Field f2; \forall any v;&#10;      any::select(store(h,o,f,v), o2, f2)&lt;&lt;Trigger&gt;&gt; =&#10;         \if(o = o2 &amp; f = f2 &amp; f != java.lang.Object::&lt;created&gt;)&#10;         \then(v)&#10;         \else(any::select(h, o2, f2))&#10;" classname="de.uka.ilkd.key.smt.newsmt2.ProveSMTLemmasTest" time="3.53"/>
  <testcase name="[22] seqSub.dl.2, &#10;    \forall Seq seq;&#10;    \forall int from;&#10;    \forall int to;&#10;        seqLen(seqSub(seq, from, to)&lt;&lt;Trigger&gt;&gt;)&#10;      = \if(from &lt; to)\then(to - from)\else(0)&#10;" classname="de.uka.ilkd.key.smt.newsmt2.ProveSMTLemmasTest" time="3.476"/>
  <testcase name="[23] seqSingleton.dl, &#10;    \forall any x; any::seqGet(seqSingleton(x)&lt;&lt;Trigger&gt;&gt;, 0) = x&#10;&#10;" classname="de.uka.ilkd.key.smt.newsmt2.ProveSMTLemmasTest" time="3.515"/>
  <testcase name="[24] seqSingleton.dl.2, &#10;    \forall any x; seqLen(seqSingleton(x)&lt;&lt;Trigger&gt;&gt;) = 1&#10;&#10;" classname="de.uka.ilkd.key.smt.newsmt2.ProveSMTLemmasTest" time="3.538"/>
  <testcase name="[25] null.dl, &#10;     \forall any x; ((Null::instance(x))&lt;&lt;Trigger&gt;&gt; = TRUE -&gt; x = null) &#10;" classname="de.uka.ilkd.key.smt.newsmt2.ProveSMTLemmasTest" time="3.47"/>
  <system-out><![CDATA[805726     INFO  Test worker     d.u.i.k.s.n.ProveSMTLemmasTest Now processing file /tmp/SMT_lemma_seqSub.dl_5033050247978298739.key 
805726     INFO  Test worker     d.u.i.k.p.i.AbstractProblemLoader Loading environment from /tmp/SMT_lemma_seqSub.dl_5033050247978298739.key 
805726     DEBUG Test worker     d.u.i.k.p.i.AbstractProblemLoader Environment load took 69.7ns 
805727     INFO  Test worker     d.u.i.k.p.i.AbstractProblemLoader Creating init config 
809185     DEBUG Test worker     d.u.i.k.p.i.AbstractProblemLoader Init config took 3.46s 
809201     INFO  Test worker     d.u.i.k.p.i.AbstractProblemLoader Replaying proof SMT_lemma_seqSub.dl_5033050247978298739.key 
809203     DEBUG Test worker     d.u.i.k.p.i.IntermediateProofReplayer Proof replay took 7.1ns 
809306     INFO  Test worker     d.u.i.k.s.n.ProveSMTLemmasTest Now processing file /home/runner/work/key/key/key.core/build/resources/test/de/uka/ilkd/key/smt/newsmt2/SMT_lemma_jmod.dl.proof 
809306     INFO  Test worker     d.u.i.k.p.i.AbstractProblemLoader Loading environment from /home/runner/work/key/key/key.core/build/resources/test/de/uka/ilkd/key/smt/newsmt2/SMT_lemma_jmod.dl.proof 
809306     DEBUG Test worker     d.u.i.k.p.i.AbstractProblemLoader Environment load took 64.3ns 
809307     INFO  Test worker     d.u.i.k.p.i.AbstractProblemLoader Creating init config 
812813     DEBUG Test worker     d.u.i.k.p.i.AbstractProblemLoader Init config took 3.51s 
812831     INFO  Test worker     d.u.i.k.p.i.AbstractProblemLoader Replaying proof SMT_lemma_jmod.dl.proof 
812842     DEBUG Test worker     d.u.i.k.p.i.IntermediateProofReplayer Proof replay took 9.45ms 
812945     INFO  Test worker     d.u.i.k.s.n.ProveSMTLemmasTest Now processing file /home/runner/work/key/key/key.core/build/resources/test/de/uka/ilkd/key/smt/newsmt2/SMT_lemma_seqGetOutside.dl.proof 
812945     INFO  Test worker     d.u.i.k.p.i.AbstractProblemLoader Loading environment from /home/runner/work/key/key/key.core/build/resources/test/de/uka/ilkd/key/smt/newsmt2/SMT_lemma_seqGetOutside.dl.proof 
812945     DEBUG Test worker     d.u.i.k.p.i.AbstractProblemLoader Environment load took 52.5ns 
812946     INFO  Test worker     d.u.i.k.p.i.AbstractProblemLoader Creating init config 
816393     DEBUG Test worker     d.u.i.k.p.i.AbstractProblemLoader Init config took 3.45s 
816408     INFO  Test worker     d.u.i.k.p.i.AbstractProblemLoader Replaying proof SMT_lemma_seqGetOutside.dl.proof 
816434     DEBUG Test worker     d.u.i.k.p.i.IntermediateProofReplayer Proof replay took 23.71ms 
816542     INFO  Test worker     d.u.i.k.s.n.ProveSMTLemmasTest Now processing file /tmp/SMT_lemma_singleton.dl_4242223774831356899.key 
816542     INFO  Test worker     d.u.i.k.p.i.AbstractProblemLoader Loading environment from /tmp/SMT_lemma_singleton.dl_4242223774831356899.key 
816542     DEBUG Test worker     d.u.i.k.p.i.AbstractProblemLoader Environment load took 55.5ns 
816543     INFO  Test worker     d.u.i.k.p.i.AbstractProblemLoader Creating init config 
819991     DEBUG Test worker     d.u.i.k.p.i.AbstractProblemLoader Init config took 3.45s 
820006     INFO  Test worker     d.u.i.k.p.i.AbstractProblemLoader Replaying proof SMT_lemma_singleton.dl_4242223774831356899.key 
820007     DEBUG Test worker     d.u.i.k.p.i.IntermediateProofReplayer Proof replay took 7ns 
820114     INFO  Test worker     d.u.i.k.s.n.ProveSMTLemmasTest Now processing file /tmp/SMT_lemma_create.dl_2676158461347601682.key 
820115     INFO  Test worker     d.u.i.k.p.i.AbstractProblemLoader Loading environment from /tmp/SMT_lemma_create.dl_2676158461347601682.key 
820115     DEBUG Test worker     d.u.i.k.p.i.AbstractProblemLoader Environment load took 291.3ns 
820117     INFO  Test worker     d.u.i.k.p.i.AbstractProblemLoader Creating init config 
823549     DEBUG Test worker     d.u.i.k.p.i.AbstractProblemLoader Init config took 3.43s 
823565     INFO  Test worker     d.u.i.k.p.i.AbstractProblemLoader Replaying proof SMT_lemma_create.dl_2676158461347601682.key 
823566     DEBUG Test worker     d.u.i.k.p.i.IntermediateProofReplayer Proof replay took 7.6ns 
823669     INFO  Test worker     d.u.i.k.s.n.ProveSMTLemmasTest Now processing file /tmp/SMT_lemma_allFields.dl_10157753744844898955.key 
823673     INFO  Test worker     d.u.i.k.p.i.AbstractProblemLoader Loading environment from /tmp/SMT_lemma_allFields.dl_10157753744844898955.key 
823673     DEBUG Test worker     d.u.i.k.p.i.AbstractProblemLoader Environment load took 71ns 
823674     INFO  Test worker     d.u.i.k.p.i.AbstractProblemLoader Creating init config 
827113     DEBUG Test worker     d.u.i.k.p.i.AbstractProblemLoader Init config took 3.44s 
827129     INFO  Test worker     d.u.i.k.p.i.AbstractProblemLoader Replaying proof SMT_lemma_allFields.dl_10157753744844898955.key 
827130     DEBUG Test worker     d.u.i.k.p.i.IntermediateProofReplayer Proof replay took 6.7ns 
827232     INFO  Test worker     d.u.i.k.s.n.ProveSMTLemmasTest Now processing file /tmp/SMT_lemma_seqEmpty.dl_18024234004209400833.key 
827233     INFO  Test worker     d.u.i.k.p.i.AbstractProblemLoader Loading environment from /tmp/SMT_lemma_seqEmpty.dl_18024234004209400833.key 
827233     DEBUG Test worker     d.u.i.k.p.i.AbstractProblemLoader Environment load took 636.49ns 
827234     INFO  Test worker     d.u.i.k.p.i.AbstractProblemLoader Creating init config 
830631     DEBUG Test worker     d.u.i.k.p.i.AbstractProblemLoader Init config took 3.4s 
830646     INFO  Test worker     d.u.i.k.p.i.AbstractProblemLoader Replaying proof SMT_lemma_seqEmpty.dl_18024234004209400833.key 
830647     DEBUG Test worker     d.u.i.k.p.i.IntermediateProofReplayer Proof replay took 7.3ns 
830750     INFO  Test worker     d.u.i.k.s.n.ProveSMTLemmasTest Now processing file /tmp/SMT_lemma_union.dl_7540842136195299839.key 
830750     INFO  Test worker     d.u.i.k.p.i.AbstractProblemLoader Loading environment from /tmp/SMT_lemma_union.dl_7540842136195299839.key 
830750     DEBUG Test worker     d.u.i.k.p.i.AbstractProblemLoader Environment load took 61.9ns 
830751     INFO  Test worker     d.u.i.k.p.i.AbstractProblemLoader Creating init config 
834143     DEBUG Test worker     d.u.i.k.p.i.AbstractProblemLoader Init config took 3.39s 
834159     INFO  Test worker     d.u.i.k.p.i.AbstractProblemLoader Replaying proof SMT_lemma_union.dl_7540842136195299839.key 
834160     DEBUG Test worker     d.u.i.k.p.i.IntermediateProofReplayer Proof replay took 6.9ns 
834263     INFO  Test worker     d.u.i.k.s.n.ProveSMTLemmasTest Now processing file /tmp/SMT_lemma_seqConcat.dl.2_16035250443280008624.key 
834263     INFO  Test worker     d.u.i.k.p.i.AbstractProblemLoader Loading environment from /tmp/SMT_lemma_seqConcat.dl.2_16035250443280008624.key 
834263     DEBUG Test worker     d.u.i.k.p.i.AbstractProblemLoader Environment load took 54.3ns 
834264     INFO  Test worker     d.u.i.k.p.i.AbstractProblemLoader Creating init config 
837655     DEBUG Test worker     d.u.i.k.p.i.AbstractProblemLoader Init config took 3.39s 
837670     INFO  Test worker     d.u.i.k.p.i.AbstractProblemLoader Replaying proof SMT_lemma_seqConcat.dl.2_16035250443280008624.key 
837672     DEBUG Test worker     d.u.i.k.p.i.IntermediateProofReplayer Proof replay took 7.2ns 
837774     INFO  Test worker     d.u.i.k.s.n.ProveSMTLemmasTest Now processing file /tmp/SMT_lemma_wellFormed.dl_4668256977735646904.key 
837774     INFO  Test worker     d.u.i.k.p.i.AbstractProblemLoader Loading environment from /tmp/SMT_lemma_wellFormed.dl_4668256977735646904.key 
837775     DEBUG Test worker     d.u.i.k.p.i.AbstractProblemLoader Environment load took 55.3ns 
837775     INFO  Test worker     d.u.i.k.p.i.AbstractProblemLoader Creating init config 
841178     DEBUG Test worker     d.u.i.k.p.i.AbstractProblemLoader Init config took 3.4s 
841193     INFO  Test worker     d.u.i.k.p.i.AbstractProblemLoader Replaying proof SMT_lemma_wellFormed.dl_4668256977735646904.key 
841195     DEBUG Test worker     d.u.i.k.p.i.IntermediateProofReplayer Proof replay took 7.8ns 
841301     INFO  Test worker     d.u.i.k.s.n.ProveSMTLemmasTest Now processing file /home/runner/work/key/key/key.core/build/resources/test/de/uka/ilkd/key/smt/newsmt2/SMT_lemma_jdiv.dl.proof 
841301     INFO  Test worker     d.u.i.k.p.i.AbstractProblemLoader Loading environment from /home/runner/work/key/key/key.core/build/resources/test/de/uka/ilkd/key/smt/newsmt2/SMT_lemma_jdiv.dl.proof 
841301     DEBUG Test worker     d.u.i.k.p.i.AbstractProblemLoader Environment load took 63.2ns 
841302     INFO  Test worker     d.u.i.k.p.i.AbstractProblemLoader Creating init config 
844667     DEBUG Test worker     d.u.i.k.p.i.AbstractProblemLoader Init config took 3.36s 
844682     INFO  Test worker     d.u.i.k.p.i.AbstractProblemLoader Replaying proof SMT_lemma_jdiv.dl.proof 
844688     DEBUG Test worker     d.u.i.k.p.i.IntermediateProofReplayer Proof replay took 3.74ms 
844794     INFO  Test worker     d.u.i.k.s.n.ProveSMTLemmasTest Now processing file /tmp/SMT_lemma_empty.dl_15839335311869209477.key 
844794     INFO  Test worker     d.u.i.k.p.i.AbstractProblemLoader Loading environment from /tmp/SMT_lemma_empty.dl_15839335311869209477.key 
844794     DEBUG Test worker     d.u.i.k.p.i.AbstractProblemLoader Environment load took 117.4ns 
844795     INFO  Test worker     d.u.i.k.p.i.AbstractProblemLoader Creating init config 
848172     DEBUG Test worker     d.u.i.k.p.i.AbstractProblemLoader Init config took 3.38s 
848187     INFO  Test worker     d.u.i.k.p.i.AbstractProblemLoader Replaying proof SMT_lemma_empty.dl_15839335311869209477.key 
848189     DEBUG Test worker     d.u.i.k.p.i.IntermediateProofReplayer Proof replay took 8ns 
848291     INFO  Test worker     d.u.i.k.s.n.ProveSMTLemmasTest Now processing file /tmp/SMT_lemma_allLocs.dl_5319481577098616091.key 
848292     INFO  Test worker     d.u.i.k.p.i.AbstractProblemLoader Loading environment from /tmp/SMT_lemma_allLocs.dl_5319481577098616091.key 
848292     DEBUG Test worker     d.u.i.k.p.i.AbstractProblemLoader Environment load took 58.5ns 
848293     INFO  Test worker     d.u.i.k.p.i.AbstractProblemLoader Creating init config 
851684     DEBUG Test worker     d.u.i.k.p.i.AbstractProblemLoader Init config took 3.39s 
851705     INFO  Test worker     d.u.i.k.p.i.AbstractProblemLoader Replaying proof SMT_lemma_allLocs.dl_5319481577098616091.key 
851707     DEBUG Test worker     d.u.i.k.p.i.IntermediateProofReplayer Proof replay took 7.7ns 
851811     INFO  Test worker     d.u.i.k.s.n.ProveSMTLemmasTest Now processing file /tmp/SMT_lemma_arrayRange.dl_1971224122152737092.key 
851811     INFO  Test worker     d.u.i.k.p.i.AbstractProblemLoader Loading environment from /tmp/SMT_lemma_arrayRange.dl_1971224122152737092.key 
851811     DEBUG Test worker     d.u.i.k.p.i.AbstractProblemLoader Environment load took 62.4ns 
851812     INFO  Test worker     d.u.i.k.p.i.AbstractProblemLoader Creating init config 
855201     DEBUG Test worker     d.u.i.k.p.i.AbstractProblemLoader Init config took 3.39s 
855216     INFO  Test worker     d.u.i.k.p.i.AbstractProblemLoader Replaying proof SMT_lemma_arrayRange.dl_1971224122152737092.key 
855217     DEBUG Test worker     d.u.i.k.p.i.IntermediateProofReplayer Proof replay took 7.1ns 
855320     INFO  Test worker     d.u.i.k.s.n.ProveSMTLemmasTest Now processing file /tmp/SMT_lemma_seqConcat.dl_1017366605303012236.key 
855320     INFO  Test worker     d.u.i.k.p.i.AbstractProblemLoader Loading environment from /tmp/SMT_lemma_seqConcat.dl_1017366605303012236.key 
855320     DEBUG Test worker     d.u.i.k.p.i.AbstractProblemLoader Environment load took 57.7ns 
855321     INFO  Test worker     d.u.i.k.p.i.AbstractProblemLoader Creating init config 
858635     DEBUG Test worker     d.u.i.k.p.i.AbstractProblemLoader Init config took 3.31s 
858651     INFO  Test worker     d.u.i.k.p.i.AbstractProblemLoader Replaying proof SMT_lemma_seqConcat.dl_1017366605303012236.key 
858652     DEBUG Test worker     d.u.i.k.p.i.IntermediateProofReplayer Proof replay took 7ns 
858755     INFO  Test worker     d.u.i.k.s.n.ProveSMTLemmasTest Now processing file /tmp/SMT_lemma_seqLen.dl_8038240102431650699.key 
858758     INFO  Test worker     d.u.i.k.p.i.AbstractProblemLoader Loading environment from /tmp/SMT_lemma_seqLen.dl_8038240102431650699.key 
858758     DEBUG Test worker     d.u.i.k.p.i.AbstractProblemLoader Environment load took 231.2ns 
858759     INFO  Test worker     d.u.i.k.p.i.AbstractProblemLoader Creating init config 
862134     DEBUG Test worker     d.u.i.k.p.i.AbstractProblemLoader Init config took 3.37s 
862149     INFO  Test worker     d.u.i.k.p.i.AbstractProblemLoader Replaying proof SMT_lemma_seqLen.dl_8038240102431650699.key 
862151     DEBUG Test worker     d.u.i.k.p.i.IntermediateProofReplayer Proof replay took 7.2ns 
862253     INFO  Test worker     d.u.i.k.s.n.ProveSMTLemmasTest Now processing file /tmp/SMT_lemma_length.dl_4511177291029094945.key 
862254     INFO  Test worker     d.u.i.k.p.i.AbstractProblemLoader Loading environment from /tmp/SMT_lemma_length.dl_4511177291029094945.key 
862254     DEBUG Test worker     d.u.i.k.p.i.AbstractProblemLoader Environment load took 69.2ns 
862255     INFO  Test worker     d.u.i.k.p.i.AbstractProblemLoader Creating init config 
865668     DEBUG Test worker     d.u.i.k.p.i.AbstractProblemLoader Init config took 3.41s 
865683     INFO  Test worker     d.u.i.k.p.i.AbstractProblemLoader Replaying proof SMT_lemma_length.dl_4511177291029094945.key 
865685     DEBUG Test worker     d.u.i.k.p.i.IntermediateProofReplayer Proof replay took 8.3ns 
865787     INFO  Test worker     d.u.i.k.s.n.ProveSMTLemmasTest Now processing file /tmp/SMT_lemma_freshLocs.dl_10744426787602404186.key 
865788     INFO  Test worker     d.u.i.k.p.i.AbstractProblemLoader Loading environment from /tmp/SMT_lemma_freshLocs.dl_10744426787602404186.key 
865788     DEBUG Test worker     d.u.i.k.p.i.AbstractProblemLoader Environment load took 57.9ns 
865789     INFO  Test worker     d.u.i.k.p.i.AbstractProblemLoader Creating init config 
869142     DEBUG Test worker     d.u.i.k.p.i.AbstractProblemLoader Init config took 3.35s 
869158     INFO  Test worker     d.u.i.k.p.i.AbstractProblemLoader Replaying proof SMT_lemma_freshLocs.dl_10744426787602404186.key 
869160     DEBUG Test worker     d.u.i.k.p.i.IntermediateProofReplayer Proof replay took 13.5ns 
869262     INFO  Test worker     d.u.i.k.s.n.ProveSMTLemmasTest Now processing file /tmp/SMT_lemma_anon.dl_11328434939709732786.key 
869263     INFO  Test worker     d.u.i.k.p.i.AbstractProblemLoader Loading environment from /tmp/SMT_lemma_anon.dl_11328434939709732786.key 
869263     DEBUG Test worker     d.u.i.k.p.i.AbstractProblemLoader Environment load took 56.3ns 
869264     INFO  Test worker     d.u.i.k.p.i.AbstractProblemLoader Creating init config 
872612     DEBUG Test worker     d.u.i.k.p.i.AbstractProblemLoader Init config took 3.35s 
872628     INFO  Test worker     d.u.i.k.p.i.AbstractProblemLoader Replaying proof SMT_lemma_anon.dl_11328434939709732786.key 
872630     DEBUG Test worker     d.u.i.k.p.i.IntermediateProofReplayer Proof replay took 6.7ns 
872733     INFO  Test worker     d.u.i.k.s.n.ProveSMTLemmasTest Now processing file /tmp/SMT_lemma_memset.dl_2037128103474572991.key 
872733     INFO  Test worker     d.u.i.k.p.i.AbstractProblemLoader Loading environment from /tmp/SMT_lemma_memset.dl_2037128103474572991.key 
872733     DEBUG Test worker     d.u.i.k.p.i.AbstractProblemLoader Environment load took 49.4ns 
872735     INFO  Test worker     d.u.i.k.p.i.AbstractProblemLoader Creating init config 
876156     DEBUG Test worker     d.u.i.k.p.i.AbstractProblemLoader Init config took 3.42s 
876173     INFO  Test worker     d.u.i.k.p.i.AbstractProblemLoader Replaying proof SMT_lemma_memset.dl_2037128103474572991.key 
876176     DEBUG Test worker     d.u.i.k.p.i.IntermediateProofReplayer Proof replay took 7.6ns 
876279     INFO  Test worker     d.u.i.k.s.n.ProveSMTLemmasTest Now processing file /tmp/SMT_lemma_store.dl_6539091555520012641.key 
876279     INFO  Test worker     d.u.i.k.p.i.AbstractProblemLoader Loading environment from /tmp/SMT_lemma_store.dl_6539091555520012641.key 
876279     DEBUG Test worker     d.u.i.k.p.i.AbstractProblemLoader Environment load took 65.8ns 
876280     INFO  Test worker     d.u.i.k.p.i.AbstractProblemLoader Creating init config 
879688     DEBUG Test worker     d.u.i.k.p.i.AbstractProblemLoader Init config took 3.41s 
879704     INFO  Test worker     d.u.i.k.p.i.AbstractProblemLoader Replaying proof SMT_lemma_store.dl_6539091555520012641.key 
879706     DEBUG Test worker     d.u.i.k.p.i.IntermediateProofReplayer Proof replay took 8.4ns 
879809     INFO  Test worker     d.u.i.k.s.n.ProveSMTLemmasTest Now processing file /tmp/SMT_lemma_seqSub.dl.2_7215799070342065666.key 
879809     INFO  Test worker     d.u.i.k.p.i.AbstractProblemLoader Loading environment from /tmp/SMT_lemma_seqSub.dl.2_7215799070342065666.key 
879809     DEBUG Test worker     d.u.i.k.p.i.AbstractProblemLoader Environment load took 63ns 
879810     INFO  Test worker     d.u.i.k.p.i.AbstractProblemLoader Creating init config 
883166     DEBUG Test worker     d.u.i.k.p.i.AbstractProblemLoader Init config took 3.36s 
883181     INFO  Test worker     d.u.i.k.p.i.AbstractProblemLoader Replaying proof SMT_lemma_seqSub.dl.2_7215799070342065666.key 
883182     DEBUG Test worker     d.u.i.k.p.i.IntermediateProofReplayer Proof replay took 7.7ns 
883286     INFO  Test worker     d.u.i.k.s.n.ProveSMTLemmasTest Now processing file /tmp/SMT_lemma_seqSingleton.dl_16573500802267667770.key 
883287     INFO  Test worker     d.u.i.k.p.i.AbstractProblemLoader Loading environment from /tmp/SMT_lemma_seqSingleton.dl_16573500802267667770.key 
883287     DEBUG Test worker     d.u.i.k.p.i.AbstractProblemLoader Environment load took 271ns 
883289     INFO  Test worker     d.u.i.k.p.i.AbstractProblemLoader Creating init config 
886681     DEBUG Test worker     d.u.i.k.p.i.AbstractProblemLoader Init config took 3.39s 
886697     INFO  Test worker     d.u.i.k.p.i.AbstractProblemLoader Replaying proof SMT_lemma_seqSingleton.dl_16573500802267667770.key 
886699     DEBUG Test worker     d.u.i.k.p.i.IntermediateProofReplayer Proof replay took 6.8ns 
886801     INFO  Test worker     d.u.i.k.s.n.ProveSMTLemmasTest Now processing file /tmp/SMT_lemma_seqSingleton.dl.2_9201510928229291566.key 
886802     INFO  Test worker     d.u.i.k.p.i.AbstractProblemLoader Loading environment from /tmp/SMT_lemma_seqSingleton.dl.2_9201510928229291566.key 
886802     DEBUG Test worker     d.u.i.k.p.i.AbstractProblemLoader Environment load took 63.8ns 
886803     INFO  Test worker     d.u.i.k.p.i.AbstractProblemLoader Creating init config 
890219     DEBUG Test worker     d.u.i.k.p.i.AbstractProblemLoader Init config took 3.42s 
890235     INFO  Test worker     d.u.i.k.p.i.AbstractProblemLoader Replaying proof SMT_lemma_seqSingleton.dl.2_9201510928229291566.key 
890237     DEBUG Test worker     d.u.i.k.p.i.IntermediateProofReplayer Proof replay took 8.3ns 
890339     INFO  Test worker     d.u.i.k.s.n.ProveSMTLemmasTest Now processing file /tmp/SMT_lemma_null.dl_1849282339315209878.key 
890339     INFO  Test worker     d.u.i.k.p.i.AbstractProblemLoader Loading environment from /tmp/SMT_lemma_null.dl_1849282339315209878.key 
890340     DEBUG Test worker     d.u.i.k.p.i.AbstractProblemLoader Environment load took 53.3ns 
890340     INFO  Test worker     d.u.i.k.p.i.AbstractProblemLoader Creating init config 
893690     DEBUG Test worker     d.u.i.k.p.i.AbstractProblemLoader Init config took 3.35s 
893705     INFO  Test worker     d.u.i.k.p.i.AbstractProblemLoader Replaying proof SMT_lemma_null.dl_1849282339315209878.key 
893706     DEBUG Test worker     d.u.i.k.p.i.IntermediateProofReplayer Proof replay took 7.5ns 
]]></system-out>
  <system-err><![CDATA[]]></system-err>
</testsuite>
