<?xml version="1.0" encoding="UTF-8"?>
<testsuite name="de.uka.ilkd.key.logic.TestClashFreeSubst" tests="14" skipped="2" failures="0" errors="0" timestamp="2023-05-28T15:28:01" hostname="fv-az193-445" time="58.21">
  <properties/>
  <testcase name="testMultiShareBound()" classname="de.uka.ilkd.key.logic.TestClashFreeSubst" time="1.1"/>
  <testcase name="testClash()" classname="de.uka.ilkd.key.logic.TestClashFreeSubst" time="1.094"/>
  <testcase name="testShare()" classname="de.uka.ilkd.key.logic.TestClashFreeSubst" time="1.073"/>
  <testcase name="testSubst()" classname="de.uka.ilkd.key.logic.TestClashFreeSubst" time="1.077"/>
  <testcase name="testWary0()" classname="de.uka.ilkd.key.logic.TestClashFreeSubst" time="1.085"/>
  <testcase name="testWary1()" classname="de.uka.ilkd.key.logic.TestClashFreeSubst" time="1.043"/>
  <testcase name="testWary2()" classname="de.uka.ilkd.key.logic.TestClashFreeSubst" time="1.091"/>
  <testcase name="testClashInSubstTerm()" classname="de.uka.ilkd.key.logic.TestClashFreeSubst" time="1.052"/>
  <testcase name="testShareWary()" classname="de.uka.ilkd.key.logic.TestClashFreeSubst" time="1.057"/>
  <testcase name="testMultiSubst()" classname="de.uka.ilkd.key.logic.TestClashFreeSubst" time="1.023"/>
  <testcase name="xtestMultiClash()" classname="de.uka.ilkd.key.logic.TestClashFreeSubst" time="0.0">
    <skipped/>
  </testcase>
  <testcase name="testSubstInSubstTerm()" classname="de.uka.ilkd.key.logic.TestClashFreeSubst" time="1.049"/>
  <testcase name="testSubstWary()" classname="de.uka.ilkd.key.logic.TestClashFreeSubst" time="1.045"/>
  <testcase name="xtestMultiClash1()" classname="de.uka.ilkd.key.logic.TestClashFreeSubst" time="0.0">
    <skipped/>
  </testcase>
  <system-out><![CDATA[42984      INFO  Test worker     d.u.i.k.n.KeyIO           Parsing took 1 ms 
42985      DEBUG Test worker     d.u.i.k.n.KeyIO           Load declarations of de.uka.ilkd.key.nparser.KeyAst$File:  <unknown>:1#1 
42985      INFO  Test worker     d.u.i.k.n.KeyIO           MODE: declarations took 0 ms 
42986      DEBUG Test worker     d.u.i.k.n.KeyIO           MODE: 2nd degree decls took 0 
44076      INFO  Test worker     d.u.i.k.n.KeyIO           Parsing took 0 ms 
44077      DEBUG Test worker     d.u.i.k.n.KeyIO           Load declarations of de.uka.ilkd.key.nparser.KeyAst$File:  <unknown>:1#1 
44078      INFO  Test worker     d.u.i.k.n.KeyIO           MODE: declarations took 1 ms 
44078      DEBUG Test worker     d.u.i.k.n.KeyIO           MODE: 2nd degree decls took 0 
47675      INFO  Test worker     d.u.i.k.n.KeyIO           Parsing took 0 ms 
47676      DEBUG Test worker     d.u.i.k.n.KeyIO           Load declarations of de.uka.ilkd.key.nparser.KeyAst$File:  <unknown>:1#1 
47676      INFO  Test worker     d.u.i.k.n.KeyIO           MODE: declarations took 0 ms 
47677      DEBUG Test worker     d.u.i.k.n.KeyIO           MODE: 2nd degree decls took 0 
48754      INFO  Test worker     d.u.i.k.n.KeyIO           Parsing took 0 ms 
48754      DEBUG Test worker     d.u.i.k.n.KeyIO           Load declarations of de.uka.ilkd.key.nparser.KeyAst$File:  <unknown>:1#1 
48761      INFO  Test worker     d.u.i.k.n.KeyIO           MODE: declarations took 7 ms 
48762      DEBUG Test worker     d.u.i.k.n.KeyIO           MODE: 2nd degree decls took 0 
52371      INFO  Test worker     d.u.i.k.n.KeyIO           Parsing took 0 ms 
52371      DEBUG Test worker     d.u.i.k.n.KeyIO           Load declarations of de.uka.ilkd.key.nparser.KeyAst$File:  <unknown>:1#1 
52371      INFO  Test worker     d.u.i.k.n.KeyIO           MODE: declarations took 0 ms 
52371      DEBUG Test worker     d.u.i.k.n.KeyIO           MODE: 2nd degree decls took 0 
53437      INFO  Test worker     d.u.i.k.n.KeyIO           Parsing took 0 ms 
53438      DEBUG Test worker     d.u.i.k.n.KeyIO           Load declarations of de.uka.ilkd.key.nparser.KeyAst$File:  <unknown>:1#1 
53439      INFO  Test worker     d.u.i.k.n.KeyIO           MODE: declarations took 1 ms 
53441      DEBUG Test worker     d.u.i.k.n.KeyIO           MODE: 2nd degree decls took 0 
56896      INFO  Test worker     d.u.i.k.n.KeyIO           Parsing took 0 ms 
56896      DEBUG Test worker     d.u.i.k.n.KeyIO           Load declarations of de.uka.ilkd.key.nparser.KeyAst$File:  <unknown>:1#1 
56897      INFO  Test worker     d.u.i.k.n.KeyIO           MODE: declarations took 1 ms 
56897      DEBUG Test worker     d.u.i.k.n.KeyIO           MODE: 2nd degree decls took 0 
57970      INFO  Test worker     d.u.i.k.n.KeyIO           Parsing took 0 ms 
57970      DEBUG Test worker     d.u.i.k.n.KeyIO           Load declarations of de.uka.ilkd.key.nparser.KeyAst$File:  <unknown>:1#1 
57971      INFO  Test worker     d.u.i.k.n.KeyIO           MODE: declarations took 1 ms 
57971      DEBUG Test worker     d.u.i.k.n.KeyIO           MODE: 2nd degree decls took 0 
61509      INFO  Test worker     d.u.i.k.n.KeyIO           Parsing took 0 ms 
61509      DEBUG Test worker     d.u.i.k.n.KeyIO           Load declarations of de.uka.ilkd.key.nparser.KeyAst$File:  <unknown>:1#1 
61510      INFO  Test worker     d.u.i.k.n.KeyIO           MODE: declarations took 1 ms 
61510      DEBUG Test worker     d.u.i.k.n.KeyIO           MODE: 2nd degree decls took 0 
62587      INFO  Test worker     d.u.i.k.n.KeyIO           Parsing took 0 ms 
62588      DEBUG Test worker     d.u.i.k.n.KeyIO           Load declarations of de.uka.ilkd.key.nparser.KeyAst$File:  <unknown>:1#1 
62589      INFO  Test worker     d.u.i.k.n.KeyIO           MODE: declarations took 1 ms 
62589      DEBUG Test worker     d.u.i.k.n.KeyIO           MODE: 2nd degree decls took 0 
66115      INFO  Test worker     d.u.i.k.n.KeyIO           Parsing took 0 ms 
66116      DEBUG Test worker     d.u.i.k.n.KeyIO           Load declarations of de.uka.ilkd.key.nparser.KeyAst$File:  <unknown>:1#1 
66116      INFO  Test worker     d.u.i.k.n.KeyIO           MODE: declarations took 0 ms 
66117      DEBUG Test worker     d.u.i.k.n.KeyIO           MODE: 2nd degree decls took 0 
67152      INFO  Test worker     d.u.i.k.n.KeyIO           Parsing took 0 ms 
67153      DEBUG Test worker     d.u.i.k.n.KeyIO           Load declarations of de.uka.ilkd.key.nparser.KeyAst$File:  <unknown>:1#1 
67153      INFO  Test worker     d.u.i.k.n.KeyIO           MODE: declarations took 0 ms 
67154      DEBUG Test worker     d.u.i.k.n.KeyIO           MODE: 2nd degree decls took 0 
70589      INFO  Test worker     d.u.i.k.n.KeyIO           Parsing took 0 ms 
70590      DEBUG Test worker     d.u.i.k.n.KeyIO           Load declarations of de.uka.ilkd.key.nparser.KeyAst$File:  <unknown>:1#1 
70590      INFO  Test worker     d.u.i.k.n.KeyIO           MODE: declarations took 0 ms 
70590      DEBUG Test worker     d.u.i.k.n.KeyIO           MODE: 2nd degree decls took 0 
71675      INFO  Test worker     d.u.i.k.n.KeyIO           Parsing took 0 ms 
71676      DEBUG Test worker     d.u.i.k.n.KeyIO           Load declarations of de.uka.ilkd.key.nparser.KeyAst$File:  <unknown>:1#1 
71676      INFO  Test worker     d.u.i.k.n.KeyIO           MODE: declarations took 0 ms 
71676      DEBUG Test worker     d.u.i.k.n.KeyIO           MODE: 2nd degree decls took 0 
75185      INFO  Test worker     d.u.i.k.n.KeyIO           Parsing took 0 ms 
75185      DEBUG Test worker     d.u.i.k.n.KeyIO           Load declarations of de.uka.ilkd.key.nparser.KeyAst$File:  <unknown>:1#1 
75186      INFO  Test worker     d.u.i.k.n.KeyIO           MODE: declarations took 1 ms 
75186      DEBUG Test worker     d.u.i.k.n.KeyIO           MODE: 2nd degree decls took 0 
76235      INFO  Test worker     d.u.i.k.n.KeyIO           Parsing took 0 ms 
76235      DEBUG Test worker     d.u.i.k.n.KeyIO           Load declarations of de.uka.ilkd.key.nparser.KeyAst$File:  <unknown>:1#1 
76236      INFO  Test worker     d.u.i.k.n.KeyIO           MODE: declarations took 1 ms 
76236      DEBUG Test worker     d.u.i.k.n.KeyIO           MODE: 2nd degree decls took 0 
79614      INFO  Test worker     d.u.i.k.n.KeyIO           Parsing took 0 ms 
79614      DEBUG Test worker     d.u.i.k.n.KeyIO           Load declarations of de.uka.ilkd.key.nparser.KeyAst$File:  <unknown>:1#1 
79615      INFO  Test worker     d.u.i.k.n.KeyIO           MODE: declarations took 1 ms 
79615      DEBUG Test worker     d.u.i.k.n.KeyIO           MODE: 2nd degree decls took 0 
80667      INFO  Test worker     d.u.i.k.n.KeyIO           Parsing took 0 ms 
80667      DEBUG Test worker     d.u.i.k.n.KeyIO           Load declarations of de.uka.ilkd.key.nparser.KeyAst$File:  <unknown>:1#1 
80668      INFO  Test worker     d.u.i.k.n.KeyIO           MODE: declarations took 1 ms 
80668      DEBUG Test worker     d.u.i.k.n.KeyIO           MODE: 2nd degree decls took 0 
84152      INFO  Test worker     d.u.i.k.n.KeyIO           Parsing took 0 ms 
84152      DEBUG Test worker     d.u.i.k.n.KeyIO           Load declarations of de.uka.ilkd.key.nparser.KeyAst$File:  <unknown>:1#1 
84152      INFO  Test worker     d.u.i.k.n.KeyIO           MODE: declarations took 0 ms 
84152      DEBUG Test worker     d.u.i.k.n.KeyIO           MODE: 2nd degree decls took 0 
85170      INFO  Test worker     d.u.i.k.n.KeyIO           Parsing took 0 ms 
85171      DEBUG Test worker     d.u.i.k.n.KeyIO           Load declarations of de.uka.ilkd.key.nparser.KeyAst$File:  <unknown>:1#1 
85172      INFO  Test worker     d.u.i.k.n.KeyIO           MODE: declarations took 1 ms 
85173      DEBUG Test worker     d.u.i.k.n.KeyIO           MODE: 2nd degree decls took 1 
92090      INFO  Test worker     d.u.i.k.n.KeyIO           Parsing took 0 ms 
92090      DEBUG Test worker     d.u.i.k.n.KeyIO           Load declarations of de.uka.ilkd.key.nparser.KeyAst$File:  <unknown>:1#1 
92091      INFO  Test worker     d.u.i.k.n.KeyIO           MODE: declarations took 1 ms 
92091      DEBUG Test worker     d.u.i.k.n.KeyIO           MODE: 2nd degree decls took 0 
93135      INFO  Test worker     d.u.i.k.n.KeyIO           Parsing took 0 ms 
93135      DEBUG Test worker     d.u.i.k.n.KeyIO           Load declarations of de.uka.ilkd.key.nparser.KeyAst$File:  <unknown>:1#1 
93136      INFO  Test worker     d.u.i.k.n.KeyIO           MODE: declarations took 0 ms 
93136      DEBUG Test worker     d.u.i.k.n.KeyIO           MODE: 2nd degree decls took 0 
96694      INFO  Test worker     d.u.i.k.n.KeyIO           Parsing took 0 ms 
96695      DEBUG Test worker     d.u.i.k.n.KeyIO           Load declarations of de.uka.ilkd.key.nparser.KeyAst$File:  <unknown>:1#1 
96695      INFO  Test worker     d.u.i.k.n.KeyIO           MODE: declarations took 0 ms 
96695      DEBUG Test worker     d.u.i.k.n.KeyIO           MODE: 2nd degree decls took 0 
97736      INFO  Test worker     d.u.i.k.n.KeyIO           Parsing took 1 ms 
97736      DEBUG Test worker     d.u.i.k.n.KeyIO           Load declarations of de.uka.ilkd.key.nparser.KeyAst$File:  <unknown>:1#1 
97737      INFO  Test worker     d.u.i.k.n.KeyIO           MODE: declarations took 1 ms 
97737      DEBUG Test worker     d.u.i.k.n.KeyIO           MODE: 2nd degree decls took 0 
]]></system-out>
  <system-err><![CDATA[]]></system-err>
</testsuite>
