<?xml version="1.0" encoding="UTF-8"?>
<testsuite name="de.uka.ilkd.key.parser.TestTacletParser" tests="20" skipped="0" failures="0" errors="0" timestamp="2023-05-28T15:33:11" hostname="fv-az193-445" time="0.161">
  <properties/>
  <testcase name="testAllRight()" classname="de.uka.ilkd.key.parser.TestTacletParser" time="0.012"/>
  <testcase name="testSchemaJava0()" classname="de.uka.ilkd.key.parser.TestTacletParser" time="0.01"/>
  <testcase name="testSchemaJava1()" classname="de.uka.ilkd.key.parser.TestTacletParser" time="0.023"/>
  <testcase name="testSchemaJava2()" classname="de.uka.ilkd.key.parser.TestTacletParser" time="0.014"/>
  <testcase name="testSchemaJava4()" classname="de.uka.ilkd.key.parser.TestTacletParser" time="0.015"/>
  <testcase name="testSchemaJava6()" classname="de.uka.ilkd.key.parser.TestTacletParser" time="0.002"/>
  <testcase name="testSchemaJava8()" classname="de.uka.ilkd.key.parser.TestTacletParser" time="0.002"/>
  <testcase name="testCut()" classname="de.uka.ilkd.key.parser.TestTacletParser" time="0.006"/>
  <testcase name="testMakeInsertEq()" classname="de.uka.ilkd.key.parser.TestTacletParser" time="0.002"/>
  <testcase name="testAllLeft()" classname="de.uka.ilkd.key.parser.TestTacletParser" time="0.001"/>
  <testcase name="testClose()" classname="de.uka.ilkd.key.parser.TestTacletParser" time="0.006"/>
  <testcase name="testSchemaJava10()" classname="de.uka.ilkd.key.parser.TestTacletParser" time="0.002"/>
  <testcase name="testSchemaJava11()" classname="de.uka.ilkd.key.parser.TestTacletParser" time="0.019"/>
  <testcase name="testFIdempotent()" classname="de.uka.ilkd.key.parser.TestTacletParser" time="0.002"/>
  <testcase name="testImpRight()" classname="de.uka.ilkd.key.parser.TestTacletParser" time="0.001"/>
  <testcase name="testVarcondNew()" classname="de.uka.ilkd.key.parser.TestTacletParser" time="0.023"/>
  <testcase name="testFreeReplacewithVariables()" classname="de.uka.ilkd.key.parser.TestTacletParser" time="0.004"/>
  <testcase name="testImpLeft()" classname="de.uka.ilkd.key.parser.TestTacletParser" time="0.002"/>
  <testcase name="testContraposition()" classname="de.uka.ilkd.key.parser.TestTacletParser" time="0.002"/>
  <testcase name="testExConjSplit()" classname="de.uka.ilkd.key.parser.TestTacletParser" time="0.002"/>
  <system-out><![CDATA[352739     INFO  Test worker     d.u.i.k.n.KeyIO           Parsing took 0 ms 
352739     DEBUG Test worker     d.u.i.k.n.KeyIO           Load declarations of de.uka.ilkd.key.nparser.KeyAst$File:  <unknown>:1#1 
352739     INFO  Test worker     d.u.i.k.n.KeyIO           MODE: declarations took 0 ms 
352739     DEBUG Test worker     d.u.i.k.n.KeyIO           MODE: 2nd degree decls took 0 
352749     DEBUG Test worker     d.u.i.k.n.KeyIO           MODE: taclets took 8ms 
352750     INFO  Test worker     d.u.i.k.n.KeyIO           Parsing took 0 ms 
352750     DEBUG Test worker     d.u.i.k.n.KeyIO           Load declarations of de.uka.ilkd.key.nparser.KeyAst$File:  <unknown>:2#1 
352750     INFO  Test worker     d.u.i.k.n.KeyIO           MODE: declarations took 0 ms 
352750     DEBUG Test worker     d.u.i.k.n.KeyIO           MODE: 2nd degree decls took 0 
352751     DEBUG Test worker     d.u.i.k.n.KeyIO           MODE: taclets took 1ms 
352756     INFO  Test worker     d.u.i.k.n.KeyIO           Parsing took 5 ms 
352756     DEBUG Test worker     d.u.i.k.n.KeyIO           Load declarations of de.uka.ilkd.key.nparser.KeyAst$File:  <unknown>:1#1 
352756     INFO  Test worker     d.u.i.k.n.KeyIO           MODE: declarations took 0 ms 
352756     DEBUG Test worker     d.u.i.k.n.KeyIO           MODE: 2nd degree decls took 0 
352757     DEBUG Test worker     d.u.i.k.n.KeyIO           MODE: taclets took 0ms 
352757     INFO  Test worker     d.u.i.k.n.KeyIO           Parsing took 0 ms 
352757     DEBUG Test worker     d.u.i.k.n.KeyIO           Load declarations of de.uka.ilkd.key.nparser.KeyAst$File:  <unknown>:2#1 
352757     INFO  Test worker     d.u.i.k.n.KeyIO           MODE: declarations took 0 ms 
352757     DEBUG Test worker     d.u.i.k.n.KeyIO           MODE: 2nd degree decls took 0 
352760     DEBUG Test worker     d.u.i.k.n.KeyIO           MODE: taclets took 2ms 
352760     INFO  Test worker     d.u.i.k.n.KeyIO           Parsing took 0 ms 
352761     DEBUG Test worker     d.u.i.k.n.KeyIO           Load declarations of de.uka.ilkd.key.nparser.KeyAst$File:  <unknown>:1#1 
352761     INFO  Test worker     d.u.i.k.n.KeyIO           MODE: declarations took 0 ms 
352761     DEBUG Test worker     d.u.i.k.n.KeyIO           MODE: 2nd degree decls took 0 
352761     DEBUG Test worker     d.u.i.k.n.KeyIO           MODE: taclets took 0ms 
352762     WARN  Test worker     d.u.i.k.n.KeYParser       [syntax-error] <unknown>:2:21: extraneous input '<' expecting {MODALITY, FORALL, EXISTS, '\if', '\ifEx', 'true', 'false', '(', ')', '{', '@', NOT, '-', STRING_LITERAL, CHAR_LITERAL, BIN_LITERAL, HEX_LITERAL, IDENT, INT_LITERAL, FLOAT_LITERAL, DOUBLE_LITERAL, REAL_LITERAL} [@12,22:22='<',<173>,2:21] (argument_list, call, accessterm, primitive_term, primitive_labeled_term, bracket_term, atom_prefix, strong_arith_term_2, strong_arith_term_1, weak_arith_term, comparison_term, equality_term, term60, conjunction_term, disjunction_term, implication_term, equivalence_term, elementary_update_term, parallel_term, term, taclet, rulesOrAxioms, decls, file) 
352771     WARN  Test worker     d.u.i.k.n.KeYParser       [syntax-error] <unknown>:2:23: no viable alternative at input '{..' [@14,24:25='..',<144>,2:23] (atom_prefix, strong_arith_term_2, strong_arith_term_1, weak_arith_term, comparison_term, equality_term, term60, conjunction_term, disjunction_term, implication_term, equivalence_term, elementary_update_term, parallel_term, term, argument_list, call, accessterm, primitive_term, primitive_labeled_term, bracket_term, atom_prefix, strong_arith_term_2, strong_arith_term_1, weak_arith_term, comparison_term, equality_term, term60, conjunction_term, disjunction_term, implication_term, equivalence_term, elementary_update_term, parallel_term, term, taclet, rulesOrAxioms, decls, file) 
352782     WARN  Test worker     d.u.i.k.n.KeYParser       [syntax-error] <unknown>:2:33: mismatched input ';' expecting {',', ')'} [@21,34:34=';',<138>,2:33] (argument_list, call, accessterm, primitive_term, primitive_labeled_term, bracket_term, atom_prefix, strong_arith_term_2, strong_arith_term_1, weak_arith_term, comparison_term, equality_term, term60, conjunction_term, disjunction_term, implication_term, equivalence_term, elementary_update_term, parallel_term, term, taclet, rulesOrAxioms, decls, file) 
352783     WARN  Test worker     d.u.i.k.n.KeYParser       [syntax-error] <unknown>:2:41: no viable alternative at input '#i;' [@26,42:42=';',<138>,2:41] (option_list, taclet, rulesOrAxioms, decls, file) 
352783     WARN  Test worker     d.u.i.k.n.KeYParser       [syntax-error] <unknown>:2:43: mismatched input '<' expecting {'(', '{'} [@28,44:44='<',<173>,2:43] (taclet, rulesOrAxioms, decls, file) 
352783     WARN  Test worker     d.u.i.k.n.KeYParser       [syntax-error] <unknown>:2:47: mismatched input '+' expecting {'(', '{'} [@32,48:48='+',<167>,2:47] (taclet, rulesOrAxioms, decls, file) 
352783     WARN  Test worker     d.u.i.k.n.KeYParser       [syntax-error] <unknown>:2:52: extraneous input '..' expecting {'\lemma', '}', IDENT, '/*!'} [@37,53:54='..',<144>,2:52] (rulesOrAxioms, decls, file) 
352784     WARN  Test worker     d.u.i.k.n.KeYParser       [syntax-error] <unknown>:2:56: mismatched input '>' expecting {<EOF>, '\problem', '\chooseContract', '\proofObligation', '\proof'} [@40,57:57='>',<168>,2:56] (file) 
352785     INFO  Test worker     d.u.i.k.n.KeyIO           Parsing took 1 ms 
352785     DEBUG Test worker     d.u.i.k.n.KeyIO           Load declarations of de.uka.ilkd.key.nparser.KeyAst$File:  <unknown>:1#1 
352785     INFO  Test worker     d.u.i.k.n.KeyIO           MODE: declarations took 0 ms 
352785     DEBUG Test worker     d.u.i.k.n.KeyIO           MODE: 2nd degree decls took 0 
352786     DEBUG Test worker     d.u.i.k.n.KeyIO           MODE: taclets took 0ms 
352796     WARN  Test worker     d.u.i.k.n.KeYParser       [syntax-error] <unknown>:2:21: extraneous input '<' expecting {MODALITY, FORALL, EXISTS, '\if', '\ifEx', 'true', 'false', '(', ')', '{', '@', NOT, '-', STRING_LITERAL, CHAR_LITERAL, BIN_LITERAL, HEX_LITERAL, IDENT, INT_LITERAL, FLOAT_LITERAL, DOUBLE_LITERAL, REAL_LITERAL} [@12,22:22='<',<173>,2:21] (argument_list, call, accessterm, primitive_term, primitive_labeled_term, bracket_term, atom_prefix, strong_arith_term_2, strong_arith_term_1, weak_arith_term, comparison_term, equality_term, term60, conjunction_term, disjunction_term, implication_term, equivalence_term, elementary_update_term, parallel_term, term, taclet, rulesOrAxioms, decls, file) 
352796     WARN  Test worker     d.u.i.k.n.KeYParser       [syntax-error] <unknown>:2:23: no viable alternative at input '{..' [@14,24:25='..',<144>,2:23] (atom_prefix, strong_arith_term_2, strong_arith_term_1, weak_arith_term, comparison_term, equality_term, term60, conjunction_term, disjunction_term, implication_term, equivalence_term, elementary_update_term, parallel_term, term, argument_list, call, accessterm, primitive_term, primitive_labeled_term, bracket_term, atom_prefix, strong_arith_term_2, strong_arith_term_1, weak_arith_term, comparison_term, equality_term, term60, conjunction_term, disjunction_term, implication_term, equivalence_term, elementary_update_term, parallel_term, term, taclet, rulesOrAxioms, decls, file) 
352797     WARN  Test worker     d.u.i.k.n.KeYParser       [syntax-error] <unknown>:2:33: mismatched input ';' expecting {',', ')'} [@21,34:34=';',<138>,2:33] (argument_list, call, accessterm, primitive_term, primitive_labeled_term, bracket_term, atom_prefix, strong_arith_term_2, strong_arith_term_1, weak_arith_term, comparison_term, equality_term, term60, conjunction_term, disjunction_term, implication_term, equivalence_term, elementary_update_term, parallel_term, term, taclet, rulesOrAxioms, decls, file) 
352797     WARN  Test worker     d.u.i.k.n.KeYParser       [syntax-error] <unknown>:2:43: no viable alternative at input '#lab;' [@26,44:44=';',<138>,2:43] (option_list, taclet, rulesOrAxioms, decls, file) 
352797     WARN  Test worker     d.u.i.k.n.KeYParser       [syntax-error] <unknown>:2:45: mismatched input '<' expecting {'(', '{'} [@28,46:46='<',<173>,2:45] (taclet, rulesOrAxioms, decls, file) 
352797     WARN  Test worker     d.u.i.k.n.KeYParser       [syntax-error] <unknown>:2:50: mismatched input '+' expecting {'(', '{'} [@32,51:51='+',<167>,2:50] (taclet, rulesOrAxioms, decls, file) 
352797     WARN  Test worker     d.u.i.k.n.KeYParser       [syntax-error] <unknown>:2:56: extraneous input '..' expecting {'\lemma', '}', IDENT, '/*!'} [@38,57:58='..',<144>,2:56] (rulesOrAxioms, decls, file) 
352797     WARN  Test worker     d.u.i.k.n.KeYParser       [syntax-error] <unknown>:2:60: mismatched input '>' expecting {<EOF>, '\problem', '\chooseContract', '\proofObligation', '\proof'} [@41,61:61='>',<168>,2:60] (file) 
352799     INFO  Test worker     d.u.i.k.n.KeyIO           Parsing took 1 ms 
352799     DEBUG Test worker     d.u.i.k.n.KeyIO           Load declarations of de.uka.ilkd.key.nparser.KeyAst$File:  <unknown>:1#1 
352799     INFO  Test worker     d.u.i.k.n.KeyIO           MODE: declarations took 0 ms 
352799     DEBUG Test worker     d.u.i.k.n.KeyIO           MODE: 2nd degree decls took 0 
352799     DEBUG Test worker     d.u.i.k.n.KeyIO           MODE: taclets took 0ms 
352810     INFO  Test worker     d.u.i.k.n.KeyIO           Parsing took 11 ms 
352810     DEBUG Test worker     d.u.i.k.n.KeyIO           Load declarations of de.uka.ilkd.key.nparser.KeyAst$File:  <unknown>:2#1 
352810     INFO  Test worker     d.u.i.k.n.KeyIO           MODE: declarations took 0 ms 
352810     DEBUG Test worker     d.u.i.k.n.KeyIO           MODE: 2nd degree decls took 0 
352812     DEBUG Test worker     d.u.i.k.n.KeyIO           MODE: taclets took 1ms 
352813     INFO  Test worker     d.u.i.k.n.KeyIO           Parsing took 1 ms 
352813     DEBUG Test worker     d.u.i.k.n.KeyIO           Load declarations of de.uka.ilkd.key.nparser.KeyAst$File:  <unknown>:1#1 
352813     INFO  Test worker     d.u.i.k.n.KeyIO           MODE: declarations took 0 ms 
352813     DEBUG Test worker     d.u.i.k.n.KeyIO           MODE: 2nd degree decls took 0 
352813     DEBUG Test worker     d.u.i.k.n.KeyIO           MODE: taclets took 0ms 
352814     INFO  Test worker     d.u.i.k.n.KeyIO           Parsing took 1 ms 
352814     DEBUG Test worker     d.u.i.k.n.KeyIO           Load declarations of de.uka.ilkd.key.nparser.KeyAst$File:  <unknown>:2#1 
352814     INFO  Test worker     d.u.i.k.n.KeyIO           MODE: declarations took 0 ms 
352814     DEBUG Test worker     d.u.i.k.n.KeyIO           MODE: 2nd degree decls took 0 
352815     DEBUG Test worker     d.u.i.k.n.KeyIO           MODE: taclets took 1ms 
352824     INFO  Test worker     d.u.i.k.n.KeyIO           Parsing took 0 ms 
352824     DEBUG Test worker     d.u.i.k.n.KeyIO           Load declarations of de.uka.ilkd.key.nparser.KeyAst$File:  <unknown>:1#1 
352824     INFO  Test worker     d.u.i.k.n.KeyIO           MODE: declarations took 0 ms 
352824     DEBUG Test worker     d.u.i.k.n.KeyIO           MODE: 2nd degree decls took 0 
352825     DEBUG Test worker     d.u.i.k.n.KeyIO           MODE: taclets took 1ms 
352825     INFO  Test worker     d.u.i.k.n.KeyIO           Parsing took 0 ms 
352825     DEBUG Test worker     d.u.i.k.n.KeyIO           Load declarations of de.uka.ilkd.key.nparser.KeyAst$File:  <unknown>:2#1 
352825     INFO  Test worker     d.u.i.k.n.KeyIO           MODE: declarations took 0 ms 
352825     DEBUG Test worker     d.u.i.k.n.KeyIO           MODE: 2nd degree decls took 0 
352825     DEBUG Test worker     d.u.i.k.n.KeyIO           MODE: taclets took 0ms 
352826     INFO  Test worker     d.u.i.k.n.KeyIO           Parsing took 0 ms 
352826     DEBUG Test worker     d.u.i.k.n.KeyIO           Load declarations of de.uka.ilkd.key.nparser.KeyAst$File:  <unknown>:1#1 
352826     INFO  Test worker     d.u.i.k.n.KeyIO           MODE: declarations took 0 ms 
352826     DEBUG Test worker     d.u.i.k.n.KeyIO           MODE: 2nd degree decls took 0 
352826     DEBUG Test worker     d.u.i.k.n.KeyIO           MODE: taclets took 0ms 
352831     INFO  Test worker     d.u.i.k.n.KeyIO           Parsing took 0 ms 
352831     DEBUG Test worker     d.u.i.k.n.KeyIO           Load declarations of de.uka.ilkd.key.nparser.KeyAst$File:  <unknown>:2#1 
352831     INFO  Test worker     d.u.i.k.n.KeyIO           MODE: declarations took 0 ms 
352831     DEBUG Test worker     d.u.i.k.n.KeyIO           MODE: 2nd degree decls took 0 
352832     DEBUG Test worker     d.u.i.k.n.KeyIO           MODE: taclets took 0ms 
352832     INFO  Test worker     d.u.i.k.n.KeyIO           Parsing took 0 ms 
352832     DEBUG Test worker     d.u.i.k.n.KeyIO           Load declarations of de.uka.ilkd.key.nparser.KeyAst$File:  <unknown>:1#1 
352832     INFO  Test worker     d.u.i.k.n.KeyIO           MODE: declarations took 0 ms 
352832     DEBUG Test worker     d.u.i.k.n.KeyIO           MODE: 2nd degree decls took 0 
352833     DEBUG Test worker     d.u.i.k.n.KeyIO           MODE: taclets took 1ms 
352833     INFO  Test worker     d.u.i.k.n.KeyIO           Parsing took 0 ms 
352833     DEBUG Test worker     d.u.i.k.n.KeyIO           Load declarations of de.uka.ilkd.key.nparser.KeyAst$File:  <unknown>:2#1 
352833     INFO  Test worker     d.u.i.k.n.KeyIO           MODE: declarations took 0 ms 
352833     DEBUG Test worker     d.u.i.k.n.KeyIO           MODE: 2nd degree decls took 0 
352833     DEBUG Test worker     d.u.i.k.n.KeyIO           MODE: taclets took 0ms 
352834     INFO  Test worker     d.u.i.k.n.KeyIO           Parsing took 0 ms 
352834     DEBUG Test worker     d.u.i.k.n.KeyIO           Load declarations of de.uka.ilkd.key.nparser.KeyAst$File:  <unknown>:1#1 
352834     INFO  Test worker     d.u.i.k.n.KeyIO           MODE: declarations took 0 ms 
352834     DEBUG Test worker     d.u.i.k.n.KeyIO           MODE: 2nd degree decls took 0 
352834     DEBUG Test worker     d.u.i.k.n.KeyIO           MODE: taclets took 0ms 
352834     INFO  Test worker     d.u.i.k.n.KeyIO           Parsing took 0 ms 
352834     DEBUG Test worker     d.u.i.k.n.KeyIO           Load declarations of de.uka.ilkd.key.nparser.KeyAst$File:  <unknown>:2#1 
352835     INFO  Test worker     d.u.i.k.n.KeyIO           MODE: declarations took 1 ms 
352835     DEBUG Test worker     d.u.i.k.n.KeyIO           MODE: 2nd degree decls took 0 
352835     DEBUG Test worker     d.u.i.k.n.KeyIO           MODE: taclets took 0ms 
352835     INFO  Test worker     d.u.i.k.n.KeyIO           Parsing took 0 ms 
352835     DEBUG Test worker     d.u.i.k.n.KeyIO           Load declarations of de.uka.ilkd.key.nparser.KeyAst$File:  <unknown>:1#1 
352835     INFO  Test worker     d.u.i.k.n.KeyIO           MODE: declarations took 0 ms 
352835     DEBUG Test worker     d.u.i.k.n.KeyIO           MODE: 2nd degree decls took 0 
352841     DEBUG Test worker     d.u.i.k.n.KeyIO           MODE: taclets took 5ms 
352841     INFO  Test worker     d.u.i.k.n.KeyIO           Parsing took 0 ms 
352841     DEBUG Test worker     d.u.i.k.n.KeyIO           Load declarations of de.uka.ilkd.key.nparser.KeyAst$File:  <unknown>:2#1 
352841     INFO  Test worker     d.u.i.k.n.KeyIO           MODE: declarations took 0 ms 
352841     DEBUG Test worker     d.u.i.k.n.KeyIO           MODE: 2nd degree decls took 0 
352842     DEBUG Test worker     d.u.i.k.n.KeyIO           MODE: taclets took 0ms 
352842     INFO  Test worker     d.u.i.k.n.KeyIO           Parsing took 0 ms 
352842     DEBUG Test worker     d.u.i.k.n.KeyIO           Load declarations of de.uka.ilkd.key.nparser.KeyAst$File:  <unknown>:1#1 
352842     INFO  Test worker     d.u.i.k.n.KeyIO           MODE: declarations took 0 ms 
352842     DEBUG Test worker     d.u.i.k.n.KeyIO           MODE: 2nd degree decls took 0 
352843     DEBUG Test worker     d.u.i.k.n.KeyIO           MODE: taclets took 1ms 
352843     INFO  Test worker     d.u.i.k.n.KeyIO           Parsing took 0 ms 
352843     DEBUG Test worker     d.u.i.k.n.KeyIO           Load declarations of de.uka.ilkd.key.nparser.KeyAst$File:  <unknown>:2#1 
352843     INFO  Test worker     d.u.i.k.n.KeyIO           MODE: declarations took 0 ms 
352843     DEBUG Test worker     d.u.i.k.n.KeyIO           MODE: 2nd degree decls took 0 
352844     DEBUG Test worker     d.u.i.k.n.KeyIO           MODE: taclets took 0ms 
352844     INFO  Test worker     d.u.i.k.n.KeyIO           Parsing took 0 ms 
352844     DEBUG Test worker     d.u.i.k.n.KeyIO           Load declarations of de.uka.ilkd.key.nparser.KeyAst$File:  <unknown>:1#1 
352844     INFO  Test worker     d.u.i.k.n.KeyIO           MODE: declarations took 0 ms 
352844     DEBUG Test worker     d.u.i.k.n.KeyIO           MODE: 2nd degree decls took 0 
352844     DEBUG Test worker     d.u.i.k.n.KeyIO           MODE: taclets took 0ms 
352853     INFO  Test worker     d.u.i.k.n.KeyIO           Parsing took 2 ms 
352853     DEBUG Test worker     d.u.i.k.n.KeyIO           Load declarations of de.uka.ilkd.key.nparser.KeyAst$File:  <unknown>:2#1 
352853     INFO  Test worker     d.u.i.k.n.KeyIO           MODE: declarations took 0 ms 
352853     DEBUG Test worker     d.u.i.k.n.KeyIO           MODE: 2nd degree decls took 0 
352862     DEBUG Test worker     d.u.i.k.n.KeyIO           MODE: taclets took 9ms 
352863     INFO  Test worker     d.u.i.k.n.KeyIO           Parsing took 0 ms 
352863     DEBUG Test worker     d.u.i.k.n.KeyIO           Load declarations of de.uka.ilkd.key.nparser.KeyAst$File:  <unknown>:1#1 
352863     INFO  Test worker     d.u.i.k.n.KeyIO           MODE: declarations took 0 ms 
352863     DEBUG Test worker     d.u.i.k.n.KeyIO           MODE: 2nd degree decls took 0 
352863     DEBUG Test worker     d.u.i.k.n.KeyIO           MODE: taclets took 0ms 
352864     INFO  Test worker     d.u.i.k.n.KeyIO           Parsing took 0 ms 
352864     DEBUG Test worker     d.u.i.k.n.KeyIO           Load declarations of de.uka.ilkd.key.nparser.KeyAst$File:  <unknown>:2#1 
352864     INFO  Test worker     d.u.i.k.n.KeyIO           MODE: declarations took 0 ms 
352864     DEBUG Test worker     d.u.i.k.n.KeyIO           MODE: 2nd degree decls took 0 
352864     DEBUG Test worker     d.u.i.k.n.KeyIO           MODE: taclets took 0ms 
352865     INFO  Test worker     d.u.i.k.n.KeyIO           Parsing took 1 ms 
352865     DEBUG Test worker     d.u.i.k.n.KeyIO           Load declarations of de.uka.ilkd.key.nparser.KeyAst$File:  <unknown>:1#1 
352865     INFO  Test worker     d.u.i.k.n.KeyIO           MODE: declarations took 0 ms 
352865     DEBUG Test worker     d.u.i.k.n.KeyIO           MODE: 2nd degree decls took 0 
352865     DEBUG Test worker     d.u.i.k.n.KeyIO           MODE: taclets took 0ms 
352866     INFO  Test worker     d.u.i.k.n.KeyIO           Parsing took 1 ms 
352866     DEBUG Test worker     d.u.i.k.n.KeyIO           Load declarations of de.uka.ilkd.key.nparser.KeyAst$File:  <unknown>:2#1 
352866     INFO  Test worker     d.u.i.k.n.KeyIO           MODE: declarations took 0 ms 
352866     DEBUG Test worker     d.u.i.k.n.KeyIO           MODE: 2nd degree decls took 0 
352866     DEBUG Test worker     d.u.i.k.n.KeyIO           MODE: taclets took 0ms 
352867     INFO  Test worker     d.u.i.k.n.KeyIO           Parsing took 0 ms 
352867     DEBUG Test worker     d.u.i.k.n.KeyIO           Load declarations of de.uka.ilkd.key.nparser.KeyAst$File:  <unknown>:1#1 
352867     INFO  Test worker     d.u.i.k.n.KeyIO           MODE: declarations took 0 ms 
352879     DEBUG Test worker     d.u.i.k.n.KeyIO           MODE: 2nd degree decls took 12 
352880     DEBUG Test worker     d.u.i.k.n.KeyIO           MODE: taclets took 0ms 
352881     INFO  Test worker     d.u.i.k.n.KeyIO           Parsing took 1 ms 
352881     DEBUG Test worker     d.u.i.k.n.KeyIO           Load declarations of de.uka.ilkd.key.nparser.KeyAst$File:  <unknown>:2#1 
352881     INFO  Test worker     d.u.i.k.n.KeyIO           MODE: declarations took 0 ms 
352881     DEBUG Test worker     d.u.i.k.n.KeyIO           MODE: 2nd degree decls took 0 
352881     DEBUG Test worker     d.u.i.k.n.KeyIO           MODE: taclets took 0ms 
352881     INFO  Test worker     d.u.i.k.n.KeyIO           Parsing took 0 ms 
352881     DEBUG Test worker     d.u.i.k.n.KeyIO           Load declarations of de.uka.ilkd.key.nparser.KeyAst$File:  <unknown>:2#1 
352881     INFO  Test worker     d.u.i.k.n.KeyIO           MODE: declarations took 0 ms 
352881     DEBUG Test worker     d.u.i.k.n.KeyIO           MODE: 2nd degree decls took 0 
352890     DEBUG Test worker     d.u.i.k.n.KeyIO           MODE: taclets took 0ms 
352890     INFO  Test worker     d.u.i.k.n.KeyIO           Parsing took 0 ms 
352890     DEBUG Test worker     d.u.i.k.n.KeyIO           Load declarations of de.uka.ilkd.key.nparser.KeyAst$File:  <unknown>:1#1 
352890     INFO  Test worker     d.u.i.k.n.KeyIO           MODE: declarations took 0 ms 
352890     DEBUG Test worker     d.u.i.k.n.KeyIO           MODE: 2nd degree decls took 0 
352891     DEBUG Test worker     d.u.i.k.n.KeyIO           MODE: taclets took 0ms 
352891     INFO  Test worker     d.u.i.k.n.KeyIO           Parsing took 0 ms 
352891     DEBUG Test worker     d.u.i.k.n.KeyIO           Load declarations of de.uka.ilkd.key.nparser.KeyAst$File:  <unknown>:2#1 
352891     INFO  Test worker     d.u.i.k.n.KeyIO           MODE: declarations took 0 ms 
352891     DEBUG Test worker     d.u.i.k.n.KeyIO           MODE: 2nd degree decls took 0 
352894     INFO  Test worker     d.u.i.k.n.KeyIO           Parsing took 0 ms 
352894     DEBUG Test worker     d.u.i.k.n.KeyIO           Load declarations of de.uka.ilkd.key.nparser.KeyAst$File:  <unknown>:1#1 
352894     INFO  Test worker     d.u.i.k.n.KeyIO           MODE: declarations took 0 ms 
352894     DEBUG Test worker     d.u.i.k.n.KeyIO           MODE: 2nd degree decls took 0 
352895     DEBUG Test worker     d.u.i.k.n.KeyIO           MODE: taclets took 1ms 
352895     INFO  Test worker     d.u.i.k.n.KeyIO           Parsing took 0 ms 
352895     DEBUG Test worker     d.u.i.k.n.KeyIO           Load declarations of de.uka.ilkd.key.nparser.KeyAst$File:  <unknown>:2#1 
352895     INFO  Test worker     d.u.i.k.n.KeyIO           MODE: declarations took 0 ms 
352895     DEBUG Test worker     d.u.i.k.n.KeyIO           MODE: 2nd degree decls took 0 
352895     DEBUG Test worker     d.u.i.k.n.KeyIO           MODE: taclets took 0ms 
352896     INFO  Test worker     d.u.i.k.n.KeyIO           Parsing took 0 ms 
352896     DEBUG Test worker     d.u.i.k.n.KeyIO           Load declarations of de.uka.ilkd.key.nparser.KeyAst$File:  <unknown>:1#1 
352896     INFO  Test worker     d.u.i.k.n.KeyIO           MODE: declarations took 0 ms 
352896     DEBUG Test worker     d.u.i.k.n.KeyIO           MODE: 2nd degree decls took 0 
352896     DEBUG Test worker     d.u.i.k.n.KeyIO           MODE: taclets took 0ms 
352897     INFO  Test worker     d.u.i.k.n.KeyIO           Parsing took 0 ms 
352897     DEBUG Test worker     d.u.i.k.n.KeyIO           Load declarations of de.uka.ilkd.key.nparser.KeyAst$File:  <unknown>:2#1 
352897     INFO  Test worker     d.u.i.k.n.KeyIO           MODE: declarations took 0 ms 
352897     DEBUG Test worker     d.u.i.k.n.KeyIO           MODE: 2nd degree decls took 0 
352897     DEBUG Test worker     d.u.i.k.n.KeyIO           MODE: taclets took 0ms 
352898     INFO  Test worker     d.u.i.k.n.KeyIO           Parsing took 1 ms 
352898     DEBUG Test worker     d.u.i.k.n.KeyIO           Load declarations of de.uka.ilkd.key.nparser.KeyAst$File:  <unknown>:1#1 
352898     INFO  Test worker     d.u.i.k.n.KeyIO           MODE: declarations took 0 ms 
352898     DEBUG Test worker     d.u.i.k.n.KeyIO           MODE: 2nd degree decls took 0 
352898     DEBUG Test worker     d.u.i.k.n.KeyIO           MODE: taclets took 0ms 
352899     INFO  Test worker     d.u.i.k.n.KeyIO           Parsing took 1 ms 
352899     DEBUG Test worker     d.u.i.k.n.KeyIO           Load declarations of de.uka.ilkd.key.nparser.KeyAst$File:  <unknown>:2#1 
352899     INFO  Test worker     d.u.i.k.n.KeyIO           MODE: declarations took 0 ms 
352899     DEBUG Test worker     d.u.i.k.n.KeyIO           MODE: 2nd degree decls took 0 
352899     DEBUG Test worker     d.u.i.k.n.KeyIO           MODE: taclets took 0ms 
]]></system-out>
  <system-err><![CDATA[]]></system-err>
</testsuite>
