<?xml version="1.0" encoding="UTF-8"?>
<testsuite name="de.uka.ilkd.key.proof.TestOneStepSimplifier" tests="1" skipped="0" failures="0" errors="0" timestamp="2023-05-28T15:35:35" hostname="fv-az193-445" time="4.609">
  <properties/>
  <testcase name="loadWithRestriction()" classname="de.uka.ilkd.key.proof.TestOneStepSimplifier" time="4.609"/>
  <system-out><![CDATA[497160     INFO  Test worker     d.u.i.k.p.i.AbstractProblemLoader Loading environment from src/test/resources/testcase/ossRestriction.proof 
497160     DEBUG Test worker     d.u.i.k.p.i.AbstractProblemLoader Environment load took 93.4ns 
497161     INFO  Test worker     d.u.i.k.p.i.AbstractProblemLoader Creating init config 
497339     DEBUG Test worker     d.u.i.k.j.TypeConverter   No LDT found for Meta 
497339     DEBUG Test worker     d.u.i.k.j.TypeConverter   No LDT found for Meta 
497340     DEBUG Test worker     d.u.i.k.j.TypeConverter   No LDT found for Meta 
497340     DEBUG Test worker     d.u.i.k.j.TypeConverter   No LDT found for Meta 
497983     DEBUG Test worker     d.u.i.k.j.TypeConverter   No LDT found for JavaBigintExpression 
501709     DEBUG Test worker     d.u.i.k.p.i.AbstractProblemLoader Init config took 4.55s 
501762     INFO  Test worker     d.u.i.k.p.i.AbstractProblemLoader Replaying proof ossRestriction.proof 
501767     DEBUG Test worker     d.u.i.k.p.i.IntermediateProofReplayer Proof replay took 871.19ns 
]]></system-out>
  <system-err><![CDATA[]]></system-err>
</testsuite>
