<?xml version="1.0" encoding="UTF-8"?>
<testsuite name="de.uka.ilkd.key.parser.TestTermParserHeap" tests="39" skipped="0" failures="0" errors="0" timestamp="2023-05-28T15:33:19" hostname="fv-az193-445" time="129.913">
  <properties/>
  <testcase name="testBracketHeapUpdate()" classname="de.uka.ilkd.key.parser.TestTermParserHeap" time="0.023"/>
  <testcase name="testStore()" classname="de.uka.ilkd.key.parser.TestTermParserHeap" time="0.009"/>
  <testcase name="testUnknownConstant()" classname="de.uka.ilkd.key.parser.TestTermParserHeap" time="0.003"/>
  <testcase name="testAllFieldsSelector()" classname="de.uka.ilkd.key.parser.TestTermParserHeap" time="0.001"/>
  <testcase name="testParsePrettyPrintedSelect()" classname="de.uka.ilkd.key.parser.TestTermParserHeap" time="0.002"/>
  <testcase name="testAccessStaticMembers()" classname="de.uka.ilkd.key.parser.TestTermParserHeap" time="0.01"/>
  <testcase name="testAtOperator_1()" classname="de.uka.ilkd.key.parser.TestTermParserHeap" time="0.001"/>
  <testcase name="testAtOperator_2()" classname="de.uka.ilkd.key.parser.TestTermParserHeap" time="0.001"/>
  <testcase name="testAtOperator_3()" classname="de.uka.ilkd.key.parser.TestTermParserHeap" time="0.002"/>
  <testcase name="testAtOperator_4()" classname="de.uka.ilkd.key.parser.TestTermParserHeap" time="0.005"/>
  <testcase name="testAtOperator_5()" classname="de.uka.ilkd.key.parser.TestTermParserHeap" time="0.002"/>
  <testcase name="testAtOperator_6()" classname="de.uka.ilkd.key.parser.TestTermParserHeap" time="0.001"/>
  <testcase name="testAtOperator_7()" classname="de.uka.ilkd.key.parser.TestTermParserHeap" time="0.002"/>
  <testcase name="testAtOperator_8()" classname="de.uka.ilkd.key.parser.TestTermParserHeap" time="0.002"/>
  <testcase name="testVerifyExceptionIfAtOperatorNotPreceededBySelectTerm()" classname="de.uka.ilkd.key.parser.TestTermParserHeap" time="0.003"/>
  <testcase name="testBugResettingCounter()" classname="de.uka.ilkd.key.parser.TestTermParserHeap" time="0.002"/>
  <testcase name="testLocationSets()" classname="de.uka.ilkd.key.parser.TestTermParserHeap" time="0.002"/>
  <testcase name="testQuantifiedSelect()" classname="de.uka.ilkd.key.parser.TestTermParserHeap" time="0.002"/>
  <testcase name="testGenericObjectProperties()" classname="de.uka.ilkd.key.parser.TestTermParserHeap" time="0.002"/>
  <testcase name="testQueryInheritance_1()" classname="de.uka.ilkd.key.parser.TestTermParserHeap" time="0.002"/>
  <testcase name="testQueryInheritance_2()" classname="de.uka.ilkd.key.parser.TestTermParserHeap" time="0.006"/>
  <testcase name="testQueryInheritance_3()" classname="de.uka.ilkd.key.parser.TestTermParserHeap" time="0.001"/>
  <testcase name="testQueryInheritance_4()" classname="de.uka.ilkd.key.parser.TestTermParserHeap" time="0.001"/>
  <testcase name="testQueryInheritance_5()" classname="de.uka.ilkd.key.parser.TestTermParserHeap" time="0.001"/>
  <testcase name="testQueryInheritance_6()" classname="de.uka.ilkd.key.parser.TestTermParserHeap" time="0.002"/>
  <testcase name="testQueryInheritance_7()" classname="de.uka.ilkd.key.parser.TestTermParserHeap" time="0.001"/>
  <testcase name="testQueryInheritance_8()" classname="de.uka.ilkd.key.parser.TestTermParserHeap" time="0.001"/>
  <testcase name="testQueryInheritance_9()" classname="de.uka.ilkd.key.parser.TestTermParserHeap" time="0.002"/>
  <testcase name="testQueryBasic_10()" classname="de.uka.ilkd.key.parser.TestTermParserHeap" time="0.001"/>
  <testcase name="testQueryBasic_11()" classname="de.uka.ilkd.key.parser.TestTermParserHeap" time="0.002"/>
  <testcase name="testQueryBasic_1()" classname="de.uka.ilkd.key.parser.TestTermParserHeap" time="0.001"/>
  <testcase name="testQueryBasic_2()" classname="de.uka.ilkd.key.parser.TestTermParserHeap" time="0.001"/>
  <testcase name="testQueryBasic_3()" classname="de.uka.ilkd.key.parser.TestTermParserHeap" time="0.002"/>
  <testcase name="testQueryBasic_4()" classname="de.uka.ilkd.key.parser.TestTermParserHeap" time="0.002"/>
  <testcase name="testQueryBasic_5()" classname="de.uka.ilkd.key.parser.TestTermParserHeap" time="0.001"/>
  <testcase name="testQueryBasic_6()" classname="de.uka.ilkd.key.parser.TestTermParserHeap" time="0.001"/>
  <testcase name="testQueryBasic_7()" classname="de.uka.ilkd.key.parser.TestTermParserHeap" time="0.002"/>
  <testcase name="testQueryBasic_8()" classname="de.uka.ilkd.key.parser.TestTermParserHeap" time="0.002"/>
  <testcase name="testQueryBasic_9()" classname="de.uka.ilkd.key.parser.TestTermParserHeap" time="0.001"/>
  <system-out><![CDATA[360326     INFO  Test worker     d.u.i.k.n.KeyIO           Parsing took 0 ms 
360326     DEBUG Test worker     d.u.i.k.n.KeyIO           Load declarations of de.uka.ilkd.key.nparser.KeyAst$File:  <unknown>:1#1 
360326     INFO  Test worker     d.u.i.k.n.KeyIO           MODE: declarations took 0 ms 
360326     DEBUG Test worker     d.u.i.k.n.KeyIO           MODE: 2nd degree decls took 0 
360326     INFO  Test worker     d.u.i.k.n.KeyIO           Parsing took 0 ms 
360326     DEBUG Test worker     d.u.i.k.n.KeyIO           Load declarations of de.uka.ilkd.key.nparser.KeyAst$File:  <unknown>:1#1 
360327     INFO  Test worker     d.u.i.k.n.KeyIO           MODE: declarations took 1 ms 
360327     DEBUG Test worker     d.u.i.k.n.KeyIO           MODE: 2nd degree decls took 0 
360327     INFO  Test worker     d.u.i.k.n.KeyIO           Parsing took 0 ms 
360327     DEBUG Test worker     d.u.i.k.n.KeyIO           Load declarations of de.uka.ilkd.key.nparser.KeyAst$File:  <unknown>:1#1 
360327     INFO  Test worker     d.u.i.k.n.KeyIO           MODE: declarations took 0 ms 
360327     DEBUG Test worker     d.u.i.k.n.KeyIO           MODE: 2nd degree decls took 0 
360327     INFO  Test worker     d.u.i.k.n.KeyIO           Parsing took 0 ms 
360327     DEBUG Test worker     d.u.i.k.n.KeyIO           Load declarations of de.uka.ilkd.key.nparser.KeyAst$File:  <unknown>:1#1 
360327     INFO  Test worker     d.u.i.k.n.KeyIO           MODE: declarations took 0 ms 
360327     DEBUG Test worker     d.u.i.k.n.KeyIO           MODE: 2nd degree decls took 0 
360327     INFO  Test worker     d.u.i.k.n.KeyIO           Parsing took 0 ms 
360327     DEBUG Test worker     d.u.i.k.n.KeyIO           Load declarations of de.uka.ilkd.key.nparser.KeyAst$File:  <unknown>:1#1 
360327     INFO  Test worker     d.u.i.k.n.KeyIO           MODE: declarations took 0 ms 
360327     DEBUG Test worker     d.u.i.k.n.KeyIO           MODE: 2nd degree decls took 0 
363920     INFO  Test worker     d.u.i.k.n.KeyIO           Parsing took 0 ms 
363920     DEBUG Test worker     d.u.i.k.n.KeyIO           Load declarations of de.uka.ilkd.key.nparser.KeyAst$File:  <unknown>:1#1 
363921     INFO  Test worker     d.u.i.k.n.KeyIO           MODE: declarations took 1 ms 
363921     DEBUG Test worker     d.u.i.k.n.KeyIO           MODE: 2nd degree decls took 0 
363921     INFO  Test worker     d.u.i.k.n.KeyIO           Parsing took 0 ms 
363921     DEBUG Test worker     d.u.i.k.n.KeyIO           Load declarations of de.uka.ilkd.key.nparser.KeyAst$File:  <unknown>:1#1 
363921     INFO  Test worker     d.u.i.k.n.KeyIO           MODE: declarations took 0 ms 
363921     DEBUG Test worker     d.u.i.k.n.KeyIO           MODE: 2nd degree decls took 0 
363921     INFO  Test worker     d.u.i.k.n.KeyIO           Parsing took 0 ms 
363921     DEBUG Test worker     d.u.i.k.n.KeyIO           Load declarations of de.uka.ilkd.key.nparser.KeyAst$File:  <unknown>:1#1 
363921     INFO  Test worker     d.u.i.k.n.KeyIO           MODE: declarations took 0 ms 
363921     DEBUG Test worker     d.u.i.k.n.KeyIO           MODE: 2nd degree decls took 0 
363921     INFO  Test worker     d.u.i.k.n.KeyIO           Parsing took 0 ms 
363922     DEBUG Test worker     d.u.i.k.n.KeyIO           Load declarations of de.uka.ilkd.key.nparser.KeyAst$File:  <unknown>:1#1 
363922     INFO  Test worker     d.u.i.k.n.KeyIO           MODE: declarations took 0 ms 
363922     DEBUG Test worker     d.u.i.k.n.KeyIO           MODE: 2nd degree decls took 0 
363922     INFO  Test worker     d.u.i.k.n.KeyIO           Parsing took 0 ms 
363922     DEBUG Test worker     d.u.i.k.n.KeyIO           Load declarations of de.uka.ilkd.key.nparser.KeyAst$File:  <unknown>:1#1 
363922     INFO  Test worker     d.u.i.k.n.KeyIO           MODE: declarations took 0 ms 
363922     DEBUG Test worker     d.u.i.k.n.KeyIO           MODE: 2nd degree decls took 0 
367408     INFO  Test worker     d.u.i.k.n.KeyIO           Parsing took 0 ms 
367409     DEBUG Test worker     d.u.i.k.n.KeyIO           Load declarations of de.uka.ilkd.key.nparser.KeyAst$File:  <unknown>:1#1 
367409     INFO  Test worker     d.u.i.k.n.KeyIO           MODE: declarations took 0 ms 
367409     DEBUG Test worker     d.u.i.k.n.KeyIO           MODE: 2nd degree decls took 0 
367409     INFO  Test worker     d.u.i.k.n.KeyIO           Parsing took 0 ms 
367409     DEBUG Test worker     d.u.i.k.n.KeyIO           Load declarations of de.uka.ilkd.key.nparser.KeyAst$File:  <unknown>:1#1 
367409     INFO  Test worker     d.u.i.k.n.KeyIO           MODE: declarations took 0 ms 
367409     DEBUG Test worker     d.u.i.k.n.KeyIO           MODE: 2nd degree decls took 0 
367409     INFO  Test worker     d.u.i.k.n.KeyIO           Parsing took 0 ms 
367409     DEBUG Test worker     d.u.i.k.n.KeyIO           Load declarations of de.uka.ilkd.key.nparser.KeyAst$File:  <unknown>:1#1 
367409     INFO  Test worker     d.u.i.k.n.KeyIO           MODE: declarations took 0 ms 
367409     DEBUG Test worker     d.u.i.k.n.KeyIO           MODE: 2nd degree decls took 0 
367409     INFO  Test worker     d.u.i.k.n.KeyIO           Parsing took 0 ms 
367409     DEBUG Test worker     d.u.i.k.n.KeyIO           Load declarations of de.uka.ilkd.key.nparser.KeyAst$File:  <unknown>:1#1 
367409     INFO  Test worker     d.u.i.k.n.KeyIO           MODE: declarations took 0 ms 
367409     DEBUG Test worker     d.u.i.k.n.KeyIO           MODE: 2nd degree decls took 0 
367409     INFO  Test worker     d.u.i.k.n.KeyIO           Parsing took 0 ms 
367409     DEBUG Test worker     d.u.i.k.n.KeyIO           Load declarations of de.uka.ilkd.key.nparser.KeyAst$File:  <unknown>:1#1 
367409     INFO  Test worker     d.u.i.k.n.KeyIO           MODE: declarations took 0 ms 
367409     DEBUG Test worker     d.u.i.k.n.KeyIO           MODE: 2nd degree decls took 0 
367409     INFO  Test worker     d.u.i.k.n.KeyIO           Parsing took 0 ms 
367409     DEBUG Test worker     d.u.i.k.n.KeyIO           Load declarations of de.uka.ilkd.key.nparser.KeyAst$File:  <unknown>:1#1 
367409     INFO  Test worker     d.u.i.k.n.KeyIO           MODE: declarations took 0 ms 
367409     DEBUG Test worker     d.u.i.k.n.KeyIO           MODE: 2nd degree decls took 0 
370897     INFO  Test worker     d.u.i.k.n.KeyIO           Parsing took 0 ms 
370897     DEBUG Test worker     d.u.i.k.n.KeyIO           Load declarations of de.uka.ilkd.key.nparser.KeyAst$File:  <unknown>:1#1 
370898     INFO  Test worker     d.u.i.k.n.KeyIO           MODE: declarations took 1 ms 
370898     DEBUG Test worker     d.u.i.k.n.KeyIO           MODE: 2nd degree decls took 0 
370898     INFO  Test worker     d.u.i.k.n.KeyIO           Parsing took 0 ms 
370898     DEBUG Test worker     d.u.i.k.n.KeyIO           Load declarations of de.uka.ilkd.key.nparser.KeyAst$File:  <unknown>:1#1 
370898     INFO  Test worker     d.u.i.k.n.KeyIO           MODE: declarations took 0 ms 
370898     DEBUG Test worker     d.u.i.k.n.KeyIO           MODE: 2nd degree decls took 0 
370898     INFO  Test worker     d.u.i.k.n.KeyIO           Parsing took 0 ms 
370898     DEBUG Test worker     d.u.i.k.n.KeyIO           Load declarations of de.uka.ilkd.key.nparser.KeyAst$File:  <unknown>:1#1 
370898     INFO  Test worker     d.u.i.k.n.KeyIO           MODE: declarations took 0 ms 
370898     DEBUG Test worker     d.u.i.k.n.KeyIO           MODE: 2nd degree decls took 0 
370898     INFO  Test worker     d.u.i.k.n.KeyIO           Parsing took 0 ms 
370898     DEBUG Test worker     d.u.i.k.n.KeyIO           Load declarations of de.uka.ilkd.key.nparser.KeyAst$File:  <unknown>:1#1 
370898     INFO  Test worker     d.u.i.k.n.KeyIO           MODE: declarations took 0 ms 
370898     DEBUG Test worker     d.u.i.k.n.KeyIO           MODE: 2nd degree decls took 0 
370898     INFO  Test worker     d.u.i.k.n.KeyIO           Parsing took 0 ms 
370898     DEBUG Test worker     d.u.i.k.n.KeyIO           Load declarations of de.uka.ilkd.key.nparser.KeyAst$File:  <unknown>:1#1 
370898     INFO  Test worker     d.u.i.k.n.KeyIO           MODE: declarations took 0 ms 
370898     DEBUG Test worker     d.u.i.k.n.KeyIO           MODE: 2nd degree decls took 0 
374436     INFO  Test worker     d.u.i.k.n.KeyIO           Parsing took 0 ms 
374436     DEBUG Test worker     d.u.i.k.n.KeyIO           Load declarations of de.uka.ilkd.key.nparser.KeyAst$File:  <unknown>:1#1 
374436     INFO  Test worker     d.u.i.k.n.KeyIO           MODE: declarations took 0 ms 
374436     DEBUG Test worker     d.u.i.k.n.KeyIO           MODE: 2nd degree decls took 0 
374437     INFO  Test worker     d.u.i.k.n.KeyIO           Parsing took 1 ms 
374437     DEBUG Test worker     d.u.i.k.n.KeyIO           Load declarations of de.uka.ilkd.key.nparser.KeyAst$File:  <unknown>:1#1 
374437     INFO  Test worker     d.u.i.k.n.KeyIO           MODE: declarations took 0 ms 
374437     DEBUG Test worker     d.u.i.k.n.KeyIO           MODE: 2nd degree decls took 0 
374437     INFO  Test worker     d.u.i.k.n.KeyIO           Parsing took 0 ms 
374437     DEBUG Test worker     d.u.i.k.n.KeyIO           Load declarations of de.uka.ilkd.key.nparser.KeyAst$File:  <unknown>:1#1 
374437     INFO  Test worker     d.u.i.k.n.KeyIO           MODE: declarations took 0 ms 
374437     DEBUG Test worker     d.u.i.k.n.KeyIO           MODE: 2nd degree decls took 0 
374437     INFO  Test worker     d.u.i.k.n.KeyIO           Parsing took 0 ms 
374437     DEBUG Test worker     d.u.i.k.n.KeyIO           Load declarations of de.uka.ilkd.key.nparser.KeyAst$File:  <unknown>:1#1 
374437     INFO  Test worker     d.u.i.k.n.KeyIO           MODE: declarations took 0 ms 
374437     DEBUG Test worker     d.u.i.k.n.KeyIO           MODE: 2nd degree decls took 0 
374437     INFO  Test worker     d.u.i.k.n.KeyIO           Parsing took 0 ms 
374437     DEBUG Test worker     d.u.i.k.n.KeyIO           Load declarations of de.uka.ilkd.key.nparser.KeyAst$File:  <unknown>:1#1 
374437     INFO  Test worker     d.u.i.k.n.KeyIO           MODE: declarations took 0 ms 
374437     DEBUG Test worker     d.u.i.k.n.KeyIO           MODE: 2nd degree decls took 0 
377824     INFO  Test worker     d.u.i.k.n.KeyIO           Parsing took 0 ms 
377825     DEBUG Test worker     d.u.i.k.n.KeyIO           Load declarations of de.uka.ilkd.key.nparser.KeyAst$File:  <unknown>:1#1 
377825     INFO  Test worker     d.u.i.k.n.KeyIO           MODE: declarations took 0 ms 
377825     DEBUG Test worker     d.u.i.k.n.KeyIO           MODE: 2nd degree decls took 0 
377826     INFO  Test worker     d.u.i.k.n.KeyIO           Parsing took 0 ms 
377826     DEBUG Test worker     d.u.i.k.n.KeyIO           Load declarations of de.uka.ilkd.key.nparser.KeyAst$File:  <unknown>:1#1 
377826     INFO  Test worker     d.u.i.k.n.KeyIO           MODE: declarations took 0 ms 
377826     DEBUG Test worker     d.u.i.k.n.KeyIO           MODE: 2nd degree decls took 0 
377826     INFO  Test worker     d.u.i.k.n.KeyIO           Parsing took 0 ms 
377827     DEBUG Test worker     d.u.i.k.n.KeyIO           Load declarations of de.uka.ilkd.key.nparser.KeyAst$File:  <unknown>:1#1 
377829     INFO  Test worker     d.u.i.k.n.KeyIO           MODE: declarations took 2 ms 
377829     DEBUG Test worker     d.u.i.k.n.KeyIO           MODE: 2nd degree decls took 0 
377829     INFO  Test worker     d.u.i.k.n.KeyIO           Parsing took 0 ms 
377830     DEBUG Test worker     d.u.i.k.n.KeyIO           Load declarations of de.uka.ilkd.key.nparser.KeyAst$File:  <unknown>:1#1 
377830     INFO  Test worker     d.u.i.k.n.KeyIO           MODE: declarations took 0 ms 
377830     DEBUG Test worker     d.u.i.k.n.KeyIO           MODE: 2nd degree decls took 0 
377830     INFO  Test worker     d.u.i.k.n.KeyIO           Parsing took 0 ms 
377830     DEBUG Test worker     d.u.i.k.n.KeyIO           Load declarations of de.uka.ilkd.key.nparser.KeyAst$File:  <unknown>:1#1 
377831     INFO  Test worker     d.u.i.k.n.KeyIO           MODE: declarations took 1 ms 
377831     DEBUG Test worker     d.u.i.k.n.KeyIO           MODE: 2nd degree decls took 0 
381144     INFO  Test worker     d.u.i.k.n.KeyIO           Parsing took 0 ms 
381144     DEBUG Test worker     d.u.i.k.n.KeyIO           Load declarations of de.uka.ilkd.key.nparser.KeyAst$File:  <unknown>:1#1 
381144     INFO  Test worker     d.u.i.k.n.KeyIO           MODE: declarations took 0 ms 
381144     DEBUG Test worker     d.u.i.k.n.KeyIO           MODE: 2nd degree decls took 0 
381144     INFO  Test worker     d.u.i.k.n.KeyIO           Parsing took 0 ms 
381144     DEBUG Test worker     d.u.i.k.n.KeyIO           Load declarations of de.uka.ilkd.key.nparser.KeyAst$File:  <unknown>:1#1 
381144     INFO  Test worker     d.u.i.k.n.KeyIO           MODE: declarations took 0 ms 
381144     DEBUG Test worker     d.u.i.k.n.KeyIO           MODE: 2nd degree decls took 0 
381144     INFO  Test worker     d.u.i.k.n.KeyIO           Parsing took 0 ms 
381144     DEBUG Test worker     d.u.i.k.n.KeyIO           Load declarations of de.uka.ilkd.key.nparser.KeyAst$File:  <unknown>:1#1 
381144     INFO  Test worker     d.u.i.k.n.KeyIO           MODE: declarations took 0 ms 
381144     DEBUG Test worker     d.u.i.k.n.KeyIO           MODE: 2nd degree decls took 0 
381144     INFO  Test worker     d.u.i.k.n.KeyIO           Parsing took 0 ms 
381144     DEBUG Test worker     d.u.i.k.n.KeyIO           Load declarations of de.uka.ilkd.key.nparser.KeyAst$File:  <unknown>:1#1 
381144     INFO  Test worker     d.u.i.k.n.KeyIO           MODE: declarations took 0 ms 
381144     DEBUG Test worker     d.u.i.k.n.KeyIO           MODE: 2nd degree decls took 0 
381144     INFO  Test worker     d.u.i.k.n.KeyIO           Parsing took 0 ms 
381144     DEBUG Test worker     d.u.i.k.n.KeyIO           Load declarations of de.uka.ilkd.key.nparser.KeyAst$File:  <unknown>:1#1 
381144     INFO  Test worker     d.u.i.k.n.KeyIO           MODE: declarations took 0 ms 
381144     DEBUG Test worker     d.u.i.k.n.KeyIO           MODE: 2nd degree decls took 0 
384515     INFO  Test worker     d.u.i.k.n.KeyIO           Parsing took 0 ms 
384515     DEBUG Test worker     d.u.i.k.n.KeyIO           Load declarations of de.uka.ilkd.key.nparser.KeyAst$File:  <unknown>:1#1 
384515     INFO  Test worker     d.u.i.k.n.KeyIO           MODE: declarations took 0 ms 
384516     DEBUG Test worker     d.u.i.k.n.KeyIO           MODE: 2nd degree decls took 1 
384516     INFO  Test worker     d.u.i.k.n.KeyIO           Parsing took 0 ms 
384516     DEBUG Test worker     d.u.i.k.n.KeyIO           Load declarations of de.uka.ilkd.key.nparser.KeyAst$File:  <unknown>:1#1 
384516     INFO  Test worker     d.u.i.k.n.KeyIO           MODE: declarations took 0 ms 
384516     DEBUG Test worker     d.u.i.k.n.KeyIO           MODE: 2nd degree decls took 0 
384516     INFO  Test worker     d.u.i.k.n.KeyIO           Parsing took 0 ms 
384516     DEBUG Test worker     d.u.i.k.n.KeyIO           Load declarations of de.uka.ilkd.key.nparser.KeyAst$File:  <unknown>:1#1 
384516     INFO  Test worker     d.u.i.k.n.KeyIO           MODE: declarations took 0 ms 
384516     DEBUG Test worker     d.u.i.k.n.KeyIO           MODE: 2nd degree decls took 0 
384516     INFO  Test worker     d.u.i.k.n.KeyIO           Parsing took 0 ms 
384516     DEBUG Test worker     d.u.i.k.n.KeyIO           Load declarations of de.uka.ilkd.key.nparser.KeyAst$File:  <unknown>:1#1 
384516     INFO  Test worker     d.u.i.k.n.KeyIO           MODE: declarations took 0 ms 
384516     DEBUG Test worker     d.u.i.k.n.KeyIO           MODE: 2nd degree decls took 0 
384516     INFO  Test worker     d.u.i.k.n.KeyIO           Parsing took 0 ms 
384516     DEBUG Test worker     d.u.i.k.n.KeyIO           Load declarations of de.uka.ilkd.key.nparser.KeyAst$File:  <unknown>:1#1 
384516     INFO  Test worker     d.u.i.k.n.KeyIO           MODE: declarations took 0 ms 
384516     DEBUG Test worker     d.u.i.k.n.KeyIO           MODE: 2nd degree decls took 0 
387945     INFO  Test worker     d.u.i.k.n.KeyIO           Parsing took 0 ms 
387945     DEBUG Test worker     d.u.i.k.n.KeyIO           Load declarations of de.uka.ilkd.key.nparser.KeyAst$File:  <unknown>:1#1 
387945     INFO  Test worker     d.u.i.k.n.KeyIO           MODE: declarations took 0 ms 
387945     DEBUG Test worker     d.u.i.k.n.KeyIO           MODE: 2nd degree decls took 0 
387945     INFO  Test worker     d.u.i.k.n.KeyIO           Parsing took 0 ms 
387945     DEBUG Test worker     d.u.i.k.n.KeyIO           Load declarations of de.uka.ilkd.key.nparser.KeyAst$File:  <unknown>:1#1 
387945     INFO  Test worker     d.u.i.k.n.KeyIO           MODE: declarations took 0 ms 
387946     DEBUG Test worker     d.u.i.k.n.KeyIO           MODE: 2nd degree decls took 0 
387946     INFO  Test worker     d.u.i.k.n.KeyIO           Parsing took 0 ms 
387946     DEBUG Test worker     d.u.i.k.n.KeyIO           Load declarations of de.uka.ilkd.key.nparser.KeyAst$File:  <unknown>:1#1 
387946     INFO  Test worker     d.u.i.k.n.KeyIO           MODE: declarations took 0 ms 
387946     DEBUG Test worker     d.u.i.k.n.KeyIO           MODE: 2nd degree decls took 0 
387946     INFO  Test worker     d.u.i.k.n.KeyIO           Parsing took 0 ms 
387946     DEBUG Test worker     d.u.i.k.n.KeyIO           Load declarations of de.uka.ilkd.key.nparser.KeyAst$File:  <unknown>:1#1 
387946     INFO  Test worker     d.u.i.k.n.KeyIO           MODE: declarations took 0 ms 
387946     DEBUG Test worker     d.u.i.k.n.KeyIO           MODE: 2nd degree decls took 0 
387946     INFO  Test worker     d.u.i.k.n.KeyIO           Parsing took 0 ms 
387946     DEBUG Test worker     d.u.i.k.n.KeyIO           Load declarations of de.uka.ilkd.key.nparser.KeyAst$File:  <unknown>:1#1 
387946     INFO  Test worker     d.u.i.k.n.KeyIO           MODE: declarations took 0 ms 
387946     DEBUG Test worker     d.u.i.k.n.KeyIO           MODE: 2nd degree decls took 0 
391385     INFO  Test worker     d.u.i.k.n.KeyIO           Parsing took 0 ms 
391385     DEBUG Test worker     d.u.i.k.n.KeyIO           Load declarations of de.uka.ilkd.key.nparser.KeyAst$File:  <unknown>:1#1 
391385     INFO  Test worker     d.u.i.k.n.KeyIO           MODE: declarations took 0 ms 
391385     DEBUG Test worker     d.u.i.k.n.KeyIO           MODE: 2nd degree decls took 0 
391385     INFO  Test worker     d.u.i.k.n.KeyIO           Parsing took 0 ms 
391385     DEBUG Test worker     d.u.i.k.n.KeyIO           Load declarations of de.uka.ilkd.key.nparser.KeyAst$File:  <unknown>:1#1 
391385     INFO  Test worker     d.u.i.k.n.KeyIO           MODE: declarations took 0 ms 
391385     DEBUG Test worker     d.u.i.k.n.KeyIO           MODE: 2nd degree decls took 0 
391385     INFO  Test worker     d.u.i.k.n.KeyIO           Parsing took 0 ms 
391385     DEBUG Test worker     d.u.i.k.n.KeyIO           Load declarations of de.uka.ilkd.key.nparser.KeyAst$File:  <unknown>:1#1 
391385     INFO  Test worker     d.u.i.k.n.KeyIO           MODE: declarations took 0 ms 
391385     DEBUG Test worker     d.u.i.k.n.KeyIO           MODE: 2nd degree decls took 0 
391385     INFO  Test worker     d.u.i.k.n.KeyIO           Parsing took 0 ms 
391385     DEBUG Test worker     d.u.i.k.n.KeyIO           Load declarations of de.uka.ilkd.key.nparser.KeyAst$File:  <unknown>:1#1 
391385     INFO  Test worker     d.u.i.k.n.KeyIO           MODE: declarations took 0 ms 
391385     DEBUG Test worker     d.u.i.k.n.KeyIO           MODE: 2nd degree decls took 0 
391385     INFO  Test worker     d.u.i.k.n.KeyIO           Parsing took 0 ms 
391385     DEBUG Test worker     d.u.i.k.n.KeyIO           Load declarations of de.uka.ilkd.key.nparser.KeyAst$File:  <unknown>:1#1 
391385     INFO  Test worker     d.u.i.k.n.KeyIO           MODE: declarations took 0 ms 
391385     DEBUG Test worker     d.u.i.k.n.KeyIO           MODE: 2nd degree decls took 0 
394785     INFO  Test worker     d.u.i.k.n.KeyIO           Parsing took 0 ms 
394785     DEBUG Test worker     d.u.i.k.n.KeyIO           Load declarations of de.uka.ilkd.key.nparser.KeyAst$File:  <unknown>:1#1 
394785     INFO  Test worker     d.u.i.k.n.KeyIO           MODE: declarations took 0 ms 
394785     DEBUG Test worker     d.u.i.k.n.KeyIO           MODE: 2nd degree decls took 0 
394785     INFO  Test worker     d.u.i.k.n.KeyIO           Parsing took 0 ms 
394785     DEBUG Test worker     d.u.i.k.n.KeyIO           Load declarations of de.uka.ilkd.key.nparser.KeyAst$File:  <unknown>:1#1 
394785     INFO  Test worker     d.u.i.k.n.KeyIO           MODE: declarations took 0 ms 
394785     DEBUG Test worker     d.u.i.k.n.KeyIO           MODE: 2nd degree decls took 0 
394785     INFO  Test worker     d.u.i.k.n.KeyIO           Parsing took 0 ms 
394786     DEBUG Test worker     d.u.i.k.n.KeyIO           Load declarations of de.uka.ilkd.key.nparser.KeyAst$File:  <unknown>:1#1 
394786     INFO  Test worker     d.u.i.k.n.KeyIO           MODE: declarations took 0 ms 
394786     DEBUG Test worker     d.u.i.k.n.KeyIO           MODE: 2nd degree decls took 0 
394786     INFO  Test worker     d.u.i.k.n.KeyIO           Parsing took 0 ms 
394786     DEBUG Test worker     d.u.i.k.n.KeyIO           Load declarations of de.uka.ilkd.key.nparser.KeyAst$File:  <unknown>:1#1 
394786     INFO  Test worker     d.u.i.k.n.KeyIO           MODE: declarations took 0 ms 
394786     DEBUG Test worker     d.u.i.k.n.KeyIO           MODE: 2nd degree decls took 0 
394786     INFO  Test worker     d.u.i.k.n.KeyIO           Parsing took 0 ms 
394786     DEBUG Test worker     d.u.i.k.n.KeyIO           Load declarations of de.uka.ilkd.key.nparser.KeyAst$File:  <unknown>:1#1 
394786     INFO  Test worker     d.u.i.k.n.KeyIO           MODE: declarations took 0 ms 
394786     DEBUG Test worker     d.u.i.k.n.KeyIO           MODE: 2nd degree decls took 0 
398201     INFO  Test worker     d.u.i.k.n.KeyIO           Parsing took 0 ms 
398201     DEBUG Test worker     d.u.i.k.n.KeyIO           Load declarations of de.uka.ilkd.key.nparser.KeyAst$File:  <unknown>:1#1 
398201     INFO  Test worker     d.u.i.k.n.KeyIO           MODE: declarations took 0 ms 
398201     DEBUG Test worker     d.u.i.k.n.KeyIO           MODE: 2nd degree decls took 0 
398201     INFO  Test worker     d.u.i.k.n.KeyIO           Parsing took 0 ms 
398201     DEBUG Test worker     d.u.i.k.n.KeyIO           Load declarations of de.uka.ilkd.key.nparser.KeyAst$File:  <unknown>:1#1 
398201     INFO  Test worker     d.u.i.k.n.KeyIO           MODE: declarations took 0 ms 
398201     DEBUG Test worker     d.u.i.k.n.KeyIO           MODE: 2nd degree decls took 0 
398201     INFO  Test worker     d.u.i.k.n.KeyIO           Parsing took 0 ms 
398201     DEBUG Test worker     d.u.i.k.n.KeyIO           Load declarations of de.uka.ilkd.key.nparser.KeyAst$File:  <unknown>:1#1 
398201     INFO  Test worker     d.u.i.k.n.KeyIO           MODE: declarations took 0 ms 
398201     DEBUG Test worker     d.u.i.k.n.KeyIO           MODE: 2nd degree decls took 0 
398201     INFO  Test worker     d.u.i.k.n.KeyIO           Parsing took 0 ms 
398201     DEBUG Test worker     d.u.i.k.n.KeyIO           Load declarations of de.uka.ilkd.key.nparser.KeyAst$File:  <unknown>:1#1 
398201     INFO  Test worker     d.u.i.k.n.KeyIO           MODE: declarations took 0 ms 
398201     DEBUG Test worker     d.u.i.k.n.KeyIO           MODE: 2nd degree decls took 0 
398202     INFO  Test worker     d.u.i.k.n.KeyIO           Parsing took 1 ms 
398202     DEBUG Test worker     d.u.i.k.n.KeyIO           Load declarations of de.uka.ilkd.key.nparser.KeyAst$File:  <unknown>:1#1 
398202     INFO  Test worker     d.u.i.k.n.KeyIO           MODE: declarations took 0 ms 
398202     DEBUG Test worker     d.u.i.k.n.KeyIO           MODE: 2nd degree decls took 0 
401594     INFO  Test worker     d.u.i.k.n.KeyIO           Parsing took 0 ms 
401595     DEBUG Test worker     d.u.i.k.n.KeyIO           Load declarations of de.uka.ilkd.key.nparser.KeyAst$File:  <unknown>:1#1 
401595     INFO  Test worker     d.u.i.k.n.KeyIO           MODE: declarations took 0 ms 
401595     DEBUG Test worker     d.u.i.k.n.KeyIO           MODE: 2nd degree decls took 0 
401595     INFO  Test worker     d.u.i.k.n.KeyIO           Parsing took 0 ms 
401595     DEBUG Test worker     d.u.i.k.n.KeyIO           Load declarations of de.uka.ilkd.key.nparser.KeyAst$File:  <unknown>:1#1 
401595     INFO  Test worker     d.u.i.k.n.KeyIO           MODE: declarations took 0 ms 
401595     DEBUG Test worker     d.u.i.k.n.KeyIO           MODE: 2nd degree decls took 0 
401595     INFO  Test worker     d.u.i.k.n.KeyIO           Parsing took 0 ms 
401595     DEBUG Test worker     d.u.i.k.n.KeyIO           Load declarations of de.uka.ilkd.key.nparser.KeyAst$File:  <unknown>:1#1 
401595     INFO  Test worker     d.u.i.k.n.KeyIO           MODE: declarations took 0 ms 
401595     DEBUG Test worker     d.u.i.k.n.KeyIO           MODE: 2nd degree decls took 0 
401595     INFO  Test worker     d.u.i.k.n.KeyIO           Parsing took 0 ms 
401595     DEBUG Test worker     d.u.i.k.n.KeyIO           Load declarations of de.uka.ilkd.key.nparser.KeyAst$File:  <unknown>:1#1 
401595     INFO  Test worker     d.u.i.k.n.KeyIO           MODE: declarations took 0 ms 
401595     DEBUG Test worker     d.u.i.k.n.KeyIO           MODE: 2nd degree decls took 0 
401595     INFO  Test worker     d.u.i.k.n.KeyIO           Parsing took 0 ms 
401595     DEBUG Test worker     d.u.i.k.n.KeyIO           Load declarations of de.uka.ilkd.key.nparser.KeyAst$File:  <unknown>:1#1 
401595     INFO  Test worker     d.u.i.k.n.KeyIO           MODE: declarations took 0 ms 
401595     DEBUG Test worker     d.u.i.k.n.KeyIO           MODE: 2nd degree decls took 0 
405008     INFO  Test worker     d.u.i.k.n.KeyIO           Parsing took 0 ms 
405008     DEBUG Test worker     d.u.i.k.n.KeyIO           Load declarations of de.uka.ilkd.key.nparser.KeyAst$File:  <unknown>:1#1 
405009     INFO  Test worker     d.u.i.k.n.KeyIO           MODE: declarations took 1 ms 
405009     DEBUG Test worker     d.u.i.k.n.KeyIO           MODE: 2nd degree decls took 0 
405009     INFO  Test worker     d.u.i.k.n.KeyIO           Parsing took 0 ms 
405009     DEBUG Test worker     d.u.i.k.n.KeyIO           Load declarations of de.uka.ilkd.key.nparser.KeyAst$File:  <unknown>:1#1 
405009     INFO  Test worker     d.u.i.k.n.KeyIO           MODE: declarations took 0 ms 
405009     DEBUG Test worker     d.u.i.k.n.KeyIO           MODE: 2nd degree decls took 0 
405009     INFO  Test worker     d.u.i.k.n.KeyIO           Parsing took 0 ms 
405009     DEBUG Test worker     d.u.i.k.n.KeyIO           Load declarations of de.uka.ilkd.key.nparser.KeyAst$File:  <unknown>:1#1 
405009     INFO  Test worker     d.u.i.k.n.KeyIO           MODE: declarations took 0 ms 
405009     DEBUG Test worker     d.u.i.k.n.KeyIO           MODE: 2nd degree decls took 0 
405009     INFO  Test worker     d.u.i.k.n.KeyIO           Parsing took 0 ms 
405009     DEBUG Test worker     d.u.i.k.n.KeyIO           Load declarations of de.uka.ilkd.key.nparser.KeyAst$File:  <unknown>:1#1 
405009     INFO  Test worker     d.u.i.k.n.KeyIO           MODE: declarations took 0 ms 
405009     DEBUG Test worker     d.u.i.k.n.KeyIO           MODE: 2nd degree decls took 0 
405009     INFO  Test worker     d.u.i.k.n.KeyIO           Parsing took 0 ms 
405009     DEBUG Test worker     d.u.i.k.n.KeyIO           Load declarations of de.uka.ilkd.key.nparser.KeyAst$File:  <unknown>:1#1 
405009     INFO  Test worker     d.u.i.k.n.KeyIO           MODE: declarations took 0 ms 
405009     DEBUG Test worker     d.u.i.k.n.KeyIO           MODE: 2nd degree decls took 0 
408432     INFO  Test worker     d.u.i.k.n.KeyIO           Parsing took 0 ms 
408432     DEBUG Test worker     d.u.i.k.n.KeyIO           Load declarations of de.uka.ilkd.key.nparser.KeyAst$File:  <unknown>:1#1 
408432     INFO  Test worker     d.u.i.k.n.KeyIO           MODE: declarations took 0 ms 
408432     DEBUG Test worker     d.u.i.k.n.KeyIO           MODE: 2nd degree decls took 0 
408432     INFO  Test worker     d.u.i.k.n.KeyIO           Parsing took 0 ms 
408432     DEBUG Test worker     d.u.i.k.n.KeyIO           Load declarations of de.uka.ilkd.key.nparser.KeyAst$File:  <unknown>:1#1 
408432     INFO  Test worker     d.u.i.k.n.KeyIO           MODE: declarations took 0 ms 
408432     DEBUG Test worker     d.u.i.k.n.KeyIO           MODE: 2nd degree decls took 0 
408432     INFO  Test worker     d.u.i.k.n.KeyIO           Parsing took 0 ms 
408432     DEBUG Test worker     d.u.i.k.n.KeyIO           Load declarations of de.uka.ilkd.key.nparser.KeyAst$File:  <unknown>:1#1 
408432     INFO  Test worker     d.u.i.k.n.KeyIO           MODE: declarations took 0 ms 
408432     DEBUG Test worker     d.u.i.k.n.KeyIO           MODE: 2nd degree decls took 0 
408432     INFO  Test worker     d.u.i.k.n.KeyIO           Parsing took 0 ms 
408432     DEBUG Test worker     d.u.i.k.n.KeyIO           Load declarations of de.uka.ilkd.key.nparser.KeyAst$File:  <unknown>:1#1 
408432     INFO  Test worker     d.u.i.k.n.KeyIO           MODE: declarations took 0 ms 
408433     DEBUG Test worker     d.u.i.k.n.KeyIO           MODE: 2nd degree decls took 0 
408433     INFO  Test worker     d.u.i.k.n.KeyIO           Parsing took 0 ms 
408434     DEBUG Test worker     d.u.i.k.n.KeyIO           Load declarations of de.uka.ilkd.key.nparser.KeyAst$File:  <unknown>:1#1 
408434     INFO  Test worker     d.u.i.k.n.KeyIO           MODE: declarations took 0 ms 
408434     DEBUG Test worker     d.u.i.k.n.KeyIO           MODE: 2nd degree decls took 0 
408435     WARN  Test worker     d.u.i.k.n.KeYParser       [syntax-error] <unknown>:1:11: mismatched input '@' expecting {'/', ':=', '.', '(', ')', '{', '[', '@', PARALLEL, OR, AND, IMP, '=', NOT_EQUALS, '%', '*', '-', '+', '>', GREATEREQUAL, '<', LESSEQUAL, LGUILLEMETS, EQV} [@11,11:11='@',<153>,1:11] (termEOF) 
411845     INFO  Test worker     d.u.i.k.n.KeyIO           Parsing took 0 ms 
411846     DEBUG Test worker     d.u.i.k.n.KeyIO           Load declarations of de.uka.ilkd.key.nparser.KeyAst$File:  <unknown>:1#1 
411846     INFO  Test worker     d.u.i.k.n.KeyIO           MODE: declarations took 0 ms 
411846     DEBUG Test worker     d.u.i.k.n.KeyIO           MODE: 2nd degree decls took 0 
411846     INFO  Test worker     d.u.i.k.n.KeyIO           Parsing took 0 ms 
411846     DEBUG Test worker     d.u.i.k.n.KeyIO           Load declarations of de.uka.ilkd.key.nparser.KeyAst$File:  <unknown>:1#1 
411846     INFO  Test worker     d.u.i.k.n.KeyIO           MODE: declarations took 0 ms 
411846     DEBUG Test worker     d.u.i.k.n.KeyIO           MODE: 2nd degree decls took 0 
411846     INFO  Test worker     d.u.i.k.n.KeyIO           Parsing took 0 ms 
411846     DEBUG Test worker     d.u.i.k.n.KeyIO           Load declarations of de.uka.ilkd.key.nparser.KeyAst$File:  <unknown>:1#1 
411846     INFO  Test worker     d.u.i.k.n.KeyIO           MODE: declarations took 0 ms 
411846     DEBUG Test worker     d.u.i.k.n.KeyIO           MODE: 2nd degree decls took 0 
411846     INFO  Test worker     d.u.i.k.n.KeyIO           Parsing took 0 ms 
411846     DEBUG Test worker     d.u.i.k.n.KeyIO           Load declarations of de.uka.ilkd.key.nparser.KeyAst$File:  <unknown>:1#1 
411846     INFO  Test worker     d.u.i.k.n.KeyIO           MODE: declarations took 0 ms 
411846     DEBUG Test worker     d.u.i.k.n.KeyIO           MODE: 2nd degree decls took 0 
411846     INFO  Test worker     d.u.i.k.n.KeyIO           Parsing took 0 ms 
411846     DEBUG Test worker     d.u.i.k.n.KeyIO           Load declarations of de.uka.ilkd.key.nparser.KeyAst$File:  <unknown>:1#1 
411846     INFO  Test worker     d.u.i.k.n.KeyIO           MODE: declarations took 0 ms 
411846     DEBUG Test worker     d.u.i.k.n.KeyIO           MODE: 2nd degree decls took 0 
415168     INFO  Test worker     d.u.i.k.n.KeyIO           Parsing took 0 ms 
415169     DEBUG Test worker     d.u.i.k.n.KeyIO           Load declarations of de.uka.ilkd.key.nparser.KeyAst$File:  <unknown>:1#1 
415169     INFO  Test worker     d.u.i.k.n.KeyIO           MODE: declarations took 0 ms 
415169     DEBUG Test worker     d.u.i.k.n.KeyIO           MODE: 2nd degree decls took 0 
415169     INFO  Test worker     d.u.i.k.n.KeyIO           Parsing took 0 ms 
415169     DEBUG Test worker     d.u.i.k.n.KeyIO           Load declarations of de.uka.ilkd.key.nparser.KeyAst$File:  <unknown>:1#1 
415169     INFO  Test worker     d.u.i.k.n.KeyIO           MODE: declarations took 0 ms 
415169     DEBUG Test worker     d.u.i.k.n.KeyIO           MODE: 2nd degree decls took 0 
415169     INFO  Test worker     d.u.i.k.n.KeyIO           Parsing took 0 ms 
415169     DEBUG Test worker     d.u.i.k.n.KeyIO           Load declarations of de.uka.ilkd.key.nparser.KeyAst$File:  <unknown>:1#1 
415169     INFO  Test worker     d.u.i.k.n.KeyIO           MODE: declarations took 0 ms 
415169     DEBUG Test worker     d.u.i.k.n.KeyIO           MODE: 2nd degree decls took 0 
415169     INFO  Test worker     d.u.i.k.n.KeyIO           Parsing took 0 ms 
415169     DEBUG Test worker     d.u.i.k.n.KeyIO           Load declarations of de.uka.ilkd.key.nparser.KeyAst$File:  <unknown>:1#1 
415169     INFO  Test worker     d.u.i.k.n.KeyIO           MODE: declarations took 0 ms 
415169     DEBUG Test worker     d.u.i.k.n.KeyIO           MODE: 2nd degree decls took 0 
415169     INFO  Test worker     d.u.i.k.n.KeyIO           Parsing took 0 ms 
415169     DEBUG Test worker     d.u.i.k.n.KeyIO           Load declarations of de.uka.ilkd.key.nparser.KeyAst$File:  <unknown>:1#1 
415169     INFO  Test worker     d.u.i.k.n.KeyIO           MODE: declarations took 0 ms 
415169     DEBUG Test worker     d.u.i.k.n.KeyIO           MODE: 2nd degree decls took 0 
418589     INFO  Test worker     d.u.i.k.n.KeyIO           Parsing took 0 ms 
418590     DEBUG Test worker     d.u.i.k.n.KeyIO           Load declarations of de.uka.ilkd.key.nparser.KeyAst$File:  <unknown>:1#1 
418590     INFO  Test worker     d.u.i.k.n.KeyIO           MODE: declarations took 0 ms 
418590     DEBUG Test worker     d.u.i.k.n.KeyIO           MODE: 2nd degree decls took 0 
418590     INFO  Test worker     d.u.i.k.n.KeyIO           Parsing took 0 ms 
418590     DEBUG Test worker     d.u.i.k.n.KeyIO           Load declarations of de.uka.ilkd.key.nparser.KeyAst$File:  <unknown>:1#1 
418590     INFO  Test worker     d.u.i.k.n.KeyIO           MODE: declarations took 0 ms 
418590     DEBUG Test worker     d.u.i.k.n.KeyIO           MODE: 2nd degree decls took 0 
418590     INFO  Test worker     d.u.i.k.n.KeyIO           Parsing took 0 ms 
418590     DEBUG Test worker     d.u.i.k.n.KeyIO           Load declarations of de.uka.ilkd.key.nparser.KeyAst$File:  <unknown>:1#1 
418590     INFO  Test worker     d.u.i.k.n.KeyIO           MODE: declarations took 0 ms 
418590     DEBUG Test worker     d.u.i.k.n.KeyIO           MODE: 2nd degree decls took 0 
418590     INFO  Test worker     d.u.i.k.n.KeyIO           Parsing took 0 ms 
418590     DEBUG Test worker     d.u.i.k.n.KeyIO           Load declarations of de.uka.ilkd.key.nparser.KeyAst$File:  <unknown>:1#1 
418590     INFO  Test worker     d.u.i.k.n.KeyIO           MODE: declarations took 0 ms 
418590     DEBUG Test worker     d.u.i.k.n.KeyIO           MODE: 2nd degree decls took 0 
418590     INFO  Test worker     d.u.i.k.n.KeyIO           Parsing took 0 ms 
418590     DEBUG Test worker     d.u.i.k.n.KeyIO           Load declarations of de.uka.ilkd.key.nparser.KeyAst$File:  <unknown>:1#1 
418590     INFO  Test worker     d.u.i.k.n.KeyIO           MODE: declarations took 0 ms 
418590     DEBUG Test worker     d.u.i.k.n.KeyIO           MODE: 2nd degree decls took 0 
422009     INFO  Test worker     d.u.i.k.n.KeyIO           Parsing took 0 ms 
422009     DEBUG Test worker     d.u.i.k.n.KeyIO           Load declarations of de.uka.ilkd.key.nparser.KeyAst$File:  <unknown>:1#1 
422009     INFO  Test worker     d.u.i.k.n.KeyIO           MODE: declarations took 0 ms 
422009     DEBUG Test worker     d.u.i.k.n.KeyIO           MODE: 2nd degree decls took 0 
422009     INFO  Test worker     d.u.i.k.n.KeyIO           Parsing took 0 ms 
422009     DEBUG Test worker     d.u.i.k.n.KeyIO           Load declarations of de.uka.ilkd.key.nparser.KeyAst$File:  <unknown>:1#1 
422009     INFO  Test worker     d.u.i.k.n.KeyIO           MODE: declarations took 0 ms 
422009     DEBUG Test worker     d.u.i.k.n.KeyIO           MODE: 2nd degree decls took 0 
422009     INFO  Test worker     d.u.i.k.n.KeyIO           Parsing took 0 ms 
422009     DEBUG Test worker     d.u.i.k.n.KeyIO           Load declarations of de.uka.ilkd.key.nparser.KeyAst$File:  <unknown>:1#1 
422009     INFO  Test worker     d.u.i.k.n.KeyIO           MODE: declarations took 0 ms 
422009     DEBUG Test worker     d.u.i.k.n.KeyIO           MODE: 2nd degree decls took 0 
422009     INFO  Test worker     d.u.i.k.n.KeyIO           Parsing took 0 ms 
422009     DEBUG Test worker     d.u.i.k.n.KeyIO           Load declarations of de.uka.ilkd.key.nparser.KeyAst$File:  <unknown>:1#1 
422009     INFO  Test worker     d.u.i.k.n.KeyIO           MODE: declarations took 0 ms 
422009     DEBUG Test worker     d.u.i.k.n.KeyIO           MODE: 2nd degree decls took 0 
422009     INFO  Test worker     d.u.i.k.n.KeyIO           Parsing took 0 ms 
422009     DEBUG Test worker     d.u.i.k.n.KeyIO           Load declarations of de.uka.ilkd.key.nparser.KeyAst$File:  <unknown>:1#1 
422009     INFO  Test worker     d.u.i.k.n.KeyIO           MODE: declarations took 0 ms 
422009     DEBUG Test worker     d.u.i.k.n.KeyIO           MODE: 2nd degree decls took 0 
425466     INFO  Test worker     d.u.i.k.n.KeyIO           Parsing took 0 ms 
425466     DEBUG Test worker     d.u.i.k.n.KeyIO           Load declarations of de.uka.ilkd.key.nparser.KeyAst$File:  <unknown>:1#1 
425466     INFO  Test worker     d.u.i.k.n.KeyIO           MODE: declarations took 0 ms 
425466     DEBUG Test worker     d.u.i.k.n.KeyIO           MODE: 2nd degree decls took 0 
425466     INFO  Test worker     d.u.i.k.n.KeyIO           Parsing took 0 ms 
425466     DEBUG Test worker     d.u.i.k.n.KeyIO           Load declarations of de.uka.ilkd.key.nparser.KeyAst$File:  <unknown>:1#1 
425466     INFO  Test worker     d.u.i.k.n.KeyIO           MODE: declarations took 0 ms 
425466     DEBUG Test worker     d.u.i.k.n.KeyIO           MODE: 2nd degree decls took 0 
425466     INFO  Test worker     d.u.i.k.n.KeyIO           Parsing took 0 ms 
425466     DEBUG Test worker     d.u.i.k.n.KeyIO           Load declarations of de.uka.ilkd.key.nparser.KeyAst$File:  <unknown>:1#1 
425466     INFO  Test worker     d.u.i.k.n.KeyIO           MODE: declarations took 0 ms 
425466     DEBUG Test worker     d.u.i.k.n.KeyIO           MODE: 2nd degree decls took 0 
425466     INFO  Test worker     d.u.i.k.n.KeyIO           Parsing took 0 ms 
425466     DEBUG Test worker     d.u.i.k.n.KeyIO           Load declarations of de.uka.ilkd.key.nparser.KeyAst$File:  <unknown>:1#1 
425466     INFO  Test worker     d.u.i.k.n.KeyIO           MODE: declarations took 0 ms 
425466     DEBUG Test worker     d.u.i.k.n.KeyIO           MODE: 2nd degree decls took 0 
425466     INFO  Test worker     d.u.i.k.n.KeyIO           Parsing took 0 ms 
425466     DEBUG Test worker     d.u.i.k.n.KeyIO           Load declarations of de.uka.ilkd.key.nparser.KeyAst$File:  <unknown>:1#1 
425466     INFO  Test worker     d.u.i.k.n.KeyIO           MODE: declarations took 0 ms 
425466     DEBUG Test worker     d.u.i.k.n.KeyIO           MODE: 2nd degree decls took 0 
428836     INFO  Test worker     d.u.i.k.n.KeyIO           Parsing took 0 ms 
428837     DEBUG Test worker     d.u.i.k.n.KeyIO           Load declarations of de.uka.ilkd.key.nparser.KeyAst$File:  <unknown>:1#1 
428837     INFO  Test worker     d.u.i.k.n.KeyIO           MODE: declarations took 0 ms 
428837     DEBUG Test worker     d.u.i.k.n.KeyIO           MODE: 2nd degree decls took 0 
428837     INFO  Test worker     d.u.i.k.n.KeyIO           Parsing took 0 ms 
428838     DEBUG Test worker     d.u.i.k.n.KeyIO           Load declarations of de.uka.ilkd.key.nparser.KeyAst$File:  <unknown>:1#1 
428838     INFO  Test worker     d.u.i.k.n.KeyIO           MODE: declarations took 0 ms 
428838     DEBUG Test worker     d.u.i.k.n.KeyIO           MODE: 2nd degree decls took 0 
428838     INFO  Test worker     d.u.i.k.n.KeyIO           Parsing took 0 ms 
428838     DEBUG Test worker     d.u.i.k.n.KeyIO           Load declarations of de.uka.ilkd.key.nparser.KeyAst$File:  <unknown>:1#1 
428839     INFO  Test worker     d.u.i.k.n.KeyIO           MODE: declarations took 1 ms 
428839     DEBUG Test worker     d.u.i.k.n.KeyIO           MODE: 2nd degree decls took 0 
428839     INFO  Test worker     d.u.i.k.n.KeyIO           Parsing took 0 ms 
428839     DEBUG Test worker     d.u.i.k.n.KeyIO           Load declarations of de.uka.ilkd.key.nparser.KeyAst$File:  <unknown>:1#1 
428839     INFO  Test worker     d.u.i.k.n.KeyIO           MODE: declarations took 0 ms 
428839     DEBUG Test worker     d.u.i.k.n.KeyIO           MODE: 2nd degree decls took 0 
428839     INFO  Test worker     d.u.i.k.n.KeyIO           Parsing took 0 ms 
428839     DEBUG Test worker     d.u.i.k.n.KeyIO           Load declarations of de.uka.ilkd.key.nparser.KeyAst$File:  <unknown>:1#1 
428840     INFO  Test worker     d.u.i.k.n.KeyIO           MODE: declarations took 1 ms 
428840     DEBUG Test worker     d.u.i.k.n.KeyIO           MODE: 2nd degree decls took 0 
432256     INFO  Test worker     d.u.i.k.n.KeyIO           Parsing took 0 ms 
432256     DEBUG Test worker     d.u.i.k.n.KeyIO           Load declarations of de.uka.ilkd.key.nparser.KeyAst$File:  <unknown>:1#1 
432256     INFO  Test worker     d.u.i.k.n.KeyIO           MODE: declarations took 0 ms 
432256     DEBUG Test worker     d.u.i.k.n.KeyIO           MODE: 2nd degree decls took 0 
432256     INFO  Test worker     d.u.i.k.n.KeyIO           Parsing took 0 ms 
432256     DEBUG Test worker     d.u.i.k.n.KeyIO           Load declarations of de.uka.ilkd.key.nparser.KeyAst$File:  <unknown>:1#1 
432256     INFO  Test worker     d.u.i.k.n.KeyIO           MODE: declarations took 0 ms 
432256     DEBUG Test worker     d.u.i.k.n.KeyIO           MODE: 2nd degree decls took 0 
432256     INFO  Test worker     d.u.i.k.n.KeyIO           Parsing took 0 ms 
432256     DEBUG Test worker     d.u.i.k.n.KeyIO           Load declarations of de.uka.ilkd.key.nparser.KeyAst$File:  <unknown>:1#1 
432256     INFO  Test worker     d.u.i.k.n.KeyIO           MODE: declarations took 0 ms 
432256     DEBUG Test worker     d.u.i.k.n.KeyIO           MODE: 2nd degree decls took 0 
432256     INFO  Test worker     d.u.i.k.n.KeyIO           Parsing took 0 ms 
432256     DEBUG Test worker     d.u.i.k.n.KeyIO           Load declarations of de.uka.ilkd.key.nparser.KeyAst$File:  <unknown>:1#1 
432256     INFO  Test worker     d.u.i.k.n.KeyIO           MODE: declarations took 0 ms 
432256     DEBUG Test worker     d.u.i.k.n.KeyIO           MODE: 2nd degree decls took 0 
432256     INFO  Test worker     d.u.i.k.n.KeyIO           Parsing took 0 ms 
432256     DEBUG Test worker     d.u.i.k.n.KeyIO           Load declarations of de.uka.ilkd.key.nparser.KeyAst$File:  <unknown>:1#1 
432256     INFO  Test worker     d.u.i.k.n.KeyIO           MODE: declarations took 0 ms 
432256     DEBUG Test worker     d.u.i.k.n.KeyIO           MODE: 2nd degree decls took 0 
435617     INFO  Test worker     d.u.i.k.n.KeyIO           Parsing took 0 ms 
435617     DEBUG Test worker     d.u.i.k.n.KeyIO           Load declarations of de.uka.ilkd.key.nparser.KeyAst$File:  <unknown>:1#1 
435617     INFO  Test worker     d.u.i.k.n.KeyIO           MODE: declarations took 0 ms 
435617     DEBUG Test worker     d.u.i.k.n.KeyIO           MODE: 2nd degree decls took 0 
435617     INFO  Test worker     d.u.i.k.n.KeyIO           Parsing took 0 ms 
435617     DEBUG Test worker     d.u.i.k.n.KeyIO           Load declarations of de.uka.ilkd.key.nparser.KeyAst$File:  <unknown>:1#1 
435617     INFO  Test worker     d.u.i.k.n.KeyIO           MODE: declarations took 0 ms 
435617     DEBUG Test worker     d.u.i.k.n.KeyIO           MODE: 2nd degree decls took 0 
435617     INFO  Test worker     d.u.i.k.n.KeyIO           Parsing took 0 ms 
435617     DEBUG Test worker     d.u.i.k.n.KeyIO           Load declarations of de.uka.ilkd.key.nparser.KeyAst$File:  <unknown>:1#1 
435617     INFO  Test worker     d.u.i.k.n.KeyIO           MODE: declarations took 0 ms 
435617     DEBUG Test worker     d.u.i.k.n.KeyIO           MODE: 2nd degree decls took 0 
435617     INFO  Test worker     d.u.i.k.n.KeyIO           Parsing took 0 ms 
435617     DEBUG Test worker     d.u.i.k.n.KeyIO           Load declarations of de.uka.ilkd.key.nparser.KeyAst$File:  <unknown>:1#1 
435617     INFO  Test worker     d.u.i.k.n.KeyIO           MODE: declarations took 0 ms 
435617     DEBUG Test worker     d.u.i.k.n.KeyIO           MODE: 2nd degree decls took 0 
435617     INFO  Test worker     d.u.i.k.n.KeyIO           Parsing took 0 ms 
435617     DEBUG Test worker     d.u.i.k.n.KeyIO           Load declarations of de.uka.ilkd.key.nparser.KeyAst$File:  <unknown>:1#1 
435617     INFO  Test worker     d.u.i.k.n.KeyIO           MODE: declarations took 0 ms 
435617     DEBUG Test worker     d.u.i.k.n.KeyIO           MODE: 2nd degree decls took 0 
439001     INFO  Test worker     d.u.i.k.n.KeyIO           Parsing took 0 ms 
439001     DEBUG Test worker     d.u.i.k.n.KeyIO           Load declarations of de.uka.ilkd.key.nparser.KeyAst$File:  <unknown>:1#1 
439001     INFO  Test worker     d.u.i.k.n.KeyIO           MODE: declarations took 0 ms 
439001     DEBUG Test worker     d.u.i.k.n.KeyIO           MODE: 2nd degree decls took 0 
439001     INFO  Test worker     d.u.i.k.n.KeyIO           Parsing took 0 ms 
439001     DEBUG Test worker     d.u.i.k.n.KeyIO           Load declarations of de.uka.ilkd.key.nparser.KeyAst$File:  <unknown>:1#1 
439001     INFO  Test worker     d.u.i.k.n.KeyIO           MODE: declarations took 0 ms 
439001     DEBUG Test worker     d.u.i.k.n.KeyIO           MODE: 2nd degree decls took 0 
439001     INFO  Test worker     d.u.i.k.n.KeyIO           Parsing took 0 ms 
439001     DEBUG Test worker     d.u.i.k.n.KeyIO           Load declarations of de.uka.ilkd.key.nparser.KeyAst$File:  <unknown>:1#1 
439001     INFO  Test worker     d.u.i.k.n.KeyIO           MODE: declarations took 0 ms 
439001     DEBUG Test worker     d.u.i.k.n.KeyIO           MODE: 2nd degree decls took 0 
439001     INFO  Test worker     d.u.i.k.n.KeyIO           Parsing took 0 ms 
439001     DEBUG Test worker     d.u.i.k.n.KeyIO           Load declarations of de.uka.ilkd.key.nparser.KeyAst$File:  <unknown>:1#1 
439001     INFO  Test worker     d.u.i.k.n.KeyIO           MODE: declarations took 0 ms 
439001     DEBUG Test worker     d.u.i.k.n.KeyIO           MODE: 2nd degree decls took 0 
439001     INFO  Test worker     d.u.i.k.n.KeyIO           Parsing took 0 ms 
439001     DEBUG Test worker     d.u.i.k.n.KeyIO           Load declarations of de.uka.ilkd.key.nparser.KeyAst$File:  <unknown>:1#1 
439001     INFO  Test worker     d.u.i.k.n.KeyIO           MODE: declarations took 0 ms 
439001     DEBUG Test worker     d.u.i.k.n.KeyIO           MODE: 2nd degree decls took 0 
442415     INFO  Test worker     d.u.i.k.n.KeyIO           Parsing took 0 ms 
442415     DEBUG Test worker     d.u.i.k.n.KeyIO           Load declarations of de.uka.ilkd.key.nparser.KeyAst$File:  <unknown>:1#1 
442415     INFO  Test worker     d.u.i.k.n.KeyIO           MODE: declarations took 0 ms 
442415     DEBUG Test worker     d.u.i.k.n.KeyIO           MODE: 2nd degree decls took 0 
442415     INFO  Test worker     d.u.i.k.n.KeyIO           Parsing took 0 ms 
442415     DEBUG Test worker     d.u.i.k.n.KeyIO           Load declarations of de.uka.ilkd.key.nparser.KeyAst$File:  <unknown>:1#1 
442415     INFO  Test worker     d.u.i.k.n.KeyIO           MODE: declarations took 0 ms 
442415     DEBUG Test worker     d.u.i.k.n.KeyIO           MODE: 2nd degree decls took 0 
442415     INFO  Test worker     d.u.i.k.n.KeyIO           Parsing took 0 ms 
442415     DEBUG Test worker     d.u.i.k.n.KeyIO           Load declarations of de.uka.ilkd.key.nparser.KeyAst$File:  <unknown>:1#1 
442415     INFO  Test worker     d.u.i.k.n.KeyIO           MODE: declarations took 0 ms 
442415     DEBUG Test worker     d.u.i.k.n.KeyIO           MODE: 2nd degree decls took 0 
442415     INFO  Test worker     d.u.i.k.n.KeyIO           Parsing took 0 ms 
442415     DEBUG Test worker     d.u.i.k.n.KeyIO           Load declarations of de.uka.ilkd.key.nparser.KeyAst$File:  <unknown>:1#1 
442415     INFO  Test worker     d.u.i.k.n.KeyIO           MODE: declarations took 0 ms 
442415     DEBUG Test worker     d.u.i.k.n.KeyIO           MODE: 2nd degree decls took 0 
442415     INFO  Test worker     d.u.i.k.n.KeyIO           Parsing took 0 ms 
442415     DEBUG Test worker     d.u.i.k.n.KeyIO           Load declarations of de.uka.ilkd.key.nparser.KeyAst$File:  <unknown>:1#1 
442415     INFO  Test worker     d.u.i.k.n.KeyIO           MODE: declarations took 0 ms 
442415     DEBUG Test worker     d.u.i.k.n.KeyIO           MODE: 2nd degree decls took 0 
445930     INFO  Test worker     d.u.i.k.n.KeyIO           Parsing took 0 ms 
445930     DEBUG Test worker     d.u.i.k.n.KeyIO           Load declarations of de.uka.ilkd.key.nparser.KeyAst$File:  <unknown>:1#1 
445930     INFO  Test worker     d.u.i.k.n.KeyIO           MODE: declarations took 0 ms 
445930     DEBUG Test worker     d.u.i.k.n.KeyIO           MODE: 2nd degree decls took 0 
445930     INFO  Test worker     d.u.i.k.n.KeyIO           Parsing took 0 ms 
445930     DEBUG Test worker     d.u.i.k.n.KeyIO           Load declarations of de.uka.ilkd.key.nparser.KeyAst$File:  <unknown>:1#1 
445930     INFO  Test worker     d.u.i.k.n.KeyIO           MODE: declarations took 0 ms 
445930     DEBUG Test worker     d.u.i.k.n.KeyIO           MODE: 2nd degree decls took 0 
445930     INFO  Test worker     d.u.i.k.n.KeyIO           Parsing took 0 ms 
445930     DEBUG Test worker     d.u.i.k.n.KeyIO           Load declarations of de.uka.ilkd.key.nparser.KeyAst$File:  <unknown>:1#1 
445931     INFO  Test worker     d.u.i.k.n.KeyIO           MODE: declarations took 1 ms 
445931     DEBUG Test worker     d.u.i.k.n.KeyIO           MODE: 2nd degree decls took 0 
445931     INFO  Test worker     d.u.i.k.n.KeyIO           Parsing took 0 ms 
445931     DEBUG Test worker     d.u.i.k.n.KeyIO           Load declarations of de.uka.ilkd.key.nparser.KeyAst$File:  <unknown>:1#1 
445931     INFO  Test worker     d.u.i.k.n.KeyIO           MODE: declarations took 0 ms 
445931     DEBUG Test worker     d.u.i.k.n.KeyIO           MODE: 2nd degree decls took 0 
445931     INFO  Test worker     d.u.i.k.n.KeyIO           Parsing took 0 ms 
445931     DEBUG Test worker     d.u.i.k.n.KeyIO           Load declarations of de.uka.ilkd.key.nparser.KeyAst$File:  <unknown>:1#1 
445931     INFO  Test worker     d.u.i.k.n.KeyIO           MODE: declarations took 0 ms 
445931     DEBUG Test worker     d.u.i.k.n.KeyIO           MODE: 2nd degree decls took 0 
449354     INFO  Test worker     d.u.i.k.n.KeyIO           Parsing took 0 ms 
449354     DEBUG Test worker     d.u.i.k.n.KeyIO           Load declarations of de.uka.ilkd.key.nparser.KeyAst$File:  <unknown>:1#1 
449354     INFO  Test worker     d.u.i.k.n.KeyIO           MODE: declarations took 0 ms 
449354     DEBUG Test worker     d.u.i.k.n.KeyIO           MODE: 2nd degree decls took 0 
449354     INFO  Test worker     d.u.i.k.n.KeyIO           Parsing took 0 ms 
449354     DEBUG Test worker     d.u.i.k.n.KeyIO           Load declarations of de.uka.ilkd.key.nparser.KeyAst$File:  <unknown>:1#1 
449354     INFO  Test worker     d.u.i.k.n.KeyIO           MODE: declarations took 0 ms 
449354     DEBUG Test worker     d.u.i.k.n.KeyIO           MODE: 2nd degree decls took 0 
449354     INFO  Test worker     d.u.i.k.n.KeyIO           Parsing took 0 ms 
449354     DEBUG Test worker     d.u.i.k.n.KeyIO           Load declarations of de.uka.ilkd.key.nparser.KeyAst$File:  <unknown>:1#1 
449354     INFO  Test worker     d.u.i.k.n.KeyIO           MODE: declarations took 0 ms 
449354     DEBUG Test worker     d.u.i.k.n.KeyIO           MODE: 2nd degree decls took 0 
449354     INFO  Test worker     d.u.i.k.n.KeyIO           Parsing took 0 ms 
449354     DEBUG Test worker     d.u.i.k.n.KeyIO           Load declarations of de.uka.ilkd.key.nparser.KeyAst$File:  <unknown>:1#1 
449354     INFO  Test worker     d.u.i.k.n.KeyIO           MODE: declarations took 0 ms 
449354     DEBUG Test worker     d.u.i.k.n.KeyIO           MODE: 2nd degree decls took 0 
449354     INFO  Test worker     d.u.i.k.n.KeyIO           Parsing took 0 ms 
449354     DEBUG Test worker     d.u.i.k.n.KeyIO           Load declarations of de.uka.ilkd.key.nparser.KeyAst$File:  <unknown>:1#1 
449354     INFO  Test worker     d.u.i.k.n.KeyIO           MODE: declarations took 0 ms 
449354     DEBUG Test worker     d.u.i.k.n.KeyIO           MODE: 2nd degree decls took 0 
452795     INFO  Test worker     d.u.i.k.n.KeyIO           Parsing took 0 ms 
452795     DEBUG Test worker     d.u.i.k.n.KeyIO           Load declarations of de.uka.ilkd.key.nparser.KeyAst$File:  <unknown>:1#1 
452795     INFO  Test worker     d.u.i.k.n.KeyIO           MODE: declarations took 0 ms 
452795     DEBUG Test worker     d.u.i.k.n.KeyIO           MODE: 2nd degree decls took 0 
452795     INFO  Test worker     d.u.i.k.n.KeyIO           Parsing took 0 ms 
452795     DEBUG Test worker     d.u.i.k.n.KeyIO           Load declarations of de.uka.ilkd.key.nparser.KeyAst$File:  <unknown>:1#1 
452795     INFO  Test worker     d.u.i.k.n.KeyIO           MODE: declarations took 0 ms 
452795     DEBUG Test worker     d.u.i.k.n.KeyIO           MODE: 2nd degree decls took 0 
452795     INFO  Test worker     d.u.i.k.n.KeyIO           Parsing took 0 ms 
452795     DEBUG Test worker     d.u.i.k.n.KeyIO           Load declarations of de.uka.ilkd.key.nparser.KeyAst$File:  <unknown>:1#1 
452795     INFO  Test worker     d.u.i.k.n.KeyIO           MODE: declarations took 0 ms 
452795     DEBUG Test worker     d.u.i.k.n.KeyIO           MODE: 2nd degree decls took 0 
452795     INFO  Test worker     d.u.i.k.n.KeyIO           Parsing took 0 ms 
452795     DEBUG Test worker     d.u.i.k.n.KeyIO           Load declarations of de.uka.ilkd.key.nparser.KeyAst$File:  <unknown>:1#1 
452795     INFO  Test worker     d.u.i.k.n.KeyIO           MODE: declarations took 0 ms 
452795     DEBUG Test worker     d.u.i.k.n.KeyIO           MODE: 2nd degree decls took 0 
452795     INFO  Test worker     d.u.i.k.n.KeyIO           Parsing took 0 ms 
452795     DEBUG Test worker     d.u.i.k.n.KeyIO           Load declarations of de.uka.ilkd.key.nparser.KeyAst$File:  <unknown>:1#1 
452795     INFO  Test worker     d.u.i.k.n.KeyIO           MODE: declarations took 0 ms 
452795     DEBUG Test worker     d.u.i.k.n.KeyIO           MODE: 2nd degree decls took 0 
456209     INFO  Test worker     d.u.i.k.n.KeyIO           Parsing took 0 ms 
456209     DEBUG Test worker     d.u.i.k.n.KeyIO           Load declarations of de.uka.ilkd.key.nparser.KeyAst$File:  <unknown>:1#1 
456209     INFO  Test worker     d.u.i.k.n.KeyIO           MODE: declarations took 0 ms 
456209     DEBUG Test worker     d.u.i.k.n.KeyIO           MODE: 2nd degree decls took 0 
456209     INFO  Test worker     d.u.i.k.n.KeyIO           Parsing took 0 ms 
456209     DEBUG Test worker     d.u.i.k.n.KeyIO           Load declarations of de.uka.ilkd.key.nparser.KeyAst$File:  <unknown>:1#1 
456209     INFO  Test worker     d.u.i.k.n.KeyIO           MODE: declarations took 0 ms 
456209     DEBUG Test worker     d.u.i.k.n.KeyIO           MODE: 2nd degree decls took 0 
456209     INFO  Test worker     d.u.i.k.n.KeyIO           Parsing took 0 ms 
456209     DEBUG Test worker     d.u.i.k.n.KeyIO           Load declarations of de.uka.ilkd.key.nparser.KeyAst$File:  <unknown>:1#1 
456209     INFO  Test worker     d.u.i.k.n.KeyIO           MODE: declarations took 0 ms 
456209     DEBUG Test worker     d.u.i.k.n.KeyIO           MODE: 2nd degree decls took 0 
456209     INFO  Test worker     d.u.i.k.n.KeyIO           Parsing took 0 ms 
456209     DEBUG Test worker     d.u.i.k.n.KeyIO           Load declarations of de.uka.ilkd.key.nparser.KeyAst$File:  <unknown>:1#1 
456209     INFO  Test worker     d.u.i.k.n.KeyIO           MODE: declarations took 0 ms 
456209     DEBUG Test worker     d.u.i.k.n.KeyIO           MODE: 2nd degree decls took 0 
456209     INFO  Test worker     d.u.i.k.n.KeyIO           Parsing took 0 ms 
456209     DEBUG Test worker     d.u.i.k.n.KeyIO           Load declarations of de.uka.ilkd.key.nparser.KeyAst$File:  <unknown>:1#1 
456209     INFO  Test worker     d.u.i.k.n.KeyIO           MODE: declarations took 0 ms 
456209     DEBUG Test worker     d.u.i.k.n.KeyIO           MODE: 2nd degree decls took 0 
459685     INFO  Test worker     d.u.i.k.n.KeyIO           Parsing took 0 ms 
459685     DEBUG Test worker     d.u.i.k.n.KeyIO           Load declarations of de.uka.ilkd.key.nparser.KeyAst$File:  <unknown>:1#1 
459685     INFO  Test worker     d.u.i.k.n.KeyIO           MODE: declarations took 0 ms 
459685     DEBUG Test worker     d.u.i.k.n.KeyIO           MODE: 2nd degree decls took 0 
459685     INFO  Test worker     d.u.i.k.n.KeyIO           Parsing took 0 ms 
459685     DEBUG Test worker     d.u.i.k.n.KeyIO           Load declarations of de.uka.ilkd.key.nparser.KeyAst$File:  <unknown>:1#1 
459685     INFO  Test worker     d.u.i.k.n.KeyIO           MODE: declarations took 0 ms 
459685     DEBUG Test worker     d.u.i.k.n.KeyIO           MODE: 2nd degree decls took 0 
459685     INFO  Test worker     d.u.i.k.n.KeyIO           Parsing took 0 ms 
459685     DEBUG Test worker     d.u.i.k.n.KeyIO           Load declarations of de.uka.ilkd.key.nparser.KeyAst$File:  <unknown>:1#1 
459685     INFO  Test worker     d.u.i.k.n.KeyIO           MODE: declarations took 0 ms 
459685     DEBUG Test worker     d.u.i.k.n.KeyIO           MODE: 2nd degree decls took 0 
459685     INFO  Test worker     d.u.i.k.n.KeyIO           Parsing took 0 ms 
459685     DEBUG Test worker     d.u.i.k.n.KeyIO           Load declarations of de.uka.ilkd.key.nparser.KeyAst$File:  <unknown>:1#1 
459685     INFO  Test worker     d.u.i.k.n.KeyIO           MODE: declarations took 0 ms 
459685     DEBUG Test worker     d.u.i.k.n.KeyIO           MODE: 2nd degree decls took 0 
459685     INFO  Test worker     d.u.i.k.n.KeyIO           Parsing took 0 ms 
459685     DEBUG Test worker     d.u.i.k.n.KeyIO           Load declarations of de.uka.ilkd.key.nparser.KeyAst$File:  <unknown>:1#1 
459685     INFO  Test worker     d.u.i.k.n.KeyIO           MODE: declarations took 0 ms 
459685     DEBUG Test worker     d.u.i.k.n.KeyIO           MODE: 2nd degree decls took 0 
463111     INFO  Test worker     d.u.i.k.n.KeyIO           Parsing took 0 ms 
463111     DEBUG Test worker     d.u.i.k.n.KeyIO           Load declarations of de.uka.ilkd.key.nparser.KeyAst$File:  <unknown>:1#1 
463111     INFO  Test worker     d.u.i.k.n.KeyIO           MODE: declarations took 0 ms 
463111     DEBUG Test worker     d.u.i.k.n.KeyIO           MODE: 2nd degree decls took 0 
463111     INFO  Test worker     d.u.i.k.n.KeyIO           Parsing took 0 ms 
463111     DEBUG Test worker     d.u.i.k.n.KeyIO           Load declarations of de.uka.ilkd.key.nparser.KeyAst$File:  <unknown>:1#1 
463111     INFO  Test worker     d.u.i.k.n.KeyIO           MODE: declarations took 0 ms 
463111     DEBUG Test worker     d.u.i.k.n.KeyIO           MODE: 2nd degree decls took 0 
463111     INFO  Test worker     d.u.i.k.n.KeyIO           Parsing took 0 ms 
463111     DEBUG Test worker     d.u.i.k.n.KeyIO           Load declarations of de.uka.ilkd.key.nparser.KeyAst$File:  <unknown>:1#1 
463111     INFO  Test worker     d.u.i.k.n.KeyIO           MODE: declarations took 0 ms 
463111     DEBUG Test worker     d.u.i.k.n.KeyIO           MODE: 2nd degree decls took 0 
463111     INFO  Test worker     d.u.i.k.n.KeyIO           Parsing took 0 ms 
463111     DEBUG Test worker     d.u.i.k.n.KeyIO           Load declarations of de.uka.ilkd.key.nparser.KeyAst$File:  <unknown>:1#1 
463111     INFO  Test worker     d.u.i.k.n.KeyIO           MODE: declarations took 0 ms 
463111     DEBUG Test worker     d.u.i.k.n.KeyIO           MODE: 2nd degree decls took 0 
463111     INFO  Test worker     d.u.i.k.n.KeyIO           Parsing took 0 ms 
463111     DEBUG Test worker     d.u.i.k.n.KeyIO           Load declarations of de.uka.ilkd.key.nparser.KeyAst$File:  <unknown>:1#1 
463111     INFO  Test worker     d.u.i.k.n.KeyIO           MODE: declarations took 0 ms 
463111     DEBUG Test worker     d.u.i.k.n.KeyIO           MODE: 2nd degree decls took 0 
466470     INFO  Test worker     d.u.i.k.n.KeyIO           Parsing took 0 ms 
466470     DEBUG Test worker     d.u.i.k.n.KeyIO           Load declarations of de.uka.ilkd.key.nparser.KeyAst$File:  <unknown>:1#1 
466470     INFO  Test worker     d.u.i.k.n.KeyIO           MODE: declarations took 0 ms 
466470     DEBUG Test worker     d.u.i.k.n.KeyIO           MODE: 2nd degree decls took 0 
466470     INFO  Test worker     d.u.i.k.n.KeyIO           Parsing took 0 ms 
466470     DEBUG Test worker     d.u.i.k.n.KeyIO           Load declarations of de.uka.ilkd.key.nparser.KeyAst$File:  <unknown>:1#1 
466470     INFO  Test worker     d.u.i.k.n.KeyIO           MODE: declarations took 0 ms 
466470     DEBUG Test worker     d.u.i.k.n.KeyIO           MODE: 2nd degree decls took 0 
466470     INFO  Test worker     d.u.i.k.n.KeyIO           Parsing took 0 ms 
466470     DEBUG Test worker     d.u.i.k.n.KeyIO           Load declarations of de.uka.ilkd.key.nparser.KeyAst$File:  <unknown>:1#1 
466470     INFO  Test worker     d.u.i.k.n.KeyIO           MODE: declarations took 0 ms 
466470     DEBUG Test worker     d.u.i.k.n.KeyIO           MODE: 2nd degree decls took 0 
466470     INFO  Test worker     d.u.i.k.n.KeyIO           Parsing took 0 ms 
466470     DEBUG Test worker     d.u.i.k.n.KeyIO           Load declarations of de.uka.ilkd.key.nparser.KeyAst$File:  <unknown>:1#1 
466470     INFO  Test worker     d.u.i.k.n.KeyIO           MODE: declarations took 0 ms 
466470     DEBUG Test worker     d.u.i.k.n.KeyIO           MODE: 2nd degree decls took 0 
466470     INFO  Test worker     d.u.i.k.n.KeyIO           Parsing took 0 ms 
466470     DEBUG Test worker     d.u.i.k.n.KeyIO           Load declarations of de.uka.ilkd.key.nparser.KeyAst$File:  <unknown>:1#1 
466470     INFO  Test worker     d.u.i.k.n.KeyIO           MODE: declarations took 0 ms 
466470     DEBUG Test worker     d.u.i.k.n.KeyIO           MODE: 2nd degree decls took 0 
469858     INFO  Test worker     d.u.i.k.n.KeyIO           Parsing took 0 ms 
469858     DEBUG Test worker     d.u.i.k.n.KeyIO           Load declarations of de.uka.ilkd.key.nparser.KeyAst$File:  <unknown>:1#1 
469859     INFO  Test worker     d.u.i.k.n.KeyIO           MODE: declarations took 1 ms 
469859     DEBUG Test worker     d.u.i.k.n.KeyIO           MODE: 2nd degree decls took 0 
469859     INFO  Test worker     d.u.i.k.n.KeyIO           Parsing took 0 ms 
469859     DEBUG Test worker     d.u.i.k.n.KeyIO           Load declarations of de.uka.ilkd.key.nparser.KeyAst$File:  <unknown>:1#1 
469859     INFO  Test worker     d.u.i.k.n.KeyIO           MODE: declarations took 0 ms 
469859     DEBUG Test worker     d.u.i.k.n.KeyIO           MODE: 2nd degree decls took 0 
469859     INFO  Test worker     d.u.i.k.n.KeyIO           Parsing took 0 ms 
469859     DEBUG Test worker     d.u.i.k.n.KeyIO           Load declarations of de.uka.ilkd.key.nparser.KeyAst$File:  <unknown>:1#1 
469859     INFO  Test worker     d.u.i.k.n.KeyIO           MODE: declarations took 0 ms 
469859     DEBUG Test worker     d.u.i.k.n.KeyIO           MODE: 2nd degree decls took 0 
469859     INFO  Test worker     d.u.i.k.n.KeyIO           Parsing took 0 ms 
469859     DEBUG Test worker     d.u.i.k.n.KeyIO           Load declarations of de.uka.ilkd.key.nparser.KeyAst$File:  <unknown>:1#1 
469859     INFO  Test worker     d.u.i.k.n.KeyIO           MODE: declarations took 0 ms 
469859     DEBUG Test worker     d.u.i.k.n.KeyIO           MODE: 2nd degree decls took 0 
469859     INFO  Test worker     d.u.i.k.n.KeyIO           Parsing took 0 ms 
469859     DEBUG Test worker     d.u.i.k.n.KeyIO           Load declarations of de.uka.ilkd.key.nparser.KeyAst$File:  <unknown>:1#1 
469859     INFO  Test worker     d.u.i.k.n.KeyIO           MODE: declarations took 0 ms 
469859     DEBUG Test worker     d.u.i.k.n.KeyIO           MODE: 2nd degree decls took 0 
473240     INFO  Test worker     d.u.i.k.n.KeyIO           Parsing took 0 ms 
473241     DEBUG Test worker     d.u.i.k.n.KeyIO           Load declarations of de.uka.ilkd.key.nparser.KeyAst$File:  <unknown>:1#1 
473241     INFO  Test worker     d.u.i.k.n.KeyIO           MODE: declarations took 0 ms 
473241     DEBUG Test worker     d.u.i.k.n.KeyIO           MODE: 2nd degree decls took 0 
473241     INFO  Test worker     d.u.i.k.n.KeyIO           Parsing took 0 ms 
473241     DEBUG Test worker     d.u.i.k.n.KeyIO           Load declarations of de.uka.ilkd.key.nparser.KeyAst$File:  <unknown>:1#1 
473241     INFO  Test worker     d.u.i.k.n.KeyIO           MODE: declarations took 0 ms 
473241     DEBUG Test worker     d.u.i.k.n.KeyIO           MODE: 2nd degree decls took 0 
473241     INFO  Test worker     d.u.i.k.n.KeyIO           Parsing took 0 ms 
473241     DEBUG Test worker     d.u.i.k.n.KeyIO           Load declarations of de.uka.ilkd.key.nparser.KeyAst$File:  <unknown>:1#1 
473241     INFO  Test worker     d.u.i.k.n.KeyIO           MODE: declarations took 0 ms 
473241     DEBUG Test worker     d.u.i.k.n.KeyIO           MODE: 2nd degree decls took 0 
473241     INFO  Test worker     d.u.i.k.n.KeyIO           Parsing took 0 ms 
473241     DEBUG Test worker     d.u.i.k.n.KeyIO           Load declarations of de.uka.ilkd.key.nparser.KeyAst$File:  <unknown>:1#1 
473241     INFO  Test worker     d.u.i.k.n.KeyIO           MODE: declarations took 0 ms 
473241     DEBUG Test worker     d.u.i.k.n.KeyIO           MODE: 2nd degree decls took 0 
473241     INFO  Test worker     d.u.i.k.n.KeyIO           Parsing took 0 ms 
473241     DEBUG Test worker     d.u.i.k.n.KeyIO           Load declarations of de.uka.ilkd.key.nparser.KeyAst$File:  <unknown>:1#1 
473241     INFO  Test worker     d.u.i.k.n.KeyIO           MODE: declarations took 0 ms 
473241     DEBUG Test worker     d.u.i.k.n.KeyIO           MODE: 2nd degree decls took 0 
476625     INFO  Test worker     d.u.i.k.n.KeyIO           Parsing took 0 ms 
476625     DEBUG Test worker     d.u.i.k.n.KeyIO           Load declarations of de.uka.ilkd.key.nparser.KeyAst$File:  <unknown>:1#1 
476625     INFO  Test worker     d.u.i.k.n.KeyIO           MODE: declarations took 0 ms 
476625     DEBUG Test worker     d.u.i.k.n.KeyIO           MODE: 2nd degree decls took 0 
476625     INFO  Test worker     d.u.i.k.n.KeyIO           Parsing took 0 ms 
476625     DEBUG Test worker     d.u.i.k.n.KeyIO           Load declarations of de.uka.ilkd.key.nparser.KeyAst$File:  <unknown>:1#1 
476625     INFO  Test worker     d.u.i.k.n.KeyIO           MODE: declarations took 0 ms 
476625     DEBUG Test worker     d.u.i.k.n.KeyIO           MODE: 2nd degree decls took 0 
476625     INFO  Test worker     d.u.i.k.n.KeyIO           Parsing took 0 ms 
476625     DEBUG Test worker     d.u.i.k.n.KeyIO           Load declarations of de.uka.ilkd.key.nparser.KeyAst$File:  <unknown>:1#1 
476625     INFO  Test worker     d.u.i.k.n.KeyIO           MODE: declarations took 0 ms 
476625     DEBUG Test worker     d.u.i.k.n.KeyIO           MODE: 2nd degree decls took 0 
476625     INFO  Test worker     d.u.i.k.n.KeyIO           Parsing took 0 ms 
476625     DEBUG Test worker     d.u.i.k.n.KeyIO           Load declarations of de.uka.ilkd.key.nparser.KeyAst$File:  <unknown>:1#1 
476625     INFO  Test worker     d.u.i.k.n.KeyIO           MODE: declarations took 0 ms 
476625     DEBUG Test worker     d.u.i.k.n.KeyIO           MODE: 2nd degree decls took 0 
476625     INFO  Test worker     d.u.i.k.n.KeyIO           Parsing took 0 ms 
476625     DEBUG Test worker     d.u.i.k.n.KeyIO           Load declarations of de.uka.ilkd.key.nparser.KeyAst$File:  <unknown>:1#1 
476625     INFO  Test worker     d.u.i.k.n.KeyIO           MODE: declarations took 0 ms 
476625     DEBUG Test worker     d.u.i.k.n.KeyIO           MODE: 2nd degree decls took 0 
480020     INFO  Test worker     d.u.i.k.n.KeyIO           Parsing took 0 ms 
480020     DEBUG Test worker     d.u.i.k.n.KeyIO           Load declarations of de.uka.ilkd.key.nparser.KeyAst$File:  <unknown>:1#1 
480021     INFO  Test worker     d.u.i.k.n.KeyIO           MODE: declarations took 1 ms 
480021     DEBUG Test worker     d.u.i.k.n.KeyIO           MODE: 2nd degree decls took 0 
480021     INFO  Test worker     d.u.i.k.n.KeyIO           Parsing took 0 ms 
480021     DEBUG Test worker     d.u.i.k.n.KeyIO           Load declarations of de.uka.ilkd.key.nparser.KeyAst$File:  <unknown>:1#1 
480021     INFO  Test worker     d.u.i.k.n.KeyIO           MODE: declarations took 0 ms 
480021     DEBUG Test worker     d.u.i.k.n.KeyIO           MODE: 2nd degree decls took 0 
480021     INFO  Test worker     d.u.i.k.n.KeyIO           Parsing took 0 ms 
480021     DEBUG Test worker     d.u.i.k.n.KeyIO           Load declarations of de.uka.ilkd.key.nparser.KeyAst$File:  <unknown>:1#1 
480021     INFO  Test worker     d.u.i.k.n.KeyIO           MODE: declarations took 0 ms 
480021     DEBUG Test worker     d.u.i.k.n.KeyIO           MODE: 2nd degree decls took 0 
480021     INFO  Test worker     d.u.i.k.n.KeyIO           Parsing took 0 ms 
480021     DEBUG Test worker     d.u.i.k.n.KeyIO           Load declarations of de.uka.ilkd.key.nparser.KeyAst$File:  <unknown>:1#1 
480021     INFO  Test worker     d.u.i.k.n.KeyIO           MODE: declarations took 0 ms 
480021     DEBUG Test worker     d.u.i.k.n.KeyIO           MODE: 2nd degree decls took 0 
480021     INFO  Test worker     d.u.i.k.n.KeyIO           Parsing took 0 ms 
480021     DEBUG Test worker     d.u.i.k.n.KeyIO           Load declarations of de.uka.ilkd.key.nparser.KeyAst$File:  <unknown>:1#1 
480021     INFO  Test worker     d.u.i.k.n.KeyIO           MODE: declarations took 0 ms 
480021     DEBUG Test worker     d.u.i.k.n.KeyIO           MODE: 2nd degree decls took 0 
483424     INFO  Test worker     d.u.i.k.n.KeyIO           Parsing took 0 ms 
483425     DEBUG Test worker     d.u.i.k.n.KeyIO           Load declarations of de.uka.ilkd.key.nparser.KeyAst$File:  <unknown>:1#1 
483425     INFO  Test worker     d.u.i.k.n.KeyIO           MODE: declarations took 0 ms 
483425     DEBUG Test worker     d.u.i.k.n.KeyIO           MODE: 2nd degree decls took 0 
483425     INFO  Test worker     d.u.i.k.n.KeyIO           Parsing took 0 ms 
483425     DEBUG Test worker     d.u.i.k.n.KeyIO           Load declarations of de.uka.ilkd.key.nparser.KeyAst$File:  <unknown>:1#1 
483425     INFO  Test worker     d.u.i.k.n.KeyIO           MODE: declarations took 0 ms 
483425     DEBUG Test worker     d.u.i.k.n.KeyIO           MODE: 2nd degree decls took 0 
483425     INFO  Test worker     d.u.i.k.n.KeyIO           Parsing took 0 ms 
483425     DEBUG Test worker     d.u.i.k.n.KeyIO           Load declarations of de.uka.ilkd.key.nparser.KeyAst$File:  <unknown>:1#1 
483425     INFO  Test worker     d.u.i.k.n.KeyIO           MODE: declarations took 0 ms 
483425     DEBUG Test worker     d.u.i.k.n.KeyIO           MODE: 2nd degree decls took 0 
483425     INFO  Test worker     d.u.i.k.n.KeyIO           Parsing took 0 ms 
483425     DEBUG Test worker     d.u.i.k.n.KeyIO           Load declarations of de.uka.ilkd.key.nparser.KeyAst$File:  <unknown>:1#1 
483425     INFO  Test worker     d.u.i.k.n.KeyIO           MODE: declarations took 0 ms 
483425     DEBUG Test worker     d.u.i.k.n.KeyIO           MODE: 2nd degree decls took 0 
483425     INFO  Test worker     d.u.i.k.n.KeyIO           Parsing took 0 ms 
483425     DEBUG Test worker     d.u.i.k.n.KeyIO           Load declarations of de.uka.ilkd.key.nparser.KeyAst$File:  <unknown>:1#1 
483425     INFO  Test worker     d.u.i.k.n.KeyIO           MODE: declarations took 0 ms 
483425     DEBUG Test worker     d.u.i.k.n.KeyIO           MODE: 2nd degree decls took 0 
486859     INFO  Test worker     d.u.i.k.n.KeyIO           Parsing took 0 ms 
486859     DEBUG Test worker     d.u.i.k.n.KeyIO           Load declarations of de.uka.ilkd.key.nparser.KeyAst$File:  <unknown>:1#1 
486859     INFO  Test worker     d.u.i.k.n.KeyIO           MODE: declarations took 0 ms 
486859     DEBUG Test worker     d.u.i.k.n.KeyIO           MODE: 2nd degree decls took 0 
486859     INFO  Test worker     d.u.i.k.n.KeyIO           Parsing took 0 ms 
486859     DEBUG Test worker     d.u.i.k.n.KeyIO           Load declarations of de.uka.ilkd.key.nparser.KeyAst$File:  <unknown>:1#1 
486859     INFO  Test worker     d.u.i.k.n.KeyIO           MODE: declarations took 0 ms 
486859     DEBUG Test worker     d.u.i.k.n.KeyIO           MODE: 2nd degree decls took 0 
486859     INFO  Test worker     d.u.i.k.n.KeyIO           Parsing took 0 ms 
486859     DEBUG Test worker     d.u.i.k.n.KeyIO           Load declarations of de.uka.ilkd.key.nparser.KeyAst$File:  <unknown>:1#1 
486859     INFO  Test worker     d.u.i.k.n.KeyIO           MODE: declarations took 0 ms 
486859     DEBUG Test worker     d.u.i.k.n.KeyIO           MODE: 2nd degree decls took 0 
486860     INFO  Test worker     d.u.i.k.n.KeyIO           Parsing took 1 ms 
486860     DEBUG Test worker     d.u.i.k.n.KeyIO           Load declarations of de.uka.ilkd.key.nparser.KeyAst$File:  <unknown>:1#1 
486860     INFO  Test worker     d.u.i.k.n.KeyIO           MODE: declarations took 0 ms 
486860     DEBUG Test worker     d.u.i.k.n.KeyIO           MODE: 2nd degree decls took 0 
486860     INFO  Test worker     d.u.i.k.n.KeyIO           Parsing took 0 ms 
486860     DEBUG Test worker     d.u.i.k.n.KeyIO           Load declarations of de.uka.ilkd.key.nparser.KeyAst$File:  <unknown>:1#1 
486860     INFO  Test worker     d.u.i.k.n.KeyIO           MODE: declarations took 0 ms 
486860     DEBUG Test worker     d.u.i.k.n.KeyIO           MODE: 2nd degree decls took 0 
490239     INFO  Test worker     d.u.i.k.n.KeyIO           Parsing took 0 ms 
490239     DEBUG Test worker     d.u.i.k.n.KeyIO           Load declarations of de.uka.ilkd.key.nparser.KeyAst$File:  <unknown>:1#1 
490239     INFO  Test worker     d.u.i.k.n.KeyIO           MODE: declarations took 0 ms 
490239     DEBUG Test worker     d.u.i.k.n.KeyIO           MODE: 2nd degree decls took 0 
490239     INFO  Test worker     d.u.i.k.n.KeyIO           Parsing took 0 ms 
490239     DEBUG Test worker     d.u.i.k.n.KeyIO           Load declarations of de.uka.ilkd.key.nparser.KeyAst$File:  <unknown>:1#1 
490239     INFO  Test worker     d.u.i.k.n.KeyIO           MODE: declarations took 0 ms 
490239     DEBUG Test worker     d.u.i.k.n.KeyIO           MODE: 2nd degree decls took 0 
490239     INFO  Test worker     d.u.i.k.n.KeyIO           Parsing took 0 ms 
490239     DEBUG Test worker     d.u.i.k.n.KeyIO           Load declarations of de.uka.ilkd.key.nparser.KeyAst$File:  <unknown>:1#1 
490239     INFO  Test worker     d.u.i.k.n.KeyIO           MODE: declarations took 0 ms 
490239     DEBUG Test worker     d.u.i.k.n.KeyIO           MODE: 2nd degree decls took 0 
490239     INFO  Test worker     d.u.i.k.n.KeyIO           Parsing took 0 ms 
490239     DEBUG Test worker     d.u.i.k.n.KeyIO           Load declarations of de.uka.ilkd.key.nparser.KeyAst$File:  <unknown>:1#1 
490239     INFO  Test worker     d.u.i.k.n.KeyIO           MODE: declarations took 0 ms 
490239     DEBUG Test worker     d.u.i.k.n.KeyIO           MODE: 2nd degree decls took 0 
490239     INFO  Test worker     d.u.i.k.n.KeyIO           Parsing took 0 ms 
490239     DEBUG Test worker     d.u.i.k.n.KeyIO           Load declarations of de.uka.ilkd.key.nparser.KeyAst$File:  <unknown>:1#1 
490239     INFO  Test worker     d.u.i.k.n.KeyIO           MODE: declarations took 0 ms 
490239     DEBUG Test worker     d.u.i.k.n.KeyIO           MODE: 2nd degree decls took 0 
]]></system-out>
  <system-err><![CDATA[]]></system-err>
</testsuite>
