<?xml version="1.0" encoding="UTF-8"?>
<testsuite name="de.uka.ilkd.key.rule.merge.PredicateAbstractionLatticeTests" tests="3" skipped="0" failures="0" errors="0" timestamp="2023-05-28T15:37:45" hostname="fv-az193-445" time="7.098">
  <properties/>
  <testcase name="testToAndFromString()" classname="de.uka.ilkd.key.rule.merge.PredicateAbstractionLatticeTests" time="3.553"/>
  <testcase name="testCreateSignLatticeWithPredicates()" classname="de.uka.ilkd.key.rule.merge.PredicateAbstractionLatticeTests" time="3.545"/>
  <testcase name="testTrivialPredicatesLattice()" classname="de.uka.ilkd.key.rule.merge.PredicateAbstractionLatticeTests" time="0.0"/>
  <system-out><![CDATA[626864     INFO  Test worker     d.u.i.k.p.i.AbstractProblemLoader Loading environment from src/test/resources/testcase/merge/dummy.key 
626864     DEBUG Test worker     d.u.i.k.p.i.AbstractProblemLoader Environment load took 68.9ns 
626865     INFO  Test worker     d.u.i.k.p.i.AbstractProblemLoader Creating init config 
630397     DEBUG Test worker     d.u.i.k.p.i.AbstractProblemLoader Init config took 3.53s 
630414     INFO  Test worker     d.u.i.k.p.i.AbstractProblemLoader Replaying proof dummy.key 
630415     DEBUG Test worker     d.u.i.k.p.i.IntermediateProofReplayer Proof replay took 8.7ns 
630417     INFO  Test worker     d.u.i.k.p.i.AbstractProblemLoader Loading environment from src/test/resources/testcase/merge/dummy.key 
630417     DEBUG Test worker     d.u.i.k.p.i.AbstractProblemLoader Environment load took 62ns 
630418     INFO  Test worker     d.u.i.k.p.i.AbstractProblemLoader Creating init config 
633941     DEBUG Test worker     d.u.i.k.p.i.AbstractProblemLoader Init config took 3.52s 
633957     INFO  Test worker     d.u.i.k.p.i.AbstractProblemLoader Replaying proof dummy.key 
633960     DEBUG Test worker     d.u.i.k.p.i.IntermediateProofReplayer Proof replay took 7ns 
]]></system-out>
  <system-err><![CDATA[]]></system-err>
</testsuite>
