<?xml version="1.0" encoding="UTF-8"?>
<testsuite name="de.uka.ilkd.key.parser.TestTermParserSorts" tests="2" skipped="0" failures="0" errors="0" timestamp="2023-05-28T15:35:32" hostname="fv-az193-445" time="3.385">
  <properties/>
  <testcase name="testParseIntegerArgs()" classname="de.uka.ilkd.key.parser.TestTermParserSorts" time="0.016"/>
  <testcase name="testParseSequencePrettySyntax()" classname="de.uka.ilkd.key.parser.TestTermParserSorts" time="0.001"/>
  <system-out><![CDATA[493728     INFO  Test worker     d.u.i.k.n.KeyIO           Parsing took 0 ms 
493728     DEBUG Test worker     d.u.i.k.n.KeyIO           Load declarations of de.uka.ilkd.key.nparser.KeyAst$File:  <unknown>:1#1 
493728     INFO  Test worker     d.u.i.k.n.KeyIO           MODE: declarations took 0 ms 
493728     DEBUG Test worker     d.u.i.k.n.KeyIO           MODE: 2nd degree decls took 0 
493728     INFO  Test worker     d.u.i.k.n.KeyIO           Parsing took 0 ms 
493728     DEBUG Test worker     d.u.i.k.n.KeyIO           Load declarations of de.uka.ilkd.key.nparser.KeyAst$File:  <unknown>:1#1 
493728     INFO  Test worker     d.u.i.k.n.KeyIO           MODE: declarations took 0 ms 
493728     DEBUG Test worker     d.u.i.k.n.KeyIO           MODE: 2nd degree decls took 0 
493728     INFO  Test worker     d.u.i.k.n.KeyIO           Parsing took 0 ms 
493728     DEBUG Test worker     d.u.i.k.n.KeyIO           Load declarations of de.uka.ilkd.key.nparser.KeyAst$File:  <unknown>:1#1 
493728     INFO  Test worker     d.u.i.k.n.KeyIO           MODE: declarations took 0 ms 
493728     DEBUG Test worker     d.u.i.k.n.KeyIO           MODE: 2nd degree decls took 0 
497112     INFO  Test worker     d.u.i.k.n.KeyIO           Parsing took 0 ms 
497112     DEBUG Test worker     d.u.i.k.n.KeyIO           Load declarations of de.uka.ilkd.key.nparser.KeyAst$File:  <unknown>:1#1 
497112     INFO  Test worker     d.u.i.k.n.KeyIO           MODE: declarations took 0 ms 
497112     DEBUG Test worker     d.u.i.k.n.KeyIO           MODE: 2nd degree decls took 0 
497112     INFO  Test worker     d.u.i.k.n.KeyIO           Parsing took 0 ms 
497112     DEBUG Test worker     d.u.i.k.n.KeyIO           Load declarations of de.uka.ilkd.key.nparser.KeyAst$File:  <unknown>:1#1 
497112     INFO  Test worker     d.u.i.k.n.KeyIO           MODE: declarations took 0 ms 
497112     DEBUG Test worker     d.u.i.k.n.KeyIO           MODE: 2nd degree decls took 0 
497112     INFO  Test worker     d.u.i.k.n.KeyIO           Parsing took 0 ms 
497112     DEBUG Test worker     d.u.i.k.n.KeyIO           Load declarations of de.uka.ilkd.key.nparser.KeyAst$File:  <unknown>:1#1 
497112     INFO  Test worker     d.u.i.k.n.KeyIO           MODE: declarations took 0 ms 
497112     DEBUG Test worker     d.u.i.k.n.KeyIO           MODE: 2nd degree decls took 0 
]]></system-out>
  <system-err><![CDATA[]]></system-err>
</testsuite>
