<?xml version="1.0" encoding="UTF-8"?>
<testsuite name="de.uka.ilkd.key.logic.TestPosInOcc" tests="2" skipped="0" failures="0" errors="0" timestamp="2023-05-28T15:29:05" hostname="fv-az193-445" time="0.001">
  <properties/>
  <testcase name="testReplaceConstrainedFormula()" classname="de.uka.ilkd.key.logic.TestPosInOcc" time="0.001"/>
  <testcase name="testIterator()" classname="de.uka.ilkd.key.logic.TestPosInOcc" time="0.0"/>
  <system-out><![CDATA[]]></system-out>
  <system-err><![CDATA[]]></system-err>
</testsuite>
