<?xml version="1.0" encoding="UTF-8"?>
<testsuite name="de.uka.ilkd.key.proof.runallproofs.RunAllProofsFunctional" tests="34" skipped="0" failures="0" errors="0" timestamp="2023-06-05T16:42:12" hostname="fv-az484-83" time="5075.011">
  <properties/>
  <testcase name="newBook" classname="de.uka.ilkd.key.proof.runallproofs.RunAllProofsFunctional" time="59.21"/>
  <testcase name="oldBook" classname="de.uka.ilkd.key.proof.runallproofs.RunAllProofsFunctional" time="16.379"/>
  <testcase name="comprehensions" classname="de.uka.ilkd.key.proof.runallproofs.RunAllProofsFunctional" time="62.172"/>
  <testcase name="performance" classname="de.uka.ilkd.key.proof.runallproofs.RunAllProofsFunctional" time="208.931"/>
  <testcase name="performancePOConstruction" classname="de.uka.ilkd.key.proof.runallproofs.RunAllProofsFunctional" time="69.482"/>
  <testcase name="applicationRestrictions" classname="de.uka.ilkd.key.proof.runallproofs.RunAllProofsFunctional" time="48.1"/>
  <testcase name="blockContracts" classname="de.uka.ilkd.key.proof.runallproofs.RunAllProofsFunctional" time="134.404"/>
  <testcase name="jmlAsserts" classname="de.uka.ilkd.key.proof.runallproofs.RunAllProofsFunctional" time="85.641"/>
  <testcase name="javaCard" classname="de.uka.ilkd.key.proof.runallproofs.RunAllProofsFunctional" time="123.722"/>
  <testcase name="list" classname="de.uka.ilkd.key.proof.runallproofs.RunAllProofsFunctional" time="247.17"/>
  <testcase name="list_ghost" classname="de.uka.ilkd.key.proof.runallproofs.RunAllProofsFunctional" time="64.944"/>
  <testcase name="list_recursive" classname="de.uka.ilkd.key.proof.runallproofs.RunAllProofsFunctional" time="22.053"/>
  <testcase name="list_seq" classname="de.uka.ilkd.key.proof.runallproofs.RunAllProofsFunctional" time="149.859"/>
  <testcase name="observer" classname="de.uka.ilkd.key.proof.runallproofs.RunAllProofsFunctional" time="91.146"/>
  <testcase name="removeDups" classname="de.uka.ilkd.key.proof.runallproofs.RunAllProofsFunctional" time="129.38"/>
  <testcase name="quicksort" classname="de.uka.ilkd.key.proof.runallproofs.RunAllProofsFunctional" time="103.216"/>
  <testcase name="simpleTests" classname="de.uka.ilkd.key.proof.runallproofs.RunAllProofsFunctional" time="148.103"/>
  <testcase name="SmansEtAl" classname="de.uka.ilkd.key.proof.runallproofs.RunAllProofsFunctional" time="187.664"/>
  <testcase name="VACID0" classname="de.uka.ilkd.key.proof.runallproofs.RunAllProofsFunctional" time="74.25"/>
  <testcase name="VSTTE10" classname="de.uka.ilkd.key.proof.runallproofs.RunAllProofsFunctional" time="171.82"/>
  <testcase name="WeideEtAl" classname="de.uka.ilkd.key.proof.runallproofs.RunAllProofsFunctional" time="27.776"/>
  <testcase name="arithmetic" classname="de.uka.ilkd.key.proof.runallproofs.RunAllProofsFunctional" time="477.24"/>
  <testcase name="arrays" classname="de.uka.ilkd.key.proof.runallproofs.RunAllProofsFunctional" time="53.819"/>
  <testcase name="javadl" classname="de.uka.ilkd.key.proof.runallproofs.RunAllProofsFunctional" time="593.836"/>
  <testcase name="FOL" classname="de.uka.ilkd.key.proof.runallproofs.RunAllProofsFunctional" time="273.691"/>
  <testcase name="strings" classname="de.uka.ilkd.key.proof.runallproofs.RunAllProofsFunctional" time="147.274"/>
  <testcase name="simple_info_flow" classname="de.uka.ilkd.key.proof.runallproofs.RunAllProofsFunctional" time="12.631"/>
  <testcase name="modelMethods" classname="de.uka.ilkd.key.proof.runallproofs.RunAllProofsFunctional" time="170.08"/>
  <testcase name="permissionHeap" classname="de.uka.ilkd.key.proof.runallproofs.RunAllProofsFunctional" time="833.609"/>
  <testcase name="completionScopes" classname="de.uka.ilkd.key.proof.runallproofs.RunAllProofsFunctional" time="48.632"/>
  <testcase name="reload_examples" classname="de.uka.ilkd.key.proof.runallproofs.RunAllProofsFunctional" time="39.621"/>
  <testcase name="proofLoadRepair" classname="de.uka.ilkd.key.proof.runallproofs.RunAllProofsFunctional" time="18.019"/>
  <testcase name="switch" classname="de.uka.ilkd.key.proof.runallproofs.RunAllProofsFunctional" time="60.258"/>
  <testcase name="redux" classname="de.uka.ilkd.key.proof.runallproofs.RunAllProofsFunctional" time="120.849"/>
  <system-out><![CDATA[236        INFO  Test worker     d.u.i.k.p.r.RunAllProofsTestUnit Running test newBook 
387        INFO  Timeout watchdog d.u.i.k.p.r.p.ForkedTestFileRunner Timeout watcher launched (2000 secs.) 
406        WARN  main            d.u.i.k.s.ProofSettings   No proof-settings could be loaded, using defaults java.io.FileNotFoundException: /home/runner/.key/proof-settings.props (No such file or directory)
	at java.base/java.io.FileInputStream.open0(Native Method)

457        INFO  main            d.u.i.k.p.r.p.TestFile    Now processing file /home/runner/work/key/key/key.core/../key.ui/examples/newBook/09.list_modelfield/ArrayList.add.key 
586        INFO  main            d.u.i.k.p.i.AbstractProblemLoader Loading environment from /home/runner/work/key/key/key.core/../key.ui/examples/newBook/09.list_modelfield/ArrayList.add.key 
603        DEBUG main            d.u.i.k.p.i.AbstractProblemLoader Environment load took 2.12ms 
823        INFO  main            d.u.i.k.p.i.AbstractProblemLoader Creating init config 
1720       DEBUG main            d.u.i.k.j.TypeConverter   No LDT found for Meta 
1722       DEBUG main            d.u.i.k.j.TypeConverter   No LDT found for Meta 
1724       DEBUG main            d.u.i.k.j.TypeConverter   No LDT found for Meta 
1724       DEBUG main            d.u.i.k.j.TypeConverter   No LDT found for Meta 
2870       DEBUG main            d.u.i.k.j.TypeConverter   No LDT found for JavaBigintExpression 
7991       DEBUG main            d.u.i.k.p.i.AbstractProblemLoader Init config took 7.17s 
8120       INFO  main            d.u.i.k.p.i.AbstractProblemLoader Replaying proof ArrayList[List::add(int)].JML normal_behavior operation contract.0 
8150       DEBUG main            d.u.i.k.p.i.IntermediateProofReplayer Proof replay took 31ns 
25143      INFO  main            d.u.i.k.p.r.p.TestFile    ... finished proof: closed. 
25395      INFO  main            d.u.i.k.p.i.AbstractProblemLoader Loading environment from /home/runner/work/key/key/key.core/../key.ui/examples/newBook/09.list_modelfield/ArrayList.add.key.proof 
25395      DEBUG main            d.u.i.k.p.i.AbstractProblemLoader Environment load took 163.5ns 
25402      INFO  main            d.u.i.k.p.i.AbstractProblemLoader Creating init config 
28334      DEBUG main            d.u.i.k.p.i.AbstractProblemLoader Init config took 2.93s 
28414      INFO  main            d.u.i.k.p.i.AbstractProblemLoader Replaying proof ArrayList[List::add(int)].JML normal_behavior operation contract.0 
29257      DEBUG main            d.u.i.k.p.i.IntermediateProofReplayer Proof replay took 755.59ms 
29266      DEBUG main            d.u.i.k.p.r.p.TestFile    ... success: reloaded. 
29269      INFO  main            d.u.i.k.p.r.p.TestFile    Now processing file /home/runner/work/key/key/key.core/../key.ui/examples/newBook/09.list_modelfield/ArrayList.remFirst.key 
29270      INFO  main            d.u.i.k.p.i.AbstractProblemLoader Loading environment from /home/runner/work/key/key/key.core/../key.ui/examples/newBook/09.list_modelfield/ArrayList.remFirst.key 
29270      DEBUG main            d.u.i.k.p.i.AbstractProblemLoader Environment load took 477.19ns 
29272      INFO  main            d.u.i.k.p.i.AbstractProblemLoader Creating init config 
32161      DEBUG main            d.u.i.k.p.i.AbstractProblemLoader Init config took 2.89s 
32242      INFO  main            d.u.i.k.p.i.AbstractProblemLoader Replaying proof ArrayList[List::remFirst()].JML normal_behavior operation contract.0 
32244      DEBUG main            d.u.i.k.p.i.IntermediateProofReplayer Proof replay took 15.5ns 
36074      INFO  main            d.u.i.k.p.r.p.TestFile    ... finished proof: closed. 
36300      INFO  main            d.u.i.k.p.i.AbstractProblemLoader Loading environment from /home/runner/work/key/key/key.core/../key.ui/examples/newBook/09.list_modelfield/ArrayList.remFirst.key.proof 
36301      DEBUG main            d.u.i.k.p.i.AbstractProblemLoader Environment load took 457.39ns 
36306      INFO  main            d.u.i.k.p.i.AbstractProblemLoader Creating init config 
39073      DEBUG main            d.u.i.k.p.i.AbstractProblemLoader Init config took 2.77s 
39142      INFO  main            d.u.i.k.p.i.AbstractProblemLoader Replaying proof ArrayList[List::remFirst()].JML normal_behavior operation contract.0 
39493      DEBUG main            d.u.i.k.p.i.IntermediateProofReplayer Proof replay took 334.14ms 
39494      DEBUG main            d.u.i.k.p.r.p.TestFile    ... success: reloaded. 
39495      INFO  main            d.u.i.k.p.r.p.TestFile    Now processing file /home/runner/work/key/key/key.core/../key.ui/examples/newBook/09.list_modelfield/ArrayList.empty.key 
39496      INFO  main            d.u.i.k.p.i.AbstractProblemLoader Loading environment from /home/runner/work/key/key/key.core/../key.ui/examples/newBook/09.list_modelfield/ArrayList.empty.key 
39496      DEBUG main            d.u.i.k.p.i.AbstractProblemLoader Environment load took 73.2ns 
39496      INFO  main            d.u.i.k.p.i.AbstractProblemLoader Creating init config 
42241      DEBUG main            d.u.i.k.p.i.AbstractProblemLoader Init config took 2.74s 
42287      INFO  main            d.u.i.k.p.i.AbstractProblemLoader Replaying proof ArrayList[List::empty()].JML normal_behavior operation contract.0 
42289      DEBUG main            d.u.i.k.p.i.IntermediateProofReplayer Proof replay took 4.7ns 
43195      INFO  main            d.u.i.k.p.r.p.TestFile    ... finished proof: closed. 
43348      INFO  main            d.u.i.k.p.i.AbstractProblemLoader Loading environment from /home/runner/work/key/key/key.core/../key.ui/examples/newBook/09.list_modelfield/ArrayList.empty.key.proof 
43348      DEBUG main            d.u.i.k.p.i.AbstractProblemLoader Environment load took 119.3ns 
43350      INFO  main            d.u.i.k.p.i.AbstractProblemLoader Creating init config 
46026      DEBUG main            d.u.i.k.p.i.AbstractProblemLoader Init config took 2.68s 
46085      INFO  main            d.u.i.k.p.i.AbstractProblemLoader Replaying proof ArrayList[List::empty()].JML normal_behavior operation contract.0 
46160      DEBUG main            d.u.i.k.p.i.IntermediateProofReplayer Proof replay took 69.71ms 
46162      DEBUG main            d.u.i.k.p.r.p.TestFile    ... success: reloaded. 
46163      INFO  main            d.u.i.k.p.r.p.TestFile    Now processing file /home/runner/work/key/key/key.core/../key.ui/examples/newBook/09.list_modelfield/ArrayList.size.key 
46164      INFO  main            d.u.i.k.p.i.AbstractProblemLoader Loading environment from /home/runner/work/key/key/key.core/../key.ui/examples/newBook/09.list_modelfield/ArrayList.size.key 
46164      DEBUG main            d.u.i.k.p.i.AbstractProblemLoader Environment load took 500.89ns 
46165      INFO  main            d.u.i.k.p.i.AbstractProblemLoader Creating init config 
48932      DEBUG main            d.u.i.k.p.i.AbstractProblemLoader Init config took 2.77s 
48979      INFO  main            d.u.i.k.p.i.AbstractProblemLoader Replaying proof ArrayList[List::size()].JML normal_behavior operation contract.0 
48981      DEBUG main            d.u.i.k.p.i.IntermediateProofReplayer Proof replay took 5.3ns 
49386      INFO  main            d.u.i.k.p.r.p.TestFile    ... finished proof: closed. 
49581      INFO  main            d.u.i.k.p.i.AbstractProblemLoader Loading environment from /home/runner/work/key/key/key.core/../key.ui/examples/newBook/09.list_modelfield/ArrayList.size.key.proof 
49581      DEBUG main            d.u.i.k.p.i.AbstractProblemLoader Environment load took 177.5ns 
49582      INFO  main            d.u.i.k.p.i.AbstractProblemLoader Creating init config 
52260      DEBUG main            d.u.i.k.p.i.AbstractProblemLoader Init config took 2.68s 
52305      INFO  main            d.u.i.k.p.i.AbstractProblemLoader Replaying proof ArrayList[List::size()].JML normal_behavior operation contract.0 
52335      DEBUG main            d.u.i.k.p.i.IntermediateProofReplayer Proof replay took 27.44ms 
52336      DEBUG main            d.u.i.k.p.r.p.TestFile    ... success: reloaded. 
52338      INFO  main            d.u.i.k.p.r.p.TestFile    Now processing file /home/runner/work/key/key/key.core/../key.ui/examples/newBook/09.list_modelfield/ArrayList.get.key 
52338      INFO  main            d.u.i.k.p.i.AbstractProblemLoader Loading environment from /home/runner/work/key/key/key.core/../key.ui/examples/newBook/09.list_modelfield/ArrayList.get.key 
52338      DEBUG main            d.u.i.k.p.i.AbstractProblemLoader Environment load took 57.9ns 
52339      INFO  main            d.u.i.k.p.i.AbstractProblemLoader Creating init config 
55042      DEBUG main            d.u.i.k.p.i.AbstractProblemLoader Init config took 2.7s 
55090      INFO  main            d.u.i.k.p.i.AbstractProblemLoader Replaying proof ArrayList[List::get(int)].JML normal_behavior operation contract.0 
55093      DEBUG main            d.u.i.k.p.i.IntermediateProofReplayer Proof replay took 5.6ns 
56000      INFO  main            d.u.i.k.p.r.p.TestFile    ... finished proof: closed. 
56146      INFO  main            d.u.i.k.p.i.AbstractProblemLoader Loading environment from /home/runner/work/key/key/key.core/../key.ui/examples/newBook/09.list_modelfield/ArrayList.get.key.proof 
56147      DEBUG main            d.u.i.k.p.i.AbstractProblemLoader Environment load took 1.04ms 
56150      INFO  main            d.u.i.k.p.i.AbstractProblemLoader Creating init config 
58841      DEBUG main            d.u.i.k.p.i.AbstractProblemLoader Init config took 2.69s 
58884      INFO  main            d.u.i.k.p.i.AbstractProblemLoader Replaying proof ArrayList[List::get(int)].JML normal_behavior operation contract.0 
58939      DEBUG main            d.u.i.k.p.i.IntermediateProofReplayer Proof replay took 50.27ms 
58940      DEBUG main            d.u.i.k.p.r.p.TestFile    ... success: reloaded. 
59439      INFO  Test worker     d.u.i.k.p.r.RunAllProofsTestUnit Returning from test newBook 
59470      INFO  Test worker     d.u.i.k.p.r.RunAllProofsTestUnit Running test oldBook 
338        INFO  Timeout watchdog d.u.i.k.p.r.p.ForkedTestFileRunner Timeout watcher launched (2000 secs.) 
365        WARN  main            d.u.i.k.s.ProofSettings   The settings in /home/runner/.key/proof-settings.props are *not* read. 
400        INFO  main            d.u.i.k.p.r.p.TestFile    Now processing file /home/runner/work/key/key/key.core/../key.ui/examples/standard_key/BookExamples/02FirstOrderLogic/Ex2.58.key 
559        INFO  main            d.u.i.k.p.i.AbstractProblemLoader Loading environment from /home/runner/work/key/key/key.core/../key.ui/examples/standard_key/BookExamples/02FirstOrderLogic/Ex2.58.key 
575        DEBUG main            d.u.i.k.p.i.AbstractProblemLoader Environment load took 2.68ms 
794        INFO  main            d.u.i.k.p.i.AbstractProblemLoader Creating init config 
1771       DEBUG main            d.u.i.k.j.TypeConverter   No LDT found for Meta 
1771       DEBUG main            d.u.i.k.j.TypeConverter   No LDT found for Meta 
1774       DEBUG main            d.u.i.k.j.TypeConverter   No LDT found for Meta 
1774       DEBUG main            d.u.i.k.j.TypeConverter   No LDT found for Meta 
3293       DEBUG main            d.u.i.k.j.TypeConverter   No LDT found for JavaBigintExpression 
7750       DEBUG main            d.u.i.k.p.i.AbstractProblemLoader Init config took 6.96s 
7824       INFO  main            d.u.i.k.p.i.AbstractProblemLoader Replaying proof Ex2.58.key 
7857       DEBUG main            d.u.i.k.p.i.IntermediateProofReplayer Proof replay took 32.8ns 
8019       INFO  main            d.u.i.k.p.r.p.TestFile    ... finished proof: closed. 
8106       INFO  main            d.u.i.k.p.i.AbstractProblemLoader Loading environment from /home/runner/work/key/key/key.core/../key.ui/examples/standard_key/BookExamples/02FirstOrderLogic/Ex2.58.key.proof 
8106       DEBUG main            d.u.i.k.p.i.AbstractProblemLoader Environment load took 128ns 
8110       INFO  main            d.u.i.k.p.i.AbstractProblemLoader Creating init config 
10691      DEBUG main            d.u.i.k.p.i.AbstractProblemLoader Init config took 2.58s 
10735      INFO  main            d.u.i.k.p.i.AbstractProblemLoader Replaying proof Ex2.58.key.proof 
10742      DEBUG main            d.u.i.k.p.i.IntermediateProofReplayer Proof replay took 2.5ms 
10752      DEBUG main            d.u.i.k.p.r.p.TestFile    ... success: reloaded. 
10754      INFO  main            d.u.i.k.p.r.p.TestFile    Now processing file /home/runner/work/key/key/key.core/../key.ui/examples/standard_key/BookExamples/03DynamicLogic/Sect3.3.1.key 
10755      INFO  main            d.u.i.k.p.i.AbstractProblemLoader Loading environment from /home/runner/work/key/key/key.core/../key.ui/examples/standard_key/BookExamples/03DynamicLogic/Sect3.3.1.key 
10755      DEBUG main            d.u.i.k.p.i.AbstractProblemLoader Environment load took 394.5ns 
10757      INFO  main            d.u.i.k.p.i.AbstractProblemLoader Creating init config 
13150      DEBUG main            d.u.i.k.p.i.AbstractProblemLoader Init config took 2.39s 
13185      INFO  main            d.u.i.k.p.i.AbstractProblemLoader Replaying proof Sect3.3.1.key 
13190      DEBUG main            d.u.i.k.p.i.IntermediateProofReplayer Proof replay took 6.1ns 
13695      INFO  main            d.u.i.k.p.r.p.TestFile    ... finished proof: closed. 
13812      INFO  main            d.u.i.k.p.i.AbstractProblemLoader Loading environment from /home/runner/work/key/key/key.core/../key.ui/examples/standard_key/BookExamples/03DynamicLogic/Sect3.3.1.key.proof 
13812      DEBUG main            d.u.i.k.p.i.AbstractProblemLoader Environment load took 649.59ns 
13817      INFO  main            d.u.i.k.p.i.AbstractProblemLoader Creating init config 
16120      DEBUG main            d.u.i.k.p.i.AbstractProblemLoader Init config took 2.3s 
16148      INFO  main            d.u.i.k.p.i.AbstractProblemLoader Replaying proof Sect3.3.1.key.proof 
16193      DEBUG main            d.u.i.k.p.i.IntermediateProofReplayer Proof replay took 40ms 
16195      DEBUG main            d.u.i.k.p.r.p.TestFile    ... success: reloaded. 
75845      INFO  Test worker     d.u.i.k.p.r.RunAllProofsTestUnit Returning from test oldBook 
75847      INFO  Test worker     d.u.i.k.p.r.RunAllProofsTestUnit Running test comprehensions 
362        INFO  Timeout watchdog d.u.i.k.p.r.p.ForkedTestFileRunner Timeout watcher launched (2000 secs.) 
384        WARN  main            d.u.i.k.s.ProofSettings   The settings in /home/runner/.key/proof-settings.props are *not* read. 
430        INFO  main            d.u.i.k.p.r.p.TestFile    Now processing file /home/runner/work/key/key/key.core/../key.ui/examples/heap/comprehensions/general_sum.key 
548        INFO  main            d.u.i.k.p.i.AbstractProblemLoader Loading environment from /home/runner/work/key/key/key.core/../key.ui/examples/heap/comprehensions/general_sum.key 
569        DEBUG main            d.u.i.k.p.i.AbstractProblemLoader Environment load took 1.88ms 
776        INFO  main            d.u.i.k.p.i.AbstractProblemLoader Creating init config 
1549       DEBUG main            d.u.i.k.j.TypeConverter   No LDT found for Meta 
1554       DEBUG main            d.u.i.k.j.TypeConverter   No LDT found for Meta 
1559       DEBUG main            d.u.i.k.j.TypeConverter   No LDT found for Meta 
1559       DEBUG main            d.u.i.k.j.TypeConverter   No LDT found for Meta 
3061       DEBUG main            d.u.i.k.j.TypeConverter   No LDT found for JavaBigintExpression 
7857       DEBUG main            d.u.i.k.p.i.AbstractProblemLoader Init config took 7.08s 
7975       INFO  main            d.u.i.k.p.i.AbstractProblemLoader Replaying proof GSum[GSum::doNothing()].JML operation contract.0 
8004       DEBUG main            d.u.i.k.p.i.IntermediateProofReplayer Proof replay took 35ns 
8338       INFO  main            d.u.i.k.p.r.p.TestFile    ... finished proof: closed. 
8432       INFO  main            d.u.i.k.p.i.AbstractProblemLoader Loading environment from /home/runner/work/key/key/key.core/../key.ui/examples/heap/comprehensions/general_sum.key.proof 
8432       DEBUG main            d.u.i.k.p.i.AbstractProblemLoader Environment load took 127.4ns 
8434       INFO  main            d.u.i.k.p.i.AbstractProblemLoader Creating init config 
11094      DEBUG main            d.u.i.k.p.i.AbstractProblemLoader Init config took 2.66s 
11176      INFO  main            d.u.i.k.p.i.AbstractProblemLoader Replaying proof GSum[GSum::doNothing()].JML operation contract.0 
11211      DEBUG main            d.u.i.k.p.i.IntermediateProofReplayer Proof replay took 26.51ms 
11223      DEBUG main            d.u.i.k.p.r.p.TestFile    ... success: reloaded. 
11227      INFO  main            d.u.i.k.p.r.p.TestFile    Now processing file /home/runner/work/key/key/key.core/../key.ui/examples/heap/comprehensions/sum0.key 
11230      INFO  main            d.u.i.k.p.i.AbstractProblemLoader Loading environment from /home/runner/work/key/key/key.core/../key.ui/examples/heap/comprehensions/sum0.key 
11230      DEBUG main            d.u.i.k.p.i.AbstractProblemLoader Environment load took 253.5ns 
11232      INFO  main            d.u.i.k.p.i.AbstractProblemLoader Creating init config 
13839      DEBUG main            d.u.i.k.p.i.AbstractProblemLoader Init config took 2.61s 
13895      INFO  main            d.u.i.k.p.i.AbstractProblemLoader Replaying proof Sum[Sum::sum0([I)].JML normal_behavior operation contract.0 
13898      DEBUG main            d.u.i.k.p.i.IntermediateProofReplayer Proof replay took 5.5ns 
13987      DEBUG Thread-4        d.u.i.k.l.l.OriginTermLabel commonFileName is null! 
13987      DEBUG Thread-4        d.u.i.k.l.l.OriginTermLabel commonFileName is null! 
14140      DEBUG Thread-4        d.u.i.k.l.l.OriginTermLabel commonFileName is null! 
14141      DEBUG Thread-4        d.u.i.k.l.l.OriginTermLabel commonFileName is null! 
14348      DEBUG Thread-4        d.u.i.k.l.l.OriginTermLabel commonFileName is null! 
14617      INFO  main            d.u.i.k.p.r.p.TestFile    ... finished proof: closed. 
14736      INFO  main            d.u.i.k.p.i.AbstractProblemLoader Loading environment from /home/runner/work/key/key/key.core/../key.ui/examples/heap/comprehensions/sum0.key.proof 
14741      DEBUG main            d.u.i.k.p.i.AbstractProblemLoader Environment load took 4.25ms 
14742      INFO  main            d.u.i.k.p.i.AbstractProblemLoader Creating init config 
17310      DEBUG main            d.u.i.k.p.i.AbstractProblemLoader Init config took 2.57s 
17358      INFO  main            d.u.i.k.p.i.AbstractProblemLoader Replaying proof Sum[Sum::sum0([I)].JML normal_behavior operation contract.0 
17387      DEBUG main            d.u.i.k.l.l.OriginTermLabel commonFileName is null! 
17388      DEBUG main            d.u.i.k.l.l.OriginTermLabel commonFileName is null! 
17426      DEBUG main            d.u.i.k.l.l.OriginTermLabel commonFileName is null! 
17452      DEBUG main            d.u.i.k.l.l.OriginTermLabel commonFileName is null! 
17455      DEBUG main            d.u.i.k.l.l.OriginTermLabel commonFileName is null! 
17458      DEBUG main            d.u.i.k.p.i.IntermediateProofReplayer Proof replay took 94.24ms 
17459      DEBUG main            d.u.i.k.p.r.p.TestFile    ... success: reloaded. 
17461      INFO  main            d.u.i.k.p.r.p.TestFile    Now processing file /home/runner/work/key/key/key.core/../key.ui/examples/heap/comprehensions/sum1.key 
17461      INFO  main            d.u.i.k.p.i.AbstractProblemLoader Loading environment from /home/runner/work/key/key/key.core/../key.ui/examples/heap/comprehensions/sum1.key 
17462      DEBUG main            d.u.i.k.p.i.AbstractProblemLoader Environment load took 341.4ns 
17463      INFO  main            d.u.i.k.p.i.AbstractProblemLoader Creating init config 
19966      DEBUG main            d.u.i.k.p.i.AbstractProblemLoader Init config took 2.5s 
20010      INFO  main            d.u.i.k.p.i.AbstractProblemLoader Replaying proof Sum[Sum::sum1([I)].JML normal_behavior operation contract.0 
20013      DEBUG main            d.u.i.k.p.i.IntermediateProofReplayer Proof replay took 4.6ns 
20066      DEBUG Thread-7        d.u.i.k.l.l.OriginTermLabel commonFileName is null! 
20066      DEBUG Thread-7        d.u.i.k.l.l.OriginTermLabel commonFileName is null! 
20222      DEBUG Thread-7        d.u.i.k.l.l.OriginTermLabel commonFileName is null! 
20223      DEBUG Thread-7        d.u.i.k.l.l.OriginTermLabel commonFileName is null! 
20341      DEBUG Thread-7        d.u.i.k.l.l.OriginTermLabel commonFileName is null! 
20517      INFO  main            d.u.i.k.p.r.p.TestFile    ... finished proof: closed. 
20737      INFO  main            d.u.i.k.p.i.AbstractProblemLoader Loading environment from /home/runner/work/key/key/key.core/../key.ui/examples/heap/comprehensions/sum1.key.proof 
20738      DEBUG main            d.u.i.k.p.i.AbstractProblemLoader Environment load took 603.89ns 
20739      INFO  main            d.u.i.k.p.i.AbstractProblemLoader Creating init config 
23169      DEBUG main            d.u.i.k.p.i.AbstractProblemLoader Init config took 2.43s 
23216      INFO  main            d.u.i.k.p.i.AbstractProblemLoader Replaying proof Sum[Sum::sum1([I)].JML normal_behavior operation contract.0 
23257      DEBUG main            d.u.i.k.l.l.OriginTermLabel commonFileName is null! 
23257      DEBUG main            d.u.i.k.l.l.OriginTermLabel commonFileName is null! 
23300      DEBUG main            d.u.i.k.l.l.OriginTermLabel commonFileName is null! 
23329      DEBUG main            d.u.i.k.l.l.OriginTermLabel commonFileName is null! 
23329      DEBUG main            d.u.i.k.l.l.OriginTermLabel commonFileName is null! 
23331      DEBUG main            d.u.i.k.p.i.IntermediateProofReplayer Proof replay took 106.16ms 
23332      DEBUG main            d.u.i.k.p.r.p.TestFile    ... success: reloaded. 
23334      INFO  main            d.u.i.k.p.r.p.TestFile    Now processing file /home/runner/work/key/key/key.core/../key.ui/examples/heap/comprehensions/sum2.key 
23334      INFO  main            d.u.i.k.p.i.AbstractProblemLoader Loading environment from /home/runner/work/key/key/key.core/../key.ui/examples/heap/comprehensions/sum2.key 
23335      DEBUG main            d.u.i.k.p.i.AbstractProblemLoader Environment load took 120.4ns 
23338      INFO  main            d.u.i.k.p.i.AbstractProblemLoader Creating init config 
25837      DEBUG main            d.u.i.k.p.i.AbstractProblemLoader Init config took 2.5s 
25877      INFO  main            d.u.i.k.p.i.AbstractProblemLoader Replaying proof Sum[Sum::sum2([I)].JML normal_behavior operation contract.0 
25879      DEBUG main            d.u.i.k.p.i.IntermediateProofReplayer Proof replay took 5.4ns 
25921      DEBUG Thread-10       d.u.i.k.l.l.OriginTermLabel commonFileName is null! 
25921      DEBUG Thread-10       d.u.i.k.l.l.OriginTermLabel commonFileName is null! 
26021      DEBUG Thread-10       d.u.i.k.l.l.OriginTermLabel commonFileName is null! 
26021      DEBUG Thread-10       d.u.i.k.l.l.OriginTermLabel commonFileName is null! 
26093      DEBUG Thread-10       d.u.i.k.l.l.OriginTermLabel commonFileName is null! 
26283      INFO  main            d.u.i.k.p.r.p.TestFile    ... finished proof: closed. 
26427      INFO  main            d.u.i.k.p.i.AbstractProblemLoader Loading environment from /home/runner/work/key/key/key.core/../key.ui/examples/heap/comprehensions/sum2.key.proof 
26431      DEBUG main            d.u.i.k.p.i.AbstractProblemLoader Environment load took 3.93ms 
26432      INFO  main            d.u.i.k.p.i.AbstractProblemLoader Creating init config 
28845      DEBUG main            d.u.i.k.p.i.AbstractProblemLoader Init config took 2.41s 
28890      INFO  main            d.u.i.k.p.i.AbstractProblemLoader Replaying proof Sum[Sum::sum2([I)].JML normal_behavior operation contract.0 
28911      DEBUG main            d.u.i.k.l.l.OriginTermLabel commonFileName is null! 
28911      DEBUG main            d.u.i.k.l.l.OriginTermLabel commonFileName is null! 
28936      DEBUG main            d.u.i.k.l.l.OriginTermLabel commonFileName is null! 
28953      DEBUG main            d.u.i.k.l.l.OriginTermLabel commonFileName is null! 
28953      DEBUG main            d.u.i.k.l.l.OriginTermLabel commonFileName is null! 
28955      DEBUG main            d.u.i.k.p.i.IntermediateProofReplayer Proof replay took 61.36ms 
28956      DEBUG main            d.u.i.k.p.r.p.TestFile    ... success: reloaded. 
28957      INFO  main            d.u.i.k.p.r.p.TestFile    Now processing file /home/runner/work/key/key/key.core/../key.ui/examples/heap/comprehensions/sum3.key 
28957      INFO  main            d.u.i.k.p.i.AbstractProblemLoader Loading environment from /home/runner/work/key/key/key.core/../key.ui/examples/heap/comprehensions/sum3.key 
28957      DEBUG main            d.u.i.k.p.i.AbstractProblemLoader Environment load took 68.3ns 
28958      INFO  main            d.u.i.k.p.i.AbstractProblemLoader Creating init config 
31385      DEBUG main            d.u.i.k.p.i.AbstractProblemLoader Init config took 2.43s 
31426      INFO  main            d.u.i.k.p.i.AbstractProblemLoader Replaying proof Sum[Sum::sum3([I)].JML normal_behavior operation contract.0 
31427      DEBUG main            d.u.i.k.p.i.IntermediateProofReplayer Proof replay took 5.9ns 
31472      DEBUG Thread-13       d.u.i.k.l.l.OriginTermLabel commonFileName is null! 
31473      DEBUG Thread-13       d.u.i.k.l.l.OriginTermLabel commonFileName is null! 
31570      DEBUG Thread-13       d.u.i.k.l.l.OriginTermLabel commonFileName is null! 
31570      DEBUG Thread-13       d.u.i.k.l.l.OriginTermLabel commonFileName is null! 
31641      DEBUG Thread-13       d.u.i.k.l.l.OriginTermLabel commonFileName is null! 
31730      INFO  main            d.u.i.k.p.r.p.TestFile    ... finished proof: closed. 
31882      INFO  main            d.u.i.k.p.i.AbstractProblemLoader Loading environment from /home/runner/work/key/key/key.core/../key.ui/examples/heap/comprehensions/sum3.key.proof 
31882      DEBUG main            d.u.i.k.p.i.AbstractProblemLoader Environment load took 121.7ns 
31883      INFO  main            d.u.i.k.p.i.AbstractProblemLoader Creating init config 
34318      DEBUG main            d.u.i.k.p.i.AbstractProblemLoader Init config took 2.43s 
34380      INFO  main            d.u.i.k.p.i.AbstractProblemLoader Replaying proof Sum[Sum::sum3([I)].JML normal_behavior operation contract.0 
34405      DEBUG main            d.u.i.k.l.l.OriginTermLabel commonFileName is null! 
34407      DEBUG main            d.u.i.k.l.l.OriginTermLabel commonFileName is null! 
34456      DEBUG main            d.u.i.k.l.l.OriginTermLabel commonFileName is null! 
34476      DEBUG main            d.u.i.k.l.l.OriginTermLabel commonFileName is null! 
34478      DEBUG main            d.u.i.k.l.l.OriginTermLabel commonFileName is null! 
34482      DEBUG main            d.u.i.k.p.i.IntermediateProofReplayer Proof replay took 97.94ms 
34484      DEBUG main            d.u.i.k.p.r.p.TestFile    ... success: reloaded. 
34488      INFO  main            d.u.i.k.p.r.p.TestFile    Now processing file /home/runner/work/key/key/key.core/../key.ui/examples/heap/comprehensions/segsum.key 
34488      INFO  main            d.u.i.k.p.i.AbstractProblemLoader Loading environment from /home/runner/work/key/key/key.core/../key.ui/examples/heap/comprehensions/segsum.key 
34489      DEBUG main            d.u.i.k.p.i.AbstractProblemLoader Environment load took 340.3ns 
34491      INFO  main            d.u.i.k.p.i.AbstractProblemLoader Creating init config 
36926      DEBUG main            d.u.i.k.p.i.AbstractProblemLoader Init config took 2.43s 
36971      INFO  main            d.u.i.k.p.i.AbstractProblemLoader Replaying proof SegSum[SegSum::segSum([I,int,int)].JML normal_behavior operation contract.0 
36974      DEBUG main            d.u.i.k.p.i.IntermediateProofReplayer Proof replay took 6.5ns 
37377      INFO  main            d.u.i.k.p.r.p.TestFile    ... finished proof: closed. 
37582      INFO  main            d.u.i.k.p.i.AbstractProblemLoader Loading environment from /home/runner/work/key/key/key.core/../key.ui/examples/heap/comprehensions/segsum.key.proof 
37584      DEBUG main            d.u.i.k.p.i.AbstractProblemLoader Environment load took 1.65ms 
37585      INFO  main            d.u.i.k.p.i.AbstractProblemLoader Creating init config 
39956      DEBUG main            d.u.i.k.p.i.AbstractProblemLoader Init config took 2.37s 
40000      INFO  main            d.u.i.k.p.i.AbstractProblemLoader Replaying proof SegSum[SegSum::segSum([I,int,int)].JML normal_behavior operation contract.0 
40062      DEBUG main            d.u.i.k.p.i.IntermediateProofReplayer Proof replay took 58.36ms 
40063      DEBUG main            d.u.i.k.p.r.p.TestFile    ... success: reloaded. 
40064      INFO  main            d.u.i.k.p.r.p.TestFile    Now processing file /home/runner/work/key/key/key.core/../key.ui/examples/heap/comprehensions/bsum_negative.key 
40064      INFO  main            d.u.i.k.p.i.AbstractProblemLoader Loading environment from /home/runner/work/key/key/key.core/../key.ui/examples/heap/comprehensions/bsum_negative.key 
40064      DEBUG main            d.u.i.k.p.i.AbstractProblemLoader Environment load took 60.7ns 
40065      INFO  main            d.u.i.k.p.i.AbstractProblemLoader Creating init config 
42363      DEBUG main            d.u.i.k.p.i.AbstractProblemLoader Init config took 2.3s 
42382      INFO  main            d.u.i.k.p.i.AbstractProblemLoader Replaying proof bsum_negative.key 
42385      DEBUG main            d.u.i.k.p.i.IntermediateProofReplayer Proof replay took 6.9ns 
42490      INFO  main            d.u.i.k.p.r.p.TestFile    ... finished proof: closed. 
42634      INFO  main            d.u.i.k.p.i.AbstractProblemLoader Loading environment from /home/runner/work/key/key/key.core/../key.ui/examples/heap/comprehensions/bsum_negative.key.proof 
42634      DEBUG main            d.u.i.k.p.i.AbstractProblemLoader Environment load took 109.7ns 
42635      INFO  main            d.u.i.k.p.i.AbstractProblemLoader Creating init config 
44881      DEBUG main            d.u.i.k.p.i.AbstractProblemLoader Init config took 2.25s 
44904      INFO  main            d.u.i.k.p.i.AbstractProblemLoader Replaying proof bsum_negative.key.proof 
44908      DEBUG main            d.u.i.k.p.i.IntermediateProofReplayer Proof replay took 1.39ms 
44909      DEBUG main            d.u.i.k.p.r.p.TestFile    ... success: reloaded. 
44910      INFO  main            d.u.i.k.p.r.p.TestFile    Now processing file /home/runner/work/key/key/key.core/../key.ui/examples/heap/comprehensions/bsum_neg2.key 
44910      INFO  main            d.u.i.k.p.i.AbstractProblemLoader Loading environment from /home/runner/work/key/key/key.core/../key.ui/examples/heap/comprehensions/bsum_neg2.key 
44910      DEBUG main            d.u.i.k.p.i.AbstractProblemLoader Environment load took 56.7ns 
44911      INFO  main            d.u.i.k.p.i.AbstractProblemLoader Creating init config 
47191      DEBUG main            d.u.i.k.p.i.AbstractProblemLoader Init config took 2.28s 
47210      INFO  main            d.u.i.k.p.i.AbstractProblemLoader Replaying proof bsum_neg2.key 
47212      DEBUG main            d.u.i.k.p.i.IntermediateProofReplayer Proof replay took 6.6ns 
47313      INFO  main            d.u.i.k.p.r.p.TestFile    ... finished proof: closed. 
47463      INFO  main            d.u.i.k.p.i.AbstractProblemLoader Loading environment from /home/runner/work/key/key/key.core/../key.ui/examples/heap/comprehensions/bsum_neg2.key.proof 
47463      DEBUG main            d.u.i.k.p.i.AbstractProblemLoader Environment load took 115.7ns 
47464      INFO  main            d.u.i.k.p.i.AbstractProblemLoader Creating init config 
49682      DEBUG main            d.u.i.k.p.i.AbstractProblemLoader Init config took 2.22s 
49697      INFO  main            d.u.i.k.p.i.AbstractProblemLoader Replaying proof bsum_neg2.key.proof 
49699      DEBUG main            d.u.i.k.p.i.IntermediateProofReplayer Proof replay took 611.39ns 
49700      DEBUG main            d.u.i.k.p.r.p.TestFile    ... success: reloaded. 
49701      INFO  main            d.u.i.k.p.r.p.TestFile    Now processing file /home/runner/work/key/key/key.core/../key.ui/examples/heap/comprehensions/bsumSplit.key 
49701      INFO  main            d.u.i.k.p.i.AbstractProblemLoader Loading environment from /home/runner/work/key/key/key.core/../key.ui/examples/heap/comprehensions/bsumSplit.key 
49701      DEBUG main            d.u.i.k.p.i.AbstractProblemLoader Environment load took 54.1ns 
49702      INFO  main            d.u.i.k.p.i.AbstractProblemLoader Creating init config 
51960      DEBUG main            d.u.i.k.p.i.AbstractProblemLoader Init config took 2.26s 
51976      INFO  main            d.u.i.k.p.i.AbstractProblemLoader Replaying proof bsumSplit.key 
51977      DEBUG main            d.u.i.k.p.i.IntermediateProofReplayer Proof replay took 6.4ns 
52079      INFO  main            d.u.i.k.p.r.p.TestFile    ... finished proof: closed. 
52282      INFO  main            d.u.i.k.p.i.AbstractProblemLoader Loading environment from /home/runner/work/key/key/key.core/../key.ui/examples/heap/comprehensions/bsumSplit.key.proof 
52282      DEBUG main            d.u.i.k.p.i.AbstractProblemLoader Environment load took 104.3ns 
52283      INFO  main            d.u.i.k.p.i.AbstractProblemLoader Creating init config 
54530      DEBUG main            d.u.i.k.p.i.AbstractProblemLoader Init config took 2.25s 
54545      INFO  main            d.u.i.k.p.i.AbstractProblemLoader Replaying proof bsumSplit.key.proof 
54549      DEBUG main            d.u.i.k.p.i.IntermediateProofReplayer Proof replay took 2.78ms 
54550      DEBUG main            d.u.i.k.p.r.p.TestFile    ... success: reloaded. 
54550      INFO  main            d.u.i.k.p.r.p.TestFile    Now processing file /home/runner/work/key/key/key.core/../key.ui/examples/heap/comprehensions/bprodSplit.key 
54550      INFO  main            d.u.i.k.p.i.AbstractProblemLoader Loading environment from /home/runner/work/key/key/key.core/../key.ui/examples/heap/comprehensions/bprodSplit.key 
54550      DEBUG main            d.u.i.k.p.i.AbstractProblemLoader Environment load took 52.2ns 
54551      INFO  main            d.u.i.k.p.i.AbstractProblemLoader Creating init config 
56820      DEBUG main            d.u.i.k.p.i.AbstractProblemLoader Init config took 2.27s 
56835      INFO  main            d.u.i.k.p.i.AbstractProblemLoader Replaying proof bprodSplit.key 
56840      DEBUG main            d.u.i.k.p.i.IntermediateProofReplayer Proof replay took 6.7ns 
56942      INFO  main            d.u.i.k.p.r.p.TestFile    ... finished proof: closed. 
57143      INFO  main            d.u.i.k.p.i.AbstractProblemLoader Loading environment from /home/runner/work/key/key/key.core/../key.ui/examples/heap/comprehensions/bprodSplit.key.proof 
57143      DEBUG main            d.u.i.k.p.i.AbstractProblemLoader Environment load took 104.5ns 
57144      INFO  main            d.u.i.k.p.i.AbstractProblemLoader Creating init config 
59394      DEBUG main            d.u.i.k.p.i.AbstractProblemLoader Init config took 2.25s 
59410      INFO  main            d.u.i.k.p.i.AbstractProblemLoader Replaying proof bprodSplit.key.proof 
59414      DEBUG main            d.u.i.k.p.i.IntermediateProofReplayer Proof replay took 1.4ms 
59415      DEBUG main            d.u.i.k.p.r.p.TestFile    ... success: reloaded. 
59416      INFO  main            d.u.i.k.p.r.p.TestFile    Now processing file /home/runner/work/key/key/key.core/../key.ui/examples/heap/comprehensions/bsumSplitInvalid.key 
59416      INFO  main            d.u.i.k.p.i.AbstractProblemLoader Loading environment from /home/runner/work/key/key/key.core/../key.ui/examples/heap/comprehensions/bsumSplitInvalid.key 
59416      DEBUG main            d.u.i.k.p.i.AbstractProblemLoader Environment load took 277.1ns 
59417      INFO  main            d.u.i.k.p.i.AbstractProblemLoader Creating init config 
61683      DEBUG main            d.u.i.k.p.i.AbstractProblemLoader Init config took 2.27s 
61698      INFO  main            d.u.i.k.p.i.AbstractProblemLoader Replaying proof bsumSplitInvalid.key 
61699      DEBUG main            d.u.i.k.p.i.IntermediateProofReplayer Proof replay took 6.4ns 
61802      INFO  main            d.u.i.k.p.r.p.TestFile    ... finished proof: open goal(s) 
138018     INFO  Test worker     d.u.i.k.p.r.RunAllProofsTestUnit Returning from test comprehensions 
138019     INFO  Test worker     d.u.i.k.p.r.RunAllProofsTestUnit Running test performance 
322        INFO  Timeout watchdog d.u.i.k.p.r.p.ForkedTestFileRunner Timeout watcher launched (2000 secs.) 
341        WARN  main            d.u.i.k.s.ProofSettings   The settings in /home/runner/.key/proof-settings.props are *not* read. 
367        INFO  main            d.u.i.k.p.r.p.TestFile    Now processing file /home/runner/work/key/key/key.core/../key.ui/examples/performance-test/Disjoint(Disjoint__disjoint_08()).JML_operation_contract.0.key 
471        INFO  main            d.u.i.k.p.i.AbstractProblemLoader Loading environment from /home/runner/work/key/key/key.core/../key.ui/examples/performance-test/Disjoint(Disjoint__disjoint_08()).JML_operation_contract.0.key 
491        DEBUG main            d.u.i.k.p.i.AbstractProblemLoader Environment load took 2.27ms 
697        INFO  main            d.u.i.k.p.i.AbstractProblemLoader Creating init config 
1632       DEBUG main            d.u.i.k.j.TypeConverter   No LDT found for Meta 
1634       DEBUG main            d.u.i.k.j.TypeConverter   No LDT found for Meta 
1637       DEBUG main            d.u.i.k.j.TypeConverter   No LDT found for Meta 
1638       DEBUG main            d.u.i.k.j.TypeConverter   No LDT found for Meta 
3001       DEBUG main            d.u.i.k.j.TypeConverter   No LDT found for JavaBigintExpression 
8406       DEBUG main            d.u.i.k.j.r.ClassPreparationMethodBuilder clPrepBuilder: Inner Class detected. Reject building class initialisation methods. 
15889      DEBUG main            d.u.i.k.p.i.AbstractProblemLoader Init config took 15.19s 
16078      INFO  main            d.u.i.k.p.i.AbstractProblemLoader Replaying proof Disjoint[Disjoint::disjoint_8()].JML operation contract.0 
16124      DEBUG main            d.u.i.k.p.i.IntermediateProofReplayer Proof replay took 335.7ns 
18578      INFO  main            d.u.i.k.p.r.p.TestFile    ... finished proof: closed. 
18827      INFO  main            d.u.i.k.p.i.AbstractProblemLoader Loading environment from /home/runner/work/key/key/key.core/../key.ui/examples/performance-test/Disjoint(Disjoint__disjoint_08()).JML_operation_contract.0.key.proof 
18827      DEBUG main            d.u.i.k.p.i.AbstractProblemLoader Environment load took 157.4ns 
18835      INFO  main            d.u.i.k.p.i.AbstractProblemLoader Creating init config 
21867      DEBUG main            d.u.i.k.j.r.ClassPreparationMethodBuilder clPrepBuilder: Inner Class detected. Reject building class initialisation methods. 
28592      DEBUG main            d.u.i.k.p.i.AbstractProblemLoader Init config took 9.76s 
28705      INFO  main            d.u.i.k.p.i.AbstractProblemLoader Replaying proof Disjoint[Disjoint::disjoint_8()].JML operation contract.0 
28986      DEBUG main            d.u.i.k.p.i.IntermediateProofReplayer Proof replay took 269.12ms 
29002      DEBUG main            d.u.i.k.p.r.p.TestFile    ... success: reloaded. 
29004      INFO  main            d.u.i.k.p.r.p.TestFile    Now processing file /home/runner/work/key/key/key.core/../key.ui/examples/performance-test/Disjoint(Disjoint__disjoint2_08()).JML_operation_contract.0.key 
29007      INFO  main            d.u.i.k.p.i.AbstractProblemLoader Loading environment from /home/runner/work/key/key/key.core/../key.ui/examples/performance-test/Disjoint(Disjoint__disjoint2_08()).JML_operation_contract.0.key 
29007      DEBUG main            d.u.i.k.p.i.AbstractProblemLoader Environment load took 348.1ns 
29009      INFO  main            d.u.i.k.p.i.AbstractProblemLoader Creating init config 
31913      DEBUG main            d.u.i.k.j.r.ClassPreparationMethodBuilder clPrepBuilder: Inner Class detected. Reject building class initialisation methods. 
38736      DEBUG main            d.u.i.k.p.i.AbstractProblemLoader Init config took 9.73s 
38837      INFO  main            d.u.i.k.p.i.AbstractProblemLoader Replaying proof Disjoint[Disjoint::disjoint2_8()].JML operation contract.0 
38840      DEBUG main            d.u.i.k.p.i.IntermediateProofReplayer Proof replay took 19.2ns 
39944      INFO  main            d.u.i.k.p.r.p.TestFile    ... finished proof: closed. 
40234      INFO  main            d.u.i.k.p.i.AbstractProblemLoader Loading environment from /home/runner/work/key/key/key.core/../key.ui/examples/performance-test/Disjoint(Disjoint__disjoint2_08()).JML_operation_contract.0.key.proof 
40236      DEBUG main            d.u.i.k.p.i.AbstractProblemLoader Environment load took 1.93ms 
40237      INFO  main            d.u.i.k.p.i.AbstractProblemLoader Creating init config 
43019      DEBUG main            d.u.i.k.j.r.ClassPreparationMethodBuilder clPrepBuilder: Inner Class detected. Reject building class initialisation methods. 
49673      DEBUG main            d.u.i.k.p.i.AbstractProblemLoader Init config took 9.44s 
49757      INFO  main            d.u.i.k.p.i.AbstractProblemLoader Replaying proof Disjoint[Disjoint::disjoint2_8()].JML operation contract.0 
49827      DEBUG main            d.u.i.k.p.i.IntermediateProofReplayer Proof replay took 65.6ms 
49828      DEBUG main            d.u.i.k.p.r.p.TestFile    ... success: reloaded. 
49830      INFO  main            d.u.i.k.p.r.p.TestFile    Now processing file /home/runner/work/key/key/key.core/../key.ui/examples/performance-test/AccessChain1(AccessChain1__foo_08()).JML_operation_contract.0.key 
49830      INFO  main            d.u.i.k.p.i.AbstractProblemLoader Loading environment from /home/runner/work/key/key/key.core/../key.ui/examples/performance-test/AccessChain1(AccessChain1__foo_08()).JML_operation_contract.0.key 
49830      DEBUG main            d.u.i.k.p.i.AbstractProblemLoader Environment load took 61.3ns 
49831      INFO  main            d.u.i.k.p.i.AbstractProblemLoader Creating init config 
52658      DEBUG main            d.u.i.k.j.r.ClassPreparationMethodBuilder clPrepBuilder: Inner Class detected. Reject building class initialisation methods. 
59316      DEBUG main            d.u.i.k.p.i.AbstractProblemLoader Init config took 9.49s 
59402      INFO  main            d.u.i.k.p.i.AbstractProblemLoader Replaying proof AccessChain1[AccessChain1::foo_8()].JML operation contract.0 
59404      DEBUG main            d.u.i.k.p.i.IntermediateProofReplayer Proof replay took 10.5ns 
61959      INFO  main            d.u.i.k.p.r.p.TestFile    ... finished proof: closed. 
62264      INFO  main            d.u.i.k.p.i.AbstractProblemLoader Loading environment from /home/runner/work/key/key/key.core/../key.ui/examples/performance-test/AccessChain1(AccessChain1__foo_08()).JML_operation_contract.0.key.proof 
62268      DEBUG main            d.u.i.k.p.i.AbstractProblemLoader Environment load took 3.71ms 
62270      INFO  main            d.u.i.k.p.i.AbstractProblemLoader Creating init config 
64988      DEBUG main            d.u.i.k.j.r.ClassPreparationMethodBuilder clPrepBuilder: Inner Class detected. Reject building class initialisation methods. 
71525      DEBUG main            d.u.i.k.p.i.AbstractProblemLoader Init config took 9.26s 
71609      INFO  main            d.u.i.k.p.i.AbstractProblemLoader Replaying proof AccessChain1[AccessChain1::foo_8()].JML operation contract.0 
72004      DEBUG main            d.u.i.k.p.i.IntermediateProofReplayer Proof replay took 379.09ms 
72006      DEBUG main            d.u.i.k.p.r.p.TestFile    ... success: reloaded. 
72007      INFO  main            d.u.i.k.p.r.p.TestFile    Now processing file /home/runner/work/key/key/key.core/../key.ui/examples/performance-test/AccessChain4(AccessChain4__foo_08()).JML_operation_contract.0.key 
72008      INFO  main            d.u.i.k.p.i.AbstractProblemLoader Loading environment from /home/runner/work/key/key/key.core/../key.ui/examples/performance-test/AccessChain4(AccessChain4__foo_08()).JML_operation_contract.0.key 
72008      DEBUG main            d.u.i.k.p.i.AbstractProblemLoader Environment load took 273.1ns 
72009      INFO  main            d.u.i.k.p.i.AbstractProblemLoader Creating init config 
74858      DEBUG main            d.u.i.k.j.r.ClassPreparationMethodBuilder clPrepBuilder: Inner Class detected. Reject building class initialisation methods. 
81471      DEBUG main            d.u.i.k.p.i.AbstractProblemLoader Init config took 9.46s 
81554      INFO  main            d.u.i.k.p.i.AbstractProblemLoader Replaying proof AccessChain4[AccessChain4::foo_8()].JML operation contract.0 
81557      DEBUG main            d.u.i.k.p.i.IntermediateProofReplayer Proof replay took 9.9ns 
87534      INFO  main            d.u.i.k.p.r.p.TestFile    ... finished proof: closed. 
87863      INFO  main            d.u.i.k.p.i.AbstractProblemLoader Loading environment from /home/runner/work/key/key/key.core/../key.ui/examples/performance-test/AccessChain4(AccessChain4__foo_08()).JML_operation_contract.0.key.proof 
87864      DEBUG main            d.u.i.k.p.i.AbstractProblemLoader Environment load took 542.67ns 
87874      INFO  main            d.u.i.k.p.i.AbstractProblemLoader Creating init config 
90575      DEBUG main            d.u.i.k.j.r.ClassPreparationMethodBuilder clPrepBuilder: Inner Class detected. Reject building class initialisation methods. 
97054      DEBUG main            d.u.i.k.p.i.AbstractProblemLoader Init config took 9.18s 
97131      INFO  main            d.u.i.k.p.i.AbstractProblemLoader Replaying proof AccessChain4[AccessChain4::foo_8()].JML operation contract.0 
97783      DEBUG main            d.u.i.k.p.i.IntermediateProofReplayer Proof replay took 621.22ms 
97785      DEBUG main            d.u.i.k.p.r.p.TestFile    ... success: reloaded. 
97787      INFO  main            d.u.i.k.p.r.p.TestFile    Now processing file /home/runner/work/key/key/key.core/../key.ui/examples/performance-test/Disjoint(Disjoint__xZero_08()).JML_operation_contract.0.key 
97791      INFO  main            d.u.i.k.p.i.AbstractProblemLoader Loading environment from /home/runner/work/key/key/key.core/../key.ui/examples/performance-test/Disjoint(Disjoint__xZero_08()).JML_operation_contract.0.key 
97791      DEBUG main            d.u.i.k.p.i.AbstractProblemLoader Environment load took 276.69ns 
97792      INFO  main            d.u.i.k.p.i.AbstractProblemLoader Creating init config 
100589     DEBUG main            d.u.i.k.j.r.ClassPreparationMethodBuilder clPrepBuilder: Inner Class detected. Reject building class initialisation methods. 
107080     DEBUG main            d.u.i.k.p.i.AbstractProblemLoader Init config took 9.29s 
107165     INFO  main            d.u.i.k.p.i.AbstractProblemLoader Replaying proof Disjoint[Disjoint::xZero_8()].JML operation contract.0 
107167     DEBUG main            d.u.i.k.p.i.IntermediateProofReplayer Proof replay took 10.7ns 
108076     INFO  main            d.u.i.k.p.r.p.TestFile    ... finished proof: closed. 
108415     INFO  main            d.u.i.k.p.i.AbstractProblemLoader Loading environment from /home/runner/work/key/key/key.core/../key.ui/examples/performance-test/Disjoint(Disjoint__xZero_08()).JML_operation_contract.0.key.proof 
108415     DEBUG main            d.u.i.k.p.i.AbstractProblemLoader Environment load took 530.89ns 
108417     INFO  main            d.u.i.k.p.i.AbstractProblemLoader Creating init config 
111116     DEBUG main            d.u.i.k.j.r.ClassPreparationMethodBuilder clPrepBuilder: Inner Class detected. Reject building class initialisation methods. 
117710     DEBUG main            d.u.i.k.p.i.AbstractProblemLoader Init config took 9.29s 
117785     INFO  main            d.u.i.k.p.i.AbstractProblemLoader Replaying proof Disjoint[Disjoint::xZero_8()].JML operation contract.0 
117966     DEBUG main            d.u.i.k.p.i.IntermediateProofReplayer Proof replay took 173.74ms 
117967     DEBUG main            d.u.i.k.p.r.p.TestFile    ... success: reloaded. 
117969     INFO  main            d.u.i.k.p.r.p.TestFile    Now processing file /home/runner/work/key/key/key.core/../key.ui/examples/performance-test/Dynamic(Dynamic__foo_08()).JML_operation_contract.0.key 
117969     INFO  main            d.u.i.k.p.i.AbstractProblemLoader Loading environment from /home/runner/work/key/key/key.core/../key.ui/examples/performance-test/Dynamic(Dynamic__foo_08()).JML_operation_contract.0.key 
117970     DEBUG main            d.u.i.k.p.i.AbstractProblemLoader Environment load took 255.79ns 
117971     INFO  main            d.u.i.k.p.i.AbstractProblemLoader Creating init config 
120717     DEBUG main            d.u.i.k.j.r.ClassPreparationMethodBuilder clPrepBuilder: Inner Class detected. Reject building class initialisation methods. 
127171     DEBUG main            d.u.i.k.p.i.AbstractProblemLoader Init config took 9.2s 
127251     INFO  main            d.u.i.k.p.i.AbstractProblemLoader Replaying proof Dynamic[Dynamic::foo_8()].JML operation contract.0 
127254     DEBUG main            d.u.i.k.p.i.IntermediateProofReplayer Proof replay took 10.1ns 
132167     INFO  main            d.u.i.k.p.r.p.TestFile    ... finished proof: closed. 
132509     INFO  main            d.u.i.k.p.i.AbstractProblemLoader Loading environment from /home/runner/work/key/key/key.core/../key.ui/examples/performance-test/Dynamic(Dynamic__foo_08()).JML_operation_contract.0.key.proof 
132509     DEBUG main            d.u.i.k.p.i.AbstractProblemLoader Environment load took 160ns 
132511     INFO  main            d.u.i.k.p.i.AbstractProblemLoader Creating init config 
135194     DEBUG main            d.u.i.k.j.r.ClassPreparationMethodBuilder clPrepBuilder: Inner Class detected. Reject building class initialisation methods. 
141739     DEBUG main            d.u.i.k.p.i.AbstractProblemLoader Init config took 9.23s 
141812     INFO  main            d.u.i.k.p.i.AbstractProblemLoader Replaying proof Dynamic[Dynamic::foo_8()].JML operation contract.0 
142265     DEBUG main            d.u.i.k.p.i.IntermediateProofReplayer Proof replay took 430.18ms 
142267     DEBUG main            d.u.i.k.p.r.p.TestFile    ... success: reloaded. 
142268     INFO  main            d.u.i.k.p.r.p.TestFile    Now processing file /home/runner/work/key/key/key.core/../key.ui/examples/performance-test/DynamicGhost(DynamicGhost__dynamicGhost_08()).JML_normal_behavior_operation_contract.0.key 
142269     INFO  main            d.u.i.k.p.i.AbstractProblemLoader Loading environment from /home/runner/work/key/key/key.core/../key.ui/examples/performance-test/DynamicGhost(DynamicGhost__dynamicGhost_08()).JML_normal_behavior_operation_contract.0.key 
142269     DEBUG main            d.u.i.k.p.i.AbstractProblemLoader Environment load took 260.49ns 
142270     INFO  main            d.u.i.k.p.i.AbstractProblemLoader Creating init config 
145080     DEBUG main            d.u.i.k.j.r.ClassPreparationMethodBuilder clPrepBuilder: Inner Class detected. Reject building class initialisation methods. 
151603     DEBUG main            d.u.i.k.p.i.AbstractProblemLoader Init config took 9.33s 
151679     INFO  main            d.u.i.k.p.i.AbstractProblemLoader Replaying proof DynamicGhost[DynamicGhost::dynamicGhost_8()].JML normal_behavior operation contract.0 
151681     DEBUG main            d.u.i.k.p.i.IntermediateProofReplayer Proof replay took 10.1ns 
155495     INFO  main            d.u.i.k.p.r.p.TestFile    ... finished proof: closed. 
155874     INFO  main            d.u.i.k.p.i.AbstractProblemLoader Loading environment from /home/runner/work/key/key/key.core/../key.ui/examples/performance-test/DynamicGhost(DynamicGhost__dynamicGhost_08()).JML_normal_behavior_operation_contract.0.key.proof 
155875     DEBUG main            d.u.i.k.p.i.AbstractProblemLoader Environment load took 197.09ns 
155876     INFO  main            d.u.i.k.p.i.AbstractProblemLoader Creating init config 
158565     DEBUG main            d.u.i.k.j.r.ClassPreparationMethodBuilder clPrepBuilder: Inner Class detected. Reject building class initialisation methods. 
165055     DEBUG main            d.u.i.k.p.i.AbstractProblemLoader Init config took 9.18s 
165133     INFO  main            d.u.i.k.p.i.AbstractProblemLoader Replaying proof DynamicGhost[DynamicGhost::dynamicGhost_8()].JML normal_behavior operation contract.0 
165552     DEBUG main            d.u.i.k.p.i.IntermediateProofReplayer Proof replay took 398.57ms 
165555     DEBUG main            d.u.i.k.p.r.p.TestFile    ... success: reloaded. 
165556     INFO  main            d.u.i.k.p.r.p.TestFile    Now processing file /home/runner/work/key/key/key.core/../key.ui/examples/performance-test/GhostFrame(GhostFrame__foo_08()).JML_operation_contract.0.key 
165557     INFO  main            d.u.i.k.p.i.AbstractProblemLoader Loading environment from /home/runner/work/key/key/key.core/../key.ui/examples/performance-test/GhostFrame(GhostFrame__foo_08()).JML_operation_contract.0.key 
165557     DEBUG main            d.u.i.k.p.i.AbstractProblemLoader Environment load took 286.89ns 
165558     INFO  main            d.u.i.k.p.i.AbstractProblemLoader Creating init config 
168400     DEBUG main            d.u.i.k.j.r.ClassPreparationMethodBuilder clPrepBuilder: Inner Class detected. Reject building class initialisation methods. 
174940     DEBUG main            d.u.i.k.p.i.AbstractProblemLoader Init config took 9.38s 
175012     INFO  main            d.u.i.k.p.i.AbstractProblemLoader Replaying proof GhostFrame[GhostFrame::foo_8()].JML operation contract.0 
175014     DEBUG main            d.u.i.k.p.i.IntermediateProofReplayer Proof replay took 21.5ns 
176821     INFO  main            d.u.i.k.p.r.p.TestFile    ... finished proof: closed. 
177228     INFO  main            d.u.i.k.p.i.AbstractProblemLoader Loading environment from /home/runner/work/key/key/key.core/../key.ui/examples/performance-test/GhostFrame(GhostFrame__foo_08()).JML_operation_contract.0.key.proof 
177229     DEBUG main            d.u.i.k.p.i.AbstractProblemLoader Environment load took 494.88ns 
177230     INFO  main            d.u.i.k.p.i.AbstractProblemLoader Creating init config 
179902     DEBUG main            d.u.i.k.j.r.ClassPreparationMethodBuilder clPrepBuilder: Inner Class detected. Reject building class initialisation methods. 
186393     DEBUG main            d.u.i.k.p.i.AbstractProblemLoader Init config took 9.16s 
186465     INFO  main            d.u.i.k.p.i.AbstractProblemLoader Replaying proof GhostFrame[GhostFrame::foo_8()].JML operation contract.0 
186702     DEBUG main            d.u.i.k.p.i.IntermediateProofReplayer Proof replay took 229.14ms 
186704     DEBUG main            d.u.i.k.p.r.p.TestFile    ... success: reloaded. 
186705     INFO  main            d.u.i.k.p.r.p.TestFile    Now processing file /home/runner/work/key/key/key.core/../key.ui/examples/performance-test/Modelfield(Modelfield__foo_08()).JML_operation_contract.0.key 
186705     INFO  main            d.u.i.k.p.i.AbstractProblemLoader Loading environment from /home/runner/work/key/key/key.core/../key.ui/examples/performance-test/Modelfield(Modelfield__foo_08()).JML_operation_contract.0.key 
186705     DEBUG main            d.u.i.k.p.i.AbstractProblemLoader Environment load took 74.9ns 
186706     INFO  main            d.u.i.k.p.i.AbstractProblemLoader Creating init config 
189455     DEBUG main            d.u.i.k.j.r.ClassPreparationMethodBuilder clPrepBuilder: Inner Class detected. Reject building class initialisation methods. 
195954     DEBUG main            d.u.i.k.p.i.AbstractProblemLoader Init config took 9.25s 
196025     INFO  main            d.u.i.k.p.i.AbstractProblemLoader Replaying proof Modelfield[Modelfield::foo_8()].JML operation contract.0 
196027     DEBUG main            d.u.i.k.p.i.IntermediateProofReplayer Proof replay took 4.6ns 
198862     INFO  main            d.u.i.k.p.r.p.TestFile    ... finished proof: closed. 
199267     INFO  main            d.u.i.k.p.i.AbstractProblemLoader Loading environment from /home/runner/work/key/key/key.core/../key.ui/examples/performance-test/Modelfield(Modelfield__foo_08()).JML_operation_contract.0.key.proof 
199267     DEBUG main            d.u.i.k.p.i.AbstractProblemLoader Environment load took 196.09ns 
199271     INFO  main            d.u.i.k.p.i.AbstractProblemLoader Creating init config 
201928     DEBUG main            d.u.i.k.j.r.ClassPreparationMethodBuilder clPrepBuilder: Inner Class detected. Reject building class initialisation methods. 
208395     DEBUG main            d.u.i.k.p.i.AbstractProblemLoader Init config took 9.12s 
208467     INFO  main            d.u.i.k.p.i.AbstractProblemLoader Replaying proof Modelfield[Modelfield::foo_8()].JML operation contract.0 
208754     DEBUG main            d.u.i.k.p.i.IntermediateProofReplayer Proof replay took 272.83ms 
208756     DEBUG main            d.u.i.k.p.r.p.TestFile    ... success: reloaded. 
346948     INFO  Test worker     d.u.i.k.p.r.RunAllProofsTestUnit Returning from test performance 
346952     INFO  Test worker     d.u.i.k.p.r.RunAllProofsTestUnit Running test performancePOConstruction 
332        INFO  Timeout watchdog d.u.i.k.p.r.p.ForkedTestFileRunner Timeout watcher launched (2000 secs.) 
347        WARN  main            d.u.i.k.s.ProofSettings   The settings in /home/runner/.key/proof-settings.props are *not* read. 
374        INFO  main            d.u.i.k.p.r.p.TestFile    Now processing file /home/runner/work/key/key/key.core/../key.ui/examples/performance-test/Test(Test__a0(int)).JML_normal_behavior_operation_contract.0.key 
493        INFO  main            d.u.i.k.p.i.AbstractProblemLoader Loading environment from /home/runner/work/key/key/key.core/../key.ui/examples/performance-test/Test(Test__a0(int)).JML_normal_behavior_operation_contract.0.key 
509        DEBUG main            d.u.i.k.p.i.AbstractProblemLoader Environment load took 3.9ms 
721        INFO  main            d.u.i.k.p.i.AbstractProblemLoader Creating init config 
1586       DEBUG main            d.u.i.k.j.TypeConverter   No LDT found for Meta 
1588       DEBUG main            d.u.i.k.j.TypeConverter   No LDT found for Meta 
1589       DEBUG main            d.u.i.k.j.TypeConverter   No LDT found for Meta 
1590       DEBUG main            d.u.i.k.j.TypeConverter   No LDT found for Meta 
3143       DEBUG main            d.u.i.k.j.TypeConverter   No LDT found for JavaBigintExpression 
8345       DEBUG main            d.u.i.k.j.r.ClassPreparationMethodBuilder clPrepBuilder: Inner Class detected. Reject building class initialisation methods. 
15978      DEBUG main            d.u.i.k.p.i.AbstractProblemLoader Init config took 15.26s 
16805      INFO  main            d.u.i.k.p.i.AbstractProblemLoader Replaying proof Test[Test::a0(int)].JML normal_behavior operation contract.0 
16880      DEBUG main            d.u.i.k.p.i.IntermediateProofReplayer Proof replay took 32.5ns 
17339      INFO  main            d.u.i.k.p.r.p.TestFile    ... finished proof: closed. 
17477      INFO  main            d.u.i.k.p.i.AbstractProblemLoader Loading environment from /home/runner/work/key/key/key.core/../key.ui/examples/performance-test/Test(Test__a0(int)).JML_normal_behavior_operation_contract.0.key.proof 
17477      DEBUG main            d.u.i.k.p.i.AbstractProblemLoader Environment load took 126.2ns 
17486      INFO  main            d.u.i.k.p.i.AbstractProblemLoader Creating init config 
20412      DEBUG main            d.u.i.k.j.r.ClassPreparationMethodBuilder clPrepBuilder: Inner Class detected. Reject building class initialisation methods. 
27282      DEBUG main            d.u.i.k.p.i.AbstractProblemLoader Init config took 9.8s 
27989      INFO  main            d.u.i.k.p.i.AbstractProblemLoader Replaying proof Test[Test::a0(int)].JML normal_behavior operation contract.0 
28023      DEBUG main            d.u.i.k.p.i.IntermediateProofReplayer Proof replay took 29.56ms 
28033      DEBUG main            d.u.i.k.p.r.p.TestFile    ... success: reloaded. 
28034      INFO  main            d.u.i.k.p.r.p.TestFile    Now processing file /home/runner/work/key/key/key.core/../key.ui/examples/performance-test/Test(Test__a1(int)).JML_normal_behavior_operation_contract.0.key 
28035      INFO  main            d.u.i.k.p.i.AbstractProblemLoader Loading environment from /home/runner/work/key/key/key.core/../key.ui/examples/performance-test/Test(Test__a1(int)).JML_normal_behavior_operation_contract.0.key 
28035      DEBUG main            d.u.i.k.p.i.AbstractProblemLoader Environment load took 77.7ns 
28036      INFO  main            d.u.i.k.p.i.AbstractProblemLoader Creating init config 
30899      DEBUG main            d.u.i.k.j.r.ClassPreparationMethodBuilder clPrepBuilder: Inner Class detected. Reject building class initialisation methods. 
37552      DEBUG main            d.u.i.k.p.i.AbstractProblemLoader Init config took 9.52s 
38266      INFO  main            d.u.i.k.p.i.AbstractProblemLoader Replaying proof Test[Test::a1(int)].JML normal_behavior operation contract.0 
38269      DEBUG main            d.u.i.k.p.i.IntermediateProofReplayer Proof replay took 6.4ns 
38573      INFO  main            d.u.i.k.p.r.p.TestFile    ... finished proof: closed. 
38797      INFO  main            d.u.i.k.p.i.AbstractProblemLoader Loading environment from /home/runner/work/key/key/key.core/../key.ui/examples/performance-test/Test(Test__a1(int)).JML_normal_behavior_operation_contract.0.key.proof 
38798      DEBUG main            d.u.i.k.p.i.AbstractProblemLoader Environment load took 214.5ns 
38804      INFO  main            d.u.i.k.p.i.AbstractProblemLoader Creating init config 
41635      DEBUG main            d.u.i.k.j.r.ClassPreparationMethodBuilder clPrepBuilder: Inner Class detected. Reject building class initialisation methods. 
48186      DEBUG main            d.u.i.k.p.i.AbstractProblemLoader Init config took 9.38s 
48829      INFO  main            d.u.i.k.p.i.AbstractProblemLoader Replaying proof Test[Test::a1(int)].JML normal_behavior operation contract.0 
48901      DEBUG main            d.u.i.k.p.i.IntermediateProofReplayer Proof replay took 68.22ms 
48903      DEBUG main            d.u.i.k.p.r.p.TestFile    ... success: reloaded. 
48904      INFO  main            d.u.i.k.p.r.p.TestFile    Now processing file /home/runner/work/key/key/key.core/../key.ui/examples/performance-test/Test(Test__f1(int)).JML_normal_behavior_operation_contract.0.key 
48912      INFO  main            d.u.i.k.p.i.AbstractProblemLoader Loading environment from /home/runner/work/key/key/key.core/../key.ui/examples/performance-test/Test(Test__f1(int)).JML_normal_behavior_operation_contract.0.key 
48912      DEBUG main            d.u.i.k.p.i.AbstractProblemLoader Environment load took 257.69ns 
48913      INFO  main            d.u.i.k.p.i.AbstractProblemLoader Creating init config 
51678      DEBUG main            d.u.i.k.j.r.ClassPreparationMethodBuilder clPrepBuilder: Inner Class detected. Reject building class initialisation methods. 
58222      DEBUG main            d.u.i.k.p.i.AbstractProblemLoader Init config took 9.31s 
58903      INFO  main            d.u.i.k.p.i.AbstractProblemLoader Replaying proof Test[Test::f1(int)].JML normal_behavior operation contract.0 
58905      DEBUG main            d.u.i.k.p.i.IntermediateProofReplayer Proof replay took 6ns 
59107      INFO  main            d.u.i.k.p.r.p.TestFile    ... finished proof: closed. 
59380      INFO  main            d.u.i.k.p.i.AbstractProblemLoader Loading environment from /home/runner/work/key/key/key.core/../key.ui/examples/performance-test/Test(Test__f1(int)).JML_normal_behavior_operation_contract.0.key.proof 
59381      DEBUG main            d.u.i.k.p.i.AbstractProblemLoader Environment load took 1.01ms 
59383      INFO  main            d.u.i.k.p.i.AbstractProblemLoader Creating init config 
62119      DEBUG main            d.u.i.k.j.r.ClassPreparationMethodBuilder clPrepBuilder: Inner Class detected. Reject building class initialisation methods. 
68610      DEBUG main            d.u.i.k.p.i.AbstractProblemLoader Init config took 9.23s 
69232      INFO  main            d.u.i.k.p.i.AbstractProblemLoader Replaying proof Test[Test::f1(int)].JML normal_behavior operation contract.0 
69305      DEBUG main            d.u.i.k.p.i.IntermediateProofReplayer Proof replay took 69.53ms 
69306      DEBUG main            d.u.i.k.p.r.p.TestFile    ... success: reloaded. 
416432     INFO  Test worker     d.u.i.k.p.r.RunAllProofsTestUnit Returning from test performancePOConstruction 
416435     INFO  Test worker     d.u.i.k.p.r.RunAllProofsTestUnit Running test applicationRestrictions 
328        INFO  Timeout watchdog d.u.i.k.p.r.p.ForkedTestFileRunner Timeout watcher launched (2000 secs.) 
348        WARN  main            d.u.i.k.s.ProofSettings   The settings in /home/runner/.key/proof-settings.props are *not* read. 
398        INFO  main            d.u.i.k.p.r.p.TestFile    Now processing file /home/runner/work/key/key/key.core/../key.ui/examples/heap/polarity_tests/wellformed1.key 
559        INFO  main            d.u.i.k.p.i.AbstractProblemLoader Loading environment from /home/runner/work/key/key/key.core/../key.ui/examples/heap/polarity_tests/wellformed1.key 
586        DEBUG main            d.u.i.k.p.i.AbstractProblemLoader Environment load took 1.78ms 
836        INFO  main            d.u.i.k.p.i.AbstractProblemLoader Creating init config 
1704       DEBUG main            d.u.i.k.j.TypeConverter   No LDT found for Meta 
1705       DEBUG main            d.u.i.k.j.TypeConverter   No LDT found for Meta 
1706       DEBUG main            d.u.i.k.j.TypeConverter   No LDT found for Meta 
1707       DEBUG main            d.u.i.k.j.TypeConverter   No LDT found for Meta 
3191       DEBUG main            d.u.i.k.j.TypeConverter   No LDT found for JavaBigintExpression 
8275       DEBUG main            d.u.i.k.p.i.AbstractProblemLoader Init config took 7.44s 
8356       INFO  main            d.u.i.k.p.i.AbstractProblemLoader Replaying proof wellformed1.key 
8390       DEBUG main            d.u.i.k.p.i.IntermediateProofReplayer Proof replay took 31.8ns 
8562       INFO  main            d.u.i.k.p.r.p.TestFile    ... finished proof: closed. 
8666       INFO  main            d.u.i.k.p.i.AbstractProblemLoader Loading environment from /home/runner/work/key/key/key.core/../key.ui/examples/heap/polarity_tests/wellformed1.key.proof 
8666       DEBUG main            d.u.i.k.p.i.AbstractProblemLoader Environment load took 125.3ns 
8671       INFO  main            d.u.i.k.p.i.AbstractProblemLoader Creating init config 
11367      DEBUG main            d.u.i.k.p.i.AbstractProblemLoader Init config took 2.7s 
11396      INFO  main            d.u.i.k.p.i.AbstractProblemLoader Replaying proof wellformed1.key.proof 
11402      DEBUG main            d.u.i.k.p.i.IntermediateProofReplayer Proof replay took 2.13ms 
11412      DEBUG main            d.u.i.k.p.r.p.TestFile    ... success: reloaded. 
11414      INFO  main            d.u.i.k.p.r.p.TestFile    Now processing file /home/runner/work/key/key/key.core/../key.ui/examples/heap/polarity_tests/wellformed2.key 
11414      INFO  main            d.u.i.k.p.i.AbstractProblemLoader Loading environment from /home/runner/work/key/key/key.core/../key.ui/examples/heap/polarity_tests/wellformed2.key 
11414      DEBUG main            d.u.i.k.p.i.AbstractProblemLoader Environment load took 243.79ns 
11417      INFO  main            d.u.i.k.p.i.AbstractProblemLoader Creating init config 
13969      DEBUG main            d.u.i.k.p.i.AbstractProblemLoader Init config took 2.55s 
14000      INFO  main            d.u.i.k.p.i.AbstractProblemLoader Replaying proof wellformed2.key 
14002      DEBUG main            d.u.i.k.p.i.IntermediateProofReplayer Proof replay took 5.5ns 
14104      INFO  main            d.u.i.k.p.r.p.TestFile    ... finished proof: open goal(s) 
14213      INFO  main            d.u.i.k.p.r.p.TestFile    Now processing file /home/runner/work/key/key/key.core/../key.ui/examples/heap/polarity_tests/wellformed3.key 
14213      INFO  main            d.u.i.k.p.i.AbstractProblemLoader Loading environment from /home/runner/work/key/key/key.core/../key.ui/examples/heap/polarity_tests/wellformed3.key 
14213      DEBUG main            d.u.i.k.p.i.AbstractProblemLoader Environment load took 67.7ns 
14214      INFO  main            d.u.i.k.p.i.AbstractProblemLoader Creating init config 
16715      DEBUG main            d.u.i.k.p.i.AbstractProblemLoader Init config took 2.5s 
16737      INFO  main            d.u.i.k.p.i.AbstractProblemLoader Replaying proof wellformed3.key 
16739      DEBUG main            d.u.i.k.p.i.IntermediateProofReplayer Proof replay took 5.2ns 
16842      INFO  main            d.u.i.k.p.r.p.TestFile    ... finished proof: closed. 
16983      INFO  main            d.u.i.k.p.i.AbstractProblemLoader Loading environment from /home/runner/work/key/key/key.core/../key.ui/examples/heap/polarity_tests/wellformed3.key.proof 
16983      DEBUG main            d.u.i.k.p.i.AbstractProblemLoader Environment load took 115.6ns 
16984      INFO  main            d.u.i.k.p.i.AbstractProblemLoader Creating init config 
19453      DEBUG main            d.u.i.k.p.i.AbstractProblemLoader Init config took 2.47s 
19474      INFO  main            d.u.i.k.p.i.AbstractProblemLoader Replaying proof wellformed3.key.proof 
19480      DEBUG main            d.u.i.k.p.i.IntermediateProofReplayer Proof replay took 2.02ms 
19482      DEBUG main            d.u.i.k.p.r.p.TestFile    ... success: reloaded. 
19483      INFO  main            d.u.i.k.p.r.p.TestFile    Now processing file /home/runner/work/key/key/key.core/../key.ui/examples/heap/polarity_tests/wellformed4.key 
19483      INFO  main            d.u.i.k.p.i.AbstractProblemLoader Loading environment from /home/runner/work/key/key/key.core/../key.ui/examples/heap/polarity_tests/wellformed4.key 
19483      DEBUG main            d.u.i.k.p.i.AbstractProblemLoader Environment load took 125.4ns 
19487      INFO  main            d.u.i.k.p.i.AbstractProblemLoader Creating init config 
21935      DEBUG main            d.u.i.k.p.i.AbstractProblemLoader Init config took 2.45s 
21954      INFO  main            d.u.i.k.p.i.AbstractProblemLoader Replaying proof wellformed4.key 
21955      DEBUG main            d.u.i.k.p.i.IntermediateProofReplayer Proof replay took 5.5ns 
22058      INFO  main            d.u.i.k.p.r.p.TestFile    ... finished proof: open goal(s) 
22176      INFO  main            d.u.i.k.p.r.p.TestFile    Now processing file /home/runner/work/key/key/key.core/../key.ui/examples/heap/polarity_tests/wellformed5.key 
22177      INFO  main            d.u.i.k.p.i.AbstractProblemLoader Loading environment from /home/runner/work/key/key/key.core/../key.ui/examples/heap/polarity_tests/wellformed5.key 
22177      DEBUG main            d.u.i.k.p.i.AbstractProblemLoader Environment load took 67.6ns 
22178      INFO  main            d.u.i.k.p.i.AbstractProblemLoader Creating init config 
24596      DEBUG main            d.u.i.k.p.i.AbstractProblemLoader Init config took 2.42s 
24623      INFO  main            d.u.i.k.p.i.AbstractProblemLoader Replaying proof wellformed5.key 
24628      DEBUG main            d.u.i.k.p.i.IntermediateProofReplayer Proof replay took 6.9ns 
24730      INFO  main            d.u.i.k.p.r.p.TestFile    ... finished proof: closed. 
24840      INFO  main            d.u.i.k.p.i.AbstractProblemLoader Loading environment from /home/runner/work/key/key/key.core/../key.ui/examples/heap/polarity_tests/wellformed5.key.proof 
24840      DEBUG main            d.u.i.k.p.i.AbstractProblemLoader Environment load took 113.5ns 
24841      INFO  main            d.u.i.k.p.i.AbstractProblemLoader Creating init config 
27231      DEBUG main            d.u.i.k.p.i.AbstractProblemLoader Init config took 2.39s 
27249      INFO  main            d.u.i.k.p.i.AbstractProblemLoader Replaying proof wellformed5.key.proof 
27252      DEBUG main            d.u.i.k.p.i.IntermediateProofReplayer Proof replay took 864.59ns 
27253      DEBUG main            d.u.i.k.p.r.p.TestFile    ... success: reloaded. 
27254      INFO  main            d.u.i.k.p.r.p.TestFile    Now processing file /home/runner/work/key/key/key.core/../key.ui/examples/heap/polarity_tests/wellformed6.key 
27254      INFO  main            d.u.i.k.p.i.AbstractProblemLoader Loading environment from /home/runner/work/key/key/key.core/../key.ui/examples/heap/polarity_tests/wellformed6.key 
27254      DEBUG main            d.u.i.k.p.i.AbstractProblemLoader Environment load took 214.4ns 
27255      INFO  main            d.u.i.k.p.i.AbstractProblemLoader Creating init config 
29702      DEBUG main            d.u.i.k.p.i.AbstractProblemLoader Init config took 2.45s 
29720      INFO  main            d.u.i.k.p.i.AbstractProblemLoader Replaying proof wellformed6.key 
29722      DEBUG main            d.u.i.k.p.i.IntermediateProofReplayer Proof replay took 6.7ns 
29824      INFO  main            d.u.i.k.p.r.p.TestFile    ... finished proof: open goal(s) 
29948      INFO  main            d.u.i.k.p.r.p.TestFile    Now processing file /home/runner/work/key/key/key.core/../key.ui/examples/heap/polarity_tests/wellformed7.key 
29949      INFO  main            d.u.i.k.p.i.AbstractProblemLoader Loading environment from /home/runner/work/key/key/key.core/../key.ui/examples/heap/polarity_tests/wellformed7.key 
29949      DEBUG main            d.u.i.k.p.i.AbstractProblemLoader Environment load took 63.6ns 
29950      INFO  main            d.u.i.k.p.i.AbstractProblemLoader Creating init config 
32329      DEBUG main            d.u.i.k.p.i.AbstractProblemLoader Init config took 2.38s 
32347      INFO  main            d.u.i.k.p.i.AbstractProblemLoader Replaying proof wellformed7.key 
32349      DEBUG main            d.u.i.k.p.i.IntermediateProofReplayer Proof replay took 6.1ns 
32451      INFO  main            d.u.i.k.p.r.p.TestFile    ... finished proof: closed. 
32570      INFO  main            d.u.i.k.p.i.AbstractProblemLoader Loading environment from /home/runner/work/key/key/key.core/../key.ui/examples/heap/polarity_tests/wellformed7.key.proof 
32570      DEBUG main            d.u.i.k.p.i.AbstractProblemLoader Environment load took 103.2ns 
32571      INFO  main            d.u.i.k.p.i.AbstractProblemLoader Creating init config 
34956      DEBUG main            d.u.i.k.p.i.AbstractProblemLoader Init config took 2.39s 
34975      INFO  main            d.u.i.k.p.i.AbstractProblemLoader Replaying proof wellformed7.key.proof 
34978      DEBUG main            d.u.i.k.p.i.IntermediateProofReplayer Proof replay took 1.35ms 
34979      DEBUG main            d.u.i.k.p.r.p.TestFile    ... success: reloaded. 
34980      INFO  main            d.u.i.k.p.r.p.TestFile    Now processing file /home/runner/work/key/key/key.core/../key.ui/examples/heap/polarity_tests/wellformed8.key 
34980      INFO  main            d.u.i.k.p.i.AbstractProblemLoader Loading environment from /home/runner/work/key/key/key.core/../key.ui/examples/heap/polarity_tests/wellformed8.key 
34981      DEBUG main            d.u.i.k.p.i.AbstractProblemLoader Environment load took 234.99ns 
34982      INFO  main            d.u.i.k.p.i.AbstractProblemLoader Creating init config 
37392      DEBUG main            d.u.i.k.p.i.AbstractProblemLoader Init config took 2.41s 
37410      INFO  main            d.u.i.k.p.i.AbstractProblemLoader Replaying proof wellformed8.key 
37411      DEBUG main            d.u.i.k.p.i.IntermediateProofReplayer Proof replay took 7.2ns 
37515      INFO  main            d.u.i.k.p.r.p.TestFile    ... finished proof: open goal(s) 
37657      INFO  main            d.u.i.k.p.r.p.TestFile    Now processing file /home/runner/work/key/key/key.core/../key.ui/examples/heap/polarity_tests/wellformed9.key 
37657      INFO  main            d.u.i.k.p.i.AbstractProblemLoader Loading environment from /home/runner/work/key/key/key.core/../key.ui/examples/heap/polarity_tests/wellformed9.key 
37657      DEBUG main            d.u.i.k.p.i.AbstractProblemLoader Environment load took 66.3ns 
37658      INFO  main            d.u.i.k.p.i.AbstractProblemLoader Creating init config 
40016      DEBUG main            d.u.i.k.p.i.AbstractProblemLoader Init config took 2.36s 
40033      INFO  main            d.u.i.k.p.i.AbstractProblemLoader Replaying proof wellformed9.key 
40034      DEBUG main            d.u.i.k.p.i.IntermediateProofReplayer Proof replay took 6.7ns 
40138      INFO  main            d.u.i.k.p.r.p.TestFile    ... finished proof: closed. 
40264      INFO  main            d.u.i.k.p.i.AbstractProblemLoader Loading environment from /home/runner/work/key/key/key.core/../key.ui/examples/heap/polarity_tests/wellformed9.key.proof 
40264      DEBUG main            d.u.i.k.p.i.AbstractProblemLoader Environment load took 105.7ns 
40265      INFO  main            d.u.i.k.p.i.AbstractProblemLoader Creating init config 
42600      DEBUG main            d.u.i.k.p.i.AbstractProblemLoader Init config took 2.33s 
42618      INFO  main            d.u.i.k.p.i.AbstractProblemLoader Replaying proof wellformed9.key.proof 
42621      DEBUG main            d.u.i.k.p.i.IntermediateProofReplayer Proof replay took 1.5ms 
42622      DEBUG main            d.u.i.k.p.r.p.TestFile    ... success: reloaded. 
42623      INFO  main            d.u.i.k.p.r.p.TestFile    Now processing file /home/runner/work/key/key/key.core/../key.ui/examples/heap/polarity_tests/wellformed10.key 
42623      INFO  main            d.u.i.k.p.i.AbstractProblemLoader Loading environment from /home/runner/work/key/key/key.core/../key.ui/examples/heap/polarity_tests/wellformed10.key 
42623      DEBUG main            d.u.i.k.p.i.AbstractProblemLoader Environment load took 186.9ns 
42625      INFO  main            d.u.i.k.p.i.AbstractProblemLoader Creating init config 
45014      DEBUG main            d.u.i.k.p.i.AbstractProblemLoader Init config took 2.39s 
45033      INFO  main            d.u.i.k.p.i.AbstractProblemLoader Replaying proof wellformed10.key 
45035      DEBUG main            d.u.i.k.p.i.IntermediateProofReplayer Proof replay took 6.6ns 
45140      INFO  main            d.u.i.k.p.r.p.TestFile    ... finished proof: open goal(s) 
45316      INFO  main            d.u.i.k.p.r.p.TestFile    Now processing file /home/runner/work/key/key/key.core/../key.ui/examples/heap/polarity_tests/wellformed11.key 
45316      INFO  main            d.u.i.k.p.i.AbstractProblemLoader Loading environment from /home/runner/work/key/key/key.core/../key.ui/examples/heap/polarity_tests/wellformed11.key 
45316      DEBUG main            d.u.i.k.p.i.AbstractProblemLoader Environment load took 64.8ns 
45319      INFO  main            d.u.i.k.p.i.AbstractProblemLoader Creating init config 
47671      DEBUG main            d.u.i.k.p.i.AbstractProblemLoader Init config took 2.35s 
47687      INFO  main            d.u.i.k.p.i.AbstractProblemLoader Replaying proof wellformed11.key 
47689      DEBUG main            d.u.i.k.p.i.IntermediateProofReplayer Proof replay took 6.4ns 
47794      INFO  main            d.u.i.k.p.r.p.TestFile    ... finished proof: open goal(s) 
464533     INFO  Test worker     d.u.i.k.p.r.RunAllProofsTestUnit Returning from test applicationRestrictions 
464535     INFO  Test worker     d.u.i.k.p.r.RunAllProofsTestUnit Running test blockContracts 
341        INFO  Timeout watchdog d.u.i.k.p.r.p.ForkedTestFileRunner Timeout watcher launched (2000 secs.) 
351        WARN  main            d.u.i.k.s.ProofSettings   The settings in /home/runner/.key/proof-settings.props are *not* read. 
375        INFO  main            d.u.i.k.p.r.p.TestFile    Now processing file /home/runner/work/key/key/key.core/../key.ui/examples/heap/block_contracts/Simple__add.key 
480        INFO  main            d.u.i.k.p.i.AbstractProblemLoader Loading environment from /home/runner/work/key/key/key.core/../key.ui/examples/heap/block_contracts/Simple__add.key 
503        DEBUG main            d.u.i.k.p.i.AbstractProblemLoader Environment load took 1.74ms 
712        INFO  main            d.u.i.k.p.i.AbstractProblemLoader Creating init config 
1590       DEBUG main            d.u.i.k.j.TypeConverter   No LDT found for Meta 
1590       DEBUG main            d.u.i.k.j.TypeConverter   No LDT found for Meta 
1591       DEBUG main            d.u.i.k.j.TypeConverter   No LDT found for Meta 
1591       DEBUG main            d.u.i.k.j.TypeConverter   No LDT found for Meta 
2768       DEBUG main            d.u.i.k.j.TypeConverter   No LDT found for JavaBigintExpression 
8255       DEBUG main            d.u.i.k.p.i.AbstractProblemLoader Init config took 7.54s 
8376       INFO  main            d.u.i.k.p.i.AbstractProblemLoader Replaying proof Simple[Simple::add(int,int)].JML operation contract.0 
8452       DEBUG main            d.u.i.k.p.i.IntermediateProofReplayer Proof replay took 319.49ns 
9083       INFO  main            d.u.i.k.p.r.p.TestFile    ... finished proof: closed. 
9188       INFO  main            d.u.i.k.p.i.AbstractProblemLoader Loading environment from /home/runner/work/key/key/key.core/../key.ui/examples/heap/block_contracts/Simple__add.key.proof 
9188       DEBUG main            d.u.i.k.p.i.AbstractProblemLoader Environment load took 124.3ns 
9190       INFO  main            d.u.i.k.p.i.AbstractProblemLoader Creating init config 
12565      DEBUG main            d.u.i.k.p.i.AbstractProblemLoader Init config took 3.37s 
12659      INFO  main            d.u.i.k.p.i.AbstractProblemLoader Replaying proof Simple[Simple::add(int,int)].JML operation contract.0 
12723      DEBUG main            d.u.i.k.p.i.IntermediateProofReplayer Proof replay took 59.13ms 
12729      DEBUG main            d.u.i.k.p.r.p.TestFile    ... success: reloaded. 
12731      INFO  main            d.u.i.k.p.r.p.TestFile    Now processing file /home/runner/work/key/key/key.core/../key.ui/examples/heap/block_contracts/Simple__addAbsoluteValues.key 
12731      INFO  main            d.u.i.k.p.i.AbstractProblemLoader Loading environment from /home/runner/work/key/key/key.core/../key.ui/examples/heap/block_contracts/Simple__addAbsoluteValues.key 
12732      DEBUG main            d.u.i.k.p.i.AbstractProblemLoader Environment load took 231.29ns 
12733      INFO  main            d.u.i.k.p.i.AbstractProblemLoader Creating init config 
15875      DEBUG main            d.u.i.k.p.i.AbstractProblemLoader Init config took 3.14s 
15938      INFO  main            d.u.i.k.p.i.AbstractProblemLoader Replaying proof Simple[Simple::addAbsoluteValues(int,int)].JML normal_behavior operation contract.0 
15941      DEBUG main            d.u.i.k.p.i.IntermediateProofReplayer Proof replay took 13ns 
17056      INFO  main            d.u.i.k.p.r.p.TestFile    ... finished proof: closed. 
17308      INFO  main            d.u.i.k.p.i.AbstractProblemLoader Loading environment from /home/runner/work/key/key/key.core/../key.ui/examples/heap/block_contracts/Simple__addAbsoluteValues.key.proof 
17312      DEBUG main            d.u.i.k.p.i.AbstractProblemLoader Environment load took 3.99ms 
17318      INFO  main            d.u.i.k.p.i.AbstractProblemLoader Creating init config 
20365      DEBUG main            d.u.i.k.p.i.AbstractProblemLoader Init config took 3.05s 
20440      INFO  main            d.u.i.k.p.i.AbstractProblemLoader Replaying proof Simple[Simple::addAbsoluteValues(int,int)].JML normal_behavior operation contract.0 
20639      DEBUG main            d.u.i.k.p.i.IntermediateProofReplayer Proof replay took 164.71ms 
20651      DEBUG main            d.u.i.k.p.r.p.TestFile    ... success: reloaded. 
20652      INFO  main            d.u.i.k.p.r.p.TestFile    Now processing file /home/runner/work/key/key/key.core/../key.ui/examples/heap/block_contracts/Simple__addWithJump.key 
20652      INFO  main            d.u.i.k.p.i.AbstractProblemLoader Loading environment from /home/runner/work/key/key/key.core/../key.ui/examples/heap/block_contracts/Simple__addWithJump.key 
20653      DEBUG main            d.u.i.k.p.i.AbstractProblemLoader Environment load took 232ns 
20662      INFO  main            d.u.i.k.p.i.AbstractProblemLoader Creating init config 
23697      DEBUG main            d.u.i.k.p.i.AbstractProblemLoader Init config took 3.04s 
23745      INFO  main            d.u.i.k.p.i.AbstractProblemLoader Replaying proof Simple[Simple::addWithJump(int,int,int)].JML operation contract.0 
23747      DEBUG main            d.u.i.k.p.i.IntermediateProofReplayer Proof replay took 9ns 
23950      INFO  main            d.u.i.k.p.r.p.TestFile    ... finished proof: closed. 
24111      INFO  main            d.u.i.k.p.i.AbstractProblemLoader Loading environment from /home/runner/work/key/key/key.core/../key.ui/examples/heap/block_contracts/Simple__addWithJump.key.proof 
24111      DEBUG main            d.u.i.k.p.i.AbstractProblemLoader Environment load took 108.4ns 
24112      INFO  main            d.u.i.k.p.i.AbstractProblemLoader Creating init config 
27084      DEBUG main            d.u.i.k.p.i.AbstractProblemLoader Init config took 2.97s 
27130      INFO  main            d.u.i.k.p.i.AbstractProblemLoader Replaying proof Simple[Simple::addWithJump(int,int,int)].JML operation contract.0 
27167      DEBUG main            d.u.i.k.p.i.IntermediateProofReplayer Proof replay took 34.75ms 
27168      DEBUG main            d.u.i.k.p.r.p.TestFile    ... success: reloaded. 
27169      INFO  main            d.u.i.k.p.r.p.TestFile    Now processing file /home/runner/work/key/key/key.core/../key.ui/examples/heap/block_contracts/Simple__addWithTwoBlockContracts.key 
27169      INFO  main            d.u.i.k.p.i.AbstractProblemLoader Loading environment from /home/runner/work/key/key/key.core/../key.ui/examples/heap/block_contracts/Simple__addWithTwoBlockContracts.key 
27170      DEBUG main            d.u.i.k.p.i.AbstractProblemLoader Environment load took 227.09ns 
27171      INFO  main            d.u.i.k.p.i.AbstractProblemLoader Creating init config 
30199      DEBUG main            d.u.i.k.p.i.AbstractProblemLoader Init config took 3.03s 
30243      INFO  main            d.u.i.k.p.i.AbstractProblemLoader Replaying proof Simple[Simple::addWithTwoBlockContracts(int,int,int)].JML operation contract.0 
30245      DEBUG main            d.u.i.k.p.i.IntermediateProofReplayer Proof replay took 8.7ns 
30548      INFO  main            d.u.i.k.p.r.p.TestFile    ... finished proof: closed. 
30714      INFO  main            d.u.i.k.p.i.AbstractProblemLoader Loading environment from /home/runner/work/key/key/key.core/../key.ui/examples/heap/block_contracts/Simple__addWithTwoBlockContracts.key.proof 
30714      DEBUG main            d.u.i.k.p.i.AbstractProblemLoader Environment load took 488.49ns 
30716      INFO  main            d.u.i.k.p.i.AbstractProblemLoader Creating init config 
33691      DEBUG main            d.u.i.k.p.i.AbstractProblemLoader Init config took 2.98s 
33740      INFO  main            d.u.i.k.p.i.AbstractProblemLoader Replaying proof Simple[Simple::addWithTwoBlockContracts(int,int,int)].JML operation contract.0 
33815      DEBUG main            d.u.i.k.p.i.IntermediateProofReplayer Proof replay took 71.59ms 
33816      DEBUG main            d.u.i.k.p.r.p.TestFile    ... success: reloaded. 
33818      INFO  main            d.u.i.k.p.r.p.TestFile    Now processing file /home/runner/work/key/key/key.core/../key.ui/examples/heap/block_contracts/Simple__generateByteArray.key 
33818      INFO  main            d.u.i.k.p.i.AbstractProblemLoader Loading environment from /home/runner/work/key/key/key.core/../key.ui/examples/heap/block_contracts/Simple__generateByteArray.key 
33818      DEBUG main            d.u.i.k.p.i.AbstractProblemLoader Environment load took 105.3ns 
33819      INFO  main            d.u.i.k.p.i.AbstractProblemLoader Creating init config 
36820      DEBUG main            d.u.i.k.p.i.AbstractProblemLoader Init config took 3s 
36871      INFO  main            d.u.i.k.p.i.AbstractProblemLoader Replaying proof Simple[Simple::generateByteArray()].JML normal_behavior operation contract.0 
36873      DEBUG main            d.u.i.k.p.i.IntermediateProofReplayer Proof replay took 9.7ns 
38686      INFO  main            d.u.i.k.p.r.p.TestFile    ... finished proof: closed. 
38878      INFO  main            d.u.i.k.p.i.AbstractProblemLoader Loading environment from /home/runner/work/key/key/key.core/../key.ui/examples/heap/block_contracts/Simple__generateByteArray.key.proof 
38878      DEBUG main            d.u.i.k.p.i.AbstractProblemLoader Environment load took 115.5ns 
38879      INFO  main            d.u.i.k.p.i.AbstractProblemLoader Creating init config 
41813      DEBUG main            d.u.i.k.p.i.AbstractProblemLoader Init config took 2.93s 
41854      INFO  main            d.u.i.k.p.i.AbstractProblemLoader Replaying proof Simple[Simple::generateByteArray()].JML normal_behavior operation contract.0 
42042      DEBUG main            d.u.i.k.p.i.IntermediateProofReplayer Proof replay took 175.05ms 
42043      DEBUG main            d.u.i.k.p.r.p.TestFile    ... success: reloaded. 
42044      INFO  main            d.u.i.k.p.r.p.TestFile    Now processing file /home/runner/work/key/key/key.core/../key.ui/examples/heap/block_contracts/Simple__getLength.key 
42045      INFO  main            d.u.i.k.p.i.AbstractProblemLoader Loading environment from /home/runner/work/key/key/key.core/../key.ui/examples/heap/block_contracts/Simple__getLength.key 
42045      DEBUG main            d.u.i.k.p.i.AbstractProblemLoader Environment load took 260.1ns 
42046      INFO  main            d.u.i.k.p.i.AbstractProblemLoader Creating init config 
45059      DEBUG main            d.u.i.k.p.i.AbstractProblemLoader Init config took 3.01s 
45118      INFO  main            d.u.i.k.p.i.AbstractProblemLoader Replaying proof Simple[Simple::getLength()].JML normal_behavior operation contract.0 
45120      DEBUG main            d.u.i.k.p.i.IntermediateProofReplayer Proof replay took 10.4ns 
45222      INFO  main            d.u.i.k.p.r.p.TestFile    ... finished proof: closed. 
45415      INFO  main            d.u.i.k.p.i.AbstractProblemLoader Loading environment from /home/runner/work/key/key/key.core/../key.ui/examples/heap/block_contracts/Simple__getLength.key.proof 
45415      DEBUG main            d.u.i.k.p.i.AbstractProblemLoader Environment load took 105.4ns 
45416      INFO  main            d.u.i.k.p.i.AbstractProblemLoader Creating init config 
48356      DEBUG main            d.u.i.k.p.i.AbstractProblemLoader Init config took 2.94s 
48396      INFO  main            d.u.i.k.p.i.AbstractProblemLoader Replaying proof Simple[Simple::getLength()].JML normal_behavior operation contract.0 
48403      DEBUG main            d.u.i.k.p.i.IntermediateProofReplayer Proof replay took 5.91ms 
48404      DEBUG main            d.u.i.k.p.r.p.TestFile    ... success: reloaded. 
48405      INFO  main            d.u.i.k.p.r.p.TestFile    Now processing file /home/runner/work/key/key/key.core/../key.ui/examples/heap/block_contracts/Simple__square.key 
48405      INFO  main            d.u.i.k.p.i.AbstractProblemLoader Loading environment from /home/runner/work/key/key/key.core/../key.ui/examples/heap/block_contracts/Simple__square.key 
48405      DEBUG main            d.u.i.k.p.i.AbstractProblemLoader Environment load took 79.3ns 
48406      INFO  main            d.u.i.k.p.i.AbstractProblemLoader Creating init config 
51357      DEBUG main            d.u.i.k.p.i.AbstractProblemLoader Init config took 2.95s 
51399      INFO  main            d.u.i.k.p.i.AbstractProblemLoader Replaying proof Simple[Simple::square(int)].JML operation contract.0 
51401      DEBUG main            d.u.i.k.p.i.IntermediateProofReplayer Proof replay took 10.9ns 
51804      INFO  main            d.u.i.k.p.r.p.TestFile    ... finished proof: closed. 
51967      INFO  main            d.u.i.k.p.i.AbstractProblemLoader Loading environment from /home/runner/work/key/key/key.core/../key.ui/examples/heap/block_contracts/Simple__square.key.proof 
51967      DEBUG main            d.u.i.k.p.i.AbstractProblemLoader Environment load took 104.4ns 
51968      INFO  main            d.u.i.k.p.i.AbstractProblemLoader Creating init config 
54900      DEBUG main            d.u.i.k.p.i.AbstractProblemLoader Init config took 2.93s 
54940      INFO  main            d.u.i.k.p.i.AbstractProblemLoader Replaying proof Simple[Simple::square(int)].JML operation contract.0 
55016      DEBUG main            d.u.i.k.p.i.IntermediateProofReplayer Proof replay took 72.7ms 
55017      DEBUG main            d.u.i.k.p.r.p.TestFile    ... success: reloaded. 
55018      INFO  main            d.u.i.k.p.r.p.TestFile    Now processing file /home/runner/work/key/key/key.core/../key.ui/examples/heap/block_contracts/Simple__unnecessaryBlockContract.key 
55019      INFO  main            d.u.i.k.p.i.AbstractProblemLoader Loading environment from /home/runner/work/key/key/key.core/../key.ui/examples/heap/block_contracts/Simple__unnecessaryBlockContract.key 
55019      DEBUG main            d.u.i.k.p.i.AbstractProblemLoader Environment load took 237ns 
55020      INFO  main            d.u.i.k.p.i.AbstractProblemLoader Creating init config 
58006      DEBUG main            d.u.i.k.p.i.AbstractProblemLoader Init config took 2.99s 
58049      INFO  main            d.u.i.k.p.i.AbstractProblemLoader Replaying proof Simple[Simple::unnecessaryBlockContract()].JML operation contract.0 
58051      DEBUG main            d.u.i.k.p.i.IntermediateProofReplayer Proof replay took 11.9ns 
58153      INFO  main            d.u.i.k.p.r.p.TestFile    ... finished proof: closed. 
58336      INFO  main            d.u.i.k.p.i.AbstractProblemLoader Loading environment from /home/runner/work/key/key/key.core/../key.ui/examples/heap/block_contracts/Simple__unnecessaryBlockContract.key.proof 
58337      DEBUG main            d.u.i.k.p.i.AbstractProblemLoader Environment load took 983.78ns 
58338      INFO  main            d.u.i.k.p.i.AbstractProblemLoader Creating init config 
61240      DEBUG main            d.u.i.k.p.i.AbstractProblemLoader Init config took 2.9s 
61277      INFO  main            d.u.i.k.p.i.AbstractProblemLoader Replaying proof Simple[Simple::unnecessaryBlockContract()].JML operation contract.0 
61308      DEBUG main            d.u.i.k.p.i.IntermediateProofReplayer Proof replay took 28.94ms 
61309      DEBUG main            d.u.i.k.p.r.p.TestFile    ... success: reloaded. 
61310      INFO  main            d.u.i.k.p.r.p.TestFile    Now processing file /home/runner/work/key/key/key.core/../key.ui/examples/heap/block_contracts/Simple__unnecessaryLoopInvariant.key 
61310      INFO  main            d.u.i.k.p.i.AbstractProblemLoader Loading environment from /home/runner/work/key/key/key.core/../key.ui/examples/heap/block_contracts/Simple__unnecessaryLoopInvariant.key 
61310      DEBUG main            d.u.i.k.p.i.AbstractProblemLoader Environment load took 82.6ns 
61311      INFO  main            d.u.i.k.p.i.AbstractProblemLoader Creating init config 
64277      DEBUG main            d.u.i.k.p.i.AbstractProblemLoader Init config took 2.97s 
64316      INFO  main            d.u.i.k.p.i.AbstractProblemLoader Replaying proof Simple[Simple::unnecessaryLoopInvariant()].JML operation contract.0 
64318      DEBUG main            d.u.i.k.p.i.IntermediateProofReplayer Proof replay took 11.3ns 
64420      INFO  main            d.u.i.k.p.r.p.TestFile    ... finished proof: closed. 
64593      INFO  main            d.u.i.k.p.i.AbstractProblemLoader Loading environment from /home/runner/work/key/key/key.core/../key.ui/examples/heap/block_contracts/Simple__unnecessaryLoopInvariant.key.proof 
64594      DEBUG main            d.u.i.k.p.i.AbstractProblemLoader Environment load took 124.1ns 
64594      INFO  main            d.u.i.k.p.i.AbstractProblemLoader Creating init config 
67525      DEBUG main            d.u.i.k.p.i.AbstractProblemLoader Init config took 2.93s 
67583      INFO  main            d.u.i.k.p.i.AbstractProblemLoader Replaying proof Simple[Simple::unnecessaryLoopInvariant()].JML operation contract.0 
67610      DEBUG main            d.u.i.k.p.i.IntermediateProofReplayer Proof replay took 22.29ms 
67611      DEBUG main            d.u.i.k.p.r.p.TestFile    ... success: reloaded. 
67615      INFO  main            d.u.i.k.p.r.p.TestFile    Now processing file /home/runner/work/key/key/key.core/../key.ui/examples/standard_key/java_dl/jml-assert/assert.key 
67615      INFO  main            d.u.i.k.p.i.AbstractProblemLoader Loading environment from /home/runner/work/key/key/key.core/../key.ui/examples/standard_key/java_dl/jml-assert/assert.key 
67616      DEBUG main            d.u.i.k.p.i.AbstractProblemLoader Environment load took 228.19ns 
67617      INFO  main            d.u.i.k.p.i.AbstractProblemLoader Creating init config 
70185      DEBUG main            d.u.i.k.p.i.AbstractProblemLoader Init config took 2.57s 
70228      INFO  main            d.u.i.k.p.i.AbstractProblemLoader Replaying proof Assert[Assert::createArray(int)].JML normal_behavior operation contract.0 
70230      DEBUG main            d.u.i.k.p.i.IntermediateProofReplayer Proof replay took 6.4ns 
70433      INFO  main            d.u.i.k.p.r.p.TestFile    ... finished proof: closed. 
70619      INFO  main            d.u.i.k.p.i.AbstractProblemLoader Loading environment from /home/runner/work/key/key/key.core/../key.ui/examples/standard_key/java_dl/jml-assert/assert.key.proof 
70619      DEBUG main            d.u.i.k.p.i.AbstractProblemLoader Environment load took 106.8ns 
70620      INFO  main            d.u.i.k.p.i.AbstractProblemLoader Creating init config 
73198      DEBUG main            d.u.i.k.p.i.AbstractProblemLoader Init config took 2.58s 
73234      INFO  main            d.u.i.k.p.i.AbstractProblemLoader Replaying proof Assert[Assert::createArray(int)].JML normal_behavior operation contract.0 
73268      DEBUG main            d.u.i.k.p.i.IntermediateProofReplayer Proof replay took 31.4ms 
73269      DEBUG main            d.u.i.k.p.r.p.TestFile    ... success: reloaded. 
73270      INFO  main            d.u.i.k.p.r.p.TestFile    Now processing file /home/runner/work/key/key/key.core/../key.ui/examples/standard_key/java_dl/jml-assert/assert_assume_order.key 
73271      INFO  main            d.u.i.k.p.i.AbstractProblemLoader Loading environment from /home/runner/work/key/key/key.core/../key.ui/examples/standard_key/java_dl/jml-assert/assert_assume_order.key 
73271      DEBUG main            d.u.i.k.p.i.AbstractProblemLoader Environment load took 203.9ns 
73272      INFO  main            d.u.i.k.p.i.AbstractProblemLoader Creating init config 
75848      DEBUG main            d.u.i.k.p.i.AbstractProblemLoader Init config took 2.58s 
75884      INFO  main            d.u.i.k.p.i.AbstractProblemLoader Replaying proof AssertAssume[AssertAssume::singleAssumeAssert(int)].JML normal_behavior operation contract.0 
75885      DEBUG main            d.u.i.k.p.i.IntermediateProofReplayer Proof replay took 6.8ns 
75991      INFO  main            d.u.i.k.p.r.p.TestFile    ... finished proof: closed. 
76165      INFO  main            d.u.i.k.p.i.AbstractProblemLoader Loading environment from /home/runner/work/key/key/key.core/../key.ui/examples/standard_key/java_dl/jml-assert/assert_assume_order.key.proof 
76165      DEBUG main            d.u.i.k.p.i.AbstractProblemLoader Environment load took 105.2ns 
76167      INFO  main            d.u.i.k.p.i.AbstractProblemLoader Creating init config 
78678      DEBUG main            d.u.i.k.p.i.AbstractProblemLoader Init config took 2.51s 
78714      INFO  main            d.u.i.k.p.i.AbstractProblemLoader Replaying proof AssertAssume[AssertAssume::singleAssumeAssert(int)].JML normal_behavior operation contract.0 
78722      DEBUG main            d.u.i.k.p.i.IntermediateProofReplayer Proof replay took 6.59ms 
78723      DEBUG main            d.u.i.k.p.r.p.TestFile    ... success: reloaded. 
78724      INFO  main            d.u.i.k.p.r.p.TestFile    Now processing file /home/runner/work/key/key/key.core/../key.ui/examples/heap/block_loop_contracts/SimpleVariants/sum_onBlock_external.key 
78724      INFO  main            d.u.i.k.p.i.AbstractProblemLoader Loading environment from /home/runner/work/key/key/key.core/../key.ui/examples/heap/block_loop_contracts/SimpleVariants/sum_onBlock_external.key 
78724      DEBUG main            d.u.i.k.p.i.AbstractProblemLoader Environment load took 90.6ns 
78725      INFO  main            d.u.i.k.p.i.AbstractProblemLoader Creating init config 
81554      DEBUG main            d.u.i.k.p.i.AbstractProblemLoader Init config took 2.83s 
81601      INFO  main            d.u.i.k.p.i.AbstractProblemLoader Replaying proof LoopContractExamplesAll[LoopContractExamplesAll::sum_loopContract_onBlock([I)].JML normal_behavior operation contract.0 
81603      DEBUG main            d.u.i.k.p.i.IntermediateProofReplayer Proof replay took 10.6ns 
81707      INFO  main            d.u.i.k.p.r.p.TestFile    ... finished proof: closed. 
81924      INFO  main            d.u.i.k.p.i.AbstractProblemLoader Loading environment from /home/runner/work/key/key/key.core/../key.ui/examples/heap/block_loop_contracts/SimpleVariants/sum_onBlock_external.key.proof 
81924      DEBUG main            d.u.i.k.p.i.AbstractProblemLoader Environment load took 108.9ns 
81925      INFO  main            d.u.i.k.p.i.AbstractProblemLoader Creating init config 
84684      DEBUG main            d.u.i.k.p.i.AbstractProblemLoader Init config took 2.76s 
84718      INFO  main            d.u.i.k.p.i.AbstractProblemLoader Replaying proof LoopContractExamplesAll[LoopContractExamplesAll::sum_loopContract_onBlock([I)].JML normal_behavior operation contract.0 
84747      DEBUG main            d.u.i.k.p.i.IntermediateProofReplayer Proof replay took 27.51ms 
84748      DEBUG main            d.u.i.k.p.r.p.TestFile    ... success: reloaded. 
84749      INFO  main            d.u.i.k.p.r.p.TestFile    Now processing file /home/runner/work/key/key/key.core/../key.ui/examples/heap/block_loop_contracts/SimpleVariants/sum_onBlock_internal.key 
84750      INFO  main            d.u.i.k.p.i.AbstractProblemLoader Loading environment from /home/runner/work/key/key/key.core/../key.ui/examples/heap/block_loop_contracts/SimpleVariants/sum_onBlock_internal.key 
84750      DEBUG main            d.u.i.k.p.i.AbstractProblemLoader Environment load took 211.2ns 
84751      INFO  main            d.u.i.k.p.i.AbstractProblemLoader Creating init config 
87565      DEBUG main            d.u.i.k.p.i.AbstractProblemLoader Init config took 2.81s 
87599      INFO  main            d.u.i.k.p.i.AbstractProblemLoader Replaying proof LoopContractExamplesAll[LoopContractExamplesAll::sum_loopContract_onBlock([I)].JML normal_behavior operation contract.0 
87600      DEBUG main            d.u.i.k.p.i.IntermediateProofReplayer Proof replay took 10ns 
88208      INFO  main            d.u.i.k.p.r.p.TestFile    ... finished proof: closed. 
88465      INFO  main            d.u.i.k.p.i.AbstractProblemLoader Loading environment from /home/runner/work/key/key/key.core/../key.ui/examples/heap/block_loop_contracts/SimpleVariants/sum_onBlock_internal.key.proof 
88465      DEBUG main            d.u.i.k.p.i.AbstractProblemLoader Environment load took 104ns 
88466      INFO  main            d.u.i.k.p.i.AbstractProblemLoader Creating init config 
91202      DEBUG main            d.u.i.k.p.i.AbstractProblemLoader Init config took 2.74s 
91244      INFO  main            d.u.i.k.p.i.AbstractProblemLoader Replaying proof LoopContractExamplesAll[LoopContractExamplesAll::sum_loopContract_onBlock([I)].JML normal_behavior operation contract.0 
91424      DEBUG main            d.u.i.k.p.i.IntermediateProofReplayer Proof replay took 176.7ms 
91425      DEBUG main            d.u.i.k.p.r.p.TestFile    ... success: reloaded. 
91427      INFO  main            d.u.i.k.p.r.p.TestFile    Now processing file /home/runner/work/key/key/key.core/../key.ui/examples/heap/block_loop_contracts/SimpleVariants/sum_onBlock_loop.key 
91427      INFO  main            d.u.i.k.p.i.AbstractProblemLoader Loading environment from /home/runner/work/key/key/key.core/../key.ui/examples/heap/block_loop_contracts/SimpleVariants/sum_onBlock_loop.key 
91427      DEBUG main            d.u.i.k.p.i.AbstractProblemLoader Environment load took 87ns 
91428      INFO  main            d.u.i.k.p.i.AbstractProblemLoader Creating init config 
94247      DEBUG main            d.u.i.k.p.i.AbstractProblemLoader Init config took 2.82s 
94283      INFO  main            d.u.i.k.p.i.AbstractProblemLoader Replaying proof LoopContractExamplesAll[LoopContractExamplesAll::sum_loopContract_onBlock([I)].JML normal_behavior loop contract.0 
94284      DEBUG main            d.u.i.k.p.i.IntermediateProofReplayer Proof replay took 22.8ns 
95097      INFO  main            d.u.i.k.p.r.p.TestFile    ... finished proof: closed. 
95367      INFO  main            d.u.i.k.p.i.AbstractProblemLoader Loading environment from /home/runner/work/key/key/key.core/../key.ui/examples/heap/block_loop_contracts/SimpleVariants/sum_onBlock_loop.key.proof 
95367      DEBUG main            d.u.i.k.p.i.AbstractProblemLoader Environment load took 104.9ns 
95370      INFO  main            d.u.i.k.p.i.AbstractProblemLoader Creating init config 
98076      DEBUG main            d.u.i.k.p.i.AbstractProblemLoader Init config took 2.71s 
98110      INFO  main            d.u.i.k.p.i.AbstractProblemLoader Replaying proof LoopContractExamplesAll[LoopContractExamplesAll::sum_loopContract_onBlock([I)].JML normal_behavior loop contract.0 
98289      DEBUG main            d.u.i.k.p.i.IntermediateProofReplayer Proof replay took 175.17ms 
98290      DEBUG main            d.u.i.k.p.r.p.TestFile    ... success: reloaded. 
98291      INFO  main            d.u.i.k.p.r.p.TestFile    Now processing file /home/runner/work/key/key/key.core/../key.ui/examples/heap/block_loop_contracts/SimpleVariants/sum_onLoop_external.key 
98291      INFO  main            d.u.i.k.p.i.AbstractProblemLoader Loading environment from /home/runner/work/key/key/key.core/../key.ui/examples/heap/block_loop_contracts/SimpleVariants/sum_onLoop_external.key 
98291      DEBUG main            d.u.i.k.p.i.AbstractProblemLoader Environment load took 113.4ns 
98292      INFO  main            d.u.i.k.p.i.AbstractProblemLoader Creating init config 
101045     DEBUG main            d.u.i.k.p.i.AbstractProblemLoader Init config took 2.75s 
101078     INFO  main            d.u.i.k.p.i.AbstractProblemLoader Replaying proof LoopContractExamplesAll[LoopContractExamplesAll::sum_loopContract_onLoop([I)].JML normal_behavior operation contract.0 
101079     DEBUG main            d.u.i.k.p.i.IntermediateProofReplayer Proof replay took 10.2ns 
101183     INFO  main            d.u.i.k.p.r.p.TestFile    ... finished proof: closed. 
101426     INFO  main            d.u.i.k.p.i.AbstractProblemLoader Loading environment from /home/runner/work/key/key/key.core/../key.ui/examples/heap/block_loop_contracts/SimpleVariants/sum_onLoop_external.key.proof 
101426     DEBUG main            d.u.i.k.p.i.AbstractProblemLoader Environment load took 106ns 
101427     INFO  main            d.u.i.k.p.i.AbstractProblemLoader Creating init config 
104123     DEBUG main            d.u.i.k.p.i.AbstractProblemLoader Init config took 2.7s 
104156     INFO  main            d.u.i.k.p.i.AbstractProblemLoader Replaying proof LoopContractExamplesAll[LoopContractExamplesAll::sum_loopContract_onLoop([I)].JML normal_behavior operation contract.0 
104181     DEBUG main            d.u.i.k.p.i.IntermediateProofReplayer Proof replay took 23.65ms 
104182     DEBUG main            d.u.i.k.p.r.p.TestFile    ... success: reloaded. 
104183     INFO  main            d.u.i.k.p.r.p.TestFile    Now processing file /home/runner/work/key/key/key.core/../key.ui/examples/heap/block_loop_contracts/SimpleVariants/sum_onLoop_internal.key 
104183     INFO  main            d.u.i.k.p.i.AbstractProblemLoader Loading environment from /home/runner/work/key/key/key.core/../key.ui/examples/heap/block_loop_contracts/SimpleVariants/sum_onLoop_internal.key 
104183     DEBUG main            d.u.i.k.p.i.AbstractProblemLoader Environment load took 76.5ns 
104184     INFO  main            d.u.i.k.p.i.AbstractProblemLoader Creating init config 
106944     DEBUG main            d.u.i.k.p.i.AbstractProblemLoader Init config took 2.76s 
106977     INFO  main            d.u.i.k.p.i.AbstractProblemLoader Replaying proof LoopContractExamplesAll[LoopContractExamplesAll::sum_loopContract_onLoop([I)].JML normal_behavior operation contract.0 
106978     DEBUG main            d.u.i.k.p.i.IntermediateProofReplayer Proof replay took 10.7ns 
107584     INFO  main            d.u.i.k.p.r.p.TestFile    ... finished proof: closed. 
107833     INFO  main            d.u.i.k.p.i.AbstractProblemLoader Loading environment from /home/runner/work/key/key/key.core/../key.ui/examples/heap/block_loop_contracts/SimpleVariants/sum_onLoop_internal.key.proof 
107833     DEBUG main            d.u.i.k.p.i.AbstractProblemLoader Environment load took 102ns 
107834     INFO  main            d.u.i.k.p.i.AbstractProblemLoader Creating init config 
110526     DEBUG main            d.u.i.k.p.i.AbstractProblemLoader Init config took 2.69s 
110571     INFO  main            d.u.i.k.p.i.AbstractProblemLoader Replaying proof LoopContractExamplesAll[LoopContractExamplesAll::sum_loopContract_onLoop([I)].JML normal_behavior operation contract.0 
110753     DEBUG main            d.u.i.k.p.i.IntermediateProofReplayer Proof replay took 174.82ms 
110754     DEBUG main            d.u.i.k.p.r.p.TestFile    ... success: reloaded. 
110757     INFO  main            d.u.i.k.p.r.p.TestFile    Now processing file /home/runner/work/key/key/key.core/../key.ui/examples/heap/block_loop_contracts/SimpleVariants/sum_onLoop_loop.key 
110757     INFO  main            d.u.i.k.p.i.AbstractProblemLoader Loading environment from /home/runner/work/key/key/key.core/../key.ui/examples/heap/block_loop_contracts/SimpleVariants/sum_onLoop_loop.key 
110757     DEBUG main            d.u.i.k.p.i.AbstractProblemLoader Environment load took 216.7ns 
110758     INFO  main            d.u.i.k.p.i.AbstractProblemLoader Creating init config 
113528     DEBUG main            d.u.i.k.p.i.AbstractProblemLoader Init config took 2.77s 
113562     INFO  main            d.u.i.k.p.i.AbstractProblemLoader Replaying proof LoopContractExamplesAll[LoopContractExamplesAll::sum_loopContract_onLoop([I)].JML normal_behavior loop contract.0 
113564     DEBUG main            d.u.i.k.p.i.IntermediateProofReplayer Proof replay took 11ns 
114289     INFO  main            d.u.i.k.p.r.p.TestFile    ... finished proof: closed. 
114545     INFO  main            d.u.i.k.p.i.AbstractProblemLoader Loading environment from /home/runner/work/key/key/key.core/../key.ui/examples/heap/block_loop_contracts/SimpleVariants/sum_onLoop_loop.key.proof 
114545     DEBUG main            d.u.i.k.p.i.AbstractProblemLoader Environment load took 144ns 
114546     INFO  main            d.u.i.k.p.i.AbstractProblemLoader Creating init config 
117244     DEBUG main            d.u.i.k.p.i.AbstractProblemLoader Init config took 2.7s 
117277     INFO  main            d.u.i.k.p.i.AbstractProblemLoader Replaying proof LoopContractExamplesAll[LoopContractExamplesAll::sum_loopContract_onLoop([I)].JML normal_behavior loop contract.0 
117454     DEBUG main            d.u.i.k.p.i.IntermediateProofReplayer Proof replay took 172.47ms 
117455     DEBUG main            d.u.i.k.p.r.p.TestFile    ... success: reloaded. 
117456     INFO  main            d.u.i.k.p.r.p.TestFile    Now processing file /home/runner/work/key/key/key.core/../key.ui/examples/heap/block_loop_contracts/Free/blockContracts0.key 
117456     INFO  main            d.u.i.k.p.i.AbstractProblemLoader Loading environment from /home/runner/work/key/key/key.core/../key.ui/examples/heap/block_loop_contracts/Free/blockContracts0.key 
117456     DEBUG main            d.u.i.k.p.i.AbstractProblemLoader Environment load took 87.1ns 
117457     INFO  main            d.u.i.k.p.i.AbstractProblemLoader Creating init config 
119889     DEBUG main            d.u.i.k.p.i.AbstractProblemLoader Init config took 2.43s 
119921     INFO  main            d.u.i.k.p.i.AbstractProblemLoader Replaying proof FreeConditions[FreeConditions::blockContract0()].JML normal_behavior operation contract.0 
119922     DEBUG main            d.u.i.k.p.i.IntermediateProofReplayer Proof replay took 19.5ns 
120023     INFO  main            d.u.i.k.p.r.p.TestFile    ... finished proof: closed. 
120293     INFO  main            d.u.i.k.p.i.AbstractProblemLoader Loading environment from /home/runner/work/key/key/key.core/../key.ui/examples/heap/block_loop_contracts/Free/blockContracts0.key.proof 
120293     DEBUG main            d.u.i.k.p.i.AbstractProblemLoader Environment load took 98.1ns 
120295     INFO  main            d.u.i.k.p.i.AbstractProblemLoader Creating init config 
122647     DEBUG main            d.u.i.k.p.i.AbstractProblemLoader Init config took 2.35s 
122679     INFO  main            d.u.i.k.p.i.AbstractProblemLoader Replaying proof FreeConditions[FreeConditions::blockContract0()].JML normal_behavior operation contract.0 
122696     DEBUG main            d.u.i.k.p.i.IntermediateProofReplayer Proof replay took 14.91ms 
122697     DEBUG main            d.u.i.k.p.r.p.TestFile    ... success: reloaded. 
122697     INFO  main            d.u.i.k.p.r.p.TestFile    Now processing file /home/runner/work/key/key/key.core/../key.ui/examples/heap/block_loop_contracts/Free/blockContracts1.key 
122698     INFO  main            d.u.i.k.p.i.AbstractProblemLoader Loading environment from /home/runner/work/key/key/key.core/../key.ui/examples/heap/block_loop_contracts/Free/blockContracts1.key 
122698     DEBUG main            d.u.i.k.p.i.AbstractProblemLoader Environment load took 112ns 
122698     INFO  main            d.u.i.k.p.i.AbstractProblemLoader Creating init config 
125086     DEBUG main            d.u.i.k.p.i.AbstractProblemLoader Init config took 2.39s 
125120     INFO  main            d.u.i.k.p.i.AbstractProblemLoader Replaying proof FreeConditions[FreeConditions::blockContract1()].JML normal_behavior operation contract.0 
125122     DEBUG main            d.u.i.k.p.i.IntermediateProofReplayer Proof replay took 10.8ns 
125225     INFO  main            d.u.i.k.p.r.p.TestFile    ... finished proof: closed. 
125463     INFO  main            d.u.i.k.p.i.AbstractProblemLoader Loading environment from /home/runner/work/key/key/key.core/../key.ui/examples/heap/block_loop_contracts/Free/blockContracts1.key.proof 
125463     DEBUG main            d.u.i.k.p.i.AbstractProblemLoader Environment load took 103.3ns 
125464     INFO  main            d.u.i.k.p.i.AbstractProblemLoader Creating init config 
127811     DEBUG main            d.u.i.k.p.i.AbstractProblemLoader Init config took 2.35s 
127843     INFO  main            d.u.i.k.p.i.AbstractProblemLoader Replaying proof FreeConditions[FreeConditions::blockContract1()].JML normal_behavior operation contract.0 
127857     DEBUG main            d.u.i.k.p.i.IntermediateProofReplayer Proof replay took 12.16ms 
127857     DEBUG main            d.u.i.k.p.r.p.TestFile    ... success: reloaded. 
127858     INFO  main            d.u.i.k.p.r.p.TestFile    Now processing file /home/runner/work/key/key/key.core/../key.ui/examples/heap/block_loop_contracts/Finally/block_finally.key 
127858     INFO  main            d.u.i.k.p.i.AbstractProblemLoader Loading environment from /home/runner/work/key/key/key.core/../key.ui/examples/heap/block_loop_contracts/Finally/block_finally.key 
127858     DEBUG main            d.u.i.k.p.i.AbstractProblemLoader Environment load took 83.3ns 
127859     INFO  main            d.u.i.k.p.i.AbstractProblemLoader Creating init config 
130272     DEBUG main            d.u.i.k.p.i.AbstractProblemLoader Init config took 2.41s 
130305     INFO  main            d.u.i.k.p.i.AbstractProblemLoader Replaying proof AuxiliaryContractsFinally[AuxiliaryContractsFinally::breakThrowContinueBlockContract(java.lang.Exception)].JML block contract.0 
130306     DEBUG main            d.u.i.k.p.i.IntermediateProofReplayer Proof replay took 10.1ns 
130710     INFO  main            d.u.i.k.p.r.p.TestFile    ... finished proof: open goal(s) 
130968     INFO  main            d.u.i.k.p.r.p.TestFile    Now processing file /home/runner/work/key/key/key.core/../key.ui/examples/heap/block_loop_contracts/Finally/loop_finally.key 
130969     INFO  main            d.u.i.k.p.i.AbstractProblemLoader Loading environment from /home/runner/work/key/key/key.core/../key.ui/examples/heap/block_loop_contracts/Finally/loop_finally.key 
130969     DEBUG main            d.u.i.k.p.i.AbstractProblemLoader Environment load took 85.4ns 
130970     INFO  main            d.u.i.k.p.i.AbstractProblemLoader Creating init config 
133333     DEBUG main            d.u.i.k.p.i.AbstractProblemLoader Init config took 2.36s 
133369     INFO  main            d.u.i.k.p.i.AbstractProblemLoader Replaying proof AuxiliaryContractsFinally[AuxiliaryContractsFinally::breakThrowContinueLoopContract(java.lang.Exception)].JML normal_behavior loop contract.0 
133371     DEBUG main            d.u.i.k.p.i.IntermediateProofReplayer Proof replay took 10.7ns 
133979     INFO  main            d.u.i.k.p.r.p.TestFile    ... finished proof: open goal(s) 
598938     INFO  Test worker     d.u.i.k.p.r.RunAllProofsTestUnit Returning from test blockContracts 
598939     INFO  Test worker     d.u.i.k.p.r.RunAllProofsTestUnit Running test jmlAsserts 
327        INFO  Timeout watchdog d.u.i.k.p.r.p.ForkedTestFileRunner Timeout watcher launched (2000 secs.) 
335        WARN  main            d.u.i.k.s.ProofSettings   The settings in /home/runner/.key/proof-settings.props are *not* read. 
360        INFO  main            d.u.i.k.p.r.p.TestFile    Now processing file /home/runner/work/key/key/key.core/../key.ui/examples/standard_key/java_dl/jml-assert/assert.key 
483        INFO  main            d.u.i.k.p.i.AbstractProblemLoader Loading environment from /home/runner/work/key/key/key.core/../key.ui/examples/standard_key/java_dl/jml-assert/assert.key 
511        DEBUG main            d.u.i.k.p.i.AbstractProblemLoader Environment load took 2.18ms 
754        INFO  main            d.u.i.k.p.i.AbstractProblemLoader Creating init config 
1717       DEBUG main            d.u.i.k.j.TypeConverter   No LDT found for Meta 
1717       DEBUG main            d.u.i.k.j.TypeConverter   No LDT found for Meta 
1720       DEBUG main            d.u.i.k.j.TypeConverter   No LDT found for Meta 
1720       DEBUG main            d.u.i.k.j.TypeConverter   No LDT found for Meta 
3234       DEBUG main            d.u.i.k.j.TypeConverter   No LDT found for JavaBigintExpression 
8273       DEBUG main            d.u.i.k.p.i.AbstractProblemLoader Init config took 7.52s 
8400       INFO  main            d.u.i.k.p.i.AbstractProblemLoader Replaying proof Assert[Assert::createArray(int)].JML normal_behavior operation contract.0 
8430       DEBUG main            d.u.i.k.p.i.IntermediateProofReplayer Proof replay took 29.2ns 
9262       INFO  main            d.u.i.k.p.r.p.TestFile    ... finished proof: closed. 
9366       INFO  main            d.u.i.k.p.i.AbstractProblemLoader Loading environment from /home/runner/work/key/key/key.core/../key.ui/examples/standard_key/java_dl/jml-assert/assert.key.proof 
9367       DEBUG main            d.u.i.k.p.i.AbstractProblemLoader Environment load took 1.55ms 
9371       INFO  main            d.u.i.k.p.i.AbstractProblemLoader Creating init config 
12151      DEBUG main            d.u.i.k.p.i.AbstractProblemLoader Init config took 2.78s 
12218      INFO  main            d.u.i.k.p.i.AbstractProblemLoader Replaying proof Assert[Assert::createArray(int)].JML normal_behavior operation contract.0 
12319      DEBUG main            d.u.i.k.p.i.IntermediateProofReplayer Proof replay took 95.56ms 
12327      DEBUG main            d.u.i.k.p.r.p.TestFile    ... success: reloaded. 
12332      INFO  main            d.u.i.k.p.r.p.TestFile    Now processing file /home/runner/work/key/key/key.core/../key.ui/examples/heap/block_loop_contracts/Free/assertions0.key 
12332      INFO  main            d.u.i.k.p.i.AbstractProblemLoader Loading environment from /home/runner/work/key/key/key.core/../key.ui/examples/heap/block_loop_contracts/Free/assertions0.key 
12332      DEBUG main            d.u.i.k.p.i.AbstractProblemLoader Environment load took 227.3ns 
12336      INFO  main            d.u.i.k.p.i.AbstractProblemLoader Creating init config 
14903      DEBUG main            d.u.i.k.p.i.AbstractProblemLoader Init config took 2.57s 
14966      INFO  main            d.u.i.k.p.i.AbstractProblemLoader Replaying proof FreeConditions[FreeConditions::assertions0()].JML normal_behavior operation contract.0 
14970      DEBUG main            d.u.i.k.p.i.IntermediateProofReplayer Proof replay took 10.6ns 
15172      INFO  main            d.u.i.k.p.r.p.TestFile    ... finished proof: closed. 
15348      INFO  main            d.u.i.k.p.i.AbstractProblemLoader Loading environment from /home/runner/work/key/key/key.core/../key.ui/examples/heap/block_loop_contracts/Free/assertions0.key.proof 
15348      DEBUG main            d.u.i.k.p.i.AbstractProblemLoader Environment load took 118.8ns 
15354      INFO  main            d.u.i.k.p.i.AbstractProblemLoader Creating init config 
17769      DEBUG main            d.u.i.k.p.i.AbstractProblemLoader Init config took 2.42s 
17816      INFO  main            d.u.i.k.p.i.AbstractProblemLoader Replaying proof FreeConditions[FreeConditions::assertions0()].JML normal_behavior operation contract.0 
17839      DEBUG main            d.u.i.k.p.i.IntermediateProofReplayer Proof replay took 20.12ms 
17841      DEBUG main            d.u.i.k.p.r.p.TestFile    ... success: reloaded. 
17843      INFO  main            d.u.i.k.p.r.p.TestFile    Now processing file /home/runner/work/key/key/key.core/../key.ui/examples/heap/block_loop_contracts/Free/assertions1.key 
17843      INFO  main            d.u.i.k.p.i.AbstractProblemLoader Loading environment from /home/runner/work/key/key/key.core/../key.ui/examples/heap/block_loop_contracts/Free/assertions1.key 
17844      DEBUG main            d.u.i.k.p.i.AbstractProblemLoader Environment load took 866.18ns 
17845      INFO  main            d.u.i.k.p.i.AbstractProblemLoader Creating init config 
20277      DEBUG main            d.u.i.k.p.i.AbstractProblemLoader Init config took 2.43s 
20321      INFO  main            d.u.i.k.p.i.AbstractProblemLoader Replaying proof FreeConditions[FreeConditions::assertions1()].JML normal_behavior operation contract.0 
20323      DEBUG main            d.u.i.k.p.i.IntermediateProofReplayer Proof replay took 10.5ns 
20428      INFO  main            d.u.i.k.p.r.p.TestFile    ... finished proof: closed. 
20570      INFO  main            d.u.i.k.p.i.AbstractProblemLoader Loading environment from /home/runner/work/key/key/key.core/../key.ui/examples/heap/block_loop_contracts/Free/assertions1.key.proof 
20570      DEBUG main            d.u.i.k.p.i.AbstractProblemLoader Environment load took 117ns 
20572      INFO  main            d.u.i.k.p.i.AbstractProblemLoader Creating init config 
22908      DEBUG main            d.u.i.k.p.i.AbstractProblemLoader Init config took 2.34s 
22963      INFO  main            d.u.i.k.p.i.AbstractProblemLoader Replaying proof FreeConditions[FreeConditions::assertions1()].JML normal_behavior operation contract.0 
22969      DEBUG main            d.u.i.k.p.i.IntermediateProofReplayer Proof replay took 4.3ms 
22970      DEBUG main            d.u.i.k.p.r.p.TestFile    ... success: reloaded. 
22971      INFO  main            d.u.i.k.p.r.p.TestFile    Now processing file /home/runner/work/key/key/key.core/../key.ui/examples/standard_key/java_dl/jml-assert/recursion-assert.key 
22972      INFO  main            d.u.i.k.p.i.AbstractProblemLoader Loading environment from /home/runner/work/key/key/key.core/../key.ui/examples/standard_key/java_dl/jml-assert/recursion-assert.key 
22972      DEBUG main            d.u.i.k.p.i.AbstractProblemLoader Environment load took 209.8ns 
22973      INFO  main            d.u.i.k.p.i.AbstractProblemLoader Creating init config 
25476      DEBUG main            d.u.i.k.p.i.AbstractProblemLoader Init config took 2.5s 
25520      INFO  main            d.u.i.k.p.i.AbstractProblemLoader Replaying proof RecursiveMethod[RecursiveMethod::fac1(int)].JML normal_behavior operation contract.0 
25522      DEBUG main            d.u.i.k.p.i.IntermediateProofReplayer Proof replay took 4.4ns 
25729      INFO  main            d.u.i.k.p.r.p.TestFile    ... finished proof: closed. 
25881      INFO  main            d.u.i.k.p.i.AbstractProblemLoader Loading environment from /home/runner/work/key/key/key.core/../key.ui/examples/standard_key/java_dl/jml-assert/recursion-assert.key.proof 
25881      DEBUG main            d.u.i.k.p.i.AbstractProblemLoader Environment load took 105.4ns 
25882      INFO  main            d.u.i.k.p.i.AbstractProblemLoader Creating init config 
28366      DEBUG main            d.u.i.k.p.i.AbstractProblemLoader Init config took 2.48s 
28420      INFO  main            d.u.i.k.p.i.AbstractProblemLoader Replaying proof RecursiveMethod[RecursiveMethod::fac1(int)].JML normal_behavior operation contract.0 
28467      DEBUG main            d.u.i.k.p.i.IntermediateProofReplayer Proof replay took 40.87ms 
28468      DEBUG main            d.u.i.k.p.r.p.TestFile    ... success: reloaded. 
28469      INFO  main            d.u.i.k.p.r.p.TestFile    Now processing file /home/runner/work/key/key/key.core/../key.ui/examples/standard_key/java_dl/jml-assert/recursion-assume.key 
28469      INFO  main            d.u.i.k.p.i.AbstractProblemLoader Loading environment from /home/runner/work/key/key/key.core/../key.ui/examples/standard_key/java_dl/jml-assert/recursion-assume.key 
28469      DEBUG main            d.u.i.k.p.i.AbstractProblemLoader Environment load took 69ns 
28470      INFO  main            d.u.i.k.p.i.AbstractProblemLoader Creating init config 
31010      DEBUG main            d.u.i.k.p.i.AbstractProblemLoader Init config took 2.54s 
31051      INFO  main            d.u.i.k.p.i.AbstractProblemLoader Replaying proof RecursiveMethod[RecursiveMethod::fac2(int)].JML normal_behavior operation contract.0 
31054      DEBUG main            d.u.i.k.p.i.IntermediateProofReplayer Proof replay took 5.7ns 
31256      INFO  main            d.u.i.k.p.r.p.TestFile    ... finished proof: closed. 
31420      INFO  main            d.u.i.k.p.i.AbstractProblemLoader Loading environment from /home/runner/work/key/key/key.core/../key.ui/examples/standard_key/java_dl/jml-assert/recursion-assume.key.proof 
31420      DEBUG main            d.u.i.k.p.i.AbstractProblemLoader Environment load took 107.9ns 
31421      INFO  main            d.u.i.k.p.i.AbstractProblemLoader Creating init config 
33855      DEBUG main            d.u.i.k.p.i.AbstractProblemLoader Init config took 2.43s 
33898      INFO  main            d.u.i.k.p.i.AbstractProblemLoader Replaying proof RecursiveMethod[RecursiveMethod::fac2(int)].JML normal_behavior operation contract.0 
33929      DEBUG main            d.u.i.k.p.i.IntermediateProofReplayer Proof replay took 29.03ms 
33930      DEBUG main            d.u.i.k.p.r.p.TestFile    ... success: reloaded. 
33932      INFO  main            d.u.i.k.p.r.p.TestFile    Now processing file /home/runner/work/key/key/key.core/../key.ui/examples/standard_key/java_dl/jml-assert/quantor-assert.key 
33932      INFO  main            d.u.i.k.p.i.AbstractProblemLoader Loading environment from /home/runner/work/key/key/key.core/../key.ui/examples/standard_key/java_dl/jml-assert/quantor-assert.key 
33932      DEBUG main            d.u.i.k.p.i.AbstractProblemLoader Environment load took 208.2ns 
33933      INFO  main            d.u.i.k.p.i.AbstractProblemLoader Creating init config 
36472      DEBUG main            d.u.i.k.p.i.AbstractProblemLoader Init config took 2.54s 
36528      INFO  main            d.u.i.k.p.i.AbstractProblemLoader Replaying proof Quantor[Quantor::square1(int)].JML normal_behavior operation contract.0 
36531      DEBUG main            d.u.i.k.p.i.IntermediateProofReplayer Proof replay took 5.8ns 
36633      INFO  main            d.u.i.k.p.r.p.TestFile    ... finished proof: closed. 
36794      INFO  main            d.u.i.k.p.i.AbstractProblemLoader Loading environment from /home/runner/work/key/key/key.core/../key.ui/examples/standard_key/java_dl/jml-assert/quantor-assert.key.proof 
36794      DEBUG main            d.u.i.k.p.i.AbstractProblemLoader Environment load took 116.3ns 
36795      INFO  main            d.u.i.k.p.i.AbstractProblemLoader Creating init config 
39252      DEBUG main            d.u.i.k.p.i.AbstractProblemLoader Init config took 2.46s 
39292      INFO  main            d.u.i.k.p.i.AbstractProblemLoader Replaying proof Quantor[Quantor::square1(int)].JML normal_behavior operation contract.0 
39306      DEBUG main            d.u.i.k.p.i.IntermediateProofReplayer Proof replay took 12.1ms 
39307      DEBUG main            d.u.i.k.p.r.p.TestFile    ... success: reloaded. 
39308      INFO  main            d.u.i.k.p.r.p.TestFile    Now processing file /home/runner/work/key/key/key.core/../key.ui/examples/standard_key/java_dl/jml-assert/quantor-assume.key 
39309      INFO  main            d.u.i.k.p.i.AbstractProblemLoader Loading environment from /home/runner/work/key/key/key.core/../key.ui/examples/standard_key/java_dl/jml-assert/quantor-assume.key 
39309      DEBUG main            d.u.i.k.p.i.AbstractProblemLoader Environment load took 203.2ns 
39310      INFO  main            d.u.i.k.p.i.AbstractProblemLoader Creating init config 
41826      DEBUG main            d.u.i.k.p.i.AbstractProblemLoader Init config took 2.52s 
41863      INFO  main            d.u.i.k.p.i.AbstractProblemLoader Replaying proof Quantor[Quantor::square2(int)].JML normal_behavior operation contract.0 
41865      DEBUG main            d.u.i.k.p.i.IntermediateProofReplayer Proof replay took 5.5ns 
41967      INFO  main            d.u.i.k.p.r.p.TestFile    ... finished proof: closed. 
42141      INFO  main            d.u.i.k.p.i.AbstractProblemLoader Loading environment from /home/runner/work/key/key/key.core/../key.ui/examples/standard_key/java_dl/jml-assert/quantor-assume.key.proof 
42141      DEBUG main            d.u.i.k.p.i.AbstractProblemLoader Environment load took 108.5ns 
42142      INFO  main            d.u.i.k.p.i.AbstractProblemLoader Creating init config 
44554      DEBUG main            d.u.i.k.p.i.AbstractProblemLoader Init config took 2.41s 
44597      INFO  main            d.u.i.k.p.i.AbstractProblemLoader Replaying proof Quantor[Quantor::square2(int)].JML normal_behavior operation contract.0 
44610      DEBUG main            d.u.i.k.p.i.IntermediateProofReplayer Proof replay took 11.15ms 
44611      DEBUG main            d.u.i.k.p.r.p.TestFile    ... success: reloaded. 
44612      INFO  main            d.u.i.k.p.r.p.TestFile    Now processing file /home/runner/work/key/key/key.core/../key.ui/examples/standard_key/java_dl/jml-assert/model-methods-static-static.key 
44613      INFO  main            d.u.i.k.p.i.AbstractProblemLoader Loading environment from /home/runner/work/key/key/key.core/../key.ui/examples/standard_key/java_dl/jml-assert/model-methods-static-static.key 
44613      DEBUG main            d.u.i.k.p.i.AbstractProblemLoader Environment load took 207.4ns 
44614      INFO  main            d.u.i.k.p.i.AbstractProblemLoader Creating init config 
47031      DEBUG main            d.u.i.k.p.i.AbstractProblemLoader Init config took 2.42s 
47067      INFO  main            d.u.i.k.p.i.AbstractProblemLoader Replaying proof ModelMethods[ModelMethods::test1()].JML normal_behavior operation contract.0 
47068      DEBUG main            d.u.i.k.p.i.IntermediateProofReplayer Proof replay took 5.9ns 
47172      INFO  main            d.u.i.k.p.r.p.TestFile    ... finished proof: closed. 
47395      INFO  main            d.u.i.k.p.i.AbstractProblemLoader Loading environment from /home/runner/work/key/key/key.core/../key.ui/examples/standard_key/java_dl/jml-assert/model-methods-static-static.key.proof 
47395      DEBUG main            d.u.i.k.p.i.AbstractProblemLoader Environment load took 113.8ns 
47396      INFO  main            d.u.i.k.p.i.AbstractProblemLoader Creating init config 
49781      DEBUG main            d.u.i.k.p.i.AbstractProblemLoader Init config took 2.39s 
49818      INFO  main            d.u.i.k.p.i.AbstractProblemLoader Replaying proof ModelMethods[ModelMethods::test1()].JML normal_behavior operation contract.0 
49825      DEBUG main            d.u.i.k.p.i.IntermediateProofReplayer Proof replay took 5.39ms 
49826      DEBUG main            d.u.i.k.p.r.p.TestFile    ... success: reloaded. 
49826      INFO  main            d.u.i.k.p.r.p.TestFile    Now processing file /home/runner/work/key/key/key.core/../key.ui/examples/standard_key/java_dl/jml-assert/model-methods-instance-static.key 
49827      INFO  main            d.u.i.k.p.i.AbstractProblemLoader Loading environment from /home/runner/work/key/key/key.core/../key.ui/examples/standard_key/java_dl/jml-assert/model-methods-instance-static.key 
49827      DEBUG main            d.u.i.k.p.i.AbstractProblemLoader Environment load took 87.3ns 
49827      INFO  main            d.u.i.k.p.i.AbstractProblemLoader Creating init config 
52250      DEBUG main            d.u.i.k.p.i.AbstractProblemLoader Init config took 2.42s 
52290      INFO  main            d.u.i.k.p.i.AbstractProblemLoader Replaying proof ModelMethods[ModelMethods::test2()].JML normal_behavior operation contract.0 
52291      DEBUG main            d.u.i.k.p.i.IntermediateProofReplayer Proof replay took 5.5ns 
52393      INFO  main            d.u.i.k.p.r.p.TestFile    ... finished proof: closed. 
52564      INFO  main            d.u.i.k.p.i.AbstractProblemLoader Loading environment from /home/runner/work/key/key/key.core/../key.ui/examples/standard_key/java_dl/jml-assert/model-methods-instance-static.key.proof 
52564      DEBUG main            d.u.i.k.p.i.AbstractProblemLoader Environment load took 103.4ns 
52565      INFO  main            d.u.i.k.p.i.AbstractProblemLoader Creating init config 
54956      DEBUG main            d.u.i.k.p.i.AbstractProblemLoader Init config took 2.39s 
55002      INFO  main            d.u.i.k.p.i.AbstractProblemLoader Replaying proof ModelMethods[ModelMethods::test2()].JML normal_behavior operation contract.0 
55015      DEBUG main            d.u.i.k.p.i.IntermediateProofReplayer Proof replay took 9.2ms 
55016      DEBUG main            d.u.i.k.p.r.p.TestFile    ... success: reloaded. 
55018      INFO  main            d.u.i.k.p.r.p.TestFile    Now processing file /home/runner/work/key/key/key.core/../key.ui/examples/standard_key/java_dl/jml-assert/model-methods-instance-instance.key 
55018      INFO  main            d.u.i.k.p.i.AbstractProblemLoader Loading environment from /home/runner/work/key/key/key.core/../key.ui/examples/standard_key/java_dl/jml-assert/model-methods-instance-instance.key 
55018      DEBUG main            d.u.i.k.p.i.AbstractProblemLoader Environment load took 207.4ns 
55019      INFO  main            d.u.i.k.p.i.AbstractProblemLoader Creating init config 
57456      DEBUG main            d.u.i.k.p.i.AbstractProblemLoader Init config took 2.44s 
57494      INFO  main            d.u.i.k.p.i.AbstractProblemLoader Replaying proof ModelMethods[ModelMethods::test3()].JML normal_behavior operation contract.0 
57496      DEBUG main            d.u.i.k.p.i.IntermediateProofReplayer Proof replay took 6.2ns 
57600      INFO  main            d.u.i.k.p.r.p.TestFile    ... finished proof: closed. 
57780      INFO  main            d.u.i.k.p.i.AbstractProblemLoader Loading environment from /home/runner/work/key/key/key.core/../key.ui/examples/standard_key/java_dl/jml-assert/model-methods-instance-instance.key.proof 
57780      DEBUG main            d.u.i.k.p.i.AbstractProblemLoader Environment load took 104ns 
57781      INFO  main            d.u.i.k.p.i.AbstractProblemLoader Creating init config 
60156      DEBUG main            d.u.i.k.p.i.AbstractProblemLoader Init config took 2.37s 
60194      INFO  main            d.u.i.k.p.i.AbstractProblemLoader Replaying proof ModelMethods[ModelMethods::test3()].JML normal_behavior operation contract.0 
60207      DEBUG main            d.u.i.k.p.i.IntermediateProofReplayer Proof replay took 11.47ms 
60208      DEBUG main            d.u.i.k.p.r.p.TestFile    ... success: reloaded. 
60209      INFO  main            d.u.i.k.p.r.p.TestFile    Now processing file /home/runner/work/key/key/key.core/../key.ui/examples/standard_key/java_dl/jml-assert/model-methods-static-instance.key 
60210      INFO  main            d.u.i.k.p.i.AbstractProblemLoader Loading environment from /home/runner/work/key/key/key.core/../key.ui/examples/standard_key/java_dl/jml-assert/model-methods-static-instance.key 
60210      DEBUG main            d.u.i.k.p.i.AbstractProblemLoader Environment load took 91.1ns 
60211      INFO  main            d.u.i.k.p.i.AbstractProblemLoader Creating init config 
62631      DEBUG main            d.u.i.k.p.i.AbstractProblemLoader Init config took 2.42s 
62672      INFO  main            d.u.i.k.p.i.AbstractProblemLoader Replaying proof ModelMethods[ModelMethods::test4()].JML normal_behavior operation contract.0 
62674      DEBUG main            d.u.i.k.p.i.IntermediateProofReplayer Proof replay took 5.8ns 
62776      INFO  main            d.u.i.k.p.r.p.TestFile    ... finished proof: closed. 
62961      INFO  main            d.u.i.k.p.i.AbstractProblemLoader Loading environment from /home/runner/work/key/key/key.core/../key.ui/examples/standard_key/java_dl/jml-assert/model-methods-static-instance.key.proof 
62961      DEBUG main            d.u.i.k.p.i.AbstractProblemLoader Environment load took 106.8ns 
62962      INFO  main            d.u.i.k.p.i.AbstractProblemLoader Creating init config 
65322      DEBUG main            d.u.i.k.p.i.AbstractProblemLoader Init config took 2.36s 
65359      INFO  main            d.u.i.k.p.i.AbstractProblemLoader Replaying proof ModelMethods[ModelMethods::test4()].JML normal_behavior operation contract.0 
65382      DEBUG main            d.u.i.k.p.i.IntermediateProofReplayer Proof replay took 21.34ms 
65384      DEBUG main            d.u.i.k.p.r.p.TestFile    ... success: reloaded. 
65385      INFO  main            d.u.i.k.p.r.p.TestFile    Now processing file /home/runner/work/key/key/key.core/../key.ui/examples/standard_key/java_dl/jml-assert/assert-old/inc-field.key 
65385      INFO  main            d.u.i.k.p.i.AbstractProblemLoader Loading environment from /home/runner/work/key/key/key.core/../key.ui/examples/standard_key/java_dl/jml-assert/assert-old/inc-field.key 
65385      DEBUG main            d.u.i.k.p.i.AbstractProblemLoader Environment load took 201.9ns 
65386      INFO  main            d.u.i.k.p.i.AbstractProblemLoader Creating init config 
67737      DEBUG main            d.u.i.k.p.i.AbstractProblemLoader Init config took 2.35s 
67770      INFO  main            d.u.i.k.p.i.AbstractProblemLoader Replaying proof Inc[Inc::inc_field()].JML normal_behavior operation contract.0 
67772      DEBUG main            d.u.i.k.p.i.IntermediateProofReplayer Proof replay took 5.2ns 
67873      INFO  main            d.u.i.k.p.r.p.TestFile    ... finished proof: closed. 
68059      INFO  main            d.u.i.k.p.i.AbstractProblemLoader Loading environment from /home/runner/work/key/key/key.core/../key.ui/examples/standard_key/java_dl/jml-assert/assert-old/inc-field.key.proof 
68059      DEBUG main            d.u.i.k.p.i.AbstractProblemLoader Environment load took 108.9ns 
68060      INFO  main            d.u.i.k.p.i.AbstractProblemLoader Creating init config 
70322      DEBUG main            d.u.i.k.p.i.AbstractProblemLoader Init config took 2.26s 
70356      INFO  main            d.u.i.k.p.i.AbstractProblemLoader Replaying proof Inc[Inc::inc_field()].JML normal_behavior operation contract.0 
70378      DEBUG main            d.u.i.k.p.i.IntermediateProofReplayer Proof replay took 21.07ms 
70379      DEBUG main            d.u.i.k.p.r.p.TestFile    ... success: reloaded. 
70380      INFO  main            d.u.i.k.p.r.p.TestFile    Now processing file /home/runner/work/key/key/key.core/../key.ui/examples/standard_key/java_dl/jml-assert/assert-old/inc-parameter.key 
70380      INFO  main            d.u.i.k.p.i.AbstractProblemLoader Loading environment from /home/runner/work/key/key/key.core/../key.ui/examples/standard_key/java_dl/jml-assert/assert-old/inc-parameter.key 
70380      DEBUG main            d.u.i.k.p.i.AbstractProblemLoader Environment load took 87ns 
70381      INFO  main            d.u.i.k.p.i.AbstractProblemLoader Creating init config 
72747      DEBUG main            d.u.i.k.p.i.AbstractProblemLoader Init config took 2.37s 
72782      INFO  main            d.u.i.k.p.i.AbstractProblemLoader Replaying proof Inc[Inc::inc_parameter(int)].JML normal_behavior operation contract.0 
72783      DEBUG main            d.u.i.k.p.i.IntermediateProofReplayer Proof replay took 7.2ns 
72885      INFO  main            d.u.i.k.p.r.p.TestFile    ... finished proof: closed. 
73100      INFO  main            d.u.i.k.p.i.AbstractProblemLoader Loading environment from /home/runner/work/key/key/key.core/../key.ui/examples/standard_key/java_dl/jml-assert/assert-old/inc-parameter.key.proof 
73100      DEBUG main            d.u.i.k.p.i.AbstractProblemLoader Environment load took 106.3ns 
73101      INFO  main            d.u.i.k.p.i.AbstractProblemLoader Creating init config 
75375      DEBUG main            d.u.i.k.p.i.AbstractProblemLoader Init config took 2.27s 
75408      INFO  main            d.u.i.k.p.i.AbstractProblemLoader Replaying proof Inc[Inc::inc_parameter(int)].JML normal_behavior operation contract.0 
75420      DEBUG main            d.u.i.k.p.i.IntermediateProofReplayer Proof replay took 10.13ms 
75421      DEBUG main            d.u.i.k.p.r.p.TestFile    ... success: reloaded. 
75422      INFO  main            d.u.i.k.p.r.p.TestFile    Now processing file /home/runner/work/key/key/key.core/../key.ui/examples/standard_key/java_dl/jml-assert/assert-old/inc-parameter-field.key 
75422      INFO  main            d.u.i.k.p.i.AbstractProblemLoader Loading environment from /home/runner/work/key/key/key.core/../key.ui/examples/standard_key/java_dl/jml-assert/assert-old/inc-parameter-field.key 
75422      DEBUG main            d.u.i.k.p.i.AbstractProblemLoader Environment load took 198.3ns 
75423      INFO  main            d.u.i.k.p.i.AbstractProblemLoader Creating init config 
77767      DEBUG main            d.u.i.k.p.i.AbstractProblemLoader Init config took 2.34s 
77800      INFO  main            d.u.i.k.p.i.AbstractProblemLoader Replaying proof Inc[Inc::inc_parameter_field(Inc)].JML normal_behavior operation contract.0 
77801      DEBUG main            d.u.i.k.p.i.IntermediateProofReplayer Proof replay took 5.5ns 
77904      INFO  main            d.u.i.k.p.r.p.TestFile    ... finished proof: closed. 
78127      INFO  main            d.u.i.k.p.i.AbstractProblemLoader Loading environment from /home/runner/work/key/key/key.core/../key.ui/examples/standard_key/java_dl/jml-assert/assert-old/inc-parameter-field.key.proof 
78127      DEBUG main            d.u.i.k.p.i.AbstractProblemLoader Environment load took 115ns 
78128      INFO  main            d.u.i.k.p.i.AbstractProblemLoader Creating init config 
80382      DEBUG main            d.u.i.k.p.i.AbstractProblemLoader Init config took 2.25s 
80430      INFO  main            d.u.i.k.p.i.AbstractProblemLoader Replaying proof Inc[Inc::inc_parameter_field(Inc)].JML normal_behavior operation contract.0 
80453      DEBUG main            d.u.i.k.p.i.IntermediateProofReplayer Proof replay took 21.51ms 
80454      DEBUG main            d.u.i.k.p.r.p.TestFile    ... success: reloaded. 
80455      INFO  main            d.u.i.k.p.r.p.TestFile    Now processing file /home/runner/work/key/key/key.core/../key.ui/examples/standard_key/java_dl/jml-assert/assert-old/inc-ghost-field.key 
80455      INFO  main            d.u.i.k.p.i.AbstractProblemLoader Loading environment from /home/runner/work/key/key/key.core/../key.ui/examples/standard_key/java_dl/jml-assert/assert-old/inc-ghost-field.key 
80455      DEBUG main            d.u.i.k.p.i.AbstractProblemLoader Environment load took 201.1ns 
80456      INFO  main            d.u.i.k.p.i.AbstractProblemLoader Creating init config 
82789      DEBUG main            d.u.i.k.p.i.AbstractProblemLoader Init config took 2.33s 
82821      INFO  main            d.u.i.k.p.i.AbstractProblemLoader Replaying proof Inc[Inc::inc_ghost_field()].JML normal_behavior operation contract.0 
82822      DEBUG main            d.u.i.k.p.i.IntermediateProofReplayer Proof replay took 6.1ns 
82926      INFO  main            d.u.i.k.p.r.p.TestFile    ... finished proof: closed. 
83137      INFO  main            d.u.i.k.p.i.AbstractProblemLoader Loading environment from /home/runner/work/key/key/key.core/../key.ui/examples/standard_key/java_dl/jml-assert/assert-old/inc-ghost-field.key.proof 
83137      DEBUG main            d.u.i.k.p.i.AbstractProblemLoader Environment load took 105.2ns 
83138      INFO  main            d.u.i.k.p.i.AbstractProblemLoader Creating init config 
85409      DEBUG main            d.u.i.k.p.i.AbstractProblemLoader Init config took 2.27s 
85442      INFO  main            d.u.i.k.p.i.AbstractProblemLoader Replaying proof Inc[Inc::inc_ghost_field()].JML normal_behavior operation contract.0 
85462      DEBUG main            d.u.i.k.p.i.IntermediateProofReplayer Proof replay took 18.7ms 
85463      DEBUG main            d.u.i.k.p.r.p.TestFile    ... success: reloaded. 
684579     INFO  Test worker     d.u.i.k.p.r.RunAllProofsTestUnit Returning from test jmlAsserts 
684580     INFO  Test worker     d.u.i.k.p.r.RunAllProofsTestUnit Running test javaCard 
330        INFO  Timeout watchdog d.u.i.k.p.r.p.ForkedTestFileRunner Timeout watcher launched (2000 secs.) 
343        WARN  main            d.u.i.k.s.ProofSettings   The settings in /home/runner/.key/proof-settings.props are *not* read. 
395        INFO  main            d.u.i.k.p.r.p.TestFile    Now processing file /home/runner/work/key/key/key.core/../key.ui/examples/heap/javacard/updateBalance0.key 
513        INFO  main            d.u.i.k.p.i.AbstractProblemLoader Loading environment from /home/runner/work/key/key/key.core/../key.ui/examples/heap/javacard/updateBalance0.key 
534        DEBUG main            d.u.i.k.p.i.AbstractProblemLoader Environment load took 1.77ms 
739        INFO  main            d.u.i.k.p.i.AbstractProblemLoader Creating init config 
1671       DEBUG main            d.u.i.k.j.TypeConverter   No LDT found for Meta 
1672       DEBUG main            d.u.i.k.j.TypeConverter   No LDT found for Meta 
1676       DEBUG main            d.u.i.k.j.TypeConverter   No LDT found for Meta 
1676       DEBUG main            d.u.i.k.j.TypeConverter   No LDT found for Meta 
2770       DEBUG main            d.u.i.k.j.TypeConverter   No LDT found for JavaBigintExpression 
6036       DEBUG main            d.u.i.k.p.i.AbstractProblemLoader Init config took 5.3s 
6153       INFO  main            d.u.i.k.p.i.AbstractProblemLoader Replaying proof Examples[Examples::updateBalance(short)].JML normal_behavior operation contract.0 
6183       DEBUG main            d.u.i.k.p.i.IntermediateProofReplayer Proof replay took 30.6ns 
7616       INFO  main            d.u.i.k.p.r.p.TestFile    ... finished proof: closed. 
7730       INFO  main            d.u.i.k.p.i.AbstractProblemLoader Loading environment from /home/runner/work/key/key/key.core/../key.ui/examples/heap/javacard/updateBalance0.key.proof 
7730       DEBUG main            d.u.i.k.p.i.AbstractProblemLoader Environment load took 139.9ns 
7732       INFO  main            d.u.i.k.p.i.AbstractProblemLoader Creating init config 
9406       DEBUG main            d.u.i.k.p.i.AbstractProblemLoader Init config took 1.67s 
9476       INFO  main            d.u.i.k.p.i.AbstractProblemLoader Replaying proof Examples[Examples::updateBalance(short)].JML normal_behavior operation contract.0 
9612       DEBUG main            d.u.i.k.p.i.IntermediateProofReplayer Proof replay took 127.01ms 
9620       DEBUG main            d.u.i.k.p.r.p.TestFile    ... success: reloaded. 
9623       INFO  main            d.u.i.k.p.r.p.TestFile    Now processing file /home/runner/work/key/key/key.core/../key.ui/examples/heap/javacard/updateBalance1.key 
9623       INFO  main            d.u.i.k.p.i.AbstractProblemLoader Loading environment from /home/runner/work/key/key/key.core/../key.ui/examples/heap/javacard/updateBalance1.key 
9623       DEBUG main            d.u.i.k.p.i.AbstractProblemLoader Environment load took 256.5ns 
9625       INFO  main            d.u.i.k.p.i.AbstractProblemLoader Creating init config 
11244      DEBUG main            d.u.i.k.p.i.AbstractProblemLoader Init config took 1.62s 
11294      INFO  main            d.u.i.k.p.i.AbstractProblemLoader Replaying proof Examples[Examples::updateBalance(short)].JML normal_behavior operation contract.1 
11298      DEBUG main            d.u.i.k.p.i.IntermediateProofReplayer Proof replay took 5.1ns 
11902      INFO  main            d.u.i.k.p.r.p.TestFile    ... finished proof: closed. 
12053      INFO  main            d.u.i.k.p.i.AbstractProblemLoader Loading environment from /home/runner/work/key/key/key.core/../key.ui/examples/heap/javacard/updateBalance1.key.proof 
12053      DEBUG main            d.u.i.k.p.i.AbstractProblemLoader Environment load took 435.99ns 
12055      INFO  main            d.u.i.k.p.i.AbstractProblemLoader Creating init config 
13611      DEBUG main            d.u.i.k.p.i.AbstractProblemLoader Init config took 1.56s 
13653      INFO  main            d.u.i.k.p.i.AbstractProblemLoader Replaying proof Examples[Examples::updateBalance(short)].JML normal_behavior operation contract.1 
13755      DEBUG main            d.u.i.k.p.i.IntermediateProofReplayer Proof replay took 97.85ms 
13757      DEBUG main            d.u.i.k.p.r.p.TestFile    ... success: reloaded. 
13760      INFO  main            d.u.i.k.p.r.p.TestFile    Now processing file /home/runner/work/key/key/key.core/../key.ui/examples/heap/javacard/setArray1.key 
13760      INFO  main            d.u.i.k.p.i.AbstractProblemLoader Loading environment from /home/runner/work/key/key/key.core/../key.ui/examples/heap/javacard/setArray1.key 
13760      DEBUG main            d.u.i.k.p.i.AbstractProblemLoader Environment load took 225ns 
13762      INFO  main            d.u.i.k.p.i.AbstractProblemLoader Creating init config 
15291      DEBUG main            d.u.i.k.p.i.AbstractProblemLoader Init config took 1.53s 
15332      INFO  main            d.u.i.k.p.i.AbstractProblemLoader Replaying proof Examples[Examples::setArray1([B)].JML normal_behavior operation contract.0 
15334      DEBUG main            d.u.i.k.p.i.IntermediateProofReplayer Proof replay took 5.4ns 
16342      INFO  main            d.u.i.k.p.r.p.TestFile    ... finished proof: closed. 
16508      INFO  main            d.u.i.k.p.i.AbstractProblemLoader Loading environment from /home/runner/work/key/key/key.core/../key.ui/examples/heap/javacard/setArray1.key.proof 
16509      DEBUG main            d.u.i.k.p.i.AbstractProblemLoader Environment load took 426.59ns 
16510      INFO  main            d.u.i.k.p.i.AbstractProblemLoader Creating init config 
18041      DEBUG main            d.u.i.k.p.i.AbstractProblemLoader Init config took 1.53s 
18094      INFO  main            d.u.i.k.p.i.AbstractProblemLoader Replaying proof Examples[Examples::setArray1([B)].JML normal_behavior operation contract.0 
18297      DEBUG main            d.u.i.k.p.i.IntermediateProofReplayer Proof replay took 194.87ms 
18299      DEBUG main            d.u.i.k.p.r.p.TestFile    ... success: reloaded. 
18301      INFO  main            d.u.i.k.p.r.p.TestFile    Now processing file /home/runner/work/key/key/key.core/../key.ui/examples/heap/javacard/setArray2.key 
18302      INFO  main            d.u.i.k.p.i.AbstractProblemLoader Loading environment from /home/runner/work/key/key/key.core/../key.ui/examples/heap/javacard/setArray2.key 
18302      DEBUG main            d.u.i.k.p.i.AbstractProblemLoader Environment load took 335.69ns 
18304      INFO  main            d.u.i.k.p.i.AbstractProblemLoader Creating init config 
19834      DEBUG main            d.u.i.k.p.i.AbstractProblemLoader Init config took 1.53s 
19873      INFO  main            d.u.i.k.p.i.AbstractProblemLoader Replaying proof Examples[Examples::setArray2([B)].JML normal_behavior operation contract.0 
19874      DEBUG main            d.u.i.k.p.i.IntermediateProofReplayer Proof replay took 5.7ns 
20880      INFO  main            d.u.i.k.p.r.p.TestFile    ... finished proof: closed. 
21001      INFO  main            d.u.i.k.p.i.AbstractProblemLoader Loading environment from /home/runner/work/key/key/key.core/../key.ui/examples/heap/javacard/setArray2.key.proof 
21001      DEBUG main            d.u.i.k.p.i.AbstractProblemLoader Environment load took 421.29ns 
21002      INFO  main            d.u.i.k.p.i.AbstractProblemLoader Creating init config 
22476      DEBUG main            d.u.i.k.p.i.AbstractProblemLoader Init config took 1.47s 
22514      INFO  main            d.u.i.k.p.i.AbstractProblemLoader Replaying proof Examples[Examples::setArray2([B)].JML normal_behavior operation contract.0 
22697      DEBUG main            d.u.i.k.p.i.IntermediateProofReplayer Proof replay took 177.23ms 
22699      DEBUG main            d.u.i.k.p.r.p.TestFile    ... success: reloaded. 
22701      INFO  main            d.u.i.k.p.r.p.TestFile    Now processing file /home/runner/work/key/key/key.core/../key.ui/examples/heap/javacard/arrayFillNonAtomic.key 
22701      INFO  main            d.u.i.k.p.i.AbstractProblemLoader Loading environment from /home/runner/work/key/key/key.core/../key.ui/examples/heap/javacard/arrayFillNonAtomic.key 
22702      DEBUG main            d.u.i.k.p.i.AbstractProblemLoader Environment load took 225.5ns 
22703      INFO  main            d.u.i.k.p.i.AbstractProblemLoader Creating init config 
24220      DEBUG main            d.u.i.k.p.i.AbstractProblemLoader Init config took 1.52s 
24273      INFO  main            d.u.i.k.p.i.AbstractProblemLoader Replaying proof javacard.framework.Util[javacard.framework.Util::arrayFillNonAtomic([B,short,short,byte)].JML behavior operation contract.0.transaction_inactive 
24275      DEBUG main            d.u.i.k.p.i.IntermediateProofReplayer Proof replay took 19.7ns 
25021      DEBUG Thread-13       d.u.i.k.l.o.ProgramSV     Match failed: Former match of  SchemaVariable incompatible with  the current match. 
25021      DEBUG Thread-13       d.u.i.k.l.o.ProgramSV     Match failed: Former match of  SchemaVariable incompatible with  the current match. 
26194      DEBUG Thread-13       d.u.i.k.l.o.ProgramSV     Match failed: Former match of  SchemaVariable incompatible with  the current match. 
26195      DEBUG Thread-13       d.u.i.k.l.o.ProgramSV     Match failed: Former match of  SchemaVariable incompatible with  the current match. 
27694      INFO  main            d.u.i.k.p.r.p.TestFile    ... finished proof: closed. 
27845      INFO  main            d.u.i.k.p.i.AbstractProblemLoader Loading environment from /home/runner/work/key/key/key.core/../key.ui/examples/heap/javacard/arrayFillNonAtomic.key.proof 
27845      DEBUG main            d.u.i.k.p.i.AbstractProblemLoader Environment load took 435.19ns 
27847      INFO  main            d.u.i.k.p.i.AbstractProblemLoader Creating init config 
29300      DEBUG main            d.u.i.k.p.i.AbstractProblemLoader Init config took 1.45s 
29354      INFO  main            d.u.i.k.p.i.AbstractProblemLoader Replaying proof javacard.framework.Util[javacard.framework.Util::arrayFillNonAtomic([B,short,short,byte)].JML behavior operation contract.0.transaction_inactive 
29947      DEBUG main            d.u.i.k.p.i.IntermediateProofReplayer Proof replay took 575.61ms 
29951      DEBUG main            d.u.i.k.p.r.p.TestFile    ... success: reloaded. 
29952      INFO  main            d.u.i.k.p.r.p.TestFile    Now processing file /home/runner/work/key/key/key.core/../key.ui/examples/heap/coincidence_count/project.key 
29952      INFO  main            d.u.i.k.p.i.AbstractProblemLoader Loading environment from /home/runner/work/key/key/key.core/../key.ui/examples/heap/coincidence_count/project.key 
29953      DEBUG main            d.u.i.k.p.i.AbstractProblemLoader Environment load took 222.1ns 
29954      INFO  main            d.u.i.k.p.i.AbstractProblemLoader Creating init config 
33122      DEBUG main            d.u.i.k.p.i.AbstractProblemLoader Init config took 3.17s 
33189      INFO  main            d.u.i.k.p.i.AbstractProblemLoader Replaying proof CC[CC::calcCoinIndex([I,[I)].JML normal_behavior operation contract.0 
33193      DEBUG main            d.u.i.k.p.i.IntermediateProofReplayer Proof replay took 5.8ns 
49991      INFO  main            d.u.i.k.p.r.p.TestFile    ... finished proof: closed. 
50265      INFO  main            d.u.i.k.p.i.AbstractProblemLoader Loading environment from /home/runner/work/key/key/key.core/../key.ui/examples/heap/coincidence_count/project.key.proof 
50266      DEBUG main            d.u.i.k.p.i.AbstractProblemLoader Environment load took 426.09ns 
50269      INFO  main            d.u.i.k.p.i.AbstractProblemLoader Creating init config 
52678      DEBUG main            d.u.i.k.p.i.AbstractProblemLoader Init config took 2.41s 
52720      INFO  main            d.u.i.k.p.i.AbstractProblemLoader Replaying proof CC[CC::calcCoinIndex([I,[I)].JML normal_behavior operation contract.0 
53371      DEBUG main            d.u.i.k.p.i.IntermediateProofReplayer Proof replay took 587.97ms 
53374      DEBUG main            d.u.i.k.p.r.p.TestFile    ... success: reloaded. 
53375      INFO  main            d.u.i.k.p.r.p.TestFile    Now processing file /home/runner/work/key/key/key.core/../key.ui/examples/heap/verifyThis11_1_Maximum/project.key 
53376      INFO  main            d.u.i.k.p.i.AbstractProblemLoader Loading environment from /home/runner/work/key/key/key.core/../key.ui/examples/heap/verifyThis11_1_Maximum/project.key 
53376      DEBUG main            d.u.i.k.p.i.AbstractProblemLoader Environment load took 208.7ns 
53377      INFO  main            d.u.i.k.p.i.AbstractProblemLoader Creating init config 
55815      DEBUG main            d.u.i.k.p.i.AbstractProblemLoader Init config took 2.44s 
55855      INFO  main            d.u.i.k.p.i.AbstractProblemLoader Replaying proof Maximum[Maximum::maxIndex([I)].JML normal_behavior operation contract.0 
55856      DEBUG main            d.u.i.k.p.i.IntermediateProofReplayer Proof replay took 5.2ns 
56761      INFO  main            d.u.i.k.p.r.p.TestFile    ... finished proof: closed. 
57057      INFO  main            d.u.i.k.p.i.AbstractProblemLoader Loading environment from /home/runner/work/key/key/key.core/../key.ui/examples/heap/verifyThis11_1_Maximum/project.key.proof 
57057      DEBUG main            d.u.i.k.p.i.AbstractProblemLoader Environment load took 441.19ns 
57058      INFO  main            d.u.i.k.p.i.AbstractProblemLoader Creating init config 
59435      DEBUG main            d.u.i.k.p.i.AbstractProblemLoader Init config took 2.38s 
59474      INFO  main            d.u.i.k.p.i.AbstractProblemLoader Replaying proof Maximum[Maximum::maxIndex([I)].JML normal_behavior operation contract.0 
59587      DEBUG main            d.u.i.k.p.i.IntermediateProofReplayer Proof replay took 107.43ms 
59588      DEBUG main            d.u.i.k.p.r.p.TestFile    ... success: reloaded. 
59588      INFO  main            d.u.i.k.p.r.p.TestFile    Now processing file /home/runner/work/key/key/key.core/../key.ui/examples/heap/fm12_01_LRS/lcp.key 
59588      INFO  main            d.u.i.k.p.i.AbstractProblemLoader Loading environment from /home/runner/work/key/key/key.core/../key.ui/examples/heap/fm12_01_LRS/lcp.key 
59589      DEBUG main            d.u.i.k.p.i.AbstractProblemLoader Environment load took 89.6ns 
59589      INFO  main            d.u.i.k.p.i.AbstractProblemLoader Creating init config 
62637      DEBUG main            d.u.i.k.p.i.AbstractProblemLoader Init config took 3.05s 
62694      INFO  main            d.u.i.k.p.i.AbstractProblemLoader Replaying proof LCP[LCP::lcp([I,int,int)].JML normal_behavior operation contract.0 
62696      DEBUG main            d.u.i.k.p.i.IntermediateProofReplayer Proof replay took 5.7ns 
63600      INFO  main            d.u.i.k.p.r.p.TestFile    ... finished proof: closed. 
63843      INFO  main            d.u.i.k.p.i.AbstractProblemLoader Loading environment from /home/runner/work/key/key/key.core/../key.ui/examples/heap/fm12_01_LRS/lcp.key.proof 
63844      DEBUG main            d.u.i.k.p.i.AbstractProblemLoader Environment load took 426.99ns 
63848      INFO  main            d.u.i.k.p.i.AbstractProblemLoader Creating init config 
66673      DEBUG main            d.u.i.k.p.i.AbstractProblemLoader Init config took 2.82s 
66732      INFO  main            d.u.i.k.p.i.AbstractProblemLoader Replaying proof LCP[LCP::lcp([I,int,int)].JML normal_behavior operation contract.0 
66873      DEBUG main            d.u.i.k.p.i.IntermediateProofReplayer Proof replay took 136.22ms 
66874      DEBUG main            d.u.i.k.p.r.p.TestFile    ... success: reloaded. 
66876      INFO  main            d.u.i.k.p.r.p.TestFile    Now processing file /home/runner/work/key/key/key.core/../key.ui/examples/heap/SemanticSlicing/project.key 
66876      INFO  main            d.u.i.k.p.i.AbstractProblemLoader Loading environment from /home/runner/work/key/key/key.core/../key.ui/examples/heap/SemanticSlicing/project.key 
66876      DEBUG main            d.u.i.k.p.i.AbstractProblemLoader Environment load took 202.7ns 
66877      INFO  main            d.u.i.k.p.i.AbstractProblemLoader Creating init config 
69425      DEBUG main            d.u.i.k.p.i.AbstractProblemLoader Init config took 2.55s 
69478      INFO  main            d.u.i.k.p.i.AbstractProblemLoader Replaying proof unsatcore_after.competition.postcond5.scope333.LRS[unsatcore_after.competition.postcond5.scope333.LRS::doLRS()].JML operation contract.0 
69480      DEBUG main            d.u.i.k.p.i.IntermediateProofReplayer Proof replay took 5.9ns 
73089      INFO  main            d.u.i.k.p.r.p.TestFile    ... finished proof: closed. 
73348      INFO  main            d.u.i.k.p.i.AbstractProblemLoader Loading environment from /home/runner/work/key/key/key.core/../key.ui/examples/heap/SemanticSlicing/project.key.proof 
73349      DEBUG main            d.u.i.k.p.i.AbstractProblemLoader Environment load took 448.29ns 
73351      INFO  main            d.u.i.k.p.i.AbstractProblemLoader Creating init config 
75828      DEBUG main            d.u.i.k.p.i.AbstractProblemLoader Init config took 2.48s 
75882      INFO  main            d.u.i.k.p.i.AbstractProblemLoader Replaying proof unsatcore_after.competition.postcond5.scope333.LRS[unsatcore_after.competition.postcond5.scope333.LRS::doLRS()].JML operation contract.0 
76448      DEBUG main            d.u.i.k.p.i.IntermediateProofReplayer Proof replay took 552.04ms 
76450      DEBUG main            d.u.i.k.p.r.p.TestFile    ... success: reloaded. 
76451      INFO  main            d.u.i.k.p.r.p.TestFile    Now processing file /home/runner/work/key/key/key.core/../key.ui/examples/heap/information_flow/ArrayList_contains.key 
76451      INFO  main            d.u.i.k.p.i.AbstractProblemLoader Loading environment from /home/runner/work/key/key/key.core/../key.ui/examples/heap/information_flow/ArrayList_contains.key 
76451      DEBUG main            d.u.i.k.p.i.AbstractProblemLoader Environment load took 202ns 
76452      INFO  main            d.u.i.k.p.i.AbstractProblemLoader Creating init config 
79155      DEBUG main            d.u.i.k.p.i.AbstractProblemLoader Init config took 2.7s 
79194      INFO  main            d.u.i.k.p.i.AbstractProblemLoader Replaying proof ArrayList[ArrayList::get(int)].JML normal_behavior operation contract.0 
79195      DEBUG main            d.u.i.k.p.i.IntermediateProofReplayer Proof replay took 5.4ns 
79498      INFO  main            d.u.i.k.p.r.p.TestFile    ... finished proof: closed. 
79750      INFO  main            d.u.i.k.p.i.AbstractProblemLoader Loading environment from /home/runner/work/key/key/key.core/../key.ui/examples/heap/information_flow/ArrayList_contains.key.proof 
79750      DEBUG main            d.u.i.k.p.i.AbstractProblemLoader Environment load took 110.9ns 
79751      INFO  main            d.u.i.k.p.i.AbstractProblemLoader Creating init config 
82315      DEBUG main            d.u.i.k.p.i.AbstractProblemLoader Init config took 2.56s 
82354      INFO  main            d.u.i.k.p.i.AbstractProblemLoader Replaying proof ArrayList[ArrayList::get(int)].JML normal_behavior operation contract.0 
82405      DEBUG main            d.u.i.k.p.i.IntermediateProofReplayer Proof replay took 48.1ms 
82406      DEBUG main            d.u.i.k.p.r.p.TestFile    ... success: reloaded. 
82407      INFO  main            d.u.i.k.p.r.p.TestFile    Now processing file /home/runner/work/key/key/key.core/../key.ui/examples/heap/information_flow/ArrayList_get.key 
82407      INFO  main            d.u.i.k.p.i.AbstractProblemLoader Loading environment from /home/runner/work/key/key/key.core/../key.ui/examples/heap/information_flow/ArrayList_get.key 
82407      DEBUG main            d.u.i.k.p.i.AbstractProblemLoader Environment load took 221.8ns 
82408      INFO  main            d.u.i.k.p.i.AbstractProblemLoader Creating init config 
85030      DEBUG main            d.u.i.k.p.i.AbstractProblemLoader Init config took 2.62s 
85068      INFO  main            d.u.i.k.p.i.AbstractProblemLoader Replaying proof ArrayList[ArrayList::contains(java.lang.Object)].JML normal_behavior operation contract.0 
85069      DEBUG main            d.u.i.k.p.i.IntermediateProofReplayer Proof replay took 4.8ns 
85880      INFO  main            d.u.i.k.p.r.p.TestFile    ... finished proof: closed. 
86129      INFO  main            d.u.i.k.p.i.AbstractProblemLoader Loading environment from /home/runner/work/key/key/key.core/../key.ui/examples/heap/information_flow/ArrayList_get.key.proof 
86129      DEBUG main            d.u.i.k.p.i.AbstractProblemLoader Environment load took 412.99ns 
86130      INFO  main            d.u.i.k.p.i.AbstractProblemLoader Creating init config 
88656      DEBUG main            d.u.i.k.p.i.AbstractProblemLoader Init config took 2.53s 
88694      INFO  main            d.u.i.k.p.i.AbstractProblemLoader Replaying proof ArrayList[ArrayList::contains(java.lang.Object)].JML normal_behavior operation contract.0 
88802      DEBUG main            d.u.i.k.p.i.IntermediateProofReplayer Proof replay took 104.17ms 
88804      DEBUG main            d.u.i.k.p.r.p.TestFile    ... success: reloaded. 
88805      INFO  main            d.u.i.k.p.r.p.TestFile    Now processing file /home/runner/work/key/key/key.core/../key.ui/examples/heap/information_flow/ArrayList_size.key 
88805      INFO  main            d.u.i.k.p.i.AbstractProblemLoader Loading environment from /home/runner/work/key/key/key.core/../key.ui/examples/heap/information_flow/ArrayList_size.key 
88805      DEBUG main            d.u.i.k.p.i.AbstractProblemLoader Environment load took 199.1ns 
88806      INFO  main            d.u.i.k.p.i.AbstractProblemLoader Creating init config 
91433      DEBUG main            d.u.i.k.p.i.AbstractProblemLoader Init config took 2.63s 
91469      INFO  main            d.u.i.k.p.i.AbstractProblemLoader Replaying proof ArrayList[ArrayList::size()].JML normal_behavior operation contract.0 
91470      DEBUG main            d.u.i.k.p.i.IntermediateProofReplayer Proof replay took 4.6ns 
91572      INFO  main            d.u.i.k.p.r.p.TestFile    ... finished proof: closed. 
91817      INFO  main            d.u.i.k.p.i.AbstractProblemLoader Loading environment from /home/runner/work/key/key/key.core/../key.ui/examples/heap/information_flow/ArrayList_size.key.proof 
91817      DEBUG main            d.u.i.k.p.i.AbstractProblemLoader Environment load took 110ns 
91818      INFO  main            d.u.i.k.p.i.AbstractProblemLoader Creating init config 
94355      DEBUG main            d.u.i.k.p.i.AbstractProblemLoader Init config took 2.54s 
94391      INFO  main            d.u.i.k.p.i.AbstractProblemLoader Replaying proof ArrayList[ArrayList::size()].JML normal_behavior operation contract.0 
94402      DEBUG main            d.u.i.k.p.i.IntermediateProofReplayer Proof replay took 9.61ms 
94403      DEBUG main            d.u.i.k.p.r.p.TestFile    ... success: reloaded. 
94404      INFO  main            d.u.i.k.p.r.p.TestFile    Now processing file /home/runner/work/key/key/key.core/../key.ui/examples/heap/information_flow/UpdateAbstraction_ex7_3_secure.key 
94404      INFO  main            d.u.i.k.p.i.AbstractProblemLoader Loading environment from /home/runner/work/key/key/key.core/../key.ui/examples/heap/information_flow/UpdateAbstraction_ex7_3_secure.key 
94404      DEBUG main            d.u.i.k.p.i.AbstractProblemLoader Environment load took 74.2ns 
94405      INFO  main            d.u.i.k.p.i.AbstractProblemLoader Creating init config 
97016      DEBUG main            d.u.i.k.p.i.AbstractProblemLoader Init config took 2.61s 
97057      INFO  main            d.u.i.k.p.i.AbstractProblemLoader Replaying proof UpdateAbstraction[UpdateAbstraction::ex7_3_secure()].JML operation contract.0 
97058      DEBUG main            d.u.i.k.p.i.IntermediateProofReplayer Proof replay took 5.2ns 
97159      INFO  main            d.u.i.k.p.r.p.TestFile    ... finished proof: closed. 
97402      INFO  main            d.u.i.k.p.i.AbstractProblemLoader Loading environment from /home/runner/work/key/key/key.core/../key.ui/examples/heap/information_flow/UpdateAbstraction_ex7_3_secure.key.proof 
97402      DEBUG main            d.u.i.k.p.i.AbstractProblemLoader Environment load took 107.3ns 
97403      INFO  main            d.u.i.k.p.i.AbstractProblemLoader Creating init config 
99938      DEBUG main            d.u.i.k.p.i.AbstractProblemLoader Init config took 2.54s 
99973      INFO  main            d.u.i.k.p.i.AbstractProblemLoader Replaying proof UpdateAbstraction[UpdateAbstraction::ex7_3_secure()].JML operation contract.0 
99995      DEBUG main            d.u.i.k.p.i.IntermediateProofReplayer Proof replay took 20.99ms 
99996      DEBUG main            d.u.i.k.p.r.p.TestFile    ... success: reloaded. 
99997      INFO  main            d.u.i.k.p.r.p.TestFile    Now processing file /home/runner/work/key/key/key.core/../key.ui/examples/heap/information_flow/UpdateAbstraction_ex7_4_secure.key 
99997      INFO  main            d.u.i.k.p.i.AbstractProblemLoader Loading environment from /home/runner/work/key/key/key.core/../key.ui/examples/heap/information_flow/UpdateAbstraction_ex7_4_secure.key 
99997      DEBUG main            d.u.i.k.p.i.AbstractProblemLoader Environment load took 74.2ns 
99998      INFO  main            d.u.i.k.p.i.AbstractProblemLoader Creating init config 
102569     DEBUG main            d.u.i.k.p.i.AbstractProblemLoader Init config took 2.57s 
102607     INFO  main            d.u.i.k.p.i.AbstractProblemLoader Replaying proof UpdateAbstraction[UpdateAbstraction::ex7_4_secure()].JML operation contract.0 
102609     DEBUG main            d.u.i.k.p.i.IntermediateProofReplayer Proof replay took 5.9ns 
102810     INFO  main            d.u.i.k.p.r.p.TestFile    ... finished proof: closed. 
103076     INFO  main            d.u.i.k.p.i.AbstractProblemLoader Loading environment from /home/runner/work/key/key/key.core/../key.ui/examples/heap/information_flow/UpdateAbstraction_ex7_4_secure.key.proof 
103076     DEBUG main            d.u.i.k.p.i.AbstractProblemLoader Environment load took 107.6ns 
103077     INFO  main            d.u.i.k.p.i.AbstractProblemLoader Creating init config 
105600     DEBUG main            d.u.i.k.p.i.AbstractProblemLoader Init config took 2.52s 
105646     INFO  main            d.u.i.k.p.i.AbstractProblemLoader Replaying proof UpdateAbstraction[UpdateAbstraction::ex7_4_secure()].JML operation contract.0 
105682     DEBUG main            d.u.i.k.p.i.IntermediateProofReplayer Proof replay took 31.71ms 
105683     DEBUG main            d.u.i.k.p.r.p.TestFile    ... success: reloaded. 
105684     INFO  main            d.u.i.k.p.r.p.TestFile    Now processing file /home/runner/work/key/key/key.core/../key.ui/examples/heap/information_flow/UpdateAbstraction_ex7_5_secure.key 
105684     INFO  main            d.u.i.k.p.i.AbstractProblemLoader Loading environment from /home/runner/work/key/key/key.core/../key.ui/examples/heap/information_flow/UpdateAbstraction_ex7_5_secure.key 
105684     DEBUG main            d.u.i.k.p.i.AbstractProblemLoader Environment load took 88.4ns 
105685     INFO  main            d.u.i.k.p.i.AbstractProblemLoader Creating init config 
108301     DEBUG main            d.u.i.k.p.i.AbstractProblemLoader Init config took 2.62s 
108335     INFO  main            d.u.i.k.p.i.AbstractProblemLoader Replaying proof UpdateAbstraction[UpdateAbstraction::ex7_5_secure()].JML operation contract.0 
108337     DEBUG main            d.u.i.k.p.i.IntermediateProofReplayer Proof replay took 5.5ns 
108438     INFO  main            d.u.i.k.p.r.p.TestFile    ... finished proof: closed. 
108689     INFO  main            d.u.i.k.p.i.AbstractProblemLoader Loading environment from /home/runner/work/key/key/key.core/../key.ui/examples/heap/information_flow/UpdateAbstraction_ex7_5_secure.key.proof 
108689     DEBUG main            d.u.i.k.p.i.AbstractProblemLoader Environment load took 108.1ns 
108690     INFO  main            d.u.i.k.p.i.AbstractProblemLoader Creating init config 
111218     DEBUG main            d.u.i.k.p.i.AbstractProblemLoader Init config took 2.53s 
111257     INFO  main            d.u.i.k.p.i.AbstractProblemLoader Replaying proof UpdateAbstraction[UpdateAbstraction::ex7_5_secure()].JML operation contract.0 
111273     DEBUG main            d.u.i.k.p.i.IntermediateProofReplayer Proof replay took 13.98ms 
111274     DEBUG main            d.u.i.k.p.r.p.TestFile    ... success: reloaded. 
111274     INFO  main            d.u.i.k.p.r.p.TestFile    Now processing file /home/runner/work/key/key/key.core/../key.ui/examples/heap/information_flow/UpdateAbstraction_ex7_6_secure.key 
111275     INFO  main            d.u.i.k.p.i.AbstractProblemLoader Loading environment from /home/runner/work/key/key/key.core/../key.ui/examples/heap/information_flow/UpdateAbstraction_ex7_6_secure.key 
111275     DEBUG main            d.u.i.k.p.i.AbstractProblemLoader Environment load took 57.4ns 
111276     INFO  main            d.u.i.k.p.i.AbstractProblemLoader Creating init config 
113860     DEBUG main            d.u.i.k.p.i.AbstractProblemLoader Init config took 2.58s 
113894     INFO  main            d.u.i.k.p.i.AbstractProblemLoader Replaying proof UpdateAbstraction[UpdateAbstraction::ex7_6_secure()].JML operation contract.0 
113895     DEBUG main            d.u.i.k.p.i.IntermediateProofReplayer Proof replay took 5.1ns 
114197     INFO  main            d.u.i.k.p.r.p.TestFile    ... finished proof: closed. 
114472     INFO  main            d.u.i.k.p.i.AbstractProblemLoader Loading environment from /home/runner/work/key/key/key.core/../key.ui/examples/heap/information_flow/UpdateAbstraction_ex7_6_secure.key.proof 
114472     DEBUG main            d.u.i.k.p.i.AbstractProblemLoader Environment load took 106.2ns 
114473     INFO  main            d.u.i.k.p.i.AbstractProblemLoader Creating init config 
117000     DEBUG main            d.u.i.k.p.i.AbstractProblemLoader Init config took 2.53s 
117033     INFO  main            d.u.i.k.p.i.AbstractProblemLoader Replaying proof UpdateAbstraction[UpdateAbstraction::ex7_6_secure()].JML operation contract.0 
117078     DEBUG main            d.u.i.k.p.i.IntermediateProofReplayer Proof replay took 42.36ms 
117079     DEBUG main            d.u.i.k.p.r.p.TestFile    ... success: reloaded. 
117079     INFO  main            d.u.i.k.p.r.p.TestFile    Now processing file /home/runner/work/key/key/key.core/../key.ui/examples/heap/information_flow/UpdateAbstraction_ex9_secure.key 
117080     INFO  main            d.u.i.k.p.i.AbstractProblemLoader Loading environment from /home/runner/work/key/key/key.core/../key.ui/examples/heap/information_flow/UpdateAbstraction_ex9_secure.key 
117080     DEBUG main            d.u.i.k.p.i.AbstractProblemLoader Environment load took 80.4ns 
117081     INFO  main            d.u.i.k.p.i.AbstractProblemLoader Creating init config 
119663     DEBUG main            d.u.i.k.p.i.AbstractProblemLoader Init config took 2.58s 
119697     INFO  main            d.u.i.k.p.i.AbstractProblemLoader Replaying proof UpdateAbstraction[UpdateAbstraction::ex9_secure()].JML operation contract.0 
119698     DEBUG main            d.u.i.k.p.i.IntermediateProofReplayer Proof replay took 5.7ns 
120526     INFO  main            d.u.i.k.p.r.p.TestFile    ... finished proof: closed. 
120817     INFO  main            d.u.i.k.p.i.AbstractProblemLoader Loading environment from /home/runner/work/key/key/key.core/../key.ui/examples/heap/information_flow/UpdateAbstraction_ex9_secure.key.proof 
120817     DEBUG main            d.u.i.k.p.i.AbstractProblemLoader Environment load took 99ns 
120818     INFO  main            d.u.i.k.p.i.AbstractProblemLoader Creating init config 
123340     DEBUG main            d.u.i.k.p.i.AbstractProblemLoader Init config took 2.52s 
123381     INFO  main            d.u.i.k.p.i.AbstractProblemLoader Replaying proof UpdateAbstraction[UpdateAbstraction::ex9_secure()].JML operation contract.0 
123526     DEBUG main            d.u.i.k.p.i.IntermediateProofReplayer Proof replay took 140.75ms 
123529     DEBUG main            d.u.i.k.p.r.p.TestFile    ... success: reloaded. 
808301     INFO  Test worker     d.u.i.k.p.r.RunAllProofsTestUnit Returning from test javaCard 
808302     INFO  Test worker     d.u.i.k.p.r.RunAllProofsTestUnit Running test list 
360        INFO  Timeout watchdog d.u.i.k.p.r.p.ForkedTestFileRunner Timeout watcher launched (2000 secs.) 
377        WARN  main            d.u.i.k.s.ProofSettings   The settings in /home/runner/.key/proof-settings.props are *not* read. 
423        INFO  main            d.u.i.k.p.r.p.TestFile    Now processing file /home/runner/work/key/key/key.core/../key.ui/examples/heap/list/ArrayList_add.key 
556        INFO  main            d.u.i.k.p.i.AbstractProblemLoader Loading environment from /home/runner/work/key/key/key.core/../key.ui/examples/heap/list/ArrayList_add.key 
573        DEBUG main            d.u.i.k.p.i.AbstractProblemLoader Environment load took 3.08ms 
821        INFO  main            d.u.i.k.p.i.AbstractProblemLoader Creating init config 
1636       DEBUG main            d.u.i.k.j.TypeConverter   No LDT found for Meta 
1637       DEBUG main            d.u.i.k.j.TypeConverter   No LDT found for Meta 
1638       DEBUG main            d.u.i.k.j.TypeConverter   No LDT found for Meta 
1638       DEBUG main            d.u.i.k.j.TypeConverter   No LDT found for Meta 
2979       DEBUG main            d.u.i.k.j.TypeConverter   No LDT found for JavaBigintExpression 
5971       DEBUG main            d.u.i.k.j.r.ClassPreparationMethodBuilder clPrepBuilder: Inner Class detected. Reject building class initialisation methods. 
8472       DEBUG main            d.u.i.k.p.i.AbstractProblemLoader Init config took 7.65s 
8627       INFO  main            d.u.i.k.p.i.AbstractProblemLoader Replaying proof ArrayList[List::add(java.lang.Object)].JML normal_behavior operation contract.0 
8663       DEBUG main            d.u.i.k.p.i.IntermediateProofReplayer Proof replay took 33.6ns 
14149      INFO  main            d.u.i.k.p.r.p.TestFile    ... finished proof: closed. 
14317      INFO  main            d.u.i.k.p.i.AbstractProblemLoader Loading environment from /home/runner/work/key/key/key.core/../key.ui/examples/heap/list/ArrayList_add.key.proof 
14317      DEBUG main            d.u.i.k.p.i.AbstractProblemLoader Environment load took 471.69ns 
14322      INFO  main            d.u.i.k.p.i.AbstractProblemLoader Creating init config 
15435      DEBUG main            d.u.i.k.j.r.ClassPreparationMethodBuilder clPrepBuilder: Inner Class detected. Reject building class initialisation methods. 
17550      DEBUG main            d.u.i.k.p.i.AbstractProblemLoader Init config took 3.23s 
17623      INFO  main            d.u.i.k.p.i.AbstractProblemLoader Replaying proof ArrayList[List::add(java.lang.Object)].JML normal_behavior operation contract.0 
18138      DEBUG main            d.u.i.k.p.i.IntermediateProofReplayer Proof replay took 490.8ms 
18146      DEBUG main            d.u.i.k.p.r.p.TestFile    ... success: reloaded. 
18148      INFO  main            d.u.i.k.p.r.p.TestFile    Now processing file /home/runner/work/key/key/key.core/../key.ui/examples/heap/list/ArrayList_ArrayList.key 
18148      INFO  main            d.u.i.k.p.i.AbstractProblemLoader Loading environment from /home/runner/work/key/key/key.core/../key.ui/examples/heap/list/ArrayList_ArrayList.key 
18149      DEBUG main            d.u.i.k.p.i.AbstractProblemLoader Environment load took 259.2ns 
18150      INFO  main            d.u.i.k.p.i.AbstractProblemLoader Creating init config 
19234      DEBUG main            d.u.i.k.j.r.ClassPreparationMethodBuilder clPrepBuilder: Inner Class detected. Reject building class initialisation methods. 
21286      DEBUG main            d.u.i.k.p.i.AbstractProblemLoader Init config took 3.14s 
21356      INFO  main            d.u.i.k.p.i.AbstractProblemLoader Replaying proof ArrayList[ArrayList::ArrayList()].JML normal_behavior operation contract.0 
21358      DEBUG main            d.u.i.k.p.i.IntermediateProofReplayer Proof replay took 6ns 
22665      INFO  main            d.u.i.k.p.r.p.TestFile    ... finished proof: closed. 
22836      INFO  main            d.u.i.k.p.i.AbstractProblemLoader Loading environment from /home/runner/work/key/key/key.core/../key.ui/examples/heap/list/ArrayList_ArrayList.key.proof 
22837      DEBUG main            d.u.i.k.p.i.AbstractProblemLoader Environment load took 935.49ns 
22841      INFO  main            d.u.i.k.p.i.AbstractProblemLoader Creating init config 
23821      DEBUG main            d.u.i.k.j.r.ClassPreparationMethodBuilder clPrepBuilder: Inner Class detected. Reject building class initialisation methods. 
25873      DEBUG main            d.u.i.k.p.i.AbstractProblemLoader Init config took 3.03s 
25945      INFO  main            d.u.i.k.p.i.AbstractProblemLoader Replaying proof ArrayList[ArrayList::ArrayList()].JML normal_behavior operation contract.0 
26101      DEBUG main            d.u.i.k.p.i.IntermediateProofReplayer Proof replay took 147.34ms 
26103      DEBUG main            d.u.i.k.p.r.p.TestFile    ... success: reloaded. 
26104      INFO  main            d.u.i.k.p.r.p.TestFile    Now processing file /home/runner/work/key/key/key.core/../key.ui/examples/heap/list/ArrayList_concatenate.key 
26104      INFO  main            d.u.i.k.p.i.AbstractProblemLoader Loading environment from /home/runner/work/key/key/key.core/../key.ui/examples/heap/list/ArrayList_concatenate.key 
26105      DEBUG main            d.u.i.k.p.i.AbstractProblemLoader Environment load took 239.3ns 
26106      INFO  main            d.u.i.k.p.i.AbstractProblemLoader Creating init config 
27128      DEBUG main            d.u.i.k.j.r.ClassPreparationMethodBuilder clPrepBuilder: Inner Class detected. Reject building class initialisation methods. 
29159      DEBUG main            d.u.i.k.p.i.AbstractProblemLoader Init config took 3.05s 
29217      INFO  main            d.u.i.k.p.i.AbstractProblemLoader Replaying proof ArrayList[List::concatenate(List)].JML normal_behavior operation contract.0 
29219      DEBUG main            d.u.i.k.p.i.IntermediateProofReplayer Proof replay took 6.9ns 
51347      INFO  main            d.u.i.k.p.r.p.TestFile    ... finished proof: closed. 
51572      INFO  main            d.u.i.k.p.i.AbstractProblemLoader Loading environment from /home/runner/work/key/key/key.core/../key.ui/examples/heap/list/ArrayList_concatenate.key.proof 
51573      DEBUG main            d.u.i.k.p.i.AbstractProblemLoader Environment load took 465.89ns 
51580      INFO  main            d.u.i.k.p.i.AbstractProblemLoader Creating init config 
52526      DEBUG main            d.u.i.k.j.r.ClassPreparationMethodBuilder clPrepBuilder: Inner Class detected. Reject building class initialisation methods. 
54494      DEBUG main            d.u.i.k.p.i.AbstractProblemLoader Init config took 2.91s 
54551      INFO  main            d.u.i.k.p.i.AbstractProblemLoader Replaying proof ArrayList[List::concatenate(List)].JML normal_behavior operation contract.0 
55977      DEBUG main            d.u.i.k.p.i.IntermediateProofReplayer Proof replay took 1.37s 
55981      DEBUG main            d.u.i.k.p.r.p.TestFile    ... success: reloaded. 
55982      INFO  main            d.u.i.k.p.r.p.TestFile    Now processing file /home/runner/work/key/key/key.core/../key.ui/examples/heap/list/ArrayList_contains_dep.key 
55983      INFO  main            d.u.i.k.p.i.AbstractProblemLoader Loading environment from /home/runner/work/key/key/key.core/../key.ui/examples/heap/list/ArrayList_contains_dep.key 
55983      DEBUG main            d.u.i.k.p.i.AbstractProblemLoader Environment load took 204.2ns 
55984      INFO  main            d.u.i.k.p.i.AbstractProblemLoader Creating init config 
57000      DEBUG main            d.u.i.k.j.r.ClassPreparationMethodBuilder clPrepBuilder: Inner Class detected. Reject building class initialisation methods. 
59003      DEBUG main            d.u.i.k.p.i.AbstractProblemLoader Init config took 3.02s 
59070      INFO  main            d.u.i.k.p.i.AbstractProblemLoader Replaying proof ArrayList[List::contains(java.lang.Object)].JML accessible clause.0 
59072      DEBUG main            d.u.i.k.p.i.IntermediateProofReplayer Proof replay took 5.4ns 
61580      INFO  main            d.u.i.k.p.r.p.TestFile    ... finished proof: closed. 
61786      INFO  main            d.u.i.k.p.i.AbstractProblemLoader Loading environment from /home/runner/work/key/key/key.core/../key.ui/examples/heap/list/ArrayList_contains_dep.key.proof 
61787      DEBUG main            d.u.i.k.p.i.AbstractProblemLoader Environment load took 436.99ns 
61788      INFO  main            d.u.i.k.p.i.AbstractProblemLoader Creating init config 
62728      DEBUG main            d.u.i.k.j.r.ClassPreparationMethodBuilder clPrepBuilder: Inner Class detected. Reject building class initialisation methods. 
64729      DEBUG main            d.u.i.k.p.i.AbstractProblemLoader Init config took 2.94s 
64781      INFO  main            d.u.i.k.p.i.AbstractProblemLoader Replaying proof ArrayList[List::contains(java.lang.Object)].JML accessible clause.0 
65073      DEBUG main            d.u.i.k.p.i.IntermediateProofReplayer Proof replay took 282.15ms 
65074      DEBUG main            d.u.i.k.p.r.p.TestFile    ... success: reloaded. 
65075      INFO  main            d.u.i.k.p.r.p.TestFile    Now processing file /home/runner/work/key/key/key.core/../key.ui/examples/heap/list/ArrayList_enlarge.key 
65075      INFO  main            d.u.i.k.p.i.AbstractProblemLoader Loading environment from /home/runner/work/key/key/key.core/../key.ui/examples/heap/list/ArrayList_enlarge.key 
65076      DEBUG main            d.u.i.k.p.i.AbstractProblemLoader Environment load took 113.2ns 
65076      INFO  main            d.u.i.k.p.i.AbstractProblemLoader Creating init config 
66043      DEBUG main            d.u.i.k.j.r.ClassPreparationMethodBuilder clPrepBuilder: Inner Class detected. Reject building class initialisation methods. 
68054      DEBUG main            d.u.i.k.p.i.AbstractProblemLoader Init config took 2.98s 
68115      INFO  main            d.u.i.k.p.i.AbstractProblemLoader Replaying proof ArrayList[ArrayList::enlarge()].JML normal_behavior operation contract.0 
68118      DEBUG main            d.u.i.k.p.i.IntermediateProofReplayer Proof replay took 5.4ns 
70342      INFO  main            d.u.i.k.p.r.p.TestFile    ... finished proof: closed. 
70533      INFO  main            d.u.i.k.p.i.AbstractProblemLoader Loading environment from /home/runner/work/key/key/key.core/../key.ui/examples/heap/list/ArrayList_enlarge.key.proof 
70535      DEBUG main            d.u.i.k.p.i.AbstractProblemLoader Environment load took 1.68ms 
70536      INFO  main            d.u.i.k.p.i.AbstractProblemLoader Creating init config 
71452      DEBUG main            d.u.i.k.j.r.ClassPreparationMethodBuilder clPrepBuilder: Inner Class detected. Reject building class initialisation methods. 
73433      DEBUG main            d.u.i.k.p.i.AbstractProblemLoader Init config took 2.9s 
73485      INFO  main            d.u.i.k.p.i.AbstractProblemLoader Replaying proof ArrayList[ArrayList::enlarge()].JML normal_behavior operation contract.0 
73760      DEBUG main            d.u.i.k.p.i.IntermediateProofReplayer Proof replay took 267.51ms 
73762      DEBUG main            d.u.i.k.p.r.p.TestFile    ... success: reloaded. 
73763      INFO  main            d.u.i.k.p.r.p.TestFile    Now processing file /home/runner/work/key/key/key.core/../key.ui/examples/heap/list/ArrayList_footprint.key 
73764      INFO  main            d.u.i.k.p.i.AbstractProblemLoader Loading environment from /home/runner/work/key/key/key.core/../key.ui/examples/heap/list/ArrayList_footprint.key 
73764      DEBUG main            d.u.i.k.p.i.AbstractProblemLoader Environment load took 214ns 
73765      INFO  main            d.u.i.k.p.i.AbstractProblemLoader Creating init config 
74713      DEBUG main            d.u.i.k.j.r.ClassPreparationMethodBuilder clPrepBuilder: Inner Class detected. Reject building class initialisation methods. 
76700      DEBUG main            d.u.i.k.p.i.AbstractProblemLoader Init config took 2.93s 
76744      INFO  main            d.u.i.k.p.i.AbstractProblemLoader Replaying proof List[List::$footprint()].JML accessible clause.0 
76746      DEBUG main            d.u.i.k.p.i.IntermediateProofReplayer Proof replay took 5.5ns 
76849      INFO  main            d.u.i.k.p.r.p.TestFile    ... finished proof: closed. 
77012      INFO  main            d.u.i.k.p.i.AbstractProblemLoader Loading environment from /home/runner/work/key/key/key.core/../key.ui/examples/heap/list/ArrayList_footprint.key.proof 
77012      DEBUG main            d.u.i.k.p.i.AbstractProblemLoader Environment load took 108.5ns 
77013      INFO  main            d.u.i.k.p.i.AbstractProblemLoader Creating init config 
77943      DEBUG main            d.u.i.k.j.r.ClassPreparationMethodBuilder clPrepBuilder: Inner Class detected. Reject building class initialisation methods. 
79898      DEBUG main            d.u.i.k.p.i.AbstractProblemLoader Init config took 2.89s 
79949      INFO  main            d.u.i.k.p.i.AbstractProblemLoader Replaying proof List[List::$footprint()].JML accessible clause.0 
79952      DEBUG main            d.u.i.k.p.i.IntermediateProofReplayer Proof replay took 1.17ms 
79953      DEBUG main            d.u.i.k.p.r.p.TestFile    ... success: reloaded. 
79955      INFO  main            d.u.i.k.p.r.p.TestFile    Now processing file /home/runner/work/key/key/key.core/../key.ui/examples/heap/list/ArrayList_get_dep.key 
79955      INFO  main            d.u.i.k.p.i.AbstractProblemLoader Loading environment from /home/runner/work/key/key/key.core/../key.ui/examples/heap/list/ArrayList_get_dep.key 
79955      DEBUG main            d.u.i.k.p.i.AbstractProblemLoader Environment load took 206.6ns 
79956      INFO  main            d.u.i.k.p.i.AbstractProblemLoader Creating init config 
80886      DEBUG main            d.u.i.k.j.r.ClassPreparationMethodBuilder clPrepBuilder: Inner Class detected. Reject building class initialisation methods. 
82876      DEBUG main            d.u.i.k.p.i.AbstractProblemLoader Init config took 2.92s 
82924      INFO  main            d.u.i.k.p.i.AbstractProblemLoader Replaying proof ArrayList[List::get(int)].JML accessible clause.0 
82925      DEBUG main            d.u.i.k.p.i.IntermediateProofReplayer Proof replay took 5.8ns 
83331      INFO  main            d.u.i.k.p.r.p.TestFile    ... finished proof: closed. 
83519      INFO  main            d.u.i.k.p.i.AbstractProblemLoader Loading environment from /home/runner/work/key/key/key.core/../key.ui/examples/heap/list/ArrayList_get_dep.key.proof 
83520      DEBUG main            d.u.i.k.p.i.AbstractProblemLoader Environment load took 111.9ns 
83520      INFO  main            d.u.i.k.p.i.AbstractProblemLoader Creating init config 
84448      DEBUG main            d.u.i.k.j.r.ClassPreparationMethodBuilder clPrepBuilder: Inner Class detected. Reject building class initialisation methods. 
86401      DEBUG main            d.u.i.k.p.i.AbstractProblemLoader Init config took 2.88s 
86449      INFO  main            d.u.i.k.p.i.AbstractProblemLoader Replaying proof ArrayList[List::get(int)].JML accessible clause.0 
86500      DEBUG main            d.u.i.k.p.i.IntermediateProofReplayer Proof replay took 48.4ms 
86501      DEBUG main            d.u.i.k.p.r.p.TestFile    ... success: reloaded. 
86502      INFO  main            d.u.i.k.p.r.p.TestFile    Now processing file /home/runner/work/key/key/key.core/../key.ui/examples/heap/list/ArrayList_get_exceptional.key 
86502      INFO  main            d.u.i.k.p.i.AbstractProblemLoader Loading environment from /home/runner/work/key/key/key.core/../key.ui/examples/heap/list/ArrayList_get_exceptional.key 
86502      DEBUG main            d.u.i.k.p.i.AbstractProblemLoader Environment load took 138.6ns 
86503      INFO  main            d.u.i.k.p.i.AbstractProblemLoader Creating init config 
87465      DEBUG main            d.u.i.k.j.r.ClassPreparationMethodBuilder clPrepBuilder: Inner Class detected. Reject building class initialisation methods. 
89442      DEBUG main            d.u.i.k.p.i.AbstractProblemLoader Init config took 2.94s 
89505      INFO  main            d.u.i.k.p.i.AbstractProblemLoader Replaying proof ArrayList[List::get(int)].JML exceptional_behavior operation contract.0 
89507      DEBUG main            d.u.i.k.p.i.IntermediateProofReplayer Proof replay took 5.6ns 
90612      INFO  main            d.u.i.k.p.r.p.TestFile    ... finished proof: closed. 
90797      INFO  main            d.u.i.k.p.i.AbstractProblemLoader Loading environment from /home/runner/work/key/key/key.core/../key.ui/examples/heap/list/ArrayList_get_exceptional.key.proof 
90798      DEBUG main            d.u.i.k.p.i.AbstractProblemLoader Environment load took 414ns 
90799      INFO  main            d.u.i.k.p.i.AbstractProblemLoader Creating init config 
91724      DEBUG main            d.u.i.k.j.r.ClassPreparationMethodBuilder clPrepBuilder: Inner Class detected. Reject building class initialisation methods. 
93723      DEBUG main            d.u.i.k.p.i.AbstractProblemLoader Init config took 2.92s 
93770      INFO  main            d.u.i.k.p.i.AbstractProblemLoader Replaying proof ArrayList[List::get(int)].JML exceptional_behavior operation contract.0 
93907      DEBUG main            d.u.i.k.p.i.IntermediateProofReplayer Proof replay took 131.39ms 
93909      DEBUG main            d.u.i.k.p.r.p.TestFile    ... success: reloaded. 
93910      INFO  main            d.u.i.k.p.r.p.TestFile    Now processing file /home/runner/work/key/key/key.core/../key.ui/examples/heap/list/ArrayList_get_normal.key 
93910      INFO  main            d.u.i.k.p.i.AbstractProblemLoader Loading environment from /home/runner/work/key/key/key.core/../key.ui/examples/heap/list/ArrayList_get_normal.key 
93911      DEBUG main            d.u.i.k.p.i.AbstractProblemLoader Environment load took 471.99ns 
93912      INFO  main            d.u.i.k.p.i.AbstractProblemLoader Creating init config 
94829      DEBUG main            d.u.i.k.j.r.ClassPreparationMethodBuilder clPrepBuilder: Inner Class detected. Reject building class initialisation methods. 
96807      DEBUG main            d.u.i.k.p.i.AbstractProblemLoader Init config took 2.9s 
96854      INFO  main            d.u.i.k.p.i.AbstractProblemLoader Replaying proof ArrayList[List::get(int)].JML normal_behavior operation contract.0 
96856      DEBUG main            d.u.i.k.p.i.IntermediateProofReplayer Proof replay took 5.1ns 
97262      INFO  main            d.u.i.k.p.r.p.TestFile    ... finished proof: closed. 
97442      INFO  main            d.u.i.k.p.i.AbstractProblemLoader Loading environment from /home/runner/work/key/key/key.core/../key.ui/examples/heap/list/ArrayList_get_normal.key.proof 
97442      DEBUG main            d.u.i.k.p.i.AbstractProblemLoader Environment load took 105.9ns 
97443      INFO  main            d.u.i.k.p.i.AbstractProblemLoader Creating init config 
98368      DEBUG main            d.u.i.k.j.r.ClassPreparationMethodBuilder clPrepBuilder: Inner Class detected. Reject building class initialisation methods. 
100352     DEBUG main            d.u.i.k.p.i.AbstractProblemLoader Init config took 2.91s 
100401     INFO  main            d.u.i.k.p.i.AbstractProblemLoader Replaying proof ArrayList[List::get(int)].JML normal_behavior operation contract.0 
100452     DEBUG main            d.u.i.k.p.i.IntermediateProofReplayer Proof replay took 47.6ms 
100453     DEBUG main            d.u.i.k.p.r.p.TestFile    ... success: reloaded. 
100454     INFO  main            d.u.i.k.p.r.p.TestFile    Now processing file /home/runner/work/key/key/key.core/../key.ui/examples/heap/list/ArrayList_inv.key 
100455     INFO  main            d.u.i.k.p.i.AbstractProblemLoader Loading environment from /home/runner/work/key/key/key.core/../key.ui/examples/heap/list/ArrayList_inv.key 
100455     DEBUG main            d.u.i.k.p.i.AbstractProblemLoader Environment load took 205.5ns 
100456     INFO  main            d.u.i.k.p.i.AbstractProblemLoader Creating init config 
101426     DEBUG main            d.u.i.k.j.r.ClassPreparationMethodBuilder clPrepBuilder: Inner Class detected. Reject building class initialisation methods. 
103406     DEBUG main            d.u.i.k.p.i.AbstractProblemLoader Init config took 2.95s 
103452     INFO  main            d.u.i.k.p.i.AbstractProblemLoader Replaying proof ArrayList[java.lang.Object::<inv>()].JML accessible clause.0 
103454     DEBUG main            d.u.i.k.p.i.IntermediateProofReplayer Proof replay took 6ns 
103856     INFO  main            d.u.i.k.p.r.p.TestFile    ... finished proof: closed. 
104037     INFO  main            d.u.i.k.p.i.AbstractProblemLoader Loading environment from /home/runner/work/key/key/key.core/../key.ui/examples/heap/list/ArrayList_inv.key.proof 
104038     DEBUG main            d.u.i.k.p.i.AbstractProblemLoader Environment load took 112.2ns 
104039     INFO  main            d.u.i.k.p.i.AbstractProblemLoader Creating init config 
104965     DEBUG main            d.u.i.k.j.r.ClassPreparationMethodBuilder clPrepBuilder: Inner Class detected. Reject building class initialisation methods. 
106952     DEBUG main            d.u.i.k.p.i.AbstractProblemLoader Init config took 2.91s 
106999     INFO  main            d.u.i.k.p.i.AbstractProblemLoader Replaying proof ArrayList[java.lang.Object::<inv>()].JML accessible clause.0 
107031     DEBUG main            d.u.i.k.p.i.IntermediateProofReplayer Proof replay took 29.48ms 
107032     DEBUG main            d.u.i.k.p.r.p.TestFile    ... success: reloaded. 
107033     INFO  main            d.u.i.k.p.r.p.TestFile    Now processing file /home/runner/work/key/key/key.core/../key.ui/examples/heap/list/ArrayList_iterator.key 
107034     INFO  main            d.u.i.k.p.i.AbstractProblemLoader Loading environment from /home/runner/work/key/key/key.core/../key.ui/examples/heap/list/ArrayList_iterator.key 
107034     DEBUG main            d.u.i.k.p.i.AbstractProblemLoader Environment load took 93.4ns 
107035     INFO  main            d.u.i.k.p.i.AbstractProblemLoader Creating init config 
107988     DEBUG main            d.u.i.k.j.r.ClassPreparationMethodBuilder clPrepBuilder: Inner Class detected. Reject building class initialisation methods. 
109964     DEBUG main            d.u.i.k.p.i.AbstractProblemLoader Init config took 2.93s 
110010     INFO  main            d.u.i.k.p.i.AbstractProblemLoader Replaying proof ArrayList[List::iterator()].JML normal_behavior operation contract.0 
110011     DEBUG main            d.u.i.k.p.i.IntermediateProofReplayer Proof replay took 5.9ns 
110520     INFO  main            d.u.i.k.p.r.p.TestFile    ... finished proof: closed. 
110716     INFO  main            d.u.i.k.p.i.AbstractProblemLoader Loading environment from /home/runner/work/key/key/key.core/../key.ui/examples/heap/list/ArrayList_iterator.key.proof 
110716     DEBUG main            d.u.i.k.p.i.AbstractProblemLoader Environment load took 116.9ns 
110717     INFO  main            d.u.i.k.p.i.AbstractProblemLoader Creating init config 
111622     DEBUG main            d.u.i.k.j.r.ClassPreparationMethodBuilder clPrepBuilder: Inner Class detected. Reject building class initialisation methods. 
113572     DEBUG main            d.u.i.k.p.i.AbstractProblemLoader Init config took 2.86s 
113617     INFO  main            d.u.i.k.p.i.AbstractProblemLoader Replaying proof ArrayList[List::iterator()].JML normal_behavior operation contract.0 
113695     DEBUG main            d.u.i.k.p.i.IntermediateProofReplayer Proof replay took 73.6ms 
113696     DEBUG main            d.u.i.k.p.r.p.TestFile    ... success: reloaded. 
113697     INFO  main            d.u.i.k.p.r.p.TestFile    Now processing file /home/runner/work/key/key/key.core/../key.ui/examples/heap/list/ArrayList_size_dep.key 
113697     INFO  main            d.u.i.k.p.i.AbstractProblemLoader Loading environment from /home/runner/work/key/key/key.core/../key.ui/examples/heap/list/ArrayList_size_dep.key 
113697     DEBUG main            d.u.i.k.p.i.AbstractProblemLoader Environment load took 91.7ns 
113698     INFO  main            d.u.i.k.p.i.AbstractProblemLoader Creating init config 
114625     DEBUG main            d.u.i.k.j.r.ClassPreparationMethodBuilder clPrepBuilder: Inner Class detected. Reject building class initialisation methods. 
116564     DEBUG main            d.u.i.k.p.i.AbstractProblemLoader Init config took 2.87s 
116609     INFO  main            d.u.i.k.p.i.AbstractProblemLoader Replaying proof ArrayList[List::size()].JML accessible clause.0 
116610     DEBUG main            d.u.i.k.p.i.IntermediateProofReplayer Proof replay took 5.2ns 
116812     INFO  main            d.u.i.k.p.r.p.TestFile    ... finished proof: closed. 
117018     INFO  main            d.u.i.k.p.i.AbstractProblemLoader Loading environment from /home/runner/work/key/key/key.core/../key.ui/examples/heap/list/ArrayList_size_dep.key.proof 
117018     DEBUG main            d.u.i.k.p.i.AbstractProblemLoader Environment load took 112.8ns 
117019     INFO  main            d.u.i.k.p.i.AbstractProblemLoader Creating init config 
117921     DEBUG main            d.u.i.k.j.r.ClassPreparationMethodBuilder clPrepBuilder: Inner Class detected. Reject building class initialisation methods. 
119857     DEBUG main            d.u.i.k.p.i.AbstractProblemLoader Init config took 2.84s 
119902     INFO  main            d.u.i.k.p.i.AbstractProblemLoader Replaying proof ArrayList[List::size()].JML accessible clause.0 
119920     DEBUG main            d.u.i.k.p.i.IntermediateProofReplayer Proof replay took 15.19ms 
119921     DEBUG main            d.u.i.k.p.r.p.TestFile    ... success: reloaded. 
119922     INFO  main            d.u.i.k.p.r.p.TestFile    Now processing file /home/runner/work/key/key/key.core/../key.ui/examples/heap/list/ArrayList_size.key 
119922     INFO  main            d.u.i.k.p.i.AbstractProblemLoader Loading environment from /home/runner/work/key/key/key.core/../key.ui/examples/heap/list/ArrayList_size.key 
119923     DEBUG main            d.u.i.k.p.i.AbstractProblemLoader Environment load took 203.9ns 
119924     INFO  main            d.u.i.k.p.i.AbstractProblemLoader Creating init config 
120847     DEBUG main            d.u.i.k.j.r.ClassPreparationMethodBuilder clPrepBuilder: Inner Class detected. Reject building class initialisation methods. 
122789     DEBUG main            d.u.i.k.p.i.AbstractProblemLoader Init config took 2.87s 
122834     INFO  main            d.u.i.k.p.i.AbstractProblemLoader Replaying proof ArrayList[List::size()].JML normal_behavior operation contract.0 
122836     DEBUG main            d.u.i.k.p.i.IntermediateProofReplayer Proof replay took 5.7ns 
123038     INFO  main            d.u.i.k.p.r.p.TestFile    ... finished proof: closed. 
123235     INFO  main            d.u.i.k.p.i.AbstractProblemLoader Loading environment from /home/runner/work/key/key/key.core/../key.ui/examples/heap/list/ArrayList_size.key.proof 
123235     DEBUG main            d.u.i.k.p.i.AbstractProblemLoader Environment load took 106.2ns 
123236     INFO  main            d.u.i.k.p.i.AbstractProblemLoader Creating init config 
124142     DEBUG main            d.u.i.k.j.r.ClassPreparationMethodBuilder clPrepBuilder: Inner Class detected. Reject building class initialisation methods. 
126066     DEBUG main            d.u.i.k.p.i.AbstractProblemLoader Init config took 2.83s 
126111     INFO  main            d.u.i.k.p.i.AbstractProblemLoader Replaying proof ArrayList[List::size()].JML normal_behavior operation contract.0 
126136     DEBUG main            d.u.i.k.p.i.IntermediateProofReplayer Proof replay took 22.73ms 
126137     DEBUG main            d.u.i.k.p.r.p.TestFile    ... success: reloaded. 
126138     INFO  main            d.u.i.k.p.r.p.TestFile    Now processing file /home/runner/work/key/key/key.core/../key.ui/examples/heap/list/ArrayList.ArrayListIterator_ArrayListIterator.key 
126139     INFO  main            d.u.i.k.p.i.AbstractProblemLoader Loading environment from /home/runner/work/key/key/key.core/../key.ui/examples/heap/list/ArrayList.ArrayListIterator_ArrayListIterator.key 
126139     DEBUG main            d.u.i.k.p.i.AbstractProblemLoader Environment load took 227.2ns 
126140     INFO  main            d.u.i.k.p.i.AbstractProblemLoader Creating init config 
127090     DEBUG main            d.u.i.k.j.r.ClassPreparationMethodBuilder clPrepBuilder: Inner Class detected. Reject building class initialisation methods. 
129081     DEBUG main            d.u.i.k.p.i.AbstractProblemLoader Init config took 2.94s 
129141     INFO  main            d.u.i.k.p.i.AbstractProblemLoader Replaying proof ArrayList.ArrayListIterator[ArrayList.ArrayListIterator::ArrayListIterator(ArrayList)].JML normal_behavior operation contract.0 
129143     DEBUG main            d.u.i.k.p.i.IntermediateProofReplayer Proof replay took 5ns 
129747     INFO  main            d.u.i.k.p.r.p.TestFile    ... finished proof: closed. 
129970     INFO  main            d.u.i.k.p.i.AbstractProblemLoader Loading environment from /home/runner/work/key/key/key.core/../key.ui/examples/heap/list/ArrayList.ArrayListIterator_ArrayListIterator.key.proof 
129970     DEBUG main            d.u.i.k.p.i.AbstractProblemLoader Environment load took 114.2ns 
129971     INFO  main            d.u.i.k.p.i.AbstractProblemLoader Creating init config 
130890     DEBUG main            d.u.i.k.j.r.ClassPreparationMethodBuilder clPrepBuilder: Inner Class detected. Reject building class initialisation methods. 
132830     DEBUG main            d.u.i.k.p.i.AbstractProblemLoader Init config took 2.86s 
132883     INFO  main            d.u.i.k.p.i.AbstractProblemLoader Replaying proof ArrayList.ArrayListIterator[ArrayList.ArrayListIterator::ArrayListIterator(ArrayList)].JML normal_behavior operation contract.0 
132964     DEBUG main            d.u.i.k.p.i.IntermediateProofReplayer Proof replay took 64.13ms 
132965     DEBUG main            d.u.i.k.p.r.p.TestFile    ... success: reloaded. 
132966     INFO  main            d.u.i.k.p.r.p.TestFile    Now processing file /home/runner/work/key/key/key.core/../key.ui/examples/heap/list/ArrayList.ArrayListIterator_hasNext_dep.key 
132967     INFO  main            d.u.i.k.p.i.AbstractProblemLoader Loading environment from /home/runner/work/key/key/key.core/../key.ui/examples/heap/list/ArrayList.ArrayListIterator_hasNext_dep.key 
132967     DEBUG main            d.u.i.k.p.i.AbstractProblemLoader Environment load took 87.8ns 
132967     INFO  main            d.u.i.k.p.i.AbstractProblemLoader Creating init config 
133905     DEBUG main            d.u.i.k.j.r.ClassPreparationMethodBuilder clPrepBuilder: Inner Class detected. Reject building class initialisation methods. 
135888     DEBUG main            d.u.i.k.p.i.AbstractProblemLoader Init config took 2.92s 
135941     INFO  main            d.u.i.k.p.i.AbstractProblemLoader Replaying proof ArrayList.ArrayListIterator[ListIterator::hasNext()].JML accessible clause.0 
135943     DEBUG main            d.u.i.k.p.i.IntermediateProofReplayer Proof replay took 5.4ns 
136346     INFO  main            d.u.i.k.p.r.p.TestFile    ... finished proof: closed. 
136562     INFO  main            d.u.i.k.p.i.AbstractProblemLoader Loading environment from /home/runner/work/key/key/key.core/../key.ui/examples/heap/list/ArrayList.ArrayListIterator_hasNext_dep.key.proof 
136562     DEBUG main            d.u.i.k.p.i.AbstractProblemLoader Environment load took 116.8ns 
136563     INFO  main            d.u.i.k.p.i.AbstractProblemLoader Creating init config 
137487     DEBUG main            d.u.i.k.j.r.ClassPreparationMethodBuilder clPrepBuilder: Inner Class detected. Reject building class initialisation methods. 
139409     DEBUG main            d.u.i.k.p.i.AbstractProblemLoader Init config took 2.85s 
139461     INFO  main            d.u.i.k.p.i.AbstractProblemLoader Replaying proof ArrayList.ArrayListIterator[ListIterator::hasNext()].JML accessible clause.0 
139494     DEBUG main            d.u.i.k.p.i.IntermediateProofReplayer Proof replay took 30.58ms 
139495     DEBUG main            d.u.i.k.p.r.p.TestFile    ... success: reloaded. 
139496     INFO  main            d.u.i.k.p.r.p.TestFile    Now processing file /home/runner/work/key/key/key.core/../key.ui/examples/heap/list/ArrayList.ArrayListIterator_hasNext.key 
139496     INFO  main            d.u.i.k.p.i.AbstractProblemLoader Loading environment from /home/runner/work/key/key/key.core/../key.ui/examples/heap/list/ArrayList.ArrayListIterator_hasNext.key 
139496     DEBUG main            d.u.i.k.p.i.AbstractProblemLoader Environment load took 104.8ns 
139497     INFO  main            d.u.i.k.p.i.AbstractProblemLoader Creating init config 
140449     DEBUG main            d.u.i.k.j.r.ClassPreparationMethodBuilder clPrepBuilder: Inner Class detected. Reject building class initialisation methods. 
142412     DEBUG main            d.u.i.k.p.i.AbstractProblemLoader Init config took 2.92s 
142482     INFO  main            d.u.i.k.p.i.AbstractProblemLoader Replaying proof ArrayList.ArrayListIterator[ListIterator::hasNext()].JML normal_behavior operation contract.0 
142483     DEBUG main            d.u.i.k.p.i.IntermediateProofReplayer Proof replay took 5.1ns 
142886     INFO  main            d.u.i.k.p.r.p.TestFile    ... finished proof: closed. 
143121     INFO  main            d.u.i.k.p.i.AbstractProblemLoader Loading environment from /home/runner/work/key/key/key.core/../key.ui/examples/heap/list/ArrayList.ArrayListIterator_hasNext.key.proof 
143121     DEBUG main            d.u.i.k.p.i.AbstractProblemLoader Environment load took 103.4ns 
143122     INFO  main            d.u.i.k.p.i.AbstractProblemLoader Creating init config 
144030     DEBUG main            d.u.i.k.j.r.ClassPreparationMethodBuilder clPrepBuilder: Inner Class detected. Reject building class initialisation methods. 
145945     DEBUG main            d.u.i.k.p.i.AbstractProblemLoader Init config took 2.82s 
146012     INFO  main            d.u.i.k.p.i.AbstractProblemLoader Replaying proof ArrayList.ArrayListIterator[ListIterator::hasNext()].JML normal_behavior operation contract.0 
146050     DEBUG main            d.u.i.k.p.i.IntermediateProofReplayer Proof replay took 36.01ms 
146051     DEBUG main            d.u.i.k.p.r.p.TestFile    ... success: reloaded. 
146052     INFO  main            d.u.i.k.p.r.p.TestFile    Now processing file /home/runner/work/key/key/key.core/../key.ui/examples/heap/list/ArrayList.ArrayListIterator_inv.key 
146052     INFO  main            d.u.i.k.p.i.AbstractProblemLoader Loading environment from /home/runner/work/key/key/key.core/../key.ui/examples/heap/list/ArrayList.ArrayListIterator_inv.key 
146052     DEBUG main            d.u.i.k.p.i.AbstractProblemLoader Environment load took 88.2ns 
146053     INFO  main            d.u.i.k.p.i.AbstractProblemLoader Creating init config 
146995     DEBUG main            d.u.i.k.j.r.ClassPreparationMethodBuilder clPrepBuilder: Inner Class detected. Reject building class initialisation methods. 
148931     DEBUG main            d.u.i.k.p.i.AbstractProblemLoader Init config took 2.88s 
148981     INFO  main            d.u.i.k.p.i.AbstractProblemLoader Replaying proof ArrayList.ArrayListIterator[java.lang.Object::<inv>()].JML accessible clause.0 
148983     DEBUG main            d.u.i.k.p.i.IntermediateProofReplayer Proof replay took 5.3ns 
149987     INFO  main            d.u.i.k.p.r.p.TestFile    ... finished proof: closed. 
150219     INFO  main            d.u.i.k.p.i.AbstractProblemLoader Loading environment from /home/runner/work/key/key/key.core/../key.ui/examples/heap/list/ArrayList.ArrayListIterator_inv.key.proof 
150219     DEBUG main            d.u.i.k.p.i.AbstractProblemLoader Environment load took 103.1ns 
150220     INFO  main            d.u.i.k.p.i.AbstractProblemLoader Creating init config 
151125     DEBUG main            d.u.i.k.j.r.ClassPreparationMethodBuilder clPrepBuilder: Inner Class detected. Reject building class initialisation methods. 
153030     DEBUG main            d.u.i.k.p.i.AbstractProblemLoader Init config took 2.81s 
153083     INFO  main            d.u.i.k.p.i.AbstractProblemLoader Replaying proof ArrayList.ArrayListIterator[java.lang.Object::<inv>()].JML accessible clause.0 
153152     DEBUG main            d.u.i.k.p.i.IntermediateProofReplayer Proof replay took 62.69ms 
153153     DEBUG main            d.u.i.k.p.r.p.TestFile    ... success: reloaded. 
153154     INFO  main            d.u.i.k.p.r.p.TestFile    Now processing file /home/runner/work/key/key/key.core/../key.ui/examples/heap/list/ArrayList.ArrayListIterator_list.key 
153154     INFO  main            d.u.i.k.p.i.AbstractProblemLoader Loading environment from /home/runner/work/key/key/key.core/../key.ui/examples/heap/list/ArrayList.ArrayListIterator_list.key 
153155     DEBUG main            d.u.i.k.p.i.AbstractProblemLoader Environment load took 196.5ns 
153155     INFO  main            d.u.i.k.p.i.AbstractProblemLoader Creating init config 
154097     DEBUG main            d.u.i.k.j.r.ClassPreparationMethodBuilder clPrepBuilder: Inner Class detected. Reject building class initialisation methods. 
156073     DEBUG main            d.u.i.k.p.i.AbstractProblemLoader Init config took 2.92s 
156133     INFO  main            d.u.i.k.p.i.AbstractProblemLoader Replaying proof ListIterator[ListIterator::$list()].JML accessible clause.0 
156135     DEBUG main            d.u.i.k.p.i.IntermediateProofReplayer Proof replay took 4.8ns 
156237     INFO  main            d.u.i.k.p.r.p.TestFile    ... finished proof: closed. 
156469     INFO  main            d.u.i.k.p.i.AbstractProblemLoader Loading environment from /home/runner/work/key/key/key.core/../key.ui/examples/heap/list/ArrayList.ArrayListIterator_list.key.proof 
156469     DEBUG main            d.u.i.k.p.i.AbstractProblemLoader Environment load took 113.7ns 
156470     INFO  main            d.u.i.k.p.i.AbstractProblemLoader Creating init config 
157385     DEBUG main            d.u.i.k.j.r.ClassPreparationMethodBuilder clPrepBuilder: Inner Class detected. Reject building class initialisation methods. 
159295     DEBUG main            d.u.i.k.p.i.AbstractProblemLoader Init config took 2.83s 
159334     INFO  main            d.u.i.k.p.i.AbstractProblemLoader Replaying proof ListIterator[ListIterator::$list()].JML accessible clause.0 
159336     DEBUG main            d.u.i.k.p.i.IntermediateProofReplayer Proof replay took 841.59ns 
159337     DEBUG main            d.u.i.k.p.r.p.TestFile    ... success: reloaded. 
159337     INFO  main            d.u.i.k.p.r.p.TestFile    Now processing file /home/runner/work/key/key/key.core/../key.ui/examples/heap/list/ArrayList.ArrayListIterator_next_exceptional.key 
159338     INFO  main            d.u.i.k.p.i.AbstractProblemLoader Loading environment from /home/runner/work/key/key/key.core/../key.ui/examples/heap/list/ArrayList.ArrayListIterator_next_exceptional.key 
159338     DEBUG main            d.u.i.k.p.i.AbstractProblemLoader Environment load took 57.1ns 
159338     INFO  main            d.u.i.k.p.i.AbstractProblemLoader Creating init config 
160296     DEBUG main            d.u.i.k.j.r.ClassPreparationMethodBuilder clPrepBuilder: Inner Class detected. Reject building class initialisation methods. 
162216     DEBUG main            d.u.i.k.p.i.AbstractProblemLoader Init config took 2.88s 
162287     INFO  main            d.u.i.k.p.i.AbstractProblemLoader Replaying proof ArrayList.ArrayListIterator[ListIterator::next()].JML exceptional_behavior operation contract.0 
162289     DEBUG main            d.u.i.k.p.i.IntermediateProofReplayer Proof replay took 5.3ns 
163094     INFO  main            d.u.i.k.p.r.p.TestFile    ... finished proof: closed. 
163368     INFO  main            d.u.i.k.p.i.AbstractProblemLoader Loading environment from /home/runner/work/key/key/key.core/../key.ui/examples/heap/list/ArrayList.ArrayListIterator_next_exceptional.key.proof 
163369     DEBUG main            d.u.i.k.p.i.AbstractProblemLoader Environment load took 819.29ns 
163370     INFO  main            d.u.i.k.p.i.AbstractProblemLoader Creating init config 
164285     DEBUG main            d.u.i.k.j.r.ClassPreparationMethodBuilder clPrepBuilder: Inner Class detected. Reject building class initialisation methods. 
166188     DEBUG main            d.u.i.k.p.i.AbstractProblemLoader Init config took 2.82s 
166257     INFO  main            d.u.i.k.p.i.AbstractProblemLoader Replaying proof ArrayList.ArrayListIterator[ListIterator::next()].JML exceptional_behavior operation contract.0 
166345     DEBUG main            d.u.i.k.p.i.IntermediateProofReplayer Proof replay took 84.17ms 
166347     DEBUG main            d.u.i.k.p.r.p.TestFile    ... success: reloaded. 
166348     INFO  main            d.u.i.k.p.r.p.TestFile    Now processing file /home/runner/work/key/key/key.core/../key.ui/examples/heap/list/ArrayList.ArrayListIterator_next_normal.key 
166348     INFO  main            d.u.i.k.p.i.AbstractProblemLoader Loading environment from /home/runner/work/key/key/key.core/../key.ui/examples/heap/list/ArrayList.ArrayListIterator_next_normal.key 
166348     DEBUG main            d.u.i.k.p.i.AbstractProblemLoader Environment load took 200ns 
166349     INFO  main            d.u.i.k.p.i.AbstractProblemLoader Creating init config 
167281     DEBUG main            d.u.i.k.j.r.ClassPreparationMethodBuilder clPrepBuilder: Inner Class detected. Reject building class initialisation methods. 
169238     DEBUG main            d.u.i.k.p.i.AbstractProblemLoader Init config took 2.89s 
169289     INFO  main            d.u.i.k.p.i.AbstractProblemLoader Replaying proof ArrayList.ArrayListIterator[ListIterator::next()].JML normal_behavior operation contract.0 
169291     DEBUG main            d.u.i.k.p.i.IntermediateProofReplayer Proof replay took 6.7ns 
170106     INFO  main            d.u.i.k.p.r.p.TestFile    ... finished proof: closed. 
170363     INFO  main            d.u.i.k.p.i.AbstractProblemLoader Loading environment from /home/runner/work/key/key/key.core/../key.ui/examples/heap/list/ArrayList.ArrayListIterator_next_normal.key.proof 
170363     DEBUG main            d.u.i.k.p.i.AbstractProblemLoader Environment load took 109.2ns 
170364     INFO  main            d.u.i.k.p.i.AbstractProblemLoader Creating init config 
171278     DEBUG main            d.u.i.k.j.r.ClassPreparationMethodBuilder clPrepBuilder: Inner Class detected. Reject building class initialisation methods. 
173189     DEBUG main            d.u.i.k.p.i.AbstractProblemLoader Init config took 2.83s 
173240     INFO  main            d.u.i.k.p.i.AbstractProblemLoader Replaying proof ArrayList.ArrayListIterator[ListIterator::next()].JML normal_behavior operation contract.0 
173332     DEBUG main            d.u.i.k.p.i.IntermediateProofReplayer Proof replay took 87.9ms 
173333     DEBUG main            d.u.i.k.p.r.p.TestFile    ... success: reloaded. 
173334     INFO  main            d.u.i.k.p.r.p.TestFile    Now processing file /home/runner/work/key/key/key.core/../key.ui/examples/heap/list/ArrayList.ArrayListIterator_pos.key 
173334     INFO  main            d.u.i.k.p.i.AbstractProblemLoader Loading environment from /home/runner/work/key/key/key.core/../key.ui/examples/heap/list/ArrayList.ArrayListIterator_pos.key 
173334     DEBUG main            d.u.i.k.p.i.AbstractProblemLoader Environment load took 69.9ns 
173335     INFO  main            d.u.i.k.p.i.AbstractProblemLoader Creating init config 
174277     DEBUG main            d.u.i.k.j.r.ClassPreparationMethodBuilder clPrepBuilder: Inner Class detected. Reject building class initialisation methods. 
176202     DEBUG main            d.u.i.k.p.i.AbstractProblemLoader Init config took 2.87s 
176258     INFO  main            d.u.i.k.p.i.AbstractProblemLoader Replaying proof ListIterator[ListIterator::$pos()].JML accessible clause.0 
176259     DEBUG main            d.u.i.k.p.i.IntermediateProofReplayer Proof replay took 6.5ns 
176361     INFO  main            d.u.i.k.p.r.p.TestFile    ... finished proof: closed. 
176639     INFO  main            d.u.i.k.p.i.AbstractProblemLoader Loading environment from /home/runner/work/key/key/key.core/../key.ui/examples/heap/list/ArrayList.ArrayListIterator_pos.key.proof 
176639     DEBUG main            d.u.i.k.p.i.AbstractProblemLoader Environment load took 98.6ns 
176640     INFO  main            d.u.i.k.p.i.AbstractProblemLoader Creating init config 
177549     DEBUG main            d.u.i.k.j.r.ClassPreparationMethodBuilder clPrepBuilder: Inner Class detected. Reject building class initialisation methods. 
179449     DEBUG main            d.u.i.k.p.i.AbstractProblemLoader Init config took 2.81s 
179487     INFO  main            d.u.i.k.p.i.AbstractProblemLoader Replaying proof ListIterator[ListIterator::$pos()].JML accessible clause.0 
179490     DEBUG main            d.u.i.k.p.i.IntermediateProofReplayer Proof replay took 741.59ns 
179493     DEBUG main            d.u.i.k.p.r.p.TestFile    ... success: reloaded. 
179494     INFO  main            d.u.i.k.p.r.p.TestFile    Now processing file /home/runner/work/key/key/key.core/../key.ui/examples/heap/list/Client_m.key 
179495     INFO  main            d.u.i.k.p.i.AbstractProblemLoader Loading environment from /home/runner/work/key/key/key.core/../key.ui/examples/heap/list/Client_m.key 
179495     DEBUG main            d.u.i.k.p.i.AbstractProblemLoader Environment load took 207.2ns 
179496     INFO  main            d.u.i.k.p.i.AbstractProblemLoader Creating init config 
180428     DEBUG main            d.u.i.k.j.r.ClassPreparationMethodBuilder clPrepBuilder: Inner Class detected. Reject building class initialisation methods. 
182390     DEBUG main            d.u.i.k.p.i.AbstractProblemLoader Init config took 2.89s 
182430     INFO  main            d.u.i.k.p.i.AbstractProblemLoader Replaying proof Client[Client::m(List)].JML normal_behavior operation contract.0 
182437     DEBUG main            d.u.i.k.p.i.IntermediateProofReplayer Proof replay took 5.4ns 
182739     INFO  main            d.u.i.k.p.r.p.TestFile    ... finished proof: closed. 
183020     INFO  main            d.u.i.k.p.i.AbstractProblemLoader Loading environment from /home/runner/work/key/key/key.core/../key.ui/examples/heap/list/Client_m.key.proof 
183020     DEBUG main            d.u.i.k.p.i.AbstractProblemLoader Environment load took 102.3ns 
183021     INFO  main            d.u.i.k.p.i.AbstractProblemLoader Creating init config 
183947     DEBUG main            d.u.i.k.j.r.ClassPreparationMethodBuilder clPrepBuilder: Inner Class detected. Reject building class initialisation methods. 
185895     DEBUG main            d.u.i.k.p.i.AbstractProblemLoader Init config took 2.87s 
185934     INFO  main            d.u.i.k.p.i.AbstractProblemLoader Replaying proof Client[Client::m(List)].JML normal_behavior operation contract.0 
185985     DEBUG main            d.u.i.k.p.i.IntermediateProofReplayer Proof replay took 48.01ms 
185986     DEBUG main            d.u.i.k.p.r.p.TestFile    ... success: reloaded. 
185987     INFO  main            d.u.i.k.p.r.p.TestFile    Now processing file /home/runner/work/key/key/key.core/../key.ui/examples/heap/list/Client_n.key 
185987     INFO  main            d.u.i.k.p.i.AbstractProblemLoader Loading environment from /home/runner/work/key/key/key.core/../key.ui/examples/heap/list/Client_n.key 
185987     DEBUG main            d.u.i.k.p.i.AbstractProblemLoader Environment load took 82.8ns 
185988     INFO  main            d.u.i.k.p.i.AbstractProblemLoader Creating init config 
186926     DEBUG main            d.u.i.k.j.r.ClassPreparationMethodBuilder clPrepBuilder: Inner Class detected. Reject building class initialisation methods. 
188879     DEBUG main            d.u.i.k.p.i.AbstractProblemLoader Init config took 2.89s 
188936     INFO  main            d.u.i.k.p.i.AbstractProblemLoader Replaying proof Client[Client::n(List)].JML normal_behavior operation contract.0 
188937     DEBUG main            d.u.i.k.p.i.IntermediateProofReplayer Proof replay took 6.2ns 
189042     INFO  main            d.u.i.k.p.r.p.TestFile    ... finished proof: closed. 
189420     INFO  main            d.u.i.k.p.i.AbstractProblemLoader Loading environment from /home/runner/work/key/key/key.core/../key.ui/examples/heap/list/Client_n.key.proof 
189421     DEBUG main            d.u.i.k.p.i.AbstractProblemLoader Environment load took 92.1ns 
189422     INFO  main            d.u.i.k.p.i.AbstractProblemLoader Creating init config 
190323     DEBUG main            d.u.i.k.j.r.ClassPreparationMethodBuilder clPrepBuilder: Inner Class detected. Reject building class initialisation methods. 
192262     DEBUG main            d.u.i.k.p.i.AbstractProblemLoader Init config took 2.84s 
192300     INFO  main            d.u.i.k.p.i.AbstractProblemLoader Replaying proof Client[Client::n(List)].JML normal_behavior operation contract.0 
192316     DEBUG main            d.u.i.k.p.i.IntermediateProofReplayer Proof replay took 13.95ms 
192317     DEBUG main            d.u.i.k.p.r.p.TestFile    ... success: reloaded. 
192317     INFO  main            d.u.i.k.p.r.p.TestFile    Now processing file /home/runner/work/key/key/key.core/../key.ui/examples/heap/list/LinkedList_get_exceptional.key 
192318     INFO  main            d.u.i.k.p.i.AbstractProblemLoader Loading environment from /home/runner/work/key/key/key.core/../key.ui/examples/heap/list/LinkedList_get_exceptional.key 
192318     DEBUG main            d.u.i.k.p.i.AbstractProblemLoader Environment load took 48.7ns 
192318     INFO  main            d.u.i.k.p.i.AbstractProblemLoader Creating init config 
193227     DEBUG main            d.u.i.k.j.r.ClassPreparationMethodBuilder clPrepBuilder: Inner Class detected. Reject building class initialisation methods. 
195126     DEBUG main            d.u.i.k.p.i.AbstractProblemLoader Init config took 2.81s 
195170     INFO  main            d.u.i.k.p.i.AbstractProblemLoader Replaying proof LinkedList[List::get(int)].JML exceptional_behavior operation contract.0 
195172     DEBUG main            d.u.i.k.p.i.IntermediateProofReplayer Proof replay took 5.7ns 
197177     INFO  main            d.u.i.k.p.r.p.TestFile    ... finished proof: closed. 
197464     INFO  main            d.u.i.k.p.i.AbstractProblemLoader Loading environment from /home/runner/work/key/key/key.core/../key.ui/examples/heap/list/LinkedList_get_exceptional.key.proof 
197464     DEBUG main            d.u.i.k.p.i.AbstractProblemLoader Environment load took 97.4ns 
197466     INFO  main            d.u.i.k.p.i.AbstractProblemLoader Creating init config 
198365     DEBUG main            d.u.i.k.j.r.ClassPreparationMethodBuilder clPrepBuilder: Inner Class detected. Reject building class initialisation methods. 
200255     DEBUG main            d.u.i.k.p.i.AbstractProblemLoader Init config took 2.79s 
200299     INFO  main            d.u.i.k.p.i.AbstractProblemLoader Replaying proof LinkedList[List::get(int)].JML exceptional_behavior operation contract.0 
200493     DEBUG main            d.u.i.k.p.i.IntermediateProofReplayer Proof replay took 186.03ms 
200494     DEBUG main            d.u.i.k.p.r.p.TestFile    ... success: reloaded. 
200495     INFO  main            d.u.i.k.p.r.p.TestFile    Now processing file /home/runner/work/key/key/key.core/../key.ui/examples/heap/list/LinkedList_get_normal.key 
200495     INFO  main            d.u.i.k.p.i.AbstractProblemLoader Loading environment from /home/runner/work/key/key/key.core/../key.ui/examples/heap/list/LinkedList_get_normal.key 
200495     DEBUG main            d.u.i.k.p.i.AbstractProblemLoader Environment load took 120.4ns 
200496     INFO  main            d.u.i.k.p.i.AbstractProblemLoader Creating init config 
201408     DEBUG main            d.u.i.k.j.r.ClassPreparationMethodBuilder clPrepBuilder: Inner Class detected. Reject building class initialisation methods. 
203328     DEBUG main            d.u.i.k.p.i.AbstractProblemLoader Init config took 2.83s 
203372     INFO  main            d.u.i.k.p.i.AbstractProblemLoader Replaying proof LinkedList[List::get(int)].JML normal_behavior operation contract.0 
203373     DEBUG main            d.u.i.k.p.i.IntermediateProofReplayer Proof replay took 5.8ns 
209113     INFO  main            d.u.i.k.p.r.p.TestFile    ... finished proof: closed. 
209459     INFO  main            d.u.i.k.p.i.AbstractProblemLoader Loading environment from /home/runner/work/key/key/key.core/../key.ui/examples/heap/list/LinkedList_get_normal.key.proof 
209460     DEBUG main            d.u.i.k.p.i.AbstractProblemLoader Environment load took 404.6ns 
209462     INFO  main            d.u.i.k.p.i.AbstractProblemLoader Creating init config 
210355     DEBUG main            d.u.i.k.j.r.ClassPreparationMethodBuilder clPrepBuilder: Inner Class detected. Reject building class initialisation methods. 
212247     DEBUG main            d.u.i.k.p.i.AbstractProblemLoader Init config took 2.79s 
212291     INFO  main            d.u.i.k.p.i.AbstractProblemLoader Replaying proof LinkedList[List::get(int)].JML normal_behavior operation contract.0 
212625     DEBUG main            d.u.i.k.p.i.IntermediateProofReplayer Proof replay took 313.44ms 
212627     DEBUG main            d.u.i.k.p.r.p.TestFile    ... success: reloaded. 
212628     INFO  main            d.u.i.k.p.r.p.TestFile    Now processing file /home/runner/work/key/key/key.core/../key.ui/examples/heap/list/LinkedList_LinkedList.key 
212628     INFO  main            d.u.i.k.p.i.AbstractProblemLoader Loading environment from /home/runner/work/key/key/key.core/../key.ui/examples/heap/list/LinkedList_LinkedList.key 
212628     DEBUG main            d.u.i.k.p.i.AbstractProblemLoader Environment load took 78ns 
212629     INFO  main            d.u.i.k.p.i.AbstractProblemLoader Creating init config 
213543     DEBUG main            d.u.i.k.j.r.ClassPreparationMethodBuilder clPrepBuilder: Inner Class detected. Reject building class initialisation methods. 
215479     DEBUG main            d.u.i.k.p.i.AbstractProblemLoader Init config took 2.85s 
215522     INFO  main            d.u.i.k.p.i.AbstractProblemLoader Replaying proof LinkedList[LinkedList::LinkedList()].JML normal_behavior operation contract.0 
215523     DEBUG main            d.u.i.k.p.i.IntermediateProofReplayer Proof replay took 5.5ns 
216038     INFO  main            d.u.i.k.p.r.p.TestFile    ... finished proof: closed. 
216323     INFO  main            d.u.i.k.p.i.AbstractProblemLoader Loading environment from /home/runner/work/key/key/key.core/../key.ui/examples/heap/list/LinkedList_LinkedList.key.proof 
216323     DEBUG main            d.u.i.k.p.i.AbstractProblemLoader Environment load took 98.6ns 
216324     INFO  main            d.u.i.k.p.i.AbstractProblemLoader Creating init config 
217229     DEBUG main            d.u.i.k.j.r.ClassPreparationMethodBuilder clPrepBuilder: Inner Class detected. Reject building class initialisation methods. 
219124     DEBUG main            d.u.i.k.p.i.AbstractProblemLoader Init config took 2.8s 
219168     INFO  main            d.u.i.k.p.i.AbstractProblemLoader Replaying proof LinkedList[LinkedList::LinkedList()].JML normal_behavior operation contract.0 
219249     DEBUG main            d.u.i.k.p.i.IntermediateProofReplayer Proof replay took 56.84ms 
219250     DEBUG main            d.u.i.k.p.r.p.TestFile    ... success: reloaded. 
219251     INFO  main            d.u.i.k.p.r.p.TestFile    Now processing file /home/runner/work/key/key/key.core/../key.ui/examples/heap/list/LinkedList_size_dep.key 
219251     INFO  main            d.u.i.k.p.i.AbstractProblemLoader Loading environment from /home/runner/work/key/key/key.core/../key.ui/examples/heap/list/LinkedList_size_dep.key 
219252     DEBUG main            d.u.i.k.p.i.AbstractProblemLoader Environment load took 215.1ns 
219253     INFO  main            d.u.i.k.p.i.AbstractProblemLoader Creating init config 
220164     DEBUG main            d.u.i.k.j.r.ClassPreparationMethodBuilder clPrepBuilder: Inner Class detected. Reject building class initialisation methods. 
222083     DEBUG main            d.u.i.k.p.i.AbstractProblemLoader Init config took 2.83s 
222126     INFO  main            d.u.i.k.p.i.AbstractProblemLoader Replaying proof LinkedList[List::size()].JML accessible clause.0 
222127     DEBUG main            d.u.i.k.p.i.IntermediateProofReplayer Proof replay took 6.1ns 
222630     INFO  main            d.u.i.k.p.r.p.TestFile    ... finished proof: closed. 
222925     INFO  main            d.u.i.k.p.i.AbstractProblemLoader Loading environment from /home/runner/work/key/key/key.core/../key.ui/examples/heap/list/LinkedList_size_dep.key.proof 
222925     DEBUG main            d.u.i.k.p.i.AbstractProblemLoader Environment load took 94.2ns 
222926     INFO  main            d.u.i.k.p.i.AbstractProblemLoader Creating init config 
223819     DEBUG main            d.u.i.k.j.r.ClassPreparationMethodBuilder clPrepBuilder: Inner Class detected. Reject building class initialisation methods. 
225692     DEBUG main            d.u.i.k.p.i.AbstractProblemLoader Init config took 2.77s 
225745     INFO  main            d.u.i.k.p.i.AbstractProblemLoader Replaying proof LinkedList[List::size()].JML accessible clause.0 
225776     DEBUG main            d.u.i.k.p.i.IntermediateProofReplayer Proof replay took 28.6ms 
225777     DEBUG main            d.u.i.k.p.r.p.TestFile    ... success: reloaded. 
225777     INFO  main            d.u.i.k.p.r.p.TestFile    Now processing file /home/runner/work/key/key/key.core/../key.ui/examples/heap/list/LinkedList_size.key 
225778     INFO  main            d.u.i.k.p.i.AbstractProblemLoader Loading environment from /home/runner/work/key/key/key.core/../key.ui/examples/heap/list/LinkedList_size.key 
225778     DEBUG main            d.u.i.k.p.i.AbstractProblemLoader Environment load took 77.9ns 
225778     INFO  main            d.u.i.k.p.i.AbstractProblemLoader Creating init config 
226689     DEBUG main            d.u.i.k.j.r.ClassPreparationMethodBuilder clPrepBuilder: Inner Class detected. Reject building class initialisation methods. 
228627     DEBUG main            d.u.i.k.p.i.AbstractProblemLoader Init config took 2.85s 
228675     INFO  main            d.u.i.k.p.i.AbstractProblemLoader Replaying proof LinkedList[List::size()].JML normal_behavior operation contract.0 
228676     DEBUG main            d.u.i.k.p.i.IntermediateProofReplayer Proof replay took 6.3ns 
229078     INFO  main            d.u.i.k.p.r.p.TestFile    ... finished proof: closed. 
229375     INFO  main            d.u.i.k.p.i.AbstractProblemLoader Loading environment from /home/runner/work/key/key/key.core/../key.ui/examples/heap/list/LinkedList_size.key.proof 
229375     DEBUG main            d.u.i.k.p.i.AbstractProblemLoader Environment load took 118.1ns 
229376     INFO  main            d.u.i.k.p.i.AbstractProblemLoader Creating init config 
230274     DEBUG main            d.u.i.k.j.r.ClassPreparationMethodBuilder clPrepBuilder: Inner Class detected. Reject building class initialisation methods. 
232160     DEBUG main            d.u.i.k.p.i.AbstractProblemLoader Init config took 2.78s 
232203     INFO  main            d.u.i.k.p.i.AbstractProblemLoader Replaying proof LinkedList[List::size()].JML normal_behavior operation contract.0 
232233     DEBUG main            d.u.i.k.p.i.IntermediateProofReplayer Proof replay took 24.61ms 
232234     DEBUG main            d.u.i.k.p.r.p.TestFile    ... success: reloaded. 
232234     INFO  main            d.u.i.k.p.r.p.TestFile    Now processing file /home/runner/work/key/key/key.core/../key.ui/examples/heap/list/MySet_footprint.key 
232234     INFO  main            d.u.i.k.p.i.AbstractProblemLoader Loading environment from /home/runner/work/key/key/key.core/../key.ui/examples/heap/list/MySet_footprint.key 
232235     DEBUG main            d.u.i.k.p.i.AbstractProblemLoader Environment load took 47.5ns 
232237     INFO  main            d.u.i.k.p.i.AbstractProblemLoader Creating init config 
233166     DEBUG main            d.u.i.k.j.r.ClassPreparationMethodBuilder clPrepBuilder: Inner Class detected. Reject building class initialisation methods. 
235074     DEBUG main            d.u.i.k.p.i.AbstractProblemLoader Init config took 2.84s 
235123     INFO  main            d.u.i.k.p.i.AbstractProblemLoader Replaying proof MySet[MySet::$footprint()].JML accessible clause.0 
235124     DEBUG main            d.u.i.k.p.i.IntermediateProofReplayer Proof replay took 6.2ns 
235326     INFO  main            d.u.i.k.p.r.p.TestFile    ... finished proof: closed. 
235643     INFO  main            d.u.i.k.p.i.AbstractProblemLoader Loading environment from /home/runner/work/key/key/key.core/../key.ui/examples/heap/list/MySet_footprint.key.proof 
235643     DEBUG main            d.u.i.k.p.i.AbstractProblemLoader Environment load took 97.8ns 
235644     INFO  main            d.u.i.k.p.i.AbstractProblemLoader Creating init config 
236532     DEBUG main            d.u.i.k.j.r.ClassPreparationMethodBuilder clPrepBuilder: Inner Class detected. Reject building class initialisation methods. 
238411     DEBUG main            d.u.i.k.p.i.AbstractProblemLoader Init config took 2.77s 
238461     INFO  main            d.u.i.k.p.i.AbstractProblemLoader Replaying proof MySet[MySet::$footprint()].JML accessible clause.0 
238482     DEBUG main            d.u.i.k.p.i.IntermediateProofReplayer Proof replay took 18.33ms 
238483     DEBUG main            d.u.i.k.p.r.p.TestFile    ... success: reloaded. 
238484     INFO  main            d.u.i.k.p.r.p.TestFile    Now processing file /home/runner/work/key/key/key.core/../key.ui/examples/heap/list/MySet_MySet.key 
238484     INFO  main            d.u.i.k.p.i.AbstractProblemLoader Loading environment from /home/runner/work/key/key/key.core/../key.ui/examples/heap/list/MySet_MySet.key 
238484     DEBUG main            d.u.i.k.p.i.AbstractProblemLoader Environment load took 100.5ns 
238485     INFO  main            d.u.i.k.p.i.AbstractProblemLoader Creating init config 
239393     DEBUG main            d.u.i.k.j.r.ClassPreparationMethodBuilder clPrepBuilder: Inner Class detected. Reject building class initialisation methods. 
241306     DEBUG main            d.u.i.k.p.i.AbstractProblemLoader Init config took 2.82s 
241352     INFO  main            d.u.i.k.p.i.AbstractProblemLoader Replaying proof MySet[MySet::MySet()].JML normal_behavior operation contract.0 
241354     DEBUG main            d.u.i.k.p.i.IntermediateProofReplayer Proof replay took 5.5ns 
243573     INFO  main            d.u.i.k.p.r.p.TestFile    ... finished proof: closed. 
243902     INFO  main            d.u.i.k.p.i.AbstractProblemLoader Loading environment from /home/runner/work/key/key/key.core/../key.ui/examples/heap/list/MySet_MySet.key.proof 
243903     DEBUG main            d.u.i.k.p.i.AbstractProblemLoader Environment load took 397.3ns 
243904     INFO  main            d.u.i.k.p.i.AbstractProblemLoader Creating init config 
244800     DEBUG main            d.u.i.k.j.r.ClassPreparationMethodBuilder clPrepBuilder: Inner Class detected. Reject building class initialisation methods. 
246676     DEBUG main            d.u.i.k.p.i.AbstractProblemLoader Init config took 2.77s 
246723     INFO  main            d.u.i.k.p.i.AbstractProblemLoader Replaying proof MySet[MySet::MySet()].JML normal_behavior operation contract.0 
246990     DEBUG main            d.u.i.k.p.i.IntermediateProofReplayer Proof replay took 255.92ms 
246991     DEBUG main            d.u.i.k.p.r.p.TestFile    ... success: reloaded. 
1055471    INFO  Test worker     d.u.i.k.p.r.RunAllProofsTestUnit Returning from test list 
1055472    INFO  Test worker     d.u.i.k.p.r.RunAllProofsTestUnit Running test list_ghost 
349        INFO  Timeout watchdog d.u.i.k.p.r.p.ForkedTestFileRunner Timeout watcher launched (2000 secs.) 
374        WARN  main            d.u.i.k.s.ProofSettings   The settings in /home/runner/.key/proof-settings.props are *not* read. 
419        INFO  main            d.u.i.k.p.r.p.TestFile    Now processing file /home/runner/work/key/key/key.core/../key.ui/examples/heap/list_ghost/ArrayList_add.key 
539        INFO  main            d.u.i.k.p.i.AbstractProblemLoader Loading environment from /home/runner/work/key/key/key.core/../key.ui/examples/heap/list_ghost/ArrayList_add.key 
558        DEBUG main            d.u.i.k.p.i.AbstractProblemLoader Environment load took 1.74ms 
760        INFO  main            d.u.i.k.p.i.AbstractProblemLoader Creating init config 
1533       DEBUG main            d.u.i.k.j.TypeConverter   No LDT found for Meta 
1533       DEBUG main            d.u.i.k.j.TypeConverter   No LDT found for Meta 
1536       DEBUG main            d.u.i.k.j.TypeConverter   No LDT found for Meta 
1537       DEBUG main            d.u.i.k.j.TypeConverter   No LDT found for Meta 
2775       DEBUG main            d.u.i.k.j.TypeConverter   No LDT found for JavaBigintExpression 
7633       DEBUG main            d.u.i.k.p.i.AbstractProblemLoader Init config took 6.87s 
7784       INFO  main            d.u.i.k.p.i.AbstractProblemLoader Replaying proof ArrayList[List::add(java.lang.Object)].JML normal_behavior operation contract.0 
7816       DEBUG main            d.u.i.k.p.i.IntermediateProofReplayer Proof replay took 29.3ns 
12545      INFO  main            d.u.i.k.p.r.p.TestFile    ... finished proof: closed. 
12714      INFO  main            d.u.i.k.p.i.AbstractProblemLoader Loading environment from /home/runner/work/key/key/key.core/../key.ui/examples/heap/list_ghost/ArrayList_add.key.proof 
12714      DEBUG main            d.u.i.k.p.i.AbstractProblemLoader Environment load took 447.1ns 
12717      INFO  main            d.u.i.k.p.i.AbstractProblemLoader Creating init config 
15480      DEBUG main            d.u.i.k.p.i.AbstractProblemLoader Init config took 2.76s 
15566      INFO  main            d.u.i.k.p.i.AbstractProblemLoader Replaying proof ArrayList[List::add(java.lang.Object)].JML normal_behavior operation contract.0 
16129      DEBUG main            d.u.i.k.p.i.IntermediateProofReplayer Proof replay took 526.35ms 
16139      DEBUG main            d.u.i.k.p.r.p.TestFile    ... success: reloaded. 
16142      INFO  main            d.u.i.k.p.r.p.TestFile    Now processing file /home/runner/work/key/key/key.core/../key.ui/examples/heap/list_ghost/ArrayList_ArrayList.key 
16142      INFO  main            d.u.i.k.p.i.AbstractProblemLoader Loading environment from /home/runner/work/key/key/key.core/../key.ui/examples/heap/list_ghost/ArrayList_ArrayList.key 
16143      DEBUG main            d.u.i.k.p.i.AbstractProblemLoader Environment load took 267.2ns 
16147      INFO  main            d.u.i.k.p.i.AbstractProblemLoader Creating init config 
18876      DEBUG main            d.u.i.k.p.i.AbstractProblemLoader Init config took 2.73s 
18938      INFO  main            d.u.i.k.p.i.AbstractProblemLoader Replaying proof ArrayList[ArrayList::ArrayList()].JML normal_behavior operation contract.0 
18940      DEBUG main            d.u.i.k.p.i.IntermediateProofReplayer Proof replay took 5.9ns 
19945      INFO  main            d.u.i.k.p.r.p.TestFile    ... finished proof: closed. 
20080      INFO  main            d.u.i.k.p.i.AbstractProblemLoader Loading environment from /home/runner/work/key/key/key.core/../key.ui/examples/heap/list_ghost/ArrayList_ArrayList.key.proof 
20080      DEBUG main            d.u.i.k.p.i.AbstractProblemLoader Environment load took 120.4ns 
20081      INFO  main            d.u.i.k.p.i.AbstractProblemLoader Creating init config 
22694      DEBUG main            d.u.i.k.p.i.AbstractProblemLoader Init config took 2.61s 
22748      INFO  main            d.u.i.k.p.i.AbstractProblemLoader Replaying proof ArrayList[ArrayList::ArrayList()].JML normal_behavior operation contract.0 
22890      DEBUG main            d.u.i.k.p.i.IntermediateProofReplayer Proof replay took 133.07ms 
22891      DEBUG main            d.u.i.k.p.r.p.TestFile    ... success: reloaded. 
22893      INFO  main            d.u.i.k.p.r.p.TestFile    Now processing file /home/runner/work/key/key/key.core/../key.ui/examples/heap/list_ghost/ArrayList_enlarge.key 
22893      INFO  main            d.u.i.k.p.i.AbstractProblemLoader Loading environment from /home/runner/work/key/key/key.core/../key.ui/examples/heap/list_ghost/ArrayList_enlarge.key 
22893      DEBUG main            d.u.i.k.p.i.AbstractProblemLoader Environment load took 221.3ns 
22894      INFO  main            d.u.i.k.p.i.AbstractProblemLoader Creating init config 
25530      DEBUG main            d.u.i.k.p.i.AbstractProblemLoader Init config took 2.64s 
25577      INFO  main            d.u.i.k.p.i.AbstractProblemLoader Replaying proof ArrayList[ArrayList::enlarge()].JML normal_behavior operation contract.0 
25579      DEBUG main            d.u.i.k.p.i.IntermediateProofReplayer Proof replay took 4.8ns 
27601      INFO  main            d.u.i.k.p.r.p.TestFile    ... finished proof: closed. 
27765      INFO  main            d.u.i.k.p.i.AbstractProblemLoader Loading environment from /home/runner/work/key/key/key.core/../key.ui/examples/heap/list_ghost/ArrayList_enlarge.key.proof 
27765      DEBUG main            d.u.i.k.p.i.AbstractProblemLoader Environment load took 119ns 
27766      INFO  main            d.u.i.k.p.i.AbstractProblemLoader Creating init config 
30443      DEBUG main            d.u.i.k.p.i.AbstractProblemLoader Init config took 2.68s 
30489      INFO  main            d.u.i.k.p.i.AbstractProblemLoader Replaying proof ArrayList[ArrayList::enlarge()].JML normal_behavior operation contract.0 
30805      DEBUG main            d.u.i.k.p.i.IntermediateProofReplayer Proof replay took 304.31ms 
30807      DEBUG main            d.u.i.k.p.r.p.TestFile    ... success: reloaded. 
30808      INFO  main            d.u.i.k.p.r.p.TestFile    Now processing file /home/runner/work/key/key/key.core/../key.ui/examples/heap/list_ghost/ArrayList_get_dep.key 
30808      INFO  main            d.u.i.k.p.i.AbstractProblemLoader Loading environment from /home/runner/work/key/key/key.core/../key.ui/examples/heap/list_ghost/ArrayList_get_dep.key 
30809      DEBUG main            d.u.i.k.p.i.AbstractProblemLoader Environment load took 205.7ns 
30810      INFO  main            d.u.i.k.p.i.AbstractProblemLoader Creating init config 
33490      DEBUG main            d.u.i.k.p.i.AbstractProblemLoader Init config took 2.68s 
33546      INFO  main            d.u.i.k.p.i.AbstractProblemLoader Replaying proof ArrayList[List::get(int)].JML accessible clause.0 
33548      DEBUG main            d.u.i.k.p.i.IntermediateProofReplayer Proof replay took 5.7ns 
33851      INFO  main            d.u.i.k.p.r.p.TestFile    ... finished proof: closed. 
34016      INFO  main            d.u.i.k.p.i.AbstractProblemLoader Loading environment from /home/runner/work/key/key/key.core/../key.ui/examples/heap/list_ghost/ArrayList_get_dep.key.proof 
34016      DEBUG main            d.u.i.k.p.i.AbstractProblemLoader Environment load took 113.1ns 
34018      INFO  main            d.u.i.k.p.i.AbstractProblemLoader Creating init config 
36612      DEBUG main            d.u.i.k.p.i.AbstractProblemLoader Init config took 2.59s 
36655      INFO  main            d.u.i.k.p.i.AbstractProblemLoader Replaying proof ArrayList[List::get(int)].JML accessible clause.0 
36713      DEBUG main            d.u.i.k.p.i.IntermediateProofReplayer Proof replay took 44.6ms 
36714      DEBUG main            d.u.i.k.p.r.p.TestFile    ... success: reloaded. 
36716      INFO  main            d.u.i.k.p.r.p.TestFile    Now processing file /home/runner/work/key/key/key.core/../key.ui/examples/heap/list_ghost/ArrayList_get_exceptional.key 
36716      INFO  main            d.u.i.k.p.i.AbstractProblemLoader Loading environment from /home/runner/work/key/key/key.core/../key.ui/examples/heap/list_ghost/ArrayList_get_exceptional.key 
36716      DEBUG main            d.u.i.k.p.i.AbstractProblemLoader Environment load took 205ns 
36717      INFO  main            d.u.i.k.p.i.AbstractProblemLoader Creating init config 
39300      DEBUG main            d.u.i.k.p.i.AbstractProblemLoader Init config took 2.58s 
39348      INFO  main            d.u.i.k.p.i.AbstractProblemLoader Replaying proof ArrayList[List::get(int)].JML exceptional_behavior operation contract.0 
39349      DEBUG main            d.u.i.k.p.i.IntermediateProofReplayer Proof replay took 4.9ns 
40058      INFO  main            d.u.i.k.p.r.p.TestFile    ... finished proof: closed. 
40287      INFO  main            d.u.i.k.p.i.AbstractProblemLoader Loading environment from /home/runner/work/key/key/key.core/../key.ui/examples/heap/list_ghost/ArrayList_get_exceptional.key.proof 
40287      DEBUG main            d.u.i.k.p.i.AbstractProblemLoader Environment load took 425.6ns 
40289      INFO  main            d.u.i.k.p.i.AbstractProblemLoader Creating init config 
42810      DEBUG main            d.u.i.k.p.i.AbstractProblemLoader Init config took 2.52s 
42854      INFO  main            d.u.i.k.p.i.AbstractProblemLoader Replaying proof ArrayList[List::get(int)].JML exceptional_behavior operation contract.0 
42961      DEBUG main            d.u.i.k.p.i.IntermediateProofReplayer Proof replay took 100.25ms 
42962      DEBUG main            d.u.i.k.p.r.p.TestFile    ... success: reloaded. 
42963      INFO  main            d.u.i.k.p.r.p.TestFile    Now processing file /home/runner/work/key/key/key.core/../key.ui/examples/heap/list_ghost/ArrayList_get_normal.key 
42964      INFO  main            d.u.i.k.p.i.AbstractProblemLoader Loading environment from /home/runner/work/key/key/key.core/../key.ui/examples/heap/list_ghost/ArrayList_get_normal.key 
42964      DEBUG main            d.u.i.k.p.i.AbstractProblemLoader Environment load took 222.2ns 
42965      INFO  main            d.u.i.k.p.i.AbstractProblemLoader Creating init config 
45541      DEBUG main            d.u.i.k.p.i.AbstractProblemLoader Init config took 2.58s 
45582      INFO  main            d.u.i.k.p.i.AbstractProblemLoader Replaying proof ArrayList[List::get(int)].JML normal_behavior operation contract.0 
45584      DEBUG main            d.u.i.k.p.i.IntermediateProofReplayer Proof replay took 5ns 
45788      INFO  main            d.u.i.k.p.r.p.TestFile    ... finished proof: closed. 
45942      INFO  main            d.u.i.k.p.i.AbstractProblemLoader Loading environment from /home/runner/work/key/key/key.core/../key.ui/examples/heap/list_ghost/ArrayList_get_normal.key.proof 
45942      DEBUG main            d.u.i.k.p.i.AbstractProblemLoader Environment load took 110.6ns 
45944      INFO  main            d.u.i.k.p.i.AbstractProblemLoader Creating init config 
48464      DEBUG main            d.u.i.k.p.i.AbstractProblemLoader Init config took 2.52s 
48503      INFO  main            d.u.i.k.p.i.AbstractProblemLoader Replaying proof ArrayList[List::get(int)].JML normal_behavior operation contract.0 
48540      DEBUG main            d.u.i.k.p.i.IntermediateProofReplayer Proof replay took 33.61ms 
48541      DEBUG main            d.u.i.k.p.r.p.TestFile    ... success: reloaded. 
48542      INFO  main            d.u.i.k.p.r.p.TestFile    Now processing file /home/runner/work/key/key/key.core/../key.ui/examples/heap/list_ghost/ArrayList_inv.key 
48542      INFO  main            d.u.i.k.p.i.AbstractProblemLoader Loading environment from /home/runner/work/key/key/key.core/../key.ui/examples/heap/list_ghost/ArrayList_inv.key 
48542      DEBUG main            d.u.i.k.p.i.AbstractProblemLoader Environment load took 93.2ns 
48543      INFO  main            d.u.i.k.p.i.AbstractProblemLoader Creating init config 
51084      DEBUG main            d.u.i.k.p.i.AbstractProblemLoader Init config took 2.54s 
51123      INFO  main            d.u.i.k.p.i.AbstractProblemLoader Replaying proof ArrayList[java.lang.Object::<inv>()].JML accessible clause.0 
51124      DEBUG main            d.u.i.k.p.i.IntermediateProofReplayer Proof replay took 5.6ns 
51228      INFO  main            d.u.i.k.p.r.p.TestFile    ... finished proof: closed. 
51384      INFO  main            d.u.i.k.p.i.AbstractProblemLoader Loading environment from /home/runner/work/key/key/key.core/../key.ui/examples/heap/list_ghost/ArrayList_inv.key.proof 
51384      DEBUG main            d.u.i.k.p.i.AbstractProblemLoader Environment load took 106ns 
51385      INFO  main            d.u.i.k.p.i.AbstractProblemLoader Creating init config 
53916      DEBUG main            d.u.i.k.p.i.AbstractProblemLoader Init config took 2.53s 
53955      INFO  main            d.u.i.k.p.i.AbstractProblemLoader Replaying proof ArrayList[java.lang.Object::<inv>()].JML accessible clause.0 
53964      DEBUG main            d.u.i.k.p.i.IntermediateProofReplayer Proof replay took 7.12ms 
53965      DEBUG main            d.u.i.k.p.r.p.TestFile    ... success: reloaded. 
53966      INFO  main            d.u.i.k.p.r.p.TestFile    Now processing file /home/runner/work/key/key/key.core/../key.ui/examples/heap/list_ghost/ArrayList_size_dep.key 
53966      INFO  main            d.u.i.k.p.i.AbstractProblemLoader Loading environment from /home/runner/work/key/key/key.core/../key.ui/examples/heap/list_ghost/ArrayList_size_dep.key 
53967      DEBUG main            d.u.i.k.p.i.AbstractProblemLoader Environment load took 133.4ns 
53967      INFO  main            d.u.i.k.p.i.AbstractProblemLoader Creating init config 
56485      DEBUG main            d.u.i.k.p.i.AbstractProblemLoader Init config took 2.52s 
56524      INFO  main            d.u.i.k.p.i.AbstractProblemLoader Replaying proof ArrayList[List::size()].JML accessible clause.0 
56526      DEBUG main            d.u.i.k.p.i.IntermediateProofReplayer Proof replay took 5.5ns 
56627      INFO  main            d.u.i.k.p.r.p.TestFile    ... finished proof: closed. 
56820      INFO  main            d.u.i.k.p.i.AbstractProblemLoader Loading environment from /home/runner/work/key/key/key.core/../key.ui/examples/heap/list_ghost/ArrayList_size_dep.key.proof 
56820      DEBUG main            d.u.i.k.p.i.AbstractProblemLoader Environment load took 149.2ns 
56821      INFO  main            d.u.i.k.p.i.AbstractProblemLoader Creating init config 
59332      DEBUG main            d.u.i.k.p.i.AbstractProblemLoader Init config took 2.51s 
59380      INFO  main            d.u.i.k.p.i.AbstractProblemLoader Replaying proof ArrayList[List::size()].JML accessible clause.0 
59391      DEBUG main            d.u.i.k.p.i.IntermediateProofReplayer Proof replay took 9.75ms 
59392      DEBUG main            d.u.i.k.p.r.p.TestFile    ... success: reloaded. 
59393      INFO  main            d.u.i.k.p.r.p.TestFile    Now processing file /home/runner/work/key/key/key.core/../key.ui/examples/heap/list_ghost/ArrayList_size.key 
59394      INFO  main            d.u.i.k.p.i.AbstractProblemLoader Loading environment from /home/runner/work/key/key/key.core/../key.ui/examples/heap/list_ghost/ArrayList_size.key 
59394      DEBUG main            d.u.i.k.p.i.AbstractProblemLoader Environment load took 161.9ns 
59395      INFO  main            d.u.i.k.p.i.AbstractProblemLoader Creating init config 
61875      DEBUG main            d.u.i.k.p.i.AbstractProblemLoader Init config took 2.48s 
61912      INFO  main            d.u.i.k.p.i.AbstractProblemLoader Replaying proof ArrayList[List::size()].JML normal_behavior operation contract.0 
61913      DEBUG main            d.u.i.k.p.i.IntermediateProofReplayer Proof replay took 5.1ns 
62015      INFO  main            d.u.i.k.p.r.p.TestFile    ... finished proof: closed. 
62177      INFO  main            d.u.i.k.p.i.AbstractProblemLoader Loading environment from /home/runner/work/key/key/key.core/../key.ui/examples/heap/list_ghost/ArrayList_size.key.proof 
62177      DEBUG main            d.u.i.k.p.i.AbstractProblemLoader Environment load took 107.1ns 
62178      INFO  main            d.u.i.k.p.i.AbstractProblemLoader Creating init config 
64708      DEBUG main            d.u.i.k.p.i.AbstractProblemLoader Init config took 2.53s 
64748      INFO  main            d.u.i.k.p.i.AbstractProblemLoader Replaying proof ArrayList[List::size()].JML normal_behavior operation contract.0 
64762      DEBUG main            d.u.i.k.p.i.IntermediateProofReplayer Proof replay took 10.37ms 
64763      DEBUG main            d.u.i.k.p.r.p.TestFile    ... success: reloaded. 
1120415    INFO  Test worker     d.u.i.k.p.r.RunAllProofsTestUnit Returning from test list_ghost 
1120416    INFO  Test worker     d.u.i.k.p.r.RunAllProofsTestUnit Running test list_recursive 
355        INFO  Timeout watchdog d.u.i.k.p.r.p.ForkedTestFileRunner Timeout watcher launched (2000 secs.) 
358        WARN  main            d.u.i.k.s.ProofSettings   The settings in /home/runner/.key/proof-settings.props are *not* read. 
386        INFO  main            d.u.i.k.p.r.p.TestFile    Now processing file /home/runner/work/key/key/key.core/../key.ui/examples/heap/list_recursiveSpec/ListOperationsNonNull_getNextNN_normal_behavior.key 
488        INFO  main            d.u.i.k.p.i.AbstractProblemLoader Loading environment from /home/runner/work/key/key/key.core/../key.ui/examples/heap/list_recursiveSpec/ListOperationsNonNull_getNextNN_normal_behavior.key 
504        DEBUG main            d.u.i.k.p.i.AbstractProblemLoader Environment load took 1.76ms 
745        INFO  main            d.u.i.k.p.i.AbstractProblemLoader Creating init config 
1539       DEBUG main            d.u.i.k.j.TypeConverter   No LDT found for Meta 
1543       DEBUG main            d.u.i.k.j.TypeConverter   No LDT found for Meta 
1545       DEBUG main            d.u.i.k.j.TypeConverter   No LDT found for Meta 
1546       DEBUG main            d.u.i.k.j.TypeConverter   No LDT found for Meta 
2838       DEBUG main            d.u.i.k.j.TypeConverter   No LDT found for JavaBigintExpression 
8149       DEBUG main            d.u.i.k.p.i.AbstractProblemLoader Init config took 7.4s 
8277       INFO  main            d.u.i.k.p.i.AbstractProblemLoader Replaying proof ListOperationsNonNull[ListOperationsNonNull::getNextNN(ListNN,int)].JML normal_behavior operation contract.0 
8307       DEBUG main            d.u.i.k.p.i.IntermediateProofReplayer Proof replay took 33.7ns 
9546       INFO  main            d.u.i.k.p.r.p.TestFile    ... finished proof: closed. 
9671       INFO  main            d.u.i.k.p.i.AbstractProblemLoader Loading environment from /home/runner/work/key/key/key.core/../key.ui/examples/heap/list_recursiveSpec/ListOperationsNonNull_getNextNN_normal_behavior.key.proof 
9674       DEBUG main            d.u.i.k.p.i.AbstractProblemLoader Environment load took 3.51ms 
9676       INFO  main            d.u.i.k.p.i.AbstractProblemLoader Creating init config 
12802      DEBUG main            d.u.i.k.p.i.AbstractProblemLoader Init config took 3.13s 
12891      INFO  main            d.u.i.k.p.i.AbstractProblemLoader Replaying proof ListOperationsNonNull[ListOperationsNonNull::getNextNN(ListNN,int)].JML normal_behavior operation contract.0 
13045      DEBUG main            d.u.i.k.p.i.IntermediateProofReplayer Proof replay took 145.36ms 
13051      DEBUG main            d.u.i.k.p.r.p.TestFile    ... success: reloaded. 
13053      INFO  main            d.u.i.k.p.r.p.TestFile    Now processing file /home/runner/work/key/key/key.core/../key.ui/examples/heap/list_recursiveSpec/ListOperationsNonNull_setValueAt_normal_behavior.key 
13053      INFO  main            d.u.i.k.p.i.AbstractProblemLoader Loading environment from /home/runner/work/key/key/key.core/../key.ui/examples/heap/list_recursiveSpec/ListOperationsNonNull_setValueAt_normal_behavior.key 
13054      DEBUG main            d.u.i.k.p.i.AbstractProblemLoader Environment load took 234.1ns 
13055      INFO  main            d.u.i.k.p.i.AbstractProblemLoader Creating init config 
16112      DEBUG main            d.u.i.k.p.i.AbstractProblemLoader Init config took 3.06s 
16173      INFO  main            d.u.i.k.p.i.AbstractProblemLoader Replaying proof ListOperationsNonNull[ListOperationsNonNull::setValueAt_NN(ListNN,int,int)].JML normal_behavior operation contract.0 
16176      DEBUG main            d.u.i.k.p.i.IntermediateProofReplayer Proof replay took 5.5ns 
16200      DEBUG main            d.u.i.k.m.s.ProofScriptEngine 1: 'macro autopilot' 
18567      DEBUG main            d.u.i.k.m.s.ProofScriptEngine 2: 'macro simp-upd' 
18574      DEBUG main            d.u.i.k.m.s.ProofScriptEngine 3: 'rule observerDependencyEQ' 
18591      DEBUG main            d.u.i.k.m.s.ProofScriptEngine 4: 'tryclose' 
18620      INFO  main            d.u.i.k.p.r.p.TestFile    ... finished proof: closed. 
18758      INFO  main            d.u.i.k.p.i.AbstractProblemLoader Loading environment from /home/runner/work/key/key/key.core/../key.ui/examples/heap/list_recursiveSpec/ListOperationsNonNull_setValueAt_normal_behavior.key.proof 
18760      DEBUG main            d.u.i.k.p.i.AbstractProblemLoader Environment load took 2.17ms 
18761      INFO  main            d.u.i.k.p.i.AbstractProblemLoader Creating init config 
21711      DEBUG main            d.u.i.k.p.i.AbstractProblemLoader Init config took 2.95s 
21780      INFO  main            d.u.i.k.p.i.AbstractProblemLoader Replaying proof ListOperationsNonNull[ListOperationsNonNull::setValueAt_NN(ListNN,int,int)].JML normal_behavior operation contract.0 
21874      DEBUG main            d.u.i.k.p.i.IntermediateProofReplayer Proof replay took 87.75ms 
21875      DEBUG main            d.u.i.k.p.r.p.TestFile    ... success: reloaded. 
1142468    INFO  Test worker     d.u.i.k.p.r.RunAllProofsTestUnit Returning from test list_recursive 
1142469    INFO  Test worker     d.u.i.k.p.r.RunAllProofsTestUnit Running test list_seq 
328        INFO  Timeout watchdog d.u.i.k.p.r.p.ForkedTestFileRunner Timeout watcher launched (2000 secs.) 
331        WARN  main            d.u.i.k.s.ProofSettings   The settings in /home/runner/.key/proof-settings.props are *not* read. 
376        INFO  main            d.u.i.k.p.r.p.TestFile    Now processing file /home/runner/work/key/key/key.core/../key.ui/examples/heap/list_seq/SimplifiedLinkedList.remove.key 
510        INFO  main            d.u.i.k.p.i.AbstractProblemLoader Loading environment from /home/runner/work/key/key/key.core/../key.ui/examples/heap/list_seq/SimplifiedLinkedList.remove.key 
526        DEBUG main            d.u.i.k.p.i.AbstractProblemLoader Environment load took 2.08ms 
749        INFO  main            d.u.i.k.p.i.AbstractProblemLoader Creating init config 
1613       DEBUG main            d.u.i.k.j.TypeConverter   No LDT found for Meta 
1614       DEBUG main            d.u.i.k.j.TypeConverter   No LDT found for Meta 
1615       DEBUG main            d.u.i.k.j.TypeConverter   No LDT found for Meta 
1615       DEBUG main            d.u.i.k.j.TypeConverter   No LDT found for Meta 
3065       DEBUG main            d.u.i.k.j.TypeConverter   No LDT found for JavaBigintExpression 
8928       DEBUG main            d.u.i.k.p.i.AbstractProblemLoader Init config took 8.18s 
9169       INFO  main            d.u.i.k.p.i.AbstractProblemLoader Replaying proof SimplifiedLinkedList[SimplifiedLinkedList::remove(int)].JML normal_behavior operation contract.0 
9203       DEBUG main            d.u.i.k.p.i.IntermediateProofReplayer Proof replay took 30.8ns 
73211      INFO  main            d.u.i.k.p.r.p.TestFile    ... finished proof: closed. 
73589      INFO  main            d.u.i.k.p.i.AbstractProblemLoader Loading environment from /home/runner/work/key/key/key.core/../key.ui/examples/heap/list_seq/SimplifiedLinkedList.remove.key.proof 
73589      DEBUG main            d.u.i.k.p.i.AbstractProblemLoader Environment load took 257.5ns 
73607      INFO  main            d.u.i.k.p.i.AbstractProblemLoader Creating init config 
76579      DEBUG main            d.u.i.k.p.i.AbstractProblemLoader Init config took 2.97s 
76697      INFO  main            d.u.i.k.p.i.AbstractProblemLoader Replaying proof SimplifiedLinkedList[SimplifiedLinkedList::remove(int)].JML normal_behavior operation contract.0 
79271      DEBUG main            d.u.i.k.p.i.IntermediateProofReplayer Proof replay took 2.33s 
79286      DEBUG main            d.u.i.k.p.r.p.TestFile    ... success: reloaded. 
79288      INFO  main            d.u.i.k.p.r.p.TestFile    Now processing file /home/runner/work/key/key/key.core/../key.ui/examples/heap/list_seq/ArrayList.ArrayList.key 
79289      INFO  main            d.u.i.k.p.i.AbstractProblemLoader Loading environment from /home/runner/work/key/key/key.core/../key.ui/examples/heap/list_seq/ArrayList.ArrayList.key 
79289      DEBUG main            d.u.i.k.p.i.AbstractProblemLoader Environment load took 227.7ns 
79290      INFO  main            d.u.i.k.p.i.AbstractProblemLoader Creating init config 
82312      DEBUG main            d.u.i.k.p.i.AbstractProblemLoader Init config took 3.02s 
82397      INFO  main            d.u.i.k.p.i.AbstractProblemLoader Replaying proof ArrayList[ArrayList::ArrayList()].JML normal_behavior operation contract.0 
82399      DEBUG main            d.u.i.k.p.i.IntermediateProofReplayer Proof replay took 4.6ns 
83235      INFO  main            d.u.i.k.p.r.p.TestFile    ... finished proof: closed. 
83395      INFO  main            d.u.i.k.p.i.AbstractProblemLoader Loading environment from /home/runner/work/key/key/key.core/../key.ui/examples/heap/list_seq/ArrayList.ArrayList.key.proof 
83396      DEBUG main            d.u.i.k.p.i.AbstractProblemLoader Environment load took 1.28ms 
83398      INFO  main            d.u.i.k.p.i.AbstractProblemLoader Creating init config 
86258      DEBUG main            d.u.i.k.p.i.AbstractProblemLoader Init config took 2.86s 
86335      INFO  main            d.u.i.k.p.i.AbstractProblemLoader Replaying proof ArrayList[ArrayList::ArrayList()].JML normal_behavior operation contract.0 
86445      DEBUG main            d.u.i.k.p.i.IntermediateProofReplayer Proof replay took 105.9ms 
86446      DEBUG main            d.u.i.k.p.r.p.TestFile    ... success: reloaded. 
86447      INFO  main            d.u.i.k.p.r.p.TestFile    Now processing file /home/runner/work/key/key/key.core/../key.ui/examples/heap/list_seq/ArrayList.add.key 
86447      INFO  main            d.u.i.k.p.i.AbstractProblemLoader Loading environment from /home/runner/work/key/key/key.core/../key.ui/examples/heap/list_seq/ArrayList.add.key 
86448      DEBUG main            d.u.i.k.p.i.AbstractProblemLoader Environment load took 212.1ns 
86449      INFO  main            d.u.i.k.p.i.AbstractProblemLoader Creating init config 
89302      DEBUG main            d.u.i.k.p.i.AbstractProblemLoader Init config took 2.85s 
89378      INFO  main            d.u.i.k.p.i.AbstractProblemLoader Replaying proof ArrayList[List::add(java.lang.Object)].JML normal_behavior operation contract.0 
89380      DEBUG main            d.u.i.k.p.i.IntermediateProofReplayer Proof replay took 4.7ns 
92646      INFO  main            d.u.i.k.p.r.p.TestFile    ... finished proof: closed. 
92810      INFO  main            d.u.i.k.p.i.AbstractProblemLoader Loading environment from /home/runner/work/key/key/key.core/../key.ui/examples/heap/list_seq/ArrayList.add.key.proof 
92810      DEBUG main            d.u.i.k.p.i.AbstractProblemLoader Environment load took 423.47ns 
92813      INFO  main            d.u.i.k.p.i.AbstractProblemLoader Creating init config 
95675      DEBUG main            d.u.i.k.p.i.AbstractProblemLoader Init config took 2.86s 
95749      INFO  main            d.u.i.k.p.i.AbstractProblemLoader Replaying proof ArrayList[List::add(java.lang.Object)].JML normal_behavior operation contract.0 
95966      DEBUG main            d.u.i.k.p.i.IntermediateProofReplayer Proof replay took 203.46ms 
95967      DEBUG main            d.u.i.k.p.r.p.TestFile    ... success: reloaded. 
95968      INFO  main            d.u.i.k.p.r.p.TestFile    Now processing file /home/runner/work/key/key/key.core/../key.ui/examples/heap/list_seq/ArrayList.contains.key 
95969      INFO  main            d.u.i.k.p.i.AbstractProblemLoader Loading environment from /home/runner/work/key/key/key.core/../key.ui/examples/heap/list_seq/ArrayList.contains.key 
95969      DEBUG main            d.u.i.k.p.i.AbstractProblemLoader Environment load took 216.4ns 
95970      INFO  main            d.u.i.k.p.i.AbstractProblemLoader Creating init config 
98791      DEBUG main            d.u.i.k.p.i.AbstractProblemLoader Init config took 2.82s 
98865      INFO  main            d.u.i.k.p.i.AbstractProblemLoader Replaying proof ArrayList[List::contains(java.lang.Object)].JML normal_behavior operation contract.0 
98867      DEBUG main            d.u.i.k.p.i.IntermediateProofReplayer Proof replay took 5.6ns 
100284     INFO  main            d.u.i.k.p.r.p.TestFile    ... finished proof: closed. 
100464     INFO  main            d.u.i.k.p.i.AbstractProblemLoader Loading environment from /home/runner/work/key/key/key.core/../key.ui/examples/heap/list_seq/ArrayList.contains.key.proof 
100464     DEBUG main            d.u.i.k.p.i.AbstractProblemLoader Environment load took 480.59ns 
100466     INFO  main            d.u.i.k.p.i.AbstractProblemLoader Creating init config 
103275     DEBUG main            d.u.i.k.p.i.AbstractProblemLoader Init config took 2.81s 
103351     INFO  main            d.u.i.k.p.i.AbstractProblemLoader Replaying proof ArrayList[List::contains(java.lang.Object)].JML normal_behavior operation contract.0 
103517     DEBUG main            d.u.i.k.p.i.IntermediateProofReplayer Proof replay took 159.46ms 
103518     DEBUG main            d.u.i.k.p.r.p.TestFile    ... success: reloaded. 
103519     INFO  main            d.u.i.k.p.r.p.TestFile    Now processing file /home/runner/work/key/key/key.core/../key.ui/examples/heap/list_seq/ArrayList.enlarge.key 
103519     INFO  main            d.u.i.k.p.i.AbstractProblemLoader Loading environment from /home/runner/work/key/key/key.core/../key.ui/examples/heap/list_seq/ArrayList.enlarge.key 
103519     DEBUG main            d.u.i.k.p.i.AbstractProblemLoader Environment load took 219.39ns 
103520     INFO  main            d.u.i.k.p.i.AbstractProblemLoader Creating init config 
106333     DEBUG main            d.u.i.k.p.i.AbstractProblemLoader Init config took 2.81s 
106406     INFO  main            d.u.i.k.p.i.AbstractProblemLoader Replaying proof ArrayList[ArrayList::enlarge()].JML normal_behavior operation contract.0 
106408     DEBUG main            d.u.i.k.p.i.IntermediateProofReplayer Proof replay took 5.7ns 
108363     INFO  main            d.u.i.k.p.r.p.TestFile    ... finished proof: closed. 
108535     INFO  main            d.u.i.k.p.i.AbstractProblemLoader Loading environment from /home/runner/work/key/key/key.core/../key.ui/examples/heap/list_seq/ArrayList.enlarge.key.proof 
108535     DEBUG main            d.u.i.k.p.i.AbstractProblemLoader Environment load took 426.08ns 
108537     INFO  main            d.u.i.k.p.i.AbstractProblemLoader Creating init config 
111324     DEBUG main            d.u.i.k.p.i.AbstractProblemLoader Init config took 2.79s 
111402     INFO  main            d.u.i.k.p.i.AbstractProblemLoader Replaying proof ArrayList[ArrayList::enlarge()].JML normal_behavior operation contract.0 
111618     DEBUG main            d.u.i.k.p.i.IntermediateProofReplayer Proof replay took 208.46ms 
111620     DEBUG main            d.u.i.k.p.r.p.TestFile    ... success: reloaded. 
111621     INFO  main            d.u.i.k.p.r.p.TestFile    Now processing file /home/runner/work/key/key/key.core/../key.ui/examples/heap/list_seq/ArrayList.get.key 
111621     INFO  main            d.u.i.k.p.i.AbstractProblemLoader Loading environment from /home/runner/work/key/key/key.core/../key.ui/examples/heap/list_seq/ArrayList.get.key 
111621     DEBUG main            d.u.i.k.p.i.AbstractProblemLoader Environment load took 226.7ns 
111622     INFO  main            d.u.i.k.p.i.AbstractProblemLoader Creating init config 
114429     DEBUG main            d.u.i.k.p.i.AbstractProblemLoader Init config took 2.81s 
114500     INFO  main            d.u.i.k.p.i.AbstractProblemLoader Replaying proof ArrayList[List::get(int)].JML normal_behavior operation contract.0 
114502     DEBUG main            d.u.i.k.p.i.IntermediateProofReplayer Proof replay took 6ns 
115004     INFO  main            d.u.i.k.p.r.p.TestFile    ... finished proof: closed. 
115190     INFO  main            d.u.i.k.p.i.AbstractProblemLoader Loading environment from /home/runner/work/key/key/key.core/../key.ui/examples/heap/list_seq/ArrayList.get.key.proof 
115191     DEBUG main            d.u.i.k.p.i.AbstractProblemLoader Environment load took 111ns 
115191     INFO  main            d.u.i.k.p.i.AbstractProblemLoader Creating init config 
117968     DEBUG main            d.u.i.k.p.i.AbstractProblemLoader Init config took 2.78s 
118039     INFO  main            d.u.i.k.p.i.AbstractProblemLoader Replaying proof ArrayList[List::get(int)].JML normal_behavior operation contract.0 
118077     DEBUG main            d.u.i.k.p.i.IntermediateProofReplayer Proof replay took 35.59ms 
118078     DEBUG main            d.u.i.k.p.r.p.TestFile    ... success: reloaded. 
118079     INFO  main            d.u.i.k.p.r.p.TestFile    Now processing file /home/runner/work/key/key/key.core/../key.ui/examples/heap/list_seq/ArrayList.newArray.key 
118079     INFO  main            d.u.i.k.p.i.AbstractProblemLoader Loading environment from /home/runner/work/key/key/key.core/../key.ui/examples/heap/list_seq/ArrayList.newArray.key 
118079     DEBUG main            d.u.i.k.p.i.AbstractProblemLoader Environment load took 95ns 
118080     INFO  main            d.u.i.k.p.i.AbstractProblemLoader Creating init config 
120851     DEBUG main            d.u.i.k.p.i.AbstractProblemLoader Init config took 2.77s 
120921     INFO  main            d.u.i.k.p.i.AbstractProblemLoader Replaying proof ArrayList[ArrayList::newArray(int)].JML normal_behavior operation contract.0 
120922     DEBUG main            d.u.i.k.p.i.IntermediateProofReplayer Proof replay took 6.3ns 
121226     INFO  main            d.u.i.k.p.r.p.TestFile    ... finished proof: closed. 
121403     INFO  main            d.u.i.k.p.i.AbstractProblemLoader Loading environment from /home/runner/work/key/key/key.core/../key.ui/examples/heap/list_seq/ArrayList.newArray.key.proof 
121403     DEBUG main            d.u.i.k.p.i.AbstractProblemLoader Environment load took 107.2ns 
121404     INFO  main            d.u.i.k.p.i.AbstractProblemLoader Creating init config 
124167     DEBUG main            d.u.i.k.p.i.AbstractProblemLoader Init config took 2.76s 
124235     INFO  main            d.u.i.k.p.i.AbstractProblemLoader Replaying proof ArrayList[ArrayList::newArray(int)].JML normal_behavior operation contract.0 
124275     DEBUG main            d.u.i.k.p.i.IntermediateProofReplayer Proof replay took 37.02ms 
124276     DEBUG main            d.u.i.k.p.r.p.TestFile    ... success: reloaded. 
124277     INFO  main            d.u.i.k.p.r.p.TestFile    Now processing file /home/runner/work/key/key/key.core/../key.ui/examples/heap/list_seq/ArrayList.remove.0.key 
124278     INFO  main            d.u.i.k.p.i.AbstractProblemLoader Loading environment from /home/runner/work/key/key/key.core/../key.ui/examples/heap/list_seq/ArrayList.remove.0.key 
124278     DEBUG main            d.u.i.k.p.i.AbstractProblemLoader Environment load took 204.79ns 
124279     INFO  main            d.u.i.k.p.i.AbstractProblemLoader Creating init config 
127070     DEBUG main            d.u.i.k.p.i.AbstractProblemLoader Init config took 2.79s 
127150     INFO  main            d.u.i.k.p.i.AbstractProblemLoader Replaying proof ArrayList[List::remove(java.lang.Object)].JML normal_behavior operation contract.0 
127151     DEBUG main            d.u.i.k.p.i.IntermediateProofReplayer Proof replay took 5.4ns 
128957     INFO  main            d.u.i.k.p.r.p.TestFile    ... finished proof: closed. 
129156     INFO  main            d.u.i.k.p.i.AbstractProblemLoader Loading environment from /home/runner/work/key/key/key.core/../key.ui/examples/heap/list_seq/ArrayList.remove.0.key.proof 
129157     DEBUG main            d.u.i.k.p.i.AbstractProblemLoader Environment load took 709.38ns 
129159     INFO  main            d.u.i.k.p.i.AbstractProblemLoader Creating init config 
131885     DEBUG main            d.u.i.k.p.i.AbstractProblemLoader Init config took 2.73s 
131952     INFO  main            d.u.i.k.p.i.AbstractProblemLoader Replaying proof ArrayList[List::remove(java.lang.Object)].JML normal_behavior operation contract.0 
132252     DEBUG main            d.u.i.k.p.i.IntermediateProofReplayer Proof replay took 294.54ms 
132254     DEBUG main            d.u.i.k.p.r.p.TestFile    ... success: reloaded. 
132254     INFO  main            d.u.i.k.p.r.p.TestFile    Now processing file /home/runner/work/key/key/key.core/../key.ui/examples/heap/list_seq/ArrayList.remove.1.key 
132255     INFO  main            d.u.i.k.p.i.AbstractProblemLoader Loading environment from /home/runner/work/key/key/key.core/../key.ui/examples/heap/list_seq/ArrayList.remove.1.key 
132255     DEBUG main            d.u.i.k.p.i.AbstractProblemLoader Environment load took 80.9ns 
132256     INFO  main            d.u.i.k.p.i.AbstractProblemLoader Creating init config 
135052     DEBUG main            d.u.i.k.p.i.AbstractProblemLoader Init config took 2.8s 
135120     INFO  main            d.u.i.k.p.i.AbstractProblemLoader Replaying proof ArrayList[List::remove(java.lang.Object)].JML normal_behavior operation contract.1 
135122     DEBUG main            d.u.i.k.p.i.IntermediateProofReplayer Proof replay took 5.9ns 
145830     INFO  main            d.u.i.k.p.r.p.TestFile    ... finished proof: closed. 
146096     INFO  main            d.u.i.k.p.i.AbstractProblemLoader Loading environment from /home/runner/work/key/key/key.core/../key.ui/examples/heap/list_seq/ArrayList.remove.1.key.proof 
146096     DEBUG main            d.u.i.k.p.i.AbstractProblemLoader Environment load took 425.99ns 
146099     INFO  main            d.u.i.k.p.i.AbstractProblemLoader Creating init config 
148811     DEBUG main            d.u.i.k.p.i.AbstractProblemLoader Init config took 2.71s 
148878     INFO  main            d.u.i.k.p.i.AbstractProblemLoader Replaying proof ArrayList[List::remove(java.lang.Object)].JML normal_behavior operation contract.1 
149680     DEBUG main            d.u.i.k.p.i.IntermediateProofReplayer Proof replay took 766.88ms 
149682     DEBUG main            d.u.i.k.p.r.p.TestFile    ... success: reloaded. 
1292326    INFO  Test worker     d.u.i.k.p.r.RunAllProofsTestUnit Returning from test list_seq 
1292329    INFO  Test worker     d.u.i.k.p.r.RunAllProofsTestUnit Running test observer 
361        INFO  Timeout watchdog d.u.i.k.p.r.p.ForkedTestFileRunner Timeout watcher launched (2000 secs.) 
369        WARN  main            d.u.i.k.s.ProofSettings   The settings in /home/runner/.key/proof-settings.props are *not* read. 
420        INFO  main            d.u.i.k.p.r.p.TestFile    Now processing file /home/runner/work/key/key/key.core/../key.ui/examples/heap/observer/ExampleObserver_ExampleObserver.key 
555        INFO  main            d.u.i.k.p.i.AbstractProblemLoader Loading environment from /home/runner/work/key/key/key.core/../key.ui/examples/heap/observer/ExampleObserver_ExampleObserver.key 
574        DEBUG main            d.u.i.k.p.i.AbstractProblemLoader Environment load took 2.95ms 
792        INFO  main            d.u.i.k.p.i.AbstractProblemLoader Creating init config 
1694       DEBUG main            d.u.i.k.j.TypeConverter   No LDT found for Meta 
1699       DEBUG main            d.u.i.k.j.TypeConverter   No LDT found for Meta 
1701       DEBUG main            d.u.i.k.j.TypeConverter   No LDT found for Meta 
1701       DEBUG main            d.u.i.k.j.TypeConverter   No LDT found for Meta 
3165       DEBUG main            d.u.i.k.j.TypeConverter   No LDT found for JavaBigintExpression 
8153       DEBUG main            d.u.i.k.p.i.AbstractProblemLoader Init config took 7.36s 
8298       INFO  main            d.u.i.k.p.i.AbstractProblemLoader Replaying proof ExampleObserver[ExampleObserver::ExampleObserver(ExampleSubject)].JML normal_behavior operation contract.0 
8327       DEBUG main            d.u.i.k.p.i.IntermediateProofReplayer Proof replay took 29.8ns 
9244       INFO  main            d.u.i.k.p.r.p.TestFile    ... finished proof: closed. 
9357       INFO  main            d.u.i.k.p.i.AbstractProblemLoader Loading environment from /home/runner/work/key/key/key.core/../key.ui/examples/heap/observer/ExampleObserver_ExampleObserver.key.proof 
9361       DEBUG main            d.u.i.k.p.i.AbstractProblemLoader Environment load took 3.85ms 
9363       INFO  main            d.u.i.k.p.i.AbstractProblemLoader Creating init config 
12189      DEBUG main            d.u.i.k.p.i.AbstractProblemLoader Init config took 2.83s 
12254      INFO  main            d.u.i.k.p.i.AbstractProblemLoader Replaying proof ExampleObserver[ExampleObserver::ExampleObserver(ExampleSubject)].JML normal_behavior operation contract.0 
12387      DEBUG main            d.u.i.k.p.i.IntermediateProofReplayer Proof replay took 125.85ms 
12398      DEBUG main            d.u.i.k.p.r.p.TestFile    ... success: reloaded. 
12401      INFO  main            d.u.i.k.p.r.p.TestFile    Now processing file /home/runner/work/key/key/key.core/../key.ui/examples/heap/observer/ExampleObserver_inv.key 
12402      INFO  main            d.u.i.k.p.i.AbstractProblemLoader Loading environment from /home/runner/work/key/key/key.core/../key.ui/examples/heap/observer/ExampleObserver_inv.key 
12402      DEBUG main            d.u.i.k.p.i.AbstractProblemLoader Environment load took 111.7ns 
12407      INFO  main            d.u.i.k.p.i.AbstractProblemLoader Creating init config 
15151      DEBUG main            d.u.i.k.p.i.AbstractProblemLoader Init config took 2.74s 
15212      INFO  main            d.u.i.k.p.i.AbstractProblemLoader Replaying proof ExampleObserver[java.lang.Object::<inv>()].JML accessible clause.0 
15215      DEBUG main            d.u.i.k.p.i.IntermediateProofReplayer Proof replay took 12.9ns 
15317      INFO  main            d.u.i.k.p.r.p.TestFile    ... finished proof: closed. 
15451      INFO  main            d.u.i.k.p.i.AbstractProblemLoader Loading environment from /home/runner/work/key/key/key.core/../key.ui/examples/heap/observer/ExampleObserver_inv.key.proof 
15451      DEBUG main            d.u.i.k.p.i.AbstractProblemLoader Environment load took 117.79ns 
15453      INFO  main            d.u.i.k.p.i.AbstractProblemLoader Creating init config 
18096      DEBUG main            d.u.i.k.p.i.AbstractProblemLoader Init config took 2.64s 
18152      INFO  main            d.u.i.k.p.i.AbstractProblemLoader Replaying proof ExampleObserver[java.lang.Object::<inv>()].JML accessible clause.0 
18167      DEBUG main            d.u.i.k.p.i.IntermediateProofReplayer Proof replay took 12.35ms 
18168      DEBUG main            d.u.i.k.p.r.p.TestFile    ... success: reloaded. 
18169      INFO  main            d.u.i.k.p.r.p.TestFile    Now processing file /home/runner/work/key/key/key.core/../key.ui/examples/heap/observer/ExampleObserver_subject.key 
18170      INFO  main            d.u.i.k.p.i.AbstractProblemLoader Loading environment from /home/runner/work/key/key/key.core/../key.ui/examples/heap/observer/ExampleObserver_subject.key 
18170      DEBUG main            d.u.i.k.p.i.AbstractProblemLoader Environment load took 207.79ns 
18171      INFO  main            d.u.i.k.p.i.AbstractProblemLoader Creating init config 
20771      DEBUG main            d.u.i.k.p.i.AbstractProblemLoader Init config took 2.6s 
20820      INFO  main            d.u.i.k.p.i.AbstractProblemLoader Replaying proof Observer[Observer::$subject()].JML accessible clause.0 
20822      DEBUG main            d.u.i.k.p.i.IntermediateProofReplayer Proof replay took 5.2ns 
20923      INFO  main            d.u.i.k.p.r.p.TestFile    ... finished proof: closed. 
21063      INFO  main            d.u.i.k.p.i.AbstractProblemLoader Loading environment from /home/runner/work/key/key/key.core/../key.ui/examples/heap/observer/ExampleObserver_subject.key.proof 
21063      DEBUG main            d.u.i.k.p.i.AbstractProblemLoader Environment load took 118ns 
21064      INFO  main            d.u.i.k.p.i.AbstractProblemLoader Creating init config 
23584      DEBUG main            d.u.i.k.p.i.AbstractProblemLoader Init config took 2.52s 
23634      INFO  main            d.u.i.k.p.i.AbstractProblemLoader Replaying proof Observer[Observer::$subject()].JML accessible clause.0 
23637      DEBUG main            d.u.i.k.p.i.IntermediateProofReplayer Proof replay took 1.42ms 
23638      DEBUG main            d.u.i.k.p.r.p.TestFile    ... success: reloaded. 
23640      INFO  main            d.u.i.k.p.r.p.TestFile    Now processing file /home/runner/work/key/key/key.core/../key.ui/examples/heap/observer/ExampleObserver_update.key 
23640      INFO  main            d.u.i.k.p.i.AbstractProblemLoader Loading environment from /home/runner/work/key/key/key.core/../key.ui/examples/heap/observer/ExampleObserver_update.key 
23640      DEBUG main            d.u.i.k.p.i.AbstractProblemLoader Environment load took 203.19ns 
23641      INFO  main            d.u.i.k.p.i.AbstractProblemLoader Creating init config 
26189      DEBUG main            d.u.i.k.p.i.AbstractProblemLoader Init config took 2.55s 
26236      INFO  main            d.u.i.k.p.i.AbstractProblemLoader Replaying proof ExampleObserver[Observer::update()].JML normal_behavior operation contract.0 
26238      DEBUG main            d.u.i.k.p.i.IntermediateProofReplayer Proof replay took 5.8ns 
26541      INFO  main            d.u.i.k.p.r.p.TestFile    ... finished proof: closed. 
26689      INFO  main            d.u.i.k.p.i.AbstractProblemLoader Loading environment from /home/runner/work/key/key/key.core/../key.ui/examples/heap/observer/ExampleObserver_update.key.proof 
26690      DEBUG main            d.u.i.k.p.i.AbstractProblemLoader Environment load took 629.98ns 
26691      INFO  main            d.u.i.k.p.i.AbstractProblemLoader Creating init config 
29208      DEBUG main            d.u.i.k.p.i.AbstractProblemLoader Init config took 2.52s 
29258      INFO  main            d.u.i.k.p.i.AbstractProblemLoader Replaying proof ExampleObserver[Observer::update()].JML normal_behavior operation contract.0 
29310      DEBUG main            d.u.i.k.p.i.IntermediateProofReplayer Proof replay took 48.34ms 
29311      DEBUG main            d.u.i.k.p.r.p.TestFile    ... success: reloaded. 
29312      INFO  main            d.u.i.k.p.r.p.TestFile    Now processing file /home/runner/work/key/key/key.core/../key.ui/examples/heap/observer/ExampleObserver_upToDate.key 
29312      INFO  main            d.u.i.k.p.i.AbstractProblemLoader Loading environment from /home/runner/work/key/key/key.core/../key.ui/examples/heap/observer/ExampleObserver_upToDate.key 
29313      DEBUG main            d.u.i.k.p.i.AbstractProblemLoader Environment load took 213.79ns 
29314      INFO  main            d.u.i.k.p.i.AbstractProblemLoader Creating init config 
31832      DEBUG main            d.u.i.k.p.i.AbstractProblemLoader Init config took 2.52s 
31878      INFO  main            d.u.i.k.p.i.AbstractProblemLoader Replaying proof ExampleObserver[Observer::$upToDate()].JML accessible clause.0 
31880      DEBUG main            d.u.i.k.p.i.IntermediateProofReplayer Proof replay took 5.8ns 
31983      INFO  main            d.u.i.k.p.r.p.TestFile    ... finished proof: closed. 
32127      INFO  main            d.u.i.k.p.i.AbstractProblemLoader Loading environment from /home/runner/work/key/key/key.core/../key.ui/examples/heap/observer/ExampleObserver_upToDate.key.proof 
32127      DEBUG main            d.u.i.k.p.i.AbstractProblemLoader Environment load took 107.7ns 
32128      INFO  main            d.u.i.k.p.i.AbstractProblemLoader Creating init config 
34660      DEBUG main            d.u.i.k.p.i.AbstractProblemLoader Init config took 2.53s 
34704      INFO  main            d.u.i.k.p.i.AbstractProblemLoader Replaying proof ExampleObserver[Observer::$upToDate()].JML accessible clause.0 
34721      DEBUG main            d.u.i.k.p.i.IntermediateProofReplayer Proof replay took 14ms 
34721      DEBUG main            d.u.i.k.p.r.p.TestFile    ... success: reloaded. 
34723      INFO  main            d.u.i.k.p.r.p.TestFile    Now processing file /home/runner/work/key/key/key.core/../key.ui/examples/heap/observer/ExampleObserver_value.key 
34723      INFO  main            d.u.i.k.p.i.AbstractProblemLoader Loading environment from /home/runner/work/key/key/key.core/../key.ui/examples/heap/observer/ExampleObserver_value.key 
34723      DEBUG main            d.u.i.k.p.i.AbstractProblemLoader Environment load took 91.4ns 
34724      INFO  main            d.u.i.k.p.i.AbstractProblemLoader Creating init config 
37230      DEBUG main            d.u.i.k.p.i.AbstractProblemLoader Init config took 2.51s 
37273      INFO  main            d.u.i.k.p.i.AbstractProblemLoader Replaying proof ExampleObserver[ExampleObserver::value()].JML normal_behavior operation contract.0 
37274      DEBUG main            d.u.i.k.p.i.IntermediateProofReplayer Proof replay took 5.9ns 
37379      INFO  main            d.u.i.k.p.r.p.TestFile    ... finished proof: closed. 
37543      INFO  main            d.u.i.k.p.i.AbstractProblemLoader Loading environment from /home/runner/work/key/key/key.core/../key.ui/examples/heap/observer/ExampleObserver_value.key.proof 
37543      DEBUG main            d.u.i.k.p.i.AbstractProblemLoader Environment load took 107.7ns 
37544      INFO  main            d.u.i.k.p.i.AbstractProblemLoader Creating init config 
40031      DEBUG main            d.u.i.k.p.i.AbstractProblemLoader Init config took 2.49s 
40082      INFO  main            d.u.i.k.p.i.AbstractProblemLoader Replaying proof ExampleObserver[ExampleObserver::value()].JML normal_behavior operation contract.0 
40104      DEBUG main            d.u.i.k.p.i.IntermediateProofReplayer Proof replay took 17.52ms 
40105      DEBUG main            d.u.i.k.p.r.p.TestFile    ... success: reloaded. 
40106      INFO  main            d.u.i.k.p.r.p.TestFile    Now processing file /home/runner/work/key/key/key.core/../key.ui/examples/heap/observer/ExampleSubject_addObserver.key 
40106      INFO  main            d.u.i.k.p.i.AbstractProblemLoader Loading environment from /home/runner/work/key/key/key.core/../key.ui/examples/heap/observer/ExampleSubject_addObserver.key 
40106      DEBUG main            d.u.i.k.p.i.AbstractProblemLoader Environment load took 88.9ns 
40115      INFO  main            d.u.i.k.p.i.AbstractProblemLoader Creating init config 
42611      DEBUG main            d.u.i.k.p.i.AbstractProblemLoader Init config took 2.5s 
42656      INFO  main            d.u.i.k.p.i.AbstractProblemLoader Replaying proof ExampleSubject[Subject::addObserver(Observer)].JML normal_behavior operation contract.0 
42658      DEBUG main            d.u.i.k.p.i.IntermediateProofReplayer Proof replay took 6ns 
47998      INFO  main            d.u.i.k.p.r.p.TestFile    ... finished proof: closed. 
48296      INFO  main            d.u.i.k.p.i.AbstractProblemLoader Loading environment from /home/runner/work/key/key/key.core/../key.ui/examples/heap/observer/ExampleSubject_addObserver.key.proof 
48297      DEBUG main            d.u.i.k.p.i.AbstractProblemLoader Environment load took 418.49ns 
48299      INFO  main            d.u.i.k.p.i.AbstractProblemLoader Creating init config 
50752      DEBUG main            d.u.i.k.p.i.AbstractProblemLoader Init config took 2.45s 
50811      INFO  main            d.u.i.k.p.i.AbstractProblemLoader Replaying proof ExampleSubject[Subject::addObserver(Observer)].JML normal_behavior operation contract.0 
51342      DEBUG main            d.u.i.k.p.i.IntermediateProofReplayer Proof replay took 503.86ms 
51344      DEBUG main            d.u.i.k.p.r.p.TestFile    ... success: reloaded. 
51345      INFO  main            d.u.i.k.p.r.p.TestFile    Now processing file /home/runner/work/key/key/key.core/../key.ui/examples/heap/observer/ExampleSubject_change.key 
51345      INFO  main            d.u.i.k.p.i.AbstractProblemLoader Loading environment from /home/runner/work/key/key/key.core/../key.ui/examples/heap/observer/ExampleSubject_change.key 
51345      DEBUG main            d.u.i.k.p.i.AbstractProblemLoader Environment load took 88.5ns 
51346      INFO  main            d.u.i.k.p.i.AbstractProblemLoader Creating init config 
53821      DEBUG main            d.u.i.k.p.i.AbstractProblemLoader Init config took 2.47s 
53863      INFO  main            d.u.i.k.p.i.AbstractProblemLoader Replaying proof ExampleSubject[ExampleSubject::change()].JML normal_behavior operation contract.0 
53865      DEBUG main            d.u.i.k.p.i.IntermediateProofReplayer Proof replay took 5ns 
54368      INFO  main            d.u.i.k.p.r.p.TestFile    ... finished proof: closed. 
54547      INFO  main            d.u.i.k.p.i.AbstractProblemLoader Loading environment from /home/runner/work/key/key/key.core/../key.ui/examples/heap/observer/ExampleSubject_change.key.proof 
54548      DEBUG main            d.u.i.k.p.i.AbstractProblemLoader Environment load took 536.28ns 
54551      INFO  main            d.u.i.k.p.i.AbstractProblemLoader Creating init config 
57006      DEBUG main            d.u.i.k.p.i.AbstractProblemLoader Init config took 2.46s 
57049      INFO  main            d.u.i.k.p.i.AbstractProblemLoader Replaying proof ExampleSubject[ExampleSubject::change()].JML normal_behavior operation contract.0 
57097      DEBUG main            d.u.i.k.p.i.IntermediateProofReplayer Proof replay took 43.23ms 
57098      DEBUG main            d.u.i.k.p.r.p.TestFile    ... success: reloaded. 
57099      INFO  main            d.u.i.k.p.r.p.TestFile    Now processing file /home/runner/work/key/key/key.core/../key.ui/examples/heap/observer/ExampleSubject_ExampleSubject.key 
57100      INFO  main            d.u.i.k.p.i.AbstractProblemLoader Loading environment from /home/runner/work/key/key/key.core/../key.ui/examples/heap/observer/ExampleSubject_ExampleSubject.key 
57100      DEBUG main            d.u.i.k.p.i.AbstractProblemLoader Environment load took 204.89ns 
57101      INFO  main            d.u.i.k.p.i.AbstractProblemLoader Creating init config 
59564      DEBUG main            d.u.i.k.p.i.AbstractProblemLoader Init config took 2.46s 
59605      INFO  main            d.u.i.k.p.i.AbstractProblemLoader Replaying proof ExampleSubject[ExampleSubject::ExampleSubject()].JML normal_behavior operation contract.0 
59607      DEBUG main            d.u.i.k.p.i.IntermediateProofReplayer Proof replay took 5.6ns 
60612      INFO  main            d.u.i.k.p.r.p.TestFile    ... finished proof: closed. 
60790      INFO  main            d.u.i.k.p.i.AbstractProblemLoader Loading environment from /home/runner/work/key/key/key.core/../key.ui/examples/heap/observer/ExampleSubject_ExampleSubject.key.proof 
60791      DEBUG main            d.u.i.k.p.i.AbstractProblemLoader Environment load took 416.59ns 
60792      INFO  main            d.u.i.k.p.i.AbstractProblemLoader Creating init config 
63223      DEBUG main            d.u.i.k.p.i.AbstractProblemLoader Init config took 2.43s 
63265      INFO  main            d.u.i.k.p.i.AbstractProblemLoader Replaying proof ExampleSubject[ExampleSubject::ExampleSubject()].JML normal_behavior operation contract.0 
63379      DEBUG main            d.u.i.k.p.i.IntermediateProofReplayer Proof replay took 107.15ms 
63381      DEBUG main            d.u.i.k.p.r.p.TestFile    ... success: reloaded. 
63382      INFO  main            d.u.i.k.p.r.p.TestFile    Now processing file /home/runner/work/key/key/key.core/../key.ui/examples/heap/observer/ExampleSubject_footprint.key 
63382      INFO  main            d.u.i.k.p.i.AbstractProblemLoader Loading environment from /home/runner/work/key/key/key.core/../key.ui/examples/heap/observer/ExampleSubject_footprint.key 
63382      DEBUG main            d.u.i.k.p.i.AbstractProblemLoader Environment load took 198.8ns 
63383      INFO  main            d.u.i.k.p.i.AbstractProblemLoader Creating init config 
65831      DEBUG main            d.u.i.k.p.i.AbstractProblemLoader Init config took 2.45s 
65871      INFO  main            d.u.i.k.p.i.AbstractProblemLoader Replaying proof ExampleSubject[Subject::$footprint()].JML accessible clause.0 
65873      DEBUG main            d.u.i.k.p.i.IntermediateProofReplayer Proof replay took 5.1ns 
65975      INFO  main            d.u.i.k.p.r.p.TestFile    ... finished proof: closed. 
66153      INFO  main            d.u.i.k.p.i.AbstractProblemLoader Loading environment from /home/runner/work/key/key/key.core/../key.ui/examples/heap/observer/ExampleSubject_footprint.key.proof 
66153      DEBUG main            d.u.i.k.p.i.AbstractProblemLoader Environment load took 105.6ns 
66154      INFO  main            d.u.i.k.p.i.AbstractProblemLoader Creating init config 
68589      DEBUG main            d.u.i.k.p.i.AbstractProblemLoader Init config took 2.43s 
68635      INFO  main            d.u.i.k.p.i.AbstractProblemLoader Replaying proof ExampleSubject[Subject::$footprint()].JML accessible clause.0 
68650      DEBUG main            d.u.i.k.p.i.IntermediateProofReplayer Proof replay took 9.86ms 
68655      DEBUG main            d.u.i.k.p.r.p.TestFile    ... success: reloaded. 
68657      INFO  main            d.u.i.k.p.r.p.TestFile    Now processing file /home/runner/work/key/key/key.core/../key.ui/examples/heap/observer/ExampleSubject_inv.key 
68657      INFO  main            d.u.i.k.p.i.AbstractProblemLoader Loading environment from /home/runner/work/key/key/key.core/../key.ui/examples/heap/observer/ExampleSubject_inv.key 
68657      DEBUG main            d.u.i.k.p.i.AbstractProblemLoader Environment load took 88.9ns 
68658      INFO  main            d.u.i.k.p.i.AbstractProblemLoader Creating init config 
71184      DEBUG main            d.u.i.k.p.i.AbstractProblemLoader Init config took 2.53s 
71224      INFO  main            d.u.i.k.p.i.AbstractProblemLoader Replaying proof ExampleSubject[java.lang.Object::<inv>()].JML accessible clause.0 
71226      DEBUG main            d.u.i.k.p.i.IntermediateProofReplayer Proof replay took 5.6ns 
72333      INFO  main            d.u.i.k.p.r.p.TestFile    ... finished proof: closed. 
72516      INFO  main            d.u.i.k.p.i.AbstractProblemLoader Loading environment from /home/runner/work/key/key/key.core/../key.ui/examples/heap/observer/ExampleSubject_inv.key.proof 
72517      DEBUG main            d.u.i.k.p.i.AbstractProblemLoader Environment load took 405.79ns 
72518      INFO  main            d.u.i.k.p.i.AbstractProblemLoader Creating init config 
74934      DEBUG main            d.u.i.k.p.i.AbstractProblemLoader Init config took 2.42s 
74984      INFO  main            d.u.i.k.p.i.AbstractProblemLoader Replaying proof ExampleSubject[java.lang.Object::<inv>()].JML accessible clause.0 
75052      DEBUG main            d.u.i.k.p.i.IntermediateProofReplayer Proof replay took 57.6ms 
75053      DEBUG main            d.u.i.k.p.r.p.TestFile    ... success: reloaded. 
75054      INFO  main            d.u.i.k.p.r.p.TestFile    Now processing file /home/runner/work/key/key/key.core/../key.ui/examples/heap/observer/ExampleSubject_notifyObservers.key 
75055      INFO  main            d.u.i.k.p.i.AbstractProblemLoader Loading environment from /home/runner/work/key/key/key.core/../key.ui/examples/heap/observer/ExampleSubject_notifyObservers.key 
75055      DEBUG main            d.u.i.k.p.i.AbstractProblemLoader Environment load took 201.39ns 
75056      INFO  main            d.u.i.k.p.i.AbstractProblemLoader Creating init config 
77559      DEBUG main            d.u.i.k.p.i.AbstractProblemLoader Init config took 2.5s 
77600      INFO  main            d.u.i.k.p.i.AbstractProblemLoader Replaying proof Subject[Subject::notifyObservers()].JML normal_behavior operation contract.0 
77601      DEBUG main            d.u.i.k.p.i.IntermediateProofReplayer Proof replay took 5.6ns 
77707      INFO  main            d.u.i.k.p.r.p.TestFile    ... finished proof: closed. 
77890      INFO  main            d.u.i.k.p.i.AbstractProblemLoader Loading environment from /home/runner/work/key/key/key.core/../key.ui/examples/heap/observer/ExampleSubject_notifyObservers.key.proof 
77890      DEBUG main            d.u.i.k.p.i.AbstractProblemLoader Environment load took 105.8ns 
77891      INFO  main            d.u.i.k.p.i.AbstractProblemLoader Creating init config 
80295      DEBUG main            d.u.i.k.p.i.AbstractProblemLoader Init config took 2.4s 
80336      INFO  main            d.u.i.k.p.i.AbstractProblemLoader Replaying proof Subject[Subject::notifyObservers()].JML normal_behavior operation contract.0 
80351      DEBUG main            d.u.i.k.p.i.IntermediateProofReplayer Proof replay took 13.91ms 
80352      DEBUG main            d.u.i.k.p.r.p.TestFile    ... success: reloaded. 
80352      INFO  main            d.u.i.k.p.r.p.TestFile    Now processing file /home/runner/work/key/key/key.core/../key.ui/examples/heap/observer/ExampleSubject_value_dep.key 
80353      INFO  main            d.u.i.k.p.i.AbstractProblemLoader Loading environment from /home/runner/work/key/key/key.core/../key.ui/examples/heap/observer/ExampleSubject_value_dep.key 
80353      DEBUG main            d.u.i.k.p.i.AbstractProblemLoader Environment load took 52.1ns 
80354      INFO  main            d.u.i.k.p.i.AbstractProblemLoader Creating init config 
82861      DEBUG main            d.u.i.k.p.i.AbstractProblemLoader Init config took 2.51s 
82900      INFO  main            d.u.i.k.p.i.AbstractProblemLoader Replaying proof ExampleSubject[ExampleSubject::value()].JML accessible clause.0 
82902      DEBUG main            d.u.i.k.p.i.IntermediateProofReplayer Proof replay took 5.2ns 
83007      INFO  main            d.u.i.k.p.r.p.TestFile    ... finished proof: closed. 
83233      INFO  main            d.u.i.k.p.i.AbstractProblemLoader Loading environment from /home/runner/work/key/key/key.core/../key.ui/examples/heap/observer/ExampleSubject_value_dep.key.proof 
83233      DEBUG main            d.u.i.k.p.i.AbstractProblemLoader Environment load took 103.3ns 
83234      INFO  main            d.u.i.k.p.i.AbstractProblemLoader Creating init config 
85660      DEBUG main            d.u.i.k.p.i.AbstractProblemLoader Init config took 2.43s 
85699      INFO  main            d.u.i.k.p.i.AbstractProblemLoader Replaying proof ExampleSubject[ExampleSubject::value()].JML accessible clause.0 
85709      DEBUG main            d.u.i.k.p.i.IntermediateProofReplayer Proof replay took 8.86ms 
85710      DEBUG main            d.u.i.k.p.r.p.TestFile    ... success: reloaded. 
85714      INFO  main            d.u.i.k.p.r.p.TestFile    Now processing file /home/runner/work/key/key/key.core/../key.ui/examples/heap/observer/ExampleSubject_value.key 
85714      INFO  main            d.u.i.k.p.i.AbstractProblemLoader Loading environment from /home/runner/work/key/key/key.core/../key.ui/examples/heap/observer/ExampleSubject_value.key 
85714      DEBUG main            d.u.i.k.p.i.AbstractProblemLoader Environment load took 110.7ns 
85715      INFO  main            d.u.i.k.p.i.AbstractProblemLoader Creating init config 
88203      DEBUG main            d.u.i.k.p.i.AbstractProblemLoader Init config took 2.49s 
88242      INFO  main            d.u.i.k.p.i.AbstractProblemLoader Replaying proof ExampleSubject[ExampleSubject::value()].JML normal_behavior operation contract.0 
88243      DEBUG main            d.u.i.k.p.i.IntermediateProofReplayer Proof replay took 5.7ns 
88345      INFO  main            d.u.i.k.p.r.p.TestFile    ... finished proof: closed. 
88529      INFO  main            d.u.i.k.p.i.AbstractProblemLoader Loading environment from /home/runner/work/key/key/key.core/../key.ui/examples/heap/observer/ExampleSubject_value.key.proof 
88529      DEBUG main            d.u.i.k.p.i.AbstractProblemLoader Environment load took 104.2ns 
88530      INFO  main            d.u.i.k.p.i.AbstractProblemLoader Creating init config 
90931      DEBUG main            d.u.i.k.p.i.AbstractProblemLoader Init config took 2.4s 
90969      INFO  main            d.u.i.k.p.i.AbstractProblemLoader Replaying proof ExampleSubject[ExampleSubject::value()].JML normal_behavior operation contract.0 
90978      DEBUG main            d.u.i.k.p.i.IntermediateProofReplayer Proof replay took 7.52ms 
90979      DEBUG main            d.u.i.k.p.r.p.TestFile    ... success: reloaded. 
1383474    INFO  Test worker     d.u.i.k.p.r.RunAllProofsTestUnit Returning from test observer 
1383475    INFO  Test worker     d.u.i.k.p.r.RunAllProofsTestUnit Running test removeDups 
350        INFO  Timeout watchdog d.u.i.k.p.r.p.ForkedTestFileRunner Timeout watcher launched (2000 secs.) 
354        WARN  main            d.u.i.k.s.ProofSettings   The settings in /home/runner/.key/proof-settings.props are *not* read. 
379        INFO  main            d.u.i.k.p.r.p.TestFile    Now processing file /home/runner/work/key/key/key.core/../key.ui/examples/heap/removeDups/arrayPart.key 
490        INFO  main            d.u.i.k.p.i.AbstractProblemLoader Loading environment from /home/runner/work/key/key/key.core/../key.ui/examples/heap/removeDups/arrayPart.key 
518        DEBUG main            d.u.i.k.p.i.AbstractProblemLoader Environment load took 2.16ms 
723        INFO  main            d.u.i.k.p.i.AbstractProblemLoader Creating init config 
1707       DEBUG main            d.u.i.k.j.TypeConverter   No LDT found for Meta 
1708       DEBUG main            d.u.i.k.j.TypeConverter   No LDT found for Meta 
1711       DEBUG main            d.u.i.k.j.TypeConverter   No LDT found for Meta 
1711       DEBUG main            d.u.i.k.j.TypeConverter   No LDT found for Meta 
2970       DEBUG main            d.u.i.k.j.TypeConverter   No LDT found for JavaBigintExpression 
7955       DEBUG main            d.u.i.k.p.i.AbstractProblemLoader Init config took 7.23s 
8090       INFO  main            d.u.i.k.p.i.AbstractProblemLoader Replaying proof RemoveDup[RemoveDup::arrayPart([I,int)].JML normal_behavior operation contract.0 
8118       DEBUG main            d.u.i.k.p.i.IntermediateProofReplayer Proof replay took 28.6ns 
10476      INFO  main            d.u.i.k.p.r.p.TestFile    ... finished proof: closed. 
10614      INFO  main            d.u.i.k.p.i.AbstractProblemLoader Loading environment from /home/runner/work/key/key/key.core/../key.ui/examples/heap/removeDups/arrayPart.key.proof 
10621      DEBUG main            d.u.i.k.p.i.AbstractProblemLoader Environment load took 7.27ms 
10623      INFO  main            d.u.i.k.p.i.AbstractProblemLoader Creating init config 
13403      DEBUG main            d.u.i.k.p.i.AbstractProblemLoader Init config took 2.78s 
13479      INFO  main            d.u.i.k.p.i.AbstractProblemLoader Replaying proof RemoveDup[RemoveDup::arrayPart([I,int)].JML normal_behavior operation contract.0 
13762      DEBUG main            d.u.i.k.p.i.IntermediateProofReplayer Proof replay took 271.3ms 
13771      DEBUG main            d.u.i.k.p.r.p.TestFile    ... success: reloaded. 
13773      INFO  main            d.u.i.k.p.r.p.TestFile    Now processing file /home/runner/work/key/key/key.core/../key.ui/examples/heap/removeDups/contains.key 
13773      INFO  main            d.u.i.k.p.i.AbstractProblemLoader Loading environment from /home/runner/work/key/key/key.core/../key.ui/examples/heap/removeDups/contains.key 
13773      DEBUG main            d.u.i.k.p.i.AbstractProblemLoader Environment load took 112.7ns 
13776      INFO  main            d.u.i.k.p.i.AbstractProblemLoader Creating init config 
16519      DEBUG main            d.u.i.k.p.i.AbstractProblemLoader Init config took 2.74s 
16573      INFO  main            d.u.i.k.p.i.AbstractProblemLoader Replaying proof RemoveDup[RemoveDup::contains([I,int,int)].JML normal_behavior operation contract.0 
16575      DEBUG main            d.u.i.k.p.i.IntermediateProofReplayer Proof replay took 5.2ns 
17078      INFO  main            d.u.i.k.p.r.p.TestFile    ... finished proof: closed. 
17198      INFO  main            d.u.i.k.p.i.AbstractProblemLoader Loading environment from /home/runner/work/key/key/key.core/../key.ui/examples/heap/removeDups/contains.key.proof 
17198      DEBUG main            d.u.i.k.p.i.AbstractProblemLoader Environment load took 466.89ns 
17200      INFO  main            d.u.i.k.p.i.AbstractProblemLoader Creating init config 
19825      DEBUG main            d.u.i.k.p.i.AbstractProblemLoader Init config took 2.63s 
19871      INFO  main            d.u.i.k.p.i.AbstractProblemLoader Replaying proof RemoveDup[RemoveDup::contains([I,int,int)].JML normal_behavior operation contract.0 
19957      DEBUG main            d.u.i.k.p.i.IntermediateProofReplayer Proof replay took 70.48ms 
19958      DEBUG main            d.u.i.k.p.r.p.TestFile    ... success: reloaded. 
19959      INFO  main            d.u.i.k.p.r.p.TestFile    Now processing file /home/runner/work/key/key/key.core/../key.ui/examples/heap/removeDups/removeDup.key 
19959      INFO  main            d.u.i.k.p.i.AbstractProblemLoader Loading environment from /home/runner/work/key/key/key.core/../key.ui/examples/heap/removeDups/removeDup.key 
19959      DEBUG main            d.u.i.k.p.i.AbstractProblemLoader Environment load took 208.4ns 
19960      INFO  main            d.u.i.k.p.i.AbstractProblemLoader Creating init config 
22577      DEBUG main            d.u.i.k.p.i.AbstractProblemLoader Init config took 2.62s 
22621      INFO  main            d.u.i.k.p.i.AbstractProblemLoader Replaying proof RemoveDup[RemoveDup::removeDup([I)].JML normal_behavior operation contract.0 
22624      DEBUG main            d.u.i.k.p.i.IntermediateProofReplayer Proof replay took 5.3ns 
41928      INFO  main            d.u.i.k.p.r.p.TestFile    ... finished proof: closed. 
42157      INFO  main            d.u.i.k.p.i.AbstractProblemLoader Loading environment from /home/runner/work/key/key/key.core/../key.ui/examples/heap/removeDups/removeDup.key.proof 
42158      DEBUG main            d.u.i.k.p.i.AbstractProblemLoader Environment load took 463.79ns 
42169      INFO  main            d.u.i.k.p.i.AbstractProblemLoader Creating init config 
44691      DEBUG main            d.u.i.k.p.i.AbstractProblemLoader Init config took 2.52s 
44742      INFO  main            d.u.i.k.p.i.AbstractProblemLoader Replaying proof RemoveDup[RemoveDup::removeDup([I)].JML normal_behavior operation contract.0 
45908      DEBUG main            d.u.i.k.p.i.IntermediateProofReplayer Proof replay took 1.11s 
45911      DEBUG main            d.u.i.k.p.r.p.TestFile    ... success: reloaded. 
45912      INFO  main            d.u.i.k.p.r.p.TestFile    Now processing file /home/runner/work/key/key/key.core/../key.ui/examples/heap/saddleback_search/Saddleback_search.key 
45912      INFO  main            d.u.i.k.p.i.AbstractProblemLoader Loading environment from /home/runner/work/key/key/key.core/../key.ui/examples/heap/saddleback_search/Saddleback_search.key 
45914      DEBUG main            d.u.i.k.p.i.AbstractProblemLoader Environment load took 1.89ms 
45915      INFO  main            d.u.i.k.p.i.AbstractProblemLoader Creating init config 
48577      DEBUG main            d.u.i.k.p.i.AbstractProblemLoader Init config took 2.66s 
48615      INFO  main            d.u.i.k.p.i.AbstractProblemLoader Replaying proof Saddleback[Saddleback::search([[I,int)].JML normal_behavior operation contract.0 
48623      DEBUG main            d.u.i.k.p.i.IntermediateProofReplayer Proof replay took 5.3ns 
124046     INFO  main            d.u.i.k.p.r.p.TestFile    ... finished proof: closed. 
124397     INFO  main            d.u.i.k.p.i.AbstractProblemLoader Loading environment from /home/runner/work/key/key/key.core/../key.ui/examples/heap/saddleback_search/Saddleback_search.key.proof 
124397     DEBUG main            d.u.i.k.p.i.AbstractProblemLoader Environment load took 427.39ns 
124405     INFO  main            d.u.i.k.p.i.AbstractProblemLoader Creating init config 
126918     DEBUG main            d.u.i.k.p.i.AbstractProblemLoader Init config took 2.51s 
126954     INFO  main            d.u.i.k.p.i.AbstractProblemLoader Replaying proof Saddleback[Saddleback::search([[I,int)].JML normal_behavior operation contract.0 
128480     DEBUG main            d.u.i.k.p.i.IntermediateProofReplayer Proof replay took 1.38s 
128522     DEBUG main            d.u.i.k.p.r.p.TestFile    ... success: reloaded. 
1512853    INFO  Test worker     d.u.i.k.p.r.RunAllProofsTestUnit Returning from test removeDups 
1512854    INFO  Test worker     d.u.i.k.p.r.RunAllProofsTestUnit Running test quicksort 
341        INFO  Timeout watchdog d.u.i.k.p.r.p.ForkedTestFileRunner Timeout watcher launched (2000 secs.) 
356        WARN  main            d.u.i.k.s.ProofSettings   The settings in /home/runner/.key/proof-settings.props are *not* read. 
382        INFO  main            d.u.i.k.p.r.p.TestFile    Now processing file /home/runner/work/key/key/key.core/../key.ui/examples/heap/quicksort/toplevel.key 
551        INFO  main            d.u.i.k.p.i.AbstractProblemLoader Loading environment from /home/runner/work/key/key/key.core/../key.ui/examples/heap/quicksort/toplevel.key 
568        DEBUG main            d.u.i.k.p.i.AbstractProblemLoader Environment load took 2.18ms 
775        INFO  main            d.u.i.k.p.i.AbstractProblemLoader Creating init config 
1788       DEBUG main            d.u.i.k.j.TypeConverter   No LDT found for Meta 
1788       DEBUG main            d.u.i.k.j.TypeConverter   No LDT found for Meta 
1789       DEBUG main            d.u.i.k.j.TypeConverter   No LDT found for Meta 
1790       DEBUG main            d.u.i.k.j.TypeConverter   No LDT found for Meta 
2917       DEBUG main            d.u.i.k.j.TypeConverter   No LDT found for JavaBigintExpression 
7867       DEBUG main            d.u.i.k.p.i.AbstractProblemLoader Init config took 7.09s 
7988       INFO  main            d.u.i.k.p.i.AbstractProblemLoader Replaying proof Quicksort[Quicksort::sort([I)].JML normal_behavior operation contract.0 
8018       DEBUG main            d.u.i.k.p.i.IntermediateProofReplayer Proof replay took 28.9ns 
9291       INFO  main            d.u.i.k.p.r.p.TestFile    ... finished proof: closed. 
9418       INFO  main            d.u.i.k.p.i.AbstractProblemLoader Loading environment from /home/runner/work/key/key/key.core/../key.ui/examples/heap/quicksort/toplevel.key.proof 
9429       DEBUG main            d.u.i.k.p.i.AbstractProblemLoader Environment load took 10.28ms 
9431       INFO  main            d.u.i.k.p.i.AbstractProblemLoader Creating init config 
12403      DEBUG main            d.u.i.k.p.i.AbstractProblemLoader Init config took 2.97s 
12470      INFO  main            d.u.i.k.p.i.AbstractProblemLoader Replaying proof Quicksort[Quicksort::sort([I)].JML normal_behavior operation contract.0 
12607      DEBUG main            d.u.i.k.p.i.IntermediateProofReplayer Proof replay took 125.38ms 
12614      DEBUG main            d.u.i.k.p.r.p.TestFile    ... success: reloaded. 
12616      INFO  main            d.u.i.k.p.r.p.TestFile    Now processing file /home/runner/work/key/key/key.core/../key.ui/examples/heap/quicksort/sort.key 
12616      INFO  main            d.u.i.k.p.i.AbstractProblemLoader Loading environment from /home/runner/work/key/key/key.core/../key.ui/examples/heap/quicksort/sort.key 
12616      DEBUG main            d.u.i.k.p.i.AbstractProblemLoader Environment load took 219ns 
12618      INFO  main            d.u.i.k.p.i.AbstractProblemLoader Creating init config 
15554      DEBUG main            d.u.i.k.p.i.AbstractProblemLoader Init config took 2.94s 
15620      INFO  main            d.u.i.k.p.i.AbstractProblemLoader Replaying proof Quicksort[Quicksort::sort([I,int,int)].JML normal_behavior operation contract.0 
15627      DEBUG main            d.u.i.k.p.i.IntermediateProofReplayer Proof replay took 6.3ns 
15655      DEBUG main            d.u.i.k.m.s.ProofScriptEngine 1: 'script 'sort.script'' 
15662      INFO  main            d.u.i.k.m.s.ProofScriptCommand Included script /home/runner/work/key/key/key.core/../key.ui/examples/heap/quicksort/sort.script 
15663      DEBUG main            d.u.i.k.m.s.ProofScriptEngine 1: 'macro autopilot-prep' 
16836      DEBUG main            d.u.i.k.m.s.ProofScriptEngine 2: 'select formula="{heapAtPre:=heap || exc:=null || heap:=heapAfter_sort_0}
   seq ...' 
16840      DEBUG main            d.u.i.k.m.s.ProofScriptEngine 3: 'macro simp-upd' 
16853      DEBUG main            d.u.i.k.m.s.ProofScriptEngine 4: 'let   @seqPre="seqDef{int u;}(0, array.length, array[u])"
    @seqSplit="seqDef ...' 
16856      DEBUG main            d.u.i.k.m.s.ProofScriptEngine 5: 'rule seqPermSym 
  formula="seqPerm(@seqSplit, @seqPre)"' 
16874      DEBUG main            d.u.i.k.m.s.ProofScriptEngine 6: 'rule seqPermSym
  formula="seqPerm(@seqSort, @seqSplit)"' 
16876      DEBUG main            d.u.i.k.m.s.ProofScriptEngine 7: 'rule seqPermSym
  formula="seqPerm(@seqSort0, @seqSort)"' 
16878      DEBUG main            d.u.i.k.m.s.ProofScriptEngine 8: 'rule seqPermTrans
  formula="seqPerm(@seqPre, @seqSplit)"' 
16879      DEBUG main            d.u.i.k.m.s.ProofScriptEngine 9: 'rule seqPermTrans
  formula="seqPerm(@seqPre, @seqSort)"' 
16880      DEBUG main            d.u.i.k.m.s.ProofScriptEngine 10: 'rule seqPermSym
  formula="seqPerm(@seqPre, @seqSort0)"' 
16882      DEBUG main            d.u.i.k.m.s.ProofScriptEngine 11: 'tryclose' 
41325      INFO  main            d.u.i.k.p.r.p.TestFile    ... finished proof: closed. 
41615      INFO  main            d.u.i.k.p.i.AbstractProblemLoader Loading environment from /home/runner/work/key/key/key.core/../key.ui/examples/heap/quicksort/sort.key.proof 
41615      DEBUG main            d.u.i.k.p.i.AbstractProblemLoader Environment load took 472.79ns 
41622      INFO  main            d.u.i.k.p.i.AbstractProblemLoader Creating init config 
44298      DEBUG main            d.u.i.k.p.i.AbstractProblemLoader Init config took 2.68s 
44357      INFO  main            d.u.i.k.p.i.AbstractProblemLoader Replaying proof Quicksort[Quicksort::sort([I,int,int)].JML normal_behavior operation contract.0 
45826      DEBUG main            d.u.i.k.p.i.IntermediateProofReplayer Proof replay took 1.34s 
45831      DEBUG main            d.u.i.k.p.r.p.TestFile    ... success: reloaded. 
45832      INFO  main            d.u.i.k.p.r.p.TestFile    Now processing file /home/runner/work/key/key/key.core/../key.ui/examples/heap/quicksort/split.key 
45833      INFO  main            d.u.i.k.p.i.AbstractProblemLoader Loading environment from /home/runner/work/key/key/key.core/../key.ui/examples/heap/quicksort/split.key 
45833      DEBUG main            d.u.i.k.p.i.AbstractProblemLoader Environment load took 255.8ns 
45846      INFO  main            d.u.i.k.p.i.AbstractProblemLoader Creating init config 
48936      DEBUG main            d.u.i.k.p.i.AbstractProblemLoader Init config took 3.09s 
48981      INFO  main            d.u.i.k.p.i.AbstractProblemLoader Replaying proof Quicksort[Quicksort::split([I,int,int)].JML normal_behavior operation contract.0 
48993      DEBUG main            d.u.i.k.p.i.IntermediateProofReplayer Proof replay took 5.5ns 
48994      DEBUG main            d.u.i.k.m.s.ProofScriptEngine 1: 'macro autopilot-prep' 
50301      DEBUG main            d.u.i.k.m.s.ProofScriptEngine 2: 'tryclose' 
85950      DEBUG main            d.u.i.k.m.s.ProofScriptEngine 3: 'macro simp-upd' 
86031      DEBUG main            d.u.i.k.m.s.ProofScriptEngine 4: 'rule seqPermFromSwap' 
86045      DEBUG main            d.u.i.k.m.s.ProofScriptEngine 5: 'rule andRight' 
86049      DEBUG main            d.u.i.k.m.s.ProofScriptEngine 6: 'auto' 
86072      DEBUG main            d.u.i.k.m.s.ProofScriptEngine 7: 'instantiate hide var=iv with=i_0' 
86074      DEBUG main            d.u.i.k.m.s.ProofScriptEngine 8: 'instantiate hide var=jv with=j_0' 
86077      DEBUG main            d.u.i.k.m.s.ProofScriptEngine 9: 'auto' 
92051      DEBUG main            d.u.i.k.m.s.ProofScriptEngine 10: 'macro simp-upd' 
92145      DEBUG main            d.u.i.k.m.s.ProofScriptEngine 11: 'rule seqPermFromSwap' 
92149      DEBUG main            d.u.i.k.m.s.ProofScriptEngine 12: 'rule andRight' 
92153      DEBUG main            d.u.i.k.m.s.ProofScriptEngine 13: 'auto' 
92170      DEBUG main            d.u.i.k.m.s.ProofScriptEngine 14: 'instantiate hide var=iv with=i_0' 
92173      DEBUG main            d.u.i.k.m.s.ProofScriptEngine 15: 'instantiate hide var=jv with=to' 
92175      DEBUG main            d.u.i.k.m.s.ProofScriptEngine 16: 'auto' 
96819      INFO  main            d.u.i.k.p.r.p.TestFile    ... finished proof: closed. 
97200      INFO  main            d.u.i.k.p.i.AbstractProblemLoader Loading environment from /home/runner/work/key/key/key.core/../key.ui/examples/heap/quicksort/split.key.proof 
97201      DEBUG main            d.u.i.k.p.i.AbstractProblemLoader Environment load took 447.09ns 
97210      INFO  main            d.u.i.k.p.i.AbstractProblemLoader Creating init config 
99894      DEBUG main            d.u.i.k.p.i.AbstractProblemLoader Init config took 2.68s 
99953      INFO  main            d.u.i.k.p.i.AbstractProblemLoader Replaying proof Quicksort[Quicksort::split([I,int,int)].JML normal_behavior operation contract.0 
102918     DEBUG main            d.u.i.k.p.i.IntermediateProofReplayer Proof replay took 2.77s 
102941     DEBUG main            d.u.i.k.p.r.p.TestFile    ... success: reloaded. 
1616069    INFO  Test worker     d.u.i.k.p.r.RunAllProofsTestUnit Returning from test quicksort 
1616071    INFO  Test worker     d.u.i.k.p.r.RunAllProofsTestUnit Running test simpleTests 
357        INFO  Timeout watchdog d.u.i.k.p.r.p.ForkedTestFileRunner Timeout watcher launched (2000 secs.) 
361        WARN  main            d.u.i.k.s.ProofSettings   The settings in /home/runner/.key/proof-settings.props are *not* read. 
404        INFO  main            d.u.i.k.p.r.p.TestFile    Now processing file /home/runner/work/key/key/key.core/../key.ui/examples/heap/simple/anonymise_datagroup.key 
518        INFO  main            d.u.i.k.p.i.AbstractProblemLoader Loading environment from /home/runner/work/key/key/key.core/../key.ui/examples/heap/simple/anonymise_datagroup.key 
534        DEBUG main            d.u.i.k.p.i.AbstractProblemLoader Environment load took 1.97ms 
797        INFO  main            d.u.i.k.p.i.AbstractProblemLoader Creating init config 
1557       DEBUG main            d.u.i.k.j.TypeConverter   No LDT found for Meta 
1558       DEBUG main            d.u.i.k.j.TypeConverter   No LDT found for Meta 
1559       DEBUG main            d.u.i.k.j.TypeConverter   No LDT found for Meta 
1559       DEBUG main            d.u.i.k.j.TypeConverter   No LDT found for Meta 
2971       DEBUG main            d.u.i.k.j.TypeConverter   No LDT found for JavaBigintExpression 
7200       DEBUG main            d.u.i.k.p.i.AbstractProblemLoader Init config took 6.4s 
7264       INFO  main            d.u.i.k.p.i.AbstractProblemLoader Replaying proof anonymise_datagroup.key 
7293       DEBUG main            d.u.i.k.p.i.IntermediateProofReplayer Proof replay took 32.1ns 
7567       INFO  main            d.u.i.k.p.r.p.TestFile    ... finished proof: closed. 
7656       INFO  main            d.u.i.k.p.i.AbstractProblemLoader Loading environment from /home/runner/work/key/key/key.core/../key.ui/examples/heap/simple/anonymise_datagroup.key.proof 
7657       DEBUG main            d.u.i.k.p.i.AbstractProblemLoader Environment load took 148.3ns 
7663       INFO  main            d.u.i.k.p.i.AbstractProblemLoader Creating init config 
10205      DEBUG main            d.u.i.k.p.i.AbstractProblemLoader Init config took 2.54s 
10253      INFO  main            d.u.i.k.p.i.AbstractProblemLoader Replaying proof anonymise_datagroup.key.proof 
10267      DEBUG main            d.u.i.k.p.i.IntermediateProofReplayer Proof replay took 9.21ms 
10277      DEBUG main            d.u.i.k.p.r.p.TestFile    ... success: reloaded. 
10283      INFO  main            d.u.i.k.p.r.p.TestFile    Now processing file /home/runner/work/key/key/key.core/../key.ui/examples/heap/simple/array_creation.key 
10285      INFO  main            d.u.i.k.p.i.AbstractProblemLoader Loading environment from /home/runner/work/key/key/key.core/../key.ui/examples/heap/simple/array_creation.key 
10286      DEBUG main            d.u.i.k.p.i.AbstractProblemLoader Environment load took 251.59ns 
10288      INFO  main            d.u.i.k.p.i.AbstractProblemLoader Creating init config 
12812      DEBUG main            d.u.i.k.p.i.AbstractProblemLoader Init config took 2.52s 
12845      INFO  main            d.u.i.k.p.i.AbstractProblemLoader Replaying proof array_creation.key 
12849      DEBUG main            d.u.i.k.p.i.IntermediateProofReplayer Proof replay took 5.6ns 
13561      INFO  main            d.u.i.k.p.r.p.TestFile    ... finished proof: closed. 
13704      INFO  main            d.u.i.k.p.i.AbstractProblemLoader Loading environment from /home/runner/work/key/key/key.core/../key.ui/examples/heap/simple/array_creation.key.proof 
13704      DEBUG main            d.u.i.k.p.i.AbstractProblemLoader Environment load took 143.2ns 
13706      INFO  main            d.u.i.k.p.i.AbstractProblemLoader Creating init config 
16029      DEBUG main            d.u.i.k.p.i.AbstractProblemLoader Init config took 2.32s 
16068      INFO  main            d.u.i.k.p.i.AbstractProblemLoader Replaying proof array_creation.key.proof 
16170      DEBUG main            d.u.i.k.p.i.IntermediateProofReplayer Proof replay took 93.81ms 
16171      DEBUG main            d.u.i.k.p.r.p.TestFile    ... success: reloaded. 
16173      INFO  main            d.u.i.k.p.r.p.TestFile    Now processing file /home/runner/work/key/key/key.core/../key.ui/examples/heap/simple/arrays_with_disjoint_sorts.key 
16173      INFO  main            d.u.i.k.p.i.AbstractProblemLoader Loading environment from /home/runner/work/key/key/key.core/../key.ui/examples/heap/simple/arrays_with_disjoint_sorts.key 
16174      DEBUG main            d.u.i.k.p.i.AbstractProblemLoader Environment load took 211.8ns 
16177      INFO  main            d.u.i.k.p.i.AbstractProblemLoader Creating init config 
18553      DEBUG main            d.u.i.k.p.i.AbstractProblemLoader Init config took 2.38s 
18590      INFO  main            d.u.i.k.p.i.AbstractProblemLoader Replaying proof arrays_with_disjoint_sorts.key 
18594      DEBUG main            d.u.i.k.p.i.IntermediateProofReplayer Proof replay took 5.3ns 
18810      INFO  main            d.u.i.k.p.r.p.TestFile    ... finished proof: closed. 
18942      INFO  main            d.u.i.k.p.i.AbstractProblemLoader Loading environment from /home/runner/work/key/key/key.core/../key.ui/examples/heap/simple/arrays_with_disjoint_sorts.key.proof 
18943      DEBUG main            d.u.i.k.p.i.AbstractProblemLoader Environment load took 561.79ns 
18945      INFO  main            d.u.i.k.p.i.AbstractProblemLoader Creating init config 
21284      DEBUG main            d.u.i.k.p.i.AbstractProblemLoader Init config took 2.34s 
21304      INFO  main            d.u.i.k.p.i.AbstractProblemLoader Replaying proof arrays_with_disjoint_sorts.key.proof 
21324      DEBUG main            d.u.i.k.p.i.IntermediateProofReplayer Proof replay took 16.5ms 
21325      DEBUG main            d.u.i.k.p.r.p.TestFile    ... success: reloaded. 
21326      INFO  main            d.u.i.k.p.r.p.TestFile    Now processing file /home/runner/work/key/key/key.core/../key.ui/examples/heap/simple/arrays.key 
21326      INFO  main            d.u.i.k.p.i.AbstractProblemLoader Loading environment from /home/runner/work/key/key/key.core/../key.ui/examples/heap/simple/arrays.key 
21327      DEBUG main            d.u.i.k.p.i.AbstractProblemLoader Environment load took 188.7ns 
21328      INFO  main            d.u.i.k.p.i.AbstractProblemLoader Creating init config 
23652      DEBUG main            d.u.i.k.p.i.AbstractProblemLoader Init config took 2.32s 
23675      INFO  main            d.u.i.k.p.i.AbstractProblemLoader Replaying proof arrays.key 
23678      DEBUG main            d.u.i.k.p.i.IntermediateProofReplayer Proof replay took 5.9ns 
23781      INFO  main            d.u.i.k.p.r.p.TestFile    ... finished proof: closed. 
23916      INFO  main            d.u.i.k.p.i.AbstractProblemLoader Loading environment from /home/runner/work/key/key/key.core/../key.ui/examples/heap/simple/arrays.key.proof 
23917      DEBUG main            d.u.i.k.p.i.AbstractProblemLoader Environment load took 1.08ms 
23918      INFO  main            d.u.i.k.p.i.AbstractProblemLoader Creating init config 
26199      DEBUG main            d.u.i.k.p.i.AbstractProblemLoader Init config took 2.28s 
26219      INFO  main            d.u.i.k.p.i.AbstractProblemLoader Replaying proof arrays.key.proof 
26236      DEBUG main            d.u.i.k.p.i.IntermediateProofReplayer Proof replay took 14.46ms 
26237      DEBUG main            d.u.i.k.p.r.p.TestFile    ... success: reloaded. 
26238      INFO  main            d.u.i.k.p.r.p.TestFile    Now processing file /home/runner/work/key/key/key.core/../key.ui/examples/heap/simple/attributes.key 
26238      INFO  main            d.u.i.k.p.i.AbstractProblemLoader Loading environment from /home/runner/work/key/key/key.core/../key.ui/examples/heap/simple/attributes.key 
26239      DEBUG main            d.u.i.k.p.i.AbstractProblemLoader Environment load took 88.1ns 
26239      INFO  main            d.u.i.k.p.i.AbstractProblemLoader Creating init config 
28530      DEBUG main            d.u.i.k.p.i.AbstractProblemLoader Init config took 2.29s 
28554      INFO  main            d.u.i.k.p.i.AbstractProblemLoader Replaying proof attributes.key 
28557      DEBUG main            d.u.i.k.p.i.IntermediateProofReplayer Proof replay took 5.8ns 
28660      INFO  main            d.u.i.k.p.r.p.TestFile    ... finished proof: closed. 
28837      INFO  main            d.u.i.k.p.i.AbstractProblemLoader Loading environment from /home/runner/work/key/key/key.core/../key.ui/examples/heap/simple/attributes.key.proof 
28837      DEBUG main            d.u.i.k.p.i.AbstractProblemLoader Environment load took 107.9ns 
28842      INFO  main            d.u.i.k.p.i.AbstractProblemLoader Creating init config 
31133      DEBUG main            d.u.i.k.p.i.AbstractProblemLoader Init config took 2.29s 
31152      INFO  main            d.u.i.k.p.i.AbstractProblemLoader Replaying proof attributes.key.proof 
31155      DEBUG main            d.u.i.k.p.i.IntermediateProofReplayer Proof replay took 1.47ms 
31156      DEBUG main            d.u.i.k.p.r.p.TestFile    ... success: reloaded. 
31157      INFO  main            d.u.i.k.p.r.p.TestFile    Now processing file /home/runner/work/key/key/key.core/../key.ui/examples/heap/simple/constructor_contracts.key 
31157      INFO  main            d.u.i.k.p.i.AbstractProblemLoader Loading environment from /home/runner/work/key/key/key.core/../key.ui/examples/heap/simple/constructor_contracts.key 
31158      DEBUG main            d.u.i.k.p.i.AbstractProblemLoader Environment load took 206.3ns 
31160      INFO  main            d.u.i.k.p.i.AbstractProblemLoader Creating init config 
33808      DEBUG main            d.u.i.k.p.i.AbstractProblemLoader Init config took 2.65s 
33829      INFO  main            d.u.i.k.p.i.AbstractProblemLoader Replaying proof constructor_contracts.key 
33831      DEBUG main            d.u.i.k.p.i.IntermediateProofReplayer Proof replay took 5.4ns 
34438      INFO  main            d.u.i.k.p.r.p.TestFile    ... finished proof: closed. 
34597      INFO  main            d.u.i.k.p.i.AbstractProblemLoader Loading environment from /home/runner/work/key/key/key.core/../key.ui/examples/heap/simple/constructor_contracts.key.proof 
34598      DEBUG main            d.u.i.k.p.i.AbstractProblemLoader Environment load took 1.47ms 
34600      INFO  main            d.u.i.k.p.i.AbstractProblemLoader Creating init config 
37203      DEBUG main            d.u.i.k.p.i.AbstractProblemLoader Init config took 2.6s 
37226      INFO  main            d.u.i.k.p.i.AbstractProblemLoader Replaying proof constructor_contracts.key.proof 
37340      DEBUG main            d.u.i.k.p.i.IntermediateProofReplayer Proof replay took 109.79ms 
37344      DEBUG main            d.u.i.k.p.r.p.TestFile    ... success: reloaded. 
37346      INFO  main            d.u.i.k.p.r.p.TestFile    Now processing file /home/runner/work/key/key/key.core/../key.ui/examples/heap/simple/dependencies.key 
37346      INFO  main            d.u.i.k.p.i.AbstractProblemLoader Loading environment from /home/runner/work/key/key/key.core/../key.ui/examples/heap/simple/dependencies.key 
37346      DEBUG main            d.u.i.k.p.i.AbstractProblemLoader Environment load took 107.6ns 
37348      INFO  main            d.u.i.k.p.i.AbstractProblemLoader Creating init config 
39621      DEBUG main            d.u.i.k.p.i.AbstractProblemLoader Init config took 2.27s 
39639      INFO  main            d.u.i.k.p.i.AbstractProblemLoader Replaying proof dependencies.key 
39640      DEBUG main            d.u.i.k.p.i.IntermediateProofReplayer Proof replay took 6.1ns 
39742      INFO  main            d.u.i.k.p.r.p.TestFile    ... finished proof: closed. 
39923      INFO  main            d.u.i.k.p.i.AbstractProblemLoader Loading environment from /home/runner/work/key/key/key.core/../key.ui/examples/heap/simple/dependencies.key.proof 
39923      DEBUG main            d.u.i.k.p.i.AbstractProblemLoader Environment load took 108.6ns 
39925      INFO  main            d.u.i.k.p.i.AbstractProblemLoader Creating init config 
42208      DEBUG main            d.u.i.k.p.i.AbstractProblemLoader Init config took 2.28s 
42228      INFO  main            d.u.i.k.p.i.AbstractProblemLoader Replaying proof dependencies.key.proof 
42235      DEBUG main            d.u.i.k.p.i.IntermediateProofReplayer Proof replay took 5.61ms 
42237      DEBUG main            d.u.i.k.p.r.p.TestFile    ... success: reloaded. 
42237      INFO  main            d.u.i.k.p.r.p.TestFile    Now processing file /home/runner/work/key/key/key.core/../key.ui/examples/heap/simple/dependency_contracts.key 
42238      INFO  main            d.u.i.k.p.i.AbstractProblemLoader Loading environment from /home/runner/work/key/key/key.core/../key.ui/examples/heap/simple/dependency_contracts.key 
42238      DEBUG main            d.u.i.k.p.i.AbstractProblemLoader Environment load took 192.6ns 
42239      INFO  main            d.u.i.k.p.i.AbstractProblemLoader Creating init config 
44701      DEBUG main            d.u.i.k.p.i.AbstractProblemLoader Init config took 2.46s 
44720      INFO  main            d.u.i.k.p.i.AbstractProblemLoader Replaying proof dependency_contracts.key 
44722      DEBUG main            d.u.i.k.p.i.IntermediateProofReplayer Proof replay took 5.8ns 
46035      INFO  main            d.u.i.k.p.r.p.TestFile    ... finished proof: closed. 
46246      INFO  main            d.u.i.k.p.i.AbstractProblemLoader Loading environment from /home/runner/work/key/key/key.core/../key.ui/examples/heap/simple/dependency_contracts.key.proof 
46247      DEBUG main            d.u.i.k.p.i.AbstractProblemLoader Environment load took 386.09ns 
46248      INFO  main            d.u.i.k.p.i.AbstractProblemLoader Creating init config 
48762      DEBUG main            d.u.i.k.p.i.AbstractProblemLoader Init config took 2.51s 
48786      INFO  main            d.u.i.k.p.i.AbstractProblemLoader Replaying proof dependency_contracts.key.proof 
48960      DEBUG main            d.u.i.k.p.i.IntermediateProofReplayer Proof replay took 160.93ms 
48962      DEBUG main            d.u.i.k.p.r.p.TestFile    ... success: reloaded. 
48963      INFO  main            d.u.i.k.p.r.p.TestFile    Now processing file /home/runner/work/key/key/key.core/../key.ui/examples/heap/simple/invariant_preservation.key 
48963      INFO  main            d.u.i.k.p.i.AbstractProblemLoader Loading environment from /home/runner/work/key/key/key.core/../key.ui/examples/heap/simple/invariant_preservation.key 
48964      DEBUG main            d.u.i.k.p.i.AbstractProblemLoader Environment load took 200.3ns 
48965      INFO  main            d.u.i.k.p.i.AbstractProblemLoader Creating init config 
51458      DEBUG main            d.u.i.k.p.i.AbstractProblemLoader Init config took 2.49s 
51475      INFO  main            d.u.i.k.p.i.AbstractProblemLoader Replaying proof invariant_preservation.key 
51477      DEBUG main            d.u.i.k.p.i.IntermediateProofReplayer Proof replay took 5.8ns 
51680      INFO  main            d.u.i.k.p.r.p.TestFile    ... finished proof: closed. 
51866      INFO  main            d.u.i.k.p.i.AbstractProblemLoader Loading environment from /home/runner/work/key/key/key.core/../key.ui/examples/heap/simple/invariant_preservation.key.proof 
51866      DEBUG main            d.u.i.k.p.i.AbstractProblemLoader Environment load took 110.3ns 
51868      INFO  main            d.u.i.k.p.i.AbstractProblemLoader Creating init config 
54314      DEBUG main            d.u.i.k.p.i.AbstractProblemLoader Init config took 2.45s 
54332      INFO  main            d.u.i.k.p.i.AbstractProblemLoader Replaying proof invariant_preservation.key.proof 
54358      DEBUG main            d.u.i.k.p.i.IntermediateProofReplayer Proof replay took 22.86ms 
54359      DEBUG main            d.u.i.k.p.r.p.TestFile    ... success: reloaded. 
54361      INFO  main            d.u.i.k.p.r.p.TestFile    Now processing file /home/runner/work/key/key/key.core/../key.ui/examples/heap/simple/locsets.key 
54361      INFO  main            d.u.i.k.p.i.AbstractProblemLoader Loading environment from /home/runner/work/key/key/key.core/../key.ui/examples/heap/simple/locsets.key 
54361      DEBUG main            d.u.i.k.p.i.AbstractProblemLoader Environment load took 80ns 
54362      INFO  main            d.u.i.k.p.i.AbstractProblemLoader Creating init config 
56585      DEBUG main            d.u.i.k.p.i.AbstractProblemLoader Init config took 2.22s 
56600      INFO  main            d.u.i.k.p.i.AbstractProblemLoader Replaying proof locsets.key 
56601      DEBUG main            d.u.i.k.p.i.IntermediateProofReplayer Proof replay took 6.4ns 
56704      INFO  main            d.u.i.k.p.r.p.TestFile    ... finished proof: closed. 
56878      INFO  main            d.u.i.k.p.i.AbstractProblemLoader Loading environment from /home/runner/work/key/key/key.core/../key.ui/examples/heap/simple/locsets.key.proof 
56878      DEBUG main            d.u.i.k.p.i.AbstractProblemLoader Environment load took 111.3ns 
56879      INFO  main            d.u.i.k.p.i.AbstractProblemLoader Creating init config 
59091      DEBUG main            d.u.i.k.p.i.AbstractProblemLoader Init config took 2.21s 
59107      INFO  main            d.u.i.k.p.i.AbstractProblemLoader Replaying proof locsets.key.proof 
59110      DEBUG main            d.u.i.k.p.i.IntermediateProofReplayer Proof replay took 999.28ns 
59110      DEBUG main            d.u.i.k.p.r.p.TestFile    ... success: reloaded. 
59111      INFO  main            d.u.i.k.p.r.p.TestFile    Now processing file /home/runner/work/key/key/key.core/../key.ui/examples/heap/simple/loop1.key 
59111      INFO  main            d.u.i.k.p.i.AbstractProblemLoader Loading environment from /home/runner/work/key/key/key.core/../key.ui/examples/heap/simple/loop1.key 
59112      DEBUG main            d.u.i.k.p.i.AbstractProblemLoader Environment load took 171.3ns 
59113      INFO  main            d.u.i.k.p.i.AbstractProblemLoader Creating init config 
61564      DEBUG main            d.u.i.k.p.i.AbstractProblemLoader Init config took 2.45s 
61584      INFO  main            d.u.i.k.p.i.AbstractProblemLoader Replaying proof loop1.key 
61585      DEBUG main            d.u.i.k.p.i.IntermediateProofReplayer Proof replay took 5.7ns 
61788      INFO  main            d.u.i.k.p.r.p.TestFile    ... finished proof: closed. 
61960      INFO  main            d.u.i.k.p.i.AbstractProblemLoader Loading environment from /home/runner/work/key/key/key.core/../key.ui/examples/heap/simple/loop1.key.proof 
61960      DEBUG main            d.u.i.k.p.i.AbstractProblemLoader Environment load took 107.3ns 
61961      INFO  main            d.u.i.k.p.i.AbstractProblemLoader Creating init config 
64445      DEBUG main            d.u.i.k.p.i.AbstractProblemLoader Init config took 2.48s 
64460      INFO  main            d.u.i.k.p.i.AbstractProblemLoader Replaying proof loop1.key.proof 
64511      DEBUG main            d.u.i.k.p.i.IntermediateProofReplayer Proof replay took 48.22ms 
64512      DEBUG main            d.u.i.k.p.r.p.TestFile    ... success: reloaded. 
64513      INFO  main            d.u.i.k.p.r.p.TestFile    Now processing file /home/runner/work/key/key/key.core/../key.ui/examples/heap/simple/loop2.key 
64513      INFO  main            d.u.i.k.p.i.AbstractProblemLoader Loading environment from /home/runner/work/key/key/key.core/../key.ui/examples/heap/simple/loop2.key 
64513      DEBUG main            d.u.i.k.p.i.AbstractProblemLoader Environment load took 81.9ns 
64514      INFO  main            d.u.i.k.p.i.AbstractProblemLoader Creating init config 
66936      DEBUG main            d.u.i.k.p.i.AbstractProblemLoader Init config took 2.42s 
66952      INFO  main            d.u.i.k.p.i.AbstractProblemLoader Replaying proof loop2.key 
66954      DEBUG main            d.u.i.k.p.i.IntermediateProofReplayer Proof replay took 5.8ns 
67560      INFO  main            d.u.i.k.p.r.p.TestFile    ... finished proof: closed. 
67750      INFO  main            d.u.i.k.p.i.AbstractProblemLoader Loading environment from /home/runner/work/key/key/key.core/../key.ui/examples/heap/simple/loop2.key.proof 
67750      DEBUG main            d.u.i.k.p.i.AbstractProblemLoader Environment load took 108.9ns 
67752      INFO  main            d.u.i.k.p.i.AbstractProblemLoader Creating init config 
70176      DEBUG main            d.u.i.k.p.i.AbstractProblemLoader Init config took 2.42s 
70191      INFO  main            d.u.i.k.p.i.AbstractProblemLoader Replaying proof loop2.key.proof 
70270      DEBUG main            d.u.i.k.p.i.IntermediateProofReplayer Proof replay took 73.81ms 
70272      DEBUG main            d.u.i.k.p.r.p.TestFile    ... success: reloaded. 
70273      INFO  main            d.u.i.k.p.r.p.TestFile    Now processing file /home/runner/work/key/key/key.core/../key.ui/examples/heap/simple/modifies_datagroup.key 
70273      INFO  main            d.u.i.k.p.i.AbstractProblemLoader Loading environment from /home/runner/work/key/key/key.core/../key.ui/examples/heap/simple/modifies_datagroup.key 
70274      DEBUG main            d.u.i.k.p.i.AbstractProblemLoader Environment load took 192ns 
70275      INFO  main            d.u.i.k.p.i.AbstractProblemLoader Creating init config 
72528      DEBUG main            d.u.i.k.p.i.AbstractProblemLoader Init config took 2.25s 
72544      INFO  main            d.u.i.k.p.i.AbstractProblemLoader Replaying proof modifies_datagroup.key 
72545      DEBUG main            d.u.i.k.p.i.IntermediateProofReplayer Proof replay took 5.4ns 
72647      INFO  main            d.u.i.k.p.r.p.TestFile    ... finished proof: closed. 
72835      INFO  main            d.u.i.k.p.i.AbstractProblemLoader Loading environment from /home/runner/work/key/key/key.core/../key.ui/examples/heap/simple/modifies_datagroup.key.proof 
72835      DEBUG main            d.u.i.k.p.i.AbstractProblemLoader Environment load took 101.1ns 
72836      INFO  main            d.u.i.k.p.i.AbstractProblemLoader Creating init config 
75042      DEBUG main            d.u.i.k.p.i.AbstractProblemLoader Init config took 2.21s 
75057      INFO  main            d.u.i.k.p.i.AbstractProblemLoader Replaying proof modifies_datagroup.key.proof 
75060      DEBUG main            d.u.i.k.p.i.IntermediateProofReplayer Proof replay took 2.31ms 
75061      DEBUG main            d.u.i.k.p.r.p.TestFile    ... success: reloaded. 
75062      INFO  main            d.u.i.k.p.r.p.TestFile    Now processing file /home/runner/work/key/key/key.core/../key.ui/examples/heap/simple/modifies.key 
75062      INFO  main            d.u.i.k.p.i.AbstractProblemLoader Loading environment from /home/runner/work/key/key/key.core/../key.ui/examples/heap/simple/modifies.key 
75062      DEBUG main            d.u.i.k.p.i.AbstractProblemLoader Environment load took 78.5ns 
75064      INFO  main            d.u.i.k.p.i.AbstractProblemLoader Creating init config 
77293      DEBUG main            d.u.i.k.p.i.AbstractProblemLoader Init config took 2.23s 
77307      INFO  main            d.u.i.k.p.i.AbstractProblemLoader Replaying proof modifies.key 
77308      DEBUG main            d.u.i.k.p.i.IntermediateProofReplayer Proof replay took 6.2ns 
77411      INFO  main            d.u.i.k.p.r.p.TestFile    ... finished proof: closed. 
77592      INFO  main            d.u.i.k.p.i.AbstractProblemLoader Loading environment from /home/runner/work/key/key/key.core/../key.ui/examples/heap/simple/modifies.key.proof 
77592      DEBUG main            d.u.i.k.p.i.AbstractProblemLoader Environment load took 105.6ns 
77597      INFO  main            d.u.i.k.p.i.AbstractProblemLoader Creating init config 
79757      DEBUG main            d.u.i.k.p.i.AbstractProblemLoader Init config took 2.16s 
79780      INFO  main            d.u.i.k.p.i.AbstractProblemLoader Replaying proof modifies.key.proof 
79797      DEBUG main            d.u.i.k.p.i.IntermediateProofReplayer Proof replay took 13.78ms 
79798      DEBUG main            d.u.i.k.p.r.p.TestFile    ... success: reloaded. 
79799      INFO  main            d.u.i.k.p.r.p.TestFile    Now processing file /home/runner/work/key/key/key.core/../key.ui/examples/heap/simple/object_creation.key 
79799      INFO  main            d.u.i.k.p.i.AbstractProblemLoader Loading environment from /home/runner/work/key/key/key.core/../key.ui/examples/heap/simple/object_creation.key 
79800      DEBUG main            d.u.i.k.p.i.AbstractProblemLoader Environment load took 183.1ns 
79801      INFO  main            d.u.i.k.p.i.AbstractProblemLoader Creating init config 
82048      DEBUG main            d.u.i.k.p.i.AbstractProblemLoader Init config took 2.25s 
82063      INFO  main            d.u.i.k.p.i.AbstractProblemLoader Replaying proof object_creation.key 
82065      DEBUG main            d.u.i.k.p.i.IntermediateProofReplayer Proof replay took 6ns 
82268      INFO  main            d.u.i.k.p.r.p.TestFile    ... finished proof: closed. 
82469      INFO  main            d.u.i.k.p.i.AbstractProblemLoader Loading environment from /home/runner/work/key/key/key.core/../key.ui/examples/heap/simple/object_creation.key.proof 
82469      DEBUG main            d.u.i.k.p.i.AbstractProblemLoader Environment load took 103.6ns 
82470      INFO  main            d.u.i.k.p.i.AbstractProblemLoader Creating init config 
84636      DEBUG main            d.u.i.k.p.i.AbstractProblemLoader Init config took 2.17s 
84650      INFO  main            d.u.i.k.p.i.AbstractProblemLoader Replaying proof object_creation.key.proof 
84687      DEBUG main            d.u.i.k.p.i.IntermediateProofReplayer Proof replay took 34.03ms 
84688      DEBUG main            d.u.i.k.p.r.p.TestFile    ... success: reloaded. 
84688      INFO  main            d.u.i.k.p.r.p.TestFile    Now processing file /home/runner/work/key/key/key.core/../key.ui/examples/heap/simple/operation_contracts.key 
84689      INFO  main            d.u.i.k.p.i.AbstractProblemLoader Loading environment from /home/runner/work/key/key/key.core/../key.ui/examples/heap/simple/operation_contracts.key 
84689      DEBUG main            d.u.i.k.p.i.AbstractProblemLoader Environment load took 85.8ns 
84690      INFO  main            d.u.i.k.p.i.AbstractProblemLoader Creating init config 
87103      DEBUG main            d.u.i.k.p.i.AbstractProblemLoader Init config took 2.41s 
87119      INFO  main            d.u.i.k.p.i.AbstractProblemLoader Replaying proof operation_contracts.key 
87120      DEBUG main            d.u.i.k.p.i.IntermediateProofReplayer Proof replay took 5.4ns 
87825      INFO  main            d.u.i.k.p.r.p.TestFile    ... finished proof: closed. 
88094      INFO  main            d.u.i.k.p.i.AbstractProblemLoader Loading environment from /home/runner/work/key/key/key.core/../key.ui/examples/heap/simple/operation_contracts.key.proof 
88096      DEBUG main            d.u.i.k.p.i.AbstractProblemLoader Environment load took 1.38ms 
88098      INFO  main            d.u.i.k.p.i.AbstractProblemLoader Creating init config 
90482      DEBUG main            d.u.i.k.p.i.AbstractProblemLoader Init config took 2.38s 
90498      INFO  main            d.u.i.k.p.i.AbstractProblemLoader Replaying proof operation_contracts.key.proof 
90626      DEBUG main            d.u.i.k.p.i.IntermediateProofReplayer Proof replay took 114.21ms 
90628      DEBUG main            d.u.i.k.p.r.p.TestFile    ... success: reloaded. 
90629      INFO  main            d.u.i.k.p.r.p.TestFile    Now processing file /home/runner/work/key/key/key.core/../key.ui/examples/heap/simple/select_store.key 
90630      INFO  main            d.u.i.k.p.i.AbstractProblemLoader Loading environment from /home/runner/work/key/key/key.core/../key.ui/examples/heap/simple/select_store.key 
90630      DEBUG main            d.u.i.k.p.i.AbstractProblemLoader Environment load took 190.4ns 
90631      INFO  main            d.u.i.k.p.i.AbstractProblemLoader Creating init config 
92890      DEBUG main            d.u.i.k.p.i.AbstractProblemLoader Init config took 2.26s 
92903      INFO  main            d.u.i.k.p.i.AbstractProblemLoader Replaying proof select_store.key 
92904      DEBUG main            d.u.i.k.p.i.IntermediateProofReplayer Proof replay took 5.2ns 
93008      INFO  main            d.u.i.k.p.r.p.TestFile    ... finished proof: closed. 
93231      INFO  main            d.u.i.k.p.i.AbstractProblemLoader Loading environment from /home/runner/work/key/key/key.core/../key.ui/examples/heap/simple/select_store.key.proof 
93231      DEBUG main            d.u.i.k.p.i.AbstractProblemLoader Environment load took 160.4ns 
93232      INFO  main            d.u.i.k.p.i.AbstractProblemLoader Creating init config 
95395      DEBUG main            d.u.i.k.p.i.AbstractProblemLoader Init config took 2.16s 
95409      INFO  main            d.u.i.k.p.i.AbstractProblemLoader Replaying proof select_store.key.proof 
95412      DEBUG main            d.u.i.k.p.i.IntermediateProofReplayer Proof replay took 1.78ms 
95413      DEBUG main            d.u.i.k.p.r.p.TestFile    ... success: reloaded. 
95414      INFO  main            d.u.i.k.p.r.p.TestFile    Now processing file /home/runner/work/key/key/key.core/../key.ui/examples/heap/simple/selection_sort.key 
95414      INFO  main            d.u.i.k.p.i.AbstractProblemLoader Loading environment from /home/runner/work/key/key/key.core/../key.ui/examples/heap/simple/selection_sort.key 
95414      DEBUG main            d.u.i.k.p.i.AbstractProblemLoader Environment load took 91ns 
95415      INFO  main            d.u.i.k.p.i.AbstractProblemLoader Creating init config 
97861      DEBUG main            d.u.i.k.p.i.AbstractProblemLoader Init config took 2.45s 
97875      INFO  main            d.u.i.k.p.i.AbstractProblemLoader Replaying proof selection_sort.key 
97877      DEBUG main            d.u.i.k.p.i.IntermediateProofReplayer Proof replay took 6ns 
101190     INFO  main            d.u.i.k.p.r.p.TestFile    ... finished proof: closed. 
101458     INFO  main            d.u.i.k.p.i.AbstractProblemLoader Loading environment from /home/runner/work/key/key/key.core/../key.ui/examples/heap/simple/selection_sort.key.proof 
101458     DEBUG main            d.u.i.k.p.i.AbstractProblemLoader Environment load took 371.89ns 
101460     INFO  main            d.u.i.k.p.i.AbstractProblemLoader Creating init config 
103851     DEBUG main            d.u.i.k.p.i.AbstractProblemLoader Init config took 2.39s 
103865     INFO  main            d.u.i.k.p.i.AbstractProblemLoader Replaying proof selection_sort.key.proof 
104289     DEBUG main            d.u.i.k.p.i.IntermediateProofReplayer Proof replay took 398.62ms 
104292     DEBUG main            d.u.i.k.p.r.p.TestFile    ... success: reloaded. 
104295     INFO  main            d.u.i.k.p.r.p.TestFile    Now processing file /home/runner/work/key/key/key.core/../key.ui/examples/heap/simple/seq.key 
104296     INFO  main            d.u.i.k.p.i.AbstractProblemLoader Loading environment from /home/runner/work/key/key/key.core/../key.ui/examples/heap/simple/seq.key 
104296     DEBUG main            d.u.i.k.p.i.AbstractProblemLoader Environment load took 84.5ns 
104297     INFO  main            d.u.i.k.p.i.AbstractProblemLoader Creating init config 
106480     DEBUG main            d.u.i.k.p.i.AbstractProblemLoader Init config took 2.18s 
106494     INFO  main            d.u.i.k.p.i.AbstractProblemLoader Replaying proof seq.key 
106495     DEBUG main            d.u.i.k.p.i.IntermediateProofReplayer Proof replay took 6.2ns 
106919     INFO  main            d.u.i.k.p.r.p.TestFile    ... finished proof: closed. 
107174     INFO  main            d.u.i.k.p.i.AbstractProblemLoader Loading environment from /home/runner/work/key/key/key.core/../key.ui/examples/heap/simple/seq.key.proof 
107174     DEBUG main            d.u.i.k.p.i.AbstractProblemLoader Environment load took 97.1ns 
107176     INFO  main            d.u.i.k.p.i.AbstractProblemLoader Creating init config 
109321     DEBUG main            d.u.i.k.p.i.AbstractProblemLoader Init config took 2.14s 
109336     INFO  main            d.u.i.k.p.i.AbstractProblemLoader Replaying proof seq.key.proof 
109364     DEBUG main            d.u.i.k.p.i.IntermediateProofReplayer Proof replay took 23.34ms 
109366     DEBUG main            d.u.i.k.p.r.p.TestFile    ... success: reloaded. 
109366     INFO  main            d.u.i.k.p.r.p.TestFile    Now processing file /home/runner/work/key/key/key.core/../key.ui/examples/heap/simple/oldForParams.key 
109366     INFO  main            d.u.i.k.p.i.AbstractProblemLoader Loading environment from /home/runner/work/key/key/key.core/../key.ui/examples/heap/simple/oldForParams.key 
109367     DEBUG main            d.u.i.k.p.i.AbstractProblemLoader Environment load took 206.7ns 
109368     INFO  main            d.u.i.k.p.i.AbstractProblemLoader Creating init config 
111771     DEBUG main            d.u.i.k.p.i.AbstractProblemLoader Init config took 2.4s 
111844     INFO  main            d.u.i.k.p.i.AbstractProblemLoader Replaying proof OldForParameters[OldForParameters::method(int)].JML operation contract.0 
111846     DEBUG main            d.u.i.k.p.i.IntermediateProofReplayer Proof replay took 5.5ns 
112048     INFO  main            d.u.i.k.p.r.p.TestFile    ... finished proof: closed. 
112296     INFO  main            d.u.i.k.p.i.AbstractProblemLoader Loading environment from /home/runner/work/key/key/key.core/../key.ui/examples/heap/simple/oldForParams.key.proof 
112296     DEBUG main            d.u.i.k.p.i.AbstractProblemLoader Environment load took 96.1ns 
112297     INFO  main            d.u.i.k.p.i.AbstractProblemLoader Creating init config 
114671     DEBUG main            d.u.i.k.p.i.AbstractProblemLoader Init config took 2.37s 
114710     INFO  main            d.u.i.k.p.i.AbstractProblemLoader Replaying proof OldForParameters[OldForParameters::method(int)].JML operation contract.0 
114744     DEBUG main            d.u.i.k.p.i.IntermediateProofReplayer Proof replay took 31.7ms 
114745     DEBUG main            d.u.i.k.p.r.p.TestFile    ... success: reloaded. 
114746     INFO  main            d.u.i.k.p.r.p.TestFile    Now processing file /home/runner/work/key/key/key.core/../key.ui/examples/heap/simple/parse_lmtd.key 
114746     INFO  main            d.u.i.k.p.i.AbstractProblemLoader Loading environment from /home/runner/work/key/key/key.core/../key.ui/examples/heap/simple/parse_lmtd.key 
114746     DEBUG main            d.u.i.k.p.i.AbstractProblemLoader Environment load took 70.4ns 
114747     INFO  main            d.u.i.k.p.i.AbstractProblemLoader Creating init config 
117179     DEBUG main            d.u.i.k.p.i.AbstractProblemLoader Init config took 2.43s 
117219     INFO  main            d.u.i.k.p.i.AbstractProblemLoader Replaying proof ParseLmtd[ParseLmtd::simple(int)].JML normal_behavior operation contract.0 
117220     DEBUG main            d.u.i.k.p.i.IntermediateProofReplayer Proof replay took 5.2ns 
117322     INFO  main            d.u.i.k.p.r.p.TestFile    ... finished proof: closed. 
117553     INFO  main            d.u.i.k.p.i.AbstractProblemLoader Loading environment from /home/runner/work/key/key/key.core/../key.ui/examples/heap/simple/parse_lmtd.key.proof 
117554     DEBUG main            d.u.i.k.p.i.AbstractProblemLoader Environment load took 96.5ns 
117554     INFO  main            d.u.i.k.p.i.AbstractProblemLoader Creating init config 
119928     DEBUG main            d.u.i.k.p.i.AbstractProblemLoader Init config took 2.37s 
119967     INFO  main            d.u.i.k.p.i.AbstractProblemLoader Replaying proof ParseLmtd[ParseLmtd::simple(int)].JML normal_behavior operation contract.0 
119985     DEBUG main            d.u.i.k.p.i.IntermediateProofReplayer Proof replay took 15.59ms 
119986     DEBUG main            d.u.i.k.p.r.p.TestFile    ... success: reloaded. 
119986     INFO  main            d.u.i.k.p.r.p.TestFile    Now processing file /home/runner/work/key/key/key.core/../key.ui/examples/heap/strictly_pure/strictlyPureMethod.key 
119987     INFO  main            d.u.i.k.p.i.AbstractProblemLoader Loading environment from /home/runner/work/key/key/key.core/../key.ui/examples/heap/strictly_pure/strictlyPureMethod.key 
119987     DEBUG main            d.u.i.k.p.i.AbstractProblemLoader Environment load took 73.9ns 
119987     INFO  main            d.u.i.k.p.i.AbstractProblemLoader Creating init config 
122291     DEBUG main            d.u.i.k.p.i.AbstractProblemLoader Init config took 2.3s 
122327     INFO  main            d.u.i.k.p.i.AbstractProblemLoader Replaying proof StrictlyPure[StrictlyPure::strictlyPureMethod()].JML operation contract.0 
122329     DEBUG main            d.u.i.k.p.i.IntermediateProofReplayer Proof replay took 5.4ns 
122534     INFO  main            d.u.i.k.p.r.p.TestFile    ... finished proof: closed. 
122778     INFO  main            d.u.i.k.p.i.AbstractProblemLoader Loading environment from /home/runner/work/key/key/key.core/../key.ui/examples/heap/strictly_pure/strictlyPureMethod.key.proof 
122778     DEBUG main            d.u.i.k.p.i.AbstractProblemLoader Environment load took 96.5ns 
122779     INFO  main            d.u.i.k.p.i.AbstractProblemLoader Creating init config 
125015     DEBUG main            d.u.i.k.p.i.AbstractProblemLoader Init config took 2.24s 
125050     INFO  main            d.u.i.k.p.i.AbstractProblemLoader Replaying proof StrictlyPure[StrictlyPure::strictlyPureMethod()].JML operation contract.0 
125081     DEBUG main            d.u.i.k.p.i.IntermediateProofReplayer Proof replay took 28.2ms 
125082     DEBUG main            d.u.i.k.p.r.p.TestFile    ... success: reloaded. 
125084     INFO  main            d.u.i.k.p.r.p.TestFile    Now processing file /home/runner/work/key/key/key.core/../key.ui/examples/heap/strictly_pure/useStrictlyPureMethod.key 
125084     INFO  main            d.u.i.k.p.i.AbstractProblemLoader Loading environment from /home/runner/work/key/key/key.core/../key.ui/examples/heap/strictly_pure/useStrictlyPureMethod.key 
125084     DEBUG main            d.u.i.k.p.i.AbstractProblemLoader Environment load took 84.8ns 
125085     INFO  main            d.u.i.k.p.i.AbstractProblemLoader Creating init config 
127396     DEBUG main            d.u.i.k.p.i.AbstractProblemLoader Init config took 2.31s 
127430     INFO  main            d.u.i.k.p.i.AbstractProblemLoader Replaying proof StrictlyPure[StrictlyPure::useStrictlyPureMethod(StrictlyPureClass)].JML operation contract.0 
127431     DEBUG main            d.u.i.k.p.i.IntermediateProofReplayer Proof replay took 5.1ns 
127633     INFO  main            d.u.i.k.p.r.p.TestFile    ... finished proof: closed. 
127879     INFO  main            d.u.i.k.p.i.AbstractProblemLoader Loading environment from /home/runner/work/key/key/key.core/../key.ui/examples/heap/strictly_pure/useStrictlyPureMethod.key.proof 
127880     DEBUG main            d.u.i.k.p.i.AbstractProblemLoader Environment load took 96.2ns 
127880     INFO  main            d.u.i.k.p.i.AbstractProblemLoader Creating init config 
130140     DEBUG main            d.u.i.k.p.i.AbstractProblemLoader Init config took 2.26s 
130174     INFO  main            d.u.i.k.p.i.AbstractProblemLoader Replaying proof StrictlyPure[StrictlyPure::useStrictlyPureMethod(StrictlyPureClass)].JML operation contract.0 
130235     DEBUG main            d.u.i.k.p.i.IntermediateProofReplayer Proof replay took 47.1ms 
130236     DEBUG main            d.u.i.k.p.r.p.TestFile    ... success: reloaded. 
130237     INFO  main            d.u.i.k.p.r.p.TestFile    Now processing file /home/runner/work/key/key/key.core/../key.ui/examples/heap/Wellfounded/ackermann.key 
130237     INFO  main            d.u.i.k.p.i.AbstractProblemLoader Loading environment from /home/runner/work/key/key/key.core/../key.ui/examples/heap/Wellfounded/ackermann.key 
130237     DEBUG main            d.u.i.k.p.i.AbstractProblemLoader Environment load took 179.2ns 
130238     INFO  main            d.u.i.k.p.i.AbstractProblemLoader Creating init config 
132530     DEBUG main            d.u.i.k.p.i.AbstractProblemLoader Init config took 2.29s 
132565     INFO  main            d.u.i.k.p.i.AbstractProblemLoader Replaying proof Ackermann[Ackermann::a(int,int)].JML normal_behavior operation contract.0 
132567     DEBUG main            d.u.i.k.p.i.IntermediateProofReplayer Proof replay took 5.7ns 
132870     INFO  main            d.u.i.k.p.r.p.TestFile    ... finished proof: closed. 
133189     INFO  main            d.u.i.k.p.i.AbstractProblemLoader Loading environment from /home/runner/work/key/key/key.core/../key.ui/examples/heap/Wellfounded/ackermann.key.proof 
133189     DEBUG main            d.u.i.k.p.i.AbstractProblemLoader Environment load took 97.7ns 
133190     INFO  main            d.u.i.k.p.i.AbstractProblemLoader Creating init config 
135480     DEBUG main            d.u.i.k.p.i.AbstractProblemLoader Init config took 2.29s 
135514     INFO  main            d.u.i.k.p.i.AbstractProblemLoader Replaying proof Ackermann[Ackermann::a(int,int)].JML normal_behavior operation contract.0 
135559     DEBUG main            d.u.i.k.p.i.IntermediateProofReplayer Proof replay took 41.57ms 
135560     DEBUG main            d.u.i.k.p.r.p.TestFile    ... success: reloaded. 
135560     INFO  main            d.u.i.k.p.r.p.TestFile    Now processing file /home/runner/work/key/key/key.core/../key.ui/examples/standard_key/unicode_test.key 
135561     INFO  main            d.u.i.k.p.i.AbstractProblemLoader Loading environment from /home/runner/work/key/key/key.core/../key.ui/examples/standard_key/unicode_test.key 
135561     DEBUG main            d.u.i.k.p.i.AbstractProblemLoader Environment load took 77.5ns 
135562     INFO  main            d.u.i.k.p.i.AbstractProblemLoader Creating init config 
137787     DEBUG main            d.u.i.k.p.i.AbstractProblemLoader Init config took 2.23s 
137802     INFO  main            d.u.i.k.p.i.AbstractProblemLoader Replaying proof unicode_test.key 
137803     DEBUG main            d.u.i.k.p.i.IntermediateProofReplayer Proof replay took 5.5ns 
137907     INFO  main            d.u.i.k.p.r.p.TestFile    ... finished proof: closed. 
138159     INFO  main            d.u.i.k.p.i.AbstractProblemLoader Loading environment from /home/runner/work/key/key/key.core/../key.ui/examples/standard_key/unicode_test.key.proof 
138159     DEBUG main            d.u.i.k.p.i.AbstractProblemLoader Environment load took 96.1ns 
138161     INFO  main            d.u.i.k.p.i.AbstractProblemLoader Creating init config 
140327     DEBUG main            d.u.i.k.p.i.AbstractProblemLoader Init config took 2.17s 
140340     INFO  main            d.u.i.k.p.i.AbstractProblemLoader Replaying proof unicode_test.key.proof 
140341     DEBUG main            d.u.i.k.p.i.IntermediateProofReplayer Proof replay took 321.09ns 
140342     DEBUG main            d.u.i.k.p.r.p.TestFile    ... success: reloaded. 
140342     INFO  main            d.u.i.k.p.r.p.TestFile    Now processing file /home/runner/work/key/key/key.core/../key.ui/examples/heap/strictlyModular/mayExpand.key 
140343     INFO  main            d.u.i.k.p.i.AbstractProblemLoader Loading environment from /home/runner/work/key/key/key.core/../key.ui/examples/heap/strictlyModular/mayExpand.key 
140343     DEBUG main            d.u.i.k.p.i.AbstractProblemLoader Environment load took 205.2ns 
140344     INFO  main            d.u.i.k.p.i.AbstractProblemLoader Creating init config 
142607     DEBUG main            d.u.i.k.p.i.AbstractProblemLoader Init config took 2.26s 
142641     INFO  main            d.u.i.k.p.i.AbstractProblemLoader Replaying proof Modular[Modular::m()].JML operation contract.0 
142643     DEBUG main            d.u.i.k.p.i.IntermediateProofReplayer Proof replay took 5.3ns 
142747     INFO  main            d.u.i.k.p.r.p.TestFile    ... finished proof: closed. 
143010     INFO  main            d.u.i.k.p.i.AbstractProblemLoader Loading environment from /home/runner/work/key/key/key.core/../key.ui/examples/heap/strictlyModular/mayExpand.key.proof 
143010     DEBUG main            d.u.i.k.p.i.AbstractProblemLoader Environment load took 90.2ns 
143011     INFO  main            d.u.i.k.p.i.AbstractProblemLoader Creating init config 
145223     DEBUG main            d.u.i.k.p.i.AbstractProblemLoader Init config took 2.21s 
145265     INFO  main            d.u.i.k.p.i.AbstractProblemLoader Replaying proof Modular[Modular::m()].JML operation contract.0 
145278     DEBUG main            d.u.i.k.p.i.IntermediateProofReplayer Proof replay took 10.55ms 
145278     DEBUG main            d.u.i.k.p.r.p.TestFile    ... success: reloaded. 
145279     INFO  main            d.u.i.k.p.r.p.TestFile    Now processing file /home/runner/work/key/key/key.core/../key.ui/examples/heap/strictlyModular/modularOnly.key 
145279     INFO  main            d.u.i.k.p.i.AbstractProblemLoader Loading environment from /home/runner/work/key/key/key.core/../key.ui/examples/heap/strictlyModular/modularOnly.key 
145279     DEBUG main            d.u.i.k.p.i.AbstractProblemLoader Environment load took 73.7ns 
145280     INFO  main            d.u.i.k.p.i.AbstractProblemLoader Creating init config 
147518     DEBUG main            d.u.i.k.p.i.AbstractProblemLoader Init config took 2.24s 
147551     INFO  main            d.u.i.k.p.i.AbstractProblemLoader Replaying proof Modular[Modular::m()].JML operation contract.0 
147552     DEBUG main            d.u.i.k.p.i.IntermediateProofReplayer Proof replay took 5.2ns 
147655     INFO  main            d.u.i.k.p.r.p.TestFile    ... finished proof: open goal(s) 
1764173    INFO  Test worker     d.u.i.k.p.r.RunAllProofsTestUnit Returning from test simpleTests 
1764174    INFO  Test worker     d.u.i.k.p.r.RunAllProofsTestUnit Running test SmansEtAl 
331        INFO  Timeout watchdog d.u.i.k.p.r.p.ForkedTestFileRunner Timeout watcher launched (2000 secs.) 
352        WARN  main            d.u.i.k.s.ProofSettings   The settings in /home/runner/.key/proof-settings.props are *not* read. 
398        INFO  main            d.u.i.k.p.r.p.TestFile    Now processing file /home/runner/work/key/key/key.core/../key.ui/examples/heap/SmansEtAl/ArrayList_add.key 
515        INFO  main            d.u.i.k.p.i.AbstractProblemLoader Loading environment from /home/runner/work/key/key/key.core/../key.ui/examples/heap/SmansEtAl/ArrayList_add.key 
534        DEBUG main            d.u.i.k.p.i.AbstractProblemLoader Environment load took 1.75ms 
740        INFO  main            d.u.i.k.p.i.AbstractProblemLoader Creating init config 
1699       DEBUG main            d.u.i.k.j.TypeConverter   No LDT found for Meta 
1699       DEBUG main            d.u.i.k.j.TypeConverter   No LDT found for Meta 
1701       DEBUG main            d.u.i.k.j.TypeConverter   No LDT found for Meta 
1701       DEBUG main            d.u.i.k.j.TypeConverter   No LDT found for Meta 
3051       DEBUG main            d.u.i.k.j.TypeConverter   No LDT found for JavaBigintExpression 
7947       DEBUG main            d.u.i.k.p.i.AbstractProblemLoader Init config took 7.21s 
8083       INFO  main            d.u.i.k.p.i.AbstractProblemLoader Replaying proof ArrayList[ArrayList::add(java.lang.Object)].JML normal_behavior operation contract.0 
8113       DEBUG main            d.u.i.k.p.i.IntermediateProofReplayer Proof replay took 30.4ns 
14782      INFO  main            d.u.i.k.p.r.p.TestFile    ... finished proof: closed. 
14942      INFO  main            d.u.i.k.p.i.AbstractProblemLoader Loading environment from /home/runner/work/key/key/key.core/../key.ui/examples/heap/SmansEtAl/ArrayList_add.key.proof 
14943      DEBUG main            d.u.i.k.p.i.AbstractProblemLoader Environment load took 1.17ms 
14950      INFO  main            d.u.i.k.p.i.AbstractProblemLoader Creating init config 
17906      DEBUG main            d.u.i.k.p.i.AbstractProblemLoader Init config took 2.96s 
17988      INFO  main            d.u.i.k.p.i.AbstractProblemLoader Replaying proof ArrayList[ArrayList::add(java.lang.Object)].JML normal_behavior operation contract.0 
18710      DEBUG main            d.u.i.k.p.i.IntermediateProofReplayer Proof replay took 686.78ms 
18719      DEBUG main            d.u.i.k.p.r.p.TestFile    ... success: reloaded. 
18722      INFO  main            d.u.i.k.p.r.p.TestFile    Now processing file /home/runner/work/key/key/key.core/../key.ui/examples/heap/SmansEtAl/ArrayList_ArrayList.key 
18722      INFO  main            d.u.i.k.p.i.AbstractProblemLoader Loading environment from /home/runner/work/key/key/key.core/../key.ui/examples/heap/SmansEtAl/ArrayList_ArrayList.key 
18723      DEBUG main            d.u.i.k.p.i.AbstractProblemLoader Environment load took 220.9ns 
18726      INFO  main            d.u.i.k.p.i.AbstractProblemLoader Creating init config 
21565      DEBUG main            d.u.i.k.p.i.AbstractProblemLoader Init config took 2.84s 
21622      INFO  main            d.u.i.k.p.i.AbstractProblemLoader Replaying proof ArrayList[ArrayList::ArrayList()].JML normal_behavior operation contract.0 
21625      DEBUG main            d.u.i.k.p.i.IntermediateProofReplayer Proof replay took 6.6ns 
22529      INFO  main            d.u.i.k.p.r.p.TestFile    ... finished proof: closed. 
22759      INFO  main            d.u.i.k.p.i.AbstractProblemLoader Loading environment from /home/runner/work/key/key/key.core/../key.ui/examples/heap/SmansEtAl/ArrayList_ArrayList.key.proof 
22760      DEBUG main            d.u.i.k.p.i.AbstractProblemLoader Environment load took 1.67ms 
22763      INFO  main            d.u.i.k.p.i.AbstractProblemLoader Creating init config 
25477      DEBUG main            d.u.i.k.p.i.AbstractProblemLoader Init config took 2.71s 
25553      INFO  main            d.u.i.k.p.i.AbstractProblemLoader Replaying proof ArrayList[ArrayList::ArrayList()].JML normal_behavior operation contract.0 
25693      DEBUG main            d.u.i.k.p.i.IntermediateProofReplayer Proof replay took 124.39ms 
25695      DEBUG main            d.u.i.k.p.r.p.TestFile    ... success: reloaded. 
25697      INFO  main            d.u.i.k.p.r.p.TestFile    Now processing file /home/runner/work/key/key/key.core/../key.ui/examples/heap/SmansEtAl/ArrayList_footprint.key 
25698      INFO  main            d.u.i.k.p.i.AbstractProblemLoader Loading environment from /home/runner/work/key/key/key.core/../key.ui/examples/heap/SmansEtAl/ArrayList_footprint.key 
25698      DEBUG main            d.u.i.k.p.i.AbstractProblemLoader Environment load took 246.8ns 
25700      INFO  main            d.u.i.k.p.i.AbstractProblemLoader Creating init config 
28443      DEBUG main            d.u.i.k.p.i.AbstractProblemLoader Init config took 2.74s 
28491      INFO  main            d.u.i.k.p.i.AbstractProblemLoader Replaying proof ArrayList[ArrayList::$footprint()].JML accessible clause.0 
28493      DEBUG main            d.u.i.k.p.i.IntermediateProofReplayer Proof replay took 5.7ns 
28595      INFO  main            d.u.i.k.p.r.p.TestFile    ... finished proof: closed. 
28734      INFO  main            d.u.i.k.p.i.AbstractProblemLoader Loading environment from /home/runner/work/key/key/key.core/../key.ui/examples/heap/SmansEtAl/ArrayList_footprint.key.proof 
28735      DEBUG main            d.u.i.k.p.i.AbstractProblemLoader Environment load took 109.4ns 
28735      INFO  main            d.u.i.k.p.i.AbstractProblemLoader Creating init config 
31367      DEBUG main            d.u.i.k.p.i.AbstractProblemLoader Init config took 2.63s 
31412      INFO  main            d.u.i.k.p.i.AbstractProblemLoader Replaying proof ArrayList[ArrayList::$footprint()].JML accessible clause.0 
31423      DEBUG main            d.u.i.k.p.i.IntermediateProofReplayer Proof replay took 7.88ms 
31423      DEBUG main            d.u.i.k.p.r.p.TestFile    ... success: reloaded. 
31425      INFO  main            d.u.i.k.p.r.p.TestFile    Now processing file /home/runner/work/key/key/key.core/../key.ui/examples/heap/SmansEtAl/ArrayList_get_dep.key 
31425      INFO  main            d.u.i.k.p.i.AbstractProblemLoader Loading environment from /home/runner/work/key/key/key.core/../key.ui/examples/heap/SmansEtAl/ArrayList_get_dep.key 
31425      DEBUG main            d.u.i.k.p.i.AbstractProblemLoader Environment load took 77.5ns 
31426      INFO  main            d.u.i.k.p.i.AbstractProblemLoader Creating init config 
34099      DEBUG main            d.u.i.k.p.i.AbstractProblemLoader Init config took 2.67s 
34176      INFO  main            d.u.i.k.p.i.AbstractProblemLoader Replaying proof ArrayList[ArrayList::get(int)].JML accessible clause.0 
34178      DEBUG main            d.u.i.k.p.i.IntermediateProofReplayer Proof replay took 5.1ns 
34481      INFO  main            d.u.i.k.p.r.p.TestFile    ... finished proof: closed. 
34629      INFO  main            d.u.i.k.p.i.AbstractProblemLoader Loading environment from /home/runner/work/key/key/key.core/../key.ui/examples/heap/SmansEtAl/ArrayList_get_dep.key.proof 
34629      DEBUG main            d.u.i.k.p.i.AbstractProblemLoader Environment load took 113.9ns 
34630      INFO  main            d.u.i.k.p.i.AbstractProblemLoader Creating init config 
37302      DEBUG main            d.u.i.k.p.i.AbstractProblemLoader Init config took 2.67s 
37360      INFO  main            d.u.i.k.p.i.AbstractProblemLoader Replaying proof ArrayList[ArrayList::get(int)].JML accessible clause.0 
37405      DEBUG main            d.u.i.k.p.i.IntermediateProofReplayer Proof replay took 41.14ms 
37406      DEBUG main            d.u.i.k.p.r.p.TestFile    ... success: reloaded. 
37407      INFO  main            d.u.i.k.p.r.p.TestFile    Now processing file /home/runner/work/key/key/key.core/../key.ui/examples/heap/SmansEtAl/ArrayList_get.key 
37408      INFO  main            d.u.i.k.p.i.AbstractProblemLoader Loading environment from /home/runner/work/key/key/key.core/../key.ui/examples/heap/SmansEtAl/ArrayList_get.key 
37408      DEBUG main            d.u.i.k.p.i.AbstractProblemLoader Environment load took 91ns 
37409      INFO  main            d.u.i.k.p.i.AbstractProblemLoader Creating init config 
40052      DEBUG main            d.u.i.k.p.i.AbstractProblemLoader Init config took 2.64s 
40094      INFO  main            d.u.i.k.p.i.AbstractProblemLoader Replaying proof ArrayList[ArrayList::get(int)].JML normal_behavior operation contract.0 
40095      DEBUG main            d.u.i.k.p.i.IntermediateProofReplayer Proof replay took 5.1ns 
40297      INFO  main            d.u.i.k.p.r.p.TestFile    ... finished proof: closed. 
40448      INFO  main            d.u.i.k.p.i.AbstractProblemLoader Loading environment from /home/runner/work/key/key/key.core/../key.ui/examples/heap/SmansEtAl/ArrayList_get.key.proof 
40449      DEBUG main            d.u.i.k.p.i.AbstractProblemLoader Environment load took 112.7ns 
40450      INFO  main            d.u.i.k.p.i.AbstractProblemLoader Creating init config 
43095      DEBUG main            d.u.i.k.p.i.AbstractProblemLoader Init config took 2.65s 
43136      INFO  main            d.u.i.k.p.i.AbstractProblemLoader Replaying proof ArrayList[ArrayList::get(int)].JML normal_behavior operation contract.0 
43162      DEBUG main            d.u.i.k.p.i.IntermediateProofReplayer Proof replay took 22.72ms 
43163      DEBUG main            d.u.i.k.p.r.p.TestFile    ... success: reloaded. 
43164      INFO  main            d.u.i.k.p.r.p.TestFile    Now processing file /home/runner/work/key/key/key.core/../key.ui/examples/heap/SmansEtAl/ArrayList_inv.key 
43164      INFO  main            d.u.i.k.p.i.AbstractProblemLoader Loading environment from /home/runner/work/key/key/key.core/../key.ui/examples/heap/SmansEtAl/ArrayList_inv.key 
43165      DEBUG main            d.u.i.k.p.i.AbstractProblemLoader Environment load took 199.5ns 
43166      INFO  main            d.u.i.k.p.i.AbstractProblemLoader Creating init config 
45792      DEBUG main            d.u.i.k.p.i.AbstractProblemLoader Init config took 2.63s 
45832      INFO  main            d.u.i.k.p.i.AbstractProblemLoader Replaying proof ArrayList[java.lang.Object::<inv>()].JML accessible clause.0 
45833      DEBUG main            d.u.i.k.p.i.IntermediateProofReplayer Proof replay took 5.5ns 
45935      INFO  main            d.u.i.k.p.r.p.TestFile    ... finished proof: closed. 
46100      INFO  main            d.u.i.k.p.i.AbstractProblemLoader Loading environment from /home/runner/work/key/key/key.core/../key.ui/examples/heap/SmansEtAl/ArrayList_inv.key.proof 
46100      DEBUG main            d.u.i.k.p.i.AbstractProblemLoader Environment load took 113.2ns 
46101      INFO  main            d.u.i.k.p.i.AbstractProblemLoader Creating init config 
48728      DEBUG main            d.u.i.k.p.i.AbstractProblemLoader Init config took 2.63s 
48768      INFO  main            d.u.i.k.p.i.AbstractProblemLoader Replaying proof ArrayList[java.lang.Object::<inv>()].JML accessible clause.0 
48778      DEBUG main            d.u.i.k.p.i.IntermediateProofReplayer Proof replay took 7.7ms 
48779      DEBUG main            d.u.i.k.p.r.p.TestFile    ... success: reloaded. 
48780      INFO  main            d.u.i.k.p.r.p.TestFile    Now processing file /home/runner/work/key/key/key.core/../key.ui/examples/heap/SmansEtAl/ArrayList_size_dep.key 
48780      INFO  main            d.u.i.k.p.i.AbstractProblemLoader Loading environment from /home/runner/work/key/key/key.core/../key.ui/examples/heap/SmansEtAl/ArrayList_size_dep.key 
48780      DEBUG main            d.u.i.k.p.i.AbstractProblemLoader Environment load took 103.7ns 
48781      INFO  main            d.u.i.k.p.i.AbstractProblemLoader Creating init config 
51390      DEBUG main            d.u.i.k.p.i.AbstractProblemLoader Init config took 2.61s 
51430      INFO  main            d.u.i.k.p.i.AbstractProblemLoader Replaying proof ArrayList[ArrayList::size()].JML accessible clause.0 
51431      DEBUG main            d.u.i.k.p.i.IntermediateProofReplayer Proof replay took 5.2ns 
51533      INFO  main            d.u.i.k.p.r.p.TestFile    ... finished proof: closed. 
51721      INFO  main            d.u.i.k.p.i.AbstractProblemLoader Loading environment from /home/runner/work/key/key/key.core/../key.ui/examples/heap/SmansEtAl/ArrayList_size_dep.key.proof 
51721      DEBUG main            d.u.i.k.p.i.AbstractProblemLoader Environment load took 111.6ns 
51722      INFO  main            d.u.i.k.p.i.AbstractProblemLoader Creating init config 
54296      DEBUG main            d.u.i.k.p.i.AbstractProblemLoader Init config took 2.57s 
54336      INFO  main            d.u.i.k.p.i.AbstractProblemLoader Replaying proof ArrayList[ArrayList::size()].JML accessible clause.0 
54349      DEBUG main            d.u.i.k.p.i.IntermediateProofReplayer Proof replay took 11.16ms 
54350      DEBUG main            d.u.i.k.p.r.p.TestFile    ... success: reloaded. 
54351      INFO  main            d.u.i.k.p.r.p.TestFile    Now processing file /home/runner/work/key/key/key.core/../key.ui/examples/heap/SmansEtAl/ArrayList_size.key 
54351      INFO  main            d.u.i.k.p.i.AbstractProblemLoader Loading environment from /home/runner/work/key/key/key.core/../key.ui/examples/heap/SmansEtAl/ArrayList_size.key 
54351      DEBUG main            d.u.i.k.p.i.AbstractProblemLoader Environment load took 93ns 
54352      INFO  main            d.u.i.k.p.i.AbstractProblemLoader Creating init config 
56980      DEBUG main            d.u.i.k.p.i.AbstractProblemLoader Init config took 2.63s 
57024      INFO  main            d.u.i.k.p.i.AbstractProblemLoader Replaying proof ArrayList[ArrayList::size()].JML normal_behavior operation contract.0 
57026      DEBUG main            d.u.i.k.p.i.IntermediateProofReplayer Proof replay took 5.6ns 
57128      INFO  main            d.u.i.k.p.r.p.TestFile    ... finished proof: closed. 
57305      INFO  main            d.u.i.k.p.i.AbstractProblemLoader Loading environment from /home/runner/work/key/key/key.core/../key.ui/examples/heap/SmansEtAl/ArrayList_size.key.proof 
57306      DEBUG main            d.u.i.k.p.i.AbstractProblemLoader Environment load took 112ns 
57306      INFO  main            d.u.i.k.p.i.AbstractProblemLoader Creating init config 
59897      DEBUG main            d.u.i.k.p.i.AbstractProblemLoader Init config took 2.59s 
59936      INFO  main            d.u.i.k.p.i.AbstractProblemLoader Replaying proof ArrayList[ArrayList::size()].JML normal_behavior operation contract.0 
59949      DEBUG main            d.u.i.k.p.i.IntermediateProofReplayer Proof replay took 10.64ms 
59950      DEBUG main            d.u.i.k.p.r.p.TestFile    ... success: reloaded. 
59951      INFO  main            d.u.i.k.p.r.p.TestFile    Now processing file /home/runner/work/key/key/key.core/../key.ui/examples/heap/SmansEtAl/Cell_Cell.key 
59951      INFO  main            d.u.i.k.p.i.AbstractProblemLoader Loading environment from /home/runner/work/key/key/key.core/../key.ui/examples/heap/SmansEtAl/Cell_Cell.key 
59952      DEBUG main            d.u.i.k.p.i.AbstractProblemLoader Environment load took 214.7ns 
59953      INFO  main            d.u.i.k.p.i.AbstractProblemLoader Creating init config 
62574      DEBUG main            d.u.i.k.p.i.AbstractProblemLoader Init config took 2.62s 
62610      INFO  main            d.u.i.k.p.i.AbstractProblemLoader Replaying proof Cell[Cell::Cell()].JML normal_behavior operation contract.0 
62612      DEBUG main            d.u.i.k.p.i.IntermediateProofReplayer Proof replay took 5.3ns 
62817      INFO  main            d.u.i.k.p.r.p.TestFile    ... finished proof: closed. 
62990      INFO  main            d.u.i.k.p.i.AbstractProblemLoader Loading environment from /home/runner/work/key/key/key.core/../key.ui/examples/heap/SmansEtAl/Cell_Cell.key.proof 
62990      DEBUG main            d.u.i.k.p.i.AbstractProblemLoader Environment load took 109.9ns 
62991      INFO  main            d.u.i.k.p.i.AbstractProblemLoader Creating init config 
65564      DEBUG main            d.u.i.k.p.i.AbstractProblemLoader Init config took 2.57s 
65603      INFO  main            d.u.i.k.p.i.AbstractProblemLoader Replaying proof Cell[Cell::Cell()].JML normal_behavior operation contract.0 
65635      DEBUG main            d.u.i.k.p.i.IntermediateProofReplayer Proof replay took 28.49ms 
65635      DEBUG main            d.u.i.k.p.r.p.TestFile    ... success: reloaded. 
65636      INFO  main            d.u.i.k.p.r.p.TestFile    Now processing file /home/runner/work/key/key/key.core/../key.ui/examples/heap/SmansEtAl/Cell_footprint.key 
65637      INFO  main            d.u.i.k.p.i.AbstractProblemLoader Loading environment from /home/runner/work/key/key/key.core/../key.ui/examples/heap/SmansEtAl/Cell_footprint.key 
65637      DEBUG main            d.u.i.k.p.i.AbstractProblemLoader Environment load took 116ns 
65638      INFO  main            d.u.i.k.p.i.AbstractProblemLoader Creating init config 
68192      DEBUG main            d.u.i.k.p.i.AbstractProblemLoader Init config took 2.55s 
68228      INFO  main            d.u.i.k.p.i.AbstractProblemLoader Replaying proof Cell[Cell::$footprint()].JML accessible clause.0 
68231      DEBUG main            d.u.i.k.p.i.IntermediateProofReplayer Proof replay took 4.8ns 
68333      INFO  main            d.u.i.k.p.r.p.TestFile    ... finished proof: closed. 
68511      INFO  main            d.u.i.k.p.i.AbstractProblemLoader Loading environment from /home/runner/work/key/key/key.core/../key.ui/examples/heap/SmansEtAl/Cell_footprint.key.proof 
68511      DEBUG main            d.u.i.k.p.i.AbstractProblemLoader Environment load took 114.8ns 
68512      INFO  main            d.u.i.k.p.i.AbstractProblemLoader Creating init config 
71051      DEBUG main            d.u.i.k.p.i.AbstractProblemLoader Init config took 2.54s 
71085      INFO  main            d.u.i.k.p.i.AbstractProblemLoader Replaying proof Cell[Cell::$footprint()].JML accessible clause.0 
71089      DEBUG main            d.u.i.k.p.i.IntermediateProofReplayer Proof replay took 2.86ms 
71090      DEBUG main            d.u.i.k.p.r.p.TestFile    ... success: reloaded. 
71091      INFO  main            d.u.i.k.p.r.p.TestFile    Now processing file /home/runner/work/key/key/key.core/../key.ui/examples/heap/SmansEtAl/Cell_getX_dep.key 
71091      INFO  main            d.u.i.k.p.i.AbstractProblemLoader Loading environment from /home/runner/work/key/key/key.core/../key.ui/examples/heap/SmansEtAl/Cell_getX_dep.key 
71091      DEBUG main            d.u.i.k.p.i.AbstractProblemLoader Environment load took 90.5ns 
71092      INFO  main            d.u.i.k.p.i.AbstractProblemLoader Creating init config 
73708      DEBUG main            d.u.i.k.p.i.AbstractProblemLoader Init config took 2.62s 
73742      INFO  main            d.u.i.k.p.i.AbstractProblemLoader Replaying proof Cell[Cell::getX()].JML accessible clause.0 
73743      DEBUG main            d.u.i.k.p.i.IntermediateProofReplayer Proof replay took 6.1ns 
73849      INFO  main            d.u.i.k.p.r.p.TestFile    ... finished proof: closed. 
74043      INFO  main            d.u.i.k.p.i.AbstractProblemLoader Loading environment from /home/runner/work/key/key/key.core/../key.ui/examples/heap/SmansEtAl/Cell_getX_dep.key.proof 
74043      DEBUG main            d.u.i.k.p.i.AbstractProblemLoader Environment load took 114.7ns 
74045      INFO  main            d.u.i.k.p.i.AbstractProblemLoader Creating init config 
76587      DEBUG main            d.u.i.k.p.i.AbstractProblemLoader Init config took 2.54s 
76621      INFO  main            d.u.i.k.p.i.AbstractProblemLoader Replaying proof Cell[Cell::getX()].JML accessible clause.0 
76632      DEBUG main            d.u.i.k.p.i.IntermediateProofReplayer Proof replay took 9.52ms 
76633      DEBUG main            d.u.i.k.p.r.p.TestFile    ... success: reloaded. 
76634      INFO  main            d.u.i.k.p.r.p.TestFile    Now processing file /home/runner/work/key/key/key.core/../key.ui/examples/heap/SmansEtAl/Cell_getX.key 
76634      INFO  main            d.u.i.k.p.i.AbstractProblemLoader Loading environment from /home/runner/work/key/key/key.core/../key.ui/examples/heap/SmansEtAl/Cell_getX.key 
76634      DEBUG main            d.u.i.k.p.i.AbstractProblemLoader Environment load took 90.1ns 
76635      INFO  main            d.u.i.k.p.i.AbstractProblemLoader Creating init config 
79252      DEBUG main            d.u.i.k.p.i.AbstractProblemLoader Init config took 2.62s 
79286      INFO  main            d.u.i.k.p.i.AbstractProblemLoader Replaying proof Cell[Cell::getX()].JML normal_behavior operation contract.0 
79288      DEBUG main            d.u.i.k.p.i.IntermediateProofReplayer Proof replay took 5.7ns 
79389      INFO  main            d.u.i.k.p.r.p.TestFile    ... finished proof: closed. 
79574      INFO  main            d.u.i.k.p.i.AbstractProblemLoader Loading environment from /home/runner/work/key/key/key.core/../key.ui/examples/heap/SmansEtAl/Cell_getX.key.proof 
79575      DEBUG main            d.u.i.k.p.i.AbstractProblemLoader Environment load took 109.3ns 
79575      INFO  main            d.u.i.k.p.i.AbstractProblemLoader Creating init config 
82126      DEBUG main            d.u.i.k.p.i.AbstractProblemLoader Init config took 2.55s 
82160      INFO  main            d.u.i.k.p.i.AbstractProblemLoader Replaying proof Cell[Cell::getX()].JML normal_behavior operation contract.0 
82172      DEBUG main            d.u.i.k.p.i.IntermediateProofReplayer Proof replay took 9.04ms 
82173      DEBUG main            d.u.i.k.p.r.p.TestFile    ... success: reloaded. 
82174      INFO  main            d.u.i.k.p.r.p.TestFile    Now processing file /home/runner/work/key/key/key.core/../key.ui/examples/heap/SmansEtAl/Cell_inv.key 
82174      INFO  main            d.u.i.k.p.i.AbstractProblemLoader Loading environment from /home/runner/work/key/key/key.core/../key.ui/examples/heap/SmansEtAl/Cell_inv.key 
82174      DEBUG main            d.u.i.k.p.i.AbstractProblemLoader Environment load took 89.3ns 
82175      INFO  main            d.u.i.k.p.i.AbstractProblemLoader Creating init config 
84784      DEBUG main            d.u.i.k.p.i.AbstractProblemLoader Init config took 2.61s 
84818      INFO  main            d.u.i.k.p.i.AbstractProblemLoader Replaying proof Cell[java.lang.Object::<inv>()].JML accessible clause.0 
84819      DEBUG main            d.u.i.k.p.i.IntermediateProofReplayer Proof replay took 5.9ns 
84924      INFO  main            d.u.i.k.p.r.p.TestFile    ... finished proof: closed. 
85114      INFO  main            d.u.i.k.p.i.AbstractProblemLoader Loading environment from /home/runner/work/key/key/key.core/../key.ui/examples/heap/SmansEtAl/Cell_inv.key.proof 
85114      DEBUG main            d.u.i.k.p.i.AbstractProblemLoader Environment load took 106.8ns 
85115      INFO  main            d.u.i.k.p.i.AbstractProblemLoader Creating init config 
87641      DEBUG main            d.u.i.k.p.i.AbstractProblemLoader Init config took 2.53s 
87675      INFO  main            d.u.i.k.p.i.AbstractProblemLoader Replaying proof Cell[java.lang.Object::<inv>()].JML accessible clause.0 
87678      DEBUG main            d.u.i.k.p.i.IntermediateProofReplayer Proof replay took 1.26ms 
87679      DEBUG main            d.u.i.k.p.r.p.TestFile    ... success: reloaded. 
87680      INFO  main            d.u.i.k.p.r.p.TestFile    Now processing file /home/runner/work/key/key/key.core/../key.ui/examples/heap/SmansEtAl/Cell_setX.key 
87680      INFO  main            d.u.i.k.p.i.AbstractProblemLoader Loading environment from /home/runner/work/key/key/key.core/../key.ui/examples/heap/SmansEtAl/Cell_setX.key 
87680      DEBUG main            d.u.i.k.p.i.AbstractProblemLoader Environment load took 186.5ns 
87681      INFO  main            d.u.i.k.p.i.AbstractProblemLoader Creating init config 
90230      DEBUG main            d.u.i.k.p.i.AbstractProblemLoader Init config took 2.55s 
90281      INFO  main            d.u.i.k.p.i.AbstractProblemLoader Replaying proof Cell[Cell::setX(int)].JML normal_behavior operation contract.0 
90283      DEBUG main            d.u.i.k.p.i.IntermediateProofReplayer Proof replay took 5.1ns 
90384      INFO  main            d.u.i.k.p.r.p.TestFile    ... finished proof: closed. 
90579      INFO  main            d.u.i.k.p.i.AbstractProblemLoader Loading environment from /home/runner/work/key/key/key.core/../key.ui/examples/heap/SmansEtAl/Cell_setX.key.proof 
90579      DEBUG main            d.u.i.k.p.i.AbstractProblemLoader Environment load took 104.4ns 
90580      INFO  main            d.u.i.k.p.i.AbstractProblemLoader Creating init config 
93103      DEBUG main            d.u.i.k.p.i.AbstractProblemLoader Init config took 2.52s 
93149      INFO  main            d.u.i.k.p.i.AbstractProblemLoader Replaying proof Cell[Cell::setX(int)].JML normal_behavior operation contract.0 
93168      DEBUG main            d.u.i.k.p.i.IntermediateProofReplayer Proof replay took 17.11ms 
93169      DEBUG main            d.u.i.k.p.r.p.TestFile    ... success: reloaded. 
93170      INFO  main            d.u.i.k.p.r.p.TestFile    Now processing file /home/runner/work/key/key/key.core/../key.ui/examples/heap/SmansEtAl/CellClient_m.key 
93170      INFO  main            d.u.i.k.p.i.AbstractProblemLoader Loading environment from /home/runner/work/key/key/key.core/../key.ui/examples/heap/SmansEtAl/CellClient_m.key 
93170      DEBUG main            d.u.i.k.p.i.AbstractProblemLoader Environment load took 69.7ns 
93171      INFO  main            d.u.i.k.p.i.AbstractProblemLoader Creating init config 
95745      DEBUG main            d.u.i.k.p.i.AbstractProblemLoader Init config took 2.57s 
95801      INFO  main            d.u.i.k.p.i.AbstractProblemLoader Replaying proof CellClient[CellClient::m()].JML operation contract.0 
95804      DEBUG main            d.u.i.k.p.i.IntermediateProofReplayer Proof replay took 5.8ns 
96307      INFO  main            d.u.i.k.p.r.p.TestFile    ... finished proof: closed. 
96527      INFO  main            d.u.i.k.p.i.AbstractProblemLoader Loading environment from /home/runner/work/key/key/key.core/../key.ui/examples/heap/SmansEtAl/CellClient_m.key.proof 
96527      DEBUG main            d.u.i.k.p.i.AbstractProblemLoader Environment load took 109.8ns 
96529      INFO  main            d.u.i.k.p.i.AbstractProblemLoader Creating init config 
99027      DEBUG main            d.u.i.k.p.i.AbstractProblemLoader Init config took 2.5s 
99060      INFO  main            d.u.i.k.p.i.AbstractProblemLoader Replaying proof CellClient[CellClient::m()].JML operation contract.0 
99143      DEBUG main            d.u.i.k.p.i.IntermediateProofReplayer Proof replay took 78.5ms 
99143      DEBUG main            d.u.i.k.p.r.p.TestFile    ... success: reloaded. 
99144      INFO  main            d.u.i.k.p.r.p.TestFile    Now processing file /home/runner/work/key/key/key.core/../key.ui/examples/heap/SmansEtAl/Iterator_footprint.key 
99145      INFO  main            d.u.i.k.p.i.AbstractProblemLoader Loading environment from /home/runner/work/key/key/key.core/../key.ui/examples/heap/SmansEtAl/Iterator_footprint.key 
99145      DEBUG main            d.u.i.k.p.i.AbstractProblemLoader Environment load took 170.1ns 
99146      INFO  main            d.u.i.k.p.i.AbstractProblemLoader Creating init config 
101743     DEBUG main            d.u.i.k.p.i.AbstractProblemLoader Init config took 2.6s 
101779     INFO  main            d.u.i.k.p.i.AbstractProblemLoader Replaying proof Iterator[Iterator::$footprint()].JML accessible clause.0 
101781     DEBUG main            d.u.i.k.p.i.IntermediateProofReplayer Proof replay took 5.4ns 
101884     INFO  main            d.u.i.k.p.r.p.TestFile    ... finished proof: closed. 
102090     INFO  main            d.u.i.k.p.i.AbstractProblemLoader Loading environment from /home/runner/work/key/key/key.core/../key.ui/examples/heap/SmansEtAl/Iterator_footprint.key.proof 
102090     DEBUG main            d.u.i.k.p.i.AbstractProblemLoader Environment load took 111.2ns 
102091     INFO  main            d.u.i.k.p.i.AbstractProblemLoader Creating init config 
104617     DEBUG main            d.u.i.k.p.i.AbstractProblemLoader Init config took 2.53s 
104653     INFO  main            d.u.i.k.p.i.AbstractProblemLoader Replaying proof Iterator[Iterator::$footprint()].JML accessible clause.0 
104662     DEBUG main            d.u.i.k.p.i.IntermediateProofReplayer Proof replay took 4.95ms 
104663     DEBUG main            d.u.i.k.p.r.p.TestFile    ... success: reloaded. 
104665     INFO  main            d.u.i.k.p.r.p.TestFile    Now processing file /home/runner/work/key/key/key.core/../key.ui/examples/heap/SmansEtAl/Iterator_hasNext_dep.key 
104665     INFO  main            d.u.i.k.p.i.AbstractProblemLoader Loading environment from /home/runner/work/key/key/key.core/../key.ui/examples/heap/SmansEtAl/Iterator_hasNext_dep.key 
104665     DEBUG main            d.u.i.k.p.i.AbstractProblemLoader Environment load took 90.7ns 
104666     INFO  main            d.u.i.k.p.i.AbstractProblemLoader Creating init config 
107204     DEBUG main            d.u.i.k.p.i.AbstractProblemLoader Init config took 2.54s 
107239     INFO  main            d.u.i.k.p.i.AbstractProblemLoader Replaying proof Iterator[Iterator::hasNext()].JML accessible clause.0 
107241     DEBUG main            d.u.i.k.p.i.IntermediateProofReplayer Proof replay took 5.6ns 
107858     INFO  main            d.u.i.k.p.r.p.TestFile    ... finished proof: closed. 
108074     INFO  main            d.u.i.k.p.i.AbstractProblemLoader Loading environment from /home/runner/work/key/key/key.core/../key.ui/examples/heap/SmansEtAl/Iterator_hasNext_dep.key.proof 
108075     DEBUG main            d.u.i.k.p.i.AbstractProblemLoader Environment load took 471.59ns 
108076     INFO  main            d.u.i.k.p.i.AbstractProblemLoader Creating init config 
110594     DEBUG main            d.u.i.k.p.i.AbstractProblemLoader Init config took 2.52s 
110630     INFO  main            d.u.i.k.p.i.AbstractProblemLoader Replaying proof Iterator[Iterator::hasNext()].JML accessible clause.0 
110698     DEBUG main            d.u.i.k.p.i.IntermediateProofReplayer Proof replay took 62.46ms 
110699     DEBUG main            d.u.i.k.p.r.p.TestFile    ... success: reloaded. 
110700     INFO  main            d.u.i.k.p.r.p.TestFile    Now processing file /home/runner/work/key/key/key.core/../key.ui/examples/heap/SmansEtAl/Iterator_hasNext.key 
110700     INFO  main            d.u.i.k.p.i.AbstractProblemLoader Loading environment from /home/runner/work/key/key/key.core/../key.ui/examples/heap/SmansEtAl/Iterator_hasNext.key 
110700     DEBUG main            d.u.i.k.p.i.AbstractProblemLoader Environment load took 67.5ns 
110701     INFO  main            d.u.i.k.p.i.AbstractProblemLoader Creating init config 
113287     DEBUG main            d.u.i.k.p.i.AbstractProblemLoader Init config took 2.59s 
113327     INFO  main            d.u.i.k.p.i.AbstractProblemLoader Replaying proof Iterator[Iterator::hasNext()].JML normal_behavior operation contract.0 
113331     DEBUG main            d.u.i.k.p.i.IntermediateProofReplayer Proof replay took 6.1ns 
113836     INFO  main            d.u.i.k.p.r.p.TestFile    ... finished proof: closed. 
114073     INFO  main            d.u.i.k.p.i.AbstractProblemLoader Loading environment from /home/runner/work/key/key/key.core/../key.ui/examples/heap/SmansEtAl/Iterator_hasNext.key.proof 
114073     DEBUG main            d.u.i.k.p.i.AbstractProblemLoader Environment load took 377.59ns 
114074     INFO  main            d.u.i.k.p.i.AbstractProblemLoader Creating init config 
116621     DEBUG main            d.u.i.k.p.i.AbstractProblemLoader Init config took 2.55s 
116656     INFO  main            d.u.i.k.p.i.AbstractProblemLoader Replaying proof Iterator[Iterator::hasNext()].JML normal_behavior operation contract.0 
116721     DEBUG main            d.u.i.k.p.i.IntermediateProofReplayer Proof replay took 58.37ms 
116722     DEBUG main            d.u.i.k.p.r.p.TestFile    ... success: reloaded. 
116722     INFO  main            d.u.i.k.p.r.p.TestFile    Now processing file /home/runner/work/key/key/key.core/../key.ui/examples/heap/SmansEtAl/Iterator_inv.key 
116723     INFO  main            d.u.i.k.p.i.AbstractProblemLoader Loading environment from /home/runner/work/key/key/key.core/../key.ui/examples/heap/SmansEtAl/Iterator_inv.key 
116723     DEBUG main            d.u.i.k.p.i.AbstractProblemLoader Environment load took 85.1ns 
116724     INFO  main            d.u.i.k.p.i.AbstractProblemLoader Creating init config 
119290     DEBUG main            d.u.i.k.p.i.AbstractProblemLoader Init config took 2.57s 
119325     INFO  main            d.u.i.k.p.i.AbstractProblemLoader Replaying proof Iterator[java.lang.Object::<inv>()].JML accessible clause.0 
119326     DEBUG main            d.u.i.k.p.i.IntermediateProofReplayer Proof replay took 6.1ns 
119530     INFO  main            d.u.i.k.p.r.p.TestFile    ... finished proof: closed. 
119755     INFO  main            d.u.i.k.p.i.AbstractProblemLoader Loading environment from /home/runner/work/key/key/key.core/../key.ui/examples/heap/SmansEtAl/Iterator_inv.key.proof 
119755     DEBUG main            d.u.i.k.p.i.AbstractProblemLoader Environment load took 100.9ns 
119756     INFO  main            d.u.i.k.p.i.AbstractProblemLoader Creating init config 
122262     DEBUG main            d.u.i.k.p.i.AbstractProblemLoader Init config took 2.51s 
122297     INFO  main            d.u.i.k.p.i.AbstractProblemLoader Replaying proof Iterator[java.lang.Object::<inv>()].JML accessible clause.0 
122319     DEBUG main            d.u.i.k.p.i.IntermediateProofReplayer Proof replay took 19.25ms 
122323     DEBUG main            d.u.i.k.p.r.p.TestFile    ... success: reloaded. 
122324     INFO  main            d.u.i.k.p.r.p.TestFile    Now processing file /home/runner/work/key/key/key.core/../key.ui/examples/heap/SmansEtAl/Iterator_Iterator.key 
122326     INFO  main            d.u.i.k.p.i.AbstractProblemLoader Loading environment from /home/runner/work/key/key/key.core/../key.ui/examples/heap/SmansEtAl/Iterator_Iterator.key 
122326     DEBUG main            d.u.i.k.p.i.AbstractProblemLoader Environment load took 208.3ns 
122327     INFO  main            d.u.i.k.p.i.AbstractProblemLoader Creating init config 
124911     DEBUG main            d.u.i.k.p.i.AbstractProblemLoader Init config took 2.58s 
124947     INFO  main            d.u.i.k.p.i.AbstractProblemLoader Replaying proof Iterator[Iterator::Iterator(ArrayList)].JML normal_behavior operation contract.0 
124948     DEBUG main            d.u.i.k.p.i.IntermediateProofReplayer Proof replay took 5.9ns 
126155     INFO  main            d.u.i.k.p.r.p.TestFile    ... finished proof: closed. 
126417     INFO  main            d.u.i.k.p.i.AbstractProblemLoader Loading environment from /home/runner/work/key/key/key.core/../key.ui/examples/heap/SmansEtAl/Iterator_Iterator.key.proof 
126417     DEBUG main            d.u.i.k.p.i.AbstractProblemLoader Environment load took 377.19ns 
126419     INFO  main            d.u.i.k.p.i.AbstractProblemLoader Creating init config 
128916     DEBUG main            d.u.i.k.p.i.AbstractProblemLoader Init config took 2.5s 
128951     INFO  main            d.u.i.k.p.i.AbstractProblemLoader Replaying proof Iterator[Iterator::Iterator(ArrayList)].JML normal_behavior operation contract.0 
129093     DEBUG main            d.u.i.k.p.i.IntermediateProofReplayer Proof replay took 127.33ms 
129095     DEBUG main            d.u.i.k.p.r.p.TestFile    ... success: reloaded. 
129096     INFO  main            d.u.i.k.p.r.p.TestFile    Now processing file /home/runner/work/key/key/key.core/../key.ui/examples/heap/SmansEtAl/Iterator_list_dep.key 
129096     INFO  main            d.u.i.k.p.i.AbstractProblemLoader Loading environment from /home/runner/work/key/key/key.core/../key.ui/examples/heap/SmansEtAl/Iterator_list_dep.key 
129096     DEBUG main            d.u.i.k.p.i.AbstractProblemLoader Environment load took 182.5ns 
129097     INFO  main            d.u.i.k.p.i.AbstractProblemLoader Creating init config 
131641     DEBUG main            d.u.i.k.p.i.AbstractProblemLoader Init config took 2.54s 
131676     INFO  main            d.u.i.k.p.i.AbstractProblemLoader Replaying proof Iterator[Iterator::list()].JML accessible clause.0 
131677     DEBUG main            d.u.i.k.p.i.IntermediateProofReplayer Proof replay took 5.5ns 
131780     INFO  main            d.u.i.k.p.r.p.TestFile    ... finished proof: closed. 
132025     INFO  main            d.u.i.k.p.i.AbstractProblemLoader Loading environment from /home/runner/work/key/key/key.core/../key.ui/examples/heap/SmansEtAl/Iterator_list_dep.key.proof 
132026     DEBUG main            d.u.i.k.p.i.AbstractProblemLoader Environment load took 101.1ns 
132026     INFO  main            d.u.i.k.p.i.AbstractProblemLoader Creating init config 
134556     DEBUG main            d.u.i.k.p.i.AbstractProblemLoader Init config took 2.53s 
134591     INFO  main            d.u.i.k.p.i.AbstractProblemLoader Replaying proof Iterator[Iterator::list()].JML accessible clause.0 
134608     DEBUG main            d.u.i.k.p.i.IntermediateProofReplayer Proof replay took 13.25ms 
134609     DEBUG main            d.u.i.k.p.r.p.TestFile    ... success: reloaded. 
134610     INFO  main            d.u.i.k.p.r.p.TestFile    Now processing file /home/runner/work/key/key/key.core/../key.ui/examples/heap/SmansEtAl/Iterator_list.key 
134610     INFO  main            d.u.i.k.p.i.AbstractProblemLoader Loading environment from /home/runner/work/key/key/key.core/../key.ui/examples/heap/SmansEtAl/Iterator_list.key 
134611     DEBUG main            d.u.i.k.p.i.AbstractProblemLoader Environment load took 180.4ns 
134611     INFO  main            d.u.i.k.p.i.AbstractProblemLoader Creating init config 
137143     DEBUG main            d.u.i.k.p.i.AbstractProblemLoader Init config took 2.53s 
137178     INFO  main            d.u.i.k.p.i.AbstractProblemLoader Replaying proof Iterator[Iterator::list()].JML normal_behavior operation contract.0 
137179     DEBUG main            d.u.i.k.p.i.IntermediateProofReplayer Proof replay took 6.2ns 
137281     INFO  main            d.u.i.k.p.r.p.TestFile    ... finished proof: closed. 
137518     INFO  main            d.u.i.k.p.i.AbstractProblemLoader Loading environment from /home/runner/work/key/key/key.core/../key.ui/examples/heap/SmansEtAl/Iterator_list.key.proof 
137518     DEBUG main            d.u.i.k.p.i.AbstractProblemLoader Environment load took 99.6ns 
137519     INFO  main            d.u.i.k.p.i.AbstractProblemLoader Creating init config 
140008     DEBUG main            d.u.i.k.p.i.AbstractProblemLoader Init config took 2.49s 
140044     INFO  main            d.u.i.k.p.i.AbstractProblemLoader Replaying proof Iterator[Iterator::list()].JML normal_behavior operation contract.0 
140057     DEBUG main            d.u.i.k.p.i.IntermediateProofReplayer Proof replay took 11.03ms 
140057     DEBUG main            d.u.i.k.p.r.p.TestFile    ... success: reloaded. 
140058     INFO  main            d.u.i.k.p.r.p.TestFile    Now processing file /home/runner/work/key/key/key.core/../key.ui/examples/heap/SmansEtAl/Iterator_next.key 
140058     INFO  main            d.u.i.k.p.i.AbstractProblemLoader Loading environment from /home/runner/work/key/key/key.core/../key.ui/examples/heap/SmansEtAl/Iterator_next.key 
140059     DEBUG main            d.u.i.k.p.i.AbstractProblemLoader Environment load took 84.5ns 
140059     INFO  main            d.u.i.k.p.i.AbstractProblemLoader Creating init config 
142599     DEBUG main            d.u.i.k.p.i.AbstractProblemLoader Init config took 2.54s 
142650     INFO  main            d.u.i.k.p.i.AbstractProblemLoader Replaying proof Iterator[Iterator::next()].JML normal_behavior operation contract.0 
142651     DEBUG main            d.u.i.k.p.i.IntermediateProofReplayer Proof replay took 5.6ns 
145062     INFO  main            d.u.i.k.p.r.p.TestFile    ... finished proof: closed. 
145335     INFO  main            d.u.i.k.p.i.AbstractProblemLoader Loading environment from /home/runner/work/key/key/key.core/../key.ui/examples/heap/SmansEtAl/Iterator_next.key.proof 
145336     DEBUG main            d.u.i.k.p.i.AbstractProblemLoader Environment load took 385.09ns 
145337     INFO  main            d.u.i.k.p.i.AbstractProblemLoader Creating init config 
147845     DEBUG main            d.u.i.k.p.i.AbstractProblemLoader Init config took 2.51s 
147890     INFO  main            d.u.i.k.p.i.AbstractProblemLoader Replaying proof Iterator[Iterator::next()].JML normal_behavior operation contract.0 
148106     DEBUG main            d.u.i.k.p.i.IntermediateProofReplayer Proof replay took 198.07ms 
148108     DEBUG main            d.u.i.k.p.r.p.TestFile    ... success: reloaded. 
148109     INFO  main            d.u.i.k.p.r.p.TestFile    Now processing file /home/runner/work/key/key/key.core/../key.ui/examples/heap/SmansEtAl/Stack_footprint.key 
148109     INFO  main            d.u.i.k.p.i.AbstractProblemLoader Loading environment from /home/runner/work/key/key/key.core/../key.ui/examples/heap/SmansEtAl/Stack_footprint.key 
148109     DEBUG main            d.u.i.k.p.i.AbstractProblemLoader Environment load took 204.5ns 
148110     INFO  main            d.u.i.k.p.i.AbstractProblemLoader Creating init config 
150641     DEBUG main            d.u.i.k.p.i.AbstractProblemLoader Init config took 2.53s 
150674     INFO  main            d.u.i.k.p.i.AbstractProblemLoader Replaying proof Stack[Stack::$footprint()].JML accessible clause.0 
150676     DEBUG main            d.u.i.k.p.i.IntermediateProofReplayer Proof replay took 6.2ns 
150881     INFO  main            d.u.i.k.p.r.p.TestFile    ... finished proof: closed. 
151160     INFO  main            d.u.i.k.p.i.AbstractProblemLoader Loading environment from /home/runner/work/key/key/key.core/../key.ui/examples/heap/SmansEtAl/Stack_footprint.key.proof 
151160     DEBUG main            d.u.i.k.p.i.AbstractProblemLoader Environment load took 110.4ns 
151161     INFO  main            d.u.i.k.p.i.AbstractProblemLoader Creating init config 
153760     DEBUG main            d.u.i.k.p.i.AbstractProblemLoader Init config took 2.6s 
153793     INFO  main            d.u.i.k.p.i.AbstractProblemLoader Replaying proof Stack[Stack::$footprint()].JML accessible clause.0 
153813     DEBUG main            d.u.i.k.p.i.IntermediateProofReplayer Proof replay took 17.49ms 
153814     DEBUG main            d.u.i.k.p.r.p.TestFile    ... success: reloaded. 
153815     INFO  main            d.u.i.k.p.r.p.TestFile    Now processing file /home/runner/work/key/key/key.core/../key.ui/examples/heap/SmansEtAl/Stack_inv.key 
153815     INFO  main            d.u.i.k.p.i.AbstractProblemLoader Loading environment from /home/runner/work/key/key/key.core/../key.ui/examples/heap/SmansEtAl/Stack_inv.key 
153815     DEBUG main            d.u.i.k.p.i.AbstractProblemLoader Environment load took 199.4ns 
153816     INFO  main            d.u.i.k.p.i.AbstractProblemLoader Creating init config 
156361     DEBUG main            d.u.i.k.p.i.AbstractProblemLoader Init config took 2.54s 
156394     INFO  main            d.u.i.k.p.i.AbstractProblemLoader Replaying proof Stack[java.lang.Object::<inv>()].JML accessible clause.0 
156395     DEBUG main            d.u.i.k.p.i.IntermediateProofReplayer Proof replay took 5.8ns 
156497     INFO  main            d.u.i.k.p.r.p.TestFile    ... finished proof: closed. 
156754     INFO  main            d.u.i.k.p.i.AbstractProblemLoader Loading environment from /home/runner/work/key/key/key.core/../key.ui/examples/heap/SmansEtAl/Stack_inv.key.proof 
156755     DEBUG main            d.u.i.k.p.i.AbstractProblemLoader Environment load took 109.3ns 
156755     INFO  main            d.u.i.k.p.i.AbstractProblemLoader Creating init config 
159231     DEBUG main            d.u.i.k.p.i.AbstractProblemLoader Init config took 2.48s 
159264     INFO  main            d.u.i.k.p.i.AbstractProblemLoader Replaying proof Stack[java.lang.Object::<inv>()].JML accessible clause.0 
159273     DEBUG main            d.u.i.k.p.i.IntermediateProofReplayer Proof replay took 7.11ms 
159273     DEBUG main            d.u.i.k.p.r.p.TestFile    ... success: reloaded. 
159274     INFO  main            d.u.i.k.p.r.p.TestFile    Now processing file /home/runner/work/key/key/key.core/../key.ui/examples/heap/SmansEtAl/Stack_push.key 
159275     INFO  main            d.u.i.k.p.i.AbstractProblemLoader Loading environment from /home/runner/work/key/key/key.core/../key.ui/examples/heap/SmansEtAl/Stack_push.key 
159275     DEBUG main            d.u.i.k.p.i.AbstractProblemLoader Environment load took 192.8ns 
159275     INFO  main            d.u.i.k.p.i.AbstractProblemLoader Creating init config 
161810     DEBUG main            d.u.i.k.p.i.AbstractProblemLoader Init config took 2.53s 
161844     INFO  main            d.u.i.k.p.i.AbstractProblemLoader Replaying proof Stack[Stack::push(java.lang.Object)].JML normal_behavior operation contract.0 
161846     DEBUG main            d.u.i.k.p.i.IntermediateProofReplayer Proof replay took 5.7ns 
162548     INFO  main            d.u.i.k.p.r.p.TestFile    ... finished proof: closed. 
162809     INFO  main            d.u.i.k.p.i.AbstractProblemLoader Loading environment from /home/runner/work/key/key/key.core/../key.ui/examples/heap/SmansEtAl/Stack_push.key.proof 
162809     DEBUG main            d.u.i.k.p.i.AbstractProblemLoader Environment load took 142.1ns 
162810     INFO  main            d.u.i.k.p.i.AbstractProblemLoader Creating init config 
165287     DEBUG main            d.u.i.k.p.i.AbstractProblemLoader Init config took 2.48s 
165322     INFO  main            d.u.i.k.p.i.AbstractProblemLoader Replaying proof Stack[Stack::push(java.lang.Object)].JML normal_behavior operation contract.0 
165410     DEBUG main            d.u.i.k.p.i.IntermediateProofReplayer Proof replay took 83.21ms 
165410     DEBUG main            d.u.i.k.p.r.p.TestFile    ... success: reloaded. 
165411     INFO  main            d.u.i.k.p.r.p.TestFile    Now processing file /home/runner/work/key/key/key.core/../key.ui/examples/heap/SmansEtAl/Stack_size.key 
165412     INFO  main            d.u.i.k.p.i.AbstractProblemLoader Loading environment from /home/runner/work/key/key/key.core/../key.ui/examples/heap/SmansEtAl/Stack_size.key 
165412     DEBUG main            d.u.i.k.p.i.AbstractProblemLoader Environment load took 71.3ns 
165412     INFO  main            d.u.i.k.p.i.AbstractProblemLoader Creating init config 
167961     DEBUG main            d.u.i.k.p.i.AbstractProblemLoader Init config took 2.55s 
168013     INFO  main            d.u.i.k.p.i.AbstractProblemLoader Replaying proof Stack[Stack::size()].JML accessible clause.0 
168015     DEBUG main            d.u.i.k.p.i.IntermediateProofReplayer Proof replay took 6ns 
168221     INFO  main            d.u.i.k.p.r.p.TestFile    ... finished proof: closed. 
168490     INFO  main            d.u.i.k.p.i.AbstractProblemLoader Loading environment from /home/runner/work/key/key/key.core/../key.ui/examples/heap/SmansEtAl/Stack_size.key.proof 
168490     DEBUG main            d.u.i.k.p.i.AbstractProblemLoader Environment load took 94.9ns 
168491     INFO  main            d.u.i.k.p.i.AbstractProblemLoader Creating init config 
170967     DEBUG main            d.u.i.k.p.i.AbstractProblemLoader Init config took 2.48s 
171001     INFO  main            d.u.i.k.p.i.AbstractProblemLoader Replaying proof Stack[Stack::size()].JML accessible clause.0 
171036     DEBUG main            d.u.i.k.p.i.IntermediateProofReplayer Proof replay took 32.07ms 
171037     DEBUG main            d.u.i.k.p.r.p.TestFile    ... success: reloaded. 
171038     INFO  main            d.u.i.k.p.r.p.TestFile    Now processing file /home/runner/work/key/key/key.core/../key.ui/examples/heap/SmansEtAl/Stack_Stack.key 
171038     INFO  main            d.u.i.k.p.i.AbstractProblemLoader Loading environment from /home/runner/work/key/key/key.core/../key.ui/examples/heap/SmansEtAl/Stack_Stack.key 
171038     DEBUG main            d.u.i.k.p.i.AbstractProblemLoader Environment load took 182.2ns 
171040     INFO  main            d.u.i.k.p.i.AbstractProblemLoader Creating init config 
173600     DEBUG main            d.u.i.k.p.i.AbstractProblemLoader Init config took 2.56s 
173634     INFO  main            d.u.i.k.p.i.AbstractProblemLoader Replaying proof Stack[Stack::Stack()].JML normal_behavior operation contract.0 
173635     DEBUG main            d.u.i.k.p.i.IntermediateProofReplayer Proof replay took 5.9ns 
174644     INFO  main            d.u.i.k.p.r.p.TestFile    ... finished proof: closed. 
174916     INFO  main            d.u.i.k.p.i.AbstractProblemLoader Loading environment from /home/runner/work/key/key/key.core/../key.ui/examples/heap/SmansEtAl/Stack_Stack.key.proof 
174916     DEBUG main            d.u.i.k.p.i.AbstractProblemLoader Environment load took 393.6ns 
174917     INFO  main            d.u.i.k.p.i.AbstractProblemLoader Creating init config 
177397     DEBUG main            d.u.i.k.p.i.AbstractProblemLoader Init config took 2.48s 
177431     INFO  main            d.u.i.k.p.i.AbstractProblemLoader Replaying proof Stack[Stack::Stack()].JML normal_behavior operation contract.0 
177574     DEBUG main            d.u.i.k.p.i.IntermediateProofReplayer Proof replay took 135.3ms 
177574     DEBUG main            d.u.i.k.p.r.p.TestFile    ... success: reloaded. 
177575     INFO  main            d.u.i.k.p.r.p.TestFile    Now processing file /home/runner/work/key/key/key.core/../key.ui/examples/heap/SmansEtAl/Stack_switchContents.key 
177575     INFO  main            d.u.i.k.p.i.AbstractProblemLoader Loading environment from /home/runner/work/key/key/key.core/../key.ui/examples/heap/SmansEtAl/Stack_switchContents.key 
177575     DEBUG main            d.u.i.k.p.i.AbstractProblemLoader Environment load took 47.8ns 
177576     INFO  main            d.u.i.k.p.i.AbstractProblemLoader Creating init config 
180109     DEBUG main            d.u.i.k.p.i.AbstractProblemLoader Init config took 2.53s 
180143     INFO  main            d.u.i.k.p.i.AbstractProblemLoader Replaying proof Stack[Stack::switchContents(Stack)].JML normal_behavior operation contract.0 
180144     DEBUG main            d.u.i.k.p.i.IntermediateProofReplayer Proof replay took 5.5ns 
184353     INFO  main            d.u.i.k.p.r.p.TestFile    ... finished proof: closed. 
184650     INFO  main            d.u.i.k.p.i.AbstractProblemLoader Loading environment from /home/runner/work/key/key/key.core/../key.ui/examples/heap/SmansEtAl/Stack_switchContents.key.proof 
184650     DEBUG main            d.u.i.k.p.i.AbstractProblemLoader Environment load took 158.8ns 
184655     INFO  main            d.u.i.k.p.i.AbstractProblemLoader Creating init config 
187159     DEBUG main            d.u.i.k.p.i.AbstractProblemLoader Init config took 2.5s 
187194     INFO  main            d.u.i.k.p.i.AbstractProblemLoader Replaying proof Stack[Stack::switchContents(Stack)].JML normal_behavior operation contract.0 
187467     DEBUG main            d.u.i.k.p.i.IntermediateProofReplayer Proof replay took 255.96ms 
187468     DEBUG main            d.u.i.k.p.r.p.TestFile    ... success: reloaded. 
1951837    INFO  Test worker     d.u.i.k.p.r.RunAllProofsTestUnit Returning from test SmansEtAl 
1951837    INFO  Test worker     d.u.i.k.p.r.RunAllProofsTestUnit Running test VACID0 
332        INFO  Timeout watchdog d.u.i.k.p.r.p.ForkedTestFileRunner Timeout watcher launched (2000 secs.) 
340        WARN  main            d.u.i.k.s.ProofSettings   The settings in /home/runner/.key/proof-settings.props are *not* read. 
386        INFO  main            d.u.i.k.p.r.p.TestFile    Now processing file /home/runner/work/key/key/key.core/../key.ui/examples/heap/vacid0_01_SparseArray/Harness_sparseArrayTestHarness1.key 
541        INFO  main            d.u.i.k.p.i.AbstractProblemLoader Loading environment from /home/runner/work/key/key/key.core/../key.ui/examples/heap/vacid0_01_SparseArray/Harness_sparseArrayTestHarness1.key 
567        DEBUG main            d.u.i.k.p.i.AbstractProblemLoader Environment load took 2.38ms 
770        INFO  main            d.u.i.k.p.i.AbstractProblemLoader Creating init config 
1706       DEBUG main            d.u.i.k.j.TypeConverter   No LDT found for Meta 
1707       DEBUG main            d.u.i.k.j.TypeConverter   No LDT found for Meta 
1708       DEBUG main            d.u.i.k.j.TypeConverter   No LDT found for Meta 
1709       DEBUG main            d.u.i.k.j.TypeConverter   No LDT found for Meta 
2939       DEBUG main            d.u.i.k.j.TypeConverter   No LDT found for JavaBigintExpression 
8075       DEBUG main            d.u.i.k.p.i.AbstractProblemLoader Init config took 7.3s 
8189       INFO  main            d.u.i.k.p.i.AbstractProblemLoader Replaying proof Harness[Harness::sparseArrayTestHarness1()].JML normal_behavior operation contract.0 
8219       DEBUG main            d.u.i.k.p.i.IntermediateProofReplayer Proof replay took 31.5ns 
9591       INFO  main            d.u.i.k.p.r.p.TestFile    ... finished proof: closed. 
9711       INFO  main            d.u.i.k.p.i.AbstractProblemLoader Loading environment from /home/runner/work/key/key/key.core/../key.ui/examples/heap/vacid0_01_SparseArray/Harness_sparseArrayTestHarness1.key.proof 
9716       DEBUG main            d.u.i.k.p.i.AbstractProblemLoader Environment load took 4.61ms 
9718       INFO  main            d.u.i.k.p.i.AbstractProblemLoader Creating init config 
12593      DEBUG main            d.u.i.k.p.i.AbstractProblemLoader Init config took 2.87s 
12656      INFO  main            d.u.i.k.p.i.AbstractProblemLoader Replaying proof Harness[Harness::sparseArrayTestHarness1()].JML normal_behavior operation contract.0 
12840      DEBUG main            d.u.i.k.p.i.IntermediateProofReplayer Proof replay took 175.65ms 
12847      DEBUG main            d.u.i.k.p.r.p.TestFile    ... success: reloaded. 
12849      INFO  main            d.u.i.k.p.r.p.TestFile    Now processing file /home/runner/work/key/key/key.core/../key.ui/examples/heap/vacid0_01_SparseArray/Harness_sparseArrayTestHarness2.key 
12849      INFO  main            d.u.i.k.p.i.AbstractProblemLoader Loading environment from /home/runner/work/key/key/key.core/../key.ui/examples/heap/vacid0_01_SparseArray/Harness_sparseArrayTestHarness2.key 
12849      DEBUG main            d.u.i.k.p.i.AbstractProblemLoader Environment load took 212.1ns 
12851      INFO  main            d.u.i.k.p.i.AbstractProblemLoader Creating init config 
15621      DEBUG main            d.u.i.k.p.i.AbstractProblemLoader Init config took 2.77s 
15678      INFO  main            d.u.i.k.p.i.AbstractProblemLoader Replaying proof Harness[Harness::sparseArrayTestHarness2()].JML normal_behavior operation contract.0 
15681      DEBUG main            d.u.i.k.p.i.IntermediateProofReplayer Proof replay took 5.6ns 
26339      INFO  main            d.u.i.k.p.r.p.TestFile    ... finished proof: closed. 
26579      INFO  main            d.u.i.k.p.i.AbstractProblemLoader Loading environment from /home/runner/work/key/key/key.core/../key.ui/examples/heap/vacid0_01_SparseArray/Harness_sparseArrayTestHarness2.key.proof 
26580      DEBUG main            d.u.i.k.p.i.AbstractProblemLoader Environment load took 637.39ns 
26590      INFO  main            d.u.i.k.p.i.AbstractProblemLoader Creating init config 
29231      DEBUG main            d.u.i.k.p.i.AbstractProblemLoader Init config took 2.64s 
29277      INFO  main            d.u.i.k.p.i.AbstractProblemLoader Replaying proof Harness[Harness::sparseArrayTestHarness2()].JML normal_behavior operation contract.0 
30186      DEBUG main            d.u.i.k.p.i.IntermediateProofReplayer Proof replay took 858.03ms 
30189      DEBUG main            d.u.i.k.p.r.p.TestFile    ... success: reloaded. 
30191      INFO  main            d.u.i.k.p.r.p.TestFile    Now processing file /home/runner/work/key/key/key.core/../key.ui/examples/heap/vacid0_01_SparseArray/MemoryAllocator_alloc_unsigned.key 
30191      INFO  main            d.u.i.k.p.i.AbstractProblemLoader Loading environment from /home/runner/work/key/key/key.core/../key.ui/examples/heap/vacid0_01_SparseArray/MemoryAllocator_alloc_unsigned.key 
30192      DEBUG main            d.u.i.k.p.i.AbstractProblemLoader Environment load took 233.2ns 
30194      INFO  main            d.u.i.k.p.i.AbstractProblemLoader Creating init config 
32935      DEBUG main            d.u.i.k.p.i.AbstractProblemLoader Init config took 2.74s 
32978      INFO  main            d.u.i.k.p.i.AbstractProblemLoader Replaying proof MemoryAllocator[MemoryAllocator::alloc_unsigned(int)].JML normal_behavior operation contract.0 
32980      DEBUG main            d.u.i.k.p.i.IntermediateProofReplayer Proof replay took 5ns 
33786      INFO  main            d.u.i.k.p.r.p.TestFile    ... finished proof: closed. 
33950      INFO  main            d.u.i.k.p.i.AbstractProblemLoader Loading environment from /home/runner/work/key/key/key.core/../key.ui/examples/heap/vacid0_01_SparseArray/MemoryAllocator_alloc_unsigned.key.proof 
33951      DEBUG main            d.u.i.k.p.i.AbstractProblemLoader Environment load took 513.79ns 
33952      INFO  main            d.u.i.k.p.i.AbstractProblemLoader Creating init config 
36556      DEBUG main            d.u.i.k.p.i.AbstractProblemLoader Init config took 2.6s 
36598      INFO  main            d.u.i.k.p.i.AbstractProblemLoader Replaying proof MemoryAllocator[MemoryAllocator::alloc_unsigned(int)].JML normal_behavior operation contract.0 
36732      DEBUG main            d.u.i.k.p.i.IntermediateProofReplayer Proof replay took 128.73ms 
36733      DEBUG main            d.u.i.k.p.r.p.TestFile    ... success: reloaded. 
36735      INFO  main            d.u.i.k.p.r.p.TestFile    Now processing file /home/runner/work/key/key/key.core/../key.ui/examples/heap/vacid0_01_SparseArray/MemoryAllocator_alloc.key 
36735      INFO  main            d.u.i.k.p.i.AbstractProblemLoader Loading environment from /home/runner/work/key/key/key.core/../key.ui/examples/heap/vacid0_01_SparseArray/MemoryAllocator_alloc.key 
36735      DEBUG main            d.u.i.k.p.i.AbstractProblemLoader Environment load took 185.2ns 
36736      INFO  main            d.u.i.k.p.i.AbstractProblemLoader Creating init config 
39386      DEBUG main            d.u.i.k.p.i.AbstractProblemLoader Init config took 2.65s 
39425      INFO  main            d.u.i.k.p.i.AbstractProblemLoader Replaying proof MemoryAllocator[MemoryAllocator::alloc(int)].JML normal_behavior operation contract.0 
39427      DEBUG main            d.u.i.k.p.i.IntermediateProofReplayer Proof replay took 5ns 
39930      INFO  main            d.u.i.k.p.r.p.TestFile    ... finished proof: closed. 
40077      INFO  main            d.u.i.k.p.i.AbstractProblemLoader Loading environment from /home/runner/work/key/key/key.core/../key.ui/examples/heap/vacid0_01_SparseArray/MemoryAllocator_alloc.key.proof 
40078      DEBUG main            d.u.i.k.p.i.AbstractProblemLoader Environment load took 417.49ns 
40079      INFO  main            d.u.i.k.p.i.AbstractProblemLoader Creating init config 
42722      DEBUG main            d.u.i.k.p.i.AbstractProblemLoader Init config took 2.64s 
42761      INFO  main            d.u.i.k.p.i.AbstractProblemLoader Replaying proof MemoryAllocator[MemoryAllocator::alloc(int)].JML normal_behavior operation contract.0 
42851      DEBUG main            d.u.i.k.p.i.IntermediateProofReplayer Proof replay took 85.17ms 
42852      DEBUG main            d.u.i.k.p.r.p.TestFile    ... success: reloaded. 
42853      INFO  main            d.u.i.k.p.r.p.TestFile    Now processing file /home/runner/work/key/key/key.core/../key.ui/examples/heap/vacid0_01_SparseArray/SparseArray_get_dep.key 
42853      INFO  main            d.u.i.k.p.i.AbstractProblemLoader Loading environment from /home/runner/work/key/key/key.core/../key.ui/examples/heap/vacid0_01_SparseArray/SparseArray_get_dep.key 
42854      DEBUG main            d.u.i.k.p.i.AbstractProblemLoader Environment load took 191.4ns 
42855      INFO  main            d.u.i.k.p.i.AbstractProblemLoader Creating init config 
45459      DEBUG main            d.u.i.k.p.i.AbstractProblemLoader Init config took 2.6s 
45518      INFO  main            d.u.i.k.p.i.AbstractProblemLoader Replaying proof SparseArray[SparseArray::get(int)].JML accessible clause.0 
45520      DEBUG main            d.u.i.k.p.i.IntermediateProofReplayer Proof replay took 5ns 
47531      INFO  main            d.u.i.k.p.r.p.TestFile    ... finished proof: closed. 
47723      INFO  main            d.u.i.k.p.i.AbstractProblemLoader Loading environment from /home/runner/work/key/key/key.core/../key.ui/examples/heap/vacid0_01_SparseArray/SparseArray_get_dep.key.proof 
47723      DEBUG main            d.u.i.k.p.i.AbstractProblemLoader Environment load took 435.59ns 
47725      INFO  main            d.u.i.k.p.i.AbstractProblemLoader Creating init config 
50325      DEBUG main            d.u.i.k.p.i.AbstractProblemLoader Init config took 2.6s 
50379      INFO  main            d.u.i.k.p.i.AbstractProblemLoader Replaying proof SparseArray[SparseArray::get(int)].JML accessible clause.0 
50534      DEBUG main            d.u.i.k.p.i.IntermediateProofReplayer Proof replay took 144.5ms 
50536      DEBUG main            d.u.i.k.p.r.p.TestFile    ... success: reloaded. 
50537      INFO  main            d.u.i.k.p.r.p.TestFile    Now processing file /home/runner/work/key/key/key.core/../key.ui/examples/heap/vacid0_01_SparseArray/SparseArray_get.key 
50537      INFO  main            d.u.i.k.p.i.AbstractProblemLoader Loading environment from /home/runner/work/key/key/key.core/../key.ui/examples/heap/vacid0_01_SparseArray/SparseArray_get.key 
50537      DEBUG main            d.u.i.k.p.i.AbstractProblemLoader Environment load took 129.7ns 
50538      INFO  main            d.u.i.k.p.i.AbstractProblemLoader Creating init config 
53153      DEBUG main            d.u.i.k.p.i.AbstractProblemLoader Init config took 2.61s 
53210      INFO  main            d.u.i.k.p.i.AbstractProblemLoader Replaying proof SparseArray[SparseArray::get(int)].JML normal_behavior operation contract.0 
53212      DEBUG main            d.u.i.k.p.i.IntermediateProofReplayer Proof replay took 5.6ns 
55149      INFO  main            d.u.i.k.p.r.p.TestFile    ... finished proof: closed. 
55382      INFO  main            d.u.i.k.p.i.AbstractProblemLoader Loading environment from /home/runner/work/key/key/key.core/../key.ui/examples/heap/vacid0_01_SparseArray/SparseArray_get.key.proof 
55382      DEBUG main            d.u.i.k.p.i.AbstractProblemLoader Environment load took 390.89ns 
55384      INFO  main            d.u.i.k.p.i.AbstractProblemLoader Creating init config 
57984      DEBUG main            d.u.i.k.p.i.AbstractProblemLoader Init config took 2.6s 
58042      INFO  main            d.u.i.k.p.i.AbstractProblemLoader Replaying proof SparseArray[SparseArray::get(int)].JML normal_behavior operation contract.0 
58193      DEBUG main            d.u.i.k.p.i.IntermediateProofReplayer Proof replay took 143.29ms 
58194      DEBUG main            d.u.i.k.p.r.p.TestFile    ... success: reloaded. 
58196      INFO  main            d.u.i.k.p.r.p.TestFile    Now processing file /home/runner/work/key/key/key.core/../key.ui/examples/heap/vacid0_01_SparseArray/SparseArray_inv.key 
58196      INFO  main            d.u.i.k.p.i.AbstractProblemLoader Loading environment from /home/runner/work/key/key/key.core/../key.ui/examples/heap/vacid0_01_SparseArray/SparseArray_inv.key 
58196      DEBUG main            d.u.i.k.p.i.AbstractProblemLoader Environment load took 190.6ns 
58197      INFO  main            d.u.i.k.p.i.AbstractProblemLoader Creating init config 
60753      DEBUG main            d.u.i.k.p.i.AbstractProblemLoader Init config took 2.56s 
60809      INFO  main            d.u.i.k.p.i.AbstractProblemLoader Replaying proof SparseArray[java.lang.Object::<inv>()].JML accessible clause.0 
60811      DEBUG main            d.u.i.k.p.i.IntermediateProofReplayer Proof replay took 4.9ns 
62517      INFO  main            d.u.i.k.p.r.p.TestFile    ... finished proof: closed. 
62693      INFO  main            d.u.i.k.p.i.AbstractProblemLoader Loading environment from /home/runner/work/key/key/key.core/../key.ui/examples/heap/vacid0_01_SparseArray/SparseArray_inv.key.proof 
62697      DEBUG main            d.u.i.k.p.i.AbstractProblemLoader Environment load took 3.59ms 
62698      INFO  main            d.u.i.k.p.i.AbstractProblemLoader Creating init config 
65250      DEBUG main            d.u.i.k.p.i.AbstractProblemLoader Init config took 2.55s 
65302      INFO  main            d.u.i.k.p.i.AbstractProblemLoader Replaying proof SparseArray[java.lang.Object::<inv>()].JML accessible clause.0 
65362      DEBUG main            d.u.i.k.p.i.IntermediateProofReplayer Proof replay took 54.86ms 
65363      DEBUG main            d.u.i.k.p.r.p.TestFile    ... success: reloaded. 
65364      INFO  main            d.u.i.k.p.r.p.TestFile    Now processing file /home/runner/work/key/key/key.core/../key.ui/examples/heap/vacid0_01_SparseArray/SparseArray_SparseArray.key 
65372      INFO  main            d.u.i.k.p.i.AbstractProblemLoader Loading environment from /home/runner/work/key/key/key.core/../key.ui/examples/heap/vacid0_01_SparseArray/SparseArray_SparseArray.key 
65372      DEBUG main            d.u.i.k.p.i.AbstractProblemLoader Environment load took 220.2ns 
65373      INFO  main            d.u.i.k.p.i.AbstractProblemLoader Creating init config 
67928      DEBUG main            d.u.i.k.p.i.AbstractProblemLoader Init config took 2.55s 
67981      INFO  main            d.u.i.k.p.i.AbstractProblemLoader Replaying proof SparseArray[SparseArray::SparseArray(int)].JML normal_behavior operation contract.0 
67982      DEBUG main            d.u.i.k.p.i.IntermediateProofReplayer Proof replay took 5.7ns 
70914      INFO  main            d.u.i.k.p.r.p.TestFile    ... finished proof: closed. 
71203      INFO  main            d.u.i.k.p.i.AbstractProblemLoader Loading environment from /home/runner/work/key/key/key.core/../key.ui/examples/heap/vacid0_01_SparseArray/SparseArray_SparseArray.key.proof 
71204      DEBUG main            d.u.i.k.p.i.AbstractProblemLoader Environment load took 713.99ns 
71205      INFO  main            d.u.i.k.p.i.AbstractProblemLoader Creating init config 
73749      DEBUG main            d.u.i.k.p.i.AbstractProblemLoader Init config took 2.54s 
73811      INFO  main            d.u.i.k.p.i.AbstractProblemLoader Replaying proof SparseArray[SparseArray::SparseArray(int)].JML normal_behavior operation contract.0 
74084      DEBUG main            d.u.i.k.p.i.IntermediateProofReplayer Proof replay took 262.87ms 
74085      DEBUG main            d.u.i.k.p.r.p.TestFile    ... success: reloaded. 
2026086    INFO  Test worker     d.u.i.k.p.r.RunAllProofsTestUnit Returning from test VACID0 
2026088    INFO  Test worker     d.u.i.k.p.r.RunAllProofsTestUnit Running test VSTTE10 
323        INFO  Timeout watchdog d.u.i.k.p.r.p.ForkedTestFileRunner Timeout watcher launched (2000 secs.) 
332        WARN  main            d.u.i.k.s.ProofSettings   The settings in /home/runner/.key/proof-settings.props are *not* read. 
358        INFO  main            d.u.i.k.p.r.p.TestFile    Now processing file /home/runner/work/key/key/key.core/../key.ui/examples/heap/vstte10_01_SumAndMax/SumAndMax_sumAndMax.key 
473        INFO  main            d.u.i.k.p.i.AbstractProblemLoader Loading environment from /home/runner/work/key/key/key.core/../key.ui/examples/heap/vstte10_01_SumAndMax/SumAndMax_sumAndMax.key 
493        DEBUG main            d.u.i.k.p.i.AbstractProblemLoader Environment load took 1.95ms 
705        INFO  main            d.u.i.k.p.i.AbstractProblemLoader Creating init config 
1488       DEBUG main            d.u.i.k.j.TypeConverter   No LDT found for Meta 
1491       DEBUG main            d.u.i.k.j.TypeConverter   No LDT found for Meta 
1495       DEBUG main            d.u.i.k.j.TypeConverter   No LDT found for Meta 
1495       DEBUG main            d.u.i.k.j.TypeConverter   No LDT found for Meta 
2871       DEBUG main            d.u.i.k.j.TypeConverter   No LDT found for JavaBigintExpression 
7886       DEBUG main            d.u.i.k.p.i.AbstractProblemLoader Init config took 7.18s 
8054       INFO  main            d.u.i.k.p.i.AbstractProblemLoader Replaying proof SumAndMax[SumAndMax::sumAndMax([I)].JML normal_behavior operation contract.0 
8089       DEBUG main            d.u.i.k.p.i.IntermediateProofReplayer Proof replay took 29.7ns 
13260      INFO  main            d.u.i.k.p.r.p.TestFile    ... finished proof: closed. 
13484      INFO  main            d.u.i.k.p.i.AbstractProblemLoader Loading environment from /home/runner/work/key/key/key.core/../key.ui/examples/heap/vstte10_01_SumAndMax/SumAndMax_sumAndMax.key.proof 
13484      DEBUG main            d.u.i.k.p.i.AbstractProblemLoader Environment load took 149.4ns 
13492      INFO  main            d.u.i.k.p.i.AbstractProblemLoader Creating init config 
16215      DEBUG main            d.u.i.k.p.i.AbstractProblemLoader Init config took 2.72s 
16284      INFO  main            d.u.i.k.p.i.AbstractProblemLoader Replaying proof SumAndMax[SumAndMax::sumAndMax([I)].JML normal_behavior operation contract.0 
16724      DEBUG main            d.u.i.k.p.i.IntermediateProofReplayer Proof replay took 418.41ms 
16732      DEBUG main            d.u.i.k.p.r.p.TestFile    ... success: reloaded. 
16749      INFO  main            d.u.i.k.p.r.p.TestFile    Now processing file /home/runner/work/key/key/key.core/../key.ui/examples/heap/vstte10_03_LinkedList/Node_cons.key 
16750      INFO  main            d.u.i.k.p.i.AbstractProblemLoader Loading environment from /home/runner/work/key/key/key.core/../key.ui/examples/heap/vstte10_03_LinkedList/Node_cons.key 
16751      DEBUG main            d.u.i.k.p.i.AbstractProblemLoader Environment load took 269ns 
16752      INFO  main            d.u.i.k.p.i.AbstractProblemLoader Creating init config 
19521      DEBUG main            d.u.i.k.p.i.AbstractProblemLoader Init config took 2.77s 
19584      INFO  main            d.u.i.k.p.i.AbstractProblemLoader Replaying proof Node[Node::cons(int,Node)].JML normal_behavior operation contract.0 
19593      DEBUG main            d.u.i.k.p.i.IntermediateProofReplayer Proof replay took 5.9ns 
21201      INFO  main            d.u.i.k.p.r.p.TestFile    ... finished proof: closed. 
21360      INFO  main            d.u.i.k.p.i.AbstractProblemLoader Loading environment from /home/runner/work/key/key/key.core/../key.ui/examples/heap/vstte10_03_LinkedList/Node_cons.key.proof 
21362      DEBUG main            d.u.i.k.p.i.AbstractProblemLoader Environment load took 1.93ms 
21365      INFO  main            d.u.i.k.p.i.AbstractProblemLoader Creating init config 
23976      DEBUG main            d.u.i.k.p.i.AbstractProblemLoader Init config took 2.61s 
24031      INFO  main            d.u.i.k.p.i.AbstractProblemLoader Replaying proof Node[Node::cons(int,Node)].JML normal_behavior operation contract.0 
24219      DEBUG main            d.u.i.k.p.i.IntermediateProofReplayer Proof replay took 174.69ms 
24221      DEBUG main            d.u.i.k.p.r.p.TestFile    ... success: reloaded. 
24222      INFO  main            d.u.i.k.p.r.p.TestFile    Now processing file /home/runner/work/key/key/key.core/../key.ui/examples/heap/vstte10_03_LinkedList/Node_inv.key 
24222      INFO  main            d.u.i.k.p.i.AbstractProblemLoader Loading environment from /home/runner/work/key/key/key.core/../key.ui/examples/heap/vstte10_03_LinkedList/Node_inv.key 
24223      DEBUG main            d.u.i.k.p.i.AbstractProblemLoader Environment load took 205ns 
24224      INFO  main            d.u.i.k.p.i.AbstractProblemLoader Creating init config 
26827      DEBUG main            d.u.i.k.p.i.AbstractProblemLoader Init config took 2.6s 
26881      INFO  main            d.u.i.k.p.i.AbstractProblemLoader Replaying proof Node[java.lang.Object::<inv>()].JML accessible clause.0 
26883      DEBUG main            d.u.i.k.p.i.IntermediateProofReplayer Proof replay took 4.5ns 
27186      INFO  main            d.u.i.k.p.r.p.TestFile    ... finished proof: closed. 
27324      INFO  main            d.u.i.k.p.i.AbstractProblemLoader Loading environment from /home/runner/work/key/key/key.core/../key.ui/examples/heap/vstte10_03_LinkedList/Node_inv.key.proof 
27324      DEBUG main            d.u.i.k.p.i.AbstractProblemLoader Environment load took 109.4ns 
27326      INFO  main            d.u.i.k.p.i.AbstractProblemLoader Creating init config 
29852      DEBUG main            d.u.i.k.p.i.AbstractProblemLoader Init config took 2.53s 
29913      INFO  main            d.u.i.k.p.i.AbstractProblemLoader Replaying proof Node[java.lang.Object::<inv>()].JML accessible clause.0 
29946      DEBUG main            d.u.i.k.p.i.IntermediateProofReplayer Proof replay took 27.44ms 
29948      DEBUG main            d.u.i.k.p.r.p.TestFile    ... success: reloaded. 
29949      INFO  main            d.u.i.k.p.r.p.TestFile    Now processing file /home/runner/work/key/key/key.core/../key.ui/examples/heap/vstte10_03_LinkedList/Node_search.key 
29949      INFO  main            d.u.i.k.p.i.AbstractProblemLoader Loading environment from /home/runner/work/key/key/key.core/../key.ui/examples/heap/vstte10_03_LinkedList/Node_search.key 
29950      DEBUG main            d.u.i.k.p.i.AbstractProblemLoader Environment load took 183ns 
29951      INFO  main            d.u.i.k.p.i.AbstractProblemLoader Creating init config 
32569      DEBUG main            d.u.i.k.p.i.AbstractProblemLoader Init config took 2.62s 
32634      INFO  main            d.u.i.k.p.i.AbstractProblemLoader Replaying proof Node[Node::search()].JML normal_behavior operation contract.0 
32636      DEBUG main            d.u.i.k.p.i.IntermediateProofReplayer Proof replay took 6.1ns 
38467      INFO  main            d.u.i.k.p.r.p.TestFile    ... finished proof: closed. 
38665      INFO  main            d.u.i.k.p.i.AbstractProblemLoader Loading environment from /home/runner/work/key/key/key.core/../key.ui/examples/heap/vstte10_03_LinkedList/Node_search.key.proof 
38665      DEBUG main            d.u.i.k.p.i.AbstractProblemLoader Environment load took 427.49ns 
38668      INFO  main            d.u.i.k.p.i.AbstractProblemLoader Creating init config 
41185      DEBUG main            d.u.i.k.p.i.AbstractProblemLoader Init config took 2.52s 
41236      INFO  main            d.u.i.k.p.i.AbstractProblemLoader Replaying proof Node[Node::search()].JML normal_behavior operation contract.0 
41734      DEBUG main            d.u.i.k.p.i.IntermediateProofReplayer Proof replay took 451.35ms 
41736      DEBUG main            d.u.i.k.p.r.p.TestFile    ... success: reloaded. 
41737      INFO  main            d.u.i.k.p.r.p.TestFile    Now processing file /home/runner/work/key/key/key.core/../key.ui/examples/heap/vstte10_04_Queens/Queens_isConsistent.key 
41737      INFO  main            d.u.i.k.p.i.AbstractProblemLoader Loading environment from /home/runner/work/key/key/key.core/../key.ui/examples/heap/vstte10_04_Queens/Queens_isConsistent.key 
41737      DEBUG main            d.u.i.k.p.i.AbstractProblemLoader Environment load took 87ns 
41738      INFO  main            d.u.i.k.p.i.AbstractProblemLoader Creating init config 
44616      DEBUG main            d.u.i.k.p.i.AbstractProblemLoader Init config took 2.88s 
44658      INFO  main            d.u.i.k.p.i.AbstractProblemLoader Replaying proof Queens[Queens::isConsistent([I,int)].JML normal_behavior operation contract.0 
44660      DEBUG main            d.u.i.k.p.i.IntermediateProofReplayer Proof replay took 5.3ns 
46373      INFO  main            d.u.i.k.p.r.p.TestFile    ... finished proof: closed. 
46567      INFO  main            d.u.i.k.p.i.AbstractProblemLoader Loading environment from /home/runner/work/key/key/key.core/../key.ui/examples/heap/vstte10_04_Queens/Queens_isConsistent.key.proof 
46567      DEBUG main            d.u.i.k.p.i.AbstractProblemLoader Environment load took 117.6ns 
46568      INFO  main            d.u.i.k.p.i.AbstractProblemLoader Creating init config 
49153      DEBUG main            d.u.i.k.p.i.AbstractProblemLoader Init config took 2.58s 
49203      INFO  main            d.u.i.k.p.i.AbstractProblemLoader Replaying proof Queens[Queens::isConsistent([I,int)].JML normal_behavior operation contract.0 
49450      DEBUG main            d.u.i.k.p.i.IntermediateProofReplayer Proof replay took 235.28ms 
49451      DEBUG main            d.u.i.k.p.r.p.TestFile    ... success: reloaded. 
49452      INFO  main            d.u.i.k.p.r.p.TestFile    Now processing file /home/runner/work/key/key/key.core/../key.ui/examples/heap/vstte10_04_Queens/Queens_nQueens.key 
49453      INFO  main            d.u.i.k.p.i.AbstractProblemLoader Loading environment from /home/runner/work/key/key/key.core/../key.ui/examples/heap/vstte10_04_Queens/Queens_nQueens.key 
49453      DEBUG main            d.u.i.k.p.i.AbstractProblemLoader Environment load took 206.7ns 
49454      INFO  main            d.u.i.k.p.i.AbstractProblemLoader Creating init config 
52034      DEBUG main            d.u.i.k.p.i.AbstractProblemLoader Init config took 2.58s 
52076      INFO  main            d.u.i.k.p.i.AbstractProblemLoader Replaying proof Queens[Queens::nQueens(int)].JML normal_behavior operation contract.0 
52078      DEBUG main            d.u.i.k.p.i.IntermediateProofReplayer Proof replay took 5.1ns 
63715      INFO  main            d.u.i.k.p.r.p.TestFile    ... finished proof: closed. 
63941      INFO  main            d.u.i.k.p.i.AbstractProblemLoader Loading environment from /home/runner/work/key/key/key.core/../key.ui/examples/heap/vstte10_04_Queens/Queens_nQueens.key.proof 
63942      DEBUG main            d.u.i.k.p.i.AbstractProblemLoader Environment load took 393.39ns 
63943      INFO  main            d.u.i.k.p.i.AbstractProblemLoader Creating init config 
66500      DEBUG main            d.u.i.k.p.i.AbstractProblemLoader Init config took 2.56s 
66541      INFO  main            d.u.i.k.p.i.AbstractProblemLoader Replaying proof Queens[Queens::nQueens(int)].JML normal_behavior operation contract.0 
66923      DEBUG main            d.u.i.k.p.i.IntermediateProofReplayer Proof replay took 363.37ms 
66924      DEBUG main            d.u.i.k.p.r.p.TestFile    ... success: reloaded. 
66925      INFO  main            d.u.i.k.p.r.p.TestFile    Now processing file /home/runner/work/key/key/key.core/../key.ui/examples/heap/vstte10_05_Queue/AmortizedQueue_AmortizedQueue.key 
66926      INFO  main            d.u.i.k.p.i.AbstractProblemLoader Loading environment from /home/runner/work/key/key/key.core/../key.ui/examples/heap/vstte10_05_Queue/AmortizedQueue_AmortizedQueue.key 
66926      DEBUG main            d.u.i.k.p.i.AbstractProblemLoader Environment load took 196.6ns 
66927      INFO  main            d.u.i.k.p.i.AbstractProblemLoader Creating init config 
69604      DEBUG main            d.u.i.k.p.i.AbstractProblemLoader Init config took 2.68s 
69650      INFO  main            d.u.i.k.p.i.AbstractProblemLoader Replaying proof AmortizedQueue[AmortizedQueue::AmortizedQueue()].JML normal_behavior operation contract.0 
69651      DEBUG main            d.u.i.k.p.i.IntermediateProofReplayer Proof replay took 5.6ns 
70957      INFO  main            d.u.i.k.p.r.p.TestFile    ... finished proof: closed. 
71150      INFO  main            d.u.i.k.p.i.AbstractProblemLoader Loading environment from /home/runner/work/key/key/key.core/../key.ui/examples/heap/vstte10_05_Queue/AmortizedQueue_AmortizedQueue.key.proof 
71150      DEBUG main            d.u.i.k.p.i.AbstractProblemLoader Environment load took 377.69ns 
71151      INFO  main            d.u.i.k.p.i.AbstractProblemLoader Creating init config 
73744      DEBUG main            d.u.i.k.p.i.AbstractProblemLoader Init config took 2.59s 
73788      INFO  main            d.u.i.k.p.i.AbstractProblemLoader Replaying proof AmortizedQueue[AmortizedQueue::AmortizedQueue()].JML normal_behavior operation contract.0 
73956      DEBUG main            d.u.i.k.p.i.IntermediateProofReplayer Proof replay took 157.42ms 
73957      DEBUG main            d.u.i.k.p.r.p.TestFile    ... success: reloaded. 
73958      INFO  main            d.u.i.k.p.r.p.TestFile    Now processing file /home/runner/work/key/key/key.core/../key.ui/examples/heap/vstte10_05_Queue/AmortizedQueue_front.key 
73959      INFO  main            d.u.i.k.p.i.AbstractProblemLoader Loading environment from /home/runner/work/key/key/key.core/../key.ui/examples/heap/vstte10_05_Queue/AmortizedQueue_front.key 
73959      DEBUG main            d.u.i.k.p.i.AbstractProblemLoader Environment load took 186ns 
73960      INFO  main            d.u.i.k.p.i.AbstractProblemLoader Creating init config 
76534      DEBUG main            d.u.i.k.p.i.AbstractProblemLoader Init config took 2.57s 
76577      INFO  main            d.u.i.k.p.i.AbstractProblemLoader Replaying proof AmortizedQueue[AmortizedQueue::front()].JML normal_behavior operation contract.0 
76579      DEBUG main            d.u.i.k.p.i.IntermediateProofReplayer Proof replay took 4.6ns 
77083      INFO  main            d.u.i.k.p.r.p.TestFile    ... finished proof: closed. 
77252      INFO  main            d.u.i.k.p.i.AbstractProblemLoader Loading environment from /home/runner/work/key/key/key.core/../key.ui/examples/heap/vstte10_05_Queue/AmortizedQueue_front.key.proof 
77253      DEBUG main            d.u.i.k.p.i.AbstractProblemLoader Environment load took 127.4ns 
77256      INFO  main            d.u.i.k.p.i.AbstractProblemLoader Creating init config 
79785      DEBUG main            d.u.i.k.p.i.AbstractProblemLoader Init config took 2.53s 
79827      INFO  main            d.u.i.k.p.i.AbstractProblemLoader Replaying proof AmortizedQueue[AmortizedQueue::front()].JML normal_behavior operation contract.0 
79874      DEBUG main            d.u.i.k.p.i.IntermediateProofReplayer Proof replay took 43.52ms 
79875      DEBUG main            d.u.i.k.p.r.p.TestFile    ... success: reloaded. 
79877      INFO  main            d.u.i.k.p.r.p.TestFile    Now processing file /home/runner/work/key/key/key.core/../key.ui/examples/heap/vstte10_05_Queue/LinkedList_concat.key 
79877      INFO  main            d.u.i.k.p.i.AbstractProblemLoader Loading environment from /home/runner/work/key/key/key.core/../key.ui/examples/heap/vstte10_05_Queue/LinkedList_concat.key 
79877      DEBUG main            d.u.i.k.p.i.AbstractProblemLoader Environment load took 222.5ns 
79878      INFO  main            d.u.i.k.p.i.AbstractProblemLoader Creating init config 
82498      DEBUG main            d.u.i.k.p.i.AbstractProblemLoader Init config took 2.62s 
82544      INFO  main            d.u.i.k.p.i.AbstractProblemLoader Replaying proof LinkedList[LinkedList::concat(LinkedList)].JML normal_behavior operation contract.0 
82545      DEBUG main            d.u.i.k.p.i.IntermediateProofReplayer Proof replay took 5.3ns 
90022      INFO  main            d.u.i.k.p.r.p.TestFile    ... finished proof: closed. 
90280      INFO  main            d.u.i.k.p.i.AbstractProblemLoader Loading environment from /home/runner/work/key/key/key.core/../key.ui/examples/heap/vstte10_05_Queue/LinkedList_concat.key.proof 
90280      DEBUG main            d.u.i.k.p.i.AbstractProblemLoader Environment load took 383ns 
90282      INFO  main            d.u.i.k.p.i.AbstractProblemLoader Creating init config 
92810      DEBUG main            d.u.i.k.p.i.AbstractProblemLoader Init config took 2.53s 
92856      INFO  main            d.u.i.k.p.i.AbstractProblemLoader Replaying proof LinkedList[LinkedList::concat(LinkedList)].JML normal_behavior operation contract.0 
93277      DEBUG main            d.u.i.k.p.i.IntermediateProofReplayer Proof replay took 390.78ms 
93279      DEBUG main            d.u.i.k.p.r.p.TestFile    ... success: reloaded. 
93280      INFO  main            d.u.i.k.p.r.p.TestFile    Now processing file /home/runner/work/key/key/key.core/../key.ui/examples/heap/vstte10_05_Queue/LinkedList_cons.key 
93280      INFO  main            d.u.i.k.p.i.AbstractProblemLoader Loading environment from /home/runner/work/key/key/key.core/../key.ui/examples/heap/vstte10_05_Queue/LinkedList_cons.key 
93280      DEBUG main            d.u.i.k.p.i.AbstractProblemLoader Environment load took 82.6ns 
93281      INFO  main            d.u.i.k.p.i.AbstractProblemLoader Creating init config 
95839      DEBUG main            d.u.i.k.p.i.AbstractProblemLoader Init config took 2.56s 
95883      INFO  main            d.u.i.k.p.i.AbstractProblemLoader Replaying proof LinkedList[LinkedList::cons(int)].JML normal_behavior operation contract.0 
95885      DEBUG main            d.u.i.k.p.i.IntermediateProofReplayer Proof replay took 5.7ns 
98024      INFO  main            d.u.i.k.p.r.p.TestFile    ... finished proof: closed. 
98237      INFO  main            d.u.i.k.p.i.AbstractProblemLoader Loading environment from /home/runner/work/key/key/key.core/../key.ui/examples/heap/vstte10_05_Queue/LinkedList_cons.key.proof 
98237      DEBUG main            d.u.i.k.p.i.AbstractProblemLoader Environment load took 171.4ns 
98240      INFO  main            d.u.i.k.p.i.AbstractProblemLoader Creating init config 
100801     DEBUG main            d.u.i.k.p.i.AbstractProblemLoader Init config took 2.56s 
100846     INFO  main            d.u.i.k.p.i.AbstractProblemLoader Replaying proof LinkedList[LinkedList::cons(int)].JML normal_behavior operation contract.0 
101021     DEBUG main            d.u.i.k.p.i.IntermediateProofReplayer Proof replay took 154.14ms 
101022     DEBUG main            d.u.i.k.p.r.p.TestFile    ... success: reloaded. 
101023     INFO  main            d.u.i.k.p.r.p.TestFile    Now processing file /home/runner/work/key/key/key.core/../key.ui/examples/heap/vstte10_05_Queue/LinkedList_head.key 
101023     INFO  main            d.u.i.k.p.i.AbstractProblemLoader Loading environment from /home/runner/work/key/key/key.core/../key.ui/examples/heap/vstte10_05_Queue/LinkedList_head.key 
101023     DEBUG main            d.u.i.k.p.i.AbstractProblemLoader Environment load took 75.2ns 
101024     INFO  main            d.u.i.k.p.i.AbstractProblemLoader Creating init config 
103634     DEBUG main            d.u.i.k.p.i.AbstractProblemLoader Init config took 2.61s 
103678     INFO  main            d.u.i.k.p.i.AbstractProblemLoader Replaying proof LinkedList[LinkedList::head()].JML normal_behavior operation contract.0 
103679     DEBUG main            d.u.i.k.p.i.IntermediateProofReplayer Proof replay took 5.5ns 
103781     INFO  main            d.u.i.k.p.r.p.TestFile    ... finished proof: closed. 
103979     INFO  main            d.u.i.k.p.i.AbstractProblemLoader Loading environment from /home/runner/work/key/key/key.core/../key.ui/examples/heap/vstte10_05_Queue/LinkedList_head.key.proof 
103979     DEBUG main            d.u.i.k.p.i.AbstractProblemLoader Environment load took 117.9ns 
103980     INFO  main            d.u.i.k.p.i.AbstractProblemLoader Creating init config 
106584     DEBUG main            d.u.i.k.p.i.AbstractProblemLoader Init config took 2.6s 
106634     INFO  main            d.u.i.k.p.i.AbstractProblemLoader Replaying proof LinkedList[LinkedList::head()].JML normal_behavior operation contract.0 
106649     DEBUG main            d.u.i.k.p.i.IntermediateProofReplayer Proof replay took 10.14ms 
106651     DEBUG main            d.u.i.k.p.r.p.TestFile    ... success: reloaded. 
106652     INFO  main            d.u.i.k.p.r.p.TestFile    Now processing file /home/runner/work/key/key/key.core/../key.ui/examples/heap/vstte10_05_Queue/LinkedList_inv.key 
106653     INFO  main            d.u.i.k.p.i.AbstractProblemLoader Loading environment from /home/runner/work/key/key/key.core/../key.ui/examples/heap/vstte10_05_Queue/LinkedList_inv.key 
106653     DEBUG main            d.u.i.k.p.i.AbstractProblemLoader Environment load took 192.9ns 
106654     INFO  main            d.u.i.k.p.i.AbstractProblemLoader Creating init config 
109240     DEBUG main            d.u.i.k.p.i.AbstractProblemLoader Init config took 2.59s 
109283     INFO  main            d.u.i.k.p.i.AbstractProblemLoader Replaying proof LinkedList[java.lang.Object::<inv>()].JML accessible clause.0 
109285     DEBUG main            d.u.i.k.p.i.IntermediateProofReplayer Proof replay took 6.4ns 
109587     INFO  main            d.u.i.k.p.r.p.TestFile    ... finished proof: closed. 
109791     INFO  main            d.u.i.k.p.i.AbstractProblemLoader Loading environment from /home/runner/work/key/key/key.core/../key.ui/examples/heap/vstte10_05_Queue/LinkedList_inv.key.proof 
109791     DEBUG main            d.u.i.k.p.i.AbstractProblemLoader Environment load took 142.1ns 
109792     INFO  main            d.u.i.k.p.i.AbstractProblemLoader Creating init config 
112331     DEBUG main            d.u.i.k.p.i.AbstractProblemLoader Init config took 2.54s 
112373     INFO  main            d.u.i.k.p.i.AbstractProblemLoader Replaying proof LinkedList[java.lang.Object::<inv>()].JML accessible clause.0 
112391     DEBUG main            d.u.i.k.p.i.IntermediateProofReplayer Proof replay took 15.39ms 
112392     DEBUG main            d.u.i.k.p.r.p.TestFile    ... success: reloaded. 
112393     INFO  main            d.u.i.k.p.r.p.TestFile    Now processing file /home/runner/work/key/key/key.core/../key.ui/examples/heap/vstte10_05_Queue/LinkedList_length.key 
112393     INFO  main            d.u.i.k.p.i.AbstractProblemLoader Loading environment from /home/runner/work/key/key/key.core/../key.ui/examples/heap/vstte10_05_Queue/LinkedList_length.key 
112393     DEBUG main            d.u.i.k.p.i.AbstractProblemLoader Environment load took 117.6ns 
112394     INFO  main            d.u.i.k.p.i.AbstractProblemLoader Creating init config 
114936     DEBUG main            d.u.i.k.p.i.AbstractProblemLoader Init config took 2.54s 
114979     INFO  main            d.u.i.k.p.i.AbstractProblemLoader Replaying proof LinkedList[LinkedList::length()].JML normal_behavior operation contract.0 
114981     DEBUG main            d.u.i.k.p.i.IntermediateProofReplayer Proof replay took 5.7ns 
115085     INFO  main            d.u.i.k.p.r.p.TestFile    ... finished proof: closed. 
115314     INFO  main            d.u.i.k.p.i.AbstractProblemLoader Loading environment from /home/runner/work/key/key/key.core/../key.ui/examples/heap/vstte10_05_Queue/LinkedList_length.key.proof 
115314     DEBUG main            d.u.i.k.p.i.AbstractProblemLoader Environment load took 106.2ns 
115315     INFO  main            d.u.i.k.p.i.AbstractProblemLoader Creating init config 
117869     DEBUG main            d.u.i.k.p.i.AbstractProblemLoader Init config took 2.55s 
117916     INFO  main            d.u.i.k.p.i.AbstractProblemLoader Replaying proof LinkedList[LinkedList::length()].JML normal_behavior operation contract.0 
117927     DEBUG main            d.u.i.k.p.i.IntermediateProofReplayer Proof replay took 9.29ms 
117928     DEBUG main            d.u.i.k.p.r.p.TestFile    ... success: reloaded. 
117929     INFO  main            d.u.i.k.p.r.p.TestFile    Now processing file /home/runner/work/key/key/key.core/../key.ui/examples/heap/vstte10_05_Queue/LinkedList_LinkedList1.key 
117929     INFO  main            d.u.i.k.p.i.AbstractProblemLoader Loading environment from /home/runner/work/key/key/key.core/../key.ui/examples/heap/vstte10_05_Queue/LinkedList_LinkedList1.key 
117930     DEBUG main            d.u.i.k.p.i.AbstractProblemLoader Environment load took 218.6ns 
117930     INFO  main            d.u.i.k.p.i.AbstractProblemLoader Creating init config 
120510     DEBUG main            d.u.i.k.p.i.AbstractProblemLoader Init config took 2.58s 
120568     INFO  main            d.u.i.k.p.i.AbstractProblemLoader Replaying proof LinkedList[LinkedList::LinkedList(int,LinkedList)].JML normal_behavior operation contract.0 
120570     DEBUG main            d.u.i.k.p.i.IntermediateProofReplayer Proof replay took 5.7ns 
122275     INFO  main            d.u.i.k.p.r.p.TestFile    ... finished proof: closed. 
122495     INFO  main            d.u.i.k.p.i.AbstractProblemLoader Loading environment from /home/runner/work/key/key/key.core/../key.ui/examples/heap/vstte10_05_Queue/LinkedList_LinkedList1.key.proof 
122496     DEBUG main            d.u.i.k.p.i.AbstractProblemLoader Environment load took 403.89ns 
122497     INFO  main            d.u.i.k.p.i.AbstractProblemLoader Creating init config 
125029     DEBUG main            d.u.i.k.p.i.AbstractProblemLoader Init config took 2.53s 
125072     INFO  main            d.u.i.k.p.i.AbstractProblemLoader Replaying proof LinkedList[LinkedList::LinkedList(int,LinkedList)].JML normal_behavior operation contract.0 
125225     DEBUG main            d.u.i.k.p.i.IntermediateProofReplayer Proof replay took 145.29ms 
125226     DEBUG main            d.u.i.k.p.r.p.TestFile    ... success: reloaded. 
125227     INFO  main            d.u.i.k.p.r.p.TestFile    Now processing file /home/runner/work/key/key/key.core/../key.ui/examples/heap/vstte10_05_Queue/LinkedList_LinkedList2.key 
125227     INFO  main            d.u.i.k.p.i.AbstractProblemLoader Loading environment from /home/runner/work/key/key/key.core/../key.ui/examples/heap/vstte10_05_Queue/LinkedList_LinkedList2.key 
125228     DEBUG main            d.u.i.k.p.i.AbstractProblemLoader Environment load took 192ns 
125228     INFO  main            d.u.i.k.p.i.AbstractProblemLoader Creating init config 
127801     DEBUG main            d.u.i.k.p.i.AbstractProblemLoader Init config took 2.57s 
127860     INFO  main            d.u.i.k.p.i.AbstractProblemLoader Replaying proof LinkedList[LinkedList::LinkedList(int,LinkedList)].JML normal_behavior operation contract.0 
127862     DEBUG main            d.u.i.k.p.i.IntermediateProofReplayer Proof replay took 5.2ns 
129570     INFO  main            d.u.i.k.p.r.p.TestFile    ... finished proof: closed. 
129829     INFO  main            d.u.i.k.p.i.AbstractProblemLoader Loading environment from /home/runner/work/key/key/key.core/../key.ui/examples/heap/vstte10_05_Queue/LinkedList_LinkedList2.key.proof 
129829     DEBUG main            d.u.i.k.p.i.AbstractProblemLoader Environment load took 371.2ns 
129832     INFO  main            d.u.i.k.p.i.AbstractProblemLoader Creating init config 
132334     DEBUG main            d.u.i.k.p.i.AbstractProblemLoader Init config took 2.5s 
132387     INFO  main            d.u.i.k.p.i.AbstractProblemLoader Replaying proof LinkedList[LinkedList::LinkedList(int,LinkedList)].JML normal_behavior operation contract.0 
132536     DEBUG main            d.u.i.k.p.i.IntermediateProofReplayer Proof replay took 142.22ms 
132539     DEBUG main            d.u.i.k.p.r.p.TestFile    ... success: reloaded. 
132540     INFO  main            d.u.i.k.p.r.p.TestFile    Now processing file /home/runner/work/key/key/key.core/../key.ui/examples/heap/vstte10_05_Queue/LinkedList_LinkedList3.key 
132540     INFO  main            d.u.i.k.p.i.AbstractProblemLoader Loading environment from /home/runner/work/key/key/key.core/../key.ui/examples/heap/vstte10_05_Queue/LinkedList_LinkedList3.key 
132541     DEBUG main            d.u.i.k.p.i.AbstractProblemLoader Environment load took 132.2ns 
132541     INFO  main            d.u.i.k.p.i.AbstractProblemLoader Creating init config 
135102     DEBUG main            d.u.i.k.p.i.AbstractProblemLoader Init config took 2.56s 
135144     INFO  main            d.u.i.k.p.i.AbstractProblemLoader Replaying proof LinkedList[LinkedList::LinkedList(int,LinkedList)].JML normal_behavior operation contract.0 
135145     DEBUG main            d.u.i.k.p.i.IntermediateProofReplayer Proof replay took 5.1ns 
147651     INFO  main            d.u.i.k.p.r.p.TestFile    ... finished proof: closed. 
147968     INFO  main            d.u.i.k.p.i.AbstractProblemLoader Loading environment from /home/runner/work/key/key/key.core/../key.ui/examples/heap/vstte10_05_Queue/LinkedList_LinkedList3.key.proof 
147969     DEBUG main            d.u.i.k.p.i.AbstractProblemLoader Environment load took 513.69ns 
147974     INFO  main            d.u.i.k.p.i.AbstractProblemLoader Creating init config 
150469     DEBUG main            d.u.i.k.p.i.AbstractProblemLoader Init config took 2.5s 
150513     INFO  main            d.u.i.k.p.i.AbstractProblemLoader Replaying proof LinkedList[LinkedList::LinkedList(int,LinkedList)].JML normal_behavior operation contract.0 
151512     DEBUG main            d.u.i.k.p.i.IntermediateProofReplayer Proof replay took 910.31ms 
151519     DEBUG main            d.u.i.k.p.r.p.TestFile    ... success: reloaded. 
151520     INFO  main            d.u.i.k.p.r.p.TestFile    Now processing file /home/runner/work/key/key/key.core/../key.ui/examples/heap/vstte10_05_Queue/LinkedList_reverse.key 
151520     INFO  main            d.u.i.k.p.i.AbstractProblemLoader Loading environment from /home/runner/work/key/key/key.core/../key.ui/examples/heap/vstte10_05_Queue/LinkedList_reverse.key 
151521     DEBUG main            d.u.i.k.p.i.AbstractProblemLoader Environment load took 213.3ns 
151522     INFO  main            d.u.i.k.p.i.AbstractProblemLoader Creating init config 
154079     DEBUG main            d.u.i.k.p.i.AbstractProblemLoader Init config took 2.56s 
154123     INFO  main            d.u.i.k.p.i.AbstractProblemLoader Replaying proof LinkedList[LinkedList::reverse()].JML normal_behavior operation contract.0 
154124     DEBUG main            d.u.i.k.p.i.IntermediateProofReplayer Proof replay took 5.8ns 
162375     INFO  main            d.u.i.k.p.r.p.TestFile    ... finished proof: closed. 
162659     INFO  main            d.u.i.k.p.i.AbstractProblemLoader Loading environment from /home/runner/work/key/key/key.core/../key.ui/examples/heap/vstte10_05_Queue/LinkedList_reverse.key.proof 
162659     DEBUG main            d.u.i.k.p.i.AbstractProblemLoader Environment load took 480.8ns 
162662     INFO  main            d.u.i.k.p.i.AbstractProblemLoader Creating init config 
165176     DEBUG main            d.u.i.k.p.i.AbstractProblemLoader Init config took 2.51s 
165219     INFO  main            d.u.i.k.p.i.AbstractProblemLoader Replaying proof LinkedList[LinkedList::reverse()].JML normal_behavior operation contract.0 
165679     DEBUG main            d.u.i.k.p.i.IntermediateProofReplayer Proof replay took 431.93ms 
165681     DEBUG main            d.u.i.k.p.r.p.TestFile    ... success: reloaded. 
165682     INFO  main            d.u.i.k.p.r.p.TestFile    Now processing file /home/runner/work/key/key/key.core/../key.ui/examples/heap/vstte10_05_Queue/LinkedList_tail.key 
165682     INFO  main            d.u.i.k.p.i.AbstractProblemLoader Loading environment from /home/runner/work/key/key/key.core/../key.ui/examples/heap/vstte10_05_Queue/LinkedList_tail.key 
165682     DEBUG main            d.u.i.k.p.i.AbstractProblemLoader Environment load took 76.3ns 
165683     INFO  main            d.u.i.k.p.i.AbstractProblemLoader Creating init config 
168241     DEBUG main            d.u.i.k.p.i.AbstractProblemLoader Init config took 2.56s 
168282     INFO  main            d.u.i.k.p.i.AbstractProblemLoader Replaying proof LinkedList[LinkedList::tail()].JML normal_behavior operation contract.0 
168284     DEBUG main            d.u.i.k.p.i.IntermediateProofReplayer Proof replay took 37.6ns 
168787     INFO  main            d.u.i.k.p.r.p.TestFile    ... finished proof: closed. 
169034     INFO  main            d.u.i.k.p.i.AbstractProblemLoader Loading environment from /home/runner/work/key/key/key.core/../key.ui/examples/heap/vstte10_05_Queue/LinkedList_tail.key.proof 
169034     DEBUG main            d.u.i.k.p.i.AbstractProblemLoader Environment load took 96.8ns 
169035     INFO  main            d.u.i.k.p.i.AbstractProblemLoader Creating init config 
171539     DEBUG main            d.u.i.k.p.i.AbstractProblemLoader Init config took 2.5s 
171581     INFO  main            d.u.i.k.p.i.AbstractProblemLoader Replaying proof LinkedList[LinkedList::tail()].JML normal_behavior operation contract.0 
171646     DEBUG main            d.u.i.k.p.i.IntermediateProofReplayer Proof replay took 61.61ms 
171646     DEBUG main            d.u.i.k.p.r.p.TestFile    ... success: reloaded. 
2197907    INFO  Test worker     d.u.i.k.p.r.RunAllProofsTestUnit Returning from test VSTTE10 
2197908    INFO  Test worker     d.u.i.k.p.r.RunAllProofsTestUnit Running test WeideEtAl 
399        INFO  Timeout watchdog d.u.i.k.p.r.p.ForkedTestFileRunner Timeout watcher launched (2000 secs.) 
401        WARN  main            d.u.i.k.s.ProofSettings   The settings in /home/runner/.key/proof-settings.props are *not* read. 
434        INFO  main            d.u.i.k.p.r.p.TestFile    Now processing file /home/runner/work/key/key/key.core/../key.ui/examples/heap/WeideEtAl_01_AddAndMultiply/AddAndMultiply_add.key 
532        INFO  main            d.u.i.k.p.i.AbstractProblemLoader Loading environment from /home/runner/work/key/key/key.core/../key.ui/examples/heap/WeideEtAl_01_AddAndMultiply/AddAndMultiply_add.key 
555        DEBUG main            d.u.i.k.p.i.AbstractProblemLoader Environment load took 1.79ms 
754        INFO  main            d.u.i.k.p.i.AbstractProblemLoader Creating init config 
1686       DEBUG main            d.u.i.k.j.TypeConverter   No LDT found for Meta 
1687       DEBUG main            d.u.i.k.j.TypeConverter   No LDT found for Meta 
1690       DEBUG main            d.u.i.k.j.TypeConverter   No LDT found for Meta 
1690       DEBUG main            d.u.i.k.j.TypeConverter   No LDT found for Meta 
2885       DEBUG main            d.u.i.k.j.TypeConverter   No LDT found for JavaBigintExpression 
7901       DEBUG main            d.u.i.k.p.i.AbstractProblemLoader Init config took 7.15s 
8075       INFO  main            d.u.i.k.p.i.AbstractProblemLoader Replaying proof AddAndMultiply[AddAndMultiply::add(int,int)].JML normal_behavior operation contract.0 
8111       DEBUG main            d.u.i.k.p.i.IntermediateProofReplayer Proof replay took 30.7ns 
9858       INFO  main            d.u.i.k.p.r.p.TestFile    ... finished proof: closed. 
9995       INFO  main            d.u.i.k.p.i.AbstractProblemLoader Loading environment from /home/runner/work/key/key/key.core/../key.ui/examples/heap/WeideEtAl_01_AddAndMultiply/AddAndMultiply_add.key.proof 
9997       DEBUG main            d.u.i.k.p.i.AbstractProblemLoader Environment load took 1.9ms 
10001      INFO  main            d.u.i.k.p.i.AbstractProblemLoader Creating init config 
12875      DEBUG main            d.u.i.k.p.i.AbstractProblemLoader Init config took 2.87s 
12934      INFO  main            d.u.i.k.p.i.AbstractProblemLoader Replaying proof AddAndMultiply[AddAndMultiply::add(int,int)].JML normal_behavior operation contract.0 
13082      DEBUG main            d.u.i.k.p.i.IntermediateProofReplayer Proof replay took 139.21ms 
13089      DEBUG main            d.u.i.k.p.r.p.TestFile    ... success: reloaded. 
13091      INFO  main            d.u.i.k.p.r.p.TestFile    Now processing file /home/runner/work/key/key/key.core/../key.ui/examples/heap/WeideEtAl_01_AddAndMultiply/AddAndMultiply_mul.key 
13091      INFO  main            d.u.i.k.p.i.AbstractProblemLoader Loading environment from /home/runner/work/key/key/key.core/../key.ui/examples/heap/WeideEtAl_01_AddAndMultiply/AddAndMultiply_mul.key 
13092      DEBUG main            d.u.i.k.p.i.AbstractProblemLoader Environment load took 211.9ns 
13093      INFO  main            d.u.i.k.p.i.AbstractProblemLoader Creating init config 
15679      DEBUG main            d.u.i.k.p.i.AbstractProblemLoader Init config took 2.59s 
15734      INFO  main            d.u.i.k.p.i.AbstractProblemLoader Replaying proof AddAndMultiply[AddAndMultiply::mul(int,int)].JML normal_behavior operation contract.0 
15736      DEBUG main            d.u.i.k.p.i.IntermediateProofReplayer Proof replay took 5.3ns 
16140      INFO  main            d.u.i.k.p.r.p.TestFile    ... finished proof: closed. 
16275      INFO  main            d.u.i.k.p.i.AbstractProblemLoader Loading environment from /home/runner/work/key/key/key.core/../key.ui/examples/heap/WeideEtAl_01_AddAndMultiply/AddAndMultiply_mul.key.proof 
16275      DEBUG main            d.u.i.k.p.i.AbstractProblemLoader Environment load took 404.8ns 
16277      INFO  main            d.u.i.k.p.i.AbstractProblemLoader Creating init config 
18753      DEBUG main            d.u.i.k.p.i.AbstractProblemLoader Init config took 2.48s 
18801      INFO  main            d.u.i.k.p.i.AbstractProblemLoader Replaying proof AddAndMultiply[AddAndMultiply::mul(int,int)].JML normal_behavior operation contract.0 
18885      DEBUG main            d.u.i.k.p.i.IntermediateProofReplayer Proof replay took 78.52ms 
18886      DEBUG main            d.u.i.k.p.r.p.TestFile    ... success: reloaded. 
18887      INFO  main            d.u.i.k.p.r.p.TestFile    Now processing file /home/runner/work/key/key/key.core/../key.ui/examples/heap/WeideEtAl_02_BinarySearch/BinarySearch_search.key 
18887      INFO  main            d.u.i.k.p.i.AbstractProblemLoader Loading environment from /home/runner/work/key/key/key.core/../key.ui/examples/heap/WeideEtAl_02_BinarySearch/BinarySearch_search.key 
18888      DEBUG main            d.u.i.k.p.i.AbstractProblemLoader Environment load took 196.2ns 
18889      INFO  main            d.u.i.k.p.i.AbstractProblemLoader Creating init config 
21432      DEBUG main            d.u.i.k.p.i.AbstractProblemLoader Init config took 2.54s 
21476      INFO  main            d.u.i.k.p.i.AbstractProblemLoader Replaying proof BinarySearch[BinarySearch::search([I,int)].JML normal_behavior operation contract.0 
21480      DEBUG main            d.u.i.k.p.i.IntermediateProofReplayer Proof replay took 5.1ns 
24521      INFO  main            d.u.i.k.p.r.p.TestFile    ... finished proof: closed. 
24683      INFO  main            d.u.i.k.p.i.AbstractProblemLoader Loading environment from /home/runner/work/key/key/key.core/../key.ui/examples/heap/WeideEtAl_02_BinarySearch/BinarySearch_search.key.proof 
24683      DEBUG main            d.u.i.k.p.i.AbstractProblemLoader Environment load took 123.3ns 
24687      INFO  main            d.u.i.k.p.i.AbstractProblemLoader Creating init config 
27184      DEBUG main            d.u.i.k.p.i.AbstractProblemLoader Init config took 2.5s 
27229      INFO  main            d.u.i.k.p.i.AbstractProblemLoader Replaying proof BinarySearch[BinarySearch::search([I,int)].JML normal_behavior operation contract.0 
27604      DEBUG main            d.u.i.k.p.i.IntermediateProofReplayer Proof replay took 357.27ms 
27606      DEBUG main            d.u.i.k.p.r.p.TestFile    ... success: reloaded. 
2225683    INFO  Test worker     d.u.i.k.p.r.RunAllProofsTestUnit Returning from test WeideEtAl 
2225684    INFO  Test worker     d.u.i.k.p.r.RunAllProofsTestUnit Running test arithmetic 
333        INFO  Timeout watchdog d.u.i.k.p.r.p.ForkedTestFileRunner Timeout watcher launched (2000 secs.) 
345        WARN  main            d.u.i.k.s.ProofSettings   The settings in /home/runner/.key/proof-settings.props are *not* read. 
390        INFO  main            d.u.i.k.p.r.p.TestFile    Now processing file /home/runner/work/key/key/key.core/../key.ui/examples/standard_key/arith/binomial1.key 
521        INFO  main            d.u.i.k.p.i.AbstractProblemLoader Loading environment from /home/runner/work/key/key/key.core/../key.ui/examples/standard_key/arith/binomial1.key 
537        DEBUG main            d.u.i.k.p.i.AbstractProblemLoader Environment load took 2.12ms 
773        INFO  main            d.u.i.k.p.i.AbstractProblemLoader Creating init config 
1659       DEBUG main            d.u.i.k.j.TypeConverter   No LDT found for Meta 
1659       DEBUG main            d.u.i.k.j.TypeConverter   No LDT found for Meta 
1660       DEBUG main            d.u.i.k.j.TypeConverter   No LDT found for Meta 
1660       DEBUG main            d.u.i.k.j.TypeConverter   No LDT found for Meta 
3090       DEBUG main            d.u.i.k.j.TypeConverter   No LDT found for JavaBigintExpression 
7698       DEBUG main            d.u.i.k.p.i.AbstractProblemLoader Init config took 6.92s 
7754       INFO  main            d.u.i.k.p.i.AbstractProblemLoader Replaying proof binomial1.key 
7783       DEBUG main            d.u.i.k.p.i.IntermediateProofReplayer Proof replay took 33.1ns 
8036       INFO  main            d.u.i.k.p.r.p.TestFile    ... finished proof: closed. 
8122       INFO  main            d.u.i.k.p.i.AbstractProblemLoader Loading environment from /home/runner/work/key/key/key.core/../key.ui/examples/standard_key/arith/binomial1.key.proof 
8122       DEBUG main            d.u.i.k.p.i.AbstractProblemLoader Environment load took 425.8ns 
8127       INFO  main            d.u.i.k.p.i.AbstractProblemLoader Creating init config 
10676      DEBUG main            d.u.i.k.p.i.AbstractProblemLoader Init config took 2.55s 
10707      INFO  main            d.u.i.k.p.i.AbstractProblemLoader Replaying proof binomial1.key.proof 
10720      DEBUG main            d.u.i.k.p.i.IntermediateProofReplayer Proof replay took 8.74ms 
10729      DEBUG main            d.u.i.k.p.r.p.TestFile    ... success: reloaded. 
10730      INFO  main            d.u.i.k.p.r.p.TestFile    Now processing file /home/runner/work/key/key/key.core/../key.ui/examples/standard_key/arith/binomial2.key 
10731      INFO  main            d.u.i.k.p.i.AbstractProblemLoader Loading environment from /home/runner/work/key/key/key.core/../key.ui/examples/standard_key/arith/binomial2.key 
10731      DEBUG main            d.u.i.k.p.i.AbstractProblemLoader Environment load took 209.1ns 
10732      INFO  main            d.u.i.k.p.i.AbstractProblemLoader Creating init config 
13271      DEBUG main            d.u.i.k.p.i.AbstractProblemLoader Init config took 2.54s 
13299      INFO  main            d.u.i.k.p.i.AbstractProblemLoader Replaying proof binomial2.key 
13303      DEBUG main            d.u.i.k.p.i.IntermediateProofReplayer Proof replay took 5.6ns 
13405      INFO  main            d.u.i.k.p.r.p.TestFile    ... finished proof: closed. 
13527      INFO  main            d.u.i.k.p.i.AbstractProblemLoader Loading environment from /home/runner/work/key/key/key.core/../key.ui/examples/standard_key/arith/binomial2.key.proof 
13527      DEBUG main            d.u.i.k.p.i.AbstractProblemLoader Environment load took 122.3ns 
13530      INFO  main            d.u.i.k.p.i.AbstractProblemLoader Creating init config 
16005      DEBUG main            d.u.i.k.p.i.AbstractProblemLoader Init config took 2.47s 
16027      INFO  main            d.u.i.k.p.i.AbstractProblemLoader Replaying proof binomial2.key.proof 
16036      DEBUG main            d.u.i.k.p.i.IntermediateProofReplayer Proof replay took 6.57ms 
16037      DEBUG main            d.u.i.k.p.r.p.TestFile    ... success: reloaded. 
16038      INFO  main            d.u.i.k.p.r.p.TestFile    Now processing file /home/runner/work/key/key/key.core/../key.ui/examples/standard_key/arith/check_jdiv.key 
16038      INFO  main            d.u.i.k.p.i.AbstractProblemLoader Loading environment from /home/runner/work/key/key/key.core/../key.ui/examples/standard_key/arith/check_jdiv.key 
16038      DEBUG main            d.u.i.k.p.i.AbstractProblemLoader Environment load took 95.7ns 
16040      INFO  main            d.u.i.k.p.i.AbstractProblemLoader Creating init config 
18448      DEBUG main            d.u.i.k.p.i.AbstractProblemLoader Init config took 2.41s 
18468      INFO  main            d.u.i.k.p.i.AbstractProblemLoader Replaying proof check_jdiv.key 
18473      DEBUG main            d.u.i.k.p.i.IntermediateProofReplayer Proof replay took 5.7ns 
23666      INFO  main            d.u.i.k.p.r.p.TestFile    ... finished proof: closed. 
23857      INFO  main            d.u.i.k.p.i.AbstractProblemLoader Loading environment from /home/runner/work/key/key/key.core/../key.ui/examples/standard_key/arith/check_jdiv.key.proof 
23858      DEBUG main            d.u.i.k.p.i.AbstractProblemLoader Environment load took 1.05ms 
23861      INFO  main            d.u.i.k.p.i.AbstractProblemLoader Creating init config 
26209      DEBUG main            d.u.i.k.p.i.AbstractProblemLoader Init config took 2.35s 
26228      INFO  main            d.u.i.k.p.i.AbstractProblemLoader Replaying proof check_jdiv.key.proof 
26488      DEBUG main            d.u.i.k.p.i.IntermediateProofReplayer Proof replay took 224.65ms 
26490      DEBUG main            d.u.i.k.p.r.p.TestFile    ... success: reloaded. 
26492      INFO  main            d.u.i.k.p.r.p.TestFile    Now processing file /home/runner/work/key/key/key.core/../key.ui/examples/standard_key/arith/check_jdiv_concrete.key 
26492      INFO  main            d.u.i.k.p.i.AbstractProblemLoader Loading environment from /home/runner/work/key/key/key.core/../key.ui/examples/standard_key/arith/check_jdiv_concrete.key 
26492      DEBUG main            d.u.i.k.p.i.AbstractProblemLoader Environment load took 189.3ns 
26494      INFO  main            d.u.i.k.p.i.AbstractProblemLoader Creating init config 
28905      DEBUG main            d.u.i.k.p.i.AbstractProblemLoader Init config took 2.41s 
28923      INFO  main            d.u.i.k.p.i.AbstractProblemLoader Replaying proof check_jdiv_concrete.key 
28925      DEBUG main            d.u.i.k.p.i.IntermediateProofReplayer Proof replay took 4.9ns 
29027      INFO  main            d.u.i.k.p.r.p.TestFile    ... finished proof: closed. 
29200      INFO  main            d.u.i.k.p.i.AbstractProblemLoader Loading environment from /home/runner/work/key/key/key.core/../key.ui/examples/standard_key/arith/check_jdiv_concrete.key.proof 
29201      DEBUG main            d.u.i.k.p.i.AbstractProblemLoader Environment load took 163.4ns 
29202      INFO  main            d.u.i.k.p.i.AbstractProblemLoader Creating init config 
31527      DEBUG main            d.u.i.k.p.i.AbstractProblemLoader Init config took 2.32s 
31552      INFO  main            d.u.i.k.p.i.AbstractProblemLoader Replaying proof check_jdiv_concrete.key.proof 
31557      DEBUG main            d.u.i.k.p.i.IntermediateProofReplayer Proof replay took 2.2ms 
31559      DEBUG main            d.u.i.k.p.r.p.TestFile    ... success: reloaded. 
31559      INFO  main            d.u.i.k.p.r.p.TestFile    Now processing file /home/runner/work/key/key/key.core/../key.ui/examples/standard_key/arith/check_jdiv_instantiated.key 
31560      INFO  main            d.u.i.k.p.i.AbstractProblemLoader Loading environment from /home/runner/work/key/key/key.core/../key.ui/examples/standard_key/arith/check_jdiv_instantiated.key 
31560      DEBUG main            d.u.i.k.p.i.AbstractProblemLoader Environment load took 95.6ns 
31561      INFO  main            d.u.i.k.p.i.AbstractProblemLoader Creating init config 
34002      DEBUG main            d.u.i.k.p.i.AbstractProblemLoader Init config took 2.44s 
34023      INFO  main            d.u.i.k.p.i.AbstractProblemLoader Replaying proof check_jdiv_instantiated.key 
34025      DEBUG main            d.u.i.k.p.i.IntermediateProofReplayer Proof replay took 5.5ns 
37165      INFO  main            d.u.i.k.p.r.p.TestFile    ... finished proof: closed. 
37388      INFO  main            d.u.i.k.p.i.AbstractProblemLoader Loading environment from /home/runner/work/key/key/key.core/../key.ui/examples/standard_key/arith/check_jdiv_instantiated.key.proof 
37389      DEBUG main            d.u.i.k.p.i.AbstractProblemLoader Environment load took 422.69ns 
37391      INFO  main            d.u.i.k.p.i.AbstractProblemLoader Creating init config 
39755      DEBUG main            d.u.i.k.p.i.AbstractProblemLoader Init config took 2.36s 
39775      INFO  main            d.u.i.k.p.i.AbstractProblemLoader Replaying proof check_jdiv_instantiated.key.proof 
39926      DEBUG main            d.u.i.k.p.i.IntermediateProofReplayer Proof replay took 126.55ms 
39928      DEBUG main            d.u.i.k.p.r.p.TestFile    ... success: reloaded. 
39929      INFO  main            d.u.i.k.p.r.p.TestFile    Now processing file /home/runner/work/key/key/key.core/../key.ui/examples/standard_key/arith/check_jmod.key 
39930      INFO  main            d.u.i.k.p.i.AbstractProblemLoader Loading environment from /home/runner/work/key/key/key.core/../key.ui/examples/standard_key/arith/check_jmod.key 
39930      DEBUG main            d.u.i.k.p.i.AbstractProblemLoader Environment load took 269.5ns 
39931      INFO  main            d.u.i.k.p.i.AbstractProblemLoader Creating init config 
42336      DEBUG main            d.u.i.k.p.i.AbstractProblemLoader Init config took 2.41s 
42355      INFO  main            d.u.i.k.p.i.AbstractProblemLoader Replaying proof check_jmod.key 
42358      DEBUG main            d.u.i.k.p.i.IntermediateProofReplayer Proof replay took 5ns 
42861      INFO  main            d.u.i.k.p.r.p.TestFile    ... finished proof: closed. 
43062      INFO  main            d.u.i.k.p.i.AbstractProblemLoader Loading environment from /home/runner/work/key/key/key.core/../key.ui/examples/standard_key/arith/check_jmod.key.proof 
43063      DEBUG main            d.u.i.k.p.i.AbstractProblemLoader Environment load took 122.4ns 
43064      INFO  main            d.u.i.k.p.i.AbstractProblemLoader Creating init config 
45372      DEBUG main            d.u.i.k.p.i.AbstractProblemLoader Init config took 2.31s 
45390      INFO  main            d.u.i.k.p.i.AbstractProblemLoader Replaying proof check_jmod.key.proof 
45419      DEBUG main            d.u.i.k.p.i.IntermediateProofReplayer Proof replay took 23.32ms 
45420      DEBUG main            d.u.i.k.p.r.p.TestFile    ... success: reloaded. 
45421      INFO  main            d.u.i.k.p.r.p.TestFile    Now processing file /home/runner/work/key/key/key.core/../key.ui/examples/standard_key/arith/complexExpressions.key 
45421      INFO  main            d.u.i.k.p.i.AbstractProblemLoader Loading environment from /home/runner/work/key/key/key.core/../key.ui/examples/standard_key/arith/complexExpressions.key 
45421      DEBUG main            d.u.i.k.p.i.AbstractProblemLoader Environment load took 194.2ns 
45422      INFO  main            d.u.i.k.p.i.AbstractProblemLoader Creating init config 
47805      DEBUG main            d.u.i.k.p.i.AbstractProblemLoader Init config took 2.38s 
47827      INFO  main            d.u.i.k.p.i.AbstractProblemLoader Replaying proof complexExpressions.key 
47831      DEBUG main            d.u.i.k.p.i.IntermediateProofReplayer Proof replay took 4.9ns 
48036      INFO  main            d.u.i.k.p.r.p.TestFile    ... finished proof: closed. 
48202      INFO  main            d.u.i.k.p.i.AbstractProblemLoader Loading environment from /home/runner/work/key/key/key.core/../key.ui/examples/standard_key/arith/complexExpressions.key.proof 
48202      DEBUG main            d.u.i.k.p.i.AbstractProblemLoader Environment load took 108.2ns 
48204      INFO  main            d.u.i.k.p.i.AbstractProblemLoader Creating init config 
50565      DEBUG main            d.u.i.k.p.i.AbstractProblemLoader Init config took 2.36s 
50582      INFO  main            d.u.i.k.p.i.AbstractProblemLoader Replaying proof complexExpressions.key.proof 
50590      DEBUG main            d.u.i.k.p.i.IntermediateProofReplayer Proof replay took 5.69ms 
50591      DEBUG main            d.u.i.k.p.r.p.TestFile    ... success: reloaded. 
50591      INFO  main            d.u.i.k.p.r.p.TestFile    Now processing file /home/runner/work/key/key/key.core/../key.ui/examples/standard_key/arith/compound_unaryMinus.key 
50592      INFO  main            d.u.i.k.p.i.AbstractProblemLoader Loading environment from /home/runner/work/key/key/key.core/../key.ui/examples/standard_key/arith/compound_unaryMinus.key 
50592      DEBUG main            d.u.i.k.p.i.AbstractProblemLoader Environment load took 187.7ns 
50593      INFO  main            d.u.i.k.p.i.AbstractProblemLoader Creating init config 
52976      DEBUG main            d.u.i.k.p.i.AbstractProblemLoader Init config took 2.38s 
52994      INFO  main            d.u.i.k.p.i.AbstractProblemLoader Replaying proof compound_unaryMinus.key 
52997      DEBUG main            d.u.i.k.p.i.IntermediateProofReplayer Proof replay took 5.8ns 
53099      INFO  main            d.u.i.k.p.r.p.TestFile    ... finished proof: closed. 
53244      INFO  main            d.u.i.k.p.i.AbstractProblemLoader Loading environment from /home/runner/work/key/key/key.core/../key.ui/examples/standard_key/arith/compound_unaryMinus.key.proof 
53244      DEBUG main            d.u.i.k.p.i.AbstractProblemLoader Environment load took 107.4ns 
53245      INFO  main            d.u.i.k.p.i.AbstractProblemLoader Creating init config 
55547      DEBUG main            d.u.i.k.p.i.AbstractProblemLoader Init config took 2.3s 
55563      INFO  main            d.u.i.k.p.i.AbstractProblemLoader Replaying proof compound_unaryMinus.key.proof 
55568      DEBUG main            d.u.i.k.p.i.IntermediateProofReplayer Proof replay took 2.78ms 
55569      DEBUG main            d.u.i.k.p.r.p.TestFile    ... success: reloaded. 
55570      INFO  main            d.u.i.k.p.r.p.TestFile    Now processing file /home/runner/work/key/key/key.core/../key.ui/examples/standard_key/arith/computation.key 
55570      INFO  main            d.u.i.k.p.i.AbstractProblemLoader Loading environment from /home/runner/work/key/key/key.core/../key.ui/examples/standard_key/arith/computation.key 
55570      DEBUG main            d.u.i.k.p.i.AbstractProblemLoader Environment load took 184.3ns 
55571      INFO  main            d.u.i.k.p.i.AbstractProblemLoader Creating init config 
57958      DEBUG main            d.u.i.k.p.i.AbstractProblemLoader Init config took 2.39s 
57974      INFO  main            d.u.i.k.p.i.AbstractProblemLoader Replaying proof computation.key 
57976      DEBUG main            d.u.i.k.p.i.IntermediateProofReplayer Proof replay took 5.3ns 
59381      INFO  main            d.u.i.k.p.r.p.TestFile    ... finished proof: closed. 
59592      INFO  main            d.u.i.k.p.i.AbstractProblemLoader Loading environment from /home/runner/work/key/key/key.core/../key.ui/examples/standard_key/arith/computation.key.proof 
59592      DEBUG main            d.u.i.k.p.i.AbstractProblemLoader Environment load took 114.6ns 
59593      INFO  main            d.u.i.k.p.i.AbstractProblemLoader Creating init config 
61893      DEBUG main            d.u.i.k.p.i.AbstractProblemLoader Init config took 2.3s 
61910      INFO  main            d.u.i.k.p.i.AbstractProblemLoader Replaying proof computation.key.proof 
61971      DEBUG main            d.u.i.k.p.i.IntermediateProofReplayer Proof replay took 56.5ms 
61972      DEBUG main            d.u.i.k.p.r.p.TestFile    ... success: reloaded. 
61973      INFO  main            d.u.i.k.p.r.p.TestFile    Now processing file /home/runner/work/key/key/key.core/../key.ui/examples/standard_key/arith/cubicSum.key 
61973      INFO  main            d.u.i.k.p.i.AbstractProblemLoader Loading environment from /home/runner/work/key/key/key.core/../key.ui/examples/standard_key/arith/cubicSum.key 
61974      DEBUG main            d.u.i.k.p.i.AbstractProblemLoader Environment load took 87.5ns 
61975      INFO  main            d.u.i.k.p.i.AbstractProblemLoader Creating init config 
64378      DEBUG main            d.u.i.k.p.i.AbstractProblemLoader Init config took 2.4s 
64394      INFO  main            d.u.i.k.p.i.AbstractProblemLoader Replaying proof cubicSum.key 
64395      DEBUG main            d.u.i.k.p.i.IntermediateProofReplayer Proof replay took 4.7ns 
65605      INFO  main            d.u.i.k.p.r.p.TestFile    ... finished proof: closed. 
65863      INFO  main            d.u.i.k.p.i.AbstractProblemLoader Loading environment from /home/runner/work/key/key/key.core/../key.ui/examples/standard_key/arith/cubicSum.key.proof 
65865      DEBUG main            d.u.i.k.p.i.AbstractProblemLoader Environment load took 1.29ms 
65866      INFO  main            d.u.i.k.p.i.AbstractProblemLoader Creating init config 
68259      DEBUG main            d.u.i.k.p.i.AbstractProblemLoader Init config took 2.39s 
68279      INFO  main            d.u.i.k.p.i.AbstractProblemLoader Replaying proof cubicSum.key.proof 
68368      DEBUG main            d.u.i.k.p.i.IntermediateProofReplayer Proof replay took 85.39ms 
68369      DEBUG main            d.u.i.k.p.r.p.TestFile    ... success: reloaded. 
68370      INFO  main            d.u.i.k.p.r.p.TestFile    Now processing file /home/runner/work/key/key/key.core/../key.ui/examples/standard_key/arith/divByZero.key 
68370      INFO  main            d.u.i.k.p.i.AbstractProblemLoader Loading environment from /home/runner/work/key/key/key.core/../key.ui/examples/standard_key/arith/divByZero.key 
68370      DEBUG main            d.u.i.k.p.i.AbstractProblemLoader Environment load took 298.29ns 
68371      INFO  main            d.u.i.k.p.i.AbstractProblemLoader Creating init config 
70734      DEBUG main            d.u.i.k.p.i.AbstractProblemLoader Init config took 2.36s 
70754      INFO  main            d.u.i.k.p.i.AbstractProblemLoader Replaying proof divByZero.key 
70761      DEBUG main            d.u.i.k.p.i.IntermediateProofReplayer Proof replay took 6.8ns 
70963      INFO  main            d.u.i.k.p.r.p.TestFile    ... finished proof: closed. 
71212      INFO  main            d.u.i.k.p.i.AbstractProblemLoader Loading environment from /home/runner/work/key/key/key.core/../key.ui/examples/standard_key/arith/divByZero.key.proof 
71213      DEBUG main            d.u.i.k.p.i.AbstractProblemLoader Environment load took 195.19ns 
71214      INFO  main            d.u.i.k.p.i.AbstractProblemLoader Creating init config 
73521      DEBUG main            d.u.i.k.p.i.AbstractProblemLoader Init config took 2.31s 
73535      INFO  main            d.u.i.k.p.i.AbstractProblemLoader Replaying proof divByZero.key.proof 
73561      DEBUG main            d.u.i.k.p.i.IntermediateProofReplayer Proof replay took 23.63ms 
73563      DEBUG main            d.u.i.k.p.r.p.TestFile    ... success: reloaded. 
73564      INFO  main            d.u.i.k.p.r.p.TestFile    Now processing file /home/runner/work/key/key/key.core/../key.ui/examples/standard_key/arith/divisionAssoc.key 
73565      INFO  main            d.u.i.k.p.i.AbstractProblemLoader Loading environment from /home/runner/work/key/key/key.core/../key.ui/examples/standard_key/arith/divisionAssoc.key 
73565      DEBUG main            d.u.i.k.p.i.AbstractProblemLoader Environment load took 219.59ns 
73566      INFO  main            d.u.i.k.p.i.AbstractProblemLoader Creating init config 
75919      DEBUG main            d.u.i.k.p.i.AbstractProblemLoader Init config took 2.35s 
75934      INFO  main            d.u.i.k.p.i.AbstractProblemLoader Replaying proof divisionAssoc.key 
75936      DEBUG main            d.u.i.k.p.i.IntermediateProofReplayer Proof replay took 5.4ns 
76651      INFO  main            d.u.i.k.p.r.p.TestFile    ... finished proof: closed. 
76892      INFO  main            d.u.i.k.p.i.AbstractProblemLoader Loading environment from /home/runner/work/key/key/key.core/../key.ui/examples/standard_key/arith/divisionAssoc.key.proof 
76893      DEBUG main            d.u.i.k.p.i.AbstractProblemLoader Environment load took 697.88ns 
76894      INFO  main            d.u.i.k.p.i.AbstractProblemLoader Creating init config 
79178      DEBUG main            d.u.i.k.p.i.AbstractProblemLoader Init config took 2.28s 
79193      INFO  main            d.u.i.k.p.i.AbstractProblemLoader Replaying proof divisionAssoc.key.proof 
79227      DEBUG main            d.u.i.k.p.i.IntermediateProofReplayer Proof replay took 28.62ms 
79229      DEBUG main            d.u.i.k.p.r.p.TestFile    ... success: reloaded. 
79230      INFO  main            d.u.i.k.p.r.p.TestFile    Now processing file /home/runner/work/key/key/key.core/../key.ui/examples/standard_key/arith/divisionBy2.key 
79230      INFO  main            d.u.i.k.p.i.AbstractProblemLoader Loading environment from /home/runner/work/key/key/key.core/../key.ui/examples/standard_key/arith/divisionBy2.key 
79230      DEBUG main            d.u.i.k.p.i.AbstractProblemLoader Environment load took 185.3ns 
79231      INFO  main            d.u.i.k.p.i.AbstractProblemLoader Creating init config 
81564      DEBUG main            d.u.i.k.p.i.AbstractProblemLoader Init config took 2.33s 
81577      INFO  main            d.u.i.k.p.i.AbstractProblemLoader Replaying proof divisionBy2.key 
81579      DEBUG main            d.u.i.k.p.i.IntermediateProofReplayer Proof replay took 5.1ns 
81680      INFO  main            d.u.i.k.p.r.p.TestFile    ... finished proof: closed. 
81910      INFO  main            d.u.i.k.p.i.AbstractProblemLoader Loading environment from /home/runner/work/key/key/key.core/../key.ui/examples/standard_key/arith/divisionBy2.key.proof 
81910      DEBUG main            d.u.i.k.p.i.AbstractProblemLoader Environment load took 101ns 
81911      INFO  main            d.u.i.k.p.i.AbstractProblemLoader Creating init config 
84181      DEBUG main            d.u.i.k.p.i.AbstractProblemLoader Init config took 2.27s 
84195      INFO  main            d.u.i.k.p.i.AbstractProblemLoader Replaying proof divisionBy2.key.proof 
84200      DEBUG main            d.u.i.k.p.i.IntermediateProofReplayer Proof replay took 3.78ms 
84201      DEBUG main            d.u.i.k.p.r.p.TestFile    ... success: reloaded. 
84201      INFO  main            d.u.i.k.p.r.p.TestFile    Now processing file /home/runner/work/key/key/key.core/../key.ui/examples/standard_key/arith/euclidean/gcdHelp-post.key 
84201      INFO  main            d.u.i.k.p.i.AbstractProblemLoader Loading environment from /home/runner/work/key/key/key.core/../key.ui/examples/standard_key/arith/euclidean/gcdHelp-post.key 
84201      DEBUG main            d.u.i.k.p.i.AbstractProblemLoader Environment load took 82ns 
84202      INFO  main            d.u.i.k.p.i.AbstractProblemLoader Creating init config 
86669      DEBUG main            d.u.i.k.p.i.AbstractProblemLoader Init config took 2.47s 
86684      INFO  main            d.u.i.k.p.i.AbstractProblemLoader Replaying proof gcdHelp-post.key 
86685      DEBUG main            d.u.i.k.p.i.IntermediateProofReplayer Proof replay took 5.2ns 
89696      INFO  main            d.u.i.k.p.r.p.TestFile    ... finished proof: closed. 
89918      INFO  main            d.u.i.k.p.i.AbstractProblemLoader Loading environment from /home/runner/work/key/key/key.core/../key.ui/examples/standard_key/arith/euclidean/gcdHelp-post.key.proof 
89918      DEBUG main            d.u.i.k.p.i.AbstractProblemLoader Environment load took 369.79ns 
89920      INFO  main            d.u.i.k.p.i.AbstractProblemLoader Creating init config 
92264      DEBUG main            d.u.i.k.p.i.AbstractProblemLoader Init config took 2.34s 
92280      INFO  main            d.u.i.k.p.i.AbstractProblemLoader Replaying proof gcdHelp-post.key.proof 
92436      DEBUG main            d.u.i.k.p.i.IntermediateProofReplayer Proof replay took 147.01ms 
92438      DEBUG main            d.u.i.k.p.r.p.TestFile    ... success: reloaded. 
92439      INFO  main            d.u.i.k.p.r.p.TestFile    Now processing file /home/runner/work/key/key/key.core/../key.ui/examples/standard_key/arith/gemplusDecimal/add.key 
92439      INFO  main            d.u.i.k.p.i.AbstractProblemLoader Loading environment from /home/runner/work/key/key/key.core/../key.ui/examples/standard_key/arith/gemplusDecimal/add.key 
92440      DEBUG main            d.u.i.k.p.i.AbstractProblemLoader Environment load took 183.89ns 
92442      INFO  main            d.u.i.k.p.i.AbstractProblemLoader Creating init config 
94829      DEBUG main            d.u.i.k.p.i.AbstractProblemLoader Init config took 2.39s 
94844      INFO  main            d.u.i.k.p.i.AbstractProblemLoader Replaying proof add.key 
94846      DEBUG main            d.u.i.k.p.i.IntermediateProofReplayer Proof replay took 5.8ns 
135835     INFO  main            d.u.i.k.p.r.p.TestFile    ... finished proof: closed. 
136174     INFO  main            d.u.i.k.p.i.AbstractProblemLoader Loading environment from /home/runner/work/key/key/key.core/../key.ui/examples/standard_key/arith/gemplusDecimal/add.key.proof 
136175     DEBUG main            d.u.i.k.p.i.AbstractProblemLoader Environment load took 175.4ns 
136181     INFO  main            d.u.i.k.p.i.AbstractProblemLoader Creating init config 
138491     DEBUG main            d.u.i.k.p.i.AbstractProblemLoader Init config took 2.31s 
138507     INFO  main            d.u.i.k.p.i.AbstractProblemLoader Replaying proof add.key.proof 
140383     DEBUG main            d.u.i.k.p.i.IntermediateProofReplayer Proof replay took 1.76s 
140389     DEBUG main            d.u.i.k.p.r.p.TestFile    ... success: reloaded. 
140390     INFO  main            d.u.i.k.p.r.p.TestFile    Now processing file /home/runner/work/key/key/key.core/../key.ui/examples/standard_key/arith/jdivevenodd.key 
140391     INFO  main            d.u.i.k.p.i.AbstractProblemLoader Loading environment from /home/runner/work/key/key/key.core/../key.ui/examples/standard_key/arith/jdivevenodd.key 
140391     DEBUG main            d.u.i.k.p.i.AbstractProblemLoader Environment load took 212.19ns 
140392     INFO  main            d.u.i.k.p.i.AbstractProblemLoader Creating init config 
142771     DEBUG main            d.u.i.k.p.i.AbstractProblemLoader Init config took 2.38s 
142784     INFO  main            d.u.i.k.p.i.AbstractProblemLoader Replaying proof jdivevenodd.key 
142786     DEBUG main            d.u.i.k.p.i.IntermediateProofReplayer Proof replay took 5.9ns 
142990     INFO  main            d.u.i.k.p.r.p.TestFile    ... finished proof: closed. 
143320     INFO  main            d.u.i.k.p.i.AbstractProblemLoader Loading environment from /home/runner/work/key/key/key.core/../key.ui/examples/standard_key/arith/jdivevenodd.key.proof 
143320     DEBUG main            d.u.i.k.p.i.AbstractProblemLoader Environment load took 107.5ns 
143321     INFO  main            d.u.i.k.p.i.AbstractProblemLoader Creating init config 
145562     DEBUG main            d.u.i.k.p.i.AbstractProblemLoader Init config took 2.24s 
145575     INFO  main            d.u.i.k.p.i.AbstractProblemLoader Replaying proof jdivevenodd.key.proof 
145591     DEBUG main            d.u.i.k.p.i.IntermediateProofReplayer Proof replay took 11.64ms 
145592     DEBUG main            d.u.i.k.p.r.p.TestFile    ... success: reloaded. 
145594     INFO  main            d.u.i.k.p.r.p.TestFile    Now processing file /home/runner/work/key/key/key.core/../key.ui/examples/standard_key/arith/median.key 
145594     INFO  main            d.u.i.k.p.i.AbstractProblemLoader Loading environment from /home/runner/work/key/key/key.core/../key.ui/examples/standard_key/arith/median.key 
145594     DEBUG main            d.u.i.k.p.i.AbstractProblemLoader Environment load took 88.1ns 
145595     INFO  main            d.u.i.k.p.i.AbstractProblemLoader Creating init config 
147900     DEBUG main            d.u.i.k.p.i.AbstractProblemLoader Init config took 2.3s 
147914     INFO  main            d.u.i.k.p.i.AbstractProblemLoader Replaying proof median.key 
147916     DEBUG main            d.u.i.k.p.i.IntermediateProofReplayer Proof replay took 6ns 
161843     INFO  main            d.u.i.k.p.r.p.TestFile    ... finished proof: closed. 
162130     INFO  main            d.u.i.k.p.i.AbstractProblemLoader Loading environment from /home/runner/work/key/key/key.core/../key.ui/examples/standard_key/arith/median.key.proof 
162130     DEBUG main            d.u.i.k.p.i.AbstractProblemLoader Environment load took 236.7ns 
162133     INFO  main            d.u.i.k.p.i.AbstractProblemLoader Creating init config 
164364     DEBUG main            d.u.i.k.p.i.AbstractProblemLoader Init config took 2.23s 
164397     INFO  main            d.u.i.k.p.i.AbstractProblemLoader Replaying proof median.key.proof 
164885     DEBUG main            d.u.i.k.p.i.IntermediateProofReplayer Proof replay took 441.17ms 
164888     DEBUG main            d.u.i.k.p.r.p.TestFile    ... success: reloaded. 
164889     INFO  main            d.u.i.k.p.r.p.TestFile    Now processing file /home/runner/work/key/key/key.core/../key.ui/examples/standard_key/arith/mod1.key 
164890     INFO  main            d.u.i.k.p.i.AbstractProblemLoader Loading environment from /home/runner/work/key/key/key.core/../key.ui/examples/standard_key/arith/mod1.key 
164890     DEBUG main            d.u.i.k.p.i.AbstractProblemLoader Environment load took 225.69ns 
164891     INFO  main            d.u.i.k.p.i.AbstractProblemLoader Creating init config 
167206     DEBUG main            d.u.i.k.p.i.AbstractProblemLoader Init config took 2.31s 
167218     INFO  main            d.u.i.k.p.i.AbstractProblemLoader Replaying proof mod1.key 
167220     DEBUG main            d.u.i.k.p.i.IntermediateProofReplayer Proof replay took 5.1ns 
167321     INFO  main            d.u.i.k.p.r.p.TestFile    ... finished proof: closed. 
167591     INFO  main            d.u.i.k.p.i.AbstractProblemLoader Loading environment from /home/runner/work/key/key/key.core/../key.ui/examples/standard_key/arith/mod1.key.proof 
167591     DEBUG main            d.u.i.k.p.i.AbstractProblemLoader Environment load took 100.6ns 
167592     INFO  main            d.u.i.k.p.i.AbstractProblemLoader Creating init config 
169865     DEBUG main            d.u.i.k.p.i.AbstractProblemLoader Init config took 2.27s 
169881     INFO  main            d.u.i.k.p.i.AbstractProblemLoader Replaying proof mod1.key.proof 
169884     DEBUG main            d.u.i.k.p.i.IntermediateProofReplayer Proof replay took 1.4ms 
169885     DEBUG main            d.u.i.k.p.r.p.TestFile    ... success: reloaded. 
169886     INFO  main            d.u.i.k.p.r.p.TestFile    Now processing file /home/runner/work/key/key/key.core/../key.ui/examples/standard_key/arith/mod2.key 
169886     INFO  main            d.u.i.k.p.i.AbstractProblemLoader Loading environment from /home/runner/work/key/key/key.core/../key.ui/examples/standard_key/arith/mod2.key 
169886     DEBUG main            d.u.i.k.p.i.AbstractProblemLoader Environment load took 80.2ns 
169887     INFO  main            d.u.i.k.p.i.AbstractProblemLoader Creating init config 
172160     DEBUG main            d.u.i.k.p.i.AbstractProblemLoader Init config took 2.27s 
172173     INFO  main            d.u.i.k.p.i.AbstractProblemLoader Replaying proof mod2.key 
172174     DEBUG main            d.u.i.k.p.i.IntermediateProofReplayer Proof replay took 5.7ns 
172277     INFO  main            d.u.i.k.p.r.p.TestFile    ... finished proof: closed. 
172502     INFO  main            d.u.i.k.p.i.AbstractProblemLoader Loading environment from /home/runner/work/key/key/key.core/../key.ui/examples/standard_key/arith/mod2.key.proof 
172502     DEBUG main            d.u.i.k.p.i.AbstractProblemLoader Environment load took 101.4ns 
172503     INFO  main            d.u.i.k.p.i.AbstractProblemLoader Creating init config 
174738     DEBUG main            d.u.i.k.p.i.AbstractProblemLoader Init config took 2.24s 
174751     INFO  main            d.u.i.k.p.i.AbstractProblemLoader Replaying proof mod2.key.proof 
174753     DEBUG main            d.u.i.k.p.i.IntermediateProofReplayer Proof replay took 1.02ms 
174754     DEBUG main            d.u.i.k.p.r.p.TestFile    ... success: reloaded. 
174755     INFO  main            d.u.i.k.p.r.p.TestFile    Now processing file /home/runner/work/key/key/key.core/../key.ui/examples/standard_key/arith/mod7.key 
174755     INFO  main            d.u.i.k.p.i.AbstractProblemLoader Loading environment from /home/runner/work/key/key/key.core/../key.ui/examples/standard_key/arith/mod7.key 
174755     DEBUG main            d.u.i.k.p.i.AbstractProblemLoader Environment load took 85.9ns 
174756     INFO  main            d.u.i.k.p.i.AbstractProblemLoader Creating init config 
177065     DEBUG main            d.u.i.k.p.i.AbstractProblemLoader Init config took 2.31s 
177079     INFO  main            d.u.i.k.p.i.AbstractProblemLoader Replaying proof mod7.key 
177081     DEBUG main            d.u.i.k.p.i.IntermediateProofReplayer Proof replay took 5.5ns 
177182     INFO  main            d.u.i.k.p.r.p.TestFile    ... finished proof: closed. 
177399     INFO  main            d.u.i.k.p.i.AbstractProblemLoader Loading environment from /home/runner/work/key/key/key.core/../key.ui/examples/standard_key/arith/mod7.key.proof 
177399     DEBUG main            d.u.i.k.p.i.AbstractProblemLoader Environment load took 93.3ns 
177400     INFO  main            d.u.i.k.p.i.AbstractProblemLoader Creating init config 
179657     DEBUG main            d.u.i.k.p.i.AbstractProblemLoader Init config took 2.26s 
179670     INFO  main            d.u.i.k.p.i.AbstractProblemLoader Replaying proof mod7.key.proof 
179674     DEBUG main            d.u.i.k.p.i.IntermediateProofReplayer Proof replay took 2.8ms 
179675     DEBUG main            d.u.i.k.p.r.p.TestFile    ... success: reloaded. 
179675     INFO  main            d.u.i.k.p.r.p.TestFile    Now processing file /home/runner/work/key/key/key.core/../key.ui/examples/standard_key/arith/overflow_hija.key 
179675     INFO  main            d.u.i.k.p.i.AbstractProblemLoader Loading environment from /home/runner/work/key/key/key.core/../key.ui/examples/standard_key/arith/overflow_hija.key 
179675     DEBUG main            d.u.i.k.p.i.AbstractProblemLoader Environment load took 79.4ns 
179677     INFO  main            d.u.i.k.p.i.AbstractProblemLoader Creating init config 
181962     DEBUG main            d.u.i.k.p.i.AbstractProblemLoader Init config took 2.28s 
181979     INFO  main            d.u.i.k.p.i.AbstractProblemLoader Replaying proof overflow_hija.key 
181982     DEBUG main            d.u.i.k.p.i.IntermediateProofReplayer Proof replay took 5.3ns 
186462     INFO  main            d.u.i.k.p.r.p.TestFile    ... finished proof: closed. 
186718     INFO  main            d.u.i.k.p.i.AbstractProblemLoader Loading environment from /home/runner/work/key/key/key.core/../key.ui/examples/standard_key/arith/overflow_hija.key.proof 
186719     DEBUG main            d.u.i.k.p.i.AbstractProblemLoader Environment load took 730.38ns 
186721     INFO  main            d.u.i.k.p.i.AbstractProblemLoader Creating init config 
188985     DEBUG main            d.u.i.k.p.i.AbstractProblemLoader Init config took 2.26s 
189002     INFO  main            d.u.i.k.p.i.AbstractProblemLoader Replaying proof overflow_hija.key.proof 
189145     DEBUG main            d.u.i.k.p.i.IntermediateProofReplayer Proof replay took 134.05ms 
189147     DEBUG main            d.u.i.k.p.r.p.TestFile    ... success: reloaded. 
189147     INFO  main            d.u.i.k.p.r.p.TestFile    Now processing file /home/runner/work/key/key/key.core/../key.ui/examples/standard_key/arith/poly_division0.key 
189148     INFO  main            d.u.i.k.p.i.AbstractProblemLoader Loading environment from /home/runner/work/key/key/key.core/../key.ui/examples/standard_key/arith/poly_division0.key 
189148     DEBUG main            d.u.i.k.p.i.AbstractProblemLoader Environment load took 216.5ns 
189149     INFO  main            d.u.i.k.p.i.AbstractProblemLoader Creating init config 
191449     DEBUG main            d.u.i.k.p.i.AbstractProblemLoader Init config took 2.3s 
191477     INFO  main            d.u.i.k.p.i.AbstractProblemLoader Replaying proof poly_division0.key 
191478     DEBUG main            d.u.i.k.p.i.IntermediateProofReplayer Proof replay took 5.3ns 
191580     INFO  main            d.u.i.k.p.r.p.TestFile    ... finished proof: closed. 
191855     INFO  main            d.u.i.k.p.i.AbstractProblemLoader Loading environment from /home/runner/work/key/key/key.core/../key.ui/examples/standard_key/arith/poly_division0.key.proof 
191855     DEBUG main            d.u.i.k.p.i.AbstractProblemLoader Environment load took 96.7ns 
191856     INFO  main            d.u.i.k.p.i.AbstractProblemLoader Creating init config 
194079     DEBUG main            d.u.i.k.p.i.AbstractProblemLoader Init config took 2.22s 
194091     INFO  main            d.u.i.k.p.i.AbstractProblemLoader Replaying proof poly_division0.key.proof 
194096     DEBUG main            d.u.i.k.p.i.IntermediateProofReplayer Proof replay took 3.29ms 
194097     DEBUG main            d.u.i.k.p.r.p.TestFile    ... success: reloaded. 
194097     INFO  main            d.u.i.k.p.r.p.TestFile    Now processing file /home/runner/work/key/key/key.core/../key.ui/examples/standard_key/arith/poly_division1.key 
194098     INFO  main            d.u.i.k.p.i.AbstractProblemLoader Loading environment from /home/runner/work/key/key/key.core/../key.ui/examples/standard_key/arith/poly_division1.key 
194098     DEBUG main            d.u.i.k.p.i.AbstractProblemLoader Environment load took 45.7ns 
194098     INFO  main            d.u.i.k.p.i.AbstractProblemLoader Creating init config 
196359     DEBUG main            d.u.i.k.p.i.AbstractProblemLoader Init config took 2.26s 
196373     INFO  main            d.u.i.k.p.i.AbstractProblemLoader Replaying proof poly_division1.key 
196374     DEBUG main            d.u.i.k.p.i.IntermediateProofReplayer Proof replay took 5.1ns 
196476     INFO  main            d.u.i.k.p.r.p.TestFile    ... finished proof: closed. 
196712     INFO  main            d.u.i.k.p.i.AbstractProblemLoader Loading environment from /home/runner/work/key/key/key.core/../key.ui/examples/standard_key/arith/poly_division1.key.proof 
196712     DEBUG main            d.u.i.k.p.i.AbstractProblemLoader Environment load took 95.5ns 
196713     INFO  main            d.u.i.k.p.i.AbstractProblemLoader Creating init config 
198945     DEBUG main            d.u.i.k.p.i.AbstractProblemLoader Init config took 2.23s 
198957     INFO  main            d.u.i.k.p.i.AbstractProblemLoader Replaying proof poly_division1.key.proof 
198963     DEBUG main            d.u.i.k.p.i.IntermediateProofReplayer Proof replay took 2.76ms 
198964     DEBUG main            d.u.i.k.p.r.p.TestFile    ... success: reloaded. 
198965     INFO  main            d.u.i.k.p.r.p.TestFile    Now processing file /home/runner/work/key/key/key.core/../key.ui/examples/standard_key/inEqSimp/division.key 
198965     INFO  main            d.u.i.k.p.i.AbstractProblemLoader Loading environment from /home/runner/work/key/key/key.core/../key.ui/examples/standard_key/inEqSimp/division.key 
198965     DEBUG main            d.u.i.k.p.i.AbstractProblemLoader Environment load took 78.2ns 
198966     INFO  main            d.u.i.k.p.i.AbstractProblemLoader Creating init config 
201254     DEBUG main            d.u.i.k.p.i.AbstractProblemLoader Init config took 2.29s 
201268     INFO  main            d.u.i.k.p.i.AbstractProblemLoader Replaying proof division.key 
201270     DEBUG main            d.u.i.k.p.i.IntermediateProofReplayer Proof replay took 6.8ns 
203284     INFO  main            d.u.i.k.p.r.p.TestFile    ... finished proof: closed. 
203533     INFO  main            d.u.i.k.p.i.AbstractProblemLoader Loading environment from /home/runner/work/key/key/key.core/../key.ui/examples/standard_key/inEqSimp/division.key.proof 
203534     DEBUG main            d.u.i.k.p.i.AbstractProblemLoader Environment load took 381.79ns 
203535     INFO  main            d.u.i.k.p.i.AbstractProblemLoader Creating init config 
205786     DEBUG main            d.u.i.k.p.i.AbstractProblemLoader Init config took 2.25s 
205799     INFO  main            d.u.i.k.p.i.AbstractProblemLoader Replaying proof division.key.proof 
205875     DEBUG main            d.u.i.k.p.i.IntermediateProofReplayer Proof replay took 68.19ms 
205876     DEBUG main            d.u.i.k.p.r.p.TestFile    ... success: reloaded. 
205877     INFO  main            d.u.i.k.p.r.p.TestFile    Now processing file /home/runner/work/key/key/key.core/../key.ui/examples/standard_key/inEqSimp/inequations0.key 
205878     INFO  main            d.u.i.k.p.i.AbstractProblemLoader Loading environment from /home/runner/work/key/key/key.core/../key.ui/examples/standard_key/inEqSimp/inequations0.key 
205878     DEBUG main            d.u.i.k.p.i.AbstractProblemLoader Environment load took 222.09ns 
205879     INFO  main            d.u.i.k.p.i.AbstractProblemLoader Creating init config 
208164     DEBUG main            d.u.i.k.p.i.AbstractProblemLoader Init config took 2.28s 
208178     INFO  main            d.u.i.k.p.i.AbstractProblemLoader Replaying proof inequations0.key 
208179     DEBUG main            d.u.i.k.p.i.IntermediateProofReplayer Proof replay took 36.2ns 
208280     INFO  main            d.u.i.k.p.r.p.TestFile    ... finished proof: closed. 
208544     INFO  main            d.u.i.k.p.i.AbstractProblemLoader Loading environment from /home/runner/work/key/key/key.core/../key.ui/examples/standard_key/inEqSimp/inequations0.key.proof 
208544     DEBUG main            d.u.i.k.p.i.AbstractProblemLoader Environment load took 90.5ns 
208545     INFO  main            d.u.i.k.p.i.AbstractProblemLoader Creating init config 
210763     DEBUG main            d.u.i.k.p.i.AbstractProblemLoader Init config took 2.22s 
210784     INFO  main            d.u.i.k.p.i.AbstractProblemLoader Replaying proof inequations0.key.proof 
210788     DEBUG main            d.u.i.k.p.i.IntermediateProofReplayer Proof replay took 1.58ms 
210789     DEBUG main            d.u.i.k.p.r.p.TestFile    ... success: reloaded. 
210791     INFO  main            d.u.i.k.p.r.p.TestFile    Now processing file /home/runner/work/key/key/key.core/../key.ui/examples/standard_key/inEqSimp/inequations1.key 
210792     INFO  main            d.u.i.k.p.i.AbstractProblemLoader Loading environment from /home/runner/work/key/key/key.core/../key.ui/examples/standard_key/inEqSimp/inequations1.key 
210796     DEBUG main            d.u.i.k.p.i.AbstractProblemLoader Environment load took 4.96ms 
210799     INFO  main            d.u.i.k.p.i.AbstractProblemLoader Creating init config 
213064     DEBUG main            d.u.i.k.p.i.AbstractProblemLoader Init config took 2.27s 
213076     INFO  main            d.u.i.k.p.i.AbstractProblemLoader Replaying proof inequations1.key 
213077     DEBUG main            d.u.i.k.p.i.IntermediateProofReplayer Proof replay took 2.8ns 
213182     INFO  main            d.u.i.k.p.r.p.TestFile    ... finished proof: closed. 
213431     INFO  main            d.u.i.k.p.i.AbstractProblemLoader Loading environment from /home/runner/work/key/key/key.core/../key.ui/examples/standard_key/inEqSimp/inequations1.key.proof 
213431     DEBUG main            d.u.i.k.p.i.AbstractProblemLoader Environment load took 78.6ns 
213432     INFO  main            d.u.i.k.p.i.AbstractProblemLoader Creating init config 
215658     DEBUG main            d.u.i.k.p.i.AbstractProblemLoader Init config took 2.23s 
215670     INFO  main            d.u.i.k.p.i.AbstractProblemLoader Replaying proof inequations1.key.proof 
215672     DEBUG main            d.u.i.k.p.i.IntermediateProofReplayer Proof replay took 815.38ns 
215673     DEBUG main            d.u.i.k.p.r.p.TestFile    ... success: reloaded. 
215673     INFO  main            d.u.i.k.p.r.p.TestFile    Now processing file /home/runner/work/key/key/key.core/../key.ui/examples/standard_key/inEqSimp/inequations2.key 
215673     INFO  main            d.u.i.k.p.i.AbstractProblemLoader Loading environment from /home/runner/work/key/key/key.core/../key.ui/examples/standard_key/inEqSimp/inequations2.key 
215673     DEBUG main            d.u.i.k.p.i.AbstractProblemLoader Environment load took 43.8ns 
215674     INFO  main            d.u.i.k.p.i.AbstractProblemLoader Creating init config 
217969     DEBUG main            d.u.i.k.p.i.AbstractProblemLoader Init config took 2.29s 
217981     INFO  main            d.u.i.k.p.i.AbstractProblemLoader Replaying proof inequations2.key 
217982     DEBUG main            d.u.i.k.p.i.IntermediateProofReplayer Proof replay took 3.1ns 
218084     INFO  main            d.u.i.k.p.r.p.TestFile    ... finished proof: closed. 
218327     INFO  main            d.u.i.k.p.i.AbstractProblemLoader Loading environment from /home/runner/work/key/key/key.core/../key.ui/examples/standard_key/inEqSimp/inequations2.key.proof 
218327     DEBUG main            d.u.i.k.p.i.AbstractProblemLoader Environment load took 79.3ns 
218328     INFO  main            d.u.i.k.p.i.AbstractProblemLoader Creating init config 
220555     DEBUG main            d.u.i.k.p.i.AbstractProblemLoader Init config took 2.23s 
220567     INFO  main            d.u.i.k.p.i.AbstractProblemLoader Replaying proof inequations2.key.proof 
220570     DEBUG main            d.u.i.k.p.i.IntermediateProofReplayer Proof replay took 1.02ms 
220570     DEBUG main            d.u.i.k.p.r.p.TestFile    ... success: reloaded. 
220571     INFO  main            d.u.i.k.p.r.p.TestFile    Now processing file /home/runner/work/key/key/key.core/../key.ui/examples/standard_key/inEqSimp/linApprox.key 
220571     INFO  main            d.u.i.k.p.i.AbstractProblemLoader Loading environment from /home/runner/work/key/key/key.core/../key.ui/examples/standard_key/inEqSimp/linApprox.key 
220572     DEBUG main            d.u.i.k.p.i.AbstractProblemLoader Environment load took 164.4ns 
220572     INFO  main            d.u.i.k.p.i.AbstractProblemLoader Creating init config 
222856     DEBUG main            d.u.i.k.p.i.AbstractProblemLoader Init config took 2.28s 
222869     INFO  main            d.u.i.k.p.i.AbstractProblemLoader Replaying proof linApprox.key 
222870     DEBUG main            d.u.i.k.p.i.IntermediateProofReplayer Proof replay took 2.2ns 
222971     INFO  main            d.u.i.k.p.r.p.TestFile    ... finished proof: closed. 
223241     INFO  main            d.u.i.k.p.i.AbstractProblemLoader Loading environment from /home/runner/work/key/key/key.core/../key.ui/examples/standard_key/inEqSimp/linApprox.key.proof 
223241     DEBUG main            d.u.i.k.p.i.AbstractProblemLoader Environment load took 78.6ns 
223242     INFO  main            d.u.i.k.p.i.AbstractProblemLoader Creating init config 
225474     DEBUG main            d.u.i.k.p.i.AbstractProblemLoader Init config took 2.23s 
225487     INFO  main            d.u.i.k.p.i.AbstractProblemLoader Replaying proof linApprox.key.proof 
225489     DEBUG main            d.u.i.k.p.i.IntermediateProofReplayer Proof replay took 1.35ms 
225490     DEBUG main            d.u.i.k.p.r.p.TestFile    ... success: reloaded. 
225491     INFO  main            d.u.i.k.p.r.p.TestFile    Now processing file /home/runner/work/key/key/key.core/../key.ui/examples/standard_key/inEqSimp/nonLinInEqExample0.key 
225491     INFO  main            d.u.i.k.p.i.AbstractProblemLoader Loading environment from /home/runner/work/key/key/key.core/../key.ui/examples/standard_key/inEqSimp/nonLinInEqExample0.key 
225491     DEBUG main            d.u.i.k.p.i.AbstractProblemLoader Environment load took 47.2ns 
225492     INFO  main            d.u.i.k.p.i.AbstractProblemLoader Creating init config 
227755     DEBUG main            d.u.i.k.p.i.AbstractProblemLoader Init config took 2.26s 
227767     INFO  main            d.u.i.k.p.i.AbstractProblemLoader Replaying proof nonLinInEqExample0.key 
227769     DEBUG main            d.u.i.k.p.i.IntermediateProofReplayer Proof replay took 3ns 
227870     INFO  main            d.u.i.k.p.r.p.TestFile    ... finished proof: closed. 
228136     INFO  main            d.u.i.k.p.i.AbstractProblemLoader Loading environment from /home/runner/work/key/key/key.core/../key.ui/examples/standard_key/inEqSimp/nonLinInEqExample0.key.proof 
228136     DEBUG main            d.u.i.k.p.i.AbstractProblemLoader Environment load took 74.5ns 
228137     INFO  main            d.u.i.k.p.i.AbstractProblemLoader Creating init config 
230358     DEBUG main            d.u.i.k.p.i.AbstractProblemLoader Init config took 2.22s 
230370     INFO  main            d.u.i.k.p.i.AbstractProblemLoader Replaying proof nonLinInEqExample0.key.proof 
230372     DEBUG main            d.u.i.k.p.i.IntermediateProofReplayer Proof replay took 537.59ns 
230373     DEBUG main            d.u.i.k.p.r.p.TestFile    ... success: reloaded. 
230373     INFO  main            d.u.i.k.p.r.p.TestFile    Now processing file /home/runner/work/key/key/key.core/../key.ui/examples/standard_key/inEqSimp/nonLinInEqExample2.key 
230374     INFO  main            d.u.i.k.p.i.AbstractProblemLoader Loading environment from /home/runner/work/key/key/key.core/../key.ui/examples/standard_key/inEqSimp/nonLinInEqExample2.key 
230374     DEBUG main            d.u.i.k.p.i.AbstractProblemLoader Environment load took 45.6ns 
230375     INFO  main            d.u.i.k.p.i.AbstractProblemLoader Creating init config 
232647     DEBUG main            d.u.i.k.p.i.AbstractProblemLoader Init config took 2.27s 
232659     INFO  main            d.u.i.k.p.i.AbstractProblemLoader Replaying proof nonLinInEqExample2.key 
232660     DEBUG main            d.u.i.k.p.i.IntermediateProofReplayer Proof replay took 2.6ns 
232966     INFO  main            d.u.i.k.p.r.p.TestFile    ... finished proof: closed. 
233240     INFO  main            d.u.i.k.p.i.AbstractProblemLoader Loading environment from /home/runner/work/key/key/key.core/../key.ui/examples/standard_key/inEqSimp/nonLinInEqExample2.key.proof 
233240     DEBUG main            d.u.i.k.p.i.AbstractProblemLoader Environment load took 87.1ns 
233241     INFO  main            d.u.i.k.p.i.AbstractProblemLoader Creating init config 
235473     DEBUG main            d.u.i.k.p.i.AbstractProblemLoader Init config took 2.23s 
235485     INFO  main            d.u.i.k.p.i.AbstractProblemLoader Replaying proof nonLinInEqExample2.key.proof 
235509     DEBUG main            d.u.i.k.p.i.IntermediateProofReplayer Proof replay took 18.43ms 
235511     DEBUG main            d.u.i.k.p.r.p.TestFile    ... success: reloaded. 
235512     INFO  main            d.u.i.k.p.r.p.TestFile    Now processing file /home/runner/work/key/key/key.core/../key.ui/examples/standard_key/inEqSimp/nonLinInEqExample3.key 
235512     INFO  main            d.u.i.k.p.i.AbstractProblemLoader Loading environment from /home/runner/work/key/key/key.core/../key.ui/examples/standard_key/inEqSimp/nonLinInEqExample3.key 
235513     DEBUG main            d.u.i.k.p.i.AbstractProblemLoader Environment load took 405.19ns 
235514     INFO  main            d.u.i.k.p.i.AbstractProblemLoader Creating init config 
237786     DEBUG main            d.u.i.k.p.i.AbstractProblemLoader Init config took 2.27s 
237798     INFO  main            d.u.i.k.p.i.AbstractProblemLoader Replaying proof nonLinInEqExample3.key 
237800     DEBUG main            d.u.i.k.p.i.IntermediateProofReplayer Proof replay took 2.7ns 
238002     INFO  main            d.u.i.k.p.r.p.TestFile    ... finished proof: closed. 
238283     INFO  main            d.u.i.k.p.i.AbstractProblemLoader Loading environment from /home/runner/work/key/key/key.core/../key.ui/examples/standard_key/inEqSimp/nonLinInEqExample3.key.proof 
238284     DEBUG main            d.u.i.k.p.i.AbstractProblemLoader Environment load took 81.7ns 
238284     INFO  main            d.u.i.k.p.i.AbstractProblemLoader Creating init config 
240504     DEBUG main            d.u.i.k.p.i.AbstractProblemLoader Init config took 2.22s 
240520     INFO  main            d.u.i.k.p.i.AbstractProblemLoader Replaying proof nonLinInEqExample3.key.proof 
240533     DEBUG main            d.u.i.k.p.i.IntermediateProofReplayer Proof replay took 10.87ms 
240534     DEBUG main            d.u.i.k.p.r.p.TestFile    ... success: reloaded. 
240535     INFO  main            d.u.i.k.p.r.p.TestFile    Now processing file /home/runner/work/key/key/key.core/../key.ui/examples/standard_key/inEqSimp/nonLinInEqExample4.key 
240535     INFO  main            d.u.i.k.p.i.AbstractProblemLoader Loading environment from /home/runner/work/key/key/key.core/../key.ui/examples/standard_key/inEqSimp/nonLinInEqExample4.key 
240535     DEBUG main            d.u.i.k.p.i.AbstractProblemLoader Environment load took 45.7ns 
240536     INFO  main            d.u.i.k.p.i.AbstractProblemLoader Creating init config 
242792     DEBUG main            d.u.i.k.p.i.AbstractProblemLoader Init config took 2.26s 
242803     INFO  main            d.u.i.k.p.i.AbstractProblemLoader Replaying proof nonLinInEqExample4.key 
242805     DEBUG main            d.u.i.k.p.i.IntermediateProofReplayer Proof replay took 3ns 
242906     INFO  main            d.u.i.k.p.r.p.TestFile    ... finished proof: closed. 
243192     INFO  main            d.u.i.k.p.i.AbstractProblemLoader Loading environment from /home/runner/work/key/key/key.core/../key.ui/examples/standard_key/inEqSimp/nonLinInEqExample4.key.proof 
243192     DEBUG main            d.u.i.k.p.i.AbstractProblemLoader Environment load took 79.9ns 
243193     INFO  main            d.u.i.k.p.i.AbstractProblemLoader Creating init config 
245411     DEBUG main            d.u.i.k.p.i.AbstractProblemLoader Init config took 2.22s 
245423     INFO  main            d.u.i.k.p.i.AbstractProblemLoader Replaying proof nonLinInEqExample4.key.proof 
245427     DEBUG main            d.u.i.k.p.i.IntermediateProofReplayer Proof replay took 2.37ms 
245428     DEBUG main            d.u.i.k.p.r.p.TestFile    ... success: reloaded. 
245429     INFO  main            d.u.i.k.p.r.p.TestFile    Now processing file /home/runner/work/key/key/key.core/../key.ui/examples/standard_key/inEqSimp/quadraticInEq.key 
245429     INFO  main            d.u.i.k.p.i.AbstractProblemLoader Loading environment from /home/runner/work/key/key/key.core/../key.ui/examples/standard_key/inEqSimp/quadraticInEq.key 
245429     DEBUG main            d.u.i.k.p.i.AbstractProblemLoader Environment load took 67.8ns 
245430     INFO  main            d.u.i.k.p.i.AbstractProblemLoader Creating init config 
247702     DEBUG main            d.u.i.k.p.i.AbstractProblemLoader Init config took 2.27s 
247714     INFO  main            d.u.i.k.p.i.AbstractProblemLoader Replaying proof quadraticInEq.key 
247716     DEBUG main            d.u.i.k.p.i.IntermediateProofReplayer Proof replay took 2.5ns 
248019     INFO  main            d.u.i.k.p.r.p.TestFile    ... finished proof: closed. 
248312     INFO  main            d.u.i.k.p.i.AbstractProblemLoader Loading environment from /home/runner/work/key/key/key.core/../key.ui/examples/standard_key/inEqSimp/quadraticInEq.key.proof 
248312     DEBUG main            d.u.i.k.p.i.AbstractProblemLoader Environment load took 83.3ns 
248314     INFO  main            d.u.i.k.p.i.AbstractProblemLoader Creating init config 
250533     DEBUG main            d.u.i.k.p.i.AbstractProblemLoader Init config took 2.22s 
250546     INFO  main            d.u.i.k.p.i.AbstractProblemLoader Replaying proof quadraticInEq.key.proof 
250574     DEBUG main            d.u.i.k.p.i.IntermediateProofReplayer Proof replay took 23.49ms 
250575     DEBUG main            d.u.i.k.p.r.p.TestFile    ... success: reloaded. 
250575     INFO  main            d.u.i.k.p.r.p.TestFile    Now processing file /home/runner/work/key/key/key.core/../key.ui/examples/standard_key/inEqSimp/quadraticInEq10.key 
250576     INFO  main            d.u.i.k.p.i.AbstractProblemLoader Loading environment from /home/runner/work/key/key/key.core/../key.ui/examples/standard_key/inEqSimp/quadraticInEq10.key 
250576     DEBUG main            d.u.i.k.p.i.AbstractProblemLoader Environment load took 88ns 
250577     INFO  main            d.u.i.k.p.i.AbstractProblemLoader Creating init config 
252866     DEBUG main            d.u.i.k.p.i.AbstractProblemLoader Init config took 2.29s 
252878     INFO  main            d.u.i.k.p.i.AbstractProblemLoader Replaying proof quadraticInEq10.key 
252879     DEBUG main            d.u.i.k.p.i.IntermediateProofReplayer Proof replay took 2.5ns 
253082     INFO  main            d.u.i.k.p.r.p.TestFile    ... finished proof: closed. 
253387     INFO  main            d.u.i.k.p.i.AbstractProblemLoader Loading environment from /home/runner/work/key/key/key.core/../key.ui/examples/standard_key/inEqSimp/quadraticInEq10.key.proof 
253387     DEBUG main            d.u.i.k.p.i.AbstractProblemLoader Environment load took 95.7ns 
253388     INFO  main            d.u.i.k.p.i.AbstractProblemLoader Creating init config 
255604     DEBUG main            d.u.i.k.p.i.AbstractProblemLoader Init config took 2.22s 
255616     INFO  main            d.u.i.k.p.i.AbstractProblemLoader Replaying proof quadraticInEq10.key.proof 
255626     DEBUG main            d.u.i.k.p.i.IntermediateProofReplayer Proof replay took 7.1ms 
255626     DEBUG main            d.u.i.k.p.r.p.TestFile    ... success: reloaded. 
255627     INFO  main            d.u.i.k.p.r.p.TestFile    Now processing file /home/runner/work/key/key/key.core/../key.ui/examples/standard_key/inEqSimp/quadraticInEq13.key 
255627     INFO  main            d.u.i.k.p.i.AbstractProblemLoader Loading environment from /home/runner/work/key/key/key.core/../key.ui/examples/standard_key/inEqSimp/quadraticInEq13.key 
255627     DEBUG main            d.u.i.k.p.i.AbstractProblemLoader Environment load took 70ns 
255628     INFO  main            d.u.i.k.p.i.AbstractProblemLoader Creating init config 
257886     DEBUG main            d.u.i.k.p.i.AbstractProblemLoader Init config took 2.26s 
257898     INFO  main            d.u.i.k.p.i.AbstractProblemLoader Replaying proof quadraticInEq13.key 
257899     DEBUG main            d.u.i.k.p.i.IntermediateProofReplayer Proof replay took 2.5ns 
258101     INFO  main            d.u.i.k.p.r.p.TestFile    ... finished proof: closed. 
258415     INFO  main            d.u.i.k.p.i.AbstractProblemLoader Loading environment from /home/runner/work/key/key/key.core/../key.ui/examples/standard_key/inEqSimp/quadraticInEq13.key.proof 
258415     DEBUG main            d.u.i.k.p.i.AbstractProblemLoader Environment load took 72.2ns 
258416     INFO  main            d.u.i.k.p.i.AbstractProblemLoader Creating init config 
260646     DEBUG main            d.u.i.k.p.i.AbstractProblemLoader Init config took 2.23s 
260659     INFO  main            d.u.i.k.p.i.AbstractProblemLoader Replaying proof quadraticInEq13.key.proof 
260681     DEBUG main            d.u.i.k.p.i.IntermediateProofReplayer Proof replay took 19.91ms 
260682     DEBUG main            d.u.i.k.p.r.p.TestFile    ... success: reloaded. 
260682     INFO  main            d.u.i.k.p.r.p.TestFile    Now processing file /home/runner/work/key/key/key.core/../key.ui/examples/standard_key/inEqSimp/quadraticInEq14.key 
260683     INFO  main            d.u.i.k.p.i.AbstractProblemLoader Loading environment from /home/runner/work/key/key/key.core/../key.ui/examples/standard_key/inEqSimp/quadraticInEq14.key 
260683     DEBUG main            d.u.i.k.p.i.AbstractProblemLoader Environment load took 44.7ns 
260683     INFO  main            d.u.i.k.p.i.AbstractProblemLoader Creating init config 
262933     DEBUG main            d.u.i.k.p.i.AbstractProblemLoader Init config took 2.25s 
262945     INFO  main            d.u.i.k.p.i.AbstractProblemLoader Replaying proof quadraticInEq14.key 
262946     DEBUG main            d.u.i.k.p.i.IntermediateProofReplayer Proof replay took 3.1ns 
263248     INFO  main            d.u.i.k.p.r.p.TestFile    ... finished proof: closed. 
263555     INFO  main            d.u.i.k.p.i.AbstractProblemLoader Loading environment from /home/runner/work/key/key/key.core/../key.ui/examples/standard_key/inEqSimp/quadraticInEq14.key.proof 
263556     DEBUG main            d.u.i.k.p.i.AbstractProblemLoader Environment load took 74.8ns 
263558     INFO  main            d.u.i.k.p.i.AbstractProblemLoader Creating init config 
265774     DEBUG main            d.u.i.k.p.i.AbstractProblemLoader Init config took 2.22s 
265794     INFO  main            d.u.i.k.p.i.AbstractProblemLoader Replaying proof quadraticInEq14.key.proof 
265808     DEBUG main            d.u.i.k.p.i.IntermediateProofReplayer Proof replay took 11.5ms 
265809     DEBUG main            d.u.i.k.p.r.p.TestFile    ... success: reloaded. 
265815     INFO  main            d.u.i.k.p.r.p.TestFile    Now processing file /home/runner/work/key/key/key.core/../key.ui/examples/standard_key/inEqSimp/quadraticInEq2.key 
265818     INFO  main            d.u.i.k.p.i.AbstractProblemLoader Loading environment from /home/runner/work/key/key/key.core/../key.ui/examples/standard_key/inEqSimp/quadraticInEq2.key 
265818     DEBUG main            d.u.i.k.p.i.AbstractProblemLoader Environment load took 194.2ns 
265819     INFO  main            d.u.i.k.p.i.AbstractProblemLoader Creating init config 
268074     DEBUG main            d.u.i.k.p.i.AbstractProblemLoader Init config took 2.26s 
268086     INFO  main            d.u.i.k.p.i.AbstractProblemLoader Replaying proof quadraticInEq2.key 
268087     DEBUG main            d.u.i.k.p.i.IntermediateProofReplayer Proof replay took 3ns 
268190     INFO  main            d.u.i.k.p.r.p.TestFile    ... finished proof: closed. 
268506     INFO  main            d.u.i.k.p.i.AbstractProblemLoader Loading environment from /home/runner/work/key/key/key.core/../key.ui/examples/standard_key/inEqSimp/quadraticInEq2.key.proof 
268506     DEBUG main            d.u.i.k.p.i.AbstractProblemLoader Environment load took 70.9ns 
268507     INFO  main            d.u.i.k.p.i.AbstractProblemLoader Creating init config 
270712     DEBUG main            d.u.i.k.p.i.AbstractProblemLoader Init config took 2.2s 
270724     INFO  main            d.u.i.k.p.i.AbstractProblemLoader Replaying proof quadraticInEq2.key.proof 
270736     DEBUG main            d.u.i.k.p.i.IntermediateProofReplayer Proof replay took 10.59ms 
270736     DEBUG main            d.u.i.k.p.r.p.TestFile    ... success: reloaded. 
270737     INFO  main            d.u.i.k.p.r.p.TestFile    Now processing file /home/runner/work/key/key/key.core/../key.ui/examples/standard_key/inEqSimp/quadraticInEq3.key 
270737     INFO  main            d.u.i.k.p.i.AbstractProblemLoader Loading environment from /home/runner/work/key/key/key.core/../key.ui/examples/standard_key/inEqSimp/quadraticInEq3.key 
270737     DEBUG main            d.u.i.k.p.i.AbstractProblemLoader Environment load took 45.2ns 
270738     INFO  main            d.u.i.k.p.i.AbstractProblemLoader Creating init config 
272992     DEBUG main            d.u.i.k.p.i.AbstractProblemLoader Init config took 2.25s 
273004     INFO  main            d.u.i.k.p.i.AbstractProblemLoader Replaying proof quadraticInEq3.key 
273007     DEBUG main            d.u.i.k.p.i.IntermediateProofReplayer Proof replay took 2.6ns 
273108     INFO  main            d.u.i.k.p.r.p.TestFile    ... finished proof: closed. 
273406     INFO  main            d.u.i.k.p.i.AbstractProblemLoader Loading environment from /home/runner/work/key/key/key.core/../key.ui/examples/standard_key/inEqSimp/quadraticInEq3.key.proof 
273406     DEBUG main            d.u.i.k.p.i.AbstractProblemLoader Environment load took 74.4ns 
273407     INFO  main            d.u.i.k.p.i.AbstractProblemLoader Creating init config 
275619     DEBUG main            d.u.i.k.p.i.AbstractProblemLoader Init config took 2.21s 
275631     INFO  main            d.u.i.k.p.i.AbstractProblemLoader Replaying proof quadraticInEq3.key.proof 
275637     DEBUG main            d.u.i.k.p.i.IntermediateProofReplayer Proof replay took 3.99ms 
275637     DEBUG main            d.u.i.k.p.r.p.TestFile    ... success: reloaded. 
275638     INFO  main            d.u.i.k.p.r.p.TestFile    Now processing file /home/runner/work/key/key/key.core/../key.ui/examples/standard_key/inEqSimp/quadraticInEq4.key 
275638     INFO  main            d.u.i.k.p.i.AbstractProblemLoader Loading environment from /home/runner/work/key/key/key.core/../key.ui/examples/standard_key/inEqSimp/quadraticInEq4.key 
275638     DEBUG main            d.u.i.k.p.i.AbstractProblemLoader Environment load took 62.5ns 
275639     INFO  main            d.u.i.k.p.i.AbstractProblemLoader Creating init config 
277884     DEBUG main            d.u.i.k.p.i.AbstractProblemLoader Init config took 2.24s 
277896     INFO  main            d.u.i.k.p.i.AbstractProblemLoader Replaying proof quadraticInEq4.key 
277898     DEBUG main            d.u.i.k.p.i.IntermediateProofReplayer Proof replay took 2.9ns 
278000     INFO  main            d.u.i.k.p.r.p.TestFile    ... finished proof: closed. 
278317     INFO  main            d.u.i.k.p.i.AbstractProblemLoader Loading environment from /home/runner/work/key/key/key.core/../key.ui/examples/standard_key/inEqSimp/quadraticInEq4.key.proof 
278317     DEBUG main            d.u.i.k.p.i.AbstractProblemLoader Environment load took 77.1ns 
278318     INFO  main            d.u.i.k.p.i.AbstractProblemLoader Creating init config 
280535     DEBUG main            d.u.i.k.p.i.AbstractProblemLoader Init config took 2.22s 
280547     INFO  main            d.u.i.k.p.i.AbstractProblemLoader Replaying proof quadraticInEq4.key.proof 
280551     DEBUG main            d.u.i.k.p.i.IntermediateProofReplayer Proof replay took 2.35ms 
280552     DEBUG main            d.u.i.k.p.r.p.TestFile    ... success: reloaded. 
280552     INFO  main            d.u.i.k.p.r.p.TestFile    Now processing file /home/runner/work/key/key/key.core/../key.ui/examples/standard_key/inEqSimp/quadraticInEq5.key 
280552     INFO  main            d.u.i.k.p.i.AbstractProblemLoader Loading environment from /home/runner/work/key/key/key.core/../key.ui/examples/standard_key/inEqSimp/quadraticInEq5.key 
280553     DEBUG main            d.u.i.k.p.i.AbstractProblemLoader Environment load took 77.6ns 
280553     INFO  main            d.u.i.k.p.i.AbstractProblemLoader Creating init config 
282799     DEBUG main            d.u.i.k.p.i.AbstractProblemLoader Init config took 2.25s 
282811     INFO  main            d.u.i.k.p.i.AbstractProblemLoader Replaying proof quadraticInEq5.key 
282812     DEBUG main            d.u.i.k.p.i.IntermediateProofReplayer Proof replay took 2.8ns 
282913     INFO  main            d.u.i.k.p.r.p.TestFile    ... finished proof: closed. 
283223     INFO  main            d.u.i.k.p.i.AbstractProblemLoader Loading environment from /home/runner/work/key/key/key.core/../key.ui/examples/standard_key/inEqSimp/quadraticInEq5.key.proof 
283223     DEBUG main            d.u.i.k.p.i.AbstractProblemLoader Environment load took 73ns 
283224     INFO  main            d.u.i.k.p.i.AbstractProblemLoader Creating init config 
285445     DEBUG main            d.u.i.k.p.i.AbstractProblemLoader Init config took 2.22s 
285457     INFO  main            d.u.i.k.p.i.AbstractProblemLoader Replaying proof quadraticInEq5.key.proof 
285461     DEBUG main            d.u.i.k.p.i.IntermediateProofReplayer Proof replay took 2.53ms 
285462     DEBUG main            d.u.i.k.p.r.p.TestFile    ... success: reloaded. 
285462     INFO  main            d.u.i.k.p.r.p.TestFile    Now processing file /home/runner/work/key/key/key.core/../key.ui/examples/standard_key/inEqSimp/quadraticInEq6.key 
285462     INFO  main            d.u.i.k.p.i.AbstractProblemLoader Loading environment from /home/runner/work/key/key/key.core/../key.ui/examples/standard_key/inEqSimp/quadraticInEq6.key 
285462     DEBUG main            d.u.i.k.p.i.AbstractProblemLoader Environment load took 84.7ns 
285463     INFO  main            d.u.i.k.p.i.AbstractProblemLoader Creating init config 
287703     DEBUG main            d.u.i.k.p.i.AbstractProblemLoader Init config took 2.24s 
287715     INFO  main            d.u.i.k.p.i.AbstractProblemLoader Replaying proof quadraticInEq6.key 
287717     DEBUG main            d.u.i.k.p.i.IntermediateProofReplayer Proof replay took 2.8ns 
287819     INFO  main            d.u.i.k.p.r.p.TestFile    ... finished proof: closed. 
288135     INFO  main            d.u.i.k.p.i.AbstractProblemLoader Loading environment from /home/runner/work/key/key/key.core/../key.ui/examples/standard_key/inEqSimp/quadraticInEq6.key.proof 
288135     DEBUG main            d.u.i.k.p.i.AbstractProblemLoader Environment load took 72.4ns 
288136     INFO  main            d.u.i.k.p.i.AbstractProblemLoader Creating init config 
290350     DEBUG main            d.u.i.k.p.i.AbstractProblemLoader Init config took 2.21s 
290362     INFO  main            d.u.i.k.p.i.AbstractProblemLoader Replaying proof quadraticInEq6.key.proof 
290368     DEBUG main            d.u.i.k.p.i.IntermediateProofReplayer Proof replay took 2.9ms 
290369     DEBUG main            d.u.i.k.p.r.p.TestFile    ... success: reloaded. 
290369     INFO  main            d.u.i.k.p.r.p.TestFile    Now processing file /home/runner/work/key/key/key.core/../key.ui/examples/standard_key/inEqSimp/quadraticInEq7.key 
290370     INFO  main            d.u.i.k.p.i.AbstractProblemLoader Loading environment from /home/runner/work/key/key/key.core/../key.ui/examples/standard_key/inEqSimp/quadraticInEq7.key 
290370     DEBUG main            d.u.i.k.p.i.AbstractProblemLoader Environment load took 164.1ns 
290371     INFO  main            d.u.i.k.p.i.AbstractProblemLoader Creating init config 
292635     DEBUG main            d.u.i.k.p.i.AbstractProblemLoader Init config took 2.26s 
292647     INFO  main            d.u.i.k.p.i.AbstractProblemLoader Replaying proof quadraticInEq7.key 
292649     DEBUG main            d.u.i.k.p.i.IntermediateProofReplayer Proof replay took 3.1ns 
292750     INFO  main            d.u.i.k.p.r.p.TestFile    ... finished proof: closed. 
293070     INFO  main            d.u.i.k.p.i.AbstractProblemLoader Loading environment from /home/runner/work/key/key/key.core/../key.ui/examples/standard_key/inEqSimp/quadraticInEq7.key.proof 
293070     DEBUG main            d.u.i.k.p.i.AbstractProblemLoader Environment load took 73.4ns 
293071     INFO  main            d.u.i.k.p.i.AbstractProblemLoader Creating init config 
295285     DEBUG main            d.u.i.k.p.i.AbstractProblemLoader Init config took 2.21s 
295297     INFO  main            d.u.i.k.p.i.AbstractProblemLoader Replaying proof quadraticInEq7.key.proof 
295299     DEBUG main            d.u.i.k.p.i.IntermediateProofReplayer Proof replay took 1.31ms 
295300     DEBUG main            d.u.i.k.p.r.p.TestFile    ... success: reloaded. 
295301     INFO  main            d.u.i.k.p.r.p.TestFile    Now processing file /home/runner/work/key/key/key.core/../key.ui/examples/standard_key/inEqSimp/quadraticInEq8.key 
295301     INFO  main            d.u.i.k.p.i.AbstractProblemLoader Loading environment from /home/runner/work/key/key/key.core/../key.ui/examples/standard_key/inEqSimp/quadraticInEq8.key 
295301     DEBUG main            d.u.i.k.p.i.AbstractProblemLoader Environment load took 56.4ns 
295302     INFO  main            d.u.i.k.p.i.AbstractProblemLoader Creating init config 
297549     DEBUG main            d.u.i.k.p.i.AbstractProblemLoader Init config took 2.25s 
297561     INFO  main            d.u.i.k.p.i.AbstractProblemLoader Replaying proof quadraticInEq8.key 
297562     DEBUG main            d.u.i.k.p.i.IntermediateProofReplayer Proof replay took 3.1ns 
297665     INFO  main            d.u.i.k.p.r.p.TestFile    ... finished proof: closed. 
297997     INFO  main            d.u.i.k.p.i.AbstractProblemLoader Loading environment from /home/runner/work/key/key/key.core/../key.ui/examples/standard_key/inEqSimp/quadraticInEq8.key.proof 
297997     DEBUG main            d.u.i.k.p.i.AbstractProblemLoader Environment load took 82.4ns 
297998     INFO  main            d.u.i.k.p.i.AbstractProblemLoader Creating init config 
300235     DEBUG main            d.u.i.k.p.i.AbstractProblemLoader Init config took 2.24s 
300248     INFO  main            d.u.i.k.p.i.AbstractProblemLoader Replaying proof quadraticInEq8.key.proof 
300257     DEBUG main            d.u.i.k.p.i.IntermediateProofReplayer Proof replay took 3.88ms 
300258     DEBUG main            d.u.i.k.p.r.p.TestFile    ... success: reloaded. 
300258     INFO  main            d.u.i.k.p.r.p.TestFile    Now processing file /home/runner/work/key/key/key.core/../key.ui/examples/standard_key/inEqSimp/simplify0.key 
300259     INFO  main            d.u.i.k.p.i.AbstractProblemLoader Loading environment from /home/runner/work/key/key/key.core/../key.ui/examples/standard_key/inEqSimp/simplify0.key 
300259     DEBUG main            d.u.i.k.p.i.AbstractProblemLoader Environment load took 40.4ns 
300260     INFO  main            d.u.i.k.p.i.AbstractProblemLoader Creating init config 
302507     DEBUG main            d.u.i.k.p.i.AbstractProblemLoader Init config took 2.25s 
302519     INFO  main            d.u.i.k.p.i.AbstractProblemLoader Replaying proof simplify0.key 
302520     DEBUG main            d.u.i.k.p.i.IntermediateProofReplayer Proof replay took 2.4ns 
302622     INFO  main            d.u.i.k.p.r.p.TestFile    ... finished proof: closed. 
302959     INFO  main            d.u.i.k.p.i.AbstractProblemLoader Loading environment from /home/runner/work/key/key/key.core/../key.ui/examples/standard_key/inEqSimp/simplify0.key.proof 
302959     DEBUG main            d.u.i.k.p.i.AbstractProblemLoader Environment load took 72.9ns 
302960     INFO  main            d.u.i.k.p.i.AbstractProblemLoader Creating init config 
305170     DEBUG main            d.u.i.k.p.i.AbstractProblemLoader Init config took 2.21s 
305183     INFO  main            d.u.i.k.p.i.AbstractProblemLoader Replaying proof simplify0.key.proof 
305184     DEBUG main            d.u.i.k.p.i.IntermediateProofReplayer Proof replay took 709.78ns 
305185     DEBUG main            d.u.i.k.p.r.p.TestFile    ... success: reloaded. 
305185     INFO  main            d.u.i.k.p.r.p.TestFile    Now processing file /home/runner/work/key/key/key.core/../key.ui/examples/standard_key/inEqSimp/simplify1.key 
305186     INFO  main            d.u.i.k.p.i.AbstractProblemLoader Loading environment from /home/runner/work/key/key/key.core/../key.ui/examples/standard_key/inEqSimp/simplify1.key 
305186     DEBUG main            d.u.i.k.p.i.AbstractProblemLoader Environment load took 41.1ns 
305186     INFO  main            d.u.i.k.p.i.AbstractProblemLoader Creating init config 
307428     DEBUG main            d.u.i.k.p.i.AbstractProblemLoader Init config took 2.24s 
307439     INFO  main            d.u.i.k.p.i.AbstractProblemLoader Replaying proof simplify1.key 
307440     DEBUG main            d.u.i.k.p.i.IntermediateProofReplayer Proof replay took 2.5ns 
307541     INFO  main            d.u.i.k.p.r.p.TestFile    ... finished proof: closed. 
307877     INFO  main            d.u.i.k.p.i.AbstractProblemLoader Loading environment from /home/runner/work/key/key/key.core/../key.ui/examples/standard_key/inEqSimp/simplify1.key.proof 
307877     DEBUG main            d.u.i.k.p.i.AbstractProblemLoader Environment load took 71.9ns 
307877     INFO  main            d.u.i.k.p.i.AbstractProblemLoader Creating init config 
310092     DEBUG main            d.u.i.k.p.i.AbstractProblemLoader Init config took 2.21s 
310104     INFO  main            d.u.i.k.p.i.AbstractProblemLoader Replaying proof simplify1.key.proof 
310106     DEBUG main            d.u.i.k.p.i.IntermediateProofReplayer Proof replay took 752.78ns 
310106     DEBUG main            d.u.i.k.p.r.p.TestFile    ... success: reloaded. 
310107     INFO  main            d.u.i.k.p.r.p.TestFile    Now processing file /home/runner/work/key/key/key.core/../key.ui/examples/standard_key/inEqSimp/simplify2.key 
310107     INFO  main            d.u.i.k.p.i.AbstractProblemLoader Loading environment from /home/runner/work/key/key/key.core/../key.ui/examples/standard_key/inEqSimp/simplify2.key 
310107     DEBUG main            d.u.i.k.p.i.AbstractProblemLoader Environment load took 54.8ns 
310108     INFO  main            d.u.i.k.p.i.AbstractProblemLoader Creating init config 
312356     DEBUG main            d.u.i.k.p.i.AbstractProblemLoader Init config took 2.25s 
312368     INFO  main            d.u.i.k.p.i.AbstractProblemLoader Replaying proof simplify2.key 
312369     DEBUG main            d.u.i.k.p.i.IntermediateProofReplayer Proof replay took 2.2ns 
312471     INFO  main            d.u.i.k.p.r.p.TestFile    ... finished proof: closed. 
312812     INFO  main            d.u.i.k.p.i.AbstractProblemLoader Loading environment from /home/runner/work/key/key/key.core/../key.ui/examples/standard_key/inEqSimp/simplify2.key.proof 
312812     DEBUG main            d.u.i.k.p.i.AbstractProblemLoader Environment load took 72.4ns 
312813     INFO  main            d.u.i.k.p.i.AbstractProblemLoader Creating init config 
315026     DEBUG main            d.u.i.k.p.i.AbstractProblemLoader Init config took 2.21s 
315038     INFO  main            d.u.i.k.p.i.AbstractProblemLoader Replaying proof simplify2.key.proof 
315046     DEBUG main            d.u.i.k.p.i.IntermediateProofReplayer Proof replay took 5.8ms 
315047     DEBUG main            d.u.i.k.p.r.p.TestFile    ... success: reloaded. 
315047     INFO  main            d.u.i.k.p.r.p.TestFile    Now processing file /home/runner/work/key/key/key.core/../key.ui/examples/standard_key/inEqSimp/simplify3.key 
315047     INFO  main            d.u.i.k.p.i.AbstractProblemLoader Loading environment from /home/runner/work/key/key/key.core/../key.ui/examples/standard_key/inEqSimp/simplify3.key 
315047     DEBUG main            d.u.i.k.p.i.AbstractProblemLoader Environment load took 66.9ns 
315048     INFO  main            d.u.i.k.p.i.AbstractProblemLoader Creating init config 
317310     DEBUG main            d.u.i.k.p.i.AbstractProblemLoader Init config took 2.26s 
317322     INFO  main            d.u.i.k.p.i.AbstractProblemLoader Replaying proof simplify3.key 
317323     DEBUG main            d.u.i.k.p.i.IntermediateProofReplayer Proof replay took 2.7ns 
317424     INFO  main            d.u.i.k.p.r.p.TestFile    ... finished proof: closed. 
317772     INFO  main            d.u.i.k.p.i.AbstractProblemLoader Loading environment from /home/runner/work/key/key/key.core/../key.ui/examples/standard_key/inEqSimp/simplify3.key.proof 
317772     DEBUG main            d.u.i.k.p.i.AbstractProblemLoader Environment load took 74.1ns 
317773     INFO  main            d.u.i.k.p.i.AbstractProblemLoader Creating init config 
319998     DEBUG main            d.u.i.k.p.i.AbstractProblemLoader Init config took 2.23s 
320010     INFO  main            d.u.i.k.p.i.AbstractProblemLoader Replaying proof simplify3.key.proof 
320013     DEBUG main            d.u.i.k.p.i.IntermediateProofReplayer Proof replay took 1.37ms 
320013     DEBUG main            d.u.i.k.p.r.p.TestFile    ... success: reloaded. 
320014     INFO  main            d.u.i.k.p.r.p.TestFile    Now processing file /home/runner/work/key/key/key.core/../key.ui/examples/standard_key/inEqSimp/simplify4.key 
320014     INFO  main            d.u.i.k.p.i.AbstractProblemLoader Loading environment from /home/runner/work/key/key/key.core/../key.ui/examples/standard_key/inEqSimp/simplify4.key 
320014     DEBUG main            d.u.i.k.p.i.AbstractProblemLoader Environment load took 39.9ns 
320015     INFO  main            d.u.i.k.p.i.AbstractProblemLoader Creating init config 
322267     DEBUG main            d.u.i.k.p.i.AbstractProblemLoader Init config took 2.25s 
322279     INFO  main            d.u.i.k.p.i.AbstractProblemLoader Replaying proof simplify4.key 
322280     DEBUG main            d.u.i.k.p.i.IntermediateProofReplayer Proof replay took 2.6ns 
322382     INFO  main            d.u.i.k.p.r.p.TestFile    ... finished proof: closed. 
322733     INFO  main            d.u.i.k.p.i.AbstractProblemLoader Loading environment from /home/runner/work/key/key/key.core/../key.ui/examples/standard_key/inEqSimp/simplify4.key.proof 
322733     DEBUG main            d.u.i.k.p.i.AbstractProblemLoader Environment load took 72.2ns 
322734     INFO  main            d.u.i.k.p.i.AbstractProblemLoader Creating init config 
324945     DEBUG main            d.u.i.k.p.i.AbstractProblemLoader Init config took 2.21s 
324958     INFO  main            d.u.i.k.p.i.AbstractProblemLoader Replaying proof simplify4.key.proof 
324965     DEBUG main            d.u.i.k.p.i.IntermediateProofReplayer Proof replay took 4.58ms 
324965     DEBUG main            d.u.i.k.p.r.p.TestFile    ... success: reloaded. 
324966     INFO  main            d.u.i.k.p.r.p.TestFile    Now processing file /home/runner/work/key/key/key.core/../key.ui/examples/standard_key/inEqSimp/simplify5.key 
324966     INFO  main            d.u.i.k.p.i.AbstractProblemLoader Loading environment from /home/runner/work/key/key/key.core/../key.ui/examples/standard_key/inEqSimp/simplify5.key 
324966     DEBUG main            d.u.i.k.p.i.AbstractProblemLoader Environment load took 68.2ns 
324967     INFO  main            d.u.i.k.p.i.AbstractProblemLoader Creating init config 
327221     DEBUG main            d.u.i.k.p.i.AbstractProblemLoader Init config took 2.25s 
327234     INFO  main            d.u.i.k.p.i.AbstractProblemLoader Replaying proof simplify5.key 
327235     DEBUG main            d.u.i.k.p.i.IntermediateProofReplayer Proof replay took 2.8ns 
327739     INFO  main            d.u.i.k.p.r.p.TestFile    ... finished proof: closed. 
328127     INFO  main            d.u.i.k.p.i.AbstractProblemLoader Loading environment from /home/runner/work/key/key/key.core/../key.ui/examples/standard_key/inEqSimp/simplify5.key.proof 
328127     DEBUG main            d.u.i.k.p.i.AbstractProblemLoader Environment load took 210ns 
328128     INFO  main            d.u.i.k.p.i.AbstractProblemLoader Creating init config 
330343     DEBUG main            d.u.i.k.p.i.AbstractProblemLoader Init config took 2.21s 
330356     INFO  main            d.u.i.k.p.i.AbstractProblemLoader Replaying proof simplify5.key.proof 
330390     DEBUG main            d.u.i.k.p.i.IntermediateProofReplayer Proof replay took 29.6ms 
330390     DEBUG main            d.u.i.k.p.r.p.TestFile    ... success: reloaded. 
330391     INFO  main            d.u.i.k.p.r.p.TestFile    Now processing file /home/runner/work/key/key/key.core/../key.ui/examples/standard_key/inEqSimp/subsumptionExample.key 
330391     INFO  main            d.u.i.k.p.i.AbstractProblemLoader Loading environment from /home/runner/work/key/key/key.core/../key.ui/examples/standard_key/inEqSimp/subsumptionExample.key 
330391     DEBUG main            d.u.i.k.p.i.AbstractProblemLoader Environment load took 54.3ns 
330392     INFO  main            d.u.i.k.p.i.AbstractProblemLoader Creating init config 
332641     DEBUG main            d.u.i.k.p.i.AbstractProblemLoader Init config took 2.25s 
332653     INFO  main            d.u.i.k.p.i.AbstractProblemLoader Replaying proof subsumptionExample.key 
332655     DEBUG main            d.u.i.k.p.i.IntermediateProofReplayer Proof replay took 2.3ns 
332757     INFO  main            d.u.i.k.p.r.p.TestFile    ... finished proof: closed. 
333147     INFO  main            d.u.i.k.p.i.AbstractProblemLoader Loading environment from /home/runner/work/key/key/key.core/../key.ui/examples/standard_key/inEqSimp/subsumptionExample.key.proof 
333147     DEBUG main            d.u.i.k.p.i.AbstractProblemLoader Environment load took 66.5ns 
333148     INFO  main            d.u.i.k.p.i.AbstractProblemLoader Creating init config 
335379     DEBUG main            d.u.i.k.p.i.AbstractProblemLoader Init config took 2.23s 
335391     INFO  main            d.u.i.k.p.i.AbstractProblemLoader Replaying proof subsumptionExample.key.proof 
335393     DEBUG main            d.u.i.k.p.i.IntermediateProofReplayer Proof replay took 540.39ns 
335393     DEBUG main            d.u.i.k.p.r.p.TestFile    ... success: reloaded. 
335394     INFO  main            d.u.i.k.p.r.p.TestFile    Now processing file /home/runner/work/key/key/key.core/../key.ui/examples/standard_key/polySimp/simplify0.key 
335394     INFO  main            d.u.i.k.p.i.AbstractProblemLoader Loading environment from /home/runner/work/key/key/key.core/../key.ui/examples/standard_key/polySimp/simplify0.key 
335394     DEBUG main            d.u.i.k.p.i.AbstractProblemLoader Environment load took 41.7ns 
335395     INFO  main            d.u.i.k.p.i.AbstractProblemLoader Creating init config 
337644     DEBUG main            d.u.i.k.p.i.AbstractProblemLoader Init config took 2.25s 
337656     INFO  main            d.u.i.k.p.i.AbstractProblemLoader Replaying proof simplify0.key 
337657     DEBUG main            d.u.i.k.p.i.IntermediateProofReplayer Proof replay took 2.8ns 
337859     INFO  main            d.u.i.k.p.r.p.TestFile    ... finished proof: closed. 
338222     INFO  main            d.u.i.k.p.i.AbstractProblemLoader Loading environment from /home/runner/work/key/key/key.core/../key.ui/examples/standard_key/polySimp/simplify0.key.proof 
338222     DEBUG main            d.u.i.k.p.i.AbstractProblemLoader Environment load took 68ns 
338223     INFO  main            d.u.i.k.p.i.AbstractProblemLoader Creating init config 
340455     DEBUG main            d.u.i.k.p.i.AbstractProblemLoader Init config took 2.23s 
340468     INFO  main            d.u.i.k.p.i.AbstractProblemLoader Replaying proof simplify0.key.proof 
340474     DEBUG main            d.u.i.k.p.i.IntermediateProofReplayer Proof replay took 4.4ms 
340475     DEBUG main            d.u.i.k.p.r.p.TestFile    ... success: reloaded. 
340476     INFO  main            d.u.i.k.p.r.p.TestFile    Now processing file /home/runner/work/key/key/key.core/../key.ui/examples/standard_key/polySimp/simplify1.key 
340476     INFO  main            d.u.i.k.p.i.AbstractProblemLoader Loading environment from /home/runner/work/key/key/key.core/../key.ui/examples/standard_key/polySimp/simplify1.key 
340476     DEBUG main            d.u.i.k.p.i.AbstractProblemLoader Environment load took 81.7ns 
340477     INFO  main            d.u.i.k.p.i.AbstractProblemLoader Creating init config 
342728     DEBUG main            d.u.i.k.p.i.AbstractProblemLoader Init config took 2.25s 
342741     INFO  main            d.u.i.k.p.i.AbstractProblemLoader Replaying proof simplify1.key 
342742     DEBUG main            d.u.i.k.p.i.IntermediateProofReplayer Proof replay took 2.3ns 
343044     INFO  main            d.u.i.k.p.r.p.TestFile    ... finished proof: closed. 
343440     INFO  main            d.u.i.k.p.i.AbstractProblemLoader Loading environment from /home/runner/work/key/key/key.core/../key.ui/examples/standard_key/polySimp/simplify1.key.proof 
343440     DEBUG main            d.u.i.k.p.i.AbstractProblemLoader Environment load took 72.7ns 
343441     INFO  main            d.u.i.k.p.i.AbstractProblemLoader Creating init config 
345654     DEBUG main            d.u.i.k.p.i.AbstractProblemLoader Init config took 2.21s 
345667     INFO  main            d.u.i.k.p.i.AbstractProblemLoader Replaying proof simplify1.key.proof 
345675     DEBUG main            d.u.i.k.p.i.IntermediateProofReplayer Proof replay took 6.09ms 
345676     DEBUG main            d.u.i.k.p.r.p.TestFile    ... success: reloaded. 
345676     INFO  main            d.u.i.k.p.r.p.TestFile    Now processing file /home/runner/work/key/key/key.core/../key.ui/examples/standard_key/polySimp/simplify10.key 
345676     INFO  main            d.u.i.k.p.i.AbstractProblemLoader Loading environment from /home/runner/work/key/key/key.core/../key.ui/examples/standard_key/polySimp/simplify10.key 
345676     DEBUG main            d.u.i.k.p.i.AbstractProblemLoader Environment load took 39.6ns 
345678     INFO  main            d.u.i.k.p.i.AbstractProblemLoader Creating init config 
347962     DEBUG main            d.u.i.k.p.i.AbstractProblemLoader Init config took 2.28s 
347975     INFO  main            d.u.i.k.p.i.AbstractProblemLoader Replaying proof simplify10.key 
347976     DEBUG main            d.u.i.k.p.i.IntermediateProofReplayer Proof replay took 2.6ns 
348179     INFO  main            d.u.i.k.p.r.p.TestFile    ... finished proof: closed. 
348580     INFO  main            d.u.i.k.p.i.AbstractProblemLoader Loading environment from /home/runner/work/key/key/key.core/../key.ui/examples/standard_key/polySimp/simplify10.key.proof 
348580     DEBUG main            d.u.i.k.p.i.AbstractProblemLoader Environment load took 74.2ns 
348581     INFO  main            d.u.i.k.p.i.AbstractProblemLoader Creating init config 
350806     DEBUG main            d.u.i.k.p.i.AbstractProblemLoader Init config took 2.22s 
350821     INFO  main            d.u.i.k.p.i.AbstractProblemLoader Replaying proof simplify10.key.proof 
350832     DEBUG main            d.u.i.k.p.i.IntermediateProofReplayer Proof replay took 7.99ms 
350833     DEBUG main            d.u.i.k.p.r.p.TestFile    ... success: reloaded. 
350834     INFO  main            d.u.i.k.p.r.p.TestFile    Now processing file /home/runner/work/key/key/key.core/../key.ui/examples/standard_key/polySimp/simplify11.key 
350834     INFO  main            d.u.i.k.p.i.AbstractProblemLoader Loading environment from /home/runner/work/key/key/key.core/../key.ui/examples/standard_key/polySimp/simplify11.key 
350834     DEBUG main            d.u.i.k.p.i.AbstractProblemLoader Environment load took 158.9ns 
350835     INFO  main            d.u.i.k.p.i.AbstractProblemLoader Creating init config 
353097     DEBUG main            d.u.i.k.p.i.AbstractProblemLoader Init config took 2.26s 
353109     INFO  main            d.u.i.k.p.i.AbstractProblemLoader Replaying proof simplify11.key 
353110     DEBUG main            d.u.i.k.p.i.IntermediateProofReplayer Proof replay took 2ns 
353312     INFO  main            d.u.i.k.p.r.p.TestFile    ... finished proof: closed. 
353711     INFO  main            d.u.i.k.p.i.AbstractProblemLoader Loading environment from /home/runner/work/key/key/key.core/../key.ui/examples/standard_key/polySimp/simplify11.key.proof 
353711     DEBUG main            d.u.i.k.p.i.AbstractProblemLoader Environment load took 78.6ns 
353712     INFO  main            d.u.i.k.p.i.AbstractProblemLoader Creating init config 
355929     DEBUG main            d.u.i.k.p.i.AbstractProblemLoader Init config took 2.22s 
355942     INFO  main            d.u.i.k.p.i.AbstractProblemLoader Replaying proof simplify11.key.proof 
355951     DEBUG main            d.u.i.k.p.i.IntermediateProofReplayer Proof replay took 6.82ms 
355952     DEBUG main            d.u.i.k.p.r.p.TestFile    ... success: reloaded. 
355952     INFO  main            d.u.i.k.p.r.p.TestFile    Now processing file /home/runner/work/key/key/key.core/../key.ui/examples/standard_key/polySimp/simplify12.key 
355952     INFO  main            d.u.i.k.p.i.AbstractProblemLoader Loading environment from /home/runner/work/key/key/key.core/../key.ui/examples/standard_key/polySimp/simplify12.key 
355953     DEBUG main            d.u.i.k.p.i.AbstractProblemLoader Environment load took 40.4ns 
355953     INFO  main            d.u.i.k.p.i.AbstractProblemLoader Creating init config 
358203     DEBUG main            d.u.i.k.p.i.AbstractProblemLoader Init config took 2.25s 
358215     INFO  main            d.u.i.k.p.i.AbstractProblemLoader Replaying proof simplify12.key 
358216     DEBUG main            d.u.i.k.p.i.IntermediateProofReplayer Proof replay took 2.4ns 
358317     INFO  main            d.u.i.k.p.r.p.TestFile    ... finished proof: closed. 
358725     INFO  main            d.u.i.k.p.i.AbstractProblemLoader Loading environment from /home/runner/work/key/key/key.core/../key.ui/examples/standard_key/polySimp/simplify12.key.proof 
358726     DEBUG main            d.u.i.k.p.i.AbstractProblemLoader Environment load took 73.1ns 
358726     INFO  main            d.u.i.k.p.i.AbstractProblemLoader Creating init config 
360943     DEBUG main            d.u.i.k.p.i.AbstractProblemLoader Init config took 2.22s 
360955     INFO  main            d.u.i.k.p.i.AbstractProblemLoader Replaying proof simplify12.key.proof 
360960     DEBUG main            d.u.i.k.p.i.IntermediateProofReplayer Proof replay took 3.31ms 
360960     DEBUG main            d.u.i.k.p.r.p.TestFile    ... success: reloaded. 
360961     INFO  main            d.u.i.k.p.r.p.TestFile    Now processing file /home/runner/work/key/key/key.core/../key.ui/examples/standard_key/polySimp/simplify13.key 
360961     INFO  main            d.u.i.k.p.i.AbstractProblemLoader Loading environment from /home/runner/work/key/key/key.core/../key.ui/examples/standard_key/polySimp/simplify13.key 
360961     DEBUG main            d.u.i.k.p.i.AbstractProblemLoader Environment load took 58.4ns 
360962     INFO  main            d.u.i.k.p.i.AbstractProblemLoader Creating init config 
363218     DEBUG main            d.u.i.k.p.i.AbstractProblemLoader Init config took 2.26s 
363230     INFO  main            d.u.i.k.p.i.AbstractProblemLoader Replaying proof simplify13.key 
363231     DEBUG main            d.u.i.k.p.i.IntermediateProofReplayer Proof replay took 2.7ns 
363332     INFO  main            d.u.i.k.p.r.p.TestFile    ... finished proof: closed. 
363740     INFO  main            d.u.i.k.p.i.AbstractProblemLoader Loading environment from /home/runner/work/key/key/key.core/../key.ui/examples/standard_key/polySimp/simplify13.key.proof 
363740     DEBUG main            d.u.i.k.p.i.AbstractProblemLoader Environment load took 74.1ns 
363741     INFO  main            d.u.i.k.p.i.AbstractProblemLoader Creating init config 
365967     DEBUG main            d.u.i.k.p.i.AbstractProblemLoader Init config took 2.23s 
365979     INFO  main            d.u.i.k.p.i.AbstractProblemLoader Replaying proof simplify13.key.proof 
365982     DEBUG main            d.u.i.k.p.i.IntermediateProofReplayer Proof replay took 2.03ms 
365983     DEBUG main            d.u.i.k.p.r.p.TestFile    ... success: reloaded. 
365984     INFO  main            d.u.i.k.p.r.p.TestFile    Now processing file /home/runner/work/key/key/key.core/../key.ui/examples/standard_key/polySimp/simplify14.key 
365984     INFO  main            d.u.i.k.p.i.AbstractProblemLoader Loading environment from /home/runner/work/key/key/key.core/../key.ui/examples/standard_key/polySimp/simplify14.key 
365984     DEBUG main            d.u.i.k.p.i.AbstractProblemLoader Environment load took 42ns 
365985     INFO  main            d.u.i.k.p.i.AbstractProblemLoader Creating init config 
368250     DEBUG main            d.u.i.k.p.i.AbstractProblemLoader Init config took 2.27s 
368263     INFO  main            d.u.i.k.p.i.AbstractProblemLoader Replaying proof simplify14.key 
368263     DEBUG main            d.u.i.k.p.i.IntermediateProofReplayer Proof replay took 1.9ns 
368365     INFO  main            d.u.i.k.p.r.p.TestFile    ... finished proof: closed. 
368765     INFO  main            d.u.i.k.p.i.AbstractProblemLoader Loading environment from /home/runner/work/key/key/key.core/../key.ui/examples/standard_key/polySimp/simplify14.key.proof 
368765     DEBUG main            d.u.i.k.p.i.AbstractProblemLoader Environment load took 68.9ns 
368766     INFO  main            d.u.i.k.p.i.AbstractProblemLoader Creating init config 
370988     DEBUG main            d.u.i.k.p.i.AbstractProblemLoader Init config took 2.22s 
371001     INFO  main            d.u.i.k.p.i.AbstractProblemLoader Replaying proof simplify14.key.proof 
371003     DEBUG main            d.u.i.k.p.i.IntermediateProofReplayer Proof replay took 416.19ns 
371004     DEBUG main            d.u.i.k.p.r.p.TestFile    ... success: reloaded. 
371004     INFO  main            d.u.i.k.p.r.p.TestFile    Now processing file /home/runner/work/key/key/key.core/../key.ui/examples/standard_key/polySimp/simplify15.key 
371004     INFO  main            d.u.i.k.p.i.AbstractProblemLoader Loading environment from /home/runner/work/key/key/key.core/../key.ui/examples/standard_key/polySimp/simplify15.key 
371004     DEBUG main            d.u.i.k.p.i.AbstractProblemLoader Environment load took 40ns 
371005     INFO  main            d.u.i.k.p.i.AbstractProblemLoader Creating init config 
373274     DEBUG main            d.u.i.k.p.i.AbstractProblemLoader Init config took 2.27s 
373286     INFO  main            d.u.i.k.p.i.AbstractProblemLoader Replaying proof simplify15.key 
373287     DEBUG main            d.u.i.k.p.i.IntermediateProofReplayer Proof replay took 2.3ns 
373392     INFO  main            d.u.i.k.p.r.p.TestFile    ... finished proof: closed. 
373784     INFO  main            d.u.i.k.p.i.AbstractProblemLoader Loading environment from /home/runner/work/key/key/key.core/../key.ui/examples/standard_key/polySimp/simplify15.key.proof 
373784     DEBUG main            d.u.i.k.p.i.AbstractProblemLoader Environment load took 72.2ns 
373785     INFO  main            d.u.i.k.p.i.AbstractProblemLoader Creating init config 
376004     DEBUG main            d.u.i.k.p.i.AbstractProblemLoader Init config took 2.22s 
376016     INFO  main            d.u.i.k.p.i.AbstractProblemLoader Replaying proof simplify15.key.proof 
376017     DEBUG main            d.u.i.k.p.i.IntermediateProofReplayer Proof replay took 283.09ns 
376018     DEBUG main            d.u.i.k.p.r.p.TestFile    ... success: reloaded. 
376018     INFO  main            d.u.i.k.p.r.p.TestFile    Now processing file /home/runner/work/key/key/key.core/../key.ui/examples/standard_key/polySimp/simplify16.key 
376018     INFO  main            d.u.i.k.p.i.AbstractProblemLoader Loading environment from /home/runner/work/key/key/key.core/../key.ui/examples/standard_key/polySimp/simplify16.key 
376018     DEBUG main            d.u.i.k.p.i.AbstractProblemLoader Environment load took 55.3ns 
376019     INFO  main            d.u.i.k.p.i.AbstractProblemLoader Creating init config 
378265     DEBUG main            d.u.i.k.p.i.AbstractProblemLoader Init config took 2.25s 
378277     INFO  main            d.u.i.k.p.i.AbstractProblemLoader Replaying proof simplify16.key 
378278     DEBUG main            d.u.i.k.p.i.IntermediateProofReplayer Proof replay took 3ns 
378379     INFO  main            d.u.i.k.p.r.p.TestFile    ... finished proof: closed. 
378786     INFO  main            d.u.i.k.p.i.AbstractProblemLoader Loading environment from /home/runner/work/key/key/key.core/../key.ui/examples/standard_key/polySimp/simplify16.key.proof 
378786     DEBUG main            d.u.i.k.p.i.AbstractProblemLoader Environment load took 68ns 
378787     INFO  main            d.u.i.k.p.i.AbstractProblemLoader Creating init config 
381008     DEBUG main            d.u.i.k.p.i.AbstractProblemLoader Init config took 2.22s 
381020     INFO  main            d.u.i.k.p.i.AbstractProblemLoader Replaying proof simplify16.key.proof 
381021     DEBUG main            d.u.i.k.p.i.IntermediateProofReplayer Proof replay took 188.5ns 
381022     DEBUG main            d.u.i.k.p.r.p.TestFile    ... success: reloaded. 
381022     INFO  main            d.u.i.k.p.r.p.TestFile    Now processing file /home/runner/work/key/key/key.core/../key.ui/examples/standard_key/polySimp/simplify17.key 
381022     INFO  main            d.u.i.k.p.i.AbstractProblemLoader Loading environment from /home/runner/work/key/key/key.core/../key.ui/examples/standard_key/polySimp/simplify17.key 
381023     DEBUG main            d.u.i.k.p.i.AbstractProblemLoader Environment load took 79.3ns 
381023     INFO  main            d.u.i.k.p.i.AbstractProblemLoader Creating init config 
383270     DEBUG main            d.u.i.k.p.i.AbstractProblemLoader Init config took 2.25s 
383282     INFO  main            d.u.i.k.p.i.AbstractProblemLoader Replaying proof simplify17.key 
383283     DEBUG main            d.u.i.k.p.i.IntermediateProofReplayer Proof replay took 2.1ns 
383388     INFO  main            d.u.i.k.p.r.p.TestFile    ... finished proof: closed. 
383811     INFO  main            d.u.i.k.p.i.AbstractProblemLoader Loading environment from /home/runner/work/key/key/key.core/../key.ui/examples/standard_key/polySimp/simplify17.key.proof 
383812     DEBUG main            d.u.i.k.p.i.AbstractProblemLoader Environment load took 72.8ns 
383812     INFO  main            d.u.i.k.p.i.AbstractProblemLoader Creating init config 
386029     DEBUG main            d.u.i.k.p.i.AbstractProblemLoader Init config took 2.22s 
386041     INFO  main            d.u.i.k.p.i.AbstractProblemLoader Replaying proof simplify17.key.proof 
386045     DEBUG main            d.u.i.k.p.i.IntermediateProofReplayer Proof replay took 2.57ms 
386045     DEBUG main            d.u.i.k.p.r.p.TestFile    ... success: reloaded. 
386046     INFO  main            d.u.i.k.p.r.p.TestFile    Now processing file /home/runner/work/key/key/key.core/../key.ui/examples/standard_key/polySimp/simplify18.key 
386046     INFO  main            d.u.i.k.p.i.AbstractProblemLoader Loading environment from /home/runner/work/key/key/key.core/../key.ui/examples/standard_key/polySimp/simplify18.key 
386046     DEBUG main            d.u.i.k.p.i.AbstractProblemLoader Environment load took 35ns 
386047     INFO  main            d.u.i.k.p.i.AbstractProblemLoader Creating init config 
388316     DEBUG main            d.u.i.k.p.i.AbstractProblemLoader Init config took 2.27s 
388328     INFO  main            d.u.i.k.p.i.AbstractProblemLoader Replaying proof simplify18.key 
388329     DEBUG main            d.u.i.k.p.i.IntermediateProofReplayer Proof replay took 2.3ns 
388531     INFO  main            d.u.i.k.p.r.p.TestFile    ... finished proof: closed. 
388959     INFO  main            d.u.i.k.p.i.AbstractProblemLoader Loading environment from /home/runner/work/key/key/key.core/../key.ui/examples/standard_key/polySimp/simplify18.key.proof 
388959     DEBUG main            d.u.i.k.p.i.AbstractProblemLoader Environment load took 74.2ns 
388960     INFO  main            d.u.i.k.p.i.AbstractProblemLoader Creating init config 
391265     DEBUG main            d.u.i.k.p.i.AbstractProblemLoader Init config took 2.3s 
391278     INFO  main            d.u.i.k.p.i.AbstractProblemLoader Replaying proof simplify18.key.proof 
391285     DEBUG main            d.u.i.k.p.i.IntermediateProofReplayer Proof replay took 5.7ms 
391286     DEBUG main            d.u.i.k.p.r.p.TestFile    ... success: reloaded. 
391286     INFO  main            d.u.i.k.p.r.p.TestFile    Now processing file /home/runner/work/key/key/key.core/../key.ui/examples/standard_key/polySimp/simplify19.key 
391286     INFO  main            d.u.i.k.p.i.AbstractProblemLoader Loading environment from /home/runner/work/key/key/key.core/../key.ui/examples/standard_key/polySimp/simplify19.key 
391286     DEBUG main            d.u.i.k.p.i.AbstractProblemLoader Environment load took 59.3ns 
391287     INFO  main            d.u.i.k.p.i.AbstractProblemLoader Creating init config 
393555     DEBUG main            d.u.i.k.p.i.AbstractProblemLoader Init config took 2.27s 
393568     INFO  main            d.u.i.k.p.i.AbstractProblemLoader Replaying proof simplify19.key 
393569     DEBUG main            d.u.i.k.p.i.IntermediateProofReplayer Proof replay took 2.8ns 
396603     INFO  main            d.u.i.k.p.r.p.TestFile    ... finished proof: closed. 
397065     INFO  main            d.u.i.k.p.i.AbstractProblemLoader Loading environment from /home/runner/work/key/key/key.core/../key.ui/examples/standard_key/polySimp/simplify19.key.proof 
397066     DEBUG main            d.u.i.k.p.i.AbstractProblemLoader Environment load took 77.4ns 
397067     INFO  main            d.u.i.k.p.i.AbstractProblemLoader Creating init config 
399289     DEBUG main            d.u.i.k.p.i.AbstractProblemLoader Init config took 2.22s 
399302     INFO  main            d.u.i.k.p.i.AbstractProblemLoader Replaying proof simplify19.key.proof 
399397     DEBUG main            d.u.i.k.p.i.IntermediateProofReplayer Proof replay took 83.89ms 
399398     DEBUG main            d.u.i.k.p.r.p.TestFile    ... success: reloaded. 
399399     INFO  main            d.u.i.k.p.r.p.TestFile    Now processing file /home/runner/work/key/key/key.core/../key.ui/examples/standard_key/polySimp/simplify2.key 
399399     INFO  main            d.u.i.k.p.i.AbstractProblemLoader Loading environment from /home/runner/work/key/key/key.core/../key.ui/examples/standard_key/polySimp/simplify2.key 
399399     DEBUG main            d.u.i.k.p.i.AbstractProblemLoader Environment load took 66.8ns 
399400     INFO  main            d.u.i.k.p.i.AbstractProblemLoader Creating init config 
401663     DEBUG main            d.u.i.k.p.i.AbstractProblemLoader Init config took 2.26s 
401674     INFO  main            d.u.i.k.p.i.AbstractProblemLoader Replaying proof simplify2.key 
401677     DEBUG main            d.u.i.k.p.i.IntermediateProofReplayer Proof replay took 2.2ns 
401778     INFO  main            d.u.i.k.p.r.p.TestFile    ... finished proof: closed. 
402251     INFO  main            d.u.i.k.p.i.AbstractProblemLoader Loading environment from /home/runner/work/key/key/key.core/../key.ui/examples/standard_key/polySimp/simplify2.key.proof 
402251     DEBUG main            d.u.i.k.p.i.AbstractProblemLoader Environment load took 72.1ns 
402252     INFO  main            d.u.i.k.p.i.AbstractProblemLoader Creating init config 
404488     DEBUG main            d.u.i.k.p.i.AbstractProblemLoader Init config took 2.24s 
404500     INFO  main            d.u.i.k.p.i.AbstractProblemLoader Replaying proof simplify2.key.proof 
404502     DEBUG main            d.u.i.k.p.i.IntermediateProofReplayer Proof replay took 422.39ns 
404502     DEBUG main            d.u.i.k.p.r.p.TestFile    ... success: reloaded. 
404503     INFO  main            d.u.i.k.p.r.p.TestFile    Now processing file /home/runner/work/key/key/key.core/../key.ui/examples/standard_key/polySimp/simplify20.key 
404503     INFO  main            d.u.i.k.p.i.AbstractProblemLoader Loading environment from /home/runner/work/key/key/key.core/../key.ui/examples/standard_key/polySimp/simplify20.key 
404503     DEBUG main            d.u.i.k.p.i.AbstractProblemLoader Environment load took 38.4ns 
404504     INFO  main            d.u.i.k.p.i.AbstractProblemLoader Creating init config 
406754     DEBUG main            d.u.i.k.p.i.AbstractProblemLoader Init config took 2.25s 
406766     INFO  main            d.u.i.k.p.i.AbstractProblemLoader Replaying proof simplify20.key 
406767     DEBUG main            d.u.i.k.p.i.IntermediateProofReplayer Proof replay took 2.7ns 
407370     INFO  main            d.u.i.k.p.r.p.TestFile    ... finished proof: closed. 
407843     INFO  main            d.u.i.k.p.i.AbstractProblemLoader Loading environment from /home/runner/work/key/key/key.core/../key.ui/examples/standard_key/polySimp/simplify20.key.proof 
407844     DEBUG main            d.u.i.k.p.i.AbstractProblemLoader Environment load took 80.1ns 
407845     INFO  main            d.u.i.k.p.i.AbstractProblemLoader Creating init config 
410064     DEBUG main            d.u.i.k.p.i.AbstractProblemLoader Init config took 2.22s 
410077     INFO  main            d.u.i.k.p.i.AbstractProblemLoader Replaying proof simplify20.key.proof 
410105     DEBUG main            d.u.i.k.p.i.IntermediateProofReplayer Proof replay took 23.7ms 
410106     DEBUG main            d.u.i.k.p.r.p.TestFile    ... success: reloaded. 
410106     INFO  main            d.u.i.k.p.r.p.TestFile    Now processing file /home/runner/work/key/key/key.core/../key.ui/examples/standard_key/polySimp/simplify21.key 
410107     INFO  main            d.u.i.k.p.i.AbstractProblemLoader Loading environment from /home/runner/work/key/key/key.core/../key.ui/examples/standard_key/polySimp/simplify21.key 
410107     DEBUG main            d.u.i.k.p.i.AbstractProblemLoader Environment load took 66.2ns 
410109     INFO  main            d.u.i.k.p.i.AbstractProblemLoader Creating init config 
412401     DEBUG main            d.u.i.k.p.i.AbstractProblemLoader Init config took 2.29s 
412414     INFO  main            d.u.i.k.p.i.AbstractProblemLoader Replaying proof simplify21.key 
412415     DEBUG main            d.u.i.k.p.i.IntermediateProofReplayer Proof replay took 2.5ns 
413020     INFO  main            d.u.i.k.p.r.p.TestFile    ... finished proof: closed. 
413507     INFO  main            d.u.i.k.p.i.AbstractProblemLoader Loading environment from /home/runner/work/key/key/key.core/../key.ui/examples/standard_key/polySimp/simplify21.key.proof 
413507     DEBUG main            d.u.i.k.p.i.AbstractProblemLoader Environment load took 74.5ns 
413509     INFO  main            d.u.i.k.p.i.AbstractProblemLoader Creating init config 
415807     DEBUG main            d.u.i.k.p.i.AbstractProblemLoader Init config took 2.3s 
415824     INFO  main            d.u.i.k.p.i.AbstractProblemLoader Replaying proof simplify21.key.proof 
415849     DEBUG main            d.u.i.k.p.i.IntermediateProofReplayer Proof replay took 20.51ms 
415851     DEBUG main            d.u.i.k.p.r.p.TestFile    ... success: reloaded. 
415852     INFO  main            d.u.i.k.p.r.p.TestFile    Now processing file /home/runner/work/key/key/key.core/../key.ui/examples/standard_key/polySimp/simplify22.key 
415852     INFO  main            d.u.i.k.p.i.AbstractProblemLoader Loading environment from /home/runner/work/key/key/key.core/../key.ui/examples/standard_key/polySimp/simplify22.key 
415852     DEBUG main            d.u.i.k.p.i.AbstractProblemLoader Environment load took 160.9ns 
415853     INFO  main            d.u.i.k.p.i.AbstractProblemLoader Creating init config 
418202     DEBUG main            d.u.i.k.p.i.AbstractProblemLoader Init config took 2.35s 
418215     INFO  main            d.u.i.k.p.i.AbstractProblemLoader Replaying proof simplify22.key 
418215     DEBUG main            d.u.i.k.p.i.IntermediateProofReplayer Proof replay took 2.3ns 
418317     INFO  main            d.u.i.k.p.r.p.TestFile    ... finished proof: closed. 
418756     INFO  main            d.u.i.k.p.i.AbstractProblemLoader Loading environment from /home/runner/work/key/key/key.core/../key.ui/examples/standard_key/polySimp/simplify22.key.proof 
418756     DEBUG main            d.u.i.k.p.i.AbstractProblemLoader Environment load took 72.7ns 
418757     INFO  main            d.u.i.k.p.i.AbstractProblemLoader Creating init config 
420978     DEBUG main            d.u.i.k.p.i.AbstractProblemLoader Init config took 2.22s 
420990     INFO  main            d.u.i.k.p.i.AbstractProblemLoader Replaying proof simplify22.key.proof 
420993     DEBUG main            d.u.i.k.p.i.IntermediateProofReplayer Proof replay took 1.79ms 
420993     DEBUG main            d.u.i.k.p.r.p.TestFile    ... success: reloaded. 
420994     INFO  main            d.u.i.k.p.r.p.TestFile    Now processing file /home/runner/work/key/key/key.core/../key.ui/examples/standard_key/polySimp/simplify23.key 
420994     INFO  main            d.u.i.k.p.i.AbstractProblemLoader Loading environment from /home/runner/work/key/key/key.core/../key.ui/examples/standard_key/polySimp/simplify23.key 
420994     DEBUG main            d.u.i.k.p.i.AbstractProblemLoader Environment load took 52.6ns 
420995     INFO  main            d.u.i.k.p.i.AbstractProblemLoader Creating init config 
423250     DEBUG main            d.u.i.k.p.i.AbstractProblemLoader Init config took 2.26s 
423262     INFO  main            d.u.i.k.p.i.AbstractProblemLoader Replaying proof simplify23.key 
423263     DEBUG main            d.u.i.k.p.i.IntermediateProofReplayer Proof replay took 2.6ns 
423366     INFO  main            d.u.i.k.p.r.p.TestFile    ... finished proof: closed. 
423817     INFO  main            d.u.i.k.p.i.AbstractProblemLoader Loading environment from /home/runner/work/key/key/key.core/../key.ui/examples/standard_key/polySimp/simplify23.key.proof 
423817     DEBUG main            d.u.i.k.p.i.AbstractProblemLoader Environment load took 79.9ns 
423818     INFO  main            d.u.i.k.p.i.AbstractProblemLoader Creating init config 
426026     DEBUG main            d.u.i.k.p.i.AbstractProblemLoader Init config took 2.21s 
426039     INFO  main            d.u.i.k.p.i.AbstractProblemLoader Replaying proof simplify23.key.proof 
426045     DEBUG main            d.u.i.k.p.i.IntermediateProofReplayer Proof replay took 4.84ms 
426046     DEBUG main            d.u.i.k.p.r.p.TestFile    ... success: reloaded. 
426046     INFO  main            d.u.i.k.p.r.p.TestFile    Now processing file /home/runner/work/key/key/key.core/../key.ui/examples/standard_key/polySimp/simplify24.key 
426046     INFO  main            d.u.i.k.p.i.AbstractProblemLoader Loading environment from /home/runner/work/key/key/key.core/../key.ui/examples/standard_key/polySimp/simplify24.key 
426046     DEBUG main            d.u.i.k.p.i.AbstractProblemLoader Environment load took 38.9ns 
426047     INFO  main            d.u.i.k.p.i.AbstractProblemLoader Creating init config 
428310     DEBUG main            d.u.i.k.p.i.AbstractProblemLoader Init config took 2.26s 
428322     INFO  main            d.u.i.k.p.i.AbstractProblemLoader Replaying proof simplify24.key 
428323     DEBUG main            d.u.i.k.p.i.IntermediateProofReplayer Proof replay took 2.8ns 
428426     INFO  main            d.u.i.k.p.r.p.TestFile    ... finished proof: closed. 
428883     INFO  main            d.u.i.k.p.i.AbstractProblemLoader Loading environment from /home/runner/work/key/key/key.core/../key.ui/examples/standard_key/polySimp/simplify24.key.proof 
428883     DEBUG main            d.u.i.k.p.i.AbstractProblemLoader Environment load took 77.7ns 
428884     INFO  main            d.u.i.k.p.i.AbstractProblemLoader Creating init config 
431171     DEBUG main            d.u.i.k.p.i.AbstractProblemLoader Init config took 2.29s 
431185     INFO  main            d.u.i.k.p.i.AbstractProblemLoader Replaying proof simplify24.key.proof 
431188     DEBUG main            d.u.i.k.p.i.IntermediateProofReplayer Proof replay took 1.18ms 
431189     DEBUG main            d.u.i.k.p.r.p.TestFile    ... success: reloaded. 
431189     INFO  main            d.u.i.k.p.r.p.TestFile    Now processing file /home/runner/work/key/key/key.core/../key.ui/examples/standard_key/polySimp/simplify25.key 
431190     INFO  main            d.u.i.k.p.i.AbstractProblemLoader Loading environment from /home/runner/work/key/key/key.core/../key.ui/examples/standard_key/polySimp/simplify25.key 
431190     DEBUG main            d.u.i.k.p.i.AbstractProblemLoader Environment load took 161.4ns 
431191     INFO  main            d.u.i.k.p.i.AbstractProblemLoader Creating init config 
433528     DEBUG main            d.u.i.k.p.i.AbstractProblemLoader Init config took 2.34s 
433542     INFO  main            d.u.i.k.p.i.AbstractProblemLoader Replaying proof simplify25.key 
433543     DEBUG main            d.u.i.k.p.i.IntermediateProofReplayer Proof replay took 2.8ns 
433645     INFO  main            d.u.i.k.p.r.p.TestFile    ... finished proof: closed. 
434099     INFO  main            d.u.i.k.p.i.AbstractProblemLoader Loading environment from /home/runner/work/key/key/key.core/../key.ui/examples/standard_key/polySimp/simplify25.key.proof 
434099     DEBUG main            d.u.i.k.p.i.AbstractProblemLoader Environment load took 68.8ns 
434100     INFO  main            d.u.i.k.p.i.AbstractProblemLoader Creating init config 
436308     DEBUG main            d.u.i.k.p.i.AbstractProblemLoader Init config took 2.21s 
436328     INFO  main            d.u.i.k.p.i.AbstractProblemLoader Replaying proof simplify25.key.proof 
436331     DEBUG main            d.u.i.k.p.i.IntermediateProofReplayer Proof replay took 1.27ms 
436331     DEBUG main            d.u.i.k.p.r.p.TestFile    ... success: reloaded. 
436332     INFO  main            d.u.i.k.p.r.p.TestFile    Now processing file /home/runner/work/key/key/key.core/../key.ui/examples/standard_key/polySimp/simplify3.key 
436332     INFO  main            d.u.i.k.p.i.AbstractProblemLoader Loading environment from /home/runner/work/key/key/key.core/../key.ui/examples/standard_key/polySimp/simplify3.key 
436332     DEBUG main            d.u.i.k.p.i.AbstractProblemLoader Environment load took 47.2ns 
436333     INFO  main            d.u.i.k.p.i.AbstractProblemLoader Creating init config 
438581     DEBUG main            d.u.i.k.p.i.AbstractProblemLoader Init config took 2.25s 
438593     INFO  main            d.u.i.k.p.i.AbstractProblemLoader Replaying proof simplify3.key 
438594     DEBUG main            d.u.i.k.p.i.IntermediateProofReplayer Proof replay took 2.4ns 
438696     INFO  main            d.u.i.k.p.r.p.TestFile    ... finished proof: closed. 
439153     INFO  main            d.u.i.k.p.i.AbstractProblemLoader Loading environment from /home/runner/work/key/key/key.core/../key.ui/examples/standard_key/polySimp/simplify3.key.proof 
439153     DEBUG main            d.u.i.k.p.i.AbstractProblemLoader Environment load took 67.7ns 
439154     INFO  main            d.u.i.k.p.i.AbstractProblemLoader Creating init config 
441454     DEBUG main            d.u.i.k.p.i.AbstractProblemLoader Init config took 2.3s 
441468     INFO  main            d.u.i.k.p.i.AbstractProblemLoader Replaying proof simplify3.key.proof 
441475     DEBUG main            d.u.i.k.p.i.IntermediateProofReplayer Proof replay took 544.99ns 
441476     DEBUG main            d.u.i.k.p.r.p.TestFile    ... success: reloaded. 
441477     INFO  main            d.u.i.k.p.r.p.TestFile    Now processing file /home/runner/work/key/key/key.core/../key.ui/examples/standard_key/polySimp/simplify4.key 
441477     INFO  main            d.u.i.k.p.i.AbstractProblemLoader Loading environment from /home/runner/work/key/key/key.core/../key.ui/examples/standard_key/polySimp/simplify4.key 
441477     DEBUG main            d.u.i.k.p.i.AbstractProblemLoader Environment load took 160.9ns 
441478     INFO  main            d.u.i.k.p.i.AbstractProblemLoader Creating init config 
443820     DEBUG main            d.u.i.k.p.i.AbstractProblemLoader Init config took 2.34s 
443832     INFO  main            d.u.i.k.p.i.AbstractProblemLoader Replaying proof simplify4.key 
443833     DEBUG main            d.u.i.k.p.i.IntermediateProofReplayer Proof replay took 2.5ns 
443934     INFO  main            d.u.i.k.p.r.p.TestFile    ... finished proof: closed. 
444388     INFO  main            d.u.i.k.p.i.AbstractProblemLoader Loading environment from /home/runner/work/key/key/key.core/../key.ui/examples/standard_key/polySimp/simplify4.key.proof 
444388     DEBUG main            d.u.i.k.p.i.AbstractProblemLoader Environment load took 72.5ns 
444389     INFO  main            d.u.i.k.p.i.AbstractProblemLoader Creating init config 
446694     DEBUG main            d.u.i.k.p.i.AbstractProblemLoader Init config took 2.31s 
446708     INFO  main            d.u.i.k.p.i.AbstractProblemLoader Replaying proof simplify4.key.proof 
446710     DEBUG main            d.u.i.k.p.i.IntermediateProofReplayer Proof replay took 643.39ns 
446711     DEBUG main            d.u.i.k.p.r.p.TestFile    ... success: reloaded. 
446713     INFO  main            d.u.i.k.p.r.p.TestFile    Now processing file /home/runner/work/key/key/key.core/../key.ui/examples/standard_key/polySimp/simplify5.key 
446713     INFO  main            d.u.i.k.p.i.AbstractProblemLoader Loading environment from /home/runner/work/key/key/key.core/../key.ui/examples/standard_key/polySimp/simplify5.key 
446715     DEBUG main            d.u.i.k.p.i.AbstractProblemLoader Environment load took 1.96ms 
446716     INFO  main            d.u.i.k.p.i.AbstractProblemLoader Creating init config 
449049     DEBUG main            d.u.i.k.p.i.AbstractProblemLoader Init config took 2.33s 
449061     INFO  main            d.u.i.k.p.i.AbstractProblemLoader Replaying proof simplify5.key 
449062     DEBUG main            d.u.i.k.p.i.IntermediateProofReplayer Proof replay took 2.2ns 
449163     INFO  main            d.u.i.k.p.r.p.TestFile    ... finished proof: closed. 
449636     INFO  main            d.u.i.k.p.i.AbstractProblemLoader Loading environment from /home/runner/work/key/key/key.core/../key.ui/examples/standard_key/polySimp/simplify5.key.proof 
449636     DEBUG main            d.u.i.k.p.i.AbstractProblemLoader Environment load took 73ns 
449637     INFO  main            d.u.i.k.p.i.AbstractProblemLoader Creating init config 
451952     DEBUG main            d.u.i.k.p.i.AbstractProblemLoader Init config took 2.31s 
451966     INFO  main            d.u.i.k.p.i.AbstractProblemLoader Replaying proof simplify5.key.proof 
451970     DEBUG main            d.u.i.k.p.i.IntermediateProofReplayer Proof replay took 2.56ms 
451971     DEBUG main            d.u.i.k.p.r.p.TestFile    ... success: reloaded. 
451971     INFO  main            d.u.i.k.p.r.p.TestFile    Now processing file /home/runner/work/key/key/key.core/../key.ui/examples/standard_key/polySimp/simplify6.key 
451971     INFO  main            d.u.i.k.p.i.AbstractProblemLoader Loading environment from /home/runner/work/key/key/key.core/../key.ui/examples/standard_key/polySimp/simplify6.key 
451971     DEBUG main            d.u.i.k.p.i.AbstractProblemLoader Environment load took 40.5ns 
451972     INFO  main            d.u.i.k.p.i.AbstractProblemLoader Creating init config 
454312     DEBUG main            d.u.i.k.p.i.AbstractProblemLoader Init config took 2.34s 
454324     INFO  main            d.u.i.k.p.i.AbstractProblemLoader Replaying proof simplify6.key 
454325     DEBUG main            d.u.i.k.p.i.IntermediateProofReplayer Proof replay took 2.6ns 
454426     INFO  main            d.u.i.k.p.r.p.TestFile    ... finished proof: closed. 
454894     INFO  main            d.u.i.k.p.i.AbstractProblemLoader Loading environment from /home/runner/work/key/key/key.core/../key.ui/examples/standard_key/polySimp/simplify6.key.proof 
454894     DEBUG main            d.u.i.k.p.i.AbstractProblemLoader Environment load took 67.5ns 
454895     INFO  main            d.u.i.k.p.i.AbstractProblemLoader Creating init config 
457263     DEBUG main            d.u.i.k.p.i.AbstractProblemLoader Init config took 2.37s 
457277     INFO  main            d.u.i.k.p.i.AbstractProblemLoader Replaying proof simplify6.key.proof 
457279     DEBUG main            d.u.i.k.p.i.IntermediateProofReplayer Proof replay took 165.4ns 
457279     DEBUG main            d.u.i.k.p.r.p.TestFile    ... success: reloaded. 
457280     INFO  main            d.u.i.k.p.r.p.TestFile    Now processing file /home/runner/work/key/key/key.core/../key.ui/examples/standard_key/polySimp/simplify7.key 
457280     INFO  main            d.u.i.k.p.i.AbstractProblemLoader Loading environment from /home/runner/work/key/key/key.core/../key.ui/examples/standard_key/polySimp/simplify7.key 
457280     DEBUG main            d.u.i.k.p.i.AbstractProblemLoader Environment load took 159.7ns 
457281     INFO  main            d.u.i.k.p.i.AbstractProblemLoader Creating init config 
459661     DEBUG main            d.u.i.k.p.i.AbstractProblemLoader Init config took 2.38s 
459673     INFO  main            d.u.i.k.p.i.AbstractProblemLoader Replaying proof simplify7.key 
459674     DEBUG main            d.u.i.k.p.i.IntermediateProofReplayer Proof replay took 2.6ns 
459775     INFO  main            d.u.i.k.p.r.p.TestFile    ... finished proof: closed. 
460240     INFO  main            d.u.i.k.p.i.AbstractProblemLoader Loading environment from /home/runner/work/key/key/key.core/../key.ui/examples/standard_key/polySimp/simplify7.key.proof 
460240     DEBUG main            d.u.i.k.p.i.AbstractProblemLoader Environment load took 68.6ns 
460241     INFO  main            d.u.i.k.p.i.AbstractProblemLoader Creating init config 
462535     DEBUG main            d.u.i.k.p.i.AbstractProblemLoader Init config took 2.29s 
462549     INFO  main            d.u.i.k.p.i.AbstractProblemLoader Replaying proof simplify7.key.proof 
462550     DEBUG main            d.u.i.k.p.i.IntermediateProofReplayer Proof replay took 288.39ns 
462551     DEBUG main            d.u.i.k.p.r.p.TestFile    ... success: reloaded. 
462552     INFO  main            d.u.i.k.p.r.p.TestFile    Now processing file /home/runner/work/key/key/key.core/../key.ui/examples/standard_key/polySimp/simplify8.key 
462552     INFO  main            d.u.i.k.p.i.AbstractProblemLoader Loading environment from /home/runner/work/key/key/key.core/../key.ui/examples/standard_key/polySimp/simplify8.key 
462552     DEBUG main            d.u.i.k.p.i.AbstractProblemLoader Environment load took 158.4ns 
462555     INFO  main            d.u.i.k.p.i.AbstractProblemLoader Creating init config 
464884     DEBUG main            d.u.i.k.p.i.AbstractProblemLoader Init config took 2.33s 
464896     INFO  main            d.u.i.k.p.i.AbstractProblemLoader Replaying proof simplify8.key 
464900     DEBUG main            d.u.i.k.p.i.IntermediateProofReplayer Proof replay took 2.6ns 
468841     INFO  main            d.u.i.k.p.r.p.TestFile    ... finished proof: closed. 
469336     INFO  main            d.u.i.k.p.i.AbstractProblemLoader Loading environment from /home/runner/work/key/key/key.core/../key.ui/examples/standard_key/polySimp/simplify8.key.proof 
469336     DEBUG main            d.u.i.k.p.i.AbstractProblemLoader Environment load took 77.8ns 
469338     INFO  main            d.u.i.k.p.i.AbstractProblemLoader Creating init config 
471682     DEBUG main            d.u.i.k.p.i.AbstractProblemLoader Init config took 2.34s 
471699     INFO  main            d.u.i.k.p.i.AbstractProblemLoader Replaying proof simplify8.key.proof 
471750     DEBUG main            d.u.i.k.p.i.IntermediateProofReplayer Proof replay took 41.52ms 
471752     DEBUG main            d.u.i.k.p.r.p.TestFile    ... success: reloaded. 
471753     INFO  main            d.u.i.k.p.r.p.TestFile    Now processing file /home/runner/work/key/key/key.core/../key.ui/examples/standard_key/polySimp/simplify9.key 
471753     INFO  main            d.u.i.k.p.i.AbstractProblemLoader Loading environment from /home/runner/work/key/key/key.core/../key.ui/examples/standard_key/polySimp/simplify9.key 
471753     DEBUG main            d.u.i.k.p.i.AbstractProblemLoader Environment load took 484.59ns 
471755     INFO  main            d.u.i.k.p.i.AbstractProblemLoader Creating init config 
474070     DEBUG main            d.u.i.k.p.i.AbstractProblemLoader Init config took 2.31s 
474098     INFO  main            d.u.i.k.p.i.AbstractProblemLoader Replaying proof simplify9.key 
474099     DEBUG main            d.u.i.k.p.i.IntermediateProofReplayer Proof replay took 2.7ns 
474301     INFO  main            d.u.i.k.p.r.p.TestFile    ... finished proof: closed. 
474825     INFO  main            d.u.i.k.p.i.AbstractProblemLoader Loading environment from /home/runner/work/key/key/key.core/../key.ui/examples/standard_key/polySimp/simplify9.key.proof 
474825     DEBUG main            d.u.i.k.p.i.AbstractProblemLoader Environment load took 86.3ns 
474827     INFO  main            d.u.i.k.p.i.AbstractProblemLoader Creating init config 
477045     DEBUG main            d.u.i.k.p.i.AbstractProblemLoader Init config took 2.22s 
477058     INFO  main            d.u.i.k.p.i.AbstractProblemLoader Replaying proof simplify9.key.proof 
477062     DEBUG main            d.u.i.k.p.i.IntermediateProofReplayer Proof replay took 3.05ms 
477063     DEBUG main            d.u.i.k.p.r.p.TestFile    ... success: reloaded. 
2702923    INFO  Test worker     d.u.i.k.p.r.RunAllProofsTestUnit Returning from test arithmetic 
2702924    INFO  Test worker     d.u.i.k.p.r.RunAllProofsTestUnit Running test arrays 
345        INFO  Timeout watchdog d.u.i.k.p.r.p.ForkedTestFileRunner Timeout watcher launched (2000 secs.) 
354        WARN  main            d.u.i.k.s.ProofSettings   The settings in /home/runner/.key/proof-settings.props are *not* read. 
398        INFO  main            d.u.i.k.p.r.p.TestFile    Now processing file /home/runner/work/key/key/key.core/../key.ui/examples/standard_key/arrays/arrayStoreException/array2DimPrim.key 
542        INFO  main            d.u.i.k.p.i.AbstractProblemLoader Loading environment from /home/runner/work/key/key/key.core/../key.ui/examples/standard_key/arrays/arrayStoreException/array2DimPrim.key 
561        DEBUG main            d.u.i.k.p.i.AbstractProblemLoader Environment load took 1.71ms 
824        INFO  main            d.u.i.k.p.i.AbstractProblemLoader Creating init config 
1654       DEBUG main            d.u.i.k.j.TypeConverter   No LDT found for Meta 
1654       DEBUG main            d.u.i.k.j.TypeConverter   No LDT found for Meta 
1655       DEBUG main            d.u.i.k.j.TypeConverter   No LDT found for Meta 
1656       DEBUG main            d.u.i.k.j.TypeConverter   No LDT found for Meta 
3054       DEBUG main            d.u.i.k.j.TypeConverter   No LDT found for JavaBigintExpression 
7821       DEBUG main            d.u.i.k.p.i.AbstractProblemLoader Init config took 7s 
7913       INFO  main            d.u.i.k.p.i.AbstractProblemLoader Replaying proof array2DimPrim.key 
7947       DEBUG main            d.u.i.k.p.i.IntermediateProofReplayer Proof replay took 32.3ns 
11516      INFO  main            d.u.i.k.p.r.p.TestFile    ... finished proof: closed. 
11701      INFO  main            d.u.i.k.p.i.AbstractProblemLoader Loading environment from /home/runner/work/key/key/key.core/../key.ui/examples/standard_key/arrays/arrayStoreException/array2DimPrim.key.proof 
11701      DEBUG main            d.u.i.k.p.i.AbstractProblemLoader Environment load took 406.19ns 
11707      INFO  main            d.u.i.k.p.i.AbstractProblemLoader Creating init config 
14311      DEBUG main            d.u.i.k.p.i.AbstractProblemLoader Init config took 2.6s 
14356      INFO  main            d.u.i.k.p.i.AbstractProblemLoader Replaying proof array2DimPrim.key.proof 
14686      DEBUG main            d.u.i.k.p.i.IntermediateProofReplayer Proof replay took 314.28ms 
14699      DEBUG main            d.u.i.k.p.r.p.TestFile    ... success: reloaded. 
14700      INFO  main            d.u.i.k.p.r.p.TestFile    Now processing file /home/runner/work/key/key/key.core/../key.ui/examples/standard_key/arrays/arrayStoreException/arrayStoreKnownDynType.key 
14701      INFO  main            d.u.i.k.p.i.AbstractProblemLoader Loading environment from /home/runner/work/key/key/key.core/../key.ui/examples/standard_key/arrays/arrayStoreException/arrayStoreKnownDynType.key 
14701      DEBUG main            d.u.i.k.p.i.AbstractProblemLoader Environment load took 217.8ns 
14702      INFO  main            d.u.i.k.p.i.AbstractProblemLoader Creating init config 
17156      DEBUG main            d.u.i.k.p.i.AbstractProblemLoader Init config took 2.45s 
17192      INFO  main            d.u.i.k.p.i.AbstractProblemLoader Replaying proof arrayStoreKnownDynType.key 
17197      DEBUG main            d.u.i.k.p.i.IntermediateProofReplayer Proof replay took 5.4ns 
17401      INFO  main            d.u.i.k.p.r.p.TestFile    ... finished proof: closed. 
17618      INFO  main            d.u.i.k.p.i.AbstractProblemLoader Loading environment from /home/runner/work/key/key/key.core/../key.ui/examples/standard_key/arrays/arrayStoreException/arrayStoreKnownDynType.key.proof 
17619      DEBUG main            d.u.i.k.p.i.AbstractProblemLoader Environment load took 111.7ns 
17620      INFO  main            d.u.i.k.p.i.AbstractProblemLoader Creating init config 
20016      DEBUG main            d.u.i.k.p.i.AbstractProblemLoader Init config took 2.4s 
20037      INFO  main            d.u.i.k.p.i.AbstractProblemLoader Replaying proof arrayStoreKnownDynType.key.proof 
20069      DEBUG main            d.u.i.k.p.i.IntermediateProofReplayer Proof replay took 28.98ms 
20071      DEBUG main            d.u.i.k.p.r.p.TestFile    ... success: reloaded. 
20072      INFO  main            d.u.i.k.p.r.p.TestFile    Now processing file /home/runner/work/key/key/key.core/../key.ui/examples/standard_key/arrays/arrayStoreException/reverseArray.key 
20072      INFO  main            d.u.i.k.p.i.AbstractProblemLoader Loading environment from /home/runner/work/key/key/key.core/../key.ui/examples/standard_key/arrays/arrayStoreException/reverseArray.key 
20073      DEBUG main            d.u.i.k.p.i.AbstractProblemLoader Environment load took 194.2ns 
20074      INFO  main            d.u.i.k.p.i.AbstractProblemLoader Creating init config 
22508      DEBUG main            d.u.i.k.p.i.AbstractProblemLoader Init config took 2.43s 
22529      INFO  main            d.u.i.k.p.i.AbstractProblemLoader Replaying proof reverseArray.key 
22531      DEBUG main            d.u.i.k.p.i.IntermediateProofReplayer Proof replay took 5.4ns 
23140      INFO  main            d.u.i.k.p.r.p.TestFile    ... finished proof: closed. 
23300      INFO  main            d.u.i.k.p.i.AbstractProblemLoader Loading environment from /home/runner/work/key/key/key.core/../key.ui/examples/standard_key/arrays/arrayStoreException/reverseArray.key.proof 
23300      DEBUG main            d.u.i.k.p.i.AbstractProblemLoader Environment load took 119.4ns 
23302      INFO  main            d.u.i.k.p.i.AbstractProblemLoader Creating init config 
25679      DEBUG main            d.u.i.k.p.i.AbstractProblemLoader Init config took 2.38s 
25700      INFO  main            d.u.i.k.p.i.AbstractProblemLoader Replaying proof reverseArray.key.proof 
25808      DEBUG main            d.u.i.k.p.i.IntermediateProofReplayer Proof replay took 102ms 
25810      DEBUG main            d.u.i.k.p.r.p.TestFile    ... success: reloaded. 
25811      INFO  main            d.u.i.k.p.r.p.TestFile    Now processing file /home/runner/work/key/key/key.core/../key.ui/examples/standard_key/arrays/arrayStoreException/throwArrayStoreException.key 
25811      INFO  main            d.u.i.k.p.i.AbstractProblemLoader Loading environment from /home/runner/work/key/key/key.core/../key.ui/examples/standard_key/arrays/arrayStoreException/throwArrayStoreException.key 
25812      DEBUG main            d.u.i.k.p.i.AbstractProblemLoader Environment load took 182.3ns 
25813      INFO  main            d.u.i.k.p.i.AbstractProblemLoader Creating init config 
28230      DEBUG main            d.u.i.k.p.i.AbstractProblemLoader Init config took 2.42s 
28249      INFO  main            d.u.i.k.p.i.AbstractProblemLoader Replaying proof throwArrayStoreException.key 
28251      DEBUG main            d.u.i.k.p.i.IntermediateProofReplayer Proof replay took 14.3ns 
28654      INFO  main            d.u.i.k.p.r.p.TestFile    ... finished proof: closed. 
28838      INFO  main            d.u.i.k.p.i.AbstractProblemLoader Loading environment from /home/runner/work/key/key/key.core/../key.ui/examples/standard_key/arrays/arrayStoreException/throwArrayStoreException.key.proof 
28838      DEBUG main            d.u.i.k.p.i.AbstractProblemLoader Environment load took 394.39ns 
28840      INFO  main            d.u.i.k.p.i.AbstractProblemLoader Creating init config 
31206      DEBUG main            d.u.i.k.p.i.AbstractProblemLoader Init config took 2.37s 
31233      INFO  main            d.u.i.k.p.i.AbstractProblemLoader Replaying proof throwArrayStoreException.key.proof 
31312      DEBUG main            d.u.i.k.p.i.IntermediateProofReplayer Proof replay took 72.59ms 
31314      DEBUG main            d.u.i.k.p.r.p.TestFile    ... success: reloaded. 
31317      INFO  main            d.u.i.k.p.r.p.TestFile    Now processing file /home/runner/work/key/key/key.core/../key.ui/examples/standard_key/arrays/creation/arrayCreation1.key 
31317      INFO  main            d.u.i.k.p.i.AbstractProblemLoader Loading environment from /home/runner/work/key/key/key.core/../key.ui/examples/standard_key/arrays/creation/arrayCreation1.key 
31318      DEBUG main            d.u.i.k.p.i.AbstractProblemLoader Environment load took 194.5ns 
31319      INFO  main            d.u.i.k.p.i.AbstractProblemLoader Creating init config 
33698      DEBUG main            d.u.i.k.p.i.AbstractProblemLoader Init config took 2.38s 
33716      INFO  main            d.u.i.k.p.i.AbstractProblemLoader Replaying proof arrayCreation1.key 
33718      DEBUG main            d.u.i.k.p.i.IntermediateProofReplayer Proof replay took 5.2ns 
33820      INFO  main            d.u.i.k.p.r.p.TestFile    ... finished proof: closed. 
33980      INFO  main            d.u.i.k.p.i.AbstractProblemLoader Loading environment from /home/runner/work/key/key/key.core/../key.ui/examples/standard_key/arrays/creation/arrayCreation1.key.proof 
33980      DEBUG main            d.u.i.k.p.i.AbstractProblemLoader Environment load took 123.1ns 
33981      INFO  main            d.u.i.k.p.i.AbstractProblemLoader Creating init config 
36299      DEBUG main            d.u.i.k.p.i.AbstractProblemLoader Init config took 2.32s 
36318      INFO  main            d.u.i.k.p.i.AbstractProblemLoader Replaying proof arrayCreation1.key.proof 
36338      DEBUG main            d.u.i.k.p.i.IntermediateProofReplayer Proof replay took 17.69ms 
36339      DEBUG main            d.u.i.k.p.r.p.TestFile    ... success: reloaded. 
36340      INFO  main            d.u.i.k.p.r.p.TestFile    Now processing file /home/runner/work/key/key/key.core/../key.ui/examples/standard_key/arrays/arrayStoreException/array2Dim.key 
36340      INFO  main            d.u.i.k.p.i.AbstractProblemLoader Loading environment from /home/runner/work/key/key/key.core/../key.ui/examples/standard_key/arrays/arrayStoreException/array2Dim.key 
36340      DEBUG main            d.u.i.k.p.i.AbstractProblemLoader Environment load took 202.4ns 
36342      INFO  main            d.u.i.k.p.i.AbstractProblemLoader Creating init config 
38732      DEBUG main            d.u.i.k.p.i.AbstractProblemLoader Init config took 2.39s 
38750      INFO  main            d.u.i.k.p.i.AbstractProblemLoader Replaying proof array2Dim.key 
38752      DEBUG main            d.u.i.k.p.i.IntermediateProofReplayer Proof replay took 4.9ns 
42020      INFO  main            d.u.i.k.p.r.p.TestFile    ... finished proof: open goal(s) 
42253      INFO  main            d.u.i.k.p.r.p.TestFile    Now processing file /home/runner/work/key/key/key.core/../key.ui/examples/standard_key/arrays/arrayStoreException/array2DimClose.key 
42253      INFO  main            d.u.i.k.p.i.AbstractProblemLoader Loading environment from /home/runner/work/key/key/key.core/../key.ui/examples/standard_key/arrays/arrayStoreException/array2DimClose.key 
42253      DEBUG main            d.u.i.k.p.i.AbstractProblemLoader Environment load took 65.1ns 
42254      INFO  main            d.u.i.k.p.i.AbstractProblemLoader Creating init config 
44566      DEBUG main            d.u.i.k.p.i.AbstractProblemLoader Init config took 2.31s 
44594      INFO  main            d.u.i.k.p.i.AbstractProblemLoader Replaying proof array2DimClose.key 
44596      DEBUG main            d.u.i.k.p.i.IntermediateProofReplayer Proof replay took 10.8ns 
46711      INFO  main            d.u.i.k.p.r.p.TestFile    ... finished proof: open goal(s) 
47039      INFO  main            d.u.i.k.p.r.p.TestFile    Now processing file /home/runner/work/key/key/key.core/../key.ui/examples/standard_key/arrays/arrayStoreException/throwASEForPrim.key 
47039      INFO  main            d.u.i.k.p.i.AbstractProblemLoader Loading environment from /home/runner/work/key/key/key.core/../key.ui/examples/standard_key/arrays/arrayStoreException/throwASEForPrim.key 
47039      DEBUG main            d.u.i.k.p.i.AbstractProblemLoader Environment load took 62.1ns 
47040      INFO  main            d.u.i.k.p.i.AbstractProblemLoader Creating init config 
49299      DEBUG main            d.u.i.k.p.i.AbstractProblemLoader Init config took 2.26s 
49314      INFO  main            d.u.i.k.p.i.AbstractProblemLoader Replaying proof throwASEForPrim.key 
49316      DEBUG main            d.u.i.k.p.i.IntermediateProofReplayer Proof replay took 5.1ns 
53377      INFO  main            d.u.i.k.p.r.p.TestFile    ... finished proof: open goal(s) 
2756741    INFO  Test worker     d.u.i.k.p.r.RunAllProofsTestUnit Returning from test arrays 
2756742    INFO  Test worker     d.u.i.k.p.r.RunAllProofsTestUnit Running test javadl 
379        INFO  Timeout watchdog d.u.i.k.p.r.p.ForkedTestFileRunner Timeout watcher launched (2000 secs.) 
415        WARN  main            d.u.i.k.s.ProofSettings   The settings in /home/runner/.key/proof-settings.props are *not* read. 
461        INFO  main            d.u.i.k.p.r.p.TestFile    Now processing file /home/runner/work/key/key/key.core/../key.ui/examples/standard_key/instanceCreation/instanceCreation1.key 
576        INFO  main            d.u.i.k.p.i.AbstractProblemLoader Loading environment from /home/runner/work/key/key/key.core/../key.ui/examples/standard_key/instanceCreation/instanceCreation1.key 
593        DEBUG main            d.u.i.k.p.i.AbstractProblemLoader Environment load took 2.02ms 
820        INFO  main            d.u.i.k.p.i.AbstractProblemLoader Creating init config 
1687       DEBUG main            d.u.i.k.j.TypeConverter   No LDT found for Meta 
1687       DEBUG main            d.u.i.k.j.TypeConverter   No LDT found for Meta 
1691       DEBUG main            d.u.i.k.j.TypeConverter   No LDT found for Meta 
1691       DEBUG main            d.u.i.k.j.TypeConverter   No LDT found for Meta 
3023       DEBUG main            d.u.i.k.j.TypeConverter   No LDT found for JavaBigintExpression 
8047       DEBUG main            d.u.i.k.p.i.AbstractProblemLoader Init config took 7.23s 
8106       INFO  main            d.u.i.k.p.i.AbstractProblemLoader Replaying proof instanceCreation1.key 
8135       DEBUG main            d.u.i.k.p.i.IntermediateProofReplayer Proof replay took 31.7ns 
9066       INFO  main            d.u.i.k.p.r.p.TestFile    ... finished proof: closed. 
9170       INFO  main            d.u.i.k.p.i.AbstractProblemLoader Loading environment from /home/runner/work/key/key/key.core/../key.ui/examples/standard_key/instanceCreation/instanceCreation1.key.proof 
9170       DEBUG main            d.u.i.k.p.i.AbstractProblemLoader Environment load took 403.99ns 
9174       INFO  main            d.u.i.k.p.i.AbstractProblemLoader Creating init config 
12010      DEBUG main            d.u.i.k.p.i.AbstractProblemLoader Init config took 2.84s 
12041      INFO  main            d.u.i.k.p.i.AbstractProblemLoader Replaying proof instanceCreation1.key.proof 
12139      DEBUG main            d.u.i.k.p.i.IntermediateProofReplayer Proof replay took 85.22ms 
12149      DEBUG main            d.u.i.k.p.r.p.TestFile    ... success: reloaded. 
12154      INFO  main            d.u.i.k.p.r.p.TestFile    Now processing file /home/runner/work/key/key/key.core/../key.ui/examples/standard_key/instanceCreation/instanceCreation2.key 
12160      INFO  main            d.u.i.k.p.i.AbstractProblemLoader Loading environment from /home/runner/work/key/key/key.core/../key.ui/examples/standard_key/instanceCreation/instanceCreation2.key 
12169      DEBUG main            d.u.i.k.p.i.AbstractProblemLoader Environment load took 8.39ms 
12171      INFO  main            d.u.i.k.p.i.AbstractProblemLoader Creating init config 
14882      DEBUG main            d.u.i.k.p.i.AbstractProblemLoader Init config took 2.71s 
14950      INFO  main            d.u.i.k.p.i.AbstractProblemLoader Replaying proof instanceCreation2.key 
14980      DEBUG main            d.u.i.k.p.i.IntermediateProofReplayer Proof replay took 6.9ns 
15595      INFO  main            d.u.i.k.p.r.p.TestFile    ... finished proof: closed. 
15746      INFO  main            d.u.i.k.p.i.AbstractProblemLoader Loading environment from /home/runner/work/key/key/key.core/../key.ui/examples/standard_key/instanceCreation/instanceCreation2.key.proof 
15749      DEBUG main            d.u.i.k.p.i.AbstractProblemLoader Environment load took 2.95ms 
15755      INFO  main            d.u.i.k.p.i.AbstractProblemLoader Creating init config 
18358      DEBUG main            d.u.i.k.p.i.AbstractProblemLoader Init config took 2.6s 
18395      INFO  main            d.u.i.k.p.i.AbstractProblemLoader Replaying proof instanceCreation2.key.proof 
18480      DEBUG main            d.u.i.k.p.i.IntermediateProofReplayer Proof replay took 80.58ms 
18482      DEBUG main            d.u.i.k.p.r.p.TestFile    ... success: reloaded. 
18483      INFO  main            d.u.i.k.p.r.p.TestFile    Now processing file /home/runner/work/key/key/key.core/../key.ui/examples/standard_key/instanceCreation/interfacesAndAbstractClassesHaveNoInstances.key 
18483      INFO  main            d.u.i.k.p.i.AbstractProblemLoader Loading environment from /home/runner/work/key/key/key.core/../key.ui/examples/standard_key/instanceCreation/interfacesAndAbstractClassesHaveNoInstances.key 
18483      DEBUG main            d.u.i.k.p.i.AbstractProblemLoader Environment load took 189.3ns 
18484      INFO  main            d.u.i.k.p.i.AbstractProblemLoader Creating init config 
21094      DEBUG main            d.u.i.k.p.i.AbstractProblemLoader Init config took 2.61s 
21114      INFO  main            d.u.i.k.p.i.AbstractProblemLoader Replaying proof interfacesAndAbstractClassesHaveNoInstances.key 
21116      DEBUG main            d.u.i.k.p.i.IntermediateProofReplayer Proof replay took 6.2ns 
21218      INFO  main            d.u.i.k.p.r.p.TestFile    ... finished proof: closed. 
21355      INFO  main            d.u.i.k.p.i.AbstractProblemLoader Loading environment from /home/runner/work/key/key/key.core/../key.ui/examples/standard_key/instanceCreation/interfacesAndAbstractClassesHaveNoInstances.key.proof 
21355      DEBUG main            d.u.i.k.p.i.AbstractProblemLoader Environment load took 118.5ns 
21356      INFO  main            d.u.i.k.p.i.AbstractProblemLoader Creating init config 
23927      DEBUG main            d.u.i.k.p.i.AbstractProblemLoader Init config took 2.57s 
23950      INFO  main            d.u.i.k.p.i.AbstractProblemLoader Replaying proof interfacesAndAbstractClassesHaveNoInstances.key.proof 
23955      DEBUG main            d.u.i.k.p.i.IntermediateProofReplayer Proof replay took 2.14ms 
23956      DEBUG main            d.u.i.k.p.r.p.TestFile    ... success: reloaded. 
23958      INFO  main            d.u.i.k.p.r.p.TestFile    Now processing file /home/runner/work/key/key/key.core/../key.ui/examples/standard_key/instanceCreation/successiveCreatedObjectsAreDistinct.key 
23958      INFO  main            d.u.i.k.p.i.AbstractProblemLoader Loading environment from /home/runner/work/key/key/key.core/../key.ui/examples/standard_key/instanceCreation/successiveCreatedObjectsAreDistinct.key 
23958      DEBUG main            d.u.i.k.p.i.AbstractProblemLoader Environment load took 87ns 
23959      INFO  main            d.u.i.k.p.i.AbstractProblemLoader Creating init config 
26522      DEBUG main            d.u.i.k.p.i.AbstractProblemLoader Init config took 2.56s 
26556      INFO  main            d.u.i.k.p.i.AbstractProblemLoader Replaying proof successiveCreatedObjectsAreDistinct.key 
26558      DEBUG main            d.u.i.k.p.i.IntermediateProofReplayer Proof replay took 5.6ns 
26861      INFO  main            d.u.i.k.p.r.p.TestFile    ... finished proof: closed. 
27010      INFO  main            d.u.i.k.p.i.AbstractProblemLoader Loading environment from /home/runner/work/key/key/key.core/../key.ui/examples/standard_key/instanceCreation/successiveCreatedObjectsAreDistinct.key.proof 
27011      DEBUG main            d.u.i.k.p.i.AbstractProblemLoader Environment load took 109.2ns 
27012      INFO  main            d.u.i.k.p.i.AbstractProblemLoader Creating init config 
29550      DEBUG main            d.u.i.k.p.i.AbstractProblemLoader Init config took 2.54s 
29571      INFO  main            d.u.i.k.p.i.AbstractProblemLoader Replaying proof successiveCreatedObjectsAreDistinct.key.proof 
29635      DEBUG main            d.u.i.k.p.i.IntermediateProofReplayer Proof replay took 60.69ms 
29636      DEBUG main            d.u.i.k.p.r.p.TestFile    ... success: reloaded. 
29637      INFO  main            d.u.i.k.p.r.p.TestFile    Now processing file /home/runner/work/key/key/key.core/../key.ui/examples/standard_key/instanceCreation/testOverloadingConstructors.key 
29637      INFO  main            d.u.i.k.p.i.AbstractProblemLoader Loading environment from /home/runner/work/key/key/key.core/../key.ui/examples/standard_key/instanceCreation/testOverloadingConstructors.key 
29638      DEBUG main            d.u.i.k.p.i.AbstractProblemLoader Environment load took 188.6ns 
29639      INFO  main            d.u.i.k.p.i.AbstractProblemLoader Creating init config 
32162      DEBUG main            d.u.i.k.p.i.AbstractProblemLoader Init config took 2.52s 
32182      INFO  main            d.u.i.k.p.i.AbstractProblemLoader Replaying proof testOverloadingConstructors.key 
32183      DEBUG main            d.u.i.k.p.i.IntermediateProofReplayer Proof replay took 6ns 
32511      INFO  main            d.u.i.k.p.r.p.TestFile    ... finished proof: closed. 
32658      INFO  main            d.u.i.k.p.i.AbstractProblemLoader Loading environment from /home/runner/work/key/key/key.core/../key.ui/examples/standard_key/instanceCreation/testOverloadingConstructors.key.proof 
32658      DEBUG main            d.u.i.k.p.i.AbstractProblemLoader Environment load took 112.7ns 
32659      INFO  main            d.u.i.k.p.i.AbstractProblemLoader Creating init config 
35147      DEBUG main            d.u.i.k.p.i.AbstractProblemLoader Init config took 2.49s 
35167      INFO  main            d.u.i.k.p.i.AbstractProblemLoader Replaying proof testOverloadingConstructors.key.proof 
35207      DEBUG main            d.u.i.k.p.i.IntermediateProofReplayer Proof replay took 36.61ms 
35208      DEBUG main            d.u.i.k.p.r.p.TestFile    ... success: reloaded. 
35210      INFO  main            d.u.i.k.p.r.p.TestFile    Now processing file /home/runner/work/key/key/key.core/../key.ui/examples/standard_key/java_dl/SimpleAttributes.key 
35210      INFO  main            d.u.i.k.p.i.AbstractProblemLoader Loading environment from /home/runner/work/key/key/key.core/../key.ui/examples/standard_key/java_dl/SimpleAttributes.key 
35210      DEBUG main            d.u.i.k.p.i.AbstractProblemLoader Environment load took 187.2ns 
35211      INFO  main            d.u.i.k.p.i.AbstractProblemLoader Creating init config 
37698      DEBUG main            d.u.i.k.p.i.AbstractProblemLoader Init config took 2.49s 
37718      INFO  main            d.u.i.k.p.i.AbstractProblemLoader Replaying proof SimpleAttributes.key 
37719      DEBUG main            d.u.i.k.p.i.IntermediateProofReplayer Proof replay took 6.1ns 
37821      INFO  main            d.u.i.k.p.r.p.TestFile    ... finished proof: closed. 
37971      INFO  main            d.u.i.k.p.i.AbstractProblemLoader Loading environment from /home/runner/work/key/key/key.core/../key.ui/examples/standard_key/java_dl/SimpleAttributes.key.proof 
37971      DEBUG main            d.u.i.k.p.i.AbstractProblemLoader Environment load took 109.2ns 
37972      INFO  main            d.u.i.k.p.i.AbstractProblemLoader Creating init config 
40408      DEBUG main            d.u.i.k.p.i.AbstractProblemLoader Init config took 2.44s 
40435      INFO  main            d.u.i.k.p.i.AbstractProblemLoader Replaying proof SimpleAttributes.key.proof 
40460      DEBUG main            d.u.i.k.p.i.IntermediateProofReplayer Proof replay took 22.28ms 
40461      DEBUG main            d.u.i.k.p.r.p.TestFile    ... success: reloaded. 
40462      INFO  main            d.u.i.k.p.r.p.TestFile    Now processing file /home/runner/work/key/key/key.core/../key.ui/examples/standard_key/java_dl/arrayMax.key 
40463      INFO  main            d.u.i.k.p.i.AbstractProblemLoader Loading environment from /home/runner/work/key/key/key.core/../key.ui/examples/standard_key/java_dl/arrayMax.key 
40463      DEBUG main            d.u.i.k.p.i.AbstractProblemLoader Environment load took 176.7ns 
40465      INFO  main            d.u.i.k.p.i.AbstractProblemLoader Creating init config 
42975      DEBUG main            d.u.i.k.p.i.AbstractProblemLoader Init config took 2.51s 
42996      INFO  main            d.u.i.k.p.i.AbstractProblemLoader Replaying proof arrayMax.key 
42998      DEBUG main            d.u.i.k.p.i.IntermediateProofReplayer Proof replay took 5.4ns 
44209      INFO  main            d.u.i.k.p.r.p.TestFile    ... finished proof: closed. 
44430      INFO  main            d.u.i.k.p.i.AbstractProblemLoader Loading environment from /home/runner/work/key/key/key.core/../key.ui/examples/standard_key/java_dl/arrayMax.key.proof 
44430      DEBUG main            d.u.i.k.p.i.AbstractProblemLoader Environment load took 348.29ns 
44431      INFO  main            d.u.i.k.p.i.AbstractProblemLoader Creating init config 
46888      DEBUG main            d.u.i.k.p.i.AbstractProblemLoader Init config took 2.46s 
46913      INFO  main            d.u.i.k.p.i.AbstractProblemLoader Replaying proof arrayMax.key.proof 
47093      DEBUG main            d.u.i.k.p.i.IntermediateProofReplayer Proof replay took 170.93ms 
47094      DEBUG main            d.u.i.k.p.r.p.TestFile    ... success: reloaded. 
47095      INFO  main            d.u.i.k.p.r.p.TestFile    Now processing file /home/runner/work/key/key/key.core/../key.ui/examples/standard_key/java_dl/arrayUpdateSimp.key 
47095      INFO  main            d.u.i.k.p.i.AbstractProblemLoader Loading environment from /home/runner/work/key/key/key.core/../key.ui/examples/standard_key/java_dl/arrayUpdateSimp.key 
47095      DEBUG main            d.u.i.k.p.i.AbstractProblemLoader Environment load took 87.5ns 
47098      INFO  main            d.u.i.k.p.i.AbstractProblemLoader Creating init config 
47121      WARN  main            d.u.i.k.j.r.KeYCrossReferenceNameInfo Datatype java.io.PrintStream declared twice: Once in FILE:/home/runner/work/key/key/key.core/../key.ui/examples/standard_key/java_dl/./classpath/PrintStream.java and once in URL:file:/home/runner/work/key/key/key.core/build/resources/main/de/uka/ilkd/key/java/JavaRedux/java/io/PrintStream.java, Keeping one from URL:file:/home/runner/work/key/key/key.core/build/resources/main/de/uka/ilkd/key/java/JavaRedux/java/io/PrintStream.java 
47122      WARN  main            d.u.i.k.j.r.KeYCrossReferenceNameInfo Datatype java.lang.System declared twice: Once in FILE:/home/runner/work/key/key/key.core/../key.ui/examples/standard_key/java_dl/./classpath/System.java and once in URL:file:/home/runner/work/key/key/key.core/build/resources/main/de/uka/ilkd/key/java/JavaRedux/java/lang/System.java, Keeping one from URL:file:/home/runner/work/key/key/key.core/build/resources/main/de/uka/ilkd/key/java/JavaRedux/java/lang/System.java 
47122      WARN  main            d.u.i.k.j.r.KeYCrossReferenceNameInfo Datatype java.io.InputStream declared twice: Once in FILE:/home/runner/work/key/key/key.core/../key.ui/examples/standard_key/java_dl/./classpath/InputStream.java and once in URL:file:/home/runner/work/key/key/key.core/build/resources/main/de/uka/ilkd/key/java/JavaRedux/java/io/InputStream.java, Keeping one from URL:file:/home/runner/work/key/key/key.core/build/resources/main/de/uka/ilkd/key/java/JavaRedux/java/io/InputStream.java 
47128      DEBUG main            d.u.i.k.j.r.ClassFileDeclarationBuilder Parsing: package java.io; public class Closeable { } 
47129      DEBUG main            r.s.KeYCrossReferenceSourceInfo Dynamically created class: java.io.Closeable 
49726      DEBUG main            d.u.i.k.p.i.AbstractProblemLoader Init config took 2.63s 
49745      INFO  main            d.u.i.k.p.i.AbstractProblemLoader Replaying proof arrayUpdateSimp.key 
49747      DEBUG main            d.u.i.k.p.i.IntermediateProofReplayer Proof replay took 6ns 
49849      INFO  main            d.u.i.k.p.r.p.TestFile    ... finished proof: closed. 
50030      INFO  main            d.u.i.k.p.i.AbstractProblemLoader Loading environment from /home/runner/work/key/key/key.core/../key.ui/examples/standard_key/java_dl/arrayUpdateSimp.key.proof 
50030      DEBUG main            d.u.i.k.p.i.AbstractProblemLoader Environment load took 108.3ns 
50034      INFO  main            d.u.i.k.p.i.AbstractProblemLoader Creating init config 
50056      WARN  main            d.u.i.k.j.r.KeYCrossReferenceNameInfo Datatype java.io.PrintStream declared twice: Once in FILE:/home/runner/work/key/key/key.core/../key.ui/examples/standard_key/java_dl/classpath/PrintStream.java and once in URL:file:/home/runner/work/key/key/key.core/build/resources/main/de/uka/ilkd/key/java/JavaRedux/java/io/PrintStream.java, Keeping one from URL:file:/home/runner/work/key/key/key.core/build/resources/main/de/uka/ilkd/key/java/JavaRedux/java/io/PrintStream.java 
50056      WARN  main            d.u.i.k.j.r.KeYCrossReferenceNameInfo Datatype java.lang.System declared twice: Once in FILE:/home/runner/work/key/key/key.core/../key.ui/examples/standard_key/java_dl/classpath/System.java and once in URL:file:/home/runner/work/key/key/key.core/build/resources/main/de/uka/ilkd/key/java/JavaRedux/java/lang/System.java, Keeping one from URL:file:/home/runner/work/key/key/key.core/build/resources/main/de/uka/ilkd/key/java/JavaRedux/java/lang/System.java 
50056      WARN  main            d.u.i.k.j.r.KeYCrossReferenceNameInfo Datatype java.io.InputStream declared twice: Once in FILE:/home/runner/work/key/key/key.core/../key.ui/examples/standard_key/java_dl/classpath/InputStream.java and once in URL:file:/home/runner/work/key/key/key.core/build/resources/main/de/uka/ilkd/key/java/JavaRedux/java/io/InputStream.java, Keeping one from URL:file:/home/runner/work/key/key/key.core/build/resources/main/de/uka/ilkd/key/java/JavaRedux/java/io/InputStream.java 
50059      DEBUG main            d.u.i.k.j.r.ClassFileDeclarationBuilder Parsing: package java.io; public class Closeable { } 
50060      DEBUG main            r.s.KeYCrossReferenceSourceInfo Dynamically created class: java.io.Closeable 
52562      DEBUG main            d.u.i.k.p.i.AbstractProblemLoader Init config took 2.53s 
52582      INFO  main            d.u.i.k.p.i.AbstractProblemLoader Replaying proof arrayUpdateSimp.key.proof 
52584      DEBUG main            d.u.i.k.p.i.IntermediateProofReplayer Proof replay took 498.79ns 
52585      DEBUG main            d.u.i.k.p.r.p.TestFile    ... success: reloaded. 
52586      INFO  main            d.u.i.k.p.r.p.TestFile    Now processing file /home/runner/work/key/key/key.core/../key.ui/examples/standard_key/java_dl/attributes.key 
52586      INFO  main            d.u.i.k.p.i.AbstractProblemLoader Loading environment from /home/runner/work/key/key/key.core/../key.ui/examples/standard_key/java_dl/attributes.key 
52586      DEBUG main            d.u.i.k.p.i.AbstractProblemLoader Environment load took 80.1ns 
52587      INFO  main            d.u.i.k.p.i.AbstractProblemLoader Creating init config 
55108      DEBUG main            d.u.i.k.p.i.AbstractProblemLoader Init config took 2.52s 
55124      INFO  main            d.u.i.k.p.i.AbstractProblemLoader Replaying proof attributes.key 
55126      DEBUG main            d.u.i.k.p.i.IntermediateProofReplayer Proof replay took 6.5ns 
55330      INFO  main            d.u.i.k.p.r.p.TestFile    ... finished proof: closed. 
55532      INFO  main            d.u.i.k.p.i.AbstractProblemLoader Loading environment from /home/runner/work/key/key/key.core/../key.ui/examples/standard_key/java_dl/attributes.key.proof 
55532      DEBUG main            d.u.i.k.p.i.AbstractProblemLoader Environment load took 107.2ns 
55536      INFO  main            d.u.i.k.p.i.AbstractProblemLoader Creating init config 
57981      DEBUG main            d.u.i.k.p.i.AbstractProblemLoader Init config took 2.44s 
57997      INFO  main            d.u.i.k.p.i.AbstractProblemLoader Replaying proof attributes.key.proof 
58028      DEBUG main            d.u.i.k.p.i.IntermediateProofReplayer Proof replay took 29.12ms 
58029      DEBUG main            d.u.i.k.p.r.p.TestFile    ... success: reloaded. 
58030      INFO  main            d.u.i.k.p.r.p.TestFile    Now processing file /home/runner/work/key/key/key.core/../key.ui/examples/standard_key/java_dl/break.key 
58030      INFO  main            d.u.i.k.p.i.AbstractProblemLoader Loading environment from /home/runner/work/key/key/key.core/../key.ui/examples/standard_key/java_dl/break.key 
58030      DEBUG main            d.u.i.k.p.i.AbstractProblemLoader Environment load took 75.9ns 
58031      INFO  main            d.u.i.k.p.i.AbstractProblemLoader Creating init config 
58051      WARN  main            d.u.i.k.j.r.KeYCrossReferenceNameInfo Datatype java.io.PrintStream declared twice: Once in FILE:/home/runner/work/key/key/key.core/../key.ui/examples/standard_key/java_dl/classpath/PrintStream.java and once in URL:file:/home/runner/work/key/key/key.core/build/resources/main/de/uka/ilkd/key/java/JavaRedux/java/io/PrintStream.java, Keeping one from URL:file:/home/runner/work/key/key/key.core/build/resources/main/de/uka/ilkd/key/java/JavaRedux/java/io/PrintStream.java 
58051      WARN  main            d.u.i.k.j.r.KeYCrossReferenceNameInfo Datatype java.lang.System declared twice: Once in FILE:/home/runner/work/key/key/key.core/../key.ui/examples/standard_key/java_dl/classpath/System.java and once in URL:file:/home/runner/work/key/key/key.core/build/resources/main/de/uka/ilkd/key/java/JavaRedux/java/lang/System.java, Keeping one from URL:file:/home/runner/work/key/key/key.core/build/resources/main/de/uka/ilkd/key/java/JavaRedux/java/lang/System.java 
58051      WARN  main            d.u.i.k.j.r.KeYCrossReferenceNameInfo Datatype java.io.InputStream declared twice: Once in FILE:/home/runner/work/key/key/key.core/../key.ui/examples/standard_key/java_dl/classpath/InputStream.java and once in URL:file:/home/runner/work/key/key/key.core/build/resources/main/de/uka/ilkd/key/java/JavaRedux/java/io/InputStream.java, Keeping one from URL:file:/home/runner/work/key/key/key.core/build/resources/main/de/uka/ilkd/key/java/JavaRedux/java/io/InputStream.java 
58054      DEBUG main            d.u.i.k.j.r.ClassFileDeclarationBuilder Parsing: package java.io; public class Closeable { } 
58054      DEBUG main            r.s.KeYCrossReferenceSourceInfo Dynamically created class: java.io.Closeable 
60511      DEBUG main            d.u.i.k.p.i.AbstractProblemLoader Init config took 2.48s 
60541      INFO  main            d.u.i.k.p.i.AbstractProblemLoader Replaying proof break.key 
60543      DEBUG main            d.u.i.k.p.i.IntermediateProofReplayer Proof replay took 6.8ns 
60646      INFO  main            d.u.i.k.p.r.p.TestFile    ... finished proof: closed. 
60815      INFO  main            d.u.i.k.p.i.AbstractProblemLoader Loading environment from /home/runner/work/key/key/key.core/../key.ui/examples/standard_key/java_dl/break.key.proof 
60815      DEBUG main            d.u.i.k.p.i.AbstractProblemLoader Environment load took 100.8ns 
60816      INFO  main            d.u.i.k.p.i.AbstractProblemLoader Creating init config 
60836      WARN  main            d.u.i.k.j.r.KeYCrossReferenceNameInfo Datatype java.io.PrintStream declared twice: Once in FILE:/home/runner/work/key/key/key.core/../key.ui/examples/standard_key/java_dl/classpath/PrintStream.java and once in URL:file:/home/runner/work/key/key/key.core/build/resources/main/de/uka/ilkd/key/java/JavaRedux/java/io/PrintStream.java, Keeping one from URL:file:/home/runner/work/key/key/key.core/build/resources/main/de/uka/ilkd/key/java/JavaRedux/java/io/PrintStream.java 
60837      WARN  main            d.u.i.k.j.r.KeYCrossReferenceNameInfo Datatype java.lang.System declared twice: Once in FILE:/home/runner/work/key/key/key.core/../key.ui/examples/standard_key/java_dl/classpath/System.java and once in URL:file:/home/runner/work/key/key/key.core/build/resources/main/de/uka/ilkd/key/java/JavaRedux/java/lang/System.java, Keeping one from URL:file:/home/runner/work/key/key/key.core/build/resources/main/de/uka/ilkd/key/java/JavaRedux/java/lang/System.java 
60837      WARN  main            d.u.i.k.j.r.KeYCrossReferenceNameInfo Datatype java.io.InputStream declared twice: Once in FILE:/home/runner/work/key/key/key.core/../key.ui/examples/standard_key/java_dl/classpath/InputStream.java and once in URL:file:/home/runner/work/key/key/key.core/build/resources/main/de/uka/ilkd/key/java/JavaRedux/java/io/InputStream.java, Keeping one from URL:file:/home/runner/work/key/key/key.core/build/resources/main/de/uka/ilkd/key/java/JavaRedux/java/io/InputStream.java 
60840      DEBUG main            d.u.i.k.j.r.ClassFileDeclarationBuilder Parsing: package java.io; public class Closeable { } 
60840      DEBUG main            r.s.KeYCrossReferenceSourceInfo Dynamically created class: java.io.Closeable 
63220      DEBUG main            d.u.i.k.p.i.AbstractProblemLoader Init config took 2.4s 
63238      INFO  main            d.u.i.k.p.i.AbstractProblemLoader Replaying proof break.key.proof 
63248      DEBUG main            d.u.i.k.p.i.IntermediateProofReplayer Proof replay took 7.74ms 
63249      DEBUG main            d.u.i.k.p.r.p.TestFile    ... success: reloaded. 
63251      INFO  main            d.u.i.k.p.r.p.TestFile    Now processing file /home/runner/work/key/key/key.core/../key.ui/examples/standard_key/java_dl/char.key 
63251      INFO  main            d.u.i.k.p.i.AbstractProblemLoader Loading environment from /home/runner/work/key/key/key.core/../key.ui/examples/standard_key/java_dl/char.key 
63251      DEBUG main            d.u.i.k.p.i.AbstractProblemLoader Environment load took 78.6ns 
63252      INFO  main            d.u.i.k.p.i.AbstractProblemLoader Creating init config 
65704      DEBUG main            d.u.i.k.p.i.AbstractProblemLoader Init config took 2.45s 
65719      INFO  main            d.u.i.k.p.i.AbstractProblemLoader Replaying proof char.key 
65721      DEBUG main            d.u.i.k.p.i.IntermediateProofReplayer Proof replay took 6.1ns 
65829      INFO  main            d.u.i.k.p.r.p.TestFile    ... finished proof: closed. 
66024      INFO  main            d.u.i.k.p.i.AbstractProblemLoader Loading environment from /home/runner/work/key/key/key.core/../key.ui/examples/standard_key/java_dl/char.key.proof 
66024      DEBUG main            d.u.i.k.p.i.AbstractProblemLoader Environment load took 103.8ns 
66026      INFO  main            d.u.i.k.p.i.AbstractProblemLoader Creating init config 
68417      DEBUG main            d.u.i.k.p.i.AbstractProblemLoader Init config took 2.39s 
68447      INFO  main            d.u.i.k.p.i.AbstractProblemLoader Replaying proof char.key.proof 
68451      DEBUG main            d.u.i.k.p.i.IntermediateProofReplayer Proof replay took 2.01ms 
68452      DEBUG main            d.u.i.k.p.r.p.TestFile    ... success: reloaded. 
68453      INFO  main            d.u.i.k.p.r.p.TestFile    Now processing file /home/runner/work/key/key/key.core/../key.ui/examples/standard_key/java_dl/compileTimeConstants.key 
68453      INFO  main            d.u.i.k.p.i.AbstractProblemLoader Loading environment from /home/runner/work/key/key/key.core/../key.ui/examples/standard_key/java_dl/compileTimeConstants.key 
68453      DEBUG main            d.u.i.k.p.i.AbstractProblemLoader Environment load took 182.4ns 
68454      INFO  main            d.u.i.k.p.i.AbstractProblemLoader Creating init config 
70898      DEBUG main            d.u.i.k.p.i.AbstractProblemLoader Init config took 2.44s 
70913      INFO  main            d.u.i.k.p.i.AbstractProblemLoader Replaying proof compileTimeConstants.key 
70914      DEBUG main            d.u.i.k.p.i.IntermediateProofReplayer Proof replay took 6.1ns 
71017      INFO  main            d.u.i.k.p.r.p.TestFile    ... finished proof: closed. 
71183      INFO  main            d.u.i.k.p.i.AbstractProblemLoader Loading environment from /home/runner/work/key/key/key.core/../key.ui/examples/standard_key/java_dl/compileTimeConstants.key.proof 
71183      DEBUG main            d.u.i.k.p.i.AbstractProblemLoader Environment load took 102.8ns 
71184      INFO  main            d.u.i.k.p.i.AbstractProblemLoader Creating init config 
73632      DEBUG main            d.u.i.k.p.i.AbstractProblemLoader Init config took 2.45s 
73646      INFO  main            d.u.i.k.p.i.AbstractProblemLoader Replaying proof compileTimeConstants.key.proof 
73656      DEBUG main            d.u.i.k.p.i.IntermediateProofReplayer Proof replay took 8.61ms 
73675      DEBUG main            d.u.i.k.p.r.p.TestFile    ... success: reloaded. 
73676      INFO  main            d.u.i.k.p.r.p.TestFile    Now processing file /home/runner/work/key/key/key.core/../key.ui/examples/standard_key/java_dl/constructorException/test.key 
73676      INFO  main            d.u.i.k.p.i.AbstractProblemLoader Loading environment from /home/runner/work/key/key/key.core/../key.ui/examples/standard_key/java_dl/constructorException/test.key 
73676      DEBUG main            d.u.i.k.p.i.AbstractProblemLoader Environment load took 58ns 
73685      INFO  main            d.u.i.k.p.i.AbstractProblemLoader Creating init config 
76181      DEBUG main            d.u.i.k.p.i.AbstractProblemLoader Init config took 2.5s 
76240      INFO  main            d.u.i.k.p.i.AbstractProblemLoader Replaying proof Test[Test::Test(int)].JML operation contract.0 
76241      DEBUG main            d.u.i.k.p.i.IntermediateProofReplayer Proof replay took 6.1ns 
76446      INFO  main            d.u.i.k.p.r.p.TestFile    ... finished proof: closed. 
76654      INFO  main            d.u.i.k.p.i.AbstractProblemLoader Loading environment from /home/runner/work/key/key/key.core/../key.ui/examples/standard_key/java_dl/constructorException/test.key.proof 
76654      DEBUG main            d.u.i.k.p.i.AbstractProblemLoader Environment load took 103.4ns 
76655      INFO  main            d.u.i.k.p.i.AbstractProblemLoader Creating init config 
79089      DEBUG main            d.u.i.k.p.i.AbstractProblemLoader Init config took 2.43s 
79129      INFO  main            d.u.i.k.p.i.AbstractProblemLoader Replaying proof Test[Test::Test(int)].JML operation contract.0 
79171      DEBUG main            d.u.i.k.p.i.IntermediateProofReplayer Proof replay took 39.73ms 
79172      DEBUG main            d.u.i.k.p.r.p.TestFile    ... success: reloaded. 
79172      INFO  main            d.u.i.k.p.r.p.TestFile    Now processing file /home/runner/work/key/key/key.core/../key.ui/examples/standard_key/java_dl/constructorException/regressionTestBug1333.key 
79173      INFO  main            d.u.i.k.p.i.AbstractProblemLoader Loading environment from /home/runner/work/key/key/key.core/../key.ui/examples/standard_key/java_dl/constructorException/regressionTestBug1333.key 
79173      DEBUG main            d.u.i.k.p.i.AbstractProblemLoader Environment load took 163.9ns 
79174      INFO  main            d.u.i.k.p.i.AbstractProblemLoader Creating init config 
81674      DEBUG main            d.u.i.k.p.i.AbstractProblemLoader Init config took 2.5s 
81716      INFO  main            d.u.i.k.p.i.AbstractProblemLoader Replaying proof False[False::False()].JML normal_behavior operation contract.0 
81718      DEBUG main            d.u.i.k.p.i.IntermediateProofReplayer Proof replay took 6.3ns 
81822      INFO  main            d.u.i.k.p.r.p.TestFile    ... finished proof: open goal(s) 
82011      INFO  main            d.u.i.k.p.r.p.TestFile    Now processing file /home/runner/work/key/key/key.core/../key.ui/examples/standard_key/java_dl/continue1.key 
82011      INFO  main            d.u.i.k.p.i.AbstractProblemLoader Loading environment from /home/runner/work/key/key/key.core/../key.ui/examples/standard_key/java_dl/continue1.key 
82011      DEBUG main            d.u.i.k.p.i.AbstractProblemLoader Environment load took 53.6ns 
82017      INFO  main            d.u.i.k.p.i.AbstractProblemLoader Creating init config 
82051      WARN  main            d.u.i.k.j.r.KeYCrossReferenceNameInfo Datatype java.io.PrintStream declared twice: Once in FILE:/home/runner/work/key/key/key.core/../key.ui/examples/standard_key/java_dl/classpath/PrintStream.java and once in URL:file:/home/runner/work/key/key/key.core/build/resources/main/de/uka/ilkd/key/java/JavaRedux/java/io/PrintStream.java, Keeping one from URL:file:/home/runner/work/key/key/key.core/build/resources/main/de/uka/ilkd/key/java/JavaRedux/java/io/PrintStream.java 
82055      WARN  main            d.u.i.k.j.r.KeYCrossReferenceNameInfo Datatype java.lang.System declared twice: Once in FILE:/home/runner/work/key/key/key.core/../key.ui/examples/standard_key/java_dl/classpath/System.java and once in URL:file:/home/runner/work/key/key/key.core/build/resources/main/de/uka/ilkd/key/java/JavaRedux/java/lang/System.java, Keeping one from URL:file:/home/runner/work/key/key/key.core/build/resources/main/de/uka/ilkd/key/java/JavaRedux/java/lang/System.java 
82055      WARN  main            d.u.i.k.j.r.KeYCrossReferenceNameInfo Datatype java.io.InputStream declared twice: Once in FILE:/home/runner/work/key/key/key.core/../key.ui/examples/standard_key/java_dl/classpath/InputStream.java and once in URL:file:/home/runner/work/key/key/key.core/build/resources/main/de/uka/ilkd/key/java/JavaRedux/java/io/InputStream.java, Keeping one from URL:file:/home/runner/work/key/key/key.core/build/resources/main/de/uka/ilkd/key/java/JavaRedux/java/io/InputStream.java 
82058      DEBUG main            d.u.i.k.j.r.ClassFileDeclarationBuilder Parsing: package java.io; public class Closeable { } 
82058      DEBUG main            r.s.KeYCrossReferenceSourceInfo Dynamically created class: java.io.Closeable 
84468      DEBUG main            d.u.i.k.p.i.AbstractProblemLoader Init config took 2.45s 
84482      INFO  main            d.u.i.k.p.i.AbstractProblemLoader Replaying proof continue1.key 
84483      DEBUG main            d.u.i.k.p.i.IntermediateProofReplayer Proof replay took 6.5ns 
84585      INFO  main            d.u.i.k.p.r.p.TestFile    ... finished proof: closed. 
84766      INFO  main            d.u.i.k.p.i.AbstractProblemLoader Loading environment from /home/runner/work/key/key/key.core/../key.ui/examples/standard_key/java_dl/continue1.key.proof 
84766      DEBUG main            d.u.i.k.p.i.AbstractProblemLoader Environment load took 103.2ns 
84767      INFO  main            d.u.i.k.p.i.AbstractProblemLoader Creating init config 
84789      WARN  main            d.u.i.k.j.r.KeYCrossReferenceNameInfo Datatype java.io.PrintStream declared twice: Once in FILE:/home/runner/work/key/key/key.core/../key.ui/examples/standard_key/java_dl/classpath/PrintStream.java and once in URL:file:/home/runner/work/key/key/key.core/build/resources/main/de/uka/ilkd/key/java/JavaRedux/java/io/PrintStream.java, Keeping one from URL:file:/home/runner/work/key/key/key.core/build/resources/main/de/uka/ilkd/key/java/JavaRedux/java/io/PrintStream.java 
84790      WARN  main            d.u.i.k.j.r.KeYCrossReferenceNameInfo Datatype java.lang.System declared twice: Once in FILE:/home/runner/work/key/key/key.core/../key.ui/examples/standard_key/java_dl/classpath/System.java and once in URL:file:/home/runner/work/key/key/key.core/build/resources/main/de/uka/ilkd/key/java/JavaRedux/java/lang/System.java, Keeping one from URL:file:/home/runner/work/key/key/key.core/build/resources/main/de/uka/ilkd/key/java/JavaRedux/java/lang/System.java 
84790      WARN  main            d.u.i.k.j.r.KeYCrossReferenceNameInfo Datatype java.io.InputStream declared twice: Once in FILE:/home/runner/work/key/key/key.core/../key.ui/examples/standard_key/java_dl/classpath/InputStream.java and once in URL:file:/home/runner/work/key/key/key.core/build/resources/main/de/uka/ilkd/key/java/JavaRedux/java/io/InputStream.java, Keeping one from URL:file:/home/runner/work/key/key/key.core/build/resources/main/de/uka/ilkd/key/java/JavaRedux/java/io/InputStream.java 
84793      DEBUG main            d.u.i.k.j.r.ClassFileDeclarationBuilder Parsing: package java.io; public class Closeable { } 
84793      DEBUG main            r.s.KeYCrossReferenceSourceInfo Dynamically created class: java.io.Closeable 
87158      DEBUG main            d.u.i.k.p.i.AbstractProblemLoader Init config took 2.39s 
87175      INFO  main            d.u.i.k.p.i.AbstractProblemLoader Replaying proof continue1.key.proof 
87195      DEBUG main            d.u.i.k.p.i.IntermediateProofReplayer Proof replay took 16.43ms 
87197      DEBUG main            d.u.i.k.p.r.p.TestFile    ... success: reloaded. 
87200      INFO  main            d.u.i.k.p.r.p.TestFile    Now processing file /home/runner/work/key/key/key.core/../key.ui/examples/standard_key/java_dl/continue2.key 
87204      INFO  main            d.u.i.k.p.i.AbstractProblemLoader Loading environment from /home/runner/work/key/key/key.core/../key.ui/examples/standard_key/java_dl/continue2.key 
87205      DEBUG main            d.u.i.k.p.i.AbstractProblemLoader Environment load took 1.12ms 
87206      INFO  main            d.u.i.k.p.i.AbstractProblemLoader Creating init config 
87226      WARN  main            d.u.i.k.j.r.KeYCrossReferenceNameInfo Datatype java.io.PrintStream declared twice: Once in FILE:/home/runner/work/key/key/key.core/../key.ui/examples/standard_key/java_dl/classpath/PrintStream.java and once in URL:file:/home/runner/work/key/key/key.core/build/resources/main/de/uka/ilkd/key/java/JavaRedux/java/io/PrintStream.java, Keeping one from URL:file:/home/runner/work/key/key/key.core/build/resources/main/de/uka/ilkd/key/java/JavaRedux/java/io/PrintStream.java 
87227      WARN  main            d.u.i.k.j.r.KeYCrossReferenceNameInfo Datatype java.lang.System declared twice: Once in FILE:/home/runner/work/key/key/key.core/../key.ui/examples/standard_key/java_dl/classpath/System.java and once in URL:file:/home/runner/work/key/key/key.core/build/resources/main/de/uka/ilkd/key/java/JavaRedux/java/lang/System.java, Keeping one from URL:file:/home/runner/work/key/key/key.core/build/resources/main/de/uka/ilkd/key/java/JavaRedux/java/lang/System.java 
87228      WARN  main            d.u.i.k.j.r.KeYCrossReferenceNameInfo Datatype java.io.InputStream declared twice: Once in FILE:/home/runner/work/key/key/key.core/../key.ui/examples/standard_key/java_dl/classpath/InputStream.java and once in URL:file:/home/runner/work/key/key/key.core/build/resources/main/de/uka/ilkd/key/java/JavaRedux/java/io/InputStream.java, Keeping one from URL:file:/home/runner/work/key/key/key.core/build/resources/main/de/uka/ilkd/key/java/JavaRedux/java/io/InputStream.java 
87232      DEBUG main            d.u.i.k.j.r.ClassFileDeclarationBuilder Parsing: package java.io; public class Closeable { } 
87233      DEBUG main            r.s.KeYCrossReferenceSourceInfo Dynamically created class: java.io.Closeable 
89767      DEBUG main            d.u.i.k.p.i.AbstractProblemLoader Init config took 2.56s 
89781      INFO  main            d.u.i.k.p.i.AbstractProblemLoader Replaying proof continue2.key 
89783      DEBUG main            d.u.i.k.p.i.IntermediateProofReplayer Proof replay took 6.1ns 
89985      INFO  main            d.u.i.k.p.r.p.TestFile    ... finished proof: closed. 
90192      INFO  main            d.u.i.k.p.i.AbstractProblemLoader Loading environment from /home/runner/work/key/key/key.core/../key.ui/examples/standard_key/java_dl/continue2.key.proof 
90192      DEBUG main            d.u.i.k.p.i.AbstractProblemLoader Environment load took 86.4ns 
90193      INFO  main            d.u.i.k.p.i.AbstractProblemLoader Creating init config 
90214      WARN  main            d.u.i.k.j.r.KeYCrossReferenceNameInfo Datatype java.io.PrintStream declared twice: Once in FILE:/home/runner/work/key/key/key.core/../key.ui/examples/standard_key/java_dl/classpath/PrintStream.java and once in URL:file:/home/runner/work/key/key/key.core/build/resources/main/de/uka/ilkd/key/java/JavaRedux/java/io/PrintStream.java, Keeping one from URL:file:/home/runner/work/key/key/key.core/build/resources/main/de/uka/ilkd/key/java/JavaRedux/java/io/PrintStream.java 
90215      WARN  main            d.u.i.k.j.r.KeYCrossReferenceNameInfo Datatype java.lang.System declared twice: Once in FILE:/home/runner/work/key/key/key.core/../key.ui/examples/standard_key/java_dl/classpath/System.java and once in URL:file:/home/runner/work/key/key/key.core/build/resources/main/de/uka/ilkd/key/java/JavaRedux/java/lang/System.java, Keeping one from URL:file:/home/runner/work/key/key/key.core/build/resources/main/de/uka/ilkd/key/java/JavaRedux/java/lang/System.java 
90215      WARN  main            d.u.i.k.j.r.KeYCrossReferenceNameInfo Datatype java.io.InputStream declared twice: Once in FILE:/home/runner/work/key/key/key.core/../key.ui/examples/standard_key/java_dl/classpath/InputStream.java and once in URL:file:/home/runner/work/key/key/key.core/build/resources/main/de/uka/ilkd/key/java/JavaRedux/java/io/InputStream.java, Keeping one from URL:file:/home/runner/work/key/key/key.core/build/resources/main/de/uka/ilkd/key/java/JavaRedux/java/io/InputStream.java 
90218      DEBUG main            d.u.i.k.j.r.ClassFileDeclarationBuilder Parsing: package java.io; public class Closeable { } 
90219      DEBUG main            r.s.KeYCrossReferenceSourceInfo Dynamically created class: java.io.Closeable 
92680      DEBUG main            d.u.i.k.p.i.AbstractProblemLoader Init config took 2.49s 
92693      INFO  main            d.u.i.k.p.i.AbstractProblemLoader Replaying proof continue2.key.proof 
92747      DEBUG main            d.u.i.k.p.i.IntermediateProofReplayer Proof replay took 50.73ms 
92748      DEBUG main            d.u.i.k.p.r.p.TestFile    ... success: reloaded. 
92749      INFO  main            d.u.i.k.p.r.p.TestFile    Now processing file /home/runner/work/key/key/key.core/../key.ui/examples/standard_key/java_dl/complexAssignment.key 
92749      INFO  main            d.u.i.k.p.i.AbstractProblemLoader Loading environment from /home/runner/work/key/key/key.core/../key.ui/examples/standard_key/java_dl/complexAssignment.key 
92749      DEBUG main            d.u.i.k.p.i.AbstractProblemLoader Environment load took 71.8ns 
92750      INFO  main            d.u.i.k.p.i.AbstractProblemLoader Creating init config 
95150      DEBUG main            d.u.i.k.p.i.AbstractProblemLoader Init config took 2.4s 
95164      INFO  main            d.u.i.k.p.i.AbstractProblemLoader Replaying proof complexAssignment.key 
95166      DEBUG main            d.u.i.k.p.i.IntermediateProofReplayer Proof replay took 5.8ns 
95268      INFO  main            d.u.i.k.p.r.p.TestFile    ... finished proof: closed. 
95521      INFO  main            d.u.i.k.p.i.AbstractProblemLoader Loading environment from /home/runner/work/key/key/key.core/../key.ui/examples/standard_key/java_dl/complexAssignment.key.proof 
95521      DEBUG main            d.u.i.k.p.i.AbstractProblemLoader Environment load took 85.7ns 
95522      INFO  main            d.u.i.k.p.i.AbstractProblemLoader Creating init config 
97853      DEBUG main            d.u.i.k.p.i.AbstractProblemLoader Init config took 2.33s 
97867      INFO  main            d.u.i.k.p.i.AbstractProblemLoader Replaying proof complexAssignment.key.proof 
97874      DEBUG main            d.u.i.k.p.i.IntermediateProofReplayer Proof replay took 4.47ms 
97874      DEBUG main            d.u.i.k.p.r.p.TestFile    ... success: reloaded. 
97875      INFO  main            d.u.i.k.p.r.p.TestFile    Now processing file /home/runner/work/key/key/key.core/../key.ui/examples/standard_key/java_dl/danglingElseSolution1.key 
97875      INFO  main            d.u.i.k.p.i.AbstractProblemLoader Loading environment from /home/runner/work/key/key/key.core/../key.ui/examples/standard_key/java_dl/danglingElseSolution1.key 
97875      DEBUG main            d.u.i.k.p.i.AbstractProblemLoader Environment load took 145.1ns 
97876      INFO  main            d.u.i.k.p.i.AbstractProblemLoader Creating init config 
100288     DEBUG main            d.u.i.k.p.i.AbstractProblemLoader Init config took 2.41s 
100302     INFO  main            d.u.i.k.p.i.AbstractProblemLoader Replaying proof danglingElseSolution1.key 
100303     DEBUG main            d.u.i.k.p.i.IntermediateProofReplayer Proof replay took 6.3ns 
100405     INFO  main            d.u.i.k.p.r.p.TestFile    ... finished proof: closed. 
100613     INFO  main            d.u.i.k.p.i.AbstractProblemLoader Loading environment from /home/runner/work/key/key/key.core/../key.ui/examples/standard_key/java_dl/danglingElseSolution1.key.proof 
100613     DEBUG main            d.u.i.k.p.i.AbstractProblemLoader Environment load took 84.4ns 
100614     INFO  main            d.u.i.k.p.i.AbstractProblemLoader Creating init config 
102952     DEBUG main            d.u.i.k.p.i.AbstractProblemLoader Init config took 2.34s 
102966     INFO  main            d.u.i.k.p.i.AbstractProblemLoader Replaying proof danglingElseSolution1.key.proof 
102974     DEBUG main            d.u.i.k.p.i.IntermediateProofReplayer Proof replay took 6.32ms 
102975     DEBUG main            d.u.i.k.p.r.p.TestFile    ... success: reloaded. 
102976     INFO  main            d.u.i.k.p.r.p.TestFile    Now processing file /home/runner/work/key/key/key.core/../key.ui/examples/standard_key/java_dl/danglingElseSolution2.key 
102976     INFO  main            d.u.i.k.p.i.AbstractProblemLoader Loading environment from /home/runner/work/key/key/key.core/../key.ui/examples/standard_key/java_dl/danglingElseSolution2.key 
102976     DEBUG main            d.u.i.k.p.i.AbstractProblemLoader Environment load took 152.9ns 
102977     INFO  main            d.u.i.k.p.i.AbstractProblemLoader Creating init config 
105353     DEBUG main            d.u.i.k.p.i.AbstractProblemLoader Init config took 2.38s 
105366     INFO  main            d.u.i.k.p.i.AbstractProblemLoader Replaying proof danglingElseSolution2.key 
105367     DEBUG main            d.u.i.k.p.i.IntermediateProofReplayer Proof replay took 6.1ns 
105470     INFO  main            d.u.i.k.p.r.p.TestFile    ... finished proof: closed. 
105685     INFO  main            d.u.i.k.p.i.AbstractProblemLoader Loading environment from /home/runner/work/key/key/key.core/../key.ui/examples/standard_key/java_dl/danglingElseSolution2.key.proof 
105685     DEBUG main            d.u.i.k.p.i.AbstractProblemLoader Environment load took 95.4ns 
105686     INFO  main            d.u.i.k.p.i.AbstractProblemLoader Creating init config 
108021     DEBUG main            d.u.i.k.p.i.AbstractProblemLoader Init config took 2.34s 
108035     INFO  main            d.u.i.k.p.i.AbstractProblemLoader Replaying proof danglingElseSolution2.key.proof 
108051     DEBUG main            d.u.i.k.p.i.IntermediateProofReplayer Proof replay took 13.71ms 
108052     DEBUG main            d.u.i.k.p.r.p.TestFile    ... success: reloaded. 
108053     INFO  main            d.u.i.k.p.r.p.TestFile    Now processing file /home/runner/work/key/key/key.core/../key.ui/examples/standard_key/java_dl/deepNonNull/deepNonNull0.key 
108054     INFO  main            d.u.i.k.p.i.AbstractProblemLoader Loading environment from /home/runner/work/key/key/key.core/../key.ui/examples/standard_key/java_dl/deepNonNull/deepNonNull0.key 
108054     DEBUG main            d.u.i.k.p.i.AbstractProblemLoader Environment load took 173.2ns 
108055     INFO  main            d.u.i.k.p.i.AbstractProblemLoader Creating init config 
110545     DEBUG main            d.u.i.k.p.i.AbstractProblemLoader Init config took 2.49s 
110588     INFO  main            d.u.i.k.p.i.AbstractProblemLoader Replaying proof Arrays[Arrays::get()].JML operation contract.0 
110589     DEBUG main            d.u.i.k.p.i.IntermediateProofReplayer Proof replay took 6.2ns 
110791     INFO  main            d.u.i.k.p.r.p.TestFile    ... finished proof: closed. 
111015     INFO  main            d.u.i.k.p.i.AbstractProblemLoader Loading environment from /home/runner/work/key/key/key.core/../key.ui/examples/standard_key/java_dl/deepNonNull/deepNonNull0.key.proof 
111016     DEBUG main            d.u.i.k.p.i.AbstractProblemLoader Environment load took 85.8ns 
111016     INFO  main            d.u.i.k.p.i.AbstractProblemLoader Creating init config 
113451     DEBUG main            d.u.i.k.p.i.AbstractProblemLoader Init config took 2.43s 
113497     INFO  main            d.u.i.k.p.i.AbstractProblemLoader Replaying proof Arrays[Arrays::get()].JML operation contract.0 
113515     DEBUG main            d.u.i.k.p.i.IntermediateProofReplayer Proof replay took 15.35ms 
113516     DEBUG main            d.u.i.k.p.r.p.TestFile    ... success: reloaded. 
113516     INFO  main            d.u.i.k.p.r.p.TestFile    Now processing file /home/runner/work/key/key/key.core/../key.ui/examples/standard_key/java_dl/deepNonNull/deepNonNull1.key 
113517     INFO  main            d.u.i.k.p.i.AbstractProblemLoader Loading environment from /home/runner/work/key/key/key.core/../key.ui/examples/standard_key/java_dl/deepNonNull/deepNonNull1.key 
113517     DEBUG main            d.u.i.k.p.i.AbstractProblemLoader Environment load took 63.5ns 
113517     INFO  main            d.u.i.k.p.i.AbstractProblemLoader Creating init config 
115989     DEBUG main            d.u.i.k.p.i.AbstractProblemLoader Init config took 2.47s 
116023     INFO  main            d.u.i.k.p.i.AbstractProblemLoader Replaying proof Arrays[Arrays::head()].JML operation contract.0 
116024     DEBUG main            d.u.i.k.p.i.IntermediateProofReplayer Proof replay took 5.3ns 
116226     INFO  main            d.u.i.k.p.r.p.TestFile    ... finished proof: closed. 
116453     INFO  main            d.u.i.k.p.i.AbstractProblemLoader Loading environment from /home/runner/work/key/key/key.core/../key.ui/examples/standard_key/java_dl/deepNonNull/deepNonNull1.key.proof 
116453     DEBUG main            d.u.i.k.p.i.AbstractProblemLoader Environment load took 86.9ns 
116454     INFO  main            d.u.i.k.p.i.AbstractProblemLoader Creating init config 
118863     DEBUG main            d.u.i.k.p.i.AbstractProblemLoader Init config took 2.41s 
118901     INFO  main            d.u.i.k.p.i.AbstractProblemLoader Replaying proof Arrays[Arrays::head()].JML operation contract.0 
118919     DEBUG main            d.u.i.k.p.i.IntermediateProofReplayer Proof replay took 15.86ms 
118920     DEBUG main            d.u.i.k.p.r.p.TestFile    ... success: reloaded. 
118920     INFO  main            d.u.i.k.p.r.p.TestFile    Now processing file /home/runner/work/key/key/key.core/../key.ui/examples/standard_key/java_dl/deepNonNull/deepNonNull2.key 
118920     INFO  main            d.u.i.k.p.i.AbstractProblemLoader Loading environment from /home/runner/work/key/key/key.core/../key.ui/examples/standard_key/java_dl/deepNonNull/deepNonNull2.key 
118920     DEBUG main            d.u.i.k.p.i.AbstractProblemLoader Environment load took 70.4ns 
118921     INFO  main            d.u.i.k.p.i.AbstractProblemLoader Creating init config 
121396     DEBUG main            d.u.i.k.p.i.AbstractProblemLoader Init config took 2.47s 
121429     INFO  main            d.u.i.k.p.i.AbstractProblemLoader Replaying proof Arrays[Arrays::unprovable(java.lang.Object)].JML operation contract.0 
121431     DEBUG main            d.u.i.k.p.i.IntermediateProofReplayer Proof replay took 5.7ns 
121535     INFO  main            d.u.i.k.p.r.p.TestFile    ... finished proof: open goal(s) 
121771     INFO  main            d.u.i.k.p.r.p.TestFile    Now processing file /home/runner/work/key/key/key.core/../key.ui/examples/standard_key/java_dl/deepNonNull/deepNonNull3.key 
121771     INFO  main            d.u.i.k.p.i.AbstractProblemLoader Loading environment from /home/runner/work/key/key/key.core/../key.ui/examples/standard_key/java_dl/deepNonNull/deepNonNull3.key 
121771     DEBUG main            d.u.i.k.p.i.AbstractProblemLoader Environment load took 48.1ns 
121772     INFO  main            d.u.i.k.p.i.AbstractProblemLoader Creating init config 
124176     DEBUG main            d.u.i.k.p.i.AbstractProblemLoader Init config took 2.4s 
124209     INFO  main            d.u.i.k.p.i.AbstractProblemLoader Replaying proof Arrays[Arrays::head([[[[Ljava.lang.Object)].JML operation contract.0 
124211     DEBUG main            d.u.i.k.p.i.IntermediateProofReplayer Proof replay took 6.4ns 
125018     INFO  main            d.u.i.k.p.r.p.TestFile    ... finished proof: closed. 
125250     INFO  main            d.u.i.k.p.i.AbstractProblemLoader Loading environment from /home/runner/work/key/key/key.core/../key.ui/examples/standard_key/java_dl/deepNonNull/deepNonNull3.key.proof 
125250     DEBUG main            d.u.i.k.p.i.AbstractProblemLoader Environment load took 318.6ns 
125251     INFO  main            d.u.i.k.p.i.AbstractProblemLoader Creating init config 
127661     DEBUG main            d.u.i.k.p.i.AbstractProblemLoader Init config took 2.41s 
127694     INFO  main            d.u.i.k.p.i.AbstractProblemLoader Replaying proof Arrays[Arrays::head([[[[Ljava.lang.Object)].JML operation contract.0 
127752     DEBUG main            d.u.i.k.p.i.IntermediateProofReplayer Proof replay took 53.26ms 
127753     DEBUG main            d.u.i.k.p.r.p.TestFile    ... success: reloaded. 
127754     INFO  main            d.u.i.k.p.r.p.TestFile    Now processing file /home/runner/work/key/key/key.core/../key.ui/examples/standard_key/java_dl/exceptions.key 
127754     INFO  main            d.u.i.k.p.i.AbstractProblemLoader Loading environment from /home/runner/work/key/key/key.core/../key.ui/examples/standard_key/java_dl/exceptions.key 
127754     DEBUG main            d.u.i.k.p.i.AbstractProblemLoader Environment load took 61.2ns 
127755     INFO  main            d.u.i.k.p.i.AbstractProblemLoader Creating init config 
127774     WARN  main            d.u.i.k.j.r.KeYCrossReferenceNameInfo Datatype java.io.PrintStream declared twice: Once in FILE:/home/runner/work/key/key/key.core/../key.ui/examples/standard_key/java_dl/classpath/PrintStream.java and once in URL:file:/home/runner/work/key/key/key.core/build/resources/main/de/uka/ilkd/key/java/JavaRedux/java/io/PrintStream.java, Keeping one from URL:file:/home/runner/work/key/key/key.core/build/resources/main/de/uka/ilkd/key/java/JavaRedux/java/io/PrintStream.java 
127774     WARN  main            d.u.i.k.j.r.KeYCrossReferenceNameInfo Datatype java.lang.System declared twice: Once in FILE:/home/runner/work/key/key/key.core/../key.ui/examples/standard_key/java_dl/classpath/System.java and once in URL:file:/home/runner/work/key/key/key.core/build/resources/main/de/uka/ilkd/key/java/JavaRedux/java/lang/System.java, Keeping one from URL:file:/home/runner/work/key/key/key.core/build/resources/main/de/uka/ilkd/key/java/JavaRedux/java/lang/System.java 
127774     WARN  main            d.u.i.k.j.r.KeYCrossReferenceNameInfo Datatype java.io.InputStream declared twice: Once in FILE:/home/runner/work/key/key/key.core/../key.ui/examples/standard_key/java_dl/classpath/InputStream.java and once in URL:file:/home/runner/work/key/key/key.core/build/resources/main/de/uka/ilkd/key/java/JavaRedux/java/io/InputStream.java, Keeping one from URL:file:/home/runner/work/key/key/key.core/build/resources/main/de/uka/ilkd/key/java/JavaRedux/java/io/InputStream.java 
127777     DEBUG main            d.u.i.k.j.r.ClassFileDeclarationBuilder Parsing: package java.io; public class Closeable { } 
127777     DEBUG main            r.s.KeYCrossReferenceSourceInfo Dynamically created class: java.io.Closeable 
130173     DEBUG main            d.u.i.k.p.i.AbstractProblemLoader Init config took 2.42s 
130187     INFO  main            d.u.i.k.p.i.AbstractProblemLoader Replaying proof exceptions.key 
130189     DEBUG main            d.u.i.k.p.i.IntermediateProofReplayer Proof replay took 7.1ns 
130395     INFO  main            d.u.i.k.p.r.p.TestFile    ... finished proof: closed. 
130633     INFO  main            d.u.i.k.p.i.AbstractProblemLoader Loading environment from /home/runner/work/key/key/key.core/../key.ui/examples/standard_key/java_dl/exceptions.key.proof 
130633     DEBUG main            d.u.i.k.p.i.AbstractProblemLoader Environment load took 68.4ns 
130634     INFO  main            d.u.i.k.p.i.AbstractProblemLoader Creating init config 
130656     WARN  main            d.u.i.k.j.r.KeYCrossReferenceNameInfo Datatype java.io.PrintStream declared twice: Once in FILE:/home/runner/work/key/key/key.core/../key.ui/examples/standard_key/java_dl/classpath/PrintStream.java and once in URL:file:/home/runner/work/key/key/key.core/build/resources/main/de/uka/ilkd/key/java/JavaRedux/java/io/PrintStream.java, Keeping one from URL:file:/home/runner/work/key/key/key.core/build/resources/main/de/uka/ilkd/key/java/JavaRedux/java/io/PrintStream.java 
130656     WARN  main            d.u.i.k.j.r.KeYCrossReferenceNameInfo Datatype java.lang.System declared twice: Once in FILE:/home/runner/work/key/key/key.core/../key.ui/examples/standard_key/java_dl/classpath/System.java and once in URL:file:/home/runner/work/key/key/key.core/build/resources/main/de/uka/ilkd/key/java/JavaRedux/java/lang/System.java, Keeping one from URL:file:/home/runner/work/key/key/key.core/build/resources/main/de/uka/ilkd/key/java/JavaRedux/java/lang/System.java 
130657     WARN  main            d.u.i.k.j.r.KeYCrossReferenceNameInfo Datatype java.io.InputStream declared twice: Once in FILE:/home/runner/work/key/key/key.core/../key.ui/examples/standard_key/java_dl/classpath/InputStream.java and once in URL:file:/home/runner/work/key/key/key.core/build/resources/main/de/uka/ilkd/key/java/JavaRedux/java/io/InputStream.java, Keeping one from URL:file:/home/runner/work/key/key/key.core/build/resources/main/de/uka/ilkd/key/java/JavaRedux/java/io/InputStream.java 
130660     DEBUG main            d.u.i.k.j.r.ClassFileDeclarationBuilder Parsing: package java.io; public class Closeable { } 
130661     DEBUG main            r.s.KeYCrossReferenceSourceInfo Dynamically created class: java.io.Closeable 
133030     DEBUG main            d.u.i.k.p.i.AbstractProblemLoader Init config took 2.4s 
133043     INFO  main            d.u.i.k.p.i.AbstractProblemLoader Replaying proof exceptions.key.proof 
133077     DEBUG main            d.u.i.k.p.i.IntermediateProofReplayer Proof replay took 30.9ms 
133079     DEBUG main            d.u.i.k.p.r.p.TestFile    ... success: reloaded. 
133079     INFO  main            d.u.i.k.p.r.p.TestFile    Now processing file /home/runner/work/key/key/key.core/../key.ui/examples/standard_key/java_dl/exceptions1.key 
133080     INFO  main            d.u.i.k.p.i.AbstractProblemLoader Loading environment from /home/runner/work/key/key/key.core/../key.ui/examples/standard_key/java_dl/exceptions1.key 
133080     DEBUG main            d.u.i.k.p.i.AbstractProblemLoader Environment load took 140.2ns 
133081     INFO  main            d.u.i.k.p.i.AbstractProblemLoader Creating init config 
135459     DEBUG main            d.u.i.k.p.i.AbstractProblemLoader Init config took 2.38s 
135473     INFO  main            d.u.i.k.p.i.AbstractProblemLoader Replaying proof exceptions1.key 
135475     DEBUG main            d.u.i.k.p.i.IntermediateProofReplayer Proof replay took 6.7ns 
135678     INFO  main            d.u.i.k.p.r.p.TestFile    ... finished proof: closed. 
135912     INFO  main            d.u.i.k.p.i.AbstractProblemLoader Loading environment from /home/runner/work/key/key/key.core/../key.ui/examples/standard_key/java_dl/exceptions1.key.proof 
135912     DEBUG main            d.u.i.k.p.i.AbstractProblemLoader Environment load took 70.7ns 
135914     INFO  main            d.u.i.k.p.i.AbstractProblemLoader Creating init config 
138252     DEBUG main            d.u.i.k.p.i.AbstractProblemLoader Init config took 2.34s 
138266     INFO  main            d.u.i.k.p.i.AbstractProblemLoader Replaying proof exceptions1.key.proof 
138293     DEBUG main            d.u.i.k.p.i.IntermediateProofReplayer Proof replay took 24.94ms 
138293     DEBUG main            d.u.i.k.p.r.p.TestFile    ... success: reloaded. 
138295     INFO  main            d.u.i.k.p.r.p.TestFile    Now processing file /home/runner/work/key/key/key.core/../key.ui/examples/standard_key/java_dl/exceptions2.key 
138295     INFO  main            d.u.i.k.p.i.AbstractProblemLoader Loading environment from /home/runner/work/key/key/key.core/../key.ui/examples/standard_key/java_dl/exceptions2.key 
138295     DEBUG main            d.u.i.k.p.i.AbstractProblemLoader Environment load took 140.8ns 
138296     INFO  main            d.u.i.k.p.i.AbstractProblemLoader Creating init config 
140684     DEBUG main            d.u.i.k.p.i.AbstractProblemLoader Init config took 2.39s 
140700     INFO  main            d.u.i.k.p.i.AbstractProblemLoader Replaying proof exceptions2.key 
140702     DEBUG main            d.u.i.k.p.i.IntermediateProofReplayer Proof replay took 6.7ns 
140803     INFO  main            d.u.i.k.p.r.p.TestFile    ... finished proof: closed. 
141058     INFO  main            d.u.i.k.p.i.AbstractProblemLoader Loading environment from /home/runner/work/key/key/key.core/../key.ui/examples/standard_key/java_dl/exceptions2.key.proof 
141058     DEBUG main            d.u.i.k.p.i.AbstractProblemLoader Environment load took 71.2ns 
141059     INFO  main            d.u.i.k.p.i.AbstractProblemLoader Creating init config 
143378     DEBUG main            d.u.i.k.p.i.AbstractProblemLoader Init config took 2.32s 
143391     INFO  main            d.u.i.k.p.i.AbstractProblemLoader Replaying proof exceptions2.key.proof 
143415     DEBUG main            d.u.i.k.p.i.IntermediateProofReplayer Proof replay took 22.08ms 
143420     DEBUG main            d.u.i.k.p.r.p.TestFile    ... success: reloaded. 
143421     INFO  main            d.u.i.k.p.r.p.TestFile    Now processing file /home/runner/work/key/key/key.core/../key.ui/examples/standard_key/java_dl/exceptions3.key 
143422     INFO  main            d.u.i.k.p.i.AbstractProblemLoader Loading environment from /home/runner/work/key/key/key.core/../key.ui/examples/standard_key/java_dl/exceptions3.key 
143422     DEBUG main            d.u.i.k.p.i.AbstractProblemLoader Environment load took 188.6ns 
143423     INFO  main            d.u.i.k.p.i.AbstractProblemLoader Creating init config 
143446     WARN  main            d.u.i.k.j.r.KeYCrossReferenceNameInfo Datatype java.io.PrintStream declared twice: Once in FILE:/home/runner/work/key/key/key.core/../key.ui/examples/standard_key/java_dl/classpath/PrintStream.java and once in URL:file:/home/runner/work/key/key/key.core/build/resources/main/de/uka/ilkd/key/java/JavaRedux/java/io/PrintStream.java, Keeping one from URL:file:/home/runner/work/key/key/key.core/build/resources/main/de/uka/ilkd/key/java/JavaRedux/java/io/PrintStream.java 
143446     WARN  main            d.u.i.k.j.r.KeYCrossReferenceNameInfo Datatype java.lang.System declared twice: Once in FILE:/home/runner/work/key/key/key.core/../key.ui/examples/standard_key/java_dl/classpath/System.java and once in URL:file:/home/runner/work/key/key/key.core/build/resources/main/de/uka/ilkd/key/java/JavaRedux/java/lang/System.java, Keeping one from URL:file:/home/runner/work/key/key/key.core/build/resources/main/de/uka/ilkd/key/java/JavaRedux/java/lang/System.java 
143447     WARN  main            d.u.i.k.j.r.KeYCrossReferenceNameInfo Datatype java.io.InputStream declared twice: Once in FILE:/home/runner/work/key/key/key.core/../key.ui/examples/standard_key/java_dl/classpath/InputStream.java and once in URL:file:/home/runner/work/key/key/key.core/build/resources/main/de/uka/ilkd/key/java/JavaRedux/java/io/InputStream.java, Keeping one from URL:file:/home/runner/work/key/key/key.core/build/resources/main/de/uka/ilkd/key/java/JavaRedux/java/io/InputStream.java 
143450     DEBUG main            d.u.i.k.j.r.ClassFileDeclarationBuilder Parsing: package java.io; public class Closeable { } 
143450     DEBUG main            r.s.KeYCrossReferenceSourceInfo Dynamically created class: java.io.Closeable 
145827     DEBUG main            d.u.i.k.p.i.AbstractProblemLoader Init config took 2.4s 
145840     INFO  main            d.u.i.k.p.i.AbstractProblemLoader Replaying proof exceptions3.key 
145842     DEBUG main            d.u.i.k.p.i.IntermediateProofReplayer Proof replay took 5.9ns 
145943     INFO  main            d.u.i.k.p.r.p.TestFile    ... finished proof: closed. 
146192     INFO  main            d.u.i.k.p.i.AbstractProblemLoader Loading environment from /home/runner/work/key/key/key.core/../key.ui/examples/standard_key/java_dl/exceptions3.key.proof 
146192     DEBUG main            d.u.i.k.p.i.AbstractProblemLoader Environment load took 67.2ns 
146193     INFO  main            d.u.i.k.p.i.AbstractProblemLoader Creating init config 
146212     WARN  main            d.u.i.k.j.r.KeYCrossReferenceNameInfo Datatype java.io.PrintStream declared twice: Once in FILE:/home/runner/work/key/key/key.core/../key.ui/examples/standard_key/java_dl/classpath/PrintStream.java and once in URL:file:/home/runner/work/key/key/key.core/build/resources/main/de/uka/ilkd/key/java/JavaRedux/java/io/PrintStream.java, Keeping one from URL:file:/home/runner/work/key/key/key.core/build/resources/main/de/uka/ilkd/key/java/JavaRedux/java/io/PrintStream.java 
146212     WARN  main            d.u.i.k.j.r.KeYCrossReferenceNameInfo Datatype java.lang.System declared twice: Once in FILE:/home/runner/work/key/key/key.core/../key.ui/examples/standard_key/java_dl/classpath/System.java and once in URL:file:/home/runner/work/key/key/key.core/build/resources/main/de/uka/ilkd/key/java/JavaRedux/java/lang/System.java, Keeping one from URL:file:/home/runner/work/key/key/key.core/build/resources/main/de/uka/ilkd/key/java/JavaRedux/java/lang/System.java 
146212     WARN  main            d.u.i.k.j.r.KeYCrossReferenceNameInfo Datatype java.io.InputStream declared twice: Once in FILE:/home/runner/work/key/key/key.core/../key.ui/examples/standard_key/java_dl/classpath/InputStream.java and once in URL:file:/home/runner/work/key/key/key.core/build/resources/main/de/uka/ilkd/key/java/JavaRedux/java/io/InputStream.java, Keeping one from URL:file:/home/runner/work/key/key/key.core/build/resources/main/de/uka/ilkd/key/java/JavaRedux/java/io/InputStream.java 
146215     DEBUG main            d.u.i.k.j.r.ClassFileDeclarationBuilder Parsing: package java.io; public class Closeable { } 
146215     DEBUG main            r.s.KeYCrossReferenceSourceInfo Dynamically created class: java.io.Closeable 
148644     DEBUG main            d.u.i.k.p.i.AbstractProblemLoader Init config took 2.45s 
148657     INFO  main            d.u.i.k.p.i.AbstractProblemLoader Replaying proof exceptions3.key.proof 
148661     DEBUG main            d.u.i.k.p.i.IntermediateProofReplayer Proof replay took 2.63ms 
148662     DEBUG main            d.u.i.k.p.r.p.TestFile    ... success: reloaded. 
148662     INFO  main            d.u.i.k.p.r.p.TestFile    Now processing file /home/runner/work/key/key/key.core/../key.ui/examples/standard_key/java_dl/exchange.key 
148662     INFO  main            d.u.i.k.p.i.AbstractProblemLoader Loading environment from /home/runner/work/key/key/key.core/../key.ui/examples/standard_key/java_dl/exchange.key 
148663     DEBUG main            d.u.i.k.p.i.AbstractProblemLoader Environment load took 65ns 
148663     INFO  main            d.u.i.k.p.i.AbstractProblemLoader Creating init config 
151034     DEBUG main            d.u.i.k.p.i.AbstractProblemLoader Init config took 2.37s 
151047     INFO  main            d.u.i.k.p.i.AbstractProblemLoader Replaying proof exchange.key 
151049     DEBUG main            d.u.i.k.p.i.IntermediateProofReplayer Proof replay took 19.4ns 
151153     INFO  main            d.u.i.k.p.r.p.TestFile    ... finished proof: closed. 
151406     INFO  main            d.u.i.k.p.i.AbstractProblemLoader Loading environment from /home/runner/work/key/key/key.core/../key.ui/examples/standard_key/java_dl/exchange.key.proof 
151406     DEBUG main            d.u.i.k.p.i.AbstractProblemLoader Environment load took 79ns 
151407     INFO  main            d.u.i.k.p.i.AbstractProblemLoader Creating init config 
153735     DEBUG main            d.u.i.k.p.i.AbstractProblemLoader Init config took 2.33s 
153748     INFO  main            d.u.i.k.p.i.AbstractProblemLoader Replaying proof exchange.key.proof 
153752     DEBUG main            d.u.i.k.p.i.IntermediateProofReplayer Proof replay took 2.1ms 
153753     DEBUG main            d.u.i.k.p.r.p.TestFile    ... success: reloaded. 
153753     INFO  main            d.u.i.k.p.r.p.TestFile    Now processing file /home/runner/work/key/key/key.core/../key.ui/examples/standard_key/java_dl/if.key 
153754     INFO  main            d.u.i.k.p.i.AbstractProblemLoader Loading environment from /home/runner/work/key/key/key.core/../key.ui/examples/standard_key/java_dl/if.key 
153754     DEBUG main            d.u.i.k.p.i.AbstractProblemLoader Environment load took 140ns 
153755     INFO  main            d.u.i.k.p.i.AbstractProblemLoader Creating init config 
156118     DEBUG main            d.u.i.k.p.i.AbstractProblemLoader Init config took 2.36s 
156131     INFO  main            d.u.i.k.p.i.AbstractProblemLoader Replaying proof if.key 
156132     DEBUG main            d.u.i.k.p.i.IntermediateProofReplayer Proof replay took 6.6ns 
156238     INFO  main            d.u.i.k.p.r.p.TestFile    ... finished proof: closed. 
156497     INFO  main            d.u.i.k.p.i.AbstractProblemLoader Loading environment from /home/runner/work/key/key/key.core/../key.ui/examples/standard_key/java_dl/if.key.proof 
156498     DEBUG main            d.u.i.k.p.i.AbstractProblemLoader Environment load took 68ns 
156498     INFO  main            d.u.i.k.p.i.AbstractProblemLoader Creating init config 
158825     DEBUG main            d.u.i.k.p.i.AbstractProblemLoader Init config took 2.33s 
158838     INFO  main            d.u.i.k.p.i.AbstractProblemLoader Replaying proof if.key.proof 
158842     DEBUG main            d.u.i.k.p.i.IntermediateProofReplayer Proof replay took 2.34ms 
158842     DEBUG main            d.u.i.k.p.r.p.TestFile    ... success: reloaded. 
158843     INFO  main            d.u.i.k.p.r.p.TestFile    Now processing file /home/runner/work/key/key/key.core/../key.ui/examples/standard_key/java_dl/incrementcounter.key 
158843     INFO  main            d.u.i.k.p.i.AbstractProblemLoader Loading environment from /home/runner/work/key/key/key.core/../key.ui/examples/standard_key/java_dl/incrementcounter.key 
158843     DEBUG main            d.u.i.k.p.i.AbstractProblemLoader Environment load took 43.1ns 
158844     INFO  main            d.u.i.k.p.i.AbstractProblemLoader Creating init config 
161210     DEBUG main            d.u.i.k.p.i.AbstractProblemLoader Init config took 2.37s 
161223     INFO  main            d.u.i.k.p.i.AbstractProblemLoader Replaying proof incrementcounter.key 
161224     DEBUG main            d.u.i.k.p.i.IntermediateProofReplayer Proof replay took 7.3ns 
161326     INFO  main            d.u.i.k.p.r.p.TestFile    ... finished proof: closed. 
161613     INFO  main            d.u.i.k.p.i.AbstractProblemLoader Loading environment from /home/runner/work/key/key/key.core/../key.ui/examples/standard_key/java_dl/incrementcounter.key.proof 
161613     DEBUG main            d.u.i.k.p.i.AbstractProblemLoader Environment load took 71.4ns 
161614     INFO  main            d.u.i.k.p.i.AbstractProblemLoader Creating init config 
163928     DEBUG main            d.u.i.k.p.i.AbstractProblemLoader Init config took 2.31s 
163941     INFO  main            d.u.i.k.p.i.AbstractProblemLoader Replaying proof incrementcounter.key.proof 
163944     DEBUG main            d.u.i.k.p.i.IntermediateProofReplayer Proof replay took 1.4ms 
163945     DEBUG main            d.u.i.k.p.r.p.TestFile    ... success: reloaded. 
163945     INFO  main            d.u.i.k.p.r.p.TestFile    Now processing file /home/runner/work/key/key/key.core/../key.ui/examples/standard_key/java_dl/danglingElse.key 
163945     INFO  main            d.u.i.k.p.i.AbstractProblemLoader Loading environment from /home/runner/work/key/key/key.core/../key.ui/examples/standard_key/java_dl/danglingElse.key 
163945     DEBUG main            d.u.i.k.p.i.AbstractProblemLoader Environment load took 41.8ns 
163946     INFO  main            d.u.i.k.p.i.AbstractProblemLoader Creating init config 
166293     DEBUG main            d.u.i.k.p.i.AbstractProblemLoader Init config took 2.35s 
166305     INFO  main            d.u.i.k.p.i.AbstractProblemLoader Replaying proof danglingElse.key 
166307     DEBUG main            d.u.i.k.p.i.IntermediateProofReplayer Proof replay took 6.5ns 
166410     INFO  main            d.u.i.k.p.r.p.TestFile    ... finished proof: open goal(s) 
166686     INFO  main            d.u.i.k.p.r.p.TestFile    Now processing file /home/runner/work/key/key/key.core/../key.ui/examples/standard_key/java_dl/iteratedAssignment.key 
166686     INFO  main            d.u.i.k.p.i.AbstractProblemLoader Loading environment from /home/runner/work/key/key/key.core/../key.ui/examples/standard_key/java_dl/iteratedAssignment.key 
166686     DEBUG main            d.u.i.k.p.i.AbstractProblemLoader Environment load took 41.8ns 
166687     INFO  main            d.u.i.k.p.i.AbstractProblemLoader Creating init config 
168996     DEBUG main            d.u.i.k.p.i.AbstractProblemLoader Init config took 2.31s 
169010     INFO  main            d.u.i.k.p.i.AbstractProblemLoader Replaying proof iteratedAssignment.key 
169012     DEBUG main            d.u.i.k.p.i.IntermediateProofReplayer Proof replay took 6.3ns 
169318     INFO  main            d.u.i.k.p.r.p.TestFile    ... finished proof: closed. 
169602     INFO  main            d.u.i.k.p.i.AbstractProblemLoader Loading environment from /home/runner/work/key/key/key.core/../key.ui/examples/standard_key/java_dl/iteratedAssignment.key.proof 
169602     DEBUG main            d.u.i.k.p.i.AbstractProblemLoader Environment load took 72.2ns 
169603     INFO  main            d.u.i.k.p.i.AbstractProblemLoader Creating init config 
171925     DEBUG main            d.u.i.k.p.i.AbstractProblemLoader Init config took 2.32s 
171939     INFO  main            d.u.i.k.p.i.AbstractProblemLoader Replaying proof iteratedAssignment.key.proof 
171994     DEBUG main            d.u.i.k.p.i.IntermediateProofReplayer Proof replay took 51.9ms 
171995     DEBUG main            d.u.i.k.p.r.p.TestFile    ... success: reloaded. 
171996     INFO  main            d.u.i.k.p.r.p.TestFile    Now processing file /home/runner/work/key/key/key.core/../key.ui/examples/standard_key/java_dl/assert/assert1.key 
171996     INFO  main            d.u.i.k.p.i.AbstractProblemLoader Loading environment from /home/runner/work/key/key/key.core/../key.ui/examples/standard_key/java_dl/assert/assert1.key 
171996     DEBUG main            d.u.i.k.p.i.AbstractProblemLoader Environment load took 94.7ns 
171997     INFO  main            d.u.i.k.p.i.AbstractProblemLoader Creating init config 
174401     DEBUG main            d.u.i.k.p.i.AbstractProblemLoader Init config took 2.4s 
174432     INFO  main            d.u.i.k.p.i.AbstractProblemLoader Replaying proof C[C::foo()].JML normal_behavior operation contract.0 
174434     DEBUG main            d.u.i.k.p.i.IntermediateProofReplayer Proof replay took 6.4ns 
174536     INFO  main            d.u.i.k.p.r.p.TestFile    ... finished proof: open goal(s) 
174830     INFO  main            d.u.i.k.p.r.p.TestFile    Now processing file /home/runner/work/key/key/key.core/../key.ui/examples/standard_key/java_dl/assert/assert2.key 
174830     INFO  main            d.u.i.k.p.i.AbstractProblemLoader Loading environment from /home/runner/work/key/key/key.core/../key.ui/examples/standard_key/java_dl/assert/assert2.key 
174830     DEBUG main            d.u.i.k.p.i.AbstractProblemLoader Environment load took 66.2ns 
174831     INFO  main            d.u.i.k.p.i.AbstractProblemLoader Creating init config 
177179     DEBUG main            d.u.i.k.p.i.AbstractProblemLoader Init config took 2.35s 
177212     INFO  main            d.u.i.k.p.i.AbstractProblemLoader Replaying proof C[C::bar()].JML exceptional_behavior operation contract.0 
177214     DEBUG main            d.u.i.k.p.i.IntermediateProofReplayer Proof replay took 6.7ns 
177315     INFO  main            d.u.i.k.p.r.p.TestFile    ... finished proof: closed. 
177596     INFO  main            d.u.i.k.p.i.AbstractProblemLoader Loading environment from /home/runner/work/key/key/key.core/../key.ui/examples/standard_key/java_dl/assert/assert2.key.proof 
177597     DEBUG main            d.u.i.k.p.i.AbstractProblemLoader Environment load took 102.1ns 
177597     INFO  main            d.u.i.k.p.i.AbstractProblemLoader Creating init config 
179960     DEBUG main            d.u.i.k.p.i.AbstractProblemLoader Init config took 2.36s 
179990     INFO  main            d.u.i.k.p.i.AbstractProblemLoader Replaying proof C[C::bar()].JML exceptional_behavior operation contract.0 
180020     DEBUG main            d.u.i.k.p.i.IntermediateProofReplayer Proof replay took 27.36ms 
180021     DEBUG main            d.u.i.k.p.r.p.TestFile    ... success: reloaded. 
180021     INFO  main            d.u.i.k.p.r.p.TestFile    Now processing file /home/runner/work/key/key/key.core/../key.ui/examples/standard_key/java_dl/assert/assert3.key 
180022     INFO  main            d.u.i.k.p.i.AbstractProblemLoader Loading environment from /home/runner/work/key/key/key.core/../key.ui/examples/standard_key/java_dl/assert/assert3.key 
180022     DEBUG main            d.u.i.k.p.i.AbstractProblemLoader Environment load took 85.4ns 
180022     INFO  main            d.u.i.k.p.i.AbstractProblemLoader Creating init config 
182414     DEBUG main            d.u.i.k.p.i.AbstractProblemLoader Init config took 2.39s 
182454     INFO  main            d.u.i.k.p.i.AbstractProblemLoader Replaying proof C[C::foo()].JML normal_behavior operation contract.0 
182457     DEBUG main            d.u.i.k.p.i.IntermediateProofReplayer Proof replay took 6ns 
182562     INFO  main            d.u.i.k.p.r.p.TestFile    ... finished proof: open goal(s) 
182846     INFO  main            d.u.i.k.p.r.p.TestFile    Now processing file /home/runner/work/key/key/key.core/../key.ui/examples/standard_key/java_dl/java5/vararg.key 
182846     INFO  main            d.u.i.k.p.i.AbstractProblemLoader Loading environment from /home/runner/work/key/key/key.core/../key.ui/examples/standard_key/java_dl/java5/vararg.key 
182846     DEBUG main            d.u.i.k.p.i.AbstractProblemLoader Environment load took 40.5ns 
182847     INFO  main            d.u.i.k.p.i.AbstractProblemLoader Creating init config 
183680     DEBUG main            d.u.i.k.j.r.ClassPreparationMethodBuilder clPrepBuilder: Inner Class detected. Reject building class initialisation methods. 
185515     DEBUG main            d.u.i.k.p.i.AbstractProblemLoader Init config took 2.67s 
185539     INFO  main            d.u.i.k.p.i.AbstractProblemLoader Replaying proof vararg.key 
185541     DEBUG main            d.u.i.k.p.i.IntermediateProofReplayer Proof replay took 6.7ns 
186646     INFO  main            d.u.i.k.p.r.p.TestFile    ... finished proof: closed. 
186967     INFO  main            d.u.i.k.p.i.AbstractProblemLoader Loading environment from /home/runner/work/key/key/key.core/../key.ui/examples/standard_key/java_dl/java5/vararg.key.proof 
186968     DEBUG main            d.u.i.k.p.i.AbstractProblemLoader Environment load took 289.1ns 
186969     INFO  main            d.u.i.k.p.i.AbstractProblemLoader Creating init config 
187791     DEBUG main            d.u.i.k.j.r.ClassPreparationMethodBuilder clPrepBuilder: Inner Class detected. Reject building class initialisation methods. 
189551     DEBUG main            d.u.i.k.p.i.AbstractProblemLoader Init config took 2.58s 
189572     INFO  main            d.u.i.k.p.i.AbstractProblemLoader Replaying proof vararg.key.proof 
189811     DEBUG main            d.u.i.k.p.i.IntermediateProofReplayer Proof replay took 226.41ms 
189813     DEBUG main            d.u.i.k.p.r.p.TestFile    ... success: reloaded. 
189813     INFO  main            d.u.i.k.p.r.p.TestFile    Now processing file /home/runner/work/key/key/key.core/../key.ui/examples/standard_key/java_dl/java5/for_Array.key 
189814     INFO  main            d.u.i.k.p.i.AbstractProblemLoader Loading environment from /home/runner/work/key/key/key.core/../key.ui/examples/standard_key/java_dl/java5/for_Array.key 
189814     DEBUG main            d.u.i.k.p.i.AbstractProblemLoader Environment load took 177.4ns 
189815     INFO  main            d.u.i.k.p.i.AbstractProblemLoader Creating init config 
190698     DEBUG main            d.u.i.k.j.r.ClassPreparationMethodBuilder clPrepBuilder: Inner Class detected. Reject building class initialisation methods. 
192482     DEBUG main            d.u.i.k.p.i.AbstractProblemLoader Init config took 2.67s 
192528     INFO  main            d.u.i.k.p.i.AbstractProblemLoader Replaying proof For[For::sum([I)].JML operation contract.0 
192529     DEBUG main            d.u.i.k.p.i.IntermediateProofReplayer Proof replay took 16.5ns 
192837     INFO  main            d.u.i.k.p.r.p.TestFile    ... finished proof: closed. 
193226     INFO  main            d.u.i.k.p.i.AbstractProblemLoader Loading environment from /home/runner/work/key/key/key.core/../key.ui/examples/standard_key/java_dl/java5/for_Array.key.proof 
193226     DEBUG main            d.u.i.k.p.i.AbstractProblemLoader Environment load took 67.6ns 
193227     INFO  main            d.u.i.k.p.i.AbstractProblemLoader Creating init config 
194032     DEBUG main            d.u.i.k.j.r.ClassPreparationMethodBuilder clPrepBuilder: Inner Class detected. Reject building class initialisation methods. 
195767     DEBUG main            d.u.i.k.p.i.AbstractProblemLoader Init config took 2.54s 
195813     INFO  main            d.u.i.k.p.i.AbstractProblemLoader Replaying proof For[For::sum([I)].JML operation contract.0 
195875     DEBUG main            d.u.i.k.p.i.IntermediateProofReplayer Proof replay took 58.69ms 
195876     DEBUG main            d.u.i.k.p.r.p.TestFile    ... success: reloaded. 
195877     INFO  main            d.u.i.k.p.r.p.TestFile    Now processing file /home/runner/work/key/key/key.core/../key.ui/examples/standard_key/java_dl/java5/for_Iterable.key 
195877     INFO  main            d.u.i.k.p.i.AbstractProblemLoader Loading environment from /home/runner/work/key/key/key.core/../key.ui/examples/standard_key/java_dl/java5/for_Iterable.key 
195877     DEBUG main            d.u.i.k.p.i.AbstractProblemLoader Environment load took 126.1ns 
195878     INFO  main            d.u.i.k.p.i.AbstractProblemLoader Creating init config 
196689     DEBUG main            d.u.i.k.j.r.ClassPreparationMethodBuilder clPrepBuilder: Inner Class detected. Reject building class initialisation methods. 
198475     DEBUG main            d.u.i.k.p.i.AbstractProblemLoader Init config took 2.6s 
198541     INFO  main            d.u.i.k.p.i.AbstractProblemLoader Replaying proof For[For::infiniteLoop(For)].JML operation contract.0 
198543     DEBUG main            d.u.i.k.p.i.IntermediateProofReplayer Proof replay took 6.2ns 
198744     INFO  main            d.u.i.k.p.r.p.TestFile    ... finished proof: closed. 
199055     INFO  main            d.u.i.k.p.i.AbstractProblemLoader Loading environment from /home/runner/work/key/key/key.core/../key.ui/examples/standard_key/java_dl/java5/for_Iterable.key.proof 
199055     DEBUG main            d.u.i.k.p.i.AbstractProblemLoader Environment load took 69.2ns 
199056     INFO  main            d.u.i.k.p.i.AbstractProblemLoader Creating init config 
199853     DEBUG main            d.u.i.k.j.r.ClassPreparationMethodBuilder clPrepBuilder: Inner Class detected. Reject building class initialisation methods. 
201569     DEBUG main            d.u.i.k.p.i.AbstractProblemLoader Init config took 2.51s 
201614     INFO  main            d.u.i.k.p.i.AbstractProblemLoader Replaying proof For[For::infiniteLoop(For)].JML operation contract.0 
201649     DEBUG main            d.u.i.k.p.i.IntermediateProofReplayer Proof replay took 32.77ms 
201650     DEBUG main            d.u.i.k.p.r.p.TestFile    ... success: reloaded. 
201651     INFO  main            d.u.i.k.p.r.p.TestFile    Now processing file /home/runner/work/key/key/key.core/../key.ui/examples/standard_key/java_dl/java5/for_ReferenceArray.key 
201651     INFO  main            d.u.i.k.p.i.AbstractProblemLoader Loading environment from /home/runner/work/key/key/key.core/../key.ui/examples/standard_key/java_dl/java5/for_ReferenceArray.key 
201651     DEBUG main            d.u.i.k.p.i.AbstractProblemLoader Environment load took 134.9ns 
201652     INFO  main            d.u.i.k.p.i.AbstractProblemLoader Creating init config 
202482     DEBUG main            d.u.i.k.j.r.ClassPreparationMethodBuilder clPrepBuilder: Inner Class detected. Reject building class initialisation methods. 
204242     DEBUG main            d.u.i.k.p.i.AbstractProblemLoader Init config took 2.59s 
204296     INFO  main            d.u.i.k.p.i.AbstractProblemLoader Replaying proof ForReferenceArray[ForReferenceArray::foo([Ljava.lang.Object)].JML operation contract.0 
204302     DEBUG main            d.u.i.k.p.i.IntermediateProofReplayer Proof replay took 6.2ns 
204604     INFO  main            d.u.i.k.p.r.p.TestFile    ... finished proof: closed. 
204931     INFO  main            d.u.i.k.p.i.AbstractProblemLoader Loading environment from /home/runner/work/key/key/key.core/../key.ui/examples/standard_key/java_dl/java5/for_ReferenceArray.key.proof 
204931     DEBUG main            d.u.i.k.p.i.AbstractProblemLoader Environment load took 88.8ns 
204932     INFO  main            d.u.i.k.p.i.AbstractProblemLoader Creating init config 
205740     DEBUG main            d.u.i.k.j.r.ClassPreparationMethodBuilder clPrepBuilder: Inner Class detected. Reject building class initialisation methods. 
207478     DEBUG main            d.u.i.k.p.i.AbstractProblemLoader Init config took 2.55s 
207523     INFO  main            d.u.i.k.p.i.AbstractProblemLoader Replaying proof ForReferenceArray[ForReferenceArray::foo([Ljava.lang.Object)].JML operation contract.0 
207563     DEBUG main            d.u.i.k.p.i.IntermediateProofReplayer Proof replay took 37.17ms 
207564     DEBUG main            d.u.i.k.p.r.p.TestFile    ... success: reloaded. 
207565     INFO  main            d.u.i.k.p.r.p.TestFile    Now processing file /home/runner/work/key/key/key.core/../key.ui/examples/standard_key/java_dl/jml-bigint/cast.key 
207565     INFO  main            d.u.i.k.p.i.AbstractProblemLoader Loading environment from /home/runner/work/key/key/key.core/../key.ui/examples/standard_key/java_dl/jml-bigint/cast.key 
207565     DEBUG main            d.u.i.k.p.i.AbstractProblemLoader Environment load took 70.5ns 
207566     INFO  main            d.u.i.k.p.i.AbstractProblemLoader Creating init config 
210051     DEBUG main            d.u.i.k.p.i.AbstractProblemLoader Init config took 2.49s 
210082     INFO  main            d.u.i.k.p.i.AbstractProblemLoader Replaying proof Mult[Mult::cast()].JML operation contract.0 
210084     DEBUG main            d.u.i.k.p.i.IntermediateProofReplayer Proof replay took 5.8ns 
210185     INFO  main            d.u.i.k.p.r.p.TestFile    ... finished proof: closed. 
210556     INFO  main            d.u.i.k.p.i.AbstractProblemLoader Loading environment from /home/runner/work/key/key/key.core/../key.ui/examples/standard_key/java_dl/jml-bigint/cast.key.proof 
210556     DEBUG main            d.u.i.k.p.i.AbstractProblemLoader Environment load took 65.8ns 
210557     INFO  main            d.u.i.k.p.i.AbstractProblemLoader Creating init config 
212989     DEBUG main            d.u.i.k.p.i.AbstractProblemLoader Init config took 2.43s 
213020     INFO  main            d.u.i.k.p.i.AbstractProblemLoader Replaying proof Mult[Mult::cast()].JML operation contract.0 
213030     DEBUG main            d.u.i.k.p.i.IntermediateProofReplayer Proof replay took 8.5ms 
213031     DEBUG main            d.u.i.k.p.r.p.TestFile    ... success: reloaded. 
213032     INFO  main            d.u.i.k.p.r.p.TestFile    Now processing file /home/runner/work/key/key/key.core/../key.ui/examples/standard_key/java_dl/jml-free/loopInvFree.key 
213032     INFO  main            d.u.i.k.p.i.AbstractProblemLoader Loading environment from /home/runner/work/key/key/key.core/../key.ui/examples/standard_key/java_dl/jml-free/loopInvFree.key 
213032     DEBUG main            d.u.i.k.p.i.AbstractProblemLoader Environment load took 144ns 
213033     INFO  main            d.u.i.k.p.i.AbstractProblemLoader Creating init config 
215455     DEBUG main            d.u.i.k.p.i.AbstractProblemLoader Init config took 2.42s 
215485     INFO  main            d.u.i.k.p.i.AbstractProblemLoader Replaying proof LoopInvFree[LoopInvFree::test()].JML operation contract.0 
215487     DEBUG main            d.u.i.k.p.i.IntermediateProofReplayer Proof replay took 6.1ns 
215688     INFO  main            d.u.i.k.p.r.p.TestFile    ... finished proof: closed. 
216015     INFO  main            d.u.i.k.p.i.AbstractProblemLoader Loading environment from /home/runner/work/key/key/key.core/../key.ui/examples/standard_key/java_dl/jml-free/loopInvFree.key.proof 
216015     DEBUG main            d.u.i.k.p.i.AbstractProblemLoader Environment load took 64ns 
216016     INFO  main            d.u.i.k.p.i.AbstractProblemLoader Creating init config 
218382     DEBUG main            d.u.i.k.p.i.AbstractProblemLoader Init config took 2.37s 
218412     INFO  main            d.u.i.k.p.i.AbstractProblemLoader Replaying proof LoopInvFree[LoopInvFree::test()].JML operation contract.0 
218445     DEBUG main            d.u.i.k.p.i.IntermediateProofReplayer Proof replay took 29.46ms 
218446     DEBUG main            d.u.i.k.p.r.p.TestFile    ... success: reloaded. 
218446     INFO  main            d.u.i.k.p.r.p.TestFile    Now processing file /home/runner/work/key/key/key.core/../key.ui/examples/standard_key/java_dl/jml-free/ensuresFree.key 
218447     INFO  main            d.u.i.k.p.i.AbstractProblemLoader Loading environment from /home/runner/work/key/key/key.core/../key.ui/examples/standard_key/java_dl/jml-free/ensuresFree.key 
218447     DEBUG main            d.u.i.k.p.i.AbstractProblemLoader Environment load took 136.8ns 
218448     INFO  main            d.u.i.k.p.i.AbstractProblemLoader Creating init config 
220871     DEBUG main            d.u.i.k.p.i.AbstractProblemLoader Init config took 2.42s 
220917     INFO  main            d.u.i.k.p.i.AbstractProblemLoader Replaying proof EnsuresFree[EnsuresFree::test()].JML operation contract.0 
220918     DEBUG main            d.u.i.k.p.i.IntermediateProofReplayer Proof replay took 6.6ns 
221020     INFO  main            d.u.i.k.p.r.p.TestFile    ... finished proof: closed. 
221349     INFO  main            d.u.i.k.p.i.AbstractProblemLoader Loading environment from /home/runner/work/key/key/key.core/../key.ui/examples/standard_key/java_dl/jml-free/ensuresFree.key.proof 
221349     DEBUG main            d.u.i.k.p.i.AbstractProblemLoader Environment load took 67.2ns 
221350     INFO  main            d.u.i.k.p.i.AbstractProblemLoader Creating init config 
223721     DEBUG main            d.u.i.k.p.i.AbstractProblemLoader Init config took 2.37s 
223751     INFO  main            d.u.i.k.p.i.AbstractProblemLoader Replaying proof EnsuresFree[EnsuresFree::test()].JML operation contract.0 
223765     DEBUG main            d.u.i.k.p.i.IntermediateProofReplayer Proof replay took 12.51ms 
223765     DEBUG main            d.u.i.k.p.r.p.TestFile    ... success: reloaded. 
223766     INFO  main            d.u.i.k.p.r.p.TestFile    Now processing file /home/runner/work/key/key/key.core/../key.ui/examples/standard_key/java_dl/jml-information-flow.key 
223766     INFO  main            d.u.i.k.p.i.AbstractProblemLoader Loading environment from /home/runner/work/key/key/key.core/../key.ui/examples/standard_key/java_dl/jml-information-flow.key 
223767     DEBUG main            d.u.i.k.p.i.AbstractProblemLoader Environment load took 87.9ns 
223771     INFO  main            d.u.i.k.p.i.AbstractProblemLoader Creating init config 
226372     DEBUG main            d.u.i.k.p.i.AbstractProblemLoader Init config took 2.6s 
226389     INFO  main            d.u.i.k.p.i.AbstractProblemLoader Replaying proof jml-information-flow.key 
226390     DEBUG main            d.u.i.k.p.i.IntermediateProofReplayer Proof replay took 6.8ns 
333336     INFO  main            d.u.i.k.p.r.p.TestFile    ... finished proof: closed. 
333842     INFO  main            d.u.i.k.p.i.AbstractProblemLoader Loading environment from /home/runner/work/key/key/key.core/../key.ui/examples/standard_key/java_dl/jml-information-flow.key.proof 
333842     DEBUG main            d.u.i.k.p.i.AbstractProblemLoader Environment load took 296.4ns 
333850     INFO  main            d.u.i.k.p.i.AbstractProblemLoader Creating init config 
336351     DEBUG main            d.u.i.k.p.i.AbstractProblemLoader Init config took 2.5s 
336369     INFO  main            d.u.i.k.p.i.AbstractProblemLoader Replaying proof jml-information-flow.key.proof 
338852     DEBUG main            d.u.i.k.p.i.IntermediateProofReplayer Proof replay took 2.37s 
338859     DEBUG main            d.u.i.k.p.r.p.TestFile    ... success: reloaded. 
338860     INFO  main            d.u.i.k.p.r.p.TestFile    Now processing file /home/runner/work/key/key/key.core/../key.ui/examples/standard_key/java_dl/jml-min/min-unprovable1.key 
338861     INFO  main            d.u.i.k.p.i.AbstractProblemLoader Loading environment from /home/runner/work/key/key/key.core/../key.ui/examples/standard_key/java_dl/jml-min/min-unprovable1.key 
338861     DEBUG main            d.u.i.k.p.i.AbstractProblemLoader Environment load took 146.3ns 
338861     INFO  main            d.u.i.k.p.i.AbstractProblemLoader Creating init config 
341307     DEBUG main            d.u.i.k.p.i.AbstractProblemLoader Init config took 2.45s 
341337     INFO  main            d.u.i.k.p.i.AbstractProblemLoader Replaying proof Min[Min::foo()].JML operation contract.0 
341338     DEBUG main            d.u.i.k.p.i.IntermediateProofReplayer Proof replay took 6.6ns 
341440     INFO  main            d.u.i.k.p.r.p.TestFile    ... finished proof: open goal(s) 
341921     INFO  main            d.u.i.k.p.r.p.TestFile    Now processing file /home/runner/work/key/key/key.core/../key.ui/examples/standard_key/java_dl/jml-min/min-unprovable2.key 
341921     INFO  main            d.u.i.k.p.i.AbstractProblemLoader Loading environment from /home/runner/work/key/key/key.core/../key.ui/examples/standard_key/java_dl/jml-min/min-unprovable2.key 
341921     DEBUG main            d.u.i.k.p.i.AbstractProblemLoader Environment load took 44.7ns 
341922     INFO  main            d.u.i.k.p.i.AbstractProblemLoader Creating init config 
344284     DEBUG main            d.u.i.k.p.i.AbstractProblemLoader Init config took 2.36s 
344315     INFO  main            d.u.i.k.p.i.AbstractProblemLoader Replaying proof Min[Min::foo2()].JML operation contract.0 
344316     DEBUG main            d.u.i.k.p.i.IntermediateProofReplayer Proof replay took 5.9ns 
344418     INFO  main            d.u.i.k.p.r.p.TestFile    ... finished proof: open goal(s) 
344757     INFO  main            d.u.i.k.p.r.p.TestFile    Now processing file /home/runner/work/key/key/key.core/../key.ui/examples/standard_key/java_dl/methodCall.key 
344757     INFO  main            d.u.i.k.p.i.AbstractProblemLoader Loading environment from /home/runner/work/key/key/key.core/../key.ui/examples/standard_key/java_dl/methodCall.key 
344757     DEBUG main            d.u.i.k.p.i.AbstractProblemLoader Environment load took 36.7ns 
344758     INFO  main            d.u.i.k.p.i.AbstractProblemLoader Creating init config 
347106     DEBUG main            d.u.i.k.p.i.AbstractProblemLoader Init config took 2.35s 
347118     INFO  main            d.u.i.k.p.i.AbstractProblemLoader Replaying proof methodCall.key 
347120     DEBUG main            d.u.i.k.p.i.IntermediateProofReplayer Proof replay took 6.6ns 
347221     INFO  main            d.u.i.k.p.r.p.TestFile    ... finished proof: closed. 
347563     INFO  main            d.u.i.k.p.i.AbstractProblemLoader Loading environment from /home/runner/work/key/key/key.core/../key.ui/examples/standard_key/java_dl/methodCall.key.proof 
347563     DEBUG main            d.u.i.k.p.i.AbstractProblemLoader Environment load took 68.3ns 
347564     INFO  main            d.u.i.k.p.i.AbstractProblemLoader Creating init config 
349916     DEBUG main            d.u.i.k.p.i.AbstractProblemLoader Init config took 2.35s 
349929     INFO  main            d.u.i.k.p.i.AbstractProblemLoader Replaying proof methodCall.key.proof 
349932     DEBUG main            d.u.i.k.p.i.IntermediateProofReplayer Proof replay took 1.47ms 
349933     DEBUG main            d.u.i.k.p.r.p.TestFile    ... success: reloaded. 
349933     INFO  main            d.u.i.k.p.r.p.TestFile    Now processing file /home/runner/work/key/key/key.core/../key.ui/examples/standard_key/java_dl/methodCall1.key 
349933     INFO  main            d.u.i.k.p.i.AbstractProblemLoader Loading environment from /home/runner/work/key/key/key.core/../key.ui/examples/standard_key/java_dl/methodCall1.key 
349933     DEBUG main            d.u.i.k.p.i.AbstractProblemLoader Environment load took 38.5ns 
349934     INFO  main            d.u.i.k.p.i.AbstractProblemLoader Creating init config 
352313     DEBUG main            d.u.i.k.p.i.AbstractProblemLoader Init config took 2.38s 
352326     INFO  main            d.u.i.k.p.i.AbstractProblemLoader Replaying proof methodCall1.key 
352327     DEBUG main            d.u.i.k.p.i.IntermediateProofReplayer Proof replay took 5.8ns 
352430     INFO  main            d.u.i.k.p.r.p.TestFile    ... finished proof: closed. 
352782     INFO  main            d.u.i.k.p.i.AbstractProblemLoader Loading environment from /home/runner/work/key/key/key.core/../key.ui/examples/standard_key/java_dl/methodCall1.key.proof 
352782     DEBUG main            d.u.i.k.p.i.AbstractProblemLoader Environment load took 66.5ns 
352783     INFO  main            d.u.i.k.p.i.AbstractProblemLoader Creating init config 
355143     DEBUG main            d.u.i.k.p.i.AbstractProblemLoader Init config took 2.36s 
355155     INFO  main            d.u.i.k.p.i.AbstractProblemLoader Replaying proof methodCall1.key.proof 
355166     DEBUG main            d.u.i.k.p.i.IntermediateProofReplayer Proof replay took 9.23ms 
355167     DEBUG main            d.u.i.k.p.r.p.TestFile    ... success: reloaded. 
355167     INFO  main            d.u.i.k.p.r.p.TestFile    Now processing file /home/runner/work/key/key/key.core/../key.ui/examples/standard_key/java_dl/methodCall1box.key 
355167     INFO  main            d.u.i.k.p.i.AbstractProblemLoader Loading environment from /home/runner/work/key/key/key.core/../key.ui/examples/standard_key/java_dl/methodCall1box.key 
355167     DEBUG main            d.u.i.k.p.i.AbstractProblemLoader Environment load took 50.2ns 
355168     INFO  main            d.u.i.k.p.i.AbstractProblemLoader Creating init config 
357548     DEBUG main            d.u.i.k.p.i.AbstractProblemLoader Init config took 2.38s 
357561     INFO  main            d.u.i.k.p.i.AbstractProblemLoader Replaying proof methodCall1box.key 
357562     DEBUG main            d.u.i.k.p.i.IntermediateProofReplayer Proof replay took 8ns 
357663     INFO  main            d.u.i.k.p.r.p.TestFile    ... finished proof: closed. 
358021     INFO  main            d.u.i.k.p.i.AbstractProblemLoader Loading environment from /home/runner/work/key/key/key.core/../key.ui/examples/standard_key/java_dl/methodCall1box.key.proof 
358021     DEBUG main            d.u.i.k.p.i.AbstractProblemLoader Environment load took 63.2ns 
358022     INFO  main            d.u.i.k.p.i.AbstractProblemLoader Creating init config 
360388     DEBUG main            d.u.i.k.p.i.AbstractProblemLoader Init config took 2.37s 
360400     INFO  main            d.u.i.k.p.i.AbstractProblemLoader Replaying proof methodCall1box.key.proof 
360411     DEBUG main            d.u.i.k.p.i.IntermediateProofReplayer Proof replay took 9.03ms 
360412     DEBUG main            d.u.i.k.p.r.p.TestFile    ... success: reloaded. 
360412     INFO  main            d.u.i.k.p.r.p.TestFile    Now processing file /home/runner/work/key/key/key.core/../key.ui/examples/standard_key/java_dl/methodCall3.key 
360413     INFO  main            d.u.i.k.p.i.AbstractProblemLoader Loading environment from /home/runner/work/key/key/key.core/../key.ui/examples/standard_key/java_dl/methodCall3.key 
360413     DEBUG main            d.u.i.k.p.i.AbstractProblemLoader Environment load took 65.9ns 
360413     INFO  main            d.u.i.k.p.i.AbstractProblemLoader Creating init config 
362798     DEBUG main            d.u.i.k.p.i.AbstractProblemLoader Init config took 2.38s 
362811     INFO  main            d.u.i.k.p.i.AbstractProblemLoader Replaying proof methodCall3.key 
362813     DEBUG main            d.u.i.k.p.i.IntermediateProofReplayer Proof replay took 6.5ns 
362914     INFO  main            d.u.i.k.p.r.p.TestFile    ... finished proof: closed. 
363285     INFO  main            d.u.i.k.p.i.AbstractProblemLoader Loading environment from /home/runner/work/key/key/key.core/../key.ui/examples/standard_key/java_dl/methodCall3.key.proof 
363285     DEBUG main            d.u.i.k.p.i.AbstractProblemLoader Environment load took 72.3ns 
363286     INFO  main            d.u.i.k.p.i.AbstractProblemLoader Creating init config 
365645     DEBUG main            d.u.i.k.p.i.AbstractProblemLoader Init config took 2.36s 
365658     INFO  main            d.u.i.k.p.i.AbstractProblemLoader Replaying proof methodCall3.key.proof 
365666     DEBUG main            d.u.i.k.p.i.IntermediateProofReplayer Proof replay took 6.01ms 
365666     DEBUG main            d.u.i.k.p.r.p.TestFile    ... success: reloaded. 
365667     INFO  main            d.u.i.k.p.r.p.TestFile    Now processing file /home/runner/work/key/key/key.core/../key.ui/examples/standard_key/java_dl/polishFlagSort.key 
365667     INFO  main            d.u.i.k.p.i.AbstractProblemLoader Loading environment from /home/runner/work/key/key/key.core/../key.ui/examples/standard_key/java_dl/polishFlagSort.key 
365667     DEBUG main            d.u.i.k.p.i.AbstractProblemLoader Environment load took 37.6ns 
365669     INFO  main            d.u.i.k.p.i.AbstractProblemLoader Creating init config 
368117     DEBUG main            d.u.i.k.p.i.AbstractProblemLoader Init config took 2.45s 
368130     INFO  main            d.u.i.k.p.i.AbstractProblemLoader Replaying proof polishFlagSort.key 
368132     DEBUG main            d.u.i.k.p.i.IntermediateProofReplayer Proof replay took 7.3ns 
370258     INFO  main            d.u.i.k.p.r.p.TestFile    ... finished proof: closed. 
370670     INFO  main            d.u.i.k.p.i.AbstractProblemLoader Loading environment from /home/runner/work/key/key/key.core/../key.ui/examples/standard_key/java_dl/polishFlagSort.key.proof 
370670     DEBUG main            d.u.i.k.p.i.AbstractProblemLoader Environment load took 270.6ns 
370672     INFO  main            d.u.i.k.p.i.AbstractProblemLoader Creating init config 
373053     DEBUG main            d.u.i.k.p.i.AbstractProblemLoader Init config took 2.38s 
373067     INFO  main            d.u.i.k.p.i.AbstractProblemLoader Replaying proof polishFlagSort.key.proof 
373312     DEBUG main            d.u.i.k.p.i.IntermediateProofReplayer Proof replay took 233.01ms 
373313     DEBUG main            d.u.i.k.p.r.p.TestFile    ... success: reloaded. 
373314     INFO  main            d.u.i.k.p.r.p.TestFile    Now processing file /home/runner/work/key/key/key.core/../key.ui/examples/standard_key/java_dl/postConditionTaclets1.key 
373314     INFO  main            d.u.i.k.p.i.AbstractProblemLoader Loading environment from /home/runner/work/key/key/key.core/../key.ui/examples/standard_key/java_dl/postConditionTaclets1.key 
373314     DEBUG main            d.u.i.k.p.i.AbstractProblemLoader Environment load took 63.3ns 
373315     INFO  main            d.u.i.k.p.i.AbstractProblemLoader Creating init config 
375676     DEBUG main            d.u.i.k.p.i.AbstractProblemLoader Init config took 2.36s 
375688     INFO  main            d.u.i.k.p.i.AbstractProblemLoader Replaying proof postConditionTaclets1.key 
375690     DEBUG main            d.u.i.k.p.i.IntermediateProofReplayer Proof replay took 6.2ns 
375791     INFO  main            d.u.i.k.p.r.p.TestFile    ... finished proof: closed. 
376207     INFO  main            d.u.i.k.p.i.AbstractProblemLoader Loading environment from /home/runner/work/key/key/key.core/../key.ui/examples/standard_key/java_dl/postConditionTaclets1.key.proof 
376207     DEBUG main            d.u.i.k.p.i.AbstractProblemLoader Environment load took 65.2ns 
376208     INFO  main            d.u.i.k.p.i.AbstractProblemLoader Creating init config 
378539     DEBUG main            d.u.i.k.p.i.AbstractProblemLoader Init config took 2.33s 
378551     INFO  main            d.u.i.k.p.i.AbstractProblemLoader Replaying proof postConditionTaclets1.key.proof 
378553     DEBUG main            d.u.i.k.p.i.IntermediateProofReplayer Proof replay took 275ns 
378553     DEBUG main            d.u.i.k.p.r.p.TestFile    ... success: reloaded. 
378554     INFO  main            d.u.i.k.p.r.p.TestFile    Now processing file /home/runner/work/key/key/key.core/../key.ui/examples/standard_key/java_dl/postConditionTaclets2.key 
378554     INFO  main            d.u.i.k.p.i.AbstractProblemLoader Loading environment from /home/runner/work/key/key/key.core/../key.ui/examples/standard_key/java_dl/postConditionTaclets2.key 
378554     DEBUG main            d.u.i.k.p.i.AbstractProblemLoader Environment load took 37.5ns 
378555     INFO  main            d.u.i.k.p.i.AbstractProblemLoader Creating init config 
380884     DEBUG main            d.u.i.k.p.i.AbstractProblemLoader Init config took 2.33s 
380897     INFO  main            d.u.i.k.p.i.AbstractProblemLoader Replaying proof postConditionTaclets2.key 
380898     DEBUG main            d.u.i.k.p.i.IntermediateProofReplayer Proof replay took 6.5ns 
381001     INFO  main            d.u.i.k.p.r.p.TestFile    ... finished proof: closed. 
381391     INFO  main            d.u.i.k.p.i.AbstractProblemLoader Loading environment from /home/runner/work/key/key/key.core/../key.ui/examples/standard_key/java_dl/postConditionTaclets2.key.proof 
381391     DEBUG main            d.u.i.k.p.i.AbstractProblemLoader Environment load took 89.7ns 
381392     INFO  main            d.u.i.k.p.i.AbstractProblemLoader Creating init config 
383688     DEBUG main            d.u.i.k.p.i.AbstractProblemLoader Init config took 2.3s 
383701     INFO  main            d.u.i.k.p.i.AbstractProblemLoader Replaying proof postConditionTaclets2.key.proof 
383703     DEBUG main            d.u.i.k.p.i.IntermediateProofReplayer Proof replay took 414.4ns 
383703     DEBUG main            d.u.i.k.p.r.p.TestFile    ... success: reloaded. 
383704     INFO  main            d.u.i.k.p.r.p.TestFile    Now processing file /home/runner/work/key/key/key.core/../key.ui/examples/standard_key/java_dl/quantifiedQuery.key 
383704     INFO  main            d.u.i.k.p.i.AbstractProblemLoader Loading environment from /home/runner/work/key/key/key.core/../key.ui/examples/standard_key/java_dl/quantifiedQuery.key 
383704     DEBUG main            d.u.i.k.p.i.AbstractProblemLoader Environment load took 40.2ns 
383705     INFO  main            d.u.i.k.p.i.AbstractProblemLoader Creating init config 
386085     DEBUG main            d.u.i.k.p.i.AbstractProblemLoader Init config took 2.38s 
386098     INFO  main            d.u.i.k.p.i.AbstractProblemLoader Replaying proof quantifiedQuery.key 
386100     DEBUG main            d.u.i.k.p.i.IntermediateProofReplayer Proof replay took 6.3ns 
386202     INFO  main            d.u.i.k.p.r.p.TestFile    ... finished proof: closed. 
386594     INFO  main            d.u.i.k.p.i.AbstractProblemLoader Loading environment from /home/runner/work/key/key/key.core/../key.ui/examples/standard_key/java_dl/quantifiedQuery.key.proof 
386594     DEBUG main            d.u.i.k.p.i.AbstractProblemLoader Environment load took 70.3ns 
386596     INFO  main            d.u.i.k.p.i.AbstractProblemLoader Creating init config 
388947     DEBUG main            d.u.i.k.p.i.AbstractProblemLoader Init config took 2.35s 
388961     INFO  main            d.u.i.k.p.i.AbstractProblemLoader Replaying proof quantifiedQuery.key.proof 
388969     DEBUG main            d.u.i.k.p.i.IntermediateProofReplayer Proof replay took 6.56ms 
388970     DEBUG main            d.u.i.k.p.r.p.TestFile    ... success: reloaded. 
388971     INFO  main            d.u.i.k.p.r.p.TestFile    Now processing file /home/runner/work/key/key/key.core/../key.ui/examples/standard_key/java_dl/recursion/triangular.key 
388971     INFO  main            d.u.i.k.p.i.AbstractProblemLoader Loading environment from /home/runner/work/key/key/key.core/../key.ui/examples/standard_key/java_dl/recursion/triangular.key 
388971     DEBUG main            d.u.i.k.p.i.AbstractProblemLoader Environment load took 37.4ns 
388972     INFO  main            d.u.i.k.p.i.AbstractProblemLoader Creating init config 
391351     DEBUG main            d.u.i.k.p.i.AbstractProblemLoader Init config took 2.38s 
391382     INFO  main            d.u.i.k.p.i.AbstractProblemLoader Replaying proof Triangular[Triangular::tria(int)].JML normal_behavior operation contract.0 
391383     DEBUG main            d.u.i.k.p.i.IntermediateProofReplayer Proof replay took 6.2ns 
391586     INFO  main            d.u.i.k.p.r.p.TestFile    ... finished proof: closed. 
391987     INFO  main            d.u.i.k.p.i.AbstractProblemLoader Loading environment from /home/runner/work/key/key/key.core/../key.ui/examples/standard_key/java_dl/recursion/triangular.key.proof 
391987     DEBUG main            d.u.i.k.p.i.AbstractProblemLoader Environment load took 132.9ns 
391989     INFO  main            d.u.i.k.p.i.AbstractProblemLoader Creating init config 
394340     DEBUG main            d.u.i.k.p.i.AbstractProblemLoader Init config took 2.35s 
394370     INFO  main            d.u.i.k.p.i.AbstractProblemLoader Replaying proof Triangular[Triangular::tria(int)].JML normal_behavior operation contract.0 
394403     DEBUG main            d.u.i.k.p.i.IntermediateProofReplayer Proof replay took 20.57ms 
394404     DEBUG main            d.u.i.k.p.r.p.TestFile    ... success: reloaded. 
394404     INFO  main            d.u.i.k.p.r.p.TestFile    Now processing file /home/runner/work/key/key/key.core/../key.ui/examples/standard_key/java_dl/reverseArray.key 
394404     INFO  main            d.u.i.k.p.i.AbstractProblemLoader Loading environment from /home/runner/work/key/key/key.core/../key.ui/examples/standard_key/java_dl/reverseArray.key 
394404     DEBUG main            d.u.i.k.p.i.AbstractProblemLoader Environment load took 58.6ns 
394406     INFO  main            d.u.i.k.p.i.AbstractProblemLoader Creating init config 
394424     WARN  main            d.u.i.k.j.r.KeYCrossReferenceNameInfo Datatype java.io.PrintStream declared twice: Once in FILE:/home/runner/work/key/key/key.core/../key.ui/examples/standard_key/java_dl/./classpath/PrintStream.java and once in URL:file:/home/runner/work/key/key/key.core/build/resources/main/de/uka/ilkd/key/java/JavaRedux/java/io/PrintStream.java, Keeping one from URL:file:/home/runner/work/key/key/key.core/build/resources/main/de/uka/ilkd/key/java/JavaRedux/java/io/PrintStream.java 
394424     WARN  main            d.u.i.k.j.r.KeYCrossReferenceNameInfo Datatype java.lang.System declared twice: Once in FILE:/home/runner/work/key/key/key.core/../key.ui/examples/standard_key/java_dl/./classpath/System.java and once in URL:file:/home/runner/work/key/key/key.core/build/resources/main/de/uka/ilkd/key/java/JavaRedux/java/lang/System.java, Keeping one from URL:file:/home/runner/work/key/key/key.core/build/resources/main/de/uka/ilkd/key/java/JavaRedux/java/lang/System.java 
394424     WARN  main            d.u.i.k.j.r.KeYCrossReferenceNameInfo Datatype java.io.InputStream declared twice: Once in FILE:/home/runner/work/key/key/key.core/../key.ui/examples/standard_key/java_dl/./classpath/InputStream.java and once in URL:file:/home/runner/work/key/key/key.core/build/resources/main/de/uka/ilkd/key/java/JavaRedux/java/io/InputStream.java, Keeping one from URL:file:/home/runner/work/key/key/key.core/build/resources/main/de/uka/ilkd/key/java/JavaRedux/java/io/InputStream.java 
394427     DEBUG main            d.u.i.k.j.r.ClassFileDeclarationBuilder Parsing: package java.io; public class Closeable { } 
394427     DEBUG main            r.s.KeYCrossReferenceSourceInfo Dynamically created class: java.io.Closeable 
396873     DEBUG main            d.u.i.k.p.i.AbstractProblemLoader Init config took 2.47s 
396887     INFO  main            d.u.i.k.p.i.AbstractProblemLoader Replaying proof reverseArray.key 
396889     DEBUG main            d.u.i.k.p.i.IntermediateProofReplayer Proof replay took 6.4ns 
401034     INFO  main            d.u.i.k.p.r.p.TestFile    ... finished proof: closed. 
401497     INFO  main            d.u.i.k.p.i.AbstractProblemLoader Loading environment from /home/runner/work/key/key/key.core/../key.ui/examples/standard_key/java_dl/reverseArray.key.proof 
401497     DEBUG main            d.u.i.k.p.i.AbstractProblemLoader Environment load took 267.3ns 
401499     INFO  main            d.u.i.k.p.i.AbstractProblemLoader Creating init config 
401517     WARN  main            d.u.i.k.j.r.KeYCrossReferenceNameInfo Datatype java.io.PrintStream declared twice: Once in FILE:/home/runner/work/key/key/key.core/../key.ui/examples/standard_key/java_dl/classpath/PrintStream.java and once in URL:file:/home/runner/work/key/key/key.core/build/resources/main/de/uka/ilkd/key/java/JavaRedux/java/io/PrintStream.java, Keeping one from URL:file:/home/runner/work/key/key/key.core/build/resources/main/de/uka/ilkd/key/java/JavaRedux/java/io/PrintStream.java 
401517     WARN  main            d.u.i.k.j.r.KeYCrossReferenceNameInfo Datatype java.lang.System declared twice: Once in FILE:/home/runner/work/key/key/key.core/../key.ui/examples/standard_key/java_dl/classpath/System.java and once in URL:file:/home/runner/work/key/key/key.core/build/resources/main/de/uka/ilkd/key/java/JavaRedux/java/lang/System.java, Keeping one from URL:file:/home/runner/work/key/key/key.core/build/resources/main/de/uka/ilkd/key/java/JavaRedux/java/lang/System.java 
401518     WARN  main            d.u.i.k.j.r.KeYCrossReferenceNameInfo Datatype java.io.InputStream declared twice: Once in FILE:/home/runner/work/key/key/key.core/../key.ui/examples/standard_key/java_dl/classpath/InputStream.java and once in URL:file:/home/runner/work/key/key/key.core/build/resources/main/de/uka/ilkd/key/java/JavaRedux/java/io/InputStream.java, Keeping one from URL:file:/home/runner/work/key/key/key.core/build/resources/main/de/uka/ilkd/key/java/JavaRedux/java/io/InputStream.java 
401520     DEBUG main            d.u.i.k.j.r.ClassFileDeclarationBuilder Parsing: package java.io; public class Closeable { } 
401521     DEBUG main            r.s.KeYCrossReferenceSourceInfo Dynamically created class: java.io.Closeable 
403985     DEBUG main            d.u.i.k.p.i.AbstractProblemLoader Init config took 2.49s 
404001     INFO  main            d.u.i.k.p.i.AbstractProblemLoader Replaying proof reverseArray.key.proof 
404440     DEBUG main            d.u.i.k.p.i.IntermediateProofReplayer Proof replay took 424.62ms 
404442     DEBUG main            d.u.i.k.p.r.p.TestFile    ... success: reloaded. 
404443     INFO  main            d.u.i.k.p.r.p.TestFile    Now processing file /home/runner/work/key/key/key.core/../key.ui/examples/standard_key/java_dl/reverseArray2.key 
404443     INFO  main            d.u.i.k.p.i.AbstractProblemLoader Loading environment from /home/runner/work/key/key/key.core/../key.ui/examples/standard_key/java_dl/reverseArray2.key 
404443     DEBUG main            d.u.i.k.p.i.AbstractProblemLoader Environment load took 139.2ns 
404445     INFO  main            d.u.i.k.p.i.AbstractProblemLoader Creating init config 
404463     WARN  main            d.u.i.k.j.r.KeYCrossReferenceNameInfo Datatype java.io.PrintStream declared twice: Once in FILE:/home/runner/work/key/key/key.core/../key.ui/examples/standard_key/java_dl/classpath/PrintStream.java and once in URL:file:/home/runner/work/key/key/key.core/build/resources/main/de/uka/ilkd/key/java/JavaRedux/java/io/PrintStream.java, Keeping one from URL:file:/home/runner/work/key/key/key.core/build/resources/main/de/uka/ilkd/key/java/JavaRedux/java/io/PrintStream.java 
404463     WARN  main            d.u.i.k.j.r.KeYCrossReferenceNameInfo Datatype java.lang.System declared twice: Once in FILE:/home/runner/work/key/key/key.core/../key.ui/examples/standard_key/java_dl/classpath/System.java and once in URL:file:/home/runner/work/key/key/key.core/build/resources/main/de/uka/ilkd/key/java/JavaRedux/java/lang/System.java, Keeping one from URL:file:/home/runner/work/key/key/key.core/build/resources/main/de/uka/ilkd/key/java/JavaRedux/java/lang/System.java 
404463     WARN  main            d.u.i.k.j.r.KeYCrossReferenceNameInfo Datatype java.io.InputStream declared twice: Once in FILE:/home/runner/work/key/key/key.core/../key.ui/examples/standard_key/java_dl/classpath/InputStream.java and once in URL:file:/home/runner/work/key/key/key.core/build/resources/main/de/uka/ilkd/key/java/JavaRedux/java/io/InputStream.java, Keeping one from URL:file:/home/runner/work/key/key/key.core/build/resources/main/de/uka/ilkd/key/java/JavaRedux/java/io/InputStream.java 
404466     DEBUG main            d.u.i.k.j.r.ClassFileDeclarationBuilder Parsing: package java.io; public class Closeable { } 
404467     DEBUG main            r.s.KeYCrossReferenceSourceInfo Dynamically created class: java.io.Closeable 
406988     DEBUG main            d.u.i.k.p.i.AbstractProblemLoader Init config took 2.54s 
407001     INFO  main            d.u.i.k.p.i.AbstractProblemLoader Replaying proof reverseArray2.key 
407003     DEBUG main            d.u.i.k.p.i.IntermediateProofReplayer Proof replay took 36.7ns 
408307     INFO  main            d.u.i.k.p.r.p.TestFile    ... finished proof: closed. 
408804     INFO  main            d.u.i.k.p.i.AbstractProblemLoader Loading environment from /home/runner/work/key/key/key.core/../key.ui/examples/standard_key/java_dl/reverseArray2.key.proof 
408804     DEBUG main            d.u.i.k.p.i.AbstractProblemLoader Environment load took 72.6ns 
408805     INFO  main            d.u.i.k.p.i.AbstractProblemLoader Creating init config 
408824     WARN  main            d.u.i.k.j.r.KeYCrossReferenceNameInfo Datatype java.io.PrintStream declared twice: Once in FILE:/home/runner/work/key/key/key.core/../key.ui/examples/standard_key/java_dl/classpath/PrintStream.java and once in URL:file:/home/runner/work/key/key/key.core/build/resources/main/de/uka/ilkd/key/java/JavaRedux/java/io/PrintStream.java, Keeping one from URL:file:/home/runner/work/key/key/key.core/build/resources/main/de/uka/ilkd/key/java/JavaRedux/java/io/PrintStream.java 
408825     WARN  main            d.u.i.k.j.r.KeYCrossReferenceNameInfo Datatype java.lang.System declared twice: Once in FILE:/home/runner/work/key/key/key.core/../key.ui/examples/standard_key/java_dl/classpath/System.java and once in URL:file:/home/runner/work/key/key/key.core/build/resources/main/de/uka/ilkd/key/java/JavaRedux/java/lang/System.java, Keeping one from URL:file:/home/runner/work/key/key/key.core/build/resources/main/de/uka/ilkd/key/java/JavaRedux/java/lang/System.java 
408825     WARN  main            d.u.i.k.j.r.KeYCrossReferenceNameInfo Datatype java.io.InputStream declared twice: Once in FILE:/home/runner/work/key/key/key.core/../key.ui/examples/standard_key/java_dl/classpath/InputStream.java and once in URL:file:/home/runner/work/key/key/key.core/build/resources/main/de/uka/ilkd/key/java/JavaRedux/java/io/InputStream.java, Keeping one from URL:file:/home/runner/work/key/key/key.core/build/resources/main/de/uka/ilkd/key/java/JavaRedux/java/io/InputStream.java 
408828     DEBUG main            d.u.i.k.j.r.ClassFileDeclarationBuilder Parsing: package java.io; public class Closeable { } 
408828     DEBUG main            r.s.KeYCrossReferenceSourceInfo Dynamically created class: java.io.Closeable 
411216     DEBUG main            d.u.i.k.p.i.AbstractProblemLoader Init config took 2.41s 
411230     INFO  main            d.u.i.k.p.i.AbstractProblemLoader Replaying proof reverseArray2.key.proof 
411374     DEBUG main            d.u.i.k.p.i.IntermediateProofReplayer Proof replay took 138.93ms 
411375     DEBUG main            d.u.i.k.p.r.p.TestFile    ... success: reloaded. 
411376     INFO  main            d.u.i.k.p.r.p.TestFile    Now processing file /home/runner/work/key/key/key.core/../key.ui/examples/standard_key/java_dl/simpleAssignment.key 
411376     INFO  main            d.u.i.k.p.i.AbstractProblemLoader Loading environment from /home/runner/work/key/key/key.core/../key.ui/examples/standard_key/java_dl/simpleAssignment.key 
411376     DEBUG main            d.u.i.k.p.i.AbstractProblemLoader Environment load took 87.3ns 
411377     INFO  main            d.u.i.k.p.i.AbstractProblemLoader Creating init config 
413728     DEBUG main            d.u.i.k.p.i.AbstractProblemLoader Init config took 2.35s 
413740     INFO  main            d.u.i.k.p.i.AbstractProblemLoader Replaying proof simpleAssignment.key 
413741     DEBUG main            d.u.i.k.p.i.IntermediateProofReplayer Proof replay took 2.2ns 
413845     INFO  main            d.u.i.k.p.r.p.TestFile    ... finished proof: closed. 
414286     INFO  main            d.u.i.k.p.i.AbstractProblemLoader Loading environment from /home/runner/work/key/key/key.core/../key.ui/examples/standard_key/java_dl/simpleAssignment.key.proof 
414286     DEBUG main            d.u.i.k.p.i.AbstractProblemLoader Environment load took 65.3ns 
414287     INFO  main            d.u.i.k.p.i.AbstractProblemLoader Creating init config 
416590     DEBUG main            d.u.i.k.p.i.AbstractProblemLoader Init config took 2.3s 
416602     INFO  main            d.u.i.k.p.i.AbstractProblemLoader Replaying proof simpleAssignment.key.proof 
416604     DEBUG main            d.u.i.k.p.i.IntermediateProofReplayer Proof replay took 476.39ns 
416605     DEBUG main            d.u.i.k.p.r.p.TestFile    ... success: reloaded. 
416605     INFO  main            d.u.i.k.p.r.p.TestFile    Now processing file /home/runner/work/key/key/key.core/../key.ui/examples/standard_key/java_dl/simpleAssignment2.key 
416605     INFO  main            d.u.i.k.p.i.AbstractProblemLoader Loading environment from /home/runner/work/key/key/key.core/../key.ui/examples/standard_key/java_dl/simpleAssignment2.key 
416605     DEBUG main            d.u.i.k.p.i.AbstractProblemLoader Environment load took 47.5ns 
416606     INFO  main            d.u.i.k.p.i.AbstractProblemLoader Creating init config 
418934     DEBUG main            d.u.i.k.p.i.AbstractProblemLoader Init config took 2.33s 
418946     INFO  main            d.u.i.k.p.i.AbstractProblemLoader Replaying proof simpleAssignment2.key 
418947     DEBUG main            d.u.i.k.p.i.IntermediateProofReplayer Proof replay took 2.8ns 
419049     INFO  main            d.u.i.k.p.r.p.TestFile    ... finished proof: closed. 
419456     INFO  main            d.u.i.k.p.i.AbstractProblemLoader Loading environment from /home/runner/work/key/key/key.core/../key.ui/examples/standard_key/java_dl/simpleAssignment2.key.proof 
419457     DEBUG main            d.u.i.k.p.i.AbstractProblemLoader Environment load took 91.3ns 
419457     INFO  main            d.u.i.k.p.i.AbstractProblemLoader Creating init config 
421760     DEBUG main            d.u.i.k.p.i.AbstractProblemLoader Init config took 2.3s 
421772     INFO  main            d.u.i.k.p.i.AbstractProblemLoader Replaying proof simpleAssignment2.key.proof 
421774     DEBUG main            d.u.i.k.p.i.IntermediateProofReplayer Proof replay took 301ns 
421774     DEBUG main            d.u.i.k.p.r.p.TestFile    ... success: reloaded. 
421774     INFO  main            d.u.i.k.p.r.p.TestFile    Now processing file /home/runner/work/key/key/key.core/../key.ui/examples/standard_key/java_dl/splittingWithQueries.key 
421774     INFO  main            d.u.i.k.p.i.AbstractProblemLoader Loading environment from /home/runner/work/key/key/key.core/../key.ui/examples/standard_key/java_dl/splittingWithQueries.key 
421775     DEBUG main            d.u.i.k.p.i.AbstractProblemLoader Environment load took 38.1ns 
421776     INFO  main            d.u.i.k.p.i.AbstractProblemLoader Creating init config 
424151     DEBUG main            d.u.i.k.p.i.AbstractProblemLoader Init config took 2.38s 
424163     INFO  main            d.u.i.k.p.i.AbstractProblemLoader Replaying proof splittingWithQueries.key 
424165     DEBUG main            d.u.i.k.p.i.IntermediateProofReplayer Proof replay took 2.3ns 
424266     INFO  main            d.u.i.k.p.r.p.TestFile    ... finished proof: closed. 
424691     INFO  main            d.u.i.k.p.i.AbstractProblemLoader Loading environment from /home/runner/work/key/key/key.core/../key.ui/examples/standard_key/java_dl/splittingWithQueries.key.proof 
424691     DEBUG main            d.u.i.k.p.i.AbstractProblemLoader Environment load took 77.5ns 
424692     INFO  main            d.u.i.k.p.i.AbstractProblemLoader Creating init config 
427056     DEBUG main            d.u.i.k.p.i.AbstractProblemLoader Init config took 2.36s 
427068     INFO  main            d.u.i.k.p.i.AbstractProblemLoader Replaying proof splittingWithQueries.key.proof 
427071     DEBUG main            d.u.i.k.p.i.IntermediateProofReplayer Proof replay took 1.06ms 
427071     DEBUG main            d.u.i.k.p.r.p.TestFile    ... success: reloaded. 
427072     INFO  main            d.u.i.k.p.r.p.TestFile    Now processing file /home/runner/work/key/key/key.core/../key.ui/examples/standard_key/java_dl/strassen/strassen.key 
427072     INFO  main            d.u.i.k.p.i.AbstractProblemLoader Loading environment from /home/runner/work/key/key/key.core/../key.ui/examples/standard_key/java_dl/strassen/strassen.key 
427072     DEBUG main            d.u.i.k.p.i.AbstractProblemLoader Environment load took 127.1ns 
427073     INFO  main            d.u.i.k.p.i.AbstractProblemLoader Creating init config 
429542     DEBUG main            d.u.i.k.p.i.AbstractProblemLoader Init config took 2.47s 
429574     INFO  main            d.u.i.k.p.i.AbstractProblemLoader Replaying proof Matrix22[Matrix22::strassen(Matrix22,Matrix22)].JML normal_behavior operation contract.0 
429575     DEBUG main            d.u.i.k.p.i.IntermediateProofReplayer Proof replay took 2.7ns 
434190     INFO  main            d.u.i.k.p.r.p.TestFile    ... finished proof: closed. 
434732     INFO  main            d.u.i.k.p.i.AbstractProblemLoader Loading environment from /home/runner/work/key/key/key.core/../key.ui/examples/standard_key/java_dl/strassen/strassen.key.proof 
434732     DEBUG main            d.u.i.k.p.i.AbstractProblemLoader Environment load took 77ns 
434734     INFO  main            d.u.i.k.p.i.AbstractProblemLoader Creating init config 
437170     DEBUG main            d.u.i.k.p.i.AbstractProblemLoader Init config took 2.44s 
437202     INFO  main            d.u.i.k.p.i.AbstractProblemLoader Replaying proof Matrix22[Matrix22::strassen(Matrix22,Matrix22)].JML normal_behavior operation contract.0 
437561     DEBUG main            d.u.i.k.p.i.IntermediateProofReplayer Proof replay took 349.15ms 
437562     DEBUG main            d.u.i.k.p.r.p.TestFile    ... success: reloaded. 
437563     INFO  main            d.u.i.k.p.r.p.TestFile    Now processing file /home/runner/work/key/key/key.core/../key.ui/examples/standard_key/java_dl/symmArray.key 
437563     INFO  main            d.u.i.k.p.i.AbstractProblemLoader Loading environment from /home/runner/work/key/key/key.core/../key.ui/examples/standard_key/java_dl/symmArray.key 
437563     DEBUG main            d.u.i.k.p.i.AbstractProblemLoader Environment load took 61.1ns 
437566     INFO  main            d.u.i.k.p.i.AbstractProblemLoader Creating init config 
440038     DEBUG main            d.u.i.k.p.i.AbstractProblemLoader Init config took 2.47s 
440055     INFO  main            d.u.i.k.p.i.AbstractProblemLoader Replaying proof symmArray.key 
440057     DEBUG main            d.u.i.k.p.i.IntermediateProofReplayer Proof replay took 2.6ns 
514703     INFO  main            d.u.i.k.p.r.p.TestFile    ... finished proof: closed. 
515241     INFO  main            d.u.i.k.p.i.AbstractProblemLoader Loading environment from /home/runner/work/key/key/key.core/../key.ui/examples/standard_key/java_dl/symmArray.key.proof 
515242     DEBUG main            d.u.i.k.p.i.AbstractProblemLoader Environment load took 328.9ns 
515246     INFO  main            d.u.i.k.p.i.AbstractProblemLoader Creating init config 
517675     DEBUG main            d.u.i.k.p.i.AbstractProblemLoader Init config took 2.43s 
517692     INFO  main            d.u.i.k.p.i.AbstractProblemLoader Replaying proof symmArray.key.proof 
518479     DEBUG main            d.u.i.k.p.i.IntermediateProofReplayer Proof replay took 731.68ms 
518483     DEBUG main            d.u.i.k.p.r.p.TestFile    ... success: reloaded. 
518484     INFO  main            d.u.i.k.p.r.p.TestFile    Now processing file /home/runner/work/key/key/key.core/../key.ui/examples/standard_key/java_dl/testcontext.key 
518484     INFO  main            d.u.i.k.p.i.AbstractProblemLoader Loading environment from /home/runner/work/key/key/key.core/../key.ui/examples/standard_key/java_dl/testcontext.key 
518484     DEBUG main            d.u.i.k.p.i.AbstractProblemLoader Environment load took 63ns 
518485     INFO  main            d.u.i.k.p.i.AbstractProblemLoader Creating init config 
518502     WARN  main            d.u.i.k.j.r.KeYCrossReferenceNameInfo Datatype java.io.PrintStream declared twice: Once in FILE:/home/runner/work/key/key/key.core/../key.ui/examples/standard_key/java_dl/classpath/PrintStream.java and once in URL:file:/home/runner/work/key/key/key.core/build/resources/main/de/uka/ilkd/key/java/JavaRedux/java/io/PrintStream.java, Keeping one from URL:file:/home/runner/work/key/key/key.core/build/resources/main/de/uka/ilkd/key/java/JavaRedux/java/io/PrintStream.java 
518503     WARN  main            d.u.i.k.j.r.KeYCrossReferenceNameInfo Datatype java.lang.System declared twice: Once in FILE:/home/runner/work/key/key/key.core/../key.ui/examples/standard_key/java_dl/classpath/System.java and once in URL:file:/home/runner/work/key/key/key.core/build/resources/main/de/uka/ilkd/key/java/JavaRedux/java/lang/System.java, Keeping one from URL:file:/home/runner/work/key/key/key.core/build/resources/main/de/uka/ilkd/key/java/JavaRedux/java/lang/System.java 
518503     WARN  main            d.u.i.k.j.r.KeYCrossReferenceNameInfo Datatype java.io.InputStream declared twice: Once in FILE:/home/runner/work/key/key/key.core/../key.ui/examples/standard_key/java_dl/classpath/InputStream.java and once in URL:file:/home/runner/work/key/key/key.core/build/resources/main/de/uka/ilkd/key/java/JavaRedux/java/io/InputStream.java, Keeping one from URL:file:/home/runner/work/key/key/key.core/build/resources/main/de/uka/ilkd/key/java/JavaRedux/java/io/InputStream.java 
518506     DEBUG main            d.u.i.k.j.r.ClassFileDeclarationBuilder Parsing: package java.io; public class Closeable { } 
518506     DEBUG main            r.s.KeYCrossReferenceSourceInfo Dynamically created class: java.io.Closeable 
520948     DEBUG main            d.u.i.k.p.i.AbstractProblemLoader Init config took 2.46s 
520961     INFO  main            d.u.i.k.p.i.AbstractProblemLoader Replaying proof testcontext.key 
520962     DEBUG main            d.u.i.k.p.i.IntermediateProofReplayer Proof replay took 2.6ns 
521266     INFO  main            d.u.i.k.p.r.p.TestFile    ... finished proof: closed. 
521825     INFO  main            d.u.i.k.p.i.AbstractProblemLoader Loading environment from /home/runner/work/key/key/key.core/../key.ui/examples/standard_key/java_dl/testcontext.key.proof 
521825     DEBUG main            d.u.i.k.p.i.AbstractProblemLoader Environment load took 100.3ns 
521826     INFO  main            d.u.i.k.p.i.AbstractProblemLoader Creating init config 
521843     WARN  main            d.u.i.k.j.r.KeYCrossReferenceNameInfo Datatype java.io.PrintStream declared twice: Once in FILE:/home/runner/work/key/key/key.core/../key.ui/examples/standard_key/java_dl/classpath/PrintStream.java and once in URL:file:/home/runner/work/key/key/key.core/build/resources/main/de/uka/ilkd/key/java/JavaRedux/java/io/PrintStream.java, Keeping one from URL:file:/home/runner/work/key/key/key.core/build/resources/main/de/uka/ilkd/key/java/JavaRedux/java/io/PrintStream.java 
521844     WARN  main            d.u.i.k.j.r.KeYCrossReferenceNameInfo Datatype java.lang.System declared twice: Once in FILE:/home/runner/work/key/key/key.core/../key.ui/examples/standard_key/java_dl/classpath/System.java and once in URL:file:/home/runner/work/key/key/key.core/build/resources/main/de/uka/ilkd/key/java/JavaRedux/java/lang/System.java, Keeping one from URL:file:/home/runner/work/key/key/key.core/build/resources/main/de/uka/ilkd/key/java/JavaRedux/java/lang/System.java 
521844     WARN  main            d.u.i.k.j.r.KeYCrossReferenceNameInfo Datatype java.io.InputStream declared twice: Once in FILE:/home/runner/work/key/key/key.core/../key.ui/examples/standard_key/java_dl/classpath/InputStream.java and once in URL:file:/home/runner/work/key/key/key.core/build/resources/main/de/uka/ilkd/key/java/JavaRedux/java/io/InputStream.java, Keeping one from URL:file:/home/runner/work/key/key/key.core/build/resources/main/de/uka/ilkd/key/java/JavaRedux/java/io/InputStream.java 
521847     DEBUG main            d.u.i.k.j.r.ClassFileDeclarationBuilder Parsing: package java.io; public class Closeable { } 
521847     DEBUG main            r.s.KeYCrossReferenceSourceInfo Dynamically created class: java.io.Closeable 
524182     DEBUG main            d.u.i.k.p.i.AbstractProblemLoader Init config took 2.36s 
524195     INFO  main            d.u.i.k.p.i.AbstractProblemLoader Replaying proof testcontext.key.proof 
524234     DEBUG main            d.u.i.k.p.i.IntermediateProofReplayer Proof replay took 36.47ms 
524235     DEBUG main            d.u.i.k.p.r.p.TestFile    ... success: reloaded. 
524236     INFO  main            d.u.i.k.p.r.p.TestFile    Now processing file /home/runner/work/key/key/key.core/../key.ui/examples/standard_key/staticInitialisation/cascadeStaticInitialisation.key 
524236     INFO  main            d.u.i.k.p.i.AbstractProblemLoader Loading environment from /home/runner/work/key/key/key.core/../key.ui/examples/standard_key/staticInitialisation/cascadeStaticInitialisation.key 
524236     DEBUG main            d.u.i.k.p.i.AbstractProblemLoader Environment load took 40.6ns 
524238     INFO  main            d.u.i.k.p.i.AbstractProblemLoader Creating init config 
524256     WARN  main            d.u.i.k.j.r.KeYCrossReferenceNameInfo Datatype java.io.PrintStream declared twice: Once in FILE:/home/runner/work/key/key/key.core/../key.ui/examples/standard_key/staticInitialisation/classpath/PrintStream.java and once in URL:file:/home/runner/work/key/key/key.core/build/resources/main/de/uka/ilkd/key/java/JavaRedux/java/io/PrintStream.java, Keeping one from URL:file:/home/runner/work/key/key/key.core/build/resources/main/de/uka/ilkd/key/java/JavaRedux/java/io/PrintStream.java 
524256     WARN  main            d.u.i.k.j.r.KeYCrossReferenceNameInfo Datatype java.lang.System declared twice: Once in FILE:/home/runner/work/key/key/key.core/../key.ui/examples/standard_key/staticInitialisation/classpath/System.java and once in URL:file:/home/runner/work/key/key/key.core/build/resources/main/de/uka/ilkd/key/java/JavaRedux/java/lang/System.java, Keeping one from URL:file:/home/runner/work/key/key/key.core/build/resources/main/de/uka/ilkd/key/java/JavaRedux/java/lang/System.java 
526635     DEBUG main            d.u.i.k.p.i.AbstractProblemLoader Init config took 2.4s 
526665     INFO  main            d.u.i.k.p.i.AbstractProblemLoader Replaying proof cascadeStaticInitialisation.key 
526672     DEBUG main            d.u.i.k.p.i.IntermediateProofReplayer Proof replay took 3.3ns 
527376     INFO  main            d.u.i.k.p.r.p.TestFile    ... finished proof: closed. 
527859     INFO  main            d.u.i.k.p.i.AbstractProblemLoader Loading environment from /home/runner/work/key/key/key.core/../key.ui/examples/standard_key/staticInitialisation/cascadeStaticInitialisation.key.proof 
527859     DEBUG main            d.u.i.k.p.i.AbstractProblemLoader Environment load took 69.5ns 
527860     INFO  main            d.u.i.k.p.i.AbstractProblemLoader Creating init config 
527884     WARN  main            d.u.i.k.j.r.KeYCrossReferenceNameInfo Datatype java.io.PrintStream declared twice: Once in FILE:/home/runner/work/key/key/key.core/../key.ui/examples/standard_key/staticInitialisation/classpath/PrintStream.java and once in URL:file:/home/runner/work/key/key/key.core/build/resources/main/de/uka/ilkd/key/java/JavaRedux/java/io/PrintStream.java, Keeping one from URL:file:/home/runner/work/key/key/key.core/build/resources/main/de/uka/ilkd/key/java/JavaRedux/java/io/PrintStream.java 
527884     WARN  main            d.u.i.k.j.r.KeYCrossReferenceNameInfo Datatype java.lang.System declared twice: Once in FILE:/home/runner/work/key/key/key.core/../key.ui/examples/standard_key/staticInitialisation/classpath/System.java and once in URL:file:/home/runner/work/key/key/key.core/build/resources/main/de/uka/ilkd/key/java/JavaRedux/java/lang/System.java, Keeping one from URL:file:/home/runner/work/key/key/key.core/build/resources/main/de/uka/ilkd/key/java/JavaRedux/java/lang/System.java 
530308     DEBUG main            d.u.i.k.p.i.AbstractProblemLoader Init config took 2.45s 
530321     INFO  main            d.u.i.k.p.i.AbstractProblemLoader Replaying proof cascadeStaticInitialisation.key.proof 
530425     DEBUG main            d.u.i.k.p.i.IntermediateProofReplayer Proof replay took 102.24ms 
530427     DEBUG main            d.u.i.k.p.r.p.TestFile    ... success: reloaded. 
530427     INFO  main            d.u.i.k.p.r.p.TestFile    Now processing file /home/runner/work/key/key/key.core/../key.ui/examples/standard_key/staticInitialisation/erroneousClassImpliesErroneousSubclass.key 
530427     INFO  main            d.u.i.k.p.i.AbstractProblemLoader Loading environment from /home/runner/work/key/key/key.core/../key.ui/examples/standard_key/staticInitialisation/erroneousClassImpliesErroneousSubclass.key 
530427     DEBUG main            d.u.i.k.p.i.AbstractProblemLoader Environment load took 40.6ns 
530428     INFO  main            d.u.i.k.p.i.AbstractProblemLoader Creating init config 
530446     WARN  main            d.u.i.k.j.r.KeYCrossReferenceNameInfo Datatype java.io.PrintStream declared twice: Once in FILE:/home/runner/work/key/key/key.core/../key.ui/examples/standard_key/staticInitialisation/classpath/PrintStream.java and once in URL:file:/home/runner/work/key/key/key.core/build/resources/main/de/uka/ilkd/key/java/JavaRedux/java/io/PrintStream.java, Keeping one from URL:file:/home/runner/work/key/key/key.core/build/resources/main/de/uka/ilkd/key/java/JavaRedux/java/io/PrintStream.java 
530446     WARN  main            d.u.i.k.j.r.KeYCrossReferenceNameInfo Datatype java.lang.System declared twice: Once in FILE:/home/runner/work/key/key/key.core/../key.ui/examples/standard_key/staticInitialisation/classpath/System.java and once in URL:file:/home/runner/work/key/key/key.core/build/resources/main/de/uka/ilkd/key/java/JavaRedux/java/lang/System.java, Keeping one from URL:file:/home/runner/work/key/key/key.core/build/resources/main/de/uka/ilkd/key/java/JavaRedux/java/lang/System.java 
532811     DEBUG main            d.u.i.k.p.i.AbstractProblemLoader Init config took 2.38s 
532823     INFO  main            d.u.i.k.p.i.AbstractProblemLoader Replaying proof erroneousClassImpliesErroneousSubclass.key 
532824     DEBUG main            d.u.i.k.p.i.IntermediateProofReplayer Proof replay took 2.5ns 
532925     INFO  main            d.u.i.k.p.r.p.TestFile    ... finished proof: closed. 
533408     INFO  main            d.u.i.k.p.i.AbstractProblemLoader Loading environment from /home/runner/work/key/key/key.core/../key.ui/examples/standard_key/staticInitialisation/erroneousClassImpliesErroneousSubclass.key.proof 
533408     DEBUG main            d.u.i.k.p.i.AbstractProblemLoader Environment load took 64.3ns 
533409     INFO  main            d.u.i.k.p.i.AbstractProblemLoader Creating init config 
533429     WARN  main            d.u.i.k.j.r.KeYCrossReferenceNameInfo Datatype java.io.PrintStream declared twice: Once in FILE:/home/runner/work/key/key/key.core/../key.ui/examples/standard_key/staticInitialisation/classpath/PrintStream.java and once in URL:file:/home/runner/work/key/key/key.core/build/resources/main/de/uka/ilkd/key/java/JavaRedux/java/io/PrintStream.java, Keeping one from URL:file:/home/runner/work/key/key/key.core/build/resources/main/de/uka/ilkd/key/java/JavaRedux/java/io/PrintStream.java 
533429     WARN  main            d.u.i.k.j.r.KeYCrossReferenceNameInfo Datatype java.lang.System declared twice: Once in FILE:/home/runner/work/key/key/key.core/../key.ui/examples/standard_key/staticInitialisation/classpath/System.java and once in URL:file:/home/runner/work/key/key/key.core/build/resources/main/de/uka/ilkd/key/java/JavaRedux/java/lang/System.java, Keeping one from URL:file:/home/runner/work/key/key/key.core/build/resources/main/de/uka/ilkd/key/java/JavaRedux/java/lang/System.java 
535757     DEBUG main            d.u.i.k.p.i.AbstractProblemLoader Init config took 2.35s 
535769     INFO  main            d.u.i.k.p.i.AbstractProblemLoader Replaying proof erroneousClassImpliesErroneousSubclass.key.proof 
535770     DEBUG main            d.u.i.k.p.i.IntermediateProofReplayer Proof replay took 404.38ns 
535771     DEBUG main            d.u.i.k.p.r.p.TestFile    ... success: reloaded. 
535773     INFO  main            d.u.i.k.p.r.p.TestFile    Now processing file /home/runner/work/key/key/key.core/../key.ui/examples/standard_key/staticInitialisation/initializedSubclassImpliesInitializedSuperclass.key 
535776     INFO  main            d.u.i.k.p.i.AbstractProblemLoader Loading environment from /home/runner/work/key/key/key.core/../key.ui/examples/standard_key/staticInitialisation/initializedSubclassImpliesInitializedSuperclass.key 
535776     DEBUG main            d.u.i.k.p.i.AbstractProblemLoader Environment load took 100.9ns 
535778     INFO  main            d.u.i.k.p.i.AbstractProblemLoader Creating init config 
535795     WARN  main            d.u.i.k.j.r.KeYCrossReferenceNameInfo Datatype java.io.PrintStream declared twice: Once in FILE:/home/runner/work/key/key/key.core/../key.ui/examples/standard_key/staticInitialisation/classpath/PrintStream.java and once in URL:file:/home/runner/work/key/key/key.core/build/resources/main/de/uka/ilkd/key/java/JavaRedux/java/io/PrintStream.java, Keeping one from URL:file:/home/runner/work/key/key/key.core/build/resources/main/de/uka/ilkd/key/java/JavaRedux/java/io/PrintStream.java 
535795     WARN  main            d.u.i.k.j.r.KeYCrossReferenceNameInfo Datatype java.lang.System declared twice: Once in FILE:/home/runner/work/key/key/key.core/../key.ui/examples/standard_key/staticInitialisation/classpath/System.java and once in URL:file:/home/runner/work/key/key/key.core/build/resources/main/de/uka/ilkd/key/java/JavaRedux/java/lang/System.java, Keeping one from URL:file:/home/runner/work/key/key/key.core/build/resources/main/de/uka/ilkd/key/java/JavaRedux/java/lang/System.java 
538154     DEBUG main            d.u.i.k.p.i.AbstractProblemLoader Init config took 2.38s 
538165     INFO  main            d.u.i.k.p.i.AbstractProblemLoader Replaying proof initializedSubclassImpliesInitializedSuperclass.key 
538166     DEBUG main            d.u.i.k.p.i.IntermediateProofReplayer Proof replay took 2.9ns 
538268     INFO  main            d.u.i.k.p.r.p.TestFile    ... finished proof: closed. 
538726     INFO  main            d.u.i.k.p.i.AbstractProblemLoader Loading environment from /home/runner/work/key/key/key.core/../key.ui/examples/standard_key/staticInitialisation/initializedSubclassImpliesInitializedSuperclass.key.proof 
538726     DEBUG main            d.u.i.k.p.i.AbstractProblemLoader Environment load took 67.4ns 
538726     INFO  main            d.u.i.k.p.i.AbstractProblemLoader Creating init config 
538744     WARN  main            d.u.i.k.j.r.KeYCrossReferenceNameInfo Datatype java.io.PrintStream declared twice: Once in FILE:/home/runner/work/key/key/key.core/../key.ui/examples/standard_key/staticInitialisation/classpath/PrintStream.java and once in URL:file:/home/runner/work/key/key/key.core/build/resources/main/de/uka/ilkd/key/java/JavaRedux/java/io/PrintStream.java, Keeping one from URL:file:/home/runner/work/key/key/key.core/build/resources/main/de/uka/ilkd/key/java/JavaRedux/java/io/PrintStream.java 
538744     WARN  main            d.u.i.k.j.r.KeYCrossReferenceNameInfo Datatype java.lang.System declared twice: Once in FILE:/home/runner/work/key/key/key.core/../key.ui/examples/standard_key/staticInitialisation/classpath/System.java and once in URL:file:/home/runner/work/key/key/key.core/build/resources/main/de/uka/ilkd/key/java/JavaRedux/java/lang/System.java, Keeping one from URL:file:/home/runner/work/key/key/key.core/build/resources/main/de/uka/ilkd/key/java/JavaRedux/java/lang/System.java 
541071     DEBUG main            d.u.i.k.p.i.AbstractProblemLoader Init config took 2.34s 
541083     INFO  main            d.u.i.k.p.i.AbstractProblemLoader Replaying proof initializedSubclassImpliesInitializedSuperclass.key.proof 
541084     DEBUG main            d.u.i.k.p.i.IntermediateProofReplayer Proof replay took 281.6ns 
541085     DEBUG main            d.u.i.k.p.r.p.TestFile    ... success: reloaded. 
541086     INFO  main            d.u.i.k.p.r.p.TestFile    Now processing file /home/runner/work/key/key/key.core/../key.ui/examples/standard_key/staticInitialisation/localDeclared.key 
541086     INFO  main            d.u.i.k.p.i.AbstractProblemLoader Loading environment from /home/runner/work/key/key/key.core/../key.ui/examples/standard_key/staticInitialisation/localDeclared.key 
541086     DEBUG main            d.u.i.k.p.i.AbstractProblemLoader Environment load took 50.3ns 
541087     INFO  main            d.u.i.k.p.i.AbstractProblemLoader Creating init config 
541104     WARN  main            d.u.i.k.j.r.KeYCrossReferenceNameInfo Datatype java.io.PrintStream declared twice: Once in FILE:/home/runner/work/key/key/key.core/../key.ui/examples/standard_key/staticInitialisation/classpath/PrintStream.java and once in URL:file:/home/runner/work/key/key/key.core/build/resources/main/de/uka/ilkd/key/java/JavaRedux/java/io/PrintStream.java, Keeping one from URL:file:/home/runner/work/key/key/key.core/build/resources/main/de/uka/ilkd/key/java/JavaRedux/java/io/PrintStream.java 
541104     WARN  main            d.u.i.k.j.r.KeYCrossReferenceNameInfo Datatype java.lang.System declared twice: Once in FILE:/home/runner/work/key/key/key.core/../key.ui/examples/standard_key/staticInitialisation/classpath/System.java and once in URL:file:/home/runner/work/key/key/key.core/build/resources/main/de/uka/ilkd/key/java/JavaRedux/java/lang/System.java, Keeping one from URL:file:/home/runner/work/key/key/key.core/build/resources/main/de/uka/ilkd/key/java/JavaRedux/java/lang/System.java 
543471     DEBUG main            d.u.i.k.p.i.AbstractProblemLoader Init config took 2.38s 
543484     INFO  main            d.u.i.k.p.i.AbstractProblemLoader Replaying proof localDeclared.key 
543485     DEBUG main            d.u.i.k.p.i.IntermediateProofReplayer Proof replay took 2.8ns 
543787     INFO  main            d.u.i.k.p.r.p.TestFile    ... finished proof: closed. 
544262     INFO  main            d.u.i.k.p.i.AbstractProblemLoader Loading environment from /home/runner/work/key/key/key.core/../key.ui/examples/standard_key/staticInitialisation/localDeclared.key.proof 
544262     DEBUG main            d.u.i.k.p.i.AbstractProblemLoader Environment load took 72.1ns 
544263     INFO  main            d.u.i.k.p.i.AbstractProblemLoader Creating init config 
544280     WARN  main            d.u.i.k.j.r.KeYCrossReferenceNameInfo Datatype java.io.PrintStream declared twice: Once in FILE:/home/runner/work/key/key/key.core/../key.ui/examples/standard_key/staticInitialisation/classpath/PrintStream.java and once in URL:file:/home/runner/work/key/key/key.core/build/resources/main/de/uka/ilkd/key/java/JavaRedux/java/io/PrintStream.java, Keeping one from URL:file:/home/runner/work/key/key/key.core/build/resources/main/de/uka/ilkd/key/java/JavaRedux/java/io/PrintStream.java 
544280     WARN  main            d.u.i.k.j.r.KeYCrossReferenceNameInfo Datatype java.lang.System declared twice: Once in FILE:/home/runner/work/key/key/key.core/../key.ui/examples/standard_key/staticInitialisation/classpath/System.java and once in URL:file:/home/runner/work/key/key/key.core/build/resources/main/de/uka/ilkd/key/java/JavaRedux/java/lang/System.java, Keeping one from URL:file:/home/runner/work/key/key/key.core/build/resources/main/de/uka/ilkd/key/java/JavaRedux/java/lang/System.java 
546695     DEBUG main            d.u.i.k.p.i.AbstractProblemLoader Init config took 2.43s 
546709     INFO  main            d.u.i.k.p.i.AbstractProblemLoader Replaying proof localDeclared.key.proof 
546751     DEBUG main            d.u.i.k.p.i.IntermediateProofReplayer Proof replay took 40.26ms 
546752     DEBUG main            d.u.i.k.p.r.p.TestFile    ... success: reloaded. 
546753     INFO  main            d.u.i.k.p.r.p.TestFile    Now processing file /home/runner/work/key/key/key.core/../key.ui/examples/standard_key/staticInitialisation/localDeclaredMethod.key 
546753     INFO  main            d.u.i.k.p.i.AbstractProblemLoader Loading environment from /home/runner/work/key/key/key.core/../key.ui/examples/standard_key/staticInitialisation/localDeclaredMethod.key 
546754     DEBUG main            d.u.i.k.p.i.AbstractProblemLoader Environment load took 167.1ns 
546755     INFO  main            d.u.i.k.p.i.AbstractProblemLoader Creating init config 
546772     WARN  main            d.u.i.k.j.r.KeYCrossReferenceNameInfo Datatype java.io.PrintStream declared twice: Once in FILE:/home/runner/work/key/key/key.core/../key.ui/examples/standard_key/staticInitialisation/classpath/PrintStream.java and once in URL:file:/home/runner/work/key/key/key.core/build/resources/main/de/uka/ilkd/key/java/JavaRedux/java/io/PrintStream.java, Keeping one from URL:file:/home/runner/work/key/key/key.core/build/resources/main/de/uka/ilkd/key/java/JavaRedux/java/io/PrintStream.java 
546772     WARN  main            d.u.i.k.j.r.KeYCrossReferenceNameInfo Datatype java.lang.System declared twice: Once in FILE:/home/runner/work/key/key/key.core/../key.ui/examples/standard_key/staticInitialisation/classpath/System.java and once in URL:file:/home/runner/work/key/key/key.core/build/resources/main/de/uka/ilkd/key/java/JavaRedux/java/lang/System.java, Keeping one from URL:file:/home/runner/work/key/key/key.core/build/resources/main/de/uka/ilkd/key/java/JavaRedux/java/lang/System.java 
549216     DEBUG main            d.u.i.k.p.i.AbstractProblemLoader Init config took 2.46s 
549231     INFO  main            d.u.i.k.p.i.AbstractProblemLoader Replaying proof localDeclaredMethod.key 
549231     DEBUG main            d.u.i.k.p.i.IntermediateProofReplayer Proof replay took 2.4ns 
549434     INFO  main            d.u.i.k.p.r.p.TestFile    ... finished proof: closed. 
549922     INFO  main            d.u.i.k.p.i.AbstractProblemLoader Loading environment from /home/runner/work/key/key/key.core/../key.ui/examples/standard_key/staticInitialisation/localDeclaredMethod.key.proof 
549922     DEBUG main            d.u.i.k.p.i.AbstractProblemLoader Environment load took 71.7ns 
549924     INFO  main            d.u.i.k.p.i.AbstractProblemLoader Creating init config 
549941     WARN  main            d.u.i.k.j.r.KeYCrossReferenceNameInfo Datatype java.io.PrintStream declared twice: Once in FILE:/home/runner/work/key/key/key.core/../key.ui/examples/standard_key/staticInitialisation/classpath/PrintStream.java and once in URL:file:/home/runner/work/key/key/key.core/build/resources/main/de/uka/ilkd/key/java/JavaRedux/java/io/PrintStream.java, Keeping one from URL:file:/home/runner/work/key/key/key.core/build/resources/main/de/uka/ilkd/key/java/JavaRedux/java/io/PrintStream.java 
549941     WARN  main            d.u.i.k.j.r.KeYCrossReferenceNameInfo Datatype java.lang.System declared twice: Once in FILE:/home/runner/work/key/key/key.core/../key.ui/examples/standard_key/staticInitialisation/classpath/System.java and once in URL:file:/home/runner/work/key/key/key.core/build/resources/main/de/uka/ilkd/key/java/JavaRedux/java/lang/System.java, Keeping one from URL:file:/home/runner/work/key/key/key.core/build/resources/main/de/uka/ilkd/key/java/JavaRedux/java/lang/System.java 
552355     DEBUG main            d.u.i.k.p.i.AbstractProblemLoader Init config took 2.43s 
552367     INFO  main            d.u.i.k.p.i.AbstractProblemLoader Replaying proof localDeclaredMethod.key.proof 
552406     DEBUG main            d.u.i.k.p.i.IntermediateProofReplayer Proof replay took 36.9ms 
552407     DEBUG main            d.u.i.k.p.r.p.TestFile    ... success: reloaded. 
552408     INFO  main            d.u.i.k.p.r.p.TestFile    Now processing file /home/runner/work/key/key/key.core/../key.ui/examples/standard_key/staticInitialisation/objectOfErroneousClass.key 
552408     INFO  main            d.u.i.k.p.i.AbstractProblemLoader Loading environment from /home/runner/work/key/key/key.core/../key.ui/examples/standard_key/staticInitialisation/objectOfErroneousClass.key 
552408     DEBUG main            d.u.i.k.p.i.AbstractProblemLoader Environment load took 80.6ns 
552409     INFO  main            d.u.i.k.p.i.AbstractProblemLoader Creating init config 
552426     WARN  main            d.u.i.k.j.r.KeYCrossReferenceNameInfo Datatype java.io.PrintStream declared twice: Once in FILE:/home/runner/work/key/key/key.core/../key.ui/examples/standard_key/staticInitialisation/classpath/PrintStream.java and once in URL:file:/home/runner/work/key/key/key.core/build/resources/main/de/uka/ilkd/key/java/JavaRedux/java/io/PrintStream.java, Keeping one from URL:file:/home/runner/work/key/key/key.core/build/resources/main/de/uka/ilkd/key/java/JavaRedux/java/io/PrintStream.java 
552426     WARN  main            d.u.i.k.j.r.KeYCrossReferenceNameInfo Datatype java.lang.System declared twice: Once in FILE:/home/runner/work/key/key/key.core/../key.ui/examples/standard_key/staticInitialisation/classpath/System.java and once in URL:file:/home/runner/work/key/key/key.core/build/resources/main/de/uka/ilkd/key/java/JavaRedux/java/lang/System.java, Keeping one from URL:file:/home/runner/work/key/key/key.core/build/resources/main/de/uka/ilkd/key/java/JavaRedux/java/lang/System.java 
554798     DEBUG main            d.u.i.k.p.i.AbstractProblemLoader Init config took 2.39s 
554812     INFO  main            d.u.i.k.p.i.AbstractProblemLoader Replaying proof objectOfErroneousClass.key 
554814     DEBUG main            d.u.i.k.p.i.IntermediateProofReplayer Proof replay took 2.3ns 
566822     INFO  main            d.u.i.k.p.r.p.TestFile    ... finished proof: closed. 
567380     INFO  main            d.u.i.k.p.i.AbstractProblemLoader Loading environment from /home/runner/work/key/key/key.core/../key.ui/examples/standard_key/staticInitialisation/objectOfErroneousClass.key.proof 
567380     DEBUG main            d.u.i.k.p.i.AbstractProblemLoader Environment load took 131ns 
567385     INFO  main            d.u.i.k.p.i.AbstractProblemLoader Creating init config 
567403     WARN  main            d.u.i.k.j.r.KeYCrossReferenceNameInfo Datatype java.io.PrintStream declared twice: Once in FILE:/home/runner/work/key/key/key.core/../key.ui/examples/standard_key/staticInitialisation/classpath/PrintStream.java and once in URL:file:/home/runner/work/key/key/key.core/build/resources/main/de/uka/ilkd/key/java/JavaRedux/java/io/PrintStream.java, Keeping one from URL:file:/home/runner/work/key/key/key.core/build/resources/main/de/uka/ilkd/key/java/JavaRedux/java/io/PrintStream.java 
567403     WARN  main            d.u.i.k.j.r.KeYCrossReferenceNameInfo Datatype java.lang.System declared twice: Once in FILE:/home/runner/work/key/key/key.core/../key.ui/examples/standard_key/staticInitialisation/classpath/System.java and once in URL:file:/home/runner/work/key/key/key.core/build/resources/main/de/uka/ilkd/key/java/JavaRedux/java/lang/System.java, Keeping one from URL:file:/home/runner/work/key/key/key.core/build/resources/main/de/uka/ilkd/key/java/JavaRedux/java/lang/System.java 
569748     DEBUG main            d.u.i.k.p.i.AbstractProblemLoader Init config took 2.36s 
569762     INFO  main            d.u.i.k.p.i.AbstractProblemLoader Replaying proof objectOfErroneousClass.key.proof 
571106     DEBUG main            d.u.i.k.p.i.IntermediateProofReplayer Proof replay took 1.32s 
571109     DEBUG main            d.u.i.k.p.r.p.TestFile    ... success: reloaded. 
571110     INFO  main            d.u.i.k.p.r.p.TestFile    Now processing file /home/runner/work/key/key/key.core/../key.ui/examples/standard_key/staticInitialisation/staticInitialisersAreNonSimple.key 
571110     INFO  main            d.u.i.k.p.i.AbstractProblemLoader Loading environment from /home/runner/work/key/key/key.core/../key.ui/examples/standard_key/staticInitialisation/staticInitialisersAreNonSimple.key 
571110     DEBUG main            d.u.i.k.p.i.AbstractProblemLoader Environment load took 53.4ns 
571112     INFO  main            d.u.i.k.p.i.AbstractProblemLoader Creating init config 
571128     WARN  main            d.u.i.k.j.r.KeYCrossReferenceNameInfo Datatype java.io.PrintStream declared twice: Once in FILE:/home/runner/work/key/key/key.core/../key.ui/examples/standard_key/staticInitialisation/classpath/PrintStream.java and once in URL:file:/home/runner/work/key/key/key.core/build/resources/main/de/uka/ilkd/key/java/JavaRedux/java/io/PrintStream.java, Keeping one from URL:file:/home/runner/work/key/key/key.core/build/resources/main/de/uka/ilkd/key/java/JavaRedux/java/io/PrintStream.java 
571128     WARN  main            d.u.i.k.j.r.KeYCrossReferenceNameInfo Datatype java.lang.System declared twice: Once in FILE:/home/runner/work/key/key/key.core/../key.ui/examples/standard_key/staticInitialisation/classpath/System.java and once in URL:file:/home/runner/work/key/key/key.core/build/resources/main/de/uka/ilkd/key/java/JavaRedux/java/lang/System.java, Keeping one from URL:file:/home/runner/work/key/key/key.core/build/resources/main/de/uka/ilkd/key/java/JavaRedux/java/lang/System.java 
573502     DEBUG main            d.u.i.k.p.i.AbstractProblemLoader Init config took 2.39s 
573517     INFO  main            d.u.i.k.p.i.AbstractProblemLoader Replaying proof staticInitialisersAreNonSimple.key 
573518     DEBUG main            d.u.i.k.p.i.IntermediateProofReplayer Proof replay took 2.2ns 
573835     INFO  main            d.u.i.k.p.r.p.TestFile    ... finished proof: closed. 
574392     INFO  main            d.u.i.k.p.i.AbstractProblemLoader Loading environment from /home/runner/work/key/key/key.core/../key.ui/examples/standard_key/staticInitialisation/staticInitialisersAreNonSimple.key.proof 
574392     DEBUG main            d.u.i.k.p.i.AbstractProblemLoader Environment load took 68.5ns 
574394     INFO  main            d.u.i.k.p.i.AbstractProblemLoader Creating init config 
574411     WARN  main            d.u.i.k.j.r.KeYCrossReferenceNameInfo Datatype java.io.PrintStream declared twice: Once in FILE:/home/runner/work/key/key/key.core/../key.ui/examples/standard_key/staticInitialisation/classpath/PrintStream.java and once in URL:file:/home/runner/work/key/key/key.core/build/resources/main/de/uka/ilkd/key/java/JavaRedux/java/io/PrintStream.java, Keeping one from URL:file:/home/runner/work/key/key/key.core/build/resources/main/de/uka/ilkd/key/java/JavaRedux/java/io/PrintStream.java 
574411     WARN  main            d.u.i.k.j.r.KeYCrossReferenceNameInfo Datatype java.lang.System declared twice: Once in FILE:/home/runner/work/key/key/key.core/../key.ui/examples/standard_key/staticInitialisation/classpath/System.java and once in URL:file:/home/runner/work/key/key/key.core/build/resources/main/de/uka/ilkd/key/java/JavaRedux/java/lang/System.java, Keeping one from URL:file:/home/runner/work/key/key/key.core/build/resources/main/de/uka/ilkd/key/java/JavaRedux/java/lang/System.java 
576761     DEBUG main            d.u.i.k.p.i.AbstractProblemLoader Init config took 2.37s 
576774     INFO  main            d.u.i.k.p.i.AbstractProblemLoader Replaying proof staticInitialisersAreNonSimple.key.proof 
576829     DEBUG main            d.u.i.k.p.i.IntermediateProofReplayer Proof replay took 53.28ms 
576830     DEBUG main            d.u.i.k.p.r.p.TestFile    ... success: reloaded. 
576831     INFO  main            d.u.i.k.p.r.p.TestFile    Now processing file /home/runner/work/key/key/key.core/../key.ui/examples/standard_key/types/disjoint.key 
576831     INFO  main            d.u.i.k.p.i.AbstractProblemLoader Loading environment from /home/runner/work/key/key/key.core/../key.ui/examples/standard_key/types/disjoint.key 
576831     DEBUG main            d.u.i.k.p.i.AbstractProblemLoader Environment load took 72.7ns 
576832     INFO  main            d.u.i.k.p.i.AbstractProblemLoader Creating init config 
579166     DEBUG main            d.u.i.k.p.i.AbstractProblemLoader Init config took 2.33s 
579178     INFO  main            d.u.i.k.p.i.AbstractProblemLoader Replaying proof disjoint.key 
579179     DEBUG main            d.u.i.k.p.i.IntermediateProofReplayer Proof replay took 2.7ns 
579280     INFO  main            d.u.i.k.p.r.p.TestFile    ... finished proof: closed. 
579773     INFO  main            d.u.i.k.p.i.AbstractProblemLoader Loading environment from /home/runner/work/key/key/key.core/../key.ui/examples/standard_key/types/disjoint.key.proof 
579773     DEBUG main            d.u.i.k.p.i.AbstractProblemLoader Environment load took 65ns 
579774     INFO  main            d.u.i.k.p.i.AbstractProblemLoader Creating init config 
582062     DEBUG main            d.u.i.k.p.i.AbstractProblemLoader Init config took 2.29s 
582074     INFO  main            d.u.i.k.p.i.AbstractProblemLoader Replaying proof disjoint.key.proof 
582075     DEBUG main            d.u.i.k.p.i.IntermediateProofReplayer Proof replay took 230.4ns 
582076     DEBUG main            d.u.i.k.p.r.p.TestFile    ... success: reloaded. 
582076     INFO  main            d.u.i.k.p.r.p.TestFile    Now processing file /home/runner/work/key/key/key.core/../key.ui/examples/../../key.core/src/test/resources/testcase/classpath/classpath.key 
582076     INFO  main            d.u.i.k.p.i.AbstractProblemLoader Loading environment from /home/runner/work/key/key/key.core/../key.ui/examples/../../key.core/src/test/resources/testcase/classpath/classpath.key 
582076     DEBUG main            d.u.i.k.p.i.AbstractProblemLoader Environment load took 80.8ns 
582077     INFO  main            d.u.i.k.p.i.AbstractProblemLoader Creating init config 
582096     WARN  main            d.u.i.k.j.r.KeYCrossReferenceNameInfo Datatype cp.C declared twice: Once in FILE:/home/runner/work/key/key/key.core/../key.ui/examples/../../key.core/src/test/resources/testcase/classpath/classpath/C.class and once in FILE:/home/runner/work/key/key/key.core/../key.ui/examples/../../key.core/src/test/resources/testcase/classpath/classpath/C.jml, Keeping one from FILE:/home/runner/work/key/key/key.core/../key.ui/examples/../../key.core/src/test/resources/testcase/classpath/classpath/C.jml 
582099     DEBUG main            d.u.i.k.j.r.ClassFileDeclarationBuilder Parsing: package cp; public class Unresolved1 { } 
582099     DEBUG main            r.s.KeYCrossReferenceSourceInfo Dynamically created class: cp.Unresolved1 
582099     DEBUG main            d.u.i.k.j.r.ClassFileDeclarationBuilder Parsing: package cp; public class Unresolved2 { } 
582099     DEBUG main            r.s.KeYCrossReferenceSourceInfo Dynamically created class: cp.Unresolved2 
584558     DEBUG main            d.u.i.k.p.i.AbstractProblemLoader Init config took 2.48s 
584571     INFO  main            d.u.i.k.p.i.AbstractProblemLoader Replaying proof classpath.key 
584572     DEBUG main            d.u.i.k.p.i.IntermediateProofReplayer Proof replay took 2.4ns 
584684     INFO  main            d.u.i.k.p.r.p.TestFile    ... finished proof: closed. 
585176     INFO  main            d.u.i.k.p.i.AbstractProblemLoader Loading environment from /home/runner/work/key/key/key.core/../key.ui/examples/../../key.core/src/test/resources/testcase/classpath/classpath.key.proof 
585176     DEBUG main            d.u.i.k.p.i.AbstractProblemLoader Environment load took 63.9ns 
585177     INFO  main            d.u.i.k.p.i.AbstractProblemLoader Creating init config 
585198     WARN  main            d.u.i.k.j.r.KeYCrossReferenceNameInfo Datatype cp.C declared twice: Once in FILE:/home/runner/work/key/key/key.core/../key.ui/examples/../../key.core/src/test/resources/testcase/classpath/classpath/C.class and once in FILE:/home/runner/work/key/key/key.core/../key.ui/examples/../../key.core/src/test/resources/testcase/classpath/classpath/C.jml, Keeping one from FILE:/home/runner/work/key/key/key.core/../key.ui/examples/../../key.core/src/test/resources/testcase/classpath/classpath/C.jml 
585202     DEBUG main            d.u.i.k.j.r.ClassFileDeclarationBuilder Parsing: package cp; public class Unresolved1 { } 
585202     DEBUG main            r.s.KeYCrossReferenceSourceInfo Dynamically created class: cp.Unresolved1 
585202     DEBUG main            d.u.i.k.j.r.ClassFileDeclarationBuilder Parsing: package cp; public class Unresolved2 { } 
585202     DEBUG main            r.s.KeYCrossReferenceSourceInfo Dynamically created class: cp.Unresolved2 
587609     DEBUG main            d.u.i.k.p.i.AbstractProblemLoader Init config took 2.43s 
587623     INFO  main            d.u.i.k.p.i.AbstractProblemLoader Replaying proof classpath.key.proof 
587624     DEBUG main            d.u.i.k.p.i.IntermediateProofReplayer Proof replay took 387.89ns 
587625     DEBUG main            d.u.i.k.p.r.p.TestFile    ... success: reloaded. 
587626     INFO  main            d.u.i.k.p.r.p.TestFile    Now processing file /home/runner/work/key/key/key.core/../key.ui/examples/heap/inconsistent_represents/MyClass_m.key 
587626     INFO  main            d.u.i.k.p.i.AbstractProblemLoader Loading environment from /home/runner/work/key/key/key.core/../key.ui/examples/heap/inconsistent_represents/MyClass_m.key 
587626     DEBUG main            d.u.i.k.p.i.AbstractProblemLoader Environment load took 59.5ns 
587626     INFO  main            d.u.i.k.p.i.AbstractProblemLoader Creating init config 
590036     DEBUG main            d.u.i.k.p.i.AbstractProblemLoader Init config took 2.41s 
590073     INFO  main            d.u.i.k.p.i.AbstractProblemLoader Replaying proof MyClass[MyClass::m()].JML operation contract.0 
590075     DEBUG main            d.u.i.k.p.i.IntermediateProofReplayer Proof replay took 2.9ns 
590177     INFO  main            d.u.i.k.p.r.p.TestFile    ... finished proof: open goal(s) 
590669     INFO  main            d.u.i.k.p.r.p.TestFile    Now processing file /home/runner/work/key/key/key.core/../key.ui/examples/heap/inconsistent_represents/MyClass_n.key 
590669     INFO  main            d.u.i.k.p.i.AbstractProblemLoader Loading environment from /home/runner/work/key/key/key.core/../key.ui/examples/heap/inconsistent_represents/MyClass_n.key 
590669     DEBUG main            d.u.i.k.p.i.AbstractProblemLoader Environment load took 41.8ns 
590670     INFO  main            d.u.i.k.p.i.AbstractProblemLoader Creating init config 
593041     DEBUG main            d.u.i.k.p.i.AbstractProblemLoader Init config took 2.37s 
593072     INFO  main            d.u.i.k.p.i.AbstractProblemLoader Replaying proof MyClass[MyClass::n()].JML operation contract.0 
593073     DEBUG main            d.u.i.k.p.i.IntermediateProofReplayer Proof replay took 2.4ns 
593174     INFO  main            d.u.i.k.p.r.p.TestFile    ... finished proof: open goal(s) 
3350577    INFO  Test worker     d.u.i.k.p.r.RunAllProofsTestUnit Returning from test javadl 
3350578    INFO  Test worker     d.u.i.k.p.r.RunAllProofsTestUnit Running test FOL 
348        INFO  Timeout watchdog d.u.i.k.p.r.p.ForkedTestFileRunner Timeout watcher launched (2000 secs.) 
364        WARN  main            d.u.i.k.s.ProofSettings   The settings in /home/runner/.key/proof-settings.props are *not* read. 
406        INFO  main            d.u.i.k.p.r.p.TestFile    Now processing file /home/runner/work/key/key/key.core/../key.ui/examples/standard_key/pred_log/count.key 
523        INFO  main            d.u.i.k.p.i.AbstractProblemLoader Loading environment from /home/runner/work/key/key/key.core/../key.ui/examples/standard_key/pred_log/count.key 
542        DEBUG main            d.u.i.k.p.i.AbstractProblemLoader Environment load took 1.7ms 
774        INFO  main            d.u.i.k.p.i.AbstractProblemLoader Creating init config 
1556       DEBUG main            d.u.i.k.j.TypeConverter   No LDT found for Meta 
1556       DEBUG main            d.u.i.k.j.TypeConverter   No LDT found for Meta 
1558       DEBUG main            d.u.i.k.j.TypeConverter   No LDT found for Meta 
1558       DEBUG main            d.u.i.k.j.TypeConverter   No LDT found for Meta 
2882       DEBUG main            d.u.i.k.j.TypeConverter   No LDT found for JavaBigintExpression 
7753       DEBUG main            d.u.i.k.p.i.AbstractProblemLoader Init config took 6.98s 
7811       INFO  main            d.u.i.k.p.i.AbstractProblemLoader Replaying proof count.key 
7840       DEBUG main            d.u.i.k.p.i.IntermediateProofReplayer Proof replay took 29.6ns 
7989       INFO  main            d.u.i.k.p.r.p.TestFile    ... finished proof: closed. 
8073       INFO  main            d.u.i.k.p.i.AbstractProblemLoader Loading environment from /home/runner/work/key/key/key.core/../key.ui/examples/standard_key/pred_log/count.key.proof 
8075       DEBUG main            d.u.i.k.p.i.AbstractProblemLoader Environment load took 1.26ms 
8080       INFO  main            d.u.i.k.p.i.AbstractProblemLoader Creating init config 
10707      DEBUG main            d.u.i.k.p.i.AbstractProblemLoader Init config took 2.63s 
10759      INFO  main            d.u.i.k.p.i.AbstractProblemLoader Replaying proof count.key.proof 
10769      DEBUG main            d.u.i.k.p.i.IntermediateProofReplayer Proof replay took 5.44ms 
10779      DEBUG main            d.u.i.k.p.r.p.TestFile    ... success: reloaded. 
10780      INFO  main            d.u.i.k.p.r.p.TestFile    Now processing file /home/runner/work/key/key/key.core/../key.ui/examples/standard_key/pred_log/count2.key 
10780      INFO  main            d.u.i.k.p.i.AbstractProblemLoader Loading environment from /home/runner/work/key/key/key.core/../key.ui/examples/standard_key/pred_log/count2.key 
10781      DEBUG main            d.u.i.k.p.i.AbstractProblemLoader Environment load took 172ns 
10782      INFO  main            d.u.i.k.p.i.AbstractProblemLoader Creating init config 
13301      DEBUG main            d.u.i.k.p.i.AbstractProblemLoader Init config took 2.52s 
13339      INFO  main            d.u.i.k.p.i.AbstractProblemLoader Replaying proof count2.key 
13345      DEBUG main            d.u.i.k.p.i.IntermediateProofReplayer Proof replay took 6.2ns 
13448      INFO  main            d.u.i.k.p.r.p.TestFile    ... finished proof: closed. 
13565      INFO  main            d.u.i.k.p.i.AbstractProblemLoader Loading environment from /home/runner/work/key/key/key.core/../key.ui/examples/standard_key/pred_log/count2.key.proof 
13565      DEBUG main            d.u.i.k.p.i.AbstractProblemLoader Environment load took 119.1ns 
13566      INFO  main            d.u.i.k.p.i.AbstractProblemLoader Creating init config 
16011      DEBUG main            d.u.i.k.p.i.AbstractProblemLoader Init config took 2.44s 
16034      INFO  main            d.u.i.k.p.i.AbstractProblemLoader Replaying proof count2.key.proof 
16039      DEBUG main            d.u.i.k.p.i.IntermediateProofReplayer Proof replay took 2.28ms 
16040      DEBUG main            d.u.i.k.p.r.p.TestFile    ... success: reloaded. 
16041      INFO  main            d.u.i.k.p.r.p.TestFile    Now processing file /home/runner/work/key/key/key.core/../key.ui/examples/standard_key/pred_log/count3.key 
16041      INFO  main            d.u.i.k.p.i.AbstractProblemLoader Loading environment from /home/runner/work/key/key/key.core/../key.ui/examples/standard_key/pred_log/count3.key 
16041      DEBUG main            d.u.i.k.p.i.AbstractProblemLoader Environment load took 165.59ns 
16042      INFO  main            d.u.i.k.p.i.AbstractProblemLoader Creating init config 
18492      DEBUG main            d.u.i.k.p.i.AbstractProblemLoader Init config took 2.45s 
18513      INFO  main            d.u.i.k.p.i.AbstractProblemLoader Replaying proof count3.key 
18515      DEBUG main            d.u.i.k.p.i.IntermediateProofReplayer Proof replay took 5.8ns 
18617      INFO  main            d.u.i.k.p.r.p.TestFile    ... finished proof: closed. 
18736      INFO  main            d.u.i.k.p.i.AbstractProblemLoader Loading environment from /home/runner/work/key/key/key.core/../key.ui/examples/standard_key/pred_log/count3.key.proof 
18737      DEBUG main            d.u.i.k.p.i.AbstractProblemLoader Environment load took 108.2ns 
18738      INFO  main            d.u.i.k.p.i.AbstractProblemLoader Creating init config 
21133      DEBUG main            d.u.i.k.p.i.AbstractProblemLoader Init config took 2.4s 
21154      INFO  main            d.u.i.k.p.i.AbstractProblemLoader Replaying proof count3.key.proof 
21158      DEBUG main            d.u.i.k.p.i.IntermediateProofReplayer Proof replay took 1.9ms 
21158      DEBUG main            d.u.i.k.p.r.p.TestFile    ... success: reloaded. 
21159      INFO  main            d.u.i.k.p.r.p.TestFile    Now processing file /home/runner/work/key/key/key.core/../key.ui/examples/standard_key/pred_log/equalities.key 
21159      INFO  main            d.u.i.k.p.i.AbstractProblemLoader Loading environment from /home/runner/work/key/key/key.core/../key.ui/examples/standard_key/pred_log/equalities.key 
21159      DEBUG main            d.u.i.k.p.i.AbstractProblemLoader Environment load took 72.2ns 
21160      INFO  main            d.u.i.k.p.i.AbstractProblemLoader Creating init config 
23546      DEBUG main            d.u.i.k.p.i.AbstractProblemLoader Init config took 2.39s 
23566      INFO  main            d.u.i.k.p.i.AbstractProblemLoader Replaying proof equalities.key 
23567      DEBUG main            d.u.i.k.p.i.IntermediateProofReplayer Proof replay took 6.7ns 
23669      INFO  main            d.u.i.k.p.r.p.TestFile    ... finished proof: closed. 
23803      INFO  main            d.u.i.k.p.i.AbstractProblemLoader Loading environment from /home/runner/work/key/key/key.core/../key.ui/examples/standard_key/pred_log/equalities.key.proof 
23804      DEBUG main            d.u.i.k.p.i.AbstractProblemLoader Environment load took 111.7ns 
23805      INFO  main            d.u.i.k.p.i.AbstractProblemLoader Creating init config 
26170      DEBUG main            d.u.i.k.p.i.AbstractProblemLoader Init config took 2.37s 
26189      INFO  main            d.u.i.k.p.i.AbstractProblemLoader Replaying proof equalities.key.proof 
26192      DEBUG main            d.u.i.k.p.i.IntermediateProofReplayer Proof replay took 1.21ms 
26193      DEBUG main            d.u.i.k.p.r.p.TestFile    ... success: reloaded. 
26194      INFO  main            d.u.i.k.p.r.p.TestFile    Now processing file /home/runner/work/key/key/key.core/../key.ui/examples/standard_key/pred_log/equalities2.key 
26194      INFO  main            d.u.i.k.p.i.AbstractProblemLoader Loading environment from /home/runner/work/key/key/key.core/../key.ui/examples/standard_key/pred_log/equalities2.key 
26194      DEBUG main            d.u.i.k.p.i.AbstractProblemLoader Environment load took 87.4ns 
26195      INFO  main            d.u.i.k.p.i.AbstractProblemLoader Creating init config 
28581      DEBUG main            d.u.i.k.p.i.AbstractProblemLoader Init config took 2.39s 
28601      INFO  main            d.u.i.k.p.i.AbstractProblemLoader Replaying proof equalities2.key 
28603      DEBUG main            d.u.i.k.p.i.IntermediateProofReplayer Proof replay took 6.7ns 
28708      INFO  main            d.u.i.k.p.r.p.TestFile    ... finished proof: closed. 
28835      INFO  main            d.u.i.k.p.i.AbstractProblemLoader Loading environment from /home/runner/work/key/key/key.core/../key.ui/examples/standard_key/pred_log/equalities2.key.proof 
28836      DEBUG main            d.u.i.k.p.i.AbstractProblemLoader Environment load took 114.8ns 
28837      INFO  main            d.u.i.k.p.i.AbstractProblemLoader Creating init config 
31167      DEBUG main            d.u.i.k.p.i.AbstractProblemLoader Init config took 2.33s 
31186      INFO  main            d.u.i.k.p.i.AbstractProblemLoader Replaying proof equalities2.key.proof 
31190      DEBUG main            d.u.i.k.p.i.IntermediateProofReplayer Proof replay took 3ms 
31192      DEBUG main            d.u.i.k.p.r.p.TestFile    ... success: reloaded. 
31193      INFO  main            d.u.i.k.p.r.p.TestFile    Now processing file /home/runner/work/key/key/key.core/../key.ui/examples/standard_key/pred_log/equalities3.key 
31193      INFO  main            d.u.i.k.p.i.AbstractProblemLoader Loading environment from /home/runner/work/key/key/key.core/../key.ui/examples/standard_key/pred_log/equalities3.key 
31193      DEBUG main            d.u.i.k.p.i.AbstractProblemLoader Environment load took 168.19ns 
31194      INFO  main            d.u.i.k.p.i.AbstractProblemLoader Creating init config 
33558      DEBUG main            d.u.i.k.p.i.AbstractProblemLoader Init config took 2.36s 
33576      INFO  main            d.u.i.k.p.i.AbstractProblemLoader Replaying proof equalities3.key 
33578      DEBUG main            d.u.i.k.p.i.IntermediateProofReplayer Proof replay took 6.8ns 
33682      INFO  main            d.u.i.k.p.r.p.TestFile    ... finished proof: closed. 
33814      INFO  main            d.u.i.k.p.i.AbstractProblemLoader Loading environment from /home/runner/work/key/key/key.core/../key.ui/examples/standard_key/pred_log/equalities3.key.proof 
33814      DEBUG main            d.u.i.k.p.i.AbstractProblemLoader Environment load took 109.4ns 
33817      INFO  main            d.u.i.k.p.i.AbstractProblemLoader Creating init config 
36146      DEBUG main            d.u.i.k.p.i.AbstractProblemLoader Init config took 2.33s 
36164      INFO  main            d.u.i.k.p.i.AbstractProblemLoader Replaying proof equalities3.key.proof 
36170      DEBUG main            d.u.i.k.p.i.IntermediateProofReplayer Proof replay took 4.56ms 
36171      DEBUG main            d.u.i.k.p.r.p.TestFile    ... success: reloaded. 
36172      INFO  main            d.u.i.k.p.r.p.TestFile    Now processing file /home/runner/work/key/key/key.core/../key.ui/examples/standard_key/pred_log/functions.key 
36172      INFO  main            d.u.i.k.p.i.AbstractProblemLoader Loading environment from /home/runner/work/key/key/key.core/../key.ui/examples/standard_key/pred_log/functions.key 
36172      DEBUG main            d.u.i.k.p.i.AbstractProblemLoader Environment load took 162.09ns 
36173      INFO  main            d.u.i.k.p.i.AbstractProblemLoader Creating init config 
38539      DEBUG main            d.u.i.k.p.i.AbstractProblemLoader Init config took 2.37s 
38556      INFO  main            d.u.i.k.p.i.AbstractProblemLoader Replaying proof functions.key 
38557      DEBUG main            d.u.i.k.p.i.IntermediateProofReplayer Proof replay took 5.8ns 
38659      INFO  main            d.u.i.k.p.r.p.TestFile    ... finished proof: closed. 
38845      INFO  main            d.u.i.k.p.i.AbstractProblemLoader Loading environment from /home/runner/work/key/key/key.core/../key.ui/examples/standard_key/pred_log/functions.key.proof 
38845      DEBUG main            d.u.i.k.p.i.AbstractProblemLoader Environment load took 119.9ns 
38846      INFO  main            d.u.i.k.p.i.AbstractProblemLoader Creating init config 
41157      DEBUG main            d.u.i.k.p.i.AbstractProblemLoader Init config took 2.31s 
41174      INFO  main            d.u.i.k.p.i.AbstractProblemLoader Replaying proof functions.key.proof 
41178      DEBUG main            d.u.i.k.p.i.IntermediateProofReplayer Proof replay took 1.85ms 
41179      DEBUG main            d.u.i.k.p.r.p.TestFile    ... success: reloaded. 
41183      INFO  main            d.u.i.k.p.r.p.TestFile    Now processing file /home/runner/work/key/key/key.core/../key.ui/examples/standard_key/pred_log/mv1.key 
41183      INFO  main            d.u.i.k.p.i.AbstractProblemLoader Loading environment from /home/runner/work/key/key/key.core/../key.ui/examples/standard_key/pred_log/mv1.key 
41183      DEBUG main            d.u.i.k.p.i.AbstractProblemLoader Environment load took 258.19ns 
41184      INFO  main            d.u.i.k.p.i.AbstractProblemLoader Creating init config 
43542      DEBUG main            d.u.i.k.p.i.AbstractProblemLoader Init config took 2.36s 
43558      INFO  main            d.u.i.k.p.i.AbstractProblemLoader Replaying proof mv1.key 
43559      DEBUG main            d.u.i.k.p.i.IntermediateProofReplayer Proof replay took 6.2ns 
43662      INFO  main            d.u.i.k.p.r.p.TestFile    ... finished proof: closed. 
43803      INFO  main            d.u.i.k.p.i.AbstractProblemLoader Loading environment from /home/runner/work/key/key/key.core/../key.ui/examples/standard_key/pred_log/mv1.key.proof 
43803      DEBUG main            d.u.i.k.p.i.AbstractProblemLoader Environment load took 105.7ns 
43809      INFO  main            d.u.i.k.p.i.AbstractProblemLoader Creating init config 
46147      DEBUG main            d.u.i.k.p.i.AbstractProblemLoader Init config took 2.34s 
46163      INFO  main            d.u.i.k.p.i.AbstractProblemLoader Replaying proof mv1.key.proof 
46165      DEBUG main            d.u.i.k.p.i.IntermediateProofReplayer Proof replay took 673.48ns 
46166      DEBUG main            d.u.i.k.p.r.p.TestFile    ... success: reloaded. 
46166      INFO  main            d.u.i.k.p.r.p.TestFile    Now processing file /home/runner/work/key/key/key.core/../key.ui/examples/standard_key/pred_log/mv2.key 
46167      INFO  main            d.u.i.k.p.i.AbstractProblemLoader Loading environment from /home/runner/work/key/key/key.core/../key.ui/examples/standard_key/pred_log/mv2.key 
46167      DEBUG main            d.u.i.k.p.i.AbstractProblemLoader Environment load took 152.6ns 
46168      INFO  main            d.u.i.k.p.i.AbstractProblemLoader Creating init config 
48507      DEBUG main            d.u.i.k.p.i.AbstractProblemLoader Init config took 2.34s 
48523      INFO  main            d.u.i.k.p.i.AbstractProblemLoader Replaying proof mv2.key 
48524      DEBUG main            d.u.i.k.p.i.IntermediateProofReplayer Proof replay took 5.6ns 
48625      INFO  main            d.u.i.k.p.r.p.TestFile    ... finished proof: closed. 
48837      INFO  main            d.u.i.k.p.i.AbstractProblemLoader Loading environment from /home/runner/work/key/key/key.core/../key.ui/examples/standard_key/pred_log/mv2.key.proof 
48837      DEBUG main            d.u.i.k.p.i.AbstractProblemLoader Environment load took 106.9ns 
48838      INFO  main            d.u.i.k.p.i.AbstractProblemLoader Creating init config 
51147      DEBUG main            d.u.i.k.p.i.AbstractProblemLoader Init config took 2.31s 
51162      INFO  main            d.u.i.k.p.i.AbstractProblemLoader Replaying proof mv2.key.proof 
51165      DEBUG main            d.u.i.k.p.i.IntermediateProofReplayer Proof replay took 1.35ms 
51165      DEBUG main            d.u.i.k.p.r.p.TestFile    ... success: reloaded. 
51166      INFO  main            d.u.i.k.p.r.p.TestFile    Now processing file /home/runner/work/key/key/key.core/../key.ui/examples/standard_key/pred_log/quantifiers.key 
51166      INFO  main            d.u.i.k.p.i.AbstractProblemLoader Loading environment from /home/runner/work/key/key/key.core/../key.ui/examples/standard_key/pred_log/quantifiers.key 
51166      DEBUG main            d.u.i.k.p.i.AbstractProblemLoader Environment load took 79.4ns 
51167      INFO  main            d.u.i.k.p.i.AbstractProblemLoader Creating init config 
53493      DEBUG main            d.u.i.k.p.i.AbstractProblemLoader Init config took 2.33s 
53508      INFO  main            d.u.i.k.p.i.AbstractProblemLoader Replaying proof quantifiers.key 
53509      DEBUG main            d.u.i.k.p.i.IntermediateProofReplayer Proof replay took 6.1ns 
53611      INFO  main            d.u.i.k.p.r.p.TestFile    ... finished proof: closed. 
53766      INFO  main            d.u.i.k.p.i.AbstractProblemLoader Loading environment from /home/runner/work/key/key/key.core/../key.ui/examples/standard_key/pred_log/quantifiers.key.proof 
53766      DEBUG main            d.u.i.k.p.i.AbstractProblemLoader Environment load took 107.6ns 
53767      INFO  main            d.u.i.k.p.i.AbstractProblemLoader Creating init config 
56086      DEBUG main            d.u.i.k.p.i.AbstractProblemLoader Init config took 2.32s 
56102      INFO  main            d.u.i.k.p.i.AbstractProblemLoader Replaying proof quantifiers.key.proof 
56106      DEBUG main            d.u.i.k.p.i.IntermediateProofReplayer Proof replay took 1.6ms 
56106      DEBUG main            d.u.i.k.p.r.p.TestFile    ... success: reloaded. 
56107      INFO  main            d.u.i.k.p.r.p.TestFile    Now processing file /home/runner/work/key/key/key.core/../key.ui/examples/standard_key/pred_log/simpleEps.key 
56107      INFO  main            d.u.i.k.p.i.AbstractProblemLoader Loading environment from /home/runner/work/key/key/key.core/../key.ui/examples/standard_key/pred_log/simpleEps.key 
56107      DEBUG main            d.u.i.k.p.i.AbstractProblemLoader Environment load took 102.5ns 
56108      INFO  main            d.u.i.k.p.i.AbstractProblemLoader Creating init config 
58426      DEBUG main            d.u.i.k.p.i.AbstractProblemLoader Init config took 2.32s 
58440      INFO  main            d.u.i.k.p.i.AbstractProblemLoader Replaying proof simpleEps.key 
58441      DEBUG main            d.u.i.k.p.i.IntermediateProofReplayer Proof replay took 6.4ns 
58550      INFO  main            d.u.i.k.p.r.p.TestFile    ... finished proof: closed. 
58716      INFO  main            d.u.i.k.p.i.AbstractProblemLoader Loading environment from /home/runner/work/key/key/key.core/../key.ui/examples/standard_key/pred_log/simpleEps.key.proof 
58717      DEBUG main            d.u.i.k.p.i.AbstractProblemLoader Environment load took 101.8ns 
58717      INFO  main            d.u.i.k.p.i.AbstractProblemLoader Creating init config 
61004      DEBUG main            d.u.i.k.p.i.AbstractProblemLoader Init config took 2.29s 
61019      INFO  main            d.u.i.k.p.i.AbstractProblemLoader Replaying proof simpleEps.key.proof 
61021      DEBUG main            d.u.i.k.p.i.IntermediateProofReplayer Proof replay took 927.57ns 
61022      DEBUG main            d.u.i.k.p.r.p.TestFile    ... success: reloaded. 
61022      INFO  main            d.u.i.k.p.r.p.TestFile    Now processing file /home/runner/work/key/key/key.core/../key.ui/examples/standard_key/pred_log/steam1.key 
61023      INFO  main            d.u.i.k.p.i.AbstractProblemLoader Loading environment from /home/runner/work/key/key/key.core/../key.ui/examples/standard_key/pred_log/steam1.key 
61023      DEBUG main            d.u.i.k.p.i.AbstractProblemLoader Environment load took 87.2ns 
61025      INFO  main            d.u.i.k.p.i.AbstractProblemLoader Creating init config 
63361      DEBUG main            d.u.i.k.p.i.AbstractProblemLoader Init config took 2.34s 
63383      INFO  main            d.u.i.k.p.i.AbstractProblemLoader Replaying proof steam1.key 
63384      DEBUG main            d.u.i.k.p.i.IntermediateProofReplayer Proof replay took 6.6ns 
63792      INFO  main            d.u.i.k.p.r.p.TestFile    ... finished proof: closed. 
63968      INFO  main            d.u.i.k.p.i.AbstractProblemLoader Loading environment from /home/runner/work/key/key/key.core/../key.ui/examples/standard_key/pred_log/steam1.key.proof 
63972      DEBUG main            d.u.i.k.p.i.AbstractProblemLoader Environment load took 4.13ms 
63974      INFO  main            d.u.i.k.p.i.AbstractProblemLoader Creating init config 
66246      DEBUG main            d.u.i.k.p.i.AbstractProblemLoader Init config took 2.27s 
66268      INFO  main            d.u.i.k.p.i.AbstractProblemLoader Replaying proof steam1.key.proof 
66306      DEBUG main            d.u.i.k.p.i.IntermediateProofReplayer Proof replay took 33.67ms 
66308      DEBUG main            d.u.i.k.p.r.p.TestFile    ... success: reloaded. 
66308      INFO  main            d.u.i.k.p.r.p.TestFile    Now processing file /home/runner/work/key/key/key.core/../key.ui/examples/standard_key/pred_log/tptp/PUZ/PUZ001p1.key 
66309      INFO  main            d.u.i.k.p.i.AbstractProblemLoader Loading environment from /home/runner/work/key/key/key.core/../key.ui/examples/standard_key/pred_log/tptp/PUZ/PUZ001p1.key 
66309      DEBUG main            d.u.i.k.p.i.AbstractProblemLoader Environment load took 157.69ns 
66310      INFO  main            d.u.i.k.p.i.AbstractProblemLoader Creating init config 
68646      DEBUG main            d.u.i.k.p.i.AbstractProblemLoader Init config took 2.34s 
68666      INFO  main            d.u.i.k.p.i.AbstractProblemLoader Replaying proof PUZ001p1.key 
68668      DEBUG main            d.u.i.k.p.i.IntermediateProofReplayer Proof replay took 5.5ns 
71417      INFO  main            d.u.i.k.p.r.p.TestFile    ... finished proof: closed. 
71628      INFO  main            d.u.i.k.p.i.AbstractProblemLoader Loading environment from /home/runner/work/key/key/key.core/../key.ui/examples/standard_key/pred_log/tptp/PUZ/PUZ001p1.key.proof 
71628      DEBUG main            d.u.i.k.p.i.AbstractProblemLoader Environment load took 166.6ns 
71630      INFO  main            d.u.i.k.p.i.AbstractProblemLoader Creating init config 
73947      DEBUG main            d.u.i.k.p.i.AbstractProblemLoader Init config took 2.32s 
73965      INFO  main            d.u.i.k.p.i.AbstractProblemLoader Replaying proof PUZ001p1.key.proof 
74106      DEBUG main            d.u.i.k.p.i.IntermediateProofReplayer Proof replay took 127.72ms 
74107      DEBUG main            d.u.i.k.p.r.p.TestFile    ... success: reloaded. 
74108      INFO  main            d.u.i.k.p.r.p.TestFile    Now processing file /home/runner/work/key/key/key.core/../key.ui/examples/standard_key/pred_log/tptp/PUZ/PUZ001p1-eq.key 
74108      INFO  main            d.u.i.k.p.i.AbstractProblemLoader Loading environment from /home/runner/work/key/key/key.core/../key.ui/examples/standard_key/pred_log/tptp/PUZ/PUZ001p1-eq.key 
74108      DEBUG main            d.u.i.k.p.i.AbstractProblemLoader Environment load took 82.2ns 
74109      INFO  main            d.u.i.k.p.i.AbstractProblemLoader Creating init config 
76428      DEBUG main            d.u.i.k.p.i.AbstractProblemLoader Init config took 2.32s 
76443      INFO  main            d.u.i.k.p.i.AbstractProblemLoader Replaying proof PUZ001p1-eq.key 
76444      DEBUG main            d.u.i.k.p.i.IntermediateProofReplayer Proof replay took 5.2ns 
76548      INFO  main            d.u.i.k.p.r.p.TestFile    ... finished proof: closed. 
76749      INFO  main            d.u.i.k.p.i.AbstractProblemLoader Loading environment from /home/runner/work/key/key/key.core/../key.ui/examples/standard_key/pred_log/tptp/PUZ/PUZ001p1-eq.key.proof 
76749      DEBUG main            d.u.i.k.p.i.AbstractProblemLoader Environment load took 109.7ns 
76750      INFO  main            d.u.i.k.p.i.AbstractProblemLoader Creating init config 
79036      DEBUG main            d.u.i.k.p.i.AbstractProblemLoader Init config took 2.29s 
79050      INFO  main            d.u.i.k.p.i.AbstractProblemLoader Replaying proof PUZ001p1-eq.key.proof 
79060      DEBUG main            d.u.i.k.p.i.IntermediateProofReplayer Proof replay took 7.56ms 
79061      DEBUG main            d.u.i.k.p.r.p.TestFile    ... success: reloaded. 
79062      INFO  main            d.u.i.k.p.r.p.TestFile    Now processing file /home/runner/work/key/key/key.core/../key.ui/examples/standard_key/pred_log/tptp/PUZ/PUZ031p1.key 
79062      INFO  main            d.u.i.k.p.i.AbstractProblemLoader Loading environment from /home/runner/work/key/key/key.core/../key.ui/examples/standard_key/pred_log/tptp/PUZ/PUZ031p1.key 
79062      DEBUG main            d.u.i.k.p.i.AbstractProblemLoader Environment load took 152.6ns 
79064      INFO  main            d.u.i.k.p.i.AbstractProblemLoader Creating init config 
81331      DEBUG main            d.u.i.k.p.i.AbstractProblemLoader Init config took 2.27s 
81346      INFO  main            d.u.i.k.p.i.AbstractProblemLoader Replaying proof PUZ031p1.key 
81347      DEBUG main            d.u.i.k.p.i.IntermediateProofReplayer Proof replay took 6.3ns 
89396      INFO  main            d.u.i.k.p.r.p.TestFile    ... finished proof: closed. 
89582      INFO  main            d.u.i.k.p.i.AbstractProblemLoader Loading environment from /home/runner/work/key/key/key.core/../key.ui/examples/standard_key/pred_log/tptp/PUZ/PUZ031p1.key.proof 
89589      DEBUG main            d.u.i.k.p.i.AbstractProblemLoader Environment load took 6.48ms 
89590      INFO  main            d.u.i.k.p.i.AbstractProblemLoader Creating init config 
91858      DEBUG main            d.u.i.k.p.i.AbstractProblemLoader Init config took 2.27s 
91873      INFO  main            d.u.i.k.p.i.AbstractProblemLoader Replaying proof PUZ031p1.key.proof 
91913      DEBUG main            d.u.i.k.p.i.IntermediateProofReplayer Proof replay took 34.65ms 
91914      DEBUG main            d.u.i.k.p.r.p.TestFile    ... success: reloaded. 
91915      INFO  main            d.u.i.k.p.r.p.TestFile    Now processing file /home/runner/work/key/key/key.core/../key.ui/examples/standard_key/pred_log/tptp/SET/SET027p3.key 
91915      INFO  main            d.u.i.k.p.i.AbstractProblemLoader Loading environment from /home/runner/work/key/key/key.core/../key.ui/examples/standard_key/pred_log/tptp/SET/SET027p3.key 
91915      DEBUG main            d.u.i.k.p.i.AbstractProblemLoader Environment load took 152.9ns 
91916      INFO  main            d.u.i.k.p.i.AbstractProblemLoader Creating init config 
94257      DEBUG main            d.u.i.k.p.i.AbstractProblemLoader Init config took 2.34s 
94275      INFO  main            d.u.i.k.p.i.AbstractProblemLoader Replaying proof SET027p3.key 
94276      DEBUG main            d.u.i.k.p.i.IntermediateProofReplayer Proof replay took 6.7ns 
94378      INFO  main            d.u.i.k.p.r.p.TestFile    ... finished proof: closed. 
94596      INFO  main            d.u.i.k.p.i.AbstractProblemLoader Loading environment from /home/runner/work/key/key/key.core/../key.ui/examples/standard_key/pred_log/tptp/SET/SET027p3.key.proof 
94596      DEBUG main            d.u.i.k.p.i.AbstractProblemLoader Environment load took 108.7ns 
94597      INFO  main            d.u.i.k.p.i.AbstractProblemLoader Creating init config 
96863      DEBUG main            d.u.i.k.p.i.AbstractProblemLoader Init config took 2.27s 
96876      INFO  main            d.u.i.k.p.i.AbstractProblemLoader Replaying proof SET027p3.key.proof 
96881      DEBUG main            d.u.i.k.p.i.IntermediateProofReplayer Proof replay took 2.87ms 
96882      DEBUG main            d.u.i.k.p.r.p.TestFile    ... success: reloaded. 
96883      INFO  main            d.u.i.k.p.r.p.TestFile    Now processing file /home/runner/work/key/key/key.core/../key.ui/examples/standard_key/pred_log/tptp/SET/SET043p1.key 
96883      INFO  main            d.u.i.k.p.i.AbstractProblemLoader Loading environment from /home/runner/work/key/key/key.core/../key.ui/examples/standard_key/pred_log/tptp/SET/SET043p1.key 
96883      DEBUG main            d.u.i.k.p.i.AbstractProblemLoader Environment load took 151.4ns 
96884      INFO  main            d.u.i.k.p.i.AbstractProblemLoader Creating init config 
99183      DEBUG main            d.u.i.k.p.i.AbstractProblemLoader Init config took 2.3s 
99196      INFO  main            d.u.i.k.p.i.AbstractProblemLoader Replaying proof SET043p1.key 
99197      DEBUG main            d.u.i.k.p.i.IntermediateProofReplayer Proof replay took 6.4ns 
99299      INFO  main            d.u.i.k.p.r.p.TestFile    ... finished proof: closed. 
99493      INFO  main            d.u.i.k.p.i.AbstractProblemLoader Loading environment from /home/runner/work/key/key/key.core/../key.ui/examples/standard_key/pred_log/tptp/SET/SET043p1.key.proof 
99493      DEBUG main            d.u.i.k.p.i.AbstractProblemLoader Environment load took 179.09ns 
99494      INFO  main            d.u.i.k.p.i.AbstractProblemLoader Creating init config 
101741     DEBUG main            d.u.i.k.p.i.AbstractProblemLoader Init config took 2.25s 
101755     INFO  main            d.u.i.k.p.i.AbstractProblemLoader Replaying proof SET043p1.key.proof 
101757     DEBUG main            d.u.i.k.p.i.IntermediateProofReplayer Proof replay took 1.02ms 
101758     DEBUG main            d.u.i.k.p.r.p.TestFile    ... success: reloaded. 
101758     INFO  main            d.u.i.k.p.r.p.TestFile    Now processing file /home/runner/work/key/key/key.core/../key.ui/examples/standard_key/pred_log/tptp/SET/SET045p1.key 
101758     INFO  main            d.u.i.k.p.i.AbstractProblemLoader Loading environment from /home/runner/work/key/key/key.core/../key.ui/examples/standard_key/pred_log/tptp/SET/SET045p1.key 
101758     DEBUG main            d.u.i.k.p.i.AbstractProblemLoader Environment load took 75.2ns 
101759     INFO  main            d.u.i.k.p.i.AbstractProblemLoader Creating init config 
104067     DEBUG main            d.u.i.k.p.i.AbstractProblemLoader Init config took 2.31s 
104080     INFO  main            d.u.i.k.p.i.AbstractProblemLoader Replaying proof SET045p1.key 
104081     DEBUG main            d.u.i.k.p.i.IntermediateProofReplayer Proof replay took 5.8ns 
104183     INFO  main            d.u.i.k.p.r.p.TestFile    ... finished proof: closed. 
104375     INFO  main            d.u.i.k.p.i.AbstractProblemLoader Loading environment from /home/runner/work/key/key/key.core/../key.ui/examples/standard_key/pred_log/tptp/SET/SET045p1.key.proof 
104375     DEBUG main            d.u.i.k.p.i.AbstractProblemLoader Environment load took 96.1ns 
104376     INFO  main            d.u.i.k.p.i.AbstractProblemLoader Creating init config 
106621     DEBUG main            d.u.i.k.p.i.AbstractProblemLoader Init config took 2.24s 
106635     INFO  main            d.u.i.k.p.i.AbstractProblemLoader Replaying proof SET045p1.key.proof 
106639     DEBUG main            d.u.i.k.p.i.IntermediateProofReplayer Proof replay took 2.08ms 
106639     DEBUG main            d.u.i.k.p.r.p.TestFile    ... success: reloaded. 
106640     INFO  main            d.u.i.k.p.r.p.TestFile    Now processing file /home/runner/work/key/key/key.core/../key.ui/examples/standard_key/pred_log/tptp/SET/SET062p3.key 
106640     INFO  main            d.u.i.k.p.i.AbstractProblemLoader Loading environment from /home/runner/work/key/key/key.core/../key.ui/examples/standard_key/pred_log/tptp/SET/SET062p3.key 
106641     DEBUG main            d.u.i.k.p.i.AbstractProblemLoader Environment load took 155.7ns 
106642     INFO  main            d.u.i.k.p.i.AbstractProblemLoader Creating init config 
108987     DEBUG main            d.u.i.k.p.i.AbstractProblemLoader Init config took 2.35s 
109001     INFO  main            d.u.i.k.p.i.AbstractProblemLoader Replaying proof SET062p3.key 
109002     DEBUG main            d.u.i.k.p.i.IntermediateProofReplayer Proof replay took 6ns 
109104     INFO  main            d.u.i.k.p.r.p.TestFile    ... finished proof: closed. 
109304     INFO  main            d.u.i.k.p.i.AbstractProblemLoader Loading environment from /home/runner/work/key/key/key.core/../key.ui/examples/standard_key/pred_log/tptp/SET/SET062p3.key.proof 
109304     DEBUG main            d.u.i.k.p.i.AbstractProblemLoader Environment load took 97.8ns 
109305     INFO  main            d.u.i.k.p.i.AbstractProblemLoader Creating init config 
111548     DEBUG main            d.u.i.k.p.i.AbstractProblemLoader Init config took 2.24s 
111562     INFO  main            d.u.i.k.p.i.AbstractProblemLoader Replaying proof SET062p3.key.proof 
111565     DEBUG main            d.u.i.k.p.i.IntermediateProofReplayer Proof replay took 1.98ms 
111566     DEBUG main            d.u.i.k.p.r.p.TestFile    ... success: reloaded. 
111567     INFO  main            d.u.i.k.p.r.p.TestFile    Now processing file /home/runner/work/key/key/key.core/../key.ui/examples/standard_key/pred_log/tptp/SET/SET063p3.key 
111567     INFO  main            d.u.i.k.p.i.AbstractProblemLoader Loading environment from /home/runner/work/key/key/key.core/../key.ui/examples/standard_key/pred_log/tptp/SET/SET063p3.key 
111567     DEBUG main            d.u.i.k.p.i.AbstractProblemLoader Environment load took 51.5ns 
111568     INFO  main            d.u.i.k.p.i.AbstractProblemLoader Creating init config 
113887     DEBUG main            d.u.i.k.p.i.AbstractProblemLoader Init config took 2.32s 
113900     INFO  main            d.u.i.k.p.i.AbstractProblemLoader Replaying proof SET063p3.key 
113901     DEBUG main            d.u.i.k.p.i.IntermediateProofReplayer Proof replay took 5.3ns 
114004     INFO  main            d.u.i.k.p.r.p.TestFile    ... finished proof: closed. 
114208     INFO  main            d.u.i.k.p.i.AbstractProblemLoader Loading environment from /home/runner/work/key/key/key.core/../key.ui/examples/standard_key/pred_log/tptp/SET/SET063p3.key.proof 
114208     DEBUG main            d.u.i.k.p.i.AbstractProblemLoader Environment load took 108.3ns 
114209     INFO  main            d.u.i.k.p.i.AbstractProblemLoader Creating init config 
116456     DEBUG main            d.u.i.k.p.i.AbstractProblemLoader Init config took 2.25s 
116469     INFO  main            d.u.i.k.p.i.AbstractProblemLoader Replaying proof SET063p3.key.proof 
116473     DEBUG main            d.u.i.k.p.i.IntermediateProofReplayer Proof replay took 2.42ms 
116474     DEBUG main            d.u.i.k.p.r.p.TestFile    ... success: reloaded. 
116475     INFO  main            d.u.i.k.p.r.p.TestFile    Now processing file /home/runner/work/key/key/key.core/../key.ui/examples/standard_key/pred_log/tptp/SYN/SYN036p2.key 
116475     INFO  main            d.u.i.k.p.i.AbstractProblemLoader Loading environment from /home/runner/work/key/key/key.core/../key.ui/examples/standard_key/pred_log/tptp/SYN/SYN036p2.key 
116475     DEBUG main            d.u.i.k.p.i.AbstractProblemLoader Environment load took 76.2ns 
116476     INFO  main            d.u.i.k.p.i.AbstractProblemLoader Creating init config 
118790     DEBUG main            d.u.i.k.p.i.AbstractProblemLoader Init config took 2.31s 
118804     INFO  main            d.u.i.k.p.i.AbstractProblemLoader Replaying proof SYN036p2.key 
118806     DEBUG main            d.u.i.k.p.i.IntermediateProofReplayer Proof replay took 5.8ns 
119010     INFO  main            d.u.i.k.p.r.p.TestFile    ... finished proof: closed. 
119242     INFO  main            d.u.i.k.p.i.AbstractProblemLoader Loading environment from /home/runner/work/key/key/key.core/../key.ui/examples/standard_key/pred_log/tptp/SYN/SYN036p2.key.proof 
119242     DEBUG main            d.u.i.k.p.i.AbstractProblemLoader Environment load took 445.99ns 
119243     INFO  main            d.u.i.k.p.i.AbstractProblemLoader Creating init config 
121482     DEBUG main            d.u.i.k.p.i.AbstractProblemLoader Init config took 2.24s 
121495     INFO  main            d.u.i.k.p.i.AbstractProblemLoader Replaying proof SYN036p2.key.proof 
121558     DEBUG main            d.u.i.k.p.i.IntermediateProofReplayer Proof replay took 50.72ms 
121559     DEBUG main            d.u.i.k.p.r.p.TestFile    ... success: reloaded. 
121560     INFO  main            d.u.i.k.p.r.p.TestFile    Now processing file /home/runner/work/key/key/key.core/../key.ui/examples/standard_key/pred_log/tptp/SYN/SYN550p1.key 
121560     INFO  main            d.u.i.k.p.i.AbstractProblemLoader Loading environment from /home/runner/work/key/key/key.core/../key.ui/examples/standard_key/pred_log/tptp/SYN/SYN550p1.key 
121560     DEBUG main            d.u.i.k.p.i.AbstractProblemLoader Environment load took 155ns 
121561     INFO  main            d.u.i.k.p.i.AbstractProblemLoader Creating init config 
123857     DEBUG main            d.u.i.k.p.i.AbstractProblemLoader Init config took 2.3s 
123870     INFO  main            d.u.i.k.p.i.AbstractProblemLoader Replaying proof SYN550p1.key 
123872     DEBUG main            d.u.i.k.p.i.IntermediateProofReplayer Proof replay took 5.9ns 
126599     INFO  main            d.u.i.k.p.r.p.TestFile    ... finished proof: closed. 
126827     INFO  main            d.u.i.k.p.i.AbstractProblemLoader Loading environment from /home/runner/work/key/key/key.core/../key.ui/examples/standard_key/pred_log/tptp/SYN/SYN550p1.key.proof 
126827     DEBUG main            d.u.i.k.p.i.AbstractProblemLoader Environment load took 152.5ns 
126828     INFO  main            d.u.i.k.p.i.AbstractProblemLoader Creating init config 
129076     DEBUG main            d.u.i.k.p.i.AbstractProblemLoader Init config took 2.25s 
129089     INFO  main            d.u.i.k.p.i.AbstractProblemLoader Replaying proof SYN550p1.key.proof 
129136     DEBUG main            d.u.i.k.p.i.IntermediateProofReplayer Proof replay took 40.28ms 
129137     DEBUG main            d.u.i.k.p.r.p.TestFile    ... success: reloaded. 
129137     INFO  main            d.u.i.k.p.r.p.TestFile    Now processing file /home/runner/work/key/key/key.core/../key.ui/examples/standard_key/prop_log/reallySimple.key 
129137     INFO  main            d.u.i.k.p.i.AbstractProblemLoader Loading environment from /home/runner/work/key/key/key.core/../key.ui/examples/standard_key/prop_log/reallySimple.key 
129138     DEBUG main            d.u.i.k.p.i.AbstractProblemLoader Environment load took 61.7ns 
129146     INFO  main            d.u.i.k.p.i.AbstractProblemLoader Creating init config 
131422     DEBUG main            d.u.i.k.p.i.AbstractProblemLoader Init config took 2.28s 
131452     INFO  main            d.u.i.k.p.i.AbstractProblemLoader Replaying proof reallySimple.key 
131453     DEBUG main            d.u.i.k.p.i.IntermediateProofReplayer Proof replay took 5.7ns 
131555     INFO  main            d.u.i.k.p.r.p.TestFile    ... finished proof: open goal(s) 
131795     INFO  main            d.u.i.k.p.r.p.TestFile    Now processing file /home/runner/work/key/key/key.core/../key.ui/examples/standard_key/pred_log/sameName1.key 
131795     INFO  main            d.u.i.k.p.i.AbstractProblemLoader Loading environment from /home/runner/work/key/key/key.core/../key.ui/examples/standard_key/pred_log/sameName1.key 
131796     DEBUG main            d.u.i.k.p.i.AbstractProblemLoader Environment load took 51.4ns 
131796     INFO  main            d.u.i.k.p.i.AbstractProblemLoader Creating init config 
134023     DEBUG main            d.u.i.k.p.i.AbstractProblemLoader Init config took 2.23s 
134036     INFO  main            d.u.i.k.p.i.AbstractProblemLoader Replaying proof sameName1.key 
134037     DEBUG main            d.u.i.k.p.i.IntermediateProofReplayer Proof replay took 5.9ns 
134139     INFO  main            d.u.i.k.p.r.p.TestFile    ... finished proof: open goal(s) 
134348     INFO  main            d.u.i.k.p.r.p.TestFile    Now processing file /home/runner/work/key/key/key.core/../key.ui/examples/standard_key/pred_log/jbyteIfEx.key 
134348     INFO  main            d.u.i.k.p.i.AbstractProblemLoader Loading environment from /home/runner/work/key/key/key.core/../key.ui/examples/standard_key/pred_log/jbyteIfEx.key 
134349     DEBUG main            d.u.i.k.p.i.AbstractProblemLoader Environment load took 62.3ns 
134349     INFO  main            d.u.i.k.p.i.AbstractProblemLoader Creating init config 
136606     DEBUG main            d.u.i.k.p.i.AbstractProblemLoader Init config took 2.26s 
136620     INFO  main            d.u.i.k.p.i.AbstractProblemLoader Replaying proof jbyteIfEx.key 
136621     DEBUG main            d.u.i.k.p.i.IntermediateProofReplayer Proof replay took 6.3ns 
136722     INFO  main            d.u.i.k.p.r.p.TestFile    ... finished proof: closed. 
136956     INFO  main            d.u.i.k.p.i.AbstractProblemLoader Loading environment from /home/runner/work/key/key/key.core/../key.ui/examples/standard_key/pred_log/jbyteIfEx.key.proof 
136957     DEBUG main            d.u.i.k.p.i.AbstractProblemLoader Environment load took 98.6ns 
136958     INFO  main            d.u.i.k.p.i.AbstractProblemLoader Creating init config 
139181     DEBUG main            d.u.i.k.p.i.AbstractProblemLoader Init config took 2.22s 
139194     INFO  main            d.u.i.k.p.i.AbstractProblemLoader Replaying proof jbyteIfEx.key.proof 
139198     DEBUG main            d.u.i.k.p.i.IntermediateProofReplayer Proof replay took 2.63ms 
139199     DEBUG main            d.u.i.k.p.r.p.TestFile    ... success: reloaded. 
139199     INFO  main            d.u.i.k.p.r.p.TestFile    Now processing file /home/runner/work/key/key/key.core/../key.ui/examples/standard_key/prop_log/allClausesLength4.key 
139199     INFO  main            d.u.i.k.p.i.AbstractProblemLoader Loading environment from /home/runner/work/key/key/key.core/../key.ui/examples/standard_key/prop_log/allClausesLength4.key 
139199     DEBUG main            d.u.i.k.p.i.AbstractProblemLoader Environment load took 72.8ns 
139200     INFO  main            d.u.i.k.p.i.AbstractProblemLoader Creating init config 
141501     DEBUG main            d.u.i.k.p.i.AbstractProblemLoader Init config took 2.3s 
141513     INFO  main            d.u.i.k.p.i.AbstractProblemLoader Replaying proof allClausesLength4.key 
141514     DEBUG main            d.u.i.k.p.i.IntermediateProofReplayer Proof replay took 6ns 
141616     INFO  main            d.u.i.k.p.r.p.TestFile    ... finished proof: closed. 
141838     INFO  main            d.u.i.k.p.i.AbstractProblemLoader Loading environment from /home/runner/work/key/key/key.core/../key.ui/examples/standard_key/prop_log/allClausesLength4.key.proof 
141838     DEBUG main            d.u.i.k.p.i.AbstractProblemLoader Environment load took 99.3ns 
141839     INFO  main            d.u.i.k.p.i.AbstractProblemLoader Creating init config 
144111     DEBUG main            d.u.i.k.p.i.AbstractProblemLoader Init config took 2.27s 
144124     INFO  main            d.u.i.k.p.i.AbstractProblemLoader Replaying proof allClausesLength4.key.proof 
144135     DEBUG main            d.u.i.k.p.i.IntermediateProofReplayer Proof replay took 8.45ms 
144135     DEBUG main            d.u.i.k.p.r.p.TestFile    ... success: reloaded. 
144136     INFO  main            d.u.i.k.p.r.p.TestFile    Now processing file /home/runner/work/key/key/key.core/../key.ui/examples/standard_key/prop_log/allClausesLength5.key 
144136     INFO  main            d.u.i.k.p.i.AbstractProblemLoader Loading environment from /home/runner/work/key/key/key.core/../key.ui/examples/standard_key/prop_log/allClausesLength5.key 
144137     DEBUG main            d.u.i.k.p.i.AbstractProblemLoader Environment load took 150.8ns 
144138     INFO  main            d.u.i.k.p.i.AbstractProblemLoader Creating init config 
146404     DEBUG main            d.u.i.k.p.i.AbstractProblemLoader Init config took 2.27s 
146418     INFO  main            d.u.i.k.p.i.AbstractProblemLoader Replaying proof allClausesLength5.key 
146419     DEBUG main            d.u.i.k.p.i.IntermediateProofReplayer Proof replay took 5.6ns 
146625     INFO  main            d.u.i.k.p.r.p.TestFile    ... finished proof: closed. 
146913     INFO  main            d.u.i.k.p.i.AbstractProblemLoader Loading environment from /home/runner/work/key/key/key.core/../key.ui/examples/standard_key/prop_log/allClausesLength5.key.proof 
146913     DEBUG main            d.u.i.k.p.i.AbstractProblemLoader Environment load took 86ns 
146914     INFO  main            d.u.i.k.p.i.AbstractProblemLoader Creating init config 
149141     DEBUG main            d.u.i.k.p.i.AbstractProblemLoader Init config took 2.23s 
149155     INFO  main            d.u.i.k.p.i.AbstractProblemLoader Replaying proof allClausesLength5.key.proof 
149191     DEBUG main            d.u.i.k.p.i.IntermediateProofReplayer Proof replay took 31.74ms 
149193     DEBUG main            d.u.i.k.p.r.p.TestFile    ... success: reloaded. 
149193     INFO  main            d.u.i.k.p.r.p.TestFile    Now processing file /home/runner/work/key/key/key.core/../key.ui/examples/standard_key/prop_log/doubleNeg.key 
149193     INFO  main            d.u.i.k.p.i.AbstractProblemLoader Loading environment from /home/runner/work/key/key/key.core/../key.ui/examples/standard_key/prop_log/doubleNeg.key 
149194     DEBUG main            d.u.i.k.p.i.AbstractProblemLoader Environment load took 162.1ns 
149195     INFO  main            d.u.i.k.p.i.AbstractProblemLoader Creating init config 
151470     DEBUG main            d.u.i.k.p.i.AbstractProblemLoader Init config took 2.28s 
151483     INFO  main            d.u.i.k.p.i.AbstractProblemLoader Replaying proof doubleNeg.key 
151484     DEBUG main            d.u.i.k.p.i.IntermediateProofReplayer Proof replay took 5.8ns 
151585     INFO  main            d.u.i.k.p.r.p.TestFile    ... finished proof: closed. 
151825     INFO  main            d.u.i.k.p.i.AbstractProblemLoader Loading environment from /home/runner/work/key/key/key.core/../key.ui/examples/standard_key/prop_log/doubleNeg.key.proof 
151825     DEBUG main            d.u.i.k.p.i.AbstractProblemLoader Environment load took 86.4ns 
151826     INFO  main            d.u.i.k.p.i.AbstractProblemLoader Creating init config 
154083     DEBUG main            d.u.i.k.p.i.AbstractProblemLoader Init config took 2.26s 
154097     INFO  main            d.u.i.k.p.i.AbstractProblemLoader Replaying proof doubleNeg.key.proof 
154099     DEBUG main            d.u.i.k.p.i.IntermediateProofReplayer Proof replay took 302.19ns 
154099     DEBUG main            d.u.i.k.p.r.p.TestFile    ... success: reloaded. 
154100     INFO  main            d.u.i.k.p.r.p.TestFile    Now processing file /home/runner/work/key/key/key.core/../key.ui/examples/standard_key/prop_log/liarsville.key 
154100     INFO  main            d.u.i.k.p.i.AbstractProblemLoader Loading environment from /home/runner/work/key/key/key.core/../key.ui/examples/standard_key/prop_log/liarsville.key 
154100     DEBUG main            d.u.i.k.p.i.AbstractProblemLoader Environment load took 68.7ns 
154101     INFO  main            d.u.i.k.p.i.AbstractProblemLoader Creating init config 
156369     DEBUG main            d.u.i.k.p.i.AbstractProblemLoader Init config took 2.27s 
156382     INFO  main            d.u.i.k.p.i.AbstractProblemLoader Replaying proof liarsville.key 
156383     DEBUG main            d.u.i.k.p.i.IntermediateProofReplayer Proof replay took 5.9ns 
156484     INFO  main            d.u.i.k.p.r.p.TestFile    ... finished proof: closed. 
156725     INFO  main            d.u.i.k.p.i.AbstractProblemLoader Loading environment from /home/runner/work/key/key/key.core/../key.ui/examples/standard_key/prop_log/liarsville.key.proof 
156725     DEBUG main            d.u.i.k.p.i.AbstractProblemLoader Environment load took 81.3ns 
156726     INFO  main            d.u.i.k.p.i.AbstractProblemLoader Creating init config 
158942     DEBUG main            d.u.i.k.p.i.AbstractProblemLoader Init config took 2.22s 
158964     INFO  main            d.u.i.k.p.i.AbstractProblemLoader Replaying proof liarsville.key.proof 
158966     DEBUG main            d.u.i.k.p.i.IntermediateProofReplayer Proof replay took 768.78ns 
158967     DEBUG main            d.u.i.k.p.r.p.TestFile    ... success: reloaded. 
158967     INFO  main            d.u.i.k.p.r.p.TestFile    Now processing file /home/runner/work/key/key/key.core/../key.ui/examples/standard_key/prop_log/simplest.key 
158968     INFO  main            d.u.i.k.p.i.AbstractProblemLoader Loading environment from /home/runner/work/key/key/key.core/../key.ui/examples/standard_key/prop_log/simplest.key 
158968     DEBUG main            d.u.i.k.p.i.AbstractProblemLoader Environment load took 139.7ns 
158969     INFO  main            d.u.i.k.p.i.AbstractProblemLoader Creating init config 
161234     DEBUG main            d.u.i.k.p.i.AbstractProblemLoader Init config took 2.27s 
161246     INFO  main            d.u.i.k.p.i.AbstractProblemLoader Replaying proof simplest.key 
161247     DEBUG main            d.u.i.k.p.i.IntermediateProofReplayer Proof replay took 5.2ns 
161351     INFO  main            d.u.i.k.p.r.p.TestFile    ... finished proof: closed. 
161593     INFO  main            d.u.i.k.p.i.AbstractProblemLoader Loading environment from /home/runner/work/key/key/key.core/../key.ui/examples/standard_key/prop_log/simplest.key.proof 
161593     DEBUG main            d.u.i.k.p.i.AbstractProblemLoader Environment load took 93.8ns 
161594     INFO  main            d.u.i.k.p.i.AbstractProblemLoader Creating init config 
163819     DEBUG main            d.u.i.k.p.i.AbstractProblemLoader Init config took 2.23s 
163831     INFO  main            d.u.i.k.p.i.AbstractProblemLoader Replaying proof simplest.key.proof 
163833     DEBUG main            d.u.i.k.p.i.IntermediateProofReplayer Proof replay took 90.4ns 
163833     DEBUG main            d.u.i.k.p.r.p.TestFile    ... success: reloaded. 
163833     INFO  main            d.u.i.k.p.r.p.TestFile    Now processing file /home/runner/work/key/key/key.core/../key.ui/examples/standard_key/prop_log/contraposition.key 
163834     INFO  main            d.u.i.k.p.i.AbstractProblemLoader Loading environment from /home/runner/work/key/key/key.core/../key.ui/examples/standard_key/prop_log/contraposition.key 
163834     DEBUG main            d.u.i.k.p.i.AbstractProblemLoader Environment load took 45.4ns 
163834     INFO  main            d.u.i.k.p.i.AbstractProblemLoader Creating init config 
166104     DEBUG main            d.u.i.k.p.i.AbstractProblemLoader Init config took 2.27s 
166116     INFO  main            d.u.i.k.p.i.AbstractProblemLoader Replaying proof contraposition.key 
166117     DEBUG main            d.u.i.k.p.i.IntermediateProofReplayer Proof replay took 6.7ns 
166218     INFO  main            d.u.i.k.p.r.p.TestFile    ... finished proof: closed. 
166464     INFO  main            d.u.i.k.p.i.AbstractProblemLoader Loading environment from /home/runner/work/key/key/key.core/../key.ui/examples/standard_key/prop_log/contraposition.key.proof 
166464     DEBUG main            d.u.i.k.p.i.AbstractProblemLoader Environment load took 87.6ns 
166465     INFO  main            d.u.i.k.p.i.AbstractProblemLoader Creating init config 
168692     DEBUG main            d.u.i.k.p.i.AbstractProblemLoader Init config took 2.23s 
168705     INFO  main            d.u.i.k.p.i.AbstractProblemLoader Replaying proof contraposition.key.proof 
168706     DEBUG main            d.u.i.k.p.i.IntermediateProofReplayer Proof replay took 322.3ns 
168707     DEBUG main            d.u.i.k.p.r.p.TestFile    ... success: reloaded. 
168707     INFO  main            d.u.i.k.p.r.p.TestFile    Now processing file /home/runner/work/key/key/key.core/../key.ui/examples/standard_key/quantifiers/elimination0.key 
168707     INFO  main            d.u.i.k.p.i.AbstractProblemLoader Loading environment from /home/runner/work/key/key/key.core/../key.ui/examples/standard_key/quantifiers/elimination0.key 
168707     DEBUG main            d.u.i.k.p.i.AbstractProblemLoader Environment load took 45.7ns 
168708     INFO  main            d.u.i.k.p.i.AbstractProblemLoader Creating init config 
170970     DEBUG main            d.u.i.k.p.i.AbstractProblemLoader Init config took 2.26s 
170983     INFO  main            d.u.i.k.p.i.AbstractProblemLoader Replaying proof elimination0.key 
170984     DEBUG main            d.u.i.k.p.i.IntermediateProofReplayer Proof replay took 6.4ns 
171086     INFO  main            d.u.i.k.p.r.p.TestFile    ... finished proof: closed. 
171338     INFO  main            d.u.i.k.p.i.AbstractProblemLoader Loading environment from /home/runner/work/key/key/key.core/../key.ui/examples/standard_key/quantifiers/elimination0.key.proof 
171338     DEBUG main            d.u.i.k.p.i.AbstractProblemLoader Environment load took 84.1ns 
171339     INFO  main            d.u.i.k.p.i.AbstractProblemLoader Creating init config 
173566     DEBUG main            d.u.i.k.p.i.AbstractProblemLoader Init config took 2.23s 
173578     INFO  main            d.u.i.k.p.i.AbstractProblemLoader Replaying proof elimination0.key.proof 
173581     DEBUG main            d.u.i.k.p.i.IntermediateProofReplayer Proof replay took 891.08ns 
173581     DEBUG main            d.u.i.k.p.r.p.TestFile    ... success: reloaded. 
173582     INFO  main            d.u.i.k.p.r.p.TestFile    Now processing file /home/runner/work/key/key/key.core/../key.ui/examples/standard_key/quantifiers/heuristic_PUZ001p1-eq.key 
173582     INFO  main            d.u.i.k.p.i.AbstractProblemLoader Loading environment from /home/runner/work/key/key/key.core/../key.ui/examples/standard_key/quantifiers/heuristic_PUZ001p1-eq.key 
173582     DEBUG main            d.u.i.k.p.i.AbstractProblemLoader Environment load took 68.8ns 
173583     INFO  main            d.u.i.k.p.i.AbstractProblemLoader Creating init config 
175874     DEBUG main            d.u.i.k.p.i.AbstractProblemLoader Init config took 2.29s 
175889     INFO  main            d.u.i.k.p.i.AbstractProblemLoader Replaying proof heuristic_PUZ001p1-eq.key 
175890     DEBUG main            d.u.i.k.p.i.IntermediateProofReplayer Proof replay took 6ns 
175992     INFO  main            d.u.i.k.p.r.p.TestFile    ... finished proof: closed. 
176272     INFO  main            d.u.i.k.p.i.AbstractProblemLoader Loading environment from /home/runner/work/key/key/key.core/../key.ui/examples/standard_key/quantifiers/heuristic_PUZ001p1-eq.key.proof 
176272     DEBUG main            d.u.i.k.p.i.AbstractProblemLoader Environment load took 87.3ns 
176274     INFO  main            d.u.i.k.p.i.AbstractProblemLoader Creating init config 
178593     DEBUG main            d.u.i.k.p.i.AbstractProblemLoader Init config took 2.32s 
178606     INFO  main            d.u.i.k.p.i.AbstractProblemLoader Replaying proof heuristic_PUZ001p1-eq.key.proof 
178613     DEBUG main            d.u.i.k.p.i.IntermediateProofReplayer Proof replay took 5.01ms 
178614     DEBUG main            d.u.i.k.p.r.p.TestFile    ... success: reloaded. 
178615     INFO  main            d.u.i.k.p.r.p.TestFile    Now processing file /home/runner/work/key/key/key.core/../key.ui/examples/standard_key/quantifiers/heuristic_PUZ001p1.key 
178615     INFO  main            d.u.i.k.p.i.AbstractProblemLoader Loading environment from /home/runner/work/key/key/key.core/../key.ui/examples/standard_key/quantifiers/heuristic_PUZ001p1.key 
178615     DEBUG main            d.u.i.k.p.i.AbstractProblemLoader Environment load took 68.9ns 
178617     INFO  main            d.u.i.k.p.i.AbstractProblemLoader Creating init config 
180889     DEBUG main            d.u.i.k.p.i.AbstractProblemLoader Init config took 2.27s 
180903     INFO  main            d.u.i.k.p.i.AbstractProblemLoader Replaying proof heuristic_PUZ001p1.key 
180904     DEBUG main            d.u.i.k.p.i.IntermediateProofReplayer Proof replay took 5.4ns 
182120     INFO  main            d.u.i.k.p.r.p.TestFile    ... finished proof: closed. 
182397     INFO  main            d.u.i.k.p.i.AbstractProblemLoader Loading environment from /home/runner/work/key/key/key.core/../key.ui/examples/standard_key/quantifiers/heuristic_PUZ001p1.key.proof 
182397     DEBUG main            d.u.i.k.p.i.AbstractProblemLoader Environment load took 323.49ns 
182399     INFO  main            d.u.i.k.p.i.AbstractProblemLoader Creating init config 
184625     DEBUG main            d.u.i.k.p.i.AbstractProblemLoader Init config took 2.23s 
184639     INFO  main            d.u.i.k.p.i.AbstractProblemLoader Replaying proof heuristic_PUZ001p1.key.proof 
184667     DEBUG main            d.u.i.k.p.i.IntermediateProofReplayer Proof replay took 24.28ms 
184669     DEBUG main            d.u.i.k.p.r.p.TestFile    ... success: reloaded. 
184669     INFO  main            d.u.i.k.p.r.p.TestFile    Now processing file /home/runner/work/key/key/key.core/../key.ui/examples/standard_key/quantifiers/heuristic_PUZ031p1.key 
184669     INFO  main            d.u.i.k.p.i.AbstractProblemLoader Loading environment from /home/runner/work/key/key/key.core/../key.ui/examples/standard_key/quantifiers/heuristic_PUZ031p1.key 
184670     DEBUG main            d.u.i.k.p.i.AbstractProblemLoader Environment load took 69.8ns 
184671     INFO  main            d.u.i.k.p.i.AbstractProblemLoader Creating init config 
186957     DEBUG main            d.u.i.k.p.i.AbstractProblemLoader Init config took 2.29s 
186971     INFO  main            d.u.i.k.p.i.AbstractProblemLoader Replaying proof heuristic_PUZ031p1.key 
186972     DEBUG main            d.u.i.k.p.i.IntermediateProofReplayer Proof replay took 5.5ns 
191587     INFO  main            d.u.i.k.p.r.p.TestFile    ... finished proof: closed. 
191889     INFO  main            d.u.i.k.p.i.AbstractProblemLoader Loading environment from /home/runner/work/key/key/key.core/../key.ui/examples/standard_key/quantifiers/heuristic_PUZ031p1.key.proof 
191889     DEBUG main            d.u.i.k.p.i.AbstractProblemLoader Environment load took 239.9ns 
191890     INFO  main            d.u.i.k.p.i.AbstractProblemLoader Creating init config 
194134     DEBUG main            d.u.i.k.p.i.AbstractProblemLoader Init config took 2.24s 
194148     INFO  main            d.u.i.k.p.i.AbstractProblemLoader Replaying proof heuristic_PUZ031p1.key.proof 
194179     DEBUG main            d.u.i.k.p.i.IntermediateProofReplayer Proof replay took 26.6ms 
194180     DEBUG main            d.u.i.k.p.r.p.TestFile    ... success: reloaded. 
194181     INFO  main            d.u.i.k.p.r.p.TestFile    Now processing file /home/runner/work/key/key/key.core/../key.ui/examples/standard_key/quantifiers/heuristic_SYN036p2.key 
194181     INFO  main            d.u.i.k.p.i.AbstractProblemLoader Loading environment from /home/runner/work/key/key/key.core/../key.ui/examples/standard_key/quantifiers/heuristic_SYN036p2.key 
194181     DEBUG main            d.u.i.k.p.i.AbstractProblemLoader Environment load took 58.4ns 
194182     INFO  main            d.u.i.k.p.i.AbstractProblemLoader Creating init config 
196433     DEBUG main            d.u.i.k.p.i.AbstractProblemLoader Init config took 2.25s 
196446     INFO  main            d.u.i.k.p.i.AbstractProblemLoader Replaying proof heuristic_SYN036p2.key 
196447     DEBUG main            d.u.i.k.p.i.IntermediateProofReplayer Proof replay took 6.6ns 
196651     INFO  main            d.u.i.k.p.r.p.TestFile    ... finished proof: closed. 
196941     INFO  main            d.u.i.k.p.i.AbstractProblemLoader Loading environment from /home/runner/work/key/key/key.core/../key.ui/examples/standard_key/quantifiers/heuristic_SYN036p2.key.proof 
196941     DEBUG main            d.u.i.k.p.i.AbstractProblemLoader Environment load took 296.09ns 
196942     INFO  main            d.u.i.k.p.i.AbstractProblemLoader Creating init config 
199165     DEBUG main            d.u.i.k.p.i.AbstractProblemLoader Init config took 2.22s 
199178     INFO  main            d.u.i.k.p.i.AbstractProblemLoader Replaying proof heuristic_SYN036p2.key.proof 
199220     DEBUG main            d.u.i.k.p.i.IntermediateProofReplayer Proof replay took 33.7ms 
199221     DEBUG main            d.u.i.k.p.r.p.TestFile    ... success: reloaded. 
199222     INFO  main            d.u.i.k.p.r.p.TestFile    Now processing file /home/runner/work/key/key/key.core/../key.ui/examples/standard_key/quantifiers/injectivity.key 
199222     INFO  main            d.u.i.k.p.i.AbstractProblemLoader Loading environment from /home/runner/work/key/key/key.core/../key.ui/examples/standard_key/quantifiers/injectivity.key 
199222     DEBUG main            d.u.i.k.p.i.AbstractProblemLoader Environment load took 169.4ns 
199223     INFO  main            d.u.i.k.p.i.AbstractProblemLoader Creating init config 
201485     DEBUG main            d.u.i.k.p.i.AbstractProblemLoader Init config took 2.26s 
201497     INFO  main            d.u.i.k.p.i.AbstractProblemLoader Replaying proof injectivity.key 
201499     DEBUG main            d.u.i.k.p.i.IntermediateProofReplayer Proof replay took 6.7ns 
201600     INFO  main            d.u.i.k.p.r.p.TestFile    ... finished proof: closed. 
201881     INFO  main            d.u.i.k.p.i.AbstractProblemLoader Loading environment from /home/runner/work/key/key/key.core/../key.ui/examples/standard_key/quantifiers/injectivity.key.proof 
201881     DEBUG main            d.u.i.k.p.i.AbstractProblemLoader Environment load took 75.9ns 
201882     INFO  main            d.u.i.k.p.i.AbstractProblemLoader Creating init config 
204114     DEBUG main            d.u.i.k.p.i.AbstractProblemLoader Init config took 2.23s 
204126     INFO  main            d.u.i.k.p.i.AbstractProblemLoader Replaying proof injectivity.key.proof 
204129     DEBUG main            d.u.i.k.p.i.IntermediateProofReplayer Proof replay took 1.05ms 
204129     DEBUG main            d.u.i.k.p.r.p.TestFile    ... success: reloaded. 
204130     INFO  main            d.u.i.k.p.r.p.TestFile    Now processing file /home/runner/work/key/key/key.core/../key.ui/examples/standard_key/quantifiers/normalisation0.key 
204130     INFO  main            d.u.i.k.p.i.AbstractProblemLoader Loading environment from /home/runner/work/key/key/key.core/../key.ui/examples/standard_key/quantifiers/normalisation0.key 
204130     DEBUG main            d.u.i.k.p.i.AbstractProblemLoader Environment load took 96.6ns 
204131     INFO  main            d.u.i.k.p.i.AbstractProblemLoader Creating init config 
206383     DEBUG main            d.u.i.k.p.i.AbstractProblemLoader Init config took 2.25s 
206396     INFO  main            d.u.i.k.p.i.AbstractProblemLoader Replaying proof normalisation0.key 
206397     DEBUG main            d.u.i.k.p.i.IntermediateProofReplayer Proof replay took 6.1ns 
206503     INFO  main            d.u.i.k.p.r.p.TestFile    ... finished proof: closed. 
206797     INFO  main            d.u.i.k.p.i.AbstractProblemLoader Loading environment from /home/runner/work/key/key/key.core/../key.ui/examples/standard_key/quantifiers/normalisation0.key.proof 
206797     DEBUG main            d.u.i.k.p.i.AbstractProblemLoader Environment load took 78.9ns 
206798     INFO  main            d.u.i.k.p.i.AbstractProblemLoader Creating init config 
209021     DEBUG main            d.u.i.k.p.i.AbstractProblemLoader Init config took 2.22s 
209034     INFO  main            d.u.i.k.p.i.AbstractProblemLoader Replaying proof normalisation0.key.proof 
209039     DEBUG main            d.u.i.k.p.i.IntermediateProofReplayer Proof replay took 4.04ms 
209041     DEBUG main            d.u.i.k.p.r.p.TestFile    ... success: reloaded. 
209042     INFO  main            d.u.i.k.p.r.p.TestFile    Now processing file /home/runner/work/key/key/key.core/../key.ui/examples/standard_key/quantifiers/normalisation1.key 
209042     INFO  main            d.u.i.k.p.i.AbstractProblemLoader Loading environment from /home/runner/work/key/key/key.core/../key.ui/examples/standard_key/quantifiers/normalisation1.key 
209042     DEBUG main            d.u.i.k.p.i.AbstractProblemLoader Environment load took 143.9ns 
209043     INFO  main            d.u.i.k.p.i.AbstractProblemLoader Creating init config 
211296     DEBUG main            d.u.i.k.p.i.AbstractProblemLoader Init config took 2.25s 
211311     INFO  main            d.u.i.k.p.i.AbstractProblemLoader Replaying proof normalisation1.key 
211312     DEBUG main            d.u.i.k.p.i.IntermediateProofReplayer Proof replay took 5.3ns 
211416     INFO  main            d.u.i.k.p.r.p.TestFile    ... finished proof: closed. 
211715     INFO  main            d.u.i.k.p.i.AbstractProblemLoader Loading environment from /home/runner/work/key/key/key.core/../key.ui/examples/standard_key/quantifiers/normalisation1.key.proof 
211715     DEBUG main            d.u.i.k.p.i.AbstractProblemLoader Environment load took 77.6ns 
211716     INFO  main            d.u.i.k.p.i.AbstractProblemLoader Creating init config 
213935     DEBUG main            d.u.i.k.p.i.AbstractProblemLoader Init config took 2.22s 
213949     INFO  main            d.u.i.k.p.i.AbstractProblemLoader Replaying proof normalisation1.key.proof 
213951     DEBUG main            d.u.i.k.p.i.IntermediateProofReplayer Proof replay took 820.38ns 
213951     DEBUG main            d.u.i.k.p.r.p.TestFile    ... success: reloaded. 
213952     INFO  main            d.u.i.k.p.r.p.TestFile    Now processing file /home/runner/work/key/key/key.core/../key.ui/examples/standard_key/quantifiers/normalisation2.key 
213952     INFO  main            d.u.i.k.p.i.AbstractProblemLoader Loading environment from /home/runner/work/key/key/key.core/../key.ui/examples/standard_key/quantifiers/normalisation2.key 
213952     DEBUG main            d.u.i.k.p.i.AbstractProblemLoader Environment load took 57.5ns 
213953     INFO  main            d.u.i.k.p.i.AbstractProblemLoader Creating init config 
216209     DEBUG main            d.u.i.k.p.i.AbstractProblemLoader Init config took 2.26s 
216221     INFO  main            d.u.i.k.p.i.AbstractProblemLoader Replaying proof normalisation2.key 
216224     DEBUG main            d.u.i.k.p.i.IntermediateProofReplayer Proof replay took 6.9ns 
216325     INFO  main            d.u.i.k.p.r.p.TestFile    ... finished proof: closed. 
216618     INFO  main            d.u.i.k.p.i.AbstractProblemLoader Loading environment from /home/runner/work/key/key/key.core/../key.ui/examples/standard_key/quantifiers/normalisation2.key.proof 
216618     DEBUG main            d.u.i.k.p.i.AbstractProblemLoader Environment load took 79.4ns 
216619     INFO  main            d.u.i.k.p.i.AbstractProblemLoader Creating init config 
218835     DEBUG main            d.u.i.k.p.i.AbstractProblemLoader Init config took 2.22s 
218848     INFO  main            d.u.i.k.p.i.AbstractProblemLoader Replaying proof normalisation2.key.proof 
218851     DEBUG main            d.u.i.k.p.i.IntermediateProofReplayer Proof replay took 2.12ms 
218852     DEBUG main            d.u.i.k.p.r.p.TestFile    ... success: reloaded. 
218853     INFO  main            d.u.i.k.p.r.p.TestFile    Now processing file /home/runner/work/key/key/key.core/../key.ui/examples/standard_key/quantifiers/normalisation3.key 
218853     INFO  main            d.u.i.k.p.i.AbstractProblemLoader Loading environment from /home/runner/work/key/key/key.core/../key.ui/examples/standard_key/quantifiers/normalisation3.key 
218853     DEBUG main            d.u.i.k.p.i.AbstractProblemLoader Environment load took 134.3ns 
218854     INFO  main            d.u.i.k.p.i.AbstractProblemLoader Creating init config 
221106     DEBUG main            d.u.i.k.p.i.AbstractProblemLoader Init config took 2.25s 
221119     INFO  main            d.u.i.k.p.i.AbstractProblemLoader Replaying proof normalisation3.key 
221120     DEBUG main            d.u.i.k.p.i.IntermediateProofReplayer Proof replay took 6.9ns 
221221     INFO  main            d.u.i.k.p.r.p.TestFile    ... finished proof: closed. 
221532     INFO  main            d.u.i.k.p.i.AbstractProblemLoader Loading environment from /home/runner/work/key/key/key.core/../key.ui/examples/standard_key/quantifiers/normalisation3.key.proof 
221532     DEBUG main            d.u.i.k.p.i.AbstractProblemLoader Environment load took 74.6ns 
221533     INFO  main            d.u.i.k.p.i.AbstractProblemLoader Creating init config 
223870     DEBUG main            d.u.i.k.p.i.AbstractProblemLoader Init config took 2.34s 
223884     INFO  main            d.u.i.k.p.i.AbstractProblemLoader Replaying proof normalisation3.key.proof 
223886     DEBUG main            d.u.i.k.p.i.IntermediateProofReplayer Proof replay took 1.15ms 
223887     DEBUG main            d.u.i.k.p.r.p.TestFile    ... success: reloaded. 
223888     INFO  main            d.u.i.k.p.r.p.TestFile    Now processing file /home/runner/work/key/key/key.core/../key.ui/examples/standard_key/quantifiers/normalisation4.key 
223888     INFO  main            d.u.i.k.p.i.AbstractProblemLoader Loading environment from /home/runner/work/key/key/key.core/../key.ui/examples/standard_key/quantifiers/normalisation4.key 
223888     DEBUG main            d.u.i.k.p.i.AbstractProblemLoader Environment load took 86.4ns 
223889     INFO  main            d.u.i.k.p.i.AbstractProblemLoader Creating init config 
226186     DEBUG main            d.u.i.k.p.i.AbstractProblemLoader Init config took 2.3s 
226198     INFO  main            d.u.i.k.p.i.AbstractProblemLoader Replaying proof normalisation4.key 
226200     DEBUG main            d.u.i.k.p.i.IntermediateProofReplayer Proof replay took 7.3ns 
226303     INFO  main            d.u.i.k.p.r.p.TestFile    ... finished proof: closed. 
226633     INFO  main            d.u.i.k.p.i.AbstractProblemLoader Loading environment from /home/runner/work/key/key/key.core/../key.ui/examples/standard_key/quantifiers/normalisation4.key.proof 
226633     DEBUG main            d.u.i.k.p.i.AbstractProblemLoader Environment load took 78.1ns 
226634     INFO  main            d.u.i.k.p.i.AbstractProblemLoader Creating init config 
228949     DEBUG main            d.u.i.k.p.i.AbstractProblemLoader Init config took 2.31s 
228961     INFO  main            d.u.i.k.p.i.AbstractProblemLoader Replaying proof normalisation4.key.proof 
228965     DEBUG main            d.u.i.k.p.i.IntermediateProofReplayer Proof replay took 1.95ms 
228965     DEBUG main            d.u.i.k.p.r.p.TestFile    ... success: reloaded. 
228966     INFO  main            d.u.i.k.p.r.p.TestFile    Now processing file /home/runner/work/key/key/key.core/../key.ui/examples/standard_key/quantifiers/normalisation5.key 
228966     INFO  main            d.u.i.k.p.i.AbstractProblemLoader Loading environment from /home/runner/work/key/key/key.core/../key.ui/examples/standard_key/quantifiers/normalisation5.key 
228966     DEBUG main            d.u.i.k.p.i.AbstractProblemLoader Environment load took 42ns 
228967     INFO  main            d.u.i.k.p.i.AbstractProblemLoader Creating init config 
231213     DEBUG main            d.u.i.k.p.i.AbstractProblemLoader Init config took 2.25s 
231226     INFO  main            d.u.i.k.p.i.AbstractProblemLoader Replaying proof normalisation5.key 
231227     DEBUG main            d.u.i.k.p.i.IntermediateProofReplayer Proof replay took 6.9ns 
231328     INFO  main            d.u.i.k.p.r.p.TestFile    ... finished proof: closed. 
231642     INFO  main            d.u.i.k.p.i.AbstractProblemLoader Loading environment from /home/runner/work/key/key/key.core/../key.ui/examples/standard_key/quantifiers/normalisation5.key.proof 
231642     DEBUG main            d.u.i.k.p.i.AbstractProblemLoader Environment load took 74.4ns 
231643     INFO  main            d.u.i.k.p.i.AbstractProblemLoader Creating init config 
233874     DEBUG main            d.u.i.k.p.i.AbstractProblemLoader Init config took 2.23s 
233887     INFO  main            d.u.i.k.p.i.AbstractProblemLoader Replaying proof normalisation5.key.proof 
233890     DEBUG main            d.u.i.k.p.i.IntermediateProofReplayer Proof replay took 1.21ms 
233890     DEBUG main            d.u.i.k.p.r.p.TestFile    ... success: reloaded. 
233891     INFO  main            d.u.i.k.p.r.p.TestFile    Now processing file /home/runner/work/key/key/key.core/../key.ui/examples/standard_key/quantifiers/normalisation6.key 
233891     INFO  main            d.u.i.k.p.i.AbstractProblemLoader Loading environment from /home/runner/work/key/key/key.core/../key.ui/examples/standard_key/quantifiers/normalisation6.key 
233891     DEBUG main            d.u.i.k.p.i.AbstractProblemLoader Environment load took 97.9ns 
233892     INFO  main            d.u.i.k.p.i.AbstractProblemLoader Creating init config 
236133     DEBUG main            d.u.i.k.p.i.AbstractProblemLoader Init config took 2.24s 
236145     INFO  main            d.u.i.k.p.i.AbstractProblemLoader Replaying proof normalisation6.key 
236147     DEBUG main            d.u.i.k.p.i.IntermediateProofReplayer Proof replay took 6ns 
236248     INFO  main            d.u.i.k.p.r.p.TestFile    ... finished proof: closed. 
236565     INFO  main            d.u.i.k.p.i.AbstractProblemLoader Loading environment from /home/runner/work/key/key/key.core/../key.ui/examples/standard_key/quantifiers/normalisation6.key.proof 
236565     DEBUG main            d.u.i.k.p.i.AbstractProblemLoader Environment load took 70.2ns 
236566     INFO  main            d.u.i.k.p.i.AbstractProblemLoader Creating init config 
238783     DEBUG main            d.u.i.k.p.i.AbstractProblemLoader Init config took 2.22s 
238795     INFO  main            d.u.i.k.p.i.AbstractProblemLoader Replaying proof normalisation6.key.proof 
238798     DEBUG main            d.u.i.k.p.i.IntermediateProofReplayer Proof replay took 1.02ms 
238799     DEBUG main            d.u.i.k.p.r.p.TestFile    ... success: reloaded. 
238799     INFO  main            d.u.i.k.p.r.p.TestFile    Now processing file /home/runner/work/key/key/key.core/../key.ui/examples/standard_key/quantifiers/normalisation7.key 
238799     INFO  main            d.u.i.k.p.i.AbstractProblemLoader Loading environment from /home/runner/work/key/key/key.core/../key.ui/examples/standard_key/quantifiers/normalisation7.key 
238799     DEBUG main            d.u.i.k.p.i.AbstractProblemLoader Environment load took 63.5ns 
238800     INFO  main            d.u.i.k.p.i.AbstractProblemLoader Creating init config 
241062     DEBUG main            d.u.i.k.p.i.AbstractProblemLoader Init config took 2.26s 
241076     INFO  main            d.u.i.k.p.i.AbstractProblemLoader Replaying proof normalisation7.key 
241077     DEBUG main            d.u.i.k.p.i.IntermediateProofReplayer Proof replay took 6.4ns 
241178     INFO  main            d.u.i.k.p.r.p.TestFile    ... finished proof: closed. 
241504     INFO  main            d.u.i.k.p.i.AbstractProblemLoader Loading environment from /home/runner/work/key/key/key.core/../key.ui/examples/standard_key/quantifiers/normalisation7.key.proof 
241504     DEBUG main            d.u.i.k.p.i.AbstractProblemLoader Environment load took 85.1ns 
241505     INFO  main            d.u.i.k.p.i.AbstractProblemLoader Creating init config 
243738     DEBUG main            d.u.i.k.p.i.AbstractProblemLoader Init config took 2.23s 
243751     INFO  main            d.u.i.k.p.i.AbstractProblemLoader Replaying proof normalisation7.key.proof 
243753     DEBUG main            d.u.i.k.p.i.IntermediateProofReplayer Proof replay took 1.14ms 
243754     DEBUG main            d.u.i.k.p.r.p.TestFile    ... success: reloaded. 
243754     INFO  main            d.u.i.k.p.r.p.TestFile    Now processing file /home/runner/work/key/key/key.core/../key.ui/examples/standard_key/quantifiers/normalisation8.key 
243755     INFO  main            d.u.i.k.p.i.AbstractProblemLoader Loading environment from /home/runner/work/key/key/key.core/../key.ui/examples/standard_key/quantifiers/normalisation8.key 
243755     DEBUG main            d.u.i.k.p.i.AbstractProblemLoader Environment load took 43.1ns 
243755     INFO  main            d.u.i.k.p.i.AbstractProblemLoader Creating init config 
246002     DEBUG main            d.u.i.k.p.i.AbstractProblemLoader Init config took 2.25s 
246032     INFO  main            d.u.i.k.p.i.AbstractProblemLoader Replaying proof normalisation8.key 
246034     DEBUG main            d.u.i.k.p.i.IntermediateProofReplayer Proof replay took 6.3ns 
246135     INFO  main            d.u.i.k.p.r.p.TestFile    ... finished proof: closed. 
246461     INFO  main            d.u.i.k.p.i.AbstractProblemLoader Loading environment from /home/runner/work/key/key/key.core/../key.ui/examples/standard_key/quantifiers/normalisation8.key.proof 
246461     DEBUG main            d.u.i.k.p.i.AbstractProblemLoader Environment load took 67.5ns 
246462     INFO  main            d.u.i.k.p.i.AbstractProblemLoader Creating init config 
248673     DEBUG main            d.u.i.k.p.i.AbstractProblemLoader Init config took 2.21s 
248686     INFO  main            d.u.i.k.p.i.AbstractProblemLoader Replaying proof normalisation8.key.proof 
248690     DEBUG main            d.u.i.k.p.i.IntermediateProofReplayer Proof replay took 2.22ms 
248690     DEBUG main            d.u.i.k.p.r.p.TestFile    ... success: reloaded. 
248691     INFO  main            d.u.i.k.p.r.p.TestFile    Now processing file /home/runner/work/key/key/key.core/../key.ui/examples/standard_key/quantifiers/normalisation9.key 
248691     INFO  main            d.u.i.k.p.i.AbstractProblemLoader Loading environment from /home/runner/work/key/key/key.core/../key.ui/examples/standard_key/quantifiers/normalisation9.key 
248691     DEBUG main            d.u.i.k.p.i.AbstractProblemLoader Environment load took 41ns 
248692     INFO  main            d.u.i.k.p.i.AbstractProblemLoader Creating init config 
250944     DEBUG main            d.u.i.k.p.i.AbstractProblemLoader Init config took 2.25s 
250957     INFO  main            d.u.i.k.p.i.AbstractProblemLoader Replaying proof normalisation9.key 
250958     DEBUG main            d.u.i.k.p.i.IntermediateProofReplayer Proof replay took 6.2ns 
251059     INFO  main            d.u.i.k.p.r.p.TestFile    ... finished proof: closed. 
251387     INFO  main            d.u.i.k.p.i.AbstractProblemLoader Loading environment from /home/runner/work/key/key/key.core/../key.ui/examples/standard_key/quantifiers/normalisation9.key.proof 
251388     DEBUG main            d.u.i.k.p.i.AbstractProblemLoader Environment load took 77.6ns 
251388     INFO  main            d.u.i.k.p.i.AbstractProblemLoader Creating init config 
253605     DEBUG main            d.u.i.k.p.i.AbstractProblemLoader Init config took 2.22s 
253622     INFO  main            d.u.i.k.p.i.AbstractProblemLoader Replaying proof normalisation9.key.proof 
253626     DEBUG main            d.u.i.k.p.i.IntermediateProofReplayer Proof replay took 2.26ms 
253627     DEBUG main            d.u.i.k.p.r.p.TestFile    ... success: reloaded. 
253627     INFO  main            d.u.i.k.p.r.p.TestFile    Now processing file /home/runner/work/key/key/key.core/../key.ui/examples/standard_key/quantifiers/normalisation10.key 
253628     INFO  main            d.u.i.k.p.i.AbstractProblemLoader Loading environment from /home/runner/work/key/key/key.core/../key.ui/examples/standard_key/quantifiers/normalisation10.key 
253628     DEBUG main            d.u.i.k.p.i.AbstractProblemLoader Environment load took 131.9ns 
253629     INFO  main            d.u.i.k.p.i.AbstractProblemLoader Creating init config 
255897     DEBUG main            d.u.i.k.p.i.AbstractProblemLoader Init config took 2.27s 
255910     INFO  main            d.u.i.k.p.i.AbstractProblemLoader Replaying proof normalisation10.key 
255911     DEBUG main            d.u.i.k.p.i.IntermediateProofReplayer Proof replay took 5.6ns 
256013     INFO  main            d.u.i.k.p.r.p.TestFile    ... finished proof: closed. 
256349     INFO  main            d.u.i.k.p.i.AbstractProblemLoader Loading environment from /home/runner/work/key/key/key.core/../key.ui/examples/standard_key/quantifiers/normalisation10.key.proof 
256349     DEBUG main            d.u.i.k.p.i.AbstractProblemLoader Environment load took 74.4ns 
256350     INFO  main            d.u.i.k.p.i.AbstractProblemLoader Creating init config 
258567     DEBUG main            d.u.i.k.p.i.AbstractProblemLoader Init config took 2.22s 
258579     INFO  main            d.u.i.k.p.i.AbstractProblemLoader Replaying proof normalisation10.key.proof 
258583     DEBUG main            d.u.i.k.p.i.IntermediateProofReplayer Proof replay took 2.6ms 
258584     DEBUG main            d.u.i.k.p.r.p.TestFile    ... success: reloaded. 
258585     INFO  main            d.u.i.k.p.r.p.TestFile    Now processing file /home/runner/work/key/key/key.core/../key.ui/examples/standard_key/quantifiers/normalisation12.key 
258585     INFO  main            d.u.i.k.p.i.AbstractProblemLoader Loading environment from /home/runner/work/key/key/key.core/../key.ui/examples/standard_key/quantifiers/normalisation12.key 
258585     DEBUG main            d.u.i.k.p.i.AbstractProblemLoader Environment load took 50.1ns 
258586     INFO  main            d.u.i.k.p.i.AbstractProblemLoader Creating init config 
260851     DEBUG main            d.u.i.k.p.i.AbstractProblemLoader Init config took 2.27s 
260865     INFO  main            d.u.i.k.p.i.AbstractProblemLoader Replaying proof normalisation12.key 
260866     DEBUG main            d.u.i.k.p.i.IntermediateProofReplayer Proof replay took 6.6ns 
260968     INFO  main            d.u.i.k.p.r.p.TestFile    ... finished proof: closed. 
261310     INFO  main            d.u.i.k.p.i.AbstractProblemLoader Loading environment from /home/runner/work/key/key/key.core/../key.ui/examples/standard_key/quantifiers/normalisation12.key.proof 
261310     DEBUG main            d.u.i.k.p.i.AbstractProblemLoader Environment load took 70.9ns 
261311     INFO  main            d.u.i.k.p.i.AbstractProblemLoader Creating init config 
263537     DEBUG main            d.u.i.k.p.i.AbstractProblemLoader Init config took 2.23s 
263550     INFO  main            d.u.i.k.p.i.AbstractProblemLoader Replaying proof normalisation12.key.proof 
263554     DEBUG main            d.u.i.k.p.i.IntermediateProofReplayer Proof replay took 712.59ns 
263555     DEBUG main            d.u.i.k.p.r.p.TestFile    ... success: reloaded. 
263556     INFO  main            d.u.i.k.p.r.p.TestFile    Now processing file /home/runner/work/key/key/key.core/../key.ui/examples/standard_key/quantifiers/normalisation13.key 
263556     INFO  main            d.u.i.k.p.i.AbstractProblemLoader Loading environment from /home/runner/work/key/key/key.core/../key.ui/examples/standard_key/quantifiers/normalisation13.key 
263556     DEBUG main            d.u.i.k.p.i.AbstractProblemLoader Environment load took 48.5ns 
263557     INFO  main            d.u.i.k.p.i.AbstractProblemLoader Creating init config 
265815     DEBUG main            d.u.i.k.p.i.AbstractProblemLoader Init config took 2.26s 
265827     INFO  main            d.u.i.k.p.i.AbstractProblemLoader Replaying proof normalisation13.key 
265829     DEBUG main            d.u.i.k.p.i.IntermediateProofReplayer Proof replay took 6.5ns 
265930     INFO  main            d.u.i.k.p.r.p.TestFile    ... finished proof: closed. 
266282     INFO  main            d.u.i.k.p.i.AbstractProblemLoader Loading environment from /home/runner/work/key/key/key.core/../key.ui/examples/standard_key/quantifiers/normalisation13.key.proof 
266282     DEBUG main            d.u.i.k.p.i.AbstractProblemLoader Environment load took 72.3ns 
266283     INFO  main            d.u.i.k.p.i.AbstractProblemLoader Creating init config 
268526     DEBUG main            d.u.i.k.p.i.AbstractProblemLoader Init config took 2.24s 
268538     INFO  main            d.u.i.k.p.i.AbstractProblemLoader Replaying proof normalisation13.key.proof 
268540     DEBUG main            d.u.i.k.p.i.IntermediateProofReplayer Proof replay took 428.89ns 
268541     DEBUG main            d.u.i.k.p.r.p.TestFile    ... success: reloaded. 
268541     INFO  main            d.u.i.k.p.r.p.TestFile    Now processing file /home/runner/work/key/key/key.core/../key.ui/examples/standard_key/quantifiers/triggers0.key 
268541     INFO  main            d.u.i.k.p.i.AbstractProblemLoader Loading environment from /home/runner/work/key/key/key.core/../key.ui/examples/standard_key/quantifiers/triggers0.key 
268542     DEBUG main            d.u.i.k.p.i.AbstractProblemLoader Environment load took 50.8ns 
268542     INFO  main            d.u.i.k.p.i.AbstractProblemLoader Creating init config 
270810     DEBUG main            d.u.i.k.p.i.AbstractProblemLoader Init config took 2.27s 
270822     INFO  main            d.u.i.k.p.i.AbstractProblemLoader Replaying proof triggers0.key 
270824     DEBUG main            d.u.i.k.p.i.IntermediateProofReplayer Proof replay took 6ns 
270925     INFO  main            d.u.i.k.p.r.p.TestFile    ... finished proof: closed. 
271278     INFO  main            d.u.i.k.p.i.AbstractProblemLoader Loading environment from /home/runner/work/key/key/key.core/../key.ui/examples/standard_key/quantifiers/triggers0.key.proof 
271278     DEBUG main            d.u.i.k.p.i.AbstractProblemLoader Environment load took 72.8ns 
271279     INFO  main            d.u.i.k.p.i.AbstractProblemLoader Creating init config 
273490     DEBUG main            d.u.i.k.p.i.AbstractProblemLoader Init config took 2.21s 
273502     INFO  main            d.u.i.k.p.i.AbstractProblemLoader Replaying proof triggers0.key.proof 
273504     DEBUG main            d.u.i.k.p.i.IntermediateProofReplayer Proof replay took 787.39ns 
273505     DEBUG main            d.u.i.k.p.r.p.TestFile    ... success: reloaded. 
3624269    INFO  Test worker     d.u.i.k.p.r.RunAllProofsTestUnit Returning from test FOL 
3624270    INFO  Test worker     d.u.i.k.p.r.RunAllProofsTestUnit Running test strings 
336        INFO  Timeout watchdog d.u.i.k.p.r.p.ForkedTestFileRunner Timeout watcher launched (2000 secs.) 
339        WARN  main            d.u.i.k.s.ProofSettings   The settings in /home/runner/.key/proof-settings.props are *not* read. 
364        INFO  main            d.u.i.k.p.r.p.TestFile    Now processing file /home/runner/work/key/key/key.core/../key.ui/examples/standard_key/strings/charAt0.key 
504        INFO  main            d.u.i.k.p.i.AbstractProblemLoader Loading environment from /home/runner/work/key/key/key.core/../key.ui/examples/standard_key/strings/charAt0.key 
521        DEBUG main            d.u.i.k.p.i.AbstractProblemLoader Environment load took 2.07ms 
746        INFO  main            d.u.i.k.p.i.AbstractProblemLoader Creating init config 
1606       DEBUG main            d.u.i.k.j.TypeConverter   No LDT found for Meta 
1607       DEBUG main            d.u.i.k.j.TypeConverter   No LDT found for Meta 
1608       DEBUG main            d.u.i.k.j.TypeConverter   No LDT found for Meta 
1608       DEBUG main            d.u.i.k.j.TypeConverter   No LDT found for Meta 
2902       DEBUG main            d.u.i.k.j.TypeConverter   No LDT found for JavaBigintExpression 
7557       DEBUG main            d.u.i.k.p.i.AbstractProblemLoader Init config took 6.81s 
7613       INFO  main            d.u.i.k.p.i.AbstractProblemLoader Replaying proof charAt0.key 
7642       DEBUG main            d.u.i.k.p.i.IntermediateProofReplayer Proof replay took 32ns 
8017       INFO  main            d.u.i.k.p.r.p.TestFile    ... finished proof: closed. 
8108       INFO  main            d.u.i.k.p.i.AbstractProblemLoader Loading environment from /home/runner/work/key/key/key.core/../key.ui/examples/standard_key/strings/charAt0.key.proof 
8108       DEBUG main            d.u.i.k.p.i.AbstractProblemLoader Environment load took 140.6ns 
8113       INFO  main            d.u.i.k.p.i.AbstractProblemLoader Creating init config 
10756      DEBUG main            d.u.i.k.p.i.AbstractProblemLoader Init config took 2.64s 
10785      INFO  main            d.u.i.k.p.i.AbstractProblemLoader Replaying proof charAt0.key.proof 
10802      DEBUG main            d.u.i.k.p.i.IntermediateProofReplayer Proof replay took 12.5ms 
10814      DEBUG main            d.u.i.k.p.r.p.TestFile    ... success: reloaded. 
10815      INFO  main            d.u.i.k.p.r.p.TestFile    Now processing file /home/runner/work/key/key/key.core/../key.ui/examples/standard_key/strings/charAt1.key 
10815      INFO  main            d.u.i.k.p.i.AbstractProblemLoader Loading environment from /home/runner/work/key/key/key.core/../key.ui/examples/standard_key/strings/charAt1.key 
10815      DEBUG main            d.u.i.k.p.i.AbstractProblemLoader Environment load took 188.5ns 
10817      INFO  main            d.u.i.k.p.i.AbstractProblemLoader Creating init config 
13293      DEBUG main            d.u.i.k.p.i.AbstractProblemLoader Init config took 2.48s 
13322      INFO  main            d.u.i.k.p.i.AbstractProblemLoader Replaying proof charAt1.key 
13324      DEBUG main            d.u.i.k.p.i.IntermediateProofReplayer Proof replay took 6.4ns 
13529      INFO  main            d.u.i.k.p.r.p.TestFile    ... finished proof: closed. 
13656      INFO  main            d.u.i.k.p.i.AbstractProblemLoader Loading environment from /home/runner/work/key/key/key.core/../key.ui/examples/standard_key/strings/charAt1.key.proof 
13657      DEBUG main            d.u.i.k.p.i.AbstractProblemLoader Environment load took 824.09ns 
13660      INFO  main            d.u.i.k.p.i.AbstractProblemLoader Creating init config 
16136      DEBUG main            d.u.i.k.p.i.AbstractProblemLoader Init config took 2.48s 
16158      INFO  main            d.u.i.k.p.i.AbstractProblemLoader Replaying proof charAt1.key.proof 
16171      DEBUG main            d.u.i.k.p.i.IntermediateProofReplayer Proof replay took 9.79ms 
16172      DEBUG main            d.u.i.k.p.r.p.TestFile    ... success: reloaded. 
16172      INFO  main            d.u.i.k.p.r.p.TestFile    Now processing file /home/runner/work/key/key/key.core/../key.ui/examples/standard_key/strings/concat1.key 
16173      INFO  main            d.u.i.k.p.i.AbstractProblemLoader Loading environment from /home/runner/work/key/key/key.core/../key.ui/examples/standard_key/strings/concat1.key 
16173      DEBUG main            d.u.i.k.p.i.AbstractProblemLoader Environment load took 162.1ns 
16174      INFO  main            d.u.i.k.p.i.AbstractProblemLoader Creating init config 
18620      DEBUG main            d.u.i.k.p.i.AbstractProblemLoader Init config took 2.45s 
18653      INFO  main            d.u.i.k.p.i.AbstractProblemLoader Replaying proof concat1.key 
18661      DEBUG main            d.u.i.k.p.i.IntermediateProofReplayer Proof replay took 6ns 
18764      INFO  main            d.u.i.k.p.r.p.TestFile    ... finished proof: closed. 
18896      INFO  main            d.u.i.k.p.i.AbstractProblemLoader Loading environment from /home/runner/work/key/key/key.core/../key.ui/examples/standard_key/strings/concat1.key.proof 
18896      DEBUG main            d.u.i.k.p.i.AbstractProblemLoader Environment load took 109.9ns 
18898      INFO  main            d.u.i.k.p.i.AbstractProblemLoader Creating init config 
21277      DEBUG main            d.u.i.k.p.i.AbstractProblemLoader Init config took 2.38s 
21303      INFO  main            d.u.i.k.p.i.AbstractProblemLoader Replaying proof concat1.key.proof 
21306      DEBUG main            d.u.i.k.p.i.IntermediateProofReplayer Proof replay took 1.15ms 
21307      DEBUG main            d.u.i.k.p.r.p.TestFile    ... success: reloaded. 
21308      INFO  main            d.u.i.k.p.r.p.TestFile    Now processing file /home/runner/work/key/key/key.core/../key.ui/examples/standard_key/strings/concat2.key 
21308      INFO  main            d.u.i.k.p.i.AbstractProblemLoader Loading environment from /home/runner/work/key/key/key.core/../key.ui/examples/standard_key/strings/concat2.key 
21309      DEBUG main            d.u.i.k.p.i.AbstractProblemLoader Environment load took 155.8ns 
21310      INFO  main            d.u.i.k.p.i.AbstractProblemLoader Creating init config 
23768      DEBUG main            d.u.i.k.p.i.AbstractProblemLoader Init config took 2.46s 
23788      INFO  main            d.u.i.k.p.i.AbstractProblemLoader Replaying proof concat2.key 
23791      DEBUG main            d.u.i.k.p.i.IntermediateProofReplayer Proof replay took 4.8ns 
23894      INFO  main            d.u.i.k.p.r.p.TestFile    ... finished proof: closed. 
24021      INFO  main            d.u.i.k.p.i.AbstractProblemLoader Loading environment from /home/runner/work/key/key/key.core/../key.ui/examples/standard_key/strings/concat2.key.proof 
24021      DEBUG main            d.u.i.k.p.i.AbstractProblemLoader Environment load took 106.3ns 
24022      INFO  main            d.u.i.k.p.i.AbstractProblemLoader Creating init config 
26448      DEBUG main            d.u.i.k.p.i.AbstractProblemLoader Init config took 2.43s 
26473      INFO  main            d.u.i.k.p.i.AbstractProblemLoader Replaying proof concat2.key.proof 
26498      DEBUG main            d.u.i.k.p.i.IntermediateProofReplayer Proof replay took 19.18ms 
26501      DEBUG main            d.u.i.k.p.r.p.TestFile    ... success: reloaded. 
26502      INFO  main            d.u.i.k.p.r.p.TestFile    Now processing file /home/runner/work/key/key/key.core/../key.ui/examples/standard_key/strings/deriveLength1.key 
26503      INFO  main            d.u.i.k.p.i.AbstractProblemLoader Loading environment from /home/runner/work/key/key/key.core/../key.ui/examples/standard_key/strings/deriveLength1.key 
26503      DEBUG main            d.u.i.k.p.i.AbstractProblemLoader Environment load took 190.1ns 
26504      INFO  main            d.u.i.k.p.i.AbstractProblemLoader Creating init config 
28879      DEBUG main            d.u.i.k.p.i.AbstractProblemLoader Init config took 2.37s 
28901      INFO  main            d.u.i.k.p.i.AbstractProblemLoader Replaying proof deriveLength1.key 
28904      DEBUG main            d.u.i.k.p.i.IntermediateProofReplayer Proof replay took 6.1ns 
29006      INFO  main            d.u.i.k.p.r.p.TestFile    ... finished proof: closed. 
29187      INFO  main            d.u.i.k.p.i.AbstractProblemLoader Loading environment from /home/runner/work/key/key/key.core/../key.ui/examples/standard_key/strings/deriveLength1.key.proof 
29187      DEBUG main            d.u.i.k.p.i.AbstractProblemLoader Environment load took 110.1ns 
29190      INFO  main            d.u.i.k.p.i.AbstractProblemLoader Creating init config 
31550      DEBUG main            d.u.i.k.p.i.AbstractProblemLoader Init config took 2.36s 
31568      INFO  main            d.u.i.k.p.i.AbstractProblemLoader Replaying proof deriveLength1.key.proof 
31587      DEBUG main            d.u.i.k.p.i.IntermediateProofReplayer Proof replay took 16.83ms 
31589      DEBUG main            d.u.i.k.p.r.p.TestFile    ... success: reloaded. 
31589      INFO  main            d.u.i.k.p.r.p.TestFile    Now processing file /home/runner/work/key/key/key.core/../key.ui/examples/standard_key/strings/emptyStringLengthZero.key 
31590      INFO  main            d.u.i.k.p.i.AbstractProblemLoader Loading environment from /home/runner/work/key/key/key.core/../key.ui/examples/standard_key/strings/emptyStringLengthZero.key 
31590      DEBUG main            d.u.i.k.p.i.AbstractProblemLoader Environment load took 92.2ns 
31592      INFO  main            d.u.i.k.p.i.AbstractProblemLoader Creating init config 
33998      DEBUG main            d.u.i.k.p.i.AbstractProblemLoader Init config took 2.41s 
34013      INFO  main            d.u.i.k.p.i.AbstractProblemLoader Replaying proof emptyStringLengthZero.key 
34015      DEBUG main            d.u.i.k.p.i.IntermediateProofReplayer Proof replay took 5.5ns 
34120      INFO  main            d.u.i.k.p.r.p.TestFile    ... finished proof: closed. 
34260      INFO  main            d.u.i.k.p.i.AbstractProblemLoader Loading environment from /home/runner/work/key/key/key.core/../key.ui/examples/standard_key/strings/emptyStringLengthZero.key.proof 
34261      DEBUG main            d.u.i.k.p.i.AbstractProblemLoader Environment load took 114.9ns 
34262      INFO  main            d.u.i.k.p.i.AbstractProblemLoader Creating init config 
36591      DEBUG main            d.u.i.k.p.i.AbstractProblemLoader Init config took 2.33s 
36606      INFO  main            d.u.i.k.p.i.AbstractProblemLoader Replaying proof emptyStringLengthZero.key.proof 
36610      DEBUG main            d.u.i.k.p.i.IntermediateProofReplayer Proof replay took 2.41ms 
36611      DEBUG main            d.u.i.k.p.r.p.TestFile    ... success: reloaded. 
36612      INFO  main            d.u.i.k.p.r.p.TestFile    Now processing file /home/runner/work/key/key/key.core/../key.ui/examples/standard_key/strings/implicitBooleanStringConversion.key 
36612      INFO  main            d.u.i.k.p.i.AbstractProblemLoader Loading environment from /home/runner/work/key/key/key.core/../key.ui/examples/standard_key/strings/implicitBooleanStringConversion.key 
36612      DEBUG main            d.u.i.k.p.i.AbstractProblemLoader Environment load took 157.4ns 
36613      INFO  main            d.u.i.k.p.i.AbstractProblemLoader Creating init config 
39048      DEBUG main            d.u.i.k.p.i.AbstractProblemLoader Init config took 2.43s 
39067      INFO  main            d.u.i.k.p.i.AbstractProblemLoader Replaying proof implicitBooleanStringConversion.key 
39068      DEBUG main            d.u.i.k.p.i.IntermediateProofReplayer Proof replay took 6.5ns 
39782      INFO  main            d.u.i.k.p.r.p.TestFile    ... finished proof: closed. 
39992      INFO  main            d.u.i.k.p.i.AbstractProblemLoader Loading environment from /home/runner/work/key/key/key.core/../key.ui/examples/standard_key/strings/implicitBooleanStringConversion.key.proof 
39992      DEBUG main            d.u.i.k.p.i.AbstractProblemLoader Environment load took 348.39ns 
39994      INFO  main            d.u.i.k.p.i.AbstractProblemLoader Creating init config 
42356      DEBUG main            d.u.i.k.p.i.AbstractProblemLoader Init config took 2.36s 
42374      INFO  main            d.u.i.k.p.i.AbstractProblemLoader Replaying proof implicitBooleanStringConversion.key.proof 
42437      DEBUG main            d.u.i.k.p.i.IntermediateProofReplayer Proof replay took 56.91ms 
42438      DEBUG main            d.u.i.k.p.r.p.TestFile    ... success: reloaded. 
42438      INFO  main            d.u.i.k.p.r.p.TestFile    Now processing file /home/runner/work/key/key/key.core/../key.ui/examples/standard_key/strings/implicitBooleanStringConversion2.key 
42439      INFO  main            d.u.i.k.p.i.AbstractProblemLoader Loading environment from /home/runner/work/key/key/key.core/../key.ui/examples/standard_key/strings/implicitBooleanStringConversion2.key 
42439      DEBUG main            d.u.i.k.p.i.AbstractProblemLoader Environment load took 153.7ns 
42440      INFO  main            d.u.i.k.p.i.AbstractProblemLoader Creating init config 
44883      DEBUG main            d.u.i.k.p.i.AbstractProblemLoader Init config took 2.44s 
44900      INFO  main            d.u.i.k.p.i.AbstractProblemLoader Replaying proof implicitBooleanStringConversion2.key 
44902      DEBUG main            d.u.i.k.p.i.IntermediateProofReplayer Proof replay took 6.9ns 
45204      INFO  main            d.u.i.k.p.r.p.TestFile    ... finished proof: closed. 
45377      INFO  main            d.u.i.k.p.i.AbstractProblemLoader Loading environment from /home/runner/work/key/key/key.core/../key.ui/examples/standard_key/strings/implicitBooleanStringConversion2.key.proof 
45377      DEBUG main            d.u.i.k.p.i.AbstractProblemLoader Environment load took 108ns 
45378      INFO  main            d.u.i.k.p.i.AbstractProblemLoader Creating init config 
47713      DEBUG main            d.u.i.k.p.i.AbstractProblemLoader Init config took 2.33s 
47731      INFO  main            d.u.i.k.p.i.AbstractProblemLoader Replaying proof implicitBooleanStringConversion2.key.proof 
47753      DEBUG main            d.u.i.k.p.i.IntermediateProofReplayer Proof replay took 18.25ms 
47756      DEBUG main            d.u.i.k.p.r.p.TestFile    ... success: reloaded. 
47757      INFO  main            d.u.i.k.p.r.p.TestFile    Now processing file /home/runner/work/key/key/key.core/../key.ui/examples/standard_key/strings/implicitIntStringConversion.key 
47759      INFO  main            d.u.i.k.p.i.AbstractProblemLoader Loading environment from /home/runner/work/key/key/key.core/../key.ui/examples/standard_key/strings/implicitIntStringConversion.key 
47759      DEBUG main            d.u.i.k.p.i.AbstractProblemLoader Environment load took 199.3ns 
47760      INFO  main            d.u.i.k.p.i.AbstractProblemLoader Creating init config 
50091      DEBUG main            d.u.i.k.p.i.AbstractProblemLoader Init config took 2.33s 
50109      INFO  main            d.u.i.k.p.i.AbstractProblemLoader Replaying proof implicitIntStringConversion.key 
50110      DEBUG main            d.u.i.k.p.i.IntermediateProofReplayer Proof replay took 5.8ns 
50614      INFO  main            d.u.i.k.p.r.p.TestFile    ... finished proof: closed. 
50822      INFO  main            d.u.i.k.p.i.AbstractProblemLoader Loading environment from /home/runner/work/key/key/key.core/../key.ui/examples/standard_key/strings/implicitIntStringConversion.key.proof 
50823      DEBUG main            d.u.i.k.p.i.AbstractProblemLoader Environment load took 403.29ns 
50824      INFO  main            d.u.i.k.p.i.AbstractProblemLoader Creating init config 
53178      DEBUG main            d.u.i.k.p.i.AbstractProblemLoader Init config took 2.35s 
53194      INFO  main            d.u.i.k.p.i.AbstractProblemLoader Replaying proof implicitIntStringConversion.key.proof 
53231      DEBUG main            d.u.i.k.p.i.IntermediateProofReplayer Proof replay took 32.33ms 
53233      DEBUG main            d.u.i.k.p.r.p.TestFile    ... success: reloaded. 
53234      INFO  main            d.u.i.k.p.r.p.TestFile    Now processing file /home/runner/work/key/key/key.core/../key.ui/examples/standard_key/strings/implicitNullStringConversion.key 
53234      INFO  main            d.u.i.k.p.i.AbstractProblemLoader Loading environment from /home/runner/work/key/key/key.core/../key.ui/examples/standard_key/strings/implicitNullStringConversion.key 
53234      DEBUG main            d.u.i.k.p.i.AbstractProblemLoader Environment load took 80.3ns 
53235      INFO  main            d.u.i.k.p.i.AbstractProblemLoader Creating init config 
55553      DEBUG main            d.u.i.k.p.i.AbstractProblemLoader Init config took 2.32s 
55569      INFO  main            d.u.i.k.p.i.AbstractProblemLoader Replaying proof implicitNullStringConversion.key 
55570      DEBUG main            d.u.i.k.p.i.IntermediateProofReplayer Proof replay took 6.1ns 
55776      INFO  main            d.u.i.k.p.r.p.TestFile    ... finished proof: closed. 
56000      INFO  main            d.u.i.k.p.i.AbstractProblemLoader Loading environment from /home/runner/work/key/key/key.core/../key.ui/examples/standard_key/strings/implicitNullStringConversion.key.proof 
56000      DEBUG main            d.u.i.k.p.i.AbstractProblemLoader Environment load took 101.8ns 
56001      INFO  main            d.u.i.k.p.i.AbstractProblemLoader Creating init config 
58330      DEBUG main            d.u.i.k.p.i.AbstractProblemLoader Init config took 2.33s 
58346      INFO  main            d.u.i.k.p.i.AbstractProblemLoader Replaying proof implicitNullStringConversion.key.proof 
58382      DEBUG main            d.u.i.k.p.i.IntermediateProofReplayer Proof replay took 32.55ms 
58392      DEBUG main            d.u.i.k.p.r.p.TestFile    ... success: reloaded. 
58394      INFO  main            d.u.i.k.p.r.p.TestFile    Now processing file /home/runner/work/key/key/key.core/../key.ui/examples/standard_key/strings/implicitNullStringConversion2.key 
58394      INFO  main            d.u.i.k.p.i.AbstractProblemLoader Loading environment from /home/runner/work/key/key/key.core/../key.ui/examples/standard_key/strings/implicitNullStringConversion2.key 
58394      DEBUG main            d.u.i.k.p.i.AbstractProblemLoader Environment load took 162.3ns 
58395      INFO  main            d.u.i.k.p.i.AbstractProblemLoader Creating init config 
60742      DEBUG main            d.u.i.k.p.i.AbstractProblemLoader Init config took 2.35s 
60758      INFO  main            d.u.i.k.p.i.AbstractProblemLoader Replaying proof implicitNullStringConversion2.key 
60759      DEBUG main            d.u.i.k.p.i.IntermediateProofReplayer Proof replay took 18.7ns 
60962      INFO  main            d.u.i.k.p.r.p.TestFile    ... finished proof: closed. 
61137      INFO  main            d.u.i.k.p.i.AbstractProblemLoader Loading environment from /home/runner/work/key/key/key.core/../key.ui/examples/standard_key/strings/implicitNullStringConversion2.key.proof 
61138      DEBUG main            d.u.i.k.p.i.AbstractProblemLoader Environment load took 104.8ns 
61139      INFO  main            d.u.i.k.p.i.AbstractProblemLoader Creating init config 
63450      DEBUG main            d.u.i.k.p.i.AbstractProblemLoader Init config took 2.31s 
63465      INFO  main            d.u.i.k.p.i.AbstractProblemLoader Replaying proof implicitNullStringConversion2.key.proof 
63479      DEBUG main            d.u.i.k.p.i.IntermediateProofReplayer Proof replay took 11.79ms 
63480      DEBUG main            d.u.i.k.p.r.p.TestFile    ... success: reloaded. 
63481      INFO  main            d.u.i.k.p.r.p.TestFile    Now processing file /home/runner/work/key/key/key.core/../key.ui/examples/standard_key/strings/implicitObjectStringConversion.key 
63481      INFO  main            d.u.i.k.p.i.AbstractProblemLoader Loading environment from /home/runner/work/key/key/key.core/../key.ui/examples/standard_key/strings/implicitObjectStringConversion.key 
63481      DEBUG main            d.u.i.k.p.i.AbstractProblemLoader Environment load took 73.4ns 
63482      INFO  main            d.u.i.k.p.i.AbstractProblemLoader Creating init config 
66040      DEBUG main            d.u.i.k.p.i.AbstractProblemLoader Init config took 2.56s 
66055      INFO  main            d.u.i.k.p.i.AbstractProblemLoader Replaying proof implicitObjectStringConversion.key 
66056      DEBUG main            d.u.i.k.p.i.IntermediateProofReplayer Proof replay took 5.2ns 
66561      INFO  main            d.u.i.k.p.r.p.TestFile    ... finished proof: closed. 
66778      INFO  main            d.u.i.k.p.i.AbstractProblemLoader Loading environment from /home/runner/work/key/key/key.core/../key.ui/examples/standard_key/strings/implicitObjectStringConversion.key.proof 
66779      DEBUG main            d.u.i.k.p.i.AbstractProblemLoader Environment load took 572.19ns 
66780      INFO  main            d.u.i.k.p.i.AbstractProblemLoader Creating init config 
69289      DEBUG main            d.u.i.k.p.i.AbstractProblemLoader Init config took 2.51s 
69308      INFO  main            d.u.i.k.p.i.AbstractProblemLoader Replaying proof implicitObjectStringConversion.key.proof 
69346      DEBUG main            d.u.i.k.p.i.IntermediateProofReplayer Proof replay took 35ms 
69347      DEBUG main            d.u.i.k.p.r.p.TestFile    ... success: reloaded. 
69348      INFO  main            d.u.i.k.p.r.p.TestFile    Now processing file /home/runner/work/key/key/key.core/../key.ui/examples/standard_key/strings/literalEquality.key 
69349      INFO  main            d.u.i.k.p.i.AbstractProblemLoader Loading environment from /home/runner/work/key/key/key.core/../key.ui/examples/standard_key/strings/literalEquality.key 
69349      DEBUG main            d.u.i.k.p.i.AbstractProblemLoader Environment load took 135.3ns 
69350      INFO  main            d.u.i.k.p.i.AbstractProblemLoader Creating init config 
71649      DEBUG main            d.u.i.k.p.i.AbstractProblemLoader Init config took 2.3s 
71663      INFO  main            d.u.i.k.p.i.AbstractProblemLoader Replaying proof literalEquality.key 
71664      DEBUG main            d.u.i.k.p.i.IntermediateProofReplayer Proof replay took 4.6ns 
71766      INFO  main            d.u.i.k.p.r.p.TestFile    ... finished proof: closed. 
71949      INFO  main            d.u.i.k.p.i.AbstractProblemLoader Loading environment from /home/runner/work/key/key/key.core/../key.ui/examples/standard_key/strings/literalEquality.key.proof 
71949      DEBUG main            d.u.i.k.p.i.AbstractProblemLoader Environment load took 101.1ns 
71950      INFO  main            d.u.i.k.p.i.AbstractProblemLoader Creating init config 
74252      DEBUG main            d.u.i.k.p.i.AbstractProblemLoader Init config took 2.3s 
74267      INFO  main            d.u.i.k.p.i.AbstractProblemLoader Replaying proof literalEquality.key.proof 
74274      DEBUG main            d.u.i.k.p.i.IntermediateProofReplayer Proof replay took 3.36ms 
74275      DEBUG main            d.u.i.k.p.r.p.TestFile    ... success: reloaded. 
74276      INFO  main            d.u.i.k.p.r.p.TestFile    Now processing file /home/runner/work/key/key/key.core/../key.ui/examples/standard_key/strings/replace0.key 
74276      INFO  main            d.u.i.k.p.i.AbstractProblemLoader Loading environment from /home/runner/work/key/key/key.core/../key.ui/examples/standard_key/strings/replace0.key 
74276      DEBUG main            d.u.i.k.p.i.AbstractProblemLoader Environment load took 144.1ns 
74277      INFO  main            d.u.i.k.p.i.AbstractProblemLoader Creating init config 
76635      DEBUG main            d.u.i.k.p.i.AbstractProblemLoader Init config took 2.36s 
76648      INFO  main            d.u.i.k.p.i.AbstractProblemLoader Replaying proof replace0.key 
76649      DEBUG main            d.u.i.k.p.i.IntermediateProofReplayer Proof replay took 5.1ns 
76751      INFO  main            d.u.i.k.p.r.p.TestFile    ... finished proof: closed. 
76929      INFO  main            d.u.i.k.p.i.AbstractProblemLoader Loading environment from /home/runner/work/key/key/key.core/../key.ui/examples/standard_key/strings/replace0.key.proof 
76929      DEBUG main            d.u.i.k.p.i.AbstractProblemLoader Environment load took 100.1ns 
76930      INFO  main            d.u.i.k.p.i.AbstractProblemLoader Creating init config 
79243      DEBUG main            d.u.i.k.p.i.AbstractProblemLoader Init config took 2.31s 
79257      INFO  main            d.u.i.k.p.i.AbstractProblemLoader Replaying proof replace0.key.proof 
79261      DEBUG main            d.u.i.k.p.i.IntermediateProofReplayer Proof replay took 2.33ms 
79262      DEBUG main            d.u.i.k.p.r.p.TestFile    ... success: reloaded. 
79262      INFO  main            d.u.i.k.p.r.p.TestFile    Now processing file /home/runner/work/key/key/key.core/../key.ui/examples/standard_key/strings/replace1.key 
79262      INFO  main            d.u.i.k.p.i.AbstractProblemLoader Loading environment from /home/runner/work/key/key/key.core/../key.ui/examples/standard_key/strings/replace1.key 
79262      DEBUG main            d.u.i.k.p.i.AbstractProblemLoader Environment load took 77ns 
79263      INFO  main            d.u.i.k.p.i.AbstractProblemLoader Creating init config 
81557      DEBUG main            d.u.i.k.p.i.AbstractProblemLoader Init config took 2.29s 
81570      INFO  main            d.u.i.k.p.i.AbstractProblemLoader Replaying proof replace1.key 
81571      DEBUG main            d.u.i.k.p.i.IntermediateProofReplayer Proof replay took 6ns 
81673      INFO  main            d.u.i.k.p.r.p.TestFile    ... finished proof: closed. 
81840      INFO  main            d.u.i.k.p.i.AbstractProblemLoader Loading environment from /home/runner/work/key/key/key.core/../key.ui/examples/standard_key/strings/replace1.key.proof 
81840      DEBUG main            d.u.i.k.p.i.AbstractProblemLoader Environment load took 146ns 
81841      INFO  main            d.u.i.k.p.i.AbstractProblemLoader Creating init config 
84139      DEBUG main            d.u.i.k.p.i.AbstractProblemLoader Init config took 2.3s 
84153      INFO  main            d.u.i.k.p.i.AbstractProblemLoader Replaying proof replace1.key.proof 
84160      DEBUG main            d.u.i.k.p.i.IntermediateProofReplayer Proof replay took 4.08ms 
84160      DEBUG main            d.u.i.k.p.r.p.TestFile    ... success: reloaded. 
84161      INFO  main            d.u.i.k.p.r.p.TestFile    Now processing file /home/runner/work/key/key/key.core/../key.ui/examples/standard_key/strings/simpleAssignment.key 
84161      INFO  main            d.u.i.k.p.i.AbstractProblemLoader Loading environment from /home/runner/work/key/key/key.core/../key.ui/examples/standard_key/strings/simpleAssignment.key 
84161      DEBUG main            d.u.i.k.p.i.AbstractProblemLoader Environment load took 85.8ns 
84162      INFO  main            d.u.i.k.p.i.AbstractProblemLoader Creating init config 
86450      DEBUG main            d.u.i.k.p.i.AbstractProblemLoader Init config took 2.29s 
86463      INFO  main            d.u.i.k.p.i.AbstractProblemLoader Replaying proof simpleAssignment.key 
86465      DEBUG main            d.u.i.k.p.i.IntermediateProofReplayer Proof replay took 5.4ns 
86566      INFO  main            d.u.i.k.p.r.p.TestFile    ... finished proof: closed. 
86754      INFO  main            d.u.i.k.p.i.AbstractProblemLoader Loading environment from /home/runner/work/key/key/key.core/../key.ui/examples/standard_key/strings/simpleAssignment.key.proof 
86754      DEBUG main            d.u.i.k.p.i.AbstractProblemLoader Environment load took 99.5ns 
86756      INFO  main            d.u.i.k.p.i.AbstractProblemLoader Creating init config 
89047      DEBUG main            d.u.i.k.p.i.AbstractProblemLoader Init config took 2.29s 
89062      INFO  main            d.u.i.k.p.i.AbstractProblemLoader Replaying proof simpleAssignment.key.proof 
89066      DEBUG main            d.u.i.k.p.i.IntermediateProofReplayer Proof replay took 1.04ms 
89067      DEBUG main            d.u.i.k.p.r.p.TestFile    ... success: reloaded. 
89068      INFO  main            d.u.i.k.p.r.p.TestFile    Now processing file /home/runner/work/key/key/key.core/../key.ui/examples/standard_key/strings/simpleLengthComp.key 
89068      INFO  main            d.u.i.k.p.i.AbstractProblemLoader Loading environment from /home/runner/work/key/key/key.core/../key.ui/examples/standard_key/strings/simpleLengthComp.key 
89068      DEBUG main            d.u.i.k.p.i.AbstractProblemLoader Environment load took 171.5ns 
89069      INFO  main            d.u.i.k.p.i.AbstractProblemLoader Creating init config 
91392      DEBUG main            d.u.i.k.p.i.AbstractProblemLoader Init config took 2.32s 
91406      INFO  main            d.u.i.k.p.i.AbstractProblemLoader Replaying proof simpleLengthComp.key 
91409      DEBUG main            d.u.i.k.p.i.IntermediateProofReplayer Proof replay took 5.2ns 
91612      INFO  main            d.u.i.k.p.r.p.TestFile    ... finished proof: closed. 
91809      INFO  main            d.u.i.k.p.i.AbstractProblemLoader Loading environment from /home/runner/work/key/key/key.core/../key.ui/examples/standard_key/strings/simpleLengthComp.key.proof 
91809      DEBUG main            d.u.i.k.p.i.AbstractProblemLoader Environment load took 112.1ns 
91810      INFO  main            d.u.i.k.p.i.AbstractProblemLoader Creating init config 
94165      DEBUG main            d.u.i.k.p.i.AbstractProblemLoader Init config took 2.36s 
94181      INFO  main            d.u.i.k.p.i.AbstractProblemLoader Replaying proof simpleLengthComp.key.proof 
94208      DEBUG main            d.u.i.k.p.i.IntermediateProofReplayer Proof replay took 22.34ms 
94210      DEBUG main            d.u.i.k.p.r.p.TestFile    ... success: reloaded. 
94211      INFO  main            d.u.i.k.p.r.p.TestFile    Now processing file /home/runner/work/key/key/key.core/../key.ui/examples/standard_key/strings/stringCompileTimeConstant1.key 
94211      INFO  main            d.u.i.k.p.i.AbstractProblemLoader Loading environment from /home/runner/work/key/key/key.core/../key.ui/examples/standard_key/strings/stringCompileTimeConstant1.key 
94212      DEBUG main            d.u.i.k.p.i.AbstractProblemLoader Environment load took 158.7ns 
94212      INFO  main            d.u.i.k.p.i.AbstractProblemLoader Creating init config 
96567      DEBUG main            d.u.i.k.p.i.AbstractProblemLoader Init config took 2.35s 
96580      INFO  main            d.u.i.k.p.i.AbstractProblemLoader Replaying proof stringCompileTimeConstant1.key 
96582      DEBUG main            d.u.i.k.p.i.IntermediateProofReplayer Proof replay took 5.2ns 
96683      INFO  main            d.u.i.k.p.r.p.TestFile    ... finished proof: closed. 
96885      INFO  main            d.u.i.k.p.i.AbstractProblemLoader Loading environment from /home/runner/work/key/key/key.core/../key.ui/examples/standard_key/strings/stringCompileTimeConstant1.key.proof 
96885      DEBUG main            d.u.i.k.p.i.AbstractProblemLoader Environment load took 91.3ns 
96886      INFO  main            d.u.i.k.p.i.AbstractProblemLoader Creating init config 
99157      DEBUG main            d.u.i.k.p.i.AbstractProblemLoader Init config took 2.27s 
99171      INFO  main            d.u.i.k.p.i.AbstractProblemLoader Replaying proof stringCompileTimeConstant1.key.proof 
99175      DEBUG main            d.u.i.k.p.i.IntermediateProofReplayer Proof replay took 2.5ms 
99176      DEBUG main            d.u.i.k.p.r.p.TestFile    ... success: reloaded. 
99176      INFO  main            d.u.i.k.p.r.p.TestFile    Now processing file /home/runner/work/key/key/key.core/../key.ui/examples/standard_key/strings/stringCompileTimeConstant2.key 
99177      INFO  main            d.u.i.k.p.i.AbstractProblemLoader Loading environment from /home/runner/work/key/key/key.core/../key.ui/examples/standard_key/strings/stringCompileTimeConstant2.key 
99177      DEBUG main            d.u.i.k.p.i.AbstractProblemLoader Environment load took 146.5ns 
99178      INFO  main            d.u.i.k.p.i.AbstractProblemLoader Creating init config 
101645     DEBUG main            d.u.i.k.p.i.AbstractProblemLoader Init config took 2.47s 
101659     INFO  main            d.u.i.k.p.i.AbstractProblemLoader Replaying proof stringCompileTimeConstant2.key 
101661     DEBUG main            d.u.i.k.p.i.IntermediateProofReplayer Proof replay took 5.6ns 
104260     INFO  main            d.u.i.k.p.r.p.TestFile    ... finished proof: closed. 
104483     INFO  main            d.u.i.k.p.i.AbstractProblemLoader Loading environment from /home/runner/work/key/key/key.core/../key.ui/examples/standard_key/strings/stringCompileTimeConstant2.key.proof 
104484     DEBUG main            d.u.i.k.p.i.AbstractProblemLoader Environment load took 340.39ns 
104485     INFO  main            d.u.i.k.p.i.AbstractProblemLoader Creating init config 
106923     DEBUG main            d.u.i.k.p.i.AbstractProblemLoader Init config took 2.44s 
106937     INFO  main            d.u.i.k.p.i.AbstractProblemLoader Replaying proof stringCompileTimeConstant2.key.proof 
107161     DEBUG main            d.u.i.k.p.i.IntermediateProofReplayer Proof replay took 213.31ms 
107162     DEBUG main            d.u.i.k.p.r.p.TestFile    ... success: reloaded. 
107163     INFO  main            d.u.i.k.p.r.p.TestFile    Now processing file /home/runner/work/key/key/key.core/../key.ui/examples/standard_key/strings/stringEquality1.key 
107164     INFO  main            d.u.i.k.p.i.AbstractProblemLoader Loading environment from /home/runner/work/key/key/key.core/../key.ui/examples/standard_key/strings/stringEquality1.key 
107164     DEBUG main            d.u.i.k.p.i.AbstractProblemLoader Environment load took 157.9ns 
107165     INFO  main            d.u.i.k.p.i.AbstractProblemLoader Creating init config 
109455     DEBUG main            d.u.i.k.p.i.AbstractProblemLoader Init config took 2.29s 
109468     INFO  main            d.u.i.k.p.i.AbstractProblemLoader Replaying proof stringEquality1.key 
109469     DEBUG main            d.u.i.k.p.i.IntermediateProofReplayer Proof replay took 5.4ns 
109571     INFO  main            d.u.i.k.p.r.p.TestFile    ... finished proof: closed. 
109816     INFO  main            d.u.i.k.p.i.AbstractProblemLoader Loading environment from /home/runner/work/key/key/key.core/../key.ui/examples/standard_key/strings/stringEquality1.key.proof 
109816     DEBUG main            d.u.i.k.p.i.AbstractProblemLoader Environment load took 90.4ns 
109817     INFO  main            d.u.i.k.p.i.AbstractProblemLoader Creating init config 
112062     DEBUG main            d.u.i.k.p.i.AbstractProblemLoader Init config took 2.24s 
112076     INFO  main            d.u.i.k.p.i.AbstractProblemLoader Replaying proof stringEquality1.key.proof 
112083     DEBUG main            d.u.i.k.p.i.IntermediateProofReplayer Proof replay took 4.77ms 
112086     DEBUG main            d.u.i.k.p.r.p.TestFile    ... success: reloaded. 
112086     INFO  main            d.u.i.k.p.r.p.TestFile    Now processing file /home/runner/work/key/key/key.core/../key.ui/examples/standard_key/strings/stringEquality2.key 
112087     INFO  main            d.u.i.k.p.i.AbstractProblemLoader Loading environment from /home/runner/work/key/key/key.core/../key.ui/examples/standard_key/strings/stringEquality2.key 
112087     DEBUG main            d.u.i.k.p.i.AbstractProblemLoader Environment load took 150.3ns 
112088     INFO  main            d.u.i.k.p.i.AbstractProblemLoader Creating init config 
114396     DEBUG main            d.u.i.k.p.i.AbstractProblemLoader Init config took 2.31s 
114408     INFO  main            d.u.i.k.p.i.AbstractProblemLoader Replaying proof stringEquality2.key 
114409     DEBUG main            d.u.i.k.p.i.IntermediateProofReplayer Proof replay took 6ns 
114712     INFO  main            d.u.i.k.p.r.p.TestFile    ... finished proof: closed. 
114957     INFO  main            d.u.i.k.p.i.AbstractProblemLoader Loading environment from /home/runner/work/key/key/key.core/../key.ui/examples/standard_key/strings/stringEquality2.key.proof 
114957     DEBUG main            d.u.i.k.p.i.AbstractProblemLoader Environment load took 92.3ns 
114959     INFO  main            d.u.i.k.p.i.AbstractProblemLoader Creating init config 
117241     DEBUG main            d.u.i.k.p.i.AbstractProblemLoader Init config took 2.28s 
117254     INFO  main            d.u.i.k.p.i.AbstractProblemLoader Replaying proof stringEquality2.key.proof 
117275     DEBUG main            d.u.i.k.p.i.IntermediateProofReplayer Proof replay took 16.94ms 
117276     DEBUG main            d.u.i.k.p.r.p.TestFile    ... success: reloaded. 
117276     INFO  main            d.u.i.k.p.r.p.TestFile    Now processing file /home/runner/work/key/key/key.core/../key.ui/examples/standard_key/strings/substring0.key 
117277     INFO  main            d.u.i.k.p.i.AbstractProblemLoader Loading environment from /home/runner/work/key/key/key.core/../key.ui/examples/standard_key/strings/substring0.key 
117277     DEBUG main            d.u.i.k.p.i.AbstractProblemLoader Environment load took 63.6ns 
117277     INFO  main            d.u.i.k.p.i.AbstractProblemLoader Creating init config 
119577     DEBUG main            d.u.i.k.p.i.AbstractProblemLoader Init config took 2.3s 
119589     INFO  main            d.u.i.k.p.i.AbstractProblemLoader Replaying proof substring0.key 
119590     DEBUG main            d.u.i.k.p.i.IntermediateProofReplayer Proof replay took 5.7ns 
119692     INFO  main            d.u.i.k.p.r.p.TestFile    ... finished proof: closed. 
119917     INFO  main            d.u.i.k.p.i.AbstractProblemLoader Loading environment from /home/runner/work/key/key/key.core/../key.ui/examples/standard_key/strings/substring0.key.proof 
119917     DEBUG main            d.u.i.k.p.i.AbstractProblemLoader Environment load took 92.8ns 
119918     INFO  main            d.u.i.k.p.i.AbstractProblemLoader Creating init config 
122172     DEBUG main            d.u.i.k.p.i.AbstractProblemLoader Init config took 2.25s 
122186     INFO  main            d.u.i.k.p.i.AbstractProblemLoader Replaying proof substring0.key.proof 
122188     DEBUG main            d.u.i.k.p.i.IntermediateProofReplayer Proof replay took 400.59ns 
122189     DEBUG main            d.u.i.k.p.r.p.TestFile    ... success: reloaded. 
122189     INFO  main            d.u.i.k.p.r.p.TestFile    Now processing file /home/runner/work/key/key/key.core/../key.ui/examples/standard_key/strings/substring1.key 
122190     INFO  main            d.u.i.k.p.i.AbstractProblemLoader Loading environment from /home/runner/work/key/key/key.core/../key.ui/examples/standard_key/strings/substring1.key 
122190     DEBUG main            d.u.i.k.p.i.AbstractProblemLoader Environment load took 167.6ns 
122191     INFO  main            d.u.i.k.p.i.AbstractProblemLoader Creating init config 
124500     DEBUG main            d.u.i.k.p.i.AbstractProblemLoader Init config took 2.31s 
124512     INFO  main            d.u.i.k.p.i.AbstractProblemLoader Replaying proof substring1.key 
124514     DEBUG main            d.u.i.k.p.i.IntermediateProofReplayer Proof replay took 5.3ns 
124617     INFO  main            d.u.i.k.p.r.p.TestFile    ... finished proof: closed. 
124840     INFO  main            d.u.i.k.p.i.AbstractProblemLoader Loading environment from /home/runner/work/key/key/key.core/../key.ui/examples/standard_key/strings/substring1.key.proof 
124841     DEBUG main            d.u.i.k.p.i.AbstractProblemLoader Environment load took 127.2ns 
124841     INFO  main            d.u.i.k.p.i.AbstractProblemLoader Creating init config 
127135     DEBUG main            d.u.i.k.p.i.AbstractProblemLoader Init config took 2.29s 
127148     INFO  main            d.u.i.k.p.i.AbstractProblemLoader Replaying proof substring1.key.proof 
127149     DEBUG main            d.u.i.k.p.i.IntermediateProofReplayer Proof replay took 367.69ns 
127150     DEBUG main            d.u.i.k.p.r.p.TestFile    ... success: reloaded. 
127150     INFO  main            d.u.i.k.p.r.p.TestFile    Now processing file /home/runner/work/key/key/key.core/../key.ui/examples/standard_key/strings/substring2.key 
127151     INFO  main            d.u.i.k.p.i.AbstractProblemLoader Loading environment from /home/runner/work/key/key/key.core/../key.ui/examples/standard_key/strings/substring2.key 
127151     DEBUG main            d.u.i.k.p.i.AbstractProblemLoader Environment load took 69.9ns 
127152     INFO  main            d.u.i.k.p.i.AbstractProblemLoader Creating init config 
129461     DEBUG main            d.u.i.k.p.i.AbstractProblemLoader Init config took 2.31s 
129474     INFO  main            d.u.i.k.p.i.AbstractProblemLoader Replaying proof substring2.key 
129475     DEBUG main            d.u.i.k.p.i.IntermediateProofReplayer Proof replay took 5.8ns 
129579     INFO  main            d.u.i.k.p.r.p.TestFile    ... finished proof: closed. 
129808     INFO  main            d.u.i.k.p.i.AbstractProblemLoader Loading environment from /home/runner/work/key/key/key.core/../key.ui/examples/standard_key/strings/substring2.key.proof 
129808     DEBUG main            d.u.i.k.p.i.AbstractProblemLoader Environment load took 93.5ns 
129809     INFO  main            d.u.i.k.p.i.AbstractProblemLoader Creating init config 
132069     DEBUG main            d.u.i.k.p.i.AbstractProblemLoader Init config took 2.26s 
132082     INFO  main            d.u.i.k.p.i.AbstractProblemLoader Replaying proof substring2.key.proof 
132084     DEBUG main            d.u.i.k.p.i.IntermediateProofReplayer Proof replay took 1.03ms 
132085     DEBUG main            d.u.i.k.p.r.p.TestFile    ... success: reloaded. 
132087     INFO  main            d.u.i.k.p.r.p.TestFile    Now processing file /home/runner/work/key/key/key.core/../key.ui/examples/standard_key/strings/substring3.key 
132087     INFO  main            d.u.i.k.p.i.AbstractProblemLoader Loading environment from /home/runner/work/key/key/key.core/../key.ui/examples/standard_key/strings/substring3.key 
132087     DEBUG main            d.u.i.k.p.i.AbstractProblemLoader Environment load took 149.5ns 
132088     INFO  main            d.u.i.k.p.i.AbstractProblemLoader Creating init config 
134419     DEBUG main            d.u.i.k.p.i.AbstractProblemLoader Init config took 2.33s 
134446     INFO  main            d.u.i.k.p.i.AbstractProblemLoader Replaying proof substring3.key 
134447     DEBUG main            d.u.i.k.p.i.IntermediateProofReplayer Proof replay took 14.7ns 
134551     INFO  main            d.u.i.k.p.r.p.TestFile    ... finished proof: closed. 
134821     INFO  main            d.u.i.k.p.i.AbstractProblemLoader Loading environment from /home/runner/work/key/key/key.core/../key.ui/examples/standard_key/strings/substring3.key.proof 
134821     DEBUG main            d.u.i.k.p.i.AbstractProblemLoader Environment load took 93.4ns 
134822     INFO  main            d.u.i.k.p.i.AbstractProblemLoader Creating init config 
137064     DEBUG main            d.u.i.k.p.i.AbstractProblemLoader Init config took 2.24s 
137076     INFO  main            d.u.i.k.p.i.AbstractProblemLoader Replaying proof substring3.key.proof 
137079     DEBUG main            d.u.i.k.p.i.IntermediateProofReplayer Proof replay took 1.64ms 
137079     DEBUG main            d.u.i.k.p.r.p.TestFile    ... success: reloaded. 
137080     INFO  main            d.u.i.k.p.r.p.TestFile    Now processing file /home/runner/work/key/key/key.core/../key.ui/examples/standard_key/strings/substring4.key 
137080     INFO  main            d.u.i.k.p.i.AbstractProblemLoader Loading environment from /home/runner/work/key/key/key.core/../key.ui/examples/standard_key/strings/substring4.key 
137080     DEBUG main            d.u.i.k.p.i.AbstractProblemLoader Environment load took 200.7ns 
137081     INFO  main            d.u.i.k.p.i.AbstractProblemLoader Creating init config 
139360     DEBUG main            d.u.i.k.p.i.AbstractProblemLoader Init config took 2.28s 
139373     INFO  main            d.u.i.k.p.i.AbstractProblemLoader Replaying proof substring4.key 
139374     DEBUG main            d.u.i.k.p.i.IntermediateProofReplayer Proof replay took 5.3ns 
139476     INFO  main            d.u.i.k.p.r.p.TestFile    ... finished proof: closed. 
139713     INFO  main            d.u.i.k.p.i.AbstractProblemLoader Loading environment from /home/runner/work/key/key/key.core/../key.ui/examples/standard_key/strings/substring4.key.proof 
139713     DEBUG main            d.u.i.k.p.i.AbstractProblemLoader Environment load took 108ns 
139714     INFO  main            d.u.i.k.p.i.AbstractProblemLoader Creating init config 
141981     DEBUG main            d.u.i.k.p.i.AbstractProblemLoader Init config took 2.27s 
141993     INFO  main            d.u.i.k.p.i.AbstractProblemLoader Replaying proof substring4.key.proof 
141996     DEBUG main            d.u.i.k.p.i.IntermediateProofReplayer Proof replay took 1.83ms 
141997     DEBUG main            d.u.i.k.p.r.p.TestFile    ... success: reloaded. 
141998     INFO  main            d.u.i.k.p.r.p.TestFile    Now processing file /home/runner/work/key/key/key.core/../key.ui/examples/standard_key/strings/substring5.key 
141998     INFO  main            d.u.i.k.p.i.AbstractProblemLoader Loading environment from /home/runner/work/key/key/key.core/../key.ui/examples/standard_key/strings/substring5.key 
141998     DEBUG main            d.u.i.k.p.i.AbstractProblemLoader Environment load took 85.1ns 
141999     INFO  main            d.u.i.k.p.i.AbstractProblemLoader Creating init config 
144311     DEBUG main            d.u.i.k.p.i.AbstractProblemLoader Init config took 2.31s 
144326     INFO  main            d.u.i.k.p.i.AbstractProblemLoader Replaying proof substring5.key 
144327     DEBUG main            d.u.i.k.p.i.IntermediateProofReplayer Proof replay took 5.1ns 
144529     INFO  main            d.u.i.k.p.r.p.TestFile    ... finished proof: closed. 
144778     INFO  main            d.u.i.k.p.i.AbstractProblemLoader Loading environment from /home/runner/work/key/key/key.core/../key.ui/examples/standard_key/strings/substring5.key.proof 
144778     DEBUG main            d.u.i.k.p.i.AbstractProblemLoader Environment load took 85.2ns 
144780     INFO  main            d.u.i.k.p.i.AbstractProblemLoader Creating init config 
147071     DEBUG main            d.u.i.k.p.i.AbstractProblemLoader Init config took 2.29s 
147083     INFO  main            d.u.i.k.p.i.AbstractProblemLoader Replaying proof substring5.key.proof 
147101     DEBUG main            d.u.i.k.p.i.IntermediateProofReplayer Proof replay took 14.18ms 
147102     DEBUG main            d.u.i.k.p.r.p.TestFile    ... success: reloaded. 
3771543    INFO  Test worker     d.u.i.k.p.r.RunAllProofsTestUnit Returning from test strings 
3771544    INFO  Test worker     d.u.i.k.p.r.RunAllProofsTestUnit Running test simple_info_flow 
334        INFO  Timeout watchdog d.u.i.k.p.r.p.ForkedTestFileRunner Timeout watcher launched (2000 secs.) 
351        WARN  main            d.u.i.k.s.ProofSettings   The settings in /home/runner/.key/proof-settings.props are *not* read. 
401        INFO  main            d.u.i.k.p.r.p.TestFile    Now processing file /home/runner/work/key/key/key.core/../key.ui/examples/heap/information_flow/UpdateAbstraction_ex7_1_insecure.key 
527        INFO  main            d.u.i.k.p.i.AbstractProblemLoader Loading environment from /home/runner/work/key/key/key.core/../key.ui/examples/heap/information_flow/UpdateAbstraction_ex7_1_insecure.key 
544        DEBUG main            d.u.i.k.p.i.AbstractProblemLoader Environment load took 2.12ms 
753        INFO  main            d.u.i.k.p.i.AbstractProblemLoader Creating init config 
1548       DEBUG main            d.u.i.k.j.TypeConverter   No LDT found for Meta 
1549       DEBUG main            d.u.i.k.j.TypeConverter   No LDT found for Meta 
1550       DEBUG main            d.u.i.k.j.TypeConverter   No LDT found for Meta 
1550       DEBUG main            d.u.i.k.j.TypeConverter   No LDT found for Meta 
2903       DEBUG main            d.u.i.k.j.TypeConverter   No LDT found for JavaBigintExpression 
8017       DEBUG main            d.u.i.k.p.i.AbstractProblemLoader Init config took 7.26s 
8196       INFO  main            d.u.i.k.p.i.AbstractProblemLoader Replaying proof UpdateAbstraction[UpdateAbstraction::ex7_1_insecure()].JML operation contract.0 
8229       DEBUG main            d.u.i.k.p.i.IntermediateProofReplayer Proof replay took 28.4ns 
8783       INFO  main            d.u.i.k.p.r.p.TestFile    ... finished proof: open goal(s) 
8878       INFO  main            d.u.i.k.p.r.p.TestFile    Now processing file /home/runner/work/key/key/key.core/../key.ui/examples/heap/information_flow/UpdateAbstraction_ex7_2_insecure.key 
8881       INFO  main            d.u.i.k.p.i.AbstractProblemLoader Loading environment from /home/runner/work/key/key/key.core/../key.ui/examples/heap/information_flow/UpdateAbstraction_ex7_2_insecure.key 
8882       DEBUG main            d.u.i.k.p.i.AbstractProblemLoader Environment load took 261.3ns 
8884       INFO  main            d.u.i.k.p.i.AbstractProblemLoader Creating init config 
11867      DEBUG main            d.u.i.k.p.i.AbstractProblemLoader Init config took 2.98s 
11943      INFO  main            d.u.i.k.p.i.AbstractProblemLoader Replaying proof UpdateAbstraction[UpdateAbstraction::ex7_2_insecure()].JML operation contract.0 
11945      DEBUG main            d.u.i.k.p.i.IntermediateProofReplayer Proof replay took 5.8ns 
12351      INFO  main            d.u.i.k.p.r.p.TestFile    ... finished proof: open goal(s) 
3784173    INFO  Test worker     d.u.i.k.p.r.RunAllProofsTestUnit Returning from test simple_info_flow 
3784174    INFO  Test worker     d.u.i.k.p.r.RunAllProofsTestUnit Running test modelMethods 
355        INFO  Timeout watchdog d.u.i.k.p.r.p.ForkedTestFileRunner Timeout watcher launched (2000 secs.) 
372        WARN  main            d.u.i.k.s.ProofSettings   The settings in /home/runner/.key/proof-settings.props are *not* read. 
406        INFO  main            d.u.i.k.p.r.p.TestFile    Now processing file /home/runner/work/key/key/key.core/../key.ui/examples/heap/model_methods/Cell_footprint_acc.key 
508        INFO  main            d.u.i.k.p.i.AbstractProblemLoader Loading environment from /home/runner/work/key/key/key.core/../key.ui/examples/heap/model_methods/Cell_footprint_acc.key 
528        DEBUG main            d.u.i.k.p.i.AbstractProblemLoader Environment load took 1.81ms 
734        INFO  main            d.u.i.k.p.i.AbstractProblemLoader Creating init config 
1729       DEBUG main            d.u.i.k.j.TypeConverter   No LDT found for Meta 
1730       DEBUG main            d.u.i.k.j.TypeConverter   No LDT found for Meta 
1731       DEBUG main            d.u.i.k.j.TypeConverter   No LDT found for Meta 
1732       DEBUG main            d.u.i.k.j.TypeConverter   No LDT found for Meta 
3256       DEBUG main            d.u.i.k.j.TypeConverter   No LDT found for JavaBigintExpression 
8258       DEBUG main            d.u.i.k.p.i.AbstractProblemLoader Init config took 7.52s 
8380       INFO  main            d.u.i.k.p.i.AbstractProblemLoader Replaying proof Cell[Cell::footprint()].JML accessible clause.0 
8410       DEBUG main            d.u.i.k.p.i.IntermediateProofReplayer Proof replay took 30.3ns 
8835       INFO  main            d.u.i.k.p.r.p.TestFile    ... finished proof: closed. 
8926       INFO  main            d.u.i.k.p.i.AbstractProblemLoader Loading environment from /home/runner/work/key/key/key.core/../key.ui/examples/heap/model_methods/Cell_footprint_acc.key.proof 
8928       DEBUG main            d.u.i.k.p.i.AbstractProblemLoader Environment load took 1.79ms 
8930       INFO  main            d.u.i.k.p.i.AbstractProblemLoader Creating init config 
11702      DEBUG main            d.u.i.k.p.i.AbstractProblemLoader Init config took 2.77s 
11786      INFO  main            d.u.i.k.p.i.AbstractProblemLoader Replaying proof Cell[Cell::footprint()].JML accessible clause.0 
11824      DEBUG main            d.u.i.k.p.i.IntermediateProofReplayer Proof replay took 29.99ms 
11830      DEBUG main            d.u.i.k.p.r.p.TestFile    ... success: reloaded. 
11837      INFO  main            d.u.i.k.p.r.p.TestFile    Now processing file /home/runner/work/key/key/key.core/../key.ui/examples/heap/model_methods/Cell_footprint.key 
11837      INFO  main            d.u.i.k.p.i.AbstractProblemLoader Loading environment from /home/runner/work/key/key/key.core/../key.ui/examples/heap/model_methods/Cell_footprint.key 
11837      DEBUG main            d.u.i.k.p.i.AbstractProblemLoader Environment load took 110.6ns 
11841      INFO  main            d.u.i.k.p.i.AbstractProblemLoader Creating init config 
14563      DEBUG main            d.u.i.k.p.i.AbstractProblemLoader Init config took 2.72s 
14631      INFO  main            d.u.i.k.p.i.AbstractProblemLoader Replaying proof Cell[Cell::footprint()].JML model_behavior operation contract.0 
14634      DEBUG main            d.u.i.k.p.i.IntermediateProofReplayer Proof replay took 6ns 
14736      INFO  main            d.u.i.k.p.r.p.TestFile    ... finished proof: closed. 
14865      INFO  main            d.u.i.k.p.i.AbstractProblemLoader Loading environment from /home/runner/work/key/key/key.core/../key.ui/examples/heap/model_methods/Cell_footprint.key.proof 
14866      DEBUG main            d.u.i.k.p.i.AbstractProblemLoader Environment load took 115.8ns 
14867      INFO  main            d.u.i.k.p.i.AbstractProblemLoader Creating init config 
17464      DEBUG main            d.u.i.k.p.i.AbstractProblemLoader Init config took 2.6s 
17516      INFO  main            d.u.i.k.p.i.AbstractProblemLoader Replaying proof Cell[Cell::footprint()].JML model_behavior operation contract.0 
17536      DEBUG main            d.u.i.k.p.i.IntermediateProofReplayer Proof replay took 17.85ms 
17537      DEBUG main            d.u.i.k.p.r.p.TestFile    ... success: reloaded. 
17539      INFO  main            d.u.i.k.p.r.p.TestFile    Now processing file /home/runner/work/key/key/key.core/../key.ui/examples/heap/model_methods/Cell_get_acc.key 
17539      INFO  main            d.u.i.k.p.i.AbstractProblemLoader Loading environment from /home/runner/work/key/key/key.core/../key.ui/examples/heap/model_methods/Cell_get_acc.key 
17539      DEBUG main            d.u.i.k.p.i.AbstractProblemLoader Environment load took 90.8ns 
17541      INFO  main            d.u.i.k.p.i.AbstractProblemLoader Creating init config 
20190      DEBUG main            d.u.i.k.p.i.AbstractProblemLoader Init config took 2.65s 
20238      INFO  main            d.u.i.k.p.i.AbstractProblemLoader Replaying proof Cell[Cell::get()].JML accessible clause.0 
20240      DEBUG main            d.u.i.k.p.i.IntermediateProofReplayer Proof replay took 6.2ns 
20450      INFO  main            d.u.i.k.p.r.p.TestFile    ... finished proof: closed. 
20568      INFO  main            d.u.i.k.p.i.AbstractProblemLoader Loading environment from /home/runner/work/key/key/key.core/../key.ui/examples/heap/model_methods/Cell_get_acc.key.proof 
20568      DEBUG main            d.u.i.k.p.i.AbstractProblemLoader Environment load took 327.59ns 
20569      INFO  main            d.u.i.k.p.i.AbstractProblemLoader Creating init config 
23108      DEBUG main            d.u.i.k.p.i.AbstractProblemLoader Init config took 2.54s 
23156      INFO  main            d.u.i.k.p.i.AbstractProblemLoader Replaying proof Cell[Cell::get()].JML accessible clause.0 
23188      DEBUG main            d.u.i.k.p.i.IntermediateProofReplayer Proof replay took 29.31ms 
23189      DEBUG main            d.u.i.k.p.r.p.TestFile    ... success: reloaded. 
23190      INFO  main            d.u.i.k.p.r.p.TestFile    Now processing file /home/runner/work/key/key/key.core/../key.ui/examples/heap/model_methods/Cell_get.key 
23191      INFO  main            d.u.i.k.p.i.AbstractProblemLoader Loading environment from /home/runner/work/key/key/key.core/../key.ui/examples/heap/model_methods/Cell_get.key 
23191      DEBUG main            d.u.i.k.p.i.AbstractProblemLoader Environment load took 156.2ns 
23192      INFO  main            d.u.i.k.p.i.AbstractProblemLoader Creating init config 
25735      DEBUG main            d.u.i.k.p.i.AbstractProblemLoader Init config took 2.54s 
25785      INFO  main            d.u.i.k.p.i.AbstractProblemLoader Replaying proof Cell[Cell::get()].JML operation contract.0 
25787      DEBUG main            d.u.i.k.p.i.IntermediateProofReplayer Proof replay took 5.4ns 
25888      INFO  main            d.u.i.k.p.r.p.TestFile    ... finished proof: closed. 
26024      INFO  main            d.u.i.k.p.i.AbstractProblemLoader Loading environment from /home/runner/work/key/key/key.core/../key.ui/examples/heap/model_methods/Cell_get.key.proof 
26024      DEBUG main            d.u.i.k.p.i.AbstractProblemLoader Environment load took 109.8ns 
26025      INFO  main            d.u.i.k.p.i.AbstractProblemLoader Creating init config 
28549      DEBUG main            d.u.i.k.p.i.AbstractProblemLoader Init config took 2.52s 
28595      INFO  main            d.u.i.k.p.i.AbstractProblemLoader Replaying proof Cell[Cell::get()].JML operation contract.0 
28614      DEBUG main            d.u.i.k.p.i.IntermediateProofReplayer Proof replay took 16.32ms 
28615      DEBUG main            d.u.i.k.p.r.p.TestFile    ... success: reloaded. 
28616      INFO  main            d.u.i.k.p.r.p.TestFile    Now processing file /home/runner/work/key/key/key.core/../key.ui/examples/heap/model_methods/Cell_post_set.key 
28616      INFO  main            d.u.i.k.p.i.AbstractProblemLoader Loading environment from /home/runner/work/key/key/key.core/../key.ui/examples/heap/model_methods/Cell_post_set.key 
28617      DEBUG main            d.u.i.k.p.i.AbstractProblemLoader Environment load took 184.5ns 
28618      INFO  main            d.u.i.k.p.i.AbstractProblemLoader Creating init config 
31142      DEBUG main            d.u.i.k.p.i.AbstractProblemLoader Init config took 2.52s 
31188      INFO  main            d.u.i.k.p.i.AbstractProblemLoader Replaying proof Cell[Cell::post_set(int)].JML model_behavior operation contract.0 
31190      DEBUG main            d.u.i.k.p.i.IntermediateProofReplayer Proof replay took 6.5ns 
31293      INFO  main            d.u.i.k.p.r.p.TestFile    ... finished proof: closed. 
31434      INFO  main            d.u.i.k.p.i.AbstractProblemLoader Loading environment from /home/runner/work/key/key/key.core/../key.ui/examples/heap/model_methods/Cell_post_set.key.proof 
31434      DEBUG main            d.u.i.k.p.i.AbstractProblemLoader Environment load took 107.9ns 
31435      INFO  main            d.u.i.k.p.i.AbstractProblemLoader Creating init config 
33910      DEBUG main            d.u.i.k.p.i.AbstractProblemLoader Init config took 2.48s 
33956      INFO  main            d.u.i.k.p.i.AbstractProblemLoader Replaying proof Cell[Cell::post_set(int)].JML model_behavior operation contract.0 
33962      DEBUG main            d.u.i.k.p.i.IntermediateProofReplayer Proof replay took 4.24ms 
33963      DEBUG main            d.u.i.k.p.r.p.TestFile    ... success: reloaded. 
33964      INFO  main            d.u.i.k.p.r.p.TestFile    Now processing file /home/runner/work/key/key/key.core/../key.ui/examples/heap/model_methods/Cell_set.key 
33964      INFO  main            d.u.i.k.p.i.AbstractProblemLoader Loading environment from /home/runner/work/key/key/key.core/../key.ui/examples/heap/model_methods/Cell_set.key 
33965      DEBUG main            d.u.i.k.p.i.AbstractProblemLoader Environment load took 174.5ns 
33966      INFO  main            d.u.i.k.p.i.AbstractProblemLoader Creating init config 
36518      DEBUG main            d.u.i.k.p.i.AbstractProblemLoader Init config took 2.55s 
36563      INFO  main            d.u.i.k.p.i.AbstractProblemLoader Replaying proof Cell[Cell::set(int)].JML operation contract.0 
36565      DEBUG main            d.u.i.k.p.i.IntermediateProofReplayer Proof replay took 5.6ns 
42320      INFO  main            d.u.i.k.p.r.p.TestFile    ... finished proof: closed. 
42513      INFO  main            d.u.i.k.p.i.AbstractProblemLoader Loading environment from /home/runner/work/key/key/key.core/../key.ui/examples/heap/model_methods/Cell_set.key.proof 
42513      DEBUG main            d.u.i.k.p.i.AbstractProblemLoader Environment load took 314.89ns 
42514      INFO  main            d.u.i.k.p.i.AbstractProblemLoader Creating init config 
44971      DEBUG main            d.u.i.k.p.i.AbstractProblemLoader Init config took 2.46s 
45016      INFO  main            d.u.i.k.p.i.AbstractProblemLoader Replaying proof Cell[Cell::set(int)].JML operation contract.0 
45411      DEBUG main            d.u.i.k.p.i.IntermediateProofReplayer Proof replay took 377.71ms 
45412      DEBUG main            d.u.i.k.p.r.p.TestFile    ... success: reloaded. 
45414      INFO  main            d.u.i.k.p.r.p.TestFile    Now processing file /home/runner/work/key/key/key.core/../key.ui/examples/heap/model_methods/CellTest_callSet.key 
45415      INFO  main            d.u.i.k.p.i.AbstractProblemLoader Loading environment from /home/runner/work/key/key/key.core/../key.ui/examples/heap/model_methods/CellTest_callSet.key 
45415      DEBUG main            d.u.i.k.p.i.AbstractProblemLoader Environment load took 168ns 
45416      INFO  main            d.u.i.k.p.i.AbstractProblemLoader Creating init config 
47899      DEBUG main            d.u.i.k.p.i.AbstractProblemLoader Init config took 2.48s 
47963      INFO  main            d.u.i.k.p.i.AbstractProblemLoader Replaying proof CellTest[CellTest::callSet(Cell,int)].JML operation contract.0 
47965      DEBUG main            d.u.i.k.p.i.IntermediateProofReplayer Proof replay took 5.2ns 
48168      INFO  main            d.u.i.k.p.r.p.TestFile    ... finished proof: closed. 
48333      INFO  main            d.u.i.k.p.i.AbstractProblemLoader Loading environment from /home/runner/work/key/key/key.core/../key.ui/examples/heap/model_methods/CellTest_callSet.key.proof 
48333      DEBUG main            d.u.i.k.p.i.AbstractProblemLoader Environment load took 113.5ns 
48334      INFO  main            d.u.i.k.p.i.AbstractProblemLoader Creating init config 
50764      DEBUG main            d.u.i.k.p.i.AbstractProblemLoader Init config took 2.43s 
50808      INFO  main            d.u.i.k.p.i.AbstractProblemLoader Replaying proof CellTest[CellTest::callSet(Cell,int)].JML operation contract.0 
50842      DEBUG main            d.u.i.k.p.i.IntermediateProofReplayer Proof replay took 32.22ms 
50844      DEBUG main            d.u.i.k.p.r.p.TestFile    ... success: reloaded. 
50845      INFO  main            d.u.i.k.p.r.p.TestFile    Now processing file /home/runner/work/key/key/key.core/../key.ui/examples/heap/model_methods/CellTest_test2.key 
50845      INFO  main            d.u.i.k.p.i.AbstractProblemLoader Loading environment from /home/runner/work/key/key/key.core/../key.ui/examples/heap/model_methods/CellTest_test2.key 
50845      DEBUG main            d.u.i.k.p.i.AbstractProblemLoader Environment load took 154.3ns 
50846      INFO  main            d.u.i.k.p.i.AbstractProblemLoader Creating init config 
53347      DEBUG main            d.u.i.k.p.i.AbstractProblemLoader Init config took 2.5s 
53390      INFO  main            d.u.i.k.p.i.AbstractProblemLoader Replaying proof CellTest[CellTest::test2(Cell)].JML operation contract.0 
53391      DEBUG main            d.u.i.k.p.i.IntermediateProofReplayer Proof replay took 5.7ns 
53694      INFO  main            d.u.i.k.p.r.p.TestFile    ... finished proof: closed. 
53862      INFO  main            d.u.i.k.p.i.AbstractProblemLoader Loading environment from /home/runner/work/key/key/key.core/../key.ui/examples/heap/model_methods/CellTest_test2.key.proof 
53862      DEBUG main            d.u.i.k.p.i.AbstractProblemLoader Environment load took 106.4ns 
53863      INFO  main            d.u.i.k.p.i.AbstractProblemLoader Creating init config 
56298      DEBUG main            d.u.i.k.p.i.AbstractProblemLoader Init config took 2.43s 
56346      INFO  main            d.u.i.k.p.i.AbstractProblemLoader Replaying proof CellTest[CellTest::test2(Cell)].JML operation contract.0 
56408      DEBUG main            d.u.i.k.p.i.IntermediateProofReplayer Proof replay took 59.06ms 
56409      DEBUG main            d.u.i.k.p.r.p.TestFile    ... success: reloaded. 
56410      INFO  main            d.u.i.k.p.r.p.TestFile    Now processing file /home/runner/work/key/key/key.core/../key.ui/examples/heap/model_methods/CellTest_test.key 
56411      INFO  main            d.u.i.k.p.i.AbstractProblemLoader Loading environment from /home/runner/work/key/key/key.core/../key.ui/examples/heap/model_methods/CellTest_test.key 
56411      DEBUG main            d.u.i.k.p.i.AbstractProblemLoader Environment load took 144.9ns 
56412      INFO  main            d.u.i.k.p.i.AbstractProblemLoader Creating init config 
58895      DEBUG main            d.u.i.k.p.i.AbstractProblemLoader Init config took 2.48s 
58936      INFO  main            d.u.i.k.p.i.AbstractProblemLoader Replaying proof CellTest[CellTest::test(Recell)].JML operation contract.0 
58938      DEBUG main            d.u.i.k.p.i.IntermediateProofReplayer Proof replay took 6.6ns 
60546      INFO  main            d.u.i.k.p.r.p.TestFile    ... finished proof: closed. 
60742      INFO  main            d.u.i.k.p.i.AbstractProblemLoader Loading environment from /home/runner/work/key/key/key.core/../key.ui/examples/heap/model_methods/CellTest_test.key.proof 
60743      DEBUG main            d.u.i.k.p.i.AbstractProblemLoader Environment load took 1.21ms 
60745      INFO  main            d.u.i.k.p.i.AbstractProblemLoader Creating init config 
63181      DEBUG main            d.u.i.k.p.i.AbstractProblemLoader Init config took 2.44s 
63221      INFO  main            d.u.i.k.p.i.AbstractProblemLoader Replaying proof CellTest[CellTest::test(Recell)].JML operation contract.0 
63569      DEBUG main            d.u.i.k.p.i.IntermediateProofReplayer Proof replay took 332.94ms 
63570      DEBUG main            d.u.i.k.p.r.p.TestFile    ... success: reloaded. 
63571      INFO  main            d.u.i.k.p.r.p.TestFile    Now processing file /home/runner/work/key/key/key.core/../key.ui/examples/heap/model_methods/Coll1_add.key 
63572      INFO  main            d.u.i.k.p.i.AbstractProblemLoader Loading environment from /home/runner/work/key/key/key.core/../key.ui/examples/heap/model_methods/Coll1_add.key 
63572      DEBUG main            d.u.i.k.p.i.AbstractProblemLoader Environment load took 90ns 
63573      INFO  main            d.u.i.k.p.i.AbstractProblemLoader Creating init config 
66064      DEBUG main            d.u.i.k.p.i.AbstractProblemLoader Init config took 2.49s 
66104      INFO  main            d.u.i.k.p.i.AbstractProblemLoader Replaying proof Coll1[Coll::add(int)].JML operation contract.0 
66105      DEBUG main            d.u.i.k.p.i.IntermediateProofReplayer Proof replay took 6.2ns 
66209      INFO  main            d.u.i.k.p.r.p.TestFile    ... finished proof: closed. 
66378      INFO  main            d.u.i.k.p.i.AbstractProblemLoader Loading environment from /home/runner/work/key/key/key.core/../key.ui/examples/heap/model_methods/Coll1_add.key.proof 
66378      DEBUG main            d.u.i.k.p.i.AbstractProblemLoader Environment load took 106.4ns 
66379      INFO  main            d.u.i.k.p.i.AbstractProblemLoader Creating init config 
68814      DEBUG main            d.u.i.k.p.i.AbstractProblemLoader Init config took 2.44s 
68854      INFO  main            d.u.i.k.p.i.AbstractProblemLoader Replaying proof Coll1[Coll::add(int)].JML operation contract.0 
68861      DEBUG main            d.u.i.k.p.i.IntermediateProofReplayer Proof replay took 5.53ms 
68862      DEBUG main            d.u.i.k.p.r.p.TestFile    ... success: reloaded. 
68863      INFO  main            d.u.i.k.p.r.p.TestFile    Now processing file /home/runner/work/key/key/key.core/../key.ui/examples/heap/model_methods/Coll1_Coll1_add_pre.key 
68863      INFO  main            d.u.i.k.p.i.AbstractProblemLoader Loading environment from /home/runner/work/key/key/key.core/../key.ui/examples/heap/model_methods/Coll1_Coll1_add_pre.key 
68863      DEBUG main            d.u.i.k.p.i.AbstractProblemLoader Environment load took 90.1ns 
68864      INFO  main            d.u.i.k.p.i.AbstractProblemLoader Creating init config 
71334      DEBUG main            d.u.i.k.p.i.AbstractProblemLoader Init config took 2.47s 
71379      INFO  main            d.u.i.k.p.i.AbstractProblemLoader Replaying proof Coll1[Coll1::add_pre(int)].JML model_behavior operation contract.0 
71390      DEBUG main            d.u.i.k.p.i.IntermediateProofReplayer Proof replay took 6.2ns 
71497      INFO  main            d.u.i.k.p.r.p.TestFile    ... finished proof: closed. 
71669      INFO  main            d.u.i.k.p.i.AbstractProblemLoader Loading environment from /home/runner/work/key/key/key.core/../key.ui/examples/heap/model_methods/Coll1_Coll1_add_pre.key.proof 
71669      DEBUG main            d.u.i.k.p.i.AbstractProblemLoader Environment load took 112.6ns 
71670      INFO  main            d.u.i.k.p.i.AbstractProblemLoader Creating init config 
74112      DEBUG main            d.u.i.k.p.i.AbstractProblemLoader Init config took 2.44s 
74150      INFO  main            d.u.i.k.p.i.AbstractProblemLoader Replaying proof Coll1[Coll1::add_pre(int)].JML model_behavior operation contract.0 
74153      DEBUG main            d.u.i.k.p.i.IntermediateProofReplayer Proof replay took 1.24ms 
74154      DEBUG main            d.u.i.k.p.r.p.TestFile    ... success: reloaded. 
74155      INFO  main            d.u.i.k.p.r.p.TestFile    Now processing file /home/runner/work/key/key/key.core/../key.ui/examples/heap/model_methods/Coll1_Coll_add_pre.key 
74155      INFO  main            d.u.i.k.p.i.AbstractProblemLoader Loading environment from /home/runner/work/key/key/key.core/../key.ui/examples/heap/model_methods/Coll1_Coll_add_pre.key 
74155      DEBUG main            d.u.i.k.p.i.AbstractProblemLoader Environment load took 69.7ns 
74156      INFO  main            d.u.i.k.p.i.AbstractProblemLoader Creating init config 
76599      DEBUG main            d.u.i.k.p.i.AbstractProblemLoader Init config took 2.44s 
76638      INFO  main            d.u.i.k.p.i.AbstractProblemLoader Replaying proof Coll1[Coll::add_pre(int)].JML model_behavior operation contract.0 
76639      DEBUG main            d.u.i.k.p.i.IntermediateProofReplayer Proof replay took 6.1ns 
76741      INFO  main            d.u.i.k.p.r.p.TestFile    ... finished proof: closed. 
76919      INFO  main            d.u.i.k.p.i.AbstractProblemLoader Loading environment from /home/runner/work/key/key/key.core/../key.ui/examples/heap/model_methods/Coll1_Coll_add_pre.key.proof 
76919      DEBUG main            d.u.i.k.p.i.AbstractProblemLoader Environment load took 105.3ns 
76920      INFO  main            d.u.i.k.p.i.AbstractProblemLoader Creating init config 
79318      DEBUG main            d.u.i.k.p.i.AbstractProblemLoader Init config took 2.4s 
79375      INFO  main            d.u.i.k.p.i.AbstractProblemLoader Replaying proof Coll1[Coll::add_pre(int)].JML model_behavior operation contract.0 
79378      DEBUG main            d.u.i.k.p.i.IntermediateProofReplayer Proof replay took 2.01ms 
79379      DEBUG main            d.u.i.k.p.r.p.TestFile    ... success: reloaded. 
79380      INFO  main            d.u.i.k.p.r.p.TestFile    Now processing file /home/runner/work/key/key/key.core/../key.ui/examples/heap/model_methods/Coll2_add.key 
79380      INFO  main            d.u.i.k.p.i.AbstractProblemLoader Loading environment from /home/runner/work/key/key/key.core/../key.ui/examples/heap/model_methods/Coll2_add.key 
79380      DEBUG main            d.u.i.k.p.i.AbstractProblemLoader Environment load took 63.3ns 
79381      INFO  main            d.u.i.k.p.i.AbstractProblemLoader Creating init config 
81831      DEBUG main            d.u.i.k.p.i.AbstractProblemLoader Init config took 2.45s 
81869      INFO  main            d.u.i.k.p.i.AbstractProblemLoader Replaying proof Coll2[Coll::add(int)].JML operation contract.0 
81871      DEBUG main            d.u.i.k.p.i.IntermediateProofReplayer Proof replay took 5.3ns 
81975      INFO  main            d.u.i.k.p.r.p.TestFile    ... finished proof: closed. 
82159      INFO  main            d.u.i.k.p.i.AbstractProblemLoader Loading environment from /home/runner/work/key/key/key.core/../key.ui/examples/heap/model_methods/Coll2_add.key.proof 
82159      DEBUG main            d.u.i.k.p.i.AbstractProblemLoader Environment load took 103.6ns 
82160      INFO  main            d.u.i.k.p.i.AbstractProblemLoader Creating init config 
84571      DEBUG main            d.u.i.k.p.i.AbstractProblemLoader Init config took 2.41s 
84609      INFO  main            d.u.i.k.p.i.AbstractProblemLoader Replaying proof Coll2[Coll::add(int)].JML operation contract.0 
84616      DEBUG main            d.u.i.k.p.i.IntermediateProofReplayer Proof replay took 5.17ms 
84616      DEBUG main            d.u.i.k.p.r.p.TestFile    ... success: reloaded. 
84617      INFO  main            d.u.i.k.p.r.p.TestFile    Now processing file /home/runner/work/key/key/key.core/../key.ui/examples/heap/model_methods/Coll2_Coll2_add_pre.key 
84618      INFO  main            d.u.i.k.p.i.AbstractProblemLoader Loading environment from /home/runner/work/key/key/key.core/../key.ui/examples/heap/model_methods/Coll2_Coll2_add_pre.key 
84618      DEBUG main            d.u.i.k.p.i.AbstractProblemLoader Environment load took 170.3ns 
84619      INFO  main            d.u.i.k.p.i.AbstractProblemLoader Creating init config 
87072      DEBUG main            d.u.i.k.p.i.AbstractProblemLoader Init config took 2.45s 
87128      INFO  main            d.u.i.k.p.i.AbstractProblemLoader Replaying proof Coll2[Coll2::add_pre(int)].JML model_behavior operation contract.0 
87129      DEBUG main            d.u.i.k.p.i.IntermediateProofReplayer Proof replay took 6.1ns 
87230      INFO  main            d.u.i.k.p.r.p.TestFile    ... finished proof: closed. 
87415      INFO  main            d.u.i.k.p.i.AbstractProblemLoader Loading environment from /home/runner/work/key/key/key.core/../key.ui/examples/heap/model_methods/Coll2_Coll2_add_pre.key.proof 
87415      DEBUG main            d.u.i.k.p.i.AbstractProblemLoader Environment load took 99.1ns 
87416      INFO  main            d.u.i.k.p.i.AbstractProblemLoader Creating init config 
89821      DEBUG main            d.u.i.k.p.i.AbstractProblemLoader Init config took 2.41s 
89862      INFO  main            d.u.i.k.p.i.AbstractProblemLoader Replaying proof Coll2[Coll2::add_pre(int)].JML model_behavior operation contract.0 
89865      DEBUG main            d.u.i.k.p.i.IntermediateProofReplayer Proof replay took 1.37ms 
89866      DEBUG main            d.u.i.k.p.r.p.TestFile    ... success: reloaded. 
89867      INFO  main            d.u.i.k.p.r.p.TestFile    Now processing file /home/runner/work/key/key/key.core/../key.ui/examples/heap/model_methods/Coll2_Coll_add_pre.key 
89867      INFO  main            d.u.i.k.p.i.AbstractProblemLoader Loading environment from /home/runner/work/key/key/key.core/../key.ui/examples/heap/model_methods/Coll2_Coll_add_pre.key 
89868      DEBUG main            d.u.i.k.p.i.AbstractProblemLoader Environment load took 88.3ns 
89869      INFO  main            d.u.i.k.p.i.AbstractProblemLoader Creating init config 
92360      DEBUG main            d.u.i.k.p.i.AbstractProblemLoader Init config took 2.49s 
92397      INFO  main            d.u.i.k.p.i.AbstractProblemLoader Replaying proof Coll2[Coll::add_pre(int)].JML model_behavior operation contract.0 
92399      DEBUG main            d.u.i.k.p.i.IntermediateProofReplayer Proof replay took 5.8ns 
92501      INFO  main            d.u.i.k.p.r.p.TestFile    ... finished proof: closed. 
92699      INFO  main            d.u.i.k.p.i.AbstractProblemLoader Loading environment from /home/runner/work/key/key/key.core/../key.ui/examples/heap/model_methods/Coll2_Coll_add_pre.key.proof 
92699      DEBUG main            d.u.i.k.p.i.AbstractProblemLoader Environment load took 101.4ns 
92700      INFO  main            d.u.i.k.p.i.AbstractProblemLoader Creating init config 
95095      DEBUG main            d.u.i.k.p.i.AbstractProblemLoader Init config took 2.4s 
95133      INFO  main            d.u.i.k.p.i.AbstractProblemLoader Replaying proof Coll2[Coll::add_pre(int)].JML model_behavior operation contract.0 
95136      DEBUG main            d.u.i.k.p.i.IntermediateProofReplayer Proof replay took 1.82ms 
95137      DEBUG main            d.u.i.k.p.r.p.TestFile    ... success: reloaded. 
95138      INFO  main            d.u.i.k.p.r.p.TestFile    Now processing file /home/runner/work/key/key/key.core/../key.ui/examples/heap/model_methods/Coll_add.key 
95139      INFO  main            d.u.i.k.p.i.AbstractProblemLoader Loading environment from /home/runner/work/key/key/key.core/../key.ui/examples/heap/model_methods/Coll_add.key 
95139      DEBUG main            d.u.i.k.p.i.AbstractProblemLoader Environment load took 157.3ns 
95140      INFO  main            d.u.i.k.p.i.AbstractProblemLoader Creating init config 
97597      DEBUG main            d.u.i.k.p.i.AbstractProblemLoader Init config took 2.46s 
97635      INFO  main            d.u.i.k.p.i.AbstractProblemLoader Replaying proof Coll[Coll::add(int)].JML operation contract.0 
97636      DEBUG main            d.u.i.k.p.i.IntermediateProofReplayer Proof replay took 5.8ns 
97737      INFO  main            d.u.i.k.p.r.p.TestFile    ... finished proof: closed. 
97939      INFO  main            d.u.i.k.p.i.AbstractProblemLoader Loading environment from /home/runner/work/key/key/key.core/../key.ui/examples/heap/model_methods/Coll_add.key.proof 
97939      DEBUG main            d.u.i.k.p.i.AbstractProblemLoader Environment load took 128.1ns 
97940      INFO  main            d.u.i.k.p.i.AbstractProblemLoader Creating init config 
100336     DEBUG main            d.u.i.k.p.i.AbstractProblemLoader Init config took 2.4s 
100375     INFO  main            d.u.i.k.p.i.AbstractProblemLoader Replaying proof Coll[Coll::add(int)].JML operation contract.0 
100378     DEBUG main            d.u.i.k.p.i.IntermediateProofReplayer Proof replay took 1.77ms 
100379     DEBUG main            d.u.i.k.p.r.p.TestFile    ... success: reloaded. 
100380     INFO  main            d.u.i.k.p.r.p.TestFile    Now processing file /home/runner/work/key/key/key.core/../key.ui/examples/heap/model_methods/Coll_add_pre.key 
100380     INFO  main            d.u.i.k.p.i.AbstractProblemLoader Loading environment from /home/runner/work/key/key/key.core/../key.ui/examples/heap/model_methods/Coll_add_pre.key 
100380     DEBUG main            d.u.i.k.p.i.AbstractProblemLoader Environment load took 148.9ns 
100381     INFO  main            d.u.i.k.p.i.AbstractProblemLoader Creating init config 
102848     DEBUG main            d.u.i.k.p.i.AbstractProblemLoader Init config took 2.47s 
102885     INFO  main            d.u.i.k.p.i.AbstractProblemLoader Replaying proof Coll[Coll::add_pre(int)].JML model_behavior operation contract.0 
102886     DEBUG main            d.u.i.k.p.i.IntermediateProofReplayer Proof replay took 5.8ns 
102988     INFO  main            d.u.i.k.p.r.p.TestFile    ... finished proof: closed. 
103190     INFO  main            d.u.i.k.p.i.AbstractProblemLoader Loading environment from /home/runner/work/key/key/key.core/../key.ui/examples/heap/model_methods/Coll_add_pre.key.proof 
103190     DEBUG main            d.u.i.k.p.i.AbstractProblemLoader Environment load took 138.4ns 
103191     INFO  main            d.u.i.k.p.i.AbstractProblemLoader Creating init config 
105587     DEBUG main            d.u.i.k.p.i.AbstractProblemLoader Init config took 2.4s 
105624     INFO  main            d.u.i.k.p.i.AbstractProblemLoader Replaying proof Coll[Coll::add_pre(int)].JML model_behavior operation contract.0 
105628     DEBUG main            d.u.i.k.p.i.IntermediateProofReplayer Proof replay took 2.19ms 
105628     DEBUG main            d.u.i.k.p.r.p.TestFile    ... success: reloaded. 
105629     INFO  main            d.u.i.k.p.r.p.TestFile    Now processing file /home/runner/work/key/key/key.core/../key.ui/examples/heap/model_methods/Indirect_callAdd.key 
105630     INFO  main            d.u.i.k.p.i.AbstractProblemLoader Loading environment from /home/runner/work/key/key/key.core/../key.ui/examples/heap/model_methods/Indirect_callAdd.key 
105630     DEBUG main            d.u.i.k.p.i.AbstractProblemLoader Environment load took 88.7ns 
105630     INFO  main            d.u.i.k.p.i.AbstractProblemLoader Creating init config 
108078     DEBUG main            d.u.i.k.p.i.AbstractProblemLoader Init config took 2.45s 
108114     INFO  main            d.u.i.k.p.i.AbstractProblemLoader Replaying proof Indirect[Indirect::callAdd(Coll,int)].JML operation contract.0 
108116     DEBUG main            d.u.i.k.p.i.IntermediateProofReplayer Proof replay took 5.8ns 
108222     INFO  main            d.u.i.k.p.r.p.TestFile    ... finished proof: closed. 
108444     INFO  main            d.u.i.k.p.i.AbstractProblemLoader Loading environment from /home/runner/work/key/key/key.core/../key.ui/examples/heap/model_methods/Indirect_callAdd.key.proof 
108444     DEBUG main            d.u.i.k.p.i.AbstractProblemLoader Environment load took 103ns 
108445     INFO  main            d.u.i.k.p.i.AbstractProblemLoader Creating init config 
110822     DEBUG main            d.u.i.k.p.i.AbstractProblemLoader Init config took 2.38s 
110859     INFO  main            d.u.i.k.p.i.AbstractProblemLoader Replaying proof Indirect[Indirect::callAdd(Coll,int)].JML operation contract.0 
110880     DEBUG main            d.u.i.k.p.i.IntermediateProofReplayer Proof replay took 19.29ms 
110881     DEBUG main            d.u.i.k.p.r.p.TestFile    ... success: reloaded. 
110882     INFO  main            d.u.i.k.p.r.p.TestFile    Now processing file /home/runner/work/key/key/key.core/../key.ui/examples/heap/model_methods/Indirect_test.key 
110882     INFO  main            d.u.i.k.p.i.AbstractProblemLoader Loading environment from /home/runner/work/key/key/key.core/../key.ui/examples/heap/model_methods/Indirect_test.key 
110882     DEBUG main            d.u.i.k.p.i.AbstractProblemLoader Environment load took 85.7ns 
110883     INFO  main            d.u.i.k.p.i.AbstractProblemLoader Creating init config 
113363     DEBUG main            d.u.i.k.p.i.AbstractProblemLoader Init config took 2.48s 
113402     INFO  main            d.u.i.k.p.i.AbstractProblemLoader Replaying proof Indirect[Indirect::test(Coll1,Coll2)].JML operation contract.0 
113403     DEBUG main            d.u.i.k.p.i.IntermediateProofReplayer Proof replay took 6.1ns 
113623     INFO  main            d.u.i.k.p.r.p.TestFile    ... finished proof: closed. 
113834     INFO  main            d.u.i.k.p.i.AbstractProblemLoader Loading environment from /home/runner/work/key/key/key.core/../key.ui/examples/heap/model_methods/Indirect_test.key.proof 
113834     DEBUG main            d.u.i.k.p.i.AbstractProblemLoader Environment load took 108.5ns 
113835     INFO  main            d.u.i.k.p.i.AbstractProblemLoader Creating init config 
116251     DEBUG main            d.u.i.k.p.i.AbstractProblemLoader Init config took 2.42s 
116288     INFO  main            d.u.i.k.p.i.AbstractProblemLoader Replaying proof Indirect[Indirect::test(Coll1,Coll2)].JML operation contract.0 
116353     DEBUG main            d.u.i.k.p.i.IntermediateProofReplayer Proof replay took 62.2ms 
116354     DEBUG main            d.u.i.k.p.r.p.TestFile    ... success: reloaded. 
116355     INFO  main            d.u.i.k.p.r.p.TestFile    Now processing file /home/runner/work/key/key/key.core/../key.ui/examples/heap/model_methods/Recell_Cell_footprint.key 
116355     INFO  main            d.u.i.k.p.i.AbstractProblemLoader Loading environment from /home/runner/work/key/key/key.core/../key.ui/examples/heap/model_methods/Recell_Cell_footprint.key 
116355     DEBUG main            d.u.i.k.p.i.AbstractProblemLoader Environment load took 74.6ns 
116356     INFO  main            d.u.i.k.p.i.AbstractProblemLoader Creating init config 
118817     DEBUG main            d.u.i.k.p.i.AbstractProblemLoader Init config took 2.46s 
118853     INFO  main            d.u.i.k.p.i.AbstractProblemLoader Replaying proof Recell[Cell::footprint()].JML model_behavior operation contract.0 
118854     DEBUG main            d.u.i.k.p.i.IntermediateProofReplayer Proof replay took 5.3ns 
118955     INFO  main            d.u.i.k.p.r.p.TestFile    ... finished proof: closed. 
119174     INFO  main            d.u.i.k.p.i.AbstractProblemLoader Loading environment from /home/runner/work/key/key/key.core/../key.ui/examples/heap/model_methods/Recell_Cell_footprint.key.proof 
119174     DEBUG main            d.u.i.k.p.i.AbstractProblemLoader Environment load took 94.7ns 
119175     INFO  main            d.u.i.k.p.i.AbstractProblemLoader Creating init config 
121585     DEBUG main            d.u.i.k.p.i.AbstractProblemLoader Init config took 2.41s 
121625     INFO  main            d.u.i.k.p.i.AbstractProblemLoader Replaying proof Recell[Cell::footprint()].JML model_behavior operation contract.0 
121629     DEBUG main            d.u.i.k.p.i.IntermediateProofReplayer Proof replay took 2.37ms 
121630     DEBUG main            d.u.i.k.p.r.p.TestFile    ... success: reloaded. 
121631     INFO  main            d.u.i.k.p.r.p.TestFile    Now processing file /home/runner/work/key/key/key.core/../key.ui/examples/heap/model_methods/Recell_Cell_post_set.key 
121631     INFO  main            d.u.i.k.p.i.AbstractProblemLoader Loading environment from /home/runner/work/key/key/key.core/../key.ui/examples/heap/model_methods/Recell_Cell_post_set.key 
121631     DEBUG main            d.u.i.k.p.i.AbstractProblemLoader Environment load took 145.4ns 
121632     INFO  main            d.u.i.k.p.i.AbstractProblemLoader Creating init config 
124047     DEBUG main            d.u.i.k.p.i.AbstractProblemLoader Init config took 2.41s 
124083     INFO  main            d.u.i.k.p.i.AbstractProblemLoader Replaying proof Recell[Cell::post_set(int)].JML model_behavior operation contract.0 
124084     DEBUG main            d.u.i.k.p.i.IntermediateProofReplayer Proof replay took 5.3ns 
124185     INFO  main            d.u.i.k.p.r.p.TestFile    ... finished proof: closed. 
124411     INFO  main            d.u.i.k.p.i.AbstractProblemLoader Loading environment from /home/runner/work/key/key/key.core/../key.ui/examples/heap/model_methods/Recell_Cell_post_set.key.proof 
124411     DEBUG main            d.u.i.k.p.i.AbstractProblemLoader Environment load took 99.2ns 
124412     INFO  main            d.u.i.k.p.i.AbstractProblemLoader Creating init config 
126809     DEBUG main            d.u.i.k.p.i.AbstractProblemLoader Init config took 2.4s 
126845     INFO  main            d.u.i.k.p.i.AbstractProblemLoader Replaying proof Recell[Cell::post_set(int)].JML model_behavior operation contract.0 
126849     DEBUG main            d.u.i.k.p.i.IntermediateProofReplayer Proof replay took 3.34ms 
126850     DEBUG main            d.u.i.k.p.r.p.TestFile    ... success: reloaded. 
126851     INFO  main            d.u.i.k.p.r.p.TestFile    Now processing file /home/runner/work/key/key/key.core/../key.ui/examples/heap/model_methods/Recell_footprint_acc.key 
126851     INFO  main            d.u.i.k.p.i.AbstractProblemLoader Loading environment from /home/runner/work/key/key/key.core/../key.ui/examples/heap/model_methods/Recell_footprint_acc.key 
126851     DEBUG main            d.u.i.k.p.i.AbstractProblemLoader Environment load took 51.2ns 
126852     INFO  main            d.u.i.k.p.i.AbstractProblemLoader Creating init config 
129298     DEBUG main            d.u.i.k.p.i.AbstractProblemLoader Init config took 2.45s 
129334     INFO  main            d.u.i.k.p.i.AbstractProblemLoader Replaying proof Recell[Cell::footprint()].JML accessible clause.0 
129336     DEBUG main            d.u.i.k.p.i.IntermediateProofReplayer Proof replay took 6.1ns 
129440     INFO  main            d.u.i.k.p.r.p.TestFile    ... finished proof: closed. 
129672     INFO  main            d.u.i.k.p.i.AbstractProblemLoader Loading environment from /home/runner/work/key/key/key.core/../key.ui/examples/heap/model_methods/Recell_footprint_acc.key.proof 
129672     DEBUG main            d.u.i.k.p.i.AbstractProblemLoader Environment load took 99.9ns 
129673     INFO  main            d.u.i.k.p.i.AbstractProblemLoader Creating init config 
132047     DEBUG main            d.u.i.k.p.i.AbstractProblemLoader Init config took 2.37s 
132084     INFO  main            d.u.i.k.p.i.AbstractProblemLoader Replaying proof Recell[Cell::footprint()].JML accessible clause.0 
132099     DEBUG main            d.u.i.k.p.i.IntermediateProofReplayer Proof replay took 13.62ms 
132100     DEBUG main            d.u.i.k.p.r.p.TestFile    ... success: reloaded. 
132101     INFO  main            d.u.i.k.p.r.p.TestFile    Now processing file /home/runner/work/key/key/key.core/../key.ui/examples/heap/model_methods/Recell_get_acc.key 
132101     INFO  main            d.u.i.k.p.i.AbstractProblemLoader Loading environment from /home/runner/work/key/key/key.core/../key.ui/examples/heap/model_methods/Recell_get_acc.key 
132101     DEBUG main            d.u.i.k.p.i.AbstractProblemLoader Environment load took 71.5ns 
132102     INFO  main            d.u.i.k.p.i.AbstractProblemLoader Creating init config 
134523     DEBUG main            d.u.i.k.p.i.AbstractProblemLoader Init config took 2.42s 
134559     INFO  main            d.u.i.k.p.i.AbstractProblemLoader Replaying proof Recell[Cell::get()].JML accessible clause.0 
134560     DEBUG main            d.u.i.k.p.i.IntermediateProofReplayer Proof replay took 6.2ns 
134661     INFO  main            d.u.i.k.p.r.p.TestFile    ... finished proof: closed. 
134900     INFO  main            d.u.i.k.p.i.AbstractProblemLoader Loading environment from /home/runner/work/key/key/key.core/../key.ui/examples/heap/model_methods/Recell_get_acc.key.proof 
134900     DEBUG main            d.u.i.k.p.i.AbstractProblemLoader Environment load took 94.4ns 
134901     INFO  main            d.u.i.k.p.i.AbstractProblemLoader Creating init config 
137266     DEBUG main            d.u.i.k.p.i.AbstractProblemLoader Init config took 2.36s 
137303     INFO  main            d.u.i.k.p.i.AbstractProblemLoader Replaying proof Recell[Cell::get()].JML accessible clause.0 
137318     DEBUG main            d.u.i.k.p.i.IntermediateProofReplayer Proof replay took 13.26ms 
137319     DEBUG main            d.u.i.k.p.r.p.TestFile    ... success: reloaded. 
137320     INFO  main            d.u.i.k.p.r.p.TestFile    Now processing file /home/runner/work/key/key/key.core/../key.ui/examples/heap/model_methods/Recell_get.key 
137320     INFO  main            d.u.i.k.p.i.AbstractProblemLoader Loading environment from /home/runner/work/key/key/key.core/../key.ui/examples/heap/model_methods/Recell_get.key 
137320     DEBUG main            d.u.i.k.p.i.AbstractProblemLoader Environment load took 72.6ns 
137321     INFO  main            d.u.i.k.p.i.AbstractProblemLoader Creating init config 
139746     DEBUG main            d.u.i.k.p.i.AbstractProblemLoader Init config took 2.42s 
139783     INFO  main            d.u.i.k.p.i.AbstractProblemLoader Replaying proof Recell[Cell::get()].JML operation contract.0 
139784     DEBUG main            d.u.i.k.p.i.IntermediateProofReplayer Proof replay took 7ns 
139885     INFO  main            d.u.i.k.p.r.p.TestFile    ... finished proof: closed. 
140125     INFO  main            d.u.i.k.p.i.AbstractProblemLoader Loading environment from /home/runner/work/key/key/key.core/../key.ui/examples/heap/model_methods/Recell_get.key.proof 
140125     DEBUG main            d.u.i.k.p.i.AbstractProblemLoader Environment load took 91.4ns 
140126     INFO  main            d.u.i.k.p.i.AbstractProblemLoader Creating init config 
142549     DEBUG main            d.u.i.k.p.i.AbstractProblemLoader Init config took 2.42s 
142591     INFO  main            d.u.i.k.p.i.AbstractProblemLoader Replaying proof Recell[Cell::get()].JML operation contract.0 
142602     DEBUG main            d.u.i.k.p.i.IntermediateProofReplayer Proof replay took 8.3ms 
142603     DEBUG main            d.u.i.k.p.r.p.TestFile    ... success: reloaded. 
142604     INFO  main            d.u.i.k.p.r.p.TestFile    Now processing file /home/runner/work/key/key/key.core/../key.ui/examples/heap/model_methods/Recell_Recell_footprint.key 
142604     INFO  main            d.u.i.k.p.i.AbstractProblemLoader Loading environment from /home/runner/work/key/key/key.core/../key.ui/examples/heap/model_methods/Recell_Recell_footprint.key 
142604     DEBUG main            d.u.i.k.p.i.AbstractProblemLoader Environment load took 138.6ns 
142606     INFO  main            d.u.i.k.p.i.AbstractProblemLoader Creating init config 
145071     DEBUG main            d.u.i.k.p.i.AbstractProblemLoader Init config took 2.46s 
145122     INFO  main            d.u.i.k.p.i.AbstractProblemLoader Replaying proof Recell[Recell::footprint()].JML model_behavior operation contract.0 
145123     DEBUG main            d.u.i.k.p.i.IntermediateProofReplayer Proof replay took 6.4ns 
145225     INFO  main            d.u.i.k.p.r.p.TestFile    ... finished proof: closed. 
145471     INFO  main            d.u.i.k.p.i.AbstractProblemLoader Loading environment from /home/runner/work/key/key/key.core/../key.ui/examples/heap/model_methods/Recell_Recell_footprint.key.proof 
145471     DEBUG main            d.u.i.k.p.i.AbstractProblemLoader Environment load took 97.1ns 
145472     INFO  main            d.u.i.k.p.i.AbstractProblemLoader Creating init config 
147846     DEBUG main            d.u.i.k.p.i.AbstractProblemLoader Init config took 2.37s 
147881     INFO  main            d.u.i.k.p.i.AbstractProblemLoader Replaying proof Recell[Recell::footprint()].JML model_behavior operation contract.0 
147884     DEBUG main            d.u.i.k.p.i.IntermediateProofReplayer Proof replay took 1.18ms 
147885     DEBUG main            d.u.i.k.p.r.p.TestFile    ... success: reloaded. 
147885     INFO  main            d.u.i.k.p.r.p.TestFile    Now processing file /home/runner/work/key/key/key.core/../key.ui/examples/heap/model_methods/Recell_Recell_post_set.key 
147886     INFO  main            d.u.i.k.p.i.AbstractProblemLoader Loading environment from /home/runner/work/key/key/key.core/../key.ui/examples/heap/model_methods/Recell_Recell_post_set.key 
147886     DEBUG main            d.u.i.k.p.i.AbstractProblemLoader Environment load took 210.8ns 
147886     INFO  main            d.u.i.k.p.i.AbstractProblemLoader Creating init config 
150310     DEBUG main            d.u.i.k.p.i.AbstractProblemLoader Init config took 2.42s 
150346     INFO  main            d.u.i.k.p.i.AbstractProblemLoader Replaying proof Recell[Recell::post_set(int)].JML model_behavior operation contract.0 
150347     DEBUG main            d.u.i.k.p.i.IntermediateProofReplayer Proof replay took 5.7ns 
150449     INFO  main            d.u.i.k.p.r.p.TestFile    ... finished proof: closed. 
150712     INFO  main            d.u.i.k.p.i.AbstractProblemLoader Loading environment from /home/runner/work/key/key/key.core/../key.ui/examples/heap/model_methods/Recell_Recell_post_set.key.proof 
150712     DEBUG main            d.u.i.k.p.i.AbstractProblemLoader Environment load took 88.5ns 
150713     INFO  main            d.u.i.k.p.i.AbstractProblemLoader Creating init config 
153092     DEBUG main            d.u.i.k.p.i.AbstractProblemLoader Init config took 2.38s 
153129     INFO  main            d.u.i.k.p.i.AbstractProblemLoader Replaying proof Recell[Recell::post_set(int)].JML model_behavior operation contract.0 
153132     DEBUG main            d.u.i.k.p.i.IntermediateProofReplayer Proof replay took 2ms 
153133     DEBUG main            d.u.i.k.p.r.p.TestFile    ... success: reloaded. 
153134     INFO  main            d.u.i.k.p.r.p.TestFile    Now processing file /home/runner/work/key/key/key.core/../key.ui/examples/heap/model_methods/Recell_set.key 
153135     INFO  main            d.u.i.k.p.i.AbstractProblemLoader Loading environment from /home/runner/work/key/key/key.core/../key.ui/examples/heap/model_methods/Recell_set.key 
153135     DEBUG main            d.u.i.k.p.i.AbstractProblemLoader Environment load took 142.1ns 
153136     INFO  main            d.u.i.k.p.i.AbstractProblemLoader Creating init config 
155542     DEBUG main            d.u.i.k.p.i.AbstractProblemLoader Init config took 2.41s 
155578     INFO  main            d.u.i.k.p.i.AbstractProblemLoader Replaying proof Recell[Cell::set(int)].JML operation contract.0 
155580     DEBUG main            d.u.i.k.p.i.IntermediateProofReplayer Proof replay took 6.2ns 
161506     INFO  main            d.u.i.k.p.r.p.TestFile    ... finished proof: closed. 
161793     INFO  main            d.u.i.k.p.i.AbstractProblemLoader Loading environment from /home/runner/work/key/key/key.core/../key.ui/examples/heap/model_methods/Recell_set.key.proof 
161794     DEBUG main            d.u.i.k.p.i.AbstractProblemLoader Environment load took 299.3ns 
161795     INFO  main            d.u.i.k.p.i.AbstractProblemLoader Creating init config 
164177     DEBUG main            d.u.i.k.p.i.AbstractProblemLoader Init config took 2.38s 
164214     INFO  main            d.u.i.k.p.i.AbstractProblemLoader Replaying proof Recell[Cell::set(int)].JML operation contract.0 
164581     DEBUG main            d.u.i.k.p.i.IntermediateProofReplayer Proof replay took 348.47ms 
164582     DEBUG main            d.u.i.k.p.r.p.TestFile    ... success: reloaded. 
164583     INFO  main            d.u.i.k.p.r.p.TestFile    Now processing file /home/runner/work/key/key/key.core/../key.ui/examples/heap/model_methods/Recell_undo.key 
164583     INFO  main            d.u.i.k.p.i.AbstractProblemLoader Loading environment from /home/runner/work/key/key/key.core/../key.ui/examples/heap/model_methods/Recell_undo.key 
164583     DEBUG main            d.u.i.k.p.i.AbstractProblemLoader Environment load took 170.4ns 
164584     INFO  main            d.u.i.k.p.i.AbstractProblemLoader Creating init config 
167015     DEBUG main            d.u.i.k.p.i.AbstractProblemLoader Init config took 2.43s 
167053     INFO  main            d.u.i.k.p.i.AbstractProblemLoader Replaying proof Recell[Recell::undo()].JML operation contract.0 
167055     DEBUG main            d.u.i.k.p.i.IntermediateProofReplayer Proof replay took 6.9ns 
167156     INFO  main            d.u.i.k.p.r.p.TestFile    ... finished proof: closed. 
167460     INFO  main            d.u.i.k.p.i.AbstractProblemLoader Loading environment from /home/runner/work/key/key/key.core/../key.ui/examples/heap/model_methods/Recell_undo.key.proof 
167460     DEBUG main            d.u.i.k.p.i.AbstractProblemLoader Environment load took 88.8ns 
167461     INFO  main            d.u.i.k.p.i.AbstractProblemLoader Creating init config 
169828     DEBUG main            d.u.i.k.p.i.AbstractProblemLoader Init config took 2.37s 
169864     INFO  main            d.u.i.k.p.i.AbstractProblemLoader Replaying proof Recell[Recell::undo()].JML operation contract.0 
169901     DEBUG main            d.u.i.k.p.i.IntermediateProofReplayer Proof replay took 34.92ms 
169902     DEBUG main            d.u.i.k.p.r.p.TestFile    ... success: reloaded. 
3954254    INFO  Test worker     d.u.i.k.p.r.RunAllProofsTestUnit Returning from test modelMethods 
3954255    INFO  Test worker     d.u.i.k.p.r.RunAllProofsTestUnit Running test permissionHeap 
346        INFO  Timeout watchdog d.u.i.k.p.r.p.ForkedTestFileRunner Timeout watcher launched (2000 secs.) 
374        WARN  main            d.u.i.k.s.ProofSettings   The settings in /home/runner/.key/proof-settings.props are *not* read. 
419        INFO  main            d.u.i.k.p.r.p.TestFile    Now processing file /home/runner/work/key/key/key.core/../key.ui/examples/heap/permissions/permissions_method0.key 
538        INFO  main            d.u.i.k.p.i.AbstractProblemLoader Loading environment from /home/runner/work/key/key/key.core/../key.ui/examples/heap/permissions/permissions_method0.key 
554        DEBUG main            d.u.i.k.p.i.AbstractProblemLoader Environment load took 1.82ms 
763        INFO  main            d.u.i.k.p.i.AbstractProblemLoader Creating init config 
1716       DEBUG main            d.u.i.k.j.TypeConverter   No LDT found for Meta 
1716       DEBUG main            d.u.i.k.j.TypeConverter   No LDT found for Meta 
1719       DEBUG main            d.u.i.k.j.TypeConverter   No LDT found for Meta 
1720       DEBUG main            d.u.i.k.j.TypeConverter   No LDT found for Meta 
2955       DEBUG main            d.u.i.k.j.TypeConverter   No LDT found for JavaBigintExpression 
7946       DEBUG main            d.u.i.k.p.i.AbstractProblemLoader Init config took 7.18s 
8074       INFO  main            d.u.i.k.p.i.AbstractProblemLoader Replaying proof MyClass[MyClass::method0()].JML normal_behavior operation contract.0 
8106       DEBUG main            d.u.i.k.p.i.IntermediateProofReplayer Proof replay took 30.1ns 
9034       INFO  main            d.u.i.k.p.r.p.TestFile    ... finished proof: closed. 
9154       INFO  main            d.u.i.k.p.i.AbstractProblemLoader Loading environment from /home/runner/work/key/key/key.core/../key.ui/examples/heap/permissions/permissions_method0.key.proof 
9154       DEBUG main            d.u.i.k.p.i.AbstractProblemLoader Environment load took 141.4ns 
9156       INFO  main            d.u.i.k.p.i.AbstractProblemLoader Creating init config 
12042      DEBUG main            d.u.i.k.p.i.AbstractProblemLoader Init config took 2.89s 
12132      INFO  main            d.u.i.k.p.i.AbstractProblemLoader Replaying proof MyClass[MyClass::method0()].JML normal_behavior operation contract.0 
12212      DEBUG main            d.u.i.k.p.i.IntermediateProofReplayer Proof replay took 74.75ms 
12219      DEBUG main            d.u.i.k.p.r.p.TestFile    ... success: reloaded. 
12220      INFO  main            d.u.i.k.p.r.p.TestFile    Now processing file /home/runner/work/key/key/key.core/../key.ui/examples/heap/permissions/permissions_method1.key 
12221      INFO  main            d.u.i.k.p.i.AbstractProblemLoader Loading environment from /home/runner/work/key/key/key.core/../key.ui/examples/heap/permissions/permissions_method1.key 
12221      DEBUG main            d.u.i.k.p.i.AbstractProblemLoader Environment load took 183.1ns 
12222      INFO  main            d.u.i.k.p.i.AbstractProblemLoader Creating init config 
15021      DEBUG main            d.u.i.k.p.i.AbstractProblemLoader Init config took 2.8s 
15084      INFO  main            d.u.i.k.p.i.AbstractProblemLoader Replaying proof MyClass[MyClass::method1()].JML normal_behavior operation contract.0 
15088      DEBUG main            d.u.i.k.p.i.IntermediateProofReplayer Proof replay took 5.6ns 
15394      INFO  main            d.u.i.k.p.r.p.TestFile    ... finished proof: closed. 
15532      INFO  main            d.u.i.k.p.i.AbstractProblemLoader Loading environment from /home/runner/work/key/key/key.core/../key.ui/examples/heap/permissions/permissions_method1.key.proof 
15532      DEBUG main            d.u.i.k.p.i.AbstractProblemLoader Environment load took 167.1ns 
15534      INFO  main            d.u.i.k.p.i.AbstractProblemLoader Creating init config 
18235      DEBUG main            d.u.i.k.p.i.AbstractProblemLoader Init config took 2.7s 
18284      INFO  main            d.u.i.k.p.i.AbstractProblemLoader Replaying proof MyClass[MyClass::method1()].JML normal_behavior operation contract.0 
18341      DEBUG main            d.u.i.k.p.i.IntermediateProofReplayer Proof replay took 53.04ms 
18342      DEBUG main            d.u.i.k.p.r.p.TestFile    ... success: reloaded. 
18343      INFO  main            d.u.i.k.p.r.p.TestFile    Now processing file /home/runner/work/key/key/key.core/../key.ui/examples/heap/permissions/permissions_method3.key 
18343      INFO  main            d.u.i.k.p.i.AbstractProblemLoader Loading environment from /home/runner/work/key/key/key.core/../key.ui/examples/heap/permissions/permissions_method3.key 
18343      DEBUG main            d.u.i.k.p.i.AbstractProblemLoader Environment load took 167.3ns 
18344      INFO  main            d.u.i.k.p.i.AbstractProblemLoader Creating init config 
21015      DEBUG main            d.u.i.k.p.i.AbstractProblemLoader Init config took 2.67s 
21069      INFO  main            d.u.i.k.p.i.AbstractProblemLoader Replaying proof MyClass[MyClass::method3()].JML normal_behavior operation contract.0 
21073      DEBUG main            d.u.i.k.p.i.IntermediateProofReplayer Proof replay took 4.8ns 
22381      INFO  main            d.u.i.k.p.r.p.TestFile    ... finished proof: closed. 
22530      INFO  main            d.u.i.k.p.i.AbstractProblemLoader Loading environment from /home/runner/work/key/key/key.core/../key.ui/examples/heap/permissions/permissions_method3.key.proof 
22531      DEBUG main            d.u.i.k.p.i.AbstractProblemLoader Environment load took 638.99ns 
22533      INFO  main            d.u.i.k.p.i.AbstractProblemLoader Creating init config 
25165      DEBUG main            d.u.i.k.p.i.AbstractProblemLoader Init config took 2.63s 
25209      INFO  main            d.u.i.k.p.i.AbstractProblemLoader Replaying proof MyClass[MyClass::method3()].JML normal_behavior operation contract.0 
25434      DEBUG main            d.u.i.k.p.i.IntermediateProofReplayer Proof replay took 216.97ms 
25436      DEBUG main            d.u.i.k.p.r.p.TestFile    ... success: reloaded. 
25438      INFO  main            d.u.i.k.p.r.p.TestFile    Now processing file /home/runner/work/key/key/key.core/../key.ui/examples/heap/permissions/permissions_setAB.key 
25440      INFO  main            d.u.i.k.p.i.AbstractProblemLoader Loading environment from /home/runner/work/key/key/key.core/../key.ui/examples/heap/permissions/permissions_setAB.key 
25440      DEBUG main            d.u.i.k.p.i.AbstractProblemLoader Environment load took 192.9ns 
25441      INFO  main            d.u.i.k.p.i.AbstractProblemLoader Creating init config 
28114      DEBUG main            d.u.i.k.p.i.AbstractProblemLoader Init config took 2.67s 
28178      INFO  main            d.u.i.k.p.i.AbstractProblemLoader Replaying proof MyClass[MyClass::setAB()].JML normal_behavior operation contract.0 
28180      DEBUG main            d.u.i.k.p.i.IntermediateProofReplayer Proof replay took 6.1ns 
29515      INFO  main            d.u.i.k.p.r.p.TestFile    ... finished proof: closed. 
29735      INFO  main            d.u.i.k.p.i.AbstractProblemLoader Loading environment from /home/runner/work/key/key/key.core/../key.ui/examples/heap/permissions/permissions_setAB.key.proof 
29736      DEBUG main            d.u.i.k.p.i.AbstractProblemLoader Environment load took 768.39ns 
29737      INFO  main            d.u.i.k.p.i.AbstractProblemLoader Creating init config 
32321      DEBUG main            d.u.i.k.p.i.AbstractProblemLoader Init config took 2.58s 
32368      INFO  main            d.u.i.k.p.i.AbstractProblemLoader Replaying proof MyClass[MyClass::setAB()].JML normal_behavior operation contract.0 
32510      DEBUG main            d.u.i.k.p.i.IntermediateProofReplayer Proof replay took 135.17ms 
32511      DEBUG main            d.u.i.k.p.r.p.TestFile    ... success: reloaded. 
32512      INFO  main            d.u.i.k.p.r.p.TestFile    Now processing file /home/runner/work/key/key/key.core/../key.ui/examples/heap/permissions/permissionProperties.key 
32512      INFO  main            d.u.i.k.p.i.AbstractProblemLoader Loading environment from /home/runner/work/key/key/key.core/../key.ui/examples/heap/permissions/permissionProperties.key 
32512      DEBUG main            d.u.i.k.p.i.AbstractProblemLoader Environment load took 158.5ns 
32514      INFO  main            d.u.i.k.p.i.AbstractProblemLoader Creating init config 
32666      DEBUG main            d.u.i.k.j.TypeConverter   No LDT found for Meta 
32666      DEBUG main            d.u.i.k.j.TypeConverter   No LDT found for Meta 
32667      DEBUG main            d.u.i.k.j.TypeConverter   No LDT found for Meta 
32667      DEBUG main            d.u.i.k.j.TypeConverter   No LDT found for Meta 
33296      DEBUG main            d.u.i.k.j.TypeConverter   No LDT found for JavaBigintExpression 
35904      DEBUG main            d.u.i.k.p.i.AbstractProblemLoader Init config took 3.39s 
35930      INFO  main            d.u.i.k.p.i.AbstractProblemLoader Replaying proof permissionProperties.key 
35933      DEBUG main            d.u.i.k.p.i.IntermediateProofReplayer Proof replay took 6.1ns 
36036      INFO  main            d.u.i.k.p.r.p.TestFile    ... finished proof: closed. 
36219      INFO  main            d.u.i.k.p.i.AbstractProblemLoader Loading environment from /home/runner/work/key/key/key.core/../key.ui/examples/heap/permissions/permissionProperties.key.proof 
36220      DEBUG main            d.u.i.k.p.i.AbstractProblemLoader Environment load took 106.7ns 
36222      INFO  main            d.u.i.k.p.i.AbstractProblemLoader Creating init config 
38655      DEBUG main            d.u.i.k.p.i.AbstractProblemLoader Init config took 2.43s 
38673      INFO  main            d.u.i.k.p.i.AbstractProblemLoader Replaying proof permissionProperties.key.proof 
38688      DEBUG main            d.u.i.k.p.i.IntermediateProofReplayer Proof replay took 12.03ms 
38689      DEBUG main            d.u.i.k.p.r.p.TestFile    ... success: reloaded. 
38690      INFO  main            d.u.i.k.p.r.p.TestFile    Now processing file /home/runner/work/key/key/key.core/../key.ui/examples/heap/permissions/threads/AFilter_AFilter.key 
38690      INFO  main            d.u.i.k.p.i.AbstractProblemLoader Loading environment from /home/runner/work/key/key/key.core/../key.ui/examples/heap/permissions/threads/AFilter_AFilter.key 
38691      DEBUG main            d.u.i.k.p.i.AbstractProblemLoader Environment load took 179.9ns 
38692      INFO  main            d.u.i.k.p.i.AbstractProblemLoader Creating init config 
38804      DEBUG main            d.u.i.k.j.TypeConverter   No LDT found for Meta 
38805      DEBUG main            d.u.i.k.j.TypeConverter   No LDT found for Meta 
38805      DEBUG main            d.u.i.k.j.TypeConverter   No LDT found for Meta 
38806      DEBUG main            d.u.i.k.j.TypeConverter   No LDT found for Meta 
39313      DEBUG main            d.u.i.k.j.TypeConverter   No LDT found for JavaBigintExpression 
44671      DEBUG main            d.u.i.k.p.i.AbstractProblemLoader Init config took 5.98s 
44773      INFO  main            d.u.i.k.p.i.AbstractProblemLoader Replaying proof AFilter[AFilter::AFilter(Sampler,Buffer)].JML normal_behavior operation contract.0 
44775      DEBUG main            d.u.i.k.p.i.IntermediateProofReplayer Proof replay took 6.3ns 
45883      INFO  main            d.u.i.k.p.r.p.TestFile    ... finished proof: closed. 
46095      INFO  main            d.u.i.k.p.i.AbstractProblemLoader Loading environment from /home/runner/work/key/key/key.core/../key.ui/examples/heap/permissions/threads/AFilter_AFilter.key.proof 
46095      DEBUG main            d.u.i.k.p.i.AbstractProblemLoader Environment load took 314.69ns 
46097      INFO  main            d.u.i.k.p.i.AbstractProblemLoader Creating init config 
50709      DEBUG main            d.u.i.k.p.i.AbstractProblemLoader Init config took 4.61s 
50808      INFO  main            d.u.i.k.p.i.AbstractProblemLoader Replaying proof AFilter[AFilter::AFilter(Sampler,Buffer)].JML normal_behavior operation contract.0 
50924      DEBUG main            d.u.i.k.p.i.IntermediateProofReplayer Proof replay took 110.42ms 
50925      DEBUG main            d.u.i.k.p.r.p.TestFile    ... success: reloaded. 
50926      INFO  main            d.u.i.k.p.r.p.TestFile    Now processing file /home/runner/work/key/key/key.core/../key.ui/examples/heap/permissions/threads/AFilter_initPost_accessible.key 
50927      INFO  main            d.u.i.k.p.i.AbstractProblemLoader Loading environment from /home/runner/work/key/key/key.core/../key.ui/examples/heap/permissions/threads/AFilter_initPost_accessible.key 
50927      DEBUG main            d.u.i.k.p.i.AbstractProblemLoader Environment load took 183.3ns 
50928      INFO  main            d.u.i.k.p.i.AbstractProblemLoader Creating init config 
55549      DEBUG main            d.u.i.k.p.i.AbstractProblemLoader Init config took 4.62s 
55657      INFO  main            d.u.i.k.p.i.AbstractProblemLoader Replaying proof AFilter[ThreadSpec2::initPost()].JML accessible clause.0 
55658      DEBUG main            d.u.i.k.p.i.IntermediateProofReplayer Proof replay took 5.8ns 
55760      INFO  main            d.u.i.k.p.r.p.TestFile    ... finished proof: closed. 
55941      INFO  main            d.u.i.k.p.i.AbstractProblemLoader Loading environment from /home/runner/work/key/key/key.core/../key.ui/examples/heap/permissions/threads/AFilter_initPost_accessible.key.proof 
55941      DEBUG main            d.u.i.k.p.i.AbstractProblemLoader Environment load took 107.2ns 
55942      INFO  main            d.u.i.k.p.i.AbstractProblemLoader Creating init config 
60535      DEBUG main            d.u.i.k.p.i.AbstractProblemLoader Init config took 4.59s 
60623      INFO  main            d.u.i.k.p.i.AbstractProblemLoader Replaying proof AFilter[ThreadSpec2::initPost()].JML accessible clause.0 
60635      DEBUG main            d.u.i.k.p.i.IntermediateProofReplayer Proof replay took 9.49ms 
60635      DEBUG main            d.u.i.k.p.r.p.TestFile    ... success: reloaded. 
60637      INFO  main            d.u.i.k.p.r.p.TestFile    Now processing file /home/runner/work/key/key/key.core/../key.ui/examples/heap/permissions/threads/AFilter_inv_accessible1.key 
60637      INFO  main            d.u.i.k.p.i.AbstractProblemLoader Loading environment from /home/runner/work/key/key/key.core/../key.ui/examples/heap/permissions/threads/AFilter_inv_accessible1.key 
60637      DEBUG main            d.u.i.k.p.i.AbstractProblemLoader Environment load took 79.7ns 
60638      INFO  main            d.u.i.k.p.i.AbstractProblemLoader Creating init config 
65243      DEBUG main            d.u.i.k.p.i.AbstractProblemLoader Init config took 4.6s 
65334      INFO  main            d.u.i.k.p.i.AbstractProblemLoader Replaying proof AFilter[java.lang.Object::<inv>()].JML accessible clause.0 
65338      DEBUG main            d.u.i.k.p.i.IntermediateProofReplayer Proof replay took 5.8ns 
65440      INFO  main            d.u.i.k.p.r.p.TestFile    ... finished proof: closed. 
65638      INFO  main            d.u.i.k.p.i.AbstractProblemLoader Loading environment from /home/runner/work/key/key/key.core/../key.ui/examples/heap/permissions/threads/AFilter_inv_accessible1.key.proof 
65639      DEBUG main            d.u.i.k.p.i.AbstractProblemLoader Environment load took 115.3ns 
65639      INFO  main            d.u.i.k.p.i.AbstractProblemLoader Creating init config 
70214      DEBUG main            d.u.i.k.p.i.AbstractProblemLoader Init config took 4.57s 
70300      INFO  main            d.u.i.k.p.i.AbstractProblemLoader Replaying proof AFilter[java.lang.Object::<inv>()].JML accessible clause.0 
70303      DEBUG main            d.u.i.k.p.i.IntermediateProofReplayer Proof replay took 1.86ms 
70304      DEBUG main            d.u.i.k.p.r.p.TestFile    ... success: reloaded. 
70305      INFO  main            d.u.i.k.p.r.p.TestFile    Now processing file /home/runner/work/key/key/key.core/../key.ui/examples/heap/permissions/threads/AFilter_inv_accessible2.key 
70306      INFO  main            d.u.i.k.p.i.AbstractProblemLoader Loading environment from /home/runner/work/key/key/key.core/../key.ui/examples/heap/permissions/threads/AFilter_inv_accessible2.key 
70306      DEBUG main            d.u.i.k.p.i.AbstractProblemLoader Environment load took 78.6ns 
70306      INFO  main            d.u.i.k.p.i.AbstractProblemLoader Creating init config 
74899      DEBUG main            d.u.i.k.p.i.AbstractProblemLoader Init config took 4.59s 
74999      INFO  main            d.u.i.k.p.i.AbstractProblemLoader Replaying proof AFilter[java.lang.Object::<inv>()].JML accessible clause.1 
75001      DEBUG main            d.u.i.k.p.i.IntermediateProofReplayer Proof replay took 22.1ns 
75105      INFO  main            d.u.i.k.p.r.p.TestFile    ... finished proof: closed. 
75340      INFO  main            d.u.i.k.p.i.AbstractProblemLoader Loading environment from /home/runner/work/key/key/key.core/../key.ui/examples/heap/permissions/threads/AFilter_inv_accessible2.key.proof 
75340      DEBUG main            d.u.i.k.p.i.AbstractProblemLoader Environment load took 99.4ns 
75341      INFO  main            d.u.i.k.p.i.AbstractProblemLoader Creating init config 
79910      DEBUG main            d.u.i.k.p.i.AbstractProblemLoader Init config took 4.57s 
79994      INFO  main            d.u.i.k.p.i.AbstractProblemLoader Replaying proof AFilter[java.lang.Object::<inv>()].JML accessible clause.1 
79998      DEBUG main            d.u.i.k.p.i.IntermediateProofReplayer Proof replay took 1.7ms 
79998      DEBUG main            d.u.i.k.p.r.p.TestFile    ... success: reloaded. 
79999      INFO  main            d.u.i.k.p.r.p.TestFile    Now processing file /home/runner/work/key/key/key.core/../key.ui/examples/heap/permissions/threads/AFilter_joinTransfer_accessible.key 
80000      INFO  main            d.u.i.k.p.i.AbstractProblemLoader Loading environment from /home/runner/work/key/key/key.core/../key.ui/examples/heap/permissions/threads/AFilter_joinTransfer_accessible.key 
80000      DEBUG main            d.u.i.k.p.i.AbstractProblemLoader Environment load took 111.3ns 
80000      INFO  main            d.u.i.k.p.i.AbstractProblemLoader Creating init config 
84667      DEBUG main            d.u.i.k.p.i.AbstractProblemLoader Init config took 4.67s 
84750      INFO  main            d.u.i.k.p.i.AbstractProblemLoader Replaying proof AFilter[ThreadSpec2::joinTransfer()].JML accessible clause.0 
84752      DEBUG main            d.u.i.k.p.i.IntermediateProofReplayer Proof replay took 5.5ns 
88060      INFO  main            d.u.i.k.p.r.p.TestFile    ... finished proof: closed. 
88292      INFO  main            d.u.i.k.p.i.AbstractProblemLoader Loading environment from /home/runner/work/key/key/key.core/../key.ui/examples/heap/permissions/threads/AFilter_joinTransfer_accessible.key.proof 
88293      DEBUG main            d.u.i.k.p.i.AbstractProblemLoader Environment load took 649.69ns 
88298      INFO  main            d.u.i.k.p.i.AbstractProblemLoader Creating init config 
92858      DEBUG main            d.u.i.k.p.i.AbstractProblemLoader Init config took 4.56s 
92942      INFO  main            d.u.i.k.p.i.AbstractProblemLoader Replaying proof AFilter[ThreadSpec2::joinTransfer()].JML accessible clause.0 
93174      DEBUG main            d.u.i.k.p.i.IntermediateProofReplayer Proof replay took 221.32ms 
93176      DEBUG main            d.u.i.k.p.r.p.TestFile    ... success: reloaded. 
93177      INFO  main            d.u.i.k.p.r.p.TestFile    Now processing file /home/runner/work/key/key/key.core/../key.ui/examples/heap/permissions/threads/AFilter_joinTransfer_contract.key 
93177      INFO  main            d.u.i.k.p.i.AbstractProblemLoader Loading environment from /home/runner/work/key/key/key.core/../key.ui/examples/heap/permissions/threads/AFilter_joinTransfer_contract.key 
93177      DEBUG main            d.u.i.k.p.i.AbstractProblemLoader Environment load took 160.7ns 
93178      INFO  main            d.u.i.k.p.i.AbstractProblemLoader Creating init config 
97734      DEBUG main            d.u.i.k.p.i.AbstractProblemLoader Init config took 4.56s 
97816      INFO  main            d.u.i.k.p.i.AbstractProblemLoader Replaying proof AFilter[ThreadSpec2::joinTransfer()].JML model_behavior operation contract.0 
97818      DEBUG main            d.u.i.k.p.i.IntermediateProofReplayer Proof replay took 5.8ns 
97920      INFO  main            d.u.i.k.p.r.p.TestFile    ... finished proof: closed. 
98138      INFO  main            d.u.i.k.p.i.AbstractProblemLoader Loading environment from /home/runner/work/key/key/key.core/../key.ui/examples/heap/permissions/threads/AFilter_joinTransfer_contract.key.proof 
98138      DEBUG main            d.u.i.k.p.i.AbstractProblemLoader Environment load took 111.7ns 
98139      INFO  main            d.u.i.k.p.i.AbstractProblemLoader Creating init config 
102702     DEBUG main            d.u.i.k.p.i.AbstractProblemLoader Init config took 4.56s 
102789     INFO  main            d.u.i.k.p.i.AbstractProblemLoader Replaying proof AFilter[ThreadSpec2::joinTransfer()].JML model_behavior operation contract.0 
102804     DEBUG main            d.u.i.k.p.i.IntermediateProofReplayer Proof replay took 8.62ms 
102805     DEBUG main            d.u.i.k.p.r.p.TestFile    ... success: reloaded. 
102806     INFO  main            d.u.i.k.p.r.p.TestFile    Now processing file /home/runner/work/key/key/key.core/../key.ui/examples/heap/permissions/threads/AFilter_postJoin_accessible.key 
102807     INFO  main            d.u.i.k.p.i.AbstractProblemLoader Loading environment from /home/runner/work/key/key/key.core/../key.ui/examples/heap/permissions/threads/AFilter_postJoin_accessible.key 
102807     DEBUG main            d.u.i.k.p.i.AbstractProblemLoader Environment load took 108.8ns 
102808     INFO  main            d.u.i.k.p.i.AbstractProblemLoader Creating init config 
107442     DEBUG main            d.u.i.k.p.i.AbstractProblemLoader Init config took 4.63s 
107523     INFO  main            d.u.i.k.p.i.AbstractProblemLoader Replaying proof AFilter[ThreadSpec2::postJoin(java.lang.Object)].JML accessible clause.0 
107524     DEBUG main            d.u.i.k.p.i.IntermediateProofReplayer Proof replay took 5.7ns 
107626     INFO  main            d.u.i.k.p.r.p.TestFile    ... finished proof: closed. 
107838     INFO  main            d.u.i.k.p.i.AbstractProblemLoader Loading environment from /home/runner/work/key/key/key.core/../key.ui/examples/heap/permissions/threads/AFilter_postJoin_accessible.key.proof 
107838     DEBUG main            d.u.i.k.p.i.AbstractProblemLoader Environment load took 105.1ns 
107839     INFO  main            d.u.i.k.p.i.AbstractProblemLoader Creating init config 
112392     DEBUG main            d.u.i.k.p.i.AbstractProblemLoader Init config took 4.55s 
112472     INFO  main            d.u.i.k.p.i.AbstractProblemLoader Replaying proof AFilter[ThreadSpec2::postJoin(java.lang.Object)].JML accessible clause.0 
112479     DEBUG main            d.u.i.k.p.i.IntermediateProofReplayer Proof replay took 5.14ms 
112480     DEBUG main            d.u.i.k.p.r.p.TestFile    ... success: reloaded. 
112481     INFO  main            d.u.i.k.p.r.p.TestFile    Now processing file /home/runner/work/key/key/key.core/../key.ui/examples/heap/permissions/threads/AFilter_preStart_accessible.key 
112481     INFO  main            d.u.i.k.p.i.AbstractProblemLoader Loading environment from /home/runner/work/key/key/key.core/../key.ui/examples/heap/permissions/threads/AFilter_preStart_accessible.key 
112481     DEBUG main            d.u.i.k.p.i.AbstractProblemLoader Environment load took 77ns 
112482     INFO  main            d.u.i.k.p.i.AbstractProblemLoader Creating init config 
117026     DEBUG main            d.u.i.k.p.i.AbstractProblemLoader Init config took 4.54s 
117105     INFO  main            d.u.i.k.p.i.AbstractProblemLoader Replaying proof AFilter[ThreadSpec2::preStart(java.lang.Object)].JML accessible clause.0 
117107     DEBUG main            d.u.i.k.p.i.IntermediateProofReplayer Proof replay took 15.1ns 
117409     INFO  main            d.u.i.k.p.r.p.TestFile    ... finished proof: closed. 
117641     INFO  main            d.u.i.k.p.i.AbstractProblemLoader Loading environment from /home/runner/work/key/key/key.core/../key.ui/examples/heap/permissions/threads/AFilter_preStart_accessible.key.proof 
117641     DEBUG main            d.u.i.k.p.i.AbstractProblemLoader Environment load took 102.8ns 
117642     INFO  main            d.u.i.k.p.i.AbstractProblemLoader Creating init config 
122187     DEBUG main            d.u.i.k.p.i.AbstractProblemLoader Init config took 4.55s 
122279     INFO  main            d.u.i.k.p.i.AbstractProblemLoader Replaying proof AFilter[ThreadSpec2::preStart(java.lang.Object)].JML accessible clause.0 
122302     DEBUG main            d.u.i.k.p.i.IntermediateProofReplayer Proof replay took 20.23ms 
122303     DEBUG main            d.u.i.k.p.r.p.TestFile    ... success: reloaded. 
122304     INFO  main            d.u.i.k.p.r.p.TestFile    Now processing file /home/runner/work/key/key/key.core/../key.ui/examples/heap/permissions/threads/AFilter_startTransfer_accessible.key 
122304     INFO  main            d.u.i.k.p.i.AbstractProblemLoader Loading environment from /home/runner/work/key/key/key.core/../key.ui/examples/heap/permissions/threads/AFilter_startTransfer_accessible.key 
122305     DEBUG main            d.u.i.k.p.i.AbstractProblemLoader Environment load took 82.3ns 
122305     INFO  main            d.u.i.k.p.i.AbstractProblemLoader Creating init config 
126932     DEBUG main            d.u.i.k.p.i.AbstractProblemLoader Init config took 4.63s 
127025     INFO  main            d.u.i.k.p.i.AbstractProblemLoader Replaying proof AFilter[ThreadSpec2::startTransfer()].JML accessible clause.0 
127026     DEBUG main            d.u.i.k.p.i.IntermediateProofReplayer Proof replay took 6.7ns 
132938     INFO  main            d.u.i.k.p.r.p.TestFile    ... finished proof: closed. 
133193     INFO  main            d.u.i.k.p.i.AbstractProblemLoader Loading environment from /home/runner/work/key/key/key.core/../key.ui/examples/heap/permissions/threads/AFilter_startTransfer_accessible.key.proof 
133193     DEBUG main            d.u.i.k.p.i.AbstractProblemLoader Environment load took 306.59ns 
133195     INFO  main            d.u.i.k.p.i.AbstractProblemLoader Creating init config 
137714     DEBUG main            d.u.i.k.p.i.AbstractProblemLoader Init config took 4.52s 
137795     INFO  main            d.u.i.k.p.i.AbstractProblemLoader Replaying proof AFilter[ThreadSpec2::startTransfer()].JML accessible clause.0 
138095     DEBUG main            d.u.i.k.p.i.IntermediateProofReplayer Proof replay took 283.05ms 
138097     DEBUG main            d.u.i.k.p.r.p.TestFile    ... success: reloaded. 
138098     INFO  main            d.u.i.k.p.r.p.TestFile    Now processing file /home/runner/work/key/key/key.core/../key.ui/examples/heap/permissions/threads/AFilter_startTransfer_contract.key 
138098     INFO  main            d.u.i.k.p.i.AbstractProblemLoader Loading environment from /home/runner/work/key/key/key.core/../key.ui/examples/heap/permissions/threads/AFilter_startTransfer_contract.key 
138098     DEBUG main            d.u.i.k.p.i.AbstractProblemLoader Environment load took 86ns 
138099     INFO  main            d.u.i.k.p.i.AbstractProblemLoader Creating init config 
142682     DEBUG main            d.u.i.k.p.i.AbstractProblemLoader Init config took 4.58s 
142781     INFO  main            d.u.i.k.p.i.AbstractProblemLoader Replaying proof AFilter[ThreadSpec2::startTransfer()].JML model_behavior operation contract.0 
142786     DEBUG main            d.u.i.k.p.i.IntermediateProofReplayer Proof replay took 6.8ns 
143190     INFO  main            d.u.i.k.p.r.p.TestFile    ... finished proof: closed. 
143434     INFO  main            d.u.i.k.p.i.AbstractProblemLoader Loading environment from /home/runner/work/key/key/key.core/../key.ui/examples/heap/permissions/threads/AFilter_startTransfer_contract.key.proof 
143435     DEBUG main            d.u.i.k.p.i.AbstractProblemLoader Environment load took 105ns 
143435     INFO  main            d.u.i.k.p.i.AbstractProblemLoader Creating init config 
147940     DEBUG main            d.u.i.k.p.i.AbstractProblemLoader Init config took 4.5s 
148031     INFO  main            d.u.i.k.p.i.AbstractProblemLoader Replaying proof AFilter[ThreadSpec2::startTransfer()].JML model_behavior operation contract.0 
148070     DEBUG main            d.u.i.k.p.i.IntermediateProofReplayer Proof replay took 34.89ms 
148071     DEBUG main            d.u.i.k.p.r.p.TestFile    ... success: reloaded. 
148072     INFO  main            d.u.i.k.p.r.p.TestFile    Now processing file /home/runner/work/key/key/key.core/../key.ui/examples/heap/permissions/threads/AFilter_stateInv_accessible.key 
148072     INFO  main            d.u.i.k.p.i.AbstractProblemLoader Loading environment from /home/runner/work/key/key/key.core/../key.ui/examples/heap/permissions/threads/AFilter_stateInv_accessible.key 
148072     DEBUG main            d.u.i.k.p.i.AbstractProblemLoader Environment load took 87.7ns 
148073     INFO  main            d.u.i.k.p.i.AbstractProblemLoader Creating init config 
152644     DEBUG main            d.u.i.k.p.i.AbstractProblemLoader Init config took 4.57s 
152736     INFO  main            d.u.i.k.p.i.AbstractProblemLoader Replaying proof AFilter[ThreadSpec2::stateInv()].JML accessible clause.0 
152738     DEBUG main            d.u.i.k.p.i.IntermediateProofReplayer Proof replay took 6.4ns 
153039     INFO  main            d.u.i.k.p.r.p.TestFile    ... finished proof: closed. 
153279     INFO  main            d.u.i.k.p.i.AbstractProblemLoader Loading environment from /home/runner/work/key/key/key.core/../key.ui/examples/heap/permissions/threads/AFilter_stateInv_accessible.key.proof 
153279     DEBUG main            d.u.i.k.p.i.AbstractProblemLoader Environment load took 101.3ns 
153280     INFO  main            d.u.i.k.p.i.AbstractProblemLoader Creating init config 
157799     DEBUG main            d.u.i.k.p.i.AbstractProblemLoader Init config took 4.52s 
157879     INFO  main            d.u.i.k.p.i.AbstractProblemLoader Replaying proof AFilter[ThreadSpec2::stateInv()].JML accessible clause.0 
157906     DEBUG main            d.u.i.k.p.i.IntermediateProofReplayer Proof replay took 24.36ms 
157908     DEBUG main            d.u.i.k.p.r.p.TestFile    ... success: reloaded. 
157909     INFO  main            d.u.i.k.p.r.p.TestFile    Now processing file /home/runner/work/key/key/key.core/../key.ui/examples/heap/permissions/threads/AFilter_staticPermissions_accessible.key 
157909     INFO  main            d.u.i.k.p.i.AbstractProblemLoader Loading environment from /home/runner/work/key/key/key.core/../key.ui/examples/heap/permissions/threads/AFilter_staticPermissions_accessible.key 
157909     DEBUG main            d.u.i.k.p.i.AbstractProblemLoader Environment load took 152.5ns 
157910     INFO  main            d.u.i.k.p.i.AbstractProblemLoader Creating init config 
162496     DEBUG main            d.u.i.k.p.i.AbstractProblemLoader Init config took 4.59s 
162579     INFO  main            d.u.i.k.p.i.AbstractProblemLoader Replaying proof AFilter[ThreadSpec2::staticPermissions()].JML accessible clause.0 
162581     DEBUG main            d.u.i.k.p.i.IntermediateProofReplayer Proof replay took 5.3ns 
162682     INFO  main            d.u.i.k.p.r.p.TestFile    ... finished proof: closed. 
162911     INFO  main            d.u.i.k.p.i.AbstractProblemLoader Loading environment from /home/runner/work/key/key/key.core/../key.ui/examples/heap/permissions/threads/AFilter_staticPermissions_accessible.key.proof 
162911     DEBUG main            d.u.i.k.p.i.AbstractProblemLoader Environment load took 95.5ns 
162912     INFO  main            d.u.i.k.p.i.AbstractProblemLoader Creating init config 
167455     DEBUG main            d.u.i.k.p.i.AbstractProblemLoader Init config took 4.54s 
167534     INFO  main            d.u.i.k.p.i.AbstractProblemLoader Replaying proof AFilter[ThreadSpec2::staticPermissions()].JML accessible clause.0 
167543     DEBUG main            d.u.i.k.p.i.IntermediateProofReplayer Proof replay took 6.78ms 
167544     DEBUG main            d.u.i.k.p.r.p.TestFile    ... success: reloaded. 
167545     INFO  main            d.u.i.k.p.r.p.TestFile    Now processing file /home/runner/work/key/key/key.core/../key.ui/examples/heap/permissions/threads/AFilter_workingPermissions_accessible.key 
167545     INFO  main            d.u.i.k.p.i.AbstractProblemLoader Loading environment from /home/runner/work/key/key/key.core/../key.ui/examples/heap/permissions/threads/AFilter_workingPermissions_accessible.key 
167545     DEBUG main            d.u.i.k.p.i.AbstractProblemLoader Environment load took 86.2ns 
167546     INFO  main            d.u.i.k.p.i.AbstractProblemLoader Creating init config 
172142     DEBUG main            d.u.i.k.p.i.AbstractProblemLoader Init config took 4.6s 
172221     INFO  main            d.u.i.k.p.i.AbstractProblemLoader Replaying proof AFilter[ThreadSpec2::workingPermissions()].JML accessible clause.0 
172222     DEBUG main            d.u.i.k.p.i.IntermediateProofReplayer Proof replay took 6.3ns 
172324     INFO  main            d.u.i.k.p.r.p.TestFile    ... finished proof: closed. 
172587     INFO  main            d.u.i.k.p.i.AbstractProblemLoader Loading environment from /home/runner/work/key/key/key.core/../key.ui/examples/heap/permissions/threads/AFilter_workingPermissions_accessible.key.proof 
172587     DEBUG main            d.u.i.k.p.i.AbstractProblemLoader Environment load took 94.6ns 
172588     INFO  main            d.u.i.k.p.i.AbstractProblemLoader Creating init config 
177107     DEBUG main            d.u.i.k.p.i.AbstractProblemLoader Init config took 4.52s 
177186     INFO  main            d.u.i.k.p.i.AbstractProblemLoader Replaying proof AFilter[ThreadSpec2::workingPermissions()].JML accessible clause.0 
177194     DEBUG main            d.u.i.k.p.i.IntermediateProofReplayer Proof replay took 6.1ms 
177195     DEBUG main            d.u.i.k.p.r.p.TestFile    ... success: reloaded. 
177196     INFO  main            d.u.i.k.p.r.p.TestFile    Now processing file /home/runner/work/key/key/key.core/../key.ui/examples/heap/permissions/threads/BFilter_BFilter.key 
177196     INFO  main            d.u.i.k.p.i.AbstractProblemLoader Loading environment from /home/runner/work/key/key/key.core/../key.ui/examples/heap/permissions/threads/BFilter_BFilter.key 
177196     DEBUG main            d.u.i.k.p.i.AbstractProblemLoader Environment load took 70.4ns 
177197     INFO  main            d.u.i.k.p.i.AbstractProblemLoader Creating init config 
181803     DEBUG main            d.u.i.k.p.i.AbstractProblemLoader Init config took 4.61s 
181883     INFO  main            d.u.i.k.p.i.AbstractProblemLoader Replaying proof BFilter[BFilter::BFilter(Sampler,Buffer)].JML normal_behavior operation contract.0 
181884     DEBUG main            d.u.i.k.p.i.IntermediateProofReplayer Proof replay took 5.5ns 
182791     INFO  main            d.u.i.k.p.r.p.TestFile    ... finished proof: closed. 
183091     INFO  main            d.u.i.k.p.i.AbstractProblemLoader Loading environment from /home/runner/work/key/key/key.core/../key.ui/examples/heap/permissions/threads/BFilter_BFilter.key.proof 
183091     DEBUG main            d.u.i.k.p.i.AbstractProblemLoader Environment load took 98.9ns 
183092     INFO  main            d.u.i.k.p.i.AbstractProblemLoader Creating init config 
187607     DEBUG main            d.u.i.k.p.i.AbstractProblemLoader Init config took 4.51s 
187698     INFO  main            d.u.i.k.p.i.AbstractProblemLoader Replaying proof BFilter[BFilter::BFilter(Sampler,Buffer)].JML normal_behavior operation contract.0 
187798     DEBUG main            d.u.i.k.p.i.IntermediateProofReplayer Proof replay took 95.16ms 
187799     DEBUG main            d.u.i.k.p.r.p.TestFile    ... success: reloaded. 
187799     INFO  main            d.u.i.k.p.r.p.TestFile    Now processing file /home/runner/work/key/key/key.core/../key.ui/examples/heap/permissions/threads/BFilter_initPost_accessible.key 
187800     INFO  main            d.u.i.k.p.i.AbstractProblemLoader Loading environment from /home/runner/work/key/key/key.core/../key.ui/examples/heap/permissions/threads/BFilter_initPost_accessible.key 
187800     DEBUG main            d.u.i.k.p.i.AbstractProblemLoader Environment load took 98.2ns 
187801     INFO  main            d.u.i.k.p.i.AbstractProblemLoader Creating init config 
192401     DEBUG main            d.u.i.k.p.i.AbstractProblemLoader Init config took 4.6s 
192491     INFO  main            d.u.i.k.p.i.AbstractProblemLoader Replaying proof BFilter[ThreadSpec2::initPost()].JML accessible clause.0 
192493     DEBUG main            d.u.i.k.p.i.IntermediateProofReplayer Proof replay took 6.4ns 
192594     INFO  main            d.u.i.k.p.r.p.TestFile    ... finished proof: closed. 
192858     INFO  main            d.u.i.k.p.i.AbstractProblemLoader Loading environment from /home/runner/work/key/key/key.core/../key.ui/examples/heap/permissions/threads/BFilter_initPost_accessible.key.proof 
192858     DEBUG main            d.u.i.k.p.i.AbstractProblemLoader Environment load took 108.5ns 
192859     INFO  main            d.u.i.k.p.i.AbstractProblemLoader Creating init config 
197384     DEBUG main            d.u.i.k.p.i.AbstractProblemLoader Init config took 4.53s 
197463     INFO  main            d.u.i.k.p.i.AbstractProblemLoader Replaying proof BFilter[ThreadSpec2::initPost()].JML accessible clause.0 
197480     DEBUG main            d.u.i.k.p.i.IntermediateProofReplayer Proof replay took 13.99ms 
197481     DEBUG main            d.u.i.k.p.r.p.TestFile    ... success: reloaded. 
197482     INFO  main            d.u.i.k.p.r.p.TestFile    Now processing file /home/runner/work/key/key/key.core/../key.ui/examples/heap/permissions/threads/BFilter_inv_accessible1.key 
197482     INFO  main            d.u.i.k.p.i.AbstractProblemLoader Loading environment from /home/runner/work/key/key/key.core/../key.ui/examples/heap/permissions/threads/BFilter_inv_accessible1.key 
197482     DEBUG main            d.u.i.k.p.i.AbstractProblemLoader Environment load took 81.5ns 
197483     INFO  main            d.u.i.k.p.i.AbstractProblemLoader Creating init config 
202086     DEBUG main            d.u.i.k.p.i.AbstractProblemLoader Init config took 4.6s 
202165     INFO  main            d.u.i.k.p.i.AbstractProblemLoader Replaying proof BFilter[java.lang.Object::<inv>()].JML accessible clause.0 
202166     DEBUG main            d.u.i.k.p.i.IntermediateProofReplayer Proof replay took 6.2ns 
202268     INFO  main            d.u.i.k.p.r.p.TestFile    ... finished proof: closed. 
202531     INFO  main            d.u.i.k.p.i.AbstractProblemLoader Loading environment from /home/runner/work/key/key/key.core/../key.ui/examples/heap/permissions/threads/BFilter_inv_accessible1.key.proof 
202531     DEBUG main            d.u.i.k.p.i.AbstractProblemLoader Environment load took 93.2ns 
202532     INFO  main            d.u.i.k.p.i.AbstractProblemLoader Creating init config 
207048     DEBUG main            d.u.i.k.p.i.AbstractProblemLoader Init config took 4.52s 
207127     INFO  main            d.u.i.k.p.i.AbstractProblemLoader Replaying proof BFilter[java.lang.Object::<inv>()].JML accessible clause.0 
207129     DEBUG main            d.u.i.k.p.i.IntermediateProofReplayer Proof replay took 1.41ms 
207130     DEBUG main            d.u.i.k.p.r.p.TestFile    ... success: reloaded. 
207131     INFO  main            d.u.i.k.p.r.p.TestFile    Now processing file /home/runner/work/key/key/key.core/../key.ui/examples/heap/permissions/threads/BFilter_inv_accessible2.key 
207131     INFO  main            d.u.i.k.p.i.AbstractProblemLoader Loading environment from /home/runner/work/key/key/key.core/../key.ui/examples/heap/permissions/threads/BFilter_inv_accessible2.key 
207131     DEBUG main            d.u.i.k.p.i.AbstractProblemLoader Environment load took 63ns 
207132     INFO  main            d.u.i.k.p.i.AbstractProblemLoader Creating init config 
211734     DEBUG main            d.u.i.k.p.i.AbstractProblemLoader Init config took 4.6s 
211825     INFO  main            d.u.i.k.p.i.AbstractProblemLoader Replaying proof BFilter[java.lang.Object::<inv>()].JML accessible clause.1 
211826     DEBUG main            d.u.i.k.p.i.IntermediateProofReplayer Proof replay took 6.4ns 
211932     INFO  main            d.u.i.k.p.r.p.TestFile    ... finished proof: closed. 
212198     INFO  main            d.u.i.k.p.i.AbstractProblemLoader Loading environment from /home/runner/work/key/key/key.core/../key.ui/examples/heap/permissions/threads/BFilter_inv_accessible2.key.proof 
212198     DEBUG main            d.u.i.k.p.i.AbstractProblemLoader Environment load took 92.3ns 
212199     INFO  main            d.u.i.k.p.i.AbstractProblemLoader Creating init config 
216712     DEBUG main            d.u.i.k.p.i.AbstractProblemLoader Init config took 4.51s 
216806     INFO  main            d.u.i.k.p.i.AbstractProblemLoader Replaying proof BFilter[java.lang.Object::<inv>()].JML accessible clause.1 
216810     DEBUG main            d.u.i.k.p.i.IntermediateProofReplayer Proof replay took 1.39ms 
216814     DEBUG main            d.u.i.k.p.r.p.TestFile    ... success: reloaded. 
216815     INFO  main            d.u.i.k.p.r.p.TestFile    Now processing file /home/runner/work/key/key/key.core/../key.ui/examples/heap/permissions/threads/BFilter_joinTransfer_accessible.key 
216816     INFO  main            d.u.i.k.p.i.AbstractProblemLoader Loading environment from /home/runner/work/key/key/key.core/../key.ui/examples/heap/permissions/threads/BFilter_joinTransfer_accessible.key 
216816     DEBUG main            d.u.i.k.p.i.AbstractProblemLoader Environment load took 193.2ns 
216817     INFO  main            d.u.i.k.p.i.AbstractProblemLoader Creating init config 
221405     DEBUG main            d.u.i.k.p.i.AbstractProblemLoader Init config took 4.59s 
221487     INFO  main            d.u.i.k.p.i.AbstractProblemLoader Replaying proof BFilter[ThreadSpec2::joinTransfer()].JML accessible clause.0 
221488     DEBUG main            d.u.i.k.p.i.IntermediateProofReplayer Proof replay took 6.3ns 
224630     INFO  main            d.u.i.k.p.r.p.TestFile    ... finished proof: closed. 
224929     INFO  main            d.u.i.k.p.i.AbstractProblemLoader Loading environment from /home/runner/work/key/key/key.core/../key.ui/examples/heap/permissions/threads/BFilter_joinTransfer_accessible.key.proof 
224930     DEBUG main            d.u.i.k.p.i.AbstractProblemLoader Environment load took 293.4ns 
224931     INFO  main            d.u.i.k.p.i.AbstractProblemLoader Creating init config 
229451     DEBUG main            d.u.i.k.p.i.AbstractProblemLoader Init config took 4.52s 
229539     INFO  main            d.u.i.k.p.i.AbstractProblemLoader Replaying proof BFilter[ThreadSpec2::joinTransfer()].JML accessible clause.0 
229745     DEBUG main            d.u.i.k.p.i.IntermediateProofReplayer Proof replay took 193.75ms 
229746     DEBUG main            d.u.i.k.p.r.p.TestFile    ... success: reloaded. 
229747     INFO  main            d.u.i.k.p.r.p.TestFile    Now processing file /home/runner/work/key/key/key.core/../key.ui/examples/heap/permissions/threads/BFilter_joinTransfer_contract.key 
229748     INFO  main            d.u.i.k.p.i.AbstractProblemLoader Loading environment from /home/runner/work/key/key/key.core/../key.ui/examples/heap/permissions/threads/BFilter_joinTransfer_contract.key 
229748     DEBUG main            d.u.i.k.p.i.AbstractProblemLoader Environment load took 130.3ns 
229748     INFO  main            d.u.i.k.p.i.AbstractProblemLoader Creating init config 
234351     DEBUG main            d.u.i.k.p.i.AbstractProblemLoader Init config took 4.6s 
234432     INFO  main            d.u.i.k.p.i.AbstractProblemLoader Replaying proof BFilter[ThreadSpec2::joinTransfer()].JML model_behavior operation contract.0 
234433     DEBUG main            d.u.i.k.p.i.IntermediateProofReplayer Proof replay took 6.1ns 
234537     INFO  main            d.u.i.k.p.r.p.TestFile    ... finished proof: closed. 
234831     INFO  main            d.u.i.k.p.i.AbstractProblemLoader Loading environment from /home/runner/work/key/key/key.core/../key.ui/examples/heap/permissions/threads/BFilter_joinTransfer_contract.key.proof 
234831     DEBUG main            d.u.i.k.p.i.AbstractProblemLoader Environment load took 94.8ns 
234832     INFO  main            d.u.i.k.p.i.AbstractProblemLoader Creating init config 
239335     DEBUG main            d.u.i.k.p.i.AbstractProblemLoader Init config took 4.5s 
239414     INFO  main            d.u.i.k.p.i.AbstractProblemLoader Replaying proof BFilter[ThreadSpec2::joinTransfer()].JML model_behavior operation contract.0 
239422     DEBUG main            d.u.i.k.p.i.IntermediateProofReplayer Proof replay took 6.32ms 
239423     DEBUG main            d.u.i.k.p.r.p.TestFile    ... success: reloaded. 
239424     INFO  main            d.u.i.k.p.r.p.TestFile    Now processing file /home/runner/work/key/key/key.core/../key.ui/examples/heap/permissions/threads/BFilter_postJoin_accessible.key 
239424     INFO  main            d.u.i.k.p.i.AbstractProblemLoader Loading environment from /home/runner/work/key/key/key.core/../key.ui/examples/heap/permissions/threads/BFilter_postJoin_accessible.key 
239425     DEBUG main            d.u.i.k.p.i.AbstractProblemLoader Environment load took 168.4ns 
239425     INFO  main            d.u.i.k.p.i.AbstractProblemLoader Creating init config 
243993     DEBUG main            d.u.i.k.p.i.AbstractProblemLoader Init config took 4.57s 
244071     INFO  main            d.u.i.k.p.i.AbstractProblemLoader Replaying proof BFilter[ThreadSpec2::postJoin(java.lang.Object)].JML accessible clause.0 
244073     DEBUG main            d.u.i.k.p.i.IntermediateProofReplayer Proof replay took 6ns 
244176     INFO  main            d.u.i.k.p.r.p.TestFile    ... finished proof: closed. 
244490     INFO  main            d.u.i.k.p.i.AbstractProblemLoader Loading environment from /home/runner/work/key/key/key.core/../key.ui/examples/heap/permissions/threads/BFilter_postJoin_accessible.key.proof 
244490     DEBUG main            d.u.i.k.p.i.AbstractProblemLoader Environment load took 82.5ns 
244491     INFO  main            d.u.i.k.p.i.AbstractProblemLoader Creating init config 
248986     DEBUG main            d.u.i.k.p.i.AbstractProblemLoader Init config took 4.5s 
249063     INFO  main            d.u.i.k.p.i.AbstractProblemLoader Replaying proof BFilter[ThreadSpec2::postJoin(java.lang.Object)].JML accessible clause.0 
249070     DEBUG main            d.u.i.k.p.i.IntermediateProofReplayer Proof replay took 4.6ms 
249070     DEBUG main            d.u.i.k.p.r.p.TestFile    ... success: reloaded. 
249071     INFO  main            d.u.i.k.p.r.p.TestFile    Now processing file /home/runner/work/key/key/key.core/../key.ui/examples/heap/permissions/threads/BFilter_preStart_accessible.key 
249071     INFO  main            d.u.i.k.p.i.AbstractProblemLoader Loading environment from /home/runner/work/key/key/key.core/../key.ui/examples/heap/permissions/threads/BFilter_preStart_accessible.key 
249071     DEBUG main            d.u.i.k.p.i.AbstractProblemLoader Environment load took 74.6ns 
249072     INFO  main            d.u.i.k.p.i.AbstractProblemLoader Creating init config 
253623     DEBUG main            d.u.i.k.p.i.AbstractProblemLoader Init config took 4.55s 
253700     INFO  main            d.u.i.k.p.i.AbstractProblemLoader Replaying proof BFilter[ThreadSpec2::preStart(java.lang.Object)].JML accessible clause.0 
253702     DEBUG main            d.u.i.k.p.i.IntermediateProofReplayer Proof replay took 6.1ns 
254004     INFO  main            d.u.i.k.p.r.p.TestFile    ... finished proof: closed. 
254285     INFO  main            d.u.i.k.p.i.AbstractProblemLoader Loading environment from /home/runner/work/key/key/key.core/../key.ui/examples/heap/permissions/threads/BFilter_preStart_accessible.key.proof 
254286     DEBUG main            d.u.i.k.p.i.AbstractProblemLoader Environment load took 91.2ns 
254286     INFO  main            d.u.i.k.p.i.AbstractProblemLoader Creating init config 
258792     DEBUG main            d.u.i.k.p.i.AbstractProblemLoader Init config took 4.51s 
258870     INFO  main            d.u.i.k.p.i.AbstractProblemLoader Replaying proof BFilter[ThreadSpec2::preStart(java.lang.Object)].JML accessible clause.0 
258891     DEBUG main            d.u.i.k.p.i.IntermediateProofReplayer Proof replay took 18.21ms 
258892     DEBUG main            d.u.i.k.p.r.p.TestFile    ... success: reloaded. 
258893     INFO  main            d.u.i.k.p.r.p.TestFile    Now processing file /home/runner/work/key/key/key.core/../key.ui/examples/heap/permissions/threads/BFilter_startTransfer_accessible.key 
258893     INFO  main            d.u.i.k.p.i.AbstractProblemLoader Loading environment from /home/runner/work/key/key/key.core/../key.ui/examples/heap/permissions/threads/BFilter_startTransfer_accessible.key 
258893     DEBUG main            d.u.i.k.p.i.AbstractProblemLoader Environment load took 109.5ns 
258894     INFO  main            d.u.i.k.p.i.AbstractProblemLoader Creating init config 
263454     DEBUG main            d.u.i.k.p.i.AbstractProblemLoader Init config took 4.56s 
263546     INFO  main            d.u.i.k.p.i.AbstractProblemLoader Replaying proof BFilter[ThreadSpec2::startTransfer()].JML accessible clause.0 
263547     DEBUG main            d.u.i.k.p.i.IntermediateProofReplayer Proof replay took 5.6ns 
269059     INFO  main            d.u.i.k.p.r.p.TestFile    ... finished proof: closed. 
269380     INFO  main            d.u.i.k.p.i.AbstractProblemLoader Loading environment from /home/runner/work/key/key/key.core/../key.ui/examples/heap/permissions/threads/BFilter_startTransfer_accessible.key.proof 
269380     DEBUG main            d.u.i.k.p.i.AbstractProblemLoader Environment load took 222ns 
269381     INFO  main            d.u.i.k.p.i.AbstractProblemLoader Creating init config 
273903     DEBUG main            d.u.i.k.p.i.AbstractProblemLoader Init config took 4.52s 
273981     INFO  main            d.u.i.k.p.i.AbstractProblemLoader Replaying proof BFilter[ThreadSpec2::startTransfer()].JML accessible clause.0 
274287     DEBUG main            d.u.i.k.p.i.IntermediateProofReplayer Proof replay took 294.19ms 
274289     DEBUG main            d.u.i.k.p.r.p.TestFile    ... success: reloaded. 
274290     INFO  main            d.u.i.k.p.r.p.TestFile    Now processing file /home/runner/work/key/key/key.core/../key.ui/examples/heap/permissions/threads/BFilter_startTransfer_contract.key 
274290     INFO  main            d.u.i.k.p.i.AbstractProblemLoader Loading environment from /home/runner/work/key/key/key.core/../key.ui/examples/heap/permissions/threads/BFilter_startTransfer_contract.key 
274290     DEBUG main            d.u.i.k.p.i.AbstractProblemLoader Environment load took 138.6ns 
274291     INFO  main            d.u.i.k.p.i.AbstractProblemLoader Creating init config 
278849     DEBUG main            d.u.i.k.p.i.AbstractProblemLoader Init config took 4.56s 
278929     INFO  main            d.u.i.k.p.i.AbstractProblemLoader Replaying proof BFilter[ThreadSpec2::startTransfer()].JML model_behavior operation contract.0 
278931     DEBUG main            d.u.i.k.p.i.IntermediateProofReplayer Proof replay took 6.8ns 
280035     INFO  main            d.u.i.k.p.r.p.TestFile    ... finished proof: closed. 
280346     INFO  main            d.u.i.k.p.i.AbstractProblemLoader Loading environment from /home/runner/work/key/key/key.core/../key.ui/examples/heap/permissions/threads/BFilter_startTransfer_contract.key.proof 
280346     DEBUG main            d.u.i.k.p.i.AbstractProblemLoader Environment load took 478.09ns 
280348     INFO  main            d.u.i.k.p.i.AbstractProblemLoader Creating init config 
284834     DEBUG main            d.u.i.k.p.i.AbstractProblemLoader Init config took 4.49s 
284913     INFO  main            d.u.i.k.p.i.AbstractProblemLoader Replaying proof BFilter[ThreadSpec2::startTransfer()].JML model_behavior operation contract.0 
285001     DEBUG main            d.u.i.k.p.i.IntermediateProofReplayer Proof replay took 81.8ms 
285002     DEBUG main            d.u.i.k.p.r.p.TestFile    ... success: reloaded. 
285003     INFO  main            d.u.i.k.p.r.p.TestFile    Now processing file /home/runner/work/key/key/key.core/../key.ui/examples/heap/permissions/threads/BFilter_stateInv_accessible.key 
285003     INFO  main            d.u.i.k.p.i.AbstractProblemLoader Loading environment from /home/runner/work/key/key/key.core/../key.ui/examples/heap/permissions/threads/BFilter_stateInv_accessible.key 
285003     DEBUG main            d.u.i.k.p.i.AbstractProblemLoader Environment load took 70.1ns 
285004     INFO  main            d.u.i.k.p.i.AbstractProblemLoader Creating init config 
289558     DEBUG main            d.u.i.k.p.i.AbstractProblemLoader Init config took 4.55s 
289650     INFO  main            d.u.i.k.p.i.AbstractProblemLoader Replaying proof BFilter[ThreadSpec2::stateInv()].JML accessible clause.0 
289651     DEBUG main            d.u.i.k.p.i.IntermediateProofReplayer Proof replay took 5.4ns 
289954     INFO  main            d.u.i.k.p.r.p.TestFile    ... finished proof: closed. 
290273     INFO  main            d.u.i.k.p.i.AbstractProblemLoader Loading environment from /home/runner/work/key/key/key.core/../key.ui/examples/heap/permissions/threads/BFilter_stateInv_accessible.key.proof 
290273     DEBUG main            d.u.i.k.p.i.AbstractProblemLoader Environment load took 93ns 
290274     INFO  main            d.u.i.k.p.i.AbstractProblemLoader Creating init config 
294762     DEBUG main            d.u.i.k.p.i.AbstractProblemLoader Init config took 4.49s 
294840     INFO  main            d.u.i.k.p.i.AbstractProblemLoader Replaying proof BFilter[ThreadSpec2::stateInv()].JML accessible clause.0 
294880     DEBUG main            d.u.i.k.p.i.IntermediateProofReplayer Proof replay took 38.05ms 
294881     DEBUG main            d.u.i.k.p.r.p.TestFile    ... success: reloaded. 
294882     INFO  main            d.u.i.k.p.r.p.TestFile    Now processing file /home/runner/work/key/key/key.core/../key.ui/examples/heap/permissions/threads/BFilter_staticPermissions_accessible.key 
294882     INFO  main            d.u.i.k.p.i.AbstractProblemLoader Loading environment from /home/runner/work/key/key/key.core/../key.ui/examples/heap/permissions/threads/BFilter_staticPermissions_accessible.key 
294882     DEBUG main            d.u.i.k.p.i.AbstractProblemLoader Environment load took 88.7ns 
294883     INFO  main            d.u.i.k.p.i.AbstractProblemLoader Creating init config 
299447     DEBUG main            d.u.i.k.p.i.AbstractProblemLoader Init config took 4.56s 
299526     INFO  main            d.u.i.k.p.i.AbstractProblemLoader Replaying proof BFilter[ThreadSpec2::staticPermissions()].JML accessible clause.0 
299528     DEBUG main            d.u.i.k.p.i.IntermediateProofReplayer Proof replay took 5.7ns 
299629     INFO  main            d.u.i.k.p.r.p.TestFile    ... finished proof: closed. 
299944     INFO  main            d.u.i.k.p.i.AbstractProblemLoader Loading environment from /home/runner/work/key/key/key.core/../key.ui/examples/heap/permissions/threads/BFilter_staticPermissions_accessible.key.proof 
299944     DEBUG main            d.u.i.k.p.i.AbstractProblemLoader Environment load took 85ns 
299945     INFO  main            d.u.i.k.p.i.AbstractProblemLoader Creating init config 
304432     DEBUG main            d.u.i.k.p.i.AbstractProblemLoader Init config took 4.49s 
304520     INFO  main            d.u.i.k.p.i.AbstractProblemLoader Replaying proof BFilter[ThreadSpec2::staticPermissions()].JML accessible clause.0 
304528     DEBUG main            d.u.i.k.p.i.IntermediateProofReplayer Proof replay took 6.68ms 
304529     DEBUG main            d.u.i.k.p.r.p.TestFile    ... success: reloaded. 
304530     INFO  main            d.u.i.k.p.r.p.TestFile    Now processing file /home/runner/work/key/key/key.core/../key.ui/examples/heap/permissions/threads/BFilter_workingPermissions_accessible.key 
304530     INFO  main            d.u.i.k.p.i.AbstractProblemLoader Loading environment from /home/runner/work/key/key/key.core/../key.ui/examples/heap/permissions/threads/BFilter_workingPermissions_accessible.key 
304530     DEBUG main            d.u.i.k.p.i.AbstractProblemLoader Environment load took 69.2ns 
304531     INFO  main            d.u.i.k.p.i.AbstractProblemLoader Creating init config 
309080     DEBUG main            d.u.i.k.p.i.AbstractProblemLoader Init config took 4.55s 
309160     INFO  main            d.u.i.k.p.i.AbstractProblemLoader Replaying proof BFilter[ThreadSpec2::workingPermissions()].JML accessible clause.0 
309161     DEBUG main            d.u.i.k.p.i.IntermediateProofReplayer Proof replay took 5.5ns 
309263     INFO  main            d.u.i.k.p.r.p.TestFile    ... finished proof: closed. 
309593     INFO  main            d.u.i.k.p.i.AbstractProblemLoader Loading environment from /home/runner/work/key/key/key.core/../key.ui/examples/heap/permissions/threads/BFilter_workingPermissions_accessible.key.proof 
309593     DEBUG main            d.u.i.k.p.i.AbstractProblemLoader Environment load took 91.4ns 
309594     INFO  main            d.u.i.k.p.i.AbstractProblemLoader Creating init config 
314095     DEBUG main            d.u.i.k.p.i.AbstractProblemLoader Init config took 4.5s 
314185     INFO  main            d.u.i.k.p.i.AbstractProblemLoader Replaying proof BFilter[ThreadSpec2::workingPermissions()].JML accessible clause.0 
314192     DEBUG main            d.u.i.k.p.i.IntermediateProofReplayer Proof replay took 5.97ms 
314193     DEBUG main            d.u.i.k.p.r.p.TestFile    ... success: reloaded. 
314194     INFO  main            d.u.i.k.p.r.p.TestFile    Now processing file /home/runner/work/key/key/key.core/../key.ui/examples/heap/permissions/threads/Fib_Fib.key 
314194     INFO  main            d.u.i.k.p.i.AbstractProblemLoader Loading environment from /home/runner/work/key/key/key.core/../key.ui/examples/heap/permissions/threads/Fib_Fib.key 
314194     DEBUG main            d.u.i.k.p.i.AbstractProblemLoader Environment load took 71.4ns 
314195     INFO  main            d.u.i.k.p.i.AbstractProblemLoader Creating init config 
318765     DEBUG main            d.u.i.k.p.i.AbstractProblemLoader Init config took 4.57s 
318859     INFO  main            d.u.i.k.p.i.AbstractProblemLoader Replaying proof Fib[Fib::Fib(int)].JML normal_behavior operation contract.0 
318861     DEBUG main            d.u.i.k.p.i.IntermediateProofReplayer Proof replay took 6.4ns 
319465     INFO  main            d.u.i.k.p.r.p.TestFile    ... finished proof: closed. 
319827     INFO  main            d.u.i.k.p.i.AbstractProblemLoader Loading environment from /home/runner/work/key/key/key.core/../key.ui/examples/heap/permissions/threads/Fib_Fib.key.proof 
319828     DEBUG main            d.u.i.k.p.i.AbstractProblemLoader Environment load took 91.9ns 
319828     INFO  main            d.u.i.k.p.i.AbstractProblemLoader Creating init config 
324315     DEBUG main            d.u.i.k.p.i.AbstractProblemLoader Init config took 4.49s 
324393     INFO  main            d.u.i.k.p.i.AbstractProblemLoader Replaying proof Fib[Fib::Fib(int)].JML normal_behavior operation contract.0 
324463     DEBUG main            d.u.i.k.p.i.IntermediateProofReplayer Proof replay took 67.13ms 
324465     DEBUG main            d.u.i.k.p.r.p.TestFile    ... success: reloaded. 
324466     INFO  main            d.u.i.k.p.r.p.TestFile    Now processing file /home/runner/work/key/key/key.core/../key.ui/examples/heap/permissions/threads/Fib_initPost_accessible.key 
324466     INFO  main            d.u.i.k.p.i.AbstractProblemLoader Loading environment from /home/runner/work/key/key/key.core/../key.ui/examples/heap/permissions/threads/Fib_initPost_accessible.key 
324466     DEBUG main            d.u.i.k.p.i.AbstractProblemLoader Environment load took 68.5ns 
324467     INFO  main            d.u.i.k.p.i.AbstractProblemLoader Creating init config 
329030     DEBUG main            d.u.i.k.p.i.AbstractProblemLoader Init config took 4.56s 
329121     INFO  main            d.u.i.k.p.i.AbstractProblemLoader Replaying proof Fib[ThreadSpec::initPost()].JML accessible clause.0 
329122     DEBUG main            d.u.i.k.p.i.IntermediateProofReplayer Proof replay took 6.3ns 
329223     INFO  main            d.u.i.k.p.r.p.TestFile    ... finished proof: closed. 
329560     INFO  main            d.u.i.k.p.i.AbstractProblemLoader Loading environment from /home/runner/work/key/key/key.core/../key.ui/examples/heap/permissions/threads/Fib_initPost_accessible.key.proof 
329560     DEBUG main            d.u.i.k.p.i.AbstractProblemLoader Environment load took 129.1ns 
329561     INFO  main            d.u.i.k.p.i.AbstractProblemLoader Creating init config 
334054     DEBUG main            d.u.i.k.p.i.AbstractProblemLoader Init config took 4.49s 
334131     INFO  main            d.u.i.k.p.i.AbstractProblemLoader Replaying proof Fib[ThreadSpec::initPost()].JML accessible clause.0 
334137     DEBUG main            d.u.i.k.p.i.IntermediateProofReplayer Proof replay took 3.88ms 
334137     DEBUG main            d.u.i.k.p.r.p.TestFile    ... success: reloaded. 
334138     INFO  main            d.u.i.k.p.r.p.TestFile    Now processing file /home/runner/work/key/key/key.core/../key.ui/examples/heap/permissions/threads/Fib_inv1_accessible.key 
334138     INFO  main            d.u.i.k.p.i.AbstractProblemLoader Loading environment from /home/runner/work/key/key/key.core/../key.ui/examples/heap/permissions/threads/Fib_inv1_accessible.key 
334138     DEBUG main            d.u.i.k.p.i.AbstractProblemLoader Environment load took 86.2ns 
334139     INFO  main            d.u.i.k.p.i.AbstractProblemLoader Creating init config 
338691     DEBUG main            d.u.i.k.p.i.AbstractProblemLoader Init config took 4.55s 
338770     INFO  main            d.u.i.k.p.i.AbstractProblemLoader Replaying proof Fib[java.lang.Object::<inv>()].JML accessible clause.0 
338772     DEBUG main            d.u.i.k.p.i.IntermediateProofReplayer Proof replay took 5.9ns 
338873     INFO  main            d.u.i.k.p.r.p.TestFile    ... finished proof: closed. 
339215     INFO  main            d.u.i.k.p.i.AbstractProblemLoader Loading environment from /home/runner/work/key/key/key.core/../key.ui/examples/heap/permissions/threads/Fib_inv1_accessible.key.proof 
339215     DEBUG main            d.u.i.k.p.i.AbstractProblemLoader Environment load took 79.9ns 
339216     INFO  main            d.u.i.k.p.i.AbstractProblemLoader Creating init config 
343699     DEBUG main            d.u.i.k.p.i.AbstractProblemLoader Init config took 4.48s 
343777     INFO  main            d.u.i.k.p.i.AbstractProblemLoader Replaying proof Fib[java.lang.Object::<inv>()].JML accessible clause.0 
343779     DEBUG main            d.u.i.k.p.i.IntermediateProofReplayer Proof replay took 1.32ms 
343780     DEBUG main            d.u.i.k.p.r.p.TestFile    ... success: reloaded. 
343781     INFO  main            d.u.i.k.p.r.p.TestFile    Now processing file /home/runner/work/key/key/key.core/../key.ui/examples/heap/permissions/threads/Fib_inv2_accessible.key 
343781     INFO  main            d.u.i.k.p.i.AbstractProblemLoader Loading environment from /home/runner/work/key/key/key.core/../key.ui/examples/heap/permissions/threads/Fib_inv2_accessible.key 
343781     DEBUG main            d.u.i.k.p.i.AbstractProblemLoader Environment load took 63.2ns 
343782     INFO  main            d.u.i.k.p.i.AbstractProblemLoader Creating init config 
348339     DEBUG main            d.u.i.k.p.i.AbstractProblemLoader Init config took 4.56s 
348417     INFO  main            d.u.i.k.p.i.AbstractProblemLoader Replaying proof Fib[java.lang.Object::<inv>()].JML accessible clause.1 
348418     DEBUG main            d.u.i.k.p.i.IntermediateProofReplayer Proof replay took 7ns 
348519     INFO  main            d.u.i.k.p.r.p.TestFile    ... finished proof: closed. 
348865     INFO  main            d.u.i.k.p.i.AbstractProblemLoader Loading environment from /home/runner/work/key/key/key.core/../key.ui/examples/heap/permissions/threads/Fib_inv2_accessible.key.proof 
348865     DEBUG main            d.u.i.k.p.i.AbstractProblemLoader Environment load took 78.9ns 
348866     INFO  main            d.u.i.k.p.i.AbstractProblemLoader Creating init config 
353356     DEBUG main            d.u.i.k.p.i.AbstractProblemLoader Init config took 4.49s 
353433     INFO  main            d.u.i.k.p.i.AbstractProblemLoader Replaying proof Fib[java.lang.Object::<inv>()].JML accessible clause.1 
353435     DEBUG main            d.u.i.k.p.i.IntermediateProofReplayer Proof replay took 1.34ms 
353436     DEBUG main            d.u.i.k.p.r.p.TestFile    ... success: reloaded. 
353437     INFO  main            d.u.i.k.p.r.p.TestFile    Now processing file /home/runner/work/key/key/key.core/../key.ui/examples/heap/permissions/threads/Fib_joinTransfer_accessible.key 
353437     INFO  main            d.u.i.k.p.i.AbstractProblemLoader Loading environment from /home/runner/work/key/key/key.core/../key.ui/examples/heap/permissions/threads/Fib_joinTransfer_accessible.key 
353437     DEBUG main            d.u.i.k.p.i.AbstractProblemLoader Environment load took 47.8ns 
353438     INFO  main            d.u.i.k.p.i.AbstractProblemLoader Creating init config 
358014     DEBUG main            d.u.i.k.p.i.AbstractProblemLoader Init config took 4.58s 
358105     INFO  main            d.u.i.k.p.i.AbstractProblemLoader Replaying proof Fib[ThreadSpec::joinTransfer()].JML accessible clause.0 
358106     DEBUG main            d.u.i.k.p.i.IntermediateProofReplayer Proof replay took 6ns 
358307     INFO  main            d.u.i.k.p.r.p.TestFile    ... finished proof: closed. 
358668     INFO  main            d.u.i.k.p.i.AbstractProblemLoader Loading environment from /home/runner/work/key/key/key.core/../key.ui/examples/heap/permissions/threads/Fib_joinTransfer_accessible.key.proof 
358668     DEBUG main            d.u.i.k.p.i.AbstractProblemLoader Environment load took 83.6ns 
358669     INFO  main            d.u.i.k.p.i.AbstractProblemLoader Creating init config 
363164     DEBUG main            d.u.i.k.p.i.AbstractProblemLoader Init config took 4.5s 
363252     INFO  main            d.u.i.k.p.i.AbstractProblemLoader Replaying proof Fib[ThreadSpec::joinTransfer()].JML accessible clause.0 
363270     DEBUG main            d.u.i.k.p.i.IntermediateProofReplayer Proof replay took 16.52ms 
363271     DEBUG main            d.u.i.k.p.r.p.TestFile    ... success: reloaded. 
363271     INFO  main            d.u.i.k.p.r.p.TestFile    Now processing file /home/runner/work/key/key/key.core/../key.ui/examples/heap/permissions/threads/Fib_joinTransfer_contract.key 
363272     INFO  main            d.u.i.k.p.i.AbstractProblemLoader Loading environment from /home/runner/work/key/key/key.core/../key.ui/examples/heap/permissions/threads/Fib_joinTransfer_contract.key 
363272     DEBUG main            d.u.i.k.p.i.AbstractProblemLoader Environment load took 47.29ns 
363272     INFO  main            d.u.i.k.p.i.AbstractProblemLoader Creating init config 
367813     DEBUG main            d.u.i.k.p.i.AbstractProblemLoader Init config took 4.54s 
367890     INFO  main            d.u.i.k.p.i.AbstractProblemLoader Replaying proof Fib[ThreadSpec::joinTransfer()].JML model_behavior operation contract.0 
367892     DEBUG main            d.u.i.k.p.i.IntermediateProofReplayer Proof replay took 6.4ns 
367993     INFO  main            d.u.i.k.p.r.p.TestFile    ... finished proof: closed. 
368353     INFO  main            d.u.i.k.p.i.AbstractProblemLoader Loading environment from /home/runner/work/key/key/key.core/../key.ui/examples/heap/permissions/threads/Fib_joinTransfer_contract.key.proof 
368353     DEBUG main            d.u.i.k.p.i.AbstractProblemLoader Environment load took 87.7ns 
368354     INFO  main            d.u.i.k.p.i.AbstractProblemLoader Creating init config 
372836     DEBUG main            d.u.i.k.p.i.AbstractProblemLoader Init config took 4.48s 
372925     INFO  main            d.u.i.k.p.i.AbstractProblemLoader Replaying proof Fib[ThreadSpec::joinTransfer()].JML model_behavior operation contract.0 
372933     DEBUG main            d.u.i.k.p.i.IntermediateProofReplayer Proof replay took 5.8ms 
372933     DEBUG main            d.u.i.k.p.r.p.TestFile    ... success: reloaded. 
372934     INFO  main            d.u.i.k.p.r.p.TestFile    Now processing file /home/runner/work/key/key/key.core/../key.ui/examples/heap/permissions/threads/Fib_postJoin_accessible.key 
372934     INFO  main            d.u.i.k.p.i.AbstractProblemLoader Loading environment from /home/runner/work/key/key/key.core/../key.ui/examples/heap/permissions/threads/Fib_postJoin_accessible.key 
372934     DEBUG main            d.u.i.k.p.i.AbstractProblemLoader Environment load took 49.8ns 
372935     INFO  main            d.u.i.k.p.i.AbstractProblemLoader Creating init config 
377476     DEBUG main            d.u.i.k.p.i.AbstractProblemLoader Init config took 4.54s 
377574     INFO  main            d.u.i.k.p.i.AbstractProblemLoader Replaying proof Fib[ThreadSpec::postJoin(java.lang.Object)].JML accessible clause.0 
377575     DEBUG main            d.u.i.k.p.i.IntermediateProofReplayer Proof replay took 6.3ns 
377676     INFO  main            d.u.i.k.p.r.p.TestFile    ... finished proof: closed. 
378022     INFO  main            d.u.i.k.p.i.AbstractProblemLoader Loading environment from /home/runner/work/key/key/key.core/../key.ui/examples/heap/permissions/threads/Fib_postJoin_accessible.key.proof 
378022     DEBUG main            d.u.i.k.p.i.AbstractProblemLoader Environment load took 81.6ns 
378022     INFO  main            d.u.i.k.p.i.AbstractProblemLoader Creating init config 
382505     DEBUG main            d.u.i.k.p.i.AbstractProblemLoader Init config took 4.48s 
382583     INFO  main            d.u.i.k.p.i.AbstractProblemLoader Replaying proof Fib[ThreadSpec::postJoin(java.lang.Object)].JML accessible clause.0 
382588     DEBUG main            d.u.i.k.p.i.IntermediateProofReplayer Proof replay took 4.07ms 
382589     DEBUG main            d.u.i.k.p.r.p.TestFile    ... success: reloaded. 
382590     INFO  main            d.u.i.k.p.r.p.TestFile    Now processing file /home/runner/work/key/key/key.core/../key.ui/examples/heap/permissions/threads/Fib_preStart_accessible.key 
382590     INFO  main            d.u.i.k.p.i.AbstractProblemLoader Loading environment from /home/runner/work/key/key/key.core/../key.ui/examples/heap/permissions/threads/Fib_preStart_accessible.key 
382590     DEBUG main            d.u.i.k.p.i.AbstractProblemLoader Environment load took 83.1ns 
382590     INFO  main            d.u.i.k.p.i.AbstractProblemLoader Creating init config 
387157     DEBUG main            d.u.i.k.p.i.AbstractProblemLoader Init config took 4.57s 
387248     INFO  main            d.u.i.k.p.i.AbstractProblemLoader Replaying proof Fib[ThreadSpec::preStart(java.lang.Object)].JML accessible clause.0 
387249     DEBUG main            d.u.i.k.p.i.IntermediateProofReplayer Proof replay took 5.9ns 
387351     INFO  main            d.u.i.k.p.r.p.TestFile    ... finished proof: closed. 
387717     INFO  main            d.u.i.k.p.i.AbstractProblemLoader Loading environment from /home/runner/work/key/key/key.core/../key.ui/examples/heap/permissions/threads/Fib_preStart_accessible.key.proof 
387717     DEBUG main            d.u.i.k.p.i.AbstractProblemLoader Environment load took 82.1ns 
387718     INFO  main            d.u.i.k.p.i.AbstractProblemLoader Creating init config 
392228     DEBUG main            d.u.i.k.p.i.AbstractProblemLoader Init config took 4.51s 
392305     INFO  main            d.u.i.k.p.i.AbstractProblemLoader Replaying proof Fib[ThreadSpec::preStart(java.lang.Object)].JML accessible clause.0 
392311     DEBUG main            d.u.i.k.p.i.IntermediateProofReplayer Proof replay took 4.1ms 
392313     DEBUG main            d.u.i.k.p.r.p.TestFile    ... success: reloaded. 
392315     INFO  main            d.u.i.k.p.r.p.TestFile    Now processing file /home/runner/work/key/key/key.core/../key.ui/examples/heap/permissions/threads/Fib_startTransfer_accessible.key 
392316     INFO  main            d.u.i.k.p.i.AbstractProblemLoader Loading environment from /home/runner/work/key/key/key.core/../key.ui/examples/heap/permissions/threads/Fib_startTransfer_accessible.key 
392316     DEBUG main            d.u.i.k.p.i.AbstractProblemLoader Environment load took 163.4ns 
392317     INFO  main            d.u.i.k.p.i.AbstractProblemLoader Creating init config 
396882     DEBUG main            d.u.i.k.p.i.AbstractProblemLoader Init config took 4.57s 
396959     INFO  main            d.u.i.k.p.i.AbstractProblemLoader Replaying proof Fib[ThreadSpec::startTransfer()].JML accessible clause.0 
396960     DEBUG main            d.u.i.k.p.i.IntermediateProofReplayer Proof replay took 6.2ns 
397161     INFO  main            d.u.i.k.p.r.p.TestFile    ... finished proof: closed. 
397551     INFO  main            d.u.i.k.p.i.AbstractProblemLoader Loading environment from /home/runner/work/key/key/key.core/../key.ui/examples/heap/permissions/threads/Fib_startTransfer_accessible.key.proof 
397551     DEBUG main            d.u.i.k.p.i.AbstractProblemLoader Environment load took 86.5ns 
397552     INFO  main            d.u.i.k.p.i.AbstractProblemLoader Creating init config 
402047     DEBUG main            d.u.i.k.p.i.AbstractProblemLoader Init config took 4.5s 
402126     INFO  main            d.u.i.k.p.i.AbstractProblemLoader Replaying proof Fib[ThreadSpec::startTransfer()].JML accessible clause.0 
402162     DEBUG main            d.u.i.k.p.i.IntermediateProofReplayer Proof replay took 33.95ms 
402162     DEBUG main            d.u.i.k.p.r.p.TestFile    ... success: reloaded. 
402163     INFO  main            d.u.i.k.p.r.p.TestFile    Now processing file /home/runner/work/key/key/key.core/../key.ui/examples/heap/permissions/threads/Fib_startTransfer_contract.key 
402164     INFO  main            d.u.i.k.p.i.AbstractProblemLoader Loading environment from /home/runner/work/key/key/key.core/../key.ui/examples/heap/permissions/threads/Fib_startTransfer_contract.key 
402164     DEBUG main            d.u.i.k.p.i.AbstractProblemLoader Environment load took 70.3ns 
402164     INFO  main            d.u.i.k.p.i.AbstractProblemLoader Creating init config 
406777     DEBUG main            d.u.i.k.p.i.AbstractProblemLoader Init config took 4.61s 
406854     INFO  main            d.u.i.k.p.i.AbstractProblemLoader Replaying proof Fib[ThreadSpec::startTransfer()].JML model_behavior operation contract.0 
406856     DEBUG main            d.u.i.k.p.i.IntermediateProofReplayer Proof replay took 6.5ns 
406957     INFO  main            d.u.i.k.p.r.p.TestFile    ... finished proof: closed. 
407338     INFO  main            d.u.i.k.p.i.AbstractProblemLoader Loading environment from /home/runner/work/key/key/key.core/../key.ui/examples/heap/permissions/threads/Fib_startTransfer_contract.key.proof 
407338     DEBUG main            d.u.i.k.p.i.AbstractProblemLoader Environment load took 76.6ns 
407339     INFO  main            d.u.i.k.p.i.AbstractProblemLoader Creating init config 
411819     DEBUG main            d.u.i.k.p.i.AbstractProblemLoader Init config took 4.48s 
411907     INFO  main            d.u.i.k.p.i.AbstractProblemLoader Replaying proof Fib[ThreadSpec::startTransfer()].JML model_behavior operation contract.0 
411914     DEBUG main            d.u.i.k.p.i.IntermediateProofReplayer Proof replay took 5.94ms 
411915     DEBUG main            d.u.i.k.p.r.p.TestFile    ... success: reloaded. 
411916     INFO  main            d.u.i.k.p.r.p.TestFile    Now processing file /home/runner/work/key/key/key.core/../key.ui/examples/heap/permissions/threads/Fib_workingPermissions_accessible.key 
411916     INFO  main            d.u.i.k.p.i.AbstractProblemLoader Loading environment from /home/runner/work/key/key/key.core/../key.ui/examples/heap/permissions/threads/Fib_workingPermissions_accessible.key 
411916     DEBUG main            d.u.i.k.p.i.AbstractProblemLoader Environment load took 45.3ns 
411917     INFO  main            d.u.i.k.p.i.AbstractProblemLoader Creating init config 
416482     DEBUG main            d.u.i.k.p.i.AbstractProblemLoader Init config took 4.56s 
416560     INFO  main            d.u.i.k.p.i.AbstractProblemLoader Replaying proof Fib[ThreadSpec::workingPermissions()].JML accessible clause.0 
416562     DEBUG main            d.u.i.k.p.i.IntermediateProofReplayer Proof replay took 6.7ns 
416663     INFO  main            d.u.i.k.p.r.p.TestFile    ... finished proof: closed. 
417059     INFO  main            d.u.i.k.p.i.AbstractProblemLoader Loading environment from /home/runner/work/key/key/key.core/../key.ui/examples/heap/permissions/threads/Fib_workingPermissions_accessible.key.proof 
417059     DEBUG main            d.u.i.k.p.i.AbstractProblemLoader Environment load took 111.5ns 
417060     INFO  main            d.u.i.k.p.i.AbstractProblemLoader Creating init config 
421566     DEBUG main            d.u.i.k.p.i.AbstractProblemLoader Init config took 4.51s 
421652     INFO  main            d.u.i.k.p.i.AbstractProblemLoader Replaying proof Fib[ThreadSpec::workingPermissions()].JML accessible clause.0 
421655     DEBUG main            d.u.i.k.p.i.IntermediateProofReplayer Proof replay took 1.64ms 
421656     DEBUG main            d.u.i.k.p.r.p.TestFile    ... success: reloaded. 
421657     INFO  main            d.u.i.k.p.r.p.TestFile    Now processing file /home/runner/work/key/key/key.core/../key.ui/examples/heap/permissions/threads/Plotter_initPost_accessible.key 
421657     INFO  main            d.u.i.k.p.i.AbstractProblemLoader Loading environment from /home/runner/work/key/key/key.core/../key.ui/examples/heap/permissions/threads/Plotter_initPost_accessible.key 
421657     DEBUG main            d.u.i.k.p.i.AbstractProblemLoader Environment load took 94ns 
421658     INFO  main            d.u.i.k.p.i.AbstractProblemLoader Creating init config 
426213     DEBUG main            d.u.i.k.p.i.AbstractProblemLoader Init config took 4.55s 
426304     INFO  main            d.u.i.k.p.i.AbstractProblemLoader Replaying proof Plotter[ThreadSpec2::initPost()].JML accessible clause.0 
426305     DEBUG main            d.u.i.k.p.i.IntermediateProofReplayer Proof replay took 6.1ns 
426406     INFO  main            d.u.i.k.p.r.p.TestFile    ... finished proof: closed. 
426799     INFO  main            d.u.i.k.p.i.AbstractProblemLoader Loading environment from /home/runner/work/key/key/key.core/../key.ui/examples/heap/permissions/threads/Plotter_initPost_accessible.key.proof 
426799     DEBUG main            d.u.i.k.p.i.AbstractProblemLoader Environment load took 77.8ns 
426799     INFO  main            d.u.i.k.p.i.AbstractProblemLoader Creating init config 
431300     DEBUG main            d.u.i.k.p.i.AbstractProblemLoader Init config took 4.5s 
431376     INFO  main            d.u.i.k.p.i.AbstractProblemLoader Replaying proof Plotter[ThreadSpec2::initPost()].JML accessible clause.0 
431386     DEBUG main            d.u.i.k.p.i.IntermediateProofReplayer Proof replay took 8.52ms 
431387     DEBUG main            d.u.i.k.p.r.p.TestFile    ... success: reloaded. 
431388     INFO  main            d.u.i.k.p.r.p.TestFile    Now processing file /home/runner/work/key/key/key.core/../key.ui/examples/heap/permissions/threads/Plotter_inv_accessible1.key 
431388     INFO  main            d.u.i.k.p.i.AbstractProblemLoader Loading environment from /home/runner/work/key/key/key.core/../key.ui/examples/heap/permissions/threads/Plotter_inv_accessible1.key 
431388     DEBUG main            d.u.i.k.p.i.AbstractProblemLoader Environment load took 41.4ns 
431389     INFO  main            d.u.i.k.p.i.AbstractProblemLoader Creating init config 
436064     DEBUG main            d.u.i.k.p.i.AbstractProblemLoader Init config took 4.68s 
436147     INFO  main            d.u.i.k.p.i.AbstractProblemLoader Replaying proof Plotter[java.lang.Object::<inv>()].JML accessible clause.0 
436149     DEBUG main            d.u.i.k.p.i.IntermediateProofReplayer Proof replay took 8.2ns 
436250     INFO  main            d.u.i.k.p.r.p.TestFile    ... finished proof: closed. 
436645     INFO  main            d.u.i.k.p.i.AbstractProblemLoader Loading environment from /home/runner/work/key/key/key.core/../key.ui/examples/heap/permissions/threads/Plotter_inv_accessible1.key.proof 
436645     DEBUG main            d.u.i.k.p.i.AbstractProblemLoader Environment load took 76.9ns 
436646     INFO  main            d.u.i.k.p.i.AbstractProblemLoader Creating init config 
441163     DEBUG main            d.u.i.k.p.i.AbstractProblemLoader Init config took 4.52s 
441240     INFO  main            d.u.i.k.p.i.AbstractProblemLoader Replaying proof Plotter[java.lang.Object::<inv>()].JML accessible clause.0 
441244     DEBUG main            d.u.i.k.p.i.IntermediateProofReplayer Proof replay took 1.36ms 
441245     DEBUG main            d.u.i.k.p.r.p.TestFile    ... success: reloaded. 
441246     INFO  main            d.u.i.k.p.r.p.TestFile    Now processing file /home/runner/work/key/key/key.core/../key.ui/examples/heap/permissions/threads/Plotter_inv_accessible2.key 
441246     INFO  main            d.u.i.k.p.i.AbstractProblemLoader Loading environment from /home/runner/work/key/key/key.core/../key.ui/examples/heap/permissions/threads/Plotter_inv_accessible2.key 
441246     DEBUG main            d.u.i.k.p.i.AbstractProblemLoader Environment load took 42.7ns 
441247     INFO  main            d.u.i.k.p.i.AbstractProblemLoader Creating init config 
445823     DEBUG main            d.u.i.k.p.i.AbstractProblemLoader Init config took 4.58s 
445900     INFO  main            d.u.i.k.p.i.AbstractProblemLoader Replaying proof Plotter[java.lang.Object::<inv>()].JML accessible clause.1 
445901     DEBUG main            d.u.i.k.p.i.IntermediateProofReplayer Proof replay took 7.1ns 
446003     INFO  main            d.u.i.k.p.r.p.TestFile    ... finished proof: closed. 
446410     INFO  main            d.u.i.k.p.i.AbstractProblemLoader Loading environment from /home/runner/work/key/key/key.core/../key.ui/examples/heap/permissions/threads/Plotter_inv_accessible2.key.proof 
446410     DEBUG main            d.u.i.k.p.i.AbstractProblemLoader Environment load took 78.8ns 
446411     INFO  main            d.u.i.k.p.i.AbstractProblemLoader Creating init config 
451061     DEBUG main            d.u.i.k.p.i.AbstractProblemLoader Init config took 4.65s 
451149     INFO  main            d.u.i.k.p.i.AbstractProblemLoader Replaying proof Plotter[java.lang.Object::<inv>()].JML accessible clause.1 
451153     DEBUG main            d.u.i.k.p.i.IntermediateProofReplayer Proof replay took 1.61ms 
451154     DEBUG main            d.u.i.k.p.r.p.TestFile    ... success: reloaded. 
451155     INFO  main            d.u.i.k.p.r.p.TestFile    Now processing file /home/runner/work/key/key/key.core/../key.ui/examples/heap/permissions/threads/Plotter_joinTransfer_contract.key 
451155     INFO  main            d.u.i.k.p.i.AbstractProblemLoader Loading environment from /home/runner/work/key/key/key.core/../key.ui/examples/heap/permissions/threads/Plotter_joinTransfer_contract.key 
451155     DEBUG main            d.u.i.k.p.i.AbstractProblemLoader Environment load took 137.8ns 
451156     INFO  main            d.u.i.k.p.i.AbstractProblemLoader Creating init config 
455893     DEBUG main            d.u.i.k.p.i.AbstractProblemLoader Init config took 4.74s 
455972     INFO  main            d.u.i.k.p.i.AbstractProblemLoader Replaying proof Plotter[ThreadSpec2::joinTransfer()].JML model_behavior operation contract.0 
455974     DEBUG main            d.u.i.k.p.i.IntermediateProofReplayer Proof replay took 7.4ns 
456075     INFO  main            d.u.i.k.p.r.p.TestFile    ... finished proof: closed. 
456475     INFO  main            d.u.i.k.p.i.AbstractProblemLoader Loading environment from /home/runner/work/key/key/key.core/../key.ui/examples/heap/permissions/threads/Plotter_joinTransfer_contract.key.proof 
456475     DEBUG main            d.u.i.k.p.i.AbstractProblemLoader Environment load took 73.3ns 
456476     INFO  main            d.u.i.k.p.i.AbstractProblemLoader Creating init config 
461198     DEBUG main            d.u.i.k.p.i.AbstractProblemLoader Init config took 4.72s 
461290     INFO  main            d.u.i.k.p.i.AbstractProblemLoader Replaying proof Plotter[ThreadSpec2::joinTransfer()].JML model_behavior operation contract.0 
461297     DEBUG main            d.u.i.k.p.i.IntermediateProofReplayer Proof replay took 6.5ms 
461298     DEBUG main            d.u.i.k.p.r.p.TestFile    ... success: reloaded. 
461300     INFO  main            d.u.i.k.p.r.p.TestFile    Now processing file /home/runner/work/key/key/key.core/../key.ui/examples/heap/permissions/threads/Plotter_Plotter.key 
461300     INFO  main            d.u.i.k.p.i.AbstractProblemLoader Loading environment from /home/runner/work/key/key/key.core/../key.ui/examples/heap/permissions/threads/Plotter_Plotter.key 
461300     DEBUG main            d.u.i.k.p.i.AbstractProblemLoader Environment load took 154.7ns 
461301     INFO  main            d.u.i.k.p.i.AbstractProblemLoader Creating init config 
466051     DEBUG main            d.u.i.k.p.i.AbstractProblemLoader Init config took 4.75s 
466139     INFO  main            d.u.i.k.p.i.AbstractProblemLoader Replaying proof Plotter[Plotter::Plotter(AFilter,BFilter,Buffer)].JML normal_behavior operation contract.0 
466140     DEBUG main            d.u.i.k.p.i.IntermediateProofReplayer Proof replay took 6ns 
467864     INFO  main            d.u.i.k.p.r.p.TestFile    ... finished proof: closed. 
468292     INFO  main            d.u.i.k.p.i.AbstractProblemLoader Loading environment from /home/runner/work/key/key/key.core/../key.ui/examples/heap/permissions/threads/Plotter_Plotter.key.proof 
468293     DEBUG main            d.u.i.k.p.i.AbstractProblemLoader Environment load took 314.69ns 
468294     INFO  main            d.u.i.k.p.i.AbstractProblemLoader Creating init config 
472971     DEBUG main            d.u.i.k.p.i.AbstractProblemLoader Init config took 4.68s 
473049     INFO  main            d.u.i.k.p.i.AbstractProblemLoader Replaying proof Plotter[Plotter::Plotter(AFilter,BFilter,Buffer)].JML normal_behavior operation contract.0 
473198     DEBUG main            d.u.i.k.p.i.IntermediateProofReplayer Proof replay took 143.62ms 
473199     DEBUG main            d.u.i.k.p.r.p.TestFile    ... success: reloaded. 
473200     INFO  main            d.u.i.k.p.r.p.TestFile    Now processing file /home/runner/work/key/key/key.core/../key.ui/examples/heap/permissions/threads/Plotter_postJoin_accessible.key 
473200     INFO  main            d.u.i.k.p.i.AbstractProblemLoader Loading environment from /home/runner/work/key/key/key.core/../key.ui/examples/heap/permissions/threads/Plotter_postJoin_accessible.key 
473200     DEBUG main            d.u.i.k.p.i.AbstractProblemLoader Environment load took 135.8ns 
473201     INFO  main            d.u.i.k.p.i.AbstractProblemLoader Creating init config 
477718     DEBUG main            d.u.i.k.p.i.AbstractProblemLoader Init config took 4.52s 
477795     INFO  main            d.u.i.k.p.i.AbstractProblemLoader Replaying proof Plotter[ThreadSpec2::postJoin(java.lang.Object)].JML accessible clause.0 
477796     DEBUG main            d.u.i.k.p.i.IntermediateProofReplayer Proof replay took 6ns 
477898     INFO  main            d.u.i.k.p.r.p.TestFile    ... finished proof: closed. 
478324     INFO  main            d.u.i.k.p.i.AbstractProblemLoader Loading environment from /home/runner/work/key/key/key.core/../key.ui/examples/heap/permissions/threads/Plotter_postJoin_accessible.key.proof 
478324     DEBUG main            d.u.i.k.p.i.AbstractProblemLoader Environment load took 71.8ns 
478325     INFO  main            d.u.i.k.p.i.AbstractProblemLoader Creating init config 
482771     DEBUG main            d.u.i.k.p.i.AbstractProblemLoader Init config took 4.45s 
482853     INFO  main            d.u.i.k.p.i.AbstractProblemLoader Replaying proof Plotter[ThreadSpec2::postJoin(java.lang.Object)].JML accessible clause.0 
482863     DEBUG main            d.u.i.k.p.i.IntermediateProofReplayer Proof replay took 8.09ms 
482864     DEBUG main            d.u.i.k.p.r.p.TestFile    ... success: reloaded. 
482864     INFO  main            d.u.i.k.p.r.p.TestFile    Now processing file /home/runner/work/key/key/key.core/../key.ui/examples/heap/permissions/threads/Plotter_preStart_accessible.key 
482865     INFO  main            d.u.i.k.p.i.AbstractProblemLoader Loading environment from /home/runner/work/key/key/key.core/../key.ui/examples/heap/permissions/threads/Plotter_preStart_accessible.key 
482865     DEBUG main            d.u.i.k.p.i.AbstractProblemLoader Environment load took 48ns 
482865     INFO  main            d.u.i.k.p.i.AbstractProblemLoader Creating init config 
487413     DEBUG main            d.u.i.k.p.i.AbstractProblemLoader Init config took 4.55s 
487490     INFO  main            d.u.i.k.p.i.AbstractProblemLoader Replaying proof Plotter[ThreadSpec2::preStart(java.lang.Object)].JML accessible clause.0 
487491     DEBUG main            d.u.i.k.p.i.IntermediateProofReplayer Proof replay took 6.1ns 
488495     INFO  main            d.u.i.k.p.r.p.TestFile    ... finished proof: closed. 
488978     INFO  main            d.u.i.k.p.i.AbstractProblemLoader Loading environment from /home/runner/work/key/key/key.core/../key.ui/examples/heap/permissions/threads/Plotter_preStart_accessible.key.proof 
488978     DEBUG main            d.u.i.k.p.i.AbstractProblemLoader Environment load took 73.9ns 
488979     INFO  main            d.u.i.k.p.i.AbstractProblemLoader Creating init config 
493427     DEBUG main            d.u.i.k.p.i.AbstractProblemLoader Init config took 4.45s 
493504     INFO  main            d.u.i.k.p.i.AbstractProblemLoader Replaying proof Plotter[ThreadSpec2::preStart(java.lang.Object)].JML accessible clause.0 
493551     DEBUG main            d.u.i.k.p.i.IntermediateProofReplayer Proof replay took 43.84ms 
493552     DEBUG main            d.u.i.k.p.r.p.TestFile    ... success: reloaded. 
493553     INFO  main            d.u.i.k.p.r.p.TestFile    Now processing file /home/runner/work/key/key/key.core/../key.ui/examples/heap/permissions/threads/Plotter_stateInv_accessible.key 
493553     INFO  main            d.u.i.k.p.i.AbstractProblemLoader Loading environment from /home/runner/work/key/key/key.core/../key.ui/examples/heap/permissions/threads/Plotter_stateInv_accessible.key 
493553     DEBUG main            d.u.i.k.p.i.AbstractProblemLoader Environment load took 65.1ns 
493554     INFO  main            d.u.i.k.p.i.AbstractProblemLoader Creating init config 
498085     DEBUG main            d.u.i.k.p.i.AbstractProblemLoader Init config took 4.53s 
498161     INFO  main            d.u.i.k.p.i.AbstractProblemLoader Replaying proof Plotter[ThreadSpec2::stateInv()].JML accessible clause.0 
498162     DEBUG main            d.u.i.k.p.i.IntermediateProofReplayer Proof replay took 6.4ns 
505581     INFO  main            d.u.i.k.p.r.p.TestFile    ... finished proof: closed. 
506043     INFO  main            d.u.i.k.p.i.AbstractProblemLoader Loading environment from /home/runner/work/key/key/key.core/../key.ui/examples/heap/permissions/threads/Plotter_stateInv_accessible.key.proof 
506044     DEBUG main            d.u.i.k.p.i.AbstractProblemLoader Environment load took 78.5ns 
506045     INFO  main            d.u.i.k.p.i.AbstractProblemLoader Creating init config 
510506     DEBUG main            d.u.i.k.p.i.AbstractProblemLoader Init config took 4.46s 
510592     INFO  main            d.u.i.k.p.i.AbstractProblemLoader Replaying proof Plotter[ThreadSpec2::stateInv()].JML accessible clause.0 
510966     DEBUG main            d.u.i.k.p.i.IntermediateProofReplayer Proof replay took 356.58ms 
510967     DEBUG main            d.u.i.k.p.r.p.TestFile    ... success: reloaded. 
510968     INFO  main            d.u.i.k.p.r.p.TestFile    Now processing file /home/runner/work/key/key/key.core/../key.ui/examples/heap/permissions/threads/Plotter_staticPermissions_accessible.key 
510968     INFO  main            d.u.i.k.p.i.AbstractProblemLoader Loading environment from /home/runner/work/key/key/key.core/../key.ui/examples/heap/permissions/threads/Plotter_staticPermissions_accessible.key 
510968     DEBUG main            d.u.i.k.p.i.AbstractProblemLoader Environment load took 60ns 
510969     INFO  main            d.u.i.k.p.i.AbstractProblemLoader Creating init config 
515494     DEBUG main            d.u.i.k.p.i.AbstractProblemLoader Init config took 4.53s 
515572     INFO  main            d.u.i.k.p.i.AbstractProblemLoader Replaying proof Plotter[ThreadSpec2::staticPermissions()].JML accessible clause.0 
515574     DEBUG main            d.u.i.k.p.i.IntermediateProofReplayer Proof replay took 32.2ns 
516376     INFO  main            d.u.i.k.p.r.p.TestFile    ... finished proof: closed. 
516848     INFO  main            d.u.i.k.p.i.AbstractProblemLoader Loading environment from /home/runner/work/key/key/key.core/../key.ui/examples/heap/permissions/threads/Plotter_staticPermissions_accessible.key.proof 
516849     DEBUG main            d.u.i.k.p.i.AbstractProblemLoader Environment load took 86.1ns 
516849     INFO  main            d.u.i.k.p.i.AbstractProblemLoader Creating init config 
521310     DEBUG main            d.u.i.k.p.i.AbstractProblemLoader Init config took 4.46s 
521386     INFO  main            d.u.i.k.p.i.AbstractProblemLoader Replaying proof Plotter[ThreadSpec2::staticPermissions()].JML accessible clause.0 
521429     DEBUG main            d.u.i.k.p.i.IntermediateProofReplayer Proof replay took 39.72ms 
521429     DEBUG main            d.u.i.k.p.r.p.TestFile    ... success: reloaded. 
521430     INFO  main            d.u.i.k.p.r.p.TestFile    Now processing file /home/runner/work/key/key/key.core/../key.ui/examples/heap/permissions/threads/Plotter_workingPermissions_accessible.key 
521430     INFO  main            d.u.i.k.p.i.AbstractProblemLoader Loading environment from /home/runner/work/key/key/key.core/../key.ui/examples/heap/permissions/threads/Plotter_workingPermissions_accessible.key 
521430     DEBUG main            d.u.i.k.p.i.AbstractProblemLoader Environment load took 53.8ns 
521431     INFO  main            d.u.i.k.p.i.AbstractProblemLoader Creating init config 
525957     DEBUG main            d.u.i.k.p.i.AbstractProblemLoader Init config took 4.53s 
526033     INFO  main            d.u.i.k.p.i.AbstractProblemLoader Replaying proof Plotter[ThreadSpec2::workingPermissions()].JML accessible clause.0 
526034     DEBUG main            d.u.i.k.p.i.IntermediateProofReplayer Proof replay took 2.5ns 
526236     INFO  main            d.u.i.k.p.r.p.TestFile    ... finished proof: closed. 
526698     INFO  main            d.u.i.k.p.i.AbstractProblemLoader Loading environment from /home/runner/work/key/key/key.core/../key.ui/examples/heap/permissions/threads/Plotter_workingPermissions_accessible.key.proof 
526698     DEBUG main            d.u.i.k.p.i.AbstractProblemLoader Environment load took 64.9ns 
526699     INFO  main            d.u.i.k.p.i.AbstractProblemLoader Creating init config 
531149     DEBUG main            d.u.i.k.p.i.AbstractProblemLoader Init config took 4.45s 
531228     INFO  main            d.u.i.k.p.i.AbstractProblemLoader Replaying proof Plotter[ThreadSpec2::workingPermissions()].JML accessible clause.0 
531240     DEBUG main            d.u.i.k.p.i.IntermediateProofReplayer Proof replay took 10.45ms 
531241     DEBUG main            d.u.i.k.p.r.p.TestFile    ... success: reloaded. 
531242     INFO  main            d.u.i.k.p.r.p.TestFile    Now processing file /home/runner/work/key/key/key.core/../key.ui/examples/heap/permissions/threads/Sampler_initPost_accessible.key 
531242     INFO  main            d.u.i.k.p.i.AbstractProblemLoader Loading environment from /home/runner/work/key/key/key.core/../key.ui/examples/heap/permissions/threads/Sampler_initPost_accessible.key 
531242     DEBUG main            d.u.i.k.p.i.AbstractProblemLoader Environment load took 42.1ns 
531243     INFO  main            d.u.i.k.p.i.AbstractProblemLoader Creating init config 
535753     DEBUG main            d.u.i.k.p.i.AbstractProblemLoader Init config took 4.51s 
535829     INFO  main            d.u.i.k.p.i.AbstractProblemLoader Replaying proof Sampler[ThreadSpec2::initPost()].JML accessible clause.0 
535830     DEBUG main            d.u.i.k.p.i.IntermediateProofReplayer Proof replay took 2.3ns 
535931     INFO  main            d.u.i.k.p.r.p.TestFile    ... finished proof: closed. 
536397     INFO  main            d.u.i.k.p.i.AbstractProblemLoader Loading environment from /home/runner/work/key/key/key.core/../key.ui/examples/heap/permissions/threads/Sampler_initPost_accessible.key.proof 
536397     DEBUG main            d.u.i.k.p.i.AbstractProblemLoader Environment load took 68ns 
536398     INFO  main            d.u.i.k.p.i.AbstractProblemLoader Creating init config 
540831     DEBUG main            d.u.i.k.p.i.AbstractProblemLoader Init config took 4.43s 
540907     INFO  main            d.u.i.k.p.i.AbstractProblemLoader Replaying proof Sampler[ThreadSpec2::initPost()].JML accessible clause.0 
540912     DEBUG main            d.u.i.k.p.i.IntermediateProofReplayer Proof replay took 3.96ms 
540913     DEBUG main            d.u.i.k.p.r.p.TestFile    ... success: reloaded. 
540913     INFO  main            d.u.i.k.p.r.p.TestFile    Now processing file /home/runner/work/key/key/key.core/../key.ui/examples/heap/permissions/threads/Sampler_inv_accessible1.key 
540914     INFO  main            d.u.i.k.p.i.AbstractProblemLoader Loading environment from /home/runner/work/key/key/key.core/../key.ui/examples/heap/permissions/threads/Sampler_inv_accessible1.key 
540914     DEBUG main            d.u.i.k.p.i.AbstractProblemLoader Environment load took 39.9ns 
540914     INFO  main            d.u.i.k.p.i.AbstractProblemLoader Creating init config 
545436     DEBUG main            d.u.i.k.p.i.AbstractProblemLoader Init config took 4.52s 
545527     INFO  main            d.u.i.k.p.i.AbstractProblemLoader Replaying proof Sampler[java.lang.Object::<inv>()].JML accessible clause.0 
545528     DEBUG main            d.u.i.k.p.i.IntermediateProofReplayer Proof replay took 2.9ns 
545629     INFO  main            d.u.i.k.p.r.p.TestFile    ... finished proof: closed. 
546095     INFO  main            d.u.i.k.p.i.AbstractProblemLoader Loading environment from /home/runner/work/key/key/key.core/../key.ui/examples/heap/permissions/threads/Sampler_inv_accessible1.key.proof 
546095     DEBUG main            d.u.i.k.p.i.AbstractProblemLoader Environment load took 66.5ns 
546096     INFO  main            d.u.i.k.p.i.AbstractProblemLoader Creating init config 
550525     DEBUG main            d.u.i.k.p.i.AbstractProblemLoader Init config took 4.43s 
550600     INFO  main            d.u.i.k.p.i.AbstractProblemLoader Replaying proof Sampler[java.lang.Object::<inv>()].JML accessible clause.0 
550603     DEBUG main            d.u.i.k.p.i.IntermediateProofReplayer Proof replay took 1.22ms 
550603     DEBUG main            d.u.i.k.p.r.p.TestFile    ... success: reloaded. 
550604     INFO  main            d.u.i.k.p.r.p.TestFile    Now processing file /home/runner/work/key/key/key.core/../key.ui/examples/heap/permissions/threads/Sampler_inv_accessible2.key 
550604     INFO  main            d.u.i.k.p.i.AbstractProblemLoader Loading environment from /home/runner/work/key/key/key.core/../key.ui/examples/heap/permissions/threads/Sampler_inv_accessible2.key 
550604     DEBUG main            d.u.i.k.p.i.AbstractProblemLoader Environment load took 40.6ns 
550605     INFO  main            d.u.i.k.p.i.AbstractProblemLoader Creating init config 
555121     DEBUG main            d.u.i.k.p.i.AbstractProblemLoader Init config took 4.52s 
555197     INFO  main            d.u.i.k.p.i.AbstractProblemLoader Replaying proof Sampler[java.lang.Object::<inv>()].JML accessible clause.1 
555199     DEBUG main            d.u.i.k.p.i.IntermediateProofReplayer Proof replay took 2.3ns 
555301     INFO  main            d.u.i.k.p.r.p.TestFile    ... finished proof: closed. 
555767     INFO  main            d.u.i.k.p.i.AbstractProblemLoader Loading environment from /home/runner/work/key/key/key.core/../key.ui/examples/heap/permissions/threads/Sampler_inv_accessible2.key.proof 
555767     DEBUG main            d.u.i.k.p.i.AbstractProblemLoader Environment load took 65.3ns 
555768     INFO  main            d.u.i.k.p.i.AbstractProblemLoader Creating init config 
560202     DEBUG main            d.u.i.k.p.i.AbstractProblemLoader Init config took 4.43s 
560289     INFO  main            d.u.i.k.p.i.AbstractProblemLoader Replaying proof Sampler[java.lang.Object::<inv>()].JML accessible clause.1 
560292     DEBUG main            d.u.i.k.p.i.IntermediateProofReplayer Proof replay took 1.22ms 
560292     DEBUG main            d.u.i.k.p.r.p.TestFile    ... success: reloaded. 
560293     INFO  main            d.u.i.k.p.r.p.TestFile    Now processing file /home/runner/work/key/key/key.core/../key.ui/examples/heap/permissions/threads/Sampler_joinTransfer_accessible.key 
560293     INFO  main            d.u.i.k.p.i.AbstractProblemLoader Loading environment from /home/runner/work/key/key/key.core/../key.ui/examples/heap/permissions/threads/Sampler_joinTransfer_accessible.key 
560293     DEBUG main            d.u.i.k.p.i.AbstractProblemLoader Environment load took 80.7ns 
560294     INFO  main            d.u.i.k.p.i.AbstractProblemLoader Creating init config 
564797     DEBUG main            d.u.i.k.p.i.AbstractProblemLoader Init config took 4.5s 
564873     INFO  main            d.u.i.k.p.i.AbstractProblemLoader Replaying proof Sampler[ThreadSpec2::joinTransfer()].JML accessible clause.0 
564874     DEBUG main            d.u.i.k.p.i.IntermediateProofReplayer Proof replay took 2.2ns 
567886     INFO  main            d.u.i.k.p.r.p.TestFile    ... finished proof: closed. 
568373     INFO  main            d.u.i.k.p.i.AbstractProblemLoader Loading environment from /home/runner/work/key/key/key.core/../key.ui/examples/heap/permissions/threads/Sampler_joinTransfer_accessible.key.proof 
568374     DEBUG main            d.u.i.k.p.i.AbstractProblemLoader Environment load took 187.2ns 
568375     INFO  main            d.u.i.k.p.i.AbstractProblemLoader Creating init config 
572816     DEBUG main            d.u.i.k.p.i.AbstractProblemLoader Init config took 4.44s 
572894     INFO  main            d.u.i.k.p.i.AbstractProblemLoader Replaying proof Sampler[ThreadSpec2::joinTransfer()].JML accessible clause.0 
573280     DEBUG main            d.u.i.k.p.i.IntermediateProofReplayer Proof replay took 374.11ms 
573281     DEBUG main            d.u.i.k.p.r.p.TestFile    ... success: reloaded. 
573281     INFO  main            d.u.i.k.p.r.p.TestFile    Now processing file /home/runner/work/key/key/key.core/../key.ui/examples/heap/permissions/threads/Sampler_joinTransfer_contract.key 
573282     INFO  main            d.u.i.k.p.i.AbstractProblemLoader Loading environment from /home/runner/work/key/key/key.core/../key.ui/examples/heap/permissions/threads/Sampler_joinTransfer_contract.key 
573282     DEBUG main            d.u.i.k.p.i.AbstractProblemLoader Environment load took 41.7ns 
573282     INFO  main            d.u.i.k.p.i.AbstractProblemLoader Creating init config 
577788     DEBUG main            d.u.i.k.p.i.AbstractProblemLoader Init config took 4.51s 
577865     INFO  main            d.u.i.k.p.i.AbstractProblemLoader Replaying proof Sampler[ThreadSpec2::joinTransfer()].JML model_behavior operation contract.0 
577866     DEBUG main            d.u.i.k.p.i.IntermediateProofReplayer Proof replay took 14.4ns 
577968     INFO  main            d.u.i.k.p.r.p.TestFile    ... finished proof: closed. 
578445     INFO  main            d.u.i.k.p.i.AbstractProblemLoader Loading environment from /home/runner/work/key/key/key.core/../key.ui/examples/heap/permissions/threads/Sampler_joinTransfer_contract.key.proof 
578445     DEBUG main            d.u.i.k.p.i.AbstractProblemLoader Environment load took 70.7ns 
578445     INFO  main            d.u.i.k.p.i.AbstractProblemLoader Creating init config 
582879     DEBUG main            d.u.i.k.p.i.AbstractProblemLoader Init config took 4.43s 
582956     INFO  main            d.u.i.k.p.i.AbstractProblemLoader Replaying proof Sampler[ThreadSpec2::joinTransfer()].JML model_behavior operation contract.0 
582963     DEBUG main            d.u.i.k.p.i.IntermediateProofReplayer Proof replay took 5.73ms 
582964     DEBUG main            d.u.i.k.p.r.p.TestFile    ... success: reloaded. 
582965     INFO  main            d.u.i.k.p.r.p.TestFile    Now processing file /home/runner/work/key/key/key.core/../key.ui/examples/heap/permissions/threads/Sampler_postJoin_accessible.key 
582965     INFO  main            d.u.i.k.p.i.AbstractProblemLoader Loading environment from /home/runner/work/key/key/key.core/../key.ui/examples/heap/permissions/threads/Sampler_postJoin_accessible.key 
582965     DEBUG main            d.u.i.k.p.i.AbstractProblemLoader Environment load took 39.6ns 
582965     INFO  main            d.u.i.k.p.i.AbstractProblemLoader Creating init config 
587497     DEBUG main            d.u.i.k.p.i.AbstractProblemLoader Init config took 4.53s 
587574     INFO  main            d.u.i.k.p.i.AbstractProblemLoader Replaying proof Sampler[ThreadSpec2::postJoin(java.lang.Object)].JML accessible clause.0 
587575     DEBUG main            d.u.i.k.p.i.IntermediateProofReplayer Proof replay took 2.2ns 
587676     INFO  main            d.u.i.k.p.r.p.TestFile    ... finished proof: closed. 
588150     INFO  main            d.u.i.k.p.i.AbstractProblemLoader Loading environment from /home/runner/work/key/key/key.core/../key.ui/examples/heap/permissions/threads/Sampler_postJoin_accessible.key.proof 
588150     DEBUG main            d.u.i.k.p.i.AbstractProblemLoader Environment load took 61.9ns 
588151     INFO  main            d.u.i.k.p.i.AbstractProblemLoader Creating init config 
592589     DEBUG main            d.u.i.k.p.i.AbstractProblemLoader Init config took 4.44s 
592665     INFO  main            d.u.i.k.p.i.AbstractProblemLoader Replaying proof Sampler[ThreadSpec2::postJoin(java.lang.Object)].JML accessible clause.0 
592673     DEBUG main            d.u.i.k.p.i.IntermediateProofReplayer Proof replay took 6.39ms 
592673     DEBUG main            d.u.i.k.p.r.p.TestFile    ... success: reloaded. 
592674     INFO  main            d.u.i.k.p.r.p.TestFile    Now processing file /home/runner/work/key/key/key.core/../key.ui/examples/heap/permissions/threads/Sampler_preStart_accessible.key 
592674     INFO  main            d.u.i.k.p.i.AbstractProblemLoader Loading environment from /home/runner/work/key/key/key.core/../key.ui/examples/heap/permissions/threads/Sampler_preStart_accessible.key 
592674     DEBUG main            d.u.i.k.p.i.AbstractProblemLoader Environment load took 58.5ns 
592675     INFO  main            d.u.i.k.p.i.AbstractProblemLoader Creating init config 
597183     DEBUG main            d.u.i.k.p.i.AbstractProblemLoader Init config took 4.51s 
597259     INFO  main            d.u.i.k.p.i.AbstractProblemLoader Replaying proof Sampler[ThreadSpec2::preStart(java.lang.Object)].JML accessible clause.0 
597260     DEBUG main            d.u.i.k.p.i.IntermediateProofReplayer Proof replay took 1.7ns 
597362     INFO  main            d.u.i.k.p.r.p.TestFile    ... finished proof: closed. 
597875     INFO  main            d.u.i.k.p.i.AbstractProblemLoader Loading environment from /home/runner/work/key/key/key.core/../key.ui/examples/heap/permissions/threads/Sampler_preStart_accessible.key.proof 
597875     DEBUG main            d.u.i.k.p.i.AbstractProblemLoader Environment load took 64.1ns 
597876     INFO  main            d.u.i.k.p.i.AbstractProblemLoader Creating init config 
602321     DEBUG main            d.u.i.k.p.i.AbstractProblemLoader Init config took 4.45s 
602397     INFO  main            d.u.i.k.p.i.AbstractProblemLoader Replaying proof Sampler[ThreadSpec2::preStart(java.lang.Object)].JML accessible clause.0 
602405     DEBUG main            d.u.i.k.p.i.IntermediateProofReplayer Proof replay took 6.45ms 
602406     DEBUG main            d.u.i.k.p.r.p.TestFile    ... success: reloaded. 
602406     INFO  main            d.u.i.k.p.r.p.TestFile    Now processing file /home/runner/work/key/key/key.core/../key.ui/examples/heap/permissions/threads/Sampler_run.key 
602407     INFO  main            d.u.i.k.p.i.AbstractProblemLoader Loading environment from /home/runner/work/key/key/key.core/../key.ui/examples/heap/permissions/threads/Sampler_run.key 
602407     DEBUG main            d.u.i.k.p.i.AbstractProblemLoader Environment load took 61.8ns 
602407     INFO  main            d.u.i.k.p.i.AbstractProblemLoader Creating init config 
606921     DEBUG main            d.u.i.k.p.i.AbstractProblemLoader Init config took 4.51s 
606997     INFO  main            d.u.i.k.p.i.AbstractProblemLoader Replaying proof Sampler[ThreadSpec2::run()].JML normal_behavior operation contract.0 
606998     DEBUG main            d.u.i.k.p.i.IntermediateProofReplayer Proof replay took 2ns 
607101     INFO  main            d.u.i.k.p.r.p.TestFile    ... finished proof: closed. 
607610     INFO  main            d.u.i.k.p.i.AbstractProblemLoader Loading environment from /home/runner/work/key/key/key.core/../key.ui/examples/heap/permissions/threads/Sampler_run.key.proof 
607610     DEBUG main            d.u.i.k.p.i.AbstractProblemLoader Environment load took 73.1ns 
607611     INFO  main            d.u.i.k.p.i.AbstractProblemLoader Creating init config 
612062     DEBUG main            d.u.i.k.p.i.AbstractProblemLoader Init config took 4.45s 
612138     INFO  main            d.u.i.k.p.i.AbstractProblemLoader Replaying proof Sampler[ThreadSpec2::run()].JML normal_behavior operation contract.0 
612164     DEBUG main            d.u.i.k.p.i.IntermediateProofReplayer Proof replay took 22.62ms 
612165     DEBUG main            d.u.i.k.p.r.p.TestFile    ... success: reloaded. 
612165     INFO  main            d.u.i.k.p.r.p.TestFile    Now processing file /home/runner/work/key/key/key.core/../key.ui/examples/heap/permissions/threads/Sampler_Sampler.key 
612166     INFO  main            d.u.i.k.p.i.AbstractProblemLoader Loading environment from /home/runner/work/key/key/key.core/../key.ui/examples/heap/permissions/threads/Sampler_Sampler.key 
612166     DEBUG main            d.u.i.k.p.i.AbstractProblemLoader Environment load took 42.8ns 
612166     INFO  main            d.u.i.k.p.i.AbstractProblemLoader Creating init config 
616703     DEBUG main            d.u.i.k.p.i.AbstractProblemLoader Init config took 4.54s 
616780     INFO  main            d.u.i.k.p.i.AbstractProblemLoader Replaying proof Sampler[Sampler::Sampler(Buffer)].JML normal_behavior operation contract.0 
616781     DEBUG main            d.u.i.k.p.i.IntermediateProofReplayer Proof replay took 2.4ns 
617283     INFO  main            d.u.i.k.p.r.p.TestFile    ... finished proof: closed. 
617788     INFO  main            d.u.i.k.p.i.AbstractProblemLoader Loading environment from /home/runner/work/key/key/key.core/../key.ui/examples/heap/permissions/threads/Sampler_Sampler.key.proof 
617788     DEBUG main            d.u.i.k.p.i.AbstractProblemLoader Environment load took 71.8ns 
617789     INFO  main            d.u.i.k.p.i.AbstractProblemLoader Creating init config 
622231     DEBUG main            d.u.i.k.p.i.AbstractProblemLoader Init config took 4.44s 
622308     INFO  main            d.u.i.k.p.i.AbstractProblemLoader Replaying proof Sampler[Sampler::Sampler(Buffer)].JML normal_behavior operation contract.0 
622367     DEBUG main            d.u.i.k.p.i.IntermediateProofReplayer Proof replay took 57.06ms 
622368     DEBUG main            d.u.i.k.p.r.p.TestFile    ... success: reloaded. 
622369     INFO  main            d.u.i.k.p.r.p.TestFile    Now processing file /home/runner/work/key/key/key.core/../key.ui/examples/heap/permissions/threads/Sampler_startTransfer_accessible.key 
622369     INFO  main            d.u.i.k.p.i.AbstractProblemLoader Loading environment from /home/runner/work/key/key/key.core/../key.ui/examples/heap/permissions/threads/Sampler_startTransfer_accessible.key 
622369     DEBUG main            d.u.i.k.p.i.AbstractProblemLoader Environment load took 61.3ns 
622370     INFO  main            d.u.i.k.p.i.AbstractProblemLoader Creating init config 
626896     DEBUG main            d.u.i.k.p.i.AbstractProblemLoader Init config took 4.53s 
626986     INFO  main            d.u.i.k.p.i.AbstractProblemLoader Replaying proof Sampler[ThreadSpec2::startTransfer()].JML accessible clause.0 
626987     DEBUG main            d.u.i.k.p.i.IntermediateProofReplayer Proof replay took 2.5ns 
630193     INFO  main            d.u.i.k.p.r.p.TestFile    ... finished proof: closed. 
630714     INFO  main            d.u.i.k.p.i.AbstractProblemLoader Loading environment from /home/runner/work/key/key/key.core/../key.ui/examples/heap/permissions/threads/Sampler_startTransfer_accessible.key.proof 
630714     DEBUG main            d.u.i.k.p.i.AbstractProblemLoader Environment load took 71.7ns 
630715     INFO  main            d.u.i.k.p.i.AbstractProblemLoader Creating init config 
635154     DEBUG main            d.u.i.k.p.i.AbstractProblemLoader Init config took 4.44s 
635241     INFO  main            d.u.i.k.p.i.AbstractProblemLoader Replaying proof Sampler[ThreadSpec2::startTransfer()].JML accessible clause.0 
635560     DEBUG main            d.u.i.k.p.i.IntermediateProofReplayer Proof replay took 308.68ms 
635561     DEBUG main            d.u.i.k.p.r.p.TestFile    ... success: reloaded. 
635561     INFO  main            d.u.i.k.p.r.p.TestFile    Now processing file /home/runner/work/key/key/key.core/../key.ui/examples/heap/permissions/threads/Sampler_startTransfer_contract.key 
635561     INFO  main            d.u.i.k.p.i.AbstractProblemLoader Loading environment from /home/runner/work/key/key/key.core/../key.ui/examples/heap/permissions/threads/Sampler_startTransfer_contract.key 
635561     DEBUG main            d.u.i.k.p.i.AbstractProblemLoader Environment load took 41.6ns 
635562     INFO  main            d.u.i.k.p.i.AbstractProblemLoader Creating init config 
640202     DEBUG main            d.u.i.k.p.i.AbstractProblemLoader Init config took 4.64s 
640280     INFO  main            d.u.i.k.p.i.AbstractProblemLoader Replaying proof Sampler[ThreadSpec2::startTransfer()].JML model_behavior operation contract.0 
640281     DEBUG main            d.u.i.k.p.i.IntermediateProofReplayer Proof replay took 2.2ns 
640382     INFO  main            d.u.i.k.p.r.p.TestFile    ... finished proof: closed. 
640931     INFO  main            d.u.i.k.p.i.AbstractProblemLoader Loading environment from /home/runner/work/key/key/key.core/../key.ui/examples/heap/permissions/threads/Sampler_startTransfer_contract.key.proof 
640931     DEBUG main            d.u.i.k.p.i.AbstractProblemLoader Environment load took 64.7ns 
640931     INFO  main            d.u.i.k.p.i.AbstractProblemLoader Creating init config 
645379     DEBUG main            d.u.i.k.p.i.AbstractProblemLoader Init config took 4.45s 
645468     INFO  main            d.u.i.k.p.i.AbstractProblemLoader Replaying proof Sampler[ThreadSpec2::startTransfer()].JML model_behavior operation contract.0 
645475     DEBUG main            d.u.i.k.p.i.IntermediateProofReplayer Proof replay took 5.74ms 
645476     DEBUG main            d.u.i.k.p.r.p.TestFile    ... success: reloaded. 
645476     INFO  main            d.u.i.k.p.r.p.TestFile    Now processing file /home/runner/work/key/key/key.core/../key.ui/examples/heap/permissions/threads/Sampler_stateInv_accessible.key 
645477     INFO  main            d.u.i.k.p.i.AbstractProblemLoader Loading environment from /home/runner/work/key/key/key.core/../key.ui/examples/heap/permissions/threads/Sampler_stateInv_accessible.key 
645477     DEBUG main            d.u.i.k.p.i.AbstractProblemLoader Environment load took 42.4ns 
645477     INFO  main            d.u.i.k.p.i.AbstractProblemLoader Creating init config 
649982     DEBUG main            d.u.i.k.p.i.AbstractProblemLoader Init config took 4.5s 
650059     INFO  main            d.u.i.k.p.i.AbstractProblemLoader Replaying proof Sampler[ThreadSpec2::stateInv()].JML accessible clause.0 
650060     DEBUG main            d.u.i.k.p.i.IntermediateProofReplayer Proof replay took 2.3ns 
650161     INFO  main            d.u.i.k.p.r.p.TestFile    ... finished proof: closed. 
650675     INFO  main            d.u.i.k.p.i.AbstractProblemLoader Loading environment from /home/runner/work/key/key/key.core/../key.ui/examples/heap/permissions/threads/Sampler_stateInv_accessible.key.proof 
650675     DEBUG main            d.u.i.k.p.i.AbstractProblemLoader Environment load took 67.9ns 
650676     INFO  main            d.u.i.k.p.i.AbstractProblemLoader Creating init config 
655121     DEBUG main            d.u.i.k.p.i.AbstractProblemLoader Init config took 4.45s 
655208     INFO  main            d.u.i.k.p.i.AbstractProblemLoader Replaying proof Sampler[ThreadSpec2::stateInv()].JML accessible clause.0 
655214     DEBUG main            d.u.i.k.p.i.IntermediateProofReplayer Proof replay took 4.57ms 
655218     DEBUG main            d.u.i.k.p.r.p.TestFile    ... success: reloaded. 
655219     INFO  main            d.u.i.k.p.r.p.TestFile    Now processing file /home/runner/work/key/key/key.core/../key.ui/examples/heap/permissions/threads/Sampler_staticPermissions_accessible.key 
655219     INFO  main            d.u.i.k.p.i.AbstractProblemLoader Loading environment from /home/runner/work/key/key/key.core/../key.ui/examples/heap/permissions/threads/Sampler_staticPermissions_accessible.key 
655219     DEBUG main            d.u.i.k.p.i.AbstractProblemLoader Environment load took 281.89ns 
655220     INFO  main            d.u.i.k.p.i.AbstractProblemLoader Creating init config 
659775     DEBUG main            d.u.i.k.p.i.AbstractProblemLoader Init config took 4.55s 
659875     INFO  main            d.u.i.k.p.i.AbstractProblemLoader Replaying proof Sampler[ThreadSpec2::staticPermissions()].JML accessible clause.0 
659877     DEBUG main            d.u.i.k.p.i.IntermediateProofReplayer Proof replay took 2.4ns 
659978     INFO  main            d.u.i.k.p.r.p.TestFile    ... finished proof: closed. 
660494     INFO  main            d.u.i.k.p.i.AbstractProblemLoader Loading environment from /home/runner/work/key/key/key.core/../key.ui/examples/heap/permissions/threads/Sampler_staticPermissions_accessible.key.proof 
660494     DEBUG main            d.u.i.k.p.i.AbstractProblemLoader Environment load took 59.6ns 
660495     INFO  main            d.u.i.k.p.i.AbstractProblemLoader Creating init config 
664949     DEBUG main            d.u.i.k.p.i.AbstractProblemLoader Init config took 4.45s 
665035     INFO  main            d.u.i.k.p.i.AbstractProblemLoader Replaying proof Sampler[ThreadSpec2::staticPermissions()].JML accessible clause.0 
665039     DEBUG main            d.u.i.k.p.i.IntermediateProofReplayer Proof replay took 2.57ms 
665040     DEBUG main            d.u.i.k.p.r.p.TestFile    ... success: reloaded. 
665041     INFO  main            d.u.i.k.p.r.p.TestFile    Now processing file /home/runner/work/key/key/key.core/../key.ui/examples/heap/permissions/threads/Sampler_workingPermissions_accessible.key 
665041     INFO  main            d.u.i.k.p.i.AbstractProblemLoader Loading environment from /home/runner/work/key/key/key.core/../key.ui/examples/heap/permissions/threads/Sampler_workingPermissions_accessible.key 
665041     DEBUG main            d.u.i.k.p.i.AbstractProblemLoader Environment load took 51.9ns 
665042     INFO  main            d.u.i.k.p.i.AbstractProblemLoader Creating init config 
669575     DEBUG main            d.u.i.k.p.i.AbstractProblemLoader Init config took 4.53s 
669668     INFO  main            d.u.i.k.p.i.AbstractProblemLoader Replaying proof Sampler[ThreadSpec2::workingPermissions()].JML accessible clause.0 
669669     DEBUG main            d.u.i.k.p.i.IntermediateProofReplayer Proof replay took 2.1ns 
669771     INFO  main            d.u.i.k.p.r.p.TestFile    ... finished proof: closed. 
670302     INFO  main            d.u.i.k.p.i.AbstractProblemLoader Loading environment from /home/runner/work/key/key/key.core/../key.ui/examples/heap/permissions/threads/Sampler_workingPermissions_accessible.key.proof 
670302     DEBUG main            d.u.i.k.p.i.AbstractProblemLoader Environment load took 64.1ns 
670303     INFO  main            d.u.i.k.p.i.AbstractProblemLoader Creating init config 
675318     DEBUG main            d.u.i.k.p.i.AbstractProblemLoader Init config took 5.02s 
675404     INFO  main            d.u.i.k.p.i.AbstractProblemLoader Replaying proof Sampler[ThreadSpec2::workingPermissions()].JML accessible clause.0 
675410     DEBUG main            d.u.i.k.p.i.IntermediateProofReplayer Proof replay took 4.4ms 
675411     DEBUG main            d.u.i.k.p.r.p.TestFile    ... success: reloaded. 
675412     INFO  main            d.u.i.k.p.r.p.TestFile    Now processing file /home/runner/work/key/key/key.core/../key.ui/examples/heap/permissions/mulleretal/ReadWrite_doRead_contract.key 
675412     INFO  main            d.u.i.k.p.i.AbstractProblemLoader Loading environment from /home/runner/work/key/key/key.core/../key.ui/examples/heap/permissions/mulleretal/ReadWrite_doRead_contract.key 
675412     DEBUG main            d.u.i.k.p.i.AbstractProblemLoader Environment load took 61.9ns 
675413     INFO  main            d.u.i.k.p.i.AbstractProblemLoader Creating init config 
678170     DEBUG main            d.u.i.k.p.i.AbstractProblemLoader Init config took 2.76s 
678201     INFO  main            d.u.i.k.p.i.AbstractProblemLoader Replaying proof ReadWrite[ReadWrite::doRead()].JML normal_behavior operation contract.0 
678203     DEBUG main            d.u.i.k.p.i.IntermediateProofReplayer Proof replay took 2.6ns 
679826     INFO  main            d.u.i.k.p.r.p.TestFile    ... finished proof: closed. 
680373     INFO  main            d.u.i.k.p.i.AbstractProblemLoader Loading environment from /home/runner/work/key/key/key.core/../key.ui/examples/heap/permissions/mulleretal/ReadWrite_doRead_contract.key.proof 
680374     DEBUG main            d.u.i.k.p.i.AbstractProblemLoader Environment load took 272.5ns 
680375     INFO  main            d.u.i.k.p.i.AbstractProblemLoader Creating init config 
682990     DEBUG main            d.u.i.k.p.i.AbstractProblemLoader Init config took 2.62s 
683025     INFO  main            d.u.i.k.p.i.AbstractProblemLoader Replaying proof ReadWrite[ReadWrite::doRead()].JML normal_behavior operation contract.0 
683469     DEBUG main            d.u.i.k.p.i.IntermediateProofReplayer Proof replay took 431.83ms 
683470     DEBUG main            d.u.i.k.p.r.p.TestFile    ... success: reloaded. 
683471     INFO  main            d.u.i.k.p.r.p.TestFile    Now processing file /home/runner/work/key/key/key.core/../key.ui/examples/heap/permissions/mulleretal/ReadWrite_doWrite_contract.key 
683471     INFO  main            d.u.i.k.p.i.AbstractProblemLoader Loading environment from /home/runner/work/key/key/key.core/../key.ui/examples/heap/permissions/mulleretal/ReadWrite_doWrite_contract.key 
683471     DEBUG main            d.u.i.k.p.i.AbstractProblemLoader Environment load took 133.6ns 
683472     INFO  main            d.u.i.k.p.i.AbstractProblemLoader Creating init config 
686598     DEBUG main            d.u.i.k.p.i.AbstractProblemLoader Init config took 3.13s 
686629     INFO  main            d.u.i.k.p.i.AbstractProblemLoader Replaying proof ReadWrite[ReadWrite::doWrite()].JML normal_behavior operation contract.0 
686630     DEBUG main            d.u.i.k.p.i.IntermediateProofReplayer Proof replay took 3ns 
688234     INFO  main            d.u.i.k.p.r.p.TestFile    ... finished proof: closed. 
688794     INFO  main            d.u.i.k.p.i.AbstractProblemLoader Loading environment from /home/runner/work/key/key/key.core/../key.ui/examples/heap/permissions/mulleretal/ReadWrite_doWrite_contract.key.proof 
688794     DEBUG main            d.u.i.k.p.i.AbstractProblemLoader Environment load took 74.4ns 
688795     INFO  main            d.u.i.k.p.i.AbstractProblemLoader Creating init config 
691397     DEBUG main            d.u.i.k.p.i.AbstractProblemLoader Init config took 2.6s 
691439     INFO  main            d.u.i.k.p.i.AbstractProblemLoader Replaying proof ReadWrite[ReadWrite::doWrite()].JML normal_behavior operation contract.0 
691848     DEBUG main            d.u.i.k.p.i.IntermediateProofReplayer Proof replay took 402.62ms 
691849     DEBUG main            d.u.i.k.p.r.p.TestFile    ... success: reloaded. 
691850     INFO  main            d.u.i.k.p.r.p.TestFile    Now processing file /home/runner/work/key/key/key.core/../key.ui/examples/heap/permissions/mulleretal/ReadWrite_read_contract.key 
691850     INFO  main            d.u.i.k.p.i.AbstractProblemLoader Loading environment from /home/runner/work/key/key/key.core/../key.ui/examples/heap/permissions/mulleretal/ReadWrite_read_contract.key 
691851     DEBUG main            d.u.i.k.p.i.AbstractProblemLoader Environment load took 153.5ns 
691851     INFO  main            d.u.i.k.p.i.AbstractProblemLoader Creating init config 
694733     DEBUG main            d.u.i.k.p.i.AbstractProblemLoader Init config took 2.88s 
694763     INFO  main            d.u.i.k.p.i.AbstractProblemLoader Replaying proof ReadWrite[ReadWrite::read()].JML normal_behavior operation contract.0 
694765     DEBUG main            d.u.i.k.p.i.IntermediateProofReplayer Proof replay took 2ns 
694866     INFO  main            d.u.i.k.p.r.p.TestFile    ... finished proof: closed. 
695401     INFO  main            d.u.i.k.p.i.AbstractProblemLoader Loading environment from /home/runner/work/key/key/key.core/../key.ui/examples/heap/permissions/mulleretal/ReadWrite_read_contract.key.proof 
695401     DEBUG main            d.u.i.k.p.i.AbstractProblemLoader Environment load took 69.1ns 
695402     INFO  main            d.u.i.k.p.i.AbstractProblemLoader Creating init config 
698002     DEBUG main            d.u.i.k.p.i.AbstractProblemLoader Init config took 2.6s 
698037     INFO  main            d.u.i.k.p.i.AbstractProblemLoader Replaying proof ReadWrite[ReadWrite::read()].JML normal_behavior operation contract.0 
698044     DEBUG main            d.u.i.k.p.i.IntermediateProofReplayer Proof replay took 5.34ms 
698045     DEBUG main            d.u.i.k.p.r.p.TestFile    ... success: reloaded. 
698047     INFO  main            d.u.i.k.p.r.p.TestFile    Now processing file /home/runner/work/key/key/key.core/../key.ui/examples/heap/permissions/mulleretal/ReadWrite_write_contract.key 
698047     INFO  main            d.u.i.k.p.i.AbstractProblemLoader Loading environment from /home/runner/work/key/key/key.core/../key.ui/examples/heap/permissions/mulleretal/ReadWrite_write_contract.key 
698047     DEBUG main            d.u.i.k.p.i.AbstractProblemLoader Environment load took 398.89ns 
698049     INFO  main            d.u.i.k.p.i.AbstractProblemLoader Creating init config 
700690     DEBUG main            d.u.i.k.p.i.AbstractProblemLoader Init config took 2.64s 
700722     INFO  main            d.u.i.k.p.i.AbstractProblemLoader Replaying proof ReadWrite[ReadWrite::write()].JML normal_behavior operation contract.0 
700723     DEBUG main            d.u.i.k.p.i.IntermediateProofReplayer Proof replay took 2.4ns 
700825     INFO  main            d.u.i.k.p.r.p.TestFile    ... finished proof: closed. 
701351     INFO  main            d.u.i.k.p.i.AbstractProblemLoader Loading environment from /home/runner/work/key/key/key.core/../key.ui/examples/heap/permissions/mulleretal/ReadWrite_write_contract.key.proof 
701351     DEBUG main            d.u.i.k.p.i.AbstractProblemLoader Environment load took 84.9ns 
701351     INFO  main            d.u.i.k.p.i.AbstractProblemLoader Creating init config 
703920     DEBUG main            d.u.i.k.p.i.AbstractProblemLoader Init config took 2.57s 
703954     INFO  main            d.u.i.k.p.i.AbstractProblemLoader Replaying proof ReadWrite[ReadWrite::write()].JML normal_behavior operation contract.0 
703974     DEBUG main            d.u.i.k.p.i.IntermediateProofReplayer Proof replay took 18.74ms 
703975     DEBUG main            d.u.i.k.p.r.p.TestFile    ... success: reloaded. 
703976     INFO  main            d.u.i.k.p.r.p.TestFile    Now processing file /home/runner/work/key/key/key.core/../key.ui/examples/heap/permissions/mulleretal/ReadWrite_inv1_accessible.key 
703976     INFO  main            d.u.i.k.p.i.AbstractProblemLoader Loading environment from /home/runner/work/key/key/key.core/../key.ui/examples/heap/permissions/mulleretal/ReadWrite_inv1_accessible.key 
703976     DEBUG main            d.u.i.k.p.i.AbstractProblemLoader Environment load took 223.8ns 
703977     INFO  main            d.u.i.k.p.i.AbstractProblemLoader Creating init config 
706656     DEBUG main            d.u.i.k.p.i.AbstractProblemLoader Init config took 2.68s 
706687     INFO  main            d.u.i.k.p.i.AbstractProblemLoader Replaying proof ReadWrite[java.lang.Object::<inv>()].JML accessible clause.0 
706689     DEBUG main            d.u.i.k.p.i.IntermediateProofReplayer Proof replay took 2ns 
706790     INFO  main            d.u.i.k.p.r.p.TestFile    ... finished proof: closed. 
707317     INFO  main            d.u.i.k.p.i.AbstractProblemLoader Loading environment from /home/runner/work/key/key/key.core/../key.ui/examples/heap/permissions/mulleretal/ReadWrite_inv1_accessible.key.proof 
707317     DEBUG main            d.u.i.k.p.i.AbstractProblemLoader Environment load took 62.2ns 
707318     INFO  main            d.u.i.k.p.i.AbstractProblemLoader Creating init config 
709945     DEBUG main            d.u.i.k.p.i.AbstractProblemLoader Init config took 2.63s 
709979     INFO  main            d.u.i.k.p.i.AbstractProblemLoader Replaying proof ReadWrite[java.lang.Object::<inv>()].JML accessible clause.0 
709982     DEBUG main            d.u.i.k.p.i.IntermediateProofReplayer Proof replay took 1.39ms 
709983     DEBUG main            d.u.i.k.p.r.p.TestFile    ... success: reloaded. 
709984     INFO  main            d.u.i.k.p.r.p.TestFile    Now processing file /home/runner/work/key/key/key.core/../key.ui/examples/heap/permissions/mulleretal/ReadWrite_inv2_accessible.key 
709984     INFO  main            d.u.i.k.p.i.AbstractProblemLoader Loading environment from /home/runner/work/key/key/key.core/../key.ui/examples/heap/permissions/mulleretal/ReadWrite_inv2_accessible.key 
709984     DEBUG main            d.u.i.k.p.i.AbstractProblemLoader Environment load took 128.5ns 
709985     INFO  main            d.u.i.k.p.i.AbstractProblemLoader Creating init config 
712614     DEBUG main            d.u.i.k.p.i.AbstractProblemLoader Init config took 2.63s 
712644     INFO  main            d.u.i.k.p.i.AbstractProblemLoader Replaying proof ReadWrite[java.lang.Object::<inv>()].JML accessible clause.1 
712646     DEBUG main            d.u.i.k.p.i.IntermediateProofReplayer Proof replay took 2.1ns 
712753     INFO  main            d.u.i.k.p.r.p.TestFile    ... finished proof: closed. 
713298     INFO  main            d.u.i.k.p.i.AbstractProblemLoader Loading environment from /home/runner/work/key/key/key.core/../key.ui/examples/heap/permissions/mulleretal/ReadWrite_inv2_accessible.key.proof 
713298     DEBUG main            d.u.i.k.p.i.AbstractProblemLoader Environment load took 64ns 
713299     INFO  main            d.u.i.k.p.i.AbstractProblemLoader Creating init config 
715871     DEBUG main            d.u.i.k.p.i.AbstractProblemLoader Init config took 2.57s 
715905     INFO  main            d.u.i.k.p.i.AbstractProblemLoader Replaying proof ReadWrite[java.lang.Object::<inv>()].JML accessible clause.1 
715908     DEBUG main            d.u.i.k.p.i.IntermediateProofReplayer Proof replay took 1.38ms 
715908     DEBUG main            d.u.i.k.p.r.p.TestFile    ... success: reloaded. 
715909     INFO  main            d.u.i.k.p.r.p.TestFile    Now processing file /home/runner/work/key/key/key.core/../key.ui/examples/heap/permissions/lockspec/Counter_lockConsistent_contract.key 
715909     INFO  main            d.u.i.k.p.i.AbstractProblemLoader Loading environment from /home/runner/work/key/key/key.core/../key.ui/examples/heap/permissions/lockspec/Counter_lockConsistent_contract.key 
715910     DEBUG main            d.u.i.k.p.i.AbstractProblemLoader Environment load took 130.7ns 
715910     INFO  main            d.u.i.k.p.i.AbstractProblemLoader Creating init config 
719136     DEBUG main            d.u.i.k.p.i.AbstractProblemLoader Init config took 3.23s 
719192     INFO  main            d.u.i.k.p.i.AbstractProblemLoader Replaying proof Counter[LockSpec::lockConsistent()].JML model_behavior operation contract.0 
719194     DEBUG main            d.u.i.k.p.i.IntermediateProofReplayer Proof replay took 2.2ns 
720297     INFO  main            d.u.i.k.p.r.p.TestFile    ... finished proof: closed. 
720840     INFO  main            d.u.i.k.p.i.AbstractProblemLoader Loading environment from /home/runner/work/key/key/key.core/../key.ui/examples/heap/permissions/lockspec/Counter_lockConsistent_contract.key.proof 
720841     DEBUG main            d.u.i.k.p.i.AbstractProblemLoader Environment load took 71.2ns 
720842     INFO  main            d.u.i.k.p.i.AbstractProblemLoader Creating init config 
723977     DEBUG main            d.u.i.k.p.i.AbstractProblemLoader Init config took 3.14s 
724026     INFO  main            d.u.i.k.p.i.AbstractProblemLoader Replaying proof Counter[LockSpec::lockConsistent()].JML model_behavior operation contract.0 
724194     DEBUG main            d.u.i.k.p.i.IntermediateProofReplayer Proof replay took 159.99ms 
724195     DEBUG main            d.u.i.k.p.r.p.TestFile    ... success: reloaded. 
724196     INFO  main            d.u.i.k.p.r.p.TestFile    Now processing file /home/runner/work/key/key/key.core/../key.ui/examples/heap/permissions/lockspec/Counter_increase_contract.key 
724196     INFO  main            d.u.i.k.p.i.AbstractProblemLoader Loading environment from /home/runner/work/key/key/key.core/../key.ui/examples/heap/permissions/lockspec/Counter_increase_contract.key 
724196     DEBUG main            d.u.i.k.p.i.AbstractProblemLoader Environment load took 127.2ns 
724197     INFO  main            d.u.i.k.p.i.AbstractProblemLoader Creating init config 
727361     DEBUG main            d.u.i.k.p.i.AbstractProblemLoader Init config took 3.16s 
727427     INFO  main            d.u.i.k.p.i.AbstractProblemLoader Replaying proof Counter[Counter::increase()].JML normal_behavior operation contract.0 
727432     DEBUG main            d.u.i.k.p.i.IntermediateProofReplayer Proof replay took 2.4ns 
729007     INFO  main            d.u.i.k.p.r.p.TestFile    ... finished proof: closed. 
729634     INFO  main            d.u.i.k.p.i.AbstractProblemLoader Loading environment from /home/runner/work/key/key/key.core/../key.ui/examples/heap/permissions/lockspec/Counter_increase_contract.key.proof 
729635     DEBUG main            d.u.i.k.p.i.AbstractProblemLoader Environment load took 275.89ns 
729636     INFO  main            d.u.i.k.p.i.AbstractProblemLoader Creating init config 
732721     DEBUG main            d.u.i.k.p.i.AbstractProblemLoader Init config took 3.09s 
732768     INFO  main            d.u.i.k.p.i.AbstractProblemLoader Replaying proof Counter[Counter::increase()].JML normal_behavior operation contract.0 
732941     DEBUG main            d.u.i.k.p.i.IntermediateProofReplayer Proof replay took 157.57ms 
732943     DEBUG main            d.u.i.k.p.r.p.TestFile    ... success: reloaded. 
732943     INFO  main            d.u.i.k.p.r.p.TestFile    Now processing file /home/runner/work/key/key/key.core/../key.ui/examples/heap/permissions/lockspec/Counter_fp_accessible.key 
732944     INFO  main            d.u.i.k.p.i.AbstractProblemLoader Loading environment from /home/runner/work/key/key/key.core/../key.ui/examples/heap/permissions/lockspec/Counter_fp_accessible.key 
732944     DEBUG main            d.u.i.k.p.i.AbstractProblemLoader Environment load took 128ns 
732944     INFO  main            d.u.i.k.p.i.AbstractProblemLoader Creating init config 
736072     DEBUG main            d.u.i.k.p.i.AbstractProblemLoader Init config took 3.13s 
736133     INFO  main            d.u.i.k.p.i.AbstractProblemLoader Replaying proof Counter[LockSpec::fp()].JML accessible clause.0 
736139     DEBUG main            d.u.i.k.p.i.IntermediateProofReplayer Proof replay took 1.9ns 
736241     INFO  main            d.u.i.k.p.r.p.TestFile    ... finished proof: closed. 
736798     INFO  main            d.u.i.k.p.i.AbstractProblemLoader Loading environment from /home/runner/work/key/key/key.core/../key.ui/examples/heap/permissions/lockspec/Counter_fp_accessible.key.proof 
736798     DEBUG main            d.u.i.k.p.i.AbstractProblemLoader Environment load took 61.3ns 
736799     INFO  main            d.u.i.k.p.i.AbstractProblemLoader Creating init config 
739852     DEBUG main            d.u.i.k.p.i.AbstractProblemLoader Init config took 3.05s 
739907     INFO  main            d.u.i.k.p.i.AbstractProblemLoader Replaying proof Counter[LockSpec::fp()].JML accessible clause.0 
739915     DEBUG main            d.u.i.k.p.i.IntermediateProofReplayer Proof replay took 6.67ms 
739916     DEBUG main            d.u.i.k.p.r.p.TestFile    ... success: reloaded. 
739916     INFO  main            d.u.i.k.p.r.p.TestFile    Now processing file /home/runner/work/key/key/key.core/../key.ui/examples/heap/permissions/lockspec/Counter_fpLock_accessible.key 
739917     INFO  main            d.u.i.k.p.i.AbstractProblemLoader Loading environment from /home/runner/work/key/key/key.core/../key.ui/examples/heap/permissions/lockspec/Counter_fpLock_accessible.key 
739917     DEBUG main            d.u.i.k.p.i.AbstractProblemLoader Environment load took 150.8ns 
739918     INFO  main            d.u.i.k.p.i.AbstractProblemLoader Creating init config 
743119     DEBUG main            d.u.i.k.p.i.AbstractProblemLoader Init config took 3.2s 
743192     INFO  main            d.u.i.k.p.i.AbstractProblemLoader Replaying proof Counter[LockSpec::fpLock()].JML accessible clause.0 
743193     DEBUG main            d.u.i.k.p.i.IntermediateProofReplayer Proof replay took 2.4ns 
743295     INFO  main            d.u.i.k.p.r.p.TestFile    ... finished proof: closed. 
743866     INFO  main            d.u.i.k.p.i.AbstractProblemLoader Loading environment from /home/runner/work/key/key/key.core/../key.ui/examples/heap/permissions/lockspec/Counter_fpLock_accessible.key.proof 
743866     DEBUG main            d.u.i.k.p.i.AbstractProblemLoader Environment load took 61.8ns 
743867     INFO  main            d.u.i.k.p.i.AbstractProblemLoader Creating init config 
746911     DEBUG main            d.u.i.k.p.i.AbstractProblemLoader Init config took 3.04s 
746966     INFO  main            d.u.i.k.p.i.AbstractProblemLoader Replaying proof Counter[LockSpec::fpLock()].JML accessible clause.0 
746974     DEBUG main            d.u.i.k.p.i.IntermediateProofReplayer Proof replay took 6.8ms 
746975     DEBUG main            d.u.i.k.p.r.p.TestFile    ... success: reloaded. 
746975     INFO  main            d.u.i.k.p.r.p.TestFile    Now processing file /home/runner/work/key/key/key.core/../key.ui/examples/heap/permissions/lockspec/Counter_fpPerm_accessible.key 
746976     INFO  main            d.u.i.k.p.i.AbstractProblemLoader Loading environment from /home/runner/work/key/key/key.core/../key.ui/examples/heap/permissions/lockspec/Counter_fpPerm_accessible.key 
746976     DEBUG main            d.u.i.k.p.i.AbstractProblemLoader Environment load took 132.3ns 
746977     INFO  main            d.u.i.k.p.i.AbstractProblemLoader Creating init config 
750090     DEBUG main            d.u.i.k.p.i.AbstractProblemLoader Init config took 3.11s 
750159     INFO  main            d.u.i.k.p.i.AbstractProblemLoader Replaying proof Counter[LockSpec::fpPerm()].JML accessible clause.0 
750164     DEBUG main            d.u.i.k.p.i.IntermediateProofReplayer Proof replay took 2.5ns 
750272     INFO  main            d.u.i.k.p.r.p.TestFile    ... finished proof: closed. 
750840     INFO  main            d.u.i.k.p.i.AbstractProblemLoader Loading environment from /home/runner/work/key/key/key.core/../key.ui/examples/heap/permissions/lockspec/Counter_fpPerm_accessible.key.proof 
750840     DEBUG main            d.u.i.k.p.i.AbstractProblemLoader Environment load took 63.2ns 
750841     INFO  main            d.u.i.k.p.i.AbstractProblemLoader Creating init config 
753956     DEBUG main            d.u.i.k.p.i.AbstractProblemLoader Init config took 3.12s 
754010     INFO  main            d.u.i.k.p.i.AbstractProblemLoader Replaying proof Counter[LockSpec::fpPerm()].JML accessible clause.0 
754019     DEBUG main            d.u.i.k.p.i.IntermediateProofReplayer Proof replay took 6.26ms 
754033     DEBUG main            d.u.i.k.p.r.p.TestFile    ... success: reloaded. 
754034     INFO  main            d.u.i.k.p.r.p.TestFile    Now processing file /home/runner/work/key/key/key.core/../key.ui/examples/heap/permissions/lockspec/Counter_inv_accessible1.key 
754034     INFO  main            d.u.i.k.p.i.AbstractProblemLoader Loading environment from /home/runner/work/key/key/key.core/../key.ui/examples/heap/permissions/lockspec/Counter_inv_accessible1.key 
754034     DEBUG main            d.u.i.k.p.i.AbstractProblemLoader Environment load took 63.3ns 
754035     INFO  main            d.u.i.k.p.i.AbstractProblemLoader Creating init config 
757151     DEBUG main            d.u.i.k.p.i.AbstractProblemLoader Init config took 3.12s 
757205     INFO  main            d.u.i.k.p.i.AbstractProblemLoader Replaying proof Counter[java.lang.Object::<inv>()].JML accessible clause.0 
757207     DEBUG main            d.u.i.k.p.i.IntermediateProofReplayer Proof replay took 3ns 
757308     INFO  main            d.u.i.k.p.r.p.TestFile    ... finished proof: closed. 
757881     INFO  main            d.u.i.k.p.i.AbstractProblemLoader Loading environment from /home/runner/work/key/key/key.core/../key.ui/examples/heap/permissions/lockspec/Counter_inv_accessible1.key.proof 
757881     DEBUG main            d.u.i.k.p.i.AbstractProblemLoader Environment load took 59.7ns 
757882     INFO  main            d.u.i.k.p.i.AbstractProblemLoader Creating init config 
760900     DEBUG main            d.u.i.k.p.i.AbstractProblemLoader Init config took 3.02s 
760954     INFO  main            d.u.i.k.p.i.AbstractProblemLoader Replaying proof Counter[java.lang.Object::<inv>()].JML accessible clause.0 
760964     DEBUG main            d.u.i.k.p.i.IntermediateProofReplayer Proof replay took 8.22ms 
760965     DEBUG main            d.u.i.k.p.r.p.TestFile    ... success: reloaded. 
760965     INFO  main            d.u.i.k.p.r.p.TestFile    Now processing file /home/runner/work/key/key/key.core/../key.ui/examples/heap/permissions/lockspec/Counter_inv_accessible2.key 
760966     INFO  main            d.u.i.k.p.i.AbstractProblemLoader Loading environment from /home/runner/work/key/key/key.core/../key.ui/examples/heap/permissions/lockspec/Counter_inv_accessible2.key 
760966     DEBUG main            d.u.i.k.p.i.AbstractProblemLoader Environment load took 87.9ns 
760966     INFO  main            d.u.i.k.p.i.AbstractProblemLoader Creating init config 
764102     DEBUG main            d.u.i.k.p.i.AbstractProblemLoader Init config took 3.14s 
764149     INFO  main            d.u.i.k.p.i.AbstractProblemLoader Replaying proof Counter[java.lang.Object::<inv>()].JML accessible clause.1 
764150     DEBUG main            d.u.i.k.p.i.IntermediateProofReplayer Proof replay took 2ns 
764252     INFO  main            d.u.i.k.p.r.p.TestFile    ... finished proof: closed. 
764830     INFO  main            d.u.i.k.p.i.AbstractProblemLoader Loading environment from /home/runner/work/key/key/key.core/../key.ui/examples/heap/permissions/lockspec/Counter_inv_accessible2.key.proof 
764830     DEBUG main            d.u.i.k.p.i.AbstractProblemLoader Environment load took 62.8ns 
764831     INFO  main            d.u.i.k.p.i.AbstractProblemLoader Creating init config 
767948     DEBUG main            d.u.i.k.p.i.AbstractProblemLoader Init config took 3.12s 
767996     INFO  main            d.u.i.k.p.i.AbstractProblemLoader Replaying proof Counter[java.lang.Object::<inv>()].JML accessible clause.1 
768013     DEBUG main            d.u.i.k.p.i.IntermediateProofReplayer Proof replay took 15.93ms 
768014     DEBUG main            d.u.i.k.p.r.p.TestFile    ... success: reloaded. 
768015     INFO  main            d.u.i.k.p.r.p.TestFile    Now processing file /home/runner/work/key/key/key.core/../key.ui/examples/heap/permissions/lockspec/Counter_lockRef_accessible.key 
768015     INFO  main            d.u.i.k.p.i.AbstractProblemLoader Loading environment from /home/runner/work/key/key/key.core/../key.ui/examples/heap/permissions/lockspec/Counter_lockRef_accessible.key 
768015     DEBUG main            d.u.i.k.p.i.AbstractProblemLoader Environment load took 59.3ns 
768015     INFO  main            d.u.i.k.p.i.AbstractProblemLoader Creating init config 
771141     DEBUG main            d.u.i.k.p.i.AbstractProblemLoader Init config took 3.13s 
771195     INFO  main            d.u.i.k.p.i.AbstractProblemLoader Replaying proof Counter[LockSpec::lockRef()].JML accessible clause.0 
771196     DEBUG main            d.u.i.k.p.i.IntermediateProofReplayer Proof replay took 2.5ns 
771398     INFO  main            d.u.i.k.p.r.p.TestFile    ... finished proof: closed. 
771982     INFO  main            d.u.i.k.p.i.AbstractProblemLoader Loading environment from /home/runner/work/key/key/key.core/../key.ui/examples/heap/permissions/lockspec/Counter_lockRef_accessible.key.proof 
771982     DEBUG main            d.u.i.k.p.i.AbstractProblemLoader Environment load took 60ns 
771983     INFO  main            d.u.i.k.p.i.AbstractProblemLoader Creating init config 
775061     DEBUG main            d.u.i.k.p.i.AbstractProblemLoader Init config took 3.08s 
775129     INFO  main            d.u.i.k.p.i.AbstractProblemLoader Replaying proof Counter[LockSpec::lockRef()].JML accessible clause.0 
775152     DEBUG main            d.u.i.k.p.i.IntermediateProofReplayer Proof replay took 21.08ms 
775153     DEBUG main            d.u.i.k.p.r.p.TestFile    ... success: reloaded. 
775153     INFO  main            d.u.i.k.p.r.p.TestFile    Now processing file /home/runner/work/key/key/key.core/../key.ui/examples/heap/permissions/lockspec/Counter_lockRef_contract1.key 
775154     INFO  main            d.u.i.k.p.i.AbstractProblemLoader Loading environment from /home/runner/work/key/key/key.core/../key.ui/examples/heap/permissions/lockspec/Counter_lockRef_contract1.key 
775154     DEBUG main            d.u.i.k.p.i.AbstractProblemLoader Environment load took 57.3ns 
775154     INFO  main            d.u.i.k.p.i.AbstractProblemLoader Creating init config 
778253     DEBUG main            d.u.i.k.p.i.AbstractProblemLoader Init config took 3.1s 
778329     INFO  main            d.u.i.k.p.i.AbstractProblemLoader Replaying proof Counter[LockSpec::lockRef()].JML model_behavior operation contract.0 
778330     DEBUG main            d.u.i.k.p.i.IntermediateProofReplayer Proof replay took 2.6ns 
778432     INFO  main            d.u.i.k.p.r.p.TestFile    ... finished proof: closed. 
779019     INFO  main            d.u.i.k.p.i.AbstractProblemLoader Loading environment from /home/runner/work/key/key/key.core/../key.ui/examples/heap/permissions/lockspec/Counter_lockRef_contract1.key.proof 
779019     DEBUG main            d.u.i.k.p.i.AbstractProblemLoader Environment load took 63.4ns 
779020     INFO  main            d.u.i.k.p.i.AbstractProblemLoader Creating init config 
782077     DEBUG main            d.u.i.k.p.i.AbstractProblemLoader Init config took 3.06s 
782130     INFO  main            d.u.i.k.p.i.AbstractProblemLoader Replaying proof Counter[LockSpec::lockRef()].JML model_behavior operation contract.0 
782135     DEBUG main            d.u.i.k.p.i.IntermediateProofReplayer Proof replay took 3.4ms 
782136     DEBUG main            d.u.i.k.p.r.p.TestFile    ... success: reloaded. 
782137     INFO  main            d.u.i.k.p.r.p.TestFile    Now processing file /home/runner/work/key/key/key.core/../key.ui/examples/heap/permissions/lockspec/Counter_lockRef_contract2.key 
782137     INFO  main            d.u.i.k.p.i.AbstractProblemLoader Loading environment from /home/runner/work/key/key/key.core/../key.ui/examples/heap/permissions/lockspec/Counter_lockRef_contract2.key 
782137     DEBUG main            d.u.i.k.p.i.AbstractProblemLoader Environment load took 134.8ns 
782138     INFO  main            d.u.i.k.p.i.AbstractProblemLoader Creating init config 
785281     DEBUG main            d.u.i.k.p.i.AbstractProblemLoader Init config took 3.14s 
785336     INFO  main            d.u.i.k.p.i.AbstractProblemLoader Replaying proof Counter[Counter::lockRef()].JML model_behavior operation contract.0 
785337     DEBUG main            d.u.i.k.p.i.IntermediateProofReplayer Proof replay took 2.2ns 
785438     INFO  main            d.u.i.k.p.r.p.TestFile    ... finished proof: closed. 
786105     INFO  main            d.u.i.k.p.i.AbstractProblemLoader Loading environment from /home/runner/work/key/key/key.core/../key.ui/examples/heap/permissions/lockspec/Counter_lockRef_contract2.key.proof 
786105     DEBUG main            d.u.i.k.p.i.AbstractProblemLoader Environment load took 63.7ns 
786106     INFO  main            d.u.i.k.p.i.AbstractProblemLoader Creating init config 
789198     DEBUG main            d.u.i.k.p.i.AbstractProblemLoader Init config took 3.09s 
789333     INFO  main            d.u.i.k.p.i.AbstractProblemLoader Replaying proof Counter[Counter::lockRef()].JML model_behavior operation contract.0 
789339     DEBUG main            d.u.i.k.p.i.IntermediateProofReplayer Proof replay took 3.74ms 
789339     DEBUG main            d.u.i.k.p.r.p.TestFile    ... success: reloaded. 
789340     INFO  main            d.u.i.k.p.r.p.TestFile    Now processing file /home/runner/work/key/key/key.core/../key.ui/examples/heap/permissions/lockspec/Counter_lockState_accessible.key 
789340     INFO  main            d.u.i.k.p.i.AbstractProblemLoader Loading environment from /home/runner/work/key/key/key.core/../key.ui/examples/heap/permissions/lockspec/Counter_lockState_accessible.key 
789340     DEBUG main            d.u.i.k.p.i.AbstractProblemLoader Environment load took 46.8ns 
789341     INFO  main            d.u.i.k.p.i.AbstractProblemLoader Creating init config 
792570     DEBUG main            d.u.i.k.p.i.AbstractProblemLoader Init config took 3.23s 
792618     INFO  main            d.u.i.k.p.i.AbstractProblemLoader Replaying proof Counter[LockSpec::lockState(boolean)].JML accessible clause.0 
792619     DEBUG main            d.u.i.k.p.i.IntermediateProofReplayer Proof replay took 2ns 
792820     INFO  main            d.u.i.k.p.r.p.TestFile    ... finished proof: closed. 
793424     INFO  main            d.u.i.k.p.i.AbstractProblemLoader Loading environment from /home/runner/work/key/key/key.core/../key.ui/examples/heap/permissions/lockspec/Counter_lockState_accessible.key.proof 
793424     DEBUG main            d.u.i.k.p.i.AbstractProblemLoader Environment load took 62.8ns 
793424     INFO  main            d.u.i.k.p.i.AbstractProblemLoader Creating init config 
796601     DEBUG main            d.u.i.k.p.i.AbstractProblemLoader Init config took 3.18s 
796676     INFO  main            d.u.i.k.p.i.AbstractProblemLoader Replaying proof Counter[LockSpec::lockState(boolean)].JML accessible clause.0 
796711     DEBUG main            d.u.i.k.p.i.IntermediateProofReplayer Proof replay took 32.23ms 
796712     DEBUG main            d.u.i.k.p.r.p.TestFile    ... success: reloaded. 
796713     INFO  main            d.u.i.k.p.r.p.TestFile    Now processing file /home/runner/work/key/key/key.core/../key.ui/examples/heap/permissions/lockspec/Counter_lockStatus_accessible.key 
796715     INFO  main            d.u.i.k.p.i.AbstractProblemLoader Loading environment from /home/runner/work/key/key/key.core/../key.ui/examples/heap/permissions/lockspec/Counter_lockStatus_accessible.key 
796715     DEBUG main            d.u.i.k.p.i.AbstractProblemLoader Environment load took 159.9ns 
796716     INFO  main            d.u.i.k.p.i.AbstractProblemLoader Creating init config 
799835     DEBUG main            d.u.i.k.p.i.AbstractProblemLoader Init config took 3.12s 
799888     INFO  main            d.u.i.k.p.i.AbstractProblemLoader Replaying proof Counter[LockSpec::lockStatus(boolean)].JML accessible clause.0 
799889     DEBUG main            d.u.i.k.p.i.IntermediateProofReplayer Proof replay took 2.1ns 
799991     INFO  main            d.u.i.k.p.r.p.TestFile    ... finished proof: closed. 
800594     INFO  main            d.u.i.k.p.i.AbstractProblemLoader Loading environment from /home/runner/work/key/key/key.core/../key.ui/examples/heap/permissions/lockspec/Counter_lockStatus_accessible.key.proof 
800594     DEBUG main            d.u.i.k.p.i.AbstractProblemLoader Environment load took 61.5ns 
800595     INFO  main            d.u.i.k.p.i.AbstractProblemLoader Creating init config 
803641     DEBUG main            d.u.i.k.p.i.AbstractProblemLoader Init config took 3.05s 
803698     INFO  main            d.u.i.k.p.i.AbstractProblemLoader Replaying proof Counter[LockSpec::lockStatus(boolean)].JML accessible clause.0 
803716     DEBUG main            d.u.i.k.p.i.IntermediateProofReplayer Proof replay took 16.81ms 
803717     DEBUG main            d.u.i.k.p.r.p.TestFile    ... success: reloaded. 
803718     INFO  main            d.u.i.k.p.r.p.TestFile    Now processing file /home/runner/work/key/key/key.core/../key.ui/examples/heap/permissions/lockspec/Counter_lockTransfer_accessible.key 
803718     INFO  main            d.u.i.k.p.i.AbstractProblemLoader Loading environment from /home/runner/work/key/key/key.core/../key.ui/examples/heap/permissions/lockspec/Counter_lockTransfer_accessible.key 
803718     DEBUG main            d.u.i.k.p.i.AbstractProblemLoader Environment load took 63.7ns 
803719     INFO  main            d.u.i.k.p.i.AbstractProblemLoader Creating init config 
806874     DEBUG main            d.u.i.k.p.i.AbstractProblemLoader Init config took 3.16s 
806922     INFO  main            d.u.i.k.p.i.AbstractProblemLoader Replaying proof Counter[LockSpec::lockTransfer()].JML accessible clause.0 
806923     DEBUG main            d.u.i.k.p.i.IntermediateProofReplayer Proof replay took 2ns 
807326     INFO  main            d.u.i.k.p.r.p.TestFile    ... finished proof: closed. 
807931     INFO  main            d.u.i.k.p.i.AbstractProblemLoader Loading environment from /home/runner/work/key/key/key.core/../key.ui/examples/heap/permissions/lockspec/Counter_lockTransfer_accessible.key.proof 
807931     DEBUG main            d.u.i.k.p.i.AbstractProblemLoader Environment load took 60.6ns 
807932     INFO  main            d.u.i.k.p.i.AbstractProblemLoader Creating init config 
811038     DEBUG main            d.u.i.k.p.i.AbstractProblemLoader Init config took 3.11s 
811093     INFO  main            d.u.i.k.p.i.AbstractProblemLoader Replaying proof Counter[LockSpec::lockTransfer()].JML accessible clause.0 
811154     DEBUG main            d.u.i.k.p.i.IntermediateProofReplayer Proof replay took 58.29ms 
811155     DEBUG main            d.u.i.k.p.r.p.TestFile    ... success: reloaded. 
811156     INFO  main            d.u.i.k.p.r.p.TestFile    Now processing file /home/runner/work/key/key/key.core/../key.ui/examples/heap/permissions/lockspec/Counter_unlockTransfer_accessible.key 
811156     INFO  main            d.u.i.k.p.i.AbstractProblemLoader Loading environment from /home/runner/work/key/key/key.core/../key.ui/examples/heap/permissions/lockspec/Counter_unlockTransfer_accessible.key 
811157     DEBUG main            d.u.i.k.p.i.AbstractProblemLoader Environment load took 196.6ns 
811157     INFO  main            d.u.i.k.p.i.AbstractProblemLoader Creating init config 
814286     DEBUG main            d.u.i.k.p.i.AbstractProblemLoader Init config took 3.13s 
814341     INFO  main            d.u.i.k.p.i.AbstractProblemLoader Replaying proof Counter[LockSpec::unlockTransfer()].JML accessible clause.0 
814344     DEBUG main            d.u.i.k.p.i.IntermediateProofReplayer Proof replay took 2.1ns 
814646     INFO  main            d.u.i.k.p.r.p.TestFile    ... finished proof: closed. 
815284     INFO  main            d.u.i.k.p.i.AbstractProblemLoader Loading environment from /home/runner/work/key/key/key.core/../key.ui/examples/heap/permissions/lockspec/Counter_unlockTransfer_accessible.key.proof 
815287     DEBUG main            d.u.i.k.p.i.AbstractProblemLoader Environment load took 3.01ms 
815288     INFO  main            d.u.i.k.p.i.AbstractProblemLoader Creating init config 
818353     DEBUG main            d.u.i.k.p.i.AbstractProblemLoader Init config took 3.07s 
818408     INFO  main            d.u.i.k.p.i.AbstractProblemLoader Replaying proof Counter[LockSpec::unlockTransfer()].JML accessible clause.0 
818463     DEBUG main            d.u.i.k.p.i.IntermediateProofReplayer Proof replay took 51.04ms 
818464     DEBUG main            d.u.i.k.p.r.p.TestFile    ... success: reloaded. 
818465     INFO  main            d.u.i.k.p.r.p.TestFile    Now processing file /home/runner/work/key/key/key.core/../key.ui/examples/heap/permissions/threads/Plotter_startTransfer_contract.proof 
818465     INFO  main            d.u.i.k.p.i.AbstractProblemLoader Loading environment from /home/runner/work/key/key/key.core/../key.ui/examples/heap/permissions/threads/Plotter_startTransfer_contract.proof 
818465     DEBUG main            d.u.i.k.p.i.AbstractProblemLoader Environment load took 132.7ns 
818466     INFO  main            d.u.i.k.p.i.AbstractProblemLoader Creating init config 
823208     DEBUG main            d.u.i.k.p.i.AbstractProblemLoader Init config took 4.74s 
823320     INFO  main            d.u.i.k.p.i.AbstractProblemLoader Replaying proof Plotter[ThreadSpec2::startTransfer()].JML model_behavior operation contract.0 
823488     DEBUG main            d.u.i.k.p.i.IntermediateProofReplayer Proof replay took 159.12ms 
823489     INFO  main            d.u.i.k.p.r.p.TestFile    ... success: loaded 
823491     INFO  main            d.u.i.k.p.r.p.TestFile    Now processing file /home/runner/work/key/key/key.core/../key.ui/examples/heap/permissions/threads/Plotter_startTransfer_accessible.proof 
823491     INFO  main            d.u.i.k.p.i.AbstractProblemLoader Loading environment from /home/runner/work/key/key/key.core/../key.ui/examples/heap/permissions/threads/Plotter_startTransfer_accessible.proof 
823491     DEBUG main            d.u.i.k.p.i.AbstractProblemLoader Environment load took 140.6ns 
823492     INFO  main            d.u.i.k.p.i.AbstractProblemLoader Creating init config 
828255     DEBUG main            d.u.i.k.p.i.AbstractProblemLoader Init config took 4.76s 
828331     INFO  main            d.u.i.k.p.i.AbstractProblemLoader Replaying proof Plotter[ThreadSpec2::startTransfer()].JML accessible clause.0 
828393     DEBUG main            d.u.i.k.p.i.IntermediateProofReplayer Proof replay took 54.01ms 
828393     INFO  main            d.u.i.k.p.r.p.TestFile    ... success: loaded 
828394     INFO  main            d.u.i.k.p.r.p.TestFile    Now processing file /home/runner/work/key/key/key.core/../key.ui/examples/heap/permissions/threads/Plotter_joinTransfer_accessible.proof 
828394     INFO  main            d.u.i.k.p.i.AbstractProblemLoader Loading environment from /home/runner/work/key/key/key.core/../key.ui/examples/heap/permissions/threads/Plotter_joinTransfer_accessible.proof 
828394     DEBUG main            d.u.i.k.p.i.AbstractProblemLoader Environment load took 41.4ns 
828395     INFO  main            d.u.i.k.p.i.AbstractProblemLoader Creating init config 
833113     DEBUG main            d.u.i.k.p.i.AbstractProblemLoader Init config took 4.72s 
833190     INFO  main            d.u.i.k.p.i.AbstractProblemLoader Replaying proof Plotter[ThreadSpec2::joinTransfer()].JML accessible clause.0 
833197     WARN  main            d.u.i.k.p.i.IntermediateProofReplayer Proof contains wrong number of \assumes instatiations for Definition_axiom_for_stateInv_in_Plotter 
833199     WARN  main            d.u.i.k.p.i.IntermediateProofReplayer Proof contains wrong number of \assumes instatiations for Definition_axiom_for_stateInv_in_Plotter 
833204     WARN  main            d.u.i.k.p.i.IntermediateProofReplayer Proof contains wrong number of \assumes instatiations for Definition_axiom_for_workingPermissions_in_Plotter 
833205     WARN  main            d.u.i.k.p.i.IntermediateProofReplayer Proof contains wrong number of \assumes instatiations for Definition_axiom_for_staticPermissions_in_Plotter 
833205     WARN  main            d.u.i.k.p.i.IntermediateProofReplayer Proof contains wrong number of \assumes instatiations for Definition_axiom_for_joinTransfer_in_Plotter 
833206     WARN  main            d.u.i.k.p.i.IntermediateProofReplayer Proof contains wrong number of \assumes instatiations for Definition_axiom_for_stateInv_in_BFilter 
833207     WARN  main            d.u.i.k.p.i.IntermediateProofReplayer Proof contains wrong number of \assumes instatiations for Definition_axiom_for_stateInv_in_AFilter 
833208     WARN  main            d.u.i.k.p.i.IntermediateProofReplayer Proof contains wrong number of \assumes instatiations for Definition_axiom_for_stateInv_in_BFilter 
833210     WARN  main            d.u.i.k.p.i.IntermediateProofReplayer Proof contains wrong number of \assumes instatiations for Definition_axiom_for_stateInv_in_AFilter 
833211     WARN  main            d.u.i.k.p.i.IntermediateProofReplayer Proof contains wrong number of \assumes instatiations for Definition_axiom_for_staticPermissions_in_AFilter 
833212     WARN  main            d.u.i.k.p.i.IntermediateProofReplayer Proof contains wrong number of \assumes instatiations for Definition_axiom_for_staticPermissions_in_Plotter 
833212     WARN  main            d.u.i.k.p.i.IntermediateProofReplayer Proof contains wrong number of \assumes instatiations for Definition_axiom_for_staticPermissions_in_BFilter 
833213     WARN  main            d.u.i.k.p.i.IntermediateProofReplayer Proof contains wrong number of \assumes instatiations for Definition_axiom_for_workingPermissions_in_Plotter 
833213     WARN  main            d.u.i.k.p.i.IntermediateProofReplayer Proof contains wrong number of \assumes instatiations for Definition_axiom_for_stateInv_in_Sampler 
833215     WARN  main            d.u.i.k.p.i.IntermediateProofReplayer Proof contains wrong number of \assumes instatiations for Definition_axiom_for_stateInv_in_Sampler 
833215     WARN  main            d.u.i.k.p.i.IntermediateProofReplayer Proof contains wrong number of \assumes instatiations for Definition_axiom_for_staticPermissions_in_Sampler 
833216     WARN  main            d.u.i.k.p.i.IntermediateProofReplayer Proof contains wrong number of \assumes instatiations for Definition_axiom_for_staticPermissions_in_BFilter 
833216     WARN  main            d.u.i.k.p.i.IntermediateProofReplayer Proof contains wrong number of \assumes instatiations for Definition_axiom_for_staticPermissions_in_AFilter 
833217     WARN  main            d.u.i.k.p.i.IntermediateProofReplayer Proof contains wrong number of \assumes instatiations for Definition_axiom_for_staticPermissions_in_Sampler 
833217     WARN  main            d.u.i.k.p.i.IntermediateProofReplayer Proof contains wrong number of \assumes instatiations for Definition_axiom_for_staticPermissions_in_Sampler 
833218     WARN  main            d.u.i.k.p.i.IntermediateProofReplayer Proof contains wrong number of \assumes instatiations for Definition_axiom_for_staticPermissions_in_Sampler 
833218     WARN  main            d.u.i.k.p.i.IntermediateProofReplayer Proof contains wrong number of \assumes instatiations for Definition_axiom_for_joinTransfer_in_Plotter 
833269     DEBUG main            d.u.i.k.p.i.IntermediateProofReplayer Proof replay took 74.54ms 
833270     INFO  main            d.u.i.k.p.r.p.TestFile    ... success: loaded 
4787863    INFO  Test worker     d.u.i.k.p.r.RunAllProofsTestUnit Returning from test permissionHeap 
4787864    INFO  Test worker     d.u.i.k.p.r.RunAllProofsTestUnit Running test completionScopes 
318        WARN  main            d.u.i.k.s.ProofSettings   The settings in /home/runner/.key/proof-settings.props are *not* read. 
320        INFO  Timeout watchdog d.u.i.k.p.r.p.ForkedTestFileRunner Timeout watcher launched (2000 secs.) 
361        INFO  main            d.u.i.k.p.r.p.TestFile    Now processing file /home/runner/work/key/key/key.core/../key.ui/examples/completionscopes/testCcatchReturnVal.key 
489        INFO  main            d.u.i.k.p.i.AbstractProblemLoader Loading environment from /home/runner/work/key/key/key.core/../key.ui/examples/completionscopes/testCcatchReturnVal.key 
514        DEBUG main            d.u.i.k.p.i.AbstractProblemLoader Environment load took 1.75ms 
759        INFO  main            d.u.i.k.p.i.AbstractProblemLoader Creating init config 
1735       DEBUG main            d.u.i.k.j.TypeConverter   No LDT found for Meta 
1736       DEBUG main            d.u.i.k.j.TypeConverter   No LDT found for Meta 
1738       DEBUG main            d.u.i.k.j.TypeConverter   No LDT found for Meta 
1738       DEBUG main            d.u.i.k.j.TypeConverter   No LDT found for Meta 
3503       DEBUG main            d.u.i.k.j.TypeConverter   No LDT found for JavaBigintExpression 
8086       DEBUG main            d.u.i.k.p.i.AbstractProblemLoader Init config took 7.33s 
8202       INFO  main            d.u.i.k.p.i.AbstractProblemLoader Replaying proof CompletionScopes[CompletionScopes::testCcatchReturnVal()].JML normal_behavior operation contract.0 
8233       DEBUG main            d.u.i.k.p.i.IntermediateProofReplayer Proof replay took 28.2ns 
8789       INFO  main            d.u.i.k.p.r.p.TestFile    ... finished proof: closed. 
8884       INFO  main            d.u.i.k.p.i.AbstractProblemLoader Loading environment from /home/runner/work/key/key/key.core/../key.ui/examples/completionscopes/testCcatchReturnVal.key.proof 
8884       DEBUG main            d.u.i.k.p.i.AbstractProblemLoader Environment load took 126.4ns 
8886       INFO  main            d.u.i.k.p.i.AbstractProblemLoader Creating init config 
11632      DEBUG main            d.u.i.k.p.i.AbstractProblemLoader Init config took 2.75s 
11735      INFO  main            d.u.i.k.p.i.AbstractProblemLoader Replaying proof CompletionScopes[CompletionScopes::testCcatchReturnVal()].JML normal_behavior operation contract.0 
11794      DEBUG main            d.u.i.k.p.i.IntermediateProofReplayer Proof replay took 50.98ms 
11806      DEBUG main            d.u.i.k.p.r.p.TestFile    ... success: reloaded. 
11810      INFO  main            d.u.i.k.p.r.p.TestFile    Now processing file /home/runner/work/key/key/key.core/../key.ui/examples/completionscopes/testMultCcatchClauses.key 
11811      INFO  main            d.u.i.k.p.i.AbstractProblemLoader Loading environment from /home/runner/work/key/key/key.core/../key.ui/examples/completionscopes/testMultCcatchClauses.key 
11812      DEBUG main            d.u.i.k.p.i.AbstractProblemLoader Environment load took 100.6ns 
11813      INFO  main            d.u.i.k.p.i.AbstractProblemLoader Creating init config 
14395      DEBUG main            d.u.i.k.p.i.AbstractProblemLoader Init config took 2.58s 
14453      INFO  main            d.u.i.k.p.i.AbstractProblemLoader Replaying proof CompletionScopes[CompletionScopes::testMultCcatchClauses()].JML normal_behavior operation contract.0 
14455      DEBUG main            d.u.i.k.p.i.IntermediateProofReplayer Proof replay took 7ns 
14761      INFO  main            d.u.i.k.p.r.p.TestFile    ... finished proof: closed. 
14882      INFO  main            d.u.i.k.p.i.AbstractProblemLoader Loading environment from /home/runner/work/key/key/key.core/../key.ui/examples/completionscopes/testMultCcatchClauses.key.proof 
14882      DEBUG main            d.u.i.k.p.i.AbstractProblemLoader Environment load took 609.99ns 
14884      INFO  main            d.u.i.k.p.i.AbstractProblemLoader Creating init config 
17328      DEBUG main            d.u.i.k.p.i.AbstractProblemLoader Init config took 2.44s 
17378      INFO  main            d.u.i.k.p.i.AbstractProblemLoader Replaying proof CompletionScopes[CompletionScopes::testMultCcatchClauses()].JML normal_behavior operation contract.0 
17446      DEBUG main            d.u.i.k.p.i.IntermediateProofReplayer Proof replay took 64.2ms 
17447      DEBUG main            d.u.i.k.p.r.p.TestFile    ... success: reloaded. 
17448      INFO  main            d.u.i.k.p.r.p.TestFile    Now processing file /home/runner/work/key/key/key.core/../key.ui/examples/completionscopes/testNestedExec.key 
17448      INFO  main            d.u.i.k.p.i.AbstractProblemLoader Loading environment from /home/runner/work/key/key/key.core/../key.ui/examples/completionscopes/testNestedExec.key 
17448      DEBUG main            d.u.i.k.p.i.AbstractProblemLoader Environment load took 157.1ns 
17450      INFO  main            d.u.i.k.p.i.AbstractProblemLoader Creating init config 
19916      DEBUG main            d.u.i.k.p.i.AbstractProblemLoader Init config took 2.47s 
19973      INFO  main            d.u.i.k.p.i.AbstractProblemLoader Replaying proof CompletionScopes[CompletionScopes::testMultCcatchClauses()].JML normal_behavior operation contract.0 
19976      DEBUG main            d.u.i.k.p.i.IntermediateProofReplayer Proof replay took 5.9ns 
20287      INFO  main            d.u.i.k.p.r.p.TestFile    ... finished proof: closed. 
20445      INFO  main            d.u.i.k.p.i.AbstractProblemLoader Loading environment from /home/runner/work/key/key/key.core/../key.ui/examples/completionscopes/testNestedExec.key.proof 
20445      DEBUG main            d.u.i.k.p.i.AbstractProblemLoader Environment load took 114.5ns 
20448      INFO  main            d.u.i.k.p.i.AbstractProblemLoader Creating init config 
22827      DEBUG main            d.u.i.k.p.i.AbstractProblemLoader Init config took 2.38s 
22871      INFO  main            d.u.i.k.p.i.AbstractProblemLoader Replaying proof CompletionScopes[CompletionScopes::testMultCcatchClauses()].JML normal_behavior operation contract.0 
22932      DEBUG main            d.u.i.k.p.i.IntermediateProofReplayer Proof replay took 57.84ms 
22933      DEBUG main            d.u.i.k.p.r.p.TestFile    ... success: reloaded. 
22934      INFO  main            d.u.i.k.p.r.p.TestFile    Now processing file /home/runner/work/key/key/key.core/../key.ui/examples/completionscopes/testCcatchBreakLabel.key 
22934      INFO  main            d.u.i.k.p.i.AbstractProblemLoader Loading environment from /home/runner/work/key/key/key.core/../key.ui/examples/completionscopes/testCcatchBreakLabel.key 
22934      DEBUG main            d.u.i.k.p.i.AbstractProblemLoader Environment load took 201.2ns 
22936      INFO  main            d.u.i.k.p.i.AbstractProblemLoader Creating init config 
25399      DEBUG main            d.u.i.k.p.i.AbstractProblemLoader Init config took 2.46s 
25450      INFO  main            d.u.i.k.p.i.AbstractProblemLoader Replaying proof CompletionScopes[CompletionScopes::testBreakLabel()].JML normal_behavior operation contract.0 
25452      DEBUG main            d.u.i.k.p.i.IntermediateProofReplayer Proof replay took 6.2ns 
25474      DEBUG Thread-10       d.u.i.k.l.o.ProgramSV     Match failed: Former match of  SchemaVariable incompatible with  the current match. 
25555      INFO  main            d.u.i.k.p.r.p.TestFile    ... finished proof: closed. 
25702      INFO  main            d.u.i.k.p.i.AbstractProblemLoader Loading environment from /home/runner/work/key/key/key.core/../key.ui/examples/completionscopes/testCcatchBreakLabel.key.proof 
25703      DEBUG main            d.u.i.k.p.i.AbstractProblemLoader Environment load took 128.6ns 
25704      INFO  main            d.u.i.k.p.i.AbstractProblemLoader Creating init config 
28061      DEBUG main            d.u.i.k.p.i.AbstractProblemLoader Init config took 2.36s 
28105      INFO  main            d.u.i.k.p.i.AbstractProblemLoader Replaying proof CompletionScopes[CompletionScopes::testBreakLabel()].JML normal_behavior operation contract.0 
28113      DEBUG main            d.u.i.k.p.i.IntermediateProofReplayer Proof replay took 6.07ms 
28114      DEBUG main            d.u.i.k.p.r.p.TestFile    ... success: reloaded. 
28115      INFO  main            d.u.i.k.p.r.p.TestFile    Now processing file /home/runner/work/key/key/key.core/../key.ui/examples/completionscopes/testCcatchContinueLabel.key 
28115      INFO  main            d.u.i.k.p.i.AbstractProblemLoader Loading environment from /home/runner/work/key/key/key.core/../key.ui/examples/completionscopes/testCcatchContinueLabel.key 
28115      DEBUG main            d.u.i.k.p.i.AbstractProblemLoader Environment load took 158.7ns 
28116      INFO  main            d.u.i.k.p.i.AbstractProblemLoader Creating init config 
30492      DEBUG main            d.u.i.k.p.i.AbstractProblemLoader Init config took 2.38s 
30538      INFO  main            d.u.i.k.p.i.AbstractProblemLoader Replaying proof CompletionScopes[CompletionScopes::testContinueLabel()].JML normal_behavior operation contract.0 
30539      DEBUG main            d.u.i.k.p.i.IntermediateProofReplayer Proof replay took 5.3ns 
30559      DEBUG Thread-13       d.u.i.k.l.o.ProgramSV     Match failed: Former match of  SchemaVariable incompatible with  the current match. 
30643      INFO  main            d.u.i.k.p.r.p.TestFile    ... finished proof: closed. 
30782      INFO  main            d.u.i.k.p.i.AbstractProblemLoader Loading environment from /home/runner/work/key/key/key.core/../key.ui/examples/completionscopes/testCcatchContinueLabel.key.proof 
30782      DEBUG main            d.u.i.k.p.i.AbstractProblemLoader Environment load took 132.8ns 
30784      INFO  main            d.u.i.k.p.i.AbstractProblemLoader Creating init config 
33141      DEBUG main            d.u.i.k.p.i.AbstractProblemLoader Init config took 2.36s 
33191      INFO  main            d.u.i.k.p.i.AbstractProblemLoader Replaying proof CompletionScopes[CompletionScopes::testContinueLabel()].JML normal_behavior operation contract.0 
33201      DEBUG main            d.u.i.k.p.i.IntermediateProofReplayer Proof replay took 7.21ms 
33202      DEBUG main            d.u.i.k.p.r.p.TestFile    ... success: reloaded. 
33203      INFO  main            d.u.i.k.p.r.p.TestFile    Now processing file /home/runner/work/key/key/key.core/../key.ui/examples/completionscopes/testCcatchBreakLabelWildcard.key 
33204      INFO  main            d.u.i.k.p.i.AbstractProblemLoader Loading environment from /home/runner/work/key/key/key.core/../key.ui/examples/completionscopes/testCcatchBreakLabelWildcard.key 
33204      DEBUG main            d.u.i.k.p.i.AbstractProblemLoader Environment load took 170.8ns 
33205      INFO  main            d.u.i.k.p.i.AbstractProblemLoader Creating init config 
35612      DEBUG main            d.u.i.k.p.i.AbstractProblemLoader Init config took 2.41s 
35652      INFO  main            d.u.i.k.p.i.AbstractProblemLoader Replaying proof CompletionScopes[CompletionScopes::testBreakLabelWildcard()].JML normal_behavior operation contract.0 
35654      DEBUG main            d.u.i.k.p.i.IntermediateProofReplayer Proof replay took 6.2ns 
35668      DEBUG Thread-16       d.u.i.k.l.o.ProgramSV     Match failed: Former match of  SchemaVariable incompatible with  the current match. 
35669      DEBUG Thread-16       d.u.i.k.l.o.ProgramSV     Match failed: Former match of  SchemaVariable incompatible with  the current match. 
35756      INFO  main            d.u.i.k.p.r.p.TestFile    ... finished proof: closed. 
35945      INFO  main            d.u.i.k.p.i.AbstractProblemLoader Loading environment from /home/runner/work/key/key/key.core/../key.ui/examples/completionscopes/testCcatchBreakLabelWildcard.key.proof 
35946      DEBUG main            d.u.i.k.p.i.AbstractProblemLoader Environment load took 109.9ns 
35946      INFO  main            d.u.i.k.p.i.AbstractProblemLoader Creating init config 
38298      DEBUG main            d.u.i.k.p.i.AbstractProblemLoader Init config took 2.35s 
38342      INFO  main            d.u.i.k.p.i.AbstractProblemLoader Replaying proof CompletionScopes[CompletionScopes::testBreakLabelWildcard()].JML normal_behavior operation contract.0 
38350      DEBUG main            d.u.i.k.p.i.IntermediateProofReplayer Proof replay took 5.86ms 
38351      DEBUG main            d.u.i.k.p.r.p.TestFile    ... success: reloaded. 
38352      INFO  main            d.u.i.k.p.r.p.TestFile    Now processing file /home/runner/work/key/key/key.core/../key.ui/examples/completionscopes/testCcatchContinueLabelWildcard.key 
38352      INFO  main            d.u.i.k.p.i.AbstractProblemLoader Loading environment from /home/runner/work/key/key/key.core/../key.ui/examples/completionscopes/testCcatchContinueLabelWildcard.key 
38352      DEBUG main            d.u.i.k.p.i.AbstractProblemLoader Environment load took 172.4ns 
38353      INFO  main            d.u.i.k.p.i.AbstractProblemLoader Creating init config 
40758      DEBUG main            d.u.i.k.p.i.AbstractProblemLoader Init config took 2.4s 
40798      INFO  main            d.u.i.k.p.i.AbstractProblemLoader Replaying proof CompletionScopes[CompletionScopes::testContinueLabelWildcard()].JML normal_behavior operation contract.0 
40800      DEBUG main            d.u.i.k.p.i.IntermediateProofReplayer Proof replay took 5.7ns 
40816      DEBUG Thread-19       d.u.i.k.l.o.ProgramSV     Match failed: Former match of  SchemaVariable incompatible with  the current match. 
40817      DEBUG Thread-19       d.u.i.k.l.o.ProgramSV     Match failed: Former match of  SchemaVariable incompatible with  the current match. 
40901      INFO  main            d.u.i.k.p.r.p.TestFile    ... finished proof: closed. 
41049      INFO  main            d.u.i.k.p.i.AbstractProblemLoader Loading environment from /home/runner/work/key/key/key.core/../key.ui/examples/completionscopes/testCcatchContinueLabelWildcard.key.proof 
41049      DEBUG main            d.u.i.k.p.i.AbstractProblemLoader Environment load took 106.9ns 
41050      INFO  main            d.u.i.k.p.i.AbstractProblemLoader Creating init config 
43373      DEBUG main            d.u.i.k.p.i.AbstractProblemLoader Init config took 2.32s 
43412      INFO  main            d.u.i.k.p.i.AbstractProblemLoader Replaying proof CompletionScopes[CompletionScopes::testContinueLabelWildcard()].JML normal_behavior operation contract.0 
43419      DEBUG main            d.u.i.k.p.i.IntermediateProofReplayer Proof replay took 6ms 
43420      DEBUG main            d.u.i.k.p.r.p.TestFile    ... success: reloaded. 
43421      INFO  main            d.u.i.k.p.r.p.TestFile    Now processing file /home/runner/work/key/key/key.core/../key.ui/examples/completionscopes/testCcatchBreakLabelNonmatchingNested.key 
43421      INFO  main            d.u.i.k.p.i.AbstractProblemLoader Loading environment from /home/runner/work/key/key/key.core/../key.ui/examples/completionscopes/testCcatchBreakLabelNonmatchingNested.key 
43421      DEBUG main            d.u.i.k.p.i.AbstractProblemLoader Environment load took 81.4ns 
43422      INFO  main            d.u.i.k.p.i.AbstractProblemLoader Creating init config 
45801      DEBUG main            d.u.i.k.p.i.AbstractProblemLoader Init config took 2.38s 
45839      INFO  main            d.u.i.k.p.i.AbstractProblemLoader Replaying proof CompletionScopes[CompletionScopes::testBreakLabelNonmatchingNested()].JML normal_behavior operation contract.0 
45840      DEBUG main            d.u.i.k.p.i.IntermediateProofReplayer Proof replay took 5.4ns 
45856      DEBUG Thread-22       d.u.i.k.l.o.ProgramSV     Match failed: Former match of  SchemaVariable incompatible with  the current match. 
45857      DEBUG Thread-22       d.u.i.k.l.o.ProgramSV     Match failed: Former match of  SchemaVariable incompatible with  the current match. 
45944      INFO  main            d.u.i.k.p.r.p.TestFile    ... finished proof: closed. 
46102      INFO  main            d.u.i.k.p.i.AbstractProblemLoader Loading environment from /home/runner/work/key/key/key.core/../key.ui/examples/completionscopes/testCcatchBreakLabelNonmatchingNested.key.proof 
46102      DEBUG main            d.u.i.k.p.i.AbstractProblemLoader Environment load took 109.4ns 
46103      INFO  main            d.u.i.k.p.i.AbstractProblemLoader Creating init config 
48412      DEBUG main            d.u.i.k.p.i.AbstractProblemLoader Init config took 2.31s 
48450      INFO  main            d.u.i.k.p.i.AbstractProblemLoader Replaying proof CompletionScopes[CompletionScopes::testBreakLabelNonmatchingNested()].JML normal_behavior operation contract.0 
48461      DEBUG main            d.u.i.k.p.i.IntermediateProofReplayer Proof replay took 9.07ms 
48462      DEBUG main            d.u.i.k.p.r.p.TestFile    ... success: reloaded. 
4836494    INFO  Test worker     d.u.i.k.p.r.RunAllProofsTestUnit Returning from test completionScopes 
4836495    INFO  Test worker     d.u.i.k.p.r.RunAllProofsTestUnit Running test reload_examples 
347        INFO  Timeout watchdog d.u.i.k.p.r.p.ForkedTestFileRunner Timeout watcher launched (2000 secs.) 
357        WARN  main            d.u.i.k.s.ProofSettings   The settings in /home/runner/.key/proof-settings.props are *not* read. 
389        INFO  main            d.u.i.k.p.r.p.TestFile    Now processing file /home/runner/work/key/key/key.core/../key.ui/examples/firstTouch/05-ReverseArray/reverseArray.key 
521        INFO  main            d.u.i.k.p.i.AbstractProblemLoader Loading environment from /home/runner/work/key/key/key.core/../key.ui/examples/firstTouch/05-ReverseArray/reverseArray.key 
537        DEBUG main            d.u.i.k.p.i.AbstractProblemLoader Environment load took 1.95ms 
736        INFO  main            d.u.i.k.p.i.AbstractProblemLoader Creating init config 
1577       DEBUG main            d.u.i.k.j.TypeConverter   No LDT found for Meta 
1577       DEBUG main            d.u.i.k.j.TypeConverter   No LDT found for Meta 
1579       DEBUG main            d.u.i.k.j.TypeConverter   No LDT found for Meta 
1579       DEBUG main            d.u.i.k.j.TypeConverter   No LDT found for Meta 
3014       DEBUG main            d.u.i.k.j.TypeConverter   No LDT found for JavaBigintExpression 
7685       DEBUG main            d.u.i.k.p.i.AbstractProblemLoader Init config took 6.95s 
7780       INFO  main            d.u.i.k.p.i.AbstractProblemLoader Replaying proof ReverseArray[ReverseArray::reverse()].JML normal_behavior operation contract.0 
7826       DEBUG main            d.u.i.k.p.i.IntermediateProofReplayer Proof replay took 29.9ns 
17989      INFO  main            d.u.i.k.p.r.p.TestFile    ... finished proof: closed. 
18211      INFO  main            d.u.i.k.p.i.AbstractProblemLoader Loading environment from /home/runner/work/key/key/key.core/../key.ui/examples/firstTouch/05-ReverseArray/reverseArray.key.proof 
18211      DEBUG main            d.u.i.k.p.i.AbstractProblemLoader Environment load took 355.99ns 
18214      INFO  main            d.u.i.k.p.i.AbstractProblemLoader Creating init config 
20925      DEBUG main            d.u.i.k.p.i.AbstractProblemLoader Init config took 2.71s 
20969      INFO  main            d.u.i.k.p.i.AbstractProblemLoader Replaying proof ReverseArray[ReverseArray::reverse()].JML normal_behavior operation contract.0 
21477      DEBUG main            d.u.i.k.p.i.IntermediateProofReplayer Proof replay took 450.08ms 
21489      DEBUG main            d.u.i.k.p.r.p.TestFile    ... success: reloaded. 
21491      INFO  main            d.u.i.k.p.r.p.TestFile    Now processing file /home/runner/work/key/key/key.core/../key.ui/examples/standard_key/arith/saveProofTest.key.proof 
21491      INFO  main            d.u.i.k.p.i.AbstractProblemLoader Loading environment from /home/runner/work/key/key/key.core/../key.ui/examples/standard_key/arith/saveProofTest.key.proof 
21491      DEBUG main            d.u.i.k.p.i.AbstractProblemLoader Environment load took 188.7ns 
21493      INFO  main            d.u.i.k.p.i.AbstractProblemLoader Creating init config 
23914      DEBUG main            d.u.i.k.p.i.AbstractProblemLoader Init config took 2.42s 
23945      INFO  main            d.u.i.k.p.i.AbstractProblemLoader Replaying proof saveProofTest.key.proof 
23954      DEBUG main            d.u.i.k.p.i.IntermediateProofReplayer Proof replay took 2.29ms 
23955      INFO  main            d.u.i.k.p.r.p.TestFile    ... success: loaded 
23957      INFO  main            d.u.i.k.p.r.p.TestFile    Now processing file /home/runner/work/key/key/key.core/../key.ui/examples/heap/permutedSum/perm.proof 
23957      INFO  main            d.u.i.k.p.i.AbstractProblemLoader Loading environment from /home/runner/work/key/key/key.core/../key.ui/examples/heap/permutedSum/perm.proof 
23957      DEBUG main            d.u.i.k.p.i.AbstractProblemLoader Environment load took 439.49ns 
23962      INFO  main            d.u.i.k.p.i.AbstractProblemLoader Creating init config 
26572      DEBUG main            d.u.i.k.p.i.AbstractProblemLoader Init config took 2.61s 
26641      INFO  main            d.u.i.k.p.i.AbstractProblemLoader Replaying proof Perm[Perm::foo()].JML normal_behavior operation contract.0 
27439      DEBUG main            d.u.i.k.p.i.IntermediateProofReplayer Proof replay took 751.3ms 
27441      INFO  main            d.u.i.k.p.r.p.TestFile    ... success: loaded 
27443      INFO  main            d.u.i.k.p.r.p.TestFile    Now processing file /home/runner/work/key/key/key.core/../key.ui/examples/firstTouch/05-ReverseArray/reverseArray.proof 
27443      INFO  main            d.u.i.k.p.i.AbstractProblemLoader Loading environment from /home/runner/work/key/key/key.core/../key.ui/examples/firstTouch/05-ReverseArray/reverseArray.proof 
27443      DEBUG main            d.u.i.k.p.i.AbstractProblemLoader Environment load took 174.8ns 
27445      INFO  main            d.u.i.k.p.i.AbstractProblemLoader Creating init config 
29919      DEBUG main            d.u.i.k.p.i.AbstractProblemLoader Init config took 2.47s 
29958      INFO  main            d.u.i.k.p.i.AbstractProblemLoader Replaying proof ReverseArray[ReverseArray::reverse()].JML normal_behavior operation contract.0 
30423      DEBUG main            d.u.i.k.p.i.IntermediateProofReplayer Proof replay took 426.53ms 
30426      INFO  main            d.u.i.k.p.r.p.TestFile    ... success: loaded 
30427      INFO  main            d.u.i.k.p.r.p.TestFile    Now processing file /home/runner/work/key/key/key.core/../key.ui/examples/heap/verifyThis15_1_RelaxedPrefix/relax.proof 
30427      INFO  main            d.u.i.k.p.i.AbstractProblemLoader Loading environment from /home/runner/work/key/key/key.core/../key.ui/examples/heap/verifyThis15_1_RelaxedPrefix/relax.proof 
30427      DEBUG main            d.u.i.k.p.i.AbstractProblemLoader Environment load took 90.2ns 
30431      INFO  main            d.u.i.k.p.i.AbstractProblemLoader Creating init config 
32900      DEBUG main            d.u.i.k.p.i.AbstractProblemLoader Init config took 2.47s 
32943      INFO  main            d.u.i.k.p.i.AbstractProblemLoader Replaying proof Relaxed[Relaxed::isRelaxedPrefix([I,[I)].JML operation contract.0 
33299      DEBUG main            d.u.i.k.p.i.IntermediateProofReplayer Proof replay took 339.82ms 
33300      INFO  main            d.u.i.k.p.r.p.TestFile    ... success: loaded 
33302      INFO  main            d.u.i.k.p.r.p.TestFile    Now processing file /home/runner/work/key/key/key.core/../key.ui/examples/heap/verifyThis15_3_DLL/doUndo.proof 
33302      INFO  main            d.u.i.k.p.i.AbstractProblemLoader Loading environment from /home/runner/work/key/key/key.core/../key.ui/examples/heap/verifyThis15_3_DLL/doUndo.proof 
33302      DEBUG main            d.u.i.k.p.i.AbstractProblemLoader Environment load took 165.7ns 
33304      INFO  main            d.u.i.k.p.i.AbstractProblemLoader Creating init config 
34184      DEBUG main            d.u.i.k.j.r.ClassPreparationMethodBuilder clPrepBuilder: Inner Class detected. Reject building class initialisation methods. 
35974      DEBUG main            d.u.i.k.p.i.AbstractProblemLoader Init config took 2.67s 
36051      INFO  main            d.u.i.k.p.i.AbstractProblemLoader Replaying proof DoubleLinkedList[DoubleLinkedList::doUndo(DoubleLinkedList.Node,int)].JML normal_behavior operation contract.0 
36485      DEBUG main            d.u.i.k.p.i.IntermediateProofReplayer Proof replay took 405.98ms 
36486      INFO  main            d.u.i.k.p.r.p.TestFile    ... success: loaded 
36488      INFO  main            d.u.i.k.p.r.p.TestFile    Now processing file /home/runner/work/key/key/key.core/../key.ui/examples/heap/verifyThis15_2_ParallelGcd/parallelGcd.proof 
36488      INFO  main            d.u.i.k.p.i.AbstractProblemLoader Loading environment from /home/runner/work/key/key/key.core/../key.ui/examples/heap/verifyThis15_2_ParallelGcd/parallelGcd.proof 
36488      DEBUG main            d.u.i.k.p.i.AbstractProblemLoader Environment load took 111.2ns 
36489      INFO  main            d.u.i.k.p.i.AbstractProblemLoader Creating init config 
39005      DEBUG main            d.u.i.k.p.i.AbstractProblemLoader Init config took 2.52s 
39055      INFO  main            d.u.i.k.p.i.AbstractProblemLoader Replaying proof ParallelGcd[ParallelGcd::parallelGcd(int,int,[Z)].JML behavior operation contract.0 
39451      DEBUG main            d.u.i.k.p.i.IntermediateProofReplayer Proof replay took 383.3ms 
39452      INFO  main            d.u.i.k.p.r.p.TestFile    ... success: loaded 
4876116    INFO  Test worker     d.u.i.k.p.r.RunAllProofsTestUnit Returning from test reload_examples 
4876117    INFO  Test worker     d.u.i.k.p.r.RunAllProofsTestUnit Running test proofLoadRepair 
356        INFO  Timeout watchdog d.u.i.k.p.r.p.ForkedTestFileRunner Timeout watcher launched (2000 secs.) 
371        WARN  main            d.u.i.k.s.ProofSettings   The settings in /home/runner/.key/proof-settings.props are *not* read. 
400        INFO  main            d.u.i.k.p.r.p.TestFile    Now processing file /home/runner/work/key/key/key.core/../key.ui/examples/proofLoadRepair/disjConj-manipulated.proof 
501        INFO  main            d.u.i.k.p.i.AbstractProblemLoader Loading environment from /home/runner/work/key/key/key.core/../key.ui/examples/proofLoadRepair/disjConj-manipulated.proof 
523        DEBUG main            d.u.i.k.p.i.AbstractProblemLoader Environment load took 1.97ms 
758        INFO  main            d.u.i.k.p.i.AbstractProblemLoader Creating init config 
1607       DEBUG main            d.u.i.k.j.TypeConverter   No LDT found for Meta 
1607       DEBUG main            d.u.i.k.j.TypeConverter   No LDT found for Meta 
1608       DEBUG main            d.u.i.k.j.TypeConverter   No LDT found for Meta 
1608       DEBUG main            d.u.i.k.j.TypeConverter   No LDT found for Meta 
2799       DEBUG main            d.u.i.k.j.TypeConverter   No LDT found for JavaBigintExpression 
7498       DEBUG main            d.u.i.k.p.i.AbstractProblemLoader Init config took 6.74s 
7567       INFO  main            d.u.i.k.p.i.AbstractProblemLoader Replaying proof disjConj-manipulated.proof 
7610       WARN  main            d.u.i.k.p.i.IntermediateProofReplayer Proof contains wrong number of \assumes instatiations for andLeft 
7612       WARN  main            d.u.i.k.p.i.IntermediateProofReplayer Proof contains wrong number of \assumes instatiations for replace_known_right 
7615       WARN  main            d.u.i.k.p.i.IntermediateProofReplayer Proof contains wrong number of \assumes instatiations for close 
7617       DEBUG main            d.u.i.k.p.i.IntermediateProofReplayer Proof replay took 13.17ms 
7622       INFO  main            d.u.i.k.p.r.p.TestFile    ... success: loaded 
7631       INFO  main            d.u.i.k.p.r.p.TestFile    Now processing file /home/runner/work/key/key/key.core/../key.ui/examples/proofLoadRepair/insufficient-manipulated.proof 
7631       INFO  main            d.u.i.k.p.i.AbstractProblemLoader Loading environment from /home/runner/work/key/key/key.core/../key.ui/examples/proofLoadRepair/insufficient-manipulated.proof 
7632       DEBUG main            d.u.i.k.p.i.AbstractProblemLoader Environment load took 239.9ns 
7636       INFO  main            d.u.i.k.p.i.AbstractProblemLoader Creating init config 
10276      DEBUG main            d.u.i.k.p.i.AbstractProblemLoader Init config took 2.64s 
10294      INFO  main            d.u.i.k.p.i.AbstractProblemLoader Replaying proof insufficient-manipulated.proof 
10310      WARN  main            d.u.i.k.p.i.IntermediateProofReplayer Proof contains wrong number of \assumes instatiations for applyEq 
10320      DEBUG main            d.u.i.k.p.i.IntermediateProofReplayer Proof replay took 10.09ms 
10322      INFO  main            d.u.i.k.p.r.p.TestFile    ... success: loading failed 
10323      INFO  main            d.u.i.k.p.r.p.TestFile    Now processing file /home/runner/work/key/key/key.core/../key.ui/examples/../../key.core/src/test/resources/testcase/issues/1716/incorrectPolarity.proof 
10323      INFO  main            d.u.i.k.p.i.AbstractProblemLoader Loading environment from /home/runner/work/key/key/key.core/../key.ui/examples/../../key.core/src/test/resources/testcase/issues/1716/incorrectPolarity.proof 
10323      DEBUG main            d.u.i.k.p.i.AbstractProblemLoader Environment load took 179.8ns 
10325      INFO  main            d.u.i.k.p.i.AbstractProblemLoader Creating init config 
12965      DEBUG main            d.u.i.k.p.i.AbstractProblemLoader Init config took 2.64s 
12992      INFO  main            d.u.i.k.p.i.AbstractProblemLoader Replaying proof incorrectPolarity.proof 
12994      DEBUG main            d.u.i.k.p.i.IntermediateProofReplayer Proof replay took 170.4ns 
12995      INFO  main            d.u.i.k.p.r.p.TestFile    ... success: loading failed 
12996      INFO  main            d.u.i.k.p.r.p.TestFile    Now processing file /home/runner/work/key/key/key.core/../key.ui/examples/../../key.core/src/test/resources/testcase/issues/1716/incorrectPolarity2.proof 
12996      INFO  main            d.u.i.k.p.i.AbstractProblemLoader Loading environment from /home/runner/work/key/key/key.core/../key.ui/examples/../../key.core/src/test/resources/testcase/issues/1716/incorrectPolarity2.proof 
12996      DEBUG main            d.u.i.k.p.i.AbstractProblemLoader Environment load took 173.8ns 
12997      INFO  main            d.u.i.k.p.i.AbstractProblemLoader Creating init config 
15419      DEBUG main            d.u.i.k.p.i.AbstractProblemLoader Init config took 2.42s 
15441      INFO  main            d.u.i.k.p.i.AbstractProblemLoader Replaying proof incorrectPolarity2.proof 
15444      DEBUG main            d.u.i.k.p.i.IntermediateProofReplayer Proof replay took 329.89ns 
15444      INFO  main            d.u.i.k.p.r.p.TestFile    ... success: loading failed 
15445      INFO  main            d.u.i.k.p.r.p.TestFile    Now processing file /home/runner/work/key/key/key.core/../key.ui/examples/../../key.core/src/test/resources/testcase/issues/1716/incorrectPolarity3.proof 
15445      INFO  main            d.u.i.k.p.i.AbstractProblemLoader Loading environment from /home/runner/work/key/key/key.core/../key.ui/examples/../../key.core/src/test/resources/testcase/issues/1716/incorrectPolarity3.proof 
15445      DEBUG main            d.u.i.k.p.i.AbstractProblemLoader Environment load took 97.1ns 
15446      INFO  main            d.u.i.k.p.i.AbstractProblemLoader Creating init config 
17823      DEBUG main            d.u.i.k.p.i.AbstractProblemLoader Init config took 2.38s 
17842      INFO  main            d.u.i.k.p.i.AbstractProblemLoader Replaying proof incorrectPolarity3.proof 
17845      DEBUG main            d.u.i.k.p.i.IntermediateProofReplayer Proof replay took 915.48ns 
17845      INFO  main            d.u.i.k.p.r.p.TestFile    ... success: loading failed 
4894135    INFO  Test worker     d.u.i.k.p.r.RunAllProofsTestUnit Returning from test proofLoadRepair 
4894135    INFO  Test worker     d.u.i.k.p.r.RunAllProofsTestUnit Running test switch 
352        INFO  Timeout watchdog d.u.i.k.p.r.p.ForkedTestFileRunner Timeout watcher launched (2000 secs.) 
358        WARN  main            d.u.i.k.s.ProofSettings   The settings in /home/runner/.key/proof-settings.props are *not* read. 
386        INFO  main            d.u.i.k.p.r.p.TestFile    Now processing file /home/runner/work/key/key/key.core/../key.ui/examples/standard_key/java_dl/switch/labeled_case.key 
511        INFO  main            d.u.i.k.p.i.AbstractProblemLoader Loading environment from /home/runner/work/key/key/key.core/../key.ui/examples/standard_key/java_dl/switch/labeled_case.key 
529        DEBUG main            d.u.i.k.p.i.AbstractProblemLoader Environment load took 2.03ms 
768        INFO  main            d.u.i.k.p.i.AbstractProblemLoader Creating init config 
1826       DEBUG main            d.u.i.k.j.TypeConverter   No LDT found for Meta 
1826       DEBUG main            d.u.i.k.j.TypeConverter   No LDT found for Meta 
1830       DEBUG main            d.u.i.k.j.TypeConverter   No LDT found for Meta 
1830       DEBUG main            d.u.i.k.j.TypeConverter   No LDT found for Meta 
3188       DEBUG main            d.u.i.k.j.TypeConverter   No LDT found for JavaBigintExpression 
7790       DEBUG main            d.u.i.k.p.i.AbstractProblemLoader Init config took 7.02s 
7907       INFO  main            d.u.i.k.p.i.AbstractProblemLoader Replaying proof LabeledCase[LabeledCase::m(int)].JML normal_behavior operation contract.0 
7937       DEBUG main            d.u.i.k.p.i.IntermediateProofReplayer Proof replay took 29.3ns 
8566       INFO  main            d.u.i.k.p.r.p.TestFile    ... finished proof: closed. 
8670       INFO  main            d.u.i.k.p.i.AbstractProblemLoader Loading environment from /home/runner/work/key/key/key.core/../key.ui/examples/standard_key/java_dl/switch/labeled_case.key.proof 
8672       DEBUG main            d.u.i.k.p.i.AbstractProblemLoader Environment load took 1.5ms 
8674       INFO  main            d.u.i.k.p.i.AbstractProblemLoader Creating init config 
11442      DEBUG main            d.u.i.k.p.i.AbstractProblemLoader Init config took 2.77s 
11503      INFO  main            d.u.i.k.p.i.AbstractProblemLoader Replaying proof LabeledCase[LabeledCase::m(int)].JML normal_behavior operation contract.0 
11572      DEBUG main            d.u.i.k.p.i.IntermediateProofReplayer Proof replay took 64.2ms 
11586      DEBUG main            d.u.i.k.p.r.p.TestFile    ... success: reloaded. 
11587      INFO  main            d.u.i.k.p.r.p.TestFile    Now processing file /home/runner/work/key/key/key.core/../key.ui/examples/standard_key/java_dl/switch/empty_switch.key 
11587      INFO  main            d.u.i.k.p.i.AbstractProblemLoader Loading environment from /home/runner/work/key/key/key.core/../key.ui/examples/standard_key/java_dl/switch/empty_switch.key 
11588      DEBUG main            d.u.i.k.p.i.AbstractProblemLoader Environment load took 97.5ns 
11589      INFO  main            d.u.i.k.p.i.AbstractProblemLoader Creating init config 
14128      DEBUG main            d.u.i.k.p.i.AbstractProblemLoader Init config took 2.54s 
14156      INFO  main            d.u.i.k.p.i.AbstractProblemLoader Replaying proof empty_switch.key 
14163      DEBUG main            d.u.i.k.p.i.IntermediateProofReplayer Proof replay took 88.5ns 
14266      INFO  main            d.u.i.k.p.r.p.TestFile    ... finished proof: closed. 
14381      INFO  main            d.u.i.k.p.i.AbstractProblemLoader Loading environment from /home/runner/work/key/key/key.core/../key.ui/examples/standard_key/java_dl/switch/empty_switch.key.proof 
14381      DEBUG main            d.u.i.k.p.i.AbstractProblemLoader Environment load took 123.4ns 
14383      INFO  main            d.u.i.k.p.i.AbstractProblemLoader Creating init config 
16808      DEBUG main            d.u.i.k.p.i.AbstractProblemLoader Init config took 2.42s 
16848      INFO  main            d.u.i.k.p.i.AbstractProblemLoader Replaying proof empty_switch.key.proof 
16852      DEBUG main            d.u.i.k.p.i.IntermediateProofReplayer Proof replay took 1.47ms 
16852      DEBUG main            d.u.i.k.p.r.p.TestFile    ... success: reloaded. 
16853      INFO  main            d.u.i.k.p.r.p.TestFile    Now processing file /home/runner/work/key/key/key.core/../key.ui/examples/standard_key/java_dl/switch/empty_switch_null.key 
16853      INFO  main            d.u.i.k.p.i.AbstractProblemLoader Loading environment from /home/runner/work/key/key/key.core/../key.ui/examples/standard_key/java_dl/switch/empty_switch_null.key 
16854      DEBUG main            d.u.i.k.p.i.AbstractProblemLoader Environment load took 186.4ns 
16855      INFO  main            d.u.i.k.p.i.AbstractProblemLoader Creating init config 
19341      DEBUG main            d.u.i.k.p.i.AbstractProblemLoader Init config took 2.49s 
19364      INFO  main            d.u.i.k.p.i.AbstractProblemLoader Replaying proof empty_switch_null.key 
19368      DEBUG main            d.u.i.k.p.i.IntermediateProofReplayer Proof replay took 5.6ns 
19570      INFO  main            d.u.i.k.p.r.p.TestFile    ... finished proof: closed. 
19696      INFO  main            d.u.i.k.p.i.AbstractProblemLoader Loading environment from /home/runner/work/key/key/key.core/../key.ui/examples/standard_key/java_dl/switch/empty_switch_null.key.proof 
19696      DEBUG main            d.u.i.k.p.i.AbstractProblemLoader Environment load took 111ns 
19699      INFO  main            d.u.i.k.p.i.AbstractProblemLoader Creating init config 
22130      DEBUG main            d.u.i.k.p.i.AbstractProblemLoader Init config took 2.43s 
22150      INFO  main            d.u.i.k.p.i.AbstractProblemLoader Replaying proof empty_switch_null.key.proof 
22177      DEBUG main            d.u.i.k.p.i.IntermediateProofReplayer Proof replay took 24.63ms 
22178      DEBUG main            d.u.i.k.p.r.p.TestFile    ... success: reloaded. 
22179      INFO  main            d.u.i.k.p.r.p.TestFile    Now processing file /home/runner/work/key/key/key.core/../key.ui/examples/standard_key/java_dl/switch/empty_switch_null_catch.key 
22179      INFO  main            d.u.i.k.p.i.AbstractProblemLoader Loading environment from /home/runner/work/key/key/key.core/../key.ui/examples/standard_key/java_dl/switch/empty_switch_null_catch.key 
22179      DEBUG main            d.u.i.k.p.i.AbstractProblemLoader Environment load took 164.9ns 
22180      INFO  main            d.u.i.k.p.i.AbstractProblemLoader Creating init config 
24616      DEBUG main            d.u.i.k.p.i.AbstractProblemLoader Init config took 2.44s 
24636      INFO  main            d.u.i.k.p.i.AbstractProblemLoader Replaying proof empty_switch_null_catch.key 
24638      DEBUG main            d.u.i.k.p.i.IntermediateProofReplayer Proof replay took 5.5ns 
24841      INFO  main            d.u.i.k.p.r.p.TestFile    ... finished proof: closed. 
24978      INFO  main            d.u.i.k.p.i.AbstractProblemLoader Loading environment from /home/runner/work/key/key/key.core/../key.ui/examples/standard_key/java_dl/switch/empty_switch_null_catch.key.proof 
24981      DEBUG main            d.u.i.k.p.i.AbstractProblemLoader Environment load took 3.38ms 
24983      INFO  main            d.u.i.k.p.i.AbstractProblemLoader Creating init config 
27348      DEBUG main            d.u.i.k.p.i.AbstractProblemLoader Init config took 2.36s 
27367      INFO  main            d.u.i.k.p.i.AbstractProblemLoader Replaying proof empty_switch_null_catch.key.proof 
27399      DEBUG main            d.u.i.k.p.i.IntermediateProofReplayer Proof replay took 29.56ms 
27400      DEBUG main            d.u.i.k.p.r.p.TestFile    ... success: reloaded. 
27401      INFO  main            d.u.i.k.p.r.p.TestFile    Now processing file /home/runner/work/key/key/key.core/../key.ui/examples/standard_key/java_dl/switch/empty_switch_array_out_of_bounds.key 
27401      INFO  main            d.u.i.k.p.i.AbstractProblemLoader Loading environment from /home/runner/work/key/key/key.core/../key.ui/examples/standard_key/java_dl/switch/empty_switch_array_out_of_bounds.key 
27402      DEBUG main            d.u.i.k.p.i.AbstractProblemLoader Environment load took 178.1ns 
27403      INFO  main            d.u.i.k.p.i.AbstractProblemLoader Creating init config 
29804      DEBUG main            d.u.i.k.p.i.AbstractProblemLoader Init config took 2.4s 
29827      INFO  main            d.u.i.k.p.i.AbstractProblemLoader Replaying proof empty_switch_array_out_of_bounds.key 
29830      DEBUG main            d.u.i.k.p.i.IntermediateProofReplayer Proof replay took 6.1ns 
30032      INFO  main            d.u.i.k.p.r.p.TestFile    ... finished proof: closed. 
30184      INFO  main            d.u.i.k.p.i.AbstractProblemLoader Loading environment from /home/runner/work/key/key/key.core/../key.ui/examples/standard_key/java_dl/switch/empty_switch_array_out_of_bounds.key.proof 
30184      DEBUG main            d.u.i.k.p.i.AbstractProblemLoader Environment load took 328.49ns 
30185      INFO  main            d.u.i.k.p.i.AbstractProblemLoader Creating init config 
32548      DEBUG main            d.u.i.k.p.i.AbstractProblemLoader Init config took 2.36s 
32567      INFO  main            d.u.i.k.p.i.AbstractProblemLoader Replaying proof empty_switch_array_out_of_bounds.key.proof 
32622      DEBUG main            d.u.i.k.p.i.IntermediateProofReplayer Proof replay took 52.61ms 
32623      DEBUG main            d.u.i.k.p.r.p.TestFile    ... success: reloaded. 
32625      INFO  main            d.u.i.k.p.r.p.TestFile    Now processing file /home/runner/work/key/key/key.core/../key.ui/examples/standard_key/java_dl/switch/empty_switch_array_out_of_bounds_catch.key 
32625      INFO  main            d.u.i.k.p.i.AbstractProblemLoader Loading environment from /home/runner/work/key/key/key.core/../key.ui/examples/standard_key/java_dl/switch/empty_switch_array_out_of_bounds_catch.key 
32625      DEBUG main            d.u.i.k.p.i.AbstractProblemLoader Environment load took 177.8ns 
32626      INFO  main            d.u.i.k.p.i.AbstractProblemLoader Creating init config 
35010      DEBUG main            d.u.i.k.p.i.AbstractProblemLoader Init config took 2.38s 
35029      INFO  main            d.u.i.k.p.i.AbstractProblemLoader Replaying proof empty_switch_array_out_of_bounds_catch.key 
35032      DEBUG main            d.u.i.k.p.i.IntermediateProofReplayer Proof replay took 5.3ns 
35235      INFO  main            d.u.i.k.p.r.p.TestFile    ... finished proof: closed. 
35481      INFO  main            d.u.i.k.p.i.AbstractProblemLoader Loading environment from /home/runner/work/key/key/key.core/../key.ui/examples/standard_key/java_dl/switch/empty_switch_array_out_of_bounds_catch.key.proof 
35481      DEBUG main            d.u.i.k.p.i.AbstractProblemLoader Environment load took 114.5ns 
35483      INFO  main            d.u.i.k.p.i.AbstractProblemLoader Creating init config 
37819      DEBUG main            d.u.i.k.p.i.AbstractProblemLoader Init config took 2.34s 
37838      INFO  main            d.u.i.k.p.i.AbstractProblemLoader Replaying proof empty_switch_array_out_of_bounds_catch.key.proof 
37867      DEBUG main            d.u.i.k.p.i.IntermediateProofReplayer Proof replay took 26.48ms 
37869      DEBUG main            d.u.i.k.p.r.p.TestFile    ... success: reloaded. 
37870      INFO  main            d.u.i.k.p.r.p.TestFile    Now processing file /home/runner/work/key/key/key.core/../key.ui/examples/standard_key/java_dl/switch/switch_in_switch.key 
37870      INFO  main            d.u.i.k.p.i.AbstractProblemLoader Loading environment from /home/runner/work/key/key/key.core/../key.ui/examples/standard_key/java_dl/switch/switch_in_switch.key 
37870      DEBUG main            d.u.i.k.p.i.AbstractProblemLoader Environment load took 157.4ns 
37871      INFO  main            d.u.i.k.p.i.AbstractProblemLoader Creating init config 
40371      DEBUG main            d.u.i.k.p.i.AbstractProblemLoader Init config took 2.5s 
40413      INFO  main            d.u.i.k.p.i.AbstractProblemLoader Replaying proof SwitchInSwitch[SwitchInSwitch::m(int)].JML normal_behavior operation contract.0 
40415      DEBUG main            d.u.i.k.p.i.IntermediateProofReplayer Proof replay took 5.8ns 
44441      INFO  main            d.u.i.k.p.r.p.TestFile    ... finished proof: closed. 
44702      INFO  main            d.u.i.k.p.i.AbstractProblemLoader Loading environment from /home/runner/work/key/key/key.core/../key.ui/examples/standard_key/java_dl/switch/switch_in_switch.key.proof 
44704      DEBUG main            d.u.i.k.p.i.AbstractProblemLoader Environment load took 2.18ms 
44707      INFO  main            d.u.i.k.p.i.AbstractProblemLoader Creating init config 
47107      DEBUG main            d.u.i.k.p.i.AbstractProblemLoader Init config took 2.4s 
47147      INFO  main            d.u.i.k.p.i.AbstractProblemLoader Replaying proof SwitchInSwitch[SwitchInSwitch::m(int)].JML normal_behavior operation contract.0 
47495      DEBUG main            d.u.i.k.p.i.IntermediateProofReplayer Proof replay took 319.67ms 
47497      DEBUG main            d.u.i.k.p.r.p.TestFile    ... success: reloaded. 
47498      INFO  main            d.u.i.k.p.r.p.TestFile    Now processing file /home/runner/work/key/key/key.core/../key.ui/examples/standard_key/java_dl/switch/while_and_switch.key 
47498      INFO  main            d.u.i.k.p.i.AbstractProblemLoader Loading environment from /home/runner/work/key/key/key.core/../key.ui/examples/standard_key/java_dl/switch/while_and_switch.key 
47498      DEBUG main            d.u.i.k.p.i.AbstractProblemLoader Environment load took 164.7ns 
47499      INFO  main            d.u.i.k.p.i.AbstractProblemLoader Creating init config 
49929      DEBUG main            d.u.i.k.p.i.AbstractProblemLoader Init config took 2.43s 
49969      INFO  main            d.u.i.k.p.i.AbstractProblemLoader Replaying proof WhileAndSwitch[WhileAndSwitch::m(int)].JML normal_behavior operation contract.0 
49971      DEBUG main            d.u.i.k.p.i.IntermediateProofReplayer Proof replay took 12.2ns 
50676      INFO  main            d.u.i.k.p.r.p.TestFile    ... finished proof: closed. 
50854      INFO  main            d.u.i.k.p.i.AbstractProblemLoader Loading environment from /home/runner/work/key/key/key.core/../key.ui/examples/standard_key/java_dl/switch/while_and_switch.key.proof 
50855      DEBUG main            d.u.i.k.p.i.AbstractProblemLoader Environment load took 476.89ns 
50856      INFO  main            d.u.i.k.p.i.AbstractProblemLoader Creating init config 
53335      DEBUG main            d.u.i.k.p.i.AbstractProblemLoader Init config took 2.48s 
53373      INFO  main            d.u.i.k.p.i.AbstractProblemLoader Replaying proof WhileAndSwitch[WhileAndSwitch::m(int)].JML normal_behavior operation contract.0 
53466      DEBUG main            d.u.i.k.p.i.IntermediateProofReplayer Proof replay took 86.15ms 
53467      DEBUG main            d.u.i.k.p.r.p.TestFile    ... success: reloaded. 
53468      INFO  main            d.u.i.k.p.r.p.TestFile    Now processing file /home/runner/work/key/key/key.core/../key.ui/examples/standard_key/java_dl/switch/large_switch.key 
53468      INFO  main            d.u.i.k.p.i.AbstractProblemLoader Loading environment from /home/runner/work/key/key/key.core/../key.ui/examples/standard_key/java_dl/switch/large_switch.key 
53468      DEBUG main            d.u.i.k.p.i.AbstractProblemLoader Environment load took 182.6ns 
53469      INFO  main            d.u.i.k.p.i.AbstractProblemLoader Creating init config 
55897      DEBUG main            d.u.i.k.p.i.AbstractProblemLoader Init config took 2.43s 
55932      INFO  main            d.u.i.k.p.i.AbstractProblemLoader Replaying proof LargeSwitch[LargeSwitch::m(int)].JML normal_behavior operation contract.0 
55934      DEBUG main            d.u.i.k.p.i.IntermediateProofReplayer Proof replay took 5.4ns 
57145      INFO  main            d.u.i.k.p.r.p.TestFile    ... finished proof: closed. 
57332      INFO  main            d.u.i.k.p.i.AbstractProblemLoader Loading environment from /home/runner/work/key/key/key.core/../key.ui/examples/standard_key/java_dl/switch/large_switch.key.proof 
57332      DEBUG main            d.u.i.k.p.i.AbstractProblemLoader Environment load took 375.79ns 
57333      INFO  main            d.u.i.k.p.i.AbstractProblemLoader Creating init config 
59768      DEBUG main            d.u.i.k.p.i.AbstractProblemLoader Init config took 2.43s 
59803      INFO  main            d.u.i.k.p.i.AbstractProblemLoader Replaying proof LargeSwitch[LargeSwitch::m(int)].JML normal_behavior operation contract.0 
60065      DEBUG main            d.u.i.k.p.i.IntermediateProofReplayer Proof replay took 246.21ms 
60067      DEBUG main            d.u.i.k.p.r.p.TestFile    ... success: reloaded. 
4954393    INFO  Test worker     d.u.i.k.p.r.RunAllProofsTestUnit Returning from test switch 
4954394    INFO  Test worker     d.u.i.k.p.r.RunAllProofsTestUnit Running test redux 
323        INFO  Timeout watchdog d.u.i.k.p.r.p.ForkedTestFileRunner Timeout watcher launched (2000 secs.) 
336        WARN  main            d.u.i.k.s.ProofSettings   The settings in /home/runner/.key/proof-settings.props are *not* read. 
367        INFO  main            d.u.i.k.p.r.p.TestFile    Now processing file /home/runner/work/key/key/key.core/../key.ui/examples/redux/arrays/Arrays.copyOf.key 
468        INFO  main            d.u.i.k.p.i.AbstractProblemLoader Loading environment from /home/runner/work/key/key/key.core/../key.ui/examples/redux/arrays/Arrays.copyOf.key 
493        DEBUG main            d.u.i.k.p.i.AbstractProblemLoader Environment load took 1.78ms 
702        INFO  main            d.u.i.k.p.i.AbstractProblemLoader Creating init config 
1737       DEBUG main            d.u.i.k.j.TypeConverter   No LDT found for Meta 
1737       DEBUG main            d.u.i.k.j.TypeConverter   No LDT found for Meta 
1741       DEBUG main            d.u.i.k.j.TypeConverter   No LDT found for Meta 
1741       DEBUG main            d.u.i.k.j.TypeConverter   No LDT found for Meta 
3030       DEBUG main            d.u.i.k.j.TypeConverter   No LDT found for JavaBigintExpression 
8357       DEBUG main            d.u.i.k.p.i.AbstractProblemLoader Init config took 7.65s 
8491       INFO  main            d.u.i.k.p.i.AbstractProblemLoader Replaying proof Arrays[Arrays::copyOf([I,int)].JML normal_behavior operation contract.0 
8520       DEBUG main            d.u.i.k.p.i.IntermediateProofReplayer Proof replay took 30ns 
13519      INFO  main            d.u.i.k.p.r.p.TestFile    ... finished proof: closed. 
13690      INFO  main            d.u.i.k.p.i.AbstractProblemLoader Loading environment from /home/runner/work/key/key/key.core/../key.ui/examples/redux/arrays/Arrays.copyOf.key.proof 
13691      DEBUG main            d.u.i.k.p.i.AbstractProblemLoader Environment load took 373.59ns 
13693      INFO  main            d.u.i.k.p.i.AbstractProblemLoader Creating init config 
16972      DEBUG main            d.u.i.k.p.i.AbstractProblemLoader Init config took 3.28s 
17030      INFO  main            d.u.i.k.p.i.AbstractProblemLoader Replaying proof Arrays[Arrays::copyOf([I,int)].JML normal_behavior operation contract.0 
17427      DEBUG main            d.u.i.k.p.i.IntermediateProofReplayer Proof replay took 377.38ms 
17435      DEBUG main            d.u.i.k.p.r.p.TestFile    ... success: reloaded. 
17436      INFO  main            d.u.i.k.p.r.p.TestFile    Now processing file /home/runner/work/key/key/key.core/../key.ui/examples/redux/arrays/Arrays.copyOf.float.key 
17436      INFO  main            d.u.i.k.p.i.AbstractProblemLoader Loading environment from /home/runner/work/key/key/key.core/../key.ui/examples/redux/arrays/Arrays.copyOf.float.key 
17437      DEBUG main            d.u.i.k.p.i.AbstractProblemLoader Environment load took 263.6ns 
17438      INFO  main            d.u.i.k.p.i.AbstractProblemLoader Creating init config 
20541      DEBUG main            d.u.i.k.p.i.AbstractProblemLoader Init config took 3.1s 
20596      INFO  main            d.u.i.k.p.i.AbstractProblemLoader Replaying proof Arrays[Arrays::copyOf([F,int)].JML normal_behavior operation contract.0 
20598      DEBUG main            d.u.i.k.p.i.IntermediateProofReplayer Proof replay took 4.6ns 
20621      DEBUG main            d.u.i.k.m.s.ProofScriptEngine 1: 'macro autopilot' 
24941      DEBUG main            d.u.i.k.m.s.ProofScriptEngine 2: 'smt solver=Z3' 
25023      INFO  main            d.u.i.k.m.s.SMTCommand    Finished run on goal 17 in 56ms, result is valid 
25023      DEBUG main            d.u.i.k.m.s.ProofScriptEngine 3: 'tryclose' 
26567      INFO  main            d.u.i.k.p.r.p.TestFile    ... finished proof: closed. 
26739      INFO  main            d.u.i.k.p.i.AbstractProblemLoader Loading environment from /home/runner/work/key/key/key.core/../key.ui/examples/redux/arrays/Arrays.copyOf.float.key.proof 
26740      DEBUG main            d.u.i.k.p.i.AbstractProblemLoader Environment load took 336.8ns 
26743      INFO  main            d.u.i.k.p.i.AbstractProblemLoader Creating init config 
29750      DEBUG main            d.u.i.k.p.i.AbstractProblemLoader Init config took 3.01s 
29809      INFO  main            d.u.i.k.p.i.AbstractProblemLoader Replaying proof Arrays[Arrays::copyOf([F,int)].JML normal_behavior operation contract.0 
29912      INFO  main            d.u.i.k.s.SMTFocusResults Analyzing unsat core: (L_6) 
30386      DEBUG main            d.u.i.k.p.i.IntermediateProofReplayer Proof replay took 547.62ms 
30387      DEBUG main            d.u.i.k.p.r.p.TestFile    ... success: reloaded. 
30388      INFO  main            d.u.i.k.p.r.p.TestFile    Now processing file /home/runner/work/key/key/key.core/../key.ui/examples/redux/arrays/Arrays.copyOfRange.key 
30389      INFO  main            d.u.i.k.p.i.AbstractProblemLoader Loading environment from /home/runner/work/key/key/key.core/../key.ui/examples/redux/arrays/Arrays.copyOfRange.key 
30389      DEBUG main            d.u.i.k.p.i.AbstractProblemLoader Environment load took 172.3ns 
30390      INFO  main            d.u.i.k.p.i.AbstractProblemLoader Creating init config 
33455      DEBUG main            d.u.i.k.p.i.AbstractProblemLoader Init config took 3.06s 
33498      INFO  main            d.u.i.k.p.i.AbstractProblemLoader Replaying proof Arrays[Arrays::copyOfRange([I,int,int)].JML normal_behavior operation contract.0 
33499      DEBUG main            d.u.i.k.p.i.IntermediateProofReplayer Proof replay took 3.9ns 
37650      INFO  main            d.u.i.k.p.r.p.TestFile    ... finished proof: closed. 
37870      INFO  main            d.u.i.k.p.i.AbstractProblemLoader Loading environment from /home/runner/work/key/key/key.core/../key.ui/examples/redux/arrays/Arrays.copyOfRange.key.proof 
37870      DEBUG main            d.u.i.k.p.i.AbstractProblemLoader Environment load took 169.1ns 
37874      INFO  main            d.u.i.k.p.i.AbstractProblemLoader Creating init config 
40773      DEBUG main            d.u.i.k.p.i.AbstractProblemLoader Init config took 2.9s 
40840      INFO  main            d.u.i.k.p.i.AbstractProblemLoader Replaying proof Arrays[Arrays::copyOfRange([I,int,int)].JML normal_behavior operation contract.0 
41193      DEBUG main            d.u.i.k.p.i.IntermediateProofReplayer Proof replay took 329.43ms 
41195      DEBUG main            d.u.i.k.p.r.p.TestFile    ... success: reloaded. 
41195      INFO  main            d.u.i.k.p.r.p.TestFile    Now processing file /home/runner/work/key/key/key.core/../key.ui/examples/redux/arrays/Arrays.copyOfRange.float.key 
41196      INFO  main            d.u.i.k.p.i.AbstractProblemLoader Loading environment from /home/runner/work/key/key/key.core/../key.ui/examples/redux/arrays/Arrays.copyOfRange.float.key 
41196      DEBUG main            d.u.i.k.p.i.AbstractProblemLoader Environment load took 166.9ns 
41197      INFO  main            d.u.i.k.p.i.AbstractProblemLoader Creating init config 
44200      DEBUG main            d.u.i.k.p.i.AbstractProblemLoader Init config took 3s 
44242      INFO  main            d.u.i.k.p.i.AbstractProblemLoader Replaying proof Arrays[Arrays::copyOfRange([F,int,int)].JML normal_behavior operation contract.0 
44243      DEBUG main            d.u.i.k.p.i.IntermediateProofReplayer Proof replay took 4.9ns 
44244      DEBUG main            d.u.i.k.m.s.ProofScriptEngine 1: 'macro autopilot' 
49680      DEBUG main            d.u.i.k.m.s.ProofScriptEngine 2: 'smt solver=Z3' 
49725      INFO  main            d.u.i.k.m.s.SMTCommand    Finished run on goal 27 in 42ms, result is valid 
49725      DEBUG main            d.u.i.k.m.s.ProofScriptEngine 3: 'tryclose' 
52729      INFO  main            d.u.i.k.p.r.p.TestFile    ... finished proof: closed. 
52913      INFO  main            d.u.i.k.p.i.AbstractProblemLoader Loading environment from /home/runner/work/key/key/key.core/../key.ui/examples/redux/arrays/Arrays.copyOfRange.float.key.proof 
52914      DEBUG main            d.u.i.k.p.i.AbstractProblemLoader Environment load took 314ns 
52916      INFO  main            d.u.i.k.p.i.AbstractProblemLoader Creating init config 
55849      DEBUG main            d.u.i.k.p.i.AbstractProblemLoader Init config took 2.93s 
55891      INFO  main            d.u.i.k.p.i.AbstractProblemLoader Replaying proof Arrays[Arrays::copyOfRange([F,int,int)].JML normal_behavior operation contract.0 
55960      INFO  main            d.u.i.k.s.SMTFocusResults Analyzing unsat core: (L_8) 
56565      DEBUG main            d.u.i.k.p.i.IntermediateProofReplayer Proof replay took 648.99ms 
56566      DEBUG main            d.u.i.k.p.r.p.TestFile    ... success: reloaded. 
56567      INFO  main            d.u.i.k.p.r.p.TestFile    Now processing file /home/runner/work/key/key/key.core/../key.ui/examples/redux/arrays/Arrays.equals.key 
56568      INFO  main            d.u.i.k.p.i.AbstractProblemLoader Loading environment from /home/runner/work/key/key/key.core/../key.ui/examples/redux/arrays/Arrays.equals.key 
56568      DEBUG main            d.u.i.k.p.i.AbstractProblemLoader Environment load took 157.9ns 
56569      INFO  main            d.u.i.k.p.i.AbstractProblemLoader Creating init config 
59579      DEBUG main            d.u.i.k.p.i.AbstractProblemLoader Init config took 3.01s 
59629      INFO  main            d.u.i.k.p.i.AbstractProblemLoader Replaying proof Arrays[Arrays::equals([B,[B)].JML normal_behavior operation contract.0 
59631      DEBUG main            d.u.i.k.p.i.IntermediateProofReplayer Proof replay took 5.4ns 
60133      INFO  main            d.u.i.k.p.r.p.TestFile    ... finished proof: closed. 
60369      INFO  main            d.u.i.k.p.i.AbstractProblemLoader Loading environment from /home/runner/work/key/key/key.core/../key.ui/examples/redux/arrays/Arrays.equals.key.proof 
60369      DEBUG main            d.u.i.k.p.i.AbstractProblemLoader Environment load took 115.6ns 
60370      INFO  main            d.u.i.k.p.i.AbstractProblemLoader Creating init config 
63276      DEBUG main            d.u.i.k.p.i.AbstractProblemLoader Init config took 2.91s 
63318      INFO  main            d.u.i.k.p.i.AbstractProblemLoader Replaying proof Arrays[Arrays::equals([B,[B)].JML normal_behavior operation contract.0 
63433      DEBUG main            d.u.i.k.p.i.IntermediateProofReplayer Proof replay took 111.46ms 
63434      DEBUG main            d.u.i.k.p.r.p.TestFile    ... success: reloaded. 
63435      INFO  main            d.u.i.k.p.r.p.TestFile    Now processing file /home/runner/work/key/key/key.core/../key.ui/examples/redux/arrays/Arrays.fill.key 
63435      INFO  main            d.u.i.k.p.i.AbstractProblemLoader Loading environment from /home/runner/work/key/key/key.core/../key.ui/examples/redux/arrays/Arrays.fill.key 
63435      DEBUG main            d.u.i.k.p.i.AbstractProblemLoader Environment load took 86.6ns 
63436      INFO  main            d.u.i.k.p.i.AbstractProblemLoader Creating init config 
66363      DEBUG main            d.u.i.k.p.i.AbstractProblemLoader Init config took 2.93s 
66402      INFO  main            d.u.i.k.p.i.AbstractProblemLoader Replaying proof Arrays[Arrays::fill([I,int)].JML normal_behavior operation contract.0 
66403      DEBUG main            d.u.i.k.p.i.IntermediateProofReplayer Proof replay took 5.4ns 
66508      INFO  main            d.u.i.k.p.r.p.TestFile    ... finished proof: closed. 
66672      INFO  main            d.u.i.k.p.i.AbstractProblemLoader Loading environment from /home/runner/work/key/key/key.core/../key.ui/examples/redux/arrays/Arrays.fill.key.proof 
66672      DEBUG main            d.u.i.k.p.i.AbstractProblemLoader Environment load took 109.9ns 
66673      INFO  main            d.u.i.k.p.i.AbstractProblemLoader Creating init config 
69557      DEBUG main            d.u.i.k.p.i.AbstractProblemLoader Init config took 2.88s 
69594      INFO  main            d.u.i.k.p.i.AbstractProblemLoader Replaying proof Arrays[Arrays::fill([I,int)].JML normal_behavior operation contract.0 
69616      DEBUG main            d.u.i.k.p.i.IntermediateProofReplayer Proof replay took 20.5ms 
69617      DEBUG main            d.u.i.k.p.r.p.TestFile    ... success: reloaded. 
69618      INFO  main            d.u.i.k.p.r.p.TestFile    Now processing file /home/runner/work/key/key/key.core/../key.ui/examples/redux/arrays/Arrays.fill.float.key 
69618      INFO  main            d.u.i.k.p.i.AbstractProblemLoader Loading environment from /home/runner/work/key/key/key.core/../key.ui/examples/redux/arrays/Arrays.fill.float.key 
69618      DEBUG main            d.u.i.k.p.i.AbstractProblemLoader Environment load took 89.4ns 
69619      INFO  main            d.u.i.k.p.i.AbstractProblemLoader Creating init config 
72545      DEBUG main            d.u.i.k.p.i.AbstractProblemLoader Init config took 2.93s 
72586      INFO  main            d.u.i.k.p.i.AbstractProblemLoader Replaying proof Arrays[Arrays::fill([F,float)].JML normal_behavior operation contract.0 
72587      DEBUG main            d.u.i.k.p.i.IntermediateProofReplayer Proof replay took 5.1ns 
72792      INFO  main            d.u.i.k.p.r.p.TestFile    ... finished proof: closed. 
72964      INFO  main            d.u.i.k.p.i.AbstractProblemLoader Loading environment from /home/runner/work/key/key/key.core/../key.ui/examples/redux/arrays/Arrays.fill.float.key.proof 
72964      DEBUG main            d.u.i.k.p.i.AbstractProblemLoader Environment load took 109.1ns 
72965      INFO  main            d.u.i.k.p.i.AbstractProblemLoader Creating init config 
75878      DEBUG main            d.u.i.k.p.i.AbstractProblemLoader Init config took 2.91s 
75917      INFO  main            d.u.i.k.p.i.AbstractProblemLoader Replaying proof Arrays[Arrays::fill([F,float)].JML normal_behavior operation contract.0 
75964      DEBUG main            d.u.i.k.p.i.IntermediateProofReplayer Proof replay took 45.07ms 
75965      DEBUG main            d.u.i.k.p.r.p.TestFile    ... success: reloaded. 
75966      INFO  main            d.u.i.k.p.r.p.TestFile    Now processing file /home/runner/work/key/key/key.core/../key.ui/examples/redux/arrays/Arrays.fillFromTo.key 
75966      INFO  main            d.u.i.k.p.i.AbstractProblemLoader Loading environment from /home/runner/work/key/key/key.core/../key.ui/examples/redux/arrays/Arrays.fillFromTo.key 
75966      DEBUG main            d.u.i.k.p.i.AbstractProblemLoader Environment load took 53.3ns 
75967      INFO  main            d.u.i.k.p.i.AbstractProblemLoader Creating init config 
78871      DEBUG main            d.u.i.k.p.i.AbstractProblemLoader Init config took 2.9s 
78906      INFO  main            d.u.i.k.p.i.AbstractProblemLoader Replaying proof Arrays[Arrays::fill([I,int,int,int)].JML normal_behavior operation contract.0 
78907      DEBUG main            d.u.i.k.p.i.IntermediateProofReplayer Proof replay took 5.3ns 
79413      INFO  main            d.u.i.k.p.r.p.TestFile    ... finished proof: closed. 
79618      INFO  main            d.u.i.k.p.i.AbstractProblemLoader Loading environment from /home/runner/work/key/key/key.core/../key.ui/examples/redux/arrays/Arrays.fillFromTo.key.proof 
79618      DEBUG main            d.u.i.k.p.i.AbstractProblemLoader Environment load took 129.9ns 
79619      INFO  main            d.u.i.k.p.i.AbstractProblemLoader Creating init config 
82489      DEBUG main            d.u.i.k.p.i.AbstractProblemLoader Init config took 2.87s 
82524      INFO  main            d.u.i.k.p.i.AbstractProblemLoader Replaying proof Arrays[Arrays::fill([I,int,int,int)].JML normal_behavior operation contract.0 
82597      DEBUG main            d.u.i.k.p.i.IntermediateProofReplayer Proof replay took 69.85ms 
82598      DEBUG main            d.u.i.k.p.r.p.TestFile    ... success: reloaded. 
82599      INFO  main            d.u.i.k.p.r.p.TestFile    Now processing file /home/runner/work/key/key/key.core/../key.ui/examples/redux/arrays/Arrays.fillFromTo.float.key 
82599      INFO  main            d.u.i.k.p.i.AbstractProblemLoader Loading environment from /home/runner/work/key/key/key.core/../key.ui/examples/redux/arrays/Arrays.fillFromTo.float.key 
82600      DEBUG main            d.u.i.k.p.i.AbstractProblemLoader Environment load took 152.1ns 
82600      INFO  main            d.u.i.k.p.i.AbstractProblemLoader Creating init config 
85509      DEBUG main            d.u.i.k.p.i.AbstractProblemLoader Init config took 2.91s 
85544      INFO  main            d.u.i.k.p.i.AbstractProblemLoader Replaying proof Arrays[Arrays::fill([F,int,int,float)].JML normal_behavior operation contract.0 
85545      DEBUG main            d.u.i.k.p.i.IntermediateProofReplayer Proof replay took 5ns 
86150      INFO  main            d.u.i.k.p.r.p.TestFile    ... finished proof: closed. 
86363      INFO  main            d.u.i.k.p.i.AbstractProblemLoader Loading environment from /home/runner/work/key/key/key.core/../key.ui/examples/redux/arrays/Arrays.fillFromTo.float.key.proof 
86364      DEBUG main            d.u.i.k.p.i.AbstractProblemLoader Environment load took 308ns 
86365      INFO  main            d.u.i.k.p.i.AbstractProblemLoader Creating init config 
89237      DEBUG main            d.u.i.k.p.i.AbstractProblemLoader Init config took 2.87s 
89271      INFO  main            d.u.i.k.p.i.AbstractProblemLoader Replaying proof Arrays[Arrays::fill([F,int,int,float)].JML normal_behavior operation contract.0 
89374      DEBUG main            d.u.i.k.p.i.IntermediateProofReplayer Proof replay took 96.63ms 
89376      DEBUG main            d.u.i.k.p.r.p.TestFile    ... success: reloaded. 
89377      INFO  main            d.u.i.k.p.r.p.TestFile    Now processing file /home/runner/work/key/key/key.core/../key.ui/examples/redux/arrays/ArrayCopy.arraycopy.normal.0.key 
89377      INFO  main            d.u.i.k.p.i.AbstractProblemLoader Loading environment from /home/runner/work/key/key/key.core/../key.ui/examples/redux/arrays/ArrayCopy.arraycopy.normal.0.key 
89377      DEBUG main            d.u.i.k.p.i.AbstractProblemLoader Environment load took 152.7ns 
89378      INFO  main            d.u.i.k.p.i.AbstractProblemLoader Creating init config 
92254      DEBUG main            d.u.i.k.p.i.AbstractProblemLoader Init config took 2.88s 
92287      INFO  main            d.u.i.k.p.i.AbstractProblemLoader Replaying proof ArrayCopy[ArrayCopy::arraycopy(java.lang.Object,int,java.lang.Object,int,int)].JML normal_behavior operation contract.0 
92288      DEBUG main            d.u.i.k.p.i.IntermediateProofReplayer Proof replay took 4.7ns 
97838      INFO  main            d.u.i.k.p.r.p.TestFile    ... finished proof: closed. 
98040      INFO  main            d.u.i.k.p.i.AbstractProblemLoader Loading environment from /home/runner/work/key/key/key.core/../key.ui/examples/redux/arrays/ArrayCopy.arraycopy.normal.0.key.proof 
98040      DEBUG main            d.u.i.k.p.i.AbstractProblemLoader Environment load took 310.4ns 
98042      INFO  main            d.u.i.k.p.i.AbstractProblemLoader Creating init config 
100863     DEBUG main            d.u.i.k.p.i.AbstractProblemLoader Init config took 2.82s 
100897     INFO  main            d.u.i.k.p.i.AbstractProblemLoader Replaying proof ArrayCopy[ArrayCopy::arraycopy(java.lang.Object,int,java.lang.Object,int,int)].JML normal_behavior operation contract.0 
101478     DEBUG main            d.u.i.k.p.i.IntermediateProofReplayer Proof replay took 564.48ms 
101480     DEBUG main            d.u.i.k.p.r.p.TestFile    ... success: reloaded. 
101480     INFO  main            d.u.i.k.p.r.p.TestFile    Now processing file /home/runner/work/key/key/key.core/../key.ui/examples/redux/arrays/ArrayCopy.arraycopy.exceptional.0.key 
101481     INFO  main            d.u.i.k.p.i.AbstractProblemLoader Loading environment from /home/runner/work/key/key/key.core/../key.ui/examples/redux/arrays/ArrayCopy.arraycopy.exceptional.0.key 
101481     DEBUG main            d.u.i.k.p.i.AbstractProblemLoader Environment load took 82.7ns 
101481     INFO  main            d.u.i.k.p.i.AbstractProblemLoader Creating init config 
104410     DEBUG main            d.u.i.k.p.i.AbstractProblemLoader Init config took 2.93s 
104443     INFO  main            d.u.i.k.p.i.AbstractProblemLoader Replaying proof ArrayCopy[ArrayCopy::arraycopy(java.lang.Object,int,java.lang.Object,int,int)].JML exceptional_behavior operation contract.0 
104444     DEBUG main            d.u.i.k.p.i.IntermediateProofReplayer Proof replay took 4.8ns 
104848     INFO  main            d.u.i.k.p.r.p.TestFile    ... finished proof: closed. 
105058     INFO  main            d.u.i.k.p.i.AbstractProblemLoader Loading environment from /home/runner/work/key/key/key.core/../key.ui/examples/redux/arrays/ArrayCopy.arraycopy.exceptional.0.key.proof 
105058     DEBUG main            d.u.i.k.p.i.AbstractProblemLoader Environment load took 104.5ns 
105059     INFO  main            d.u.i.k.p.i.AbstractProblemLoader Creating init config 
107920     DEBUG main            d.u.i.k.p.i.AbstractProblemLoader Init config took 2.86s 
107954     INFO  main            d.u.i.k.p.i.AbstractProblemLoader Replaying proof ArrayCopy[ArrayCopy::arraycopy(java.lang.Object,int,java.lang.Object,int,int)].JML exceptional_behavior operation contract.0 
108046     DEBUG main            d.u.i.k.p.i.IntermediateProofReplayer Proof replay took 89.98ms 
108047     DEBUG main            d.u.i.k.p.r.p.TestFile    ... success: reloaded. 
108048     INFO  main            d.u.i.k.p.r.p.TestFile    Now processing file /home/runner/work/key/key/key.core/../key.ui/examples/redux/arrays/ArrayCopy.arraycopy.exceptional.1.key 
108048     INFO  main            d.u.i.k.p.i.AbstractProblemLoader Loading environment from /home/runner/work/key/key/key.core/../key.ui/examples/redux/arrays/ArrayCopy.arraycopy.exceptional.1.key 
108048     DEBUG main            d.u.i.k.p.i.AbstractProblemLoader Environment load took 220.4ns 
108049     INFO  main            d.u.i.k.p.i.AbstractProblemLoader Creating init config 
110900     DEBUG main            d.u.i.k.p.i.AbstractProblemLoader Init config took 2.85s 
110933     INFO  main            d.u.i.k.p.i.AbstractProblemLoader Replaying proof ArrayCopy[ArrayCopy::arraycopy(java.lang.Object,int,java.lang.Object,int,int)].JML exceptional_behavior operation contract.1 
110934     DEBUG main            d.u.i.k.p.i.IntermediateProofReplayer Proof replay took 4.8ns 
116470     INFO  main            d.u.i.k.p.r.p.TestFile    ... finished proof: closed. 
116693     INFO  main            d.u.i.k.p.i.AbstractProblemLoader Loading environment from /home/runner/work/key/key/key.core/../key.ui/examples/redux/arrays/ArrayCopy.arraycopy.exceptional.1.key.proof 
116693     DEBUG main            d.u.i.k.p.i.AbstractProblemLoader Environment load took 311.7ns 
116698     INFO  main            d.u.i.k.p.i.AbstractProblemLoader Creating init config 
119537     DEBUG main            d.u.i.k.p.i.AbstractProblemLoader Init config took 2.84s 
119570     INFO  main            d.u.i.k.p.i.AbstractProblemLoader Replaying proof ArrayCopy[ArrayCopy::arraycopy(java.lang.Object,int,java.lang.Object,int,int)].JML exceptional_behavior operation contract.1 
120688     DEBUG main            d.u.i.k.p.i.IntermediateProofReplayer Proof replay took 1.1s 
120690     DEBUG main            d.u.i.k.p.r.p.TestFile    ... success: reloaded. 
5075241    INFO  Test worker     d.u.i.k.p.r.RunAllProofsTestUnit Returning from test redux 
]]></system-out>
  <system-err><![CDATA[]]></system-err>
</testsuite>
