<?xml version="1.0" encoding="UTF-8"?>
<testsuite name="de.uka.ilkd.key.proof.TestProofTree" tests="1" skipped="0" failures="0" errors="0" timestamp="2023-01-30T17:49:52" hostname="fv-az502-81" time="0.014">
  <properties/>
  <testcase name="testLeaves()" classname="de.uka.ilkd.key.proof.TestProofTree" time="0.014"/>
  <system-out><![CDATA[]]></system-out>
  <system-err><![CDATA[]]></system-err>
</testsuite>
