<?xml version="1.0" encoding="UTF-8"?>
<testsuite name="de.uka.ilkd.key.smt.communication.BufferedMessageReaderTest" tests="5" skipped="0" failures="0" errors="0" timestamp="2023-06-15T13:47:53" hostname="fv-az365-92" time="0.004">
  <properties/>
  <testcase name="testEmptyStart()" classname="de.uka.ilkd.key.smt.communication.BufferedMessageReaderTest" time="0.003"/>
  <testcase name="testDrain()" classname="de.uka.ilkd.key.smt.communication.BufferedMessageReaderTest" time="0.0"/>
  <testcase name="testXY()" classname="de.uka.ilkd.key.smt.communication.BufferedMessageReaderTest" time="0.0"/>
  <testcase name="testSplitting()" classname="de.uka.ilkd.key.smt.communication.BufferedMessageReaderTest" time="0.0"/>
  <testcase name="testNewline()" classname="de.uka.ilkd.key.smt.communication.BufferedMessageReaderTest" time="0.001"/>
  <system-out><![CDATA[]]></system-out>
  <system-err><![CDATA[]]></system-err>
</testsuite>
