<?xml version="1.0" encoding="UTF-8"?>
<testsuite name="de.uka.ilkd.key.proof.TestOneStepSimplifier" tests="1" skipped="0" failures="0" errors="0" timestamp="2023-06-15T13:45:19" hostname="fv-az365-92" time="5.577">
  <properties/>
  <testcase name="loadWithRestriction()" classname="de.uka.ilkd.key.proof.TestOneStepSimplifier" time="5.577"/>
  <system-out><![CDATA[626229     INFO  Test worker     d.u.i.k.p.i.AbstractProblemLoader Loading environment from src\test\resources\testcase\ossRestriction.proof 
626229     DEBUG Test worker     d.u.i.k.p.i.AbstractProblemLoader Environment load took 201.9ns 
626229     INFO  Test worker     d.u.i.k.p.i.AbstractProblemLoader Creating init config 
626417     DEBUG Test worker     d.u.i.k.j.TypeConverter   No LDT found for Meta 
626417     DEBUG Test worker     d.u.i.k.j.TypeConverter   No LDT found for Meta 
626417     DEBUG Test worker     d.u.i.k.j.TypeConverter   No LDT found for Meta 
626417     DEBUG Test worker     d.u.i.k.j.TypeConverter   No LDT found for Meta 
627152     DEBUG Test worker     d.u.i.k.j.TypeConverter   No LDT found for JavaBigintExpression 
631770     DEBUG Test worker     d.u.i.k.p.i.AbstractProblemLoader Init config took 5.54s 
631801     INFO  Test worker     d.u.i.k.p.i.AbstractProblemLoader Replaying proof ossRestriction.proof 
631801     DEBUG Test worker     d.u.i.k.p.i.IntermediateProofReplayer Proof replay took 1.14ms 
]]></system-out>
  <system-err><![CDATA[]]></system-err>
</testsuite>
