<?xml version="1.0" encoding="UTF-8"?>
<testsuite name="de.uka.ilkd.key.logic.TestTermLabelManager" tests="21" skipped="0" failures="0" errors="0" timestamp="2023-06-15T13:37:34" hostname="fv-az365-92" time="83.862">
  <properties/>
  <testcase name="testInstantiateLabels_directChildPolicies_allRules()" classname="de.uka.ilkd.key.logic.TestTermLabelManager" time="5.967"/>
  <testcase name="testInstantiateLabels_childAndGrandchildPolicies_ruleSpecific()" classname="de.uka.ilkd.key.logic.TestTermLabelManager" time="4.323"/>
  <testcase name="testParseLabel()" classname="de.uka.ilkd.key.logic.TestTermLabelManager" time="4.337"/>
  <testcase name="testrefactorGoal_childrenAndGrandchildren_ruleSpecific()" classname="de.uka.ilkd.key.logic.TestTermLabelManager" time="4.354"/>
  <testcase name="testrefactorGoal_directChildren_allRules()" classname="de.uka.ilkd.key.logic.TestTermLabelManager" time="4.334"/>
  <testcase name="testInstantiateLabels_childAndGrandchildPolicies_allRules()" classname="de.uka.ilkd.key.logic.TestTermLabelManager" time="4.301"/>
  <testcase name="testInstantiateLabels_taclet()" classname="de.uka.ilkd.key.logic.TestTermLabelManager" time="4.297"/>
  <testcase name="testrefactorGoal_none_ruleSpecific()" classname="de.uka.ilkd.key.logic.TestTermLabelManager" time="4.339"/>
  <testcase name="testInstantiateLabels_updates_ruleSpecific()" classname="de.uka.ilkd.key.logic.TestTermLabelManager" time="4.292"/>
  <testcase name="testrefactorGoal_sequent_ruleSpecific()" classname="de.uka.ilkd.key.logic.TestTermLabelManager" time="4.308"/>
  <testcase name="testInstantiateLabels_updates_allRules()" classname="de.uka.ilkd.key.logic.TestTermLabelManager" time="4.334"/>
  <testcase name="testrefactorGoal_sequent_allRules()" classname="de.uka.ilkd.key.logic.TestTermLabelManager" time="4.313"/>
  <testcase name="testrefactorGoal_childrenAndGrandchildren_allRules()" classname="de.uka.ilkd.key.logic.TestTermLabelManager" time="4.345"/>
  <testcase name="testGetTermLabelManager()" classname="de.uka.ilkd.key.logic.TestTermLabelManager" time="0.004"/>
  <testcase name="testInstantiateLabels_applicationTermPolicies()" classname="de.uka.ilkd.key.logic.TestTermLabelManager" time="4.302"/>
  <testcase name="testInstantiateLabels_modalityTermPolicies()" classname="de.uka.ilkd.key.logic.TestTermLabelManager" time="4.336"/>
  <testcase name="testrefactorGoal_none_allRules()" classname="de.uka.ilkd.key.logic.TestTermLabelManager" time="4.325"/>
  <testcase name="testInstantiateLabels_null()" classname="de.uka.ilkd.key.logic.TestTermLabelManager" time="0.001"/>
  <testcase name="testrefactorGoal_directChildren_ruleSpecific()" classname="de.uka.ilkd.key.logic.TestTermLabelManager" time="4.387"/>
  <testcase name="testInstantiateLabels_directChildPolicies_ruleSpecific()" classname="de.uka.ilkd.key.logic.TestTermLabelManager" time="4.331"/>
  <testcase name="testGetSupportedTermLabelNames()" classname="de.uka.ilkd.key.logic.TestTermLabelManager" time="4.322"/>
  <system-out><![CDATA[161865     INFO  Test worker     d.u.i.k.p.i.AbstractProblemLoader Loading environment from src\test\resources\testcase\termLabels\flatSteps\FlatSteps.java 
161865     DEBUG Test worker     d.u.i.k.p.i.AbstractProblemLoader Environment load took 267.7ns 
161865     INFO  Test worker     d.u.i.k.p.i.AbstractProblemLoader Creating init config 
162082     DEBUG Test worker     d.u.i.k.j.TypeConverter   No LDT found for Meta 
162082     DEBUG Test worker     d.u.i.k.j.TypeConverter   No LDT found for Meta 
162082     DEBUG Test worker     d.u.i.k.j.TypeConverter   No LDT found for Meta 
162082     DEBUG Test worker     d.u.i.k.j.TypeConverter   No LDT found for Meta 
163036     DEBUG Test worker     d.u.i.k.j.TypeConverter   No LDT found for JavaBigintExpression 
167800     DEBUG Test worker     d.u.i.k.p.i.AbstractProblemLoader Init config took 5.94s 
167815     INFO  Test worker     d.u.i.k.p.i.AbstractProblemLoader Loading environment from src\test\resources\testcase\termLabels\flatSteps\FlatSteps.java 
167815     DEBUG Test worker     d.u.i.k.p.i.AbstractProblemLoader Environment load took 352.3ns 
167815     INFO  Test worker     d.u.i.k.p.i.AbstractProblemLoader Creating init config 
172138     DEBUG Test worker     d.u.i.k.p.i.AbstractProblemLoader Init config took 4.32s 
172138     INFO  Test worker     d.u.i.k.p.i.AbstractProblemLoader Loading environment from src\test\resources\testcase\termLabels\flatSteps\FlatSteps.java 
172138     DEBUG Test worker     d.u.i.k.p.i.AbstractProblemLoader Environment load took 260ns 
172138     INFO  Test worker     d.u.i.k.p.i.AbstractProblemLoader Creating init config 
176476     DEBUG Test worker     d.u.i.k.p.i.AbstractProblemLoader Init config took 4.33s 
176476     INFO  Test worker     d.u.i.k.p.i.AbstractProblemLoader Loading environment from src\test\resources\testcase\termLabels\flatSteps\FlatSteps.java 
176476     DEBUG Test worker     d.u.i.k.p.i.AbstractProblemLoader Environment load took 309.4ns 
176476     INFO  Test worker     d.u.i.k.p.i.AbstractProblemLoader Creating init config 
180814     DEBUG Test worker     d.u.i.k.p.i.AbstractProblemLoader Init config took 4.33s 
180830     INFO  Test worker     d.u.i.k.p.i.AbstractProblemLoader Loading environment from src\test\resources\testcase\termLabels\flatSteps\FlatSteps.java 
180830     DEBUG Test worker     d.u.i.k.p.i.AbstractProblemLoader Environment load took 221.2ns 
180830     INFO  Test worker     d.u.i.k.p.i.AbstractProblemLoader Creating init config 
185150     DEBUG Test worker     d.u.i.k.p.i.AbstractProblemLoader Init config took 4.31s 
185165     INFO  Test worker     d.u.i.k.p.i.AbstractProblemLoader Loading environment from src\test\resources\testcase\termLabels\flatSteps\FlatSteps.java 
185165     DEBUG Test worker     d.u.i.k.p.i.AbstractProblemLoader Environment load took 229.3ns 
185165     INFO  Test worker     d.u.i.k.p.i.AbstractProblemLoader Creating init config 
189451     DEBUG Test worker     d.u.i.k.p.i.AbstractProblemLoader Init config took 4.29s 
189467     INFO  Test worker     d.u.i.k.p.i.AbstractProblemLoader Loading environment from src\test\resources\testcase\termLabels\flatSteps\FlatSteps.java 
189467     DEBUG Test worker     d.u.i.k.p.i.AbstractProblemLoader Environment load took 214.4ns 
189467     INFO  Test worker     d.u.i.k.p.i.AbstractProblemLoader Creating init config 
193764     DEBUG Test worker     d.u.i.k.p.i.AbstractProblemLoader Init config took 4.29s 
193764     INFO  Test worker     d.u.i.k.p.i.AbstractProblemLoader Loading environment from src\test\resources\testcase\termLabels\flatSteps\FlatSteps.java 
193764     DEBUG Test worker     d.u.i.k.p.i.AbstractProblemLoader Environment load took 868.7ns 
193764     INFO  Test worker     d.u.i.k.p.i.AbstractProblemLoader Creating init config 
198104     DEBUG Test worker     d.u.i.k.p.i.AbstractProblemLoader Init config took 4.33s 
198104     INFO  Test worker     d.u.i.k.p.i.AbstractProblemLoader Loading environment from src\test\resources\testcase\termLabels\flatSteps\FlatSteps.java 
198104     DEBUG Test worker     d.u.i.k.p.i.AbstractProblemLoader Environment load took 537.4ns 
198120     INFO  Test worker     d.u.i.k.p.i.AbstractProblemLoader Creating init config 
202381     DEBUG Test worker     d.u.i.k.p.i.AbstractProblemLoader Init config took 4.27s 
202397     INFO  Test worker     d.u.i.k.p.i.AbstractProblemLoader Loading environment from src\test\resources\testcase\termLabels\flatSteps\FlatSteps.java 
202397     DEBUG Test worker     d.u.i.k.p.i.AbstractProblemLoader Environment load took 301.1ns 
202397     INFO  Test worker     d.u.i.k.p.i.AbstractProblemLoader Creating init config 
206690     DEBUG Test worker     d.u.i.k.p.i.AbstractProblemLoader Init config took 4.3s 
206706     INFO  Test worker     d.u.i.k.p.i.AbstractProblemLoader Loading environment from src\test\resources\testcase\termLabels\flatSteps\FlatSteps.java 
206706     DEBUG Test worker     d.u.i.k.p.i.AbstractProblemLoader Environment load took 237.1ns 
206706     INFO  Test worker     d.u.i.k.p.i.AbstractProblemLoader Creating init config 
211024     DEBUG Test worker     d.u.i.k.p.i.AbstractProblemLoader Init config took 4.32s 
211040     INFO  Test worker     d.u.i.k.p.i.AbstractProblemLoader Loading environment from src\test\resources\testcase\termLabels\flatSteps\FlatSteps.java 
211040     DEBUG Test worker     d.u.i.k.p.i.AbstractProblemLoader Environment load took 292.1ns 
211040     INFO  Test worker     d.u.i.k.p.i.AbstractProblemLoader Creating init config 
215338     DEBUG Test worker     d.u.i.k.p.i.AbstractProblemLoader Init config took 4.3s 
215353     INFO  Test worker     d.u.i.k.p.i.AbstractProblemLoader Loading environment from src\test\resources\testcase\termLabels\flatSteps\FlatSteps.java 
215353     DEBUG Test worker     d.u.i.k.p.i.AbstractProblemLoader Environment load took 233.1ns 
215353     INFO  Test worker     d.u.i.k.p.i.AbstractProblemLoader Creating init config 
219682     DEBUG Test worker     d.u.i.k.p.i.AbstractProblemLoader Init config took 4.33s 
219698     INFO  Test worker     d.u.i.k.p.i.AbstractProblemLoader Loading environment from src\test\resources\testcase\termLabels\flatSteps\FlatSteps.java 
219698     DEBUG Test worker     d.u.i.k.p.i.AbstractProblemLoader Environment load took 255.4ns 
219698     INFO  Test worker     d.u.i.k.p.i.AbstractProblemLoader Creating init config 
224005     DEBUG Test worker     d.u.i.k.p.i.AbstractProblemLoader Init config took 4.3s 
224005     INFO  Test worker     d.u.i.k.p.i.AbstractProblemLoader Loading environment from src\test\resources\testcase\termLabels\flatSteps\FlatSteps.java 
224005     DEBUG Test worker     d.u.i.k.p.i.AbstractProblemLoader Environment load took 233ns 
224005     INFO  Test worker     d.u.i.k.p.i.AbstractProblemLoader Creating init config 
228341     DEBUG Test worker     d.u.i.k.p.i.AbstractProblemLoader Init config took 4.33s 
228341     INFO  Test worker     d.u.i.k.p.i.AbstractProblemLoader Loading environment from src\test\resources\testcase\termLabels\flatSteps\FlatSteps.java 
228341     DEBUG Test worker     d.u.i.k.p.i.AbstractProblemLoader Environment load took 245.6ns 
228341     INFO  Test worker     d.u.i.k.p.i.AbstractProblemLoader Creating init config 
232650     DEBUG Test worker     d.u.i.k.p.i.AbstractProblemLoader Init config took 4.31s 
232682     INFO  Test worker     d.u.i.k.p.i.AbstractProblemLoader Loading environment from src\test\resources\testcase\termLabels\flatSteps\FlatSteps.java 
232682     DEBUG Test worker     d.u.i.k.p.i.AbstractProblemLoader Environment load took 6.08ms 
232682     INFO  Test worker     d.u.i.k.p.i.AbstractProblemLoader Creating init config 
237040     DEBUG Test worker     d.u.i.k.p.i.AbstractProblemLoader Init config took 4.36s 
237056     INFO  Test worker     d.u.i.k.p.i.AbstractProblemLoader Loading environment from src\test\resources\testcase\termLabels\flatSteps\FlatSteps.java 
237056     DEBUG Test worker     d.u.i.k.p.i.AbstractProblemLoader Environment load took 216.8ns 
237056     INFO  Test worker     d.u.i.k.p.i.AbstractProblemLoader Creating init config 
241387     DEBUG Test worker     d.u.i.k.p.i.AbstractProblemLoader Init config took 4.32s 
241387     INFO  Test worker     d.u.i.k.p.i.AbstractProblemLoader Loading environment from src\test\resources\testcase\termLabels\flatSteps\FlatSteps.java 
241387     DEBUG Test worker     d.u.i.k.p.i.AbstractProblemLoader Environment load took 1.01ms 
241387     INFO  Test worker     d.u.i.k.p.i.AbstractProblemLoader Creating init config 
245694     DEBUG Test worker     d.u.i.k.p.i.AbstractProblemLoader Init config took 4.31s 
]]></system-out>
  <system-err><![CDATA[]]></system-err>
</testsuite>
