<?xml version="1.0" encoding="UTF-8"?>
<testsuite name="de.uka.ilkd.key.smt.TestUnsatCore" tests="1" skipped="0" failures="0" errors="0" timestamp="2023-06-15T13:47:53" hostname="fv-az365-92" time="0.017">
  <properties/>
  <testcase name="testUnsatCore()" classname="de.uka.ilkd.key.smt.TestUnsatCore" time="0.017"/>
  <system-out><![CDATA[]]></system-out>
  <system-err><![CDATA[]]></system-err>
</testsuite>
