<?xml version="1.0" encoding="UTF-8"?>
<testsuite name="de.uka.ilkd.key.logic.LabeledTermImplTest" tests="2" skipped="0" failures="0" errors="0" timestamp="2023-06-15T13:35:43" hostname="fv-az365-92" time="0.004">
  <properties/>
  <testcase name="testGetHasAndContainsLabels()" classname="de.uka.ilkd.key.logic.LabeledTermImplTest" time="0.002"/>
  <testcase name="testEqualsLabelOnTop()" classname="de.uka.ilkd.key.logic.LabeledTermImplTest" time="0.002"/>
  <system-out><![CDATA[]]></system-out>
  <system-err><![CDATA[]]></system-err>
</testsuite>
