<?xml version="1.0" encoding="UTF-8"?>
<testsuite name="de.uka.ilkd.key.parser.TestDeclParser" tests="14" skipped="2" failures="0" errors="0" timestamp="2023-06-15T13:40:03" hostname="fv-az365-92" time="16.532">
  <properties/>
  <testcase name="testGenericSortDecl1()" classname="de.uka.ilkd.key.parser.TestDeclParser" time="1.426"/>
  <testcase name="testGenericSortDecl2()" classname="de.uka.ilkd.key.parser.TestDeclParser" time="1.455"/>
  <testcase name="testGenericSortDecl3()" classname="de.uka.ilkd.key.parser.TestDeclParser" time="1.387"/>
  <testcase name="testGenericSortDecl4()" classname="de.uka.ilkd.key.parser.TestDeclParser" time="1.38"/>
  <testcase name="testGenericSortDecl5()" classname="de.uka.ilkd.key.parser.TestDeclParser" time="0.001">
    <skipped/>
  </testcase>
  <testcase name="testGenericSortDecl6()" classname="de.uka.ilkd.key.parser.TestDeclParser" time="1.36"/>
  <testcase name="testSortDecl()" classname="de.uka.ilkd.key.parser.TestDeclParser" time="1.358"/>
  <testcase name="testProxySortDecl()" classname="de.uka.ilkd.key.parser.TestDeclParser" time="1.365"/>
  <testcase name="testArrayDecl()" classname="de.uka.ilkd.key.parser.TestDeclParser" time="1.359"/>
  <testcase name="testAmbiguousDecls()" classname="de.uka.ilkd.key.parser.TestDeclParser" time="0.0">
    <skipped/>
  </testcase>
  <testcase name="testHeurDecl()" classname="de.uka.ilkd.key.parser.TestDeclParser" time="1.361"/>
  <testcase name="testFunctionDecl()" classname="de.uka.ilkd.key.parser.TestDeclParser" time="1.367"/>
  <testcase name="testPredicateDecl()" classname="de.uka.ilkd.key.parser.TestDeclParser" time="1.356"/>
  <testcase name="testSVDecl()" classname="de.uka.ilkd.key.parser.TestDeclParser" time="1.353"/>
  <system-out><![CDATA[312261     INFO  Test worker     d.u.i.k.n.KeyIO           Parsing took 0 ms 
312261     DEBUG Test worker     d.u.i.k.n.KeyIO           Load declarations of de.uka.ilkd.key.nparser.KeyAst$File:  <unknown>:1#1 
312261     INFO  Test worker     d.u.i.k.n.KeyIO           MODE: declarations took 0 ms 
312261     DEBUG Test worker     d.u.i.k.n.KeyIO           MODE: 2nd degree decls took 0 
312261     DEBUG Test worker     d.u.i.k.n.KeyIO           MODE: taclets took 0ms 
313716     INFO  Test worker     d.u.i.k.n.KeyIO           Parsing took 0 ms 
313716     DEBUG Test worker     d.u.i.k.n.KeyIO           Load declarations of de.uka.ilkd.key.nparser.KeyAst$File:  <unknown>:1#1 
313716     INFO  Test worker     d.u.i.k.n.KeyIO           MODE: declarations took 0 ms 
313716     DEBUG Test worker     d.u.i.k.n.KeyIO           MODE: 2nd degree decls took 0 
313716     DEBUG Test worker     d.u.i.k.n.KeyIO           MODE: taclets took 0ms 
315101     INFO  Test worker     d.u.i.k.n.KeyIO           Parsing took 0 ms 
315101     DEBUG Test worker     d.u.i.k.n.KeyIO           Load declarations of de.uka.ilkd.key.nparser.KeyAst$File:  <unknown>:1#1 
315101     INFO  Test worker     d.u.i.k.n.KeyIO           MODE: declarations took 0 ms 
315101     DEBUG Test worker     d.u.i.k.n.KeyIO           MODE: 2nd degree decls took 0 
315101     DEBUG Test worker     d.u.i.k.n.KeyIO           MODE: taclets took 0ms 
316477     INFO  Test worker     d.u.i.k.n.KeyIO           Parsing took 0 ms 
316477     DEBUG Test worker     d.u.i.k.n.KeyIO           Load declarations of de.uka.ilkd.key.nparser.KeyAst$File:  <unknown>:1#1 
316477     INFO  Test worker     d.u.i.k.n.KeyIO           MODE: declarations took 0 ms 
316477     DEBUG Test worker     d.u.i.k.n.KeyIO           MODE: 2nd degree decls took 0 
316477     DEBUG Test worker     d.u.i.k.n.KeyIO           MODE: taclets took 0ms 
317844     INFO  Test worker     d.u.i.k.n.KeyIO           Parsing took 0 ms 
317844     DEBUG Test worker     d.u.i.k.n.KeyIO           Load declarations of de.uka.ilkd.key.nparser.KeyAst$File:  <unknown>:1#1 
317844     INFO  Test worker     d.u.i.k.n.KeyIO           MODE: declarations took 0 ms 
317844     DEBUG Test worker     d.u.i.k.n.KeyIO           MODE: 2nd degree decls took 0 
317844     DEBUG Test worker     d.u.i.k.n.KeyIO           MODE: taclets took 0ms 
319197     INFO  Test worker     d.u.i.k.n.KeyIO           Parsing took 0 ms 
319197     DEBUG Test worker     d.u.i.k.n.KeyIO           Load declarations of de.uka.ilkd.key.nparser.KeyAst$File:  <unknown>:1#1 
319197     INFO  Test worker     d.u.i.k.n.KeyIO           MODE: declarations took 0 ms 
319197     DEBUG Test worker     d.u.i.k.n.KeyIO           MODE: 2nd degree decls took 0 
319197     DEBUG Test worker     d.u.i.k.n.KeyIO           MODE: taclets took 0ms 
320565     INFO  Test worker     d.u.i.k.n.KeyIO           Parsing took 0 ms 
320565     DEBUG Test worker     d.u.i.k.n.KeyIO           Load declarations of de.uka.ilkd.key.nparser.KeyAst$File:  <unknown>:1#1 
320565     INFO  Test worker     d.u.i.k.n.KeyIO           MODE: declarations took 0 ms 
320565     DEBUG Test worker     d.u.i.k.n.KeyIO           MODE: 2nd degree decls took 0 
320565     DEBUG Test worker     d.u.i.k.n.KeyIO           MODE: taclets took 0ms 
321910     INFO  Test worker     d.u.i.k.n.KeyIO           Parsing took 0 ms 
321910     DEBUG Test worker     d.u.i.k.n.KeyIO           Load declarations of de.uka.ilkd.key.nparser.KeyAst$File:  <unknown>:1#1 
321910     INFO  Test worker     d.u.i.k.n.KeyIO           MODE: declarations took 0 ms 
321910     DEBUG Test worker     d.u.i.k.n.KeyIO           MODE: 2nd degree decls took 0 
321910     DEBUG Test worker     d.u.i.k.n.KeyIO           MODE: taclets took 0ms 
323274     INFO  Test worker     d.u.i.k.n.KeyIO           Parsing took 0 ms 
323274     DEBUG Test worker     d.u.i.k.n.KeyIO           Load declarations of de.uka.ilkd.key.nparser.KeyAst$File:  <unknown>:1#1 
323274     INFO  Test worker     d.u.i.k.n.KeyIO           MODE: declarations took 0 ms 
323274     DEBUG Test worker     d.u.i.k.n.KeyIO           MODE: 2nd degree decls took 0 
323274     DEBUG Test worker     d.u.i.k.n.KeyIO           MODE: taclets took 0ms 
324652     INFO  Test worker     d.u.i.k.n.KeyIO           Parsing took 0 ms 
324652     DEBUG Test worker     d.u.i.k.n.KeyIO           Load declarations of de.uka.ilkd.key.nparser.KeyAst$File:  <unknown>:1#1 
324652     INFO  Test worker     d.u.i.k.n.KeyIO           MODE: declarations took 0 ms 
324652     DEBUG Test worker     d.u.i.k.n.KeyIO           MODE: 2nd degree decls took 0 
324652     DEBUG Test worker     d.u.i.k.n.KeyIO           MODE: taclets took 0ms 
326014     INFO  Test worker     d.u.i.k.n.KeyIO           Parsing took 0 ms 
326014     DEBUG Test worker     d.u.i.k.n.KeyIO           Load declarations of de.uka.ilkd.key.nparser.KeyAst$File:  <unknown>:1#1 
326014     INFO  Test worker     d.u.i.k.n.KeyIO           MODE: declarations took 0 ms 
326014     DEBUG Test worker     d.u.i.k.n.KeyIO           MODE: 2nd degree decls took 0 
326014     DEBUG Test worker     d.u.i.k.n.KeyIO           MODE: taclets took 0ms 
327364     INFO  Test worker     d.u.i.k.n.KeyIO           Parsing took 0 ms 
327364     DEBUG Test worker     d.u.i.k.n.KeyIO           Load declarations of de.uka.ilkd.key.nparser.KeyAst$File:  <unknown>:1#1 
327364     INFO  Test worker     d.u.i.k.n.KeyIO           MODE: declarations took 0 ms 
327364     DEBUG Test worker     d.u.i.k.n.KeyIO           MODE: 2nd degree decls took 0 
327364     DEBUG Test worker     d.u.i.k.n.KeyIO           MODE: taclets took 0ms 
]]></system-out>
  <system-err><![CDATA[]]></system-err>
</testsuite>
