<?xml version="1.0" encoding="UTF-8"?>
<testsuite name="de.uka.ilkd.key.parser.TestParser" tests="5" skipped="1" failures="0" errors="0" timestamp="2023-06-15T13:42:10" hostname="fv-az365-92" time="7.334">
  <properties/>
  <testcase name="testConstantEvaluationError()" classname="de.uka.ilkd.key.parser.TestParser" time="1.439"/>
  <testcase name="testGenericSort()" classname="de.uka.ilkd.key.parser.TestParser" time="0.003"/>
  <testcase name="testIssue1566()" classname="de.uka.ilkd.key.parser.TestParser" time="4.467"/>
  <testcase name="testIssue39()" classname="de.uka.ilkd.key.parser.TestParser" time="1.411"/>
  <testcase name="testRelativeInclude()" classname="de.uka.ilkd.key.parser.TestParser" time="0.013">
    <skipped/>
  </testcase>
  <system-out><![CDATA[437740     INFO  Test worker     d.u.i.k.p.i.AbstractProblemLoader Loading environment from src\test\resources\testcase\parserErrorTest\AssignToArray.java 
437740     DEBUG Test worker     d.u.i.k.p.i.AbstractProblemLoader Environment load took 157.8ns 
437740     INFO  Test worker     d.u.i.k.p.i.AbstractProblemLoader Creating init config 
439178     INFO  Test worker     d.u.i.k.n.KeyIO           Parsing took 0 ms 
439178     DEBUG Test worker     d.u.i.k.n.KeyIO           Load declarations of de.uka.ilkd.key.nparser.KeyAst$File:  <unknown>:1#1 
439178     INFO  Test worker     d.u.i.k.n.KeyIO           MODE: declarations took 0 ms 
439178     DEBUG Test worker     d.u.i.k.n.KeyIO           MODE: 2nd degree decls took 0 
439178     DEBUG Test worker     d.u.i.k.n.KeyIO           MODE: taclets took 0ms 
439178     INFO  Test worker     d.u.i.k.p.i.AbstractProblemLoader Loading environment from src\test\resources\testcase\issues\1566\a.key 
439178     DEBUG Test worker     d.u.i.k.p.i.AbstractProblemLoader Environment load took 420.7ns 
439193     INFO  Test worker     d.u.i.k.p.i.AbstractProblemLoader Creating init config 
443618     DEBUG Test worker     d.u.i.k.p.i.AbstractProblemLoader Init config took 4.44s 
443650     INFO  Test worker     d.u.i.k.p.i.AbstractProblemLoader Replaying proof a.key 
443650     DEBUG Test worker     d.u.i.k.p.i.IntermediateProofReplayer Proof replay took 12ns 
443650     INFO  Test worker     d.u.i.k.p.i.AbstractProblemLoader Loading environment from src\test\resources\testcase\issues\39\A.java 
443650     DEBUG Test worker     d.u.i.k.p.i.AbstractProblemLoader Environment load took 160.1ns 
443650     INFO  Test worker     d.u.i.k.p.i.AbstractProblemLoader Creating init config 
]]></system-out>
  <system-err><![CDATA[]]></system-err>
</testsuite>
