<?xml version="1.0" encoding="UTF-8"?>
<testsuite name="de.uka.ilkd.key.logic.TestLocalSymbols" tests="2" skipped="0" failures="0" errors="0" timestamp="2023-06-15T13:37:01" hostname="fv-az365-92" time="6.915">
  <properties/>
  <testcase name="testSkolemization()" classname="de.uka.ilkd.key.logic.TestLocalSymbols" time="0.05"/>
  <testcase name="testDoubleInstantiation()" classname="de.uka.ilkd.key.logic.TestLocalSymbols" time="6.864"/>
  <system-out><![CDATA[128627     DEBUG Test worker     d.u.i.k.p.m.ProofCorrectnessMgt No justification found for rule and_right 
128627     DEBUG Test worker     d.u.i.k.p.m.ProofCorrectnessMgt No justification found for rule or_right 
128627     DEBUG Test worker     d.u.i.k.p.m.ProofCorrectnessMgt No justification found for rule all_right 
128627     DEBUG Test worker     d.u.i.k.p.m.ProofCorrectnessMgt No justification found for rule all_right 
128627     DEBUG Test worker     d.u.i.k.p.m.ProofCorrectnessMgt No justification found for rule or_right 
128643     DEBUG Test worker     d.u.i.k.p.m.ProofCorrectnessMgt No justification found for rule all_right 
128643     DEBUG Test worker     d.u.i.k.p.m.ProofCorrectnessMgt No justification found for rule all_right 
128643     DEBUG Test worker     d.u.i.k.p.m.ProofCorrectnessMgt No justification found for rule and_right 
128643     DEBUG Test worker     d.u.i.k.p.m.ProofCorrectnessMgt No justification found for rule or_right 
128643     DEBUG Test worker     d.u.i.k.p.m.ProofCorrectnessMgt No justification found for rule all_right 
128643     DEBUG Test worker     d.u.i.k.p.m.ProofCorrectnessMgt No justification found for rule all_right 
128643     DEBUG Test worker     d.u.i.k.p.m.ProofCorrectnessMgt No justification found for rule or_right 
128643     DEBUG Test worker     d.u.i.k.p.m.ProofCorrectnessMgt No justification found for rule all_right 
128643     DEBUG Test worker     d.u.i.k.p.m.ProofCorrectnessMgt No justification found for rule all_right 
128677     INFO  Test worker     d.u.i.k.p.i.AbstractProblemLoader Loading environment from src\test\resources\testcase\localSymbols\doubleSkolem.key 
128683     DEBUG Test worker     d.u.i.k.p.i.AbstractProblemLoader Environment load took 533.3ns 
128683     INFO  Test worker     d.u.i.k.p.i.AbstractProblemLoader Creating init config 
129104     DEBUG Test worker     d.u.i.k.j.TypeConverter   No LDT found for Meta 
129104     DEBUG Test worker     d.u.i.k.j.TypeConverter   No LDT found for Meta 
129104     DEBUG Test worker     d.u.i.k.j.TypeConverter   No LDT found for Meta 
129104     DEBUG Test worker     d.u.i.k.j.TypeConverter   No LDT found for Meta 
130386     DEBUG Test worker     d.u.i.k.j.TypeConverter   No LDT found for JavaBigintExpression 
135184     DEBUG Test worker     d.u.i.k.p.i.AbstractProblemLoader Init config took 6.47s 
135246     INFO  Test worker     d.u.i.k.p.i.AbstractProblemLoader Replaying proof doubleSkolem.key 
135356     DEBUG Test worker     d.u.i.k.p.i.IntermediateProofReplayer Proof replay took 42.9ns 
135465     DEBUG Test worker     d.u.i.k.m.s.ProofScriptEngine [1] goal: 0, source line: 2, command: 'rule orRight' 
135496     DEBUG Test worker     d.u.i.k.m.s.ProofScriptEngine [2] goal: 1, source line: 3, command: 'rule allRight formula='\forall int i; i > 0'' 
135496     DEBUG Test worker     d.u.i.k.m.s.ProofScriptEngine [3] goal: 2, source line: 4, command: 'rule allRight formula='\forall int i; i < 0'' 
]]></system-out>
  <system-err><![CDATA[]]></system-err>
</testsuite>
