<?xml version="1.0" encoding="UTF-8"?>
<testsuite name="de.uka.ilkd.key.parser.TestTermParserSorts" tests="2" skipped="0" failures="0" errors="0" timestamp="2023-06-15T13:45:14" hostname="fv-az365-92" time="4.355">
  <properties/>
  <testcase name="testParseIntegerArgs()" classname="de.uka.ilkd.key.parser.TestTermParserSorts" time="0.02"/>
  <testcase name="testParseSequencePrettySyntax()" classname="de.uka.ilkd.key.parser.TestTermParserSorts" time="0.003"/>
  <system-out><![CDATA[621799     INFO  Test worker     d.u.i.k.n.KeyIO           Parsing took 0 ms 
621799     DEBUG Test worker     d.u.i.k.n.KeyIO           Load declarations of de.uka.ilkd.key.nparser.KeyAst$File:  <unknown>:1#1 
621799     INFO  Test worker     d.u.i.k.n.KeyIO           MODE: declarations took 0 ms 
621799     DEBUG Test worker     d.u.i.k.n.KeyIO           MODE: 2nd degree decls took 0 
621799     INFO  Test worker     d.u.i.k.n.KeyIO           Parsing took 0 ms 
621799     DEBUG Test worker     d.u.i.k.n.KeyIO           Load declarations of de.uka.ilkd.key.nparser.KeyAst$File:  <unknown>:1#1 
621799     INFO  Test worker     d.u.i.k.n.KeyIO           MODE: declarations took 0 ms 
621814     DEBUG Test worker     d.u.i.k.n.KeyIO           MODE: 2nd degree decls took 15 
621814     INFO  Test worker     d.u.i.k.n.KeyIO           Parsing took 0 ms 
621814     DEBUG Test worker     d.u.i.k.n.KeyIO           Load declarations of de.uka.ilkd.key.nparser.KeyAst$File:  <unknown>:1#1 
621814     INFO  Test worker     d.u.i.k.n.KeyIO           MODE: declarations took 0 ms 
621814     DEBUG Test worker     d.u.i.k.n.KeyIO           MODE: 2nd degree decls took 0 
626151     INFO  Test worker     d.u.i.k.n.KeyIO           Parsing took 0 ms 
626151     DEBUG Test worker     d.u.i.k.n.KeyIO           Load declarations of de.uka.ilkd.key.nparser.KeyAst$File:  <unknown>:1#1 
626151     INFO  Test worker     d.u.i.k.n.KeyIO           MODE: declarations took 0 ms 
626151     DEBUG Test worker     d.u.i.k.n.KeyIO           MODE: 2nd degree decls took 0 
626151     INFO  Test worker     d.u.i.k.n.KeyIO           Parsing took 0 ms 
626151     DEBUG Test worker     d.u.i.k.n.KeyIO           Load declarations of de.uka.ilkd.key.nparser.KeyAst$File:  <unknown>:1#1 
626151     INFO  Test worker     d.u.i.k.n.KeyIO           MODE: declarations took 0 ms 
626151     DEBUG Test worker     d.u.i.k.n.KeyIO           MODE: 2nd degree decls took 0 
626151     INFO  Test worker     d.u.i.k.n.KeyIO           Parsing took 0 ms 
626151     DEBUG Test worker     d.u.i.k.n.KeyIO           Load declarations of de.uka.ilkd.key.nparser.KeyAst$File:  <unknown>:1#1 
626151     INFO  Test worker     d.u.i.k.n.KeyIO           MODE: declarations took 0 ms 
626151     DEBUG Test worker     d.u.i.k.n.KeyIO           MODE: 2nd degree decls took 0 
]]></system-out>
  <system-err><![CDATA[]]></system-err>
</testsuite>
