<?xml version="1.0" encoding="UTF-8"?>
<testsuite name="de.uka.ilkd.key.rule.merge.MergeRuleTests" tests="11" skipped="0" failures="0" errors="0" timestamp="2023-06-15T13:46:10" hostname="fv-az365-92" time="88.228">
  <properties/>
  <testcase name="testDoManualGcdProof()" classname="de.uka.ilkd.key.rule.merge.MergeRuleTests" time="21.7"/>
  <testcase name="testLoadProofWithDiffVarsWithSameNameAndMPS()" classname="de.uka.ilkd.key.rule.merge.MergeRuleTests" time="4.734"/>
  <testcase name="testDoAutomaticGcdProofWithMergePointStatementAndBlockContract()" classname="de.uka.ilkd.key.rule.merge.MergeRuleTests" time="13.652"/>
  <testcase name="testLoadGcdProofWithPredAbstrAndUserChoices()" classname="de.uka.ilkd.key.rule.merge.MergeRuleTests" time="5.138"/>
  <testcase name="testLoadGcdProofWithPredAbstr()" classname="de.uka.ilkd.key.rule.merge.MergeRuleTests" time="5.456"/>
  <testcase name="testMergeThreeIndistinguishablePathConditionsWithITE()" classname="de.uka.ilkd.key.rule.merge.MergeRuleTests" time="4.433"/>
  <testcase name="testMergeIndistinguishablePathConditionsWithFullAnonymization()" classname="de.uka.ilkd.key.rule.merge.MergeRuleTests" time="4.381"/>
  <testcase name="testLoadClosedGcdProofWithMergePointStatements()" classname="de.uka.ilkd.key.rule.merge.MergeRuleTests" time="5.67"/>
  <testcase name="testMergeIndistinguishablePathConditionsWithITE()" classname="de.uka.ilkd.key.rule.merge.MergeRuleTests" time="4.579"/>
  <testcase name="testDoAutomaticGcdProofWithMergePointStatements()" classname="de.uka.ilkd.key.rule.merge.MergeRuleTests" time="13.183"/>
  <testcase name="testLoadGcdProof()" classname="de.uka.ilkd.key.rule.merge.MergeRuleTests" time="5.302"/>
  <system-out><![CDATA[677977     INFO  Test worker     d.u.i.k.p.i.AbstractProblemLoader Loading environment from src\test\resources\testcase\merge\gcd.key 
677977     DEBUG Test worker     d.u.i.k.p.i.AbstractProblemLoader Environment load took 168.2ns 
677977     INFO  Test worker     d.u.i.k.p.i.AbstractProblemLoader Creating init config 
678134     DEBUG Test worker     d.u.i.k.j.TypeConverter   No LDT found for Meta 
678134     DEBUG Test worker     d.u.i.k.j.TypeConverter   No LDT found for Meta 
678134     DEBUG Test worker     d.u.i.k.j.TypeConverter   No LDT found for Meta 
678134     DEBUG Test worker     d.u.i.k.j.TypeConverter   No LDT found for Meta 
678769     DEBUG Test worker     d.u.i.k.j.TypeConverter   No LDT found for JavaBigintExpression 
683619     DEBUG Test worker     d.u.i.k.p.i.AbstractProblemLoader Init config took 5.65s 
683666     INFO  Test worker     d.u.i.k.p.i.AbstractProblemLoader Replaying proof Gcd[Gcd::gcd(int,int)].JML normal_behavior operation contract.0 
683666     DEBUG Test worker     d.u.i.k.p.i.IntermediateProofReplayer Proof replay took 11.5ns 
699670     INFO  Test worker     d.u.i.k.p.i.AbstractProblemLoader Loading environment from src\test\resources\testcase\merge\A.differentVarsWithSameName.MPS.cut.closed.proof 
699670     DEBUG Test worker     d.u.i.k.p.i.AbstractProblemLoader Environment load took 171.9ns 
699685     INFO  Test worker     d.u.i.k.p.i.AbstractProblemLoader Creating init config 
704074     DEBUG Test worker     d.u.i.k.p.i.AbstractProblemLoader Init config took 4.4s 
704121     INFO  Test worker     d.u.i.k.p.i.AbstractProblemLoader Replaying proof A[A::m(boolean)].JML operation contract.0 
704404     DEBUG Test worker     d.u.i.k.p.i.IntermediateProofReplayer Proof replay took 269.6ms 
704420     INFO  Test worker     d.u.i.k.p.i.AbstractProblemLoader Loading environment from src\test\resources\testcase\merge\gcd.MPSAndBlockContract.key 
704420     DEBUG Test worker     d.u.i.k.p.i.AbstractProblemLoader Environment load took 674ns 
704436     INFO  Test worker     d.u.i.k.p.i.AbstractProblemLoader Creating init config 
708907     DEBUG Test worker     d.u.i.k.p.i.AbstractProblemLoader Init config took 4.48s 
709039     INFO  Test worker     d.u.i.k.p.i.AbstractProblemLoader Replaying proof Gcd[Gcd::gcdMPSAndBlockContract(int,int)].JML normal_behavior operation contract.0 
709042     DEBUG Test worker     d.u.i.k.p.i.IntermediateProofReplayer Proof replay took 19.4ns 
718056     INFO  Test worker     d.u.i.k.p.i.AbstractProblemLoader Loading environment from src\test\resources\testcase\merge\gcd.closed.predicateAbstractionWithUserChoices.proof 
718056     DEBUG Test worker     d.u.i.k.p.i.AbstractProblemLoader Environment load took 168ns 
718056     INFO  Test worker     d.u.i.k.p.i.AbstractProblemLoader Creating init config 
722615     DEBUG Test worker     d.u.i.k.p.i.AbstractProblemLoader Init config took 4.56s 
722677     INFO  Test worker     d.u.i.k.p.i.AbstractProblemLoader Replaying proof Gcd[Gcd::gcd(int,int)].JML normal_behavior operation contract.0 
723194     DEBUG Test worker     d.u.i.k.p.i.IntermediateProofReplayer Proof replay took 473.62ms 
723209     INFO  Test worker     d.u.i.k.p.i.AbstractProblemLoader Loading environment from src\test\resources\testcase\merge\gcd.closed.predicateabstraction.proof 
723209     DEBUG Test worker     d.u.i.k.p.i.AbstractProblemLoader Environment load took 395.6ns 
723209     INFO  Test worker     d.u.i.k.p.i.AbstractProblemLoader Creating init config 
727911     DEBUG Test worker     d.u.i.k.p.i.AbstractProblemLoader Init config took 4.71s 
727958     INFO  Test worker     d.u.i.k.p.i.AbstractProblemLoader Replaying proof Gcd[Gcd::gcd(int,int)].JML normal_behavior operation contract.0 
728650     DEBUG Test worker     d.u.i.k.p.i.IntermediateProofReplayer Proof replay took 605.33ms 
728666     INFO  Test worker     d.u.i.k.p.i.AbstractProblemLoader Loading environment from src\test\resources\testcase\merge\IndistinguishablePathConditions.twoJoins.proof 
728666     DEBUG Test worker     d.u.i.k.p.i.AbstractProblemLoader Environment load took 457.3ns 
728666     INFO  Test worker     d.u.i.k.p.i.AbstractProblemLoader Creating init config 
733068     DEBUG Test worker     d.u.i.k.p.i.AbstractProblemLoader Init config took 4.4s 
733083     INFO  Test worker     d.u.i.k.p.i.AbstractProblemLoader Replaying proof IndistinguishablePathConditions.twoJoins.proof 
733083     DEBUG Test worker     d.u.i.k.p.i.IntermediateProofReplayer Proof replay took 395.4ns 
733083     INFO  Test worker     d.u.i.k.p.i.AbstractProblemLoader Loading environment from src\test\resources\testcase\merge\IndistinguishablePathConditions.proof 
733083     DEBUG Test worker     d.u.i.k.p.i.AbstractProblemLoader Environment load took 131ns 
733099     INFO  Test worker     d.u.i.k.p.i.AbstractProblemLoader Creating init config 
737418     DEBUG Test worker     d.u.i.k.p.i.AbstractProblemLoader Init config took 4.33s 
737449     INFO  Test worker     d.u.i.k.p.i.AbstractProblemLoader Replaying proof IndistinguishablePathConditions.proof 
737449     DEBUG Test worker     d.u.i.k.p.i.IntermediateProofReplayer Proof replay took 299.3ns 
737464     INFO  Test worker     d.u.i.k.p.i.AbstractProblemLoader Loading environment from src\test\resources\testcase\merge\gcd.mergePointStatements.closed.proof 
737464     DEBUG Test worker     d.u.i.k.p.i.AbstractProblemLoader Environment load took 163.8ns 
737464     INFO  Test worker     d.u.i.k.p.i.AbstractProblemLoader Creating init config 
742149     DEBUG Test worker     d.u.i.k.p.i.AbstractProblemLoader Init config took 4.68s 
742196     INFO  Test worker     d.u.i.k.p.i.AbstractProblemLoader Replaying proof Gcd[Gcd::gcdMPS(int,int)].JML normal_behavior operation contract.0 
743119     DEBUG Test worker     d.u.i.k.p.i.IntermediateProofReplayer Proof replay took 844.46ms 
743134     INFO  Test worker     d.u.i.k.p.i.AbstractProblemLoader Loading environment from src\test\resources\testcase\merge\IndistinguishablePathConditions.proof 
743134     DEBUG Test worker     d.u.i.k.p.i.AbstractProblemLoader Environment load took 170.7ns 
743134     INFO  Test worker     d.u.i.k.p.i.AbstractProblemLoader Creating init config 
747682     DEBUG Test worker     d.u.i.k.p.i.AbstractProblemLoader Init config took 4.55s 
747697     INFO  Test worker     d.u.i.k.p.i.AbstractProblemLoader Replaying proof IndistinguishablePathConditions.proof 
747697     DEBUG Test worker     d.u.i.k.p.i.IntermediateProofReplayer Proof replay took 254.9ns 
747713     INFO  Test worker     d.u.i.k.p.i.AbstractProblemLoader Loading environment from src\test\resources\testcase\merge\gcd.mergePointStatements.key 
747713     DEBUG Test worker     d.u.i.k.p.i.AbstractProblemLoader Environment load took 378.1ns 
747713     INFO  Test worker     d.u.i.k.p.i.AbstractProblemLoader Creating init config 
752187     DEBUG Test worker     d.u.i.k.p.i.AbstractProblemLoader Init config took 4.47s 
752234     INFO  Test worker     d.u.i.k.p.i.AbstractProblemLoader Replaying proof Gcd[Gcd::gcdMPS(int,int)].JML normal_behavior operation contract.0 
752234     DEBUG Test worker     d.u.i.k.p.i.IntermediateProofReplayer Proof replay took 19ns 
760896     INFO  Test worker     d.u.i.k.p.i.AbstractProblemLoader Loading environment from src\test\resources\testcase\merge\gcd.closed.proof 
760896     DEBUG Test worker     d.u.i.k.p.i.AbstractProblemLoader Environment load took 490.1ns 
760896     INFO  Test worker     d.u.i.k.p.i.AbstractProblemLoader Creating init config 
765526     DEBUG Test worker     d.u.i.k.p.i.AbstractProblemLoader Init config took 4.63s 
765573     INFO  Test worker     d.u.i.k.p.i.AbstractProblemLoader Replaying proof Gcd[Gcd::gcd(int,int)].JML normal_behavior operation contract.0 
766198     DEBUG Test worker     d.u.i.k.p.i.IntermediateProofReplayer Proof replay took 556.66ms 
]]></system-out>
  <system-err><![CDATA[]]></system-err>
</testsuite>
