<?xml version="1.0" encoding="UTF-8"?>
<testsuite name="de.uka.ilkd.key.rule.merge.PredicateAbstractionLatticeTests" tests="3" skipped="0" failures="0" errors="0" timestamp="2023-06-15T13:47:39" hostname="fv-az365-92" time="8.704">
  <properties/>
  <testcase name="testToAndFromString()" classname="de.uka.ilkd.key.rule.merge.PredicateAbstractionLatticeTests" time="4.42"/>
  <testcase name="testCreateSignLatticeWithPredicates()" classname="de.uka.ilkd.key.rule.merge.PredicateAbstractionLatticeTests" time="4.284"/>
  <testcase name="testTrivialPredicatesLattice()" classname="de.uka.ilkd.key.rule.merge.PredicateAbstractionLatticeTests" time="0.0"/>
  <system-out><![CDATA[766214     INFO  Test worker     d.u.i.k.p.i.AbstractProblemLoader Loading environment from src\test\resources\testcase\merge\dummy.key 
766214     DEBUG Test worker     d.u.i.k.p.i.AbstractProblemLoader Environment load took 139.8ns 
766214     INFO  Test worker     d.u.i.k.p.i.AbstractProblemLoader Creating init config 
770603     DEBUG Test worker     d.u.i.k.p.i.AbstractProblemLoader Init config took 4.39s 
770620     INFO  Test worker     d.u.i.k.p.i.AbstractProblemLoader Replaying proof dummy.key 
770620     DEBUG Test worker     d.u.i.k.p.i.IntermediateProofReplayer Proof replay took 16.6ns 
770620     INFO  Test worker     d.u.i.k.p.i.AbstractProblemLoader Loading environment from src\test\resources\testcase\merge\dummy.key 
770620     DEBUG Test worker     d.u.i.k.p.i.AbstractProblemLoader Environment load took 212.1ns 
770636     INFO  Test worker     d.u.i.k.p.i.AbstractProblemLoader Creating init config 
774889     DEBUG Test worker     d.u.i.k.p.i.AbstractProblemLoader Init config took 4.26s 
774904     INFO  Test worker     d.u.i.k.p.i.AbstractProblemLoader Replaying proof dummy.key 
774904     DEBUG Test worker     d.u.i.k.p.i.IntermediateProofReplayer Proof replay took 11.5ns 
]]></system-out>
  <system-err><![CDATA[]]></system-err>
</testsuite>
