<?xml version="1.0" encoding="UTF-8"?>
<testsuite name="de.uka.ilkd.key.proof_references.testcase.TestKeYTypeUtil" tests="4" skipped="0" failures="0" errors="0" timestamp="2023-04-03T14:53:46" hostname="fv-az339-817" time="17.232">
  <properties/>
  <testcase name="testGetType()" classname="de.uka.ilkd.key.proof_references.testcase.TestKeYTypeUtil" time="8.815"/>
  <testcase name="testIsInnerType()" classname="de.uka.ilkd.key.proof_references.testcase.TestKeYTypeUtil" time="2.937"/>
  <testcase name="testGetParentName()" classname="de.uka.ilkd.key.proof_references.testcase.TestKeYTypeUtil" time="2.752"/>
  <testcase name="testIsType()" classname="de.uka.ilkd.key.proof_references.testcase.TestKeYTypeUtil" time="2.724"/>
  <system-out><![CDATA[14:53:46,224 |-INFO in ch.qos.logback.classic.LoggerContext[default] - This is logback-classic version 1.4.6
14:53:46,253 |-INFO in ch.qos.logback.classic.LoggerContext[default] - Could NOT find resource [logback-test.xml]
14:53:46,268 |-INFO in ch.qos.logback.classic.LoggerContext[default] - Found resource [logback.xml] at [file:/home/runner/work/key/key/key.core.proof_references/build/resources/test/logback.xml]
14:53:46,379 |-INFO in ch.qos.logback.core.model.processor.AppenderModelHandler - Processing appender named [STDOUT]
14:53:46,379 |-INFO in ch.qos.logback.core.model.processor.AppenderModelHandler - About to instantiate appender of type [ch.qos.logback.core.ConsoleAppender]
14:53:46,390 |-WARN in ch.qos.logback.core.model.processor.ImplicitModelHandler - Ignoring unknown property [file] in [ch.qos.logback.core.ConsoleAppender]
14:53:46,390 |-WARN in ch.qos.logback.core.model.processor.ImplicitModelHandler - Ignoring unknown property [append] in [ch.qos.logback.core.ConsoleAppender]
14:53:46,391 |-INFO in ch.qos.logback.core.model.processor.ImplicitModelHandler - Assuming default type [ch.qos.logback.classic.encoder.PatternLayoutEncoder] for [encoder] property
14:53:46,405 |-INFO in ch.qos.logback.classic.model.processor.RootLoggerModelHandler - Setting level of ROOT logger to WARN
14:53:46,409 |-INFO in ch.qos.logback.core.model.processor.AppenderRefModelHandler - Attaching appender named [STDOUT] to Logger[ROOT]
14:53:46,410 |-INFO in ch.qos.logback.core.model.processor.DefaultProcessor@551a20d6 - End of configuration.
14:53:46,410 |-INFO in ch.qos.logback.classic.joran.JoranConfigurator@578524c3 - Registering current configuration as safe fallback point

483        WARN  Test worker     d.u.i.k.s.ProofSettings   No proof-settings could be loaded, using defaults java.io.FileNotFoundException: /home/runner/.key/proof-settings.props (No such file or directory)
	at java.base/java.io.FileInputStream.open0(Native Method)

]]></system-out>
  <system-err><![CDATA[]]></system-err>
</testsuite>
