<?xml version="1.0" encoding="UTF-8"?>
<testsuite name="de.uka.ilkd.key.parser.proofjava.TestProofJavaParser" tests="4" skipped="0" failures="0" errors="0" timestamp="2023-03-23T17:36:57" hostname="fv-az454-721" time="0.019">
  <properties/>
  <testcase name="testGenericWithWithoutSpaces()" classname="de.uka.ilkd.key.parser.proofjava.TestProofJavaParser" time="0.003"/>
  <testcase name="testExpressions()" classname="de.uka.ilkd.key.parser.proofjava.TestProofJavaParser" time="0.008"/>
  <testcase name="testGenericClassDeclarations()" classname="de.uka.ilkd.key.parser.proofjava.TestProofJavaParser" time="0.003"/>
  <testcase name="testMemberDeclarations()" classname="de.uka.ilkd.key.parser.proofjava.TestProofJavaParser" time="0.005"/>
  <system-out><![CDATA[]]></system-out>
  <system-err><![CDATA[]]></system-err>
</testsuite>
