<?xml version="1.0" encoding="UTF-8"?>
<testsuite name="de.uka.ilkd.key.symbolic_execution.testcase.TestExecutionNodeWriterAndReader" tests="8" skipped="0" failures="0" errors="0" timestamp="2023-04-04T16:43:31" hostname="fv-az254-315" time="0.15">
  <properties/>
  <testcase name="testWritingAndReading_noReturnValues()" classname="de.uka.ilkd.key.symbolic_execution.testcase.TestExecutionNodeWriterAndReader" time="0.041"/>
  <testcase name="testWritingAndReading_withoutCallStack_withReturnValues()" classname="de.uka.ilkd.key.symbolic_execution.testcase.TestExecutionNodeWriterAndReader" time="0.023"/>
  <testcase name="testWritingAndReading_withoutVariables_and_withoutCallStack_noReturnValues()" classname="de.uka.ilkd.key.symbolic_execution.testcase.TestExecutionNodeWriterAndReader" time="0.009"/>
  <testcase name="testWritingAndReading_withoutVariables_withReturnValues()" classname="de.uka.ilkd.key.symbolic_execution.testcase.TestExecutionNodeWriterAndReader" time="0.012"/>
  <testcase name="testWritingAndReading_withReturnValues()" classname="de.uka.ilkd.key.symbolic_execution.testcase.TestExecutionNodeWriterAndReader" time="0.016"/>
  <testcase name="testWritingAndReading_withoutCallStack_noReturnValues()" classname="de.uka.ilkd.key.symbolic_execution.testcase.TestExecutionNodeWriterAndReader" time="0.013"/>
  <testcase name="testWritingAndReading_withoutVariables_noReturnValues()" classname="de.uka.ilkd.key.symbolic_execution.testcase.TestExecutionNodeWriterAndReader" time="0.011"/>
  <testcase name="testWritingAndReading_withoutVariables_and_withoutCallStack_withReturnValues()" classname="de.uka.ilkd.key.symbolic_execution.testcase.TestExecutionNodeWriterAndReader" time="0.009"/>
  <system-out><![CDATA[]]></system-out>
  <system-err><![CDATA[]]></system-err>
</testsuite>
