<?xml version="1.0" encoding="UTF-8"?>
<testsuite name="de.uka.ilkd.key.symbolic_execution.testcase.util.TestSideProofStore" tests="2" skipped="0" failures="0" errors="0" timestamp="2023-04-04T17:08:46" hostname="fv-az254-315" time="0.013">
  <properties/>
  <testcase name="testEnabledState()" classname="de.uka.ilkd.key.symbolic_execution.testcase.util.TestSideProofStore" time="0.009"/>
  <testcase name="testProofManagement()" classname="de.uka.ilkd.key.symbolic_execution.testcase.util.TestSideProofStore" time="0.004"/>
  <system-out><![CDATA[]]></system-out>
  <system-err><![CDATA[]]></system-err>
</testsuite>
