<?xml version="1.0" encoding="UTF-8"?>
<testsuite name="de.uka.ilkd.key.parser.TestTacletParser" tests="20" skipped="0" failures="0" errors="0" timestamp="2023-04-05T17:31:08" hostname="fv-az366-739" time="0.101">
  <properties/>
  <testcase name="testAllRight()" classname="de.uka.ilkd.key.parser.TestTacletParser" time="0.005"/>
  <testcase name="testSchemaJava0()" classname="de.uka.ilkd.key.parser.TestTacletParser" time="0.004"/>
  <testcase name="testSchemaJava1()" classname="de.uka.ilkd.key.parser.TestTacletParser" time="0.011"/>
  <testcase name="testSchemaJava2()" classname="de.uka.ilkd.key.parser.TestTacletParser" time="0.007"/>
  <testcase name="testSchemaJava4()" classname="de.uka.ilkd.key.parser.TestTacletParser" time="0.005"/>
  <testcase name="testSchemaJava6()" classname="de.uka.ilkd.key.parser.TestTacletParser" time="0.004"/>
  <testcase name="testSchemaJava8()" classname="de.uka.ilkd.key.parser.TestTacletParser" time="0.003"/>
  <testcase name="testCut()" classname="de.uka.ilkd.key.parser.TestTacletParser" time="0.003"/>
  <testcase name="testMakeInsertEq()" classname="de.uka.ilkd.key.parser.TestTacletParser" time="0.003"/>
  <testcase name="testAllLeft()" classname="de.uka.ilkd.key.parser.TestTacletParser" time="0.003"/>
  <testcase name="testClose()" classname="de.uka.ilkd.key.parser.TestTacletParser" time="0.003"/>
  <testcase name="testSchemaJava10()" classname="de.uka.ilkd.key.parser.TestTacletParser" time="0.004"/>
  <testcase name="testSchemaJava11()" classname="de.uka.ilkd.key.parser.TestTacletParser" time="0.006"/>
  <testcase name="testFIdempotent()" classname="de.uka.ilkd.key.parser.TestTacletParser" time="0.003"/>
  <testcase name="testImpRight()" classname="de.uka.ilkd.key.parser.TestTacletParser" time="0.003"/>
  <testcase name="testVarcondNew()" classname="de.uka.ilkd.key.parser.TestTacletParser" time="0.007"/>
  <testcase name="testFreeReplacewithVariables()" classname="de.uka.ilkd.key.parser.TestTacletParser" time="0.006"/>
  <testcase name="testImpLeft()" classname="de.uka.ilkd.key.parser.TestTacletParser" time="0.006"/>
  <testcase name="testContraposition()" classname="de.uka.ilkd.key.parser.TestTacletParser" time="0.004"/>
  <testcase name="testExConjSplit()" classname="de.uka.ilkd.key.parser.TestTacletParser" time="0.003"/>
  <system-out><![CDATA[316369     INFO  Test worker     d.u.i.k.n.KeyIO           Parsing took 0 ms 
316370     INFO  Test worker     d.u.i.k.n.KeyIO           MODE: declarations took 0 ms 
316371     INFO  Test worker     d.u.i.k.n.KeyIO           Parsing took 0 ms 
316372     INFO  Test worker     d.u.i.k.n.KeyIO           MODE: declarations took 0 ms 
316373     INFO  Test worker     d.u.i.k.n.KeyIO           Parsing took 0 ms 
316374     INFO  Test worker     d.u.i.k.n.KeyIO           MODE: declarations took 0 ms 
316375     INFO  Test worker     d.u.i.k.n.KeyIO           Parsing took 0 ms 
316375     INFO  Test worker     d.u.i.k.n.KeyIO           MODE: declarations took 0 ms 
316378     INFO  Test worker     d.u.i.k.n.KeyIO           Parsing took 0 ms 
316378     INFO  Test worker     d.u.i.k.n.KeyIO           MODE: declarations took 0 ms 
316380     WARN  Test worker     d.u.i.k.n.KeYParser       [syntax-error] <unknown>:2:21: extraneous input '<' expecting {MODALITY, FORALL, EXISTS, '\if', '\ifEx', 'true', 'false', '(', ')', '{', '@', NOT, '-', STRING_LITERAL, CHAR_LITERAL, BIN_LITERAL, HEX_LITERAL, IDENT, INT_LITERAL, FLOAT_LITERAL, DOUBLE_LITERAL, REAL_LITERAL} [@12,22:22='<',<173>,2:21] (argument_list, call, accessterm, primitive_term, primitive_labeled_term, bracket_term, atom_prefix, strong_arith_term_2, strong_arith_term_1, weak_arith_term, comparison_term, equality_term, term60, conjunction_term, disjunction_term, implication_term, equivalence_term, elementary_update_term, parallel_term, term, taclet, rulesOrAxioms, decls, file) 
316383     WARN  Test worker     d.u.i.k.n.KeYParser       [syntax-error] <unknown>:2:23: no viable alternative at input '{..' [@14,24:25='..',<144>,2:23] (atom_prefix, strong_arith_term_2, strong_arith_term_1, weak_arith_term, comparison_term, equality_term, term60, conjunction_term, disjunction_term, implication_term, equivalence_term, elementary_update_term, parallel_term, term, argument_list, call, accessterm, primitive_term, primitive_labeled_term, bracket_term, atom_prefix, strong_arith_term_2, strong_arith_term_1, weak_arith_term, comparison_term, equality_term, term60, conjunction_term, disjunction_term, implication_term, equivalence_term, elementary_update_term, parallel_term, term, taclet, rulesOrAxioms, decls, file) 
316384     WARN  Test worker     d.u.i.k.n.KeYParser       [syntax-error] <unknown>:2:33: mismatched input ';' expecting {',', ')'} [@21,34:34=';',<138>,2:33] (argument_list, call, accessterm, primitive_term, primitive_labeled_term, bracket_term, atom_prefix, strong_arith_term_2, strong_arith_term_1, weak_arith_term, comparison_term, equality_term, term60, conjunction_term, disjunction_term, implication_term, equivalence_term, elementary_update_term, parallel_term, term, taclet, rulesOrAxioms, decls, file) 
316385     WARN  Test worker     d.u.i.k.n.KeYParser       [syntax-error] <unknown>:2:41: no viable alternative at input '#i;' [@26,42:42=';',<138>,2:41] (option_list, taclet, rulesOrAxioms, decls, file) 
316386     WARN  Test worker     d.u.i.k.n.KeYParser       [syntax-error] <unknown>:2:43: mismatched input '<' expecting {'(', '{'} [@28,44:44='<',<173>,2:43] (taclet, rulesOrAxioms, decls, file) 
316386     WARN  Test worker     d.u.i.k.n.KeYParser       [syntax-error] <unknown>:2:47: mismatched input '+' expecting {'(', '{'} [@32,48:48='+',<167>,2:47] (taclet, rulesOrAxioms, decls, file) 
316387     WARN  Test worker     d.u.i.k.n.KeYParser       [syntax-error] <unknown>:2:52: extraneous input '..' expecting {'\lemma', '}', IDENT, '/*!'} [@37,53:54='..',<144>,2:52] (rulesOrAxioms, decls, file) 
316387     WARN  Test worker     d.u.i.k.n.KeYParser       [syntax-error] <unknown>:2:56: mismatched input '>' expecting {<EOF>, '\problem', '\chooseContract', '\proofObligation', '\proof'} [@40,57:57='>',<168>,2:56] (file) 
316390     INFO  Test worker     d.u.i.k.n.KeyIO           Parsing took 1 ms 
316390     INFO  Test worker     d.u.i.k.n.KeyIO           MODE: declarations took 0 ms 
316391     WARN  Test worker     d.u.i.k.n.KeYParser       [syntax-error] <unknown>:2:21: extraneous input '<' expecting {MODALITY, FORALL, EXISTS, '\if', '\ifEx', 'true', 'false', '(', ')', '{', '@', NOT, '-', STRING_LITERAL, CHAR_LITERAL, BIN_LITERAL, HEX_LITERAL, IDENT, INT_LITERAL, FLOAT_LITERAL, DOUBLE_LITERAL, REAL_LITERAL} [@12,22:22='<',<173>,2:21] (argument_list, call, accessterm, primitive_term, primitive_labeled_term, bracket_term, atom_prefix, strong_arith_term_2, strong_arith_term_1, weak_arith_term, comparison_term, equality_term, term60, conjunction_term, disjunction_term, implication_term, equivalence_term, elementary_update_term, parallel_term, term, taclet, rulesOrAxioms, decls, file) 
316392     WARN  Test worker     d.u.i.k.n.KeYParser       [syntax-error] <unknown>:2:23: no viable alternative at input '{..' [@14,24:25='..',<144>,2:23] (atom_prefix, strong_arith_term_2, strong_arith_term_1, weak_arith_term, comparison_term, equality_term, term60, conjunction_term, disjunction_term, implication_term, equivalence_term, elementary_update_term, parallel_term, term, argument_list, call, accessterm, primitive_term, primitive_labeled_term, bracket_term, atom_prefix, strong_arith_term_2, strong_arith_term_1, weak_arith_term, comparison_term, equality_term, term60, conjunction_term, disjunction_term, implication_term, equivalence_term, elementary_update_term, parallel_term, term, taclet, rulesOrAxioms, decls, file) 
316392     WARN  Test worker     d.u.i.k.n.KeYParser       [syntax-error] <unknown>:2:33: mismatched input ';' expecting {',', ')'} [@21,34:34=';',<138>,2:33] (argument_list, call, accessterm, primitive_term, primitive_labeled_term, bracket_term, atom_prefix, strong_arith_term_2, strong_arith_term_1, weak_arith_term, comparison_term, equality_term, term60, conjunction_term, disjunction_term, implication_term, equivalence_term, elementary_update_term, parallel_term, term, taclet, rulesOrAxioms, decls, file) 
316393     WARN  Test worker     d.u.i.k.n.KeYParser       [syntax-error] <unknown>:2:43: no viable alternative at input '#lab;' [@26,44:44=';',<138>,2:43] (option_list, taclet, rulesOrAxioms, decls, file) 
316394     WARN  Test worker     d.u.i.k.n.KeYParser       [syntax-error] <unknown>:2:45: mismatched input '<' expecting {'(', '{'} [@28,46:46='<',<173>,2:45] (taclet, rulesOrAxioms, decls, file) 
316394     WARN  Test worker     d.u.i.k.n.KeYParser       [syntax-error] <unknown>:2:50: mismatched input '+' expecting {'(', '{'} [@32,51:51='+',<167>,2:50] (taclet, rulesOrAxioms, decls, file) 
316394     WARN  Test worker     d.u.i.k.n.KeYParser       [syntax-error] <unknown>:2:56: extraneous input '..' expecting {'\lemma', '}', IDENT, '/*!'} [@38,57:58='..',<144>,2:56] (rulesOrAxioms, decls, file) 
316395     WARN  Test worker     d.u.i.k.n.KeYParser       [syntax-error] <unknown>:2:60: mismatched input '>' expecting {<EOF>, '\problem', '\chooseContract', '\proofObligation', '\proof'} [@41,61:61='>',<168>,2:60] (file) 
316397     INFO  Test worker     d.u.i.k.n.KeyIO           Parsing took 1 ms 
316397     INFO  Test worker     d.u.i.k.n.KeyIO           MODE: declarations took 0 ms 
316398     INFO  Test worker     d.u.i.k.n.KeyIO           Parsing took 0 ms 
316399     INFO  Test worker     d.u.i.k.n.KeyIO           MODE: declarations took 0 ms 
316402     INFO  Test worker     d.u.i.k.n.KeyIO           Parsing took 1 ms 
316402     INFO  Test worker     d.u.i.k.n.KeyIO           MODE: declarations took 0 ms 
316403     INFO  Test worker     d.u.i.k.n.KeyIO           Parsing took 0 ms 
316404     INFO  Test worker     d.u.i.k.n.KeyIO           MODE: declarations took 0 ms 
316406     INFO  Test worker     d.u.i.k.n.KeyIO           Parsing took 0 ms 
316407     INFO  Test worker     d.u.i.k.n.KeyIO           MODE: declarations took 0 ms 
316408     INFO  Test worker     d.u.i.k.n.KeyIO           Parsing took 0 ms 
316408     INFO  Test worker     d.u.i.k.n.KeyIO           MODE: declarations took 0 ms 
316410     INFO  Test worker     d.u.i.k.n.KeyIO           Parsing took 0 ms 
316410     INFO  Test worker     d.u.i.k.n.KeyIO           MODE: declarations took 0 ms 
316412     INFO  Test worker     d.u.i.k.n.KeyIO           Parsing took 1 ms 
316412     INFO  Test worker     d.u.i.k.n.KeyIO           MODE: declarations took 0 ms 
316413     INFO  Test worker     d.u.i.k.n.KeyIO           Parsing took 0 ms 
316414     INFO  Test worker     d.u.i.k.n.KeyIO           MODE: declarations took 0 ms 
316415     INFO  Test worker     d.u.i.k.n.KeyIO           Parsing took 0 ms 
316416     INFO  Test worker     d.u.i.k.n.KeyIO           MODE: declarations took 0 ms 
316417     INFO  Test worker     d.u.i.k.n.KeyIO           Parsing took 0 ms 
316418     INFO  Test worker     d.u.i.k.n.KeyIO           MODE: declarations took 1 ms 
316419     INFO  Test worker     d.u.i.k.n.KeyIO           Parsing took 0 ms 
316419     INFO  Test worker     d.u.i.k.n.KeyIO           MODE: declarations took 0 ms 
316421     INFO  Test worker     d.u.i.k.n.KeyIO           Parsing took 0 ms 
316421     INFO  Test worker     d.u.i.k.n.KeyIO           MODE: declarations took 0 ms 
316422     INFO  Test worker     d.u.i.k.n.KeyIO           Parsing took 0 ms 
316423     INFO  Test worker     d.u.i.k.n.KeyIO           MODE: declarations took 0 ms 
316424     INFO  Test worker     d.u.i.k.n.KeyIO           Parsing took 0 ms 
316425     INFO  Test worker     d.u.i.k.n.KeyIO           MODE: declarations took 0 ms 
316425     INFO  Test worker     d.u.i.k.n.KeyIO           Parsing took 0 ms 
316426     INFO  Test worker     d.u.i.k.n.KeyIO           MODE: declarations took 0 ms 
316429     INFO  Test worker     d.u.i.k.n.KeyIO           Parsing took 0 ms 
316429     INFO  Test worker     d.u.i.k.n.KeyIO           MODE: declarations took 0 ms 
316431     INFO  Test worker     d.u.i.k.n.KeyIO           Parsing took 1 ms 
316432     INFO  Test worker     d.u.i.k.n.KeyIO           MODE: declarations took 0 ms 
316436     INFO  Test worker     d.u.i.k.n.KeyIO           Parsing took 0 ms 
316437     INFO  Test worker     d.u.i.k.n.KeyIO           MODE: declarations took 0 ms 
316438     INFO  Test worker     d.u.i.k.n.KeyIO           Parsing took 0 ms 
316438     INFO  Test worker     d.u.i.k.n.KeyIO           MODE: declarations took 0 ms 
316440     INFO  Test worker     d.u.i.k.n.KeyIO           Parsing took 0 ms 
316440     INFO  Test worker     d.u.i.k.n.KeyIO           MODE: declarations took 0 ms 
316441     INFO  Test worker     d.u.i.k.n.KeyIO           Parsing took 0 ms 
316442     INFO  Test worker     d.u.i.k.n.KeyIO           MODE: declarations took 0 ms 
316444     INFO  Test worker     d.u.i.k.n.KeyIO           Parsing took 0 ms 
316445     INFO  Test worker     d.u.i.k.n.KeyIO           MODE: declarations took 0 ms 
316446     INFO  Test worker     d.u.i.k.n.KeyIO           Parsing took 1 ms 
316446     INFO  Test worker     d.u.i.k.n.KeyIO           MODE: declarations took 0 ms 
316447     INFO  Test worker     d.u.i.k.n.KeyIO           Parsing took 0 ms 
316449     INFO  Test worker     d.u.i.k.n.KeyIO           MODE: declarations took 0 ms 
316451     INFO  Test worker     d.u.i.k.n.KeyIO           Parsing took 1 ms 
316451     INFO  Test worker     d.u.i.k.n.KeyIO           MODE: declarations took 0 ms 
316452     INFO  Test worker     d.u.i.k.n.KeyIO           Parsing took 0 ms 
316454     INFO  Test worker     d.u.i.k.n.KeyIO           MODE: declarations took 0 ms 
316457     INFO  Test worker     d.u.i.k.n.KeyIO           Parsing took 0 ms 
316457     INFO  Test worker     d.u.i.k.n.KeyIO           MODE: declarations took 0 ms 
316458     INFO  Test worker     d.u.i.k.n.KeyIO           Parsing took 0 ms 
316459     INFO  Test worker     d.u.i.k.n.KeyIO           MODE: declarations took 0 ms 
316463     INFO  Test worker     d.u.i.k.n.KeyIO           Parsing took 1 ms 
316463     INFO  Test worker     d.u.i.k.n.KeyIO           MODE: declarations took 0 ms 
316465     INFO  Test worker     d.u.i.k.n.KeyIO           Parsing took 0 ms 
316465     INFO  Test worker     d.u.i.k.n.KeyIO           MODE: declarations took 0 ms 
316467     INFO  Test worker     d.u.i.k.n.KeyIO           Parsing took 1 ms 
316467     INFO  Test worker     d.u.i.k.n.KeyIO           MODE: declarations took 0 ms 
316468     INFO  Test worker     d.u.i.k.n.KeyIO           Parsing took 0 ms 
316469     INFO  Test worker     d.u.i.k.n.KeyIO           MODE: declarations took 0 ms 
]]></system-out>
  <system-err><![CDATA[]]></system-err>
</testsuite>
