<?xml version="1.0" encoding="UTF-8"?>
<testsuite name="de.uka.ilkd.key.nparser.ParseLDTsTests" tests="2" skipped="0" failures="0" errors="0" timestamp="2023-04-05T17:29:27" hostname="fv-az366-739" time="1.021">
  <properties/>
  <testcase name="testLDT()" classname="de.uka.ilkd.key.nparser.ParseLDTsTests" time="0.029"/>
  <testcase name="testSR()" classname="de.uka.ilkd.key.nparser.ParseLDTsTests" time="0.991"/>
  <system-out><![CDATA[215048     INFO  Test worker     d.u.i.k.n.KeyIO           Parsing took 20 ms 
215049     INFO  Test worker     d.u.i.k.n.KeyIO           MODE: declarations took 1 ms 
215404     INFO  Test worker     d.u.i.k.n.KeyIO           Parsing took 343 ms 
215407     INFO  Test worker     d.u.i.k.n.KeyIO           MODE: declarations took 3 ms 
]]></system-out>
  <system-err><![CDATA[]]></system-err>
</testsuite>
