<?xml version="1.0" encoding="UTF-8"?>
<testsuite name="de.uka.ilkd.key.parser.TestDeclParser" tests="14" skipped="2" failures="0" errors="0" timestamp="2023-04-05T17:29:35" hostname="fv-az366-739" time="11.863">
  <properties/>
  <testcase name="testGenericSortDecl1()" classname="de.uka.ilkd.key.parser.TestDeclParser" time="1.058"/>
  <testcase name="testGenericSortDecl2()" classname="de.uka.ilkd.key.parser.TestDeclParser" time="1.036"/>
  <testcase name="testGenericSortDecl3()" classname="de.uka.ilkd.key.parser.TestDeclParser" time="0.928"/>
  <testcase name="testGenericSortDecl4()" classname="de.uka.ilkd.key.parser.TestDeclParser" time="1.055"/>
  <testcase name="testGenericSortDecl5()" classname="de.uka.ilkd.key.parser.TestDeclParser" time="0.0">
    <skipped/>
  </testcase>
  <testcase name="testGenericSortDecl6()" classname="de.uka.ilkd.key.parser.TestDeclParser" time="1.053"/>
  <testcase name="testSortDecl()" classname="de.uka.ilkd.key.parser.TestDeclParser" time="1.035"/>
  <testcase name="testProxySortDecl()" classname="de.uka.ilkd.key.parser.TestDeclParser" time="0.941"/>
  <testcase name="testArrayDecl()" classname="de.uka.ilkd.key.parser.TestDeclParser" time="0.992"/>
  <testcase name="testAmbiguousDecls()" classname="de.uka.ilkd.key.parser.TestDeclParser" time="0.0">
    <skipped/>
  </testcase>
  <testcase name="testHeurDecl()" classname="de.uka.ilkd.key.parser.TestDeclParser" time="0.971"/>
  <testcase name="testFunctionDecl()" classname="de.uka.ilkd.key.parser.TestDeclParser" time="0.917"/>
  <testcase name="testPredicateDecl()" classname="de.uka.ilkd.key.parser.TestDeclParser" time="0.954"/>
  <testcase name="testSVDecl()" classname="de.uka.ilkd.key.parser.TestDeclParser" time="0.92"/>
  <system-out><![CDATA[224445     INFO  Test worker     d.u.i.k.n.KeyIO           Parsing took 0 ms 
224446     INFO  Test worker     d.u.i.k.n.KeyIO           MODE: declarations took 0 ms 
225481     INFO  Test worker     d.u.i.k.n.KeyIO           Parsing took 0 ms 
225482     INFO  Test worker     d.u.i.k.n.KeyIO           MODE: declarations took 0 ms 
226410     INFO  Test worker     d.u.i.k.n.KeyIO           Parsing took 0 ms 
226411     INFO  Test worker     d.u.i.k.n.KeyIO           MODE: declarations took 1 ms 
227466     INFO  Test worker     d.u.i.k.n.KeyIO           Parsing took 0 ms 
227467     INFO  Test worker     d.u.i.k.n.KeyIO           MODE: declarations took 0 ms 
228520     INFO  Test worker     d.u.i.k.n.KeyIO           Parsing took 0 ms 
228520     INFO  Test worker     d.u.i.k.n.KeyIO           MODE: declarations took 0 ms 
229556     INFO  Test worker     d.u.i.k.n.KeyIO           Parsing took 0 ms 
229556     INFO  Test worker     d.u.i.k.n.KeyIO           MODE: declarations took 0 ms 
230497     INFO  Test worker     d.u.i.k.n.KeyIO           Parsing took 0 ms 
230497     INFO  Test worker     d.u.i.k.n.KeyIO           MODE: declarations took 0 ms 
231489     INFO  Test worker     d.u.i.k.n.KeyIO           Parsing took 0 ms 
231489     INFO  Test worker     d.u.i.k.n.KeyIO           MODE: declarations took 0 ms 
232461     INFO  Test worker     d.u.i.k.n.KeyIO           Parsing took 0 ms 
232461     INFO  Test worker     d.u.i.k.n.KeyIO           MODE: declarations took 0 ms 
233377     INFO  Test worker     d.u.i.k.n.KeyIO           Parsing took 0 ms 
233378     INFO  Test worker     d.u.i.k.n.KeyIO           MODE: declarations took 0 ms 
234332     INFO  Test worker     d.u.i.k.n.KeyIO           Parsing took 0 ms 
234332     INFO  Test worker     d.u.i.k.n.KeyIO           MODE: declarations took 0 ms 
235251     INFO  Test worker     d.u.i.k.n.KeyIO           Parsing took 0 ms 
235252     INFO  Test worker     d.u.i.k.n.KeyIO           MODE: declarations took 0 ms 
]]></system-out>
  <system-err><![CDATA[]]></system-err>
</testsuite>
