<?xml version="1.0" encoding="UTF-8"?>
<testsuite name="de.uka.ilkd.key.nparser.ExprTest" tests="23" skipped="0" failures="0" errors="0" timestamp="2023-04-05T17:29:24" hostname="fv-az366-739" time="2.426">
  <properties/>
  <testcase name="[1] (bprod{int y;}(1, 2, y) = 0)" classname="de.uka.ilkd.key.nparser.ExprTest" time="0.026"/>
  <testcase name="[2] 1 = 1 -&gt; 2 = 2" classname="de.uka.ilkd.key.nparser.ExprTest" time="0.026"/>
  <testcase name="[3] \&lt; { int x = 1; } \&gt; x=1" classname="de.uka.ilkd.key.nparser.ExprTest" time="0.987"/>
  <testcase name="[4] \&lt;{ int x = 1; {int s = 2;} }\&gt; x=x" classname="de.uka.ilkd.key.nparser.ExprTest" time="0.934"/>
  <testcase name="[5] true" classname="de.uka.ilkd.key.nparser.ExprTest" time="0.012"/>
  <testcase name="[6] true &amp; false" classname="de.uka.ilkd.key.nparser.ExprTest" time="0.012"/>
  <testcase name="[7] 0" classname="de.uka.ilkd.key.nparser.ExprTest" time="0.012"/>
  <testcase name="[8] 1" classname="de.uka.ilkd.key.nparser.ExprTest" time="0.012"/>
  <testcase name="[9] 42" classname="de.uka.ilkd.key.nparser.ExprTest" time="0.022"/>
  <testcase name="[10] -5" classname="de.uka.ilkd.key.nparser.ExprTest" time="0.022"/>
  <testcase name="[11] 1 + 1 = 2" classname="de.uka.ilkd.key.nparser.ExprTest" time="0.022"/>
  <testcase name="[12] \if (3=4) \then (1) \else (2)" classname="de.uka.ilkd.key.nparser.ExprTest" time="0.099"/>
  <testcase name="[13] \if (3=4 &amp; 1=1) \then (\if (3=4) \then (1) \else (2)) \else (2)" classname="de.uka.ilkd.key.nparser.ExprTest" time="0.017"/>
  <testcase name="[14] aa + bb*cc" classname="de.uka.ilkd.key.nparser.ExprTest" time="0.023"/>
  <testcase name="[15] aa%bb*cc &lt; -123" classname="de.uka.ilkd.key.nparser.ExprTest" time="0.02"/>
  <testcase name="[16] \forall int x; true" classname="de.uka.ilkd.key.nparser.ExprTest" time="0.017"/>
  <testcase name="[17] \forall numbers x; x = x" classname="de.uka.ilkd.key.nparser.ExprTest" time="0.016"/>
  <testcase name="[18] (int)3+2" classname="de.uka.ilkd.key.nparser.ExprTest" time="0.013"/>
  <testcase name="[19] 1.f + 1f = 20e-1f * (2f-1f)" classname="de.uka.ilkd.key.nparser.ExprTest" time="0.032"/>
  <testcase name="[20] 1.d + 1d &lt;= 20e+1d * .01d" classname="de.uka.ilkd.key.nparser.ExprTest" time="0.016"/>
  <testcase name="[21] 1f &lt;= 2f" classname="de.uka.ilkd.key.nparser.ExprTest" time="0.015"/>
  <testcase name="[22] 2d &gt; 1d" classname="de.uka.ilkd.key.nparser.ExprTest" time="0.015"/>
  <testcase name="[23] seqEmpty + seqEmpty" classname="de.uka.ilkd.key.nparser.ExprTest" time="0.017"/>
  <system-out><![CDATA[212604     INFO  Test worker     d.u.i.k.n.KeyIO           Parsing took 14 ms 
212606     INFO  Test worker     d.u.i.k.n.KeyIO           MODE: declarations took 1 ms 
212611     INFO  Test worker     d.u.i.k.n.ExprTest        Term: equals(bprod{y:int}(Z(1(#)),Z(2(#)),y),Z(0(#))) 
212631     INFO  Test worker     d.u.i.k.n.KeyIO           Parsing took 14 ms 
212634     INFO  Test worker     d.u.i.k.n.KeyIO           MODE: declarations took 1 ms 
212639     INFO  Test worker     d.u.i.k.n.ExprTest        Term: imp(equals(Z(1(#)),Z(1(#))),equals(Z(2(#)),Z(2(#)))) 
212654     INFO  Test worker     d.u.i.k.n.KeyIO           Parsing took 8 ms 
212656     INFO  Test worker     d.u.i.k.n.KeyIO           MODE: declarations took 1 ms 
213628     INFO  Test worker     d.u.i.k.n.ExprTest        Term: \<{
  int x = 1;
}\> (equals(x,Z(1(#)))) 
213639     INFO  Test worker     d.u.i.k.n.KeyIO           Parsing took 8 ms 
213640     INFO  Test worker     d.u.i.k.n.KeyIO           MODE: declarations took 1 ms 
214563     INFO  Test worker     d.u.i.k.n.ExprTest        Term: \<{
  int x = 1;
  {
    int s = 2;
  }
}\> (equals(x,x)) 
214573     INFO  Test worker     d.u.i.k.n.KeyIO           Parsing took 7 ms 
214574     INFO  Test worker     d.u.i.k.n.KeyIO           MODE: declarations took 0 ms 
214577     INFO  Test worker     d.u.i.k.n.ExprTest        Term: true 
214587     INFO  Test worker     d.u.i.k.n.KeyIO           Parsing took 8 ms 
214588     INFO  Test worker     d.u.i.k.n.KeyIO           MODE: declarations took 1 ms 
214590     INFO  Test worker     d.u.i.k.n.ExprTest        Term: and(true,false) 
214599     INFO  Test worker     d.u.i.k.n.KeyIO           Parsing took 7 ms 
214600     INFO  Test worker     d.u.i.k.n.KeyIO           MODE: declarations took 1 ms 
214602     INFO  Test worker     d.u.i.k.n.ExprTest        Term: Z(0(#)) 
214611     INFO  Test worker     d.u.i.k.n.KeyIO           Parsing took 7 ms 
214613     INFO  Test worker     d.u.i.k.n.KeyIO           MODE: declarations took 1 ms 
214615     INFO  Test worker     d.u.i.k.n.ExprTest        Term: Z(1(#)) 
214629     INFO  Test worker     d.u.i.k.n.KeyIO           Parsing took 12 ms 
214630     INFO  Test worker     d.u.i.k.n.KeyIO           MODE: declarations took 1 ms 
214637     INFO  Test worker     d.u.i.k.n.ExprTest        Term: Z(2(4(#))) 
214653     INFO  Test worker     d.u.i.k.n.KeyIO           Parsing took 10 ms 
214660     INFO  Test worker     d.u.i.k.n.KeyIO           MODE: declarations took 6 ms 
214663     INFO  Test worker     d.u.i.k.n.ExprTest        Term: Z(neglit(5(#))) 
214682     INFO  Test worker     d.u.i.k.n.KeyIO           Parsing took 15 ms 
214683     INFO  Test worker     d.u.i.k.n.KeyIO           MODE: declarations took 1 ms 
214687     INFO  Test worker     d.u.i.k.n.ExprTest        Term: equals(add(Z(1(#)),Z(1(#))),Z(2(#))) 
214782     INFO  Test worker     d.u.i.k.n.KeyIO           Parsing took 89 ms 
214784     INFO  Test worker     d.u.i.k.n.KeyIO           MODE: declarations took 1 ms 
214786     INFO  Test worker     d.u.i.k.n.ExprTest        Term: if-then-else(equals(Z(3(#)),Z(4(#))),Z(1(#)),Z(2(#))) 
214799     INFO  Test worker     d.u.i.k.n.KeyIO           Parsing took 9 ms 
214802     INFO  Test worker     d.u.i.k.n.KeyIO           MODE: declarations took 2 ms 
214804     INFO  Test worker     d.u.i.k.n.ExprTest        Term: if-then-else(and(equals(Z(3(#)),Z(4(#))),equals(Z(1(#)),Z(1(#)))),if-then-else(equals(Z(3(#)),Z(4(#))),Z(1(#)),Z(2(#))),Z(2(#))) 
214822     INFO  Test worker     d.u.i.k.n.KeyIO           Parsing took 13 ms 
214827     INFO  Test worker     d.u.i.k.n.KeyIO           MODE: declarations took 5 ms 
214829     INFO  Test worker     d.u.i.k.n.ExprTest        Term: add(aa,mul(bb,cc)) 
214846     INFO  Test worker     d.u.i.k.n.KeyIO           Parsing took 13 ms 
214847     INFO  Test worker     d.u.i.k.n.KeyIO           MODE: declarations took 1 ms 
214850     INFO  Test worker     d.u.i.k.n.ExprTest        Term: lt(mul(mod(aa,bb),cc),Z(neglit(3(2(1(#)))))) 
214866     INFO  Test worker     d.u.i.k.n.KeyIO           Parsing took 10 ms 
214867     INFO  Test worker     d.u.i.k.n.KeyIO           MODE: declarations took 1 ms 
214869     INFO  Test worker     d.u.i.k.n.ExprTest        Term: all{x:int}(true) 
214883     INFO  Test worker     d.u.i.k.n.KeyIO           Parsing took 8 ms 
214884     INFO  Test worker     d.u.i.k.n.KeyIO           MODE: declarations took 0 ms 
214888     INFO  Test worker     d.u.i.k.n.ExprTest        Term: all{x:numbers}(equals(x,x)) 
214900     INFO  Test worker     d.u.i.k.n.KeyIO           Parsing took 7 ms 
214901     INFO  Test worker     d.u.i.k.n.KeyIO           MODE: declarations took 0 ms 
214905     INFO  Test worker     d.u.i.k.n.ExprTest        Term: add(int::cast(Z(3(#))),Z(2(#))) 
214920     INFO  Test worker     d.u.i.k.n.KeyIO           Parsing took 9 ms 
214921     INFO  Test worker     d.u.i.k.n.KeyIO           MODE: declarations took 1 ms 
214926     INFO  Test worker     d.u.i.k.n.ExprTest        Term: equals(addFloat(FP(6(1(2(3(5(3(5(6(0(1(#))))))))))),FP(6(1(2(3(5(3(5(6(0(1(#)))))))))))),mulFloat(FP(4(2(8(1(4(7(3(7(0(1(#))))))))))),subFloat(FP(4(2(8(1(4(7(3(7(0(1(#))))))))))),FP(6(1(2(3(5(3(5(6(0(1(#)))))))))))))) 
214950     INFO  Test worker     d.u.i.k.n.KeyIO           Parsing took 8 ms 
214952     INFO  Test worker     d.u.i.k.n.KeyIO           MODE: declarations took 1 ms 
214956     INFO  Test worker     d.u.i.k.n.ExprTest        Term: leqDouble(addDouble(DFP(8(0(4(7(1(0(0(0(8(8(1(4(2(8(1(7(0(6(4(#)))))))))))))))))))),DFP(8(0(4(7(1(0(0(0(8(8(1(4(2(8(1(7(0(6(4(#))))))))))))))))))))),mulDouble(DFP(4(8(7(6(0(0(2(8(9(0(9(8(0(4(2(1(4(6(4(#)))))))))))))))))))),DFP(5(7(6(7(8(0(4(0(3(9(2(2(8(1(9(6(7(5(4(#)))))))))))))))))))))) 
214971     INFO  Test worker     d.u.i.k.n.KeyIO           Parsing took 8 ms 
214972     INFO  Test worker     d.u.i.k.n.KeyIO           MODE: declarations took 1 ms 
214975     INFO  Test worker     d.u.i.k.n.ExprTest        Term: leqFloat(FP(6(1(2(3(5(3(5(6(0(1(#))))))))))),FP(4(2(8(1(4(7(3(7(0(1(#)))))))))))) 
214987     INFO  Test worker     d.u.i.k.n.KeyIO           Parsing took 8 ms 
214988     INFO  Test worker     d.u.i.k.n.KeyIO           MODE: declarations took 1 ms 
214992     INFO  Test worker     d.u.i.k.n.ExprTest        Term: gtDouble(DFP(4(0(9(7(8(3(7(2(4(8(1(0(6(8(6(1(1(6(4(#)))))))))))))))))))),DFP(8(0(4(7(1(0(0(0(8(8(1(4(2(8(1(7(0(6(4(#))))))))))))))))))))) 
215004     INFO  Test worker     d.u.i.k.n.KeyIO           Parsing took 8 ms 
215007     INFO  Test worker     d.u.i.k.n.KeyIO           MODE: declarations took 1 ms 
215010     INFO  Test worker     d.u.i.k.n.ExprTest        Term: seqConcat(seqEmpty,seqEmpty) 
]]></system-out>
  <system-err><![CDATA[]]></system-err>
</testsuite>
