<?xml version="1.0" encoding="UTF-8"?>
<testsuite name="de.uka.ilkd.key.parser.TestTermParserHeap" tests="39" skipped="0" failures="0" errors="0" timestamp="2023-04-05T17:31:15" hostname="fv-az366-739" time="111.274">
  <properties/>
  <testcase name="testBracketHeapUpdate()" classname="de.uka.ilkd.key.parser.TestTermParserHeap" time="0.021"/>
  <testcase name="testStore()" classname="de.uka.ilkd.key.parser.TestTermParserHeap" time="0.02"/>
  <testcase name="testUnknownConstant()" classname="de.uka.ilkd.key.parser.TestTermParserHeap" time="0.002"/>
  <testcase name="testAllFieldsSelector()" classname="de.uka.ilkd.key.parser.TestTermParserHeap" time="0.001"/>
  <testcase name="testParsePrettyPrintedSelect()" classname="de.uka.ilkd.key.parser.TestTermParserHeap" time="0.002"/>
  <testcase name="testAccessStaticMembers()" classname="de.uka.ilkd.key.parser.TestTermParserHeap" time="0.015"/>
  <testcase name="testAtOperator_1()" classname="de.uka.ilkd.key.parser.TestTermParserHeap" time="0.001"/>
  <testcase name="testAtOperator_2()" classname="de.uka.ilkd.key.parser.TestTermParserHeap" time="0.007"/>
  <testcase name="testAtOperator_3()" classname="de.uka.ilkd.key.parser.TestTermParserHeap" time="0.002"/>
  <testcase name="testAtOperator_4()" classname="de.uka.ilkd.key.parser.TestTermParserHeap" time="0.004"/>
  <testcase name="testAtOperator_5()" classname="de.uka.ilkd.key.parser.TestTermParserHeap" time="0.002"/>
  <testcase name="testAtOperator_6()" classname="de.uka.ilkd.key.parser.TestTermParserHeap" time="0.001"/>
  <testcase name="testAtOperator_7()" classname="de.uka.ilkd.key.parser.TestTermParserHeap" time="0.002"/>
  <testcase name="testAtOperator_8()" classname="de.uka.ilkd.key.parser.TestTermParserHeap" time="0.002"/>
  <testcase name="testVerifyExceptionIfAtOperatorNotPreceededBySelectTerm()" classname="de.uka.ilkd.key.parser.TestTermParserHeap" time="0.002"/>
  <testcase name="testBugResettingCounter()" classname="de.uka.ilkd.key.parser.TestTermParserHeap" time="0.002"/>
  <testcase name="testLocationSets()" classname="de.uka.ilkd.key.parser.TestTermParserHeap" time="0.002"/>
  <testcase name="testQuantifiedSelect()" classname="de.uka.ilkd.key.parser.TestTermParserHeap" time="0.002"/>
  <testcase name="testGenericObjectProperties()" classname="de.uka.ilkd.key.parser.TestTermParserHeap" time="0.003"/>
  <testcase name="testQueryInheritance_1()" classname="de.uka.ilkd.key.parser.TestTermParserHeap" time="0.002"/>
  <testcase name="testQueryInheritance_2()" classname="de.uka.ilkd.key.parser.TestTermParserHeap" time="0.002"/>
  <testcase name="testQueryInheritance_3()" classname="de.uka.ilkd.key.parser.TestTermParserHeap" time="0.004"/>
  <testcase name="testQueryInheritance_4()" classname="de.uka.ilkd.key.parser.TestTermParserHeap" time="0.001"/>
  <testcase name="testQueryInheritance_5()" classname="de.uka.ilkd.key.parser.TestTermParserHeap" time="0.001"/>
  <testcase name="testQueryInheritance_6()" classname="de.uka.ilkd.key.parser.TestTermParserHeap" time="0.002"/>
  <testcase name="testQueryInheritance_7()" classname="de.uka.ilkd.key.parser.TestTermParserHeap" time="0.004"/>
  <testcase name="testQueryInheritance_8()" classname="de.uka.ilkd.key.parser.TestTermParserHeap" time="0.004"/>
  <testcase name="testQueryInheritance_9()" classname="de.uka.ilkd.key.parser.TestTermParserHeap" time="0.002"/>
  <testcase name="testQueryBasic_10()" classname="de.uka.ilkd.key.parser.TestTermParserHeap" time="0.001"/>
  <testcase name="testQueryBasic_11()" classname="de.uka.ilkd.key.parser.TestTermParserHeap" time="0.004"/>
  <testcase name="testQueryBasic_1()" classname="de.uka.ilkd.key.parser.TestTermParserHeap" time="0.001"/>
  <testcase name="testQueryBasic_2()" classname="de.uka.ilkd.key.parser.TestTermParserHeap" time="0.003"/>
  <testcase name="testQueryBasic_3()" classname="de.uka.ilkd.key.parser.TestTermParserHeap" time="0.004"/>
  <testcase name="testQueryBasic_4()" classname="de.uka.ilkd.key.parser.TestTermParserHeap" time="0.002"/>
  <testcase name="testQueryBasic_5()" classname="de.uka.ilkd.key.parser.TestTermParserHeap" time="0.001"/>
  <testcase name="testQueryBasic_6()" classname="de.uka.ilkd.key.parser.TestTermParserHeap" time="0.003"/>
  <testcase name="testQueryBasic_7()" classname="de.uka.ilkd.key.parser.TestTermParserHeap" time="0.009"/>
  <testcase name="testQueryBasic_8()" classname="de.uka.ilkd.key.parser.TestTermParserHeap" time="0.004"/>
  <testcase name="testQueryBasic_9()" classname="de.uka.ilkd.key.parser.TestTermParserHeap" time="0.002"/>
  <system-out><![CDATA[323447     INFO  Test worker     d.u.i.k.n.KeyIO           Parsing took 0 ms 
323448     INFO  Test worker     d.u.i.k.n.KeyIO           MODE: declarations took 0 ms 
323448     INFO  Test worker     d.u.i.k.n.KeyIO           Parsing took 0 ms 
323448     INFO  Test worker     d.u.i.k.n.KeyIO           MODE: declarations took 0 ms 
323448     INFO  Test worker     d.u.i.k.n.KeyIO           Parsing took 0 ms 
323448     INFO  Test worker     d.u.i.k.n.KeyIO           MODE: declarations took 0 ms 
323448     INFO  Test worker     d.u.i.k.n.KeyIO           Parsing took 0 ms 
323448     INFO  Test worker     d.u.i.k.n.KeyIO           MODE: declarations took 0 ms 
323448     INFO  Test worker     d.u.i.k.n.KeyIO           Parsing took 0 ms 
323448     INFO  Test worker     d.u.i.k.n.KeyIO           MODE: declarations took 0 ms 
326679     INFO  Test worker     d.u.i.k.n.KeyIO           Parsing took 0 ms 
326679     INFO  Test worker     d.u.i.k.n.KeyIO           MODE: declarations took 0 ms 
326679     INFO  Test worker     d.u.i.k.n.KeyIO           Parsing took 0 ms 
326679     INFO  Test worker     d.u.i.k.n.KeyIO           MODE: declarations took 0 ms 
326679     INFO  Test worker     d.u.i.k.n.KeyIO           Parsing took 0 ms 
326679     INFO  Test worker     d.u.i.k.n.KeyIO           MODE: declarations took 0 ms 
326679     INFO  Test worker     d.u.i.k.n.KeyIO           Parsing took 0 ms 
326679     INFO  Test worker     d.u.i.k.n.KeyIO           MODE: declarations took 0 ms 
326681     INFO  Test worker     d.u.i.k.n.KeyIO           Parsing took 2 ms 
326682     INFO  Test worker     d.u.i.k.n.KeyIO           MODE: declarations took 0 ms 
329774     INFO  Test worker     d.u.i.k.n.KeyIO           Parsing took 0 ms 
329774     INFO  Test worker     d.u.i.k.n.KeyIO           MODE: declarations took 0 ms 
329774     INFO  Test worker     d.u.i.k.n.KeyIO           Parsing took 0 ms 
329774     INFO  Test worker     d.u.i.k.n.KeyIO           MODE: declarations took 0 ms 
329774     INFO  Test worker     d.u.i.k.n.KeyIO           Parsing took 0 ms 
329774     INFO  Test worker     d.u.i.k.n.KeyIO           MODE: declarations took 0 ms 
329774     INFO  Test worker     d.u.i.k.n.KeyIO           Parsing took 0 ms 
329774     INFO  Test worker     d.u.i.k.n.KeyIO           MODE: declarations took 0 ms 
329774     INFO  Test worker     d.u.i.k.n.KeyIO           Parsing took 0 ms 
329774     INFO  Test worker     d.u.i.k.n.KeyIO           MODE: declarations took 0 ms 
329775     INFO  Test worker     d.u.i.k.n.KeyIO           Parsing took 1 ms 
329775     INFO  Test worker     d.u.i.k.n.KeyIO           MODE: declarations took 0 ms 
333058     INFO  Test worker     d.u.i.k.n.KeyIO           Parsing took 0 ms 
333058     INFO  Test worker     d.u.i.k.n.KeyIO           MODE: declarations took 0 ms 
333058     INFO  Test worker     d.u.i.k.n.KeyIO           Parsing took 0 ms 
333058     INFO  Test worker     d.u.i.k.n.KeyIO           MODE: declarations took 0 ms 
333058     INFO  Test worker     d.u.i.k.n.KeyIO           Parsing took 0 ms 
333058     INFO  Test worker     d.u.i.k.n.KeyIO           MODE: declarations took 0 ms 
333058     INFO  Test worker     d.u.i.k.n.KeyIO           Parsing took 0 ms 
333059     INFO  Test worker     d.u.i.k.n.KeyIO           MODE: declarations took 1 ms 
333059     INFO  Test worker     d.u.i.k.n.KeyIO           Parsing took 0 ms 
333059     INFO  Test worker     d.u.i.k.n.KeyIO           MODE: declarations took 0 ms 
336170     INFO  Test worker     d.u.i.k.n.KeyIO           Parsing took 0 ms 
336170     INFO  Test worker     d.u.i.k.n.KeyIO           MODE: declarations took 0 ms 
336170     INFO  Test worker     d.u.i.k.n.KeyIO           Parsing took 0 ms 
336170     INFO  Test worker     d.u.i.k.n.KeyIO           MODE: declarations took 0 ms 
336170     INFO  Test worker     d.u.i.k.n.KeyIO           Parsing took 0 ms 
336170     INFO  Test worker     d.u.i.k.n.KeyIO           MODE: declarations took 0 ms 
336170     INFO  Test worker     d.u.i.k.n.KeyIO           Parsing took 0 ms 
336170     INFO  Test worker     d.u.i.k.n.KeyIO           MODE: declarations took 0 ms 
336170     INFO  Test worker     d.u.i.k.n.KeyIO           Parsing took 0 ms 
336170     INFO  Test worker     d.u.i.k.n.KeyIO           MODE: declarations took 0 ms 
339034     INFO  Test worker     d.u.i.k.n.KeyIO           Parsing took 0 ms 
339035     INFO  Test worker     d.u.i.k.n.KeyIO           MODE: declarations took 0 ms 
339035     INFO  Test worker     d.u.i.k.n.KeyIO           Parsing took 0 ms 
339035     INFO  Test worker     d.u.i.k.n.KeyIO           MODE: declarations took 0 ms 
339035     INFO  Test worker     d.u.i.k.n.KeyIO           Parsing took 0 ms 
339043     INFO  Test worker     d.u.i.k.n.KeyIO           MODE: declarations took 0 ms 
339044     INFO  Test worker     d.u.i.k.n.KeyIO           Parsing took 0 ms 
339044     INFO  Test worker     d.u.i.k.n.KeyIO           MODE: declarations took 0 ms 
339044     INFO  Test worker     d.u.i.k.n.KeyIO           Parsing took 0 ms 
339044     INFO  Test worker     d.u.i.k.n.KeyIO           MODE: declarations took 0 ms 
341872     INFO  Test worker     d.u.i.k.n.KeyIO           Parsing took 1 ms 
341872     INFO  Test worker     d.u.i.k.n.KeyIO           MODE: declarations took 0 ms 
341872     INFO  Test worker     d.u.i.k.n.KeyIO           Parsing took 0 ms 
341872     INFO  Test worker     d.u.i.k.n.KeyIO           MODE: declarations took 0 ms 
341872     INFO  Test worker     d.u.i.k.n.KeyIO           Parsing took 0 ms 
341872     INFO  Test worker     d.u.i.k.n.KeyIO           MODE: declarations took 0 ms 
341872     INFO  Test worker     d.u.i.k.n.KeyIO           Parsing took 0 ms 
341872     INFO  Test worker     d.u.i.k.n.KeyIO           MODE: declarations took 0 ms 
341872     INFO  Test worker     d.u.i.k.n.KeyIO           Parsing took 0 ms 
341872     INFO  Test worker     d.u.i.k.n.KeyIO           MODE: declarations took 0 ms 
344738     INFO  Test worker     d.u.i.k.n.KeyIO           Parsing took 0 ms 
344739     INFO  Test worker     d.u.i.k.n.KeyIO           MODE: declarations took 0 ms 
344739     INFO  Test worker     d.u.i.k.n.KeyIO           Parsing took 0 ms 
344739     INFO  Test worker     d.u.i.k.n.KeyIO           MODE: declarations took 0 ms 
344740     INFO  Test worker     d.u.i.k.n.KeyIO           Parsing took 1 ms 
344740     INFO  Test worker     d.u.i.k.n.KeyIO           MODE: declarations took 0 ms 
344740     INFO  Test worker     d.u.i.k.n.KeyIO           Parsing took 0 ms 
344740     INFO  Test worker     d.u.i.k.n.KeyIO           MODE: declarations took 0 ms 
344740     INFO  Test worker     d.u.i.k.n.KeyIO           Parsing took 0 ms 
344741     INFO  Test worker     d.u.i.k.n.KeyIO           MODE: declarations took 0 ms 
347683     INFO  Test worker     d.u.i.k.n.KeyIO           Parsing took 0 ms 
347683     INFO  Test worker     d.u.i.k.n.KeyIO           MODE: declarations took 0 ms 
347683     INFO  Test worker     d.u.i.k.n.KeyIO           Parsing took 0 ms 
347683     INFO  Test worker     d.u.i.k.n.KeyIO           MODE: declarations took 0 ms 
347683     INFO  Test worker     d.u.i.k.n.KeyIO           Parsing took 0 ms 
347683     INFO  Test worker     d.u.i.k.n.KeyIO           MODE: declarations took 0 ms 
347683     INFO  Test worker     d.u.i.k.n.KeyIO           Parsing took 0 ms 
347683     INFO  Test worker     d.u.i.k.n.KeyIO           MODE: declarations took 0 ms 
347683     INFO  Test worker     d.u.i.k.n.KeyIO           Parsing took 0 ms 
347683     INFO  Test worker     d.u.i.k.n.KeyIO           MODE: declarations took 0 ms 
350876     INFO  Test worker     d.u.i.k.n.KeyIO           Parsing took 0 ms 
350877     INFO  Test worker     d.u.i.k.n.KeyIO           MODE: declarations took 0 ms 
350877     INFO  Test worker     d.u.i.k.n.KeyIO           Parsing took 0 ms 
350877     INFO  Test worker     d.u.i.k.n.KeyIO           MODE: declarations took 0 ms 
350877     INFO  Test worker     d.u.i.k.n.KeyIO           Parsing took 0 ms 
350877     INFO  Test worker     d.u.i.k.n.KeyIO           MODE: declarations took 0 ms 
350877     INFO  Test worker     d.u.i.k.n.KeyIO           Parsing took 0 ms 
350877     INFO  Test worker     d.u.i.k.n.KeyIO           MODE: declarations took 0 ms 
350877     INFO  Test worker     d.u.i.k.n.KeyIO           Parsing took 0 ms 
350877     INFO  Test worker     d.u.i.k.n.KeyIO           MODE: declarations took 0 ms 
353684     INFO  Test worker     d.u.i.k.n.KeyIO           Parsing took 0 ms 
353684     INFO  Test worker     d.u.i.k.n.KeyIO           MODE: declarations took 0 ms 
353684     INFO  Test worker     d.u.i.k.n.KeyIO           Parsing took 0 ms 
353684     INFO  Test worker     d.u.i.k.n.KeyIO           MODE: declarations took 0 ms 
353684     INFO  Test worker     d.u.i.k.n.KeyIO           Parsing took 0 ms 
353684     INFO  Test worker     d.u.i.k.n.KeyIO           MODE: declarations took 0 ms 
353684     INFO  Test worker     d.u.i.k.n.KeyIO           Parsing took 0 ms 
353684     INFO  Test worker     d.u.i.k.n.KeyIO           MODE: declarations took 0 ms 
353684     INFO  Test worker     d.u.i.k.n.KeyIO           Parsing took 0 ms 
353684     INFO  Test worker     d.u.i.k.n.KeyIO           MODE: declarations took 0 ms 
356567     INFO  Test worker     d.u.i.k.n.KeyIO           Parsing took 1 ms 
356567     INFO  Test worker     d.u.i.k.n.KeyIO           MODE: declarations took 0 ms 
356567     INFO  Test worker     d.u.i.k.n.KeyIO           Parsing took 0 ms 
356567     INFO  Test worker     d.u.i.k.n.KeyIO           MODE: declarations took 0 ms 
356567     INFO  Test worker     d.u.i.k.n.KeyIO           Parsing took 0 ms 
356567     INFO  Test worker     d.u.i.k.n.KeyIO           MODE: declarations took 0 ms 
356567     INFO  Test worker     d.u.i.k.n.KeyIO           Parsing took 0 ms 
356567     INFO  Test worker     d.u.i.k.n.KeyIO           MODE: declarations took 0 ms 
356567     INFO  Test worker     d.u.i.k.n.KeyIO           Parsing took 0 ms 
356567     INFO  Test worker     d.u.i.k.n.KeyIO           MODE: declarations took 0 ms 
359428     INFO  Test worker     d.u.i.k.n.KeyIO           Parsing took 0 ms 
359428     INFO  Test worker     d.u.i.k.n.KeyIO           MODE: declarations took 0 ms 
359428     INFO  Test worker     d.u.i.k.n.KeyIO           Parsing took 0 ms 
359428     INFO  Test worker     d.u.i.k.n.KeyIO           MODE: declarations took 0 ms 
359428     INFO  Test worker     d.u.i.k.n.KeyIO           Parsing took 0 ms 
359428     INFO  Test worker     d.u.i.k.n.KeyIO           MODE: declarations took 0 ms 
359428     INFO  Test worker     d.u.i.k.n.KeyIO           Parsing took 0 ms 
359428     INFO  Test worker     d.u.i.k.n.KeyIO           MODE: declarations took 0 ms 
359428     INFO  Test worker     d.u.i.k.n.KeyIO           Parsing took 0 ms 
359428     INFO  Test worker     d.u.i.k.n.KeyIO           MODE: declarations took 0 ms 
362349     INFO  Test worker     d.u.i.k.n.KeyIO           Parsing took 0 ms 
362349     INFO  Test worker     d.u.i.k.n.KeyIO           MODE: declarations took 0 ms 
362349     INFO  Test worker     d.u.i.k.n.KeyIO           Parsing took 0 ms 
362349     INFO  Test worker     d.u.i.k.n.KeyIO           MODE: declarations took 0 ms 
362349     INFO  Test worker     d.u.i.k.n.KeyIO           Parsing took 0 ms 
362349     INFO  Test worker     d.u.i.k.n.KeyIO           MODE: declarations took 0 ms 
362349     INFO  Test worker     d.u.i.k.n.KeyIO           Parsing took 0 ms 
362349     INFO  Test worker     d.u.i.k.n.KeyIO           MODE: declarations took 0 ms 
362350     INFO  Test worker     d.u.i.k.n.KeyIO           Parsing took 0 ms 
362350     INFO  Test worker     d.u.i.k.n.KeyIO           MODE: declarations took 0 ms 
365249     INFO  Test worker     d.u.i.k.n.KeyIO           Parsing took 0 ms 
365249     INFO  Test worker     d.u.i.k.n.KeyIO           MODE: declarations took 0 ms 
365249     INFO  Test worker     d.u.i.k.n.KeyIO           Parsing took 0 ms 
365249     INFO  Test worker     d.u.i.k.n.KeyIO           MODE: declarations took 0 ms 
365249     INFO  Test worker     d.u.i.k.n.KeyIO           Parsing took 0 ms 
365250     INFO  Test worker     d.u.i.k.n.KeyIO           MODE: declarations took 1 ms 
365250     INFO  Test worker     d.u.i.k.n.KeyIO           Parsing took 0 ms 
365250     INFO  Test worker     d.u.i.k.n.KeyIO           MODE: declarations took 0 ms 
365250     INFO  Test worker     d.u.i.k.n.KeyIO           Parsing took 0 ms 
365250     INFO  Test worker     d.u.i.k.n.KeyIO           MODE: declarations took 0 ms 
365251     WARN  Test worker     d.u.i.k.n.KeYParser       [syntax-error] <unknown>:1:11: mismatched input '@' expecting {'/', ':=', '.', '(', ')', '{', '[', '@', PARALLEL, OR, AND, IMP, '=', NOT_EQUALS, '%', '*', '-', '+', '>', GREATEREQUAL, '<', LESSEQUAL, LGUILLEMETS, EQV} [@11,11:11='@',<153>,1:11] (termEOF) 
368048     INFO  Test worker     d.u.i.k.n.KeyIO           Parsing took 0 ms 
368048     INFO  Test worker     d.u.i.k.n.KeyIO           MODE: declarations took 0 ms 
368048     INFO  Test worker     d.u.i.k.n.KeyIO           Parsing took 0 ms 
368048     INFO  Test worker     d.u.i.k.n.KeyIO           MODE: declarations took 0 ms 
368048     INFO  Test worker     d.u.i.k.n.KeyIO           Parsing took 0 ms 
368048     INFO  Test worker     d.u.i.k.n.KeyIO           MODE: declarations took 0 ms 
368048     INFO  Test worker     d.u.i.k.n.KeyIO           Parsing took 0 ms 
368048     INFO  Test worker     d.u.i.k.n.KeyIO           MODE: declarations took 0 ms 
368048     INFO  Test worker     d.u.i.k.n.KeyIO           Parsing took 0 ms 
368048     INFO  Test worker     d.u.i.k.n.KeyIO           MODE: declarations took 0 ms 
370822     INFO  Test worker     d.u.i.k.n.KeyIO           Parsing took 0 ms 
370822     INFO  Test worker     d.u.i.k.n.KeyIO           MODE: declarations took 0 ms 
370822     INFO  Test worker     d.u.i.k.n.KeyIO           Parsing took 0 ms 
370822     INFO  Test worker     d.u.i.k.n.KeyIO           MODE: declarations took 0 ms 
370822     INFO  Test worker     d.u.i.k.n.KeyIO           Parsing took 0 ms 
370822     INFO  Test worker     d.u.i.k.n.KeyIO           MODE: declarations took 0 ms 
370822     INFO  Test worker     d.u.i.k.n.KeyIO           Parsing took 0 ms 
370822     INFO  Test worker     d.u.i.k.n.KeyIO           MODE: declarations took 0 ms 
370822     INFO  Test worker     d.u.i.k.n.KeyIO           Parsing took 0 ms 
370822     INFO  Test worker     d.u.i.k.n.KeyIO           MODE: declarations took 0 ms 
373676     INFO  Test worker     d.u.i.k.n.KeyIO           Parsing took 0 ms 
373676     INFO  Test worker     d.u.i.k.n.KeyIO           MODE: declarations took 0 ms 
373676     INFO  Test worker     d.u.i.k.n.KeyIO           Parsing took 0 ms 
373676     INFO  Test worker     d.u.i.k.n.KeyIO           MODE: declarations took 0 ms 
373677     INFO  Test worker     d.u.i.k.n.KeyIO           Parsing took 0 ms 
373677     INFO  Test worker     d.u.i.k.n.KeyIO           MODE: declarations took 0 ms 
373677     INFO  Test worker     d.u.i.k.n.KeyIO           Parsing took 0 ms 
373677     INFO  Test worker     d.u.i.k.n.KeyIO           MODE: declarations took 0 ms 
373677     INFO  Test worker     d.u.i.k.n.KeyIO           Parsing took 0 ms 
373677     INFO  Test worker     d.u.i.k.n.KeyIO           MODE: declarations took 0 ms 
376512     INFO  Test worker     d.u.i.k.n.KeyIO           Parsing took 0 ms 
376512     INFO  Test worker     d.u.i.k.n.KeyIO           MODE: declarations took 0 ms 
376512     INFO  Test worker     d.u.i.k.n.KeyIO           Parsing took 0 ms 
376512     INFO  Test worker     d.u.i.k.n.KeyIO           MODE: declarations took 0 ms 
376512     INFO  Test worker     d.u.i.k.n.KeyIO           Parsing took 0 ms 
376512     INFO  Test worker     d.u.i.k.n.KeyIO           MODE: declarations took 0 ms 
376512     INFO  Test worker     d.u.i.k.n.KeyIO           Parsing took 0 ms 
376512     INFO  Test worker     d.u.i.k.n.KeyIO           MODE: declarations took 0 ms 
376512     INFO  Test worker     d.u.i.k.n.KeyIO           Parsing took 0 ms 
376512     INFO  Test worker     d.u.i.k.n.KeyIO           MODE: declarations took 0 ms 
379316     INFO  Test worker     d.u.i.k.n.KeyIO           Parsing took 0 ms 
379316     INFO  Test worker     d.u.i.k.n.KeyIO           MODE: declarations took 0 ms 
379316     INFO  Test worker     d.u.i.k.n.KeyIO           Parsing took 0 ms 
379316     INFO  Test worker     d.u.i.k.n.KeyIO           MODE: declarations took 0 ms 
379316     INFO  Test worker     d.u.i.k.n.KeyIO           Parsing took 0 ms 
379316     INFO  Test worker     d.u.i.k.n.KeyIO           MODE: declarations took 0 ms 
379316     INFO  Test worker     d.u.i.k.n.KeyIO           Parsing took 0 ms 
379316     INFO  Test worker     d.u.i.k.n.KeyIO           MODE: declarations took 0 ms 
379316     INFO  Test worker     d.u.i.k.n.KeyIO           Parsing took 0 ms 
379317     INFO  Test worker     d.u.i.k.n.KeyIO           MODE: declarations took 1 ms 
382106     INFO  Test worker     d.u.i.k.n.KeyIO           Parsing took 0 ms 
382106     INFO  Test worker     d.u.i.k.n.KeyIO           MODE: declarations took 0 ms 
382106     INFO  Test worker     d.u.i.k.n.KeyIO           Parsing took 0 ms 
382106     INFO  Test worker     d.u.i.k.n.KeyIO           MODE: declarations took 0 ms 
382106     INFO  Test worker     d.u.i.k.n.KeyIO           Parsing took 0 ms 
382107     INFO  Test worker     d.u.i.k.n.KeyIO           MODE: declarations took 1 ms 
382107     INFO  Test worker     d.u.i.k.n.KeyIO           Parsing took 0 ms 
382107     INFO  Test worker     d.u.i.k.n.KeyIO           MODE: declarations took 0 ms 
382107     INFO  Test worker     d.u.i.k.n.KeyIO           Parsing took 0 ms 
382107     INFO  Test worker     d.u.i.k.n.KeyIO           MODE: declarations took 0 ms 
384968     INFO  Test worker     d.u.i.k.n.KeyIO           Parsing took 0 ms 
384968     INFO  Test worker     d.u.i.k.n.KeyIO           MODE: declarations took 0 ms 
384969     INFO  Test worker     d.u.i.k.n.KeyIO           Parsing took 0 ms 
384969     INFO  Test worker     d.u.i.k.n.KeyIO           MODE: declarations took 0 ms 
384969     INFO  Test worker     d.u.i.k.n.KeyIO           Parsing took 0 ms 
384970     INFO  Test worker     d.u.i.k.n.KeyIO           MODE: declarations took 1 ms 
384970     INFO  Test worker     d.u.i.k.n.KeyIO           Parsing took 0 ms 
384970     INFO  Test worker     d.u.i.k.n.KeyIO           MODE: declarations took 0 ms 
384970     INFO  Test worker     d.u.i.k.n.KeyIO           Parsing took 0 ms 
384970     INFO  Test worker     d.u.i.k.n.KeyIO           MODE: declarations took 0 ms 
387777     INFO  Test worker     d.u.i.k.n.KeyIO           Parsing took 0 ms 
387777     INFO  Test worker     d.u.i.k.n.KeyIO           MODE: declarations took 0 ms 
387777     INFO  Test worker     d.u.i.k.n.KeyIO           Parsing took 0 ms 
387777     INFO  Test worker     d.u.i.k.n.KeyIO           MODE: declarations took 0 ms 
387777     INFO  Test worker     d.u.i.k.n.KeyIO           Parsing took 0 ms 
387777     INFO  Test worker     d.u.i.k.n.KeyIO           MODE: declarations took 0 ms 
387777     INFO  Test worker     d.u.i.k.n.KeyIO           Parsing took 0 ms 
387777     INFO  Test worker     d.u.i.k.n.KeyIO           MODE: declarations took 0 ms 
387777     INFO  Test worker     d.u.i.k.n.KeyIO           Parsing took 0 ms 
387777     INFO  Test worker     d.u.i.k.n.KeyIO           MODE: declarations took 0 ms 
390627     INFO  Test worker     d.u.i.k.n.KeyIO           Parsing took 0 ms 
390628     INFO  Test worker     d.u.i.k.n.KeyIO           MODE: declarations took 1 ms 
390628     INFO  Test worker     d.u.i.k.n.KeyIO           Parsing took 0 ms 
390628     INFO  Test worker     d.u.i.k.n.KeyIO           MODE: declarations took 0 ms 
390628     INFO  Test worker     d.u.i.k.n.KeyIO           Parsing took 0 ms 
390628     INFO  Test worker     d.u.i.k.n.KeyIO           MODE: declarations took 0 ms 
390628     INFO  Test worker     d.u.i.k.n.KeyIO           Parsing took 0 ms 
390628     INFO  Test worker     d.u.i.k.n.KeyIO           MODE: declarations took 0 ms 
390628     INFO  Test worker     d.u.i.k.n.KeyIO           Parsing took 0 ms 
390628     INFO  Test worker     d.u.i.k.n.KeyIO           MODE: declarations took 0 ms 
393559     INFO  Test worker     d.u.i.k.n.KeyIO           Parsing took 0 ms 
393559     INFO  Test worker     d.u.i.k.n.KeyIO           MODE: declarations took 0 ms 
393559     INFO  Test worker     d.u.i.k.n.KeyIO           Parsing took 0 ms 
393559     INFO  Test worker     d.u.i.k.n.KeyIO           MODE: declarations took 0 ms 
393559     INFO  Test worker     d.u.i.k.n.KeyIO           Parsing took 0 ms 
393559     INFO  Test worker     d.u.i.k.n.KeyIO           MODE: declarations took 0 ms 
393559     INFO  Test worker     d.u.i.k.n.KeyIO           Parsing took 0 ms 
393559     INFO  Test worker     d.u.i.k.n.KeyIO           MODE: declarations took 0 ms 
393559     INFO  Test worker     d.u.i.k.n.KeyIO           Parsing took 0 ms 
393559     INFO  Test worker     d.u.i.k.n.KeyIO           MODE: declarations took 0 ms 
396501     INFO  Test worker     d.u.i.k.n.KeyIO           Parsing took 0 ms 
396502     INFO  Test worker     d.u.i.k.n.KeyIO           MODE: declarations took 0 ms 
396502     INFO  Test worker     d.u.i.k.n.KeyIO           Parsing took 0 ms 
396502     INFO  Test worker     d.u.i.k.n.KeyIO           MODE: declarations took 0 ms 
396502     INFO  Test worker     d.u.i.k.n.KeyIO           Parsing took 0 ms 
396504     INFO  Test worker     d.u.i.k.n.KeyIO           MODE: declarations took 0 ms 
396504     INFO  Test worker     d.u.i.k.n.KeyIO           Parsing took 0 ms 
396504     INFO  Test worker     d.u.i.k.n.KeyIO           MODE: declarations took 0 ms 
396505     INFO  Test worker     d.u.i.k.n.KeyIO           Parsing took 1 ms 
396505     INFO  Test worker     d.u.i.k.n.KeyIO           MODE: declarations took 0 ms 
399554     INFO  Test worker     d.u.i.k.n.KeyIO           Parsing took 0 ms 
399555     INFO  Test worker     d.u.i.k.n.KeyIO           MODE: declarations took 0 ms 
399556     INFO  Test worker     d.u.i.k.n.KeyIO           Parsing took 0 ms 
399556     INFO  Test worker     d.u.i.k.n.KeyIO           MODE: declarations took 0 ms 
399556     INFO  Test worker     d.u.i.k.n.KeyIO           Parsing took 0 ms 
399556     INFO  Test worker     d.u.i.k.n.KeyIO           MODE: declarations took 0 ms 
399557     INFO  Test worker     d.u.i.k.n.KeyIO           Parsing took 0 ms 
399557     INFO  Test worker     d.u.i.k.n.KeyIO           MODE: declarations took 0 ms 
399557     INFO  Test worker     d.u.i.k.n.KeyIO           Parsing took 0 ms 
399557     INFO  Test worker     d.u.i.k.n.KeyIO           MODE: declarations took 0 ms 
402498     INFO  Test worker     d.u.i.k.n.KeyIO           Parsing took 0 ms 
402498     INFO  Test worker     d.u.i.k.n.KeyIO           MODE: declarations took 0 ms 
402498     INFO  Test worker     d.u.i.k.n.KeyIO           Parsing took 0 ms 
402498     INFO  Test worker     d.u.i.k.n.KeyIO           MODE: declarations took 0 ms 
402498     INFO  Test worker     d.u.i.k.n.KeyIO           Parsing took 0 ms 
402498     INFO  Test worker     d.u.i.k.n.KeyIO           MODE: declarations took 0 ms 
402498     INFO  Test worker     d.u.i.k.n.KeyIO           Parsing took 0 ms 
402498     INFO  Test worker     d.u.i.k.n.KeyIO           MODE: declarations took 0 ms 
402498     INFO  Test worker     d.u.i.k.n.KeyIO           Parsing took 0 ms 
402498     INFO  Test worker     d.u.i.k.n.KeyIO           MODE: declarations took 0 ms 
405472     INFO  Test worker     d.u.i.k.n.KeyIO           Parsing took 0 ms 
405472     INFO  Test worker     d.u.i.k.n.KeyIO           MODE: declarations took 0 ms 
405472     INFO  Test worker     d.u.i.k.n.KeyIO           Parsing took 0 ms 
405472     INFO  Test worker     d.u.i.k.n.KeyIO           MODE: declarations took 0 ms 
405472     INFO  Test worker     d.u.i.k.n.KeyIO           Parsing took 0 ms 
405472     INFO  Test worker     d.u.i.k.n.KeyIO           MODE: declarations took 0 ms 
405472     INFO  Test worker     d.u.i.k.n.KeyIO           Parsing took 0 ms 
405472     INFO  Test worker     d.u.i.k.n.KeyIO           MODE: declarations took 0 ms 
405472     INFO  Test worker     d.u.i.k.n.KeyIO           Parsing took 0 ms 
405472     INFO  Test worker     d.u.i.k.n.KeyIO           MODE: declarations took 0 ms 
408443     INFO  Test worker     d.u.i.k.n.KeyIO           Parsing took 0 ms 
408443     INFO  Test worker     d.u.i.k.n.KeyIO           MODE: declarations took 0 ms 
408443     INFO  Test worker     d.u.i.k.n.KeyIO           Parsing took 0 ms 
408444     INFO  Test worker     d.u.i.k.n.KeyIO           MODE: declarations took 1 ms 
408444     INFO  Test worker     d.u.i.k.n.KeyIO           Parsing took 0 ms 
408444     INFO  Test worker     d.u.i.k.n.KeyIO           MODE: declarations took 0 ms 
408444     INFO  Test worker     d.u.i.k.n.KeyIO           Parsing took 0 ms 
408444     INFO  Test worker     d.u.i.k.n.KeyIO           MODE: declarations took 0 ms 
408444     INFO  Test worker     d.u.i.k.n.KeyIO           Parsing took 0 ms 
408444     INFO  Test worker     d.u.i.k.n.KeyIO           MODE: declarations took 0 ms 
411370     INFO  Test worker     d.u.i.k.n.KeyIO           Parsing took 0 ms 
411370     INFO  Test worker     d.u.i.k.n.KeyIO           MODE: declarations took 0 ms 
411370     INFO  Test worker     d.u.i.k.n.KeyIO           Parsing took 0 ms 
411370     INFO  Test worker     d.u.i.k.n.KeyIO           MODE: declarations took 0 ms 
411370     INFO  Test worker     d.u.i.k.n.KeyIO           Parsing took 0 ms 
411370     INFO  Test worker     d.u.i.k.n.KeyIO           MODE: declarations took 0 ms 
411370     INFO  Test worker     d.u.i.k.n.KeyIO           Parsing took 0 ms 
411370     INFO  Test worker     d.u.i.k.n.KeyIO           MODE: declarations took 0 ms 
411370     INFO  Test worker     d.u.i.k.n.KeyIO           Parsing took 0 ms 
411370     INFO  Test worker     d.u.i.k.n.KeyIO           MODE: declarations took 0 ms 
414216     INFO  Test worker     d.u.i.k.n.KeyIO           Parsing took 0 ms 
414216     INFO  Test worker     d.u.i.k.n.KeyIO           MODE: declarations took 0 ms 
414216     INFO  Test worker     d.u.i.k.n.KeyIO           Parsing took 0 ms 
414216     INFO  Test worker     d.u.i.k.n.KeyIO           MODE: declarations took 0 ms 
414216     INFO  Test worker     d.u.i.k.n.KeyIO           Parsing took 0 ms 
414216     INFO  Test worker     d.u.i.k.n.KeyIO           MODE: declarations took 0 ms 
414216     INFO  Test worker     d.u.i.k.n.KeyIO           Parsing took 0 ms 
414216     INFO  Test worker     d.u.i.k.n.KeyIO           MODE: declarations took 0 ms 
414216     INFO  Test worker     d.u.i.k.n.KeyIO           Parsing took 0 ms 
414216     INFO  Test worker     d.u.i.k.n.KeyIO           MODE: declarations took 0 ms 
417080     INFO  Test worker     d.u.i.k.n.KeyIO           Parsing took 0 ms 
417080     INFO  Test worker     d.u.i.k.n.KeyIO           MODE: declarations took 0 ms 
417080     INFO  Test worker     d.u.i.k.n.KeyIO           Parsing took 0 ms 
417080     INFO  Test worker     d.u.i.k.n.KeyIO           MODE: declarations took 0 ms 
417080     INFO  Test worker     d.u.i.k.n.KeyIO           Parsing took 0 ms 
417080     INFO  Test worker     d.u.i.k.n.KeyIO           MODE: declarations took 0 ms 
417080     INFO  Test worker     d.u.i.k.n.KeyIO           Parsing took 0 ms 
417080     INFO  Test worker     d.u.i.k.n.KeyIO           MODE: declarations took 0 ms 
417080     INFO  Test worker     d.u.i.k.n.KeyIO           Parsing took 0 ms 
417080     INFO  Test worker     d.u.i.k.n.KeyIO           MODE: declarations took 0 ms 
419995     INFO  Test worker     d.u.i.k.n.KeyIO           Parsing took 0 ms 
419996     INFO  Test worker     d.u.i.k.n.KeyIO           MODE: declarations took 1 ms 
419996     INFO  Test worker     d.u.i.k.n.KeyIO           Parsing took 0 ms 
419996     INFO  Test worker     d.u.i.k.n.KeyIO           MODE: declarations took 0 ms 
419996     INFO  Test worker     d.u.i.k.n.KeyIO           Parsing took 0 ms 
419996     INFO  Test worker     d.u.i.k.n.KeyIO           MODE: declarations took 0 ms 
419996     INFO  Test worker     d.u.i.k.n.KeyIO           Parsing took 0 ms 
419996     INFO  Test worker     d.u.i.k.n.KeyIO           MODE: declarations took 0 ms 
419996     INFO  Test worker     d.u.i.k.n.KeyIO           Parsing took 0 ms 
419996     INFO  Test worker     d.u.i.k.n.KeyIO           MODE: declarations took 0 ms 
423040     INFO  Test worker     d.u.i.k.n.KeyIO           Parsing took 0 ms 
423040     INFO  Test worker     d.u.i.k.n.KeyIO           MODE: declarations took 0 ms 
423040     INFO  Test worker     d.u.i.k.n.KeyIO           Parsing took 0 ms 
423040     INFO  Test worker     d.u.i.k.n.KeyIO           MODE: declarations took 0 ms 
423040     INFO  Test worker     d.u.i.k.n.KeyIO           Parsing took 0 ms 
423040     INFO  Test worker     d.u.i.k.n.KeyIO           MODE: declarations took 0 ms 
423040     INFO  Test worker     d.u.i.k.n.KeyIO           Parsing took 0 ms 
423040     INFO  Test worker     d.u.i.k.n.KeyIO           MODE: declarations took 0 ms 
423040     INFO  Test worker     d.u.i.k.n.KeyIO           Parsing took 0 ms 
423040     INFO  Test worker     d.u.i.k.n.KeyIO           MODE: declarations took 0 ms 
426000     INFO  Test worker     d.u.i.k.n.KeyIO           Parsing took 0 ms 
426000     INFO  Test worker     d.u.i.k.n.KeyIO           MODE: declarations took 0 ms 
426000     INFO  Test worker     d.u.i.k.n.KeyIO           Parsing took 0 ms 
426000     INFO  Test worker     d.u.i.k.n.KeyIO           MODE: declarations took 0 ms 
426000     INFO  Test worker     d.u.i.k.n.KeyIO           Parsing took 0 ms 
426000     INFO  Test worker     d.u.i.k.n.KeyIO           MODE: declarations took 0 ms 
426000     INFO  Test worker     d.u.i.k.n.KeyIO           Parsing took 0 ms 
426000     INFO  Test worker     d.u.i.k.n.KeyIO           MODE: declarations took 0 ms 
426000     INFO  Test worker     d.u.i.k.n.KeyIO           Parsing took 0 ms 
426000     INFO  Test worker     d.u.i.k.n.KeyIO           MODE: declarations took 0 ms 
428899     INFO  Test worker     d.u.i.k.n.KeyIO           Parsing took 0 ms 
428899     INFO  Test worker     d.u.i.k.n.KeyIO           MODE: declarations took 0 ms 
428899     INFO  Test worker     d.u.i.k.n.KeyIO           Parsing took 0 ms 
428904     INFO  Test worker     d.u.i.k.n.KeyIO           MODE: declarations took 0 ms 
428905     INFO  Test worker     d.u.i.k.n.KeyIO           Parsing took 1 ms 
428905     INFO  Test worker     d.u.i.k.n.KeyIO           MODE: declarations took 0 ms 
428906     INFO  Test worker     d.u.i.k.n.KeyIO           Parsing took 0 ms 
428906     INFO  Test worker     d.u.i.k.n.KeyIO           MODE: declarations took 0 ms 
428906     INFO  Test worker     d.u.i.k.n.KeyIO           Parsing took 0 ms 
428906     INFO  Test worker     d.u.i.k.n.KeyIO           MODE: declarations took 0 ms 
431863     INFO  Test worker     d.u.i.k.n.KeyIO           Parsing took 0 ms 
431864     INFO  Test worker     d.u.i.k.n.KeyIO           MODE: declarations took 0 ms 
431864     INFO  Test worker     d.u.i.k.n.KeyIO           Parsing took 0 ms 
431864     INFO  Test worker     d.u.i.k.n.KeyIO           MODE: declarations took 0 ms 
431864     INFO  Test worker     d.u.i.k.n.KeyIO           Parsing took 0 ms 
431865     INFO  Test worker     d.u.i.k.n.KeyIO           MODE: declarations took 0 ms 
431865     INFO  Test worker     d.u.i.k.n.KeyIO           Parsing took 0 ms 
431865     INFO  Test worker     d.u.i.k.n.KeyIO           MODE: declarations took 0 ms 
431865     INFO  Test worker     d.u.i.k.n.KeyIO           Parsing took 0 ms 
431866     INFO  Test worker     d.u.i.k.n.KeyIO           MODE: declarations took 1 ms 
434719     INFO  Test worker     d.u.i.k.n.KeyIO           Parsing took 0 ms 
434719     INFO  Test worker     d.u.i.k.n.KeyIO           MODE: declarations took 0 ms 
434720     INFO  Test worker     d.u.i.k.n.KeyIO           Parsing took 0 ms 
434720     INFO  Test worker     d.u.i.k.n.KeyIO           MODE: declarations took 0 ms 
434720     INFO  Test worker     d.u.i.k.n.KeyIO           Parsing took 0 ms 
434720     INFO  Test worker     d.u.i.k.n.KeyIO           MODE: declarations took 0 ms 
434720     INFO  Test worker     d.u.i.k.n.KeyIO           Parsing took 0 ms 
434720     INFO  Test worker     d.u.i.k.n.KeyIO           MODE: declarations took 0 ms 
434720     INFO  Test worker     d.u.i.k.n.KeyIO           Parsing took 0 ms 
434720     INFO  Test worker     d.u.i.k.n.KeyIO           MODE: declarations took 0 ms 
]]></system-out>
  <system-err><![CDATA[]]></system-err>
</testsuite>
