<?xml version="1.0" encoding="UTF-8"?>
<testsuite name="de.uka.ilkd.key.logic.TestClashFreeSubst" tests="14" skipped="2" failures="0" errors="0" timestamp="2023-04-05T17:26:33" hostname="fv-az366-739" time="54.215">
  <properties/>
  <testcase name="testMultiShareBound()" classname="de.uka.ilkd.key.logic.TestClashFreeSubst" time="1.028"/>
  <testcase name="testClash()" classname="de.uka.ilkd.key.logic.TestClashFreeSubst" time="0.999"/>
  <testcase name="testShare()" classname="de.uka.ilkd.key.logic.TestClashFreeSubst" time="1.032"/>
  <testcase name="testSubst()" classname="de.uka.ilkd.key.logic.TestClashFreeSubst" time="1.005"/>
  <testcase name="testWary0()" classname="de.uka.ilkd.key.logic.TestClashFreeSubst" time="1.032"/>
  <testcase name="testWary1()" classname="de.uka.ilkd.key.logic.TestClashFreeSubst" time="0.981"/>
  <testcase name="testWary2()" classname="de.uka.ilkd.key.logic.TestClashFreeSubst" time="0.96"/>
  <testcase name="testClashInSubstTerm()" classname="de.uka.ilkd.key.logic.TestClashFreeSubst" time="1.003"/>
  <testcase name="testShareWary()" classname="de.uka.ilkd.key.logic.TestClashFreeSubst" time="0.978"/>
  <testcase name="testMultiSubst()" classname="de.uka.ilkd.key.logic.TestClashFreeSubst" time="1.041"/>
  <testcase name="xtestMultiClash()" classname="de.uka.ilkd.key.logic.TestClashFreeSubst" time="0.0">
    <skipped/>
  </testcase>
  <testcase name="testSubstInSubstTerm()" classname="de.uka.ilkd.key.logic.TestClashFreeSubst" time="0.947"/>
  <testcase name="testSubstWary()" classname="de.uka.ilkd.key.logic.TestClashFreeSubst" time="0.942"/>
  <testcase name="xtestMultiClash1()" classname="de.uka.ilkd.key.logic.TestClashFreeSubst" time="0.001">
    <skipped/>
  </testcase>
  <system-out><![CDATA[41379      INFO  Test worker     d.u.i.k.n.KeyIO           Parsing took 0 ms 
41380      INFO  Test worker     d.u.i.k.n.KeyIO           MODE: declarations took 1 ms 
42399      INFO  Test worker     d.u.i.k.n.KeyIO           Parsing took 0 ms 
42400      INFO  Test worker     d.u.i.k.n.KeyIO           MODE: declarations took 0 ms 
45783      INFO  Test worker     d.u.i.k.n.KeyIO           Parsing took 0 ms 
45783      INFO  Test worker     d.u.i.k.n.KeyIO           MODE: declarations took 0 ms 
46771      INFO  Test worker     d.u.i.k.n.KeyIO           Parsing took 0 ms 
46772      INFO  Test worker     d.u.i.k.n.KeyIO           MODE: declarations took 0 ms 
50006      INFO  Test worker     d.u.i.k.n.KeyIO           Parsing took 0 ms 
50007      INFO  Test worker     d.u.i.k.n.KeyIO           MODE: declarations took 1 ms 
51033      INFO  Test worker     d.u.i.k.n.KeyIO           Parsing took 0 ms 
51035      INFO  Test worker     d.u.i.k.n.KeyIO           MODE: declarations took 0 ms 
54335      INFO  Test worker     d.u.i.k.n.KeyIO           Parsing took 0 ms 
54336      INFO  Test worker     d.u.i.k.n.KeyIO           MODE: declarations took 0 ms 
55335      INFO  Test worker     d.u.i.k.n.KeyIO           Parsing took 0 ms 
55337      INFO  Test worker     d.u.i.k.n.KeyIO           MODE: declarations took 1 ms 
58538      INFO  Test worker     d.u.i.k.n.KeyIO           Parsing took 0 ms 
58539      INFO  Test worker     d.u.i.k.n.KeyIO           MODE: declarations took 1 ms 
59565      INFO  Test worker     d.u.i.k.n.KeyIO           Parsing took 0 ms 
59566      INFO  Test worker     d.u.i.k.n.KeyIO           MODE: declarations took 0 ms 
62957      INFO  Test worker     d.u.i.k.n.KeyIO           Parsing took 1 ms 
62957      INFO  Test worker     d.u.i.k.n.KeyIO           MODE: declarations took 0 ms 
63935      INFO  Test worker     d.u.i.k.n.KeyIO           Parsing took 0 ms 
63935      INFO  Test worker     d.u.i.k.n.KeyIO           MODE: declarations took 0 ms 
67183      INFO  Test worker     d.u.i.k.n.KeyIO           Parsing took 0 ms 
67183      INFO  Test worker     d.u.i.k.n.KeyIO           MODE: declarations took 0 ms 
68140      INFO  Test worker     d.u.i.k.n.KeyIO           Parsing took 0 ms 
68140      INFO  Test worker     d.u.i.k.n.KeyIO           MODE: declarations took 0 ms 
71437      INFO  Test worker     d.u.i.k.n.KeyIO           Parsing took 1 ms 
71437      INFO  Test worker     d.u.i.k.n.KeyIO           MODE: declarations took 0 ms 
72434      INFO  Test worker     d.u.i.k.n.KeyIO           Parsing took 0 ms 
72435      INFO  Test worker     d.u.i.k.n.KeyIO           MODE: declarations took 1 ms 
75622      INFO  Test worker     d.u.i.k.n.KeyIO           Parsing took 0 ms 
75622      INFO  Test worker     d.u.i.k.n.KeyIO           MODE: declarations took 0 ms 
76596      INFO  Test worker     d.u.i.k.n.KeyIO           Parsing took 1 ms 
76598      INFO  Test worker     d.u.i.k.n.KeyIO           MODE: declarations took 0 ms 
79768      INFO  Test worker     d.u.i.k.n.KeyIO           Parsing took 0 ms 
79768      INFO  Test worker     d.u.i.k.n.KeyIO           MODE: declarations took 0 ms 
80806      INFO  Test worker     d.u.i.k.n.KeyIO           Parsing took 0 ms 
80806      INFO  Test worker     d.u.i.k.n.KeyIO           MODE: declarations took 0 ms 
87258      INFO  Test worker     d.u.i.k.n.KeyIO           Parsing took 0 ms 
87260      INFO  Test worker     d.u.i.k.n.KeyIO           MODE: declarations took 0 ms 
88200      INFO  Test worker     d.u.i.k.n.KeyIO           Parsing took 1 ms 
88201      INFO  Test worker     d.u.i.k.n.KeyIO           MODE: declarations took 1 ms 
91516      INFO  Test worker     d.u.i.k.n.KeyIO           Parsing took 1 ms 
91516      INFO  Test worker     d.u.i.k.n.KeyIO           MODE: declarations took 0 ms 
92454      INFO  Test worker     d.u.i.k.n.KeyIO           Parsing took 0 ms 
92455      INFO  Test worker     d.u.i.k.n.KeyIO           MODE: declarations took 0 ms 
]]></system-out>
  <system-err><![CDATA[]]></system-err>
</testsuite>
