<?xml version="1.0" encoding="UTF-8"?>
<testsuite name="de.uka.ilkd.key.taclettranslation.TestTacletTranslator" tests="5" skipped="0" failures="0" errors="0" timestamp="2023-04-05T17:40:02" hostname="fv-az366-739" time="0.009">
  <properties/>
  <testcase name="testPropositional1()" classname="de.uka.ilkd.key.taclettranslation.TestTacletTranslator" time="0.004"/>
  <testcase name="testPropositional2()" classname="de.uka.ilkd.key.taclettranslation.TestTacletTranslator" time="0.001"/>
  <testcase name="testNegativePolarity()" classname="de.uka.ilkd.key.taclettranslation.TestTacletTranslator" time="0.001"/>
  <testcase name="testNoPolarity()" classname="de.uka.ilkd.key.taclettranslation.TestTacletTranslator" time="0.001"/>
  <testcase name="testPositivePolarity()" classname="de.uka.ilkd.key.taclettranslation.TestTacletTranslator" time="0.001"/>
  <system-out><![CDATA[850122     INFO  Test worker     d.u.i.k.n.KeyIO           Parsing took 1 ms 
850122     INFO  Test worker     d.u.i.k.n.KeyIO           MODE: declarations took 0 ms 
850125     INFO  Test worker     d.u.i.k.n.KeyIO           Parsing took 0 ms 
850125     INFO  Test worker     d.u.i.k.n.KeyIO           MODE: declarations took 0 ms 
850126     INFO  Test worker     d.u.i.k.n.KeyIO           Parsing took 0 ms 
850126     INFO  Test worker     d.u.i.k.n.KeyIO           MODE: declarations took 0 ms 
850128     INFO  Test worker     d.u.i.k.n.KeyIO           Parsing took 1 ms 
850128     INFO  Test worker     d.u.i.k.n.KeyIO           MODE: declarations took 0 ms 
850129     INFO  Test worker     d.u.i.k.n.KeyIO           Parsing took 0 ms 
850129     INFO  Test worker     d.u.i.k.n.KeyIO           MODE: declarations took 0 ms 
]]></system-out>
  <system-err><![CDATA[]]></system-err>
</testsuite>
