<?xml version="1.0" encoding="UTF-8"?>
<testsuite name="de.uka.ilkd.key.java.TestJavaCardDLJavaExtensions" tests="2" skipped="0" failures="0" errors="0" timestamp="2023-02-02T15:58:31" hostname="fv-az389-92" time="5.809">
  <properties/>
  <testcase name="testTypeNotInScopeShouldNotBeFound()" classname="de.uka.ilkd.key.java.TestJavaCardDLJavaExtensions" time="2.979"/>
  <testcase name="testMethodFrameRedirectsScope()" classname="de.uka.ilkd.key.java.TestJavaCardDLJavaExtensions" time="2.828"/>
  <system-out><![CDATA[]]></system-out>
  <system-err><![CDATA[]]></system-err>
</testsuite>
