<?xml version="1.0" encoding="UTF-8"?>
<testsuite name="de.uka.ilkd.key.logic.TestName" tests="1" skipped="0" failures="0" errors="0" timestamp="2023-02-02T15:59:33" hostname="fv-az389-92" time="0.002">
  <properties/>
  <testcase name="testEquals()" classname="de.uka.ilkd.key.logic.TestName" time="0.002"/>
  <system-out><![CDATA[]]></system-out>
  <system-err><![CDATA[]]></system-err>
</testsuite>
