<?xml version="1.0" encoding="UTF-8"?>
<testsuite name="de.uka.ilkd.key.gui.plugins.javac.JavaCompilerCheckFacadeTest" tests="1" skipped="0" failures="0" errors="0" timestamp="2023-03-19T17:11:43" hostname="fv-az370-296" time="0.683">
  <properties/>
  <testcase name="compile1()" classname="de.uka.ilkd.key.gui.plugins.javac.JavaCompilerCheckFacadeTest" time="0.683"/>
  <system-out><![CDATA[/home/runner/work/key/key/key.ui/examples/firstTouch/06-BinarySearch/src
17:11:43,695 |-INFO in ch.qos.logback.classic.LoggerContext[default] - This is logback-classic version 1.4.5
17:11:43,710 |-INFO in ch.qos.logback.classic.LoggerContext[default] - Could NOT find resource [logback-test.xml]
17:11:43,713 |-INFO in ch.qos.logback.classic.LoggerContext[default] - Found resource [logback.xml] at [file:/home/runner/work/key/key/key.ui/build/resources/test/logback.xml]
17:11:43,714 |-WARN in ch.qos.logback.classic.util.DefaultJoranConfigurator@61f05988 - Resource [logback.xml] occurs multiple times on the classpath.
17:11:43,714 |-WARN in ch.qos.logback.classic.util.DefaultJoranConfigurator@61f05988 - Resource [logback.xml] occurs at [file:/home/runner/work/key/key/key.ui/build/resources/test/logback.xml]
17:11:43,714 |-WARN in ch.qos.logback.classic.util.DefaultJoranConfigurator@61f05988 - Resource [logback.xml] occurs at [jar:file:/home/runner/work/key/key/key.ui/build/libs/key.ui-2.11.0.jar!/logback.xml]
17:11:43,714 |-WARN in ch.qos.logback.classic.util.DefaultJoranConfigurator@61f05988 - Resource [logback.xml] occurs at [file:/home/runner/work/key/key/key.ui/build/resources/main/logback.xml]
17:11:43,789 |-INFO in ch.qos.logback.core.model.processor.AppenderModelHandler - Processing appender named [STDOUT]
17:11:43,789 |-INFO in ch.qos.logback.core.model.processor.AppenderModelHandler - About to instantiate appender of type [ch.qos.logback.core.ConsoleAppender]
17:11:43,793 |-WARN in ch.qos.logback.core.model.processor.ImplicitModelHandler - Ignoring unknown property [file] in [ch.qos.logback.core.ConsoleAppender]
17:11:43,793 |-WARN in ch.qos.logback.core.model.processor.ImplicitModelHandler - Ignoring unknown property [append] in [ch.qos.logback.core.ConsoleAppender]
17:11:43,794 |-INFO in ch.qos.logback.core.model.processor.ImplicitModelHandler - Assuming default type [ch.qos.logback.classic.encoder.PatternLayoutEncoder] for [encoder] property
17:11:43,807 |-INFO in ch.qos.logback.classic.model.processor.RootLoggerModelHandler - Setting level of ROOT logger to WARN
17:11:43,808 |-INFO in ch.qos.logback.core.model.processor.AppenderRefModelHandler - Attaching appender named [STDOUT] to Logger[ROOT]
17:11:43,808 |-INFO in ch.qos.logback.core.model.processor.DefaultProcessor@7ca33c24 - End of configuration.
17:11:43,809 |-INFO in ch.qos.logback.classic.joran.JoranConfigurator@fade1fc - Registering current configuration as safe fallback point

]]></system-out>
  <system-err><![CDATA[]]></system-err>
</testsuite>
