<?xml version="1.0" encoding="UTF-8"?>
<testsuite name="de.uka.ilkd.key.logic.TestPosInOcc" tests="2" skipped="0" failures="0" errors="0" timestamp="2023-03-21T15:01:54" hostname="fv-az436-478" time="0.004">
  <properties/>
  <testcase name="testReplaceConstrainedFormula()" classname="de.uka.ilkd.key.logic.TestPosInOcc" time="0.002"/>
  <testcase name="testIterator()" classname="de.uka.ilkd.key.logic.TestPosInOcc" time="0.001"/>
  <system-out><![CDATA[]]></system-out>
  <system-err><![CDATA[]]></system-err>
</testsuite>
