<?xml version="1.0" encoding="UTF-8"?>
<testsuite name="de.uka.ilkd.key.proof.runallproofs.RunAllProofsFunctional" tests="34" skipped="0" failures="0" errors="0" timestamp="2023-05-02T15:05:23" hostname="fv-az359-478" time="5122.694">
  <properties/>
  <testcase name="newBook" classname="de.uka.ilkd.key.proof.runallproofs.RunAllProofsFunctional" time="60.126"/>
  <testcase name="oldBook" classname="de.uka.ilkd.key.proof.runallproofs.RunAllProofsFunctional" time="16.368"/>
  <testcase name="comprehensions" classname="de.uka.ilkd.key.proof.runallproofs.RunAllProofsFunctional" time="63.763"/>
  <testcase name="performance" classname="de.uka.ilkd.key.proof.runallproofs.RunAllProofsFunctional" time="217.634"/>
  <testcase name="performancePOConstruction" classname="de.uka.ilkd.key.proof.runallproofs.RunAllProofsFunctional" time="70.075"/>
  <testcase name="applicationRestrictions" classname="de.uka.ilkd.key.proof.runallproofs.RunAllProofsFunctional" time="46.025"/>
  <testcase name="blockContracts" classname="de.uka.ilkd.key.proof.runallproofs.RunAllProofsFunctional" time="132.773"/>
  <testcase name="jmlAsserts" classname="de.uka.ilkd.key.proof.runallproofs.RunAllProofsFunctional" time="87.314"/>
  <testcase name="javaCard" classname="de.uka.ilkd.key.proof.runallproofs.RunAllProofsFunctional" time="127.445"/>
  <testcase name="list" classname="de.uka.ilkd.key.proof.runallproofs.RunAllProofsFunctional" time="263.267"/>
  <testcase name="list_ghost" classname="de.uka.ilkd.key.proof.runallproofs.RunAllProofsFunctional" time="63.829"/>
  <testcase name="list_recursive" classname="de.uka.ilkd.key.proof.runallproofs.RunAllProofsFunctional" time="21.311"/>
  <testcase name="list_seq" classname="de.uka.ilkd.key.proof.runallproofs.RunAllProofsFunctional" time="169.949"/>
  <testcase name="observer" classname="de.uka.ilkd.key.proof.runallproofs.RunAllProofsFunctional" time="97.317"/>
  <testcase name="removeDups" classname="de.uka.ilkd.key.proof.runallproofs.RunAllProofsFunctional" time="146.421"/>
  <testcase name="quicksort" classname="de.uka.ilkd.key.proof.runallproofs.RunAllProofsFunctional" time="105.285"/>
  <testcase name="simpleTests" classname="de.uka.ilkd.key.proof.runallproofs.RunAllProofsFunctional" time="148.376"/>
  <testcase name="SmansEtAl" classname="de.uka.ilkd.key.proof.runallproofs.RunAllProofsFunctional" time="194.649"/>
  <testcase name="VACID0" classname="de.uka.ilkd.key.proof.runallproofs.RunAllProofsFunctional" time="73.708"/>
  <testcase name="VSTTE10" classname="de.uka.ilkd.key.proof.runallproofs.RunAllProofsFunctional" time="179.854"/>
  <testcase name="WeideEtAl" classname="de.uka.ilkd.key.proof.runallproofs.RunAllProofsFunctional" time="26.444"/>
  <testcase name="arithmetic" classname="de.uka.ilkd.key.proof.runallproofs.RunAllProofsFunctional" time="476.837"/>
  <testcase name="arrays" classname="de.uka.ilkd.key.proof.runallproofs.RunAllProofsFunctional" time="55.538"/>
  <testcase name="javadl" classname="de.uka.ilkd.key.proof.runallproofs.RunAllProofsFunctional" time="620.054"/>
  <testcase name="FOL" classname="de.uka.ilkd.key.proof.runallproofs.RunAllProofsFunctional" time="263.571"/>
  <testcase name="strings" classname="de.uka.ilkd.key.proof.runallproofs.RunAllProofsFunctional" time="143.035"/>
  <testcase name="simple_info_flow" classname="de.uka.ilkd.key.proof.runallproofs.RunAllProofsFunctional" time="13.339"/>
  <testcase name="modelMethods" classname="de.uka.ilkd.key.proof.runallproofs.RunAllProofsFunctional" time="170.461"/>
  <testcase name="permissionHeap" classname="de.uka.ilkd.key.proof.runallproofs.RunAllProofsFunctional" time="775.213"/>
  <testcase name="completionScopes" classname="de.uka.ilkd.key.proof.runallproofs.RunAllProofsFunctional" time="47.907"/>
  <testcase name="reload_examples" classname="de.uka.ilkd.key.proof.runallproofs.RunAllProofsFunctional" time="41.899"/>
  <testcase name="proofLoadRepair" classname="de.uka.ilkd.key.proof.runallproofs.RunAllProofsFunctional" time="17.968"/>
  <testcase name="switch" classname="de.uka.ilkd.key.proof.runallproofs.RunAllProofsFunctional" time="59.412"/>
  <testcase name="redux" classname="de.uka.ilkd.key.proof.runallproofs.RunAllProofsFunctional" time="125.512"/>
  <system-out><![CDATA[235        INFO  Test worker     d.u.i.k.p.r.RunAllProofsTestUnit Running test newBook 
362        INFO  Timeout watchdog d.u.i.k.p.r.p.ForkedTestFileRunner Timeout watcher launched (2000 secs.) 
386        WARN  main            d.u.i.k.s.ProofSettings   No proof-settings could be loaded, using defaults java.io.FileNotFoundException: /home/runner/.key/proof-settings.props (No such file or directory)
	at java.base/java.io.FileInputStream.open0(Native Method)

420        INFO  main            d.u.i.k.p.r.p.TestFile    Now processing file /home/runner/work/key/key/key.core/../key.ui/examples/newBook/09.list_modelfield/ArrayList.add.key 
535        INFO  main            d.u.i.k.p.i.AbstractProblemLoader Loading environment from /home/runner/work/key/key/key.core/../key.ui/examples/newBook/09.list_modelfield/ArrayList.add.key 
550        DEBUG main            d.u.i.k.p.i.AbstractProblemLoader Environment load took 1.8ms 
788        INFO  main            d.u.i.k.p.i.AbstractProblemLoader Creating init config 
1585       DEBUG main            d.u.i.k.j.TypeConverter   No LDT found for Meta 
1585       DEBUG main            d.u.i.k.j.TypeConverter   No LDT found for Meta 
1586       DEBUG main            d.u.i.k.j.TypeConverter   No LDT found for Meta 
1586       DEBUG main            d.u.i.k.j.TypeConverter   No LDT found for Meta 
3030       DEBUG main            d.u.i.k.j.TypeConverter   No LDT found for JavaBigintExpression 
8054       DEBUG main            d.u.i.k.p.i.AbstractProblemLoader Init config took 7.27s 
8185       INFO  main            d.u.i.k.p.i.AbstractProblemLoader Replaying proof ArrayList[List::add(int)].JML normal_behavior operation contract.0 
8214       DEBUG main            d.u.i.k.p.i.IntermediateProofReplayer Proof replay took 29.5ns 
24644      INFO  main            d.u.i.k.p.r.p.TestFile    ... finished proof: closed. 
24897      INFO  main            d.u.i.k.p.i.AbstractProblemLoader Loading environment from /home/runner/work/key/key/key.core/../key.ui/examples/newBook/09.list_modelfield/ArrayList.add.key.proof 
24898      DEBUG main            d.u.i.k.p.i.AbstractProblemLoader Environment load took 630.9ns 
24908      INFO  main            d.u.i.k.p.i.AbstractProblemLoader Creating init config 
27824      DEBUG main            d.u.i.k.p.i.AbstractProblemLoader Init config took 2.92s 
27897      INFO  main            d.u.i.k.p.i.AbstractProblemLoader Replaying proof ArrayList[List::add(int)].JML normal_behavior operation contract.0 
29282      DEBUG main            d.u.i.k.p.i.IntermediateProofReplayer Proof replay took 1.3s 
29292      DEBUG main            d.u.i.k.p.r.p.TestFile    ... success: reloaded. 
29296      INFO  main            d.u.i.k.p.r.p.TestFile    Now processing file /home/runner/work/key/key/key.core/../key.ui/examples/newBook/09.list_modelfield/ArrayList.remFirst.key 
29296      INFO  main            d.u.i.k.p.i.AbstractProblemLoader Loading environment from /home/runner/work/key/key/key.core/../key.ui/examples/newBook/09.list_modelfield/ArrayList.remFirst.key 
29296      DEBUG main            d.u.i.k.p.i.AbstractProblemLoader Environment load took 70.6ns 
29299      INFO  main            d.u.i.k.p.i.AbstractProblemLoader Creating init config 
32225      DEBUG main            d.u.i.k.p.i.AbstractProblemLoader Init config took 2.93s 
32278      INFO  main            d.u.i.k.p.i.AbstractProblemLoader Replaying proof ArrayList[List::remFirst()].JML normal_behavior operation contract.0 
32281      DEBUG main            d.u.i.k.p.i.IntermediateProofReplayer Proof replay took 4.9ns 
36542      INFO  main            d.u.i.k.p.r.p.TestFile    ... finished proof: closed. 
36728      INFO  main            d.u.i.k.p.i.AbstractProblemLoader Loading environment from /home/runner/work/key/key/key.core/../key.ui/examples/newBook/09.list_modelfield/ArrayList.remFirst.key.proof 
36729      DEBUG main            d.u.i.k.p.i.AbstractProblemLoader Environment load took 905.9ns 
36733      INFO  main            d.u.i.k.p.i.AbstractProblemLoader Creating init config 
39451      DEBUG main            d.u.i.k.p.i.AbstractProblemLoader Init config took 2.72s 
39498      INFO  main            d.u.i.k.p.i.AbstractProblemLoader Replaying proof ArrayList[List::remFirst()].JML normal_behavior operation contract.0 
40082      DEBUG main            d.u.i.k.p.i.IntermediateProofReplayer Proof replay took 564.94ms 
40084      DEBUG main            d.u.i.k.p.r.p.TestFile    ... success: reloaded. 
40084      INFO  main            d.u.i.k.p.r.p.TestFile    Now processing file /home/runner/work/key/key/key.core/../key.ui/examples/newBook/09.list_modelfield/ArrayList.empty.key 
40085      INFO  main            d.u.i.k.p.i.AbstractProblemLoader Loading environment from /home/runner/work/key/key/key.core/../key.ui/examples/newBook/09.list_modelfield/ArrayList.empty.key 
40085      DEBUG main            d.u.i.k.p.i.AbstractProblemLoader Environment load took 62.8ns 
40085      INFO  main            d.u.i.k.p.i.AbstractProblemLoader Creating init config 
42948      DEBUG main            d.u.i.k.p.i.AbstractProblemLoader Init config took 2.86s 
42992      INFO  main            d.u.i.k.p.i.AbstractProblemLoader Replaying proof ArrayList[List::empty()].JML normal_behavior operation contract.0 
42994      DEBUG main            d.u.i.k.p.i.IntermediateProofReplayer Proof replay took 4.5ns 
43900      INFO  main            d.u.i.k.p.r.p.TestFile    ... finished proof: closed. 
44060      INFO  main            d.u.i.k.p.i.AbstractProblemLoader Loading environment from /home/runner/work/key/key/key.core/../key.ui/examples/newBook/09.list_modelfield/ArrayList.empty.key.proof 
44063      DEBUG main            d.u.i.k.p.i.AbstractProblemLoader Environment load took 3.01ms 
44065      INFO  main            d.u.i.k.p.i.AbstractProblemLoader Creating init config 
46747      DEBUG main            d.u.i.k.p.i.AbstractProblemLoader Init config took 2.68s 
46792      INFO  main            d.u.i.k.p.i.AbstractProblemLoader Replaying proof ArrayList[List::empty()].JML normal_behavior operation contract.0 
46917      DEBUG main            d.u.i.k.p.i.IntermediateProofReplayer Proof replay took 118.67ms 
46918      DEBUG main            d.u.i.k.p.r.p.TestFile    ... success: reloaded. 
46919      INFO  main            d.u.i.k.p.r.p.TestFile    Now processing file /home/runner/work/key/key/key.core/../key.ui/examples/newBook/09.list_modelfield/ArrayList.size.key 
46919      INFO  main            d.u.i.k.p.i.AbstractProblemLoader Loading environment from /home/runner/work/key/key/key.core/../key.ui/examples/newBook/09.list_modelfield/ArrayList.size.key 
46919      DEBUG main            d.u.i.k.p.i.AbstractProblemLoader Environment load took 54.7ns 
46920      INFO  main            d.u.i.k.p.i.AbstractProblemLoader Creating init config 
49640      DEBUG main            d.u.i.k.p.i.AbstractProblemLoader Init config took 2.72s 
49688      INFO  main            d.u.i.k.p.i.AbstractProblemLoader Replaying proof ArrayList[List::size()].JML normal_behavior operation contract.0 
49690      DEBUG main            d.u.i.k.p.i.IntermediateProofReplayer Proof replay took 5.1ns 
50092      INFO  main            d.u.i.k.p.r.p.TestFile    ... finished proof: closed. 
50286      INFO  main            d.u.i.k.p.i.AbstractProblemLoader Loading environment from /home/runner/work/key/key/key.core/../key.ui/examples/newBook/09.list_modelfield/ArrayList.size.key.proof 
50287      DEBUG main            d.u.i.k.p.i.AbstractProblemLoader Environment load took 117.1ns 
50288      INFO  main            d.u.i.k.p.i.AbstractProblemLoader Creating init config 
53043      DEBUG main            d.u.i.k.p.i.AbstractProblemLoader Init config took 2.76s 
53095      INFO  main            d.u.i.k.p.i.AbstractProblemLoader Replaying proof ArrayList[List::size()].JML normal_behavior operation contract.0 
53167      DEBUG main            d.u.i.k.p.i.IntermediateProofReplayer Proof replay took 55.68ms 
53169      DEBUG main            d.u.i.k.p.r.p.TestFile    ... success: reloaded. 
53171      INFO  main            d.u.i.k.p.r.p.TestFile    Now processing file /home/runner/work/key/key/key.core/../key.ui/examples/newBook/09.list_modelfield/ArrayList.get.key 
53172      INFO  main            d.u.i.k.p.i.AbstractProblemLoader Loading environment from /home/runner/work/key/key/key.core/../key.ui/examples/newBook/09.list_modelfield/ArrayList.get.key 
53172      DEBUG main            d.u.i.k.p.i.AbstractProblemLoader Environment load took 355.6ns 
53177      INFO  main            d.u.i.k.p.i.AbstractProblemLoader Creating init config 
55888      DEBUG main            d.u.i.k.p.i.AbstractProblemLoader Init config took 2.71s 
55932      INFO  main            d.u.i.k.p.i.AbstractProblemLoader Replaying proof ArrayList[List::get(int)].JML normal_behavior operation contract.0 
55934      DEBUG main            d.u.i.k.p.i.IntermediateProofReplayer Proof replay took 5.4ns 
56857      INFO  main            d.u.i.k.p.r.p.TestFile    ... finished proof: closed. 
57034      INFO  main            d.u.i.k.p.i.AbstractProblemLoader Loading environment from /home/runner/work/key/key/key.core/../key.ui/examples/newBook/09.list_modelfield/ArrayList.get.key.proof 
57034      DEBUG main            d.u.i.k.p.i.AbstractProblemLoader Environment load took 113.5ns 
57038      INFO  main            d.u.i.k.p.i.AbstractProblemLoader Creating init config 
59697      DEBUG main            d.u.i.k.p.i.AbstractProblemLoader Init config took 2.66s 
59740      INFO  main            d.u.i.k.p.i.AbstractProblemLoader Replaying proof ArrayList[List::get(int)].JML normal_behavior operation contract.0 
59841      DEBUG main            d.u.i.k.p.i.IntermediateProofReplayer Proof replay took 95.98ms 
59843      DEBUG main            d.u.i.k.p.r.p.TestFile    ... success: reloaded. 
60353      INFO  Test worker     d.u.i.k.p.r.RunAllProofsTestUnit Returning from test newBook 
60371      INFO  Test worker     d.u.i.k.p.r.RunAllProofsTestUnit Running test oldBook 
360        INFO  Timeout watchdog d.u.i.k.p.r.p.ForkedTestFileRunner Timeout watcher launched (2000 secs.) 
360        WARN  main            d.u.i.k.s.ProofSettings   The settings in /home/runner/.key/proof-settings.props are *not* read. 
395        INFO  main            d.u.i.k.p.r.p.TestFile    Now processing file /home/runner/work/key/key/key.core/../key.ui/examples/standard_key/BookExamples/02FirstOrderLogic/Ex2.58.key 
496        INFO  main            d.u.i.k.p.i.AbstractProblemLoader Loading environment from /home/runner/work/key/key/key.core/../key.ui/examples/standard_key/BookExamples/02FirstOrderLogic/Ex2.58.key 
520        DEBUG main            d.u.i.k.p.i.AbstractProblemLoader Environment load took 1.74ms 
749        INFO  main            d.u.i.k.p.i.AbstractProblemLoader Creating init config 
1733       DEBUG main            d.u.i.k.j.TypeConverter   No LDT found for Meta 
1733       DEBUG main            d.u.i.k.j.TypeConverter   No LDT found for Meta 
1736       DEBUG main            d.u.i.k.j.TypeConverter   No LDT found for Meta 
1736       DEBUG main            d.u.i.k.j.TypeConverter   No LDT found for Meta 
2992       DEBUG main            d.u.i.k.j.TypeConverter   No LDT found for JavaBigintExpression 
7474       DEBUG main            d.u.i.k.p.i.AbstractProblemLoader Init config took 6.72s 
7532       INFO  main            d.u.i.k.p.i.AbstractProblemLoader Replaying proof Ex2.58.key 
7560       DEBUG main            d.u.i.k.p.i.IntermediateProofReplayer Proof replay took 32ns 
7711       INFO  main            d.u.i.k.p.r.p.TestFile    ... finished proof: closed. 
7799       INFO  main            d.u.i.k.p.i.AbstractProblemLoader Loading environment from /home/runner/work/key/key/key.core/../key.ui/examples/standard_key/BookExamples/02FirstOrderLogic/Ex2.58.key.proof 
7799       DEBUG main            d.u.i.k.p.i.AbstractProblemLoader Environment load took 133.6ns 
7809       INFO  main            d.u.i.k.p.i.AbstractProblemLoader Creating init config 
10428      DEBUG main            d.u.i.k.p.i.AbstractProblemLoader Init config took 2.62s 
10457      INFO  main            d.u.i.k.p.i.AbstractProblemLoader Replaying proof Ex2.58.key.proof 
10464      DEBUG main            d.u.i.k.p.i.IntermediateProofReplayer Proof replay took 3.38ms 
10474      DEBUG main            d.u.i.k.p.r.p.TestFile    ... success: reloaded. 
10475      INFO  main            d.u.i.k.p.r.p.TestFile    Now processing file /home/runner/work/key/key/key.core/../key.ui/examples/standard_key/BookExamples/03DynamicLogic/Sect3.3.1.key 
10475      INFO  main            d.u.i.k.p.i.AbstractProblemLoader Loading environment from /home/runner/work/key/key/key.core/../key.ui/examples/standard_key/BookExamples/03DynamicLogic/Sect3.3.1.key 
10475      DEBUG main            d.u.i.k.p.i.AbstractProblemLoader Environment load took 71.8ns 
10476      INFO  main            d.u.i.k.p.i.AbstractProblemLoader Creating init config 
12967      DEBUG main            d.u.i.k.p.i.AbstractProblemLoader Init config took 2.49s 
13012      INFO  main            d.u.i.k.p.i.AbstractProblemLoader Replaying proof Sect3.3.1.key 
13018      DEBUG main            d.u.i.k.p.i.IntermediateProofReplayer Proof replay took 7.2ns 
13428      INFO  main            d.u.i.k.p.r.p.TestFile    ... finished proof: closed. 
13556      INFO  main            d.u.i.k.p.i.AbstractProblemLoader Loading environment from /home/runner/work/key/key/key.core/../key.ui/examples/standard_key/BookExamples/03DynamicLogic/Sect3.3.1.key.proof 
13556      DEBUG main            d.u.i.k.p.i.AbstractProblemLoader Environment load took 128.6ns 
13562      INFO  main            d.u.i.k.p.i.AbstractProblemLoader Creating init config 
16056      DEBUG main            d.u.i.k.p.i.AbstractProblemLoader Init config took 2.49s 
16080      INFO  main            d.u.i.k.p.i.AbstractProblemLoader Replaying proof Sect3.3.1.key.proof 
16184      DEBUG main            d.u.i.k.p.i.IntermediateProofReplayer Proof replay took 100.83ms 
16185      DEBUG main            d.u.i.k.p.r.p.TestFile    ... success: reloaded. 
76730      INFO  Test worker     d.u.i.k.p.r.RunAllProofsTestUnit Returning from test oldBook 
76732      INFO  Test worker     d.u.i.k.p.r.RunAllProofsTestUnit Running test comprehensions 
336        INFO  Timeout watchdog d.u.i.k.p.r.p.ForkedTestFileRunner Timeout watcher launched (2000 secs.) 
341        WARN  main            d.u.i.k.s.ProofSettings   The settings in /home/runner/.key/proof-settings.props are *not* read. 
372        INFO  main            d.u.i.k.p.r.p.TestFile    Now processing file /home/runner/work/key/key/key.core/../key.ui/examples/heap/comprehensions/general_sum.key 
475        INFO  main            d.u.i.k.p.i.AbstractProblemLoader Loading environment from /home/runner/work/key/key/key.core/../key.ui/examples/heap/comprehensions/general_sum.key 
499        DEBUG main            d.u.i.k.p.i.AbstractProblemLoader Environment load took 4.27ms 
707        INFO  main            d.u.i.k.p.i.AbstractProblemLoader Creating init config 
1574       DEBUG main            d.u.i.k.j.TypeConverter   No LDT found for Meta 
1575       DEBUG main            d.u.i.k.j.TypeConverter   No LDT found for Meta 
1578       DEBUG main            d.u.i.k.j.TypeConverter   No LDT found for Meta 
1578       DEBUG main            d.u.i.k.j.TypeConverter   No LDT found for Meta 
3044       DEBUG main            d.u.i.k.j.TypeConverter   No LDT found for JavaBigintExpression 
7795       DEBUG main            d.u.i.k.p.i.AbstractProblemLoader Init config took 7.09s 
7981       INFO  main            d.u.i.k.p.i.AbstractProblemLoader Replaying proof GSum[GSum::doNothing()].JML operation contract.0 
8013       DEBUG main            d.u.i.k.p.i.IntermediateProofReplayer Proof replay took 31.6ns 
8459       INFO  main            d.u.i.k.p.r.p.TestFile    ... finished proof: closed. 
8567       INFO  main            d.u.i.k.p.i.AbstractProblemLoader Loading environment from /home/runner/work/key/key/key.core/../key.ui/examples/heap/comprehensions/general_sum.key.proof 
8567       DEBUG main            d.u.i.k.p.i.AbstractProblemLoader Environment load took 123.1ns 
8569       INFO  main            d.u.i.k.p.i.AbstractProblemLoader Creating init config 
11417      DEBUG main            d.u.i.k.p.i.AbstractProblemLoader Init config took 2.85s 
11505      INFO  main            d.u.i.k.p.i.AbstractProblemLoader Replaying proof GSum[GSum::doNothing()].JML operation contract.0 
11521      DEBUG main            d.u.i.k.p.i.IntermediateProofReplayer Proof replay took 12.84ms 
11527      DEBUG main            d.u.i.k.p.r.p.TestFile    ... success: reloaded. 
11528      INFO  main            d.u.i.k.p.r.p.TestFile    Now processing file /home/runner/work/key/key/key.core/../key.ui/examples/heap/comprehensions/sum0.key 
11528      INFO  main            d.u.i.k.p.i.AbstractProblemLoader Loading environment from /home/runner/work/key/key/key.core/../key.ui/examples/heap/comprehensions/sum0.key 
11528      DEBUG main            d.u.i.k.p.i.AbstractProblemLoader Environment load took 68ns 
11530      INFO  main            d.u.i.k.p.i.AbstractProblemLoader Creating init config 
14227      DEBUG main            d.u.i.k.p.i.AbstractProblemLoader Init config took 2.7s 
14284      INFO  main            d.u.i.k.p.i.AbstractProblemLoader Replaying proof Sum[Sum::sum0([I)].JML normal_behavior operation contract.0 
14287      DEBUG main            d.u.i.k.p.i.IntermediateProofReplayer Proof replay took 5.8ns 
14401      DEBUG Thread-4        d.u.i.k.l.l.OriginTermLabel commonFileName is null! 
14402      DEBUG Thread-4        d.u.i.k.l.l.OriginTermLabel commonFileName is null! 
14572      DEBUG Thread-4        d.u.i.k.l.l.OriginTermLabel commonFileName is null! 
14573      DEBUG Thread-4        d.u.i.k.l.l.OriginTermLabel commonFileName is null! 
14764      DEBUG Thread-4        d.u.i.k.l.l.OriginTermLabel commonFileName is null! 
14997      INFO  main            d.u.i.k.p.r.p.TestFile    ... finished proof: closed. 
15126      INFO  main            d.u.i.k.p.i.AbstractProblemLoader Loading environment from /home/runner/work/key/key/key.core/../key.ui/examples/heap/comprehensions/sum0.key.proof 
15127      DEBUG main            d.u.i.k.p.i.AbstractProblemLoader Environment load took 604.8ns 
15129      INFO  main            d.u.i.k.p.i.AbstractProblemLoader Creating init config 
17731      DEBUG main            d.u.i.k.p.i.AbstractProblemLoader Init config took 2.6s 
17805      INFO  main            d.u.i.k.p.i.AbstractProblemLoader Replaying proof Sum[Sum::sum0([I)].JML normal_behavior operation contract.0 
17857      DEBUG main            d.u.i.k.l.l.OriginTermLabel commonFileName is null! 
17858      DEBUG main            d.u.i.k.l.l.OriginTermLabel commonFileName is null! 
17928      DEBUG main            d.u.i.k.l.l.OriginTermLabel commonFileName is null! 
17979      DEBUG main            d.u.i.k.l.l.OriginTermLabel commonFileName is null! 
17980      DEBUG main            d.u.i.k.l.l.OriginTermLabel commonFileName is null! 
17983      DEBUG main            d.u.i.k.p.i.IntermediateProofReplayer Proof replay took 166.94ms 
17984      DEBUG main            d.u.i.k.p.r.p.TestFile    ... success: reloaded. 
17986      INFO  main            d.u.i.k.p.r.p.TestFile    Now processing file /home/runner/work/key/key/key.core/../key.ui/examples/heap/comprehensions/sum1.key 
17986      INFO  main            d.u.i.k.p.i.AbstractProblemLoader Loading environment from /home/runner/work/key/key/key.core/../key.ui/examples/heap/comprehensions/sum1.key 
17987      DEBUG main            d.u.i.k.p.i.AbstractProblemLoader Environment load took 418.9ns 
17989      INFO  main            d.u.i.k.p.i.AbstractProblemLoader Creating init config 
20600      DEBUG main            d.u.i.k.p.i.AbstractProblemLoader Init config took 2.61s 
20656      INFO  main            d.u.i.k.p.i.AbstractProblemLoader Replaying proof Sum[Sum::sum1([I)].JML normal_behavior operation contract.0 
20658      DEBUG main            d.u.i.k.p.i.IntermediateProofReplayer Proof replay took 5.7ns 
20714      DEBUG Thread-7        d.u.i.k.l.l.OriginTermLabel commonFileName is null! 
20714      DEBUG Thread-7        d.u.i.k.l.l.OriginTermLabel commonFileName is null! 
20856      DEBUG Thread-7        d.u.i.k.l.l.OriginTermLabel commonFileName is null! 
20857      DEBUG Thread-7        d.u.i.k.l.l.OriginTermLabel commonFileName is null! 
20973      DEBUG Thread-7        d.u.i.k.l.l.OriginTermLabel commonFileName is null! 
21164      INFO  main            d.u.i.k.p.r.p.TestFile    ... finished proof: closed. 
21314      INFO  main            d.u.i.k.p.i.AbstractProblemLoader Loading environment from /home/runner/work/key/key/key.core/../key.ui/examples/heap/comprehensions/sum1.key.proof 
21314      DEBUG main            d.u.i.k.p.i.AbstractProblemLoader Environment load took 606.7ns 
21316      INFO  main            d.u.i.k.p.i.AbstractProblemLoader Creating init config 
23774      DEBUG main            d.u.i.k.p.i.AbstractProblemLoader Init config took 2.46s 
23817      INFO  main            d.u.i.k.p.i.AbstractProblemLoader Replaying proof Sum[Sum::sum1([I)].JML normal_behavior operation contract.0 
23863      DEBUG main            d.u.i.k.l.l.OriginTermLabel commonFileName is null! 
23863      DEBUG main            d.u.i.k.l.l.OriginTermLabel commonFileName is null! 
23908      DEBUG main            d.u.i.k.l.l.OriginTermLabel commonFileName is null! 
23941      DEBUG main            d.u.i.k.l.l.OriginTermLabel commonFileName is null! 
23942      DEBUG main            d.u.i.k.l.l.OriginTermLabel commonFileName is null! 
23944      DEBUG main            d.u.i.k.p.i.IntermediateProofReplayer Proof replay took 122.98ms 
23946      DEBUG main            d.u.i.k.p.r.p.TestFile    ... success: reloaded. 
23947      INFO  main            d.u.i.k.p.r.p.TestFile    Now processing file /home/runner/work/key/key/key.core/../key.ui/examples/heap/comprehensions/sum2.key 
23948      INFO  main            d.u.i.k.p.i.AbstractProblemLoader Loading environment from /home/runner/work/key/key/key.core/../key.ui/examples/heap/comprehensions/sum2.key 
23948      DEBUG main            d.u.i.k.p.i.AbstractProblemLoader Environment load took 352.6ns 
23949      INFO  main            d.u.i.k.p.i.AbstractProblemLoader Creating init config 
26459      DEBUG main            d.u.i.k.p.i.AbstractProblemLoader Init config took 2.51s 
26501      INFO  main            d.u.i.k.p.i.AbstractProblemLoader Replaying proof Sum[Sum::sum2([I)].JML normal_behavior operation contract.0 
26503      DEBUG main            d.u.i.k.p.i.IntermediateProofReplayer Proof replay took 6.4ns 
26552      DEBUG Thread-10       d.u.i.k.l.l.OriginTermLabel commonFileName is null! 
26555      DEBUG Thread-10       d.u.i.k.l.l.OriginTermLabel commonFileName is null! 
26664      DEBUG Thread-10       d.u.i.k.l.l.OriginTermLabel commonFileName is null! 
26665      DEBUG Thread-10       d.u.i.k.l.l.OriginTermLabel commonFileName is null! 
26744      DEBUG Thread-10       d.u.i.k.l.l.OriginTermLabel commonFileName is null! 
26911      INFO  main            d.u.i.k.p.r.p.TestFile    ... finished proof: closed. 
27056      INFO  main            d.u.i.k.p.i.AbstractProblemLoader Loading environment from /home/runner/work/key/key/key.core/../key.ui/examples/heap/comprehensions/sum2.key.proof 
27056      DEBUG main            d.u.i.k.p.i.AbstractProblemLoader Environment load took 123ns 
27058      INFO  main            d.u.i.k.p.i.AbstractProblemLoader Creating init config 
29548      DEBUG main            d.u.i.k.p.i.AbstractProblemLoader Init config took 2.49s 
29589      INFO  main            d.u.i.k.p.i.AbstractProblemLoader Replaying proof Sum[Sum::sum2([I)].JML normal_behavior operation contract.0 
29615      DEBUG main            d.u.i.k.l.l.OriginTermLabel commonFileName is null! 
29616      DEBUG main            d.u.i.k.l.l.OriginTermLabel commonFileName is null! 
29649      DEBUG main            d.u.i.k.l.l.OriginTermLabel commonFileName is null! 
29674      DEBUG main            d.u.i.k.l.l.OriginTermLabel commonFileName is null! 
29675      DEBUG main            d.u.i.k.l.l.OriginTermLabel commonFileName is null! 
29678      DEBUG main            d.u.i.k.p.i.IntermediateProofReplayer Proof replay took 84.33ms 
29679      DEBUG main            d.u.i.k.p.r.p.TestFile    ... success: reloaded. 
29680      INFO  main            d.u.i.k.p.r.p.TestFile    Now processing file /home/runner/work/key/key/key.core/../key.ui/examples/heap/comprehensions/sum3.key 
29680      INFO  main            d.u.i.k.p.i.AbstractProblemLoader Loading environment from /home/runner/work/key/key/key.core/../key.ui/examples/heap/comprehensions/sum3.key 
29680      DEBUG main            d.u.i.k.p.i.AbstractProblemLoader Environment load took 314.5ns 
29682      INFO  main            d.u.i.k.p.i.AbstractProblemLoader Creating init config 
32172      DEBUG main            d.u.i.k.p.i.AbstractProblemLoader Init config took 2.49s 
32211      INFO  main            d.u.i.k.p.i.AbstractProblemLoader Replaying proof Sum[Sum::sum3([I)].JML normal_behavior operation contract.0 
32213      DEBUG main            d.u.i.k.p.i.IntermediateProofReplayer Proof replay took 6.3ns 
32263      DEBUG Thread-13       d.u.i.k.l.l.OriginTermLabel commonFileName is null! 
32264      DEBUG Thread-13       d.u.i.k.l.l.OriginTermLabel commonFileName is null! 
32381      DEBUG Thread-13       d.u.i.k.l.l.OriginTermLabel commonFileName is null! 
32383      DEBUG Thread-13       d.u.i.k.l.l.OriginTermLabel commonFileName is null! 
32461      DEBUG Thread-13       d.u.i.k.l.l.OriginTermLabel commonFileName is null! 
32615      INFO  main            d.u.i.k.p.r.p.TestFile    ... finished proof: closed. 
32771      INFO  main            d.u.i.k.p.i.AbstractProblemLoader Loading environment from /home/runner/work/key/key/key.core/../key.ui/examples/heap/comprehensions/sum3.key.proof 
32771      DEBUG main            d.u.i.k.p.i.AbstractProblemLoader Environment load took 103ns 
32772      INFO  main            d.u.i.k.p.i.AbstractProblemLoader Creating init config 
35299      DEBUG main            d.u.i.k.p.i.AbstractProblemLoader Init config took 2.53s 
35351      INFO  main            d.u.i.k.p.i.AbstractProblemLoader Replaying proof Sum[Sum::sum3([I)].JML normal_behavior operation contract.0 
35381      DEBUG main            d.u.i.k.l.l.OriginTermLabel commonFileName is null! 
35383      DEBUG main            d.u.i.k.l.l.OriginTermLabel commonFileName is null! 
35420      DEBUG main            d.u.i.k.l.l.OriginTermLabel commonFileName is null! 
35447      DEBUG main            d.u.i.k.l.l.OriginTermLabel commonFileName is null! 
35450      DEBUG main            d.u.i.k.l.l.OriginTermLabel commonFileName is null! 
35452      DEBUG main            d.u.i.k.p.i.IntermediateProofReplayer Proof replay took 96.21ms 
35455      DEBUG main            d.u.i.k.p.r.p.TestFile    ... success: reloaded. 
35456      INFO  main            d.u.i.k.p.r.p.TestFile    Now processing file /home/runner/work/key/key/key.core/../key.ui/examples/heap/comprehensions/segsum.key 
35456      INFO  main            d.u.i.k.p.i.AbstractProblemLoader Loading environment from /home/runner/work/key/key/key.core/../key.ui/examples/heap/comprehensions/segsum.key 
35456      DEBUG main            d.u.i.k.p.i.AbstractProblemLoader Environment load took 63.3ns 
35458      INFO  main            d.u.i.k.p.i.AbstractProblemLoader Creating init config 
37928      DEBUG main            d.u.i.k.p.i.AbstractProblemLoader Init config took 2.47s 
37990      INFO  main            d.u.i.k.p.i.AbstractProblemLoader Replaying proof SegSum[SegSum::segSum([I,int,int)].JML normal_behavior operation contract.0 
37994      DEBUG main            d.u.i.k.p.i.IntermediateProofReplayer Proof replay took 7ns 
38400      INFO  main            d.u.i.k.p.r.p.TestFile    ... finished proof: closed. 
38632      INFO  main            d.u.i.k.p.i.AbstractProblemLoader Loading environment from /home/runner/work/key/key/key.core/../key.ui/examples/heap/comprehensions/segsum.key.proof 
38632      DEBUG main            d.u.i.k.p.i.AbstractProblemLoader Environment load took 115.2ns 
38634      INFO  main            d.u.i.k.p.i.AbstractProblemLoader Creating init config 
41196      DEBUG main            d.u.i.k.p.i.AbstractProblemLoader Init config took 2.56s 
41241      INFO  main            d.u.i.k.p.i.AbstractProblemLoader Replaying proof SegSum[SegSum::segSum([I,int,int)].JML normal_behavior operation contract.0 
41334      DEBUG main            d.u.i.k.p.i.IntermediateProofReplayer Proof replay took 89.41ms 
41335      DEBUG main            d.u.i.k.p.r.p.TestFile    ... success: reloaded. 
41335      INFO  main            d.u.i.k.p.r.p.TestFile    Now processing file /home/runner/work/key/key/key.core/../key.ui/examples/heap/comprehensions/bsum_negative.key 
41336      INFO  main            d.u.i.k.p.i.AbstractProblemLoader Loading environment from /home/runner/work/key/key/key.core/../key.ui/examples/heap/comprehensions/bsum_negative.key 
41336      DEBUG main            d.u.i.k.p.i.AbstractProblemLoader Environment load took 59.3ns 
41337      INFO  main            d.u.i.k.p.i.AbstractProblemLoader Creating init config 
43615      DEBUG main            d.u.i.k.p.i.AbstractProblemLoader Init config took 2.28s 
43632      INFO  main            d.u.i.k.p.i.AbstractProblemLoader Replaying proof bsum_negative.key 
43637      DEBUG main            d.u.i.k.p.i.IntermediateProofReplayer Proof replay took 6.6ns 
43741      INFO  main            d.u.i.k.p.r.p.TestFile    ... finished proof: closed. 
43900      INFO  main            d.u.i.k.p.i.AbstractProblemLoader Loading environment from /home/runner/work/key/key/key.core/../key.ui/examples/heap/comprehensions/bsum_negative.key.proof 
43900      DEBUG main            d.u.i.k.p.i.AbstractProblemLoader Environment load took 115.5ns 
43901      INFO  main            d.u.i.k.p.i.AbstractProblemLoader Creating init config 
46197      DEBUG main            d.u.i.k.p.i.AbstractProblemLoader Init config took 2.3s 
46214      INFO  main            d.u.i.k.p.i.AbstractProblemLoader Replaying proof bsum_negative.key.proof 
46216      DEBUG main            d.u.i.k.p.i.IntermediateProofReplayer Proof replay took 1.42ms 
46217      DEBUG main            d.u.i.k.p.r.p.TestFile    ... success: reloaded. 
46218      INFO  main            d.u.i.k.p.r.p.TestFile    Now processing file /home/runner/work/key/key/key.core/../key.ui/examples/heap/comprehensions/bsum_neg2.key 
46218      INFO  main            d.u.i.k.p.i.AbstractProblemLoader Loading environment from /home/runner/work/key/key/key.core/../key.ui/examples/heap/comprehensions/bsum_neg2.key 
46218      DEBUG main            d.u.i.k.p.i.AbstractProblemLoader Environment load took 51.1ns 
46219      INFO  main            d.u.i.k.p.i.AbstractProblemLoader Creating init config 
48509      DEBUG main            d.u.i.k.p.i.AbstractProblemLoader Init config took 2.29s 
48525      INFO  main            d.u.i.k.p.i.AbstractProblemLoader Replaying proof bsum_neg2.key 
48526      DEBUG main            d.u.i.k.p.i.IntermediateProofReplayer Proof replay took 6.2ns 
48628      INFO  main            d.u.i.k.p.r.p.TestFile    ... finished proof: closed. 
48776      INFO  main            d.u.i.k.p.i.AbstractProblemLoader Loading environment from /home/runner/work/key/key/key.core/../key.ui/examples/heap/comprehensions/bsum_neg2.key.proof 
48777      DEBUG main            d.u.i.k.p.i.AbstractProblemLoader Environment load took 107ns 
48778      INFO  main            d.u.i.k.p.i.AbstractProblemLoader Creating init config 
51052      DEBUG main            d.u.i.k.p.i.AbstractProblemLoader Init config took 2.27s 
51067      INFO  main            d.u.i.k.p.i.AbstractProblemLoader Replaying proof bsum_neg2.key.proof 
51070      DEBUG main            d.u.i.k.p.i.IntermediateProofReplayer Proof replay took 859.71ns 
51070      DEBUG main            d.u.i.k.p.r.p.TestFile    ... success: reloaded. 
51071      INFO  main            d.u.i.k.p.r.p.TestFile    Now processing file /home/runner/work/key/key/key.core/../key.ui/examples/heap/comprehensions/bsumSplit.key 
51071      INFO  main            d.u.i.k.p.i.AbstractProblemLoader Loading environment from /home/runner/work/key/key/key.core/../key.ui/examples/heap/comprehensions/bsumSplit.key 
51071      DEBUG main            d.u.i.k.p.i.AbstractProblemLoader Environment load took 63.9ns 
51072      INFO  main            d.u.i.k.p.i.AbstractProblemLoader Creating init config 
53382      DEBUG main            d.u.i.k.p.i.AbstractProblemLoader Init config took 2.31s 
53397      INFO  main            d.u.i.k.p.i.AbstractProblemLoader Replaying proof bsumSplit.key 
53398      DEBUG main            d.u.i.k.p.i.IntermediateProofReplayer Proof replay took 6.1ns 
53502      INFO  main            d.u.i.k.p.r.p.TestFile    ... finished proof: closed. 
53669      INFO  main            d.u.i.k.p.i.AbstractProblemLoader Loading environment from /home/runner/work/key/key/key.core/../key.ui/examples/heap/comprehensions/bsumSplit.key.proof 
53669      DEBUG main            d.u.i.k.p.i.AbstractProblemLoader Environment load took 98.5ns 
53670      INFO  main            d.u.i.k.p.i.AbstractProblemLoader Creating init config 
55937      DEBUG main            d.u.i.k.p.i.AbstractProblemLoader Init config took 2.27s 
55952      INFO  main            d.u.i.k.p.i.AbstractProblemLoader Replaying proof bsumSplit.key.proof 
55957      DEBUG main            d.u.i.k.p.i.IntermediateProofReplayer Proof replay took 3.38ms 
55958      DEBUG main            d.u.i.k.p.r.p.TestFile    ... success: reloaded. 
55958      INFO  main            d.u.i.k.p.r.p.TestFile    Now processing file /home/runner/work/key/key/key.core/../key.ui/examples/heap/comprehensions/bprodSplit.key 
55958      INFO  main            d.u.i.k.p.i.AbstractProblemLoader Loading environment from /home/runner/work/key/key/key.core/../key.ui/examples/heap/comprehensions/bprodSplit.key 
55959      DEBUG main            d.u.i.k.p.i.AbstractProblemLoader Environment load took 101.9ns 
55959      INFO  main            d.u.i.k.p.i.AbstractProblemLoader Creating init config 
58287      DEBUG main            d.u.i.k.p.i.AbstractProblemLoader Init config took 2.33s 
58302      INFO  main            d.u.i.k.p.i.AbstractProblemLoader Replaying proof bprodSplit.key 
58303      DEBUG main            d.u.i.k.p.i.IntermediateProofReplayer Proof replay took 6.8ns 
58406      INFO  main            d.u.i.k.p.r.p.TestFile    ... finished proof: closed. 
58617      INFO  main            d.u.i.k.p.i.AbstractProblemLoader Loading environment from /home/runner/work/key/key/key.core/../key.ui/examples/heap/comprehensions/bprodSplit.key.proof 
58617      DEBUG main            d.u.i.k.p.i.AbstractProblemLoader Environment load took 117.1ns 
58618      INFO  main            d.u.i.k.p.i.AbstractProblemLoader Creating init config 
60864      DEBUG main            d.u.i.k.p.i.AbstractProblemLoader Init config took 2.25s 
60886      INFO  main            d.u.i.k.p.i.AbstractProblemLoader Replaying proof bprodSplit.key.proof 
60890      DEBUG main            d.u.i.k.p.i.IntermediateProofReplayer Proof replay took 1.99ms 
60891      DEBUG main            d.u.i.k.p.r.p.TestFile    ... success: reloaded. 
60891      INFO  main            d.u.i.k.p.r.p.TestFile    Now processing file /home/runner/work/key/key/key.core/../key.ui/examples/heap/comprehensions/bsumSplitInvalid.key 
60892      INFO  main            d.u.i.k.p.i.AbstractProblemLoader Loading environment from /home/runner/work/key/key/key.core/../key.ui/examples/heap/comprehensions/bsumSplitInvalid.key 
60892      DEBUG main            d.u.i.k.p.i.AbstractProblemLoader Environment load took 280ns 
60894      INFO  main            d.u.i.k.p.i.AbstractProblemLoader Creating init config 
63288      DEBUG main            d.u.i.k.p.i.AbstractProblemLoader Init config took 2.39s 
63302      INFO  main            d.u.i.k.p.i.AbstractProblemLoader Replaying proof bsumSplitInvalid.key 
63303      DEBUG main            d.u.i.k.p.i.IntermediateProofReplayer Proof replay took 6.8ns 
63410      INFO  main            d.u.i.k.p.r.p.TestFile    ... finished proof: open goal(s) 
140494     INFO  Test worker     d.u.i.k.p.r.RunAllProofsTestUnit Returning from test comprehensions 
140495     INFO  Test worker     d.u.i.k.p.r.RunAllProofsTestUnit Running test performance 
389        INFO  Timeout watchdog d.u.i.k.p.r.p.ForkedTestFileRunner Timeout watcher launched (2000 secs.) 
388        WARN  main            d.u.i.k.s.ProofSettings   The settings in /home/runner/.key/proof-settings.props are *not* read. 
423        INFO  main            d.u.i.k.p.r.p.TestFile    Now processing file /home/runner/work/key/key/key.core/../key.ui/examples/performance-test/Disjoint(Disjoint__disjoint_08()).JML_operation_contract.0.key 
528        INFO  main            d.u.i.k.p.i.AbstractProblemLoader Loading environment from /home/runner/work/key/key/key.core/../key.ui/examples/performance-test/Disjoint(Disjoint__disjoint_08()).JML_operation_contract.0.key 
544        DEBUG main            d.u.i.k.p.i.AbstractProblemLoader Environment load took 2.16ms 
747        INFO  main            d.u.i.k.p.i.AbstractProblemLoader Creating init config 
1575       DEBUG main            d.u.i.k.j.TypeConverter   No LDT found for Meta 
1580       DEBUG main            d.u.i.k.j.TypeConverter   No LDT found for Meta 
1583       DEBUG main            d.u.i.k.j.TypeConverter   No LDT found for Meta 
1583       DEBUG main            d.u.i.k.j.TypeConverter   No LDT found for Meta 
3032       DEBUG main            d.u.i.k.j.TypeConverter   No LDT found for JavaBigintExpression 
8880       DEBUG main            d.u.i.k.j.r.ClassPreparationMethodBuilder clPrepBuilder: Inner Class detected. Reject building class initialisation methods. 
16897      DEBUG main            d.u.i.k.p.i.AbstractProblemLoader Init config took 16.15s 
17076      INFO  main            d.u.i.k.p.i.AbstractProblemLoader Replaying proof Disjoint[Disjoint::disjoint_8()].JML operation contract.0 
17160      DEBUG main            d.u.i.k.p.i.IntermediateProofReplayer Proof replay took 338ns 
19811      INFO  main            d.u.i.k.p.r.p.TestFile    ... finished proof: closed. 
20007      INFO  main            d.u.i.k.p.i.AbstractProblemLoader Loading environment from /home/runner/work/key/key/key.core/../key.ui/examples/performance-test/Disjoint(Disjoint__disjoint_08()).JML_operation_contract.0.key.proof 
20008      DEBUG main            d.u.i.k.p.i.AbstractProblemLoader Environment load took 151.8ns 
20009      INFO  main            d.u.i.k.p.i.AbstractProblemLoader Creating init config 
23196      DEBUG main            d.u.i.k.j.r.ClassPreparationMethodBuilder clPrepBuilder: Inner Class detected. Reject building class initialisation methods. 
30162      DEBUG main            d.u.i.k.p.i.AbstractProblemLoader Init config took 10.15s 
30277      INFO  main            d.u.i.k.p.i.AbstractProblemLoader Replaying proof Disjoint[Disjoint::disjoint_8()].JML operation contract.0 
30605      DEBUG main            d.u.i.k.p.i.IntermediateProofReplayer Proof replay took 316.23ms 
30613      DEBUG main            d.u.i.k.p.r.p.TestFile    ... success: reloaded. 
30615      INFO  main            d.u.i.k.p.r.p.TestFile    Now processing file /home/runner/work/key/key/key.core/../key.ui/examples/performance-test/Disjoint(Disjoint__disjoint2_08()).JML_operation_contract.0.key 
30616      INFO  main            d.u.i.k.p.i.AbstractProblemLoader Loading environment from /home/runner/work/key/key/key.core/../key.ui/examples/performance-test/Disjoint(Disjoint__disjoint2_08()).JML_operation_contract.0.key 
30616      DEBUG main            d.u.i.k.p.i.AbstractProblemLoader Environment load took 316.4ns 
30618      INFO  main            d.u.i.k.p.i.AbstractProblemLoader Creating init config 
33684      DEBUG main            d.u.i.k.j.r.ClassPreparationMethodBuilder clPrepBuilder: Inner Class detected. Reject building class initialisation methods. 
40498      DEBUG main            d.u.i.k.p.i.AbstractProblemLoader Init config took 9.88s 
40607      INFO  main            d.u.i.k.p.i.AbstractProblemLoader Replaying proof Disjoint[Disjoint::disjoint2_8()].JML operation contract.0 
40610      DEBUG main            d.u.i.k.p.i.IntermediateProofReplayer Proof replay took 19.7ns 
41514      INFO  main            d.u.i.k.p.r.p.TestFile    ... finished proof: closed. 
41776      INFO  main            d.u.i.k.p.i.AbstractProblemLoader Loading environment from /home/runner/work/key/key/key.core/../key.ui/examples/performance-test/Disjoint(Disjoint__disjoint2_08()).JML_operation_contract.0.key.proof 
41779      DEBUG main            d.u.i.k.p.i.AbstractProblemLoader Environment load took 2.38ms 
41782      INFO  main            d.u.i.k.p.i.AbstractProblemLoader Creating init config 
44741      DEBUG main            d.u.i.k.j.r.ClassPreparationMethodBuilder clPrepBuilder: Inner Class detected. Reject building class initialisation methods. 
51486      DEBUG main            d.u.i.k.p.i.AbstractProblemLoader Init config took 9.7s 
51576      INFO  main            d.u.i.k.p.i.AbstractProblemLoader Replaying proof Disjoint[Disjoint::disjoint2_8()].JML operation contract.0 
51676      DEBUG main            d.u.i.k.p.i.IntermediateProofReplayer Proof replay took 95.98ms 
51681      DEBUG main            d.u.i.k.p.r.p.TestFile    ... success: reloaded. 
51689      INFO  main            d.u.i.k.p.r.p.TestFile    Now processing file /home/runner/work/key/key/key.core/../key.ui/examples/performance-test/AccessChain1(AccessChain1__foo_08()).JML_operation_contract.0.key 
51690      INFO  main            d.u.i.k.p.i.AbstractProblemLoader Loading environment from /home/runner/work/key/key/key.core/../key.ui/examples/performance-test/AccessChain1(AccessChain1__foo_08()).JML_operation_contract.0.key 
51690      DEBUG main            d.u.i.k.p.i.AbstractProblemLoader Environment load took 356.5ns 
51694      INFO  main            d.u.i.k.p.i.AbstractProblemLoader Creating init config 
54686      DEBUG main            d.u.i.k.j.r.ClassPreparationMethodBuilder clPrepBuilder: Inner Class detected. Reject building class initialisation methods. 
61410      DEBUG main            d.u.i.k.p.i.AbstractProblemLoader Init config took 9.72s 
61505      INFO  main            d.u.i.k.p.i.AbstractProblemLoader Replaying proof AccessChain1[AccessChain1::foo_8()].JML operation contract.0 
61508      DEBUG main            d.u.i.k.p.i.IntermediateProofReplayer Proof replay took 11.2ns 
63817      INFO  main            d.u.i.k.p.r.p.TestFile    ... finished proof: closed. 
64131      INFO  main            d.u.i.k.p.i.AbstractProblemLoader Loading environment from /home/runner/work/key/key/key.core/../key.ui/examples/performance-test/AccessChain1(AccessChain1__foo_08()).JML_operation_contract.0.key.proof 
64131      DEBUG main            d.u.i.k.p.i.AbstractProblemLoader Environment load took 160.4ns 
64132      INFO  main            d.u.i.k.p.i.AbstractProblemLoader Creating init config 
67083      DEBUG main            d.u.i.k.j.r.ClassPreparationMethodBuilder clPrepBuilder: Inner Class detected. Reject building class initialisation methods. 
73891      DEBUG main            d.u.i.k.p.i.AbstractProblemLoader Init config took 9.76s 
73991      INFO  main            d.u.i.k.p.i.AbstractProblemLoader Replaying proof AccessChain1[AccessChain1::foo_8()].JML operation contract.0 
74433      DEBUG main            d.u.i.k.p.i.IntermediateProofReplayer Proof replay took 426.19ms 
74435      DEBUG main            d.u.i.k.p.r.p.TestFile    ... success: reloaded. 
74436      INFO  main            d.u.i.k.p.r.p.TestFile    Now processing file /home/runner/work/key/key/key.core/../key.ui/examples/performance-test/AccessChain4(AccessChain4__foo_08()).JML_operation_contract.0.key 
74437      INFO  main            d.u.i.k.p.i.AbstractProblemLoader Loading environment from /home/runner/work/key/key/key.core/../key.ui/examples/performance-test/AccessChain4(AccessChain4__foo_08()).JML_operation_contract.0.key 
74437      DEBUG main            d.u.i.k.p.i.AbstractProblemLoader Environment load took 295.1ns 
74438      INFO  main            d.u.i.k.p.i.AbstractProblemLoader Creating init config 
77452      DEBUG main            d.u.i.k.j.r.ClassPreparationMethodBuilder clPrepBuilder: Inner Class detected. Reject building class initialisation methods. 
84164      DEBUG main            d.u.i.k.p.i.AbstractProblemLoader Init config took 9.73s 
84247      INFO  main            d.u.i.k.p.i.AbstractProblemLoader Replaying proof AccessChain4[AccessChain4::foo_8()].JML operation contract.0 
84249      DEBUG main            d.u.i.k.p.i.IntermediateProofReplayer Proof replay took 10ns 
90268      INFO  main            d.u.i.k.p.r.p.TestFile    ... finished proof: closed. 
90602      INFO  main            d.u.i.k.p.i.AbstractProblemLoader Loading environment from /home/runner/work/key/key/key.core/../key.ui/examples/performance-test/AccessChain4(AccessChain4__foo_08()).JML_operation_contract.0.key.proof 
90602      DEBUG main            d.u.i.k.p.i.AbstractProblemLoader Environment load took 247ns 
90612      INFO  main            d.u.i.k.p.i.AbstractProblemLoader Creating init config 
93504      DEBUG main            d.u.i.k.j.r.ClassPreparationMethodBuilder clPrepBuilder: Inner Class detected. Reject building class initialisation methods. 
100236     DEBUG main            d.u.i.k.p.i.AbstractProblemLoader Init config took 9.62s 
100333     INFO  main            d.u.i.k.p.i.AbstractProblemLoader Replaying proof AccessChain4[AccessChain4::foo_8()].JML operation contract.0 
101270     DEBUG main            d.u.i.k.p.i.IntermediateProofReplayer Proof replay took 906.21ms 
101272     DEBUG main            d.u.i.k.p.r.p.TestFile    ... success: reloaded. 
101274     INFO  main            d.u.i.k.p.r.p.TestFile    Now processing file /home/runner/work/key/key/key.core/../key.ui/examples/performance-test/Disjoint(Disjoint__xZero_08()).JML_operation_contract.0.key 
101274     INFO  main            d.u.i.k.p.i.AbstractProblemLoader Loading environment from /home/runner/work/key/key/key.core/../key.ui/examples/performance-test/Disjoint(Disjoint__xZero_08()).JML_operation_contract.0.key 
101275     DEBUG main            d.u.i.k.p.i.AbstractProblemLoader Environment load took 274ns 
101276     INFO  main            d.u.i.k.p.i.AbstractProblemLoader Creating init config 
104260     DEBUG main            d.u.i.k.j.r.ClassPreparationMethodBuilder clPrepBuilder: Inner Class detected. Reject building class initialisation methods. 
110976     DEBUG main            d.u.i.k.p.i.AbstractProblemLoader Init config took 9.7s 
111061     INFO  main            d.u.i.k.p.i.AbstractProblemLoader Replaying proof Disjoint[Disjoint::xZero_8()].JML operation contract.0 
111064     DEBUG main            d.u.i.k.p.i.IntermediateProofReplayer Proof replay took 10.2ns 
112071     INFO  main            d.u.i.k.p.r.p.TestFile    ... finished proof: closed. 
112392     INFO  main            d.u.i.k.p.i.AbstractProblemLoader Loading environment from /home/runner/work/key/key/key.core/../key.ui/examples/performance-test/Disjoint(Disjoint__xZero_08()).JML_operation_contract.0.key.proof 
112396     DEBUG main            d.u.i.k.p.i.AbstractProblemLoader Environment load took 3.94ms 
112398     INFO  main            d.u.i.k.p.i.AbstractProblemLoader Creating init config 
115265     DEBUG main            d.u.i.k.j.r.ClassPreparationMethodBuilder clPrepBuilder: Inner Class detected. Reject building class initialisation methods. 
121941     DEBUG main            d.u.i.k.p.i.AbstractProblemLoader Init config took 9.54s 
122017     INFO  main            d.u.i.k.p.i.AbstractProblemLoader Replaying proof Disjoint[Disjoint::xZero_8()].JML operation contract.0 
122217     DEBUG main            d.u.i.k.p.i.IntermediateProofReplayer Proof replay took 192ms 
122219     DEBUG main            d.u.i.k.p.r.p.TestFile    ... success: reloaded. 
122220     INFO  main            d.u.i.k.p.r.p.TestFile    Now processing file /home/runner/work/key/key/key.core/../key.ui/examples/performance-test/Dynamic(Dynamic__foo_08()).JML_operation_contract.0.key 
122221     INFO  main            d.u.i.k.p.i.AbstractProblemLoader Loading environment from /home/runner/work/key/key/key.core/../key.ui/examples/performance-test/Dynamic(Dynamic__foo_08()).JML_operation_contract.0.key 
122221     DEBUG main            d.u.i.k.p.i.AbstractProblemLoader Environment load took 277.7ns 
122222     INFO  main            d.u.i.k.p.i.AbstractProblemLoader Creating init config 
125189     DEBUG main            d.u.i.k.j.r.ClassPreparationMethodBuilder clPrepBuilder: Inner Class detected. Reject building class initialisation methods. 
131860     DEBUG main            d.u.i.k.p.i.AbstractProblemLoader Init config took 9.64s 
131937     INFO  main            d.u.i.k.p.i.AbstractProblemLoader Replaying proof Dynamic[Dynamic::foo_8()].JML operation contract.0 
131939     DEBUG main            d.u.i.k.p.i.IntermediateProofReplayer Proof replay took 11ns 
137308     INFO  main            d.u.i.k.p.r.p.TestFile    ... finished proof: closed. 
137656     INFO  main            d.u.i.k.p.i.AbstractProblemLoader Loading environment from /home/runner/work/key/key/key.core/../key.ui/examples/performance-test/Dynamic(Dynamic__foo_08()).JML_operation_contract.0.key.proof 
137657     DEBUG main            d.u.i.k.p.i.AbstractProblemLoader Environment load took 513.2ns 
137659     INFO  main            d.u.i.k.p.i.AbstractProblemLoader Creating init config 
140530     DEBUG main            d.u.i.k.j.r.ClassPreparationMethodBuilder clPrepBuilder: Inner Class detected. Reject building class initialisation methods. 
147189     DEBUG main            d.u.i.k.p.i.AbstractProblemLoader Init config took 9.53s 
147265     INFO  main            d.u.i.k.p.i.AbstractProblemLoader Replaying proof Dynamic[Dynamic::foo_8()].JML operation contract.0 
147816     DEBUG main            d.u.i.k.p.i.IntermediateProofReplayer Proof replay took 528.73ms 
147818     DEBUG main            d.u.i.k.p.r.p.TestFile    ... success: reloaded. 
147820     INFO  main            d.u.i.k.p.r.p.TestFile    Now processing file /home/runner/work/key/key/key.core/../key.ui/examples/performance-test/DynamicGhost(DynamicGhost__dynamicGhost_08()).JML_normal_behavior_operation_contract.0.key 
147820     INFO  main            d.u.i.k.p.i.AbstractProblemLoader Loading environment from /home/runner/work/key/key/key.core/../key.ui/examples/performance-test/DynamicGhost(DynamicGhost__dynamicGhost_08()).JML_normal_behavior_operation_contract.0.key 
147821     DEBUG main            d.u.i.k.p.i.AbstractProblemLoader Environment load took 270.8ns 
147822     INFO  main            d.u.i.k.p.i.AbstractProblemLoader Creating init config 
150805     DEBUG main            d.u.i.k.j.r.ClassPreparationMethodBuilder clPrepBuilder: Inner Class detected. Reject building class initialisation methods. 
157469     DEBUG main            d.u.i.k.p.i.AbstractProblemLoader Init config took 9.65s 
157560     INFO  main            d.u.i.k.p.i.AbstractProblemLoader Replaying proof DynamicGhost[DynamicGhost::dynamicGhost_8()].JML normal_behavior operation contract.0 
157563     DEBUG main            d.u.i.k.p.i.IntermediateProofReplayer Proof replay took 10.4ns 
161840     INFO  main            d.u.i.k.p.r.p.TestFile    ... finished proof: closed. 
162229     INFO  main            d.u.i.k.p.i.AbstractProblemLoader Loading environment from /home/runner/work/key/key/key.core/../key.ui/examples/performance-test/DynamicGhost(DynamicGhost__dynamicGhost_08()).JML_normal_behavior_operation_contract.0.key.proof 
162230     DEBUG main            d.u.i.k.p.i.AbstractProblemLoader Environment load took 507.4ns 
162232     INFO  main            d.u.i.k.p.i.AbstractProblemLoader Creating init config 
165085     DEBUG main            d.u.i.k.j.r.ClassPreparationMethodBuilder clPrepBuilder: Inner Class detected. Reject building class initialisation methods. 
171789     DEBUG main            d.u.i.k.p.i.AbstractProblemLoader Init config took 9.56s 
171866     INFO  main            d.u.i.k.p.i.AbstractProblemLoader Replaying proof DynamicGhost[DynamicGhost::dynamicGhost_8()].JML normal_behavior operation contract.0 
172423     DEBUG main            d.u.i.k.p.i.IntermediateProofReplayer Proof replay took 536.02ms 
172425     DEBUG main            d.u.i.k.p.r.p.TestFile    ... success: reloaded. 
172427     INFO  main            d.u.i.k.p.r.p.TestFile    Now processing file /home/runner/work/key/key/key.core/../key.ui/examples/performance-test/GhostFrame(GhostFrame__foo_08()).JML_operation_contract.0.key 
172427     INFO  main            d.u.i.k.p.i.AbstractProblemLoader Loading environment from /home/runner/work/key/key/key.core/../key.ui/examples/performance-test/GhostFrame(GhostFrame__foo_08()).JML_operation_contract.0.key 
172428     DEBUG main            d.u.i.k.p.i.AbstractProblemLoader Environment load took 310.9ns 
172429     INFO  main            d.u.i.k.p.i.AbstractProblemLoader Creating init config 
175367     DEBUG main            d.u.i.k.j.r.ClassPreparationMethodBuilder clPrepBuilder: Inner Class detected. Reject building class initialisation methods. 
182077     DEBUG main            d.u.i.k.p.i.AbstractProblemLoader Init config took 9.65s 
182161     INFO  main            d.u.i.k.p.i.AbstractProblemLoader Replaying proof GhostFrame[GhostFrame::foo_8()].JML operation contract.0 
182163     DEBUG main            d.u.i.k.p.i.IntermediateProofReplayer Proof replay took 23.4ns 
184069     INFO  main            d.u.i.k.p.r.p.TestFile    ... finished proof: closed. 
184457     INFO  main            d.u.i.k.p.i.AbstractProblemLoader Loading environment from /home/runner/work/key/key/key.core/../key.ui/examples/performance-test/GhostFrame(GhostFrame__foo_08()).JML_operation_contract.0.key.proof 
184458     DEBUG main            d.u.i.k.p.i.AbstractProblemLoader Environment load took 587.3ns 
184459     INFO  main            d.u.i.k.p.i.AbstractProblemLoader Creating init config 
187332     DEBUG main            d.u.i.k.j.r.ClassPreparationMethodBuilder clPrepBuilder: Inner Class detected. Reject building class initialisation methods. 
194016     DEBUG main            d.u.i.k.p.i.AbstractProblemLoader Init config took 9.56s 
194117     INFO  main            d.u.i.k.p.i.AbstractProblemLoader Replaying proof GhostFrame[GhostFrame::foo_8()].JML operation contract.0 
194428     DEBUG main            d.u.i.k.p.i.IntermediateProofReplayer Proof replay took 303.01ms 
194430     DEBUG main            d.u.i.k.p.r.p.TestFile    ... success: reloaded. 
194432     INFO  main            d.u.i.k.p.r.p.TestFile    Now processing file /home/runner/work/key/key/key.core/../key.ui/examples/performance-test/Modelfield(Modelfield__foo_08()).JML_operation_contract.0.key 
194432     INFO  main            d.u.i.k.p.i.AbstractProblemLoader Loading environment from /home/runner/work/key/key/key.core/../key.ui/examples/performance-test/Modelfield(Modelfield__foo_08()).JML_operation_contract.0.key 
194432     DEBUG main            d.u.i.k.p.i.AbstractProblemLoader Environment load took 277.9ns 
194433     INFO  main            d.u.i.k.p.i.AbstractProblemLoader Creating init config 
197399     DEBUG main            d.u.i.k.j.r.ClassPreparationMethodBuilder clPrepBuilder: Inner Class detected. Reject building class initialisation methods. 
204085     DEBUG main            d.u.i.k.p.i.AbstractProblemLoader Init config took 9.65s 
204159     INFO  main            d.u.i.k.p.i.AbstractProblemLoader Replaying proof Modelfield[Modelfield::foo_8()].JML operation contract.0 
204160     DEBUG main            d.u.i.k.p.i.IntermediateProofReplayer Proof replay took 5ns 
207078     INFO  main            d.u.i.k.p.r.p.TestFile    ... finished proof: closed. 
207473     INFO  main            d.u.i.k.p.i.AbstractProblemLoader Loading environment from /home/runner/work/key/key/key.core/../key.ui/examples/performance-test/Modelfield(Modelfield__foo_08()).JML_operation_contract.0.key.proof 
207474     DEBUG main            d.u.i.k.p.i.AbstractProblemLoader Environment load took 490ns 
207475     INFO  main            d.u.i.k.p.i.AbstractProblemLoader Creating init config 
210317     DEBUG main            d.u.i.k.j.r.ClassPreparationMethodBuilder clPrepBuilder: Inner Class detected. Reject building class initialisation methods. 
216990     DEBUG main            d.u.i.k.p.i.AbstractProblemLoader Init config took 9.51s 
217063     INFO  main            d.u.i.k.p.i.AbstractProblemLoader Replaying proof Modelfield[Modelfield::foo_8()].JML operation contract.0 
217452     DEBUG main            d.u.i.k.p.i.IntermediateProofReplayer Proof replay took 374.22ms 
217454     DEBUG main            d.u.i.k.p.r.p.TestFile    ... success: reloaded. 
358128     INFO  Test worker     d.u.i.k.p.r.RunAllProofsTestUnit Returning from test performance 
358129     INFO  Test worker     d.u.i.k.p.r.RunAllProofsTestUnit Running test performancePOConstruction 
352        INFO  Timeout watchdog d.u.i.k.p.r.p.ForkedTestFileRunner Timeout watcher launched (2000 secs.) 
361        WARN  main            d.u.i.k.s.ProofSettings   The settings in /home/runner/.key/proof-settings.props are *not* read. 
408        INFO  main            d.u.i.k.p.r.p.TestFile    Now processing file /home/runner/work/key/key/key.core/../key.ui/examples/performance-test/Test(Test__a0(int)).JML_normal_behavior_operation_contract.0.key 
516        INFO  main            d.u.i.k.p.i.AbstractProblemLoader Loading environment from /home/runner/work/key/key/key.core/../key.ui/examples/performance-test/Test(Test__a0(int)).JML_normal_behavior_operation_contract.0.key 
531        DEBUG main            d.u.i.k.p.i.AbstractProblemLoader Environment load took 2.2ms 
769        INFO  main            d.u.i.k.p.i.AbstractProblemLoader Creating init config 
1784       DEBUG main            d.u.i.k.j.TypeConverter   No LDT found for Meta 
1785       DEBUG main            d.u.i.k.j.TypeConverter   No LDT found for Meta 
1792       DEBUG main            d.u.i.k.j.TypeConverter   No LDT found for Meta 
1793       DEBUG main            d.u.i.k.j.TypeConverter   No LDT found for Meta 
3087       DEBUG main            d.u.i.k.j.TypeConverter   No LDT found for JavaBigintExpression 
8491       DEBUG main            d.u.i.k.j.r.ClassPreparationMethodBuilder clPrepBuilder: Inner Class detected. Reject building class initialisation methods. 
16022      DEBUG main            d.u.i.k.p.i.AbstractProblemLoader Init config took 15.25s 
16885      INFO  main            d.u.i.k.p.i.AbstractProblemLoader Replaying proof Test[Test::a0(int)].JML normal_behavior operation contract.0 
16933      DEBUG main            d.u.i.k.p.i.IntermediateProofReplayer Proof replay took 30ns 
17383      INFO  main            d.u.i.k.p.r.p.TestFile    ... finished proof: closed. 
17524      INFO  main            d.u.i.k.p.i.AbstractProblemLoader Loading environment from /home/runner/work/key/key/key.core/../key.ui/examples/performance-test/Test(Test__a0(int)).JML_normal_behavior_operation_contract.0.key.proof 
17524      DEBUG main            d.u.i.k.p.i.AbstractProblemLoader Environment load took 133.8ns 
17526      INFO  main            d.u.i.k.p.i.AbstractProblemLoader Creating init config 
20611      DEBUG main            d.u.i.k.j.r.ClassPreparationMethodBuilder clPrepBuilder: Inner Class detected. Reject building class initialisation methods. 
27542      DEBUG main            d.u.i.k.p.i.AbstractProblemLoader Init config took 10.02s 
28229      INFO  main            d.u.i.k.p.i.AbstractProblemLoader Replaying proof Test[Test::a0(int)].JML normal_behavior operation contract.0 
28254      DEBUG main            d.u.i.k.p.i.IntermediateProofReplayer Proof replay took 19.99ms 
28260      DEBUG main            d.u.i.k.p.r.p.TestFile    ... success: reloaded. 
28265      INFO  main            d.u.i.k.p.r.p.TestFile    Now processing file /home/runner/work/key/key/key.core/../key.ui/examples/performance-test/Test(Test__a1(int)).JML_normal_behavior_operation_contract.0.key 
28266      INFO  main            d.u.i.k.p.i.AbstractProblemLoader Loading environment from /home/runner/work/key/key/key.core/../key.ui/examples/performance-test/Test(Test__a1(int)).JML_normal_behavior_operation_contract.0.key 
28266      DEBUG main            d.u.i.k.p.i.AbstractProblemLoader Environment load took 270.7ns 
28267      INFO  main            d.u.i.k.p.i.AbstractProblemLoader Creating init config 
31167      DEBUG main            d.u.i.k.j.r.ClassPreparationMethodBuilder clPrepBuilder: Inner Class detected. Reject building class initialisation methods. 
37858      DEBUG main            d.u.i.k.p.i.AbstractProblemLoader Init config took 9.59s 
38566      INFO  main            d.u.i.k.p.i.AbstractProblemLoader Replaying proof Test[Test::a1(int)].JML normal_behavior operation contract.0 
38568      DEBUG main            d.u.i.k.p.i.IntermediateProofReplayer Proof replay took 5.8ns 
38972      INFO  main            d.u.i.k.p.r.p.TestFile    ... finished proof: closed. 
39195      INFO  main            d.u.i.k.p.i.AbstractProblemLoader Loading environment from /home/runner/work/key/key/key.core/../key.ui/examples/performance-test/Test(Test__a1(int)).JML_normal_behavior_operation_contract.0.key.proof 
39195      DEBUG main            d.u.i.k.p.i.AbstractProblemLoader Environment load took 481.3ns 
39197      INFO  main            d.u.i.k.p.i.AbstractProblemLoader Creating init config 
42049      DEBUG main            d.u.i.k.j.r.ClassPreparationMethodBuilder clPrepBuilder: Inner Class detected. Reject building class initialisation methods. 
48697      DEBUG main            d.u.i.k.p.i.AbstractProblemLoader Init config took 9.5s 
49305      INFO  main            d.u.i.k.p.i.AbstractProblemLoader Replaying proof Test[Test::a1(int)].JML normal_behavior operation contract.0 
49364      DEBUG main            d.u.i.k.p.i.IntermediateProofReplayer Proof replay took 55.8ms 
49366      DEBUG main            d.u.i.k.p.r.p.TestFile    ... success: reloaded. 
49367      INFO  main            d.u.i.k.p.r.p.TestFile    Now processing file /home/runner/work/key/key/key.core/../key.ui/examples/performance-test/Test(Test__f1(int)).JML_normal_behavior_operation_contract.0.key 
49374      INFO  main            d.u.i.k.p.i.AbstractProblemLoader Loading environment from /home/runner/work/key/key/key.core/../key.ui/examples/performance-test/Test(Test__f1(int)).JML_normal_behavior_operation_contract.0.key 
49374      DEBUG main            d.u.i.k.p.i.AbstractProblemLoader Environment load took 233.1ns 
49376      INFO  main            d.u.i.k.p.i.AbstractProblemLoader Creating init config 
52186      DEBUG main            d.u.i.k.j.r.ClassPreparationMethodBuilder clPrepBuilder: Inner Class detected. Reject building class initialisation methods. 
58752      DEBUG main            d.u.i.k.p.i.AbstractProblemLoader Init config took 9.38s 
59390      INFO  main            d.u.i.k.p.i.AbstractProblemLoader Replaying proof Test[Test::f1(int)].JML normal_behavior operation contract.0 
59392      DEBUG main            d.u.i.k.p.i.IntermediateProofReplayer Proof replay took 5ns 
59596      INFO  main            d.u.i.k.p.r.p.TestFile    ... finished proof: closed. 
59836      INFO  main            d.u.i.k.p.i.AbstractProblemLoader Loading environment from /home/runner/work/key/key/key.core/../key.ui/examples/performance-test/Test(Test__f1(int)).JML_normal_behavior_operation_contract.0.key.proof 
59839      DEBUG main            d.u.i.k.p.i.AbstractProblemLoader Environment load took 2.88ms 
59841      INFO  main            d.u.i.k.p.i.AbstractProblemLoader Creating init config 
62625      DEBUG main            d.u.i.k.j.r.ClassPreparationMethodBuilder clPrepBuilder: Inner Class detected. Reject building class initialisation methods. 
69191      DEBUG main            d.u.i.k.p.i.AbstractProblemLoader Init config took 9.35s 
69838      INFO  main            d.u.i.k.p.i.AbstractProblemLoader Replaying proof Test[Test::f1(int)].JML normal_behavior operation contract.0 
69884      DEBUG main            d.u.i.k.p.i.IntermediateProofReplayer Proof replay took 43.25ms 
69885      DEBUG main            d.u.i.k.p.r.p.TestFile    ... success: reloaded. 
428203     INFO  Test worker     d.u.i.k.p.r.RunAllProofsTestUnit Returning from test performancePOConstruction 
428204     INFO  Test worker     d.u.i.k.p.r.RunAllProofsTestUnit Running test applicationRestrictions 
326        INFO  Timeout watchdog d.u.i.k.p.r.p.ForkedTestFileRunner Timeout watcher launched (2000 secs.) 
341        WARN  main            d.u.i.k.s.ProofSettings   The settings in /home/runner/.key/proof-settings.props are *not* read. 
389        INFO  main            d.u.i.k.p.r.p.TestFile    Now processing file /home/runner/work/key/key/key.core/../key.ui/examples/heap/polarity_tests/wellformed1.key 
541        INFO  main            d.u.i.k.p.i.AbstractProblemLoader Loading environment from /home/runner/work/key/key/key.core/../key.ui/examples/heap/polarity_tests/wellformed1.key 
576        DEBUG main            d.u.i.k.p.i.AbstractProblemLoader Environment load took 1.82ms 
830        INFO  main            d.u.i.k.p.i.AbstractProblemLoader Creating init config 
1626       DEBUG main            d.u.i.k.j.TypeConverter   No LDT found for Meta 
1627       DEBUG main            d.u.i.k.j.TypeConverter   No LDT found for Meta 
1628       DEBUG main            d.u.i.k.j.TypeConverter   No LDT found for Meta 
1628       DEBUG main            d.u.i.k.j.TypeConverter   No LDT found for Meta 
3124       DEBUG main            d.u.i.k.j.TypeConverter   No LDT found for JavaBigintExpression 
7659       DEBUG main            d.u.i.k.p.i.AbstractProblemLoader Init config took 6.83s 
7730       INFO  main            d.u.i.k.p.i.AbstractProblemLoader Replaying proof wellformed1.key 
7764       DEBUG main            d.u.i.k.p.i.IntermediateProofReplayer Proof replay took 34.8ns 
7934       INFO  main            d.u.i.k.p.r.p.TestFile    ... finished proof: closed. 
8023       INFO  main            d.u.i.k.p.i.AbstractProblemLoader Loading environment from /home/runner/work/key/key/key.core/../key.ui/examples/heap/polarity_tests/wellformed1.key.proof 
8024       DEBUG main            d.u.i.k.p.i.AbstractProblemLoader Environment load took 151.9ns 
8028       INFO  main            d.u.i.k.p.i.AbstractProblemLoader Creating init config 
10550      DEBUG main            d.u.i.k.p.i.AbstractProblemLoader Init config took 2.52s 
10580      INFO  main            d.u.i.k.p.i.AbstractProblemLoader Replaying proof wellformed1.key.proof 
10586      DEBUG main            d.u.i.k.p.i.IntermediateProofReplayer Proof replay took 2.07ms 
10596      DEBUG main            d.u.i.k.p.r.p.TestFile    ... success: reloaded. 
10597      INFO  main            d.u.i.k.p.r.p.TestFile    Now processing file /home/runner/work/key/key/key.core/../key.ui/examples/heap/polarity_tests/wellformed2.key 
10597      INFO  main            d.u.i.k.p.i.AbstractProblemLoader Loading environment from /home/runner/work/key/key/key.core/../key.ui/examples/heap/polarity_tests/wellformed2.key 
10597      DEBUG main            d.u.i.k.p.i.AbstractProblemLoader Environment load took 228.6ns 
10599      INFO  main            d.u.i.k.p.i.AbstractProblemLoader Creating init config 
13068      DEBUG main            d.u.i.k.p.i.AbstractProblemLoader Init config took 2.47s 
13096      INFO  main            d.u.i.k.p.i.AbstractProblemLoader Replaying proof wellformed2.key 
13100      DEBUG main            d.u.i.k.p.i.IntermediateProofReplayer Proof replay took 6ns 
13203      INFO  main            d.u.i.k.p.r.p.TestFile    ... finished proof: open goal(s) 
13313      INFO  main            d.u.i.k.p.r.p.TestFile    Now processing file /home/runner/work/key/key/key.core/../key.ui/examples/heap/polarity_tests/wellformed3.key 
13313      INFO  main            d.u.i.k.p.i.AbstractProblemLoader Loading environment from /home/runner/work/key/key/key.core/../key.ui/examples/heap/polarity_tests/wellformed3.key 
13313      DEBUG main            d.u.i.k.p.i.AbstractProblemLoader Environment load took 75.3ns 
13314      INFO  main            d.u.i.k.p.i.AbstractProblemLoader Creating init config 
15709      DEBUG main            d.u.i.k.p.i.AbstractProblemLoader Init config took 2.39s 
15732      INFO  main            d.u.i.k.p.i.AbstractProblemLoader Replaying proof wellformed3.key 
15734      DEBUG main            d.u.i.k.p.i.IntermediateProofReplayer Proof replay took 6.8ns 
15836      INFO  main            d.u.i.k.p.r.p.TestFile    ... finished proof: closed. 
15972      INFO  main            d.u.i.k.p.i.AbstractProblemLoader Loading environment from /home/runner/work/key/key/key.core/../key.ui/examples/heap/polarity_tests/wellformed3.key.proof 
15972      DEBUG main            d.u.i.k.p.i.AbstractProblemLoader Environment load took 117.5ns 
15973      INFO  main            d.u.i.k.p.i.AbstractProblemLoader Creating init config 
18324      DEBUG main            d.u.i.k.p.i.AbstractProblemLoader Init config took 2.35s 
18344      INFO  main            d.u.i.k.p.i.AbstractProblemLoader Replaying proof wellformed3.key.proof 
18348      DEBUG main            d.u.i.k.p.i.IntermediateProofReplayer Proof replay took 2.08ms 
18349      DEBUG main            d.u.i.k.p.r.p.TestFile    ... success: reloaded. 
18350      INFO  main            d.u.i.k.p.r.p.TestFile    Now processing file /home/runner/work/key/key/key.core/../key.ui/examples/heap/polarity_tests/wellformed4.key 
18351      INFO  main            d.u.i.k.p.i.AbstractProblemLoader Loading environment from /home/runner/work/key/key/key.core/../key.ui/examples/heap/polarity_tests/wellformed4.key 
18351      DEBUG main            d.u.i.k.p.i.AbstractProblemLoader Environment load took 206ns 
18352      INFO  main            d.u.i.k.p.i.AbstractProblemLoader Creating init config 
20719      DEBUG main            d.u.i.k.p.i.AbstractProblemLoader Init config took 2.37s 
20756      INFO  main            d.u.i.k.p.i.AbstractProblemLoader Replaying proof wellformed4.key 
20759      DEBUG main            d.u.i.k.p.i.IntermediateProofReplayer Proof replay took 7ns 
20863      INFO  main            d.u.i.k.p.r.p.TestFile    ... finished proof: open goal(s) 
20984      INFO  main            d.u.i.k.p.r.p.TestFile    Now processing file /home/runner/work/key/key/key.core/../key.ui/examples/heap/polarity_tests/wellformed5.key 
20984      INFO  main            d.u.i.k.p.i.AbstractProblemLoader Loading environment from /home/runner/work/key/key/key.core/../key.ui/examples/heap/polarity_tests/wellformed5.key 
20984      DEBUG main            d.u.i.k.p.i.AbstractProblemLoader Environment load took 58.9ns 
20985      INFO  main            d.u.i.k.p.i.AbstractProblemLoader Creating init config 
23306      DEBUG main            d.u.i.k.p.i.AbstractProblemLoader Init config took 2.32s 
23324      INFO  main            d.u.i.k.p.i.AbstractProblemLoader Replaying proof wellformed5.key 
23325      DEBUG main            d.u.i.k.p.i.IntermediateProofReplayer Proof replay took 6.3ns 
23432      INFO  main            d.u.i.k.p.r.p.TestFile    ... finished proof: closed. 
23577      INFO  main            d.u.i.k.p.i.AbstractProblemLoader Loading environment from /home/runner/work/key/key/key.core/../key.ui/examples/heap/polarity_tests/wellformed5.key.proof 
23577      DEBUG main            d.u.i.k.p.i.AbstractProblemLoader Environment load took 107.7ns 
23580      INFO  main            d.u.i.k.p.i.AbstractProblemLoader Creating init config 
25895      DEBUG main            d.u.i.k.p.i.AbstractProblemLoader Init config took 2.32s 
25913      INFO  main            d.u.i.k.p.i.AbstractProblemLoader Replaying proof wellformed5.key.proof 
25916      DEBUG main            d.u.i.k.p.i.IntermediateProofReplayer Proof replay took 1.04ms 
25920      DEBUG main            d.u.i.k.p.r.p.TestFile    ... success: reloaded. 
25921      INFO  main            d.u.i.k.p.r.p.TestFile    Now processing file /home/runner/work/key/key/key.core/../key.ui/examples/heap/polarity_tests/wellformed6.key 
25921      INFO  main            d.u.i.k.p.i.AbstractProblemLoader Loading environment from /home/runner/work/key/key/key.core/../key.ui/examples/heap/polarity_tests/wellformed6.key 
25921      DEBUG main            d.u.i.k.p.i.AbstractProblemLoader Environment load took 117.7ns 
25922      INFO  main            d.u.i.k.p.i.AbstractProblemLoader Creating init config 
28282      DEBUG main            d.u.i.k.p.i.AbstractProblemLoader Init config took 2.36s 
28299      INFO  main            d.u.i.k.p.i.AbstractProblemLoader Replaying proof wellformed6.key 
28301      DEBUG main            d.u.i.k.p.i.IntermediateProofReplayer Proof replay took 5.9ns 
28403      INFO  main            d.u.i.k.p.r.p.TestFile    ... finished proof: open goal(s) 
28538      INFO  main            d.u.i.k.p.r.p.TestFile    Now processing file /home/runner/work/key/key/key.core/../key.ui/examples/heap/polarity_tests/wellformed7.key 
28538      INFO  main            d.u.i.k.p.i.AbstractProblemLoader Loading environment from /home/runner/work/key/key/key.core/../key.ui/examples/heap/polarity_tests/wellformed7.key 
28538      DEBUG main            d.u.i.k.p.i.AbstractProblemLoader Environment load took 64.6ns 
28539      INFO  main            d.u.i.k.p.i.AbstractProblemLoader Creating init config 
30814      DEBUG main            d.u.i.k.p.i.AbstractProblemLoader Init config took 2.27s 
30831      INFO  main            d.u.i.k.p.i.AbstractProblemLoader Replaying proof wellformed7.key 
30833      DEBUG main            d.u.i.k.p.i.IntermediateProofReplayer Proof replay took 5.7ns 
30935      INFO  main            d.u.i.k.p.r.p.TestFile    ... finished proof: closed. 
31051      INFO  main            d.u.i.k.p.i.AbstractProblemLoader Loading environment from /home/runner/work/key/key/key.core/../key.ui/examples/heap/polarity_tests/wellformed7.key.proof 
31051      DEBUG main            d.u.i.k.p.i.AbstractProblemLoader Environment load took 102.4ns 
31052      INFO  main            d.u.i.k.p.i.AbstractProblemLoader Creating init config 
33347      DEBUG main            d.u.i.k.p.i.AbstractProblemLoader Init config took 2.3s 
33365      INFO  main            d.u.i.k.p.i.AbstractProblemLoader Replaying proof wellformed7.key.proof 
33368      DEBUG main            d.u.i.k.p.i.IntermediateProofReplayer Proof replay took 1.66ms 
33369      DEBUG main            d.u.i.k.p.r.p.TestFile    ... success: reloaded. 
33369      INFO  main            d.u.i.k.p.r.p.TestFile    Now processing file /home/runner/work/key/key/key.core/../key.ui/examples/heap/polarity_tests/wellformed8.key 
33370      INFO  main            d.u.i.k.p.i.AbstractProblemLoader Loading environment from /home/runner/work/key/key/key.core/../key.ui/examples/heap/polarity_tests/wellformed8.key 
33370      DEBUG main            d.u.i.k.p.i.AbstractProblemLoader Environment load took 91.1ns 
33371      INFO  main            d.u.i.k.p.i.AbstractProblemLoader Creating init config 
35654      DEBUG main            d.u.i.k.p.i.AbstractProblemLoader Init config took 2.28s 
35672      INFO  main            d.u.i.k.p.i.AbstractProblemLoader Replaying proof wellformed8.key 
35677      DEBUG main            d.u.i.k.p.i.IntermediateProofReplayer Proof replay took 8.2ns 
35780      INFO  main            d.u.i.k.p.r.p.TestFile    ... finished proof: open goal(s) 
35915      INFO  main            d.u.i.k.p.r.p.TestFile    Now processing file /home/runner/work/key/key/key.core/../key.ui/examples/heap/polarity_tests/wellformed9.key 
35916      INFO  main            d.u.i.k.p.i.AbstractProblemLoader Loading environment from /home/runner/work/key/key/key.core/../key.ui/examples/heap/polarity_tests/wellformed9.key 
35916      DEBUG main            d.u.i.k.p.i.AbstractProblemLoader Environment load took 61.2ns 
35917      INFO  main            d.u.i.k.p.i.AbstractProblemLoader Creating init config 
38205      DEBUG main            d.u.i.k.p.i.AbstractProblemLoader Init config took 2.29s 
38221      INFO  main            d.u.i.k.p.i.AbstractProblemLoader Replaying proof wellformed9.key 
38222      DEBUG main            d.u.i.k.p.i.IntermediateProofReplayer Proof replay took 7.1ns 
38327      INFO  main            d.u.i.k.p.r.p.TestFile    ... finished proof: closed. 
38453      INFO  main            d.u.i.k.p.i.AbstractProblemLoader Loading environment from /home/runner/work/key/key/key.core/../key.ui/examples/heap/polarity_tests/wellformed9.key.proof 
38454      DEBUG main            d.u.i.k.p.i.AbstractProblemLoader Environment load took 104ns 
38455      INFO  main            d.u.i.k.p.i.AbstractProblemLoader Creating init config 
40722      DEBUG main            d.u.i.k.p.i.AbstractProblemLoader Init config took 2.27s 
40736      INFO  main            d.u.i.k.p.i.AbstractProblemLoader Replaying proof wellformed9.key.proof 
40739      DEBUG main            d.u.i.k.p.i.IntermediateProofReplayer Proof replay took 1.35ms 
40740      DEBUG main            d.u.i.k.p.r.p.TestFile    ... success: reloaded. 
40741      INFO  main            d.u.i.k.p.r.p.TestFile    Now processing file /home/runner/work/key/key/key.core/../key.ui/examples/heap/polarity_tests/wellformed10.key 
40742      INFO  main            d.u.i.k.p.i.AbstractProblemLoader Loading environment from /home/runner/work/key/key/key.core/../key.ui/examples/heap/polarity_tests/wellformed10.key 
40742      DEBUG main            d.u.i.k.p.i.AbstractProblemLoader Environment load took 229ns 
40743      INFO  main            d.u.i.k.p.i.AbstractProblemLoader Creating init config 
43061      DEBUG main            d.u.i.k.p.i.AbstractProblemLoader Init config took 2.32s 
43076      INFO  main            d.u.i.k.p.i.AbstractProblemLoader Replaying proof wellformed10.key 
43078      DEBUG main            d.u.i.k.p.i.IntermediateProofReplayer Proof replay took 7.2ns 
43180      INFO  main            d.u.i.k.p.r.p.TestFile    ... finished proof: open goal(s) 
43368      INFO  main            d.u.i.k.p.r.p.TestFile    Now processing file /home/runner/work/key/key/key.core/../key.ui/examples/heap/polarity_tests/wellformed11.key 
43369      INFO  main            d.u.i.k.p.i.AbstractProblemLoader Loading environment from /home/runner/work/key/key/key.core/../key.ui/examples/heap/polarity_tests/wellformed11.key 
43369      DEBUG main            d.u.i.k.p.i.AbstractProblemLoader Environment load took 65.9ns 
43370      INFO  main            d.u.i.k.p.i.AbstractProblemLoader Creating init config 
45613      DEBUG main            d.u.i.k.p.i.AbstractProblemLoader Init config took 2.24s 
45628      INFO  main            d.u.i.k.p.i.AbstractProblemLoader Replaying proof wellformed11.key 
45629      DEBUG main            d.u.i.k.p.i.IntermediateProofReplayer Proof replay took 7.1ns 
45732      INFO  main            d.u.i.k.p.r.p.TestFile    ... finished proof: open goal(s) 
474228     INFO  Test worker     d.u.i.k.p.r.RunAllProofsTestUnit Returning from test applicationRestrictions 
474229     INFO  Test worker     d.u.i.k.p.r.RunAllProofsTestUnit Running test blockContracts 
338        WARN  main            d.u.i.k.s.ProofSettings   The settings in /home/runner/.key/proof-settings.props are *not* read. 
331        INFO  Timeout watchdog d.u.i.k.p.r.p.ForkedTestFileRunner Timeout watcher launched (2000 secs.) 
383        INFO  main            d.u.i.k.p.r.p.TestFile    Now processing file /home/runner/work/key/key/key.core/../key.ui/examples/heap/block_contracts/Simple__add.key 
543        INFO  main            d.u.i.k.p.i.AbstractProblemLoader Loading environment from /home/runner/work/key/key/key.core/../key.ui/examples/heap/block_contracts/Simple__add.key 
567        DEBUG main            d.u.i.k.p.i.AbstractProblemLoader Environment load took 5.34ms 
782        INFO  main            d.u.i.k.p.i.AbstractProblemLoader Creating init config 
1697       DEBUG main            d.u.i.k.j.TypeConverter   No LDT found for Meta 
1697       DEBUG main            d.u.i.k.j.TypeConverter   No LDT found for Meta 
1698       DEBUG main            d.u.i.k.j.TypeConverter   No LDT found for Meta 
1698       DEBUG main            d.u.i.k.j.TypeConverter   No LDT found for Meta 
2973       DEBUG main            d.u.i.k.j.TypeConverter   No LDT found for JavaBigintExpression 
8346       DEBUG main            d.u.i.k.p.i.AbstractProblemLoader Init config took 7.56s 
8471       INFO  main            d.u.i.k.p.i.AbstractProblemLoader Replaying proof Simple[Simple::add(int,int)].JML operation contract.0 
8548       DEBUG main            d.u.i.k.p.i.IntermediateProofReplayer Proof replay took 332.9ns 
9168       INFO  main            d.u.i.k.p.r.p.TestFile    ... finished proof: closed. 
9276       INFO  main            d.u.i.k.p.i.AbstractProblemLoader Loading environment from /home/runner/work/key/key/key.core/../key.ui/examples/heap/block_contracts/Simple__add.key.proof 
9276       DEBUG main            d.u.i.k.p.i.AbstractProblemLoader Environment load took 619.7ns 
9278       INFO  main            d.u.i.k.p.i.AbstractProblemLoader Creating init config 
12486      DEBUG main            d.u.i.k.p.i.AbstractProblemLoader Init config took 3.21s 
12568      INFO  main            d.u.i.k.p.i.AbstractProblemLoader Replaying proof Simple[Simple::add(int,int)].JML operation contract.0 
12675      DEBUG main            d.u.i.k.p.i.IntermediateProofReplayer Proof replay took 102.43ms 
12684      DEBUG main            d.u.i.k.p.r.p.TestFile    ... success: reloaded. 
12687      INFO  main            d.u.i.k.p.r.p.TestFile    Now processing file /home/runner/work/key/key/key.core/../key.ui/examples/heap/block_contracts/Simple__addAbsoluteValues.key 
12688      INFO  main            d.u.i.k.p.i.AbstractProblemLoader Loading environment from /home/runner/work/key/key/key.core/../key.ui/examples/heap/block_contracts/Simple__addAbsoluteValues.key 
12688      DEBUG main            d.u.i.k.p.i.AbstractProblemLoader Environment load took 246.6ns 
12692      INFO  main            d.u.i.k.p.i.AbstractProblemLoader Creating init config 
15762      DEBUG main            d.u.i.k.p.i.AbstractProblemLoader Init config took 3.07s 
15824      INFO  main            d.u.i.k.p.i.AbstractProblemLoader Replaying proof Simple[Simple::addAbsoluteValues(int,int)].JML normal_behavior operation contract.0 
15827      DEBUG main            d.u.i.k.p.i.IntermediateProofReplayer Proof replay took 14.7ns 
16839      INFO  main            d.u.i.k.p.r.p.TestFile    ... finished proof: closed. 
17003      INFO  main            d.u.i.k.p.i.AbstractProblemLoader Loading environment from /home/runner/work/key/key/key.core/../key.ui/examples/heap/block_contracts/Simple__addAbsoluteValues.key.proof 
17004      DEBUG main            d.u.i.k.p.i.AbstractProblemLoader Environment load took 435.5ns 
17005      INFO  main            d.u.i.k.p.i.AbstractProblemLoader Creating init config 
20027      DEBUG main            d.u.i.k.p.i.AbstractProblemLoader Init config took 3.02s 
20079      INFO  main            d.u.i.k.p.i.AbstractProblemLoader Replaying proof Simple[Simple::addAbsoluteValues(int,int)].JML normal_behavior operation contract.0 
20260      DEBUG main            d.u.i.k.p.i.IntermediateProofReplayer Proof replay took 172.63ms 
20261      DEBUG main            d.u.i.k.p.r.p.TestFile    ... success: reloaded. 
20263      INFO  main            d.u.i.k.p.r.p.TestFile    Now processing file /home/runner/work/key/key/key.core/../key.ui/examples/heap/block_contracts/Simple__addWithJump.key 
20263      INFO  main            d.u.i.k.p.i.AbstractProblemLoader Loading environment from /home/runner/work/key/key/key.core/../key.ui/examples/heap/block_contracts/Simple__addWithJump.key 
20263      DEBUG main            d.u.i.k.p.i.AbstractProblemLoader Environment load took 224.9ns 
20265      INFO  main            d.u.i.k.p.i.AbstractProblemLoader Creating init config 
23318      DEBUG main            d.u.i.k.p.i.AbstractProblemLoader Init config took 3.05s 
23367      INFO  main            d.u.i.k.p.i.AbstractProblemLoader Replaying proof Simple[Simple::addWithJump(int,int,int)].JML operation contract.0 
23370      DEBUG main            d.u.i.k.p.i.IntermediateProofReplayer Proof replay took 9.1ns 
23572      INFO  main            d.u.i.k.p.r.p.TestFile    ... finished proof: closed. 
23733      INFO  main            d.u.i.k.p.i.AbstractProblemLoader Loading environment from /home/runner/work/key/key/key.core/../key.ui/examples/heap/block_contracts/Simple__addWithJump.key.proof 
23733      DEBUG main            d.u.i.k.p.i.AbstractProblemLoader Environment load took 112.7ns 
23734      INFO  main            d.u.i.k.p.i.AbstractProblemLoader Creating init config 
26615      DEBUG main            d.u.i.k.p.i.AbstractProblemLoader Init config took 2.88s 
26665      INFO  main            d.u.i.k.p.i.AbstractProblemLoader Replaying proof Simple[Simple::addWithJump(int,int,int)].JML operation contract.0 
26715      DEBUG main            d.u.i.k.p.i.IntermediateProofReplayer Proof replay took 46.44ms 
26717      DEBUG main            d.u.i.k.p.r.p.TestFile    ... success: reloaded. 
26719      INFO  main            d.u.i.k.p.r.p.TestFile    Now processing file /home/runner/work/key/key/key.core/../key.ui/examples/heap/block_contracts/Simple__addWithTwoBlockContracts.key 
26720      INFO  main            d.u.i.k.p.i.AbstractProblemLoader Loading environment from /home/runner/work/key/key/key.core/../key.ui/examples/heap/block_contracts/Simple__addWithTwoBlockContracts.key 
26720      DEBUG main            d.u.i.k.p.i.AbstractProblemLoader Environment load took 212.8ns 
26723      INFO  main            d.u.i.k.p.i.AbstractProblemLoader Creating init config 
29713      DEBUG main            d.u.i.k.p.i.AbstractProblemLoader Init config took 2.99s 
29758      INFO  main            d.u.i.k.p.i.AbstractProblemLoader Replaying proof Simple[Simple::addWithTwoBlockContracts(int,int,int)].JML operation contract.0 
29760      DEBUG main            d.u.i.k.p.i.IntermediateProofReplayer Proof replay took 9.7ns 
29963      INFO  main            d.u.i.k.p.r.p.TestFile    ... finished proof: closed. 
30168      INFO  main            d.u.i.k.p.i.AbstractProblemLoader Loading environment from /home/runner/work/key/key/key.core/../key.ui/examples/heap/block_contracts/Simple__addWithTwoBlockContracts.key.proof 
30168      DEBUG main            d.u.i.k.p.i.AbstractProblemLoader Environment load took 107.1ns 
30170      INFO  main            d.u.i.k.p.i.AbstractProblemLoader Creating init config 
33144      DEBUG main            d.u.i.k.p.i.AbstractProblemLoader Init config took 2.97s 
33218      INFO  main            d.u.i.k.p.i.AbstractProblemLoader Replaying proof Simple[Simple::addWithTwoBlockContracts(int,int,int)].JML operation contract.0 
33284      DEBUG main            d.u.i.k.p.i.IntermediateProofReplayer Proof replay took 59.93ms 
33285      DEBUG main            d.u.i.k.p.r.p.TestFile    ... success: reloaded. 
33287      INFO  main            d.u.i.k.p.r.p.TestFile    Now processing file /home/runner/work/key/key/key.core/../key.ui/examples/heap/block_contracts/Simple__generateByteArray.key 
33287      INFO  main            d.u.i.k.p.i.AbstractProblemLoader Loading environment from /home/runner/work/key/key/key.core/../key.ui/examples/heap/block_contracts/Simple__generateByteArray.key 
33287      DEBUG main            d.u.i.k.p.i.AbstractProblemLoader Environment load took 216.7ns 
33288      INFO  main            d.u.i.k.p.i.AbstractProblemLoader Creating init config 
36220      DEBUG main            d.u.i.k.p.i.AbstractProblemLoader Init config took 2.93s 
36264      INFO  main            d.u.i.k.p.i.AbstractProblemLoader Replaying proof Simple[Simple::generateByteArray()].JML normal_behavior operation contract.0 
36266      DEBUG main            d.u.i.k.p.i.IntermediateProofReplayer Proof replay took 9.6ns 
38274      INFO  main            d.u.i.k.p.r.p.TestFile    ... finished proof: closed. 
38529      INFO  main            d.u.i.k.p.i.AbstractProblemLoader Loading environment from /home/runner/work/key/key/key.core/../key.ui/examples/heap/block_contracts/Simple__generateByteArray.key.proof 
38529      DEBUG main            d.u.i.k.p.i.AbstractProblemLoader Environment load took 436.8ns 
38531      INFO  main            d.u.i.k.p.i.AbstractProblemLoader Creating init config 
41397      DEBUG main            d.u.i.k.p.i.AbstractProblemLoader Init config took 2.87s 
41449      INFO  main            d.u.i.k.p.i.AbstractProblemLoader Replaying proof Simple[Simple::generateByteArray()].JML normal_behavior operation contract.0 
41716      DEBUG main            d.u.i.k.p.i.IntermediateProofReplayer Proof replay took 250.25ms 
41717      DEBUG main            d.u.i.k.p.r.p.TestFile    ... success: reloaded. 
41719      INFO  main            d.u.i.k.p.r.p.TestFile    Now processing file /home/runner/work/key/key/key.core/../key.ui/examples/heap/block_contracts/Simple__getLength.key 
41719      INFO  main            d.u.i.k.p.i.AbstractProblemLoader Loading environment from /home/runner/work/key/key/key.core/../key.ui/examples/heap/block_contracts/Simple__getLength.key 
41719      DEBUG main            d.u.i.k.p.i.AbstractProblemLoader Environment load took 221.4ns 
41720      INFO  main            d.u.i.k.p.i.AbstractProblemLoader Creating init config 
44655      DEBUG main            d.u.i.k.p.i.AbstractProblemLoader Init config took 2.94s 
44696      INFO  main            d.u.i.k.p.i.AbstractProblemLoader Replaying proof Simple[Simple::getLength()].JML normal_behavior operation contract.0 
44698      DEBUG main            d.u.i.k.p.i.IntermediateProofReplayer Proof replay took 10.1ns 
44814      INFO  main            d.u.i.k.p.r.p.TestFile    ... finished proof: closed. 
45000      INFO  main            d.u.i.k.p.i.AbstractProblemLoader Loading environment from /home/runner/work/key/key/key.core/../key.ui/examples/heap/block_contracts/Simple__getLength.key.proof 
45000      DEBUG main            d.u.i.k.p.i.AbstractProblemLoader Environment load took 111.9ns 
45002      INFO  main            d.u.i.k.p.i.AbstractProblemLoader Creating init config 
47902      DEBUG main            d.u.i.k.p.i.AbstractProblemLoader Init config took 2.9s 
47943      INFO  main            d.u.i.k.p.i.AbstractProblemLoader Replaying proof Simple[Simple::getLength()].JML normal_behavior operation contract.0 
47951      DEBUG main            d.u.i.k.p.i.IntermediateProofReplayer Proof replay took 6.55ms 
47951      DEBUG main            d.u.i.k.p.r.p.TestFile    ... success: reloaded. 
47952      INFO  main            d.u.i.k.p.r.p.TestFile    Now processing file /home/runner/work/key/key/key.core/../key.ui/examples/heap/block_contracts/Simple__square.key 
47953      INFO  main            d.u.i.k.p.i.AbstractProblemLoader Loading environment from /home/runner/work/key/key/key.core/../key.ui/examples/heap/block_contracts/Simple__square.key 
47953      DEBUG main            d.u.i.k.p.i.AbstractProblemLoader Environment load took 111ns 
47954      INFO  main            d.u.i.k.p.i.AbstractProblemLoader Creating init config 
50804      DEBUG main            d.u.i.k.p.i.AbstractProblemLoader Init config took 2.85s 
50844      INFO  main            d.u.i.k.p.i.AbstractProblemLoader Replaying proof Simple[Simple::square(int)].JML operation contract.0 
50846      DEBUG main            d.u.i.k.p.i.IntermediateProofReplayer Proof replay took 9.6ns 
51248      INFO  main            d.u.i.k.p.r.p.TestFile    ... finished proof: closed. 
51423      INFO  main            d.u.i.k.p.i.AbstractProblemLoader Loading environment from /home/runner/work/key/key/key.core/../key.ui/examples/heap/block_contracts/Simple__square.key.proof 
51424      DEBUG main            d.u.i.k.p.i.AbstractProblemLoader Environment load took 113.9ns 
51424      INFO  main            d.u.i.k.p.i.AbstractProblemLoader Creating init config 
54291      DEBUG main            d.u.i.k.p.i.AbstractProblemLoader Init config took 2.87s 
54329      INFO  main            d.u.i.k.p.i.AbstractProblemLoader Replaying proof Simple[Simple::square(int)].JML operation contract.0 
54416      DEBUG main            d.u.i.k.p.i.IntermediateProofReplayer Proof replay took 83.13ms 
54416      DEBUG main            d.u.i.k.p.r.p.TestFile    ... success: reloaded. 
54424      INFO  main            d.u.i.k.p.r.p.TestFile    Now processing file /home/runner/work/key/key/key.core/../key.ui/examples/heap/block_contracts/Simple__unnecessaryBlockContract.key 
54424      INFO  main            d.u.i.k.p.i.AbstractProblemLoader Loading environment from /home/runner/work/key/key/key.core/../key.ui/examples/heap/block_contracts/Simple__unnecessaryBlockContract.key 
54425      DEBUG main            d.u.i.k.p.i.AbstractProblemLoader Environment load took 265.4ns 
54426      INFO  main            d.u.i.k.p.i.AbstractProblemLoader Creating init config 
57382      DEBUG main            d.u.i.k.p.i.AbstractProblemLoader Init config took 2.96s 
57421      INFO  main            d.u.i.k.p.i.AbstractProblemLoader Replaying proof Simple[Simple::unnecessaryBlockContract()].JML operation contract.0 
57424      DEBUG main            d.u.i.k.p.i.IntermediateProofReplayer Proof replay took 12.5ns 
57525      INFO  main            d.u.i.k.p.r.p.TestFile    ... finished proof: closed. 
57714      INFO  main            d.u.i.k.p.i.AbstractProblemLoader Loading environment from /home/runner/work/key/key/key.core/../key.ui/examples/heap/block_contracts/Simple__unnecessaryBlockContract.key.proof 
57714      DEBUG main            d.u.i.k.p.i.AbstractProblemLoader Environment load took 121.5ns 
57715      INFO  main            d.u.i.k.p.i.AbstractProblemLoader Creating init config 
60543      DEBUG main            d.u.i.k.p.i.AbstractProblemLoader Init config took 2.83s 
60597      INFO  main            d.u.i.k.p.i.AbstractProblemLoader Replaying proof Simple[Simple::unnecessaryBlockContract()].JML operation contract.0 
60619      DEBUG main            d.u.i.k.p.i.IntermediateProofReplayer Proof replay took 19.36ms 
60620      DEBUG main            d.u.i.k.p.r.p.TestFile    ... success: reloaded. 
60621      INFO  main            d.u.i.k.p.r.p.TestFile    Now processing file /home/runner/work/key/key/key.core/../key.ui/examples/heap/block_contracts/Simple__unnecessaryLoopInvariant.key 
60623      INFO  main            d.u.i.k.p.i.AbstractProblemLoader Loading environment from /home/runner/work/key/key/key.core/../key.ui/examples/heap/block_contracts/Simple__unnecessaryLoopInvariant.key 
60624      DEBUG main            d.u.i.k.p.i.AbstractProblemLoader Environment load took 339.9ns 
60624      INFO  main            d.u.i.k.p.i.AbstractProblemLoader Creating init config 
63532      DEBUG main            d.u.i.k.p.i.AbstractProblemLoader Init config took 2.91s 
63571      INFO  main            d.u.i.k.p.i.AbstractProblemLoader Replaying proof Simple[Simple::unnecessaryLoopInvariant()].JML operation contract.0 
63573      DEBUG main            d.u.i.k.p.i.IntermediateProofReplayer Proof replay took 10ns 
63678      INFO  main            d.u.i.k.p.r.p.TestFile    ... finished proof: closed. 
63850      INFO  main            d.u.i.k.p.i.AbstractProblemLoader Loading environment from /home/runner/work/key/key/key.core/../key.ui/examples/heap/block_contracts/Simple__unnecessaryLoopInvariant.key.proof 
63850      DEBUG main            d.u.i.k.p.i.AbstractProblemLoader Environment load took 100.1ns 
63851      INFO  main            d.u.i.k.p.i.AbstractProblemLoader Creating init config 
66686      DEBUG main            d.u.i.k.p.i.AbstractProblemLoader Init config took 2.83s 
66722      INFO  main            d.u.i.k.p.i.AbstractProblemLoader Replaying proof Simple[Simple::unnecessaryLoopInvariant()].JML operation contract.0 
66734      DEBUG main            d.u.i.k.p.i.IntermediateProofReplayer Proof replay took 10.08ms 
66735      DEBUG main            d.u.i.k.p.r.p.TestFile    ... success: reloaded. 
66736      INFO  main            d.u.i.k.p.r.p.TestFile    Now processing file /home/runner/work/key/key/key.core/../key.ui/examples/standard_key/java_dl/jml-assert/assert.key 
66736      INFO  main            d.u.i.k.p.i.AbstractProblemLoader Loading environment from /home/runner/work/key/key/key.core/../key.ui/examples/standard_key/java_dl/jml-assert/assert.key 
66736      DEBUG main            d.u.i.k.p.i.AbstractProblemLoader Environment load took 100.1ns 
66737      INFO  main            d.u.i.k.p.i.AbstractProblemLoader Creating init config 
69273      DEBUG main            d.u.i.k.p.i.AbstractProblemLoader Init config took 2.54s 
69311      INFO  main            d.u.i.k.p.i.AbstractProblemLoader Replaying proof Assert[Assert::createArray(int)].JML normal_behavior operation contract.0 
69312      DEBUG main            d.u.i.k.p.i.IntermediateProofReplayer Proof replay took 5.2ns 
69514      INFO  main            d.u.i.k.p.r.p.TestFile    ... finished proof: closed. 
69682      INFO  main            d.u.i.k.p.i.AbstractProblemLoader Loading environment from /home/runner/work/key/key/key.core/../key.ui/examples/standard_key/java_dl/jml-assert/assert.key.proof 
69683      DEBUG main            d.u.i.k.p.i.AbstractProblemLoader Environment load took 107.6ns 
69684      INFO  main            d.u.i.k.p.i.AbstractProblemLoader Creating init config 
72154      DEBUG main            d.u.i.k.p.i.AbstractProblemLoader Init config took 2.47s 
72190      INFO  main            d.u.i.k.p.i.AbstractProblemLoader Replaying proof Assert[Assert::createArray(int)].JML normal_behavior operation contract.0 
72232      DEBUG main            d.u.i.k.p.i.IntermediateProofReplayer Proof replay took 40.23ms 
72233      DEBUG main            d.u.i.k.p.r.p.TestFile    ... success: reloaded. 
72234      INFO  main            d.u.i.k.p.r.p.TestFile    Now processing file /home/runner/work/key/key/key.core/../key.ui/examples/standard_key/java_dl/jml-assert/assert_assume_order.key 
72235      INFO  main            d.u.i.k.p.i.AbstractProblemLoader Loading environment from /home/runner/work/key/key/key.core/../key.ui/examples/standard_key/java_dl/jml-assert/assert_assume_order.key 
72235      DEBUG main            d.u.i.k.p.i.AbstractProblemLoader Environment load took 94.6ns 
72236      INFO  main            d.u.i.k.p.i.AbstractProblemLoader Creating init config 
74784      DEBUG main            d.u.i.k.p.i.AbstractProblemLoader Init config took 2.55s 
74823      INFO  main            d.u.i.k.p.i.AbstractProblemLoader Replaying proof AssertAssume[AssertAssume::singleAssumeAssert(int)].JML normal_behavior operation contract.0 
74824      DEBUG main            d.u.i.k.p.i.IntermediateProofReplayer Proof replay took 14.6ns 
74929      INFO  main            d.u.i.k.p.r.p.TestFile    ... finished proof: closed. 
75102      INFO  main            d.u.i.k.p.i.AbstractProblemLoader Loading environment from /home/runner/work/key/key/key.core/../key.ui/examples/standard_key/java_dl/jml-assert/assert_assume_order.key.proof 
75102      DEBUG main            d.u.i.k.p.i.AbstractProblemLoader Environment load took 102.2ns 
75103      INFO  main            d.u.i.k.p.i.AbstractProblemLoader Creating init config 
77608      DEBUG main            d.u.i.k.p.i.AbstractProblemLoader Init config took 2.51s 
77648      INFO  main            d.u.i.k.p.i.AbstractProblemLoader Replaying proof AssertAssume[AssertAssume::singleAssumeAssert(int)].JML normal_behavior operation contract.0 
77658      DEBUG main            d.u.i.k.p.i.IntermediateProofReplayer Proof replay took 7.42ms 
77661      DEBUG main            d.u.i.k.p.r.p.TestFile    ... success: reloaded. 
77663      INFO  main            d.u.i.k.p.r.p.TestFile    Now processing file /home/runner/work/key/key/key.core/../key.ui/examples/heap/block_loop_contracts/SimpleVariants/sum_onBlock_external.key 
77664      INFO  main            d.u.i.k.p.i.AbstractProblemLoader Loading environment from /home/runner/work/key/key/key.core/../key.ui/examples/heap/block_loop_contracts/SimpleVariants/sum_onBlock_external.key 
77664      DEBUG main            d.u.i.k.p.i.AbstractProblemLoader Environment load took 97.9ns 
77665      INFO  main            d.u.i.k.p.i.AbstractProblemLoader Creating init config 
80463      DEBUG main            d.u.i.k.p.i.AbstractProblemLoader Init config took 2.8s 
80496      INFO  main            d.u.i.k.p.i.AbstractProblemLoader Replaying proof LoopContractExamplesAll[LoopContractExamplesAll::sum_loopContract_onBlock([I)].JML normal_behavior operation contract.0 
80499      DEBUG main            d.u.i.k.p.i.IntermediateProofReplayer Proof replay took 11.5ns 
80602      INFO  main            d.u.i.k.p.r.p.TestFile    ... finished proof: closed. 
80804      INFO  main            d.u.i.k.p.i.AbstractProblemLoader Loading environment from /home/runner/work/key/key/key.core/../key.ui/examples/heap/block_loop_contracts/SimpleVariants/sum_onBlock_external.key.proof 
80804      DEBUG main            d.u.i.k.p.i.AbstractProblemLoader Environment load took 114.9ns 
80804      INFO  main            d.u.i.k.p.i.AbstractProblemLoader Creating init config 
83489      DEBUG main            d.u.i.k.p.i.AbstractProblemLoader Init config took 2.68s 
83523      INFO  main            d.u.i.k.p.i.AbstractProblemLoader Replaying proof LoopContractExamplesAll[LoopContractExamplesAll::sum_loopContract_onBlock([I)].JML normal_behavior operation contract.0 
83555      DEBUG main            d.u.i.k.p.i.IntermediateProofReplayer Proof replay took 29.68ms 
83556      DEBUG main            d.u.i.k.p.r.p.TestFile    ... success: reloaded. 
83557      INFO  main            d.u.i.k.p.r.p.TestFile    Now processing file /home/runner/work/key/key/key.core/../key.ui/examples/heap/block_loop_contracts/SimpleVariants/sum_onBlock_internal.key 
83557      INFO  main            d.u.i.k.p.i.AbstractProblemLoader Loading environment from /home/runner/work/key/key/key.core/../key.ui/examples/heap/block_loop_contracts/SimpleVariants/sum_onBlock_internal.key 
83557      DEBUG main            d.u.i.k.p.i.AbstractProblemLoader Environment load took 132ns 
83558      INFO  main            d.u.i.k.p.i.AbstractProblemLoader Creating init config 
86268      DEBUG main            d.u.i.k.p.i.AbstractProblemLoader Init config took 2.71s 
86304      INFO  main            d.u.i.k.p.i.AbstractProblemLoader Replaying proof LoopContractExamplesAll[LoopContractExamplesAll::sum_loopContract_onBlock([I)].JML normal_behavior operation contract.0 
86312      DEBUG main            d.u.i.k.p.i.IntermediateProofReplayer Proof replay took 11.5ns 
86933      INFO  main            d.u.i.k.p.r.p.TestFile    ... finished proof: closed. 
87158      INFO  main            d.u.i.k.p.i.AbstractProblemLoader Loading environment from /home/runner/work/key/key/key.core/../key.ui/examples/heap/block_loop_contracts/SimpleVariants/sum_onBlock_internal.key.proof 
87158      DEBUG main            d.u.i.k.p.i.AbstractProblemLoader Environment load took 102.6ns 
87159      INFO  main            d.u.i.k.p.i.AbstractProblemLoader Creating init config 
89825      DEBUG main            d.u.i.k.p.i.AbstractProblemLoader Init config took 2.67s 
89858      INFO  main            d.u.i.k.p.i.AbstractProblemLoader Replaying proof LoopContractExamplesAll[LoopContractExamplesAll::sum_loopContract_onBlock([I)].JML normal_behavior operation contract.0 
90081      DEBUG main            d.u.i.k.p.i.IntermediateProofReplayer Proof replay took 219.53ms 
90082      DEBUG main            d.u.i.k.p.r.p.TestFile    ... success: reloaded. 
90083      INFO  main            d.u.i.k.p.r.p.TestFile    Now processing file /home/runner/work/key/key/key.core/../key.ui/examples/heap/block_loop_contracts/SimpleVariants/sum_onBlock_loop.key 
90083      INFO  main            d.u.i.k.p.i.AbstractProblemLoader Loading environment from /home/runner/work/key/key/key.core/../key.ui/examples/heap/block_loop_contracts/SimpleVariants/sum_onBlock_loop.key 
90083      DEBUG main            d.u.i.k.p.i.AbstractProblemLoader Environment load took 179.4ns 
90084      INFO  main            d.u.i.k.p.i.AbstractProblemLoader Creating init config 
92827      DEBUG main            d.u.i.k.p.i.AbstractProblemLoader Init config took 2.74s 
92863      INFO  main            d.u.i.k.p.i.AbstractProblemLoader Replaying proof LoopContractExamplesAll[LoopContractExamplesAll::sum_loopContract_onBlock([I)].JML normal_behavior loop contract.0 
92864      DEBUG main            d.u.i.k.p.i.IntermediateProofReplayer Proof replay took 20.8ns 
93667      INFO  main            d.u.i.k.p.r.p.TestFile    ... finished proof: closed. 
93919      INFO  main            d.u.i.k.p.i.AbstractProblemLoader Loading environment from /home/runner/work/key/key/key.core/../key.ui/examples/heap/block_loop_contracts/SimpleVariants/sum_onBlock_loop.key.proof 
93919      DEBUG main            d.u.i.k.p.i.AbstractProblemLoader Environment load took 103.7ns 
93920      INFO  main            d.u.i.k.p.i.AbstractProblemLoader Creating init config 
96561      DEBUG main            d.u.i.k.p.i.AbstractProblemLoader Init config took 2.64s 
96595      INFO  main            d.u.i.k.p.i.AbstractProblemLoader Replaying proof LoopContractExamplesAll[LoopContractExamplesAll::sum_loopContract_onBlock([I)].JML normal_behavior loop contract.0 
96825      DEBUG main            d.u.i.k.p.i.IntermediateProofReplayer Proof replay took 226.07ms 
96826      DEBUG main            d.u.i.k.p.r.p.TestFile    ... success: reloaded. 
96827      INFO  main            d.u.i.k.p.r.p.TestFile    Now processing file /home/runner/work/key/key/key.core/../key.ui/examples/heap/block_loop_contracts/SimpleVariants/sum_onLoop_external.key 
96827      INFO  main            d.u.i.k.p.i.AbstractProblemLoader Loading environment from /home/runner/work/key/key/key.core/../key.ui/examples/heap/block_loop_contracts/SimpleVariants/sum_onLoop_external.key 
96827      DEBUG main            d.u.i.k.p.i.AbstractProblemLoader Environment load took 85.8ns 
96830      INFO  main            d.u.i.k.p.i.AbstractProblemLoader Creating init config 
99591      DEBUG main            d.u.i.k.p.i.AbstractProblemLoader Init config took 2.76s 
99643      INFO  main            d.u.i.k.p.i.AbstractProblemLoader Replaying proof LoopContractExamplesAll[LoopContractExamplesAll::sum_loopContract_onLoop([I)].JML normal_behavior operation contract.0 
99645      DEBUG main            d.u.i.k.p.i.IntermediateProofReplayer Proof replay took 10.1ns 
99747      INFO  main            d.u.i.k.p.r.p.TestFile    ... finished proof: closed. 
100070     INFO  main            d.u.i.k.p.i.AbstractProblemLoader Loading environment from /home/runner/work/key/key/key.core/../key.ui/examples/heap/block_loop_contracts/SimpleVariants/sum_onLoop_external.key.proof 
100070     DEBUG main            d.u.i.k.p.i.AbstractProblemLoader Environment load took 108.7ns 
100071     INFO  main            d.u.i.k.p.i.AbstractProblemLoader Creating init config 
102728     DEBUG main            d.u.i.k.p.i.AbstractProblemLoader Init config took 2.66s 
102761     INFO  main            d.u.i.k.p.i.AbstractProblemLoader Replaying proof LoopContractExamplesAll[LoopContractExamplesAll::sum_loopContract_onLoop([I)].JML normal_behavior operation contract.0 
102788     DEBUG main            d.u.i.k.p.i.IntermediateProofReplayer Proof replay took 25.26ms 
102788     DEBUG main            d.u.i.k.p.r.p.TestFile    ... success: reloaded. 
102789     INFO  main            d.u.i.k.p.r.p.TestFile    Now processing file /home/runner/work/key/key/key.core/../key.ui/examples/heap/block_loop_contracts/SimpleVariants/sum_onLoop_internal.key 
102790     INFO  main            d.u.i.k.p.i.AbstractProblemLoader Loading environment from /home/runner/work/key/key/key.core/../key.ui/examples/heap/block_loop_contracts/SimpleVariants/sum_onLoop_internal.key 
102790     DEBUG main            d.u.i.k.p.i.AbstractProblemLoader Environment load took 74ns 
102790     INFO  main            d.u.i.k.p.i.AbstractProblemLoader Creating init config 
105509     DEBUG main            d.u.i.k.p.i.AbstractProblemLoader Init config took 2.72s 
105542     INFO  main            d.u.i.k.p.i.AbstractProblemLoader Replaying proof LoopContractExamplesAll[LoopContractExamplesAll::sum_loopContract_onLoop([I)].JML normal_behavior operation contract.0 
105543     DEBUG main            d.u.i.k.p.i.IntermediateProofReplayer Proof replay took 10.8ns 
106146     INFO  main            d.u.i.k.p.r.p.TestFile    ... finished proof: closed. 
106399     INFO  main            d.u.i.k.p.i.AbstractProblemLoader Loading environment from /home/runner/work/key/key/key.core/../key.ui/examples/heap/block_loop_contracts/SimpleVariants/sum_onLoop_internal.key.proof 
106399     DEBUG main            d.u.i.k.p.i.AbstractProblemLoader Environment load took 103.9ns 
106400     INFO  main            d.u.i.k.p.i.AbstractProblemLoader Creating init config 
109038     DEBUG main            d.u.i.k.p.i.AbstractProblemLoader Init config took 2.64s 
109074     INFO  main            d.u.i.k.p.i.AbstractProblemLoader Replaying proof LoopContractExamplesAll[LoopContractExamplesAll::sum_loopContract_onLoop([I)].JML normal_behavior operation contract.0 
109322     DEBUG main            d.u.i.k.p.i.IntermediateProofReplayer Proof replay took 241.96ms 
109326     DEBUG main            d.u.i.k.p.r.p.TestFile    ... success: reloaded. 
109328     INFO  main            d.u.i.k.p.r.p.TestFile    Now processing file /home/runner/work/key/key/key.core/../key.ui/examples/heap/block_loop_contracts/SimpleVariants/sum_onLoop_loop.key 
109329     INFO  main            d.u.i.k.p.i.AbstractProblemLoader Loading environment from /home/runner/work/key/key/key.core/../key.ui/examples/heap/block_loop_contracts/SimpleVariants/sum_onLoop_loop.key 
109329     DEBUG main            d.u.i.k.p.i.AbstractProblemLoader Environment load took 212.7ns 
109330     INFO  main            d.u.i.k.p.i.AbstractProblemLoader Creating init config 
112060     DEBUG main            d.u.i.k.p.i.AbstractProblemLoader Init config took 2.73s 
112094     INFO  main            d.u.i.k.p.i.AbstractProblemLoader Replaying proof LoopContractExamplesAll[LoopContractExamplesAll::sum_loopContract_onLoop([I)].JML normal_behavior loop contract.0 
112096     DEBUG main            d.u.i.k.p.i.IntermediateProofReplayer Proof replay took 9.8ns 
112799     INFO  main            d.u.i.k.p.r.p.TestFile    ... finished proof: closed. 
113075     INFO  main            d.u.i.k.p.i.AbstractProblemLoader Loading environment from /home/runner/work/key/key/key.core/../key.ui/examples/heap/block_loop_contracts/SimpleVariants/sum_onLoop_loop.key.proof 
113075     DEBUG main            d.u.i.k.p.i.AbstractProblemLoader Environment load took 125.4ns 
113076     INFO  main            d.u.i.k.p.i.AbstractProblemLoader Creating init config 
115715     DEBUG main            d.u.i.k.p.i.AbstractProblemLoader Init config took 2.64s 
115749     INFO  main            d.u.i.k.p.i.AbstractProblemLoader Replaying proof LoopContractExamplesAll[LoopContractExamplesAll::sum_loopContract_onLoop([I)].JML normal_behavior loop contract.0 
115970     DEBUG main            d.u.i.k.p.i.IntermediateProofReplayer Proof replay took 217.37ms 
115971     DEBUG main            d.u.i.k.p.r.p.TestFile    ... success: reloaded. 
115971     INFO  main            d.u.i.k.p.r.p.TestFile    Now processing file /home/runner/work/key/key/key.core/../key.ui/examples/heap/block_loop_contracts/Free/blockContracts0.key 
115972     INFO  main            d.u.i.k.p.i.AbstractProblemLoader Loading environment from /home/runner/work/key/key/key.core/../key.ui/examples/heap/block_loop_contracts/Free/blockContracts0.key 
115972     DEBUG main            d.u.i.k.p.i.AbstractProblemLoader Environment load took 87.1ns 
115973     INFO  main            d.u.i.k.p.i.AbstractProblemLoader Creating init config 
118354     DEBUG main            d.u.i.k.p.i.AbstractProblemLoader Init config took 2.38s 
118386     INFO  main            d.u.i.k.p.i.AbstractProblemLoader Replaying proof FreeConditions[FreeConditions::blockContract0()].JML normal_behavior operation contract.0 
118388     DEBUG main            d.u.i.k.p.i.IntermediateProofReplayer Proof replay took 11.4ns 
118490     INFO  main            d.u.i.k.p.r.p.TestFile    ... finished proof: closed. 
118737     INFO  main            d.u.i.k.p.i.AbstractProblemLoader Loading environment from /home/runner/work/key/key/key.core/../key.ui/examples/heap/block_loop_contracts/Free/blockContracts0.key.proof 
118737     DEBUG main            d.u.i.k.p.i.AbstractProblemLoader Environment load took 103.6ns 
118738     INFO  main            d.u.i.k.p.i.AbstractProblemLoader Creating init config 
121049     DEBUG main            d.u.i.k.p.i.AbstractProblemLoader Init config took 2.31s 
121083     INFO  main            d.u.i.k.p.i.AbstractProblemLoader Replaying proof FreeConditions[FreeConditions::blockContract0()].JML normal_behavior operation contract.0 
121102     DEBUG main            d.u.i.k.p.i.IntermediateProofReplayer Proof replay took 17.34ms 
121102     DEBUG main            d.u.i.k.p.r.p.TestFile    ... success: reloaded. 
121103     INFO  main            d.u.i.k.p.r.p.TestFile    Now processing file /home/runner/work/key/key/key.core/../key.ui/examples/heap/block_loop_contracts/Free/blockContracts1.key 
121103     INFO  main            d.u.i.k.p.i.AbstractProblemLoader Loading environment from /home/runner/work/key/key/key.core/../key.ui/examples/heap/block_loop_contracts/Free/blockContracts1.key 
121104     DEBUG main            d.u.i.k.p.i.AbstractProblemLoader Environment load took 113.4ns 
121104     INFO  main            d.u.i.k.p.i.AbstractProblemLoader Creating init config 
123469     DEBUG main            d.u.i.k.p.i.AbstractProblemLoader Init config took 2.36s 
123500     INFO  main            d.u.i.k.p.i.AbstractProblemLoader Replaying proof FreeConditions[FreeConditions::blockContract1()].JML normal_behavior operation contract.0 
123502     DEBUG main            d.u.i.k.p.i.IntermediateProofReplayer Proof replay took 10ns 
123606     INFO  main            d.u.i.k.p.r.p.TestFile    ... finished proof: closed. 
123841     INFO  main            d.u.i.k.p.i.AbstractProblemLoader Loading environment from /home/runner/work/key/key/key.core/../key.ui/examples/heap/block_loop_contracts/Free/blockContracts1.key.proof 
123841     DEBUG main            d.u.i.k.p.i.AbstractProblemLoader Environment load took 96.6ns 
123842     INFO  main            d.u.i.k.p.i.AbstractProblemLoader Creating init config 
126149     DEBUG main            d.u.i.k.p.i.AbstractProblemLoader Init config took 2.31s 
126180     INFO  main            d.u.i.k.p.i.AbstractProblemLoader Replaying proof FreeConditions[FreeConditions::blockContract1()].JML normal_behavior operation contract.0 
126196     DEBUG main            d.u.i.k.p.i.IntermediateProofReplayer Proof replay took 13.73ms 
126197     DEBUG main            d.u.i.k.p.r.p.TestFile    ... success: reloaded. 
126197     INFO  main            d.u.i.k.p.r.p.TestFile    Now processing file /home/runner/work/key/key/key.core/../key.ui/examples/heap/block_loop_contracts/Finally/block_finally.key 
126197     INFO  main            d.u.i.k.p.i.AbstractProblemLoader Loading environment from /home/runner/work/key/key/key.core/../key.ui/examples/heap/block_loop_contracts/Finally/block_finally.key 
126198     DEBUG main            d.u.i.k.p.i.AbstractProblemLoader Environment load took 82.5ns 
126198     INFO  main            d.u.i.k.p.i.AbstractProblemLoader Creating init config 
128587     DEBUG main            d.u.i.k.p.i.AbstractProblemLoader Init config took 2.39s 
128620     INFO  main            d.u.i.k.p.i.AbstractProblemLoader Replaying proof AuxiliaryContractsFinally[AuxiliaryContractsFinally::breakThrowContinueBlockContract(java.lang.Exception)].JML block contract.0 
128622     DEBUG main            d.u.i.k.p.i.IntermediateProofReplayer Proof replay took 9.4ns 
129128     INFO  main            d.u.i.k.p.r.p.TestFile    ... finished proof: open goal(s) 
129383     INFO  main            d.u.i.k.p.r.p.TestFile    Now processing file /home/runner/work/key/key/key.core/../key.ui/examples/heap/block_loop_contracts/Finally/loop_finally.key 
129383     INFO  main            d.u.i.k.p.i.AbstractProblemLoader Loading environment from /home/runner/work/key/key/key.core/../key.ui/examples/heap/block_loop_contracts/Finally/loop_finally.key 
129383     DEBUG main            d.u.i.k.p.i.AbstractProblemLoader Environment load took 49.5ns 
129384     INFO  main            d.u.i.k.p.i.AbstractProblemLoader Creating init config 
131708     DEBUG main            d.u.i.k.p.i.AbstractProblemLoader Init config took 2.32s 
131743     INFO  main            d.u.i.k.p.i.AbstractProblemLoader Replaying proof AuxiliaryContractsFinally[AuxiliaryContractsFinally::breakThrowContinueLoopContract(java.lang.Exception)].JML normal_behavior loop contract.0 
131744     DEBUG main            d.u.i.k.p.i.IntermediateProofReplayer Proof replay took 10.4ns 
132358     INFO  main            d.u.i.k.p.r.p.TestFile    ... finished proof: open goal(s) 
607000     INFO  Test worker     d.u.i.k.p.r.RunAllProofsTestUnit Returning from test blockContracts 
607001     INFO  Test worker     d.u.i.k.p.r.RunAllProofsTestUnit Running test jmlAsserts 
372        INFO  Timeout watchdog d.u.i.k.p.r.p.ForkedTestFileRunner Timeout watcher launched (2000 secs.) 
388        WARN  main            d.u.i.k.s.ProofSettings   The settings in /home/runner/.key/proof-settings.props are *not* read. 
429        INFO  main            d.u.i.k.p.r.p.TestFile    Now processing file /home/runner/work/key/key/key.core/../key.ui/examples/standard_key/java_dl/jml-assert/assert.key 
587        INFO  main            d.u.i.k.p.i.AbstractProblemLoader Loading environment from /home/runner/work/key/key/key.core/../key.ui/examples/standard_key/java_dl/jml-assert/assert.key 
610        DEBUG main            d.u.i.k.p.i.AbstractProblemLoader Environment load took 1.76ms 
838        INFO  main            d.u.i.k.p.i.AbstractProblemLoader Creating init config 
1645       DEBUG main            d.u.i.k.j.TypeConverter   No LDT found for Meta 
1645       DEBUG main            d.u.i.k.j.TypeConverter   No LDT found for Meta 
1646       DEBUG main            d.u.i.k.j.TypeConverter   No LDT found for Meta 
1646       DEBUG main            d.u.i.k.j.TypeConverter   No LDT found for Meta 
3072       DEBUG main            d.u.i.k.j.TypeConverter   No LDT found for JavaBigintExpression 
7973       DEBUG main            d.u.i.k.p.i.AbstractProblemLoader Init config took 7.13s 
8096       INFO  main            d.u.i.k.p.i.AbstractProblemLoader Replaying proof Assert[Assert::createArray(int)].JML normal_behavior operation contract.0 
8125       DEBUG main            d.u.i.k.p.i.IntermediateProofReplayer Proof replay took 28.7ns 
9052       INFO  main            d.u.i.k.p.r.p.TestFile    ... finished proof: closed. 
9157       INFO  main            d.u.i.k.p.i.AbstractProblemLoader Loading environment from /home/runner/work/key/key/key.core/../key.ui/examples/standard_key/java_dl/jml-assert/assert.key.proof 
9160       DEBUG main            d.u.i.k.p.i.AbstractProblemLoader Environment load took 2.28ms 
9164       INFO  main            d.u.i.k.p.i.AbstractProblemLoader Creating init config 
12016      DEBUG main            d.u.i.k.p.i.AbstractProblemLoader Init config took 2.85s 
12098      INFO  main            d.u.i.k.p.i.AbstractProblemLoader Replaying proof Assert[Assert::createArray(int)].JML normal_behavior operation contract.0 
12188      DEBUG main            d.u.i.k.p.i.IntermediateProofReplayer Proof replay took 84.18ms 
12194      DEBUG main            d.u.i.k.p.r.p.TestFile    ... success: reloaded. 
12196      INFO  main            d.u.i.k.p.r.p.TestFile    Now processing file /home/runner/work/key/key/key.core/../key.ui/examples/heap/block_loop_contracts/Free/assertions0.key 
12196      INFO  main            d.u.i.k.p.i.AbstractProblemLoader Loading environment from /home/runner/work/key/key/key.core/../key.ui/examples/heap/block_loop_contracts/Free/assertions0.key 
12197      DEBUG main            d.u.i.k.p.i.AbstractProblemLoader Environment load took 228.4ns 
12198      INFO  main            d.u.i.k.p.i.AbstractProblemLoader Creating init config 
14796      DEBUG main            d.u.i.k.p.i.AbstractProblemLoader Init config took 2.6s 
14871      INFO  main            d.u.i.k.p.i.AbstractProblemLoader Replaying proof FreeConditions[FreeConditions::assertions0()].JML normal_behavior operation contract.0 
14877      DEBUG main            d.u.i.k.p.i.IntermediateProofReplayer Proof replay took 11.3ns 
15080      INFO  main            d.u.i.k.p.r.p.TestFile    ... finished proof: closed. 
15256      INFO  main            d.u.i.k.p.i.AbstractProblemLoader Loading environment from /home/runner/work/key/key/key.core/../key.ui/examples/heap/block_loop_contracts/Free/assertions0.key.proof 
15256      DEBUG main            d.u.i.k.p.i.AbstractProblemLoader Environment load took 110ns 
15261      INFO  main            d.u.i.k.p.i.AbstractProblemLoader Creating init config 
17735      DEBUG main            d.u.i.k.p.i.AbstractProblemLoader Init config took 2.47s 
17781      INFO  main            d.u.i.k.p.i.AbstractProblemLoader Replaying proof FreeConditions[FreeConditions::assertions0()].JML normal_behavior operation contract.0 
17804      DEBUG main            d.u.i.k.p.i.IntermediateProofReplayer Proof replay took 19.98ms 
17805      DEBUG main            d.u.i.k.p.r.p.TestFile    ... success: reloaded. 
17806      INFO  main            d.u.i.k.p.r.p.TestFile    Now processing file /home/runner/work/key/key/key.core/../key.ui/examples/heap/block_loop_contracts/Free/assertions1.key 
17806      INFO  main            d.u.i.k.p.i.AbstractProblemLoader Loading environment from /home/runner/work/key/key/key.core/../key.ui/examples/heap/block_loop_contracts/Free/assertions1.key 
17807      DEBUG main            d.u.i.k.p.i.AbstractProblemLoader Environment load took 265.8ns 
17808      INFO  main            d.u.i.k.p.i.AbstractProblemLoader Creating init config 
20259      DEBUG main            d.u.i.k.p.i.AbstractProblemLoader Init config took 2.45s 
20302      INFO  main            d.u.i.k.p.i.AbstractProblemLoader Replaying proof FreeConditions[FreeConditions::assertions1()].JML normal_behavior operation contract.0 
20304      DEBUG main            d.u.i.k.p.i.IntermediateProofReplayer Proof replay took 17.8ns 
20406      INFO  main            d.u.i.k.p.r.p.TestFile    ... finished proof: closed. 
20546      INFO  main            d.u.i.k.p.i.AbstractProblemLoader Loading environment from /home/runner/work/key/key/key.core/../key.ui/examples/heap/block_loop_contracts/Free/assertions1.key.proof 
20546      DEBUG main            d.u.i.k.p.i.AbstractProblemLoader Environment load took 116.5ns 
20547      INFO  main            d.u.i.k.p.i.AbstractProblemLoader Creating init config 
22982      DEBUG main            d.u.i.k.p.i.AbstractProblemLoader Init config took 2.44s 
23029      INFO  main            d.u.i.k.p.i.AbstractProblemLoader Replaying proof FreeConditions[FreeConditions::assertions1()].JML normal_behavior operation contract.0 
23035      DEBUG main            d.u.i.k.p.i.IntermediateProofReplayer Proof replay took 4.98ms 
23036      DEBUG main            d.u.i.k.p.r.p.TestFile    ... success: reloaded. 
23037      INFO  main            d.u.i.k.p.r.p.TestFile    Now processing file /home/runner/work/key/key/key.core/../key.ui/examples/standard_key/java_dl/jml-assert/recursion-assert.key 
23038      INFO  main            d.u.i.k.p.i.AbstractProblemLoader Loading environment from /home/runner/work/key/key/key.core/../key.ui/examples/standard_key/java_dl/jml-assert/recursion-assert.key 
23038      DEBUG main            d.u.i.k.p.i.AbstractProblemLoader Environment load took 99.2ns 
23039      INFO  main            d.u.i.k.p.i.AbstractProblemLoader Creating init config 
25585      DEBUG main            d.u.i.k.p.i.AbstractProblemLoader Init config took 2.55s 
25637      INFO  main            d.u.i.k.p.i.AbstractProblemLoader Replaying proof RecursiveMethod[RecursiveMethod::fac1(int)].JML normal_behavior operation contract.0 
25641      DEBUG main            d.u.i.k.p.i.IntermediateProofReplayer Proof replay took 5.7ns 
25843      INFO  main            d.u.i.k.p.r.p.TestFile    ... finished proof: closed. 
26027      INFO  main            d.u.i.k.p.i.AbstractProblemLoader Loading environment from /home/runner/work/key/key/key.core/../key.ui/examples/standard_key/java_dl/jml-assert/recursion-assert.key.proof 
26027      DEBUG main            d.u.i.k.p.i.AbstractProblemLoader Environment load took 106.5ns 
26028      INFO  main            d.u.i.k.p.i.AbstractProblemLoader Creating init config 
28557      DEBUG main            d.u.i.k.p.i.AbstractProblemLoader Init config took 2.53s 
28616      INFO  main            d.u.i.k.p.i.AbstractProblemLoader Replaying proof RecursiveMethod[RecursiveMethod::fac1(int)].JML normal_behavior operation contract.0 
28673      DEBUG main            d.u.i.k.p.i.IntermediateProofReplayer Proof replay took 49.95ms 
28674      DEBUG main            d.u.i.k.p.r.p.TestFile    ... success: reloaded. 
28676      INFO  main            d.u.i.k.p.r.p.TestFile    Now processing file /home/runner/work/key/key/key.core/../key.ui/examples/standard_key/java_dl/jml-assert/recursion-assume.key 
28676      INFO  main            d.u.i.k.p.i.AbstractProblemLoader Loading environment from /home/runner/work/key/key/key.core/../key.ui/examples/standard_key/java_dl/jml-assert/recursion-assume.key 
28677      DEBUG main            d.u.i.k.p.i.AbstractProblemLoader Environment load took 216.2ns 
28678      INFO  main            d.u.i.k.p.i.AbstractProblemLoader Creating init config 
31292      DEBUG main            d.u.i.k.p.i.AbstractProblemLoader Init config took 2.61s 
31333      INFO  main            d.u.i.k.p.i.AbstractProblemLoader Replaying proof RecursiveMethod[RecursiveMethod::fac2(int)].JML normal_behavior operation contract.0 
31335      DEBUG main            d.u.i.k.p.i.IntermediateProofReplayer Proof replay took 5.4ns 
31537      INFO  main            d.u.i.k.p.r.p.TestFile    ... finished proof: closed. 
31705      INFO  main            d.u.i.k.p.i.AbstractProblemLoader Loading environment from /home/runner/work/key/key/key.core/../key.ui/examples/standard_key/java_dl/jml-assert/recursion-assume.key.proof 
31705      DEBUG main            d.u.i.k.p.i.AbstractProblemLoader Environment load took 118.8ns 
31706      INFO  main            d.u.i.k.p.i.AbstractProblemLoader Creating init config 
34219      DEBUG main            d.u.i.k.p.i.AbstractProblemLoader Init config took 2.51s 
34261      INFO  main            d.u.i.k.p.i.AbstractProblemLoader Replaying proof RecursiveMethod[RecursiveMethod::fac2(int)].JML normal_behavior operation contract.0 
34295      DEBUG main            d.u.i.k.p.i.IntermediateProofReplayer Proof replay took 30.97ms 
34296      DEBUG main            d.u.i.k.p.r.p.TestFile    ... success: reloaded. 
34297      INFO  main            d.u.i.k.p.r.p.TestFile    Now processing file /home/runner/work/key/key/key.core/../key.ui/examples/standard_key/java_dl/jml-assert/quantor-assert.key 
34297      INFO  main            d.u.i.k.p.i.AbstractProblemLoader Loading environment from /home/runner/work/key/key/key.core/../key.ui/examples/standard_key/java_dl/jml-assert/quantor-assert.key 
34297      DEBUG main            d.u.i.k.p.i.AbstractProblemLoader Environment load took 195.5ns 
34298      INFO  main            d.u.i.k.p.i.AbstractProblemLoader Creating init config 
36818      DEBUG main            d.u.i.k.p.i.AbstractProblemLoader Init config took 2.52s 
36859      INFO  main            d.u.i.k.p.i.AbstractProblemLoader Replaying proof Quantor[Quantor::square1(int)].JML normal_behavior operation contract.0 
36860      DEBUG main            d.u.i.k.p.i.IntermediateProofReplayer Proof replay took 6.1ns 
36964      INFO  main            d.u.i.k.p.r.p.TestFile    ... finished proof: closed. 
37138      INFO  main            d.u.i.k.p.i.AbstractProblemLoader Loading environment from /home/runner/work/key/key/key.core/../key.ui/examples/standard_key/java_dl/jml-assert/quantor-assert.key.proof 
37138      DEBUG main            d.u.i.k.p.i.AbstractProblemLoader Environment load took 110.1ns 
37139      INFO  main            d.u.i.k.p.i.AbstractProblemLoader Creating init config 
39621      DEBUG main            d.u.i.k.p.i.AbstractProblemLoader Init config took 2.48s 
39660      INFO  main            d.u.i.k.p.i.AbstractProblemLoader Replaying proof Quantor[Quantor::square1(int)].JML normal_behavior operation contract.0 
39676      DEBUG main            d.u.i.k.p.i.IntermediateProofReplayer Proof replay took 13.99ms 
39677      DEBUG main            d.u.i.k.p.r.p.TestFile    ... success: reloaded. 
39678      INFO  main            d.u.i.k.p.r.p.TestFile    Now processing file /home/runner/work/key/key/key.core/../key.ui/examples/standard_key/java_dl/jml-assert/quantor-assume.key 
39678      INFO  main            d.u.i.k.p.i.AbstractProblemLoader Loading environment from /home/runner/work/key/key/key.core/../key.ui/examples/standard_key/java_dl/jml-assert/quantor-assume.key 
39678      DEBUG main            d.u.i.k.p.i.AbstractProblemLoader Environment load took 197ns 
39679      INFO  main            d.u.i.k.p.i.AbstractProblemLoader Creating init config 
42223      DEBUG main            d.u.i.k.p.i.AbstractProblemLoader Init config took 2.54s 
42274      INFO  main            d.u.i.k.p.i.AbstractProblemLoader Replaying proof Quantor[Quantor::square2(int)].JML normal_behavior operation contract.0 
42275      DEBUG main            d.u.i.k.p.i.IntermediateProofReplayer Proof replay took 5.7ns 
42377      INFO  main            d.u.i.k.p.r.p.TestFile    ... finished proof: closed. 
42541      INFO  main            d.u.i.k.p.i.AbstractProblemLoader Loading environment from /home/runner/work/key/key/key.core/../key.ui/examples/standard_key/java_dl/jml-assert/quantor-assume.key.proof 
42542      DEBUG main            d.u.i.k.p.i.AbstractProblemLoader Environment load took 101.8ns 
42542      INFO  main            d.u.i.k.p.i.AbstractProblemLoader Creating init config 
45011      DEBUG main            d.u.i.k.p.i.AbstractProblemLoader Init config took 2.47s 
45062      INFO  main            d.u.i.k.p.i.AbstractProblemLoader Replaying proof Quantor[Quantor::square2(int)].JML normal_behavior operation contract.0 
45079      DEBUG main            d.u.i.k.p.i.IntermediateProofReplayer Proof replay took 14.85ms 
45081      DEBUG main            d.u.i.k.p.r.p.TestFile    ... success: reloaded. 
45082      INFO  main            d.u.i.k.p.r.p.TestFile    Now processing file /home/runner/work/key/key/key.core/../key.ui/examples/standard_key/java_dl/jml-assert/model-methods-static-static.key 
45083      INFO  main            d.u.i.k.p.i.AbstractProblemLoader Loading environment from /home/runner/work/key/key/key.core/../key.ui/examples/standard_key/java_dl/jml-assert/model-methods-static-static.key 
45083      DEBUG main            d.u.i.k.p.i.AbstractProblemLoader Environment load took 221.8ns 
45084      INFO  main            d.u.i.k.p.i.AbstractProblemLoader Creating init config 
47542      DEBUG main            d.u.i.k.p.i.AbstractProblemLoader Init config took 2.46s 
47605      INFO  main            d.u.i.k.p.i.AbstractProblemLoader Replaying proof ModelMethods[ModelMethods::test1()].JML normal_behavior operation contract.0 
47606      DEBUG main            d.u.i.k.p.i.IntermediateProofReplayer Proof replay took 5.4ns 
47708      INFO  main            d.u.i.k.p.r.p.TestFile    ... finished proof: closed. 
47900      INFO  main            d.u.i.k.p.i.AbstractProblemLoader Loading environment from /home/runner/work/key/key/key.core/../key.ui/examples/standard_key/java_dl/jml-assert/model-methods-static-static.key.proof 
47901      DEBUG main            d.u.i.k.p.i.AbstractProblemLoader Environment load took 585.7ns 
47902      INFO  main            d.u.i.k.p.i.AbstractProblemLoader Creating init config 
50389      DEBUG main            d.u.i.k.p.i.AbstractProblemLoader Init config took 2.49s 
50432      INFO  main            d.u.i.k.p.i.AbstractProblemLoader Replaying proof ModelMethods[ModelMethods::test1()].JML normal_behavior operation contract.0 
50448      DEBUG main            d.u.i.k.p.i.IntermediateProofReplayer Proof replay took 14.49ms 
50450      DEBUG main            d.u.i.k.p.r.p.TestFile    ... success: reloaded. 
50452      INFO  main            d.u.i.k.p.r.p.TestFile    Now processing file /home/runner/work/key/key/key.core/../key.ui/examples/standard_key/java_dl/jml-assert/model-methods-instance-static.key 
50453      INFO  main            d.u.i.k.p.i.AbstractProblemLoader Loading environment from /home/runner/work/key/key/key.core/../key.ui/examples/standard_key/java_dl/jml-assert/model-methods-instance-static.key 
50453      DEBUG main            d.u.i.k.p.i.AbstractProblemLoader Environment load took 67.6ns 
50453      INFO  main            d.u.i.k.p.i.AbstractProblemLoader Creating init config 
52942      DEBUG main            d.u.i.k.p.i.AbstractProblemLoader Init config took 2.49s 
53002      INFO  main            d.u.i.k.p.i.AbstractProblemLoader Replaying proof ModelMethods[ModelMethods::test2()].JML normal_behavior operation contract.0 
53003      DEBUG main            d.u.i.k.p.i.IntermediateProofReplayer Proof replay took 5.3ns 
53109      INFO  main            d.u.i.k.p.r.p.TestFile    ... finished proof: closed. 
53280      INFO  main            d.u.i.k.p.i.AbstractProblemLoader Loading environment from /home/runner/work/key/key/key.core/../key.ui/examples/standard_key/java_dl/jml-assert/model-methods-instance-static.key.proof 
53281      DEBUG main            d.u.i.k.p.i.AbstractProblemLoader Environment load took 106.6ns 
53281      INFO  main            d.u.i.k.p.i.AbstractProblemLoader Creating init config 
55767      DEBUG main            d.u.i.k.p.i.AbstractProblemLoader Init config took 2.49s 
55804      INFO  main            d.u.i.k.p.i.AbstractProblemLoader Replaying proof ModelMethods[ModelMethods::test2()].JML normal_behavior operation contract.0 
55814      DEBUG main            d.u.i.k.p.i.IntermediateProofReplayer Proof replay took 7.57ms 
55815      DEBUG main            d.u.i.k.p.r.p.TestFile    ... success: reloaded. 
55816      INFO  main            d.u.i.k.p.r.p.TestFile    Now processing file /home/runner/work/key/key/key.core/../key.ui/examples/standard_key/java_dl/jml-assert/model-methods-instance-instance.key 
55816      INFO  main            d.u.i.k.p.i.AbstractProblemLoader Loading environment from /home/runner/work/key/key/key.core/../key.ui/examples/standard_key/java_dl/jml-assert/model-methods-instance-instance.key 
55816      DEBUG main            d.u.i.k.p.i.AbstractProblemLoader Environment load took 214.1ns 
55817      INFO  main            d.u.i.k.p.i.AbstractProblemLoader Creating init config 
58258      DEBUG main            d.u.i.k.p.i.AbstractProblemLoader Init config took 2.44s 
58315      INFO  main            d.u.i.k.p.i.AbstractProblemLoader Replaying proof ModelMethods[ModelMethods::test3()].JML normal_behavior operation contract.0 
58316      DEBUG main            d.u.i.k.p.i.IntermediateProofReplayer Proof replay took 6.1ns 
58420      INFO  main            d.u.i.k.p.r.p.TestFile    ... finished proof: closed. 
58592      INFO  main            d.u.i.k.p.i.AbstractProblemLoader Loading environment from /home/runner/work/key/key/key.core/../key.ui/examples/standard_key/java_dl/jml-assert/model-methods-instance-instance.key.proof 
58593      DEBUG main            d.u.i.k.p.i.AbstractProblemLoader Environment load took 101.2ns 
58593      INFO  main            d.u.i.k.p.i.AbstractProblemLoader Creating init config 
61032      DEBUG main            d.u.i.k.p.i.AbstractProblemLoader Init config took 2.44s 
61068      INFO  main            d.u.i.k.p.i.AbstractProblemLoader Replaying proof ModelMethods[ModelMethods::test3()].JML normal_behavior operation contract.0 
61079      DEBUG main            d.u.i.k.p.i.IntermediateProofReplayer Proof replay took 9.7ms 
61080      DEBUG main            d.u.i.k.p.r.p.TestFile    ... success: reloaded. 
61081      INFO  main            d.u.i.k.p.r.p.TestFile    Now processing file /home/runner/work/key/key/key.core/../key.ui/examples/standard_key/java_dl/jml-assert/model-methods-static-instance.key 
61081      INFO  main            d.u.i.k.p.i.AbstractProblemLoader Loading environment from /home/runner/work/key/key/key.core/../key.ui/examples/standard_key/java_dl/jml-assert/model-methods-static-instance.key 
61082      DEBUG main            d.u.i.k.p.i.AbstractProblemLoader Environment load took 89.4ns 
61082      INFO  main            d.u.i.k.p.i.AbstractProblemLoader Creating init config 
63583      DEBUG main            d.u.i.k.p.i.AbstractProblemLoader Init config took 2.5s 
63618      INFO  main            d.u.i.k.p.i.AbstractProblemLoader Replaying proof ModelMethods[ModelMethods::test4()].JML normal_behavior operation contract.0 
63619      DEBUG main            d.u.i.k.p.i.IntermediateProofReplayer Proof replay took 5.7ns 
63724      INFO  main            d.u.i.k.p.r.p.TestFile    ... finished proof: closed. 
63908      INFO  main            d.u.i.k.p.i.AbstractProblemLoader Loading environment from /home/runner/work/key/key/key.core/../key.ui/examples/standard_key/java_dl/jml-assert/model-methods-static-instance.key.proof 
63908      DEBUG main            d.u.i.k.p.i.AbstractProblemLoader Environment load took 105.2ns 
63910      INFO  main            d.u.i.k.p.i.AbstractProblemLoader Creating init config 
66329      DEBUG main            d.u.i.k.p.i.AbstractProblemLoader Init config took 2.42s 
66370      INFO  main            d.u.i.k.p.i.AbstractProblemLoader Replaying proof ModelMethods[ModelMethods::test4()].JML normal_behavior operation contract.0 
66397      DEBUG main            d.u.i.k.p.i.IntermediateProofReplayer Proof replay took 25.19ms 
66398      DEBUG main            d.u.i.k.p.r.p.TestFile    ... success: reloaded. 
66398      INFO  main            d.u.i.k.p.r.p.TestFile    Now processing file /home/runner/work/key/key/key.core/../key.ui/examples/standard_key/java_dl/jml-assert/assert-old/inc-field.key 
66399      INFO  main            d.u.i.k.p.i.AbstractProblemLoader Loading environment from /home/runner/work/key/key/key.core/../key.ui/examples/standard_key/java_dl/jml-assert/assert-old/inc-field.key 
66399      DEBUG main            d.u.i.k.p.i.AbstractProblemLoader Environment load took 59.8ns 
66399      INFO  main            d.u.i.k.p.i.AbstractProblemLoader Creating init config 
68813      DEBUG main            d.u.i.k.p.i.AbstractProblemLoader Init config took 2.41s 
68850      INFO  main            d.u.i.k.p.i.AbstractProblemLoader Replaying proof Inc[Inc::inc_field()].JML normal_behavior operation contract.0 
68851      DEBUG main            d.u.i.k.p.i.IntermediateProofReplayer Proof replay took 5ns 
68953      INFO  main            d.u.i.k.p.r.p.TestFile    ... finished proof: closed. 
69140      INFO  main            d.u.i.k.p.i.AbstractProblemLoader Loading environment from /home/runner/work/key/key/key.core/../key.ui/examples/standard_key/java_dl/jml-assert/assert-old/inc-field.key.proof 
69140      DEBUG main            d.u.i.k.p.i.AbstractProblemLoader Environment load took 102.7ns 
69141      INFO  main            d.u.i.k.p.i.AbstractProblemLoader Creating init config 
71465      DEBUG main            d.u.i.k.p.i.AbstractProblemLoader Init config took 2.32s 
71500      INFO  main            d.u.i.k.p.i.AbstractProblemLoader Replaying proof Inc[Inc::inc_field()].JML normal_behavior operation contract.0 
71526      DEBUG main            d.u.i.k.p.i.IntermediateProofReplayer Proof replay took 24.37ms 
71527      DEBUG main            d.u.i.k.p.r.p.TestFile    ... success: reloaded. 
71528      INFO  main            d.u.i.k.p.r.p.TestFile    Now processing file /home/runner/work/key/key/key.core/../key.ui/examples/standard_key/java_dl/jml-assert/assert-old/inc-parameter.key 
71528      INFO  main            d.u.i.k.p.i.AbstractProblemLoader Loading environment from /home/runner/work/key/key/key.core/../key.ui/examples/standard_key/java_dl/jml-assert/assert-old/inc-parameter.key 
71529      DEBUG main            d.u.i.k.p.i.AbstractProblemLoader Environment load took 192.9ns 
71529      INFO  main            d.u.i.k.p.i.AbstractProblemLoader Creating init config 
73917      DEBUG main            d.u.i.k.p.i.AbstractProblemLoader Init config took 2.39s 
73952      INFO  main            d.u.i.k.p.i.AbstractProblemLoader Replaying proof Inc[Inc::inc_parameter(int)].JML normal_behavior operation contract.0 
73953      DEBUG main            d.u.i.k.p.i.IntermediateProofReplayer Proof replay took 5.7ns 
74055      INFO  main            d.u.i.k.p.r.p.TestFile    ... finished proof: closed. 
74257      INFO  main            d.u.i.k.p.i.AbstractProblemLoader Loading environment from /home/runner/work/key/key/key.core/../key.ui/examples/standard_key/java_dl/jml-assert/assert-old/inc-parameter.key.proof 
74257      DEBUG main            d.u.i.k.p.i.AbstractProblemLoader Environment load took 105.5ns 
74258      INFO  main            d.u.i.k.p.i.AbstractProblemLoader Creating init config 
76595      DEBUG main            d.u.i.k.p.i.AbstractProblemLoader Init config took 2.34s 
76630      INFO  main            d.u.i.k.p.i.AbstractProblemLoader Replaying proof Inc[Inc::inc_parameter(int)].JML normal_behavior operation contract.0 
76644      DEBUG main            d.u.i.k.p.i.IntermediateProofReplayer Proof replay took 11.94ms 
76645      DEBUG main            d.u.i.k.p.r.p.TestFile    ... success: reloaded. 
76645      INFO  main            d.u.i.k.p.r.p.TestFile    Now processing file /home/runner/work/key/key/key.core/../key.ui/examples/standard_key/java_dl/jml-assert/assert-old/inc-parameter-field.key 
76646      INFO  main            d.u.i.k.p.i.AbstractProblemLoader Loading environment from /home/runner/work/key/key/key.core/../key.ui/examples/standard_key/java_dl/jml-assert/assert-old/inc-parameter-field.key 
76646      DEBUG main            d.u.i.k.p.i.AbstractProblemLoader Environment load took 93.3ns 
76646      INFO  main            d.u.i.k.p.i.AbstractProblemLoader Creating init config 
79036      DEBUG main            d.u.i.k.p.i.AbstractProblemLoader Init config took 2.39s 
79069      INFO  main            d.u.i.k.p.i.AbstractProblemLoader Replaying proof Inc[Inc::inc_parameter_field(Inc)].JML normal_behavior operation contract.0 
79070      DEBUG main            d.u.i.k.p.i.IntermediateProofReplayer Proof replay took 6ns 
79272      INFO  main            d.u.i.k.p.r.p.TestFile    ... finished proof: closed. 
79479      INFO  main            d.u.i.k.p.i.AbstractProblemLoader Loading environment from /home/runner/work/key/key/key.core/../key.ui/examples/standard_key/java_dl/jml-assert/assert-old/inc-parameter-field.key.proof 
79479      DEBUG main            d.u.i.k.p.i.AbstractProblemLoader Environment load took 97.2ns 
79480      INFO  main            d.u.i.k.p.i.AbstractProblemLoader Creating init config 
81817      DEBUG main            d.u.i.k.p.i.AbstractProblemLoader Init config took 2.34s 
81849      INFO  main            d.u.i.k.p.i.AbstractProblemLoader Replaying proof Inc[Inc::inc_parameter_field(Inc)].JML normal_behavior operation contract.0 
81880      DEBUG main            d.u.i.k.p.i.IntermediateProofReplayer Proof replay took 28.69ms 
81881      DEBUG main            d.u.i.k.p.r.p.TestFile    ... success: reloaded. 
81881      INFO  main            d.u.i.k.p.r.p.TestFile    Now processing file /home/runner/work/key/key/key.core/../key.ui/examples/standard_key/java_dl/jml-assert/assert-old/inc-ghost-field.key 
81882      INFO  main            d.u.i.k.p.i.AbstractProblemLoader Loading environment from /home/runner/work/key/key/key.core/../key.ui/examples/standard_key/java_dl/jml-assert/assert-old/inc-ghost-field.key 
81882      DEBUG main            d.u.i.k.p.i.AbstractProblemLoader Environment load took 77.2ns 
81883      INFO  main            d.u.i.k.p.i.AbstractProblemLoader Creating init config 
84276      DEBUG main            d.u.i.k.p.i.AbstractProblemLoader Init config took 2.39s 
84308      INFO  main            d.u.i.k.p.i.AbstractProblemLoader Replaying proof Inc[Inc::inc_ghost_field()].JML normal_behavior operation contract.0 
84310      DEBUG main            d.u.i.k.p.i.IntermediateProofReplayer Proof replay took 7ns 
84512      INFO  main            d.u.i.k.p.r.p.TestFile    ... finished proof: closed. 
84729      INFO  main            d.u.i.k.p.i.AbstractProblemLoader Loading environment from /home/runner/work/key/key/key.core/../key.ui/examples/standard_key/java_dl/jml-assert/assert-old/inc-ghost-field.key.proof 
84729      DEBUG main            d.u.i.k.p.i.AbstractProblemLoader Environment load took 102.7ns 
84730      INFO  main            d.u.i.k.p.i.AbstractProblemLoader Creating init config 
87055      DEBUG main            d.u.i.k.p.i.AbstractProblemLoader Init config took 2.33s 
87088      INFO  main            d.u.i.k.p.i.AbstractProblemLoader Replaying proof Inc[Inc::inc_ghost_field()].JML normal_behavior operation contract.0 
87114      DEBUG main            d.u.i.k.p.i.IntermediateProofReplayer Proof replay took 24.16ms 
87115      DEBUG main            d.u.i.k.p.r.p.TestFile    ... success: reloaded. 
694315     INFO  Test worker     d.u.i.k.p.r.RunAllProofsTestUnit Returning from test jmlAsserts 
694317     INFO  Test worker     d.u.i.k.p.r.RunAllProofsTestUnit Running test javaCard 
385        INFO  Timeout watchdog d.u.i.k.p.r.p.ForkedTestFileRunner Timeout watcher launched (2000 secs.) 
409        WARN  main            d.u.i.k.s.ProofSettings   The settings in /home/runner/.key/proof-settings.props are *not* read. 
439        INFO  main            d.u.i.k.p.r.p.TestFile    Now processing file /home/runner/work/key/key/key.core/../key.ui/examples/heap/javacard/updateBalance0.key 
540        INFO  main            d.u.i.k.p.i.AbstractProblemLoader Loading environment from /home/runner/work/key/key/key.core/../key.ui/examples/heap/javacard/updateBalance0.key 
562        DEBUG main            d.u.i.k.p.i.AbstractProblemLoader Environment load took 2.12ms 
771        INFO  main            d.u.i.k.p.i.AbstractProblemLoader Creating init config 
1722       DEBUG main            d.u.i.k.j.TypeConverter   No LDT found for Meta 
1722       DEBUG main            d.u.i.k.j.TypeConverter   No LDT found for Meta 
1726       DEBUG main            d.u.i.k.j.TypeConverter   No LDT found for Meta 
1726       DEBUG main            d.u.i.k.j.TypeConverter   No LDT found for Meta 
3290       DEBUG main            d.u.i.k.j.TypeConverter   No LDT found for JavaBigintExpression 
6677       DEBUG main            d.u.i.k.p.i.AbstractProblemLoader Init config took 5.91s 
6790       INFO  main            d.u.i.k.p.i.AbstractProblemLoader Replaying proof Examples[Examples::updateBalance(short)].JML normal_behavior operation contract.0 
6820       DEBUG main            d.u.i.k.p.i.IntermediateProofReplayer Proof replay took 32ns 
8052       INFO  main            d.u.i.k.p.r.p.TestFile    ... finished proof: closed. 
8161       INFO  main            d.u.i.k.p.i.AbstractProblemLoader Loading environment from /home/runner/work/key/key/key.core/../key.ui/examples/heap/javacard/updateBalance0.key.proof 
8164       DEBUG main            d.u.i.k.p.i.AbstractProblemLoader Environment load took 3.7ms 
8167       INFO  main            d.u.i.k.p.i.AbstractProblemLoader Creating init config 
9799       DEBUG main            d.u.i.k.p.i.AbstractProblemLoader Init config took 1.63s 
9855       INFO  main            d.u.i.k.p.i.AbstractProblemLoader Replaying proof Examples[Examples::updateBalance(short)].JML normal_behavior operation contract.0 
10025      DEBUG main            d.u.i.k.p.i.IntermediateProofReplayer Proof replay took 161.19ms 
10032      DEBUG main            d.u.i.k.p.r.p.TestFile    ... success: reloaded. 
10042      INFO  main            d.u.i.k.p.r.p.TestFile    Now processing file /home/runner/work/key/key/key.core/../key.ui/examples/heap/javacard/updateBalance1.key 
10042      INFO  main            d.u.i.k.p.i.AbstractProblemLoader Loading environment from /home/runner/work/key/key/key.core/../key.ui/examples/heap/javacard/updateBalance1.key 
10042      DEBUG main            d.u.i.k.p.i.AbstractProblemLoader Environment load took 130.1ns 
10044      INFO  main            d.u.i.k.p.i.AbstractProblemLoader Creating init config 
11687      DEBUG main            d.u.i.k.p.i.AbstractProblemLoader Init config took 1.64s 
11738      INFO  main            d.u.i.k.p.i.AbstractProblemLoader Replaying proof Examples[Examples::updateBalance(short)].JML normal_behavior operation contract.1 
11744      DEBUG main            d.u.i.k.p.i.IntermediateProofReplayer Proof replay took 6ns 
12448      INFO  main            d.u.i.k.p.r.p.TestFile    ... finished proof: closed. 
12545      INFO  main            d.u.i.k.p.i.AbstractProblemLoader Loading environment from /home/runner/work/key/key/key.core/../key.ui/examples/heap/javacard/updateBalance1.key.proof 
12547      DEBUG main            d.u.i.k.p.i.AbstractProblemLoader Environment load took 2.39ms 
12549      INFO  main            d.u.i.k.p.i.AbstractProblemLoader Creating init config 
14063      DEBUG main            d.u.i.k.p.i.AbstractProblemLoader Init config took 1.51s 
14110      INFO  main            d.u.i.k.p.i.AbstractProblemLoader Replaying proof Examples[Examples::updateBalance(short)].JML normal_behavior operation contract.1 
14233      DEBUG main            d.u.i.k.p.i.IntermediateProofReplayer Proof replay took 117.74ms 
14235      DEBUG main            d.u.i.k.p.r.p.TestFile    ... success: reloaded. 
14237      INFO  main            d.u.i.k.p.r.p.TestFile    Now processing file /home/runner/work/key/key/key.core/../key.ui/examples/heap/javacard/setArray1.key 
14238      INFO  main            d.u.i.k.p.i.AbstractProblemLoader Loading environment from /home/runner/work/key/key/key.core/../key.ui/examples/heap/javacard/setArray1.key 
14238      DEBUG main            d.u.i.k.p.i.AbstractProblemLoader Environment load took 215.2ns 
14239      INFO  main            d.u.i.k.p.i.AbstractProblemLoader Creating init config 
15713      DEBUG main            d.u.i.k.p.i.AbstractProblemLoader Init config took 1.47s 
15756      INFO  main            d.u.i.k.p.i.AbstractProblemLoader Replaying proof Examples[Examples::setArray1([B)].JML normal_behavior operation contract.0 
15758      DEBUG main            d.u.i.k.p.i.IntermediateProofReplayer Proof replay took 5.1ns 
16765      INFO  main            d.u.i.k.p.r.p.TestFile    ... finished proof: closed. 
16888      INFO  main            d.u.i.k.p.i.AbstractProblemLoader Loading environment from /home/runner/work/key/key/key.core/../key.ui/examples/heap/javacard/setArray1.key.proof 
16889      DEBUG main            d.u.i.k.p.i.AbstractProblemLoader Environment load took 667.4ns 
16893      INFO  main            d.u.i.k.p.i.AbstractProblemLoader Creating init config 
18382      DEBUG main            d.u.i.k.p.i.AbstractProblemLoader Init config took 1.49s 
18436      INFO  main            d.u.i.k.p.i.AbstractProblemLoader Replaying proof Examples[Examples::setArray1([B)].JML normal_behavior operation contract.0 
18654      DEBUG main            d.u.i.k.p.i.IntermediateProofReplayer Proof replay took 210.46ms 
18656      DEBUG main            d.u.i.k.p.r.p.TestFile    ... success: reloaded. 
18659      INFO  main            d.u.i.k.p.r.p.TestFile    Now processing file /home/runner/work/key/key/key.core/../key.ui/examples/heap/javacard/setArray2.key 
18660      INFO  main            d.u.i.k.p.i.AbstractProblemLoader Loading environment from /home/runner/work/key/key/key.core/../key.ui/examples/heap/javacard/setArray2.key 
18660      DEBUG main            d.u.i.k.p.i.AbstractProblemLoader Environment load took 136.9ns 
18661      INFO  main            d.u.i.k.p.i.AbstractProblemLoader Creating init config 
20203      DEBUG main            d.u.i.k.p.i.AbstractProblemLoader Init config took 1.54s 
20245      INFO  main            d.u.i.k.p.i.AbstractProblemLoader Replaying proof Examples[Examples::setArray2([B)].JML normal_behavior operation contract.0 
20246      DEBUG main            d.u.i.k.p.i.IntermediateProofReplayer Proof replay took 5.3ns 
21252      INFO  main            d.u.i.k.p.r.p.TestFile    ... finished proof: closed. 
21394      INFO  main            d.u.i.k.p.i.AbstractProblemLoader Loading environment from /home/runner/work/key/key/key.core/../key.ui/examples/heap/javacard/setArray2.key.proof 
21394      DEBUG main            d.u.i.k.p.i.AbstractProblemLoader Environment load took 191.1ns 
21396      INFO  main            d.u.i.k.p.i.AbstractProblemLoader Creating init config 
22842      DEBUG main            d.u.i.k.p.i.AbstractProblemLoader Init config took 1.45s 
22886      INFO  main            d.u.i.k.p.i.AbstractProblemLoader Replaying proof Examples[Examples::setArray2([B)].JML normal_behavior operation contract.0 
23078      DEBUG main            d.u.i.k.p.i.IntermediateProofReplayer Proof replay took 186.25ms 
23080      DEBUG main            d.u.i.k.p.r.p.TestFile    ... success: reloaded. 
23082      INFO  main            d.u.i.k.p.r.p.TestFile    Now processing file /home/runner/work/key/key/key.core/../key.ui/examples/heap/javacard/arrayFillNonAtomic.key 
23082      INFO  main            d.u.i.k.p.i.AbstractProblemLoader Loading environment from /home/runner/work/key/key/key.core/../key.ui/examples/heap/javacard/arrayFillNonAtomic.key 
23082      DEBUG main            d.u.i.k.p.i.AbstractProblemLoader Environment load took 206.3ns 
23083      INFO  main            d.u.i.k.p.i.AbstractProblemLoader Creating init config 
24592      DEBUG main            d.u.i.k.p.i.AbstractProblemLoader Init config took 1.51s 
24657      INFO  main            d.u.i.k.p.i.AbstractProblemLoader Replaying proof javacard.framework.Util[javacard.framework.Util::arrayFillNonAtomic([B,short,short,byte)].JML behavior operation contract.0.transaction_inactive 
24659      DEBUG main            d.u.i.k.p.i.IntermediateProofReplayer Proof replay took 5.6ns 
25544      DEBUG Thread-13       d.u.i.k.l.o.ProgramSV     Match failed: Former match of  SchemaVariable incompatible with  the current match. 
25544      DEBUG Thread-13       d.u.i.k.l.o.ProgramSV     Match failed: Former match of  SchemaVariable incompatible with  the current match. 
26842      DEBUG Thread-13       d.u.i.k.l.o.ProgramSV     Match failed: Former match of  SchemaVariable incompatible with  the current match. 
26843      DEBUG Thread-13       d.u.i.k.l.o.ProgramSV     Match failed: Former match of  SchemaVariable incompatible with  the current match. 
28384      INFO  main            d.u.i.k.p.r.p.TestFile    ... finished proof: closed. 
28525      INFO  main            d.u.i.k.p.i.AbstractProblemLoader Loading environment from /home/runner/work/key/key/key.core/../key.ui/examples/heap/javacard/arrayFillNonAtomic.key.proof 
28526      DEBUG main            d.u.i.k.p.i.AbstractProblemLoader Environment load took 414.6ns 
28527      INFO  main            d.u.i.k.p.i.AbstractProblemLoader Creating init config 
29958      DEBUG main            d.u.i.k.p.i.AbstractProblemLoader Init config took 1.43s 
30021      INFO  main            d.u.i.k.p.i.AbstractProblemLoader Replaying proof javacard.framework.Util[javacard.framework.Util::arrayFillNonAtomic([B,short,short,byte)].JML behavior operation contract.0.transaction_inactive 
30879      DEBUG main            d.u.i.k.p.i.IntermediateProofReplayer Proof replay took 840.55ms 
30881      DEBUG main            d.u.i.k.p.r.p.TestFile    ... success: reloaded. 
30882      INFO  main            d.u.i.k.p.r.p.TestFile    Now processing file /home/runner/work/key/key/key.core/../key.ui/examples/heap/coincidence_count/project.key 
30882      INFO  main            d.u.i.k.p.i.AbstractProblemLoader Loading environment from /home/runner/work/key/key/key.core/../key.ui/examples/heap/coincidence_count/project.key 
30882      DEBUG main            d.u.i.k.p.i.AbstractProblemLoader Environment load took 221.4ns 
30884      INFO  main            d.u.i.k.p.i.AbstractProblemLoader Creating init config 
34050      DEBUG main            d.u.i.k.p.i.AbstractProblemLoader Init config took 3.17s 
34096      INFO  main            d.u.i.k.p.i.AbstractProblemLoader Replaying proof CC[CC::calcCoinIndex([I,[I)].JML normal_behavior operation contract.0 
34102      DEBUG main            d.u.i.k.p.i.IntermediateProofReplayer Proof replay took 6.8ns 
53497      INFO  main            d.u.i.k.p.r.p.TestFile    ... finished proof: closed. 
53764      INFO  main            d.u.i.k.p.i.AbstractProblemLoader Loading environment from /home/runner/work/key/key/key.core/../key.ui/examples/heap/coincidence_count/project.key.proof 
53764      DEBUG main            d.u.i.k.p.i.AbstractProblemLoader Environment load took 436.3ns 
53767      INFO  main            d.u.i.k.p.i.AbstractProblemLoader Creating init config 
56234      DEBUG main            d.u.i.k.p.i.AbstractProblemLoader Init config took 2.47s 
56275      INFO  main            d.u.i.k.p.i.AbstractProblemLoader Replaying proof CC[CC::calcCoinIndex([I,[I)].JML normal_behavior operation contract.0 
57213      DEBUG main            d.u.i.k.p.i.IntermediateProofReplayer Proof replay took 871.55ms 
57216      DEBUG main            d.u.i.k.p.r.p.TestFile    ... success: reloaded. 
57217      INFO  main            d.u.i.k.p.r.p.TestFile    Now processing file /home/runner/work/key/key/key.core/../key.ui/examples/heap/verifyThis11_1_Maximum/project.key 
57217      INFO  main            d.u.i.k.p.i.AbstractProblemLoader Loading environment from /home/runner/work/key/key/key.core/../key.ui/examples/heap/verifyThis11_1_Maximum/project.key 
57218      DEBUG main            d.u.i.k.p.i.AbstractProblemLoader Environment load took 201.7ns 
57218      INFO  main            d.u.i.k.p.i.AbstractProblemLoader Creating init config 
59733      DEBUG main            d.u.i.k.p.i.AbstractProblemLoader Init config took 2.51s 
59781      INFO  main            d.u.i.k.p.i.AbstractProblemLoader Replaying proof Maximum[Maximum::maxIndex([I)].JML normal_behavior operation contract.0 
59783      DEBUG main            d.u.i.k.p.i.IntermediateProofReplayer Proof replay took 5.8ns 
60690      INFO  main            d.u.i.k.p.r.p.TestFile    ... finished proof: closed. 
60942      INFO  main            d.u.i.k.p.i.AbstractProblemLoader Loading environment from /home/runner/work/key/key/key.core/../key.ui/examples/heap/verifyThis11_1_Maximum/project.key.proof 
60943      DEBUG main            d.u.i.k.p.i.AbstractProblemLoader Environment load took 402.5ns 
60944      INFO  main            d.u.i.k.p.i.AbstractProblemLoader Creating init config 
63278      DEBUG main            d.u.i.k.p.i.AbstractProblemLoader Init config took 2.33s 
63316      INFO  main            d.u.i.k.p.i.AbstractProblemLoader Replaying proof Maximum[Maximum::maxIndex([I)].JML normal_behavior operation contract.0 
63481      DEBUG main            d.u.i.k.p.i.IntermediateProofReplayer Proof replay took 158.72ms 
63483      DEBUG main            d.u.i.k.p.r.p.TestFile    ... success: reloaded. 
63484      INFO  main            d.u.i.k.p.r.p.TestFile    Now processing file /home/runner/work/key/key/key.core/../key.ui/examples/heap/fm12_01_LRS/lcp.key 
63484      INFO  main            d.u.i.k.p.i.AbstractProblemLoader Loading environment from /home/runner/work/key/key/key.core/../key.ui/examples/heap/fm12_01_LRS/lcp.key 
63484      DEBUG main            d.u.i.k.p.i.AbstractProblemLoader Environment load took 194.3ns 
63485      INFO  main            d.u.i.k.p.i.AbstractProblemLoader Creating init config 
66538      DEBUG main            d.u.i.k.p.i.AbstractProblemLoader Init config took 3.05s 
66596      INFO  main            d.u.i.k.p.i.AbstractProblemLoader Replaying proof LCP[LCP::lcp([I,int,int)].JML normal_behavior operation contract.0 
66598      DEBUG main            d.u.i.k.p.i.IntermediateProofReplayer Proof replay took 5.7ns 
67516      INFO  main            d.u.i.k.p.r.p.TestFile    ... finished proof: closed. 
67759      INFO  main            d.u.i.k.p.i.AbstractProblemLoader Loading environment from /home/runner/work/key/key/key.core/../key.ui/examples/heap/fm12_01_LRS/lcp.key.proof 
67759      DEBUG main            d.u.i.k.p.i.AbstractProblemLoader Environment load took 112.2ns 
67764      INFO  main            d.u.i.k.p.i.AbstractProblemLoader Creating init config 
70510      DEBUG main            d.u.i.k.p.i.AbstractProblemLoader Init config took 2.75s 
70575      INFO  main            d.u.i.k.p.i.AbstractProblemLoader Replaying proof LCP[LCP::lcp([I,int,int)].JML normal_behavior operation contract.0 
70785      DEBUG main            d.u.i.k.p.i.IntermediateProofReplayer Proof replay took 203.5ms 
70786      DEBUG main            d.u.i.k.p.r.p.TestFile    ... success: reloaded. 
70787      INFO  main            d.u.i.k.p.r.p.TestFile    Now processing file /home/runner/work/key/key/key.core/../key.ui/examples/heap/SemanticSlicing/project.key 
70788      INFO  main            d.u.i.k.p.i.AbstractProblemLoader Loading environment from /home/runner/work/key/key/key.core/../key.ui/examples/heap/SemanticSlicing/project.key 
70788      DEBUG main            d.u.i.k.p.i.AbstractProblemLoader Environment load took 223.3ns 
70789      INFO  main            d.u.i.k.p.i.AbstractProblemLoader Creating init config 
73269      DEBUG main            d.u.i.k.p.i.AbstractProblemLoader Init config took 2.48s 
73322      INFO  main            d.u.i.k.p.i.AbstractProblemLoader Replaying proof unsatcore_after.competition.postcond5.scope333.LRS[unsatcore_after.competition.postcond5.scope333.LRS::doLRS()].JML operation contract.0 
73324      DEBUG main            d.u.i.k.p.i.IntermediateProofReplayer Proof replay took 5.8ns 
77234      INFO  main            d.u.i.k.p.r.p.TestFile    ... finished proof: closed. 
77499      INFO  main            d.u.i.k.p.i.AbstractProblemLoader Loading environment from /home/runner/work/key/key/key.core/../key.ui/examples/heap/SemanticSlicing/project.key.proof 
77500      DEBUG main            d.u.i.k.p.i.AbstractProblemLoader Environment load took 420.2ns 
77501      INFO  main            d.u.i.k.p.i.AbstractProblemLoader Creating init config 
79923      DEBUG main            d.u.i.k.p.i.AbstractProblemLoader Init config took 2.42s 
79989      INFO  main            d.u.i.k.p.i.AbstractProblemLoader Replaying proof unsatcore_after.competition.postcond5.scope333.LRS[unsatcore_after.competition.postcond5.scope333.LRS::doLRS()].JML operation contract.0 
80811      DEBUG main            d.u.i.k.p.i.IntermediateProofReplayer Proof replay took 806.78ms 
80813      DEBUG main            d.u.i.k.p.r.p.TestFile    ... success: reloaded. 
80814      INFO  main            d.u.i.k.p.r.p.TestFile    Now processing file /home/runner/work/key/key/key.core/../key.ui/examples/heap/information_flow/ArrayList_contains.key 
80814      INFO  main            d.u.i.k.p.i.AbstractProblemLoader Loading environment from /home/runner/work/key/key/key.core/../key.ui/examples/heap/information_flow/ArrayList_contains.key 
80814      DEBUG main            d.u.i.k.p.i.AbstractProblemLoader Environment load took 191.5ns 
80816      INFO  main            d.u.i.k.p.i.AbstractProblemLoader Creating init config 
83463      DEBUG main            d.u.i.k.p.i.AbstractProblemLoader Init config took 2.65s 
83504      INFO  main            d.u.i.k.p.i.AbstractProblemLoader Replaying proof ArrayList[ArrayList::get(int)].JML normal_behavior operation contract.0 
83505      DEBUG main            d.u.i.k.p.i.IntermediateProofReplayer Proof replay took 5ns 
83809      INFO  main            d.u.i.k.p.r.p.TestFile    ... finished proof: closed. 
84045      INFO  main            d.u.i.k.p.i.AbstractProblemLoader Loading environment from /home/runner/work/key/key/key.core/../key.ui/examples/heap/information_flow/ArrayList_contains.key.proof 
84045      DEBUG main            d.u.i.k.p.i.AbstractProblemLoader Environment load took 101.8ns 
84046      INFO  main            d.u.i.k.p.i.AbstractProblemLoader Creating init config 
86574      DEBUG main            d.u.i.k.p.i.AbstractProblemLoader Init config took 2.53s 
86625      INFO  main            d.u.i.k.p.i.AbstractProblemLoader Replaying proof ArrayList[ArrayList::get(int)].JML normal_behavior operation contract.0 
86678      DEBUG main            d.u.i.k.p.i.IntermediateProofReplayer Proof replay took 51.15ms 
86679      DEBUG main            d.u.i.k.p.r.p.TestFile    ... success: reloaded. 
86680      INFO  main            d.u.i.k.p.r.p.TestFile    Now processing file /home/runner/work/key/key/key.core/../key.ui/examples/heap/information_flow/ArrayList_get.key 
86680      INFO  main            d.u.i.k.p.i.AbstractProblemLoader Loading environment from /home/runner/work/key/key/key.core/../key.ui/examples/heap/information_flow/ArrayList_get.key 
86680      DEBUG main            d.u.i.k.p.i.AbstractProblemLoader Environment load took 272.3ns 
86681      INFO  main            d.u.i.k.p.i.AbstractProblemLoader Creating init config 
89225      DEBUG main            d.u.i.k.p.i.AbstractProblemLoader Init config took 2.54s 
89264      INFO  main            d.u.i.k.p.i.AbstractProblemLoader Replaying proof ArrayList[ArrayList::contains(java.lang.Object)].JML normal_behavior operation contract.0 
89265      DEBUG main            d.u.i.k.p.i.IntermediateProofReplayer Proof replay took 5.5ns 
90069      INFO  main            d.u.i.k.p.r.p.TestFile    ... finished proof: closed. 
90294      INFO  main            d.u.i.k.p.i.AbstractProblemLoader Loading environment from /home/runner/work/key/key/key.core/../key.ui/examples/heap/information_flow/ArrayList_get.key.proof 
90296      DEBUG main            d.u.i.k.p.i.AbstractProblemLoader Environment load took 2.26ms 
90298      INFO  main            d.u.i.k.p.i.AbstractProblemLoader Creating init config 
92812      DEBUG main            d.u.i.k.p.i.AbstractProblemLoader Init config took 2.51s 
92850      INFO  main            d.u.i.k.p.i.AbstractProblemLoader Replaying proof ArrayList[ArrayList::contains(java.lang.Object)].JML normal_behavior operation contract.0 
92997      DEBUG main            d.u.i.k.p.i.IntermediateProofReplayer Proof replay took 142.74ms 
92999      DEBUG main            d.u.i.k.p.r.p.TestFile    ... success: reloaded. 
92999      INFO  main            d.u.i.k.p.r.p.TestFile    Now processing file /home/runner/work/key/key/key.core/../key.ui/examples/heap/information_flow/ArrayList_size.key 
93000      INFO  main            d.u.i.k.p.i.AbstractProblemLoader Loading environment from /home/runner/work/key/key/key.core/../key.ui/examples/heap/information_flow/ArrayList_size.key 
93000      DEBUG main            d.u.i.k.p.i.AbstractProblemLoader Environment load took 205.8ns 
93001      INFO  main            d.u.i.k.p.i.AbstractProblemLoader Creating init config 
95563      DEBUG main            d.u.i.k.p.i.AbstractProblemLoader Init config took 2.56s 
95627      INFO  main            d.u.i.k.p.i.AbstractProblemLoader Replaying proof ArrayList[ArrayList::size()].JML normal_behavior operation contract.0 
95628      DEBUG main            d.u.i.k.p.i.IntermediateProofReplayer Proof replay took 4.9ns 
95730      INFO  main            d.u.i.k.p.r.p.TestFile    ... finished proof: closed. 
95966      INFO  main            d.u.i.k.p.i.AbstractProblemLoader Loading environment from /home/runner/work/key/key/key.core/../key.ui/examples/heap/information_flow/ArrayList_size.key.proof 
95966      DEBUG main            d.u.i.k.p.i.AbstractProblemLoader Environment load took 102.5ns 
95966      INFO  main            d.u.i.k.p.i.AbstractProblemLoader Creating init config 
98476      DEBUG main            d.u.i.k.p.i.AbstractProblemLoader Init config took 2.51s 
98513      INFO  main            d.u.i.k.p.i.AbstractProblemLoader Replaying proof ArrayList[ArrayList::size()].JML normal_behavior operation contract.0 
98527      DEBUG main            d.u.i.k.p.i.IntermediateProofReplayer Proof replay took 12.15ms 
98528      DEBUG main            d.u.i.k.p.r.p.TestFile    ... success: reloaded. 
98529      INFO  main            d.u.i.k.p.r.p.TestFile    Now processing file /home/runner/work/key/key/key.core/../key.ui/examples/heap/information_flow/UpdateAbstraction_ex7_3_secure.key 
98529      INFO  main            d.u.i.k.p.i.AbstractProblemLoader Loading environment from /home/runner/work/key/key/key.core/../key.ui/examples/heap/information_flow/UpdateAbstraction_ex7_3_secure.key 
98529      DEBUG main            d.u.i.k.p.i.AbstractProblemLoader Environment load took 199.5ns 
98530      INFO  main            d.u.i.k.p.i.AbstractProblemLoader Creating init config 
101103     DEBUG main            d.u.i.k.p.i.AbstractProblemLoader Init config took 2.57s 
101139     INFO  main            d.u.i.k.p.i.AbstractProblemLoader Replaying proof UpdateAbstraction[UpdateAbstraction::ex7_3_secure()].JML operation contract.0 
101140     DEBUG main            d.u.i.k.p.i.IntermediateProofReplayer Proof replay took 5.7ns 
101241     INFO  main            d.u.i.k.p.r.p.TestFile    ... finished proof: closed. 
101485     INFO  main            d.u.i.k.p.i.AbstractProblemLoader Loading environment from /home/runner/work/key/key/key.core/../key.ui/examples/heap/information_flow/UpdateAbstraction_ex7_3_secure.key.proof 
101485     DEBUG main            d.u.i.k.p.i.AbstractProblemLoader Environment load took 97.1ns 
101486     INFO  main            d.u.i.k.p.i.AbstractProblemLoader Creating init config 
103971     DEBUG main            d.u.i.k.p.i.AbstractProblemLoader Init config took 2.48s 
104005     INFO  main            d.u.i.k.p.i.AbstractProblemLoader Replaying proof UpdateAbstraction[UpdateAbstraction::ex7_3_secure()].JML operation contract.0 
104032     DEBUG main            d.u.i.k.p.i.IntermediateProofReplayer Proof replay took 25.22ms 
104033     DEBUG main            d.u.i.k.p.r.p.TestFile    ... success: reloaded. 
104033     INFO  main            d.u.i.k.p.r.p.TestFile    Now processing file /home/runner/work/key/key/key.core/../key.ui/examples/heap/information_flow/UpdateAbstraction_ex7_4_secure.key 
104034     INFO  main            d.u.i.k.p.i.AbstractProblemLoader Loading environment from /home/runner/work/key/key/key.core/../key.ui/examples/heap/information_flow/UpdateAbstraction_ex7_4_secure.key 
104034     DEBUG main            d.u.i.k.p.i.AbstractProblemLoader Environment load took 68.1ns 
104034     INFO  main            d.u.i.k.p.i.AbstractProblemLoader Creating init config 
106568     DEBUG main            d.u.i.k.p.i.AbstractProblemLoader Init config took 2.53s 
106627     INFO  main            d.u.i.k.p.i.AbstractProblemLoader Replaying proof UpdateAbstraction[UpdateAbstraction::ex7_4_secure()].JML operation contract.0 
106628     DEBUG main            d.u.i.k.p.i.IntermediateProofReplayer Proof replay took 5.9ns 
106831     INFO  main            d.u.i.k.p.r.p.TestFile    ... finished proof: closed. 
107092     INFO  main            d.u.i.k.p.i.AbstractProblemLoader Loading environment from /home/runner/work/key/key/key.core/../key.ui/examples/heap/information_flow/UpdateAbstraction_ex7_4_secure.key.proof 
107092     DEBUG main            d.u.i.k.p.i.AbstractProblemLoader Environment load took 104.4ns 
107093     INFO  main            d.u.i.k.p.i.AbstractProblemLoader Creating init config 
109572     DEBUG main            d.u.i.k.p.i.AbstractProblemLoader Init config took 2.48s 
109617     INFO  main            d.u.i.k.p.i.AbstractProblemLoader Replaying proof UpdateAbstraction[UpdateAbstraction::ex7_4_secure()].JML operation contract.0 
109659     DEBUG main            d.u.i.k.p.i.IntermediateProofReplayer Proof replay took 38.94ms 
109660     DEBUG main            d.u.i.k.p.r.p.TestFile    ... success: reloaded. 
109660     INFO  main            d.u.i.k.p.r.p.TestFile    Now processing file /home/runner/work/key/key/key.core/../key.ui/examples/heap/information_flow/UpdateAbstraction_ex7_5_secure.key 
109661     INFO  main            d.u.i.k.p.i.AbstractProblemLoader Loading environment from /home/runner/work/key/key/key.core/../key.ui/examples/heap/information_flow/UpdateAbstraction_ex7_5_secure.key 
109661     DEBUG main            d.u.i.k.p.i.AbstractProblemLoader Environment load took 197.6ns 
109662     INFO  main            d.u.i.k.p.i.AbstractProblemLoader Creating init config 
112181     DEBUG main            d.u.i.k.p.i.AbstractProblemLoader Init config took 2.52s 
112215     INFO  main            d.u.i.k.p.i.AbstractProblemLoader Replaying proof UpdateAbstraction[UpdateAbstraction::ex7_5_secure()].JML operation contract.0 
112216     DEBUG main            d.u.i.k.p.i.IntermediateProofReplayer Proof replay took 5.3ns 
112320     INFO  main            d.u.i.k.p.r.p.TestFile    ... finished proof: closed. 
112580     INFO  main            d.u.i.k.p.i.AbstractProblemLoader Loading environment from /home/runner/work/key/key/key.core/../key.ui/examples/heap/information_flow/UpdateAbstraction_ex7_5_secure.key.proof 
112580     DEBUG main            d.u.i.k.p.i.AbstractProblemLoader Environment load took 100.8ns 
112581     INFO  main            d.u.i.k.p.i.AbstractProblemLoader Creating init config 
115042     DEBUG main            d.u.i.k.p.i.AbstractProblemLoader Init config took 2.46s 
115077     INFO  main            d.u.i.k.p.i.AbstractProblemLoader Replaying proof UpdateAbstraction[UpdateAbstraction::ex7_5_secure()].JML operation contract.0 
115094     DEBUG main            d.u.i.k.p.i.IntermediateProofReplayer Proof replay took 15.97ms 
115095     DEBUG main            d.u.i.k.p.r.p.TestFile    ... success: reloaded. 
115095     INFO  main            d.u.i.k.p.r.p.TestFile    Now processing file /home/runner/work/key/key/key.core/../key.ui/examples/heap/information_flow/UpdateAbstraction_ex7_6_secure.key 
115096     INFO  main            d.u.i.k.p.i.AbstractProblemLoader Loading environment from /home/runner/work/key/key/key.core/../key.ui/examples/heap/information_flow/UpdateAbstraction_ex7_6_secure.key 
115096     DEBUG main            d.u.i.k.p.i.AbstractProblemLoader Environment load took 87.5ns 
115096     INFO  main            d.u.i.k.p.i.AbstractProblemLoader Creating init config 
117616     DEBUG main            d.u.i.k.p.i.AbstractProblemLoader Init config took 2.52s 
117650     INFO  main            d.u.i.k.p.i.AbstractProblemLoader Replaying proof UpdateAbstraction[UpdateAbstraction::ex7_6_secure()].JML operation contract.0 
117651     DEBUG main            d.u.i.k.p.i.IntermediateProofReplayer Proof replay took 5.2ns 
117953     INFO  main            d.u.i.k.p.r.p.TestFile    ... finished proof: closed. 
118219     INFO  main            d.u.i.k.p.i.AbstractProblemLoader Loading environment from /home/runner/work/key/key/key.core/../key.ui/examples/heap/information_flow/UpdateAbstraction_ex7_6_secure.key.proof 
118220     DEBUG main            d.u.i.k.p.i.AbstractProblemLoader Environment load took 97.9ns 
118220     INFO  main            d.u.i.k.p.i.AbstractProblemLoader Creating init config 
120707     DEBUG main            d.u.i.k.p.i.AbstractProblemLoader Init config took 2.49s 
120741     INFO  main            d.u.i.k.p.i.AbstractProblemLoader Replaying proof UpdateAbstraction[UpdateAbstraction::ex7_6_secure()].JML operation contract.0 
120796     DEBUG main            d.u.i.k.p.i.IntermediateProofReplayer Proof replay took 52.87ms 
120797     DEBUG main            d.u.i.k.p.r.p.TestFile    ... success: reloaded. 
120798     INFO  main            d.u.i.k.p.r.p.TestFile    Now processing file /home/runner/work/key/key/key.core/../key.ui/examples/heap/information_flow/UpdateAbstraction_ex9_secure.key 
120799     INFO  main            d.u.i.k.p.i.AbstractProblemLoader Loading environment from /home/runner/work/key/key/key.core/../key.ui/examples/heap/information_flow/UpdateAbstraction_ex9_secure.key 
120800     DEBUG main            d.u.i.k.p.i.AbstractProblemLoader Environment load took 482.1ns 
120801     INFO  main            d.u.i.k.p.i.AbstractProblemLoader Creating init config 
123329     DEBUG main            d.u.i.k.p.i.AbstractProblemLoader Init config took 2.53s 
123363     INFO  main            d.u.i.k.p.i.AbstractProblemLoader Replaying proof UpdateAbstraction[UpdateAbstraction::ex9_secure()].JML operation contract.0 
123364     DEBUG main            d.u.i.k.p.i.IntermediateProofReplayer Proof replay took 6.6ns 
124269     INFO  main            d.u.i.k.p.r.p.TestFile    ... finished proof: closed. 
124545     INFO  main            d.u.i.k.p.i.AbstractProblemLoader Loading environment from /home/runner/work/key/key/key.core/../key.ui/examples/heap/information_flow/UpdateAbstraction_ex9_secure.key.proof 
124545     DEBUG main            d.u.i.k.p.i.AbstractProblemLoader Environment load took 93.1ns 
124546     INFO  main            d.u.i.k.p.i.AbstractProblemLoader Creating init config 
127028     DEBUG main            d.u.i.k.p.i.AbstractProblemLoader Init config took 2.48s 
127066     INFO  main            d.u.i.k.p.i.AbstractProblemLoader Replaying proof UpdateAbstraction[UpdateAbstraction::ex9_secure()].JML operation contract.0 
127266     DEBUG main            d.u.i.k.p.i.IntermediateProofReplayer Proof replay took 196.42ms 
127267     DEBUG main            d.u.i.k.p.r.p.TestFile    ... success: reloaded. 
821760     INFO  Test worker     d.u.i.k.p.r.RunAllProofsTestUnit Returning from test javaCard 
821761     INFO  Test worker     d.u.i.k.p.r.RunAllProofsTestUnit Running test list 
335        INFO  Timeout watchdog d.u.i.k.p.r.p.ForkedTestFileRunner Timeout watcher launched (2000 secs.) 
352        WARN  main            d.u.i.k.s.ProofSettings   The settings in /home/runner/.key/proof-settings.props are *not* read. 
400        INFO  main            d.u.i.k.p.r.p.TestFile    Now processing file /home/runner/work/key/key/key.core/../key.ui/examples/heap/list/ArrayList_add.key 
550        INFO  main            d.u.i.k.p.i.AbstractProblemLoader Loading environment from /home/runner/work/key/key/key.core/../key.ui/examples/heap/list/ArrayList_add.key 
566        DEBUG main            d.u.i.k.p.i.AbstractProblemLoader Environment load took 1.84ms 
776        INFO  main            d.u.i.k.p.i.AbstractProblemLoader Creating init config 
1669       DEBUG main            d.u.i.k.j.TypeConverter   No LDT found for Meta 
1673       DEBUG main            d.u.i.k.j.TypeConverter   No LDT found for Meta 
1677       DEBUG main            d.u.i.k.j.TypeConverter   No LDT found for Meta 
1677       DEBUG main            d.u.i.k.j.TypeConverter   No LDT found for Meta 
2936       DEBUG main            d.u.i.k.j.TypeConverter   No LDT found for JavaBigintExpression 
5895       DEBUG main            d.u.i.k.j.r.ClassPreparationMethodBuilder clPrepBuilder: Inner Class detected. Reject building class initialisation methods. 
8586       DEBUG main            d.u.i.k.p.i.AbstractProblemLoader Init config took 7.81s 
8726       INFO  main            d.u.i.k.p.i.AbstractProblemLoader Replaying proof ArrayList[List::add(java.lang.Object)].JML normal_behavior operation contract.0 
8787       DEBUG main            d.u.i.k.p.i.IntermediateProofReplayer Proof replay took 38.1ns 
14227      INFO  main            d.u.i.k.p.r.p.TestFile    ... finished proof: closed. 
14402      INFO  main            d.u.i.k.p.i.AbstractProblemLoader Loading environment from /home/runner/work/key/key/key.core/../key.ui/examples/heap/list/ArrayList_add.key.proof 
14407      DEBUG main            d.u.i.k.p.i.AbstractProblemLoader Environment load took 4.81ms 
14410      INFO  main            d.u.i.k.p.i.AbstractProblemLoader Creating init config 
15582      DEBUG main            d.u.i.k.j.r.ClassPreparationMethodBuilder clPrepBuilder: Inner Class detected. Reject building class initialisation methods. 
17836      DEBUG main            d.u.i.k.p.i.AbstractProblemLoader Init config took 3.43s 
17909      INFO  main            d.u.i.k.p.i.AbstractProblemLoader Replaying proof ArrayList[List::add(java.lang.Object)].JML normal_behavior operation contract.0 
18861      DEBUG main            d.u.i.k.p.i.IntermediateProofReplayer Proof replay took 919.03ms 
18869      DEBUG main            d.u.i.k.p.r.p.TestFile    ... success: reloaded. 
18871      INFO  main            d.u.i.k.p.r.p.TestFile    Now processing file /home/runner/work/key/key/key.core/../key.ui/examples/heap/list/ArrayList_ArrayList.key 
18871      INFO  main            d.u.i.k.p.i.AbstractProblemLoader Loading environment from /home/runner/work/key/key/key.core/../key.ui/examples/heap/list/ArrayList_ArrayList.key 
18872      DEBUG main            d.u.i.k.p.i.AbstractProblemLoader Environment load took 252.1ns 
18873      INFO  main            d.u.i.k.p.i.AbstractProblemLoader Creating init config 
19971      DEBUG main            d.u.i.k.j.r.ClassPreparationMethodBuilder clPrepBuilder: Inner Class detected. Reject building class initialisation methods. 
22146      DEBUG main            d.u.i.k.p.i.AbstractProblemLoader Init config took 3.27s 
22212      INFO  main            d.u.i.k.p.i.AbstractProblemLoader Replaying proof ArrayList[ArrayList::ArrayList()].JML normal_behavior operation contract.0 
22214      DEBUG main            d.u.i.k.p.i.IntermediateProofReplayer Proof replay took 5.6ns 
23621      INFO  main            d.u.i.k.p.r.p.TestFile    ... finished proof: closed. 
23801      INFO  main            d.u.i.k.p.i.AbstractProblemLoader Loading environment from /home/runner/work/key/key/key.core/../key.ui/examples/heap/list/ArrayList_ArrayList.key.proof 
23802      DEBUG main            d.u.i.k.p.i.AbstractProblemLoader Environment load took 451.5ns 
23803      INFO  main            d.u.i.k.p.i.AbstractProblemLoader Creating init config 
24855      DEBUG main            d.u.i.k.j.r.ClassPreparationMethodBuilder clPrepBuilder: Inner Class detected. Reject building class initialisation methods. 
27007      DEBUG main            d.u.i.k.p.i.AbstractProblemLoader Init config took 3.2s 
27070      INFO  main            d.u.i.k.p.i.AbstractProblemLoader Replaying proof ArrayList[ArrayList::ArrayList()].JML normal_behavior operation contract.0 
27315      DEBUG main            d.u.i.k.p.i.IntermediateProofReplayer Proof replay took 235.83ms 
27317      DEBUG main            d.u.i.k.p.r.p.TestFile    ... success: reloaded. 
27318      INFO  main            d.u.i.k.p.r.p.TestFile    Now processing file /home/runner/work/key/key/key.core/../key.ui/examples/heap/list/ArrayList_concatenate.key 
27318      INFO  main            d.u.i.k.p.i.AbstractProblemLoader Loading environment from /home/runner/work/key/key/key.core/../key.ui/examples/heap/list/ArrayList_concatenate.key 
27319      DEBUG main            d.u.i.k.p.i.AbstractProblemLoader Environment load took 96ns 
27321      INFO  main            d.u.i.k.p.i.AbstractProblemLoader Creating init config 
28392      DEBUG main            d.u.i.k.j.r.ClassPreparationMethodBuilder clPrepBuilder: Inner Class detected. Reject building class initialisation methods. 
30522      DEBUG main            d.u.i.k.p.i.AbstractProblemLoader Init config took 3.2s 
30579      INFO  main            d.u.i.k.p.i.AbstractProblemLoader Replaying proof ArrayList[List::concatenate(List)].JML normal_behavior operation contract.0 
30581      DEBUG main            d.u.i.k.p.i.IntermediateProofReplayer Proof replay took 5.1ns 
55847      INFO  main            d.u.i.k.p.r.p.TestFile    ... finished proof: closed. 
56078      INFO  main            d.u.i.k.p.i.AbstractProblemLoader Loading environment from /home/runner/work/key/key/key.core/../key.ui/examples/heap/list/ArrayList_concatenate.key.proof 
56078      DEBUG main            d.u.i.k.p.i.AbstractProblemLoader Environment load took 426.8ns 
56085      INFO  main            d.u.i.k.p.i.AbstractProblemLoader Creating init config 
57098      DEBUG main            d.u.i.k.j.r.ClassPreparationMethodBuilder clPrepBuilder: Inner Class detected. Reject building class initialisation methods. 
59193      DEBUG main            d.u.i.k.p.i.AbstractProblemLoader Init config took 3.11s 
59249      INFO  main            d.u.i.k.p.i.AbstractProblemLoader Replaying proof ArrayList[List::concatenate(List)].JML normal_behavior operation contract.0 
61305      DEBUG main            d.u.i.k.p.i.IntermediateProofReplayer Proof replay took 2s 
61308      DEBUG main            d.u.i.k.p.r.p.TestFile    ... success: reloaded. 
61309      INFO  main            d.u.i.k.p.r.p.TestFile    Now processing file /home/runner/work/key/key/key.core/../key.ui/examples/heap/list/ArrayList_contains_dep.key 
61310      INFO  main            d.u.i.k.p.i.AbstractProblemLoader Loading environment from /home/runner/work/key/key/key.core/../key.ui/examples/heap/list/ArrayList_contains_dep.key 
61310      DEBUG main            d.u.i.k.p.i.AbstractProblemLoader Environment load took 107.2ns 
61311      INFO  main            d.u.i.k.p.i.AbstractProblemLoader Creating init config 
62394      DEBUG main            d.u.i.k.j.r.ClassPreparationMethodBuilder clPrepBuilder: Inner Class detected. Reject building class initialisation methods. 
64552      DEBUG main            d.u.i.k.p.i.AbstractProblemLoader Init config took 3.24s 
64608      INFO  main            d.u.i.k.p.i.AbstractProblemLoader Replaying proof ArrayList[List::contains(java.lang.Object)].JML accessible clause.0 
64610      DEBUG main            d.u.i.k.p.i.IntermediateProofReplayer Proof replay took 5.1ns 
67426      INFO  main            d.u.i.k.p.r.p.TestFile    ... finished proof: closed. 
67652      INFO  main            d.u.i.k.p.i.AbstractProblemLoader Loading environment from /home/runner/work/key/key/key.core/../key.ui/examples/heap/list/ArrayList_contains_dep.key.proof 
67653      DEBUG main            d.u.i.k.p.i.AbstractProblemLoader Environment load took 411.6ns 
67654      INFO  main            d.u.i.k.p.i.AbstractProblemLoader Creating init config 
68635      DEBUG main            d.u.i.k.j.r.ClassPreparationMethodBuilder clPrepBuilder: Inner Class detected. Reject building class initialisation methods. 
70724      DEBUG main            d.u.i.k.p.i.AbstractProblemLoader Init config took 3.07s 
70777      INFO  main            d.u.i.k.p.i.AbstractProblemLoader Replaying proof ArrayList[List::contains(java.lang.Object)].JML accessible clause.0 
71210      DEBUG main            d.u.i.k.p.i.IntermediateProofReplayer Proof replay took 424.07ms 
71212      DEBUG main            d.u.i.k.p.r.p.TestFile    ... success: reloaded. 
71213      INFO  main            d.u.i.k.p.r.p.TestFile    Now processing file /home/runner/work/key/key/key.core/../key.ui/examples/heap/list/ArrayList_enlarge.key 
71214      INFO  main            d.u.i.k.p.i.AbstractProblemLoader Loading environment from /home/runner/work/key/key/key.core/../key.ui/examples/heap/list/ArrayList_enlarge.key 
71214      DEBUG main            d.u.i.k.p.i.AbstractProblemLoader Environment load took 198.4ns 
71215      INFO  main            d.u.i.k.p.i.AbstractProblemLoader Creating init config 
72258      DEBUG main            d.u.i.k.j.r.ClassPreparationMethodBuilder clPrepBuilder: Inner Class detected. Reject building class initialisation methods. 
74410      DEBUG main            d.u.i.k.p.i.AbstractProblemLoader Init config took 3.19s 
74463      INFO  main            d.u.i.k.p.i.AbstractProblemLoader Replaying proof ArrayList[ArrayList::enlarge()].JML normal_behavior operation contract.0 
74465      DEBUG main            d.u.i.k.p.i.IntermediateProofReplayer Proof replay took 4.6ns 
76774      INFO  main            d.u.i.k.p.r.p.TestFile    ... finished proof: closed. 
76967      INFO  main            d.u.i.k.p.i.AbstractProblemLoader Loading environment from /home/runner/work/key/key/key.core/../key.ui/examples/heap/list/ArrayList_enlarge.key.proof 
76969      DEBUG main            d.u.i.k.p.i.AbstractProblemLoader Environment load took 1.69ms 
76971      INFO  main            d.u.i.k.p.i.AbstractProblemLoader Creating init config 
77951      DEBUG main            d.u.i.k.j.r.ClassPreparationMethodBuilder clPrepBuilder: Inner Class detected. Reject building class initialisation methods. 
80080      DEBUG main            d.u.i.k.p.i.AbstractProblemLoader Init config took 3.11s 
80133      INFO  main            d.u.i.k.p.i.AbstractProblemLoader Replaying proof ArrayList[ArrayList::enlarge()].JML normal_behavior operation contract.0 
80538      DEBUG main            d.u.i.k.p.i.IntermediateProofReplayer Proof replay took 397.77ms 
80540      DEBUG main            d.u.i.k.p.r.p.TestFile    ... success: reloaded. 
80541      INFO  main            d.u.i.k.p.r.p.TestFile    Now processing file /home/runner/work/key/key/key.core/../key.ui/examples/heap/list/ArrayList_footprint.key 
80542      INFO  main            d.u.i.k.p.i.AbstractProblemLoader Loading environment from /home/runner/work/key/key/key.core/../key.ui/examples/heap/list/ArrayList_footprint.key 
80542      DEBUG main            d.u.i.k.p.i.AbstractProblemLoader Environment load took 209.2ns 
80543      INFO  main            d.u.i.k.p.i.AbstractProblemLoader Creating init config 
81535      DEBUG main            d.u.i.k.j.r.ClassPreparationMethodBuilder clPrepBuilder: Inner Class detected. Reject building class initialisation methods. 
83655      DEBUG main            d.u.i.k.p.i.AbstractProblemLoader Init config took 3.11s 
83723      INFO  main            d.u.i.k.p.i.AbstractProblemLoader Replaying proof List[List::$footprint()].JML accessible clause.0 
83725      DEBUG main            d.u.i.k.p.i.IntermediateProofReplayer Proof replay took 5.3ns 
83832      INFO  main            d.u.i.k.p.r.p.TestFile    ... finished proof: closed. 
83992      INFO  main            d.u.i.k.p.i.AbstractProblemLoader Loading environment from /home/runner/work/key/key/key.core/../key.ui/examples/heap/list/ArrayList_footprint.key.proof 
83992      DEBUG main            d.u.i.k.p.i.AbstractProblemLoader Environment load took 104ns 
83993      INFO  main            d.u.i.k.p.i.AbstractProblemLoader Creating init config 
84986      DEBUG main            d.u.i.k.j.r.ClassPreparationMethodBuilder clPrepBuilder: Inner Class detected. Reject building class initialisation methods. 
87098      DEBUG main            d.u.i.k.p.i.AbstractProblemLoader Init config took 3.1s 
87143      INFO  main            d.u.i.k.p.i.AbstractProblemLoader Replaying proof List[List::$footprint()].JML accessible clause.0 
87145      DEBUG main            d.u.i.k.p.i.IntermediateProofReplayer Proof replay took 1ms 
87146      DEBUG main            d.u.i.k.p.r.p.TestFile    ... success: reloaded. 
87147      INFO  main            d.u.i.k.p.r.p.TestFile    Now processing file /home/runner/work/key/key/key.core/../key.ui/examples/heap/list/ArrayList_get_dep.key 
87147      INFO  main            d.u.i.k.p.i.AbstractProblemLoader Loading environment from /home/runner/work/key/key/key.core/../key.ui/examples/heap/list/ArrayList_get_dep.key 
87147      DEBUG main            d.u.i.k.p.i.AbstractProblemLoader Environment load took 89ns 
87148      INFO  main            d.u.i.k.p.i.AbstractProblemLoader Creating init config 
88148      DEBUG main            d.u.i.k.j.r.ClassPreparationMethodBuilder clPrepBuilder: Inner Class detected. Reject building class initialisation methods. 
90251      DEBUG main            d.u.i.k.p.i.AbstractProblemLoader Init config took 3.1s 
90315      INFO  main            d.u.i.k.p.i.AbstractProblemLoader Replaying proof ArrayList[List::get(int)].JML accessible clause.0 
90317      DEBUG main            d.u.i.k.p.i.IntermediateProofReplayer Proof replay took 5ns 
90724      INFO  main            d.u.i.k.p.r.p.TestFile    ... finished proof: closed. 
90913      INFO  main            d.u.i.k.p.i.AbstractProblemLoader Loading environment from /home/runner/work/key/key/key.core/../key.ui/examples/heap/list/ArrayList_get_dep.key.proof 
90913      DEBUG main            d.u.i.k.p.i.AbstractProblemLoader Environment load took 109.6ns 
90914      INFO  main            d.u.i.k.p.i.AbstractProblemLoader Creating init config 
91910      DEBUG main            d.u.i.k.j.r.ClassPreparationMethodBuilder clPrepBuilder: Inner Class detected. Reject building class initialisation methods. 
93978      DEBUG main            d.u.i.k.p.i.AbstractProblemLoader Init config took 3.06s 
94029      INFO  main            d.u.i.k.p.i.AbstractProblemLoader Replaying proof ArrayList[List::get(int)].JML accessible clause.0 
94101      DEBUG main            d.u.i.k.p.i.IntermediateProofReplayer Proof replay took 68.64ms 
94102      DEBUG main            d.u.i.k.p.r.p.TestFile    ... success: reloaded. 
94104      INFO  main            d.u.i.k.p.r.p.TestFile    Now processing file /home/runner/work/key/key/key.core/../key.ui/examples/heap/list/ArrayList_get_exceptional.key 
94104      INFO  main            d.u.i.k.p.i.AbstractProblemLoader Loading environment from /home/runner/work/key/key/key.core/../key.ui/examples/heap/list/ArrayList_get_exceptional.key 
94104      DEBUG main            d.u.i.k.p.i.AbstractProblemLoader Environment load took 236.3ns 
94105      INFO  main            d.u.i.k.p.i.AbstractProblemLoader Creating init config 
95109      DEBUG main            d.u.i.k.j.r.ClassPreparationMethodBuilder clPrepBuilder: Inner Class detected. Reject building class initialisation methods. 
97224      DEBUG main            d.u.i.k.p.i.AbstractProblemLoader Init config took 3.12s 
97272      INFO  main            d.u.i.k.p.i.AbstractProblemLoader Replaying proof ArrayList[List::get(int)].JML exceptional_behavior operation contract.0 
97273      DEBUG main            d.u.i.k.p.i.IntermediateProofReplayer Proof replay took 5ns 
98406      INFO  main            d.u.i.k.p.r.p.TestFile    ... finished proof: closed. 
98602      INFO  main            d.u.i.k.p.i.AbstractProblemLoader Loading environment from /home/runner/work/key/key/key.core/../key.ui/examples/heap/list/ArrayList_get_exceptional.key.proof 
98602      DEBUG main            d.u.i.k.p.i.AbstractProblemLoader Environment load took 397.1ns 
98603      INFO  main            d.u.i.k.p.i.AbstractProblemLoader Creating init config 
99589      DEBUG main            d.u.i.k.j.r.ClassPreparationMethodBuilder clPrepBuilder: Inner Class detected. Reject building class initialisation methods. 
101641     DEBUG main            d.u.i.k.p.i.AbstractProblemLoader Init config took 3.04s 
101699     INFO  main            d.u.i.k.p.i.AbstractProblemLoader Replaying proof ArrayList[List::get(int)].JML exceptional_behavior operation contract.0 
101891     DEBUG main            d.u.i.k.p.i.IntermediateProofReplayer Proof replay took 187.08ms 
101893     DEBUG main            d.u.i.k.p.r.p.TestFile    ... success: reloaded. 
101894     INFO  main            d.u.i.k.p.r.p.TestFile    Now processing file /home/runner/work/key/key/key.core/../key.ui/examples/heap/list/ArrayList_get_normal.key 
101894     INFO  main            d.u.i.k.p.i.AbstractProblemLoader Loading environment from /home/runner/work/key/key/key.core/../key.ui/examples/heap/list/ArrayList_get_normal.key 
101894     DEBUG main            d.u.i.k.p.i.AbstractProblemLoader Environment load took 116.1ns 
101895     INFO  main            d.u.i.k.p.i.AbstractProblemLoader Creating init config 
102890     DEBUG main            d.u.i.k.j.r.ClassPreparationMethodBuilder clPrepBuilder: Inner Class detected. Reject building class initialisation methods. 
104992     DEBUG main            d.u.i.k.p.i.AbstractProblemLoader Init config took 3.1s 
105040     INFO  main            d.u.i.k.p.i.AbstractProblemLoader Replaying proof ArrayList[List::get(int)].JML normal_behavior operation contract.0 
105041     DEBUG main            d.u.i.k.p.i.IntermediateProofReplayer Proof replay took 4.8ns 
105445     INFO  main            d.u.i.k.p.r.p.TestFile    ... finished proof: closed. 
105656     INFO  main            d.u.i.k.p.i.AbstractProblemLoader Loading environment from /home/runner/work/key/key/key.core/../key.ui/examples/heap/list/ArrayList_get_normal.key.proof 
105657     DEBUG main            d.u.i.k.p.i.AbstractProblemLoader Environment load took 147.6ns 
105658     INFO  main            d.u.i.k.p.i.AbstractProblemLoader Creating init config 
106627     DEBUG main            d.u.i.k.j.r.ClassPreparationMethodBuilder clPrepBuilder: Inner Class detected. Reject building class initialisation methods. 
108703     DEBUG main            d.u.i.k.p.i.AbstractProblemLoader Init config took 3.04s 
108753     INFO  main            d.u.i.k.p.i.AbstractProblemLoader Replaying proof ArrayList[List::get(int)].JML normal_behavior operation contract.0 
108824     DEBUG main            d.u.i.k.p.i.IntermediateProofReplayer Proof replay took 68.35ms 
108825     DEBUG main            d.u.i.k.p.r.p.TestFile    ... success: reloaded. 
108827     INFO  main            d.u.i.k.p.r.p.TestFile    Now processing file /home/runner/work/key/key/key.core/../key.ui/examples/heap/list/ArrayList_inv.key 
108827     INFO  main            d.u.i.k.p.i.AbstractProblemLoader Loading environment from /home/runner/work/key/key/key.core/../key.ui/examples/heap/list/ArrayList_inv.key 
108827     DEBUG main            d.u.i.k.p.i.AbstractProblemLoader Environment load took 84.1ns 
108828     INFO  main            d.u.i.k.p.i.AbstractProblemLoader Creating init config 
109830     DEBUG main            d.u.i.k.j.r.ClassPreparationMethodBuilder clPrepBuilder: Inner Class detected. Reject building class initialisation methods. 
111898     DEBUG main            d.u.i.k.p.i.AbstractProblemLoader Init config took 3.07s 
111945     INFO  main            d.u.i.k.p.i.AbstractProblemLoader Replaying proof ArrayList[java.lang.Object::<inv>()].JML accessible clause.0 
111946     DEBUG main            d.u.i.k.p.i.IntermediateProofReplayer Proof replay took 5.3ns 
112349     INFO  main            d.u.i.k.p.r.p.TestFile    ... finished proof: closed. 
112549     INFO  main            d.u.i.k.p.i.AbstractProblemLoader Loading environment from /home/runner/work/key/key/key.core/../key.ui/examples/heap/list/ArrayList_inv.key.proof 
112549     DEBUG main            d.u.i.k.p.i.AbstractProblemLoader Environment load took 110.8ns 
112550     INFO  main            d.u.i.k.p.i.AbstractProblemLoader Creating init config 
113515     DEBUG main            d.u.i.k.j.r.ClassPreparationMethodBuilder clPrepBuilder: Inner Class detected. Reject building class initialisation methods. 
115564     DEBUG main            d.u.i.k.p.i.AbstractProblemLoader Init config took 3.01s 
115612     INFO  main            d.u.i.k.p.i.AbstractProblemLoader Replaying proof ArrayList[java.lang.Object::<inv>()].JML accessible clause.0 
115652     DEBUG main            d.u.i.k.p.i.IntermediateProofReplayer Proof replay took 37.65ms 
115653     DEBUG main            d.u.i.k.p.r.p.TestFile    ... success: reloaded. 
115654     INFO  main            d.u.i.k.p.r.p.TestFile    Now processing file /home/runner/work/key/key/key.core/../key.ui/examples/heap/list/ArrayList_iterator.key 
115656     INFO  main            d.u.i.k.p.i.AbstractProblemLoader Loading environment from /home/runner/work/key/key/key.core/../key.ui/examples/heap/list/ArrayList_iterator.key 
115656     DEBUG main            d.u.i.k.p.i.AbstractProblemLoader Environment load took 144.4ns 
115657     INFO  main            d.u.i.k.p.i.AbstractProblemLoader Creating init config 
116660     DEBUG main            d.u.i.k.j.r.ClassPreparationMethodBuilder clPrepBuilder: Inner Class detected. Reject building class initialisation methods. 
118724     DEBUG main            d.u.i.k.p.i.AbstractProblemLoader Init config took 3.07s 
118771     INFO  main            d.u.i.k.p.i.AbstractProblemLoader Replaying proof ArrayList[List::iterator()].JML normal_behavior operation contract.0 
118773     DEBUG main            d.u.i.k.p.i.IntermediateProofReplayer Proof replay took 5ns 
119376     INFO  main            d.u.i.k.p.r.p.TestFile    ... finished proof: closed. 
119562     INFO  main            d.u.i.k.p.i.AbstractProblemLoader Loading environment from /home/runner/work/key/key/key.core/../key.ui/examples/heap/list/ArrayList_iterator.key.proof 
119563     DEBUG main            d.u.i.k.p.i.AbstractProblemLoader Environment load took 112.5ns 
119564     INFO  main            d.u.i.k.p.i.AbstractProblemLoader Creating init config 
120565     DEBUG main            d.u.i.k.j.r.ClassPreparationMethodBuilder clPrepBuilder: Inner Class detected. Reject building class initialisation methods. 
122629     DEBUG main            d.u.i.k.p.i.AbstractProblemLoader Init config took 3.07s 
122676     INFO  main            d.u.i.k.p.i.AbstractProblemLoader Replaying proof ArrayList[List::iterator()].JML normal_behavior operation contract.0 
122750     DEBUG main            d.u.i.k.p.i.IntermediateProofReplayer Proof replay took 71.27ms 
122752     DEBUG main            d.u.i.k.p.r.p.TestFile    ... success: reloaded. 
122753     INFO  main            d.u.i.k.p.r.p.TestFile    Now processing file /home/runner/work/key/key/key.core/../key.ui/examples/heap/list/ArrayList_size_dep.key 
122753     INFO  main            d.u.i.k.p.i.AbstractProblemLoader Loading environment from /home/runner/work/key/key/key.core/../key.ui/examples/heap/list/ArrayList_size_dep.key 
122753     DEBUG main            d.u.i.k.p.i.AbstractProblemLoader Environment load took 202.2ns 
122754     INFO  main            d.u.i.k.p.i.AbstractProblemLoader Creating init config 
123766     DEBUG main            d.u.i.k.j.r.ClassPreparationMethodBuilder clPrepBuilder: Inner Class detected. Reject building class initialisation methods. 
125856     DEBUG main            d.u.i.k.p.i.AbstractProblemLoader Init config took 3.1s 
125902     INFO  main            d.u.i.k.p.i.AbstractProblemLoader Replaying proof ArrayList[List::size()].JML accessible clause.0 
125903     DEBUG main            d.u.i.k.p.i.IntermediateProofReplayer Proof replay took 5.1ns 
126108     INFO  main            d.u.i.k.p.r.p.TestFile    ... finished proof: closed. 
126310     INFO  main            d.u.i.k.p.i.AbstractProblemLoader Loading environment from /home/runner/work/key/key/key.core/../key.ui/examples/heap/list/ArrayList_size_dep.key.proof 
126310     DEBUG main            d.u.i.k.p.i.AbstractProblemLoader Environment load took 109.5ns 
126311     INFO  main            d.u.i.k.p.i.AbstractProblemLoader Creating init config 
127277     DEBUG main            d.u.i.k.j.r.ClassPreparationMethodBuilder clPrepBuilder: Inner Class detected. Reject building class initialisation methods. 
129331     DEBUG main            d.u.i.k.p.i.AbstractProblemLoader Init config took 3.02s 
129377     INFO  main            d.u.i.k.p.i.AbstractProblemLoader Replaying proof ArrayList[List::size()].JML accessible clause.0 
129402     DEBUG main            d.u.i.k.p.i.IntermediateProofReplayer Proof replay took 22.28ms 
129403     DEBUG main            d.u.i.k.p.r.p.TestFile    ... success: reloaded. 
129404     INFO  main            d.u.i.k.p.r.p.TestFile    Now processing file /home/runner/work/key/key/key.core/../key.ui/examples/heap/list/ArrayList_size.key 
129405     INFO  main            d.u.i.k.p.i.AbstractProblemLoader Loading environment from /home/runner/work/key/key/key.core/../key.ui/examples/heap/list/ArrayList_size.key 
129405     DEBUG main            d.u.i.k.p.i.AbstractProblemLoader Environment load took 209.1ns 
129406     INFO  main            d.u.i.k.p.i.AbstractProblemLoader Creating init config 
130374     DEBUG main            d.u.i.k.j.r.ClassPreparationMethodBuilder clPrepBuilder: Inner Class detected. Reject building class initialisation methods. 
132443     DEBUG main            d.u.i.k.p.i.AbstractProblemLoader Init config took 3.04s 
132489     INFO  main            d.u.i.k.p.i.AbstractProblemLoader Replaying proof ArrayList[List::size()].JML normal_behavior operation contract.0 
132491     DEBUG main            d.u.i.k.p.i.IntermediateProofReplayer Proof replay took 4.8ns 
132696     INFO  main            d.u.i.k.p.r.p.TestFile    ... finished proof: closed. 
132904     INFO  main            d.u.i.k.p.i.AbstractProblemLoader Loading environment from /home/runner/work/key/key/key.core/../key.ui/examples/heap/list/ArrayList_size.key.proof 
132904     DEBUG main            d.u.i.k.p.i.AbstractProblemLoader Environment load took 103.3ns 
132905     INFO  main            d.u.i.k.p.i.AbstractProblemLoader Creating init config 
133871     DEBUG main            d.u.i.k.j.r.ClassPreparationMethodBuilder clPrepBuilder: Inner Class detected. Reject building class initialisation methods. 
135900     DEBUG main            d.u.i.k.p.i.AbstractProblemLoader Init config took 3s 
135956     INFO  main            d.u.i.k.p.i.AbstractProblemLoader Replaying proof ArrayList[List::size()].JML normal_behavior operation contract.0 
135988     DEBUG main            d.u.i.k.p.i.IntermediateProofReplayer Proof replay took 30.68ms 
135989     DEBUG main            d.u.i.k.p.r.p.TestFile    ... success: reloaded. 
135990     INFO  main            d.u.i.k.p.r.p.TestFile    Now processing file /home/runner/work/key/key/key.core/../key.ui/examples/heap/list/ArrayList.ArrayListIterator_ArrayListIterator.key 
135990     INFO  main            d.u.i.k.p.i.AbstractProblemLoader Loading environment from /home/runner/work/key/key/key.core/../key.ui/examples/heap/list/ArrayList.ArrayListIterator_ArrayListIterator.key 
135990     DEBUG main            d.u.i.k.p.i.AbstractProblemLoader Environment load took 72.4ns 
135991     INFO  main            d.u.i.k.p.i.AbstractProblemLoader Creating init config 
136981     DEBUG main            d.u.i.k.j.r.ClassPreparationMethodBuilder clPrepBuilder: Inner Class detected. Reject building class initialisation methods. 
139065     DEBUG main            d.u.i.k.p.i.AbstractProblemLoader Init config took 3.07s 
139123     INFO  main            d.u.i.k.p.i.AbstractProblemLoader Replaying proof ArrayList.ArrayListIterator[ArrayList.ArrayListIterator::ArrayListIterator(ArrayList)].JML normal_behavior operation contract.0 
139124     DEBUG main            d.u.i.k.p.i.IntermediateProofReplayer Proof replay took 4.9ns 
139729     INFO  main            d.u.i.k.p.r.p.TestFile    ... finished proof: closed. 
139965     INFO  main            d.u.i.k.p.i.AbstractProblemLoader Loading environment from /home/runner/work/key/key/key.core/../key.ui/examples/heap/list/ArrayList.ArrayListIterator_ArrayListIterator.key.proof 
139965     DEBUG main            d.u.i.k.p.i.AbstractProblemLoader Environment load took 416.2ns 
139966     INFO  main            d.u.i.k.p.i.AbstractProblemLoader Creating init config 
140927     DEBUG main            d.u.i.k.j.r.ClassPreparationMethodBuilder clPrepBuilder: Inner Class detected. Reject building class initialisation methods. 
142999     DEBUG main            d.u.i.k.p.i.AbstractProblemLoader Init config took 3.03s 
143055     INFO  main            d.u.i.k.p.i.AbstractProblemLoader Replaying proof ArrayList.ArrayListIterator[ArrayList.ArrayListIterator::ArrayListIterator(ArrayList)].JML normal_behavior operation contract.0 
143152     DEBUG main            d.u.i.k.p.i.IntermediateProofReplayer Proof replay took 92.82ms 
143153     DEBUG main            d.u.i.k.p.r.p.TestFile    ... success: reloaded. 
143154     INFO  main            d.u.i.k.p.r.p.TestFile    Now processing file /home/runner/work/key/key/key.core/../key.ui/examples/heap/list/ArrayList.ArrayListIterator_hasNext_dep.key 
143154     INFO  main            d.u.i.k.p.i.AbstractProblemLoader Loading environment from /home/runner/work/key/key/key.core/../key.ui/examples/heap/list/ArrayList.ArrayListIterator_hasNext_dep.key 
143154     DEBUG main            d.u.i.k.p.i.AbstractProblemLoader Environment load took 94.3ns 
143155     INFO  main            d.u.i.k.p.i.AbstractProblemLoader Creating init config 
144130     DEBUG main            d.u.i.k.j.r.ClassPreparationMethodBuilder clPrepBuilder: Inner Class detected. Reject building class initialisation methods. 
146187     DEBUG main            d.u.i.k.p.i.AbstractProblemLoader Init config took 3.03s 
146240     INFO  main            d.u.i.k.p.i.AbstractProblemLoader Replaying proof ArrayList.ArrayListIterator[ListIterator::hasNext()].JML accessible clause.0 
146241     DEBUG main            d.u.i.k.p.i.IntermediateProofReplayer Proof replay took 5.9ns 
146646     INFO  main            d.u.i.k.p.r.p.TestFile    ... finished proof: closed. 
146870     INFO  main            d.u.i.k.p.i.AbstractProblemLoader Loading environment from /home/runner/work/key/key/key.core/../key.ui/examples/heap/list/ArrayList.ArrayListIterator_hasNext_dep.key.proof 
146870     DEBUG main            d.u.i.k.p.i.AbstractProblemLoader Environment load took 116.6ns 
146871     INFO  main            d.u.i.k.p.i.AbstractProblemLoader Creating init config 
147830     DEBUG main            d.u.i.k.j.r.ClassPreparationMethodBuilder clPrepBuilder: Inner Class detected. Reject building class initialisation methods. 
149870     DEBUG main            d.u.i.k.p.i.AbstractProblemLoader Init config took 3s 
149922     INFO  main            d.u.i.k.p.i.AbstractProblemLoader Replaying proof ArrayList.ArrayListIterator[ListIterator::hasNext()].JML accessible clause.0 
149970     DEBUG main            d.u.i.k.p.i.IntermediateProofReplayer Proof replay took 45.98ms 
149971     DEBUG main            d.u.i.k.p.r.p.TestFile    ... success: reloaded. 
149972     INFO  main            d.u.i.k.p.r.p.TestFile    Now processing file /home/runner/work/key/key/key.core/../key.ui/examples/heap/list/ArrayList.ArrayListIterator_hasNext.key 
149972     INFO  main            d.u.i.k.p.i.AbstractProblemLoader Loading environment from /home/runner/work/key/key/key.core/../key.ui/examples/heap/list/ArrayList.ArrayListIterator_hasNext.key 
149973     DEBUG main            d.u.i.k.p.i.AbstractProblemLoader Environment load took 73.8ns 
149973     INFO  main            d.u.i.k.p.i.AbstractProblemLoader Creating init config 
150958     DEBUG main            d.u.i.k.j.r.ClassPreparationMethodBuilder clPrepBuilder: Inner Class detected. Reject building class initialisation methods. 
153044     DEBUG main            d.u.i.k.p.i.AbstractProblemLoader Init config took 3.07s 
153097     INFO  main            d.u.i.k.p.i.AbstractProblemLoader Replaying proof ArrayList.ArrayListIterator[ListIterator::hasNext()].JML normal_behavior operation contract.0 
153098     DEBUG main            d.u.i.k.p.i.IntermediateProofReplayer Proof replay took 5.4ns 
153501     INFO  main            d.u.i.k.p.r.p.TestFile    ... finished proof: closed. 
153717     INFO  main            d.u.i.k.p.i.AbstractProblemLoader Loading environment from /home/runner/work/key/key/key.core/../key.ui/examples/heap/list/ArrayList.ArrayListIterator_hasNext.key.proof 
153717     DEBUG main            d.u.i.k.p.i.AbstractProblemLoader Environment load took 99.6ns 
153718     INFO  main            d.u.i.k.p.i.AbstractProblemLoader Creating init config 
154681     DEBUG main            d.u.i.k.j.r.ClassPreparationMethodBuilder clPrepBuilder: Inner Class detected. Reject building class initialisation methods. 
156709     DEBUG main            d.u.i.k.p.i.AbstractProblemLoader Init config took 2.99s 
156761     INFO  main            d.u.i.k.p.i.AbstractProblemLoader Replaying proof ArrayList.ArrayListIterator[ListIterator::hasNext()].JML normal_behavior operation contract.0 
156810     DEBUG main            d.u.i.k.p.i.IntermediateProofReplayer Proof replay took 47.25ms 
156811     DEBUG main            d.u.i.k.p.r.p.TestFile    ... success: reloaded. 
156814     INFO  main            d.u.i.k.p.r.p.TestFile    Now processing file /home/runner/work/key/key/key.core/../key.ui/examples/heap/list/ArrayList.ArrayListIterator_inv.key 
156815     INFO  main            d.u.i.k.p.i.AbstractProblemLoader Loading environment from /home/runner/work/key/key/key.core/../key.ui/examples/heap/list/ArrayList.ArrayListIterator_inv.key 
156815     DEBUG main            d.u.i.k.p.i.AbstractProblemLoader Environment load took 236.5ns 
156816     INFO  main            d.u.i.k.p.i.AbstractProblemLoader Creating init config 
157801     DEBUG main            d.u.i.k.j.r.ClassPreparationMethodBuilder clPrepBuilder: Inner Class detected. Reject building class initialisation methods. 
159875     DEBUG main            d.u.i.k.p.i.AbstractProblemLoader Init config took 3.06s 
159927     INFO  main            d.u.i.k.p.i.AbstractProblemLoader Replaying proof ArrayList.ArrayListIterator[java.lang.Object::<inv>()].JML accessible clause.0 
159929     DEBUG main            d.u.i.k.p.i.IntermediateProofReplayer Proof replay took 5.9ns 
160832     INFO  main            d.u.i.k.p.r.p.TestFile    ... finished proof: closed. 
161064     INFO  main            d.u.i.k.p.i.AbstractProblemLoader Loading environment from /home/runner/work/key/key/key.core/../key.ui/examples/heap/list/ArrayList.ArrayListIterator_inv.key.proof 
161065     DEBUG main            d.u.i.k.p.i.AbstractProblemLoader Environment load took 301.6ns 
161068     INFO  main            d.u.i.k.p.i.AbstractProblemLoader Creating init config 
162038     DEBUG main            d.u.i.k.j.r.ClassPreparationMethodBuilder clPrepBuilder: Inner Class detected. Reject building class initialisation methods. 
164077     DEBUG main            d.u.i.k.p.i.AbstractProblemLoader Init config took 3.01s 
164129     INFO  main            d.u.i.k.p.i.AbstractProblemLoader Replaying proof ArrayList.ArrayListIterator[java.lang.Object::<inv>()].JML accessible clause.0 
164214     DEBUG main            d.u.i.k.p.i.IntermediateProofReplayer Proof replay took 81.31ms 
164215     DEBUG main            d.u.i.k.p.r.p.TestFile    ... success: reloaded. 
164216     INFO  main            d.u.i.k.p.r.p.TestFile    Now processing file /home/runner/work/key/key/key.core/../key.ui/examples/heap/list/ArrayList.ArrayListIterator_list.key 
164216     INFO  main            d.u.i.k.p.i.AbstractProblemLoader Loading environment from /home/runner/work/key/key/key.core/../key.ui/examples/heap/list/ArrayList.ArrayListIterator_list.key 
164216     DEBUG main            d.u.i.k.p.i.AbstractProblemLoader Environment load took 65ns 
164217     INFO  main            d.u.i.k.p.i.AbstractProblemLoader Creating init config 
165198     DEBUG main            d.u.i.k.j.r.ClassPreparationMethodBuilder clPrepBuilder: Inner Class detected. Reject building class initialisation methods. 
167327     DEBUG main            d.u.i.k.p.i.AbstractProblemLoader Init config took 3.11s 
167367     INFO  main            d.u.i.k.p.i.AbstractProblemLoader Replaying proof ListIterator[ListIterator::$list()].JML accessible clause.0 
167368     DEBUG main            d.u.i.k.p.i.IntermediateProofReplayer Proof replay took 5.2ns 
167470     INFO  main            d.u.i.k.p.r.p.TestFile    ... finished proof: closed. 
167710     INFO  main            d.u.i.k.p.i.AbstractProblemLoader Loading environment from /home/runner/work/key/key/key.core/../key.ui/examples/heap/list/ArrayList.ArrayListIterator_list.key.proof 
167710     DEBUG main            d.u.i.k.p.i.AbstractProblemLoader Environment load took 108.6ns 
167711     INFO  main            d.u.i.k.p.i.AbstractProblemLoader Creating init config 
168680     DEBUG main            d.u.i.k.j.r.ClassPreparationMethodBuilder clPrepBuilder: Inner Class detected. Reject building class initialisation methods. 
170734     DEBUG main            d.u.i.k.p.i.AbstractProblemLoader Init config took 3.02s 
170773     INFO  main            d.u.i.k.p.i.AbstractProblemLoader Replaying proof ListIterator[ListIterator::$list()].JML accessible clause.0 
170775     DEBUG main            d.u.i.k.p.i.IntermediateProofReplayer Proof replay took 922.4ns 
170776     DEBUG main            d.u.i.k.p.r.p.TestFile    ... success: reloaded. 
170777     INFO  main            d.u.i.k.p.r.p.TestFile    Now processing file /home/runner/work/key/key/key.core/../key.ui/examples/heap/list/ArrayList.ArrayListIterator_next_exceptional.key 
170777     INFO  main            d.u.i.k.p.i.AbstractProblemLoader Loading environment from /home/runner/work/key/key/key.core/../key.ui/examples/heap/list/ArrayList.ArrayListIterator_next_exceptional.key 
170777     DEBUG main            d.u.i.k.p.i.AbstractProblemLoader Environment load took 52ns 
170778     INFO  main            d.u.i.k.p.i.AbstractProblemLoader Creating init config 
171815     DEBUG main            d.u.i.k.j.r.ClassPreparationMethodBuilder clPrepBuilder: Inner Class detected. Reject building class initialisation methods. 
173850     DEBUG main            d.u.i.k.p.i.AbstractProblemLoader Init config took 3.07s 
173920     INFO  main            d.u.i.k.p.i.AbstractProblemLoader Replaying proof ArrayList.ArrayListIterator[ListIterator::next()].JML exceptional_behavior operation contract.0 
173923     DEBUG main            d.u.i.k.p.i.IntermediateProofReplayer Proof replay took 5.3ns 
174726     INFO  main            d.u.i.k.p.r.p.TestFile    ... finished proof: closed. 
174997     INFO  main            d.u.i.k.p.i.AbstractProblemLoader Loading environment from /home/runner/work/key/key/key.core/../key.ui/examples/heap/list/ArrayList.ArrayListIterator_next_exceptional.key.proof 
174997     DEBUG main            d.u.i.k.p.i.AbstractProblemLoader Environment load took 100.9ns 
174998     INFO  main            d.u.i.k.p.i.AbstractProblemLoader Creating init config 
175967     DEBUG main            d.u.i.k.j.r.ClassPreparationMethodBuilder clPrepBuilder: Inner Class detected. Reject building class initialisation methods. 
177983     DEBUG main            d.u.i.k.p.i.AbstractProblemLoader Init config took 2.98s 
178047     INFO  main            d.u.i.k.p.i.AbstractProblemLoader Replaying proof ArrayList.ArrayListIterator[ListIterator::next()].JML exceptional_behavior operation contract.0 
178177     DEBUG main            d.u.i.k.p.i.IntermediateProofReplayer Proof replay took 126.66ms 
178178     DEBUG main            d.u.i.k.p.r.p.TestFile    ... success: reloaded. 
178179     INFO  main            d.u.i.k.p.r.p.TestFile    Now processing file /home/runner/work/key/key/key.core/../key.ui/examples/heap/list/ArrayList.ArrayListIterator_next_normal.key 
178179     INFO  main            d.u.i.k.p.i.AbstractProblemLoader Loading environment from /home/runner/work/key/key/key.core/../key.ui/examples/heap/list/ArrayList.ArrayListIterator_next_normal.key 
178179     DEBUG main            d.u.i.k.p.i.AbstractProblemLoader Environment load took 101.5ns 
178180     INFO  main            d.u.i.k.p.i.AbstractProblemLoader Creating init config 
179153     DEBUG main            d.u.i.k.j.r.ClassPreparationMethodBuilder clPrepBuilder: Inner Class detected. Reject building class initialisation methods. 
181233     DEBUG main            d.u.i.k.p.i.AbstractProblemLoader Init config took 3.05s 
181286     INFO  main            d.u.i.k.p.i.AbstractProblemLoader Replaying proof ArrayList.ArrayListIterator[ListIterator::next()].JML normal_behavior operation contract.0 
181288     DEBUG main            d.u.i.k.p.i.IntermediateProofReplayer Proof replay took 4.7ns 
182191     INFO  main            d.u.i.k.p.r.p.TestFile    ... finished proof: closed. 
182443     INFO  main            d.u.i.k.p.i.AbstractProblemLoader Loading environment from /home/runner/work/key/key/key.core/../key.ui/examples/heap/list/ArrayList.ArrayListIterator_next_normal.key.proof 
182444     DEBUG main            d.u.i.k.p.i.AbstractProblemLoader Environment load took 794.21ns 
182445     INFO  main            d.u.i.k.p.i.AbstractProblemLoader Creating init config 
183402     DEBUG main            d.u.i.k.j.r.ClassPreparationMethodBuilder clPrepBuilder: Inner Class detected. Reject building class initialisation methods. 
185418     DEBUG main            d.u.i.k.p.i.AbstractProblemLoader Init config took 2.97s 
185470     INFO  main            d.u.i.k.p.i.AbstractProblemLoader Replaying proof ArrayList.ArrayListIterator[ListIterator::next()].JML normal_behavior operation contract.0 
185628     DEBUG main            d.u.i.k.p.i.IntermediateProofReplayer Proof replay took 154.32ms 
185629     DEBUG main            d.u.i.k.p.r.p.TestFile    ... success: reloaded. 
185630     INFO  main            d.u.i.k.p.r.p.TestFile    Now processing file /home/runner/work/key/key/key.core/../key.ui/examples/heap/list/ArrayList.ArrayListIterator_pos.key 
185630     INFO  main            d.u.i.k.p.i.AbstractProblemLoader Loading environment from /home/runner/work/key/key/key.core/../key.ui/examples/heap/list/ArrayList.ArrayListIterator_pos.key 
185630     DEBUG main            d.u.i.k.p.i.AbstractProblemLoader Environment load took 73.7ns 
185631     INFO  main            d.u.i.k.p.i.AbstractProblemLoader Creating init config 
186619     DEBUG main            d.u.i.k.j.r.ClassPreparationMethodBuilder clPrepBuilder: Inner Class detected. Reject building class initialisation methods. 
188673     DEBUG main            d.u.i.k.p.i.AbstractProblemLoader Init config took 3.04s 
188712     INFO  main            d.u.i.k.p.i.AbstractProblemLoader Replaying proof ListIterator[ListIterator::$pos()].JML accessible clause.0 
188714     DEBUG main            d.u.i.k.p.i.IntermediateProofReplayer Proof replay took 5.2ns 
188820     INFO  main            d.u.i.k.p.r.p.TestFile    ... finished proof: closed. 
189074     INFO  main            d.u.i.k.p.i.AbstractProblemLoader Loading environment from /home/runner/work/key/key/key.core/../key.ui/examples/heap/list/ArrayList.ArrayListIterator_pos.key.proof 
189074     DEBUG main            d.u.i.k.p.i.AbstractProblemLoader Environment load took 109ns 
189075     INFO  main            d.u.i.k.p.i.AbstractProblemLoader Creating init config 
190032     DEBUG main            d.u.i.k.j.r.ClassPreparationMethodBuilder clPrepBuilder: Inner Class detected. Reject building class initialisation methods. 
192036     DEBUG main            d.u.i.k.p.i.AbstractProblemLoader Init config took 2.96s 
192077     INFO  main            d.u.i.k.p.i.AbstractProblemLoader Replaying proof ListIterator[ListIterator::$pos()].JML accessible clause.0 
192079     DEBUG main            d.u.i.k.p.i.IntermediateProofReplayer Proof replay took 885.3ns 
192082     DEBUG main            d.u.i.k.p.r.p.TestFile    ... success: reloaded. 
192084     INFO  main            d.u.i.k.p.r.p.TestFile    Now processing file /home/runner/work/key/key/key.core/../key.ui/examples/heap/list/Client_m.key 
192085     INFO  main            d.u.i.k.p.i.AbstractProblemLoader Loading environment from /home/runner/work/key/key/key.core/../key.ui/examples/heap/list/Client_m.key 
192085     DEBUG main            d.u.i.k.p.i.AbstractProblemLoader Environment load took 243.1ns 
192086     INFO  main            d.u.i.k.p.i.AbstractProblemLoader Creating init config 
193080     DEBUG main            d.u.i.k.j.r.ClassPreparationMethodBuilder clPrepBuilder: Inner Class detected. Reject building class initialisation methods. 
195146     DEBUG main            d.u.i.k.p.i.AbstractProblemLoader Init config took 3.06s 
195185     INFO  main            d.u.i.k.p.i.AbstractProblemLoader Replaying proof Client[Client::m(List)].JML normal_behavior operation contract.0 
195186     DEBUG main            d.u.i.k.p.i.IntermediateProofReplayer Proof replay took 5.6ns 
195489     INFO  main            d.u.i.k.p.r.p.TestFile    ... finished proof: closed. 
195755     INFO  main            d.u.i.k.p.i.AbstractProblemLoader Loading environment from /home/runner/work/key/key/key.core/../key.ui/examples/heap/list/Client_m.key.proof 
195755     DEBUG main            d.u.i.k.p.i.AbstractProblemLoader Environment load took 98.6ns 
195756     INFO  main            d.u.i.k.p.i.AbstractProblemLoader Creating init config 
196720     DEBUG main            d.u.i.k.j.r.ClassPreparationMethodBuilder clPrepBuilder: Inner Class detected. Reject building class initialisation methods. 
198735     DEBUG main            d.u.i.k.p.i.AbstractProblemLoader Init config took 2.98s 
198775     INFO  main            d.u.i.k.p.i.AbstractProblemLoader Replaying proof Client[Client::m(List)].JML normal_behavior operation contract.0 
198830     DEBUG main            d.u.i.k.p.i.IntermediateProofReplayer Proof replay took 52.86ms 
198831     DEBUG main            d.u.i.k.p.r.p.TestFile    ... success: reloaded. 
198832     INFO  main            d.u.i.k.p.r.p.TestFile    Now processing file /home/runner/work/key/key/key.core/../key.ui/examples/heap/list/Client_n.key 
198832     INFO  main            d.u.i.k.p.i.AbstractProblemLoader Loading environment from /home/runner/work/key/key/key.core/../key.ui/examples/heap/list/Client_n.key 
198832     DEBUG main            d.u.i.k.p.i.AbstractProblemLoader Environment load took 80.4ns 
198833     INFO  main            d.u.i.k.p.i.AbstractProblemLoader Creating init config 
199813     DEBUG main            d.u.i.k.j.r.ClassPreparationMethodBuilder clPrepBuilder: Inner Class detected. Reject building class initialisation methods. 
201878     DEBUG main            d.u.i.k.p.i.AbstractProblemLoader Init config took 3.04s 
201917     INFO  main            d.u.i.k.p.i.AbstractProblemLoader Replaying proof Client[Client::n(List)].JML normal_behavior operation contract.0 
201919     DEBUG main            d.u.i.k.p.i.IntermediateProofReplayer Proof replay took 5.6ns 
202020     INFO  main            d.u.i.k.p.r.p.TestFile    ... finished proof: closed. 
202278     INFO  main            d.u.i.k.p.i.AbstractProblemLoader Loading environment from /home/runner/work/key/key/key.core/../key.ui/examples/heap/list/Client_n.key.proof 
202278     DEBUG main            d.u.i.k.p.i.AbstractProblemLoader Environment load took 86.8ns 
202279     INFO  main            d.u.i.k.p.i.AbstractProblemLoader Creating init config 
203238     DEBUG main            d.u.i.k.j.r.ClassPreparationMethodBuilder clPrepBuilder: Inner Class detected. Reject building class initialisation methods. 
205265     DEBUG main            d.u.i.k.p.i.AbstractProblemLoader Init config took 2.99s 
205305     INFO  main            d.u.i.k.p.i.AbstractProblemLoader Replaying proof Client[Client::n(List)].JML normal_behavior operation contract.0 
205324     DEBUG main            d.u.i.k.p.i.IntermediateProofReplayer Proof replay took 16.89ms 
205324     DEBUG main            d.u.i.k.p.r.p.TestFile    ... success: reloaded. 
205325     INFO  main            d.u.i.k.p.r.p.TestFile    Now processing file /home/runner/work/key/key/key.core/../key.ui/examples/heap/list/LinkedList_get_exceptional.key 
205325     INFO  main            d.u.i.k.p.i.AbstractProblemLoader Loading environment from /home/runner/work/key/key/key.core/../key.ui/examples/heap/list/LinkedList_get_exceptional.key 
205326     DEBUG main            d.u.i.k.p.i.AbstractProblemLoader Environment load took 78.2ns 
205326     INFO  main            d.u.i.k.p.i.AbstractProblemLoader Creating init config 
206314     DEBUG main            d.u.i.k.j.r.ClassPreparationMethodBuilder clPrepBuilder: Inner Class detected. Reject building class initialisation methods. 
208379     DEBUG main            d.u.i.k.p.i.AbstractProblemLoader Init config took 3.05s 
208423     INFO  main            d.u.i.k.p.i.AbstractProblemLoader Replaying proof LinkedList[List::get(int)].JML exceptional_behavior operation contract.0 
208425     DEBUG main            d.u.i.k.p.i.IntermediateProofReplayer Proof replay took 5.2ns 
210534     INFO  main            d.u.i.k.p.r.p.TestFile    ... finished proof: closed. 
210822     INFO  main            d.u.i.k.p.i.AbstractProblemLoader Loading environment from /home/runner/work/key/key/key.core/../key.ui/examples/heap/list/LinkedList_get_exceptional.key.proof 
210822     DEBUG main            d.u.i.k.p.i.AbstractProblemLoader Environment load took 453.6ns 
210823     INFO  main            d.u.i.k.p.i.AbstractProblemLoader Creating init config 
211796     DEBUG main            d.u.i.k.j.r.ClassPreparationMethodBuilder clPrepBuilder: Inner Class detected. Reject building class initialisation methods. 
213801     DEBUG main            d.u.i.k.p.i.AbstractProblemLoader Init config took 2.98s 
213846     INFO  main            d.u.i.k.p.i.AbstractProblemLoader Replaying proof LinkedList[List::get(int)].JML exceptional_behavior operation contract.0 
214134     DEBUG main            d.u.i.k.p.i.IntermediateProofReplayer Proof replay took 280.45ms 
214135     DEBUG main            d.u.i.k.p.r.p.TestFile    ... success: reloaded. 
214136     INFO  main            d.u.i.k.p.r.p.TestFile    Now processing file /home/runner/work/key/key/key.core/../key.ui/examples/heap/list/LinkedList_get_normal.key 
214137     INFO  main            d.u.i.k.p.i.AbstractProblemLoader Loading environment from /home/runner/work/key/key/key.core/../key.ui/examples/heap/list/LinkedList_get_normal.key 
214137     DEBUG main            d.u.i.k.p.i.AbstractProblemLoader Environment load took 192ns 
214138     INFO  main            d.u.i.k.p.i.AbstractProblemLoader Creating init config 
215109     DEBUG main            d.u.i.k.j.r.ClassPreparationMethodBuilder clPrepBuilder: Inner Class detected. Reject building class initialisation methods. 
217183     DEBUG main            d.u.i.k.p.i.AbstractProblemLoader Init config took 3.05s 
217229     INFO  main            d.u.i.k.p.i.AbstractProblemLoader Replaying proof LinkedList[List::get(int)].JML normal_behavior operation contract.0 
217230     DEBUG main            d.u.i.k.p.i.IntermediateProofReplayer Proof replay took 5.1ns 
222659     INFO  main            d.u.i.k.p.r.p.TestFile    ... finished proof: closed. 
222962     INFO  main            d.u.i.k.p.i.AbstractProblemLoader Loading environment from /home/runner/work/key/key/key.core/../key.ui/examples/heap/list/LinkedList_get_normal.key.proof 
222962     DEBUG main            d.u.i.k.p.i.AbstractProblemLoader Environment load took 387.7ns 
222964     INFO  main            d.u.i.k.p.i.AbstractProblemLoader Creating init config 
223939     DEBUG main            d.u.i.k.j.r.ClassPreparationMethodBuilder clPrepBuilder: Inner Class detected. Reject building class initialisation methods. 
225967     DEBUG main            d.u.i.k.p.i.AbstractProblemLoader Init config took 3s 
226014     INFO  main            d.u.i.k.p.i.AbstractProblemLoader Replaying proof LinkedList[List::get(int)].JML normal_behavior operation contract.0 
226427     DEBUG main            d.u.i.k.p.i.IntermediateProofReplayer Proof replay took 394.81ms 
226429     DEBUG main            d.u.i.k.p.r.p.TestFile    ... success: reloaded. 
226429     INFO  main            d.u.i.k.p.r.p.TestFile    Now processing file /home/runner/work/key/key/key.core/../key.ui/examples/heap/list/LinkedList_LinkedList.key 
226430     INFO  main            d.u.i.k.p.i.AbstractProblemLoader Loading environment from /home/runner/work/key/key/key.core/../key.ui/examples/heap/list/LinkedList_LinkedList.key 
226430     DEBUG main            d.u.i.k.p.i.AbstractProblemLoader Environment load took 49.3ns 
226430     INFO  main            d.u.i.k.p.i.AbstractProblemLoader Creating init config 
227416     DEBUG main            d.u.i.k.j.r.ClassPreparationMethodBuilder clPrepBuilder: Inner Class detected. Reject building class initialisation methods. 
229478     DEBUG main            d.u.i.k.p.i.AbstractProblemLoader Init config took 3.05s 
229522     INFO  main            d.u.i.k.p.i.AbstractProblemLoader Replaying proof LinkedList[LinkedList::LinkedList()].JML normal_behavior operation contract.0 
229524     DEBUG main            d.u.i.k.p.i.IntermediateProofReplayer Proof replay took 5.2ns 
230026     INFO  main            d.u.i.k.p.r.p.TestFile    ... finished proof: closed. 
230309     INFO  main            d.u.i.k.p.i.AbstractProblemLoader Loading environment from /home/runner/work/key/key/key.core/../key.ui/examples/heap/list/LinkedList_LinkedList.key.proof 
230309     DEBUG main            d.u.i.k.p.i.AbstractProblemLoader Environment load took 94.3ns 
230310     INFO  main            d.u.i.k.p.i.AbstractProblemLoader Creating init config 
231270     DEBUG main            d.u.i.k.j.r.ClassPreparationMethodBuilder clPrepBuilder: Inner Class detected. Reject building class initialisation methods. 
233268     DEBUG main            d.u.i.k.p.i.AbstractProblemLoader Init config took 2.96s 
233322     INFO  main            d.u.i.k.p.i.AbstractProblemLoader Replaying proof LinkedList[LinkedList::LinkedList()].JML normal_behavior operation contract.0 
233411     DEBUG main            d.u.i.k.p.i.IntermediateProofReplayer Proof replay took 85.13ms 
233412     DEBUG main            d.u.i.k.p.r.p.TestFile    ... success: reloaded. 
233413     INFO  main            d.u.i.k.p.r.p.TestFile    Now processing file /home/runner/work/key/key/key.core/../key.ui/examples/heap/list/LinkedList_size_dep.key 
233414     INFO  main            d.u.i.k.p.i.AbstractProblemLoader Loading environment from /home/runner/work/key/key/key.core/../key.ui/examples/heap/list/LinkedList_size_dep.key 
233414     DEBUG main            d.u.i.k.p.i.AbstractProblemLoader Environment load took 180.1ns 
233415     INFO  main            d.u.i.k.p.i.AbstractProblemLoader Creating init config 
234396     DEBUG main            d.u.i.k.j.r.ClassPreparationMethodBuilder clPrepBuilder: Inner Class detected. Reject building class initialisation methods. 
236442     DEBUG main            d.u.i.k.p.i.AbstractProblemLoader Init config took 3.03s 
236486     INFO  main            d.u.i.k.p.i.AbstractProblemLoader Replaying proof LinkedList[List::size()].JML accessible clause.0 
236487     DEBUG main            d.u.i.k.p.i.IntermediateProofReplayer Proof replay took 5.9ns 
236991     INFO  main            d.u.i.k.p.r.p.TestFile    ... finished proof: closed. 
237283     INFO  main            d.u.i.k.p.i.AbstractProblemLoader Loading environment from /home/runner/work/key/key/key.core/../key.ui/examples/heap/list/LinkedList_size_dep.key.proof 
237283     DEBUG main            d.u.i.k.p.i.AbstractProblemLoader Environment load took 96.1ns 
237284     INFO  main            d.u.i.k.p.i.AbstractProblemLoader Creating init config 
238241     DEBUG main            d.u.i.k.j.r.ClassPreparationMethodBuilder clPrepBuilder: Inner Class detected. Reject building class initialisation methods. 
240239     DEBUG main            d.u.i.k.p.i.AbstractProblemLoader Init config took 2.96s 
240292     INFO  main            d.u.i.k.p.i.AbstractProblemLoader Replaying proof LinkedList[List::size()].JML accessible clause.0 
240336     DEBUG main            d.u.i.k.p.i.IntermediateProofReplayer Proof replay took 41.43ms 
240337     DEBUG main            d.u.i.k.p.r.p.TestFile    ... success: reloaded. 
240338     INFO  main            d.u.i.k.p.r.p.TestFile    Now processing file /home/runner/work/key/key/key.core/../key.ui/examples/heap/list/LinkedList_size.key 
240338     INFO  main            d.u.i.k.p.i.AbstractProblemLoader Loading environment from /home/runner/work/key/key/key.core/../key.ui/examples/heap/list/LinkedList_size.key 
240338     DEBUG main            d.u.i.k.p.i.AbstractProblemLoader Environment load took 262.1ns 
240339     INFO  main            d.u.i.k.p.i.AbstractProblemLoader Creating init config 
241308     DEBUG main            d.u.i.k.j.r.ClassPreparationMethodBuilder clPrepBuilder: Inner Class detected. Reject building class initialisation methods. 
243357     DEBUG main            d.u.i.k.p.i.AbstractProblemLoader Init config took 3.02s 
243403     INFO  main            d.u.i.k.p.i.AbstractProblemLoader Replaying proof LinkedList[List::size()].JML normal_behavior operation contract.0 
243405     DEBUG main            d.u.i.k.p.i.IntermediateProofReplayer Proof replay took 5.2ns 
243907     INFO  main            d.u.i.k.p.r.p.TestFile    ... finished proof: closed. 
244193     INFO  main            d.u.i.k.p.i.AbstractProblemLoader Loading environment from /home/runner/work/key/key/key.core/../key.ui/examples/heap/list/LinkedList_size.key.proof 
244193     DEBUG main            d.u.i.k.p.i.AbstractProblemLoader Environment load took 120.1ns 
244194     INFO  main            d.u.i.k.p.i.AbstractProblemLoader Creating init config 
245157     DEBUG main            d.u.i.k.j.r.ClassPreparationMethodBuilder clPrepBuilder: Inner Class detected. Reject building class initialisation methods. 
247166     DEBUG main            d.u.i.k.p.i.AbstractProblemLoader Init config took 2.97s 
247210     INFO  main            d.u.i.k.p.i.AbstractProblemLoader Replaying proof LinkedList[List::size()].JML normal_behavior operation contract.0 
247250     DEBUG main            d.u.i.k.p.i.IntermediateProofReplayer Proof replay took 37.25ms 
247252     DEBUG main            d.u.i.k.p.r.p.TestFile    ... success: reloaded. 
247252     INFO  main            d.u.i.k.p.r.p.TestFile    Now processing file /home/runner/work/key/key/key.core/../key.ui/examples/heap/list/MySet_footprint.key 
247253     INFO  main            d.u.i.k.p.i.AbstractProblemLoader Loading environment from /home/runner/work/key/key/key.core/../key.ui/examples/heap/list/MySet_footprint.key 
247253     DEBUG main            d.u.i.k.p.i.AbstractProblemLoader Environment load took 47.2ns 
247253     INFO  main            d.u.i.k.p.i.AbstractProblemLoader Creating init config 
248224     DEBUG main            d.u.i.k.j.r.ClassPreparationMethodBuilder clPrepBuilder: Inner Class detected. Reject building class initialisation methods. 
250278     DEBUG main            d.u.i.k.p.i.AbstractProblemLoader Init config took 3.02s 
250325     INFO  main            d.u.i.k.p.i.AbstractProblemLoader Replaying proof MySet[MySet::$footprint()].JML accessible clause.0 
250326     DEBUG main            d.u.i.k.p.i.IntermediateProofReplayer Proof replay took 6ns 
250628     INFO  main            d.u.i.k.p.r.p.TestFile    ... finished proof: closed. 
250984     INFO  main            d.u.i.k.p.i.AbstractProblemLoader Loading environment from /home/runner/work/key/key/key.core/../key.ui/examples/heap/list/MySet_footprint.key.proof 
250984     DEBUG main            d.u.i.k.p.i.AbstractProblemLoader Environment load took 86.3ns 
250985     INFO  main            d.u.i.k.p.i.AbstractProblemLoader Creating init config 
251943     DEBUG main            d.u.i.k.j.r.ClassPreparationMethodBuilder clPrepBuilder: Inner Class detected. Reject building class initialisation methods. 
253945     DEBUG main            d.u.i.k.p.i.AbstractProblemLoader Init config took 2.96s 
253992     INFO  main            d.u.i.k.p.i.AbstractProblemLoader Replaying proof MySet[MySet::$footprint()].JML accessible clause.0 
254022     DEBUG main            d.u.i.k.p.i.IntermediateProofReplayer Proof replay took 27.35ms 
254023     DEBUG main            d.u.i.k.p.r.p.TestFile    ... success: reloaded. 
254023     INFO  main            d.u.i.k.p.r.p.TestFile    Now processing file /home/runner/work/key/key/key.core/../key.ui/examples/heap/list/MySet_MySet.key 
254024     INFO  main            d.u.i.k.p.i.AbstractProblemLoader Loading environment from /home/runner/work/key/key/key.core/../key.ui/examples/heap/list/MySet_MySet.key 
254024     DEBUG main            d.u.i.k.p.i.AbstractProblemLoader Environment load took 80.2ns 
254024     INFO  main            d.u.i.k.p.i.AbstractProblemLoader Creating init config 
254992     DEBUG main            d.u.i.k.j.r.ClassPreparationMethodBuilder clPrepBuilder: Inner Class detected. Reject building class initialisation methods. 
257038     DEBUG main            d.u.i.k.p.i.AbstractProblemLoader Init config took 3.01s 
257085     INFO  main            d.u.i.k.p.i.AbstractProblemLoader Replaying proof MySet[MySet::MySet()].JML normal_behavior operation contract.0 
257088     DEBUG main            d.u.i.k.p.i.IntermediateProofReplayer Proof replay took 5.8ns 
259417     INFO  main            d.u.i.k.p.r.p.TestFile    ... finished proof: closed. 
259741     INFO  main            d.u.i.k.p.i.AbstractProblemLoader Loading environment from /home/runner/work/key/key/key.core/../key.ui/examples/heap/list/MySet_MySet.key.proof 
259741     DEBUG main            d.u.i.k.p.i.AbstractProblemLoader Environment load took 92.6ns 
259742     INFO  main            d.u.i.k.p.i.AbstractProblemLoader Creating init config 
260700     DEBUG main            d.u.i.k.j.r.ClassPreparationMethodBuilder clPrepBuilder: Inner Class detected. Reject building class initialisation methods. 
262706     DEBUG main            d.u.i.k.p.i.AbstractProblemLoader Init config took 2.96s 
262754     INFO  main            d.u.i.k.p.i.AbstractProblemLoader Replaying proof MySet[MySet::MySet()].JML normal_behavior operation contract.0 
263084     DEBUG main            d.u.i.k.p.i.IntermediateProofReplayer Proof replay took 319.9ms 
263086     DEBUG main            d.u.i.k.p.r.p.TestFile    ... success: reloaded. 
1085028    INFO  Test worker     d.u.i.k.p.r.RunAllProofsTestUnit Returning from test list 
1085030    INFO  Test worker     d.u.i.k.p.r.RunAllProofsTestUnit Running test list_ghost 
373        INFO  Timeout watchdog d.u.i.k.p.r.p.ForkedTestFileRunner Timeout watcher launched (2000 secs.) 
388        WARN  main            d.u.i.k.s.ProofSettings   The settings in /home/runner/.key/proof-settings.props are *not* read. 
434        INFO  main            d.u.i.k.p.r.p.TestFile    Now processing file /home/runner/work/key/key/key.core/../key.ui/examples/heap/list_ghost/ArrayList_add.key 
544        INFO  main            d.u.i.k.p.i.AbstractProblemLoader Loading environment from /home/runner/work/key/key/key.core/../key.ui/examples/heap/list_ghost/ArrayList_add.key 
559        DEBUG main            d.u.i.k.p.i.AbstractProblemLoader Environment load took 1.76ms 
760        INFO  main            d.u.i.k.p.i.AbstractProblemLoader Creating init config 
1655       DEBUG main            d.u.i.k.j.TypeConverter   No LDT found for Meta 
1656       DEBUG main            d.u.i.k.j.TypeConverter   No LDT found for Meta 
1658       DEBUG main            d.u.i.k.j.TypeConverter   No LDT found for Meta 
1658       DEBUG main            d.u.i.k.j.TypeConverter   No LDT found for Meta 
2937       DEBUG main            d.u.i.k.j.TypeConverter   No LDT found for JavaBigintExpression 
7857       DEBUG main            d.u.i.k.p.i.AbstractProblemLoader Init config took 7.1s 
7982       INFO  main            d.u.i.k.p.i.AbstractProblemLoader Replaying proof ArrayList[List::add(java.lang.Object)].JML normal_behavior operation contract.0 
8010       DEBUG main            d.u.i.k.p.i.IntermediateProofReplayer Proof replay took 27.6ns 
13044      INFO  main            d.u.i.k.p.r.p.TestFile    ... finished proof: closed. 
13207      INFO  main            d.u.i.k.p.i.AbstractProblemLoader Loading environment from /home/runner/work/key/key/key.core/../key.ui/examples/heap/list_ghost/ArrayList_add.key.proof 
13212      DEBUG main            d.u.i.k.p.i.AbstractProblemLoader Environment load took 5.08ms 
13215      INFO  main            d.u.i.k.p.i.AbstractProblemLoader Creating init config 
15924      DEBUG main            d.u.i.k.p.i.AbstractProblemLoader Init config took 2.71s 
15988      INFO  main            d.u.i.k.p.i.AbstractProblemLoader Replaying proof ArrayList[List::add(java.lang.Object)].JML normal_behavior operation contract.0 
16775      DEBUG main            d.u.i.k.p.i.IntermediateProofReplayer Proof replay took 765.05ms 
16785      DEBUG main            d.u.i.k.p.r.p.TestFile    ... success: reloaded. 
16787      INFO  main            d.u.i.k.p.r.p.TestFile    Now processing file /home/runner/work/key/key/key.core/../key.ui/examples/heap/list_ghost/ArrayList_ArrayList.key 
16788      INFO  main            d.u.i.k.p.i.AbstractProblemLoader Loading environment from /home/runner/work/key/key/key.core/../key.ui/examples/heap/list_ghost/ArrayList_ArrayList.key 
16788      DEBUG main            d.u.i.k.p.i.AbstractProblemLoader Environment load took 255.4ns 
16792      INFO  main            d.u.i.k.p.i.AbstractProblemLoader Creating init config 
19455      DEBUG main            d.u.i.k.p.i.AbstractProblemLoader Init config took 2.66s 
19512      INFO  main            d.u.i.k.p.i.AbstractProblemLoader Replaying proof ArrayList[ArrayList::ArrayList()].JML normal_behavior operation contract.0 
19515      DEBUG main            d.u.i.k.p.i.IntermediateProofReplayer Proof replay took 5.6ns 
20520      INFO  main            d.u.i.k.p.r.p.TestFile    ... finished proof: closed. 
20658      INFO  main            d.u.i.k.p.i.AbstractProblemLoader Loading environment from /home/runner/work/key/key/key.core/../key.ui/examples/heap/list_ghost/ArrayList_ArrayList.key.proof 
20659      DEBUG main            d.u.i.k.p.i.AbstractProblemLoader Environment load took 1.04ms 
20660      INFO  main            d.u.i.k.p.i.AbstractProblemLoader Creating init config 
23205      DEBUG main            d.u.i.k.p.i.AbstractProblemLoader Init config took 2.54s 
23255      INFO  main            d.u.i.k.p.i.AbstractProblemLoader Replaying proof ArrayList[ArrayList::ArrayList()].JML normal_behavior operation contract.0 
23429      DEBUG main            d.u.i.k.p.i.IntermediateProofReplayer Proof replay took 166.16ms 
23430      DEBUG main            d.u.i.k.p.r.p.TestFile    ... success: reloaded. 
23431      INFO  main            d.u.i.k.p.r.p.TestFile    Now processing file /home/runner/work/key/key/key.core/../key.ui/examples/heap/list_ghost/ArrayList_enlarge.key 
23432      INFO  main            d.u.i.k.p.i.AbstractProblemLoader Loading environment from /home/runner/work/key/key/key.core/../key.ui/examples/heap/list_ghost/ArrayList_enlarge.key 
23432      DEBUG main            d.u.i.k.p.i.AbstractProblemLoader Environment load took 235.8ns 
23433      INFO  main            d.u.i.k.p.i.AbstractProblemLoader Creating init config 
25934      DEBUG main            d.u.i.k.p.i.AbstractProblemLoader Init config took 2.5s 
25980      INFO  main            d.u.i.k.p.i.AbstractProblemLoader Replaying proof ArrayList[ArrayList::enlarge()].JML normal_behavior operation contract.0 
25982      DEBUG main            d.u.i.k.p.i.IntermediateProofReplayer Proof replay took 4.4ns 
27992      INFO  main            d.u.i.k.p.r.p.TestFile    ... finished proof: closed. 
28158      INFO  main            d.u.i.k.p.i.AbstractProblemLoader Loading environment from /home/runner/work/key/key/key.core/../key.ui/examples/heap/list_ghost/ArrayList_enlarge.key.proof 
28159      DEBUG main            d.u.i.k.p.i.AbstractProblemLoader Environment load took 434.2ns 
28160      INFO  main            d.u.i.k.p.i.AbstractProblemLoader Creating init config 
30624      DEBUG main            d.u.i.k.p.i.AbstractProblemLoader Init config took 2.46s 
30668      INFO  main            d.u.i.k.p.i.AbstractProblemLoader Replaying proof ArrayList[ArrayList::enlarge()].JML normal_behavior operation contract.0 
31060      DEBUG main            d.u.i.k.p.i.IntermediateProofReplayer Proof replay took 381.81ms 
31061      DEBUG main            d.u.i.k.p.r.p.TestFile    ... success: reloaded. 
31063      INFO  main            d.u.i.k.p.r.p.TestFile    Now processing file /home/runner/work/key/key/key.core/../key.ui/examples/heap/list_ghost/ArrayList_get_dep.key 
31063      INFO  main            d.u.i.k.p.i.AbstractProblemLoader Loading environment from /home/runner/work/key/key/key.core/../key.ui/examples/heap/list_ghost/ArrayList_get_dep.key 
31063      DEBUG main            d.u.i.k.p.i.AbstractProblemLoader Environment load took 208.5ns 
31064      INFO  main            d.u.i.k.p.i.AbstractProblemLoader Creating init config 
33584      DEBUG main            d.u.i.k.p.i.AbstractProblemLoader Init config took 2.52s 
33630      INFO  main            d.u.i.k.p.i.AbstractProblemLoader Replaying proof ArrayList[List::get(int)].JML accessible clause.0 
33632      DEBUG main            d.u.i.k.p.i.IntermediateProofReplayer Proof replay took 5ns 
33935      INFO  main            d.u.i.k.p.r.p.TestFile    ... finished proof: closed. 
34148      INFO  main            d.u.i.k.p.i.AbstractProblemLoader Loading environment from /home/runner/work/key/key/key.core/../key.ui/examples/heap/list_ghost/ArrayList_get_dep.key.proof 
34148      DEBUG main            d.u.i.k.p.i.AbstractProblemLoader Environment load took 112.9ns 
34149      INFO  main            d.u.i.k.p.i.AbstractProblemLoader Creating init config 
36590      DEBUG main            d.u.i.k.p.i.AbstractProblemLoader Init config took 2.44s 
36633      INFO  main            d.u.i.k.p.i.AbstractProblemLoader Replaying proof ArrayList[List::get(int)].JML accessible clause.0 
36692      DEBUG main            d.u.i.k.p.i.IntermediateProofReplayer Proof replay took 55.8ms 
36693      DEBUG main            d.u.i.k.p.r.p.TestFile    ... success: reloaded. 
36694      INFO  main            d.u.i.k.p.r.p.TestFile    Now processing file /home/runner/work/key/key/key.core/../key.ui/examples/heap/list_ghost/ArrayList_get_exceptional.key 
36694      INFO  main            d.u.i.k.p.i.AbstractProblemLoader Loading environment from /home/runner/work/key/key/key.core/../key.ui/examples/heap/list_ghost/ArrayList_get_exceptional.key 
36695      DEBUG main            d.u.i.k.p.i.AbstractProblemLoader Environment load took 127.1ns 
36695      INFO  main            d.u.i.k.p.i.AbstractProblemLoader Creating init config 
39191      DEBUG main            d.u.i.k.p.i.AbstractProblemLoader Init config took 2.5s 
39234      INFO  main            d.u.i.k.p.i.AbstractProblemLoader Replaying proof ArrayList[List::get(int)].JML exceptional_behavior operation contract.0 
39235      DEBUG main            d.u.i.k.p.i.IntermediateProofReplayer Proof replay took 4.9ns 
39943      INFO  main            d.u.i.k.p.r.p.TestFile    ... finished proof: closed. 
40115      INFO  main            d.u.i.k.p.i.AbstractProblemLoader Loading environment from /home/runner/work/key/key/key.core/../key.ui/examples/heap/list_ghost/ArrayList_get_exceptional.key.proof 
40117      DEBUG main            d.u.i.k.p.i.AbstractProblemLoader Environment load took 1.72ms 
40118      INFO  main            d.u.i.k.p.i.AbstractProblemLoader Creating init config 
42510      DEBUG main            d.u.i.k.p.i.AbstractProblemLoader Init config took 2.39s 
42551      INFO  main            d.u.i.k.p.i.AbstractProblemLoader Replaying proof ArrayList[List::get(int)].JML exceptional_behavior operation contract.0 
42691      DEBUG main            d.u.i.k.p.i.IntermediateProofReplayer Proof replay took 133.42ms 
42692      DEBUG main            d.u.i.k.p.r.p.TestFile    ... success: reloaded. 
42693      INFO  main            d.u.i.k.p.r.p.TestFile    Now processing file /home/runner/work/key/key/key.core/../key.ui/examples/heap/list_ghost/ArrayList_get_normal.key 
42693      INFO  main            d.u.i.k.p.i.AbstractProblemLoader Loading environment from /home/runner/work/key/key/key.core/../key.ui/examples/heap/list_ghost/ArrayList_get_normal.key 
42693      DEBUG main            d.u.i.k.p.i.AbstractProblemLoader Environment load took 222.7ns 
42694      INFO  main            d.u.i.k.p.i.AbstractProblemLoader Creating init config 
45192      DEBUG main            d.u.i.k.p.i.AbstractProblemLoader Init config took 2.5s 
45239      INFO  main            d.u.i.k.p.i.AbstractProblemLoader Replaying proof ArrayList[List::get(int)].JML normal_behavior operation contract.0 
45241      DEBUG main            d.u.i.k.p.i.IntermediateProofReplayer Proof replay took 6ns 
45443      INFO  main            d.u.i.k.p.r.p.TestFile    ... finished proof: closed. 
45600      INFO  main            d.u.i.k.p.i.AbstractProblemLoader Loading environment from /home/runner/work/key/key/key.core/../key.ui/examples/heap/list_ghost/ArrayList_get_normal.key.proof 
45600      DEBUG main            d.u.i.k.p.i.AbstractProblemLoader Environment load took 110.5ns 
45602      INFO  main            d.u.i.k.p.i.AbstractProblemLoader Creating init config 
48004      DEBUG main            d.u.i.k.p.i.AbstractProblemLoader Init config took 2.4s 
48060      INFO  main            d.u.i.k.p.i.AbstractProblemLoader Replaying proof ArrayList[List::get(int)].JML normal_behavior operation contract.0 
48115      DEBUG main            d.u.i.k.p.i.IntermediateProofReplayer Proof replay took 47.05ms 
48116      DEBUG main            d.u.i.k.p.r.p.TestFile    ... success: reloaded. 
48118      INFO  main            d.u.i.k.p.r.p.TestFile    Now processing file /home/runner/work/key/key/key.core/../key.ui/examples/heap/list_ghost/ArrayList_inv.key 
48118      INFO  main            d.u.i.k.p.i.AbstractProblemLoader Loading environment from /home/runner/work/key/key/key.core/../key.ui/examples/heap/list_ghost/ArrayList_inv.key 
48118      DEBUG main            d.u.i.k.p.i.AbstractProblemLoader Environment load took 223ns 
48119      INFO  main            d.u.i.k.p.i.AbstractProblemLoader Creating init config 
50561      DEBUG main            d.u.i.k.p.i.AbstractProblemLoader Init config took 2.44s 
50600      INFO  main            d.u.i.k.p.i.AbstractProblemLoader Replaying proof ArrayList[java.lang.Object::<inv>()].JML accessible clause.0 
50602      DEBUG main            d.u.i.k.p.i.IntermediateProofReplayer Proof replay took 5.3ns 
50705      INFO  main            d.u.i.k.p.r.p.TestFile    ... finished proof: closed. 
50859      INFO  main            d.u.i.k.p.i.AbstractProblemLoader Loading environment from /home/runner/work/key/key/key.core/../key.ui/examples/heap/list_ghost/ArrayList_inv.key.proof 
50859      DEBUG main            d.u.i.k.p.i.AbstractProblemLoader Environment load took 105.2ns 
50861      INFO  main            d.u.i.k.p.i.AbstractProblemLoader Creating init config 
53256      DEBUG main            d.u.i.k.p.i.AbstractProblemLoader Init config took 2.4s 
53295      INFO  main            d.u.i.k.p.i.AbstractProblemLoader Replaying proof ArrayList[java.lang.Object::<inv>()].JML accessible clause.0 
53306      DEBUG main            d.u.i.k.p.i.IntermediateProofReplayer Proof replay took 8.69ms 
53307      DEBUG main            d.u.i.k.p.r.p.TestFile    ... success: reloaded. 
53308      INFO  main            d.u.i.k.p.r.p.TestFile    Now processing file /home/runner/work/key/key/key.core/../key.ui/examples/heap/list_ghost/ArrayList_size_dep.key 
53308      INFO  main            d.u.i.k.p.i.AbstractProblemLoader Loading environment from /home/runner/work/key/key/key.core/../key.ui/examples/heap/list_ghost/ArrayList_size_dep.key 
53308      DEBUG main            d.u.i.k.p.i.AbstractProblemLoader Environment load took 106.2ns 
53309      INFO  main            d.u.i.k.p.i.AbstractProblemLoader Creating init config 
55727      DEBUG main            d.u.i.k.p.i.AbstractProblemLoader Init config took 2.42s 
55765      INFO  main            d.u.i.k.p.i.AbstractProblemLoader Replaying proof ArrayList[List::size()].JML accessible clause.0 
55766      DEBUG main            d.u.i.k.p.i.IntermediateProofReplayer Proof replay took 14.1ns 
55873      INFO  main            d.u.i.k.p.r.p.TestFile    ... finished proof: closed. 
56066      INFO  main            d.u.i.k.p.i.AbstractProblemLoader Loading environment from /home/runner/work/key/key/key.core/../key.ui/examples/heap/list_ghost/ArrayList_size_dep.key.proof 
56066      DEBUG main            d.u.i.k.p.i.AbstractProblemLoader Environment load took 117.8ns 
56067      INFO  main            d.u.i.k.p.i.AbstractProblemLoader Creating init config 
58435      DEBUG main            d.u.i.k.p.i.AbstractProblemLoader Init config took 2.37s 
58473      INFO  main            d.u.i.k.p.i.AbstractProblemLoader Replaying proof ArrayList[List::size()].JML accessible clause.0 
58487      DEBUG main            d.u.i.k.p.i.IntermediateProofReplayer Proof replay took 11.43ms 
58487      DEBUG main            d.u.i.k.p.r.p.TestFile    ... success: reloaded. 
58488      INFO  main            d.u.i.k.p.r.p.TestFile    Now processing file /home/runner/work/key/key/key.core/../key.ui/examples/heap/list_ghost/ArrayList_size.key 
58489      INFO  main            d.u.i.k.p.i.AbstractProblemLoader Loading environment from /home/runner/work/key/key/key.core/../key.ui/examples/heap/list_ghost/ArrayList_size.key 
58489      DEBUG main            d.u.i.k.p.i.AbstractProblemLoader Environment load took 72.1ns 
58489      INFO  main            d.u.i.k.p.i.AbstractProblemLoader Creating init config 
60918      DEBUG main            d.u.i.k.p.i.AbstractProblemLoader Init config took 2.43s 
60960      INFO  main            d.u.i.k.p.i.AbstractProblemLoader Replaying proof ArrayList[List::size()].JML normal_behavior operation contract.0 
60962      DEBUG main            d.u.i.k.p.i.IntermediateProofReplayer Proof replay took 5.5ns 
61065      INFO  main            d.u.i.k.p.r.p.TestFile    ... finished proof: closed. 
61227      INFO  main            d.u.i.k.p.i.AbstractProblemLoader Loading environment from /home/runner/work/key/key/key.core/../key.ui/examples/heap/list_ghost/ArrayList_size.key.proof 
61227      DEBUG main            d.u.i.k.p.i.AbstractProblemLoader Environment load took 101.9ns 
61228      INFO  main            d.u.i.k.p.i.AbstractProblemLoader Creating init config 
63595      DEBUG main            d.u.i.k.p.i.AbstractProblemLoader Init config took 2.37s 
63633      INFO  main            d.u.i.k.p.i.AbstractProblemLoader Replaying proof ArrayList[List::size()].JML normal_behavior operation contract.0 
63647      DEBUG main            d.u.i.k.p.i.IntermediateProofReplayer Proof replay took 12.47ms 
63648      DEBUG main            d.u.i.k.p.r.p.TestFile    ... success: reloaded. 
1148858    INFO  Test worker     d.u.i.k.p.r.RunAllProofsTestUnit Returning from test list_ghost 
1148859    INFO  Test worker     d.u.i.k.p.r.RunAllProofsTestUnit Running test list_recursive 
314        INFO  Timeout watchdog d.u.i.k.p.r.p.ForkedTestFileRunner Timeout watcher launched (2000 secs.) 
329        WARN  main            d.u.i.k.s.ProofSettings   The settings in /home/runner/.key/proof-settings.props are *not* read. 
359        INFO  main            d.u.i.k.p.r.p.TestFile    Now processing file /home/runner/work/key/key/key.core/../key.ui/examples/heap/list_recursiveSpec/ListOperationsNonNull_getNextNN_normal_behavior.key 
500        INFO  main            d.u.i.k.p.i.AbstractProblemLoader Loading environment from /home/runner/work/key/key/key.core/../key.ui/examples/heap/list_recursiveSpec/ListOperationsNonNull_getNextNN_normal_behavior.key 
515        DEBUG main            d.u.i.k.p.i.AbstractProblemLoader Environment load took 1.83ms 
720        INFO  main            d.u.i.k.p.i.AbstractProblemLoader Creating init config 
1588       DEBUG main            d.u.i.k.j.TypeConverter   No LDT found for Meta 
1589       DEBUG main            d.u.i.k.j.TypeConverter   No LDT found for Meta 
1591       DEBUG main            d.u.i.k.j.TypeConverter   No LDT found for Meta 
1591       DEBUG main            d.u.i.k.j.TypeConverter   No LDT found for Meta 
3172       DEBUG main            d.u.i.k.j.TypeConverter   No LDT found for JavaBigintExpression 
8158       DEBUG main            d.u.i.k.p.i.AbstractProblemLoader Init config took 7.44s 
8377       INFO  main            d.u.i.k.p.i.AbstractProblemLoader Replaying proof ListOperationsNonNull[ListOperationsNonNull::getNextNN(ListNN,int)].JML normal_behavior operation contract.0 
8407       DEBUG main            d.u.i.k.p.i.IntermediateProofReplayer Proof replay took 29.7ns 
9646       INFO  main            d.u.i.k.p.r.p.TestFile    ... finished proof: closed. 
9788       INFO  main            d.u.i.k.p.i.AbstractProblemLoader Loading environment from /home/runner/work/key/key/key.core/../key.ui/examples/heap/list_recursiveSpec/ListOperationsNonNull_getNextNN_normal_behavior.key.proof 
9789       DEBUG main            d.u.i.k.p.i.AbstractProblemLoader Environment load took 440.2ns 
9794       INFO  main            d.u.i.k.p.i.AbstractProblemLoader Creating init config 
12652      DEBUG main            d.u.i.k.p.i.AbstractProblemLoader Init config took 2.86s 
12740      INFO  main            d.u.i.k.p.i.AbstractProblemLoader Replaying proof ListOperationsNonNull[ListOperationsNonNull::getNextNN(ListNN,int)].JML normal_behavior operation contract.0 
12951      DEBUG main            d.u.i.k.p.i.IntermediateProofReplayer Proof replay took 203.41ms 
12957      DEBUG main            d.u.i.k.p.r.p.TestFile    ... success: reloaded. 
12959      INFO  main            d.u.i.k.p.r.p.TestFile    Now processing file /home/runner/work/key/key/key.core/../key.ui/examples/heap/list_recursiveSpec/ListOperationsNonNull_setValueAt_normal_behavior.key 
12959      INFO  main            d.u.i.k.p.i.AbstractProblemLoader Loading environment from /home/runner/work/key/key/key.core/../key.ui/examples/heap/list_recursiveSpec/ListOperationsNonNull_setValueAt_normal_behavior.key 
12959      DEBUG main            d.u.i.k.p.i.AbstractProblemLoader Environment load took 214.9ns 
12961      INFO  main            d.u.i.k.p.i.AbstractProblemLoader Creating init config 
15676      DEBUG main            d.u.i.k.p.i.AbstractProblemLoader Init config took 2.71s 
15737      INFO  main            d.u.i.k.p.i.AbstractProblemLoader Replaying proof ListOperationsNonNull[ListOperationsNonNull::setValueAt_NN(ListNN,int,int)].JML normal_behavior operation contract.0 
15740      DEBUG main            d.u.i.k.p.i.IntermediateProofReplayer Proof replay took 4.8ns 
15763      DEBUG main            d.u.i.k.m.s.ProofScriptEngine 1: 'macro autopilot' 
18129      DEBUG main            d.u.i.k.m.s.ProofScriptEngine 2: 'macro simp-upd' 
18137      DEBUG main            d.u.i.k.m.s.ProofScriptEngine 3: 'rule observerDependencyEQ' 
18159      DEBUG main            d.u.i.k.m.s.ProofScriptEngine 4: 'tryclose' 
18184      INFO  main            d.u.i.k.p.r.p.TestFile    ... finished proof: closed. 
18354      INFO  main            d.u.i.k.p.i.AbstractProblemLoader Loading environment from /home/runner/work/key/key/key.core/../key.ui/examples/heap/list_recursiveSpec/ListOperationsNonNull_setValueAt_normal_behavior.key.proof 
18355      DEBUG main            d.u.i.k.p.i.AbstractProblemLoader Environment load took 1.34ms 
18356      INFO  main            d.u.i.k.p.i.AbstractProblemLoader Creating init config 
20970      DEBUG main            d.u.i.k.p.i.AbstractProblemLoader Init config took 2.61s 
21025      INFO  main            d.u.i.k.p.i.AbstractProblemLoader Replaying proof ListOperationsNonNull[ListOperationsNonNull::setValueAt_NN(ListNN,int,int)].JML normal_behavior operation contract.0 
21155      DEBUG main            d.u.i.k.p.i.IntermediateProofReplayer Proof replay took 124.63ms 
21157      DEBUG main            d.u.i.k.p.r.p.TestFile    ... success: reloaded. 
1170169    INFO  Test worker     d.u.i.k.p.r.RunAllProofsTestUnit Returning from test list_recursive 
1170170    INFO  Test worker     d.u.i.k.p.r.RunAllProofsTestUnit Running test list_seq 
330        INFO  Timeout watchdog d.u.i.k.p.r.p.ForkedTestFileRunner Timeout watcher launched (2000 secs.) 
330        WARN  main            d.u.i.k.s.ProofSettings   The settings in /home/runner/.key/proof-settings.props are *not* read. 
376        INFO  main            d.u.i.k.p.r.p.TestFile    Now processing file /home/runner/work/key/key/key.core/../key.ui/examples/heap/list_seq/SimplifiedLinkedList.remove.key 
495        INFO  main            d.u.i.k.p.i.AbstractProblemLoader Loading environment from /home/runner/work/key/key/key.core/../key.ui/examples/heap/list_seq/SimplifiedLinkedList.remove.key 
510        DEBUG main            d.u.i.k.p.i.AbstractProblemLoader Environment load took 1.81ms 
716        INFO  main            d.u.i.k.p.i.AbstractProblemLoader Creating init config 
1605       DEBUG main            d.u.i.k.j.TypeConverter   No LDT found for Meta 
1606       DEBUG main            d.u.i.k.j.TypeConverter   No LDT found for Meta 
1610       DEBUG main            d.u.i.k.j.TypeConverter   No LDT found for Meta 
1610       DEBUG main            d.u.i.k.j.TypeConverter   No LDT found for Meta 
2943       DEBUG main            d.u.i.k.j.TypeConverter   No LDT found for JavaBigintExpression 
8108       DEBUG main            d.u.i.k.p.i.AbstractProblemLoader Init config took 7.39s 
8268       INFO  main            d.u.i.k.p.i.AbstractProblemLoader Replaying proof SimplifiedLinkedList[SimplifiedLinkedList::remove(int)].JML normal_behavior operation contract.0 
8339       DEBUG main            d.u.i.k.p.i.IntermediateProofReplayer Proof replay took 36.4ns 
90562      INFO  main            d.u.i.k.p.r.p.TestFile    ... finished proof: closed. 
90956      INFO  main            d.u.i.k.p.i.AbstractProblemLoader Loading environment from /home/runner/work/key/key/key.core/../key.ui/examples/heap/list_seq/SimplifiedLinkedList.remove.key.proof 
90957      DEBUG main            d.u.i.k.p.i.AbstractProblemLoader Environment load took 959.4ns 
90976      INFO  main            d.u.i.k.p.i.AbstractProblemLoader Creating init config 
93869      DEBUG main            d.u.i.k.p.i.AbstractProblemLoader Init config took 2.89s 
93965      INFO  main            d.u.i.k.p.i.AbstractProblemLoader Replaying proof SimplifiedLinkedList[SimplifiedLinkedList::remove(int)].JML normal_behavior operation contract.0 
98049      DEBUG main            d.u.i.k.p.i.IntermediateProofReplayer Proof replay took 3.82s 
98065      DEBUG main            d.u.i.k.p.r.p.TestFile    ... success: reloaded. 
98066      INFO  main            d.u.i.k.p.r.p.TestFile    Now processing file /home/runner/work/key/key/key.core/../key.ui/examples/heap/list_seq/ArrayList.ArrayList.key 
98067      INFO  main            d.u.i.k.p.i.AbstractProblemLoader Loading environment from /home/runner/work/key/key/key.core/../key.ui/examples/heap/list_seq/ArrayList.ArrayList.key 
98067      DEBUG main            d.u.i.k.p.i.AbstractProblemLoader Environment load took 235.2ns 
98068      INFO  main            d.u.i.k.p.i.AbstractProblemLoader Creating init config 
100918     DEBUG main            d.u.i.k.p.i.AbstractProblemLoader Init config took 2.85s 
101008     INFO  main            d.u.i.k.p.i.AbstractProblemLoader Replaying proof ArrayList[ArrayList::ArrayList()].JML normal_behavior operation contract.0 
101011     DEBUG main            d.u.i.k.p.i.IntermediateProofReplayer Proof replay took 5.4ns 
101815     INFO  main            d.u.i.k.p.r.p.TestFile    ... finished proof: closed. 
101983     INFO  main            d.u.i.k.p.i.AbstractProblemLoader Loading environment from /home/runner/work/key/key/key.core/../key.ui/examples/heap/list_seq/ArrayList.ArrayList.key.proof 
101984     DEBUG main            d.u.i.k.p.i.AbstractProblemLoader Environment load took 593.6ns 
101985     INFO  main            d.u.i.k.p.i.AbstractProblemLoader Creating init config 
104790     DEBUG main            d.u.i.k.p.i.AbstractProblemLoader Init config took 2.8s 
104873     INFO  main            d.u.i.k.p.i.AbstractProblemLoader Replaying proof ArrayList[ArrayList::ArrayList()].JML normal_behavior operation contract.0 
105014     DEBUG main            d.u.i.k.p.i.IntermediateProofReplayer Proof replay took 136.64ms 
105016     DEBUG main            d.u.i.k.p.r.p.TestFile    ... success: reloaded. 
105017     INFO  main            d.u.i.k.p.r.p.TestFile    Now processing file /home/runner/work/key/key/key.core/../key.ui/examples/heap/list_seq/ArrayList.add.key 
105017     INFO  main            d.u.i.k.p.i.AbstractProblemLoader Loading environment from /home/runner/work/key/key/key.core/../key.ui/examples/heap/list_seq/ArrayList.add.key 
105017     DEBUG main            d.u.i.k.p.i.AbstractProblemLoader Environment load took 237.9ns 
105018     INFO  main            d.u.i.k.p.i.AbstractProblemLoader Creating init config 
107872     DEBUG main            d.u.i.k.p.i.AbstractProblemLoader Init config took 2.85s 
107961     INFO  main            d.u.i.k.p.i.AbstractProblemLoader Replaying proof ArrayList[List::add(java.lang.Object)].JML normal_behavior operation contract.0 
107965     DEBUG main            d.u.i.k.p.i.IntermediateProofReplayer Proof replay took 4.6ns 
111420     INFO  main            d.u.i.k.p.r.p.TestFile    ... finished proof: closed. 
111594     INFO  main            d.u.i.k.p.i.AbstractProblemLoader Loading environment from /home/runner/work/key/key/key.core/../key.ui/examples/heap/list_seq/ArrayList.add.key.proof 
111595     DEBUG main            d.u.i.k.p.i.AbstractProblemLoader Environment load took 198.6ns 
111601     INFO  main            d.u.i.k.p.i.AbstractProblemLoader Creating init config 
114341     DEBUG main            d.u.i.k.p.i.AbstractProblemLoader Init config took 2.74s 
114420     INFO  main            d.u.i.k.p.i.AbstractProblemLoader Replaying proof ArrayList[List::add(java.lang.Object)].JML normal_behavior operation contract.0 
114843     DEBUG main            d.u.i.k.p.i.IntermediateProofReplayer Proof replay took 408.96ms 
114844     DEBUG main            d.u.i.k.p.r.p.TestFile    ... success: reloaded. 
114847     INFO  main            d.u.i.k.p.r.p.TestFile    Now processing file /home/runner/work/key/key/key.core/../key.ui/examples/heap/list_seq/ArrayList.contains.key 
114847     INFO  main            d.u.i.k.p.i.AbstractProblemLoader Loading environment from /home/runner/work/key/key/key.core/../key.ui/examples/heap/list_seq/ArrayList.contains.key 
114847     DEBUG main            d.u.i.k.p.i.AbstractProblemLoader Environment load took 206.2ns 
114848     INFO  main            d.u.i.k.p.i.AbstractProblemLoader Creating init config 
117630     DEBUG main            d.u.i.k.p.i.AbstractProblemLoader Init config took 2.78s 
117708     INFO  main            d.u.i.k.p.i.AbstractProblemLoader Replaying proof ArrayList[List::contains(java.lang.Object)].JML normal_behavior operation contract.0 
117709     DEBUG main            d.u.i.k.p.i.IntermediateProofReplayer Proof replay took 4.7ns 
119214     INFO  main            d.u.i.k.p.r.p.TestFile    ... finished proof: closed. 
119413     INFO  main            d.u.i.k.p.i.AbstractProblemLoader Loading environment from /home/runner/work/key/key/key.core/../key.ui/examples/heap/list_seq/ArrayList.contains.key.proof 
119413     DEBUG main            d.u.i.k.p.i.AbstractProblemLoader Environment load took 402.4ns 
119414     INFO  main            d.u.i.k.p.i.AbstractProblemLoader Creating init config 
122121     DEBUG main            d.u.i.k.p.i.AbstractProblemLoader Init config took 2.71s 
122197     INFO  main            d.u.i.k.p.i.AbstractProblemLoader Replaying proof ArrayList[List::contains(java.lang.Object)].JML normal_behavior operation contract.0 
122451     DEBUG main            d.u.i.k.p.i.IntermediateProofReplayer Proof replay took 246.87ms 
122453     DEBUG main            d.u.i.k.p.r.p.TestFile    ... success: reloaded. 
122454     INFO  main            d.u.i.k.p.r.p.TestFile    Now processing file /home/runner/work/key/key/key.core/../key.ui/examples/heap/list_seq/ArrayList.enlarge.key 
122454     INFO  main            d.u.i.k.p.i.AbstractProblemLoader Loading environment from /home/runner/work/key/key/key.core/../key.ui/examples/heap/list_seq/ArrayList.enlarge.key 
122454     DEBUG main            d.u.i.k.p.i.AbstractProblemLoader Environment load took 198.1ns 
122455     INFO  main            d.u.i.k.p.i.AbstractProblemLoader Creating init config 
125182     DEBUG main            d.u.i.k.p.i.AbstractProblemLoader Init config took 2.73s 
125279     INFO  main            d.u.i.k.p.i.AbstractProblemLoader Replaying proof ArrayList[ArrayList::enlarge()].JML normal_behavior operation contract.0 
125280     DEBUG main            d.u.i.k.p.i.IntermediateProofReplayer Proof replay took 5.3ns 
127286     INFO  main            d.u.i.k.p.r.p.TestFile    ... finished proof: closed. 
127497     INFO  main            d.u.i.k.p.i.AbstractProblemLoader Loading environment from /home/runner/work/key/key/key.core/../key.ui/examples/heap/list_seq/ArrayList.enlarge.key.proof 
127498     DEBUG main            d.u.i.k.p.i.AbstractProblemLoader Environment load took 402.7ns 
127499     INFO  main            d.u.i.k.p.i.AbstractProblemLoader Creating init config 
130207     DEBUG main            d.u.i.k.p.i.AbstractProblemLoader Init config took 2.71s 
130294     INFO  main            d.u.i.k.p.i.AbstractProblemLoader Replaying proof ArrayList[ArrayList::enlarge()].JML normal_behavior operation contract.0 
130600     DEBUG main            d.u.i.k.p.i.IntermediateProofReplayer Proof replay took 297.66ms 
130602     DEBUG main            d.u.i.k.p.r.p.TestFile    ... success: reloaded. 
130602     INFO  main            d.u.i.k.p.r.p.TestFile    Now processing file /home/runner/work/key/key/key.core/../key.ui/examples/heap/list_seq/ArrayList.get.key 
130603     INFO  main            d.u.i.k.p.i.AbstractProblemLoader Loading environment from /home/runner/work/key/key/key.core/../key.ui/examples/heap/list_seq/ArrayList.get.key 
130603     DEBUG main            d.u.i.k.p.i.AbstractProblemLoader Environment load took 98.9ns 
130604     INFO  main            d.u.i.k.p.i.AbstractProblemLoader Creating init config 
133338     DEBUG main            d.u.i.k.p.i.AbstractProblemLoader Init config took 2.73s 
133457     INFO  main            d.u.i.k.p.i.AbstractProblemLoader Replaying proof ArrayList[List::get(int)].JML normal_behavior operation contract.0 
133459     DEBUG main            d.u.i.k.p.i.IntermediateProofReplayer Proof replay took 5.4ns 
133962     INFO  main            d.u.i.k.p.r.p.TestFile    ... finished proof: closed. 
134154     INFO  main            d.u.i.k.p.i.AbstractProblemLoader Loading environment from /home/runner/work/key/key/key.core/../key.ui/examples/heap/list_seq/ArrayList.get.key.proof 
134154     DEBUG main            d.u.i.k.p.i.AbstractProblemLoader Environment load took 111.1ns 
134155     INFO  main            d.u.i.k.p.i.AbstractProblemLoader Creating init config 
136825     DEBUG main            d.u.i.k.p.i.AbstractProblemLoader Init config took 2.67s 
136899     INFO  main            d.u.i.k.p.i.AbstractProblemLoader Replaying proof ArrayList[List::get(int)].JML normal_behavior operation contract.0 
136959     DEBUG main            d.u.i.k.p.i.IntermediateProofReplayer Proof replay took 56.67ms 
136960     DEBUG main            d.u.i.k.p.r.p.TestFile    ... success: reloaded. 
136961     INFO  main            d.u.i.k.p.r.p.TestFile    Now processing file /home/runner/work/key/key/key.core/../key.ui/examples/heap/list_seq/ArrayList.newArray.key 
136961     INFO  main            d.u.i.k.p.i.AbstractProblemLoader Loading environment from /home/runner/work/key/key/key.core/../key.ui/examples/heap/list_seq/ArrayList.newArray.key 
136961     DEBUG main            d.u.i.k.p.i.AbstractProblemLoader Environment load took 94.8ns 
136962     INFO  main            d.u.i.k.p.i.AbstractProblemLoader Creating init config 
139705     DEBUG main            d.u.i.k.p.i.AbstractProblemLoader Init config took 2.74s 
139779     INFO  main            d.u.i.k.p.i.AbstractProblemLoader Replaying proof ArrayList[ArrayList::newArray(int)].JML normal_behavior operation contract.0 
139780     DEBUG main            d.u.i.k.p.i.IntermediateProofReplayer Proof replay took 5.3ns 
140085     INFO  main            d.u.i.k.p.r.p.TestFile    ... finished proof: closed. 
140245     INFO  main            d.u.i.k.p.i.AbstractProblemLoader Loading environment from /home/runner/work/key/key/key.core/../key.ui/examples/heap/list_seq/ArrayList.newArray.key.proof 
140245     DEBUG main            d.u.i.k.p.i.AbstractProblemLoader Environment load took 110.2ns 
140246     INFO  main            d.u.i.k.p.i.AbstractProblemLoader Creating init config 
142928     DEBUG main            d.u.i.k.p.i.AbstractProblemLoader Init config took 2.68s 
143020     INFO  main            d.u.i.k.p.i.AbstractProblemLoader Replaying proof ArrayList[ArrayList::newArray(int)].JML normal_behavior operation contract.0 
143070     DEBUG main            d.u.i.k.p.i.IntermediateProofReplayer Proof replay took 46.77ms 
143071     DEBUG main            d.u.i.k.p.r.p.TestFile    ... success: reloaded. 
143071     INFO  main            d.u.i.k.p.r.p.TestFile    Now processing file /home/runner/work/key/key/key.core/../key.ui/examples/heap/list_seq/ArrayList.remove.0.key 
143072     INFO  main            d.u.i.k.p.i.AbstractProblemLoader Loading environment from /home/runner/work/key/key/key.core/../key.ui/examples/heap/list_seq/ArrayList.remove.0.key 
143072     DEBUG main            d.u.i.k.p.i.AbstractProblemLoader Environment load took 192.7ns 
143073     INFO  main            d.u.i.k.p.i.AbstractProblemLoader Creating init config 
145734     DEBUG main            d.u.i.k.p.i.AbstractProblemLoader Init config took 2.66s 
145807     INFO  main            d.u.i.k.p.i.AbstractProblemLoader Replaying proof ArrayList[List::remove(java.lang.Object)].JML normal_behavior operation contract.0 
145808     DEBUG main            d.u.i.k.p.i.IntermediateProofReplayer Proof replay took 5.5ns 
147716     INFO  main            d.u.i.k.p.r.p.TestFile    ... finished proof: closed. 
147988     INFO  main            d.u.i.k.p.i.AbstractProblemLoader Loading environment from /home/runner/work/key/key/key.core/../key.ui/examples/heap/list_seq/ArrayList.remove.0.key.proof 
147988     DEBUG main            d.u.i.k.p.i.AbstractProblemLoader Environment load took 466.7ns 
147989     INFO  main            d.u.i.k.p.i.AbstractProblemLoader Creating init config 
150643     DEBUG main            d.u.i.k.p.i.AbstractProblemLoader Init config took 2.65s 
150714     INFO  main            d.u.i.k.p.i.AbstractProblemLoader Replaying proof ArrayList[List::remove(java.lang.Object)].JML normal_behavior operation contract.0 
151207     DEBUG main            d.u.i.k.p.i.IntermediateProofReplayer Proof replay took 485.08ms 
151208     DEBUG main            d.u.i.k.p.r.p.TestFile    ... success: reloaded. 
151209     INFO  main            d.u.i.k.p.r.p.TestFile    Now processing file /home/runner/work/key/key/key.core/../key.ui/examples/heap/list_seq/ArrayList.remove.1.key 
151209     INFO  main            d.u.i.k.p.i.AbstractProblemLoader Loading environment from /home/runner/work/key/key/key.core/../key.ui/examples/heap/list_seq/ArrayList.remove.1.key 
151210     DEBUG main            d.u.i.k.p.i.AbstractProblemLoader Environment load took 74.2ns 
151210     INFO  main            d.u.i.k.p.i.AbstractProblemLoader Creating init config 
153933     DEBUG main            d.u.i.k.p.i.AbstractProblemLoader Init config took 2.72s 
154006     INFO  main            d.u.i.k.p.i.AbstractProblemLoader Replaying proof ArrayList[List::remove(java.lang.Object)].JML normal_behavior operation contract.1 
154008     DEBUG main            d.u.i.k.p.i.IntermediateProofReplayer Proof replay took 5.4ns 
165460     INFO  main            d.u.i.k.p.r.p.TestFile    ... finished proof: closed. 
165699     INFO  main            d.u.i.k.p.i.AbstractProblemLoader Loading environment from /home/runner/work/key/key/key.core/../key.ui/examples/heap/list_seq/ArrayList.remove.1.key.proof 
165699     DEBUG main            d.u.i.k.p.i.AbstractProblemLoader Environment load took 411.3ns 
165701     INFO  main            d.u.i.k.p.i.AbstractProblemLoader Creating init config 
168334     DEBUG main            d.u.i.k.p.i.AbstractProblemLoader Init config took 2.63s 
168417     INFO  main            d.u.i.k.p.i.AbstractProblemLoader Replaying proof ArrayList[List::remove(java.lang.Object)].JML normal_behavior operation contract.1 
169764     DEBUG main            d.u.i.k.p.i.IntermediateProofReplayer Proof replay took 1.31s 
169767     DEBUG main            d.u.i.k.p.r.p.TestFile    ... success: reloaded. 
1340117    INFO  Test worker     d.u.i.k.p.r.RunAllProofsTestUnit Returning from test list_seq 
1340119    INFO  Test worker     d.u.i.k.p.r.RunAllProofsTestUnit Running test observer 
336        INFO  Timeout watchdog d.u.i.k.p.r.p.ForkedTestFileRunner Timeout watcher launched (2000 secs.) 
349        WARN  main            d.u.i.k.s.ProofSettings   The settings in /home/runner/.key/proof-settings.props are *not* read. 
376        INFO  main            d.u.i.k.p.r.p.TestFile    Now processing file /home/runner/work/key/key/key.core/../key.ui/examples/heap/observer/ExampleObserver_ExampleObserver.key 
478        INFO  main            d.u.i.k.p.i.AbstractProblemLoader Loading environment from /home/runner/work/key/key/key.core/../key.ui/examples/heap/observer/ExampleObserver_ExampleObserver.key 
494        DEBUG main            d.u.i.k.p.i.AbstractProblemLoader Environment load took 2.02ms 
706        INFO  main            d.u.i.k.p.i.AbstractProblemLoader Creating init config 
1572       DEBUG main            d.u.i.k.j.TypeConverter   No LDT found for Meta 
1572       DEBUG main            d.u.i.k.j.TypeConverter   No LDT found for Meta 
1575       DEBUG main            d.u.i.k.j.TypeConverter   No LDT found for Meta 
1575       DEBUG main            d.u.i.k.j.TypeConverter   No LDT found for Meta 
2965       DEBUG main            d.u.i.k.j.TypeConverter   No LDT found for JavaBigintExpression 
8463       DEBUG main            d.u.i.k.p.i.AbstractProblemLoader Init config took 7.76s 
8636       INFO  main            d.u.i.k.p.i.AbstractProblemLoader Replaying proof ExampleObserver[ExampleObserver::ExampleObserver(ExampleSubject)].JML normal_behavior operation contract.0 
8671       DEBUG main            d.u.i.k.p.i.IntermediateProofReplayer Proof replay took 29.5ns 
9738       INFO  main            d.u.i.k.p.r.p.TestFile    ... finished proof: closed. 
9849       INFO  main            d.u.i.k.p.i.AbstractProblemLoader Loading environment from /home/runner/work/key/key/key.core/../key.ui/examples/heap/observer/ExampleObserver_ExampleObserver.key.proof 
9849       DEBUG main            d.u.i.k.p.i.AbstractProblemLoader Environment load took 436ns 
9851       INFO  main            d.u.i.k.p.i.AbstractProblemLoader Creating init config 
12821      DEBUG main            d.u.i.k.p.i.AbstractProblemLoader Init config took 2.97s 
12900      INFO  main            d.u.i.k.p.i.AbstractProblemLoader Replaying proof ExampleObserver[ExampleObserver::ExampleObserver(ExampleSubject)].JML normal_behavior operation contract.0 
13014      DEBUG main            d.u.i.k.p.i.IntermediateProofReplayer Proof replay took 106.68ms 
13020      DEBUG main            d.u.i.k.p.r.p.TestFile    ... success: reloaded. 
13022      INFO  main            d.u.i.k.p.r.p.TestFile    Now processing file /home/runner/work/key/key/key.core/../key.ui/examples/heap/observer/ExampleObserver_inv.key 
13022      INFO  main            d.u.i.k.p.i.AbstractProblemLoader Loading environment from /home/runner/work/key/key/key.core/../key.ui/examples/heap/observer/ExampleObserver_inv.key 
13022      DEBUG main            d.u.i.k.p.i.AbstractProblemLoader Environment load took 210.7ns 
13024      INFO  main            d.u.i.k.p.i.AbstractProblemLoader Creating init config 
15926      DEBUG main            d.u.i.k.p.i.AbstractProblemLoader Init config took 2.9s 
15988      INFO  main            d.u.i.k.p.i.AbstractProblemLoader Replaying proof ExampleObserver[java.lang.Object::<inv>()].JML accessible clause.0 
15991      DEBUG main            d.u.i.k.p.i.IntermediateProofReplayer Proof replay took 5.5ns 
16093      INFO  main            d.u.i.k.p.r.p.TestFile    ... finished proof: closed. 
16219      INFO  main            d.u.i.k.p.i.AbstractProblemLoader Loading environment from /home/runner/work/key/key/key.core/../key.ui/examples/heap/observer/ExampleObserver_inv.key.proof 
16219      DEBUG main            d.u.i.k.p.i.AbstractProblemLoader Environment load took 116.5ns 
16222      INFO  main            d.u.i.k.p.i.AbstractProblemLoader Creating init config 
19020      DEBUG main            d.u.i.k.p.i.AbstractProblemLoader Init config took 2.8s 
19074      INFO  main            d.u.i.k.p.i.AbstractProblemLoader Replaying proof ExampleObserver[java.lang.Object::<inv>()].JML accessible clause.0 
19089      DEBUG main            d.u.i.k.p.i.IntermediateProofReplayer Proof replay took 12.65ms 
19090      DEBUG main            d.u.i.k.p.r.p.TestFile    ... success: reloaded. 
19092      INFO  main            d.u.i.k.p.r.p.TestFile    Now processing file /home/runner/work/key/key/key.core/../key.ui/examples/heap/observer/ExampleObserver_subject.key 
19092      INFO  main            d.u.i.k.p.i.AbstractProblemLoader Loading environment from /home/runner/work/key/key/key.core/../key.ui/examples/heap/observer/ExampleObserver_subject.key 
19092      DEBUG main            d.u.i.k.p.i.AbstractProblemLoader Environment load took 203.8ns 
19094      INFO  main            d.u.i.k.p.i.AbstractProblemLoader Creating init config 
21908      DEBUG main            d.u.i.k.p.i.AbstractProblemLoader Init config took 2.81s 
21957      INFO  main            d.u.i.k.p.i.AbstractProblemLoader Replaying proof Observer[Observer::$subject()].JML accessible clause.0 
21959      DEBUG main            d.u.i.k.p.i.IntermediateProofReplayer Proof replay took 5ns 
22061      INFO  main            d.u.i.k.p.r.p.TestFile    ... finished proof: closed. 
22195      INFO  main            d.u.i.k.p.i.AbstractProblemLoader Loading environment from /home/runner/work/key/key/key.core/../key.ui/examples/heap/observer/ExampleObserver_subject.key.proof 
22195      DEBUG main            d.u.i.k.p.i.AbstractProblemLoader Environment load took 109.4ns 
22196      INFO  main            d.u.i.k.p.i.AbstractProblemLoader Creating init config 
24945      DEBUG main            d.u.i.k.p.i.AbstractProblemLoader Init config took 2.75s 
24994      INFO  main            d.u.i.k.p.i.AbstractProblemLoader Replaying proof Observer[Observer::$subject()].JML accessible clause.0 
25001      DEBUG main            d.u.i.k.p.i.IntermediateProofReplayer Proof replay took 2.49ms 
25003      DEBUG main            d.u.i.k.p.r.p.TestFile    ... success: reloaded. 
25004      INFO  main            d.u.i.k.p.r.p.TestFile    Now processing file /home/runner/work/key/key/key.core/../key.ui/examples/heap/observer/ExampleObserver_update.key 
25005      INFO  main            d.u.i.k.p.i.AbstractProblemLoader Loading environment from /home/runner/work/key/key/key.core/../key.ui/examples/heap/observer/ExampleObserver_update.key 
25005      DEBUG main            d.u.i.k.p.i.AbstractProblemLoader Environment load took 192.8ns 
25006      INFO  main            d.u.i.k.p.i.AbstractProblemLoader Creating init config 
27745      DEBUG main            d.u.i.k.p.i.AbstractProblemLoader Init config took 2.74s 
27814      INFO  main            d.u.i.k.p.i.AbstractProblemLoader Replaying proof ExampleObserver[Observer::update()].JML normal_behavior operation contract.0 
27816      DEBUG main            d.u.i.k.p.i.IntermediateProofReplayer Proof replay took 5.4ns 
28119      INFO  main            d.u.i.k.p.r.p.TestFile    ... finished proof: closed. 
28282      INFO  main            d.u.i.k.p.i.AbstractProblemLoader Loading environment from /home/runner/work/key/key/key.core/../key.ui/examples/heap/observer/ExampleObserver_update.key.proof 
28282      DEBUG main            d.u.i.k.p.i.AbstractProblemLoader Environment load took 718.5ns 
28284      INFO  main            d.u.i.k.p.i.AbstractProblemLoader Creating init config 
31027      DEBUG main            d.u.i.k.p.i.AbstractProblemLoader Init config took 2.74s 
31075      INFO  main            d.u.i.k.p.i.AbstractProblemLoader Replaying proof ExampleObserver[Observer::update()].JML normal_behavior operation contract.0 
31136      DEBUG main            d.u.i.k.p.i.IntermediateProofReplayer Proof replay took 57.58ms 
31137      DEBUG main            d.u.i.k.p.r.p.TestFile    ... success: reloaded. 
31139      INFO  main            d.u.i.k.p.r.p.TestFile    Now processing file /home/runner/work/key/key/key.core/../key.ui/examples/heap/observer/ExampleObserver_upToDate.key 
31139      INFO  main            d.u.i.k.p.i.AbstractProblemLoader Loading environment from /home/runner/work/key/key/key.core/../key.ui/examples/heap/observer/ExampleObserver_upToDate.key 
31139      DEBUG main            d.u.i.k.p.i.AbstractProblemLoader Environment load took 248.8ns 
31140      INFO  main            d.u.i.k.p.i.AbstractProblemLoader Creating init config 
33911      DEBUG main            d.u.i.k.p.i.AbstractProblemLoader Init config took 2.77s 
33958      INFO  main            d.u.i.k.p.i.AbstractProblemLoader Replaying proof ExampleObserver[Observer::$upToDate()].JML accessible clause.0 
33959      DEBUG main            d.u.i.k.p.i.IntermediateProofReplayer Proof replay took 5ns 
34061      INFO  main            d.u.i.k.p.r.p.TestFile    ... finished proof: closed. 
34207      INFO  main            d.u.i.k.p.i.AbstractProblemLoader Loading environment from /home/runner/work/key/key/key.core/../key.ui/examples/heap/observer/ExampleObserver_upToDate.key.proof 
34207      DEBUG main            d.u.i.k.p.i.AbstractProblemLoader Environment load took 102.6ns 
34208      INFO  main            d.u.i.k.p.i.AbstractProblemLoader Creating init config 
36916      DEBUG main            d.u.i.k.p.i.AbstractProblemLoader Init config took 2.71s 
36964      INFO  main            d.u.i.k.p.i.AbstractProblemLoader Replaying proof ExampleObserver[Observer::$upToDate()].JML accessible clause.0 
36986      DEBUG main            d.u.i.k.p.i.IntermediateProofReplayer Proof replay took 18.77ms 
36987      DEBUG main            d.u.i.k.p.r.p.TestFile    ... success: reloaded. 
36988      INFO  main            d.u.i.k.p.r.p.TestFile    Now processing file /home/runner/work/key/key/key.core/../key.ui/examples/heap/observer/ExampleObserver_value.key 
36988      INFO  main            d.u.i.k.p.i.AbstractProblemLoader Loading environment from /home/runner/work/key/key/key.core/../key.ui/examples/heap/observer/ExampleObserver_value.key 
36989      DEBUG main            d.u.i.k.p.i.AbstractProblemLoader Environment load took 449.9ns 
36989      INFO  main            d.u.i.k.p.i.AbstractProblemLoader Creating init config 
39718      DEBUG main            d.u.i.k.p.i.AbstractProblemLoader Init config took 2.73s 
39768      INFO  main            d.u.i.k.p.i.AbstractProblemLoader Replaying proof ExampleObserver[ExampleObserver::value()].JML normal_behavior operation contract.0 
39770      DEBUG main            d.u.i.k.p.i.IntermediateProofReplayer Proof replay took 5.3ns 
39874      INFO  main            d.u.i.k.p.r.p.TestFile    ... finished proof: closed. 
40057      INFO  main            d.u.i.k.p.i.AbstractProblemLoader Loading environment from /home/runner/work/key/key/key.core/../key.ui/examples/heap/observer/ExampleObserver_value.key.proof 
40057      DEBUG main            d.u.i.k.p.i.AbstractProblemLoader Environment load took 107.5ns 
40061      INFO  main            d.u.i.k.p.i.AbstractProblemLoader Creating init config 
42741      DEBUG main            d.u.i.k.p.i.AbstractProblemLoader Init config took 2.68s 
42785      INFO  main            d.u.i.k.p.i.AbstractProblemLoader Replaying proof ExampleObserver[ExampleObserver::value()].JML normal_behavior operation contract.0 
42803      DEBUG main            d.u.i.k.p.i.IntermediateProofReplayer Proof replay took 15.96ms 
42804      DEBUG main            d.u.i.k.p.r.p.TestFile    ... success: reloaded. 
42805      INFO  main            d.u.i.k.p.r.p.TestFile    Now processing file /home/runner/work/key/key/key.core/../key.ui/examples/heap/observer/ExampleSubject_addObserver.key 
42805      INFO  main            d.u.i.k.p.i.AbstractProblemLoader Loading environment from /home/runner/work/key/key/key.core/../key.ui/examples/heap/observer/ExampleSubject_addObserver.key 
42806      DEBUG main            d.u.i.k.p.i.AbstractProblemLoader Environment load took 203.2ns 
42807      INFO  main            d.u.i.k.p.i.AbstractProblemLoader Creating init config 
45549      DEBUG main            d.u.i.k.p.i.AbstractProblemLoader Init config took 2.74s 
45598      INFO  main            d.u.i.k.p.i.AbstractProblemLoader Replaying proof ExampleSubject[Subject::addObserver(Observer)].JML normal_behavior operation contract.0 
45600      DEBUG main            d.u.i.k.p.i.IntermediateProofReplayer Proof replay took 5.3ns 
50737      INFO  main            d.u.i.k.p.r.p.TestFile    ... finished proof: closed. 
51002      INFO  main            d.u.i.k.p.i.AbstractProblemLoader Loading environment from /home/runner/work/key/key/key.core/../key.ui/examples/heap/observer/ExampleSubject_addObserver.key.proof 
51003      DEBUG main            d.u.i.k.p.i.AbstractProblemLoader Environment load took 1.74ms 
51006      INFO  main            d.u.i.k.p.i.AbstractProblemLoader Creating init config 
53642      DEBUG main            d.u.i.k.p.i.AbstractProblemLoader Init config took 2.64s 
53689      INFO  main            d.u.i.k.p.i.AbstractProblemLoader Replaying proof ExampleSubject[Subject::addObserver(Observer)].JML normal_behavior operation contract.0 
54374      DEBUG main            d.u.i.k.p.i.IntermediateProofReplayer Proof replay took 662.88ms 
54376      DEBUG main            d.u.i.k.p.r.p.TestFile    ... success: reloaded. 
54377      INFO  main            d.u.i.k.p.r.p.TestFile    Now processing file /home/runner/work/key/key/key.core/../key.ui/examples/heap/observer/ExampleSubject_change.key 
54377      INFO  main            d.u.i.k.p.i.AbstractProblemLoader Loading environment from /home/runner/work/key/key/key.core/../key.ui/examples/heap/observer/ExampleSubject_change.key 
54377      DEBUG main            d.u.i.k.p.i.AbstractProblemLoader Environment load took 192.5ns 
54378      INFO  main            d.u.i.k.p.i.AbstractProblemLoader Creating init config 
57068      DEBUG main            d.u.i.k.p.i.AbstractProblemLoader Init config took 2.69s 
57135      INFO  main            d.u.i.k.p.i.AbstractProblemLoader Replaying proof ExampleSubject[ExampleSubject::change()].JML normal_behavior operation contract.0 
57136      DEBUG main            d.u.i.k.p.i.IntermediateProofReplayer Proof replay took 4.8ns 
57643      INFO  main            d.u.i.k.p.r.p.TestFile    ... finished proof: closed. 
57831      INFO  main            d.u.i.k.p.i.AbstractProblemLoader Loading environment from /home/runner/work/key/key/key.core/../key.ui/examples/heap/observer/ExampleSubject_change.key.proof 
57831      DEBUG main            d.u.i.k.p.i.AbstractProblemLoader Environment load took 382.6ns 
57832      INFO  main            d.u.i.k.p.i.AbstractProblemLoader Creating init config 
60491      DEBUG main            d.u.i.k.p.i.AbstractProblemLoader Init config took 2.66s 
60536      INFO  main            d.u.i.k.p.i.AbstractProblemLoader Replaying proof ExampleSubject[ExampleSubject::change()].JML normal_behavior operation contract.0 
60611      DEBUG main            d.u.i.k.p.i.IntermediateProofReplayer Proof replay took 70.52ms 
60613      DEBUG main            d.u.i.k.p.r.p.TestFile    ... success: reloaded. 
60614      INFO  main            d.u.i.k.p.r.p.TestFile    Now processing file /home/runner/work/key/key/key.core/../key.ui/examples/heap/observer/ExampleSubject_ExampleSubject.key 
60614      INFO  main            d.u.i.k.p.i.AbstractProblemLoader Loading environment from /home/runner/work/key/key/key.core/../key.ui/examples/heap/observer/ExampleSubject_ExampleSubject.key 
60614      DEBUG main            d.u.i.k.p.i.AbstractProblemLoader Environment load took 205.1ns 
60615      INFO  main            d.u.i.k.p.i.AbstractProblemLoader Creating init config 
63267      DEBUG main            d.u.i.k.p.i.AbstractProblemLoader Init config took 2.65s 
63319      INFO  main            d.u.i.k.p.i.AbstractProblemLoader Replaying proof ExampleSubject[ExampleSubject::ExampleSubject()].JML normal_behavior operation contract.0 
63322      DEBUG main            d.u.i.k.p.i.IntermediateProofReplayer Proof replay took 5.3ns 
64337      INFO  main            d.u.i.k.p.r.p.TestFile    ... finished proof: closed. 
64531      INFO  main            d.u.i.k.p.i.AbstractProblemLoader Loading environment from /home/runner/work/key/key/key.core/../key.ui/examples/heap/observer/ExampleSubject_ExampleSubject.key.proof 
64532      DEBUG main            d.u.i.k.p.i.AbstractProblemLoader Environment load took 1.2ms 
64534      INFO  main            d.u.i.k.p.i.AbstractProblemLoader Creating init config 
67159      DEBUG main            d.u.i.k.p.i.AbstractProblemLoader Init config took 2.63s 
67203      INFO  main            d.u.i.k.p.i.AbstractProblemLoader Replaying proof ExampleSubject[ExampleSubject::ExampleSubject()].JML normal_behavior operation contract.0 
67386      DEBUG main            d.u.i.k.p.i.IntermediateProofReplayer Proof replay took 175.86ms 
67387      DEBUG main            d.u.i.k.p.r.p.TestFile    ... success: reloaded. 
67388      INFO  main            d.u.i.k.p.r.p.TestFile    Now processing file /home/runner/work/key/key/key.core/../key.ui/examples/heap/observer/ExampleSubject_footprint.key 
67388      INFO  main            d.u.i.k.p.i.AbstractProblemLoader Loading environment from /home/runner/work/key/key/key.core/../key.ui/examples/heap/observer/ExampleSubject_footprint.key 
67389      DEBUG main            d.u.i.k.p.i.AbstractProblemLoader Environment load took 245.5ns 
67390      INFO  main            d.u.i.k.p.i.AbstractProblemLoader Creating init config 
70064      DEBUG main            d.u.i.k.p.i.AbstractProblemLoader Init config took 2.67s 
70124      INFO  main            d.u.i.k.p.i.AbstractProblemLoader Replaying proof ExampleSubject[Subject::$footprint()].JML accessible clause.0 
70125      DEBUG main            d.u.i.k.p.i.IntermediateProofReplayer Proof replay took 5.1ns 
70227      INFO  main            d.u.i.k.p.r.p.TestFile    ... finished proof: closed. 
70396      INFO  main            d.u.i.k.p.i.AbstractProblemLoader Loading environment from /home/runner/work/key/key/key.core/../key.ui/examples/heap/observer/ExampleSubject_footprint.key.proof 
70396      DEBUG main            d.u.i.k.p.i.AbstractProblemLoader Environment load took 106.6ns 
70397      INFO  main            d.u.i.k.p.i.AbstractProblemLoader Creating init config 
73021      DEBUG main            d.u.i.k.p.i.AbstractProblemLoader Init config took 2.62s 
73078      INFO  main            d.u.i.k.p.i.AbstractProblemLoader Replaying proof ExampleSubject[Subject::$footprint()].JML accessible clause.0 
73094      DEBUG main            d.u.i.k.p.i.IntermediateProofReplayer Proof replay took 13.77ms 
73095      DEBUG main            d.u.i.k.p.r.p.TestFile    ... success: reloaded. 
73096      INFO  main            d.u.i.k.p.r.p.TestFile    Now processing file /home/runner/work/key/key/key.core/../key.ui/examples/heap/observer/ExampleSubject_inv.key 
73096      INFO  main            d.u.i.k.p.i.AbstractProblemLoader Loading environment from /home/runner/work/key/key/key.core/../key.ui/examples/heap/observer/ExampleSubject_inv.key 
73096      DEBUG main            d.u.i.k.p.i.AbstractProblemLoader Environment load took 159.3ns 
73097      INFO  main            d.u.i.k.p.i.AbstractProblemLoader Creating init config 
75759      DEBUG main            d.u.i.k.p.i.AbstractProblemLoader Init config took 2.66s 
75802      INFO  main            d.u.i.k.p.i.AbstractProblemLoader Replaying proof ExampleSubject[java.lang.Object::<inv>()].JML accessible clause.0 
75803      DEBUG main            d.u.i.k.p.i.IntermediateProofReplayer Proof replay took 5.4ns 
76907      INFO  main            d.u.i.k.p.r.p.TestFile    ... finished proof: closed. 
77110      INFO  main            d.u.i.k.p.i.AbstractProblemLoader Loading environment from /home/runner/work/key/key/key.core/../key.ui/examples/heap/observer/ExampleSubject_inv.key.proof 
77110      DEBUG main            d.u.i.k.p.i.AbstractProblemLoader Environment load took 389.5ns 
77112      INFO  main            d.u.i.k.p.i.AbstractProblemLoader Creating init config 
79740      DEBUG main            d.u.i.k.p.i.AbstractProblemLoader Init config took 2.63s 
79790      INFO  main            d.u.i.k.p.i.AbstractProblemLoader Replaying proof ExampleSubject[java.lang.Object::<inv>()].JML accessible clause.0 
79929      DEBUG main            d.u.i.k.p.i.IntermediateProofReplayer Proof replay took 124.23ms 
79930      DEBUG main            d.u.i.k.p.r.p.TestFile    ... success: reloaded. 
79931      INFO  main            d.u.i.k.p.r.p.TestFile    Now processing file /home/runner/work/key/key/key.core/../key.ui/examples/heap/observer/ExampleSubject_notifyObservers.key 
79932      INFO  main            d.u.i.k.p.i.AbstractProblemLoader Loading environment from /home/runner/work/key/key/key.core/../key.ui/examples/heap/observer/ExampleSubject_notifyObservers.key 
79932      DEBUG main            d.u.i.k.p.i.AbstractProblemLoader Environment load took 242.7ns 
79933      INFO  main            d.u.i.k.p.i.AbstractProblemLoader Creating init config 
82631      DEBUG main            d.u.i.k.p.i.AbstractProblemLoader Init config took 2.7s 
82674      INFO  main            d.u.i.k.p.i.AbstractProblemLoader Replaying proof Subject[Subject::notifyObservers()].JML normal_behavior operation contract.0 
82675      DEBUG main            d.u.i.k.p.i.IntermediateProofReplayer Proof replay took 5.6ns 
82776      INFO  main            d.u.i.k.p.r.p.TestFile    ... finished proof: closed. 
82965      INFO  main            d.u.i.k.p.i.AbstractProblemLoader Loading environment from /home/runner/work/key/key/key.core/../key.ui/examples/heap/observer/ExampleSubject_notifyObservers.key.proof 
82965      DEBUG main            d.u.i.k.p.i.AbstractProblemLoader Environment load took 105.3ns 
82966      INFO  main            d.u.i.k.p.i.AbstractProblemLoader Creating init config 
85641      DEBUG main            d.u.i.k.p.i.AbstractProblemLoader Init config took 2.67s 
85690      INFO  main            d.u.i.k.p.i.AbstractProblemLoader Replaying proof Subject[Subject::notifyObservers()].JML normal_behavior operation contract.0 
85696      DEBUG main            d.u.i.k.p.i.IntermediateProofReplayer Proof replay took 2.52ms 
85697      DEBUG main            d.u.i.k.p.r.p.TestFile    ... success: reloaded. 
85698      INFO  main            d.u.i.k.p.r.p.TestFile    Now processing file /home/runner/work/key/key/key.core/../key.ui/examples/heap/observer/ExampleSubject_value_dep.key 
85698      INFO  main            d.u.i.k.p.i.AbstractProblemLoader Loading environment from /home/runner/work/key/key/key.core/../key.ui/examples/heap/observer/ExampleSubject_value_dep.key 
85698      DEBUG main            d.u.i.k.p.i.AbstractProblemLoader Environment load took 134.8ns 
85699      INFO  main            d.u.i.k.p.i.AbstractProblemLoader Creating init config 
88340      DEBUG main            d.u.i.k.p.i.AbstractProblemLoader Init config took 2.64s 
88381      INFO  main            d.u.i.k.p.i.AbstractProblemLoader Replaying proof ExampleSubject[ExampleSubject::value()].JML accessible clause.0 
88382      DEBUG main            d.u.i.k.p.i.IntermediateProofReplayer Proof replay took 5ns 
88484      INFO  main            d.u.i.k.p.r.p.TestFile    ... finished proof: closed. 
88680      INFO  main            d.u.i.k.p.i.AbstractProblemLoader Loading environment from /home/runner/work/key/key/key.core/../key.ui/examples/heap/observer/ExampleSubject_value_dep.key.proof 
88680      DEBUG main            d.u.i.k.p.i.AbstractProblemLoader Environment load took 97.9ns 
88681      INFO  main            d.u.i.k.p.i.AbstractProblemLoader Creating init config 
91302      DEBUG main            d.u.i.k.p.i.AbstractProblemLoader Init config took 2.62s 
91347      INFO  main            d.u.i.k.p.i.AbstractProblemLoader Replaying proof ExampleSubject[ExampleSubject::value()].JML accessible clause.0 
91369      DEBUG main            d.u.i.k.p.i.IntermediateProofReplayer Proof replay took 18.54ms 
91370      DEBUG main            d.u.i.k.p.r.p.TestFile    ... success: reloaded. 
91370      INFO  main            d.u.i.k.p.r.p.TestFile    Now processing file /home/runner/work/key/key/key.core/../key.ui/examples/heap/observer/ExampleSubject_value.key 
91371      INFO  main            d.u.i.k.p.i.AbstractProblemLoader Loading environment from /home/runner/work/key/key/key.core/../key.ui/examples/heap/observer/ExampleSubject_value.key 
91371      DEBUG main            d.u.i.k.p.i.AbstractProblemLoader Environment load took 51.7ns 
91371      INFO  main            d.u.i.k.p.i.AbstractProblemLoader Creating init config 
94082      DEBUG main            d.u.i.k.p.i.AbstractProblemLoader Init config took 2.71s 
94124      INFO  main            d.u.i.k.p.i.AbstractProblemLoader Replaying proof ExampleSubject[ExampleSubject::value()].JML normal_behavior operation contract.0 
94125      DEBUG main            d.u.i.k.p.i.IntermediateProofReplayer Proof replay took 5.1ns 
94228      INFO  main            d.u.i.k.p.r.p.TestFile    ... finished proof: closed. 
94445      INFO  main            d.u.i.k.p.i.AbstractProblemLoader Loading environment from /home/runner/work/key/key/key.core/../key.ui/examples/heap/observer/ExampleSubject_value.key.proof 
94445      DEBUG main            d.u.i.k.p.i.AbstractProblemLoader Environment load took 100ns 
94446      INFO  main            d.u.i.k.p.i.AbstractProblemLoader Creating init config 
97078      DEBUG main            d.u.i.k.p.i.AbstractProblemLoader Init config took 2.63s 
97127      INFO  main            d.u.i.k.p.i.AbstractProblemLoader Replaying proof ExampleSubject[ExampleSubject::value()].JML normal_behavior operation contract.0 
97139      DEBUG main            d.u.i.k.p.i.IntermediateProofReplayer Proof replay took 10.38ms 
97140      DEBUG main            d.u.i.k.p.r.p.TestFile    ... success: reloaded. 
1437435    INFO  Test worker     d.u.i.k.p.r.RunAllProofsTestUnit Returning from test observer 
1437436    INFO  Test worker     d.u.i.k.p.r.RunAllProofsTestUnit Running test removeDups 
351        INFO  Timeout watchdog d.u.i.k.p.r.p.ForkedTestFileRunner Timeout watcher launched (2000 secs.) 
369        WARN  main            d.u.i.k.s.ProofSettings   The settings in /home/runner/.key/proof-settings.props are *not* read. 
415        INFO  main            d.u.i.k.p.r.p.TestFile    Now processing file /home/runner/work/key/key/key.core/../key.ui/examples/heap/removeDups/arrayPart.key 
539        INFO  main            d.u.i.k.p.i.AbstractProblemLoader Loading environment from /home/runner/work/key/key/key.core/../key.ui/examples/heap/removeDups/arrayPart.key 
555        DEBUG main            d.u.i.k.p.i.AbstractProblemLoader Environment load took 2.13ms 
758        INFO  main            d.u.i.k.p.i.AbstractProblemLoader Creating init config 
1732       DEBUG main            d.u.i.k.j.TypeConverter   No LDT found for Meta 
1733       DEBUG main            d.u.i.k.j.TypeConverter   No LDT found for Meta 
1736       DEBUG main            d.u.i.k.j.TypeConverter   No LDT found for Meta 
1737       DEBUG main            d.u.i.k.j.TypeConverter   No LDT found for Meta 
3291       DEBUG main            d.u.i.k.j.TypeConverter   No LDT found for JavaBigintExpression 
8200       DEBUG main            d.u.i.k.p.i.AbstractProblemLoader Init config took 7.44s 
8327       INFO  main            d.u.i.k.p.i.AbstractProblemLoader Replaying proof RemoveDup[RemoveDup::arrayPart([I,int)].JML normal_behavior operation contract.0 
8356       DEBUG main            d.u.i.k.p.i.IntermediateProofReplayer Proof replay took 30.5ns 
11129      INFO  main            d.u.i.k.p.r.p.TestFile    ... finished proof: closed. 
11255      INFO  main            d.u.i.k.p.i.AbstractProblemLoader Loading environment from /home/runner/work/key/key/key.core/../key.ui/examples/heap/removeDups/arrayPart.key.proof 
11255      DEBUG main            d.u.i.k.p.i.AbstractProblemLoader Environment load took 398.6ns 
11258      INFO  main            d.u.i.k.p.i.AbstractProblemLoader Creating init config 
14053      DEBUG main            d.u.i.k.p.i.AbstractProblemLoader Init config took 2.79s 
14152      INFO  main            d.u.i.k.p.i.AbstractProblemLoader Replaying proof RemoveDup[RemoveDup::arrayPart([I,int)].JML normal_behavior operation contract.0 
14542      DEBUG main            d.u.i.k.p.i.IntermediateProofReplayer Proof replay took 368.05ms 
14549      DEBUG main            d.u.i.k.p.r.p.TestFile    ... success: reloaded. 
14550      INFO  main            d.u.i.k.p.r.p.TestFile    Now processing file /home/runner/work/key/key/key.core/../key.ui/examples/heap/removeDups/contains.key 
14551      INFO  main            d.u.i.k.p.i.AbstractProblemLoader Loading environment from /home/runner/work/key/key/key.core/../key.ui/examples/heap/removeDups/contains.key 
14551      DEBUG main            d.u.i.k.p.i.AbstractProblemLoader Environment load took 216.8ns 
14555      INFO  main            d.u.i.k.p.i.AbstractProblemLoader Creating init config 
17166      DEBUG main            d.u.i.k.p.i.AbstractProblemLoader Init config took 2.61s 
17219      INFO  main            d.u.i.k.p.i.AbstractProblemLoader Replaying proof RemoveDup[RemoveDup::contains([I,int,int)].JML normal_behavior operation contract.0 
17221      DEBUG main            d.u.i.k.p.i.IntermediateProofReplayer Proof replay took 6.1ns 
17724      INFO  main            d.u.i.k.p.r.p.TestFile    ... finished proof: closed. 
17852      INFO  main            d.u.i.k.p.i.AbstractProblemLoader Loading environment from /home/runner/work/key/key/key.core/../key.ui/examples/heap/removeDups/contains.key.proof 
17854      DEBUG main            d.u.i.k.p.i.AbstractProblemLoader Environment load took 1.82ms 
17855      INFO  main            d.u.i.k.p.i.AbstractProblemLoader Creating init config 
20381      DEBUG main            d.u.i.k.p.i.AbstractProblemLoader Init config took 2.53s 
20438      INFO  main            d.u.i.k.p.i.AbstractProblemLoader Replaying proof RemoveDup[RemoveDup::contains([I,int,int)].JML normal_behavior operation contract.0 
20585      DEBUG main            d.u.i.k.p.i.IntermediateProofReplayer Proof replay took 140.85ms 
20587      DEBUG main            d.u.i.k.p.r.p.TestFile    ... success: reloaded. 
20588      INFO  main            d.u.i.k.p.r.p.TestFile    Now processing file /home/runner/work/key/key/key.core/../key.ui/examples/heap/removeDups/removeDup.key 
20588      INFO  main            d.u.i.k.p.i.AbstractProblemLoader Loading environment from /home/runner/work/key/key/key.core/../key.ui/examples/heap/removeDups/removeDup.key 
20588      DEBUG main            d.u.i.k.p.i.AbstractProblemLoader Environment load took 191.3ns 
20589      INFO  main            d.u.i.k.p.i.AbstractProblemLoader Creating init config 
23033      DEBUG main            d.u.i.k.p.i.AbstractProblemLoader Init config took 2.44s 
23079      INFO  main            d.u.i.k.p.i.AbstractProblemLoader Replaying proof RemoveDup[RemoveDup::removeDup([I)].JML normal_behavior operation contract.0 
23081      DEBUG main            d.u.i.k.p.i.IntermediateProofReplayer Proof replay took 4.6ns 
28106      DEBUG Thread-7        d.u.i.k.j.d.VariableSpecification Program match. Variables have different dimension (template #v0 = #vi;, source a#11[] = var;) 
49910      INFO  main            d.u.i.k.p.r.p.TestFile    ... finished proof: closed. 
50153      INFO  main            d.u.i.k.p.i.AbstractProblemLoader Loading environment from /home/runner/work/key/key/key.core/../key.ui/examples/heap/removeDups/removeDup.key.proof 
50153      DEBUG main            d.u.i.k.p.i.AbstractProblemLoader Environment load took 401.7ns 
50165      INFO  main            d.u.i.k.p.i.AbstractProblemLoader Creating init config 
52532      DEBUG main            d.u.i.k.p.i.AbstractProblemLoader Init config took 2.37s 
52585      INFO  main            d.u.i.k.p.i.AbstractProblemLoader Replaying proof RemoveDup[RemoveDup::removeDup([I)].JML normal_behavior operation contract.0 
54361      DEBUG main            d.u.i.k.p.i.IntermediateProofReplayer Proof replay took 1.71s 
54364      DEBUG main            d.u.i.k.p.r.p.TestFile    ... success: reloaded. 
54365      INFO  main            d.u.i.k.p.r.p.TestFile    Now processing file /home/runner/work/key/key/key.core/../key.ui/examples/heap/saddleback_search/Saddleback_search.key 
54367      INFO  main            d.u.i.k.p.i.AbstractProblemLoader Loading environment from /home/runner/work/key/key/key.core/../key.ui/examples/heap/saddleback_search/Saddleback_search.key 
54368      DEBUG main            d.u.i.k.p.i.AbstractProblemLoader Environment load took 267.8ns 
54369      INFO  main            d.u.i.k.p.i.AbstractProblemLoader Creating init config 
56839      DEBUG main            d.u.i.k.p.i.AbstractProblemLoader Init config took 2.47s 
56877      INFO  main            d.u.i.k.p.i.AbstractProblemLoader Replaying proof Saddleback[Saddleback::search([[I,int)].JML normal_behavior operation contract.0 
56884      DEBUG main            d.u.i.k.p.i.IntermediateProofReplayer Proof replay took 4.9ns 
140319     INFO  main            d.u.i.k.p.r.p.TestFile    ... finished proof: closed. 
140744     INFO  main            d.u.i.k.p.i.AbstractProblemLoader Loading environment from /home/runner/work/key/key/key.core/../key.ui/examples/heap/saddleback_search/Saddleback_search.key.proof 
140745     DEBUG main            d.u.i.k.p.i.AbstractProblemLoader Environment load took 430.4ns 
140757     INFO  main            d.u.i.k.p.i.AbstractProblemLoader Creating init config 
143057     DEBUG main            d.u.i.k.p.i.AbstractProblemLoader Init config took 2.3s 
143103     INFO  main            d.u.i.k.p.i.AbstractProblemLoader Replaying proof Saddleback[Saddleback::search([[I,int)].JML normal_behavior operation contract.0 
145494     DEBUG main            d.u.i.k.p.i.IntermediateProofReplayer Proof replay took 2.25s 
145550     DEBUG main            d.u.i.k.p.r.p.TestFile    ... success: reloaded. 
1583857    INFO  Test worker     d.u.i.k.p.r.RunAllProofsTestUnit Returning from test removeDups 
1583858    INFO  Test worker     d.u.i.k.p.r.RunAllProofsTestUnit Running test quicksort 
333        INFO  Timeout watchdog d.u.i.k.p.r.p.ForkedTestFileRunner Timeout watcher launched (2000 secs.) 
360        WARN  main            d.u.i.k.s.ProofSettings   The settings in /home/runner/.key/proof-settings.props are *not* read. 
396        INFO  main            d.u.i.k.p.r.p.TestFile    Now processing file /home/runner/work/key/key/key.core/../key.ui/examples/heap/quicksort/toplevel.key 
539        INFO  main            d.u.i.k.p.i.AbstractProblemLoader Loading environment from /home/runner/work/key/key/key.core/../key.ui/examples/heap/quicksort/toplevel.key 
559        DEBUG main            d.u.i.k.p.i.AbstractProblemLoader Environment load took 2.09ms 
767        INFO  main            d.u.i.k.p.i.AbstractProblemLoader Creating init config 
1797       DEBUG main            d.u.i.k.j.TypeConverter   No LDT found for Meta 
1798       DEBUG main            d.u.i.k.j.TypeConverter   No LDT found for Meta 
1800       DEBUG main            d.u.i.k.j.TypeConverter   No LDT found for Meta 
1800       DEBUG main            d.u.i.k.j.TypeConverter   No LDT found for Meta 
3142       DEBUG main            d.u.i.k.j.TypeConverter   No LDT found for JavaBigintExpression 
8014       DEBUG main            d.u.i.k.p.i.AbstractProblemLoader Init config took 7.25s 
8204       INFO  main            d.u.i.k.p.i.AbstractProblemLoader Replaying proof Quicksort[Quicksort::sort([I)].JML normal_behavior operation contract.0 
8237       DEBUG main            d.u.i.k.p.i.IntermediateProofReplayer Proof replay took 31.1ns 
9499       INFO  main            d.u.i.k.p.r.p.TestFile    ... finished proof: closed. 
9615       INFO  main            d.u.i.k.p.i.AbstractProblemLoader Loading environment from /home/runner/work/key/key/key.core/../key.ui/examples/heap/quicksort/toplevel.key.proof 
9620       DEBUG main            d.u.i.k.p.i.AbstractProblemLoader Environment load took 4.76ms 
9623       INFO  main            d.u.i.k.p.i.AbstractProblemLoader Creating init config 
12348      DEBUG main            d.u.i.k.p.i.AbstractProblemLoader Init config took 2.73s 
12433      INFO  main            d.u.i.k.p.i.AbstractProblemLoader Replaying proof Quicksort[Quicksort::sort([I)].JML normal_behavior operation contract.0 
12592      DEBUG main            d.u.i.k.p.i.IntermediateProofReplayer Proof replay took 151.51ms 
12598      DEBUG main            d.u.i.k.p.r.p.TestFile    ... success: reloaded. 
12600      INFO  main            d.u.i.k.p.r.p.TestFile    Now processing file /home/runner/work/key/key/key.core/../key.ui/examples/heap/quicksort/sort.key 
12601      INFO  main            d.u.i.k.p.i.AbstractProblemLoader Loading environment from /home/runner/work/key/key/key.core/../key.ui/examples/heap/quicksort/sort.key 
12601      DEBUG main            d.u.i.k.p.i.AbstractProblemLoader Environment load took 219.9ns 
12602      INFO  main            d.u.i.k.p.i.AbstractProblemLoader Creating init config 
15180      DEBUG main            d.u.i.k.p.i.AbstractProblemLoader Init config took 2.58s 
15254      INFO  main            d.u.i.k.p.i.AbstractProblemLoader Replaying proof Quicksort[Quicksort::sort([I,int,int)].JML normal_behavior operation contract.0 
15258      DEBUG main            d.u.i.k.p.i.IntermediateProofReplayer Proof replay took 4.9ns 
15281      DEBUG main            d.u.i.k.m.s.ProofScriptEngine 1: 'script 'sort.script'' 
15284      INFO  main            d.u.i.k.m.s.ProofScriptCommand Included script /home/runner/work/key/key/key.core/../key.ui/examples/heap/quicksort/sort.script 
15285      DEBUG main            d.u.i.k.m.s.ProofScriptEngine 1: 'macro autopilot-prep' 
16363      DEBUG main            d.u.i.k.m.s.ProofScriptEngine 2: 'select formula="{heapAtPre:=heap || exc:=null || heap:=heapAfter_sort_0}
   seq ...' 
16367      DEBUG main            d.u.i.k.m.s.ProofScriptEngine 3: 'macro simp-upd' 
16379      DEBUG main            d.u.i.k.m.s.ProofScriptEngine 4: 'let   @seqPre="seqDef{int u;}(0, array.length, array[u])"
    @seqSplit="seqDef ...' 
16381      DEBUG main            d.u.i.k.m.s.ProofScriptEngine 5: 'rule seqPermSym 
  formula="seqPerm(@seqSplit, @seqPre)"' 
16400      DEBUG main            d.u.i.k.m.s.ProofScriptEngine 6: 'rule seqPermSym
  formula="seqPerm(@seqSort, @seqSplit)"' 
16402      DEBUG main            d.u.i.k.m.s.ProofScriptEngine 7: 'rule seqPermSym
  formula="seqPerm(@seqSort0, @seqSort)"' 
16403      DEBUG main            d.u.i.k.m.s.ProofScriptEngine 8: 'rule seqPermTrans
  formula="seqPerm(@seqPre, @seqSplit)"' 
16404      DEBUG main            d.u.i.k.m.s.ProofScriptEngine 9: 'rule seqPermTrans
  formula="seqPerm(@seqPre, @seqSort)"' 
16405      DEBUG main            d.u.i.k.m.s.ProofScriptEngine 10: 'rule seqPermSym
  formula="seqPerm(@seqPre, @seqSort0)"' 
16407      DEBUG main            d.u.i.k.m.s.ProofScriptEngine 11: 'tryclose' 
41617      INFO  main            d.u.i.k.p.r.p.TestFile    ... finished proof: closed. 
41908      INFO  main            d.u.i.k.p.i.AbstractProblemLoader Loading environment from /home/runner/work/key/key/key.core/../key.ui/examples/heap/quicksort/sort.key.proof 
41908      DEBUG main            d.u.i.k.p.i.AbstractProblemLoader Environment load took 238.2ns 
41915      INFO  main            d.u.i.k.p.i.AbstractProblemLoader Creating init config 
44383      DEBUG main            d.u.i.k.p.i.AbstractProblemLoader Init config took 2.47s 
44445      INFO  main            d.u.i.k.p.i.AbstractProblemLoader Replaying proof Quicksort[Quicksort::sort([I,int,int)].JML normal_behavior operation contract.0 
46244      DEBUG main            d.u.i.k.p.i.IntermediateProofReplayer Proof replay took 1.69s 
46288      DEBUG main            d.u.i.k.p.r.p.TestFile    ... success: reloaded. 
46306      INFO  main            d.u.i.k.p.r.p.TestFile    Now processing file /home/runner/work/key/key/key.core/../key.ui/examples/heap/quicksort/split.key 
46306      INFO  main            d.u.i.k.p.i.AbstractProblemLoader Loading environment from /home/runner/work/key/key/key.core/../key.ui/examples/heap/quicksort/split.key 
46306      DEBUG main            d.u.i.k.p.i.AbstractProblemLoader Environment load took 247.7ns 
46307      INFO  main            d.u.i.k.p.i.AbstractProblemLoader Creating init config 
49017      DEBUG main            d.u.i.k.p.i.AbstractProblemLoader Init config took 2.71s 
49060      INFO  main            d.u.i.k.p.i.AbstractProblemLoader Replaying proof Quicksort[Quicksort::split([I,int,int)].JML normal_behavior operation contract.0 
49062      DEBUG main            d.u.i.k.p.i.IntermediateProofReplayer Proof replay took 4.2ns 
49065      DEBUG main            d.u.i.k.m.s.ProofScriptEngine 1: 'macro autopilot-prep' 
50295      DEBUG main            d.u.i.k.m.s.ProofScriptEngine 2: 'tryclose' 
86971      DEBUG main            d.u.i.k.m.s.ProofScriptEngine 3: 'macro simp-upd' 
87092      DEBUG main            d.u.i.k.m.s.ProofScriptEngine 4: 'rule seqPermFromSwap' 
87106      DEBUG main            d.u.i.k.m.s.ProofScriptEngine 5: 'rule andRight' 
87108      DEBUG main            d.u.i.k.m.s.ProofScriptEngine 6: 'auto' 
87131      DEBUG main            d.u.i.k.m.s.ProofScriptEngine 7: 'instantiate hide var=iv with=i_0' 
87135      DEBUG main            d.u.i.k.m.s.ProofScriptEngine 8: 'instantiate hide var=jv with=j_0' 
87137      DEBUG main            d.u.i.k.m.s.ProofScriptEngine 9: 'auto' 
93844      DEBUG main            d.u.i.k.m.s.ProofScriptEngine 10: 'macro simp-upd' 
93923      DEBUG main            d.u.i.k.m.s.ProofScriptEngine 11: 'rule seqPermFromSwap' 
93928      DEBUG main            d.u.i.k.m.s.ProofScriptEngine 12: 'rule andRight' 
93931      DEBUG main            d.u.i.k.m.s.ProofScriptEngine 13: 'auto' 
93944      DEBUG main            d.u.i.k.m.s.ProofScriptEngine 14: 'instantiate hide var=iv with=i_0' 
93948      DEBUG main            d.u.i.k.m.s.ProofScriptEngine 15: 'instantiate hide var=jv with=to' 
93949      DEBUG main            d.u.i.k.m.s.ProofScriptEngine 16: 'auto' 
99060      INFO  main            d.u.i.k.p.r.p.TestFile    ... finished proof: closed. 
99412      INFO  main            d.u.i.k.p.i.AbstractProblemLoader Loading environment from /home/runner/work/key/key/key.core/../key.ui/examples/heap/quicksort/split.key.proof 
99412      DEBUG main            d.u.i.k.p.i.AbstractProblemLoader Environment load took 401.6ns 
99422      INFO  main            d.u.i.k.p.i.AbstractProblemLoader Creating init config 
101858     DEBUG main            d.u.i.k.p.i.AbstractProblemLoader Init config took 2.44s 
101903     INFO  main            d.u.i.k.p.i.AbstractProblemLoader Replaying proof Quicksort[Quicksort::split([I,int,int)].JML normal_behavior operation contract.0 
105107     DEBUG main            d.u.i.k.p.i.IntermediateProofReplayer Proof replay took 3.03s 
105117     DEBUG main            d.u.i.k.p.r.p.TestFile    ... success: reloaded. 
1689142    INFO  Test worker     d.u.i.k.p.r.RunAllProofsTestUnit Returning from test quicksort 
1689143    INFO  Test worker     d.u.i.k.p.r.RunAllProofsTestUnit Running test simpleTests 
349        INFO  Timeout watchdog d.u.i.k.p.r.p.ForkedTestFileRunner Timeout watcher launched (2000 secs.) 
353        WARN  main            d.u.i.k.s.ProofSettings   The settings in /home/runner/.key/proof-settings.props are *not* read. 
379        INFO  main            d.u.i.k.p.r.p.TestFile    Now processing file /home/runner/work/key/key/key.core/../key.ui/examples/heap/simple/anonymise_datagroup.key 
487        INFO  main            d.u.i.k.p.i.AbstractProblemLoader Loading environment from /home/runner/work/key/key/key.core/../key.ui/examples/heap/simple/anonymise_datagroup.key 
503        DEBUG main            d.u.i.k.p.i.AbstractProblemLoader Environment load took 1.81ms 
745        INFO  main            d.u.i.k.p.i.AbstractProblemLoader Creating init config 
1597       DEBUG main            d.u.i.k.j.TypeConverter   No LDT found for Meta 
1598       DEBUG main            d.u.i.k.j.TypeConverter   No LDT found for Meta 
1599       DEBUG main            d.u.i.k.j.TypeConverter   No LDT found for Meta 
1599       DEBUG main            d.u.i.k.j.TypeConverter   No LDT found for Meta 
2863       DEBUG main            d.u.i.k.j.TypeConverter   No LDT found for JavaBigintExpression 
7036       DEBUG main            d.u.i.k.p.i.AbstractProblemLoader Init config took 6.29s 
7093       INFO  main            d.u.i.k.p.i.AbstractProblemLoader Replaying proof anonymise_datagroup.key 
7122       DEBUG main            d.u.i.k.p.i.IntermediateProofReplayer Proof replay took 31.5ns 
7280       INFO  main            d.u.i.k.p.r.p.TestFile    ... finished proof: closed. 
7396       INFO  main            d.u.i.k.p.i.AbstractProblemLoader Loading environment from /home/runner/work/key/key/key.core/../key.ui/examples/heap/simple/anonymise_datagroup.key.proof 
7397       DEBUG main            d.u.i.k.p.i.AbstractProblemLoader Environment load took 490.4ns 
7400       INFO  main            d.u.i.k.p.i.AbstractProblemLoader Creating init config 
9927       DEBUG main            d.u.i.k.p.i.AbstractProblemLoader Init config took 2.53s 
9969       INFO  main            d.u.i.k.p.i.AbstractProblemLoader Replaying proof anonymise_datagroup.key.proof 
9995       DEBUG main            d.u.i.k.p.i.IntermediateProofReplayer Proof replay took 18.54ms 
10009      DEBUG main            d.u.i.k.p.r.p.TestFile    ... success: reloaded. 
10013      INFO  main            d.u.i.k.p.r.p.TestFile    Now processing file /home/runner/work/key/key/key.core/../key.ui/examples/heap/simple/array_creation.key 
10014      INFO  main            d.u.i.k.p.i.AbstractProblemLoader Loading environment from /home/runner/work/key/key/key.core/../key.ui/examples/heap/simple/array_creation.key 
10014      DEBUG main            d.u.i.k.p.i.AbstractProblemLoader Environment load took 241.9ns 
10018      INFO  main            d.u.i.k.p.i.AbstractProblemLoader Creating init config 
12440      DEBUG main            d.u.i.k.p.i.AbstractProblemLoader Init config took 2.42s 
12472      INFO  main            d.u.i.k.p.i.AbstractProblemLoader Replaying proof array_creation.key 
12487      DEBUG main            d.u.i.k.p.i.IntermediateProofReplayer Proof replay took 5.8ns 
13194      INFO  main            d.u.i.k.p.r.p.TestFile    ... finished proof: closed. 
13323      INFO  main            d.u.i.k.p.i.AbstractProblemLoader Loading environment from /home/runner/work/key/key/key.core/../key.ui/examples/heap/simple/array_creation.key.proof 
13324      DEBUG main            d.u.i.k.p.i.AbstractProblemLoader Environment load took 449.5ns 
13326      INFO  main            d.u.i.k.p.i.AbstractProblemLoader Creating init config 
15688      DEBUG main            d.u.i.k.p.i.AbstractProblemLoader Init config took 2.36s 
15715      INFO  main            d.u.i.k.p.i.AbstractProblemLoader Replaying proof array_creation.key.proof 
15799      DEBUG main            d.u.i.k.p.i.IntermediateProofReplayer Proof replay took 79.68ms 
15801      DEBUG main            d.u.i.k.p.r.p.TestFile    ... success: reloaded. 
15802      INFO  main            d.u.i.k.p.r.p.TestFile    Now processing file /home/runner/work/key/key/key.core/../key.ui/examples/heap/simple/arrays_with_disjoint_sorts.key 
15802      INFO  main            d.u.i.k.p.i.AbstractProblemLoader Loading environment from /home/runner/work/key/key/key.core/../key.ui/examples/heap/simple/arrays_with_disjoint_sorts.key 
15802      DEBUG main            d.u.i.k.p.i.AbstractProblemLoader Environment load took 205.4ns 
15804      INFO  main            d.u.i.k.p.i.AbstractProblemLoader Creating init config 
18122      DEBUG main            d.u.i.k.p.i.AbstractProblemLoader Init config took 2.32s 
18145      INFO  main            d.u.i.k.p.i.AbstractProblemLoader Replaying proof arrays_with_disjoint_sorts.key 
18147      DEBUG main            d.u.i.k.p.i.IntermediateProofReplayer Proof replay took 4.9ns 
18350      INFO  main            d.u.i.k.p.r.p.TestFile    ... finished proof: closed. 
18505      INFO  main            d.u.i.k.p.i.AbstractProblemLoader Loading environment from /home/runner/work/key/key/key.core/../key.ui/examples/heap/simple/arrays_with_disjoint_sorts.key.proof 
18505      DEBUG main            d.u.i.k.p.i.AbstractProblemLoader Environment load took 381.3ns 
18507      INFO  main            d.u.i.k.p.i.AbstractProblemLoader Creating init config 
20804      DEBUG main            d.u.i.k.p.i.AbstractProblemLoader Init config took 2.3s 
20824      INFO  main            d.u.i.k.p.i.AbstractProblemLoader Replaying proof arrays_with_disjoint_sorts.key.proof 
20846      DEBUG main            d.u.i.k.p.i.IntermediateProofReplayer Proof replay took 17.97ms 
20847      DEBUG main            d.u.i.k.p.r.p.TestFile    ... success: reloaded. 
20848      INFO  main            d.u.i.k.p.r.p.TestFile    Now processing file /home/runner/work/key/key/key.core/../key.ui/examples/heap/simple/arrays.key 
20848      INFO  main            d.u.i.k.p.i.AbstractProblemLoader Loading environment from /home/runner/work/key/key/key.core/../key.ui/examples/heap/simple/arrays.key 
20848      DEBUG main            d.u.i.k.p.i.AbstractProblemLoader Environment load took 194.8ns 
20849      INFO  main            d.u.i.k.p.i.AbstractProblemLoader Creating init config 
23124      DEBUG main            d.u.i.k.p.i.AbstractProblemLoader Init config took 2.27s 
23143      INFO  main            d.u.i.k.p.i.AbstractProblemLoader Replaying proof arrays.key 
23146      DEBUG main            d.u.i.k.p.i.IntermediateProofReplayer Proof replay took 5.1ns 
23249      INFO  main            d.u.i.k.p.r.p.TestFile    ... finished proof: closed. 
23383      INFO  main            d.u.i.k.p.i.AbstractProblemLoader Loading environment from /home/runner/work/key/key/key.core/../key.ui/examples/heap/simple/arrays.key.proof 
23383      DEBUG main            d.u.i.k.p.i.AbstractProblemLoader Environment load took 108.1ns 
23384      INFO  main            d.u.i.k.p.i.AbstractProblemLoader Creating init config 
25642      DEBUG main            d.u.i.k.p.i.AbstractProblemLoader Init config took 2.26s 
25662      INFO  main            d.u.i.k.p.i.AbstractProblemLoader Replaying proof arrays.key.proof 
25681      DEBUG main            d.u.i.k.p.i.IntermediateProofReplayer Proof replay took 16ms 
25682      DEBUG main            d.u.i.k.p.r.p.TestFile    ... success: reloaded. 
25683      INFO  main            d.u.i.k.p.r.p.TestFile    Now processing file /home/runner/work/key/key/key.core/../key.ui/examples/heap/simple/attributes.key 
25683      INFO  main            d.u.i.k.p.i.AbstractProblemLoader Loading environment from /home/runner/work/key/key/key.core/../key.ui/examples/heap/simple/attributes.key 
25684      DEBUG main            d.u.i.k.p.i.AbstractProblemLoader Environment load took 161.1ns 
25685      INFO  main            d.u.i.k.p.i.AbstractProblemLoader Creating init config 
27967      DEBUG main            d.u.i.k.p.i.AbstractProblemLoader Init config took 2.28s 
27986      INFO  main            d.u.i.k.p.i.AbstractProblemLoader Replaying proof attributes.key 
27987      DEBUG main            d.u.i.k.p.i.IntermediateProofReplayer Proof replay took 5ns 
28090      INFO  main            d.u.i.k.p.r.p.TestFile    ... finished proof: closed. 
28222      INFO  main            d.u.i.k.p.i.AbstractProblemLoader Loading environment from /home/runner/work/key/key/key.core/../key.ui/examples/heap/simple/attributes.key.proof 
28222      DEBUG main            d.u.i.k.p.i.AbstractProblemLoader Environment load took 107.1ns 
28223      INFO  main            d.u.i.k.p.i.AbstractProblemLoader Creating init config 
30465      DEBUG main            d.u.i.k.p.i.AbstractProblemLoader Init config took 2.24s 
30483      INFO  main            d.u.i.k.p.i.AbstractProblemLoader Replaying proof attributes.key.proof 
30486      DEBUG main            d.u.i.k.p.i.IntermediateProofReplayer Proof replay took 1.56ms 
30487      DEBUG main            d.u.i.k.p.r.p.TestFile    ... success: reloaded. 
30488      INFO  main            d.u.i.k.p.r.p.TestFile    Now processing file /home/runner/work/key/key/key.core/../key.ui/examples/heap/simple/constructor_contracts.key 
30488      INFO  main            d.u.i.k.p.i.AbstractProblemLoader Loading environment from /home/runner/work/key/key/key.core/../key.ui/examples/heap/simple/constructor_contracts.key 
30488      DEBUG main            d.u.i.k.p.i.AbstractProblemLoader Environment load took 95.8ns 
30490      INFO  main            d.u.i.k.p.i.AbstractProblemLoader Creating init config 
33184      DEBUG main            d.u.i.k.p.i.AbstractProblemLoader Init config took 2.69s 
33205      INFO  main            d.u.i.k.p.i.AbstractProblemLoader Replaying proof constructor_contracts.key 
33207      DEBUG main            d.u.i.k.p.i.IntermediateProofReplayer Proof replay took 5.1ns 
33714      INFO  main            d.u.i.k.p.r.p.TestFile    ... finished proof: closed. 
33904      INFO  main            d.u.i.k.p.i.AbstractProblemLoader Loading environment from /home/runner/work/key/key/key.core/../key.ui/examples/heap/simple/constructor_contracts.key.proof 
33905      DEBUG main            d.u.i.k.p.i.AbstractProblemLoader Environment load took 400.8ns 
33908      INFO  main            d.u.i.k.p.i.AbstractProblemLoader Creating init config 
36479      DEBUG main            d.u.i.k.p.i.AbstractProblemLoader Init config took 2.57s 
36499      INFO  main            d.u.i.k.p.i.AbstractProblemLoader Replaying proof constructor_contracts.key.proof 
36617      DEBUG main            d.u.i.k.p.i.IntermediateProofReplayer Proof replay took 110.1ms 
36621      DEBUG main            d.u.i.k.p.r.p.TestFile    ... success: reloaded. 
36623      INFO  main            d.u.i.k.p.r.p.TestFile    Now processing file /home/runner/work/key/key/key.core/../key.ui/examples/heap/simple/dependencies.key 
36623      INFO  main            d.u.i.k.p.i.AbstractProblemLoader Loading environment from /home/runner/work/key/key/key.core/../key.ui/examples/heap/simple/dependencies.key 
36623      DEBUG main            d.u.i.k.p.i.AbstractProblemLoader Environment load took 185.8ns 
36625      INFO  main            d.u.i.k.p.i.AbstractProblemLoader Creating init config 
38906      DEBUG main            d.u.i.k.p.i.AbstractProblemLoader Init config took 2.28s 
38922      INFO  main            d.u.i.k.p.i.AbstractProblemLoader Replaying proof dependencies.key 
38924      DEBUG main            d.u.i.k.p.i.IntermediateProofReplayer Proof replay took 5.5ns 
39026      INFO  main            d.u.i.k.p.r.p.TestFile    ... finished proof: closed. 
39183      INFO  main            d.u.i.k.p.i.AbstractProblemLoader Loading environment from /home/runner/work/key/key/key.core/../key.ui/examples/heap/simple/dependencies.key.proof 
39183      DEBUG main            d.u.i.k.p.i.AbstractProblemLoader Environment load took 105.3ns 
39185      INFO  main            d.u.i.k.p.i.AbstractProblemLoader Creating init config 
41461      DEBUG main            d.u.i.k.p.i.AbstractProblemLoader Init config took 2.28s 
41478      INFO  main            d.u.i.k.p.i.AbstractProblemLoader Replaying proof dependencies.key.proof 
41488      DEBUG main            d.u.i.k.p.i.IntermediateProofReplayer Proof replay took 8.96ms 
41489      DEBUG main            d.u.i.k.p.r.p.TestFile    ... success: reloaded. 
41490      INFO  main            d.u.i.k.p.r.p.TestFile    Now processing file /home/runner/work/key/key/key.core/../key.ui/examples/heap/simple/dependency_contracts.key 
41490      INFO  main            d.u.i.k.p.i.AbstractProblemLoader Loading environment from /home/runner/work/key/key/key.core/../key.ui/examples/heap/simple/dependency_contracts.key 
41491      DEBUG main            d.u.i.k.p.i.AbstractProblemLoader Environment load took 175ns 
41492      INFO  main            d.u.i.k.p.i.AbstractProblemLoader Creating init config 
43967      DEBUG main            d.u.i.k.p.i.AbstractProblemLoader Init config took 2.48s 
44000      INFO  main            d.u.i.k.p.i.AbstractProblemLoader Replaying proof dependency_contracts.key 
44002      DEBUG main            d.u.i.k.p.i.IntermediateProofReplayer Proof replay took 5.9ns 
45215      INFO  main            d.u.i.k.p.r.p.TestFile    ... finished proof: closed. 
45404      INFO  main            d.u.i.k.p.i.AbstractProblemLoader Loading environment from /home/runner/work/key/key/key.core/../key.ui/examples/heap/simple/dependency_contracts.key.proof 
45405      DEBUG main            d.u.i.k.p.i.AbstractProblemLoader Environment load took 391.3ns 
45407      INFO  main            d.u.i.k.p.i.AbstractProblemLoader Creating init config 
47878      DEBUG main            d.u.i.k.p.i.AbstractProblemLoader Init config took 2.47s 
47896      INFO  main            d.u.i.k.p.i.AbstractProblemLoader Replaying proof dependency_contracts.key.proof 
48075      DEBUG main            d.u.i.k.p.i.IntermediateProofReplayer Proof replay took 169.71ms 
48076      DEBUG main            d.u.i.k.p.r.p.TestFile    ... success: reloaded. 
48078      INFO  main            d.u.i.k.p.r.p.TestFile    Now processing file /home/runner/work/key/key/key.core/../key.ui/examples/heap/simple/invariant_preservation.key 
48078      INFO  main            d.u.i.k.p.i.AbstractProblemLoader Loading environment from /home/runner/work/key/key/key.core/../key.ui/examples/heap/simple/invariant_preservation.key 
48078      DEBUG main            d.u.i.k.p.i.AbstractProblemLoader Environment load took 182.7ns 
48080      INFO  main            d.u.i.k.p.i.AbstractProblemLoader Creating init config 
50593      DEBUG main            d.u.i.k.p.i.AbstractProblemLoader Init config took 2.51s 
50611      INFO  main            d.u.i.k.p.i.AbstractProblemLoader Replaying proof invariant_preservation.key 
50612      DEBUG main            d.u.i.k.p.i.IntermediateProofReplayer Proof replay took 6.1ns 
50818      INFO  main            d.u.i.k.p.r.p.TestFile    ... finished proof: closed. 
51027      INFO  main            d.u.i.k.p.i.AbstractProblemLoader Loading environment from /home/runner/work/key/key/key.core/../key.ui/examples/heap/simple/invariant_preservation.key.proof 
51028      DEBUG main            d.u.i.k.p.i.AbstractProblemLoader Environment load took 111.2ns 
51030      INFO  main            d.u.i.k.p.i.AbstractProblemLoader Creating init config 
53543      DEBUG main            d.u.i.k.p.i.AbstractProblemLoader Init config took 2.51s 
53562      INFO  main            d.u.i.k.p.i.AbstractProblemLoader Replaying proof invariant_preservation.key.proof 
53592      DEBUG main            d.u.i.k.p.i.IntermediateProofReplayer Proof replay took 27.42ms 
53594      DEBUG main            d.u.i.k.p.r.p.TestFile    ... success: reloaded. 
53595      INFO  main            d.u.i.k.p.r.p.TestFile    Now processing file /home/runner/work/key/key/key.core/../key.ui/examples/heap/simple/locsets.key 
53595      INFO  main            d.u.i.k.p.i.AbstractProblemLoader Loading environment from /home/runner/work/key/key/key.core/../key.ui/examples/heap/simple/locsets.key 
53595      DEBUG main            d.u.i.k.p.i.AbstractProblemLoader Environment load took 119.7ns 
53596      INFO  main            d.u.i.k.p.i.AbstractProblemLoader Creating init config 
55921      DEBUG main            d.u.i.k.p.i.AbstractProblemLoader Init config took 2.33s 
55937      INFO  main            d.u.i.k.p.i.AbstractProblemLoader Replaying proof locsets.key 
55938      DEBUG main            d.u.i.k.p.i.IntermediateProofReplayer Proof replay took 5.4ns 
56046      INFO  main            d.u.i.k.p.r.p.TestFile    ... finished proof: closed. 
56227      INFO  main            d.u.i.k.p.i.AbstractProblemLoader Loading environment from /home/runner/work/key/key/key.core/../key.ui/examples/heap/simple/locsets.key.proof 
56227      DEBUG main            d.u.i.k.p.i.AbstractProblemLoader Environment load took 114.1ns 
56228      INFO  main            d.u.i.k.p.i.AbstractProblemLoader Creating init config 
58458      DEBUG main            d.u.i.k.p.i.AbstractProblemLoader Init config took 2.23s 
58473      INFO  main            d.u.i.k.p.i.AbstractProblemLoader Replaying proof locsets.key.proof 
58476      DEBUG main            d.u.i.k.p.i.IntermediateProofReplayer Proof replay took 1.43ms 
58477      DEBUG main            d.u.i.k.p.r.p.TestFile    ... success: reloaded. 
58477      INFO  main            d.u.i.k.p.r.p.TestFile    Now processing file /home/runner/work/key/key/key.core/../key.ui/examples/heap/simple/loop1.key 
58478      INFO  main            d.u.i.k.p.i.AbstractProblemLoader Loading environment from /home/runner/work/key/key/key.core/../key.ui/examples/heap/simple/loop1.key 
58478      DEBUG main            d.u.i.k.p.i.AbstractProblemLoader Environment load took 179ns 
58479      INFO  main            d.u.i.k.p.i.AbstractProblemLoader Creating init config 
60958      DEBUG main            d.u.i.k.p.i.AbstractProblemLoader Init config took 2.48s 
60973      INFO  main            d.u.i.k.p.i.AbstractProblemLoader Replaying proof loop1.key 
60974      DEBUG main            d.u.i.k.p.i.IntermediateProofReplayer Proof replay took 5.5ns 
61176      INFO  main            d.u.i.k.p.r.p.TestFile    ... finished proof: closed. 
61343      INFO  main            d.u.i.k.p.i.AbstractProblemLoader Loading environment from /home/runner/work/key/key/key.core/../key.ui/examples/heap/simple/loop1.key.proof 
61344      DEBUG main            d.u.i.k.p.i.AbstractProblemLoader Environment load took 105.5ns 
61345      INFO  main            d.u.i.k.p.i.AbstractProblemLoader Creating init config 
63778      DEBUG main            d.u.i.k.p.i.AbstractProblemLoader Init config took 2.43s 
63794      INFO  main            d.u.i.k.p.i.AbstractProblemLoader Replaying proof loop1.key.proof 
63851      DEBUG main            d.u.i.k.p.i.IntermediateProofReplayer Proof replay took 54.96ms 
63854      DEBUG main            d.u.i.k.p.r.p.TestFile    ... success: reloaded. 
63855      INFO  main            d.u.i.k.p.r.p.TestFile    Now processing file /home/runner/work/key/key/key.core/../key.ui/examples/heap/simple/loop2.key 
63856      INFO  main            d.u.i.k.p.i.AbstractProblemLoader Loading environment from /home/runner/work/key/key/key.core/../key.ui/examples/heap/simple/loop2.key 
63856      DEBUG main            d.u.i.k.p.i.AbstractProblemLoader Environment load took 202.5ns 
63857      INFO  main            d.u.i.k.p.i.AbstractProblemLoader Creating init config 
66392      DEBUG main            d.u.i.k.p.i.AbstractProblemLoader Init config took 2.53s 
66423      INFO  main            d.u.i.k.p.i.AbstractProblemLoader Replaying proof loop2.key 
66424      DEBUG main            d.u.i.k.p.i.IntermediateProofReplayer Proof replay took 6.9ns 
66931      INFO  main            d.u.i.k.p.r.p.TestFile    ... finished proof: closed. 
67137      INFO  main            d.u.i.k.p.i.AbstractProblemLoader Loading environment from /home/runner/work/key/key/key.core/../key.ui/examples/heap/simple/loop2.key.proof 
67137      DEBUG main            d.u.i.k.p.i.AbstractProblemLoader Environment load took 381.3ns 
67139      INFO  main            d.u.i.k.p.i.AbstractProblemLoader Creating init config 
69610      DEBUG main            d.u.i.k.p.i.AbstractProblemLoader Init config took 2.47s 
69626      INFO  main            d.u.i.k.p.i.AbstractProblemLoader Replaying proof loop2.key.proof 
69734      DEBUG main            d.u.i.k.p.i.IntermediateProofReplayer Proof replay took 103.35ms 
69735      DEBUG main            d.u.i.k.p.r.p.TestFile    ... success: reloaded. 
69736      INFO  main            d.u.i.k.p.r.p.TestFile    Now processing file /home/runner/work/key/key/key.core/../key.ui/examples/heap/simple/modifies_datagroup.key 
69737      INFO  main            d.u.i.k.p.i.AbstractProblemLoader Loading environment from /home/runner/work/key/key/key.core/../key.ui/examples/heap/simple/modifies_datagroup.key 
69737      DEBUG main            d.u.i.k.p.i.AbstractProblemLoader Environment load took 218.5ns 
69738      INFO  main            d.u.i.k.p.i.AbstractProblemLoader Creating init config 
72011      DEBUG main            d.u.i.k.p.i.AbstractProblemLoader Init config took 2.27s 
72025      INFO  main            d.u.i.k.p.i.AbstractProblemLoader Replaying proof modifies_datagroup.key 
72027      DEBUG main            d.u.i.k.p.i.IntermediateProofReplayer Proof replay took 5.5ns 
72130      INFO  main            d.u.i.k.p.r.p.TestFile    ... finished proof: closed. 
72339      INFO  main            d.u.i.k.p.i.AbstractProblemLoader Loading environment from /home/runner/work/key/key/key.core/../key.ui/examples/heap/simple/modifies_datagroup.key.proof 
72339      DEBUG main            d.u.i.k.p.i.AbstractProblemLoader Environment load took 96.9ns 
72340      INFO  main            d.u.i.k.p.i.AbstractProblemLoader Creating init config 
74565      DEBUG main            d.u.i.k.p.i.AbstractProblemLoader Init config took 2.23s 
74579      INFO  main            d.u.i.k.p.i.AbstractProblemLoader Replaying proof modifies_datagroup.key.proof 
74584      DEBUG main            d.u.i.k.p.i.IntermediateProofReplayer Proof replay took 2.77ms 
74585      DEBUG main            d.u.i.k.p.r.p.TestFile    ... success: reloaded. 
74585      INFO  main            d.u.i.k.p.r.p.TestFile    Now processing file /home/runner/work/key/key/key.core/../key.ui/examples/heap/simple/modifies.key 
74586      INFO  main            d.u.i.k.p.i.AbstractProblemLoader Loading environment from /home/runner/work/key/key/key.core/../key.ui/examples/heap/simple/modifies.key 
74586      DEBUG main            d.u.i.k.p.i.AbstractProblemLoader Environment load took 173.1ns 
74588      INFO  main            d.u.i.k.p.i.AbstractProblemLoader Creating init config 
76829      DEBUG main            d.u.i.k.p.i.AbstractProblemLoader Init config took 2.24s 
76843      INFO  main            d.u.i.k.p.i.AbstractProblemLoader Replaying proof modifies.key 
76844      DEBUG main            d.u.i.k.p.i.IntermediateProofReplayer Proof replay took 6ns 
76948      INFO  main            d.u.i.k.p.r.p.TestFile    ... finished proof: closed. 
77145      INFO  main            d.u.i.k.p.i.AbstractProblemLoader Loading environment from /home/runner/work/key/key/key.core/../key.ui/examples/heap/simple/modifies.key.proof 
77145      DEBUG main            d.u.i.k.p.i.AbstractProblemLoader Environment load took 101.3ns 
77147      INFO  main            d.u.i.k.p.i.AbstractProblemLoader Creating init config 
79341      DEBUG main            d.u.i.k.p.i.AbstractProblemLoader Init config took 2.19s 
79354      INFO  main            d.u.i.k.p.i.AbstractProblemLoader Replaying proof modifies.key.proof 
79374      DEBUG main            d.u.i.k.p.i.IntermediateProofReplayer Proof replay took 18.5ms 
79376      DEBUG main            d.u.i.k.p.r.p.TestFile    ... success: reloaded. 
79377      INFO  main            d.u.i.k.p.r.p.TestFile    Now processing file /home/runner/work/key/key/key.core/../key.ui/examples/heap/simple/object_creation.key 
79377      INFO  main            d.u.i.k.p.i.AbstractProblemLoader Loading environment from /home/runner/work/key/key/key.core/../key.ui/examples/heap/simple/object_creation.key 
79377      DEBUG main            d.u.i.k.p.i.AbstractProblemLoader Environment load took 185.9ns 
79379      INFO  main            d.u.i.k.p.i.AbstractProblemLoader Creating init config 
81635      DEBUG main            d.u.i.k.p.i.AbstractProblemLoader Init config took 2.26s 
81649      INFO  main            d.u.i.k.p.i.AbstractProblemLoader Replaying proof object_creation.key 
81650      DEBUG main            d.u.i.k.p.i.IntermediateProofReplayer Proof replay took 5.9ns 
81854      INFO  main            d.u.i.k.p.r.p.TestFile    ... finished proof: closed. 
82054      INFO  main            d.u.i.k.p.i.AbstractProblemLoader Loading environment from /home/runner/work/key/key/key.core/../key.ui/examples/heap/simple/object_creation.key.proof 
82054      DEBUG main            d.u.i.k.p.i.AbstractProblemLoader Environment load took 100.8ns 
82055      INFO  main            d.u.i.k.p.i.AbstractProblemLoader Creating init config 
84247      DEBUG main            d.u.i.k.p.i.AbstractProblemLoader Init config took 2.19s 
84261      INFO  main            d.u.i.k.p.i.AbstractProblemLoader Replaying proof object_creation.key.proof 
84305      DEBUG main            d.u.i.k.p.i.IntermediateProofReplayer Proof replay took 41.46ms 
84306      DEBUG main            d.u.i.k.p.r.p.TestFile    ... success: reloaded. 
84307      INFO  main            d.u.i.k.p.r.p.TestFile    Now processing file /home/runner/work/key/key/key.core/../key.ui/examples/heap/simple/operation_contracts.key 
84307      INFO  main            d.u.i.k.p.i.AbstractProblemLoader Loading environment from /home/runner/work/key/key/key.core/../key.ui/examples/heap/simple/operation_contracts.key 
84307      DEBUG main            d.u.i.k.p.i.AbstractProblemLoader Environment load took 88.4ns 
84308      INFO  main            d.u.i.k.p.i.AbstractProblemLoader Creating init config 
86770      DEBUG main            d.u.i.k.p.i.AbstractProblemLoader Init config took 2.46s 
86785      INFO  main            d.u.i.k.p.i.AbstractProblemLoader Replaying proof operation_contracts.key 
86786      DEBUG main            d.u.i.k.p.i.IntermediateProofReplayer Proof replay took 17ns 
87591      INFO  main            d.u.i.k.p.r.p.TestFile    ... finished proof: closed. 
87800      INFO  main            d.u.i.k.p.i.AbstractProblemLoader Loading environment from /home/runner/work/key/key/key.core/../key.ui/examples/heap/simple/operation_contracts.key.proof 
87800      DEBUG main            d.u.i.k.p.i.AbstractProblemLoader Environment load took 167.2ns 
87801      INFO  main            d.u.i.k.p.i.AbstractProblemLoader Creating init config 
90211      DEBUG main            d.u.i.k.p.i.AbstractProblemLoader Init config took 2.41s 
90227      INFO  main            d.u.i.k.p.i.AbstractProblemLoader Replaying proof operation_contracts.key.proof 
90370      DEBUG main            d.u.i.k.p.i.IntermediateProofReplayer Proof replay took 129.19ms 
90373      DEBUG main            d.u.i.k.p.r.p.TestFile    ... success: reloaded. 
90374      INFO  main            d.u.i.k.p.r.p.TestFile    Now processing file /home/runner/work/key/key/key.core/../key.ui/examples/heap/simple/select_store.key 
90374      INFO  main            d.u.i.k.p.i.AbstractProblemLoader Loading environment from /home/runner/work/key/key/key.core/../key.ui/examples/heap/simple/select_store.key 
90374      DEBUG main            d.u.i.k.p.i.AbstractProblemLoader Environment load took 180.7ns 
90375      INFO  main            d.u.i.k.p.i.AbstractProblemLoader Creating init config 
92658      DEBUG main            d.u.i.k.p.i.AbstractProblemLoader Init config took 2.28s 
92671      INFO  main            d.u.i.k.p.i.AbstractProblemLoader Replaying proof select_store.key 
92673      DEBUG main            d.u.i.k.p.i.IntermediateProofReplayer Proof replay took 5.5ns 
92778      INFO  main            d.u.i.k.p.r.p.TestFile    ... finished proof: closed. 
92995      INFO  main            d.u.i.k.p.i.AbstractProblemLoader Loading environment from /home/runner/work/key/key/key.core/../key.ui/examples/heap/simple/select_store.key.proof 
92996      DEBUG main            d.u.i.k.p.i.AbstractProblemLoader Environment load took 133.1ns 
92997      INFO  main            d.u.i.k.p.i.AbstractProblemLoader Creating init config 
95176      DEBUG main            d.u.i.k.p.i.AbstractProblemLoader Init config took 2.18s 
95189      INFO  main            d.u.i.k.p.i.AbstractProblemLoader Replaying proof select_store.key.proof 
95192      DEBUG main            d.u.i.k.p.i.IntermediateProofReplayer Proof replay took 1.87ms 
95193      DEBUG main            d.u.i.k.p.r.p.TestFile    ... success: reloaded. 
95194      INFO  main            d.u.i.k.p.r.p.TestFile    Now processing file /home/runner/work/key/key/key.core/../key.ui/examples/heap/simple/selection_sort.key 
95194      INFO  main            d.u.i.k.p.i.AbstractProblemLoader Loading environment from /home/runner/work/key/key/key.core/../key.ui/examples/heap/simple/selection_sort.key 
95194      DEBUG main            d.u.i.k.p.i.AbstractProblemLoader Environment load took 80.2ns 
95195      INFO  main            d.u.i.k.p.i.AbstractProblemLoader Creating init config 
97652      DEBUG main            d.u.i.k.p.i.AbstractProblemLoader Init config took 2.46s 
97666      INFO  main            d.u.i.k.p.i.AbstractProblemLoader Replaying proof selection_sort.key 
97668      DEBUG main            d.u.i.k.p.i.IntermediateProofReplayer Proof replay took 6.7ns 
101182     INFO  main            d.u.i.k.p.r.p.TestFile    ... finished proof: closed. 
101420     INFO  main            d.u.i.k.p.i.AbstractProblemLoader Loading environment from /home/runner/work/key/key/key.core/../key.ui/examples/heap/simple/selection_sort.key.proof 
101420     DEBUG main            d.u.i.k.p.i.AbstractProblemLoader Environment load took 369.2ns 
101422     INFO  main            d.u.i.k.p.i.AbstractProblemLoader Creating init config 
103842     DEBUG main            d.u.i.k.p.i.AbstractProblemLoader Init config took 2.42s 
103856     INFO  main            d.u.i.k.p.i.AbstractProblemLoader Replaying proof selection_sort.key.proof 
104417     DEBUG main            d.u.i.k.p.i.IntermediateProofReplayer Proof replay took 538.54ms 
104419     DEBUG main            d.u.i.k.p.r.p.TestFile    ... success: reloaded. 
104420     INFO  main            d.u.i.k.p.r.p.TestFile    Now processing file /home/runner/work/key/key/key.core/../key.ui/examples/heap/simple/seq.key 
104420     INFO  main            d.u.i.k.p.i.AbstractProblemLoader Loading environment from /home/runner/work/key/key/key.core/../key.ui/examples/heap/simple/seq.key 
104420     DEBUG main            d.u.i.k.p.i.AbstractProblemLoader Environment load took 184.6ns 
104422     INFO  main            d.u.i.k.p.i.AbstractProblemLoader Creating init config 
106656     DEBUG main            d.u.i.k.p.i.AbstractProblemLoader Init config took 2.23s 
106669     INFO  main            d.u.i.k.p.i.AbstractProblemLoader Replaying proof seq.key 
106670     DEBUG main            d.u.i.k.p.i.IntermediateProofReplayer Proof replay took 5.2ns 
107073     INFO  main            d.u.i.k.p.r.p.TestFile    ... finished proof: closed. 
107387     INFO  main            d.u.i.k.p.i.AbstractProblemLoader Loading environment from /home/runner/work/key/key/key.core/../key.ui/examples/heap/simple/seq.key.proof 
107387     DEBUG main            d.u.i.k.p.i.AbstractProblemLoader Environment load took 94.7ns 
107389     INFO  main            d.u.i.k.p.i.AbstractProblemLoader Creating init config 
109554     DEBUG main            d.u.i.k.p.i.AbstractProblemLoader Init config took 2.17s 
109568     INFO  main            d.u.i.k.p.i.AbstractProblemLoader Replaying proof seq.key.proof 
109616     DEBUG main            d.u.i.k.p.i.IntermediateProofReplayer Proof replay took 42.85ms 
109617     DEBUG main            d.u.i.k.p.r.p.TestFile    ... success: reloaded. 
109618     INFO  main            d.u.i.k.p.r.p.TestFile    Now processing file /home/runner/work/key/key/key.core/../key.ui/examples/heap/simple/oldForParams.key 
109618     INFO  main            d.u.i.k.p.i.AbstractProblemLoader Loading environment from /home/runner/work/key/key/key.core/../key.ui/examples/heap/simple/oldForParams.key 
109618     DEBUG main            d.u.i.k.p.i.AbstractProblemLoader Environment load took 78.1ns 
109619     INFO  main            d.u.i.k.p.i.AbstractProblemLoader Creating init config 
112030     DEBUG main            d.u.i.k.p.i.AbstractProblemLoader Init config took 2.41s 
112106     INFO  main            d.u.i.k.p.i.AbstractProblemLoader Replaying proof OldForParameters[OldForParameters::method(int)].JML operation contract.0 
112108     DEBUG main            d.u.i.k.p.i.IntermediateProofReplayer Proof replay took 5.7ns 
112310     INFO  main            d.u.i.k.p.r.p.TestFile    ... finished proof: closed. 
112545     INFO  main            d.u.i.k.p.i.AbstractProblemLoader Loading environment from /home/runner/work/key/key/key.core/../key.ui/examples/heap/simple/oldForParams.key.proof 
112545     DEBUG main            d.u.i.k.p.i.AbstractProblemLoader Environment load took 97.5ns 
112546     INFO  main            d.u.i.k.p.i.AbstractProblemLoader Creating init config 
114942     DEBUG main            d.u.i.k.p.i.AbstractProblemLoader Init config took 2.4s 
114980     INFO  main            d.u.i.k.p.i.AbstractProblemLoader Replaying proof OldForParameters[OldForParameters::method(int)].JML operation contract.0 
115021     DEBUG main            d.u.i.k.p.i.IntermediateProofReplayer Proof replay took 39.41ms 
115022     DEBUG main            d.u.i.k.p.r.p.TestFile    ... success: reloaded. 
115023     INFO  main            d.u.i.k.p.r.p.TestFile    Now processing file /home/runner/work/key/key/key.core/../key.ui/examples/heap/simple/parse_lmtd.key 
115023     INFO  main            d.u.i.k.p.i.AbstractProblemLoader Loading environment from /home/runner/work/key/key/key.core/../key.ui/examples/heap/simple/parse_lmtd.key 
115024     DEBUG main            d.u.i.k.p.i.AbstractProblemLoader Environment load took 78.9ns 
115024     INFO  main            d.u.i.k.p.i.AbstractProblemLoader Creating init config 
117451     DEBUG main            d.u.i.k.p.i.AbstractProblemLoader Init config took 2.43s 
117488     INFO  main            d.u.i.k.p.i.AbstractProblemLoader Replaying proof ParseLmtd[ParseLmtd::simple(int)].JML normal_behavior operation contract.0 
117489     DEBUG main            d.u.i.k.p.i.IntermediateProofReplayer Proof replay took 5ns 
117594     INFO  main            d.u.i.k.p.r.p.TestFile    ... finished proof: closed. 
117836     INFO  main            d.u.i.k.p.i.AbstractProblemLoader Loading environment from /home/runner/work/key/key/key.core/../key.ui/examples/heap/simple/parse_lmtd.key.proof 
117836     DEBUG main            d.u.i.k.p.i.AbstractProblemLoader Environment load took 93.7ns 
117837     INFO  main            d.u.i.k.p.i.AbstractProblemLoader Creating init config 
120230     DEBUG main            d.u.i.k.p.i.AbstractProblemLoader Init config took 2.39s 
120272     INFO  main            d.u.i.k.p.i.AbstractProblemLoader Replaying proof ParseLmtd[ParseLmtd::simple(int)].JML normal_behavior operation contract.0 
120295     DEBUG main            d.u.i.k.p.i.IntermediateProofReplayer Proof replay took 20.65ms 
120295     DEBUG main            d.u.i.k.p.r.p.TestFile    ... success: reloaded. 
120296     INFO  main            d.u.i.k.p.r.p.TestFile    Now processing file /home/runner/work/key/key/key.core/../key.ui/examples/heap/strictly_pure/strictlyPureMethod.key 
120296     INFO  main            d.u.i.k.p.i.AbstractProblemLoader Loading environment from /home/runner/work/key/key/key.core/../key.ui/examples/heap/strictly_pure/strictlyPureMethod.key 
120296     DEBUG main            d.u.i.k.p.i.AbstractProblemLoader Environment load took 68.9ns 
120297     INFO  main            d.u.i.k.p.i.AbstractProblemLoader Creating init config 
122593     DEBUG main            d.u.i.k.p.i.AbstractProblemLoader Init config took 2.3s 
122629     INFO  main            d.u.i.k.p.i.AbstractProblemLoader Replaying proof StrictlyPure[StrictlyPure::strictlyPureMethod()].JML operation contract.0 
122630     DEBUG main            d.u.i.k.p.i.IntermediateProofReplayer Proof replay took 6ns 
122836     INFO  main            d.u.i.k.p.r.p.TestFile    ... finished proof: closed. 
123074     INFO  main            d.u.i.k.p.i.AbstractProblemLoader Loading environment from /home/runner/work/key/key/key.core/../key.ui/examples/heap/strictly_pure/strictlyPureMethod.key.proof 
123074     DEBUG main            d.u.i.k.p.i.AbstractProblemLoader Environment load took 92.5ns 
123075     INFO  main            d.u.i.k.p.i.AbstractProblemLoader Creating init config 
125324     DEBUG main            d.u.i.k.p.i.AbstractProblemLoader Init config took 2.25s 
125361     INFO  main            d.u.i.k.p.i.AbstractProblemLoader Replaying proof StrictlyPure[StrictlyPure::strictlyPureMethod()].JML operation contract.0 
125407     DEBUG main            d.u.i.k.p.i.IntermediateProofReplayer Proof replay took 40.72ms 
125408     DEBUG main            d.u.i.k.p.r.p.TestFile    ... success: reloaded. 
125409     INFO  main            d.u.i.k.p.r.p.TestFile    Now processing file /home/runner/work/key/key/key.core/../key.ui/examples/heap/strictly_pure/useStrictlyPureMethod.key 
125410     INFO  main            d.u.i.k.p.i.AbstractProblemLoader Loading environment from /home/runner/work/key/key/key.core/../key.ui/examples/heap/strictly_pure/useStrictlyPureMethod.key 
125410     DEBUG main            d.u.i.k.p.i.AbstractProblemLoader Environment load took 170.8ns 
125411     INFO  main            d.u.i.k.p.i.AbstractProblemLoader Creating init config 
127698     DEBUG main            d.u.i.k.p.i.AbstractProblemLoader Init config took 2.29s 
127731     INFO  main            d.u.i.k.p.i.AbstractProblemLoader Replaying proof StrictlyPure[StrictlyPure::useStrictlyPureMethod(StrictlyPureClass)].JML operation contract.0 
127733     DEBUG main            d.u.i.k.p.i.IntermediateProofReplayer Proof replay took 20.4ns 
127938     INFO  main            d.u.i.k.p.r.p.TestFile    ... finished proof: closed. 
128177     INFO  main            d.u.i.k.p.i.AbstractProblemLoader Loading environment from /home/runner/work/key/key/key.core/../key.ui/examples/heap/strictly_pure/useStrictlyPureMethod.key.proof 
128178     DEBUG main            d.u.i.k.p.i.AbstractProblemLoader Environment load took 99.7ns 
128178     INFO  main            d.u.i.k.p.i.AbstractProblemLoader Creating init config 
130423     DEBUG main            d.u.i.k.p.i.AbstractProblemLoader Init config took 2.24s 
130456     INFO  main            d.u.i.k.p.i.AbstractProblemLoader Replaying proof StrictlyPure[StrictlyPure::useStrictlyPureMethod(StrictlyPureClass)].JML operation contract.0 
130504     DEBUG main            d.u.i.k.p.i.IntermediateProofReplayer Proof replay took 45.07ms 
130505     DEBUG main            d.u.i.k.p.r.p.TestFile    ... success: reloaded. 
130506     INFO  main            d.u.i.k.p.r.p.TestFile    Now processing file /home/runner/work/key/key/key.core/../key.ui/examples/heap/Wellfounded/ackermann.key 
130506     INFO  main            d.u.i.k.p.i.AbstractProblemLoader Loading environment from /home/runner/work/key/key/key.core/../key.ui/examples/heap/Wellfounded/ackermann.key 
130506     DEBUG main            d.u.i.k.p.i.AbstractProblemLoader Environment load took 79.2ns 
130507     INFO  main            d.u.i.k.p.i.AbstractProblemLoader Creating init config 
132840     DEBUG main            d.u.i.k.p.i.AbstractProblemLoader Init config took 2.33s 
132890     INFO  main            d.u.i.k.p.i.AbstractProblemLoader Replaying proof Ackermann[Ackermann::a(int,int)].JML normal_behavior operation contract.0 
132892     DEBUG main            d.u.i.k.p.i.IntermediateProofReplayer Proof replay took 6.3ns 
133094     INFO  main            d.u.i.k.p.r.p.TestFile    ... finished proof: closed. 
133390     INFO  main            d.u.i.k.p.i.AbstractProblemLoader Loading environment from /home/runner/work/key/key/key.core/../key.ui/examples/heap/Wellfounded/ackermann.key.proof 
133391     DEBUG main            d.u.i.k.p.i.AbstractProblemLoader Environment load took 110.1ns 
133391     INFO  main            d.u.i.k.p.i.AbstractProblemLoader Creating init config 
135726     DEBUG main            d.u.i.k.p.i.AbstractProblemLoader Init config took 2.33s 
135761     INFO  main            d.u.i.k.p.i.AbstractProblemLoader Replaying proof Ackermann[Ackermann::a(int,int)].JML normal_behavior operation contract.0 
135821     DEBUG main            d.u.i.k.p.i.IntermediateProofReplayer Proof replay took 56.7ms 
135822     DEBUG main            d.u.i.k.p.r.p.TestFile    ... success: reloaded. 
135823     INFO  main            d.u.i.k.p.r.p.TestFile    Now processing file /home/runner/work/key/key/key.core/../key.ui/examples/standard_key/unicode_test.key 
135824     INFO  main            d.u.i.k.p.i.AbstractProblemLoader Loading environment from /home/runner/work/key/key/key.core/../key.ui/examples/standard_key/unicode_test.key 
135824     DEBUG main            d.u.i.k.p.i.AbstractProblemLoader Environment load took 188.8ns 
135826     INFO  main            d.u.i.k.p.i.AbstractProblemLoader Creating init config 
138010     DEBUG main            d.u.i.k.p.i.AbstractProblemLoader Init config took 2.18s 
138023     INFO  main            d.u.i.k.p.i.AbstractProblemLoader Replaying proof unicode_test.key 
138024     DEBUG main            d.u.i.k.p.i.IntermediateProofReplayer Proof replay took 5.9ns 
138130     INFO  main            d.u.i.k.p.r.p.TestFile    ... finished proof: closed. 
138386     INFO  main            d.u.i.k.p.i.AbstractProblemLoader Loading environment from /home/runner/work/key/key/key.core/../key.ui/examples/standard_key/unicode_test.key.proof 
138386     DEBUG main            d.u.i.k.p.i.AbstractProblemLoader Environment load took 91ns 
138387     INFO  main            d.u.i.k.p.i.AbstractProblemLoader Creating init config 
140552     DEBUG main            d.u.i.k.p.i.AbstractProblemLoader Init config took 2.17s 
140567     INFO  main            d.u.i.k.p.i.AbstractProblemLoader Replaying proof unicode_test.key.proof 
140568     DEBUG main            d.u.i.k.p.i.IntermediateProofReplayer Proof replay took 279.2ns 
140569     DEBUG main            d.u.i.k.p.r.p.TestFile    ... success: reloaded. 
140570     INFO  main            d.u.i.k.p.r.p.TestFile    Now processing file /home/runner/work/key/key/key.core/../key.ui/examples/heap/strictlyModular/mayExpand.key 
140570     INFO  main            d.u.i.k.p.i.AbstractProblemLoader Loading environment from /home/runner/work/key/key/key.core/../key.ui/examples/heap/strictlyModular/mayExpand.key 
140570     DEBUG main            d.u.i.k.p.i.AbstractProblemLoader Environment load took 308.4ns 
140571     INFO  main            d.u.i.k.p.i.AbstractProblemLoader Creating init config 
142840     DEBUG main            d.u.i.k.p.i.AbstractProblemLoader Init config took 2.27s 
142873     INFO  main            d.u.i.k.p.i.AbstractProblemLoader Replaying proof Modular[Modular::m()].JML operation contract.0 
142875     DEBUG main            d.u.i.k.p.i.IntermediateProofReplayer Proof replay took 5.2ns 
142976     INFO  main            d.u.i.k.p.r.p.TestFile    ... finished proof: closed. 
143243     INFO  main            d.u.i.k.p.i.AbstractProblemLoader Loading environment from /home/runner/work/key/key/key.core/../key.ui/examples/heap/strictlyModular/mayExpand.key.proof 
143243     DEBUG main            d.u.i.k.p.i.AbstractProblemLoader Environment load took 100.3ns 
143244     INFO  main            d.u.i.k.p.i.AbstractProblemLoader Creating init config 
145485     DEBUG main            d.u.i.k.p.i.AbstractProblemLoader Init config took 2.24s 
145519     INFO  main            d.u.i.k.p.i.AbstractProblemLoader Replaying proof Modular[Modular::m()].JML operation contract.0 
145533     DEBUG main            d.u.i.k.p.i.IntermediateProofReplayer Proof replay took 12.78ms 
145534     DEBUG main            d.u.i.k.p.r.p.TestFile    ... success: reloaded. 
145535     INFO  main            d.u.i.k.p.r.p.TestFile    Now processing file /home/runner/work/key/key/key.core/../key.ui/examples/heap/strictlyModular/modularOnly.key 
145535     INFO  main            d.u.i.k.p.i.AbstractProblemLoader Loading environment from /home/runner/work/key/key/key.core/../key.ui/examples/heap/strictlyModular/modularOnly.key 
145536     DEBUG main            d.u.i.k.p.i.AbstractProblemLoader Environment load took 174.9ns 
145536     INFO  main            d.u.i.k.p.i.AbstractProblemLoader Creating init config 
147791     DEBUG main            d.u.i.k.p.i.AbstractProblemLoader Init config took 2.25s 
147842     INFO  main            d.u.i.k.p.i.AbstractProblemLoader Replaying proof Modular[Modular::m()].JML operation contract.0 
147843     DEBUG main            d.u.i.k.p.i.IntermediateProofReplayer Proof replay took 5ns 
147946     INFO  main            d.u.i.k.p.r.p.TestFile    ... finished proof: open goal(s) 
1837518    INFO  Test worker     d.u.i.k.p.r.RunAllProofsTestUnit Returning from test simpleTests 
1837518    INFO  Test worker     d.u.i.k.p.r.RunAllProofsTestUnit Running test SmansEtAl 
375        INFO  Timeout watchdog d.u.i.k.p.r.p.ForkedTestFileRunner Timeout watcher launched (2000 secs.) 
393        WARN  main            d.u.i.k.s.ProofSettings   The settings in /home/runner/.key/proof-settings.props are *not* read. 
439        INFO  main            d.u.i.k.p.r.p.TestFile    Now processing file /home/runner/work/key/key/key.core/../key.ui/examples/heap/SmansEtAl/ArrayList_add.key 
565        INFO  main            d.u.i.k.p.i.AbstractProblemLoader Loading environment from /home/runner/work/key/key/key.core/../key.ui/examples/heap/SmansEtAl/ArrayList_add.key 
580        DEBUG main            d.u.i.k.p.i.AbstractProblemLoader Environment load took 1.79ms 
818        INFO  main            d.u.i.k.p.i.AbstractProblemLoader Creating init config 
1714       DEBUG main            d.u.i.k.j.TypeConverter   No LDT found for Meta 
1715       DEBUG main            d.u.i.k.j.TypeConverter   No LDT found for Meta 
1716       DEBUG main            d.u.i.k.j.TypeConverter   No LDT found for Meta 
1716       DEBUG main            d.u.i.k.j.TypeConverter   No LDT found for Meta 
2912       DEBUG main            d.u.i.k.j.TypeConverter   No LDT found for JavaBigintExpression 
8120       DEBUG main            d.u.i.k.p.i.AbstractProblemLoader Init config took 7.3s 
8300       INFO  main            d.u.i.k.p.i.AbstractProblemLoader Replaying proof ArrayList[ArrayList::add(java.lang.Object)].JML normal_behavior operation contract.0 
8338       DEBUG main            d.u.i.k.p.i.IntermediateProofReplayer Proof replay took 30.3ns 
15273      INFO  main            d.u.i.k.p.r.p.TestFile    ... finished proof: closed. 
15506      INFO  main            d.u.i.k.p.i.AbstractProblemLoader Loading environment from /home/runner/work/key/key/key.core/../key.ui/examples/heap/SmansEtAl/ArrayList_add.key.proof 
15506      DEBUG main            d.u.i.k.p.i.AbstractProblemLoader Environment load took 200.3ns 
15509      INFO  main            d.u.i.k.p.i.AbstractProblemLoader Creating init config 
18534      DEBUG main            d.u.i.k.p.i.AbstractProblemLoader Init config took 3.02s 
18614      INFO  main            d.u.i.k.p.i.AbstractProblemLoader Replaying proof ArrayList[ArrayList::add(java.lang.Object)].JML normal_behavior operation contract.0 
19694      DEBUG main            d.u.i.k.p.i.IntermediateProofReplayer Proof replay took 1.05s 
19703      DEBUG main            d.u.i.k.p.r.p.TestFile    ... success: reloaded. 
19704      INFO  main            d.u.i.k.p.r.p.TestFile    Now processing file /home/runner/work/key/key/key.core/../key.ui/examples/heap/SmansEtAl/ArrayList_ArrayList.key 
19705      INFO  main            d.u.i.k.p.i.AbstractProblemLoader Loading environment from /home/runner/work/key/key/key.core/../key.ui/examples/heap/SmansEtAl/ArrayList_ArrayList.key 
19705      DEBUG main            d.u.i.k.p.i.AbstractProblemLoader Environment load took 233.2ns 
19706      INFO  main            d.u.i.k.p.i.AbstractProblemLoader Creating init config 
22546      DEBUG main            d.u.i.k.p.i.AbstractProblemLoader Init config took 2.84s 
22601      INFO  main            d.u.i.k.p.i.AbstractProblemLoader Replaying proof ArrayList[ArrayList::ArrayList()].JML normal_behavior operation contract.0 
22603      DEBUG main            d.u.i.k.p.i.IntermediateProofReplayer Proof replay took 5.5ns 
23507      INFO  main            d.u.i.k.p.r.p.TestFile    ... finished proof: closed. 
23664      INFO  main            d.u.i.k.p.i.AbstractProblemLoader Loading environment from /home/runner/work/key/key/key.core/../key.ui/examples/heap/SmansEtAl/ArrayList_ArrayList.key.proof 
23665      DEBUG main            d.u.i.k.p.i.AbstractProblemLoader Environment load took 123.3ns 
23666      INFO  main            d.u.i.k.p.i.AbstractProblemLoader Creating init config 
26475      DEBUG main            d.u.i.k.p.i.AbstractProblemLoader Init config took 2.81s 
26536      INFO  main            d.u.i.k.p.i.AbstractProblemLoader Replaying proof ArrayList[ArrayList::ArrayList()].JML normal_behavior operation contract.0 
26693      DEBUG main            d.u.i.k.p.i.IntermediateProofReplayer Proof replay took 146.73ms 
26695      DEBUG main            d.u.i.k.p.r.p.TestFile    ... success: reloaded. 
26696      INFO  main            d.u.i.k.p.r.p.TestFile    Now processing file /home/runner/work/key/key/key.core/../key.ui/examples/heap/SmansEtAl/ArrayList_footprint.key 
26697      INFO  main            d.u.i.k.p.i.AbstractProblemLoader Loading environment from /home/runner/work/key/key/key.core/../key.ui/examples/heap/SmansEtAl/ArrayList_footprint.key 
26697      DEBUG main            d.u.i.k.p.i.AbstractProblemLoader Environment load took 243.5ns 
26698      INFO  main            d.u.i.k.p.i.AbstractProblemLoader Creating init config 
29531      DEBUG main            d.u.i.k.p.i.AbstractProblemLoader Init config took 2.83s 
29577      INFO  main            d.u.i.k.p.i.AbstractProblemLoader Replaying proof ArrayList[ArrayList::$footprint()].JML accessible clause.0 
29579      DEBUG main            d.u.i.k.p.i.IntermediateProofReplayer Proof replay took 4.8ns 
29682      INFO  main            d.u.i.k.p.r.p.TestFile    ... finished proof: closed. 
29816      INFO  main            d.u.i.k.p.i.AbstractProblemLoader Loading environment from /home/runner/work/key/key/key.core/../key.ui/examples/heap/SmansEtAl/ArrayList_footprint.key.proof 
29816      DEBUG main            d.u.i.k.p.i.AbstractProblemLoader Environment load took 111.2ns 
29817      INFO  main            d.u.i.k.p.i.AbstractProblemLoader Creating init config 
32543      DEBUG main            d.u.i.k.p.i.AbstractProblemLoader Init config took 2.73s 
32586      INFO  main            d.u.i.k.p.i.AbstractProblemLoader Replaying proof ArrayList[ArrayList::$footprint()].JML accessible clause.0 
32597      DEBUG main            d.u.i.k.p.i.IntermediateProofReplayer Proof replay took 8.82ms 
32598      DEBUG main            d.u.i.k.p.r.p.TestFile    ... success: reloaded. 
32600      INFO  main            d.u.i.k.p.r.p.TestFile    Now processing file /home/runner/work/key/key/key.core/../key.ui/examples/heap/SmansEtAl/ArrayList_get_dep.key 
32600      INFO  main            d.u.i.k.p.i.AbstractProblemLoader Loading environment from /home/runner/work/key/key/key.core/../key.ui/examples/heap/SmansEtAl/ArrayList_get_dep.key 
32600      DEBUG main            d.u.i.k.p.i.AbstractProblemLoader Environment load took 233.2ns 
32601      INFO  main            d.u.i.k.p.i.AbstractProblemLoader Creating init config 
35365      DEBUG main            d.u.i.k.p.i.AbstractProblemLoader Init config took 2.76s 
35414      INFO  main            d.u.i.k.p.i.AbstractProblemLoader Replaying proof ArrayList[ArrayList::get(int)].JML accessible clause.0 
35416      DEBUG main            d.u.i.k.p.i.IntermediateProofReplayer Proof replay took 5.6ns 
35723      INFO  main            d.u.i.k.p.r.p.TestFile    ... finished proof: closed. 
35859      INFO  main            d.u.i.k.p.i.AbstractProblemLoader Loading environment from /home/runner/work/key/key/key.core/../key.ui/examples/heap/SmansEtAl/ArrayList_get_dep.key.proof 
35859      DEBUG main            d.u.i.k.p.i.AbstractProblemLoader Environment load took 115.7ns 
35860      INFO  main            d.u.i.k.p.i.AbstractProblemLoader Creating init config 
38610      DEBUG main            d.u.i.k.p.i.AbstractProblemLoader Init config took 2.75s 
38653      INFO  main            d.u.i.k.p.i.AbstractProblemLoader Replaying proof ArrayList[ArrayList::get(int)].JML accessible clause.0 
38726      DEBUG main            d.u.i.k.p.i.IntermediateProofReplayer Proof replay took 69.33ms 
38727      DEBUG main            d.u.i.k.p.r.p.TestFile    ... success: reloaded. 
38728      INFO  main            d.u.i.k.p.r.p.TestFile    Now processing file /home/runner/work/key/key/key.core/../key.ui/examples/heap/SmansEtAl/ArrayList_get.key 
38728      INFO  main            d.u.i.k.p.i.AbstractProblemLoader Loading environment from /home/runner/work/key/key/key.core/../key.ui/examples/heap/SmansEtAl/ArrayList_get.key 
38729      DEBUG main            d.u.i.k.p.i.AbstractProblemLoader Environment load took 190ns 
38730      INFO  main            d.u.i.k.p.i.AbstractProblemLoader Creating init config 
41494      DEBUG main            d.u.i.k.p.i.AbstractProblemLoader Init config took 2.76s 
41535      INFO  main            d.u.i.k.p.i.AbstractProblemLoader Replaying proof ArrayList[ArrayList::get(int)].JML normal_behavior operation contract.0 
41538      DEBUG main            d.u.i.k.p.i.IntermediateProofReplayer Proof replay took 5.4ns 
41740      INFO  main            d.u.i.k.p.r.p.TestFile    ... finished proof: closed. 
41888      INFO  main            d.u.i.k.p.i.AbstractProblemLoader Loading environment from /home/runner/work/key/key/key.core/../key.ui/examples/heap/SmansEtAl/ArrayList_get.key.proof 
41888      DEBUG main            d.u.i.k.p.i.AbstractProblemLoader Environment load took 118ns 
41889      INFO  main            d.u.i.k.p.i.AbstractProblemLoader Creating init config 
44593      DEBUG main            d.u.i.k.p.i.AbstractProblemLoader Init config took 2.7s 
44634      INFO  main            d.u.i.k.p.i.AbstractProblemLoader Replaying proof ArrayList[ArrayList::get(int)].JML normal_behavior operation contract.0 
44663      DEBUG main            d.u.i.k.p.i.IntermediateProofReplayer Proof replay took 26.85ms 
44664      DEBUG main            d.u.i.k.p.r.p.TestFile    ... success: reloaded. 
44665      INFO  main            d.u.i.k.p.r.p.TestFile    Now processing file /home/runner/work/key/key/key.core/../key.ui/examples/heap/SmansEtAl/ArrayList_inv.key 
44665      INFO  main            d.u.i.k.p.i.AbstractProblemLoader Loading environment from /home/runner/work/key/key/key.core/../key.ui/examples/heap/SmansEtAl/ArrayList_inv.key 
44665      DEBUG main            d.u.i.k.p.i.AbstractProblemLoader Environment load took 68.2ns 
44666      INFO  main            d.u.i.k.p.i.AbstractProblemLoader Creating init config 
47387      DEBUG main            d.u.i.k.p.i.AbstractProblemLoader Init config took 2.72s 
47432      INFO  main            d.u.i.k.p.i.AbstractProblemLoader Replaying proof ArrayList[java.lang.Object::<inv>()].JML accessible clause.0 
47434      DEBUG main            d.u.i.k.p.i.IntermediateProofReplayer Proof replay took 5.7ns 
47539      INFO  main            d.u.i.k.p.r.p.TestFile    ... finished proof: closed. 
47693      INFO  main            d.u.i.k.p.i.AbstractProblemLoader Loading environment from /home/runner/work/key/key/key.core/../key.ui/examples/heap/SmansEtAl/ArrayList_inv.key.proof 
47693      DEBUG main            d.u.i.k.p.i.AbstractProblemLoader Environment load took 103.8ns 
47694      INFO  main            d.u.i.k.p.i.AbstractProblemLoader Creating init config 
50392      DEBUG main            d.u.i.k.p.i.AbstractProblemLoader Init config took 2.7s 
50430      INFO  main            d.u.i.k.p.i.AbstractProblemLoader Replaying proof ArrayList[java.lang.Object::<inv>()].JML accessible clause.0 
50441      DEBUG main            d.u.i.k.p.i.IntermediateProofReplayer Proof replay took 9.12ms 
50441      DEBUG main            d.u.i.k.p.r.p.TestFile    ... success: reloaded. 
50442      INFO  main            d.u.i.k.p.r.p.TestFile    Now processing file /home/runner/work/key/key/key.core/../key.ui/examples/heap/SmansEtAl/ArrayList_size_dep.key 
50443      INFO  main            d.u.i.k.p.i.AbstractProblemLoader Loading environment from /home/runner/work/key/key/key.core/../key.ui/examples/heap/SmansEtAl/ArrayList_size_dep.key 
50443      DEBUG main            d.u.i.k.p.i.AbstractProblemLoader Environment load took 87.5ns 
50444      INFO  main            d.u.i.k.p.i.AbstractProblemLoader Creating init config 
53163      DEBUG main            d.u.i.k.p.i.AbstractProblemLoader Init config took 2.72s 
53200      INFO  main            d.u.i.k.p.i.AbstractProblemLoader Replaying proof ArrayList[ArrayList::size()].JML accessible clause.0 
53202      DEBUG main            d.u.i.k.p.i.IntermediateProofReplayer Proof replay took 5.7ns 
53305      INFO  main            d.u.i.k.p.r.p.TestFile    ... finished proof: closed. 
53466      INFO  main            d.u.i.k.p.i.AbstractProblemLoader Loading environment from /home/runner/work/key/key/key.core/../key.ui/examples/heap/SmansEtAl/ArrayList_size_dep.key.proof 
53466      DEBUG main            d.u.i.k.p.i.AbstractProblemLoader Environment load took 111.9ns 
53467      INFO  main            d.u.i.k.p.i.AbstractProblemLoader Creating init config 
56120      DEBUG main            d.u.i.k.p.i.AbstractProblemLoader Init config took 2.65s 
56161      INFO  main            d.u.i.k.p.i.AbstractProblemLoader Replaying proof ArrayList[ArrayList::size()].JML accessible clause.0 
56179      DEBUG main            d.u.i.k.p.i.IntermediateProofReplayer Proof replay took 14.16ms 
56179      DEBUG main            d.u.i.k.p.r.p.TestFile    ... success: reloaded. 
56180      INFO  main            d.u.i.k.p.r.p.TestFile    Now processing file /home/runner/work/key/key/key.core/../key.ui/examples/heap/SmansEtAl/ArrayList_size.key 
56181      INFO  main            d.u.i.k.p.i.AbstractProblemLoader Loading environment from /home/runner/work/key/key/key.core/../key.ui/examples/heap/SmansEtAl/ArrayList_size.key 
56181      DEBUG main            d.u.i.k.p.i.AbstractProblemLoader Environment load took 90.9ns 
56182      INFO  main            d.u.i.k.p.i.AbstractProblemLoader Creating init config 
58904      DEBUG main            d.u.i.k.p.i.AbstractProblemLoader Init config took 2.72s 
58942      INFO  main            d.u.i.k.p.i.AbstractProblemLoader Replaying proof ArrayList[ArrayList::size()].JML normal_behavior operation contract.0 
58943      DEBUG main            d.u.i.k.p.i.IntermediateProofReplayer Proof replay took 6.3ns 
59050      INFO  main            d.u.i.k.p.r.p.TestFile    ... finished proof: closed. 
59206      INFO  main            d.u.i.k.p.i.AbstractProblemLoader Loading environment from /home/runner/work/key/key/key.core/../key.ui/examples/heap/SmansEtAl/ArrayList_size.key.proof 
59206      DEBUG main            d.u.i.k.p.i.AbstractProblemLoader Environment load took 107.2ns 
59207      INFO  main            d.u.i.k.p.i.AbstractProblemLoader Creating init config 
61882      DEBUG main            d.u.i.k.p.i.AbstractProblemLoader Init config took 2.67s 
61924      INFO  main            d.u.i.k.p.i.AbstractProblemLoader Replaying proof ArrayList[ArrayList::size()].JML normal_behavior operation contract.0 
61942      DEBUG main            d.u.i.k.p.i.IntermediateProofReplayer Proof replay took 15.32ms 
61944      DEBUG main            d.u.i.k.p.r.p.TestFile    ... success: reloaded. 
61948      INFO  main            d.u.i.k.p.r.p.TestFile    Now processing file /home/runner/work/key/key/key.core/../key.ui/examples/heap/SmansEtAl/Cell_Cell.key 
61950      INFO  main            d.u.i.k.p.i.AbstractProblemLoader Loading environment from /home/runner/work/key/key/key.core/../key.ui/examples/heap/SmansEtAl/Cell_Cell.key 
61951      DEBUG main            d.u.i.k.p.i.AbstractProblemLoader Environment load took 562.7ns 
61952      INFO  main            d.u.i.k.p.i.AbstractProblemLoader Creating init config 
64616      DEBUG main            d.u.i.k.p.i.AbstractProblemLoader Init config took 2.66s 
64657      INFO  main            d.u.i.k.p.i.AbstractProblemLoader Replaying proof Cell[Cell::Cell()].JML normal_behavior operation contract.0 
64658      DEBUG main            d.u.i.k.p.i.IntermediateProofReplayer Proof replay took 5.2ns 
64860      INFO  main            d.u.i.k.p.r.p.TestFile    ... finished proof: closed. 
65039      INFO  main            d.u.i.k.p.i.AbstractProblemLoader Loading environment from /home/runner/work/key/key/key.core/../key.ui/examples/heap/SmansEtAl/Cell_Cell.key.proof 
65039      DEBUG main            d.u.i.k.p.i.AbstractProblemLoader Environment load took 108.4ns 
65040      INFO  main            d.u.i.k.p.i.AbstractProblemLoader Creating init config 
67727      DEBUG main            d.u.i.k.p.i.AbstractProblemLoader Init config took 2.69s 
67761      INFO  main            d.u.i.k.p.i.AbstractProblemLoader Replaying proof Cell[Cell::Cell()].JML normal_behavior operation contract.0 
67799      DEBUG main            d.u.i.k.p.i.IntermediateProofReplayer Proof replay took 35.74ms 
67800      DEBUG main            d.u.i.k.p.r.p.TestFile    ... success: reloaded. 
67801      INFO  main            d.u.i.k.p.r.p.TestFile    Now processing file /home/runner/work/key/key/key.core/../key.ui/examples/heap/SmansEtAl/Cell_footprint.key 
67802      INFO  main            d.u.i.k.p.i.AbstractProblemLoader Loading environment from /home/runner/work/key/key/key.core/../key.ui/examples/heap/SmansEtAl/Cell_footprint.key 
67802      DEBUG main            d.u.i.k.p.i.AbstractProblemLoader Environment load took 114.2ns 
67802      INFO  main            d.u.i.k.p.i.AbstractProblemLoader Creating init config 
70455      DEBUG main            d.u.i.k.p.i.AbstractProblemLoader Init config took 2.65s 
70488      INFO  main            d.u.i.k.p.i.AbstractProblemLoader Replaying proof Cell[Cell::$footprint()].JML accessible clause.0 
70490      DEBUG main            d.u.i.k.p.i.IntermediateProofReplayer Proof replay took 5.3ns 
70594      INFO  main            d.u.i.k.p.r.p.TestFile    ... finished proof: closed. 
70770      INFO  main            d.u.i.k.p.i.AbstractProblemLoader Loading environment from /home/runner/work/key/key/key.core/../key.ui/examples/heap/SmansEtAl/Cell_footprint.key.proof 
70770      DEBUG main            d.u.i.k.p.i.AbstractProblemLoader Environment load took 101.2ns 
70771      INFO  main            d.u.i.k.p.i.AbstractProblemLoader Creating init config 
73438      DEBUG main            d.u.i.k.p.i.AbstractProblemLoader Init config took 2.67s 
73476      INFO  main            d.u.i.k.p.i.AbstractProblemLoader Replaying proof Cell[Cell::$footprint()].JML accessible clause.0 
73483      DEBUG main            d.u.i.k.p.i.IntermediateProofReplayer Proof replay took 4.34ms 
73485      DEBUG main            d.u.i.k.p.r.p.TestFile    ... success: reloaded. 
73486      INFO  main            d.u.i.k.p.r.p.TestFile    Now processing file /home/runner/work/key/key/key.core/../key.ui/examples/heap/SmansEtAl/Cell_getX_dep.key 
73487      INFO  main            d.u.i.k.p.i.AbstractProblemLoader Loading environment from /home/runner/work/key/key/key.core/../key.ui/examples/heap/SmansEtAl/Cell_getX_dep.key 
73487      DEBUG main            d.u.i.k.p.i.AbstractProblemLoader Environment load took 177.7ns 
73488      INFO  main            d.u.i.k.p.i.AbstractProblemLoader Creating init config 
76149      DEBUG main            d.u.i.k.p.i.AbstractProblemLoader Init config took 2.66s 
76182      INFO  main            d.u.i.k.p.i.AbstractProblemLoader Replaying proof Cell[Cell::getX()].JML accessible clause.0 
76184      DEBUG main            d.u.i.k.p.i.IntermediateProofReplayer Proof replay took 5.9ns 
76285      INFO  main            d.u.i.k.p.r.p.TestFile    ... finished proof: closed. 
76478      INFO  main            d.u.i.k.p.i.AbstractProblemLoader Loading environment from /home/runner/work/key/key/key.core/../key.ui/examples/heap/SmansEtAl/Cell_getX_dep.key.proof 
76479      DEBUG main            d.u.i.k.p.i.AbstractProblemLoader Environment load took 104.8ns 
76479      INFO  main            d.u.i.k.p.i.AbstractProblemLoader Creating init config 
79149      DEBUG main            d.u.i.k.p.i.AbstractProblemLoader Init config took 2.67s 
79183      INFO  main            d.u.i.k.p.i.AbstractProblemLoader Replaying proof Cell[Cell::getX()].JML accessible clause.0 
79196      DEBUG main            d.u.i.k.p.i.IntermediateProofReplayer Proof replay took 11.22ms 
79197      DEBUG main            d.u.i.k.p.r.p.TestFile    ... success: reloaded. 
79198      INFO  main            d.u.i.k.p.r.p.TestFile    Now processing file /home/runner/work/key/key/key.core/../key.ui/examples/heap/SmansEtAl/Cell_getX.key 
79198      INFO  main            d.u.i.k.p.i.AbstractProblemLoader Loading environment from /home/runner/work/key/key/key.core/../key.ui/examples/heap/SmansEtAl/Cell_getX.key 
79199      DEBUG main            d.u.i.k.p.i.AbstractProblemLoader Environment load took 197.6ns 
79199      INFO  main            d.u.i.k.p.i.AbstractProblemLoader Creating init config 
81865      DEBUG main            d.u.i.k.p.i.AbstractProblemLoader Init config took 2.67s 
81899      INFO  main            d.u.i.k.p.i.AbstractProblemLoader Replaying proof Cell[Cell::getX()].JML normal_behavior operation contract.0 
81900      DEBUG main            d.u.i.k.p.i.IntermediateProofReplayer Proof replay took 5.9ns 
82002      INFO  main            d.u.i.k.p.r.p.TestFile    ... finished proof: closed. 
82192      INFO  main            d.u.i.k.p.i.AbstractProblemLoader Loading environment from /home/runner/work/key/key/key.core/../key.ui/examples/heap/SmansEtAl/Cell_getX.key.proof 
82192      DEBUG main            d.u.i.k.p.i.AbstractProblemLoader Environment load took 106.1ns 
82193      INFO  main            d.u.i.k.p.i.AbstractProblemLoader Creating init config 
84812      DEBUG main            d.u.i.k.p.i.AbstractProblemLoader Init config took 2.62s 
84847      INFO  main            d.u.i.k.p.i.AbstractProblemLoader Replaying proof Cell[Cell::getX()].JML normal_behavior operation contract.0 
84860      DEBUG main            d.u.i.k.p.i.IntermediateProofReplayer Proof replay took 11.08ms 
84862      DEBUG main            d.u.i.k.p.r.p.TestFile    ... success: reloaded. 
84863      INFO  main            d.u.i.k.p.r.p.TestFile    Now processing file /home/runner/work/key/key/key.core/../key.ui/examples/heap/SmansEtAl/Cell_inv.key 
84863      INFO  main            d.u.i.k.p.i.AbstractProblemLoader Loading environment from /home/runner/work/key/key/key.core/../key.ui/examples/heap/SmansEtAl/Cell_inv.key 
84863      DEBUG main            d.u.i.k.p.i.AbstractProblemLoader Environment load took 184.1ns 
84866      INFO  main            d.u.i.k.p.i.AbstractProblemLoader Creating init config 
87561      DEBUG main            d.u.i.k.p.i.AbstractProblemLoader Init config took 2.7s 
87593      INFO  main            d.u.i.k.p.i.AbstractProblemLoader Replaying proof Cell[java.lang.Object::<inv>()].JML accessible clause.0 
87594      DEBUG main            d.u.i.k.p.i.IntermediateProofReplayer Proof replay took 5.5ns 
87696      INFO  main            d.u.i.k.p.r.p.TestFile    ... finished proof: closed. 
87884      INFO  main            d.u.i.k.p.i.AbstractProblemLoader Loading environment from /home/runner/work/key/key/key.core/../key.ui/examples/heap/SmansEtAl/Cell_inv.key.proof 
87885      DEBUG main            d.u.i.k.p.i.AbstractProblemLoader Environment load took 102.8ns 
87885      INFO  main            d.u.i.k.p.i.AbstractProblemLoader Creating init config 
90502      DEBUG main            d.u.i.k.p.i.AbstractProblemLoader Init config took 2.62s 
90535      INFO  main            d.u.i.k.p.i.AbstractProblemLoader Replaying proof Cell[java.lang.Object::<inv>()].JML accessible clause.0 
90538      DEBUG main            d.u.i.k.p.i.IntermediateProofReplayer Proof replay took 1.45ms 
90538      DEBUG main            d.u.i.k.p.r.p.TestFile    ... success: reloaded. 
90539      INFO  main            d.u.i.k.p.r.p.TestFile    Now processing file /home/runner/work/key/key/key.core/../key.ui/examples/heap/SmansEtAl/Cell_setX.key 
90539      INFO  main            d.u.i.k.p.i.AbstractProblemLoader Loading environment from /home/runner/work/key/key/key.core/../key.ui/examples/heap/SmansEtAl/Cell_setX.key 
90539      DEBUG main            d.u.i.k.p.i.AbstractProblemLoader Environment load took 105ns 
90540      INFO  main            d.u.i.k.p.i.AbstractProblemLoader Creating init config 
93234      DEBUG main            d.u.i.k.p.i.AbstractProblemLoader Init config took 2.69s 
93270      INFO  main            d.u.i.k.p.i.AbstractProblemLoader Replaying proof Cell[Cell::setX(int)].JML normal_behavior operation contract.0 
93271      DEBUG main            d.u.i.k.p.i.IntermediateProofReplayer Proof replay took 5.1ns 
93373      INFO  main            d.u.i.k.p.r.p.TestFile    ... finished proof: closed. 
93572      INFO  main            d.u.i.k.p.i.AbstractProblemLoader Loading environment from /home/runner/work/key/key/key.core/../key.ui/examples/heap/SmansEtAl/Cell_setX.key.proof 
93572      DEBUG main            d.u.i.k.p.i.AbstractProblemLoader Environment load took 105.5ns 
93573      INFO  main            d.u.i.k.p.i.AbstractProblemLoader Creating init config 
96172      DEBUG main            d.u.i.k.p.i.AbstractProblemLoader Init config took 2.6s 
96204      INFO  main            d.u.i.k.p.i.AbstractProblemLoader Replaying proof Cell[Cell::setX(int)].JML normal_behavior operation contract.0 
96225      DEBUG main            d.u.i.k.p.i.IntermediateProofReplayer Proof replay took 19.58ms 
96226      DEBUG main            d.u.i.k.p.r.p.TestFile    ... success: reloaded. 
96227      INFO  main            d.u.i.k.p.r.p.TestFile    Now processing file /home/runner/work/key/key/key.core/../key.ui/examples/heap/SmansEtAl/CellClient_m.key 
96227      INFO  main            d.u.i.k.p.i.AbstractProblemLoader Loading environment from /home/runner/work/key/key/key.core/../key.ui/examples/heap/SmansEtAl/CellClient_m.key 
96227      DEBUG main            d.u.i.k.p.i.AbstractProblemLoader Environment load took 104.7ns 
96228      INFO  main            d.u.i.k.p.i.AbstractProblemLoader Creating init config 
98901      DEBUG main            d.u.i.k.p.i.AbstractProblemLoader Init config took 2.67s 
98934      INFO  main            d.u.i.k.p.i.AbstractProblemLoader Replaying proof CellClient[CellClient::m()].JML operation contract.0 
98935      DEBUG main            d.u.i.k.p.i.IntermediateProofReplayer Proof replay took 6.6ns 
99438      INFO  main            d.u.i.k.p.r.p.TestFile    ... finished proof: closed. 
99657      INFO  main            d.u.i.k.p.i.AbstractProblemLoader Loading environment from /home/runner/work/key/key/key.core/../key.ui/examples/heap/SmansEtAl/CellClient_m.key.proof 
99657      DEBUG main            d.u.i.k.p.i.AbstractProblemLoader Environment load took 150.3ns 
99658      INFO  main            d.u.i.k.p.i.AbstractProblemLoader Creating init config 
102256     DEBUG main            d.u.i.k.p.i.AbstractProblemLoader Init config took 2.6s 
102289     INFO  main            d.u.i.k.p.i.AbstractProblemLoader Replaying proof CellClient[CellClient::m()].JML operation contract.0 
102388     DEBUG main            d.u.i.k.p.i.IntermediateProofReplayer Proof replay took 94.71ms 
102389     DEBUG main            d.u.i.k.p.r.p.TestFile    ... success: reloaded. 
102390     INFO  main            d.u.i.k.p.r.p.TestFile    Now processing file /home/runner/work/key/key/key.core/../key.ui/examples/heap/SmansEtAl/Iterator_footprint.key 
102390     INFO  main            d.u.i.k.p.i.AbstractProblemLoader Loading environment from /home/runner/work/key/key/key.core/../key.ui/examples/heap/SmansEtAl/Iterator_footprint.key 
102390     DEBUG main            d.u.i.k.p.i.AbstractProblemLoader Environment load took 161.4ns 
102391     INFO  main            d.u.i.k.p.i.AbstractProblemLoader Creating init config 
105144     DEBUG main            d.u.i.k.p.i.AbstractProblemLoader Init config took 2.75s 
105179     INFO  main            d.u.i.k.p.i.AbstractProblemLoader Replaying proof Iterator[Iterator::$footprint()].JML accessible clause.0 
105181     DEBUG main            d.u.i.k.p.i.IntermediateProofReplayer Proof replay took 5.5ns 
105282     INFO  main            d.u.i.k.p.r.p.TestFile    ... finished proof: closed. 
105495     INFO  main            d.u.i.k.p.i.AbstractProblemLoader Loading environment from /home/runner/work/key/key/key.core/../key.ui/examples/heap/SmansEtAl/Iterator_footprint.key.proof 
105495     DEBUG main            d.u.i.k.p.i.AbstractProblemLoader Environment load took 100.2ns 
105496     INFO  main            d.u.i.k.p.i.AbstractProblemLoader Creating init config 
108110     DEBUG main            d.u.i.k.p.i.AbstractProblemLoader Init config took 2.61s 
108146     INFO  main            d.u.i.k.p.i.AbstractProblemLoader Replaying proof Iterator[Iterator::$footprint()].JML accessible clause.0 
108157     DEBUG main            d.u.i.k.p.i.IntermediateProofReplayer Proof replay took 7.62ms 
108158     DEBUG main            d.u.i.k.p.r.p.TestFile    ... success: reloaded. 
108159     INFO  main            d.u.i.k.p.r.p.TestFile    Now processing file /home/runner/work/key/key/key.core/../key.ui/examples/heap/SmansEtAl/Iterator_hasNext_dep.key 
108160     INFO  main            d.u.i.k.p.i.AbstractProblemLoader Loading environment from /home/runner/work/key/key/key.core/../key.ui/examples/heap/SmansEtAl/Iterator_hasNext_dep.key 
108160     DEBUG main            d.u.i.k.p.i.AbstractProblemLoader Environment load took 91.7ns 
108161     INFO  main            d.u.i.k.p.i.AbstractProblemLoader Creating init config 
110811     DEBUG main            d.u.i.k.p.i.AbstractProblemLoader Init config took 2.65s 
110850     INFO  main            d.u.i.k.p.i.AbstractProblemLoader Replaying proof Iterator[Iterator::hasNext()].JML accessible clause.0 
110851     DEBUG main            d.u.i.k.p.i.IntermediateProofReplayer Proof replay took 6ns 
111456     INFO  main            d.u.i.k.p.r.p.TestFile    ... finished proof: closed. 
111675     INFO  main            d.u.i.k.p.i.AbstractProblemLoader Loading environment from /home/runner/work/key/key/key.core/../key.ui/examples/heap/SmansEtAl/Iterator_hasNext_dep.key.proof 
111675     DEBUG main            d.u.i.k.p.i.AbstractProblemLoader Environment load took 392.1ns 
111676     INFO  main            d.u.i.k.p.i.AbstractProblemLoader Creating init config 
114281     DEBUG main            d.u.i.k.p.i.AbstractProblemLoader Init config took 2.6s 
114322     INFO  main            d.u.i.k.p.i.AbstractProblemLoader Replaying proof Iterator[Iterator::hasNext()].JML accessible clause.0 
114404     DEBUG main            d.u.i.k.p.i.IntermediateProofReplayer Proof replay took 76.43ms 
114405     DEBUG main            d.u.i.k.p.r.p.TestFile    ... success: reloaded. 
114406     INFO  main            d.u.i.k.p.r.p.TestFile    Now processing file /home/runner/work/key/key/key.core/../key.ui/examples/heap/SmansEtAl/Iterator_hasNext.key 
114406     INFO  main            d.u.i.k.p.i.AbstractProblemLoader Loading environment from /home/runner/work/key/key/key.core/../key.ui/examples/heap/SmansEtAl/Iterator_hasNext.key 
114406     DEBUG main            d.u.i.k.p.i.AbstractProblemLoader Environment load took 48.1ns 
114407     INFO  main            d.u.i.k.p.i.AbstractProblemLoader Creating init config 
117084     DEBUG main            d.u.i.k.p.i.AbstractProblemLoader Init config took 2.68s 
117121     INFO  main            d.u.i.k.p.i.AbstractProblemLoader Replaying proof Iterator[Iterator::hasNext()].JML normal_behavior operation contract.0 
117122     DEBUG main            d.u.i.k.p.i.IntermediateProofReplayer Proof replay took 5.1ns 
117625     INFO  main            d.u.i.k.p.r.p.TestFile    ... finished proof: closed. 
117835     INFO  main            d.u.i.k.p.i.AbstractProblemLoader Loading environment from /home/runner/work/key/key/key.core/../key.ui/examples/heap/SmansEtAl/Iterator_hasNext.key.proof 
117835     DEBUG main            d.u.i.k.p.i.AbstractProblemLoader Environment load took 416.1ns 
117837     INFO  main            d.u.i.k.p.i.AbstractProblemLoader Creating init config 
120426     DEBUG main            d.u.i.k.p.i.AbstractProblemLoader Init config took 2.59s 
120471     INFO  main            d.u.i.k.p.i.AbstractProblemLoader Replaying proof Iterator[Iterator::hasNext()].JML normal_behavior operation contract.0 
120548     DEBUG main            d.u.i.k.p.i.IntermediateProofReplayer Proof replay took 70.81ms 
120548     DEBUG main            d.u.i.k.p.r.p.TestFile    ... success: reloaded. 
120549     INFO  main            d.u.i.k.p.r.p.TestFile    Now processing file /home/runner/work/key/key/key.core/../key.ui/examples/heap/SmansEtAl/Iterator_inv.key 
120550     INFO  main            d.u.i.k.p.i.AbstractProblemLoader Loading environment from /home/runner/work/key/key/key.core/../key.ui/examples/heap/SmansEtAl/Iterator_inv.key 
120550     DEBUG main            d.u.i.k.p.i.AbstractProblemLoader Environment load took 84.6ns 
120550     INFO  main            d.u.i.k.p.i.AbstractProblemLoader Creating init config 
123201     DEBUG main            d.u.i.k.p.i.AbstractProblemLoader Init config took 2.65s 
123236     INFO  main            d.u.i.k.p.i.AbstractProblemLoader Replaying proof Iterator[java.lang.Object::<inv>()].JML accessible clause.0 
123237     DEBUG main            d.u.i.k.p.i.IntermediateProofReplayer Proof replay took 5.1ns 
123439     INFO  main            d.u.i.k.p.r.p.TestFile    ... finished proof: closed. 
123665     INFO  main            d.u.i.k.p.i.AbstractProblemLoader Loading environment from /home/runner/work/key/key/key.core/../key.ui/examples/heap/SmansEtAl/Iterator_inv.key.proof 
123666     DEBUG main            d.u.i.k.p.i.AbstractProblemLoader Environment load took 97.1ns 
123666     INFO  main            d.u.i.k.p.i.AbstractProblemLoader Creating init config 
126255     DEBUG main            d.u.i.k.p.i.AbstractProblemLoader Init config took 2.59s 
126289     INFO  main            d.u.i.k.p.i.AbstractProblemLoader Replaying proof Iterator[java.lang.Object::<inv>()].JML accessible clause.0 
126312     DEBUG main            d.u.i.k.p.i.IntermediateProofReplayer Proof replay took 20.51ms 
126313     DEBUG main            d.u.i.k.p.r.p.TestFile    ... success: reloaded. 
126314     INFO  main            d.u.i.k.p.r.p.TestFile    Now processing file /home/runner/work/key/key/key.core/../key.ui/examples/heap/SmansEtAl/Iterator_Iterator.key 
126314     INFO  main            d.u.i.k.p.i.AbstractProblemLoader Loading environment from /home/runner/work/key/key/key.core/../key.ui/examples/heap/SmansEtAl/Iterator_Iterator.key 
126314     DEBUG main            d.u.i.k.p.i.AbstractProblemLoader Environment load took 100.6ns 
126315     INFO  main            d.u.i.k.p.i.AbstractProblemLoader Creating init config 
128984     DEBUG main            d.u.i.k.p.i.AbstractProblemLoader Init config took 2.67s 
129019     INFO  main            d.u.i.k.p.i.AbstractProblemLoader Replaying proof Iterator[Iterator::Iterator(ArrayList)].JML normal_behavior operation contract.0 
129020     DEBUG main            d.u.i.k.p.i.IntermediateProofReplayer Proof replay took 5ns 
130327     INFO  main            d.u.i.k.p.r.p.TestFile    ... finished proof: closed. 
130572     INFO  main            d.u.i.k.p.i.AbstractProblemLoader Loading environment from /home/runner/work/key/key/key.core/../key.ui/examples/heap/SmansEtAl/Iterator_Iterator.key.proof 
130573     DEBUG main            d.u.i.k.p.i.AbstractProblemLoader Environment load took 347.7ns 
130574     INFO  main            d.u.i.k.p.i.AbstractProblemLoader Creating init config 
133150     DEBUG main            d.u.i.k.p.i.AbstractProblemLoader Init config took 2.58s 
133186     INFO  main            d.u.i.k.p.i.AbstractProblemLoader Replaying proof Iterator[Iterator::Iterator(ArrayList)].JML normal_behavior operation contract.0 
133356     DEBUG main            d.u.i.k.p.i.IntermediateProofReplayer Proof replay took 157.15ms 
133357     DEBUG main            d.u.i.k.p.r.p.TestFile    ... success: reloaded. 
133358     INFO  main            d.u.i.k.p.r.p.TestFile    Now processing file /home/runner/work/key/key/key.core/../key.ui/examples/heap/SmansEtAl/Iterator_list_dep.key 
133358     INFO  main            d.u.i.k.p.i.AbstractProblemLoader Loading environment from /home/runner/work/key/key/key.core/../key.ui/examples/heap/SmansEtAl/Iterator_list_dep.key 
133358     DEBUG main            d.u.i.k.p.i.AbstractProblemLoader Environment load took 83.1ns 
133359     INFO  main            d.u.i.k.p.i.AbstractProblemLoader Creating init config 
136009     DEBUG main            d.u.i.k.p.i.AbstractProblemLoader Init config took 2.65s 
136044     INFO  main            d.u.i.k.p.i.AbstractProblemLoader Replaying proof Iterator[Iterator::list()].JML accessible clause.0 
136045     DEBUG main            d.u.i.k.p.i.IntermediateProofReplayer Proof replay took 5.6ns 
136149     INFO  main            d.u.i.k.p.r.p.TestFile    ... finished proof: closed. 
136381     INFO  main            d.u.i.k.p.i.AbstractProblemLoader Loading environment from /home/runner/work/key/key/key.core/../key.ui/examples/heap/SmansEtAl/Iterator_list_dep.key.proof 
136381     DEBUG main            d.u.i.k.p.i.AbstractProblemLoader Environment load took 98.3ns 
136382     INFO  main            d.u.i.k.p.i.AbstractProblemLoader Creating init config 
138959     DEBUG main            d.u.i.k.p.i.AbstractProblemLoader Init config took 2.58s 
138993     INFO  main            d.u.i.k.p.i.AbstractProblemLoader Replaying proof Iterator[Iterator::list()].JML accessible clause.0 
139010     DEBUG main            d.u.i.k.p.i.IntermediateProofReplayer Proof replay took 15.73ms 
139011     DEBUG main            d.u.i.k.p.r.p.TestFile    ... success: reloaded. 
139012     INFO  main            d.u.i.k.p.r.p.TestFile    Now processing file /home/runner/work/key/key/key.core/../key.ui/examples/heap/SmansEtAl/Iterator_list.key 
139012     INFO  main            d.u.i.k.p.i.AbstractProblemLoader Loading environment from /home/runner/work/key/key/key.core/../key.ui/examples/heap/SmansEtAl/Iterator_list.key 
139012     DEBUG main            d.u.i.k.p.i.AbstractProblemLoader Environment load took 86.5ns 
139013     INFO  main            d.u.i.k.p.i.AbstractProblemLoader Creating init config 
141650     DEBUG main            d.u.i.k.p.i.AbstractProblemLoader Init config took 2.64s 
141684     INFO  main            d.u.i.k.p.i.AbstractProblemLoader Replaying proof Iterator[Iterator::list()].JML normal_behavior operation contract.0 
141686     DEBUG main            d.u.i.k.p.i.IntermediateProofReplayer Proof replay took 5.9ns 
141787     INFO  main            d.u.i.k.p.r.p.TestFile    ... finished proof: closed. 
142026     INFO  main            d.u.i.k.p.i.AbstractProblemLoader Loading environment from /home/runner/work/key/key/key.core/../key.ui/examples/heap/SmansEtAl/Iterator_list.key.proof 
142026     DEBUG main            d.u.i.k.p.i.AbstractProblemLoader Environment load took 91.9ns 
142027     INFO  main            d.u.i.k.p.i.AbstractProblemLoader Creating init config 
144625     DEBUG main            d.u.i.k.p.i.AbstractProblemLoader Init config took 2.6s 
144660     INFO  main            d.u.i.k.p.i.AbstractProblemLoader Replaying proof Iterator[Iterator::list()].JML normal_behavior operation contract.0 
144676     DEBUG main            d.u.i.k.p.i.IntermediateProofReplayer Proof replay took 13.83ms 
144677     DEBUG main            d.u.i.k.p.r.p.TestFile    ... success: reloaded. 
144678     INFO  main            d.u.i.k.p.r.p.TestFile    Now processing file /home/runner/work/key/key/key.core/../key.ui/examples/heap/SmansEtAl/Iterator_next.key 
144678     INFO  main            d.u.i.k.p.i.AbstractProblemLoader Loading environment from /home/runner/work/key/key/key.core/../key.ui/examples/heap/SmansEtAl/Iterator_next.key 
144678     DEBUG main            d.u.i.k.p.i.AbstractProblemLoader Environment load took 80.2ns 
144679     INFO  main            d.u.i.k.p.i.AbstractProblemLoader Creating init config 
147330     DEBUG main            d.u.i.k.p.i.AbstractProblemLoader Init config took 2.65s 
147364     INFO  main            d.u.i.k.p.i.AbstractProblemLoader Replaying proof Iterator[Iterator::next()].JML normal_behavior operation contract.0 
147366     DEBUG main            d.u.i.k.p.i.IntermediateProofReplayer Proof replay took 5.2ns 
150076     INFO  main            d.u.i.k.p.r.p.TestFile    ... finished proof: closed. 
150343     INFO  main            d.u.i.k.p.i.AbstractProblemLoader Loading environment from /home/runner/work/key/key/key.core/../key.ui/examples/heap/SmansEtAl/Iterator_next.key.proof 
150343     DEBUG main            d.u.i.k.p.i.AbstractProblemLoader Environment load took 164.1ns 
150345     INFO  main            d.u.i.k.p.i.AbstractProblemLoader Creating init config 
152942     DEBUG main            d.u.i.k.p.i.AbstractProblemLoader Init config took 2.6s 
152987     INFO  main            d.u.i.k.p.i.AbstractProblemLoader Replaying proof Iterator[Iterator::next()].JML normal_behavior operation contract.0 
153266     DEBUG main            d.u.i.k.p.i.IntermediateProofReplayer Proof replay took 261.73ms 
153268     DEBUG main            d.u.i.k.p.r.p.TestFile    ... success: reloaded. 
153269     INFO  main            d.u.i.k.p.r.p.TestFile    Now processing file /home/runner/work/key/key/key.core/../key.ui/examples/heap/SmansEtAl/Stack_footprint.key 
153269     INFO  main            d.u.i.k.p.i.AbstractProblemLoader Loading environment from /home/runner/work/key/key/key.core/../key.ui/examples/heap/SmansEtAl/Stack_footprint.key 
153270     DEBUG main            d.u.i.k.p.i.AbstractProblemLoader Environment load took 169.3ns 
153270     INFO  main            d.u.i.k.p.i.AbstractProblemLoader Creating init config 
155934     DEBUG main            d.u.i.k.p.i.AbstractProblemLoader Init config took 2.66s 
155966     INFO  main            d.u.i.k.p.i.AbstractProblemLoader Replaying proof Stack[Stack::$footprint()].JML accessible clause.0 
155967     DEBUG main            d.u.i.k.p.i.IntermediateProofReplayer Proof replay took 5.9ns 
156169     INFO  main            d.u.i.k.p.r.p.TestFile    ... finished proof: closed. 
156432     INFO  main            d.u.i.k.p.i.AbstractProblemLoader Loading environment from /home/runner/work/key/key/key.core/../key.ui/examples/heap/SmansEtAl/Stack_footprint.key.proof 
156432     DEBUG main            d.u.i.k.p.i.AbstractProblemLoader Environment load took 94.7ns 
156434     INFO  main            d.u.i.k.p.i.AbstractProblemLoader Creating init config 
159003     DEBUG main            d.u.i.k.p.i.AbstractProblemLoader Init config took 2.57s 
159036     INFO  main            d.u.i.k.p.i.AbstractProblemLoader Replaying proof Stack[Stack::$footprint()].JML accessible clause.0 
159061     DEBUG main            d.u.i.k.p.i.IntermediateProofReplayer Proof replay took 22.12ms 
159062     DEBUG main            d.u.i.k.p.r.p.TestFile    ... success: reloaded. 
159063     INFO  main            d.u.i.k.p.r.p.TestFile    Now processing file /home/runner/work/key/key/key.core/../key.ui/examples/heap/SmansEtAl/Stack_inv.key 
159063     INFO  main            d.u.i.k.p.i.AbstractProblemLoader Loading environment from /home/runner/work/key/key/key.core/../key.ui/examples/heap/SmansEtAl/Stack_inv.key 
159063     DEBUG main            d.u.i.k.p.i.AbstractProblemLoader Environment load took 169.1ns 
159064     INFO  main            d.u.i.k.p.i.AbstractProblemLoader Creating init config 
161682     DEBUG main            d.u.i.k.p.i.AbstractProblemLoader Init config took 2.62s 
161714     INFO  main            d.u.i.k.p.i.AbstractProblemLoader Replaying proof Stack[java.lang.Object::<inv>()].JML accessible clause.0 
161716     DEBUG main            d.u.i.k.p.i.IntermediateProofReplayer Proof replay took 6.3ns 
161817     INFO  main            d.u.i.k.p.r.p.TestFile    ... finished proof: closed. 
162071     INFO  main            d.u.i.k.p.i.AbstractProblemLoader Loading environment from /home/runner/work/key/key/key.core/../key.ui/examples/heap/SmansEtAl/Stack_inv.key.proof 
162071     DEBUG main            d.u.i.k.p.i.AbstractProblemLoader Environment load took 95ns 
162072     INFO  main            d.u.i.k.p.i.AbstractProblemLoader Creating init config 
164643     DEBUG main            d.u.i.k.p.i.AbstractProblemLoader Init config took 2.57s 
164675     INFO  main            d.u.i.k.p.i.AbstractProblemLoader Replaying proof Stack[java.lang.Object::<inv>()].JML accessible clause.0 
164686     DEBUG main            d.u.i.k.p.i.IntermediateProofReplayer Proof replay took 9.07ms 
164686     DEBUG main            d.u.i.k.p.r.p.TestFile    ... success: reloaded. 
164687     INFO  main            d.u.i.k.p.r.p.TestFile    Now processing file /home/runner/work/key/key/key.core/../key.ui/examples/heap/SmansEtAl/Stack_push.key 
164687     INFO  main            d.u.i.k.p.i.AbstractProblemLoader Loading environment from /home/runner/work/key/key/key.core/../key.ui/examples/heap/SmansEtAl/Stack_push.key 
164688     DEBUG main            d.u.i.k.p.i.AbstractProblemLoader Environment load took 171.7ns 
164688     INFO  main            d.u.i.k.p.i.AbstractProblemLoader Creating init config 
167317     DEBUG main            d.u.i.k.p.i.AbstractProblemLoader Init config took 2.63s 
167353     INFO  main            d.u.i.k.p.i.AbstractProblemLoader Replaying proof Stack[Stack::push(java.lang.Object)].JML normal_behavior operation contract.0 
167354     DEBUG main            d.u.i.k.p.i.IntermediateProofReplayer Proof replay took 5.6ns 
168057     INFO  main            d.u.i.k.p.r.p.TestFile    ... finished proof: closed. 
168321     INFO  main            d.u.i.k.p.i.AbstractProblemLoader Loading environment from /home/runner/work/key/key/key.core/../key.ui/examples/heap/SmansEtAl/Stack_push.key.proof 
168322     DEBUG main            d.u.i.k.p.i.AbstractProblemLoader Environment load took 352.4ns 
168323     INFO  main            d.u.i.k.p.i.AbstractProblemLoader Creating init config 
170923     DEBUG main            d.u.i.k.p.i.AbstractProblemLoader Init config took 2.6s 
170957     INFO  main            d.u.i.k.p.i.AbstractProblemLoader Replaying proof Stack[Stack::push(java.lang.Object)].JML normal_behavior operation contract.0 
171093     DEBUG main            d.u.i.k.p.i.IntermediateProofReplayer Proof replay took 131.29ms 
171094     DEBUG main            d.u.i.k.p.r.p.TestFile    ... success: reloaded. 
171095     INFO  main            d.u.i.k.p.r.p.TestFile    Now processing file /home/runner/work/key/key/key.core/../key.ui/examples/heap/SmansEtAl/Stack_size.key 
171095     INFO  main            d.u.i.k.p.i.AbstractProblemLoader Loading environment from /home/runner/work/key/key/key.core/../key.ui/examples/heap/SmansEtAl/Stack_size.key 
171095     DEBUG main            d.u.i.k.p.i.AbstractProblemLoader Environment load took 69.5ns 
171096     INFO  main            d.u.i.k.p.i.AbstractProblemLoader Creating init config 
173746     DEBUG main            d.u.i.k.p.i.AbstractProblemLoader Init config took 2.65s 
173778     INFO  main            d.u.i.k.p.i.AbstractProblemLoader Replaying proof Stack[Stack::size()].JML accessible clause.0 
173780     DEBUG main            d.u.i.k.p.i.IntermediateProofReplayer Proof replay took 6ns 
173981     INFO  main            d.u.i.k.p.r.p.TestFile    ... finished proof: closed. 
174257     INFO  main            d.u.i.k.p.i.AbstractProblemLoader Loading environment from /home/runner/work/key/key/key.core/../key.ui/examples/heap/SmansEtAl/Stack_size.key.proof 
174257     DEBUG main            d.u.i.k.p.i.AbstractProblemLoader Environment load took 84.6ns 
174258     INFO  main            d.u.i.k.p.i.AbstractProblemLoader Creating init config 
176836     DEBUG main            d.u.i.k.p.i.AbstractProblemLoader Init config took 2.58s 
176868     INFO  main            d.u.i.k.p.i.AbstractProblemLoader Replaying proof Stack[Stack::size()].JML accessible clause.0 
176908     DEBUG main            d.u.i.k.p.i.IntermediateProofReplayer Proof replay took 37.5ms 
176909     DEBUG main            d.u.i.k.p.r.p.TestFile    ... success: reloaded. 
176910     INFO  main            d.u.i.k.p.r.p.TestFile    Now processing file /home/runner/work/key/key/key.core/../key.ui/examples/heap/SmansEtAl/Stack_Stack.key 
176910     INFO  main            d.u.i.k.p.i.AbstractProblemLoader Loading environment from /home/runner/work/key/key/key.core/../key.ui/examples/heap/SmansEtAl/Stack_Stack.key 
176911     DEBUG main            d.u.i.k.p.i.AbstractProblemLoader Environment load took 163.9ns 
176911     INFO  main            d.u.i.k.p.i.AbstractProblemLoader Creating init config 
179566     DEBUG main            d.u.i.k.p.i.AbstractProblemLoader Init config took 2.65s 
179600     INFO  main            d.u.i.k.p.i.AbstractProblemLoader Replaying proof Stack[Stack::Stack()].JML normal_behavior operation contract.0 
179602     DEBUG main            d.u.i.k.p.i.IntermediateProofReplayer Proof replay took 6.1ns 
180706     INFO  main            d.u.i.k.p.r.p.TestFile    ... finished proof: closed. 
180987     INFO  main            d.u.i.k.p.i.AbstractProblemLoader Loading environment from /home/runner/work/key/key/key.core/../key.ui/examples/heap/SmansEtAl/Stack_Stack.key.proof 
180988     DEBUG main            d.u.i.k.p.i.AbstractProblemLoader Environment load took 96ns 
180989     INFO  main            d.u.i.k.p.i.AbstractProblemLoader Creating init config 
183586     DEBUG main            d.u.i.k.p.i.AbstractProblemLoader Init config took 2.6s 
183619     INFO  main            d.u.i.k.p.i.AbstractProblemLoader Replaying proof Stack[Stack::Stack()].JML normal_behavior operation contract.0 
183788     DEBUG main            d.u.i.k.p.i.IntermediateProofReplayer Proof replay took 162.27ms 
183789     DEBUG main            d.u.i.k.p.r.p.TestFile    ... success: reloaded. 
183790     INFO  main            d.u.i.k.p.r.p.TestFile    Now processing file /home/runner/work/key/key/key.core/../key.ui/examples/heap/SmansEtAl/Stack_switchContents.key 
183790     INFO  main            d.u.i.k.p.i.AbstractProblemLoader Loading environment from /home/runner/work/key/key/key.core/../key.ui/examples/heap/SmansEtAl/Stack_switchContents.key 
183790     DEBUG main            d.u.i.k.p.i.AbstractProblemLoader Environment load took 58ns 
183791     INFO  main            d.u.i.k.p.i.AbstractProblemLoader Creating init config 
186425     DEBUG main            d.u.i.k.p.i.AbstractProblemLoader Init config took 2.63s 
186458     INFO  main            d.u.i.k.p.i.AbstractProblemLoader Replaying proof Stack[Stack::switchContents(Stack)].JML normal_behavior operation contract.0 
186459     DEBUG main            d.u.i.k.p.i.IntermediateProofReplayer Proof replay took 5.5ns 
191123     INFO  main            d.u.i.k.p.r.p.TestFile    ... finished proof: closed. 
191416     INFO  main            d.u.i.k.p.i.AbstractProblemLoader Loading environment from /home/runner/work/key/key/key.core/../key.ui/examples/heap/SmansEtAl/Stack_switchContents.key.proof 
191416     DEBUG main            d.u.i.k.p.i.AbstractProblemLoader Environment load took 352.6ns 
191418     INFO  main            d.u.i.k.p.i.AbstractProblemLoader Creating init config 
193996     DEBUG main            d.u.i.k.p.i.AbstractProblemLoader Init config took 2.58s 
194029     INFO  main            d.u.i.k.p.i.AbstractProblemLoader Replaying proof Stack[Stack::switchContents(Stack)].JML normal_behavior operation contract.0 
194466     DEBUG main            d.u.i.k.p.i.IntermediateProofReplayer Proof replay took 421.13ms 
194468     DEBUG main            d.u.i.k.p.r.p.TestFile    ... success: reloaded. 
2032167    INFO  Test worker     d.u.i.k.p.r.RunAllProofsTestUnit Returning from test SmansEtAl 
2032168    INFO  Test worker     d.u.i.k.p.r.RunAllProofsTestUnit Running test VACID0 
365        INFO  Timeout watchdog d.u.i.k.p.r.p.ForkedTestFileRunner Timeout watcher launched (2000 secs.) 
381        WARN  main            d.u.i.k.s.ProofSettings   The settings in /home/runner/.key/proof-settings.props are *not* read. 
407        INFO  main            d.u.i.k.p.r.p.TestFile    Now processing file /home/runner/work/key/key/key.core/../key.ui/examples/heap/vacid0_01_SparseArray/Harness_sparseArrayTestHarness1.key 
517        INFO  main            d.u.i.k.p.i.AbstractProblemLoader Loading environment from /home/runner/work/key/key/key.core/../key.ui/examples/heap/vacid0_01_SparseArray/Harness_sparseArrayTestHarness1.key 
536        DEBUG main            d.u.i.k.p.i.AbstractProblemLoader Environment load took 2.1ms 
745        INFO  main            d.u.i.k.p.i.AbstractProblemLoader Creating init config 
1614       DEBUG main            d.u.i.k.j.TypeConverter   No LDT found for Meta 
1615       DEBUG main            d.u.i.k.j.TypeConverter   No LDT found for Meta 
1618       DEBUG main            d.u.i.k.j.TypeConverter   No LDT found for Meta 
1618       DEBUG main            d.u.i.k.j.TypeConverter   No LDT found for Meta 
3028       DEBUG main            d.u.i.k.j.TypeConverter   No LDT found for JavaBigintExpression 
7950       DEBUG main            d.u.i.k.p.i.AbstractProblemLoader Init config took 7.2s 
8127       INFO  main            d.u.i.k.p.i.AbstractProblemLoader Replaying proof Harness[Harness::sparseArrayTestHarness1()].JML normal_behavior operation contract.0 
8159       DEBUG main            d.u.i.k.p.i.IntermediateProofReplayer Proof replay took 30.2ns 
9693       INFO  main            d.u.i.k.p.r.p.TestFile    ... finished proof: closed. 
9827       INFO  main            d.u.i.k.p.i.AbstractProblemLoader Loading environment from /home/runner/work/key/key/key.core/../key.ui/examples/heap/vacid0_01_SparseArray/Harness_sparseArrayTestHarness1.key.proof 
9828       DEBUG main            d.u.i.k.p.i.AbstractProblemLoader Environment load took 394.7ns 
9833       INFO  main            d.u.i.k.p.i.AbstractProblemLoader Creating init config 
12710      DEBUG main            d.u.i.k.p.i.AbstractProblemLoader Init config took 2.88s 
12788      INFO  main            d.u.i.k.p.i.AbstractProblemLoader Replaying proof Harness[Harness::sparseArrayTestHarness1()].JML normal_behavior operation contract.0 
13008      DEBUG main            d.u.i.k.p.i.IntermediateProofReplayer Proof replay took 202.51ms 
13016      DEBUG main            d.u.i.k.p.r.p.TestFile    ... success: reloaded. 
13019      INFO  main            d.u.i.k.p.r.p.TestFile    Now processing file /home/runner/work/key/key/key.core/../key.ui/examples/heap/vacid0_01_SparseArray/Harness_sparseArrayTestHarness2.key 
13019      INFO  main            d.u.i.k.p.i.AbstractProblemLoader Loading environment from /home/runner/work/key/key/key.core/../key.ui/examples/heap/vacid0_01_SparseArray/Harness_sparseArrayTestHarness2.key 
13020      DEBUG main            d.u.i.k.p.i.AbstractProblemLoader Environment load took 1.24ms 
13024      INFO  main            d.u.i.k.p.i.AbstractProblemLoader Creating init config 
15693      DEBUG main            d.u.i.k.p.i.AbstractProblemLoader Init config took 2.67s 
15747      INFO  main            d.u.i.k.p.i.AbstractProblemLoader Replaying proof Harness[Harness::sparseArrayTestHarness2()].JML normal_behavior operation contract.0 
15749      DEBUG main            d.u.i.k.p.i.IntermediateProofReplayer Proof replay took 4.7ns 
24622      INFO  main            d.u.i.k.p.r.p.TestFile    ... finished proof: closed. 
24820      INFO  main            d.u.i.k.p.i.AbstractProblemLoader Loading environment from /home/runner/work/key/key/key.core/../key.ui/examples/heap/vacid0_01_SparseArray/Harness_sparseArrayTestHarness2.key.proof 
24820      DEBUG main            d.u.i.k.p.i.AbstractProblemLoader Environment load took 175.7ns 
24822      INFO  main            d.u.i.k.p.i.AbstractProblemLoader Creating init config 
27448      DEBUG main            d.u.i.k.p.i.AbstractProblemLoader Init config took 2.63s 
27496      INFO  main            d.u.i.k.p.i.AbstractProblemLoader Replaying proof Harness[Harness::sparseArrayTestHarness2()].JML normal_behavior operation contract.0 
28483      DEBUG main            d.u.i.k.p.i.IntermediateProofReplayer Proof replay took 943ms 
28485      DEBUG main            d.u.i.k.p.r.p.TestFile    ... success: reloaded. 
28487      INFO  main            d.u.i.k.p.r.p.TestFile    Now processing file /home/runner/work/key/key/key.core/../key.ui/examples/heap/vacid0_01_SparseArray/MemoryAllocator_alloc_unsigned.key 
28487      INFO  main            d.u.i.k.p.i.AbstractProblemLoader Loading environment from /home/runner/work/key/key/key.core/../key.ui/examples/heap/vacid0_01_SparseArray/MemoryAllocator_alloc_unsigned.key 
28487      DEBUG main            d.u.i.k.p.i.AbstractProblemLoader Environment load took 202.5ns 
28488      INFO  main            d.u.i.k.p.i.AbstractProblemLoader Creating init config 
31086      DEBUG main            d.u.i.k.p.i.AbstractProblemLoader Init config took 2.6s 
31129      INFO  main            d.u.i.k.p.i.AbstractProblemLoader Replaying proof MemoryAllocator[MemoryAllocator::alloc_unsigned(int)].JML normal_behavior operation contract.0 
31131      DEBUG main            d.u.i.k.p.i.IntermediateProofReplayer Proof replay took 14.1ns 
31955      INFO  main            d.u.i.k.p.r.p.TestFile    ... finished proof: closed. 
32136      INFO  main            d.u.i.k.p.i.AbstractProblemLoader Loading environment from /home/runner/work/key/key/key.core/../key.ui/examples/heap/vacid0_01_SparseArray/MemoryAllocator_alloc_unsigned.key.proof 
32137      DEBUG main            d.u.i.k.p.i.AbstractProblemLoader Environment load took 381ns 
32138      INFO  main            d.u.i.k.p.i.AbstractProblemLoader Creating init config 
34644      DEBUG main            d.u.i.k.p.i.AbstractProblemLoader Init config took 2.51s 
34685      INFO  main            d.u.i.k.p.i.AbstractProblemLoader Replaying proof MemoryAllocator[MemoryAllocator::alloc_unsigned(int)].JML normal_behavior operation contract.0 
34885      DEBUG main            d.u.i.k.p.i.IntermediateProofReplayer Proof replay took 194.58ms 
34886      DEBUG main            d.u.i.k.p.r.p.TestFile    ... success: reloaded. 
34888      INFO  main            d.u.i.k.p.r.p.TestFile    Now processing file /home/runner/work/key/key/key.core/../key.ui/examples/heap/vacid0_01_SparseArray/MemoryAllocator_alloc.key 
34888      INFO  main            d.u.i.k.p.i.AbstractProblemLoader Loading environment from /home/runner/work/key/key/key.core/../key.ui/examples/heap/vacid0_01_SparseArray/MemoryAllocator_alloc.key 
34888      DEBUG main            d.u.i.k.p.i.AbstractProblemLoader Environment load took 240.7ns 
34889      INFO  main            d.u.i.k.p.i.AbstractProblemLoader Creating init config 
37452      DEBUG main            d.u.i.k.p.i.AbstractProblemLoader Init config took 2.56s 
37497      INFO  main            d.u.i.k.p.i.AbstractProblemLoader Replaying proof MemoryAllocator[MemoryAllocator::alloc(int)].JML normal_behavior operation contract.0 
37499      DEBUG main            d.u.i.k.p.i.IntermediateProofReplayer Proof replay took 5.5ns 
38103      INFO  main            d.u.i.k.p.r.p.TestFile    ... finished proof: closed. 
38248      INFO  main            d.u.i.k.p.i.AbstractProblemLoader Loading environment from /home/runner/work/key/key/key.core/../key.ui/examples/heap/vacid0_01_SparseArray/MemoryAllocator_alloc.key.proof 
38249      DEBUG main            d.u.i.k.p.i.AbstractProblemLoader Environment load took 787.1ns 
38250      INFO  main            d.u.i.k.p.i.AbstractProblemLoader Creating init config 
40771      DEBUG main            d.u.i.k.p.i.AbstractProblemLoader Init config took 2.52s 
40836      INFO  main            d.u.i.k.p.i.AbstractProblemLoader Replaying proof MemoryAllocator[MemoryAllocator::alloc(int)].JML normal_behavior operation contract.0 
40973      DEBUG main            d.u.i.k.p.i.IntermediateProofReplayer Proof replay took 132.93ms 
40975      DEBUG main            d.u.i.k.p.r.p.TestFile    ... success: reloaded. 
40976      INFO  main            d.u.i.k.p.r.p.TestFile    Now processing file /home/runner/work/key/key/key.core/../key.ui/examples/heap/vacid0_01_SparseArray/SparseArray_get_dep.key 
40976      INFO  main            d.u.i.k.p.i.AbstractProblemLoader Loading environment from /home/runner/work/key/key/key.core/../key.ui/examples/heap/vacid0_01_SparseArray/SparseArray_get_dep.key 
40976      DEBUG main            d.u.i.k.p.i.AbstractProblemLoader Environment load took 206.2ns 
40977      INFO  main            d.u.i.k.p.i.AbstractProblemLoader Creating init config 
43531      DEBUG main            d.u.i.k.p.i.AbstractProblemLoader Init config took 2.55s 
43591      INFO  main            d.u.i.k.p.i.AbstractProblemLoader Replaying proof SparseArray[SparseArray::get(int)].JML accessible clause.0 
43593      DEBUG main            d.u.i.k.p.i.IntermediateProofReplayer Proof replay took 4.6ns 
46662      INFO  main            d.u.i.k.p.r.p.TestFile    ... finished proof: closed. 
46829      INFO  main            d.u.i.k.p.i.AbstractProblemLoader Loading environment from /home/runner/work/key/key/key.core/../key.ui/examples/heap/vacid0_01_SparseArray/SparseArray_get_dep.key.proof 
46829      DEBUG main            d.u.i.k.p.i.AbstractProblemLoader Environment load took 362.4ns 
46830      INFO  main            d.u.i.k.p.i.AbstractProblemLoader Creating init config 
49338      DEBUG main            d.u.i.k.p.i.AbstractProblemLoader Init config took 2.51s 
49410      INFO  main            d.u.i.k.p.i.AbstractProblemLoader Replaying proof SparseArray[SparseArray::get(int)].JML accessible clause.0 
49705      DEBUG main            d.u.i.k.p.i.IntermediateProofReplayer Proof replay took 282.38ms 
49707      DEBUG main            d.u.i.k.p.r.p.TestFile    ... success: reloaded. 
49708      INFO  main            d.u.i.k.p.r.p.TestFile    Now processing file /home/runner/work/key/key/key.core/../key.ui/examples/heap/vacid0_01_SparseArray/SparseArray_get.key 
49708      INFO  main            d.u.i.k.p.i.AbstractProblemLoader Loading environment from /home/runner/work/key/key/key.core/../key.ui/examples/heap/vacid0_01_SparseArray/SparseArray_get.key 
49708      DEBUG main            d.u.i.k.p.i.AbstractProblemLoader Environment load took 349.3ns 
49709      INFO  main            d.u.i.k.p.i.AbstractProblemLoader Creating init config 
52211      DEBUG main            d.u.i.k.p.i.AbstractProblemLoader Init config took 2.5s 
52269      INFO  main            d.u.i.k.p.i.AbstractProblemLoader Replaying proof SparseArray[SparseArray::get(int)].JML normal_behavior operation contract.0 
52271      DEBUG main            d.u.i.k.p.i.IntermediateProofReplayer Proof replay took 5.7ns 
54378      INFO  main            d.u.i.k.p.r.p.TestFile    ... finished proof: closed. 
54545      INFO  main            d.u.i.k.p.i.AbstractProblemLoader Loading environment from /home/runner/work/key/key/key.core/../key.ui/examples/heap/vacid0_01_SparseArray/SparseArray_get.key.proof 
54546      DEBUG main            d.u.i.k.p.i.AbstractProblemLoader Environment load took 1.37ms 
54548      INFO  main            d.u.i.k.p.i.AbstractProblemLoader Creating init config 
57055      DEBUG main            d.u.i.k.p.i.AbstractProblemLoader Init config took 2.51s 
57120      INFO  main            d.u.i.k.p.i.AbstractProblemLoader Replaying proof SparseArray[SparseArray::get(int)].JML normal_behavior operation contract.0 
57368      DEBUG main            d.u.i.k.p.i.IntermediateProofReplayer Proof replay took 237.58ms 
57370      DEBUG main            d.u.i.k.p.r.p.TestFile    ... success: reloaded. 
57371      INFO  main            d.u.i.k.p.r.p.TestFile    Now processing file /home/runner/work/key/key/key.core/../key.ui/examples/heap/vacid0_01_SparseArray/SparseArray_inv.key 
57371      INFO  main            d.u.i.k.p.i.AbstractProblemLoader Loading environment from /home/runner/work/key/key/key.core/../key.ui/examples/heap/vacid0_01_SparseArray/SparseArray_inv.key 
57372      DEBUG main            d.u.i.k.p.i.AbstractProblemLoader Environment load took 194.9ns 
57373      INFO  main            d.u.i.k.p.i.AbstractProblemLoader Creating init config 
59880      DEBUG main            d.u.i.k.p.i.AbstractProblemLoader Init config took 2.51s 
59936      INFO  main            d.u.i.k.p.i.AbstractProblemLoader Replaying proof SparseArray[java.lang.Object::<inv>()].JML accessible clause.0 
59938      DEBUG main            d.u.i.k.p.i.IntermediateProofReplayer Proof replay took 5.7ns 
61742      INFO  main            d.u.i.k.p.r.p.TestFile    ... finished proof: closed. 
61932      INFO  main            d.u.i.k.p.i.AbstractProblemLoader Loading environment from /home/runner/work/key/key/key.core/../key.ui/examples/heap/vacid0_01_SparseArray/SparseArray_inv.key.proof 
61932      DEBUG main            d.u.i.k.p.i.AbstractProblemLoader Environment load took 369.7ns 
61933      INFO  main            d.u.i.k.p.i.AbstractProblemLoader Creating init config 
64380      DEBUG main            d.u.i.k.p.i.AbstractProblemLoader Init config took 2.45s 
64439      INFO  main            d.u.i.k.p.i.AbstractProblemLoader Replaying proof SparseArray[java.lang.Object::<inv>()].JML accessible clause.0 
64571      DEBUG main            d.u.i.k.p.i.IntermediateProofReplayer Proof replay took 127.14ms 
64572      DEBUG main            d.u.i.k.p.r.p.TestFile    ... success: reloaded. 
64573      INFO  main            d.u.i.k.p.r.p.TestFile    Now processing file /home/runner/work/key/key/key.core/../key.ui/examples/heap/vacid0_01_SparseArray/SparseArray_SparseArray.key 
64573      INFO  main            d.u.i.k.p.i.AbstractProblemLoader Loading environment from /home/runner/work/key/key/key.core/../key.ui/examples/heap/vacid0_01_SparseArray/SparseArray_SparseArray.key 
64574      DEBUG main            d.u.i.k.p.i.AbstractProblemLoader Environment load took 192.5ns 
64575      INFO  main            d.u.i.k.p.i.AbstractProblemLoader Creating init config 
67036      DEBUG main            d.u.i.k.p.i.AbstractProblemLoader Init config took 2.46s 
67093      INFO  main            d.u.i.k.p.i.AbstractProblemLoader Replaying proof SparseArray[SparseArray::SparseArray(int)].JML normal_behavior operation contract.0 
67095      DEBUG main            d.u.i.k.p.i.IntermediateProofReplayer Proof replay took 6ns 
70407      INFO  main            d.u.i.k.p.r.p.TestFile    ... finished proof: closed. 
70605      INFO  main            d.u.i.k.p.i.AbstractProblemLoader Loading environment from /home/runner/work/key/key/key.core/../key.ui/examples/heap/vacid0_01_SparseArray/SparseArray_SparseArray.key.proof 
70605      DEBUG main            d.u.i.k.p.i.AbstractProblemLoader Environment load took 181.5ns 
70606      INFO  main            d.u.i.k.p.i.AbstractProblemLoader Creating init config 
73023      DEBUG main            d.u.i.k.p.i.AbstractProblemLoader Init config took 2.42s 
73079      INFO  main            d.u.i.k.p.i.AbstractProblemLoader Replaying proof SparseArray[SparseArray::SparseArray(int)].JML normal_behavior operation contract.0 
73523      DEBUG main            d.u.i.k.p.i.IntermediateProofReplayer Proof replay took 434.76ms 
73524      DEBUG main            d.u.i.k.p.r.p.TestFile    ... success: reloaded. 
2105874    INFO  Test worker     d.u.i.k.p.r.RunAllProofsTestUnit Returning from test VACID0 
2105875    INFO  Test worker     d.u.i.k.p.r.RunAllProofsTestUnit Running test VSTTE10 
304        INFO  Timeout watchdog d.u.i.k.p.r.p.ForkedTestFileRunner Timeout watcher launched (2000 secs.) 
323        WARN  main            d.u.i.k.s.ProofSettings   The settings in /home/runner/.key/proof-settings.props are *not* read. 
355        INFO  main            d.u.i.k.p.r.p.TestFile    Now processing file /home/runner/work/key/key/key.core/../key.ui/examples/heap/vstte10_01_SumAndMax/SumAndMax_sumAndMax.key 
457        INFO  main            d.u.i.k.p.i.AbstractProblemLoader Loading environment from /home/runner/work/key/key/key.core/../key.ui/examples/heap/vstte10_01_SumAndMax/SumAndMax_sumAndMax.key 
478        DEBUG main            d.u.i.k.p.i.AbstractProblemLoader Environment load took 2.03ms 
717        INFO  main            d.u.i.k.p.i.AbstractProblemLoader Creating init config 
1692       DEBUG main            d.u.i.k.j.TypeConverter   No LDT found for Meta 
1692       DEBUG main            d.u.i.k.j.TypeConverter   No LDT found for Meta 
1695       DEBUG main            d.u.i.k.j.TypeConverter   No LDT found for Meta 
1695       DEBUG main            d.u.i.k.j.TypeConverter   No LDT found for Meta 
2975       DEBUG main            d.u.i.k.j.TypeConverter   No LDT found for JavaBigintExpression 
8191       DEBUG main            d.u.i.k.p.i.AbstractProblemLoader Init config took 7.47s 
8310       INFO  main            d.u.i.k.p.i.AbstractProblemLoader Replaying proof SumAndMax[SumAndMax::sumAndMax([I)].JML normal_behavior operation contract.0 
8340       DEBUG main            d.u.i.k.p.i.IntermediateProofReplayer Proof replay took 28.2ns 
13023      INFO  main            d.u.i.k.p.r.p.TestFile    ... finished proof: closed. 
13182      INFO  main            d.u.i.k.p.i.AbstractProblemLoader Loading environment from /home/runner/work/key/key/key.core/../key.ui/examples/heap/vstte10_01_SumAndMax/SumAndMax_sumAndMax.key.proof 
13182      DEBUG main            d.u.i.k.p.i.AbstractProblemLoader Environment load took 195ns 
13184      INFO  main            d.u.i.k.p.i.AbstractProblemLoader Creating init config 
15939      DEBUG main            d.u.i.k.p.i.AbstractProblemLoader Init config took 2.76s 
16026      INFO  main            d.u.i.k.p.i.AbstractProblemLoader Replaying proof SumAndMax[SumAndMax::sumAndMax([I)].JML normal_behavior operation contract.0 
16705      DEBUG main            d.u.i.k.p.i.IntermediateProofReplayer Proof replay took 647.2ms 
16712      DEBUG main            d.u.i.k.p.r.p.TestFile    ... success: reloaded. 
16714      INFO  main            d.u.i.k.p.r.p.TestFile    Now processing file /home/runner/work/key/key/key.core/../key.ui/examples/heap/vstte10_03_LinkedList/Node_cons.key 
16714      INFO  main            d.u.i.k.p.i.AbstractProblemLoader Loading environment from /home/runner/work/key/key/key.core/../key.ui/examples/heap/vstte10_03_LinkedList/Node_cons.key 
16715      DEBUG main            d.u.i.k.p.i.AbstractProblemLoader Environment load took 227ns 
16716      INFO  main            d.u.i.k.p.i.AbstractProblemLoader Creating init config 
19506      DEBUG main            d.u.i.k.p.i.AbstractProblemLoader Init config took 2.79s 
19566      INFO  main            d.u.i.k.p.i.AbstractProblemLoader Replaying proof Node[Node::cons(int,Node)].JML normal_behavior operation contract.0 
19569      DEBUG main            d.u.i.k.p.i.IntermediateProofReplayer Proof replay took 5.1ns 
21075      INFO  main            d.u.i.k.p.r.p.TestFile    ... finished proof: closed. 
21236      INFO  main            d.u.i.k.p.i.AbstractProblemLoader Loading environment from /home/runner/work/key/key/key.core/../key.ui/examples/heap/vstte10_03_LinkedList/Node_cons.key.proof 
21236      DEBUG main            d.u.i.k.p.i.AbstractProblemLoader Environment load took 381.5ns 
21238      INFO  main            d.u.i.k.p.i.AbstractProblemLoader Creating init config 
23927      DEBUG main            d.u.i.k.p.i.AbstractProblemLoader Init config took 2.69s 
23979      INFO  main            d.u.i.k.p.i.AbstractProblemLoader Replaying proof Node[Node::cons(int,Node)].JML normal_behavior operation contract.0 
24267      DEBUG main            d.u.i.k.p.i.IntermediateProofReplayer Proof replay took 274.15ms 
24269      DEBUG main            d.u.i.k.p.r.p.TestFile    ... success: reloaded. 
24270      INFO  main            d.u.i.k.p.r.p.TestFile    Now processing file /home/runner/work/key/key/key.core/../key.ui/examples/heap/vstte10_03_LinkedList/Node_inv.key 
24270      INFO  main            d.u.i.k.p.i.AbstractProblemLoader Loading environment from /home/runner/work/key/key/key.core/../key.ui/examples/heap/vstte10_03_LinkedList/Node_inv.key 
24271      DEBUG main            d.u.i.k.p.i.AbstractProblemLoader Environment load took 187.1ns 
24272      INFO  main            d.u.i.k.p.i.AbstractProblemLoader Creating init config 
26929      DEBUG main            d.u.i.k.p.i.AbstractProblemLoader Init config took 2.66s 
26982      INFO  main            d.u.i.k.p.i.AbstractProblemLoader Replaying proof Node[java.lang.Object::<inv>()].JML accessible clause.0 
26984      DEBUG main            d.u.i.k.p.i.IntermediateProofReplayer Proof replay took 4.7ns 
27287      INFO  main            d.u.i.k.p.r.p.TestFile    ... finished proof: closed. 
27422      INFO  main            d.u.i.k.p.i.AbstractProblemLoader Loading environment from /home/runner/work/key/key/key.core/../key.ui/examples/heap/vstte10_03_LinkedList/Node_inv.key.proof 
27422      DEBUG main            d.u.i.k.p.i.AbstractProblemLoader Environment load took 104.1ns 
27423      INFO  main            d.u.i.k.p.i.AbstractProblemLoader Creating init config 
30072      DEBUG main            d.u.i.k.p.i.AbstractProblemLoader Init config took 2.65s 
30121      INFO  main            d.u.i.k.p.i.AbstractProblemLoader Replaying proof Node[java.lang.Object::<inv>()].JML accessible clause.0 
30157      DEBUG main            d.u.i.k.p.i.IntermediateProofReplayer Proof replay took 32.66ms 
30158      DEBUG main            d.u.i.k.p.r.p.TestFile    ... success: reloaded. 
30159      INFO  main            d.u.i.k.p.r.p.TestFile    Now processing file /home/runner/work/key/key/key.core/../key.ui/examples/heap/vstte10_03_LinkedList/Node_search.key 
30160      INFO  main            d.u.i.k.p.i.AbstractProblemLoader Loading environment from /home/runner/work/key/key/key.core/../key.ui/examples/heap/vstte10_03_LinkedList/Node_search.key 
30160      DEBUG main            d.u.i.k.p.i.AbstractProblemLoader Environment load took 182.1ns 
30161      INFO  main            d.u.i.k.p.i.AbstractProblemLoader Creating init config 
32815      DEBUG main            d.u.i.k.p.i.AbstractProblemLoader Init config took 2.65s 
32865      INFO  main            d.u.i.k.p.i.AbstractProblemLoader Replaying proof Node[Node::search()].JML normal_behavior operation contract.0 
32866      DEBUG main            d.u.i.k.p.i.IntermediateProofReplayer Proof replay took 5.1ns 
39126      INFO  main            d.u.i.k.p.r.p.TestFile    ... finished proof: closed. 
39317      INFO  main            d.u.i.k.p.i.AbstractProblemLoader Loading environment from /home/runner/work/key/key/key.core/../key.ui/examples/heap/vstte10_03_LinkedList/Node_search.key.proof 
39319      DEBUG main            d.u.i.k.p.i.AbstractProblemLoader Environment load took 1.8ms 
39322      INFO  main            d.u.i.k.p.i.AbstractProblemLoader Creating init config 
41930      DEBUG main            d.u.i.k.p.i.AbstractProblemLoader Init config took 2.61s 
41996      INFO  main            d.u.i.k.p.i.AbstractProblemLoader Replaying proof Node[Node::search()].JML normal_behavior operation contract.0 
42635      DEBUG main            d.u.i.k.p.i.IntermediateProofReplayer Proof replay took 573.54ms 
42637      DEBUG main            d.u.i.k.p.r.p.TestFile    ... success: reloaded. 
42639      INFO  main            d.u.i.k.p.r.p.TestFile    Now processing file /home/runner/work/key/key/key.core/../key.ui/examples/heap/vstte10_04_Queens/Queens_isConsistent.key 
42639      INFO  main            d.u.i.k.p.i.AbstractProblemLoader Loading environment from /home/runner/work/key/key/key.core/../key.ui/examples/heap/vstte10_04_Queens/Queens_isConsistent.key 
42639      DEBUG main            d.u.i.k.p.i.AbstractProblemLoader Environment load took 191.2ns 
42640      INFO  main            d.u.i.k.p.i.AbstractProblemLoader Creating init config 
45563      DEBUG main            d.u.i.k.p.i.AbstractProblemLoader Init config took 2.92s 
45606      INFO  main            d.u.i.k.p.i.AbstractProblemLoader Replaying proof Queens[Queens::isConsistent([I,int)].JML normal_behavior operation contract.0 
45608      DEBUG main            d.u.i.k.p.i.IntermediateProofReplayer Proof replay took 5ns 
47437      INFO  main            d.u.i.k.p.r.p.TestFile    ... finished proof: closed. 
47636      INFO  main            d.u.i.k.p.i.AbstractProblemLoader Loading environment from /home/runner/work/key/key/key.core/../key.ui/examples/heap/vstte10_04_Queens/Queens_isConsistent.key.proof 
47636      DEBUG main            d.u.i.k.p.i.AbstractProblemLoader Environment load took 121ns 
47637      INFO  main            d.u.i.k.p.i.AbstractProblemLoader Creating init config 
50262      DEBUG main            d.u.i.k.p.i.AbstractProblemLoader Init config took 2.62s 
50301      INFO  main            d.u.i.k.p.i.AbstractProblemLoader Replaying proof Queens[Queens::isConsistent([I,int)].JML normal_behavior operation contract.0 
50667      DEBUG main            d.u.i.k.p.i.IntermediateProofReplayer Proof replay took 343.38ms 
50668      DEBUG main            d.u.i.k.p.r.p.TestFile    ... success: reloaded. 
50669      INFO  main            d.u.i.k.p.r.p.TestFile    Now processing file /home/runner/work/key/key/key.core/../key.ui/examples/heap/vstte10_04_Queens/Queens_nQueens.key 
50669      INFO  main            d.u.i.k.p.i.AbstractProblemLoader Loading environment from /home/runner/work/key/key/key.core/../key.ui/examples/heap/vstte10_04_Queens/Queens_nQueens.key 
50670      DEBUG main            d.u.i.k.p.i.AbstractProblemLoader Environment load took 253.8ns 
50670      INFO  main            d.u.i.k.p.i.AbstractProblemLoader Creating init config 
53465      DEBUG main            d.u.i.k.p.i.AbstractProblemLoader Init config took 2.79s 
53502      INFO  main            d.u.i.k.p.i.AbstractProblemLoader Replaying proof Queens[Queens::nQueens(int)].JML normal_behavior operation contract.0 
53504      DEBUG main            d.u.i.k.p.i.IntermediateProofReplayer Proof replay took 5.1ns 
65706      INFO  main            d.u.i.k.p.r.p.TestFile    ... finished proof: closed. 
65905      INFO  main            d.u.i.k.p.i.AbstractProblemLoader Loading environment from /home/runner/work/key/key/key.core/../key.ui/examples/heap/vstte10_04_Queens/Queens_nQueens.key.proof 
65910      DEBUG main            d.u.i.k.p.i.AbstractProblemLoader Environment load took 5.09ms 
65912      INFO  main            d.u.i.k.p.i.AbstractProblemLoader Creating init config 
68545      DEBUG main            d.u.i.k.p.i.AbstractProblemLoader Init config took 2.63s 
68583      INFO  main            d.u.i.k.p.i.AbstractProblemLoader Replaying proof Queens[Queens::nQueens(int)].JML normal_behavior operation contract.0 
69530      DEBUG main            d.u.i.k.p.i.IntermediateProofReplayer Proof replay took 930.44ms 
69532      DEBUG main            d.u.i.k.p.r.p.TestFile    ... success: reloaded. 
69533      INFO  main            d.u.i.k.p.r.p.TestFile    Now processing file /home/runner/work/key/key/key.core/../key.ui/examples/heap/vstte10_05_Queue/AmortizedQueue_AmortizedQueue.key 
69533      INFO  main            d.u.i.k.p.i.AbstractProblemLoader Loading environment from /home/runner/work/key/key/key.core/../key.ui/examples/heap/vstte10_05_Queue/AmortizedQueue_AmortizedQueue.key 
69534      DEBUG main            d.u.i.k.p.i.AbstractProblemLoader Environment load took 187.5ns 
69534      INFO  main            d.u.i.k.p.i.AbstractProblemLoader Creating init config 
72298      DEBUG main            d.u.i.k.p.i.AbstractProblemLoader Init config took 2.76s 
72361      INFO  main            d.u.i.k.p.i.AbstractProblemLoader Replaying proof AmortizedQueue[AmortizedQueue::AmortizedQueue()].JML normal_behavior operation contract.0 
72362      DEBUG main            d.u.i.k.p.i.IntermediateProofReplayer Proof replay took 5.3ns 
73778      INFO  main            d.u.i.k.p.r.p.TestFile    ... finished proof: closed. 
74003      INFO  main            d.u.i.k.p.i.AbstractProblemLoader Loading environment from /home/runner/work/key/key/key.core/../key.ui/examples/heap/vstte10_05_Queue/AmortizedQueue_AmortizedQueue.key.proof 
74003      DEBUG main            d.u.i.k.p.i.AbstractProblemLoader Environment load took 398.9ns 
74004      INFO  main            d.u.i.k.p.i.AbstractProblemLoader Creating init config 
76647      DEBUG main            d.u.i.k.p.i.AbstractProblemLoader Init config took 2.64s 
76701      INFO  main            d.u.i.k.p.i.AbstractProblemLoader Replaying proof AmortizedQueue[AmortizedQueue::AmortizedQueue()].JML normal_behavior operation contract.0 
76943      DEBUG main            d.u.i.k.p.i.IntermediateProofReplayer Proof replay took 230.44ms 
76944      DEBUG main            d.u.i.k.p.r.p.TestFile    ... success: reloaded. 
76945      INFO  main            d.u.i.k.p.r.p.TestFile    Now processing file /home/runner/work/key/key/key.core/../key.ui/examples/heap/vstte10_05_Queue/AmortizedQueue_front.key 
76945      INFO  main            d.u.i.k.p.i.AbstractProblemLoader Loading environment from /home/runner/work/key/key/key.core/../key.ui/examples/heap/vstte10_05_Queue/AmortizedQueue_front.key 
76945      DEBUG main            d.u.i.k.p.i.AbstractProblemLoader Environment load took 57ns 
76946      INFO  main            d.u.i.k.p.i.AbstractProblemLoader Creating init config 
79647      DEBUG main            d.u.i.k.p.i.AbstractProblemLoader Init config took 2.7s 
79689      INFO  main            d.u.i.k.p.i.AbstractProblemLoader Replaying proof AmortizedQueue[AmortizedQueue::front()].JML normal_behavior operation contract.0 
79690      DEBUG main            d.u.i.k.p.i.IntermediateProofReplayer Proof replay took 5ns 
80194      INFO  main            d.u.i.k.p.r.p.TestFile    ... finished proof: closed. 
80368      INFO  main            d.u.i.k.p.i.AbstractProblemLoader Loading environment from /home/runner/work/key/key/key.core/../key.ui/examples/heap/vstte10_05_Queue/AmortizedQueue_front.key.proof 
80368      DEBUG main            d.u.i.k.p.i.AbstractProblemLoader Environment load took 106.6ns 
80370      INFO  main            d.u.i.k.p.i.AbstractProblemLoader Creating init config 
83042      DEBUG main            d.u.i.k.p.i.AbstractProblemLoader Init config took 2.67s 
83084      INFO  main            d.u.i.k.p.i.AbstractProblemLoader Replaying proof AmortizedQueue[AmortizedQueue::front()].JML normal_behavior operation contract.0 
83135      DEBUG main            d.u.i.k.p.i.IntermediateProofReplayer Proof replay took 47.94ms 
83136      DEBUG main            d.u.i.k.p.r.p.TestFile    ... success: reloaded. 
83137      INFO  main            d.u.i.k.p.r.p.TestFile    Now processing file /home/runner/work/key/key/key.core/../key.ui/examples/heap/vstte10_05_Queue/LinkedList_concat.key 
83137      INFO  main            d.u.i.k.p.i.AbstractProblemLoader Loading environment from /home/runner/work/key/key/key.core/../key.ui/examples/heap/vstte10_05_Queue/LinkedList_concat.key 
83137      DEBUG main            d.u.i.k.p.i.AbstractProblemLoader Environment load took 182.1ns 
83138      INFO  main            d.u.i.k.p.i.AbstractProblemLoader Creating init config 
85827      DEBUG main            d.u.i.k.p.i.AbstractProblemLoader Init config took 2.69s 
85872      INFO  main            d.u.i.k.p.i.AbstractProblemLoader Replaying proof LinkedList[LinkedList::concat(LinkedList)].JML normal_behavior operation contract.0 
85874      DEBUG main            d.u.i.k.p.i.IntermediateProofReplayer Proof replay took 5.7ns 
94411      INFO  main            d.u.i.k.p.r.p.TestFile    ... finished proof: closed. 
94654      INFO  main            d.u.i.k.p.i.AbstractProblemLoader Loading environment from /home/runner/work/key/key/key.core/../key.ui/examples/heap/vstte10_05_Queue/LinkedList_concat.key.proof 
94655      DEBUG main            d.u.i.k.p.i.AbstractProblemLoader Environment load took 371.7ns 
94657      INFO  main            d.u.i.k.p.i.AbstractProblemLoader Creating init config 
97307      DEBUG main            d.u.i.k.p.i.AbstractProblemLoader Init config took 2.65s 
97356      INFO  main            d.u.i.k.p.i.AbstractProblemLoader Replaying proof LinkedList[LinkedList::concat(LinkedList)].JML normal_behavior operation contract.0 
98074      DEBUG main            d.u.i.k.p.i.IntermediateProofReplayer Proof replay took 689.36ms 
98076      DEBUG main            d.u.i.k.p.r.p.TestFile    ... success: reloaded. 
98077      INFO  main            d.u.i.k.p.r.p.TestFile    Now processing file /home/runner/work/key/key/key.core/../key.ui/examples/heap/vstte10_05_Queue/LinkedList_cons.key 
98078      INFO  main            d.u.i.k.p.i.AbstractProblemLoader Loading environment from /home/runner/work/key/key/key.core/../key.ui/examples/heap/vstte10_05_Queue/LinkedList_cons.key 
98078      DEBUG main            d.u.i.k.p.i.AbstractProblemLoader Environment load took 86.8ns 
98078      INFO  main            d.u.i.k.p.i.AbstractProblemLoader Creating init config 
100737     DEBUG main            d.u.i.k.p.i.AbstractProblemLoader Init config took 2.66s 
100797     INFO  main            d.u.i.k.p.i.AbstractProblemLoader Replaying proof LinkedList[LinkedList::cons(int)].JML normal_behavior operation contract.0 
100798     DEBUG main            d.u.i.k.p.i.IntermediateProofReplayer Proof replay took 4.9ns 
103025     INFO  main            d.u.i.k.p.r.p.TestFile    ... finished proof: closed. 
103240     INFO  main            d.u.i.k.p.i.AbstractProblemLoader Loading environment from /home/runner/work/key/key/key.core/../key.ui/examples/heap/vstte10_05_Queue/LinkedList_cons.key.proof 
103241     DEBUG main            d.u.i.k.p.i.AbstractProblemLoader Environment load took 377.1ns 
103242     INFO  main            d.u.i.k.p.i.AbstractProblemLoader Creating init config 
105832     DEBUG main            d.u.i.k.p.i.AbstractProblemLoader Init config took 2.59s 
105875     INFO  main            d.u.i.k.p.i.AbstractProblemLoader Replaying proof LinkedList[LinkedList::cons(int)].JML normal_behavior operation contract.0 
106139     DEBUG main            d.u.i.k.p.i.IntermediateProofReplayer Proof replay took 256.2ms 
106140     DEBUG main            d.u.i.k.p.r.p.TestFile    ... success: reloaded. 
106141     INFO  main            d.u.i.k.p.r.p.TestFile    Now processing file /home/runner/work/key/key/key.core/../key.ui/examples/heap/vstte10_05_Queue/LinkedList_head.key 
106141     INFO  main            d.u.i.k.p.i.AbstractProblemLoader Loading environment from /home/runner/work/key/key/key.core/../key.ui/examples/heap/vstte10_05_Queue/LinkedList_head.key 
106141     DEBUG main            d.u.i.k.p.i.AbstractProblemLoader Environment load took 86.2ns 
106143     INFO  main            d.u.i.k.p.i.AbstractProblemLoader Creating init config 
108796     DEBUG main            d.u.i.k.p.i.AbstractProblemLoader Init config took 2.65s 
108838     INFO  main            d.u.i.k.p.i.AbstractProblemLoader Replaying proof LinkedList[LinkedList::head()].JML normal_behavior operation contract.0 
108840     DEBUG main            d.u.i.k.p.i.IntermediateProofReplayer Proof replay took 5.7ns 
108941     INFO  main            d.u.i.k.p.r.p.TestFile    ... finished proof: closed. 
109131     INFO  main            d.u.i.k.p.i.AbstractProblemLoader Loading environment from /home/runner/work/key/key/key.core/../key.ui/examples/heap/vstte10_05_Queue/LinkedList_head.key.proof 
109131     DEBUG main            d.u.i.k.p.i.AbstractProblemLoader Environment load took 106.1ns 
109132     INFO  main            d.u.i.k.p.i.AbstractProblemLoader Creating init config 
111781     DEBUG main            d.u.i.k.p.i.AbstractProblemLoader Init config took 2.65s 
111822     INFO  main            d.u.i.k.p.i.AbstractProblemLoader Replaying proof LinkedList[LinkedList::head()].JML normal_behavior operation contract.0 
111835     DEBUG main            d.u.i.k.p.i.IntermediateProofReplayer Proof replay took 11.66ms 
111836     DEBUG main            d.u.i.k.p.r.p.TestFile    ... success: reloaded. 
111837     INFO  main            d.u.i.k.p.r.p.TestFile    Now processing file /home/runner/work/key/key/key.core/../key.ui/examples/heap/vstte10_05_Queue/LinkedList_inv.key 
111838     INFO  main            d.u.i.k.p.i.AbstractProblemLoader Loading environment from /home/runner/work/key/key/key.core/../key.ui/examples/heap/vstte10_05_Queue/LinkedList_inv.key 
111838     DEBUG main            d.u.i.k.p.i.AbstractProblemLoader Environment load took 199.8ns 
111839     INFO  main            d.u.i.k.p.i.AbstractProblemLoader Creating init config 
114473     DEBUG main            d.u.i.k.p.i.AbstractProblemLoader Init config took 2.63s 
114514     INFO  main            d.u.i.k.p.i.AbstractProblemLoader Replaying proof LinkedList[java.lang.Object::<inv>()].JML accessible clause.0 
114515     DEBUG main            d.u.i.k.p.i.IntermediateProofReplayer Proof replay took 5.4ns 
114817     INFO  main            d.u.i.k.p.r.p.TestFile    ... finished proof: closed. 
115002     INFO  main            d.u.i.k.p.i.AbstractProblemLoader Loading environment from /home/runner/work/key/key/key.core/../key.ui/examples/heap/vstte10_05_Queue/LinkedList_inv.key.proof 
115002     DEBUG main            d.u.i.k.p.i.AbstractProblemLoader Environment load took 105.8ns 
115003     INFO  main            d.u.i.k.p.i.AbstractProblemLoader Creating init config 
117608     DEBUG main            d.u.i.k.p.i.AbstractProblemLoader Init config took 2.6s 
117648     INFO  main            d.u.i.k.p.i.AbstractProblemLoader Replaying proof LinkedList[java.lang.Object::<inv>()].JML accessible clause.0 
117675     DEBUG main            d.u.i.k.p.i.IntermediateProofReplayer Proof replay took 24.01ms 
117675     DEBUG main            d.u.i.k.p.r.p.TestFile    ... success: reloaded. 
117676     INFO  main            d.u.i.k.p.r.p.TestFile    Now processing file /home/runner/work/key/key/key.core/../key.ui/examples/heap/vstte10_05_Queue/LinkedList_length.key 
117676     INFO  main            d.u.i.k.p.i.AbstractProblemLoader Loading environment from /home/runner/work/key/key/key.core/../key.ui/examples/heap/vstte10_05_Queue/LinkedList_length.key 
117677     DEBUG main            d.u.i.k.p.i.AbstractProblemLoader Environment load took 81.1ns 
117677     INFO  main            d.u.i.k.p.i.AbstractProblemLoader Creating init config 
120346     DEBUG main            d.u.i.k.p.i.AbstractProblemLoader Init config took 2.67s 
120387     INFO  main            d.u.i.k.p.i.AbstractProblemLoader Replaying proof LinkedList[LinkedList::length()].JML normal_behavior operation contract.0 
120389     DEBUG main            d.u.i.k.p.i.IntermediateProofReplayer Proof replay took 5.6ns 
120490     INFO  main            d.u.i.k.p.r.p.TestFile    ... finished proof: closed. 
120696     INFO  main            d.u.i.k.p.i.AbstractProblemLoader Loading environment from /home/runner/work/key/key/key.core/../key.ui/examples/heap/vstte10_05_Queue/LinkedList_length.key.proof 
120696     DEBUG main            d.u.i.k.p.i.AbstractProblemLoader Environment load took 101.5ns 
120698     INFO  main            d.u.i.k.p.i.AbstractProblemLoader Creating init config 
123291     DEBUG main            d.u.i.k.p.i.AbstractProblemLoader Init config took 2.59s 
123342     INFO  main            d.u.i.k.p.i.AbstractProblemLoader Replaying proof LinkedList[LinkedList::length()].JML normal_behavior operation contract.0 
123355     DEBUG main            d.u.i.k.p.i.IntermediateProofReplayer Proof replay took 11.66ms 
123356     DEBUG main            d.u.i.k.p.r.p.TestFile    ... success: reloaded. 
123357     INFO  main            d.u.i.k.p.r.p.TestFile    Now processing file /home/runner/work/key/key/key.core/../key.ui/examples/heap/vstte10_05_Queue/LinkedList_LinkedList1.key 
123358     INFO  main            d.u.i.k.p.i.AbstractProblemLoader Loading environment from /home/runner/work/key/key/key.core/../key.ui/examples/heap/vstte10_05_Queue/LinkedList_LinkedList1.key 
123358     DEBUG main            d.u.i.k.p.i.AbstractProblemLoader Environment load took 177.9ns 
123359     INFO  main            d.u.i.k.p.i.AbstractProblemLoader Creating init config 
126001     DEBUG main            d.u.i.k.p.i.AbstractProblemLoader Init config took 2.64s 
126049     INFO  main            d.u.i.k.p.i.AbstractProblemLoader Replaying proof LinkedList[LinkedList::LinkedList(int,LinkedList)].JML normal_behavior operation contract.0 
126051     DEBUG main            d.u.i.k.p.i.IntermediateProofReplayer Proof replay took 5.5ns 
127856     INFO  main            d.u.i.k.p.r.p.TestFile    ... finished proof: closed. 
128092     INFO  main            d.u.i.k.p.i.AbstractProblemLoader Loading environment from /home/runner/work/key/key/key.core/../key.ui/examples/heap/vstte10_05_Queue/LinkedList_LinkedList1.key.proof 
128096     DEBUG main            d.u.i.k.p.i.AbstractProblemLoader Environment load took 4.55ms 
128097     INFO  main            d.u.i.k.p.i.AbstractProblemLoader Creating init config 
130707     DEBUG main            d.u.i.k.p.i.AbstractProblemLoader Init config took 2.61s 
130748     INFO  main            d.u.i.k.p.i.AbstractProblemLoader Replaying proof LinkedList[LinkedList::LinkedList(int,LinkedList)].JML normal_behavior operation contract.0 
130978     DEBUG main            d.u.i.k.p.i.IntermediateProofReplayer Proof replay took 223.61ms 
130979     DEBUG main            d.u.i.k.p.r.p.TestFile    ... success: reloaded. 
130980     INFO  main            d.u.i.k.p.r.p.TestFile    Now processing file /home/runner/work/key/key/key.core/../key.ui/examples/heap/vstte10_05_Queue/LinkedList_LinkedList2.key 
130980     INFO  main            d.u.i.k.p.i.AbstractProblemLoader Loading environment from /home/runner/work/key/key/key.core/../key.ui/examples/heap/vstte10_05_Queue/LinkedList_LinkedList2.key 
130980     DEBUG main            d.u.i.k.p.i.AbstractProblemLoader Environment load took 55.6ns 
130981     INFO  main            d.u.i.k.p.i.AbstractProblemLoader Creating init config 
133646     DEBUG main            d.u.i.k.p.i.AbstractProblemLoader Init config took 2.67s 
133689     INFO  main            d.u.i.k.p.i.AbstractProblemLoader Replaying proof LinkedList[LinkedList::LinkedList(int,LinkedList)].JML normal_behavior operation contract.0 
133691     DEBUG main            d.u.i.k.p.i.IntermediateProofReplayer Proof replay took 5.7ns 
135501     INFO  main            d.u.i.k.p.r.p.TestFile    ... finished proof: closed. 
135737     INFO  main            d.u.i.k.p.i.AbstractProblemLoader Loading environment from /home/runner/work/key/key/key.core/../key.ui/examples/heap/vstte10_05_Queue/LinkedList_LinkedList2.key.proof 
135739     DEBUG main            d.u.i.k.p.i.AbstractProblemLoader Environment load took 2.15ms 
135740     INFO  main            d.u.i.k.p.i.AbstractProblemLoader Creating init config 
138317     DEBUG main            d.u.i.k.p.i.AbstractProblemLoader Init config took 2.58s 
138359     INFO  main            d.u.i.k.p.i.AbstractProblemLoader Replaying proof LinkedList[LinkedList::LinkedList(int,LinkedList)].JML normal_behavior operation contract.0 
138594     DEBUG main            d.u.i.k.p.i.IntermediateProofReplayer Proof replay took 228.72ms 
138595     DEBUG main            d.u.i.k.p.r.p.TestFile    ... success: reloaded. 
138596     INFO  main            d.u.i.k.p.r.p.TestFile    Now processing file /home/runner/work/key/key/key.core/../key.ui/examples/heap/vstte10_05_Queue/LinkedList_LinkedList3.key 
138597     INFO  main            d.u.i.k.p.i.AbstractProblemLoader Loading environment from /home/runner/work/key/key/key.core/../key.ui/examples/heap/vstte10_05_Queue/LinkedList_LinkedList3.key 
138597     DEBUG main            d.u.i.k.p.i.AbstractProblemLoader Environment load took 184.3ns 
138598     INFO  main            d.u.i.k.p.i.AbstractProblemLoader Creating init config 
141259     DEBUG main            d.u.i.k.p.i.AbstractProblemLoader Init config took 2.66s 
141300     INFO  main            d.u.i.k.p.i.AbstractProblemLoader Replaying proof LinkedList[LinkedList::LinkedList(int,LinkedList)].JML normal_behavior operation contract.0 
141301     DEBUG main            d.u.i.k.p.i.IntermediateProofReplayer Proof replay took 4.7ns 
154071     INFO  main            d.u.i.k.p.r.p.TestFile    ... finished proof: closed. 
154377     INFO  main            d.u.i.k.p.i.AbstractProblemLoader Loading environment from /home/runner/work/key/key/key.core/../key.ui/examples/heap/vstte10_05_Queue/LinkedList_LinkedList3.key.proof 
154378     DEBUG main            d.u.i.k.p.i.AbstractProblemLoader Environment load took 394.6ns 
154383     INFO  main            d.u.i.k.p.i.AbstractProblemLoader Creating init config 
156975     DEBUG main            d.u.i.k.p.i.AbstractProblemLoader Init config took 2.59s 
157017     INFO  main            d.u.i.k.p.i.AbstractProblemLoader Replaying proof LinkedList[LinkedList::LinkedList(int,LinkedList)].JML normal_behavior operation contract.0 
158109     DEBUG main            d.u.i.k.p.i.IntermediateProofReplayer Proof replay took 1.01s 
158114     DEBUG main            d.u.i.k.p.r.p.TestFile    ... success: reloaded. 
158115     INFO  main            d.u.i.k.p.r.p.TestFile    Now processing file /home/runner/work/key/key/key.core/../key.ui/examples/heap/vstte10_05_Queue/LinkedList_reverse.key 
158115     INFO  main            d.u.i.k.p.i.AbstractProblemLoader Loading environment from /home/runner/work/key/key/key.core/../key.ui/examples/heap/vstte10_05_Queue/LinkedList_reverse.key 
158116     DEBUG main            d.u.i.k.p.i.AbstractProblemLoader Environment load took 87.7ns 
158116     INFO  main            d.u.i.k.p.i.AbstractProblemLoader Creating init config 
160909     DEBUG main            d.u.i.k.p.i.AbstractProblemLoader Init config took 2.79s 
160952     INFO  main            d.u.i.k.p.i.AbstractProblemLoader Replaying proof LinkedList[LinkedList::reverse()].JML normal_behavior operation contract.0 
160954     DEBUG main            d.u.i.k.p.i.IntermediateProofReplayer Proof replay took 5.7ns 
169949     INFO  main            d.u.i.k.p.r.p.TestFile    ... finished proof: closed. 
170224     INFO  main            d.u.i.k.p.i.AbstractProblemLoader Loading environment from /home/runner/work/key/key/key.core/../key.ui/examples/heap/vstte10_05_Queue/LinkedList_reverse.key.proof 
170225     DEBUG main            d.u.i.k.p.i.AbstractProblemLoader Environment load took 503.4ns 
170227     INFO  main            d.u.i.k.p.i.AbstractProblemLoader Creating init config 
172795     DEBUG main            d.u.i.k.p.i.AbstractProblemLoader Init config took 2.57s 
172839     INFO  main            d.u.i.k.p.i.AbstractProblemLoader Replaying proof LinkedList[LinkedList::reverse()].JML normal_behavior operation contract.0 
173529     DEBUG main            d.u.i.k.p.i.IntermediateProofReplayer Proof replay took 664.57ms 
173531     DEBUG main            d.u.i.k.p.r.p.TestFile    ... success: reloaded. 
173533     INFO  main            d.u.i.k.p.r.p.TestFile    Now processing file /home/runner/work/key/key/key.core/../key.ui/examples/heap/vstte10_05_Queue/LinkedList_tail.key 
173533     INFO  main            d.u.i.k.p.i.AbstractProblemLoader Loading environment from /home/runner/work/key/key/key.core/../key.ui/examples/heap/vstte10_05_Queue/LinkedList_tail.key 
173533     DEBUG main            d.u.i.k.p.i.AbstractProblemLoader Environment load took 89.7ns 
173534     INFO  main            d.u.i.k.p.i.AbstractProblemLoader Creating init config 
176201     DEBUG main            d.u.i.k.p.i.AbstractProblemLoader Init config took 2.67s 
176241     INFO  main            d.u.i.k.p.i.AbstractProblemLoader Replaying proof LinkedList[LinkedList::tail()].JML normal_behavior operation contract.0 
176243     DEBUG main            d.u.i.k.p.i.IntermediateProofReplayer Proof replay took 41.3ns 
176746     INFO  main            d.u.i.k.p.r.p.TestFile    ... finished proof: closed. 
176979     INFO  main            d.u.i.k.p.i.AbstractProblemLoader Loading environment from /home/runner/work/key/key/key.core/../key.ui/examples/heap/vstte10_05_Queue/LinkedList_tail.key.proof 
176979     DEBUG main            d.u.i.k.p.i.AbstractProblemLoader Environment load took 93.7ns 
176980     INFO  main            d.u.i.k.p.i.AbstractProblemLoader Creating init config 
179555     DEBUG main            d.u.i.k.p.i.AbstractProblemLoader Init config took 2.57s 
179596     INFO  main            d.u.i.k.p.i.AbstractProblemLoader Replaying proof LinkedList[LinkedList::tail()].JML normal_behavior operation contract.0 
179685     DEBUG main            d.u.i.k.p.i.IntermediateProofReplayer Proof replay took 85.81ms 
179686     DEBUG main            d.u.i.k.p.r.p.TestFile    ... success: reloaded. 
2285729    INFO  Test worker     d.u.i.k.p.r.RunAllProofsTestUnit Returning from test VSTTE10 
2285729    INFO  Test worker     d.u.i.k.p.r.RunAllProofsTestUnit Running test WeideEtAl 
364        INFO  Timeout watchdog d.u.i.k.p.r.p.ForkedTestFileRunner Timeout watcher launched (2000 secs.) 
367        WARN  main            d.u.i.k.s.ProofSettings   The settings in /home/runner/.key/proof-settings.props are *not* read. 
393        INFO  main            d.u.i.k.p.r.p.TestFile    Now processing file /home/runner/work/key/key/key.core/../key.ui/examples/heap/WeideEtAl_01_AddAndMultiply/AddAndMultiply_add.key 
495        INFO  main            d.u.i.k.p.i.AbstractProblemLoader Loading environment from /home/runner/work/key/key/key.core/../key.ui/examples/heap/WeideEtAl_01_AddAndMultiply/AddAndMultiply_add.key 
511        DEBUG main            d.u.i.k.p.i.AbstractProblemLoader Environment load took 1.99ms 
727        INFO  main            d.u.i.k.p.i.AbstractProblemLoader Creating init config 
1566       DEBUG main            d.u.i.k.j.TypeConverter   No LDT found for Meta 
1570       DEBUG main            d.u.i.k.j.TypeConverter   No LDT found for Meta 
1573       DEBUG main            d.u.i.k.j.TypeConverter   No LDT found for Meta 
1573       DEBUG main            d.u.i.k.j.TypeConverter   No LDT found for Meta 
2779       DEBUG main            d.u.i.k.j.TypeConverter   No LDT found for JavaBigintExpression 
7159       DEBUG main            d.u.i.k.p.i.AbstractProblemLoader Init config took 6.43s 
7284       INFO  main            d.u.i.k.p.i.AbstractProblemLoader Replaying proof AddAndMultiply[AddAndMultiply::add(int,int)].JML normal_behavior operation contract.0 
7313       DEBUG main            d.u.i.k.p.i.IntermediateProofReplayer Proof replay took 30.6ns 
8747       INFO  main            d.u.i.k.p.r.p.TestFile    ... finished proof: closed. 
8895       INFO  main            d.u.i.k.p.i.AbstractProblemLoader Loading environment from /home/runner/work/key/key/key.core/../key.ui/examples/heap/WeideEtAl_01_AddAndMultiply/AddAndMultiply_add.key.proof 
8898       DEBUG main            d.u.i.k.p.i.AbstractProblemLoader Environment load took 2.14ms 
8900       INFO  main            d.u.i.k.p.i.AbstractProblemLoader Creating init config 
11458      DEBUG main            d.u.i.k.p.i.AbstractProblemLoader Init config took 2.56s 
11549      INFO  main            d.u.i.k.p.i.AbstractProblemLoader Replaying proof AddAndMultiply[AddAndMultiply::add(int,int)].JML normal_behavior operation contract.0 
11867      DEBUG main            d.u.i.k.p.i.IntermediateProofReplayer Proof replay took 299.31ms 
11877      DEBUG main            d.u.i.k.p.r.p.TestFile    ... success: reloaded. 
11883      INFO  main            d.u.i.k.p.r.p.TestFile    Now processing file /home/runner/work/key/key/key.core/../key.ui/examples/heap/WeideEtAl_01_AddAndMultiply/AddAndMultiply_mul.key 
11883      INFO  main            d.u.i.k.p.i.AbstractProblemLoader Loading environment from /home/runner/work/key/key/key.core/../key.ui/examples/heap/WeideEtAl_01_AddAndMultiply/AddAndMultiply_mul.key 
11884      DEBUG main            d.u.i.k.p.i.AbstractProblemLoader Environment load took 696.9ns 
11887      INFO  main            d.u.i.k.p.i.AbstractProblemLoader Creating init config 
14418      DEBUG main            d.u.i.k.p.i.AbstractProblemLoader Init config took 2.53s 
14474      INFO  main            d.u.i.k.p.i.AbstractProblemLoader Replaying proof AddAndMultiply[AddAndMultiply::mul(int,int)].JML normal_behavior operation contract.0 
14477      DEBUG main            d.u.i.k.p.i.IntermediateProofReplayer Proof replay took 5.4ns 
14981      INFO  main            d.u.i.k.p.r.p.TestFile    ... finished proof: closed. 
15122      INFO  main            d.u.i.k.p.i.AbstractProblemLoader Loading environment from /home/runner/work/key/key/key.core/../key.ui/examples/heap/WeideEtAl_01_AddAndMultiply/AddAndMultiply_mul.key.proof 
15123      DEBUG main            d.u.i.k.p.i.AbstractProblemLoader Environment load took 614.1ns 
15128      INFO  main            d.u.i.k.p.i.AbstractProblemLoader Creating init config 
17558      DEBUG main            d.u.i.k.p.i.AbstractProblemLoader Init config took 2.43s 
17612      INFO  main            d.u.i.k.p.i.AbstractProblemLoader Replaying proof AddAndMultiply[AddAndMultiply::mul(int,int)].JML normal_behavior operation contract.0 
17718      DEBUG main            d.u.i.k.p.i.IntermediateProofReplayer Proof replay took 100.97ms 
17719      DEBUG main            d.u.i.k.p.r.p.TestFile    ... success: reloaded. 
17720      INFO  main            d.u.i.k.p.r.p.TestFile    Now processing file /home/runner/work/key/key/key.core/../key.ui/examples/heap/WeideEtAl_02_BinarySearch/BinarySearch_search.key 
17721      INFO  main            d.u.i.k.p.i.AbstractProblemLoader Loading environment from /home/runner/work/key/key/key.core/../key.ui/examples/heap/WeideEtAl_02_BinarySearch/BinarySearch_search.key 
17721      DEBUG main            d.u.i.k.p.i.AbstractProblemLoader Environment load took 200.5ns 
17722      INFO  main            d.u.i.k.p.i.AbstractProblemLoader Creating init config 
20214      DEBUG main            d.u.i.k.p.i.AbstractProblemLoader Init config took 2.49s 
20259      INFO  main            d.u.i.k.p.i.AbstractProblemLoader Replaying proof BinarySearch[BinarySearch::search([I,int)].JML normal_behavior operation contract.0 
20263      DEBUG main            d.u.i.k.p.i.IntermediateProofReplayer Proof replay took 5ns 
23213      INFO  main            d.u.i.k.p.r.p.TestFile    ... finished proof: closed. 
23390      INFO  main            d.u.i.k.p.i.AbstractProblemLoader Loading environment from /home/runner/work/key/key/key.core/../key.ui/examples/heap/WeideEtAl_02_BinarySearch/BinarySearch_search.key.proof 
23394      DEBUG main            d.u.i.k.p.i.AbstractProblemLoader Environment load took 4ms 
23397      INFO  main            d.u.i.k.p.i.AbstractProblemLoader Creating init config 
25707      DEBUG main            d.u.i.k.p.i.AbstractProblemLoader Init config took 2.31s 
25761      INFO  main            d.u.i.k.p.i.AbstractProblemLoader Replaying proof BinarySearch[BinarySearch::search([I,int)].JML normal_behavior operation contract.0 
26274      DEBUG main            d.u.i.k.p.i.IntermediateProofReplayer Proof replay took 480ms 
26276      DEBUG main            d.u.i.k.p.r.p.TestFile    ... success: reloaded. 
2312172    INFO  Test worker     d.u.i.k.p.r.RunAllProofsTestUnit Returning from test WeideEtAl 
2312174    INFO  Test worker     d.u.i.k.p.r.RunAllProofsTestUnit Running test arithmetic 
341        INFO  Timeout watchdog d.u.i.k.p.r.p.ForkedTestFileRunner Timeout watcher launched (2000 secs.) 
354        WARN  main            d.u.i.k.s.ProofSettings   The settings in /home/runner/.key/proof-settings.props are *not* read. 
382        INFO  main            d.u.i.k.p.r.p.TestFile    Now processing file /home/runner/work/key/key/key.core/../key.ui/examples/standard_key/arith/binomial1.key 
512        INFO  main            d.u.i.k.p.i.AbstractProblemLoader Loading environment from /home/runner/work/key/key/key.core/../key.ui/examples/standard_key/arith/binomial1.key 
527        DEBUG main            d.u.i.k.p.i.AbstractProblemLoader Environment load took 1.86ms 
777        INFO  main            d.u.i.k.p.i.AbstractProblemLoader Creating init config 
1731       DEBUG main            d.u.i.k.j.TypeConverter   No LDT found for Meta 
1732       DEBUG main            d.u.i.k.j.TypeConverter   No LDT found for Meta 
1735       DEBUG main            d.u.i.k.j.TypeConverter   No LDT found for Meta 
1735       DEBUG main            d.u.i.k.j.TypeConverter   No LDT found for Meta 
3061       DEBUG main            d.u.i.k.j.TypeConverter   No LDT found for JavaBigintExpression 
7355       DEBUG main            d.u.i.k.p.i.AbstractProblemLoader Init config took 6.58s 
7413       INFO  main            d.u.i.k.p.i.AbstractProblemLoader Replaying proof binomial1.key 
7443       DEBUG main            d.u.i.k.p.i.IntermediateProofReplayer Proof replay took 31.9ns 
7704       INFO  main            d.u.i.k.p.r.p.TestFile    ... finished proof: closed. 
7829       INFO  main            d.u.i.k.p.i.AbstractProblemLoader Loading environment from /home/runner/work/key/key/key.core/../key.ui/examples/standard_key/arith/binomial1.key.proof 
7829       DEBUG main            d.u.i.k.p.i.AbstractProblemLoader Environment load took 3.22ms 
7833       INFO  main            d.u.i.k.p.i.AbstractProblemLoader Creating init config 
10458      DEBUG main            d.u.i.k.p.i.AbstractProblemLoader Init config took 2.63s 
10488      INFO  main            d.u.i.k.p.i.AbstractProblemLoader Replaying proof binomial1.key.proof 
10505      DEBUG main            d.u.i.k.p.i.IntermediateProofReplayer Proof replay took 12.7ms 
10515      DEBUG main            d.u.i.k.p.r.p.TestFile    ... success: reloaded. 
10516      INFO  main            d.u.i.k.p.r.p.TestFile    Now processing file /home/runner/work/key/key/key.core/../key.ui/examples/standard_key/arith/binomial2.key 
10516      INFO  main            d.u.i.k.p.i.AbstractProblemLoader Loading environment from /home/runner/work/key/key/key.core/../key.ui/examples/standard_key/arith/binomial2.key 
10517      DEBUG main            d.u.i.k.p.i.AbstractProblemLoader Environment load took 200.1ns 
10518      INFO  main            d.u.i.k.p.i.AbstractProblemLoader Creating init config 
12919      DEBUG main            d.u.i.k.p.i.AbstractProblemLoader Init config took 2.4s 
12946      INFO  main            d.u.i.k.p.i.AbstractProblemLoader Replaying proof binomial2.key 
12949      DEBUG main            d.u.i.k.p.i.IntermediateProofReplayer Proof replay took 5.3ns 
13052      INFO  main            d.u.i.k.p.r.p.TestFile    ... finished proof: closed. 
13176      INFO  main            d.u.i.k.p.i.AbstractProblemLoader Loading environment from /home/runner/work/key/key/key.core/../key.ui/examples/standard_key/arith/binomial2.key.proof 
13176      DEBUG main            d.u.i.k.p.i.AbstractProblemLoader Environment load took 113.3ns 
13179      INFO  main            d.u.i.k.p.i.AbstractProblemLoader Creating init config 
15563      DEBUG main            d.u.i.k.p.i.AbstractProblemLoader Init config took 2.38s 
15583      INFO  main            d.u.i.k.p.i.AbstractProblemLoader Replaying proof binomial2.key.proof 
15596      DEBUG main            d.u.i.k.p.i.IntermediateProofReplayer Proof replay took 9.88ms 
15597      DEBUG main            d.u.i.k.p.r.p.TestFile    ... success: reloaded. 
15598      INFO  main            d.u.i.k.p.r.p.TestFile    Now processing file /home/runner/work/key/key/key.core/../key.ui/examples/standard_key/arith/check_jdiv.key 
15598      INFO  main            d.u.i.k.p.i.AbstractProblemLoader Loading environment from /home/runner/work/key/key/key.core/../key.ui/examples/standard_key/arith/check_jdiv.key 
15599      DEBUG main            d.u.i.k.p.i.AbstractProblemLoader Environment load took 196.2ns 
15602      INFO  main            d.u.i.k.p.i.AbstractProblemLoader Creating init config 
17993      DEBUG main            d.u.i.k.p.i.AbstractProblemLoader Init config took 2.39s 
18012      INFO  main            d.u.i.k.p.i.AbstractProblemLoader Replaying proof check_jdiv.key 
18016      DEBUG main            d.u.i.k.p.i.IntermediateProofReplayer Proof replay took 5.9ns 
22688      INFO  main            d.u.i.k.p.r.p.TestFile    ... finished proof: closed. 
22890      INFO  main            d.u.i.k.p.i.AbstractProblemLoader Loading environment from /home/runner/work/key/key/key.core/../key.ui/examples/standard_key/arith/check_jdiv.key.proof 
22891      DEBUG main            d.u.i.k.p.i.AbstractProblemLoader Environment load took 513.5ns 
22899      INFO  main            d.u.i.k.p.i.AbstractProblemLoader Creating init config 
25267      DEBUG main            d.u.i.k.p.i.AbstractProblemLoader Init config took 2.37s 
25303      INFO  main            d.u.i.k.p.i.AbstractProblemLoader Replaying proof check_jdiv.key.proof 
25646      DEBUG main            d.u.i.k.p.i.IntermediateProofReplayer Proof replay took 291.85ms 
25648      DEBUG main            d.u.i.k.p.r.p.TestFile    ... success: reloaded. 
25649      INFO  main            d.u.i.k.p.r.p.TestFile    Now processing file /home/runner/work/key/key/key.core/../key.ui/examples/standard_key/arith/check_jdiv_concrete.key 
25650      INFO  main            d.u.i.k.p.i.AbstractProblemLoader Loading environment from /home/runner/work/key/key/key.core/../key.ui/examples/standard_key/arith/check_jdiv_concrete.key 
25650      DEBUG main            d.u.i.k.p.i.AbstractProblemLoader Environment load took 214.1ns 
25651      INFO  main            d.u.i.k.p.i.AbstractProblemLoader Creating init config 
28002      DEBUG main            d.u.i.k.p.i.AbstractProblemLoader Init config took 2.35s 
28020      INFO  main            d.u.i.k.p.i.AbstractProblemLoader Replaying proof check_jdiv_concrete.key 
28022      DEBUG main            d.u.i.k.p.i.IntermediateProofReplayer Proof replay took 5.1ns 
28124      INFO  main            d.u.i.k.p.r.p.TestFile    ... finished proof: closed. 
28318      INFO  main            d.u.i.k.p.i.AbstractProblemLoader Loading environment from /home/runner/work/key/key/key.core/../key.ui/examples/standard_key/arith/check_jdiv_concrete.key.proof 
28318      DEBUG main            d.u.i.k.p.i.AbstractProblemLoader Environment load took 112.1ns 
28319      INFO  main            d.u.i.k.p.i.AbstractProblemLoader Creating init config 
30651      DEBUG main            d.u.i.k.p.i.AbstractProblemLoader Init config took 2.33s 
30669      INFO  main            d.u.i.k.p.i.AbstractProblemLoader Replaying proof check_jdiv_concrete.key.proof 
30674      DEBUG main            d.u.i.k.p.i.IntermediateProofReplayer Proof replay took 3.65ms 
30675      DEBUG main            d.u.i.k.p.r.p.TestFile    ... success: reloaded. 
30676      INFO  main            d.u.i.k.p.r.p.TestFile    Now processing file /home/runner/work/key/key/key.core/../key.ui/examples/standard_key/arith/check_jdiv_instantiated.key 
30676      INFO  main            d.u.i.k.p.i.AbstractProblemLoader Loading environment from /home/runner/work/key/key/key.core/../key.ui/examples/standard_key/arith/check_jdiv_instantiated.key 
30676      DEBUG main            d.u.i.k.p.i.AbstractProblemLoader Environment load took 65ns 
30678      INFO  main            d.u.i.k.p.i.AbstractProblemLoader Creating init config 
33006      DEBUG main            d.u.i.k.p.i.AbstractProblemLoader Init config took 2.33s 
33026      INFO  main            d.u.i.k.p.i.AbstractProblemLoader Replaying proof check_jdiv_instantiated.key 
33027      DEBUG main            d.u.i.k.p.i.IntermediateProofReplayer Proof replay took 5ns 
36189      INFO  main            d.u.i.k.p.r.p.TestFile    ... finished proof: closed. 
36385      INFO  main            d.u.i.k.p.i.AbstractProblemLoader Loading environment from /home/runner/work/key/key/key.core/../key.ui/examples/standard_key/arith/check_jdiv_instantiated.key.proof 
36385      DEBUG main            d.u.i.k.p.i.AbstractProblemLoader Environment load took 179.3ns 
36387      INFO  main            d.u.i.k.p.i.AbstractProblemLoader Creating init config 
38667      DEBUG main            d.u.i.k.p.i.AbstractProblemLoader Init config took 2.28s 
38688      INFO  main            d.u.i.k.p.i.AbstractProblemLoader Replaying proof check_jdiv_instantiated.key.proof 
38898      DEBUG main            d.u.i.k.p.i.IntermediateProofReplayer Proof replay took 185.29ms 
38900      DEBUG main            d.u.i.k.p.r.p.TestFile    ... success: reloaded. 
38901      INFO  main            d.u.i.k.p.r.p.TestFile    Now processing file /home/runner/work/key/key/key.core/../key.ui/examples/standard_key/arith/check_jmod.key 
38902      INFO  main            d.u.i.k.p.i.AbstractProblemLoader Loading environment from /home/runner/work/key/key/key.core/../key.ui/examples/standard_key/arith/check_jmod.key 
38902      DEBUG main            d.u.i.k.p.i.AbstractProblemLoader Environment load took 127.6ns 
38903      INFO  main            d.u.i.k.p.i.AbstractProblemLoader Creating init config 
41291      DEBUG main            d.u.i.k.p.i.AbstractProblemLoader Init config took 2.39s 
41309      INFO  main            d.u.i.k.p.i.AbstractProblemLoader Replaying proof check_jmod.key 
41311      DEBUG main            d.u.i.k.p.i.IntermediateProofReplayer Proof replay took 5ns 
41814      INFO  main            d.u.i.k.p.r.p.TestFile    ... finished proof: closed. 
42018      INFO  main            d.u.i.k.p.i.AbstractProblemLoader Loading environment from /home/runner/work/key/key/key.core/../key.ui/examples/standard_key/arith/check_jmod.key.proof 
42018      DEBUG main            d.u.i.k.p.i.AbstractProblemLoader Environment load took 364.8ns 
42020      INFO  main            d.u.i.k.p.i.AbstractProblemLoader Creating init config 
44288      DEBUG main            d.u.i.k.p.i.AbstractProblemLoader Init config took 2.27s 
44305      INFO  main            d.u.i.k.p.i.AbstractProblemLoader Replaying proof check_jmod.key.proof 
44349      DEBUG main            d.u.i.k.p.i.IntermediateProofReplayer Proof replay took 38.25ms 
44351      DEBUG main            d.u.i.k.p.r.p.TestFile    ... success: reloaded. 
44353      INFO  main            d.u.i.k.p.r.p.TestFile    Now processing file /home/runner/work/key/key/key.core/../key.ui/examples/standard_key/arith/complexExpressions.key 
44353      INFO  main            d.u.i.k.p.i.AbstractProblemLoader Loading environment from /home/runner/work/key/key/key.core/../key.ui/examples/standard_key/arith/complexExpressions.key 
44353      DEBUG main            d.u.i.k.p.i.AbstractProblemLoader Environment load took 192.5ns 
44355      INFO  main            d.u.i.k.p.i.AbstractProblemLoader Creating init config 
46684      DEBUG main            d.u.i.k.p.i.AbstractProblemLoader Init config took 2.33s 
46704      INFO  main            d.u.i.k.p.i.AbstractProblemLoader Replaying proof complexExpressions.key 
46706      DEBUG main            d.u.i.k.p.i.IntermediateProofReplayer Proof replay took 4.9ns 
46814      INFO  main            d.u.i.k.p.r.p.TestFile    ... finished proof: closed. 
47039      INFO  main            d.u.i.k.p.i.AbstractProblemLoader Loading environment from /home/runner/work/key/key/key.core/../key.ui/examples/standard_key/arith/complexExpressions.key.proof 
47039      DEBUG main            d.u.i.k.p.i.AbstractProblemLoader Environment load took 106ns 
47040      INFO  main            d.u.i.k.p.i.AbstractProblemLoader Creating init config 
49374      DEBUG main            d.u.i.k.p.i.AbstractProblemLoader Init config took 2.33s 
49393      INFO  main            d.u.i.k.p.i.AbstractProblemLoader Replaying proof complexExpressions.key.proof 
49412      DEBUG main            d.u.i.k.p.i.IntermediateProofReplayer Proof replay took 16.88ms 
49413      DEBUG main            d.u.i.k.p.r.p.TestFile    ... success: reloaded. 
49414      INFO  main            d.u.i.k.p.r.p.TestFile    Now processing file /home/runner/work/key/key/key.core/../key.ui/examples/standard_key/arith/compound_unaryMinus.key 
49414      INFO  main            d.u.i.k.p.i.AbstractProblemLoader Loading environment from /home/runner/work/key/key/key.core/../key.ui/examples/standard_key/arith/compound_unaryMinus.key 
49415      DEBUG main            d.u.i.k.p.i.AbstractProblemLoader Environment load took 182.3ns 
49416      INFO  main            d.u.i.k.p.i.AbstractProblemLoader Creating init config 
51667      DEBUG main            d.u.i.k.p.i.AbstractProblemLoader Init config took 2.25s 
51686      INFO  main            d.u.i.k.p.i.AbstractProblemLoader Replaying proof compound_unaryMinus.key 
51687      DEBUG main            d.u.i.k.p.i.IntermediateProofReplayer Proof replay took 5.9ns 
51791      INFO  main            d.u.i.k.p.r.p.TestFile    ... finished proof: closed. 
51943      INFO  main            d.u.i.k.p.i.AbstractProblemLoader Loading environment from /home/runner/work/key/key/key.core/../key.ui/examples/standard_key/arith/compound_unaryMinus.key.proof 
51943      DEBUG main            d.u.i.k.p.i.AbstractProblemLoader Environment load took 105.5ns 
51944      INFO  main            d.u.i.k.p.i.AbstractProblemLoader Creating init config 
54215      DEBUG main            d.u.i.k.p.i.AbstractProblemLoader Init config took 2.27s 
54234      INFO  main            d.u.i.k.p.i.AbstractProblemLoader Replaying proof compound_unaryMinus.key.proof 
54239      DEBUG main            d.u.i.k.p.i.IntermediateProofReplayer Proof replay took 3.36ms 
54240      DEBUG main            d.u.i.k.p.r.p.TestFile    ... success: reloaded. 
54240      INFO  main            d.u.i.k.p.r.p.TestFile    Now processing file /home/runner/work/key/key/key.core/../key.ui/examples/standard_key/arith/computation.key 
54240      INFO  main            d.u.i.k.p.i.AbstractProblemLoader Loading environment from /home/runner/work/key/key/key.core/../key.ui/examples/standard_key/arith/computation.key 
54240      DEBUG main            d.u.i.k.p.i.AbstractProblemLoader Environment load took 71.5ns 
54242      INFO  main            d.u.i.k.p.i.AbstractProblemLoader Creating init config 
56537      DEBUG main            d.u.i.k.p.i.AbstractProblemLoader Init config took 2.3s 
56557      INFO  main            d.u.i.k.p.i.AbstractProblemLoader Replaying proof computation.key 
56560      DEBUG main            d.u.i.k.p.i.IntermediateProofReplayer Proof replay took 5.3ns 
57973      INFO  main            d.u.i.k.p.r.p.TestFile    ... finished proof: closed. 
58200      INFO  main            d.u.i.k.p.i.AbstractProblemLoader Loading environment from /home/runner/work/key/key/key.core/../key.ui/examples/standard_key/arith/computation.key.proof 
58201      DEBUG main            d.u.i.k.p.i.AbstractProblemLoader Environment load took 999.9ns 
58202      INFO  main            d.u.i.k.p.i.AbstractProblemLoader Creating init config 
60447      DEBUG main            d.u.i.k.p.i.AbstractProblemLoader Init config took 2.25s 
60465      INFO  main            d.u.i.k.p.i.AbstractProblemLoader Replaying proof computation.key.proof 
60601      DEBUG main            d.u.i.k.p.i.IntermediateProofReplayer Proof replay took 130.99ms 
60602      DEBUG main            d.u.i.k.p.r.p.TestFile    ... success: reloaded. 
60603      INFO  main            d.u.i.k.p.r.p.TestFile    Now processing file /home/runner/work/key/key/key.core/../key.ui/examples/standard_key/arith/cubicSum.key 
60603      INFO  main            d.u.i.k.p.i.AbstractProblemLoader Loading environment from /home/runner/work/key/key/key.core/../key.ui/examples/standard_key/arith/cubicSum.key 
60604      DEBUG main            d.u.i.k.p.i.AbstractProblemLoader Environment load took 184.3ns 
60605      INFO  main            d.u.i.k.p.i.AbstractProblemLoader Creating init config 
63086      DEBUG main            d.u.i.k.p.i.AbstractProblemLoader Init config took 2.48s 
63110      INFO  main            d.u.i.k.p.i.AbstractProblemLoader Replaying proof cubicSum.key 
63114      DEBUG main            d.u.i.k.p.i.IntermediateProofReplayer Proof replay took 4.9ns 
64321      INFO  main            d.u.i.k.p.r.p.TestFile    ... finished proof: closed. 
64576      INFO  main            d.u.i.k.p.i.AbstractProblemLoader Loading environment from /home/runner/work/key/key/key.core/../key.ui/examples/standard_key/arith/cubicSum.key.proof 
64576      DEBUG main            d.u.i.k.p.i.AbstractProblemLoader Environment load took 444ns 
64577      INFO  main            d.u.i.k.p.i.AbstractProblemLoader Creating init config 
66995      DEBUG main            d.u.i.k.p.i.AbstractProblemLoader Init config took 2.42s 
67012      INFO  main            d.u.i.k.p.i.AbstractProblemLoader Replaying proof cubicSum.key.proof 
67110      DEBUG main            d.u.i.k.p.i.IntermediateProofReplayer Proof replay took 95.08ms 
67112      DEBUG main            d.u.i.k.p.r.p.TestFile    ... success: reloaded. 
67113      INFO  main            d.u.i.k.p.r.p.TestFile    Now processing file /home/runner/work/key/key/key.core/../key.ui/examples/standard_key/arith/divByZero.key 
67113      INFO  main            d.u.i.k.p.i.AbstractProblemLoader Loading environment from /home/runner/work/key/key/key.core/../key.ui/examples/standard_key/arith/divByZero.key 
67113      DEBUG main            d.u.i.k.p.i.AbstractProblemLoader Environment load took 181ns 
67114      INFO  main            d.u.i.k.p.i.AbstractProblemLoader Creating init config 
69418      DEBUG main            d.u.i.k.p.i.AbstractProblemLoader Init config took 2.3s 
69433      INFO  main            d.u.i.k.p.i.AbstractProblemLoader Replaying proof divByZero.key 
69435      DEBUG main            d.u.i.k.p.i.IntermediateProofReplayer Proof replay took 5.3ns 
69637      INFO  main            d.u.i.k.p.r.p.TestFile    ... finished proof: closed. 
69823      INFO  main            d.u.i.k.p.i.AbstractProblemLoader Loading environment from /home/runner/work/key/key/key.core/../key.ui/examples/standard_key/arith/divByZero.key.proof 
69823      DEBUG main            d.u.i.k.p.i.AbstractProblemLoader Environment load took 105.2ns 
69824      INFO  main            d.u.i.k.p.i.AbstractProblemLoader Creating init config 
72157      DEBUG main            d.u.i.k.p.i.AbstractProblemLoader Init config took 2.33s 
72173      INFO  main            d.u.i.k.p.i.AbstractProblemLoader Replaying proof divByZero.key.proof 
72206      DEBUG main            d.u.i.k.p.i.IntermediateProofReplayer Proof replay took 30.53ms 
72207      DEBUG main            d.u.i.k.p.r.p.TestFile    ... success: reloaded. 
72208      INFO  main            d.u.i.k.p.r.p.TestFile    Now processing file /home/runner/work/key/key/key.core/../key.ui/examples/standard_key/arith/divisionAssoc.key 
72208      INFO  main            d.u.i.k.p.i.AbstractProblemLoader Loading environment from /home/runner/work/key/key/key.core/../key.ui/examples/standard_key/arith/divisionAssoc.key 
72208      DEBUG main            d.u.i.k.p.i.AbstractProblemLoader Environment load took 185.1ns 
72209      INFO  main            d.u.i.k.p.i.AbstractProblemLoader Creating init config 
74590      DEBUG main            d.u.i.k.p.i.AbstractProblemLoader Init config took 2.38s 
74616      INFO  main            d.u.i.k.p.i.AbstractProblemLoader Replaying proof divisionAssoc.key 
74618      DEBUG main            d.u.i.k.p.i.IntermediateProofReplayer Proof replay took 5.3ns 
75322      INFO  main            d.u.i.k.p.r.p.TestFile    ... finished proof: closed. 
75512      INFO  main            d.u.i.k.p.i.AbstractProblemLoader Loading environment from /home/runner/work/key/key/key.core/../key.ui/examples/standard_key/arith/divisionAssoc.key.proof 
75512      DEBUG main            d.u.i.k.p.i.AbstractProblemLoader Environment load took 106.3ns 
75513      INFO  main            d.u.i.k.p.i.AbstractProblemLoader Creating init config 
77801      DEBUG main            d.u.i.k.p.i.AbstractProblemLoader Init config took 2.29s 
77817      INFO  main            d.u.i.k.p.i.AbstractProblemLoader Replaying proof divisionAssoc.key.proof 
77862      DEBUG main            d.u.i.k.p.i.IntermediateProofReplayer Proof replay took 40.84ms 
77863      DEBUG main            d.u.i.k.p.r.p.TestFile    ... success: reloaded. 
77865      INFO  main            d.u.i.k.p.r.p.TestFile    Now processing file /home/runner/work/key/key/key.core/../key.ui/examples/standard_key/arith/divisionBy2.key 
77865      INFO  main            d.u.i.k.p.i.AbstractProblemLoader Loading environment from /home/runner/work/key/key/key.core/../key.ui/examples/standard_key/arith/divisionBy2.key 
77865      DEBUG main            d.u.i.k.p.i.AbstractProblemLoader Environment load took 184.5ns 
77866      INFO  main            d.u.i.k.p.i.AbstractProblemLoader Creating init config 
80223      DEBUG main            d.u.i.k.p.i.AbstractProblemLoader Init config took 2.36s 
80237      INFO  main            d.u.i.k.p.i.AbstractProblemLoader Replaying proof divisionBy2.key 
80238      DEBUG main            d.u.i.k.p.i.IntermediateProofReplayer Proof replay took 4.4ns 
80343      INFO  main            d.u.i.k.p.r.p.TestFile    ... finished proof: closed. 
80535      INFO  main            d.u.i.k.p.i.AbstractProblemLoader Loading environment from /home/runner/work/key/key/key.core/../key.ui/examples/standard_key/arith/divisionBy2.key.proof 
80535      DEBUG main            d.u.i.k.p.i.AbstractProblemLoader Environment load took 104.8ns 
80536      INFO  main            d.u.i.k.p.i.AbstractProblemLoader Creating init config 
82827      DEBUG main            d.u.i.k.p.i.AbstractProblemLoader Init config took 2.29s 
82840      INFO  main            d.u.i.k.p.i.AbstractProblemLoader Replaying proof divisionBy2.key.proof 
82846      DEBUG main            d.u.i.k.p.i.IntermediateProofReplayer Proof replay took 4.5ms 
82847      DEBUG main            d.u.i.k.p.r.p.TestFile    ... success: reloaded. 
82847      INFO  main            d.u.i.k.p.r.p.TestFile    Now processing file /home/runner/work/key/key/key.core/../key.ui/examples/standard_key/arith/euclidean/gcdHelp-post.key 
82847      INFO  main            d.u.i.k.p.i.AbstractProblemLoader Loading environment from /home/runner/work/key/key/key.core/../key.ui/examples/standard_key/arith/euclidean/gcdHelp-post.key 
82847      DEBUG main            d.u.i.k.p.i.AbstractProblemLoader Environment load took 80.7ns 
82849      INFO  main            d.u.i.k.p.i.AbstractProblemLoader Creating init config 
85301      DEBUG main            d.u.i.k.p.i.AbstractProblemLoader Init config took 2.45s 
85316      INFO  main            d.u.i.k.p.i.AbstractProblemLoader Replaying proof gcdHelp-post.key 
85318      DEBUG main            d.u.i.k.p.i.IntermediateProofReplayer Proof replay took 5.3ns 
88434      INFO  main            d.u.i.k.p.r.p.TestFile    ... finished proof: closed. 
88646      INFO  main            d.u.i.k.p.i.AbstractProblemLoader Loading environment from /home/runner/work/key/key/key.core/../key.ui/examples/standard_key/arith/euclidean/gcdHelp-post.key.proof 
88647      DEBUG main            d.u.i.k.p.i.AbstractProblemLoader Environment load took 378.8ns 
88651      INFO  main            d.u.i.k.p.i.AbstractProblemLoader Creating init config 
91045      DEBUG main            d.u.i.k.p.i.AbstractProblemLoader Init config took 2.39s 
91060      INFO  main            d.u.i.k.p.i.AbstractProblemLoader Replaying proof gcdHelp-post.key.proof 
91252      DEBUG main            d.u.i.k.p.i.IntermediateProofReplayer Proof replay took 182.07ms 
91254      DEBUG main            d.u.i.k.p.r.p.TestFile    ... success: reloaded. 
91255      INFO  main            d.u.i.k.p.r.p.TestFile    Now processing file /home/runner/work/key/key/key.core/../key.ui/examples/standard_key/arith/gemplusDecimal/add.key 
91255      INFO  main            d.u.i.k.p.i.AbstractProblemLoader Loading environment from /home/runner/work/key/key/key.core/../key.ui/examples/standard_key/arith/gemplusDecimal/add.key 
91255      DEBUG main            d.u.i.k.p.i.AbstractProblemLoader Environment load took 187.3ns 
91257      INFO  main            d.u.i.k.p.i.AbstractProblemLoader Creating init config 
93681      DEBUG main            d.u.i.k.p.i.AbstractProblemLoader Init config took 2.42s 
93696      INFO  main            d.u.i.k.p.i.AbstractProblemLoader Replaying proof add.key 
93697      DEBUG main            d.u.i.k.p.i.IntermediateProofReplayer Proof replay took 5ns 
133574     INFO  main            d.u.i.k.p.r.p.TestFile    ... finished proof: closed. 
133954     INFO  main            d.u.i.k.p.i.AbstractProblemLoader Loading environment from /home/runner/work/key/key/key.core/../key.ui/examples/standard_key/arith/gemplusDecimal/add.key.proof 
133954     DEBUG main            d.u.i.k.p.i.AbstractProblemLoader Environment load took 197.3ns 
133962     INFO  main            d.u.i.k.p.i.AbstractProblemLoader Creating init config 
136303     DEBUG main            d.u.i.k.p.i.AbstractProblemLoader Init config took 2.34s 
136319     INFO  main            d.u.i.k.p.i.AbstractProblemLoader Replaying proof add.key.proof 
140026     DEBUG main            d.u.i.k.p.i.IntermediateProofReplayer Proof replay took 3.56s 
140033     DEBUG main            d.u.i.k.p.r.p.TestFile    ... success: reloaded. 
140040     INFO  main            d.u.i.k.p.r.p.TestFile    Now processing file /home/runner/work/key/key/key.core/../key.ui/examples/standard_key/arith/jdivevenodd.key 
140040     INFO  main            d.u.i.k.p.i.AbstractProblemLoader Loading environment from /home/runner/work/key/key/key.core/../key.ui/examples/standard_key/arith/jdivevenodd.key 
140041     DEBUG main            d.u.i.k.p.i.AbstractProblemLoader Environment load took 95.1ns 
140042     INFO  main            d.u.i.k.p.i.AbstractProblemLoader Creating init config 
142414     DEBUG main            d.u.i.k.p.i.AbstractProblemLoader Init config took 2.37s 
142427     INFO  main            d.u.i.k.p.i.AbstractProblemLoader Replaying proof jdivevenodd.key 
142428     DEBUG main            d.u.i.k.p.i.IntermediateProofReplayer Proof replay took 5.5ns 
142630     INFO  main            d.u.i.k.p.r.p.TestFile    ... finished proof: closed. 
142944     INFO  main            d.u.i.k.p.i.AbstractProblemLoader Loading environment from /home/runner/work/key/key/key.core/../key.ui/examples/standard_key/arith/jdivevenodd.key.proof 
142944     DEBUG main            d.u.i.k.p.i.AbstractProblemLoader Environment load took 123ns 
142946     INFO  main            d.u.i.k.p.i.AbstractProblemLoader Creating init config 
145216     DEBUG main            d.u.i.k.p.i.AbstractProblemLoader Init config took 2.27s 
145229     INFO  main            d.u.i.k.p.i.AbstractProblemLoader Replaying proof jdivevenodd.key.proof 
145244     DEBUG main            d.u.i.k.p.i.IntermediateProofReplayer Proof replay took 11.72ms 
145245     DEBUG main            d.u.i.k.p.r.p.TestFile    ... success: reloaded. 
145246     INFO  main            d.u.i.k.p.r.p.TestFile    Now processing file /home/runner/work/key/key/key.core/../key.ui/examples/standard_key/arith/median.key 
145246     INFO  main            d.u.i.k.p.i.AbstractProblemLoader Loading environment from /home/runner/work/key/key/key.core/../key.ui/examples/standard_key/arith/median.key 
145246     DEBUG main            d.u.i.k.p.i.AbstractProblemLoader Environment load took 187ns 
145247     INFO  main            d.u.i.k.p.i.AbstractProblemLoader Creating init config 
147518     DEBUG main            d.u.i.k.p.i.AbstractProblemLoader Init config took 2.27s 
147532     INFO  main            d.u.i.k.p.i.AbstractProblemLoader Replaying proof median.key 
147534     DEBUG main            d.u.i.k.p.i.IntermediateProofReplayer Proof replay took 5.2ns 
163005     INFO  main            d.u.i.k.p.r.p.TestFile    ... finished proof: closed. 
163320     INFO  main            d.u.i.k.p.i.AbstractProblemLoader Loading environment from /home/runner/work/key/key/key.core/../key.ui/examples/standard_key/arith/median.key.proof 
163321     DEBUG main            d.u.i.k.p.i.AbstractProblemLoader Environment load took 484.1ns 
163326     INFO  main            d.u.i.k.p.i.AbstractProblemLoader Creating init config 
165565     DEBUG main            d.u.i.k.p.i.AbstractProblemLoader Init config took 2.24s 
165595     INFO  main            d.u.i.k.p.i.AbstractProblemLoader Replaying proof median.key.proof 
166719     DEBUG main            d.u.i.k.p.i.IntermediateProofReplayer Proof replay took 1.07s 
166722     DEBUG main            d.u.i.k.p.r.p.TestFile    ... success: reloaded. 
166723     INFO  main            d.u.i.k.p.r.p.TestFile    Now processing file /home/runner/work/key/key/key.core/../key.ui/examples/standard_key/arith/mod1.key 
166723     INFO  main            d.u.i.k.p.i.AbstractProblemLoader Loading environment from /home/runner/work/key/key/key.core/../key.ui/examples/standard_key/arith/mod1.key 
166724     DEBUG main            d.u.i.k.p.i.AbstractProblemLoader Environment load took 175.5ns 
166725     INFO  main            d.u.i.k.p.i.AbstractProblemLoader Creating init config 
169031     DEBUG main            d.u.i.k.p.i.AbstractProblemLoader Init config took 2.31s 
169044     INFO  main            d.u.i.k.p.i.AbstractProblemLoader Replaying proof mod1.key 
169046     DEBUG main            d.u.i.k.p.i.IntermediateProofReplayer Proof replay took 6.6ns 
169147     INFO  main            d.u.i.k.p.r.p.TestFile    ... finished proof: closed. 
169425     INFO  main            d.u.i.k.p.i.AbstractProblemLoader Loading environment from /home/runner/work/key/key/key.core/../key.ui/examples/standard_key/arith/mod1.key.proof 
169425     DEBUG main            d.u.i.k.p.i.AbstractProblemLoader Environment load took 102ns 
169426     INFO  main            d.u.i.k.p.i.AbstractProblemLoader Creating init config 
171731     DEBUG main            d.u.i.k.p.i.AbstractProblemLoader Init config took 2.31s 
171744     INFO  main            d.u.i.k.p.i.AbstractProblemLoader Replaying proof mod1.key.proof 
171748     DEBUG main            d.u.i.k.p.i.IntermediateProofReplayer Proof replay took 2.09ms 
171748     DEBUG main            d.u.i.k.p.r.p.TestFile    ... success: reloaded. 
171749     INFO  main            d.u.i.k.p.r.p.TestFile    Now processing file /home/runner/work/key/key/key.core/../key.ui/examples/standard_key/arith/mod2.key 
171749     INFO  main            d.u.i.k.p.i.AbstractProblemLoader Loading environment from /home/runner/work/key/key/key.core/../key.ui/examples/standard_key/arith/mod2.key 
171749     DEBUG main            d.u.i.k.p.i.AbstractProblemLoader Environment load took 85ns 
171750     INFO  main            d.u.i.k.p.i.AbstractProblemLoader Creating init config 
174007     DEBUG main            d.u.i.k.p.i.AbstractProblemLoader Init config took 2.26s 
174019     INFO  main            d.u.i.k.p.i.AbstractProblemLoader Replaying proof mod2.key 
174021     DEBUG main            d.u.i.k.p.i.IntermediateProofReplayer Proof replay took 5.9ns 
174125     INFO  main            d.u.i.k.p.r.p.TestFile    ... finished proof: closed. 
174334     INFO  main            d.u.i.k.p.i.AbstractProblemLoader Loading environment from /home/runner/work/key/key/key.core/../key.ui/examples/standard_key/arith/mod2.key.proof 
174334     DEBUG main            d.u.i.k.p.i.AbstractProblemLoader Environment load took 91.8ns 
174335     INFO  main            d.u.i.k.p.i.AbstractProblemLoader Creating init config 
176586     DEBUG main            d.u.i.k.p.i.AbstractProblemLoader Init config took 2.25s 
176598     INFO  main            d.u.i.k.p.i.AbstractProblemLoader Replaying proof mod2.key.proof 
176601     DEBUG main            d.u.i.k.p.i.IntermediateProofReplayer Proof replay took 1.37ms 
176602     DEBUG main            d.u.i.k.p.r.p.TestFile    ... success: reloaded. 
176602     INFO  main            d.u.i.k.p.r.p.TestFile    Now processing file /home/runner/work/key/key/key.core/../key.ui/examples/standard_key/arith/mod7.key 
176602     INFO  main            d.u.i.k.p.i.AbstractProblemLoader Loading environment from /home/runner/work/key/key/key.core/../key.ui/examples/standard_key/arith/mod7.key 
176602     DEBUG main            d.u.i.k.p.i.AbstractProblemLoader Environment load took 45ns 
176603     INFO  main            d.u.i.k.p.i.AbstractProblemLoader Creating init config 
178876     DEBUG main            d.u.i.k.p.i.AbstractProblemLoader Init config took 2.27s 
178889     INFO  main            d.u.i.k.p.i.AbstractProblemLoader Replaying proof mod7.key 
178891     DEBUG main            d.u.i.k.p.i.IntermediateProofReplayer Proof replay took 5.2ns 
178993     INFO  main            d.u.i.k.p.r.p.TestFile    ... finished proof: closed. 
179207     INFO  main            d.u.i.k.p.i.AbstractProblemLoader Loading environment from /home/runner/work/key/key/key.core/../key.ui/examples/standard_key/arith/mod7.key.proof 
179207     DEBUG main            d.u.i.k.p.i.AbstractProblemLoader Environment load took 100.1ns 
179208     INFO  main            d.u.i.k.p.i.AbstractProblemLoader Creating init config 
181452     DEBUG main            d.u.i.k.p.i.AbstractProblemLoader Init config took 2.24s 
181464     INFO  main            d.u.i.k.p.i.AbstractProblemLoader Replaying proof mod7.key.proof 
181471     DEBUG main            d.u.i.k.p.i.IntermediateProofReplayer Proof replay took 4.84ms 
181472     DEBUG main            d.u.i.k.p.r.p.TestFile    ... success: reloaded. 
181472     INFO  main            d.u.i.k.p.r.p.TestFile    Now processing file /home/runner/work/key/key/key.core/../key.ui/examples/standard_key/arith/overflow_hija.key 
181473     INFO  main            d.u.i.k.p.i.AbstractProblemLoader Loading environment from /home/runner/work/key/key/key.core/../key.ui/examples/standard_key/arith/overflow_hija.key 
181473     DEBUG main            d.u.i.k.p.i.AbstractProblemLoader Environment load took 179.4ns 
181475     INFO  main            d.u.i.k.p.i.AbstractProblemLoader Creating init config 
183763     DEBUG main            d.u.i.k.p.i.AbstractProblemLoader Init config took 2.29s 
183786     INFO  main            d.u.i.k.p.i.AbstractProblemLoader Replaying proof overflow_hija.key 
183788     DEBUG main            d.u.i.k.p.i.IntermediateProofReplayer Proof replay took 6.4ns 
188133     INFO  main            d.u.i.k.p.r.p.TestFile    ... finished proof: closed. 
188397     INFO  main            d.u.i.k.p.i.AbstractProblemLoader Loading environment from /home/runner/work/key/key/key.core/../key.ui/examples/standard_key/arith/overflow_hija.key.proof 
188398     DEBUG main            d.u.i.k.p.i.AbstractProblemLoader Environment load took 361.3ns 
188400     INFO  main            d.u.i.k.p.i.AbstractProblemLoader Creating init config 
190651     DEBUG main            d.u.i.k.p.i.AbstractProblemLoader Init config took 2.25s 
190667     INFO  main            d.u.i.k.p.i.AbstractProblemLoader Replaying proof overflow_hija.key.proof 
191028     DEBUG main            d.u.i.k.p.i.IntermediateProofReplayer Proof replay took 350.16ms 
191030     DEBUG main            d.u.i.k.p.r.p.TestFile    ... success: reloaded. 
191031     INFO  main            d.u.i.k.p.r.p.TestFile    Now processing file /home/runner/work/key/key/key.core/../key.ui/examples/standard_key/arith/poly_division0.key 
191031     INFO  main            d.u.i.k.p.i.AbstractProblemLoader Loading environment from /home/runner/work/key/key/key.core/../key.ui/examples/standard_key/arith/poly_division0.key 
191031     DEBUG main            d.u.i.k.p.i.AbstractProblemLoader Environment load took 169.7ns 
191032     INFO  main            d.u.i.k.p.i.AbstractProblemLoader Creating init config 
193339     DEBUG main            d.u.i.k.p.i.AbstractProblemLoader Init config took 2.31s 
193352     INFO  main            d.u.i.k.p.i.AbstractProblemLoader Replaying proof poly_division0.key 
193353     DEBUG main            d.u.i.k.p.i.IntermediateProofReplayer Proof replay took 6ns 
193455     INFO  main            d.u.i.k.p.r.p.TestFile    ... finished proof: closed. 
193715     INFO  main            d.u.i.k.p.i.AbstractProblemLoader Loading environment from /home/runner/work/key/key/key.core/../key.ui/examples/standard_key/arith/poly_division0.key.proof 
193716     DEBUG main            d.u.i.k.p.i.AbstractProblemLoader Environment load took 96.8ns 
193717     INFO  main            d.u.i.k.p.i.AbstractProblemLoader Creating init config 
195956     DEBUG main            d.u.i.k.p.i.AbstractProblemLoader Init config took 2.24s 
195969     INFO  main            d.u.i.k.p.i.AbstractProblemLoader Replaying proof poly_division0.key.proof 
195978     DEBUG main            d.u.i.k.p.i.IntermediateProofReplayer Proof replay took 7.23ms 
195979     DEBUG main            d.u.i.k.p.r.p.TestFile    ... success: reloaded. 
195979     INFO  main            d.u.i.k.p.r.p.TestFile    Now processing file /home/runner/work/key/key/key.core/../key.ui/examples/standard_key/arith/poly_division1.key 
195979     INFO  main            d.u.i.k.p.i.AbstractProblemLoader Loading environment from /home/runner/work/key/key/key.core/../key.ui/examples/standard_key/arith/poly_division1.key 
195980     DEBUG main            d.u.i.k.p.i.AbstractProblemLoader Environment load took 62.3ns 
195980     INFO  main            d.u.i.k.p.i.AbstractProblemLoader Creating init config 
198248     DEBUG main            d.u.i.k.p.i.AbstractProblemLoader Init config took 2.27s 
198260     INFO  main            d.u.i.k.p.i.AbstractProblemLoader Replaying proof poly_division1.key 
198261     DEBUG main            d.u.i.k.p.i.IntermediateProofReplayer Proof replay took 5.2ns 
198363     INFO  main            d.u.i.k.p.r.p.TestFile    ... finished proof: closed. 
198591     INFO  main            d.u.i.k.p.i.AbstractProblemLoader Loading environment from /home/runner/work/key/key/key.core/../key.ui/examples/standard_key/arith/poly_division1.key.proof 
198591     DEBUG main            d.u.i.k.p.i.AbstractProblemLoader Environment load took 96.9ns 
198592     INFO  main            d.u.i.k.p.i.AbstractProblemLoader Creating init config 
200838     DEBUG main            d.u.i.k.p.i.AbstractProblemLoader Init config took 2.25s 
200850     INFO  main            d.u.i.k.p.i.AbstractProblemLoader Replaying proof poly_division1.key.proof 
200857     DEBUG main            d.u.i.k.p.i.IntermediateProofReplayer Proof replay took 5.59ms 
200858     DEBUG main            d.u.i.k.p.r.p.TestFile    ... success: reloaded. 
200859     INFO  main            d.u.i.k.p.r.p.TestFile    Now processing file /home/runner/work/key/key/key.core/../key.ui/examples/standard_key/inEqSimp/division.key 
200859     INFO  main            d.u.i.k.p.i.AbstractProblemLoader Loading environment from /home/runner/work/key/key/key.core/../key.ui/examples/standard_key/inEqSimp/division.key 
200859     DEBUG main            d.u.i.k.p.i.AbstractProblemLoader Environment load took 184ns 
200860     INFO  main            d.u.i.k.p.i.AbstractProblemLoader Creating init config 
203139     DEBUG main            d.u.i.k.p.i.AbstractProblemLoader Init config took 2.28s 
203151     INFO  main            d.u.i.k.p.i.AbstractProblemLoader Replaying proof division.key 
203153     DEBUG main            d.u.i.k.p.i.IntermediateProofReplayer Proof replay took 5.7ns 
205058     INFO  main            d.u.i.k.p.r.p.TestFile    ... finished proof: closed. 
205309     INFO  main            d.u.i.k.p.i.AbstractProblemLoader Loading environment from /home/runner/work/key/key/key.core/../key.ui/examples/standard_key/inEqSimp/division.key.proof 
205309     DEBUG main            d.u.i.k.p.i.AbstractProblemLoader Environment load took 103ns 
205311     INFO  main            d.u.i.k.p.i.AbstractProblemLoader Creating init config 
207554     DEBUG main            d.u.i.k.p.i.AbstractProblemLoader Init config took 2.24s 
207567     INFO  main            d.u.i.k.p.i.AbstractProblemLoader Replaying proof division.key.proof 
207650     DEBUG main            d.u.i.k.p.i.IntermediateProofReplayer Proof replay took 71.54ms 
207652     DEBUG main            d.u.i.k.p.r.p.TestFile    ... success: reloaded. 
207653     INFO  main            d.u.i.k.p.r.p.TestFile    Now processing file /home/runner/work/key/key/key.core/../key.ui/examples/standard_key/inEqSimp/inequations0.key 
207653     INFO  main            d.u.i.k.p.i.AbstractProblemLoader Loading environment from /home/runner/work/key/key/key.core/../key.ui/examples/standard_key/inEqSimp/inequations0.key 
207653     DEBUG main            d.u.i.k.p.i.AbstractProblemLoader Environment load took 170.1ns 
207654     INFO  main            d.u.i.k.p.i.AbstractProblemLoader Creating init config 
209955     DEBUG main            d.u.i.k.p.i.AbstractProblemLoader Init config took 2.3s 
209968     INFO  main            d.u.i.k.p.i.AbstractProblemLoader Replaying proof inequations0.key 
209969     DEBUG main            d.u.i.k.p.i.IntermediateProofReplayer Proof replay took 34.8ns 
210070     INFO  main            d.u.i.k.p.r.p.TestFile    ... finished proof: closed. 
210329     INFO  main            d.u.i.k.p.i.AbstractProblemLoader Loading environment from /home/runner/work/key/key/key.core/../key.ui/examples/standard_key/inEqSimp/inequations0.key.proof 
210329     DEBUG main            d.u.i.k.p.i.AbstractProblemLoader Environment load took 97.5ns 
210330     INFO  main            d.u.i.k.p.i.AbstractProblemLoader Creating init config 
212581     DEBUG main            d.u.i.k.p.i.AbstractProblemLoader Init config took 2.25s 
212593     INFO  main            d.u.i.k.p.i.AbstractProblemLoader Replaying proof inequations0.key.proof 
212596     DEBUG main            d.u.i.k.p.i.IntermediateProofReplayer Proof replay took 1.8ms 
212597     DEBUG main            d.u.i.k.p.r.p.TestFile    ... success: reloaded. 
212597     INFO  main            d.u.i.k.p.r.p.TestFile    Now processing file /home/runner/work/key/key/key.core/../key.ui/examples/standard_key/inEqSimp/inequations1.key 
212598     INFO  main            d.u.i.k.p.i.AbstractProblemLoader Loading environment from /home/runner/work/key/key/key.core/../key.ui/examples/standard_key/inEqSimp/inequations1.key 
212598     DEBUG main            d.u.i.k.p.i.AbstractProblemLoader Environment load took 178.4ns 
212599     INFO  main            d.u.i.k.p.i.AbstractProblemLoader Creating init config 
214883     DEBUG main            d.u.i.k.p.i.AbstractProblemLoader Init config took 2.28s 
214895     INFO  main            d.u.i.k.p.i.AbstractProblemLoader Replaying proof inequations1.key 
214896     DEBUG main            d.u.i.k.p.i.IntermediateProofReplayer Proof replay took 2ns 
214998     INFO  main            d.u.i.k.p.r.p.TestFile    ... finished proof: closed. 
215243     INFO  main            d.u.i.k.p.i.AbstractProblemLoader Loading environment from /home/runner/work/key/key/key.core/../key.ui/examples/standard_key/inEqSimp/inequations1.key.proof 
215243     DEBUG main            d.u.i.k.p.i.AbstractProblemLoader Environment load took 92.4ns 
215244     INFO  main            d.u.i.k.p.i.AbstractProblemLoader Creating init config 
217482     DEBUG main            d.u.i.k.p.i.AbstractProblemLoader Init config took 2.24s 
217494     INFO  main            d.u.i.k.p.i.AbstractProblemLoader Replaying proof inequations1.key.proof 
217497     DEBUG main            d.u.i.k.p.i.IntermediateProofReplayer Proof replay took 1.06ms 
217497     DEBUG main            d.u.i.k.p.r.p.TestFile    ... success: reloaded. 
217498     INFO  main            d.u.i.k.p.r.p.TestFile    Now processing file /home/runner/work/key/key/key.core/../key.ui/examples/standard_key/inEqSimp/inequations2.key 
217498     INFO  main            d.u.i.k.p.i.AbstractProblemLoader Loading environment from /home/runner/work/key/key/key.core/../key.ui/examples/standard_key/inEqSimp/inequations2.key 
217498     DEBUG main            d.u.i.k.p.i.AbstractProblemLoader Environment load took 43.2ns 
217499     INFO  main            d.u.i.k.p.i.AbstractProblemLoader Creating init config 
219772     DEBUG main            d.u.i.k.p.i.AbstractProblemLoader Init config took 2.27s 
219784     INFO  main            d.u.i.k.p.i.AbstractProblemLoader Replaying proof inequations2.key 
219785     DEBUG main            d.u.i.k.p.i.IntermediateProofReplayer Proof replay took 1.8ns 
219887     INFO  main            d.u.i.k.p.r.p.TestFile    ... finished proof: closed. 
220129     INFO  main            d.u.i.k.p.i.AbstractProblemLoader Loading environment from /home/runner/work/key/key/key.core/../key.ui/examples/standard_key/inEqSimp/inequations2.key.proof 
220129     DEBUG main            d.u.i.k.p.i.AbstractProblemLoader Environment load took 80.5ns 
220131     INFO  main            d.u.i.k.p.i.AbstractProblemLoader Creating init config 
222363     DEBUG main            d.u.i.k.p.i.AbstractProblemLoader Init config took 2.23s 
222375     INFO  main            d.u.i.k.p.i.AbstractProblemLoader Replaying proof inequations2.key.proof 
222378     DEBUG main            d.u.i.k.p.i.IntermediateProofReplayer Proof replay took 1.3ms 
222378     DEBUG main            d.u.i.k.p.r.p.TestFile    ... success: reloaded. 
222379     INFO  main            d.u.i.k.p.r.p.TestFile    Now processing file /home/runner/work/key/key/key.core/../key.ui/examples/standard_key/inEqSimp/linApprox.key 
222379     INFO  main            d.u.i.k.p.i.AbstractProblemLoader Loading environment from /home/runner/work/key/key/key.core/../key.ui/examples/standard_key/inEqSimp/linApprox.key 
222379     DEBUG main            d.u.i.k.p.i.AbstractProblemLoader Environment load took 70.5ns 
222380     INFO  main            d.u.i.k.p.i.AbstractProblemLoader Creating init config 
224645     DEBUG main            d.u.i.k.p.i.AbstractProblemLoader Init config took 2.26s 
224658     INFO  main            d.u.i.k.p.i.AbstractProblemLoader Replaying proof linApprox.key 
224659     DEBUG main            d.u.i.k.p.i.IntermediateProofReplayer Proof replay took 2.3ns 
224761     INFO  main            d.u.i.k.p.r.p.TestFile    ... finished proof: closed. 
225013     INFO  main            d.u.i.k.p.i.AbstractProblemLoader Loading environment from /home/runner/work/key/key/key.core/../key.ui/examples/standard_key/inEqSimp/linApprox.key.proof 
225013     DEBUG main            d.u.i.k.p.i.AbstractProblemLoader Environment load took 86.9ns 
225014     INFO  main            d.u.i.k.p.i.AbstractProblemLoader Creating init config 
227244     DEBUG main            d.u.i.k.p.i.AbstractProblemLoader Init config took 2.23s 
227256     INFO  main            d.u.i.k.p.i.AbstractProblemLoader Replaying proof linApprox.key.proof 
227260     DEBUG main            d.u.i.k.p.i.IntermediateProofReplayer Proof replay took 2.36ms 
227260     DEBUG main            d.u.i.k.p.r.p.TestFile    ... success: reloaded. 
227261     INFO  main            d.u.i.k.p.r.p.TestFile    Now processing file /home/runner/work/key/key/key.core/../key.ui/examples/standard_key/inEqSimp/nonLinInEqExample0.key 
227261     INFO  main            d.u.i.k.p.i.AbstractProblemLoader Loading environment from /home/runner/work/key/key/key.core/../key.ui/examples/standard_key/inEqSimp/nonLinInEqExample0.key 
227261     DEBUG main            d.u.i.k.p.i.AbstractProblemLoader Environment load took 44.2ns 
227262     INFO  main            d.u.i.k.p.i.AbstractProblemLoader Creating init config 
229531     DEBUG main            d.u.i.k.p.i.AbstractProblemLoader Init config took 2.27s 
229544     INFO  main            d.u.i.k.p.i.AbstractProblemLoader Replaying proof nonLinInEqExample0.key 
229545     DEBUG main            d.u.i.k.p.i.IntermediateProofReplayer Proof replay took 2ns 
229646     INFO  main            d.u.i.k.p.r.p.TestFile    ... finished proof: closed. 
229901     INFO  main            d.u.i.k.p.i.AbstractProblemLoader Loading environment from /home/runner/work/key/key/key.core/../key.ui/examples/standard_key/inEqSimp/nonLinInEqExample0.key.proof 
229901     DEBUG main            d.u.i.k.p.i.AbstractProblemLoader Environment load took 82.9ns 
229902     INFO  main            d.u.i.k.p.i.AbstractProblemLoader Creating init config 
232142     DEBUG main            d.u.i.k.p.i.AbstractProblemLoader Init config took 2.24s 
232155     INFO  main            d.u.i.k.p.i.AbstractProblemLoader Replaying proof nonLinInEqExample0.key.proof 
232157     DEBUG main            d.u.i.k.p.i.IntermediateProofReplayer Proof replay took 821.6ns 
232157     DEBUG main            d.u.i.k.p.r.p.TestFile    ... success: reloaded. 
232158     INFO  main            d.u.i.k.p.r.p.TestFile    Now processing file /home/runner/work/key/key/key.core/../key.ui/examples/standard_key/inEqSimp/nonLinInEqExample2.key 
232158     INFO  main            d.u.i.k.p.i.AbstractProblemLoader Loading environment from /home/runner/work/key/key/key.core/../key.ui/examples/standard_key/inEqSimp/nonLinInEqExample2.key 
232158     DEBUG main            d.u.i.k.p.i.AbstractProblemLoader Environment load took 45.7ns 
232159     INFO  main            d.u.i.k.p.i.AbstractProblemLoader Creating init config 
234446     DEBUG main            d.u.i.k.p.i.AbstractProblemLoader Init config took 2.29s 
234458     INFO  main            d.u.i.k.p.i.AbstractProblemLoader Replaying proof nonLinInEqExample2.key 
234460     DEBUG main            d.u.i.k.p.i.IntermediateProofReplayer Proof replay took 2.4ns 
234762     INFO  main            d.u.i.k.p.r.p.TestFile    ... finished proof: closed. 
235018     INFO  main            d.u.i.k.p.i.AbstractProblemLoader Loading environment from /home/runner/work/key/key/key.core/../key.ui/examples/standard_key/inEqSimp/nonLinInEqExample2.key.proof 
235018     DEBUG main            d.u.i.k.p.i.AbstractProblemLoader Environment load took 86.5ns 
235019     INFO  main            d.u.i.k.p.i.AbstractProblemLoader Creating init config 
237258     DEBUG main            d.u.i.k.p.i.AbstractProblemLoader Init config took 2.24s 
237271     INFO  main            d.u.i.k.p.i.AbstractProblemLoader Replaying proof nonLinInEqExample2.key.proof 
237297     DEBUG main            d.u.i.k.p.i.IntermediateProofReplayer Proof replay took 22.27ms 
237298     DEBUG main            d.u.i.k.p.r.p.TestFile    ... success: reloaded. 
237298     INFO  main            d.u.i.k.p.r.p.TestFile    Now processing file /home/runner/work/key/key/key.core/../key.ui/examples/standard_key/inEqSimp/nonLinInEqExample3.key 
237298     INFO  main            d.u.i.k.p.i.AbstractProblemLoader Loading environment from /home/runner/work/key/key/key.core/../key.ui/examples/standard_key/inEqSimp/nonLinInEqExample3.key 
237299     DEBUG main            d.u.i.k.p.i.AbstractProblemLoader Environment load took 66.6ns 
237299     INFO  main            d.u.i.k.p.i.AbstractProblemLoader Creating init config 
239580     DEBUG main            d.u.i.k.p.i.AbstractProblemLoader Init config took 2.28s 
239592     INFO  main            d.u.i.k.p.i.AbstractProblemLoader Replaying proof nonLinInEqExample3.key 
239593     DEBUG main            d.u.i.k.p.i.IntermediateProofReplayer Proof replay took 2.1ns 
239795     INFO  main            d.u.i.k.p.r.p.TestFile    ... finished proof: closed. 
240075     INFO  main            d.u.i.k.p.i.AbstractProblemLoader Loading environment from /home/runner/work/key/key/key.core/../key.ui/examples/standard_key/inEqSimp/nonLinInEqExample3.key.proof 
240075     DEBUG main            d.u.i.k.p.i.AbstractProblemLoader Environment load took 84.7ns 
240076     INFO  main            d.u.i.k.p.i.AbstractProblemLoader Creating init config 
242304     DEBUG main            d.u.i.k.p.i.AbstractProblemLoader Init config took 2.23s 
242316     INFO  main            d.u.i.k.p.i.AbstractProblemLoader Replaying proof nonLinInEqExample3.key.proof 
242332     DEBUG main            d.u.i.k.p.i.IntermediateProofReplayer Proof replay took 13.97ms 
242333     DEBUG main            d.u.i.k.p.r.p.TestFile    ... success: reloaded. 
242333     INFO  main            d.u.i.k.p.r.p.TestFile    Now processing file /home/runner/work/key/key/key.core/../key.ui/examples/standard_key/inEqSimp/nonLinInEqExample4.key 
242333     INFO  main            d.u.i.k.p.i.AbstractProblemLoader Loading environment from /home/runner/work/key/key/key.core/../key.ui/examples/standard_key/inEqSimp/nonLinInEqExample4.key 
242333     DEBUG main            d.u.i.k.p.i.AbstractProblemLoader Environment load took 44.6ns 
242334     INFO  main            d.u.i.k.p.i.AbstractProblemLoader Creating init config 
244614     DEBUG main            d.u.i.k.p.i.AbstractProblemLoader Init config took 2.28s 
244626     INFO  main            d.u.i.k.p.i.AbstractProblemLoader Replaying proof nonLinInEqExample4.key 
244627     DEBUG main            d.u.i.k.p.i.IntermediateProofReplayer Proof replay took 1.9ns 
244729     INFO  main            d.u.i.k.p.r.p.TestFile    ... finished proof: closed. 
245006     INFO  main            d.u.i.k.p.i.AbstractProblemLoader Loading environment from /home/runner/work/key/key/key.core/../key.ui/examples/standard_key/inEqSimp/nonLinInEqExample4.key.proof 
245006     DEBUG main            d.u.i.k.p.i.AbstractProblemLoader Environment load took 82.2ns 
245007     INFO  main            d.u.i.k.p.i.AbstractProblemLoader Creating init config 
247247     DEBUG main            d.u.i.k.p.i.AbstractProblemLoader Init config took 2.24s 
247260     INFO  main            d.u.i.k.p.i.AbstractProblemLoader Replaying proof nonLinInEqExample4.key.proof 
247268     DEBUG main            d.u.i.k.p.i.IntermediateProofReplayer Proof replay took 3.08ms 
247269     DEBUG main            d.u.i.k.p.r.p.TestFile    ... success: reloaded. 
247270     INFO  main            d.u.i.k.p.r.p.TestFile    Now processing file /home/runner/work/key/key/key.core/../key.ui/examples/standard_key/inEqSimp/quadraticInEq.key 
247270     INFO  main            d.u.i.k.p.i.AbstractProblemLoader Loading environment from /home/runner/work/key/key/key.core/../key.ui/examples/standard_key/inEqSimp/quadraticInEq.key 
247270     DEBUG main            d.u.i.k.p.i.AbstractProblemLoader Environment load took 47ns 
247271     INFO  main            d.u.i.k.p.i.AbstractProblemLoader Creating init config 
249560     DEBUG main            d.u.i.k.p.i.AbstractProblemLoader Init config took 2.29s 
249572     INFO  main            d.u.i.k.p.i.AbstractProblemLoader Replaying proof quadraticInEq.key 
249573     DEBUG main            d.u.i.k.p.i.IntermediateProofReplayer Proof replay took 2.1ns 
249877     INFO  main            d.u.i.k.p.r.p.TestFile    ... finished proof: closed. 
250179     INFO  main            d.u.i.k.p.i.AbstractProblemLoader Loading environment from /home/runner/work/key/key/key.core/../key.ui/examples/standard_key/inEqSimp/quadraticInEq.key.proof 
250179     DEBUG main            d.u.i.k.p.i.AbstractProblemLoader Environment load took 157.8ns 
250181     INFO  main            d.u.i.k.p.i.AbstractProblemLoader Creating init config 
252418     DEBUG main            d.u.i.k.p.i.AbstractProblemLoader Init config took 2.24s 
252432     INFO  main            d.u.i.k.p.i.AbstractProblemLoader Replaying proof quadraticInEq.key.proof 
252466     DEBUG main            d.u.i.k.p.i.IntermediateProofReplayer Proof replay took 30.53ms 
252468     DEBUG main            d.u.i.k.p.r.p.TestFile    ... success: reloaded. 
252468     INFO  main            d.u.i.k.p.r.p.TestFile    Now processing file /home/runner/work/key/key/key.core/../key.ui/examples/standard_key/inEqSimp/quadraticInEq10.key 
252468     INFO  main            d.u.i.k.p.i.AbstractProblemLoader Loading environment from /home/runner/work/key/key/key.core/../key.ui/examples/standard_key/inEqSimp/quadraticInEq10.key 
252469     DEBUG main            d.u.i.k.p.i.AbstractProblemLoader Environment load took 75.9ns 
252470     INFO  main            d.u.i.k.p.i.AbstractProblemLoader Creating init config 
254757     DEBUG main            d.u.i.k.p.i.AbstractProblemLoader Init config took 2.29s 
254769     INFO  main            d.u.i.k.p.i.AbstractProblemLoader Replaying proof quadraticInEq10.key 
254771     DEBUG main            d.u.i.k.p.i.IntermediateProofReplayer Proof replay took 2.2ns 
254972     INFO  main            d.u.i.k.p.r.p.TestFile    ... finished proof: closed. 
255258     INFO  main            d.u.i.k.p.i.AbstractProblemLoader Loading environment from /home/runner/work/key/key/key.core/../key.ui/examples/standard_key/inEqSimp/quadraticInEq10.key.proof 
255259     DEBUG main            d.u.i.k.p.i.AbstractProblemLoader Environment load took 90ns 
255260     INFO  main            d.u.i.k.p.i.AbstractProblemLoader Creating init config 
257489     DEBUG main            d.u.i.k.p.i.AbstractProblemLoader Init config took 2.23s 
257501     INFO  main            d.u.i.k.p.i.AbstractProblemLoader Replaying proof quadraticInEq10.key.proof 
257514     DEBUG main            d.u.i.k.p.i.IntermediateProofReplayer Proof replay took 10.97ms 
257514     DEBUG main            d.u.i.k.p.r.p.TestFile    ... success: reloaded. 
257515     INFO  main            d.u.i.k.p.r.p.TestFile    Now processing file /home/runner/work/key/key/key.core/../key.ui/examples/standard_key/inEqSimp/quadraticInEq13.key 
257515     INFO  main            d.u.i.k.p.i.AbstractProblemLoader Loading environment from /home/runner/work/key/key/key.core/../key.ui/examples/standard_key/inEqSimp/quadraticInEq13.key 
257515     DEBUG main            d.u.i.k.p.i.AbstractProblemLoader Environment load took 41.7ns 
257516     INFO  main            d.u.i.k.p.i.AbstractProblemLoader Creating init config 
259802     DEBUG main            d.u.i.k.p.i.AbstractProblemLoader Init config took 2.29s 
259815     INFO  main            d.u.i.k.p.i.AbstractProblemLoader Replaying proof quadraticInEq13.key 
259816     DEBUG main            d.u.i.k.p.i.IntermediateProofReplayer Proof replay took 2.4ns 
260018     INFO  main            d.u.i.k.p.r.p.TestFile    ... finished proof: closed. 
260320     INFO  main            d.u.i.k.p.i.AbstractProblemLoader Loading environment from /home/runner/work/key/key/key.core/../key.ui/examples/standard_key/inEqSimp/quadraticInEq13.key.proof 
260320     DEBUG main            d.u.i.k.p.i.AbstractProblemLoader Environment load took 79.2ns 
260321     INFO  main            d.u.i.k.p.i.AbstractProblemLoader Creating init config 
262562     DEBUG main            d.u.i.k.p.i.AbstractProblemLoader Init config took 2.24s 
262575     INFO  main            d.u.i.k.p.i.AbstractProblemLoader Replaying proof quadraticInEq13.key.proof 
262592     DEBUG main            d.u.i.k.p.i.IntermediateProofReplayer Proof replay took 14.44ms 
262592     DEBUG main            d.u.i.k.p.r.p.TestFile    ... success: reloaded. 
262593     INFO  main            d.u.i.k.p.r.p.TestFile    Now processing file /home/runner/work/key/key/key.core/../key.ui/examples/standard_key/inEqSimp/quadraticInEq14.key 
262593     INFO  main            d.u.i.k.p.i.AbstractProblemLoader Loading environment from /home/runner/work/key/key/key.core/../key.ui/examples/standard_key/inEqSimp/quadraticInEq14.key 
262593     DEBUG main            d.u.i.k.p.i.AbstractProblemLoader Environment load took 47.6ns 
262594     INFO  main            d.u.i.k.p.i.AbstractProblemLoader Creating init config 
264880     DEBUG main            d.u.i.k.p.i.AbstractProblemLoader Init config took 2.29s 
264892     INFO  main            d.u.i.k.p.i.AbstractProblemLoader Replaying proof quadraticInEq14.key 
264893     DEBUG main            d.u.i.k.p.i.IntermediateProofReplayer Proof replay took 2.2ns 
265095     INFO  main            d.u.i.k.p.r.p.TestFile    ... finished proof: closed. 
265398     INFO  main            d.u.i.k.p.i.AbstractProblemLoader Loading environment from /home/runner/work/key/key/key.core/../key.ui/examples/standard_key/inEqSimp/quadraticInEq14.key.proof 
265399     DEBUG main            d.u.i.k.p.i.AbstractProblemLoader Environment load took 85ns 
265399     INFO  main            d.u.i.k.p.i.AbstractProblemLoader Creating init config 
267632     DEBUG main            d.u.i.k.p.i.AbstractProblemLoader Init config took 2.23s 
267644     INFO  main            d.u.i.k.p.i.AbstractProblemLoader Replaying proof quadraticInEq14.key.proof 
267664     DEBUG main            d.u.i.k.p.i.IntermediateProofReplayer Proof replay took 17.06ms 
267665     DEBUG main            d.u.i.k.p.r.p.TestFile    ... success: reloaded. 
267665     INFO  main            d.u.i.k.p.r.p.TestFile    Now processing file /home/runner/work/key/key/key.core/../key.ui/examples/standard_key/inEqSimp/quadraticInEq2.key 
267665     INFO  main            d.u.i.k.p.i.AbstractProblemLoader Loading environment from /home/runner/work/key/key/key.core/../key.ui/examples/standard_key/inEqSimp/quadraticInEq2.key 
267666     DEBUG main            d.u.i.k.p.i.AbstractProblemLoader Environment load took 59.7ns 
267668     INFO  main            d.u.i.k.p.i.AbstractProblemLoader Creating init config 
269960     DEBUG main            d.u.i.k.p.i.AbstractProblemLoader Init config took 2.29s 
269972     INFO  main            d.u.i.k.p.i.AbstractProblemLoader Replaying proof quadraticInEq2.key 
269974     DEBUG main            d.u.i.k.p.i.IntermediateProofReplayer Proof replay took 2.1ns 
270075     INFO  main            d.u.i.k.p.r.p.TestFile    ... finished proof: closed. 
270375     INFO  main            d.u.i.k.p.i.AbstractProblemLoader Loading environment from /home/runner/work/key/key/key.core/../key.ui/examples/standard_key/inEqSimp/quadraticInEq2.key.proof 
270375     DEBUG main            d.u.i.k.p.i.AbstractProblemLoader Environment load took 97.5ns 
270376     INFO  main            d.u.i.k.p.i.AbstractProblemLoader Creating init config 
272611     DEBUG main            d.u.i.k.p.i.AbstractProblemLoader Init config took 2.23s 
272623     INFO  main            d.u.i.k.p.i.AbstractProblemLoader Replaying proof quadraticInEq2.key.proof 
272627     DEBUG main            d.u.i.k.p.i.IntermediateProofReplayer Proof replay took 1.85ms 
272627     DEBUG main            d.u.i.k.p.r.p.TestFile    ... success: reloaded. 
272628     INFO  main            d.u.i.k.p.r.p.TestFile    Now processing file /home/runner/work/key/key/key.core/../key.ui/examples/standard_key/inEqSimp/quadraticInEq3.key 
272628     INFO  main            d.u.i.k.p.i.AbstractProblemLoader Loading environment from /home/runner/work/key/key/key.core/../key.ui/examples/standard_key/inEqSimp/quadraticInEq3.key 
272628     DEBUG main            d.u.i.k.p.i.AbstractProblemLoader Environment load took 43.5ns 
272629     INFO  main            d.u.i.k.p.i.AbstractProblemLoader Creating init config 
274909     DEBUG main            d.u.i.k.p.i.AbstractProblemLoader Init config took 2.28s 
274921     INFO  main            d.u.i.k.p.i.AbstractProblemLoader Replaying proof quadraticInEq3.key 
274923     DEBUG main            d.u.i.k.p.i.IntermediateProofReplayer Proof replay took 2.1ns 
275024     INFO  main            d.u.i.k.p.r.p.TestFile    ... finished proof: closed. 
275326     INFO  main            d.u.i.k.p.i.AbstractProblemLoader Loading environment from /home/runner/work/key/key/key.core/../key.ui/examples/standard_key/inEqSimp/quadraticInEq3.key.proof 
275326     DEBUG main            d.u.i.k.p.i.AbstractProblemLoader Environment load took 78.2ns 
275327     INFO  main            d.u.i.k.p.i.AbstractProblemLoader Creating init config 
277557     DEBUG main            d.u.i.k.p.i.AbstractProblemLoader Init config took 2.23s 
277569     INFO  main            d.u.i.k.p.i.AbstractProblemLoader Replaying proof quadraticInEq3.key.proof 
277575     DEBUG main            d.u.i.k.p.i.IntermediateProofReplayer Proof replay took 5.13ms 
277576     DEBUG main            d.u.i.k.p.r.p.TestFile    ... success: reloaded. 
277578     INFO  main            d.u.i.k.p.r.p.TestFile    Now processing file /home/runner/work/key/key/key.core/../key.ui/examples/standard_key/inEqSimp/quadraticInEq4.key 
277579     INFO  main            d.u.i.k.p.i.AbstractProblemLoader Loading environment from /home/runner/work/key/key/key.core/../key.ui/examples/standard_key/inEqSimp/quadraticInEq4.key 
277579     DEBUG main            d.u.i.k.p.i.AbstractProblemLoader Environment load took 178.7ns 
277580     INFO  main            d.u.i.k.p.i.AbstractProblemLoader Creating init config 
279853     DEBUG main            d.u.i.k.p.i.AbstractProblemLoader Init config took 2.27s 
279864     INFO  main            d.u.i.k.p.i.AbstractProblemLoader Replaying proof quadraticInEq4.key 
279866     DEBUG main            d.u.i.k.p.i.IntermediateProofReplayer Proof replay took 2ns 
279967     INFO  main            d.u.i.k.p.r.p.TestFile    ... finished proof: closed. 
280277     INFO  main            d.u.i.k.p.i.AbstractProblemLoader Loading environment from /home/runner/work/key/key/key.core/../key.ui/examples/standard_key/inEqSimp/quadraticInEq4.key.proof 
280277     DEBUG main            d.u.i.k.p.i.AbstractProblemLoader Environment load took 77.2ns 
280278     INFO  main            d.u.i.k.p.i.AbstractProblemLoader Creating init config 
282507     DEBUG main            d.u.i.k.p.i.AbstractProblemLoader Init config took 2.23s 
282519     INFO  main            d.u.i.k.p.i.AbstractProblemLoader Replaying proof quadraticInEq4.key.proof 
282524     DEBUG main            d.u.i.k.p.i.IntermediateProofReplayer Proof replay took 3.79ms 
282525     DEBUG main            d.u.i.k.p.r.p.TestFile    ... success: reloaded. 
282526     INFO  main            d.u.i.k.p.r.p.TestFile    Now processing file /home/runner/work/key/key/key.core/../key.ui/examples/standard_key/inEqSimp/quadraticInEq5.key 
282526     INFO  main            d.u.i.k.p.i.AbstractProblemLoader Loading environment from /home/runner/work/key/key/key.core/../key.ui/examples/standard_key/inEqSimp/quadraticInEq5.key 
282526     DEBUG main            d.u.i.k.p.i.AbstractProblemLoader Environment load took 62.6ns 
282527     INFO  main            d.u.i.k.p.i.AbstractProblemLoader Creating init config 
284811     DEBUG main            d.u.i.k.p.i.AbstractProblemLoader Init config took 2.28s 
284822     INFO  main            d.u.i.k.p.i.AbstractProblemLoader Replaying proof quadraticInEq5.key 
284824     DEBUG main            d.u.i.k.p.i.IntermediateProofReplayer Proof replay took 2.8ns 
284931     INFO  main            d.u.i.k.p.r.p.TestFile    ... finished proof: closed. 
285231     INFO  main            d.u.i.k.p.i.AbstractProblemLoader Loading environment from /home/runner/work/key/key/key.core/../key.ui/examples/standard_key/inEqSimp/quadraticInEq5.key.proof 
285231     DEBUG main            d.u.i.k.p.i.AbstractProblemLoader Environment load took 79.6ns 
285232     INFO  main            d.u.i.k.p.i.AbstractProblemLoader Creating init config 
287490     DEBUG main            d.u.i.k.p.i.AbstractProblemLoader Init config took 2.26s 
287503     INFO  main            d.u.i.k.p.i.AbstractProblemLoader Replaying proof quadraticInEq5.key.proof 
287508     DEBUG main            d.u.i.k.p.i.IntermediateProofReplayer Proof replay took 3.7ms 
287508     DEBUG main            d.u.i.k.p.r.p.TestFile    ... success: reloaded. 
287509     INFO  main            d.u.i.k.p.r.p.TestFile    Now processing file /home/runner/work/key/key/key.core/../key.ui/examples/standard_key/inEqSimp/quadraticInEq6.key 
287509     INFO  main            d.u.i.k.p.i.AbstractProblemLoader Loading environment from /home/runner/work/key/key/key.core/../key.ui/examples/standard_key/inEqSimp/quadraticInEq6.key 
287509     DEBUG main            d.u.i.k.p.i.AbstractProblemLoader Environment load took 97.1ns 
287510     INFO  main            d.u.i.k.p.i.AbstractProblemLoader Creating init config 
289771     DEBUG main            d.u.i.k.p.i.AbstractProblemLoader Init config took 2.26s 
289783     INFO  main            d.u.i.k.p.i.AbstractProblemLoader Replaying proof quadraticInEq6.key 
289784     DEBUG main            d.u.i.k.p.i.IntermediateProofReplayer Proof replay took 2.1ns 
289885     INFO  main            d.u.i.k.p.r.p.TestFile    ... finished proof: closed. 
290200     INFO  main            d.u.i.k.p.i.AbstractProblemLoader Loading environment from /home/runner/work/key/key/key.core/../key.ui/examples/standard_key/inEqSimp/quadraticInEq6.key.proof 
290200     DEBUG main            d.u.i.k.p.i.AbstractProblemLoader Environment load took 76.4ns 
290201     INFO  main            d.u.i.k.p.i.AbstractProblemLoader Creating init config 
292414     DEBUG main            d.u.i.k.p.i.AbstractProblemLoader Init config took 2.21s 
292426     INFO  main            d.u.i.k.p.i.AbstractProblemLoader Replaying proof quadraticInEq6.key.proof 
292431     DEBUG main            d.u.i.k.p.i.IntermediateProofReplayer Proof replay took 3.31ms 
292431     DEBUG main            d.u.i.k.p.r.p.TestFile    ... success: reloaded. 
292432     INFO  main            d.u.i.k.p.r.p.TestFile    Now processing file /home/runner/work/key/key/key.core/../key.ui/examples/standard_key/inEqSimp/quadraticInEq7.key 
292432     INFO  main            d.u.i.k.p.i.AbstractProblemLoader Loading environment from /home/runner/work/key/key/key.core/../key.ui/examples/standard_key/inEqSimp/quadraticInEq7.key 
292432     DEBUG main            d.u.i.k.p.i.AbstractProblemLoader Environment load took 57.9ns 
292433     INFO  main            d.u.i.k.p.i.AbstractProblemLoader Creating init config 
294676     DEBUG main            d.u.i.k.p.i.AbstractProblemLoader Init config took 2.24s 
294688     INFO  main            d.u.i.k.p.i.AbstractProblemLoader Replaying proof quadraticInEq7.key 
294689     DEBUG main            d.u.i.k.p.i.IntermediateProofReplayer Proof replay took 2.6ns 
294790     INFO  main            d.u.i.k.p.r.p.TestFile    ... finished proof: closed. 
295110     INFO  main            d.u.i.k.p.i.AbstractProblemLoader Loading environment from /home/runner/work/key/key/key.core/../key.ui/examples/standard_key/inEqSimp/quadraticInEq7.key.proof 
295110     DEBUG main            d.u.i.k.p.i.AbstractProblemLoader Environment load took 99.2ns 
295111     INFO  main            d.u.i.k.p.i.AbstractProblemLoader Creating init config 
297327     DEBUG main            d.u.i.k.p.i.AbstractProblemLoader Init config took 2.22s 
297342     INFO  main            d.u.i.k.p.i.AbstractProblemLoader Replaying proof quadraticInEq7.key.proof 
297345     DEBUG main            d.u.i.k.p.i.IntermediateProofReplayer Proof replay took 1.91ms 
297346     DEBUG main            d.u.i.k.p.r.p.TestFile    ... success: reloaded. 
297346     INFO  main            d.u.i.k.p.r.p.TestFile    Now processing file /home/runner/work/key/key/key.core/../key.ui/examples/standard_key/inEqSimp/quadraticInEq8.key 
297346     INFO  main            d.u.i.k.p.i.AbstractProblemLoader Loading environment from /home/runner/work/key/key/key.core/../key.ui/examples/standard_key/inEqSimp/quadraticInEq8.key 
297346     DEBUG main            d.u.i.k.p.i.AbstractProblemLoader Environment load took 69.2ns 
297355     INFO  main            d.u.i.k.p.i.AbstractProblemLoader Creating init config 
299608     DEBUG main            d.u.i.k.p.i.AbstractProblemLoader Init config took 2.25s 
299620     INFO  main            d.u.i.k.p.i.AbstractProblemLoader Replaying proof quadraticInEq8.key 
299621     DEBUG main            d.u.i.k.p.i.IntermediateProofReplayer Proof replay took 2.1ns 
299722     INFO  main            d.u.i.k.p.r.p.TestFile    ... finished proof: closed. 
300041     INFO  main            d.u.i.k.p.i.AbstractProblemLoader Loading environment from /home/runner/work/key/key/key.core/../key.ui/examples/standard_key/inEqSimp/quadraticInEq8.key.proof 
300041     DEBUG main            d.u.i.k.p.i.AbstractProblemLoader Environment load took 74.6ns 
300042     INFO  main            d.u.i.k.p.i.AbstractProblemLoader Creating init config 
302256     DEBUG main            d.u.i.k.p.i.AbstractProblemLoader Init config took 2.21s 
302268     INFO  main            d.u.i.k.p.i.AbstractProblemLoader Replaying proof quadraticInEq8.key.proof 
302276     DEBUG main            d.u.i.k.p.i.IntermediateProofReplayer Proof replay took 6.07ms 
302277     DEBUG main            d.u.i.k.p.r.p.TestFile    ... success: reloaded. 
302277     INFO  main            d.u.i.k.p.r.p.TestFile    Now processing file /home/runner/work/key/key/key.core/../key.ui/examples/standard_key/inEqSimp/simplify0.key 
302278     INFO  main            d.u.i.k.p.i.AbstractProblemLoader Loading environment from /home/runner/work/key/key/key.core/../key.ui/examples/standard_key/inEqSimp/simplify0.key 
302278     DEBUG main            d.u.i.k.p.i.AbstractProblemLoader Environment load took 60.7ns 
302278     INFO  main            d.u.i.k.p.i.AbstractProblemLoader Creating init config 
304534     DEBUG main            d.u.i.k.p.i.AbstractProblemLoader Init config took 2.26s 
304547     INFO  main            d.u.i.k.p.i.AbstractProblemLoader Replaying proof simplify0.key 
304548     DEBUG main            d.u.i.k.p.i.IntermediateProofReplayer Proof replay took 2.3ns 
304649     INFO  main            d.u.i.k.p.r.p.TestFile    ... finished proof: closed. 
304981     INFO  main            d.u.i.k.p.i.AbstractProblemLoader Loading environment from /home/runner/work/key/key/key.core/../key.ui/examples/standard_key/inEqSimp/simplify0.key.proof 
304981     DEBUG main            d.u.i.k.p.i.AbstractProblemLoader Environment load took 98ns 
304982     INFO  main            d.u.i.k.p.i.AbstractProblemLoader Creating init config 
307197     DEBUG main            d.u.i.k.p.i.AbstractProblemLoader Init config took 2.21s 
307210     INFO  main            d.u.i.k.p.i.AbstractProblemLoader Replaying proof simplify0.key.proof 
307213     DEBUG main            d.u.i.k.p.i.IntermediateProofReplayer Proof replay took 2.02ms 
307214     DEBUG main            d.u.i.k.p.r.p.TestFile    ... success: reloaded. 
307214     INFO  main            d.u.i.k.p.r.p.TestFile    Now processing file /home/runner/work/key/key/key.core/../key.ui/examples/standard_key/inEqSimp/simplify1.key 
307214     INFO  main            d.u.i.k.p.i.AbstractProblemLoader Loading environment from /home/runner/work/key/key/key.core/../key.ui/examples/standard_key/inEqSimp/simplify1.key 
307214     DEBUG main            d.u.i.k.p.i.AbstractProblemLoader Environment load took 67.5ns 
307215     INFO  main            d.u.i.k.p.i.AbstractProblemLoader Creating init config 
309467     DEBUG main            d.u.i.k.p.i.AbstractProblemLoader Init config took 2.25s 
309479     INFO  main            d.u.i.k.p.i.AbstractProblemLoader Replaying proof simplify1.key 
309480     DEBUG main            d.u.i.k.p.i.IntermediateProofReplayer Proof replay took 1.8ns 
309581     INFO  main            d.u.i.k.p.r.p.TestFile    ... finished proof: closed. 
309911     INFO  main            d.u.i.k.p.i.AbstractProblemLoader Loading environment from /home/runner/work/key/key/key.core/../key.ui/examples/standard_key/inEqSimp/simplify1.key.proof 
309912     DEBUG main            d.u.i.k.p.i.AbstractProblemLoader Environment load took 73.7ns 
309912     INFO  main            d.u.i.k.p.i.AbstractProblemLoader Creating init config 
312119     DEBUG main            d.u.i.k.p.i.AbstractProblemLoader Init config took 2.21s 
312131     INFO  main            d.u.i.k.p.i.AbstractProblemLoader Replaying proof simplify1.key.proof 
312133     DEBUG main            d.u.i.k.p.i.IntermediateProofReplayer Proof replay took 993ns 
312133     DEBUG main            d.u.i.k.p.r.p.TestFile    ... success: reloaded. 
312134     INFO  main            d.u.i.k.p.r.p.TestFile    Now processing file /home/runner/work/key/key/key.core/../key.ui/examples/standard_key/inEqSimp/simplify2.key 
312134     INFO  main            d.u.i.k.p.i.AbstractProblemLoader Loading environment from /home/runner/work/key/key/key.core/../key.ui/examples/standard_key/inEqSimp/simplify2.key 
312134     DEBUG main            d.u.i.k.p.i.AbstractProblemLoader Environment load took 48.1ns 
312135     INFO  main            d.u.i.k.p.i.AbstractProblemLoader Creating init config 
314386     DEBUG main            d.u.i.k.p.i.AbstractProblemLoader Init config took 2.25s 
314398     INFO  main            d.u.i.k.p.i.AbstractProblemLoader Replaying proof simplify2.key 
314399     DEBUG main            d.u.i.k.p.i.IntermediateProofReplayer Proof replay took 2.9ns 
314501     INFO  main            d.u.i.k.p.r.p.TestFile    ... finished proof: closed. 
314841     INFO  main            d.u.i.k.p.i.AbstractProblemLoader Loading environment from /home/runner/work/key/key/key.core/../key.ui/examples/standard_key/inEqSimp/simplify2.key.proof 
314841     DEBUG main            d.u.i.k.p.i.AbstractProblemLoader Environment load took 78.9ns 
314842     INFO  main            d.u.i.k.p.i.AbstractProblemLoader Creating init config 
317056     DEBUG main            d.u.i.k.p.i.AbstractProblemLoader Init config took 2.21s 
317068     INFO  main            d.u.i.k.p.i.AbstractProblemLoader Replaying proof simplify2.key.proof 
317079     DEBUG main            d.u.i.k.p.i.IntermediateProofReplayer Proof replay took 9.3ms 
317080     DEBUG main            d.u.i.k.p.r.p.TestFile    ... success: reloaded. 
317081     INFO  main            d.u.i.k.p.r.p.TestFile    Now processing file /home/runner/work/key/key/key.core/../key.ui/examples/standard_key/inEqSimp/simplify3.key 
317081     INFO  main            d.u.i.k.p.i.AbstractProblemLoader Loading environment from /home/runner/work/key/key/key.core/../key.ui/examples/standard_key/inEqSimp/simplify3.key 
317081     DEBUG main            d.u.i.k.p.i.AbstractProblemLoader Environment load took 43.4ns 
317082     INFO  main            d.u.i.k.p.i.AbstractProblemLoader Creating init config 
319341     DEBUG main            d.u.i.k.p.i.AbstractProblemLoader Init config took 2.26s 
319353     INFO  main            d.u.i.k.p.i.AbstractProblemLoader Replaying proof simplify3.key 
319354     DEBUG main            d.u.i.k.p.i.IntermediateProofReplayer Proof replay took 3ns 
319455     INFO  main            d.u.i.k.p.r.p.TestFile    ... finished proof: closed. 
319794     INFO  main            d.u.i.k.p.i.AbstractProblemLoader Loading environment from /home/runner/work/key/key/key.core/../key.ui/examples/standard_key/inEqSimp/simplify3.key.proof 
319794     DEBUG main            d.u.i.k.p.i.AbstractProblemLoader Environment load took 75.5ns 
319795     INFO  main            d.u.i.k.p.i.AbstractProblemLoader Creating init config 
322007     DEBUG main            d.u.i.k.p.i.AbstractProblemLoader Init config took 2.21s 
322019     INFO  main            d.u.i.k.p.i.AbstractProblemLoader Replaying proof simplify3.key.proof 
322022     DEBUG main            d.u.i.k.p.i.IntermediateProofReplayer Proof replay took 1.56ms 
322022     DEBUG main            d.u.i.k.p.r.p.TestFile    ... success: reloaded. 
322023     INFO  main            d.u.i.k.p.r.p.TestFile    Now processing file /home/runner/work/key/key/key.core/../key.ui/examples/standard_key/inEqSimp/simplify4.key 
322023     INFO  main            d.u.i.k.p.i.AbstractProblemLoader Loading environment from /home/runner/work/key/key/key.core/../key.ui/examples/standard_key/inEqSimp/simplify4.key 
322023     DEBUG main            d.u.i.k.p.i.AbstractProblemLoader Environment load took 40.2ns 
322024     INFO  main            d.u.i.k.p.i.AbstractProblemLoader Creating init config 
324269     DEBUG main            d.u.i.k.p.i.AbstractProblemLoader Init config took 2.24s 
324281     INFO  main            d.u.i.k.p.i.AbstractProblemLoader Replaying proof simplify4.key 
324282     DEBUG main            d.u.i.k.p.i.IntermediateProofReplayer Proof replay took 1.7ns 
324383     INFO  main            d.u.i.k.p.r.p.TestFile    ... finished proof: closed. 
324747     INFO  main            d.u.i.k.p.i.AbstractProblemLoader Loading environment from /home/runner/work/key/key/key.core/../key.ui/examples/standard_key/inEqSimp/simplify4.key.proof 
324747     DEBUG main            d.u.i.k.p.i.AbstractProblemLoader Environment load took 80.9ns 
324748     INFO  main            d.u.i.k.p.i.AbstractProblemLoader Creating init config 
326967     DEBUG main            d.u.i.k.p.i.AbstractProblemLoader Init config took 2.22s 
326980     INFO  main            d.u.i.k.p.i.AbstractProblemLoader Replaying proof simplify4.key.proof 
326993     DEBUG main            d.u.i.k.p.i.IntermediateProofReplayer Proof replay took 11.43ms 
326993     DEBUG main            d.u.i.k.p.r.p.TestFile    ... success: reloaded. 
326994     INFO  main            d.u.i.k.p.r.p.TestFile    Now processing file /home/runner/work/key/key/key.core/../key.ui/examples/standard_key/inEqSimp/simplify5.key 
326994     INFO  main            d.u.i.k.p.i.AbstractProblemLoader Loading environment from /home/runner/work/key/key/key.core/../key.ui/examples/standard_key/inEqSimp/simplify5.key 
326994     DEBUG main            d.u.i.k.p.i.AbstractProblemLoader Environment load took 66.9ns 
326995     INFO  main            d.u.i.k.p.i.AbstractProblemLoader Creating init config 
329244     DEBUG main            d.u.i.k.p.i.AbstractProblemLoader Init config took 2.25s 
329257     INFO  main            d.u.i.k.p.i.AbstractProblemLoader Replaying proof simplify5.key 
329258     DEBUG main            d.u.i.k.p.i.IntermediateProofReplayer Proof replay took 2.3ns 
329762     INFO  main            d.u.i.k.p.r.p.TestFile    ... finished proof: closed. 
330135     INFO  main            d.u.i.k.p.i.AbstractProblemLoader Loading environment from /home/runner/work/key/key/key.core/../key.ui/examples/standard_key/inEqSimp/simplify5.key.proof 
330135     DEBUG main            d.u.i.k.p.i.AbstractProblemLoader Environment load took 76.4ns 
330136     INFO  main            d.u.i.k.p.i.AbstractProblemLoader Creating init config 
332362     DEBUG main            d.u.i.k.p.i.AbstractProblemLoader Init config took 2.23s 
332375     INFO  main            d.u.i.k.p.i.AbstractProblemLoader Replaying proof simplify5.key.proof 
332422     DEBUG main            d.u.i.k.p.i.IntermediateProofReplayer Proof replay took 42.39ms 
332423     DEBUG main            d.u.i.k.p.r.p.TestFile    ... success: reloaded. 
332424     INFO  main            d.u.i.k.p.r.p.TestFile    Now processing file /home/runner/work/key/key/key.core/../key.ui/examples/standard_key/inEqSimp/subsumptionExample.key 
332424     INFO  main            d.u.i.k.p.i.AbstractProblemLoader Loading environment from /home/runner/work/key/key/key.core/../key.ui/examples/standard_key/inEqSimp/subsumptionExample.key 
332424     DEBUG main            d.u.i.k.p.i.AbstractProblemLoader Environment load took 65.4ns 
332425     INFO  main            d.u.i.k.p.i.AbstractProblemLoader Creating init config 
334674     DEBUG main            d.u.i.k.p.i.AbstractProblemLoader Init config took 2.25s 
334687     INFO  main            d.u.i.k.p.i.AbstractProblemLoader Replaying proof subsumptionExample.key 
334688     DEBUG main            d.u.i.k.p.i.IntermediateProofReplayer Proof replay took 1.9ns 
334789     INFO  main            d.u.i.k.p.r.p.TestFile    ... finished proof: closed. 
335164     INFO  main            d.u.i.k.p.i.AbstractProblemLoader Loading environment from /home/runner/work/key/key/key.core/../key.ui/examples/standard_key/inEqSimp/subsumptionExample.key.proof 
335164     DEBUG main            d.u.i.k.p.i.AbstractProblemLoader Environment load took 73.5ns 
335164     INFO  main            d.u.i.k.p.i.AbstractProblemLoader Creating init config 
337374     DEBUG main            d.u.i.k.p.i.AbstractProblemLoader Init config took 2.21s 
337386     INFO  main            d.u.i.k.p.i.AbstractProblemLoader Replaying proof subsumptionExample.key.proof 
337388     DEBUG main            d.u.i.k.p.i.IntermediateProofReplayer Proof replay took 653.7ns 
337388     DEBUG main            d.u.i.k.p.r.p.TestFile    ... success: reloaded. 
337388     INFO  main            d.u.i.k.p.r.p.TestFile    Now processing file /home/runner/work/key/key/key.core/../key.ui/examples/standard_key/polySimp/simplify0.key 
337389     INFO  main            d.u.i.k.p.i.AbstractProblemLoader Loading environment from /home/runner/work/key/key/key.core/../key.ui/examples/standard_key/polySimp/simplify0.key 
337389     DEBUG main            d.u.i.k.p.i.AbstractProblemLoader Environment load took 39.5ns 
337390     INFO  main            d.u.i.k.p.i.AbstractProblemLoader Creating init config 
339632     DEBUG main            d.u.i.k.p.i.AbstractProblemLoader Init config took 2.24s 
339645     INFO  main            d.u.i.k.p.i.AbstractProblemLoader Replaying proof simplify0.key 
339646     DEBUG main            d.u.i.k.p.i.IntermediateProofReplayer Proof replay took 1.8ns 
339848     INFO  main            d.u.i.k.p.r.p.TestFile    ... finished proof: closed. 
340208     INFO  main            d.u.i.k.p.i.AbstractProblemLoader Loading environment from /home/runner/work/key/key/key.core/../key.ui/examples/standard_key/polySimp/simplify0.key.proof 
340208     DEBUG main            d.u.i.k.p.i.AbstractProblemLoader Environment load took 74.5ns 
340209     INFO  main            d.u.i.k.p.i.AbstractProblemLoader Creating init config 
342423     DEBUG main            d.u.i.k.p.i.AbstractProblemLoader Init config took 2.21s 
342436     INFO  main            d.u.i.k.p.i.AbstractProblemLoader Replaying proof simplify0.key.proof 
342453     DEBUG main            d.u.i.k.p.i.IntermediateProofReplayer Proof replay took 13.96ms 
342454     DEBUG main            d.u.i.k.p.r.p.TestFile    ... success: reloaded. 
342454     INFO  main            d.u.i.k.p.r.p.TestFile    Now processing file /home/runner/work/key/key/key.core/../key.ui/examples/standard_key/polySimp/simplify1.key 
342454     INFO  main            d.u.i.k.p.i.AbstractProblemLoader Loading environment from /home/runner/work/key/key/key.core/../key.ui/examples/standard_key/polySimp/simplify1.key 
342454     DEBUG main            d.u.i.k.p.i.AbstractProblemLoader Environment load took 81.8ns 
342455     INFO  main            d.u.i.k.p.i.AbstractProblemLoader Creating init config 
344702     DEBUG main            d.u.i.k.p.i.AbstractProblemLoader Init config took 2.25s 
344714     INFO  main            d.u.i.k.p.i.AbstractProblemLoader Replaying proof simplify1.key 
344715     DEBUG main            d.u.i.k.p.i.IntermediateProofReplayer Proof replay took 2.2ns 
345019     INFO  main            d.u.i.k.p.r.p.TestFile    ... finished proof: closed. 
345395     INFO  main            d.u.i.k.p.i.AbstractProblemLoader Loading environment from /home/runner/work/key/key/key.core/../key.ui/examples/standard_key/polySimp/simplify1.key.proof 
345395     DEBUG main            d.u.i.k.p.i.AbstractProblemLoader Environment load took 67.9ns 
345396     INFO  main            d.u.i.k.p.i.AbstractProblemLoader Creating init config 
347608     DEBUG main            d.u.i.k.p.i.AbstractProblemLoader Init config took 2.21s 
347621     INFO  main            d.u.i.k.p.i.AbstractProblemLoader Replaying proof simplify1.key.proof 
347652     DEBUG main            d.u.i.k.p.i.IntermediateProofReplayer Proof replay took 29.72ms 
347653     DEBUG main            d.u.i.k.p.r.p.TestFile    ... success: reloaded. 
347654     INFO  main            d.u.i.k.p.r.p.TestFile    Now processing file /home/runner/work/key/key/key.core/../key.ui/examples/standard_key/polySimp/simplify10.key 
347654     INFO  main            d.u.i.k.p.i.AbstractProblemLoader Loading environment from /home/runner/work/key/key/key.core/../key.ui/examples/standard_key/polySimp/simplify10.key 
347654     DEBUG main            d.u.i.k.p.i.AbstractProblemLoader Environment load took 42.4ns 
347655     INFO  main            d.u.i.k.p.i.AbstractProblemLoader Creating init config 
349907     DEBUG main            d.u.i.k.p.i.AbstractProblemLoader Init config took 2.25s 
349920     INFO  main            d.u.i.k.p.i.AbstractProblemLoader Replaying proof simplify10.key 
349921     DEBUG main            d.u.i.k.p.i.IntermediateProofReplayer Proof replay took 2.6ns 
350124     INFO  main            d.u.i.k.p.r.p.TestFile    ... finished proof: closed. 
350522     INFO  main            d.u.i.k.p.i.AbstractProblemLoader Loading environment from /home/runner/work/key/key/key.core/../key.ui/examples/standard_key/polySimp/simplify10.key.proof 
350522     DEBUG main            d.u.i.k.p.i.AbstractProblemLoader Environment load took 70.5ns 
350524     INFO  main            d.u.i.k.p.i.AbstractProblemLoader Creating init config 
352760     DEBUG main            d.u.i.k.p.i.AbstractProblemLoader Init config took 2.24s 
352775     INFO  main            d.u.i.k.p.i.AbstractProblemLoader Replaying proof simplify10.key.proof 
352805     DEBUG main            d.u.i.k.p.i.IntermediateProofReplayer Proof replay took 27.37ms 
352806     DEBUG main            d.u.i.k.p.r.p.TestFile    ... success: reloaded. 
352806     INFO  main            d.u.i.k.p.r.p.TestFile    Now processing file /home/runner/work/key/key/key.core/../key.ui/examples/standard_key/polySimp/simplify11.key 
352806     INFO  main            d.u.i.k.p.i.AbstractProblemLoader Loading environment from /home/runner/work/key/key/key.core/../key.ui/examples/standard_key/polySimp/simplify11.key 
352806     DEBUG main            d.u.i.k.p.i.AbstractProblemLoader Environment load took 41.5ns 
352807     INFO  main            d.u.i.k.p.i.AbstractProblemLoader Creating init config 
355066     DEBUG main            d.u.i.k.p.i.AbstractProblemLoader Init config took 2.26s 
355078     INFO  main            d.u.i.k.p.i.AbstractProblemLoader Replaying proof simplify11.key 
355079     DEBUG main            d.u.i.k.p.i.IntermediateProofReplayer Proof replay took 2.3ns 
355281     INFO  main            d.u.i.k.p.r.p.TestFile    ... finished proof: closed. 
355683     INFO  main            d.u.i.k.p.i.AbstractProblemLoader Loading environment from /home/runner/work/key/key/key.core/../key.ui/examples/standard_key/polySimp/simplify11.key.proof 
355683     DEBUG main            d.u.i.k.p.i.AbstractProblemLoader Environment load took 67.3ns 
355685     INFO  main            d.u.i.k.p.i.AbstractProblemLoader Creating init config 
357912     DEBUG main            d.u.i.k.p.i.AbstractProblemLoader Init config took 2.23s 
357925     INFO  main            d.u.i.k.p.i.AbstractProblemLoader Replaying proof simplify11.key.proof 
357944     DEBUG main            d.u.i.k.p.i.IntermediateProofReplayer Proof replay took 17.04ms 
357945     DEBUG main            d.u.i.k.p.r.p.TestFile    ... success: reloaded. 
357946     INFO  main            d.u.i.k.p.r.p.TestFile    Now processing file /home/runner/work/key/key/key.core/../key.ui/examples/standard_key/polySimp/simplify12.key 
357946     INFO  main            d.u.i.k.p.i.AbstractProblemLoader Loading environment from /home/runner/work/key/key/key.core/../key.ui/examples/standard_key/polySimp/simplify12.key 
357946     DEBUG main            d.u.i.k.p.i.AbstractProblemLoader Environment load took 38ns 
357947     INFO  main            d.u.i.k.p.i.AbstractProblemLoader Creating init config 
360198     DEBUG main            d.u.i.k.p.i.AbstractProblemLoader Init config took 2.25s 
360210     INFO  main            d.u.i.k.p.i.AbstractProblemLoader Replaying proof simplify12.key 
360211     DEBUG main            d.u.i.k.p.i.IntermediateProofReplayer Proof replay took 2.1ns 
360313     INFO  main            d.u.i.k.p.r.p.TestFile    ... finished proof: closed. 
360715     INFO  main            d.u.i.k.p.i.AbstractProblemLoader Loading environment from /home/runner/work/key/key/key.core/../key.ui/examples/standard_key/polySimp/simplify12.key.proof 
360715     DEBUG main            d.u.i.k.p.i.AbstractProblemLoader Environment load took 69.5ns 
360716     INFO  main            d.u.i.k.p.i.AbstractProblemLoader Creating init config 
362932     DEBUG main            d.u.i.k.p.i.AbstractProblemLoader Init config took 2.22s 
362944     INFO  main            d.u.i.k.p.i.AbstractProblemLoader Replaying proof simplify12.key.proof 
362954     DEBUG main            d.u.i.k.p.i.IntermediateProofReplayer Proof replay took 7.92ms 
362955     DEBUG main            d.u.i.k.p.r.p.TestFile    ... success: reloaded. 
362955     INFO  main            d.u.i.k.p.r.p.TestFile    Now processing file /home/runner/work/key/key/key.core/../key.ui/examples/standard_key/polySimp/simplify13.key 
362955     INFO  main            d.u.i.k.p.i.AbstractProblemLoader Loading environment from /home/runner/work/key/key/key.core/../key.ui/examples/standard_key/polySimp/simplify13.key 
362955     DEBUG main            d.u.i.k.p.i.AbstractProblemLoader Environment load took 43.4ns 
362956     INFO  main            d.u.i.k.p.i.AbstractProblemLoader Creating init config 
365220     DEBUG main            d.u.i.k.p.i.AbstractProblemLoader Init config took 2.26s 
365232     INFO  main            d.u.i.k.p.i.AbstractProblemLoader Replaying proof simplify13.key 
365232     DEBUG main            d.u.i.k.p.i.IntermediateProofReplayer Proof replay took 2ns 
365334     INFO  main            d.u.i.k.p.r.p.TestFile    ... finished proof: closed. 
365725     INFO  main            d.u.i.k.p.i.AbstractProblemLoader Loading environment from /home/runner/work/key/key/key.core/../key.ui/examples/standard_key/polySimp/simplify13.key.proof 
365725     DEBUG main            d.u.i.k.p.i.AbstractProblemLoader Environment load took 68.9ns 
365726     INFO  main            d.u.i.k.p.i.AbstractProblemLoader Creating init config 
367944     DEBUG main            d.u.i.k.p.i.AbstractProblemLoader Init config took 2.22s 
367958     INFO  main            d.u.i.k.p.i.AbstractProblemLoader Replaying proof simplify13.key.proof 
367964     DEBUG main            d.u.i.k.p.i.IntermediateProofReplayer Proof replay took 4.52ms 
367964     DEBUG main            d.u.i.k.p.r.p.TestFile    ... success: reloaded. 
367965     INFO  main            d.u.i.k.p.r.p.TestFile    Now processing file /home/runner/work/key/key/key.core/../key.ui/examples/standard_key/polySimp/simplify14.key 
367965     INFO  main            d.u.i.k.p.i.AbstractProblemLoader Loading environment from /home/runner/work/key/key/key.core/../key.ui/examples/standard_key/polySimp/simplify14.key 
367965     DEBUG main            d.u.i.k.p.i.AbstractProblemLoader Environment load took 39.2ns 
367966     INFO  main            d.u.i.k.p.i.AbstractProblemLoader Creating init config 
370212     DEBUG main            d.u.i.k.p.i.AbstractProblemLoader Init config took 2.25s 
370225     INFO  main            d.u.i.k.p.i.AbstractProblemLoader Replaying proof simplify14.key 
370225     DEBUG main            d.u.i.k.p.i.IntermediateProofReplayer Proof replay took 2ns 
370327     INFO  main            d.u.i.k.p.r.p.TestFile    ... finished proof: closed. 
370719     INFO  main            d.u.i.k.p.i.AbstractProblemLoader Loading environment from /home/runner/work/key/key/key.core/../key.ui/examples/standard_key/polySimp/simplify14.key.proof 
370719     DEBUG main            d.u.i.k.p.i.AbstractProblemLoader Environment load took 70ns 
370720     INFO  main            d.u.i.k.p.i.AbstractProblemLoader Creating init config 
372940     DEBUG main            d.u.i.k.p.i.AbstractProblemLoader Init config took 2.22s 
372952     INFO  main            d.u.i.k.p.i.AbstractProblemLoader Replaying proof simplify14.key.proof 
372955     DEBUG main            d.u.i.k.p.i.IntermediateProofReplayer Proof replay took 1.23ms 
372955     DEBUG main            d.u.i.k.p.r.p.TestFile    ... success: reloaded. 
372956     INFO  main            d.u.i.k.p.r.p.TestFile    Now processing file /home/runner/work/key/key/key.core/../key.ui/examples/standard_key/polySimp/simplify15.key 
372956     INFO  main            d.u.i.k.p.i.AbstractProblemLoader Loading environment from /home/runner/work/key/key/key.core/../key.ui/examples/standard_key/polySimp/simplify15.key 
372956     DEBUG main            d.u.i.k.p.i.AbstractProblemLoader Environment load took 50.1ns 
372957     INFO  main            d.u.i.k.p.i.AbstractProblemLoader Creating init config 
375201     DEBUG main            d.u.i.k.p.i.AbstractProblemLoader Init config took 2.24s 
375213     INFO  main            d.u.i.k.p.i.AbstractProblemLoader Replaying proof simplify15.key 
375214     DEBUG main            d.u.i.k.p.i.IntermediateProofReplayer Proof replay took 2.1ns 
375319     INFO  main            d.u.i.k.p.r.p.TestFile    ... finished proof: closed. 
375707     INFO  main            d.u.i.k.p.i.AbstractProblemLoader Loading environment from /home/runner/work/key/key/key.core/../key.ui/examples/standard_key/polySimp/simplify15.key.proof 
375707     DEBUG main            d.u.i.k.p.i.AbstractProblemLoader Environment load took 66.6ns 
375707     INFO  main            d.u.i.k.p.i.AbstractProblemLoader Creating init config 
377927     DEBUG main            d.u.i.k.p.i.AbstractProblemLoader Init config took 2.22s 
377939     INFO  main            d.u.i.k.p.i.AbstractProblemLoader Replaying proof simplify15.key.proof 
377941     DEBUG main            d.u.i.k.p.i.IntermediateProofReplayer Proof replay took 562.6ns 
377941     DEBUG main            d.u.i.k.p.r.p.TestFile    ... success: reloaded. 
377942     INFO  main            d.u.i.k.p.r.p.TestFile    Now processing file /home/runner/work/key/key/key.core/../key.ui/examples/standard_key/polySimp/simplify16.key 
377942     INFO  main            d.u.i.k.p.i.AbstractProblemLoader Loading environment from /home/runner/work/key/key/key.core/../key.ui/examples/standard_key/polySimp/simplify16.key 
377942     DEBUG main            d.u.i.k.p.i.AbstractProblemLoader Environment load took 87.1ns 
377943     INFO  main            d.u.i.k.p.i.AbstractProblemLoader Creating init config 
380185     DEBUG main            d.u.i.k.p.i.AbstractProblemLoader Init config took 2.24s 
380197     INFO  main            d.u.i.k.p.i.AbstractProblemLoader Replaying proof simplify16.key 
380198     DEBUG main            d.u.i.k.p.i.IntermediateProofReplayer Proof replay took 2.8ns 
380299     INFO  main            d.u.i.k.p.r.p.TestFile    ... finished proof: closed. 
380690     INFO  main            d.u.i.k.p.i.AbstractProblemLoader Loading environment from /home/runner/work/key/key/key.core/../key.ui/examples/standard_key/polySimp/simplify16.key.proof 
380691     DEBUG main            d.u.i.k.p.i.AbstractProblemLoader Environment load took 64.6ns 
380691     INFO  main            d.u.i.k.p.i.AbstractProblemLoader Creating init config 
382911     DEBUG main            d.u.i.k.p.i.AbstractProblemLoader Init config took 2.22s 
382923     INFO  main            d.u.i.k.p.i.AbstractProblemLoader Replaying proof simplify16.key.proof 
382924     DEBUG main            d.u.i.k.p.i.IntermediateProofReplayer Proof replay took 373.4ns 
382925     DEBUG main            d.u.i.k.p.r.p.TestFile    ... success: reloaded. 
382925     INFO  main            d.u.i.k.p.r.p.TestFile    Now processing file /home/runner/work/key/key/key.core/../key.ui/examples/standard_key/polySimp/simplify17.key 
382925     INFO  main            d.u.i.k.p.i.AbstractProblemLoader Loading environment from /home/runner/work/key/key/key.core/../key.ui/examples/standard_key/polySimp/simplify17.key 
382925     DEBUG main            d.u.i.k.p.i.AbstractProblemLoader Environment load took 38.4ns 
382926     INFO  main            d.u.i.k.p.i.AbstractProblemLoader Creating init config 
385171     DEBUG main            d.u.i.k.p.i.AbstractProblemLoader Init config took 2.25s 
385183     INFO  main            d.u.i.k.p.i.AbstractProblemLoader Replaying proof simplify17.key 
385184     DEBUG main            d.u.i.k.p.i.IntermediateProofReplayer Proof replay took 1.9ns 
385285     INFO  main            d.u.i.k.p.r.p.TestFile    ... finished proof: closed. 
385697     INFO  main            d.u.i.k.p.i.AbstractProblemLoader Loading environment from /home/runner/work/key/key/key.core/../key.ui/examples/standard_key/polySimp/simplify17.key.proof 
385697     DEBUG main            d.u.i.k.p.i.AbstractProblemLoader Environment load took 65.6ns 
385698     INFO  main            d.u.i.k.p.i.AbstractProblemLoader Creating init config 
387913     DEBUG main            d.u.i.k.p.i.AbstractProblemLoader Init config took 2.22s 
387925     INFO  main            d.u.i.k.p.i.AbstractProblemLoader Replaying proof simplify17.key.proof 
387931     DEBUG main            d.u.i.k.p.i.IntermediateProofReplayer Proof replay took 4.8ms 
387932     DEBUG main            d.u.i.k.p.r.p.TestFile    ... success: reloaded. 
387932     INFO  main            d.u.i.k.p.r.p.TestFile    Now processing file /home/runner/work/key/key/key.core/../key.ui/examples/standard_key/polySimp/simplify18.key 
387933     INFO  main            d.u.i.k.p.i.AbstractProblemLoader Loading environment from /home/runner/work/key/key/key.core/../key.ui/examples/standard_key/polySimp/simplify18.key 
387933     DEBUG main            d.u.i.k.p.i.AbstractProblemLoader Environment load took 40.4ns 
387933     INFO  main            d.u.i.k.p.i.AbstractProblemLoader Creating init config 
390197     DEBUG main            d.u.i.k.p.i.AbstractProblemLoader Init config took 2.26s 
390209     INFO  main            d.u.i.k.p.i.AbstractProblemLoader Replaying proof simplify18.key 
390210     DEBUG main            d.u.i.k.p.i.IntermediateProofReplayer Proof replay took 2ns 
390412     INFO  main            d.u.i.k.p.r.p.TestFile    ... finished proof: closed. 
390825     INFO  main            d.u.i.k.p.i.AbstractProblemLoader Loading environment from /home/runner/work/key/key/key.core/../key.ui/examples/standard_key/polySimp/simplify18.key.proof 
390825     DEBUG main            d.u.i.k.p.i.AbstractProblemLoader Environment load took 69.5ns 
390826     INFO  main            d.u.i.k.p.i.AbstractProblemLoader Creating init config 
393045     DEBUG main            d.u.i.k.p.i.AbstractProblemLoader Init config took 2.22s 
393057     INFO  main            d.u.i.k.p.i.AbstractProblemLoader Replaying proof simplify18.key.proof 
393072     DEBUG main            d.u.i.k.p.i.IntermediateProofReplayer Proof replay took 12.59ms 
393072     DEBUG main            d.u.i.k.p.r.p.TestFile    ... success: reloaded. 
393073     INFO  main            d.u.i.k.p.r.p.TestFile    Now processing file /home/runner/work/key/key/key.core/../key.ui/examples/standard_key/polySimp/simplify19.key 
393073     INFO  main            d.u.i.k.p.i.AbstractProblemLoader Loading environment from /home/runner/work/key/key/key.core/../key.ui/examples/standard_key/polySimp/simplify19.key 
393073     DEBUG main            d.u.i.k.p.i.AbstractProblemLoader Environment load took 66.3ns 
393074     INFO  main            d.u.i.k.p.i.AbstractProblemLoader Creating init config 
395322     DEBUG main            d.u.i.k.p.i.AbstractProblemLoader Init config took 2.25s 
395350     INFO  main            d.u.i.k.p.i.AbstractProblemLoader Replaying proof simplify19.key 
395351     DEBUG main            d.u.i.k.p.i.IntermediateProofReplayer Proof replay took 3.2ns 
398065     INFO  main            d.u.i.k.p.r.p.TestFile    ... finished proof: closed. 
398528     INFO  main            d.u.i.k.p.i.AbstractProblemLoader Loading environment from /home/runner/work/key/key/key.core/../key.ui/examples/standard_key/polySimp/simplify19.key.proof 
398528     DEBUG main            d.u.i.k.p.i.AbstractProblemLoader Environment load took 322.7ns 
398530     INFO  main            d.u.i.k.p.i.AbstractProblemLoader Creating init config 
400759     DEBUG main            d.u.i.k.p.i.AbstractProblemLoader Init config took 2.23s 
400773     INFO  main            d.u.i.k.p.i.AbstractProblemLoader Replaying proof simplify19.key.proof 
400996     DEBUG main            d.u.i.k.p.i.IntermediateProofReplayer Proof replay took 211.49ms 
400997     DEBUG main            d.u.i.k.p.r.p.TestFile    ... success: reloaded. 
400997     INFO  main            d.u.i.k.p.r.p.TestFile    Now processing file /home/runner/work/key/key/key.core/../key.ui/examples/standard_key/polySimp/simplify2.key 
400997     INFO  main            d.u.i.k.p.i.AbstractProblemLoader Loading environment from /home/runner/work/key/key/key.core/../key.ui/examples/standard_key/polySimp/simplify2.key 
400997     DEBUG main            d.u.i.k.p.i.AbstractProblemLoader Environment load took 56.7ns 
400998     INFO  main            d.u.i.k.p.i.AbstractProblemLoader Creating init config 
403285     DEBUG main            d.u.i.k.p.i.AbstractProblemLoader Init config took 2.29s 
403301     INFO  main            d.u.i.k.p.i.AbstractProblemLoader Replaying proof simplify2.key 
403302     DEBUG main            d.u.i.k.p.i.IntermediateProofReplayer Proof replay took 2.4ns 
403403     INFO  main            d.u.i.k.p.r.p.TestFile    ... finished proof: closed. 
403862     INFO  main            d.u.i.k.p.i.AbstractProblemLoader Loading environment from /home/runner/work/key/key/key.core/../key.ui/examples/standard_key/polySimp/simplify2.key.proof 
403862     DEBUG main            d.u.i.k.p.i.AbstractProblemLoader Environment load took 61.7ns 
403863     INFO  main            d.u.i.k.p.i.AbstractProblemLoader Creating init config 
406073     DEBUG main            d.u.i.k.p.i.AbstractProblemLoader Init config took 2.21s 
406085     INFO  main            d.u.i.k.p.i.AbstractProblemLoader Replaying proof simplify2.key.proof 
406087     DEBUG main            d.u.i.k.p.i.IntermediateProofReplayer Proof replay took 715.1ns 
406088     DEBUG main            d.u.i.k.p.r.p.TestFile    ... success: reloaded. 
406088     INFO  main            d.u.i.k.p.r.p.TestFile    Now processing file /home/runner/work/key/key/key.core/../key.ui/examples/standard_key/polySimp/simplify20.key 
406088     INFO  main            d.u.i.k.p.i.AbstractProblemLoader Loading environment from /home/runner/work/key/key/key.core/../key.ui/examples/standard_key/polySimp/simplify20.key 
406088     DEBUG main            d.u.i.k.p.i.AbstractProblemLoader Environment load took 37.6ns 
406089     INFO  main            d.u.i.k.p.i.AbstractProblemLoader Creating init config 
408333     DEBUG main            d.u.i.k.p.i.AbstractProblemLoader Init config took 2.24s 
408345     INFO  main            d.u.i.k.p.i.AbstractProblemLoader Replaying proof simplify20.key 
408347     DEBUG main            d.u.i.k.p.i.IntermediateProofReplayer Proof replay took 2ns 
408951     INFO  main            d.u.i.k.p.r.p.TestFile    ... finished proof: closed. 
409408     INFO  main            d.u.i.k.p.i.AbstractProblemLoader Loading environment from /home/runner/work/key/key/key.core/../key.ui/examples/standard_key/polySimp/simplify20.key.proof 
409408     DEBUG main            d.u.i.k.p.i.AbstractProblemLoader Environment load took 329.7ns 
409409     INFO  main            d.u.i.k.p.i.AbstractProblemLoader Creating init config 
411622     DEBUG main            d.u.i.k.p.i.AbstractProblemLoader Init config took 2.21s 
411635     INFO  main            d.u.i.k.p.i.AbstractProblemLoader Replaying proof simplify20.key.proof 
411694     DEBUG main            d.u.i.k.p.i.IntermediateProofReplayer Proof replay took 54.49ms 
411695     DEBUG main            d.u.i.k.p.r.p.TestFile    ... success: reloaded. 
411695     INFO  main            d.u.i.k.p.r.p.TestFile    Now processing file /home/runner/work/key/key/key.core/../key.ui/examples/standard_key/polySimp/simplify21.key 
411695     INFO  main            d.u.i.k.p.i.AbstractProblemLoader Loading environment from /home/runner/work/key/key/key.core/../key.ui/examples/standard_key/polySimp/simplify21.key 
411696     DEBUG main            d.u.i.k.p.i.AbstractProblemLoader Environment load took 69ns 
411698     INFO  main            d.u.i.k.p.i.AbstractProblemLoader Creating init config 
413944     DEBUG main            d.u.i.k.p.i.AbstractProblemLoader Init config took 2.25s 
413957     INFO  main            d.u.i.k.p.i.AbstractProblemLoader Replaying proof simplify21.key 
413958     DEBUG main            d.u.i.k.p.i.IntermediateProofReplayer Proof replay took 2.5ns 
414572     INFO  main            d.u.i.k.p.r.p.TestFile    ... finished proof: closed. 
415046     INFO  main            d.u.i.k.p.i.AbstractProblemLoader Loading environment from /home/runner/work/key/key/key.core/../key.ui/examples/standard_key/polySimp/simplify21.key.proof 
415046     DEBUG main            d.u.i.k.p.i.AbstractProblemLoader Environment load took 71.5ns 
415048     INFO  main            d.u.i.k.p.i.AbstractProblemLoader Creating init config 
417275     DEBUG main            d.u.i.k.p.i.AbstractProblemLoader Init config took 2.23s 
417291     INFO  main            d.u.i.k.p.i.AbstractProblemLoader Replaying proof simplify21.key.proof 
417338     DEBUG main            d.u.i.k.p.i.IntermediateProofReplayer Proof replay took 43.73ms 
417340     DEBUG main            d.u.i.k.p.r.p.TestFile    ... success: reloaded. 
417341     INFO  main            d.u.i.k.p.r.p.TestFile    Now processing file /home/runner/work/key/key/key.core/../key.ui/examples/standard_key/polySimp/simplify22.key 
417341     INFO  main            d.u.i.k.p.i.AbstractProblemLoader Loading environment from /home/runner/work/key/key/key.core/../key.ui/examples/standard_key/polySimp/simplify22.key 
417341     DEBUG main            d.u.i.k.p.i.AbstractProblemLoader Environment load took 155.1ns 
417342     INFO  main            d.u.i.k.p.i.AbstractProblemLoader Creating init config 
419588     DEBUG main            d.u.i.k.p.i.AbstractProblemLoader Init config took 2.25s 
419600     INFO  main            d.u.i.k.p.i.AbstractProblemLoader Replaying proof simplify22.key 
419601     DEBUG main            d.u.i.k.p.i.IntermediateProofReplayer Proof replay took 2.1ns 
419703     INFO  main            d.u.i.k.p.r.p.TestFile    ... finished proof: closed. 
420155     INFO  main            d.u.i.k.p.i.AbstractProblemLoader Loading environment from /home/runner/work/key/key/key.core/../key.ui/examples/standard_key/polySimp/simplify22.key.proof 
420155     DEBUG main            d.u.i.k.p.i.AbstractProblemLoader Environment load took 69.6ns 
420156     INFO  main            d.u.i.k.p.i.AbstractProblemLoader Creating init config 
422376     DEBUG main            d.u.i.k.p.i.AbstractProblemLoader Init config took 2.22s 
422388     INFO  main            d.u.i.k.p.i.AbstractProblemLoader Replaying proof simplify22.key.proof 
422392     DEBUG main            d.u.i.k.p.i.IntermediateProofReplayer Proof replay took 2.09ms 
422392     DEBUG main            d.u.i.k.p.r.p.TestFile    ... success: reloaded. 
422393     INFO  main            d.u.i.k.p.r.p.TestFile    Now processing file /home/runner/work/key/key/key.core/../key.ui/examples/standard_key/polySimp/simplify23.key 
422393     INFO  main            d.u.i.k.p.i.AbstractProblemLoader Loading environment from /home/runner/work/key/key/key.core/../key.ui/examples/standard_key/polySimp/simplify23.key 
422393     DEBUG main            d.u.i.k.p.i.AbstractProblemLoader Environment load took 66.7ns 
422394     INFO  main            d.u.i.k.p.i.AbstractProblemLoader Creating init config 
424628     DEBUG main            d.u.i.k.p.i.AbstractProblemLoader Init config took 2.23s 
424640     INFO  main            d.u.i.k.p.i.AbstractProblemLoader Replaying proof simplify23.key 
424641     DEBUG main            d.u.i.k.p.i.IntermediateProofReplayer Proof replay took 1.9ns 
424742     INFO  main            d.u.i.k.p.r.p.TestFile    ... finished proof: closed. 
425193     INFO  main            d.u.i.k.p.i.AbstractProblemLoader Loading environment from /home/runner/work/key/key/key.core/../key.ui/examples/standard_key/polySimp/simplify23.key.proof 
425193     DEBUG main            d.u.i.k.p.i.AbstractProblemLoader Environment load took 75ns 
425194     INFO  main            d.u.i.k.p.i.AbstractProblemLoader Creating init config 
427407     DEBUG main            d.u.i.k.p.i.AbstractProblemLoader Init config took 2.21s 
427419     INFO  main            d.u.i.k.p.i.AbstractProblemLoader Replaying proof simplify23.key.proof 
427431     DEBUG main            d.u.i.k.p.i.IntermediateProofReplayer Proof replay took 10.46ms 
427432     DEBUG main            d.u.i.k.p.r.p.TestFile    ... success: reloaded. 
427432     INFO  main            d.u.i.k.p.r.p.TestFile    Now processing file /home/runner/work/key/key/key.core/../key.ui/examples/standard_key/polySimp/simplify24.key 
427433     INFO  main            d.u.i.k.p.i.AbstractProblemLoader Loading environment from /home/runner/work/key/key/key.core/../key.ui/examples/standard_key/polySimp/simplify24.key 
427433     DEBUG main            d.u.i.k.p.i.AbstractProblemLoader Environment load took 38.1ns 
427433     INFO  main            d.u.i.k.p.i.AbstractProblemLoader Creating init config 
429678     DEBUG main            d.u.i.k.p.i.AbstractProblemLoader Init config took 2.24s 
429690     INFO  main            d.u.i.k.p.i.AbstractProblemLoader Replaying proof simplify24.key 
429691     DEBUG main            d.u.i.k.p.i.IntermediateProofReplayer Proof replay took 2ns 
429792     INFO  main            d.u.i.k.p.r.p.TestFile    ... finished proof: closed. 
430236     INFO  main            d.u.i.k.p.i.AbstractProblemLoader Loading environment from /home/runner/work/key/key/key.core/../key.ui/examples/standard_key/polySimp/simplify24.key.proof 
430236     DEBUG main            d.u.i.k.p.i.AbstractProblemLoader Environment load took 67.5ns 
430237     INFO  main            d.u.i.k.p.i.AbstractProblemLoader Creating init config 
432453     DEBUG main            d.u.i.k.p.i.AbstractProblemLoader Init config took 2.22s 
432465     INFO  main            d.u.i.k.p.i.AbstractProblemLoader Replaying proof simplify24.key.proof 
432468     DEBUG main            d.u.i.k.p.i.IntermediateProofReplayer Proof replay took 2.19ms 
432469     DEBUG main            d.u.i.k.p.r.p.TestFile    ... success: reloaded. 
432469     INFO  main            d.u.i.k.p.r.p.TestFile    Now processing file /home/runner/work/key/key/key.core/../key.ui/examples/standard_key/polySimp/simplify25.key 
432470     INFO  main            d.u.i.k.p.i.AbstractProblemLoader Loading environment from /home/runner/work/key/key/key.core/../key.ui/examples/standard_key/polySimp/simplify25.key 
432470     DEBUG main            d.u.i.k.p.i.AbstractProblemLoader Environment load took 51.6ns 
432470     INFO  main            d.u.i.k.p.i.AbstractProblemLoader Creating init config 
434704     DEBUG main            d.u.i.k.p.i.AbstractProblemLoader Init config took 2.23s 
434716     INFO  main            d.u.i.k.p.i.AbstractProblemLoader Replaying proof simplify25.key 
434717     DEBUG main            d.u.i.k.p.i.IntermediateProofReplayer Proof replay took 1.8ns 
434819     INFO  main            d.u.i.k.p.r.p.TestFile    ... finished proof: closed. 
435265     INFO  main            d.u.i.k.p.i.AbstractProblemLoader Loading environment from /home/runner/work/key/key/key.core/../key.ui/examples/standard_key/polySimp/simplify25.key.proof 
435265     DEBUG main            d.u.i.k.p.i.AbstractProblemLoader Environment load took 65.4ns 
435266     INFO  main            d.u.i.k.p.i.AbstractProblemLoader Creating init config 
437478     DEBUG main            d.u.i.k.p.i.AbstractProblemLoader Init config took 2.21s 
437490     INFO  main            d.u.i.k.p.i.AbstractProblemLoader Replaying proof simplify25.key.proof 
437494     DEBUG main            d.u.i.k.p.i.IntermediateProofReplayer Proof replay took 2.21ms 
437494     DEBUG main            d.u.i.k.p.r.p.TestFile    ... success: reloaded. 
437495     INFO  main            d.u.i.k.p.r.p.TestFile    Now processing file /home/runner/work/key/key/key.core/../key.ui/examples/standard_key/polySimp/simplify3.key 
437495     INFO  main            d.u.i.k.p.i.AbstractProblemLoader Loading environment from /home/runner/work/key/key/key.core/../key.ui/examples/standard_key/polySimp/simplify3.key 
437495     DEBUG main            d.u.i.k.p.i.AbstractProblemLoader Environment load took 38.5ns 
437496     INFO  main            d.u.i.k.p.i.AbstractProblemLoader Creating init config 
439728     DEBUG main            d.u.i.k.p.i.AbstractProblemLoader Init config took 2.23s 
439740     INFO  main            d.u.i.k.p.i.AbstractProblemLoader Replaying proof simplify3.key 
439740     DEBUG main            d.u.i.k.p.i.IntermediateProofReplayer Proof replay took 2.3ns 
439842     INFO  main            d.u.i.k.p.r.p.TestFile    ... finished proof: closed. 
440292     INFO  main            d.u.i.k.p.i.AbstractProblemLoader Loading environment from /home/runner/work/key/key/key.core/../key.ui/examples/standard_key/polySimp/simplify3.key.proof 
440292     DEBUG main            d.u.i.k.p.i.AbstractProblemLoader Environment load took 67.3ns 
440293     INFO  main            d.u.i.k.p.i.AbstractProblemLoader Creating init config 
442508     DEBUG main            d.u.i.k.p.i.AbstractProblemLoader Init config took 2.21s 
442520     INFO  main            d.u.i.k.p.i.AbstractProblemLoader Replaying proof simplify3.key.proof 
442521     DEBUG main            d.u.i.k.p.i.IntermediateProofReplayer Proof replay took 748.1ns 
442522     DEBUG main            d.u.i.k.p.r.p.TestFile    ... success: reloaded. 
442522     INFO  main            d.u.i.k.p.r.p.TestFile    Now processing file /home/runner/work/key/key/key.core/../key.ui/examples/standard_key/polySimp/simplify4.key 
442523     INFO  main            d.u.i.k.p.i.AbstractProblemLoader Loading environment from /home/runner/work/key/key/key.core/../key.ui/examples/standard_key/polySimp/simplify4.key 
442523     DEBUG main            d.u.i.k.p.i.AbstractProblemLoader Environment load took 39.9ns 
442523     INFO  main            d.u.i.k.p.i.AbstractProblemLoader Creating init config 
444757     DEBUG main            d.u.i.k.p.i.AbstractProblemLoader Init config took 2.23s 
444769     INFO  main            d.u.i.k.p.i.AbstractProblemLoader Replaying proof simplify4.key 
444770     DEBUG main            d.u.i.k.p.i.IntermediateProofReplayer Proof replay took 2ns 
444871     INFO  main            d.u.i.k.p.r.p.TestFile    ... finished proof: closed. 
445323     INFO  main            d.u.i.k.p.i.AbstractProblemLoader Loading environment from /home/runner/work/key/key/key.core/../key.ui/examples/standard_key/polySimp/simplify4.key.proof 
445323     DEBUG main            d.u.i.k.p.i.AbstractProblemLoader Environment load took 64ns 
445324     INFO  main            d.u.i.k.p.i.AbstractProblemLoader Creating init config 
447534     DEBUG main            d.u.i.k.p.i.AbstractProblemLoader Init config took 2.21s 
447545     INFO  main            d.u.i.k.p.i.AbstractProblemLoader Replaying proof simplify4.key.proof 
447547     DEBUG main            d.u.i.k.p.i.IntermediateProofReplayer Proof replay took 963.8ns 
447548     DEBUG main            d.u.i.k.p.r.p.TestFile    ... success: reloaded. 
447548     INFO  main            d.u.i.k.p.r.p.TestFile    Now processing file /home/runner/work/key/key/key.core/../key.ui/examples/standard_key/polySimp/simplify5.key 
447548     INFO  main            d.u.i.k.p.i.AbstractProblemLoader Loading environment from /home/runner/work/key/key/key.core/../key.ui/examples/standard_key/polySimp/simplify5.key 
447549     DEBUG main            d.u.i.k.p.i.AbstractProblemLoader Environment load took 50.7ns 
447549     INFO  main            d.u.i.k.p.i.AbstractProblemLoader Creating init config 
449789     DEBUG main            d.u.i.k.p.i.AbstractProblemLoader Init config took 2.24s 
449801     INFO  main            d.u.i.k.p.i.AbstractProblemLoader Replaying proof simplify5.key 
449802     DEBUG main            d.u.i.k.p.i.IntermediateProofReplayer Proof replay took 2ns 
449904     INFO  main            d.u.i.k.p.r.p.TestFile    ... finished proof: closed. 
450364     INFO  main            d.u.i.k.p.i.AbstractProblemLoader Loading environment from /home/runner/work/key/key/key.core/../key.ui/examples/standard_key/polySimp/simplify5.key.proof 
450364     DEBUG main            d.u.i.k.p.i.AbstractProblemLoader Environment load took 62.7ns 
450365     INFO  main            d.u.i.k.p.i.AbstractProblemLoader Creating init config 
452571     DEBUG main            d.u.i.k.p.i.AbstractProblemLoader Init config took 2.21s 
452583     INFO  main            d.u.i.k.p.i.AbstractProblemLoader Replaying proof simplify5.key.proof 
452589     DEBUG main            d.u.i.k.p.i.IntermediateProofReplayer Proof replay took 5.26ms 
452590     DEBUG main            d.u.i.k.p.r.p.TestFile    ... success: reloaded. 
452590     INFO  main            d.u.i.k.p.r.p.TestFile    Now processing file /home/runner/work/key/key/key.core/../key.ui/examples/standard_key/polySimp/simplify6.key 
452590     INFO  main            d.u.i.k.p.i.AbstractProblemLoader Loading environment from /home/runner/work/key/key/key.core/../key.ui/examples/standard_key/polySimp/simplify6.key 
452590     DEBUG main            d.u.i.k.p.i.AbstractProblemLoader Environment load took 36.9ns 
452591     INFO  main            d.u.i.k.p.i.AbstractProblemLoader Creating init config 
454820     DEBUG main            d.u.i.k.p.i.AbstractProblemLoader Init config took 2.23s 
454848     INFO  main            d.u.i.k.p.i.AbstractProblemLoader Replaying proof simplify6.key 
454849     DEBUG main            d.u.i.k.p.i.IntermediateProofReplayer Proof replay took 2.9ns 
454950     INFO  main            d.u.i.k.p.r.p.TestFile    ... finished proof: closed. 
455417     INFO  main            d.u.i.k.p.i.AbstractProblemLoader Loading environment from /home/runner/work/key/key/key.core/../key.ui/examples/standard_key/polySimp/simplify6.key.proof 
455417     DEBUG main            d.u.i.k.p.i.AbstractProblemLoader Environment load took 64.5ns 
455418     INFO  main            d.u.i.k.p.i.AbstractProblemLoader Creating init config 
457631     DEBUG main            d.u.i.k.p.i.AbstractProblemLoader Init config took 2.21s 
457643     INFO  main            d.u.i.k.p.i.AbstractProblemLoader Replaying proof simplify6.key.proof 
457645     DEBUG main            d.u.i.k.p.i.IntermediateProofReplayer Proof replay took 259.1ns 
457645     DEBUG main            d.u.i.k.p.r.p.TestFile    ... success: reloaded. 
457645     INFO  main            d.u.i.k.p.r.p.TestFile    Now processing file /home/runner/work/key/key/key.core/../key.ui/examples/standard_key/polySimp/simplify7.key 
457646     INFO  main            d.u.i.k.p.i.AbstractProblemLoader Loading environment from /home/runner/work/key/key/key.core/../key.ui/examples/standard_key/polySimp/simplify7.key 
457646     DEBUG main            d.u.i.k.p.i.AbstractProblemLoader Environment load took 38.5ns 
457646     INFO  main            d.u.i.k.p.i.AbstractProblemLoader Creating init config 
459893     DEBUG main            d.u.i.k.p.i.AbstractProblemLoader Init config took 2.25s 
459906     INFO  main            d.u.i.k.p.i.AbstractProblemLoader Replaying proof simplify7.key 
459907     DEBUG main            d.u.i.k.p.i.IntermediateProofReplayer Proof replay took 2ns 
460008     INFO  main            d.u.i.k.p.r.p.TestFile    ... finished proof: closed. 
460474     INFO  main            d.u.i.k.p.i.AbstractProblemLoader Loading environment from /home/runner/work/key/key/key.core/../key.ui/examples/standard_key/polySimp/simplify7.key.proof 
460474     DEBUG main            d.u.i.k.p.i.AbstractProblemLoader Environment load took 67.3ns 
460475     INFO  main            d.u.i.k.p.i.AbstractProblemLoader Creating init config 
462684     DEBUG main            d.u.i.k.p.i.AbstractProblemLoader Init config took 2.21s 
462696     INFO  main            d.u.i.k.p.i.AbstractProblemLoader Replaying proof simplify7.key.proof 
462698     DEBUG main            d.u.i.k.p.i.IntermediateProofReplayer Proof replay took 489.8ns 
462698     DEBUG main            d.u.i.k.p.r.p.TestFile    ... success: reloaded. 
462699     INFO  main            d.u.i.k.p.r.p.TestFile    Now processing file /home/runner/work/key/key/key.core/../key.ui/examples/standard_key/polySimp/simplify8.key 
462699     INFO  main            d.u.i.k.p.i.AbstractProblemLoader Loading environment from /home/runner/work/key/key/key.core/../key.ui/examples/standard_key/polySimp/simplify8.key 
462699     DEBUG main            d.u.i.k.p.i.AbstractProblemLoader Environment load took 38.5ns 
462702     INFO  main            d.u.i.k.p.i.AbstractProblemLoader Creating init config 
464952     DEBUG main            d.u.i.k.p.i.AbstractProblemLoader Init config took 2.25s 
464964     INFO  main            d.u.i.k.p.i.AbstractProblemLoader Replaying proof simplify8.key 
464965     DEBUG main            d.u.i.k.p.i.IntermediateProofReplayer Proof replay took 2.3ns 
468480     INFO  main            d.u.i.k.p.r.p.TestFile    ... finished proof: closed. 
468982     INFO  main            d.u.i.k.p.i.AbstractProblemLoader Loading environment from /home/runner/work/key/key/key.core/../key.ui/examples/standard_key/polySimp/simplify8.key.proof 
468982     DEBUG main            d.u.i.k.p.i.AbstractProblemLoader Environment load took 75ns 
468984     INFO  main            d.u.i.k.p.i.AbstractProblemLoader Creating init config 
471205     DEBUG main            d.u.i.k.p.i.AbstractProblemLoader Init config took 2.22s 
471221     INFO  main            d.u.i.k.p.i.AbstractProblemLoader Replaying proof simplify8.key.proof 
471412     DEBUG main            d.u.i.k.p.i.IntermediateProofReplayer Proof replay took 186.74ms 
471414     DEBUG main            d.u.i.k.p.r.p.TestFile    ... success: reloaded. 
471414     INFO  main            d.u.i.k.p.r.p.TestFile    Now processing file /home/runner/work/key/key/key.core/../key.ui/examples/standard_key/polySimp/simplify9.key 
471414     INFO  main            d.u.i.k.p.i.AbstractProblemLoader Loading environment from /home/runner/work/key/key/key.core/../key.ui/examples/standard_key/polySimp/simplify9.key 
471414     DEBUG main            d.u.i.k.p.i.AbstractProblemLoader Environment load took 38.1ns 
471416     INFO  main            d.u.i.k.p.i.AbstractProblemLoader Creating init config 
473684     DEBUG main            d.u.i.k.p.i.AbstractProblemLoader Init config took 2.27s 
473696     INFO  main            d.u.i.k.p.i.AbstractProblemLoader Replaying proof simplify9.key 
473697     DEBUG main            d.u.i.k.p.i.IntermediateProofReplayer Proof replay took 1.8ns 
473899     INFO  main            d.u.i.k.p.r.p.TestFile    ... finished proof: closed. 
474415     INFO  main            d.u.i.k.p.i.AbstractProblemLoader Loading environment from /home/runner/work/key/key/key.core/../key.ui/examples/standard_key/polySimp/simplify9.key.proof 
474416     DEBUG main            d.u.i.k.p.i.AbstractProblemLoader Environment load took 78.5ns 
474417     INFO  main            d.u.i.k.p.i.AbstractProblemLoader Creating init config 
476631     DEBUG main            d.u.i.k.p.i.AbstractProblemLoader Init config took 2.21s 
476644     INFO  main            d.u.i.k.p.i.AbstractProblemLoader Replaying proof simplify9.key.proof 
476655     DEBUG main            d.u.i.k.p.i.IntermediateProofReplayer Proof replay took 9.02ms 
476656     DEBUG main            d.u.i.k.p.r.p.TestFile    ... success: reloaded. 
2789011    INFO  Test worker     d.u.i.k.p.r.RunAllProofsTestUnit Returning from test arithmetic 
2789012    INFO  Test worker     d.u.i.k.p.r.RunAllProofsTestUnit Running test arrays 
320        INFO  Timeout watchdog d.u.i.k.p.r.p.ForkedTestFileRunner Timeout watcher launched (2000 secs.) 
314        WARN  main            d.u.i.k.s.ProofSettings   The settings in /home/runner/.key/proof-settings.props are *not* read. 
374        INFO  main            d.u.i.k.p.r.p.TestFile    Now processing file /home/runner/work/key/key/key.core/../key.ui/examples/standard_key/arrays/arrayStoreException/array2DimPrim.key 
496        INFO  main            d.u.i.k.p.i.AbstractProblemLoader Loading environment from /home/runner/work/key/key/key.core/../key.ui/examples/standard_key/arrays/arrayStoreException/array2DimPrim.key 
517        DEBUG main            d.u.i.k.p.i.AbstractProblemLoader Environment load took 2.57ms 
771        INFO  main            d.u.i.k.p.i.AbstractProblemLoader Creating init config 
1636       DEBUG main            d.u.i.k.j.TypeConverter   No LDT found for Meta 
1637       DEBUG main            d.u.i.k.j.TypeConverter   No LDT found for Meta 
1640       DEBUG main            d.u.i.k.j.TypeConverter   No LDT found for Meta 
1640       DEBUG main            d.u.i.k.j.TypeConverter   No LDT found for Meta 
2797       DEBUG main            d.u.i.k.j.TypeConverter   No LDT found for JavaBigintExpression 
7622       DEBUG main            d.u.i.k.p.i.AbstractProblemLoader Init config took 6.85s 
7684       INFO  main            d.u.i.k.p.i.AbstractProblemLoader Replaying proof array2DimPrim.key 
7715       DEBUG main            d.u.i.k.p.i.IntermediateProofReplayer Proof replay took 31.7ns 
11408      INFO  main            d.u.i.k.p.r.p.TestFile    ... finished proof: closed. 
11596      INFO  main            d.u.i.k.p.i.AbstractProblemLoader Loading environment from /home/runner/work/key/key/key.core/../key.ui/examples/standard_key/arrays/arrayStoreException/array2DimPrim.key.proof 
11598      DEBUG main            d.u.i.k.p.i.AbstractProblemLoader Environment load took 1.78ms 
11605      INFO  main            d.u.i.k.p.i.AbstractProblemLoader Creating init config 
14337      DEBUG main            d.u.i.k.p.i.AbstractProblemLoader Init config took 2.73s 
14370      INFO  main            d.u.i.k.p.i.AbstractProblemLoader Replaying proof array2DimPrim.key.proof 
14849      DEBUG main            d.u.i.k.p.i.IntermediateProofReplayer Proof replay took 463.14ms 
14861      DEBUG main            d.u.i.k.p.r.p.TestFile    ... success: reloaded. 
14863      INFO  main            d.u.i.k.p.r.p.TestFile    Now processing file /home/runner/work/key/key/key.core/../key.ui/examples/standard_key/arrays/arrayStoreException/arrayStoreKnownDynType.key 
14863      INFO  main            d.u.i.k.p.i.AbstractProblemLoader Loading environment from /home/runner/work/key/key/key.core/../key.ui/examples/standard_key/arrays/arrayStoreException/arrayStoreKnownDynType.key 
14863      DEBUG main            d.u.i.k.p.i.AbstractProblemLoader Environment load took 227.3ns 
14865      INFO  main            d.u.i.k.p.i.AbstractProblemLoader Creating init config 
17476      DEBUG main            d.u.i.k.p.i.AbstractProblemLoader Init config took 2.61s 
17515      INFO  main            d.u.i.k.p.i.AbstractProblemLoader Replaying proof arrayStoreKnownDynType.key 
17520      DEBUG main            d.u.i.k.p.i.IntermediateProofReplayer Proof replay took 5.7ns 
17728      INFO  main            d.u.i.k.p.r.p.TestFile    ... finished proof: closed. 
17939      INFO  main            d.u.i.k.p.i.AbstractProblemLoader Loading environment from /home/runner/work/key/key/key.core/../key.ui/examples/standard_key/arrays/arrayStoreException/arrayStoreKnownDynType.key.proof 
17939      DEBUG main            d.u.i.k.p.i.AbstractProblemLoader Environment load took 124.7ns 
17940      INFO  main            d.u.i.k.p.i.AbstractProblemLoader Creating init config 
20468      DEBUG main            d.u.i.k.p.i.AbstractProblemLoader Init config took 2.53s 
20488      INFO  main            d.u.i.k.p.i.AbstractProblemLoader Replaying proof arrayStoreKnownDynType.key.proof 
20543      DEBUG main            d.u.i.k.p.i.IntermediateProofReplayer Proof replay took 51.9ms 
20544      DEBUG main            d.u.i.k.p.r.p.TestFile    ... success: reloaded. 
20545      INFO  main            d.u.i.k.p.r.p.TestFile    Now processing file /home/runner/work/key/key/key.core/../key.ui/examples/standard_key/arrays/arrayStoreException/reverseArray.key 
20545      INFO  main            d.u.i.k.p.i.AbstractProblemLoader Loading environment from /home/runner/work/key/key/key.core/../key.ui/examples/standard_key/arrays/arrayStoreException/reverseArray.key 
20546      DEBUG main            d.u.i.k.p.i.AbstractProblemLoader Environment load took 97ns 
20547      INFO  main            d.u.i.k.p.i.AbstractProblemLoader Creating init config 
23088      DEBUG main            d.u.i.k.p.i.AbstractProblemLoader Init config took 2.54s 
23108      INFO  main            d.u.i.k.p.i.AbstractProblemLoader Replaying proof reverseArray.key 
23111      DEBUG main            d.u.i.k.p.i.IntermediateProofReplayer Proof replay took 4.9ns 
23717      INFO  main            d.u.i.k.p.r.p.TestFile    ... finished proof: closed. 
23876      INFO  main            d.u.i.k.p.i.AbstractProblemLoader Loading environment from /home/runner/work/key/key/key.core/../key.ui/examples/standard_key/arrays/arrayStoreException/reverseArray.key.proof 
23876      DEBUG main            d.u.i.k.p.i.AbstractProblemLoader Environment load took 357.7ns 
23878      INFO  main            d.u.i.k.p.i.AbstractProblemLoader Creating init config 
26363      DEBUG main            d.u.i.k.p.i.AbstractProblemLoader Init config took 2.49s 
26383      INFO  main            d.u.i.k.p.i.AbstractProblemLoader Replaying proof reverseArray.key.proof 
26511      DEBUG main            d.u.i.k.p.i.IntermediateProofReplayer Proof replay took 121.91ms 
26513      DEBUG main            d.u.i.k.p.r.p.TestFile    ... success: reloaded. 
26514      INFO  main            d.u.i.k.p.r.p.TestFile    Now processing file /home/runner/work/key/key/key.core/../key.ui/examples/standard_key/arrays/arrayStoreException/throwArrayStoreException.key 
26514      INFO  main            d.u.i.k.p.i.AbstractProblemLoader Loading environment from /home/runner/work/key/key/key.core/../key.ui/examples/standard_key/arrays/arrayStoreException/throwArrayStoreException.key 
26515      DEBUG main            d.u.i.k.p.i.AbstractProblemLoader Environment load took 173.7ns 
26516      INFO  main            d.u.i.k.p.i.AbstractProblemLoader Creating init config 
29056      DEBUG main            d.u.i.k.p.i.AbstractProblemLoader Init config took 2.54s 
29076      INFO  main            d.u.i.k.p.i.AbstractProblemLoader Replaying proof throwArrayStoreException.key 
29078      DEBUG main            d.u.i.k.p.i.IntermediateProofReplayer Proof replay took 5.5ns 
29484      INFO  main            d.u.i.k.p.r.p.TestFile    ... finished proof: closed. 
29653      INFO  main            d.u.i.k.p.i.AbstractProblemLoader Loading environment from /home/runner/work/key/key/key.core/../key.ui/examples/standard_key/arrays/arrayStoreException/throwArrayStoreException.key.proof 
29654      DEBUG main            d.u.i.k.p.i.AbstractProblemLoader Environment load took 1.03ms 
29656      INFO  main            d.u.i.k.p.i.AbstractProblemLoader Creating init config 
32098      DEBUG main            d.u.i.k.p.i.AbstractProblemLoader Init config took 2.44s 
32126      INFO  main            d.u.i.k.p.i.AbstractProblemLoader Replaying proof throwArrayStoreException.key.proof 
32206      DEBUG main            d.u.i.k.p.i.IntermediateProofReplayer Proof replay took 76.32ms 
32208      DEBUG main            d.u.i.k.p.r.p.TestFile    ... success: reloaded. 
32209      INFO  main            d.u.i.k.p.r.p.TestFile    Now processing file /home/runner/work/key/key/key.core/../key.ui/examples/standard_key/arrays/creation/arrayCreation1.key 
32209      INFO  main            d.u.i.k.p.i.AbstractProblemLoader Loading environment from /home/runner/work/key/key/key.core/../key.ui/examples/standard_key/arrays/creation/arrayCreation1.key 
32210      DEBUG main            d.u.i.k.p.i.AbstractProblemLoader Environment load took 181.7ns 
32211      INFO  main            d.u.i.k.p.i.AbstractProblemLoader Creating init config 
34652      DEBUG main            d.u.i.k.p.i.AbstractProblemLoader Init config took 2.44s 
34671      INFO  main            d.u.i.k.p.i.AbstractProblemLoader Replaying proof arrayCreation1.key 
34673      DEBUG main            d.u.i.k.p.i.IntermediateProofReplayer Proof replay took 5.9ns 
34875      INFO  main            d.u.i.k.p.r.p.TestFile    ... finished proof: closed. 
35014      INFO  main            d.u.i.k.p.i.AbstractProblemLoader Loading environment from /home/runner/work/key/key/key.core/../key.ui/examples/standard_key/arrays/creation/arrayCreation1.key.proof 
35014      DEBUG main            d.u.i.k.p.i.AbstractProblemLoader Environment load took 108.3ns 
35016      INFO  main            d.u.i.k.p.i.AbstractProblemLoader Creating init config 
37433      DEBUG main            d.u.i.k.p.i.AbstractProblemLoader Init config took 2.42s 
37452      INFO  main            d.u.i.k.p.i.AbstractProblemLoader Replaying proof arrayCreation1.key.proof 
37475      DEBUG main            d.u.i.k.p.i.IntermediateProofReplayer Proof replay took 21ms 
37476      DEBUG main            d.u.i.k.p.r.p.TestFile    ... success: reloaded. 
37477      INFO  main            d.u.i.k.p.r.p.TestFile    Now processing file /home/runner/work/key/key/key.core/../key.ui/examples/standard_key/arrays/arrayStoreException/array2Dim.key 
37477      INFO  main            d.u.i.k.p.i.AbstractProblemLoader Loading environment from /home/runner/work/key/key/key.core/../key.ui/examples/standard_key/arrays/arrayStoreException/array2Dim.key 
37477      DEBUG main            d.u.i.k.p.i.AbstractProblemLoader Environment load took 89.3ns 
37479      INFO  main            d.u.i.k.p.i.AbstractProblemLoader Creating init config 
39967      DEBUG main            d.u.i.k.p.i.AbstractProblemLoader Init config took 2.49s 
39986      INFO  main            d.u.i.k.p.i.AbstractProblemLoader Replaying proof array2Dim.key 
39988      DEBUG main            d.u.i.k.p.i.IntermediateProofReplayer Proof replay took 5.8ns 
43233      INFO  main            d.u.i.k.p.r.p.TestFile    ... finished proof: open goal(s) 
43457      INFO  main            d.u.i.k.p.r.p.TestFile    Now processing file /home/runner/work/key/key/key.core/../key.ui/examples/standard_key/arrays/arrayStoreException/array2DimClose.key 
43457      INFO  main            d.u.i.k.p.i.AbstractProblemLoader Loading environment from /home/runner/work/key/key/key.core/../key.ui/examples/standard_key/arrays/arrayStoreException/array2DimClose.key 
43457      DEBUG main            d.u.i.k.p.i.AbstractProblemLoader Environment load took 57.1ns 
43458      INFO  main            d.u.i.k.p.i.AbstractProblemLoader Creating init config 
45874      DEBUG main            d.u.i.k.p.i.AbstractProblemLoader Init config took 2.42s 
45891      INFO  main            d.u.i.k.p.i.AbstractProblemLoader Replaying proof array2DimClose.key 
45893      DEBUG main            d.u.i.k.p.i.IntermediateProofReplayer Proof replay took 13.7ns 
48112      INFO  main            d.u.i.k.p.r.p.TestFile    ... finished proof: open goal(s) 
48434      INFO  main            d.u.i.k.p.r.p.TestFile    Now processing file /home/runner/work/key/key/key.core/../key.ui/examples/standard_key/arrays/arrayStoreException/throwASEForPrim.key 
48435      INFO  main            d.u.i.k.p.i.AbstractProblemLoader Loading environment from /home/runner/work/key/key/key.core/../key.ui/examples/standard_key/arrays/arrayStoreException/throwASEForPrim.key 
48435      DEBUG main            d.u.i.k.p.i.AbstractProblemLoader Environment load took 76.3ns 
48436      INFO  main            d.u.i.k.p.i.AbstractProblemLoader Creating init config 
50809      DEBUG main            d.u.i.k.p.i.AbstractProblemLoader Init config took 2.37s 
50825      INFO  main            d.u.i.k.p.i.AbstractProblemLoader Replaying proof throwASEForPrim.key 
50827      DEBUG main            d.u.i.k.p.i.IntermediateProofReplayer Proof replay took 5.8ns 
55100      INFO  main            d.u.i.k.p.r.p.TestFile    ... finished proof: open goal(s) 
2844548    INFO  Test worker     d.u.i.k.p.r.RunAllProofsTestUnit Returning from test arrays 
2844549    INFO  Test worker     d.u.i.k.p.r.RunAllProofsTestUnit Running test javadl 
326        INFO  Timeout watchdog d.u.i.k.p.r.p.ForkedTestFileRunner Timeout watcher launched (2000 secs.) 
346        WARN  main            d.u.i.k.s.ProofSettings   The settings in /home/runner/.key/proof-settings.props are *not* read. 
376        INFO  main            d.u.i.k.p.r.p.TestFile    Now processing file /home/runner/work/key/key/key.core/../key.ui/examples/standard_key/instanceCreation/instanceCreation1.key 
472        INFO  main            d.u.i.k.p.i.AbstractProblemLoader Loading environment from /home/runner/work/key/key/key.core/../key.ui/examples/standard_key/instanceCreation/instanceCreation1.key 
492        DEBUG main            d.u.i.k.p.i.AbstractProblemLoader Environment load took 5.07ms 
763        INFO  main            d.u.i.k.p.i.AbstractProblemLoader Creating init config 
1758       DEBUG main            d.u.i.k.j.TypeConverter   No LDT found for Meta 
1759       DEBUG main            d.u.i.k.j.TypeConverter   No LDT found for Meta 
1762       DEBUG main            d.u.i.k.j.TypeConverter   No LDT found for Meta 
1762       DEBUG main            d.u.i.k.j.TypeConverter   No LDT found for Meta 
3034       DEBUG main            d.u.i.k.j.TypeConverter   No LDT found for JavaBigintExpression 
8007       DEBUG main            d.u.i.k.p.i.AbstractProblemLoader Init config took 7.24s 
8089       INFO  main            d.u.i.k.p.i.AbstractProblemLoader Replaying proof instanceCreation1.key 
8122       DEBUG main            d.u.i.k.p.i.IntermediateProofReplayer Proof replay took 33.2ns 
9062       INFO  main            d.u.i.k.p.r.p.TestFile    ... finished proof: closed. 
9186       INFO  main            d.u.i.k.p.i.AbstractProblemLoader Loading environment from /home/runner/work/key/key/key.core/../key.ui/examples/standard_key/instanceCreation/instanceCreation1.key.proof 
9186       DEBUG main            d.u.i.k.p.i.AbstractProblemLoader Environment load took 394.1ns 
9191       INFO  main            d.u.i.k.p.i.AbstractProblemLoader Creating init config 
12005      DEBUG main            d.u.i.k.p.i.AbstractProblemLoader Init config took 2.81s 
12036      INFO  main            d.u.i.k.p.i.AbstractProblemLoader Replaying proof instanceCreation1.key.proof 
12131      DEBUG main            d.u.i.k.p.i.IntermediateProofReplayer Proof replay took 90.08ms 
12145      DEBUG main            d.u.i.k.p.r.p.TestFile    ... success: reloaded. 
12152      INFO  main            d.u.i.k.p.r.p.TestFile    Now processing file /home/runner/work/key/key/key.core/../key.ui/examples/standard_key/instanceCreation/instanceCreation2.key 
12153      INFO  main            d.u.i.k.p.i.AbstractProblemLoader Loading environment from /home/runner/work/key/key/key.core/../key.ui/examples/standard_key/instanceCreation/instanceCreation2.key 
12153      DEBUG main            d.u.i.k.p.i.AbstractProblemLoader Environment load took 250.9ns 
12155      INFO  main            d.u.i.k.p.i.AbstractProblemLoader Creating init config 
14808      DEBUG main            d.u.i.k.p.i.AbstractProblemLoader Init config took 2.65s 
14838      INFO  main            d.u.i.k.p.i.AbstractProblemLoader Replaying proof instanceCreation2.key 
14840      DEBUG main            d.u.i.k.p.i.IntermediateProofReplayer Proof replay took 5.1ns 
15450      INFO  main            d.u.i.k.p.r.p.TestFile    ... finished proof: closed. 
15655      INFO  main            d.u.i.k.p.i.AbstractProblemLoader Loading environment from /home/runner/work/key/key/key.core/../key.ui/examples/standard_key/instanceCreation/instanceCreation2.key.proof 
15656      DEBUG main            d.u.i.k.p.i.AbstractProblemLoader Environment load took 382.5ns 
15657      INFO  main            d.u.i.k.p.i.AbstractProblemLoader Creating init config 
18228      DEBUG main            d.u.i.k.p.i.AbstractProblemLoader Init config took 2.57s 
18252      INFO  main            d.u.i.k.p.i.AbstractProblemLoader Replaying proof instanceCreation2.key.proof 
18347      DEBUG main            d.u.i.k.p.i.IntermediateProofReplayer Proof replay took 91.36ms 
18349      DEBUG main            d.u.i.k.p.r.p.TestFile    ... success: reloaded. 
18350      INFO  main            d.u.i.k.p.r.p.TestFile    Now processing file /home/runner/work/key/key/key.core/../key.ui/examples/standard_key/instanceCreation/interfacesAndAbstractClassesHaveNoInstances.key 
18350      INFO  main            d.u.i.k.p.i.AbstractProblemLoader Loading environment from /home/runner/work/key/key/key.core/../key.ui/examples/standard_key/instanceCreation/interfacesAndAbstractClassesHaveNoInstances.key 
18351      DEBUG main            d.u.i.k.p.i.AbstractProblemLoader Environment load took 197.5ns 
18352      INFO  main            d.u.i.k.p.i.AbstractProblemLoader Creating init config 
20914      DEBUG main            d.u.i.k.p.i.AbstractProblemLoader Init config took 2.56s 
20933      INFO  main            d.u.i.k.p.i.AbstractProblemLoader Replaying proof interfacesAndAbstractClassesHaveNoInstances.key 
20935      DEBUG main            d.u.i.k.p.i.IntermediateProofReplayer Proof replay took 4.7ns 
21046      INFO  main            d.u.i.k.p.r.p.TestFile    ... finished proof: closed. 
21177      INFO  main            d.u.i.k.p.i.AbstractProblemLoader Loading environment from /home/runner/work/key/key/key.core/../key.ui/examples/standard_key/instanceCreation/interfacesAndAbstractClassesHaveNoInstances.key.proof 
21178      DEBUG main            d.u.i.k.p.i.AbstractProblemLoader Environment load took 107.5ns 
21179      INFO  main            d.u.i.k.p.i.AbstractProblemLoader Creating init config 
23689      DEBUG main            d.u.i.k.p.i.AbstractProblemLoader Init config took 2.51s 
23709      INFO  main            d.u.i.k.p.i.AbstractProblemLoader Replaying proof interfacesAndAbstractClassesHaveNoInstances.key.proof 
23712      DEBUG main            d.u.i.k.p.i.IntermediateProofReplayer Proof replay took 1.04ms 
23713      DEBUG main            d.u.i.k.p.r.p.TestFile    ... success: reloaded. 
23713      INFO  main            d.u.i.k.p.r.p.TestFile    Now processing file /home/runner/work/key/key/key.core/../key.ui/examples/standard_key/instanceCreation/successiveCreatedObjectsAreDistinct.key 
23714      INFO  main            d.u.i.k.p.i.AbstractProblemLoader Loading environment from /home/runner/work/key/key/key.core/../key.ui/examples/standard_key/instanceCreation/successiveCreatedObjectsAreDistinct.key 
23714      DEBUG main            d.u.i.k.p.i.AbstractProblemLoader Environment load took 145.1ns 
23715      INFO  main            d.u.i.k.p.i.AbstractProblemLoader Creating init config 
26264      DEBUG main            d.u.i.k.p.i.AbstractProblemLoader Init config took 2.55s 
26284      INFO  main            d.u.i.k.p.i.AbstractProblemLoader Replaying proof successiveCreatedObjectsAreDistinct.key 
26286      DEBUG main            d.u.i.k.p.i.IntermediateProofReplayer Proof replay took 6.1ns 
26592      INFO  main            d.u.i.k.p.r.p.TestFile    ... finished proof: closed. 
26764      INFO  main            d.u.i.k.p.i.AbstractProblemLoader Loading environment from /home/runner/work/key/key/key.core/../key.ui/examples/standard_key/instanceCreation/successiveCreatedObjectsAreDistinct.key.proof 
26764      DEBUG main            d.u.i.k.p.i.AbstractProblemLoader Environment load took 355.8ns 
26765      INFO  main            d.u.i.k.p.i.AbstractProblemLoader Creating init config 
29284      DEBUG main            d.u.i.k.p.i.AbstractProblemLoader Init config took 2.52s 
29303      INFO  main            d.u.i.k.p.i.AbstractProblemLoader Replaying proof successiveCreatedObjectsAreDistinct.key.proof 
29373      DEBUG main            d.u.i.k.p.i.IntermediateProofReplayer Proof replay took 65.81ms 
29374      DEBUG main            d.u.i.k.p.r.p.TestFile    ... success: reloaded. 
29375      INFO  main            d.u.i.k.p.r.p.TestFile    Now processing file /home/runner/work/key/key/key.core/../key.ui/examples/standard_key/instanceCreation/testOverloadingConstructors.key 
29376      INFO  main            d.u.i.k.p.i.AbstractProblemLoader Loading environment from /home/runner/work/key/key/key.core/../key.ui/examples/standard_key/instanceCreation/testOverloadingConstructors.key 
29376      DEBUG main            d.u.i.k.p.i.AbstractProblemLoader Environment load took 101.9ns 
29377      INFO  main            d.u.i.k.p.i.AbstractProblemLoader Creating init config 
31898      DEBUG main            d.u.i.k.p.i.AbstractProblemLoader Init config took 2.52s 
31918      INFO  main            d.u.i.k.p.i.AbstractProblemLoader Replaying proof testOverloadingConstructors.key 
31919      DEBUG main            d.u.i.k.p.i.IntermediateProofReplayer Proof replay took 5.1ns 
32124      INFO  main            d.u.i.k.p.r.p.TestFile    ... finished proof: closed. 
32276      INFO  main            d.u.i.k.p.i.AbstractProblemLoader Loading environment from /home/runner/work/key/key/key.core/../key.ui/examples/standard_key/instanceCreation/testOverloadingConstructors.key.proof 
32276      DEBUG main            d.u.i.k.p.i.AbstractProblemLoader Environment load took 125.9ns 
32277      INFO  main            d.u.i.k.p.i.AbstractProblemLoader Creating init config 
34735      DEBUG main            d.u.i.k.p.i.AbstractProblemLoader Init config took 2.46s 
34754      INFO  main            d.u.i.k.p.i.AbstractProblemLoader Replaying proof testOverloadingConstructors.key.proof 
34803      DEBUG main            d.u.i.k.p.i.IntermediateProofReplayer Proof replay took 45.76ms 
34804      DEBUG main            d.u.i.k.p.r.p.TestFile    ... success: reloaded. 
34805      INFO  main            d.u.i.k.p.r.p.TestFile    Now processing file /home/runner/work/key/key/key.core/../key.ui/examples/standard_key/java_dl/SimpleAttributes.key 
34805      INFO  main            d.u.i.k.p.i.AbstractProblemLoader Loading environment from /home/runner/work/key/key/key.core/../key.ui/examples/standard_key/java_dl/SimpleAttributes.key 
34805      DEBUG main            d.u.i.k.p.i.AbstractProblemLoader Environment load took 194.9ns 
34806      INFO  main            d.u.i.k.p.i.AbstractProblemLoader Creating init config 
37255      DEBUG main            d.u.i.k.p.i.AbstractProblemLoader Init config took 2.45s 
37273      INFO  main            d.u.i.k.p.i.AbstractProblemLoader Replaying proof SimpleAttributes.key 
37274      DEBUG main            d.u.i.k.p.i.IntermediateProofReplayer Proof replay took 5.6ns 
37377      INFO  main            d.u.i.k.p.r.p.TestFile    ... finished proof: closed. 
37529      INFO  main            d.u.i.k.p.i.AbstractProblemLoader Loading environment from /home/runner/work/key/key/key.core/../key.ui/examples/standard_key/java_dl/SimpleAttributes.key.proof 
37529      DEBUG main            d.u.i.k.p.i.AbstractProblemLoader Environment load took 102.6ns 
37530      INFO  main            d.u.i.k.p.i.AbstractProblemLoader Creating init config 
39935      DEBUG main            d.u.i.k.p.i.AbstractProblemLoader Init config took 2.4s 
39962      INFO  main            d.u.i.k.p.i.AbstractProblemLoader Replaying proof SimpleAttributes.key.proof 
39997      DEBUG main            d.u.i.k.p.i.IntermediateProofReplayer Proof replay took 25.39ms 
39999      DEBUG main            d.u.i.k.p.r.p.TestFile    ... success: reloaded. 
39999      INFO  main            d.u.i.k.p.r.p.TestFile    Now processing file /home/runner/work/key/key/key.core/../key.ui/examples/standard_key/java_dl/arrayMax.key 
40000      INFO  main            d.u.i.k.p.i.AbstractProblemLoader Loading environment from /home/runner/work/key/key/key.core/../key.ui/examples/standard_key/java_dl/arrayMax.key 
40000      DEBUG main            d.u.i.k.p.i.AbstractProblemLoader Environment load took 174.2ns 
40002      INFO  main            d.u.i.k.p.i.AbstractProblemLoader Creating init config 
42480      DEBUG main            d.u.i.k.p.i.AbstractProblemLoader Init config took 2.48s 
42500      INFO  main            d.u.i.k.p.i.AbstractProblemLoader Replaying proof arrayMax.key 
42501      DEBUG main            d.u.i.k.p.i.IntermediateProofReplayer Proof replay took 5.5ns 
43812      INFO  main            d.u.i.k.p.r.p.TestFile    ... finished proof: closed. 
44006      INFO  main            d.u.i.k.p.i.AbstractProblemLoader Loading environment from /home/runner/work/key/key/key.core/../key.ui/examples/standard_key/java_dl/arrayMax.key.proof 
44007      DEBUG main            d.u.i.k.p.i.AbstractProblemLoader Environment load took 1.44ms 
44009      INFO  main            d.u.i.k.p.i.AbstractProblemLoader Creating init config 
46452      DEBUG main            d.u.i.k.p.i.AbstractProblemLoader Init config took 2.44s 
46469      INFO  main            d.u.i.k.p.i.AbstractProblemLoader Replaying proof arrayMax.key.proof 
46708      DEBUG main            d.u.i.k.p.i.IntermediateProofReplayer Proof replay took 232.38ms 
46710      DEBUG main            d.u.i.k.p.r.p.TestFile    ... success: reloaded. 
46711      INFO  main            d.u.i.k.p.r.p.TestFile    Now processing file /home/runner/work/key/key/key.core/../key.ui/examples/standard_key/java_dl/arrayUpdateSimp.key 
46711      INFO  main            d.u.i.k.p.i.AbstractProblemLoader Loading environment from /home/runner/work/key/key/key.core/../key.ui/examples/standard_key/java_dl/arrayUpdateSimp.key 
46711      DEBUG main            d.u.i.k.p.i.AbstractProblemLoader Environment load took 249.7ns 
46714      INFO  main            d.u.i.k.p.i.AbstractProblemLoader Creating init config 
46747      WARN  main            d.u.i.k.j.r.KeYCrossReferenceNameInfo Datatype java.lang.System declared twice: Once in FILE:/home/runner/work/key/key/key.core/../key.ui/examples/standard_key/java_dl/./classpath/System.java and once in URL:file:/home/runner/work/key/key/key.core/build/resources/main/de/uka/ilkd/key/java/JavaRedux/java/lang/System.java, Keeping one from URL:file:/home/runner/work/key/key/key.core/build/resources/main/de/uka/ilkd/key/java/JavaRedux/java/lang/System.java 
46748      WARN  main            d.u.i.k.j.r.KeYCrossReferenceNameInfo Datatype java.io.InputStream declared twice: Once in FILE:/home/runner/work/key/key/key.core/../key.ui/examples/standard_key/java_dl/./classpath/InputStream.java and once in URL:file:/home/runner/work/key/key/key.core/build/resources/main/de/uka/ilkd/key/java/JavaRedux/java/io/InputStream.java, Keeping one from URL:file:/home/runner/work/key/key/key.core/build/resources/main/de/uka/ilkd/key/java/JavaRedux/java/io/InputStream.java 
46748      WARN  main            d.u.i.k.j.r.KeYCrossReferenceNameInfo Datatype java.io.PrintStream declared twice: Once in FILE:/home/runner/work/key/key/key.core/../key.ui/examples/standard_key/java_dl/./classpath/PrintStream.java and once in URL:file:/home/runner/work/key/key/key.core/build/resources/main/de/uka/ilkd/key/java/JavaRedux/java/io/PrintStream.java, Keeping one from URL:file:/home/runner/work/key/key/key.core/build/resources/main/de/uka/ilkd/key/java/JavaRedux/java/io/PrintStream.java 
46753      DEBUG main            d.u.i.k.j.r.ClassFileDeclarationBuilder Parsing: package java.io; public class Closeable { } 
46754      DEBUG main            r.s.KeYCrossReferenceSourceInfo Dynamically created class: java.io.Closeable 
49304      DEBUG main            d.u.i.k.p.i.AbstractProblemLoader Init config took 2.59s 
49322      INFO  main            d.u.i.k.p.i.AbstractProblemLoader Replaying proof arrayUpdateSimp.key 
49323      DEBUG main            d.u.i.k.p.i.IntermediateProofReplayer Proof replay took 5.8ns 
49425      INFO  main            d.u.i.k.p.r.p.TestFile    ... finished proof: closed. 
49610      INFO  main            d.u.i.k.p.i.AbstractProblemLoader Loading environment from /home/runner/work/key/key/key.core/../key.ui/examples/standard_key/java_dl/arrayUpdateSimp.key.proof 
49610      DEBUG main            d.u.i.k.p.i.AbstractProblemLoader Environment load took 108.1ns 
49616      INFO  main            d.u.i.k.p.i.AbstractProblemLoader Creating init config 
49639      WARN  main            d.u.i.k.j.r.KeYCrossReferenceNameInfo Datatype java.lang.System declared twice: Once in FILE:/home/runner/work/key/key/key.core/../key.ui/examples/standard_key/java_dl/classpath/System.java and once in URL:file:/home/runner/work/key/key/key.core/build/resources/main/de/uka/ilkd/key/java/JavaRedux/java/lang/System.java, Keeping one from URL:file:/home/runner/work/key/key/key.core/build/resources/main/de/uka/ilkd/key/java/JavaRedux/java/lang/System.java 
49640      WARN  main            d.u.i.k.j.r.KeYCrossReferenceNameInfo Datatype java.io.InputStream declared twice: Once in FILE:/home/runner/work/key/key/key.core/../key.ui/examples/standard_key/java_dl/classpath/InputStream.java and once in URL:file:/home/runner/work/key/key/key.core/build/resources/main/de/uka/ilkd/key/java/JavaRedux/java/io/InputStream.java, Keeping one from URL:file:/home/runner/work/key/key/key.core/build/resources/main/de/uka/ilkd/key/java/JavaRedux/java/io/InputStream.java 
49640      WARN  main            d.u.i.k.j.r.KeYCrossReferenceNameInfo Datatype java.io.PrintStream declared twice: Once in FILE:/home/runner/work/key/key/key.core/../key.ui/examples/standard_key/java_dl/classpath/PrintStream.java and once in URL:file:/home/runner/work/key/key/key.core/build/resources/main/de/uka/ilkd/key/java/JavaRedux/java/io/PrintStream.java, Keeping one from URL:file:/home/runner/work/key/key/key.core/build/resources/main/de/uka/ilkd/key/java/JavaRedux/java/io/PrintStream.java 
49643      DEBUG main            d.u.i.k.j.r.ClassFileDeclarationBuilder Parsing: package java.io; public class Closeable { } 
49644      DEBUG main            r.s.KeYCrossReferenceSourceInfo Dynamically created class: java.io.Closeable 
52117      DEBUG main            d.u.i.k.p.i.AbstractProblemLoader Init config took 2.5s 
52138      INFO  main            d.u.i.k.p.i.AbstractProblemLoader Replaying proof arrayUpdateSimp.key.proof 
52140      DEBUG main            d.u.i.k.p.i.IntermediateProofReplayer Proof replay took 493.7ns 
52142      DEBUG main            d.u.i.k.p.r.p.TestFile    ... success: reloaded. 
52144      INFO  main            d.u.i.k.p.r.p.TestFile    Now processing file /home/runner/work/key/key/key.core/../key.ui/examples/standard_key/java_dl/attributes.key 
52144      INFO  main            d.u.i.k.p.i.AbstractProblemLoader Loading environment from /home/runner/work/key/key/key.core/../key.ui/examples/standard_key/java_dl/attributes.key 
52148      DEBUG main            d.u.i.k.p.i.AbstractProblemLoader Environment load took 84.4ns 
52149      INFO  main            d.u.i.k.p.i.AbstractProblemLoader Creating init config 
54606      DEBUG main            d.u.i.k.p.i.AbstractProblemLoader Init config took 2.46s 
54621      INFO  main            d.u.i.k.p.i.AbstractProblemLoader Replaying proof attributes.key 
54622      DEBUG main            d.u.i.k.p.i.IntermediateProofReplayer Proof replay took 5.3ns 
54825      INFO  main            d.u.i.k.p.r.p.TestFile    ... finished proof: closed. 
55010      INFO  main            d.u.i.k.p.i.AbstractProblemLoader Loading environment from /home/runner/work/key/key/key.core/../key.ui/examples/standard_key/java_dl/attributes.key.proof 
55010      DEBUG main            d.u.i.k.p.i.AbstractProblemLoader Environment load took 105.5ns 
55011      INFO  main            d.u.i.k.p.i.AbstractProblemLoader Creating init config 
57424      DEBUG main            d.u.i.k.p.i.AbstractProblemLoader Init config took 2.41s 
57448      INFO  main            d.u.i.k.p.i.AbstractProblemLoader Replaying proof attributes.key.proof 
57483      DEBUG main            d.u.i.k.p.i.IntermediateProofReplayer Proof replay took 32.2ms 
57484      DEBUG main            d.u.i.k.p.r.p.TestFile    ... success: reloaded. 
57485      INFO  main            d.u.i.k.p.r.p.TestFile    Now processing file /home/runner/work/key/key/key.core/../key.ui/examples/standard_key/java_dl/break.key 
57485      INFO  main            d.u.i.k.p.i.AbstractProblemLoader Loading environment from /home/runner/work/key/key/key.core/../key.ui/examples/standard_key/java_dl/break.key 
57486      DEBUG main            d.u.i.k.p.i.AbstractProblemLoader Environment load took 173.6ns 
57487      INFO  main            d.u.i.k.p.i.AbstractProblemLoader Creating init config 
57515      WARN  main            d.u.i.k.j.r.KeYCrossReferenceNameInfo Datatype java.lang.System declared twice: Once in FILE:/home/runner/work/key/key/key.core/../key.ui/examples/standard_key/java_dl/classpath/System.java and once in URL:file:/home/runner/work/key/key/key.core/build/resources/main/de/uka/ilkd/key/java/JavaRedux/java/lang/System.java, Keeping one from URL:file:/home/runner/work/key/key/key.core/build/resources/main/de/uka/ilkd/key/java/JavaRedux/java/lang/System.java 
57515      WARN  main            d.u.i.k.j.r.KeYCrossReferenceNameInfo Datatype java.io.InputStream declared twice: Once in FILE:/home/runner/work/key/key/key.core/../key.ui/examples/standard_key/java_dl/classpath/InputStream.java and once in URL:file:/home/runner/work/key/key/key.core/build/resources/main/de/uka/ilkd/key/java/JavaRedux/java/io/InputStream.java, Keeping one from URL:file:/home/runner/work/key/key/key.core/build/resources/main/de/uka/ilkd/key/java/JavaRedux/java/io/InputStream.java 
57515      WARN  main            d.u.i.k.j.r.KeYCrossReferenceNameInfo Datatype java.io.PrintStream declared twice: Once in FILE:/home/runner/work/key/key/key.core/../key.ui/examples/standard_key/java_dl/classpath/PrintStream.java and once in URL:file:/home/runner/work/key/key/key.core/build/resources/main/de/uka/ilkd/key/java/JavaRedux/java/io/PrintStream.java, Keeping one from URL:file:/home/runner/work/key/key/key.core/build/resources/main/de/uka/ilkd/key/java/JavaRedux/java/io/PrintStream.java 
57518      DEBUG main            d.u.i.k.j.r.ClassFileDeclarationBuilder Parsing: package java.io; public class Closeable { } 
57519      DEBUG main            r.s.KeYCrossReferenceSourceInfo Dynamically created class: java.io.Closeable 
59888      DEBUG main            d.u.i.k.p.i.AbstractProblemLoader Init config took 2.4s 
59904      INFO  main            d.u.i.k.p.i.AbstractProblemLoader Replaying proof break.key 
59905      DEBUG main            d.u.i.k.p.i.IntermediateProofReplayer Proof replay took 6ns 
60009      INFO  main            d.u.i.k.p.r.p.TestFile    ... finished proof: closed. 
60177      INFO  main            d.u.i.k.p.i.AbstractProblemLoader Loading environment from /home/runner/work/key/key/key.core/../key.ui/examples/standard_key/java_dl/break.key.proof 
60177      DEBUG main            d.u.i.k.p.i.AbstractProblemLoader Environment load took 105.7ns 
60178      INFO  main            d.u.i.k.p.i.AbstractProblemLoader Creating init config 
60198      WARN  main            d.u.i.k.j.r.KeYCrossReferenceNameInfo Datatype java.lang.System declared twice: Once in FILE:/home/runner/work/key/key/key.core/../key.ui/examples/standard_key/java_dl/classpath/System.java and once in URL:file:/home/runner/work/key/key/key.core/build/resources/main/de/uka/ilkd/key/java/JavaRedux/java/lang/System.java, Keeping one from URL:file:/home/runner/work/key/key/key.core/build/resources/main/de/uka/ilkd/key/java/JavaRedux/java/lang/System.java 
60199      WARN  main            d.u.i.k.j.r.KeYCrossReferenceNameInfo Datatype java.io.InputStream declared twice: Once in FILE:/home/runner/work/key/key/key.core/../key.ui/examples/standard_key/java_dl/classpath/InputStream.java and once in URL:file:/home/runner/work/key/key/key.core/build/resources/main/de/uka/ilkd/key/java/JavaRedux/java/io/InputStream.java, Keeping one from URL:file:/home/runner/work/key/key/key.core/build/resources/main/de/uka/ilkd/key/java/JavaRedux/java/io/InputStream.java 
60199      WARN  main            d.u.i.k.j.r.KeYCrossReferenceNameInfo Datatype java.io.PrintStream declared twice: Once in FILE:/home/runner/work/key/key/key.core/../key.ui/examples/standard_key/java_dl/classpath/PrintStream.java and once in URL:file:/home/runner/work/key/key/key.core/build/resources/main/de/uka/ilkd/key/java/JavaRedux/java/io/PrintStream.java, Keeping one from URL:file:/home/runner/work/key/key/key.core/build/resources/main/de/uka/ilkd/key/java/JavaRedux/java/io/PrintStream.java 
60202      DEBUG main            d.u.i.k.j.r.ClassFileDeclarationBuilder Parsing: package java.io; public class Closeable { } 
60202      DEBUG main            r.s.KeYCrossReferenceSourceInfo Dynamically created class: java.io.Closeable 
62574      DEBUG main            d.u.i.k.p.i.AbstractProblemLoader Init config took 2.4s 
62590      INFO  main            d.u.i.k.p.i.AbstractProblemLoader Replaying proof break.key.proof 
62600      DEBUG main            d.u.i.k.p.i.IntermediateProofReplayer Proof replay took 7.51ms 
62600      DEBUG main            d.u.i.k.p.r.p.TestFile    ... success: reloaded. 
62601      INFO  main            d.u.i.k.p.r.p.TestFile    Now processing file /home/runner/work/key/key/key.core/../key.ui/examples/standard_key/java_dl/char.key 
62602      INFO  main            d.u.i.k.p.i.AbstractProblemLoader Loading environment from /home/runner/work/key/key/key.core/../key.ui/examples/standard_key/java_dl/char.key 
62602      DEBUG main            d.u.i.k.p.i.AbstractProblemLoader Environment load took 77.6ns 
62602      INFO  main            d.u.i.k.p.i.AbstractProblemLoader Creating init config 
64981      DEBUG main            d.u.i.k.p.i.AbstractProblemLoader Init config took 2.38s 
64996      INFO  main            d.u.i.k.p.i.AbstractProblemLoader Replaying proof char.key 
64998      DEBUG main            d.u.i.k.p.i.IntermediateProofReplayer Proof replay took 5.3ns 
65099      INFO  main            d.u.i.k.p.r.p.TestFile    ... finished proof: closed. 
65323      INFO  main            d.u.i.k.p.i.AbstractProblemLoader Loading environment from /home/runner/work/key/key/key.core/../key.ui/examples/standard_key/java_dl/char.key.proof 
65323      DEBUG main            d.u.i.k.p.i.AbstractProblemLoader Environment load took 106.9ns 
65324      INFO  main            d.u.i.k.p.i.AbstractProblemLoader Creating init config 
67677      DEBUG main            d.u.i.k.p.i.AbstractProblemLoader Init config took 2.35s 
67693      INFO  main            d.u.i.k.p.i.AbstractProblemLoader Replaying proof char.key.proof 
67697      DEBUG main            d.u.i.k.p.i.IntermediateProofReplayer Proof replay took 2.33ms 
67698      DEBUG main            d.u.i.k.p.r.p.TestFile    ... success: reloaded. 
67698      INFO  main            d.u.i.k.p.r.p.TestFile    Now processing file /home/runner/work/key/key/key.core/../key.ui/examples/standard_key/java_dl/compileTimeConstants.key 
67698      INFO  main            d.u.i.k.p.i.AbstractProblemLoader Loading environment from /home/runner/work/key/key/key.core/../key.ui/examples/standard_key/java_dl/compileTimeConstants.key 
67698      DEBUG main            d.u.i.k.p.i.AbstractProblemLoader Environment load took 78.1ns 
67699      INFO  main            d.u.i.k.p.i.AbstractProblemLoader Creating init config 
70099      DEBUG main            d.u.i.k.p.i.AbstractProblemLoader Init config took 2.4s 
70114      INFO  main            d.u.i.k.p.i.AbstractProblemLoader Replaying proof compileTimeConstants.key 
70115      DEBUG main            d.u.i.k.p.i.IntermediateProofReplayer Proof replay took 6ns 
70217      INFO  main            d.u.i.k.p.r.p.TestFile    ... finished proof: closed. 
70396      INFO  main            d.u.i.k.p.i.AbstractProblemLoader Loading environment from /home/runner/work/key/key/key.core/../key.ui/examples/standard_key/java_dl/compileTimeConstants.key.proof 
70396      DEBUG main            d.u.i.k.p.i.AbstractProblemLoader Environment load took 102.3ns 
70397      INFO  main            d.u.i.k.p.i.AbstractProblemLoader Creating init config 
72775      DEBUG main            d.u.i.k.p.i.AbstractProblemLoader Init config took 2.38s 
72789      INFO  main            d.u.i.k.p.i.AbstractProblemLoader Replaying proof compileTimeConstants.key.proof 
72801      DEBUG main            d.u.i.k.p.i.IntermediateProofReplayer Proof replay took 10.07ms 
72802      DEBUG main            d.u.i.k.p.r.p.TestFile    ... success: reloaded. 
72802      INFO  main            d.u.i.k.p.r.p.TestFile    Now processing file /home/runner/work/key/key/key.core/../key.ui/examples/standard_key/java_dl/constructorException/test.key 
72803      INFO  main            d.u.i.k.p.i.AbstractProblemLoader Loading environment from /home/runner/work/key/key/key.core/../key.ui/examples/standard_key/java_dl/constructorException/test.key 
72803      DEBUG main            d.u.i.k.p.i.AbstractProblemLoader Environment load took 71.2ns 
72803      INFO  main            d.u.i.k.p.i.AbstractProblemLoader Creating init config 
75293      DEBUG main            d.u.i.k.p.i.AbstractProblemLoader Init config took 2.49s 
75349      INFO  main            d.u.i.k.p.i.AbstractProblemLoader Replaying proof Test[Test::Test(int)].JML operation contract.0 
75350      DEBUG main            d.u.i.k.p.i.IntermediateProofReplayer Proof replay took 4.8ns 
75552      INFO  main            d.u.i.k.p.r.p.TestFile    ... finished proof: closed. 
75747      INFO  main            d.u.i.k.p.i.AbstractProblemLoader Loading environment from /home/runner/work/key/key/key.core/../key.ui/examples/standard_key/java_dl/constructorException/test.key.proof 
75747      DEBUG main            d.u.i.k.p.i.AbstractProblemLoader Environment load took 102.8ns 
75748      INFO  main            d.u.i.k.p.i.AbstractProblemLoader Creating init config 
78129      DEBUG main            d.u.i.k.p.i.AbstractProblemLoader Init config took 2.38s 
78167      INFO  main            d.u.i.k.p.i.AbstractProblemLoader Replaying proof Test[Test::Test(int)].JML operation contract.0 
78217      DEBUG main            d.u.i.k.p.i.IntermediateProofReplayer Proof replay took 47.4ms 
78218      DEBUG main            d.u.i.k.p.r.p.TestFile    ... success: reloaded. 
78219      INFO  main            d.u.i.k.p.r.p.TestFile    Now processing file /home/runner/work/key/key/key.core/../key.ui/examples/standard_key/java_dl/constructorException/regressionTestBug1333.key 
78219      INFO  main            d.u.i.k.p.i.AbstractProblemLoader Loading environment from /home/runner/work/key/key/key.core/../key.ui/examples/standard_key/java_dl/constructorException/regressionTestBug1333.key 
78219      DEBUG main            d.u.i.k.p.i.AbstractProblemLoader Environment load took 158.3ns 
78220      INFO  main            d.u.i.k.p.i.AbstractProblemLoader Creating init config 
80650      DEBUG main            d.u.i.k.p.i.AbstractProblemLoader Init config took 2.43s 
80695      INFO  main            d.u.i.k.p.i.AbstractProblemLoader Replaying proof False[False::False()].JML normal_behavior operation contract.0 
80698      DEBUG main            d.u.i.k.p.i.IntermediateProofReplayer Proof replay took 5.2ns 
80803      INFO  main            d.u.i.k.p.r.p.TestFile    ... finished proof: open goal(s) 
81002      INFO  main            d.u.i.k.p.r.p.TestFile    Now processing file /home/runner/work/key/key/key.core/../key.ui/examples/standard_key/java_dl/continue1.key 
81003      INFO  main            d.u.i.k.p.i.AbstractProblemLoader Loading environment from /home/runner/work/key/key/key.core/../key.ui/examples/standard_key/java_dl/continue1.key 
81003      DEBUG main            d.u.i.k.p.i.AbstractProblemLoader Environment load took 83.9ns 
81004      INFO  main            d.u.i.k.p.i.AbstractProblemLoader Creating init config 
81024      WARN  main            d.u.i.k.j.r.KeYCrossReferenceNameInfo Datatype java.lang.System declared twice: Once in FILE:/home/runner/work/key/key/key.core/../key.ui/examples/standard_key/java_dl/classpath/System.java and once in URL:file:/home/runner/work/key/key/key.core/build/resources/main/de/uka/ilkd/key/java/JavaRedux/java/lang/System.java, Keeping one from URL:file:/home/runner/work/key/key/key.core/build/resources/main/de/uka/ilkd/key/java/JavaRedux/java/lang/System.java 
81024      WARN  main            d.u.i.k.j.r.KeYCrossReferenceNameInfo Datatype java.io.InputStream declared twice: Once in FILE:/home/runner/work/key/key/key.core/../key.ui/examples/standard_key/java_dl/classpath/InputStream.java and once in URL:file:/home/runner/work/key/key/key.core/build/resources/main/de/uka/ilkd/key/java/JavaRedux/java/io/InputStream.java, Keeping one from URL:file:/home/runner/work/key/key/key.core/build/resources/main/de/uka/ilkd/key/java/JavaRedux/java/io/InputStream.java 
81024      WARN  main            d.u.i.k.j.r.KeYCrossReferenceNameInfo Datatype java.io.PrintStream declared twice: Once in FILE:/home/runner/work/key/key/key.core/../key.ui/examples/standard_key/java_dl/classpath/PrintStream.java and once in URL:file:/home/runner/work/key/key/key.core/build/resources/main/de/uka/ilkd/key/java/JavaRedux/java/io/PrintStream.java, Keeping one from URL:file:/home/runner/work/key/key/key.core/build/resources/main/de/uka/ilkd/key/java/JavaRedux/java/io/PrintStream.java 
81027      DEBUG main            d.u.i.k.j.r.ClassFileDeclarationBuilder Parsing: package java.io; public class Closeable { } 
81028      DEBUG main            r.s.KeYCrossReferenceSourceInfo Dynamically created class: java.io.Closeable 
83431      DEBUG main            d.u.i.k.p.i.AbstractProblemLoader Init config took 2.43s 
83445      INFO  main            d.u.i.k.p.i.AbstractProblemLoader Replaying proof continue1.key 
83448      DEBUG main            d.u.i.k.p.i.IntermediateProofReplayer Proof replay took 5.7ns 
83550      INFO  main            d.u.i.k.p.r.p.TestFile    ... finished proof: closed. 
83727      INFO  main            d.u.i.k.p.i.AbstractProblemLoader Loading environment from /home/runner/work/key/key/key.core/../key.ui/examples/standard_key/java_dl/continue1.key.proof 
83727      DEBUG main            d.u.i.k.p.i.AbstractProblemLoader Environment load took 99.2ns 
83729      INFO  main            d.u.i.k.p.i.AbstractProblemLoader Creating init config 
83748      WARN  main            d.u.i.k.j.r.KeYCrossReferenceNameInfo Datatype java.lang.System declared twice: Once in FILE:/home/runner/work/key/key/key.core/../key.ui/examples/standard_key/java_dl/classpath/System.java and once in URL:file:/home/runner/work/key/key/key.core/build/resources/main/de/uka/ilkd/key/java/JavaRedux/java/lang/System.java, Keeping one from URL:file:/home/runner/work/key/key/key.core/build/resources/main/de/uka/ilkd/key/java/JavaRedux/java/lang/System.java 
83748      WARN  main            d.u.i.k.j.r.KeYCrossReferenceNameInfo Datatype java.io.InputStream declared twice: Once in FILE:/home/runner/work/key/key/key.core/../key.ui/examples/standard_key/java_dl/classpath/InputStream.java and once in URL:file:/home/runner/work/key/key/key.core/build/resources/main/de/uka/ilkd/key/java/JavaRedux/java/io/InputStream.java, Keeping one from URL:file:/home/runner/work/key/key/key.core/build/resources/main/de/uka/ilkd/key/java/JavaRedux/java/io/InputStream.java 
83749      WARN  main            d.u.i.k.j.r.KeYCrossReferenceNameInfo Datatype java.io.PrintStream declared twice: Once in FILE:/home/runner/work/key/key/key.core/../key.ui/examples/standard_key/java_dl/classpath/PrintStream.java and once in URL:file:/home/runner/work/key/key/key.core/build/resources/main/de/uka/ilkd/key/java/JavaRedux/java/io/PrintStream.java, Keeping one from URL:file:/home/runner/work/key/key/key.core/build/resources/main/de/uka/ilkd/key/java/JavaRedux/java/io/PrintStream.java 
83752      DEBUG main            d.u.i.k.j.r.ClassFileDeclarationBuilder Parsing: package java.io; public class Closeable { } 
83752      DEBUG main            r.s.KeYCrossReferenceSourceInfo Dynamically created class: java.io.Closeable 
86177      DEBUG main            d.u.i.k.p.i.AbstractProblemLoader Init config took 2.45s 
86191      INFO  main            d.u.i.k.p.i.AbstractProblemLoader Replaying proof continue1.key.proof 
86211      DEBUG main            d.u.i.k.p.i.IntermediateProofReplayer Proof replay took 18.08ms 
86212      DEBUG main            d.u.i.k.p.r.p.TestFile    ... success: reloaded. 
86214      INFO  main            d.u.i.k.p.r.p.TestFile    Now processing file /home/runner/work/key/key/key.core/../key.ui/examples/standard_key/java_dl/continue2.key 
86214      INFO  main            d.u.i.k.p.i.AbstractProblemLoader Loading environment from /home/runner/work/key/key/key.core/../key.ui/examples/standard_key/java_dl/continue2.key 
86214      DEBUG main            d.u.i.k.p.i.AbstractProblemLoader Environment load took 166.1ns 
86215      INFO  main            d.u.i.k.p.i.AbstractProblemLoader Creating init config 
86234      WARN  main            d.u.i.k.j.r.KeYCrossReferenceNameInfo Datatype java.lang.System declared twice: Once in FILE:/home/runner/work/key/key/key.core/../key.ui/examples/standard_key/java_dl/classpath/System.java and once in URL:file:/home/runner/work/key/key/key.core/build/resources/main/de/uka/ilkd/key/java/JavaRedux/java/lang/System.java, Keeping one from URL:file:/home/runner/work/key/key/key.core/build/resources/main/de/uka/ilkd/key/java/JavaRedux/java/lang/System.java 
86234      WARN  main            d.u.i.k.j.r.KeYCrossReferenceNameInfo Datatype java.io.InputStream declared twice: Once in FILE:/home/runner/work/key/key/key.core/../key.ui/examples/standard_key/java_dl/classpath/InputStream.java and once in URL:file:/home/runner/work/key/key/key.core/build/resources/main/de/uka/ilkd/key/java/JavaRedux/java/io/InputStream.java, Keeping one from URL:file:/home/runner/work/key/key/key.core/build/resources/main/de/uka/ilkd/key/java/JavaRedux/java/io/InputStream.java 
86235      WARN  main            d.u.i.k.j.r.KeYCrossReferenceNameInfo Datatype java.io.PrintStream declared twice: Once in FILE:/home/runner/work/key/key/key.core/../key.ui/examples/standard_key/java_dl/classpath/PrintStream.java and once in URL:file:/home/runner/work/key/key/key.core/build/resources/main/de/uka/ilkd/key/java/JavaRedux/java/io/PrintStream.java, Keeping one from URL:file:/home/runner/work/key/key/key.core/build/resources/main/de/uka/ilkd/key/java/JavaRedux/java/io/PrintStream.java 
86237      DEBUG main            d.u.i.k.j.r.ClassFileDeclarationBuilder Parsing: package java.io; public class Closeable { } 
86238      DEBUG main            r.s.KeYCrossReferenceSourceInfo Dynamically created class: java.io.Closeable 
88582      DEBUG main            d.u.i.k.p.i.AbstractProblemLoader Init config took 2.37s 
88595      INFO  main            d.u.i.k.p.i.AbstractProblemLoader Replaying proof continue2.key 
88597      DEBUG main            d.u.i.k.p.i.IntermediateProofReplayer Proof replay took 6.7ns 
88803      INFO  main            d.u.i.k.p.r.p.TestFile    ... finished proof: closed. 
89011      INFO  main            d.u.i.k.p.i.AbstractProblemLoader Loading environment from /home/runner/work/key/key/key.core/../key.ui/examples/standard_key/java_dl/continue2.key.proof 
89011      DEBUG main            d.u.i.k.p.i.AbstractProblemLoader Environment load took 89.2ns 
89015      INFO  main            d.u.i.k.p.i.AbstractProblemLoader Creating init config 
89047      WARN  main            d.u.i.k.j.r.KeYCrossReferenceNameInfo Datatype java.lang.System declared twice: Once in FILE:/home/runner/work/key/key/key.core/../key.ui/examples/standard_key/java_dl/classpath/System.java and once in URL:file:/home/runner/work/key/key/key.core/build/resources/main/de/uka/ilkd/key/java/JavaRedux/java/lang/System.java, Keeping one from URL:file:/home/runner/work/key/key/key.core/build/resources/main/de/uka/ilkd/key/java/JavaRedux/java/lang/System.java 
89047      WARN  main            d.u.i.k.j.r.KeYCrossReferenceNameInfo Datatype java.io.InputStream declared twice: Once in FILE:/home/runner/work/key/key/key.core/../key.ui/examples/standard_key/java_dl/classpath/InputStream.java and once in URL:file:/home/runner/work/key/key/key.core/build/resources/main/de/uka/ilkd/key/java/JavaRedux/java/io/InputStream.java, Keeping one from URL:file:/home/runner/work/key/key/key.core/build/resources/main/de/uka/ilkd/key/java/JavaRedux/java/io/InputStream.java 
89047      WARN  main            d.u.i.k.j.r.KeYCrossReferenceNameInfo Datatype java.io.PrintStream declared twice: Once in FILE:/home/runner/work/key/key/key.core/../key.ui/examples/standard_key/java_dl/classpath/PrintStream.java and once in URL:file:/home/runner/work/key/key/key.core/build/resources/main/de/uka/ilkd/key/java/JavaRedux/java/io/PrintStream.java, Keeping one from URL:file:/home/runner/work/key/key/key.core/build/resources/main/de/uka/ilkd/key/java/JavaRedux/java/io/PrintStream.java 
89050      DEBUG main            d.u.i.k.j.r.ClassFileDeclarationBuilder Parsing: package java.io; public class Closeable { } 
89050      DEBUG main            r.s.KeYCrossReferenceSourceInfo Dynamically created class: java.io.Closeable 
91347      DEBUG main            d.u.i.k.p.i.AbstractProblemLoader Init config took 2.33s 
91360      INFO  main            d.u.i.k.p.i.AbstractProblemLoader Replaying proof continue2.key.proof 
91429      DEBUG main            d.u.i.k.p.i.IntermediateProofReplayer Proof replay took 65.89ms 
91430      DEBUG main            d.u.i.k.p.r.p.TestFile    ... success: reloaded. 
91431      INFO  main            d.u.i.k.p.r.p.TestFile    Now processing file /home/runner/work/key/key/key.core/../key.ui/examples/standard_key/java_dl/complexAssignment.key 
91432      INFO  main            d.u.i.k.p.i.AbstractProblemLoader Loading environment from /home/runner/work/key/key/key.core/../key.ui/examples/standard_key/java_dl/complexAssignment.key 
91432      DEBUG main            d.u.i.k.p.i.AbstractProblemLoader Environment load took 68.6ns 
91432      INFO  main            d.u.i.k.p.i.AbstractProblemLoader Creating init config 
93784      DEBUG main            d.u.i.k.p.i.AbstractProblemLoader Init config took 2.35s 
93798      INFO  main            d.u.i.k.p.i.AbstractProblemLoader Replaying proof complexAssignment.key 
93799      DEBUG main            d.u.i.k.p.i.IntermediateProofReplayer Proof replay took 6.3ns 
93904      INFO  main            d.u.i.k.p.r.p.TestFile    ... finished proof: closed. 
94111      INFO  main            d.u.i.k.p.i.AbstractProblemLoader Loading environment from /home/runner/work/key/key/key.core/../key.ui/examples/standard_key/java_dl/complexAssignment.key.proof 
94111      DEBUG main            d.u.i.k.p.i.AbstractProblemLoader Environment load took 100.8ns 
94112      INFO  main            d.u.i.k.p.i.AbstractProblemLoader Creating init config 
96396      DEBUG main            d.u.i.k.p.i.AbstractProblemLoader Init config took 2.28s 
96411      INFO  main            d.u.i.k.p.i.AbstractProblemLoader Replaying proof complexAssignment.key.proof 
96418      DEBUG main            d.u.i.k.p.i.IntermediateProofReplayer Proof replay took 5.69ms 
96419      DEBUG main            d.u.i.k.p.r.p.TestFile    ... success: reloaded. 
96420      INFO  main            d.u.i.k.p.r.p.TestFile    Now processing file /home/runner/work/key/key/key.core/../key.ui/examples/standard_key/java_dl/danglingElseSolution1.key 
96420      INFO  main            d.u.i.k.p.i.AbstractProblemLoader Loading environment from /home/runner/work/key/key/key.core/../key.ui/examples/standard_key/java_dl/danglingElseSolution1.key 
96420      DEBUG main            d.u.i.k.p.i.AbstractProblemLoader Environment load took 151.4ns 
96421      INFO  main            d.u.i.k.p.i.AbstractProblemLoader Creating init config 
98800      DEBUG main            d.u.i.k.p.i.AbstractProblemLoader Init config took 2.38s 
98814      INFO  main            d.u.i.k.p.i.AbstractProblemLoader Replaying proof danglingElseSolution1.key 
98815      DEBUG main            d.u.i.k.p.i.IntermediateProofReplayer Proof replay took 5.6ns 
98917      INFO  main            d.u.i.k.p.r.p.TestFile    ... finished proof: closed. 
99123      INFO  main            d.u.i.k.p.i.AbstractProblemLoader Loading environment from /home/runner/work/key/key/key.core/../key.ui/examples/standard_key/java_dl/danglingElseSolution1.key.proof 
99123      DEBUG main            d.u.i.k.p.i.AbstractProblemLoader Environment load took 89.4ns 
99124      INFO  main            d.u.i.k.p.i.AbstractProblemLoader Creating init config 
101406     DEBUG main            d.u.i.k.p.i.AbstractProblemLoader Init config took 2.28s 
101420     INFO  main            d.u.i.k.p.i.AbstractProblemLoader Replaying proof danglingElseSolution1.key.proof 
101429     DEBUG main            d.u.i.k.p.i.IntermediateProofReplayer Proof replay took 7.72ms 
101430     DEBUG main            d.u.i.k.p.r.p.TestFile    ... success: reloaded. 
101431     INFO  main            d.u.i.k.p.r.p.TestFile    Now processing file /home/runner/work/key/key/key.core/../key.ui/examples/standard_key/java_dl/danglingElseSolution2.key 
101431     INFO  main            d.u.i.k.p.i.AbstractProblemLoader Loading environment from /home/runner/work/key/key/key.core/../key.ui/examples/standard_key/java_dl/danglingElseSolution2.key 
101431     DEBUG main            d.u.i.k.p.i.AbstractProblemLoader Environment load took 79.7ns 
101432     INFO  main            d.u.i.k.p.i.AbstractProblemLoader Creating init config 
103820     DEBUG main            d.u.i.k.p.i.AbstractProblemLoader Init config took 2.39s 
103833     INFO  main            d.u.i.k.p.i.AbstractProblemLoader Replaying proof danglingElseSolution2.key 
103835     DEBUG main            d.u.i.k.p.i.IntermediateProofReplayer Proof replay took 6.4ns 
103939     INFO  main            d.u.i.k.p.r.p.TestFile    ... finished proof: closed. 
104157     INFO  main            d.u.i.k.p.i.AbstractProblemLoader Loading environment from /home/runner/work/key/key/key.core/../key.ui/examples/standard_key/java_dl/danglingElseSolution2.key.proof 
104157     DEBUG main            d.u.i.k.p.i.AbstractProblemLoader Environment load took 89.9ns 
104158     INFO  main            d.u.i.k.p.i.AbstractProblemLoader Creating init config 
106489     DEBUG main            d.u.i.k.p.i.AbstractProblemLoader Init config took 2.33s 
106507     INFO  main            d.u.i.k.p.i.AbstractProblemLoader Replaying proof danglingElseSolution2.key.proof 
106516     DEBUG main            d.u.i.k.p.i.IntermediateProofReplayer Proof replay took 7.85ms 
106517     DEBUG main            d.u.i.k.p.r.p.TestFile    ... success: reloaded. 
106518     INFO  main            d.u.i.k.p.r.p.TestFile    Now processing file /home/runner/work/key/key/key.core/../key.ui/examples/standard_key/java_dl/deepNonNull/deepNonNull0.key 
106518     INFO  main            d.u.i.k.p.i.AbstractProblemLoader Loading environment from /home/runner/work/key/key/key.core/../key.ui/examples/standard_key/java_dl/deepNonNull/deepNonNull0.key 
106518     DEBUG main            d.u.i.k.p.i.AbstractProblemLoader Environment load took 63.2ns 
106519     INFO  main            d.u.i.k.p.i.AbstractProblemLoader Creating init config 
108958     DEBUG main            d.u.i.k.p.i.AbstractProblemLoader Init config took 2.44s 
108996     INFO  main            d.u.i.k.p.i.AbstractProblemLoader Replaying proof Arrays[Arrays::get()].JML operation contract.0 
108997     DEBUG main            d.u.i.k.p.i.IntermediateProofReplayer Proof replay took 5.4ns 
109199     INFO  main            d.u.i.k.p.r.p.TestFile    ... finished proof: closed. 
109450     INFO  main            d.u.i.k.p.i.AbstractProblemLoader Loading environment from /home/runner/work/key/key/key.core/../key.ui/examples/standard_key/java_dl/deepNonNull/deepNonNull0.key.proof 
109450     DEBUG main            d.u.i.k.p.i.AbstractProblemLoader Environment load took 103.5ns 
109451     INFO  main            d.u.i.k.p.i.AbstractProblemLoader Creating init config 
111868     DEBUG main            d.u.i.k.p.i.AbstractProblemLoader Init config took 2.42s 
111904     INFO  main            d.u.i.k.p.i.AbstractProblemLoader Replaying proof Arrays[Arrays::get()].JML operation contract.0 
111955     DEBUG main            d.u.i.k.p.i.IntermediateProofReplayer Proof replay took 48.36ms 
111955     DEBUG main            d.u.i.k.p.r.p.TestFile    ... success: reloaded. 
111956     INFO  main            d.u.i.k.p.r.p.TestFile    Now processing file /home/runner/work/key/key/key.core/../key.ui/examples/standard_key/java_dl/deepNonNull/deepNonNull1.key 
111956     INFO  main            d.u.i.k.p.i.AbstractProblemLoader Loading environment from /home/runner/work/key/key/key.core/../key.ui/examples/standard_key/java_dl/deepNonNull/deepNonNull1.key 
111956     DEBUG main            d.u.i.k.p.i.AbstractProblemLoader Environment load took 46.1ns 
111957     INFO  main            d.u.i.k.p.i.AbstractProblemLoader Creating init config 
114364     DEBUG main            d.u.i.k.p.i.AbstractProblemLoader Init config took 2.41s 
114402     INFO  main            d.u.i.k.p.i.AbstractProblemLoader Replaying proof Arrays[Arrays::head()].JML operation contract.0 
114404     DEBUG main            d.u.i.k.p.i.IntermediateProofReplayer Proof replay took 5.5ns 
114505     INFO  main            d.u.i.k.p.r.p.TestFile    ... finished proof: closed. 
114744     INFO  main            d.u.i.k.p.i.AbstractProblemLoader Loading environment from /home/runner/work/key/key/key.core/../key.ui/examples/standard_key/java_dl/deepNonNull/deepNonNull1.key.proof 
114744     DEBUG main            d.u.i.k.p.i.AbstractProblemLoader Environment load took 88ns 
114746     INFO  main            d.u.i.k.p.i.AbstractProblemLoader Creating init config 
117097     DEBUG main            d.u.i.k.p.i.AbstractProblemLoader Init config took 2.35s 
117131     INFO  main            d.u.i.k.p.i.AbstractProblemLoader Replaying proof Arrays[Arrays::head()].JML operation contract.0 
117156     DEBUG main            d.u.i.k.p.i.IntermediateProofReplayer Proof replay took 23ms 
117157     DEBUG main            d.u.i.k.p.r.p.TestFile    ... success: reloaded. 
117158     INFO  main            d.u.i.k.p.r.p.TestFile    Now processing file /home/runner/work/key/key/key.core/../key.ui/examples/standard_key/java_dl/deepNonNull/deepNonNull2.key 
117158     INFO  main            d.u.i.k.p.i.AbstractProblemLoader Loading environment from /home/runner/work/key/key/key.core/../key.ui/examples/standard_key/java_dl/deepNonNull/deepNonNull2.key 
117158     DEBUG main            d.u.i.k.p.i.AbstractProblemLoader Environment load took 68.5ns 
117159     INFO  main            d.u.i.k.p.i.AbstractProblemLoader Creating init config 
119557     DEBUG main            d.u.i.k.p.i.AbstractProblemLoader Init config took 2.4s 
119605     INFO  main            d.u.i.k.p.i.AbstractProblemLoader Replaying proof Arrays[Arrays::unprovable(java.lang.Object)].JML operation contract.0 
119606     DEBUG main            d.u.i.k.p.i.IntermediateProofReplayer Proof replay took 5.9ns 
119711     INFO  main            d.u.i.k.p.r.p.TestFile    ... finished proof: open goal(s) 
119959     INFO  main            d.u.i.k.p.r.p.TestFile    Now processing file /home/runner/work/key/key/key.core/../key.ui/examples/standard_key/java_dl/deepNonNull/deepNonNull3.key 
119959     INFO  main            d.u.i.k.p.i.AbstractProblemLoader Loading environment from /home/runner/work/key/key/key.core/../key.ui/examples/standard_key/java_dl/deepNonNull/deepNonNull3.key 
119959     DEBUG main            d.u.i.k.p.i.AbstractProblemLoader Environment load took 49.2ns 
119960     INFO  main            d.u.i.k.p.i.AbstractProblemLoader Creating init config 
122299     DEBUG main            d.u.i.k.p.i.AbstractProblemLoader Init config took 2.34s 
122343     INFO  main            d.u.i.k.p.i.AbstractProblemLoader Replaying proof Arrays[Arrays::head([[[[Ljava.lang.Object)].JML operation contract.0 
122344     DEBUG main            d.u.i.k.p.i.IntermediateProofReplayer Proof replay took 6ns 
123051     INFO  main            d.u.i.k.p.r.p.TestFile    ... finished proof: closed. 
123295     INFO  main            d.u.i.k.p.i.AbstractProblemLoader Loading environment from /home/runner/work/key/key/key.core/../key.ui/examples/standard_key/java_dl/deepNonNull/deepNonNull3.key.proof 
123295     DEBUG main            d.u.i.k.p.i.AbstractProblemLoader Environment load took 317.9ns 
123296     INFO  main            d.u.i.k.p.i.AbstractProblemLoader Creating init config 
125669     DEBUG main            d.u.i.k.p.i.AbstractProblemLoader Init config took 2.37s 
125703     INFO  main            d.u.i.k.p.i.AbstractProblemLoader Replaying proof Arrays[Arrays::head([[[[Ljava.lang.Object)].JML operation contract.0 
125794     DEBUG main            d.u.i.k.p.i.IntermediateProofReplayer Proof replay took 85.4ms 
125795     DEBUG main            d.u.i.k.p.r.p.TestFile    ... success: reloaded. 
125795     INFO  main            d.u.i.k.p.r.p.TestFile    Now processing file /home/runner/work/key/key/key.core/../key.ui/examples/standard_key/java_dl/exceptions.key 
125795     INFO  main            d.u.i.k.p.i.AbstractProblemLoader Loading environment from /home/runner/work/key/key/key.core/../key.ui/examples/standard_key/java_dl/exceptions.key 
125795     DEBUG main            d.u.i.k.p.i.AbstractProblemLoader Environment load took 77.3ns 
125796     INFO  main            d.u.i.k.p.i.AbstractProblemLoader Creating init config 
125815     WARN  main            d.u.i.k.j.r.KeYCrossReferenceNameInfo Datatype java.lang.System declared twice: Once in FILE:/home/runner/work/key/key/key.core/../key.ui/examples/standard_key/java_dl/classpath/System.java and once in URL:file:/home/runner/work/key/key/key.core/build/resources/main/de/uka/ilkd/key/java/JavaRedux/java/lang/System.java, Keeping one from URL:file:/home/runner/work/key/key/key.core/build/resources/main/de/uka/ilkd/key/java/JavaRedux/java/lang/System.java 
125815     WARN  main            d.u.i.k.j.r.KeYCrossReferenceNameInfo Datatype java.io.InputStream declared twice: Once in FILE:/home/runner/work/key/key/key.core/../key.ui/examples/standard_key/java_dl/classpath/InputStream.java and once in URL:file:/home/runner/work/key/key/key.core/build/resources/main/de/uka/ilkd/key/java/JavaRedux/java/io/InputStream.java, Keeping one from URL:file:/home/runner/work/key/key/key.core/build/resources/main/de/uka/ilkd/key/java/JavaRedux/java/io/InputStream.java 
125816     WARN  main            d.u.i.k.j.r.KeYCrossReferenceNameInfo Datatype java.io.PrintStream declared twice: Once in FILE:/home/runner/work/key/key/key.core/../key.ui/examples/standard_key/java_dl/classpath/PrintStream.java and once in URL:file:/home/runner/work/key/key/key.core/build/resources/main/de/uka/ilkd/key/java/JavaRedux/java/io/PrintStream.java, Keeping one from URL:file:/home/runner/work/key/key/key.core/build/resources/main/de/uka/ilkd/key/java/JavaRedux/java/io/PrintStream.java 
125818     DEBUG main            d.u.i.k.j.r.ClassFileDeclarationBuilder Parsing: package java.io; public class Closeable { } 
125819     DEBUG main            r.s.KeYCrossReferenceSourceInfo Dynamically created class: java.io.Closeable 
128220     DEBUG main            d.u.i.k.p.i.AbstractProblemLoader Init config took 2.42s 
128234     INFO  main            d.u.i.k.p.i.AbstractProblemLoader Replaying proof exceptions.key 
128236     DEBUG main            d.u.i.k.p.i.IntermediateProofReplayer Proof replay took 6.2ns 
128439     INFO  main            d.u.i.k.p.r.p.TestFile    ... finished proof: closed. 
128682     INFO  main            d.u.i.k.p.i.AbstractProblemLoader Loading environment from /home/runner/work/key/key/key.core/../key.ui/examples/standard_key/java_dl/exceptions.key.proof 
128682     DEBUG main            d.u.i.k.p.i.AbstractProblemLoader Environment load took 80.3ns 
128683     INFO  main            d.u.i.k.p.i.AbstractProblemLoader Creating init config 
128703     WARN  main            d.u.i.k.j.r.KeYCrossReferenceNameInfo Datatype java.lang.System declared twice: Once in FILE:/home/runner/work/key/key/key.core/../key.ui/examples/standard_key/java_dl/classpath/System.java and once in URL:file:/home/runner/work/key/key/key.core/build/resources/main/de/uka/ilkd/key/java/JavaRedux/java/lang/System.java, Keeping one from URL:file:/home/runner/work/key/key/key.core/build/resources/main/de/uka/ilkd/key/java/JavaRedux/java/lang/System.java 
128703     WARN  main            d.u.i.k.j.r.KeYCrossReferenceNameInfo Datatype java.io.InputStream declared twice: Once in FILE:/home/runner/work/key/key/key.core/../key.ui/examples/standard_key/java_dl/classpath/InputStream.java and once in URL:file:/home/runner/work/key/key/key.core/build/resources/main/de/uka/ilkd/key/java/JavaRedux/java/io/InputStream.java, Keeping one from URL:file:/home/runner/work/key/key/key.core/build/resources/main/de/uka/ilkd/key/java/JavaRedux/java/io/InputStream.java 
128703     WARN  main            d.u.i.k.j.r.KeYCrossReferenceNameInfo Datatype java.io.PrintStream declared twice: Once in FILE:/home/runner/work/key/key/key.core/../key.ui/examples/standard_key/java_dl/classpath/PrintStream.java and once in URL:file:/home/runner/work/key/key/key.core/build/resources/main/de/uka/ilkd/key/java/JavaRedux/java/io/PrintStream.java, Keeping one from URL:file:/home/runner/work/key/key/key.core/build/resources/main/de/uka/ilkd/key/java/JavaRedux/java/io/PrintStream.java 
128706     DEBUG main            d.u.i.k.j.r.ClassFileDeclarationBuilder Parsing: package java.io; public class Closeable { } 
128706     DEBUG main            r.s.KeYCrossReferenceSourceInfo Dynamically created class: java.io.Closeable 
131080     DEBUG main            d.u.i.k.p.i.AbstractProblemLoader Init config took 2.4s 
131093     INFO  main            d.u.i.k.p.i.AbstractProblemLoader Replaying proof exceptions.key.proof 
131130     DEBUG main            d.u.i.k.p.i.IntermediateProofReplayer Proof replay took 34.89ms 
131131     DEBUG main            d.u.i.k.p.r.p.TestFile    ... success: reloaded. 
131132     INFO  main            d.u.i.k.p.r.p.TestFile    Now processing file /home/runner/work/key/key/key.core/../key.ui/examples/standard_key/java_dl/exceptions1.key 
131132     INFO  main            d.u.i.k.p.i.AbstractProblemLoader Loading environment from /home/runner/work/key/key/key.core/../key.ui/examples/standard_key/java_dl/exceptions1.key 
131132     DEBUG main            d.u.i.k.p.i.AbstractProblemLoader Environment load took 64ns 
131133     INFO  main            d.u.i.k.p.i.AbstractProblemLoader Creating init config 
133479     DEBUG main            d.u.i.k.p.i.AbstractProblemLoader Init config took 2.35s 
133493     INFO  main            d.u.i.k.p.i.AbstractProblemLoader Replaying proof exceptions1.key 
133495     DEBUG main            d.u.i.k.p.i.IntermediateProofReplayer Proof replay took 5.9ns 
133596     INFO  main            d.u.i.k.p.r.p.TestFile    ... finished proof: closed. 
133844     INFO  main            d.u.i.k.p.i.AbstractProblemLoader Loading environment from /home/runner/work/key/key/key.core/../key.ui/examples/standard_key/java_dl/exceptions1.key.proof 
133844     DEBUG main            d.u.i.k.p.i.AbstractProblemLoader Environment load took 76.2ns 
133845     INFO  main            d.u.i.k.p.i.AbstractProblemLoader Creating init config 
136146     DEBUG main            d.u.i.k.p.i.AbstractProblemLoader Init config took 2.3s 
136159     INFO  main            d.u.i.k.p.i.AbstractProblemLoader Replaying proof exceptions1.key.proof 
136189     DEBUG main            d.u.i.k.p.i.IntermediateProofReplayer Proof replay took 26.58ms 
136189     DEBUG main            d.u.i.k.p.r.p.TestFile    ... success: reloaded. 
136190     INFO  main            d.u.i.k.p.r.p.TestFile    Now processing file /home/runner/work/key/key/key.core/../key.ui/examples/standard_key/java_dl/exceptions2.key 
136190     INFO  main            d.u.i.k.p.i.AbstractProblemLoader Loading environment from /home/runner/work/key/key/key.core/../key.ui/examples/standard_key/java_dl/exceptions2.key 
136190     DEBUG main            d.u.i.k.p.i.AbstractProblemLoader Environment load took 41.8ns 
136191     INFO  main            d.u.i.k.p.i.AbstractProblemLoader Creating init config 
138492     DEBUG main            d.u.i.k.p.i.AbstractProblemLoader Init config took 2.3s 
138505     INFO  main            d.u.i.k.p.i.AbstractProblemLoader Replaying proof exceptions2.key 
138507     DEBUG main            d.u.i.k.p.i.IntermediateProofReplayer Proof replay took 6.7ns 
138609     INFO  main            d.u.i.k.p.r.p.TestFile    ... finished proof: closed. 
138865     INFO  main            d.u.i.k.p.i.AbstractProblemLoader Loading environment from /home/runner/work/key/key/key.core/../key.ui/examples/standard_key/java_dl/exceptions2.key.proof 
138866     DEBUG main            d.u.i.k.p.i.AbstractProblemLoader Environment load took 77.6ns 
138867     INFO  main            d.u.i.k.p.i.AbstractProblemLoader Creating init config 
141133     DEBUG main            d.u.i.k.p.i.AbstractProblemLoader Init config took 2.27s 
141147     INFO  main            d.u.i.k.p.i.AbstractProblemLoader Replaying proof exceptions2.key.proof 
141184     DEBUG main            d.u.i.k.p.i.IntermediateProofReplayer Proof replay took 35.29ms 
141185     DEBUG main            d.u.i.k.p.r.p.TestFile    ... success: reloaded. 
141186     INFO  main            d.u.i.k.p.r.p.TestFile    Now processing file /home/runner/work/key/key/key.core/../key.ui/examples/standard_key/java_dl/exceptions3.key 
141186     INFO  main            d.u.i.k.p.i.AbstractProblemLoader Loading environment from /home/runner/work/key/key/key.core/../key.ui/examples/standard_key/java_dl/exceptions3.key 
141186     DEBUG main            d.u.i.k.p.i.AbstractProblemLoader Environment load took 61.4ns 
141187     INFO  main            d.u.i.k.p.i.AbstractProblemLoader Creating init config 
141206     WARN  main            d.u.i.k.j.r.KeYCrossReferenceNameInfo Datatype java.lang.System declared twice: Once in FILE:/home/runner/work/key/key/key.core/../key.ui/examples/standard_key/java_dl/classpath/System.java and once in URL:file:/home/runner/work/key/key/key.core/build/resources/main/de/uka/ilkd/key/java/JavaRedux/java/lang/System.java, Keeping one from URL:file:/home/runner/work/key/key/key.core/build/resources/main/de/uka/ilkd/key/java/JavaRedux/java/lang/System.java 
141206     WARN  main            d.u.i.k.j.r.KeYCrossReferenceNameInfo Datatype java.io.InputStream declared twice: Once in FILE:/home/runner/work/key/key/key.core/../key.ui/examples/standard_key/java_dl/classpath/InputStream.java and once in URL:file:/home/runner/work/key/key/key.core/build/resources/main/de/uka/ilkd/key/java/JavaRedux/java/io/InputStream.java, Keeping one from URL:file:/home/runner/work/key/key/key.core/build/resources/main/de/uka/ilkd/key/java/JavaRedux/java/io/InputStream.java 
141206     WARN  main            d.u.i.k.j.r.KeYCrossReferenceNameInfo Datatype java.io.PrintStream declared twice: Once in FILE:/home/runner/work/key/key/key.core/../key.ui/examples/standard_key/java_dl/classpath/PrintStream.java and once in URL:file:/home/runner/work/key/key/key.core/build/resources/main/de/uka/ilkd/key/java/JavaRedux/java/io/PrintStream.java, Keeping one from URL:file:/home/runner/work/key/key/key.core/build/resources/main/de/uka/ilkd/key/java/JavaRedux/java/io/PrintStream.java 
141209     DEBUG main            d.u.i.k.j.r.ClassFileDeclarationBuilder Parsing: package java.io; public class Closeable { } 
141209     DEBUG main            r.s.KeYCrossReferenceSourceInfo Dynamically created class: java.io.Closeable 
143555     DEBUG main            d.u.i.k.p.i.AbstractProblemLoader Init config took 2.37s 
143568     INFO  main            d.u.i.k.p.i.AbstractProblemLoader Replaying proof exceptions3.key 
143569     DEBUG main            d.u.i.k.p.i.IntermediateProofReplayer Proof replay took 6ns 
143671     INFO  main            d.u.i.k.p.r.p.TestFile    ... finished proof: closed. 
143922     INFO  main            d.u.i.k.p.i.AbstractProblemLoader Loading environment from /home/runner/work/key/key/key.core/../key.ui/examples/standard_key/java_dl/exceptions3.key.proof 
143922     DEBUG main            d.u.i.k.p.i.AbstractProblemLoader Environment load took 78.2ns 
143923     INFO  main            d.u.i.k.p.i.AbstractProblemLoader Creating init config 
143942     WARN  main            d.u.i.k.j.r.KeYCrossReferenceNameInfo Datatype java.lang.System declared twice: Once in FILE:/home/runner/work/key/key/key.core/../key.ui/examples/standard_key/java_dl/classpath/System.java and once in URL:file:/home/runner/work/key/key/key.core/build/resources/main/de/uka/ilkd/key/java/JavaRedux/java/lang/System.java, Keeping one from URL:file:/home/runner/work/key/key/key.core/build/resources/main/de/uka/ilkd/key/java/JavaRedux/java/lang/System.java 
143942     WARN  main            d.u.i.k.j.r.KeYCrossReferenceNameInfo Datatype java.io.InputStream declared twice: Once in FILE:/home/runner/work/key/key/key.core/../key.ui/examples/standard_key/java_dl/classpath/InputStream.java and once in URL:file:/home/runner/work/key/key/key.core/build/resources/main/de/uka/ilkd/key/java/JavaRedux/java/io/InputStream.java, Keeping one from URL:file:/home/runner/work/key/key/key.core/build/resources/main/de/uka/ilkd/key/java/JavaRedux/java/io/InputStream.java 
143942     WARN  main            d.u.i.k.j.r.KeYCrossReferenceNameInfo Datatype java.io.PrintStream declared twice: Once in FILE:/home/runner/work/key/key/key.core/../key.ui/examples/standard_key/java_dl/classpath/PrintStream.java and once in URL:file:/home/runner/work/key/key/key.core/build/resources/main/de/uka/ilkd/key/java/JavaRedux/java/io/PrintStream.java, Keeping one from URL:file:/home/runner/work/key/key/key.core/build/resources/main/de/uka/ilkd/key/java/JavaRedux/java/io/PrintStream.java 
143945     DEBUG main            d.u.i.k.j.r.ClassFileDeclarationBuilder Parsing: package java.io; public class Closeable { } 
143945     DEBUG main            r.s.KeYCrossReferenceSourceInfo Dynamically created class: java.io.Closeable 
146320     DEBUG main            d.u.i.k.p.i.AbstractProblemLoader Init config took 2.4s 
146333     INFO  main            d.u.i.k.p.i.AbstractProblemLoader Replaying proof exceptions3.key.proof 
146338     DEBUG main            d.u.i.k.p.i.IntermediateProofReplayer Proof replay took 3.15ms 
146339     DEBUG main            d.u.i.k.p.r.p.TestFile    ... success: reloaded. 
146339     INFO  main            d.u.i.k.p.r.p.TestFile    Now processing file /home/runner/work/key/key/key.core/../key.ui/examples/standard_key/java_dl/exchange.key 
146340     INFO  main            d.u.i.k.p.i.AbstractProblemLoader Loading environment from /home/runner/work/key/key/key.core/../key.ui/examples/standard_key/java_dl/exchange.key 
146340     DEBUG main            d.u.i.k.p.i.AbstractProblemLoader Environment load took 67.1ns 
146341     INFO  main            d.u.i.k.p.i.AbstractProblemLoader Creating init config 
148660     DEBUG main            d.u.i.k.p.i.AbstractProblemLoader Init config took 2.32s 
148673     INFO  main            d.u.i.k.p.i.AbstractProblemLoader Replaying proof exchange.key 
148674     DEBUG main            d.u.i.k.p.i.IntermediateProofReplayer Proof replay took 5.2ns 
148776     INFO  main            d.u.i.k.p.r.p.TestFile    ... finished proof: closed. 
149025     INFO  main            d.u.i.k.p.i.AbstractProblemLoader Loading environment from /home/runner/work/key/key/key.core/../key.ui/examples/standard_key/java_dl/exchange.key.proof 
149025     DEBUG main            d.u.i.k.p.i.AbstractProblemLoader Environment load took 92.5ns 
149026     INFO  main            d.u.i.k.p.i.AbstractProblemLoader Creating init config 
151303     DEBUG main            d.u.i.k.p.i.AbstractProblemLoader Init config took 2.28s 
151316     INFO  main            d.u.i.k.p.i.AbstractProblemLoader Replaying proof exchange.key.proof 
151322     DEBUG main            d.u.i.k.p.i.IntermediateProofReplayer Proof replay took 4.71ms 
151326     DEBUG main            d.u.i.k.p.r.p.TestFile    ... success: reloaded. 
151326     INFO  main            d.u.i.k.p.r.p.TestFile    Now processing file /home/runner/work/key/key/key.core/../key.ui/examples/standard_key/java_dl/if.key 
151327     INFO  main            d.u.i.k.p.i.AbstractProblemLoader Loading environment from /home/runner/work/key/key/key.core/../key.ui/examples/standard_key/java_dl/if.key 
151327     DEBUG main            d.u.i.k.p.i.AbstractProblemLoader Environment load took 142.3ns 
151328     INFO  main            d.u.i.k.p.i.AbstractProblemLoader Creating init config 
153639     DEBUG main            d.u.i.k.p.i.AbstractProblemLoader Init config took 2.31s 
153652     INFO  main            d.u.i.k.p.i.AbstractProblemLoader Replaying proof if.key 
153654     DEBUG main            d.u.i.k.p.i.IntermediateProofReplayer Proof replay took 16.1ns 
153755     INFO  main            d.u.i.k.p.r.p.TestFile    ... finished proof: closed. 
154017     INFO  main            d.u.i.k.p.i.AbstractProblemLoader Loading environment from /home/runner/work/key/key/key.core/../key.ui/examples/standard_key/java_dl/if.key.proof 
154017     DEBUG main            d.u.i.k.p.i.AbstractProblemLoader Environment load took 82.1ns 
154018     INFO  main            d.u.i.k.p.i.AbstractProblemLoader Creating init config 
156272     DEBUG main            d.u.i.k.p.i.AbstractProblemLoader Init config took 2.25s 
156285     INFO  main            d.u.i.k.p.i.AbstractProblemLoader Replaying proof if.key.proof 
156288     DEBUG main            d.u.i.k.p.i.IntermediateProofReplayer Proof replay took 2.26ms 
156289     DEBUG main            d.u.i.k.p.r.p.TestFile    ... success: reloaded. 
156289     INFO  main            d.u.i.k.p.r.p.TestFile    Now processing file /home/runner/work/key/key/key.core/../key.ui/examples/standard_key/java_dl/incrementcounter.key 
156289     INFO  main            d.u.i.k.p.i.AbstractProblemLoader Loading environment from /home/runner/work/key/key/key.core/../key.ui/examples/standard_key/java_dl/incrementcounter.key 
156289     DEBUG main            d.u.i.k.p.i.AbstractProblemLoader Environment load took 44.2ns 
156290     INFO  main            d.u.i.k.p.i.AbstractProblemLoader Creating init config 
158589     DEBUG main            d.u.i.k.p.i.AbstractProblemLoader Init config took 2.3s 
158602     INFO  main            d.u.i.k.p.i.AbstractProblemLoader Replaying proof incrementcounter.key 
158603     DEBUG main            d.u.i.k.p.i.IntermediateProofReplayer Proof replay took 5.8ns 
158704     INFO  main            d.u.i.k.p.r.p.TestFile    ... finished proof: closed. 
158966     INFO  main            d.u.i.k.p.i.AbstractProblemLoader Loading environment from /home/runner/work/key/key/key.core/../key.ui/examples/standard_key/java_dl/incrementcounter.key.proof 
158966     DEBUG main            d.u.i.k.p.i.AbstractProblemLoader Environment load took 108.6ns 
158967     INFO  main            d.u.i.k.p.i.AbstractProblemLoader Creating init config 
161231     DEBUG main            d.u.i.k.p.i.AbstractProblemLoader Init config took 2.26s 
161244     INFO  main            d.u.i.k.p.i.AbstractProblemLoader Replaying proof incrementcounter.key.proof 
161248     DEBUG main            d.u.i.k.p.i.IntermediateProofReplayer Proof replay took 1.6ms 
161249     DEBUG main            d.u.i.k.p.r.p.TestFile    ... success: reloaded. 
161249     INFO  main            d.u.i.k.p.r.p.TestFile    Now processing file /home/runner/work/key/key/key.core/../key.ui/examples/standard_key/java_dl/danglingElse.key 
161250     INFO  main            d.u.i.k.p.i.AbstractProblemLoader Loading environment from /home/runner/work/key/key/key.core/../key.ui/examples/standard_key/java_dl/danglingElse.key 
161250     DEBUG main            d.u.i.k.p.i.AbstractProblemLoader Environment load took 138.5ns 
161253     INFO  main            d.u.i.k.p.i.AbstractProblemLoader Creating init config 
163571     DEBUG main            d.u.i.k.p.i.AbstractProblemLoader Init config took 2.32s 
163584     INFO  main            d.u.i.k.p.i.AbstractProblemLoader Replaying proof danglingElse.key 
163586     DEBUG main            d.u.i.k.p.i.IntermediateProofReplayer Proof replay took 6.4ns 
163687     INFO  main            d.u.i.k.p.r.p.TestFile    ... finished proof: open goal(s) 
163955     INFO  main            d.u.i.k.p.r.p.TestFile    Now processing file /home/runner/work/key/key/key.core/../key.ui/examples/standard_key/java_dl/iteratedAssignment.key 
163955     INFO  main            d.u.i.k.p.i.AbstractProblemLoader Loading environment from /home/runner/work/key/key/key.core/../key.ui/examples/standard_key/java_dl/iteratedAssignment.key 
163955     DEBUG main            d.u.i.k.p.i.AbstractProblemLoader Environment load took 47ns 
163956     INFO  main            d.u.i.k.p.i.AbstractProblemLoader Creating init config 
166232     DEBUG main            d.u.i.k.p.i.AbstractProblemLoader Init config took 2.28s 
166246     INFO  main            d.u.i.k.p.i.AbstractProblemLoader Replaying proof iteratedAssignment.key 
166250     DEBUG main            d.u.i.k.p.i.IntermediateProofReplayer Proof replay took 5.6ns 
166552     INFO  main            d.u.i.k.p.r.p.TestFile    ... finished proof: closed. 
166857     INFO  main            d.u.i.k.p.i.AbstractProblemLoader Loading environment from /home/runner/work/key/key/key.core/../key.ui/examples/standard_key/java_dl/iteratedAssignment.key.proof 
166857     DEBUG main            d.u.i.k.p.i.AbstractProblemLoader Environment load took 76.1ns 
166859     INFO  main            d.u.i.k.p.i.AbstractProblemLoader Creating init config 
169119     DEBUG main            d.u.i.k.p.i.AbstractProblemLoader Init config took 2.26s 
169132     INFO  main            d.u.i.k.p.i.AbstractProblemLoader Replaying proof iteratedAssignment.key.proof 
169185     DEBUG main            d.u.i.k.p.i.IntermediateProofReplayer Proof replay took 49.71ms 
169186     DEBUG main            d.u.i.k.p.r.p.TestFile    ... success: reloaded. 
169187     INFO  main            d.u.i.k.p.r.p.TestFile    Now processing file /home/runner/work/key/key/key.core/../key.ui/examples/standard_key/java_dl/assert/assert1.key 
169187     INFO  main            d.u.i.k.p.i.AbstractProblemLoader Loading environment from /home/runner/work/key/key/key.core/../key.ui/examples/standard_key/java_dl/assert/assert1.key 
169187     DEBUG main            d.u.i.k.p.i.AbstractProblemLoader Environment load took 84ns 
169188     INFO  main            d.u.i.k.p.i.AbstractProblemLoader Creating init config 
171544     DEBUG main            d.u.i.k.p.i.AbstractProblemLoader Init config took 2.36s 
171576     INFO  main            d.u.i.k.p.i.AbstractProblemLoader Replaying proof C[C::foo()].JML normal_behavior operation contract.0 
171578     DEBUG main            d.u.i.k.p.i.IntermediateProofReplayer Proof replay took 6.2ns 
171683     INFO  main            d.u.i.k.p.r.p.TestFile    ... finished proof: open goal(s) 
172010     INFO  main            d.u.i.k.p.r.p.TestFile    Now processing file /home/runner/work/key/key/key.core/../key.ui/examples/standard_key/java_dl/assert/assert2.key 
172010     INFO  main            d.u.i.k.p.i.AbstractProblemLoader Loading environment from /home/runner/work/key/key/key.core/../key.ui/examples/standard_key/java_dl/assert/assert2.key 
172010     DEBUG main            d.u.i.k.p.i.AbstractProblemLoader Environment load took 57.3ns 
172011     INFO  main            d.u.i.k.p.i.AbstractProblemLoader Creating init config 
174316     DEBUG main            d.u.i.k.p.i.AbstractProblemLoader Init config took 2.3s 
174358     INFO  main            d.u.i.k.p.i.AbstractProblemLoader Replaying proof C[C::bar()].JML exceptional_behavior operation contract.0 
174360     DEBUG main            d.u.i.k.p.i.IntermediateProofReplayer Proof replay took 6.7ns 
174463     INFO  main            d.u.i.k.p.r.p.TestFile    ... finished proof: closed. 
174737     INFO  main            d.u.i.k.p.i.AbstractProblemLoader Loading environment from /home/runner/work/key/key/key.core/../key.ui/examples/standard_key/java_dl/assert/assert2.key.proof 
174737     DEBUG main            d.u.i.k.p.i.AbstractProblemLoader Environment load took 78ns 
174738     INFO  main            d.u.i.k.p.i.AbstractProblemLoader Creating init config 
177036     DEBUG main            d.u.i.k.p.i.AbstractProblemLoader Init config took 2.3s 
177068     INFO  main            d.u.i.k.p.i.AbstractProblemLoader Replaying proof C[C::bar()].JML exceptional_behavior operation contract.0 
177103     DEBUG main            d.u.i.k.p.i.IntermediateProofReplayer Proof replay took 32.99ms 
177103     DEBUG main            d.u.i.k.p.r.p.TestFile    ... success: reloaded. 
177104     INFO  main            d.u.i.k.p.r.p.TestFile    Now processing file /home/runner/work/key/key/key.core/../key.ui/examples/standard_key/java_dl/assert/assert3.key 
177104     INFO  main            d.u.i.k.p.i.AbstractProblemLoader Loading environment from /home/runner/work/key/key/key.core/../key.ui/examples/standard_key/java_dl/assert/assert3.key 
177104     DEBUG main            d.u.i.k.p.i.AbstractProblemLoader Environment load took 59.4ns 
177105     INFO  main            d.u.i.k.p.i.AbstractProblemLoader Creating init config 
179460     DEBUG main            d.u.i.k.p.i.AbstractProblemLoader Init config took 2.35s 
179491     INFO  main            d.u.i.k.p.i.AbstractProblemLoader Replaying proof C[C::foo()].JML normal_behavior operation contract.0 
179494     DEBUG main            d.u.i.k.p.i.IntermediateProofReplayer Proof replay took 6.7ns 
179595     INFO  main            d.u.i.k.p.r.p.TestFile    ... finished proof: open goal(s) 
179878     INFO  main            d.u.i.k.p.r.p.TestFile    Now processing file /home/runner/work/key/key/key.core/../key.ui/examples/standard_key/java_dl/java5/vararg.key 
179878     INFO  main            d.u.i.k.p.i.AbstractProblemLoader Loading environment from /home/runner/work/key/key/key.core/../key.ui/examples/standard_key/java_dl/java5/vararg.key 
179878     DEBUG main            d.u.i.k.p.i.AbstractProblemLoader Environment load took 50ns 
179879     INFO  main            d.u.i.k.p.i.AbstractProblemLoader Creating init config 
180717     DEBUG main            d.u.i.k.j.r.ClassPreparationMethodBuilder clPrepBuilder: Inner Class detected. Reject building class initialisation methods. 
182516     DEBUG main            d.u.i.k.p.i.AbstractProblemLoader Init config took 2.64s 
182539     INFO  main            d.u.i.k.p.i.AbstractProblemLoader Replaying proof vararg.key 
182540     DEBUG main            d.u.i.k.p.i.IntermediateProofReplayer Proof replay took 6.3ns 
182807     DEBUG Thread-101      d.u.i.k.j.d.VariableSpecification Program match. Variables have different dimension (template #v0 = #vi;, source var#17[] = new java.lang.Object[]{d1, d2};) 
182941     DEBUG Thread-101      d.u.i.k.j.d.VariableSpecification Program match. Variables have different dimension (template #v0 = #vi;, source var#24[] = new java.lang.Object[]{d1, d2};) 
183075     DEBUG Thread-101      d.u.i.k.j.d.VariableSpecification Program match. Variables have different dimension (template #v0 = #vi;, source var#33[] = new java.lang.Object[]{var_1};) 
183076     DEBUG Thread-101      d.u.i.k.j.d.VariableSpecification Program match. Variables have different dimension (template #v0 = #vi;, source var#33[] = new java.lang.Object[]{var_1};) 
183180     DEBUG Thread-101      d.u.i.k.j.d.VariableSpecification Program match. Variables have different dimension (template #v0 = #vi;, source var#39[] = new java.lang.Object[]{null, null};) 
183339     DEBUG Thread-101      d.u.i.k.j.d.VariableSpecification Program match. Variables have different dimension (template #v0 = #vi;, source var#46[] = new java.lang.Object[]{};) 
183651     INFO  main            d.u.i.k.p.r.p.TestFile    ... finished proof: closed. 
183976     INFO  main            d.u.i.k.p.i.AbstractProblemLoader Loading environment from /home/runner/work/key/key/key.core/../key.ui/examples/standard_key/java_dl/java5/vararg.key.proof 
183976     DEBUG main            d.u.i.k.p.i.AbstractProblemLoader Environment load took 278.1ns 
183977     INFO  main            d.u.i.k.p.i.AbstractProblemLoader Creating init config 
184792     DEBUG main            d.u.i.k.j.r.ClassPreparationMethodBuilder clPrepBuilder: Inner Class detected. Reject building class initialisation methods. 
186478     DEBUG main            d.u.i.k.p.i.AbstractProblemLoader Init config took 2.5s 
186499     INFO  main            d.u.i.k.p.i.AbstractProblemLoader Replaying proof vararg.key.proof 
186807     DEBUG main            d.u.i.k.p.i.IntermediateProofReplayer Proof replay took 296.12ms 
186808     DEBUG main            d.u.i.k.p.r.p.TestFile    ... success: reloaded. 
186809     INFO  main            d.u.i.k.p.r.p.TestFile    Now processing file /home/runner/work/key/key/key.core/../key.ui/examples/standard_key/java_dl/java5/for_Array.key 
186809     INFO  main            d.u.i.k.p.i.AbstractProblemLoader Loading environment from /home/runner/work/key/key/key.core/../key.ui/examples/standard_key/java_dl/java5/for_Array.key 
186809     DEBUG main            d.u.i.k.p.i.AbstractProblemLoader Environment load took 67ns 
186810     INFO  main            d.u.i.k.p.i.AbstractProblemLoader Creating init config 
187622     DEBUG main            d.u.i.k.j.r.ClassPreparationMethodBuilder clPrepBuilder: Inner Class detected. Reject building class initialisation methods. 
189360     DEBUG main            d.u.i.k.p.i.AbstractProblemLoader Init config took 2.55s 
189407     INFO  main            d.u.i.k.p.i.AbstractProblemLoader Replaying proof For[For::sum([I)].JML operation contract.0 
189409     DEBUG main            d.u.i.k.p.i.IntermediateProofReplayer Proof replay took 6.4ns 
189712     INFO  main            d.u.i.k.p.r.p.TestFile    ... finished proof: closed. 
190060     INFO  main            d.u.i.k.p.i.AbstractProblemLoader Loading environment from /home/runner/work/key/key/key.core/../key.ui/examples/standard_key/java_dl/java5/for_Array.key.proof 
190060     DEBUG main            d.u.i.k.p.i.AbstractProblemLoader Environment load took 78.6ns 
190061     INFO  main            d.u.i.k.p.i.AbstractProblemLoader Creating init config 
190855     DEBUG main            d.u.i.k.j.r.ClassPreparationMethodBuilder clPrepBuilder: Inner Class detected. Reject building class initialisation methods. 
192530     DEBUG main            d.u.i.k.p.i.AbstractProblemLoader Init config took 2.47s 
192580     INFO  main            d.u.i.k.p.i.AbstractProblemLoader Replaying proof For[For::sum([I)].JML operation contract.0 
192661     DEBUG main            d.u.i.k.p.i.IntermediateProofReplayer Proof replay took 78.36ms 
192662     DEBUG main            d.u.i.k.p.r.p.TestFile    ... success: reloaded. 
192663     INFO  main            d.u.i.k.p.r.p.TestFile    Now processing file /home/runner/work/key/key/key.core/../key.ui/examples/standard_key/java_dl/java5/for_Iterable.key 
192664     INFO  main            d.u.i.k.p.i.AbstractProblemLoader Loading environment from /home/runner/work/key/key/key.core/../key.ui/examples/standard_key/java_dl/java5/for_Iterable.key 
192664     DEBUG main            d.u.i.k.p.i.AbstractProblemLoader Environment load took 141.7ns 
192665     INFO  main            d.u.i.k.p.i.AbstractProblemLoader Creating init config 
193506     DEBUG main            d.u.i.k.j.r.ClassPreparationMethodBuilder clPrepBuilder: Inner Class detected. Reject building class initialisation methods. 
195200     DEBUG main            d.u.i.k.p.i.AbstractProblemLoader Init config took 2.54s 
195252     INFO  main            d.u.i.k.p.i.AbstractProblemLoader Replaying proof For[For::infiniteLoop(For)].JML operation contract.0 
195253     DEBUG main            d.u.i.k.p.i.IntermediateProofReplayer Proof replay took 5.6ns 
195455     INFO  main            d.u.i.k.p.r.p.TestFile    ... finished proof: closed. 
195768     INFO  main            d.u.i.k.p.i.AbstractProblemLoader Loading environment from /home/runner/work/key/key/key.core/../key.ui/examples/standard_key/java_dl/java5/for_Iterable.key.proof 
195768     DEBUG main            d.u.i.k.p.i.AbstractProblemLoader Environment load took 75.7ns 
195769     INFO  main            d.u.i.k.p.i.AbstractProblemLoader Creating init config 
196565     DEBUG main            d.u.i.k.j.r.ClassPreparationMethodBuilder clPrepBuilder: Inner Class detected. Reject building class initialisation methods. 
198234     DEBUG main            d.u.i.k.p.i.AbstractProblemLoader Init config took 2.47s 
198282     INFO  main            d.u.i.k.p.i.AbstractProblemLoader Replaying proof For[For::infiniteLoop(For)].JML operation contract.0 
198327     DEBUG main            d.u.i.k.p.i.IntermediateProofReplayer Proof replay took 42.8ms 
198328     DEBUG main            d.u.i.k.p.r.p.TestFile    ... success: reloaded. 
198329     INFO  main            d.u.i.k.p.r.p.TestFile    Now processing file /home/runner/work/key/key/key.core/../key.ui/examples/standard_key/java_dl/java5/for_ReferenceArray.key 
198329     INFO  main            d.u.i.k.p.i.AbstractProblemLoader Loading environment from /home/runner/work/key/key/key.core/../key.ui/examples/standard_key/java_dl/java5/for_ReferenceArray.key 
198329     DEBUG main            d.u.i.k.p.i.AbstractProblemLoader Environment load took 135.2ns 
198330     INFO  main            d.u.i.k.p.i.AbstractProblemLoader Creating init config 
199121     DEBUG main            d.u.i.k.j.r.ClassPreparationMethodBuilder clPrepBuilder: Inner Class detected. Reject building class initialisation methods. 
200860     DEBUG main            d.u.i.k.p.i.AbstractProblemLoader Init config took 2.53s 
200908     INFO  main            d.u.i.k.p.i.AbstractProblemLoader Replaying proof ForReferenceArray[ForReferenceArray::foo([Ljava.lang.Object)].JML operation contract.0 
200911     DEBUG main            d.u.i.k.p.i.IntermediateProofReplayer Proof replay took 7.7ns 
201113     INFO  main            d.u.i.k.p.r.p.TestFile    ... finished proof: closed. 
201447     INFO  main            d.u.i.k.p.i.AbstractProblemLoader Loading environment from /home/runner/work/key/key/key.core/../key.ui/examples/standard_key/java_dl/java5/for_ReferenceArray.key.proof 
201447     DEBUG main            d.u.i.k.p.i.AbstractProblemLoader Environment load took 89.8ns 
201448     INFO  main            d.u.i.k.p.i.AbstractProblemLoader Creating init config 
202238     DEBUG main            d.u.i.k.j.r.ClassPreparationMethodBuilder clPrepBuilder: Inner Class detected. Reject building class initialisation methods. 
203895     DEBUG main            d.u.i.k.p.i.AbstractProblemLoader Init config took 2.45s 
203951     INFO  main            d.u.i.k.p.i.AbstractProblemLoader Replaying proof ForReferenceArray[ForReferenceArray::foo([Ljava.lang.Object)].JML operation contract.0 
204003     DEBUG main            d.u.i.k.p.i.IntermediateProofReplayer Proof replay took 48.77ms 
204004     DEBUG main            d.u.i.k.p.r.p.TestFile    ... success: reloaded. 
204005     INFO  main            d.u.i.k.p.r.p.TestFile    Now processing file /home/runner/work/key/key/key.core/../key.ui/examples/standard_key/java_dl/jml-bigint/cast.key 
204005     INFO  main            d.u.i.k.p.i.AbstractProblemLoader Loading environment from /home/runner/work/key/key/key.core/../key.ui/examples/standard_key/java_dl/jml-bigint/cast.key 
204005     DEBUG main            d.u.i.k.p.i.AbstractProblemLoader Environment load took 123.5ns 
204006     INFO  main            d.u.i.k.p.i.AbstractProblemLoader Creating init config 
206434     DEBUG main            d.u.i.k.p.i.AbstractProblemLoader Init config took 2.43s 
206466     INFO  main            d.u.i.k.p.i.AbstractProblemLoader Replaying proof Mult[Mult::cast()].JML operation contract.0 
206468     DEBUG main            d.u.i.k.p.i.IntermediateProofReplayer Proof replay took 6.7ns 
206569     INFO  main            d.u.i.k.p.r.p.TestFile    ... finished proof: closed. 
206883     INFO  main            d.u.i.k.p.i.AbstractProblemLoader Loading environment from /home/runner/work/key/key/key.core/../key.ui/examples/standard_key/java_dl/jml-bigint/cast.key.proof 
206883     DEBUG main            d.u.i.k.p.i.AbstractProblemLoader Environment load took 91.4ns 
206884     INFO  main            d.u.i.k.p.i.AbstractProblemLoader Creating init config 
209240     DEBUG main            d.u.i.k.p.i.AbstractProblemLoader Init config took 2.36s 
209274     INFO  main            d.u.i.k.p.i.AbstractProblemLoader Replaying proof Mult[Mult::cast()].JML operation contract.0 
209286     DEBUG main            d.u.i.k.p.i.IntermediateProofReplayer Proof replay took 10.08ms 
209287     DEBUG main            d.u.i.k.p.r.p.TestFile    ... success: reloaded. 
209288     INFO  main            d.u.i.k.p.r.p.TestFile    Now processing file /home/runner/work/key/key/key.core/../key.ui/examples/standard_key/java_dl/jml-free/loopInvFree.key 
209288     INFO  main            d.u.i.k.p.i.AbstractProblemLoader Loading environment from /home/runner/work/key/key/key.core/../key.ui/examples/standard_key/java_dl/jml-free/loopInvFree.key 
209288     DEBUG main            d.u.i.k.p.i.AbstractProblemLoader Environment load took 132.2ns 
209289     INFO  main            d.u.i.k.p.i.AbstractProblemLoader Creating init config 
211637     DEBUG main            d.u.i.k.p.i.AbstractProblemLoader Init config took 2.35s 
211672     INFO  main            d.u.i.k.p.i.AbstractProblemLoader Replaying proof LoopInvFree[LoopInvFree::test()].JML operation contract.0 
211674     DEBUG main            d.u.i.k.p.i.IntermediateProofReplayer Proof replay took 6.8ns 
211876     INFO  main            d.u.i.k.p.r.p.TestFile    ... finished proof: closed. 
212211     INFO  main            d.u.i.k.p.i.AbstractProblemLoader Loading environment from /home/runner/work/key/key/key.core/../key.ui/examples/standard_key/java_dl/jml-free/loopInvFree.key.proof 
212211     DEBUG main            d.u.i.k.p.i.AbstractProblemLoader Environment load took 72.7ns 
212212     INFO  main            d.u.i.k.p.i.AbstractProblemLoader Creating init config 
214518     DEBUG main            d.u.i.k.p.i.AbstractProblemLoader Init config took 2.31s 
214548     INFO  main            d.u.i.k.p.i.AbstractProblemLoader Replaying proof LoopInvFree[LoopInvFree::test()].JML operation contract.0 
214585     DEBUG main            d.u.i.k.p.i.IntermediateProofReplayer Proof replay took 34.31ms 
214585     DEBUG main            d.u.i.k.p.r.p.TestFile    ... success: reloaded. 
214586     INFO  main            d.u.i.k.p.r.p.TestFile    Now processing file /home/runner/work/key/key/key.core/../key.ui/examples/standard_key/java_dl/jml-free/ensuresFree.key 
214586     INFO  main            d.u.i.k.p.i.AbstractProblemLoader Loading environment from /home/runner/work/key/key/key.core/../key.ui/examples/standard_key/java_dl/jml-free/ensuresFree.key 
214586     DEBUG main            d.u.i.k.p.i.AbstractProblemLoader Environment load took 67.7ns 
214587     INFO  main            d.u.i.k.p.i.AbstractProblemLoader Creating init config 
216928     DEBUG main            d.u.i.k.p.i.AbstractProblemLoader Init config took 2.34s 
216961     INFO  main            d.u.i.k.p.i.AbstractProblemLoader Replaying proof EnsuresFree[EnsuresFree::test()].JML operation contract.0 
216962     DEBUG main            d.u.i.k.p.i.IntermediateProofReplayer Proof replay took 6.3ns 
217064     INFO  main            d.u.i.k.p.r.p.TestFile    ... finished proof: closed. 
217386     INFO  main            d.u.i.k.p.i.AbstractProblemLoader Loading environment from /home/runner/work/key/key/key.core/../key.ui/examples/standard_key/java_dl/jml-free/ensuresFree.key.proof 
217386     DEBUG main            d.u.i.k.p.i.AbstractProblemLoader Environment load took 79.7ns 
217387     INFO  main            d.u.i.k.p.i.AbstractProblemLoader Creating init config 
219698     DEBUG main            d.u.i.k.p.i.AbstractProblemLoader Init config took 2.31s 
219729     INFO  main            d.u.i.k.p.i.AbstractProblemLoader Replaying proof EnsuresFree[EnsuresFree::test()].JML operation contract.0 
219744     DEBUG main            d.u.i.k.p.i.IntermediateProofReplayer Proof replay took 13.83ms 
219745     DEBUG main            d.u.i.k.p.r.p.TestFile    ... success: reloaded. 
219746     INFO  main            d.u.i.k.p.r.p.TestFile    Now processing file /home/runner/work/key/key/key.core/../key.ui/examples/standard_key/java_dl/jml-information-flow.key 
219746     INFO  main            d.u.i.k.p.i.AbstractProblemLoader Loading environment from /home/runner/work/key/key/key.core/../key.ui/examples/standard_key/java_dl/jml-information-flow.key 
219746     DEBUG main            d.u.i.k.p.i.AbstractProblemLoader Environment load took 67.3ns 
219751     INFO  main            d.u.i.k.p.i.AbstractProblemLoader Creating init config 
222268     DEBUG main            d.u.i.k.p.i.AbstractProblemLoader Init config took 2.52s 
222285     INFO  main            d.u.i.k.p.i.AbstractProblemLoader Replaying proof jml-information-flow.key 
222286     DEBUG main            d.u.i.k.p.i.IntermediateProofReplayer Proof replay took 6.8ns 
339623     INFO  main            d.u.i.k.p.r.p.TestFile    ... finished proof: closed. 
340109     INFO  main            d.u.i.k.p.i.AbstractProblemLoader Loading environment from /home/runner/work/key/key/key.core/../key.ui/examples/standard_key/java_dl/jml-information-flow.key.proof 
340109     DEBUG main            d.u.i.k.p.i.AbstractProblemLoader Environment load took 319.8ns 
340116     INFO  main            d.u.i.k.p.i.AbstractProblemLoader Creating init config 
342551     DEBUG main            d.u.i.k.p.i.AbstractProblemLoader Init config took 2.43s 
342569     INFO  main            d.u.i.k.p.i.AbstractProblemLoader Replaying proof jml-information-flow.key.proof 
345862     DEBUG main            d.u.i.k.p.i.IntermediateProofReplayer Proof replay took 3.19s 
345868     DEBUG main            d.u.i.k.p.r.p.TestFile    ... success: reloaded. 
345869     INFO  main            d.u.i.k.p.r.p.TestFile    Now processing file /home/runner/work/key/key/key.core/../key.ui/examples/standard_key/java_dl/jml-min/min-unprovable1.key 
345869     INFO  main            d.u.i.k.p.i.AbstractProblemLoader Loading environment from /home/runner/work/key/key/key.core/../key.ui/examples/standard_key/java_dl/jml-min/min-unprovable1.key 
345869     DEBUG main            d.u.i.k.p.i.AbstractProblemLoader Environment load took 44.9ns 
345870     INFO  main            d.u.i.k.p.i.AbstractProblemLoader Creating init config 
348327     DEBUG main            d.u.i.k.p.i.AbstractProblemLoader Init config took 2.46s 
348358     INFO  main            d.u.i.k.p.i.AbstractProblemLoader Replaying proof Min[Min::foo()].JML operation contract.0 
348359     DEBUG main            d.u.i.k.p.i.IntermediateProofReplayer Proof replay took 5.6ns 
348461     INFO  main            d.u.i.k.p.r.p.TestFile    ... finished proof: open goal(s) 
348926     INFO  main            d.u.i.k.p.r.p.TestFile    Now processing file /home/runner/work/key/key/key.core/../key.ui/examples/standard_key/java_dl/jml-min/min-unprovable2.key 
348926     INFO  main            d.u.i.k.p.i.AbstractProblemLoader Loading environment from /home/runner/work/key/key/key.core/../key.ui/examples/standard_key/java_dl/jml-min/min-unprovable2.key 
348926     DEBUG main            d.u.i.k.p.i.AbstractProblemLoader Environment load took 215ns 
348927     INFO  main            d.u.i.k.p.i.AbstractProblemLoader Creating init config 
351292     DEBUG main            d.u.i.k.p.i.AbstractProblemLoader Init config took 2.37s 
351324     INFO  main            d.u.i.k.p.i.AbstractProblemLoader Replaying proof Min[Min::foo2()].JML operation contract.0 
351325     DEBUG main            d.u.i.k.p.i.IntermediateProofReplayer Proof replay took 6.4ns 
351427     INFO  main            d.u.i.k.p.r.p.TestFile    ... finished proof: open goal(s) 
351768     INFO  main            d.u.i.k.p.r.p.TestFile    Now processing file /home/runner/work/key/key/key.core/../key.ui/examples/standard_key/java_dl/methodCall.key 
351768     INFO  main            d.u.i.k.p.i.AbstractProblemLoader Loading environment from /home/runner/work/key/key/key.core/../key.ui/examples/standard_key/java_dl/methodCall.key 
351769     DEBUG main            d.u.i.k.p.i.AbstractProblemLoader Environment load took 44.3ns 
351769     INFO  main            d.u.i.k.p.i.AbstractProblemLoader Creating init config 
354082     DEBUG main            d.u.i.k.p.i.AbstractProblemLoader Init config took 2.31s 
354095     INFO  main            d.u.i.k.p.i.AbstractProblemLoader Replaying proof methodCall.key 
354096     DEBUG main            d.u.i.k.p.i.IntermediateProofReplayer Proof replay took 5.8ns 
354198     INFO  main            d.u.i.k.p.r.p.TestFile    ... finished proof: closed. 
354535     INFO  main            d.u.i.k.p.i.AbstractProblemLoader Loading environment from /home/runner/work/key/key/key.core/../key.ui/examples/standard_key/java_dl/methodCall.key.proof 
354535     DEBUG main            d.u.i.k.p.i.AbstractProblemLoader Environment load took 75.3ns 
354536     INFO  main            d.u.i.k.p.i.AbstractProblemLoader Creating init config 
356849     DEBUG main            d.u.i.k.p.i.AbstractProblemLoader Init config took 2.31s 
356862     INFO  main            d.u.i.k.p.i.AbstractProblemLoader Replaying proof methodCall.key.proof 
356865     DEBUG main            d.u.i.k.p.i.IntermediateProofReplayer Proof replay took 1.58ms 
356866     DEBUG main            d.u.i.k.p.r.p.TestFile    ... success: reloaded. 
356867     INFO  main            d.u.i.k.p.r.p.TestFile    Now processing file /home/runner/work/key/key/key.core/../key.ui/examples/standard_key/java_dl/methodCall1.key 
356867     INFO  main            d.u.i.k.p.i.AbstractProblemLoader Loading environment from /home/runner/work/key/key/key.core/../key.ui/examples/standard_key/java_dl/methodCall1.key 
356867     DEBUG main            d.u.i.k.p.i.AbstractProblemLoader Environment load took 77.5ns 
356868     INFO  main            d.u.i.k.p.i.AbstractProblemLoader Creating init config 
359200     DEBUG main            d.u.i.k.p.i.AbstractProblemLoader Init config took 2.33s 
359213     INFO  main            d.u.i.k.p.i.AbstractProblemLoader Replaying proof methodCall1.key 
359214     DEBUG main            d.u.i.k.p.i.IntermediateProofReplayer Proof replay took 5.6ns 
359316     INFO  main            d.u.i.k.p.r.p.TestFile    ... finished proof: closed. 
359666     INFO  main            d.u.i.k.p.i.AbstractProblemLoader Loading environment from /home/runner/work/key/key/key.core/../key.ui/examples/standard_key/java_dl/methodCall1.key.proof 
359666     DEBUG main            d.u.i.k.p.i.AbstractProblemLoader Environment load took 74.8ns 
359667     INFO  main            d.u.i.k.p.i.AbstractProblemLoader Creating init config 
361980     DEBUG main            d.u.i.k.p.i.AbstractProblemLoader Init config took 2.31s 
361993     INFO  main            d.u.i.k.p.i.AbstractProblemLoader Replaying proof methodCall1.key.proof 
362006     DEBUG main            d.u.i.k.p.i.IntermediateProofReplayer Proof replay took 10.91ms 
362008     DEBUG main            d.u.i.k.p.r.p.TestFile    ... success: reloaded. 
362008     INFO  main            d.u.i.k.p.r.p.TestFile    Now processing file /home/runner/work/key/key/key.core/../key.ui/examples/standard_key/java_dl/methodCall1box.key 
362008     INFO  main            d.u.i.k.p.i.AbstractProblemLoader Loading environment from /home/runner/work/key/key/key.core/../key.ui/examples/standard_key/java_dl/methodCall1box.key 
362008     DEBUG main            d.u.i.k.p.i.AbstractProblemLoader Environment load took 77.3ns 
362009     INFO  main            d.u.i.k.p.i.AbstractProblemLoader Creating init config 
364358     DEBUG main            d.u.i.k.p.i.AbstractProblemLoader Init config took 2.35s 
364371     INFO  main            d.u.i.k.p.i.AbstractProblemLoader Replaying proof methodCall1box.key 
364372     DEBUG main            d.u.i.k.p.i.IntermediateProofReplayer Proof replay took 7.3ns 
364474     INFO  main            d.u.i.k.p.r.p.TestFile    ... finished proof: closed. 
364839     INFO  main            d.u.i.k.p.i.AbstractProblemLoader Loading environment from /home/runner/work/key/key/key.core/../key.ui/examples/standard_key/java_dl/methodCall1box.key.proof 
364839     DEBUG main            d.u.i.k.p.i.AbstractProblemLoader Environment load took 72.9ns 
364840     INFO  main            d.u.i.k.p.i.AbstractProblemLoader Creating init config 
367143     DEBUG main            d.u.i.k.p.i.AbstractProblemLoader Init config took 2.3s 
367156     INFO  main            d.u.i.k.p.i.AbstractProblemLoader Replaying proof methodCall1box.key.proof 
367169     DEBUG main            d.u.i.k.p.i.IntermediateProofReplayer Proof replay took 11.95ms 
367170     DEBUG main            d.u.i.k.p.r.p.TestFile    ... success: reloaded. 
367170     INFO  main            d.u.i.k.p.r.p.TestFile    Now processing file /home/runner/work/key/key/key.core/../key.ui/examples/standard_key/java_dl/methodCall3.key 
367171     INFO  main            d.u.i.k.p.i.AbstractProblemLoader Loading environment from /home/runner/work/key/key/key.core/../key.ui/examples/standard_key/java_dl/methodCall3.key 
367171     DEBUG main            d.u.i.k.p.i.AbstractProblemLoader Environment load took 40.3ns 
367171     INFO  main            d.u.i.k.p.i.AbstractProblemLoader Creating init config 
369506     DEBUG main            d.u.i.k.p.i.AbstractProblemLoader Init config took 2.33s 
369519     INFO  main            d.u.i.k.p.i.AbstractProblemLoader Replaying proof methodCall3.key 
369520     DEBUG main            d.u.i.k.p.i.IntermediateProofReplayer Proof replay took 6.2ns 
369621     INFO  main            d.u.i.k.p.r.p.TestFile    ... finished proof: closed. 
369983     INFO  main            d.u.i.k.p.i.AbstractProblemLoader Loading environment from /home/runner/work/key/key/key.core/../key.ui/examples/standard_key/java_dl/methodCall3.key.proof 
369983     DEBUG main            d.u.i.k.p.i.AbstractProblemLoader Environment load took 68ns 
369984     INFO  main            d.u.i.k.p.i.AbstractProblemLoader Creating init config 
372287     DEBUG main            d.u.i.k.p.i.AbstractProblemLoader Init config took 2.3s 
372301     INFO  main            d.u.i.k.p.i.AbstractProblemLoader Replaying proof methodCall3.key.proof 
372310     DEBUG main            d.u.i.k.p.i.IntermediateProofReplayer Proof replay took 6.91ms 
372310     DEBUG main            d.u.i.k.p.r.p.TestFile    ... success: reloaded. 
372311     INFO  main            d.u.i.k.p.r.p.TestFile    Now processing file /home/runner/work/key/key/key.core/../key.ui/examples/standard_key/java_dl/polishFlagSort.key 
372311     INFO  main            d.u.i.k.p.i.AbstractProblemLoader Loading environment from /home/runner/work/key/key/key.core/../key.ui/examples/standard_key/java_dl/polishFlagSort.key 
372311     DEBUG main            d.u.i.k.p.i.AbstractProblemLoader Environment load took 55.8ns 
372312     INFO  main            d.u.i.k.p.i.AbstractProblemLoader Creating init config 
374681     DEBUG main            d.u.i.k.p.i.AbstractProblemLoader Init config took 2.37s 
374695     INFO  main            d.u.i.k.p.i.AbstractProblemLoader Replaying proof polishFlagSort.key 
374696     DEBUG main            d.u.i.k.p.i.IntermediateProofReplayer Proof replay took 6.9ns 
376738     INFO  main            d.u.i.k.p.r.p.TestFile    ... finished proof: closed. 
377144     INFO  main            d.u.i.k.p.i.AbstractProblemLoader Loading environment from /home/runner/work/key/key/key.core/../key.ui/examples/standard_key/java_dl/polishFlagSort.key.proof 
377144     DEBUG main            d.u.i.k.p.i.AbstractProblemLoader Environment load took 135.6ns 
377146     INFO  main            d.u.i.k.p.i.AbstractProblemLoader Creating init config 
379488     DEBUG main            d.u.i.k.p.i.AbstractProblemLoader Init config took 2.34s 
379502     INFO  main            d.u.i.k.p.i.AbstractProblemLoader Replaying proof polishFlagSort.key.proof 
379826     DEBUG main            d.u.i.k.p.i.IntermediateProofReplayer Proof replay took 313.75ms 
379827     DEBUG main            d.u.i.k.p.r.p.TestFile    ... success: reloaded. 
379828     INFO  main            d.u.i.k.p.r.p.TestFile    Now processing file /home/runner/work/key/key/key.core/../key.ui/examples/standard_key/java_dl/postConditionTaclets1.key 
379828     INFO  main            d.u.i.k.p.i.AbstractProblemLoader Loading environment from /home/runner/work/key/key/key.core/../key.ui/examples/standard_key/java_dl/postConditionTaclets1.key 
379829     DEBUG main            d.u.i.k.p.i.AbstractProblemLoader Environment load took 128.5ns 
379829     INFO  main            d.u.i.k.p.i.AbstractProblemLoader Creating init config 
382119     DEBUG main            d.u.i.k.p.i.AbstractProblemLoader Init config took 2.29s 
382132     INFO  main            d.u.i.k.p.i.AbstractProblemLoader Replaying proof postConditionTaclets1.key 
382134     DEBUG main            d.u.i.k.p.i.IntermediateProofReplayer Proof replay took 6.6ns 
382235     INFO  main            d.u.i.k.p.r.p.TestFile    ... finished proof: closed. 
382654     INFO  main            d.u.i.k.p.i.AbstractProblemLoader Loading environment from /home/runner/work/key/key/key.core/../key.ui/examples/standard_key/java_dl/postConditionTaclets1.key.proof 
382654     DEBUG main            d.u.i.k.p.i.AbstractProblemLoader Environment load took 62.6ns 
382655     INFO  main            d.u.i.k.p.i.AbstractProblemLoader Creating init config 
384919     DEBUG main            d.u.i.k.p.i.AbstractProblemLoader Init config took 2.26s 
384934     INFO  main            d.u.i.k.p.i.AbstractProblemLoader Replaying proof postConditionTaclets1.key.proof 
384935     DEBUG main            d.u.i.k.p.i.IntermediateProofReplayer Proof replay took 343.9ns 
384936     DEBUG main            d.u.i.k.p.r.p.TestFile    ... success: reloaded. 
384936     INFO  main            d.u.i.k.p.r.p.TestFile    Now processing file /home/runner/work/key/key/key.core/../key.ui/examples/standard_key/java_dl/postConditionTaclets2.key 
384936     INFO  main            d.u.i.k.p.i.AbstractProblemLoader Loading environment from /home/runner/work/key/key/key.core/../key.ui/examples/standard_key/java_dl/postConditionTaclets2.key 
384937     DEBUG main            d.u.i.k.p.i.AbstractProblemLoader Environment load took 59.8ns 
384937     INFO  main            d.u.i.k.p.i.AbstractProblemLoader Creating init config 
387228     DEBUG main            d.u.i.k.p.i.AbstractProblemLoader Init config took 2.29s 
387241     INFO  main            d.u.i.k.p.i.AbstractProblemLoader Replaying proof postConditionTaclets2.key 
387242     DEBUG main            d.u.i.k.p.i.IntermediateProofReplayer Proof replay took 6.7ns 
387346     INFO  main            d.u.i.k.p.r.p.TestFile    ... finished proof: closed. 
387719     INFO  main            d.u.i.k.p.i.AbstractProblemLoader Loading environment from /home/runner/work/key/key/key.core/../key.ui/examples/standard_key/java_dl/postConditionTaclets2.key.proof 
387719     DEBUG main            d.u.i.k.p.i.AbstractProblemLoader Environment load took 63.3ns 
387720     INFO  main            d.u.i.k.p.i.AbstractProblemLoader Creating init config 
389981     DEBUG main            d.u.i.k.p.i.AbstractProblemLoader Init config took 2.26s 
389994     INFO  main            d.u.i.k.p.i.AbstractProblemLoader Replaying proof postConditionTaclets2.key.proof 
389996     DEBUG main            d.u.i.k.p.i.IntermediateProofReplayer Proof replay took 531.5ns 
389996     DEBUG main            d.u.i.k.p.r.p.TestFile    ... success: reloaded. 
389997     INFO  main            d.u.i.k.p.r.p.TestFile    Now processing file /home/runner/work/key/key/key.core/../key.ui/examples/standard_key/java_dl/quantifiedQuery.key 
389997     INFO  main            d.u.i.k.p.i.AbstractProblemLoader Loading environment from /home/runner/work/key/key/key.core/../key.ui/examples/standard_key/java_dl/quantifiedQuery.key 
389997     DEBUG main            d.u.i.k.p.i.AbstractProblemLoader Environment load took 41.6ns 
389998     INFO  main            d.u.i.k.p.i.AbstractProblemLoader Creating init config 
392340     DEBUG main            d.u.i.k.p.i.AbstractProblemLoader Init config took 2.34s 
392353     INFO  main            d.u.i.k.p.i.AbstractProblemLoader Replaying proof quantifiedQuery.key 
392355     DEBUG main            d.u.i.k.p.i.IntermediateProofReplayer Proof replay took 6.3ns 
392459     INFO  main            d.u.i.k.p.r.p.TestFile    ... finished proof: closed. 
392845     INFO  main            d.u.i.k.p.i.AbstractProblemLoader Loading environment from /home/runner/work/key/key/key.core/../key.ui/examples/standard_key/java_dl/quantifiedQuery.key.proof 
392846     DEBUG main            d.u.i.k.p.i.AbstractProblemLoader Environment load took 64.4ns 
392847     INFO  main            d.u.i.k.p.i.AbstractProblemLoader Creating init config 
395159     DEBUG main            d.u.i.k.p.i.AbstractProblemLoader Init config took 2.31s 
395172     INFO  main            d.u.i.k.p.i.AbstractProblemLoader Replaying proof quantifiedQuery.key.proof 
395182     DEBUG main            d.u.i.k.p.i.IntermediateProofReplayer Proof replay took 8.4ms 
395183     DEBUG main            d.u.i.k.p.r.p.TestFile    ... success: reloaded. 
395184     INFO  main            d.u.i.k.p.r.p.TestFile    Now processing file /home/runner/work/key/key/key.core/../key.ui/examples/standard_key/java_dl/recursion/triangular.key 
395184     INFO  main            d.u.i.k.p.i.AbstractProblemLoader Loading environment from /home/runner/work/key/key/key.core/../key.ui/examples/standard_key/java_dl/recursion/triangular.key 
395184     DEBUG main            d.u.i.k.p.i.AbstractProblemLoader Environment load took 72.9ns 
395185     INFO  main            d.u.i.k.p.i.AbstractProblemLoader Creating init config 
397506     DEBUG main            d.u.i.k.p.i.AbstractProblemLoader Init config took 2.32s 
397554     INFO  main            d.u.i.k.p.i.AbstractProblemLoader Replaying proof Triangular[Triangular::tria(int)].JML normal_behavior operation contract.0 
397555     DEBUG main            d.u.i.k.p.i.IntermediateProofReplayer Proof replay took 5.8ns 
397757     INFO  main            d.u.i.k.p.r.p.TestFile    ... finished proof: closed. 
398155     INFO  main            d.u.i.k.p.i.AbstractProblemLoader Loading environment from /home/runner/work/key/key/key.core/../key.ui/examples/standard_key/java_dl/recursion/triangular.key.proof 
398155     DEBUG main            d.u.i.k.p.i.AbstractProblemLoader Environment load took 74.1ns 
398155     INFO  main            d.u.i.k.p.i.AbstractProblemLoader Creating init config 
400469     DEBUG main            d.u.i.k.p.i.AbstractProblemLoader Init config took 2.31s 
400500     INFO  main            d.u.i.k.p.i.AbstractProblemLoader Replaying proof Triangular[Triangular::tria(int)].JML normal_behavior operation contract.0 
400527     DEBUG main            d.u.i.k.p.i.IntermediateProofReplayer Proof replay took 25.96ms 
400528     DEBUG main            d.u.i.k.p.r.p.TestFile    ... success: reloaded. 
400528     INFO  main            d.u.i.k.p.r.p.TestFile    Now processing file /home/runner/work/key/key/key.core/../key.ui/examples/standard_key/java_dl/reverseArray.key 
400529     INFO  main            d.u.i.k.p.i.AbstractProblemLoader Loading environment from /home/runner/work/key/key/key.core/../key.ui/examples/standard_key/java_dl/reverseArray.key 
400529     DEBUG main            d.u.i.k.p.i.AbstractProblemLoader Environment load took 58.4ns 
400530     INFO  main            d.u.i.k.p.i.AbstractProblemLoader Creating init config 
400548     WARN  main            d.u.i.k.j.r.KeYCrossReferenceNameInfo Datatype java.lang.System declared twice: Once in FILE:/home/runner/work/key/key/key.core/../key.ui/examples/standard_key/java_dl/./classpath/System.java and once in URL:file:/home/runner/work/key/key/key.core/build/resources/main/de/uka/ilkd/key/java/JavaRedux/java/lang/System.java, Keeping one from URL:file:/home/runner/work/key/key/key.core/build/resources/main/de/uka/ilkd/key/java/JavaRedux/java/lang/System.java 
400548     WARN  main            d.u.i.k.j.r.KeYCrossReferenceNameInfo Datatype java.io.InputStream declared twice: Once in FILE:/home/runner/work/key/key/key.core/../key.ui/examples/standard_key/java_dl/./classpath/InputStream.java and once in URL:file:/home/runner/work/key/key/key.core/build/resources/main/de/uka/ilkd/key/java/JavaRedux/java/io/InputStream.java, Keeping one from URL:file:/home/runner/work/key/key/key.core/build/resources/main/de/uka/ilkd/key/java/JavaRedux/java/io/InputStream.java 
400548     WARN  main            d.u.i.k.j.r.KeYCrossReferenceNameInfo Datatype java.io.PrintStream declared twice: Once in FILE:/home/runner/work/key/key/key.core/../key.ui/examples/standard_key/java_dl/./classpath/PrintStream.java and once in URL:file:/home/runner/work/key/key/key.core/build/resources/main/de/uka/ilkd/key/java/JavaRedux/java/io/PrintStream.java, Keeping one from URL:file:/home/runner/work/key/key/key.core/build/resources/main/de/uka/ilkd/key/java/JavaRedux/java/io/PrintStream.java 
400551     DEBUG main            d.u.i.k.j.r.ClassFileDeclarationBuilder Parsing: package java.io; public class Closeable { } 
400551     DEBUG main            r.s.KeYCrossReferenceSourceInfo Dynamically created class: java.io.Closeable 
402976     DEBUG main            d.u.i.k.p.i.AbstractProblemLoader Init config took 2.45s 
402990     INFO  main            d.u.i.k.p.i.AbstractProblemLoader Replaying proof reverseArray.key 
402991     DEBUG main            d.u.i.k.p.i.IntermediateProofReplayer Proof replay took 5.7ns 
407116     INFO  main            d.u.i.k.p.r.p.TestFile    ... finished proof: closed. 
407558     INFO  main            d.u.i.k.p.i.AbstractProblemLoader Loading environment from /home/runner/work/key/key/key.core/../key.ui/examples/standard_key/java_dl/reverseArray.key.proof 
407558     DEBUG main            d.u.i.k.p.i.AbstractProblemLoader Environment load took 288.9ns 
407561     INFO  main            d.u.i.k.p.i.AbstractProblemLoader Creating init config 
407582     WARN  main            d.u.i.k.j.r.KeYCrossReferenceNameInfo Datatype java.lang.System declared twice: Once in FILE:/home/runner/work/key/key/key.core/../key.ui/examples/standard_key/java_dl/classpath/System.java and once in URL:file:/home/runner/work/key/key/key.core/build/resources/main/de/uka/ilkd/key/java/JavaRedux/java/lang/System.java, Keeping one from URL:file:/home/runner/work/key/key/key.core/build/resources/main/de/uka/ilkd/key/java/JavaRedux/java/lang/System.java 
407582     WARN  main            d.u.i.k.j.r.KeYCrossReferenceNameInfo Datatype java.io.InputStream declared twice: Once in FILE:/home/runner/work/key/key/key.core/../key.ui/examples/standard_key/java_dl/classpath/InputStream.java and once in URL:file:/home/runner/work/key/key/key.core/build/resources/main/de/uka/ilkd/key/java/JavaRedux/java/io/InputStream.java, Keeping one from URL:file:/home/runner/work/key/key/key.core/build/resources/main/de/uka/ilkd/key/java/JavaRedux/java/io/InputStream.java 
407582     WARN  main            d.u.i.k.j.r.KeYCrossReferenceNameInfo Datatype java.io.PrintStream declared twice: Once in FILE:/home/runner/work/key/key/key.core/../key.ui/examples/standard_key/java_dl/classpath/PrintStream.java and once in URL:file:/home/runner/work/key/key/key.core/build/resources/main/de/uka/ilkd/key/java/JavaRedux/java/io/PrintStream.java, Keeping one from URL:file:/home/runner/work/key/key/key.core/build/resources/main/de/uka/ilkd/key/java/JavaRedux/java/io/PrintStream.java 
407585     DEBUG main            d.u.i.k.j.r.ClassFileDeclarationBuilder Parsing: package java.io; public class Closeable { } 
407585     DEBUG main            r.s.KeYCrossReferenceSourceInfo Dynamically created class: java.io.Closeable 
409936     DEBUG main            d.u.i.k.p.i.AbstractProblemLoader Init config took 2.38s 
409954     INFO  main            d.u.i.k.p.i.AbstractProblemLoader Replaying proof reverseArray.key.proof 
410562     DEBUG main            d.u.i.k.p.i.IntermediateProofReplayer Proof replay took 597.22ms 
410564     DEBUG main            d.u.i.k.p.r.p.TestFile    ... success: reloaded. 
410564     INFO  main            d.u.i.k.p.r.p.TestFile    Now processing file /home/runner/work/key/key/key.core/../key.ui/examples/standard_key/java_dl/reverseArray2.key 
410565     INFO  main            d.u.i.k.p.i.AbstractProblemLoader Loading environment from /home/runner/work/key/key/key.core/../key.ui/examples/standard_key/java_dl/reverseArray2.key 
410565     DEBUG main            d.u.i.k.p.i.AbstractProblemLoader Environment load took 53.9ns 
410567     INFO  main            d.u.i.k.p.i.AbstractProblemLoader Creating init config 
410584     WARN  main            d.u.i.k.j.r.KeYCrossReferenceNameInfo Datatype java.lang.System declared twice: Once in FILE:/home/runner/work/key/key/key.core/../key.ui/examples/standard_key/java_dl/classpath/System.java and once in URL:file:/home/runner/work/key/key/key.core/build/resources/main/de/uka/ilkd/key/java/JavaRedux/java/lang/System.java, Keeping one from URL:file:/home/runner/work/key/key/key.core/build/resources/main/de/uka/ilkd/key/java/JavaRedux/java/lang/System.java 
410584     WARN  main            d.u.i.k.j.r.KeYCrossReferenceNameInfo Datatype java.io.InputStream declared twice: Once in FILE:/home/runner/work/key/key/key.core/../key.ui/examples/standard_key/java_dl/classpath/InputStream.java and once in URL:file:/home/runner/work/key/key/key.core/build/resources/main/de/uka/ilkd/key/java/JavaRedux/java/io/InputStream.java, Keeping one from URL:file:/home/runner/work/key/key/key.core/build/resources/main/de/uka/ilkd/key/java/JavaRedux/java/io/InputStream.java 
410584     WARN  main            d.u.i.k.j.r.KeYCrossReferenceNameInfo Datatype java.io.PrintStream declared twice: Once in FILE:/home/runner/work/key/key/key.core/../key.ui/examples/standard_key/java_dl/classpath/PrintStream.java and once in URL:file:/home/runner/work/key/key/key.core/build/resources/main/de/uka/ilkd/key/java/JavaRedux/java/io/PrintStream.java, Keeping one from URL:file:/home/runner/work/key/key/key.core/build/resources/main/de/uka/ilkd/key/java/JavaRedux/java/io/PrintStream.java 
410587     DEBUG main            d.u.i.k.j.r.ClassFileDeclarationBuilder Parsing: package java.io; public class Closeable { } 
410587     DEBUG main            r.s.KeYCrossReferenceSourceInfo Dynamically created class: java.io.Closeable 
413002     DEBUG main            d.u.i.k.p.i.AbstractProblemLoader Init config took 2.44s 
413016     INFO  main            d.u.i.k.p.i.AbstractProblemLoader Replaying proof reverseArray2.key 
413018     DEBUG main            d.u.i.k.p.i.IntermediateProofReplayer Proof replay took 37.3ns 
414322     INFO  main            d.u.i.k.p.r.p.TestFile    ... finished proof: closed. 
414804     INFO  main            d.u.i.k.p.i.AbstractProblemLoader Loading environment from /home/runner/work/key/key/key.core/../key.ui/examples/standard_key/java_dl/reverseArray2.key.proof 
414805     DEBUG main            d.u.i.k.p.i.AbstractProblemLoader Environment load took 296.8ns 
414806     INFO  main            d.u.i.k.p.i.AbstractProblemLoader Creating init config 
414824     WARN  main            d.u.i.k.j.r.KeYCrossReferenceNameInfo Datatype java.lang.System declared twice: Once in FILE:/home/runner/work/key/key/key.core/../key.ui/examples/standard_key/java_dl/classpath/System.java and once in URL:file:/home/runner/work/key/key/key.core/build/resources/main/de/uka/ilkd/key/java/JavaRedux/java/lang/System.java, Keeping one from URL:file:/home/runner/work/key/key/key.core/build/resources/main/de/uka/ilkd/key/java/JavaRedux/java/lang/System.java 
414824     WARN  main            d.u.i.k.j.r.KeYCrossReferenceNameInfo Datatype java.io.InputStream declared twice: Once in FILE:/home/runner/work/key/key/key.core/../key.ui/examples/standard_key/java_dl/classpath/InputStream.java and once in URL:file:/home/runner/work/key/key/key.core/build/resources/main/de/uka/ilkd/key/java/JavaRedux/java/io/InputStream.java, Keeping one from URL:file:/home/runner/work/key/key/key.core/build/resources/main/de/uka/ilkd/key/java/JavaRedux/java/io/InputStream.java 
414824     WARN  main            d.u.i.k.j.r.KeYCrossReferenceNameInfo Datatype java.io.PrintStream declared twice: Once in FILE:/home/runner/work/key/key/key.core/../key.ui/examples/standard_key/java_dl/classpath/PrintStream.java and once in URL:file:/home/runner/work/key/key/key.core/build/resources/main/de/uka/ilkd/key/java/JavaRedux/java/io/PrintStream.java, Keeping one from URL:file:/home/runner/work/key/key/key.core/build/resources/main/de/uka/ilkd/key/java/JavaRedux/java/io/PrintStream.java 
414827     DEBUG main            d.u.i.k.j.r.ClassFileDeclarationBuilder Parsing: package java.io; public class Closeable { } 
414827     DEBUG main            r.s.KeYCrossReferenceSourceInfo Dynamically created class: java.io.Closeable 
417194     DEBUG main            d.u.i.k.p.i.AbstractProblemLoader Init config took 2.39s 
417209     INFO  main            d.u.i.k.p.i.AbstractProblemLoader Replaying proof reverseArray2.key.proof 
417414     DEBUG main            d.u.i.k.p.i.IntermediateProofReplayer Proof replay took 201.39ms 
417416     DEBUG main            d.u.i.k.p.r.p.TestFile    ... success: reloaded. 
417416     INFO  main            d.u.i.k.p.r.p.TestFile    Now processing file /home/runner/work/key/key/key.core/../key.ui/examples/standard_key/java_dl/simpleAssignment.key 
417416     INFO  main            d.u.i.k.p.i.AbstractProblemLoader Loading environment from /home/runner/work/key/key/key.core/../key.ui/examples/standard_key/java_dl/simpleAssignment.key 
417417     DEBUG main            d.u.i.k.p.i.AbstractProblemLoader Environment load took 44.4ns 
417417     INFO  main            d.u.i.k.p.i.AbstractProblemLoader Creating init config 
419739     DEBUG main            d.u.i.k.p.i.AbstractProblemLoader Init config took 2.32s 
419752     INFO  main            d.u.i.k.p.i.AbstractProblemLoader Replaying proof simpleAssignment.key 
419753     DEBUG main            d.u.i.k.p.i.IntermediateProofReplayer Proof replay took 2.1ns 
419855     INFO  main            d.u.i.k.p.r.p.TestFile    ... finished proof: closed. 
420294     INFO  main            d.u.i.k.p.i.AbstractProblemLoader Loading environment from /home/runner/work/key/key/key.core/../key.ui/examples/standard_key/java_dl/simpleAssignment.key.proof 
420294     DEBUG main            d.u.i.k.p.i.AbstractProblemLoader Environment load took 67.7ns 
420295     INFO  main            d.u.i.k.p.i.AbstractProblemLoader Creating init config 
422549     DEBUG main            d.u.i.k.p.i.AbstractProblemLoader Init config took 2.25s 
422562     INFO  main            d.u.i.k.p.i.AbstractProblemLoader Replaying proof simpleAssignment.key.proof 
422564     DEBUG main            d.u.i.k.p.i.IntermediateProofReplayer Proof replay took 519.3ns 
422565     DEBUG main            d.u.i.k.p.r.p.TestFile    ... success: reloaded. 
422565     INFO  main            d.u.i.k.p.r.p.TestFile    Now processing file /home/runner/work/key/key/key.core/../key.ui/examples/standard_key/java_dl/simpleAssignment2.key 
422565     INFO  main            d.u.i.k.p.i.AbstractProblemLoader Loading environment from /home/runner/work/key/key/key.core/../key.ui/examples/standard_key/java_dl/simpleAssignment2.key 
422565     DEBUG main            d.u.i.k.p.i.AbstractProblemLoader Environment load took 60.3ns 
422566     INFO  main            d.u.i.k.p.i.AbstractProblemLoader Creating init config 
424858     DEBUG main            d.u.i.k.p.i.AbstractProblemLoader Init config took 2.29s 
424871     INFO  main            d.u.i.k.p.i.AbstractProblemLoader Replaying proof simpleAssignment2.key 
424873     DEBUG main            d.u.i.k.p.i.IntermediateProofReplayer Proof replay took 2.8ns 
424974     INFO  main            d.u.i.k.p.r.p.TestFile    ... finished proof: closed. 
425396     INFO  main            d.u.i.k.p.i.AbstractProblemLoader Loading environment from /home/runner/work/key/key/key.core/../key.ui/examples/standard_key/java_dl/simpleAssignment2.key.proof 
425396     DEBUG main            d.u.i.k.p.i.AbstractProblemLoader Environment load took 77.9ns 
425397     INFO  main            d.u.i.k.p.i.AbstractProblemLoader Creating init config 
427660     DEBUG main            d.u.i.k.p.i.AbstractProblemLoader Init config took 2.26s 
427672     INFO  main            d.u.i.k.p.i.AbstractProblemLoader Replaying proof simpleAssignment2.key.proof 
427674     DEBUG main            d.u.i.k.p.i.IntermediateProofReplayer Proof replay took 347.4ns 
427674     DEBUG main            d.u.i.k.p.r.p.TestFile    ... success: reloaded. 
427675     INFO  main            d.u.i.k.p.r.p.TestFile    Now processing file /home/runner/work/key/key/key.core/../key.ui/examples/standard_key/java_dl/splittingWithQueries.key 
427675     INFO  main            d.u.i.k.p.i.AbstractProblemLoader Loading environment from /home/runner/work/key/key/key.core/../key.ui/examples/standard_key/java_dl/splittingWithQueries.key 
427675     DEBUG main            d.u.i.k.p.i.AbstractProblemLoader Environment load took 60.9ns 
427676     INFO  main            d.u.i.k.p.i.AbstractProblemLoader Creating init config 
430048     DEBUG main            d.u.i.k.p.i.AbstractProblemLoader Init config took 2.37s 
430060     INFO  main            d.u.i.k.p.i.AbstractProblemLoader Replaying proof splittingWithQueries.key 
430061     DEBUG main            d.u.i.k.p.i.IntermediateProofReplayer Proof replay took 3ns 
430163     INFO  main            d.u.i.k.p.r.p.TestFile    ... finished proof: closed. 
430631     INFO  main            d.u.i.k.p.i.AbstractProblemLoader Loading environment from /home/runner/work/key/key/key.core/../key.ui/examples/standard_key/java_dl/splittingWithQueries.key.proof 
430631     DEBUG main            d.u.i.k.p.i.AbstractProblemLoader Environment load took 66.2ns 
430632     INFO  main            d.u.i.k.p.i.AbstractProblemLoader Creating init config 
432949     DEBUG main            d.u.i.k.p.i.AbstractProblemLoader Init config took 2.32s 
432961     INFO  main            d.u.i.k.p.i.AbstractProblemLoader Replaying proof splittingWithQueries.key.proof 
432964     DEBUG main            d.u.i.k.p.i.IntermediateProofReplayer Proof replay took 1.39ms 
432965     DEBUG main            d.u.i.k.p.r.p.TestFile    ... success: reloaded. 
432966     INFO  main            d.u.i.k.p.r.p.TestFile    Now processing file /home/runner/work/key/key/key.core/../key.ui/examples/standard_key/java_dl/strassen/strassen.key 
432966     INFO  main            d.u.i.k.p.i.AbstractProblemLoader Loading environment from /home/runner/work/key/key/key.core/../key.ui/examples/standard_key/java_dl/strassen/strassen.key 
432966     DEBUG main            d.u.i.k.p.i.AbstractProblemLoader Environment load took 67ns 
432967     INFO  main            d.u.i.k.p.i.AbstractProblemLoader Creating init config 
435416     DEBUG main            d.u.i.k.p.i.AbstractProblemLoader Init config took 2.45s 
435449     INFO  main            d.u.i.k.p.i.AbstractProblemLoader Replaying proof Matrix22[Matrix22::strassen(Matrix22,Matrix22)].JML normal_behavior operation contract.0 
435450     DEBUG main            d.u.i.k.p.i.IntermediateProofReplayer Proof replay took 2.4ns 
440175     INFO  main            d.u.i.k.p.r.p.TestFile    ... finished proof: closed. 
440721     INFO  main            d.u.i.k.p.i.AbstractProblemLoader Loading environment from /home/runner/work/key/key/key.core/../key.ui/examples/standard_key/java_dl/strassen/strassen.key.proof 
440721     DEBUG main            d.u.i.k.p.i.AbstractProblemLoader Environment load took 122.8ns 
440722     INFO  main            d.u.i.k.p.i.AbstractProblemLoader Creating init config 
443128     DEBUG main            d.u.i.k.p.i.AbstractProblemLoader Init config took 2.41s 
443162     INFO  main            d.u.i.k.p.i.AbstractProblemLoader Replaying proof Matrix22[Matrix22::strassen(Matrix22,Matrix22)].JML normal_behavior operation contract.0 
443826     DEBUG main            d.u.i.k.p.i.IntermediateProofReplayer Proof replay took 654.24ms 
443827     DEBUG main            d.u.i.k.p.r.p.TestFile    ... success: reloaded. 
443828     INFO  main            d.u.i.k.p.r.p.TestFile    Now processing file /home/runner/work/key/key/key.core/../key.ui/examples/standard_key/java_dl/symmArray.key 
443828     INFO  main            d.u.i.k.p.i.AbstractProblemLoader Loading environment from /home/runner/work/key/key/key.core/../key.ui/examples/standard_key/java_dl/symmArray.key 
443828     DEBUG main            d.u.i.k.p.i.AbstractProblemLoader Environment load took 65.3ns 
443831     INFO  main            d.u.i.k.p.i.AbstractProblemLoader Creating init config 
446277     DEBUG main            d.u.i.k.p.i.AbstractProblemLoader Init config took 2.45s 
446291     INFO  main            d.u.i.k.p.i.AbstractProblemLoader Replaying proof symmArray.key 
446292     DEBUG main            d.u.i.k.p.i.IntermediateProofReplayer Proof replay took 2.5ns 
540560     INFO  main            d.u.i.k.p.r.p.TestFile    ... finished proof: closed. 
541125     INFO  main            d.u.i.k.p.i.AbstractProblemLoader Loading environment from /home/runner/work/key/key/key.core/../key.ui/examples/standard_key/java_dl/symmArray.key.proof 
541125     DEBUG main            d.u.i.k.p.i.AbstractProblemLoader Environment load took 86.6ns 
541129     INFO  main            d.u.i.k.p.i.AbstractProblemLoader Creating init config 
543504     DEBUG main            d.u.i.k.p.i.AbstractProblemLoader Init config took 2.37s 
543520     INFO  main            d.u.i.k.p.i.AbstractProblemLoader Replaying proof symmArray.key.proof 
544524     DEBUG main            d.u.i.k.p.i.IntermediateProofReplayer Proof replay took 952.24ms 
544528     DEBUG main            d.u.i.k.p.r.p.TestFile    ... success: reloaded. 
544529     INFO  main            d.u.i.k.p.r.p.TestFile    Now processing file /home/runner/work/key/key/key.core/../key.ui/examples/standard_key/java_dl/testcontext.key 
544529     INFO  main            d.u.i.k.p.i.AbstractProblemLoader Loading environment from /home/runner/work/key/key/key.core/../key.ui/examples/standard_key/java_dl/testcontext.key 
544529     DEBUG main            d.u.i.k.p.i.AbstractProblemLoader Environment load took 42.9ns 
544530     INFO  main            d.u.i.k.p.i.AbstractProblemLoader Creating init config 
544547     WARN  main            d.u.i.k.j.r.KeYCrossReferenceNameInfo Datatype java.lang.System declared twice: Once in FILE:/home/runner/work/key/key/key.core/../key.ui/examples/standard_key/java_dl/classpath/System.java and once in URL:file:/home/runner/work/key/key/key.core/build/resources/main/de/uka/ilkd/key/java/JavaRedux/java/lang/System.java, Keeping one from URL:file:/home/runner/work/key/key/key.core/build/resources/main/de/uka/ilkd/key/java/JavaRedux/java/lang/System.java 
544547     WARN  main            d.u.i.k.j.r.KeYCrossReferenceNameInfo Datatype java.io.InputStream declared twice: Once in FILE:/home/runner/work/key/key/key.core/../key.ui/examples/standard_key/java_dl/classpath/InputStream.java and once in URL:file:/home/runner/work/key/key/key.core/build/resources/main/de/uka/ilkd/key/java/JavaRedux/java/io/InputStream.java, Keeping one from URL:file:/home/runner/work/key/key/key.core/build/resources/main/de/uka/ilkd/key/java/JavaRedux/java/io/InputStream.java 
544547     WARN  main            d.u.i.k.j.r.KeYCrossReferenceNameInfo Datatype java.io.PrintStream declared twice: Once in FILE:/home/runner/work/key/key/key.core/../key.ui/examples/standard_key/java_dl/classpath/PrintStream.java and once in URL:file:/home/runner/work/key/key/key.core/build/resources/main/de/uka/ilkd/key/java/JavaRedux/java/io/PrintStream.java, Keeping one from URL:file:/home/runner/work/key/key/key.core/build/resources/main/de/uka/ilkd/key/java/JavaRedux/java/io/PrintStream.java 
544550     DEBUG main            d.u.i.k.j.r.ClassFileDeclarationBuilder Parsing: package java.io; public class Closeable { } 
544550     DEBUG main            r.s.KeYCrossReferenceSourceInfo Dynamically created class: java.io.Closeable 
546879     DEBUG main            d.u.i.k.p.i.AbstractProblemLoader Init config took 2.35s 
546892     INFO  main            d.u.i.k.p.i.AbstractProblemLoader Replaying proof testcontext.key 
546894     DEBUG main            d.u.i.k.p.i.IntermediateProofReplayer Proof replay took 2.6ns 
547196     INFO  main            d.u.i.k.p.r.p.TestFile    ... finished proof: closed. 
547750     INFO  main            d.u.i.k.p.i.AbstractProblemLoader Loading environment from /home/runner/work/key/key/key.core/../key.ui/examples/standard_key/java_dl/testcontext.key.proof 
547750     DEBUG main            d.u.i.k.p.i.AbstractProblemLoader Environment load took 71.1ns 
547751     INFO  main            d.u.i.k.p.i.AbstractProblemLoader Creating init config 
547768     WARN  main            d.u.i.k.j.r.KeYCrossReferenceNameInfo Datatype java.lang.System declared twice: Once in FILE:/home/runner/work/key/key/key.core/../key.ui/examples/standard_key/java_dl/classpath/System.java and once in URL:file:/home/runner/work/key/key/key.core/build/resources/main/de/uka/ilkd/key/java/JavaRedux/java/lang/System.java, Keeping one from URL:file:/home/runner/work/key/key/key.core/build/resources/main/de/uka/ilkd/key/java/JavaRedux/java/lang/System.java 
547768     WARN  main            d.u.i.k.j.r.KeYCrossReferenceNameInfo Datatype java.io.InputStream declared twice: Once in FILE:/home/runner/work/key/key/key.core/../key.ui/examples/standard_key/java_dl/classpath/InputStream.java and once in URL:file:/home/runner/work/key/key/key.core/build/resources/main/de/uka/ilkd/key/java/JavaRedux/java/io/InputStream.java, Keeping one from URL:file:/home/runner/work/key/key/key.core/build/resources/main/de/uka/ilkd/key/java/JavaRedux/java/io/InputStream.java 
547768     WARN  main            d.u.i.k.j.r.KeYCrossReferenceNameInfo Datatype java.io.PrintStream declared twice: Once in FILE:/home/runner/work/key/key/key.core/../key.ui/examples/standard_key/java_dl/classpath/PrintStream.java and once in URL:file:/home/runner/work/key/key/key.core/build/resources/main/de/uka/ilkd/key/java/JavaRedux/java/io/PrintStream.java, Keeping one from URL:file:/home/runner/work/key/key/key.core/build/resources/main/de/uka/ilkd/key/java/JavaRedux/java/io/PrintStream.java 
547771     DEBUG main            d.u.i.k.j.r.ClassFileDeclarationBuilder Parsing: package java.io; public class Closeable { } 
547772     DEBUG main            r.s.KeYCrossReferenceSourceInfo Dynamically created class: java.io.Closeable 
550134     DEBUG main            d.u.i.k.p.i.AbstractProblemLoader Init config took 2.38s 
550147     INFO  main            d.u.i.k.p.i.AbstractProblemLoader Replaying proof testcontext.key.proof 
550198     DEBUG main            d.u.i.k.p.i.IntermediateProofReplayer Proof replay took 48.68ms 
550199     DEBUG main            d.u.i.k.p.r.p.TestFile    ... success: reloaded. 
550200     INFO  main            d.u.i.k.p.r.p.TestFile    Now processing file /home/runner/work/key/key/key.core/../key.ui/examples/standard_key/staticInitialisation/cascadeStaticInitialisation.key 
550200     INFO  main            d.u.i.k.p.i.AbstractProblemLoader Loading environment from /home/runner/work/key/key/key.core/../key.ui/examples/standard_key/staticInitialisation/cascadeStaticInitialisation.key 
550200     DEBUG main            d.u.i.k.p.i.AbstractProblemLoader Environment load took 64.8ns 
550202     INFO  main            d.u.i.k.p.i.AbstractProblemLoader Creating init config 
550222     WARN  main            d.u.i.k.j.r.KeYCrossReferenceNameInfo Datatype java.lang.System declared twice: Once in FILE:/home/runner/work/key/key/key.core/../key.ui/examples/standard_key/staticInitialisation/classpath/System.java and once in URL:file:/home/runner/work/key/key/key.core/build/resources/main/de/uka/ilkd/key/java/JavaRedux/java/lang/System.java, Keeping one from URL:file:/home/runner/work/key/key/key.core/build/resources/main/de/uka/ilkd/key/java/JavaRedux/java/lang/System.java 
550222     WARN  main            d.u.i.k.j.r.KeYCrossReferenceNameInfo Datatype java.io.PrintStream declared twice: Once in FILE:/home/runner/work/key/key/key.core/../key.ui/examples/standard_key/staticInitialisation/classpath/PrintStream.java and once in URL:file:/home/runner/work/key/key/key.core/build/resources/main/de/uka/ilkd/key/java/JavaRedux/java/io/PrintStream.java, Keeping one from URL:file:/home/runner/work/key/key/key.core/build/resources/main/de/uka/ilkd/key/java/JavaRedux/java/io/PrintStream.java 
552649     DEBUG main            d.u.i.k.p.i.AbstractProblemLoader Init config took 2.45s 
552663     INFO  main            d.u.i.k.p.i.AbstractProblemLoader Replaying proof cascadeStaticInitialisation.key 
552664     DEBUG main            d.u.i.k.p.i.IntermediateProofReplayer Proof replay took 2.1ns 
553268     INFO  main            d.u.i.k.p.r.p.TestFile    ... finished proof: closed. 
553769     INFO  main            d.u.i.k.p.i.AbstractProblemLoader Loading environment from /home/runner/work/key/key/key.core/../key.ui/examples/standard_key/staticInitialisation/cascadeStaticInitialisation.key.proof 
553769     DEBUG main            d.u.i.k.p.i.AbstractProblemLoader Environment load took 71.7ns 
553770     INFO  main            d.u.i.k.p.i.AbstractProblemLoader Creating init config 
553787     WARN  main            d.u.i.k.j.r.KeYCrossReferenceNameInfo Datatype java.lang.System declared twice: Once in FILE:/home/runner/work/key/key/key.core/../key.ui/examples/standard_key/staticInitialisation/classpath/System.java and once in URL:file:/home/runner/work/key/key/key.core/build/resources/main/de/uka/ilkd/key/java/JavaRedux/java/lang/System.java, Keeping one from URL:file:/home/runner/work/key/key/key.core/build/resources/main/de/uka/ilkd/key/java/JavaRedux/java/lang/System.java 
553787     WARN  main            d.u.i.k.j.r.KeYCrossReferenceNameInfo Datatype java.io.PrintStream declared twice: Once in FILE:/home/runner/work/key/key/key.core/../key.ui/examples/standard_key/staticInitialisation/classpath/PrintStream.java and once in URL:file:/home/runner/work/key/key/key.core/build/resources/main/de/uka/ilkd/key/java/JavaRedux/java/io/PrintStream.java, Keeping one from URL:file:/home/runner/work/key/key/key.core/build/resources/main/de/uka/ilkd/key/java/JavaRedux/java/io/PrintStream.java 
556078     DEBUG main            d.u.i.k.p.i.AbstractProblemLoader Init config took 2.31s 
556092     INFO  main            d.u.i.k.p.i.AbstractProblemLoader Replaying proof cascadeStaticInitialisation.key.proof 
556227     DEBUG main            d.u.i.k.p.i.IntermediateProofReplayer Proof replay took 132.41ms 
556228     DEBUG main            d.u.i.k.p.r.p.TestFile    ... success: reloaded. 
556229     INFO  main            d.u.i.k.p.r.p.TestFile    Now processing file /home/runner/work/key/key/key.core/../key.ui/examples/standard_key/staticInitialisation/erroneousClassImpliesErroneousSubclass.key 
556229     INFO  main            d.u.i.k.p.i.AbstractProblemLoader Loading environment from /home/runner/work/key/key/key.core/../key.ui/examples/standard_key/staticInitialisation/erroneousClassImpliesErroneousSubclass.key 
556229     DEBUG main            d.u.i.k.p.i.AbstractProblemLoader Environment load took 132.9ns 
556230     INFO  main            d.u.i.k.p.i.AbstractProblemLoader Creating init config 
556252     WARN  main            d.u.i.k.j.r.KeYCrossReferenceNameInfo Datatype java.lang.System declared twice: Once in FILE:/home/runner/work/key/key/key.core/../key.ui/examples/standard_key/staticInitialisation/classpath/System.java and once in URL:file:/home/runner/work/key/key/key.core/build/resources/main/de/uka/ilkd/key/java/JavaRedux/java/lang/System.java, Keeping one from URL:file:/home/runner/work/key/key/key.core/build/resources/main/de/uka/ilkd/key/java/JavaRedux/java/lang/System.java 
556252     WARN  main            d.u.i.k.j.r.KeYCrossReferenceNameInfo Datatype java.io.PrintStream declared twice: Once in FILE:/home/runner/work/key/key/key.core/../key.ui/examples/standard_key/staticInitialisation/classpath/PrintStream.java and once in URL:file:/home/runner/work/key/key/key.core/build/resources/main/de/uka/ilkd/key/java/JavaRedux/java/io/PrintStream.java, Keeping one from URL:file:/home/runner/work/key/key/key.core/build/resources/main/de/uka/ilkd/key/java/JavaRedux/java/io/PrintStream.java 
558582     DEBUG main            d.u.i.k.p.i.AbstractProblemLoader Init config took 2.35s 
558595     INFO  main            d.u.i.k.p.i.AbstractProblemLoader Replaying proof erroneousClassImpliesErroneousSubclass.key 
558596     DEBUG main            d.u.i.k.p.i.IntermediateProofReplayer Proof replay took 2.7ns 
558697     INFO  main            d.u.i.k.p.r.p.TestFile    ... finished proof: closed. 
559171     INFO  main            d.u.i.k.p.i.AbstractProblemLoader Loading environment from /home/runner/work/key/key/key.core/../key.ui/examples/standard_key/staticInitialisation/erroneousClassImpliesErroneousSubclass.key.proof 
559171     DEBUG main            d.u.i.k.p.i.AbstractProblemLoader Environment load took 65.8ns 
559172     INFO  main            d.u.i.k.p.i.AbstractProblemLoader Creating init config 
559188     WARN  main            d.u.i.k.j.r.KeYCrossReferenceNameInfo Datatype java.lang.System declared twice: Once in FILE:/home/runner/work/key/key/key.core/../key.ui/examples/standard_key/staticInitialisation/classpath/System.java and once in URL:file:/home/runner/work/key/key/key.core/build/resources/main/de/uka/ilkd/key/java/JavaRedux/java/lang/System.java, Keeping one from URL:file:/home/runner/work/key/key/key.core/build/resources/main/de/uka/ilkd/key/java/JavaRedux/java/lang/System.java 
559189     WARN  main            d.u.i.k.j.r.KeYCrossReferenceNameInfo Datatype java.io.PrintStream declared twice: Once in FILE:/home/runner/work/key/key/key.core/../key.ui/examples/standard_key/staticInitialisation/classpath/PrintStream.java and once in URL:file:/home/runner/work/key/key/key.core/build/resources/main/de/uka/ilkd/key/java/JavaRedux/java/io/PrintStream.java, Keeping one from URL:file:/home/runner/work/key/key/key.core/build/resources/main/de/uka/ilkd/key/java/JavaRedux/java/io/PrintStream.java 
561548     DEBUG main            d.u.i.k.p.i.AbstractProblemLoader Init config took 2.38s 
561561     INFO  main            d.u.i.k.p.i.AbstractProblemLoader Replaying proof erroneousClassImpliesErroneousSubclass.key.proof 
561562     DEBUG main            d.u.i.k.p.i.IntermediateProofReplayer Proof replay took 431.3ns 
561563     DEBUG main            d.u.i.k.p.r.p.TestFile    ... success: reloaded. 
561563     INFO  main            d.u.i.k.p.r.p.TestFile    Now processing file /home/runner/work/key/key/key.core/../key.ui/examples/standard_key/staticInitialisation/initializedSubclassImpliesInitializedSuperclass.key 
561564     INFO  main            d.u.i.k.p.i.AbstractProblemLoader Loading environment from /home/runner/work/key/key/key.core/../key.ui/examples/standard_key/staticInitialisation/initializedSubclassImpliesInitializedSuperclass.key 
561564     DEBUG main            d.u.i.k.p.i.AbstractProblemLoader Environment load took 49.4ns 
561564     INFO  main            d.u.i.k.p.i.AbstractProblemLoader Creating init config 
561581     WARN  main            d.u.i.k.j.r.KeYCrossReferenceNameInfo Datatype java.lang.System declared twice: Once in FILE:/home/runner/work/key/key/key.core/../key.ui/examples/standard_key/staticInitialisation/classpath/System.java and once in URL:file:/home/runner/work/key/key/key.core/build/resources/main/de/uka/ilkd/key/java/JavaRedux/java/lang/System.java, Keeping one from URL:file:/home/runner/work/key/key/key.core/build/resources/main/de/uka/ilkd/key/java/JavaRedux/java/lang/System.java 
561581     WARN  main            d.u.i.k.j.r.KeYCrossReferenceNameInfo Datatype java.io.PrintStream declared twice: Once in FILE:/home/runner/work/key/key/key.core/../key.ui/examples/standard_key/staticInitialisation/classpath/PrintStream.java and once in URL:file:/home/runner/work/key/key/key.core/build/resources/main/de/uka/ilkd/key/java/JavaRedux/java/io/PrintStream.java, Keeping one from URL:file:/home/runner/work/key/key/key.core/build/resources/main/de/uka/ilkd/key/java/JavaRedux/java/io/PrintStream.java 
563903     DEBUG main            d.u.i.k.p.i.AbstractProblemLoader Init config took 2.34s 
563915     INFO  main            d.u.i.k.p.i.AbstractProblemLoader Replaying proof initializedSubclassImpliesInitializedSuperclass.key 
563916     DEBUG main            d.u.i.k.p.i.IntermediateProofReplayer Proof replay took 2.7ns 
564018     INFO  main            d.u.i.k.p.r.p.TestFile    ... finished proof: closed. 
564482     INFO  main            d.u.i.k.p.i.AbstractProblemLoader Loading environment from /home/runner/work/key/key/key.core/../key.ui/examples/standard_key/staticInitialisation/initializedSubclassImpliesInitializedSuperclass.key.proof 
564482     DEBUG main            d.u.i.k.p.i.AbstractProblemLoader Environment load took 64.2ns 
564483     INFO  main            d.u.i.k.p.i.AbstractProblemLoader Creating init config 
564502     WARN  main            d.u.i.k.j.r.KeYCrossReferenceNameInfo Datatype java.lang.System declared twice: Once in FILE:/home/runner/work/key/key/key.core/../key.ui/examples/standard_key/staticInitialisation/classpath/System.java and once in URL:file:/home/runner/work/key/key/key.core/build/resources/main/de/uka/ilkd/key/java/JavaRedux/java/lang/System.java, Keeping one from URL:file:/home/runner/work/key/key/key.core/build/resources/main/de/uka/ilkd/key/java/JavaRedux/java/lang/System.java 
564502     WARN  main            d.u.i.k.j.r.KeYCrossReferenceNameInfo Datatype java.io.PrintStream declared twice: Once in FILE:/home/runner/work/key/key/key.core/../key.ui/examples/standard_key/staticInitialisation/classpath/PrintStream.java and once in URL:file:/home/runner/work/key/key/key.core/build/resources/main/de/uka/ilkd/key/java/JavaRedux/java/io/PrintStream.java, Keeping one from URL:file:/home/runner/work/key/key/key.core/build/resources/main/de/uka/ilkd/key/java/JavaRedux/java/io/PrintStream.java 
566860     DEBUG main            d.u.i.k.p.i.AbstractProblemLoader Init config took 2.38s 
566872     INFO  main            d.u.i.k.p.i.AbstractProblemLoader Replaying proof initializedSubclassImpliesInitializedSuperclass.key.proof 
566873     DEBUG main            d.u.i.k.p.i.IntermediateProofReplayer Proof replay took 345.2ns 
566874     DEBUG main            d.u.i.k.p.r.p.TestFile    ... success: reloaded. 
566875     INFO  main            d.u.i.k.p.r.p.TestFile    Now processing file /home/runner/work/key/key/key.core/../key.ui/examples/standard_key/staticInitialisation/localDeclared.key 
566875     INFO  main            d.u.i.k.p.i.AbstractProblemLoader Loading environment from /home/runner/work/key/key/key.core/../key.ui/examples/standard_key/staticInitialisation/localDeclared.key 
566875     DEBUG main            d.u.i.k.p.i.AbstractProblemLoader Environment load took 49.9ns 
566876     INFO  main            d.u.i.k.p.i.AbstractProblemLoader Creating init config 
566892     WARN  main            d.u.i.k.j.r.KeYCrossReferenceNameInfo Datatype java.lang.System declared twice: Once in FILE:/home/runner/work/key/key/key.core/../key.ui/examples/standard_key/staticInitialisation/classpath/System.java and once in URL:file:/home/runner/work/key/key/key.core/build/resources/main/de/uka/ilkd/key/java/JavaRedux/java/lang/System.java, Keeping one from URL:file:/home/runner/work/key/key/key.core/build/resources/main/de/uka/ilkd/key/java/JavaRedux/java/lang/System.java 
566893     WARN  main            d.u.i.k.j.r.KeYCrossReferenceNameInfo Datatype java.io.PrintStream declared twice: Once in FILE:/home/runner/work/key/key/key.core/../key.ui/examples/standard_key/staticInitialisation/classpath/PrintStream.java and once in URL:file:/home/runner/work/key/key/key.core/build/resources/main/de/uka/ilkd/key/java/JavaRedux/java/io/PrintStream.java, Keeping one from URL:file:/home/runner/work/key/key/key.core/build/resources/main/de/uka/ilkd/key/java/JavaRedux/java/io/PrintStream.java 
569232     DEBUG main            d.u.i.k.p.i.AbstractProblemLoader Init config took 2.36s 
569245     INFO  main            d.u.i.k.p.i.AbstractProblemLoader Replaying proof localDeclared.key 
569246     DEBUG main            d.u.i.k.p.i.IntermediateProofReplayer Proof replay took 2.1ns 
569550     INFO  main            d.u.i.k.p.r.p.TestFile    ... finished proof: closed. 
570024     INFO  main            d.u.i.k.p.i.AbstractProblemLoader Loading environment from /home/runner/work/key/key/key.core/../key.ui/examples/standard_key/staticInitialisation/localDeclared.key.proof 
570024     DEBUG main            d.u.i.k.p.i.AbstractProblemLoader Environment load took 73ns 
570025     INFO  main            d.u.i.k.p.i.AbstractProblemLoader Creating init config 
570046     WARN  main            d.u.i.k.j.r.KeYCrossReferenceNameInfo Datatype java.lang.System declared twice: Once in FILE:/home/runner/work/key/key/key.core/../key.ui/examples/standard_key/staticInitialisation/classpath/System.java and once in URL:file:/home/runner/work/key/key/key.core/build/resources/main/de/uka/ilkd/key/java/JavaRedux/java/lang/System.java, Keeping one from URL:file:/home/runner/work/key/key/key.core/build/resources/main/de/uka/ilkd/key/java/JavaRedux/java/lang/System.java 
570046     WARN  main            d.u.i.k.j.r.KeYCrossReferenceNameInfo Datatype java.io.PrintStream declared twice: Once in FILE:/home/runner/work/key/key/key.core/../key.ui/examples/standard_key/staticInitialisation/classpath/PrintStream.java and once in URL:file:/home/runner/work/key/key/key.core/build/resources/main/de/uka/ilkd/key/java/JavaRedux/java/io/PrintStream.java, Keeping one from URL:file:/home/runner/work/key/key/key.core/build/resources/main/de/uka/ilkd/key/java/JavaRedux/java/io/PrintStream.java 
572334     DEBUG main            d.u.i.k.p.i.AbstractProblemLoader Init config took 2.31s 
572347     INFO  main            d.u.i.k.p.i.AbstractProblemLoader Replaying proof localDeclared.key.proof 
572399     DEBUG main            d.u.i.k.p.i.IntermediateProofReplayer Proof replay took 50.21ms 
572400     DEBUG main            d.u.i.k.p.r.p.TestFile    ... success: reloaded. 
572400     INFO  main            d.u.i.k.p.r.p.TestFile    Now processing file /home/runner/work/key/key/key.core/../key.ui/examples/standard_key/staticInitialisation/localDeclaredMethod.key 
572400     INFO  main            d.u.i.k.p.i.AbstractProblemLoader Loading environment from /home/runner/work/key/key/key.core/../key.ui/examples/standard_key/staticInitialisation/localDeclaredMethod.key 
572400     DEBUG main            d.u.i.k.p.i.AbstractProblemLoader Environment load took 65ns 
572402     INFO  main            d.u.i.k.p.i.AbstractProblemLoader Creating init config 
572418     WARN  main            d.u.i.k.j.r.KeYCrossReferenceNameInfo Datatype java.lang.System declared twice: Once in FILE:/home/runner/work/key/key/key.core/../key.ui/examples/standard_key/staticInitialisation/classpath/System.java and once in URL:file:/home/runner/work/key/key/key.core/build/resources/main/de/uka/ilkd/key/java/JavaRedux/java/lang/System.java, Keeping one from URL:file:/home/runner/work/key/key/key.core/build/resources/main/de/uka/ilkd/key/java/JavaRedux/java/lang/System.java 
572418     WARN  main            d.u.i.k.j.r.KeYCrossReferenceNameInfo Datatype java.io.PrintStream declared twice: Once in FILE:/home/runner/work/key/key/key.core/../key.ui/examples/standard_key/staticInitialisation/classpath/PrintStream.java and once in URL:file:/home/runner/work/key/key/key.core/build/resources/main/de/uka/ilkd/key/java/JavaRedux/java/io/PrintStream.java, Keeping one from URL:file:/home/runner/work/key/key/key.core/build/resources/main/de/uka/ilkd/key/java/JavaRedux/java/io/PrintStream.java 
574742     DEBUG main            d.u.i.k.p.i.AbstractProblemLoader Init config took 2.34s 
574756     INFO  main            d.u.i.k.p.i.AbstractProblemLoader Replaying proof localDeclaredMethod.key 
574756     DEBUG main            d.u.i.k.p.i.IntermediateProofReplayer Proof replay took 2.9ns 
574959     INFO  main            d.u.i.k.p.r.p.TestFile    ... finished proof: closed. 
575446     INFO  main            d.u.i.k.p.i.AbstractProblemLoader Loading environment from /home/runner/work/key/key/key.core/../key.ui/examples/standard_key/staticInitialisation/localDeclaredMethod.key.proof 
575446     DEBUG main            d.u.i.k.p.i.AbstractProblemLoader Environment load took 72.3ns 
575447     INFO  main            d.u.i.k.p.i.AbstractProblemLoader Creating init config 
575468     WARN  main            d.u.i.k.j.r.KeYCrossReferenceNameInfo Datatype java.lang.System declared twice: Once in FILE:/home/runner/work/key/key/key.core/../key.ui/examples/standard_key/staticInitialisation/classpath/System.java and once in URL:file:/home/runner/work/key/key/key.core/build/resources/main/de/uka/ilkd/key/java/JavaRedux/java/lang/System.java, Keeping one from URL:file:/home/runner/work/key/key/key.core/build/resources/main/de/uka/ilkd/key/java/JavaRedux/java/lang/System.java 
575468     WARN  main            d.u.i.k.j.r.KeYCrossReferenceNameInfo Datatype java.io.PrintStream declared twice: Once in FILE:/home/runner/work/key/key/key.core/../key.ui/examples/standard_key/staticInitialisation/classpath/PrintStream.java and once in URL:file:/home/runner/work/key/key/key.core/build/resources/main/de/uka/ilkd/key/java/JavaRedux/java/io/PrintStream.java, Keeping one from URL:file:/home/runner/work/key/key/key.core/build/resources/main/de/uka/ilkd/key/java/JavaRedux/java/io/PrintStream.java 
577830     DEBUG main            d.u.i.k.p.i.AbstractProblemLoader Init config took 2.38s 
577843     INFO  main            d.u.i.k.p.i.AbstractProblemLoader Replaying proof localDeclaredMethod.key.proof 
577891     DEBUG main            d.u.i.k.p.i.IntermediateProofReplayer Proof replay took 46.11ms 
577892     DEBUG main            d.u.i.k.p.r.p.TestFile    ... success: reloaded. 
577893     INFO  main            d.u.i.k.p.r.p.TestFile    Now processing file /home/runner/work/key/key/key.core/../key.ui/examples/standard_key/staticInitialisation/objectOfErroneousClass.key 
577893     INFO  main            d.u.i.k.p.i.AbstractProblemLoader Loading environment from /home/runner/work/key/key/key.core/../key.ui/examples/standard_key/staticInitialisation/objectOfErroneousClass.key 
577893     DEBUG main            d.u.i.k.p.i.AbstractProblemLoader Environment load took 77.8ns 
577894     INFO  main            d.u.i.k.p.i.AbstractProblemLoader Creating init config 
577910     WARN  main            d.u.i.k.j.r.KeYCrossReferenceNameInfo Datatype java.lang.System declared twice: Once in FILE:/home/runner/work/key/key/key.core/../key.ui/examples/standard_key/staticInitialisation/classpath/System.java and once in URL:file:/home/runner/work/key/key/key.core/build/resources/main/de/uka/ilkd/key/java/JavaRedux/java/lang/System.java, Keeping one from URL:file:/home/runner/work/key/key/key.core/build/resources/main/de/uka/ilkd/key/java/JavaRedux/java/lang/System.java 
577910     WARN  main            d.u.i.k.j.r.KeYCrossReferenceNameInfo Datatype java.io.PrintStream declared twice: Once in FILE:/home/runner/work/key/key/key.core/../key.ui/examples/standard_key/staticInitialisation/classpath/PrintStream.java and once in URL:file:/home/runner/work/key/key/key.core/build/resources/main/de/uka/ilkd/key/java/JavaRedux/java/io/PrintStream.java, Keeping one from URL:file:/home/runner/work/key/key/key.core/build/resources/main/de/uka/ilkd/key/java/JavaRedux/java/io/PrintStream.java 
580248     DEBUG main            d.u.i.k.p.i.AbstractProblemLoader Init config took 2.35s 
580262     INFO  main            d.u.i.k.p.i.AbstractProblemLoader Replaying proof objectOfErroneousClass.key 
580264     DEBUG main            d.u.i.k.p.i.IntermediateProofReplayer Proof replay took 2.4ns 
592637     INFO  main            d.u.i.k.p.r.p.TestFile    ... finished proof: closed. 
593184     INFO  main            d.u.i.k.p.i.AbstractProblemLoader Loading environment from /home/runner/work/key/key/key.core/../key.ui/examples/standard_key/staticInitialisation/objectOfErroneousClass.key.proof 
593184     DEBUG main            d.u.i.k.p.i.AbstractProblemLoader Environment load took 293.4ns 
593187     INFO  main            d.u.i.k.p.i.AbstractProblemLoader Creating init config 
593204     WARN  main            d.u.i.k.j.r.KeYCrossReferenceNameInfo Datatype java.lang.System declared twice: Once in FILE:/home/runner/work/key/key/key.core/../key.ui/examples/standard_key/staticInitialisation/classpath/System.java and once in URL:file:/home/runner/work/key/key/key.core/build/resources/main/de/uka/ilkd/key/java/JavaRedux/java/lang/System.java, Keeping one from URL:file:/home/runner/work/key/key/key.core/build/resources/main/de/uka/ilkd/key/java/JavaRedux/java/lang/System.java 
593204     WARN  main            d.u.i.k.j.r.KeYCrossReferenceNameInfo Datatype java.io.PrintStream declared twice: Once in FILE:/home/runner/work/key/key/key.core/../key.ui/examples/standard_key/staticInitialisation/classpath/PrintStream.java and once in URL:file:/home/runner/work/key/key/key.core/build/resources/main/de/uka/ilkd/key/java/JavaRedux/java/io/PrintStream.java, Keeping one from URL:file:/home/runner/work/key/key/key.core/build/resources/main/de/uka/ilkd/key/java/JavaRedux/java/io/PrintStream.java 
595506     DEBUG main            d.u.i.k.p.i.AbstractProblemLoader Init config took 2.32s 
595520     INFO  main            d.u.i.k.p.i.AbstractProblemLoader Replaying proof objectOfErroneousClass.key.proof 
597482     DEBUG main            d.u.i.k.p.i.IntermediateProofReplayer Proof replay took 1.94s 
597485     DEBUG main            d.u.i.k.p.r.p.TestFile    ... success: reloaded. 
597486     INFO  main            d.u.i.k.p.r.p.TestFile    Now processing file /home/runner/work/key/key/key.core/../key.ui/examples/standard_key/staticInitialisation/staticInitialisersAreNonSimple.key 
597486     INFO  main            d.u.i.k.p.i.AbstractProblemLoader Loading environment from /home/runner/work/key/key/key.core/../key.ui/examples/standard_key/staticInitialisation/staticInitialisersAreNonSimple.key 
597486     DEBUG main            d.u.i.k.p.i.AbstractProblemLoader Environment load took 94.1ns 
597488     INFO  main            d.u.i.k.p.i.AbstractProblemLoader Creating init config 
597544     WARN  main            d.u.i.k.j.r.KeYCrossReferenceNameInfo Datatype java.lang.System declared twice: Once in FILE:/home/runner/work/key/key/key.core/../key.ui/examples/standard_key/staticInitialisation/classpath/System.java and once in URL:file:/home/runner/work/key/key/key.core/build/resources/main/de/uka/ilkd/key/java/JavaRedux/java/lang/System.java, Keeping one from URL:file:/home/runner/work/key/key/key.core/build/resources/main/de/uka/ilkd/key/java/JavaRedux/java/lang/System.java 
597544     WARN  main            d.u.i.k.j.r.KeYCrossReferenceNameInfo Datatype java.io.PrintStream declared twice: Once in FILE:/home/runner/work/key/key/key.core/../key.ui/examples/standard_key/staticInitialisation/classpath/PrintStream.java and once in URL:file:/home/runner/work/key/key/key.core/build/resources/main/de/uka/ilkd/key/java/JavaRedux/java/io/PrintStream.java, Keeping one from URL:file:/home/runner/work/key/key/key.core/build/resources/main/de/uka/ilkd/key/java/JavaRedux/java/io/PrintStream.java 
599923     DEBUG main            d.u.i.k.p.i.AbstractProblemLoader Init config took 2.43s 
599936     INFO  main            d.u.i.k.p.i.AbstractProblemLoader Replaying proof staticInitialisersAreNonSimple.key 
599937     DEBUG main            d.u.i.k.p.i.IntermediateProofReplayer Proof replay took 2.1ns 
600243     INFO  main            d.u.i.k.p.r.p.TestFile    ... finished proof: closed. 
600797     INFO  main            d.u.i.k.p.i.AbstractProblemLoader Loading environment from /home/runner/work/key/key/key.core/../key.ui/examples/standard_key/staticInitialisation/staticInitialisersAreNonSimple.key.proof 
600797     DEBUG main            d.u.i.k.p.i.AbstractProblemLoader Environment load took 70.2ns 
600798     INFO  main            d.u.i.k.p.i.AbstractProblemLoader Creating init config 
600816     WARN  main            d.u.i.k.j.r.KeYCrossReferenceNameInfo Datatype java.lang.System declared twice: Once in FILE:/home/runner/work/key/key/key.core/../key.ui/examples/standard_key/staticInitialisation/classpath/System.java and once in URL:file:/home/runner/work/key/key/key.core/build/resources/main/de/uka/ilkd/key/java/JavaRedux/java/lang/System.java, Keeping one from URL:file:/home/runner/work/key/key/key.core/build/resources/main/de/uka/ilkd/key/java/JavaRedux/java/lang/System.java 
600816     WARN  main            d.u.i.k.j.r.KeYCrossReferenceNameInfo Datatype java.io.PrintStream declared twice: Once in FILE:/home/runner/work/key/key/key.core/../key.ui/examples/standard_key/staticInitialisation/classpath/PrintStream.java and once in URL:file:/home/runner/work/key/key/key.core/build/resources/main/de/uka/ilkd/key/java/JavaRedux/java/io/PrintStream.java, Keeping one from URL:file:/home/runner/work/key/key/key.core/build/resources/main/de/uka/ilkd/key/java/JavaRedux/java/io/PrintStream.java 
603202     DEBUG main            d.u.i.k.p.i.AbstractProblemLoader Init config took 2.4s 
603215     INFO  main            d.u.i.k.p.i.AbstractProblemLoader Replaying proof staticInitialisersAreNonSimple.key.proof 
603285     DEBUG main            d.u.i.k.p.i.IntermediateProofReplayer Proof replay took 67.76ms 
603286     DEBUG main            d.u.i.k.p.r.p.TestFile    ... success: reloaded. 
603287     INFO  main            d.u.i.k.p.r.p.TestFile    Now processing file /home/runner/work/key/key/key.core/../key.ui/examples/standard_key/types/disjoint.key 
603287     INFO  main            d.u.i.k.p.i.AbstractProblemLoader Loading environment from /home/runner/work/key/key/key.core/../key.ui/examples/standard_key/types/disjoint.key 
603287     DEBUG main            d.u.i.k.p.i.AbstractProblemLoader Environment load took 51ns 
603288     INFO  main            d.u.i.k.p.i.AbstractProblemLoader Creating init config 
605579     DEBUG main            d.u.i.k.p.i.AbstractProblemLoader Init config took 2.29s 
605591     INFO  main            d.u.i.k.p.i.AbstractProblemLoader Replaying proof disjoint.key 
605592     DEBUG main            d.u.i.k.p.i.IntermediateProofReplayer Proof replay took 2.3ns 
605694     INFO  main            d.u.i.k.p.r.p.TestFile    ... finished proof: closed. 
606195     INFO  main            d.u.i.k.p.i.AbstractProblemLoader Loading environment from /home/runner/work/key/key/key.core/../key.ui/examples/standard_key/types/disjoint.key.proof 
606195     DEBUG main            d.u.i.k.p.i.AbstractProblemLoader Environment load took 63.4ns 
606195     INFO  main            d.u.i.k.p.i.AbstractProblemLoader Creating init config 
608441     DEBUG main            d.u.i.k.p.i.AbstractProblemLoader Init config took 2.25s 
608453     INFO  main            d.u.i.k.p.i.AbstractProblemLoader Replaying proof disjoint.key.proof 
608454     DEBUG main            d.u.i.k.p.i.IntermediateProofReplayer Proof replay took 415.5ns 
608455     DEBUG main            d.u.i.k.p.r.p.TestFile    ... success: reloaded. 
608455     INFO  main            d.u.i.k.p.r.p.TestFile    Now processing file /home/runner/work/key/key/key.core/../key.ui/examples/../../key.core/src/test/resources/testcase/classpath/classpath.key 
608455     INFO  main            d.u.i.k.p.i.AbstractProblemLoader Loading environment from /home/runner/work/key/key/key.core/../key.ui/examples/../../key.core/src/test/resources/testcase/classpath/classpath.key 
608455     DEBUG main            d.u.i.k.p.i.AbstractProblemLoader Environment load took 81.9ns 
608456     INFO  main            d.u.i.k.p.i.AbstractProblemLoader Creating init config 
608475     WARN  main            d.u.i.k.j.r.KeYCrossReferenceNameInfo Datatype cp.C declared twice: Once in FILE:/home/runner/work/key/key/key.core/../key.ui/examples/../../key.core/src/test/resources/testcase/classpath/classpath/C.class and once in FILE:/home/runner/work/key/key/key.core/../key.ui/examples/../../key.core/src/test/resources/testcase/classpath/classpath/C.jml, Keeping one from FILE:/home/runner/work/key/key/key.core/../key.ui/examples/../../key.core/src/test/resources/testcase/classpath/classpath/C.jml 
608477     DEBUG main            d.u.i.k.j.r.ClassFileDeclarationBuilder Parsing: package cp; public class Unresolved1 { } 
608478     DEBUG main            r.s.KeYCrossReferenceSourceInfo Dynamically created class: cp.Unresolved1 
608478     DEBUG main            d.u.i.k.j.r.ClassFileDeclarationBuilder Parsing: package cp; public class Unresolved2 { } 
608478     DEBUG main            r.s.KeYCrossReferenceSourceInfo Dynamically created class: cp.Unresolved2 
610892     DEBUG main            d.u.i.k.p.i.AbstractProblemLoader Init config took 2.44s 
610906     INFO  main            d.u.i.k.p.i.AbstractProblemLoader Replaying proof classpath.key 
610907     DEBUG main            d.u.i.k.p.i.IntermediateProofReplayer Proof replay took 2.6ns 
611009     INFO  main            d.u.i.k.p.r.p.TestFile    ... finished proof: closed. 
611507     INFO  main            d.u.i.k.p.i.AbstractProblemLoader Loading environment from /home/runner/work/key/key/key.core/../key.ui/examples/../../key.core/src/test/resources/testcase/classpath/classpath.key.proof 
611507     DEBUG main            d.u.i.k.p.i.AbstractProblemLoader Environment load took 62.2ns 
611508     INFO  main            d.u.i.k.p.i.AbstractProblemLoader Creating init config 
611529     WARN  main            d.u.i.k.j.r.KeYCrossReferenceNameInfo Datatype cp.C declared twice: Once in FILE:/home/runner/work/key/key/key.core/../key.ui/examples/../../key.core/src/test/resources/testcase/classpath/classpath/C.class and once in FILE:/home/runner/work/key/key/key.core/../key.ui/examples/../../key.core/src/test/resources/testcase/classpath/classpath/C.jml, Keeping one from FILE:/home/runner/work/key/key/key.core/../key.ui/examples/../../key.core/src/test/resources/testcase/classpath/classpath/C.jml 
611532     DEBUG main            d.u.i.k.j.r.ClassFileDeclarationBuilder Parsing: package cp; public class Unresolved1 { } 
611532     DEBUG main            r.s.KeYCrossReferenceSourceInfo Dynamically created class: cp.Unresolved1 
611533     DEBUG main            d.u.i.k.j.r.ClassFileDeclarationBuilder Parsing: package cp; public class Unresolved2 { } 
611533     DEBUG main            r.s.KeYCrossReferenceSourceInfo Dynamically created class: cp.Unresolved2 
613901     DEBUG main            d.u.i.k.p.i.AbstractProblemLoader Init config took 2.39s 
613914     INFO  main            d.u.i.k.p.i.AbstractProblemLoader Replaying proof classpath.key.proof 
613916     DEBUG main            d.u.i.k.p.i.IntermediateProofReplayer Proof replay took 427.8ns 
613917     DEBUG main            d.u.i.k.p.r.p.TestFile    ... success: reloaded. 
613917     INFO  main            d.u.i.k.p.r.p.TestFile    Now processing file /home/runner/work/key/key/key.core/../key.ui/examples/heap/inconsistent_represents/MyClass_m.key 
613917     INFO  main            d.u.i.k.p.i.AbstractProblemLoader Loading environment from /home/runner/work/key/key/key.core/../key.ui/examples/heap/inconsistent_represents/MyClass_m.key 
613917     DEBUG main            d.u.i.k.p.i.AbstractProblemLoader Environment load took 38.1ns 
613918     INFO  main            d.u.i.k.p.i.AbstractProblemLoader Creating init config 
616288     DEBUG main            d.u.i.k.p.i.AbstractProblemLoader Init config took 2.37s 
616321     INFO  main            d.u.i.k.p.i.AbstractProblemLoader Replaying proof MyClass[MyClass::m()].JML operation contract.0 
616323     DEBUG main            d.u.i.k.p.i.IntermediateProofReplayer Proof replay took 2.8ns 
616424     INFO  main            d.u.i.k.p.r.p.TestFile    ... finished proof: open goal(s) 
616917     INFO  main            d.u.i.k.p.r.p.TestFile    Now processing file /home/runner/work/key/key/key.core/../key.ui/examples/heap/inconsistent_represents/MyClass_n.key 
616917     INFO  main            d.u.i.k.p.i.AbstractProblemLoader Loading environment from /home/runner/work/key/key/key.core/../key.ui/examples/heap/inconsistent_represents/MyClass_n.key 
616917     DEBUG main            d.u.i.k.p.i.AbstractProblemLoader Environment load took 40.9ns 
616918     INFO  main            d.u.i.k.p.i.AbstractProblemLoader Creating init config 
619233     DEBUG main            d.u.i.k.p.i.AbstractProblemLoader Init config took 2.31s 
619265     INFO  main            d.u.i.k.p.i.AbstractProblemLoader Replaying proof MyClass[MyClass::n()].JML operation contract.0 
619267     DEBUG main            d.u.i.k.p.i.IntermediateProofReplayer Proof replay took 2.5ns 
619371     INFO  main            d.u.i.k.p.r.p.TestFile    ... finished proof: open goal(s) 
3464602    INFO  Test worker     d.u.i.k.p.r.RunAllProofsTestUnit Returning from test javadl 
3464603    INFO  Test worker     d.u.i.k.p.r.RunAllProofsTestUnit Running test FOL 
333        INFO  Timeout watchdog d.u.i.k.p.r.p.ForkedTestFileRunner Timeout watcher launched (2000 secs.) 
354        WARN  main            d.u.i.k.s.ProofSettings   The settings in /home/runner/.key/proof-settings.props are *not* read. 
385        INFO  main            d.u.i.k.p.r.p.TestFile    Now processing file /home/runner/work/key/key/key.core/../key.ui/examples/standard_key/pred_log/count.key 
522        INFO  main            d.u.i.k.p.i.AbstractProblemLoader Loading environment from /home/runner/work/key/key/key.core/../key.ui/examples/standard_key/pred_log/count.key 
541        DEBUG main            d.u.i.k.p.i.AbstractProblemLoader Environment load took 1.83ms 
762        INFO  main            d.u.i.k.p.i.AbstractProblemLoader Creating init config 
1669       DEBUG main            d.u.i.k.j.TypeConverter   No LDT found for Meta 
1669       DEBUG main            d.u.i.k.j.TypeConverter   No LDT found for Meta 
1670       DEBUG main            d.u.i.k.j.TypeConverter   No LDT found for Meta 
1671       DEBUG main            d.u.i.k.j.TypeConverter   No LDT found for Meta 
2858       DEBUG main            d.u.i.k.j.TypeConverter   No LDT found for JavaBigintExpression 
7464       DEBUG main            d.u.i.k.p.i.AbstractProblemLoader Init config took 6.7s 
7522       INFO  main            d.u.i.k.p.i.AbstractProblemLoader Replaying proof count.key 
7551       DEBUG main            d.u.i.k.p.i.IntermediateProofReplayer Proof replay took 31.1ns 
7710       INFO  main            d.u.i.k.p.r.p.TestFile    ... finished proof: closed. 
7801       INFO  main            d.u.i.k.p.i.AbstractProblemLoader Loading environment from /home/runner/work/key/key/key.core/../key.ui/examples/standard_key/pred_log/count.key.proof 
7801       DEBUG main            d.u.i.k.p.i.AbstractProblemLoader Environment load took 157.5ns 
7806       INFO  main            d.u.i.k.p.i.AbstractProblemLoader Creating init config 
10349      DEBUG main            d.u.i.k.p.i.AbstractProblemLoader Init config took 2.54s 
10378      INFO  main            d.u.i.k.p.i.AbstractProblemLoader Replaying proof count.key.proof 
10394      DEBUG main            d.u.i.k.p.i.IntermediateProofReplayer Proof replay took 9.89ms 
10406      DEBUG main            d.u.i.k.p.r.p.TestFile    ... success: reloaded. 
10407      INFO  main            d.u.i.k.p.r.p.TestFile    Now processing file /home/runner/work/key/key/key.core/../key.ui/examples/standard_key/pred_log/count2.key 
10408      INFO  main            d.u.i.k.p.i.AbstractProblemLoader Loading environment from /home/runner/work/key/key/key.core/../key.ui/examples/standard_key/pred_log/count2.key 
10408      DEBUG main            d.u.i.k.p.i.AbstractProblemLoader Environment load took 172.1ns 
10411      INFO  main            d.u.i.k.p.i.AbstractProblemLoader Creating init config 
12858      DEBUG main            d.u.i.k.p.i.AbstractProblemLoader Init config took 2.45s 
12885      INFO  main            d.u.i.k.p.i.AbstractProblemLoader Replaying proof count2.key 
12887      DEBUG main            d.u.i.k.p.i.IntermediateProofReplayer Proof replay took 5.5ns 
12989      INFO  main            d.u.i.k.p.r.p.TestFile    ... finished proof: closed. 
13111      INFO  main            d.u.i.k.p.i.AbstractProblemLoader Loading environment from /home/runner/work/key/key/key.core/../key.ui/examples/standard_key/pred_log/count2.key.proof 
13111      DEBUG main            d.u.i.k.p.i.AbstractProblemLoader Environment load took 120.9ns 
13114      INFO  main            d.u.i.k.p.i.AbstractProblemLoader Creating init config 
15485      DEBUG main            d.u.i.k.p.i.AbstractProblemLoader Init config took 2.37s 
15507      INFO  main            d.u.i.k.p.i.AbstractProblemLoader Replaying proof count2.key.proof 
15512      DEBUG main            d.u.i.k.p.i.IntermediateProofReplayer Proof replay took 3.55ms 
15514      DEBUG main            d.u.i.k.p.r.p.TestFile    ... success: reloaded. 
15514      INFO  main            d.u.i.k.p.r.p.TestFile    Now processing file /home/runner/work/key/key/key.core/../key.ui/examples/standard_key/pred_log/count3.key 
15515      INFO  main            d.u.i.k.p.i.AbstractProblemLoader Loading environment from /home/runner/work/key/key/key.core/../key.ui/examples/standard_key/pred_log/count3.key 
15515      DEBUG main            d.u.i.k.p.i.AbstractProblemLoader Environment load took 89.3ns 
15516      INFO  main            d.u.i.k.p.i.AbstractProblemLoader Creating init config 
17873      DEBUG main            d.u.i.k.p.i.AbstractProblemLoader Init config took 2.36s 
17893      INFO  main            d.u.i.k.p.i.AbstractProblemLoader Replaying proof count3.key 
17895      DEBUG main            d.u.i.k.p.i.IntermediateProofReplayer Proof replay took 5.2ns 
17999      INFO  main            d.u.i.k.p.r.p.TestFile    ... finished proof: closed. 
18116      INFO  main            d.u.i.k.p.i.AbstractProblemLoader Loading environment from /home/runner/work/key/key/key.core/../key.ui/examples/standard_key/pred_log/count3.key.proof 
18116      DEBUG main            d.u.i.k.p.i.AbstractProblemLoader Environment load took 103.1ns 
18117      INFO  main            d.u.i.k.p.i.AbstractProblemLoader Creating init config 
20392      DEBUG main            d.u.i.k.p.i.AbstractProblemLoader Init config took 2.27s 
20412      INFO  main            d.u.i.k.p.i.AbstractProblemLoader Replaying proof count3.key.proof 
20416      DEBUG main            d.u.i.k.p.i.IntermediateProofReplayer Proof replay took 2.87ms 
20417      DEBUG main            d.u.i.k.p.r.p.TestFile    ... success: reloaded. 
20418      INFO  main            d.u.i.k.p.r.p.TestFile    Now processing file /home/runner/work/key/key/key.core/../key.ui/examples/standard_key/pred_log/equalities.key 
20418      INFO  main            d.u.i.k.p.i.AbstractProblemLoader Loading environment from /home/runner/work/key/key/key.core/../key.ui/examples/standard_key/pred_log/equalities.key 
20418      DEBUG main            d.u.i.k.p.i.AbstractProblemLoader Environment load took 152.3ns 
20419      INFO  main            d.u.i.k.p.i.AbstractProblemLoader Creating init config 
22729      DEBUG main            d.u.i.k.p.i.AbstractProblemLoader Init config took 2.31s 
22748      INFO  main            d.u.i.k.p.i.AbstractProblemLoader Replaying proof equalities.key 
22750      DEBUG main            d.u.i.k.p.i.IntermediateProofReplayer Proof replay took 5.5ns 
22852      INFO  main            d.u.i.k.p.r.p.TestFile    ... finished proof: closed. 
22975      INFO  main            d.u.i.k.p.i.AbstractProblemLoader Loading environment from /home/runner/work/key/key/key.core/../key.ui/examples/standard_key/pred_log/equalities.key.proof 
22975      DEBUG main            d.u.i.k.p.i.AbstractProblemLoader Environment load took 108.7ns 
22976      INFO  main            d.u.i.k.p.i.AbstractProblemLoader Creating init config 
25253      DEBUG main            d.u.i.k.p.i.AbstractProblemLoader Init config took 2.28s 
25270      INFO  main            d.u.i.k.p.i.AbstractProblemLoader Replaying proof equalities.key.proof 
25273      DEBUG main            d.u.i.k.p.i.IntermediateProofReplayer Proof replay took 1.46ms 
25274      DEBUG main            d.u.i.k.p.r.p.TestFile    ... success: reloaded. 
25275      INFO  main            d.u.i.k.p.r.p.TestFile    Now processing file /home/runner/work/key/key/key.core/../key.ui/examples/standard_key/pred_log/equalities2.key 
25275      INFO  main            d.u.i.k.p.i.AbstractProblemLoader Loading environment from /home/runner/work/key/key/key.core/../key.ui/examples/standard_key/pred_log/equalities2.key 
25275      DEBUG main            d.u.i.k.p.i.AbstractProblemLoader Environment load took 149.5ns 
25276      INFO  main            d.u.i.k.p.i.AbstractProblemLoader Creating init config 
27575      DEBUG main            d.u.i.k.p.i.AbstractProblemLoader Init config took 2.3s 
27592      INFO  main            d.u.i.k.p.i.AbstractProblemLoader Replaying proof equalities2.key 
27593      DEBUG main            d.u.i.k.p.i.IntermediateProofReplayer Proof replay took 6.2ns 
27695      INFO  main            d.u.i.k.p.r.p.TestFile    ... finished proof: closed. 
27844      INFO  main            d.u.i.k.p.i.AbstractProblemLoader Loading environment from /home/runner/work/key/key/key.core/../key.ui/examples/standard_key/pred_log/equalities2.key.proof 
27844      DEBUG main            d.u.i.k.p.i.AbstractProblemLoader Environment load took 108.3ns 
27845      INFO  main            d.u.i.k.p.i.AbstractProblemLoader Creating init config 
30102      DEBUG main            d.u.i.k.p.i.AbstractProblemLoader Init config took 2.26s 
30123      INFO  main            d.u.i.k.p.i.AbstractProblemLoader Replaying proof equalities2.key.proof 
30135      DEBUG main            d.u.i.k.p.i.IntermediateProofReplayer Proof replay took 9.93ms 
30137      DEBUG main            d.u.i.k.p.r.p.TestFile    ... success: reloaded. 
30140      INFO  main            d.u.i.k.p.r.p.TestFile    Now processing file /home/runner/work/key/key/key.core/../key.ui/examples/standard_key/pred_log/equalities3.key 
30140      INFO  main            d.u.i.k.p.i.AbstractProblemLoader Loading environment from /home/runner/work/key/key/key.core/../key.ui/examples/standard_key/pred_log/equalities3.key 
30140      DEBUG main            d.u.i.k.p.i.AbstractProblemLoader Environment load took 514.9ns 
30141      INFO  main            d.u.i.k.p.i.AbstractProblemLoader Creating init config 
32407      DEBUG main            d.u.i.k.p.i.AbstractProblemLoader Init config took 2.27s 
32423      INFO  main            d.u.i.k.p.i.AbstractProblemLoader Replaying proof equalities3.key 
32424      DEBUG main            d.u.i.k.p.i.IntermediateProofReplayer Proof replay took 6.1ns 
32527      INFO  main            d.u.i.k.p.r.p.TestFile    ... finished proof: closed. 
32660      INFO  main            d.u.i.k.p.i.AbstractProblemLoader Loading environment from /home/runner/work/key/key/key.core/../key.ui/examples/standard_key/pred_log/equalities3.key.proof 
32660      DEBUG main            d.u.i.k.p.i.AbstractProblemLoader Environment load took 104.4ns 
32661      INFO  main            d.u.i.k.p.i.AbstractProblemLoader Creating init config 
34916      DEBUG main            d.u.i.k.p.i.AbstractProblemLoader Init config took 2.26s 
34931      INFO  main            d.u.i.k.p.i.AbstractProblemLoader Replaying proof equalities3.key.proof 
34954      DEBUG main            d.u.i.k.p.i.IntermediateProofReplayer Proof replay took 20.77ms 
34955      DEBUG main            d.u.i.k.p.r.p.TestFile    ... success: reloaded. 
34956      INFO  main            d.u.i.k.p.r.p.TestFile    Now processing file /home/runner/work/key/key/key.core/../key.ui/examples/standard_key/pred_log/functions.key 
34956      INFO  main            d.u.i.k.p.i.AbstractProblemLoader Loading environment from /home/runner/work/key/key/key.core/../key.ui/examples/standard_key/pred_log/functions.key 
34956      DEBUG main            d.u.i.k.p.i.AbstractProblemLoader Environment load took 153.1ns 
34957      INFO  main            d.u.i.k.p.i.AbstractProblemLoader Creating init config 
37203      DEBUG main            d.u.i.k.p.i.AbstractProblemLoader Init config took 2.25s 
37218      INFO  main            d.u.i.k.p.i.AbstractProblemLoader Replaying proof functions.key 
37219      DEBUG main            d.u.i.k.p.i.IntermediateProofReplayer Proof replay took 5.8ns 
37323      INFO  main            d.u.i.k.p.r.p.TestFile    ... finished proof: closed. 
37462      INFO  main            d.u.i.k.p.i.AbstractProblemLoader Loading environment from /home/runner/work/key/key/key.core/../key.ui/examples/standard_key/pred_log/functions.key.proof 
37462      DEBUG main            d.u.i.k.p.i.AbstractProblemLoader Environment load took 101.4ns 
37463      INFO  main            d.u.i.k.p.i.AbstractProblemLoader Creating init config 
39675      DEBUG main            d.u.i.k.p.i.AbstractProblemLoader Init config took 2.21s 
39689      INFO  main            d.u.i.k.p.i.AbstractProblemLoader Replaying proof functions.key.proof 
39693      DEBUG main            d.u.i.k.p.i.IntermediateProofReplayer Proof replay took 2.09ms 
39694      DEBUG main            d.u.i.k.p.r.p.TestFile    ... success: reloaded. 
39694      INFO  main            d.u.i.k.p.r.p.TestFile    Now processing file /home/runner/work/key/key/key.core/../key.ui/examples/standard_key/pred_log/mv1.key 
39695      INFO  main            d.u.i.k.p.i.AbstractProblemLoader Loading environment from /home/runner/work/key/key/key.core/../key.ui/examples/standard_key/pred_log/mv1.key 
39695      DEBUG main            d.u.i.k.p.i.AbstractProblemLoader Environment load took 145.6ns 
39696      INFO  main            d.u.i.k.p.i.AbstractProblemLoader Creating init config 
41919      DEBUG main            d.u.i.k.p.i.AbstractProblemLoader Init config took 2.22s 
41950      INFO  main            d.u.i.k.p.i.AbstractProblemLoader Replaying proof mv1.key 
41951      DEBUG main            d.u.i.k.p.i.IntermediateProofReplayer Proof replay took 6.1ns 
42053      INFO  main            d.u.i.k.p.r.p.TestFile    ... finished proof: closed. 
42183      INFO  main            d.u.i.k.p.i.AbstractProblemLoader Loading environment from /home/runner/work/key/key/key.core/../key.ui/examples/standard_key/pred_log/mv1.key.proof 
42183      DEBUG main            d.u.i.k.p.i.AbstractProblemLoader Environment load took 118.8ns 
42184      INFO  main            d.u.i.k.p.i.AbstractProblemLoader Creating init config 
44383      DEBUG main            d.u.i.k.p.i.AbstractProblemLoader Init config took 2.2s 
44398      INFO  main            d.u.i.k.p.i.AbstractProblemLoader Replaying proof mv1.key.proof 
44400      DEBUG main            d.u.i.k.p.i.IntermediateProofReplayer Proof replay took 864.8ns 
44401      DEBUG main            d.u.i.k.p.r.p.TestFile    ... success: reloaded. 
44402      INFO  main            d.u.i.k.p.r.p.TestFile    Now processing file /home/runner/work/key/key/key.core/../key.ui/examples/standard_key/pred_log/mv2.key 
44402      INFO  main            d.u.i.k.p.i.AbstractProblemLoader Loading environment from /home/runner/work/key/key/key.core/../key.ui/examples/standard_key/pred_log/mv2.key 
44402      DEBUG main            d.u.i.k.p.i.AbstractProblemLoader Environment load took 148.2ns 
44403      INFO  main            d.u.i.k.p.i.AbstractProblemLoader Creating init config 
46657      DEBUG main            d.u.i.k.p.i.AbstractProblemLoader Init config took 2.25s 
46671      INFO  main            d.u.i.k.p.i.AbstractProblemLoader Replaying proof mv2.key 
46673      DEBUG main            d.u.i.k.p.i.IntermediateProofReplayer Proof replay took 5.8ns 
46774      INFO  main            d.u.i.k.p.r.p.TestFile    ... finished proof: closed. 
46932      INFO  main            d.u.i.k.p.i.AbstractProblemLoader Loading environment from /home/runner/work/key/key/key.core/../key.ui/examples/standard_key/pred_log/mv2.key.proof 
46932      DEBUG main            d.u.i.k.p.i.AbstractProblemLoader Environment load took 99.6ns 
46933      INFO  main            d.u.i.k.p.i.AbstractProblemLoader Creating init config 
49122      DEBUG main            d.u.i.k.p.i.AbstractProblemLoader Init config took 2.19s 
49136      INFO  main            d.u.i.k.p.i.AbstractProblemLoader Replaying proof mv2.key.proof 
49144      DEBUG main            d.u.i.k.p.i.IntermediateProofReplayer Proof replay took 7.09ms 
49145      DEBUG main            d.u.i.k.p.r.p.TestFile    ... success: reloaded. 
49146      INFO  main            d.u.i.k.p.r.p.TestFile    Now processing file /home/runner/work/key/key/key.core/../key.ui/examples/standard_key/pred_log/quantifiers.key 
49146      INFO  main            d.u.i.k.p.i.AbstractProblemLoader Loading environment from /home/runner/work/key/key/key.core/../key.ui/examples/standard_key/pred_log/quantifiers.key 
49146      DEBUG main            d.u.i.k.p.i.AbstractProblemLoader Environment load took 165.4ns 
49147      INFO  main            d.u.i.k.p.i.AbstractProblemLoader Creating init config 
51376      DEBUG main            d.u.i.k.p.i.AbstractProblemLoader Init config took 2.23s 
51389      INFO  main            d.u.i.k.p.i.AbstractProblemLoader Replaying proof quantifiers.key 
51391      DEBUG main            d.u.i.k.p.i.IntermediateProofReplayer Proof replay took 5.7ns 
51492      INFO  main            d.u.i.k.p.r.p.TestFile    ... finished proof: closed. 
51646      INFO  main            d.u.i.k.p.i.AbstractProblemLoader Loading environment from /home/runner/work/key/key/key.core/../key.ui/examples/standard_key/pred_log/quantifiers.key.proof 
51646      DEBUG main            d.u.i.k.p.i.AbstractProblemLoader Environment load took 97.1ns 
51647      INFO  main            d.u.i.k.p.i.AbstractProblemLoader Creating init config 
53826      DEBUG main            d.u.i.k.p.i.AbstractProblemLoader Init config took 2.18s 
53839      INFO  main            d.u.i.k.p.i.AbstractProblemLoader Replaying proof quantifiers.key.proof 
53843      DEBUG main            d.u.i.k.p.i.IntermediateProofReplayer Proof replay took 2.09ms 
53843      DEBUG main            d.u.i.k.p.r.p.TestFile    ... success: reloaded. 
53844      INFO  main            d.u.i.k.p.r.p.TestFile    Now processing file /home/runner/work/key/key/key.core/../key.ui/examples/standard_key/pred_log/simpleEps.key 
53844      INFO  main            d.u.i.k.p.i.AbstractProblemLoader Loading environment from /home/runner/work/key/key/key.core/../key.ui/examples/standard_key/pred_log/simpleEps.key 
53844      DEBUG main            d.u.i.k.p.i.AbstractProblemLoader Environment load took 72.7ns 
53845      INFO  main            d.u.i.k.p.i.AbstractProblemLoader Creating init config 
56101      DEBUG main            d.u.i.k.p.i.AbstractProblemLoader Init config took 2.26s 
56116      INFO  main            d.u.i.k.p.i.AbstractProblemLoader Replaying proof simpleEps.key 
56117      DEBUG main            d.u.i.k.p.i.IntermediateProofReplayer Proof replay took 6.3ns 
56219      INFO  main            d.u.i.k.p.r.p.TestFile    ... finished proof: closed. 
56373      INFO  main            d.u.i.k.p.i.AbstractProblemLoader Loading environment from /home/runner/work/key/key/key.core/../key.ui/examples/standard_key/pred_log/simpleEps.key.proof 
56373      DEBUG main            d.u.i.k.p.i.AbstractProblemLoader Environment load took 99.5ns 
56374      INFO  main            d.u.i.k.p.i.AbstractProblemLoader Creating init config 
58577      DEBUG main            d.u.i.k.p.i.AbstractProblemLoader Init config took 2.2s 
58592      INFO  main            d.u.i.k.p.i.AbstractProblemLoader Replaying proof simpleEps.key.proof 
58603      DEBUG main            d.u.i.k.p.i.IntermediateProofReplayer Proof replay took 6.96ms 
58605      DEBUG main            d.u.i.k.p.r.p.TestFile    ... success: reloaded. 
58605      INFO  main            d.u.i.k.p.r.p.TestFile    Now processing file /home/runner/work/key/key/key.core/../key.ui/examples/standard_key/pred_log/steam1.key 
58605      INFO  main            d.u.i.k.p.i.AbstractProblemLoader Loading environment from /home/runner/work/key/key/key.core/../key.ui/examples/standard_key/pred_log/steam1.key 
58606      DEBUG main            d.u.i.k.p.i.AbstractProblemLoader Environment load took 82.2ns 
58608      INFO  main            d.u.i.k.p.i.AbstractProblemLoader Creating init config 
60858      DEBUG main            d.u.i.k.p.i.AbstractProblemLoader Init config took 2.25s 
60878      INFO  main            d.u.i.k.p.i.AbstractProblemLoader Replaying proof steam1.key 
60879      DEBUG main            d.u.i.k.p.i.IntermediateProofReplayer Proof replay took 5.6ns 
61186      INFO  main            d.u.i.k.p.r.p.TestFile    ... finished proof: closed. 
61360      INFO  main            d.u.i.k.p.i.AbstractProblemLoader Loading environment from /home/runner/work/key/key/key.core/../key.ui/examples/standard_key/pred_log/steam1.key.proof 
61369      DEBUG main            d.u.i.k.p.i.AbstractProblemLoader Environment load took 8.74ms 
61371      INFO  main            d.u.i.k.p.i.AbstractProblemLoader Creating init config 
63540      DEBUG main            d.u.i.k.p.i.AbstractProblemLoader Init config took 2.17s 
63560      INFO  main            d.u.i.k.p.i.AbstractProblemLoader Replaying proof steam1.key.proof 
63579      DEBUG main            d.u.i.k.p.i.IntermediateProofReplayer Proof replay took 15.46ms 
63580      DEBUG main            d.u.i.k.p.r.p.TestFile    ... success: reloaded. 
63581      INFO  main            d.u.i.k.p.r.p.TestFile    Now processing file /home/runner/work/key/key/key.core/../key.ui/examples/standard_key/pred_log/tptp/PUZ/PUZ001p1.key 
63581      INFO  main            d.u.i.k.p.i.AbstractProblemLoader Loading environment from /home/runner/work/key/key/key.core/../key.ui/examples/standard_key/pred_log/tptp/PUZ/PUZ001p1.key 
63581      DEBUG main            d.u.i.k.p.i.AbstractProblemLoader Environment load took 76ns 
63582      INFO  main            d.u.i.k.p.i.AbstractProblemLoader Creating init config 
65831      DEBUG main            d.u.i.k.p.i.AbstractProblemLoader Init config took 2.25s 
65851      INFO  main            d.u.i.k.p.i.AbstractProblemLoader Replaying proof PUZ001p1.key 
65852      DEBUG main            d.u.i.k.p.i.IntermediateProofReplayer Proof replay took 6.2ns 
68864      INFO  main            d.u.i.k.p.r.p.TestFile    ... finished proof: closed. 
69067      INFO  main            d.u.i.k.p.i.AbstractProblemLoader Loading environment from /home/runner/work/key/key/key.core/../key.ui/examples/standard_key/pred_log/tptp/PUZ/PUZ001p1.key.proof 
69067      DEBUG main            d.u.i.k.p.i.AbstractProblemLoader Environment load took 311.1ns 
69069      INFO  main            d.u.i.k.p.i.AbstractProblemLoader Creating init config 
71243      DEBUG main            d.u.i.k.p.i.AbstractProblemLoader Init config took 2.17s 
71257      INFO  main            d.u.i.k.p.i.AbstractProblemLoader Replaying proof PUZ001p1.key.proof 
71362      DEBUG main            d.u.i.k.p.i.IntermediateProofReplayer Proof replay took 96.66ms 
71364      DEBUG main            d.u.i.k.p.r.p.TestFile    ... success: reloaded. 
71364      INFO  main            d.u.i.k.p.r.p.TestFile    Now processing file /home/runner/work/key/key/key.core/../key.ui/examples/standard_key/pred_log/tptp/PUZ/PUZ001p1-eq.key 
71365      INFO  main            d.u.i.k.p.i.AbstractProblemLoader Loading environment from /home/runner/work/key/key/key.core/../key.ui/examples/standard_key/pred_log/tptp/PUZ/PUZ001p1-eq.key 
71365      DEBUG main            d.u.i.k.p.i.AbstractProblemLoader Environment load took 146.4ns 
71366      INFO  main            d.u.i.k.p.i.AbstractProblemLoader Creating init config 
73566      DEBUG main            d.u.i.k.p.i.AbstractProblemLoader Init config took 2.2s 
73580      INFO  main            d.u.i.k.p.i.AbstractProblemLoader Replaying proof PUZ001p1-eq.key 
73582      DEBUG main            d.u.i.k.p.i.IntermediateProofReplayer Proof replay took 6.1ns 
73784      INFO  main            d.u.i.k.p.r.p.TestFile    ... finished proof: closed. 
73979      INFO  main            d.u.i.k.p.i.AbstractProblemLoader Loading environment from /home/runner/work/key/key/key.core/../key.ui/examples/standard_key/pred_log/tptp/PUZ/PUZ001p1-eq.key.proof 
73979      DEBUG main            d.u.i.k.p.i.AbstractProblemLoader Environment load took 97.8ns 
73980      INFO  main            d.u.i.k.p.i.AbstractProblemLoader Creating init config 
76128      DEBUG main            d.u.i.k.p.i.AbstractProblemLoader Init config took 2.15s 
76144      INFO  main            d.u.i.k.p.i.AbstractProblemLoader Replaying proof PUZ001p1-eq.key.proof 
76163      DEBUG main            d.u.i.k.p.i.IntermediateProofReplayer Proof replay took 15.44ms 
76164      DEBUG main            d.u.i.k.p.r.p.TestFile    ... success: reloaded. 
76165      INFO  main            d.u.i.k.p.r.p.TestFile    Now processing file /home/runner/work/key/key/key.core/../key.ui/examples/standard_key/pred_log/tptp/PUZ/PUZ031p1.key 
76165      INFO  main            d.u.i.k.p.i.AbstractProblemLoader Loading environment from /home/runner/work/key/key/key.core/../key.ui/examples/standard_key/pred_log/tptp/PUZ/PUZ031p1.key 
76165      DEBUG main            d.u.i.k.p.i.AbstractProblemLoader Environment load took 78.6ns 
76167      INFO  main            d.u.i.k.p.i.AbstractProblemLoader Creating init config 
78410      DEBUG main            d.u.i.k.p.i.AbstractProblemLoader Init config took 2.24s 
78424      INFO  main            d.u.i.k.p.i.AbstractProblemLoader Replaying proof PUZ031p1.key 
78425      DEBUG main            d.u.i.k.p.i.IntermediateProofReplayer Proof replay took 5.7ns 
86582      INFO  main            d.u.i.k.p.r.p.TestFile    ... finished proof: closed. 
86777      INFO  main            d.u.i.k.p.i.AbstractProblemLoader Loading environment from /home/runner/work/key/key/key.core/../key.ui/examples/standard_key/pred_log/tptp/PUZ/PUZ031p1.key.proof 
86777      DEBUG main            d.u.i.k.p.i.AbstractProblemLoader Environment load took 357.3ns 
86779      INFO  main            d.u.i.k.p.i.AbstractProblemLoader Creating init config 
88939      DEBUG main            d.u.i.k.p.i.AbstractProblemLoader Init config took 2.16s 
88953      INFO  main            d.u.i.k.p.i.AbstractProblemLoader Replaying proof PUZ031p1.key.proof 
89010      DEBUG main            d.u.i.k.p.i.IntermediateProofReplayer Proof replay took 52.23ms 
89012      DEBUG main            d.u.i.k.p.r.p.TestFile    ... success: reloaded. 
89013      INFO  main            d.u.i.k.p.r.p.TestFile    Now processing file /home/runner/work/key/key/key.core/../key.ui/examples/standard_key/pred_log/tptp/SET/SET027p3.key 
89013      INFO  main            d.u.i.k.p.i.AbstractProblemLoader Loading environment from /home/runner/work/key/key/key.core/../key.ui/examples/standard_key/pred_log/tptp/SET/SET027p3.key 
89013      DEBUG main            d.u.i.k.p.i.AbstractProblemLoader Environment load took 156.5ns 
89014      INFO  main            d.u.i.k.p.i.AbstractProblemLoader Creating init config 
91228      DEBUG main            d.u.i.k.p.i.AbstractProblemLoader Init config took 2.21s 
91240      INFO  main            d.u.i.k.p.i.AbstractProblemLoader Replaying proof SET027p3.key 
91241      DEBUG main            d.u.i.k.p.i.IntermediateProofReplayer Proof replay took 5.8ns 
91343      INFO  main            d.u.i.k.p.r.p.TestFile    ... finished proof: closed. 
91544      INFO  main            d.u.i.k.p.i.AbstractProblemLoader Loading environment from /home/runner/work/key/key/key.core/../key.ui/examples/standard_key/pred_log/tptp/SET/SET027p3.key.proof 
91544      DEBUG main            d.u.i.k.p.i.AbstractProblemLoader Environment load took 101.9ns 
91545      INFO  main            d.u.i.k.p.i.AbstractProblemLoader Creating init config 
93694      DEBUG main            d.u.i.k.p.i.AbstractProblemLoader Init config took 2.15s 
93706      INFO  main            d.u.i.k.p.i.AbstractProblemLoader Replaying proof SET027p3.key.proof 
93712      DEBUG main            d.u.i.k.p.i.IntermediateProofReplayer Proof replay took 4.07ms 
93713      DEBUG main            d.u.i.k.p.r.p.TestFile    ... success: reloaded. 
93713      INFO  main            d.u.i.k.p.r.p.TestFile    Now processing file /home/runner/work/key/key/key.core/../key.ui/examples/standard_key/pred_log/tptp/SET/SET043p1.key 
93713      INFO  main            d.u.i.k.p.i.AbstractProblemLoader Loading environment from /home/runner/work/key/key/key.core/../key.ui/examples/standard_key/pred_log/tptp/SET/SET043p1.key 
93713      DEBUG main            d.u.i.k.p.i.AbstractProblemLoader Environment load took 76.9ns 
93714      INFO  main            d.u.i.k.p.i.AbstractProblemLoader Creating init config 
95920      DEBUG main            d.u.i.k.p.i.AbstractProblemLoader Init config took 2.21s 
95934      INFO  main            d.u.i.k.p.i.AbstractProblemLoader Replaying proof SET043p1.key 
95935      DEBUG main            d.u.i.k.p.i.IntermediateProofReplayer Proof replay took 5.8ns 
96036      INFO  main            d.u.i.k.p.r.p.TestFile    ... finished proof: closed. 
96225      INFO  main            d.u.i.k.p.i.AbstractProblemLoader Loading environment from /home/runner/work/key/key/key.core/../key.ui/examples/standard_key/pred_log/tptp/SET/SET043p1.key.proof 
96225      DEBUG main            d.u.i.k.p.i.AbstractProblemLoader Environment load took 139.1ns 
96226      INFO  main            d.u.i.k.p.i.AbstractProblemLoader Creating init config 
98388      DEBUG main            d.u.i.k.p.i.AbstractProblemLoader Init config took 2.16s 
98400      INFO  main            d.u.i.k.p.i.AbstractProblemLoader Replaying proof SET043p1.key.proof 
98402      DEBUG main            d.u.i.k.p.i.IntermediateProofReplayer Proof replay took 1.08ms 
98403      DEBUG main            d.u.i.k.p.r.p.TestFile    ... success: reloaded. 
98404      INFO  main            d.u.i.k.p.r.p.TestFile    Now processing file /home/runner/work/key/key/key.core/../key.ui/examples/standard_key/pred_log/tptp/SET/SET045p1.key 
98404      INFO  main            d.u.i.k.p.i.AbstractProblemLoader Loading environment from /home/runner/work/key/key/key.core/../key.ui/examples/standard_key/pred_log/tptp/SET/SET045p1.key 
98404      DEBUG main            d.u.i.k.p.i.AbstractProblemLoader Environment load took 61.4ns 
98405      INFO  main            d.u.i.k.p.i.AbstractProblemLoader Creating init config 
100612     DEBUG main            d.u.i.k.p.i.AbstractProblemLoader Init config took 2.21s 
100624     INFO  main            d.u.i.k.p.i.AbstractProblemLoader Replaying proof SET045p1.key 
100625     DEBUG main            d.u.i.k.p.i.IntermediateProofReplayer Proof replay took 6.2ns 
100727     INFO  main            d.u.i.k.p.r.p.TestFile    ... finished proof: closed. 
100923     INFO  main            d.u.i.k.p.i.AbstractProblemLoader Loading environment from /home/runner/work/key/key/key.core/../key.ui/examples/standard_key/pred_log/tptp/SET/SET045p1.key.proof 
100923     DEBUG main            d.u.i.k.p.i.AbstractProblemLoader Environment load took 105.3ns 
100924     INFO  main            d.u.i.k.p.i.AbstractProblemLoader Creating init config 
103068     DEBUG main            d.u.i.k.p.i.AbstractProblemLoader Init config took 2.14s 
103080     INFO  main            d.u.i.k.p.i.AbstractProblemLoader Replaying proof SET045p1.key.proof 
103085     DEBUG main            d.u.i.k.p.i.IntermediateProofReplayer Proof replay took 3.6ms 
103086     DEBUG main            d.u.i.k.p.r.p.TestFile    ... success: reloaded. 
103087     INFO  main            d.u.i.k.p.r.p.TestFile    Now processing file /home/runner/work/key/key/key.core/../key.ui/examples/standard_key/pred_log/tptp/SET/SET062p3.key 
103087     INFO  main            d.u.i.k.p.i.AbstractProblemLoader Loading environment from /home/runner/work/key/key/key.core/../key.ui/examples/standard_key/pred_log/tptp/SET/SET062p3.key 
103087     DEBUG main            d.u.i.k.p.i.AbstractProblemLoader Environment load took 78ns 
103088     INFO  main            d.u.i.k.p.i.AbstractProblemLoader Creating init config 
105287     DEBUG main            d.u.i.k.p.i.AbstractProblemLoader Init config took 2.2s 
105299     INFO  main            d.u.i.k.p.i.AbstractProblemLoader Replaying proof SET062p3.key 
105300     DEBUG main            d.u.i.k.p.i.IntermediateProofReplayer Proof replay took 5.4ns 
105402     INFO  main            d.u.i.k.p.r.p.TestFile    ... finished proof: closed. 
105600     INFO  main            d.u.i.k.p.i.AbstractProblemLoader Loading environment from /home/runner/work/key/key/key.core/../key.ui/examples/standard_key/pred_log/tptp/SET/SET062p3.key.proof 
105601     DEBUG main            d.u.i.k.p.i.AbstractProblemLoader Environment load took 89ns 
105602     INFO  main            d.u.i.k.p.i.AbstractProblemLoader Creating init config 
107748     DEBUG main            d.u.i.k.p.i.AbstractProblemLoader Init config took 2.15s 
107760     INFO  main            d.u.i.k.p.i.AbstractProblemLoader Replaying proof SET062p3.key.proof 
107765     DEBUG main            d.u.i.k.p.i.IntermediateProofReplayer Proof replay took 3.5ms 
107766     DEBUG main            d.u.i.k.p.r.p.TestFile    ... success: reloaded. 
107766     INFO  main            d.u.i.k.p.r.p.TestFile    Now processing file /home/runner/work/key/key/key.core/../key.ui/examples/standard_key/pred_log/tptp/SET/SET063p3.key 
107767     INFO  main            d.u.i.k.p.i.AbstractProblemLoader Loading environment from /home/runner/work/key/key/key.core/../key.ui/examples/standard_key/pred_log/tptp/SET/SET063p3.key 
107767     DEBUG main            d.u.i.k.p.i.AbstractProblemLoader Environment load took 58.2ns 
107767     INFO  main            d.u.i.k.p.i.AbstractProblemLoader Creating init config 
109977     DEBUG main            d.u.i.k.p.i.AbstractProblemLoader Init config took 2.21s 
109989     INFO  main            d.u.i.k.p.i.AbstractProblemLoader Replaying proof SET063p3.key 
109990     DEBUG main            d.u.i.k.p.i.IntermediateProofReplayer Proof replay took 5.8ns 
110095     INFO  main            d.u.i.k.p.r.p.TestFile    ... finished proof: closed. 
110301     INFO  main            d.u.i.k.p.i.AbstractProblemLoader Loading environment from /home/runner/work/key/key/key.core/../key.ui/examples/standard_key/pred_log/tptp/SET/SET063p3.key.proof 
110301     DEBUG main            d.u.i.k.p.i.AbstractProblemLoader Environment load took 94.3ns 
110303     INFO  main            d.u.i.k.p.i.AbstractProblemLoader Creating init config 
112446     DEBUG main            d.u.i.k.p.i.AbstractProblemLoader Init config took 2.14s 
112458     INFO  main            d.u.i.k.p.i.AbstractProblemLoader Replaying proof SET063p3.key.proof 
112464     DEBUG main            d.u.i.k.p.i.IntermediateProofReplayer Proof replay took 4.49ms 
112465     DEBUG main            d.u.i.k.p.r.p.TestFile    ... success: reloaded. 
112465     INFO  main            d.u.i.k.p.r.p.TestFile    Now processing file /home/runner/work/key/key/key.core/../key.ui/examples/standard_key/pred_log/tptp/SYN/SYN036p2.key 
112466     INFO  main            d.u.i.k.p.i.AbstractProblemLoader Loading environment from /home/runner/work/key/key/key.core/../key.ui/examples/standard_key/pred_log/tptp/SYN/SYN036p2.key 
112466     DEBUG main            d.u.i.k.p.i.AbstractProblemLoader Environment load took 74.2ns 
112466     INFO  main            d.u.i.k.p.i.AbstractProblemLoader Creating init config 
114689     DEBUG main            d.u.i.k.p.i.AbstractProblemLoader Init config took 2.22s 
114701     INFO  main            d.u.i.k.p.i.AbstractProblemLoader Replaying proof SYN036p2.key 
114702     DEBUG main            d.u.i.k.p.i.IntermediateProofReplayer Proof replay took 5.6ns 
114906     INFO  main            d.u.i.k.p.r.p.TestFile    ... finished proof: closed. 
115137     INFO  main            d.u.i.k.p.i.AbstractProblemLoader Loading environment from /home/runner/work/key/key/key.core/../key.ui/examples/standard_key/pred_log/tptp/SYN/SYN036p2.key.proof 
115140     DEBUG main            d.u.i.k.p.i.AbstractProblemLoader Environment load took 2.88ms 
115141     INFO  main            d.u.i.k.p.i.AbstractProblemLoader Creating init config 
117290     DEBUG main            d.u.i.k.p.i.AbstractProblemLoader Init config took 2.15s 
117305     INFO  main            d.u.i.k.p.i.AbstractProblemLoader Replaying proof SYN036p2.key.proof 
117364     DEBUG main            d.u.i.k.p.i.IntermediateProofReplayer Proof replay took 50.91ms 
117364     DEBUG main            d.u.i.k.p.r.p.TestFile    ... success: reloaded. 
117365     INFO  main            d.u.i.k.p.r.p.TestFile    Now processing file /home/runner/work/key/key/key.core/../key.ui/examples/standard_key/pred_log/tptp/SYN/SYN550p1.key 
117365     INFO  main            d.u.i.k.p.i.AbstractProblemLoader Loading environment from /home/runner/work/key/key/key.core/../key.ui/examples/standard_key/pred_log/tptp/SYN/SYN550p1.key 
117365     DEBUG main            d.u.i.k.p.i.AbstractProblemLoader Environment load took 62.1ns 
117366     INFO  main            d.u.i.k.p.i.AbstractProblemLoader Creating init config 
119551     DEBUG main            d.u.i.k.p.i.AbstractProblemLoader Init config took 2.18s 
119563     INFO  main            d.u.i.k.p.i.AbstractProblemLoader Replaying proof SYN550p1.key 
119564     DEBUG main            d.u.i.k.p.i.IntermediateProofReplayer Proof replay took 5.2ns 
122372     INFO  main            d.u.i.k.p.r.p.TestFile    ... finished proof: closed. 
122604     INFO  main            d.u.i.k.p.i.AbstractProblemLoader Loading environment from /home/runner/work/key/key/key.core/../key.ui/examples/standard_key/pred_log/tptp/SYN/SYN550p1.key.proof 
122604     DEBUG main            d.u.i.k.p.i.AbstractProblemLoader Environment load took 101.2ns 
122605     INFO  main            d.u.i.k.p.i.AbstractProblemLoader Creating init config 
124741     DEBUG main            d.u.i.k.p.i.AbstractProblemLoader Init config took 2.14s 
124754     INFO  main            d.u.i.k.p.i.AbstractProblemLoader Replaying proof SYN550p1.key.proof 
124823     DEBUG main            d.u.i.k.p.i.IntermediateProofReplayer Proof replay took 63.78ms 
124824     DEBUG main            d.u.i.k.p.r.p.TestFile    ... success: reloaded. 
124825     INFO  main            d.u.i.k.p.r.p.TestFile    Now processing file /home/runner/work/key/key/key.core/../key.ui/examples/standard_key/prop_log/reallySimple.key 
124825     INFO  main            d.u.i.k.p.i.AbstractProblemLoader Loading environment from /home/runner/work/key/key/key.core/../key.ui/examples/standard_key/prop_log/reallySimple.key 
124825     DEBUG main            d.u.i.k.p.i.AbstractProblemLoader Environment load took 61.6ns 
124826     INFO  main            d.u.i.k.p.i.AbstractProblemLoader Creating init config 
127015     DEBUG main            d.u.i.k.p.i.AbstractProblemLoader Init config took 2.19s 
127027     INFO  main            d.u.i.k.p.i.AbstractProblemLoader Replaying proof reallySimple.key 
127028     DEBUG main            d.u.i.k.p.i.IntermediateProofReplayer Proof replay took 5.3ns 
127131     INFO  main            d.u.i.k.p.r.p.TestFile    ... finished proof: open goal(s) 
127356     INFO  main            d.u.i.k.p.r.p.TestFile    Now processing file /home/runner/work/key/key/key.core/../key.ui/examples/standard_key/pred_log/sameName1.key 
127356     INFO  main            d.u.i.k.p.i.AbstractProblemLoader Loading environment from /home/runner/work/key/key/key.core/../key.ui/examples/standard_key/pred_log/sameName1.key 
127356     DEBUG main            d.u.i.k.p.i.AbstractProblemLoader Environment load took 50.7ns 
127357     INFO  main            d.u.i.k.p.i.AbstractProblemLoader Creating init config 
129484     DEBUG main            d.u.i.k.p.i.AbstractProblemLoader Init config took 2.13s 
129496     INFO  main            d.u.i.k.p.i.AbstractProblemLoader Replaying proof sameName1.key 
129497     DEBUG main            d.u.i.k.p.i.IntermediateProofReplayer Proof replay took 5.9ns 
129599     INFO  main            d.u.i.k.p.r.p.TestFile    ... finished proof: open goal(s) 
129812     INFO  main            d.u.i.k.p.r.p.TestFile    Now processing file /home/runner/work/key/key/key.core/../key.ui/examples/standard_key/pred_log/jbyteIfEx.key 
129813     INFO  main            d.u.i.k.p.i.AbstractProblemLoader Loading environment from /home/runner/work/key/key/key.core/../key.ui/examples/standard_key/pred_log/jbyteIfEx.key 
129813     DEBUG main            d.u.i.k.p.i.AbstractProblemLoader Environment load took 57.4ns 
129814     INFO  main            d.u.i.k.p.i.AbstractProblemLoader Creating init config 
131943     DEBUG main            d.u.i.k.p.i.AbstractProblemLoader Init config took 2.13s 
131956     INFO  main            d.u.i.k.p.i.AbstractProblemLoader Replaying proof jbyteIfEx.key 
131957     DEBUG main            d.u.i.k.p.i.IntermediateProofReplayer Proof replay took 6.1ns 
132058     INFO  main            d.u.i.k.p.r.p.TestFile    ... finished proof: closed. 
132272     INFO  main            d.u.i.k.p.i.AbstractProblemLoader Loading environment from /home/runner/work/key/key/key.core/../key.ui/examples/standard_key/pred_log/jbyteIfEx.key.proof 
132273     DEBUG main            d.u.i.k.p.i.AbstractProblemLoader Environment load took 92.9ns 
132274     INFO  main            d.u.i.k.p.i.AbstractProblemLoader Creating init config 
134412     DEBUG main            d.u.i.k.p.i.AbstractProblemLoader Init config took 2.14s 
134424     INFO  main            d.u.i.k.p.i.AbstractProblemLoader Replaying proof jbyteIfEx.key.proof 
134430     DEBUG main            d.u.i.k.p.i.IntermediateProofReplayer Proof replay took 5.14ms 
134431     DEBUG main            d.u.i.k.p.r.p.TestFile    ... success: reloaded. 
134432     INFO  main            d.u.i.k.p.r.p.TestFile    Now processing file /home/runner/work/key/key/key.core/../key.ui/examples/standard_key/prop_log/allClausesLength4.key 
134432     INFO  main            d.u.i.k.p.i.AbstractProblemLoader Loading environment from /home/runner/work/key/key/key.core/../key.ui/examples/standard_key/prop_log/allClausesLength4.key 
134432     DEBUG main            d.u.i.k.p.i.AbstractProblemLoader Environment load took 69ns 
134433     INFO  main            d.u.i.k.p.i.AbstractProblemLoader Creating init config 
136633     DEBUG main            d.u.i.k.p.i.AbstractProblemLoader Init config took 2.2s 
136645     INFO  main            d.u.i.k.p.i.AbstractProblemLoader Replaying proof allClausesLength4.key 
136646     DEBUG main            d.u.i.k.p.i.IntermediateProofReplayer Proof replay took 6.2ns 
136748     INFO  main            d.u.i.k.p.r.p.TestFile    ... finished proof: closed. 
136977     INFO  main            d.u.i.k.p.i.AbstractProblemLoader Loading environment from /home/runner/work/key/key/key.core/../key.ui/examples/standard_key/prop_log/allClausesLength4.key.proof 
136977     DEBUG main            d.u.i.k.p.i.AbstractProblemLoader Environment load took 96.7ns 
136979     INFO  main            d.u.i.k.p.i.AbstractProblemLoader Creating init config 
139107     DEBUG main            d.u.i.k.p.i.AbstractProblemLoader Init config took 2.13s 
139119     INFO  main            d.u.i.k.p.i.AbstractProblemLoader Replaying proof allClausesLength4.key.proof 
139131     DEBUG main            d.u.i.k.p.i.IntermediateProofReplayer Proof replay took 9.05ms 
139132     DEBUG main            d.u.i.k.p.r.p.TestFile    ... success: reloaded. 
139132     INFO  main            d.u.i.k.p.r.p.TestFile    Now processing file /home/runner/work/key/key/key.core/../key.ui/examples/standard_key/prop_log/allClausesLength5.key 
139133     INFO  main            d.u.i.k.p.i.AbstractProblemLoader Loading environment from /home/runner/work/key/key/key.core/../key.ui/examples/standard_key/prop_log/allClausesLength5.key 
139133     DEBUG main            d.u.i.k.p.i.AbstractProblemLoader Environment load took 178.2ns 
139134     INFO  main            d.u.i.k.p.i.AbstractProblemLoader Creating init config 
141319     DEBUG main            d.u.i.k.p.i.AbstractProblemLoader Init config took 2.19s 
141332     INFO  main            d.u.i.k.p.i.AbstractProblemLoader Replaying proof allClausesLength5.key 
141333     DEBUG main            d.u.i.k.p.i.IntermediateProofReplayer Proof replay took 5.5ns 
141536     INFO  main            d.u.i.k.p.r.p.TestFile    ... finished proof: closed. 
141777     INFO  main            d.u.i.k.p.i.AbstractProblemLoader Loading environment from /home/runner/work/key/key/key.core/../key.ui/examples/standard_key/prop_log/allClausesLength5.key.proof 
141777     DEBUG main            d.u.i.k.p.i.AbstractProblemLoader Environment load took 375.8ns 
141779     INFO  main            d.u.i.k.p.i.AbstractProblemLoader Creating init config 
143910     DEBUG main            d.u.i.k.p.i.AbstractProblemLoader Init config took 2.13s 
143923     INFO  main            d.u.i.k.p.i.AbstractProblemLoader Replaying proof allClausesLength5.key.proof 
143953     DEBUG main            d.u.i.k.p.i.IntermediateProofReplayer Proof replay took 25.89ms 
143954     DEBUG main            d.u.i.k.p.r.p.TestFile    ... success: reloaded. 
143955     INFO  main            d.u.i.k.p.r.p.TestFile    Now processing file /home/runner/work/key/key/key.core/../key.ui/examples/standard_key/prop_log/doubleNeg.key 
143955     INFO  main            d.u.i.k.p.i.AbstractProblemLoader Loading environment from /home/runner/work/key/key/key.core/../key.ui/examples/standard_key/prop_log/doubleNeg.key 
143955     DEBUG main            d.u.i.k.p.i.AbstractProblemLoader Environment load took 69.1ns 
143956     INFO  main            d.u.i.k.p.i.AbstractProblemLoader Creating init config 
146130     DEBUG main            d.u.i.k.p.i.AbstractProblemLoader Init config took 2.17s 
146141     INFO  main            d.u.i.k.p.i.AbstractProblemLoader Replaying proof doubleNeg.key 
146142     DEBUG main            d.u.i.k.p.i.IntermediateProofReplayer Proof replay took 5.9ns 
146251     INFO  main            d.u.i.k.p.r.p.TestFile    ... finished proof: closed. 
146488     INFO  main            d.u.i.k.p.i.AbstractProblemLoader Loading environment from /home/runner/work/key/key/key.core/../key.ui/examples/standard_key/prop_log/doubleNeg.key.proof 
146488     DEBUG main            d.u.i.k.p.i.AbstractProblemLoader Environment load took 84.8ns 
146489     INFO  main            d.u.i.k.p.i.AbstractProblemLoader Creating init config 
148623     DEBUG main            d.u.i.k.p.i.AbstractProblemLoader Init config took 2.13s 
148636     INFO  main            d.u.i.k.p.i.AbstractProblemLoader Replaying proof doubleNeg.key.proof 
148637     DEBUG main            d.u.i.k.p.i.IntermediateProofReplayer Proof replay took 302.8ns 
148639     DEBUG main            d.u.i.k.p.r.p.TestFile    ... success: reloaded. 
148639     INFO  main            d.u.i.k.p.r.p.TestFile    Now processing file /home/runner/work/key/key/key.core/../key.ui/examples/standard_key/prop_log/liarsville.key 
148640     INFO  main            d.u.i.k.p.i.AbstractProblemLoader Loading environment from /home/runner/work/key/key/key.core/../key.ui/examples/standard_key/prop_log/liarsville.key 
148640     DEBUG main            d.u.i.k.p.i.AbstractProblemLoader Environment load took 133ns 
148641     INFO  main            d.u.i.k.p.i.AbstractProblemLoader Creating init config 
150825     DEBUG main            d.u.i.k.p.i.AbstractProblemLoader Init config took 2.18s 
150838     INFO  main            d.u.i.k.p.i.AbstractProblemLoader Replaying proof liarsville.key 
150839     DEBUG main            d.u.i.k.p.i.IntermediateProofReplayer Proof replay took 5.2ns 
150940     INFO  main            d.u.i.k.p.r.p.TestFile    ... finished proof: closed. 
151179     INFO  main            d.u.i.k.p.i.AbstractProblemLoader Loading environment from /home/runner/work/key/key/key.core/../key.ui/examples/standard_key/prop_log/liarsville.key.proof 
151179     DEBUG main            d.u.i.k.p.i.AbstractProblemLoader Environment load took 89ns 
151180     INFO  main            d.u.i.k.p.i.AbstractProblemLoader Creating init config 
153307     DEBUG main            d.u.i.k.p.i.AbstractProblemLoader Init config took 2.13s 
153319     INFO  main            d.u.i.k.p.i.AbstractProblemLoader Replaying proof liarsville.key.proof 
153321     DEBUG main            d.u.i.k.p.i.IntermediateProofReplayer Proof replay took 884.8ns 
153322     DEBUG main            d.u.i.k.p.r.p.TestFile    ... success: reloaded. 
153322     INFO  main            d.u.i.k.p.r.p.TestFile    Now processing file /home/runner/work/key/key/key.core/../key.ui/examples/standard_key/prop_log/simplest.key 
153322     INFO  main            d.u.i.k.p.i.AbstractProblemLoader Loading environment from /home/runner/work/key/key/key.core/../key.ui/examples/standard_key/prop_log/simplest.key 
153323     DEBUG main            d.u.i.k.p.i.AbstractProblemLoader Environment load took 68.7ns 
153323     INFO  main            d.u.i.k.p.i.AbstractProblemLoader Creating init config 
155499     DEBUG main            d.u.i.k.p.i.AbstractProblemLoader Init config took 2.18s 
155510     INFO  main            d.u.i.k.p.i.AbstractProblemLoader Replaying proof simplest.key 
155511     DEBUG main            d.u.i.k.p.i.IntermediateProofReplayer Proof replay took 5.6ns 
155612     INFO  main            d.u.i.k.p.r.p.TestFile    ... finished proof: closed. 
155857     INFO  main            d.u.i.k.p.i.AbstractProblemLoader Loading environment from /home/runner/work/key/key/key.core/../key.ui/examples/standard_key/prop_log/simplest.key.proof 
155857     DEBUG main            d.u.i.k.p.i.AbstractProblemLoader Environment load took 82.4ns 
155858     INFO  main            d.u.i.k.p.i.AbstractProblemLoader Creating init config 
157979     DEBUG main            d.u.i.k.p.i.AbstractProblemLoader Init config took 2.12s 
157991     INFO  main            d.u.i.k.p.i.AbstractProblemLoader Replaying proof simplest.key.proof 
157992     DEBUG main            d.u.i.k.p.i.IntermediateProofReplayer Proof replay took 74.9ns 
157992     DEBUG main            d.u.i.k.p.r.p.TestFile    ... success: reloaded. 
157993     INFO  main            d.u.i.k.p.r.p.TestFile    Now processing file /home/runner/work/key/key/key.core/../key.ui/examples/standard_key/prop_log/contraposition.key 
157993     INFO  main            d.u.i.k.p.i.AbstractProblemLoader Loading environment from /home/runner/work/key/key/key.core/../key.ui/examples/standard_key/prop_log/contraposition.key 
157993     DEBUG main            d.u.i.k.p.i.AbstractProblemLoader Environment load took 43.6ns 
157994     INFO  main            d.u.i.k.p.i.AbstractProblemLoader Creating init config 
160167     DEBUG main            d.u.i.k.p.i.AbstractProblemLoader Init config took 2.17s 
160178     INFO  main            d.u.i.k.p.i.AbstractProblemLoader Replaying proof contraposition.key 
160179     DEBUG main            d.u.i.k.p.i.IntermediateProofReplayer Proof replay took 6.2ns 
160281     INFO  main            d.u.i.k.p.r.p.TestFile    ... finished proof: closed. 
160526     INFO  main            d.u.i.k.p.i.AbstractProblemLoader Loading environment from /home/runner/work/key/key/key.core/../key.ui/examples/standard_key/prop_log/contraposition.key.proof 
160526     DEBUG main            d.u.i.k.p.i.AbstractProblemLoader Environment load took 85.2ns 
160527     INFO  main            d.u.i.k.p.i.AbstractProblemLoader Creating init config 
162653     DEBUG main            d.u.i.k.p.i.AbstractProblemLoader Init config took 2.13s 
162664     INFO  main            d.u.i.k.p.i.AbstractProblemLoader Replaying proof contraposition.key.proof 
162666     DEBUG main            d.u.i.k.p.i.IntermediateProofReplayer Proof replay took 379.7ns 
162666     DEBUG main            d.u.i.k.p.r.p.TestFile    ... success: reloaded. 
162667     INFO  main            d.u.i.k.p.r.p.TestFile    Now processing file /home/runner/work/key/key/key.core/../key.ui/examples/standard_key/quantifiers/elimination0.key 
162667     INFO  main            d.u.i.k.p.i.AbstractProblemLoader Loading environment from /home/runner/work/key/key/key.core/../key.ui/examples/standard_key/quantifiers/elimination0.key 
162667     DEBUG main            d.u.i.k.p.i.AbstractProblemLoader Environment load took 51.8ns 
162668     INFO  main            d.u.i.k.p.i.AbstractProblemLoader Creating init config 
164861     DEBUG main            d.u.i.k.p.i.AbstractProblemLoader Init config took 2.19s 
164874     INFO  main            d.u.i.k.p.i.AbstractProblemLoader Replaying proof elimination0.key 
164876     DEBUG main            d.u.i.k.p.i.IntermediateProofReplayer Proof replay took 6ns 
164977     INFO  main            d.u.i.k.p.r.p.TestFile    ... finished proof: closed. 
165235     INFO  main            d.u.i.k.p.i.AbstractProblemLoader Loading environment from /home/runner/work/key/key/key.core/../key.ui/examples/standard_key/quantifiers/elimination0.key.proof 
165236     DEBUG main            d.u.i.k.p.i.AbstractProblemLoader Environment load took 86.2ns 
165236     INFO  main            d.u.i.k.p.i.AbstractProblemLoader Creating init config 
167366     DEBUG main            d.u.i.k.p.i.AbstractProblemLoader Init config took 2.13s 
167377     INFO  main            d.u.i.k.p.i.AbstractProblemLoader Replaying proof elimination0.key.proof 
167379     DEBUG main            d.u.i.k.p.i.IntermediateProofReplayer Proof replay took 976.9ns 
167380     DEBUG main            d.u.i.k.p.r.p.TestFile    ... success: reloaded. 
167381     INFO  main            d.u.i.k.p.r.p.TestFile    Now processing file /home/runner/work/key/key/key.core/../key.ui/examples/standard_key/quantifiers/heuristic_PUZ001p1-eq.key 
167381     INFO  main            d.u.i.k.p.i.AbstractProblemLoader Loading environment from /home/runner/work/key/key/key.core/../key.ui/examples/standard_key/quantifiers/heuristic_PUZ001p1-eq.key 
167381     DEBUG main            d.u.i.k.p.i.AbstractProblemLoader Environment load took 108.6ns 
167382     INFO  main            d.u.i.k.p.i.AbstractProblemLoader Creating init config 
169577     DEBUG main            d.u.i.k.p.i.AbstractProblemLoader Init config took 2.19s 
169589     INFO  main            d.u.i.k.p.i.AbstractProblemLoader Replaying proof heuristic_PUZ001p1-eq.key 
169591     DEBUG main            d.u.i.k.p.i.IntermediateProofReplayer Proof replay took 6.6ns 
169693     INFO  main            d.u.i.k.p.r.p.TestFile    ... finished proof: closed. 
169963     INFO  main            d.u.i.k.p.i.AbstractProblemLoader Loading environment from /home/runner/work/key/key/key.core/../key.ui/examples/standard_key/quantifiers/heuristic_PUZ001p1-eq.key.proof 
169963     DEBUG main            d.u.i.k.p.i.AbstractProblemLoader Environment load took 352.8ns 
169965     INFO  main            d.u.i.k.p.i.AbstractProblemLoader Creating init config 
172096     DEBUG main            d.u.i.k.p.i.AbstractProblemLoader Init config took 2.13s 
172108     INFO  main            d.u.i.k.p.i.AbstractProblemLoader Replaying proof heuristic_PUZ001p1-eq.key.proof 
172117     DEBUG main            d.u.i.k.p.i.IntermediateProofReplayer Proof replay took 7.33ms 
172118     DEBUG main            d.u.i.k.p.r.p.TestFile    ... success: reloaded. 
172119     INFO  main            d.u.i.k.p.r.p.TestFile    Now processing file /home/runner/work/key/key/key.core/../key.ui/examples/standard_key/quantifiers/heuristic_PUZ001p1.key 
172119     INFO  main            d.u.i.k.p.i.AbstractProblemLoader Loading environment from /home/runner/work/key/key/key.core/../key.ui/examples/standard_key/quantifiers/heuristic_PUZ001p1.key 
172119     DEBUG main            d.u.i.k.p.i.AbstractProblemLoader Environment load took 67ns 
172120     INFO  main            d.u.i.k.p.i.AbstractProblemLoader Creating init config 
174317     DEBUG main            d.u.i.k.p.i.AbstractProblemLoader Init config took 2.2s 
174330     INFO  main            d.u.i.k.p.i.AbstractProblemLoader Replaying proof heuristic_PUZ001p1.key 
174332     DEBUG main            d.u.i.k.p.i.IntermediateProofReplayer Proof replay took 5.9ns 
175741     INFO  main            d.u.i.k.p.r.p.TestFile    ... finished proof: closed. 
176038     INFO  main            d.u.i.k.p.i.AbstractProblemLoader Loading environment from /home/runner/work/key/key/key.core/../key.ui/examples/standard_key/quantifiers/heuristic_PUZ001p1.key.proof 
176038     DEBUG main            d.u.i.k.p.i.AbstractProblemLoader Environment load took 361.4ns 
176040     INFO  main            d.u.i.k.p.i.AbstractProblemLoader Creating init config 
178197     DEBUG main            d.u.i.k.p.i.AbstractProblemLoader Init config took 2.16s 
178211     INFO  main            d.u.i.k.p.i.AbstractProblemLoader Replaying proof heuristic_PUZ001p1.key.proof 
178249     DEBUG main            d.u.i.k.p.i.IntermediateProofReplayer Proof replay took 34.69ms 
178251     DEBUG main            d.u.i.k.p.r.p.TestFile    ... success: reloaded. 
178251     INFO  main            d.u.i.k.p.r.p.TestFile    Now processing file /home/runner/work/key/key/key.core/../key.ui/examples/standard_key/quantifiers/heuristic_PUZ031p1.key 
178251     INFO  main            d.u.i.k.p.i.AbstractProblemLoader Loading environment from /home/runner/work/key/key/key.core/../key.ui/examples/standard_key/quantifiers/heuristic_PUZ031p1.key 
178252     DEBUG main            d.u.i.k.p.i.AbstractProblemLoader Environment load took 71.6ns 
178253     INFO  main            d.u.i.k.p.i.AbstractProblemLoader Creating init config 
180430     DEBUG main            d.u.i.k.p.i.AbstractProblemLoader Init config took 2.18s 
180443     INFO  main            d.u.i.k.p.i.AbstractProblemLoader Replaying proof heuristic_PUZ031p1.key 
180444     DEBUG main            d.u.i.k.p.i.IntermediateProofReplayer Proof replay took 5.4ns 
185084     INFO  main            d.u.i.k.p.r.p.TestFile    ... finished proof: closed. 
185379     INFO  main            d.u.i.k.p.i.AbstractProblemLoader Loading environment from /home/runner/work/key/key/key.core/../key.ui/examples/standard_key/quantifiers/heuristic_PUZ031p1.key.proof 
185380     DEBUG main            d.u.i.k.p.i.AbstractProblemLoader Environment load took 385.5ns 
185381     INFO  main            d.u.i.k.p.i.AbstractProblemLoader Creating init config 
187535     DEBUG main            d.u.i.k.p.i.AbstractProblemLoader Init config took 2.15s 
187548     INFO  main            d.u.i.k.p.i.AbstractProblemLoader Replaying proof heuristic_PUZ031p1.key.proof 
187603     DEBUG main            d.u.i.k.p.i.IntermediateProofReplayer Proof replay took 50.79ms 
187604     DEBUG main            d.u.i.k.p.r.p.TestFile    ... success: reloaded. 
187605     INFO  main            d.u.i.k.p.r.p.TestFile    Now processing file /home/runner/work/key/key/key.core/../key.ui/examples/standard_key/quantifiers/heuristic_SYN036p2.key 
187605     INFO  main            d.u.i.k.p.i.AbstractProblemLoader Loading environment from /home/runner/work/key/key/key.core/../key.ui/examples/standard_key/quantifiers/heuristic_SYN036p2.key 
187605     DEBUG main            d.u.i.k.p.i.AbstractProblemLoader Environment load took 73.1ns 
187606     INFO  main            d.u.i.k.p.i.AbstractProblemLoader Creating init config 
189761     DEBUG main            d.u.i.k.p.i.AbstractProblemLoader Init config took 2.16s 
189773     INFO  main            d.u.i.k.p.i.AbstractProblemLoader Replaying proof heuristic_SYN036p2.key 
189774     DEBUG main            d.u.i.k.p.i.IntermediateProofReplayer Proof replay took 6ns 
189978     INFO  main            d.u.i.k.p.r.p.TestFile    ... finished proof: closed. 
190327     INFO  main            d.u.i.k.p.i.AbstractProblemLoader Loading environment from /home/runner/work/key/key/key.core/../key.ui/examples/standard_key/quantifiers/heuristic_SYN036p2.key.proof 
190328     DEBUG main            d.u.i.k.p.i.AbstractProblemLoader Environment load took 280.9ns 
190329     INFO  main            d.u.i.k.p.i.AbstractProblemLoader Creating init config 
192437     DEBUG main            d.u.i.k.p.i.AbstractProblemLoader Init config took 2.11s 
192448     INFO  main            d.u.i.k.p.i.AbstractProblemLoader Replaying proof heuristic_SYN036p2.key.proof 
192509     DEBUG main            d.u.i.k.p.i.IntermediateProofReplayer Proof replay took 52.72ms 
192509     DEBUG main            d.u.i.k.p.r.p.TestFile    ... success: reloaded. 
192510     INFO  main            d.u.i.k.p.r.p.TestFile    Now processing file /home/runner/work/key/key/key.core/../key.ui/examples/standard_key/quantifiers/injectivity.key 
192511     INFO  main            d.u.i.k.p.i.AbstractProblemLoader Loading environment from /home/runner/work/key/key/key.core/../key.ui/examples/standard_key/quantifiers/injectivity.key 
192511     DEBUG main            d.u.i.k.p.i.AbstractProblemLoader Environment load took 145.7ns 
192512     INFO  main            d.u.i.k.p.i.AbstractProblemLoader Creating init config 
194650     DEBUG main            d.u.i.k.p.i.AbstractProblemLoader Init config took 2.14s 
194662     INFO  main            d.u.i.k.p.i.AbstractProblemLoader Replaying proof injectivity.key 
194678     DEBUG main            d.u.i.k.p.i.IntermediateProofReplayer Proof replay took 5.6ns 
194779     INFO  main            d.u.i.k.p.r.p.TestFile    ... finished proof: closed. 
195054     INFO  main            d.u.i.k.p.i.AbstractProblemLoader Loading environment from /home/runner/work/key/key/key.core/../key.ui/examples/standard_key/quantifiers/injectivity.key.proof 
195054     DEBUG main            d.u.i.k.p.i.AbstractProblemLoader Environment load took 106.8ns 
195055     INFO  main            d.u.i.k.p.i.AbstractProblemLoader Creating init config 
197176     DEBUG main            d.u.i.k.p.i.AbstractProblemLoader Init config took 2.12s 
197188     INFO  main            d.u.i.k.p.i.AbstractProblemLoader Replaying proof injectivity.key.proof 
197190     DEBUG main            d.u.i.k.p.i.IntermediateProofReplayer Proof replay took 1.49ms 
197191     DEBUG main            d.u.i.k.p.r.p.TestFile    ... success: reloaded. 
197192     INFO  main            d.u.i.k.p.r.p.TestFile    Now processing file /home/runner/work/key/key/key.core/../key.ui/examples/standard_key/quantifiers/normalisation0.key 
197192     INFO  main            d.u.i.k.p.i.AbstractProblemLoader Loading environment from /home/runner/work/key/key/key.core/../key.ui/examples/standard_key/quantifiers/normalisation0.key 
197192     DEBUG main            d.u.i.k.p.i.AbstractProblemLoader Environment load took 64.8ns 
197193     INFO  main            d.u.i.k.p.i.AbstractProblemLoader Creating init config 
199341     DEBUG main            d.u.i.k.p.i.AbstractProblemLoader Init config took 2.15s 
199353     INFO  main            d.u.i.k.p.i.AbstractProblemLoader Replaying proof normalisation0.key 
199354     DEBUG main            d.u.i.k.p.i.IntermediateProofReplayer Proof replay took 5.3ns 
199455     INFO  main            d.u.i.k.p.r.p.TestFile    ... finished proof: closed. 
199738     INFO  main            d.u.i.k.p.i.AbstractProblemLoader Loading environment from /home/runner/work/key/key/key.core/../key.ui/examples/standard_key/quantifiers/normalisation0.key.proof 
199738     DEBUG main            d.u.i.k.p.i.AbstractProblemLoader Environment load took 78.2ns 
199740     INFO  main            d.u.i.k.p.i.AbstractProblemLoader Creating init config 
201856     DEBUG main            d.u.i.k.p.i.AbstractProblemLoader Init config took 2.12s 
201868     INFO  main            d.u.i.k.p.i.AbstractProblemLoader Replaying proof normalisation0.key.proof 
201871     DEBUG main            d.u.i.k.p.i.IntermediateProofReplayer Proof replay took 1.8ms 
201872     DEBUG main            d.u.i.k.p.r.p.TestFile    ... success: reloaded. 
201872     INFO  main            d.u.i.k.p.r.p.TestFile    Now processing file /home/runner/work/key/key/key.core/../key.ui/examples/standard_key/quantifiers/normalisation1.key 
201872     INFO  main            d.u.i.k.p.i.AbstractProblemLoader Loading environment from /home/runner/work/key/key/key.core/../key.ui/examples/standard_key/quantifiers/normalisation1.key 
201872     DEBUG main            d.u.i.k.p.i.AbstractProblemLoader Environment load took 41.8ns 
201873     INFO  main            d.u.i.k.p.i.AbstractProblemLoader Creating init config 
204026     DEBUG main            d.u.i.k.p.i.AbstractProblemLoader Init config took 2.15s 
204039     INFO  main            d.u.i.k.p.i.AbstractProblemLoader Replaying proof normalisation1.key 
204040     DEBUG main            d.u.i.k.p.i.IntermediateProofReplayer Proof replay took 6.2ns 
204147     INFO  main            d.u.i.k.p.r.p.TestFile    ... finished proof: closed. 
204447     INFO  main            d.u.i.k.p.i.AbstractProblemLoader Loading environment from /home/runner/work/key/key/key.core/../key.ui/examples/standard_key/quantifiers/normalisation1.key.proof 
204447     DEBUG main            d.u.i.k.p.i.AbstractProblemLoader Environment load took 78.4ns 
204448     INFO  main            d.u.i.k.p.i.AbstractProblemLoader Creating init config 
206576     DEBUG main            d.u.i.k.p.i.AbstractProblemLoader Init config took 2.13s 
206588     INFO  main            d.u.i.k.p.i.AbstractProblemLoader Replaying proof normalisation1.key.proof 
206592     DEBUG main            d.u.i.k.p.i.IntermediateProofReplayer Proof replay took 2.36ms 
206592     DEBUG main            d.u.i.k.p.r.p.TestFile    ... success: reloaded. 
206593     INFO  main            d.u.i.k.p.r.p.TestFile    Now processing file /home/runner/work/key/key/key.core/../key.ui/examples/standard_key/quantifiers/normalisation2.key 
206593     INFO  main            d.u.i.k.p.i.AbstractProblemLoader Loading environment from /home/runner/work/key/key/key.core/../key.ui/examples/standard_key/quantifiers/normalisation2.key 
206593     DEBUG main            d.u.i.k.p.i.AbstractProblemLoader Environment load took 51.1ns 
206594     INFO  main            d.u.i.k.p.i.AbstractProblemLoader Creating init config 
208763     DEBUG main            d.u.i.k.p.i.AbstractProblemLoader Init config took 2.17s 
208775     INFO  main            d.u.i.k.p.i.AbstractProblemLoader Replaying proof normalisation2.key 
208776     DEBUG main            d.u.i.k.p.i.IntermediateProofReplayer Proof replay took 6.9ns 
208878     INFO  main            d.u.i.k.p.r.p.TestFile    ... finished proof: closed. 
209186     INFO  main            d.u.i.k.p.i.AbstractProblemLoader Loading environment from /home/runner/work/key/key/key.core/../key.ui/examples/standard_key/quantifiers/normalisation2.key.proof 
209186     DEBUG main            d.u.i.k.p.i.AbstractProblemLoader Environment load took 95.7ns 
209187     INFO  main            d.u.i.k.p.i.AbstractProblemLoader Creating init config 
211332     DEBUG main            d.u.i.k.p.i.AbstractProblemLoader Init config took 2.15s 
211345     INFO  main            d.u.i.k.p.i.AbstractProblemLoader Replaying proof normalisation2.key.proof 
211349     DEBUG main            d.u.i.k.p.i.IntermediateProofReplayer Proof replay took 1.9ms 
211349     DEBUG main            d.u.i.k.p.r.p.TestFile    ... success: reloaded. 
211350     INFO  main            d.u.i.k.p.r.p.TestFile    Now processing file /home/runner/work/key/key/key.core/../key.ui/examples/standard_key/quantifiers/normalisation3.key 
211351     INFO  main            d.u.i.k.p.i.AbstractProblemLoader Loading environment from /home/runner/work/key/key/key.core/../key.ui/examples/standard_key/quantifiers/normalisation3.key 
211351     DEBUG main            d.u.i.k.p.i.AbstractProblemLoader Environment load took 163.3ns 
211352     INFO  main            d.u.i.k.p.i.AbstractProblemLoader Creating init config 
213538     DEBUG main            d.u.i.k.p.i.AbstractProblemLoader Init config took 2.19s 
213549     INFO  main            d.u.i.k.p.i.AbstractProblemLoader Replaying proof normalisation3.key 
213551     DEBUG main            d.u.i.k.p.i.IntermediateProofReplayer Proof replay took 6.1ns 
213652     INFO  main            d.u.i.k.p.r.p.TestFile    ... finished proof: closed. 
213942     INFO  main            d.u.i.k.p.i.AbstractProblemLoader Loading environment from /home/runner/work/key/key/key.core/../key.ui/examples/standard_key/quantifiers/normalisation3.key.proof 
213942     DEBUG main            d.u.i.k.p.i.AbstractProblemLoader Environment load took 81.9ns 
213943     INFO  main            d.u.i.k.p.i.AbstractProblemLoader Creating init config 
216064     DEBUG main            d.u.i.k.p.i.AbstractProblemLoader Init config took 2.12s 
216076     INFO  main            d.u.i.k.p.i.AbstractProblemLoader Replaying proof normalisation3.key.proof 
216079     DEBUG main            d.u.i.k.p.i.IntermediateProofReplayer Proof replay took 2.03ms 
216080     DEBUG main            d.u.i.k.p.r.p.TestFile    ... success: reloaded. 
216081     INFO  main            d.u.i.k.p.r.p.TestFile    Now processing file /home/runner/work/key/key/key.core/../key.ui/examples/standard_key/quantifiers/normalisation4.key 
216081     INFO  main            d.u.i.k.p.i.AbstractProblemLoader Loading environment from /home/runner/work/key/key/key.core/../key.ui/examples/standard_key/quantifiers/normalisation4.key 
216081     DEBUG main            d.u.i.k.p.i.AbstractProblemLoader Environment load took 81ns 
216082     INFO  main            d.u.i.k.p.i.AbstractProblemLoader Creating init config 
218231     DEBUG main            d.u.i.k.p.i.AbstractProblemLoader Init config took 2.15s 
218243     INFO  main            d.u.i.k.p.i.AbstractProblemLoader Replaying proof normalisation4.key 
218244     DEBUG main            d.u.i.k.p.i.IntermediateProofReplayer Proof replay took 6.6ns 
218347     INFO  main            d.u.i.k.p.r.p.TestFile    ... finished proof: closed. 
218646     INFO  main            d.u.i.k.p.i.AbstractProblemLoader Loading environment from /home/runner/work/key/key/key.core/../key.ui/examples/standard_key/quantifiers/normalisation4.key.proof 
218646     DEBUG main            d.u.i.k.p.i.AbstractProblemLoader Environment load took 83.4ns 
218647     INFO  main            d.u.i.k.p.i.AbstractProblemLoader Creating init config 
220761     DEBUG main            d.u.i.k.p.i.AbstractProblemLoader Init config took 2.11s 
220773     INFO  main            d.u.i.k.p.i.AbstractProblemLoader Replaying proof normalisation4.key.proof 
220779     DEBUG main            d.u.i.k.p.i.IntermediateProofReplayer Proof replay took 4.13ms 
220779     DEBUG main            d.u.i.k.p.r.p.TestFile    ... success: reloaded. 
220780     INFO  main            d.u.i.k.p.r.p.TestFile    Now processing file /home/runner/work/key/key/key.core/../key.ui/examples/standard_key/quantifiers/normalisation5.key 
220780     INFO  main            d.u.i.k.p.i.AbstractProblemLoader Loading environment from /home/runner/work/key/key/key.core/../key.ui/examples/standard_key/quantifiers/normalisation5.key 
220780     DEBUG main            d.u.i.k.p.i.AbstractProblemLoader Environment load took 87.7ns 
220781     INFO  main            d.u.i.k.p.i.AbstractProblemLoader Creating init config 
222928     DEBUG main            d.u.i.k.p.i.AbstractProblemLoader Init config took 2.15s 
222940     INFO  main            d.u.i.k.p.i.AbstractProblemLoader Replaying proof normalisation5.key 
222941     DEBUG main            d.u.i.k.p.i.IntermediateProofReplayer Proof replay took 5.8ns 
223043     INFO  main            d.u.i.k.p.r.p.TestFile    ... finished proof: closed. 
223353     INFO  main            d.u.i.k.p.i.AbstractProblemLoader Loading environment from /home/runner/work/key/key/key.core/../key.ui/examples/standard_key/quantifiers/normalisation5.key.proof 
223353     DEBUG main            d.u.i.k.p.i.AbstractProblemLoader Environment load took 76.7ns 
223354     INFO  main            d.u.i.k.p.i.AbstractProblemLoader Creating init config 
225468     DEBUG main            d.u.i.k.p.i.AbstractProblemLoader Init config took 2.11s 
225481     INFO  main            d.u.i.k.p.i.AbstractProblemLoader Replaying proof normalisation5.key.proof 
225486     DEBUG main            d.u.i.k.p.i.IntermediateProofReplayer Proof replay took 3.05ms 
225487     DEBUG main            d.u.i.k.p.r.p.TestFile    ... success: reloaded. 
225487     INFO  main            d.u.i.k.p.r.p.TestFile    Now processing file /home/runner/work/key/key/key.core/../key.ui/examples/standard_key/quantifiers/normalisation6.key 
225488     INFO  main            d.u.i.k.p.i.AbstractProblemLoader Loading environment from /home/runner/work/key/key/key.core/../key.ui/examples/standard_key/quantifiers/normalisation6.key 
225488     DEBUG main            d.u.i.k.p.i.AbstractProblemLoader Environment load took 112.8ns 
225489     INFO  main            d.u.i.k.p.i.AbstractProblemLoader Creating init config 
227626     DEBUG main            d.u.i.k.p.i.AbstractProblemLoader Init config took 2.14s 
227638     INFO  main            d.u.i.k.p.i.AbstractProblemLoader Replaying proof normalisation6.key 
227639     DEBUG main            d.u.i.k.p.i.IntermediateProofReplayer Proof replay took 6.2ns 
227741     INFO  main            d.u.i.k.p.r.p.TestFile    ... finished proof: closed. 
228049     INFO  main            d.u.i.k.p.i.AbstractProblemLoader Loading environment from /home/runner/work/key/key/key.core/../key.ui/examples/standard_key/quantifiers/normalisation6.key.proof 
228050     DEBUG main            d.u.i.k.p.i.AbstractProblemLoader Environment load took 76.5ns 
228054     INFO  main            d.u.i.k.p.i.AbstractProblemLoader Creating init config 
230168     DEBUG main            d.u.i.k.p.i.AbstractProblemLoader Init config took 2.11s 
230180     INFO  main            d.u.i.k.p.i.AbstractProblemLoader Replaying proof normalisation6.key.proof 
230183     DEBUG main            d.u.i.k.p.i.IntermediateProofReplayer Proof replay took 1.93ms 
230184     DEBUG main            d.u.i.k.p.r.p.TestFile    ... success: reloaded. 
230184     INFO  main            d.u.i.k.p.r.p.TestFile    Now processing file /home/runner/work/key/key/key.core/../key.ui/examples/standard_key/quantifiers/normalisation7.key 
230185     INFO  main            d.u.i.k.p.i.AbstractProblemLoader Loading environment from /home/runner/work/key/key/key.core/../key.ui/examples/standard_key/quantifiers/normalisation7.key 
230185     DEBUG main            d.u.i.k.p.i.AbstractProblemLoader Environment load took 98.8ns 
230186     INFO  main            d.u.i.k.p.i.AbstractProblemLoader Creating init config 
232335     DEBUG main            d.u.i.k.p.i.AbstractProblemLoader Init config took 2.15s 
232346     INFO  main            d.u.i.k.p.i.AbstractProblemLoader Replaying proof normalisation7.key 
232348     DEBUG main            d.u.i.k.p.i.IntermediateProofReplayer Proof replay took 6.1ns 
232452     INFO  main            d.u.i.k.p.r.p.TestFile    ... finished proof: closed. 
232769     INFO  main            d.u.i.k.p.i.AbstractProblemLoader Loading environment from /home/runner/work/key/key/key.core/../key.ui/examples/standard_key/quantifiers/normalisation7.key.proof 
232769     DEBUG main            d.u.i.k.p.i.AbstractProblemLoader Environment load took 132.7ns 
232770     INFO  main            d.u.i.k.p.i.AbstractProblemLoader Creating init config 
234887     DEBUG main            d.u.i.k.p.i.AbstractProblemLoader Init config took 2.12s 
234899     INFO  main            d.u.i.k.p.i.AbstractProblemLoader Replaying proof normalisation7.key.proof 
234902     DEBUG main            d.u.i.k.p.i.IntermediateProofReplayer Proof replay took 1.87ms 
234902     DEBUG main            d.u.i.k.p.r.p.TestFile    ... success: reloaded. 
234903     INFO  main            d.u.i.k.p.r.p.TestFile    Now processing file /home/runner/work/key/key/key.core/../key.ui/examples/standard_key/quantifiers/normalisation8.key 
234903     INFO  main            d.u.i.k.p.i.AbstractProblemLoader Loading environment from /home/runner/work/key/key/key.core/../key.ui/examples/standard_key/quantifiers/normalisation8.key 
234903     DEBUG main            d.u.i.k.p.i.AbstractProblemLoader Environment load took 64.7ns 
234904     INFO  main            d.u.i.k.p.i.AbstractProblemLoader Creating init config 
237057     DEBUG main            d.u.i.k.p.i.AbstractProblemLoader Init config took 2.15s 
237070     INFO  main            d.u.i.k.p.i.AbstractProblemLoader Replaying proof normalisation8.key 
237071     DEBUG main            d.u.i.k.p.i.IntermediateProofReplayer Proof replay took 5.5ns 
237175     INFO  main            d.u.i.k.p.r.p.TestFile    ... finished proof: closed. 
237503     INFO  main            d.u.i.k.p.i.AbstractProblemLoader Loading environment from /home/runner/work/key/key/key.core/../key.ui/examples/standard_key/quantifiers/normalisation8.key.proof 
237503     DEBUG main            d.u.i.k.p.i.AbstractProblemLoader Environment load took 73.8ns 
237504     INFO  main            d.u.i.k.p.i.AbstractProblemLoader Creating init config 
239617     DEBUG main            d.u.i.k.p.i.AbstractProblemLoader Init config took 2.11s 
239629     INFO  main            d.u.i.k.p.i.AbstractProblemLoader Replaying proof normalisation8.key.proof 
239635     DEBUG main            d.u.i.k.p.i.IntermediateProofReplayer Proof replay took 4.57ms 
239635     DEBUG main            d.u.i.k.p.r.p.TestFile    ... success: reloaded. 
239640     INFO  main            d.u.i.k.p.r.p.TestFile    Now processing file /home/runner/work/key/key/key.core/../key.ui/examples/standard_key/quantifiers/normalisation9.key 
239640     INFO  main            d.u.i.k.p.i.AbstractProblemLoader Loading environment from /home/runner/work/key/key/key.core/../key.ui/examples/standard_key/quantifiers/normalisation9.key 
239640     DEBUG main            d.u.i.k.p.i.AbstractProblemLoader Environment load took 69.6ns 
239641     INFO  main            d.u.i.k.p.i.AbstractProblemLoader Creating init config 
241794     DEBUG main            d.u.i.k.p.i.AbstractProblemLoader Init config took 2.15s 
241805     INFO  main            d.u.i.k.p.i.AbstractProblemLoader Replaying proof normalisation9.key 
241806     DEBUG main            d.u.i.k.p.i.IntermediateProofReplayer Proof replay took 6.5ns 
241911     INFO  main            d.u.i.k.p.r.p.TestFile    ... finished proof: closed. 
242237     INFO  main            d.u.i.k.p.i.AbstractProblemLoader Loading environment from /home/runner/work/key/key/key.core/../key.ui/examples/standard_key/quantifiers/normalisation9.key.proof 
242237     DEBUG main            d.u.i.k.p.i.AbstractProblemLoader Environment load took 77.7ns 
242238     INFO  main            d.u.i.k.p.i.AbstractProblemLoader Creating init config 
244351     DEBUG main            d.u.i.k.p.i.AbstractProblemLoader Init config took 2.11s 
244363     INFO  main            d.u.i.k.p.i.AbstractProblemLoader Replaying proof normalisation9.key.proof 
244370     DEBUG main            d.u.i.k.p.i.IntermediateProofReplayer Proof replay took 5.45ms 
244370     DEBUG main            d.u.i.k.p.r.p.TestFile    ... success: reloaded. 
244371     INFO  main            d.u.i.k.p.r.p.TestFile    Now processing file /home/runner/work/key/key/key.core/../key.ui/examples/standard_key/quantifiers/normalisation10.key 
244371     INFO  main            d.u.i.k.p.i.AbstractProblemLoader Loading environment from /home/runner/work/key/key/key.core/../key.ui/examples/standard_key/quantifiers/normalisation10.key 
244371     DEBUG main            d.u.i.k.p.i.AbstractProblemLoader Environment load took 41.6ns 
244372     INFO  main            d.u.i.k.p.i.AbstractProblemLoader Creating init config 
246540     DEBUG main            d.u.i.k.p.i.AbstractProblemLoader Init config took 2.17s 
246552     INFO  main            d.u.i.k.p.i.AbstractProblemLoader Replaying proof normalisation10.key 
246554     DEBUG main            d.u.i.k.p.i.IntermediateProofReplayer Proof replay took 6.2ns 
246656     INFO  main            d.u.i.k.p.r.p.TestFile    ... finished proof: closed. 
246986     INFO  main            d.u.i.k.p.i.AbstractProblemLoader Loading environment from /home/runner/work/key/key/key.core/../key.ui/examples/standard_key/quantifiers/normalisation10.key.proof 
246986     DEBUG main            d.u.i.k.p.i.AbstractProblemLoader Environment load took 70.8ns 
246987     INFO  main            d.u.i.k.p.i.AbstractProblemLoader Creating init config 
249104     DEBUG main            d.u.i.k.p.i.AbstractProblemLoader Init config took 2.12s 
249116     INFO  main            d.u.i.k.p.i.AbstractProblemLoader Replaying proof normalisation10.key.proof 
249121     DEBUG main            d.u.i.k.p.i.IntermediateProofReplayer Proof replay took 3.9ms 
249122     DEBUG main            d.u.i.k.p.r.p.TestFile    ... success: reloaded. 
249123     INFO  main            d.u.i.k.p.r.p.TestFile    Now processing file /home/runner/work/key/key/key.core/../key.ui/examples/standard_key/quantifiers/normalisation12.key 
249123     INFO  main            d.u.i.k.p.i.AbstractProblemLoader Loading environment from /home/runner/work/key/key/key.core/../key.ui/examples/standard_key/quantifiers/normalisation12.key 
249123     DEBUG main            d.u.i.k.p.i.AbstractProblemLoader Environment load took 63.7ns 
249124     INFO  main            d.u.i.k.p.i.AbstractProblemLoader Creating init config 
251279     DEBUG main            d.u.i.k.p.i.AbstractProblemLoader Init config took 2.15s 
251290     INFO  main            d.u.i.k.p.i.AbstractProblemLoader Replaying proof normalisation12.key 
251291     DEBUG main            d.u.i.k.p.i.IntermediateProofReplayer Proof replay took 6ns 
251393     INFO  main            d.u.i.k.p.r.p.TestFile    ... finished proof: closed. 
251727     INFO  main            d.u.i.k.p.i.AbstractProblemLoader Loading environment from /home/runner/work/key/key/key.core/../key.ui/examples/standard_key/quantifiers/normalisation12.key.proof 
251727     DEBUG main            d.u.i.k.p.i.AbstractProblemLoader Environment load took 72.7ns 
251728     INFO  main            d.u.i.k.p.i.AbstractProblemLoader Creating init config 
253851     DEBUG main            d.u.i.k.p.i.AbstractProblemLoader Init config took 2.12s 
253863     INFO  main            d.u.i.k.p.i.AbstractProblemLoader Replaying proof normalisation12.key.proof 
253865     DEBUG main            d.u.i.k.p.i.IntermediateProofReplayer Proof replay took 920.6ns 
253866     DEBUG main            d.u.i.k.p.r.p.TestFile    ... success: reloaded. 
253867     INFO  main            d.u.i.k.p.r.p.TestFile    Now processing file /home/runner/work/key/key/key.core/../key.ui/examples/standard_key/quantifiers/normalisation13.key 
253867     INFO  main            d.u.i.k.p.i.AbstractProblemLoader Loading environment from /home/runner/work/key/key/key.core/../key.ui/examples/standard_key/quantifiers/normalisation13.key 
253867     DEBUG main            d.u.i.k.p.i.AbstractProblemLoader Environment load took 49.4ns 
253868     INFO  main            d.u.i.k.p.i.AbstractProblemLoader Creating init config 
256029     DEBUG main            d.u.i.k.p.i.AbstractProblemLoader Init config took 2.16s 
256040     INFO  main            d.u.i.k.p.i.AbstractProblemLoader Replaying proof normalisation13.key 
256042     DEBUG main            d.u.i.k.p.i.IntermediateProofReplayer Proof replay took 6.5ns 
256143     INFO  main            d.u.i.k.p.r.p.TestFile    ... finished proof: closed. 
256487     INFO  main            d.u.i.k.p.i.AbstractProblemLoader Loading environment from /home/runner/work/key/key/key.core/../key.ui/examples/standard_key/quantifiers/normalisation13.key.proof 
256487     DEBUG main            d.u.i.k.p.i.AbstractProblemLoader Environment load took 78.1ns 
256488     INFO  main            d.u.i.k.p.i.AbstractProblemLoader Creating init config 
258609     DEBUG main            d.u.i.k.p.i.AbstractProblemLoader Init config took 2.12s 
258621     INFO  main            d.u.i.k.p.i.AbstractProblemLoader Replaying proof normalisation13.key.proof 
258623     DEBUG main            d.u.i.k.p.i.IntermediateProofReplayer Proof replay took 449.5ns 
258623     DEBUG main            d.u.i.k.p.r.p.TestFile    ... success: reloaded. 
258624     INFO  main            d.u.i.k.p.r.p.TestFile    Now processing file /home/runner/work/key/key/key.core/../key.ui/examples/standard_key/quantifiers/triggers0.key 
258624     INFO  main            d.u.i.k.p.i.AbstractProblemLoader Loading environment from /home/runner/work/key/key/key.core/../key.ui/examples/standard_key/quantifiers/triggers0.key 
258624     DEBUG main            d.u.i.k.p.i.AbstractProblemLoader Environment load took 75ns 
258625     INFO  main            d.u.i.k.p.i.AbstractProblemLoader Creating init config 
260789     DEBUG main            d.u.i.k.p.i.AbstractProblemLoader Init config took 2.16s 
260802     INFO  main            d.u.i.k.p.i.AbstractProblemLoader Replaying proof triggers0.key 
260803     DEBUG main            d.u.i.k.p.i.IntermediateProofReplayer Proof replay took 6.9ns 
260905     INFO  main            d.u.i.k.p.r.p.TestFile    ... finished proof: closed. 
261256     INFO  main            d.u.i.k.p.i.AbstractProblemLoader Loading environment from /home/runner/work/key/key/key.core/../key.ui/examples/standard_key/quantifiers/triggers0.key.proof 
261256     DEBUG main            d.u.i.k.p.i.AbstractProblemLoader Environment load took 74.7ns 
261257     INFO  main            d.u.i.k.p.i.AbstractProblemLoader Creating init config 
263372     DEBUG main            d.u.i.k.p.i.AbstractProblemLoader Init config took 2.11s 
263383     INFO  main            d.u.i.k.p.i.AbstractProblemLoader Replaying proof triggers0.key.proof 
263386     DEBUG main            d.u.i.k.p.i.IntermediateProofReplayer Proof replay took 1.17ms 
263386     DEBUG main            d.u.i.k.p.r.p.TestFile    ... success: reloaded. 
3728174    INFO  Test worker     d.u.i.k.p.r.RunAllProofsTestUnit Returning from test FOL 
3728175    INFO  Test worker     d.u.i.k.p.r.RunAllProofsTestUnit Running test strings 
345        INFO  Timeout watchdog d.u.i.k.p.r.p.ForkedTestFileRunner Timeout watcher launched (2000 secs.) 
362        WARN  main            d.u.i.k.s.ProofSettings   The settings in /home/runner/.key/proof-settings.props are *not* read. 
388        INFO  main            d.u.i.k.p.r.p.TestFile    Now processing file /home/runner/work/key/key/key.core/../key.ui/examples/standard_key/strings/charAt0.key 
509        INFO  main            d.u.i.k.p.i.AbstractProblemLoader Loading environment from /home/runner/work/key/key/key.core/../key.ui/examples/standard_key/strings/charAt0.key 
528        DEBUG main            d.u.i.k.p.i.AbstractProblemLoader Environment load took 1.84ms 
805        INFO  main            d.u.i.k.p.i.AbstractProblemLoader Creating init config 
1626       DEBUG main            d.u.i.k.j.TypeConverter   No LDT found for Meta 
1626       DEBUG main            d.u.i.k.j.TypeConverter   No LDT found for Meta 
1632       DEBUG main            d.u.i.k.j.TypeConverter   No LDT found for Meta 
1632       DEBUG main            d.u.i.k.j.TypeConverter   No LDT found for Meta 
3366       DEBUG main            d.u.i.k.j.TypeConverter   No LDT found for JavaBigintExpression 
7940       DEBUG main            d.u.i.k.p.i.AbstractProblemLoader Init config took 7.14s 
8003       INFO  main            d.u.i.k.p.i.AbstractProblemLoader Replaying proof charAt0.key 
8031       DEBUG main            d.u.i.k.p.i.IntermediateProofReplayer Proof replay took 31ns 
8411       INFO  main            d.u.i.k.p.r.p.TestFile    ... finished proof: closed. 
8501       INFO  main            d.u.i.k.p.i.AbstractProblemLoader Loading environment from /home/runner/work/key/key/key.core/../key.ui/examples/standard_key/strings/charAt0.key.proof 
8505       DEBUG main            d.u.i.k.p.i.AbstractProblemLoader Environment load took 3ms 
8509       INFO  main            d.u.i.k.p.i.AbstractProblemLoader Creating init config 
11060      DEBUG main            d.u.i.k.p.i.AbstractProblemLoader Init config took 2.55s 
11089      INFO  main            d.u.i.k.p.i.AbstractProblemLoader Replaying proof charAt0.key.proof 
11110      DEBUG main            d.u.i.k.p.i.IntermediateProofReplayer Proof replay took 16.82ms 
11119      DEBUG main            d.u.i.k.p.r.p.TestFile    ... success: reloaded. 
11120      INFO  main            d.u.i.k.p.r.p.TestFile    Now processing file /home/runner/work/key/key/key.core/../key.ui/examples/standard_key/strings/charAt1.key 
11121      INFO  main            d.u.i.k.p.i.AbstractProblemLoader Loading environment from /home/runner/work/key/key/key.core/../key.ui/examples/standard_key/strings/charAt1.key 
11121      DEBUG main            d.u.i.k.p.i.AbstractProblemLoader Environment load took 169.2ns 
11122      INFO  main            d.u.i.k.p.i.AbstractProblemLoader Creating init config 
13608      DEBUG main            d.u.i.k.p.i.AbstractProblemLoader Init config took 2.49s 
13636      INFO  main            d.u.i.k.p.i.AbstractProblemLoader Replaying proof charAt1.key 
13639      DEBUG main            d.u.i.k.p.i.IntermediateProofReplayer Proof replay took 5.8ns 
13842      INFO  main            d.u.i.k.p.r.p.TestFile    ... finished proof: closed. 
13955      INFO  main            d.u.i.k.p.i.AbstractProblemLoader Loading environment from /home/runner/work/key/key/key.core/../key.ui/examples/standard_key/strings/charAt1.key.proof 
13955      DEBUG main            d.u.i.k.p.i.AbstractProblemLoader Environment load took 560.2ns 
13957      INFO  main            d.u.i.k.p.i.AbstractProblemLoader Creating init config 
16330      DEBUG main            d.u.i.k.p.i.AbstractProblemLoader Init config took 2.37s 
16352      INFO  main            d.u.i.k.p.i.AbstractProblemLoader Replaying proof charAt1.key.proof 
16371      DEBUG main            d.u.i.k.p.i.IntermediateProofReplayer Proof replay took 15.61ms 
16372      DEBUG main            d.u.i.k.p.r.p.TestFile    ... success: reloaded. 
16373      INFO  main            d.u.i.k.p.r.p.TestFile    Now processing file /home/runner/work/key/key/key.core/../key.ui/examples/standard_key/strings/concat1.key 
16373      INFO  main            d.u.i.k.p.i.AbstractProblemLoader Loading environment from /home/runner/work/key/key/key.core/../key.ui/examples/standard_key/strings/concat1.key 
16373      DEBUG main            d.u.i.k.p.i.AbstractProblemLoader Environment load took 150.5ns 
16374      INFO  main            d.u.i.k.p.i.AbstractProblemLoader Creating init config 
18745      DEBUG main            d.u.i.k.p.i.AbstractProblemLoader Init config took 2.37s 
18765      INFO  main            d.u.i.k.p.i.AbstractProblemLoader Replaying proof concat1.key 
18766      DEBUG main            d.u.i.k.p.i.IntermediateProofReplayer Proof replay took 5.3ns 
18871      INFO  main            d.u.i.k.p.r.p.TestFile    ... finished proof: closed. 
18991      INFO  main            d.u.i.k.p.i.AbstractProblemLoader Loading environment from /home/runner/work/key/key/key.core/../key.ui/examples/standard_key/strings/concat1.key.proof 
18991      DEBUG main            d.u.i.k.p.i.AbstractProblemLoader Environment load took 113.4ns 
18993      INFO  main            d.u.i.k.p.i.AbstractProblemLoader Creating init config 
21322      DEBUG main            d.u.i.k.p.i.AbstractProblemLoader Init config took 2.33s 
21341      INFO  main            d.u.i.k.p.i.AbstractProblemLoader Replaying proof concat1.key.proof 
21347      DEBUG main            d.u.i.k.p.i.IntermediateProofReplayer Proof replay took 2.3ms 
21348      DEBUG main            d.u.i.k.p.r.p.TestFile    ... success: reloaded. 
21350      INFO  main            d.u.i.k.p.r.p.TestFile    Now processing file /home/runner/work/key/key/key.core/../key.ui/examples/standard_key/strings/concat2.key 
21350      INFO  main            d.u.i.k.p.i.AbstractProblemLoader Loading environment from /home/runner/work/key/key/key.core/../key.ui/examples/standard_key/strings/concat2.key 
21351      DEBUG main            d.u.i.k.p.i.AbstractProblemLoader Environment load took 89.3ns 
21352      INFO  main            d.u.i.k.p.i.AbstractProblemLoader Creating init config 
23699      DEBUG main            d.u.i.k.p.i.AbstractProblemLoader Init config took 2.35s 
23717      INFO  main            d.u.i.k.p.i.AbstractProblemLoader Replaying proof concat2.key 
23719      DEBUG main            d.u.i.k.p.i.IntermediateProofReplayer Proof replay took 4.5ns 
23821      INFO  main            d.u.i.k.p.r.p.TestFile    ... finished proof: closed. 
23947      INFO  main            d.u.i.k.p.i.AbstractProblemLoader Loading environment from /home/runner/work/key/key/key.core/../key.ui/examples/standard_key/strings/concat2.key.proof 
23947      DEBUG main            d.u.i.k.p.i.AbstractProblemLoader Environment load took 111.5ns 
23948      INFO  main            d.u.i.k.p.i.AbstractProblemLoader Creating init config 
26290      DEBUG main            d.u.i.k.p.i.AbstractProblemLoader Init config took 2.34s 
26308      INFO  main            d.u.i.k.p.i.AbstractProblemLoader Replaying proof concat2.key.proof 
26321      DEBUG main            d.u.i.k.p.i.IntermediateProofReplayer Proof replay took 9.72ms 
26323      DEBUG main            d.u.i.k.p.r.p.TestFile    ... success: reloaded. 
26324      INFO  main            d.u.i.k.p.r.p.TestFile    Now processing file /home/runner/work/key/key/key.core/../key.ui/examples/standard_key/strings/deriveLength1.key 
26324      INFO  main            d.u.i.k.p.i.AbstractProblemLoader Loading environment from /home/runner/work/key/key/key.core/../key.ui/examples/standard_key/strings/deriveLength1.key 
26324      DEBUG main            d.u.i.k.p.i.AbstractProblemLoader Environment load took 119.9ns 
26325      INFO  main            d.u.i.k.p.i.AbstractProblemLoader Creating init config 
28606      DEBUG main            d.u.i.k.p.i.AbstractProblemLoader Init config took 2.28s 
28624      INFO  main            d.u.i.k.p.i.AbstractProblemLoader Replaying proof deriveLength1.key 
28625      DEBUG main            d.u.i.k.p.i.IntermediateProofReplayer Proof replay took 5.2ns 
28729      INFO  main            d.u.i.k.p.r.p.TestFile    ... finished proof: closed. 
28868      INFO  main            d.u.i.k.p.i.AbstractProblemLoader Loading environment from /home/runner/work/key/key/key.core/../key.ui/examples/standard_key/strings/deriveLength1.key.proof 
28868      DEBUG main            d.u.i.k.p.i.AbstractProblemLoader Environment load took 111.8ns 
28869      INFO  main            d.u.i.k.p.i.AbstractProblemLoader Creating init config 
31126      DEBUG main            d.u.i.k.p.i.AbstractProblemLoader Init config took 2.26s 
31144      INFO  main            d.u.i.k.p.i.AbstractProblemLoader Replaying proof deriveLength1.key.proof 
31153      DEBUG main            d.u.i.k.p.i.IntermediateProofReplayer Proof replay took 7.77ms 
31154      DEBUG main            d.u.i.k.p.r.p.TestFile    ... success: reloaded. 
31155      INFO  main            d.u.i.k.p.r.p.TestFile    Now processing file /home/runner/work/key/key/key.core/../key.ui/examples/standard_key/strings/emptyStringLengthZero.key 
31155      INFO  main            d.u.i.k.p.i.AbstractProblemLoader Loading environment from /home/runner/work/key/key/key.core/../key.ui/examples/standard_key/strings/emptyStringLengthZero.key 
31155      DEBUG main            d.u.i.k.p.i.AbstractProblemLoader Environment load took 150.8ns 
31156      INFO  main            d.u.i.k.p.i.AbstractProblemLoader Creating init config 
33460      DEBUG main            d.u.i.k.p.i.AbstractProblemLoader Init config took 2.3s 
33478      INFO  main            d.u.i.k.p.i.AbstractProblemLoader Replaying proof emptyStringLengthZero.key 
33481      DEBUG main            d.u.i.k.p.i.IntermediateProofReplayer Proof replay took 6.6ns 
33584      INFO  main            d.u.i.k.p.r.p.TestFile    ... finished proof: closed. 
33726      INFO  main            d.u.i.k.p.i.AbstractProblemLoader Loading environment from /home/runner/work/key/key/key.core/../key.ui/examples/standard_key/strings/emptyStringLengthZero.key.proof 
33726      DEBUG main            d.u.i.k.p.i.AbstractProblemLoader Environment load took 108.1ns 
33727      INFO  main            d.u.i.k.p.i.AbstractProblemLoader Creating init config 
35980      DEBUG main            d.u.i.k.p.i.AbstractProblemLoader Init config took 2.25s 
35998      INFO  main            d.u.i.k.p.i.AbstractProblemLoader Replaying proof emptyStringLengthZero.key.proof 
36003      DEBUG main            d.u.i.k.p.i.IntermediateProofReplayer Proof replay took 3.07ms 
36004      DEBUG main            d.u.i.k.p.r.p.TestFile    ... success: reloaded. 
36005      INFO  main            d.u.i.k.p.r.p.TestFile    Now processing file /home/runner/work/key/key/key.core/../key.ui/examples/standard_key/strings/implicitBooleanStringConversion.key 
36005      INFO  main            d.u.i.k.p.i.AbstractProblemLoader Loading environment from /home/runner/work/key/key/key.core/../key.ui/examples/standard_key/strings/implicitBooleanStringConversion.key 
36005      DEBUG main            d.u.i.k.p.i.AbstractProblemLoader Environment load took 152.2ns 
36006      INFO  main            d.u.i.k.p.i.AbstractProblemLoader Creating init config 
38293      DEBUG main            d.u.i.k.p.i.AbstractProblemLoader Init config took 2.29s 
38311      INFO  main            d.u.i.k.p.i.AbstractProblemLoader Replaying proof implicitBooleanStringConversion.key 
38313      DEBUG main            d.u.i.k.p.i.IntermediateProofReplayer Proof replay took 5.2ns 
39223      INFO  main            d.u.i.k.p.r.p.TestFile    ... finished proof: closed. 
39385      INFO  main            d.u.i.k.p.i.AbstractProblemLoader Loading environment from /home/runner/work/key/key/key.core/../key.ui/examples/standard_key/strings/implicitBooleanStringConversion.key.proof 
39385      DEBUG main            d.u.i.k.p.i.AbstractProblemLoader Environment load took 365ns 
39386      INFO  main            d.u.i.k.p.i.AbstractProblemLoader Creating init config 
41636      DEBUG main            d.u.i.k.p.i.AbstractProblemLoader Init config took 2.25s 
41653      INFO  main            d.u.i.k.p.i.AbstractProblemLoader Replaying proof implicitBooleanStringConversion.key.proof 
41741      DEBUG main            d.u.i.k.p.i.IntermediateProofReplayer Proof replay took 82.47ms 
41742      DEBUG main            d.u.i.k.p.r.p.TestFile    ... success: reloaded. 
41743      INFO  main            d.u.i.k.p.r.p.TestFile    Now processing file /home/runner/work/key/key/key.core/../key.ui/examples/standard_key/strings/implicitBooleanStringConversion2.key 
41743      INFO  main            d.u.i.k.p.i.AbstractProblemLoader Loading environment from /home/runner/work/key/key/key.core/../key.ui/examples/standard_key/strings/implicitBooleanStringConversion2.key 
41743      DEBUG main            d.u.i.k.p.i.AbstractProblemLoader Environment load took 151.5ns 
41744      INFO  main            d.u.i.k.p.i.AbstractProblemLoader Creating init config 
44033      DEBUG main            d.u.i.k.p.i.AbstractProblemLoader Init config took 2.29s 
44050      INFO  main            d.u.i.k.p.i.AbstractProblemLoader Replaying proof implicitBooleanStringConversion2.key 
44052      DEBUG main            d.u.i.k.p.i.IntermediateProofReplayer Proof replay took 5.9ns 
44367      INFO  main            d.u.i.k.p.r.p.TestFile    ... finished proof: closed. 
44531      INFO  main            d.u.i.k.p.i.AbstractProblemLoader Loading environment from /home/runner/work/key/key/key.core/../key.ui/examples/standard_key/strings/implicitBooleanStringConversion2.key.proof 
44531      DEBUG main            d.u.i.k.p.i.AbstractProblemLoader Environment load took 108.8ns 
44533      INFO  main            d.u.i.k.p.i.AbstractProblemLoader Creating init config 
46769      DEBUG main            d.u.i.k.p.i.AbstractProblemLoader Init config took 2.24s 
46786      INFO  main            d.u.i.k.p.i.AbstractProblemLoader Replaying proof implicitBooleanStringConversion2.key.proof 
46819      DEBUG main            d.u.i.k.p.i.IntermediateProofReplayer Proof replay took 29.6ms 
46820      DEBUG main            d.u.i.k.p.r.p.TestFile    ... success: reloaded. 
46821      INFO  main            d.u.i.k.p.r.p.TestFile    Now processing file /home/runner/work/key/key/key.core/../key.ui/examples/standard_key/strings/implicitIntStringConversion.key 
46821      INFO  main            d.u.i.k.p.i.AbstractProblemLoader Loading environment from /home/runner/work/key/key/key.core/../key.ui/examples/standard_key/strings/implicitIntStringConversion.key 
46822      DEBUG main            d.u.i.k.p.i.AbstractProblemLoader Environment load took 159.8ns 
46822      INFO  main            d.u.i.k.p.i.AbstractProblemLoader Creating init config 
49111      DEBUG main            d.u.i.k.p.i.AbstractProblemLoader Init config took 2.29s 
49126      INFO  main            d.u.i.k.p.i.AbstractProblemLoader Replaying proof implicitIntStringConversion.key 
49128      DEBUG main            d.u.i.k.p.i.IntermediateProofReplayer Proof replay took 5.7ns 
49632      INFO  main            d.u.i.k.p.r.p.TestFile    ... finished proof: closed. 
49860      INFO  main            d.u.i.k.p.i.AbstractProblemLoader Loading environment from /home/runner/work/key/key/key.core/../key.ui/examples/standard_key/strings/implicitIntStringConversion.key.proof 
49862      DEBUG main            d.u.i.k.p.i.AbstractProblemLoader Environment load took 2.38ms 
49864      INFO  main            d.u.i.k.p.i.AbstractProblemLoader Creating init config 
52073      DEBUG main            d.u.i.k.p.i.AbstractProblemLoader Init config took 2.21s 
52089      INFO  main            d.u.i.k.p.i.AbstractProblemLoader Replaying proof implicitIntStringConversion.key.proof 
52148      DEBUG main            d.u.i.k.p.i.IntermediateProofReplayer Proof replay took 54.36ms 
52149      DEBUG main            d.u.i.k.p.r.p.TestFile    ... success: reloaded. 
52150      INFO  main            d.u.i.k.p.r.p.TestFile    Now processing file /home/runner/work/key/key/key.core/../key.ui/examples/standard_key/strings/implicitNullStringConversion.key 
52150      INFO  main            d.u.i.k.p.i.AbstractProblemLoader Loading environment from /home/runner/work/key/key/key.core/../key.ui/examples/standard_key/strings/implicitNullStringConversion.key 
52150      DEBUG main            d.u.i.k.p.i.AbstractProblemLoader Environment load took 127.8ns 
52151      INFO  main            d.u.i.k.p.i.AbstractProblemLoader Creating init config 
54418      DEBUG main            d.u.i.k.p.i.AbstractProblemLoader Init config took 2.27s 
54435      INFO  main            d.u.i.k.p.i.AbstractProblemLoader Replaying proof implicitNullStringConversion.key 
54436      DEBUG main            d.u.i.k.p.i.IntermediateProofReplayer Proof replay took 9.2ns 
54639      INFO  main            d.u.i.k.p.r.p.TestFile    ... finished proof: closed. 
54809      INFO  main            d.u.i.k.p.i.AbstractProblemLoader Loading environment from /home/runner/work/key/key/key.core/../key.ui/examples/standard_key/strings/implicitNullStringConversion.key.proof 
54810      DEBUG main            d.u.i.k.p.i.AbstractProblemLoader Environment load took 104.5ns 
54811      INFO  main            d.u.i.k.p.i.AbstractProblemLoader Creating init config 
57042      DEBUG main            d.u.i.k.p.i.AbstractProblemLoader Init config took 2.23s 
57058      INFO  main            d.u.i.k.p.i.AbstractProblemLoader Replaying proof implicitNullStringConversion.key.proof 
57090      DEBUG main            d.u.i.k.p.i.IntermediateProofReplayer Proof replay took 29.18ms 
57091      DEBUG main            d.u.i.k.p.r.p.TestFile    ... success: reloaded. 
57092      INFO  main            d.u.i.k.p.r.p.TestFile    Now processing file /home/runner/work/key/key/key.core/../key.ui/examples/standard_key/strings/implicitNullStringConversion2.key 
57092      INFO  main            d.u.i.k.p.i.AbstractProblemLoader Loading environment from /home/runner/work/key/key/key.core/../key.ui/examples/standard_key/strings/implicitNullStringConversion2.key 
57092      DEBUG main            d.u.i.k.p.i.AbstractProblemLoader Environment load took 91.9ns 
57093      INFO  main            d.u.i.k.p.i.AbstractProblemLoader Creating init config 
59342      DEBUG main            d.u.i.k.p.i.AbstractProblemLoader Init config took 2.25s 
59356      INFO  main            d.u.i.k.p.i.AbstractProblemLoader Replaying proof implicitNullStringConversion2.key 
59358      DEBUG main            d.u.i.k.p.i.IntermediateProofReplayer Proof replay took 5.5ns 
59560      INFO  main            d.u.i.k.p.r.p.TestFile    ... finished proof: closed. 
59735      INFO  main            d.u.i.k.p.i.AbstractProblemLoader Loading environment from /home/runner/work/key/key/key.core/../key.ui/examples/standard_key/strings/implicitNullStringConversion2.key.proof 
59735      DEBUG main            d.u.i.k.p.i.AbstractProblemLoader Environment load took 100.8ns 
59736      INFO  main            d.u.i.k.p.i.AbstractProblemLoader Creating init config 
61938      DEBUG main            d.u.i.k.p.i.AbstractProblemLoader Init config took 2.2s 
61953      INFO  main            d.u.i.k.p.i.AbstractProblemLoader Replaying proof implicitNullStringConversion2.key.proof 
61974      DEBUG main            d.u.i.k.p.i.IntermediateProofReplayer Proof replay took 18.63ms 
61975      DEBUG main            d.u.i.k.p.r.p.TestFile    ... success: reloaded. 
61975      INFO  main            d.u.i.k.p.r.p.TestFile    Now processing file /home/runner/work/key/key/key.core/../key.ui/examples/standard_key/strings/implicitObjectStringConversion.key 
61976      INFO  main            d.u.i.k.p.i.AbstractProblemLoader Loading environment from /home/runner/work/key/key/key.core/../key.ui/examples/standard_key/strings/implicitObjectStringConversion.key 
61976      DEBUG main            d.u.i.k.p.i.AbstractProblemLoader Environment load took 84.5ns 
61977      INFO  main            d.u.i.k.p.i.AbstractProblemLoader Creating init config 
64413      DEBUG main            d.u.i.k.p.i.AbstractProblemLoader Init config took 2.44s 
64428      INFO  main            d.u.i.k.p.i.AbstractProblemLoader Replaying proof implicitObjectStringConversion.key 
64430      DEBUG main            d.u.i.k.p.i.IntermediateProofReplayer Proof replay took 6.3ns 
64836      INFO  main            d.u.i.k.p.r.p.TestFile    ... finished proof: closed. 
65020      INFO  main            d.u.i.k.p.i.AbstractProblemLoader Loading environment from /home/runner/work/key/key/key.core/../key.ui/examples/standard_key/strings/implicitObjectStringConversion.key.proof 
65020      DEBUG main            d.u.i.k.p.i.AbstractProblemLoader Environment load took 123.4ns 
65021      INFO  main            d.u.i.k.p.i.AbstractProblemLoader Creating init config 
67405      DEBUG main            d.u.i.k.p.i.AbstractProblemLoader Init config took 2.38s 
67423      INFO  main            d.u.i.k.p.i.AbstractProblemLoader Replaying proof implicitObjectStringConversion.key.proof 
67482      DEBUG main            d.u.i.k.p.i.IntermediateProofReplayer Proof replay took 55.57ms 
67483      DEBUG main            d.u.i.k.p.r.p.TestFile    ... success: reloaded. 
67484      INFO  main            d.u.i.k.p.r.p.TestFile    Now processing file /home/runner/work/key/key/key.core/../key.ui/examples/standard_key/strings/literalEquality.key 
67484      INFO  main            d.u.i.k.p.i.AbstractProblemLoader Loading environment from /home/runner/work/key/key/key.core/../key.ui/examples/standard_key/strings/literalEquality.key 
67484      DEBUG main            d.u.i.k.p.i.AbstractProblemLoader Environment load took 173.8ns 
67485      INFO  main            d.u.i.k.p.i.AbstractProblemLoader Creating init config 
69744      DEBUG main            d.u.i.k.p.i.AbstractProblemLoader Init config took 2.26s 
69757      INFO  main            d.u.i.k.p.i.AbstractProblemLoader Replaying proof literalEquality.key 
69759      DEBUG main            d.u.i.k.p.i.IntermediateProofReplayer Proof replay took 5.3ns 
69863      INFO  main            d.u.i.k.p.r.p.TestFile    ... finished proof: closed. 
70043      INFO  main            d.u.i.k.p.i.AbstractProblemLoader Loading environment from /home/runner/work/key/key/key.core/../key.ui/examples/standard_key/strings/literalEquality.key.proof 
70043      DEBUG main            d.u.i.k.p.i.AbstractProblemLoader Environment load took 101.7ns 
70044      INFO  main            d.u.i.k.p.i.AbstractProblemLoader Creating init config 
72267      DEBUG main            d.u.i.k.p.i.AbstractProblemLoader Init config took 2.22s 
72282      INFO  main            d.u.i.k.p.i.AbstractProblemLoader Replaying proof literalEquality.key.proof 
72287      DEBUG main            d.u.i.k.p.i.IntermediateProofReplayer Proof replay took 3.66ms 
72288      DEBUG main            d.u.i.k.p.r.p.TestFile    ... success: reloaded. 
72289      INFO  main            d.u.i.k.p.r.p.TestFile    Now processing file /home/runner/work/key/key/key.core/../key.ui/examples/standard_key/strings/replace0.key 
72289      INFO  main            d.u.i.k.p.i.AbstractProblemLoader Loading environment from /home/runner/work/key/key/key.core/../key.ui/examples/standard_key/strings/replace0.key 
72289      DEBUG main            d.u.i.k.p.i.AbstractProblemLoader Environment load took 143.1ns 
72291      INFO  main            d.u.i.k.p.i.AbstractProblemLoader Creating init config 
74580      DEBUG main            d.u.i.k.p.i.AbstractProblemLoader Init config took 2.29s 
74592      INFO  main            d.u.i.k.p.i.AbstractProblemLoader Replaying proof replace0.key 
74593      DEBUG main            d.u.i.k.p.i.IntermediateProofReplayer Proof replay took 5.6ns 
74695      INFO  main            d.u.i.k.p.r.p.TestFile    ... finished proof: closed. 
74877      INFO  main            d.u.i.k.p.i.AbstractProblemLoader Loading environment from /home/runner/work/key/key/key.core/../key.ui/examples/standard_key/strings/replace0.key.proof 
74878      DEBUG main            d.u.i.k.p.i.AbstractProblemLoader Environment load took 102.3ns 
74879      INFO  main            d.u.i.k.p.i.AbstractProblemLoader Creating init config 
77056      DEBUG main            d.u.i.k.p.i.AbstractProblemLoader Init config took 2.18s 
77072      INFO  main            d.u.i.k.p.i.AbstractProblemLoader Replaying proof replace0.key.proof 
77078      DEBUG main            d.u.i.k.p.i.IntermediateProofReplayer Proof replay took 3.8ms 
77079      DEBUG main            d.u.i.k.p.r.p.TestFile    ... success: reloaded. 
77079      INFO  main            d.u.i.k.p.r.p.TestFile    Now processing file /home/runner/work/key/key/key.core/../key.ui/examples/standard_key/strings/replace1.key 
77079      INFO  main            d.u.i.k.p.i.AbstractProblemLoader Loading environment from /home/runner/work/key/key/key.core/../key.ui/examples/standard_key/strings/replace1.key 
77080      DEBUG main            d.u.i.k.p.i.AbstractProblemLoader Environment load took 79.3ns 
77080      INFO  main            d.u.i.k.p.i.AbstractProblemLoader Creating init config 
79290      DEBUG main            d.u.i.k.p.i.AbstractProblemLoader Init config took 2.21s 
79302      INFO  main            d.u.i.k.p.i.AbstractProblemLoader Replaying proof replace1.key 
79303      DEBUG main            d.u.i.k.p.i.IntermediateProofReplayer Proof replay took 5.5ns 
79408      INFO  main            d.u.i.k.p.r.p.TestFile    ... finished proof: closed. 
79595      INFO  main            d.u.i.k.p.i.AbstractProblemLoader Loading environment from /home/runner/work/key/key/key.core/../key.ui/examples/standard_key/strings/replace1.key.proof 
79596      DEBUG main            d.u.i.k.p.i.AbstractProblemLoader Environment load took 98.3ns 
79596      INFO  main            d.u.i.k.p.i.AbstractProblemLoader Creating init config 
81781      DEBUG main            d.u.i.k.p.i.AbstractProblemLoader Init config took 2.18s 
81793      INFO  main            d.u.i.k.p.i.AbstractProblemLoader Replaying proof replace1.key.proof 
81799      DEBUG main            d.u.i.k.p.i.IntermediateProofReplayer Proof replay took 4.25ms 
81800      DEBUG main            d.u.i.k.p.r.p.TestFile    ... success: reloaded. 
81800      INFO  main            d.u.i.k.p.r.p.TestFile    Now processing file /home/runner/work/key/key/key.core/../key.ui/examples/standard_key/strings/simpleAssignment.key 
81801      INFO  main            d.u.i.k.p.i.AbstractProblemLoader Loading environment from /home/runner/work/key/key/key.core/../key.ui/examples/standard_key/strings/simpleAssignment.key 
81801      DEBUG main            d.u.i.k.p.i.AbstractProblemLoader Environment load took 78ns 
81802      INFO  main            d.u.i.k.p.i.AbstractProblemLoader Creating init config 
84049      DEBUG main            d.u.i.k.p.i.AbstractProblemLoader Init config took 2.25s 
84062      INFO  main            d.u.i.k.p.i.AbstractProblemLoader Replaying proof simpleAssignment.key 
84064      DEBUG main            d.u.i.k.p.i.IntermediateProofReplayer Proof replay took 6.1ns 
84165      INFO  main            d.u.i.k.p.r.p.TestFile    ... finished proof: closed. 
84374      INFO  main            d.u.i.k.p.i.AbstractProblemLoader Loading environment from /home/runner/work/key/key/key.core/../key.ui/examples/standard_key/strings/simpleAssignment.key.proof 
84374      DEBUG main            d.u.i.k.p.i.AbstractProblemLoader Environment load took 101.6ns 
84375      INFO  main            d.u.i.k.p.i.AbstractProblemLoader Creating init config 
86591      DEBUG main            d.u.i.k.p.i.AbstractProblemLoader Init config took 2.22s 
86605      INFO  main            d.u.i.k.p.i.AbstractProblemLoader Replaying proof simpleAssignment.key.proof 
86608      DEBUG main            d.u.i.k.p.i.IntermediateProofReplayer Proof replay took 1.23ms 
86609      DEBUG main            d.u.i.k.p.r.p.TestFile    ... success: reloaded. 
86610      INFO  main            d.u.i.k.p.r.p.TestFile    Now processing file /home/runner/work/key/key/key.core/../key.ui/examples/standard_key/strings/simpleLengthComp.key 
86610      INFO  main            d.u.i.k.p.i.AbstractProblemLoader Loading environment from /home/runner/work/key/key/key.core/../key.ui/examples/standard_key/strings/simpleLengthComp.key 
86610      DEBUG main            d.u.i.k.p.i.AbstractProblemLoader Environment load took 145.2ns 
86611      INFO  main            d.u.i.k.p.i.AbstractProblemLoader Creating init config 
88892      DEBUG main            d.u.i.k.p.i.AbstractProblemLoader Init config took 2.28s 
88905      INFO  main            d.u.i.k.p.i.AbstractProblemLoader Replaying proof simpleLengthComp.key 
88908      DEBUG main            d.u.i.k.p.i.IntermediateProofReplayer Proof replay took 5.5ns 
89112      INFO  main            d.u.i.k.p.r.p.TestFile    ... finished proof: closed. 
89312      INFO  main            d.u.i.k.p.i.AbstractProblemLoader Loading environment from /home/runner/work/key/key/key.core/../key.ui/examples/standard_key/strings/simpleLengthComp.key.proof 
89312      DEBUG main            d.u.i.k.p.i.AbstractProblemLoader Environment load took 122.8ns 
89313      INFO  main            d.u.i.k.p.i.AbstractProblemLoader Creating init config 
91527      DEBUG main            d.u.i.k.p.i.AbstractProblemLoader Init config took 2.21s 
91557      INFO  main            d.u.i.k.p.i.AbstractProblemLoader Replaying proof simpleLengthComp.key.proof 
91600      DEBUG main            d.u.i.k.p.i.IntermediateProofReplayer Proof replay took 34.09ms 
91602      DEBUG main            d.u.i.k.p.r.p.TestFile    ... success: reloaded. 
91603      INFO  main            d.u.i.k.p.r.p.TestFile    Now processing file /home/runner/work/key/key/key.core/../key.ui/examples/standard_key/strings/stringCompileTimeConstant1.key 
91604      INFO  main            d.u.i.k.p.i.AbstractProblemLoader Loading environment from /home/runner/work/key/key/key.core/../key.ui/examples/standard_key/strings/stringCompileTimeConstant1.key 
91604      DEBUG main            d.u.i.k.p.i.AbstractProblemLoader Environment load took 1.24ms 
91605      INFO  main            d.u.i.k.p.i.AbstractProblemLoader Creating init config 
93827      DEBUG main            d.u.i.k.p.i.AbstractProblemLoader Init config took 2.22s 
93841      INFO  main            d.u.i.k.p.i.AbstractProblemLoader Replaying proof stringCompileTimeConstant1.key 
93842      DEBUG main            d.u.i.k.p.i.IntermediateProofReplayer Proof replay took 5.2ns 
93943      INFO  main            d.u.i.k.p.r.p.TestFile    ... finished proof: closed. 
94157      INFO  main            d.u.i.k.p.i.AbstractProblemLoader Loading environment from /home/runner/work/key/key/key.core/../key.ui/examples/standard_key/strings/stringCompileTimeConstant1.key.proof 
94157      DEBUG main            d.u.i.k.p.i.AbstractProblemLoader Environment load took 89ns 
94158      INFO  main            d.u.i.k.p.i.AbstractProblemLoader Creating init config 
96356      DEBUG main            d.u.i.k.p.i.AbstractProblemLoader Init config took 2.2s 
96370      INFO  main            d.u.i.k.p.i.AbstractProblemLoader Replaying proof stringCompileTimeConstant1.key.proof 
96380      DEBUG main            d.u.i.k.p.i.IntermediateProofReplayer Proof replay took 8.19ms 
96381      DEBUG main            d.u.i.k.p.r.p.TestFile    ... success: reloaded. 
96382      INFO  main            d.u.i.k.p.r.p.TestFile    Now processing file /home/runner/work/key/key/key.core/../key.ui/examples/standard_key/strings/stringCompileTimeConstant2.key 
96382      INFO  main            d.u.i.k.p.i.AbstractProblemLoader Loading environment from /home/runner/work/key/key/key.core/../key.ui/examples/standard_key/strings/stringCompileTimeConstant2.key 
96382      DEBUG main            d.u.i.k.p.i.AbstractProblemLoader Environment load took 75ns 
96383      INFO  main            d.u.i.k.p.i.AbstractProblemLoader Creating init config 
98787      DEBUG main            d.u.i.k.p.i.AbstractProblemLoader Init config took 2.4s 
98801      INFO  main            d.u.i.k.p.i.AbstractProblemLoader Replaying proof stringCompileTimeConstant2.key 
98803      DEBUG main            d.u.i.k.p.i.IntermediateProofReplayer Proof replay took 5.6ns 
101424     INFO  main            d.u.i.k.p.r.p.TestFile    ... finished proof: closed. 
101708     INFO  main            d.u.i.k.p.i.AbstractProblemLoader Loading environment from /home/runner/work/key/key/key.core/../key.ui/examples/standard_key/strings/stringCompileTimeConstant2.key.proof 
101708     DEBUG main            d.u.i.k.p.i.AbstractProblemLoader Environment load took 285.8ns 
101710     INFO  main            d.u.i.k.p.i.AbstractProblemLoader Creating init config 
104031     DEBUG main            d.u.i.k.p.i.AbstractProblemLoader Init config took 2.32s 
104045     INFO  main            d.u.i.k.p.i.AbstractProblemLoader Replaying proof stringCompileTimeConstant2.key.proof 
104325     DEBUG main            d.u.i.k.p.i.IntermediateProofReplayer Proof replay took 268.78ms 
104326     DEBUG main            d.u.i.k.p.r.p.TestFile    ... success: reloaded. 
104327     INFO  main            d.u.i.k.p.r.p.TestFile    Now processing file /home/runner/work/key/key/key.core/../key.ui/examples/standard_key/strings/stringEquality1.key 
104328     INFO  main            d.u.i.k.p.i.AbstractProblemLoader Loading environment from /home/runner/work/key/key/key.core/../key.ui/examples/standard_key/strings/stringEquality1.key 
104328     DEBUG main            d.u.i.k.p.i.AbstractProblemLoader Environment load took 171.2ns 
104329     INFO  main            d.u.i.k.p.i.AbstractProblemLoader Creating init config 
106536     DEBUG main            d.u.i.k.p.i.AbstractProblemLoader Init config took 2.21s 
106548     INFO  main            d.u.i.k.p.i.AbstractProblemLoader Replaying proof stringEquality1.key 
106550     DEBUG main            d.u.i.k.p.i.IntermediateProofReplayer Proof replay took 5.8ns 
106657     INFO  main            d.u.i.k.p.r.p.TestFile    ... finished proof: closed. 
106910     INFO  main            d.u.i.k.p.i.AbstractProblemLoader Loading environment from /home/runner/work/key/key/key.core/../key.ui/examples/standard_key/strings/stringEquality1.key.proof 
106910     DEBUG main            d.u.i.k.p.i.AbstractProblemLoader Environment load took 89.9ns 
106911     INFO  main            d.u.i.k.p.i.AbstractProblemLoader Creating init config 
109065     DEBUG main            d.u.i.k.p.i.AbstractProblemLoader Init config took 2.15s 
109077     INFO  main            d.u.i.k.p.i.AbstractProblemLoader Replaying proof stringEquality1.key.proof 
109085     DEBUG main            d.u.i.k.p.i.IntermediateProofReplayer Proof replay took 6.14ms 
109086     DEBUG main            d.u.i.k.p.r.p.TestFile    ... success: reloaded. 
109086     INFO  main            d.u.i.k.p.r.p.TestFile    Now processing file /home/runner/work/key/key/key.core/../key.ui/examples/standard_key/strings/stringEquality2.key 
109086     INFO  main            d.u.i.k.p.i.AbstractProblemLoader Loading environment from /home/runner/work/key/key/key.core/../key.ui/examples/standard_key/strings/stringEquality2.key 
109087     DEBUG main            d.u.i.k.p.i.AbstractProblemLoader Environment load took 72.2ns 
109087     INFO  main            d.u.i.k.p.i.AbstractProblemLoader Creating init config 
111278     DEBUG main            d.u.i.k.p.i.AbstractProblemLoader Init config took 2.19s 
111299     INFO  main            d.u.i.k.p.i.AbstractProblemLoader Replaying proof stringEquality2.key 
111300     DEBUG main            d.u.i.k.p.i.IntermediateProofReplayer Proof replay took 5.4ns 
111704     INFO  main            d.u.i.k.p.r.p.TestFile    ... finished proof: closed. 
111933     INFO  main            d.u.i.k.p.i.AbstractProblemLoader Loading environment from /home/runner/work/key/key/key.core/../key.ui/examples/standard_key/strings/stringEquality2.key.proof 
111933     DEBUG main            d.u.i.k.p.i.AbstractProblemLoader Environment load took 99.1ns 
111934     INFO  main            d.u.i.k.p.i.AbstractProblemLoader Creating init config 
114101     DEBUG main            d.u.i.k.p.i.AbstractProblemLoader Init config took 2.17s 
114114     INFO  main            d.u.i.k.p.i.AbstractProblemLoader Replaying proof stringEquality2.key.proof 
114158     DEBUG main            d.u.i.k.p.i.IntermediateProofReplayer Proof replay took 40.38ms 
114159     DEBUG main            d.u.i.k.p.r.p.TestFile    ... success: reloaded. 
114160     INFO  main            d.u.i.k.p.r.p.TestFile    Now processing file /home/runner/work/key/key/key.core/../key.ui/examples/standard_key/strings/substring0.key 
114160     INFO  main            d.u.i.k.p.i.AbstractProblemLoader Loading environment from /home/runner/work/key/key/key.core/../key.ui/examples/standard_key/strings/substring0.key 
114160     DEBUG main            d.u.i.k.p.i.AbstractProblemLoader Environment load took 59.7ns 
114161     INFO  main            d.u.i.k.p.i.AbstractProblemLoader Creating init config 
116367     DEBUG main            d.u.i.k.p.i.AbstractProblemLoader Init config took 2.21s 
116379     INFO  main            d.u.i.k.p.i.AbstractProblemLoader Replaying proof substring0.key 
116380     DEBUG main            d.u.i.k.p.i.IntermediateProofReplayer Proof replay took 5.4ns 
116481     INFO  main            d.u.i.k.p.r.p.TestFile    ... finished proof: closed. 
116711     INFO  main            d.u.i.k.p.i.AbstractProblemLoader Loading environment from /home/runner/work/key/key/key.core/../key.ui/examples/standard_key/strings/substring0.key.proof 
116711     DEBUG main            d.u.i.k.p.i.AbstractProblemLoader Environment load took 91.6ns 
116712     INFO  main            d.u.i.k.p.i.AbstractProblemLoader Creating init config 
118875     DEBUG main            d.u.i.k.p.i.AbstractProblemLoader Init config took 2.16s 
118888     INFO  main            d.u.i.k.p.i.AbstractProblemLoader Replaying proof substring0.key.proof 
118890     DEBUG main            d.u.i.k.p.i.IntermediateProofReplayer Proof replay took 398.3ns 
118890     DEBUG main            d.u.i.k.p.r.p.TestFile    ... success: reloaded. 
118891     INFO  main            d.u.i.k.p.r.p.TestFile    Now processing file /home/runner/work/key/key/key.core/../key.ui/examples/standard_key/strings/substring1.key 
118891     INFO  main            d.u.i.k.p.i.AbstractProblemLoader Loading environment from /home/runner/work/key/key/key.core/../key.ui/examples/standard_key/strings/substring1.key 
118891     DEBUG main            d.u.i.k.p.i.AbstractProblemLoader Environment load took 50.7ns 
118892     INFO  main            d.u.i.k.p.i.AbstractProblemLoader Creating init config 
121120     DEBUG main            d.u.i.k.p.i.AbstractProblemLoader Init config took 2.23s 
121132     INFO  main            d.u.i.k.p.i.AbstractProblemLoader Replaying proof substring1.key 
121133     DEBUG main            d.u.i.k.p.i.IntermediateProofReplayer Proof replay took 6ns 
121234     INFO  main            d.u.i.k.p.r.p.TestFile    ... finished proof: closed. 
121459     INFO  main            d.u.i.k.p.i.AbstractProblemLoader Loading environment from /home/runner/work/key/key/key.core/../key.ui/examples/standard_key/strings/substring1.key.proof 
121459     DEBUG main            d.u.i.k.p.i.AbstractProblemLoader Environment load took 89.1ns 
121460     INFO  main            d.u.i.k.p.i.AbstractProblemLoader Creating init config 
123628     DEBUG main            d.u.i.k.p.i.AbstractProblemLoader Init config took 2.17s 
123640     INFO  main            d.u.i.k.p.i.AbstractProblemLoader Replaying proof substring1.key.proof 
123641     DEBUG main            d.u.i.k.p.i.IntermediateProofReplayer Proof replay took 349.6ns 
123642     DEBUG main            d.u.i.k.p.r.p.TestFile    ... success: reloaded. 
123643     INFO  main            d.u.i.k.p.r.p.TestFile    Now processing file /home/runner/work/key/key/key.core/../key.ui/examples/standard_key/strings/substring2.key 
123643     INFO  main            d.u.i.k.p.i.AbstractProblemLoader Loading environment from /home/runner/work/key/key/key.core/../key.ui/examples/standard_key/strings/substring2.key 
123643     DEBUG main            d.u.i.k.p.i.AbstractProblemLoader Environment load took 57.1ns 
123644     INFO  main            d.u.i.k.p.i.AbstractProblemLoader Creating init config 
125850     DEBUG main            d.u.i.k.p.i.AbstractProblemLoader Init config took 2.21s 
125862     INFO  main            d.u.i.k.p.i.AbstractProblemLoader Replaying proof substring2.key 
125863     DEBUG main            d.u.i.k.p.i.IntermediateProofReplayer Proof replay took 6.9ns 
125964     INFO  main            d.u.i.k.p.r.p.TestFile    ... finished proof: closed. 
126191     INFO  main            d.u.i.k.p.i.AbstractProblemLoader Loading environment from /home/runner/work/key/key/key.core/../key.ui/examples/standard_key/strings/substring2.key.proof 
126191     DEBUG main            d.u.i.k.p.i.AbstractProblemLoader Environment load took 184ns 
126192     INFO  main            d.u.i.k.p.i.AbstractProblemLoader Creating init config 
128362     DEBUG main            d.u.i.k.p.i.AbstractProblemLoader Init config took 2.17s 
128374     INFO  main            d.u.i.k.p.i.AbstractProblemLoader Replaying proof substring2.key.proof 
128377     DEBUG main            d.u.i.k.p.i.IntermediateProofReplayer Proof replay took 725.2ns 
128378     DEBUG main            d.u.i.k.p.r.p.TestFile    ... success: reloaded. 
128379     INFO  main            d.u.i.k.p.r.p.TestFile    Now processing file /home/runner/work/key/key/key.core/../key.ui/examples/standard_key/strings/substring3.key 
128380     INFO  main            d.u.i.k.p.i.AbstractProblemLoader Loading environment from /home/runner/work/key/key/key.core/../key.ui/examples/standard_key/strings/substring3.key 
128380     DEBUG main            d.u.i.k.p.i.AbstractProblemLoader Environment load took 74.9ns 
128380     INFO  main            d.u.i.k.p.i.AbstractProblemLoader Creating init config 
130607     DEBUG main            d.u.i.k.p.i.AbstractProblemLoader Init config took 2.23s 
130621     INFO  main            d.u.i.k.p.i.AbstractProblemLoader Replaying proof substring3.key 
130622     DEBUG main            d.u.i.k.p.i.IntermediateProofReplayer Proof replay took 5.7ns 
130724     INFO  main            d.u.i.k.p.r.p.TestFile    ... finished proof: closed. 
130966     INFO  main            d.u.i.k.p.i.AbstractProblemLoader Loading environment from /home/runner/work/key/key/key.core/../key.ui/examples/standard_key/strings/substring3.key.proof 
130966     DEBUG main            d.u.i.k.p.i.AbstractProblemLoader Environment load took 91ns 
130968     INFO  main            d.u.i.k.p.i.AbstractProblemLoader Creating init config 
133120     DEBUG main            d.u.i.k.p.i.AbstractProblemLoader Init config took 2.15s 
133132     INFO  main            d.u.i.k.p.i.AbstractProblemLoader Replaying proof substring3.key.proof 
133136     DEBUG main            d.u.i.k.p.i.IntermediateProofReplayer Proof replay took 2.17ms 
133137     DEBUG main            d.u.i.k.p.r.p.TestFile    ... success: reloaded. 
133137     INFO  main            d.u.i.k.p.r.p.TestFile    Now processing file /home/runner/work/key/key/key.core/../key.ui/examples/standard_key/strings/substring4.key 
133138     INFO  main            d.u.i.k.p.i.AbstractProblemLoader Loading environment from /home/runner/work/key/key/key.core/../key.ui/examples/standard_key/strings/substring4.key 
133138     DEBUG main            d.u.i.k.p.i.AbstractProblemLoader Environment load took 175ns 
133138     INFO  main            d.u.i.k.p.i.AbstractProblemLoader Creating init config 
135364     DEBUG main            d.u.i.k.p.i.AbstractProblemLoader Init config took 2.23s 
135376     INFO  main            d.u.i.k.p.i.AbstractProblemLoader Replaying proof substring4.key 
135377     DEBUG main            d.u.i.k.p.i.IntermediateProofReplayer Proof replay took 5.9ns 
135479     INFO  main            d.u.i.k.p.r.p.TestFile    ... finished proof: closed. 
135716     INFO  main            d.u.i.k.p.i.AbstractProblemLoader Loading environment from /home/runner/work/key/key/key.core/../key.ui/examples/standard_key/strings/substring4.key.proof 
135716     DEBUG main            d.u.i.k.p.i.AbstractProblemLoader Environment load took 90.8ns 
135717     INFO  main            d.u.i.k.p.i.AbstractProblemLoader Creating init config 
137868     DEBUG main            d.u.i.k.p.i.AbstractProblemLoader Init config took 2.15s 
137881     INFO  main            d.u.i.k.p.i.AbstractProblemLoader Replaying proof substring4.key.proof 
137887     DEBUG main            d.u.i.k.p.i.IntermediateProofReplayer Proof replay took 3.21ms 
137888     DEBUG main            d.u.i.k.p.r.p.TestFile    ... success: reloaded. 
137889     INFO  main            d.u.i.k.p.r.p.TestFile    Now processing file /home/runner/work/key/key/key.core/../key.ui/examples/standard_key/strings/substring5.key 
137890     INFO  main            d.u.i.k.p.i.AbstractProblemLoader Loading environment from /home/runner/work/key/key/key.core/../key.ui/examples/standard_key/strings/substring5.key 
137890     DEBUG main            d.u.i.k.p.i.AbstractProblemLoader Environment load took 69ns 
137891     INFO  main            d.u.i.k.p.i.AbstractProblemLoader Creating init config 
140083     DEBUG main            d.u.i.k.p.i.AbstractProblemLoader Init config took 2.19s 
140095     INFO  main            d.u.i.k.p.i.AbstractProblemLoader Replaying proof substring5.key 
140096     DEBUG main            d.u.i.k.p.i.IntermediateProofReplayer Proof replay took 6.8ns 
140399     INFO  main            d.u.i.k.p.r.p.TestFile    ... finished proof: closed. 
140649     INFO  main            d.u.i.k.p.i.AbstractProblemLoader Loading environment from /home/runner/work/key/key/key.core/../key.ui/examples/standard_key/strings/substring5.key.proof 
140649     DEBUG main            d.u.i.k.p.i.AbstractProblemLoader Environment load took 88.9ns 
140650     INFO  main            d.u.i.k.p.i.AbstractProblemLoader Creating init config 
142803     DEBUG main            d.u.i.k.p.i.AbstractProblemLoader Init config took 2.15s 
142815     INFO  main            d.u.i.k.p.i.AbstractProblemLoader Replaying proof substring5.key.proof 
142840     DEBUG main            d.u.i.k.p.i.IntermediateProofReplayer Proof replay took 21.18ms 
142841     DEBUG main            d.u.i.k.p.r.p.TestFile    ... success: reloaded. 
3871209    INFO  Test worker     d.u.i.k.p.r.RunAllProofsTestUnit Returning from test strings 
3871210    INFO  Test worker     d.u.i.k.p.r.RunAllProofsTestUnit Running test simple_info_flow 
340        INFO  Timeout watchdog d.u.i.k.p.r.p.ForkedTestFileRunner Timeout watcher launched (2000 secs.) 
349        WARN  main            d.u.i.k.s.ProofSettings   The settings in /home/runner/.key/proof-settings.props are *not* read. 
395        INFO  main            d.u.i.k.p.r.p.TestFile    Now processing file /home/runner/work/key/key/key.core/../key.ui/examples/heap/information_flow/UpdateAbstraction_ex7_1_insecure.key 
515        INFO  main            d.u.i.k.p.i.AbstractProblemLoader Loading environment from /home/runner/work/key/key/key.core/../key.ui/examples/heap/information_flow/UpdateAbstraction_ex7_1_insecure.key 
531        DEBUG main            d.u.i.k.p.i.AbstractProblemLoader Environment load took 2.03ms 
730        INFO  main            d.u.i.k.p.i.AbstractProblemLoader Creating init config 
1639       DEBUG main            d.u.i.k.j.TypeConverter   No LDT found for Meta 
1640       DEBUG main            d.u.i.k.j.TypeConverter   No LDT found for Meta 
1641       DEBUG main            d.u.i.k.j.TypeConverter   No LDT found for Meta 
1641       DEBUG main            d.u.i.k.j.TypeConverter   No LDT found for Meta 
3501       DEBUG main            d.u.i.k.j.TypeConverter   No LDT found for JavaBigintExpression 
8798       DEBUG main            d.u.i.k.p.i.AbstractProblemLoader Init config took 8.07s 
8917       INFO  main            d.u.i.k.p.i.AbstractProblemLoader Replaying proof UpdateAbstraction[UpdateAbstraction::ex7_1_insecure()].JML operation contract.0 
8947       DEBUG main            d.u.i.k.p.i.IntermediateProofReplayer Proof replay took 30ns 
9521       INFO  main            d.u.i.k.p.r.p.TestFile    ... finished proof: open goal(s) 
9633       INFO  main            d.u.i.k.p.r.p.TestFile    Now processing file /home/runner/work/key/key/key.core/../key.ui/examples/heap/information_flow/UpdateAbstraction_ex7_2_insecure.key 
9634       INFO  main            d.u.i.k.p.i.AbstractProblemLoader Loading environment from /home/runner/work/key/key/key.core/../key.ui/examples/heap/information_flow/UpdateAbstraction_ex7_2_insecure.key 
9634       DEBUG main            d.u.i.k.p.i.AbstractProblemLoader Environment load took 210.3ns 
9635       INFO  main            d.u.i.k.p.i.AbstractProblemLoader Creating init config 
12680      DEBUG main            d.u.i.k.p.i.AbstractProblemLoader Init config took 3.04s 
12743      INFO  main            d.u.i.k.p.i.AbstractProblemLoader Replaying proof UpdateAbstraction[UpdateAbstraction::ex7_2_insecure()].JML operation contract.0 
12746      DEBUG main            d.u.i.k.p.i.IntermediateProofReplayer Proof replay took 5.8ns 
13051      INFO  main            d.u.i.k.p.r.p.TestFile    ... finished proof: open goal(s) 
3884548    INFO  Test worker     d.u.i.k.p.r.RunAllProofsTestUnit Returning from test simple_info_flow 
3884550    INFO  Test worker     d.u.i.k.p.r.RunAllProofsTestUnit Running test modelMethods 
331        INFO  Timeout watchdog d.u.i.k.p.r.p.ForkedTestFileRunner Timeout watcher launched (2000 secs.) 
331        WARN  main            d.u.i.k.s.ProofSettings   The settings in /home/runner/.key/proof-settings.props are *not* read. 
377        INFO  main            d.u.i.k.p.r.p.TestFile    Now processing file /home/runner/work/key/key/key.core/../key.ui/examples/heap/model_methods/Cell_footprint_acc.key 
499        INFO  main            d.u.i.k.p.i.AbstractProblemLoader Loading environment from /home/runner/work/key/key/key.core/../key.ui/examples/heap/model_methods/Cell_footprint_acc.key 
514        DEBUG main            d.u.i.k.p.i.AbstractProblemLoader Environment load took 1.82ms 
726        INFO  main            d.u.i.k.p.i.AbstractProblemLoader Creating init config 
1722       DEBUG main            d.u.i.k.j.TypeConverter   No LDT found for Meta 
1723       DEBUG main            d.u.i.k.j.TypeConverter   No LDT found for Meta 
1725       DEBUG main            d.u.i.k.j.TypeConverter   No LDT found for Meta 
1725       DEBUG main            d.u.i.k.j.TypeConverter   No LDT found for Meta 
3141       DEBUG main            d.u.i.k.j.TypeConverter   No LDT found for JavaBigintExpression 
7812       DEBUG main            d.u.i.k.p.i.AbstractProblemLoader Init config took 7.09s 
7931       INFO  main            d.u.i.k.p.i.AbstractProblemLoader Replaying proof Cell[Cell::footprint()].JML accessible clause.0 
7961       DEBUG main            d.u.i.k.p.i.IntermediateProofReplayer Proof replay took 29.8ns 
8491       INFO  main            d.u.i.k.p.r.p.TestFile    ... finished proof: closed. 
8612       INFO  main            d.u.i.k.p.i.AbstractProblemLoader Loading environment from /home/runner/work/key/key/key.core/../key.ui/examples/heap/model_methods/Cell_footprint_acc.key.proof 
8614       DEBUG main            d.u.i.k.p.i.AbstractProblemLoader Environment load took 1.25ms 
8617       INFO  main            d.u.i.k.p.i.AbstractProblemLoader Creating init config 
11401      DEBUG main            d.u.i.k.p.i.AbstractProblemLoader Init config took 2.78s 
11494      INFO  main            d.u.i.k.p.i.AbstractProblemLoader Replaying proof Cell[Cell::footprint()].JML accessible clause.0 
11547      DEBUG main            d.u.i.k.p.i.IntermediateProofReplayer Proof replay took 41.18ms 
11553      DEBUG main            d.u.i.k.p.r.p.TestFile    ... success: reloaded. 
11554      INFO  main            d.u.i.k.p.r.p.TestFile    Now processing file /home/runner/work/key/key/key.core/../key.ui/examples/heap/model_methods/Cell_footprint.key 
11555      INFO  main            d.u.i.k.p.i.AbstractProblemLoader Loading environment from /home/runner/work/key/key/key.core/../key.ui/examples/heap/model_methods/Cell_footprint.key 
11555      DEBUG main            d.u.i.k.p.i.AbstractProblemLoader Environment load took 173.8ns 
11556      INFO  main            d.u.i.k.p.i.AbstractProblemLoader Creating init config 
14207      DEBUG main            d.u.i.k.p.i.AbstractProblemLoader Init config took 2.65s 
14298      INFO  main            d.u.i.k.p.i.AbstractProblemLoader Replaying proof Cell[Cell::footprint()].JML model_behavior operation contract.0 
14305      DEBUG main            d.u.i.k.p.i.IntermediateProofReplayer Proof replay took 6.1ns 
14407      INFO  main            d.u.i.k.p.r.p.TestFile    ... finished proof: closed. 
14528      INFO  main            d.u.i.k.p.i.AbstractProblemLoader Loading environment from /home/runner/work/key/key/key.core/../key.ui/examples/heap/model_methods/Cell_footprint.key.proof 
14528      DEBUG main            d.u.i.k.p.i.AbstractProblemLoader Environment load took 109.8ns 
14530      INFO  main            d.u.i.k.p.i.AbstractProblemLoader Creating init config 
17100      DEBUG main            d.u.i.k.p.i.AbstractProblemLoader Init config took 2.57s 
17153      INFO  main            d.u.i.k.p.i.AbstractProblemLoader Replaying proof Cell[Cell::footprint()].JML model_behavior operation contract.0 
17162      DEBUG main            d.u.i.k.p.i.IntermediateProofReplayer Proof replay took 7.38ms 
17163      DEBUG main            d.u.i.k.p.r.p.TestFile    ... success: reloaded. 
17164      INFO  main            d.u.i.k.p.r.p.TestFile    Now processing file /home/runner/work/key/key/key.core/../key.ui/examples/heap/model_methods/Cell_get_acc.key 
17165      INFO  main            d.u.i.k.p.i.AbstractProblemLoader Loading environment from /home/runner/work/key/key/key.core/../key.ui/examples/heap/model_methods/Cell_get_acc.key 
17165      DEBUG main            d.u.i.k.p.i.AbstractProblemLoader Environment load took 159.4ns 
17166      INFO  main            d.u.i.k.p.i.AbstractProblemLoader Creating init config 
19718      DEBUG main            d.u.i.k.p.i.AbstractProblemLoader Init config took 2.55s 
19766      INFO  main            d.u.i.k.p.i.AbstractProblemLoader Replaying proof Cell[Cell::get()].JML accessible clause.0 
19768      DEBUG main            d.u.i.k.p.i.IntermediateProofReplayer Proof replay took 5.2ns 
19974      INFO  main            d.u.i.k.p.r.p.TestFile    ... finished proof: closed. 
20104      INFO  main            d.u.i.k.p.i.AbstractProblemLoader Loading environment from /home/runner/work/key/key/key.core/../key.ui/examples/heap/model_methods/Cell_get_acc.key.proof 
20107      DEBUG main            d.u.i.k.p.i.AbstractProblemLoader Environment load took 2.63ms 
20108      INFO  main            d.u.i.k.p.i.AbstractProblemLoader Creating init config 
22629      DEBUG main            d.u.i.k.p.i.AbstractProblemLoader Init config took 2.52s 
22675      INFO  main            d.u.i.k.p.i.AbstractProblemLoader Replaying proof Cell[Cell::get()].JML accessible clause.0 
22709      DEBUG main            d.u.i.k.p.i.IntermediateProofReplayer Proof replay took 31.58ms 
22711      DEBUG main            d.u.i.k.p.r.p.TestFile    ... success: reloaded. 
22712      INFO  main            d.u.i.k.p.r.p.TestFile    Now processing file /home/runner/work/key/key/key.core/../key.ui/examples/heap/model_methods/Cell_get.key 
22712      INFO  main            d.u.i.k.p.i.AbstractProblemLoader Loading environment from /home/runner/work/key/key/key.core/../key.ui/examples/heap/model_methods/Cell_get.key 
22712      DEBUG main            d.u.i.k.p.i.AbstractProblemLoader Environment load took 149.8ns 
22713      INFO  main            d.u.i.k.p.i.AbstractProblemLoader Creating init config 
25280      DEBUG main            d.u.i.k.p.i.AbstractProblemLoader Init config took 2.57s 
25328      INFO  main            d.u.i.k.p.i.AbstractProblemLoader Replaying proof Cell[Cell::get()].JML operation contract.0 
25330      DEBUG main            d.u.i.k.p.i.IntermediateProofReplayer Proof replay took 5.8ns 
25432      INFO  main            d.u.i.k.p.r.p.TestFile    ... finished proof: closed. 
25567      INFO  main            d.u.i.k.p.i.AbstractProblemLoader Loading environment from /home/runner/work/key/key/key.core/../key.ui/examples/heap/model_methods/Cell_get.key.proof 
25567      DEBUG main            d.u.i.k.p.i.AbstractProblemLoader Environment load took 109.2ns 
25568      INFO  main            d.u.i.k.p.i.AbstractProblemLoader Creating init config 
28057      DEBUG main            d.u.i.k.p.i.AbstractProblemLoader Init config took 2.49s 
28101      INFO  main            d.u.i.k.p.i.AbstractProblemLoader Replaying proof Cell[Cell::get()].JML operation contract.0 
28118      DEBUG main            d.u.i.k.p.i.IntermediateProofReplayer Proof replay took 14.99ms 
28119      DEBUG main            d.u.i.k.p.r.p.TestFile    ... success: reloaded. 
28121      INFO  main            d.u.i.k.p.r.p.TestFile    Now processing file /home/runner/work/key/key/key.core/../key.ui/examples/heap/model_methods/Cell_post_set.key 
28121      INFO  main            d.u.i.k.p.i.AbstractProblemLoader Loading environment from /home/runner/work/key/key/key.core/../key.ui/examples/heap/model_methods/Cell_post_set.key 
28121      DEBUG main            d.u.i.k.p.i.AbstractProblemLoader Environment load took 157.8ns 
28122      INFO  main            d.u.i.k.p.i.AbstractProblemLoader Creating init config 
30611      DEBUG main            d.u.i.k.p.i.AbstractProblemLoader Init config took 2.49s 
30655      INFO  main            d.u.i.k.p.i.AbstractProblemLoader Replaying proof Cell[Cell::post_set(int)].JML model_behavior operation contract.0 
30656      DEBUG main            d.u.i.k.p.i.IntermediateProofReplayer Proof replay took 5.3ns 
30758      INFO  main            d.u.i.k.p.r.p.TestFile    ... finished proof: closed. 
30896      INFO  main            d.u.i.k.p.i.AbstractProblemLoader Loading environment from /home/runner/work/key/key/key.core/../key.ui/examples/heap/model_methods/Cell_post_set.key.proof 
30896      DEBUG main            d.u.i.k.p.i.AbstractProblemLoader Environment load took 112ns 
30897      INFO  main            d.u.i.k.p.i.AbstractProblemLoader Creating init config 
33356      DEBUG main            d.u.i.k.p.i.AbstractProblemLoader Init config took 2.46s 
33421      INFO  main            d.u.i.k.p.i.AbstractProblemLoader Replaying proof Cell[Cell::post_set(int)].JML model_behavior operation contract.0 
33428      DEBUG main            d.u.i.k.p.i.IntermediateProofReplayer Proof replay took 4.89ms 
33429      DEBUG main            d.u.i.k.p.r.p.TestFile    ... success: reloaded. 
33430      INFO  main            d.u.i.k.p.r.p.TestFile    Now processing file /home/runner/work/key/key/key.core/../key.ui/examples/heap/model_methods/Cell_set.key 
33430      INFO  main            d.u.i.k.p.i.AbstractProblemLoader Loading environment from /home/runner/work/key/key/key.core/../key.ui/examples/heap/model_methods/Cell_set.key 
33430      DEBUG main            d.u.i.k.p.i.AbstractProblemLoader Environment load took 166.6ns 
33431      INFO  main            d.u.i.k.p.i.AbstractProblemLoader Creating init config 
35949      DEBUG main            d.u.i.k.p.i.AbstractProblemLoader Init config took 2.52s 
35993      INFO  main            d.u.i.k.p.i.AbstractProblemLoader Replaying proof Cell[Cell::set(int)].JML operation contract.0 
35995      DEBUG main            d.u.i.k.p.i.IntermediateProofReplayer Proof replay took 6ns 
42052      INFO  main            d.u.i.k.p.r.p.TestFile    ... finished proof: closed. 
42262      INFO  main            d.u.i.k.p.i.AbstractProblemLoader Loading environment from /home/runner/work/key/key/key.core/../key.ui/examples/heap/model_methods/Cell_set.key.proof 
42263      DEBUG main            d.u.i.k.p.i.AbstractProblemLoader Environment load took 323.1ns 
42264      INFO  main            d.u.i.k.p.i.AbstractProblemLoader Creating init config 
44714      DEBUG main            d.u.i.k.p.i.AbstractProblemLoader Init config took 2.45s 
44761      INFO  main            d.u.i.k.p.i.AbstractProblemLoader Replaying proof Cell[Cell::set(int)].JML operation contract.0 
45352      DEBUG main            d.u.i.k.p.i.IntermediateProofReplayer Proof replay took 574.82ms 
45355      DEBUG main            d.u.i.k.p.r.p.TestFile    ... success: reloaded. 
45356      INFO  main            d.u.i.k.p.r.p.TestFile    Now processing file /home/runner/work/key/key/key.core/../key.ui/examples/heap/model_methods/CellTest_callSet.key 
45356      INFO  main            d.u.i.k.p.i.AbstractProblemLoader Loading environment from /home/runner/work/key/key/key.core/../key.ui/examples/heap/model_methods/CellTest_callSet.key 
45357      DEBUG main            d.u.i.k.p.i.AbstractProblemLoader Environment load took 166.9ns 
45358      INFO  main            d.u.i.k.p.i.AbstractProblemLoader Creating init config 
47909      DEBUG main            d.u.i.k.p.i.AbstractProblemLoader Init config took 2.55s 
47952      INFO  main            d.u.i.k.p.i.AbstractProblemLoader Replaying proof CellTest[CellTest::callSet(Cell,int)].JML operation contract.0 
47953      DEBUG main            d.u.i.k.p.i.IntermediateProofReplayer Proof replay took 5.2ns 
48156      INFO  main            d.u.i.k.p.r.p.TestFile    ... finished proof: closed. 
48376      INFO  main            d.u.i.k.p.i.AbstractProblemLoader Loading environment from /home/runner/work/key/key/key.core/../key.ui/examples/heap/model_methods/CellTest_callSet.key.proof 
48376      DEBUG main            d.u.i.k.p.i.AbstractProblemLoader Environment load took 108.5ns 
48377      INFO  main            d.u.i.k.p.i.AbstractProblemLoader Creating init config 
50865      DEBUG main            d.u.i.k.p.i.AbstractProblemLoader Init config took 2.49s 
50917      INFO  main            d.u.i.k.p.i.AbstractProblemLoader Replaying proof CellTest[CellTest::callSet(Cell,int)].JML operation contract.0 
50957      DEBUG main            d.u.i.k.p.i.IntermediateProofReplayer Proof replay took 37.01ms 
50958      DEBUG main            d.u.i.k.p.r.p.TestFile    ... success: reloaded. 
50959      INFO  main            d.u.i.k.p.r.p.TestFile    Now processing file /home/runner/work/key/key/key.core/../key.ui/examples/heap/model_methods/CellTest_test2.key 
50959      INFO  main            d.u.i.k.p.i.AbstractProblemLoader Loading environment from /home/runner/work/key/key/key.core/../key.ui/examples/heap/model_methods/CellTest_test2.key 
50959      DEBUG main            d.u.i.k.p.i.AbstractProblemLoader Environment load took 165.4ns 
50960      INFO  main            d.u.i.k.p.i.AbstractProblemLoader Creating init config 
53368      DEBUG main            d.u.i.k.p.i.AbstractProblemLoader Init config took 2.41s 
53409      INFO  main            d.u.i.k.p.i.AbstractProblemLoader Replaying proof CellTest[CellTest::test2(Cell)].JML operation contract.0 
53410      DEBUG main            d.u.i.k.p.i.IntermediateProofReplayer Proof replay took 5.6ns 
53715      INFO  main            d.u.i.k.p.r.p.TestFile    ... finished proof: closed. 
53908      INFO  main            d.u.i.k.p.i.AbstractProblemLoader Loading environment from /home/runner/work/key/key/key.core/../key.ui/examples/heap/model_methods/CellTest_test2.key.proof 
53909      DEBUG main            d.u.i.k.p.i.AbstractProblemLoader Environment load took 114.8ns 
53910      INFO  main            d.u.i.k.p.i.AbstractProblemLoader Creating init config 
56329      DEBUG main            d.u.i.k.p.i.AbstractProblemLoader Init config took 2.42s 
56371      INFO  main            d.u.i.k.p.i.AbstractProblemLoader Replaying proof CellTest[CellTest::test2(Cell)].JML operation contract.0 
56454      DEBUG main            d.u.i.k.p.i.IntermediateProofReplayer Proof replay took 80.37ms 
56455      DEBUG main            d.u.i.k.p.r.p.TestFile    ... success: reloaded. 
56456      INFO  main            d.u.i.k.p.r.p.TestFile    Now processing file /home/runner/work/key/key/key.core/../key.ui/examples/heap/model_methods/CellTest_test.key 
56457      INFO  main            d.u.i.k.p.i.AbstractProblemLoader Loading environment from /home/runner/work/key/key/key.core/../key.ui/examples/heap/model_methods/CellTest_test.key 
56457      DEBUG main            d.u.i.k.p.i.AbstractProblemLoader Environment load took 161.1ns 
56458      INFO  main            d.u.i.k.p.i.AbstractProblemLoader Creating init config 
58944      DEBUG main            d.u.i.k.p.i.AbstractProblemLoader Init config took 2.49s 
58983      INFO  main            d.u.i.k.p.i.AbstractProblemLoader Replaying proof CellTest[CellTest::test(Recell)].JML operation contract.0 
58984      DEBUG main            d.u.i.k.p.i.IntermediateProofReplayer Proof replay took 5.3ns 
61405      INFO  main            d.u.i.k.p.r.p.TestFile    ... finished proof: closed. 
61600      INFO  main            d.u.i.k.p.i.AbstractProblemLoader Loading environment from /home/runner/work/key/key/key.core/../key.ui/examples/heap/model_methods/CellTest_test.key.proof 
61601      DEBUG main            d.u.i.k.p.i.AbstractProblemLoader Environment load took 312.8ns 
61602      INFO  main            d.u.i.k.p.i.AbstractProblemLoader Creating init config 
64008      DEBUG main            d.u.i.k.p.i.AbstractProblemLoader Init config took 2.41s 
64046      INFO  main            d.u.i.k.p.i.AbstractProblemLoader Replaying proof CellTest[CellTest::test(Recell)].JML operation contract.0 
64518      DEBUG main            d.u.i.k.p.i.IntermediateProofReplayer Proof replay took 452.78ms 
64519      DEBUG main            d.u.i.k.p.r.p.TestFile    ... success: reloaded. 
64520      INFO  main            d.u.i.k.p.r.p.TestFile    Now processing file /home/runner/work/key/key/key.core/../key.ui/examples/heap/model_methods/Coll1_add.key 
64521      INFO  main            d.u.i.k.p.i.AbstractProblemLoader Loading environment from /home/runner/work/key/key/key.core/../key.ui/examples/heap/model_methods/Coll1_add.key 
64521      DEBUG main            d.u.i.k.p.i.AbstractProblemLoader Environment load took 163ns 
64522      INFO  main            d.u.i.k.p.i.AbstractProblemLoader Creating init config 
66962      DEBUG main            d.u.i.k.p.i.AbstractProblemLoader Init config took 2.44s 
67000      INFO  main            d.u.i.k.p.i.AbstractProblemLoader Replaying proof Coll1[Coll::add(int)].JML operation contract.0 
67002      DEBUG main            d.u.i.k.p.i.IntermediateProofReplayer Proof replay took 6ns 
67104      INFO  main            d.u.i.k.p.r.p.TestFile    ... finished proof: closed. 
67273      INFO  main            d.u.i.k.p.i.AbstractProblemLoader Loading environment from /home/runner/work/key/key/key.core/../key.ui/examples/heap/model_methods/Coll1_add.key.proof 
67273      DEBUG main            d.u.i.k.p.i.AbstractProblemLoader Environment load took 102.5ns 
67274      INFO  main            d.u.i.k.p.i.AbstractProblemLoader Creating init config 
69673      DEBUG main            d.u.i.k.p.i.AbstractProblemLoader Init config took 2.4s 
69710      INFO  main            d.u.i.k.p.i.AbstractProblemLoader Replaying proof Coll1[Coll::add(int)].JML operation contract.0 
69718      DEBUG main            d.u.i.k.p.i.IntermediateProofReplayer Proof replay took 6.07ms 
69719      DEBUG main            d.u.i.k.p.r.p.TestFile    ... success: reloaded. 
69720      INFO  main            d.u.i.k.p.r.p.TestFile    Now processing file /home/runner/work/key/key/key.core/../key.ui/examples/heap/model_methods/Coll1_Coll1_add_pre.key 
69720      INFO  main            d.u.i.k.p.i.AbstractProblemLoader Loading environment from /home/runner/work/key/key/key.core/../key.ui/examples/heap/model_methods/Coll1_Coll1_add_pre.key 
69720      DEBUG main            d.u.i.k.p.i.AbstractProblemLoader Environment load took 107.2ns 
69721      INFO  main            d.u.i.k.p.i.AbstractProblemLoader Creating init config 
72207      DEBUG main            d.u.i.k.p.i.AbstractProblemLoader Init config took 2.49s 
72243      INFO  main            d.u.i.k.p.i.AbstractProblemLoader Replaying proof Coll1[Coll1::add_pre(int)].JML model_behavior operation contract.0 
72245      DEBUG main            d.u.i.k.p.i.IntermediateProofReplayer Proof replay took 6.1ns 
72348      INFO  main            d.u.i.k.p.r.p.TestFile    ... finished proof: closed. 
72522      INFO  main            d.u.i.k.p.i.AbstractProblemLoader Loading environment from /home/runner/work/key/key/key.core/../key.ui/examples/heap/model_methods/Coll1_Coll1_add_pre.key.proof 
72522      DEBUG main            d.u.i.k.p.i.AbstractProblemLoader Environment load took 101.6ns 
72523      INFO  main            d.u.i.k.p.i.AbstractProblemLoader Creating init config 
74916      DEBUG main            d.u.i.k.p.i.AbstractProblemLoader Init config took 2.39s 
74962      INFO  main            d.u.i.k.p.i.AbstractProblemLoader Replaying proof Coll1[Coll1::add_pre(int)].JML model_behavior operation contract.0 
74965      DEBUG main            d.u.i.k.p.i.IntermediateProofReplayer Proof replay took 1.26ms 
74966      DEBUG main            d.u.i.k.p.r.p.TestFile    ... success: reloaded. 
74967      INFO  main            d.u.i.k.p.r.p.TestFile    Now processing file /home/runner/work/key/key/key.core/../key.ui/examples/heap/model_methods/Coll1_Coll_add_pre.key 
74967      INFO  main            d.u.i.k.p.i.AbstractProblemLoader Loading environment from /home/runner/work/key/key/key.core/../key.ui/examples/heap/model_methods/Coll1_Coll_add_pre.key 
74968      DEBUG main            d.u.i.k.p.i.AbstractProblemLoader Environment load took 156.6ns 
74968      INFO  main            d.u.i.k.p.i.AbstractProblemLoader Creating init config 
77399      DEBUG main            d.u.i.k.p.i.AbstractProblemLoader Init config took 2.43s 
77436      INFO  main            d.u.i.k.p.i.AbstractProblemLoader Replaying proof Coll1[Coll::add_pre(int)].JML model_behavior operation contract.0 
77437      DEBUG main            d.u.i.k.p.i.IntermediateProofReplayer Proof replay took 6ns 
77539      INFO  main            d.u.i.k.p.r.p.TestFile    ... finished proof: closed. 
77716      INFO  main            d.u.i.k.p.i.AbstractProblemLoader Loading environment from /home/runner/work/key/key/key.core/../key.ui/examples/heap/model_methods/Coll1_Coll_add_pre.key.proof 
77716      DEBUG main            d.u.i.k.p.i.AbstractProblemLoader Environment load took 104.4ns 
77717      INFO  main            d.u.i.k.p.i.AbstractProblemLoader Creating init config 
80089      DEBUG main            d.u.i.k.p.i.AbstractProblemLoader Init config took 2.37s 
80125      INFO  main            d.u.i.k.p.i.AbstractProblemLoader Replaying proof Coll1[Coll::add_pre(int)].JML model_behavior operation contract.0 
80128      DEBUG main            d.u.i.k.p.i.IntermediateProofReplayer Proof replay took 1.96ms 
80129      DEBUG main            d.u.i.k.p.r.p.TestFile    ... success: reloaded. 
80130      INFO  main            d.u.i.k.p.r.p.TestFile    Now processing file /home/runner/work/key/key/key.core/../key.ui/examples/heap/model_methods/Coll2_add.key 
80130      INFO  main            d.u.i.k.p.i.AbstractProblemLoader Loading environment from /home/runner/work/key/key/key.core/../key.ui/examples/heap/model_methods/Coll2_add.key 
80130      DEBUG main            d.u.i.k.p.i.AbstractProblemLoader Environment load took 82.6ns 
80131      INFO  main            d.u.i.k.p.i.AbstractProblemLoader Creating init config 
82568      DEBUG main            d.u.i.k.p.i.AbstractProblemLoader Init config took 2.44s 
82605      INFO  main            d.u.i.k.p.i.AbstractProblemLoader Replaying proof Coll2[Coll::add(int)].JML operation contract.0 
82607      DEBUG main            d.u.i.k.p.i.IntermediateProofReplayer Proof replay took 6.2ns 
82708      INFO  main            d.u.i.k.p.r.p.TestFile    ... finished proof: closed. 
82890      INFO  main            d.u.i.k.p.i.AbstractProblemLoader Loading environment from /home/runner/work/key/key/key.core/../key.ui/examples/heap/model_methods/Coll2_add.key.proof 
82890      DEBUG main            d.u.i.k.p.i.AbstractProblemLoader Environment load took 95.2ns 
82891      INFO  main            d.u.i.k.p.i.AbstractProblemLoader Creating init config 
85280      DEBUG main            d.u.i.k.p.i.AbstractProblemLoader Init config took 2.39s 
85316      INFO  main            d.u.i.k.p.i.AbstractProblemLoader Replaying proof Coll2[Coll::add(int)].JML operation contract.0 
85324      DEBUG main            d.u.i.k.p.i.IntermediateProofReplayer Proof replay took 5.9ms 
85325      DEBUG main            d.u.i.k.p.r.p.TestFile    ... success: reloaded. 
85326      INFO  main            d.u.i.k.p.r.p.TestFile    Now processing file /home/runner/work/key/key/key.core/../key.ui/examples/heap/model_methods/Coll2_Coll2_add_pre.key 
85326      INFO  main            d.u.i.k.p.i.AbstractProblemLoader Loading environment from /home/runner/work/key/key/key.core/../key.ui/examples/heap/model_methods/Coll2_Coll2_add_pre.key 
85326      DEBUG main            d.u.i.k.p.i.AbstractProblemLoader Environment load took 151.9ns 
85327      INFO  main            d.u.i.k.p.i.AbstractProblemLoader Creating init config 
87762      DEBUG main            d.u.i.k.p.i.AbstractProblemLoader Init config took 2.43s 
87797      INFO  main            d.u.i.k.p.i.AbstractProblemLoader Replaying proof Coll2[Coll2::add_pre(int)].JML model_behavior operation contract.0 
87798      DEBUG main            d.u.i.k.p.i.IntermediateProofReplayer Proof replay took 5.7ns 
87899      INFO  main            d.u.i.k.p.r.p.TestFile    ... finished proof: closed. 
88087      INFO  main            d.u.i.k.p.i.AbstractProblemLoader Loading environment from /home/runner/work/key/key/key.core/../key.ui/examples/heap/model_methods/Coll2_Coll2_add_pre.key.proof 
88087      DEBUG main            d.u.i.k.p.i.AbstractProblemLoader Environment load took 101.4ns 
88088      INFO  main            d.u.i.k.p.i.AbstractProblemLoader Creating init config 
90471      DEBUG main            d.u.i.k.p.i.AbstractProblemLoader Init config took 2.38s 
90516      INFO  main            d.u.i.k.p.i.AbstractProblemLoader Replaying proof Coll2[Coll2::add_pre(int)].JML model_behavior operation contract.0 
90520      DEBUG main            d.u.i.k.p.i.IntermediateProofReplayer Proof replay took 1.31ms 
90521      DEBUG main            d.u.i.k.p.r.p.TestFile    ... success: reloaded. 
90522      INFO  main            d.u.i.k.p.r.p.TestFile    Now processing file /home/runner/work/key/key/key.core/../key.ui/examples/heap/model_methods/Coll2_Coll_add_pre.key 
90522      INFO  main            d.u.i.k.p.i.AbstractProblemLoader Loading environment from /home/runner/work/key/key/key.core/../key.ui/examples/heap/model_methods/Coll2_Coll_add_pre.key 
90522      DEBUG main            d.u.i.k.p.i.AbstractProblemLoader Environment load took 200ns 
90524      INFO  main            d.u.i.k.p.i.AbstractProblemLoader Creating init config 
92954      DEBUG main            d.u.i.k.p.i.AbstractProblemLoader Init config took 2.43s 
92989      INFO  main            d.u.i.k.p.i.AbstractProblemLoader Replaying proof Coll2[Coll::add_pre(int)].JML model_behavior operation contract.0 
92990      DEBUG main            d.u.i.k.p.i.IntermediateProofReplayer Proof replay took 6ns 
93092      INFO  main            d.u.i.k.p.r.p.TestFile    ... finished proof: closed. 
93293      INFO  main            d.u.i.k.p.i.AbstractProblemLoader Loading environment from /home/runner/work/key/key/key.core/../key.ui/examples/heap/model_methods/Coll2_Coll_add_pre.key.proof 
93293      DEBUG main            d.u.i.k.p.i.AbstractProblemLoader Environment load took 99ns 
93294      INFO  main            d.u.i.k.p.i.AbstractProblemLoader Creating init config 
95662      DEBUG main            d.u.i.k.p.i.AbstractProblemLoader Init config took 2.37s 
95699      INFO  main            d.u.i.k.p.i.AbstractProblemLoader Replaying proof Coll2[Coll::add_pre(int)].JML model_behavior operation contract.0 
95702      DEBUG main            d.u.i.k.p.i.IntermediateProofReplayer Proof replay took 1.93ms 
95703      DEBUG main            d.u.i.k.p.r.p.TestFile    ... success: reloaded. 
95704      INFO  main            d.u.i.k.p.r.p.TestFile    Now processing file /home/runner/work/key/key/key.core/../key.ui/examples/heap/model_methods/Coll_add.key 
95704      INFO  main            d.u.i.k.p.i.AbstractProblemLoader Loading environment from /home/runner/work/key/key/key.core/../key.ui/examples/heap/model_methods/Coll_add.key 
95704      DEBUG main            d.u.i.k.p.i.AbstractProblemLoader Environment load took 155.8ns 
95705      INFO  main            d.u.i.k.p.i.AbstractProblemLoader Creating init config 
98151      DEBUG main            d.u.i.k.p.i.AbstractProblemLoader Init config took 2.45s 
98187      INFO  main            d.u.i.k.p.i.AbstractProblemLoader Replaying proof Coll[Coll::add(int)].JML operation contract.0 
98189      DEBUG main            d.u.i.k.p.i.IntermediateProofReplayer Proof replay took 5.8ns 
98290      INFO  main            d.u.i.k.p.r.p.TestFile    ... finished proof: closed. 
98499      INFO  main            d.u.i.k.p.i.AbstractProblemLoader Loading environment from /home/runner/work/key/key/key.core/../key.ui/examples/heap/model_methods/Coll_add.key.proof 
98499      DEBUG main            d.u.i.k.p.i.AbstractProblemLoader Environment load took 118.3ns 
98500      INFO  main            d.u.i.k.p.i.AbstractProblemLoader Creating init config 
100864     DEBUG main            d.u.i.k.p.i.AbstractProblemLoader Init config took 2.36s 
100899     INFO  main            d.u.i.k.p.i.AbstractProblemLoader Replaying proof Coll[Coll::add(int)].JML operation contract.0 
100903     DEBUG main            d.u.i.k.p.i.IntermediateProofReplayer Proof replay took 1.97ms 
100903     DEBUG main            d.u.i.k.p.r.p.TestFile    ... success: reloaded. 
100904     INFO  main            d.u.i.k.p.r.p.TestFile    Now processing file /home/runner/work/key/key/key.core/../key.ui/examples/heap/model_methods/Coll_add_pre.key 
100904     INFO  main            d.u.i.k.p.i.AbstractProblemLoader Loading environment from /home/runner/work/key/key/key.core/../key.ui/examples/heap/model_methods/Coll_add_pre.key 
100904     DEBUG main            d.u.i.k.p.i.AbstractProblemLoader Environment load took 77.5ns 
100905     INFO  main            d.u.i.k.p.i.AbstractProblemLoader Creating init config 
103343     DEBUG main            d.u.i.k.p.i.AbstractProblemLoader Init config took 2.44s 
103380     INFO  main            d.u.i.k.p.i.AbstractProblemLoader Replaying proof Coll[Coll::add_pre(int)].JML model_behavior operation contract.0 
103382     DEBUG main            d.u.i.k.p.i.IntermediateProofReplayer Proof replay took 6.2ns 
103483     INFO  main            d.u.i.k.p.r.p.TestFile    ... finished proof: closed. 
103684     INFO  main            d.u.i.k.p.i.AbstractProblemLoader Loading environment from /home/runner/work/key/key/key.core/../key.ui/examples/heap/model_methods/Coll_add_pre.key.proof 
103685     DEBUG main            d.u.i.k.p.i.AbstractProblemLoader Environment load took 160.2ns 
103685     INFO  main            d.u.i.k.p.i.AbstractProblemLoader Creating init config 
106048     DEBUG main            d.u.i.k.p.i.AbstractProblemLoader Init config took 2.36s 
106084     INFO  main            d.u.i.k.p.i.AbstractProblemLoader Replaying proof Coll[Coll::add_pre(int)].JML model_behavior operation contract.0 
106087     DEBUG main            d.u.i.k.p.i.IntermediateProofReplayer Proof replay took 2.2ms 
106088     DEBUG main            d.u.i.k.p.r.p.TestFile    ... success: reloaded. 
106089     INFO  main            d.u.i.k.p.r.p.TestFile    Now processing file /home/runner/work/key/key/key.core/../key.ui/examples/heap/model_methods/Indirect_callAdd.key 
106089     INFO  main            d.u.i.k.p.i.AbstractProblemLoader Loading environment from /home/runner/work/key/key/key.core/../key.ui/examples/heap/model_methods/Indirect_callAdd.key 
106089     DEBUG main            d.u.i.k.p.i.AbstractProblemLoader Environment load took 72.8ns 
106090     INFO  main            d.u.i.k.p.i.AbstractProblemLoader Creating init config 
108545     DEBUG main            d.u.i.k.p.i.AbstractProblemLoader Init config took 2.46s 
108580     INFO  main            d.u.i.k.p.i.AbstractProblemLoader Replaying proof Indirect[Indirect::callAdd(Coll,int)].JML operation contract.0 
108582     DEBUG main            d.u.i.k.p.i.IntermediateProofReplayer Proof replay took 6.3ns 
108683     INFO  main            d.u.i.k.p.r.p.TestFile    ... finished proof: closed. 
108900     INFO  main            d.u.i.k.p.i.AbstractProblemLoader Loading environment from /home/runner/work/key/key/key.core/../key.ui/examples/heap/model_methods/Indirect_callAdd.key.proof 
108900     DEBUG main            d.u.i.k.p.i.AbstractProblemLoader Environment load took 96.9ns 
108901     INFO  main            d.u.i.k.p.i.AbstractProblemLoader Creating init config 
111260     DEBUG main            d.u.i.k.p.i.AbstractProblemLoader Init config took 2.36s 
111295     INFO  main            d.u.i.k.p.i.AbstractProblemLoader Replaying proof Indirect[Indirect::callAdd(Coll,int)].JML operation contract.0 
111329     DEBUG main            d.u.i.k.p.i.IntermediateProofReplayer Proof replay took 32.88ms 
111330     DEBUG main            d.u.i.k.p.r.p.TestFile    ... success: reloaded. 
111331     INFO  main            d.u.i.k.p.r.p.TestFile    Now processing file /home/runner/work/key/key/key.core/../key.ui/examples/heap/model_methods/Indirect_test.key 
111331     INFO  main            d.u.i.k.p.i.AbstractProblemLoader Loading environment from /home/runner/work/key/key/key.core/../key.ui/examples/heap/model_methods/Indirect_test.key 
111332     DEBUG main            d.u.i.k.p.i.AbstractProblemLoader Environment load took 73.2ns 
111332     INFO  main            d.u.i.k.p.i.AbstractProblemLoader Creating init config 
113781     DEBUG main            d.u.i.k.p.i.AbstractProblemLoader Init config took 2.45s 
113821     INFO  main            d.u.i.k.p.i.AbstractProblemLoader Replaying proof Indirect[Indirect::test(Coll1,Coll2)].JML operation contract.0 
113823     DEBUG main            d.u.i.k.p.i.IntermediateProofReplayer Proof replay took 6.7ns 
114026     INFO  main            d.u.i.k.p.r.p.TestFile    ... finished proof: closed. 
114255     INFO  main            d.u.i.k.p.i.AbstractProblemLoader Loading environment from /home/runner/work/key/key/key.core/../key.ui/examples/heap/model_methods/Indirect_test.key.proof 
114255     DEBUG main            d.u.i.k.p.i.AbstractProblemLoader Environment load took 94.7ns 
114256     INFO  main            d.u.i.k.p.i.AbstractProblemLoader Creating init config 
116619     DEBUG main            d.u.i.k.p.i.AbstractProblemLoader Init config took 2.36s 
116654     INFO  main            d.u.i.k.p.i.AbstractProblemLoader Replaying proof Indirect[Indirect::test(Coll1,Coll2)].JML operation contract.0 
116701     DEBUG main            d.u.i.k.p.i.IntermediateProofReplayer Proof replay took 44.63ms 
116702     DEBUG main            d.u.i.k.p.r.p.TestFile    ... success: reloaded. 
116703     INFO  main            d.u.i.k.p.r.p.TestFile    Now processing file /home/runner/work/key/key/key.core/../key.ui/examples/heap/model_methods/Recell_Cell_footprint.key 
116703     INFO  main            d.u.i.k.p.i.AbstractProblemLoader Loading environment from /home/runner/work/key/key/key.core/../key.ui/examples/heap/model_methods/Recell_Cell_footprint.key 
116703     DEBUG main            d.u.i.k.p.i.AbstractProblemLoader Environment load took 81.2ns 
116704     INFO  main            d.u.i.k.p.i.AbstractProblemLoader Creating init config 
119133     DEBUG main            d.u.i.k.p.i.AbstractProblemLoader Init config took 2.43s 
119167     INFO  main            d.u.i.k.p.i.AbstractProblemLoader Replaying proof Recell[Cell::footprint()].JML model_behavior operation contract.0 
119168     DEBUG main            d.u.i.k.p.i.IntermediateProofReplayer Proof replay took 6.2ns 
119270     INFO  main            d.u.i.k.p.r.p.TestFile    ... finished proof: closed. 
119491     INFO  main            d.u.i.k.p.i.AbstractProblemLoader Loading environment from /home/runner/work/key/key/key.core/../key.ui/examples/heap/model_methods/Recell_Cell_footprint.key.proof 
119491     DEBUG main            d.u.i.k.p.i.AbstractProblemLoader Environment load took 94.9ns 
119492     INFO  main            d.u.i.k.p.i.AbstractProblemLoader Creating init config 
121848     DEBUG main            d.u.i.k.p.i.AbstractProblemLoader Init config took 2.36s 
121883     INFO  main            d.u.i.k.p.i.AbstractProblemLoader Replaying proof Recell[Cell::footprint()].JML model_behavior operation contract.0 
121886     DEBUG main            d.u.i.k.p.i.IntermediateProofReplayer Proof replay took 2.44ms 
121887     DEBUG main            d.u.i.k.p.r.p.TestFile    ... success: reloaded. 
121888     INFO  main            d.u.i.k.p.r.p.TestFile    Now processing file /home/runner/work/key/key/key.core/../key.ui/examples/heap/model_methods/Recell_Cell_post_set.key 
121888     INFO  main            d.u.i.k.p.i.AbstractProblemLoader Loading environment from /home/runner/work/key/key/key.core/../key.ui/examples/heap/model_methods/Recell_Cell_post_set.key 
121888     DEBUG main            d.u.i.k.p.i.AbstractProblemLoader Environment load took 55.5ns 
121889     INFO  main            d.u.i.k.p.i.AbstractProblemLoader Creating init config 
124302     DEBUG main            d.u.i.k.p.i.AbstractProblemLoader Init config took 2.41s 
124336     INFO  main            d.u.i.k.p.i.AbstractProblemLoader Replaying proof Recell[Cell::post_set(int)].JML model_behavior operation contract.0 
124337     DEBUG main            d.u.i.k.p.i.IntermediateProofReplayer Proof replay took 5.4ns 
124439     INFO  main            d.u.i.k.p.r.p.TestFile    ... finished proof: closed. 
124663     INFO  main            d.u.i.k.p.i.AbstractProblemLoader Loading environment from /home/runner/work/key/key/key.core/../key.ui/examples/heap/model_methods/Recell_Cell_post_set.key.proof 
124663     DEBUG main            d.u.i.k.p.i.AbstractProblemLoader Environment load took 93.4ns 
124664     INFO  main            d.u.i.k.p.i.AbstractProblemLoader Creating init config 
127024     DEBUG main            d.u.i.k.p.i.AbstractProblemLoader Init config took 2.36s 
127058     INFO  main            d.u.i.k.p.i.AbstractProblemLoader Replaying proof Recell[Cell::post_set(int)].JML model_behavior operation contract.0 
127065     DEBUG main            d.u.i.k.p.i.IntermediateProofReplayer Proof replay took 3.56ms 
127066     DEBUG main            d.u.i.k.p.r.p.TestFile    ... success: reloaded. 
127067     INFO  main            d.u.i.k.p.r.p.TestFile    Now processing file /home/runner/work/key/key/key.core/../key.ui/examples/heap/model_methods/Recell_footprint_acc.key 
127067     INFO  main            d.u.i.k.p.i.AbstractProblemLoader Loading environment from /home/runner/work/key/key/key.core/../key.ui/examples/heap/model_methods/Recell_footprint_acc.key 
127067     DEBUG main            d.u.i.k.p.i.AbstractProblemLoader Environment load took 76.3ns 
127068     INFO  main            d.u.i.k.p.i.AbstractProblemLoader Creating init config 
129466     DEBUG main            d.u.i.k.p.i.AbstractProblemLoader Init config took 2.4s 
129500     INFO  main            d.u.i.k.p.i.AbstractProblemLoader Replaying proof Recell[Cell::footprint()].JML accessible clause.0 
129501     DEBUG main            d.u.i.k.p.i.IntermediateProofReplayer Proof replay took 5.5ns 
129607     INFO  main            d.u.i.k.p.r.p.TestFile    ... finished proof: closed. 
129839     INFO  main            d.u.i.k.p.i.AbstractProblemLoader Loading environment from /home/runner/work/key/key/key.core/../key.ui/examples/heap/model_methods/Recell_footprint_acc.key.proof 
129839     DEBUG main            d.u.i.k.p.i.AbstractProblemLoader Environment load took 106.7ns 
129840     INFO  main            d.u.i.k.p.i.AbstractProblemLoader Creating init config 
132193     DEBUG main            d.u.i.k.p.i.AbstractProblemLoader Init config took 2.35s 
132227     INFO  main            d.u.i.k.p.i.AbstractProblemLoader Replaying proof Recell[Cell::footprint()].JML accessible clause.0 
132243     DEBUG main            d.u.i.k.p.i.IntermediateProofReplayer Proof replay took 14.16ms 
132244     DEBUG main            d.u.i.k.p.r.p.TestFile    ... success: reloaded. 
132244     INFO  main            d.u.i.k.p.r.p.TestFile    Now processing file /home/runner/work/key/key/key.core/../key.ui/examples/heap/model_methods/Recell_get_acc.key 
132245     INFO  main            d.u.i.k.p.i.AbstractProblemLoader Loading environment from /home/runner/work/key/key/key.core/../key.ui/examples/heap/model_methods/Recell_get_acc.key 
132245     DEBUG main            d.u.i.k.p.i.AbstractProblemLoader Environment load took 74ns 
132245     INFO  main            d.u.i.k.p.i.AbstractProblemLoader Creating init config 
134657     DEBUG main            d.u.i.k.p.i.AbstractProblemLoader Init config took 2.41s 
134693     INFO  main            d.u.i.k.p.i.AbstractProblemLoader Replaying proof Recell[Cell::get()].JML accessible clause.0 
134695     DEBUG main            d.u.i.k.p.i.IntermediateProofReplayer Proof replay took 6.7ns 
134796     INFO  main            d.u.i.k.p.r.p.TestFile    ... finished proof: closed. 
135049     INFO  main            d.u.i.k.p.i.AbstractProblemLoader Loading environment from /home/runner/work/key/key/key.core/../key.ui/examples/heap/model_methods/Recell_get_acc.key.proof 
135049     DEBUG main            d.u.i.k.p.i.AbstractProblemLoader Environment load took 89.7ns 
135050     INFO  main            d.u.i.k.p.i.AbstractProblemLoader Creating init config 
137439     DEBUG main            d.u.i.k.p.i.AbstractProblemLoader Init config took 2.39s 
137472     INFO  main            d.u.i.k.p.i.AbstractProblemLoader Replaying proof Recell[Cell::get()].JML accessible clause.0 
137489     DEBUG main            d.u.i.k.p.i.IntermediateProofReplayer Proof replay took 14.76ms 
137490     DEBUG main            d.u.i.k.p.r.p.TestFile    ... success: reloaded. 
137490     INFO  main            d.u.i.k.p.r.p.TestFile    Now processing file /home/runner/work/key/key/key.core/../key.ui/examples/heap/model_methods/Recell_get.key 
137491     INFO  main            d.u.i.k.p.i.AbstractProblemLoader Loading environment from /home/runner/work/key/key/key.core/../key.ui/examples/heap/model_methods/Recell_get.key 
137491     DEBUG main            d.u.i.k.p.i.AbstractProblemLoader Environment load took 71.7ns 
137491     INFO  main            d.u.i.k.p.i.AbstractProblemLoader Creating init config 
139853     DEBUG main            d.u.i.k.p.i.AbstractProblemLoader Init config took 2.36s 
139887     INFO  main            d.u.i.k.p.i.AbstractProblemLoader Replaying proof Recell[Cell::get()].JML operation contract.0 
139889     DEBUG main            d.u.i.k.p.i.IntermediateProofReplayer Proof replay took 6.1ns 
139992     INFO  main            d.u.i.k.p.r.p.TestFile    ... finished proof: closed. 
140237     INFO  main            d.u.i.k.p.i.AbstractProblemLoader Loading environment from /home/runner/work/key/key/key.core/../key.ui/examples/heap/model_methods/Recell_get.key.proof 
140237     DEBUG main            d.u.i.k.p.i.AbstractProblemLoader Environment load took 88.8ns 
140237     INFO  main            d.u.i.k.p.i.AbstractProblemLoader Creating init config 
142586     DEBUG main            d.u.i.k.p.i.AbstractProblemLoader Init config took 2.35s 
142620     INFO  main            d.u.i.k.p.i.AbstractProblemLoader Replaying proof Recell[Cell::get()].JML operation contract.0 
142630     DEBUG main            d.u.i.k.p.i.IntermediateProofReplayer Proof replay took 8.41ms 
142631     DEBUG main            d.u.i.k.p.r.p.TestFile    ... success: reloaded. 
142632     INFO  main            d.u.i.k.p.r.p.TestFile    Now processing file /home/runner/work/key/key/key.core/../key.ui/examples/heap/model_methods/Recell_Recell_footprint.key 
142632     INFO  main            d.u.i.k.p.i.AbstractProblemLoader Loading environment from /home/runner/work/key/key/key.core/../key.ui/examples/heap/model_methods/Recell_Recell_footprint.key 
142632     DEBUG main            d.u.i.k.p.i.AbstractProblemLoader Environment load took 140.8ns 
142634     INFO  main            d.u.i.k.p.i.AbstractProblemLoader Creating init config 
145039     DEBUG main            d.u.i.k.p.i.AbstractProblemLoader Init config took 2.4s 
145072     INFO  main            d.u.i.k.p.i.AbstractProblemLoader Replaying proof Recell[Recell::footprint()].JML model_behavior operation contract.0 
145074     DEBUG main            d.u.i.k.p.i.IntermediateProofReplayer Proof replay took 6.3ns 
145175     INFO  main            d.u.i.k.p.r.p.TestFile    ... finished proof: closed. 
145437     INFO  main            d.u.i.k.p.i.AbstractProblemLoader Loading environment from /home/runner/work/key/key/key.core/../key.ui/examples/heap/model_methods/Recell_Recell_footprint.key.proof 
145437     DEBUG main            d.u.i.k.p.i.AbstractProblemLoader Environment load took 86ns 
145438     INFO  main            d.u.i.k.p.i.AbstractProblemLoader Creating init config 
147790     DEBUG main            d.u.i.k.p.i.AbstractProblemLoader Init config took 2.35s 
147824     INFO  main            d.u.i.k.p.i.AbstractProblemLoader Replaying proof Recell[Recell::footprint()].JML model_behavior operation contract.0 
147827     DEBUG main            d.u.i.k.p.i.IntermediateProofReplayer Proof replay took 1.23ms 
147827     DEBUG main            d.u.i.k.p.r.p.TestFile    ... success: reloaded. 
147828     INFO  main            d.u.i.k.p.r.p.TestFile    Now processing file /home/runner/work/key/key/key.core/../key.ui/examples/heap/model_methods/Recell_Recell_post_set.key 
147828     INFO  main            d.u.i.k.p.i.AbstractProblemLoader Loading environment from /home/runner/work/key/key/key.core/../key.ui/examples/heap/model_methods/Recell_Recell_post_set.key 
147828     DEBUG main            d.u.i.k.p.i.AbstractProblemLoader Environment load took 81.6ns 
147829     INFO  main            d.u.i.k.p.i.AbstractProblemLoader Creating init config 
150226     DEBUG main            d.u.i.k.p.i.AbstractProblemLoader Init config took 2.4s 
150260     INFO  main            d.u.i.k.p.i.AbstractProblemLoader Replaying proof Recell[Recell::post_set(int)].JML model_behavior operation contract.0 
150261     DEBUG main            d.u.i.k.p.i.IntermediateProofReplayer Proof replay took 5.5ns 
150362     INFO  main            d.u.i.k.p.r.p.TestFile    ... finished proof: closed. 
150640     INFO  main            d.u.i.k.p.i.AbstractProblemLoader Loading environment from /home/runner/work/key/key/key.core/../key.ui/examples/heap/model_methods/Recell_Recell_post_set.key.proof 
150640     DEBUG main            d.u.i.k.p.i.AbstractProblemLoader Environment load took 88.8ns 
150641     INFO  main            d.u.i.k.p.i.AbstractProblemLoader Creating init config 
152987     DEBUG main            d.u.i.k.p.i.AbstractProblemLoader Init config took 2.35s 
153023     INFO  main            d.u.i.k.p.i.AbstractProblemLoader Replaying proof Recell[Recell::post_set(int)].JML model_behavior operation contract.0 
153029     DEBUG main            d.u.i.k.p.i.IntermediateProofReplayer Proof replay took 3.65ms 
153030     DEBUG main            d.u.i.k.p.r.p.TestFile    ... success: reloaded. 
153031     INFO  main            d.u.i.k.p.r.p.TestFile    Now processing file /home/runner/work/key/key/key.core/../key.ui/examples/heap/model_methods/Recell_set.key 
153031     INFO  main            d.u.i.k.p.i.AbstractProblemLoader Loading environment from /home/runner/work/key/key/key.core/../key.ui/examples/heap/model_methods/Recell_set.key 
153031     DEBUG main            d.u.i.k.p.i.AbstractProblemLoader Environment load took 71.5ns 
153032     INFO  main            d.u.i.k.p.i.AbstractProblemLoader Creating init config 
155427     DEBUG main            d.u.i.k.p.i.AbstractProblemLoader Init config took 2.4s 
155462     INFO  main            d.u.i.k.p.i.AbstractProblemLoader Replaying proof Recell[Cell::set(int)].JML operation contract.0 
155463     DEBUG main            d.u.i.k.p.i.IntermediateProofReplayer Proof replay took 5.8ns 
161618     INFO  main            d.u.i.k.p.r.p.TestFile    ... finished proof: closed. 
161961     INFO  main            d.u.i.k.p.i.AbstractProblemLoader Loading environment from /home/runner/work/key/key/key.core/../key.ui/examples/heap/model_methods/Recell_set.key.proof 
161961     DEBUG main            d.u.i.k.p.i.AbstractProblemLoader Environment load took 98.3ns 
161962     INFO  main            d.u.i.k.p.i.AbstractProblemLoader Creating init config 
164395     DEBUG main            d.u.i.k.p.i.AbstractProblemLoader Init config took 2.43s 
164429     INFO  main            d.u.i.k.p.i.AbstractProblemLoader Replaying proof Recell[Cell::set(int)].JML operation contract.0 
164845     DEBUG main            d.u.i.k.p.i.IntermediateProofReplayer Proof replay took 398.49ms 
164846     DEBUG main            d.u.i.k.p.r.p.TestFile    ... success: reloaded. 
164847     INFO  main            d.u.i.k.p.r.p.TestFile    Now processing file /home/runner/work/key/key/key.core/../key.ui/examples/heap/model_methods/Recell_undo.key 
164848     INFO  main            d.u.i.k.p.i.AbstractProblemLoader Loading environment from /home/runner/work/key/key/key.core/../key.ui/examples/heap/model_methods/Recell_undo.key 
164848     DEBUG main            d.u.i.k.p.i.AbstractProblemLoader Environment load took 139.9ns 
164849     INFO  main            d.u.i.k.p.i.AbstractProblemLoader Creating init config 
167367     DEBUG main            d.u.i.k.p.i.AbstractProblemLoader Init config took 2.52s 
167402     INFO  main            d.u.i.k.p.i.AbstractProblemLoader Replaying proof Recell[Recell::undo()].JML operation contract.0 
167403     DEBUG main            d.u.i.k.p.i.IntermediateProofReplayer Proof replay took 6.7ns 
167508     INFO  main            d.u.i.k.p.r.p.TestFile    ... finished proof: closed. 
167802     INFO  main            d.u.i.k.p.i.AbstractProblemLoader Loading environment from /home/runner/work/key/key/key.core/../key.ui/examples/heap/model_methods/Recell_undo.key.proof 
167802     DEBUG main            d.u.i.k.p.i.AbstractProblemLoader Environment load took 86ns 
167802     INFO  main            d.u.i.k.p.i.AbstractProblemLoader Creating init config 
170218     DEBUG main            d.u.i.k.p.i.AbstractProblemLoader Init config took 2.42s 
170255     INFO  main            d.u.i.k.p.i.AbstractProblemLoader Replaying proof Recell[Recell::undo()].JML operation contract.0 
170287     DEBUG main            d.u.i.k.p.i.IntermediateProofReplayer Proof replay took 27.84ms 
170288     DEBUG main            d.u.i.k.p.r.p.TestFile    ... success: reloaded. 
4055009    INFO  Test worker     d.u.i.k.p.r.RunAllProofsTestUnit Returning from test modelMethods 
4055010    INFO  Test worker     d.u.i.k.p.r.RunAllProofsTestUnit Running test permissionHeap 
318        INFO  Timeout watchdog d.u.i.k.p.r.p.ForkedTestFileRunner Timeout watcher launched (2000 secs.) 
332        WARN  main            d.u.i.k.s.ProofSettings   The settings in /home/runner/.key/proof-settings.props are *not* read. 
378        INFO  main            d.u.i.k.p.r.p.TestFile    Now processing file /home/runner/work/key/key/key.core/../key.ui/examples/heap/permissions/permissions_method0.key 
499        INFO  main            d.u.i.k.p.i.AbstractProblemLoader Loading environment from /home/runner/work/key/key/key.core/../key.ui/examples/heap/permissions/permissions_method0.key 
518        DEBUG main            d.u.i.k.p.i.AbstractProblemLoader Environment load took 1.96ms 
743        INFO  main            d.u.i.k.p.i.AbstractProblemLoader Creating init config 
1701       DEBUG main            d.u.i.k.j.TypeConverter   No LDT found for Meta 
1702       DEBUG main            d.u.i.k.j.TypeConverter   No LDT found for Meta 
1703       DEBUG main            d.u.i.k.j.TypeConverter   No LDT found for Meta 
1703       DEBUG main            d.u.i.k.j.TypeConverter   No LDT found for Meta 
3065       DEBUG main            d.u.i.k.j.TypeConverter   No LDT found for JavaBigintExpression 
7843       DEBUG main            d.u.i.k.p.i.AbstractProblemLoader Init config took 7.1s 
8014       INFO  main            d.u.i.k.p.i.AbstractProblemLoader Replaying proof MyClass[MyClass::method0()].JML normal_behavior operation contract.0 
8047       DEBUG main            d.u.i.k.p.i.IntermediateProofReplayer Proof replay took 28.2ns 
8975       INFO  main            d.u.i.k.p.r.p.TestFile    ... finished proof: closed. 
9084       INFO  main            d.u.i.k.p.i.AbstractProblemLoader Loading environment from /home/runner/work/key/key/key.core/../key.ui/examples/heap/permissions/permissions_method0.key.proof 
9086       DEBUG main            d.u.i.k.p.i.AbstractProblemLoader Environment load took 1.2ms 
9089       INFO  main            d.u.i.k.p.i.AbstractProblemLoader Creating init config 
11760      DEBUG main            d.u.i.k.p.i.AbstractProblemLoader Init config took 2.67s 
11824      INFO  main            d.u.i.k.p.i.AbstractProblemLoader Replaying proof MyClass[MyClass::method0()].JML normal_behavior operation contract.0 
11921      DEBUG main            d.u.i.k.p.i.IntermediateProofReplayer Proof replay took 91.54ms 
11927      DEBUG main            d.u.i.k.p.r.p.TestFile    ... success: reloaded. 
11928      INFO  main            d.u.i.k.p.r.p.TestFile    Now processing file /home/runner/work/key/key/key.core/../key.ui/examples/heap/permissions/permissions_method1.key 
11929      INFO  main            d.u.i.k.p.i.AbstractProblemLoader Loading environment from /home/runner/work/key/key/key.core/../key.ui/examples/heap/permissions/permissions_method1.key 
11929      DEBUG main            d.u.i.k.p.i.AbstractProblemLoader Environment load took 180.1ns 
11930      INFO  main            d.u.i.k.p.i.AbstractProblemLoader Creating init config 
14438      DEBUG main            d.u.i.k.p.i.AbstractProblemLoader Init config took 2.51s 
14494      INFO  main            d.u.i.k.p.i.AbstractProblemLoader Replaying proof MyClass[MyClass::method1()].JML normal_behavior operation contract.0 
14497      DEBUG main            d.u.i.k.p.i.IntermediateProofReplayer Proof replay took 4.7ns 
14900      INFO  main            d.u.i.k.p.r.p.TestFile    ... finished proof: closed. 
15025      INFO  main            d.u.i.k.p.i.AbstractProblemLoader Loading environment from /home/runner/work/key/key/key.core/../key.ui/examples/heap/permissions/permissions_method1.key.proof 
15025      DEBUG main            d.u.i.k.p.i.AbstractProblemLoader Environment load took 339ns 
15026      INFO  main            d.u.i.k.p.i.AbstractProblemLoader Creating init config 
17559      DEBUG main            d.u.i.k.p.i.AbstractProblemLoader Init config took 2.53s 
17608      INFO  main            d.u.i.k.p.i.AbstractProblemLoader Replaying proof MyClass[MyClass::method1()].JML normal_behavior operation contract.0 
17675      DEBUG main            d.u.i.k.p.i.IntermediateProofReplayer Proof replay took 63.17ms 
17676      DEBUG main            d.u.i.k.p.r.p.TestFile    ... success: reloaded. 
17677      INFO  main            d.u.i.k.p.r.p.TestFile    Now processing file /home/runner/work/key/key/key.core/../key.ui/examples/heap/permissions/permissions_method3.key 
17677      INFO  main            d.u.i.k.p.i.AbstractProblemLoader Loading environment from /home/runner/work/key/key/key.core/../key.ui/examples/heap/permissions/permissions_method3.key 
17677      DEBUG main            d.u.i.k.p.i.AbstractProblemLoader Environment load took 174.8ns 
17679      INFO  main            d.u.i.k.p.i.AbstractProblemLoader Creating init config 
20139      DEBUG main            d.u.i.k.p.i.AbstractProblemLoader Init config took 2.46s 
20184      INFO  main            d.u.i.k.p.i.AbstractProblemLoader Replaying proof MyClass[MyClass::method3()].JML normal_behavior operation contract.0 
20192      DEBUG main            d.u.i.k.p.i.IntermediateProofReplayer Proof replay took 5.5ns 
21525      INFO  main            d.u.i.k.p.r.p.TestFile    ... finished proof: closed. 
21673      INFO  main            d.u.i.k.p.i.AbstractProblemLoader Loading environment from /home/runner/work/key/key/key.core/../key.ui/examples/heap/permissions/permissions_method3.key.proof 
21673      DEBUG main            d.u.i.k.p.i.AbstractProblemLoader Environment load took 348.7ns 
21674      INFO  main            d.u.i.k.p.i.AbstractProblemLoader Creating init config 
24095      DEBUG main            d.u.i.k.p.i.AbstractProblemLoader Init config took 2.42s 
24138      INFO  main            d.u.i.k.p.i.AbstractProblemLoader Replaying proof MyClass[MyClass::method3()].JML normal_behavior operation contract.0 
24383      DEBUG main            d.u.i.k.p.i.IntermediateProofReplayer Proof replay took 237.19ms 
24384      DEBUG main            d.u.i.k.p.r.p.TestFile    ... success: reloaded. 
24385      INFO  main            d.u.i.k.p.r.p.TestFile    Now processing file /home/runner/work/key/key/key.core/../key.ui/examples/heap/permissions/permissions_setAB.key 
24385      INFO  main            d.u.i.k.p.i.AbstractProblemLoader Loading environment from /home/runner/work/key/key/key.core/../key.ui/examples/heap/permissions/permissions_setAB.key 
24385      DEBUG main            d.u.i.k.p.i.AbstractProblemLoader Environment load took 148.9ns 
24386      INFO  main            d.u.i.k.p.i.AbstractProblemLoader Creating init config 
26787      DEBUG main            d.u.i.k.p.i.AbstractProblemLoader Init config took 2.4s 
26840      INFO  main            d.u.i.k.p.i.AbstractProblemLoader Replaying proof MyClass[MyClass::setAB()].JML normal_behavior operation contract.0 
26843      DEBUG main            d.u.i.k.p.i.IntermediateProofReplayer Proof replay took 4.8ns 
28251      INFO  main            d.u.i.k.p.r.p.TestFile    ... finished proof: closed. 
28441      INFO  main            d.u.i.k.p.i.AbstractProblemLoader Loading environment from /home/runner/work/key/key/key.core/../key.ui/examples/heap/permissions/permissions_setAB.key.proof 
28441      DEBUG main            d.u.i.k.p.i.AbstractProblemLoader Environment load took 114.7ns 
28442      INFO  main            d.u.i.k.p.i.AbstractProblemLoader Creating init config 
30803      DEBUG main            d.u.i.k.p.i.AbstractProblemLoader Init config took 2.36s 
30845      INFO  main            d.u.i.k.p.i.AbstractProblemLoader Replaying proof MyClass[MyClass::setAB()].JML normal_behavior operation contract.0 
31031      DEBUG main            d.u.i.k.p.i.IntermediateProofReplayer Proof replay took 180.44ms 
31032      DEBUG main            d.u.i.k.p.r.p.TestFile    ... success: reloaded. 
31034      INFO  main            d.u.i.k.p.r.p.TestFile    Now processing file /home/runner/work/key/key/key.core/../key.ui/examples/heap/permissions/permissionProperties.key 
31034      INFO  main            d.u.i.k.p.i.AbstractProblemLoader Loading environment from /home/runner/work/key/key/key.core/../key.ui/examples/heap/permissions/permissionProperties.key 
31034      DEBUG main            d.u.i.k.p.i.AbstractProblemLoader Environment load took 161.3ns 
31035      INFO  main            d.u.i.k.p.i.AbstractProblemLoader Creating init config 
31190      DEBUG main            d.u.i.k.j.TypeConverter   No LDT found for Meta 
31191      DEBUG main            d.u.i.k.j.TypeConverter   No LDT found for Meta 
31192      DEBUG main            d.u.i.k.j.TypeConverter   No LDT found for Meta 
31192      DEBUG main            d.u.i.k.j.TypeConverter   No LDT found for Meta 
31787      DEBUG main            d.u.i.k.j.TypeConverter   No LDT found for JavaBigintExpression 
34259      DEBUG main            d.u.i.k.p.i.AbstractProblemLoader Init config took 3.22s 
34279      INFO  main            d.u.i.k.p.i.AbstractProblemLoader Replaying proof permissionProperties.key 
34281      DEBUG main            d.u.i.k.p.i.IntermediateProofReplayer Proof replay took 6.4ns 
34384      INFO  main            d.u.i.k.p.r.p.TestFile    ... finished proof: closed. 
34531      INFO  main            d.u.i.k.p.i.AbstractProblemLoader Loading environment from /home/runner/work/key/key/key.core/../key.ui/examples/heap/permissions/permissionProperties.key.proof 
34531      DEBUG main            d.u.i.k.p.i.AbstractProblemLoader Environment load took 113.8ns 
34532      INFO  main            d.u.i.k.p.i.AbstractProblemLoader Creating init config 
36776      DEBUG main            d.u.i.k.p.i.AbstractProblemLoader Init config took 2.24s 
36794      INFO  main            d.u.i.k.p.i.AbstractProblemLoader Replaying proof permissionProperties.key.proof 
36811      DEBUG main            d.u.i.k.p.i.IntermediateProofReplayer Proof replay took 14.5ms 
36813      DEBUG main            d.u.i.k.p.r.p.TestFile    ... success: reloaded. 
36814      INFO  main            d.u.i.k.p.r.p.TestFile    Now processing file /home/runner/work/key/key/key.core/../key.ui/examples/heap/permissions/threads/AFilter_AFilter.key 
36814      INFO  main            d.u.i.k.p.i.AbstractProblemLoader Loading environment from /home/runner/work/key/key/key.core/../key.ui/examples/heap/permissions/threads/AFilter_AFilter.key 
36814      DEBUG main            d.u.i.k.p.i.AbstractProblemLoader Environment load took 172.2ns 
36815      INFO  main            d.u.i.k.p.i.AbstractProblemLoader Creating init config 
36927      DEBUG main            d.u.i.k.j.TypeConverter   No LDT found for Meta 
36928      DEBUG main            d.u.i.k.j.TypeConverter   No LDT found for Meta 
36928      DEBUG main            d.u.i.k.j.TypeConverter   No LDT found for Meta 
36929      DEBUG main            d.u.i.k.j.TypeConverter   No LDT found for Meta 
37437      DEBUG main            d.u.i.k.j.TypeConverter   No LDT found for JavaBigintExpression 
42221      DEBUG main            d.u.i.k.p.i.AbstractProblemLoader Init config took 5.41s 
42316      INFO  main            d.u.i.k.p.i.AbstractProblemLoader Replaying proof AFilter[AFilter::AFilter(Sampler,Buffer)].JML normal_behavior operation contract.0 
42318      DEBUG main            d.u.i.k.p.i.IntermediateProofReplayer Proof replay took 5.7ns 
43222      INFO  main            d.u.i.k.p.r.p.TestFile    ... finished proof: closed. 
43465      INFO  main            d.u.i.k.p.i.AbstractProblemLoader Loading environment from /home/runner/work/key/key/key.core/../key.ui/examples/heap/permissions/threads/AFilter_AFilter.key.proof 
43466      DEBUG main            d.u.i.k.p.i.AbstractProblemLoader Environment load took 421.1ns 
43467      INFO  main            d.u.i.k.p.i.AbstractProblemLoader Creating init config 
47681      DEBUG main            d.u.i.k.p.i.AbstractProblemLoader Init config took 4.21s 
47794      INFO  main            d.u.i.k.p.i.AbstractProblemLoader Replaying proof AFilter[AFilter::AFilter(Sampler,Buffer)].JML normal_behavior operation contract.0 
47948      DEBUG main            d.u.i.k.p.i.IntermediateProofReplayer Proof replay took 149.41ms 
47950      DEBUG main            d.u.i.k.p.r.p.TestFile    ... success: reloaded. 
47951      INFO  main            d.u.i.k.p.r.p.TestFile    Now processing file /home/runner/work/key/key/key.core/../key.ui/examples/heap/permissions/threads/AFilter_initPost_accessible.key 
47951      INFO  main            d.u.i.k.p.i.AbstractProblemLoader Loading environment from /home/runner/work/key/key/key.core/../key.ui/examples/heap/permissions/threads/AFilter_initPost_accessible.key 
47951      DEBUG main            d.u.i.k.p.i.AbstractProblemLoader Environment load took 149.1ns 
47952      INFO  main            d.u.i.k.p.i.AbstractProblemLoader Creating init config 
52208      DEBUG main            d.u.i.k.p.i.AbstractProblemLoader Init config took 4.26s 
52301      INFO  main            d.u.i.k.p.i.AbstractProblemLoader Replaying proof AFilter[ThreadSpec2::initPost()].JML accessible clause.0 
52303      DEBUG main            d.u.i.k.p.i.IntermediateProofReplayer Proof replay took 5.6ns 
52404      INFO  main            d.u.i.k.p.r.p.TestFile    ... finished proof: closed. 
52643      INFO  main            d.u.i.k.p.i.AbstractProblemLoader Loading environment from /home/runner/work/key/key/key.core/../key.ui/examples/heap/permissions/threads/AFilter_initPost_accessible.key.proof 
52643      DEBUG main            d.u.i.k.p.i.AbstractProblemLoader Environment load took 107ns 
52644      INFO  main            d.u.i.k.p.i.AbstractProblemLoader Creating init config 
56846      DEBUG main            d.u.i.k.p.i.AbstractProblemLoader Init config took 4.2s 
56934      INFO  main            d.u.i.k.p.i.AbstractProblemLoader Replaying proof AFilter[ThreadSpec2::initPost()].JML accessible clause.0 
56960      DEBUG main            d.u.i.k.p.i.IntermediateProofReplayer Proof replay took 24.03ms 
56961      DEBUG main            d.u.i.k.p.r.p.TestFile    ... success: reloaded. 
56962      INFO  main            d.u.i.k.p.r.p.TestFile    Now processing file /home/runner/work/key/key/key.core/../key.ui/examples/heap/permissions/threads/AFilter_inv_accessible1.key 
56962      INFO  main            d.u.i.k.p.i.AbstractProblemLoader Loading environment from /home/runner/work/key/key/key.core/../key.ui/examples/heap/permissions/threads/AFilter_inv_accessible1.key 
56963      DEBUG main            d.u.i.k.p.i.AbstractProblemLoader Environment load took 149.6ns 
56963      INFO  main            d.u.i.k.p.i.AbstractProblemLoader Creating init config 
61164      DEBUG main            d.u.i.k.p.i.AbstractProblemLoader Init config took 4.2s 
61248      INFO  main            d.u.i.k.p.i.AbstractProblemLoader Replaying proof AFilter[java.lang.Object::<inv>()].JML accessible clause.0 
61250      DEBUG main            d.u.i.k.p.i.IntermediateProofReplayer Proof replay took 5.6ns 
61354      INFO  main            d.u.i.k.p.r.p.TestFile    ... finished proof: closed. 
61556      INFO  main            d.u.i.k.p.i.AbstractProblemLoader Loading environment from /home/runner/work/key/key/key.core/../key.ui/examples/heap/permissions/threads/AFilter_inv_accessible1.key.proof 
61556      DEBUG main            d.u.i.k.p.i.AbstractProblemLoader Environment load took 116.5ns 
61557      INFO  main            d.u.i.k.p.i.AbstractProblemLoader Creating init config 
65778      DEBUG main            d.u.i.k.p.i.AbstractProblemLoader Init config took 4.22s 
65880      INFO  main            d.u.i.k.p.i.AbstractProblemLoader Replaying proof AFilter[java.lang.Object::<inv>()].JML accessible clause.0 
65885      DEBUG main            d.u.i.k.p.i.IntermediateProofReplayer Proof replay took 2.84ms 
65886      DEBUG main            d.u.i.k.p.r.p.TestFile    ... success: reloaded. 
65888      INFO  main            d.u.i.k.p.r.p.TestFile    Now processing file /home/runner/work/key/key/key.core/../key.ui/examples/heap/permissions/threads/AFilter_inv_accessible2.key 
65888      INFO  main            d.u.i.k.p.i.AbstractProblemLoader Loading environment from /home/runner/work/key/key/key.core/../key.ui/examples/heap/permissions/threads/AFilter_inv_accessible2.key 
65888      DEBUG main            d.u.i.k.p.i.AbstractProblemLoader Environment load took 77.3ns 
65889      INFO  main            d.u.i.k.p.i.AbstractProblemLoader Creating init config 
70085      DEBUG main            d.u.i.k.p.i.AbstractProblemLoader Init config took 4.2s 
70169      INFO  main            d.u.i.k.p.i.AbstractProblemLoader Replaying proof AFilter[java.lang.Object::<inv>()].JML accessible clause.1 
70170      DEBUG main            d.u.i.k.p.i.IntermediateProofReplayer Proof replay took 5.5ns 
70274      INFO  main            d.u.i.k.p.r.p.TestFile    ... finished proof: closed. 
70472      INFO  main            d.u.i.k.p.i.AbstractProblemLoader Loading environment from /home/runner/work/key/key/key.core/../key.ui/examples/heap/permissions/threads/AFilter_inv_accessible2.key.proof 
70472      DEBUG main            d.u.i.k.p.i.AbstractProblemLoader Environment load took 107.7ns 
70473      INFO  main            d.u.i.k.p.i.AbstractProblemLoader Creating init config 
74630      DEBUG main            d.u.i.k.p.i.AbstractProblemLoader Init config took 4.16s 
74713      INFO  main            d.u.i.k.p.i.AbstractProblemLoader Replaying proof AFilter[java.lang.Object::<inv>()].JML accessible clause.1 
74716      DEBUG main            d.u.i.k.p.i.IntermediateProofReplayer Proof replay took 1.89ms 
74717      DEBUG main            d.u.i.k.p.r.p.TestFile    ... success: reloaded. 
74718      INFO  main            d.u.i.k.p.r.p.TestFile    Now processing file /home/runner/work/key/key/key.core/../key.ui/examples/heap/permissions/threads/AFilter_joinTransfer_accessible.key 
74718      INFO  main            d.u.i.k.p.i.AbstractProblemLoader Loading environment from /home/runner/work/key/key/key.core/../key.ui/examples/heap/permissions/threads/AFilter_joinTransfer_accessible.key 
74719      DEBUG main            d.u.i.k.p.i.AbstractProblemLoader Environment load took 70.4ns 
74719      INFO  main            d.u.i.k.p.i.AbstractProblemLoader Creating init config 
78924      DEBUG main            d.u.i.k.p.i.AbstractProblemLoader Init config took 4.21s 
79009      INFO  main            d.u.i.k.p.i.AbstractProblemLoader Replaying proof AFilter[ThreadSpec2::joinTransfer()].JML accessible clause.0 
79010      DEBUG main            d.u.i.k.p.i.IntermediateProofReplayer Proof replay took 6.6ns 
80115      INFO  main            d.u.i.k.p.r.p.TestFile    ... finished proof: closed. 
80321      INFO  main            d.u.i.k.p.i.AbstractProblemLoader Loading environment from /home/runner/work/key/key/key.core/../key.ui/examples/heap/permissions/threads/AFilter_joinTransfer_accessible.key.proof 
80321      DEBUG main            d.u.i.k.p.i.AbstractProblemLoader Environment load took 114.1ns 
80324      INFO  main            d.u.i.k.p.i.AbstractProblemLoader Creating init config 
84550      DEBUG main            d.u.i.k.p.i.AbstractProblemLoader Init config took 4.23s 
84634      INFO  main            d.u.i.k.p.i.AbstractProblemLoader Replaying proof AFilter[ThreadSpec2::joinTransfer()].JML accessible clause.0 
84751      DEBUG main            d.u.i.k.p.i.IntermediateProofReplayer Proof replay took 111.21ms 
84752      DEBUG main            d.u.i.k.p.r.p.TestFile    ... success: reloaded. 
84753      INFO  main            d.u.i.k.p.r.p.TestFile    Now processing file /home/runner/work/key/key/key.core/../key.ui/examples/heap/permissions/threads/AFilter_joinTransfer_contract.key 
84753      INFO  main            d.u.i.k.p.i.AbstractProblemLoader Loading environment from /home/runner/work/key/key/key.core/../key.ui/examples/heap/permissions/threads/AFilter_joinTransfer_contract.key 
84754      DEBUG main            d.u.i.k.p.i.AbstractProblemLoader Environment load took 187.9ns 
84755      INFO  main            d.u.i.k.p.i.AbstractProblemLoader Creating init config 
88992      DEBUG main            d.u.i.k.p.i.AbstractProblemLoader Init config took 4.24s 
89076      INFO  main            d.u.i.k.p.i.AbstractProblemLoader Replaying proof AFilter[ThreadSpec2::joinTransfer()].JML model_behavior operation contract.0 
89077      DEBUG main            d.u.i.k.p.i.IntermediateProofReplayer Proof replay took 5.4ns 
89182      INFO  main            d.u.i.k.p.r.p.TestFile    ... finished proof: closed. 
89449      INFO  main            d.u.i.k.p.i.AbstractProblemLoader Loading environment from /home/runner/work/key/key/key.core/../key.ui/examples/heap/permissions/threads/AFilter_joinTransfer_contract.key.proof 
89450      DEBUG main            d.u.i.k.p.i.AbstractProblemLoader Environment load took 100.5ns 
89451      INFO  main            d.u.i.k.p.i.AbstractProblemLoader Creating init config 
93617      DEBUG main            d.u.i.k.p.i.AbstractProblemLoader Init config took 4.17s 
93701      INFO  main            d.u.i.k.p.i.AbstractProblemLoader Replaying proof AFilter[ThreadSpec2::joinTransfer()].JML model_behavior operation contract.0 
93709      DEBUG main            d.u.i.k.p.i.IntermediateProofReplayer Proof replay took 7.19ms 
93710      DEBUG main            d.u.i.k.p.r.p.TestFile    ... success: reloaded. 
93711      INFO  main            d.u.i.k.p.r.p.TestFile    Now processing file /home/runner/work/key/key/key.core/../key.ui/examples/heap/permissions/threads/AFilter_postJoin_accessible.key 
93712      INFO  main            d.u.i.k.p.i.AbstractProblemLoader Loading environment from /home/runner/work/key/key/key.core/../key.ui/examples/heap/permissions/threads/AFilter_postJoin_accessible.key 
93712      DEBUG main            d.u.i.k.p.i.AbstractProblemLoader Environment load took 79.5ns 
93713      INFO  main            d.u.i.k.p.i.AbstractProblemLoader Creating init config 
97928      DEBUG main            d.u.i.k.p.i.AbstractProblemLoader Init config took 4.21s 
98029      INFO  main            d.u.i.k.p.i.AbstractProblemLoader Replaying proof AFilter[ThreadSpec2::postJoin(java.lang.Object)].JML accessible clause.0 
98034      DEBUG main            d.u.i.k.p.i.IntermediateProofReplayer Proof replay took 5.3ns 
98136      INFO  main            d.u.i.k.p.r.p.TestFile    ... finished proof: closed. 
98409      INFO  main            d.u.i.k.p.i.AbstractProblemLoader Loading environment from /home/runner/work/key/key/key.core/../key.ui/examples/heap/permissions/threads/AFilter_postJoin_accessible.key.proof 
98409      DEBUG main            d.u.i.k.p.i.AbstractProblemLoader Environment load took 101.6ns 
98411      INFO  main            d.u.i.k.p.i.AbstractProblemLoader Creating init config 
102553     DEBUG main            d.u.i.k.p.i.AbstractProblemLoader Init config took 4.14s 
102635     INFO  main            d.u.i.k.p.i.AbstractProblemLoader Replaying proof AFilter[ThreadSpec2::postJoin(java.lang.Object)].JML accessible clause.0 
102643     DEBUG main            d.u.i.k.p.i.IntermediateProofReplayer Proof replay took 6.34ms 
102644     DEBUG main            d.u.i.k.p.r.p.TestFile    ... success: reloaded. 
102645     INFO  main            d.u.i.k.p.r.p.TestFile    Now processing file /home/runner/work/key/key/key.core/../key.ui/examples/heap/permissions/threads/AFilter_preStart_accessible.key 
102645     INFO  main            d.u.i.k.p.i.AbstractProblemLoader Loading environment from /home/runner/work/key/key/key.core/../key.ui/examples/heap/permissions/threads/AFilter_preStart_accessible.key 
102645     DEBUG main            d.u.i.k.p.i.AbstractProblemLoader Environment load took 79.5ns 
102646     INFO  main            d.u.i.k.p.i.AbstractProblemLoader Creating init config 
106808     DEBUG main            d.u.i.k.p.i.AbstractProblemLoader Init config took 4.16s 
106920     INFO  main            d.u.i.k.p.i.AbstractProblemLoader Replaying proof AFilter[ThreadSpec2::preStart(java.lang.Object)].JML accessible clause.0 
106922     DEBUG main            d.u.i.k.p.i.IntermediateProofReplayer Proof replay took 6.9ns 
107227     INFO  main            d.u.i.k.p.r.p.TestFile    ... finished proof: closed. 
107454     INFO  main            d.u.i.k.p.i.AbstractProblemLoader Loading environment from /home/runner/work/key/key/key.core/../key.ui/examples/heap/permissions/threads/AFilter_preStart_accessible.key.proof 
107454     DEBUG main            d.u.i.k.p.i.AbstractProblemLoader Environment load took 108.8ns 
107455     INFO  main            d.u.i.k.p.i.AbstractProblemLoader Creating init config 
111597     DEBUG main            d.u.i.k.p.i.AbstractProblemLoader Init config took 4.14s 
111701     INFO  main            d.u.i.k.p.i.AbstractProblemLoader Replaying proof AFilter[ThreadSpec2::preStart(java.lang.Object)].JML accessible clause.0 
111735     DEBUG main            d.u.i.k.p.i.IntermediateProofReplayer Proof replay took 30.29ms 
111736     DEBUG main            d.u.i.k.p.r.p.TestFile    ... success: reloaded. 
111737     INFO  main            d.u.i.k.p.r.p.TestFile    Now processing file /home/runner/work/key/key/key.core/../key.ui/examples/heap/permissions/threads/AFilter_startTransfer_accessible.key 
111737     INFO  main            d.u.i.k.p.i.AbstractProblemLoader Loading environment from /home/runner/work/key/key/key.core/../key.ui/examples/heap/permissions/threads/AFilter_startTransfer_accessible.key 
111737     DEBUG main            d.u.i.k.p.i.AbstractProblemLoader Environment load took 148.7ns 
111738     INFO  main            d.u.i.k.p.i.AbstractProblemLoader Creating init config 
115921     DEBUG main            d.u.i.k.p.i.AbstractProblemLoader Init config took 4.18s 
116002     INFO  main            d.u.i.k.p.i.AbstractProblemLoader Replaying proof AFilter[ThreadSpec2::startTransfer()].JML accessible clause.0 
116003     DEBUG main            d.u.i.k.p.i.IntermediateProofReplayer Proof replay took 7.3ns 
125381     INFO  main            d.u.i.k.p.r.p.TestFile    ... finished proof: closed. 
125640     INFO  main            d.u.i.k.p.i.AbstractProblemLoader Loading environment from /home/runner/work/key/key/key.core/../key.ui/examples/heap/permissions/threads/AFilter_startTransfer_accessible.key.proof 
125640     DEBUG main            d.u.i.k.p.i.AbstractProblemLoader Environment load took 312.3ns 
125641     INFO  main            d.u.i.k.p.i.AbstractProblemLoader Creating init config 
129762     DEBUG main            d.u.i.k.p.i.AbstractProblemLoader Init config took 4.12s 
129843     INFO  main            d.u.i.k.p.i.AbstractProblemLoader Replaying proof AFilter[ThreadSpec2::startTransfer()].JML accessible clause.0 
130529     DEBUG main            d.u.i.k.p.i.IntermediateProofReplayer Proof replay took 661.66ms 
130531     DEBUG main            d.u.i.k.p.r.p.TestFile    ... success: reloaded. 
130532     INFO  main            d.u.i.k.p.r.p.TestFile    Now processing file /home/runner/work/key/key/key.core/../key.ui/examples/heap/permissions/threads/AFilter_startTransfer_contract.key 
130532     INFO  main            d.u.i.k.p.i.AbstractProblemLoader Loading environment from /home/runner/work/key/key/key.core/../key.ui/examples/heap/permissions/threads/AFilter_startTransfer_contract.key 
130532     DEBUG main            d.u.i.k.p.i.AbstractProblemLoader Environment load took 151.8ns 
130533     INFO  main            d.u.i.k.p.i.AbstractProblemLoader Creating init config 
134785     DEBUG main            d.u.i.k.p.i.AbstractProblemLoader Init config took 4.25s 
134876     INFO  main            d.u.i.k.p.i.AbstractProblemLoader Replaying proof AFilter[ThreadSpec2::startTransfer()].JML model_behavior operation contract.0 
134877     DEBUG main            d.u.i.k.p.i.IntermediateProofReplayer Proof replay took 6.1ns 
135282     INFO  main            d.u.i.k.p.r.p.TestFile    ... finished proof: closed. 
135526     INFO  main            d.u.i.k.p.i.AbstractProblemLoader Loading environment from /home/runner/work/key/key/key.core/../key.ui/examples/heap/permissions/threads/AFilter_startTransfer_contract.key.proof 
135527     DEBUG main            d.u.i.k.p.i.AbstractProblemLoader Environment load took 103.3ns 
135528     INFO  main            d.u.i.k.p.i.AbstractProblemLoader Creating init config 
139636     DEBUG main            d.u.i.k.p.i.AbstractProblemLoader Init config took 4.11s 
139730     INFO  main            d.u.i.k.p.i.AbstractProblemLoader Replaying proof AFilter[ThreadSpec2::startTransfer()].JML model_behavior operation contract.0 
139774     DEBUG main            d.u.i.k.p.i.IntermediateProofReplayer Proof replay took 39.93ms 
139775     DEBUG main            d.u.i.k.p.r.p.TestFile    ... success: reloaded. 
139776     INFO  main            d.u.i.k.p.r.p.TestFile    Now processing file /home/runner/work/key/key/key.core/../key.ui/examples/heap/permissions/threads/AFilter_stateInv_accessible.key 
139776     INFO  main            d.u.i.k.p.i.AbstractProblemLoader Loading environment from /home/runner/work/key/key/key.core/../key.ui/examples/heap/permissions/threads/AFilter_stateInv_accessible.key 
139776     DEBUG main            d.u.i.k.p.i.AbstractProblemLoader Environment load took 77.9ns 
139777     INFO  main            d.u.i.k.p.i.AbstractProblemLoader Creating init config 
143962     DEBUG main            d.u.i.k.p.i.AbstractProblemLoader Init config took 4.18s 
144055     INFO  main            d.u.i.k.p.i.AbstractProblemLoader Replaying proof AFilter[ThreadSpec2::stateInv()].JML accessible clause.0 
144056     DEBUG main            d.u.i.k.p.i.IntermediateProofReplayer Proof replay took 6.1ns 
144359     INFO  main            d.u.i.k.p.r.p.TestFile    ... finished proof: closed. 
144597     INFO  main            d.u.i.k.p.i.AbstractProblemLoader Loading environment from /home/runner/work/key/key/key.core/../key.ui/examples/heap/permissions/threads/AFilter_stateInv_accessible.key.proof 
144597     DEBUG main            d.u.i.k.p.i.AbstractProblemLoader Environment load took 100.5ns 
144599     INFO  main            d.u.i.k.p.i.AbstractProblemLoader Creating init config 
148720     DEBUG main            d.u.i.k.p.i.AbstractProblemLoader Init config took 4.12s 
148799     INFO  main            d.u.i.k.p.i.AbstractProblemLoader Replaying proof AFilter[ThreadSpec2::stateInv()].JML accessible clause.0 
148835     DEBUG main            d.u.i.k.p.i.IntermediateProofReplayer Proof replay took 32.46ms 
148836     DEBUG main            d.u.i.k.p.r.p.TestFile    ... success: reloaded. 
148837     INFO  main            d.u.i.k.p.r.p.TestFile    Now processing file /home/runner/work/key/key/key.core/../key.ui/examples/heap/permissions/threads/AFilter_staticPermissions_accessible.key 
148837     INFO  main            d.u.i.k.p.i.AbstractProblemLoader Loading environment from /home/runner/work/key/key/key.core/../key.ui/examples/heap/permissions/threads/AFilter_staticPermissions_accessible.key 
148838     DEBUG main            d.u.i.k.p.i.AbstractProblemLoader Environment load took 143.7ns 
148838     INFO  main            d.u.i.k.p.i.AbstractProblemLoader Creating init config 
153038     DEBUG main            d.u.i.k.p.i.AbstractProblemLoader Init config took 4.2s 
153118     INFO  main            d.u.i.k.p.i.AbstractProblemLoader Replaying proof AFilter[ThreadSpec2::staticPermissions()].JML accessible clause.0 
153119     DEBUG main            d.u.i.k.p.i.IntermediateProofReplayer Proof replay took 5.4ns 
153221     INFO  main            d.u.i.k.p.r.p.TestFile    ... finished proof: closed. 
153462     INFO  main            d.u.i.k.p.i.AbstractProblemLoader Loading environment from /home/runner/work/key/key/key.core/../key.ui/examples/heap/permissions/threads/AFilter_staticPermissions_accessible.key.proof 
153462     DEBUG main            d.u.i.k.p.i.AbstractProblemLoader Environment load took 94.4ns 
153463     INFO  main            d.u.i.k.p.i.AbstractProblemLoader Creating init config 
157579     DEBUG main            d.u.i.k.p.i.AbstractProblemLoader Init config took 4.12s 
157659     INFO  main            d.u.i.k.p.i.AbstractProblemLoader Replaying proof AFilter[ThreadSpec2::staticPermissions()].JML accessible clause.0 
157669     DEBUG main            d.u.i.k.p.i.IntermediateProofReplayer Proof replay took 8.27ms 
157669     DEBUG main            d.u.i.k.p.r.p.TestFile    ... success: reloaded. 
157670     INFO  main            d.u.i.k.p.r.p.TestFile    Now processing file /home/runner/work/key/key/key.core/../key.ui/examples/heap/permissions/threads/AFilter_workingPermissions_accessible.key 
157671     INFO  main            d.u.i.k.p.i.AbstractProblemLoader Loading environment from /home/runner/work/key/key/key.core/../key.ui/examples/heap/permissions/threads/AFilter_workingPermissions_accessible.key 
157671     DEBUG main            d.u.i.k.p.i.AbstractProblemLoader Environment load took 73ns 
157671     INFO  main            d.u.i.k.p.i.AbstractProblemLoader Creating init config 
161852     DEBUG main            d.u.i.k.p.i.AbstractProblemLoader Init config took 4.18s 
161932     INFO  main            d.u.i.k.p.i.AbstractProblemLoader Replaying proof AFilter[ThreadSpec2::workingPermissions()].JML accessible clause.0 
161933     DEBUG main            d.u.i.k.p.i.IntermediateProofReplayer Proof replay took 6.5ns 
162035     INFO  main            d.u.i.k.p.r.p.TestFile    ... finished proof: closed. 
162280     INFO  main            d.u.i.k.p.i.AbstractProblemLoader Loading environment from /home/runner/work/key/key/key.core/../key.ui/examples/heap/permissions/threads/AFilter_workingPermissions_accessible.key.proof 
162280     DEBUG main            d.u.i.k.p.i.AbstractProblemLoader Environment load took 102ns 
162281     INFO  main            d.u.i.k.p.i.AbstractProblemLoader Creating init config 
166403     DEBUG main            d.u.i.k.p.i.AbstractProblemLoader Init config took 4.12s 
166483     INFO  main            d.u.i.k.p.i.AbstractProblemLoader Replaying proof AFilter[ThreadSpec2::workingPermissions()].JML accessible clause.0 
166492     DEBUG main            d.u.i.k.p.i.IntermediateProofReplayer Proof replay took 7.31ms 
166493     DEBUG main            d.u.i.k.p.r.p.TestFile    ... success: reloaded. 
166494     INFO  main            d.u.i.k.p.r.p.TestFile    Now processing file /home/runner/work/key/key/key.core/../key.ui/examples/heap/permissions/threads/BFilter_BFilter.key 
166495     INFO  main            d.u.i.k.p.i.AbstractProblemLoader Loading environment from /home/runner/work/key/key/key.core/../key.ui/examples/heap/permissions/threads/BFilter_BFilter.key 
166495     DEBUG main            d.u.i.k.p.i.AbstractProblemLoader Environment load took 151.9ns 
166496     INFO  main            d.u.i.k.p.i.AbstractProblemLoader Creating init config 
170652     DEBUG main            d.u.i.k.p.i.AbstractProblemLoader Init config took 4.16s 
170746     INFO  main            d.u.i.k.p.i.AbstractProblemLoader Replaying proof BFilter[BFilter::BFilter(Sampler,Buffer)].JML normal_behavior operation contract.0 
170748     DEBUG main            d.u.i.k.p.i.IntermediateProofReplayer Proof replay took 5.9ns 
171651     INFO  main            d.u.i.k.p.r.p.TestFile    ... finished proof: closed. 
171955     INFO  main            d.u.i.k.p.i.AbstractProblemLoader Loading environment from /home/runner/work/key/key/key.core/../key.ui/examples/heap/permissions/threads/BFilter_BFilter.key.proof 
171955     DEBUG main            d.u.i.k.p.i.AbstractProblemLoader Environment load took 93ns 
171956     INFO  main            d.u.i.k.p.i.AbstractProblemLoader Creating init config 
176035     DEBUG main            d.u.i.k.p.i.AbstractProblemLoader Init config took 4.08s 
176116     INFO  main            d.u.i.k.p.i.AbstractProblemLoader Replaying proof BFilter[BFilter::BFilter(Sampler,Buffer)].JML normal_behavior operation contract.0 
176270     DEBUG main            d.u.i.k.p.i.IntermediateProofReplayer Proof replay took 150.21ms 
176271     DEBUG main            d.u.i.k.p.r.p.TestFile    ... success: reloaded. 
176272     INFO  main            d.u.i.k.p.r.p.TestFile    Now processing file /home/runner/work/key/key/key.core/../key.ui/examples/heap/permissions/threads/BFilter_initPost_accessible.key 
176272     INFO  main            d.u.i.k.p.i.AbstractProblemLoader Loading environment from /home/runner/work/key/key/key.core/../key.ui/examples/heap/permissions/threads/BFilter_initPost_accessible.key 
176273     DEBUG main            d.u.i.k.p.i.AbstractProblemLoader Environment load took 94.9ns 
176273     INFO  main            d.u.i.k.p.i.AbstractProblemLoader Creating init config 
180444     DEBUG main            d.u.i.k.p.i.AbstractProblemLoader Init config took 4.17s 
180537     INFO  main            d.u.i.k.p.i.AbstractProblemLoader Replaying proof BFilter[ThreadSpec2::initPost()].JML accessible clause.0 
180538     DEBUG main            d.u.i.k.p.i.IntermediateProofReplayer Proof replay took 5.7ns 
180640     INFO  main            d.u.i.k.p.r.p.TestFile    ... finished proof: closed. 
180896     INFO  main            d.u.i.k.p.i.AbstractProblemLoader Loading environment from /home/runner/work/key/key/key.core/../key.ui/examples/heap/permissions/threads/BFilter_initPost_accessible.key.proof 
180896     DEBUG main            d.u.i.k.p.i.AbstractProblemLoader Environment load took 113.6ns 
180896     INFO  main            d.u.i.k.p.i.AbstractProblemLoader Creating init config 
185000     DEBUG main            d.u.i.k.p.i.AbstractProblemLoader Init config took 4.1s 
185079     INFO  main            d.u.i.k.p.i.AbstractProblemLoader Replaying proof BFilter[ThreadSpec2::initPost()].JML accessible clause.0 
185090     DEBUG main            d.u.i.k.p.i.IntermediateProofReplayer Proof replay took 8.77ms 
185091     DEBUG main            d.u.i.k.p.r.p.TestFile    ... success: reloaded. 
185091     INFO  main            d.u.i.k.p.r.p.TestFile    Now processing file /home/runner/work/key/key/key.core/../key.ui/examples/heap/permissions/threads/BFilter_inv_accessible1.key 
185092     INFO  main            d.u.i.k.p.i.AbstractProblemLoader Loading environment from /home/runner/work/key/key/key.core/../key.ui/examples/heap/permissions/threads/BFilter_inv_accessible1.key 
185092     DEBUG main            d.u.i.k.p.i.AbstractProblemLoader Environment load took 95.2ns 
185092     INFO  main            d.u.i.k.p.i.AbstractProblemLoader Creating init config 
189230     DEBUG main            d.u.i.k.p.i.AbstractProblemLoader Init config took 4.14s 
189310     INFO  main            d.u.i.k.p.i.AbstractProblemLoader Replaying proof BFilter[java.lang.Object::<inv>()].JML accessible clause.0 
189312     DEBUG main            d.u.i.k.p.i.IntermediateProofReplayer Proof replay took 6.4ns 
189413     INFO  main            d.u.i.k.p.r.p.TestFile    ... finished proof: closed. 
189675     INFO  main            d.u.i.k.p.i.AbstractProblemLoader Loading environment from /home/runner/work/key/key/key.core/../key.ui/examples/heap/permissions/threads/BFilter_inv_accessible1.key.proof 
189675     DEBUG main            d.u.i.k.p.i.AbstractProblemLoader Environment load took 90.1ns 
189676     INFO  main            d.u.i.k.p.i.AbstractProblemLoader Creating init config 
193752     DEBUG main            d.u.i.k.p.i.AbstractProblemLoader Init config took 4.08s 
193842     INFO  main            d.u.i.k.p.i.AbstractProblemLoader Replaying proof BFilter[java.lang.Object::<inv>()].JML accessible clause.0 
193845     DEBUG main            d.u.i.k.p.i.IntermediateProofReplayer Proof replay took 1.66ms 
193846     DEBUG main            d.u.i.k.p.r.p.TestFile    ... success: reloaded. 
193846     INFO  main            d.u.i.k.p.r.p.TestFile    Now processing file /home/runner/work/key/key/key.core/../key.ui/examples/heap/permissions/threads/BFilter_inv_accessible2.key 
193847     INFO  main            d.u.i.k.p.i.AbstractProblemLoader Loading environment from /home/runner/work/key/key/key.core/../key.ui/examples/heap/permissions/threads/BFilter_inv_accessible2.key 
193847     DEBUG main            d.u.i.k.p.i.AbstractProblemLoader Environment load took 61.2ns 
193847     INFO  main            d.u.i.k.p.i.AbstractProblemLoader Creating init config 
198005     DEBUG main            d.u.i.k.p.i.AbstractProblemLoader Init config took 4.16s 
198084     INFO  main            d.u.i.k.p.i.AbstractProblemLoader Replaying proof BFilter[java.lang.Object::<inv>()].JML accessible clause.1 
198094     DEBUG main            d.u.i.k.p.i.IntermediateProofReplayer Proof replay took 6.6ns 
198196     INFO  main            d.u.i.k.p.r.p.TestFile    ... finished proof: closed. 
198468     INFO  main            d.u.i.k.p.i.AbstractProblemLoader Loading environment from /home/runner/work/key/key/key.core/../key.ui/examples/heap/permissions/threads/BFilter_inv_accessible2.key.proof 
198468     DEBUG main            d.u.i.k.p.i.AbstractProblemLoader Environment load took 92.4ns 
198469     INFO  main            d.u.i.k.p.i.AbstractProblemLoader Creating init config 
202559     DEBUG main            d.u.i.k.p.i.AbstractProblemLoader Init config took 4.09s 
202640     INFO  main            d.u.i.k.p.i.AbstractProblemLoader Replaying proof BFilter[java.lang.Object::<inv>()].JML accessible clause.1 
202644     DEBUG main            d.u.i.k.p.i.IntermediateProofReplayer Proof replay took 1.58ms 
202647     DEBUG main            d.u.i.k.p.r.p.TestFile    ... success: reloaded. 
202648     INFO  main            d.u.i.k.p.r.p.TestFile    Now processing file /home/runner/work/key/key/key.core/../key.ui/examples/heap/permissions/threads/BFilter_joinTransfer_accessible.key 
202649     INFO  main            d.u.i.k.p.i.AbstractProblemLoader Loading environment from /home/runner/work/key/key/key.core/../key.ui/examples/heap/permissions/threads/BFilter_joinTransfer_accessible.key 
202649     DEBUG main            d.u.i.k.p.i.AbstractProblemLoader Environment load took 176.4ns 
202650     INFO  main            d.u.i.k.p.i.AbstractProblemLoader Creating init config 
206799     DEBUG main            d.u.i.k.p.i.AbstractProblemLoader Init config took 4.15s 
206892     INFO  main            d.u.i.k.p.i.AbstractProblemLoader Replaying proof BFilter[ThreadSpec2::joinTransfer()].JML accessible clause.0 
206893     DEBUG main            d.u.i.k.p.i.IntermediateProofReplayer Proof replay took 6ns 
207897     INFO  main            d.u.i.k.p.r.p.TestFile    ... finished proof: closed. 
208203     INFO  main            d.u.i.k.p.i.AbstractProblemLoader Loading environment from /home/runner/work/key/key/key.core/../key.ui/examples/heap/permissions/threads/BFilter_joinTransfer_accessible.key.proof 
208203     DEBUG main            d.u.i.k.p.i.AbstractProblemLoader Environment load took 93.5ns 
208204     INFO  main            d.u.i.k.p.i.AbstractProblemLoader Creating init config 
212289     DEBUG main            d.u.i.k.p.i.AbstractProblemLoader Init config took 4.09s 
212368     INFO  main            d.u.i.k.p.i.AbstractProblemLoader Replaying proof BFilter[ThreadSpec2::joinTransfer()].JML accessible clause.0 
212467     DEBUG main            d.u.i.k.p.i.IntermediateProofReplayer Proof replay took 92.87ms 
212467     DEBUG main            d.u.i.k.p.r.p.TestFile    ... success: reloaded. 
212468     INFO  main            d.u.i.k.p.r.p.TestFile    Now processing file /home/runner/work/key/key/key.core/../key.ui/examples/heap/permissions/threads/BFilter_joinTransfer_contract.key 
212469     INFO  main            d.u.i.k.p.i.AbstractProblemLoader Loading environment from /home/runner/work/key/key/key.core/../key.ui/examples/heap/permissions/threads/BFilter_joinTransfer_contract.key 
212469     DEBUG main            d.u.i.k.p.i.AbstractProblemLoader Environment load took 143.7ns 
212470     INFO  main            d.u.i.k.p.i.AbstractProblemLoader Creating init config 
216642     DEBUG main            d.u.i.k.p.i.AbstractProblemLoader Init config took 4.17s 
216726     INFO  main            d.u.i.k.p.i.AbstractProblemLoader Replaying proof BFilter[ThreadSpec2::joinTransfer()].JML model_behavior operation contract.0 
216727     DEBUG main            d.u.i.k.p.i.IntermediateProofReplayer Proof replay took 6.5ns 
216829     INFO  main            d.u.i.k.p.r.p.TestFile    ... finished proof: closed. 
217121     INFO  main            d.u.i.k.p.i.AbstractProblemLoader Loading environment from /home/runner/work/key/key/key.core/../key.ui/examples/heap/permissions/threads/BFilter_joinTransfer_contract.key.proof 
217121     DEBUG main            d.u.i.k.p.i.AbstractProblemLoader Environment load took 89.2ns 
217122     INFO  main            d.u.i.k.p.i.AbstractProblemLoader Creating init config 
221221     DEBUG main            d.u.i.k.p.i.AbstractProblemLoader Init config took 4.1s 
221300     INFO  main            d.u.i.k.p.i.AbstractProblemLoader Replaying proof BFilter[ThreadSpec2::joinTransfer()].JML model_behavior operation contract.0 
221308     DEBUG main            d.u.i.k.p.i.IntermediateProofReplayer Proof replay took 6.37ms 
221309     DEBUG main            d.u.i.k.p.r.p.TestFile    ... success: reloaded. 
221310     INFO  main            d.u.i.k.p.r.p.TestFile    Now processing file /home/runner/work/key/key/key.core/../key.ui/examples/heap/permissions/threads/BFilter_postJoin_accessible.key 
221310     INFO  main            d.u.i.k.p.i.AbstractProblemLoader Loading environment from /home/runner/work/key/key/key.core/../key.ui/examples/heap/permissions/threads/BFilter_postJoin_accessible.key 
221310     DEBUG main            d.u.i.k.p.i.AbstractProblemLoader Environment load took 146.1ns 
221311     INFO  main            d.u.i.k.p.i.AbstractProblemLoader Creating init config 
225489     DEBUG main            d.u.i.k.p.i.AbstractProblemLoader Init config took 4.18s 
225567     INFO  main            d.u.i.k.p.i.AbstractProblemLoader Replaying proof BFilter[ThreadSpec2::postJoin(java.lang.Object)].JML accessible clause.0 
225568     DEBUG main            d.u.i.k.p.i.IntermediateProofReplayer Proof replay took 6.5ns 
225669     INFO  main            d.u.i.k.p.r.p.TestFile    ... finished proof: closed. 
225964     INFO  main            d.u.i.k.p.i.AbstractProblemLoader Loading environment from /home/runner/work/key/key/key.core/../key.ui/examples/heap/permissions/threads/BFilter_postJoin_accessible.key.proof 
225964     DEBUG main            d.u.i.k.p.i.AbstractProblemLoader Environment load took 83.6ns 
225965     INFO  main            d.u.i.k.p.i.AbstractProblemLoader Creating init config 
230053     DEBUG main            d.u.i.k.p.i.AbstractProblemLoader Init config took 4.09s 
230131     INFO  main            d.u.i.k.p.i.AbstractProblemLoader Replaying proof BFilter[ThreadSpec2::postJoin(java.lang.Object)].JML accessible clause.0 
230139     DEBUG main            d.u.i.k.p.i.IntermediateProofReplayer Proof replay took 5.48ms 
230140     DEBUG main            d.u.i.k.p.r.p.TestFile    ... success: reloaded. 
230141     INFO  main            d.u.i.k.p.r.p.TestFile    Now processing file /home/runner/work/key/key/key.core/../key.ui/examples/heap/permissions/threads/BFilter_preStart_accessible.key 
230142     INFO  main            d.u.i.k.p.i.AbstractProblemLoader Loading environment from /home/runner/work/key/key/key.core/../key.ui/examples/heap/permissions/threads/BFilter_preStart_accessible.key 
230142     DEBUG main            d.u.i.k.p.i.AbstractProblemLoader Environment load took 142.5ns 
230144     INFO  main            d.u.i.k.p.i.AbstractProblemLoader Creating init config 
234330     DEBUG main            d.u.i.k.p.i.AbstractProblemLoader Init config took 4.19s 
234408     INFO  main            d.u.i.k.p.i.AbstractProblemLoader Replaying proof BFilter[ThreadSpec2::preStart(java.lang.Object)].JML accessible clause.0 
234409     DEBUG main            d.u.i.k.p.i.IntermediateProofReplayer Proof replay took 5.3ns 
234711     INFO  main            d.u.i.k.p.r.p.TestFile    ... finished proof: closed. 
235014     INFO  main            d.u.i.k.p.i.AbstractProblemLoader Loading environment from /home/runner/work/key/key/key.core/../key.ui/examples/heap/permissions/threads/BFilter_preStart_accessible.key.proof 
235014     DEBUG main            d.u.i.k.p.i.AbstractProblemLoader Environment load took 86.7ns 
235014     INFO  main            d.u.i.k.p.i.AbstractProblemLoader Creating init config 
239132     DEBUG main            d.u.i.k.p.i.AbstractProblemLoader Init config took 4.12s 
239220     INFO  main            d.u.i.k.p.i.AbstractProblemLoader Replaying proof BFilter[ThreadSpec2::preStart(java.lang.Object)].JML accessible clause.0 
239249     DEBUG main            d.u.i.k.p.i.IntermediateProofReplayer Proof replay took 25.55ms 
239249     DEBUG main            d.u.i.k.p.r.p.TestFile    ... success: reloaded. 
239250     INFO  main            d.u.i.k.p.r.p.TestFile    Now processing file /home/runner/work/key/key/key.core/../key.ui/examples/heap/permissions/threads/BFilter_startTransfer_accessible.key 
239250     INFO  main            d.u.i.k.p.i.AbstractProblemLoader Loading environment from /home/runner/work/key/key/key.core/../key.ui/examples/heap/permissions/threads/BFilter_startTransfer_accessible.key 
239250     DEBUG main            d.u.i.k.p.i.AbstractProblemLoader Environment load took 108.5ns 
239251     INFO  main            d.u.i.k.p.i.AbstractProblemLoader Creating init config 
243414     DEBUG main            d.u.i.k.p.i.AbstractProblemLoader Init config took 4.16s 
243493     INFO  main            d.u.i.k.p.i.AbstractProblemLoader Replaying proof BFilter[ThreadSpec2::startTransfer()].JML accessible clause.0 
243494     DEBUG main            d.u.i.k.p.i.IntermediateProofReplayer Proof replay took 6.7ns 
253031     INFO  main            d.u.i.k.p.r.p.TestFile    ... finished proof: closed. 
253354     INFO  main            d.u.i.k.p.i.AbstractProblemLoader Loading environment from /home/runner/work/key/key/key.core/../key.ui/examples/heap/permissions/threads/BFilter_startTransfer_accessible.key.proof 
253355     DEBUG main            d.u.i.k.p.i.AbstractProblemLoader Environment load took 287.3ns 
253356     INFO  main            d.u.i.k.p.i.AbstractProblemLoader Creating init config 
257457     DEBUG main            d.u.i.k.p.i.AbstractProblemLoader Init config took 4.1s 
257535     INFO  main            d.u.i.k.p.i.AbstractProblemLoader Replaying proof BFilter[ThreadSpec2::startTransfer()].JML accessible clause.0 
258239     DEBUG main            d.u.i.k.p.i.IntermediateProofReplayer Proof replay took 688.24ms 
258240     DEBUG main            d.u.i.k.p.r.p.TestFile    ... success: reloaded. 
258241     INFO  main            d.u.i.k.p.r.p.TestFile    Now processing file /home/runner/work/key/key/key.core/../key.ui/examples/heap/permissions/threads/BFilter_startTransfer_contract.key 
258241     INFO  main            d.u.i.k.p.i.AbstractProblemLoader Loading environment from /home/runner/work/key/key/key.core/../key.ui/examples/heap/permissions/threads/BFilter_startTransfer_contract.key 
258242     DEBUG main            d.u.i.k.p.i.AbstractProblemLoader Environment load took 135.2ns 
258242     INFO  main            d.u.i.k.p.i.AbstractProblemLoader Creating init config 
262439     DEBUG main            d.u.i.k.p.i.AbstractProblemLoader Init config took 4.2s 
262520     INFO  main            d.u.i.k.p.i.AbstractProblemLoader Replaying proof BFilter[ThreadSpec2::startTransfer()].JML model_behavior operation contract.0 
262522     DEBUG main            d.u.i.k.p.i.IntermediateProofReplayer Proof replay took 5.7ns 
263528     INFO  main            d.u.i.k.p.r.p.TestFile    ... finished proof: closed. 
263824     INFO  main            d.u.i.k.p.i.AbstractProblemLoader Loading environment from /home/runner/work/key/key/key.core/../key.ui/examples/heap/permissions/threads/BFilter_startTransfer_contract.key.proof 
263824     DEBUG main            d.u.i.k.p.i.AbstractProblemLoader Environment load took 289.1ns 
263825     INFO  main            d.u.i.k.p.i.AbstractProblemLoader Creating init config 
267919     DEBUG main            d.u.i.k.p.i.AbstractProblemLoader Init config took 4.09s 
268010     INFO  main            d.u.i.k.p.i.AbstractProblemLoader Replaying proof BFilter[ThreadSpec2::startTransfer()].JML model_behavior operation contract.0 
268094     DEBUG main            d.u.i.k.p.i.IntermediateProofReplayer Proof replay took 78.84ms 
268095     DEBUG main            d.u.i.k.p.r.p.TestFile    ... success: reloaded. 
268095     INFO  main            d.u.i.k.p.r.p.TestFile    Now processing file /home/runner/work/key/key/key.core/../key.ui/examples/heap/permissions/threads/BFilter_stateInv_accessible.key 
268096     INFO  main            d.u.i.k.p.i.AbstractProblemLoader Loading environment from /home/runner/work/key/key/key.core/../key.ui/examples/heap/permissions/threads/BFilter_stateInv_accessible.key 
268096     DEBUG main            d.u.i.k.p.i.AbstractProblemLoader Environment load took 69.7ns 
268096     INFO  main            d.u.i.k.p.i.AbstractProblemLoader Creating init config 
272259     DEBUG main            d.u.i.k.p.i.AbstractProblemLoader Init config took 4.16s 
272341     INFO  main            d.u.i.k.p.i.AbstractProblemLoader Replaying proof BFilter[ThreadSpec2::stateInv()].JML accessible clause.0 
272342     DEBUG main            d.u.i.k.p.i.IntermediateProofReplayer Proof replay took 5.7ns 
272644     INFO  main            d.u.i.k.p.r.p.TestFile    ... finished proof: closed. 
272960     INFO  main            d.u.i.k.p.i.AbstractProblemLoader Loading environment from /home/runner/work/key/key/key.core/../key.ui/examples/heap/permissions/threads/BFilter_stateInv_accessible.key.proof 
272960     DEBUG main            d.u.i.k.p.i.AbstractProblemLoader Environment load took 83.5ns 
272960     INFO  main            d.u.i.k.p.i.AbstractProblemLoader Creating init config 
277050     DEBUG main            d.u.i.k.p.i.AbstractProblemLoader Init config took 4.09s 
277142     INFO  main            d.u.i.k.p.i.AbstractProblemLoader Replaying proof BFilter[ThreadSpec2::stateInv()].JML accessible clause.0 
277179     DEBUG main            d.u.i.k.p.i.IntermediateProofReplayer Proof replay took 32.31ms 
277180     DEBUG main            d.u.i.k.p.r.p.TestFile    ... success: reloaded. 
277180     INFO  main            d.u.i.k.p.r.p.TestFile    Now processing file /home/runner/work/key/key/key.core/../key.ui/examples/heap/permissions/threads/BFilter_staticPermissions_accessible.key 
277180     INFO  main            d.u.i.k.p.i.AbstractProblemLoader Loading environment from /home/runner/work/key/key/key.core/../key.ui/examples/heap/permissions/threads/BFilter_staticPermissions_accessible.key 
277181     DEBUG main            d.u.i.k.p.i.AbstractProblemLoader Environment load took 48ns 
277181     INFO  main            d.u.i.k.p.i.AbstractProblemLoader Creating init config 
281346     DEBUG main            d.u.i.k.p.i.AbstractProblemLoader Init config took 4.16s 
281426     INFO  main            d.u.i.k.p.i.AbstractProblemLoader Replaying proof BFilter[ThreadSpec2::staticPermissions()].JML accessible clause.0 
281427     DEBUG main            d.u.i.k.p.i.IntermediateProofReplayer Proof replay took 6.4ns 
281529     INFO  main            d.u.i.k.p.r.p.TestFile    ... finished proof: closed. 
281845     INFO  main            d.u.i.k.p.i.AbstractProblemLoader Loading environment from /home/runner/work/key/key/key.core/../key.ui/examples/heap/permissions/threads/BFilter_staticPermissions_accessible.key.proof 
281845     DEBUG main            d.u.i.k.p.i.AbstractProblemLoader Environment load took 115ns 
281846     INFO  main            d.u.i.k.p.i.AbstractProblemLoader Creating init config 
285941     DEBUG main            d.u.i.k.p.i.AbstractProblemLoader Init config took 4.1s 
286029     INFO  main            d.u.i.k.p.i.AbstractProblemLoader Replaying proof BFilter[ThreadSpec2::staticPermissions()].JML accessible clause.0 
286038     DEBUG main            d.u.i.k.p.i.IntermediateProofReplayer Proof replay took 7.47ms 
286039     DEBUG main            d.u.i.k.p.r.p.TestFile    ... success: reloaded. 
286039     INFO  main            d.u.i.k.p.r.p.TestFile    Now processing file /home/runner/work/key/key/key.core/../key.ui/examples/heap/permissions/threads/BFilter_workingPermissions_accessible.key 
286040     INFO  main            d.u.i.k.p.i.AbstractProblemLoader Loading environment from /home/runner/work/key/key/key.core/../key.ui/examples/heap/permissions/threads/BFilter_workingPermissions_accessible.key 
286040     DEBUG main            d.u.i.k.p.i.AbstractProblemLoader Environment load took 61ns 
286040     INFO  main            d.u.i.k.p.i.AbstractProblemLoader Creating init config 
290201     DEBUG main            d.u.i.k.p.i.AbstractProblemLoader Init config took 4.16s 
290279     INFO  main            d.u.i.k.p.i.AbstractProblemLoader Replaying proof BFilter[ThreadSpec2::workingPermissions()].JML accessible clause.0 
290280     DEBUG main            d.u.i.k.p.i.IntermediateProofReplayer Proof replay took 5.7ns 
290382     INFO  main            d.u.i.k.p.r.p.TestFile    ... finished proof: closed. 
290708     INFO  main            d.u.i.k.p.i.AbstractProblemLoader Loading environment from /home/runner/work/key/key/key.core/../key.ui/examples/heap/permissions/threads/BFilter_workingPermissions_accessible.key.proof 
290708     DEBUG main            d.u.i.k.p.i.AbstractProblemLoader Environment load took 84.6ns 
290709     INFO  main            d.u.i.k.p.i.AbstractProblemLoader Creating init config 
294819     DEBUG main            d.u.i.k.p.i.AbstractProblemLoader Init config took 4.11s 
294898     INFO  main            d.u.i.k.p.i.AbstractProblemLoader Replaying proof BFilter[ThreadSpec2::workingPermissions()].JML accessible clause.0 
294906     DEBUG main            d.u.i.k.p.i.IntermediateProofReplayer Proof replay took 6.56ms 
294906     DEBUG main            d.u.i.k.p.r.p.TestFile    ... success: reloaded. 
294907     INFO  main            d.u.i.k.p.r.p.TestFile    Now processing file /home/runner/work/key/key/key.core/../key.ui/examples/heap/permissions/threads/Fib_Fib.key 
294907     INFO  main            d.u.i.k.p.i.AbstractProblemLoader Loading environment from /home/runner/work/key/key/key.core/../key.ui/examples/heap/permissions/threads/Fib_Fib.key 
294907     DEBUG main            d.u.i.k.p.i.AbstractProblemLoader Environment load took 68.9ns 
294908     INFO  main            d.u.i.k.p.i.AbstractProblemLoader Creating init config 
299094     DEBUG main            d.u.i.k.p.i.AbstractProblemLoader Init config took 4.19s 
299187     INFO  main            d.u.i.k.p.i.AbstractProblemLoader Replaying proof Fib[Fib::Fib(int)].JML normal_behavior operation contract.0 
299188     DEBUG main            d.u.i.k.p.i.IntermediateProofReplayer Proof replay took 6.4ns 
299791     INFO  main            d.u.i.k.p.r.p.TestFile    ... finished proof: closed. 
300154     INFO  main            d.u.i.k.p.i.AbstractProblemLoader Loading environment from /home/runner/work/key/key/key.core/../key.ui/examples/heap/permissions/threads/Fib_Fib.key.proof 
300154     DEBUG main            d.u.i.k.p.i.AbstractProblemLoader Environment load took 92.7ns 
300155     INFO  main            d.u.i.k.p.i.AbstractProblemLoader Creating init config 
304268     DEBUG main            d.u.i.k.p.i.AbstractProblemLoader Init config took 4.11s 
304347     INFO  main            d.u.i.k.p.i.AbstractProblemLoader Replaying proof Fib[Fib::Fib(int)].JML normal_behavior operation contract.0 
304454     DEBUG main            d.u.i.k.p.i.IntermediateProofReplayer Proof replay took 104.82ms 
304455     DEBUG main            d.u.i.k.p.r.p.TestFile    ... success: reloaded. 
304456     INFO  main            d.u.i.k.p.r.p.TestFile    Now processing file /home/runner/work/key/key/key.core/../key.ui/examples/heap/permissions/threads/Fib_initPost_accessible.key 
304456     INFO  main            d.u.i.k.p.i.AbstractProblemLoader Loading environment from /home/runner/work/key/key/key.core/../key.ui/examples/heap/permissions/threads/Fib_initPost_accessible.key 
304456     DEBUG main            d.u.i.k.p.i.AbstractProblemLoader Environment load took 67.5ns 
304457     INFO  main            d.u.i.k.p.i.AbstractProblemLoader Creating init config 
308671     DEBUG main            d.u.i.k.p.i.AbstractProblemLoader Init config took 4.21s 
308749     INFO  main            d.u.i.k.p.i.AbstractProblemLoader Replaying proof Fib[ThreadSpec::initPost()].JML accessible clause.0 
308750     DEBUG main            d.u.i.k.p.i.IntermediateProofReplayer Proof replay took 6.2ns 
308854     INFO  main            d.u.i.k.p.r.p.TestFile    ... finished proof: closed. 
309186     INFO  main            d.u.i.k.p.i.AbstractProblemLoader Loading environment from /home/runner/work/key/key/key.core/../key.ui/examples/heap/permissions/threads/Fib_initPost_accessible.key.proof 
309186     DEBUG main            d.u.i.k.p.i.AbstractProblemLoader Environment load took 78.7ns 
309187     INFO  main            d.u.i.k.p.i.AbstractProblemLoader Creating init config 
313285     DEBUG main            d.u.i.k.p.i.AbstractProblemLoader Init config took 4.1s 
313364     INFO  main            d.u.i.k.p.i.AbstractProblemLoader Replaying proof Fib[ThreadSpec::initPost()].JML accessible clause.0 
313369     DEBUG main            d.u.i.k.p.i.IntermediateProofReplayer Proof replay took 4.12ms 
313370     DEBUG main            d.u.i.k.p.r.p.TestFile    ... success: reloaded. 
313371     INFO  main            d.u.i.k.p.r.p.TestFile    Now processing file /home/runner/work/key/key/key.core/../key.ui/examples/heap/permissions/threads/Fib_inv1_accessible.key 
313371     INFO  main            d.u.i.k.p.i.AbstractProblemLoader Loading environment from /home/runner/work/key/key/key.core/../key.ui/examples/heap/permissions/threads/Fib_inv1_accessible.key 
313371     DEBUG main            d.u.i.k.p.i.AbstractProblemLoader Environment load took 81.2ns 
313372     INFO  main            d.u.i.k.p.i.AbstractProblemLoader Creating init config 
317570     DEBUG main            d.u.i.k.p.i.AbstractProblemLoader Init config took 4.2s 
317651     INFO  main            d.u.i.k.p.i.AbstractProblemLoader Replaying proof Fib[java.lang.Object::<inv>()].JML accessible clause.0 
317652     DEBUG main            d.u.i.k.p.i.IntermediateProofReplayer Proof replay took 6.1ns 
317753     INFO  main            d.u.i.k.p.r.p.TestFile    ... finished proof: closed. 
318094     INFO  main            d.u.i.k.p.i.AbstractProblemLoader Loading environment from /home/runner/work/key/key/key.core/../key.ui/examples/heap/permissions/threads/Fib_inv1_accessible.key.proof 
318094     DEBUG main            d.u.i.k.p.i.AbstractProblemLoader Environment load took 74.9ns 
318094     INFO  main            d.u.i.k.p.i.AbstractProblemLoader Creating init config 
322184     DEBUG main            d.u.i.k.p.i.AbstractProblemLoader Init config took 4.09s 
322261     INFO  main            d.u.i.k.p.i.AbstractProblemLoader Replaying proof Fib[java.lang.Object::<inv>()].JML accessible clause.0 
322264     DEBUG main            d.u.i.k.p.i.IntermediateProofReplayer Proof replay took 1.43ms 
322265     DEBUG main            d.u.i.k.p.r.p.TestFile    ... success: reloaded. 
322265     INFO  main            d.u.i.k.p.r.p.TestFile    Now processing file /home/runner/work/key/key/key.core/../key.ui/examples/heap/permissions/threads/Fib_inv2_accessible.key 
322266     INFO  main            d.u.i.k.p.i.AbstractProblemLoader Loading environment from /home/runner/work/key/key/key.core/../key.ui/examples/heap/permissions/threads/Fib_inv2_accessible.key 
322266     DEBUG main            d.u.i.k.p.i.AbstractProblemLoader Environment load took 64ns 
322266     INFO  main            d.u.i.k.p.i.AbstractProblemLoader Creating init config 
326419     DEBUG main            d.u.i.k.p.i.AbstractProblemLoader Init config took 4.15s 
326510     INFO  main            d.u.i.k.p.i.AbstractProblemLoader Replaying proof Fib[java.lang.Object::<inv>()].JML accessible clause.1 
326511     DEBUG main            d.u.i.k.p.i.IntermediateProofReplayer Proof replay took 6ns 
326612     INFO  main            d.u.i.k.p.r.p.TestFile    ... finished proof: closed. 
326960     INFO  main            d.u.i.k.p.i.AbstractProblemLoader Loading environment from /home/runner/work/key/key/key.core/../key.ui/examples/heap/permissions/threads/Fib_inv2_accessible.key.proof 
326960     DEBUG main            d.u.i.k.p.i.AbstractProblemLoader Environment load took 73.4ns 
326960     INFO  main            d.u.i.k.p.i.AbstractProblemLoader Creating init config 
331051     DEBUG main            d.u.i.k.p.i.AbstractProblemLoader Init config took 4.09s 
331140     INFO  main            d.u.i.k.p.i.AbstractProblemLoader Replaying proof Fib[java.lang.Object::<inv>()].JML accessible clause.1 
331142     DEBUG main            d.u.i.k.p.i.IntermediateProofReplayer Proof replay took 1.44ms 
331143     DEBUG main            d.u.i.k.p.r.p.TestFile    ... success: reloaded. 
331144     INFO  main            d.u.i.k.p.r.p.TestFile    Now processing file /home/runner/work/key/key/key.core/../key.ui/examples/heap/permissions/threads/Fib_joinTransfer_accessible.key 
331144     INFO  main            d.u.i.k.p.i.AbstractProblemLoader Loading environment from /home/runner/work/key/key/key.core/../key.ui/examples/heap/permissions/threads/Fib_joinTransfer_accessible.key 
331144     DEBUG main            d.u.i.k.p.i.AbstractProblemLoader Environment load took 55ns 
331145     INFO  main            d.u.i.k.p.i.AbstractProblemLoader Creating init config 
335299     DEBUG main            d.u.i.k.p.i.AbstractProblemLoader Init config took 4.15s 
335378     INFO  main            d.u.i.k.p.i.AbstractProblemLoader Replaying proof Fib[ThreadSpec::joinTransfer()].JML accessible clause.0 
335379     DEBUG main            d.u.i.k.p.i.IntermediateProofReplayer Proof replay took 6ns 
335582     INFO  main            d.u.i.k.p.r.p.TestFile    ... finished proof: closed. 
335940     INFO  main            d.u.i.k.p.i.AbstractProblemLoader Loading environment from /home/runner/work/key/key/key.core/../key.ui/examples/heap/permissions/threads/Fib_joinTransfer_accessible.key.proof 
335940     DEBUG main            d.u.i.k.p.i.AbstractProblemLoader Environment load took 78ns 
335941     INFO  main            d.u.i.k.p.i.AbstractProblemLoader Creating init config 
340036     DEBUG main            d.u.i.k.p.i.AbstractProblemLoader Init config took 4.1s 
340115     INFO  main            d.u.i.k.p.i.AbstractProblemLoader Replaying proof Fib[ThreadSpec::joinTransfer()].JML accessible clause.0 
340137     DEBUG main            d.u.i.k.p.i.IntermediateProofReplayer Proof replay took 20.09ms 
340137     DEBUG main            d.u.i.k.p.r.p.TestFile    ... success: reloaded. 
340138     INFO  main            d.u.i.k.p.r.p.TestFile    Now processing file /home/runner/work/key/key/key.core/../key.ui/examples/heap/permissions/threads/Fib_joinTransfer_contract.key 
340138     INFO  main            d.u.i.k.p.i.AbstractProblemLoader Loading environment from /home/runner/work/key/key/key.core/../key.ui/examples/heap/permissions/threads/Fib_joinTransfer_contract.key 
340138     DEBUG main            d.u.i.k.p.i.AbstractProblemLoader Environment load took 49.2ns 
340139     INFO  main            d.u.i.k.p.i.AbstractProblemLoader Creating init config 
344287     DEBUG main            d.u.i.k.p.i.AbstractProblemLoader Init config took 4.15s 
344378     INFO  main            d.u.i.k.p.i.AbstractProblemLoader Replaying proof Fib[ThreadSpec::joinTransfer()].JML model_behavior operation contract.0 
344379     DEBUG main            d.u.i.k.p.i.IntermediateProofReplayer Proof replay took 5.5ns 
344480     INFO  main            d.u.i.k.p.r.p.TestFile    ... finished proof: closed. 
344833     INFO  main            d.u.i.k.p.i.AbstractProblemLoader Loading environment from /home/runner/work/key/key/key.core/../key.ui/examples/heap/permissions/threads/Fib_joinTransfer_contract.key.proof 
344833     DEBUG main            d.u.i.k.p.i.AbstractProblemLoader Environment load took 91.5ns 
344834     INFO  main            d.u.i.k.p.i.AbstractProblemLoader Creating init config 
348930     DEBUG main            d.u.i.k.p.i.AbstractProblemLoader Init config took 4.1s 
349009     INFO  main            d.u.i.k.p.i.AbstractProblemLoader Replaying proof Fib[ThreadSpec::joinTransfer()].JML model_behavior operation contract.0 
349016     DEBUG main            d.u.i.k.p.i.IntermediateProofReplayer Proof replay took 5.81ms 
349016     DEBUG main            d.u.i.k.p.r.p.TestFile    ... success: reloaded. 
349017     INFO  main            d.u.i.k.p.r.p.TestFile    Now processing file /home/runner/work/key/key/key.core/../key.ui/examples/heap/permissions/threads/Fib_postJoin_accessible.key 
349017     INFO  main            d.u.i.k.p.i.AbstractProblemLoader Loading environment from /home/runner/work/key/key/key.core/../key.ui/examples/heap/permissions/threads/Fib_postJoin_accessible.key 
349017     DEBUG main            d.u.i.k.p.i.AbstractProblemLoader Environment load took 43.4ns 
349018     INFO  main            d.u.i.k.p.i.AbstractProblemLoader Creating init config 
353180     DEBUG main            d.u.i.k.p.i.AbstractProblemLoader Init config took 4.16s 
353257     INFO  main            d.u.i.k.p.i.AbstractProblemLoader Replaying proof Fib[ThreadSpec::postJoin(java.lang.Object)].JML accessible clause.0 
353259     DEBUG main            d.u.i.k.p.i.IntermediateProofReplayer Proof replay took 5.6ns 
353360     INFO  main            d.u.i.k.p.r.p.TestFile    ... finished proof: closed. 
353718     INFO  main            d.u.i.k.p.i.AbstractProblemLoader Loading environment from /home/runner/work/key/key/key.core/../key.ui/examples/heap/permissions/threads/Fib_postJoin_accessible.key.proof 
353718     DEBUG main            d.u.i.k.p.i.AbstractProblemLoader Environment load took 75.6ns 
353719     INFO  main            d.u.i.k.p.i.AbstractProblemLoader Creating init config 
357817     DEBUG main            d.u.i.k.p.i.AbstractProblemLoader Init config took 4.1s 
357894     INFO  main            d.u.i.k.p.i.AbstractProblemLoader Replaying proof Fib[ThreadSpec::postJoin(java.lang.Object)].JML accessible clause.0 
357900     DEBUG main            d.u.i.k.p.i.IntermediateProofReplayer Proof replay took 4.39ms 
357901     DEBUG main            d.u.i.k.p.r.p.TestFile    ... success: reloaded. 
357901     INFO  main            d.u.i.k.p.r.p.TestFile    Now processing file /home/runner/work/key/key/key.core/../key.ui/examples/heap/permissions/threads/Fib_preStart_accessible.key 
357902     INFO  main            d.u.i.k.p.i.AbstractProblemLoader Loading environment from /home/runner/work/key/key/key.core/../key.ui/examples/heap/permissions/threads/Fib_preStart_accessible.key 
357902     DEBUG main            d.u.i.k.p.i.AbstractProblemLoader Environment load took 81.3ns 
357902     INFO  main            d.u.i.k.p.i.AbstractProblemLoader Creating init config 
362073     DEBUG main            d.u.i.k.p.i.AbstractProblemLoader Init config took 4.17s 
362150     INFO  main            d.u.i.k.p.i.AbstractProblemLoader Replaying proof Fib[ThreadSpec::preStart(java.lang.Object)].JML accessible clause.0 
362151     DEBUG main            d.u.i.k.p.i.IntermediateProofReplayer Proof replay took 6.3ns 
362252     INFO  main            d.u.i.k.p.r.p.TestFile    ... finished proof: closed. 
362618     INFO  main            d.u.i.k.p.i.AbstractProblemLoader Loading environment from /home/runner/work/key/key/key.core/../key.ui/examples/heap/permissions/threads/Fib_preStart_accessible.key.proof 
362618     DEBUG main            d.u.i.k.p.i.AbstractProblemLoader Environment load took 77.3ns 
362619     INFO  main            d.u.i.k.p.i.AbstractProblemLoader Creating init config 
366724     DEBUG main            d.u.i.k.p.i.AbstractProblemLoader Init config took 4.1s 
366801     INFO  main            d.u.i.k.p.i.AbstractProblemLoader Replaying proof Fib[ThreadSpec::preStart(java.lang.Object)].JML accessible clause.0 
366806     DEBUG main            d.u.i.k.p.i.IntermediateProofReplayer Proof replay took 4.39ms 
366807     DEBUG main            d.u.i.k.p.r.p.TestFile    ... success: reloaded. 
366808     INFO  main            d.u.i.k.p.r.p.TestFile    Now processing file /home/runner/work/key/key/key.core/../key.ui/examples/heap/permissions/threads/Fib_startTransfer_accessible.key 
366808     INFO  main            d.u.i.k.p.i.AbstractProblemLoader Loading environment from /home/runner/work/key/key/key.core/../key.ui/examples/heap/permissions/threads/Fib_startTransfer_accessible.key 
366808     DEBUG main            d.u.i.k.p.i.AbstractProblemLoader Environment load took 81ns 
366809     INFO  main            d.u.i.k.p.i.AbstractProblemLoader Creating init config 
370965     DEBUG main            d.u.i.k.p.i.AbstractProblemLoader Init config took 4.16s 
371055     INFO  main            d.u.i.k.p.i.AbstractProblemLoader Replaying proof Fib[ThreadSpec::startTransfer()].JML accessible clause.0 
371056     DEBUG main            d.u.i.k.p.i.IntermediateProofReplayer Proof replay took 6ns 
371258     INFO  main            d.u.i.k.p.r.p.TestFile    ... finished proof: closed. 
371651     INFO  main            d.u.i.k.p.i.AbstractProblemLoader Loading environment from /home/runner/work/key/key/key.core/../key.ui/examples/heap/permissions/threads/Fib_startTransfer_accessible.key.proof 
371651     DEBUG main            d.u.i.k.p.i.AbstractProblemLoader Environment load took 79.7ns 
371652     INFO  main            d.u.i.k.p.i.AbstractProblemLoader Creating init config 
375770     DEBUG main            d.u.i.k.p.i.AbstractProblemLoader Init config took 4.12s 
375860     INFO  main            d.u.i.k.p.i.AbstractProblemLoader Replaying proof Fib[ThreadSpec::startTransfer()].JML accessible clause.0 
375891     DEBUG main            d.u.i.k.p.i.IntermediateProofReplayer Proof replay took 29.83ms 
375892     DEBUG main            d.u.i.k.p.r.p.TestFile    ... success: reloaded. 
375893     INFO  main            d.u.i.k.p.r.p.TestFile    Now processing file /home/runner/work/key/key/key.core/../key.ui/examples/heap/permissions/threads/Fib_startTransfer_contract.key 
375893     INFO  main            d.u.i.k.p.i.AbstractProblemLoader Loading environment from /home/runner/work/key/key/key.core/../key.ui/examples/heap/permissions/threads/Fib_startTransfer_contract.key 
375893     DEBUG main            d.u.i.k.p.i.AbstractProblemLoader Environment load took 45.6ns 
375894     INFO  main            d.u.i.k.p.i.AbstractProblemLoader Creating init config 
380053     DEBUG main            d.u.i.k.p.i.AbstractProblemLoader Init config took 4.16s 
380131     INFO  main            d.u.i.k.p.i.AbstractProblemLoader Replaying proof Fib[ThreadSpec::startTransfer()].JML model_behavior operation contract.0 
380132     DEBUG main            d.u.i.k.p.i.IntermediateProofReplayer Proof replay took 6.9ns 
380234     INFO  main            d.u.i.k.p.r.p.TestFile    ... finished proof: closed. 
380622     INFO  main            d.u.i.k.p.i.AbstractProblemLoader Loading environment from /home/runner/work/key/key/key.core/../key.ui/examples/heap/permissions/threads/Fib_startTransfer_contract.key.proof 
380622     DEBUG main            d.u.i.k.p.i.AbstractProblemLoader Environment load took 93.8ns 
380623     INFO  main            d.u.i.k.p.i.AbstractProblemLoader Creating init config 
384722     DEBUG main            d.u.i.k.p.i.AbstractProblemLoader Init config took 4.1s 
384811     INFO  main            d.u.i.k.p.i.AbstractProblemLoader Replaying proof Fib[ThreadSpec::startTransfer()].JML model_behavior operation contract.0 
384818     DEBUG main            d.u.i.k.p.i.IntermediateProofReplayer Proof replay took 5.95ms 
384819     DEBUG main            d.u.i.k.p.r.p.TestFile    ... success: reloaded. 
384819     INFO  main            d.u.i.k.p.r.p.TestFile    Now processing file /home/runner/work/key/key/key.core/../key.ui/examples/heap/permissions/threads/Fib_workingPermissions_accessible.key 
384820     INFO  main            d.u.i.k.p.i.AbstractProblemLoader Loading environment from /home/runner/work/key/key/key.core/../key.ui/examples/heap/permissions/threads/Fib_workingPermissions_accessible.key 
384820     DEBUG main            d.u.i.k.p.i.AbstractProblemLoader Environment load took 174ns 
384821     INFO  main            d.u.i.k.p.i.AbstractProblemLoader Creating init config 
388976     DEBUG main            d.u.i.k.p.i.AbstractProblemLoader Init config took 4.16s 
389066     INFO  main            d.u.i.k.p.i.AbstractProblemLoader Replaying proof Fib[ThreadSpec::workingPermissions()].JML accessible clause.0 
389068     DEBUG main            d.u.i.k.p.i.IntermediateProofReplayer Proof replay took 6ns 
389169     INFO  main            d.u.i.k.p.r.p.TestFile    ... finished proof: closed. 
389554     INFO  main            d.u.i.k.p.i.AbstractProblemLoader Loading environment from /home/runner/work/key/key/key.core/../key.ui/examples/heap/permissions/threads/Fib_workingPermissions_accessible.key.proof 
389554     DEBUG main            d.u.i.k.p.i.AbstractProblemLoader Environment load took 146.7ns 
389555     INFO  main            d.u.i.k.p.i.AbstractProblemLoader Creating init config 
393654     DEBUG main            d.u.i.k.p.i.AbstractProblemLoader Init config took 4.1s 
393731     INFO  main            d.u.i.k.p.i.AbstractProblemLoader Replaying proof Fib[ThreadSpec::workingPermissions()].JML accessible clause.0 
393734     DEBUG main            d.u.i.k.p.i.IntermediateProofReplayer Proof replay took 1.82ms 
393734     DEBUG main            d.u.i.k.p.r.p.TestFile    ... success: reloaded. 
393735     INFO  main            d.u.i.k.p.r.p.TestFile    Now processing file /home/runner/work/key/key/key.core/../key.ui/examples/heap/permissions/threads/Plotter_initPost_accessible.key 
393735     INFO  main            d.u.i.k.p.i.AbstractProblemLoader Loading environment from /home/runner/work/key/key/key.core/../key.ui/examples/heap/permissions/threads/Plotter_initPost_accessible.key 
393735     DEBUG main            d.u.i.k.p.i.AbstractProblemLoader Environment load took 38.7ns 
393736     INFO  main            d.u.i.k.p.i.AbstractProblemLoader Creating init config 
397899     DEBUG main            d.u.i.k.p.i.AbstractProblemLoader Init config took 4.16s 
397977     INFO  main            d.u.i.k.p.i.AbstractProblemLoader Replaying proof Plotter[ThreadSpec2::initPost()].JML accessible clause.0 
397978     DEBUG main            d.u.i.k.p.i.IntermediateProofReplayer Proof replay took 6ns 
398079     INFO  main            d.u.i.k.p.r.p.TestFile    ... finished proof: closed. 
398474     INFO  main            d.u.i.k.p.i.AbstractProblemLoader Loading environment from /home/runner/work/key/key/key.core/../key.ui/examples/heap/permissions/threads/Plotter_initPost_accessible.key.proof 
398474     DEBUG main            d.u.i.k.p.i.AbstractProblemLoader Environment load took 67ns 
398475     INFO  main            d.u.i.k.p.i.AbstractProblemLoader Creating init config 
402565     DEBUG main            d.u.i.k.p.i.AbstractProblemLoader Init config took 4.09s 
402642     INFO  main            d.u.i.k.p.i.AbstractProblemLoader Replaying proof Plotter[ThreadSpec2::initPost()].JML accessible clause.0 
402655     DEBUG main            d.u.i.k.p.i.IntermediateProofReplayer Proof replay took 11.19ms 
402656     DEBUG main            d.u.i.k.p.r.p.TestFile    ... success: reloaded. 
402656     INFO  main            d.u.i.k.p.r.p.TestFile    Now processing file /home/runner/work/key/key/key.core/../key.ui/examples/heap/permissions/threads/Plotter_inv_accessible1.key 
402656     INFO  main            d.u.i.k.p.i.AbstractProblemLoader Loading environment from /home/runner/work/key/key/key.core/../key.ui/examples/heap/permissions/threads/Plotter_inv_accessible1.key 
402656     DEBUG main            d.u.i.k.p.i.AbstractProblemLoader Environment load took 37.6ns 
402657     INFO  main            d.u.i.k.p.i.AbstractProblemLoader Creating init config 
406953     DEBUG main            d.u.i.k.p.i.AbstractProblemLoader Init config took 4.3s 
407052     INFO  main            d.u.i.k.p.i.AbstractProblemLoader Replaying proof Plotter[java.lang.Object::<inv>()].JML accessible clause.0 
407054     DEBUG main            d.u.i.k.p.i.IntermediateProofReplayer Proof replay took 6.8ns 
407156     INFO  main            d.u.i.k.p.r.p.TestFile    ... finished proof: closed. 
407552     INFO  main            d.u.i.k.p.i.AbstractProblemLoader Loading environment from /home/runner/work/key/key/key.core/../key.ui/examples/heap/permissions/threads/Plotter_inv_accessible1.key.proof 
407552     DEBUG main            d.u.i.k.p.i.AbstractProblemLoader Environment load took 78ns 
407553     INFO  main            d.u.i.k.p.i.AbstractProblemLoader Creating init config 
411690     DEBUG main            d.u.i.k.p.i.AbstractProblemLoader Init config took 4.14s 
411767     INFO  main            d.u.i.k.p.i.AbstractProblemLoader Replaying proof Plotter[java.lang.Object::<inv>()].JML accessible clause.0 
411770     DEBUG main            d.u.i.k.p.i.IntermediateProofReplayer Proof replay took 1.48ms 
411770     DEBUG main            d.u.i.k.p.r.p.TestFile    ... success: reloaded. 
411771     INFO  main            d.u.i.k.p.r.p.TestFile    Now processing file /home/runner/work/key/key/key.core/../key.ui/examples/heap/permissions/threads/Plotter_inv_accessible2.key 
411771     INFO  main            d.u.i.k.p.i.AbstractProblemLoader Loading environment from /home/runner/work/key/key/key.core/../key.ui/examples/heap/permissions/threads/Plotter_inv_accessible2.key 
411771     DEBUG main            d.u.i.k.p.i.AbstractProblemLoader Environment load took 37.5ns 
411772     INFO  main            d.u.i.k.p.i.AbstractProblemLoader Creating init config 
415877     DEBUG main            d.u.i.k.p.i.AbstractProblemLoader Init config took 4.1s 
415969     INFO  main            d.u.i.k.p.i.AbstractProblemLoader Replaying proof Plotter[java.lang.Object::<inv>()].JML accessible clause.1 
415971     DEBUG main            d.u.i.k.p.i.IntermediateProofReplayer Proof replay took 6.8ns 
416072     INFO  main            d.u.i.k.p.r.p.TestFile    ... finished proof: closed. 
416468     INFO  main            d.u.i.k.p.i.AbstractProblemLoader Loading environment from /home/runner/work/key/key/key.core/../key.ui/examples/heap/permissions/threads/Plotter_inv_accessible2.key.proof 
416468     DEBUG main            d.u.i.k.p.i.AbstractProblemLoader Environment load took 64.7ns 
416468     INFO  main            d.u.i.k.p.i.AbstractProblemLoader Creating init config 
420516     DEBUG main            d.u.i.k.p.i.AbstractProblemLoader Init config took 4.05s 
420593     INFO  main            d.u.i.k.p.i.AbstractProblemLoader Replaying proof Plotter[java.lang.Object::<inv>()].JML accessible clause.1 
420595     DEBUG main            d.u.i.k.p.i.IntermediateProofReplayer Proof replay took 1.39ms 
420596     DEBUG main            d.u.i.k.p.r.p.TestFile    ... success: reloaded. 
420596     INFO  main            d.u.i.k.p.r.p.TestFile    Now processing file /home/runner/work/key/key/key.core/../key.ui/examples/heap/permissions/threads/Plotter_joinTransfer_contract.key 
420597     INFO  main            d.u.i.k.p.i.AbstractProblemLoader Loading environment from /home/runner/work/key/key/key.core/../key.ui/examples/heap/permissions/threads/Plotter_joinTransfer_contract.key 
420597     DEBUG main            d.u.i.k.p.i.AbstractProblemLoader Environment load took 36.3ns 
420597     INFO  main            d.u.i.k.p.i.AbstractProblemLoader Creating init config 
424717     DEBUG main            d.u.i.k.p.i.AbstractProblemLoader Init config took 4.12s 
424796     INFO  main            d.u.i.k.p.i.AbstractProblemLoader Replaying proof Plotter[ThreadSpec2::joinTransfer()].JML model_behavior operation contract.0 
424797     DEBUG main            d.u.i.k.p.i.IntermediateProofReplayer Proof replay took 7ns 
424898     INFO  main            d.u.i.k.p.r.p.TestFile    ... finished proof: closed. 
425298     INFO  main            d.u.i.k.p.i.AbstractProblemLoader Loading environment from /home/runner/work/key/key/key.core/../key.ui/examples/heap/permissions/threads/Plotter_joinTransfer_contract.key.proof 
425298     DEBUG main            d.u.i.k.p.i.AbstractProblemLoader Environment load took 63.2ns 
425299     INFO  main            d.u.i.k.p.i.AbstractProblemLoader Creating init config 
429344     DEBUG main            d.u.i.k.p.i.AbstractProblemLoader Init config took 4.05s 
429423     INFO  main            d.u.i.k.p.i.AbstractProblemLoader Replaying proof Plotter[ThreadSpec2::joinTransfer()].JML model_behavior operation contract.0 
429430     DEBUG main            d.u.i.k.p.i.IntermediateProofReplayer Proof replay took 6.7ms 
429431     DEBUG main            d.u.i.k.p.r.p.TestFile    ... success: reloaded. 
429432     INFO  main            d.u.i.k.p.r.p.TestFile    Now processing file /home/runner/work/key/key/key.core/../key.ui/examples/heap/permissions/threads/Plotter_Plotter.key 
429432     INFO  main            d.u.i.k.p.i.AbstractProblemLoader Loading environment from /home/runner/work/key/key/key.core/../key.ui/examples/heap/permissions/threads/Plotter_Plotter.key 
429432     DEBUG main            d.u.i.k.p.i.AbstractProblemLoader Environment load took 39.5ns 
429433     INFO  main            d.u.i.k.p.i.AbstractProblemLoader Creating init config 
433547     DEBUG main            d.u.i.k.p.i.AbstractProblemLoader Init config took 4.11s 
433645     INFO  main            d.u.i.k.p.i.AbstractProblemLoader Replaying proof Plotter[Plotter::Plotter(AFilter,BFilter,Buffer)].JML normal_behavior operation contract.0 
433646     DEBUG main            d.u.i.k.p.i.IntermediateProofReplayer Proof replay took 6ns 
435351     INFO  main            d.u.i.k.p.r.p.TestFile    ... finished proof: closed. 
435777     INFO  main            d.u.i.k.p.i.AbstractProblemLoader Loading environment from /home/runner/work/key/key/key.core/../key.ui/examples/heap/permissions/threads/Plotter_Plotter.key.proof 
435777     DEBUG main            d.u.i.k.p.i.AbstractProblemLoader Environment load took 264.3ns 
435778     INFO  main            d.u.i.k.p.i.AbstractProblemLoader Creating init config 
439833     DEBUG main            d.u.i.k.p.i.AbstractProblemLoader Init config took 4.05s 
439910     INFO  main            d.u.i.k.p.i.AbstractProblemLoader Replaying proof Plotter[Plotter::Plotter(AFilter,BFilter,Buffer)].JML normal_behavior operation contract.0 
440127     DEBUG main            d.u.i.k.p.i.IntermediateProofReplayer Proof replay took 211.97ms 
440128     DEBUG main            d.u.i.k.p.r.p.TestFile    ... success: reloaded. 
440128     INFO  main            d.u.i.k.p.r.p.TestFile    Now processing file /home/runner/work/key/key/key.core/../key.ui/examples/heap/permissions/threads/Plotter_postJoin_accessible.key 
440128     INFO  main            d.u.i.k.p.i.AbstractProblemLoader Loading environment from /home/runner/work/key/key/key.core/../key.ui/examples/heap/permissions/threads/Plotter_postJoin_accessible.key 
440128     DEBUG main            d.u.i.k.p.i.AbstractProblemLoader Environment load took 36.9ns 
440129     INFO  main            d.u.i.k.p.i.AbstractProblemLoader Creating init config 
444263     DEBUG main            d.u.i.k.p.i.AbstractProblemLoader Init config took 4.13s 
444360     INFO  main            d.u.i.k.p.i.AbstractProblemLoader Replaying proof Plotter[ThreadSpec2::postJoin(java.lang.Object)].JML accessible clause.0 
444361     DEBUG main            d.u.i.k.p.i.IntermediateProofReplayer Proof replay took 6.5ns 
444462     INFO  main            d.u.i.k.p.r.p.TestFile    ... finished proof: closed. 
444889     INFO  main            d.u.i.k.p.i.AbstractProblemLoader Loading environment from /home/runner/work/key/key/key.core/../key.ui/examples/heap/permissions/threads/Plotter_postJoin_accessible.key.proof 
444889     DEBUG main            d.u.i.k.p.i.AbstractProblemLoader Environment load took 64.9ns 
444890     INFO  main            d.u.i.k.p.i.AbstractProblemLoader Creating init config 
448946     DEBUG main            d.u.i.k.p.i.AbstractProblemLoader Init config took 4.06s 
449023     INFO  main            d.u.i.k.p.i.AbstractProblemLoader Replaying proof Plotter[ThreadSpec2::postJoin(java.lang.Object)].JML accessible clause.0 
449035     DEBUG main            d.u.i.k.p.i.IntermediateProofReplayer Proof replay took 10.1ms 
449035     DEBUG main            d.u.i.k.p.r.p.TestFile    ... success: reloaded. 
449036     INFO  main            d.u.i.k.p.r.p.TestFile    Now processing file /home/runner/work/key/key/key.core/../key.ui/examples/heap/permissions/threads/Plotter_preStart_accessible.key 
449036     INFO  main            d.u.i.k.p.i.AbstractProblemLoader Loading environment from /home/runner/work/key/key/key.core/../key.ui/examples/heap/permissions/threads/Plotter_preStart_accessible.key 
449036     DEBUG main            d.u.i.k.p.i.AbstractProblemLoader Environment load took 77.7ns 
449037     INFO  main            d.u.i.k.p.i.AbstractProblemLoader Creating init config 
453167     DEBUG main            d.u.i.k.p.i.AbstractProblemLoader Init config took 4.13s 
453244     INFO  main            d.u.i.k.p.i.AbstractProblemLoader Replaying proof Plotter[ThreadSpec2::preStart(java.lang.Object)].JML accessible clause.0 
453245     DEBUG main            d.u.i.k.p.i.IntermediateProofReplayer Proof replay took 7.4ns 
454248     INFO  main            d.u.i.k.p.r.p.TestFile    ... finished proof: closed. 
454679     INFO  main            d.u.i.k.p.i.AbstractProblemLoader Loading environment from /home/runner/work/key/key/key.core/../key.ui/examples/heap/permissions/threads/Plotter_preStart_accessible.key.proof 
454679     DEBUG main            d.u.i.k.p.i.AbstractProblemLoader Environment load took 64.3ns 
454679     INFO  main            d.u.i.k.p.i.AbstractProblemLoader Creating init config 
458725     DEBUG main            d.u.i.k.p.i.AbstractProblemLoader Init config took 4.05s 
458802     INFO  main            d.u.i.k.p.i.AbstractProblemLoader Replaying proof Plotter[ThreadSpec2::preStart(java.lang.Object)].JML accessible clause.0 
458875     DEBUG main            d.u.i.k.p.i.IntermediateProofReplayer Proof replay took 70.72ms 
458876     DEBUG main            d.u.i.k.p.r.p.TestFile    ... success: reloaded. 
458877     INFO  main            d.u.i.k.p.r.p.TestFile    Now processing file /home/runner/work/key/key/key.core/../key.ui/examples/heap/permissions/threads/Plotter_stateInv_accessible.key 
458877     INFO  main            d.u.i.k.p.i.AbstractProblemLoader Loading environment from /home/runner/work/key/key/key.core/../key.ui/examples/heap/permissions/threads/Plotter_stateInv_accessible.key 
458877     DEBUG main            d.u.i.k.p.i.AbstractProblemLoader Environment load took 61.5ns 
458878     INFO  main            d.u.i.k.p.i.AbstractProblemLoader Creating init config 
462995     DEBUG main            d.u.i.k.p.i.AbstractProblemLoader Init config took 4.12s 
463093     INFO  main            d.u.i.k.p.i.AbstractProblemLoader Replaying proof Plotter[ThreadSpec2::stateInv()].JML accessible clause.0 
463094     DEBUG main            d.u.i.k.p.i.IntermediateProofReplayer Proof replay took 6.2ns 
470351     INFO  main            d.u.i.k.p.r.p.TestFile    ... finished proof: closed. 
470828     INFO  main            d.u.i.k.p.i.AbstractProblemLoader Loading environment from /home/runner/work/key/key/key.core/../key.ui/examples/heap/permissions/threads/Plotter_stateInv_accessible.key.proof 
470829     DEBUG main            d.u.i.k.p.i.AbstractProblemLoader Environment load took 264.4ns 
470830     INFO  main            d.u.i.k.p.i.AbstractProblemLoader Creating init config 
474881     DEBUG main            d.u.i.k.p.i.AbstractProblemLoader Init config took 4.05s 
474957     INFO  main            d.u.i.k.p.i.AbstractProblemLoader Replaying proof Plotter[ThreadSpec2::stateInv()].JML accessible clause.0 
475515     DEBUG main            d.u.i.k.p.i.IntermediateProofReplayer Proof replay took 545.6ms 
475516     DEBUG main            d.u.i.k.p.r.p.TestFile    ... success: reloaded. 
475517     INFO  main            d.u.i.k.p.r.p.TestFile    Now processing file /home/runner/work/key/key/key.core/../key.ui/examples/heap/permissions/threads/Plotter_staticPermissions_accessible.key 
475517     INFO  main            d.u.i.k.p.i.AbstractProblemLoader Loading environment from /home/runner/work/key/key/key.core/../key.ui/examples/heap/permissions/threads/Plotter_staticPermissions_accessible.key 
475517     DEBUG main            d.u.i.k.p.i.AbstractProblemLoader Environment load took 40.8ns 
475518     INFO  main            d.u.i.k.p.i.AbstractProblemLoader Creating init config 
479685     DEBUG main            d.u.i.k.p.i.AbstractProblemLoader Init config took 4.17s 
479762     INFO  main            d.u.i.k.p.i.AbstractProblemLoader Replaying proof Plotter[ThreadSpec2::staticPermissions()].JML accessible clause.0 
479763     DEBUG main            d.u.i.k.p.i.IntermediateProofReplayer Proof replay took 42.2ns 
480465     INFO  main            d.u.i.k.p.r.p.TestFile    ... finished proof: closed. 
480936     INFO  main            d.u.i.k.p.i.AbstractProblemLoader Loading environment from /home/runner/work/key/key/key.core/../key.ui/examples/heap/permissions/threads/Plotter_staticPermissions_accessible.key.proof 
480936     DEBUG main            d.u.i.k.p.i.AbstractProblemLoader Environment load took 63.3ns 
480937     INFO  main            d.u.i.k.p.i.AbstractProblemLoader Creating init config 
485009     DEBUG main            d.u.i.k.p.i.AbstractProblemLoader Init config took 4.07s 
485085     INFO  main            d.u.i.k.p.i.AbstractProblemLoader Replaying proof Plotter[ThreadSpec2::staticPermissions()].JML accessible clause.0 
485139     DEBUG main            d.u.i.k.p.i.IntermediateProofReplayer Proof replay took 51.5ms 
485140     DEBUG main            d.u.i.k.p.r.p.TestFile    ... success: reloaded. 
485141     INFO  main            d.u.i.k.p.r.p.TestFile    Now processing file /home/runner/work/key/key/key.core/../key.ui/examples/heap/permissions/threads/Plotter_workingPermissions_accessible.key 
485141     INFO  main            d.u.i.k.p.i.AbstractProblemLoader Loading environment from /home/runner/work/key/key/key.core/../key.ui/examples/heap/permissions/threads/Plotter_workingPermissions_accessible.key 
485141     DEBUG main            d.u.i.k.p.i.AbstractProblemLoader Environment load took 57.4ns 
485142     INFO  main            d.u.i.k.p.i.AbstractProblemLoader Creating init config 
489267     DEBUG main            d.u.i.k.p.i.AbstractProblemLoader Init config took 4.13s 
489344     INFO  main            d.u.i.k.p.i.AbstractProblemLoader Replaying proof Plotter[ThreadSpec2::workingPermissions()].JML accessible clause.0 
489345     DEBUG main            d.u.i.k.p.i.IntermediateProofReplayer Proof replay took 2.7ns 
489546     INFO  main            d.u.i.k.p.r.p.TestFile    ... finished proof: closed. 
489993     INFO  main            d.u.i.k.p.i.AbstractProblemLoader Loading environment from /home/runner/work/key/key/key.core/../key.ui/examples/heap/permissions/threads/Plotter_workingPermissions_accessible.key.proof 
489993     DEBUG main            d.u.i.k.p.i.AbstractProblemLoader Environment load took 64.7ns 
489994     INFO  main            d.u.i.k.p.i.AbstractProblemLoader Creating init config 
494055     DEBUG main            d.u.i.k.p.i.AbstractProblemLoader Init config took 4.06s 
494132     INFO  main            d.u.i.k.p.i.AbstractProblemLoader Replaying proof Plotter[ThreadSpec2::workingPermissions()].JML accessible clause.0 
494146     DEBUG main            d.u.i.k.p.i.IntermediateProofReplayer Proof replay took 12.87ms 
494147     DEBUG main            d.u.i.k.p.r.p.TestFile    ... success: reloaded. 
494148     INFO  main            d.u.i.k.p.r.p.TestFile    Now processing file /home/runner/work/key/key/key.core/../key.ui/examples/heap/permissions/threads/Sampler_initPost_accessible.key 
494148     INFO  main            d.u.i.k.p.i.AbstractProblemLoader Loading environment from /home/runner/work/key/key/key.core/../key.ui/examples/heap/permissions/threads/Sampler_initPost_accessible.key 
494148     DEBUG main            d.u.i.k.p.i.AbstractProblemLoader Environment load took 37ns 
494149     INFO  main            d.u.i.k.p.i.AbstractProblemLoader Creating init config 
498274     DEBUG main            d.u.i.k.p.i.AbstractProblemLoader Init config took 4.13s 
498352     INFO  main            d.u.i.k.p.i.AbstractProblemLoader Replaying proof Sampler[ThreadSpec2::initPost()].JML accessible clause.0 
498353     DEBUG main            d.u.i.k.p.i.IntermediateProofReplayer Proof replay took 2.3ns 
498455     INFO  main            d.u.i.k.p.r.p.TestFile    ... finished proof: closed. 
498917     INFO  main            d.u.i.k.p.i.AbstractProblemLoader Loading environment from /home/runner/work/key/key/key.core/../key.ui/examples/heap/permissions/threads/Sampler_initPost_accessible.key.proof 
498917     DEBUG main            d.u.i.k.p.i.AbstractProblemLoader Environment load took 62.1ns 
498918     INFO  main            d.u.i.k.p.i.AbstractProblemLoader Creating init config 
502972     DEBUG main            d.u.i.k.p.i.AbstractProblemLoader Init config took 4.05s 
503048     INFO  main            d.u.i.k.p.i.AbstractProblemLoader Replaying proof Sampler[ThreadSpec2::initPost()].JML accessible clause.0 
503054     DEBUG main            d.u.i.k.p.i.IntermediateProofReplayer Proof replay took 4.53ms 
503055     DEBUG main            d.u.i.k.p.r.p.TestFile    ... success: reloaded. 
503055     INFO  main            d.u.i.k.p.r.p.TestFile    Now processing file /home/runner/work/key/key/key.core/../key.ui/examples/heap/permissions/threads/Sampler_inv_accessible1.key 
503055     INFO  main            d.u.i.k.p.i.AbstractProblemLoader Loading environment from /home/runner/work/key/key/key.core/../key.ui/examples/heap/permissions/threads/Sampler_inv_accessible1.key 
503055     DEBUG main            d.u.i.k.p.i.AbstractProblemLoader Environment load took 38.1ns 
503056     INFO  main            d.u.i.k.p.i.AbstractProblemLoader Creating init config 
507187     DEBUG main            d.u.i.k.p.i.AbstractProblemLoader Init config took 4.13s 
507264     INFO  main            d.u.i.k.p.i.AbstractProblemLoader Replaying proof Sampler[java.lang.Object::<inv>()].JML accessible clause.0 
507265     DEBUG main            d.u.i.k.p.i.IntermediateProofReplayer Proof replay took 2.2ns 
507366     INFO  main            d.u.i.k.p.r.p.TestFile    ... finished proof: closed. 
507825     INFO  main            d.u.i.k.p.i.AbstractProblemLoader Loading environment from /home/runner/work/key/key/key.core/../key.ui/examples/heap/permissions/threads/Sampler_inv_accessible1.key.proof 
507825     DEBUG main            d.u.i.k.p.i.AbstractProblemLoader Environment load took 62.3ns 
507826     INFO  main            d.u.i.k.p.i.AbstractProblemLoader Creating init config 
511882     DEBUG main            d.u.i.k.p.i.AbstractProblemLoader Init config took 4.06s 
511958     INFO  main            d.u.i.k.p.i.AbstractProblemLoader Replaying proof Sampler[java.lang.Object::<inv>()].JML accessible clause.0 
511961     DEBUG main            d.u.i.k.p.i.IntermediateProofReplayer Proof replay took 1.39ms 
511961     DEBUG main            d.u.i.k.p.r.p.TestFile    ... success: reloaded. 
511962     INFO  main            d.u.i.k.p.r.p.TestFile    Now processing file /home/runner/work/key/key/key.core/../key.ui/examples/heap/permissions/threads/Sampler_inv_accessible2.key 
511962     INFO  main            d.u.i.k.p.i.AbstractProblemLoader Loading environment from /home/runner/work/key/key/key.core/../key.ui/examples/heap/permissions/threads/Sampler_inv_accessible2.key 
511962     DEBUG main            d.u.i.k.p.i.AbstractProblemLoader Environment load took 36.5ns 
511963     INFO  main            d.u.i.k.p.i.AbstractProblemLoader Creating init config 
516079     DEBUG main            d.u.i.k.p.i.AbstractProblemLoader Init config took 4.12s 
516157     INFO  main            d.u.i.k.p.i.AbstractProblemLoader Replaying proof Sampler[java.lang.Object::<inv>()].JML accessible clause.1 
516158     DEBUG main            d.u.i.k.p.i.IntermediateProofReplayer Proof replay took 2.3ns 
516259     INFO  main            d.u.i.k.p.r.p.TestFile    ... finished proof: closed. 
516731     INFO  main            d.u.i.k.p.i.AbstractProblemLoader Loading environment from /home/runner/work/key/key/key.core/../key.ui/examples/heap/permissions/threads/Sampler_inv_accessible2.key.proof 
516731     DEBUG main            d.u.i.k.p.i.AbstractProblemLoader Environment load took 59.6ns 
516732     INFO  main            d.u.i.k.p.i.AbstractProblemLoader Creating init config 
520797     DEBUG main            d.u.i.k.p.i.AbstractProblemLoader Init config took 4.06s 
520873     INFO  main            d.u.i.k.p.i.AbstractProblemLoader Replaying proof Sampler[java.lang.Object::<inv>()].JML accessible clause.1 
520875     DEBUG main            d.u.i.k.p.i.IntermediateProofReplayer Proof replay took 1.34ms 
520876     DEBUG main            d.u.i.k.p.r.p.TestFile    ... success: reloaded. 
520876     INFO  main            d.u.i.k.p.r.p.TestFile    Now processing file /home/runner/work/key/key/key.core/../key.ui/examples/heap/permissions/threads/Sampler_joinTransfer_accessible.key 
520877     INFO  main            d.u.i.k.p.i.AbstractProblemLoader Loading environment from /home/runner/work/key/key/key.core/../key.ui/examples/heap/permissions/threads/Sampler_joinTransfer_accessible.key 
520877     DEBUG main            d.u.i.k.p.i.AbstractProblemLoader Environment load took 51.1ns 
520877     INFO  main            d.u.i.k.p.i.AbstractProblemLoader Creating init config 
524992     DEBUG main            d.u.i.k.p.i.AbstractProblemLoader Init config took 4.11s 
525069     INFO  main            d.u.i.k.p.i.AbstractProblemLoader Replaying proof Sampler[ThreadSpec2::joinTransfer()].JML accessible clause.0 
525070     DEBUG main            d.u.i.k.p.i.IntermediateProofReplayer Proof replay took 2.2ns 
528376     INFO  main            d.u.i.k.p.r.p.TestFile    ... finished proof: closed. 
528854     INFO  main            d.u.i.k.p.i.AbstractProblemLoader Loading environment from /home/runner/work/key/key/key.core/../key.ui/examples/heap/permissions/threads/Sampler_joinTransfer_accessible.key.proof 
528854     DEBUG main            d.u.i.k.p.i.AbstractProblemLoader Environment load took 71.5ns 
528855     INFO  main            d.u.i.k.p.i.AbstractProblemLoader Creating init config 
532895     DEBUG main            d.u.i.k.p.i.AbstractProblemLoader Init config took 4.04s 
532983     INFO  main            d.u.i.k.p.i.AbstractProblemLoader Replaying proof Sampler[ThreadSpec2::joinTransfer()].JML accessible clause.0 
533455     DEBUG main            d.u.i.k.p.i.IntermediateProofReplayer Proof replay took 462.48ms 
533456     DEBUG main            d.u.i.k.p.r.p.TestFile    ... success: reloaded. 
533457     INFO  main            d.u.i.k.p.r.p.TestFile    Now processing file /home/runner/work/key/key/key.core/../key.ui/examples/heap/permissions/threads/Sampler_joinTransfer_contract.key 
533457     INFO  main            d.u.i.k.p.i.AbstractProblemLoader Loading environment from /home/runner/work/key/key/key.core/../key.ui/examples/heap/permissions/threads/Sampler_joinTransfer_contract.key 
533457     DEBUG main            d.u.i.k.p.i.AbstractProblemLoader Environment load took 56.7ns 
533458     INFO  main            d.u.i.k.p.i.AbstractProblemLoader Creating init config 
537574     DEBUG main            d.u.i.k.p.i.AbstractProblemLoader Init config took 4.12s 
537663     INFO  main            d.u.i.k.p.i.AbstractProblemLoader Replaying proof Sampler[ThreadSpec2::joinTransfer()].JML model_behavior operation contract.0 
537664     DEBUG main            d.u.i.k.p.i.IntermediateProofReplayer Proof replay took 2ns 
537765     INFO  main            d.u.i.k.p.r.p.TestFile    ... finished proof: closed. 
538270     INFO  main            d.u.i.k.p.i.AbstractProblemLoader Loading environment from /home/runner/work/key/key/key.core/../key.ui/examples/heap/permissions/threads/Sampler_joinTransfer_contract.key.proof 
538270     DEBUG main            d.u.i.k.p.i.AbstractProblemLoader Environment load took 65.8ns 
538271     INFO  main            d.u.i.k.p.i.AbstractProblemLoader Creating init config 
542319     DEBUG main            d.u.i.k.p.i.AbstractProblemLoader Init config took 4.05s 
542410     INFO  main            d.u.i.k.p.i.AbstractProblemLoader Replaying proof Sampler[ThreadSpec2::joinTransfer()].JML model_behavior operation contract.0 
542417     DEBUG main            d.u.i.k.p.i.IntermediateProofReplayer Proof replay took 5.97ms 
542418     DEBUG main            d.u.i.k.p.r.p.TestFile    ... success: reloaded. 
542419     INFO  main            d.u.i.k.p.r.p.TestFile    Now processing file /home/runner/work/key/key/key.core/../key.ui/examples/heap/permissions/threads/Sampler_postJoin_accessible.key 
542419     INFO  main            d.u.i.k.p.i.AbstractProblemLoader Loading environment from /home/runner/work/key/key/key.core/../key.ui/examples/heap/permissions/threads/Sampler_postJoin_accessible.key 
542419     DEBUG main            d.u.i.k.p.i.AbstractProblemLoader Environment load took 75.6ns 
542420     INFO  main            d.u.i.k.p.i.AbstractProblemLoader Creating init config 
546541     DEBUG main            d.u.i.k.p.i.AbstractProblemLoader Init config took 4.12s 
546617     INFO  main            d.u.i.k.p.i.AbstractProblemLoader Replaying proof Sampler[ThreadSpec2::postJoin(java.lang.Object)].JML accessible clause.0 
546618     DEBUG main            d.u.i.k.p.i.IntermediateProofReplayer Proof replay took 2.3ns 
546719     INFO  main            d.u.i.k.p.r.p.TestFile    ... finished proof: closed. 
547202     INFO  main            d.u.i.k.p.i.AbstractProblemLoader Loading environment from /home/runner/work/key/key/key.core/../key.ui/examples/heap/permissions/threads/Sampler_postJoin_accessible.key.proof 
547202     DEBUG main            d.u.i.k.p.i.AbstractProblemLoader Environment load took 64.8ns 
547202     INFO  main            d.u.i.k.p.i.AbstractProblemLoader Creating init config 
551244     DEBUG main            d.u.i.k.p.i.AbstractProblemLoader Init config took 4.04s 
551329     INFO  main            d.u.i.k.p.i.AbstractProblemLoader Replaying proof Sampler[ThreadSpec2::postJoin(java.lang.Object)].JML accessible clause.0 
551337     DEBUG main            d.u.i.k.p.i.IntermediateProofReplayer Proof replay took 6.89ms 
551338     DEBUG main            d.u.i.k.p.r.p.TestFile    ... success: reloaded. 
551338     INFO  main            d.u.i.k.p.r.p.TestFile    Now processing file /home/runner/work/key/key/key.core/../key.ui/examples/heap/permissions/threads/Sampler_preStart_accessible.key 
551338     INFO  main            d.u.i.k.p.i.AbstractProblemLoader Loading environment from /home/runner/work/key/key/key.core/../key.ui/examples/heap/permissions/threads/Sampler_preStart_accessible.key 
551338     DEBUG main            d.u.i.k.p.i.AbstractProblemLoader Environment load took 37ns 
551339     INFO  main            d.u.i.k.p.i.AbstractProblemLoader Creating init config 
555439     DEBUG main            d.u.i.k.p.i.AbstractProblemLoader Init config took 4.1s 
555515     INFO  main            d.u.i.k.p.i.AbstractProblemLoader Replaying proof Sampler[ThreadSpec2::preStart(java.lang.Object)].JML accessible clause.0 
555516     DEBUG main            d.u.i.k.p.i.IntermediateProofReplayer Proof replay took 2.3ns 
555617     INFO  main            d.u.i.k.p.r.p.TestFile    ... finished proof: closed. 
556099     INFO  main            d.u.i.k.p.i.AbstractProblemLoader Loading environment from /home/runner/work/key/key/key.core/../key.ui/examples/heap/permissions/threads/Sampler_preStart_accessible.key.proof 
556099     DEBUG main            d.u.i.k.p.i.AbstractProblemLoader Environment load took 64.2ns 
556100     INFO  main            d.u.i.k.p.i.AbstractProblemLoader Creating init config 
560154     DEBUG main            d.u.i.k.p.i.AbstractProblemLoader Init config took 4.05s 
560229     INFO  main            d.u.i.k.p.i.AbstractProblemLoader Replaying proof Sampler[ThreadSpec2::preStart(java.lang.Object)].JML accessible clause.0 
560239     DEBUG main            d.u.i.k.p.i.IntermediateProofReplayer Proof replay took 8.23ms 
560240     DEBUG main            d.u.i.k.p.r.p.TestFile    ... success: reloaded. 
560240     INFO  main            d.u.i.k.p.r.p.TestFile    Now processing file /home/runner/work/key/key/key.core/../key.ui/examples/heap/permissions/threads/Sampler_run.key 
560240     INFO  main            d.u.i.k.p.i.AbstractProblemLoader Loading environment from /home/runner/work/key/key/key.core/../key.ui/examples/heap/permissions/threads/Sampler_run.key 
560240     DEBUG main            d.u.i.k.p.i.AbstractProblemLoader Environment load took 36.8ns 
560241     INFO  main            d.u.i.k.p.i.AbstractProblemLoader Creating init config 
564351     DEBUG main            d.u.i.k.p.i.AbstractProblemLoader Init config took 4.11s 
564427     INFO  main            d.u.i.k.p.i.AbstractProblemLoader Replaying proof Sampler[ThreadSpec2::run()].JML normal_behavior operation contract.0 
564428     DEBUG main            d.u.i.k.p.i.IntermediateProofReplayer Proof replay took 2.1ns 
564529     INFO  main            d.u.i.k.p.r.p.TestFile    ... finished proof: closed. 
565057     INFO  main            d.u.i.k.p.i.AbstractProblemLoader Loading environment from /home/runner/work/key/key/key.core/../key.ui/examples/heap/permissions/threads/Sampler_run.key.proof 
565057     DEBUG main            d.u.i.k.p.i.AbstractProblemLoader Environment load took 63.4ns 
565057     INFO  main            d.u.i.k.p.i.AbstractProblemLoader Creating init config 
569120     DEBUG main            d.u.i.k.p.i.AbstractProblemLoader Init config took 4.06s 
569196     INFO  main            d.u.i.k.p.i.AbstractProblemLoader Replaying proof Sampler[ThreadSpec2::run()].JML normal_behavior operation contract.0 
569227     DEBUG main            d.u.i.k.p.i.IntermediateProofReplayer Proof replay took 28.77ms 
569227     DEBUG main            d.u.i.k.p.r.p.TestFile    ... success: reloaded. 
569228     INFO  main            d.u.i.k.p.r.p.TestFile    Now processing file /home/runner/work/key/key/key.core/../key.ui/examples/heap/permissions/threads/Sampler_Sampler.key 
569229     INFO  main            d.u.i.k.p.i.AbstractProblemLoader Loading environment from /home/runner/work/key/key/key.core/../key.ui/examples/heap/permissions/threads/Sampler_Sampler.key 
569229     DEBUG main            d.u.i.k.p.i.AbstractProblemLoader Environment load took 124.7ns 
569229     INFO  main            d.u.i.k.p.i.AbstractProblemLoader Creating init config 
573353     DEBUG main            d.u.i.k.p.i.AbstractProblemLoader Init config took 4.12s 
573443     INFO  main            d.u.i.k.p.i.AbstractProblemLoader Replaying proof Sampler[Sampler::Sampler(Buffer)].JML normal_behavior operation contract.0 
573444     DEBUG main            d.u.i.k.p.i.IntermediateProofReplayer Proof replay took 2.5ns 
573946     INFO  main            d.u.i.k.p.r.p.TestFile    ... finished proof: closed. 
574466     INFO  main            d.u.i.k.p.i.AbstractProblemLoader Loading environment from /home/runner/work/key/key/key.core/../key.ui/examples/heap/permissions/threads/Sampler_Sampler.key.proof 
574466     DEBUG main            d.u.i.k.p.i.AbstractProblemLoader Environment load took 60.8ns 
574467     INFO  main            d.u.i.k.p.i.AbstractProblemLoader Creating init config 
578533     DEBUG main            d.u.i.k.p.i.AbstractProblemLoader Init config took 4.07s 
578609     INFO  main            d.u.i.k.p.i.AbstractProblemLoader Replaying proof Sampler[Sampler::Sampler(Buffer)].JML normal_behavior operation contract.0 
578685     DEBUG main            d.u.i.k.p.i.IntermediateProofReplayer Proof replay took 73.91ms 
578686     DEBUG main            d.u.i.k.p.r.p.TestFile    ... success: reloaded. 
578686     INFO  main            d.u.i.k.p.r.p.TestFile    Now processing file /home/runner/work/key/key/key.core/../key.ui/examples/heap/permissions/threads/Sampler_startTransfer_accessible.key 
578687     INFO  main            d.u.i.k.p.i.AbstractProblemLoader Loading environment from /home/runner/work/key/key/key.core/../key.ui/examples/heap/permissions/threads/Sampler_startTransfer_accessible.key 
578687     DEBUG main            d.u.i.k.p.i.AbstractProblemLoader Environment load took 59.2ns 
578687     INFO  main            d.u.i.k.p.i.AbstractProblemLoader Creating init config 
582825     DEBUG main            d.u.i.k.p.i.AbstractProblemLoader Init config took 4.14s 
582901     INFO  main            d.u.i.k.p.i.AbstractProblemLoader Replaying proof Sampler[ThreadSpec2::startTransfer()].JML accessible clause.0 
582902     DEBUG main            d.u.i.k.p.i.IntermediateProofReplayer Proof replay took 2.1ns 
586811     INFO  main            d.u.i.k.p.r.p.TestFile    ... finished proof: closed. 
587330     INFO  main            d.u.i.k.p.i.AbstractProblemLoader Loading environment from /home/runner/work/key/key/key.core/../key.ui/examples/heap/permissions/threads/Sampler_startTransfer_accessible.key.proof 
587330     DEBUG main            d.u.i.k.p.i.AbstractProblemLoader Environment load took 67.8ns 
587332     INFO  main            d.u.i.k.p.i.AbstractProblemLoader Creating init config 
591387     DEBUG main            d.u.i.k.p.i.AbstractProblemLoader Init config took 4.06s 
591463     INFO  main            d.u.i.k.p.i.AbstractProblemLoader Replaying proof Sampler[ThreadSpec2::startTransfer()].JML accessible clause.0 
591972     DEBUG main            d.u.i.k.p.i.IntermediateProofReplayer Proof replay took 499.29ms 
591973     DEBUG main            d.u.i.k.p.r.p.TestFile    ... success: reloaded. 
591974     INFO  main            d.u.i.k.p.r.p.TestFile    Now processing file /home/runner/work/key/key/key.core/../key.ui/examples/heap/permissions/threads/Sampler_startTransfer_contract.key 
591974     INFO  main            d.u.i.k.p.i.AbstractProblemLoader Loading environment from /home/runner/work/key/key/key.core/../key.ui/examples/heap/permissions/threads/Sampler_startTransfer_contract.key 
591974     DEBUG main            d.u.i.k.p.i.AbstractProblemLoader Environment load took 37.8ns 
591975     INFO  main            d.u.i.k.p.i.AbstractProblemLoader Creating init config 
596098     DEBUG main            d.u.i.k.p.i.AbstractProblemLoader Init config took 4.12s 
596174     INFO  main            d.u.i.k.p.i.AbstractProblemLoader Replaying proof Sampler[ThreadSpec2::startTransfer()].JML model_behavior operation contract.0 
596175     DEBUG main            d.u.i.k.p.i.IntermediateProofReplayer Proof replay took 2.3ns 
596277     INFO  main            d.u.i.k.p.r.p.TestFile    ... finished proof: closed. 
596793     INFO  main            d.u.i.k.p.i.AbstractProblemLoader Loading environment from /home/runner/work/key/key/key.core/../key.ui/examples/heap/permissions/threads/Sampler_startTransfer_contract.key.proof 
596793     DEBUG main            d.u.i.k.p.i.AbstractProblemLoader Environment load took 62.1ns 
596793     INFO  main            d.u.i.k.p.i.AbstractProblemLoader Creating init config 
600845     DEBUG main            d.u.i.k.p.i.AbstractProblemLoader Init config took 4.05s 
600921     INFO  main            d.u.i.k.p.i.AbstractProblemLoader Replaying proof Sampler[ThreadSpec2::startTransfer()].JML model_behavior operation contract.0 
600928     DEBUG main            d.u.i.k.p.i.IntermediateProofReplayer Proof replay took 5.82ms 
600928     DEBUG main            d.u.i.k.p.r.p.TestFile    ... success: reloaded. 
600929     INFO  main            d.u.i.k.p.r.p.TestFile    Now processing file /home/runner/work/key/key/key.core/../key.ui/examples/heap/permissions/threads/Sampler_stateInv_accessible.key 
600929     INFO  main            d.u.i.k.p.i.AbstractProblemLoader Loading environment from /home/runner/work/key/key/key.core/../key.ui/examples/heap/permissions/threads/Sampler_stateInv_accessible.key 
600929     DEBUG main            d.u.i.k.p.i.AbstractProblemLoader Environment load took 36.6ns 
600930     INFO  main            d.u.i.k.p.i.AbstractProblemLoader Creating init config 
605062     DEBUG main            d.u.i.k.p.i.AbstractProblemLoader Init config took 4.13s 
605138     INFO  main            d.u.i.k.p.i.AbstractProblemLoader Replaying proof Sampler[ThreadSpec2::stateInv()].JML accessible clause.0 
605139     DEBUG main            d.u.i.k.p.i.IntermediateProofReplayer Proof replay took 2.3ns 
605240     INFO  main            d.u.i.k.p.r.p.TestFile    ... finished proof: closed. 
605758     INFO  main            d.u.i.k.p.i.AbstractProblemLoader Loading environment from /home/runner/work/key/key/key.core/../key.ui/examples/heap/permissions/threads/Sampler_stateInv_accessible.key.proof 
605758     DEBUG main            d.u.i.k.p.i.AbstractProblemLoader Environment load took 62.9ns 
605759     INFO  main            d.u.i.k.p.i.AbstractProblemLoader Creating init config 
609814     DEBUG main            d.u.i.k.p.i.AbstractProblemLoader Init config took 4.06s 
609891     INFO  main            d.u.i.k.p.i.AbstractProblemLoader Replaying proof Sampler[ThreadSpec2::stateInv()].JML accessible clause.0 
609897     DEBUG main            d.u.i.k.p.i.IntermediateProofReplayer Proof replay took 5.11ms 
609898     DEBUG main            d.u.i.k.p.r.p.TestFile    ... success: reloaded. 
609899     INFO  main            d.u.i.k.p.r.p.TestFile    Now processing file /home/runner/work/key/key/key.core/../key.ui/examples/heap/permissions/threads/Sampler_staticPermissions_accessible.key 
609899     INFO  main            d.u.i.k.p.i.AbstractProblemLoader Loading environment from /home/runner/work/key/key/key.core/../key.ui/examples/heap/permissions/threads/Sampler_staticPermissions_accessible.key 
609899     DEBUG main            d.u.i.k.p.i.AbstractProblemLoader Environment load took 65.1ns 
609900     INFO  main            d.u.i.k.p.i.AbstractProblemLoader Creating init config 
614037     DEBUG main            d.u.i.k.p.i.AbstractProblemLoader Init config took 4.14s 
614113     INFO  main            d.u.i.k.p.i.AbstractProblemLoader Replaying proof Sampler[ThreadSpec2::staticPermissions()].JML accessible clause.0 
614114     DEBUG main            d.u.i.k.p.i.IntermediateProofReplayer Proof replay took 2.7ns 
614215     INFO  main            d.u.i.k.p.r.p.TestFile    ... finished proof: closed. 
614736     INFO  main            d.u.i.k.p.i.AbstractProblemLoader Loading environment from /home/runner/work/key/key/key.core/../key.ui/examples/heap/permissions/threads/Sampler_staticPermissions_accessible.key.proof 
614736     DEBUG main            d.u.i.k.p.i.AbstractProblemLoader Environment load took 58.9ns 
614737     INFO  main            d.u.i.k.p.i.AbstractProblemLoader Creating init config 
618794     DEBUG main            d.u.i.k.p.i.AbstractProblemLoader Init config took 4.06s 
618870     INFO  main            d.u.i.k.p.i.AbstractProblemLoader Replaying proof Sampler[ThreadSpec2::staticPermissions()].JML accessible clause.0 
618874     DEBUG main            d.u.i.k.p.i.IntermediateProofReplayer Proof replay took 2.87ms 
618875     DEBUG main            d.u.i.k.p.r.p.TestFile    ... success: reloaded. 
618875     INFO  main            d.u.i.k.p.r.p.TestFile    Now processing file /home/runner/work/key/key/key.core/../key.ui/examples/heap/permissions/threads/Sampler_workingPermissions_accessible.key 
618875     INFO  main            d.u.i.k.p.i.AbstractProblemLoader Loading environment from /home/runner/work/key/key/key.core/../key.ui/examples/heap/permissions/threads/Sampler_workingPermissions_accessible.key 
618875     DEBUG main            d.u.i.k.p.i.AbstractProblemLoader Environment load took 50.5ns 
618876     INFO  main            d.u.i.k.p.i.AbstractProblemLoader Creating init config 
623035     DEBUG main            d.u.i.k.p.i.AbstractProblemLoader Init config took 4.16s 
623134     INFO  main            d.u.i.k.p.i.AbstractProblemLoader Replaying proof Sampler[ThreadSpec2::workingPermissions()].JML accessible clause.0 
623136     DEBUG main            d.u.i.k.p.i.IntermediateProofReplayer Proof replay took 3.2ns 
623237     INFO  main            d.u.i.k.p.r.p.TestFile    ... finished proof: closed. 
623761     INFO  main            d.u.i.k.p.i.AbstractProblemLoader Loading environment from /home/runner/work/key/key/key.core/../key.ui/examples/heap/permissions/threads/Sampler_workingPermissions_accessible.key.proof 
623761     DEBUG main            d.u.i.k.p.i.AbstractProblemLoader Environment load took 59.9ns 
623762     INFO  main            d.u.i.k.p.i.AbstractProblemLoader Creating init config 
627808     DEBUG main            d.u.i.k.p.i.AbstractProblemLoader Init config took 4.05s 
627894     INFO  main            d.u.i.k.p.i.AbstractProblemLoader Replaying proof Sampler[ThreadSpec2::workingPermissions()].JML accessible clause.0 
627899     DEBUG main            d.u.i.k.p.i.IntermediateProofReplayer Proof replay took 4.07ms 
627900     DEBUG main            d.u.i.k.p.r.p.TestFile    ... success: reloaded. 
627901     INFO  main            d.u.i.k.p.r.p.TestFile    Now processing file /home/runner/work/key/key/key.core/../key.ui/examples/heap/permissions/mulleretal/ReadWrite_doRead_contract.key 
627901     INFO  main            d.u.i.k.p.i.AbstractProblemLoader Loading environment from /home/runner/work/key/key/key.core/../key.ui/examples/heap/permissions/mulleretal/ReadWrite_doRead_contract.key 
627901     DEBUG main            d.u.i.k.p.i.AbstractProblemLoader Environment load took 37.7ns 
627901     INFO  main            d.u.i.k.p.i.AbstractProblemLoader Creating init config 
630253     DEBUG main            d.u.i.k.p.i.AbstractProblemLoader Init config took 2.35s 
630283     INFO  main            d.u.i.k.p.i.AbstractProblemLoader Replaying proof ReadWrite[ReadWrite::doRead()].JML normal_behavior operation contract.0 
630285     DEBUG main            d.u.i.k.p.i.IntermediateProofReplayer Proof replay took 2.9ns 
631790     INFO  main            d.u.i.k.p.r.p.TestFile    ... finished proof: closed. 
632358     INFO  main            d.u.i.k.p.i.AbstractProblemLoader Loading environment from /home/runner/work/key/key/key.core/../key.ui/examples/heap/permissions/mulleretal/ReadWrite_doRead_contract.key.proof 
632358     DEBUG main            d.u.i.k.p.i.AbstractProblemLoader Environment load took 298.7ns 
632359     INFO  main            d.u.i.k.p.i.AbstractProblemLoader Creating init config 
634789     DEBUG main            d.u.i.k.p.i.AbstractProblemLoader Init config took 2.43s 
634823     INFO  main            d.u.i.k.p.i.AbstractProblemLoader Replaying proof ReadWrite[ReadWrite::doRead()].JML normal_behavior operation contract.0 
635366     DEBUG main            d.u.i.k.p.i.IntermediateProofReplayer Proof replay took 532.81ms 
635367     DEBUG main            d.u.i.k.p.r.p.TestFile    ... success: reloaded. 
635371     INFO  main            d.u.i.k.p.r.p.TestFile    Now processing file /home/runner/work/key/key/key.core/../key.ui/examples/heap/permissions/mulleretal/ReadWrite_doWrite_contract.key 
635371     INFO  main            d.u.i.k.p.i.AbstractProblemLoader Loading environment from /home/runner/work/key/key/key.core/../key.ui/examples/heap/permissions/mulleretal/ReadWrite_doWrite_contract.key 
635371     DEBUG main            d.u.i.k.p.i.AbstractProblemLoader Environment load took 62.6ns 
635377     INFO  main            d.u.i.k.p.i.AbstractProblemLoader Creating init config 
637914     DEBUG main            d.u.i.k.p.i.AbstractProblemLoader Init config took 2.54s 
637947     INFO  main            d.u.i.k.p.i.AbstractProblemLoader Replaying proof ReadWrite[ReadWrite::doWrite()].JML normal_behavior operation contract.0 
637949     DEBUG main            d.u.i.k.p.i.IntermediateProofReplayer Proof replay took 2.4ns 
639753     INFO  main            d.u.i.k.p.r.p.TestFile    ... finished proof: closed. 
640310     INFO  main            d.u.i.k.p.i.AbstractProblemLoader Loading environment from /home/runner/work/key/key/key.core/../key.ui/examples/heap/permissions/mulleretal/ReadWrite_doWrite_contract.key.proof 
640310     DEBUG main            d.u.i.k.p.i.AbstractProblemLoader Environment load took 263.6ns 
640311     INFO  main            d.u.i.k.p.i.AbstractProblemLoader Creating init config 
642756     DEBUG main            d.u.i.k.p.i.AbstractProblemLoader Init config took 2.44s 
642798     INFO  main            d.u.i.k.p.i.AbstractProblemLoader Replaying proof ReadWrite[ReadWrite::doWrite()].JML normal_behavior operation contract.0 
643281     DEBUG main            d.u.i.k.p.i.IntermediateProofReplayer Proof replay took 477.03ms 
643282     DEBUG main            d.u.i.k.p.r.p.TestFile    ... success: reloaded. 
643283     INFO  main            d.u.i.k.p.r.p.TestFile    Now processing file /home/runner/work/key/key/key.core/../key.ui/examples/heap/permissions/mulleretal/ReadWrite_read_contract.key 
643283     INFO  main            d.u.i.k.p.i.AbstractProblemLoader Loading environment from /home/runner/work/key/key/key.core/../key.ui/examples/heap/permissions/mulleretal/ReadWrite_read_contract.key 
643283     DEBUG main            d.u.i.k.p.i.AbstractProblemLoader Environment load took 132.2ns 
643284     INFO  main            d.u.i.k.p.i.AbstractProblemLoader Creating init config 
645774     DEBUG main            d.u.i.k.p.i.AbstractProblemLoader Init config took 2.49s 
645805     INFO  main            d.u.i.k.p.i.AbstractProblemLoader Replaying proof ReadWrite[ReadWrite::read()].JML normal_behavior operation contract.0 
645806     DEBUG main            d.u.i.k.p.i.IntermediateProofReplayer Proof replay took 3.1ns 
645907     INFO  main            d.u.i.k.p.r.p.TestFile    ... finished proof: closed. 
646449     INFO  main            d.u.i.k.p.i.AbstractProblemLoader Loading environment from /home/runner/work/key/key/key.core/../key.ui/examples/heap/permissions/mulleretal/ReadWrite_read_contract.key.proof 
646450     DEBUG main            d.u.i.k.p.i.AbstractProblemLoader Environment load took 61.2ns 
646450     INFO  main            d.u.i.k.p.i.AbstractProblemLoader Creating init config 
648815     DEBUG main            d.u.i.k.p.i.AbstractProblemLoader Init config took 2.36s 
648848     INFO  main            d.u.i.k.p.i.AbstractProblemLoader Replaying proof ReadWrite[ReadWrite::read()].JML normal_behavior operation contract.0 
648856     DEBUG main            d.u.i.k.p.i.IntermediateProofReplayer Proof replay took 6.71ms 
648857     DEBUG main            d.u.i.k.p.r.p.TestFile    ... success: reloaded. 
648859     INFO  main            d.u.i.k.p.r.p.TestFile    Now processing file /home/runner/work/key/key/key.core/../key.ui/examples/heap/permissions/mulleretal/ReadWrite_write_contract.key 
648859     INFO  main            d.u.i.k.p.i.AbstractProblemLoader Loading environment from /home/runner/work/key/key/key.core/../key.ui/examples/heap/permissions/mulleretal/ReadWrite_write_contract.key 
648859     DEBUG main            d.u.i.k.p.i.AbstractProblemLoader Environment load took 59.8ns 
648860     INFO  main            d.u.i.k.p.i.AbstractProblemLoader Creating init config 
651456     DEBUG main            d.u.i.k.p.i.AbstractProblemLoader Init config took 2.6s 
651487     INFO  main            d.u.i.k.p.i.AbstractProblemLoader Replaying proof ReadWrite[ReadWrite::write()].JML normal_behavior operation contract.0 
651494     DEBUG main            d.u.i.k.p.i.IntermediateProofReplayer Proof replay took 3.5ns 
651695     INFO  main            d.u.i.k.p.r.p.TestFile    ... finished proof: closed. 
652243     INFO  main            d.u.i.k.p.i.AbstractProblemLoader Loading environment from /home/runner/work/key/key/key.core/../key.ui/examples/heap/permissions/mulleretal/ReadWrite_write_contract.key.proof 
652243     DEBUG main            d.u.i.k.p.i.AbstractProblemLoader Environment load took 56.7ns 
652244     INFO  main            d.u.i.k.p.i.AbstractProblemLoader Creating init config 
654626     DEBUG main            d.u.i.k.p.i.AbstractProblemLoader Init config took 2.38s 
654659     INFO  main            d.u.i.k.p.i.AbstractProblemLoader Replaying proof ReadWrite[ReadWrite::write()].JML normal_behavior operation contract.0 
654686     DEBUG main            d.u.i.k.p.i.IntermediateProofReplayer Proof replay took 24.68ms 
654687     DEBUG main            d.u.i.k.p.r.p.TestFile    ... success: reloaded. 
654687     INFO  main            d.u.i.k.p.r.p.TestFile    Now processing file /home/runner/work/key/key/key.core/../key.ui/examples/heap/permissions/mulleretal/ReadWrite_inv1_accessible.key 
654688     INFO  main            d.u.i.k.p.i.AbstractProblemLoader Loading environment from /home/runner/work/key/key/key.core/../key.ui/examples/heap/permissions/mulleretal/ReadWrite_inv1_accessible.key 
654688     DEBUG main            d.u.i.k.p.i.AbstractProblemLoader Environment load took 125.5ns 
654688     INFO  main            d.u.i.k.p.i.AbstractProblemLoader Creating init config 
657224     DEBUG main            d.u.i.k.p.i.AbstractProblemLoader Init config took 2.54s 
657254     INFO  main            d.u.i.k.p.i.AbstractProblemLoader Replaying proof ReadWrite[java.lang.Object::<inv>()].JML accessible clause.0 
657255     DEBUG main            d.u.i.k.p.i.IntermediateProofReplayer Proof replay took 2.3ns 
657356     INFO  main            d.u.i.k.p.r.p.TestFile    ... finished proof: closed. 
657890     INFO  main            d.u.i.k.p.i.AbstractProblemLoader Loading environment from /home/runner/work/key/key/key.core/../key.ui/examples/heap/permissions/mulleretal/ReadWrite_inv1_accessible.key.proof 
657891     DEBUG main            d.u.i.k.p.i.AbstractProblemLoader Environment load took 56.1ns 
657891     INFO  main            d.u.i.k.p.i.AbstractProblemLoader Creating init config 
660246     DEBUG main            d.u.i.k.p.i.AbstractProblemLoader Init config took 2.35s 
660276     INFO  main            d.u.i.k.p.i.AbstractProblemLoader Replaying proof ReadWrite[java.lang.Object::<inv>()].JML accessible clause.0 
660278     DEBUG main            d.u.i.k.p.i.IntermediateProofReplayer Proof replay took 1.33ms 
660278     DEBUG main            d.u.i.k.p.r.p.TestFile    ... success: reloaded. 
660279     INFO  main            d.u.i.k.p.r.p.TestFile    Now processing file /home/runner/work/key/key/key.core/../key.ui/examples/heap/permissions/mulleretal/ReadWrite_inv2_accessible.key 
660279     INFO  main            d.u.i.k.p.i.AbstractProblemLoader Loading environment from /home/runner/work/key/key/key.core/../key.ui/examples/heap/permissions/mulleretal/ReadWrite_inv2_accessible.key 
660279     DEBUG main            d.u.i.k.p.i.AbstractProblemLoader Environment load took 62.2ns 
660280     INFO  main            d.u.i.k.p.i.AbstractProblemLoader Creating init config 
662730     DEBUG main            d.u.i.k.p.i.AbstractProblemLoader Init config took 2.45s 
662764     INFO  main            d.u.i.k.p.i.AbstractProblemLoader Replaying proof ReadWrite[java.lang.Object::<inv>()].JML accessible clause.1 
662765     DEBUG main            d.u.i.k.p.i.IntermediateProofReplayer Proof replay took 2.7ns 
662867     INFO  main            d.u.i.k.p.r.p.TestFile    ... finished proof: closed. 
663405     INFO  main            d.u.i.k.p.i.AbstractProblemLoader Loading environment from /home/runner/work/key/key/key.core/../key.ui/examples/heap/permissions/mulleretal/ReadWrite_inv2_accessible.key.proof 
663405     DEBUG main            d.u.i.k.p.i.AbstractProblemLoader Environment load took 55.1ns 
663405     INFO  main            d.u.i.k.p.i.AbstractProblemLoader Creating init config 
665745     DEBUG main            d.u.i.k.p.i.AbstractProblemLoader Init config took 2.34s 
665774     INFO  main            d.u.i.k.p.i.AbstractProblemLoader Replaying proof ReadWrite[java.lang.Object::<inv>()].JML accessible clause.1 
665777     DEBUG main            d.u.i.k.p.i.IntermediateProofReplayer Proof replay took 1.3ms 
665777     DEBUG main            d.u.i.k.p.r.p.TestFile    ... success: reloaded. 
665778     INFO  main            d.u.i.k.p.r.p.TestFile    Now processing file /home/runner/work/key/key/key.core/../key.ui/examples/heap/permissions/lockspec/Counter_lockConsistent_contract.key 
665778     INFO  main            d.u.i.k.p.i.AbstractProblemLoader Loading environment from /home/runner/work/key/key/key.core/../key.ui/examples/heap/permissions/lockspec/Counter_lockConsistent_contract.key 
665778     DEBUG main            d.u.i.k.p.i.AbstractProblemLoader Environment load took 38.1ns 
665779     INFO  main            d.u.i.k.p.i.AbstractProblemLoader Creating init config 
668825     DEBUG main            d.u.i.k.p.i.AbstractProblemLoader Init config took 3.05s 
668884     INFO  main            d.u.i.k.p.i.AbstractProblemLoader Replaying proof Counter[LockSpec::lockConsistent()].JML model_behavior operation contract.0 
668885     DEBUG main            d.u.i.k.p.i.IntermediateProofReplayer Proof replay took 2.4ns 
669889     INFO  main            d.u.i.k.p.r.p.TestFile    ... finished proof: closed. 
670448     INFO  main            d.u.i.k.p.i.AbstractProblemLoader Loading environment from /home/runner/work/key/key/key.core/../key.ui/examples/heap/permissions/lockspec/Counter_lockConsistent_contract.key.proof 
670448     DEBUG main            d.u.i.k.p.i.AbstractProblemLoader Environment load took 260.5ns 
670449     INFO  main            d.u.i.k.p.i.AbstractProblemLoader Creating init config 
673268     DEBUG main            d.u.i.k.p.i.AbstractProblemLoader Init config took 2.82s 
673317     INFO  main            d.u.i.k.p.i.AbstractProblemLoader Replaying proof Counter[LockSpec::lockConsistent()].JML model_behavior operation contract.0 
673538     DEBUG main            d.u.i.k.p.i.IntermediateProofReplayer Proof replay took 213.44ms 
673539     DEBUG main            d.u.i.k.p.r.p.TestFile    ... success: reloaded. 
673539     INFO  main            d.u.i.k.p.r.p.TestFile    Now processing file /home/runner/work/key/key/key.core/../key.ui/examples/heap/permissions/lockspec/Counter_increase_contract.key 
673540     INFO  main            d.u.i.k.p.i.AbstractProblemLoader Loading environment from /home/runner/work/key/key/key.core/../key.ui/examples/heap/permissions/lockspec/Counter_increase_contract.key 
673540     DEBUG main            d.u.i.k.p.i.AbstractProblemLoader Environment load took 143.6ns 
673545     INFO  main            d.u.i.k.p.i.AbstractProblemLoader Creating init config 
676517     DEBUG main            d.u.i.k.p.i.AbstractProblemLoader Init config took 2.97s 
676573     INFO  main            d.u.i.k.p.i.AbstractProblemLoader Replaying proof Counter[Counter::increase()].JML normal_behavior operation contract.0 
676578     DEBUG main            d.u.i.k.p.i.IntermediateProofReplayer Proof replay took 3.1ns 
678228     INFO  main            d.u.i.k.p.r.p.TestFile    ... finished proof: closed. 
678809     INFO  main            d.u.i.k.p.i.AbstractProblemLoader Loading environment from /home/runner/work/key/key/key.core/../key.ui/examples/heap/permissions/lockspec/Counter_increase_contract.key.proof 
678810     DEBUG main            d.u.i.k.p.i.AbstractProblemLoader Environment load took 277.3ns 
678811     INFO  main            d.u.i.k.p.i.AbstractProblemLoader Creating init config 
681668     DEBUG main            d.u.i.k.p.i.AbstractProblemLoader Init config took 2.86s 
681713     INFO  main            d.u.i.k.p.i.AbstractProblemLoader Replaying proof Counter[Counter::increase()].JML normal_behavior operation contract.0 
681980     DEBUG main            d.u.i.k.p.i.IntermediateProofReplayer Proof replay took 254.1ms 
681983     DEBUG main            d.u.i.k.p.r.p.TestFile    ... success: reloaded. 
681984     INFO  main            d.u.i.k.p.r.p.TestFile    Now processing file /home/runner/work/key/key/key.core/../key.ui/examples/heap/permissions/lockspec/Counter_fp_accessible.key 
681984     INFO  main            d.u.i.k.p.i.AbstractProblemLoader Loading environment from /home/runner/work/key/key/key.core/../key.ui/examples/heap/permissions/lockspec/Counter_fp_accessible.key 
681984     DEBUG main            d.u.i.k.p.i.AbstractProblemLoader Environment load took 56.3ns 
681984     INFO  main            d.u.i.k.p.i.AbstractProblemLoader Creating init config 
684837     DEBUG main            d.u.i.k.p.i.AbstractProblemLoader Init config took 2.85s 
684891     INFO  main            d.u.i.k.p.i.AbstractProblemLoader Replaying proof Counter[LockSpec::fp()].JML accessible clause.0 
684893     DEBUG main            d.u.i.k.p.i.IntermediateProofReplayer Proof replay took 2.7ns 
684994     INFO  main            d.u.i.k.p.r.p.TestFile    ... finished proof: closed. 
685545     INFO  main            d.u.i.k.p.i.AbstractProblemLoader Loading environment from /home/runner/work/key/key/key.core/../key.ui/examples/heap/permissions/lockspec/Counter_fp_accessible.key.proof 
685545     DEBUG main            d.u.i.k.p.i.AbstractProblemLoader Environment load took 58.6ns 
685546     INFO  main            d.u.i.k.p.i.AbstractProblemLoader Creating init config 
688353     DEBUG main            d.u.i.k.p.i.AbstractProblemLoader Init config took 2.81s 
688461     INFO  main            d.u.i.k.p.i.AbstractProblemLoader Replaying proof Counter[LockSpec::fp()].JML accessible clause.0 
688499     DEBUG main            d.u.i.k.p.i.IntermediateProofReplayer Proof replay took 36.62ms 
688499     DEBUG main            d.u.i.k.p.r.p.TestFile    ... success: reloaded. 
688500     INFO  main            d.u.i.k.p.r.p.TestFile    Now processing file /home/runner/work/key/key/key.core/../key.ui/examples/heap/permissions/lockspec/Counter_fpLock_accessible.key 
688500     INFO  main            d.u.i.k.p.i.AbstractProblemLoader Loading environment from /home/runner/work/key/key/key.core/../key.ui/examples/heap/permissions/lockspec/Counter_fpLock_accessible.key 
688500     DEBUG main            d.u.i.k.p.i.AbstractProblemLoader Environment load took 65.7ns 
688501     INFO  main            d.u.i.k.p.i.AbstractProblemLoader Creating init config 
691488     DEBUG main            d.u.i.k.p.i.AbstractProblemLoader Init config took 2.99s 
691541     INFO  main            d.u.i.k.p.i.AbstractProblemLoader Replaying proof Counter[LockSpec::fpLock()].JML accessible clause.0 
691542     DEBUG main            d.u.i.k.p.i.IntermediateProofReplayer Proof replay took 2.6ns 
691643     INFO  main            d.u.i.k.p.r.p.TestFile    ... finished proof: closed. 
692203     INFO  main            d.u.i.k.p.i.AbstractProblemLoader Loading environment from /home/runner/work/key/key/key.core/../key.ui/examples/heap/permissions/lockspec/Counter_fpLock_accessible.key.proof 
692203     DEBUG main            d.u.i.k.p.i.AbstractProblemLoader Environment load took 58.7ns 
692204     INFO  main            d.u.i.k.p.i.AbstractProblemLoader Creating init config 
695005     DEBUG main            d.u.i.k.p.i.AbstractProblemLoader Init config took 2.8s 
695058     INFO  main            d.u.i.k.p.i.AbstractProblemLoader Replaying proof Counter[LockSpec::fpLock()].JML accessible clause.0 
695068     DEBUG main            d.u.i.k.p.i.IntermediateProofReplayer Proof replay took 7.82ms 
695068     DEBUG main            d.u.i.k.p.r.p.TestFile    ... success: reloaded. 
695069     INFO  main            d.u.i.k.p.r.p.TestFile    Now processing file /home/runner/work/key/key/key.core/../key.ui/examples/heap/permissions/lockspec/Counter_fpPerm_accessible.key 
695069     INFO  main            d.u.i.k.p.i.AbstractProblemLoader Loading environment from /home/runner/work/key/key/key.core/../key.ui/examples/heap/permissions/lockspec/Counter_fpPerm_accessible.key 
695070     DEBUG main            d.u.i.k.p.i.AbstractProblemLoader Environment load took 128ns 
695070     INFO  main            d.u.i.k.p.i.AbstractProblemLoader Creating init config 
697941     DEBUG main            d.u.i.k.p.i.AbstractProblemLoader Init config took 2.87s 
697988     INFO  main            d.u.i.k.p.i.AbstractProblemLoader Replaying proof Counter[LockSpec::fpPerm()].JML accessible clause.0 
697989     DEBUG main            d.u.i.k.p.i.IntermediateProofReplayer Proof replay took 3ns 
698091     INFO  main            d.u.i.k.p.r.p.TestFile    ... finished proof: closed. 
698655     INFO  main            d.u.i.k.p.i.AbstractProblemLoader Loading environment from /home/runner/work/key/key/key.core/../key.ui/examples/heap/permissions/lockspec/Counter_fpPerm_accessible.key.proof 
698655     DEBUG main            d.u.i.k.p.i.AbstractProblemLoader Environment load took 60.1ns 
698656     INFO  main            d.u.i.k.p.i.AbstractProblemLoader Creating init config 
701554     DEBUG main            d.u.i.k.p.i.AbstractProblemLoader Init config took 2.9s 
701602     INFO  main            d.u.i.k.p.i.AbstractProblemLoader Replaying proof Counter[LockSpec::fpPerm()].JML accessible clause.0 
701610     DEBUG main            d.u.i.k.p.i.IntermediateProofReplayer Proof replay took 5.94ms 
701611     DEBUG main            d.u.i.k.p.r.p.TestFile    ... success: reloaded. 
701611     INFO  main            d.u.i.k.p.r.p.TestFile    Now processing file /home/runner/work/key/key/key.core/../key.ui/examples/heap/permissions/lockspec/Counter_inv_accessible1.key 
701612     INFO  main            d.u.i.k.p.i.AbstractProblemLoader Loading environment from /home/runner/work/key/key/key.core/../key.ui/examples/heap/permissions/lockspec/Counter_inv_accessible1.key 
701612     DEBUG main            d.u.i.k.p.i.AbstractProblemLoader Environment load took 118.5ns 
701612     INFO  main            d.u.i.k.p.i.AbstractProblemLoader Creating init config 
704676     DEBUG main            d.u.i.k.p.i.AbstractProblemLoader Init config took 3.06s 
704723     INFO  main            d.u.i.k.p.i.AbstractProblemLoader Replaying proof Counter[java.lang.Object::<inv>()].JML accessible clause.0 
704724     DEBUG main            d.u.i.k.p.i.IntermediateProofReplayer Proof replay took 2ns 
704825     INFO  main            d.u.i.k.p.r.p.TestFile    ... finished proof: closed. 
705396     INFO  main            d.u.i.k.p.i.AbstractProblemLoader Loading environment from /home/runner/work/key/key/key.core/../key.ui/examples/heap/permissions/lockspec/Counter_inv_accessible1.key.proof 
705396     DEBUG main            d.u.i.k.p.i.AbstractProblemLoader Environment load took 59.5ns 
705397     INFO  main            d.u.i.k.p.i.AbstractProblemLoader Creating init config 
708245     DEBUG main            d.u.i.k.p.i.AbstractProblemLoader Init config took 2.85s 
708299     INFO  main            d.u.i.k.p.i.AbstractProblemLoader Replaying proof Counter[java.lang.Object::<inv>()].JML accessible clause.0 
708310     DEBUG main            d.u.i.k.p.i.IntermediateProofReplayer Proof replay took 9.97ms 
708311     DEBUG main            d.u.i.k.p.r.p.TestFile    ... success: reloaded. 
708311     INFO  main            d.u.i.k.p.r.p.TestFile    Now processing file /home/runner/work/key/key/key.core/../key.ui/examples/heap/permissions/lockspec/Counter_inv_accessible2.key 
708312     INFO  main            d.u.i.k.p.i.AbstractProblemLoader Loading environment from /home/runner/work/key/key/key.core/../key.ui/examples/heap/permissions/lockspec/Counter_inv_accessible2.key 
708312     DEBUG main            d.u.i.k.p.i.AbstractProblemLoader Environment load took 128.8ns 
708313     INFO  main            d.u.i.k.p.i.AbstractProblemLoader Creating init config 
711144     DEBUG main            d.u.i.k.p.i.AbstractProblemLoader Init config took 2.83s 
711192     INFO  main            d.u.i.k.p.i.AbstractProblemLoader Replaying proof Counter[java.lang.Object::<inv>()].JML accessible clause.1 
711193     DEBUG main            d.u.i.k.p.i.IntermediateProofReplayer Proof replay took 2.3ns 
711294     INFO  main            d.u.i.k.p.r.p.TestFile    ... finished proof: closed. 
711873     INFO  main            d.u.i.k.p.i.AbstractProblemLoader Loading environment from /home/runner/work/key/key/key.core/../key.ui/examples/heap/permissions/lockspec/Counter_inv_accessible2.key.proof 
711873     DEBUG main            d.u.i.k.p.i.AbstractProblemLoader Environment load took 57.5ns 
711874     INFO  main            d.u.i.k.p.i.AbstractProblemLoader Creating init config 
714689     DEBUG main            d.u.i.k.p.i.AbstractProblemLoader Init config took 2.81s 
714758     INFO  main            d.u.i.k.p.i.AbstractProblemLoader Replaying proof Counter[java.lang.Object::<inv>()].JML accessible clause.1 
714770     DEBUG main            d.u.i.k.p.i.IntermediateProofReplayer Proof replay took 9.46ms 
714770     DEBUG main            d.u.i.k.p.r.p.TestFile    ... success: reloaded. 
714771     INFO  main            d.u.i.k.p.r.p.TestFile    Now processing file /home/runner/work/key/key/key.core/../key.ui/examples/heap/permissions/lockspec/Counter_lockRef_accessible.key 
714771     INFO  main            d.u.i.k.p.i.AbstractProblemLoader Loading environment from /home/runner/work/key/key/key.core/../key.ui/examples/heap/permissions/lockspec/Counter_lockRef_accessible.key 
714771     DEBUG main            d.u.i.k.p.i.AbstractProblemLoader Environment load took 130.4ns 
714772     INFO  main            d.u.i.k.p.i.AbstractProblemLoader Creating init config 
717631     DEBUG main            d.u.i.k.p.i.AbstractProblemLoader Init config took 2.86s 
717678     INFO  main            d.u.i.k.p.i.AbstractProblemLoader Replaying proof Counter[LockSpec::lockRef()].JML accessible clause.0 
717679     DEBUG main            d.u.i.k.p.i.IntermediateProofReplayer Proof replay took 2.6ns 
717881     INFO  main            d.u.i.k.p.r.p.TestFile    ... finished proof: closed. 
718462     INFO  main            d.u.i.k.p.i.AbstractProblemLoader Loading environment from /home/runner/work/key/key/key.core/../key.ui/examples/heap/permissions/lockspec/Counter_lockRef_accessible.key.proof 
718462     DEBUG main            d.u.i.k.p.i.AbstractProblemLoader Environment load took 61.6ns 
718463     INFO  main            d.u.i.k.p.i.AbstractProblemLoader Creating init config 
721261     DEBUG main            d.u.i.k.p.i.AbstractProblemLoader Init config took 2.8s 
721315     INFO  main            d.u.i.k.p.i.AbstractProblemLoader Replaying proof Counter[LockSpec::lockRef()].JML accessible clause.0 
721350     DEBUG main            d.u.i.k.p.i.IntermediateProofReplayer Proof replay took 33.23ms 
721351     DEBUG main            d.u.i.k.p.r.p.TestFile    ... success: reloaded. 
721352     INFO  main            d.u.i.k.p.r.p.TestFile    Now processing file /home/runner/work/key/key/key.core/../key.ui/examples/heap/permissions/lockspec/Counter_lockRef_contract1.key 
721353     INFO  main            d.u.i.k.p.i.AbstractProblemLoader Loading environment from /home/runner/work/key/key/key.core/../key.ui/examples/heap/permissions/lockspec/Counter_lockRef_contract1.key 
721353     DEBUG main            d.u.i.k.p.i.AbstractProblemLoader Environment load took 152ns 
721354     INFO  main            d.u.i.k.p.i.AbstractProblemLoader Creating init config 
724221     DEBUG main            d.u.i.k.p.i.AbstractProblemLoader Init config took 2.87s 
724268     INFO  main            d.u.i.k.p.i.AbstractProblemLoader Replaying proof Counter[LockSpec::lockRef()].JML model_behavior operation contract.0 
724270     DEBUG main            d.u.i.k.p.i.IntermediateProofReplayer Proof replay took 3.2ns 
724371     INFO  main            d.u.i.k.p.r.p.TestFile    ... finished proof: closed. 
724958     INFO  main            d.u.i.k.p.i.AbstractProblemLoader Loading environment from /home/runner/work/key/key/key.core/../key.ui/examples/heap/permissions/lockspec/Counter_lockRef_contract1.key.proof 
724958     DEBUG main            d.u.i.k.p.i.AbstractProblemLoader Environment load took 58.5ns 
724958     INFO  main            d.u.i.k.p.i.AbstractProblemLoader Creating init config 
727753     DEBUG main            d.u.i.k.p.i.AbstractProblemLoader Init config took 2.8s 
727807     INFO  main            d.u.i.k.p.i.AbstractProblemLoader Replaying proof Counter[LockSpec::lockRef()].JML model_behavior operation contract.0 
727812     DEBUG main            d.u.i.k.p.i.IntermediateProofReplayer Proof replay took 3.53ms 
727812     DEBUG main            d.u.i.k.p.r.p.TestFile    ... success: reloaded. 
727813     INFO  main            d.u.i.k.p.r.p.TestFile    Now processing file /home/runner/work/key/key/key.core/../key.ui/examples/heap/permissions/lockspec/Counter_lockRef_contract2.key 
727813     INFO  main            d.u.i.k.p.i.AbstractProblemLoader Loading environment from /home/runner/work/key/key/key.core/../key.ui/examples/heap/permissions/lockspec/Counter_lockRef_contract2.key 
727814     DEBUG main            d.u.i.k.p.i.AbstractProblemLoader Environment load took 135.3ns 
727814     INFO  main            d.u.i.k.p.i.AbstractProblemLoader Creating init config 
730708     DEBUG main            d.u.i.k.p.i.AbstractProblemLoader Init config took 2.89s 
730755     INFO  main            d.u.i.k.p.i.AbstractProblemLoader Replaying proof Counter[Counter::lockRef()].JML model_behavior operation contract.0 
730756     DEBUG main            d.u.i.k.p.i.IntermediateProofReplayer Proof replay took 2.1ns 
730858     INFO  main            d.u.i.k.p.r.p.TestFile    ... finished proof: closed. 
731449     INFO  main            d.u.i.k.p.i.AbstractProblemLoader Loading environment from /home/runner/work/key/key/key.core/../key.ui/examples/heap/permissions/lockspec/Counter_lockRef_contract2.key.proof 
731449     DEBUG main            d.u.i.k.p.i.AbstractProblemLoader Environment load took 56.8ns 
731450     INFO  main            d.u.i.k.p.i.AbstractProblemLoader Creating init config 
734247     DEBUG main            d.u.i.k.p.i.AbstractProblemLoader Init config took 2.8s 
734301     INFO  main            d.u.i.k.p.i.AbstractProblemLoader Replaying proof Counter[Counter::lockRef()].JML model_behavior operation contract.0 
734306     DEBUG main            d.u.i.k.p.i.IntermediateProofReplayer Proof replay took 3.77ms 
734306     DEBUG main            d.u.i.k.p.r.p.TestFile    ... success: reloaded. 
734307     INFO  main            d.u.i.k.p.r.p.TestFile    Now processing file /home/runner/work/key/key/key.core/../key.ui/examples/heap/permissions/lockspec/Counter_lockState_accessible.key 
734307     INFO  main            d.u.i.k.p.i.AbstractProblemLoader Loading environment from /home/runner/work/key/key/key.core/../key.ui/examples/heap/permissions/lockspec/Counter_lockState_accessible.key 
734307     DEBUG main            d.u.i.k.p.i.AbstractProblemLoader Environment load took 67.8ns 
734308     INFO  main            d.u.i.k.p.i.AbstractProblemLoader Creating init config 
737150     DEBUG main            d.u.i.k.p.i.AbstractProblemLoader Init config took 2.84s 
737198     INFO  main            d.u.i.k.p.i.AbstractProblemLoader Replaying proof Counter[LockSpec::lockState(boolean)].JML accessible clause.0 
737199     DEBUG main            d.u.i.k.p.i.IntermediateProofReplayer Proof replay took 2.5ns 
737501     INFO  main            d.u.i.k.p.r.p.TestFile    ... finished proof: closed. 
738103     INFO  main            d.u.i.k.p.i.AbstractProblemLoader Loading environment from /home/runner/work/key/key/key.core/../key.ui/examples/heap/permissions/lockspec/Counter_lockState_accessible.key.proof 
738103     DEBUG main            d.u.i.k.p.i.AbstractProblemLoader Environment load took 63.4ns 
738104     INFO  main            d.u.i.k.p.i.AbstractProblemLoader Creating init config 
741039     DEBUG main            d.u.i.k.p.i.AbstractProblemLoader Init config took 2.94s 
741093     INFO  main            d.u.i.k.p.i.AbstractProblemLoader Replaying proof Counter[LockSpec::lockState(boolean)].JML accessible clause.0 
741168     DEBUG main            d.u.i.k.p.i.IntermediateProofReplayer Proof replay took 69.06ms 
741168     DEBUG main            d.u.i.k.p.r.p.TestFile    ... success: reloaded. 
741169     INFO  main            d.u.i.k.p.r.p.TestFile    Now processing file /home/runner/work/key/key/key.core/../key.ui/examples/heap/permissions/lockspec/Counter_lockStatus_accessible.key 
741171     INFO  main            d.u.i.k.p.i.AbstractProblemLoader Loading environment from /home/runner/work/key/key/key.core/../key.ui/examples/heap/permissions/lockspec/Counter_lockStatus_accessible.key 
741171     DEBUG main            d.u.i.k.p.i.AbstractProblemLoader Environment load took 195.9ns 
741172     INFO  main            d.u.i.k.p.i.AbstractProblemLoader Creating init config 
743997     DEBUG main            d.u.i.k.p.i.AbstractProblemLoader Init config took 2.82s 
744070     INFO  main            d.u.i.k.p.i.AbstractProblemLoader Replaying proof Counter[LockSpec::lockStatus(boolean)].JML accessible clause.0 
744071     DEBUG main            d.u.i.k.p.i.IntermediateProofReplayer Proof replay took 3.4ns 
744173     INFO  main            d.u.i.k.p.r.p.TestFile    ... finished proof: closed. 
744774     INFO  main            d.u.i.k.p.i.AbstractProblemLoader Loading environment from /home/runner/work/key/key/key.core/../key.ui/examples/heap/permissions/lockspec/Counter_lockStatus_accessible.key.proof 
744774     DEBUG main            d.u.i.k.p.i.AbstractProblemLoader Environment load took 63.6ns 
744775     INFO  main            d.u.i.k.p.i.AbstractProblemLoader Creating init config 
747573     DEBUG main            d.u.i.k.p.i.AbstractProblemLoader Init config took 2.8s 
747638     INFO  main            d.u.i.k.p.i.AbstractProblemLoader Replaying proof Counter[LockSpec::lockStatus(boolean)].JML accessible clause.0 
747658     DEBUG main            d.u.i.k.p.i.IntermediateProofReplayer Proof replay took 18.28ms 
747659     DEBUG main            d.u.i.k.p.r.p.TestFile    ... success: reloaded. 
747660     INFO  main            d.u.i.k.p.r.p.TestFile    Now processing file /home/runner/work/key/key/key.core/../key.ui/examples/heap/permissions/lockspec/Counter_lockTransfer_accessible.key 
747660     INFO  main            d.u.i.k.p.i.AbstractProblemLoader Loading environment from /home/runner/work/key/key/key.core/../key.ui/examples/heap/permissions/lockspec/Counter_lockTransfer_accessible.key 
747660     DEBUG main            d.u.i.k.p.i.AbstractProblemLoader Environment load took 124.4ns 
747661     INFO  main            d.u.i.k.p.i.AbstractProblemLoader Creating init config 
750595     DEBUG main            d.u.i.k.p.i.AbstractProblemLoader Init config took 2.93s 
750642     INFO  main            d.u.i.k.p.i.AbstractProblemLoader Replaying proof Counter[LockSpec::lockTransfer()].JML accessible clause.0 
750643     DEBUG main            d.u.i.k.p.i.IntermediateProofReplayer Proof replay took 2.3ns 
750945     INFO  main            d.u.i.k.p.r.p.TestFile    ... finished proof: closed. 
751561     INFO  main            d.u.i.k.p.i.AbstractProblemLoader Loading environment from /home/runner/work/key/key/key.core/../key.ui/examples/heap/permissions/lockspec/Counter_lockTransfer_accessible.key.proof 
751561     DEBUG main            d.u.i.k.p.i.AbstractProblemLoader Environment load took 63.8ns 
751562     INFO  main            d.u.i.k.p.i.AbstractProblemLoader Creating init config 
754365     DEBUG main            d.u.i.k.p.i.AbstractProblemLoader Init config took 2.8s 
754428     INFO  main            d.u.i.k.p.i.AbstractProblemLoader Replaying proof Counter[LockSpec::lockTransfer()].JML accessible clause.0 
754484     DEBUG main            d.u.i.k.p.i.IntermediateProofReplayer Proof replay took 53.12ms 
754485     DEBUG main            d.u.i.k.p.r.p.TestFile    ... success: reloaded. 
754485     INFO  main            d.u.i.k.p.r.p.TestFile    Now processing file /home/runner/work/key/key/key.core/../key.ui/examples/heap/permissions/lockspec/Counter_unlockTransfer_accessible.key 
754486     INFO  main            d.u.i.k.p.i.AbstractProblemLoader Loading environment from /home/runner/work/key/key/key.core/../key.ui/examples/heap/permissions/lockspec/Counter_unlockTransfer_accessible.key 
754486     DEBUG main            d.u.i.k.p.i.AbstractProblemLoader Environment load took 141.7ns 
754500     INFO  main            d.u.i.k.p.i.AbstractProblemLoader Creating init config 
757337     DEBUG main            d.u.i.k.p.i.AbstractProblemLoader Init config took 2.84s 
757389     INFO  main            d.u.i.k.p.i.AbstractProblemLoader Replaying proof Counter[LockSpec::unlockTransfer()].JML accessible clause.0 
757390     DEBUG main            d.u.i.k.p.i.IntermediateProofReplayer Proof replay took 2.7ns 
757693     INFO  main            d.u.i.k.p.r.p.TestFile    ... finished proof: closed. 
758324     INFO  main            d.u.i.k.p.i.AbstractProblemLoader Loading environment from /home/runner/work/key/key/key.core/../key.ui/examples/heap/permissions/lockspec/Counter_unlockTransfer_accessible.key.proof 
758324     DEBUG main            d.u.i.k.p.i.AbstractProblemLoader Environment load took 61.1ns 
758325     INFO  main            d.u.i.k.p.i.AbstractProblemLoader Creating init config 
761115     DEBUG main            d.u.i.k.p.i.AbstractProblemLoader Init config took 2.79s 
761177     INFO  main            d.u.i.k.p.i.AbstractProblemLoader Replaying proof Counter[LockSpec::unlockTransfer()].JML accessible clause.0 
761236     DEBUG main            d.u.i.k.p.i.IntermediateProofReplayer Proof replay took 55.56ms 
761237     DEBUG main            d.u.i.k.p.r.p.TestFile    ... success: reloaded. 
761238     INFO  main            d.u.i.k.p.r.p.TestFile    Now processing file /home/runner/work/key/key/key.core/../key.ui/examples/heap/permissions/threads/Plotter_startTransfer_contract.proof 
761238     INFO  main            d.u.i.k.p.i.AbstractProblemLoader Loading environment from /home/runner/work/key/key/key.core/../key.ui/examples/heap/permissions/threads/Plotter_startTransfer_contract.proof 
761238     DEBUG main            d.u.i.k.p.i.AbstractProblemLoader Environment load took 130.9ns 
761239     INFO  main            d.u.i.k.p.i.AbstractProblemLoader Creating init config 
765547     DEBUG main            d.u.i.k.p.i.AbstractProblemLoader Init config took 4.31s 
765635     INFO  main            d.u.i.k.p.i.AbstractProblemLoader Replaying proof Plotter[ThreadSpec2::startTransfer()].JML model_behavior operation contract.0 
765800     DEBUG main            d.u.i.k.p.i.IntermediateProofReplayer Proof replay took 152.65ms 
765809     INFO  main            d.u.i.k.p.r.p.TestFile    ... success: loaded 
765810     INFO  main            d.u.i.k.p.r.p.TestFile    Now processing file /home/runner/work/key/key/key.core/../key.ui/examples/heap/permissions/threads/Plotter_startTransfer_accessible.proof 
765810     INFO  main            d.u.i.k.p.i.AbstractProblemLoader Loading environment from /home/runner/work/key/key/key.core/../key.ui/examples/heap/permissions/threads/Plotter_startTransfer_accessible.proof 
765810     DEBUG main            d.u.i.k.p.i.AbstractProblemLoader Environment load took 41.5ns 
765811     INFO  main            d.u.i.k.p.i.AbstractProblemLoader Creating init config 
770206     DEBUG main            d.u.i.k.p.i.AbstractProblemLoader Init config took 4.4s 
770305     INFO  main            d.u.i.k.p.i.AbstractProblemLoader Replaying proof Plotter[ThreadSpec2::startTransfer()].JML accessible clause.0 
770441     DEBUG main            d.u.i.k.p.i.IntermediateProofReplayer Proof replay took 121.41ms 
770441     INFO  main            d.u.i.k.p.r.p.TestFile    ... success: loaded 
770442     INFO  main            d.u.i.k.p.r.p.TestFile    Now processing file /home/runner/work/key/key/key.core/../key.ui/examples/heap/permissions/threads/Plotter_joinTransfer_accessible.proof 
770442     INFO  main            d.u.i.k.p.i.AbstractProblemLoader Loading environment from /home/runner/work/key/key/key.core/../key.ui/examples/heap/permissions/threads/Plotter_joinTransfer_accessible.proof 
770442     DEBUG main            d.u.i.k.p.i.AbstractProblemLoader Environment load took 60ns 
770443     INFO  main            d.u.i.k.p.i.AbstractProblemLoader Creating init config 
774860     DEBUG main            d.u.i.k.p.i.AbstractProblemLoader Init config took 4.42s 
774939     INFO  main            d.u.i.k.p.i.AbstractProblemLoader Replaying proof Plotter[ThreadSpec2::joinTransfer()].JML accessible clause.0 
774946     WARN  main            d.u.i.k.p.i.IntermediateProofReplayer Proof contains wrong number of \assumes instatiations for Definition_axiom_for_stateInv_in_Plotter 
774948     WARN  main            d.u.i.k.p.i.IntermediateProofReplayer Proof contains wrong number of \assumes instatiations for Definition_axiom_for_stateInv_in_Plotter 
774949     WARN  main            d.u.i.k.p.i.IntermediateProofReplayer Proof contains wrong number of \assumes instatiations for Definition_axiom_for_workingPermissions_in_Plotter 
774950     WARN  main            d.u.i.k.p.i.IntermediateProofReplayer Proof contains wrong number of \assumes instatiations for Definition_axiom_for_staticPermissions_in_Plotter 
774950     WARN  main            d.u.i.k.p.i.IntermediateProofReplayer Proof contains wrong number of \assumes instatiations for Definition_axiom_for_joinTransfer_in_Plotter 
774952     WARN  main            d.u.i.k.p.i.IntermediateProofReplayer Proof contains wrong number of \assumes instatiations for Definition_axiom_for_stateInv_in_BFilter 
774953     WARN  main            d.u.i.k.p.i.IntermediateProofReplayer Proof contains wrong number of \assumes instatiations for Definition_axiom_for_stateInv_in_AFilter 
774954     WARN  main            d.u.i.k.p.i.IntermediateProofReplayer Proof contains wrong number of \assumes instatiations for Definition_axiom_for_stateInv_in_BFilter 
774956     WARN  main            d.u.i.k.p.i.IntermediateProofReplayer Proof contains wrong number of \assumes instatiations for Definition_axiom_for_stateInv_in_AFilter 
774957     WARN  main            d.u.i.k.p.i.IntermediateProofReplayer Proof contains wrong number of \assumes instatiations for Definition_axiom_for_staticPermissions_in_AFilter 
774957     WARN  main            d.u.i.k.p.i.IntermediateProofReplayer Proof contains wrong number of \assumes instatiations for Definition_axiom_for_staticPermissions_in_Plotter 
774958     WARN  main            d.u.i.k.p.i.IntermediateProofReplayer Proof contains wrong number of \assumes instatiations for Definition_axiom_for_staticPermissions_in_BFilter 
774959     WARN  main            d.u.i.k.p.i.IntermediateProofReplayer Proof contains wrong number of \assumes instatiations for Definition_axiom_for_workingPermissions_in_Plotter 
774959     WARN  main            d.u.i.k.p.i.IntermediateProofReplayer Proof contains wrong number of \assumes instatiations for Definition_axiom_for_stateInv_in_Sampler 
774960     WARN  main            d.u.i.k.p.i.IntermediateProofReplayer Proof contains wrong number of \assumes instatiations for Definition_axiom_for_stateInv_in_Sampler 
774960     WARN  main            d.u.i.k.p.i.IntermediateProofReplayer Proof contains wrong number of \assumes instatiations for Definition_axiom_for_staticPermissions_in_Sampler 
774961     WARN  main            d.u.i.k.p.i.IntermediateProofReplayer Proof contains wrong number of \assumes instatiations for Definition_axiom_for_staticPermissions_in_BFilter 
774961     WARN  main            d.u.i.k.p.i.IntermediateProofReplayer Proof contains wrong number of \assumes instatiations for Definition_axiom_for_staticPermissions_in_AFilter 
774962     WARN  main            d.u.i.k.p.i.IntermediateProofReplayer Proof contains wrong number of \assumes instatiations for Definition_axiom_for_staticPermissions_in_Sampler 
774962     WARN  main            d.u.i.k.p.i.IntermediateProofReplayer Proof contains wrong number of \assumes instatiations for Definition_axiom_for_staticPermissions_in_Sampler 
774963     WARN  main            d.u.i.k.p.i.IntermediateProofReplayer Proof contains wrong number of \assumes instatiations for Definition_axiom_for_staticPermissions_in_Sampler 
774963     WARN  main            d.u.i.k.p.i.IntermediateProofReplayer Proof contains wrong number of \assumes instatiations for Definition_axiom_for_joinTransfer_in_Plotter 
775038     DEBUG main            d.u.i.k.p.i.IntermediateProofReplayer Proof replay took 95.52ms 
775038     INFO  main            d.u.i.k.p.r.p.TestFile    ... success: loaded 
4830221    INFO  Test worker     d.u.i.k.p.r.RunAllProofsTestUnit Returning from test permissionHeap 
4830222    INFO  Test worker     d.u.i.k.p.r.RunAllProofsTestUnit Running test completionScopes 
353        INFO  Timeout watchdog d.u.i.k.p.r.p.ForkedTestFileRunner Timeout watcher launched (2000 secs.) 
371        WARN  main            d.u.i.k.s.ProofSettings   The settings in /home/runner/.key/proof-settings.props are *not* read. 
400        INFO  main            d.u.i.k.p.r.p.TestFile    Now processing file /home/runner/work/key/key/key.core/../key.ui/examples/completionscopes/testCcatchReturnVal.key 
521        INFO  main            d.u.i.k.p.i.AbstractProblemLoader Loading environment from /home/runner/work/key/key/key.core/../key.ui/examples/completionscopes/testCcatchReturnVal.key 
536        DEBUG main            d.u.i.k.p.i.AbstractProblemLoader Environment load took 1.94ms 
750        INFO  main            d.u.i.k.p.i.AbstractProblemLoader Creating init config 
1790       DEBUG main            d.u.i.k.j.TypeConverter   No LDT found for Meta 
1791       DEBUG main            d.u.i.k.j.TypeConverter   No LDT found for Meta 
1794       DEBUG main            d.u.i.k.j.TypeConverter   No LDT found for Meta 
1794       DEBUG main            d.u.i.k.j.TypeConverter   No LDT found for Meta 
3238       DEBUG main            d.u.i.k.j.TypeConverter   No LDT found for JavaBigintExpression 
7832       DEBUG main            d.u.i.k.p.i.AbstractProblemLoader Init config took 7.08s 
8033       INFO  main            d.u.i.k.p.i.AbstractProblemLoader Replaying proof CompletionScopes[CompletionScopes::testCcatchReturnVal()].JML normal_behavior operation contract.0 
8065       DEBUG main            d.u.i.k.p.i.IntermediateProofReplayer Proof replay took 30.1ns 
8599       INFO  main            d.u.i.k.p.r.p.TestFile    ... finished proof: closed. 
8687       INFO  main            d.u.i.k.p.i.AbstractProblemLoader Loading environment from /home/runner/work/key/key/key.core/../key.ui/examples/completionscopes/testCcatchReturnVal.key.proof 
8687       DEBUG main            d.u.i.k.p.i.AbstractProblemLoader Environment load took 121.7ns 
8689       INFO  main            d.u.i.k.p.i.AbstractProblemLoader Creating init config 
11304      DEBUG main            d.u.i.k.p.i.AbstractProblemLoader Init config took 2.62s 
11364      INFO  main            d.u.i.k.p.i.AbstractProblemLoader Replaying proof CompletionScopes[CompletionScopes::testCcatchReturnVal()].JML normal_behavior operation contract.0 
11408      DEBUG main            d.u.i.k.p.i.IntermediateProofReplayer Proof replay took 39.48ms 
11423      DEBUG main            d.u.i.k.p.r.p.TestFile    ... success: reloaded. 
11426      INFO  main            d.u.i.k.p.r.p.TestFile    Now processing file /home/runner/work/key/key/key.core/../key.ui/examples/completionscopes/testMultCcatchClauses.key 
11429      INFO  main            d.u.i.k.p.i.AbstractProblemLoader Loading environment from /home/runner/work/key/key/key.core/../key.ui/examples/completionscopes/testMultCcatchClauses.key 
11429      DEBUG main            d.u.i.k.p.i.AbstractProblemLoader Environment load took 129.7ns 
11431      INFO  main            d.u.i.k.p.i.AbstractProblemLoader Creating init config 
13978      DEBUG main            d.u.i.k.p.i.AbstractProblemLoader Init config took 2.55s 
14046      INFO  main            d.u.i.k.p.i.AbstractProblemLoader Replaying proof CompletionScopes[CompletionScopes::testMultCcatchClauses()].JML normal_behavior operation contract.0 
14048      DEBUG main            d.u.i.k.p.i.IntermediateProofReplayer Proof replay took 5.8ns 
14352      INFO  main            d.u.i.k.p.r.p.TestFile    ... finished proof: closed. 
14479      INFO  main            d.u.i.k.p.i.AbstractProblemLoader Loading environment from /home/runner/work/key/key/key.core/../key.ui/examples/completionscopes/testMultCcatchClauses.key.proof 
14480      DEBUG main            d.u.i.k.p.i.AbstractProblemLoader Environment load took 303.3ns 
14481      INFO  main            d.u.i.k.p.i.AbstractProblemLoader Creating init config 
16925      DEBUG main            d.u.i.k.p.i.AbstractProblemLoader Init config took 2.44s 
16975      INFO  main            d.u.i.k.p.i.AbstractProblemLoader Replaying proof CompletionScopes[CompletionScopes::testMultCcatchClauses()].JML normal_behavior operation contract.0 
17054      DEBUG main            d.u.i.k.p.i.IntermediateProofReplayer Proof replay took 75.59ms 
17057      DEBUG main            d.u.i.k.p.r.p.TestFile    ... success: reloaded. 
17058      INFO  main            d.u.i.k.p.r.p.TestFile    Now processing file /home/runner/work/key/key/key.core/../key.ui/examples/completionscopes/testNestedExec.key 
17059      INFO  main            d.u.i.k.p.i.AbstractProblemLoader Loading environment from /home/runner/work/key/key/key.core/../key.ui/examples/completionscopes/testNestedExec.key 
17059      DEBUG main            d.u.i.k.p.i.AbstractProblemLoader Environment load took 173ns 
17061      INFO  main            d.u.i.k.p.i.AbstractProblemLoader Creating init config 
19544      DEBUG main            d.u.i.k.p.i.AbstractProblemLoader Init config took 2.48s 
19592      INFO  main            d.u.i.k.p.i.AbstractProblemLoader Replaying proof CompletionScopes[CompletionScopes::testMultCcatchClauses()].JML normal_behavior operation contract.0 
19594      DEBUG main            d.u.i.k.p.i.IntermediateProofReplayer Proof replay took 5.3ns 
19797      INFO  main            d.u.i.k.p.r.p.TestFile    ... finished proof: closed. 
19933      INFO  main            d.u.i.k.p.i.AbstractProblemLoader Loading environment from /home/runner/work/key/key/key.core/../key.ui/examples/completionscopes/testNestedExec.key.proof 
19938      DEBUG main            d.u.i.k.p.i.AbstractProblemLoader Environment load took 5.07ms 
19939      INFO  main            d.u.i.k.p.i.AbstractProblemLoader Creating init config 
22335      DEBUG main            d.u.i.k.p.i.AbstractProblemLoader Init config took 2.4s 
22380      INFO  main            d.u.i.k.p.i.AbstractProblemLoader Replaying proof CompletionScopes[CompletionScopes::testMultCcatchClauses()].JML normal_behavior operation contract.0 
22464      DEBUG main            d.u.i.k.p.i.IntermediateProofReplayer Proof replay took 81.39ms 
22465      DEBUG main            d.u.i.k.p.r.p.TestFile    ... success: reloaded. 
22467      INFO  main            d.u.i.k.p.r.p.TestFile    Now processing file /home/runner/work/key/key/key.core/../key.ui/examples/completionscopes/testCcatchBreakLabel.key 
22467      INFO  main            d.u.i.k.p.i.AbstractProblemLoader Loading environment from /home/runner/work/key/key/key.core/../key.ui/examples/completionscopes/testCcatchBreakLabel.key 
22467      DEBUG main            d.u.i.k.p.i.AbstractProblemLoader Environment load took 154ns 
22469      INFO  main            d.u.i.k.p.i.AbstractProblemLoader Creating init config 
24906      DEBUG main            d.u.i.k.p.i.AbstractProblemLoader Init config took 2.44s 
24950      INFO  main            d.u.i.k.p.i.AbstractProblemLoader Replaying proof CompletionScopes[CompletionScopes::testBreakLabel()].JML normal_behavior operation contract.0 
24951      DEBUG main            d.u.i.k.p.i.IntermediateProofReplayer Proof replay took 5.2ns 
24965      DEBUG Thread-10       d.u.i.k.l.o.ProgramSV     Match failed: Former match of  SchemaVariable incompatible with  the current match. 
25053      INFO  main            d.u.i.k.p.r.p.TestFile    ... finished proof: closed. 
25206      INFO  main            d.u.i.k.p.i.AbstractProblemLoader Loading environment from /home/runner/work/key/key/key.core/../key.ui/examples/completionscopes/testCcatchBreakLabel.key.proof 
25206      DEBUG main            d.u.i.k.p.i.AbstractProblemLoader Environment load took 106.4ns 
25207      INFO  main            d.u.i.k.p.i.AbstractProblemLoader Creating init config 
27573      DEBUG main            d.u.i.k.p.i.AbstractProblemLoader Init config took 2.37s 
27615      INFO  main            d.u.i.k.p.i.AbstractProblemLoader Replaying proof CompletionScopes[CompletionScopes::testBreakLabel()].JML normal_behavior operation contract.0 
27624      DEBUG main            d.u.i.k.p.i.IntermediateProofReplayer Proof replay took 7.01ms 
27625      DEBUG main            d.u.i.k.p.r.p.TestFile    ... success: reloaded. 
27626      INFO  main            d.u.i.k.p.r.p.TestFile    Now processing file /home/runner/work/key/key/key.core/../key.ui/examples/completionscopes/testCcatchContinueLabel.key 
27626      INFO  main            d.u.i.k.p.i.AbstractProblemLoader Loading environment from /home/runner/work/key/key/key.core/../key.ui/examples/completionscopes/testCcatchContinueLabel.key 
27626      DEBUG main            d.u.i.k.p.i.AbstractProblemLoader Environment load took 155.4ns 
27627      INFO  main            d.u.i.k.p.i.AbstractProblemLoader Creating init config 
30006      DEBUG main            d.u.i.k.p.i.AbstractProblemLoader Init config took 2.38s 
30050      INFO  main            d.u.i.k.p.i.AbstractProblemLoader Replaying proof CompletionScopes[CompletionScopes::testContinueLabel()].JML normal_behavior operation contract.0 
30052      DEBUG main            d.u.i.k.p.i.IntermediateProofReplayer Proof replay took 5.7ns 
30068      DEBUG Thread-13       d.u.i.k.l.o.ProgramSV     Match failed: Former match of  SchemaVariable incompatible with  the current match. 
30155      INFO  main            d.u.i.k.p.r.p.TestFile    ... finished proof: closed. 
30299      INFO  main            d.u.i.k.p.i.AbstractProblemLoader Loading environment from /home/runner/work/key/key/key.core/../key.ui/examples/completionscopes/testCcatchContinueLabel.key.proof 
30299      DEBUG main            d.u.i.k.p.i.AbstractProblemLoader Environment load took 108.2ns 
30300      INFO  main            d.u.i.k.p.i.AbstractProblemLoader Creating init config 
32643      DEBUG main            d.u.i.k.p.i.AbstractProblemLoader Init config took 2.34s 
32690      INFO  main            d.u.i.k.p.i.AbstractProblemLoader Replaying proof CompletionScopes[CompletionScopes::testContinueLabel()].JML normal_behavior operation contract.0 
32700      DEBUG main            d.u.i.k.p.i.IntermediateProofReplayer Proof replay took 8.15ms 
32701      DEBUG main            d.u.i.k.p.r.p.TestFile    ... success: reloaded. 
32702      INFO  main            d.u.i.k.p.r.p.TestFile    Now processing file /home/runner/work/key/key/key.core/../key.ui/examples/completionscopes/testCcatchBreakLabelWildcard.key 
32702      INFO  main            d.u.i.k.p.i.AbstractProblemLoader Loading environment from /home/runner/work/key/key/key.core/../key.ui/examples/completionscopes/testCcatchBreakLabelWildcard.key 
32702      DEBUG main            d.u.i.k.p.i.AbstractProblemLoader Environment load took 87.7ns 
32705      INFO  main            d.u.i.k.p.i.AbstractProblemLoader Creating init config 
35101      DEBUG main            d.u.i.k.p.i.AbstractProblemLoader Init config took 2.4s 
35143      INFO  main            d.u.i.k.p.i.AbstractProblemLoader Replaying proof CompletionScopes[CompletionScopes::testBreakLabelWildcard()].JML normal_behavior operation contract.0 
35145      DEBUG main            d.u.i.k.p.i.IntermediateProofReplayer Proof replay took 5.7ns 
35160      DEBUG Thread-16       d.u.i.k.l.o.ProgramSV     Match failed: Former match of  SchemaVariable incompatible with  the current match. 
35161      DEBUG Thread-16       d.u.i.k.l.o.ProgramSV     Match failed: Former match of  SchemaVariable incompatible with  the current match. 
35247      INFO  main            d.u.i.k.p.r.p.TestFile    ... finished proof: closed. 
35387      INFO  main            d.u.i.k.p.i.AbstractProblemLoader Loading environment from /home/runner/work/key/key/key.core/../key.ui/examples/completionscopes/testCcatchBreakLabelWildcard.key.proof 
35387      DEBUG main            d.u.i.k.p.i.AbstractProblemLoader Environment load took 106.1ns 
35388      INFO  main            d.u.i.k.p.i.AbstractProblemLoader Creating init config 
37716      DEBUG main            d.u.i.k.p.i.AbstractProblemLoader Init config took 2.33s 
37756      INFO  main            d.u.i.k.p.i.AbstractProblemLoader Replaying proof CompletionScopes[CompletionScopes::testBreakLabelWildcard()].JML normal_behavior operation contract.0 
37764      DEBUG main            d.u.i.k.p.i.IntermediateProofReplayer Proof replay took 6.65ms 
37765      DEBUG main            d.u.i.k.p.r.p.TestFile    ... success: reloaded. 
37766      INFO  main            d.u.i.k.p.r.p.TestFile    Now processing file /home/runner/work/key/key/key.core/../key.ui/examples/completionscopes/testCcatchContinueLabelWildcard.key 
37766      INFO  main            d.u.i.k.p.i.AbstractProblemLoader Loading environment from /home/runner/work/key/key/key.core/../key.ui/examples/completionscopes/testCcatchContinueLabelWildcard.key 
37766      DEBUG main            d.u.i.k.p.i.AbstractProblemLoader Environment load took 166.4ns 
37767      INFO  main            d.u.i.k.p.i.AbstractProblemLoader Creating init config 
40106      DEBUG main            d.u.i.k.p.i.AbstractProblemLoader Init config took 2.34s 
40147      INFO  main            d.u.i.k.p.i.AbstractProblemLoader Replaying proof CompletionScopes[CompletionScopes::testContinueLabelWildcard()].JML normal_behavior operation contract.0 
40148      DEBUG main            d.u.i.k.p.i.IntermediateProofReplayer Proof replay took 6.1ns 
40164      DEBUG Thread-19       d.u.i.k.l.o.ProgramSV     Match failed: Former match of  SchemaVariable incompatible with  the current match. 
40165      DEBUG Thread-19       d.u.i.k.l.o.ProgramSV     Match failed: Former match of  SchemaVariable incompatible with  the current match. 
40251      INFO  main            d.u.i.k.p.r.p.TestFile    ... finished proof: closed. 
40393      INFO  main            d.u.i.k.p.i.AbstractProblemLoader Loading environment from /home/runner/work/key/key/key.core/../key.ui/examples/completionscopes/testCcatchContinueLabelWildcard.key.proof 
40393      DEBUG main            d.u.i.k.p.i.AbstractProblemLoader Environment load took 104.8ns 
40394      INFO  main            d.u.i.k.p.i.AbstractProblemLoader Creating init config 
42675      DEBUG main            d.u.i.k.p.i.AbstractProblemLoader Init config took 2.28s 
42721      INFO  main            d.u.i.k.p.i.AbstractProblemLoader Replaying proof CompletionScopes[CompletionScopes::testContinueLabelWildcard()].JML normal_behavior operation contract.0 
42730      DEBUG main            d.u.i.k.p.i.IntermediateProofReplayer Proof replay took 7.1ms 
42730      DEBUG main            d.u.i.k.p.r.p.TestFile    ... success: reloaded. 
42731      INFO  main            d.u.i.k.p.r.p.TestFile    Now processing file /home/runner/work/key/key/key.core/../key.ui/examples/completionscopes/testCcatchBreakLabelNonmatchingNested.key 
42732      INFO  main            d.u.i.k.p.i.AbstractProblemLoader Loading environment from /home/runner/work/key/key/key.core/../key.ui/examples/completionscopes/testCcatchBreakLabelNonmatchingNested.key 
42732      DEBUG main            d.u.i.k.p.i.AbstractProblemLoader Environment load took 143ns 
42733      INFO  main            d.u.i.k.p.i.AbstractProblemLoader Creating init config 
45069      DEBUG main            d.u.i.k.p.i.AbstractProblemLoader Init config took 2.34s 
45119      INFO  main            d.u.i.k.p.i.AbstractProblemLoader Replaying proof CompletionScopes[CompletionScopes::testBreakLabelNonmatchingNested()].JML normal_behavior operation contract.0 
45121      DEBUG main            d.u.i.k.p.i.IntermediateProofReplayer Proof replay took 5.4ns 
45138      DEBUG Thread-22       d.u.i.k.l.o.ProgramSV     Match failed: Former match of  SchemaVariable incompatible with  the current match. 
45139      DEBUG Thread-22       d.u.i.k.l.o.ProgramSV     Match failed: Former match of  SchemaVariable incompatible with  the current match. 
45223      INFO  main            d.u.i.k.p.r.p.TestFile    ... finished proof: closed. 
45389      INFO  main            d.u.i.k.p.i.AbstractProblemLoader Loading environment from /home/runner/work/key/key/key.core/../key.ui/examples/completionscopes/testCcatchBreakLabelNonmatchingNested.key.proof 
45389      DEBUG main            d.u.i.k.p.i.AbstractProblemLoader Environment load took 112.5ns 
45390      INFO  main            d.u.i.k.p.i.AbstractProblemLoader Creating init config 
47691      DEBUG main            d.u.i.k.p.i.AbstractProblemLoader Init config took 2.3s 
47734      INFO  main            d.u.i.k.p.i.AbstractProblemLoader Replaying proof CompletionScopes[CompletionScopes::testBreakLabelNonmatchingNested()].JML normal_behavior operation contract.0 
47744      DEBUG main            d.u.i.k.p.i.IntermediateProofReplayer Proof replay took 7.58ms 
47744      DEBUG main            d.u.i.k.p.r.p.TestFile    ... success: reloaded. 
4878129    INFO  Test worker     d.u.i.k.p.r.RunAllProofsTestUnit Returning from test completionScopes 
4878133    INFO  Test worker     d.u.i.k.p.r.RunAllProofsTestUnit Running test reload_examples 
358        INFO  Timeout watchdog d.u.i.k.p.r.p.ForkedTestFileRunner Timeout watcher launched (2000 secs.) 
378        WARN  main            d.u.i.k.s.ProofSettings   The settings in /home/runner/.key/proof-settings.props are *not* read. 
415        INFO  main            d.u.i.k.p.r.p.TestFile    Now processing file /home/runner/work/key/key/key.core/../key.ui/examples/firstTouch/05-ReverseArray/reverseArray.key 
518        INFO  main            d.u.i.k.p.i.AbstractProblemLoader Loading environment from /home/runner/work/key/key/key.core/../key.ui/examples/firstTouch/05-ReverseArray/reverseArray.key 
533        DEBUG main            d.u.i.k.p.i.AbstractProblemLoader Environment load took 1.67ms 
751        INFO  main            d.u.i.k.p.i.AbstractProblemLoader Creating init config 
1622       DEBUG main            d.u.i.k.j.TypeConverter   No LDT found for Meta 
1623       DEBUG main            d.u.i.k.j.TypeConverter   No LDT found for Meta 
1626       DEBUG main            d.u.i.k.j.TypeConverter   No LDT found for Meta 
1626       DEBUG main            d.u.i.k.j.TypeConverter   No LDT found for Meta 
2847       DEBUG main            d.u.i.k.j.TypeConverter   No LDT found for JavaBigintExpression 
7835       DEBUG main            d.u.i.k.p.i.AbstractProblemLoader Init config took 7.08s 
7942       INFO  main            d.u.i.k.p.i.AbstractProblemLoader Replaying proof ReverseArray[ReverseArray::reverse()].JML normal_behavior operation contract.0 
7989       DEBUG main            d.u.i.k.p.i.IntermediateProofReplayer Proof replay took 31.5ns 
17876      INFO  main            d.u.i.k.p.r.p.TestFile    ... finished proof: closed. 
18112      INFO  main            d.u.i.k.p.i.AbstractProblemLoader Loading environment from /home/runner/work/key/key/key.core/../key.ui/examples/firstTouch/05-ReverseArray/reverseArray.key.proof 
18112      DEBUG main            d.u.i.k.p.i.AbstractProblemLoader Environment load took 844ns 
18118      INFO  main            d.u.i.k.p.i.AbstractProblemLoader Creating init config 
20827      DEBUG main            d.u.i.k.p.i.AbstractProblemLoader Init config took 2.71s 
20884      INFO  main            d.u.i.k.p.i.AbstractProblemLoader Replaying proof ReverseArray[ReverseArray::reverse()].JML normal_behavior operation contract.0 
22067      DEBUG main            d.u.i.k.p.i.IntermediateProofReplayer Proof replay took 1.13s 
22080      DEBUG main            d.u.i.k.p.r.p.TestFile    ... success: reloaded. 
22085      INFO  main            d.u.i.k.p.r.p.TestFile    Now processing file /home/runner/work/key/key/key.core/../key.ui/examples/standard_key/arith/saveProofTest.key.proof 
22086      INFO  main            d.u.i.k.p.i.AbstractProblemLoader Loading environment from /home/runner/work/key/key/key.core/../key.ui/examples/standard_key/arith/saveProofTest.key.proof 
22086      DEBUG main            d.u.i.k.p.i.AbstractProblemLoader Environment load took 186.3ns 
22089      INFO  main            d.u.i.k.p.i.AbstractProblemLoader Creating init config 
24591      DEBUG main            d.u.i.k.p.i.AbstractProblemLoader Init config took 2.5s 
24618      INFO  main            d.u.i.k.p.i.AbstractProblemLoader Replaying proof saveProofTest.key.proof 
24625      DEBUG main            d.u.i.k.p.i.IntermediateProofReplayer Proof replay took 2.76ms 
24625      INFO  main            d.u.i.k.p.r.p.TestFile    ... success: loaded 
24627      INFO  main            d.u.i.k.p.r.p.TestFile    Now processing file /home/runner/work/key/key/key.core/../key.ui/examples/heap/permutedSum/perm.proof 
24627      INFO  main            d.u.i.k.p.i.AbstractProblemLoader Loading environment from /home/runner/work/key/key/key.core/../key.ui/examples/heap/permutedSum/perm.proof 
24627      DEBUG main            d.u.i.k.p.i.AbstractProblemLoader Environment load took 169.1ns 
24629      INFO  main            d.u.i.k.p.i.AbstractProblemLoader Creating init config 
27286      DEBUG main            d.u.i.k.p.i.AbstractProblemLoader Init config took 2.66s 
27355      INFO  main            d.u.i.k.p.i.AbstractProblemLoader Replaying proof Perm[Perm::foo()].JML normal_behavior operation contract.0 
28397      DEBUG main            d.u.i.k.p.i.IntermediateProofReplayer Proof replay took 993.86ms 
28399      INFO  main            d.u.i.k.p.r.p.TestFile    ... success: loaded 
28400      INFO  main            d.u.i.k.p.r.p.TestFile    Now processing file /home/runner/work/key/key/key.core/../key.ui/examples/firstTouch/05-ReverseArray/reverseArray.proof 
28401      INFO  main            d.u.i.k.p.i.AbstractProblemLoader Loading environment from /home/runner/work/key/key/key.core/../key.ui/examples/firstTouch/05-ReverseArray/reverseArray.proof 
28401      DEBUG main            d.u.i.k.p.i.AbstractProblemLoader Environment load took 174.4ns 
28403      INFO  main            d.u.i.k.p.i.AbstractProblemLoader Creating init config 
30987      DEBUG main            d.u.i.k.p.i.AbstractProblemLoader Init config took 2.58s 
31030      INFO  main            d.u.i.k.p.i.AbstractProblemLoader Replaying proof ReverseArray[ReverseArray::reverse()].JML normal_behavior operation contract.0 
32008      DEBUG main            d.u.i.k.p.i.IntermediateProofReplayer Proof replay took 943.05ms 
32011      INFO  main            d.u.i.k.p.r.p.TestFile    ... success: loaded 
32012      INFO  main            d.u.i.k.p.r.p.TestFile    Now processing file /home/runner/work/key/key/key.core/../key.ui/examples/heap/verifyThis15_1_RelaxedPrefix/relax.proof 
32012      INFO  main            d.u.i.k.p.i.AbstractProblemLoader Loading environment from /home/runner/work/key/key/key.core/../key.ui/examples/heap/verifyThis15_1_RelaxedPrefix/relax.proof 
32012      DEBUG main            d.u.i.k.p.i.AbstractProblemLoader Environment load took 86ns 
32014      INFO  main            d.u.i.k.p.i.AbstractProblemLoader Creating init config 
34528      DEBUG main            d.u.i.k.p.i.AbstractProblemLoader Init config took 2.51s 
34572      INFO  main            d.u.i.k.p.i.AbstractProblemLoader Replaying proof Relaxed[Relaxed::isRelaxedPrefix([I,[I)].JML operation contract.0 
35045      DEBUG main            d.u.i.k.p.i.IntermediateProofReplayer Proof replay took 457.85ms 
35047      INFO  main            d.u.i.k.p.r.p.TestFile    ... success: loaded 
35048      INFO  main            d.u.i.k.p.r.p.TestFile    Now processing file /home/runner/work/key/key/key.core/../key.ui/examples/heap/verifyThis15_3_DLL/doUndo.proof 
35048      INFO  main            d.u.i.k.p.i.AbstractProblemLoader Loading environment from /home/runner/work/key/key/key.core/../key.ui/examples/heap/verifyThis15_3_DLL/doUndo.proof 
35049      DEBUG main            d.u.i.k.p.i.AbstractProblemLoader Environment load took 156.6ns 
35050      INFO  main            d.u.i.k.p.i.AbstractProblemLoader Creating init config 
35963      DEBUG main            d.u.i.k.j.r.ClassPreparationMethodBuilder clPrepBuilder: Inner Class detected. Reject building class initialisation methods. 
37773      DEBUG main            d.u.i.k.p.i.AbstractProblemLoader Init config took 2.72s 
37849      INFO  main            d.u.i.k.p.i.AbstractProblemLoader Replaying proof DoubleLinkedList[DoubleLinkedList::doUndo(DoubleLinkedList.Node,int)].JML normal_behavior operation contract.0 
38575      DEBUG main            d.u.i.k.p.i.IntermediateProofReplayer Proof replay took 699.57ms 
38577      INFO  main            d.u.i.k.p.r.p.TestFile    ... success: loaded 
38578      INFO  main            d.u.i.k.p.r.p.TestFile    Now processing file /home/runner/work/key/key/key.core/../key.ui/examples/heap/verifyThis15_2_ParallelGcd/parallelGcd.proof 
38579      INFO  main            d.u.i.k.p.i.AbstractProblemLoader Loading environment from /home/runner/work/key/key/key.core/../key.ui/examples/heap/verifyThis15_2_ParallelGcd/parallelGcd.proof 
38579      DEBUG main            d.u.i.k.p.i.AbstractProblemLoader Environment load took 157.6ns 
38580      INFO  main            d.u.i.k.p.i.AbstractProblemLoader Creating init config 
41178      DEBUG main            d.u.i.k.p.i.AbstractProblemLoader Init config took 2.6s 
41226      INFO  main            d.u.i.k.p.i.AbstractProblemLoader Replaying proof ParallelGcd[ParallelGcd::parallelGcd(int,int,[Z)].JML behavior operation contract.0 
41727      DEBUG main            d.u.i.k.p.i.IntermediateProofReplayer Proof replay took 488.63ms 
41728      INFO  main            d.u.i.k.p.r.p.TestFile    ... success: loaded 
4920031    INFO  Test worker     d.u.i.k.p.r.RunAllProofsTestUnit Returning from test reload_examples 
4920033    INFO  Test worker     d.u.i.k.p.r.RunAllProofsTestUnit Running test proofLoadRepair 
373        INFO  Timeout watchdog d.u.i.k.p.r.p.ForkedTestFileRunner Timeout watcher launched (2000 secs.) 
394        WARN  main            d.u.i.k.s.ProofSettings   The settings in /home/runner/.key/proof-settings.props are *not* read. 
437        INFO  main            d.u.i.k.p.r.p.TestFile    Now processing file /home/runner/work/key/key/key.core/../key.ui/examples/proofLoadRepair/disjConj-manipulated.proof 
579        INFO  main            d.u.i.k.p.i.AbstractProblemLoader Loading environment from /home/runner/work/key/key/key.core/../key.ui/examples/proofLoadRepair/disjConj-manipulated.proof 
595        DEBUG main            d.u.i.k.p.i.AbstractProblemLoader Environment load took 1.98ms 
821        INFO  main            d.u.i.k.p.i.AbstractProblemLoader Creating init config 
1701       DEBUG main            d.u.i.k.j.TypeConverter   No LDT found for Meta 
1701       DEBUG main            d.u.i.k.j.TypeConverter   No LDT found for Meta 
1703       DEBUG main            d.u.i.k.j.TypeConverter   No LDT found for Meta 
1703       DEBUG main            d.u.i.k.j.TypeConverter   No LDT found for Meta 
3252       DEBUG main            d.u.i.k.j.TypeConverter   No LDT found for JavaBigintExpression 
7780       DEBUG main            d.u.i.k.p.i.AbstractProblemLoader Init config took 6.96s 
7838       INFO  main            d.u.i.k.p.i.AbstractProblemLoader Replaying proof disjConj-manipulated.proof 
7879       WARN  main            d.u.i.k.p.i.IntermediateProofReplayer Proof contains wrong number of \assumes instatiations for andLeft 
7880       WARN  main            d.u.i.k.p.i.IntermediateProofReplayer Proof contains wrong number of \assumes instatiations for replace_known_right 
7883       WARN  main            d.u.i.k.p.i.IntermediateProofReplayer Proof contains wrong number of \assumes instatiations for close 
7884       DEBUG main            d.u.i.k.p.i.IntermediateProofReplayer Proof replay took 15.61ms 
7888       INFO  main            d.u.i.k.p.r.p.TestFile    ... success: loaded 
7891       INFO  main            d.u.i.k.p.r.p.TestFile    Now processing file /home/runner/work/key/key/key.core/../key.ui/examples/proofLoadRepair/insufficient-manipulated.proof 
7892       INFO  main            d.u.i.k.p.i.AbstractProblemLoader Loading environment from /home/runner/work/key/key/key.core/../key.ui/examples/proofLoadRepair/insufficient-manipulated.proof 
7892       DEBUG main            d.u.i.k.p.i.AbstractProblemLoader Environment load took 236.7ns 
7895       INFO  main            d.u.i.k.p.i.AbstractProblemLoader Creating init config 
10417      DEBUG main            d.u.i.k.p.i.AbstractProblemLoader Init config took 2.52s 
10440      INFO  main            d.u.i.k.p.i.AbstractProblemLoader Replaying proof insufficient-manipulated.proof 
10468      WARN  main            d.u.i.k.p.i.IntermediateProofReplayer Proof contains wrong number of \assumes instatiations for applyEq 
10479      DEBUG main            d.u.i.k.p.i.IntermediateProofReplayer Proof replay took 17.36ms 
10482      INFO  main            d.u.i.k.p.r.p.TestFile    ... success: loading failed 
10483      INFO  main            d.u.i.k.p.r.p.TestFile    Now processing file /home/runner/work/key/key/key.core/../key.ui/examples/../../key.core/src/test/resources/testcase/issues/1716/incorrectPolarity.proof 
10483      INFO  main            d.u.i.k.p.i.AbstractProblemLoader Loading environment from /home/runner/work/key/key/key.core/../key.ui/examples/../../key.core/src/test/resources/testcase/issues/1716/incorrectPolarity.proof 
10484      DEBUG main            d.u.i.k.p.i.AbstractProblemLoader Environment load took 182ns 
10486      INFO  main            d.u.i.k.p.i.AbstractProblemLoader Creating init config 
13093      DEBUG main            d.u.i.k.p.i.AbstractProblemLoader Init config took 2.61s 
13125      INFO  main            d.u.i.k.p.i.AbstractProblemLoader Replaying proof incorrectPolarity.proof 
13127      DEBUG main            d.u.i.k.p.i.IntermediateProofReplayer Proof replay took 185.3ns 
13127      INFO  main            d.u.i.k.p.r.p.TestFile    ... success: loading failed 
13128      INFO  main            d.u.i.k.p.r.p.TestFile    Now processing file /home/runner/work/key/key/key.core/../key.ui/examples/../../key.core/src/test/resources/testcase/issues/1716/incorrectPolarity2.proof 
13128      INFO  main            d.u.i.k.p.i.AbstractProblemLoader Loading environment from /home/runner/work/key/key/key.core/../key.ui/examples/../../key.core/src/test/resources/testcase/issues/1716/incorrectPolarity2.proof 
13128      DEBUG main            d.u.i.k.p.i.AbstractProblemLoader Environment load took 98.4ns 
13129      INFO  main            d.u.i.k.p.i.AbstractProblemLoader Creating init config 
15493      DEBUG main            d.u.i.k.p.i.AbstractProblemLoader Init config took 2.36s 
15516      INFO  main            d.u.i.k.p.i.AbstractProblemLoader Replaying proof incorrectPolarity2.proof 
15518      DEBUG main            d.u.i.k.p.i.IntermediateProofReplayer Proof replay took 301.3ns 
15519      INFO  main            d.u.i.k.p.r.p.TestFile    ... success: loading failed 
15520      INFO  main            d.u.i.k.p.r.p.TestFile    Now processing file /home/runner/work/key/key/key.core/../key.ui/examples/../../key.core/src/test/resources/testcase/issues/1716/incorrectPolarity3.proof 
15521      INFO  main            d.u.i.k.p.i.AbstractProblemLoader Loading environment from /home/runner/work/key/key/key.core/../key.ui/examples/../../key.core/src/test/resources/testcase/issues/1716/incorrectPolarity3.proof 
15521      DEBUG main            d.u.i.k.p.i.AbstractProblemLoader Environment load took 172.6ns 
15522      INFO  main            d.u.i.k.p.i.AbstractProblemLoader Creating init config 
17775      DEBUG main            d.u.i.k.p.i.AbstractProblemLoader Init config took 2.25s 
17796      INFO  main            d.u.i.k.p.i.AbstractProblemLoader Replaying proof incorrectPolarity3.proof 
17799      DEBUG main            d.u.i.k.p.i.IntermediateProofReplayer Proof replay took 1.58ms 
17800      INFO  main            d.u.i.k.p.r.p.TestFile    ... success: loading failed 
4938000    INFO  Test worker     d.u.i.k.p.r.RunAllProofsTestUnit Returning from test proofLoadRepair 
4938001    INFO  Test worker     d.u.i.k.p.r.RunAllProofsTestUnit Running test switch 
359        INFO  Timeout watchdog d.u.i.k.p.r.p.ForkedTestFileRunner Timeout watcher launched (2000 secs.) 
384        WARN  main            d.u.i.k.s.ProofSettings   The settings in /home/runner/.key/proof-settings.props are *not* read. 
429        INFO  main            d.u.i.k.p.r.p.TestFile    Now processing file /home/runner/work/key/key/key.core/../key.ui/examples/standard_key/java_dl/switch/labeled_case.key 
549        INFO  main            d.u.i.k.p.i.AbstractProblemLoader Loading environment from /home/runner/work/key/key/key.core/../key.ui/examples/standard_key/java_dl/switch/labeled_case.key 
564        DEBUG main            d.u.i.k.p.i.AbstractProblemLoader Environment load took 1.87ms 
769        INFO  main            d.u.i.k.p.i.AbstractProblemLoader Creating init config 
1720       DEBUG main            d.u.i.k.j.TypeConverter   No LDT found for Meta 
1721       DEBUG main            d.u.i.k.j.TypeConverter   No LDT found for Meta 
1724       DEBUG main            d.u.i.k.j.TypeConverter   No LDT found for Meta 
1724       DEBUG main            d.u.i.k.j.TypeConverter   No LDT found for Meta 
2981       DEBUG main            d.u.i.k.j.TypeConverter   No LDT found for JavaBigintExpression 
7576       DEBUG main            d.u.i.k.p.i.AbstractProblemLoader Init config took 6.81s 
7714       INFO  main            d.u.i.k.p.i.AbstractProblemLoader Replaying proof LabeledCase[LabeledCase::m(int)].JML normal_behavior operation contract.0 
7745       DEBUG main            d.u.i.k.p.i.IntermediateProofReplayer Proof replay took 32.4ns 
8368       INFO  main            d.u.i.k.p.r.p.TestFile    ... finished proof: closed. 
8471       INFO  main            d.u.i.k.p.i.AbstractProblemLoader Loading environment from /home/runner/work/key/key/key.core/../key.ui/examples/standard_key/java_dl/switch/labeled_case.key.proof 
8473       DEBUG main            d.u.i.k.p.i.AbstractProblemLoader Environment load took 2.23ms 
8475       INFO  main            d.u.i.k.p.i.AbstractProblemLoader Creating init config 
11126      DEBUG main            d.u.i.k.p.i.AbstractProblemLoader Init config took 2.65s 
11198      INFO  main            d.u.i.k.p.i.AbstractProblemLoader Replaying proof LabeledCase[LabeledCase::m(int)].JML normal_behavior operation contract.0 
11299      DEBUG main            d.u.i.k.p.i.IntermediateProofReplayer Proof replay took 96.14ms 
11312      DEBUG main            d.u.i.k.p.r.p.TestFile    ... success: reloaded. 
11313      INFO  main            d.u.i.k.p.r.p.TestFile    Now processing file /home/runner/work/key/key/key.core/../key.ui/examples/standard_key/java_dl/switch/empty_switch.key 
11316      INFO  main            d.u.i.k.p.i.AbstractProblemLoader Loading environment from /home/runner/work/key/key/key.core/../key.ui/examples/standard_key/java_dl/switch/empty_switch.key 
11316      DEBUG main            d.u.i.k.p.i.AbstractProblemLoader Environment load took 123.4ns 
11317      INFO  main            d.u.i.k.p.i.AbstractProblemLoader Creating init config 
13883      DEBUG main            d.u.i.k.p.i.AbstractProblemLoader Init config took 2.57s 
13912      INFO  main            d.u.i.k.p.i.AbstractProblemLoader Replaying proof empty_switch.key 
13918      DEBUG main            d.u.i.k.p.i.IntermediateProofReplayer Proof replay took 88.8ns 
14021      INFO  main            d.u.i.k.p.r.p.TestFile    ... finished proof: closed. 
14137      INFO  main            d.u.i.k.p.i.AbstractProblemLoader Loading environment from /home/runner/work/key/key/key.core/../key.ui/examples/standard_key/java_dl/switch/empty_switch.key.proof 
14137      DEBUG main            d.u.i.k.p.i.AbstractProblemLoader Environment load took 115.5ns 
14138      INFO  main            d.u.i.k.p.i.AbstractProblemLoader Creating init config 
16614      DEBUG main            d.u.i.k.p.i.AbstractProblemLoader Init config took 2.48s 
16638      INFO  main            d.u.i.k.p.i.AbstractProblemLoader Replaying proof empty_switch.key.proof 
16642      DEBUG main            d.u.i.k.p.i.IntermediateProofReplayer Proof replay took 1.65ms 
16642      DEBUG main            d.u.i.k.p.r.p.TestFile    ... success: reloaded. 
16643      INFO  main            d.u.i.k.p.r.p.TestFile    Now processing file /home/runner/work/key/key/key.core/../key.ui/examples/standard_key/java_dl/switch/empty_switch_null.key 
16643      INFO  main            d.u.i.k.p.i.AbstractProblemLoader Loading environment from /home/runner/work/key/key/key.core/../key.ui/examples/standard_key/java_dl/switch/empty_switch_null.key 
16644      DEBUG main            d.u.i.k.p.i.AbstractProblemLoader Environment load took 171ns 
16645      INFO  main            d.u.i.k.p.i.AbstractProblemLoader Creating init config 
19000      DEBUG main            d.u.i.k.p.i.AbstractProblemLoader Init config took 2.36s 
19021      INFO  main            d.u.i.k.p.i.AbstractProblemLoader Replaying proof empty_switch_null.key 
19023      DEBUG main            d.u.i.k.p.i.IntermediateProofReplayer Proof replay took 5ns 
19225      INFO  main            d.u.i.k.p.r.p.TestFile    ... finished proof: closed. 
19341      INFO  main            d.u.i.k.p.i.AbstractProblemLoader Loading environment from /home/runner/work/key/key/key.core/../key.ui/examples/standard_key/java_dl/switch/empty_switch_null.key.proof 
19341      DEBUG main            d.u.i.k.p.i.AbstractProblemLoader Environment load took 115.1ns 
19343      INFO  main            d.u.i.k.p.i.AbstractProblemLoader Creating init config 
21694      DEBUG main            d.u.i.k.p.i.AbstractProblemLoader Init config took 2.35s 
21715      INFO  main            d.u.i.k.p.i.AbstractProblemLoader Replaying proof empty_switch_null.key.proof 
21745      DEBUG main            d.u.i.k.p.i.IntermediateProofReplayer Proof replay took 27ms 
21746      DEBUG main            d.u.i.k.p.r.p.TestFile    ... success: reloaded. 
21746      INFO  main            d.u.i.k.p.r.p.TestFile    Now processing file /home/runner/work/key/key/key.core/../key.ui/examples/standard_key/java_dl/switch/empty_switch_null_catch.key 
21747      INFO  main            d.u.i.k.p.i.AbstractProblemLoader Loading environment from /home/runner/work/key/key/key.core/../key.ui/examples/standard_key/java_dl/switch/empty_switch_null_catch.key 
21747      DEBUG main            d.u.i.k.p.i.AbstractProblemLoader Environment load took 162.2ns 
21748      INFO  main            d.u.i.k.p.i.AbstractProblemLoader Creating init config 
24090      DEBUG main            d.u.i.k.p.i.AbstractProblemLoader Init config took 2.34s 
24112      INFO  main            d.u.i.k.p.i.AbstractProblemLoader Replaying proof empty_switch_null_catch.key 
24113      DEBUG main            d.u.i.k.p.i.IntermediateProofReplayer Proof replay took 5.7ns 
24319      INFO  main            d.u.i.k.p.r.p.TestFile    ... finished proof: closed. 
24450      INFO  main            d.u.i.k.p.i.AbstractProblemLoader Loading environment from /home/runner/work/key/key/key.core/../key.ui/examples/standard_key/java_dl/switch/empty_switch_null_catch.key.proof 
24451      DEBUG main            d.u.i.k.p.i.AbstractProblemLoader Environment load took 430.4ns 
24452      INFO  main            d.u.i.k.p.i.AbstractProblemLoader Creating init config 
26745      DEBUG main            d.u.i.k.p.i.AbstractProblemLoader Init config took 2.29s 
26764      INFO  main            d.u.i.k.p.i.AbstractProblemLoader Replaying proof empty_switch_null_catch.key.proof 
26799      DEBUG main            d.u.i.k.p.i.IntermediateProofReplayer Proof replay took 31.85ms 
26800      DEBUG main            d.u.i.k.p.r.p.TestFile    ... success: reloaded. 
26800      INFO  main            d.u.i.k.p.r.p.TestFile    Now processing file /home/runner/work/key/key/key.core/../key.ui/examples/standard_key/java_dl/switch/empty_switch_array_out_of_bounds.key 
26801      INFO  main            d.u.i.k.p.i.AbstractProblemLoader Loading environment from /home/runner/work/key/key/key.core/../key.ui/examples/standard_key/java_dl/switch/empty_switch_array_out_of_bounds.key 
26801      DEBUG main            d.u.i.k.p.i.AbstractProblemLoader Environment load took 157.6ns 
26802      INFO  main            d.u.i.k.p.i.AbstractProblemLoader Creating init config 
29154      DEBUG main            d.u.i.k.p.i.AbstractProblemLoader Init config took 2.35s 
29173      INFO  main            d.u.i.k.p.i.AbstractProblemLoader Replaying proof empty_switch_array_out_of_bounds.key 
29176      DEBUG main            d.u.i.k.p.i.IntermediateProofReplayer Proof replay took 13ns 
29383      INFO  main            d.u.i.k.p.r.p.TestFile    ... finished proof: closed. 
29524      INFO  main            d.u.i.k.p.i.AbstractProblemLoader Loading environment from /home/runner/work/key/key/key.core/../key.ui/examples/standard_key/java_dl/switch/empty_switch_array_out_of_bounds.key.proof 
29528      DEBUG main            d.u.i.k.p.i.AbstractProblemLoader Environment load took 3.86ms 
29529      INFO  main            d.u.i.k.p.i.AbstractProblemLoader Creating init config 
31824      DEBUG main            d.u.i.k.p.i.AbstractProblemLoader Init config took 2.29s 
31842      INFO  main            d.u.i.k.p.i.AbstractProblemLoader Replaying proof empty_switch_array_out_of_bounds.key.proof 
31911      DEBUG main            d.u.i.k.p.i.IntermediateProofReplayer Proof replay took 65.5ms 
31912      DEBUG main            d.u.i.k.p.r.p.TestFile    ... success: reloaded. 
31913      INFO  main            d.u.i.k.p.r.p.TestFile    Now processing file /home/runner/work/key/key/key.core/../key.ui/examples/standard_key/java_dl/switch/empty_switch_array_out_of_bounds_catch.key 
31913      INFO  main            d.u.i.k.p.i.AbstractProblemLoader Loading environment from /home/runner/work/key/key/key.core/../key.ui/examples/standard_key/java_dl/switch/empty_switch_array_out_of_bounds_catch.key 
31914      DEBUG main            d.u.i.k.p.i.AbstractProblemLoader Environment load took 196.6ns 
31915      INFO  main            d.u.i.k.p.i.AbstractProblemLoader Creating init config 
34225      DEBUG main            d.u.i.k.p.i.AbstractProblemLoader Init config took 2.31s 
34245      INFO  main            d.u.i.k.p.i.AbstractProblemLoader Replaying proof empty_switch_array_out_of_bounds_catch.key 
34248      DEBUG main            d.u.i.k.p.i.IntermediateProofReplayer Proof replay took 5.2ns 
34451      INFO  main            d.u.i.k.p.r.p.TestFile    ... finished proof: closed. 
34672      INFO  main            d.u.i.k.p.i.AbstractProblemLoader Loading environment from /home/runner/work/key/key/key.core/../key.ui/examples/standard_key/java_dl/switch/empty_switch_array_out_of_bounds_catch.key.proof 
34673      DEBUG main            d.u.i.k.p.i.AbstractProblemLoader Environment load took 103.5ns 
34674      INFO  main            d.u.i.k.p.i.AbstractProblemLoader Creating init config 
36954      DEBUG main            d.u.i.k.p.i.AbstractProblemLoader Init config took 2.28s 
36974      INFO  main            d.u.i.k.p.i.AbstractProblemLoader Replaying proof empty_switch_array_out_of_bounds_catch.key.proof 
37008      DEBUG main            d.u.i.k.p.i.IntermediateProofReplayer Proof replay took 31.18ms 
37009      DEBUG main            d.u.i.k.p.r.p.TestFile    ... success: reloaded. 
37010      INFO  main            d.u.i.k.p.r.p.TestFile    Now processing file /home/runner/work/key/key/key.core/../key.ui/examples/standard_key/java_dl/switch/switch_in_switch.key 
37010      INFO  main            d.u.i.k.p.i.AbstractProblemLoader Loading environment from /home/runner/work/key/key/key.core/../key.ui/examples/standard_key/java_dl/switch/switch_in_switch.key 
37010      DEBUG main            d.u.i.k.p.i.AbstractProblemLoader Environment load took 149.1ns 
37011      INFO  main            d.u.i.k.p.i.AbstractProblemLoader Creating init config 
39434      DEBUG main            d.u.i.k.p.i.AbstractProblemLoader Init config took 2.42s 
39490      INFO  main            d.u.i.k.p.i.AbstractProblemLoader Replaying proof SwitchInSwitch[SwitchInSwitch::m(int)].JML normal_behavior operation contract.0 
39492      DEBUG main            d.u.i.k.p.i.IntermediateProofReplayer Proof replay took 5.6ns 
43628      INFO  main            d.u.i.k.p.r.p.TestFile    ... finished proof: closed. 
43848      INFO  main            d.u.i.k.p.i.AbstractProblemLoader Loading environment from /home/runner/work/key/key/key.core/../key.ui/examples/standard_key/java_dl/switch/switch_in_switch.key.proof 
43852      DEBUG main            d.u.i.k.p.i.AbstractProblemLoader Environment load took 4.64ms 
43854      INFO  main            d.u.i.k.p.i.AbstractProblemLoader Creating init config 
46200      DEBUG main            d.u.i.k.p.i.AbstractProblemLoader Init config took 2.35s 
46242      INFO  main            d.u.i.k.p.i.AbstractProblemLoader Replaying proof SwitchInSwitch[SwitchInSwitch::m(int)].JML normal_behavior operation contract.0 
46677      DEBUG main            d.u.i.k.p.i.IntermediateProofReplayer Proof replay took 406.17ms 
46679      DEBUG main            d.u.i.k.p.r.p.TestFile    ... success: reloaded. 
46680      INFO  main            d.u.i.k.p.r.p.TestFile    Now processing file /home/runner/work/key/key/key.core/../key.ui/examples/standard_key/java_dl/switch/while_and_switch.key 
46680      INFO  main            d.u.i.k.p.i.AbstractProblemLoader Loading environment from /home/runner/work/key/key/key.core/../key.ui/examples/standard_key/java_dl/switch/while_and_switch.key 
46680      DEBUG main            d.u.i.k.p.i.AbstractProblemLoader Environment load took 167.6ns 
46681      INFO  main            d.u.i.k.p.i.AbstractProblemLoader Creating init config 
49150      DEBUG main            d.u.i.k.p.i.AbstractProblemLoader Init config took 2.47s 
49189      INFO  main            d.u.i.k.p.i.AbstractProblemLoader Replaying proof WhileAndSwitch[WhileAndSwitch::m(int)].JML normal_behavior operation contract.0 
49190      DEBUG main            d.u.i.k.p.i.IntermediateProofReplayer Proof replay took 5.5ns 
49897      INFO  main            d.u.i.k.p.r.p.TestFile    ... finished proof: closed. 
50059      INFO  main            d.u.i.k.p.i.AbstractProblemLoader Loading environment from /home/runner/work/key/key/key.core/../key.ui/examples/standard_key/java_dl/switch/while_and_switch.key.proof 
50061      DEBUG main            d.u.i.k.p.i.AbstractProblemLoader Environment load took 2.33ms 
50062      INFO  main            d.u.i.k.p.i.AbstractProblemLoader Creating init config 
52432      DEBUG main            d.u.i.k.p.i.AbstractProblemLoader Init config took 2.37s 
52481      INFO  main            d.u.i.k.p.i.AbstractProblemLoader Replaying proof WhileAndSwitch[WhileAndSwitch::m(int)].JML normal_behavior operation contract.0 
52618      DEBUG main            d.u.i.k.p.i.IntermediateProofReplayer Proof replay took 129.98ms 
52619      DEBUG main            d.u.i.k.p.r.p.TestFile    ... success: reloaded. 
52620      INFO  main            d.u.i.k.p.r.p.TestFile    Now processing file /home/runner/work/key/key/key.core/../key.ui/examples/standard_key/java_dl/switch/large_switch.key 
52621      INFO  main            d.u.i.k.p.i.AbstractProblemLoader Loading environment from /home/runner/work/key/key/key.core/../key.ui/examples/standard_key/java_dl/switch/large_switch.key 
52621      DEBUG main            d.u.i.k.p.i.AbstractProblemLoader Environment load took 157.3ns 
52622      INFO  main            d.u.i.k.p.i.AbstractProblemLoader Creating init config 
54975      DEBUG main            d.u.i.k.p.i.AbstractProblemLoader Init config took 2.35s 
55015      INFO  main            d.u.i.k.p.i.AbstractProblemLoader Replaying proof LargeSwitch[LargeSwitch::m(int)].JML normal_behavior operation contract.0 
55017      DEBUG main            d.u.i.k.p.i.IntermediateProofReplayer Proof replay took 5.8ns 
56326      INFO  main            d.u.i.k.p.r.p.TestFile    ... finished proof: closed. 
56520      INFO  main            d.u.i.k.p.i.AbstractProblemLoader Loading environment from /home/runner/work/key/key/key.core/../key.ui/examples/standard_key/java_dl/switch/large_switch.key.proof 
56520      DEBUG main            d.u.i.k.p.i.AbstractProblemLoader Environment load took 305ns 
56524      INFO  main            d.u.i.k.p.i.AbstractProblemLoader Creating init config 
58866      DEBUG main            d.u.i.k.p.i.AbstractProblemLoader Init config took 2.34s 
58907      INFO  main            d.u.i.k.p.i.AbstractProblemLoader Replaying proof LargeSwitch[LargeSwitch::m(int)].JML normal_behavior operation contract.0 
59222      DEBUG main            d.u.i.k.p.i.IntermediateProofReplayer Proof replay took 296.54ms 
59223      DEBUG main            d.u.i.k.p.r.p.TestFile    ... success: reloaded. 
4997412    INFO  Test worker     d.u.i.k.p.r.RunAllProofsTestUnit Returning from test switch 
4997414    INFO  Test worker     d.u.i.k.p.r.RunAllProofsTestUnit Running test redux 
333        INFO  Timeout watchdog d.u.i.k.p.r.p.ForkedTestFileRunner Timeout watcher launched (2000 secs.) 
338        WARN  main            d.u.i.k.s.ProofSettings   The settings in /home/runner/.key/proof-settings.props are *not* read. 
365        INFO  main            d.u.i.k.p.r.p.TestFile    Now processing file /home/runner/work/key/key/key.core/../key.ui/examples/redux/arrays/Arrays.copyOf.key 
465        INFO  main            d.u.i.k.p.i.AbstractProblemLoader Loading environment from /home/runner/work/key/key/key.core/../key.ui/examples/redux/arrays/Arrays.copyOf.key 
481        DEBUG main            d.u.i.k.p.i.AbstractProblemLoader Environment load took 1.77ms 
689        INFO  main            d.u.i.k.p.i.AbstractProblemLoader Creating init config 
1509       DEBUG main            d.u.i.k.j.TypeConverter   No LDT found for Meta 
1510       DEBUG main            d.u.i.k.j.TypeConverter   No LDT found for Meta 
1511       DEBUG main            d.u.i.k.j.TypeConverter   No LDT found for Meta 
1511       DEBUG main            d.u.i.k.j.TypeConverter   No LDT found for Meta 
2914       DEBUG main            d.u.i.k.j.TypeConverter   No LDT found for JavaBigintExpression 
8315       DEBUG main            d.u.i.k.p.i.AbstractProblemLoader Init config took 7.63s 
8437       INFO  main            d.u.i.k.p.i.AbstractProblemLoader Replaying proof Arrays[Arrays::copyOf([I,int)].JML normal_behavior operation contract.0 
8466       DEBUG main            d.u.i.k.p.i.IntermediateProofReplayer Proof replay took 29.4ns 
13096      INFO  main            d.u.i.k.p.r.p.TestFile    ... finished proof: closed. 
13260      INFO  main            d.u.i.k.p.i.AbstractProblemLoader Loading environment from /home/runner/work/key/key/key.core/../key.ui/examples/redux/arrays/Arrays.copyOf.key.proof 
13264      DEBUG main            d.u.i.k.p.i.AbstractProblemLoader Environment load took 3.68ms 
13267      INFO  main            d.u.i.k.p.i.AbstractProblemLoader Creating init config 
16622      DEBUG main            d.u.i.k.p.i.AbstractProblemLoader Init config took 3.36s 
16694      INFO  main            d.u.i.k.p.i.AbstractProblemLoader Replaying proof Arrays[Arrays::copyOf([I,int)].JML normal_behavior operation contract.0 
17205      DEBUG main            d.u.i.k.p.i.IntermediateProofReplayer Proof replay took 490.61ms 
17213      DEBUG main            d.u.i.k.p.r.p.TestFile    ... success: reloaded. 
17214      INFO  main            d.u.i.k.p.r.p.TestFile    Now processing file /home/runner/work/key/key/key.core/../key.ui/examples/redux/arrays/Arrays.copyOf.float.key 
17214      INFO  main            d.u.i.k.p.i.AbstractProblemLoader Loading environment from /home/runner/work/key/key/key.core/../key.ui/examples/redux/arrays/Arrays.copyOf.float.key 
17214      DEBUG main            d.u.i.k.p.i.AbstractProblemLoader Environment load took 193.9ns 
17216      INFO  main            d.u.i.k.p.i.AbstractProblemLoader Creating init config 
20473      DEBUG main            d.u.i.k.p.i.AbstractProblemLoader Init config took 3.26s 
20539      INFO  main            d.u.i.k.p.i.AbstractProblemLoader Replaying proof Arrays[Arrays::copyOf([F,int)].JML normal_behavior operation contract.0 
20543      DEBUG main            d.u.i.k.p.i.IntermediateProofReplayer Proof replay took 5.2ns 
20570      DEBUG main            d.u.i.k.m.s.ProofScriptEngine 1: 'macro autopilot' 
25026      DEBUG main            d.u.i.k.m.s.ProofScriptEngine 2: 'smt solver=Z3' 
25100      INFO  main            d.u.i.k.m.s.SMTCommand    Finished run on goal 17 in 53ms, result is valid 
25101      DEBUG main            d.u.i.k.m.s.ProofScriptEngine 3: 'tryclose' 
26769      INFO  main            d.u.i.k.p.r.p.TestFile    ... finished proof: closed. 
26926      INFO  main            d.u.i.k.p.i.AbstractProblemLoader Loading environment from /home/runner/work/key/key/key.core/../key.ui/examples/redux/arrays/Arrays.copyOf.float.key.proof 
26928      DEBUG main            d.u.i.k.p.i.AbstractProblemLoader Environment load took 1.6ms 
26937      INFO  main            d.u.i.k.p.i.AbstractProblemLoader Creating init config 
30076      DEBUG main            d.u.i.k.p.i.AbstractProblemLoader Init config took 3.14s 
30130      INFO  main            d.u.i.k.p.i.AbstractProblemLoader Replaying proof Arrays[Arrays::copyOf([F,int)].JML normal_behavior operation contract.0 
30806      DEBUG main            d.u.i.k.p.i.IntermediateProofReplayer Proof replay took 647.66ms 
30808      DEBUG main            d.u.i.k.p.r.p.TestFile    ... success: reloaded. 
30809      INFO  main            d.u.i.k.p.r.p.TestFile    Now processing file /home/runner/work/key/key/key.core/../key.ui/examples/redux/arrays/Arrays.copyOfRange.key 
30809      INFO  main            d.u.i.k.p.i.AbstractProblemLoader Loading environment from /home/runner/work/key/key/key.core/../key.ui/examples/redux/arrays/Arrays.copyOfRange.key 
30810      DEBUG main            d.u.i.k.p.i.AbstractProblemLoader Environment load took 185.3ns 
30814      INFO  main            d.u.i.k.p.i.AbstractProblemLoader Creating init config 
33913      DEBUG main            d.u.i.k.p.i.AbstractProblemLoader Init config took 3.1s 
33964      INFO  main            d.u.i.k.p.i.AbstractProblemLoader Replaying proof Arrays[Arrays::copyOfRange([I,int,int)].JML normal_behavior operation contract.0 
33967      DEBUG main            d.u.i.k.p.i.IntermediateProofReplayer Proof replay took 4.8ns 
38381      INFO  main            d.u.i.k.p.r.p.TestFile    ... finished proof: closed. 
38591      INFO  main            d.u.i.k.p.i.AbstractProblemLoader Loading environment from /home/runner/work/key/key/key.core/../key.ui/examples/redux/arrays/Arrays.copyOfRange.key.proof 
38591      DEBUG main            d.u.i.k.p.i.AbstractProblemLoader Environment load took 288.4ns 
38592      INFO  main            d.u.i.k.p.i.AbstractProblemLoader Creating init config 
41646      DEBUG main            d.u.i.k.p.i.AbstractProblemLoader Init config took 3.05s 
41703      INFO  main            d.u.i.k.p.i.AbstractProblemLoader Replaying proof Arrays[Arrays::copyOfRange([I,int,int)].JML normal_behavior operation contract.0 
42204      DEBUG main            d.u.i.k.p.i.IntermediateProofReplayer Proof replay took 478.05ms 
42205      DEBUG main            d.u.i.k.p.r.p.TestFile    ... success: reloaded. 
42206      INFO  main            d.u.i.k.p.r.p.TestFile    Now processing file /home/runner/work/key/key/key.core/../key.ui/examples/redux/arrays/Arrays.copyOfRange.float.key 
42207      INFO  main            d.u.i.k.p.i.AbstractProblemLoader Loading environment from /home/runner/work/key/key/key.core/../key.ui/examples/redux/arrays/Arrays.copyOfRange.float.key 
42207      DEBUG main            d.u.i.k.p.i.AbstractProblemLoader Environment load took 86.1ns 
42208      INFO  main            d.u.i.k.p.i.AbstractProblemLoader Creating init config 
45257      DEBUG main            d.u.i.k.p.i.AbstractProblemLoader Init config took 3.05s 
45296      INFO  main            d.u.i.k.p.i.AbstractProblemLoader Replaying proof Arrays[Arrays::copyOfRange([F,int,int)].JML normal_behavior operation contract.0 
45297      DEBUG main            d.u.i.k.p.i.IntermediateProofReplayer Proof replay took 5ns 
45298      DEBUG main            d.u.i.k.m.s.ProofScriptEngine 1: 'macro autopilot' 
51047      DEBUG main            d.u.i.k.m.s.ProofScriptEngine 2: 'smt solver=Z3' 
51089      INFO  main            d.u.i.k.m.s.SMTCommand    Finished run on goal 27 in 36ms, result is valid 
51089      DEBUG main            d.u.i.k.m.s.ProofScriptEngine 3: 'tryclose' 
54561      INFO  main            d.u.i.k.p.r.p.TestFile    ... finished proof: closed. 
54750      INFO  main            d.u.i.k.p.i.AbstractProblemLoader Loading environment from /home/runner/work/key/key/key.core/../key.ui/examples/redux/arrays/Arrays.copyOfRange.float.key.proof 
54751      DEBUG main            d.u.i.k.p.i.AbstractProblemLoader Environment load took 325.1ns 
54753      INFO  main            d.u.i.k.p.i.AbstractProblemLoader Creating init config 
57722      DEBUG main            d.u.i.k.p.i.AbstractProblemLoader Init config took 2.97s 
57762      INFO  main            d.u.i.k.p.i.AbstractProblemLoader Replaying proof Arrays[Arrays::copyOfRange([F,int,int)].JML normal_behavior operation contract.0 
58697      DEBUG main            d.u.i.k.p.i.IntermediateProofReplayer Proof replay took 910.66ms 
58699      DEBUG main            d.u.i.k.p.r.p.TestFile    ... success: reloaded. 
58700      INFO  main            d.u.i.k.p.r.p.TestFile    Now processing file /home/runner/work/key/key/key.core/../key.ui/examples/redux/arrays/Arrays.equals.key 
58700      INFO  main            d.u.i.k.p.i.AbstractProblemLoader Loading environment from /home/runner/work/key/key/key.core/../key.ui/examples/redux/arrays/Arrays.equals.key 
58700      DEBUG main            d.u.i.k.p.i.AbstractProblemLoader Environment load took 94.6ns 
58701      INFO  main            d.u.i.k.p.i.AbstractProblemLoader Creating init config 
61798      DEBUG main            d.u.i.k.p.i.AbstractProblemLoader Init config took 3.1s 
61843      INFO  main            d.u.i.k.p.i.AbstractProblemLoader Replaying proof Arrays[Arrays::equals([B,[B)].JML normal_behavior operation contract.0 
61844      DEBUG main            d.u.i.k.p.i.IntermediateProofReplayer Proof replay took 5ns 
62347      INFO  main            d.u.i.k.p.r.p.TestFile    ... finished proof: closed. 
62562      INFO  main            d.u.i.k.p.i.AbstractProblemLoader Loading environment from /home/runner/work/key/key/key.core/../key.ui/examples/redux/arrays/Arrays.equals.key.proof 
62562      DEBUG main            d.u.i.k.p.i.AbstractProblemLoader Environment load took 118.1ns 
62563      INFO  main            d.u.i.k.p.i.AbstractProblemLoader Creating init config 
65530      DEBUG main            d.u.i.k.p.i.AbstractProblemLoader Init config took 2.97s 
65572      INFO  main            d.u.i.k.p.i.AbstractProblemLoader Replaying proof Arrays[Arrays::equals([B,[B)].JML normal_behavior operation contract.0 
65706      DEBUG main            d.u.i.k.p.i.IntermediateProofReplayer Proof replay took 130.02ms 
65707      DEBUG main            d.u.i.k.p.r.p.TestFile    ... success: reloaded. 
65707      INFO  main            d.u.i.k.p.r.p.TestFile    Now processing file /home/runner/work/key/key/key.core/../key.ui/examples/redux/arrays/Arrays.fill.key 
65708      INFO  main            d.u.i.k.p.i.AbstractProblemLoader Loading environment from /home/runner/work/key/key/key.core/../key.ui/examples/redux/arrays/Arrays.fill.key 
65708      DEBUG main            d.u.i.k.p.i.AbstractProblemLoader Environment load took 86ns 
65708      INFO  main            d.u.i.k.p.i.AbstractProblemLoader Creating init config 
68663      DEBUG main            d.u.i.k.p.i.AbstractProblemLoader Init config took 2.95s 
68701      INFO  main            d.u.i.k.p.i.AbstractProblemLoader Replaying proof Arrays[Arrays::fill([I,int)].JML normal_behavior operation contract.0 
68702      DEBUG main            d.u.i.k.p.i.IntermediateProofReplayer Proof replay took 5.4ns 
68806      INFO  main            d.u.i.k.p.r.p.TestFile    ... finished proof: closed. 
68967      INFO  main            d.u.i.k.p.i.AbstractProblemLoader Loading environment from /home/runner/work/key/key/key.core/../key.ui/examples/redux/arrays/Arrays.fill.key.proof 
68967      DEBUG main            d.u.i.k.p.i.AbstractProblemLoader Environment load took 113.2ns 
68968      INFO  main            d.u.i.k.p.i.AbstractProblemLoader Creating init config 
71928      DEBUG main            d.u.i.k.p.i.AbstractProblemLoader Init config took 2.96s 
71964      INFO  main            d.u.i.k.p.i.AbstractProblemLoader Replaying proof Arrays[Arrays::fill([I,int)].JML normal_behavior operation contract.0 
71994      DEBUG main            d.u.i.k.p.i.IntermediateProofReplayer Proof replay took 28.29ms 
71995      DEBUG main            d.u.i.k.p.r.p.TestFile    ... success: reloaded. 
71996      INFO  main            d.u.i.k.p.r.p.TestFile    Now processing file /home/runner/work/key/key/key.core/../key.ui/examples/redux/arrays/Arrays.fill.float.key 
71996      INFO  main            d.u.i.k.p.i.AbstractProblemLoader Loading environment from /home/runner/work/key/key/key.core/../key.ui/examples/redux/arrays/Arrays.fill.float.key 
71996      DEBUG main            d.u.i.k.p.i.AbstractProblemLoader Environment load took 81.6ns 
71997      INFO  main            d.u.i.k.p.i.AbstractProblemLoader Creating init config 
74947      DEBUG main            d.u.i.k.p.i.AbstractProblemLoader Init config took 2.95s 
74981      INFO  main            d.u.i.k.p.i.AbstractProblemLoader Replaying proof Arrays[Arrays::fill([F,float)].JML normal_behavior operation contract.0 
74983      DEBUG main            d.u.i.k.p.i.IntermediateProofReplayer Proof replay took 5.4ns 
75184      INFO  main            d.u.i.k.p.r.p.TestFile    ... finished proof: closed. 
75352      INFO  main            d.u.i.k.p.i.AbstractProblemLoader Loading environment from /home/runner/work/key/key/key.core/../key.ui/examples/redux/arrays/Arrays.fill.float.key.proof 
75352      DEBUG main            d.u.i.k.p.i.AbstractProblemLoader Environment load took 106.1ns 
75353      INFO  main            d.u.i.k.p.i.AbstractProblemLoader Creating init config 
78297      DEBUG main            d.u.i.k.p.i.AbstractProblemLoader Init config took 2.94s 
78331      INFO  main            d.u.i.k.p.i.AbstractProblemLoader Replaying proof Arrays[Arrays::fill([F,float)].JML normal_behavior operation contract.0 
78372      DEBUG main            d.u.i.k.p.i.IntermediateProofReplayer Proof replay took 38.5ms 
78373      DEBUG main            d.u.i.k.p.r.p.TestFile    ... success: reloaded. 
78373      INFO  main            d.u.i.k.p.r.p.TestFile    Now processing file /home/runner/work/key/key/key.core/../key.ui/examples/redux/arrays/Arrays.fillFromTo.key 
78373      INFO  main            d.u.i.k.p.i.AbstractProblemLoader Loading environment from /home/runner/work/key/key/key.core/../key.ui/examples/redux/arrays/Arrays.fillFromTo.key 
78374      DEBUG main            d.u.i.k.p.i.AbstractProblemLoader Environment load took 88.9ns 
78374      INFO  main            d.u.i.k.p.i.AbstractProblemLoader Creating init config 
81387      DEBUG main            d.u.i.k.p.i.AbstractProblemLoader Init config took 3.01s 
81420      INFO  main            d.u.i.k.p.i.AbstractProblemLoader Replaying proof Arrays[Arrays::fill([I,int,int,int)].JML normal_behavior operation contract.0 
81421      DEBUG main            d.u.i.k.p.i.IntermediateProofReplayer Proof replay took 4.9ns 
81927      INFO  main            d.u.i.k.p.r.p.TestFile    ... finished proof: closed. 
82130      INFO  main            d.u.i.k.p.i.AbstractProblemLoader Loading environment from /home/runner/work/key/key/key.core/../key.ui/examples/redux/arrays/Arrays.fillFromTo.key.proof 
82130      DEBUG main            d.u.i.k.p.i.AbstractProblemLoader Environment load took 300.2ns 
82132      INFO  main            d.u.i.k.p.i.AbstractProblemLoader Creating init config 
85035      DEBUG main            d.u.i.k.p.i.AbstractProblemLoader Init config took 2.9s 
85077      INFO  main            d.u.i.k.p.i.AbstractProblemLoader Replaying proof Arrays[Arrays::fill([I,int,int,int)].JML normal_behavior operation contract.0 
85182      DEBUG main            d.u.i.k.p.i.IntermediateProofReplayer Proof replay took 101.18ms 
85183      DEBUG main            d.u.i.k.p.r.p.TestFile    ... success: reloaded. 
85184      INFO  main            d.u.i.k.p.r.p.TestFile    Now processing file /home/runner/work/key/key/key.core/../key.ui/examples/redux/arrays/Arrays.fillFromTo.float.key 
85184      INFO  main            d.u.i.k.p.i.AbstractProblemLoader Loading environment from /home/runner/work/key/key/key.core/../key.ui/examples/redux/arrays/Arrays.fillFromTo.float.key 
85184      DEBUG main            d.u.i.k.p.i.AbstractProblemLoader Environment load took 145.7ns 
85185      INFO  main            d.u.i.k.p.i.AbstractProblemLoader Creating init config 
88183      DEBUG main            d.u.i.k.p.i.AbstractProblemLoader Init config took 3s 
88216      INFO  main            d.u.i.k.p.i.AbstractProblemLoader Replaying proof Arrays[Arrays::fill([F,int,int,float)].JML normal_behavior operation contract.0 
88218      DEBUG main            d.u.i.k.p.i.IntermediateProofReplayer Proof replay took 5.1ns 
88836      INFO  main            d.u.i.k.p.r.p.TestFile    ... finished proof: closed. 
89027      INFO  main            d.u.i.k.p.i.AbstractProblemLoader Loading environment from /home/runner/work/key/key/key.core/../key.ui/examples/redux/arrays/Arrays.fillFromTo.float.key.proof 
89027      DEBUG main            d.u.i.k.p.i.AbstractProblemLoader Environment load took 400.6ns 
89028      INFO  main            d.u.i.k.p.i.AbstractProblemLoader Creating init config 
91923      DEBUG main            d.u.i.k.p.i.AbstractProblemLoader Init config took 2.89s 
91955      INFO  main            d.u.i.k.p.i.AbstractProblemLoader Replaying proof Arrays[Arrays::fill([F,int,int,float)].JML normal_behavior operation contract.0 
92083      DEBUG main            d.u.i.k.p.i.IntermediateProofReplayer Proof replay took 123.22ms 
92084      DEBUG main            d.u.i.k.p.r.p.TestFile    ... success: reloaded. 
92084      INFO  main            d.u.i.k.p.r.p.TestFile    Now processing file /home/runner/work/key/key/key.core/../key.ui/examples/redux/arrays/ArrayCopy.arraycopy.normal.0.key 
92084      INFO  main            d.u.i.k.p.i.AbstractProblemLoader Loading environment from /home/runner/work/key/key/key.core/../key.ui/examples/redux/arrays/ArrayCopy.arraycopy.normal.0.key 
92084      DEBUG main            d.u.i.k.p.i.AbstractProblemLoader Environment load took 78ns 
92085      INFO  main            d.u.i.k.p.i.AbstractProblemLoader Creating init config 
95045      DEBUG main            d.u.i.k.p.i.AbstractProblemLoader Init config took 2.96s 
95078      INFO  main            d.u.i.k.p.i.AbstractProblemLoader Replaying proof ArrayCopy[ArrayCopy::arraycopy(java.lang.Object,int,java.lang.Object,int,int)].JML normal_behavior operation contract.0 
95080      DEBUG main            d.u.i.k.p.i.IntermediateProofReplayer Proof replay took 5.5ns 
101198     INFO  main            d.u.i.k.p.r.p.TestFile    ... finished proof: closed. 
101411     INFO  main            d.u.i.k.p.i.AbstractProblemLoader Loading environment from /home/runner/work/key/key/key.core/../key.ui/examples/redux/arrays/ArrayCopy.arraycopy.normal.0.key.proof 
101411     DEBUG main            d.u.i.k.p.i.AbstractProblemLoader Environment load took 297.3ns 
101413     INFO  main            d.u.i.k.p.i.AbstractProblemLoader Creating init config 
104297     DEBUG main            d.u.i.k.p.i.AbstractProblemLoader Init config took 2.88s 
104331     INFO  main            d.u.i.k.p.i.AbstractProblemLoader Replaying proof ArrayCopy[ArrayCopy::arraycopy(java.lang.Object,int,java.lang.Object,int,int)].JML normal_behavior operation contract.0 
105196     DEBUG main            d.u.i.k.p.i.IntermediateProofReplayer Proof replay took 849.91ms 
105198     DEBUG main            d.u.i.k.p.r.p.TestFile    ... success: reloaded. 
105199     INFO  main            d.u.i.k.p.r.p.TestFile    Now processing file /home/runner/work/key/key/key.core/../key.ui/examples/redux/arrays/ArrayCopy.arraycopy.exceptional.0.key 
105199     INFO  main            d.u.i.k.p.i.AbstractProblemLoader Loading environment from /home/runner/work/key/key/key.core/../key.ui/examples/redux/arrays/ArrayCopy.arraycopy.exceptional.0.key 
105199     DEBUG main            d.u.i.k.p.i.AbstractProblemLoader Environment load took 167.9ns 
105200     INFO  main            d.u.i.k.p.i.AbstractProblemLoader Creating init config 
108173     DEBUG main            d.u.i.k.p.i.AbstractProblemLoader Init config took 2.97s 
108205     INFO  main            d.u.i.k.p.i.AbstractProblemLoader Replaying proof ArrayCopy[ArrayCopy::arraycopy(java.lang.Object,int,java.lang.Object,int,int)].JML exceptional_behavior operation contract.0 
108206     DEBUG main            d.u.i.k.p.i.IntermediateProofReplayer Proof replay took 5.3ns 
108609     INFO  main            d.u.i.k.p.r.p.TestFile    ... finished proof: closed. 
108797     INFO  main            d.u.i.k.p.i.AbstractProblemLoader Loading environment from /home/runner/work/key/key/key.core/../key.ui/examples/redux/arrays/ArrayCopy.arraycopy.exceptional.0.key.proof 
108797     DEBUG main            d.u.i.k.p.i.AbstractProblemLoader Environment load took 104.5ns 
108798     INFO  main            d.u.i.k.p.i.AbstractProblemLoader Creating init config 
111702     DEBUG main            d.u.i.k.p.i.AbstractProblemLoader Init config took 2.9s 
111733     INFO  main            d.u.i.k.p.i.AbstractProblemLoader Replaying proof ArrayCopy[ArrayCopy::arraycopy(java.lang.Object,int,java.lang.Object,int,int)].JML exceptional_behavior operation contract.0 
111839     DEBUG main            d.u.i.k.p.i.IntermediateProofReplayer Proof replay took 102.69ms 
111839     DEBUG main            d.u.i.k.p.r.p.TestFile    ... success: reloaded. 
111840     INFO  main            d.u.i.k.p.r.p.TestFile    Now processing file /home/runner/work/key/key/key.core/../key.ui/examples/redux/arrays/ArrayCopy.arraycopy.exceptional.1.key 
111840     INFO  main            d.u.i.k.p.i.AbstractProblemLoader Loading environment from /home/runner/work/key/key/key.core/../key.ui/examples/redux/arrays/ArrayCopy.arraycopy.exceptional.1.key 
111840     DEBUG main            d.u.i.k.p.i.AbstractProblemLoader Environment load took 69.2ns 
111841     INFO  main            d.u.i.k.p.i.AbstractProblemLoader Creating init config 
114752     DEBUG main            d.u.i.k.p.i.AbstractProblemLoader Init config took 2.91s 
114783     INFO  main            d.u.i.k.p.i.AbstractProblemLoader Replaying proof ArrayCopy[ArrayCopy::arraycopy(java.lang.Object,int,java.lang.Object,int,int)].JML exceptional_behavior operation contract.1 
114784     DEBUG main            d.u.i.k.p.i.IntermediateProofReplayer Proof replay took 5.3ns 
120721     INFO  main            d.u.i.k.p.r.p.TestFile    ... finished proof: closed. 
120939     INFO  main            d.u.i.k.p.i.AbstractProblemLoader Loading environment from /home/runner/work/key/key/key.core/../key.ui/examples/redux/arrays/ArrayCopy.arraycopy.exceptional.1.key.proof 
120939     DEBUG main            d.u.i.k.p.i.AbstractProblemLoader Environment load took 120.4ns 
120941     INFO  main            d.u.i.k.p.i.AbstractProblemLoader Creating init config 
123840     DEBUG main            d.u.i.k.p.i.AbstractProblemLoader Init config took 2.9s 
123872     INFO  main            d.u.i.k.p.i.AbstractProblemLoader Replaying proof ArrayCopy[ArrayCopy::arraycopy(java.lang.Object,int,java.lang.Object,int,int)].JML exceptional_behavior operation contract.1 
125337     DEBUG main            d.u.i.k.p.i.IntermediateProofReplayer Proof replay took 1.45s 
125339     DEBUG main            d.u.i.k.p.r.p.TestFile    ... success: reloaded. 
5122925    INFO  Test worker     d.u.i.k.p.r.RunAllProofsTestUnit Returning from test redux 
]]></system-out>
  <system-err><![CDATA[]]></system-err>
</testsuite>
