<?xml version="1.0" encoding="UTF-8"?>
<testsuite name="recoder.testsuite.basic.SetupModelTest" tests="1" skipped="1" failures="0" errors="0" timestamp="2023-02-12T18:15:39" hostname="fv-az403-775" time="0.007">
  <properties/>
  <testcase name="testSetupModel" classname="recoder.testsuite.basic.SetupModelTest" time="0.007">
    <skipped/>
  </testcase>
  <system-out><![CDATA[]]></system-out>
  <system-err><![CDATA[]]></system-err>
</testsuite>
