<?xml version="1.0" encoding="UTF-8"?>
<testsuite name="recoder.testsuite.basic.ParseFilesTest" tests="1" skipped="0" failures="0" errors="0" timestamp="2023-02-02T15:18:49" hostname="fv-az456-167" time="0.104">
  <properties/>
  <testcase name="testParseFiles" classname="recoder.testsuite.basic.ParseFilesTest" time="0.104"/>
  <system-out><![CDATA[]]></system-out>
  <system-err><![CDATA[]]></system-err>
</testsuite>
