<?xml version="1.0" encoding="UTF-8"?>
<testsuite name="de.uka.ilkd.key.proof.runallproofs.RunAllProofsFunctional" tests="34" skipped="0" failures="0" errors="0" timestamp="2023-06-05T21:51:59" hostname="fv-az337-191" time="6203.149">
  <properties/>
  <testcase name="newBook" classname="de.uka.ilkd.key.proof.runallproofs.RunAllProofsFunctional" time="74.74"/>
  <testcase name="oldBook" classname="de.uka.ilkd.key.proof.runallproofs.RunAllProofsFunctional" time="19.985"/>
  <testcase name="comprehensions" classname="de.uka.ilkd.key.proof.runallproofs.RunAllProofsFunctional" time="79.485"/>
  <testcase name="performance" classname="de.uka.ilkd.key.proof.runallproofs.RunAllProofsFunctional" time="261.089"/>
  <testcase name="performancePOConstruction" classname="de.uka.ilkd.key.proof.runallproofs.RunAllProofsFunctional" time="95.343"/>
  <testcase name="applicationRestrictions" classname="de.uka.ilkd.key.proof.runallproofs.RunAllProofsFunctional" time="58.005"/>
  <testcase name="blockContracts" classname="de.uka.ilkd.key.proof.runallproofs.RunAllProofsFunctional" time="160.344"/>
  <testcase name="jmlAsserts" classname="de.uka.ilkd.key.proof.runallproofs.RunAllProofsFunctional" time="111.793"/>
  <testcase name="javaCard" classname="de.uka.ilkd.key.proof.runallproofs.RunAllProofsFunctional" time="151.629"/>
  <testcase name="list" classname="de.uka.ilkd.key.proof.runallproofs.RunAllProofsFunctional" time="309.838"/>
  <testcase name="list_ghost" classname="de.uka.ilkd.key.proof.runallproofs.RunAllProofsFunctional" time="78.053"/>
  <testcase name="list_recursive" classname="de.uka.ilkd.key.proof.runallproofs.RunAllProofsFunctional" time="25.727"/>
  <testcase name="list_seq" classname="de.uka.ilkd.key.proof.runallproofs.RunAllProofsFunctional" time="185.738"/>
  <testcase name="observer" classname="de.uka.ilkd.key.proof.runallproofs.RunAllProofsFunctional" time="113.674"/>
  <testcase name="removeDups" classname="de.uka.ilkd.key.proof.runallproofs.RunAllProofsFunctional" time="160.488"/>
  <testcase name="quicksort" classname="de.uka.ilkd.key.proof.runallproofs.RunAllProofsFunctional" time="127.24"/>
  <testcase name="simpleTests" classname="de.uka.ilkd.key.proof.runallproofs.RunAllProofsFunctional" time="182.463"/>
  <testcase name="SmansEtAl" classname="de.uka.ilkd.key.proof.runallproofs.RunAllProofsFunctional" time="239.256"/>
  <testcase name="VACID0" classname="de.uka.ilkd.key.proof.runallproofs.RunAllProofsFunctional" time="92.024"/>
  <testcase name="VSTTE10" classname="de.uka.ilkd.key.proof.runallproofs.RunAllProofsFunctional" time="218.411"/>
  <testcase name="WeideEtAl" classname="de.uka.ilkd.key.proof.runallproofs.RunAllProofsFunctional" time="34.319"/>
  <testcase name="arithmetic" classname="de.uka.ilkd.key.proof.runallproofs.RunAllProofsFunctional" time="574.9"/>
  <testcase name="arrays" classname="de.uka.ilkd.key.proof.runallproofs.RunAllProofsFunctional" time="65.536"/>
  <testcase name="javadl" classname="de.uka.ilkd.key.proof.runallproofs.RunAllProofsFunctional" time="713.365"/>
  <testcase name="FOL" classname="de.uka.ilkd.key.proof.runallproofs.RunAllProofsFunctional" time="323.805"/>
  <testcase name="strings" classname="de.uka.ilkd.key.proof.runallproofs.RunAllProofsFunctional" time="175.822"/>
  <testcase name="simple_info_flow" classname="de.uka.ilkd.key.proof.runallproofs.RunAllProofsFunctional" time="15.253"/>
  <testcase name="modelMethods" classname="de.uka.ilkd.key.proof.runallproofs.RunAllProofsFunctional" time="217.858"/>
  <testcase name="permissionHeap" classname="de.uka.ilkd.key.proof.runallproofs.RunAllProofsFunctional" time="987.914"/>
  <testcase name="completionScopes" classname="de.uka.ilkd.key.proof.runallproofs.RunAllProofsFunctional" time="58.331"/>
  <testcase name="reload_examples" classname="de.uka.ilkd.key.proof.runallproofs.RunAllProofsFunctional" time="49.141"/>
  <testcase name="proofLoadRepair" classname="de.uka.ilkd.key.proof.runallproofs.RunAllProofsFunctional" time="22.135"/>
  <testcase name="switch" classname="de.uka.ilkd.key.proof.runallproofs.RunAllProofsFunctional" time="71.925"/>
  <testcase name="redux" classname="de.uka.ilkd.key.proof.runallproofs.RunAllProofsFunctional" time="147.501"/>
  <system-out><![CDATA[256        INFO  Test worker     d.u.i.k.p.r.RunAllProofsTestUnit Running test newBook 
461        INFO  Timeout watchdog d.u.i.k.p.r.p.ForkedTestFileRunner Timeout watcher launched (2000 secs.) 
491        WARN  main            d.u.i.k.s.ProofSettings   No proof-settings could be loaded, using defaults java.io.FileNotFoundException: /home/runner/.key/proof-settings.props (No such file or directory)
	at java.base/java.io.FileInputStream.open0(Native Method)

536        INFO  main            d.u.i.k.p.r.p.TestFile    Now processing file /home/runner/work/key/key/key.core/../key.ui/examples/newBook/09.list_modelfield/ArrayList.add.key 
667        INFO  main            d.u.i.k.p.i.AbstractProblemLoader Loading environment from /home/runner/work/key/key/key.core/../key.ui/examples/newBook/09.list_modelfield/ArrayList.add.key 
688        DEBUG main            d.u.i.k.p.i.AbstractProblemLoader Environment load took 2.58ms 
981        INFO  main            d.u.i.k.p.i.AbstractProblemLoader Creating init config 
2013       DEBUG main            d.u.i.k.j.TypeConverter   No LDT found for Meta 
2013       DEBUG main            d.u.i.k.j.TypeConverter   No LDT found for Meta 
2014       DEBUG main            d.u.i.k.j.TypeConverter   No LDT found for Meta 
2015       DEBUG main            d.u.i.k.j.TypeConverter   No LDT found for Meta 
3615       DEBUG main            d.u.i.k.j.TypeConverter   No LDT found for JavaBigintExpression 
9947       DEBUG main            d.u.i.k.p.i.AbstractProblemLoader Init config took 8.97s 
10101      INFO  main            d.u.i.k.p.i.AbstractProblemLoader Replaying proof ArrayList[List::add(int)].JML normal_behavior operation contract.0 
10142      DEBUG main            d.u.i.k.p.i.IntermediateProofReplayer Proof replay took 40.7ns 
31470      INFO  main            d.u.i.k.p.r.p.TestFile    ... finished proof: closed. 
31769      INFO  main            d.u.i.k.p.i.AbstractProblemLoader Loading environment from /home/runner/work/key/key/key.core/../key.ui/examples/newBook/09.list_modelfield/ArrayList.add.key.proof 
31770      DEBUG main            d.u.i.k.p.i.AbstractProblemLoader Environment load took 1.15ms 
31782      INFO  main            d.u.i.k.p.i.AbstractProblemLoader Creating init config 
35628      DEBUG main            d.u.i.k.p.i.AbstractProblemLoader Init config took 3.85s 
35716      INFO  main            d.u.i.k.p.i.AbstractProblemLoader Replaying proof ArrayList[List::add(int)].JML normal_behavior operation contract.0 
36705      DEBUG main            d.u.i.k.p.i.IntermediateProofReplayer Proof replay took 917.29ms 
36719      DEBUG main            d.u.i.k.p.r.p.TestFile    ... success: reloaded. 
36721      INFO  main            d.u.i.k.p.r.p.TestFile    Now processing file /home/runner/work/key/key/key.core/../key.ui/examples/newBook/09.list_modelfield/ArrayList.remFirst.key 
36722      INFO  main            d.u.i.k.p.i.AbstractProblemLoader Loading environment from /home/runner/work/key/key/key.core/../key.ui/examples/newBook/09.list_modelfield/ArrayList.remFirst.key 
36722      DEBUG main            d.u.i.k.p.i.AbstractProblemLoader Environment load took 465.33ns 
36725      INFO  main            d.u.i.k.p.i.AbstractProblemLoader Creating init config 
40356      DEBUG main            d.u.i.k.p.i.AbstractProblemLoader Init config took 3.63s 
40422      INFO  main            d.u.i.k.p.i.AbstractProblemLoader Replaying proof ArrayList[List::remFirst()].JML normal_behavior operation contract.0 
40424      DEBUG main            d.u.i.k.p.i.IntermediateProofReplayer Proof replay took 7.4ns 
45368      INFO  main            d.u.i.k.p.r.p.TestFile    ... finished proof: closed. 
45660      INFO  main            d.u.i.k.p.i.AbstractProblemLoader Loading environment from /home/runner/work/key/key/key.core/../key.ui/examples/newBook/09.list_modelfield/ArrayList.remFirst.key.proof 
45663      DEBUG main            d.u.i.k.p.i.AbstractProblemLoader Environment load took 2.05ms 
45666      INFO  main            d.u.i.k.p.i.AbstractProblemLoader Creating init config 
49220      DEBUG main            d.u.i.k.p.i.AbstractProblemLoader Init config took 3.55s 
49282      INFO  main            d.u.i.k.p.i.AbstractProblemLoader Replaying proof ArrayList[List::remFirst()].JML normal_behavior operation contract.0 
49742      DEBUG main            d.u.i.k.p.i.IntermediateProofReplayer Proof replay took 439.79ms 
49749      DEBUG main            d.u.i.k.p.r.p.TestFile    ... success: reloaded. 
49750      INFO  main            d.u.i.k.p.r.p.TestFile    Now processing file /home/runner/work/key/key/key.core/../key.ui/examples/newBook/09.list_modelfield/ArrayList.empty.key 
49751      INFO  main            d.u.i.k.p.i.AbstractProblemLoader Loading environment from /home/runner/work/key/key/key.core/../key.ui/examples/newBook/09.list_modelfield/ArrayList.empty.key 
49751      DEBUG main            d.u.i.k.p.i.AbstractProblemLoader Environment load took 223.11ns 
49752      INFO  main            d.u.i.k.p.i.AbstractProblemLoader Creating init config 
53287      DEBUG main            d.u.i.k.p.i.AbstractProblemLoader Init config took 3.53s 
53345      INFO  main            d.u.i.k.p.i.AbstractProblemLoader Replaying proof ArrayList[List::empty()].JML normal_behavior operation contract.0 
53347      DEBUG main            d.u.i.k.p.i.IntermediateProofReplayer Proof replay took 6.9ns 
54555      INFO  main            d.u.i.k.p.r.p.TestFile    ... finished proof: closed. 
54752      INFO  main            d.u.i.k.p.i.AbstractProblemLoader Loading environment from /home/runner/work/key/key/key.core/../key.ui/examples/newBook/09.list_modelfield/ArrayList.empty.key.proof 
54752      DEBUG main            d.u.i.k.p.i.AbstractProblemLoader Environment load took 146.01ns 
54754      INFO  main            d.u.i.k.p.i.AbstractProblemLoader Creating init config 
58137      DEBUG main            d.u.i.k.p.i.AbstractProblemLoader Init config took 3.38s 
58191      INFO  main            d.u.i.k.p.i.AbstractProblemLoader Replaying proof ArrayList[List::empty()].JML normal_behavior operation contract.0 
58285      DEBUG main            d.u.i.k.p.i.IntermediateProofReplayer Proof replay took 86.36ms 
58286      DEBUG main            d.u.i.k.p.r.p.TestFile    ... success: reloaded. 
58287      INFO  main            d.u.i.k.p.r.p.TestFile    Now processing file /home/runner/work/key/key/key.core/../key.ui/examples/newBook/09.list_modelfield/ArrayList.size.key 
58287      INFO  main            d.u.i.k.p.i.AbstractProblemLoader Loading environment from /home/runner/work/key/key/key.core/../key.ui/examples/newBook/09.list_modelfield/ArrayList.size.key 
58287      DEBUG main            d.u.i.k.p.i.AbstractProblemLoader Environment load took 70.7ns 
58288      INFO  main            d.u.i.k.p.i.AbstractProblemLoader Creating init config 
61642      DEBUG main            d.u.i.k.p.i.AbstractProblemLoader Init config took 3.35s 
61704      INFO  main            d.u.i.k.p.i.AbstractProblemLoader Replaying proof ArrayList[List::size()].JML normal_behavior operation contract.0 
61706      DEBUG main            d.u.i.k.p.i.IntermediateProofReplayer Proof replay took 7.8ns 
62211      INFO  main            d.u.i.k.p.r.p.TestFile    ... finished proof: closed. 
62439      INFO  main            d.u.i.k.p.i.AbstractProblemLoader Loading environment from /home/runner/work/key/key/key.core/../key.ui/examples/newBook/09.list_modelfield/ArrayList.size.key.proof 
62442      DEBUG main            d.u.i.k.p.i.AbstractProblemLoader Environment load took 2.67ms 
62444      INFO  main            d.u.i.k.p.i.AbstractProblemLoader Creating init config 
65761      DEBUG main            d.u.i.k.p.i.AbstractProblemLoader Init config took 3.32s 
65817      INFO  main            d.u.i.k.p.i.AbstractProblemLoader Replaying proof ArrayList[List::size()].JML normal_behavior operation contract.0 
65856      DEBUG main            d.u.i.k.p.i.IntermediateProofReplayer Proof replay took 34.92ms 
65858      DEBUG main            d.u.i.k.p.r.p.TestFile    ... success: reloaded. 
65859      INFO  main            d.u.i.k.p.r.p.TestFile    Now processing file /home/runner/work/key/key/key.core/../key.ui/examples/newBook/09.list_modelfield/ArrayList.get.key 
65859      INFO  main            d.u.i.k.p.i.AbstractProblemLoader Loading environment from /home/runner/work/key/key/key.core/../key.ui/examples/newBook/09.list_modelfield/ArrayList.get.key 
65860      DEBUG main            d.u.i.k.p.i.AbstractProblemLoader Environment load took 408.33ns 
65861      INFO  main            d.u.i.k.p.i.AbstractProblemLoader Creating init config 
69182      DEBUG main            d.u.i.k.p.i.AbstractProblemLoader Init config took 3.32s 
69235      INFO  main            d.u.i.k.p.i.AbstractProblemLoader Replaying proof ArrayList[List::get(int)].JML normal_behavior operation contract.0 
69241      DEBUG main            d.u.i.k.p.i.IntermediateProofReplayer Proof replay took 7.2ns 
70549      INFO  main            d.u.i.k.p.r.p.TestFile    ... finished proof: closed. 
70807      INFO  main            d.u.i.k.p.i.AbstractProblemLoader Loading environment from /home/runner/work/key/key/key.core/../key.ui/examples/newBook/09.list_modelfield/ArrayList.get.key.proof 
70807      DEBUG main            d.u.i.k.p.i.AbstractProblemLoader Environment load took 153.01ns 
70808      INFO  main            d.u.i.k.p.i.AbstractProblemLoader Creating init config 
74267      DEBUG main            d.u.i.k.p.i.AbstractProblemLoader Init config took 3.46s 
74325      INFO  main            d.u.i.k.p.i.AbstractProblemLoader Replaying proof ArrayList[List::get(int)].JML normal_behavior operation contract.0 
74399      DEBUG main            d.u.i.k.p.i.IntermediateProofReplayer Proof replay took 67.46ms 
74400      DEBUG main            d.u.i.k.p.r.p.TestFile    ... success: reloaded. 
74990      INFO  Test worker     d.u.i.k.p.r.RunAllProofsTestUnit Returning from test newBook 
74994      INFO  Test worker     d.u.i.k.p.r.RunAllProofsTestUnit Running test oldBook 
427        INFO  Timeout watchdog d.u.i.k.p.r.p.ForkedTestFileRunner Timeout watcher launched (2000 secs.) 
447        WARN  main            d.u.i.k.s.ProofSettings   The settings in /home/runner/.key/proof-settings.props are *not* read. 
481        INFO  main            d.u.i.k.p.r.p.TestFile    Now processing file /home/runner/work/key/key/key.core/../key.ui/examples/standard_key/BookExamples/02FirstOrderLogic/Ex2.58.key 
607        INFO  main            d.u.i.k.p.i.AbstractProblemLoader Loading environment from /home/runner/work/key/key/key.core/../key.ui/examples/standard_key/BookExamples/02FirstOrderLogic/Ex2.58.key 
628        DEBUG main            d.u.i.k.p.i.AbstractProblemLoader Environment load took 3.37ms 
909        INFO  main            d.u.i.k.p.i.AbstractProblemLoader Creating init config 
1855       DEBUG main            d.u.i.k.j.TypeConverter   No LDT found for Meta 
1855       DEBUG main            d.u.i.k.j.TypeConverter   No LDT found for Meta 
1857       DEBUG main            d.u.i.k.j.TypeConverter   No LDT found for Meta 
1857       DEBUG main            d.u.i.k.j.TypeConverter   No LDT found for Meta 
3433       DEBUG main            d.u.i.k.j.TypeConverter   No LDT found for JavaBigintExpression 
8892       DEBUG main            d.u.i.k.p.i.AbstractProblemLoader Init config took 7.98s 
8956       INFO  main            d.u.i.k.p.i.AbstractProblemLoader Replaying proof Ex2.58.key 
9028       DEBUG main            d.u.i.k.p.i.IntermediateProofReplayer Proof replay took 38.1ns 
9208       INFO  main            d.u.i.k.p.r.p.TestFile    ... finished proof: closed. 
9343       INFO  main            d.u.i.k.p.i.AbstractProblemLoader Loading environment from /home/runner/work/key/key/key.core/../key.ui/examples/standard_key/BookExamples/02FirstOrderLogic/Ex2.58.key.proof 
9343       DEBUG main            d.u.i.k.p.i.AbstractProblemLoader Environment load took 179.41ns 
9348       INFO  main            d.u.i.k.p.i.AbstractProblemLoader Creating init config 
12568      DEBUG main            d.u.i.k.p.i.AbstractProblemLoader Init config took 3.22s 
12612      INFO  main            d.u.i.k.p.i.AbstractProblemLoader Replaying proof Ex2.58.key.proof 
12621      DEBUG main            d.u.i.k.p.i.IntermediateProofReplayer Proof replay took 3.05ms 
12633      DEBUG main            d.u.i.k.p.r.p.TestFile    ... success: reloaded. 
12636      INFO  main            d.u.i.k.p.r.p.TestFile    Now processing file /home/runner/work/key/key/key.core/../key.ui/examples/standard_key/BookExamples/03DynamicLogic/Sect3.3.1.key 
12636      INFO  main            d.u.i.k.p.i.AbstractProblemLoader Loading environment from /home/runner/work/key/key/key.core/../key.ui/examples/standard_key/BookExamples/03DynamicLogic/Sect3.3.1.key 
12636      DEBUG main            d.u.i.k.p.i.AbstractProblemLoader Environment load took 93.01ns 
12639      INFO  main            d.u.i.k.p.i.AbstractProblemLoader Creating init config 
15733      DEBUG main            d.u.i.k.p.i.AbstractProblemLoader Init config took 3.09s 
15777      INFO  main            d.u.i.k.p.i.AbstractProblemLoader Replaying proof Sect3.3.1.key 
15786      DEBUG main            d.u.i.k.p.i.IntermediateProofReplayer Proof replay took 7.7ns 
16498      INFO  main            d.u.i.k.p.r.p.TestFile    ... finished proof: closed. 
16661      INFO  main            d.u.i.k.p.i.AbstractProblemLoader Loading environment from /home/runner/work/key/key/key.core/../key.ui/examples/standard_key/BookExamples/03DynamicLogic/Sect3.3.1.key.proof 
16661      DEBUG main            d.u.i.k.p.i.AbstractProblemLoader Environment load took 149.11ns 
16664      INFO  main            d.u.i.k.p.i.AbstractProblemLoader Creating init config 
19633      DEBUG main            d.u.i.k.p.i.AbstractProblemLoader Init config took 2.97s 
19665      INFO  main            d.u.i.k.p.i.AbstractProblemLoader Replaying proof Sect3.3.1.key.proof 
19729      DEBUG main            d.u.i.k.p.i.IntermediateProofReplayer Proof replay took 58.86ms 
19732      DEBUG main            d.u.i.k.p.r.p.TestFile    ... success: reloaded. 
94979      INFO  Test worker     d.u.i.k.p.r.RunAllProofsTestUnit Returning from test oldBook 
94987      INFO  Test worker     d.u.i.k.p.r.RunAllProofsTestUnit Running test comprehensions 
439        INFO  Timeout watchdog d.u.i.k.p.r.p.ForkedTestFileRunner Timeout watcher launched (2000 secs.) 
461        WARN  main            d.u.i.k.s.ProofSettings   The settings in /home/runner/.key/proof-settings.props are *not* read. 
513        INFO  main            d.u.i.k.p.r.p.TestFile    Now processing file /home/runner/work/key/key/key.core/../key.ui/examples/heap/comprehensions/general_sum.key 
679        INFO  main            d.u.i.k.p.i.AbstractProblemLoader Loading environment from /home/runner/work/key/key/key.core/../key.ui/examples/heap/comprehensions/general_sum.key 
703        DEBUG main            d.u.i.k.p.i.AbstractProblemLoader Environment load took 4.94ms 
995        INFO  main            d.u.i.k.p.i.AbstractProblemLoader Creating init config 
2183       DEBUG main            d.u.i.k.j.TypeConverter   No LDT found for Meta 
2183       DEBUG main            d.u.i.k.j.TypeConverter   No LDT found for Meta 
2184       DEBUG main            d.u.i.k.j.TypeConverter   No LDT found for Meta 
2185       DEBUG main            d.u.i.k.j.TypeConverter   No LDT found for Meta 
4180       DEBUG main            d.u.i.k.j.TypeConverter   No LDT found for JavaBigintExpression 
10504      DEBUG main            d.u.i.k.p.i.AbstractProblemLoader Init config took 9.51s 
10718      INFO  main            d.u.i.k.p.i.AbstractProblemLoader Replaying proof GSum[GSum::doNothing()].JML operation contract.0 
10794      DEBUG main            d.u.i.k.p.i.IntermediateProofReplayer Proof replay took 46.3ns 
11253      INFO  main            d.u.i.k.p.r.p.TestFile    ... finished proof: closed. 
11407      INFO  main            d.u.i.k.p.i.AbstractProblemLoader Loading environment from /home/runner/work/key/key/key.core/../key.ui/examples/heap/comprehensions/general_sum.key.proof 
11408      DEBUG main            d.u.i.k.p.i.AbstractProblemLoader Environment load took 159.71ns 
11410      INFO  main            d.u.i.k.p.i.AbstractProblemLoader Creating init config 
14789      DEBUG main            d.u.i.k.p.i.AbstractProblemLoader Init config took 3.38s 
14868      INFO  main            d.u.i.k.p.i.AbstractProblemLoader Replaying proof GSum[GSum::doNothing()].JML operation contract.0 
14886      DEBUG main            d.u.i.k.p.i.IntermediateProofReplayer Proof replay took 12ms 
14893      DEBUG main            d.u.i.k.p.r.p.TestFile    ... success: reloaded. 
14895      INFO  main            d.u.i.k.p.r.p.TestFile    Now processing file /home/runner/work/key/key/key.core/../key.ui/examples/heap/comprehensions/sum0.key 
14896      INFO  main            d.u.i.k.p.i.AbstractProblemLoader Loading environment from /home/runner/work/key/key/key.core/../key.ui/examples/heap/comprehensions/sum0.key 
14896      DEBUG main            d.u.i.k.p.i.AbstractProblemLoader Environment load took 431.93ns 
14899      INFO  main            d.u.i.k.p.i.AbstractProblemLoader Creating init config 
18111      DEBUG main            d.u.i.k.p.i.AbstractProblemLoader Init config took 3.21s 
18173      INFO  main            d.u.i.k.p.i.AbstractProblemLoader Replaying proof Sum[Sum::sum0([I)].JML normal_behavior operation contract.0 
18176      DEBUG main            d.u.i.k.p.i.IntermediateProofReplayer Proof replay took 7.7ns 
18285      DEBUG Thread-4        d.u.i.k.l.l.OriginTermLabel commonFileName is null! 
18286      DEBUG Thread-4        d.u.i.k.l.l.OriginTermLabel commonFileName is null! 
18591      DEBUG Thread-4        d.u.i.k.l.l.OriginTermLabel commonFileName is null! 
18592      DEBUG Thread-4        d.u.i.k.l.l.OriginTermLabel commonFileName is null! 
18805      DEBUG Thread-4        d.u.i.k.l.l.OriginTermLabel commonFileName is null! 
19087      INFO  main            d.u.i.k.p.r.p.TestFile    ... finished proof: closed. 
19298      INFO  main            d.u.i.k.p.i.AbstractProblemLoader Loading environment from /home/runner/work/key/key/key.core/../key.ui/examples/heap/comprehensions/sum0.key.proof 
19301      DEBUG main            d.u.i.k.p.i.AbstractProblemLoader Environment load took 3.03ms 
19304      INFO  main            d.u.i.k.p.i.AbstractProblemLoader Creating init config 
22529      DEBUG main            d.u.i.k.p.i.AbstractProblemLoader Init config took 3.23s 
22619      INFO  main            d.u.i.k.p.i.AbstractProblemLoader Replaying proof Sum[Sum::sum0([I)].JML normal_behavior operation contract.0 
22690      DEBUG main            d.u.i.k.l.l.OriginTermLabel commonFileName is null! 
22690      DEBUG main            d.u.i.k.l.l.OriginTermLabel commonFileName is null! 
22768      DEBUG main            d.u.i.k.l.l.OriginTermLabel commonFileName is null! 
22815      DEBUG main            d.u.i.k.l.l.OriginTermLabel commonFileName is null! 
22816      DEBUG main            d.u.i.k.l.l.OriginTermLabel commonFileName is null! 
22820      DEBUG main            d.u.i.k.p.i.IntermediateProofReplayer Proof replay took 190.09ms 
22822      DEBUG main            d.u.i.k.p.r.p.TestFile    ... success: reloaded. 
22824      INFO  main            d.u.i.k.p.r.p.TestFile    Now processing file /home/runner/work/key/key/key.core/../key.ui/examples/heap/comprehensions/sum1.key 
22825      INFO  main            d.u.i.k.p.i.AbstractProblemLoader Loading environment from /home/runner/work/key/key/key.core/../key.ui/examples/heap/comprehensions/sum1.key 
22825      DEBUG main            d.u.i.k.p.i.AbstractProblemLoader Environment load took 301.22ns 
22828      INFO  main            d.u.i.k.p.i.AbstractProblemLoader Creating init config 
26085      DEBUG main            d.u.i.k.p.i.AbstractProblemLoader Init config took 3.26s 
26138      INFO  main            d.u.i.k.p.i.AbstractProblemLoader Replaying proof Sum[Sum::sum1([I)].JML normal_behavior operation contract.0 
26140      DEBUG main            d.u.i.k.p.i.IntermediateProofReplayer Proof replay took 7.5ns 
26222      DEBUG Thread-7        d.u.i.k.l.l.OriginTermLabel commonFileName is null! 
26222      DEBUG Thread-7        d.u.i.k.l.l.OriginTermLabel commonFileName is null! 
26392      DEBUG Thread-7        d.u.i.k.l.l.OriginTermLabel commonFileName is null! 
26393      DEBUG Thread-7        d.u.i.k.l.l.OriginTermLabel commonFileName is null! 
26546      DEBUG Thread-7        d.u.i.k.l.l.OriginTermLabel commonFileName is null! 
26745      INFO  main            d.u.i.k.p.r.p.TestFile    ... finished proof: closed. 
26914      INFO  main            d.u.i.k.p.i.AbstractProblemLoader Loading environment from /home/runner/work/key/key/key.core/../key.ui/examples/heap/comprehensions/sum1.key.proof 
26915      DEBUG main            d.u.i.k.p.i.AbstractProblemLoader Environment load took 781.45ns 
26916      INFO  main            d.u.i.k.p.i.AbstractProblemLoader Creating init config 
29991      DEBUG main            d.u.i.k.p.i.AbstractProblemLoader Init config took 3.07s 
30075      INFO  main            d.u.i.k.p.i.AbstractProblemLoader Replaying proof Sum[Sum::sum1([I)].JML normal_behavior operation contract.0 
30119      DEBUG main            d.u.i.k.l.l.OriginTermLabel commonFileName is null! 
30119      DEBUG main            d.u.i.k.l.l.OriginTermLabel commonFileName is null! 
30167      DEBUG main            d.u.i.k.l.l.OriginTermLabel commonFileName is null! 
30197      DEBUG main            d.u.i.k.l.l.OriginTermLabel commonFileName is null! 
30197      DEBUG main            d.u.i.k.l.l.OriginTermLabel commonFileName is null! 
30200      DEBUG main            d.u.i.k.p.i.IntermediateProofReplayer Proof replay took 114.79ms 
30202      DEBUG main            d.u.i.k.p.r.p.TestFile    ... success: reloaded. 
30203      INFO  main            d.u.i.k.p.r.p.TestFile    Now processing file /home/runner/work/key/key/key.core/../key.ui/examples/heap/comprehensions/sum2.key 
30204      INFO  main            d.u.i.k.p.i.AbstractProblemLoader Loading environment from /home/runner/work/key/key/key.core/../key.ui/examples/heap/comprehensions/sum2.key 
30204      DEBUG main            d.u.i.k.p.i.AbstractProblemLoader Environment load took 106.21ns 
30207      INFO  main            d.u.i.k.p.i.AbstractProblemLoader Creating init config 
33326      DEBUG main            d.u.i.k.p.i.AbstractProblemLoader Init config took 3.12s 
33417      INFO  main            d.u.i.k.p.i.AbstractProblemLoader Replaying proof Sum[Sum::sum2([I)].JML normal_behavior operation contract.0 
33419      DEBUG main            d.u.i.k.p.i.IntermediateProofReplayer Proof replay took 8.4ns 
33481      DEBUG Thread-10       d.u.i.k.l.l.OriginTermLabel commonFileName is null! 
33482      DEBUG Thread-10       d.u.i.k.l.l.OriginTermLabel commonFileName is null! 
33619      DEBUG Thread-10       d.u.i.k.l.l.OriginTermLabel commonFileName is null! 
33620      DEBUG Thread-10       d.u.i.k.l.l.OriginTermLabel commonFileName is null! 
33718      DEBUG Thread-10       d.u.i.k.l.l.OriginTermLabel commonFileName is null! 
33923      INFO  main            d.u.i.k.p.r.p.TestFile    ... finished proof: closed. 
34226      INFO  main            d.u.i.k.p.i.AbstractProblemLoader Loading environment from /home/runner/work/key/key/key.core/../key.ui/examples/heap/comprehensions/sum2.key.proof 
34226      DEBUG main            d.u.i.k.p.i.AbstractProblemLoader Environment load took 148.91ns 
34228      INFO  main            d.u.i.k.p.i.AbstractProblemLoader Creating init config 
37376      DEBUG main            d.u.i.k.p.i.AbstractProblemLoader Init config took 3.15s 
37427      INFO  main            d.u.i.k.p.i.AbstractProblemLoader Replaying proof Sum[Sum::sum2([I)].JML normal_behavior operation contract.0 
37452      DEBUG main            d.u.i.k.l.l.OriginTermLabel commonFileName is null! 
37453      DEBUG main            d.u.i.k.l.l.OriginTermLabel commonFileName is null! 
37484      DEBUG main            d.u.i.k.l.l.OriginTermLabel commonFileName is null! 
37506      DEBUG main            d.u.i.k.l.l.OriginTermLabel commonFileName is null! 
37507      DEBUG main            d.u.i.k.l.l.OriginTermLabel commonFileName is null! 
37510      DEBUG main            d.u.i.k.p.i.IntermediateProofReplayer Proof replay took 79.09ms 
37512      DEBUG main            d.u.i.k.p.r.p.TestFile    ... success: reloaded. 
37513      INFO  main            d.u.i.k.p.r.p.TestFile    Now processing file /home/runner/work/key/key/key.core/../key.ui/examples/heap/comprehensions/sum3.key 
37514      INFO  main            d.u.i.k.p.i.AbstractProblemLoader Loading environment from /home/runner/work/key/key/key.core/../key.ui/examples/heap/comprehensions/sum3.key 
37514      DEBUG main            d.u.i.k.p.i.AbstractProblemLoader Environment load took 382.92ns 
37516      INFO  main            d.u.i.k.p.i.AbstractProblemLoader Creating init config 
40659      DEBUG main            d.u.i.k.p.i.AbstractProblemLoader Init config took 3.14s 
40744      INFO  main            d.u.i.k.p.i.AbstractProblemLoader Replaying proof Sum[Sum::sum3([I)].JML normal_behavior operation contract.0 
40745      DEBUG main            d.u.i.k.p.i.IntermediateProofReplayer Proof replay took 8ns 
40810      DEBUG Thread-13       d.u.i.k.l.l.OriginTermLabel commonFileName is null! 
40810      DEBUG Thread-13       d.u.i.k.l.l.OriginTermLabel commonFileName is null! 
40932      DEBUG Thread-13       d.u.i.k.l.l.OriginTermLabel commonFileName is null! 
40932      DEBUG Thread-13       d.u.i.k.l.l.OriginTermLabel commonFileName is null! 
41019      DEBUG Thread-13       d.u.i.k.l.l.OriginTermLabel commonFileName is null! 
41148      INFO  main            d.u.i.k.p.r.p.TestFile    ... finished proof: closed. 
41414      INFO  main            d.u.i.k.p.i.AbstractProblemLoader Loading environment from /home/runner/work/key/key/key.core/../key.ui/examples/heap/comprehensions/sum3.key.proof 
41416      DEBUG main            d.u.i.k.p.i.AbstractProblemLoader Environment load took 1.13ms 
41420      INFO  main            d.u.i.k.p.i.AbstractProblemLoader Creating init config 
44473      DEBUG main            d.u.i.k.p.i.AbstractProblemLoader Init config took 3.05s 
44541      INFO  main            d.u.i.k.p.i.AbstractProblemLoader Replaying proof Sum[Sum::sum3([I)].JML normal_behavior operation contract.0 
44571      DEBUG main            d.u.i.k.l.l.OriginTermLabel commonFileName is null! 
44571      DEBUG main            d.u.i.k.l.l.OriginTermLabel commonFileName is null! 
44604      DEBUG main            d.u.i.k.l.l.OriginTermLabel commonFileName is null! 
44627      DEBUG main            d.u.i.k.l.l.OriginTermLabel commonFileName is null! 
44627      DEBUG main            d.u.i.k.l.l.OriginTermLabel commonFileName is null! 
44632      DEBUG main            d.u.i.k.p.i.IntermediateProofReplayer Proof replay took 86.8ms 
44634      DEBUG main            d.u.i.k.p.r.p.TestFile    ... success: reloaded. 
44636      INFO  main            d.u.i.k.p.r.p.TestFile    Now processing file /home/runner/work/key/key/key.core/../key.ui/examples/heap/comprehensions/segsum.key 
44636      INFO  main            d.u.i.k.p.i.AbstractProblemLoader Loading environment from /home/runner/work/key/key/key.core/../key.ui/examples/heap/comprehensions/segsum.key 
44637      DEBUG main            d.u.i.k.p.i.AbstractProblemLoader Environment load took 78.2ns 
44639      INFO  main            d.u.i.k.p.i.AbstractProblemLoader Creating init config 
47790      DEBUG main            d.u.i.k.p.i.AbstractProblemLoader Init config took 3.15s 
47840      INFO  main            d.u.i.k.p.i.AbstractProblemLoader Replaying proof SegSum[SegSum::segSum([I,int,int)].JML normal_behavior operation contract.0 
47842      DEBUG main            d.u.i.k.p.i.IntermediateProofReplayer Proof replay took 7.7ns 
48351      INFO  main            d.u.i.k.p.r.p.TestFile    ... finished proof: closed. 
48587      INFO  main            d.u.i.k.p.i.AbstractProblemLoader Loading environment from /home/runner/work/key/key/key.core/../key.ui/examples/heap/comprehensions/segsum.key.proof 
48590      DEBUG main            d.u.i.k.p.i.AbstractProblemLoader Environment load took 2.92ms 
48592      INFO  main            d.u.i.k.p.i.AbstractProblemLoader Creating init config 
51704      DEBUG main            d.u.i.k.p.i.AbstractProblemLoader Init config took 3.11s 
51751      INFO  main            d.u.i.k.p.i.AbstractProblemLoader Replaying proof SegSum[SegSum::segSum([I,int,int)].JML normal_behavior operation contract.0 
51828      DEBUG main            d.u.i.k.p.i.IntermediateProofReplayer Proof replay took 73.1ms 
51829      DEBUG main            d.u.i.k.p.r.p.TestFile    ... success: reloaded. 
51830      INFO  main            d.u.i.k.p.r.p.TestFile    Now processing file /home/runner/work/key/key/key.core/../key.ui/examples/heap/comprehensions/bsum_negative.key 
51831      INFO  main            d.u.i.k.p.i.AbstractProblemLoader Loading environment from /home/runner/work/key/key/key.core/../key.ui/examples/heap/comprehensions/bsum_negative.key 
51831      DEBUG main            d.u.i.k.p.i.AbstractProblemLoader Environment load took 130.01ns 
51833      INFO  main            d.u.i.k.p.i.AbstractProblemLoader Creating init config 
54763      DEBUG main            d.u.i.k.p.i.AbstractProblemLoader Init config took 2.93s 
54788      INFO  main            d.u.i.k.p.i.AbstractProblemLoader Replaying proof bsum_negative.key 
54790      DEBUG main            d.u.i.k.p.i.IntermediateProofReplayer Proof replay took 7.9ns 
54893      INFO  main            d.u.i.k.p.r.p.TestFile    ... finished proof: closed. 
55100      INFO  main            d.u.i.k.p.i.AbstractProblemLoader Loading environment from /home/runner/work/key/key/key.core/../key.ui/examples/heap/comprehensions/bsum_negative.key.proof 
55100      DEBUG main            d.u.i.k.p.i.AbstractProblemLoader Environment load took 139.11ns 
55103      INFO  main            d.u.i.k.p.i.AbstractProblemLoader Creating init config 
57979      DEBUG main            d.u.i.k.p.i.AbstractProblemLoader Init config took 2.88s 
58001      INFO  main            d.u.i.k.p.i.AbstractProblemLoader Replaying proof bsum_negative.key.proof 
58004      DEBUG main            d.u.i.k.p.i.IntermediateProofReplayer Proof replay took 1.13ms 
58006      DEBUG main            d.u.i.k.p.r.p.TestFile    ... success: reloaded. 
58007      INFO  main            d.u.i.k.p.r.p.TestFile    Now processing file /home/runner/work/key/key/key.core/../key.ui/examples/heap/comprehensions/bsum_neg2.key 
58007      INFO  main            d.u.i.k.p.i.AbstractProblemLoader Loading environment from /home/runner/work/key/key/key.core/../key.ui/examples/heap/comprehensions/bsum_neg2.key 
58008      DEBUG main            d.u.i.k.p.i.AbstractProblemLoader Environment load took 351.52ns 
58009      INFO  main            d.u.i.k.p.i.AbstractProblemLoader Creating init config 
60877      DEBUG main            d.u.i.k.p.i.AbstractProblemLoader Init config took 2.87s 
60896      INFO  main            d.u.i.k.p.i.AbstractProblemLoader Replaying proof bsum_neg2.key 
60898      DEBUG main            d.u.i.k.p.i.IntermediateProofReplayer Proof replay took 7.4ns 
61001      INFO  main            d.u.i.k.p.r.p.TestFile    ... finished proof: closed. 
61194      INFO  main            d.u.i.k.p.i.AbstractProblemLoader Loading environment from /home/runner/work/key/key/key.core/../key.ui/examples/heap/comprehensions/bsum_neg2.key.proof 
61194      DEBUG main            d.u.i.k.p.i.AbstractProblemLoader Environment load took 149.31ns 
61195      INFO  main            d.u.i.k.p.i.AbstractProblemLoader Creating init config 
63915      DEBUG main            d.u.i.k.p.i.AbstractProblemLoader Init config took 2.72s 
63933      INFO  main            d.u.i.k.p.i.AbstractProblemLoader Replaying proof bsum_neg2.key.proof 
63935      DEBUG main            d.u.i.k.p.i.IntermediateProofReplayer Proof replay took 731.75ns 
63936      DEBUG main            d.u.i.k.p.r.p.TestFile    ... success: reloaded. 
63937      INFO  main            d.u.i.k.p.r.p.TestFile    Now processing file /home/runner/work/key/key/key.core/../key.ui/examples/heap/comprehensions/bsumSplit.key 
63937      INFO  main            d.u.i.k.p.i.AbstractProblemLoader Loading environment from /home/runner/work/key/key/key.core/../key.ui/examples/heap/comprehensions/bsumSplit.key 
63937      DEBUG main            d.u.i.k.p.i.AbstractProblemLoader Environment load took 69.61ns 
63938      INFO  main            d.u.i.k.p.i.AbstractProblemLoader Creating init config 
66819      DEBUG main            d.u.i.k.p.i.AbstractProblemLoader Init config took 2.88s 
66837      INFO  main            d.u.i.k.p.i.AbstractProblemLoader Replaying proof bsumSplit.key 
66839      DEBUG main            d.u.i.k.p.i.IntermediateProofReplayer Proof replay took 7.8ns 
66942      INFO  main            d.u.i.k.p.r.p.TestFile    ... finished proof: closed. 
67140      INFO  main            d.u.i.k.p.i.AbstractProblemLoader Loading environment from /home/runner/work/key/key/key.core/../key.ui/examples/heap/comprehensions/bsumSplit.key.proof 
67140      DEBUG main            d.u.i.k.p.i.AbstractProblemLoader Environment load took 125.21ns 
67141      INFO  main            d.u.i.k.p.i.AbstractProblemLoader Creating init config 
69922      DEBUG main            d.u.i.k.p.i.AbstractProblemLoader Init config took 2.78s 
69942      INFO  main            d.u.i.k.p.i.AbstractProblemLoader Replaying proof bsumSplit.key.proof 
69947      DEBUG main            d.u.i.k.p.i.IntermediateProofReplayer Proof replay took 3.39ms 
69948      DEBUG main            d.u.i.k.p.r.p.TestFile    ... success: reloaded. 
69949      INFO  main            d.u.i.k.p.r.p.TestFile    Now processing file /home/runner/work/key/key/key.core/../key.ui/examples/heap/comprehensions/bprodSplit.key 
69949      INFO  main            d.u.i.k.p.i.AbstractProblemLoader Loading environment from /home/runner/work/key/key/key.core/../key.ui/examples/heap/comprehensions/bprodSplit.key 
69949      DEBUG main            d.u.i.k.p.i.AbstractProblemLoader Environment load took 152.91ns 
69951      INFO  main            d.u.i.k.p.i.AbstractProblemLoader Creating init config 
72777      DEBUG main            d.u.i.k.p.i.AbstractProblemLoader Init config took 2.83s 
72798      INFO  main            d.u.i.k.p.i.AbstractProblemLoader Replaying proof bprodSplit.key 
72799      DEBUG main            d.u.i.k.p.i.IntermediateProofReplayer Proof replay took 8ns 
72905      INFO  main            d.u.i.k.p.r.p.TestFile    ... finished proof: closed. 
73120      INFO  main            d.u.i.k.p.i.AbstractProblemLoader Loading environment from /home/runner/work/key/key/key.core/../key.ui/examples/heap/comprehensions/bprodSplit.key.proof 
73120      DEBUG main            d.u.i.k.p.i.AbstractProblemLoader Environment load took 131.56ns 
73122      INFO  main            d.u.i.k.p.i.AbstractProblemLoader Creating init config 
75920      DEBUG main            d.u.i.k.p.i.AbstractProblemLoader Init config took 2.8s 
75940      INFO  main            d.u.i.k.p.i.AbstractProblemLoader Replaying proof bprodSplit.key.proof 
75945      DEBUG main            d.u.i.k.p.i.IntermediateProofReplayer Proof replay took 2.13ms 
75946      DEBUG main            d.u.i.k.p.r.p.TestFile    ... success: reloaded. 
75947      INFO  main            d.u.i.k.p.r.p.TestFile    Now processing file /home/runner/work/key/key/key.core/../key.ui/examples/heap/comprehensions/bsumSplitInvalid.key 
75948      INFO  main            d.u.i.k.p.i.AbstractProblemLoader Loading environment from /home/runner/work/key/key/key.core/../key.ui/examples/heap/comprehensions/bsumSplitInvalid.key 
75948      DEBUG main            d.u.i.k.p.i.AbstractProblemLoader Environment load took 347.72ns 
75949      INFO  main            d.u.i.k.p.i.AbstractProblemLoader Creating init config 
78871      DEBUG main            d.u.i.k.p.i.AbstractProblemLoader Init config took 2.92s 
78892      INFO  main            d.u.i.k.p.i.AbstractProblemLoader Replaying proof bsumSplitInvalid.key 
78893      DEBUG main            d.u.i.k.p.i.IntermediateProofReplayer Proof replay took 8.3ns 
79003      INFO  main            d.u.i.k.p.r.p.TestFile    ... finished proof: open goal(s) 
174469     INFO  Test worker     d.u.i.k.p.r.RunAllProofsTestUnit Returning from test comprehensions 
174471     INFO  Test worker     d.u.i.k.p.r.RunAllProofsTestUnit Running test performance 
413        INFO  Timeout watchdog d.u.i.k.p.r.p.ForkedTestFileRunner Timeout watcher launched (2000 secs.) 
426        WARN  main            d.u.i.k.s.ProofSettings   The settings in /home/runner/.key/proof-settings.props are *not* read. 
507        INFO  main            d.u.i.k.p.r.p.TestFile    Now processing file /home/runner/work/key/key/key.core/../key.ui/examples/performance-test/Disjoint(Disjoint__disjoint_08()).JML_operation_contract.0.key 
668        INFO  main            d.u.i.k.p.i.AbstractProblemLoader Loading environment from /home/runner/work/key/key/key.core/../key.ui/examples/performance-test/Disjoint(Disjoint__disjoint_08()).JML_operation_contract.0.key 
689        DEBUG main            d.u.i.k.p.i.AbstractProblemLoader Environment load took 2.12ms 
964        INFO  main            d.u.i.k.p.i.AbstractProblemLoader Creating init config 
2151       DEBUG main            d.u.i.k.j.TypeConverter   No LDT found for Meta 
2151       DEBUG main            d.u.i.k.j.TypeConverter   No LDT found for Meta 
2152       DEBUG main            d.u.i.k.j.TypeConverter   No LDT found for Meta 
2152       DEBUG main            d.u.i.k.j.TypeConverter   No LDT found for Meta 
3765       DEBUG main            d.u.i.k.j.TypeConverter   No LDT found for JavaBigintExpression 
10254      DEBUG main            d.u.i.k.j.r.ClassPreparationMethodBuilder clPrepBuilder: Inner Class detected. Reject building class initialisation methods. 
19757      DEBUG main            d.u.i.k.p.i.AbstractProblemLoader Init config took 18.79s 
20030      INFO  main            d.u.i.k.p.i.AbstractProblemLoader Replaying proof Disjoint[Disjoint::disjoint_8()].JML operation contract.0 
20146      DEBUG main            d.u.i.k.p.i.IntermediateProofReplayer Proof replay took 405.84ns 
23720      INFO  main            d.u.i.k.p.r.p.TestFile    ... finished proof: closed. 
23967      INFO  main            d.u.i.k.p.i.AbstractProblemLoader Loading environment from /home/runner/work/key/key/key.core/../key.ui/examples/performance-test/Disjoint(Disjoint__disjoint_08()).JML_operation_contract.0.key.proof 
23967      DEBUG main            d.u.i.k.p.i.AbstractProblemLoader Environment load took 716.16ns 
23972      INFO  main            d.u.i.k.p.i.AbstractProblemLoader Creating init config 
27796      DEBUG main            d.u.i.k.j.r.ClassPreparationMethodBuilder clPrepBuilder: Inner Class detected. Reject building class initialisation methods. 
36270      DEBUG main            d.u.i.k.p.i.AbstractProblemLoader Init config took 12.3s 
36416      INFO  main            d.u.i.k.p.i.AbstractProblemLoader Replaying proof Disjoint[Disjoint::disjoint_8()].JML operation contract.0 
36787      DEBUG main            d.u.i.k.p.i.IntermediateProofReplayer Proof replay took 358.93ms 
36797      DEBUG main            d.u.i.k.p.r.p.TestFile    ... success: reloaded. 
36800      INFO  main            d.u.i.k.p.r.p.TestFile    Now processing file /home/runner/work/key/key/key.core/../key.ui/examples/performance-test/Disjoint(Disjoint__disjoint2_08()).JML_operation_contract.0.key 
36800      INFO  main            d.u.i.k.p.i.AbstractProblemLoader Loading environment from /home/runner/work/key/key/key.core/../key.ui/examples/performance-test/Disjoint(Disjoint__disjoint2_08()).JML_operation_contract.0.key 
36801      DEBUG main            d.u.i.k.p.i.AbstractProblemLoader Environment load took 395.43ns 
36803      INFO  main            d.u.i.k.p.i.AbstractProblemLoader Creating init config 
40375      DEBUG main            d.u.i.k.j.r.ClassPreparationMethodBuilder clPrepBuilder: Inner Class detected. Reject building class initialisation methods. 
48689      DEBUG main            d.u.i.k.p.i.AbstractProblemLoader Init config took 11.89s 
48824      INFO  main            d.u.i.k.p.i.AbstractProblemLoader Replaying proof Disjoint[Disjoint::disjoint2_8()].JML operation contract.0 
48828      DEBUG main            d.u.i.k.p.i.IntermediateProofReplayer Proof replay took 24.9ns 
50034      INFO  main            d.u.i.k.p.r.p.TestFile    ... finished proof: closed. 
50371      INFO  main            d.u.i.k.p.i.AbstractProblemLoader Loading environment from /home/runner/work/key/key/key.core/../key.ui/examples/performance-test/Disjoint(Disjoint__disjoint2_08()).JML_operation_contract.0.key.proof 
50374      DEBUG main            d.u.i.k.p.i.AbstractProblemLoader Environment load took 3.14ms 
50376      INFO  main            d.u.i.k.p.i.AbstractProblemLoader Creating init config 
53984      DEBUG main            d.u.i.k.j.r.ClassPreparationMethodBuilder clPrepBuilder: Inner Class detected. Reject building class initialisation methods. 
61912      DEBUG main            d.u.i.k.p.i.AbstractProblemLoader Init config took 11.54s 
62029      INFO  main            d.u.i.k.p.i.AbstractProblemLoader Replaying proof Disjoint[Disjoint::disjoint2_8()].JML operation contract.0 
62138      DEBUG main            d.u.i.k.p.i.IntermediateProofReplayer Proof replay took 105.66ms 
62140      DEBUG main            d.u.i.k.p.r.p.TestFile    ... success: reloaded. 
62142      INFO  main            d.u.i.k.p.r.p.TestFile    Now processing file /home/runner/work/key/key/key.core/../key.ui/examples/performance-test/AccessChain1(AccessChain1__foo_08()).JML_operation_contract.0.key 
62142      INFO  main            d.u.i.k.p.i.AbstractProblemLoader Loading environment from /home/runner/work/key/key/key.core/../key.ui/examples/performance-test/AccessChain1(AccessChain1__foo_08()).JML_operation_contract.0.key 
62142      DEBUG main            d.u.i.k.p.i.AbstractProblemLoader Environment load took 71.11ns 
62143      INFO  main            d.u.i.k.p.i.AbstractProblemLoader Creating init config 
65906      DEBUG main            d.u.i.k.j.r.ClassPreparationMethodBuilder clPrepBuilder: Inner Class detected. Reject building class initialisation methods. 
74258      DEBUG main            d.u.i.k.p.i.AbstractProblemLoader Init config took 12.11s 
74369      INFO  main            d.u.i.k.p.i.AbstractProblemLoader Replaying proof AccessChain1[AccessChain1::foo_8()].JML operation contract.0 
74372      DEBUG main            d.u.i.k.p.i.IntermediateProofReplayer Proof replay took 12.8ns 
77185      INFO  main            d.u.i.k.p.r.p.TestFile    ... finished proof: closed. 
77616      INFO  main            d.u.i.k.p.i.AbstractProblemLoader Loading environment from /home/runner/work/key/key/key.core/../key.ui/examples/performance-test/AccessChain1(AccessChain1__foo_08()).JML_operation_contract.0.key.proof 
77618      DEBUG main            d.u.i.k.p.i.AbstractProblemLoader Environment load took 2.32ms 
77620      INFO  main            d.u.i.k.p.i.AbstractProblemLoader Creating init config 
81116      DEBUG main            d.u.i.k.j.r.ClassPreparationMethodBuilder clPrepBuilder: Inner Class detected. Reject building class initialisation methods. 
89089      DEBUG main            d.u.i.k.p.i.AbstractProblemLoader Init config took 11.47s 
89201      INFO  main            d.u.i.k.p.i.AbstractProblemLoader Replaying proof AccessChain1[AccessChain1::foo_8()].JML operation contract.0 
89685      DEBUG main            d.u.i.k.p.i.IntermediateProofReplayer Proof replay took 469.58ms 
89690      DEBUG main            d.u.i.k.p.r.p.TestFile    ... success: reloaded. 
89692      INFO  main            d.u.i.k.p.r.p.TestFile    Now processing file /home/runner/work/key/key/key.core/../key.ui/examples/performance-test/AccessChain4(AccessChain4__foo_08()).JML_operation_contract.0.key 
89693      INFO  main            d.u.i.k.p.i.AbstractProblemLoader Loading environment from /home/runner/work/key/key/key.core/../key.ui/examples/performance-test/AccessChain4(AccessChain4__foo_08()).JML_operation_contract.0.key 
89695      DEBUG main            d.u.i.k.p.i.AbstractProblemLoader Environment load took 1.59ms 
89696      INFO  main            d.u.i.k.p.i.AbstractProblemLoader Creating init config 
93372      DEBUG main            d.u.i.k.j.r.ClassPreparationMethodBuilder clPrepBuilder: Inner Class detected. Reject building class initialisation methods. 
101346     DEBUG main            d.u.i.k.p.i.AbstractProblemLoader Init config took 11.65s 
101469     INFO  main            d.u.i.k.p.i.AbstractProblemLoader Replaying proof AccessChain4[AccessChain4::foo_8()].JML operation contract.0 
101472     DEBUG main            d.u.i.k.p.i.IntermediateProofReplayer Proof replay took 12.8ns 
108563     INFO  main            d.u.i.k.p.r.p.TestFile    ... finished proof: closed. 
108998     INFO  main            d.u.i.k.p.i.AbstractProblemLoader Loading environment from /home/runner/work/key/key/key.core/../key.ui/examples/performance-test/AccessChain4(AccessChain4__foo_08()).JML_operation_contract.0.key.proof 
108999     DEBUG main            d.u.i.k.p.i.AbstractProblemLoader Environment load took 1.19ms 
109007     INFO  main            d.u.i.k.p.i.AbstractProblemLoader Creating init config 
112515     DEBUG main            d.u.i.k.j.r.ClassPreparationMethodBuilder clPrepBuilder: Inner Class detected. Reject building class initialisation methods. 
120628     DEBUG main            d.u.i.k.p.i.AbstractProblemLoader Init config took 11.62s 
120746     INFO  main            d.u.i.k.p.i.AbstractProblemLoader Replaying proof AccessChain4[AccessChain4::foo_8()].JML operation contract.0 
121627     DEBUG main            d.u.i.k.p.i.IntermediateProofReplayer Proof replay took 846.94ms 
121630     DEBUG main            d.u.i.k.p.r.p.TestFile    ... success: reloaded. 
121632     INFO  main            d.u.i.k.p.r.p.TestFile    Now processing file /home/runner/work/key/key/key.core/../key.ui/examples/performance-test/Disjoint(Disjoint__xZero_08()).JML_operation_contract.0.key 
121632     INFO  main            d.u.i.k.p.i.AbstractProblemLoader Loading environment from /home/runner/work/key/key/key.core/../key.ui/examples/performance-test/Disjoint(Disjoint__xZero_08()).JML_operation_contract.0.key 
121632     DEBUG main            d.u.i.k.p.i.AbstractProblemLoader Environment load took 109.91ns 
121633     INFO  main            d.u.i.k.p.i.AbstractProblemLoader Creating init config 
125368     DEBUG main            d.u.i.k.j.r.ClassPreparationMethodBuilder clPrepBuilder: Inner Class detected. Reject building class initialisation methods. 
133537     DEBUG main            d.u.i.k.p.i.AbstractProblemLoader Init config took 11.9s 
133643     INFO  main            d.u.i.k.p.i.AbstractProblemLoader Replaying proof Disjoint[Disjoint::xZero_8()].JML operation contract.0 
133646     DEBUG main            d.u.i.k.p.i.IntermediateProofReplayer Proof replay took 12.7ns 
134751     INFO  main            d.u.i.k.p.r.p.TestFile    ... finished proof: closed. 
135216     INFO  main            d.u.i.k.p.i.AbstractProblemLoader Loading environment from /home/runner/work/key/key/key.core/../key.ui/examples/performance-test/Disjoint(Disjoint__xZero_08()).JML_operation_contract.0.key.proof 
135216     DEBUG main            d.u.i.k.p.i.AbstractProblemLoader Environment load took 668.05ns 
135218     INFO  main            d.u.i.k.p.i.AbstractProblemLoader Creating init config 
138679     DEBUG main            d.u.i.k.j.r.ClassPreparationMethodBuilder clPrepBuilder: Inner Class detected. Reject building class initialisation methods. 
146605     DEBUG main            d.u.i.k.p.i.AbstractProblemLoader Init config took 11.39s 
146709     INFO  main            d.u.i.k.p.i.AbstractProblemLoader Replaying proof Disjoint[Disjoint::xZero_8()].JML operation contract.0 
146910     DEBUG main            d.u.i.k.p.i.IntermediateProofReplayer Proof replay took 194.34ms 
146912     DEBUG main            d.u.i.k.p.r.p.TestFile    ... success: reloaded. 
146914     INFO  main            d.u.i.k.p.r.p.TestFile    Now processing file /home/runner/work/key/key/key.core/../key.ui/examples/performance-test/Dynamic(Dynamic__foo_08()).JML_operation_contract.0.key 
146914     INFO  main            d.u.i.k.p.i.AbstractProblemLoader Loading environment from /home/runner/work/key/key/key.core/../key.ui/examples/performance-test/Dynamic(Dynamic__foo_08()).JML_operation_contract.0.key 
146915     DEBUG main            d.u.i.k.p.i.AbstractProblemLoader Environment load took 318.92ns 
146916     INFO  main            d.u.i.k.p.i.AbstractProblemLoader Creating init config 
150449     DEBUG main            d.u.i.k.j.r.ClassPreparationMethodBuilder clPrepBuilder: Inner Class detected. Reject building class initialisation methods. 
158492     DEBUG main            d.u.i.k.p.i.AbstractProblemLoader Init config took 11.57s 
158601     INFO  main            d.u.i.k.p.i.AbstractProblemLoader Replaying proof Dynamic[Dynamic::foo_8()].JML operation contract.0 
158605     DEBUG main            d.u.i.k.p.i.IntermediateProofReplayer Proof replay took 13.8ns 
164475     INFO  main            d.u.i.k.p.r.p.TestFile    ... finished proof: closed. 
164939     INFO  main            d.u.i.k.p.i.AbstractProblemLoader Loading environment from /home/runner/work/key/key/key.core/../key.ui/examples/performance-test/Dynamic(Dynamic__foo_08()).JML_operation_contract.0.key.proof 
164940     DEBUG main            d.u.i.k.p.i.AbstractProblemLoader Environment load took 638.14ns 
164942     INFO  main            d.u.i.k.p.i.AbstractProblemLoader Creating init config 
168554     DEBUG main            d.u.i.k.j.r.ClassPreparationMethodBuilder clPrepBuilder: Inner Class detected. Reject building class initialisation methods. 
176716     DEBUG main            d.u.i.k.p.i.AbstractProblemLoader Init config took 11.77s 
176858     INFO  main            d.u.i.k.p.i.AbstractProblemLoader Replaying proof Dynamic[Dynamic::foo_8()].JML operation contract.0 
177415     DEBUG main            d.u.i.k.p.i.IntermediateProofReplayer Proof replay took 532.39ms 
177418     DEBUG main            d.u.i.k.p.r.p.TestFile    ... success: reloaded. 
177421     INFO  main            d.u.i.k.p.r.p.TestFile    Now processing file /home/runner/work/key/key/key.core/../key.ui/examples/performance-test/DynamicGhost(DynamicGhost__dynamicGhost_08()).JML_normal_behavior_operation_contract.0.key 
177421     INFO  main            d.u.i.k.p.i.AbstractProblemLoader Loading environment from /home/runner/work/key/key/key.core/../key.ui/examples/performance-test/DynamicGhost(DynamicGhost__dynamicGhost_08()).JML_normal_behavior_operation_contract.0.key 
177421     DEBUG main            d.u.i.k.p.i.AbstractProblemLoader Environment load took 131.51ns 
177423     INFO  main            d.u.i.k.p.i.AbstractProblemLoader Creating init config 
181135     DEBUG main            d.u.i.k.j.r.ClassPreparationMethodBuilder clPrepBuilder: Inner Class detected. Reject building class initialisation methods. 
189392     DEBUG main            d.u.i.k.p.i.AbstractProblemLoader Init config took 11.97s 
189523     INFO  main            d.u.i.k.p.i.AbstractProblemLoader Replaying proof DynamicGhost[DynamicGhost::dynamicGhost_8()].JML normal_behavior operation contract.0 
189526     DEBUG main            d.u.i.k.p.i.IntermediateProofReplayer Proof replay took 12.5ns 
194210     INFO  main            d.u.i.k.p.r.p.TestFile    ... finished proof: closed. 
194724     INFO  main            d.u.i.k.p.i.AbstractProblemLoader Loading environment from /home/runner/work/key/key/key.core/../key.ui/examples/performance-test/DynamicGhost(DynamicGhost__dynamicGhost_08()).JML_normal_behavior_operation_contract.0.key.proof 
194725     DEBUG main            d.u.i.k.p.i.AbstractProblemLoader Environment load took 656.84ns 
194728     INFO  main            d.u.i.k.p.i.AbstractProblemLoader Creating init config 
198162     DEBUG main            d.u.i.k.j.r.ClassPreparationMethodBuilder clPrepBuilder: Inner Class detected. Reject building class initialisation methods. 
206035     DEBUG main            d.u.i.k.p.i.AbstractProblemLoader Init config took 11.31s 
206171     INFO  main            d.u.i.k.p.i.AbstractProblemLoader Replaying proof DynamicGhost[DynamicGhost::dynamicGhost_8()].JML normal_behavior operation contract.0 
206685     DEBUG main            d.u.i.k.p.i.IntermediateProofReplayer Proof replay took 491.16ms 
206688     DEBUG main            d.u.i.k.p.r.p.TestFile    ... success: reloaded. 
206690     INFO  main            d.u.i.k.p.r.p.TestFile    Now processing file /home/runner/work/key/key/key.core/../key.ui/examples/performance-test/GhostFrame(GhostFrame__foo_08()).JML_operation_contract.0.key 
206690     INFO  main            d.u.i.k.p.i.AbstractProblemLoader Loading environment from /home/runner/work/key/key/key.core/../key.ui/examples/performance-test/GhostFrame(GhostFrame__foo_08()).JML_operation_contract.0.key 
206691     DEBUG main            d.u.i.k.p.i.AbstractProblemLoader Environment load took 363.32ns 
206705     INFO  main            d.u.i.k.p.i.AbstractProblemLoader Creating init config 
210243     DEBUG main            d.u.i.k.j.r.ClassPreparationMethodBuilder clPrepBuilder: Inner Class detected. Reject building class initialisation methods. 
218256     DEBUG main            d.u.i.k.p.i.AbstractProblemLoader Init config took 11.55s 
218358     INFO  main            d.u.i.k.p.i.AbstractProblemLoader Replaying proof GhostFrame[GhostFrame::foo_8()].JML operation contract.0 
218360     DEBUG main            d.u.i.k.p.i.IntermediateProofReplayer Proof replay took 31.9ns 
220472     INFO  main            d.u.i.k.p.r.p.TestFile    ... finished proof: closed. 
220971     INFO  main            d.u.i.k.p.i.AbstractProblemLoader Loading environment from /home/runner/work/key/key/key.core/../key.ui/examples/performance-test/GhostFrame(GhostFrame__foo_08()).JML_operation_contract.0.key.proof 
220971     DEBUG main            d.u.i.k.p.i.AbstractProblemLoader Environment load took 233.31ns 
220973     INFO  main            d.u.i.k.p.i.AbstractProblemLoader Creating init config 
224387     DEBUG main            d.u.i.k.j.r.ClassPreparationMethodBuilder clPrepBuilder: Inner Class detected. Reject building class initialisation methods. 
232630     DEBUG main            d.u.i.k.p.i.AbstractProblemLoader Init config took 11.66s 
232734     INFO  main            d.u.i.k.p.i.AbstractProblemLoader Replaying proof GhostFrame[GhostFrame::foo_8()].JML operation contract.0 
233032     DEBUG main            d.u.i.k.p.i.IntermediateProofReplayer Proof replay took 288.65ms 
233034     DEBUG main            d.u.i.k.p.r.p.TestFile    ... success: reloaded. 
233035     INFO  main            d.u.i.k.p.r.p.TestFile    Now processing file /home/runner/work/key/key/key.core/../key.ui/examples/performance-test/Modelfield(Modelfield__foo_08()).JML_operation_contract.0.key 
233036     INFO  main            d.u.i.k.p.i.AbstractProblemLoader Loading environment from /home/runner/work/key/key/key.core/../key.ui/examples/performance-test/Modelfield(Modelfield__foo_08()).JML_operation_contract.0.key 
233036     DEBUG main            d.u.i.k.p.i.AbstractProblemLoader Environment load took 118.41ns 
233037     INFO  main            d.u.i.k.p.i.AbstractProblemLoader Creating init config 
236585     DEBUG main            d.u.i.k.j.r.ClassPreparationMethodBuilder clPrepBuilder: Inner Class detected. Reject building class initialisation methods. 
244671     DEBUG main            d.u.i.k.p.i.AbstractProblemLoader Init config took 11.63s 
244776     INFO  main            d.u.i.k.p.i.AbstractProblemLoader Replaying proof Modelfield[Modelfield::foo_8()].JML operation contract.0 
244778     DEBUG main            d.u.i.k.p.i.IntermediateProofReplayer Proof replay took 6.9ns 
248291     INFO  main            d.u.i.k.p.r.p.TestFile    ... finished proof: closed. 
248818     INFO  main            d.u.i.k.p.i.AbstractProblemLoader Loading environment from /home/runner/work/key/key/key.core/../key.ui/examples/performance-test/Modelfield(Modelfield__foo_08()).JML_operation_contract.0.key.proof 
248819     DEBUG main            d.u.i.k.p.i.AbstractProblemLoader Environment load took 600.03ns 
248821     INFO  main            d.u.i.k.p.i.AbstractProblemLoader Creating init config 
252298     DEBUG main            d.u.i.k.j.r.ClassPreparationMethodBuilder clPrepBuilder: Inner Class detected. Reject building class initialisation methods. 
260396     DEBUG main            d.u.i.k.p.i.AbstractProblemLoader Init config took 11.58s 
260499     INFO  main            d.u.i.k.p.i.AbstractProblemLoader Replaying proof Modelfield[Modelfield::foo_8()].JML operation contract.0 
260863     DEBUG main            d.u.i.k.p.i.IntermediateProofReplayer Proof replay took 349.41ms 
260865     DEBUG main            d.u.i.k.p.r.p.TestFile    ... success: reloaded. 
435557     INFO  Test worker     d.u.i.k.p.r.RunAllProofsTestUnit Returning from test performance 
435561     INFO  Test worker     d.u.i.k.p.r.RunAllProofsTestUnit Running test performancePOConstruction 
395        INFO  Timeout watchdog d.u.i.k.p.r.p.ForkedTestFileRunner Timeout watcher launched (2000 secs.) 
411        WARN  main            d.u.i.k.s.ProofSettings   The settings in /home/runner/.key/proof-settings.props are *not* read. 
460        INFO  main            d.u.i.k.p.r.p.TestFile    Now processing file /home/runner/work/key/key/key.core/../key.ui/examples/performance-test/Test(Test__a0(int)).JML_normal_behavior_operation_contract.0.key 
609        INFO  main            d.u.i.k.p.i.AbstractProblemLoader Loading environment from /home/runner/work/key/key/key.core/../key.ui/examples/performance-test/Test(Test__a0(int)).JML_normal_behavior_operation_contract.0.key 
630        DEBUG main            d.u.i.k.p.i.AbstractProblemLoader Environment load took 2.66ms 
912        INFO  main            d.u.i.k.p.i.AbstractProblemLoader Creating init config 
1842       DEBUG main            d.u.i.k.j.TypeConverter   No LDT found for Meta 
1851       DEBUG main            d.u.i.k.j.TypeConverter   No LDT found for Meta 
1852       DEBUG main            d.u.i.k.j.TypeConverter   No LDT found for Meta 
1854       DEBUG main            d.u.i.k.j.TypeConverter   No LDT found for Meta 
3429       DEBUG main            d.u.i.k.j.TypeConverter   No LDT found for JavaBigintExpression 
10503      DEBUG main            d.u.i.k.j.r.ClassPreparationMethodBuilder clPrepBuilder: Inner Class detected. Reject building class initialisation methods. 
20809      DEBUG main            d.u.i.k.p.i.AbstractProblemLoader Init config took 19.9s 
22076      INFO  main            d.u.i.k.p.i.AbstractProblemLoader Replaying proof Test[Test::a0(int)].JML normal_behavior operation contract.0 
22185      DEBUG main            d.u.i.k.p.i.IntermediateProofReplayer Proof replay took 40.7ns 
22680      INFO  main            d.u.i.k.p.r.p.TestFile    ... finished proof: closed. 
22865      INFO  main            d.u.i.k.p.i.AbstractProblemLoader Loading environment from /home/runner/work/key/key/key.core/../key.ui/examples/performance-test/Test(Test__a0(int)).JML_normal_behavior_operation_contract.0.key.proof 
22867      DEBUG main            d.u.i.k.p.i.AbstractProblemLoader Environment load took 2.56ms 
22870      INFO  main            d.u.i.k.p.i.AbstractProblemLoader Creating init config 
27127      DEBUG main            d.u.i.k.j.r.ClassPreparationMethodBuilder clPrepBuilder: Inner Class detected. Reject building class initialisation methods. 
36378      DEBUG main            d.u.i.k.p.i.AbstractProblemLoader Init config took 13.51s 
37391      INFO  main            d.u.i.k.p.i.AbstractProblemLoader Replaying proof Test[Test::a0(int)].JML normal_behavior operation contract.0 
37449      DEBUG main            d.u.i.k.p.i.IntermediateProofReplayer Proof replay took 43.25ms 
37465      DEBUG main            d.u.i.k.p.r.p.TestFile    ... success: reloaded. 
37471      INFO  main            d.u.i.k.p.r.p.TestFile    Now processing file /home/runner/work/key/key/key.core/../key.ui/examples/performance-test/Test(Test__a1(int)).JML_normal_behavior_operation_contract.0.key 
37472      INFO  main            d.u.i.k.p.i.AbstractProblemLoader Loading environment from /home/runner/work/key/key/key.core/../key.ui/examples/performance-test/Test(Test__a1(int)).JML_normal_behavior_operation_contract.0.key 
37472      DEBUG main            d.u.i.k.p.i.AbstractProblemLoader Environment load took 374.92ns 
37474      INFO  main            d.u.i.k.p.i.AbstractProblemLoader Creating init config 
41670      DEBUG main            d.u.i.k.j.r.ClassPreparationMethodBuilder clPrepBuilder: Inner Class detected. Reject building class initialisation methods. 
50904      DEBUG main            d.u.i.k.p.i.AbstractProblemLoader Init config took 13.43s 
51958      INFO  main            d.u.i.k.p.i.AbstractProblemLoader Replaying proof Test[Test::a1(int)].JML normal_behavior operation contract.0 
51961      DEBUG main            d.u.i.k.p.i.IntermediateProofReplayer Proof replay took 7.8ns 
52366      INFO  main            d.u.i.k.p.r.p.TestFile    ... finished proof: closed. 
52667      INFO  main            d.u.i.k.p.i.AbstractProblemLoader Loading environment from /home/runner/work/key/key/key.core/../key.ui/examples/performance-test/Test(Test__a1(int)).JML_normal_behavior_operation_contract.0.key.proof 
52668      DEBUG main            d.u.i.k.p.i.AbstractProblemLoader Environment load took 696.74ns 
52670      INFO  main            d.u.i.k.p.i.AbstractProblemLoader Creating init config 
56773      DEBUG main            d.u.i.k.j.r.ClassPreparationMethodBuilder clPrepBuilder: Inner Class detected. Reject building class initialisation methods. 
65717      DEBUG main            d.u.i.k.p.i.AbstractProblemLoader Init config took 13.05s 
66742      INFO  main            d.u.i.k.p.i.AbstractProblemLoader Replaying proof Test[Test::a1(int)].JML normal_behavior operation contract.0 
66818      DEBUG main            d.u.i.k.p.i.IntermediateProofReplayer Proof replay took 72.1ms 
66821      DEBUG main            d.u.i.k.p.r.p.TestFile    ... success: reloaded. 
66822      INFO  main            d.u.i.k.p.r.p.TestFile    Now processing file /home/runner/work/key/key/key.core/../key.ui/examples/performance-test/Test(Test__f1(int)).JML_normal_behavior_operation_contract.0.key 
66823      INFO  main            d.u.i.k.p.i.AbstractProblemLoader Loading environment from /home/runner/work/key/key/key.core/../key.ui/examples/performance-test/Test(Test__f1(int)).JML_normal_behavior_operation_contract.0.key 
66824      DEBUG main            d.u.i.k.p.i.AbstractProblemLoader Environment load took 1.49ms 
66826      INFO  main            d.u.i.k.p.i.AbstractProblemLoader Creating init config 
70747      DEBUG main            d.u.i.k.j.r.ClassPreparationMethodBuilder clPrepBuilder: Inner Class detected. Reject building class initialisation methods. 
79708      DEBUG main            d.u.i.k.p.i.AbstractProblemLoader Init config took 12.88s 
80726      INFO  main            d.u.i.k.p.i.AbstractProblemLoader Replaying proof Test[Test::f1(int)].JML normal_behavior operation contract.0 
80728      DEBUG main            d.u.i.k.p.i.IntermediateProofReplayer Proof replay took 6.8ns 
81032      INFO  main            d.u.i.k.p.r.p.TestFile    ... finished proof: closed. 
81334      INFO  main            d.u.i.k.p.i.AbstractProblemLoader Loading environment from /home/runner/work/key/key/key.core/../key.ui/examples/performance-test/Test(Test__f1(int)).JML_normal_behavior_operation_contract.0.key.proof 
81336      DEBUG main            d.u.i.k.p.i.AbstractProblemLoader Environment load took 1.36ms 
81337      INFO  main            d.u.i.k.p.i.AbstractProblemLoader Creating init config 
85211      DEBUG main            d.u.i.k.j.r.ClassPreparationMethodBuilder clPrepBuilder: Inner Class detected. Reject building class initialisation methods. 
94040      DEBUG main            d.u.i.k.p.i.AbstractProblemLoader Init config took 12.7s 
95085      INFO  main            d.u.i.k.p.i.AbstractProblemLoader Replaying proof Test[Test::f1(int)].JML normal_behavior operation contract.0 
95140      DEBUG main            d.u.i.k.p.i.IntermediateProofReplayer Proof replay took 51.4ms 
95142      DEBUG main            d.u.i.k.p.r.p.TestFile    ... success: reloaded. 
530903     INFO  Test worker     d.u.i.k.p.r.RunAllProofsTestUnit Returning from test performancePOConstruction 
530905     INFO  Test worker     d.u.i.k.p.r.RunAllProofsTestUnit Running test applicationRestrictions 
393        INFO  Timeout watchdog d.u.i.k.p.r.p.ForkedTestFileRunner Timeout watcher launched (2000 secs.) 
409        WARN  main            d.u.i.k.s.ProofSettings   The settings in /home/runner/.key/proof-settings.props are *not* read. 
466        INFO  main            d.u.i.k.p.r.p.TestFile    Now processing file /home/runner/work/key/key/key.core/../key.ui/examples/heap/polarity_tests/wellformed1.key 
613        INFO  main            d.u.i.k.p.i.AbstractProblemLoader Loading environment from /home/runner/work/key/key/key.core/../key.ui/examples/heap/polarity_tests/wellformed1.key 
633        DEBUG main            d.u.i.k.p.i.AbstractProblemLoader Environment load took 2.65ms 
902        INFO  main            d.u.i.k.p.i.AbstractProblemLoader Creating init config 
1992       DEBUG main            d.u.i.k.j.TypeConverter   No LDT found for Meta 
1993       DEBUG main            d.u.i.k.j.TypeConverter   No LDT found for Meta 
1994       DEBUG main            d.u.i.k.j.TypeConverter   No LDT found for Meta 
1995       DEBUG main            d.u.i.k.j.TypeConverter   No LDT found for Meta 
3913       DEBUG main            d.u.i.k.j.TypeConverter   No LDT found for JavaBigintExpression 
9926       DEBUG main            d.u.i.k.p.i.AbstractProblemLoader Init config took 9.02s 
10019      INFO  main            d.u.i.k.p.i.AbstractProblemLoader Replaying proof wellformed1.key 
10065      DEBUG main            d.u.i.k.p.i.IntermediateProofReplayer Proof replay took 40.9ns 
10258      INFO  main            d.u.i.k.p.r.p.TestFile    ... finished proof: closed. 
10375      INFO  main            d.u.i.k.p.i.AbstractProblemLoader Loading environment from /home/runner/work/key/key/key.core/../key.ui/examples/heap/polarity_tests/wellformed1.key.proof 
10375      DEBUG main            d.u.i.k.p.i.AbstractProblemLoader Environment load took 166.51ns 
10384      INFO  main            d.u.i.k.p.i.AbstractProblemLoader Creating init config 
13731      DEBUG main            d.u.i.k.p.i.AbstractProblemLoader Init config took 3.35s 
13763      INFO  main            d.u.i.k.p.i.AbstractProblemLoader Replaying proof wellformed1.key.proof 
13782      DEBUG main            d.u.i.k.p.i.IntermediateProofReplayer Proof replay took 2.55ms 
13794      DEBUG main            d.u.i.k.p.r.p.TestFile    ... success: reloaded. 
13796      INFO  main            d.u.i.k.p.r.p.TestFile    Now processing file /home/runner/work/key/key/key.core/../key.ui/examples/heap/polarity_tests/wellformed2.key 
13797      INFO  main            d.u.i.k.p.i.AbstractProblemLoader Loading environment from /home/runner/work/key/key/key.core/../key.ui/examples/heap/polarity_tests/wellformed2.key 
13797      DEBUG main            d.u.i.k.p.i.AbstractProblemLoader Environment load took 320.52ns 
13799      INFO  main            d.u.i.k.p.i.AbstractProblemLoader Creating init config 
16872      DEBUG main            d.u.i.k.p.i.AbstractProblemLoader Init config took 3.07s 
16902      INFO  main            d.u.i.k.p.i.AbstractProblemLoader Replaying proof wellformed2.key 
16904      DEBUG main            d.u.i.k.p.i.IntermediateProofReplayer Proof replay took 7.2ns 
17008      INFO  main            d.u.i.k.p.r.p.TestFile    ... finished proof: open goal(s) 
17170      INFO  main            d.u.i.k.p.r.p.TestFile    Now processing file /home/runner/work/key/key/key.core/../key.ui/examples/heap/polarity_tests/wellformed3.key 
17170      INFO  main            d.u.i.k.p.i.AbstractProblemLoader Loading environment from /home/runner/work/key/key/key.core/../key.ui/examples/heap/polarity_tests/wellformed3.key 
17170      DEBUG main            d.u.i.k.p.i.AbstractProblemLoader Environment load took 87.61ns 
17172      INFO  main            d.u.i.k.p.i.AbstractProblemLoader Creating init config 
20253      DEBUG main            d.u.i.k.p.i.AbstractProblemLoader Init config took 3.08s 
20305      INFO  main            d.u.i.k.p.i.AbstractProblemLoader Replaying proof wellformed3.key 
20310      DEBUG main            d.u.i.k.p.i.IntermediateProofReplayer Proof replay took 8.8ns 
20415      INFO  main            d.u.i.k.p.r.p.TestFile    ... finished proof: closed. 
20570      INFO  main            d.u.i.k.p.i.AbstractProblemLoader Loading environment from /home/runner/work/key/key/key.core/../key.ui/examples/heap/polarity_tests/wellformed3.key.proof 
20570      DEBUG main            d.u.i.k.p.i.AbstractProblemLoader Environment load took 153.11ns 
20572      INFO  main            d.u.i.k.p.i.AbstractProblemLoader Creating init config 
23547      DEBUG main            d.u.i.k.p.i.AbstractProblemLoader Init config took 2.98s 
23574      INFO  main            d.u.i.k.p.i.AbstractProblemLoader Replaying proof wellformed3.key.proof 
23579      DEBUG main            d.u.i.k.p.i.IntermediateProofReplayer Proof replay took 2.12ms 
23581      DEBUG main            d.u.i.k.p.r.p.TestFile    ... success: reloaded. 
23582      INFO  main            d.u.i.k.p.r.p.TestFile    Now processing file /home/runner/work/key/key/key.core/../key.ui/examples/heap/polarity_tests/wellformed4.key 
23582      INFO  main            d.u.i.k.p.i.AbstractProblemLoader Loading environment from /home/runner/work/key/key/key.core/../key.ui/examples/heap/polarity_tests/wellformed4.key 
23583      DEBUG main            d.u.i.k.p.i.AbstractProblemLoader Environment load took 279.01ns 
23584      INFO  main            d.u.i.k.p.i.AbstractProblemLoader Creating init config 
26580      DEBUG main            d.u.i.k.p.i.AbstractProblemLoader Init config took 3s 
26606      INFO  main            d.u.i.k.p.i.AbstractProblemLoader Replaying proof wellformed4.key 
26609      DEBUG main            d.u.i.k.p.i.IntermediateProofReplayer Proof replay took 7.9ns 
26714      INFO  main            d.u.i.k.p.r.p.TestFile    ... finished proof: open goal(s) 
26933      INFO  main            d.u.i.k.p.r.p.TestFile    Now processing file /home/runner/work/key/key/key.core/../key.ui/examples/heap/polarity_tests/wellformed5.key 
26933      INFO  main            d.u.i.k.p.i.AbstractProblemLoader Loading environment from /home/runner/work/key/key/key.core/../key.ui/examples/heap/polarity_tests/wellformed5.key 
26933      DEBUG main            d.u.i.k.p.i.AbstractProblemLoader Environment load took 79.5ns 
26936      INFO  main            d.u.i.k.p.i.AbstractProblemLoader Creating init config 
29836      DEBUG main            d.u.i.k.p.i.AbstractProblemLoader Init config took 2.9s 
29859      INFO  main            d.u.i.k.p.i.AbstractProblemLoader Replaying proof wellformed5.key 
29861      DEBUG main            d.u.i.k.p.i.IntermediateProofReplayer Proof replay took 7.8ns 
29964      INFO  main            d.u.i.k.p.r.p.TestFile    ... finished proof: closed. 
30149      INFO  main            d.u.i.k.p.i.AbstractProblemLoader Loading environment from /home/runner/work/key/key/key.core/../key.ui/examples/heap/polarity_tests/wellformed5.key.proof 
30149      DEBUG main            d.u.i.k.p.i.AbstractProblemLoader Environment load took 139.21ns 
30151      INFO  main            d.u.i.k.p.i.AbstractProblemLoader Creating init config 
32996      DEBUG main            d.u.i.k.p.i.AbstractProblemLoader Init config took 2.85s 
33019      INFO  main            d.u.i.k.p.i.AbstractProblemLoader Replaying proof wellformed5.key.proof 
33022      DEBUG main            d.u.i.k.p.i.IntermediateProofReplayer Proof replay took 1.02ms 
33023      DEBUG main            d.u.i.k.p.r.p.TestFile    ... success: reloaded. 
33024      INFO  main            d.u.i.k.p.r.p.TestFile    Now processing file /home/runner/work/key/key/key.core/../key.ui/examples/heap/polarity_tests/wellformed6.key 
33024      INFO  main            d.u.i.k.p.i.AbstractProblemLoader Loading environment from /home/runner/work/key/key/key.core/../key.ui/examples/heap/polarity_tests/wellformed6.key 
33024      DEBUG main            d.u.i.k.p.i.AbstractProblemLoader Environment load took 127.41ns 
33025      INFO  main            d.u.i.k.p.i.AbstractProblemLoader Creating init config 
35912      DEBUG main            d.u.i.k.p.i.AbstractProblemLoader Init config took 2.89s 
35934      INFO  main            d.u.i.k.p.i.AbstractProblemLoader Replaying proof wellformed6.key 
35936      DEBUG main            d.u.i.k.p.i.IntermediateProofReplayer Proof replay took 8.4ns 
36040      INFO  main            d.u.i.k.p.r.p.TestFile    ... finished proof: open goal(s) 
36215      INFO  main            d.u.i.k.p.r.p.TestFile    Now processing file /home/runner/work/key/key/key.core/../key.ui/examples/heap/polarity_tests/wellformed7.key 
36215      INFO  main            d.u.i.k.p.i.AbstractProblemLoader Loading environment from /home/runner/work/key/key/key.core/../key.ui/examples/heap/polarity_tests/wellformed7.key 
36215      DEBUG main            d.u.i.k.p.i.AbstractProblemLoader Environment load took 87.71ns 
36216      INFO  main            d.u.i.k.p.i.AbstractProblemLoader Creating init config 
39087      DEBUG main            d.u.i.k.p.i.AbstractProblemLoader Init config took 2.87s 
39109      INFO  main            d.u.i.k.p.i.AbstractProblemLoader Replaying proof wellformed7.key 
39111      DEBUG main            d.u.i.k.p.i.IntermediateProofReplayer Proof replay took 7.6ns 
39214      INFO  main            d.u.i.k.p.r.p.TestFile    ... finished proof: closed. 
39367      INFO  main            d.u.i.k.p.i.AbstractProblemLoader Loading environment from /home/runner/work/key/key/key.core/../key.ui/examples/heap/polarity_tests/wellformed7.key.proof 
39367      DEBUG main            d.u.i.k.p.i.AbstractProblemLoader Environment load took 139.31ns 
39371      INFO  main            d.u.i.k.p.i.AbstractProblemLoader Creating init config 
42277      DEBUG main            d.u.i.k.p.i.AbstractProblemLoader Init config took 2.91s 
42299      INFO  main            d.u.i.k.p.i.AbstractProblemLoader Replaying proof wellformed7.key.proof 
42303      DEBUG main            d.u.i.k.p.i.IntermediateProofReplayer Proof replay took 1.59ms 
42305      DEBUG main            d.u.i.k.p.r.p.TestFile    ... success: reloaded. 
42306      INFO  main            d.u.i.k.p.r.p.TestFile    Now processing file /home/runner/work/key/key/key.core/../key.ui/examples/heap/polarity_tests/wellformed8.key 
42306      INFO  main            d.u.i.k.p.i.AbstractProblemLoader Loading environment from /home/runner/work/key/key/key.core/../key.ui/examples/heap/polarity_tests/wellformed8.key 
42307      DEBUG main            d.u.i.k.p.i.AbstractProblemLoader Environment load took 277.12ns 
42308      INFO  main            d.u.i.k.p.i.AbstractProblemLoader Creating init config 
45137      DEBUG main            d.u.i.k.p.i.AbstractProblemLoader Init config took 2.83s 
45158      INFO  main            d.u.i.k.p.i.AbstractProblemLoader Replaying proof wellformed8.key 
45159      DEBUG main            d.u.i.k.p.i.IntermediateProofReplayer Proof replay took 8.9ns 
45266      INFO  main            d.u.i.k.p.r.p.TestFile    ... finished proof: open goal(s) 
45442      INFO  main            d.u.i.k.p.r.p.TestFile    Now processing file /home/runner/work/key/key/key.core/../key.ui/examples/heap/polarity_tests/wellformed9.key 
45443      INFO  main            d.u.i.k.p.i.AbstractProblemLoader Loading environment from /home/runner/work/key/key/key.core/../key.ui/examples/heap/polarity_tests/wellformed9.key 
45443      DEBUG main            d.u.i.k.p.i.AbstractProblemLoader Environment load took 80.7ns 
45445      INFO  main            d.u.i.k.p.i.AbstractProblemLoader Creating init config 
48357      DEBUG main            d.u.i.k.p.i.AbstractProblemLoader Init config took 2.91s 
48377      INFO  main            d.u.i.k.p.i.AbstractProblemLoader Replaying proof wellformed9.key 
48379      DEBUG main            d.u.i.k.p.i.IntermediateProofReplayer Proof replay took 9.1ns 
48482      INFO  main            d.u.i.k.p.r.p.TestFile    ... finished proof: closed. 
48646      INFO  main            d.u.i.k.p.i.AbstractProblemLoader Loading environment from /home/runner/work/key/key/key.core/../key.ui/examples/heap/polarity_tests/wellformed9.key.proof 
48647      DEBUG main            d.u.i.k.p.i.AbstractProblemLoader Environment load took 133.31ns 
48648      INFO  main            d.u.i.k.p.i.AbstractProblemLoader Creating init config 
51459      DEBUG main            d.u.i.k.p.i.AbstractProblemLoader Init config took 2.81s 
51490      INFO  main            d.u.i.k.p.i.AbstractProblemLoader Replaying proof wellformed9.key.proof 
51493      DEBUG main            d.u.i.k.p.i.IntermediateProofReplayer Proof replay took 1.52ms 
51495      DEBUG main            d.u.i.k.p.r.p.TestFile    ... success: reloaded. 
51496      INFO  main            d.u.i.k.p.r.p.TestFile    Now processing file /home/runner/work/key/key/key.core/../key.ui/examples/heap/polarity_tests/wellformed10.key 
51496      INFO  main            d.u.i.k.p.i.AbstractProblemLoader Loading environment from /home/runner/work/key/key/key.core/../key.ui/examples/heap/polarity_tests/wellformed10.key 
51496      DEBUG main            d.u.i.k.p.i.AbstractProblemLoader Environment load took 284.22ns 
51498      INFO  main            d.u.i.k.p.i.AbstractProblemLoader Creating init config 
54321      DEBUG main            d.u.i.k.p.i.AbstractProblemLoader Init config took 2.82s 
54339      INFO  main            d.u.i.k.p.i.AbstractProblemLoader Replaying proof wellformed10.key 
54340      DEBUG main            d.u.i.k.p.i.IntermediateProofReplayer Proof replay took 8.6ns 
54444      INFO  main            d.u.i.k.p.r.p.TestFile    ... finished proof: open goal(s) 
54625      INFO  main            d.u.i.k.p.r.p.TestFile    Now processing file /home/runner/work/key/key/key.core/../key.ui/examples/heap/polarity_tests/wellformed11.key 
54625      INFO  main            d.u.i.k.p.i.AbstractProblemLoader Loading environment from /home/runner/work/key/key/key.core/../key.ui/examples/heap/polarity_tests/wellformed11.key 
54626      DEBUG main            d.u.i.k.p.i.AbstractProblemLoader Environment load took 111.11ns 
54627      INFO  main            d.u.i.k.p.i.AbstractProblemLoader Creating init config 
57512      DEBUG main            d.u.i.k.p.i.AbstractProblemLoader Init config took 2.89s 
57551      INFO  main            d.u.i.k.p.i.AbstractProblemLoader Replaying proof wellformed11.key 
57556      DEBUG main            d.u.i.k.p.i.IntermediateProofReplayer Proof replay took 8.5ns 
57659      INFO  main            d.u.i.k.p.r.p.TestFile    ... finished proof: open goal(s) 
588910     INFO  Test worker     d.u.i.k.p.r.RunAllProofsTestUnit Returning from test applicationRestrictions 
588911     INFO  Test worker     d.u.i.k.p.r.RunAllProofsTestUnit Running test blockContracts 
464        INFO  Timeout watchdog d.u.i.k.p.r.p.ForkedTestFileRunner Timeout watcher launched (2000 secs.) 
478        WARN  main            d.u.i.k.s.ProofSettings   The settings in /home/runner/.key/proof-settings.props are *not* read. 
510        INFO  main            d.u.i.k.p.r.p.TestFile    Now processing file /home/runner/work/key/key/key.core/../key.ui/examples/heap/block_contracts/Simple__add.key 
636        INFO  main            d.u.i.k.p.i.AbstractProblemLoader Loading environment from /home/runner/work/key/key/key.core/../key.ui/examples/heap/block_contracts/Simple__add.key 
661        DEBUG main            d.u.i.k.p.i.AbstractProblemLoader Environment load took 2.57ms 
914        INFO  main            d.u.i.k.p.i.AbstractProblemLoader Creating init config 
1948       DEBUG main            d.u.i.k.j.TypeConverter   No LDT found for Meta 
1949       DEBUG main            d.u.i.k.j.TypeConverter   No LDT found for Meta 
1950       DEBUG main            d.u.i.k.j.TypeConverter   No LDT found for Meta 
1950       DEBUG main            d.u.i.k.j.TypeConverter   No LDT found for Meta 
3271       DEBUG main            d.u.i.k.j.TypeConverter   No LDT found for JavaBigintExpression 
9908       DEBUG main            d.u.i.k.p.i.AbstractProblemLoader Init config took 8.99s 
10087      INFO  main            d.u.i.k.p.i.AbstractProblemLoader Replaying proof Simple[Simple::add(int,int)].JML operation contract.0 
10178      DEBUG main            d.u.i.k.p.i.IntermediateProofReplayer Proof replay took 1.04ms 
11011      INFO  main            d.u.i.k.p.r.p.TestFile    ... finished proof: closed. 
11149      INFO  main            d.u.i.k.p.i.AbstractProblemLoader Loading environment from /home/runner/work/key/key/key.core/../key.ui/examples/heap/block_contracts/Simple__add.key.proof 
11150      DEBUG main            d.u.i.k.p.i.AbstractProblemLoader Environment load took 158.91ns 
11152      INFO  main            d.u.i.k.p.i.AbstractProblemLoader Creating init config 
15115      DEBUG main            d.u.i.k.p.i.AbstractProblemLoader Init config took 3.96s 
15185      INFO  main            d.u.i.k.p.i.AbstractProblemLoader Replaying proof Simple[Simple::add(int,int)].JML operation contract.0 
15259      DEBUG main            d.u.i.k.p.i.IntermediateProofReplayer Proof replay took 68.91ms 
15266      DEBUG main            d.u.i.k.p.r.p.TestFile    ... success: reloaded. 
15269      INFO  main            d.u.i.k.p.r.p.TestFile    Now processing file /home/runner/work/key/key/key.core/../key.ui/examples/heap/block_contracts/Simple__addAbsoluteValues.key 
15269      INFO  main            d.u.i.k.p.i.AbstractProblemLoader Loading environment from /home/runner/work/key/key/key.core/../key.ui/examples/heap/block_contracts/Simple__addAbsoluteValues.key 
15270      DEBUG main            d.u.i.k.p.i.AbstractProblemLoader Environment load took 350.42ns 
15273      INFO  main            d.u.i.k.p.i.AbstractProblemLoader Creating init config 
19016      DEBUG main            d.u.i.k.p.i.AbstractProblemLoader Init config took 3.74s 
19103      INFO  main            d.u.i.k.p.i.AbstractProblemLoader Replaying proof Simple[Simple::addAbsoluteValues(int,int)].JML normal_behavior operation contract.0 
19110      DEBUG main            d.u.i.k.p.i.IntermediateProofReplayer Proof replay took 16.1ns 
20349      INFO  main            d.u.i.k.p.r.p.TestFile    ... finished proof: closed. 
20586      INFO  main            d.u.i.k.p.i.AbstractProblemLoader Loading environment from /home/runner/work/key/key/key.core/../key.ui/examples/heap/block_contracts/Simple__addAbsoluteValues.key.proof 
20587      DEBUG main            d.u.i.k.p.i.AbstractProblemLoader Environment load took 597.83ns 
20589      INFO  main            d.u.i.k.p.i.AbstractProblemLoader Creating init config 
24355      DEBUG main            d.u.i.k.p.i.AbstractProblemLoader Init config took 3.77s 
24428      INFO  main            d.u.i.k.p.i.AbstractProblemLoader Replaying proof Simple[Simple::addAbsoluteValues(int,int)].JML normal_behavior operation contract.0 
24613      DEBUG main            d.u.i.k.p.i.IntermediateProofReplayer Proof replay took 175.15ms 
24614      DEBUG main            d.u.i.k.p.r.p.TestFile    ... success: reloaded. 
24616      INFO  main            d.u.i.k.p.r.p.TestFile    Now processing file /home/runner/work/key/key/key.core/../key.ui/examples/heap/block_contracts/Simple__addWithJump.key 
24617      INFO  main            d.u.i.k.p.i.AbstractProblemLoader Loading environment from /home/runner/work/key/key/key.core/../key.ui/examples/heap/block_contracts/Simple__addWithJump.key 
24617      DEBUG main            d.u.i.k.p.i.AbstractProblemLoader Environment load took 281.42ns 
24618      INFO  main            d.u.i.k.p.i.AbstractProblemLoader Creating init config 
28268      DEBUG main            d.u.i.k.p.i.AbstractProblemLoader Init config took 3.65s 
28328      INFO  main            d.u.i.k.p.i.AbstractProblemLoader Replaying proof Simple[Simple::addWithJump(int,int,int)].JML operation contract.0 
28331      DEBUG main            d.u.i.k.p.i.IntermediateProofReplayer Proof replay took 11.2ns 
28534      INFO  main            d.u.i.k.p.r.p.TestFile    ... finished proof: closed. 
28747      INFO  main            d.u.i.k.p.i.AbstractProblemLoader Loading environment from /home/runner/work/key/key/key.core/../key.ui/examples/heap/block_contracts/Simple__addWithJump.key.proof 
28747      DEBUG main            d.u.i.k.p.i.AbstractProblemLoader Environment load took 148.11ns 
28749      INFO  main            d.u.i.k.p.i.AbstractProblemLoader Creating init config 
32292      DEBUG main            d.u.i.k.p.i.AbstractProblemLoader Init config took 3.54s 
32357      INFO  main            d.u.i.k.p.i.AbstractProblemLoader Replaying proof Simple[Simple::addWithJump(int,int,int)].JML operation contract.0 
32408      DEBUG main            d.u.i.k.p.i.IntermediateProofReplayer Proof replay took 46.09ms 
32410      DEBUG main            d.u.i.k.p.r.p.TestFile    ... success: reloaded. 
32412      INFO  main            d.u.i.k.p.r.p.TestFile    Now processing file /home/runner/work/key/key/key.core/../key.ui/examples/heap/block_contracts/Simple__addWithTwoBlockContracts.key 
32412      INFO  main            d.u.i.k.p.i.AbstractProblemLoader Loading environment from /home/runner/work/key/key/key.core/../key.ui/examples/heap/block_contracts/Simple__addWithTwoBlockContracts.key 
32412      DEBUG main            d.u.i.k.p.i.AbstractProblemLoader Environment load took 274.12ns 
32414      INFO  main            d.u.i.k.p.i.AbstractProblemLoader Creating init config 
36054      DEBUG main            d.u.i.k.p.i.AbstractProblemLoader Init config took 3.64s 
36106      INFO  main            d.u.i.k.p.i.AbstractProblemLoader Replaying proof Simple[Simple::addWithTwoBlockContracts(int,int,int)].JML operation contract.0 
36108      DEBUG main            d.u.i.k.p.i.IntermediateProofReplayer Proof replay took 12.6ns 
36513      INFO  main            d.u.i.k.p.r.p.TestFile    ... finished proof: closed. 
36713      INFO  main            d.u.i.k.p.i.AbstractProblemLoader Loading environment from /home/runner/work/key/key/key.core/../key.ui/examples/heap/block_contracts/Simple__addWithTwoBlockContracts.key.proof 
36714      DEBUG main            d.u.i.k.p.i.AbstractProblemLoader Environment load took 678.44ns 
36715      INFO  main            d.u.i.k.p.i.AbstractProblemLoader Creating init config 
40189      DEBUG main            d.u.i.k.p.i.AbstractProblemLoader Init config took 3.47s 
40241      INFO  main            d.u.i.k.p.i.AbstractProblemLoader Replaying proof Simple[Simple::addWithTwoBlockContracts(int,int,int)].JML operation contract.0 
40302      DEBUG main            d.u.i.k.p.i.IntermediateProofReplayer Proof replay took 57.89ms 
40304      DEBUG main            d.u.i.k.p.r.p.TestFile    ... success: reloaded. 
40305      INFO  main            d.u.i.k.p.r.p.TestFile    Now processing file /home/runner/work/key/key/key.core/../key.ui/examples/heap/block_contracts/Simple__generateByteArray.key 
40306      INFO  main            d.u.i.k.p.i.AbstractProblemLoader Loading environment from /home/runner/work/key/key/key.core/../key.ui/examples/heap/block_contracts/Simple__generateByteArray.key 
40306      DEBUG main            d.u.i.k.p.i.AbstractProblemLoader Environment load took 279.51ns 
40307      INFO  main            d.u.i.k.p.i.AbstractProblemLoader Creating init config 
43805      DEBUG main            d.u.i.k.p.i.AbstractProblemLoader Init config took 3.5s 
43857      INFO  main            d.u.i.k.p.i.AbstractProblemLoader Replaying proof Simple[Simple::generateByteArray()].JML normal_behavior operation contract.0 
43859      DEBUG main            d.u.i.k.p.i.IntermediateProofReplayer Proof replay took 14.4ns 
46118      INFO  main            d.u.i.k.p.r.p.TestFile    ... finished proof: closed. 
46353      INFO  main            d.u.i.k.p.i.AbstractProblemLoader Loading environment from /home/runner/work/key/key/key.core/../key.ui/examples/heap/block_contracts/Simple__generateByteArray.key.proof 
46354      DEBUG main            d.u.i.k.p.i.AbstractProblemLoader Environment load took 562.83ns 
46356      INFO  main            d.u.i.k.p.i.AbstractProblemLoader Creating init config 
49810      DEBUG main            d.u.i.k.p.i.AbstractProblemLoader Init config took 3.45s 
49860      INFO  main            d.u.i.k.p.i.AbstractProblemLoader Replaying proof Simple[Simple::generateByteArray()].JML normal_behavior operation contract.0 
50088      DEBUG main            d.u.i.k.p.i.IntermediateProofReplayer Proof replay took 213.22ms 
50090      DEBUG main            d.u.i.k.p.r.p.TestFile    ... success: reloaded. 
50092      INFO  main            d.u.i.k.p.r.p.TestFile    Now processing file /home/runner/work/key/key/key.core/../key.ui/examples/heap/block_contracts/Simple__getLength.key 
50092      INFO  main            d.u.i.k.p.i.AbstractProblemLoader Loading environment from /home/runner/work/key/key/key.core/../key.ui/examples/heap/block_contracts/Simple__getLength.key 
50092      DEBUG main            d.u.i.k.p.i.AbstractProblemLoader Environment load took 271.81ns 
50094      INFO  main            d.u.i.k.p.i.AbstractProblemLoader Creating init config 
53762      DEBUG main            d.u.i.k.p.i.AbstractProblemLoader Init config took 3.67s 
53813      INFO  main            d.u.i.k.p.i.AbstractProblemLoader Replaying proof Simple[Simple::getLength()].JML normal_behavior operation contract.0 
53815      DEBUG main            d.u.i.k.p.i.IntermediateProofReplayer Proof replay took 13.7ns 
53924      INFO  main            d.u.i.k.p.r.p.TestFile    ... finished proof: closed. 
54163      INFO  main            d.u.i.k.p.i.AbstractProblemLoader Loading environment from /home/runner/work/key/key/key.core/../key.ui/examples/heap/block_contracts/Simple__getLength.key.proof 
54164      DEBUG main            d.u.i.k.p.i.AbstractProblemLoader Environment load took 133.81ns 
54165      INFO  main            d.u.i.k.p.i.AbstractProblemLoader Creating init config 
57680      DEBUG main            d.u.i.k.p.i.AbstractProblemLoader Init config took 3.51s 
57732      INFO  main            d.u.i.k.p.i.AbstractProblemLoader Replaying proof Simple[Simple::getLength()].JML normal_behavior operation contract.0 
57744      DEBUG main            d.u.i.k.p.i.IntermediateProofReplayer Proof replay took 8.89ms 
57745      DEBUG main            d.u.i.k.p.r.p.TestFile    ... success: reloaded. 
57747      INFO  main            d.u.i.k.p.r.p.TestFile    Now processing file /home/runner/work/key/key/key.core/../key.ui/examples/heap/block_contracts/Simple__square.key 
57747      INFO  main            d.u.i.k.p.i.AbstractProblemLoader Loading environment from /home/runner/work/key/key/key.core/../key.ui/examples/heap/block_contracts/Simple__square.key 
57748      DEBUG main            d.u.i.k.p.i.AbstractProblemLoader Environment load took 273.71ns 
57749      INFO  main            d.u.i.k.p.i.AbstractProblemLoader Creating init config 
61303      DEBUG main            d.u.i.k.p.i.AbstractProblemLoader Init config took 3.55s 
61352      INFO  main            d.u.i.k.p.i.AbstractProblemLoader Replaying proof Simple[Simple::square(int)].JML operation contract.0 
61354      DEBUG main            d.u.i.k.p.i.IntermediateProofReplayer Proof replay took 13.4ns 
61761      INFO  main            d.u.i.k.p.r.p.TestFile    ... finished proof: closed. 
61985      INFO  main            d.u.i.k.p.i.AbstractProblemLoader Loading environment from /home/runner/work/key/key/key.core/../key.ui/examples/heap/block_contracts/Simple__square.key.proof 
61985      DEBUG main            d.u.i.k.p.i.AbstractProblemLoader Environment load took 532.63ns 
61987      INFO  main            d.u.i.k.p.i.AbstractProblemLoader Creating init config 
65381      DEBUG main            d.u.i.k.p.i.AbstractProblemLoader Init config took 3.39s 
65428      INFO  main            d.u.i.k.p.i.AbstractProblemLoader Replaying proof Simple[Simple::square(int)].JML operation contract.0 
65515      DEBUG main            d.u.i.k.p.i.IntermediateProofReplayer Proof replay took 82.84ms 
65516      DEBUG main            d.u.i.k.p.r.p.TestFile    ... success: reloaded. 
65518      INFO  main            d.u.i.k.p.r.p.TestFile    Now processing file /home/runner/work/key/key/key.core/../key.ui/examples/heap/block_contracts/Simple__unnecessaryBlockContract.key 
65518      INFO  main            d.u.i.k.p.i.AbstractProblemLoader Loading environment from /home/runner/work/key/key/key.core/../key.ui/examples/heap/block_contracts/Simple__unnecessaryBlockContract.key 
65519      DEBUG main            d.u.i.k.p.i.AbstractProblemLoader Environment load took 289.71ns 
65520      INFO  main            d.u.i.k.p.i.AbstractProblemLoader Creating init config 
69102      DEBUG main            d.u.i.k.p.i.AbstractProblemLoader Init config took 3.58s 
69150      INFO  main            d.u.i.k.p.i.AbstractProblemLoader Replaying proof Simple[Simple::unnecessaryBlockContract()].JML operation contract.0 
69153      DEBUG main            d.u.i.k.p.i.IntermediateProofReplayer Proof replay took 15.3ns 
69256      INFO  main            d.u.i.k.p.r.p.TestFile    ... finished proof: closed. 
69515      INFO  main            d.u.i.k.p.i.AbstractProblemLoader Loading environment from /home/runner/work/key/key/key.core/../key.ui/examples/heap/block_contracts/Simple__unnecessaryBlockContract.key.proof 
69516      DEBUG main            d.u.i.k.p.i.AbstractProblemLoader Environment load took 142.11ns 
69517      INFO  main            d.u.i.k.p.i.AbstractProblemLoader Creating init config 
72985      DEBUG main            d.u.i.k.p.i.AbstractProblemLoader Init config took 3.47s 
73033      INFO  main            d.u.i.k.p.i.AbstractProblemLoader Replaying proof Simple[Simple::unnecessaryBlockContract()].JML operation contract.0 
73055      DEBUG main            d.u.i.k.p.i.IntermediateProofReplayer Proof replay took 19.8ms 
73056      DEBUG main            d.u.i.k.p.r.p.TestFile    ... success: reloaded. 
73058      INFO  main            d.u.i.k.p.r.p.TestFile    Now processing file /home/runner/work/key/key/key.core/../key.ui/examples/heap/block_contracts/Simple__unnecessaryLoopInvariant.key 
73058      INFO  main            d.u.i.k.p.i.AbstractProblemLoader Loading environment from /home/runner/work/key/key/key.core/../key.ui/examples/heap/block_contracts/Simple__unnecessaryLoopInvariant.key 
73058      DEBUG main            d.u.i.k.p.i.AbstractProblemLoader Environment load took 93.81ns 
73059      INFO  main            d.u.i.k.p.i.AbstractProblemLoader Creating init config 
76579      DEBUG main            d.u.i.k.p.i.AbstractProblemLoader Init config took 3.52s 
76623      INFO  main            d.u.i.k.p.i.AbstractProblemLoader Replaying proof Simple[Simple::unnecessaryLoopInvariant()].JML operation contract.0 
76625      DEBUG main            d.u.i.k.p.i.IntermediateProofReplayer Proof replay took 13ns 
76728      INFO  main            d.u.i.k.p.r.p.TestFile    ... finished proof: closed. 
76972      INFO  main            d.u.i.k.p.i.AbstractProblemLoader Loading environment from /home/runner/work/key/key/key.core/../key.ui/examples/heap/block_contracts/Simple__unnecessaryLoopInvariant.key.proof 
76972      DEBUG main            d.u.i.k.p.i.AbstractProblemLoader Environment load took 144.11ns 
76973      INFO  main            d.u.i.k.p.i.AbstractProblemLoader Creating init config 
80392      DEBUG main            d.u.i.k.p.i.AbstractProblemLoader Init config took 3.42s 
80460      INFO  main            d.u.i.k.p.i.AbstractProblemLoader Replaying proof Simple[Simple::unnecessaryLoopInvariant()].JML operation contract.0 
80475      DEBUG main            d.u.i.k.p.i.IntermediateProofReplayer Proof replay took 11.26ms 
80476      DEBUG main            d.u.i.k.p.r.p.TestFile    ... success: reloaded. 
80478      INFO  main            d.u.i.k.p.r.p.TestFile    Now processing file /home/runner/work/key/key/key.core/../key.ui/examples/standard_key/java_dl/jml-assert/assert.key 
80479      INFO  main            d.u.i.k.p.i.AbstractProblemLoader Loading environment from /home/runner/work/key/key/key.core/../key.ui/examples/standard_key/java_dl/jml-assert/assert.key 
80479      DEBUG main            d.u.i.k.p.i.AbstractProblemLoader Environment load took 291.42ns 
80481      INFO  main            d.u.i.k.p.i.AbstractProblemLoader Creating init config 
83580      DEBUG main            d.u.i.k.p.i.AbstractProblemLoader Init config took 3.1s 
83632      INFO  main            d.u.i.k.p.i.AbstractProblemLoader Replaying proof Assert[Assert::createArray(int)].JML normal_behavior operation contract.0 
83635      DEBUG main            d.u.i.k.p.i.IntermediateProofReplayer Proof replay took 19.5ns 
83941      INFO  main            d.u.i.k.p.r.p.TestFile    ... finished proof: closed. 
84181      INFO  main            d.u.i.k.p.i.AbstractProblemLoader Loading environment from /home/runner/work/key/key/key.core/../key.ui/examples/standard_key/java_dl/jml-assert/assert.key.proof 
84181      DEBUG main            d.u.i.k.p.i.AbstractProblemLoader Environment load took 155.42ns 
84183      INFO  main            d.u.i.k.p.i.AbstractProblemLoader Creating init config 
87216      DEBUG main            d.u.i.k.p.i.AbstractProblemLoader Init config took 3.03s 
87273      INFO  main            d.u.i.k.p.i.AbstractProblemLoader Replaying proof Assert[Assert::createArray(int)].JML normal_behavior operation contract.0 
87351      DEBUG main            d.u.i.k.p.i.IntermediateProofReplayer Proof replay took 75.28ms 
87352      DEBUG main            d.u.i.k.p.r.p.TestFile    ... success: reloaded. 
87355      INFO  main            d.u.i.k.p.r.p.TestFile    Now processing file /home/runner/work/key/key/key.core/../key.ui/examples/standard_key/java_dl/jml-assert/assert_assume_order.key 
87355      INFO  main            d.u.i.k.p.i.AbstractProblemLoader Loading environment from /home/runner/work/key/key/key.core/../key.ui/examples/standard_key/java_dl/jml-assert/assert_assume_order.key 
87355      DEBUG main            d.u.i.k.p.i.AbstractProblemLoader Environment load took 74.4ns 
87356      INFO  main            d.u.i.k.p.i.AbstractProblemLoader Creating init config 
90488      DEBUG main            d.u.i.k.p.i.AbstractProblemLoader Init config took 3.13s 
90553      INFO  main            d.u.i.k.p.i.AbstractProblemLoader Replaying proof AssertAssume[AssertAssume::singleAssumeAssert(int)].JML normal_behavior operation contract.0 
90555      DEBUG main            d.u.i.k.p.i.IntermediateProofReplayer Proof replay took 7ns 
90661      INFO  main            d.u.i.k.p.r.p.TestFile    ... finished proof: closed. 
90884      INFO  main            d.u.i.k.p.i.AbstractProblemLoader Loading environment from /home/runner/work/key/key/key.core/../key.ui/examples/standard_key/java_dl/jml-assert/assert_assume_order.key.proof 
90884      DEBUG main            d.u.i.k.p.i.AbstractProblemLoader Environment load took 131.53ns 
90885      INFO  main            d.u.i.k.p.i.AbstractProblemLoader Creating init config 
93961      DEBUG main            d.u.i.k.p.i.AbstractProblemLoader Init config took 3.08s 
94003      INFO  main            d.u.i.k.p.i.AbstractProblemLoader Replaying proof AssertAssume[AssertAssume::singleAssumeAssert(int)].JML normal_behavior operation contract.0 
94014      DEBUG main            d.u.i.k.p.i.IntermediateProofReplayer Proof replay took 8.18ms 
94015      DEBUG main            d.u.i.k.p.r.p.TestFile    ... success: reloaded. 
94017      INFO  main            d.u.i.k.p.r.p.TestFile    Now processing file /home/runner/work/key/key/key.core/../key.ui/examples/heap/block_loop_contracts/SimpleVariants/sum_onBlock_external.key 
94017      INFO  main            d.u.i.k.p.i.AbstractProblemLoader Loading environment from /home/runner/work/key/key/key.core/../key.ui/examples/heap/block_loop_contracts/SimpleVariants/sum_onBlock_external.key 
94017      DEBUG main            d.u.i.k.p.i.AbstractProblemLoader Environment load took 280.02ns 
94019      INFO  main            d.u.i.k.p.i.AbstractProblemLoader Creating init config 
97309      DEBUG main            d.u.i.k.p.i.AbstractProblemLoader Init config took 3.29s 
97350      INFO  main            d.u.i.k.p.i.AbstractProblemLoader Replaying proof LoopContractExamplesAll[LoopContractExamplesAll::sum_loopContract_onBlock([I)].JML normal_behavior operation contract.0 
97352      DEBUG main            d.u.i.k.p.i.IntermediateProofReplayer Proof replay took 13.9ns 
97455      INFO  main            d.u.i.k.p.r.p.TestFile    ... finished proof: closed. 
97742      INFO  main            d.u.i.k.p.i.AbstractProblemLoader Loading environment from /home/runner/work/key/key/key.core/../key.ui/examples/heap/block_loop_contracts/SimpleVariants/sum_onBlock_external.key.proof 
97742      DEBUG main            d.u.i.k.p.i.AbstractProblemLoader Environment load took 135.41ns 
97744      INFO  main            d.u.i.k.p.i.AbstractProblemLoader Creating init config 
100915     DEBUG main            d.u.i.k.p.i.AbstractProblemLoader Init config took 3.17s 
100957     INFO  main            d.u.i.k.p.i.AbstractProblemLoader Replaying proof LoopContractExamplesAll[LoopContractExamplesAll::sum_loopContract_onBlock([I)].JML normal_behavior operation contract.0 
100990     DEBUG main            d.u.i.k.p.i.IntermediateProofReplayer Proof replay took 31.49ms 
100992     DEBUG main            d.u.i.k.p.r.p.TestFile    ... success: reloaded. 
100993     INFO  main            d.u.i.k.p.r.p.TestFile    Now processing file /home/runner/work/key/key/key.core/../key.ui/examples/heap/block_loop_contracts/SimpleVariants/sum_onBlock_internal.key 
100994     INFO  main            d.u.i.k.p.i.AbstractProblemLoader Loading environment from /home/runner/work/key/key/key.core/../key.ui/examples/heap/block_loop_contracts/SimpleVariants/sum_onBlock_internal.key 
100994     DEBUG main            d.u.i.k.p.i.AbstractProblemLoader Environment load took 274.39ns 
100995     INFO  main            d.u.i.k.p.i.AbstractProblemLoader Creating init config 
104390     DEBUG main            d.u.i.k.p.i.AbstractProblemLoader Init config took 3.4s 
104436     INFO  main            d.u.i.k.p.i.AbstractProblemLoader Replaying proof LoopContractExamplesAll[LoopContractExamplesAll::sum_loopContract_onBlock([I)].JML normal_behavior operation contract.0 
104438     DEBUG main            d.u.i.k.p.i.IntermediateProofReplayer Proof replay took 13.7ns 
105247     INFO  main            d.u.i.k.p.r.p.TestFile    ... finished proof: closed. 
105541     INFO  main            d.u.i.k.p.i.AbstractProblemLoader Loading environment from /home/runner/work/key/key/key.core/../key.ui/examples/heap/block_loop_contracts/SimpleVariants/sum_onBlock_internal.key.proof 
105541     DEBUG main            d.u.i.k.p.i.AbstractProblemLoader Environment load took 531.74ns 
105542     INFO  main            d.u.i.k.p.i.AbstractProblemLoader Creating init config 
108799     DEBUG main            d.u.i.k.p.i.AbstractProblemLoader Init config took 3.26s 
108840     INFO  main            d.u.i.k.p.i.AbstractProblemLoader Replaying proof LoopContractExamplesAll[LoopContractExamplesAll::sum_loopContract_onBlock([I)].JML normal_behavior operation contract.0 
109067     DEBUG main            d.u.i.k.p.i.IntermediateProofReplayer Proof replay took 222.63ms 
109068     DEBUG main            d.u.i.k.p.r.p.TestFile    ... success: reloaded. 
109070     INFO  main            d.u.i.k.p.r.p.TestFile    Now processing file /home/runner/work/key/key/key.core/../key.ui/examples/heap/block_loop_contracts/SimpleVariants/sum_onBlock_loop.key 
109070     INFO  main            d.u.i.k.p.i.AbstractProblemLoader Loading environment from /home/runner/work/key/key/key.core/../key.ui/examples/heap/block_loop_contracts/SimpleVariants/sum_onBlock_loop.key 
109071     DEBUG main            d.u.i.k.p.i.AbstractProblemLoader Environment load took 307.47ns 
109072     INFO  main            d.u.i.k.p.i.AbstractProblemLoader Creating init config 
112433     DEBUG main            d.u.i.k.p.i.AbstractProblemLoader Init config took 3.36s 
112475     INFO  main            d.u.i.k.p.i.AbstractProblemLoader Replaying proof LoopContractExamplesAll[LoopContractExamplesAll::sum_loopContract_onBlock([I)].JML normal_behavior loop contract.0 
112477     DEBUG main            d.u.i.k.p.i.IntermediateProofReplayer Proof replay took 12.7ns 
113286     INFO  main            d.u.i.k.p.r.p.TestFile    ... finished proof: closed. 
113653     INFO  main            d.u.i.k.p.i.AbstractProblemLoader Loading environment from /home/runner/work/key/key/key.core/../key.ui/examples/heap/block_loop_contracts/SimpleVariants/sum_onBlock_loop.key.proof 
113654     DEBUG main            d.u.i.k.p.i.AbstractProblemLoader Environment load took 648.16ns 
113655     INFO  main            d.u.i.k.p.i.AbstractProblemLoader Creating init config 
116841     DEBUG main            d.u.i.k.p.i.AbstractProblemLoader Init config took 3.19s 
116881     INFO  main            d.u.i.k.p.i.AbstractProblemLoader Replaying proof LoopContractExamplesAll[LoopContractExamplesAll::sum_loopContract_onBlock([I)].JML normal_behavior loop contract.0 
117085     DEBUG main            d.u.i.k.p.i.IntermediateProofReplayer Proof replay took 198.86ms 
117086     DEBUG main            d.u.i.k.p.r.p.TestFile    ... success: reloaded. 
117088     INFO  main            d.u.i.k.p.r.p.TestFile    Now processing file /home/runner/work/key/key/key.core/../key.ui/examples/heap/block_loop_contracts/SimpleVariants/sum_onLoop_external.key 
117088     INFO  main            d.u.i.k.p.i.AbstractProblemLoader Loading environment from /home/runner/work/key/key/key.core/../key.ui/examples/heap/block_loop_contracts/SimpleVariants/sum_onLoop_external.key 
117088     DEBUG main            d.u.i.k.p.i.AbstractProblemLoader Environment load took 284.83ns 
117090     INFO  main            d.u.i.k.p.i.AbstractProblemLoader Creating init config 
120302     DEBUG main            d.u.i.k.p.i.AbstractProblemLoader Init config took 3.21s 
120342     INFO  main            d.u.i.k.p.i.AbstractProblemLoader Replaying proof LoopContractExamplesAll[LoopContractExamplesAll::sum_loopContract_onLoop([I)].JML normal_behavior operation contract.0 
120344     DEBUG main            d.u.i.k.p.i.IntermediateProofReplayer Proof replay took 32.8ns 
120447     INFO  main            d.u.i.k.p.r.p.TestFile    ... finished proof: closed. 
120768     INFO  main            d.u.i.k.p.i.AbstractProblemLoader Loading environment from /home/runner/work/key/key/key.core/../key.ui/examples/heap/block_loop_contracts/SimpleVariants/sum_onLoop_external.key.proof 
120768     DEBUG main            d.u.i.k.p.i.AbstractProblemLoader Environment load took 124.51ns 
120769     INFO  main            d.u.i.k.p.i.AbstractProblemLoader Creating init config 
123942     DEBUG main            d.u.i.k.p.i.AbstractProblemLoader Init config took 3.17s 
123981     INFO  main            d.u.i.k.p.i.AbstractProblemLoader Replaying proof LoopContractExamplesAll[LoopContractExamplesAll::sum_loopContract_onLoop([I)].JML normal_behavior operation contract.0 
124010     DEBUG main            d.u.i.k.p.i.IntermediateProofReplayer Proof replay took 27.48ms 
124011     DEBUG main            d.u.i.k.p.r.p.TestFile    ... success: reloaded. 
124012     INFO  main            d.u.i.k.p.r.p.TestFile    Now processing file /home/runner/work/key/key/key.core/../key.ui/examples/heap/block_loop_contracts/SimpleVariants/sum_onLoop_internal.key 
124013     INFO  main            d.u.i.k.p.i.AbstractProblemLoader Loading environment from /home/runner/work/key/key/key.core/../key.ui/examples/heap/block_loop_contracts/SimpleVariants/sum_onLoop_internal.key 
124013     DEBUG main            d.u.i.k.p.i.AbstractProblemLoader Environment load took 105.91ns 
124014     INFO  main            d.u.i.k.p.i.AbstractProblemLoader Creating init config 
127381     DEBUG main            d.u.i.k.p.i.AbstractProblemLoader Init config took 3.37s 
127422     INFO  main            d.u.i.k.p.i.AbstractProblemLoader Replaying proof LoopContractExamplesAll[LoopContractExamplesAll::sum_loopContract_onLoop([I)].JML normal_behavior operation contract.0 
127424     DEBUG main            d.u.i.k.p.i.IntermediateProofReplayer Proof replay took 62.21ns 
128136     INFO  main            d.u.i.k.p.r.p.TestFile    ... finished proof: closed. 
128477     INFO  main            d.u.i.k.p.i.AbstractProblemLoader Loading environment from /home/runner/work/key/key/key.core/../key.ui/examples/heap/block_loop_contracts/SimpleVariants/sum_onLoop_internal.key.proof 
128478     DEBUG main            d.u.i.k.p.i.AbstractProblemLoader Environment load took 621.47ns 
128479     INFO  main            d.u.i.k.p.i.AbstractProblemLoader Creating init config 
131639     DEBUG main            d.u.i.k.p.i.AbstractProblemLoader Init config took 3.16s 
131680     INFO  main            d.u.i.k.p.i.AbstractProblemLoader Replaying proof LoopContractExamplesAll[LoopContractExamplesAll::sum_loopContract_onLoop([I)].JML normal_behavior operation contract.0 
131876     DEBUG main            d.u.i.k.p.i.IntermediateProofReplayer Proof replay took 192.05ms 
131878     DEBUG main            d.u.i.k.p.r.p.TestFile    ... success: reloaded. 
131879     INFO  main            d.u.i.k.p.r.p.TestFile    Now processing file /home/runner/work/key/key/key.core/../key.ui/examples/heap/block_loop_contracts/SimpleVariants/sum_onLoop_loop.key 
131880     INFO  main            d.u.i.k.p.i.AbstractProblemLoader Loading environment from /home/runner/work/key/key/key.core/../key.ui/examples/heap/block_loop_contracts/SimpleVariants/sum_onLoop_loop.key 
131880     DEBUG main            d.u.i.k.p.i.AbstractProblemLoader Environment load took 277.33ns 
131881     INFO  main            d.u.i.k.p.i.AbstractProblemLoader Creating init config 
135162     DEBUG main            d.u.i.k.p.i.AbstractProblemLoader Init config took 3.28s 
135230     INFO  main            d.u.i.k.p.i.AbstractProblemLoader Replaying proof LoopContractExamplesAll[LoopContractExamplesAll::sum_loopContract_onLoop([I)].JML normal_behavior loop contract.0 
135233     DEBUG main            d.u.i.k.p.i.IntermediateProofReplayer Proof replay took 13.4ns 
136037     INFO  main            d.u.i.k.p.r.p.TestFile    ... finished proof: closed. 
136421     INFO  main            d.u.i.k.p.i.AbstractProblemLoader Loading environment from /home/runner/work/key/key/key.core/../key.ui/examples/heap/block_loop_contracts/SimpleVariants/sum_onLoop_loop.key.proof 
136423     DEBUG main            d.u.i.k.p.i.AbstractProblemLoader Environment load took 1.5ms 
136425     INFO  main            d.u.i.k.p.i.AbstractProblemLoader Creating init config 
139629     DEBUG main            d.u.i.k.p.i.AbstractProblemLoader Init config took 3.2s 
139669     INFO  main            d.u.i.k.p.i.AbstractProblemLoader Replaying proof LoopContractExamplesAll[LoopContractExamplesAll::sum_loopContract_onLoop([I)].JML normal_behavior loop contract.0 
139871     DEBUG main            d.u.i.k.p.i.IntermediateProofReplayer Proof replay took 196.71ms 
139872     DEBUG main            d.u.i.k.p.r.p.TestFile    ... success: reloaded. 
139873     INFO  main            d.u.i.k.p.r.p.TestFile    Now processing file /home/runner/work/key/key/key.core/../key.ui/examples/heap/block_loop_contracts/Free/blockContracts0.key 
139874     INFO  main            d.u.i.k.p.i.AbstractProblemLoader Loading environment from /home/runner/work/key/key/key.core/../key.ui/examples/heap/block_loop_contracts/Free/blockContracts0.key 
139874     DEBUG main            d.u.i.k.p.i.AbstractProblemLoader Environment load took 255.23ns 
139875     INFO  main            d.u.i.k.p.i.AbstractProblemLoader Creating init config 
142734     DEBUG main            d.u.i.k.p.i.AbstractProblemLoader Init config took 2.86s 
142772     INFO  main            d.u.i.k.p.i.AbstractProblemLoader Replaying proof FreeConditions[FreeConditions::blockContract0()].JML normal_behavior operation contract.0 
142774     DEBUG main            d.u.i.k.p.i.IntermediateProofReplayer Proof replay took 12.6ns 
142876     INFO  main            d.u.i.k.p.r.p.TestFile    ... finished proof: closed. 
143215     INFO  main            d.u.i.k.p.i.AbstractProblemLoader Loading environment from /home/runner/work/key/key/key.core/../key.ui/examples/heap/block_loop_contracts/Free/blockContracts0.key.proof 
143215     DEBUG main            d.u.i.k.p.i.AbstractProblemLoader Environment load took 116.61ns 
143216     INFO  main            d.u.i.k.p.i.AbstractProblemLoader Creating init config 
146113     DEBUG main            d.u.i.k.p.i.AbstractProblemLoader Init config took 2.9s 
146164     INFO  main            d.u.i.k.p.i.AbstractProblemLoader Replaying proof FreeConditions[FreeConditions::blockContract0()].JML normal_behavior operation contract.0 
146189     DEBUG main            d.u.i.k.p.i.IntermediateProofReplayer Proof replay took 22.53ms 
146190     DEBUG main            d.u.i.k.p.r.p.TestFile    ... success: reloaded. 
146191     INFO  main            d.u.i.k.p.r.p.TestFile    Now processing file /home/runner/work/key/key/key.core/../key.ui/examples/heap/block_loop_contracts/Free/blockContracts1.key 
146191     INFO  main            d.u.i.k.p.i.AbstractProblemLoader Loading environment from /home/runner/work/key/key/key.core/../key.ui/examples/heap/block_loop_contracts/Free/blockContracts1.key 
146192     DEBUG main            d.u.i.k.p.i.AbstractProblemLoader Environment load took 111.01ns 
146192     INFO  main            d.u.i.k.p.i.AbstractProblemLoader Creating init config 
149031     DEBUG main            d.u.i.k.p.i.AbstractProblemLoader Init config took 2.84s 
149068     INFO  main            d.u.i.k.p.i.AbstractProblemLoader Replaying proof FreeConditions[FreeConditions::blockContract1()].JML normal_behavior operation contract.0 
149070     DEBUG main            d.u.i.k.p.i.IntermediateProofReplayer Proof replay took 13.4ns 
149174     INFO  main            d.u.i.k.p.r.p.TestFile    ... finished proof: closed. 
149491     INFO  main            d.u.i.k.p.i.AbstractProblemLoader Loading environment from /home/runner/work/key/key/key.core/../key.ui/examples/heap/block_loop_contracts/Free/blockContracts1.key.proof 
149491     DEBUG main            d.u.i.k.p.i.AbstractProblemLoader Environment load took 129.32ns 
149492     INFO  main            d.u.i.k.p.i.AbstractProblemLoader Creating init config 
152277     DEBUG main            d.u.i.k.p.i.AbstractProblemLoader Init config took 2.79s 
152322     INFO  main            d.u.i.k.p.i.AbstractProblemLoader Replaying proof FreeConditions[FreeConditions::blockContract1()].JML normal_behavior operation contract.0 
152340     DEBUG main            d.u.i.k.p.i.IntermediateProofReplayer Proof replay took 15.64ms 
152341     DEBUG main            d.u.i.k.p.r.p.TestFile    ... success: reloaded. 
152342     INFO  main            d.u.i.k.p.r.p.TestFile    Now processing file /home/runner/work/key/key/key.core/../key.ui/examples/heap/block_loop_contracts/Finally/block_finally.key 
152342     INFO  main            d.u.i.k.p.i.AbstractProblemLoader Loading environment from /home/runner/work/key/key/key.core/../key.ui/examples/heap/block_loop_contracts/Finally/block_finally.key 
152343     DEBUG main            d.u.i.k.p.i.AbstractProblemLoader Environment load took 208.42ns 
152344     INFO  main            d.u.i.k.p.i.AbstractProblemLoader Creating init config 
155219     DEBUG main            d.u.i.k.p.i.AbstractProblemLoader Init config took 2.88s 
155260     INFO  main            d.u.i.k.p.i.AbstractProblemLoader Replaying proof AuxiliaryContractsFinally[AuxiliaryContractsFinally::breakThrowContinueBlockContract(java.lang.Exception)].JML block contract.0 
155263     DEBUG main            d.u.i.k.p.i.IntermediateProofReplayer Proof replay took 13.9ns 
155868     INFO  main            d.u.i.k.p.r.p.TestFile    ... finished proof: open goal(s) 
156196     INFO  main            d.u.i.k.p.r.p.TestFile    Now processing file /home/runner/work/key/key/key.core/../key.ui/examples/heap/block_loop_contracts/Finally/loop_finally.key 
156197     INFO  main            d.u.i.k.p.i.AbstractProblemLoader Loading environment from /home/runner/work/key/key/key.core/../key.ui/examples/heap/block_loop_contracts/Finally/loop_finally.key 
156197     DEBUG main            d.u.i.k.p.i.AbstractProblemLoader Environment load took 102.71ns 
156198     INFO  main            d.u.i.k.p.i.AbstractProblemLoader Creating init config 
159059     DEBUG main            d.u.i.k.p.i.AbstractProblemLoader Init config took 2.86s 
159102     INFO  main            d.u.i.k.p.i.AbstractProblemLoader Replaying proof AuxiliaryContractsFinally[AuxiliaryContractsFinally::breakThrowContinueLoopContract(java.lang.Exception)].JML normal_behavior loop contract.0 
159104     DEBUG main            d.u.i.k.p.i.IntermediateProofReplayer Proof replay took 71.81ns 
159814     INFO  main            d.u.i.k.p.r.p.TestFile    ... finished proof: open goal(s) 
749254     INFO  Test worker     d.u.i.k.p.r.RunAllProofsTestUnit Returning from test blockContracts 
749256     INFO  Test worker     d.u.i.k.p.r.RunAllProofsTestUnit Running test jmlAsserts 
377        INFO  Timeout watchdog d.u.i.k.p.r.p.ForkedTestFileRunner Timeout watcher launched (2000 secs.) 
391        WARN  main            d.u.i.k.s.ProofSettings   The settings in /home/runner/.key/proof-settings.props are *not* read. 
438        INFO  main            d.u.i.k.p.r.p.TestFile    Now processing file /home/runner/work/key/key/key.core/../key.ui/examples/standard_key/java_dl/jml-assert/assert.key 
626        INFO  main            d.u.i.k.p.i.AbstractProblemLoader Loading environment from /home/runner/work/key/key/key.core/../key.ui/examples/standard_key/java_dl/jml-assert/assert.key 
656        DEBUG main            d.u.i.k.p.i.AbstractProblemLoader Environment load took 2.42ms 
949        INFO  main            d.u.i.k.p.i.AbstractProblemLoader Creating init config 
1935       DEBUG main            d.u.i.k.j.TypeConverter   No LDT found for Meta 
1936       DEBUG main            d.u.i.k.j.TypeConverter   No LDT found for Meta 
1941       DEBUG main            d.u.i.k.j.TypeConverter   No LDT found for Meta 
1942       DEBUG main            d.u.i.k.j.TypeConverter   No LDT found for Meta 
3462       DEBUG main            d.u.i.k.j.TypeConverter   No LDT found for JavaBigintExpression 
9605       DEBUG main            d.u.i.k.p.i.AbstractProblemLoader Init config took 8.66s 
9807       INFO  main            d.u.i.k.p.i.AbstractProblemLoader Replaying proof Assert[Assert::createArray(int)].JML normal_behavior operation contract.0 
9854       DEBUG main            d.u.i.k.p.i.IntermediateProofReplayer Proof replay took 35.4ns 
10882      INFO  main            d.u.i.k.p.r.p.TestFile    ... finished proof: closed. 
11023      INFO  main            d.u.i.k.p.i.AbstractProblemLoader Loading environment from /home/runner/work/key/key/key.core/../key.ui/examples/standard_key/java_dl/jml-assert/assert.key.proof 
11023      DEBUG main            d.u.i.k.p.i.AbstractProblemLoader Environment load took 161.22ns 
11025      INFO  main            d.u.i.k.p.i.AbstractProblemLoader Creating init config 
14687      DEBUG main            d.u.i.k.p.i.AbstractProblemLoader Init config took 3.66s 
14761      INFO  main            d.u.i.k.p.i.AbstractProblemLoader Replaying proof Assert[Assert::createArray(int)].JML normal_behavior operation contract.0 
14892      DEBUG main            d.u.i.k.p.i.IntermediateProofReplayer Proof replay took 123.73ms 
14900      DEBUG main            d.u.i.k.p.r.p.TestFile    ... success: reloaded. 
14904      INFO  main            d.u.i.k.p.r.p.TestFile    Now processing file /home/runner/work/key/key/key.core/../key.ui/examples/heap/block_loop_contracts/Free/assertions0.key 
14904      INFO  main            d.u.i.k.p.i.AbstractProblemLoader Loading environment from /home/runner/work/key/key/key.core/../key.ui/examples/heap/block_loop_contracts/Free/assertions0.key 
14904      DEBUG main            d.u.i.k.p.i.AbstractProblemLoader Environment load took 133.12ns 
14909      INFO  main            d.u.i.k.p.i.AbstractProblemLoader Creating init config 
18198      DEBUG main            d.u.i.k.p.i.AbstractProblemLoader Init config took 3.29s 
18264      INFO  main            d.u.i.k.p.i.AbstractProblemLoader Replaying proof FreeConditions[FreeConditions::assertions0()].JML normal_behavior operation contract.0 
18270      DEBUG main            d.u.i.k.p.i.IntermediateProofReplayer Proof replay took 16.1ns 
18474      INFO  main            d.u.i.k.p.r.p.TestFile    ... finished proof: closed. 
18625      INFO  main            d.u.i.k.p.i.AbstractProblemLoader Loading environment from /home/runner/work/key/key/key.core/../key.ui/examples/heap/block_loop_contracts/Free/assertions0.key.proof 
18625      DEBUG main            d.u.i.k.p.i.AbstractProblemLoader Environment load took 156.72ns 
18627      INFO  main            d.u.i.k.p.i.AbstractProblemLoader Creating init config 
21893      DEBUG main            d.u.i.k.p.i.AbstractProblemLoader Init config took 3.27s 
21948      INFO  main            d.u.i.k.p.i.AbstractProblemLoader Replaying proof FreeConditions[FreeConditions::assertions0()].JML normal_behavior operation contract.0 
21974      DEBUG main            d.u.i.k.p.i.IntermediateProofReplayer Proof replay took 22.75ms 
21976      DEBUG main            d.u.i.k.p.r.p.TestFile    ... success: reloaded. 
21981      INFO  main            d.u.i.k.p.r.p.TestFile    Now processing file /home/runner/work/key/key/key.core/../key.ui/examples/heap/block_loop_contracts/Free/assertions1.key 
21982      INFO  main            d.u.i.k.p.i.AbstractProblemLoader Loading environment from /home/runner/work/key/key/key.core/../key.ui/examples/heap/block_loop_contracts/Free/assertions1.key 
21982      DEBUG main            d.u.i.k.p.i.AbstractProblemLoader Environment load took 366.54ns 
21984      INFO  main            d.u.i.k.p.i.AbstractProblemLoader Creating init config 
25250      DEBUG main            d.u.i.k.p.i.AbstractProblemLoader Init config took 3.27s 
25304      INFO  main            d.u.i.k.p.i.AbstractProblemLoader Replaying proof FreeConditions[FreeConditions::assertions1()].JML normal_behavior operation contract.0 
25307      DEBUG main            d.u.i.k.p.i.IntermediateProofReplayer Proof replay took 26ns 
25416      INFO  main            d.u.i.k.p.r.p.TestFile    ... finished proof: closed. 
25616      INFO  main            d.u.i.k.p.i.AbstractProblemLoader Loading environment from /home/runner/work/key/key/key.core/../key.ui/examples/heap/block_loop_contracts/Free/assertions1.key.proof 
25616      DEBUG main            d.u.i.k.p.i.AbstractProblemLoader Environment load took 155.42ns 
25620      INFO  main            d.u.i.k.p.i.AbstractProblemLoader Creating init config 
28862      DEBUG main            d.u.i.k.p.i.AbstractProblemLoader Init config took 3.24s 
28930      INFO  main            d.u.i.k.p.i.AbstractProblemLoader Replaying proof FreeConditions[FreeConditions::assertions1()].JML normal_behavior operation contract.0 
28951      DEBUG main            d.u.i.k.p.i.IntermediateProofReplayer Proof replay took 15.91ms 
28952      DEBUG main            d.u.i.k.p.r.p.TestFile    ... success: reloaded. 
28955      INFO  main            d.u.i.k.p.r.p.TestFile    Now processing file /home/runner/work/key/key/key.core/../key.ui/examples/standard_key/java_dl/jml-assert/recursion-assert.key 
28955      INFO  main            d.u.i.k.p.i.AbstractProblemLoader Loading environment from /home/runner/work/key/key/key.core/../key.ui/examples/standard_key/java_dl/jml-assert/recursion-assert.key 
28955      DEBUG main            d.u.i.k.p.i.AbstractProblemLoader Environment load took 132.71ns 
28957      INFO  main            d.u.i.k.p.i.AbstractProblemLoader Creating init config 
32304      DEBUG main            d.u.i.k.p.i.AbstractProblemLoader Init config took 3.35s 
32356      INFO  main            d.u.i.k.p.i.AbstractProblemLoader Replaying proof RecursiveMethod[RecursiveMethod::fac1(int)].JML normal_behavior operation contract.0 
32358      DEBUG main            d.u.i.k.p.i.IntermediateProofReplayer Proof replay took 6.7ns 
32666      INFO  main            d.u.i.k.p.r.p.TestFile    ... finished proof: closed. 
32861      INFO  main            d.u.i.k.p.i.AbstractProblemLoader Loading environment from /home/runner/work/key/key/key.core/../key.ui/examples/standard_key/java_dl/jml-assert/recursion-assert.key.proof 
32861      DEBUG main            d.u.i.k.p.i.AbstractProblemLoader Environment load took 136.72ns 
32862      INFO  main            d.u.i.k.p.i.AbstractProblemLoader Creating init config 
36199      DEBUG main            d.u.i.k.p.i.AbstractProblemLoader Init config took 3.34s 
36250      INFO  main            d.u.i.k.p.i.AbstractProblemLoader Replaying proof RecursiveMethod[RecursiveMethod::fac1(int)].JML normal_behavior operation contract.0 
36292      DEBUG main            d.u.i.k.p.i.IntermediateProofReplayer Proof replay took 38.77ms 
36293      DEBUG main            d.u.i.k.p.r.p.TestFile    ... success: reloaded. 
36294      INFO  main            d.u.i.k.p.r.p.TestFile    Now processing file /home/runner/work/key/key/key.core/../key.ui/examples/standard_key/java_dl/jml-assert/recursion-assume.key 
36295      INFO  main            d.u.i.k.p.i.AbstractProblemLoader Loading environment from /home/runner/work/key/key/key.core/../key.ui/examples/standard_key/java_dl/jml-assert/recursion-assume.key 
36295      DEBUG main            d.u.i.k.p.i.AbstractProblemLoader Environment load took 324.03ns 
36296      INFO  main            d.u.i.k.p.i.AbstractProblemLoader Creating init config 
39601      DEBUG main            d.u.i.k.p.i.AbstractProblemLoader Init config took 3.3s 
39653      INFO  main            d.u.i.k.p.i.AbstractProblemLoader Replaying proof RecursiveMethod[RecursiveMethod::fac2(int)].JML normal_behavior operation contract.0 
39654      DEBUG main            d.u.i.k.p.i.IntermediateProofReplayer Proof replay took 22ns 
39857      INFO  main            d.u.i.k.p.r.p.TestFile    ... finished proof: closed. 
40063      INFO  main            d.u.i.k.p.i.AbstractProblemLoader Loading environment from /home/runner/work/key/key/key.core/../key.ui/examples/standard_key/java_dl/jml-assert/recursion-assume.key.proof 
40064      DEBUG main            d.u.i.k.p.i.AbstractProblemLoader Environment load took 776.58ns 
40065      INFO  main            d.u.i.k.p.i.AbstractProblemLoader Creating init config 
43390      DEBUG main            d.u.i.k.p.i.AbstractProblemLoader Init config took 3.33s 
43451      INFO  main            d.u.i.k.p.i.AbstractProblemLoader Replaying proof RecursiveMethod[RecursiveMethod::fac2(int)].JML normal_behavior operation contract.0 
43512      DEBUG main            d.u.i.k.p.i.IntermediateProofReplayer Proof replay took 57.27ms 
43514      DEBUG main            d.u.i.k.p.r.p.TestFile    ... success: reloaded. 
43516      INFO  main            d.u.i.k.p.r.p.TestFile    Now processing file /home/runner/work/key/key/key.core/../key.ui/examples/standard_key/java_dl/jml-assert/quantor-assert.key 
43517      INFO  main            d.u.i.k.p.i.AbstractProblemLoader Loading environment from /home/runner/work/key/key/key.core/../key.ui/examples/standard_key/java_dl/jml-assert/quantor-assert.key 
43517      DEBUG main            d.u.i.k.p.i.AbstractProblemLoader Environment load took 274.32ns 
43519      INFO  main            d.u.i.k.p.i.AbstractProblemLoader Creating init config 
46880      DEBUG main            d.u.i.k.p.i.AbstractProblemLoader Init config took 3.36s 
46930      INFO  main            d.u.i.k.p.i.AbstractProblemLoader Replaying proof Quantor[Quantor::square1(int)].JML normal_behavior operation contract.0 
46932      DEBUG main            d.u.i.k.p.i.IntermediateProofReplayer Proof replay took 8.3ns 
47138      INFO  main            d.u.i.k.p.r.p.TestFile    ... finished proof: closed. 
47342      INFO  main            d.u.i.k.p.i.AbstractProblemLoader Loading environment from /home/runner/work/key/key/key.core/../key.ui/examples/standard_key/java_dl/jml-assert/quantor-assert.key.proof 
47343      DEBUG main            d.u.i.k.p.i.AbstractProblemLoader Environment load took 749.08ns 
47344      INFO  main            d.u.i.k.p.i.AbstractProblemLoader Creating init config 
50517      DEBUG main            d.u.i.k.p.i.AbstractProblemLoader Init config took 3.17s 
50565      INFO  main            d.u.i.k.p.i.AbstractProblemLoader Replaying proof Quantor[Quantor::square1(int)].JML normal_behavior operation contract.0 
50584      DEBUG main            d.u.i.k.p.i.IntermediateProofReplayer Proof replay took 16.65ms 
50586      DEBUG main            d.u.i.k.p.r.p.TestFile    ... success: reloaded. 
50587      INFO  main            d.u.i.k.p.r.p.TestFile    Now processing file /home/runner/work/key/key/key.core/../key.ui/examples/standard_key/java_dl/jml-assert/quantor-assume.key 
50587      INFO  main            d.u.i.k.p.i.AbstractProblemLoader Loading environment from /home/runner/work/key/key/key.core/../key.ui/examples/standard_key/java_dl/jml-assert/quantor-assume.key 
50588      DEBUG main            d.u.i.k.p.i.AbstractProblemLoader Environment load took 272.43ns 
50589      INFO  main            d.u.i.k.p.i.AbstractProblemLoader Creating init config 
53740      DEBUG main            d.u.i.k.p.i.AbstractProblemLoader Init config took 3.15s 
53811      INFO  main            d.u.i.k.p.i.AbstractProblemLoader Replaying proof Quantor[Quantor::square2(int)].JML normal_behavior operation contract.0 
53813      DEBUG main            d.u.i.k.p.i.IntermediateProofReplayer Proof replay took 6.7ns 
53922      INFO  main            d.u.i.k.p.r.p.TestFile    ... finished proof: closed. 
54161      INFO  main            d.u.i.k.p.i.AbstractProblemLoader Loading environment from /home/runner/work/key/key/key.core/../key.ui/examples/standard_key/java_dl/jml-assert/quantor-assume.key.proof 
54161      DEBUG main            d.u.i.k.p.i.AbstractProblemLoader Environment load took 144.31ns 
54164      INFO  main            d.u.i.k.p.i.AbstractProblemLoader Creating init config 
57316      DEBUG main            d.u.i.k.p.i.AbstractProblemLoader Init config took 3.15s 
57362      INFO  main            d.u.i.k.p.i.AbstractProblemLoader Replaying proof Quantor[Quantor::square2(int)].JML normal_behavior operation contract.0 
57378      DEBUG main            d.u.i.k.p.i.IntermediateProofReplayer Proof replay took 13.13ms 
57379      DEBUG main            d.u.i.k.p.r.p.TestFile    ... success: reloaded. 
57380      INFO  main            d.u.i.k.p.r.p.TestFile    Now processing file /home/runner/work/key/key/key.core/../key.ui/examples/standard_key/java_dl/jml-assert/model-methods-static-static.key 
57381      INFO  main            d.u.i.k.p.i.AbstractProblemLoader Loading environment from /home/runner/work/key/key/key.core/../key.ui/examples/standard_key/java_dl/jml-assert/model-methods-static-static.key 
57381      DEBUG main            d.u.i.k.p.i.AbstractProblemLoader Environment load took 274.23ns 
57382      INFO  main            d.u.i.k.p.i.AbstractProblemLoader Creating init config 
60566      DEBUG main            d.u.i.k.p.i.AbstractProblemLoader Init config took 3.18s 
60614      INFO  main            d.u.i.k.p.i.AbstractProblemLoader Replaying proof ModelMethods[ModelMethods::test1()].JML normal_behavior operation contract.0 
60616      DEBUG main            d.u.i.k.p.i.IntermediateProofReplayer Proof replay took 8.6ns 
60720      INFO  main            d.u.i.k.p.r.p.TestFile    ... finished proof: closed. 
60949      INFO  main            d.u.i.k.p.i.AbstractProblemLoader Loading environment from /home/runner/work/key/key/key.core/../key.ui/examples/standard_key/java_dl/jml-assert/model-methods-static-static.key.proof 
60949      DEBUG main            d.u.i.k.p.i.AbstractProblemLoader Environment load took 135.41ns 
60951      INFO  main            d.u.i.k.p.i.AbstractProblemLoader Creating init config 
64093      DEBUG main            d.u.i.k.p.i.AbstractProblemLoader Init config took 3.14s 
64145      INFO  main            d.u.i.k.p.i.AbstractProblemLoader Replaying proof ModelMethods[ModelMethods::test1()].JML normal_behavior operation contract.0 
64154      DEBUG main            d.u.i.k.p.i.IntermediateProofReplayer Proof replay took 6.36ms 
64155      DEBUG main            d.u.i.k.p.r.p.TestFile    ... success: reloaded. 
64156      INFO  main            d.u.i.k.p.r.p.TestFile    Now processing file /home/runner/work/key/key/key.core/../key.ui/examples/standard_key/java_dl/jml-assert/model-methods-instance-static.key 
64157      INFO  main            d.u.i.k.p.i.AbstractProblemLoader Loading environment from /home/runner/work/key/key/key.core/../key.ui/examples/standard_key/java_dl/jml-assert/model-methods-instance-static.key 
64157      DEBUG main            d.u.i.k.p.i.AbstractProblemLoader Environment load took 273.73ns 
64158      INFO  main            d.u.i.k.p.i.AbstractProblemLoader Creating init config 
67400      DEBUG main            d.u.i.k.p.i.AbstractProblemLoader Init config took 3.24s 
67446      INFO  main            d.u.i.k.p.i.AbstractProblemLoader Replaying proof ModelMethods[ModelMethods::test2()].JML normal_behavior operation contract.0 
67448      DEBUG main            d.u.i.k.p.i.IntermediateProofReplayer Proof replay took 7.6ns 
67550      INFO  main            d.u.i.k.p.r.p.TestFile    ... finished proof: closed. 
67833      INFO  main            d.u.i.k.p.i.AbstractProblemLoader Loading environment from /home/runner/work/key/key/key.core/../key.ui/examples/standard_key/java_dl/jml-assert/model-methods-instance-static.key.proof 
67833      DEBUG main            d.u.i.k.p.i.AbstractProblemLoader Environment load took 146.71ns 
67835      INFO  main            d.u.i.k.p.i.AbstractProblemLoader Creating init config 
71116      DEBUG main            d.u.i.k.p.i.AbstractProblemLoader Init config took 3.28s 
71175      INFO  main            d.u.i.k.p.i.AbstractProblemLoader Replaying proof ModelMethods[ModelMethods::test2()].JML normal_behavior operation contract.0 
71187      DEBUG main            d.u.i.k.p.i.IntermediateProofReplayer Proof replay took 9.01ms 
71188      DEBUG main            d.u.i.k.p.r.p.TestFile    ... success: reloaded. 
71189      INFO  main            d.u.i.k.p.r.p.TestFile    Now processing file /home/runner/work/key/key/key.core/../key.ui/examples/standard_key/java_dl/jml-assert/model-methods-instance-instance.key 
71189      INFO  main            d.u.i.k.p.i.AbstractProblemLoader Loading environment from /home/runner/work/key/key/key.core/../key.ui/examples/standard_key/java_dl/jml-assert/model-methods-instance-instance.key 
71189      DEBUG main            d.u.i.k.p.i.AbstractProblemLoader Environment load took 173.82ns 
71190      INFO  main            d.u.i.k.p.i.AbstractProblemLoader Creating init config 
74418      DEBUG main            d.u.i.k.p.i.AbstractProblemLoader Init config took 3.23s 
74498      INFO  main            d.u.i.k.p.i.AbstractProblemLoader Replaying proof ModelMethods[ModelMethods::test3()].JML normal_behavior operation contract.0 
74500      DEBUG main            d.u.i.k.p.i.IntermediateProofReplayer Proof replay took 7.9ns 
74602      INFO  main            d.u.i.k.p.r.p.TestFile    ... finished proof: closed. 
74839      INFO  main            d.u.i.k.p.i.AbstractProblemLoader Loading environment from /home/runner/work/key/key/key.core/../key.ui/examples/standard_key/java_dl/jml-assert/model-methods-instance-instance.key.proof 
74839      DEBUG main            d.u.i.k.p.i.AbstractProblemLoader Environment load took 133.61ns 
74840      INFO  main            d.u.i.k.p.i.AbstractProblemLoader Creating init config 
77908      DEBUG main            d.u.i.k.p.i.AbstractProblemLoader Init config took 3.07s 
77952      INFO  main            d.u.i.k.p.i.AbstractProblemLoader Replaying proof ModelMethods[ModelMethods::test3()].JML normal_behavior operation contract.0 
77964      DEBUG main            d.u.i.k.p.i.IntermediateProofReplayer Proof replay took 10.43ms 
77966      DEBUG main            d.u.i.k.p.r.p.TestFile    ... success: reloaded. 
77967      INFO  main            d.u.i.k.p.r.p.TestFile    Now processing file /home/runner/work/key/key/key.core/../key.ui/examples/standard_key/java_dl/jml-assert/model-methods-static-instance.key 
77967      INFO  main            d.u.i.k.p.i.AbstractProblemLoader Loading environment from /home/runner/work/key/key/key.core/../key.ui/examples/standard_key/java_dl/jml-assert/model-methods-static-instance.key 
77968      DEBUG main            d.u.i.k.p.i.AbstractProblemLoader Environment load took 298.53ns 
77969      INFO  main            d.u.i.k.p.i.AbstractProblemLoader Creating init config 
81125      DEBUG main            d.u.i.k.p.i.AbstractProblemLoader Init config took 3.16s 
81167      INFO  main            d.u.i.k.p.i.AbstractProblemLoader Replaying proof ModelMethods[ModelMethods::test4()].JML normal_behavior operation contract.0 
81169      DEBUG main            d.u.i.k.p.i.IntermediateProofReplayer Proof replay took 7.5ns 
81371      INFO  main            d.u.i.k.p.r.p.TestFile    ... finished proof: closed. 
81613      INFO  main            d.u.i.k.p.i.AbstractProblemLoader Loading environment from /home/runner/work/key/key/key.core/../key.ui/examples/standard_key/java_dl/jml-assert/model-methods-static-instance.key.proof 
81613      DEBUG main            d.u.i.k.p.i.AbstractProblemLoader Environment load took 139.71ns 
81614      INFO  main            d.u.i.k.p.i.AbstractProblemLoader Creating init config 
84721      DEBUG main            d.u.i.k.p.i.AbstractProblemLoader Init config took 3.11s 
84792      INFO  main            d.u.i.k.p.i.AbstractProblemLoader Replaying proof ModelMethods[ModelMethods::test4()].JML normal_behavior operation contract.0 
84825      DEBUG main            d.u.i.k.p.i.IntermediateProofReplayer Proof replay took 30.53ms 
84826      DEBUG main            d.u.i.k.p.r.p.TestFile    ... success: reloaded. 
84827      INFO  main            d.u.i.k.p.r.p.TestFile    Now processing file /home/runner/work/key/key/key.core/../key.ui/examples/standard_key/java_dl/jml-assert/assert-old/inc-field.key 
84828      INFO  main            d.u.i.k.p.i.AbstractProblemLoader Loading environment from /home/runner/work/key/key/key.core/../key.ui/examples/standard_key/java_dl/jml-assert/assert-old/inc-field.key 
84828      DEBUG main            d.u.i.k.p.i.AbstractProblemLoader Environment load took 76.5ns 
84829      INFO  main            d.u.i.k.p.i.AbstractProblemLoader Creating init config 
87984      DEBUG main            d.u.i.k.p.i.AbstractProblemLoader Init config took 3.16s 
88027      INFO  main            d.u.i.k.p.i.AbstractProblemLoader Replaying proof Inc[Inc::inc_field()].JML normal_behavior operation contract.0 
88028      DEBUG main            d.u.i.k.p.i.IntermediateProofReplayer Proof replay took 6.3ns 
88232      INFO  main            d.u.i.k.p.r.p.TestFile    ... finished proof: closed. 
88470      INFO  main            d.u.i.k.p.i.AbstractProblemLoader Loading environment from /home/runner/work/key/key/key.core/../key.ui/examples/standard_key/java_dl/jml-assert/assert-old/inc-field.key.proof 
88470      DEBUG main            d.u.i.k.p.i.AbstractProblemLoader Environment load took 155.01ns 
88471      INFO  main            d.u.i.k.p.i.AbstractProblemLoader Creating init config 
91510      DEBUG main            d.u.i.k.p.i.AbstractProblemLoader Init config took 3.04s 
91552      INFO  main            d.u.i.k.p.i.AbstractProblemLoader Replaying proof Inc[Inc::inc_field()].JML normal_behavior operation contract.0 
91578      DEBUG main            d.u.i.k.p.i.IntermediateProofReplayer Proof replay took 24.16ms 
91579      DEBUG main            d.u.i.k.p.r.p.TestFile    ... success: reloaded. 
91580      INFO  main            d.u.i.k.p.r.p.TestFile    Now processing file /home/runner/work/key/key/key.core/../key.ui/examples/standard_key/java_dl/jml-assert/assert-old/inc-parameter.key 
91580      INFO  main            d.u.i.k.p.i.AbstractProblemLoader Loading environment from /home/runner/work/key/key/key.core/../key.ui/examples/standard_key/java_dl/jml-assert/assert-old/inc-parameter.key 
91580      DEBUG main            d.u.i.k.p.i.AbstractProblemLoader Environment load took 124.21ns 
91581      INFO  main            d.u.i.k.p.i.AbstractProblemLoader Creating init config 
94708      DEBUG main            d.u.i.k.p.i.AbstractProblemLoader Init config took 3.13s 
94748      INFO  main            d.u.i.k.p.i.AbstractProblemLoader Replaying proof Inc[Inc::inc_parameter(int)].JML normal_behavior operation contract.0 
94750      DEBUG main            d.u.i.k.p.i.IntermediateProofReplayer Proof replay took 6ns 
94852      INFO  main            d.u.i.k.p.r.p.TestFile    ... finished proof: closed. 
95116      INFO  main            d.u.i.k.p.i.AbstractProblemLoader Loading environment from /home/runner/work/key/key/key.core/../key.ui/examples/standard_key/java_dl/jml-assert/assert-old/inc-parameter.key.proof 
95116      DEBUG main            d.u.i.k.p.i.AbstractProblemLoader Environment load took 128.51ns 
95117      INFO  main            d.u.i.k.p.i.AbstractProblemLoader Creating init config 
98104      DEBUG main            d.u.i.k.p.i.AbstractProblemLoader Init config took 2.99s 
98155      INFO  main            d.u.i.k.p.i.AbstractProblemLoader Replaying proof Inc[Inc::inc_parameter(int)].JML normal_behavior operation contract.0 
98178      DEBUG main            d.u.i.k.p.i.IntermediateProofReplayer Proof replay took 19.68ms 
98179      DEBUG main            d.u.i.k.p.r.p.TestFile    ... success: reloaded. 
98180      INFO  main            d.u.i.k.p.r.p.TestFile    Now processing file /home/runner/work/key/key/key.core/../key.ui/examples/standard_key/java_dl/jml-assert/assert-old/inc-parameter-field.key 
98181      INFO  main            d.u.i.k.p.i.AbstractProblemLoader Loading environment from /home/runner/work/key/key/key.core/../key.ui/examples/standard_key/java_dl/jml-assert/assert-old/inc-parameter-field.key 
98183      DEBUG main            d.u.i.k.p.i.AbstractProblemLoader Environment load took 1.93ms 
98184      INFO  main            d.u.i.k.p.i.AbstractProblemLoader Creating init config 
101319     DEBUG main            d.u.i.k.p.i.AbstractProblemLoader Init config took 3.14s 
101381     INFO  main            d.u.i.k.p.i.AbstractProblemLoader Replaying proof Inc[Inc::inc_parameter_field(Inc)].JML normal_behavior operation contract.0 
101382     DEBUG main            d.u.i.k.p.i.IntermediateProofReplayer Proof replay took 8ns 
101589     INFO  main            d.u.i.k.p.r.p.TestFile    ... finished proof: closed. 
101917     INFO  main            d.u.i.k.p.i.AbstractProblemLoader Loading environment from /home/runner/work/key/key/key.core/../key.ui/examples/standard_key/java_dl/jml-assert/assert-old/inc-parameter-field.key.proof 
101917     DEBUG main            d.u.i.k.p.i.AbstractProblemLoader Environment load took 151.41ns 
101918     INFO  main            d.u.i.k.p.i.AbstractProblemLoader Creating init config 
104925     DEBUG main            d.u.i.k.p.i.AbstractProblemLoader Init config took 3.01s 
104964     INFO  main            d.u.i.k.p.i.AbstractProblemLoader Replaying proof Inc[Inc::inc_parameter_field(Inc)].JML normal_behavior operation contract.0 
104993     DEBUG main            d.u.i.k.p.i.IntermediateProofReplayer Proof replay took 27.17ms 
104994     DEBUG main            d.u.i.k.p.r.p.TestFile    ... success: reloaded. 
104995     INFO  main            d.u.i.k.p.r.p.TestFile    Now processing file /home/runner/work/key/key/key.core/../key.ui/examples/standard_key/java_dl/jml-assert/assert-old/inc-ghost-field.key 
104995     INFO  main            d.u.i.k.p.i.AbstractProblemLoader Loading environment from /home/runner/work/key/key/key.core/../key.ui/examples/standard_key/java_dl/jml-assert/assert-old/inc-ghost-field.key 
104995     DEBUG main            d.u.i.k.p.i.AbstractProblemLoader Environment load took 98.81ns 
104996     INFO  main            d.u.i.k.p.i.AbstractProblemLoader Creating init config 
108034     DEBUG main            d.u.i.k.p.i.AbstractProblemLoader Init config took 3.04s 
108092     INFO  main            d.u.i.k.p.i.AbstractProblemLoader Replaying proof Inc[Inc::inc_ghost_field()].JML normal_behavior operation contract.0 
108094     DEBUG main            d.u.i.k.p.i.IntermediateProofReplayer Proof replay took 6.8ns 
108297     INFO  main            d.u.i.k.p.r.p.TestFile    ... finished proof: closed. 
108564     INFO  main            d.u.i.k.p.i.AbstractProblemLoader Loading environment from /home/runner/work/key/key/key.core/../key.ui/examples/standard_key/java_dl/jml-assert/assert-old/inc-ghost-field.key.proof 
108564     DEBUG main            d.u.i.k.p.i.AbstractProblemLoader Environment load took 148.61ns 
108565     INFO  main            d.u.i.k.p.i.AbstractProblemLoader Creating init config 
111523     DEBUG main            d.u.i.k.p.i.AbstractProblemLoader Init config took 2.96s 
111564     INFO  main            d.u.i.k.p.i.AbstractProblemLoader Replaying proof Inc[Inc::inc_ghost_field()].JML normal_behavior operation contract.0 
111590     DEBUG main            d.u.i.k.p.i.IntermediateProofReplayer Proof replay took 23.71ms 
111591     DEBUG main            d.u.i.k.p.r.p.TestFile    ... success: reloaded. 
861047     INFO  Test worker     d.u.i.k.p.r.RunAllProofsTestUnit Returning from test jmlAsserts 
861048     INFO  Test worker     d.u.i.k.p.r.RunAllProofsTestUnit Running test javaCard 
398        INFO  Timeout watchdog d.u.i.k.p.r.p.ForkedTestFileRunner Timeout watcher launched (2000 secs.) 
425        WARN  main            d.u.i.k.s.ProofSettings   The settings in /home/runner/.key/proof-settings.props are *not* read. 
473        INFO  main            d.u.i.k.p.r.p.TestFile    Now processing file /home/runner/work/key/key/key.core/../key.ui/examples/heap/javacard/updateBalance0.key 
662        INFO  main            d.u.i.k.p.i.AbstractProblemLoader Loading environment from /home/runner/work/key/key/key.core/../key.ui/examples/heap/javacard/updateBalance0.key 
683        DEBUG main            d.u.i.k.p.i.AbstractProblemLoader Environment load took 2.23ms 
953        INFO  main            d.u.i.k.p.i.AbstractProblemLoader Creating init config 
2013       DEBUG main            d.u.i.k.j.TypeConverter   No LDT found for Meta 
2013       DEBUG main            d.u.i.k.j.TypeConverter   No LDT found for Meta 
2018       DEBUG main            d.u.i.k.j.TypeConverter   No LDT found for Meta 
2018       DEBUG main            d.u.i.k.j.TypeConverter   No LDT found for Meta 
3718       DEBUG main            d.u.i.k.j.TypeConverter   No LDT found for JavaBigintExpression 
7690       DEBUG main            d.u.i.k.p.i.AbstractProblemLoader Init config took 6.74s 
7857       INFO  main            d.u.i.k.p.i.AbstractProblemLoader Replaying proof Examples[Examples::updateBalance(short)].JML normal_behavior operation contract.0 
7899       DEBUG main            d.u.i.k.p.i.IntermediateProofReplayer Proof replay took 38.5ns 
9576       INFO  main            d.u.i.k.p.r.p.TestFile    ... finished proof: closed. 
9727       INFO  main            d.u.i.k.p.i.AbstractProblemLoader Loading environment from /home/runner/work/key/key/key.core/../key.ui/examples/heap/javacard/updateBalance0.key.proof 
9735       DEBUG main            d.u.i.k.p.i.AbstractProblemLoader Environment load took 7.32ms 
9737       INFO  main            d.u.i.k.p.i.AbstractProblemLoader Creating init config 
11767      DEBUG main            d.u.i.k.p.i.AbstractProblemLoader Init config took 2.03s 
11828      INFO  main            d.u.i.k.p.i.AbstractProblemLoader Replaying proof Examples[Examples::updateBalance(short)].JML normal_behavior operation contract.0 
11995      DEBUG main            d.u.i.k.p.i.IntermediateProofReplayer Proof replay took 158.48ms 
12005      DEBUG main            d.u.i.k.p.r.p.TestFile    ... success: reloaded. 
12008      INFO  main            d.u.i.k.p.r.p.TestFile    Now processing file /home/runner/work/key/key/key.core/../key.ui/examples/heap/javacard/updateBalance1.key 
12009      INFO  main            d.u.i.k.p.i.AbstractProblemLoader Loading environment from /home/runner/work/key/key/key.core/../key.ui/examples/heap/javacard/updateBalance1.key 
12009      DEBUG main            d.u.i.k.p.i.AbstractProblemLoader Environment load took 305.82ns 
12011      INFO  main            d.u.i.k.p.i.AbstractProblemLoader Creating init config 
13988      DEBUG main            d.u.i.k.p.i.AbstractProblemLoader Init config took 1.98s 
14044      INFO  main            d.u.i.k.p.i.AbstractProblemLoader Replaying proof Examples[Examples::updateBalance(short)].JML normal_behavior operation contract.1 
14048      DEBUG main            d.u.i.k.p.i.IntermediateProofReplayer Proof replay took 6.4ns 
14755      INFO  main            d.u.i.k.p.r.p.TestFile    ... finished proof: closed. 
14900      INFO  main            d.u.i.k.p.i.AbstractProblemLoader Loading environment from /home/runner/work/key/key/key.core/../key.ui/examples/heap/javacard/updateBalance1.key.proof 
14901      DEBUG main            d.u.i.k.p.i.AbstractProblemLoader Environment load took 653.56ns 
14904      INFO  main            d.u.i.k.p.i.AbstractProblemLoader Creating init config 
16725      DEBUG main            d.u.i.k.p.i.AbstractProblemLoader Init config took 1.82s 
16783      INFO  main            d.u.i.k.p.i.AbstractProblemLoader Replaying proof Examples[Examples::updateBalance(short)].JML normal_behavior operation contract.1 
16916      DEBUG main            d.u.i.k.p.i.IntermediateProofReplayer Proof replay took 127.36ms 
16919      DEBUG main            d.u.i.k.p.r.p.TestFile    ... success: reloaded. 
16922      INFO  main            d.u.i.k.p.r.p.TestFile    Now processing file /home/runner/work/key/key/key.core/../key.ui/examples/heap/javacard/setArray1.key 
16923      INFO  main            d.u.i.k.p.i.AbstractProblemLoader Loading environment from /home/runner/work/key/key/key.core/../key.ui/examples/heap/javacard/setArray1.key 
16923      DEBUG main            d.u.i.k.p.i.AbstractProblemLoader Environment load took 301.83ns 
16925      INFO  main            d.u.i.k.p.i.AbstractProblemLoader Creating init config 
18740      DEBUG main            d.u.i.k.p.i.AbstractProblemLoader Init config took 1.82s 
18790      INFO  main            d.u.i.k.p.i.AbstractProblemLoader Replaying proof Examples[Examples::setArray1([B)].JML normal_behavior operation contract.0 
18793      DEBUG main            d.u.i.k.p.i.IntermediateProofReplayer Proof replay took 7.8ns 
19999      INFO  main            d.u.i.k.p.r.p.TestFile    ... finished proof: closed. 
20143      INFO  main            d.u.i.k.p.i.AbstractProblemLoader Loading environment from /home/runner/work/key/key/key.core/../key.ui/examples/heap/javacard/setArray1.key.proof 
20143      DEBUG main            d.u.i.k.p.i.AbstractProblemLoader Environment load took 144.41ns 
20146      INFO  main            d.u.i.k.p.i.AbstractProblemLoader Creating init config 
21902      DEBUG main            d.u.i.k.p.i.AbstractProblemLoader Init config took 1.76s 
21951      INFO  main            d.u.i.k.p.i.AbstractProblemLoader Replaying proof Examples[Examples::setArray1([B)].JML normal_behavior operation contract.0 
22148      DEBUG main            d.u.i.k.p.i.IntermediateProofReplayer Proof replay took 191.52ms 
22152      DEBUG main            d.u.i.k.p.r.p.TestFile    ... success: reloaded. 
22155      INFO  main            d.u.i.k.p.r.p.TestFile    Now processing file /home/runner/work/key/key/key.core/../key.ui/examples/heap/javacard/setArray2.key 
22155      INFO  main            d.u.i.k.p.i.AbstractProblemLoader Loading environment from /home/runner/work/key/key/key.core/../key.ui/examples/heap/javacard/setArray2.key 
22155      DEBUG main            d.u.i.k.p.i.AbstractProblemLoader Environment load took 286.93ns 
22157      INFO  main            d.u.i.k.p.i.AbstractProblemLoader Creating init config 
23956      DEBUG main            d.u.i.k.p.i.AbstractProblemLoader Init config took 1.8s 
24004      INFO  main            d.u.i.k.p.i.AbstractProblemLoader Replaying proof Examples[Examples::setArray2([B)].JML normal_behavior operation contract.0 
24006      DEBUG main            d.u.i.k.p.i.IntermediateProofReplayer Proof replay took 7.5ns 
25243      INFO  main            d.u.i.k.p.r.p.TestFile    ... finished proof: closed. 
25378      INFO  main            d.u.i.k.p.i.AbstractProblemLoader Loading environment from /home/runner/work/key/key/key.core/../key.ui/examples/heap/javacard/setArray2.key.proof 
25379      DEBUG main            d.u.i.k.p.i.AbstractProblemLoader Environment load took 717.66ns 
25380      INFO  main            d.u.i.k.p.i.AbstractProblemLoader Creating init config 
27099      DEBUG main            d.u.i.k.p.i.AbstractProblemLoader Init config took 1.72s 
27145      INFO  main            d.u.i.k.p.i.AbstractProblemLoader Replaying proof Examples[Examples::setArray2([B)].JML normal_behavior operation contract.0 
27406      DEBUG main            d.u.i.k.p.i.IntermediateProofReplayer Proof replay took 255.65ms 
27415      DEBUG main            d.u.i.k.p.r.p.TestFile    ... success: reloaded. 
27418      INFO  main            d.u.i.k.p.r.p.TestFile    Now processing file /home/runner/work/key/key/key.core/../key.ui/examples/heap/javacard/arrayFillNonAtomic.key 
27418      INFO  main            d.u.i.k.p.i.AbstractProblemLoader Loading environment from /home/runner/work/key/key/key.core/../key.ui/examples/heap/javacard/arrayFillNonAtomic.key 
27418      DEBUG main            d.u.i.k.p.i.AbstractProblemLoader Environment load took 134.61ns 
27419      INFO  main            d.u.i.k.p.i.AbstractProblemLoader Creating init config 
29191      DEBUG main            d.u.i.k.p.i.AbstractProblemLoader Init config took 1.77s 
29282      INFO  main            d.u.i.k.p.i.AbstractProblemLoader Replaying proof javacard.framework.Util[javacard.framework.Util::arrayFillNonAtomic([B,short,short,byte)].JML behavior operation contract.0.transaction_inactive 
29286      DEBUG main            d.u.i.k.p.i.IntermediateProofReplayer Proof replay took 8.5ns 
30338      DEBUG Thread-13       d.u.i.k.l.o.ProgramSV     Match failed: Former match of  SchemaVariable incompatible with  the current match. 
30338      DEBUG Thread-13       d.u.i.k.l.o.ProgramSV     Match failed: Former match of  SchemaVariable incompatible with  the current match. 
31891      DEBUG Thread-13       d.u.i.k.l.o.ProgramSV     Match failed: Former match of  SchemaVariable incompatible with  the current match. 
31891      DEBUG Thread-13       d.u.i.k.l.o.ProgramSV     Match failed: Former match of  SchemaVariable incompatible with  the current match. 
33667      INFO  main            d.u.i.k.p.r.p.TestFile    ... finished proof: closed. 
33851      INFO  main            d.u.i.k.p.i.AbstractProblemLoader Loading environment from /home/runner/work/key/key/key.core/../key.ui/examples/heap/javacard/arrayFillNonAtomic.key.proof 
33852      DEBUG main            d.u.i.k.p.i.AbstractProblemLoader Environment load took 551.15ns 
33856      INFO  main            d.u.i.k.p.i.AbstractProblemLoader Creating init config 
35606      DEBUG main            d.u.i.k.p.i.AbstractProblemLoader Init config took 1.75s 
35668      INFO  main            d.u.i.k.p.i.AbstractProblemLoader Replaying proof javacard.framework.Util[javacard.framework.Util::arrayFillNonAtomic([B,short,short,byte)].JML behavior operation contract.0.transaction_inactive 
36369      DEBUG main            d.u.i.k.p.i.IntermediateProofReplayer Proof replay took 682.62ms 
36370      DEBUG main            d.u.i.k.p.r.p.TestFile    ... success: reloaded. 
36371      INFO  main            d.u.i.k.p.r.p.TestFile    Now processing file /home/runner/work/key/key/key.core/../key.ui/examples/heap/coincidence_count/project.key 
36372      INFO  main            d.u.i.k.p.i.AbstractProblemLoader Loading environment from /home/runner/work/key/key/key.core/../key.ui/examples/heap/coincidence_count/project.key 
36372      DEBUG main            d.u.i.k.p.i.AbstractProblemLoader Environment load took 273.62ns 
36374      INFO  main            d.u.i.k.p.i.AbstractProblemLoader Creating init config 
40202      DEBUG main            d.u.i.k.p.i.AbstractProblemLoader Init config took 3.83s 
40255      INFO  main            d.u.i.k.p.i.AbstractProblemLoader Replaying proof CC[CC::calcCoinIndex([I,[I)].JML normal_behavior operation contract.0 
40259      DEBUG main            d.u.i.k.p.i.IntermediateProofReplayer Proof replay took 8.1ns 
61698      INFO  main            d.u.i.k.p.r.p.TestFile    ... finished proof: closed. 
62055      INFO  main            d.u.i.k.p.i.AbstractProblemLoader Loading environment from /home/runner/work/key/key/key.core/../key.ui/examples/heap/coincidence_count/project.key.proof 
62056      DEBUG main            d.u.i.k.p.i.AbstractProblemLoader Environment load took 622.85ns 
62060      INFO  main            d.u.i.k.p.i.AbstractProblemLoader Creating init config 
65041      DEBUG main            d.u.i.k.p.i.AbstractProblemLoader Init config took 2.98s 
65090      INFO  main            d.u.i.k.p.i.AbstractProblemLoader Replaying proof CC[CC::calcCoinIndex([I,[I)].JML normal_behavior operation contract.0 
65899      DEBUG main            d.u.i.k.p.i.IntermediateProofReplayer Proof replay took 750.29ms 
65904      DEBUG main            d.u.i.k.p.r.p.TestFile    ... success: reloaded. 
65905      INFO  main            d.u.i.k.p.r.p.TestFile    Now processing file /home/runner/work/key/key/key.core/../key.ui/examples/heap/verifyThis11_1_Maximum/project.key 
65906      INFO  main            d.u.i.k.p.i.AbstractProblemLoader Loading environment from /home/runner/work/key/key/key.core/../key.ui/examples/heap/verifyThis11_1_Maximum/project.key 
65906      DEBUG main            d.u.i.k.p.i.AbstractProblemLoader Environment load took 250.52ns 
65907      INFO  main            d.u.i.k.p.i.AbstractProblemLoader Creating init config 
68947      DEBUG main            d.u.i.k.p.i.AbstractProblemLoader Init config took 3.04s 
68996      INFO  main            d.u.i.k.p.i.AbstractProblemLoader Replaying proof Maximum[Maximum::maxIndex([I)].JML normal_behavior operation contract.0 
68998      DEBUG main            d.u.i.k.p.i.IntermediateProofReplayer Proof replay took 6.4ns 
70105      INFO  main            d.u.i.k.p.r.p.TestFile    ... finished proof: closed. 
70398      INFO  main            d.u.i.k.p.i.AbstractProblemLoader Loading environment from /home/runner/work/key/key/key.core/../key.ui/examples/heap/verifyThis11_1_Maximum/project.key.proof 
70399      DEBUG main            d.u.i.k.p.i.AbstractProblemLoader Environment load took 677.15ns 
70400      INFO  main            d.u.i.k.p.i.AbstractProblemLoader Creating init config 
73197      DEBUG main            d.u.i.k.p.i.AbstractProblemLoader Init config took 2.8s 
73244      INFO  main            d.u.i.k.p.i.AbstractProblemLoader Replaying proof Maximum[Maximum::maxIndex([I)].JML normal_behavior operation contract.0 
73384      DEBUG main            d.u.i.k.p.i.IntermediateProofReplayer Proof replay took 133.56ms 
73386      DEBUG main            d.u.i.k.p.r.p.TestFile    ... success: reloaded. 
73387      INFO  main            d.u.i.k.p.r.p.TestFile    Now processing file /home/runner/work/key/key/key.core/../key.ui/examples/heap/fm12_01_LRS/lcp.key 
73387      INFO  main            d.u.i.k.p.i.AbstractProblemLoader Loading environment from /home/runner/work/key/key/key.core/../key.ui/examples/heap/fm12_01_LRS/lcp.key 
73387      DEBUG main            d.u.i.k.p.i.AbstractProblemLoader Environment load took 268.92ns 
73389      INFO  main            d.u.i.k.p.i.AbstractProblemLoader Creating init config 
77005      DEBUG main            d.u.i.k.p.i.AbstractProblemLoader Init config took 3.62s 
77071      INFO  main            d.u.i.k.p.i.AbstractProblemLoader Replaying proof LCP[LCP::lcp([I,int,int)].JML normal_behavior operation contract.0 
77074      DEBUG main            d.u.i.k.p.i.IntermediateProofReplayer Proof replay took 6.9ns 
78120      INFO  main            d.u.i.k.p.r.p.TestFile    ... finished proof: closed. 
78438      INFO  main            d.u.i.k.p.i.AbstractProblemLoader Loading environment from /home/runner/work/key/key/key.core/../key.ui/examples/heap/fm12_01_LRS/lcp.key.proof 
78439      DEBUG main            d.u.i.k.p.i.AbstractProblemLoader Environment load took 575.24ns 
78440      INFO  main            d.u.i.k.p.i.AbstractProblemLoader Creating init config 
81876      DEBUG main            d.u.i.k.p.i.AbstractProblemLoader Init config took 3.44s 
81942      INFO  main            d.u.i.k.p.i.AbstractProblemLoader Replaying proof LCP[LCP::lcp([I,int,int)].JML normal_behavior operation contract.0 
82126      DEBUG main            d.u.i.k.p.i.IntermediateProofReplayer Proof replay took 177ms 
82129      DEBUG main            d.u.i.k.p.r.p.TestFile    ... success: reloaded. 
82131      INFO  main            d.u.i.k.p.r.p.TestFile    Now processing file /home/runner/work/key/key/key.core/../key.ui/examples/heap/SemanticSlicing/project.key 
82132      INFO  main            d.u.i.k.p.i.AbstractProblemLoader Loading environment from /home/runner/work/key/key/key.core/../key.ui/examples/heap/SemanticSlicing/project.key 
82132      DEBUG main            d.u.i.k.p.i.AbstractProblemLoader Environment load took 253.32ns 
82135      INFO  main            d.u.i.k.p.i.AbstractProblemLoader Creating init config 
85185      DEBUG main            d.u.i.k.p.i.AbstractProblemLoader Init config took 3.05s 
85246      INFO  main            d.u.i.k.p.i.AbstractProblemLoader Replaying proof unsatcore_after.competition.postcond5.scope333.LRS[unsatcore_after.competition.postcond5.scope333.LRS::doLRS()].JML operation contract.0 
85248      DEBUG main            d.u.i.k.p.i.IntermediateProofReplayer Proof replay took 6.4ns 
89845      INFO  main            d.u.i.k.p.r.p.TestFile    ... finished proof: closed. 
90208      INFO  main            d.u.i.k.p.i.AbstractProblemLoader Loading environment from /home/runner/work/key/key/key.core/../key.ui/examples/heap/SemanticSlicing/project.key.proof 
90208      DEBUG main            d.u.i.k.p.i.AbstractProblemLoader Environment load took 137.71ns 
90210      INFO  main            d.u.i.k.p.i.AbstractProblemLoader Creating init config 
93174      DEBUG main            d.u.i.k.p.i.AbstractProblemLoader Init config took 2.96s 
93232      INFO  main            d.u.i.k.p.i.AbstractProblemLoader Replaying proof unsatcore_after.competition.postcond5.scope333.LRS[unsatcore_after.competition.postcond5.scope333.LRS::doLRS()].JML operation contract.0 
93903      DEBUG main            d.u.i.k.p.i.IntermediateProofReplayer Proof replay took 657.86ms 
93905      DEBUG main            d.u.i.k.p.r.p.TestFile    ... success: reloaded. 
93906      INFO  main            d.u.i.k.p.r.p.TestFile    Now processing file /home/runner/work/key/key/key.core/../key.ui/examples/heap/information_flow/ArrayList_contains.key 
93907      INFO  main            d.u.i.k.p.i.AbstractProblemLoader Loading environment from /home/runner/work/key/key/key.core/../key.ui/examples/heap/information_flow/ArrayList_contains.key 
93907      DEBUG main            d.u.i.k.p.i.AbstractProblemLoader Environment load took 225.92ns 
93908      INFO  main            d.u.i.k.p.i.AbstractProblemLoader Creating init config 
97191      DEBUG main            d.u.i.k.p.i.AbstractProblemLoader Init config took 3.28s 
97235      INFO  main            d.u.i.k.p.i.AbstractProblemLoader Replaying proof ArrayList[ArrayList::get(int)].JML normal_behavior operation contract.0 
97237      DEBUG main            d.u.i.k.p.i.IntermediateProofReplayer Proof replay took 7.5ns 
97640      INFO  main            d.u.i.k.p.r.p.TestFile    ... finished proof: closed. 
98013      INFO  main            d.u.i.k.p.i.AbstractProblemLoader Loading environment from /home/runner/work/key/key/key.core/../key.ui/examples/heap/information_flow/ArrayList_contains.key.proof 
98013      DEBUG main            d.u.i.k.p.i.AbstractProblemLoader Environment load took 690.96ns 
98015      INFO  main            d.u.i.k.p.i.AbstractProblemLoader Creating init config 
101097     DEBUG main            d.u.i.k.p.i.AbstractProblemLoader Init config took 3.08s 
101141     INFO  main            d.u.i.k.p.i.AbstractProblemLoader Replaying proof ArrayList[ArrayList::get(int)].JML normal_behavior operation contract.0 
101209     DEBUG main            d.u.i.k.p.i.IntermediateProofReplayer Proof replay took 64.91ms 
101210     DEBUG main            d.u.i.k.p.r.p.TestFile    ... success: reloaded. 
101212     INFO  main            d.u.i.k.p.r.p.TestFile    Now processing file /home/runner/work/key/key/key.core/../key.ui/examples/heap/information_flow/ArrayList_get.key 
101219     INFO  main            d.u.i.k.p.i.AbstractProblemLoader Loading environment from /home/runner/work/key/key/key.core/../key.ui/examples/heap/information_flow/ArrayList_get.key 
101219     DEBUG main            d.u.i.k.p.i.AbstractProblemLoader Environment load took 311.02ns 
101220     INFO  main            d.u.i.k.p.i.AbstractProblemLoader Creating init config 
104497     DEBUG main            d.u.i.k.p.i.AbstractProblemLoader Init config took 3.28s 
104542     INFO  main            d.u.i.k.p.i.AbstractProblemLoader Replaying proof ArrayList[ArrayList::contains(java.lang.Object)].JML normal_behavior operation contract.0 
104544     DEBUG main            d.u.i.k.p.i.IntermediateProofReplayer Proof replay took 7.1ns 
105548     INFO  main            d.u.i.k.p.r.p.TestFile    ... finished proof: closed. 
105841     INFO  main            d.u.i.k.p.i.AbstractProblemLoader Loading environment from /home/runner/work/key/key/key.core/../key.ui/examples/heap/information_flow/ArrayList_get.key.proof 
105842     DEBUG main            d.u.i.k.p.i.AbstractProblemLoader Environment load took 564.34ns 
105843     INFO  main            d.u.i.k.p.i.AbstractProblemLoader Creating init config 
108954     DEBUG main            d.u.i.k.p.i.AbstractProblemLoader Init config took 3.11s 
109001     INFO  main            d.u.i.k.p.i.AbstractProblemLoader Replaying proof ArrayList[ArrayList::contains(java.lang.Object)].JML normal_behavior operation contract.0 
109167     DEBUG main            d.u.i.k.p.i.IntermediateProofReplayer Proof replay took 160.76ms 
109168     DEBUG main            d.u.i.k.p.r.p.TestFile    ... success: reloaded. 
109169     INFO  main            d.u.i.k.p.r.p.TestFile    Now processing file /home/runner/work/key/key/key.core/../key.ui/examples/heap/information_flow/ArrayList_size.key 
109169     INFO  main            d.u.i.k.p.i.AbstractProblemLoader Loading environment from /home/runner/work/key/key/key.core/../key.ui/examples/heap/information_flow/ArrayList_size.key 
109169     DEBUG main            d.u.i.k.p.i.AbstractProblemLoader Environment load took 112.71ns 
109171     INFO  main            d.u.i.k.p.i.AbstractProblemLoader Creating init config 
112374     DEBUG main            d.u.i.k.p.i.AbstractProblemLoader Init config took 3.2s 
112417     INFO  main            d.u.i.k.p.i.AbstractProblemLoader Replaying proof ArrayList[ArrayList::size()].JML normal_behavior operation contract.0 
112418     DEBUG main            d.u.i.k.p.i.IntermediateProofReplayer Proof replay took 6.9ns 
112520     INFO  main            d.u.i.k.p.r.p.TestFile    ... finished proof: closed. 
112872     INFO  main            d.u.i.k.p.i.AbstractProblemLoader Loading environment from /home/runner/work/key/key/key.core/../key.ui/examples/heap/information_flow/ArrayList_size.key.proof 
112872     DEBUG main            d.u.i.k.p.i.AbstractProblemLoader Environment load took 140.91ns 
112873     INFO  main            d.u.i.k.p.i.AbstractProblemLoader Creating init config 
115923     DEBUG main            d.u.i.k.p.i.AbstractProblemLoader Init config took 3.05s 
115965     INFO  main            d.u.i.k.p.i.AbstractProblemLoader Replaying proof ArrayList[ArrayList::size()].JML normal_behavior operation contract.0 
115979     DEBUG main            d.u.i.k.p.i.IntermediateProofReplayer Proof replay took 12.28ms 
115980     DEBUG main            d.u.i.k.p.r.p.TestFile    ... success: reloaded. 
115981     INFO  main            d.u.i.k.p.r.p.TestFile    Now processing file /home/runner/work/key/key/key.core/../key.ui/examples/heap/information_flow/UpdateAbstraction_ex7_3_secure.key 
115981     INFO  main            d.u.i.k.p.i.AbstractProblemLoader Loading environment from /home/runner/work/key/key/key.core/../key.ui/examples/heap/information_flow/UpdateAbstraction_ex7_3_secure.key 
115981     DEBUG main            d.u.i.k.p.i.AbstractProblemLoader Environment load took 92.21ns 
115982     INFO  main            d.u.i.k.p.i.AbstractProblemLoader Creating init config 
119160     DEBUG main            d.u.i.k.p.i.AbstractProblemLoader Init config took 3.18s 
119203     INFO  main            d.u.i.k.p.i.AbstractProblemLoader Replaying proof UpdateAbstraction[UpdateAbstraction::ex7_3_secure()].JML operation contract.0 
119205     DEBUG main            d.u.i.k.p.i.IntermediateProofReplayer Proof replay took 6.4ns 
119408     INFO  main            d.u.i.k.p.r.p.TestFile    ... finished proof: closed. 
119728     INFO  main            d.u.i.k.p.i.AbstractProblemLoader Loading environment from /home/runner/work/key/key/key.core/../key.ui/examples/heap/information_flow/UpdateAbstraction_ex7_3_secure.key.proof 
119728     DEBUG main            d.u.i.k.p.i.AbstractProblemLoader Environment load took 134.51ns 
119730     INFO  main            d.u.i.k.p.i.AbstractProblemLoader Creating init config 
122759     DEBUG main            d.u.i.k.p.i.AbstractProblemLoader Init config took 3.03s 
122800     INFO  main            d.u.i.k.p.i.AbstractProblemLoader Replaying proof UpdateAbstraction[UpdateAbstraction::ex7_3_secure()].JML operation contract.0 
122829     DEBUG main            d.u.i.k.p.i.IntermediateProofReplayer Proof replay took 26.62ms 
122830     DEBUG main            d.u.i.k.p.r.p.TestFile    ... success: reloaded. 
122831     INFO  main            d.u.i.k.p.r.p.TestFile    Now processing file /home/runner/work/key/key/key.core/../key.ui/examples/heap/information_flow/UpdateAbstraction_ex7_4_secure.key 
122831     INFO  main            d.u.i.k.p.i.AbstractProblemLoader Loading environment from /home/runner/work/key/key/key.core/../key.ui/examples/heap/information_flow/UpdateAbstraction_ex7_4_secure.key 
122832     DEBUG main            d.u.i.k.p.i.AbstractProblemLoader Environment load took 205.22ns 
122833     INFO  main            d.u.i.k.p.i.AbstractProblemLoader Creating init config 
126068     DEBUG main            d.u.i.k.p.i.AbstractProblemLoader Init config took 3.24s 
126117     INFO  main            d.u.i.k.p.i.AbstractProblemLoader Replaying proof UpdateAbstraction[UpdateAbstraction::ex7_4_secure()].JML operation contract.0 
126118     DEBUG main            d.u.i.k.p.i.IntermediateProofReplayer Proof replay took 7ns 
126321     INFO  main            d.u.i.k.p.r.p.TestFile    ... finished proof: closed. 
126710     INFO  main            d.u.i.k.p.i.AbstractProblemLoader Loading environment from /home/runner/work/key/key/key.core/../key.ui/examples/heap/information_flow/UpdateAbstraction_ex7_4_secure.key.proof 
126710     DEBUG main            d.u.i.k.p.i.AbstractProblemLoader Environment load took 131.61ns 
126712     INFO  main            d.u.i.k.p.i.AbstractProblemLoader Creating init config 
129761     DEBUG main            d.u.i.k.p.i.AbstractProblemLoader Init config took 3.05s 
129805     INFO  main            d.u.i.k.p.i.AbstractProblemLoader Replaying proof UpdateAbstraction[UpdateAbstraction::ex7_4_secure()].JML operation contract.0 
129852     DEBUG main            d.u.i.k.p.i.IntermediateProofReplayer Proof replay took 43.3ms 
129854     DEBUG main            d.u.i.k.p.r.p.TestFile    ... success: reloaded. 
129857     INFO  main            d.u.i.k.p.r.p.TestFile    Now processing file /home/runner/work/key/key/key.core/../key.ui/examples/heap/information_flow/UpdateAbstraction_ex7_5_secure.key 
129857     INFO  main            d.u.i.k.p.i.AbstractProblemLoader Loading environment from /home/runner/work/key/key/key.core/../key.ui/examples/heap/information_flow/UpdateAbstraction_ex7_5_secure.key 
129857     DEBUG main            d.u.i.k.p.i.AbstractProblemLoader Environment load took 265.02ns 
129860     INFO  main            d.u.i.k.p.i.AbstractProblemLoader Creating init config 
132989     DEBUG main            d.u.i.k.p.i.AbstractProblemLoader Init config took 3.13s 
133031     INFO  main            d.u.i.k.p.i.AbstractProblemLoader Replaying proof UpdateAbstraction[UpdateAbstraction::ex7_5_secure()].JML operation contract.0 
133033     DEBUG main            d.u.i.k.p.i.IntermediateProofReplayer Proof replay took 8.3ns 
133135     INFO  main            d.u.i.k.p.r.p.TestFile    ... finished proof: closed. 
133472     INFO  main            d.u.i.k.p.i.AbstractProblemLoader Loading environment from /home/runner/work/key/key/key.core/../key.ui/examples/heap/information_flow/UpdateAbstraction_ex7_5_secure.key.proof 
133472     DEBUG main            d.u.i.k.p.i.AbstractProblemLoader Environment load took 132.51ns 
133473     INFO  main            d.u.i.k.p.i.AbstractProblemLoader Creating init config 
136546     DEBUG main            d.u.i.k.p.i.AbstractProblemLoader Init config took 3.07s 
136587     INFO  main            d.u.i.k.p.i.AbstractProblemLoader Replaying proof UpdateAbstraction[UpdateAbstraction::ex7_5_secure()].JML operation contract.0 
136606     DEBUG main            d.u.i.k.p.i.IntermediateProofReplayer Proof replay took 17.08ms 
136607     DEBUG main            d.u.i.k.p.r.p.TestFile    ... success: reloaded. 
136608     INFO  main            d.u.i.k.p.r.p.TestFile    Now processing file /home/runner/work/key/key/key.core/../key.ui/examples/heap/information_flow/UpdateAbstraction_ex7_6_secure.key 
136608     INFO  main            d.u.i.k.p.i.AbstractProblemLoader Loading environment from /home/runner/work/key/key/key.core/../key.ui/examples/heap/information_flow/UpdateAbstraction_ex7_6_secure.key 
136608     DEBUG main            d.u.i.k.p.i.AbstractProblemLoader Environment load took 116.51ns 
136609     INFO  main            d.u.i.k.p.i.AbstractProblemLoader Creating init config 
139800     DEBUG main            d.u.i.k.p.i.AbstractProblemLoader Init config took 3.19s 
139840     INFO  main            d.u.i.k.p.i.AbstractProblemLoader Replaying proof UpdateAbstraction[UpdateAbstraction::ex7_6_secure()].JML operation contract.0 
139841     DEBUG main            d.u.i.k.p.i.IntermediateProofReplayer Proof replay took 6.9ns 
140144     INFO  main            d.u.i.k.p.r.p.TestFile    ... finished proof: closed. 
140487     INFO  main            d.u.i.k.p.i.AbstractProblemLoader Loading environment from /home/runner/work/key/key/key.core/../key.ui/examples/heap/information_flow/UpdateAbstraction_ex7_6_secure.key.proof 
140487     DEBUG main            d.u.i.k.p.i.AbstractProblemLoader Environment load took 135.31ns 
140488     INFO  main            d.u.i.k.p.i.AbstractProblemLoader Creating init config 
143467     DEBUG main            d.u.i.k.p.i.AbstractProblemLoader Init config took 2.98s 
143507     INFO  main            d.u.i.k.p.i.AbstractProblemLoader Replaying proof UpdateAbstraction[UpdateAbstraction::ex7_6_secure()].JML operation contract.0 
143564     DEBUG main            d.u.i.k.p.i.IntermediateProofReplayer Proof replay took 54.24ms 
143565     DEBUG main            d.u.i.k.p.r.p.TestFile    ... success: reloaded. 
143566     INFO  main            d.u.i.k.p.r.p.TestFile    Now processing file /home/runner/work/key/key/key.core/../key.ui/examples/heap/information_flow/UpdateAbstraction_ex9_secure.key 
143566     INFO  main            d.u.i.k.p.i.AbstractProblemLoader Loading environment from /home/runner/work/key/key/key.core/../key.ui/examples/heap/information_flow/UpdateAbstraction_ex9_secure.key 
143566     DEBUG main            d.u.i.k.p.i.AbstractProblemLoader Environment load took 100.21ns 
143567     INFO  main            d.u.i.k.p.i.AbstractProblemLoader Creating init config 
146677     DEBUG main            d.u.i.k.p.i.AbstractProblemLoader Init config took 3.11s 
146718     INFO  main            d.u.i.k.p.i.AbstractProblemLoader Replaying proof UpdateAbstraction[UpdateAbstraction::ex9_secure()].JML operation contract.0 
146720     DEBUG main            d.u.i.k.p.i.IntermediateProofReplayer Proof replay took 6.5ns 
147826     INFO  main            d.u.i.k.p.r.p.TestFile    ... finished proof: closed. 
148192     INFO  main            d.u.i.k.p.i.AbstractProblemLoader Loading environment from /home/runner/work/key/key/key.core/../key.ui/examples/heap/information_flow/UpdateAbstraction_ex9_secure.key.proof 
148192     DEBUG main            d.u.i.k.p.i.AbstractProblemLoader Environment load took 585.34ns 
148194     INFO  main            d.u.i.k.p.i.AbstractProblemLoader Creating init config 
151180     DEBUG main            d.u.i.k.p.i.AbstractProblemLoader Init config took 2.99s 
151227     INFO  main            d.u.i.k.p.i.AbstractProblemLoader Replaying proof UpdateAbstraction[UpdateAbstraction::ex9_secure()].JML operation contract.0 
151411     DEBUG main            d.u.i.k.p.i.IntermediateProofReplayer Proof replay took 180.16ms 
151413     DEBUG main            d.u.i.k.p.r.p.TestFile    ... success: reloaded. 
1012676    INFO  Test worker     d.u.i.k.p.r.RunAllProofsTestUnit Returning from test javaCard 
1012677    INFO  Test worker     d.u.i.k.p.r.RunAllProofsTestUnit Running test list 
425        INFO  Timeout watchdog d.u.i.k.p.r.p.ForkedTestFileRunner Timeout watcher launched (2000 secs.) 
448        WARN  main            d.u.i.k.s.ProofSettings   The settings in /home/runner/.key/proof-settings.props are *not* read. 
480        INFO  main            d.u.i.k.p.r.p.TestFile    Now processing file /home/runner/work/key/key/key.core/../key.ui/examples/heap/list/ArrayList_add.key 
611        INFO  main            d.u.i.k.p.i.AbstractProblemLoader Loading environment from /home/runner/work/key/key/key.core/../key.ui/examples/heap/list/ArrayList_add.key 
631        DEBUG main            d.u.i.k.p.i.AbstractProblemLoader Environment load took 2.07ms 
891        INFO  main            d.u.i.k.p.i.AbstractProblemLoader Creating init config 
2070       DEBUG main            d.u.i.k.j.TypeConverter   No LDT found for Meta 
2071       DEBUG main            d.u.i.k.j.TypeConverter   No LDT found for Meta 
2075       DEBUG main            d.u.i.k.j.TypeConverter   No LDT found for Meta 
2076       DEBUG main            d.u.i.k.j.TypeConverter   No LDT found for Meta 
3989       DEBUG main            d.u.i.k.j.TypeConverter   No LDT found for JavaBigintExpression 
8033       DEBUG main            d.u.i.k.j.r.ClassPreparationMethodBuilder clPrepBuilder: Inner Class detected. Reject building class initialisation methods. 
11388      DEBUG main            d.u.i.k.p.i.AbstractProblemLoader Init config took 10.5s 
11622      INFO  main            d.u.i.k.p.i.AbstractProblemLoader Replaying proof ArrayList[List::add(java.lang.Object)].JML normal_behavior operation contract.0 
11664      DEBUG main            d.u.i.k.p.i.IntermediateProofReplayer Proof replay took 37.9ns 
18477      INFO  main            d.u.i.k.p.r.p.TestFile    ... finished proof: closed. 
18758      INFO  main            d.u.i.k.p.i.AbstractProblemLoader Loading environment from /home/runner/work/key/key/key.core/../key.ui/examples/heap/list/ArrayList_add.key.proof 
18758      DEBUG main            d.u.i.k.p.i.AbstractProblemLoader Environment load took 809.06ns 
18765      INFO  main            d.u.i.k.p.i.AbstractProblemLoader Creating init config 
20199      DEBUG main            d.u.i.k.j.r.ClassPreparationMethodBuilder clPrepBuilder: Inner Class detected. Reject building class initialisation methods. 
22945      DEBUG main            d.u.i.k.p.i.AbstractProblemLoader Init config took 4.18s 
23048      INFO  main            d.u.i.k.p.i.AbstractProblemLoader Replaying proof ArrayList[List::add(java.lang.Object)].JML normal_behavior operation contract.0 
23794      DEBUG main            d.u.i.k.p.i.IntermediateProofReplayer Proof replay took 718.74ms 
23805      DEBUG main            d.u.i.k.p.r.p.TestFile    ... success: reloaded. 
23812      INFO  main            d.u.i.k.p.r.p.TestFile    Now processing file /home/runner/work/key/key/key.core/../key.ui/examples/heap/list/ArrayList_ArrayList.key 
23813      INFO  main            d.u.i.k.p.i.AbstractProblemLoader Loading environment from /home/runner/work/key/key/key.core/../key.ui/examples/heap/list/ArrayList_ArrayList.key 
23813      DEBUG main            d.u.i.k.p.i.AbstractProblemLoader Environment load took 358.92ns 
23820      INFO  main            d.u.i.k.p.i.AbstractProblemLoader Creating init config 
25173      DEBUG main            d.u.i.k.j.r.ClassPreparationMethodBuilder clPrepBuilder: Inner Class detected. Reject building class initialisation methods. 
27880      DEBUG main            d.u.i.k.p.i.AbstractProblemLoader Init config took 4.06s 
27959      INFO  main            d.u.i.k.p.i.AbstractProblemLoader Replaying proof ArrayList[ArrayList::ArrayList()].JML normal_behavior operation contract.0 
27962      DEBUG main            d.u.i.k.p.i.IntermediateProofReplayer Proof replay took 7.4ns 
29671      INFO  main            d.u.i.k.p.r.p.TestFile    ... finished proof: closed. 
29904      INFO  main            d.u.i.k.p.i.AbstractProblemLoader Loading environment from /home/runner/work/key/key/key.core/../key.ui/examples/heap/list/ArrayList_ArrayList.key.proof 
29904      DEBUG main            d.u.i.k.p.i.AbstractProblemLoader Environment load took 560.84ns 
29907      INFO  main            d.u.i.k.p.i.AbstractProblemLoader Creating init config 
31223      DEBUG main            d.u.i.k.j.r.ClassPreparationMethodBuilder clPrepBuilder: Inner Class detected. Reject building class initialisation methods. 
33730      DEBUG main            d.u.i.k.p.i.AbstractProblemLoader Init config took 3.82s 
33810      INFO  main            d.u.i.k.p.i.AbstractProblemLoader Replaying proof ArrayList[ArrayList::ArrayList()].JML normal_behavior operation contract.0 
34008      DEBUG main            d.u.i.k.p.i.IntermediateProofReplayer Proof replay took 187.36ms 
34010      DEBUG main            d.u.i.k.p.r.p.TestFile    ... success: reloaded. 
34012      INFO  main            d.u.i.k.p.r.p.TestFile    Now processing file /home/runner/work/key/key/key.core/../key.ui/examples/heap/list/ArrayList_concatenate.key 
34013      INFO  main            d.u.i.k.p.i.AbstractProblemLoader Loading environment from /home/runner/work/key/key/key.core/../key.ui/examples/heap/list/ArrayList_concatenate.key 
34013      DEBUG main            d.u.i.k.p.i.AbstractProblemLoader Environment load took 278.72ns 
34014      INFO  main            d.u.i.k.p.i.AbstractProblemLoader Creating init config 
35259      DEBUG main            d.u.i.k.j.r.ClassPreparationMethodBuilder clPrepBuilder: Inner Class detected. Reject building class initialisation methods. 
37867      DEBUG main            d.u.i.k.p.i.AbstractProblemLoader Init config took 3.85s 
37938      INFO  main            d.u.i.k.p.i.AbstractProblemLoader Replaying proof ArrayList[List::concatenate(List)].JML normal_behavior operation contract.0 
37940      DEBUG main            d.u.i.k.p.i.IntermediateProofReplayer Proof replay took 7.3ns 
65013      INFO  main            d.u.i.k.p.r.p.TestFile    ... finished proof: closed. 
65308      INFO  main            d.u.i.k.p.i.AbstractProblemLoader Loading environment from /home/runner/work/key/key/key.core/../key.ui/examples/heap/list/ArrayList_concatenate.key.proof 
65308      DEBUG main            d.u.i.k.p.i.AbstractProblemLoader Environment load took 283.92ns 
65313      INFO  main            d.u.i.k.p.i.AbstractProblemLoader Creating init config 
66568      DEBUG main            d.u.i.k.j.r.ClassPreparationMethodBuilder clPrepBuilder: Inner Class detected. Reject building class initialisation methods. 
69061      DEBUG main            d.u.i.k.p.i.AbstractProblemLoader Init config took 3.75s 
69143      INFO  main            d.u.i.k.p.i.AbstractProblemLoader Replaying proof ArrayList[List::concatenate(List)].JML normal_behavior operation contract.0 
70901      DEBUG main            d.u.i.k.p.i.IntermediateProofReplayer Proof replay took 1.68s 
70906      DEBUG main            d.u.i.k.p.r.p.TestFile    ... success: reloaded. 
70908      INFO  main            d.u.i.k.p.r.p.TestFile    Now processing file /home/runner/work/key/key/key.core/../key.ui/examples/heap/list/ArrayList_contains_dep.key 
70908      INFO  main            d.u.i.k.p.i.AbstractProblemLoader Loading environment from /home/runner/work/key/key/key.core/../key.ui/examples/heap/list/ArrayList_contains_dep.key 
70908      DEBUG main            d.u.i.k.p.i.AbstractProblemLoader Environment load took 135.01ns 
70909      INFO  main            d.u.i.k.p.i.AbstractProblemLoader Creating init config 
72168      DEBUG main            d.u.i.k.j.r.ClassPreparationMethodBuilder clPrepBuilder: Inner Class detected. Reject building class initialisation methods. 
74694      DEBUG main            d.u.i.k.p.i.AbstractProblemLoader Init config took 3.78s 
74758      INFO  main            d.u.i.k.p.i.AbstractProblemLoader Replaying proof ArrayList[List::contains(java.lang.Object)].JML accessible clause.0 
74760      DEBUG main            d.u.i.k.p.i.IntermediateProofReplayer Proof replay took 7.6ns 
77717      INFO  main            d.u.i.k.p.r.p.TestFile    ... finished proof: closed. 
77991      INFO  main            d.u.i.k.p.i.AbstractProblemLoader Loading environment from /home/runner/work/key/key/key.core/../key.ui/examples/heap/list/ArrayList_contains_dep.key.proof 
77991      DEBUG main            d.u.i.k.p.i.AbstractProblemLoader Environment load took 158.31ns 
77993      INFO  main            d.u.i.k.p.i.AbstractProblemLoader Creating init config 
79159      DEBUG main            d.u.i.k.j.r.ClassPreparationMethodBuilder clPrepBuilder: Inner Class detected. Reject building class initialisation methods. 
81663      DEBUG main            d.u.i.k.p.i.AbstractProblemLoader Init config took 3.67s 
81735      INFO  main            d.u.i.k.p.i.AbstractProblemLoader Replaying proof ArrayList[List::contains(java.lang.Object)].JML accessible clause.0 
82103      DEBUG main            d.u.i.k.p.i.IntermediateProofReplayer Proof replay took 353.75ms 
82112      DEBUG main            d.u.i.k.p.r.p.TestFile    ... success: reloaded. 
82124      INFO  main            d.u.i.k.p.r.p.TestFile    Now processing file /home/runner/work/key/key/key.core/../key.ui/examples/heap/list/ArrayList_enlarge.key 
82124      INFO  main            d.u.i.k.p.i.AbstractProblemLoader Loading environment from /home/runner/work/key/key/key.core/../key.ui/examples/heap/list/ArrayList_enlarge.key 
82125      DEBUG main            d.u.i.k.p.i.AbstractProblemLoader Environment load took 329.72ns 
82126      INFO  main            d.u.i.k.p.i.AbstractProblemLoader Creating init config 
83301      DEBUG main            d.u.i.k.j.r.ClassPreparationMethodBuilder clPrepBuilder: Inner Class detected. Reject building class initialisation methods. 
85809      DEBUG main            d.u.i.k.p.i.AbstractProblemLoader Init config took 3.68s 
85872      INFO  main            d.u.i.k.p.i.AbstractProblemLoader Replaying proof ArrayList[ArrayList::enlarge()].JML normal_behavior operation contract.0 
85875      DEBUG main            d.u.i.k.p.i.IntermediateProofReplayer Proof replay took 7.8ns 
88485      INFO  main            d.u.i.k.p.r.p.TestFile    ... finished proof: closed. 
88730      INFO  main            d.u.i.k.p.i.AbstractProblemLoader Loading environment from /home/runner/work/key/key/key.core/../key.ui/examples/heap/list/ArrayList_enlarge.key.proof 
88732      DEBUG main            d.u.i.k.p.i.AbstractProblemLoader Environment load took 2.02ms 
88734      INFO  main            d.u.i.k.p.i.AbstractProblemLoader Creating init config 
89891      DEBUG main            d.u.i.k.j.r.ClassPreparationMethodBuilder clPrepBuilder: Inner Class detected. Reject building class initialisation methods. 
92356      DEBUG main            d.u.i.k.p.i.AbstractProblemLoader Init config took 3.62s 
92415      INFO  main            d.u.i.k.p.i.AbstractProblemLoader Replaying proof ArrayList[ArrayList::enlarge()].JML normal_behavior operation contract.0 
92747      DEBUG main            d.u.i.k.p.i.IntermediateProofReplayer Proof replay took 302.92ms 
92748      DEBUG main            d.u.i.k.p.r.p.TestFile    ... success: reloaded. 
92750      INFO  main            d.u.i.k.p.r.p.TestFile    Now processing file /home/runner/work/key/key/key.core/../key.ui/examples/heap/list/ArrayList_footprint.key 
92750      INFO  main            d.u.i.k.p.i.AbstractProblemLoader Loading environment from /home/runner/work/key/key/key.core/../key.ui/examples/heap/list/ArrayList_footprint.key 
92750      DEBUG main            d.u.i.k.p.i.AbstractProblemLoader Environment load took 157.31ns 
92751      INFO  main            d.u.i.k.p.i.AbstractProblemLoader Creating init config 
93939      DEBUG main            d.u.i.k.j.r.ClassPreparationMethodBuilder clPrepBuilder: Inner Class detected. Reject building class initialisation methods. 
96496      DEBUG main            d.u.i.k.p.i.AbstractProblemLoader Init config took 3.74s 
96548      INFO  main            d.u.i.k.p.i.AbstractProblemLoader Replaying proof List[List::$footprint()].JML accessible clause.0 
96550      DEBUG main            d.u.i.k.p.i.IntermediateProofReplayer Proof replay took 6.2ns 
96652      INFO  main            d.u.i.k.p.r.p.TestFile    ... finished proof: closed. 
96872      INFO  main            d.u.i.k.p.i.AbstractProblemLoader Loading environment from /home/runner/work/key/key/key.core/../key.ui/examples/heap/list/ArrayList_footprint.key.proof 
96872      DEBUG main            d.u.i.k.p.i.AbstractProblemLoader Environment load took 130.01ns 
96873      INFO  main            d.u.i.k.p.i.AbstractProblemLoader Creating init config 
98038      DEBUG main            d.u.i.k.j.r.ClassPreparationMethodBuilder clPrepBuilder: Inner Class detected. Reject building class initialisation methods. 
100551     DEBUG main            d.u.i.k.p.i.AbstractProblemLoader Init config took 3.68s 
100601     INFO  main            d.u.i.k.p.i.AbstractProblemLoader Replaying proof List[List::$footprint()].JML accessible clause.0 
100604     DEBUG main            d.u.i.k.p.i.IntermediateProofReplayer Proof replay took 1.16ms 
100605     DEBUG main            d.u.i.k.p.r.p.TestFile    ... success: reloaded. 
100607     INFO  main            d.u.i.k.p.r.p.TestFile    Now processing file /home/runner/work/key/key/key.core/../key.ui/examples/heap/list/ArrayList_get_dep.key 
100607     INFO  main            d.u.i.k.p.i.AbstractProblemLoader Loading environment from /home/runner/work/key/key/key.core/../key.ui/examples/heap/list/ArrayList_get_dep.key 
100607     DEBUG main            d.u.i.k.p.i.AbstractProblemLoader Environment load took 117.5ns 
100608     INFO  main            d.u.i.k.p.i.AbstractProblemLoader Creating init config 
101763     DEBUG main            d.u.i.k.j.r.ClassPreparationMethodBuilder clPrepBuilder: Inner Class detected. Reject building class initialisation methods. 
104197     DEBUG main            d.u.i.k.p.i.AbstractProblemLoader Init config took 3.59s 
104253     INFO  main            d.u.i.k.p.i.AbstractProblemLoader Replaying proof ArrayList[List::get(int)].JML accessible clause.0 
104257     DEBUG main            d.u.i.k.p.i.IntermediateProofReplayer Proof replay took 6.5ns 
104771     INFO  main            d.u.i.k.p.r.p.TestFile    ... finished proof: closed. 
104993     INFO  main            d.u.i.k.p.i.AbstractProblemLoader Loading environment from /home/runner/work/key/key/key.core/../key.ui/examples/heap/list/ArrayList_get_dep.key.proof 
104994     DEBUG main            d.u.i.k.p.i.AbstractProblemLoader Environment load took 637.34ns 
104998     INFO  main            d.u.i.k.p.i.AbstractProblemLoader Creating init config 
106136     DEBUG main            d.u.i.k.j.r.ClassPreparationMethodBuilder clPrepBuilder: Inner Class detected. Reject building class initialisation methods. 
108558     DEBUG main            d.u.i.k.p.i.AbstractProblemLoader Init config took 3.56s 
108613     INFO  main            d.u.i.k.p.i.AbstractProblemLoader Replaying proof ArrayList[List::get(int)].JML accessible clause.0 
108673     DEBUG main            d.u.i.k.p.i.IntermediateProofReplayer Proof replay took 56.21ms 
108675     DEBUG main            d.u.i.k.p.r.p.TestFile    ... success: reloaded. 
108676     INFO  main            d.u.i.k.p.r.p.TestFile    Now processing file /home/runner/work/key/key/key.core/../key.ui/examples/heap/list/ArrayList_get_exceptional.key 
108676     INFO  main            d.u.i.k.p.i.AbstractProblemLoader Loading environment from /home/runner/work/key/key/key.core/../key.ui/examples/heap/list/ArrayList_get_exceptional.key 
108677     DEBUG main            d.u.i.k.p.i.AbstractProblemLoader Environment load took 266.42ns 
108678     INFO  main            d.u.i.k.p.i.AbstractProblemLoader Creating init config 
109924     DEBUG main            d.u.i.k.j.r.ClassPreparationMethodBuilder clPrepBuilder: Inner Class detected. Reject building class initialisation methods. 
112345     DEBUG main            d.u.i.k.p.i.AbstractProblemLoader Init config took 3.67s 
112400     INFO  main            d.u.i.k.p.i.AbstractProblemLoader Replaying proof ArrayList[List::get(int)].JML exceptional_behavior operation contract.0 
112402     DEBUG main            d.u.i.k.p.i.IntermediateProofReplayer Proof replay took 6.2ns 
113714     INFO  main            d.u.i.k.p.r.p.TestFile    ... finished proof: closed. 
113959     INFO  main            d.u.i.k.p.i.AbstractProblemLoader Loading environment from /home/runner/work/key/key/key.core/../key.ui/examples/heap/list/ArrayList_get_exceptional.key.proof 
113960     DEBUG main            d.u.i.k.p.i.AbstractProblemLoader Environment load took 143.41ns 
113961     INFO  main            d.u.i.k.p.i.AbstractProblemLoader Creating init config 
115098     DEBUG main            d.u.i.k.j.r.ClassPreparationMethodBuilder clPrepBuilder: Inner Class detected. Reject building class initialisation methods. 
117627     DEBUG main            d.u.i.k.p.i.AbstractProblemLoader Init config took 3.67s 
117711     INFO  main            d.u.i.k.p.i.AbstractProblemLoader Replaying proof ArrayList[List::get(int)].JML exceptional_behavior operation contract.0 
117892     DEBUG main            d.u.i.k.p.i.IntermediateProofReplayer Proof replay took 172.05ms 
117894     DEBUG main            d.u.i.k.p.r.p.TestFile    ... success: reloaded. 
117896     INFO  main            d.u.i.k.p.r.p.TestFile    Now processing file /home/runner/work/key/key/key.core/../key.ui/examples/heap/list/ArrayList_get_normal.key 
117897     INFO  main            d.u.i.k.p.i.AbstractProblemLoader Loading environment from /home/runner/work/key/key/key.core/../key.ui/examples/heap/list/ArrayList_get_normal.key 
117897     DEBUG main            d.u.i.k.p.i.AbstractProblemLoader Environment load took 293.32ns 
117898     INFO  main            d.u.i.k.p.i.AbstractProblemLoader Creating init config 
119100     DEBUG main            d.u.i.k.j.r.ClassPreparationMethodBuilder clPrepBuilder: Inner Class detected. Reject building class initialisation methods. 
121575     DEBUG main            d.u.i.k.p.i.AbstractProblemLoader Init config took 3.68s 
121662     INFO  main            d.u.i.k.p.i.AbstractProblemLoader Replaying proof ArrayList[List::get(int)].JML normal_behavior operation contract.0 
121663     DEBUG main            d.u.i.k.p.i.IntermediateProofReplayer Proof replay took 6.4ns 
122168     INFO  main            d.u.i.k.p.r.p.TestFile    ... finished proof: closed. 
122417     INFO  main            d.u.i.k.p.i.AbstractProblemLoader Loading environment from /home/runner/work/key/key/key.core/../key.ui/examples/heap/list/ArrayList_get_normal.key.proof 
122418     DEBUG main            d.u.i.k.p.i.AbstractProblemLoader Environment load took 536.13ns 
122419     INFO  main            d.u.i.k.p.i.AbstractProblemLoader Creating init config 
123589     DEBUG main            d.u.i.k.j.r.ClassPreparationMethodBuilder clPrepBuilder: Inner Class detected. Reject building class initialisation methods. 
125961     DEBUG main            d.u.i.k.p.i.AbstractProblemLoader Init config took 3.54s 
126018     INFO  main            d.u.i.k.p.i.AbstractProblemLoader Replaying proof ArrayList[List::get(int)].JML normal_behavior operation contract.0 
126080     DEBUG main            d.u.i.k.p.i.IntermediateProofReplayer Proof replay took 57.89ms 
126081     DEBUG main            d.u.i.k.p.r.p.TestFile    ... success: reloaded. 
126082     INFO  main            d.u.i.k.p.r.p.TestFile    Now processing file /home/runner/work/key/key/key.core/../key.ui/examples/heap/list/ArrayList_inv.key 
126082     INFO  main            d.u.i.k.p.i.AbstractProblemLoader Loading environment from /home/runner/work/key/key/key.core/../key.ui/examples/heap/list/ArrayList_inv.key 
126083     DEBUG main            d.u.i.k.p.i.AbstractProblemLoader Environment load took 117.21ns 
126084     INFO  main            d.u.i.k.p.i.AbstractProblemLoader Creating init config 
127268     DEBUG main            d.u.i.k.j.r.ClassPreparationMethodBuilder clPrepBuilder: Inner Class detected. Reject building class initialisation methods. 
129799     DEBUG main            d.u.i.k.p.i.AbstractProblemLoader Init config took 3.72s 
129854     INFO  main            d.u.i.k.p.i.AbstractProblemLoader Replaying proof ArrayList[java.lang.Object::<inv>()].JML accessible clause.0 
129856     DEBUG main            d.u.i.k.p.i.IntermediateProofReplayer Proof replay took 6.9ns 
130359     INFO  main            d.u.i.k.p.r.p.TestFile    ... finished proof: closed. 
130625     INFO  main            d.u.i.k.p.i.AbstractProblemLoader Loading environment from /home/runner/work/key/key/key.core/../key.ui/examples/heap/list/ArrayList_inv.key.proof 
130625     DEBUG main            d.u.i.k.p.i.AbstractProblemLoader Environment load took 544.03ns 
130630     INFO  main            d.u.i.k.p.i.AbstractProblemLoader Creating init config 
131805     DEBUG main            d.u.i.k.j.r.ClassPreparationMethodBuilder clPrepBuilder: Inner Class detected. Reject building class initialisation methods. 
134221     DEBUG main            d.u.i.k.p.i.AbstractProblemLoader Init config took 3.59s 
134287     INFO  main            d.u.i.k.p.i.AbstractProblemLoader Replaying proof ArrayList[java.lang.Object::<inv>()].JML accessible clause.0 
134326     DEBUG main            d.u.i.k.p.i.IntermediateProofReplayer Proof replay took 34.93ms 
134327     DEBUG main            d.u.i.k.p.r.p.TestFile    ... success: reloaded. 
134329     INFO  main            d.u.i.k.p.r.p.TestFile    Now processing file /home/runner/work/key/key/key.core/../key.ui/examples/heap/list/ArrayList_iterator.key 
134330     INFO  main            d.u.i.k.p.i.AbstractProblemLoader Loading environment from /home/runner/work/key/key/key.core/../key.ui/examples/heap/list/ArrayList_iterator.key 
134330     DEBUG main            d.u.i.k.p.i.AbstractProblemLoader Environment load took 259.31ns 
134331     INFO  main            d.u.i.k.p.i.AbstractProblemLoader Creating init config 
135549     DEBUG main            d.u.i.k.j.r.ClassPreparationMethodBuilder clPrepBuilder: Inner Class detected. Reject building class initialisation methods. 
138122     DEBUG main            d.u.i.k.p.i.AbstractProblemLoader Init config took 3.79s 
138180     INFO  main            d.u.i.k.p.i.AbstractProblemLoader Replaying proof ArrayList[List::iterator()].JML normal_behavior operation contract.0 
138182     DEBUG main            d.u.i.k.p.i.IntermediateProofReplayer Proof replay took 7.5ns 
138785     INFO  main            d.u.i.k.p.r.p.TestFile    ... finished proof: closed. 
139025     INFO  main            d.u.i.k.p.i.AbstractProblemLoader Loading environment from /home/runner/work/key/key/key.core/../key.ui/examples/heap/list/ArrayList_iterator.key.proof 
139025     DEBUG main            d.u.i.k.p.i.AbstractProblemLoader Environment load took 610.34ns 
139027     INFO  main            d.u.i.k.p.i.AbstractProblemLoader Creating init config 
140183     DEBUG main            d.u.i.k.j.r.ClassPreparationMethodBuilder clPrepBuilder: Inner Class detected. Reject building class initialisation methods. 
142555     DEBUG main            d.u.i.k.p.i.AbstractProblemLoader Init config took 3.53s 
142620     INFO  main            d.u.i.k.p.i.AbstractProblemLoader Replaying proof ArrayList[List::iterator()].JML normal_behavior operation contract.0 
142691     DEBUG main            d.u.i.k.p.i.IntermediateProofReplayer Proof replay took 65.87ms 
142692     DEBUG main            d.u.i.k.p.r.p.TestFile    ... success: reloaded. 
142693     INFO  main            d.u.i.k.p.r.p.TestFile    Now processing file /home/runner/work/key/key/key.core/../key.ui/examples/heap/list/ArrayList_size_dep.key 
142693     INFO  main            d.u.i.k.p.i.AbstractProblemLoader Loading environment from /home/runner/work/key/key/key.core/../key.ui/examples/heap/list/ArrayList_size_dep.key 
142694     DEBUG main            d.u.i.k.p.i.AbstractProblemLoader Environment load took 137.41ns 
142695     INFO  main            d.u.i.k.p.i.AbstractProblemLoader Creating init config 
143925     DEBUG main            d.u.i.k.j.r.ClassPreparationMethodBuilder clPrepBuilder: Inner Class detected. Reject building class initialisation methods. 
146425     DEBUG main            d.u.i.k.p.i.AbstractProblemLoader Init config took 3.73s 
146480     INFO  main            d.u.i.k.p.i.AbstractProblemLoader Replaying proof ArrayList[List::size()].JML accessible clause.0 
146482     DEBUG main            d.u.i.k.p.i.IntermediateProofReplayer Proof replay took 5.9ns 
146684     INFO  main            d.u.i.k.p.r.p.TestFile    ... finished proof: closed. 
146982     INFO  main            d.u.i.k.p.i.AbstractProblemLoader Loading environment from /home/runner/work/key/key/key.core/../key.ui/examples/heap/list/ArrayList_size_dep.key.proof 
146982     DEBUG main            d.u.i.k.p.i.AbstractProblemLoader Environment load took 132.51ns 
146985     INFO  main            d.u.i.k.p.i.AbstractProblemLoader Creating init config 
148149     DEBUG main            d.u.i.k.j.r.ClassPreparationMethodBuilder clPrepBuilder: Inner Class detected. Reject building class initialisation methods. 
150606     DEBUG main            d.u.i.k.p.i.AbstractProblemLoader Init config took 3.62s 
150672     INFO  main            d.u.i.k.p.i.AbstractProblemLoader Replaying proof ArrayList[List::size()].JML accessible clause.0 
150692     DEBUG main            d.u.i.k.p.i.IntermediateProofReplayer Proof replay took 17.49ms 
150693     DEBUG main            d.u.i.k.p.r.p.TestFile    ... success: reloaded. 
150695     INFO  main            d.u.i.k.p.r.p.TestFile    Now processing file /home/runner/work/key/key/key.core/../key.ui/examples/heap/list/ArrayList_size.key 
150695     INFO  main            d.u.i.k.p.i.AbstractProblemLoader Loading environment from /home/runner/work/key/key/key.core/../key.ui/examples/heap/list/ArrayList_size.key 
150696     DEBUG main            d.u.i.k.p.i.AbstractProblemLoader Environment load took 270.72ns 
150697     INFO  main            d.u.i.k.p.i.AbstractProblemLoader Creating init config 
151853     DEBUG main            d.u.i.k.j.r.ClassPreparationMethodBuilder clPrepBuilder: Inner Class detected. Reject building class initialisation methods. 
154231     DEBUG main            d.u.i.k.p.i.AbstractProblemLoader Init config took 3.53s 
154285     INFO  main            d.u.i.k.p.i.AbstractProblemLoader Replaying proof ArrayList[List::size()].JML normal_behavior operation contract.0 
154286     DEBUG main            d.u.i.k.p.i.IntermediateProofReplayer Proof replay took 7.4ns 
154592     INFO  main            d.u.i.k.p.r.p.TestFile    ... finished proof: closed. 
154844     INFO  main            d.u.i.k.p.i.AbstractProblemLoader Loading environment from /home/runner/work/key/key/key.core/../key.ui/examples/heap/list/ArrayList_size.key.proof 
154844     DEBUG main            d.u.i.k.p.i.AbstractProblemLoader Environment load took 130.11ns 
154845     INFO  main            d.u.i.k.p.i.AbstractProblemLoader Creating init config 
156009     DEBUG main            d.u.i.k.j.r.ClassPreparationMethodBuilder clPrepBuilder: Inner Class detected. Reject building class initialisation methods. 
158407     DEBUG main            d.u.i.k.p.i.AbstractProblemLoader Init config took 3.56s 
158461     INFO  main            d.u.i.k.p.i.AbstractProblemLoader Replaying proof ArrayList[List::size()].JML normal_behavior operation contract.0 
158492     DEBUG main            d.u.i.k.p.i.IntermediateProofReplayer Proof replay took 27.82ms 
158493     DEBUG main            d.u.i.k.p.r.p.TestFile    ... success: reloaded. 
158494     INFO  main            d.u.i.k.p.r.p.TestFile    Now processing file /home/runner/work/key/key/key.core/../key.ui/examples/heap/list/ArrayList.ArrayListIterator_ArrayListIterator.key 
158494     INFO  main            d.u.i.k.p.i.AbstractProblemLoader Loading environment from /home/runner/work/key/key/key.core/../key.ui/examples/heap/list/ArrayList.ArrayListIterator_ArrayListIterator.key 
158494     DEBUG main            d.u.i.k.p.i.AbstractProblemLoader Environment load took 126.01ns 
158495     INFO  main            d.u.i.k.p.i.AbstractProblemLoader Creating init config 
159673     DEBUG main            d.u.i.k.j.r.ClassPreparationMethodBuilder clPrepBuilder: Inner Class detected. Reject building class initialisation methods. 
162146     DEBUG main            d.u.i.k.p.i.AbstractProblemLoader Init config took 3.65s 
162211     INFO  main            d.u.i.k.p.i.AbstractProblemLoader Replaying proof ArrayList.ArrayListIterator[ArrayList.ArrayListIterator::ArrayListIterator(ArrayList)].JML normal_behavior operation contract.0 
162213     DEBUG main            d.u.i.k.p.i.IntermediateProofReplayer Proof replay took 6.1ns 
162954     INFO  main            d.u.i.k.p.r.p.TestFile    ... finished proof: closed. 
163223     INFO  main            d.u.i.k.p.i.AbstractProblemLoader Loading environment from /home/runner/work/key/key/key.core/../key.ui/examples/heap/list/ArrayList.ArrayListIterator_ArrayListIterator.key.proof 
163223     DEBUG main            d.u.i.k.p.i.AbstractProblemLoader Environment load took 151.81ns 
163225     INFO  main            d.u.i.k.p.i.AbstractProblemLoader Creating init config 
164346     DEBUG main            d.u.i.k.j.r.ClassPreparationMethodBuilder clPrepBuilder: Inner Class detected. Reject building class initialisation methods. 
166839     DEBUG main            d.u.i.k.p.i.AbstractProblemLoader Init config took 3.61s 
166910     INFO  main            d.u.i.k.p.i.AbstractProblemLoader Replaying proof ArrayList.ArrayListIterator[ArrayList.ArrayListIterator::ArrayListIterator(ArrayList)].JML normal_behavior operation contract.0 
167002     DEBUG main            d.u.i.k.p.i.IntermediateProofReplayer Proof replay took 83.57ms 
167003     DEBUG main            d.u.i.k.p.r.p.TestFile    ... success: reloaded. 
167004     INFO  main            d.u.i.k.p.r.p.TestFile    Now processing file /home/runner/work/key/key/key.core/../key.ui/examples/heap/list/ArrayList.ArrayListIterator_hasNext_dep.key 
167004     INFO  main            d.u.i.k.p.i.AbstractProblemLoader Loading environment from /home/runner/work/key/key/key.core/../key.ui/examples/heap/list/ArrayList.ArrayListIterator_hasNext_dep.key 
167005     DEBUG main            d.u.i.k.p.i.AbstractProblemLoader Environment load took 115.51ns 
167014     INFO  main            d.u.i.k.p.i.AbstractProblemLoader Creating init config 
168216     DEBUG main            d.u.i.k.j.r.ClassPreparationMethodBuilder clPrepBuilder: Inner Class detected. Reject building class initialisation methods. 
170649     DEBUG main            d.u.i.k.p.i.AbstractProblemLoader Init config took 3.64s 
170709     INFO  main            d.u.i.k.p.i.AbstractProblemLoader Replaying proof ArrayList.ArrayListIterator[ListIterator::hasNext()].JML accessible clause.0 
170712     DEBUG main            d.u.i.k.p.i.IntermediateProofReplayer Proof replay took 6.8ns 
171117     INFO  main            d.u.i.k.p.r.p.TestFile    ... finished proof: closed. 
171413     INFO  main            d.u.i.k.p.i.AbstractProblemLoader Loading environment from /home/runner/work/key/key/key.core/../key.ui/examples/heap/list/ArrayList.ArrayListIterator_hasNext_dep.key.proof 
171414     DEBUG main            d.u.i.k.p.i.AbstractProblemLoader Environment load took 161.51ns 
171415     INFO  main            d.u.i.k.p.i.AbstractProblemLoader Creating init config 
172571     DEBUG main            d.u.i.k.j.r.ClassPreparationMethodBuilder clPrepBuilder: Inner Class detected. Reject building class initialisation methods. 
175131     DEBUG main            d.u.i.k.p.i.AbstractProblemLoader Init config took 3.72s 
175199     INFO  main            d.u.i.k.p.i.AbstractProblemLoader Replaying proof ArrayList.ArrayListIterator[ListIterator::hasNext()].JML accessible clause.0 
175246     DEBUG main            d.u.i.k.p.i.IntermediateProofReplayer Proof replay took 40.05ms 
175247     DEBUG main            d.u.i.k.p.r.p.TestFile    ... success: reloaded. 
175249     INFO  main            d.u.i.k.p.r.p.TestFile    Now processing file /home/runner/work/key/key/key.core/../key.ui/examples/heap/list/ArrayList.ArrayListIterator_hasNext.key 
175249     INFO  main            d.u.i.k.p.i.AbstractProblemLoader Loading environment from /home/runner/work/key/key/key.core/../key.ui/examples/heap/list/ArrayList.ArrayListIterator_hasNext.key 
175250     DEBUG main            d.u.i.k.p.i.AbstractProblemLoader Environment load took 286.43ns 
175251     INFO  main            d.u.i.k.p.i.AbstractProblemLoader Creating init config 
176458     DEBUG main            d.u.i.k.j.r.ClassPreparationMethodBuilder clPrepBuilder: Inner Class detected. Reject building class initialisation methods. 
178937     DEBUG main            d.u.i.k.p.i.AbstractProblemLoader Init config took 3.69s 
179000     INFO  main            d.u.i.k.p.i.AbstractProblemLoader Replaying proof ArrayList.ArrayListIterator[ListIterator::hasNext()].JML normal_behavior operation contract.0 
179002     DEBUG main            d.u.i.k.p.i.IntermediateProofReplayer Proof replay took 6.2ns 
179405     INFO  main            d.u.i.k.p.r.p.TestFile    ... finished proof: closed. 
179712     INFO  main            d.u.i.k.p.i.AbstractProblemLoader Loading environment from /home/runner/work/key/key/key.core/../key.ui/examples/heap/list/ArrayList.ArrayListIterator_hasNext.key.proof 
179712     DEBUG main            d.u.i.k.p.i.AbstractProblemLoader Environment load took 126.33ns 
179715     INFO  main            d.u.i.k.p.i.AbstractProblemLoader Creating init config 
180882     DEBUG main            d.u.i.k.j.r.ClassPreparationMethodBuilder clPrepBuilder: Inner Class detected. Reject building class initialisation methods. 
183348     DEBUG main            d.u.i.k.p.i.AbstractProblemLoader Init config took 3.63s 
183412     INFO  main            d.u.i.k.p.i.AbstractProblemLoader Replaying proof ArrayList.ArrayListIterator[ListIterator::hasNext()].JML normal_behavior operation contract.0 
183477     DEBUG main            d.u.i.k.p.i.IntermediateProofReplayer Proof replay took 61.08ms 
183478     DEBUG main            d.u.i.k.p.r.p.TestFile    ... success: reloaded. 
183481     INFO  main            d.u.i.k.p.r.p.TestFile    Now processing file /home/runner/work/key/key/key.core/../key.ui/examples/heap/list/ArrayList.ArrayListIterator_inv.key 
183481     INFO  main            d.u.i.k.p.i.AbstractProblemLoader Loading environment from /home/runner/work/key/key/key.core/../key.ui/examples/heap/list/ArrayList.ArrayListIterator_inv.key 
183481     DEBUG main            d.u.i.k.p.i.AbstractProblemLoader Environment load took 148.71ns 
183483     INFO  main            d.u.i.k.p.i.AbstractProblemLoader Creating init config 
184683     DEBUG main            d.u.i.k.j.r.ClassPreparationMethodBuilder clPrepBuilder: Inner Class detected. Reject building class initialisation methods. 
187205     DEBUG main            d.u.i.k.p.i.AbstractProblemLoader Init config took 3.72s 
187266     INFO  main            d.u.i.k.p.i.AbstractProblemLoader Replaying proof ArrayList.ArrayListIterator[java.lang.Object::<inv>()].JML accessible clause.0 
187268     DEBUG main            d.u.i.k.p.i.IntermediateProofReplayer Proof replay took 6.9ns 
188473     INFO  main            d.u.i.k.p.r.p.TestFile    ... finished proof: closed. 
188775     INFO  main            d.u.i.k.p.i.AbstractProblemLoader Loading environment from /home/runner/work/key/key/key.core/../key.ui/examples/heap/list/ArrayList.ArrayListIterator_inv.key.proof 
188775     DEBUG main            d.u.i.k.p.i.AbstractProblemLoader Environment load took 233.33ns 
188777     INFO  main            d.u.i.k.p.i.AbstractProblemLoader Creating init config 
189925     DEBUG main            d.u.i.k.j.r.ClassPreparationMethodBuilder clPrepBuilder: Inner Class detected. Reject building class initialisation methods. 
192315     DEBUG main            d.u.i.k.p.i.AbstractProblemLoader Init config took 3.54s 
192390     INFO  main            d.u.i.k.p.i.AbstractProblemLoader Replaying proof ArrayList.ArrayListIterator[java.lang.Object::<inv>()].JML accessible clause.0 
192473     DEBUG main            d.u.i.k.p.i.IntermediateProofReplayer Proof replay took 75.14ms 
192475     DEBUG main            d.u.i.k.p.r.p.TestFile    ... success: reloaded. 
192476     INFO  main            d.u.i.k.p.r.p.TestFile    Now processing file /home/runner/work/key/key/key.core/../key.ui/examples/heap/list/ArrayList.ArrayListIterator_list.key 
192476     INFO  main            d.u.i.k.p.i.AbstractProblemLoader Loading environment from /home/runner/work/key/key/key.core/../key.ui/examples/heap/list/ArrayList.ArrayListIterator_list.key 
192476     DEBUG main            d.u.i.k.p.i.AbstractProblemLoader Environment load took 259.42ns 
192479     INFO  main            d.u.i.k.p.i.AbstractProblemLoader Creating init config 
193628     DEBUG main            d.u.i.k.j.r.ClassPreparationMethodBuilder clPrepBuilder: Inner Class detected. Reject building class initialisation methods. 
196068     DEBUG main            d.u.i.k.p.i.AbstractProblemLoader Init config took 3.59s 
196120     INFO  main            d.u.i.k.p.i.AbstractProblemLoader Replaying proof ListIterator[ListIterator::$list()].JML accessible clause.0 
196123     DEBUG main            d.u.i.k.p.i.IntermediateProofReplayer Proof replay took 7.4ns 
196224     INFO  main            d.u.i.k.p.r.p.TestFile    ... finished proof: closed. 
196529     INFO  main            d.u.i.k.p.i.AbstractProblemLoader Loading environment from /home/runner/work/key/key/key.core/../key.ui/examples/heap/list/ArrayList.ArrayListIterator_list.key.proof 
196530     DEBUG main            d.u.i.k.p.i.AbstractProblemLoader Environment load took 122.02ns 
196531     INFO  main            d.u.i.k.p.i.AbstractProblemLoader Creating init config 
197711     DEBUG main            d.u.i.k.j.r.ClassPreparationMethodBuilder clPrepBuilder: Inner Class detected. Reject building class initialisation methods. 
200135     DEBUG main            d.u.i.k.p.i.AbstractProblemLoader Init config took 3.6s 
200183     INFO  main            d.u.i.k.p.i.AbstractProblemLoader Replaying proof ListIterator[ListIterator::$list()].JML accessible clause.0 
200186     DEBUG main            d.u.i.k.p.i.IntermediateProofReplayer Proof replay took 919.28ns 
200186     DEBUG main            d.u.i.k.p.r.p.TestFile    ... success: reloaded. 
200187     INFO  main            d.u.i.k.p.r.p.TestFile    Now processing file /home/runner/work/key/key/key.core/../key.ui/examples/heap/list/ArrayList.ArrayListIterator_next_exceptional.key 
200188     INFO  main            d.u.i.k.p.i.AbstractProblemLoader Loading environment from /home/runner/work/key/key/key.core/../key.ui/examples/heap/list/ArrayList.ArrayListIterator_next_exceptional.key 
200188     DEBUG main            d.u.i.k.p.i.AbstractProblemLoader Environment load took 69.01ns 
200189     INFO  main            d.u.i.k.p.i.AbstractProblemLoader Creating init config 
201340     DEBUG main            d.u.i.k.j.r.ClassPreparationMethodBuilder clPrepBuilder: Inner Class detected. Reject building class initialisation methods. 
203694     DEBUG main            d.u.i.k.p.i.AbstractProblemLoader Init config took 3.51s 
203754     INFO  main            d.u.i.k.p.i.AbstractProblemLoader Replaying proof ArrayList.ArrayListIterator[ListIterator::next()].JML exceptional_behavior operation contract.0 
203756     DEBUG main            d.u.i.k.p.i.IntermediateProofReplayer Proof replay took 7.8ns 
204763     INFO  main            d.u.i.k.p.r.p.TestFile    ... finished proof: closed. 
205093     INFO  main            d.u.i.k.p.i.AbstractProblemLoader Loading environment from /home/runner/work/key/key/key.core/../key.ui/examples/heap/list/ArrayList.ArrayListIterator_next_exceptional.key.proof 
205094     DEBUG main            d.u.i.k.p.i.AbstractProblemLoader Environment load took 636.06ns 
205096     INFO  main            d.u.i.k.p.i.AbstractProblemLoader Creating init config 
206266     DEBUG main            d.u.i.k.j.r.ClassPreparationMethodBuilder clPrepBuilder: Inner Class detected. Reject building class initialisation methods. 
208698     DEBUG main            d.u.i.k.p.i.AbstractProblemLoader Init config took 3.6s 
208764     INFO  main            d.u.i.k.p.i.AbstractProblemLoader Replaying proof ArrayList.ArrayListIterator[ListIterator::next()].JML exceptional_behavior operation contract.0 
208873     DEBUG main            d.u.i.k.p.i.IntermediateProofReplayer Proof replay took 103.49ms 
208874     DEBUG main            d.u.i.k.p.r.p.TestFile    ... success: reloaded. 
208876     INFO  main            d.u.i.k.p.r.p.TestFile    Now processing file /home/runner/work/key/key/key.core/../key.ui/examples/heap/list/ArrayList.ArrayListIterator_next_normal.key 
208876     INFO  main            d.u.i.k.p.i.AbstractProblemLoader Loading environment from /home/runner/work/key/key/key.core/../key.ui/examples/heap/list/ArrayList.ArrayListIterator_next_normal.key 
208876     DEBUG main            d.u.i.k.p.i.AbstractProblemLoader Environment load took 128.61ns 
208877     INFO  main            d.u.i.k.p.i.AbstractProblemLoader Creating init config 
210102     DEBUG main            d.u.i.k.j.r.ClassPreparationMethodBuilder clPrepBuilder: Inner Class detected. Reject building class initialisation methods. 
212650     DEBUG main            d.u.i.k.p.i.AbstractProblemLoader Init config took 3.77s 
212726     INFO  main            d.u.i.k.p.i.AbstractProblemLoader Replaying proof ArrayList.ArrayListIterator[ListIterator::next()].JML normal_behavior operation contract.0 
212727     DEBUG main            d.u.i.k.p.i.IntermediateProofReplayer Proof replay took 6.7ns 
213736     INFO  main            d.u.i.k.p.r.p.TestFile    ... finished proof: closed. 
214087     INFO  main            d.u.i.k.p.i.AbstractProblemLoader Loading environment from /home/runner/work/key/key/key.core/../key.ui/examples/heap/list/ArrayList.ArrayListIterator_next_normal.key.proof 
214087     DEBUG main            d.u.i.k.p.i.AbstractProblemLoader Environment load took 148.51ns 
214088     INFO  main            d.u.i.k.p.i.AbstractProblemLoader Creating init config 
215244     DEBUG main            d.u.i.k.j.r.ClassPreparationMethodBuilder clPrepBuilder: Inner Class detected. Reject building class initialisation methods. 
217624     DEBUG main            d.u.i.k.p.i.AbstractProblemLoader Init config took 3.54s 
217703     INFO  main            d.u.i.k.p.i.AbstractProblemLoader Replaying proof ArrayList.ArrayListIterator[ListIterator::next()].JML normal_behavior operation contract.0 
217821     DEBUG main            d.u.i.k.p.i.IntermediateProofReplayer Proof replay took 111.04ms 
217822     DEBUG main            d.u.i.k.p.r.p.TestFile    ... success: reloaded. 
217823     INFO  main            d.u.i.k.p.r.p.TestFile    Now processing file /home/runner/work/key/key/key.core/../key.ui/examples/heap/list/ArrayList.ArrayListIterator_pos.key 
217824     INFO  main            d.u.i.k.p.i.AbstractProblemLoader Loading environment from /home/runner/work/key/key/key.core/../key.ui/examples/heap/list/ArrayList.ArrayListIterator_pos.key 
217824     DEBUG main            d.u.i.k.p.i.AbstractProblemLoader Environment load took 111.91ns 
217825     INFO  main            d.u.i.k.p.i.AbstractProblemLoader Creating init config 
218982     DEBUG main            d.u.i.k.j.r.ClassPreparationMethodBuilder clPrepBuilder: Inner Class detected. Reject building class initialisation methods. 
221386     DEBUG main            d.u.i.k.p.i.AbstractProblemLoader Init config took 3.56s 
221432     INFO  main            d.u.i.k.p.i.AbstractProblemLoader Replaying proof ListIterator[ListIterator::$pos()].JML accessible clause.0 
221434     DEBUG main            d.u.i.k.p.i.IntermediateProofReplayer Proof replay took 6.7ns 
221540     INFO  main            d.u.i.k.p.r.p.TestFile    ... finished proof: closed. 
221864     INFO  main            d.u.i.k.p.i.AbstractProblemLoader Loading environment from /home/runner/work/key/key/key.core/../key.ui/examples/heap/list/ArrayList.ArrayListIterator_pos.key.proof 
221864     DEBUG main            d.u.i.k.p.i.AbstractProblemLoader Environment load took 123.51ns 
221865     INFO  main            d.u.i.k.p.i.AbstractProblemLoader Creating init config 
222984     DEBUG main            d.u.i.k.j.r.ClassPreparationMethodBuilder clPrepBuilder: Inner Class detected. Reject building class initialisation methods. 
225297     DEBUG main            d.u.i.k.p.i.AbstractProblemLoader Init config took 3.43s 
225342     INFO  main            d.u.i.k.p.i.AbstractProblemLoader Replaying proof ListIterator[ListIterator::$pos()].JML accessible clause.0 
225344     DEBUG main            d.u.i.k.p.i.IntermediateProofReplayer Proof replay took 840.97ns 
225345     DEBUG main            d.u.i.k.p.r.p.TestFile    ... success: reloaded. 
225346     INFO  main            d.u.i.k.p.r.p.TestFile    Now processing file /home/runner/work/key/key/key.core/../key.ui/examples/heap/list/Client_m.key 
225347     INFO  main            d.u.i.k.p.i.AbstractProblemLoader Loading environment from /home/runner/work/key/key/key.core/../key.ui/examples/heap/list/Client_m.key 
225347     DEBUG main            d.u.i.k.p.i.AbstractProblemLoader Environment load took 123.61ns 
225348     INFO  main            d.u.i.k.p.i.AbstractProblemLoader Creating init config 
226525     DEBUG main            d.u.i.k.j.r.ClassPreparationMethodBuilder clPrepBuilder: Inner Class detected. Reject building class initialisation methods. 
228878     DEBUG main            d.u.i.k.p.i.AbstractProblemLoader Init config took 3.53s 
228947     INFO  main            d.u.i.k.p.i.AbstractProblemLoader Replaying proof Client[Client::m(List)].JML normal_behavior operation contract.0 
228948     DEBUG main            d.u.i.k.p.i.IntermediateProofReplayer Proof replay took 6.4ns 
229253     INFO  main            d.u.i.k.p.r.p.TestFile    ... finished proof: closed. 
229603     INFO  main            d.u.i.k.p.i.AbstractProblemLoader Loading environment from /home/runner/work/key/key/key.core/../key.ui/examples/heap/list/Client_m.key.proof 
229603     DEBUG main            d.u.i.k.p.i.AbstractProblemLoader Environment load took 127.41ns 
229605     INFO  main            d.u.i.k.p.i.AbstractProblemLoader Creating init config 
230787     DEBUG main            d.u.i.k.j.r.ClassPreparationMethodBuilder clPrepBuilder: Inner Class detected. Reject building class initialisation methods. 
233104     DEBUG main            d.u.i.k.p.i.AbstractProblemLoader Init config took 3.5s 
233153     INFO  main            d.u.i.k.p.i.AbstractProblemLoader Replaying proof Client[Client::m(List)].JML normal_behavior operation contract.0 
233215     DEBUG main            d.u.i.k.p.i.IntermediateProofReplayer Proof replay took 58.92ms 
233217     DEBUG main            d.u.i.k.p.r.p.TestFile    ... success: reloaded. 
233218     INFO  main            d.u.i.k.p.r.p.TestFile    Now processing file /home/runner/work/key/key/key.core/../key.ui/examples/heap/list/Client_n.key 
233219     INFO  main            d.u.i.k.p.i.AbstractProblemLoader Loading environment from /home/runner/work/key/key/key.core/../key.ui/examples/heap/list/Client_n.key 
233219     DEBUG main            d.u.i.k.p.i.AbstractProblemLoader Environment load took 133.21ns 
233220     INFO  main            d.u.i.k.p.i.AbstractProblemLoader Creating init config 
234406     DEBUG main            d.u.i.k.j.r.ClassPreparationMethodBuilder clPrepBuilder: Inner Class detected. Reject building class initialisation methods. 
236932     DEBUG main            d.u.i.k.p.i.AbstractProblemLoader Init config took 3.71s 
236980     INFO  main            d.u.i.k.p.i.AbstractProblemLoader Replaying proof Client[Client::n(List)].JML normal_behavior operation contract.0 
236982     DEBUG main            d.u.i.k.p.i.IntermediateProofReplayer Proof replay took 6.7ns 
237084     INFO  main            d.u.i.k.p.r.p.TestFile    ... finished proof: closed. 
237426     INFO  main            d.u.i.k.p.i.AbstractProblemLoader Loading environment from /home/runner/work/key/key/key.core/../key.ui/examples/heap/list/Client_n.key.proof 
237426     DEBUG main            d.u.i.k.p.i.AbstractProblemLoader Environment load took 137.41ns 
237427     INFO  main            d.u.i.k.p.i.AbstractProblemLoader Creating init config 
238584     DEBUG main            d.u.i.k.j.r.ClassPreparationMethodBuilder clPrepBuilder: Inner Class detected. Reject building class initialisation methods. 
240980     DEBUG main            d.u.i.k.p.i.AbstractProblemLoader Init config took 3.55s 
241028     INFO  main            d.u.i.k.p.i.AbstractProblemLoader Replaying proof Client[Client::n(List)].JML normal_behavior operation contract.0 
241048     DEBUG main            d.u.i.k.p.i.IntermediateProofReplayer Proof replay took 17.65ms 
241049     DEBUG main            d.u.i.k.p.r.p.TestFile    ... success: reloaded. 
241050     INFO  main            d.u.i.k.p.r.p.TestFile    Now processing file /home/runner/work/key/key/key.core/../key.ui/examples/heap/list/LinkedList_get_exceptional.key 
241050     INFO  main            d.u.i.k.p.i.AbstractProblemLoader Loading environment from /home/runner/work/key/key/key.core/../key.ui/examples/heap/list/LinkedList_get_exceptional.key 
241050     DEBUG main            d.u.i.k.p.i.AbstractProblemLoader Environment load took 101.61ns 
241051     INFO  main            d.u.i.k.p.i.AbstractProblemLoader Creating init config 
242259     DEBUG main            d.u.i.k.j.r.ClassPreparationMethodBuilder clPrepBuilder: Inner Class detected. Reject building class initialisation methods. 
244741     DEBUG main            d.u.i.k.p.i.AbstractProblemLoader Init config took 3.69s 
244797     INFO  main            d.u.i.k.p.i.AbstractProblemLoader Replaying proof LinkedList[List::get(int)].JML exceptional_behavior operation contract.0 
244798     DEBUG main            d.u.i.k.p.i.IntermediateProofReplayer Proof replay took 7.3ns 
247210     INFO  main            d.u.i.k.p.r.p.TestFile    ... finished proof: closed. 
247595     INFO  main            d.u.i.k.p.i.AbstractProblemLoader Loading environment from /home/runner/work/key/key/key.core/../key.ui/examples/heap/list/LinkedList_get_exceptional.key.proof 
247595     DEBUG main            d.u.i.k.p.i.AbstractProblemLoader Environment load took 121.21ns 
247596     INFO  main            d.u.i.k.p.i.AbstractProblemLoader Creating init config 
248728     DEBUG main            d.u.i.k.j.r.ClassPreparationMethodBuilder clPrepBuilder: Inner Class detected. Reject building class initialisation methods. 
251064     DEBUG main            d.u.i.k.p.i.AbstractProblemLoader Init config took 3.47s 
251130     INFO  main            d.u.i.k.p.i.AbstractProblemLoader Replaying proof LinkedList[List::get(int)].JML exceptional_behavior operation contract.0 
251365     DEBUG main            d.u.i.k.p.i.IntermediateProofReplayer Proof replay took 224.57ms 
251367     DEBUG main            d.u.i.k.p.r.p.TestFile    ... success: reloaded. 
251368     INFO  main            d.u.i.k.p.r.p.TestFile    Now processing file /home/runner/work/key/key/key.core/../key.ui/examples/heap/list/LinkedList_get_normal.key 
251368     INFO  main            d.u.i.k.p.i.AbstractProblemLoader Loading environment from /home/runner/work/key/key/key.core/../key.ui/examples/heap/list/LinkedList_get_normal.key 
251369     DEBUG main            d.u.i.k.p.i.AbstractProblemLoader Environment load took 241.82ns 
251370     INFO  main            d.u.i.k.p.i.AbstractProblemLoader Creating init config 
252528     DEBUG main            d.u.i.k.j.r.ClassPreparationMethodBuilder clPrepBuilder: Inner Class detected. Reject building class initialisation methods. 
254882     DEBUG main            d.u.i.k.p.i.AbstractProblemLoader Init config took 3.51s 
254934     INFO  main            d.u.i.k.p.i.AbstractProblemLoader Replaying proof LinkedList[List::get(int)].JML normal_behavior operation contract.0 
254936     DEBUG main            d.u.i.k.p.i.IntermediateProofReplayer Proof replay took 6.6ns 
261866     INFO  main            d.u.i.k.p.r.p.TestFile    ... finished proof: closed. 
262347     INFO  main            d.u.i.k.p.i.AbstractProblemLoader Loading environment from /home/runner/work/key/key/key.core/../key.ui/examples/heap/list/LinkedList_get_normal.key.proof 
262348     DEBUG main            d.u.i.k.p.i.AbstractProblemLoader Environment load took 519.34ns 
262351     INFO  main            d.u.i.k.p.i.AbstractProblemLoader Creating init config 
263470     DEBUG main            d.u.i.k.j.r.ClassPreparationMethodBuilder clPrepBuilder: Inner Class detected. Reject building class initialisation methods. 
265855     DEBUG main            d.u.i.k.p.i.AbstractProblemLoader Init config took 3.5s 
265912     INFO  main            d.u.i.k.p.i.AbstractProblemLoader Replaying proof LinkedList[List::get(int)].JML normal_behavior operation contract.0 
266390     DEBUG main            d.u.i.k.p.i.IntermediateProofReplayer Proof replay took 442.98ms 
266392     DEBUG main            d.u.i.k.p.r.p.TestFile    ... success: reloaded. 
266393     INFO  main            d.u.i.k.p.r.p.TestFile    Now processing file /home/runner/work/key/key/key.core/../key.ui/examples/heap/list/LinkedList_LinkedList.key 
266394     INFO  main            d.u.i.k.p.i.AbstractProblemLoader Loading environment from /home/runner/work/key/key/key.core/../key.ui/examples/heap/list/LinkedList_LinkedList.key 
266394     DEBUG main            d.u.i.k.p.i.AbstractProblemLoader Environment load took 199.82ns 
266395     INFO  main            d.u.i.k.p.i.AbstractProblemLoader Creating init config 
267579     DEBUG main            d.u.i.k.j.r.ClassPreparationMethodBuilder clPrepBuilder: Inner Class detected. Reject building class initialisation methods. 
270012     DEBUG main            d.u.i.k.p.i.AbstractProblemLoader Init config took 3.62s 
270063     INFO  main            d.u.i.k.p.i.AbstractProblemLoader Replaying proof LinkedList[LinkedList::LinkedList()].JML normal_behavior operation contract.0 
270065     DEBUG main            d.u.i.k.p.i.IntermediateProofReplayer Proof replay took 7.5ns 
270570     INFO  main            d.u.i.k.p.r.p.TestFile    ... finished proof: closed. 
270950     INFO  main            d.u.i.k.p.i.AbstractProblemLoader Loading environment from /home/runner/work/key/key/key.core/../key.ui/examples/heap/list/LinkedList_LinkedList.key.proof 
270950     DEBUG main            d.u.i.k.p.i.AbstractProblemLoader Environment load took 124.21ns 
270951     INFO  main            d.u.i.k.p.i.AbstractProblemLoader Creating init config 
272075     DEBUG main            d.u.i.k.j.r.ClassPreparationMethodBuilder clPrepBuilder: Inner Class detected. Reject building class initialisation methods. 
274470     DEBUG main            d.u.i.k.p.i.AbstractProblemLoader Init config took 3.52s 
274525     INFO  main            d.u.i.k.p.i.AbstractProblemLoader Replaying proof LinkedList[LinkedList::LinkedList()].JML normal_behavior operation contract.0 
274603     DEBUG main            d.u.i.k.p.i.IntermediateProofReplayer Proof replay took 73.78ms 
274604     DEBUG main            d.u.i.k.p.r.p.TestFile    ... success: reloaded. 
274605     INFO  main            d.u.i.k.p.r.p.TestFile    Now processing file /home/runner/work/key/key/key.core/../key.ui/examples/heap/list/LinkedList_size_dep.key 
274606     INFO  main            d.u.i.k.p.i.AbstractProblemLoader Loading environment from /home/runner/work/key/key/key.core/../key.ui/examples/heap/list/LinkedList_size_dep.key 
274606     DEBUG main            d.u.i.k.p.i.AbstractProblemLoader Environment load took 86.31ns 
274607     INFO  main            d.u.i.k.p.i.AbstractProblemLoader Creating init config 
275772     DEBUG main            d.u.i.k.j.r.ClassPreparationMethodBuilder clPrepBuilder: Inner Class detected. Reject building class initialisation methods. 
278180     DEBUG main            d.u.i.k.p.i.AbstractProblemLoader Init config took 3.57s 
278243     INFO  main            d.u.i.k.p.i.AbstractProblemLoader Replaying proof LinkedList[List::size()].JML accessible clause.0 
278244     DEBUG main            d.u.i.k.p.i.IntermediateProofReplayer Proof replay took 8ns 
278871     INFO  main            d.u.i.k.p.r.p.TestFile    ... finished proof: closed. 
279242     INFO  main            d.u.i.k.p.i.AbstractProblemLoader Loading environment from /home/runner/work/key/key/key.core/../key.ui/examples/heap/list/LinkedList_size_dep.key.proof 
279242     DEBUG main            d.u.i.k.p.i.AbstractProblemLoader Environment load took 116.61ns 
279243     INFO  main            d.u.i.k.p.i.AbstractProblemLoader Creating init config 
280394     DEBUG main            d.u.i.k.j.r.ClassPreparationMethodBuilder clPrepBuilder: Inner Class detected. Reject building class initialisation methods. 
282786     DEBUG main            d.u.i.k.p.i.AbstractProblemLoader Init config took 3.54s 
282838     INFO  main            d.u.i.k.p.i.AbstractProblemLoader Replaying proof LinkedList[List::size()].JML accessible clause.0 
282876     DEBUG main            d.u.i.k.p.i.IntermediateProofReplayer Proof replay took 34.8ms 
282877     DEBUG main            d.u.i.k.p.r.p.TestFile    ... success: reloaded. 
282878     INFO  main            d.u.i.k.p.r.p.TestFile    Now processing file /home/runner/work/key/key/key.core/../key.ui/examples/heap/list/LinkedList_size.key 
282879     INFO  main            d.u.i.k.p.i.AbstractProblemLoader Loading environment from /home/runner/work/key/key/key.core/../key.ui/examples/heap/list/LinkedList_size.key 
282879     DEBUG main            d.u.i.k.p.i.AbstractProblemLoader Environment load took 100.91ns 
282880     INFO  main            d.u.i.k.p.i.AbstractProblemLoader Creating init config 
284052     DEBUG main            d.u.i.k.j.r.ClassPreparationMethodBuilder clPrepBuilder: Inner Class detected. Reject building class initialisation methods. 
286449     DEBUG main            d.u.i.k.p.i.AbstractProblemLoader Init config took 3.57s 
286502     INFO  main            d.u.i.k.p.i.AbstractProblemLoader Replaying proof LinkedList[List::size()].JML normal_behavior operation contract.0 
286504     DEBUG main            d.u.i.k.p.i.IntermediateProofReplayer Proof replay took 7.4ns 
287107     INFO  main            d.u.i.k.p.r.p.TestFile    ... finished proof: closed. 
287477     INFO  main            d.u.i.k.p.i.AbstractProblemLoader Loading environment from /home/runner/work/key/key/key.core/../key.ui/examples/heap/list/LinkedList_size.key.proof 
287477     DEBUG main            d.u.i.k.p.i.AbstractProblemLoader Environment load took 113.11ns 
287478     INFO  main            d.u.i.k.p.i.AbstractProblemLoader Creating init config 
288596     DEBUG main            d.u.i.k.j.r.ClassPreparationMethodBuilder clPrepBuilder: Inner Class detected. Reject building class initialisation methods. 
290939     DEBUG main            d.u.i.k.p.i.AbstractProblemLoader Init config took 3.46s 
290990     INFO  main            d.u.i.k.p.i.AbstractProblemLoader Replaying proof LinkedList[List::size()].JML normal_behavior operation contract.0 
291043     DEBUG main            d.u.i.k.p.i.IntermediateProofReplayer Proof replay took 49.63ms 
291044     DEBUG main            d.u.i.k.p.r.p.TestFile    ... success: reloaded. 
291045     INFO  main            d.u.i.k.p.r.p.TestFile    Now processing file /home/runner/work/key/key/key.core/../key.ui/examples/heap/list/MySet_footprint.key 
291045     INFO  main            d.u.i.k.p.i.AbstractProblemLoader Loading environment from /home/runner/work/key/key/key.core/../key.ui/examples/heap/list/MySet_footprint.key 
291045     DEBUG main            d.u.i.k.p.i.AbstractProblemLoader Environment load took 61.8ns 
291046     INFO  main            d.u.i.k.p.i.AbstractProblemLoader Creating init config 
292192     DEBUG main            d.u.i.k.j.r.ClassPreparationMethodBuilder clPrepBuilder: Inner Class detected. Reject building class initialisation methods. 
294605     DEBUG main            d.u.i.k.p.i.AbstractProblemLoader Init config took 3.56s 
294669     INFO  main            d.u.i.k.p.i.AbstractProblemLoader Replaying proof MySet[MySet::$footprint()].JML accessible clause.0 
294670     DEBUG main            d.u.i.k.p.i.IntermediateProofReplayer Proof replay took 30.4ns 
294973     INFO  main            d.u.i.k.p.r.p.TestFile    ... finished proof: closed. 
295358     INFO  main            d.u.i.k.p.i.AbstractProblemLoader Loading environment from /home/runner/work/key/key/key.core/../key.ui/examples/heap/list/MySet_footprint.key.proof 
295358     DEBUG main            d.u.i.k.p.i.AbstractProblemLoader Environment load took 121.51ns 
295359     INFO  main            d.u.i.k.p.i.AbstractProblemLoader Creating init config 
296483     DEBUG main            d.u.i.k.j.r.ClassPreparationMethodBuilder clPrepBuilder: Inner Class detected. Reject building class initialisation methods. 
298829     DEBUG main            d.u.i.k.p.i.AbstractProblemLoader Init config took 3.47s 
298897     INFO  main            d.u.i.k.p.i.AbstractProblemLoader Replaying proof MySet[MySet::$footprint()].JML accessible clause.0 
298922     DEBUG main            d.u.i.k.p.i.IntermediateProofReplayer Proof replay took 21.95ms 
298923     DEBUG main            d.u.i.k.p.r.p.TestFile    ... success: reloaded. 
298924     INFO  main            d.u.i.k.p.r.p.TestFile    Now processing file /home/runner/work/key/key/key.core/../key.ui/examples/heap/list/MySet_MySet.key 
298925     INFO  main            d.u.i.k.p.i.AbstractProblemLoader Loading environment from /home/runner/work/key/key/key.core/../key.ui/examples/heap/list/MySet_MySet.key 
298925     DEBUG main            d.u.i.k.p.i.AbstractProblemLoader Environment load took 115.31ns 
298926     INFO  main            d.u.i.k.p.i.AbstractProblemLoader Creating init config 
300108     DEBUG main            d.u.i.k.j.r.ClassPreparationMethodBuilder clPrepBuilder: Inner Class detected. Reject building class initialisation methods. 
302521     DEBUG main            d.u.i.k.p.i.AbstractProblemLoader Init config took 3.6s 
302577     INFO  main            d.u.i.k.p.i.AbstractProblemLoader Replaying proof MySet[MySet::MySet()].JML normal_behavior operation contract.0 
302578     DEBUG main            d.u.i.k.p.i.IntermediateProofReplayer Proof replay took 8.1ns 
305393     INFO  main            d.u.i.k.p.r.p.TestFile    ... finished proof: closed. 
305801     INFO  main            d.u.i.k.p.i.AbstractProblemLoader Loading environment from /home/runner/work/key/key/key.core/../key.ui/examples/heap/list/MySet_MySet.key.proof 
305802     DEBUG main            d.u.i.k.p.i.AbstractProblemLoader Environment load took 116.01ns 
305803     INFO  main            d.u.i.k.p.i.AbstractProblemLoader Creating init config 
306927     DEBUG main            d.u.i.k.j.r.ClassPreparationMethodBuilder clPrepBuilder: Inner Class detected. Reject building class initialisation methods. 
309253     DEBUG main            d.u.i.k.p.i.AbstractProblemLoader Init config took 3.45s 
309308     INFO  main            d.u.i.k.p.i.AbstractProblemLoader Replaying proof MySet[MySet::MySet()].JML normal_behavior operation contract.0 
309613     DEBUG main            d.u.i.k.p.i.IntermediateProofReplayer Proof replay took 289.26ms 
309615     DEBUG main            d.u.i.k.p.r.p.TestFile    ... success: reloaded. 
1322513    INFO  Test worker     d.u.i.k.p.r.RunAllProofsTestUnit Returning from test list 
1322515    INFO  Test worker     d.u.i.k.p.r.RunAllProofsTestUnit Running test list_ghost 
381        INFO  Timeout watchdog d.u.i.k.p.r.p.ForkedTestFileRunner Timeout watcher launched (2000 secs.) 
394        WARN  main            d.u.i.k.s.ProofSettings   The settings in /home/runner/.key/proof-settings.props are *not* read. 
428        INFO  main            d.u.i.k.p.r.p.TestFile    Now processing file /home/runner/work/key/key/key.core/../key.ui/examples/heap/list_ghost/ArrayList_add.key 
559        INFO  main            d.u.i.k.p.i.AbstractProblemLoader Loading environment from /home/runner/work/key/key/key.core/../key.ui/examples/heap/list_ghost/ArrayList_add.key 
579        DEBUG main            d.u.i.k.p.i.AbstractProblemLoader Environment load took 2.6ms 
848        INFO  main            d.u.i.k.p.i.AbstractProblemLoader Creating init config 
1893       DEBUG main            d.u.i.k.j.TypeConverter   No LDT found for Meta 
1893       DEBUG main            d.u.i.k.j.TypeConverter   No LDT found for Meta 
1895       DEBUG main            d.u.i.k.j.TypeConverter   No LDT found for Meta 
1895       DEBUG main            d.u.i.k.j.TypeConverter   No LDT found for Meta 
3708       DEBUG main            d.u.i.k.j.TypeConverter   No LDT found for JavaBigintExpression 
9557       DEBUG main            d.u.i.k.p.i.AbstractProblemLoader Init config took 8.71s 
9807       INFO  main            d.u.i.k.p.i.AbstractProblemLoader Replaying proof ArrayList[List::add(java.lang.Object)].JML normal_behavior operation contract.0 
9854       DEBUG main            d.u.i.k.p.i.IntermediateProofReplayer Proof replay took 39.7ns 
15837      INFO  main            d.u.i.k.p.r.p.TestFile    ... finished proof: closed. 
16075      INFO  main            d.u.i.k.p.i.AbstractProblemLoader Loading environment from /home/runner/work/key/key/key.core/../key.ui/examples/heap/list_ghost/ArrayList_add.key.proof 
16076      DEBUG main            d.u.i.k.p.i.AbstractProblemLoader Environment load took 1.16ms 
16080      INFO  main            d.u.i.k.p.i.AbstractProblemLoader Creating init config 
19436      DEBUG main            d.u.i.k.p.i.AbstractProblemLoader Init config took 3.36s 
19526      INFO  main            d.u.i.k.p.i.AbstractProblemLoader Replaying proof ArrayList[List::add(java.lang.Object)].JML normal_behavior operation contract.0 
20193      DEBUG main            d.u.i.k.p.i.IntermediateProofReplayer Proof replay took 626.91ms 
20204      DEBUG main            d.u.i.k.p.r.p.TestFile    ... success: reloaded. 
20206      INFO  main            d.u.i.k.p.r.p.TestFile    Now processing file /home/runner/work/key/key/key.core/../key.ui/examples/heap/list_ghost/ArrayList_ArrayList.key 
20206      INFO  main            d.u.i.k.p.i.AbstractProblemLoader Loading environment from /home/runner/work/key/key/key.core/../key.ui/examples/heap/list_ghost/ArrayList_ArrayList.key 
20207      DEBUG main            d.u.i.k.p.i.AbstractProblemLoader Environment load took 303.92ns 
20210      INFO  main            d.u.i.k.p.i.AbstractProblemLoader Creating init config 
23502      DEBUG main            d.u.i.k.p.i.AbstractProblemLoader Init config took 3.29s 
23566      INFO  main            d.u.i.k.p.i.AbstractProblemLoader Replaying proof ArrayList[ArrayList::ArrayList()].JML normal_behavior operation contract.0 
23569      DEBUG main            d.u.i.k.p.i.IntermediateProofReplayer Proof replay took 6.7ns 
24979      INFO  main            d.u.i.k.p.r.p.TestFile    ... finished proof: closed. 
25145      INFO  main            d.u.i.k.p.i.AbstractProblemLoader Loading environment from /home/runner/work/key/key/key.core/../key.ui/examples/heap/list_ghost/ArrayList_ArrayList.key.proof 
25147      DEBUG main            d.u.i.k.p.i.AbstractProblemLoader Environment load took 1.71ms 
25152      INFO  main            d.u.i.k.p.i.AbstractProblemLoader Creating init config 
28375      DEBUG main            d.u.i.k.p.i.AbstractProblemLoader Init config took 3.22s 
28443      INFO  main            d.u.i.k.p.i.AbstractProblemLoader Replaying proof ArrayList[ArrayList::ArrayList()].JML normal_behavior operation contract.0 
28619      DEBUG main            d.u.i.k.p.i.IntermediateProofReplayer Proof replay took 166.64ms 
28621      DEBUG main            d.u.i.k.p.r.p.TestFile    ... success: reloaded. 
28623      INFO  main            d.u.i.k.p.r.p.TestFile    Now processing file /home/runner/work/key/key/key.core/../key.ui/examples/heap/list_ghost/ArrayList_enlarge.key 
28623      INFO  main            d.u.i.k.p.i.AbstractProblemLoader Loading environment from /home/runner/work/key/key/key.core/../key.ui/examples/heap/list_ghost/ArrayList_enlarge.key 
28624      DEBUG main            d.u.i.k.p.i.AbstractProblemLoader Environment load took 255.82ns 
28625      INFO  main            d.u.i.k.p.i.AbstractProblemLoader Creating init config 
31763      DEBUG main            d.u.i.k.p.i.AbstractProblemLoader Init config took 3.14s 
31820      INFO  main            d.u.i.k.p.i.AbstractProblemLoader Replaying proof ArrayList[ArrayList::enlarge()].JML normal_behavior operation contract.0 
31822      DEBUG main            d.u.i.k.p.i.IntermediateProofReplayer Proof replay took 7ns 
34132      INFO  main            d.u.i.k.p.r.p.TestFile    ... finished proof: closed. 
34340      INFO  main            d.u.i.k.p.i.AbstractProblemLoader Loading environment from /home/runner/work/key/key/key.core/../key.ui/examples/heap/list_ghost/ArrayList_enlarge.key.proof 
34341      DEBUG main            d.u.i.k.p.i.AbstractProblemLoader Environment load took 521.43ns 
34343      INFO  main            d.u.i.k.p.i.AbstractProblemLoader Creating init config 
37333      DEBUG main            d.u.i.k.p.i.AbstractProblemLoader Init config took 2.99s 
37401      INFO  main            d.u.i.k.p.i.AbstractProblemLoader Replaying proof ArrayList[ArrayList::enlarge()].JML normal_behavior operation contract.0 
37792      DEBUG main            d.u.i.k.p.i.IntermediateProofReplayer Proof replay took 370.47ms 
37793      DEBUG main            d.u.i.k.p.r.p.TestFile    ... success: reloaded. 
37795      INFO  main            d.u.i.k.p.r.p.TestFile    Now processing file /home/runner/work/key/key/key.core/../key.ui/examples/heap/list_ghost/ArrayList_get_dep.key 
37795      INFO  main            d.u.i.k.p.i.AbstractProblemLoader Loading environment from /home/runner/work/key/key/key.core/../key.ui/examples/heap/list_ghost/ArrayList_get_dep.key 
37796      DEBUG main            d.u.i.k.p.i.AbstractProblemLoader Environment load took 298.82ns 
37797      INFO  main            d.u.i.k.p.i.AbstractProblemLoader Creating init config 
40823      DEBUG main            d.u.i.k.p.i.AbstractProblemLoader Init config took 3.03s 
40876      INFO  main            d.u.i.k.p.i.AbstractProblemLoader Replaying proof ArrayList[List::get(int)].JML accessible clause.0 
40878      DEBUG main            d.u.i.k.p.i.IntermediateProofReplayer Proof replay took 7ns 
41283      INFO  main            d.u.i.k.p.r.p.TestFile    ... finished proof: closed. 
41469      INFO  main            d.u.i.k.p.i.AbstractProblemLoader Loading environment from /home/runner/work/key/key/key.core/../key.ui/examples/heap/list_ghost/ArrayList_get_dep.key.proof 
41469      DEBUG main            d.u.i.k.p.i.AbstractProblemLoader Environment load took 146.61ns 
41470      INFO  main            d.u.i.k.p.i.AbstractProblemLoader Creating init config 
44515      DEBUG main            d.u.i.k.p.i.AbstractProblemLoader Init config took 3.04s 
44566      INFO  main            d.u.i.k.p.i.AbstractProblemLoader Replaying proof ArrayList[List::get(int)].JML accessible clause.0 
44623      DEBUG main            d.u.i.k.p.i.IntermediateProofReplayer Proof replay took 52.37ms 
44624      DEBUG main            d.u.i.k.p.r.p.TestFile    ... success: reloaded. 
44626      INFO  main            d.u.i.k.p.r.p.TestFile    Now processing file /home/runner/work/key/key/key.core/../key.ui/examples/heap/list_ghost/ArrayList_get_exceptional.key 
44626      INFO  main            d.u.i.k.p.i.AbstractProblemLoader Loading environment from /home/runner/work/key/key/key.core/../key.ui/examples/heap/list_ghost/ArrayList_get_exceptional.key 
44626      DEBUG main            d.u.i.k.p.i.AbstractProblemLoader Environment load took 261.22ns 
44627      INFO  main            d.u.i.k.p.i.AbstractProblemLoader Creating init config 
47639      DEBUG main            d.u.i.k.p.i.AbstractProblemLoader Init config took 3.01s 
47693      INFO  main            d.u.i.k.p.i.AbstractProblemLoader Replaying proof ArrayList[List::get(int)].JML exceptional_behavior operation contract.0 
47695      DEBUG main            d.u.i.k.p.i.IntermediateProofReplayer Proof replay took 6.6ns 
48618      INFO  main            d.u.i.k.p.r.p.TestFile    ... finished proof: closed. 
48829      INFO  main            d.u.i.k.p.i.AbstractProblemLoader Loading environment from /home/runner/work/key/key/key.core/../key.ui/examples/heap/list_ghost/ArrayList_get_exceptional.key.proof 
48829      DEBUG main            d.u.i.k.p.i.AbstractProblemLoader Environment load took 149.31ns 
48831      INFO  main            d.u.i.k.p.i.AbstractProblemLoader Creating init config 
51815      DEBUG main            d.u.i.k.p.i.AbstractProblemLoader Init config took 2.98s 
51880      INFO  main            d.u.i.k.p.i.AbstractProblemLoader Replaying proof ArrayList[List::get(int)].JML exceptional_behavior operation contract.0 
52037      DEBUG main            d.u.i.k.p.i.IntermediateProofReplayer Proof replay took 146.81ms 
52038      DEBUG main            d.u.i.k.p.r.p.TestFile    ... success: reloaded. 
52040      INFO  main            d.u.i.k.p.r.p.TestFile    Now processing file /home/runner/work/key/key/key.core/../key.ui/examples/heap/list_ghost/ArrayList_get_normal.key 
52040      INFO  main            d.u.i.k.p.i.AbstractProblemLoader Loading environment from /home/runner/work/key/key/key.core/../key.ui/examples/heap/list_ghost/ArrayList_get_normal.key 
52041      DEBUG main            d.u.i.k.p.i.AbstractProblemLoader Environment load took 795.25ns 
52043      INFO  main            d.u.i.k.p.i.AbstractProblemLoader Creating init config 
55027      DEBUG main            d.u.i.k.p.i.AbstractProblemLoader Init config took 2.98s 
55076      INFO  main            d.u.i.k.p.i.AbstractProblemLoader Replaying proof ArrayList[List::get(int)].JML normal_behavior operation contract.0 
55078      DEBUG main            d.u.i.k.p.i.IntermediateProofReplayer Proof replay took 7.1ns 
55382      INFO  main            d.u.i.k.p.r.p.TestFile    ... finished proof: closed. 
55589      INFO  main            d.u.i.k.p.i.AbstractProblemLoader Loading environment from /home/runner/work/key/key/key.core/../key.ui/examples/heap/list_ghost/ArrayList_get_normal.key.proof 
55589      DEBUG main            d.u.i.k.p.i.AbstractProblemLoader Environment load took 138.91ns 
55592      INFO  main            d.u.i.k.p.i.AbstractProblemLoader Creating init config 
58598      DEBUG main            d.u.i.k.p.i.AbstractProblemLoader Init config took 3.01s 
58649      INFO  main            d.u.i.k.p.i.AbstractProblemLoader Replaying proof ArrayList[List::get(int)].JML normal_behavior operation contract.0 
58698      DEBUG main            d.u.i.k.p.i.IntermediateProofReplayer Proof replay took 45.43ms 
58699      DEBUG main            d.u.i.k.p.r.p.TestFile    ... success: reloaded. 
58701      INFO  main            d.u.i.k.p.r.p.TestFile    Now processing file /home/runner/work/key/key/key.core/../key.ui/examples/heap/list_ghost/ArrayList_inv.key 
58701      INFO  main            d.u.i.k.p.i.AbstractProblemLoader Loading environment from /home/runner/work/key/key/key.core/../key.ui/examples/heap/list_ghost/ArrayList_inv.key 
58701      DEBUG main            d.u.i.k.p.i.AbstractProblemLoader Environment load took 251.12ns 
58703      INFO  main            d.u.i.k.p.i.AbstractProblemLoader Creating init config 
61752      DEBUG main            d.u.i.k.p.i.AbstractProblemLoader Init config took 3.05s 
61800      INFO  main            d.u.i.k.p.i.AbstractProblemLoader Replaying proof ArrayList[java.lang.Object::<inv>()].JML accessible clause.0 
61802      DEBUG main            d.u.i.k.p.i.IntermediateProofReplayer Proof replay took 7ns 
61904      INFO  main            d.u.i.k.p.r.p.TestFile    ... finished proof: closed. 
62104      INFO  main            d.u.i.k.p.i.AbstractProblemLoader Loading environment from /home/runner/work/key/key/key.core/../key.ui/examples/heap/list_ghost/ArrayList_inv.key.proof 
62104      DEBUG main            d.u.i.k.p.i.AbstractProblemLoader Environment load took 138.01ns 
62105      INFO  main            d.u.i.k.p.i.AbstractProblemLoader Creating init config 
64981      DEBUG main            d.u.i.k.p.i.AbstractProblemLoader Init config took 2.88s 
65028      INFO  main            d.u.i.k.p.i.AbstractProblemLoader Replaying proof ArrayList[java.lang.Object::<inv>()].JML accessible clause.0 
65039      DEBUG main            d.u.i.k.p.i.IntermediateProofReplayer Proof replay took 8.96ms 
65040      DEBUG main            d.u.i.k.p.r.p.TestFile    ... success: reloaded. 
65041      INFO  main            d.u.i.k.p.r.p.TestFile    Now processing file /home/runner/work/key/key/key.core/../key.ui/examples/heap/list_ghost/ArrayList_size_dep.key 
65042      INFO  main            d.u.i.k.p.i.AbstractProblemLoader Loading environment from /home/runner/work/key/key/key.core/../key.ui/examples/heap/list_ghost/ArrayList_size_dep.key 
65042      DEBUG main            d.u.i.k.p.i.AbstractProblemLoader Environment load took 104.31ns 
65043      INFO  main            d.u.i.k.p.i.AbstractProblemLoader Creating init config 
68018      DEBUG main            d.u.i.k.p.i.AbstractProblemLoader Init config took 2.98s 
68063      INFO  main            d.u.i.k.p.i.AbstractProblemLoader Replaying proof ArrayList[List::size()].JML accessible clause.0 
68065      DEBUG main            d.u.i.k.p.i.IntermediateProofReplayer Proof replay took 7.7ns 
68169      INFO  main            d.u.i.k.p.r.p.TestFile    ... finished proof: closed. 
68428      INFO  main            d.u.i.k.p.i.AbstractProblemLoader Loading environment from /home/runner/work/key/key/key.core/../key.ui/examples/heap/list_ghost/ArrayList_size_dep.key.proof 
68429      DEBUG main            d.u.i.k.p.i.AbstractProblemLoader Environment load took 135.11ns 
68430      INFO  main            d.u.i.k.p.i.AbstractProblemLoader Creating init config 
71483      DEBUG main            d.u.i.k.p.i.AbstractProblemLoader Init config took 3.05s 
71534      INFO  main            d.u.i.k.p.i.AbstractProblemLoader Replaying proof ArrayList[List::size()].JML accessible clause.0 
71548      DEBUG main            d.u.i.k.p.i.IntermediateProofReplayer Proof replay took 11.73ms 
71549      DEBUG main            d.u.i.k.p.r.p.TestFile    ... success: reloaded. 
71551      INFO  main            d.u.i.k.p.r.p.TestFile    Now processing file /home/runner/work/key/key/key.core/../key.ui/examples/heap/list_ghost/ArrayList_size.key 
71551      INFO  main            d.u.i.k.p.i.AbstractProblemLoader Loading environment from /home/runner/work/key/key/key.core/../key.ui/examples/heap/list_ghost/ArrayList_size.key 
71552      DEBUG main            d.u.i.k.p.i.AbstractProblemLoader Environment load took 246.31ns 
71553      INFO  main            d.u.i.k.p.i.AbstractProblemLoader Creating init config 
74514      DEBUG main            d.u.i.k.p.i.AbstractProblemLoader Init config took 2.96s 
74559      INFO  main            d.u.i.k.p.i.AbstractProblemLoader Replaying proof ArrayList[List::size()].JML normal_behavior operation contract.0 
74561      DEBUG main            d.u.i.k.p.i.IntermediateProofReplayer Proof replay took 6.7ns 
74663      INFO  main            d.u.i.k.p.r.p.TestFile    ... finished proof: closed. 
74898      INFO  main            d.u.i.k.p.i.AbstractProblemLoader Loading environment from /home/runner/work/key/key/key.core/../key.ui/examples/heap/list_ghost/ArrayList_size.key.proof 
74899      DEBUG main            d.u.i.k.p.i.AbstractProblemLoader Environment load took 133.71ns 
74900      INFO  main            d.u.i.k.p.i.AbstractProblemLoader Creating init config 
77797      DEBUG main            d.u.i.k.p.i.AbstractProblemLoader Init config took 2.9s 
77841      INFO  main            d.u.i.k.p.i.AbstractProblemLoader Replaying proof ArrayList[List::size()].JML normal_behavior operation contract.0 
77857      DEBUG main            d.u.i.k.p.i.IntermediateProofReplayer Proof replay took 13.87ms 
77858      DEBUG main            d.u.i.k.p.r.p.TestFile    ... success: reloaded. 
1400567    INFO  Test worker     d.u.i.k.p.r.RunAllProofsTestUnit Returning from test list_ghost 
1400570    INFO  Test worker     d.u.i.k.p.r.RunAllProofsTestUnit Running test list_recursive 
425        INFO  Timeout watchdog d.u.i.k.p.r.p.ForkedTestFileRunner Timeout watcher launched (2000 secs.) 
433        WARN  main            d.u.i.k.s.ProofSettings   The settings in /home/runner/.key/proof-settings.props are *not* read. 
468        INFO  main            d.u.i.k.p.r.p.TestFile    Now processing file /home/runner/work/key/key/key.core/../key.ui/examples/heap/list_recursiveSpec/ListOperationsNonNull_getNextNN_normal_behavior.key 
599        INFO  main            d.u.i.k.p.i.AbstractProblemLoader Loading environment from /home/runner/work/key/key/key.core/../key.ui/examples/heap/list_recursiveSpec/ListOperationsNonNull_getNextNN_normal_behavior.key 
618        DEBUG main            d.u.i.k.p.i.AbstractProblemLoader Environment load took 2.26ms 
908        INFO  main            d.u.i.k.p.i.AbstractProblemLoader Creating init config 
2114       DEBUG main            d.u.i.k.j.TypeConverter   No LDT found for Meta 
2115       DEBUG main            d.u.i.k.j.TypeConverter   No LDT found for Meta 
2119       DEBUG main            d.u.i.k.j.TypeConverter   No LDT found for Meta 
2119       DEBUG main            d.u.i.k.j.TypeConverter   No LDT found for Meta 
3694       DEBUG main            d.u.i.k.j.TypeConverter   No LDT found for JavaBigintExpression 
9541       DEBUG main            d.u.i.k.p.i.AbstractProblemLoader Init config took 8.63s 
9698       INFO  main            d.u.i.k.p.i.AbstractProblemLoader Replaying proof ListOperationsNonNull[ListOperationsNonNull::getNextNN(ListNN,int)].JML normal_behavior operation contract.0 
9736       DEBUG main            d.u.i.k.p.i.IntermediateProofReplayer Proof replay took 36.2ns 
11222      INFO  main            d.u.i.k.p.r.p.TestFile    ... finished proof: closed. 
11433      INFO  main            d.u.i.k.p.i.AbstractProblemLoader Loading environment from /home/runner/work/key/key/key.core/../key.ui/examples/heap/list_recursiveSpec/ListOperationsNonNull_getNextNN_normal_behavior.key.proof 
11434      DEBUG main            d.u.i.k.p.i.AbstractProblemLoader Environment load took 595.64ns 
11436      INFO  main            d.u.i.k.p.i.AbstractProblemLoader Creating init config 
15033      DEBUG main            d.u.i.k.p.i.AbstractProblemLoader Init config took 3.6s 
15118      INFO  main            d.u.i.k.p.i.AbstractProblemLoader Replaying proof ListOperationsNonNull[ListOperationsNonNull::getNextNN(ListNN,int)].JML normal_behavior operation contract.0 
15276      DEBUG main            d.u.i.k.p.i.IntermediateProofReplayer Proof replay took 149.1ms 
15286      DEBUG main            d.u.i.k.p.r.p.TestFile    ... success: reloaded. 
15293      INFO  main            d.u.i.k.p.r.p.TestFile    Now processing file /home/runner/work/key/key/key.core/../key.ui/examples/heap/list_recursiveSpec/ListOperationsNonNull_setValueAt_normal_behavior.key 
15295      INFO  main            d.u.i.k.p.i.AbstractProblemLoader Loading environment from /home/runner/work/key/key/key.core/../key.ui/examples/heap/list_recursiveSpec/ListOperationsNonNull_setValueAt_normal_behavior.key 
15295      DEBUG main            d.u.i.k.p.i.AbstractProblemLoader Environment load took 173.71ns 
15299      INFO  main            d.u.i.k.p.i.AbstractProblemLoader Creating init config 
18874      DEBUG main            d.u.i.k.p.i.AbstractProblemLoader Init config took 3.58s 
18944      INFO  main            d.u.i.k.p.i.AbstractProblemLoader Replaying proof ListOperationsNonNull[ListOperationsNonNull::setValueAt_NN(ListNN,int,int)].JML normal_behavior operation contract.0 
18947      DEBUG main            d.u.i.k.p.i.IntermediateProofReplayer Proof replay took 8ns 
18985      DEBUG main            d.u.i.k.m.s.ProofScriptEngine [1] goal: 0, source line: 51, command: 'macro autopilot' 
21850      DEBUG main            d.u.i.k.m.s.ProofScriptEngine [2] goal: 79, source line: 52, command: 'macro simp-upd' 
21857      DEBUG main            d.u.i.k.m.s.ProofScriptEngine [3] goal: 1451, source line: 53, command: 'rule observerDependencyEQ' 
21873      DEBUG main            d.u.i.k.m.s.ProofScriptEngine [4] goal: 1452, source line: 54, command: 'tryclose' 
21909      INFO  main            d.u.i.k.p.r.p.TestFile    ... finished proof: closed. 
22093      INFO  main            d.u.i.k.p.i.AbstractProblemLoader Loading environment from /home/runner/work/key/key/key.core/../key.ui/examples/heap/list_recursiveSpec/ListOperationsNonNull_setValueAt_normal_behavior.key.proof 
22093      DEBUG main            d.u.i.k.p.i.AbstractProblemLoader Environment load took 780.65ns 
22095      INFO  main            d.u.i.k.p.i.AbstractProblemLoader Creating init config 
25318      DEBUG main            d.u.i.k.p.i.AbstractProblemLoader Init config took 3.22s 
25388      INFO  main            d.u.i.k.p.i.AbstractProblemLoader Replaying proof ListOperationsNonNull[ListOperationsNonNull::setValueAt_NN(ListNN,int,int)].JML normal_behavior operation contract.0 
25514      DEBUG main            d.u.i.k.p.i.IntermediateProofReplayer Proof replay took 119.65ms 
25516      DEBUG main            d.u.i.k.p.r.p.TestFile    ... success: reloaded. 
1426296    INFO  Test worker     d.u.i.k.p.r.RunAllProofsTestUnit Returning from test list_recursive 
1426297    INFO  Test worker     d.u.i.k.p.r.RunAllProofsTestUnit Running test list_seq 
396        INFO  Timeout watchdog d.u.i.k.p.r.p.ForkedTestFileRunner Timeout watcher launched (2000 secs.) 
409        WARN  main            d.u.i.k.s.ProofSettings   The settings in /home/runner/.key/proof-settings.props are *not* read. 
466        INFO  main            d.u.i.k.p.r.p.TestFile    Now processing file /home/runner/work/key/key/key.core/../key.ui/examples/heap/list_seq/SimplifiedLinkedList.remove.key 
623        INFO  main            d.u.i.k.p.i.AbstractProblemLoader Loading environment from /home/runner/work/key/key/key.core/../key.ui/examples/heap/list_seq/SimplifiedLinkedList.remove.key 
645        DEBUG main            d.u.i.k.p.i.AbstractProblemLoader Environment load took 2.67ms 
938        INFO  main            d.u.i.k.p.i.AbstractProblemLoader Creating init config 
1988       DEBUG main            d.u.i.k.j.TypeConverter   No LDT found for Meta 
1989       DEBUG main            d.u.i.k.j.TypeConverter   No LDT found for Meta 
1991       DEBUG main            d.u.i.k.j.TypeConverter   No LDT found for Meta 
1991       DEBUG main            d.u.i.k.j.TypeConverter   No LDT found for Meta 
3673       DEBUG main            d.u.i.k.j.TypeConverter   No LDT found for JavaBigintExpression 
10636      DEBUG main            d.u.i.k.p.i.AbstractProblemLoader Init config took 9.7s 
10848      INFO  main            d.u.i.k.p.i.AbstractProblemLoader Replaying proof SimplifiedLinkedList[SimplifiedLinkedList::remove(int)].JML normal_behavior operation contract.0 
10948      DEBUG main            d.u.i.k.p.i.IntermediateProofReplayer Proof replay took 45.8ns 
88377      INFO  main            d.u.i.k.p.r.p.TestFile    ... finished proof: closed. 
88798      INFO  main            d.u.i.k.p.i.AbstractProblemLoader Loading environment from /home/runner/work/key/key/key.core/../key.ui/examples/heap/list_seq/SimplifiedLinkedList.remove.key.proof 
88799      DEBUG main            d.u.i.k.p.i.AbstractProblemLoader Environment load took 332.21ns 
88814      INFO  main            d.u.i.k.p.i.AbstractProblemLoader Creating init config 
92585      DEBUG main            d.u.i.k.p.i.AbstractProblemLoader Init config took 3.77s 
92692      INFO  main            d.u.i.k.p.i.AbstractProblemLoader Replaying proof SimplifiedLinkedList[SimplifiedLinkedList::remove(int)].JML normal_behavior operation contract.0 
95821      DEBUG main            d.u.i.k.p.i.IntermediateProofReplayer Proof replay took 2.77s 
95842      DEBUG main            d.u.i.k.p.r.p.TestFile    ... success: reloaded. 
95845      INFO  main            d.u.i.k.p.r.p.TestFile    Now processing file /home/runner/work/key/key/key.core/../key.ui/examples/heap/list_seq/ArrayList.ArrayList.key 
95846      INFO  main            d.u.i.k.p.i.AbstractProblemLoader Loading environment from /home/runner/work/key/key/key.core/../key.ui/examples/heap/list_seq/ArrayList.ArrayList.key 
95846      DEBUG main            d.u.i.k.p.i.AbstractProblemLoader Environment load took 274.52ns 
95850      INFO  main            d.u.i.k.p.i.AbstractProblemLoader Creating init config 
99777      DEBUG main            d.u.i.k.p.i.AbstractProblemLoader Init config took 3.93s 
99880      INFO  main            d.u.i.k.p.i.AbstractProblemLoader Replaying proof ArrayList[ArrayList::ArrayList()].JML normal_behavior operation contract.0 
99883      DEBUG main            d.u.i.k.p.i.IntermediateProofReplayer Proof replay took 7.6ns 
100988     INFO  main            d.u.i.k.p.r.p.TestFile    ... finished proof: closed. 
101240     INFO  main            d.u.i.k.p.i.AbstractProblemLoader Loading environment from /home/runner/work/key/key/key.core/../key.ui/examples/heap/list_seq/ArrayList.ArrayList.key.proof 
101240     DEBUG main            d.u.i.k.p.i.AbstractProblemLoader Environment load took 159.31ns 
101242     INFO  main            d.u.i.k.p.i.AbstractProblemLoader Creating init config 
104931     DEBUG main            d.u.i.k.p.i.AbstractProblemLoader Init config took 3.69s 
105024     INFO  main            d.u.i.k.p.i.AbstractProblemLoader Replaying proof ArrayList[ArrayList::ArrayList()].JML normal_behavior operation contract.0 
105143     DEBUG main            d.u.i.k.p.i.IntermediateProofReplayer Proof replay took 113.68ms 
105145     DEBUG main            d.u.i.k.p.r.p.TestFile    ... success: reloaded. 
105146     INFO  main            d.u.i.k.p.r.p.TestFile    Now processing file /home/runner/work/key/key/key.core/../key.ui/examples/heap/list_seq/ArrayList.add.key 
105147     INFO  main            d.u.i.k.p.i.AbstractProblemLoader Loading environment from /home/runner/work/key/key/key.core/../key.ui/examples/heap/list_seq/ArrayList.add.key 
105147     DEBUG main            d.u.i.k.p.i.AbstractProblemLoader Environment load took 269.91ns 
105148     INFO  main            d.u.i.k.p.i.AbstractProblemLoader Creating init config 
108786     DEBUG main            d.u.i.k.p.i.AbstractProblemLoader Init config took 3.64s 
108882     INFO  main            d.u.i.k.p.i.AbstractProblemLoader Replaying proof ArrayList[List::add(java.lang.Object)].JML normal_behavior operation contract.0 
108884     DEBUG main            d.u.i.k.p.i.IntermediateProofReplayer Proof replay took 7.3ns 
112730     INFO  main            d.u.i.k.p.r.p.TestFile    ... finished proof: closed. 
112956     INFO  main            d.u.i.k.p.i.AbstractProblemLoader Loading environment from /home/runner/work/key/key/key.core/../key.ui/examples/heap/list_seq/ArrayList.add.key.proof 
112956     DEBUG main            d.u.i.k.p.i.AbstractProblemLoader Environment load took 145.81ns 
112962     INFO  main            d.u.i.k.p.i.AbstractProblemLoader Creating init config 
116615     DEBUG main            d.u.i.k.p.i.AbstractProblemLoader Init config took 3.65s 
116705     INFO  main            d.u.i.k.p.i.AbstractProblemLoader Replaying proof ArrayList[List::add(java.lang.Object)].JML normal_behavior operation contract.0 
117007     DEBUG main            d.u.i.k.p.i.IntermediateProofReplayer Proof replay took 285.95ms 
117009     DEBUG main            d.u.i.k.p.r.p.TestFile    ... success: reloaded. 
117011     INFO  main            d.u.i.k.p.r.p.TestFile    Now processing file /home/runner/work/key/key/key.core/../key.ui/examples/heap/list_seq/ArrayList.contains.key 
117012     INFO  main            d.u.i.k.p.i.AbstractProblemLoader Loading environment from /home/runner/work/key/key/key.core/../key.ui/examples/heap/list_seq/ArrayList.contains.key 
117012     DEBUG main            d.u.i.k.p.i.AbstractProblemLoader Environment load took 262.81ns 
117013     INFO  main            d.u.i.k.p.i.AbstractProblemLoader Creating init config 
120694     DEBUG main            d.u.i.k.p.i.AbstractProblemLoader Init config took 3.68s 
120801     INFO  main            d.u.i.k.p.i.AbstractProblemLoader Replaying proof ArrayList[List::contains(java.lang.Object)].JML normal_behavior operation contract.0 
120803     DEBUG main            d.u.i.k.p.i.IntermediateProofReplayer Proof replay took 7.5ns 
122614     INFO  main            d.u.i.k.p.r.p.TestFile    ... finished proof: closed. 
122857     INFO  main            d.u.i.k.p.i.AbstractProblemLoader Loading environment from /home/runner/work/key/key/key.core/../key.ui/examples/heap/list_seq/ArrayList.contains.key.proof 
122857     DEBUG main            d.u.i.k.p.i.AbstractProblemLoader Environment load took 511.13ns 
122859     INFO  main            d.u.i.k.p.i.AbstractProblemLoader Creating init config 
126524     DEBUG main            d.u.i.k.p.i.AbstractProblemLoader Init config took 3.66s 
126624     INFO  main            d.u.i.k.p.i.AbstractProblemLoader Replaying proof ArrayList[List::contains(java.lang.Object)].JML normal_behavior operation contract.0 
126853     DEBUG main            d.u.i.k.p.i.IntermediateProofReplayer Proof replay took 220.6ms 
126854     DEBUG main            d.u.i.k.p.r.p.TestFile    ... success: reloaded. 
126856     INFO  main            d.u.i.k.p.r.p.TestFile    Now processing file /home/runner/work/key/key/key.core/../key.ui/examples/heap/list_seq/ArrayList.enlarge.key 
126856     INFO  main            d.u.i.k.p.i.AbstractProblemLoader Loading environment from /home/runner/work/key/key/key.core/../key.ui/examples/heap/list_seq/ArrayList.enlarge.key 
126857     DEBUG main            d.u.i.k.p.i.AbstractProblemLoader Environment load took 288.32ns 
126858     INFO  main            d.u.i.k.p.i.AbstractProblemLoader Creating init config 
130527     DEBUG main            d.u.i.k.p.i.AbstractProblemLoader Init config took 3.67s 
130622     INFO  main            d.u.i.k.p.i.AbstractProblemLoader Replaying proof ArrayList[ArrayList::enlarge()].JML normal_behavior operation contract.0 
130624     DEBUG main            d.u.i.k.p.i.IntermediateProofReplayer Proof replay took 6.2ns 
133037     INFO  main            d.u.i.k.p.r.p.TestFile    ... finished proof: closed. 
133281     INFO  main            d.u.i.k.p.i.AbstractProblemLoader Loading environment from /home/runner/work/key/key/key.core/../key.ui/examples/heap/list_seq/ArrayList.enlarge.key.proof 
133282     DEBUG main            d.u.i.k.p.i.AbstractProblemLoader Environment load took 575.03ns 
133283     INFO  main            d.u.i.k.p.i.AbstractProblemLoader Creating init config 
136906     DEBUG main            d.u.i.k.p.i.AbstractProblemLoader Init config took 3.62s 
136998     INFO  main            d.u.i.k.p.i.AbstractProblemLoader Replaying proof ArrayList[ArrayList::enlarge()].JML normal_behavior operation contract.0 
137296     DEBUG main            d.u.i.k.p.i.IntermediateProofReplayer Proof replay took 288.5ms 
137298     DEBUG main            d.u.i.k.p.r.p.TestFile    ... success: reloaded. 
137300     INFO  main            d.u.i.k.p.r.p.TestFile    Now processing file /home/runner/work/key/key/key.core/../key.ui/examples/heap/list_seq/ArrayList.get.key 
137300     INFO  main            d.u.i.k.p.i.AbstractProblemLoader Loading environment from /home/runner/work/key/key/key.core/../key.ui/examples/heap/list_seq/ArrayList.get.key 
137301     DEBUG main            d.u.i.k.p.i.AbstractProblemLoader Environment load took 261.31ns 
137302     INFO  main            d.u.i.k.p.i.AbstractProblemLoader Creating init config 
140868     DEBUG main            d.u.i.k.p.i.AbstractProblemLoader Init config took 3.57s 
140957     INFO  main            d.u.i.k.p.i.AbstractProblemLoader Replaying proof ArrayList[List::get(int)].JML normal_behavior operation contract.0 
140958     DEBUG main            d.u.i.k.p.i.IntermediateProofReplayer Proof replay took 7.5ns 
141565     INFO  main            d.u.i.k.p.r.p.TestFile    ... finished proof: closed. 
141781     INFO  main            d.u.i.k.p.i.AbstractProblemLoader Loading environment from /home/runner/work/key/key/key.core/../key.ui/examples/heap/list_seq/ArrayList.get.key.proof 
141782     DEBUG main            d.u.i.k.p.i.AbstractProblemLoader Environment load took 717.04ns 
141784     INFO  main            d.u.i.k.p.i.AbstractProblemLoader Creating init config 
145276     DEBUG main            d.u.i.k.p.i.AbstractProblemLoader Init config took 3.49s 
145362     INFO  main            d.u.i.k.p.i.AbstractProblemLoader Replaying proof ArrayList[List::get(int)].JML normal_behavior operation contract.0 
145411     DEBUG main            d.u.i.k.p.i.IntermediateProofReplayer Proof replay took 43.94ms 
145412     DEBUG main            d.u.i.k.p.r.p.TestFile    ... success: reloaded. 
145413     INFO  main            d.u.i.k.p.r.p.TestFile    Now processing file /home/runner/work/key/key/key.core/../key.ui/examples/heap/list_seq/ArrayList.newArray.key 
145414     INFO  main            d.u.i.k.p.i.AbstractProblemLoader Loading environment from /home/runner/work/key/key/key.core/../key.ui/examples/heap/list_seq/ArrayList.newArray.key 
145414     DEBUG main            d.u.i.k.p.i.AbstractProblemLoader Environment load took 264.51ns 
145415     INFO  main            d.u.i.k.p.i.AbstractProblemLoader Creating init config 
149132     DEBUG main            d.u.i.k.p.i.AbstractProblemLoader Init config took 3.72s 
149231     INFO  main            d.u.i.k.p.i.AbstractProblemLoader Replaying proof ArrayList[ArrayList::newArray(int)].JML normal_behavior operation contract.0 
149233     DEBUG main            d.u.i.k.p.i.IntermediateProofReplayer Proof replay took 7.3ns 
149537     INFO  main            d.u.i.k.p.r.p.TestFile    ... finished proof: closed. 
149778     INFO  main            d.u.i.k.p.i.AbstractProblemLoader Loading environment from /home/runner/work/key/key/key.core/../key.ui/examples/heap/list_seq/ArrayList.newArray.key.proof 
149778     DEBUG main            d.u.i.k.p.i.AbstractProblemLoader Environment load took 514.63ns 
149781     INFO  main            d.u.i.k.p.i.AbstractProblemLoader Creating init config 
153279     DEBUG main            d.u.i.k.p.i.AbstractProblemLoader Init config took 3.5s 
153364     INFO  main            d.u.i.k.p.i.AbstractProblemLoader Replaying proof ArrayList[ArrayList::newArray(int)].JML normal_behavior operation contract.0 
153413     DEBUG main            d.u.i.k.p.i.IntermediateProofReplayer Proof replay took 45.45ms 
153414     DEBUG main            d.u.i.k.p.r.p.TestFile    ... success: reloaded. 
153415     INFO  main            d.u.i.k.p.r.p.TestFile    Now processing file /home/runner/work/key/key/key.core/../key.ui/examples/heap/list_seq/ArrayList.remove.0.key 
153415     INFO  main            d.u.i.k.p.i.AbstractProblemLoader Loading environment from /home/runner/work/key/key/key.core/../key.ui/examples/heap/list_seq/ArrayList.remove.0.key 
153415     DEBUG main            d.u.i.k.p.i.AbstractProblemLoader Environment load took 122.71ns 
153416     INFO  main            d.u.i.k.p.i.AbstractProblemLoader Creating init config 
157061     DEBUG main            d.u.i.k.p.i.AbstractProblemLoader Init config took 3.64s 
157147     INFO  main            d.u.i.k.p.i.AbstractProblemLoader Replaying proof ArrayList[List::remove(java.lang.Object)].JML normal_behavior operation contract.0 
157148     DEBUG main            d.u.i.k.p.i.IntermediateProofReplayer Proof replay took 8.3ns 
159455     INFO  main            d.u.i.k.p.r.p.TestFile    ... finished proof: closed. 
159693     INFO  main            d.u.i.k.p.i.AbstractProblemLoader Loading environment from /home/runner/work/key/key/key.core/../key.ui/examples/heap/list_seq/ArrayList.remove.0.key.proof 
159695     DEBUG main            d.u.i.k.p.i.AbstractProblemLoader Environment load took 1.33ms 
159697     INFO  main            d.u.i.k.p.i.AbstractProblemLoader Creating init config 
163199     DEBUG main            d.u.i.k.p.i.AbstractProblemLoader Init config took 3.5s 
163281     INFO  main            d.u.i.k.p.i.AbstractProblemLoader Replaying proof ArrayList[List::remove(java.lang.Object)].JML normal_behavior operation contract.0 
163735     DEBUG main            d.u.i.k.p.i.IntermediateProofReplayer Proof replay took 445.85ms 
163738     DEBUG main            d.u.i.k.p.r.p.TestFile    ... success: reloaded. 
163740     INFO  main            d.u.i.k.p.r.p.TestFile    Now processing file /home/runner/work/key/key/key.core/../key.ui/examples/heap/list_seq/ArrayList.remove.1.key 
163742     INFO  main            d.u.i.k.p.i.AbstractProblemLoader Loading environment from /home/runner/work/key/key/key.core/../key.ui/examples/heap/list_seq/ArrayList.remove.1.key 
163743     DEBUG main            d.u.i.k.p.i.AbstractProblemLoader Environment load took 177.11ns 
163745     INFO  main            d.u.i.k.p.i.AbstractProblemLoader Creating init config 
167317     DEBUG main            d.u.i.k.p.i.AbstractProblemLoader Init config took 3.57s 
167429     INFO  main            d.u.i.k.p.i.AbstractProblemLoader Replaying proof ArrayList[List::remove(java.lang.Object)].JML normal_behavior operation contract.1 
167432     DEBUG main            d.u.i.k.p.i.IntermediateProofReplayer Proof replay took 8.3ns 
180620     INFO  main            d.u.i.k.p.r.p.TestFile    ... finished proof: closed. 
180930     INFO  main            d.u.i.k.p.i.AbstractProblemLoader Loading environment from /home/runner/work/key/key/key.core/../key.ui/examples/heap/list_seq/ArrayList.remove.1.key.proof 
180930     DEBUG main            d.u.i.k.p.i.AbstractProblemLoader Environment load took 253.11ns 
180933     INFO  main            d.u.i.k.p.i.AbstractProblemLoader Creating init config 
184404     DEBUG main            d.u.i.k.p.i.AbstractProblemLoader Init config took 3.47s 
184490     INFO  main            d.u.i.k.p.i.AbstractProblemLoader Replaying proof ArrayList[List::remove(java.lang.Object)].JML normal_behavior operation contract.1 
185519     DEBUG main            d.u.i.k.p.i.IntermediateProofReplayer Proof replay took 986.6ms 
185523     DEBUG main            d.u.i.k.p.r.p.TestFile    ... success: reloaded. 
1612034    INFO  Test worker     d.u.i.k.p.r.RunAllProofsTestUnit Returning from test list_seq 
1612037    INFO  Test worker     d.u.i.k.p.r.RunAllProofsTestUnit Running test observer 
394        INFO  Timeout watchdog d.u.i.k.p.r.p.ForkedTestFileRunner Timeout watcher launched (2000 secs.) 
410        WARN  main            d.u.i.k.s.ProofSettings   The settings in /home/runner/.key/proof-settings.props are *not* read. 
469        INFO  main            d.u.i.k.p.r.p.TestFile    Now processing file /home/runner/work/key/key/key.core/../key.ui/examples/heap/observer/ExampleObserver_ExampleObserver.key 
652        INFO  main            d.u.i.k.p.i.AbstractProblemLoader Loading environment from /home/runner/work/key/key/key.core/../key.ui/examples/heap/observer/ExampleObserver_ExampleObserver.key 
677        DEBUG main            d.u.i.k.p.i.AbstractProblemLoader Environment load took 2.51ms 
928        INFO  main            d.u.i.k.p.i.AbstractProblemLoader Creating init config 
2055       DEBUG main            d.u.i.k.j.TypeConverter   No LDT found for Meta 
2056       DEBUG main            d.u.i.k.j.TypeConverter   No LDT found for Meta 
2057       DEBUG main            d.u.i.k.j.TypeConverter   No LDT found for Meta 
2057       DEBUG main            d.u.i.k.j.TypeConverter   No LDT found for Meta 
3739       DEBUG main            d.u.i.k.j.TypeConverter   No LDT found for JavaBigintExpression 
9882       DEBUG main            d.u.i.k.p.i.AbstractProblemLoader Init config took 8.95s 
10061      INFO  main            d.u.i.k.p.i.AbstractProblemLoader Replaying proof ExampleObserver[ExampleObserver::ExampleObserver(ExampleSubject)].JML normal_behavior operation contract.0 
10108      DEBUG main            d.u.i.k.p.i.IntermediateProofReplayer Proof replay took 36.6ns 
11238      INFO  main            d.u.i.k.p.r.p.TestFile    ... finished proof: closed. 
11378      INFO  main            d.u.i.k.p.i.AbstractProblemLoader Loading environment from /home/runner/work/key/key/key.core/../key.ui/examples/heap/observer/ExampleObserver_ExampleObserver.key.proof 
11383      DEBUG main            d.u.i.k.p.i.AbstractProblemLoader Environment load took 4.99ms 
11385      INFO  main            d.u.i.k.p.i.AbstractProblemLoader Creating init config 
14845      DEBUG main            d.u.i.k.p.i.AbstractProblemLoader Init config took 3.46s 
14936      INFO  main            d.u.i.k.p.i.AbstractProblemLoader Replaying proof ExampleObserver[ExampleObserver::ExampleObserver(ExampleSubject)].JML normal_behavior operation contract.0 
15088      DEBUG main            d.u.i.k.p.i.IntermediateProofReplayer Proof replay took 144.08ms 
15098      DEBUG main            d.u.i.k.p.r.p.TestFile    ... success: reloaded. 
15104      INFO  main            d.u.i.k.p.r.p.TestFile    Now processing file /home/runner/work/key/key/key.core/../key.ui/examples/heap/observer/ExampleObserver_inv.key 
15104      INFO  main            d.u.i.k.p.i.AbstractProblemLoader Loading environment from /home/runner/work/key/key/key.core/../key.ui/examples/heap/observer/ExampleObserver_inv.key 
15105      DEBUG main            d.u.i.k.p.i.AbstractProblemLoader Environment load took 345.92ns 
15109      INFO  main            d.u.i.k.p.i.AbstractProblemLoader Creating init config 
18545      DEBUG main            d.u.i.k.p.i.AbstractProblemLoader Init config took 3.44s 
18619      INFO  main            d.u.i.k.p.i.AbstractProblemLoader Replaying proof ExampleObserver[java.lang.Object::<inv>()].JML accessible clause.0 
18623      DEBUG main            d.u.i.k.p.i.IntermediateProofReplayer Proof replay took 8.2ns 
18726      INFO  main            d.u.i.k.p.r.p.TestFile    ... finished proof: closed. 
18890      INFO  main            d.u.i.k.p.i.AbstractProblemLoader Loading environment from /home/runner/work/key/key/key.core/../key.ui/examples/heap/observer/ExampleObserver_inv.key.proof 
18890      DEBUG main            d.u.i.k.p.i.AbstractProblemLoader Environment load took 189.41ns 
18892      INFO  main            d.u.i.k.p.i.AbstractProblemLoader Creating init config 
22229      DEBUG main            d.u.i.k.p.i.AbstractProblemLoader Init config took 3.34s 
22292      INFO  main            d.u.i.k.p.i.AbstractProblemLoader Replaying proof ExampleObserver[java.lang.Object::<inv>()].JML accessible clause.0 
22311      DEBUG main            d.u.i.k.p.i.IntermediateProofReplayer Proof replay took 16.43ms 
22313      DEBUG main            d.u.i.k.p.r.p.TestFile    ... success: reloaded. 
22314      INFO  main            d.u.i.k.p.r.p.TestFile    Now processing file /home/runner/work/key/key/key.core/../key.ui/examples/heap/observer/ExampleObserver_subject.key 
22315      INFO  main            d.u.i.k.p.i.AbstractProblemLoader Loading environment from /home/runner/work/key/key/key.core/../key.ui/examples/heap/observer/ExampleObserver_subject.key 
22315      DEBUG main            d.u.i.k.p.i.AbstractProblemLoader Environment load took 285.61ns 
22317      INFO  main            d.u.i.k.p.i.AbstractProblemLoader Creating init config 
25626      DEBUG main            d.u.i.k.p.i.AbstractProblemLoader Init config took 3.31s 
25688      INFO  main            d.u.i.k.p.i.AbstractProblemLoader Replaying proof Observer[Observer::$subject()].JML accessible clause.0 
25690      DEBUG main            d.u.i.k.p.i.IntermediateProofReplayer Proof replay took 17.1ns 
25793      INFO  main            d.u.i.k.p.r.p.TestFile    ... finished proof: closed. 
25965      INFO  main            d.u.i.k.p.i.AbstractProblemLoader Loading environment from /home/runner/work/key/key/key.core/../key.ui/examples/heap/observer/ExampleObserver_subject.key.proof 
25965      DEBUG main            d.u.i.k.p.i.AbstractProblemLoader Environment load took 154ns 
25966      INFO  main            d.u.i.k.p.i.AbstractProblemLoader Creating init config 
29234      DEBUG main            d.u.i.k.p.i.AbstractProblemLoader Init config took 3.27s 
29300      INFO  main            d.u.i.k.p.i.AbstractProblemLoader Replaying proof Observer[Observer::$subject()].JML accessible clause.0 
29304      DEBUG main            d.u.i.k.p.i.IntermediateProofReplayer Proof replay took 1.95ms 
29306      DEBUG main            d.u.i.k.p.r.p.TestFile    ... success: reloaded. 
29307      INFO  main            d.u.i.k.p.r.p.TestFile    Now processing file /home/runner/work/key/key/key.core/../key.ui/examples/heap/observer/ExampleObserver_update.key 
29308      INFO  main            d.u.i.k.p.i.AbstractProblemLoader Loading environment from /home/runner/work/key/key/key.core/../key.ui/examples/heap/observer/ExampleObserver_update.key 
29308      DEBUG main            d.u.i.k.p.i.AbstractProblemLoader Environment load took 300.42ns 
29309      INFO  main            d.u.i.k.p.i.AbstractProblemLoader Creating init config 
32542      DEBUG main            d.u.i.k.p.i.AbstractProblemLoader Init config took 3.23s 
32621      INFO  main            d.u.i.k.p.i.AbstractProblemLoader Replaying proof ExampleObserver[Observer::update()].JML normal_behavior operation contract.0 
32623      DEBUG main            d.u.i.k.p.i.IntermediateProofReplayer Proof replay took 9.3ns 
33029      INFO  main            d.u.i.k.p.r.p.TestFile    ... finished proof: closed. 
33220      INFO  main            d.u.i.k.p.i.AbstractProblemLoader Loading environment from /home/runner/work/key/key/key.core/../key.ui/examples/heap/observer/ExampleObserver_update.key.proof 
33222      DEBUG main            d.u.i.k.p.i.AbstractProblemLoader Environment load took 1.9ms 
33223      INFO  main            d.u.i.k.p.i.AbstractProblemLoader Creating init config 
36388      DEBUG main            d.u.i.k.p.i.AbstractProblemLoader Init config took 3.16s 
36446      INFO  main            d.u.i.k.p.i.AbstractProblemLoader Replaying proof ExampleObserver[Observer::update()].JML normal_behavior operation contract.0 
36536      DEBUG main            d.u.i.k.p.i.IntermediateProofReplayer Proof replay took 83.19ms 
36538      DEBUG main            d.u.i.k.p.r.p.TestFile    ... success: reloaded. 
36540      INFO  main            d.u.i.k.p.r.p.TestFile    Now processing file /home/runner/work/key/key/key.core/../key.ui/examples/heap/observer/ExampleObserver_upToDate.key 
36540      INFO  main            d.u.i.k.p.i.AbstractProblemLoader Loading environment from /home/runner/work/key/key/key.core/../key.ui/examples/heap/observer/ExampleObserver_upToDate.key 
36541      DEBUG main            d.u.i.k.p.i.AbstractProblemLoader Environment load took 282.42ns 
36542      INFO  main            d.u.i.k.p.i.AbstractProblemLoader Creating init config 
39720      DEBUG main            d.u.i.k.p.i.AbstractProblemLoader Init config took 3.18s 
39774      INFO  main            d.u.i.k.p.i.AbstractProblemLoader Replaying proof ExampleObserver[Observer::$upToDate()].JML accessible clause.0 
39777      DEBUG main            d.u.i.k.p.i.IntermediateProofReplayer Proof replay took 9.1ns 
39981      INFO  main            d.u.i.k.p.r.p.TestFile    ... finished proof: closed. 
40225      INFO  main            d.u.i.k.p.i.AbstractProblemLoader Loading environment from /home/runner/work/key/key/key.core/../key.ui/examples/heap/observer/ExampleObserver_upToDate.key.proof 
40225      DEBUG main            d.u.i.k.p.i.AbstractProblemLoader Environment load took 141.71ns 
40226      INFO  main            d.u.i.k.p.i.AbstractProblemLoader Creating init config 
43321      DEBUG main            d.u.i.k.p.i.AbstractProblemLoader Init config took 3.09s 
43377      INFO  main            d.u.i.k.p.i.AbstractProblemLoader Replaying proof ExampleObserver[Observer::$upToDate()].JML accessible clause.0 
43400      DEBUG main            d.u.i.k.p.i.IntermediateProofReplayer Proof replay took 20.09ms 
43401      DEBUG main            d.u.i.k.p.r.p.TestFile    ... success: reloaded. 
43403      INFO  main            d.u.i.k.p.r.p.TestFile    Now processing file /home/runner/work/key/key/key.core/../key.ui/examples/heap/observer/ExampleObserver_value.key 
43403      INFO  main            d.u.i.k.p.i.AbstractProblemLoader Loading environment from /home/runner/work/key/key/key.core/../key.ui/examples/heap/observer/ExampleObserver_value.key 
43403      DEBUG main            d.u.i.k.p.i.AbstractProblemLoader Environment load took 124.01ns 
43404      INFO  main            d.u.i.k.p.i.AbstractProblemLoader Creating init config 
46641      DEBUG main            d.u.i.k.p.i.AbstractProblemLoader Init config took 3.24s 
46708      INFO  main            d.u.i.k.p.i.AbstractProblemLoader Replaying proof ExampleObserver[ExampleObserver::value()].JML normal_behavior operation contract.0 
46712      DEBUG main            d.u.i.k.p.i.IntermediateProofReplayer Proof replay took 9.1ns 
46818      INFO  main            d.u.i.k.p.r.p.TestFile    ... finished proof: closed. 
47030      INFO  main            d.u.i.k.p.i.AbstractProblemLoader Loading environment from /home/runner/work/key/key/key.core/../key.ui/examples/heap/observer/ExampleObserver_value.key.proof 
47030      DEBUG main            d.u.i.k.p.i.AbstractProblemLoader Environment load took 141.81ns 
47035      INFO  main            d.u.i.k.p.i.AbstractProblemLoader Creating init config 
50134      DEBUG main            d.u.i.k.p.i.AbstractProblemLoader Init config took 3.1s 
50187      INFO  main            d.u.i.k.p.i.AbstractProblemLoader Replaying proof ExampleObserver[ExampleObserver::value()].JML normal_behavior operation contract.0 
50207      DEBUG main            d.u.i.k.p.i.IntermediateProofReplayer Proof replay took 17.62ms 
50208      DEBUG main            d.u.i.k.p.r.p.TestFile    ... success: reloaded. 
50209      INFO  main            d.u.i.k.p.r.p.TestFile    Now processing file /home/runner/work/key/key/key.core/../key.ui/examples/heap/observer/ExampleSubject_addObserver.key 
50209      INFO  main            d.u.i.k.p.i.AbstractProblemLoader Loading environment from /home/runner/work/key/key/key.core/../key.ui/examples/heap/observer/ExampleSubject_addObserver.key 
50210      DEBUG main            d.u.i.k.p.i.AbstractProblemLoader Environment load took 135.91ns 
50211      INFO  main            d.u.i.k.p.i.AbstractProblemLoader Creating init config 
53422      DEBUG main            d.u.i.k.p.i.AbstractProblemLoader Init config took 3.21s 
53477      INFO  main            d.u.i.k.p.i.AbstractProblemLoader Replaying proof ExampleSubject[Subject::addObserver(Observer)].JML normal_behavior operation contract.0 
53480      DEBUG main            d.u.i.k.p.i.IntermediateProofReplayer Proof replay took 9.1ns 
59632      INFO  main            d.u.i.k.p.r.p.TestFile    ... finished proof: closed. 
59878      INFO  main            d.u.i.k.p.i.AbstractProblemLoader Loading environment from /home/runner/work/key/key/key.core/../key.ui/examples/heap/observer/ExampleSubject_addObserver.key.proof 
59883      DEBUG main            d.u.i.k.p.i.AbstractProblemLoader Environment load took 4.54ms 
59886      INFO  main            d.u.i.k.p.i.AbstractProblemLoader Creating init config 
62921      DEBUG main            d.u.i.k.p.i.AbstractProblemLoader Init config took 3.03s 
62984      INFO  main            d.u.i.k.p.i.AbstractProblemLoader Replaying proof ExampleSubject[Subject::addObserver(Observer)].JML normal_behavior operation contract.0 
63665      DEBUG main            d.u.i.k.p.i.IntermediateProofReplayer Proof replay took 660.7ms 
63668      DEBUG main            d.u.i.k.p.r.p.TestFile    ... success: reloaded. 
63669      INFO  main            d.u.i.k.p.r.p.TestFile    Now processing file /home/runner/work/key/key/key.core/../key.ui/examples/heap/observer/ExampleSubject_change.key 
63670      INFO  main            d.u.i.k.p.i.AbstractProblemLoader Loading environment from /home/runner/work/key/key/key.core/../key.ui/examples/heap/observer/ExampleSubject_change.key 
63670      DEBUG main            d.u.i.k.p.i.AbstractProblemLoader Environment load took 258.21ns 
63675      INFO  main            d.u.i.k.p.i.AbstractProblemLoader Creating init config 
66762      DEBUG main            d.u.i.k.p.i.AbstractProblemLoader Init config took 3.09s 
66815      INFO  main            d.u.i.k.p.i.AbstractProblemLoader Replaying proof ExampleSubject[ExampleSubject::change()].JML normal_behavior operation contract.0 
66817      DEBUG main            d.u.i.k.p.i.IntermediateProofReplayer Proof replay took 7.7ns 
67421      INFO  main            d.u.i.k.p.r.p.TestFile    ... finished proof: closed. 
67680      INFO  main            d.u.i.k.p.i.AbstractProblemLoader Loading environment from /home/runner/work/key/key/key.core/../key.ui/examples/heap/observer/ExampleSubject_change.key.proof 
67680      DEBUG main            d.u.i.k.p.i.AbstractProblemLoader Environment load took 649.84ns 
67682      INFO  main            d.u.i.k.p.i.AbstractProblemLoader Creating init config 
70746      DEBUG main            d.u.i.k.p.i.AbstractProblemLoader Init config took 3.06s 
70807      INFO  main            d.u.i.k.p.i.AbstractProblemLoader Replaying proof ExampleSubject[ExampleSubject::change()].JML normal_behavior operation contract.0 
70869      DEBUG main            d.u.i.k.p.i.IntermediateProofReplayer Proof replay took 57.34ms 
70871      DEBUG main            d.u.i.k.p.r.p.TestFile    ... success: reloaded. 
70872      INFO  main            d.u.i.k.p.r.p.TestFile    Now processing file /home/runner/work/key/key/key.core/../key.ui/examples/heap/observer/ExampleSubject_ExampleSubject.key 
70873      INFO  main            d.u.i.k.p.i.AbstractProblemLoader Loading environment from /home/runner/work/key/key/key.core/../key.ui/examples/heap/observer/ExampleSubject_ExampleSubject.key 
70873      DEBUG main            d.u.i.k.p.i.AbstractProblemLoader Environment load took 256.92ns 
70874      INFO  main            d.u.i.k.p.i.AbstractProblemLoader Creating init config 
73983      DEBUG main            d.u.i.k.p.i.AbstractProblemLoader Init config took 3.11s 
74033      INFO  main            d.u.i.k.p.i.AbstractProblemLoader Replaying proof ExampleSubject[ExampleSubject::ExampleSubject()].JML normal_behavior operation contract.0 
74035      DEBUG main            d.u.i.k.p.i.IntermediateProofReplayer Proof replay took 8.1ns 
75242      INFO  main            d.u.i.k.p.r.p.TestFile    ... finished proof: closed. 
75495      INFO  main            d.u.i.k.p.i.AbstractProblemLoader Loading environment from /home/runner/work/key/key/key.core/../key.ui/examples/heap/observer/ExampleSubject_ExampleSubject.key.proof 
75496      DEBUG main            d.u.i.k.p.i.AbstractProblemLoader Environment load took 605.73ns 
75497      INFO  main            d.u.i.k.p.i.AbstractProblemLoader Creating init config 
78635      DEBUG main            d.u.i.k.p.i.AbstractProblemLoader Init config took 3.14s 
78698      INFO  main            d.u.i.k.p.i.AbstractProblemLoader Replaying proof ExampleSubject[ExampleSubject::ExampleSubject()].JML normal_behavior operation contract.0 
78869      DEBUG main            d.u.i.k.p.i.IntermediateProofReplayer Proof replay took 164.01ms 
78871      DEBUG main            d.u.i.k.p.r.p.TestFile    ... success: reloaded. 
78872      INFO  main            d.u.i.k.p.r.p.TestFile    Now processing file /home/runner/work/key/key/key.core/../key.ui/examples/heap/observer/ExampleSubject_footprint.key 
78872      INFO  main            d.u.i.k.p.i.AbstractProblemLoader Loading environment from /home/runner/work/key/key/key.core/../key.ui/examples/heap/observer/ExampleSubject_footprint.key 
78873      DEBUG main            d.u.i.k.p.i.AbstractProblemLoader Environment load took 276.02ns 
78874      INFO  main            d.u.i.k.p.i.AbstractProblemLoader Creating init config 
82092      DEBUG main            d.u.i.k.p.i.AbstractProblemLoader Init config took 3.22s 
82151      INFO  main            d.u.i.k.p.i.AbstractProblemLoader Replaying proof ExampleSubject[Subject::$footprint()].JML accessible clause.0 
82154      DEBUG main            d.u.i.k.p.i.IntermediateProofReplayer Proof replay took 7.7ns 
82256      INFO  main            d.u.i.k.p.r.p.TestFile    ... finished proof: closed. 
82484      INFO  main            d.u.i.k.p.i.AbstractProblemLoader Loading environment from /home/runner/work/key/key/key.core/../key.ui/examples/heap/observer/ExampleSubject_footprint.key.proof 
82485      DEBUG main            d.u.i.k.p.i.AbstractProblemLoader Environment load took 138.41ns 
82486      INFO  main            d.u.i.k.p.i.AbstractProblemLoader Creating init config 
85554      DEBUG main            d.u.i.k.p.i.AbstractProblemLoader Init config took 3.07s 
85604      INFO  main            d.u.i.k.p.i.AbstractProblemLoader Replaying proof ExampleSubject[Subject::$footprint()].JML accessible clause.0 
85620      DEBUG main            d.u.i.k.p.i.IntermediateProofReplayer Proof replay took 12.13ms 
85622      DEBUG main            d.u.i.k.p.r.p.TestFile    ... success: reloaded. 
85623      INFO  main            d.u.i.k.p.r.p.TestFile    Now processing file /home/runner/work/key/key/key.core/../key.ui/examples/heap/observer/ExampleSubject_inv.key 
85623      INFO  main            d.u.i.k.p.i.AbstractProblemLoader Loading environment from /home/runner/work/key/key/key.core/../key.ui/examples/heap/observer/ExampleSubject_inv.key 
85623      DEBUG main            d.u.i.k.p.i.AbstractProblemLoader Environment load took 120.62ns 
85624      INFO  main            d.u.i.k.p.i.AbstractProblemLoader Creating init config 
88861      DEBUG main            d.u.i.k.p.i.AbstractProblemLoader Init config took 3.24s 
88910      INFO  main            d.u.i.k.p.i.AbstractProblemLoader Replaying proof ExampleSubject[java.lang.Object::<inv>()].JML accessible clause.0 
88912      DEBUG main            d.u.i.k.p.i.IntermediateProofReplayer Proof replay took 8.9ns 
90220      INFO  main            d.u.i.k.p.r.p.TestFile    ... finished proof: closed. 
90458      INFO  main            d.u.i.k.p.i.AbstractProblemLoader Loading environment from /home/runner/work/key/key/key.core/../key.ui/examples/heap/observer/ExampleSubject_inv.key.proof 
90459      DEBUG main            d.u.i.k.p.i.AbstractProblemLoader Environment load took 589.43ns 
90460      INFO  main            d.u.i.k.p.i.AbstractProblemLoader Creating init config 
93449      DEBUG main            d.u.i.k.p.i.AbstractProblemLoader Init config took 2.99s 
93519      INFO  main            d.u.i.k.p.i.AbstractProblemLoader Replaying proof ExampleSubject[java.lang.Object::<inv>()].JML accessible clause.0 
93619      DEBUG main            d.u.i.k.p.i.IntermediateProofReplayer Proof replay took 93.19ms 
93620      DEBUG main            d.u.i.k.p.r.p.TestFile    ... success: reloaded. 
93622      INFO  main            d.u.i.k.p.r.p.TestFile    Now processing file /home/runner/work/key/key/key.core/../key.ui/examples/heap/observer/ExampleSubject_notifyObservers.key 
93622      INFO  main            d.u.i.k.p.i.AbstractProblemLoader Loading environment from /home/runner/work/key/key/key.core/../key.ui/examples/heap/observer/ExampleSubject_notifyObservers.key 
93623      DEBUG main            d.u.i.k.p.i.AbstractProblemLoader Environment load took 294.93ns 
93624      INFO  main            d.u.i.k.p.i.AbstractProblemLoader Creating init config 
96697      DEBUG main            d.u.i.k.p.i.AbstractProblemLoader Init config took 3.07s 
96746      INFO  main            d.u.i.k.p.i.AbstractProblemLoader Replaying proof Subject[Subject::notifyObservers()].JML normal_behavior operation contract.0 
96748      DEBUG main            d.u.i.k.p.i.IntermediateProofReplayer Proof replay took 7.9ns 
96850      INFO  main            d.u.i.k.p.r.p.TestFile    ... finished proof: closed. 
97093      INFO  main            d.u.i.k.p.i.AbstractProblemLoader Loading environment from /home/runner/work/key/key/key.core/../key.ui/examples/heap/observer/ExampleSubject_notifyObservers.key.proof 
97093      DEBUG main            d.u.i.k.p.i.AbstractProblemLoader Environment load took 145.92ns 
97095      INFO  main            d.u.i.k.p.i.AbstractProblemLoader Creating init config 
100228     DEBUG main            d.u.i.k.p.i.AbstractProblemLoader Init config took 3.13s 
100277     INFO  main            d.u.i.k.p.i.AbstractProblemLoader Replaying proof Subject[Subject::notifyObservers()].JML normal_behavior operation contract.0 
100282     DEBUG main            d.u.i.k.p.i.IntermediateProofReplayer Proof replay took 2.48ms 
100283     DEBUG main            d.u.i.k.p.r.p.TestFile    ... success: reloaded. 
100284     INFO  main            d.u.i.k.p.r.p.TestFile    Now processing file /home/runner/work/key/key/key.core/../key.ui/examples/heap/observer/ExampleSubject_value_dep.key 
100284     INFO  main            d.u.i.k.p.i.AbstractProblemLoader Loading environment from /home/runner/work/key/key/key.core/../key.ui/examples/heap/observer/ExampleSubject_value_dep.key 
100284     DEBUG main            d.u.i.k.p.i.AbstractProblemLoader Environment load took 70.2ns 
100285     INFO  main            d.u.i.k.p.i.AbstractProblemLoader Creating init config 
103291     DEBUG main            d.u.i.k.p.i.AbstractProblemLoader Init config took 3.01s 
103373     INFO  main            d.u.i.k.p.i.AbstractProblemLoader Replaying proof ExampleSubject[ExampleSubject::value()].JML accessible clause.0 
103376     DEBUG main            d.u.i.k.p.i.IntermediateProofReplayer Proof replay took 9.1ns 
103478     INFO  main            d.u.i.k.p.r.p.TestFile    ... finished proof: closed. 
103722     INFO  main            d.u.i.k.p.i.AbstractProblemLoader Loading environment from /home/runner/work/key/key/key.core/../key.ui/examples/heap/observer/ExampleSubject_value_dep.key.proof 
103723     DEBUG main            d.u.i.k.p.i.AbstractProblemLoader Environment load took 669.76ns 
103724     INFO  main            d.u.i.k.p.i.AbstractProblemLoader Creating init config 
106710     DEBUG main            d.u.i.k.p.i.AbstractProblemLoader Init config took 2.99s 
106760     INFO  main            d.u.i.k.p.i.AbstractProblemLoader Replaying proof ExampleSubject[ExampleSubject::value()].JML accessible clause.0 
106773     DEBUG main            d.u.i.k.p.i.IntermediateProofReplayer Proof replay took 11.48ms 
106775     DEBUG main            d.u.i.k.p.r.p.TestFile    ... success: reloaded. 
106776     INFO  main            d.u.i.k.p.r.p.TestFile    Now processing file /home/runner/work/key/key/key.core/../key.ui/examples/heap/observer/ExampleSubject_value.key 
106776     INFO  main            d.u.i.k.p.i.AbstractProblemLoader Loading environment from /home/runner/work/key/key/key.core/../key.ui/examples/heap/observer/ExampleSubject_value.key 
106777     DEBUG main            d.u.i.k.p.i.AbstractProblemLoader Environment load took 284.43ns 
106778     INFO  main            d.u.i.k.p.i.AbstractProblemLoader Creating init config 
109933     DEBUG main            d.u.i.k.p.i.AbstractProblemLoader Init config took 3.16s 
109981     INFO  main            d.u.i.k.p.i.AbstractProblemLoader Replaying proof ExampleSubject[ExampleSubject::value()].JML normal_behavior operation contract.0 
109983     DEBUG main            d.u.i.k.p.i.IntermediateProofReplayer Proof replay took 8ns 
110088     INFO  main            d.u.i.k.p.r.p.TestFile    ... finished proof: closed. 
110337     INFO  main            d.u.i.k.p.i.AbstractProblemLoader Loading environment from /home/runner/work/key/key/key.core/../key.ui/examples/heap/observer/ExampleSubject_value.key.proof 
110337     DEBUG main            d.u.i.k.p.i.AbstractProblemLoader Environment load took 133.23ns 
110338     INFO  main            d.u.i.k.p.i.AbstractProblemLoader Creating init config 
113396     DEBUG main            d.u.i.k.p.i.AbstractProblemLoader Init config took 3.06s 
113452     INFO  main            d.u.i.k.p.i.AbstractProblemLoader Replaying proof ExampleSubject[ExampleSubject::value()].JML normal_behavior operation contract.0 
113464     DEBUG main            d.u.i.k.p.i.IntermediateProofReplayer Proof replay took 10.36ms 
113465     DEBUG main            d.u.i.k.p.r.p.TestFile    ... success: reloaded. 
1725709    INFO  Test worker     d.u.i.k.p.r.RunAllProofsTestUnit Returning from test observer 
1725710    INFO  Test worker     d.u.i.k.p.r.RunAllProofsTestUnit Running test removeDups 
407        INFO  Timeout watchdog d.u.i.k.p.r.p.ForkedTestFileRunner Timeout watcher launched (2000 secs.) 
422        WARN  main            d.u.i.k.s.ProofSettings   The settings in /home/runner/.key/proof-settings.props are *not* read. 
467        INFO  main            d.u.i.k.p.r.p.TestFile    Now processing file /home/runner/work/key/key/key.core/../key.ui/examples/heap/removeDups/arrayPart.key 
596        INFO  main            d.u.i.k.p.i.AbstractProblemLoader Loading environment from /home/runner/work/key/key/key.core/../key.ui/examples/heap/removeDups/arrayPart.key 
616        DEBUG main            d.u.i.k.p.i.AbstractProblemLoader Environment load took 2.42ms 
887        INFO  main            d.u.i.k.p.i.AbstractProblemLoader Creating init config 
1873       DEBUG main            d.u.i.k.j.TypeConverter   No LDT found for Meta 
1874       DEBUG main            d.u.i.k.j.TypeConverter   No LDT found for Meta 
1876       DEBUG main            d.u.i.k.j.TypeConverter   No LDT found for Meta 
1876       DEBUG main            d.u.i.k.j.TypeConverter   No LDT found for Meta 
3443       DEBUG main            d.u.i.k.j.TypeConverter   No LDT found for JavaBigintExpression 
9714       DEBUG main            d.u.i.k.p.i.AbstractProblemLoader Init config took 8.83s 
9874       INFO  main            d.u.i.k.p.i.AbstractProblemLoader Replaying proof RemoveDup[RemoveDup::arrayPart([I,int)].JML normal_behavior operation contract.0 
9918       DEBUG main            d.u.i.k.p.i.IntermediateProofReplayer Proof replay took 37.5ns 
12867      INFO  main            d.u.i.k.p.r.p.TestFile    ... finished proof: closed. 
13045      INFO  main            d.u.i.k.p.i.AbstractProblemLoader Loading environment from /home/runner/work/key/key/key.core/../key.ui/examples/heap/removeDups/arrayPart.key.proof 
13046      DEBUG main            d.u.i.k.p.i.AbstractProblemLoader Environment load took 170.23ns 
13055      INFO  main            d.u.i.k.p.i.AbstractProblemLoader Creating init config 
16527      DEBUG main            d.u.i.k.p.i.AbstractProblemLoader Init config took 3.47s 
16610      INFO  main            d.u.i.k.p.i.AbstractProblemLoader Replaying proof RemoveDup[RemoveDup::arrayPart([I,int)].JML normal_behavior operation contract.0 
16937      DEBUG main            d.u.i.k.p.i.IntermediateProofReplayer Proof replay took 312.99ms 
16946      DEBUG main            d.u.i.k.p.r.p.TestFile    ... success: reloaded. 
16947      INFO  main            d.u.i.k.p.r.p.TestFile    Now processing file /home/runner/work/key/key/key.core/../key.ui/examples/heap/removeDups/contains.key 
16948      INFO  main            d.u.i.k.p.i.AbstractProblemLoader Loading environment from /home/runner/work/key/key/key.core/../key.ui/examples/heap/removeDups/contains.key 
16948      DEBUG main            d.u.i.k.p.i.AbstractProblemLoader Environment load took 290.93ns 
16950      INFO  main            d.u.i.k.p.i.AbstractProblemLoader Creating init config 
20486      DEBUG main            d.u.i.k.p.i.AbstractProblemLoader Init config took 3.54s 
20548      INFO  main            d.u.i.k.p.i.AbstractProblemLoader Replaying proof RemoveDup[RemoveDup::contains([I,int,int)].JML normal_behavior operation contract.0 
20551      DEBUG main            d.u.i.k.p.i.IntermediateProofReplayer Proof replay took 6.8ns 
21156      INFO  main            d.u.i.k.p.r.p.TestFile    ... finished proof: closed. 
21344      INFO  main            d.u.i.k.p.i.AbstractProblemLoader Loading environment from /home/runner/work/key/key/key.core/../key.ui/examples/heap/removeDups/contains.key.proof 
21346      DEBUG main            d.u.i.k.p.i.AbstractProblemLoader Environment load took 1.48ms 
21349      INFO  main            d.u.i.k.p.i.AbstractProblemLoader Creating init config 
24600      DEBUG main            d.u.i.k.p.i.AbstractProblemLoader Init config took 3.25s 
24670      INFO  main            d.u.i.k.p.i.AbstractProblemLoader Replaying proof RemoveDup[RemoveDup::contains([I,int,int)].JML normal_behavior operation contract.0 
24767      DEBUG main            d.u.i.k.p.i.IntermediateProofReplayer Proof replay took 91.35ms 
24769      DEBUG main            d.u.i.k.p.r.p.TestFile    ... success: reloaded. 
24770      INFO  main            d.u.i.k.p.r.p.TestFile    Now processing file /home/runner/work/key/key/key.core/../key.ui/examples/heap/removeDups/removeDup.key 
24770      INFO  main            d.u.i.k.p.i.AbstractProblemLoader Loading environment from /home/runner/work/key/key/key.core/../key.ui/examples/heap/removeDups/removeDup.key 
24771      DEBUG main            d.u.i.k.p.i.AbstractProblemLoader Environment load took 288.93ns 
24772      INFO  main            d.u.i.k.p.i.AbstractProblemLoader Creating init config 
28122      DEBUG main            d.u.i.k.p.i.AbstractProblemLoader Init config took 3.35s 
28179      INFO  main            d.u.i.k.p.i.AbstractProblemLoader Replaying proof RemoveDup[RemoveDup::removeDup([I)].JML normal_behavior operation contract.0 
28182      DEBUG main            d.u.i.k.p.i.IntermediateProofReplayer Proof replay took 7ns 
52374      INFO  main            d.u.i.k.p.r.p.TestFile    ... finished proof: closed. 
52663      INFO  main            d.u.i.k.p.i.AbstractProblemLoader Loading environment from /home/runner/work/key/key/key.core/../key.ui/examples/heap/removeDups/removeDup.key.proof 
52664      DEBUG main            d.u.i.k.p.i.AbstractProblemLoader Environment load took 560.36ns 
52670      INFO  main            d.u.i.k.p.i.AbstractProblemLoader Creating init config 
55777      DEBUG main            d.u.i.k.p.i.AbstractProblemLoader Init config took 3.11s 
55853      INFO  main            d.u.i.k.p.i.AbstractProblemLoader Replaying proof RemoveDup[RemoveDup::removeDup([I)].JML normal_behavior operation contract.0 
57338      DEBUG main            d.u.i.k.p.i.IntermediateProofReplayer Proof replay took 1.41s 
57342      DEBUG main            d.u.i.k.p.r.p.TestFile    ... success: reloaded. 
57343      INFO  main            d.u.i.k.p.r.p.TestFile    Now processing file /home/runner/work/key/key/key.core/../key.ui/examples/heap/saddleback_search/Saddleback_search.key 
57344      INFO  main            d.u.i.k.p.i.AbstractProblemLoader Loading environment from /home/runner/work/key/key/key.core/../key.ui/examples/heap/saddleback_search/Saddleback_search.key 
57346      DEBUG main            d.u.i.k.p.i.AbstractProblemLoader Environment load took 2.19ms 
57348      INFO  main            d.u.i.k.p.i.AbstractProblemLoader Creating init config 
60562      DEBUG main            d.u.i.k.p.i.AbstractProblemLoader Init config took 3.21s 
60609      INFO  main            d.u.i.k.p.i.AbstractProblemLoader Replaying proof Saddleback[Saddleback::search([[I,int)].JML normal_behavior operation contract.0 
60620      DEBUG main            d.u.i.k.p.i.IntermediateProofReplayer Proof replay took 7.8ns 
154816     INFO  main            d.u.i.k.p.r.p.TestFile    ... finished proof: closed. 
155291     INFO  main            d.u.i.k.p.i.AbstractProblemLoader Loading environment from /home/runner/work/key/key/key.core/../key.ui/examples/heap/saddleback_search/Saddleback_search.key.proof 
155292     DEBUG main            d.u.i.k.p.i.AbstractProblemLoader Environment load took 529.45ns 
155306     INFO  main            d.u.i.k.p.i.AbstractProblemLoader Creating init config 
158281     DEBUG main            d.u.i.k.p.i.AbstractProblemLoader Init config took 2.98s 
158340     INFO  main            d.u.i.k.p.i.AbstractProblemLoader Replaying proof Saddleback[Saddleback::search([[I,int)].JML normal_behavior operation contract.0 
160283     DEBUG main            d.u.i.k.p.i.IntermediateProofReplayer Proof replay took 1.76s 
160294     DEBUG main            d.u.i.k.p.r.p.TestFile    ... success: reloaded. 
1886197    INFO  Test worker     d.u.i.k.p.r.RunAllProofsTestUnit Returning from test removeDups 
1886198    INFO  Test worker     d.u.i.k.p.r.RunAllProofsTestUnit Running test quicksort 
431        INFO  Timeout watchdog d.u.i.k.p.r.p.ForkedTestFileRunner Timeout watcher launched (2000 secs.) 
440        WARN  main            d.u.i.k.s.ProofSettings   The settings in /home/runner/.key/proof-settings.props are *not* read. 
477        INFO  main            d.u.i.k.p.r.p.TestFile    Now processing file /home/runner/work/key/key/key.core/../key.ui/examples/heap/quicksort/toplevel.key 
605        INFO  main            d.u.i.k.p.i.AbstractProblemLoader Loading environment from /home/runner/work/key/key/key.core/../key.ui/examples/heap/quicksort/toplevel.key 
624        DEBUG main            d.u.i.k.p.i.AbstractProblemLoader Environment load took 2.5ms 
871        INFO  main            d.u.i.k.p.i.AbstractProblemLoader Creating init config 
1970       DEBUG main            d.u.i.k.j.TypeConverter   No LDT found for Meta 
1970       DEBUG main            d.u.i.k.j.TypeConverter   No LDT found for Meta 
1971       DEBUG main            d.u.i.k.j.TypeConverter   No LDT found for Meta 
1971       DEBUG main            d.u.i.k.j.TypeConverter   No LDT found for Meta 
3472       DEBUG main            d.u.i.k.j.TypeConverter   No LDT found for JavaBigintExpression 
9569       DEBUG main            d.u.i.k.p.i.AbstractProblemLoader Init config took 8.7s 
9711       INFO  main            d.u.i.k.p.i.AbstractProblemLoader Replaying proof Quicksort[Quicksort::sort([I)].JML normal_behavior operation contract.0 
9752       DEBUG main            d.u.i.k.p.i.IntermediateProofReplayer Proof replay took 37.3ns 
11102      INFO  main            d.u.i.k.p.r.p.TestFile    ... finished proof: closed. 
11258      INFO  main            d.u.i.k.p.i.AbstractProblemLoader Loading environment from /home/runner/work/key/key/key.core/../key.ui/examples/heap/quicksort/toplevel.key.proof 
11263      DEBUG main            d.u.i.k.p.i.AbstractProblemLoader Environment load took 5.29ms 
11267      INFO  main            d.u.i.k.p.i.AbstractProblemLoader Creating init config 
14903      DEBUG main            d.u.i.k.p.i.AbstractProblemLoader Init config took 3.64s 
15018      INFO  main            d.u.i.k.p.i.AbstractProblemLoader Replaying proof Quicksort[Quicksort::sort([I)].JML normal_behavior operation contract.0 
15198      DEBUG main            d.u.i.k.p.i.IntermediateProofReplayer Proof replay took 169.96ms 
15209      DEBUG main            d.u.i.k.p.r.p.TestFile    ... success: reloaded. 
15215      INFO  main            d.u.i.k.p.r.p.TestFile    Now processing file /home/runner/work/key/key/key.core/../key.ui/examples/heap/quicksort/sort.key 
15215      INFO  main            d.u.i.k.p.i.AbstractProblemLoader Loading environment from /home/runner/work/key/key/key.core/../key.ui/examples/heap/quicksort/sort.key 
15215      DEBUG main            d.u.i.k.p.i.AbstractProblemLoader Environment load took 165.11ns 
15219      INFO  main            d.u.i.k.p.i.AbstractProblemLoader Creating init config 
18578      DEBUG main            d.u.i.k.p.i.AbstractProblemLoader Init config took 3.36s 
18644      INFO  main            d.u.i.k.p.i.AbstractProblemLoader Replaying proof Quicksort[Quicksort::sort([I,int,int)].JML normal_behavior operation contract.0 
18649      DEBUG main            d.u.i.k.p.i.IntermediateProofReplayer Proof replay took 8.9ns 
18692      DEBUG main            d.u.i.k.m.s.ProofScriptEngine [1] goal: 0, source line: 7, command: 'script 'sort.script'' 
18692      INFO  main            d.u.i.k.m.s.ProofScriptCommand Included script /home/runner/work/key/key/key.core/../key.ui/examples/heap/quicksort/sort.script 
18696      DEBUG main            d.u.i.k.m.s.ProofScriptEngine [1] goal: 0, source line: 1, command: 'macro autopilot-prep' 
20117      DEBUG main            d.u.i.k.m.s.ProofScriptEngine [2] goal: 358, source line: 3, command: 'select formula="{heapAtPre:=heap || exc:=null || heap:=heapAfter_sort_0}
   seq ...' 
20119      DEBUG main            d.u.i.k.m.s.ProofScriptEngine [3] goal: 358, source line: 9, command: 'macro simp-upd' 
20134      DEBUG main            d.u.i.k.m.s.ProofScriptEngine [4] goal: 369, source line: 11, command: 'let   @seqPre="seqDef{int u;}(0, array.length, array[u])"
    @seqSplit="seqDef ...' 
20140      DEBUG main            d.u.i.k.m.s.ProofScriptEngine [5] goal: 369, source line: 16, command: 'rule seqPermSym 
  formula="seqPerm(@seqSplit, @seqPre)"' 
20162      DEBUG main            d.u.i.k.m.s.ProofScriptEngine [6] goal: 370, source line: 19, command: 'rule seqPermSym
  formula="seqPerm(@seqSort, @seqSplit)"' 
20165      DEBUG main            d.u.i.k.m.s.ProofScriptEngine [7] goal: 371, source line: 22, command: 'rule seqPermSym
  formula="seqPerm(@seqSort0, @seqSort)"' 
20168      DEBUG main            d.u.i.k.m.s.ProofScriptEngine [8] goal: 372, source line: 25, command: 'rule seqPermTrans
  formula="seqPerm(@seqPre, @seqSplit)"' 
20169      DEBUG main            d.u.i.k.m.s.ProofScriptEngine [9] goal: 373, source line: 28, command: 'rule seqPermTrans
  formula="seqPerm(@seqPre, @seqSort)"' 
20171      DEBUG main            d.u.i.k.m.s.ProofScriptEngine [10] goal: 374, source line: 31, command: 'rule seqPermSym
  formula="seqPerm(@seqPre, @seqSort0)"' 
20173      DEBUG main            d.u.i.k.m.s.ProofScriptEngine [11] goal: 375, source line: 34, command: 'tryclose' 
50984      INFO  main            d.u.i.k.p.r.p.TestFile    ... finished proof: closed. 
51315      INFO  main            d.u.i.k.p.i.AbstractProblemLoader Loading environment from /home/runner/work/key/key/key.core/../key.ui/examples/heap/quicksort/sort.key.proof 
51315      DEBUG main            d.u.i.k.p.i.AbstractProblemLoader Environment load took 297.72ns 
51327      INFO  main            d.u.i.k.p.i.AbstractProblemLoader Creating init config 
54562      DEBUG main            d.u.i.k.p.i.AbstractProblemLoader Init config took 3.24s 
54635      INFO  main            d.u.i.k.p.i.AbstractProblemLoader Replaying proof Quicksort[Quicksort::sort([I,int,int)].JML normal_behavior operation contract.0 
56559      DEBUG main            d.u.i.k.p.i.IntermediateProofReplayer Proof replay took 1.79s 
56587      DEBUG main            d.u.i.k.p.r.p.TestFile    ... success: reloaded. 
56590      INFO  main            d.u.i.k.p.r.p.TestFile    Now processing file /home/runner/work/key/key/key.core/../key.ui/examples/heap/quicksort/split.key 
56604      INFO  main            d.u.i.k.p.i.AbstractProblemLoader Loading environment from /home/runner/work/key/key/key.core/../key.ui/examples/heap/quicksort/split.key 
56604      DEBUG main            d.u.i.k.p.i.AbstractProblemLoader Environment load took 406.03ns 
56605      INFO  main            d.u.i.k.p.i.AbstractProblemLoader Creating init config 
60089      DEBUG main            d.u.i.k.p.i.AbstractProblemLoader Init config took 3.48s 
60143      INFO  main            d.u.i.k.p.i.AbstractProblemLoader Replaying proof Quicksort[Quicksort::split([I,int,int)].JML normal_behavior operation contract.0 
60147      DEBUG main            d.u.i.k.p.i.IntermediateProofReplayer Proof replay took 6.8ns 
60147      DEBUG main            d.u.i.k.m.s.ProofScriptEngine [1] goal: 0, source line: 15, command: 'macro autopilot-prep' 
61564      DEBUG main            d.u.i.k.m.s.ProofScriptEngine [2] goal: 520, source line: 17, command: 'tryclose' 
105657     DEBUG main            d.u.i.k.m.s.ProofScriptEngine [3] goal: 495, source line: 20, command: 'macro simp-upd' 
105801     DEBUG main            d.u.i.k.m.s.ProofScriptEngine [4] goal: 495, source line: 25, command: 'rule seqPermFromSwap' 
105817     DEBUG main            d.u.i.k.m.s.ProofScriptEngine [5] goal: 40829, source line: 26, command: 'rule andRight' 
105824     DEBUG main            d.u.i.k.m.s.ProofScriptEngine [6] goal: 40830, source line: 27, command: 'auto' 
105857     DEBUG main            d.u.i.k.m.s.ProofScriptEngine [7] goal: 40831, source line: 29, command: 'instantiate hide var=iv with=i_0' 
105860     DEBUG main            d.u.i.k.m.s.ProofScriptEngine [8] goal: 40836, source line: 31, command: 'instantiate hide var=jv with=j_0' 
105864     DEBUG main            d.u.i.k.m.s.ProofScriptEngine [9] goal: 40837, source line: 32, command: 'auto' 
113328     DEBUG main            d.u.i.k.m.s.ProofScriptEngine [10] goal: 190, source line: 34, command: 'macro simp-upd' 
113478     DEBUG main            d.u.i.k.m.s.ProofScriptEngine [11] goal: 46168, source line: 36, command: 'rule seqPermFromSwap' 
113480     DEBUG main            d.u.i.k.m.s.ProofScriptEngine [12] goal: 46169, source line: 37, command: 'rule andRight' 
113484     DEBUG main            d.u.i.k.m.s.ProofScriptEngine [13] goal: 46170, source line: 38, command: 'auto' 
113503     DEBUG main            d.u.i.k.m.s.ProofScriptEngine [14] goal: 46171, source line: 40, command: 'instantiate hide var=iv with=i_0' 
113504     DEBUG main            d.u.i.k.m.s.ProofScriptEngine [15] goal: 46176, source line: 42, command: 'instantiate hide var=jv with=to' 
113508     DEBUG main            d.u.i.k.m.s.ProofScriptEngine [16] goal: 46177, source line: 43, command: 'auto' 
119249     INFO  main            d.u.i.k.p.r.p.TestFile    ... finished proof: closed. 
119891     INFO  main            d.u.i.k.p.i.AbstractProblemLoader Loading environment from /home/runner/work/key/key/key.core/../key.ui/examples/heap/quicksort/split.key.proof 
119891     DEBUG main            d.u.i.k.p.i.AbstractProblemLoader Environment load took 239.32ns 
119904     INFO  main            d.u.i.k.p.i.AbstractProblemLoader Creating init config 
122950     DEBUG main            d.u.i.k.p.i.AbstractProblemLoader Init config took 3.05s 
123019     INFO  main            d.u.i.k.p.i.AbstractProblemLoader Replaying proof Quicksort[Quicksort::split([I,int,int)].JML normal_behavior operation contract.0 
125984     DEBUG main            d.u.i.k.p.i.IntermediateProofReplayer Proof replay took 2.65s 
126058     DEBUG main            d.u.i.k.p.r.p.TestFile    ... success: reloaded. 
2013436    INFO  Test worker     d.u.i.k.p.r.RunAllProofsTestUnit Returning from test quicksort 
2013438    INFO  Test worker     d.u.i.k.p.r.RunAllProofsTestUnit Running test simpleTests 
395        INFO  Timeout watchdog d.u.i.k.p.r.p.ForkedTestFileRunner Timeout watcher launched (2000 secs.) 
405        WARN  main            d.u.i.k.s.ProofSettings   The settings in /home/runner/.key/proof-settings.props are *not* read. 
450        INFO  main            d.u.i.k.p.r.p.TestFile    Now processing file /home/runner/work/key/key/key.core/../key.ui/examples/heap/simple/anonymise_datagroup.key 
578        INFO  main            d.u.i.k.p.i.AbstractProblemLoader Loading environment from /home/runner/work/key/key/key.core/../key.ui/examples/heap/simple/anonymise_datagroup.key 
598        DEBUG main            d.u.i.k.p.i.AbstractProblemLoader Environment load took 2.14ms 
903        INFO  main            d.u.i.k.p.i.AbstractProblemLoader Creating init config 
1971       DEBUG main            d.u.i.k.j.TypeConverter   No LDT found for Meta 
1971       DEBUG main            d.u.i.k.j.TypeConverter   No LDT found for Meta 
1972       DEBUG main            d.u.i.k.j.TypeConverter   No LDT found for Meta 
1972       DEBUG main            d.u.i.k.j.TypeConverter   No LDT found for Meta 
3693       DEBUG main            d.u.i.k.j.TypeConverter   No LDT found for JavaBigintExpression 
8795       DEBUG main            d.u.i.k.p.i.AbstractProblemLoader Init config took 7.89s 
8863       INFO  main            d.u.i.k.p.i.AbstractProblemLoader Replaying proof anonymise_datagroup.key 
8902       DEBUG main            d.u.i.k.p.i.IntermediateProofReplayer Proof replay took 39.3ns 
9183       INFO  main            d.u.i.k.p.r.p.TestFile    ... finished proof: closed. 
9294       INFO  main            d.u.i.k.p.i.AbstractProblemLoader Loading environment from /home/runner/work/key/key/key.core/../key.ui/examples/heap/simple/anonymise_datagroup.key.proof 
9297       DEBUG main            d.u.i.k.p.i.AbstractProblemLoader Environment load took 2.03ms 
9306       INFO  main            d.u.i.k.p.i.AbstractProblemLoader Creating init config 
12340      DEBUG main            d.u.i.k.p.i.AbstractProblemLoader Init config took 3.03s 
12384      INFO  main            d.u.i.k.p.i.AbstractProblemLoader Replaying proof anonymise_datagroup.key.proof 
12406      DEBUG main            d.u.i.k.p.i.IntermediateProofReplayer Proof replay took 16.37ms 
12419      DEBUG main            d.u.i.k.p.r.p.TestFile    ... success: reloaded. 
12421      INFO  main            d.u.i.k.p.r.p.TestFile    Now processing file /home/runner/work/key/key/key.core/../key.ui/examples/heap/simple/array_creation.key 
12421      INFO  main            d.u.i.k.p.i.AbstractProblemLoader Loading environment from /home/runner/work/key/key/key.core/../key.ui/examples/heap/simple/array_creation.key 
12422      DEBUG main            d.u.i.k.p.i.AbstractProblemLoader Environment load took 306.92ns 
12425      INFO  main            d.u.i.k.p.i.AbstractProblemLoader Creating init config 
15461      DEBUG main            d.u.i.k.p.i.AbstractProblemLoader Init config took 3.04s 
15509      INFO  main            d.u.i.k.p.i.AbstractProblemLoader Replaying proof array_creation.key 
15515      DEBUG main            d.u.i.k.p.i.IntermediateProofReplayer Proof replay took 7.5ns 
16433      INFO  main            d.u.i.k.p.r.p.TestFile    ... finished proof: closed. 
16623      INFO  main            d.u.i.k.p.i.AbstractProblemLoader Loading environment from /home/runner/work/key/key/key.core/../key.ui/examples/heap/simple/array_creation.key.proof 
16624      DEBUG main            d.u.i.k.p.i.AbstractProblemLoader Environment load took 1.23ms 
16629      INFO  main            d.u.i.k.p.i.AbstractProblemLoader Creating init config 
19528      DEBUG main            d.u.i.k.p.i.AbstractProblemLoader Init config took 2.9s 
19570      INFO  main            d.u.i.k.p.i.AbstractProblemLoader Replaying proof array_creation.key.proof 
19738      DEBUG main            d.u.i.k.p.i.IntermediateProofReplayer Proof replay took 156.12ms 
19739      DEBUG main            d.u.i.k.p.r.p.TestFile    ... success: reloaded. 
19741      INFO  main            d.u.i.k.p.r.p.TestFile    Now processing file /home/runner/work/key/key/key.core/../key.ui/examples/heap/simple/arrays_with_disjoint_sorts.key 
19741      INFO  main            d.u.i.k.p.i.AbstractProblemLoader Loading environment from /home/runner/work/key/key/key.core/../key.ui/examples/heap/simple/arrays_with_disjoint_sorts.key 
19742      DEBUG main            d.u.i.k.p.i.AbstractProblemLoader Environment load took 299.02ns 
19743      INFO  main            d.u.i.k.p.i.AbstractProblemLoader Creating init config 
22733      DEBUG main            d.u.i.k.p.i.AbstractProblemLoader Init config took 2.99s 
22763      INFO  main            d.u.i.k.p.i.AbstractProblemLoader Replaying proof arrays_with_disjoint_sorts.key 
22766      DEBUG main            d.u.i.k.p.i.IntermediateProofReplayer Proof replay took 7.2ns 
22970      INFO  main            d.u.i.k.p.r.p.TestFile    ... finished proof: closed. 
23206      INFO  main            d.u.i.k.p.i.AbstractProblemLoader Loading environment from /home/runner/work/key/key/key.core/../key.ui/examples/heap/simple/arrays_with_disjoint_sorts.key.proof 
23209      DEBUG main            d.u.i.k.p.i.AbstractProblemLoader Environment load took 2.24ms 
23210      INFO  main            d.u.i.k.p.i.AbstractProblemLoader Creating init config 
26018      DEBUG main            d.u.i.k.p.i.AbstractProblemLoader Init config took 2.81s 
26045      INFO  main            d.u.i.k.p.i.AbstractProblemLoader Replaying proof arrays_with_disjoint_sorts.key.proof 
26069      DEBUG main            d.u.i.k.p.i.IntermediateProofReplayer Proof replay took 20.34ms 
26071      DEBUG main            d.u.i.k.p.r.p.TestFile    ... success: reloaded. 
26072      INFO  main            d.u.i.k.p.r.p.TestFile    Now processing file /home/runner/work/key/key/key.core/../key.ui/examples/heap/simple/arrays.key 
26072      INFO  main            d.u.i.k.p.i.AbstractProblemLoader Loading environment from /home/runner/work/key/key/key.core/../key.ui/examples/heap/simple/arrays.key 
26073      DEBUG main            d.u.i.k.p.i.AbstractProblemLoader Environment load took 279.62ns 
26074      INFO  main            d.u.i.k.p.i.AbstractProblemLoader Creating init config 
28879      DEBUG main            d.u.i.k.p.i.AbstractProblemLoader Init config took 2.8s 
28910      INFO  main            d.u.i.k.p.i.AbstractProblemLoader Replaying proof arrays.key 
28913      DEBUG main            d.u.i.k.p.i.IntermediateProofReplayer Proof replay took 7.8ns 
29118      INFO  main            d.u.i.k.p.r.p.TestFile    ... finished proof: closed. 
29296      INFO  main            d.u.i.k.p.i.AbstractProblemLoader Loading environment from /home/runner/work/key/key/key.core/../key.ui/examples/heap/simple/arrays.key.proof 
29296      DEBUG main            d.u.i.k.p.i.AbstractProblemLoader Environment load took 146.61ns 
29297      INFO  main            d.u.i.k.p.i.AbstractProblemLoader Creating init config 
32110      DEBUG main            d.u.i.k.p.i.AbstractProblemLoader Init config took 2.81s 
32135      INFO  main            d.u.i.k.p.i.AbstractProblemLoader Replaying proof arrays.key.proof 
32157      DEBUG main            d.u.i.k.p.i.IntermediateProofReplayer Proof replay took 17.89ms 
32158      DEBUG main            d.u.i.k.p.r.p.TestFile    ... success: reloaded. 
32159      INFO  main            d.u.i.k.p.r.p.TestFile    Now processing file /home/runner/work/key/key/key.core/../key.ui/examples/heap/simple/attributes.key 
32160      INFO  main            d.u.i.k.p.i.AbstractProblemLoader Loading environment from /home/runner/work/key/key/key.core/../key.ui/examples/heap/simple/attributes.key 
32160      DEBUG main            d.u.i.k.p.i.AbstractProblemLoader Environment load took 255.92ns 
32162      INFO  main            d.u.i.k.p.i.AbstractProblemLoader Creating init config 
35001      DEBUG main            d.u.i.k.p.i.AbstractProblemLoader Init config took 2.84s 
35027      INFO  main            d.u.i.k.p.i.AbstractProblemLoader Replaying proof attributes.key 
35029      DEBUG main            d.u.i.k.p.i.IntermediateProofReplayer Proof replay took 7ns 
35132      INFO  main            d.u.i.k.p.r.p.TestFile    ... finished proof: closed. 
35312      INFO  main            d.u.i.k.p.i.AbstractProblemLoader Loading environment from /home/runner/work/key/key/key.core/../key.ui/examples/heap/simple/attributes.key.proof 
35312      DEBUG main            d.u.i.k.p.i.AbstractProblemLoader Environment load took 132.61ns 
35314      INFO  main            d.u.i.k.p.i.AbstractProblemLoader Creating init config 
38173      DEBUG main            d.u.i.k.p.i.AbstractProblemLoader Init config took 2.86s 
38198      INFO  main            d.u.i.k.p.i.AbstractProblemLoader Replaying proof attributes.key.proof 
38203      DEBUG main            d.u.i.k.p.i.IntermediateProofReplayer Proof replay took 1.71ms 
38204      DEBUG main            d.u.i.k.p.r.p.TestFile    ... success: reloaded. 
38205      INFO  main            d.u.i.k.p.r.p.TestFile    Now processing file /home/runner/work/key/key/key.core/../key.ui/examples/heap/simple/constructor_contracts.key 
38205      INFO  main            d.u.i.k.p.i.AbstractProblemLoader Loading environment from /home/runner/work/key/key/key.core/../key.ui/examples/heap/simple/constructor_contracts.key 
38205      DEBUG main            d.u.i.k.p.i.AbstractProblemLoader Environment load took 214.31ns 
38208      INFO  main            d.u.i.k.p.i.AbstractProblemLoader Creating init config 
41547      DEBUG main            d.u.i.k.p.i.AbstractProblemLoader Init config took 3.34s 
41605      INFO  main            d.u.i.k.p.i.AbstractProblemLoader Replaying proof constructor_contracts.key 
41609      DEBUG main            d.u.i.k.p.i.IntermediateProofReplayer Proof replay took 7.2ns 
42322      INFO  main            d.u.i.k.p.r.p.TestFile    ... finished proof: closed. 
42558      INFO  main            d.u.i.k.p.i.AbstractProblemLoader Loading environment from /home/runner/work/key/key/key.core/../key.ui/examples/heap/simple/constructor_contracts.key.proof 
42562      DEBUG main            d.u.i.k.p.i.AbstractProblemLoader Environment load took 3.79ms 
42564      INFO  main            d.u.i.k.p.i.AbstractProblemLoader Creating init config 
45661      DEBUG main            d.u.i.k.p.i.AbstractProblemLoader Init config took 3.1s 
45686      INFO  main            d.u.i.k.p.i.AbstractProblemLoader Replaying proof constructor_contracts.key.proof 
45831      DEBUG main            d.u.i.k.p.i.IntermediateProofReplayer Proof replay took 141ms 
45833      DEBUG main            d.u.i.k.p.r.p.TestFile    ... success: reloaded. 
45835      INFO  main            d.u.i.k.p.r.p.TestFile    Now processing file /home/runner/work/key/key/key.core/../key.ui/examples/heap/simple/dependencies.key 
45835      INFO  main            d.u.i.k.p.i.AbstractProblemLoader Loading environment from /home/runner/work/key/key/key.core/../key.ui/examples/heap/simple/dependencies.key 
45835      DEBUG main            d.u.i.k.p.i.AbstractProblemLoader Environment load took 116.81ns 
45837      INFO  main            d.u.i.k.p.i.AbstractProblemLoader Creating init config 
48628      DEBUG main            d.u.i.k.p.i.AbstractProblemLoader Init config took 2.79s 
48651      INFO  main            d.u.i.k.p.i.AbstractProblemLoader Replaying proof dependencies.key 
48653      DEBUG main            d.u.i.k.p.i.IntermediateProofReplayer Proof replay took 8.2ns 
48757      INFO  main            d.u.i.k.p.r.p.TestFile    ... finished proof: closed. 
48992      INFO  main            d.u.i.k.p.i.AbstractProblemLoader Loading environment from /home/runner/work/key/key/key.core/../key.ui/examples/heap/simple/dependencies.key.proof 
48993      DEBUG main            d.u.i.k.p.i.AbstractProblemLoader Environment load took 137.41ns 
48994      INFO  main            d.u.i.k.p.i.AbstractProblemLoader Creating init config 
51651      DEBUG main            d.u.i.k.p.i.AbstractProblemLoader Init config took 2.66s 
51673      INFO  main            d.u.i.k.p.i.AbstractProblemLoader Replaying proof dependencies.key.proof 
51682      DEBUG main            d.u.i.k.p.i.IntermediateProofReplayer Proof replay took 6.61ms 
51684      DEBUG main            d.u.i.k.p.r.p.TestFile    ... success: reloaded. 
51685      INFO  main            d.u.i.k.p.r.p.TestFile    Now processing file /home/runner/work/key/key/key.core/../key.ui/examples/heap/simple/dependency_contracts.key 
51685      INFO  main            d.u.i.k.p.i.AbstractProblemLoader Loading environment from /home/runner/work/key/key/key.core/../key.ui/examples/heap/simple/dependency_contracts.key 
51685      DEBUG main            d.u.i.k.p.i.AbstractProblemLoader Environment load took 246.62ns 
51687      INFO  main            d.u.i.k.p.i.AbstractProblemLoader Creating init config 
54821      DEBUG main            d.u.i.k.p.i.AbstractProblemLoader Init config took 3.13s 
54845      INFO  main            d.u.i.k.p.i.AbstractProblemLoader Replaying proof dependency_contracts.key 
54847      DEBUG main            d.u.i.k.p.i.IntermediateProofReplayer Proof replay took 7.6ns 
56260      INFO  main            d.u.i.k.p.r.p.TestFile    ... finished proof: closed. 
56476      INFO  main            d.u.i.k.p.i.AbstractProblemLoader Loading environment from /home/runner/work/key/key/key.core/../key.ui/examples/heap/simple/dependency_contracts.key.proof 
56478      DEBUG main            d.u.i.k.p.i.AbstractProblemLoader Environment load took 2.58ms 
56481      INFO  main            d.u.i.k.p.i.AbstractProblemLoader Creating init config 
59491      DEBUG main            d.u.i.k.p.i.AbstractProblemLoader Init config took 3.01s 
59515      INFO  main            d.u.i.k.p.i.AbstractProblemLoader Replaying proof dependency_contracts.key.proof 
59696      DEBUG main            d.u.i.k.p.i.IntermediateProofReplayer Proof replay took 170.88ms 
59701      DEBUG main            d.u.i.k.p.r.p.TestFile    ... success: reloaded. 
59703      INFO  main            d.u.i.k.p.r.p.TestFile    Now processing file /home/runner/work/key/key/key.core/../key.ui/examples/heap/simple/invariant_preservation.key 
59703      INFO  main            d.u.i.k.p.i.AbstractProblemLoader Loading environment from /home/runner/work/key/key/key.core/../key.ui/examples/heap/simple/invariant_preservation.key 
59703      DEBUG main            d.u.i.k.p.i.AbstractProblemLoader Environment load took 250.42ns 
59705      INFO  main            d.u.i.k.p.i.AbstractProblemLoader Creating init config 
62732      DEBUG main            d.u.i.k.p.i.AbstractProblemLoader Init config took 3.03s 
62757      INFO  main            d.u.i.k.p.i.AbstractProblemLoader Replaying proof invariant_preservation.key 
62759      DEBUG main            d.u.i.k.p.i.IntermediateProofReplayer Proof replay took 7.9ns 
62965      INFO  main            d.u.i.k.p.r.p.TestFile    ... finished proof: closed. 
63221      INFO  main            d.u.i.k.p.i.AbstractProblemLoader Loading environment from /home/runner/work/key/key/key.core/../key.ui/examples/heap/simple/invariant_preservation.key.proof 
63221      DEBUG main            d.u.i.k.p.i.AbstractProblemLoader Environment load took 157.31ns 
63226      INFO  main            d.u.i.k.p.i.AbstractProblemLoader Creating init config 
66261      DEBUG main            d.u.i.k.p.i.AbstractProblemLoader Init config took 3.04s 
66287      INFO  main            d.u.i.k.p.i.AbstractProblemLoader Replaying proof invariant_preservation.key.proof 
66318      DEBUG main            d.u.i.k.p.i.IntermediateProofReplayer Proof replay took 28.3ms 
66320      DEBUG main            d.u.i.k.p.r.p.TestFile    ... success: reloaded. 
66322      INFO  main            d.u.i.k.p.r.p.TestFile    Now processing file /home/runner/work/key/key/key.core/../key.ui/examples/heap/simple/locsets.key 
66322      INFO  main            d.u.i.k.p.i.AbstractProblemLoader Loading environment from /home/runner/work/key/key/key.core/../key.ui/examples/heap/simple/locsets.key 
66323      DEBUG main            d.u.i.k.p.i.AbstractProblemLoader Environment load took 273.62ns 
66324      INFO  main            d.u.i.k.p.i.AbstractProblemLoader Creating init config 
69053      DEBUG main            d.u.i.k.p.i.AbstractProblemLoader Init config took 2.73s 
69075      INFO  main            d.u.i.k.p.i.AbstractProblemLoader Replaying proof locsets.key 
69077      DEBUG main            d.u.i.k.p.i.IntermediateProofReplayer Proof replay took 8.3ns 
69180      INFO  main            d.u.i.k.p.r.p.TestFile    ... finished proof: closed. 
69410      INFO  main            d.u.i.k.p.i.AbstractProblemLoader Loading environment from /home/runner/work/key/key/key.core/../key.ui/examples/heap/simple/locsets.key.proof 
69410      DEBUG main            d.u.i.k.p.i.AbstractProblemLoader Environment load took 134.81ns 
69412      INFO  main            d.u.i.k.p.i.AbstractProblemLoader Creating init config 
72082      DEBUG main            d.u.i.k.p.i.AbstractProblemLoader Init config took 2.67s 
72113      INFO  main            d.u.i.k.p.i.AbstractProblemLoader Replaying proof locsets.key.proof 
72117      DEBUG main            d.u.i.k.p.i.IntermediateProofReplayer Proof replay took 1.96ms 
72119      DEBUG main            d.u.i.k.p.r.p.TestFile    ... success: reloaded. 
72119      INFO  main            d.u.i.k.p.r.p.TestFile    Now processing file /home/runner/work/key/key/key.core/../key.ui/examples/heap/simple/loop1.key 
72120      INFO  main            d.u.i.k.p.i.AbstractProblemLoader Loading environment from /home/runner/work/key/key/key.core/../key.ui/examples/heap/simple/loop1.key 
72120      DEBUG main            d.u.i.k.p.i.AbstractProblemLoader Environment load took 121.21ns 
72121      INFO  main            d.u.i.k.p.i.AbstractProblemLoader Creating init config 
75130      DEBUG main            d.u.i.k.p.i.AbstractProblemLoader Init config took 3.01s 
75152      INFO  main            d.u.i.k.p.i.AbstractProblemLoader Replaying proof loop1.key 
75153      DEBUG main            d.u.i.k.p.i.IntermediateProofReplayer Proof replay took 7.7ns 
75365      INFO  main            d.u.i.k.p.r.p.TestFile    ... finished proof: closed. 
75567      INFO  main            d.u.i.k.p.i.AbstractProblemLoader Loading environment from /home/runner/work/key/key/key.core/../key.ui/examples/heap/simple/loop1.key.proof 
75568      DEBUG main            d.u.i.k.p.i.AbstractProblemLoader Environment load took 149.81ns 
75569      INFO  main            d.u.i.k.p.i.AbstractProblemLoader Creating init config 
78558      DEBUG main            d.u.i.k.p.i.AbstractProblemLoader Init config took 2.99s 
78578      INFO  main            d.u.i.k.p.i.AbstractProblemLoader Replaying proof loop1.key.proof 
78644      DEBUG main            d.u.i.k.p.i.IntermediateProofReplayer Proof replay took 63.52ms 
78645      DEBUG main            d.u.i.k.p.r.p.TestFile    ... success: reloaded. 
78646      INFO  main            d.u.i.k.p.r.p.TestFile    Now processing file /home/runner/work/key/key/key.core/../key.ui/examples/heap/simple/loop2.key 
78646      INFO  main            d.u.i.k.p.i.AbstractProblemLoader Loading environment from /home/runner/work/key/key/key.core/../key.ui/examples/heap/simple/loop2.key 
78647      DEBUG main            d.u.i.k.p.i.AbstractProblemLoader Environment load took 138.21ns 
78648      INFO  main            d.u.i.k.p.i.AbstractProblemLoader Creating init config 
81769      DEBUG main            d.u.i.k.p.i.AbstractProblemLoader Init config took 3.12s 
81790      INFO  main            d.u.i.k.p.i.AbstractProblemLoader Replaying proof loop2.key 
81793      DEBUG main            d.u.i.k.p.i.IntermediateProofReplayer Proof replay took 7.6ns 
82399      INFO  main            d.u.i.k.p.r.p.TestFile    ... finished proof: closed. 
82658      INFO  main            d.u.i.k.p.i.AbstractProblemLoader Loading environment from /home/runner/work/key/key/key.core/../key.ui/examples/heap/simple/loop2.key.proof 
82658      DEBUG main            d.u.i.k.p.i.AbstractProblemLoader Environment load took 672.44ns 
82660      INFO  main            d.u.i.k.p.i.AbstractProblemLoader Creating init config 
85631      DEBUG main            d.u.i.k.p.i.AbstractProblemLoader Init config took 2.97s 
85654      INFO  main            d.u.i.k.p.i.AbstractProblemLoader Replaying proof loop2.key.proof 
85763      DEBUG main            d.u.i.k.p.i.IntermediateProofReplayer Proof replay took 103.35ms 
85765      DEBUG main            d.u.i.k.p.r.p.TestFile    ... success: reloaded. 
85766      INFO  main            d.u.i.k.p.r.p.TestFile    Now processing file /home/runner/work/key/key/key.core/../key.ui/examples/heap/simple/modifies_datagroup.key 
85767      INFO  main            d.u.i.k.p.i.AbstractProblemLoader Loading environment from /home/runner/work/key/key/key.core/../key.ui/examples/heap/simple/modifies_datagroup.key 
85767      DEBUG main            d.u.i.k.p.i.AbstractProblemLoader Environment load took 251.51ns 
85768      INFO  main            d.u.i.k.p.i.AbstractProblemLoader Creating init config 
88527      DEBUG main            d.u.i.k.p.i.AbstractProblemLoader Init config took 2.76s 
88546      INFO  main            d.u.i.k.p.i.AbstractProblemLoader Replaying proof modifies_datagroup.key 
88547      DEBUG main            d.u.i.k.p.i.IntermediateProofReplayer Proof replay took 7.4ns 
88650      INFO  main            d.u.i.k.p.r.p.TestFile    ... finished proof: closed. 
88914      INFO  main            d.u.i.k.p.i.AbstractProblemLoader Loading environment from /home/runner/work/key/key/key.core/../key.ui/examples/heap/simple/modifies_datagroup.key.proof 
88914      DEBUG main            d.u.i.k.p.i.AbstractProblemLoader Environment load took 189.41ns 
88916      INFO  main            d.u.i.k.p.i.AbstractProblemLoader Creating init config 
91595      DEBUG main            d.u.i.k.p.i.AbstractProblemLoader Init config took 2.68s 
91613      INFO  main            d.u.i.k.p.i.AbstractProblemLoader Replaying proof modifies_datagroup.key.proof 
91618      DEBUG main            d.u.i.k.p.i.IntermediateProofReplayer Proof replay took 2.86ms 
91619      DEBUG main            d.u.i.k.p.r.p.TestFile    ... success: reloaded. 
91619      INFO  main            d.u.i.k.p.r.p.TestFile    Now processing file /home/runner/work/key/key/key.core/../key.ui/examples/heap/simple/modifies.key 
91620      INFO  main            d.u.i.k.p.i.AbstractProblemLoader Loading environment from /home/runner/work/key/key/key.core/../key.ui/examples/heap/simple/modifies.key 
91620      DEBUG main            d.u.i.k.p.i.AbstractProblemLoader Environment load took 113.91ns 
91622      INFO  main            d.u.i.k.p.i.AbstractProblemLoader Creating init config 
94457      DEBUG main            d.u.i.k.p.i.AbstractProblemLoader Init config took 2.83s 
94474      INFO  main            d.u.i.k.p.i.AbstractProblemLoader Replaying proof modifies.key 
94476      DEBUG main            d.u.i.k.p.i.IntermediateProofReplayer Proof replay took 8.6ns 
94584      INFO  main            d.u.i.k.p.r.p.TestFile    ... finished proof: closed. 
94859      INFO  main            d.u.i.k.p.i.AbstractProblemLoader Loading environment from /home/runner/work/key/key/key.core/../key.ui/examples/heap/simple/modifies.key.proof 
94859      DEBUG main            d.u.i.k.p.i.AbstractProblemLoader Environment load took 132.91ns 
94862      INFO  main            d.u.i.k.p.i.AbstractProblemLoader Creating init config 
97587      DEBUG main            d.u.i.k.p.i.AbstractProblemLoader Init config took 2.73s 
97604      INFO  main            d.u.i.k.p.i.AbstractProblemLoader Replaying proof modifies.key.proof 
97616      DEBUG main            d.u.i.k.p.i.IntermediateProofReplayer Proof replay took 10.29ms 
97618      DEBUG main            d.u.i.k.p.r.p.TestFile    ... success: reloaded. 
97618      INFO  main            d.u.i.k.p.r.p.TestFile    Now processing file /home/runner/work/key/key/key.core/../key.ui/examples/heap/simple/object_creation.key 
97619      INFO  main            d.u.i.k.p.i.AbstractProblemLoader Loading environment from /home/runner/work/key/key/key.core/../key.ui/examples/heap/simple/object_creation.key 
97619      DEBUG main            d.u.i.k.p.i.AbstractProblemLoader Environment load took 106.21ns 
97620      INFO  main            d.u.i.k.p.i.AbstractProblemLoader Creating init config 
100431     DEBUG main            d.u.i.k.p.i.AbstractProblemLoader Init config took 2.81s 
100450     INFO  main            d.u.i.k.p.i.AbstractProblemLoader Replaying proof object_creation.key 
100453     DEBUG main            d.u.i.k.p.i.IntermediateProofReplayer Proof replay took 8.5ns 
100757     INFO  main            d.u.i.k.p.r.p.TestFile    ... finished proof: closed. 
101020     INFO  main            d.u.i.k.p.i.AbstractProblemLoader Loading environment from /home/runner/work/key/key/key.core/../key.ui/examples/heap/simple/object_creation.key.proof 
101020     DEBUG main            d.u.i.k.p.i.AbstractProblemLoader Environment load took 136.91ns 
101022     INFO  main            d.u.i.k.p.i.AbstractProblemLoader Creating init config 
103783     DEBUG main            d.u.i.k.p.i.AbstractProblemLoader Init config took 2.76s 
103801     INFO  main            d.u.i.k.p.i.AbstractProblemLoader Replaying proof object_creation.key.proof 
103849     DEBUG main            d.u.i.k.p.i.IntermediateProofReplayer Proof replay took 45.05ms 
103850     DEBUG main            d.u.i.k.p.r.p.TestFile    ... success: reloaded. 
103851     INFO  main            d.u.i.k.p.r.p.TestFile    Now processing file /home/runner/work/key/key/key.core/../key.ui/examples/heap/simple/operation_contracts.key 
103851     INFO  main            d.u.i.k.p.i.AbstractProblemLoader Loading environment from /home/runner/work/key/key/key.core/../key.ui/examples/heap/simple/operation_contracts.key 
103851     DEBUG main            d.u.i.k.p.i.AbstractProblemLoader Environment load took 174.91ns 
103853     INFO  main            d.u.i.k.p.i.AbstractProblemLoader Creating init config 
106878     DEBUG main            d.u.i.k.p.i.AbstractProblemLoader Init config took 3.03s 
106897     INFO  main            d.u.i.k.p.i.AbstractProblemLoader Replaying proof operation_contracts.key 
106899     DEBUG main            d.u.i.k.p.i.IntermediateProofReplayer Proof replay took 7.6ns 
107807     INFO  main            d.u.i.k.p.r.p.TestFile    ... finished proof: closed. 
108110     INFO  main            d.u.i.k.p.i.AbstractProblemLoader Loading environment from /home/runner/work/key/key/key.core/../key.ui/examples/heap/simple/operation_contracts.key.proof 
108110     DEBUG main            d.u.i.k.p.i.AbstractProblemLoader Environment load took 138.21ns 
108112     INFO  main            d.u.i.k.p.i.AbstractProblemLoader Creating init config 
111084     DEBUG main            d.u.i.k.p.i.AbstractProblemLoader Init config took 2.97s 
111103     INFO  main            d.u.i.k.p.i.AbstractProblemLoader Replaying proof operation_contracts.key.proof 
111263     DEBUG main            d.u.i.k.p.i.IntermediateProofReplayer Proof replay took 147.31ms 
111266     DEBUG main            d.u.i.k.p.r.p.TestFile    ... success: reloaded. 
111268     INFO  main            d.u.i.k.p.r.p.TestFile    Now processing file /home/runner/work/key/key/key.core/../key.ui/examples/heap/simple/select_store.key 
111268     INFO  main            d.u.i.k.p.i.AbstractProblemLoader Loading environment from /home/runner/work/key/key/key.core/../key.ui/examples/heap/simple/select_store.key 
111268     DEBUG main            d.u.i.k.p.i.AbstractProblemLoader Environment load took 251.12ns 
111270     INFO  main            d.u.i.k.p.i.AbstractProblemLoader Creating init config 
114008     DEBUG main            d.u.i.k.p.i.AbstractProblemLoader Init config took 2.74s 
114028     INFO  main            d.u.i.k.p.i.AbstractProblemLoader Replaying proof select_store.key 
114031     DEBUG main            d.u.i.k.p.i.IntermediateProofReplayer Proof replay took 8.2ns 
114135     INFO  main            d.u.i.k.p.r.p.TestFile    ... finished proof: closed. 
114432     INFO  main            d.u.i.k.p.i.AbstractProblemLoader Loading environment from /home/runner/work/key/key/key.core/../key.ui/examples/heap/simple/select_store.key.proof 
114432     DEBUG main            d.u.i.k.p.i.AbstractProblemLoader Environment load took 167.81ns 
114434     INFO  main            d.u.i.k.p.i.AbstractProblemLoader Creating init config 
117100     DEBUG main            d.u.i.k.p.i.AbstractProblemLoader Init config took 2.67s 
117117     INFO  main            d.u.i.k.p.i.AbstractProblemLoader Replaying proof select_store.key.proof 
117121     DEBUG main            d.u.i.k.p.i.IntermediateProofReplayer Proof replay took 2.25ms 
117122     DEBUG main            d.u.i.k.p.r.p.TestFile    ... success: reloaded. 
117123     INFO  main            d.u.i.k.p.r.p.TestFile    Now processing file /home/runner/work/key/key/key.core/../key.ui/examples/heap/simple/selection_sort.key 
117123     INFO  main            d.u.i.k.p.i.AbstractProblemLoader Loading environment from /home/runner/work/key/key/key.core/../key.ui/examples/heap/simple/selection_sort.key 
117123     DEBUG main            d.u.i.k.p.i.AbstractProblemLoader Environment load took 246.82ns 
117125     INFO  main            d.u.i.k.p.i.AbstractProblemLoader Creating init config 
120183     DEBUG main            d.u.i.k.p.i.AbstractProblemLoader Init config took 3.06s 
120201     INFO  main            d.u.i.k.p.i.AbstractProblemLoader Replaying proof selection_sort.key 
120203     DEBUG main            d.u.i.k.p.i.IntermediateProofReplayer Proof replay took 8.6ns 
124352     INFO  main            d.u.i.k.p.r.p.TestFile    ... finished proof: closed. 
124747     INFO  main            d.u.i.k.p.i.AbstractProblemLoader Loading environment from /home/runner/work/key/key/key.core/../key.ui/examples/heap/simple/selection_sort.key.proof 
124747     DEBUG main            d.u.i.k.p.i.AbstractProblemLoader Environment load took 464.93ns 
124749     INFO  main            d.u.i.k.p.i.AbstractProblemLoader Creating init config 
127672     DEBUG main            d.u.i.k.p.i.AbstractProblemLoader Init config took 2.92s 
127690     INFO  main            d.u.i.k.p.i.AbstractProblemLoader Replaying proof selection_sort.key.proof 
128198     DEBUG main            d.u.i.k.p.i.IntermediateProofReplayer Proof replay took 484.69ms 
128200     DEBUG main            d.u.i.k.p.r.p.TestFile    ... success: reloaded. 
128202     INFO  main            d.u.i.k.p.r.p.TestFile    Now processing file /home/runner/work/key/key/key.core/../key.ui/examples/heap/simple/seq.key 
128202     INFO  main            d.u.i.k.p.i.AbstractProblemLoader Loading environment from /home/runner/work/key/key/key.core/../key.ui/examples/heap/simple/seq.key 
128203     DEBUG main            d.u.i.k.p.i.AbstractProblemLoader Environment load took 262.01ns 
128204     INFO  main            d.u.i.k.p.i.AbstractProblemLoader Creating init config 
130944     DEBUG main            d.u.i.k.p.i.AbstractProblemLoader Init config took 2.74s 
130960     INFO  main            d.u.i.k.p.i.AbstractProblemLoader Replaying proof seq.key 
130961     DEBUG main            d.u.i.k.p.i.IntermediateProofReplayer Proof replay took 7.6ns 
131467     INFO  main            d.u.i.k.p.r.p.TestFile    ... finished proof: closed. 
131869     INFO  main            d.u.i.k.p.i.AbstractProblemLoader Loading environment from /home/runner/work/key/key/key.core/../key.ui/examples/heap/simple/seq.key.proof 
131869     DEBUG main            d.u.i.k.p.i.AbstractProblemLoader Environment load took 507.73ns 
131871     INFO  main            d.u.i.k.p.i.AbstractProblemLoader Creating init config 
134534     DEBUG main            d.u.i.k.p.i.AbstractProblemLoader Init config took 2.66s 
134551     INFO  main            d.u.i.k.p.i.AbstractProblemLoader Replaying proof seq.key.proof 
134585     DEBUG main            d.u.i.k.p.i.IntermediateProofReplayer Proof replay took 29.71ms 
134586     DEBUG main            d.u.i.k.p.r.p.TestFile    ... success: reloaded. 
134587     INFO  main            d.u.i.k.p.r.p.TestFile    Now processing file /home/runner/work/key/key/key.core/../key.ui/examples/heap/simple/oldForParams.key 
134587     INFO  main            d.u.i.k.p.i.AbstractProblemLoader Loading environment from /home/runner/work/key/key/key.core/../key.ui/examples/heap/simple/oldForParams.key 
134587     DEBUG main            d.u.i.k.p.i.AbstractProblemLoader Environment load took 112.61ns 
134588     INFO  main            d.u.i.k.p.i.AbstractProblemLoader Creating init config 
137538     DEBUG main            d.u.i.k.p.i.AbstractProblemLoader Init config took 2.95s 
137628     INFO  main            d.u.i.k.p.i.AbstractProblemLoader Replaying proof OldForParameters[OldForParameters::method(int)].JML operation contract.0 
137631     DEBUG main            d.u.i.k.p.i.IntermediateProofReplayer Proof replay took 7.5ns 
137837     INFO  main            d.u.i.k.p.r.p.TestFile    ... finished proof: closed. 
138156     INFO  main            d.u.i.k.p.i.AbstractProblemLoader Loading environment from /home/runner/work/key/key/key.core/../key.ui/examples/heap/simple/oldForParams.key.proof 
138157     DEBUG main            d.u.i.k.p.i.AbstractProblemLoader Environment load took 544.23ns 
138158     INFO  main            d.u.i.k.p.i.AbstractProblemLoader Creating init config 
141080     DEBUG main            d.u.i.k.p.i.AbstractProblemLoader Init config took 2.92s 
141130     INFO  main            d.u.i.k.p.i.AbstractProblemLoader Replaying proof OldForParameters[OldForParameters::method(int)].JML operation contract.0 
141173     DEBUG main            d.u.i.k.p.i.IntermediateProofReplayer Proof replay took 40.34ms 
141174     DEBUG main            d.u.i.k.p.r.p.TestFile    ... success: reloaded. 
141175     INFO  main            d.u.i.k.p.r.p.TestFile    Now processing file /home/runner/work/key/key/key.core/../key.ui/examples/heap/simple/parse_lmtd.key 
141176     INFO  main            d.u.i.k.p.i.AbstractProblemLoader Loading environment from /home/runner/work/key/key/key.core/../key.ui/examples/heap/simple/parse_lmtd.key 
141176     DEBUG main            d.u.i.k.p.i.AbstractProblemLoader Environment load took 118.21ns 
141177     INFO  main            d.u.i.k.p.i.AbstractProblemLoader Creating init config 
144183     DEBUG main            d.u.i.k.p.i.AbstractProblemLoader Init config took 3.01s 
144229     INFO  main            d.u.i.k.p.i.AbstractProblemLoader Replaying proof ParseLmtd[ParseLmtd::simple(int)].JML normal_behavior operation contract.0 
144230     DEBUG main            d.u.i.k.p.i.IntermediateProofReplayer Proof replay took 7.5ns 
144433     INFO  main            d.u.i.k.p.r.p.TestFile    ... finished proof: closed. 
144745     INFO  main            d.u.i.k.p.i.AbstractProblemLoader Loading environment from /home/runner/work/key/key/key.core/../key.ui/examples/heap/simple/parse_lmtd.key.proof 
144745     DEBUG main            d.u.i.k.p.i.AbstractProblemLoader Environment load took 128.81ns 
144746     INFO  main            d.u.i.k.p.i.AbstractProblemLoader Creating init config 
147762     DEBUG main            d.u.i.k.p.i.AbstractProblemLoader Init config took 3.02s 
147807     INFO  main            d.u.i.k.p.i.AbstractProblemLoader Replaying proof ParseLmtd[ParseLmtd::simple(int)].JML normal_behavior operation contract.0 
147829     DEBUG main            d.u.i.k.p.i.IntermediateProofReplayer Proof replay took 19.52ms 
147830     DEBUG main            d.u.i.k.p.r.p.TestFile    ... success: reloaded. 
147831     INFO  main            d.u.i.k.p.r.p.TestFile    Now processing file /home/runner/work/key/key/key.core/../key.ui/examples/heap/strictly_pure/strictlyPureMethod.key 
147832     INFO  main            d.u.i.k.p.i.AbstractProblemLoader Loading environment from /home/runner/work/key/key/key.core/../key.ui/examples/heap/strictly_pure/strictlyPureMethod.key 
147832     DEBUG main            d.u.i.k.p.i.AbstractProblemLoader Environment load took 119.51ns 
147833     INFO  main            d.u.i.k.p.i.AbstractProblemLoader Creating init config 
150621     DEBUG main            d.u.i.k.p.i.AbstractProblemLoader Init config took 2.79s 
150664     INFO  main            d.u.i.k.p.i.AbstractProblemLoader Replaying proof StrictlyPure[StrictlyPure::strictlyPureMethod()].JML operation contract.0 
150666     DEBUG main            d.u.i.k.p.i.IntermediateProofReplayer Proof replay took 7.1ns 
150875     INFO  main            d.u.i.k.p.r.p.TestFile    ... finished proof: closed. 
151177     INFO  main            d.u.i.k.p.i.AbstractProblemLoader Loading environment from /home/runner/work/key/key/key.core/../key.ui/examples/heap/strictly_pure/strictlyPureMethod.key.proof 
151177     DEBUG main            d.u.i.k.p.i.AbstractProblemLoader Environment load took 125.61ns 
151178     INFO  main            d.u.i.k.p.i.AbstractProblemLoader Creating init config 
153908     DEBUG main            d.u.i.k.p.i.AbstractProblemLoader Init config took 2.73s 
153958     INFO  main            d.u.i.k.p.i.AbstractProblemLoader Replaying proof StrictlyPure[StrictlyPure::strictlyPureMethod()].JML operation contract.0 
153997     DEBUG main            d.u.i.k.p.i.IntermediateProofReplayer Proof replay took 35.46ms 
153998     DEBUG main            d.u.i.k.p.r.p.TestFile    ... success: reloaded. 
153999     INFO  main            d.u.i.k.p.r.p.TestFile    Now processing file /home/runner/work/key/key/key.core/../key.ui/examples/heap/strictly_pure/useStrictlyPureMethod.key 
153999     INFO  main            d.u.i.k.p.i.AbstractProblemLoader Loading environment from /home/runner/work/key/key/key.core/../key.ui/examples/heap/strictly_pure/useStrictlyPureMethod.key 
154000     DEBUG main            d.u.i.k.p.i.AbstractProblemLoader Environment load took 252.02ns 
154001     INFO  main            d.u.i.k.p.i.AbstractProblemLoader Creating init config 
156790     DEBUG main            d.u.i.k.p.i.AbstractProblemLoader Init config took 2.79s 
156836     INFO  main            d.u.i.k.p.i.AbstractProblemLoader Replaying proof StrictlyPure[StrictlyPure::useStrictlyPureMethod(StrictlyPureClass)].JML operation contract.0 
156838     DEBUG main            d.u.i.k.p.i.IntermediateProofReplayer Proof replay took 7.9ns 
157141     INFO  main            d.u.i.k.p.r.p.TestFile    ... finished proof: closed. 
157508     INFO  main            d.u.i.k.p.i.AbstractProblemLoader Loading environment from /home/runner/work/key/key/key.core/../key.ui/examples/heap/strictly_pure/useStrictlyPureMethod.key.proof 
157509     DEBUG main            d.u.i.k.p.i.AbstractProblemLoader Environment load took 469.93ns 
157510     INFO  main            d.u.i.k.p.i.AbstractProblemLoader Creating init config 
160272     DEBUG main            d.u.i.k.p.i.AbstractProblemLoader Init config took 2.76s 
160322     INFO  main            d.u.i.k.p.i.AbstractProblemLoader Replaying proof StrictlyPure[StrictlyPure::useStrictlyPureMethod(StrictlyPureClass)].JML operation contract.0 
160380     DEBUG main            d.u.i.k.p.i.IntermediateProofReplayer Proof replay took 55.21ms 
160381     DEBUG main            d.u.i.k.p.r.p.TestFile    ... success: reloaded. 
160383     INFO  main            d.u.i.k.p.r.p.TestFile    Now processing file /home/runner/work/key/key/key.core/../key.ui/examples/heap/Wellfounded/ackermann.key 
160383     INFO  main            d.u.i.k.p.i.AbstractProblemLoader Loading environment from /home/runner/work/key/key/key.core/../key.ui/examples/heap/Wellfounded/ackermann.key 
160383     DEBUG main            d.u.i.k.p.i.AbstractProblemLoader Environment load took 156.51ns 
160384     INFO  main            d.u.i.k.p.i.AbstractProblemLoader Creating init config 
163279     DEBUG main            d.u.i.k.p.i.AbstractProblemLoader Init config took 2.89s 
163339     INFO  main            d.u.i.k.p.i.AbstractProblemLoader Replaying proof Ackermann[Ackermann::a(int,int)].JML normal_behavior operation contract.0 
163343     DEBUG main            d.u.i.k.p.i.IntermediateProofReplayer Proof replay took 8.7ns 
163645     INFO  main            d.u.i.k.p.r.p.TestFile    ... finished proof: closed. 
164011     INFO  main            d.u.i.k.p.i.AbstractProblemLoader Loading environment from /home/runner/work/key/key/key.core/../key.ui/examples/heap/Wellfounded/ackermann.key.proof 
164012     DEBUG main            d.u.i.k.p.i.AbstractProblemLoader Environment load took 478.83ns 
164013     INFO  main            d.u.i.k.p.i.AbstractProblemLoader Creating init config 
166897     DEBUG main            d.u.i.k.p.i.AbstractProblemLoader Init config took 2.88s 
166938     INFO  main            d.u.i.k.p.i.AbstractProblemLoader Replaying proof Ackermann[Ackermann::a(int,int)].JML normal_behavior operation contract.0 
167001     DEBUG main            d.u.i.k.p.i.IntermediateProofReplayer Proof replay took 59.43ms 
167003     DEBUG main            d.u.i.k.p.r.p.TestFile    ... success: reloaded. 
167004     INFO  main            d.u.i.k.p.r.p.TestFile    Now processing file /home/runner/work/key/key/key.core/../key.ui/examples/standard_key/unicode_test.key 
167004     INFO  main            d.u.i.k.p.i.AbstractProblemLoader Loading environment from /home/runner/work/key/key/key.core/../key.ui/examples/standard_key/unicode_test.key 
167005     DEBUG main            d.u.i.k.p.i.AbstractProblemLoader Environment load took 239.61ns 
167007     INFO  main            d.u.i.k.p.i.AbstractProblemLoader Creating init config 
169713     DEBUG main            d.u.i.k.p.i.AbstractProblemLoader Init config took 2.71s 
169729     INFO  main            d.u.i.k.p.i.AbstractProblemLoader Replaying proof unicode_test.key 
169731     DEBUG main            d.u.i.k.p.i.IntermediateProofReplayer Proof replay took 7.7ns 
169835     INFO  main            d.u.i.k.p.r.p.TestFile    ... finished proof: closed. 
170156     INFO  main            d.u.i.k.p.i.AbstractProblemLoader Loading environment from /home/runner/work/key/key/key.core/../key.ui/examples/standard_key/unicode_test.key.proof 
170156     DEBUG main            d.u.i.k.p.i.AbstractProblemLoader Environment load took 123.31ns 
170157     INFO  main            d.u.i.k.p.i.AbstractProblemLoader Creating init config 
172786     DEBUG main            d.u.i.k.p.i.AbstractProblemLoader Init config took 2.63s 
172801     INFO  main            d.u.i.k.p.i.AbstractProblemLoader Replaying proof unicode_test.key.proof 
172803     DEBUG main            d.u.i.k.p.i.IntermediateProofReplayer Proof replay took 395.62ns 
172804     DEBUG main            d.u.i.k.p.r.p.TestFile    ... success: reloaded. 
172805     INFO  main            d.u.i.k.p.r.p.TestFile    Now processing file /home/runner/work/key/key/key.core/../key.ui/examples/heap/strictlyModular/mayExpand.key 
172805     INFO  main            d.u.i.k.p.i.AbstractProblemLoader Loading environment from /home/runner/work/key/key/key.core/../key.ui/examples/heap/strictlyModular/mayExpand.key 
172805     DEBUG main            d.u.i.k.p.i.AbstractProblemLoader Environment load took 122.21ns 
172806     INFO  main            d.u.i.k.p.i.AbstractProblemLoader Creating init config 
175658     DEBUG main            d.u.i.k.p.i.AbstractProblemLoader Init config took 2.85s 
175702     INFO  main            d.u.i.k.p.i.AbstractProblemLoader Replaying proof Modular[Modular::m()].JML operation contract.0 
175704     DEBUG main            d.u.i.k.p.i.IntermediateProofReplayer Proof replay took 8.1ns 
175805     INFO  main            d.u.i.k.p.r.p.TestFile    ... finished proof: closed. 
176171     INFO  main            d.u.i.k.p.i.AbstractProblemLoader Loading environment from /home/runner/work/key/key/key.core/../key.ui/examples/heap/strictlyModular/mayExpand.key.proof 
176171     DEBUG main            d.u.i.k.p.i.AbstractProblemLoader Environment load took 116.01ns 
176172     INFO  main            d.u.i.k.p.i.AbstractProblemLoader Creating init config 
178884     DEBUG main            d.u.i.k.p.i.AbstractProblemLoader Init config took 2.71s 
178924     INFO  main            d.u.i.k.p.i.AbstractProblemLoader Replaying proof Modular[Modular::m()].JML operation contract.0 
178939     DEBUG main            d.u.i.k.p.i.IntermediateProofReplayer Proof replay took 12.98ms 
178940     DEBUG main            d.u.i.k.p.r.p.TestFile    ... success: reloaded. 
178941     INFO  main            d.u.i.k.p.r.p.TestFile    Now processing file /home/runner/work/key/key/key.core/../key.ui/examples/heap/strictlyModular/modularOnly.key 
178941     INFO  main            d.u.i.k.p.i.AbstractProblemLoader Loading environment from /home/runner/work/key/key/key.core/../key.ui/examples/heap/strictlyModular/modularOnly.key 
178941     DEBUG main            d.u.i.k.p.i.AbstractProblemLoader Environment load took 111.01ns 
178942     INFO  main            d.u.i.k.p.i.AbstractProblemLoader Creating init config 
181742     DEBUG main            d.u.i.k.p.i.AbstractProblemLoader Init config took 2.8s 
181788     INFO  main            d.u.i.k.p.i.AbstractProblemLoader Replaying proof Modular[Modular::m()].JML operation contract.0 
181789     DEBUG main            d.u.i.k.p.i.IntermediateProofReplayer Proof replay took 7.6ns 
181893     INFO  main            d.u.i.k.p.r.p.TestFile    ... finished proof: open goal(s) 
2195900    INFO  Test worker     d.u.i.k.p.r.RunAllProofsTestUnit Returning from test simpleTests 
2195901    INFO  Test worker     d.u.i.k.p.r.RunAllProofsTestUnit Running test SmansEtAl 
398        INFO  Timeout watchdog d.u.i.k.p.r.p.ForkedTestFileRunner Timeout watcher launched (2000 secs.) 
409        WARN  main            d.u.i.k.s.ProofSettings   The settings in /home/runner/.key/proof-settings.props are *not* read. 
441        INFO  main            d.u.i.k.p.r.p.TestFile    Now processing file /home/runner/work/key/key/key.core/../key.ui/examples/heap/SmansEtAl/ArrayList_add.key 
564        INFO  main            d.u.i.k.p.i.AbstractProblemLoader Loading environment from /home/runner/work/key/key/key.core/../key.ui/examples/heap/SmansEtAl/ArrayList_add.key 
588        DEBUG main            d.u.i.k.p.i.AbstractProblemLoader Environment load took 2.13ms 
840        INFO  main            d.u.i.k.p.i.AbstractProblemLoader Creating init config 
1813       DEBUG main            d.u.i.k.j.TypeConverter   No LDT found for Meta 
1814       DEBUG main            d.u.i.k.j.TypeConverter   No LDT found for Meta 
1818       DEBUG main            d.u.i.k.j.TypeConverter   No LDT found for Meta 
1818       DEBUG main            d.u.i.k.j.TypeConverter   No LDT found for Meta 
3391       DEBUG main            d.u.i.k.j.TypeConverter   No LDT found for JavaBigintExpression 
9775       DEBUG main            d.u.i.k.p.i.AbstractProblemLoader Init config took 8.93s 
9986       INFO  main            d.u.i.k.p.i.AbstractProblemLoader Replaying proof ArrayList[ArrayList::add(java.lang.Object)].JML normal_behavior operation contract.0 
10028      DEBUG main            d.u.i.k.p.i.IntermediateProofReplayer Proof replay took 37.3ns 
18740      INFO  main            d.u.i.k.p.r.p.TestFile    ... finished proof: closed. 
18980      INFO  main            d.u.i.k.p.i.AbstractProblemLoader Loading environment from /home/runner/work/key/key/key.core/../key.ui/examples/heap/SmansEtAl/ArrayList_add.key.proof 
18982      DEBUG main            d.u.i.k.p.i.AbstractProblemLoader Environment load took 2.39ms 
18993      INFO  main            d.u.i.k.p.i.AbstractProblemLoader Creating init config 
22631      DEBUG main            d.u.i.k.p.i.AbstractProblemLoader Init config took 3.64s 
22695      INFO  main            d.u.i.k.p.i.AbstractProblemLoader Replaying proof ArrayList[ArrayList::add(java.lang.Object)].JML normal_behavior operation contract.0 
23643      DEBUG main            d.u.i.k.p.i.IntermediateProofReplayer Proof replay took 914.87ms 
23656      DEBUG main            d.u.i.k.p.r.p.TestFile    ... success: reloaded. 
23658      INFO  main            d.u.i.k.p.r.p.TestFile    Now processing file /home/runner/work/key/key/key.core/../key.ui/examples/heap/SmansEtAl/ArrayList_ArrayList.key 
23659      INFO  main            d.u.i.k.p.i.AbstractProblemLoader Loading environment from /home/runner/work/key/key/key.core/../key.ui/examples/heap/SmansEtAl/ArrayList_ArrayList.key 
23659      DEBUG main            d.u.i.k.p.i.AbstractProblemLoader Environment load took 278.02ns 
23661      INFO  main            d.u.i.k.p.i.AbstractProblemLoader Creating init config 
27333      DEBUG main            d.u.i.k.p.i.AbstractProblemLoader Init config took 3.67s 
27425      INFO  main            d.u.i.k.p.i.AbstractProblemLoader Replaying proof ArrayList[ArrayList::ArrayList()].JML normal_behavior operation contract.0 
27428      DEBUG main            d.u.i.k.p.i.IntermediateProofReplayer Proof replay took 8.9ns 
28537      INFO  main            d.u.i.k.p.r.p.TestFile    ... finished proof: closed. 
28734      INFO  main            d.u.i.k.p.i.AbstractProblemLoader Loading environment from /home/runner/work/key/key/key.core/../key.ui/examples/heap/SmansEtAl/ArrayList_ArrayList.key.proof 
28735      DEBUG main            d.u.i.k.p.i.AbstractProblemLoader Environment load took 614.56ns 
28737      INFO  main            d.u.i.k.p.i.AbstractProblemLoader Creating init config 
32285      DEBUG main            d.u.i.k.p.i.AbstractProblemLoader Init config took 3.55s 
32366      INFO  main            d.u.i.k.p.i.AbstractProblemLoader Replaying proof ArrayList[ArrayList::ArrayList()].JML normal_behavior operation contract.0 
32564      DEBUG main            d.u.i.k.p.i.IntermediateProofReplayer Proof replay took 180.23ms 
32566      DEBUG main            d.u.i.k.p.r.p.TestFile    ... success: reloaded. 
32569      INFO  main            d.u.i.k.p.r.p.TestFile    Now processing file /home/runner/work/key/key/key.core/../key.ui/examples/heap/SmansEtAl/ArrayList_footprint.key 
32570      INFO  main            d.u.i.k.p.i.AbstractProblemLoader Loading environment from /home/runner/work/key/key/key.core/../key.ui/examples/heap/SmansEtAl/ArrayList_footprint.key 
32570      DEBUG main            d.u.i.k.p.i.AbstractProblemLoader Environment load took 270.33ns 
32572      INFO  main            d.u.i.k.p.i.AbstractProblemLoader Creating init config 
36179      DEBUG main            d.u.i.k.p.i.AbstractProblemLoader Init config took 3.61s 
36261      INFO  main            d.u.i.k.p.i.AbstractProblemLoader Replaying proof ArrayList[ArrayList::$footprint()].JML accessible clause.0 
36265      DEBUG main            d.u.i.k.p.i.IntermediateProofReplayer Proof replay took 8ns 
36368      INFO  main            d.u.i.k.p.r.p.TestFile    ... finished proof: closed. 
36538      INFO  main            d.u.i.k.p.i.AbstractProblemLoader Loading environment from /home/runner/work/key/key/key.core/../key.ui/examples/heap/SmansEtAl/ArrayList_footprint.key.proof 
36538      DEBUG main            d.u.i.k.p.i.AbstractProblemLoader Environment load took 181.52ns 
36540      INFO  main            d.u.i.k.p.i.AbstractProblemLoader Creating init config 
39994      DEBUG main            d.u.i.k.p.i.AbstractProblemLoader Init config took 3.45s 
40072      INFO  main            d.u.i.k.p.i.AbstractProblemLoader Replaying proof ArrayList[ArrayList::$footprint()].JML accessible clause.0 
40088      DEBUG main            d.u.i.k.p.i.IntermediateProofReplayer Proof replay took 11.5ms 
40090      DEBUG main            d.u.i.k.p.r.p.TestFile    ... success: reloaded. 
40092      INFO  main            d.u.i.k.p.r.p.TestFile    Now processing file /home/runner/work/key/key/key.core/../key.ui/examples/heap/SmansEtAl/ArrayList_get_dep.key 
40093      INFO  main            d.u.i.k.p.i.AbstractProblemLoader Loading environment from /home/runner/work/key/key/key.core/../key.ui/examples/heap/SmansEtAl/ArrayList_get_dep.key 
40093      DEBUG main            d.u.i.k.p.i.AbstractProblemLoader Environment load took 493.04ns 
40095      INFO  main            d.u.i.k.p.i.AbstractProblemLoader Creating init config 
43565      DEBUG main            d.u.i.k.p.i.AbstractProblemLoader Init config took 3.47s 
43633      INFO  main            d.u.i.k.p.i.AbstractProblemLoader Replaying proof ArrayList[ArrayList::get(int)].JML accessible clause.0 
43636      DEBUG main            d.u.i.k.p.i.IntermediateProofReplayer Proof replay took 7.4ns 
44041      INFO  main            d.u.i.k.p.r.p.TestFile    ... finished proof: closed. 
44248      INFO  main            d.u.i.k.p.i.AbstractProblemLoader Loading environment from /home/runner/work/key/key/key.core/../key.ui/examples/heap/SmansEtAl/ArrayList_get_dep.key.proof 
44249      DEBUG main            d.u.i.k.p.i.AbstractProblemLoader Environment load took 509.45ns 
44251      INFO  main            d.u.i.k.p.i.AbstractProblemLoader Creating init config 
47616      DEBUG main            d.u.i.k.p.i.AbstractProblemLoader Init config took 3.36s 
47684      INFO  main            d.u.i.k.p.i.AbstractProblemLoader Replaying proof ArrayList[ArrayList::get(int)].JML accessible clause.0 
47742      DEBUG main            d.u.i.k.p.i.IntermediateProofReplayer Proof replay took 52.42ms 
47743      DEBUG main            d.u.i.k.p.r.p.TestFile    ... success: reloaded. 
47745      INFO  main            d.u.i.k.p.r.p.TestFile    Now processing file /home/runner/work/key/key/key.core/../key.ui/examples/heap/SmansEtAl/ArrayList_get.key 
47745      INFO  main            d.u.i.k.p.i.AbstractProblemLoader Loading environment from /home/runner/work/key/key/key.core/../key.ui/examples/heap/SmansEtAl/ArrayList_get.key 
47746      DEBUG main            d.u.i.k.p.i.AbstractProblemLoader Environment load took 243.62ns 
47756      INFO  main            d.u.i.k.p.i.AbstractProblemLoader Creating init config 
51149      DEBUG main            d.u.i.k.p.i.AbstractProblemLoader Init config took 3.39s 
51201      INFO  main            d.u.i.k.p.i.AbstractProblemLoader Replaying proof ArrayList[ArrayList::get(int)].JML normal_behavior operation contract.0 
51203      DEBUG main            d.u.i.k.p.i.IntermediateProofReplayer Proof replay took 7.2ns 
51406      INFO  main            d.u.i.k.p.r.p.TestFile    ... finished proof: closed. 
51640      INFO  main            d.u.i.k.p.i.AbstractProblemLoader Loading environment from /home/runner/work/key/key/key.core/../key.ui/examples/heap/SmansEtAl/ArrayList_get.key.proof 
51640      DEBUG main            d.u.i.k.p.i.AbstractProblemLoader Environment load took 142.71ns 
51641      INFO  main            d.u.i.k.p.i.AbstractProblemLoader Creating init config 
54976      DEBUG main            d.u.i.k.p.i.AbstractProblemLoader Init config took 3.33s 
55043      INFO  main            d.u.i.k.p.i.AbstractProblemLoader Replaying proof ArrayList[ArrayList::get(int)].JML normal_behavior operation contract.0 
55075      DEBUG main            d.u.i.k.p.i.IntermediateProofReplayer Proof replay took 28.94ms 
55076      DEBUG main            d.u.i.k.p.r.p.TestFile    ... success: reloaded. 
55078      INFO  main            d.u.i.k.p.r.p.TestFile    Now processing file /home/runner/work/key/key/key.core/../key.ui/examples/heap/SmansEtAl/ArrayList_inv.key 
55079      INFO  main            d.u.i.k.p.i.AbstractProblemLoader Loading environment from /home/runner/work/key/key/key.core/../key.ui/examples/heap/SmansEtAl/ArrayList_inv.key 
55079      DEBUG main            d.u.i.k.p.i.AbstractProblemLoader Environment load took 142.31ns 
55080      INFO  main            d.u.i.k.p.i.AbstractProblemLoader Creating init config 
58513      DEBUG main            d.u.i.k.p.i.AbstractProblemLoader Init config took 3.43s 
58563      INFO  main            d.u.i.k.p.i.AbstractProblemLoader Replaying proof ArrayList[java.lang.Object::<inv>()].JML accessible clause.0 
58565      DEBUG main            d.u.i.k.p.i.IntermediateProofReplayer Proof replay took 7.5ns 
58672      INFO  main            d.u.i.k.p.r.p.TestFile    ... finished proof: closed. 
58872      INFO  main            d.u.i.k.p.i.AbstractProblemLoader Loading environment from /home/runner/work/key/key/key.core/../key.ui/examples/heap/SmansEtAl/ArrayList_inv.key.proof 
58872      DEBUG main            d.u.i.k.p.i.AbstractProblemLoader Environment load took 138.21ns 
58873      INFO  main            d.u.i.k.p.i.AbstractProblemLoader Creating init config 
62138      DEBUG main            d.u.i.k.p.i.AbstractProblemLoader Init config took 3.26s 
62185      INFO  main            d.u.i.k.p.i.AbstractProblemLoader Replaying proof ArrayList[java.lang.Object::<inv>()].JML accessible clause.0 
62197      DEBUG main            d.u.i.k.p.i.IntermediateProofReplayer Proof replay took 9.59ms 
62198      DEBUG main            d.u.i.k.p.r.p.TestFile    ... success: reloaded. 
62200      INFO  main            d.u.i.k.p.r.p.TestFile    Now processing file /home/runner/work/key/key/key.core/../key.ui/examples/heap/SmansEtAl/ArrayList_size_dep.key 
62200      INFO  main            d.u.i.k.p.i.AbstractProblemLoader Loading environment from /home/runner/work/key/key/key.core/../key.ui/examples/heap/SmansEtAl/ArrayList_size_dep.key 
62200      DEBUG main            d.u.i.k.p.i.AbstractProblemLoader Environment load took 140.21ns 
62201      INFO  main            d.u.i.k.p.i.AbstractProblemLoader Creating init config 
65497      DEBUG main            d.u.i.k.p.i.AbstractProblemLoader Init config took 3.3s 
65541      INFO  main            d.u.i.k.p.i.AbstractProblemLoader Replaying proof ArrayList[ArrayList::size()].JML accessible clause.0 
65543      DEBUG main            d.u.i.k.p.i.IntermediateProofReplayer Proof replay took 6.6ns 
65645      INFO  main            d.u.i.k.p.r.p.TestFile    ... finished proof: closed. 
65912      INFO  main            d.u.i.k.p.i.AbstractProblemLoader Loading environment from /home/runner/work/key/key/key.core/../key.ui/examples/heap/SmansEtAl/ArrayList_size_dep.key.proof 
65912      DEBUG main            d.u.i.k.p.i.AbstractProblemLoader Environment load took 141.61ns 
65913      INFO  main            d.u.i.k.p.i.AbstractProblemLoader Creating init config 
69217      DEBUG main            d.u.i.k.p.i.AbstractProblemLoader Init config took 3.3s 
69262      INFO  main            d.u.i.k.p.i.AbstractProblemLoader Replaying proof ArrayList[ArrayList::size()].JML accessible clause.0 
69279      DEBUG main            d.u.i.k.p.i.IntermediateProofReplayer Proof replay took 13.73ms 
69280      DEBUG main            d.u.i.k.p.r.p.TestFile    ... success: reloaded. 
69282      INFO  main            d.u.i.k.p.r.p.TestFile    Now processing file /home/runner/work/key/key/key.core/../key.ui/examples/heap/SmansEtAl/ArrayList_size.key 
69282      INFO  main            d.u.i.k.p.i.AbstractProblemLoader Loading environment from /home/runner/work/key/key/key.core/../key.ui/examples/heap/SmansEtAl/ArrayList_size.key 
69282      DEBUG main            d.u.i.k.p.i.AbstractProblemLoader Environment load took 247.72ns 
69283      INFO  main            d.u.i.k.p.i.AbstractProblemLoader Creating init config 
72591      DEBUG main            d.u.i.k.p.i.AbstractProblemLoader Init config took 3.31s 
72636      INFO  main            d.u.i.k.p.i.AbstractProblemLoader Replaying proof ArrayList[ArrayList::size()].JML normal_behavior operation contract.0 
72637      DEBUG main            d.u.i.k.p.i.IntermediateProofReplayer Proof replay took 6.9ns 
72740      INFO  main            d.u.i.k.p.r.p.TestFile    ... finished proof: closed. 
72972      INFO  main            d.u.i.k.p.i.AbstractProblemLoader Loading environment from /home/runner/work/key/key/key.core/../key.ui/examples/heap/SmansEtAl/ArrayList_size.key.proof 
72972      DEBUG main            d.u.i.k.p.i.AbstractProblemLoader Environment load took 137.41ns 
72973      INFO  main            d.u.i.k.p.i.AbstractProblemLoader Creating init config 
76204      DEBUG main            d.u.i.k.p.i.AbstractProblemLoader Init config took 3.23s 
76253      INFO  main            d.u.i.k.p.i.AbstractProblemLoader Replaying proof ArrayList[ArrayList::size()].JML normal_behavior operation contract.0 
76284      DEBUG main            d.u.i.k.p.i.IntermediateProofReplayer Proof replay took 28.74ms 
76285      DEBUG main            d.u.i.k.p.r.p.TestFile    ... success: reloaded. 
76290      INFO  main            d.u.i.k.p.r.p.TestFile    Now processing file /home/runner/work/key/key/key.core/../key.ui/examples/heap/SmansEtAl/Cell_Cell.key 
76293      INFO  main            d.u.i.k.p.i.AbstractProblemLoader Loading environment from /home/runner/work/key/key/key.core/../key.ui/examples/heap/SmansEtAl/Cell_Cell.key 
76293      DEBUG main            d.u.i.k.p.i.AbstractProblemLoader Environment load took 154.11ns 
76294      INFO  main            d.u.i.k.p.i.AbstractProblemLoader Creating init config 
79577      DEBUG main            d.u.i.k.p.i.AbstractProblemLoader Init config took 3.28s 
79619      INFO  main            d.u.i.k.p.i.AbstractProblemLoader Replaying proof Cell[Cell::Cell()].JML normal_behavior operation contract.0 
79620      DEBUG main            d.u.i.k.p.i.IntermediateProofReplayer Proof replay took 7.1ns 
79825      INFO  main            d.u.i.k.p.r.p.TestFile    ... finished proof: closed. 
80051      INFO  main            d.u.i.k.p.i.AbstractProblemLoader Loading environment from /home/runner/work/key/key/key.core/../key.ui/examples/heap/SmansEtAl/Cell_Cell.key.proof 
80051      DEBUG main            d.u.i.k.p.i.AbstractProblemLoader Environment load took 130.31ns 
80057      INFO  main            d.u.i.k.p.i.AbstractProblemLoader Creating init config 
83248      DEBUG main            d.u.i.k.p.i.AbstractProblemLoader Init config took 3.19s 
83288      INFO  main            d.u.i.k.p.i.AbstractProblemLoader Replaying proof Cell[Cell::Cell()].JML normal_behavior operation contract.0 
83326      DEBUG main            d.u.i.k.p.i.IntermediateProofReplayer Proof replay took 34.74ms 
83327      DEBUG main            d.u.i.k.p.r.p.TestFile    ... success: reloaded. 
83328      INFO  main            d.u.i.k.p.r.p.TestFile    Now processing file /home/runner/work/key/key/key.core/../key.ui/examples/heap/SmansEtAl/Cell_footprint.key 
83328      INFO  main            d.u.i.k.p.i.AbstractProblemLoader Loading environment from /home/runner/work/key/key/key.core/../key.ui/examples/heap/SmansEtAl/Cell_footprint.key 
83329      DEBUG main            d.u.i.k.p.i.AbstractProblemLoader Environment load took 123.21ns 
83330      INFO  main            d.u.i.k.p.i.AbstractProblemLoader Creating init config 
86657      DEBUG main            d.u.i.k.p.i.AbstractProblemLoader Init config took 3.33s 
86698      INFO  main            d.u.i.k.p.i.AbstractProblemLoader Replaying proof Cell[Cell::$footprint()].JML accessible clause.0 
86700      DEBUG main            d.u.i.k.p.i.IntermediateProofReplayer Proof replay took 6.7ns 
86804      INFO  main            d.u.i.k.p.r.p.TestFile    ... finished proof: closed. 
87035      INFO  main            d.u.i.k.p.i.AbstractProblemLoader Loading environment from /home/runner/work/key/key/key.core/../key.ui/examples/heap/SmansEtAl/Cell_footprint.key.proof 
87036      DEBUG main            d.u.i.k.p.i.AbstractProblemLoader Environment load took 130.41ns 
87037      INFO  main            d.u.i.k.p.i.AbstractProblemLoader Creating init config 
90290      DEBUG main            d.u.i.k.p.i.AbstractProblemLoader Init config took 3.25s 
90337      INFO  main            d.u.i.k.p.i.AbstractProblemLoader Replaying proof Cell[Cell::$footprint()].JML accessible clause.0 
90343      DEBUG main            d.u.i.k.p.i.IntermediateProofReplayer Proof replay took 4.26ms 
90345      DEBUG main            d.u.i.k.p.r.p.TestFile    ... success: reloaded. 
90346      INFO  main            d.u.i.k.p.r.p.TestFile    Now processing file /home/runner/work/key/key/key.core/../key.ui/examples/heap/SmansEtAl/Cell_getX_dep.key 
90346      INFO  main            d.u.i.k.p.i.AbstractProblemLoader Loading environment from /home/runner/work/key/key/key.core/../key.ui/examples/heap/SmansEtAl/Cell_getX_dep.key 
90346      DEBUG main            d.u.i.k.p.i.AbstractProblemLoader Environment load took 111.51ns 
90347      INFO  main            d.u.i.k.p.i.AbstractProblemLoader Creating init config 
93635      DEBUG main            d.u.i.k.p.i.AbstractProblemLoader Init config took 3.29s 
93675      INFO  main            d.u.i.k.p.i.AbstractProblemLoader Replaying proof Cell[Cell::getX()].JML accessible clause.0 
93677      DEBUG main            d.u.i.k.p.i.IntermediateProofReplayer Proof replay took 8.2ns 
93781      INFO  main            d.u.i.k.p.r.p.TestFile    ... finished proof: closed. 
94014      INFO  main            d.u.i.k.p.i.AbstractProblemLoader Loading environment from /home/runner/work/key/key/key.core/../key.ui/examples/heap/SmansEtAl/Cell_getX_dep.key.proof 
94014      DEBUG main            d.u.i.k.p.i.AbstractProblemLoader Environment load took 135.61ns 
94018      INFO  main            d.u.i.k.p.i.AbstractProblemLoader Creating init config 
97256      DEBUG main            d.u.i.k.p.i.AbstractProblemLoader Init config took 3.24s 
97297      INFO  main            d.u.i.k.p.i.AbstractProblemLoader Replaying proof Cell[Cell::getX()].JML accessible clause.0 
97311      DEBUG main            d.u.i.k.p.i.IntermediateProofReplayer Proof replay took 12.15ms 
97312      DEBUG main            d.u.i.k.p.r.p.TestFile    ... success: reloaded. 
97314      INFO  main            d.u.i.k.p.r.p.TestFile    Now processing file /home/runner/work/key/key/key.core/../key.ui/examples/heap/SmansEtAl/Cell_getX.key 
97314      INFO  main            d.u.i.k.p.i.AbstractProblemLoader Loading environment from /home/runner/work/key/key/key.core/../key.ui/examples/heap/SmansEtAl/Cell_getX.key 
97314      DEBUG main            d.u.i.k.p.i.AbstractProblemLoader Environment load took 110.61ns 
97315      INFO  main            d.u.i.k.p.i.AbstractProblemLoader Creating init config 
100669     DEBUG main            d.u.i.k.p.i.AbstractProblemLoader Init config took 3.35s 
100711     INFO  main            d.u.i.k.p.i.AbstractProblemLoader Replaying proof Cell[Cell::getX()].JML normal_behavior operation contract.0 
100713     DEBUG main            d.u.i.k.p.i.IntermediateProofReplayer Proof replay took 6.8ns 
100815     INFO  main            d.u.i.k.p.r.p.TestFile    ... finished proof: closed. 
101052     INFO  main            d.u.i.k.p.i.AbstractProblemLoader Loading environment from /home/runner/work/key/key/key.core/../key.ui/examples/heap/SmansEtAl/Cell_getX.key.proof 
101052     DEBUG main            d.u.i.k.p.i.AbstractProblemLoader Environment load took 138.11ns 
101053     INFO  main            d.u.i.k.p.i.AbstractProblemLoader Creating init config 
104260     DEBUG main            d.u.i.k.p.i.AbstractProblemLoader Init config took 3.21s 
104300     INFO  main            d.u.i.k.p.i.AbstractProblemLoader Replaying proof Cell[Cell::getX()].JML normal_behavior operation contract.0 
104314     DEBUG main            d.u.i.k.p.i.IntermediateProofReplayer Proof replay took 11.73ms 
104315     DEBUG main            d.u.i.k.p.r.p.TestFile    ... success: reloaded. 
104316     INFO  main            d.u.i.k.p.r.p.TestFile    Now processing file /home/runner/work/key/key/key.core/../key.ui/examples/heap/SmansEtAl/Cell_inv.key 
104317     INFO  main            d.u.i.k.p.i.AbstractProblemLoader Loading environment from /home/runner/work/key/key/key.core/../key.ui/examples/heap/SmansEtAl/Cell_inv.key 
104317     DEBUG main            d.u.i.k.p.i.AbstractProblemLoader Environment load took 325.72ns 
104318     INFO  main            d.u.i.k.p.i.AbstractProblemLoader Creating init config 
107626     DEBUG main            d.u.i.k.p.i.AbstractProblemLoader Init config took 3.31s 
107668     INFO  main            d.u.i.k.p.i.AbstractProblemLoader Replaying proof Cell[java.lang.Object::<inv>()].JML accessible clause.0 
107672     DEBUG main            d.u.i.k.p.i.IntermediateProofReplayer Proof replay took 6.8ns 
107774     INFO  main            d.u.i.k.p.r.p.TestFile    ... finished proof: closed. 
108027     INFO  main            d.u.i.k.p.i.AbstractProblemLoader Loading environment from /home/runner/work/key/key/key.core/../key.ui/examples/heap/SmansEtAl/Cell_inv.key.proof 
108027     DEBUG main            d.u.i.k.p.i.AbstractProblemLoader Environment load took 131.41ns 
108028     INFO  main            d.u.i.k.p.i.AbstractProblemLoader Creating init config 
111240     DEBUG main            d.u.i.k.p.i.AbstractProblemLoader Init config took 3.21s 
111284     INFO  main            d.u.i.k.p.i.AbstractProblemLoader Replaying proof Cell[java.lang.Object::<inv>()].JML accessible clause.0 
111289     DEBUG main            d.u.i.k.p.i.IntermediateProofReplayer Proof replay took 1.77ms 
111290     DEBUG main            d.u.i.k.p.r.p.TestFile    ... success: reloaded. 
111291     INFO  main            d.u.i.k.p.r.p.TestFile    Now processing file /home/runner/work/key/key/key.core/../key.ui/examples/heap/SmansEtAl/Cell_setX.key 
111291     INFO  main            d.u.i.k.p.i.AbstractProblemLoader Loading environment from /home/runner/work/key/key/key.core/../key.ui/examples/heap/SmansEtAl/Cell_setX.key 
111291     DEBUG main            d.u.i.k.p.i.AbstractProblemLoader Environment load took 105.41ns 
111292     INFO  main            d.u.i.k.p.i.AbstractProblemLoader Creating init config 
114718     DEBUG main            d.u.i.k.p.i.AbstractProblemLoader Init config took 3.43s 
114778     INFO  main            d.u.i.k.p.i.AbstractProblemLoader Replaying proof Cell[Cell::setX(int)].JML normal_behavior operation contract.0 
114780     DEBUG main            d.u.i.k.p.i.IntermediateProofReplayer Proof replay took 8.2ns 
114882     INFO  main            d.u.i.k.p.r.p.TestFile    ... finished proof: closed. 
115141     INFO  main            d.u.i.k.p.i.AbstractProblemLoader Loading environment from /home/runner/work/key/key/key.core/../key.ui/examples/heap/SmansEtAl/Cell_setX.key.proof 
115141     DEBUG main            d.u.i.k.p.i.AbstractProblemLoader Environment load took 139.41ns 
115142     INFO  main            d.u.i.k.p.i.AbstractProblemLoader Creating init config 
118391     DEBUG main            d.u.i.k.p.i.AbstractProblemLoader Init config took 3.25s 
118432     INFO  main            d.u.i.k.p.i.AbstractProblemLoader Replaying proof Cell[Cell::setX(int)].JML normal_behavior operation contract.0 
118457     DEBUG main            d.u.i.k.p.i.IntermediateProofReplayer Proof replay took 23.33ms 
118458     DEBUG main            d.u.i.k.p.r.p.TestFile    ... success: reloaded. 
118459     INFO  main            d.u.i.k.p.r.p.TestFile    Now processing file /home/runner/work/key/key/key.core/../key.ui/examples/heap/SmansEtAl/CellClient_m.key 
118460     INFO  main            d.u.i.k.p.i.AbstractProblemLoader Loading environment from /home/runner/work/key/key/key.core/../key.ui/examples/heap/SmansEtAl/CellClient_m.key 
118460     DEBUG main            d.u.i.k.p.i.AbstractProblemLoader Environment load took 115.61ns 
118461     INFO  main            d.u.i.k.p.i.AbstractProblemLoader Creating init config 
121873     DEBUG main            d.u.i.k.p.i.AbstractProblemLoader Init config took 3.41s 
121912     INFO  main            d.u.i.k.p.i.AbstractProblemLoader Replaying proof CellClient[CellClient::m()].JML operation contract.0 
121914     DEBUG main            d.u.i.k.p.i.IntermediateProofReplayer Proof replay took 6.5ns 
122518     INFO  main            d.u.i.k.p.r.p.TestFile    ... finished proof: closed. 
122801     INFO  main            d.u.i.k.p.i.AbstractProblemLoader Loading environment from /home/runner/work/key/key/key.core/../key.ui/examples/heap/SmansEtAl/CellClient_m.key.proof 
122801     DEBUG main            d.u.i.k.p.i.AbstractProblemLoader Environment load took 470.54ns 
122802     INFO  main            d.u.i.k.p.i.AbstractProblemLoader Creating init config 
126088     DEBUG main            d.u.i.k.p.i.AbstractProblemLoader Init config took 3.29s 
126127     INFO  main            d.u.i.k.p.i.AbstractProblemLoader Replaying proof CellClient[CellClient::m()].JML operation contract.0 
126230     DEBUG main            d.u.i.k.p.i.IntermediateProofReplayer Proof replay took 98.71ms 
126231     DEBUG main            d.u.i.k.p.r.p.TestFile    ... success: reloaded. 
126232     INFO  main            d.u.i.k.p.r.p.TestFile    Now processing file /home/runner/work/key/key/key.core/../key.ui/examples/heap/SmansEtAl/Iterator_footprint.key 
126232     INFO  main            d.u.i.k.p.i.AbstractProblemLoader Loading environment from /home/runner/work/key/key/key.core/../key.ui/examples/heap/SmansEtAl/Iterator_footprint.key 
126232     DEBUG main            d.u.i.k.p.i.AbstractProblemLoader Environment load took 78.81ns 
126233     INFO  main            d.u.i.k.p.i.AbstractProblemLoader Creating init config 
129599     DEBUG main            d.u.i.k.p.i.AbstractProblemLoader Init config took 3.37s 
129656     INFO  main            d.u.i.k.p.i.AbstractProblemLoader Replaying proof Iterator[Iterator::$footprint()].JML accessible clause.0 
129659     DEBUG main            d.u.i.k.p.i.IntermediateProofReplayer Proof replay took 7.4ns 
129761     INFO  main            d.u.i.k.p.r.p.TestFile    ... finished proof: closed. 
130033     INFO  main            d.u.i.k.p.i.AbstractProblemLoader Loading environment from /home/runner/work/key/key/key.core/../key.ui/examples/heap/SmansEtAl/Iterator_footprint.key.proof 
130033     DEBUG main            d.u.i.k.p.i.AbstractProblemLoader Environment load took 137.61ns 
130034     INFO  main            d.u.i.k.p.i.AbstractProblemLoader Creating init config 
133316     DEBUG main            d.u.i.k.p.i.AbstractProblemLoader Init config took 3.28s 
133359     INFO  main            d.u.i.k.p.i.AbstractProblemLoader Replaying proof Iterator[Iterator::$footprint()].JML accessible clause.0 
133367     DEBUG main            d.u.i.k.p.i.IntermediateProofReplayer Proof replay took 5.98ms 
133368     DEBUG main            d.u.i.k.p.r.p.TestFile    ... success: reloaded. 
133369     INFO  main            d.u.i.k.p.r.p.TestFile    Now processing file /home/runner/work/key/key/key.core/../key.ui/examples/heap/SmansEtAl/Iterator_hasNext_dep.key 
133370     INFO  main            d.u.i.k.p.i.AbstractProblemLoader Loading environment from /home/runner/work/key/key/key.core/../key.ui/examples/heap/SmansEtAl/Iterator_hasNext_dep.key 
133370     DEBUG main            d.u.i.k.p.i.AbstractProblemLoader Environment load took 96.11ns 
133371     INFO  main            d.u.i.k.p.i.AbstractProblemLoader Creating init config 
136726     DEBUG main            d.u.i.k.p.i.AbstractProblemLoader Init config took 3.35s 
136769     INFO  main            d.u.i.k.p.i.AbstractProblemLoader Replaying proof Iterator[Iterator::hasNext()].JML accessible clause.0 
136770     DEBUG main            d.u.i.k.p.i.IntermediateProofReplayer Proof replay took 7.9ns 
137476     INFO  main            d.u.i.k.p.r.p.TestFile    ... finished proof: closed. 
137787     INFO  main            d.u.i.k.p.i.AbstractProblemLoader Loading environment from /home/runner/work/key/key/key.core/../key.ui/examples/heap/SmansEtAl/Iterator_hasNext_dep.key.proof 
137788     DEBUG main            d.u.i.k.p.i.AbstractProblemLoader Environment load took 564.14ns 
137789     INFO  main            d.u.i.k.p.i.AbstractProblemLoader Creating init config 
141029     DEBUG main            d.u.i.k.p.i.AbstractProblemLoader Init config took 3.24s 
141097     INFO  main            d.u.i.k.p.i.AbstractProblemLoader Replaying proof Iterator[Iterator::hasNext()].JML accessible clause.0 
141190     DEBUG main            d.u.i.k.p.i.IntermediateProofReplayer Proof replay took 85.74ms 
141191     DEBUG main            d.u.i.k.p.r.p.TestFile    ... success: reloaded. 
141192     INFO  main            d.u.i.k.p.r.p.TestFile    Now processing file /home/runner/work/key/key/key.core/../key.ui/examples/heap/SmansEtAl/Iterator_hasNext.key 
141192     INFO  main            d.u.i.k.p.i.AbstractProblemLoader Loading environment from /home/runner/work/key/key/key.core/../key.ui/examples/heap/SmansEtAl/Iterator_hasNext.key 
141192     DEBUG main            d.u.i.k.p.i.AbstractProblemLoader Environment load took 91.71ns 
141193     INFO  main            d.u.i.k.p.i.AbstractProblemLoader Creating init config 
144574     DEBUG main            d.u.i.k.p.i.AbstractProblemLoader Init config took 3.38s 
144618     INFO  main            d.u.i.k.p.i.AbstractProblemLoader Replaying proof Iterator[Iterator::hasNext()].JML normal_behavior operation contract.0 
144619     DEBUG main            d.u.i.k.p.i.IntermediateProofReplayer Proof replay took 7.1ns 
145226     INFO  main            d.u.i.k.p.r.p.TestFile    ... finished proof: closed. 
145546     INFO  main            d.u.i.k.p.i.AbstractProblemLoader Loading environment from /home/runner/work/key/key/key.core/../key.ui/examples/heap/SmansEtAl/Iterator_hasNext.key.proof 
145546     DEBUG main            d.u.i.k.p.i.AbstractProblemLoader Environment load took 501.13ns 
145548     INFO  main            d.u.i.k.p.i.AbstractProblemLoader Creating init config 
148822     DEBUG main            d.u.i.k.p.i.AbstractProblemLoader Init config took 3.27s 
148864     INFO  main            d.u.i.k.p.i.AbstractProblemLoader Replaying proof Iterator[Iterator::hasNext()].JML normal_behavior operation contract.0 
148937     DEBUG main            d.u.i.k.p.i.IntermediateProofReplayer Proof replay took 67.07ms 
148938     DEBUG main            d.u.i.k.p.r.p.TestFile    ... success: reloaded. 
148939     INFO  main            d.u.i.k.p.r.p.TestFile    Now processing file /home/runner/work/key/key/key.core/../key.ui/examples/heap/SmansEtAl/Iterator_inv.key 
148939     INFO  main            d.u.i.k.p.i.AbstractProblemLoader Loading environment from /home/runner/work/key/key/key.core/../key.ui/examples/heap/SmansEtAl/Iterator_inv.key 
148939     DEBUG main            d.u.i.k.p.i.AbstractProblemLoader Environment load took 69.21ns 
148940     INFO  main            d.u.i.k.p.i.AbstractProblemLoader Creating init config 
152203     DEBUG main            d.u.i.k.p.i.AbstractProblemLoader Init config took 3.26s 
152250     INFO  main            d.u.i.k.p.i.AbstractProblemLoader Replaying proof Iterator[java.lang.Object::<inv>()].JML accessible clause.0 
152252     DEBUG main            d.u.i.k.p.i.IntermediateProofReplayer Proof replay took 7.9ns 
152456     INFO  main            d.u.i.k.p.r.p.TestFile    ... finished proof: closed. 
152768     INFO  main            d.u.i.k.p.i.AbstractProblemLoader Loading environment from /home/runner/work/key/key/key.core/../key.ui/examples/heap/SmansEtAl/Iterator_inv.key.proof 
152768     DEBUG main            d.u.i.k.p.i.AbstractProblemLoader Environment load took 119.21ns 
152769     INFO  main            d.u.i.k.p.i.AbstractProblemLoader Creating init config 
155974     DEBUG main            d.u.i.k.p.i.AbstractProblemLoader Init config took 3.2s 
156019     INFO  main            d.u.i.k.p.i.AbstractProblemLoader Replaying proof Iterator[java.lang.Object::<inv>()].JML accessible clause.0 
156042     DEBUG main            d.u.i.k.p.i.IntermediateProofReplayer Proof replay took 20.28ms 
156044     DEBUG main            d.u.i.k.p.r.p.TestFile    ... success: reloaded. 
156045     INFO  main            d.u.i.k.p.r.p.TestFile    Now processing file /home/runner/work/key/key/key.core/../key.ui/examples/heap/SmansEtAl/Iterator_Iterator.key 
156045     INFO  main            d.u.i.k.p.i.AbstractProblemLoader Loading environment from /home/runner/work/key/key/key.core/../key.ui/examples/heap/SmansEtAl/Iterator_Iterator.key 
156046     DEBUG main            d.u.i.k.p.i.AbstractProblemLoader Environment load took 369.93ns 
156047     INFO  main            d.u.i.k.p.i.AbstractProblemLoader Creating init config 
159339     DEBUG main            d.u.i.k.p.i.AbstractProblemLoader Init config took 3.29s 
159381     INFO  main            d.u.i.k.p.i.AbstractProblemLoader Replaying proof Iterator[Iterator::Iterator(ArrayList)].JML normal_behavior operation contract.0 
159383     DEBUG main            d.u.i.k.p.i.IntermediateProofReplayer Proof replay took 6.1ns 
160896     INFO  main            d.u.i.k.p.r.p.TestFile    ... finished proof: closed. 
161218     INFO  main            d.u.i.k.p.i.AbstractProblemLoader Loading environment from /home/runner/work/key/key/key.core/../key.ui/examples/heap/SmansEtAl/Iterator_Iterator.key.proof 
161219     DEBUG main            d.u.i.k.p.i.AbstractProblemLoader Environment load took 952.97ns 
161221     INFO  main            d.u.i.k.p.i.AbstractProblemLoader Creating init config 
164422     DEBUG main            d.u.i.k.p.i.AbstractProblemLoader Init config took 3.2s 
164464     INFO  main            d.u.i.k.p.i.AbstractProblemLoader Replaying proof Iterator[Iterator::Iterator(ArrayList)].JML normal_behavior operation contract.0 
164656     DEBUG main            d.u.i.k.p.i.IntermediateProofReplayer Proof replay took 178.78ms 
164659     DEBUG main            d.u.i.k.p.r.p.TestFile    ... success: reloaded. 
164661     INFO  main            d.u.i.k.p.r.p.TestFile    Now processing file /home/runner/work/key/key/key.core/../key.ui/examples/heap/SmansEtAl/Iterator_list_dep.key 
164661     INFO  main            d.u.i.k.p.i.AbstractProblemLoader Loading environment from /home/runner/work/key/key/key.core/../key.ui/examples/heap/SmansEtAl/Iterator_list_dep.key 
164661     DEBUG main            d.u.i.k.p.i.AbstractProblemLoader Environment load took 234.32ns 
164663     INFO  main            d.u.i.k.p.i.AbstractProblemLoader Creating init config 
167895     DEBUG main            d.u.i.k.p.i.AbstractProblemLoader Init config took 3.23s 
167935     INFO  main            d.u.i.k.p.i.AbstractProblemLoader Replaying proof Iterator[Iterator::list()].JML accessible clause.0 
167937     DEBUG main            d.u.i.k.p.i.IntermediateProofReplayer Proof replay took 5.6ns 
168039     INFO  main            d.u.i.k.p.r.p.TestFile    ... finished proof: closed. 
168335     INFO  main            d.u.i.k.p.i.AbstractProblemLoader Loading environment from /home/runner/work/key/key/key.core/../key.ui/examples/heap/SmansEtAl/Iterator_list_dep.key.proof 
168335     DEBUG main            d.u.i.k.p.i.AbstractProblemLoader Environment load took 118.71ns 
168336     INFO  main            d.u.i.k.p.i.AbstractProblemLoader Creating init config 
171517     DEBUG main            d.u.i.k.p.i.AbstractProblemLoader Init config took 3.18s 
171557     INFO  main            d.u.i.k.p.i.AbstractProblemLoader Replaying proof Iterator[Iterator::list()].JML accessible clause.0 
171575     DEBUG main            d.u.i.k.p.i.IntermediateProofReplayer Proof replay took 15.25ms 
171576     DEBUG main            d.u.i.k.p.r.p.TestFile    ... success: reloaded. 
171577     INFO  main            d.u.i.k.p.r.p.TestFile    Now processing file /home/runner/work/key/key/key.core/../key.ui/examples/heap/SmansEtAl/Iterator_list.key 
171577     INFO  main            d.u.i.k.p.i.AbstractProblemLoader Loading environment from /home/runner/work/key/key/key.core/../key.ui/examples/heap/SmansEtAl/Iterator_list.key 
171577     DEBUG main            d.u.i.k.p.i.AbstractProblemLoader Environment load took 82.31ns 
171578     INFO  main            d.u.i.k.p.i.AbstractProblemLoader Creating init config 
174943     DEBUG main            d.u.i.k.p.i.AbstractProblemLoader Init config took 3.36s 
174997     INFO  main            d.u.i.k.p.i.AbstractProblemLoader Replaying proof Iterator[Iterator::list()].JML normal_behavior operation contract.0 
174999     DEBUG main            d.u.i.k.p.i.IntermediateProofReplayer Proof replay took 7.1ns 
175106     INFO  main            d.u.i.k.p.r.p.TestFile    ... finished proof: closed. 
175423     INFO  main            d.u.i.k.p.i.AbstractProblemLoader Loading environment from /home/runner/work/key/key/key.core/../key.ui/examples/heap/SmansEtAl/Iterator_list.key.proof 
175423     DEBUG main            d.u.i.k.p.i.AbstractProblemLoader Environment load took 130.51ns 
175424     INFO  main            d.u.i.k.p.i.AbstractProblemLoader Creating init config 
178586     DEBUG main            d.u.i.k.p.i.AbstractProblemLoader Init config took 3.15s 
178630     INFO  main            d.u.i.k.p.i.AbstractProblemLoader Replaying proof Iterator[Iterator::list()].JML normal_behavior operation contract.0 
178646     DEBUG main            d.u.i.k.p.i.IntermediateProofReplayer Proof replay took 14.2ms 
178647     DEBUG main            d.u.i.k.p.r.p.TestFile    ... success: reloaded. 
178649     INFO  main            d.u.i.k.p.r.p.TestFile    Now processing file /home/runner/work/key/key/key.core/../key.ui/examples/heap/SmansEtAl/Iterator_next.key 
178649     INFO  main            d.u.i.k.p.i.AbstractProblemLoader Loading environment from /home/runner/work/key/key/key.core/../key.ui/examples/heap/SmansEtAl/Iterator_next.key 
178649     DEBUG main            d.u.i.k.p.i.AbstractProblemLoader Environment load took 60.51ns 
178650     INFO  main            d.u.i.k.p.i.AbstractProblemLoader Creating init config 
181907     DEBUG main            d.u.i.k.p.i.AbstractProblemLoader Init config took 3.26s 
181949     INFO  main            d.u.i.k.p.i.AbstractProblemLoader Replaying proof Iterator[Iterator::next()].JML normal_behavior operation contract.0 
181951     DEBUG main            d.u.i.k.p.i.IntermediateProofReplayer Proof replay took 6.7ns 
185063     INFO  main            d.u.i.k.p.r.p.TestFile    ... finished proof: closed. 
185413     INFO  main            d.u.i.k.p.i.AbstractProblemLoader Loading environment from /home/runner/work/key/key/key.core/../key.ui/examples/heap/SmansEtAl/Iterator_next.key.proof 
185414     DEBUG main            d.u.i.k.p.i.AbstractProblemLoader Environment load took 453.93ns 
185416     INFO  main            d.u.i.k.p.i.AbstractProblemLoader Creating init config 
188582     DEBUG main            d.u.i.k.p.i.AbstractProblemLoader Init config took 3.17s 
188622     INFO  main            d.u.i.k.p.i.AbstractProblemLoader Replaying proof Iterator[Iterator::next()].JML normal_behavior operation contract.0 
188884     DEBUG main            d.u.i.k.p.i.IntermediateProofReplayer Proof replay took 242.48ms 
188886     DEBUG main            d.u.i.k.p.r.p.TestFile    ... success: reloaded. 
188887     INFO  main            d.u.i.k.p.r.p.TestFile    Now processing file /home/runner/work/key/key/key.core/../key.ui/examples/heap/SmansEtAl/Stack_footprint.key 
188888     INFO  main            d.u.i.k.p.i.AbstractProblemLoader Loading environment from /home/runner/work/key/key/key.core/../key.ui/examples/heap/SmansEtAl/Stack_footprint.key 
188888     DEBUG main            d.u.i.k.p.i.AbstractProblemLoader Environment load took 100.11ns 
188889     INFO  main            d.u.i.k.p.i.AbstractProblemLoader Creating init config 
192112     DEBUG main            d.u.i.k.p.i.AbstractProblemLoader Init config took 3.22s 
192151     INFO  main            d.u.i.k.p.i.AbstractProblemLoader Replaying proof Stack[Stack::$footprint()].JML accessible clause.0 
192152     DEBUG main            d.u.i.k.p.i.IntermediateProofReplayer Proof replay took 6.7ns 
192357     INFO  main            d.u.i.k.p.r.p.TestFile    ... finished proof: closed. 
192694     INFO  main            d.u.i.k.p.i.AbstractProblemLoader Loading environment from /home/runner/work/key/key/key.core/../key.ui/examples/heap/SmansEtAl/Stack_footprint.key.proof 
192694     DEBUG main            d.u.i.k.p.i.AbstractProblemLoader Environment load took 336.93ns 
192695     INFO  main            d.u.i.k.p.i.AbstractProblemLoader Creating init config 
195813     DEBUG main            d.u.i.k.p.i.AbstractProblemLoader Init config took 3.12s 
195852     INFO  main            d.u.i.k.p.i.AbstractProblemLoader Replaying proof Stack[Stack::$footprint()].JML accessible clause.0 
195877     DEBUG main            d.u.i.k.p.i.IntermediateProofReplayer Proof replay took 21.82ms 
195878     DEBUG main            d.u.i.k.p.r.p.TestFile    ... success: reloaded. 
195880     INFO  main            d.u.i.k.p.r.p.TestFile    Now processing file /home/runner/work/key/key/key.core/../key.ui/examples/heap/SmansEtAl/Stack_inv.key 
195880     INFO  main            d.u.i.k.p.i.AbstractProblemLoader Loading environment from /home/runner/work/key/key/key.core/../key.ui/examples/heap/SmansEtAl/Stack_inv.key 
195880     DEBUG main            d.u.i.k.p.i.AbstractProblemLoader Environment load took 231.02ns 
195881     INFO  main            d.u.i.k.p.i.AbstractProblemLoader Creating init config 
199135     DEBUG main            d.u.i.k.p.i.AbstractProblemLoader Init config took 3.25s 
199176     INFO  main            d.u.i.k.p.i.AbstractProblemLoader Replaying proof Stack[java.lang.Object::<inv>()].JML accessible clause.0 
199178     DEBUG main            d.u.i.k.p.i.IntermediateProofReplayer Proof replay took 7.5ns 
199280     INFO  main            d.u.i.k.p.r.p.TestFile    ... finished proof: closed. 
199616     INFO  main            d.u.i.k.p.i.AbstractProblemLoader Loading environment from /home/runner/work/key/key/key.core/../key.ui/examples/heap/SmansEtAl/Stack_inv.key.proof 
199616     DEBUG main            d.u.i.k.p.i.AbstractProblemLoader Environment load took 115.51ns 
199617     INFO  main            d.u.i.k.p.i.AbstractProblemLoader Creating init config 
202842     DEBUG main            d.u.i.k.p.i.AbstractProblemLoader Init config took 3.22s 
202881     INFO  main            d.u.i.k.p.i.AbstractProblemLoader Replaying proof Stack[java.lang.Object::<inv>()].JML accessible clause.0 
202892     DEBUG main            d.u.i.k.p.i.IntermediateProofReplayer Proof replay took 8.76ms 
202893     DEBUG main            d.u.i.k.p.r.p.TestFile    ... success: reloaded. 
202894     INFO  main            d.u.i.k.p.r.p.TestFile    Now processing file /home/runner/work/key/key/key.core/../key.ui/examples/heap/SmansEtAl/Stack_push.key 
202894     INFO  main            d.u.i.k.p.i.AbstractProblemLoader Loading environment from /home/runner/work/key/key/key.core/../key.ui/examples/heap/SmansEtAl/Stack_push.key 
202894     DEBUG main            d.u.i.k.p.i.AbstractProblemLoader Environment load took 236.42ns 
202895     INFO  main            d.u.i.k.p.i.AbstractProblemLoader Creating init config 
206152     DEBUG main            d.u.i.k.p.i.AbstractProblemLoader Init config took 3.26s 
206196     INFO  main            d.u.i.k.p.i.AbstractProblemLoader Replaying proof Stack[Stack::push(java.lang.Object)].JML normal_behavior operation contract.0 
206197     DEBUG main            d.u.i.k.p.i.IntermediateProofReplayer Proof replay took 7.7ns 
207024     INFO  main            d.u.i.k.p.r.p.TestFile    ... finished proof: closed. 
207364     INFO  main            d.u.i.k.p.i.AbstractProblemLoader Loading environment from /home/runner/work/key/key/key.core/../key.ui/examples/heap/SmansEtAl/Stack_push.key.proof 
207365     DEBUG main            d.u.i.k.p.i.AbstractProblemLoader Environment load took 136.01ns 
207366     INFO  main            d.u.i.k.p.i.AbstractProblemLoader Creating init config 
210611     DEBUG main            d.u.i.k.p.i.AbstractProblemLoader Init config took 3.25s 
210653     INFO  main            d.u.i.k.p.i.AbstractProblemLoader Replaying proof Stack[Stack::push(java.lang.Object)].JML normal_behavior operation contract.0 
210783     DEBUG main            d.u.i.k.p.i.IntermediateProofReplayer Proof replay took 123.9ms 
210784     DEBUG main            d.u.i.k.p.r.p.TestFile    ... success: reloaded. 
210785     INFO  main            d.u.i.k.p.r.p.TestFile    Now processing file /home/runner/work/key/key/key.core/../key.ui/examples/heap/SmansEtAl/Stack_size.key 
210786     INFO  main            d.u.i.k.p.i.AbstractProblemLoader Loading environment from /home/runner/work/key/key/key.core/../key.ui/examples/heap/SmansEtAl/Stack_size.key 
210786     DEBUG main            d.u.i.k.p.i.AbstractProblemLoader Environment load took 286.82ns 
210787     INFO  main            d.u.i.k.p.i.AbstractProblemLoader Creating init config 
214092     DEBUG main            d.u.i.k.p.i.AbstractProblemLoader Init config took 3.3s 
214132     INFO  main            d.u.i.k.p.i.AbstractProblemLoader Replaying proof Stack[Stack::size()].JML accessible clause.0 
214134     DEBUG main            d.u.i.k.p.i.IntermediateProofReplayer Proof replay took 7.5ns 
214436     INFO  main            d.u.i.k.p.r.p.TestFile    ... finished proof: closed. 
214800     INFO  main            d.u.i.k.p.i.AbstractProblemLoader Loading environment from /home/runner/work/key/key/key.core/../key.ui/examples/heap/SmansEtAl/Stack_size.key.proof 
214800     DEBUG main            d.u.i.k.p.i.AbstractProblemLoader Environment load took 106.51ns 
214801     INFO  main            d.u.i.k.p.i.AbstractProblemLoader Creating init config 
217967     DEBUG main            d.u.i.k.p.i.AbstractProblemLoader Init config took 3.17s 
218010     INFO  main            d.u.i.k.p.i.AbstractProblemLoader Replaying proof Stack[Stack::size()].JML accessible clause.0 
218049     DEBUG main            d.u.i.k.p.i.IntermediateProofReplayer Proof replay took 36.08ms 
218051     DEBUG main            d.u.i.k.p.r.p.TestFile    ... success: reloaded. 
218052     INFO  main            d.u.i.k.p.r.p.TestFile    Now processing file /home/runner/work/key/key/key.core/../key.ui/examples/heap/SmansEtAl/Stack_Stack.key 
218052     INFO  main            d.u.i.k.p.i.AbstractProblemLoader Loading environment from /home/runner/work/key/key/key.core/../key.ui/examples/heap/SmansEtAl/Stack_Stack.key 
218052     DEBUG main            d.u.i.k.p.i.AbstractProblemLoader Environment load took 151.71ns 
218053     INFO  main            d.u.i.k.p.i.AbstractProblemLoader Creating init config 
221347     DEBUG main            d.u.i.k.p.i.AbstractProblemLoader Init config took 3.29s 
221390     INFO  main            d.u.i.k.p.i.AbstractProblemLoader Replaying proof Stack[Stack::Stack()].JML normal_behavior operation contract.0 
221391     DEBUG main            d.u.i.k.p.i.IntermediateProofReplayer Proof replay took 7.3ns 
222597     INFO  main            d.u.i.k.p.r.p.TestFile    ... finished proof: closed. 
222955     INFO  main            d.u.i.k.p.i.AbstractProblemLoader Loading environment from /home/runner/work/key/key/key.core/../key.ui/examples/heap/SmansEtAl/Stack_Stack.key.proof 
222955     DEBUG main            d.u.i.k.p.i.AbstractProblemLoader Environment load took 121.81ns 
222956     INFO  main            d.u.i.k.p.i.AbstractProblemLoader Creating init config 
226143     DEBUG main            d.u.i.k.p.i.AbstractProblemLoader Init config took 3.19s 
226183     INFO  main            d.u.i.k.p.i.AbstractProblemLoader Replaying proof Stack[Stack::Stack()].JML normal_behavior operation contract.0 
226363     DEBUG main            d.u.i.k.p.i.IntermediateProofReplayer Proof replay took 169.66ms 
226369     DEBUG main            d.u.i.k.p.r.p.TestFile    ... success: reloaded. 
226370     INFO  main            d.u.i.k.p.r.p.TestFile    Now processing file /home/runner/work/key/key/key.core/../key.ui/examples/heap/SmansEtAl/Stack_switchContents.key 
226371     INFO  main            d.u.i.k.p.i.AbstractProblemLoader Loading environment from /home/runner/work/key/key/key.core/../key.ui/examples/heap/SmansEtAl/Stack_switchContents.key 
226371     DEBUG main            d.u.i.k.p.i.AbstractProblemLoader Environment load took 229.02ns 
226372     INFO  main            d.u.i.k.p.i.AbstractProblemLoader Creating init config 
229634     DEBUG main            d.u.i.k.p.i.AbstractProblemLoader Init config took 3.26s 
229677     INFO  main            d.u.i.k.p.i.AbstractProblemLoader Replaying proof Stack[Stack::switchContents(Stack)].JML normal_behavior operation contract.0 
229678     DEBUG main            d.u.i.k.p.i.IntermediateProofReplayer Proof replay took 7.5ns 
235095     INFO  main            d.u.i.k.p.r.p.TestFile    ... finished proof: closed. 
235498     INFO  main            d.u.i.k.p.i.AbstractProblemLoader Loading environment from /home/runner/work/key/key/key.core/../key.ui/examples/heap/SmansEtAl/Stack_switchContents.key.proof 
235498     DEBUG main            d.u.i.k.p.i.AbstractProblemLoader Environment load took 454.63ns 
235500     INFO  main            d.u.i.k.p.i.AbstractProblemLoader Creating init config 
238651     DEBUG main            d.u.i.k.p.i.AbstractProblemLoader Init config took 3.15s 
238692     INFO  main            d.u.i.k.p.i.AbstractProblemLoader Replaying proof Stack[Stack::switchContents(Stack)].JML normal_behavior operation contract.0 
239039     DEBUG main            d.u.i.k.p.i.IntermediateProofReplayer Proof replay took 327.13ms 
239041     DEBUG main            d.u.i.k.p.r.p.TestFile    ... success: reloaded. 
2435156    INFO  Test worker     d.u.i.k.p.r.RunAllProofsTestUnit Returning from test SmansEtAl 
2435157    INFO  Test worker     d.u.i.k.p.r.RunAllProofsTestUnit Running test VACID0 
409        INFO  Timeout watchdog d.u.i.k.p.r.p.ForkedTestFileRunner Timeout watcher launched (2000 secs.) 
422        WARN  main            d.u.i.k.s.ProofSettings   The settings in /home/runner/.key/proof-settings.props are *not* read. 
462        INFO  main            d.u.i.k.p.r.p.TestFile    Now processing file /home/runner/work/key/key/key.core/../key.ui/examples/heap/vacid0_01_SparseArray/Harness_sparseArrayTestHarness1.key 
608        INFO  main            d.u.i.k.p.i.AbstractProblemLoader Loading environment from /home/runner/work/key/key/key.core/../key.ui/examples/heap/vacid0_01_SparseArray/Harness_sparseArrayTestHarness1.key 
629        DEBUG main            d.u.i.k.p.i.AbstractProblemLoader Environment load took 2.77ms 
915        INFO  main            d.u.i.k.p.i.AbstractProblemLoader Creating init config 
1885       DEBUG main            d.u.i.k.j.TypeConverter   No LDT found for Meta 
1886       DEBUG main            d.u.i.k.j.TypeConverter   No LDT found for Meta 
1887       DEBUG main            d.u.i.k.j.TypeConverter   No LDT found for Meta 
1887       DEBUG main            d.u.i.k.j.TypeConverter   No LDT found for Meta 
3470       DEBUG main            d.u.i.k.j.TypeConverter   No LDT found for JavaBigintExpression 
9728       DEBUG main            d.u.i.k.p.i.AbstractProblemLoader Init config took 8.81s 
9865       INFO  main            d.u.i.k.p.i.AbstractProblemLoader Replaying proof Harness[Harness::sparseArrayTestHarness1()].JML normal_behavior operation contract.0 
9903       DEBUG main            d.u.i.k.p.i.IntermediateProofReplayer Proof replay took 37.2ns 
11847      INFO  main            d.u.i.k.p.r.p.TestFile    ... finished proof: closed. 
12025      INFO  main            d.u.i.k.p.i.AbstractProblemLoader Loading environment from /home/runner/work/key/key/key.core/../key.ui/examples/heap/vacid0_01_SparseArray/Harness_sparseArrayTestHarness1.key.proof 
12025      DEBUG main            d.u.i.k.p.i.AbstractProblemLoader Environment load took 522.74ns 
12028      INFO  main            d.u.i.k.p.i.AbstractProblemLoader Creating init config 
15674      DEBUG main            d.u.i.k.p.i.AbstractProblemLoader Init config took 3.65s 
15762      INFO  main            d.u.i.k.p.i.AbstractProblemLoader Replaying proof Harness[Harness::sparseArrayTestHarness1()].JML normal_behavior operation contract.0 
15947      DEBUG main            d.u.i.k.p.i.IntermediateProofReplayer Proof replay took 174.89ms 
15957      DEBUG main            d.u.i.k.p.r.p.TestFile    ... success: reloaded. 
15960      INFO  main            d.u.i.k.p.r.p.TestFile    Now processing file /home/runner/work/key/key/key.core/../key.ui/examples/heap/vacid0_01_SparseArray/Harness_sparseArrayTestHarness2.key 
15960      INFO  main            d.u.i.k.p.i.AbstractProblemLoader Loading environment from /home/runner/work/key/key/key.core/../key.ui/examples/heap/vacid0_01_SparseArray/Harness_sparseArrayTestHarness2.key 
15960      DEBUG main            d.u.i.k.p.i.AbstractProblemLoader Environment load took 273.42ns 
15963      INFO  main            d.u.i.k.p.i.AbstractProblemLoader Creating init config 
19554      DEBUG main            d.u.i.k.p.i.AbstractProblemLoader Init config took 3.59s 
19619      INFO  main            d.u.i.k.p.i.AbstractProblemLoader Replaying proof Harness[Harness::sparseArrayTestHarness2()].JML normal_behavior operation contract.0 
19622      DEBUG main            d.u.i.k.p.i.IntermediateProofReplayer Proof replay took 7.4ns 
33288      INFO  main            d.u.i.k.p.r.p.TestFile    ... finished proof: closed. 
33560      INFO  main            d.u.i.k.p.i.AbstractProblemLoader Loading environment from /home/runner/work/key/key/key.core/../key.ui/examples/heap/vacid0_01_SparseArray/Harness_sparseArrayTestHarness2.key.proof 
33561      DEBUG main            d.u.i.k.p.i.AbstractProblemLoader Environment load took 802.35ns 
33571      INFO  main            d.u.i.k.p.i.AbstractProblemLoader Creating init config 
36906      DEBUG main            d.u.i.k.p.i.AbstractProblemLoader Init config took 3.33s 
36971      INFO  main            d.u.i.k.p.i.AbstractProblemLoader Replaying proof Harness[Harness::sparseArrayTestHarness2()].JML normal_behavior operation contract.0 
38215      DEBUG main            d.u.i.k.p.i.IntermediateProofReplayer Proof replay took 1.18s 
38218      DEBUG main            d.u.i.k.p.r.p.TestFile    ... success: reloaded. 
38220      INFO  main            d.u.i.k.p.r.p.TestFile    Now processing file /home/runner/work/key/key/key.core/../key.ui/examples/heap/vacid0_01_SparseArray/MemoryAllocator_alloc_unsigned.key 
38220      INFO  main            d.u.i.k.p.i.AbstractProblemLoader Loading environment from /home/runner/work/key/key/key.core/../key.ui/examples/heap/vacid0_01_SparseArray/MemoryAllocator_alloc_unsigned.key 
38221      DEBUG main            d.u.i.k.p.i.AbstractProblemLoader Environment load took 257.72ns 
38222      INFO  main            d.u.i.k.p.i.AbstractProblemLoader Creating init config 
41494      DEBUG main            d.u.i.k.p.i.AbstractProblemLoader Init config took 3.27s 
41547      INFO  main            d.u.i.k.p.i.AbstractProblemLoader Replaying proof MemoryAllocator[MemoryAllocator::alloc_unsigned(int)].JML normal_behavior operation contract.0 
41549      DEBUG main            d.u.i.k.p.i.IntermediateProofReplayer Proof replay took 6.5ns 
42664      INFO  main            d.u.i.k.p.r.p.TestFile    ... finished proof: closed. 
42879      INFO  main            d.u.i.k.p.i.AbstractProblemLoader Loading environment from /home/runner/work/key/key/key.core/../key.ui/examples/heap/vacid0_01_SparseArray/MemoryAllocator_alloc_unsigned.key.proof 
42881      DEBUG main            d.u.i.k.p.i.AbstractProblemLoader Environment load took 1.92ms 
42883      INFO  main            d.u.i.k.p.i.AbstractProblemLoader Creating init config 
46080      DEBUG main            d.u.i.k.p.i.AbstractProblemLoader Init config took 3.2s 
46131      INFO  main            d.u.i.k.p.i.AbstractProblemLoader Replaying proof MemoryAllocator[MemoryAllocator::alloc_unsigned(int)].JML normal_behavior operation contract.0 
46319      DEBUG main            d.u.i.k.p.i.IntermediateProofReplayer Proof replay took 180.54ms 
46321      DEBUG main            d.u.i.k.p.r.p.TestFile    ... success: reloaded. 
46323      INFO  main            d.u.i.k.p.r.p.TestFile    Now processing file /home/runner/work/key/key/key.core/../key.ui/examples/heap/vacid0_01_SparseArray/MemoryAllocator_alloc.key 
46323      INFO  main            d.u.i.k.p.i.AbstractProblemLoader Loading environment from /home/runner/work/key/key/key.core/../key.ui/examples/heap/vacid0_01_SparseArray/MemoryAllocator_alloc.key 
46324      DEBUG main            d.u.i.k.p.i.AbstractProblemLoader Environment load took 162.31ns 
46325      INFO  main            d.u.i.k.p.i.AbstractProblemLoader Creating init config 
49506      DEBUG main            d.u.i.k.p.i.AbstractProblemLoader Init config took 3.18s 
49556      INFO  main            d.u.i.k.p.i.AbstractProblemLoader Replaying proof MemoryAllocator[MemoryAllocator::alloc(int)].JML normal_behavior operation contract.0 
49558      DEBUG main            d.u.i.k.p.i.IntermediateProofReplayer Proof replay took 6.1ns 
50262      INFO  main            d.u.i.k.p.r.p.TestFile    ... finished proof: closed. 
50442      INFO  main            d.u.i.k.p.i.AbstractProblemLoader Loading environment from /home/runner/work/key/key/key.core/../key.ui/examples/heap/vacid0_01_SparseArray/MemoryAllocator_alloc.key.proof 
50442      DEBUG main            d.u.i.k.p.i.AbstractProblemLoader Environment load took 503.03ns 
50444      INFO  main            d.u.i.k.p.i.AbstractProblemLoader Creating init config 
53569      DEBUG main            d.u.i.k.p.i.AbstractProblemLoader Init config took 3.12s 
53617      INFO  main            d.u.i.k.p.i.AbstractProblemLoader Replaying proof MemoryAllocator[MemoryAllocator::alloc(int)].JML normal_behavior operation contract.0 
53729      DEBUG main            d.u.i.k.p.i.IntermediateProofReplayer Proof replay took 106.8ms 
53731      DEBUG main            d.u.i.k.p.r.p.TestFile    ... success: reloaded. 
53732      INFO  main            d.u.i.k.p.r.p.TestFile    Now processing file /home/runner/work/key/key/key.core/../key.ui/examples/heap/vacid0_01_SparseArray/SparseArray_get_dep.key 
53733      INFO  main            d.u.i.k.p.i.AbstractProblemLoader Loading environment from /home/runner/work/key/key/key.core/../key.ui/examples/heap/vacid0_01_SparseArray/SparseArray_get_dep.key 
53733      DEBUG main            d.u.i.k.p.i.AbstractProblemLoader Environment load took 292.42ns 
53734      INFO  main            d.u.i.k.p.i.AbstractProblemLoader Creating init config 
56792      DEBUG main            d.u.i.k.p.i.AbstractProblemLoader Init config took 3.06s 
56865      INFO  main            d.u.i.k.p.i.AbstractProblemLoader Replaying proof SparseArray[SparseArray::get(int)].JML accessible clause.0 
56867      DEBUG main            d.u.i.k.p.i.IntermediateProofReplayer Proof replay took 7.5ns 
59508      INFO  main            d.u.i.k.p.r.p.TestFile    ... finished proof: closed. 
59720      INFO  main            d.u.i.k.p.i.AbstractProblemLoader Loading environment from /home/runner/work/key/key/key.core/../key.ui/examples/heap/vacid0_01_SparseArray/SparseArray_get_dep.key.proof 
59721      DEBUG main            d.u.i.k.p.i.AbstractProblemLoader Environment load took 488.33ns 
59723      INFO  main            d.u.i.k.p.i.AbstractProblemLoader Creating init config 
62842      DEBUG main            d.u.i.k.p.i.AbstractProblemLoader Init config took 3.12s 
62910      INFO  main            d.u.i.k.p.i.AbstractProblemLoader Replaying proof SparseArray[SparseArray::get(int)].JML accessible clause.0 
63098      DEBUG main            d.u.i.k.p.i.IntermediateProofReplayer Proof replay took 175.74ms 
63099      DEBUG main            d.u.i.k.p.r.p.TestFile    ... success: reloaded. 
63101      INFO  main            d.u.i.k.p.r.p.TestFile    Now processing file /home/runner/work/key/key/key.core/../key.ui/examples/heap/vacid0_01_SparseArray/SparseArray_get.key 
63101      INFO  main            d.u.i.k.p.i.AbstractProblemLoader Loading environment from /home/runner/work/key/key/key.core/../key.ui/examples/heap/vacid0_01_SparseArray/SparseArray_get.key 
63102      DEBUG main            d.u.i.k.p.i.AbstractProblemLoader Environment load took 267.82ns 
63103      INFO  main            d.u.i.k.p.i.AbstractProblemLoader Creating init config 
66213      DEBUG main            d.u.i.k.p.i.AbstractProblemLoader Init config took 3.11s 
66282      INFO  main            d.u.i.k.p.i.AbstractProblemLoader Replaying proof SparseArray[SparseArray::get(int)].JML normal_behavior operation contract.0 
66285      DEBUG main            d.u.i.k.p.i.IntermediateProofReplayer Proof replay took 7.8ns 
68897      INFO  main            d.u.i.k.p.r.p.TestFile    ... finished proof: closed. 
69128      INFO  main            d.u.i.k.p.i.AbstractProblemLoader Loading environment from /home/runner/work/key/key/key.core/../key.ui/examples/heap/vacid0_01_SparseArray/SparseArray_get.key.proof 
69128      DEBUG main            d.u.i.k.p.i.AbstractProblemLoader Environment load took 527.33ns 
69130      INFO  main            d.u.i.k.p.i.AbstractProblemLoader Creating init config 
72218      DEBUG main            d.u.i.k.p.i.AbstractProblemLoader Init config took 3.09s 
72289      INFO  main            d.u.i.k.p.i.AbstractProblemLoader Replaying proof SparseArray[SparseArray::get(int)].JML normal_behavior operation contract.0 
72491      DEBUG main            d.u.i.k.p.i.IntermediateProofReplayer Proof replay took 184.83ms 
72492      DEBUG main            d.u.i.k.p.r.p.TestFile    ... success: reloaded. 
72494      INFO  main            d.u.i.k.p.r.p.TestFile    Now processing file /home/runner/work/key/key/key.core/../key.ui/examples/heap/vacid0_01_SparseArray/SparseArray_inv.key 
72494      INFO  main            d.u.i.k.p.i.AbstractProblemLoader Loading environment from /home/runner/work/key/key/key.core/../key.ui/examples/heap/vacid0_01_SparseArray/SparseArray_inv.key 
72495      DEBUG main            d.u.i.k.p.i.AbstractProblemLoader Environment load took 255.81ns 
72496      INFO  main            d.u.i.k.p.i.AbstractProblemLoader Creating init config 
75578      DEBUG main            d.u.i.k.p.i.AbstractProblemLoader Init config took 3.08s 
75645      INFO  main            d.u.i.k.p.i.AbstractProblemLoader Replaying proof SparseArray[java.lang.Object::<inv>()].JML accessible clause.0 
75647      DEBUG main            d.u.i.k.p.i.IntermediateProofReplayer Proof replay took 6.2ns 
77752      INFO  main            d.u.i.k.p.r.p.TestFile    ... finished proof: closed. 
77981      INFO  main            d.u.i.k.p.i.AbstractProblemLoader Loading environment from /home/runner/work/key/key/key.core/../key.ui/examples/heap/vacid0_01_SparseArray/SparseArray_inv.key.proof 
77981      DEBUG main            d.u.i.k.p.i.AbstractProblemLoader Environment load took 492.83ns 
77983      INFO  main            d.u.i.k.p.i.AbstractProblemLoader Creating init config 
81022      DEBUG main            d.u.i.k.p.i.AbstractProblemLoader Init config took 3.04s 
81100      INFO  main            d.u.i.k.p.i.AbstractProblemLoader Replaying proof SparseArray[java.lang.Object::<inv>()].JML accessible clause.0 
81174      DEBUG main            d.u.i.k.p.i.IntermediateProofReplayer Proof replay took 67.72ms 
81175      DEBUG main            d.u.i.k.p.r.p.TestFile    ... success: reloaded. 
81177      INFO  main            d.u.i.k.p.r.p.TestFile    Now processing file /home/runner/work/key/key/key.core/../key.ui/examples/heap/vacid0_01_SparseArray/SparseArray_SparseArray.key 
81177      INFO  main            d.u.i.k.p.i.AbstractProblemLoader Loading environment from /home/runner/work/key/key/key.core/../key.ui/examples/heap/vacid0_01_SparseArray/SparseArray_SparseArray.key 
81177      DEBUG main            d.u.i.k.p.i.AbstractProblemLoader Environment load took 199.61ns 
81178      INFO  main            d.u.i.k.p.i.AbstractProblemLoader Creating init config 
84307      DEBUG main            d.u.i.k.p.i.AbstractProblemLoader Init config took 3.13s 
84377      INFO  main            d.u.i.k.p.i.AbstractProblemLoader Replaying proof SparseArray[SparseArray::SparseArray(int)].JML normal_behavior operation contract.0 
84380      DEBUG main            d.u.i.k.p.i.IntermediateProofReplayer Proof replay took 6.9ns 
88099      INFO  main            d.u.i.k.p.r.p.TestFile    ... finished proof: closed. 
88336      INFO  main            d.u.i.k.p.i.AbstractProblemLoader Loading environment from /home/runner/work/key/key/key.core/../key.ui/examples/heap/vacid0_01_SparseArray/SparseArray_SparseArray.key.proof 
88336      DEBUG main            d.u.i.k.p.i.AbstractProblemLoader Environment load took 542.63ns 
88338      INFO  main            d.u.i.k.p.i.AbstractProblemLoader Creating init config 
91425      DEBUG main            d.u.i.k.p.i.AbstractProblemLoader Init config took 3.09s 
91490      INFO  main            d.u.i.k.p.i.AbstractProblemLoader Replaying proof SparseArray[SparseArray::SparseArray(int)].JML normal_behavior operation contract.0 
91817      DEBUG main            d.u.i.k.p.i.IntermediateProofReplayer Proof replay took 314.31ms 
91818      DEBUG main            d.u.i.k.p.r.p.TestFile    ... success: reloaded. 
2527181    INFO  Test worker     d.u.i.k.p.r.RunAllProofsTestUnit Returning from test VACID0 
2527182    INFO  Test worker     d.u.i.k.p.r.RunAllProofsTestUnit Running test VSTTE10 
480        WARN  main            d.u.i.k.s.ProofSettings   The settings in /home/runner/.key/proof-settings.props are *not* read. 
463        INFO  Timeout watchdog d.u.i.k.p.r.p.ForkedTestFileRunner Timeout watcher launched (2000 secs.) 
537        INFO  main            d.u.i.k.p.r.p.TestFile    Now processing file /home/runner/work/key/key/key.core/../key.ui/examples/heap/vstte10_01_SumAndMax/SumAndMax_sumAndMax.key 
683        INFO  main            d.u.i.k.p.i.AbstractProblemLoader Loading environment from /home/runner/work/key/key/key.core/../key.ui/examples/heap/vstte10_01_SumAndMax/SumAndMax_sumAndMax.key 
702        DEBUG main            d.u.i.k.p.i.AbstractProblemLoader Environment load took 2.31ms 
961        INFO  main            d.u.i.k.p.i.AbstractProblemLoader Creating init config 
2132       DEBUG main            d.u.i.k.j.TypeConverter   No LDT found for Meta 
2133       DEBUG main            d.u.i.k.j.TypeConverter   No LDT found for Meta 
2134       DEBUG main            d.u.i.k.j.TypeConverter   No LDT found for Meta 
2134       DEBUG main            d.u.i.k.j.TypeConverter   No LDT found for Meta 
3852       DEBUG main            d.u.i.k.j.TypeConverter   No LDT found for JavaBigintExpression 
10021      DEBUG main            d.u.i.k.p.i.AbstractProblemLoader Init config took 9.06s 
10208      INFO  main            d.u.i.k.p.i.AbstractProblemLoader Replaying proof SumAndMax[SumAndMax::sumAndMax([I)].JML normal_behavior operation contract.0 
10250      DEBUG main            d.u.i.k.p.i.IntermediateProofReplayer Proof replay took 35.9ns 
16176      INFO  main            d.u.i.k.p.r.p.TestFile    ... finished proof: closed. 
16381      INFO  main            d.u.i.k.p.i.AbstractProblemLoader Loading environment from /home/runner/work/key/key/key.core/../key.ui/examples/heap/vstte10_01_SumAndMax/SumAndMax_sumAndMax.key.proof 
16386      DEBUG main            d.u.i.k.p.i.AbstractProblemLoader Environment load took 4.91ms 
16389      INFO  main            d.u.i.k.p.i.AbstractProblemLoader Creating init config 
19822      DEBUG main            d.u.i.k.p.i.AbstractProblemLoader Init config took 3.43s 
19885      INFO  main            d.u.i.k.p.i.AbstractProblemLoader Replaying proof SumAndMax[SumAndMax::sumAndMax([I)].JML normal_behavior operation contract.0 
20515      DEBUG main            d.u.i.k.p.i.IntermediateProofReplayer Proof replay took 573.47ms 
20526      DEBUG main            d.u.i.k.p.r.p.TestFile    ... success: reloaded. 
20528      INFO  main            d.u.i.k.p.r.p.TestFile    Now processing file /home/runner/work/key/key/key.core/../key.ui/examples/heap/vstte10_03_LinkedList/Node_cons.key 
20529      INFO  main            d.u.i.k.p.i.AbstractProblemLoader Loading environment from /home/runner/work/key/key/key.core/../key.ui/examples/heap/vstte10_03_LinkedList/Node_cons.key 
20529      DEBUG main            d.u.i.k.p.i.AbstractProblemLoader Environment load took 368.92ns 
20531      INFO  main            d.u.i.k.p.i.AbstractProblemLoader Creating init config 
24137      DEBUG main            d.u.i.k.p.i.AbstractProblemLoader Init config took 3.61s 
24204      INFO  main            d.u.i.k.p.i.AbstractProblemLoader Replaying proof Node[Node::cons(int,Node)].JML normal_behavior operation contract.0 
24207      DEBUG main            d.u.i.k.p.i.IntermediateProofReplayer Proof replay took 7.4ns 
25918      INFO  main            d.u.i.k.p.r.p.TestFile    ... finished proof: closed. 
26169      INFO  main            d.u.i.k.p.i.AbstractProblemLoader Loading environment from /home/runner/work/key/key/key.core/../key.ui/examples/heap/vstte10_03_LinkedList/Node_cons.key.proof 
26170      DEBUG main            d.u.i.k.p.i.AbstractProblemLoader Environment load took 504.03ns 
26177      INFO  main            d.u.i.k.p.i.AbstractProblemLoader Creating init config 
29536      DEBUG main            d.u.i.k.p.i.AbstractProblemLoader Init config took 3.36s 
29600      INFO  main            d.u.i.k.p.i.AbstractProblemLoader Replaying proof Node[Node::cons(int,Node)].JML normal_behavior operation contract.0 
29855      DEBUG main            d.u.i.k.p.i.IntermediateProofReplayer Proof replay took 241.39ms 
29857      DEBUG main            d.u.i.k.p.r.p.TestFile    ... success: reloaded. 
29859      INFO  main            d.u.i.k.p.r.p.TestFile    Now processing file /home/runner/work/key/key/key.core/../key.ui/examples/heap/vstte10_03_LinkedList/Node_inv.key 
29860      INFO  main            d.u.i.k.p.i.AbstractProblemLoader Loading environment from /home/runner/work/key/key/key.core/../key.ui/examples/heap/vstte10_03_LinkedList/Node_inv.key 
29860      DEBUG main            d.u.i.k.p.i.AbstractProblemLoader Environment load took 253.31ns 
29861      INFO  main            d.u.i.k.p.i.AbstractProblemLoader Creating init config 
33219      DEBUG main            d.u.i.k.p.i.AbstractProblemLoader Init config took 3.36s 
33285      INFO  main            d.u.i.k.p.i.AbstractProblemLoader Replaying proof Node[java.lang.Object::<inv>()].JML accessible clause.0 
33287      DEBUG main            d.u.i.k.p.i.IntermediateProofReplayer Proof replay took 7.1ns 
33693      INFO  main            d.u.i.k.p.r.p.TestFile    ... finished proof: closed. 
33956      INFO  main            d.u.i.k.p.i.AbstractProblemLoader Loading environment from /home/runner/work/key/key/key.core/../key.ui/examples/heap/vstte10_03_LinkedList/Node_inv.key.proof 
33957      DEBUG main            d.u.i.k.p.i.AbstractProblemLoader Environment load took 1.39ms 
33959      INFO  main            d.u.i.k.p.i.AbstractProblemLoader Creating init config 
37256      DEBUG main            d.u.i.k.p.i.AbstractProblemLoader Init config took 3.3s 
37315      INFO  main            d.u.i.k.p.i.AbstractProblemLoader Replaying proof Node[java.lang.Object::<inv>()].JML accessible clause.0 
37346      DEBUG main            d.u.i.k.p.i.IntermediateProofReplayer Proof replay took 26.34ms 
37348      DEBUG main            d.u.i.k.p.r.p.TestFile    ... success: reloaded. 
37349      INFO  main            d.u.i.k.p.r.p.TestFile    Now processing file /home/runner/work/key/key/key.core/../key.ui/examples/heap/vstte10_03_LinkedList/Node_search.key 
37350      INFO  main            d.u.i.k.p.i.AbstractProblemLoader Loading environment from /home/runner/work/key/key/key.core/../key.ui/examples/heap/vstte10_03_LinkedList/Node_search.key 
37350      DEBUG main            d.u.i.k.p.i.AbstractProblemLoader Environment load took 251.41ns 
37351      INFO  main            d.u.i.k.p.i.AbstractProblemLoader Creating init config 
40557      DEBUG main            d.u.i.k.p.i.AbstractProblemLoader Init config took 3.21s 
40616      INFO  main            d.u.i.k.p.i.AbstractProblemLoader Replaying proof Node[Node::search()].JML normal_behavior operation contract.0 
40618      DEBUG main            d.u.i.k.p.i.IntermediateProofReplayer Proof replay took 7.6ns 
47978      INFO  main            d.u.i.k.p.r.p.TestFile    ... finished proof: closed. 
48243      INFO  main            d.u.i.k.p.i.AbstractProblemLoader Loading environment from /home/runner/work/key/key/key.core/../key.ui/examples/heap/vstte10_03_LinkedList/Node_search.key.proof 
48244      DEBUG main            d.u.i.k.p.i.AbstractProblemLoader Environment load took 641.94ns 
48247      INFO  main            d.u.i.k.p.i.AbstractProblemLoader Creating init config 
51446      DEBUG main            d.u.i.k.p.i.AbstractProblemLoader Init config took 3.2s 
51511      INFO  main            d.u.i.k.p.i.AbstractProblemLoader Replaying proof Node[Node::search()].JML normal_behavior operation contract.0 
52080      DEBUG main            d.u.i.k.p.i.IntermediateProofReplayer Proof replay took 516.11ms 
52083      DEBUG main            d.u.i.k.p.r.p.TestFile    ... success: reloaded. 
52084      INFO  main            d.u.i.k.p.r.p.TestFile    Now processing file /home/runner/work/key/key/key.core/../key.ui/examples/heap/vstte10_04_Queens/Queens_isConsistent.key 
52085      INFO  main            d.u.i.k.p.i.AbstractProblemLoader Loading environment from /home/runner/work/key/key/key.core/../key.ui/examples/heap/vstte10_04_Queens/Queens_isConsistent.key 
52085      DEBUG main            d.u.i.k.p.i.AbstractProblemLoader Environment load took 256.01ns 
52086      INFO  main            d.u.i.k.p.i.AbstractProblemLoader Creating init config 
55629      DEBUG main            d.u.i.k.p.i.AbstractProblemLoader Init config took 3.54s 
55678      INFO  main            d.u.i.k.p.i.AbstractProblemLoader Replaying proof Queens[Queens::isConsistent([I,int)].JML normal_behavior operation contract.0 
55680      DEBUG main            d.u.i.k.p.i.IntermediateProofReplayer Proof replay took 7.5ns 
57775      INFO  main            d.u.i.k.p.r.p.TestFile    ... finished proof: closed. 
58065      INFO  main            d.u.i.k.p.i.AbstractProblemLoader Loading environment from /home/runner/work/key/key/key.core/../key.ui/examples/heap/vstte10_04_Queens/Queens_isConsistent.key.proof 
58066      DEBUG main            d.u.i.k.p.i.AbstractProblemLoader Environment load took 580.03ns 
58068      INFO  main            d.u.i.k.p.i.AbstractProblemLoader Creating init config 
61381      DEBUG main            d.u.i.k.p.i.AbstractProblemLoader Init config took 3.31s 
61442      INFO  main            d.u.i.k.p.i.AbstractProblemLoader Replaying proof Queens[Queens::isConsistent([I,int)].JML normal_behavior operation contract.0 
61763      DEBUG main            d.u.i.k.p.i.IntermediateProofReplayer Proof replay took 308.41ms 
61766      DEBUG main            d.u.i.k.p.r.p.TestFile    ... success: reloaded. 
61768      INFO  main            d.u.i.k.p.r.p.TestFile    Now processing file /home/runner/work/key/key/key.core/../key.ui/examples/heap/vstte10_04_Queens/Queens_nQueens.key 
61768      INFO  main            d.u.i.k.p.i.AbstractProblemLoader Loading environment from /home/runner/work/key/key/key.core/../key.ui/examples/heap/vstte10_04_Queens/Queens_nQueens.key 
61768      DEBUG main            d.u.i.k.p.i.AbstractProblemLoader Environment load took 260.82ns 
61769      INFO  main            d.u.i.k.p.i.AbstractProblemLoader Creating init config 
65082      DEBUG main            d.u.i.k.p.i.AbstractProblemLoader Init config took 3.31s 
65132      INFO  main            d.u.i.k.p.i.AbstractProblemLoader Replaying proof Queens[Queens::nQueens(int)].JML normal_behavior operation contract.0 
65134      DEBUG main            d.u.i.k.p.i.IntermediateProofReplayer Proof replay took 7.8ns 
80594      INFO  main            d.u.i.k.p.r.p.TestFile    ... finished proof: closed. 
80868      INFO  main            d.u.i.k.p.i.AbstractProblemLoader Loading environment from /home/runner/work/key/key/key.core/../key.ui/examples/heap/vstte10_04_Queens/Queens_nQueens.key.proof 
80869      DEBUG main            d.u.i.k.p.i.AbstractProblemLoader Environment load took 473.53ns 
80871      INFO  main            d.u.i.k.p.i.AbstractProblemLoader Creating init config 
84057      DEBUG main            d.u.i.k.p.i.AbstractProblemLoader Init config took 3.19s 
84119      INFO  main            d.u.i.k.p.i.AbstractProblemLoader Replaying proof Queens[Queens::nQueens(int)].JML normal_behavior operation contract.0 
84591      DEBUG main            d.u.i.k.p.i.IntermediateProofReplayer Proof replay took 448.17ms 
84593      DEBUG main            d.u.i.k.p.r.p.TestFile    ... success: reloaded. 
84595      INFO  main            d.u.i.k.p.r.p.TestFile    Now processing file /home/runner/work/key/key/key.core/../key.ui/examples/heap/vstte10_05_Queue/AmortizedQueue_AmortizedQueue.key 
84595      INFO  main            d.u.i.k.p.i.AbstractProblemLoader Loading environment from /home/runner/work/key/key/key.core/../key.ui/examples/heap/vstte10_05_Queue/AmortizedQueue_AmortizedQueue.key 
84596      DEBUG main            d.u.i.k.p.i.AbstractProblemLoader Environment load took 290.62ns 
84597      INFO  main            d.u.i.k.p.i.AbstractProblemLoader Creating init config 
87894      DEBUG main            d.u.i.k.p.i.AbstractProblemLoader Init config took 3.3s 
87954      INFO  main            d.u.i.k.p.i.AbstractProblemLoader Replaying proof AmortizedQueue[AmortizedQueue::AmortizedQueue()].JML normal_behavior operation contract.0 
87956      DEBUG main            d.u.i.k.p.i.IntermediateProofReplayer Proof replay took 7.4ns 
89566      INFO  main            d.u.i.k.p.r.p.TestFile    ... finished proof: closed. 
89829      INFO  main            d.u.i.k.p.i.AbstractProblemLoader Loading environment from /home/runner/work/key/key/key.core/../key.ui/examples/heap/vstte10_05_Queue/AmortizedQueue_AmortizedQueue.key.proof 
89830      DEBUG main            d.u.i.k.p.i.AbstractProblemLoader Environment load took 793.14ns 
89831      INFO  main            d.u.i.k.p.i.AbstractProblemLoader Creating init config 
92977      DEBUG main            d.u.i.k.p.i.AbstractProblemLoader Init config took 3.15s 
93040      INFO  main            d.u.i.k.p.i.AbstractProblemLoader Replaying proof AmortizedQueue[AmortizedQueue::AmortizedQueue()].JML normal_behavior operation contract.0 
93245      DEBUG main            d.u.i.k.p.i.IntermediateProofReplayer Proof replay took 197.1ms 
93247      DEBUG main            d.u.i.k.p.r.p.TestFile    ... success: reloaded. 
93249      INFO  main            d.u.i.k.p.r.p.TestFile    Now processing file /home/runner/work/key/key/key.core/../key.ui/examples/heap/vstte10_05_Queue/AmortizedQueue_front.key 
93250      INFO  main            d.u.i.k.p.i.AbstractProblemLoader Loading environment from /home/runner/work/key/key/key.core/../key.ui/examples/heap/vstte10_05_Queue/AmortizedQueue_front.key 
93250      DEBUG main            d.u.i.k.p.i.AbstractProblemLoader Environment load took 247.61ns 
93251      INFO  main            d.u.i.k.p.i.AbstractProblemLoader Creating init config 
96466      DEBUG main            d.u.i.k.p.i.AbstractProblemLoader Init config took 3.21s 
96515      INFO  main            d.u.i.k.p.i.AbstractProblemLoader Replaying proof AmortizedQueue[AmortizedQueue::front()].JML normal_behavior operation contract.0 
96516      DEBUG main            d.u.i.k.p.i.IntermediateProofReplayer Proof replay took 7.4ns 
97123      INFO  main            d.u.i.k.p.r.p.TestFile    ... finished proof: closed. 
97369      INFO  main            d.u.i.k.p.i.AbstractProblemLoader Loading environment from /home/runner/work/key/key/key.core/../key.ui/examples/heap/vstte10_05_Queue/AmortizedQueue_front.key.proof 
97369      DEBUG main            d.u.i.k.p.i.AbstractProblemLoader Environment load took 203.01ns 
97370      INFO  main            d.u.i.k.p.i.AbstractProblemLoader Creating init config 
100592     DEBUG main            d.u.i.k.p.i.AbstractProblemLoader Init config took 3.22s 
100643     INFO  main            d.u.i.k.p.i.AbstractProblemLoader Replaying proof AmortizedQueue[AmortizedQueue::front()].JML normal_behavior operation contract.0 
100688     DEBUG main            d.u.i.k.p.i.IntermediateProofReplayer Proof replay took 41.24ms 
100689     DEBUG main            d.u.i.k.p.r.p.TestFile    ... success: reloaded. 
100691     INFO  main            d.u.i.k.p.r.p.TestFile    Now processing file /home/runner/work/key/key/key.core/../key.ui/examples/heap/vstte10_05_Queue/LinkedList_concat.key 
100691     INFO  main            d.u.i.k.p.i.AbstractProblemLoader Loading environment from /home/runner/work/key/key/key.core/../key.ui/examples/heap/vstte10_05_Queue/LinkedList_concat.key 
100692     DEBUG main            d.u.i.k.p.i.AbstractProblemLoader Environment load took 232.91ns 
100693     INFO  main            d.u.i.k.p.i.AbstractProblemLoader Creating init config 
103916     DEBUG main            d.u.i.k.p.i.AbstractProblemLoader Init config took 3.22s 
103969     INFO  main            d.u.i.k.p.i.AbstractProblemLoader Replaying proof LinkedList[LinkedList::concat(LinkedList)].JML normal_behavior operation contract.0 
103972     DEBUG main            d.u.i.k.p.i.IntermediateProofReplayer Proof replay took 6.4ns 
113680     INFO  main            d.u.i.k.p.r.p.TestFile    ... finished proof: closed. 
114003     INFO  main            d.u.i.k.p.i.AbstractProblemLoader Loading environment from /home/runner/work/key/key/key.core/../key.ui/examples/heap/vstte10_05_Queue/LinkedList_concat.key.proof 
114004     DEBUG main            d.u.i.k.p.i.AbstractProblemLoader Environment load took 1.03ms 
114007     INFO  main            d.u.i.k.p.i.AbstractProblemLoader Creating init config 
117198     DEBUG main            d.u.i.k.p.i.AbstractProblemLoader Init config took 3.19s 
117257     INFO  main            d.u.i.k.p.i.AbstractProblemLoader Replaying proof LinkedList[LinkedList::concat(LinkedList)].JML normal_behavior operation contract.0 
117876     DEBUG main            d.u.i.k.p.i.IntermediateProofReplayer Proof replay took 580.85ms 
117885     DEBUG main            d.u.i.k.p.r.p.TestFile    ... success: reloaded. 
117888     INFO  main            d.u.i.k.p.r.p.TestFile    Now processing file /home/runner/work/key/key/key.core/../key.ui/examples/heap/vstte10_05_Queue/LinkedList_cons.key 
117888     INFO  main            d.u.i.k.p.i.AbstractProblemLoader Loading environment from /home/runner/work/key/key/key.core/../key.ui/examples/heap/vstte10_05_Queue/LinkedList_cons.key 
117889     DEBUG main            d.u.i.k.p.i.AbstractProblemLoader Environment load took 918.74ns 
117891     INFO  main            d.u.i.k.p.i.AbstractProblemLoader Creating init config 
121127     DEBUG main            d.u.i.k.p.i.AbstractProblemLoader Init config took 3.24s 
121179     INFO  main            d.u.i.k.p.i.AbstractProblemLoader Replaying proof LinkedList[LinkedList::cons(int)].JML normal_behavior operation contract.0 
121181     DEBUG main            d.u.i.k.p.i.IntermediateProofReplayer Proof replay took 6.5ns 
123929     INFO  main            d.u.i.k.p.r.p.TestFile    ... finished proof: closed. 
124262     INFO  main            d.u.i.k.p.i.AbstractProblemLoader Loading environment from /home/runner/work/key/key/key.core/../key.ui/examples/heap/vstte10_05_Queue/LinkedList_cons.key.proof 
124263     DEBUG main            d.u.i.k.p.i.AbstractProblemLoader Environment load took 484.53ns 
124265     INFO  main            d.u.i.k.p.i.AbstractProblemLoader Creating init config 
127414     DEBUG main            d.u.i.k.p.i.AbstractProblemLoader Init config took 3.15s 
127466     INFO  main            d.u.i.k.p.i.AbstractProblemLoader Replaying proof LinkedList[LinkedList::cons(int)].JML normal_behavior operation contract.0 
127730     DEBUG main            d.u.i.k.p.i.IntermediateProofReplayer Proof replay took 252.43ms 
127732     DEBUG main            d.u.i.k.p.r.p.TestFile    ... success: reloaded. 
127734     INFO  main            d.u.i.k.p.r.p.TestFile    Now processing file /home/runner/work/key/key/key.core/../key.ui/examples/heap/vstte10_05_Queue/LinkedList_head.key 
127734     INFO  main            d.u.i.k.p.i.AbstractProblemLoader Loading environment from /home/runner/work/key/key/key.core/../key.ui/examples/heap/vstte10_05_Queue/LinkedList_head.key 
127734     DEBUG main            d.u.i.k.p.i.AbstractProblemLoader Environment load took 292.42ns 
127736     INFO  main            d.u.i.k.p.i.AbstractProblemLoader Creating init config 
130965     DEBUG main            d.u.i.k.p.i.AbstractProblemLoader Init config took 3.23s 
131040     INFO  main            d.u.i.k.p.i.AbstractProblemLoader Replaying proof LinkedList[LinkedList::head()].JML normal_behavior operation contract.0 
131042     DEBUG main            d.u.i.k.p.i.IntermediateProofReplayer Proof replay took 8.1ns 
131144     INFO  main            d.u.i.k.p.r.p.TestFile    ... finished proof: closed. 
131392     INFO  main            d.u.i.k.p.i.AbstractProblemLoader Loading environment from /home/runner/work/key/key/key.core/../key.ui/examples/heap/vstte10_05_Queue/LinkedList_head.key.proof 
131392     DEBUG main            d.u.i.k.p.i.AbstractProblemLoader Environment load took 138.21ns 
131394     INFO  main            d.u.i.k.p.i.AbstractProblemLoader Creating init config 
134643     DEBUG main            d.u.i.k.p.i.AbstractProblemLoader Init config took 3.25s 
134695     INFO  main            d.u.i.k.p.i.AbstractProblemLoader Replaying proof LinkedList[LinkedList::head()].JML normal_behavior operation contract.0 
134709     DEBUG main            d.u.i.k.p.i.IntermediateProofReplayer Proof replay took 11.95ms 
134711     DEBUG main            d.u.i.k.p.r.p.TestFile    ... success: reloaded. 
134712     INFO  main            d.u.i.k.p.r.p.TestFile    Now processing file /home/runner/work/key/key/key.core/../key.ui/examples/heap/vstte10_05_Queue/LinkedList_inv.key 
134712     INFO  main            d.u.i.k.p.i.AbstractProblemLoader Loading environment from /home/runner/work/key/key/key.core/../key.ui/examples/heap/vstte10_05_Queue/LinkedList_inv.key 
134712     DEBUG main            d.u.i.k.p.i.AbstractProblemLoader Environment load took 128.21ns 
134713     INFO  main            d.u.i.k.p.i.AbstractProblemLoader Creating init config 
137877     DEBUG main            d.u.i.k.p.i.AbstractProblemLoader Init config took 3.16s 
137925     INFO  main            d.u.i.k.p.i.AbstractProblemLoader Replaying proof LinkedList[java.lang.Object::<inv>()].JML accessible clause.0 
137927     DEBUG main            d.u.i.k.p.i.IntermediateProofReplayer Proof replay took 6.5ns 
138233     INFO  main            d.u.i.k.p.r.p.TestFile    ... finished proof: closed. 
138498     INFO  main            d.u.i.k.p.i.AbstractProblemLoader Loading environment from /home/runner/work/key/key/key.core/../key.ui/examples/heap/vstte10_05_Queue/LinkedList_inv.key.proof 
138498     DEBUG main            d.u.i.k.p.i.AbstractProblemLoader Environment load took 139.41ns 
138501     INFO  main            d.u.i.k.p.i.AbstractProblemLoader Creating init config 
141677     DEBUG main            d.u.i.k.p.i.AbstractProblemLoader Init config took 3.18s 
141748     INFO  main            d.u.i.k.p.i.AbstractProblemLoader Replaying proof LinkedList[java.lang.Object::<inv>()].JML accessible clause.0 
141774     DEBUG main            d.u.i.k.p.i.IntermediateProofReplayer Proof replay took 21.8ms 
141775     DEBUG main            d.u.i.k.p.r.p.TestFile    ... success: reloaded. 
141777     INFO  main            d.u.i.k.p.r.p.TestFile    Now processing file /home/runner/work/key/key/key.core/../key.ui/examples/heap/vstte10_05_Queue/LinkedList_length.key 
141777     INFO  main            d.u.i.k.p.i.AbstractProblemLoader Loading environment from /home/runner/work/key/key/key.core/../key.ui/examples/heap/vstte10_05_Queue/LinkedList_length.key 
141777     DEBUG main            d.u.i.k.p.i.AbstractProblemLoader Environment load took 263.12ns 
141780     INFO  main            d.u.i.k.p.i.AbstractProblemLoader Creating init config 
145101     DEBUG main            d.u.i.k.p.i.AbstractProblemLoader Init config took 3.32s 
145175     INFO  main            d.u.i.k.p.i.AbstractProblemLoader Replaying proof LinkedList[LinkedList::length()].JML normal_behavior operation contract.0 
145177     DEBUG main            d.u.i.k.p.i.IntermediateProofReplayer Proof replay took 7.6ns 
145279     INFO  main            d.u.i.k.p.r.p.TestFile    ... finished proof: closed. 
145538     INFO  main            d.u.i.k.p.i.AbstractProblemLoader Loading environment from /home/runner/work/key/key/key.core/../key.ui/examples/heap/vstte10_05_Queue/LinkedList_length.key.proof 
145538     DEBUG main            d.u.i.k.p.i.AbstractProblemLoader Environment load took 137.81ns 
145539     INFO  main            d.u.i.k.p.i.AbstractProblemLoader Creating init config 
148753     DEBUG main            d.u.i.k.p.i.AbstractProblemLoader Init config took 3.21s 
148801     INFO  main            d.u.i.k.p.i.AbstractProblemLoader Replaying proof LinkedList[LinkedList::length()].JML normal_behavior operation contract.0 
148814     DEBUG main            d.u.i.k.p.i.IntermediateProofReplayer Proof replay took 11.39ms 
148815     DEBUG main            d.u.i.k.p.r.p.TestFile    ... success: reloaded. 
148817     INFO  main            d.u.i.k.p.r.p.TestFile    Now processing file /home/runner/work/key/key/key.core/../key.ui/examples/heap/vstte10_05_Queue/LinkedList_LinkedList1.key 
148817     INFO  main            d.u.i.k.p.i.AbstractProblemLoader Loading environment from /home/runner/work/key/key/key.core/../key.ui/examples/heap/vstte10_05_Queue/LinkedList_LinkedList1.key 
148817     DEBUG main            d.u.i.k.p.i.AbstractProblemLoader Environment load took 87.81ns 
148818     INFO  main            d.u.i.k.p.i.AbstractProblemLoader Creating init config 
152037     DEBUG main            d.u.i.k.p.i.AbstractProblemLoader Init config took 3.22s 
152107     INFO  main            d.u.i.k.p.i.AbstractProblemLoader Replaying proof LinkedList[LinkedList::LinkedList(int,LinkedList)].JML normal_behavior operation contract.0 
152109     DEBUG main            d.u.i.k.p.i.IntermediateProofReplayer Proof replay took 6.3ns 
154317     INFO  main            d.u.i.k.p.r.p.TestFile    ... finished proof: closed. 
154626     INFO  main            d.u.i.k.p.i.AbstractProblemLoader Loading environment from /home/runner/work/key/key/key.core/../key.ui/examples/heap/vstte10_05_Queue/LinkedList_LinkedList1.key.proof 
154626     DEBUG main            d.u.i.k.p.i.AbstractProblemLoader Environment load took 142.41ns 
154629     INFO  main            d.u.i.k.p.i.AbstractProblemLoader Creating init config 
157814     DEBUG main            d.u.i.k.p.i.AbstractProblemLoader Init config took 3.19s 
157875     INFO  main            d.u.i.k.p.i.AbstractProblemLoader Replaying proof LinkedList[LinkedList::LinkedList(int,LinkedList)].JML normal_behavior operation contract.0 
158075     DEBUG main            d.u.i.k.p.i.IntermediateProofReplayer Proof replay took 190.39ms 
158076     DEBUG main            d.u.i.k.p.r.p.TestFile    ... success: reloaded. 
158078     INFO  main            d.u.i.k.p.r.p.TestFile    Now processing file /home/runner/work/key/key/key.core/../key.ui/examples/heap/vstte10_05_Queue/LinkedList_LinkedList2.key 
158078     INFO  main            d.u.i.k.p.i.AbstractProblemLoader Loading environment from /home/runner/work/key/key/key.core/../key.ui/examples/heap/vstte10_05_Queue/LinkedList_LinkedList2.key 
158078     DEBUG main            d.u.i.k.p.i.AbstractProblemLoader Environment load took 159.51ns 
158079     INFO  main            d.u.i.k.p.i.AbstractProblemLoader Creating init config 
161354     DEBUG main            d.u.i.k.p.i.AbstractProblemLoader Init config took 3.27s 
161404     INFO  main            d.u.i.k.p.i.AbstractProblemLoader Replaying proof LinkedList[LinkedList::LinkedList(int,LinkedList)].JML normal_behavior operation contract.0 
161405     DEBUG main            d.u.i.k.p.i.IntermediateProofReplayer Proof replay took 6.6ns 
163727     INFO  main            d.u.i.k.p.r.p.TestFile    ... finished proof: closed. 
164016     INFO  main            d.u.i.k.p.i.AbstractProblemLoader Loading environment from /home/runner/work/key/key/key.core/../key.ui/examples/heap/vstte10_05_Queue/LinkedList_LinkedList2.key.proof 
164016     DEBUG main            d.u.i.k.p.i.AbstractProblemLoader Environment load took 138.21ns 
164018     INFO  main            d.u.i.k.p.i.AbstractProblemLoader Creating init config 
167115     DEBUG main            d.u.i.k.p.i.AbstractProblemLoader Init config took 3.1s 
167164     INFO  main            d.u.i.k.p.i.AbstractProblemLoader Replaying proof LinkedList[LinkedList::LinkedList(int,LinkedList)].JML normal_behavior operation contract.0 
167356     DEBUG main            d.u.i.k.p.i.IntermediateProofReplayer Proof replay took 182.99ms 
167357     DEBUG main            d.u.i.k.p.r.p.TestFile    ... success: reloaded. 
167359     INFO  main            d.u.i.k.p.r.p.TestFile    Now processing file /home/runner/work/key/key/key.core/../key.ui/examples/heap/vstte10_05_Queue/LinkedList_LinkedList3.key 
167359     INFO  main            d.u.i.k.p.i.AbstractProblemLoader Loading environment from /home/runner/work/key/key/key.core/../key.ui/examples/heap/vstte10_05_Queue/LinkedList_LinkedList3.key 
167359     DEBUG main            d.u.i.k.p.i.AbstractProblemLoader Environment load took 71.9ns 
167360     INFO  main            d.u.i.k.p.i.AbstractProblemLoader Creating init config 
170550     DEBUG main            d.u.i.k.p.i.AbstractProblemLoader Init config took 3.19s 
170600     INFO  main            d.u.i.k.p.i.AbstractProblemLoader Replaying proof LinkedList[LinkedList::LinkedList(int,LinkedList)].JML normal_behavior operation contract.0 
170601     DEBUG main            d.u.i.k.p.i.IntermediateProofReplayer Proof replay took 7.3ns 
187590     INFO  main            d.u.i.k.p.r.p.TestFile    ... finished proof: closed. 
187997     INFO  main            d.u.i.k.p.i.AbstractProblemLoader Loading environment from /home/runner/work/key/key/key.core/../key.ui/examples/heap/vstte10_05_Queue/LinkedList_LinkedList3.key.proof 
187997     DEBUG main            d.u.i.k.p.i.AbstractProblemLoader Environment load took 507.53ns 
188006     INFO  main            d.u.i.k.p.i.AbstractProblemLoader Creating init config 
191141     DEBUG main            d.u.i.k.p.i.AbstractProblemLoader Init config took 3.14s 
191193     INFO  main            d.u.i.k.p.i.AbstractProblemLoader Replaying proof LinkedList[LinkedList::LinkedList(int,LinkedList)].JML normal_behavior operation contract.0 
192399     DEBUG main            d.u.i.k.p.i.IntermediateProofReplayer Proof replay took 1.09s 
192407     DEBUG main            d.u.i.k.p.r.p.TestFile    ... success: reloaded. 
192408     INFO  main            d.u.i.k.p.r.p.TestFile    Now processing file /home/runner/work/key/key/key.core/../key.ui/examples/heap/vstte10_05_Queue/LinkedList_reverse.key 
192408     INFO  main            d.u.i.k.p.i.AbstractProblemLoader Loading environment from /home/runner/work/key/key/key.core/../key.ui/examples/heap/vstte10_05_Queue/LinkedList_reverse.key 
192408     DEBUG main            d.u.i.k.p.i.AbstractProblemLoader Environment load took 74.8ns 
192409     INFO  main            d.u.i.k.p.i.AbstractProblemLoader Creating init config 
195733     DEBUG main            d.u.i.k.p.i.AbstractProblemLoader Init config took 3.32s 
195784     INFO  main            d.u.i.k.p.i.AbstractProblemLoader Replaying proof LinkedList[LinkedList::reverse()].JML normal_behavior operation contract.0 
195786     DEBUG main            d.u.i.k.p.i.IntermediateProofReplayer Proof replay took 7.1ns 
206471     INFO  main            d.u.i.k.p.r.p.TestFile    ... finished proof: closed. 
206848     INFO  main            d.u.i.k.p.i.AbstractProblemLoader Loading environment from /home/runner/work/key/key/key.core/../key.ui/examples/heap/vstte10_05_Queue/LinkedList_reverse.key.proof 
206849     DEBUG main            d.u.i.k.p.i.AbstractProblemLoader Environment load took 570.43ns 
206852     INFO  main            d.u.i.k.p.i.AbstractProblemLoader Creating init config 
210072     DEBUG main            d.u.i.k.p.i.AbstractProblemLoader Init config took 3.22s 
210122     INFO  main            d.u.i.k.p.i.AbstractProblemLoader Replaying proof LinkedList[LinkedList::reverse()].JML normal_behavior operation contract.0 
210735     DEBUG main            d.u.i.k.p.i.IntermediateProofReplayer Proof replay took 551.58ms 
210738     DEBUG main            d.u.i.k.p.r.p.TestFile    ... success: reloaded. 
210740     INFO  main            d.u.i.k.p.r.p.TestFile    Now processing file /home/runner/work/key/key/key.core/../key.ui/examples/heap/vstte10_05_Queue/LinkedList_tail.key 
210740     INFO  main            d.u.i.k.p.i.AbstractProblemLoader Loading environment from /home/runner/work/key/key/key.core/../key.ui/examples/heap/vstte10_05_Queue/LinkedList_tail.key 
210740     DEBUG main            d.u.i.k.p.i.AbstractProblemLoader Environment load took 104.61ns 
210741     INFO  main            d.u.i.k.p.i.AbstractProblemLoader Creating init config 
214033     DEBUG main            d.u.i.k.p.i.AbstractProblemLoader Init config took 3.29s 
214081     INFO  main            d.u.i.k.p.i.AbstractProblemLoader Replaying proof LinkedList[LinkedList::tail()].JML normal_behavior operation contract.0 
214082     DEBUG main            d.u.i.k.p.i.IntermediateProofReplayer Proof replay took 45.8ns 
214688     INFO  main            d.u.i.k.p.r.p.TestFile    ... finished proof: closed. 
214982     INFO  main            d.u.i.k.p.i.AbstractProblemLoader Loading environment from /home/runner/work/key/key/key.core/../key.ui/examples/heap/vstte10_05_Queue/LinkedList_tail.key.proof 
214982     DEBUG main            d.u.i.k.p.i.AbstractProblemLoader Environment load took 366.92ns 
214984     INFO  main            d.u.i.k.p.i.AbstractProblemLoader Creating init config 
218087     DEBUG main            d.u.i.k.p.i.AbstractProblemLoader Init config took 3.1s 
218135     INFO  main            d.u.i.k.p.i.AbstractProblemLoader Replaying proof LinkedList[LinkedList::tail()].JML normal_behavior operation contract.0 
218219     DEBUG main            d.u.i.k.p.i.IntermediateProofReplayer Proof replay took 79.75ms 
218220     DEBUG main            d.u.i.k.p.r.p.TestFile    ... success: reloaded. 
2745591    INFO  Test worker     d.u.i.k.p.r.RunAllProofsTestUnit Returning from test VSTTE10 
2745593    INFO  Test worker     d.u.i.k.p.r.RunAllProofsTestUnit Running test WeideEtAl 
412        INFO  Timeout watchdog d.u.i.k.p.r.p.ForkedTestFileRunner Timeout watcher launched (2000 secs.) 
435        WARN  main            d.u.i.k.s.ProofSettings   The settings in /home/runner/.key/proof-settings.props are *not* read. 
489        INFO  main            d.u.i.k.p.r.p.TestFile    Now processing file /home/runner/work/key/key/key.core/../key.ui/examples/heap/WeideEtAl_01_AddAndMultiply/AddAndMultiply_add.key 
638        INFO  main            d.u.i.k.p.i.AbstractProblemLoader Loading environment from /home/runner/work/key/key/key.core/../key.ui/examples/heap/WeideEtAl_01_AddAndMultiply/AddAndMultiply_add.key 
657        DEBUG main            d.u.i.k.p.i.AbstractProblemLoader Environment load took 2.48ms 
917        INFO  main            d.u.i.k.p.i.AbstractProblemLoader Creating init config 
1943       DEBUG main            d.u.i.k.j.TypeConverter   No LDT found for Meta 
1946       DEBUG main            d.u.i.k.j.TypeConverter   No LDT found for Meta 
1947       DEBUG main            d.u.i.k.j.TypeConverter   No LDT found for Meta 
1949       DEBUG main            d.u.i.k.j.TypeConverter   No LDT found for Meta 
3749       DEBUG main            d.u.i.k.j.TypeConverter   No LDT found for JavaBigintExpression 
9734       DEBUG main            d.u.i.k.p.i.AbstractProblemLoader Init config took 8.82s 
9878       INFO  main            d.u.i.k.p.i.AbstractProblemLoader Replaying proof AddAndMultiply[AddAndMultiply::add(int,int)].JML normal_behavior operation contract.0 
9916       DEBUG main            d.u.i.k.p.i.IntermediateProofReplayer Proof replay took 34.8ns 
11791      INFO  main            d.u.i.k.p.r.p.TestFile    ... finished proof: closed. 
11970      INFO  main            d.u.i.k.p.i.AbstractProblemLoader Loading environment from /home/runner/work/key/key/key.core/../key.ui/examples/heap/WeideEtAl_01_AddAndMultiply/AddAndMultiply_add.key.proof 
11971      DEBUG main            d.u.i.k.p.i.AbstractProblemLoader Environment load took 541.38ns 
11973      INFO  main            d.u.i.k.p.i.AbstractProblemLoader Creating init config 
15346      DEBUG main            d.u.i.k.p.i.AbstractProblemLoader Init config took 3.37s 
15450      INFO  main            d.u.i.k.p.i.AbstractProblemLoader Replaying proof AddAndMultiply[AddAndMultiply::add(int,int)].JML normal_behavior operation contract.0 
15701      DEBUG main            d.u.i.k.p.i.IntermediateProofReplayer Proof replay took 233.16ms 
15709      DEBUG main            d.u.i.k.p.r.p.TestFile    ... success: reloaded. 
15714      INFO  main            d.u.i.k.p.r.p.TestFile    Now processing file /home/runner/work/key/key/key.core/../key.ui/examples/heap/WeideEtAl_01_AddAndMultiply/AddAndMultiply_mul.key 
15715      INFO  main            d.u.i.k.p.i.AbstractProblemLoader Loading environment from /home/runner/work/key/key/key.core/../key.ui/examples/heap/WeideEtAl_01_AddAndMultiply/AddAndMultiply_mul.key 
15715      DEBUG main            d.u.i.k.p.i.AbstractProblemLoader Environment load took 318.83ns 
15719      INFO  main            d.u.i.k.p.i.AbstractProblemLoader Creating init config 
18980      DEBUG main            d.u.i.k.p.i.AbstractProblemLoader Init config took 3.26s 
19047      INFO  main            d.u.i.k.p.i.AbstractProblemLoader Replaying proof AddAndMultiply[AddAndMultiply::mul(int,int)].JML normal_behavior operation contract.0 
19053      DEBUG main            d.u.i.k.p.i.IntermediateProofReplayer Proof replay took 7.9ns 
19659      INFO  main            d.u.i.k.p.r.p.TestFile    ... finished proof: closed. 
19857      INFO  main            d.u.i.k.p.i.AbstractProblemLoader Loading environment from /home/runner/work/key/key/key.core/../key.ui/examples/heap/WeideEtAl_01_AddAndMultiply/AddAndMultiply_mul.key.proof 
19857      DEBUG main            d.u.i.k.p.i.AbstractProblemLoader Environment load took 151.62ns 
19859      INFO  main            d.u.i.k.p.i.AbstractProblemLoader Creating init config 
23089      DEBUG main            d.u.i.k.p.i.AbstractProblemLoader Init config took 3.23s 
23145      INFO  main            d.u.i.k.p.i.AbstractProblemLoader Replaying proof AddAndMultiply[AddAndMultiply::mul(int,int)].JML normal_behavior operation contract.0 
23249      DEBUG main            d.u.i.k.p.i.IntermediateProofReplayer Proof replay took 98.72ms 
23251      DEBUG main            d.u.i.k.p.r.p.TestFile    ... success: reloaded. 
23252      INFO  main            d.u.i.k.p.r.p.TestFile    Now processing file /home/runner/work/key/key/key.core/../key.ui/examples/heap/WeideEtAl_02_BinarySearch/BinarySearch_search.key 
23253      INFO  main            d.u.i.k.p.i.AbstractProblemLoader Loading environment from /home/runner/work/key/key/key.core/../key.ui/examples/heap/WeideEtAl_02_BinarySearch/BinarySearch_search.key 
23253      DEBUG main            d.u.i.k.p.i.AbstractProblemLoader Environment load took 303.63ns 
23255      INFO  main            d.u.i.k.p.i.AbstractProblemLoader Creating init config 
26602      DEBUG main            d.u.i.k.p.i.AbstractProblemLoader Init config took 3.35s 
26655      INFO  main            d.u.i.k.p.i.AbstractProblemLoader Replaying proof BinarySearch[BinarySearch::search([I,int)].JML normal_behavior operation contract.0 
26660      DEBUG main            d.u.i.k.p.i.IntermediateProofReplayer Proof replay took 7.8ns 
30316      INFO  main            d.u.i.k.p.r.p.TestFile    ... finished proof: closed. 
30556      INFO  main            d.u.i.k.p.i.AbstractProblemLoader Loading environment from /home/runner/work/key/key/key.core/../key.ui/examples/heap/WeideEtAl_02_BinarySearch/BinarySearch_search.key.proof 
30561      DEBUG main            d.u.i.k.p.i.AbstractProblemLoader Environment load took 4.55ms 
30564      INFO  main            d.u.i.k.p.i.AbstractProblemLoader Creating init config 
33652      DEBUG main            d.u.i.k.p.i.AbstractProblemLoader Init config took 3.09s 
33703      INFO  main            d.u.i.k.p.i.AbstractProblemLoader Replaying proof BinarySearch[BinarySearch::search([I,int)].JML normal_behavior operation contract.0 
34114      DEBUG main            d.u.i.k.p.i.IntermediateProofReplayer Proof replay took 392.86ms 
34116      DEBUG main            d.u.i.k.p.r.p.TestFile    ... success: reloaded. 
2779911    INFO  Test worker     d.u.i.k.p.r.RunAllProofsTestUnit Returning from test WeideEtAl 
2779912    INFO  Test worker     d.u.i.k.p.r.RunAllProofsTestUnit Running test arithmetic 
391        INFO  Timeout watchdog d.u.i.k.p.r.p.ForkedTestFileRunner Timeout watcher launched (2000 secs.) 
410        WARN  main            d.u.i.k.s.ProofSettings   The settings in /home/runner/.key/proof-settings.props are *not* read. 
443        INFO  main            d.u.i.k.p.r.p.TestFile    Now processing file /home/runner/work/key/key/key.core/../key.ui/examples/standard_key/arith/binomial1.key 
629        INFO  main            d.u.i.k.p.i.AbstractProblemLoader Loading environment from /home/runner/work/key/key/key.core/../key.ui/examples/standard_key/arith/binomial1.key 
652        DEBUG main            d.u.i.k.p.i.AbstractProblemLoader Environment load took 2.25ms 
942        INFO  main            d.u.i.k.p.i.AbstractProblemLoader Creating init config 
1959       DEBUG main            d.u.i.k.j.TypeConverter   No LDT found for Meta 
1960       DEBUG main            d.u.i.k.j.TypeConverter   No LDT found for Meta 
1963       DEBUG main            d.u.i.k.j.TypeConverter   No LDT found for Meta 
1965       DEBUG main            d.u.i.k.j.TypeConverter   No LDT found for Meta 
3751       DEBUG main            d.u.i.k.j.TypeConverter   No LDT found for JavaBigintExpression 
9725       DEBUG main            d.u.i.k.p.i.AbstractProblemLoader Init config took 8.78s 
9801       INFO  main            d.u.i.k.p.i.AbstractProblemLoader Replaying proof binomial1.key 
9839       DEBUG main            d.u.i.k.p.i.IntermediateProofReplayer Proof replay took 41.61ns 
10111      INFO  main            d.u.i.k.p.r.p.TestFile    ... finished proof: closed. 
10227      INFO  main            d.u.i.k.p.i.AbstractProblemLoader Loading environment from /home/runner/work/key/key/key.core/../key.ui/examples/standard_key/arith/binomial1.key.proof 
10229      DEBUG main            d.u.i.k.p.i.AbstractProblemLoader Environment load took 1.94ms 
10237      INFO  main            d.u.i.k.p.i.AbstractProblemLoader Creating init config 
13450      DEBUG main            d.u.i.k.p.i.AbstractProblemLoader Init config took 3.21s 
13493      INFO  main            d.u.i.k.p.i.AbstractProblemLoader Replaying proof binomial1.key.proof 
13509      DEBUG main            d.u.i.k.p.i.IntermediateProofReplayer Proof replay took 9.97ms 
13523      DEBUG main            d.u.i.k.p.r.p.TestFile    ... success: reloaded. 
13525      INFO  main            d.u.i.k.p.r.p.TestFile    Now processing file /home/runner/work/key/key/key.core/../key.ui/examples/standard_key/arith/binomial2.key 
13526      INFO  main            d.u.i.k.p.i.AbstractProblemLoader Loading environment from /home/runner/work/key/key/key.core/../key.ui/examples/standard_key/arith/binomial2.key 
13526      DEBUG main            d.u.i.k.p.i.AbstractProblemLoader Environment load took 282.33ns 
13531      INFO  main            d.u.i.k.p.i.AbstractProblemLoader Creating init config 
16597      DEBUG main            d.u.i.k.p.i.AbstractProblemLoader Init config took 3.07s 
16626      INFO  main            d.u.i.k.p.i.AbstractProblemLoader Replaying proof binomial2.key 
16630      DEBUG main            d.u.i.k.p.i.IntermediateProofReplayer Proof replay took 8.3ns 
16835      INFO  main            d.u.i.k.p.r.p.TestFile    ... finished proof: closed. 
16985      INFO  main            d.u.i.k.p.i.AbstractProblemLoader Loading environment from /home/runner/work/key/key/key.core/../key.ui/examples/standard_key/arith/binomial2.key.proof 
16986      DEBUG main            d.u.i.k.p.i.AbstractProblemLoader Environment load took 742.88ns 
16990      INFO  main            d.u.i.k.p.i.AbstractProblemLoader Creating init config 
19931      DEBUG main            d.u.i.k.p.i.AbstractProblemLoader Init config took 2.94s 
19965      INFO  main            d.u.i.k.p.i.AbstractProblemLoader Replaying proof binomial2.key.proof 
19988      DEBUG main            d.u.i.k.p.i.IntermediateProofReplayer Proof replay took 18.29ms 
19991      DEBUG main            d.u.i.k.p.r.p.TestFile    ... success: reloaded. 
19996      INFO  main            d.u.i.k.p.r.p.TestFile    Now processing file /home/runner/work/key/key/key.core/../key.ui/examples/standard_key/arith/check_jdiv.key 
19999      INFO  main            d.u.i.k.p.i.AbstractProblemLoader Loading environment from /home/runner/work/key/key/key.core/../key.ui/examples/standard_key/arith/check_jdiv.key 
19999      DEBUG main            d.u.i.k.p.i.AbstractProblemLoader Environment load took 297.93ns 
20001      INFO  main            d.u.i.k.p.i.AbstractProblemLoader Creating init config 
23022      DEBUG main            d.u.i.k.p.i.AbstractProblemLoader Init config took 3.02s 
23048      INFO  main            d.u.i.k.p.i.AbstractProblemLoader Replaying proof check_jdiv.key 
23055      DEBUG main            d.u.i.k.p.i.IntermediateProofReplayer Proof replay took 8.5ns 
29597      INFO  main            d.u.i.k.p.r.p.TestFile    ... finished proof: closed. 
29836      INFO  main            d.u.i.k.p.i.AbstractProblemLoader Loading environment from /home/runner/work/key/key/key.core/../key.ui/examples/standard_key/arith/check_jdiv.key.proof 
29836      DEBUG main            d.u.i.k.p.i.AbstractProblemLoader Environment load took 507.15ns 
29844      INFO  main            d.u.i.k.p.i.AbstractProblemLoader Creating init config 
32735      DEBUG main            d.u.i.k.p.i.AbstractProblemLoader Init config took 2.89s 
32760      INFO  main            d.u.i.k.p.i.AbstractProblemLoader Replaying proof check_jdiv.key.proof 
33114      DEBUG main            d.u.i.k.p.i.IntermediateProofReplayer Proof replay took 316.51ms 
33117      DEBUG main            d.u.i.k.p.r.p.TestFile    ... success: reloaded. 
33119      INFO  main            d.u.i.k.p.r.p.TestFile    Now processing file /home/runner/work/key/key/key.core/../key.ui/examples/standard_key/arith/check_jdiv_concrete.key 
33119      INFO  main            d.u.i.k.p.i.AbstractProblemLoader Loading environment from /home/runner/work/key/key/key.core/../key.ui/examples/standard_key/arith/check_jdiv_concrete.key 
33119      DEBUG main            d.u.i.k.p.i.AbstractProblemLoader Environment load took 251.23ns 
33121      INFO  main            d.u.i.k.p.i.AbstractProblemLoader Creating init config 
36019      DEBUG main            d.u.i.k.p.i.AbstractProblemLoader Init config took 2.9s 
36044      INFO  main            d.u.i.k.p.i.AbstractProblemLoader Replaying proof check_jdiv_concrete.key 
36047      DEBUG main            d.u.i.k.p.i.IntermediateProofReplayer Proof replay took 8.1ns 
36151      INFO  main            d.u.i.k.p.r.p.TestFile    ... finished proof: closed. 
36382      INFO  main            d.u.i.k.p.i.AbstractProblemLoader Loading environment from /home/runner/work/key/key/key.core/../key.ui/examples/standard_key/arith/check_jdiv_concrete.key.proof 
36383      DEBUG main            d.u.i.k.p.i.AbstractProblemLoader Environment load took 152.32ns 
36384      INFO  main            d.u.i.k.p.i.AbstractProblemLoader Creating init config 
39198      DEBUG main            d.u.i.k.p.i.AbstractProblemLoader Init config took 2.81s 
39222      INFO  main            d.u.i.k.p.i.AbstractProblemLoader Replaying proof check_jdiv_concrete.key.proof 
39229      DEBUG main            d.u.i.k.p.i.IntermediateProofReplayer Proof replay took 3.01ms 
39230      DEBUG main            d.u.i.k.p.r.p.TestFile    ... success: reloaded. 
39232      INFO  main            d.u.i.k.p.r.p.TestFile    Now processing file /home/runner/work/key/key/key.core/../key.ui/examples/standard_key/arith/check_jdiv_instantiated.key 
39232      INFO  main            d.u.i.k.p.i.AbstractProblemLoader Loading environment from /home/runner/work/key/key/key.core/../key.ui/examples/standard_key/arith/check_jdiv_instantiated.key 
39232      DEBUG main            d.u.i.k.p.i.AbstractProblemLoader Environment load took 116.81ns 
39234      INFO  main            d.u.i.k.p.i.AbstractProblemLoader Creating init config 
42090      DEBUG main            d.u.i.k.p.i.AbstractProblemLoader Init config took 2.86s 
42112      INFO  main            d.u.i.k.p.i.AbstractProblemLoader Replaying proof check_jdiv_instantiated.key 
42115      DEBUG main            d.u.i.k.p.i.IntermediateProofReplayer Proof replay took 8.2ns 
45980      INFO  main            d.u.i.k.p.r.p.TestFile    ... finished proof: closed. 
46310      INFO  main            d.u.i.k.p.i.AbstractProblemLoader Loading environment from /home/runner/work/key/key/key.core/../key.ui/examples/standard_key/arith/check_jdiv_instantiated.key.proof 
46310      DEBUG main            d.u.i.k.p.i.AbstractProblemLoader Environment load took 234.93ns 
46313      INFO  main            d.u.i.k.p.i.AbstractProblemLoader Creating init config 
49139      DEBUG main            d.u.i.k.p.i.AbstractProblemLoader Init config took 2.83s 
49164      INFO  main            d.u.i.k.p.i.AbstractProblemLoader Replaying proof check_jdiv_instantiated.key.proof 
49350      DEBUG main            d.u.i.k.p.i.IntermediateProofReplayer Proof replay took 156.57ms 
49352      DEBUG main            d.u.i.k.p.r.p.TestFile    ... success: reloaded. 
49353      INFO  main            d.u.i.k.p.r.p.TestFile    Now processing file /home/runner/work/key/key/key.core/../key.ui/examples/standard_key/arith/check_jmod.key 
49354      INFO  main            d.u.i.k.p.i.AbstractProblemLoader Loading environment from /home/runner/work/key/key/key.core/../key.ui/examples/standard_key/arith/check_jmod.key 
49354      DEBUG main            d.u.i.k.p.i.AbstractProblemLoader Environment load took 179.72ns 
49356      INFO  main            d.u.i.k.p.i.AbstractProblemLoader Creating init config 
52257      DEBUG main            d.u.i.k.p.i.AbstractProblemLoader Init config took 2.9s 
52280      INFO  main            d.u.i.k.p.i.AbstractProblemLoader Replaying proof check_jmod.key 
52284      DEBUG main            d.u.i.k.p.i.IntermediateProofReplayer Proof replay took 7.5ns 
53000      INFO  main            d.u.i.k.p.r.p.TestFile    ... finished proof: closed. 
53249      INFO  main            d.u.i.k.p.i.AbstractProblemLoader Loading environment from /home/runner/work/key/key/key.core/../key.ui/examples/standard_key/arith/check_jmod.key.proof 
53250      DEBUG main            d.u.i.k.p.i.AbstractProblemLoader Environment load took 679.37ns 
53254      INFO  main            d.u.i.k.p.i.AbstractProblemLoader Creating init config 
56128      DEBUG main            d.u.i.k.p.i.AbstractProblemLoader Init config took 2.87s 
56152      INFO  main            d.u.i.k.p.i.AbstractProblemLoader Replaying proof check_jmod.key.proof 
56190      DEBUG main            d.u.i.k.p.i.IntermediateProofReplayer Proof replay took 29.71ms 
56194      DEBUG main            d.u.i.k.p.r.p.TestFile    ... success: reloaded. 
56195      INFO  main            d.u.i.k.p.r.p.TestFile    Now processing file /home/runner/work/key/key/key.core/../key.ui/examples/standard_key/arith/complexExpressions.key 
56196      INFO  main            d.u.i.k.p.i.AbstractProblemLoader Loading environment from /home/runner/work/key/key/key.core/../key.ui/examples/standard_key/arith/complexExpressions.key 
56196      DEBUG main            d.u.i.k.p.i.AbstractProblemLoader Environment load took 301.82ns 
56197      INFO  main            d.u.i.k.p.i.AbstractProblemLoader Creating init config 
59143      DEBUG main            d.u.i.k.p.i.AbstractProblemLoader Init config took 2.95s 
59166      INFO  main            d.u.i.k.p.i.AbstractProblemLoader Replaying proof complexExpressions.key 
59167      DEBUG main            d.u.i.k.p.i.IntermediateProofReplayer Proof replay took 8.2ns 
59379      INFO  main            d.u.i.k.p.r.p.TestFile    ... finished proof: closed. 
59624      INFO  main            d.u.i.k.p.i.AbstractProblemLoader Loading environment from /home/runner/work/key/key/key.core/../key.ui/examples/standard_key/arith/complexExpressions.key.proof 
59624      DEBUG main            d.u.i.k.p.i.AbstractProblemLoader Environment load took 141.91ns 
59626      INFO  main            d.u.i.k.p.i.AbstractProblemLoader Creating init config 
62479      DEBUG main            d.u.i.k.p.i.AbstractProblemLoader Init config took 2.85s 
62499      INFO  main            d.u.i.k.p.i.AbstractProblemLoader Replaying proof complexExpressions.key.proof 
62514      DEBUG main            d.u.i.k.p.i.IntermediateProofReplayer Proof replay took 12.47ms 
62515      DEBUG main            d.u.i.k.p.r.p.TestFile    ... success: reloaded. 
62516      INFO  main            d.u.i.k.p.r.p.TestFile    Now processing file /home/runner/work/key/key/key.core/../key.ui/examples/standard_key/arith/compound_unaryMinus.key 
62516      INFO  main            d.u.i.k.p.i.AbstractProblemLoader Loading environment from /home/runner/work/key/key/key.core/../key.ui/examples/standard_key/arith/compound_unaryMinus.key 
62517      DEBUG main            d.u.i.k.p.i.AbstractProblemLoader Environment load took 236.82ns 
62518      INFO  main            d.u.i.k.p.i.AbstractProblemLoader Creating init config 
65447      DEBUG main            d.u.i.k.p.i.AbstractProblemLoader Init config took 2.93s 
65470      INFO  main            d.u.i.k.p.i.AbstractProblemLoader Replaying proof compound_unaryMinus.key 
65472      DEBUG main            d.u.i.k.p.i.IntermediateProofReplayer Proof replay took 8.7ns 
65575      INFO  main            d.u.i.k.p.r.p.TestFile    ... finished proof: closed. 
65767      INFO  main            d.u.i.k.p.i.AbstractProblemLoader Loading environment from /home/runner/work/key/key/key.core/../key.ui/examples/standard_key/arith/compound_unaryMinus.key.proof 
65767      DEBUG main            d.u.i.k.p.i.AbstractProblemLoader Environment load took 149.41ns 
65768      INFO  main            d.u.i.k.p.i.AbstractProblemLoader Creating init config 
68543      DEBUG main            d.u.i.k.p.i.AbstractProblemLoader Init config took 2.77s 
68564      INFO  main            d.u.i.k.p.i.AbstractProblemLoader Replaying proof compound_unaryMinus.key.proof 
68570      DEBUG main            d.u.i.k.p.i.IntermediateProofReplayer Proof replay took 3.61ms 
68571      DEBUG main            d.u.i.k.p.r.p.TestFile    ... success: reloaded. 
68572      INFO  main            d.u.i.k.p.r.p.TestFile    Now processing file /home/runner/work/key/key/key.core/../key.ui/examples/standard_key/arith/computation.key 
68574      INFO  main            d.u.i.k.p.i.AbstractProblemLoader Loading environment from /home/runner/work/key/key/key.core/../key.ui/examples/standard_key/arith/computation.key 
68575      DEBUG main            d.u.i.k.p.i.AbstractProblemLoader Environment load took 542.16ns 
68576      INFO  main            d.u.i.k.p.i.AbstractProblemLoader Creating init config 
71472      DEBUG main            d.u.i.k.p.i.AbstractProblemLoader Init config took 2.9s 
71497      INFO  main            d.u.i.k.p.i.AbstractProblemLoader Replaying proof computation.key 
71501      DEBUG main            d.u.i.k.p.i.IntermediateProofReplayer Proof replay took 7.9ns 
73378      INFO  main            d.u.i.k.p.r.p.TestFile    ... finished proof: closed. 
73725      INFO  main            d.u.i.k.p.i.AbstractProblemLoader Loading environment from /home/runner/work/key/key/key.core/../key.ui/examples/standard_key/arith/computation.key.proof 
73726      DEBUG main            d.u.i.k.p.i.AbstractProblemLoader Environment load took 549.85ns 
73728      INFO  main            d.u.i.k.p.i.AbstractProblemLoader Creating init config 
76556      DEBUG main            d.u.i.k.p.i.AbstractProblemLoader Init config took 2.83s 
76576      INFO  main            d.u.i.k.p.i.AbstractProblemLoader Replaying proof computation.key.proof 
76651      DEBUG main            d.u.i.k.p.i.IntermediateProofReplayer Proof replay took 69.07ms 
76652      DEBUG main            d.u.i.k.p.r.p.TestFile    ... success: reloaded. 
76653      INFO  main            d.u.i.k.p.r.p.TestFile    Now processing file /home/runner/work/key/key/key.core/../key.ui/examples/standard_key/arith/cubicSum.key 
76654      INFO  main            d.u.i.k.p.i.AbstractProblemLoader Loading environment from /home/runner/work/key/key/key.core/../key.ui/examples/standard_key/arith/cubicSum.key 
76654      DEBUG main            d.u.i.k.p.i.AbstractProblemLoader Environment load took 128.81ns 
76655      INFO  main            d.u.i.k.p.i.AbstractProblemLoader Creating init config 
79756      DEBUG main            d.u.i.k.p.i.AbstractProblemLoader Init config took 3.1s 
79777      INFO  main            d.u.i.k.p.i.AbstractProblemLoader Replaying proof cubicSum.key 
79779      DEBUG main            d.u.i.k.p.i.IntermediateProofReplayer Proof replay took 7.8ns 
80991      INFO  main            d.u.i.k.p.r.p.TestFile    ... finished proof: closed. 
81409      INFO  main            d.u.i.k.p.i.AbstractProblemLoader Loading environment from /home/runner/work/key/key/key.core/../key.ui/examples/standard_key/arith/cubicSum.key.proof 
81410      DEBUG main            d.u.i.k.p.i.AbstractProblemLoader Environment load took 666.47ns 
81411      INFO  main            d.u.i.k.p.i.AbstractProblemLoader Creating init config 
84281      DEBUG main            d.u.i.k.p.i.AbstractProblemLoader Init config took 2.87s 
84301      INFO  main            d.u.i.k.p.i.AbstractProblemLoader Replaying proof cubicSum.key.proof 
84389      DEBUG main            d.u.i.k.p.i.IntermediateProofReplayer Proof replay took 84.1ms 
84390      DEBUG main            d.u.i.k.p.r.p.TestFile    ... success: reloaded. 
84391      INFO  main            d.u.i.k.p.r.p.TestFile    Now processing file /home/runner/work/key/key/key.core/../key.ui/examples/standard_key/arith/divByZero.key 
84392      INFO  main            d.u.i.k.p.i.AbstractProblemLoader Loading environment from /home/runner/work/key/key/key.core/../key.ui/examples/standard_key/arith/divByZero.key 
84392      DEBUG main            d.u.i.k.p.i.AbstractProblemLoader Environment load took 113.71ns 
84393      INFO  main            d.u.i.k.p.i.AbstractProblemLoader Creating init config 
87186      DEBUG main            d.u.i.k.p.i.AbstractProblemLoader Init config took 2.79s 
87204      INFO  main            d.u.i.k.p.i.AbstractProblemLoader Replaying proof divByZero.key 
87207      DEBUG main            d.u.i.k.p.i.IntermediateProofReplayer Proof replay took 6.9ns 
87415      INFO  main            d.u.i.k.p.r.p.TestFile    ... finished proof: closed. 
87704      INFO  main            d.u.i.k.p.i.AbstractProblemLoader Loading environment from /home/runner/work/key/key/key.core/../key.ui/examples/standard_key/arith/divByZero.key.proof 
87704      DEBUG main            d.u.i.k.p.i.AbstractProblemLoader Environment load took 135.61ns 
87705      INFO  main            d.u.i.k.p.i.AbstractProblemLoader Creating init config 
90449      DEBUG main            d.u.i.k.p.i.AbstractProblemLoader Init config took 2.74s 
90468      INFO  main            d.u.i.k.p.i.AbstractProblemLoader Replaying proof divByZero.key.proof 
90506      DEBUG main            d.u.i.k.p.i.IntermediateProofReplayer Proof replay took 34.7ms 
90507      DEBUG main            d.u.i.k.p.r.p.TestFile    ... success: reloaded. 
90509      INFO  main            d.u.i.k.p.r.p.TestFile    Now processing file /home/runner/work/key/key/key.core/../key.ui/examples/standard_key/arith/divisionAssoc.key 
90509      INFO  main            d.u.i.k.p.i.AbstractProblemLoader Loading environment from /home/runner/work/key/key/key.core/../key.ui/examples/standard_key/arith/divisionAssoc.key 
90509      DEBUG main            d.u.i.k.p.i.AbstractProblemLoader Environment load took 241.02ns 
90511      INFO  main            d.u.i.k.p.i.AbstractProblemLoader Creating init config 
93291      DEBUG main            d.u.i.k.p.i.AbstractProblemLoader Init config took 2.78s 
93309      INFO  main            d.u.i.k.p.i.AbstractProblemLoader Replaying proof divisionAssoc.key 
93311      DEBUG main            d.u.i.k.p.i.IntermediateProofReplayer Proof replay took 7.9ns 
94134      INFO  main            d.u.i.k.p.r.p.TestFile    ... finished proof: closed. 
94383      INFO  main            d.u.i.k.p.i.AbstractProblemLoader Loading environment from /home/runner/work/key/key/key.core/../key.ui/examples/standard_key/arith/divisionAssoc.key.proof 
94384      DEBUG main            d.u.i.k.p.i.AbstractProblemLoader Environment load took 799.68ns 
94386      INFO  main            d.u.i.k.p.i.AbstractProblemLoader Creating init config 
97089      DEBUG main            d.u.i.k.p.i.AbstractProblemLoader Init config took 2.7s 
97111      INFO  main            d.u.i.k.p.i.AbstractProblemLoader Replaying proof divisionAssoc.key.proof 
97166      DEBUG main            d.u.i.k.p.i.IntermediateProofReplayer Proof replay took 47.57ms 
97167      DEBUG main            d.u.i.k.p.r.p.TestFile    ... success: reloaded. 
97168      INFO  main            d.u.i.k.p.r.p.TestFile    Now processing file /home/runner/work/key/key/key.core/../key.ui/examples/standard_key/arith/divisionBy2.key 
97168      INFO  main            d.u.i.k.p.i.AbstractProblemLoader Loading environment from /home/runner/work/key/key/key.core/../key.ui/examples/standard_key/arith/divisionBy2.key 
97168      DEBUG main            d.u.i.k.p.i.AbstractProblemLoader Environment load took 124.11ns 
97169      INFO  main            d.u.i.k.p.i.AbstractProblemLoader Creating init config 
99902      DEBUG main            d.u.i.k.p.i.AbstractProblemLoader Init config took 2.73s 
99919      INFO  main            d.u.i.k.p.i.AbstractProblemLoader Replaying proof divisionBy2.key 
99920      DEBUG main            d.u.i.k.p.i.IntermediateProofReplayer Proof replay took 7.5ns 
100023     INFO  main            d.u.i.k.p.r.p.TestFile    ... finished proof: closed. 
100276     INFO  main            d.u.i.k.p.i.AbstractProblemLoader Loading environment from /home/runner/work/key/key/key.core/../key.ui/examples/standard_key/arith/divisionBy2.key.proof 
100276     DEBUG main            d.u.i.k.p.i.AbstractProblemLoader Environment load took 136.21ns 
100278     INFO  main            d.u.i.k.p.i.AbstractProblemLoader Creating init config 
103044     DEBUG main            d.u.i.k.p.i.AbstractProblemLoader Init config took 2.77s 
103060     INFO  main            d.u.i.k.p.i.AbstractProblemLoader Replaying proof divisionBy2.key.proof 
103066     DEBUG main            d.u.i.k.p.i.IntermediateProofReplayer Proof replay took 4.14ms 
103067     DEBUG main            d.u.i.k.p.r.p.TestFile    ... success: reloaded. 
103068     INFO  main            d.u.i.k.p.r.p.TestFile    Now processing file /home/runner/work/key/key/key.core/../key.ui/examples/standard_key/arith/euclidean/gcdHelp-post.key 
103068     INFO  main            d.u.i.k.p.i.AbstractProblemLoader Loading environment from /home/runner/work/key/key/key.core/../key.ui/examples/standard_key/arith/euclidean/gcdHelp-post.key 
103068     DEBUG main            d.u.i.k.p.i.AbstractProblemLoader Environment load took 113.81ns 
103069     INFO  main            d.u.i.k.p.i.AbstractProblemLoader Creating init config 
106035     DEBUG main            d.u.i.k.p.i.AbstractProblemLoader Init config took 2.97s 
106053     INFO  main            d.u.i.k.p.i.AbstractProblemLoader Replaying proof gcdHelp-post.key 
106055     DEBUG main            d.u.i.k.p.i.IntermediateProofReplayer Proof replay took 6.8ns 
109771     INFO  main            d.u.i.k.p.r.p.TestFile    ... finished proof: closed. 
110069     INFO  main            d.u.i.k.p.i.AbstractProblemLoader Loading environment from /home/runner/work/key/key/key.core/../key.ui/examples/standard_key/arith/euclidean/gcdHelp-post.key.proof 
110069     DEBUG main            d.u.i.k.p.i.AbstractProblemLoader Environment load took 471.04ns 
110071     INFO  main            d.u.i.k.p.i.AbstractProblemLoader Creating init config 
112993     DEBUG main            d.u.i.k.p.i.AbstractProblemLoader Init config took 2.92s 
113012     INFO  main            d.u.i.k.p.i.AbstractProblemLoader Replaying proof gcdHelp-post.key.proof 
113187     DEBUG main            d.u.i.k.p.i.IntermediateProofReplayer Proof replay took 163.4ms 
113189     DEBUG main            d.u.i.k.p.r.p.TestFile    ... success: reloaded. 
113191     INFO  main            d.u.i.k.p.r.p.TestFile    Now processing file /home/runner/work/key/key/key.core/../key.ui/examples/standard_key/arith/gemplusDecimal/add.key 
113191     INFO  main            d.u.i.k.p.i.AbstractProblemLoader Loading environment from /home/runner/work/key/key/key.core/../key.ui/examples/standard_key/arith/gemplusDecimal/add.key 
113192     DEBUG main            d.u.i.k.p.i.AbstractProblemLoader Environment load took 239.32ns 
113194     INFO  main            d.u.i.k.p.i.AbstractProblemLoader Creating init config 
116091     DEBUG main            d.u.i.k.p.i.AbstractProblemLoader Init config took 2.9s 
116109     INFO  main            d.u.i.k.p.i.AbstractProblemLoader Replaying proof add.key 
116111     DEBUG main            d.u.i.k.p.i.IntermediateProofReplayer Proof replay took 7.3ns 
166487     INFO  main            d.u.i.k.p.r.p.TestFile    ... finished proof: closed. 
166929     INFO  main            d.u.i.k.p.i.AbstractProblemLoader Loading environment from /home/runner/work/key/key/key.core/../key.ui/examples/standard_key/arith/gemplusDecimal/add.key.proof 
166929     DEBUG main            d.u.i.k.p.i.AbstractProblemLoader Environment load took 268.12ns 
166940     INFO  main            d.u.i.k.p.i.AbstractProblemLoader Creating init config 
169719     DEBUG main            d.u.i.k.p.i.AbstractProblemLoader Init config took 2.78s 
169756     INFO  main            d.u.i.k.p.i.AbstractProblemLoader Replaying proof add.key.proof 
172259     DEBUG main            d.u.i.k.p.i.IntermediateProofReplayer Proof replay took 2.36s 
172268     DEBUG main            d.u.i.k.p.r.p.TestFile    ... success: reloaded. 
172270     INFO  main            d.u.i.k.p.r.p.TestFile    Now processing file /home/runner/work/key/key/key.core/../key.ui/examples/standard_key/arith/jdivevenodd.key 
172270     INFO  main            d.u.i.k.p.i.AbstractProblemLoader Loading environment from /home/runner/work/key/key/key.core/../key.ui/examples/standard_key/arith/jdivevenodd.key 
172270     DEBUG main            d.u.i.k.p.i.AbstractProblemLoader Environment load took 110.31ns 
172271     INFO  main            d.u.i.k.p.i.AbstractProblemLoader Creating init config 
175132     DEBUG main            d.u.i.k.p.i.AbstractProblemLoader Init config took 2.86s 
175149     INFO  main            d.u.i.k.p.i.AbstractProblemLoader Replaying proof jdivevenodd.key 
175150     DEBUG main            d.u.i.k.p.i.IntermediateProofReplayer Proof replay took 7.4ns 
175356     INFO  main            d.u.i.k.p.r.p.TestFile    ... finished proof: closed. 
175773     INFO  main            d.u.i.k.p.i.AbstractProblemLoader Loading environment from /home/runner/work/key/key/key.core/../key.ui/examples/standard_key/arith/jdivevenodd.key.proof 
175773     DEBUG main            d.u.i.k.p.i.AbstractProblemLoader Environment load took 166.31ns 
175775     INFO  main            d.u.i.k.p.i.AbstractProblemLoader Creating init config 
178444     DEBUG main            d.u.i.k.p.i.AbstractProblemLoader Init config took 2.67s 
178461     INFO  main            d.u.i.k.p.i.AbstractProblemLoader Replaying proof jdivevenodd.key.proof 
178473     DEBUG main            d.u.i.k.p.i.IntermediateProofReplayer Proof replay took 9.32ms 
178476     DEBUG main            d.u.i.k.p.r.p.TestFile    ... success: reloaded. 
178477     INFO  main            d.u.i.k.p.r.p.TestFile    Now processing file /home/runner/work/key/key/key.core/../key.ui/examples/standard_key/arith/median.key 
178478     INFO  main            d.u.i.k.p.i.AbstractProblemLoader Loading environment from /home/runner/work/key/key/key.core/../key.ui/examples/standard_key/arith/median.key 
178478     DEBUG main            d.u.i.k.p.i.AbstractProblemLoader Environment load took 237.62ns 
178480     INFO  main            d.u.i.k.p.i.AbstractProblemLoader Creating init config 
181207     DEBUG main            d.u.i.k.p.i.AbstractProblemLoader Init config took 2.73s 
181224     INFO  main            d.u.i.k.p.i.AbstractProblemLoader Replaying proof median.key 
181227     DEBUG main            d.u.i.k.p.i.IntermediateProofReplayer Proof replay took 7.4ns 
198450     INFO  main            d.u.i.k.p.r.p.TestFile    ... finished proof: closed. 
198822     INFO  main            d.u.i.k.p.i.AbstractProblemLoader Loading environment from /home/runner/work/key/key/key.core/../key.ui/examples/standard_key/arith/median.key.proof 
198822     DEBUG main            d.u.i.k.p.i.AbstractProblemLoader Environment load took 601.04ns 
198826     INFO  main            d.u.i.k.p.i.AbstractProblemLoader Creating init config 
201513     DEBUG main            d.u.i.k.p.i.AbstractProblemLoader Init config took 2.69s 
201545     INFO  main            d.u.i.k.p.i.AbstractProblemLoader Replaying proof median.key.proof 
202157     DEBUG main            d.u.i.k.p.i.IntermediateProofReplayer Proof replay took 554.77ms 
202161     DEBUG main            d.u.i.k.p.r.p.TestFile    ... success: reloaded. 
202163     INFO  main            d.u.i.k.p.r.p.TestFile    Now processing file /home/runner/work/key/key/key.core/../key.ui/examples/standard_key/arith/mod1.key 
202163     INFO  main            d.u.i.k.p.i.AbstractProblemLoader Loading environment from /home/runner/work/key/key/key.core/../key.ui/examples/standard_key/arith/mod1.key 
202163     DEBUG main            d.u.i.k.p.i.AbstractProblemLoader Environment load took 242.52ns 
202164     INFO  main            d.u.i.k.p.i.AbstractProblemLoader Creating init config 
204996     DEBUG main            d.u.i.k.p.i.AbstractProblemLoader Init config took 2.83s 
205012     INFO  main            d.u.i.k.p.i.AbstractProblemLoader Replaying proof mod1.key 
205014     DEBUG main            d.u.i.k.p.i.IntermediateProofReplayer Proof replay took 7.5ns 
205119     INFO  main            d.u.i.k.p.r.p.TestFile    ... finished proof: closed. 
205467     INFO  main            d.u.i.k.p.i.AbstractProblemLoader Loading environment from /home/runner/work/key/key/key.core/../key.ui/examples/standard_key/arith/mod1.key.proof 
205467     DEBUG main            d.u.i.k.p.i.AbstractProblemLoader Environment load took 144.81ns 
205469     INFO  main            d.u.i.k.p.i.AbstractProblemLoader Creating init config 
208128     DEBUG main            d.u.i.k.p.i.AbstractProblemLoader Init config took 2.66s 
208149     INFO  main            d.u.i.k.p.i.AbstractProblemLoader Replaying proof mod1.key.proof 
208154     DEBUG main            d.u.i.k.p.i.IntermediateProofReplayer Proof replay took 2.02ms 
208156     DEBUG main            d.u.i.k.p.r.p.TestFile    ... success: reloaded. 
208157     INFO  main            d.u.i.k.p.r.p.TestFile    Now processing file /home/runner/work/key/key/key.core/../key.ui/examples/standard_key/arith/mod2.key 
208157     INFO  main            d.u.i.k.p.i.AbstractProblemLoader Loading environment from /home/runner/work/key/key/key.core/../key.ui/examples/standard_key/arith/mod2.key 
208157     DEBUG main            d.u.i.k.p.i.AbstractProblemLoader Environment load took 75.11ns 
208158     INFO  main            d.u.i.k.p.i.AbstractProblemLoader Creating init config 
210900     DEBUG main            d.u.i.k.p.i.AbstractProblemLoader Init config took 2.74s 
210915     INFO  main            d.u.i.k.p.i.AbstractProblemLoader Replaying proof mod2.key 
210916     DEBUG main            d.u.i.k.p.i.IntermediateProofReplayer Proof replay took 7.7ns 
211019     INFO  main            d.u.i.k.p.r.p.TestFile    ... finished proof: closed. 
211283     INFO  main            d.u.i.k.p.i.AbstractProblemLoader Loading environment from /home/runner/work/key/key/key.core/../key.ui/examples/standard_key/arith/mod2.key.proof 
211283     DEBUG main            d.u.i.k.p.i.AbstractProblemLoader Environment load took 119.21ns 
211284     INFO  main            d.u.i.k.p.i.AbstractProblemLoader Creating init config 
213967     DEBUG main            d.u.i.k.p.i.AbstractProblemLoader Init config took 2.68s 
213984     INFO  main            d.u.i.k.p.i.AbstractProblemLoader Replaying proof mod2.key.proof 
213987     DEBUG main            d.u.i.k.p.i.IntermediateProofReplayer Proof replay took 1.27ms 
213988     DEBUG main            d.u.i.k.p.r.p.TestFile    ... success: reloaded. 
213989     INFO  main            d.u.i.k.p.r.p.TestFile    Now processing file /home/runner/work/key/key/key.core/../key.ui/examples/standard_key/arith/mod7.key 
213990     INFO  main            d.u.i.k.p.i.AbstractProblemLoader Loading environment from /home/runner/work/key/key/key.core/../key.ui/examples/standard_key/arith/mod7.key 
213990     DEBUG main            d.u.i.k.p.i.AbstractProblemLoader Environment load took 180.21ns 
213992     INFO  main            d.u.i.k.p.i.AbstractProblemLoader Creating init config 
216729     DEBUG main            d.u.i.k.p.i.AbstractProblemLoader Init config took 2.74s 
216766     INFO  main            d.u.i.k.p.i.AbstractProblemLoader Replaying proof mod7.key 
216768     DEBUG main            d.u.i.k.p.i.IntermediateProofReplayer Proof replay took 7.4ns 
216870     INFO  main            d.u.i.k.p.r.p.TestFile    ... finished proof: closed. 
217148     INFO  main            d.u.i.k.p.i.AbstractProblemLoader Loading environment from /home/runner/work/key/key/key.core/../key.ui/examples/standard_key/arith/mod7.key.proof 
217148     DEBUG main            d.u.i.k.p.i.AbstractProblemLoader Environment load took 123.91ns 
217150     INFO  main            d.u.i.k.p.i.AbstractProblemLoader Creating init config 
219839     DEBUG main            d.u.i.k.p.i.AbstractProblemLoader Init config took 2.69s 
219854     INFO  main            d.u.i.k.p.i.AbstractProblemLoader Replaying proof mod7.key.proof 
219860     DEBUG main            d.u.i.k.p.i.IntermediateProofReplayer Proof replay took 3.29ms 
219861     DEBUG main            d.u.i.k.p.r.p.TestFile    ... success: reloaded. 
219861     INFO  main            d.u.i.k.p.r.p.TestFile    Now processing file /home/runner/work/key/key/key.core/../key.ui/examples/standard_key/arith/overflow_hija.key 
219861     INFO  main            d.u.i.k.p.i.AbstractProblemLoader Loading environment from /home/runner/work/key/key/key.core/../key.ui/examples/standard_key/arith/overflow_hija.key 
219861     DEBUG main            d.u.i.k.p.i.AbstractProblemLoader Environment load took 116.61ns 
219863     INFO  main            d.u.i.k.p.i.AbstractProblemLoader Creating init config 
222574     DEBUG main            d.u.i.k.p.i.AbstractProblemLoader Init config took 2.71s 
222593     INFO  main            d.u.i.k.p.i.AbstractProblemLoader Replaying proof overflow_hija.key 
222595     DEBUG main            d.u.i.k.p.i.IntermediateProofReplayer Proof replay took 8.5ns 
228235     INFO  main            d.u.i.k.p.r.p.TestFile    ... finished proof: closed. 
228573     INFO  main            d.u.i.k.p.i.AbstractProblemLoader Loading environment from /home/runner/work/key/key/key.core/../key.ui/examples/standard_key/arith/overflow_hija.key.proof 
228574     DEBUG main            d.u.i.k.p.i.AbstractProblemLoader Environment load took 488.94ns 
228576     INFO  main            d.u.i.k.p.i.AbstractProblemLoader Creating init config 
231366     DEBUG main            d.u.i.k.p.i.AbstractProblemLoader Init config took 2.79s 
231386     INFO  main            d.u.i.k.p.i.AbstractProblemLoader Replaying proof overflow_hija.key.proof 
231560     DEBUG main            d.u.i.k.p.i.IntermediateProofReplayer Proof replay took 161.99ms 
231563     DEBUG main            d.u.i.k.p.r.p.TestFile    ... success: reloaded. 
231564     INFO  main            d.u.i.k.p.r.p.TestFile    Now processing file /home/runner/work/key/key/key.core/../key.ui/examples/standard_key/arith/poly_division0.key 
231564     INFO  main            d.u.i.k.p.i.AbstractProblemLoader Loading environment from /home/runner/work/key/key/key.core/../key.ui/examples/standard_key/arith/poly_division0.key 
231565     DEBUG main            d.u.i.k.p.i.AbstractProblemLoader Environment load took 234.72ns 
231566     INFO  main            d.u.i.k.p.i.AbstractProblemLoader Creating init config 
234287     DEBUG main            d.u.i.k.p.i.AbstractProblemLoader Init config took 2.72s 
234302     INFO  main            d.u.i.k.p.i.AbstractProblemLoader Replaying proof poly_division0.key 
234303     DEBUG main            d.u.i.k.p.i.IntermediateProofReplayer Proof replay took 7.9ns 
234410     INFO  main            d.u.i.k.p.r.p.TestFile    ... finished proof: closed. 
234777     INFO  main            d.u.i.k.p.i.AbstractProblemLoader Loading environment from /home/runner/work/key/key/key.core/../key.ui/examples/standard_key/arith/poly_division0.key.proof 
234777     DEBUG main            d.u.i.k.p.i.AbstractProblemLoader Environment load took 126.11ns 
234778     INFO  main            d.u.i.k.p.i.AbstractProblemLoader Creating init config 
237538     DEBUG main            d.u.i.k.p.i.AbstractProblemLoader Init config took 2.76s 
237554     INFO  main            d.u.i.k.p.i.AbstractProblemLoader Replaying proof poly_division0.key.proof 
237561     DEBUG main            d.u.i.k.p.i.IntermediateProofReplayer Proof replay took 4.04ms 
237562     DEBUG main            d.u.i.k.p.r.p.TestFile    ... success: reloaded. 
237563     INFO  main            d.u.i.k.p.r.p.TestFile    Now processing file /home/runner/work/key/key/key.core/../key.ui/examples/standard_key/arith/poly_division1.key 
237563     INFO  main            d.u.i.k.p.i.AbstractProblemLoader Loading environment from /home/runner/work/key/key/key.core/../key.ui/examples/standard_key/arith/poly_division1.key 
237563     DEBUG main            d.u.i.k.p.i.AbstractProblemLoader Environment load took 87.61ns 
237564     INFO  main            d.u.i.k.p.i.AbstractProblemLoader Creating init config 
240316     DEBUG main            d.u.i.k.p.i.AbstractProblemLoader Init config took 2.75s 
240331     INFO  main            d.u.i.k.p.i.AbstractProblemLoader Replaying proof poly_division1.key 
240333     DEBUG main            d.u.i.k.p.i.IntermediateProofReplayer Proof replay took 8.2ns 
240435     INFO  main            d.u.i.k.p.r.p.TestFile    ... finished proof: closed. 
240739     INFO  main            d.u.i.k.p.i.AbstractProblemLoader Loading environment from /home/runner/work/key/key/key.core/../key.ui/examples/standard_key/arith/poly_division1.key.proof 
240739     DEBUG main            d.u.i.k.p.i.AbstractProblemLoader Environment load took 124.91ns 
240740     INFO  main            d.u.i.k.p.i.AbstractProblemLoader Creating init config 
243398     DEBUG main            d.u.i.k.p.i.AbstractProblemLoader Init config took 2.66s 
243416     INFO  main            d.u.i.k.p.i.AbstractProblemLoader Replaying proof poly_division1.key.proof 
243422     DEBUG main            d.u.i.k.p.i.IntermediateProofReplayer Proof replay took 3.77ms 
243422     DEBUG main            d.u.i.k.p.r.p.TestFile    ... success: reloaded. 
243423     INFO  main            d.u.i.k.p.r.p.TestFile    Now processing file /home/runner/work/key/key/key.core/../key.ui/examples/standard_key/inEqSimp/division.key 
243423     INFO  main            d.u.i.k.p.i.AbstractProblemLoader Loading environment from /home/runner/work/key/key/key.core/../key.ui/examples/standard_key/inEqSimp/division.key 
243423     DEBUG main            d.u.i.k.p.i.AbstractProblemLoader Environment load took 108.51ns 
243424     INFO  main            d.u.i.k.p.i.AbstractProblemLoader Creating init config 
246194     DEBUG main            d.u.i.k.p.i.AbstractProblemLoader Init config took 2.77s 
246214     INFO  main            d.u.i.k.p.i.AbstractProblemLoader Replaying proof division.key 
246215     DEBUG main            d.u.i.k.p.i.IntermediateProofReplayer Proof replay took 6.6ns 
248625     INFO  main            d.u.i.k.p.r.p.TestFile    ... finished proof: closed. 
248943     INFO  main            d.u.i.k.p.i.AbstractProblemLoader Loading environment from /home/runner/work/key/key/key.core/../key.ui/examples/standard_key/inEqSimp/division.key.proof 
248944     DEBUG main            d.u.i.k.p.i.AbstractProblemLoader Environment load took 809.46ns 
248946     INFO  main            d.u.i.k.p.i.AbstractProblemLoader Creating init config 
251678     DEBUG main            d.u.i.k.p.i.AbstractProblemLoader Init config took 2.73s 
251694     INFO  main            d.u.i.k.p.i.AbstractProblemLoader Replaying proof division.key.proof 
251765     DEBUG main            d.u.i.k.p.i.IntermediateProofReplayer Proof replay took 59.72ms 
251768     DEBUG main            d.u.i.k.p.r.p.TestFile    ... success: reloaded. 
251769     INFO  main            d.u.i.k.p.r.p.TestFile    Now processing file /home/runner/work/key/key/key.core/../key.ui/examples/standard_key/inEqSimp/inequations0.key 
251769     INFO  main            d.u.i.k.p.i.AbstractProblemLoader Loading environment from /home/runner/work/key/key/key.core/../key.ui/examples/standard_key/inEqSimp/inequations0.key 
251769     DEBUG main            d.u.i.k.p.i.AbstractProblemLoader Environment load took 228.32ns 
251771     INFO  main            d.u.i.k.p.i.AbstractProblemLoader Creating init config 
254575     DEBUG main            d.u.i.k.p.i.AbstractProblemLoader Init config took 2.8s 
254591     INFO  main            d.u.i.k.p.i.AbstractProblemLoader Replaying proof inequations0.key 
254592     DEBUG main            d.u.i.k.p.i.IntermediateProofReplayer Proof replay took 44.6ns 
254695     INFO  main            d.u.i.k.p.r.p.TestFile    ... finished proof: closed. 
255037     INFO  main            d.u.i.k.p.i.AbstractProblemLoader Loading environment from /home/runner/work/key/key/key.core/../key.ui/examples/standard_key/inEqSimp/inequations0.key.proof 
255037     DEBUG main            d.u.i.k.p.i.AbstractProblemLoader Environment load took 121.21ns 
255038     INFO  main            d.u.i.k.p.i.AbstractProblemLoader Creating init config 
257676     DEBUG main            d.u.i.k.p.i.AbstractProblemLoader Init config took 2.64s 
257691     INFO  main            d.u.i.k.p.i.AbstractProblemLoader Replaying proof inequations0.key.proof 
257695     DEBUG main            d.u.i.k.p.i.IntermediateProofReplayer Proof replay took 2.04ms 
257696     DEBUG main            d.u.i.k.p.r.p.TestFile    ... success: reloaded. 
257696     INFO  main            d.u.i.k.p.r.p.TestFile    Now processing file /home/runner/work/key/key/key.core/../key.ui/examples/standard_key/inEqSimp/inequations1.key 
257697     INFO  main            d.u.i.k.p.i.AbstractProblemLoader Loading environment from /home/runner/work/key/key/key.core/../key.ui/examples/standard_key/inEqSimp/inequations1.key 
257697     DEBUG main            d.u.i.k.p.i.AbstractProblemLoader Environment load took 208.91ns 
257698     INFO  main            d.u.i.k.p.i.AbstractProblemLoader Creating init config 
260379     DEBUG main            d.u.i.k.p.i.AbstractProblemLoader Init config took 2.68s 
260394     INFO  main            d.u.i.k.p.i.AbstractProblemLoader Replaying proof inequations1.key 
260396     DEBUG main            d.u.i.k.p.i.IntermediateProofReplayer Proof replay took 3.1ns 
260499     INFO  main            d.u.i.k.p.r.p.TestFile    ... finished proof: closed. 
260821     INFO  main            d.u.i.k.p.i.AbstractProblemLoader Loading environment from /home/runner/work/key/key/key.core/../key.ui/examples/standard_key/inEqSimp/inequations1.key.proof 
260821     DEBUG main            d.u.i.k.p.i.AbstractProblemLoader Environment load took 111.71ns 
260822     INFO  main            d.u.i.k.p.i.AbstractProblemLoader Creating init config 
263474     DEBUG main            d.u.i.k.p.i.AbstractProblemLoader Init config took 2.65s 
263491     INFO  main            d.u.i.k.p.i.AbstractProblemLoader Replaying proof inequations1.key.proof 
263493     DEBUG main            d.u.i.k.p.i.IntermediateProofReplayer Proof replay took 1.03ms 
263494     DEBUG main            d.u.i.k.p.r.p.TestFile    ... success: reloaded. 
263495     INFO  main            d.u.i.k.p.r.p.TestFile    Now processing file /home/runner/work/key/key/key.core/../key.ui/examples/standard_key/inEqSimp/inequations2.key 
263495     INFO  main            d.u.i.k.p.i.AbstractProblemLoader Loading environment from /home/runner/work/key/key/key.core/../key.ui/examples/standard_key/inEqSimp/inequations2.key 
263495     DEBUG main            d.u.i.k.p.i.AbstractProblemLoader Environment load took 60.8ns 
263496     INFO  main            d.u.i.k.p.i.AbstractProblemLoader Creating init config 
266170     DEBUG main            d.u.i.k.p.i.AbstractProblemLoader Init config took 2.67s 
266185     INFO  main            d.u.i.k.p.i.AbstractProblemLoader Replaying proof inequations2.key 
266187     DEBUG main            d.u.i.k.p.i.IntermediateProofReplayer Proof replay took 14.1ns 
266289     INFO  main            d.u.i.k.p.r.p.TestFile    ... finished proof: closed. 
266614     INFO  main            d.u.i.k.p.i.AbstractProblemLoader Loading environment from /home/runner/work/key/key/key.core/../key.ui/examples/standard_key/inEqSimp/inequations2.key.proof 
266614     DEBUG main            d.u.i.k.p.i.AbstractProblemLoader Environment load took 106.91ns 
266615     INFO  main            d.u.i.k.p.i.AbstractProblemLoader Creating init config 
269308     DEBUG main            d.u.i.k.p.i.AbstractProblemLoader Init config took 2.69s 
269323     INFO  main            d.u.i.k.p.i.AbstractProblemLoader Replaying proof inequations2.key.proof 
269327     DEBUG main            d.u.i.k.p.i.IntermediateProofReplayer Proof replay took 1.43ms 
269328     DEBUG main            d.u.i.k.p.r.p.TestFile    ... success: reloaded. 
269328     INFO  main            d.u.i.k.p.r.p.TestFile    Now processing file /home/runner/work/key/key/key.core/../key.ui/examples/standard_key/inEqSimp/linApprox.key 
269329     INFO  main            d.u.i.k.p.i.AbstractProblemLoader Loading environment from /home/runner/work/key/key/key.core/../key.ui/examples/standard_key/inEqSimp/linApprox.key 
269329     DEBUG main            d.u.i.k.p.i.AbstractProblemLoader Environment load took 221.01ns 
269330     INFO  main            d.u.i.k.p.i.AbstractProblemLoader Creating init config 
272070     DEBUG main            d.u.i.k.p.i.AbstractProblemLoader Init config took 2.74s 
272087     INFO  main            d.u.i.k.p.i.AbstractProblemLoader Replaying proof linApprox.key 
272089     DEBUG main            d.u.i.k.p.i.IntermediateProofReplayer Proof replay took 3.1ns 
272191     INFO  main            d.u.i.k.p.r.p.TestFile    ... finished proof: closed. 
272517     INFO  main            d.u.i.k.p.i.AbstractProblemLoader Loading environment from /home/runner/work/key/key/key.core/../key.ui/examples/standard_key/inEqSimp/linApprox.key.proof 
272517     DEBUG main            d.u.i.k.p.i.AbstractProblemLoader Environment load took 129.41ns 
272519     INFO  main            d.u.i.k.p.i.AbstractProblemLoader Creating init config 
275224     DEBUG main            d.u.i.k.p.i.AbstractProblemLoader Init config took 2.71s 
275239     INFO  main            d.u.i.k.p.i.AbstractProblemLoader Replaying proof linApprox.key.proof 
275244     DEBUG main            d.u.i.k.p.i.IntermediateProofReplayer Proof replay took 1.94ms 
275245     DEBUG main            d.u.i.k.p.r.p.TestFile    ... success: reloaded. 
275246     INFO  main            d.u.i.k.p.r.p.TestFile    Now processing file /home/runner/work/key/key/key.core/../key.ui/examples/standard_key/inEqSimp/nonLinInEqExample0.key 
275246     INFO  main            d.u.i.k.p.i.AbstractProblemLoader Loading environment from /home/runner/work/key/key/key.core/../key.ui/examples/standard_key/inEqSimp/nonLinInEqExample0.key 
275246     DEBUG main            d.u.i.k.p.i.AbstractProblemLoader Environment load took 124.31ns 
275247     INFO  main            d.u.i.k.p.i.AbstractProblemLoader Creating init config 
278051     DEBUG main            d.u.i.k.p.i.AbstractProblemLoader Init config took 2.8s 
278067     INFO  main            d.u.i.k.p.i.AbstractProblemLoader Replaying proof nonLinInEqExample0.key 
278068     DEBUG main            d.u.i.k.p.i.IntermediateProofReplayer Proof replay took 23.6ns 
278170     INFO  main            d.u.i.k.p.r.p.TestFile    ... finished proof: closed. 
278510     INFO  main            d.u.i.k.p.i.AbstractProblemLoader Loading environment from /home/runner/work/key/key/key.core/../key.ui/examples/standard_key/inEqSimp/nonLinInEqExample0.key.proof 
278510     DEBUG main            d.u.i.k.p.i.AbstractProblemLoader Environment load took 111.11ns 
278511     INFO  main            d.u.i.k.p.i.AbstractProblemLoader Creating init config 
281149     DEBUG main            d.u.i.k.p.i.AbstractProblemLoader Init config took 2.64s 
281164     INFO  main            d.u.i.k.p.i.AbstractProblemLoader Replaying proof nonLinInEqExample0.key.proof 
281167     DEBUG main            d.u.i.k.p.i.IntermediateProofReplayer Proof replay took 648.34ns 
281167     DEBUG main            d.u.i.k.p.r.p.TestFile    ... success: reloaded. 
281168     INFO  main            d.u.i.k.p.r.p.TestFile    Now processing file /home/runner/work/key/key/key.core/../key.ui/examples/standard_key/inEqSimp/nonLinInEqExample2.key 
281168     INFO  main            d.u.i.k.p.i.AbstractProblemLoader Loading environment from /home/runner/work/key/key/key.core/../key.ui/examples/standard_key/inEqSimp/nonLinInEqExample2.key 
281169     DEBUG main            d.u.i.k.p.i.AbstractProblemLoader Environment load took 56.8ns 
281170     INFO  main            d.u.i.k.p.i.AbstractProblemLoader Creating init config 
283875     DEBUG main            d.u.i.k.p.i.AbstractProblemLoader Init config took 2.71s 
283890     INFO  main            d.u.i.k.p.i.AbstractProblemLoader Replaying proof nonLinInEqExample2.key 
283892     DEBUG main            d.u.i.k.p.i.IntermediateProofReplayer Proof replay took 3.3ns 
284196     INFO  main            d.u.i.k.p.r.p.TestFile    ... finished proof: closed. 
284544     INFO  main            d.u.i.k.p.i.AbstractProblemLoader Loading environment from /home/runner/work/key/key/key.core/../key.ui/examples/standard_key/inEqSimp/nonLinInEqExample2.key.proof 
284544     DEBUG main            d.u.i.k.p.i.AbstractProblemLoader Environment load took 139.71ns 
284546     INFO  main            d.u.i.k.p.i.AbstractProblemLoader Creating init config 
287132     DEBUG main            d.u.i.k.p.i.AbstractProblemLoader Init config took 2.59s 
287147     INFO  main            d.u.i.k.p.i.AbstractProblemLoader Replaying proof nonLinInEqExample2.key.proof 
287174     DEBUG main            d.u.i.k.p.i.IntermediateProofReplayer Proof replay took 23.35ms 
287176     DEBUG main            d.u.i.k.p.r.p.TestFile    ... success: reloaded. 
287176     INFO  main            d.u.i.k.p.r.p.TestFile    Now processing file /home/runner/work/key/key/key.core/../key.ui/examples/standard_key/inEqSimp/nonLinInEqExample3.key 
287177     INFO  main            d.u.i.k.p.i.AbstractProblemLoader Loading environment from /home/runner/work/key/key/key.core/../key.ui/examples/standard_key/inEqSimp/nonLinInEqExample3.key 
287177     DEBUG main            d.u.i.k.p.i.AbstractProblemLoader Environment load took 111.61ns 
287178     INFO  main            d.u.i.k.p.i.AbstractProblemLoader Creating init config 
289890     DEBUG main            d.u.i.k.p.i.AbstractProblemLoader Init config took 2.71s 
289905     INFO  main            d.u.i.k.p.i.AbstractProblemLoader Replaying proof nonLinInEqExample3.key 
289906     DEBUG main            d.u.i.k.p.i.IntermediateProofReplayer Proof replay took 3.5ns 
290234     INFO  main            d.u.i.k.p.r.p.TestFile    ... finished proof: closed. 
290584     INFO  main            d.u.i.k.p.i.AbstractProblemLoader Loading environment from /home/runner/work/key/key/key.core/../key.ui/examples/standard_key/inEqSimp/nonLinInEqExample3.key.proof 
290584     DEBUG main            d.u.i.k.p.i.AbstractProblemLoader Environment load took 118.51ns 
290585     INFO  main            d.u.i.k.p.i.AbstractProblemLoader Creating init config 
293294     DEBUG main            d.u.i.k.p.i.AbstractProblemLoader Init config took 2.71s 
293315     INFO  main            d.u.i.k.p.i.AbstractProblemLoader Replaying proof nonLinInEqExample3.key.proof 
293332     DEBUG main            d.u.i.k.p.i.IntermediateProofReplayer Proof replay took 13.62ms 
293333     DEBUG main            d.u.i.k.p.r.p.TestFile    ... success: reloaded. 
293337     INFO  main            d.u.i.k.p.r.p.TestFile    Now processing file /home/runner/work/key/key/key.core/../key.ui/examples/standard_key/inEqSimp/nonLinInEqExample4.key 
293338     INFO  main            d.u.i.k.p.i.AbstractProblemLoader Loading environment from /home/runner/work/key/key/key.core/../key.ui/examples/standard_key/inEqSimp/nonLinInEqExample4.key 
293338     DEBUG main            d.u.i.k.p.i.AbstractProblemLoader Environment load took 111.01ns 
293339     INFO  main            d.u.i.k.p.i.AbstractProblemLoader Creating init config 
296101     DEBUG main            d.u.i.k.p.i.AbstractProblemLoader Init config took 2.76s 
296116     INFO  main            d.u.i.k.p.i.AbstractProblemLoader Replaying proof nonLinInEqExample4.key 
296118     DEBUG main            d.u.i.k.p.i.IntermediateProofReplayer Proof replay took 3.2ns 
296223     INFO  main            d.u.i.k.p.r.p.TestFile    ... finished proof: closed. 
296569     INFO  main            d.u.i.k.p.i.AbstractProblemLoader Loading environment from /home/runner/work/key/key/key.core/../key.ui/examples/standard_key/inEqSimp/nonLinInEqExample4.key.proof 
296570     DEBUG main            d.u.i.k.p.i.AbstractProblemLoader Environment load took 109.41ns 
296571     INFO  main            d.u.i.k.p.i.AbstractProblemLoader Creating init config 
299229     DEBUG main            d.u.i.k.p.i.AbstractProblemLoader Init config took 2.66s 
299244     INFO  main            d.u.i.k.p.i.AbstractProblemLoader Replaying proof nonLinInEqExample4.key.proof 
299249     DEBUG main            d.u.i.k.p.i.IntermediateProofReplayer Proof replay took 3.01ms 
299250     DEBUG main            d.u.i.k.p.r.p.TestFile    ... success: reloaded. 
299251     INFO  main            d.u.i.k.p.r.p.TestFile    Now processing file /home/runner/work/key/key/key.core/../key.ui/examples/standard_key/inEqSimp/quadraticInEq.key 
299251     INFO  main            d.u.i.k.p.i.AbstractProblemLoader Loading environment from /home/runner/work/key/key/key.core/../key.ui/examples/standard_key/inEqSimp/quadraticInEq.key 
299251     DEBUG main            d.u.i.k.p.i.AbstractProblemLoader Environment load took 56.8ns 
299252     INFO  main            d.u.i.k.p.i.AbstractProblemLoader Creating init config 
301968     DEBUG main            d.u.i.k.p.i.AbstractProblemLoader Init config took 2.72s 
301983     INFO  main            d.u.i.k.p.i.AbstractProblemLoader Replaying proof quadraticInEq.key 
301985     DEBUG main            d.u.i.k.p.i.IntermediateProofReplayer Proof replay took 19.9ns 
302393     INFO  main            d.u.i.k.p.r.p.TestFile    ... finished proof: closed. 
302762     INFO  main            d.u.i.k.p.i.AbstractProblemLoader Loading environment from /home/runner/work/key/key/key.core/../key.ui/examples/standard_key/inEqSimp/quadraticInEq.key.proof 
302763     DEBUG main            d.u.i.k.p.i.AbstractProblemLoader Environment load took 459.53ns 
302765     INFO  main            d.u.i.k.p.i.AbstractProblemLoader Creating init config 
305450     DEBUG main            d.u.i.k.p.i.AbstractProblemLoader Init config took 2.69s 
305479     INFO  main            d.u.i.k.p.i.AbstractProblemLoader Replaying proof quadraticInEq.key.proof 
305517     DEBUG main            d.u.i.k.p.i.IntermediateProofReplayer Proof replay took 33.21ms 
305519     DEBUG main            d.u.i.k.p.r.p.TestFile    ... success: reloaded. 
305520     INFO  main            d.u.i.k.p.r.p.TestFile    Now processing file /home/runner/work/key/key/key.core/../key.ui/examples/standard_key/inEqSimp/quadraticInEq10.key 
305521     INFO  main            d.u.i.k.p.i.AbstractProblemLoader Loading environment from /home/runner/work/key/key/key.core/../key.ui/examples/standard_key/inEqSimp/quadraticInEq10.key 
305521     DEBUG main            d.u.i.k.p.i.AbstractProblemLoader Environment load took 219.91ns 
305522     INFO  main            d.u.i.k.p.i.AbstractProblemLoader Creating init config 
308375     DEBUG main            d.u.i.k.p.i.AbstractProblemLoader Init config took 2.85s 
308390     INFO  main            d.u.i.k.p.i.AbstractProblemLoader Replaying proof quadraticInEq10.key 
308392     DEBUG main            d.u.i.k.p.i.IntermediateProofReplayer Proof replay took 3.1ns 
308594     INFO  main            d.u.i.k.p.r.p.TestFile    ... finished proof: closed. 
308983     INFO  main            d.u.i.k.p.i.AbstractProblemLoader Loading environment from /home/runner/work/key/key/key.core/../key.ui/examples/standard_key/inEqSimp/quadraticInEq10.key.proof 
308983     DEBUG main            d.u.i.k.p.i.AbstractProblemLoader Environment load took 121.51ns 
308985     INFO  main            d.u.i.k.p.i.AbstractProblemLoader Creating init config 
311651     DEBUG main            d.u.i.k.p.i.AbstractProblemLoader Init config took 2.67s 
311667     INFO  main            d.u.i.k.p.i.AbstractProblemLoader Replaying proof quadraticInEq10.key.proof 
311678     DEBUG main            d.u.i.k.p.i.IntermediateProofReplayer Proof replay took 9.14ms 
311680     DEBUG main            d.u.i.k.p.r.p.TestFile    ... success: reloaded. 
311681     INFO  main            d.u.i.k.p.r.p.TestFile    Now processing file /home/runner/work/key/key/key.core/../key.ui/examples/standard_key/inEqSimp/quadraticInEq13.key 
311681     INFO  main            d.u.i.k.p.i.AbstractProblemLoader Loading environment from /home/runner/work/key/key/key.core/../key.ui/examples/standard_key/inEqSimp/quadraticInEq13.key 
311681     DEBUG main            d.u.i.k.p.i.AbstractProblemLoader Environment load took 97.91ns 
311682     INFO  main            d.u.i.k.p.i.AbstractProblemLoader Creating init config 
314427     DEBUG main            d.u.i.k.p.i.AbstractProblemLoader Init config took 2.74s 
314443     INFO  main            d.u.i.k.p.i.AbstractProblemLoader Replaying proof quadraticInEq13.key 
314445     DEBUG main            d.u.i.k.p.i.IntermediateProofReplayer Proof replay took 3.7ns 
314748     INFO  main            d.u.i.k.p.r.p.TestFile    ... finished proof: closed. 
315138     INFO  main            d.u.i.k.p.i.AbstractProblemLoader Loading environment from /home/runner/work/key/key/key.core/../key.ui/examples/standard_key/inEqSimp/quadraticInEq13.key.proof 
315138     DEBUG main            d.u.i.k.p.i.AbstractProblemLoader Environment load took 111.91ns 
315139     INFO  main            d.u.i.k.p.i.AbstractProblemLoader Creating init config 
317864     DEBUG main            d.u.i.k.p.i.AbstractProblemLoader Init config took 2.73s 
317879     INFO  main            d.u.i.k.p.i.AbstractProblemLoader Replaying proof quadraticInEq13.key.proof 
317893     DEBUG main            d.u.i.k.p.i.IntermediateProofReplayer Proof replay took 10.52ms 
317894     DEBUG main            d.u.i.k.p.r.p.TestFile    ... success: reloaded. 
317895     INFO  main            d.u.i.k.p.r.p.TestFile    Now processing file /home/runner/work/key/key/key.core/../key.ui/examples/standard_key/inEqSimp/quadraticInEq14.key 
317895     INFO  main            d.u.i.k.p.i.AbstractProblemLoader Loading environment from /home/runner/work/key/key/key.core/../key.ui/examples/standard_key/inEqSimp/quadraticInEq14.key 
317895     DEBUG main            d.u.i.k.p.i.AbstractProblemLoader Environment load took 120.41ns 
317896     INFO  main            d.u.i.k.p.i.AbstractProblemLoader Creating init config 
320617     DEBUG main            d.u.i.k.p.i.AbstractProblemLoader Init config took 2.72s 
320632     INFO  main            d.u.i.k.p.i.AbstractProblemLoader Replaying proof quadraticInEq14.key 
320634     DEBUG main            d.u.i.k.p.i.IntermediateProofReplayer Proof replay took 3.6ns 
320938     INFO  main            d.u.i.k.p.r.p.TestFile    ... finished proof: closed. 
321321     INFO  main            d.u.i.k.p.i.AbstractProblemLoader Loading environment from /home/runner/work/key/key/key.core/../key.ui/examples/standard_key/inEqSimp/quadraticInEq14.key.proof 
321321     DEBUG main            d.u.i.k.p.i.AbstractProblemLoader Environment load took 113.41ns 
321322     INFO  main            d.u.i.k.p.i.AbstractProblemLoader Creating init config 
324014     DEBUG main            d.u.i.k.p.i.AbstractProblemLoader Init config took 2.69s 
324031     INFO  main            d.u.i.k.p.i.AbstractProblemLoader Replaying proof quadraticInEq14.key.proof 
324048     DEBUG main            d.u.i.k.p.i.IntermediateProofReplayer Proof replay took 14.15ms 
324049     DEBUG main            d.u.i.k.p.r.p.TestFile    ... success: reloaded. 
324050     INFO  main            d.u.i.k.p.r.p.TestFile    Now processing file /home/runner/work/key/key/key.core/../key.ui/examples/standard_key/inEqSimp/quadraticInEq2.key 
324050     INFO  main            d.u.i.k.p.i.AbstractProblemLoader Loading environment from /home/runner/work/key/key/key.core/../key.ui/examples/standard_key/inEqSimp/quadraticInEq2.key 
324050     DEBUG main            d.u.i.k.p.i.AbstractProblemLoader Environment load took 85.91ns 
324051     INFO  main            d.u.i.k.p.i.AbstractProblemLoader Creating init config 
326772     DEBUG main            d.u.i.k.p.i.AbstractProblemLoader Init config took 2.72s 
326787     INFO  main            d.u.i.k.p.i.AbstractProblemLoader Replaying proof quadraticInEq2.key 
326789     DEBUG main            d.u.i.k.p.i.IntermediateProofReplayer Proof replay took 3.6ns 
326891     INFO  main            d.u.i.k.p.r.p.TestFile    ... finished proof: closed. 
327299     INFO  main            d.u.i.k.p.i.AbstractProblemLoader Loading environment from /home/runner/work/key/key/key.core/../key.ui/examples/standard_key/inEqSimp/quadraticInEq2.key.proof 
327299     DEBUG main            d.u.i.k.p.i.AbstractProblemLoader Environment load took 106.71ns 
327300     INFO  main            d.u.i.k.p.i.AbstractProblemLoader Creating init config 
330037     DEBUG main            d.u.i.k.p.i.AbstractProblemLoader Init config took 2.74s 
330053     INFO  main            d.u.i.k.p.i.AbstractProblemLoader Replaying proof quadraticInEq2.key.proof 
330057     DEBUG main            d.u.i.k.p.i.IntermediateProofReplayer Proof replay took 2ms 
330058     DEBUG main            d.u.i.k.p.r.p.TestFile    ... success: reloaded. 
330059     INFO  main            d.u.i.k.p.r.p.TestFile    Now processing file /home/runner/work/key/key/key.core/../key.ui/examples/standard_key/inEqSimp/quadraticInEq3.key 
330059     INFO  main            d.u.i.k.p.i.AbstractProblemLoader Loading environment from /home/runner/work/key/key/key.core/../key.ui/examples/standard_key/inEqSimp/quadraticInEq3.key 
330059     DEBUG main            d.u.i.k.p.i.AbstractProblemLoader Environment load took 95.31ns 
330060     INFO  main            d.u.i.k.p.i.AbstractProblemLoader Creating init config 
332728     DEBUG main            d.u.i.k.p.i.AbstractProblemLoader Init config took 2.67s 
332742     INFO  main            d.u.i.k.p.i.AbstractProblemLoader Replaying proof quadraticInEq3.key 
332744     DEBUG main            d.u.i.k.p.i.IntermediateProofReplayer Proof replay took 3.3ns 
332851     INFO  main            d.u.i.k.p.r.p.TestFile    ... finished proof: closed. 
333233     INFO  main            d.u.i.k.p.i.AbstractProblemLoader Loading environment from /home/runner/work/key/key/key.core/../key.ui/examples/standard_key/inEqSimp/quadraticInEq3.key.proof 
333233     DEBUG main            d.u.i.k.p.i.AbstractProblemLoader Environment load took 111.91ns 
333234     INFO  main            d.u.i.k.p.i.AbstractProblemLoader Creating init config 
335888     DEBUG main            d.u.i.k.p.i.AbstractProblemLoader Init config took 2.65s 
335904     INFO  main            d.u.i.k.p.i.AbstractProblemLoader Replaying proof quadraticInEq3.key.proof 
335911     DEBUG main            d.u.i.k.p.i.IntermediateProofReplayer Proof replay took 5.32ms 
335912     DEBUG main            d.u.i.k.p.r.p.TestFile    ... success: reloaded. 
335913     INFO  main            d.u.i.k.p.r.p.TestFile    Now processing file /home/runner/work/key/key/key.core/../key.ui/examples/standard_key/inEqSimp/quadraticInEq4.key 
335913     INFO  main            d.u.i.k.p.i.AbstractProblemLoader Loading environment from /home/runner/work/key/key/key.core/../key.ui/examples/standard_key/inEqSimp/quadraticInEq4.key 
335913     DEBUG main            d.u.i.k.p.i.AbstractProblemLoader Environment load took 79.81ns 
335914     INFO  main            d.u.i.k.p.i.AbstractProblemLoader Creating init config 
338624     DEBUG main            d.u.i.k.p.i.AbstractProblemLoader Init config took 2.71s 
338639     INFO  main            d.u.i.k.p.i.AbstractProblemLoader Replaying proof quadraticInEq4.key 
338640     DEBUG main            d.u.i.k.p.i.IntermediateProofReplayer Proof replay took 3.3ns 
338742     INFO  main            d.u.i.k.p.r.p.TestFile    ... finished proof: closed. 
339146     INFO  main            d.u.i.k.p.i.AbstractProblemLoader Loading environment from /home/runner/work/key/key/key.core/../key.ui/examples/standard_key/inEqSimp/quadraticInEq4.key.proof 
339146     DEBUG main            d.u.i.k.p.i.AbstractProblemLoader Environment load took 115.31ns 
339147     INFO  main            d.u.i.k.p.i.AbstractProblemLoader Creating init config 
341786     DEBUG main            d.u.i.k.p.i.AbstractProblemLoader Init config took 2.64s 
341801     INFO  main            d.u.i.k.p.i.AbstractProblemLoader Replaying proof quadraticInEq4.key.proof 
341806     DEBUG main            d.u.i.k.p.i.IntermediateProofReplayer Proof replay took 2.91ms 
341807     DEBUG main            d.u.i.k.p.r.p.TestFile    ... success: reloaded. 
341807     INFO  main            d.u.i.k.p.r.p.TestFile    Now processing file /home/runner/work/key/key/key.core/../key.ui/examples/standard_key/inEqSimp/quadraticInEq5.key 
341808     INFO  main            d.u.i.k.p.i.AbstractProblemLoader Loading environment from /home/runner/work/key/key/key.core/../key.ui/examples/standard_key/inEqSimp/quadraticInEq5.key 
341808     DEBUG main            d.u.i.k.p.i.AbstractProblemLoader Environment load took 93.81ns 
341809     INFO  main            d.u.i.k.p.i.AbstractProblemLoader Creating init config 
344508     DEBUG main            d.u.i.k.p.i.AbstractProblemLoader Init config took 2.7s 
344523     INFO  main            d.u.i.k.p.i.AbstractProblemLoader Replaying proof quadraticInEq5.key 
344525     DEBUG main            d.u.i.k.p.i.IntermediateProofReplayer Proof replay took 3.5ns 
344628     INFO  main            d.u.i.k.p.r.p.TestFile    ... finished proof: closed. 
345032     INFO  main            d.u.i.k.p.i.AbstractProblemLoader Loading environment from /home/runner/work/key/key/key.core/../key.ui/examples/standard_key/inEqSimp/quadraticInEq5.key.proof 
345032     DEBUG main            d.u.i.k.p.i.AbstractProblemLoader Environment load took 109.61ns 
345033     INFO  main            d.u.i.k.p.i.AbstractProblemLoader Creating init config 
347724     DEBUG main            d.u.i.k.p.i.AbstractProblemLoader Init config took 2.69s 
347740     INFO  main            d.u.i.k.p.i.AbstractProblemLoader Replaying proof quadraticInEq5.key.proof 
347745     DEBUG main            d.u.i.k.p.i.IntermediateProofReplayer Proof replay took 3.14ms 
347746     DEBUG main            d.u.i.k.p.r.p.TestFile    ... success: reloaded. 
347747     INFO  main            d.u.i.k.p.r.p.TestFile    Now processing file /home/runner/work/key/key/key.core/../key.ui/examples/standard_key/inEqSimp/quadraticInEq6.key 
347747     INFO  main            d.u.i.k.p.i.AbstractProblemLoader Loading environment from /home/runner/work/key/key/key.core/../key.ui/examples/standard_key/inEqSimp/quadraticInEq6.key 
347747     DEBUG main            d.u.i.k.p.i.AbstractProblemLoader Environment load took 63ns 
347748     INFO  main            d.u.i.k.p.i.AbstractProblemLoader Creating init config 
350514     DEBUG main            d.u.i.k.p.i.AbstractProblemLoader Init config took 2.77s 
350532     INFO  main            d.u.i.k.p.i.AbstractProblemLoader Replaying proof quadraticInEq6.key 
350533     DEBUG main            d.u.i.k.p.i.IntermediateProofReplayer Proof replay took 3.9ns 
350636     INFO  main            d.u.i.k.p.r.p.TestFile    ... finished proof: closed. 
351047     INFO  main            d.u.i.k.p.i.AbstractProblemLoader Loading environment from /home/runner/work/key/key/key.core/../key.ui/examples/standard_key/inEqSimp/quadraticInEq6.key.proof 
351047     DEBUG main            d.u.i.k.p.i.AbstractProblemLoader Environment load took 129.51ns 
351048     INFO  main            d.u.i.k.p.i.AbstractProblemLoader Creating init config 
353709     DEBUG main            d.u.i.k.p.i.AbstractProblemLoader Init config took 2.66s 
353724     INFO  main            d.u.i.k.p.i.AbstractProblemLoader Replaying proof quadraticInEq6.key.proof 
353730     DEBUG main            d.u.i.k.p.i.IntermediateProofReplayer Proof replay took 3.55ms 
353730     DEBUG main            d.u.i.k.p.r.p.TestFile    ... success: reloaded. 
353731     INFO  main            d.u.i.k.p.r.p.TestFile    Now processing file /home/runner/work/key/key/key.core/../key.ui/examples/standard_key/inEqSimp/quadraticInEq7.key 
353731     INFO  main            d.u.i.k.p.i.AbstractProblemLoader Loading environment from /home/runner/work/key/key/key.core/../key.ui/examples/standard_key/inEqSimp/quadraticInEq7.key 
353731     DEBUG main            d.u.i.k.p.i.AbstractProblemLoader Environment load took 57.9ns 
353732     INFO  main            d.u.i.k.p.i.AbstractProblemLoader Creating init config 
356412     DEBUG main            d.u.i.k.p.i.AbstractProblemLoader Init config took 2.68s 
356427     INFO  main            d.u.i.k.p.i.AbstractProblemLoader Replaying proof quadraticInEq7.key 
356429     DEBUG main            d.u.i.k.p.i.IntermediateProofReplayer Proof replay took 3.2ns 
356530     INFO  main            d.u.i.k.p.r.p.TestFile    ... finished proof: closed. 
356956     INFO  main            d.u.i.k.p.i.AbstractProblemLoader Loading environment from /home/runner/work/key/key/key.core/../key.ui/examples/standard_key/inEqSimp/quadraticInEq7.key.proof 
356956     DEBUG main            d.u.i.k.p.i.AbstractProblemLoader Environment load took 111.51ns 
356957     INFO  main            d.u.i.k.p.i.AbstractProblemLoader Creating init config 
359580     DEBUG main            d.u.i.k.p.i.AbstractProblemLoader Init config took 2.62s 
359595     INFO  main            d.u.i.k.p.i.AbstractProblemLoader Replaying proof quadraticInEq7.key.proof 
359598     DEBUG main            d.u.i.k.p.i.IntermediateProofReplayer Proof replay took 1.69ms 
359599     DEBUG main            d.u.i.k.p.r.p.TestFile    ... success: reloaded. 
359600     INFO  main            d.u.i.k.p.r.p.TestFile    Now processing file /home/runner/work/key/key/key.core/../key.ui/examples/standard_key/inEqSimp/quadraticInEq8.key 
359600     INFO  main            d.u.i.k.p.i.AbstractProblemLoader Loading environment from /home/runner/work/key/key/key.core/../key.ui/examples/standard_key/inEqSimp/quadraticInEq8.key 
359600     DEBUG main            d.u.i.k.p.i.AbstractProblemLoader Environment load took 92.31ns 
359601     INFO  main            d.u.i.k.p.i.AbstractProblemLoader Creating init config 
362295     DEBUG main            d.u.i.k.p.i.AbstractProblemLoader Init config took 2.69s 
362310     INFO  main            d.u.i.k.p.i.AbstractProblemLoader Replaying proof quadraticInEq8.key 
362312     DEBUG main            d.u.i.k.p.i.IntermediateProofReplayer Proof replay took 3.1ns 
362415     INFO  main            d.u.i.k.p.r.p.TestFile    ... finished proof: closed. 
362830     INFO  main            d.u.i.k.p.i.AbstractProblemLoader Loading environment from /home/runner/work/key/key/key.core/../key.ui/examples/standard_key/inEqSimp/quadraticInEq8.key.proof 
362830     DEBUG main            d.u.i.k.p.i.AbstractProblemLoader Environment load took 97.81ns 
362832     INFO  main            d.u.i.k.p.i.AbstractProblemLoader Creating init config 
365454     DEBUG main            d.u.i.k.p.i.AbstractProblemLoader Init config took 2.62s 
365469     INFO  main            d.u.i.k.p.i.AbstractProblemLoader Replaying proof quadraticInEq8.key.proof 
365476     DEBUG main            d.u.i.k.p.i.IntermediateProofReplayer Proof replay took 4.7ms 
365477     DEBUG main            d.u.i.k.p.r.p.TestFile    ... success: reloaded. 
365478     INFO  main            d.u.i.k.p.r.p.TestFile    Now processing file /home/runner/work/key/key/key.core/../key.ui/examples/standard_key/inEqSimp/simplify0.key 
365478     INFO  main            d.u.i.k.p.i.AbstractProblemLoader Loading environment from /home/runner/work/key/key/key.core/../key.ui/examples/standard_key/inEqSimp/simplify0.key 
365478     DEBUG main            d.u.i.k.p.i.AbstractProblemLoader Environment load took 92.41ns 
365479     INFO  main            d.u.i.k.p.i.AbstractProblemLoader Creating init config 
368217     DEBUG main            d.u.i.k.p.i.AbstractProblemLoader Init config took 2.74s 
368234     INFO  main            d.u.i.k.p.i.AbstractProblemLoader Replaying proof simplify0.key 
368235     DEBUG main            d.u.i.k.p.i.IntermediateProofReplayer Proof replay took 3.1ns 
368337     INFO  main            d.u.i.k.p.r.p.TestFile    ... finished proof: closed. 
368759     INFO  main            d.u.i.k.p.i.AbstractProblemLoader Loading environment from /home/runner/work/key/key/key.core/../key.ui/examples/standard_key/inEqSimp/simplify0.key.proof 
368759     DEBUG main            d.u.i.k.p.i.AbstractProblemLoader Environment load took 108.21ns 
368760     INFO  main            d.u.i.k.p.i.AbstractProblemLoader Creating init config 
371424     DEBUG main            d.u.i.k.p.i.AbstractProblemLoader Init config took 2.66s 
371451     INFO  main            d.u.i.k.p.i.AbstractProblemLoader Replaying proof simplify0.key.proof 
371453     DEBUG main            d.u.i.k.p.i.IntermediateProofReplayer Proof replay took 850.35ns 
371454     DEBUG main            d.u.i.k.p.r.p.TestFile    ... success: reloaded. 
371455     INFO  main            d.u.i.k.p.r.p.TestFile    Now processing file /home/runner/work/key/key/key.core/../key.ui/examples/standard_key/inEqSimp/simplify1.key 
371455     INFO  main            d.u.i.k.p.i.AbstractProblemLoader Loading environment from /home/runner/work/key/key/key.core/../key.ui/examples/standard_key/inEqSimp/simplify1.key 
371455     DEBUG main            d.u.i.k.p.i.AbstractProblemLoader Environment load took 51.5ns 
371456     INFO  main            d.u.i.k.p.i.AbstractProblemLoader Creating init config 
374204     DEBUG main            d.u.i.k.p.i.AbstractProblemLoader Init config took 2.75s 
374220     INFO  main            d.u.i.k.p.i.AbstractProblemLoader Replaying proof simplify1.key 
374221     DEBUG main            d.u.i.k.p.i.IntermediateProofReplayer Proof replay took 3.6ns 
374325     INFO  main            d.u.i.k.p.r.p.TestFile    ... finished proof: closed. 
374748     INFO  main            d.u.i.k.p.i.AbstractProblemLoader Loading environment from /home/runner/work/key/key/key.core/../key.ui/examples/standard_key/inEqSimp/simplify1.key.proof 
374748     DEBUG main            d.u.i.k.p.i.AbstractProblemLoader Environment load took 108.31ns 
374749     INFO  main            d.u.i.k.p.i.AbstractProblemLoader Creating init config 
377377     DEBUG main            d.u.i.k.p.i.AbstractProblemLoader Init config took 2.63s 
377406     INFO  main            d.u.i.k.p.i.AbstractProblemLoader Replaying proof simplify1.key.proof 
377408     DEBUG main            d.u.i.k.p.i.IntermediateProofReplayer Proof replay took 913.46ns 
377409     DEBUG main            d.u.i.k.p.r.p.TestFile    ... success: reloaded. 
377409     INFO  main            d.u.i.k.p.r.p.TestFile    Now processing file /home/runner/work/key/key/key.core/../key.ui/examples/standard_key/inEqSimp/simplify2.key 
377410     INFO  main            d.u.i.k.p.i.AbstractProblemLoader Loading environment from /home/runner/work/key/key/key.core/../key.ui/examples/standard_key/inEqSimp/simplify2.key 
377410     DEBUG main            d.u.i.k.p.i.AbstractProblemLoader Environment load took 52.9ns 
377411     INFO  main            d.u.i.k.p.i.AbstractProblemLoader Creating init config 
380127     DEBUG main            d.u.i.k.p.i.AbstractProblemLoader Init config took 2.72s 
380143     INFO  main            d.u.i.k.p.i.AbstractProblemLoader Replaying proof simplify2.key 
380144     DEBUG main            d.u.i.k.p.i.IntermediateProofReplayer Proof replay took 3.2ns 
380246     INFO  main            d.u.i.k.p.r.p.TestFile    ... finished proof: closed. 
380695     INFO  main            d.u.i.k.p.i.AbstractProblemLoader Loading environment from /home/runner/work/key/key/key.core/../key.ui/examples/standard_key/inEqSimp/simplify2.key.proof 
380695     DEBUG main            d.u.i.k.p.i.AbstractProblemLoader Environment load took 101.31ns 
380696     INFO  main            d.u.i.k.p.i.AbstractProblemLoader Creating init config 
383353     DEBUG main            d.u.i.k.p.i.AbstractProblemLoader Init config took 2.66s 
383367     INFO  main            d.u.i.k.p.i.AbstractProblemLoader Replaying proof simplify2.key.proof 
383379     DEBUG main            d.u.i.k.p.i.IntermediateProofReplayer Proof replay took 8.55ms 
383380     DEBUG main            d.u.i.k.p.r.p.TestFile    ... success: reloaded. 
383380     INFO  main            d.u.i.k.p.r.p.TestFile    Now processing file /home/runner/work/key/key/key.core/../key.ui/examples/standard_key/inEqSimp/simplify3.key 
383380     INFO  main            d.u.i.k.p.i.AbstractProblemLoader Loading environment from /home/runner/work/key/key/key.core/../key.ui/examples/standard_key/inEqSimp/simplify3.key 
383380     DEBUG main            d.u.i.k.p.i.AbstractProblemLoader Environment load took 66.1ns 
383381     INFO  main            d.u.i.k.p.i.AbstractProblemLoader Creating init config 
386126     DEBUG main            d.u.i.k.p.i.AbstractProblemLoader Init config took 2.74s 
386141     INFO  main            d.u.i.k.p.i.AbstractProblemLoader Replaying proof simplify3.key 
386143     DEBUG main            d.u.i.k.p.i.IntermediateProofReplayer Proof replay took 2.8ns 
386244     INFO  main            d.u.i.k.p.r.p.TestFile    ... finished proof: closed. 
386699     INFO  main            d.u.i.k.p.i.AbstractProblemLoader Loading environment from /home/runner/work/key/key/key.core/../key.ui/examples/standard_key/inEqSimp/simplify3.key.proof 
386699     DEBUG main            d.u.i.k.p.i.AbstractProblemLoader Environment load took 101.71ns 
386700     INFO  main            d.u.i.k.p.i.AbstractProblemLoader Creating init config 
389391     DEBUG main            d.u.i.k.p.i.AbstractProblemLoader Init config took 2.69s 
389406     INFO  main            d.u.i.k.p.i.AbstractProblemLoader Replaying proof simplify3.key.proof 
389409     DEBUG main            d.u.i.k.p.i.IntermediateProofReplayer Proof replay took 1.64ms 
389410     DEBUG main            d.u.i.k.p.r.p.TestFile    ... success: reloaded. 
389411     INFO  main            d.u.i.k.p.r.p.TestFile    Now processing file /home/runner/work/key/key/key.core/../key.ui/examples/standard_key/inEqSimp/simplify4.key 
389411     INFO  main            d.u.i.k.p.i.AbstractProblemLoader Loading environment from /home/runner/work/key/key/key.core/../key.ui/examples/standard_key/inEqSimp/simplify4.key 
389412     DEBUG main            d.u.i.k.p.i.AbstractProblemLoader Environment load took 199.51ns 
389413     INFO  main            d.u.i.k.p.i.AbstractProblemLoader Creating init config 
392127     DEBUG main            d.u.i.k.p.i.AbstractProblemLoader Init config took 2.71s 
392142     INFO  main            d.u.i.k.p.i.AbstractProblemLoader Replaying proof simplify4.key 
392143     DEBUG main            d.u.i.k.p.i.IntermediateProofReplayer Proof replay took 2.6ns 
392245     INFO  main            d.u.i.k.p.r.p.TestFile    ... finished proof: closed. 
392721     INFO  main            d.u.i.k.p.i.AbstractProblemLoader Loading environment from /home/runner/work/key/key/key.core/../key.ui/examples/standard_key/inEqSimp/simplify4.key.proof 
392722     DEBUG main            d.u.i.k.p.i.AbstractProblemLoader Environment load took 131.31ns 
392723     INFO  main            d.u.i.k.p.i.AbstractProblemLoader Creating init config 
395331     DEBUG main            d.u.i.k.p.i.AbstractProblemLoader Init config took 2.61s 
395347     INFO  main            d.u.i.k.p.i.AbstractProblemLoader Replaying proof simplify4.key.proof 
395355     DEBUG main            d.u.i.k.p.i.IntermediateProofReplayer Proof replay took 5.64ms 
395356     DEBUG main            d.u.i.k.p.r.p.TestFile    ... success: reloaded. 
395357     INFO  main            d.u.i.k.p.r.p.TestFile    Now processing file /home/runner/work/key/key/key.core/../key.ui/examples/standard_key/inEqSimp/simplify5.key 
395357     INFO  main            d.u.i.k.p.i.AbstractProblemLoader Loading environment from /home/runner/work/key/key/key.core/../key.ui/examples/standard_key/inEqSimp/simplify5.key 
395357     DEBUG main            d.u.i.k.p.i.AbstractProblemLoader Environment load took 97.61ns 
395358     INFO  main            d.u.i.k.p.i.AbstractProblemLoader Creating init config 
397970     DEBUG main            d.u.i.k.p.i.AbstractProblemLoader Init config took 2.61s 
397986     INFO  main            d.u.i.k.p.i.AbstractProblemLoader Replaying proof simplify5.key 
397987     DEBUG main            d.u.i.k.p.i.IntermediateProofReplayer Proof replay took 3.1ns 
398592     INFO  main            d.u.i.k.p.r.p.TestFile    ... finished proof: closed. 
399089     INFO  main            d.u.i.k.p.i.AbstractProblemLoader Loading environment from /home/runner/work/key/key/key.core/../key.ui/examples/standard_key/inEqSimp/simplify5.key.proof 
399090     DEBUG main            d.u.i.k.p.i.AbstractProblemLoader Environment load took 526.33ns 
399091     INFO  main            d.u.i.k.p.i.AbstractProblemLoader Creating init config 
401759     DEBUG main            d.u.i.k.p.i.AbstractProblemLoader Init config took 2.67s 
401775     INFO  main            d.u.i.k.p.i.AbstractProblemLoader Replaying proof simplify5.key.proof 
401819     DEBUG main            d.u.i.k.p.i.IntermediateProofReplayer Proof replay took 39.03ms 
401821     DEBUG main            d.u.i.k.p.r.p.TestFile    ... success: reloaded. 
401822     INFO  main            d.u.i.k.p.r.p.TestFile    Now processing file /home/runner/work/key/key/key.core/../key.ui/examples/standard_key/inEqSimp/subsumptionExample.key 
401822     INFO  main            d.u.i.k.p.i.AbstractProblemLoader Loading environment from /home/runner/work/key/key/key.core/../key.ui/examples/standard_key/inEqSimp/subsumptionExample.key 
401822     DEBUG main            d.u.i.k.p.i.AbstractProblemLoader Environment load took 79.7ns 
401823     INFO  main            d.u.i.k.p.i.AbstractProblemLoader Creating init config 
404645     DEBUG main            d.u.i.k.p.i.AbstractProblemLoader Init config took 2.82s 
404660     INFO  main            d.u.i.k.p.i.AbstractProblemLoader Replaying proof subsumptionExample.key 
404661     DEBUG main            d.u.i.k.p.i.IntermediateProofReplayer Proof replay took 3ns 
404763     INFO  main            d.u.i.k.p.r.p.TestFile    ... finished proof: closed. 
405241     INFO  main            d.u.i.k.p.i.AbstractProblemLoader Loading environment from /home/runner/work/key/key/key.core/../key.ui/examples/standard_key/inEqSimp/subsumptionExample.key.proof 
405241     DEBUG main            d.u.i.k.p.i.AbstractProblemLoader Environment load took 106.91ns 
405242     INFO  main            d.u.i.k.p.i.AbstractProblemLoader Creating init config 
407972     DEBUG main            d.u.i.k.p.i.AbstractProblemLoader Init config took 2.73s 
407987     INFO  main            d.u.i.k.p.i.AbstractProblemLoader Replaying proof subsumptionExample.key.proof 
407989     DEBUG main            d.u.i.k.p.i.IntermediateProofReplayer Proof replay took 663.64ns 
407989     DEBUG main            d.u.i.k.p.r.p.TestFile    ... success: reloaded. 
407990     INFO  main            d.u.i.k.p.r.p.TestFile    Now processing file /home/runner/work/key/key/key.core/../key.ui/examples/standard_key/polySimp/simplify0.key 
407990     INFO  main            d.u.i.k.p.i.AbstractProblemLoader Loading environment from /home/runner/work/key/key/key.core/../key.ui/examples/standard_key/polySimp/simplify0.key 
407990     DEBUG main            d.u.i.k.p.i.AbstractProblemLoader Environment load took 65.5ns 
407991     INFO  main            d.u.i.k.p.i.AbstractProblemLoader Creating init config 
410649     DEBUG main            d.u.i.k.p.i.AbstractProblemLoader Init config took 2.66s 
410669     INFO  main            d.u.i.k.p.i.AbstractProblemLoader Replaying proof simplify0.key 
410670     DEBUG main            d.u.i.k.p.i.IntermediateProofReplayer Proof replay took 3ns 
410873     INFO  main            d.u.i.k.p.r.p.TestFile    ... finished proof: closed. 
411352     INFO  main            d.u.i.k.p.i.AbstractProblemLoader Loading environment from /home/runner/work/key/key/key.core/../key.ui/examples/standard_key/polySimp/simplify0.key.proof 
411352     DEBUG main            d.u.i.k.p.i.AbstractProblemLoader Environment load took 98.81ns 
411353     INFO  main            d.u.i.k.p.i.AbstractProblemLoader Creating init config 
413983     DEBUG main            d.u.i.k.p.i.AbstractProblemLoader Init config took 2.63s 
414000     INFO  main            d.u.i.k.p.i.AbstractProblemLoader Replaying proof simplify0.key.proof 
414011     DEBUG main            d.u.i.k.p.i.IntermediateProofReplayer Proof replay took 5.64ms 
414012     DEBUG main            d.u.i.k.p.r.p.TestFile    ... success: reloaded. 
414013     INFO  main            d.u.i.k.p.r.p.TestFile    Now processing file /home/runner/work/key/key/key.core/../key.ui/examples/standard_key/polySimp/simplify1.key 
414014     INFO  main            d.u.i.k.p.i.AbstractProblemLoader Loading environment from /home/runner/work/key/key/key.core/../key.ui/examples/standard_key/polySimp/simplify1.key 
414014     DEBUG main            d.u.i.k.p.i.AbstractProblemLoader Environment load took 72ns 
414016     INFO  main            d.u.i.k.p.i.AbstractProblemLoader Creating init config 
416701     DEBUG main            d.u.i.k.p.i.AbstractProblemLoader Init config took 2.69s 
416717     INFO  main            d.u.i.k.p.i.AbstractProblemLoader Replaying proof simplify1.key 
416719     DEBUG main            d.u.i.k.p.i.IntermediateProofReplayer Proof replay took 3.7ns 
417122     INFO  main            d.u.i.k.p.r.p.TestFile    ... finished proof: closed. 
417623     INFO  main            d.u.i.k.p.i.AbstractProblemLoader Loading environment from /home/runner/work/key/key/key.core/../key.ui/examples/standard_key/polySimp/simplify1.key.proof 
417623     DEBUG main            d.u.i.k.p.i.AbstractProblemLoader Environment load took 96.51ns 
417625     INFO  main            d.u.i.k.p.i.AbstractProblemLoader Creating init config 
420235     DEBUG main            d.u.i.k.p.i.AbstractProblemLoader Init config took 2.61s 
420251     INFO  main            d.u.i.k.p.i.AbstractProblemLoader Replaying proof simplify1.key.proof 
420261     DEBUG main            d.u.i.k.p.i.IntermediateProofReplayer Proof replay took 7.2ms 
420262     DEBUG main            d.u.i.k.p.r.p.TestFile    ... success: reloaded. 
420263     INFO  main            d.u.i.k.p.r.p.TestFile    Now processing file /home/runner/work/key/key/key.core/../key.ui/examples/standard_key/polySimp/simplify10.key 
420263     INFO  main            d.u.i.k.p.i.AbstractProblemLoader Loading environment from /home/runner/work/key/key/key.core/../key.ui/examples/standard_key/polySimp/simplify10.key 
420264     DEBUG main            d.u.i.k.p.i.AbstractProblemLoader Environment load took 206.41ns 
420265     INFO  main            d.u.i.k.p.i.AbstractProblemLoader Creating init config 
422933     DEBUG main            d.u.i.k.p.i.AbstractProblemLoader Init config took 2.67s 
422949     INFO  main            d.u.i.k.p.i.AbstractProblemLoader Replaying proof simplify10.key 
422950     DEBUG main            d.u.i.k.p.i.IntermediateProofReplayer Proof replay took 2.9ns 
423253     INFO  main            d.u.i.k.p.r.p.TestFile    ... finished proof: closed. 
423766     INFO  main            d.u.i.k.p.i.AbstractProblemLoader Loading environment from /home/runner/work/key/key/key.core/../key.ui/examples/standard_key/polySimp/simplify10.key.proof 
423766     DEBUG main            d.u.i.k.p.i.AbstractProblemLoader Environment load took 109.51ns 
423768     INFO  main            d.u.i.k.p.i.AbstractProblemLoader Creating init config 
426371     DEBUG main            d.u.i.k.p.i.AbstractProblemLoader Init config took 2.6s 
426388     INFO  main            d.u.i.k.p.i.AbstractProblemLoader Replaying proof simplify10.key.proof 
426400     DEBUG main            d.u.i.k.p.i.IntermediateProofReplayer Proof replay took 9.52ms 
426401     DEBUG main            d.u.i.k.p.r.p.TestFile    ... success: reloaded. 
426402     INFO  main            d.u.i.k.p.r.p.TestFile    Now processing file /home/runner/work/key/key/key.core/../key.ui/examples/standard_key/polySimp/simplify11.key 
426402     INFO  main            d.u.i.k.p.i.AbstractProblemLoader Loading environment from /home/runner/work/key/key/key.core/../key.ui/examples/standard_key/polySimp/simplify11.key 
426402     DEBUG main            d.u.i.k.p.i.AbstractProblemLoader Environment load took 48.6ns 
426403     INFO  main            d.u.i.k.p.i.AbstractProblemLoader Creating init config 
429060     DEBUG main            d.u.i.k.p.i.AbstractProblemLoader Init config took 2.66s 
429075     INFO  main            d.u.i.k.p.i.AbstractProblemLoader Replaying proof simplify11.key 
429076     DEBUG main            d.u.i.k.p.i.IntermediateProofReplayer Proof replay took 3.3ns 
429381     INFO  main            d.u.i.k.p.r.p.TestFile    ... finished proof: closed. 
429913     INFO  main            d.u.i.k.p.i.AbstractProblemLoader Loading environment from /home/runner/work/key/key/key.core/../key.ui/examples/standard_key/polySimp/simplify11.key.proof 
429913     DEBUG main            d.u.i.k.p.i.AbstractProblemLoader Environment load took 124.51ns 
429916     INFO  main            d.u.i.k.p.i.AbstractProblemLoader Creating init config 
432632     DEBUG main            d.u.i.k.p.i.AbstractProblemLoader Init config took 2.72s 
432650     INFO  main            d.u.i.k.p.i.AbstractProblemLoader Replaying proof simplify11.key.proof 
432662     DEBUG main            d.u.i.k.p.i.IntermediateProofReplayer Proof replay took 9.33ms 
432663     DEBUG main            d.u.i.k.p.r.p.TestFile    ... success: reloaded. 
432664     INFO  main            d.u.i.k.p.r.p.TestFile    Now processing file /home/runner/work/key/key/key.core/../key.ui/examples/standard_key/polySimp/simplify12.key 
432664     INFO  main            d.u.i.k.p.i.AbstractProblemLoader Loading environment from /home/runner/work/key/key/key.core/../key.ui/examples/standard_key/polySimp/simplify12.key 
432664     DEBUG main            d.u.i.k.p.i.AbstractProblemLoader Environment load took 51.4ns 
432665     INFO  main            d.u.i.k.p.i.AbstractProblemLoader Creating init config 
435320     DEBUG main            d.u.i.k.p.i.AbstractProblemLoader Init config took 2.66s 
435335     INFO  main            d.u.i.k.p.i.AbstractProblemLoader Replaying proof simplify12.key 
435336     DEBUG main            d.u.i.k.p.i.IntermediateProofReplayer Proof replay took 2.6ns 
435438     INFO  main            d.u.i.k.p.r.p.TestFile    ... finished proof: closed. 
435982     INFO  main            d.u.i.k.p.i.AbstractProblemLoader Loading environment from /home/runner/work/key/key/key.core/../key.ui/examples/standard_key/polySimp/simplify12.key.proof 
435982     DEBUG main            d.u.i.k.p.i.AbstractProblemLoader Environment load took 109.21ns 
435983     INFO  main            d.u.i.k.p.i.AbstractProblemLoader Creating init config 
438638     DEBUG main            d.u.i.k.p.i.AbstractProblemLoader Init config took 2.65s 
438652     INFO  main            d.u.i.k.p.i.AbstractProblemLoader Replaying proof simplify12.key.proof 
438658     DEBUG main            d.u.i.k.p.i.IntermediateProofReplayer Proof replay took 4.01ms 
438659     DEBUG main            d.u.i.k.p.r.p.TestFile    ... success: reloaded. 
438660     INFO  main            d.u.i.k.p.r.p.TestFile    Now processing file /home/runner/work/key/key/key.core/../key.ui/examples/standard_key/polySimp/simplify13.key 
438660     INFO  main            d.u.i.k.p.i.AbstractProblemLoader Loading environment from /home/runner/work/key/key/key.core/../key.ui/examples/standard_key/polySimp/simplify13.key 
438660     DEBUG main            d.u.i.k.p.i.AbstractProblemLoader Environment load took 58ns 
438661     INFO  main            d.u.i.k.p.i.AbstractProblemLoader Creating init config 
441339     DEBUG main            d.u.i.k.p.i.AbstractProblemLoader Init config took 2.68s 
441354     INFO  main            d.u.i.k.p.i.AbstractProblemLoader Replaying proof simplify13.key 
441355     DEBUG main            d.u.i.k.p.i.IntermediateProofReplayer Proof replay took 2.6ns 
441457     INFO  main            d.u.i.k.p.r.p.TestFile    ... finished proof: closed. 
441959     INFO  main            d.u.i.k.p.i.AbstractProblemLoader Loading environment from /home/runner/work/key/key/key.core/../key.ui/examples/standard_key/polySimp/simplify13.key.proof 
441959     DEBUG main            d.u.i.k.p.i.AbstractProblemLoader Environment load took 87.21ns 
441960     INFO  main            d.u.i.k.p.i.AbstractProblemLoader Creating init config 
444594     DEBUG main            d.u.i.k.p.i.AbstractProblemLoader Init config took 2.63s 
444610     INFO  main            d.u.i.k.p.i.AbstractProblemLoader Replaying proof simplify13.key.proof 
444617     DEBUG main            d.u.i.k.p.i.IntermediateProofReplayer Proof replay took 5.35ms 
444618     DEBUG main            d.u.i.k.p.r.p.TestFile    ... success: reloaded. 
444619     INFO  main            d.u.i.k.p.r.p.TestFile    Now processing file /home/runner/work/key/key/key.core/../key.ui/examples/standard_key/polySimp/simplify14.key 
444619     INFO  main            d.u.i.k.p.i.AbstractProblemLoader Loading environment from /home/runner/work/key/key/key.core/../key.ui/examples/standard_key/polySimp/simplify14.key 
444619     DEBUG main            d.u.i.k.p.i.AbstractProblemLoader Environment load took 111.01ns 
444621     INFO  main            d.u.i.k.p.i.AbstractProblemLoader Creating init config 
447270     DEBUG main            d.u.i.k.p.i.AbstractProblemLoader Init config took 2.65s 
447286     INFO  main            d.u.i.k.p.i.AbstractProblemLoader Replaying proof simplify14.key 
447288     DEBUG main            d.u.i.k.p.i.IntermediateProofReplayer Proof replay took 4.1ns 
447390     INFO  main            d.u.i.k.p.r.p.TestFile    ... finished proof: closed. 
447895     INFO  main            d.u.i.k.p.i.AbstractProblemLoader Loading environment from /home/runner/work/key/key/key.core/../key.ui/examples/standard_key/polySimp/simplify14.key.proof 
447895     DEBUG main            d.u.i.k.p.i.AbstractProblemLoader Environment load took 85.21ns 
447896     INFO  main            d.u.i.k.p.i.AbstractProblemLoader Creating init config 
450478     DEBUG main            d.u.i.k.p.i.AbstractProblemLoader Init config took 2.58s 
450494     INFO  main            d.u.i.k.p.i.AbstractProblemLoader Replaying proof simplify14.key.proof 
450496     DEBUG main            d.u.i.k.p.i.IntermediateProofReplayer Proof replay took 498.94ns 
450497     DEBUG main            d.u.i.k.p.r.p.TestFile    ... success: reloaded. 
450498     INFO  main            d.u.i.k.p.r.p.TestFile    Now processing file /home/runner/work/key/key/key.core/../key.ui/examples/standard_key/polySimp/simplify15.key 
450498     INFO  main            d.u.i.k.p.i.AbstractProblemLoader Loading environment from /home/runner/work/key/key/key.core/../key.ui/examples/standard_key/polySimp/simplify15.key 
450498     DEBUG main            d.u.i.k.p.i.AbstractProblemLoader Environment load took 49.6ns 
450499     INFO  main            d.u.i.k.p.i.AbstractProblemLoader Creating init config 
453199     DEBUG main            d.u.i.k.p.i.AbstractProblemLoader Init config took 2.7s 
453213     INFO  main            d.u.i.k.p.i.AbstractProblemLoader Replaying proof simplify15.key 
453215     DEBUG main            d.u.i.k.p.i.IntermediateProofReplayer Proof replay took 3ns 
453316     INFO  main            d.u.i.k.p.r.p.TestFile    ... finished proof: closed. 
453844     INFO  main            d.u.i.k.p.i.AbstractProblemLoader Loading environment from /home/runner/work/key/key/key.core/../key.ui/examples/standard_key/polySimp/simplify15.key.proof 
453844     DEBUG main            d.u.i.k.p.i.AbstractProblemLoader Environment load took 92.11ns 
453845     INFO  main            d.u.i.k.p.i.AbstractProblemLoader Creating init config 
456494     DEBUG main            d.u.i.k.p.i.AbstractProblemLoader Init config took 2.65s 
456510     INFO  main            d.u.i.k.p.i.AbstractProblemLoader Replaying proof simplify15.key.proof 
456512     DEBUG main            d.u.i.k.p.i.IntermediateProofReplayer Proof replay took 352.25ns 
456512     DEBUG main            d.u.i.k.p.r.p.TestFile    ... success: reloaded. 
456513     INFO  main            d.u.i.k.p.r.p.TestFile    Now processing file /home/runner/work/key/key/key.core/../key.ui/examples/standard_key/polySimp/simplify16.key 
456513     INFO  main            d.u.i.k.p.i.AbstractProblemLoader Loading environment from /home/runner/work/key/key/key.core/../key.ui/examples/standard_key/polySimp/simplify16.key 
456514     DEBUG main            d.u.i.k.p.i.AbstractProblemLoader Environment load took 113.52ns 
456514     INFO  main            d.u.i.k.p.i.AbstractProblemLoader Creating init config 
459261     DEBUG main            d.u.i.k.p.i.AbstractProblemLoader Init config took 2.75s 
459276     INFO  main            d.u.i.k.p.i.AbstractProblemLoader Replaying proof simplify16.key 
459277     DEBUG main            d.u.i.k.p.i.IntermediateProofReplayer Proof replay took 2.8ns 
459379     INFO  main            d.u.i.k.p.r.p.TestFile    ... finished proof: closed. 
459897     INFO  main            d.u.i.k.p.i.AbstractProblemLoader Loading environment from /home/runner/work/key/key/key.core/../key.ui/examples/standard_key/polySimp/simplify16.key.proof 
459897     DEBUG main            d.u.i.k.p.i.AbstractProblemLoader Environment load took 90.81ns 
459898     INFO  main            d.u.i.k.p.i.AbstractProblemLoader Creating init config 
462494     DEBUG main            d.u.i.k.p.i.AbstractProblemLoader Init config took 2.6s 
462508     INFO  main            d.u.i.k.p.i.AbstractProblemLoader Replaying proof simplify16.key.proof 
462510     DEBUG main            d.u.i.k.p.i.IntermediateProofReplayer Proof replay took 247.51ns 
462511     DEBUG main            d.u.i.k.p.r.p.TestFile    ... success: reloaded. 
462511     INFO  main            d.u.i.k.p.r.p.TestFile    Now processing file /home/runner/work/key/key/key.core/../key.ui/examples/standard_key/polySimp/simplify17.key 
462511     INFO  main            d.u.i.k.p.i.AbstractProblemLoader Loading environment from /home/runner/work/key/key/key.core/../key.ui/examples/standard_key/polySimp/simplify17.key 
462511     DEBUG main            d.u.i.k.p.i.AbstractProblemLoader Environment load took 47.6ns 
462512     INFO  main            d.u.i.k.p.i.AbstractProblemLoader Creating init config 
465245     DEBUG main            d.u.i.k.p.i.AbstractProblemLoader Init config took 2.73s 
465260     INFO  main            d.u.i.k.p.i.AbstractProblemLoader Replaying proof simplify17.key 
465261     DEBUG main            d.u.i.k.p.i.IntermediateProofReplayer Proof replay took 2.6ns 
465362     INFO  main            d.u.i.k.p.r.p.TestFile    ... finished proof: closed. 
465893     INFO  main            d.u.i.k.p.i.AbstractProblemLoader Loading environment from /home/runner/work/key/key/key.core/../key.ui/examples/standard_key/polySimp/simplify17.key.proof 
465893     DEBUG main            d.u.i.k.p.i.AbstractProblemLoader Environment load took 96.02ns 
465894     INFO  main            d.u.i.k.p.i.AbstractProblemLoader Creating init config 
468611     DEBUG main            d.u.i.k.p.i.AbstractProblemLoader Init config took 2.72s 
468625     INFO  main            d.u.i.k.p.i.AbstractProblemLoader Replaying proof simplify17.key.proof 
468630     DEBUG main            d.u.i.k.p.i.IntermediateProofReplayer Proof replay took 3.19ms 
468631     DEBUG main            d.u.i.k.p.r.p.TestFile    ... success: reloaded. 
468631     INFO  main            d.u.i.k.p.r.p.TestFile    Now processing file /home/runner/work/key/key/key.core/../key.ui/examples/standard_key/polySimp/simplify18.key 
468631     INFO  main            d.u.i.k.p.i.AbstractProblemLoader Loading environment from /home/runner/work/key/key/key.core/../key.ui/examples/standard_key/polySimp/simplify18.key 
468631     DEBUG main            d.u.i.k.p.i.AbstractProblemLoader Environment load took 50ns 
468632     INFO  main            d.u.i.k.p.i.AbstractProblemLoader Creating init config 
471325     DEBUG main            d.u.i.k.p.i.AbstractProblemLoader Init config took 2.69s 
471340     INFO  main            d.u.i.k.p.i.AbstractProblemLoader Replaying proof simplify18.key 
471341     DEBUG main            d.u.i.k.p.i.IntermediateProofReplayer Proof replay took 3ns 
471544     INFO  main            d.u.i.k.p.r.p.TestFile    ... finished proof: closed. 
472095     INFO  main            d.u.i.k.p.i.AbstractProblemLoader Loading environment from /home/runner/work/key/key/key.core/../key.ui/examples/standard_key/polySimp/simplify18.key.proof 
472095     DEBUG main            d.u.i.k.p.i.AbstractProblemLoader Environment load took 93.83ns 
472096     INFO  main            d.u.i.k.p.i.AbstractProblemLoader Creating init config 
474725     DEBUG main            d.u.i.k.p.i.AbstractProblemLoader Init config took 2.63s 
474741     INFO  main            d.u.i.k.p.i.AbstractProblemLoader Replaying proof simplify18.key.proof 
474750     DEBUG main            d.u.i.k.p.i.IntermediateProofReplayer Proof replay took 7.01ms 
474751     DEBUG main            d.u.i.k.p.r.p.TestFile    ... success: reloaded. 
474752     INFO  main            d.u.i.k.p.r.p.TestFile    Now processing file /home/runner/work/key/key/key.core/../key.ui/examples/standard_key/polySimp/simplify19.key 
474752     INFO  main            d.u.i.k.p.i.AbstractProblemLoader Loading environment from /home/runner/work/key/key/key.core/../key.ui/examples/standard_key/polySimp/simplify19.key 
474752     DEBUG main            d.u.i.k.p.i.AbstractProblemLoader Environment load took 121.81ns 
474754     INFO  main            d.u.i.k.p.i.AbstractProblemLoader Creating init config 
477417     DEBUG main            d.u.i.k.p.i.AbstractProblemLoader Init config took 2.66s 
477432     INFO  main            d.u.i.k.p.i.AbstractProblemLoader Replaying proof simplify19.key 
477434     DEBUG main            d.u.i.k.p.i.IntermediateProofReplayer Proof replay took 2.8ns 
480964     INFO  main            d.u.i.k.p.r.p.TestFile    ... finished proof: closed. 
481549     INFO  main            d.u.i.k.p.i.AbstractProblemLoader Loading environment from /home/runner/work/key/key/key.core/../key.ui/examples/standard_key/polySimp/simplify19.key.proof 
481549     DEBUG main            d.u.i.k.p.i.AbstractProblemLoader Environment load took 100.71ns 
481551     INFO  main            d.u.i.k.p.i.AbstractProblemLoader Creating init config 
484152     DEBUG main            d.u.i.k.p.i.AbstractProblemLoader Init config took 2.6s 
484172     INFO  main            d.u.i.k.p.i.AbstractProblemLoader Replaying proof simplify19.key.proof 
484306     DEBUG main            d.u.i.k.p.i.IntermediateProofReplayer Proof replay took 106.21ms 
484307     DEBUG main            d.u.i.k.p.r.p.TestFile    ... success: reloaded. 
484308     INFO  main            d.u.i.k.p.r.p.TestFile    Now processing file /home/runner/work/key/key/key.core/../key.ui/examples/standard_key/polySimp/simplify2.key 
484308     INFO  main            d.u.i.k.p.i.AbstractProblemLoader Loading environment from /home/runner/work/key/key/key.core/../key.ui/examples/standard_key/polySimp/simplify2.key 
484308     DEBUG main            d.u.i.k.p.i.AbstractProblemLoader Environment load took 82.41ns 
484309     INFO  main            d.u.i.k.p.i.AbstractProblemLoader Creating init config 
487057     DEBUG main            d.u.i.k.p.i.AbstractProblemLoader Init config took 2.75s 
487072     INFO  main            d.u.i.k.p.i.AbstractProblemLoader Replaying proof simplify2.key 
487075     DEBUG main            d.u.i.k.p.i.IntermediateProofReplayer Proof replay took 3.4ns 
487177     INFO  main            d.u.i.k.p.r.p.TestFile    ... finished proof: closed. 
487772     INFO  main            d.u.i.k.p.i.AbstractProblemLoader Loading environment from /home/runner/work/key/key/key.core/../key.ui/examples/standard_key/polySimp/simplify2.key.proof 
487772     DEBUG main            d.u.i.k.p.i.AbstractProblemLoader Environment load took 88.81ns 
487773     INFO  main            d.u.i.k.p.i.AbstractProblemLoader Creating init config 
490378     DEBUG main            d.u.i.k.p.i.AbstractProblemLoader Init config took 2.61s 
490393     INFO  main            d.u.i.k.p.i.AbstractProblemLoader Replaying proof simplify2.key.proof 
490395     DEBUG main            d.u.i.k.p.i.IntermediateProofReplayer Proof replay took 546.65ns 
490396     DEBUG main            d.u.i.k.p.r.p.TestFile    ... success: reloaded. 
490396     INFO  main            d.u.i.k.p.r.p.TestFile    Now processing file /home/runner/work/key/key/key.core/../key.ui/examples/standard_key/polySimp/simplify20.key 
490396     INFO  main            d.u.i.k.p.i.AbstractProblemLoader Loading environment from /home/runner/work/key/key/key.core/../key.ui/examples/standard_key/polySimp/simplify20.key 
490396     DEBUG main            d.u.i.k.p.i.AbstractProblemLoader Environment load took 47.91ns 
490397     INFO  main            d.u.i.k.p.i.AbstractProblemLoader Creating init config 
493043     DEBUG main            d.u.i.k.p.i.AbstractProblemLoader Init config took 2.65s 
493058     INFO  main            d.u.i.k.p.i.AbstractProblemLoader Replaying proof simplify20.key 
493059     DEBUG main            d.u.i.k.p.i.IntermediateProofReplayer Proof replay took 2.7ns 
493865     INFO  main            d.u.i.k.p.r.p.TestFile    ... finished proof: closed. 
494480     INFO  main            d.u.i.k.p.i.AbstractProblemLoader Loading environment from /home/runner/work/key/key/key.core/../key.ui/examples/standard_key/polySimp/simplify20.key.proof 
494481     DEBUG main            d.u.i.k.p.i.AbstractProblemLoader Environment load took 388.04ns 
494483     INFO  main            d.u.i.k.p.i.AbstractProblemLoader Creating init config 
497156     DEBUG main            d.u.i.k.p.i.AbstractProblemLoader Init config took 2.67s 
497171     INFO  main            d.u.i.k.p.i.AbstractProblemLoader Replaying proof simplify20.key.proof 
497219     DEBUG main            d.u.i.k.p.i.IntermediateProofReplayer Proof replay took 43.05ms 
497221     DEBUG main            d.u.i.k.p.r.p.TestFile    ... success: reloaded. 
497222     INFO  main            d.u.i.k.p.r.p.TestFile    Now processing file /home/runner/work/key/key/key.core/../key.ui/examples/standard_key/polySimp/simplify21.key 
497222     INFO  main            d.u.i.k.p.i.AbstractProblemLoader Loading environment from /home/runner/work/key/key/key.core/../key.ui/examples/standard_key/polySimp/simplify21.key 
497222     DEBUG main            d.u.i.k.p.i.AbstractProblemLoader Environment load took 70.61ns 
497225     INFO  main            d.u.i.k.p.i.AbstractProblemLoader Creating init config 
499830     DEBUG main            d.u.i.k.p.i.AbstractProblemLoader Init config took 2.61s 
499846     INFO  main            d.u.i.k.p.i.AbstractProblemLoader Replaying proof simplify21.key 
499848     DEBUG main            d.u.i.k.p.i.IntermediateProofReplayer Proof replay took 2.7ns 
500557     INFO  main            d.u.i.k.p.r.p.TestFile    ... finished proof: closed. 
501190     INFO  main            d.u.i.k.p.i.AbstractProblemLoader Loading environment from /home/runner/work/key/key/key.core/../key.ui/examples/standard_key/polySimp/simplify21.key.proof 
501190     DEBUG main            d.u.i.k.p.i.AbstractProblemLoader Environment load took 88.11ns 
501193     INFO  main            d.u.i.k.p.i.AbstractProblemLoader Creating init config 
503792     DEBUG main            d.u.i.k.p.i.AbstractProblemLoader Init config took 2.6s 
503810     INFO  main            d.u.i.k.p.i.AbstractProblemLoader Replaying proof simplify21.key.proof 
503840     DEBUG main            d.u.i.k.p.i.IntermediateProofReplayer Proof replay took 21.69ms 
503842     DEBUG main            d.u.i.k.p.r.p.TestFile    ... success: reloaded. 
503843     INFO  main            d.u.i.k.p.r.p.TestFile    Now processing file /home/runner/work/key/key/key.core/../key.ui/examples/standard_key/polySimp/simplify22.key 
503843     INFO  main            d.u.i.k.p.i.AbstractProblemLoader Loading environment from /home/runner/work/key/key/key.core/../key.ui/examples/standard_key/polySimp/simplify22.key 
503843     DEBUG main            d.u.i.k.p.i.AbstractProblemLoader Environment load took 50.41ns 
503844     INFO  main            d.u.i.k.p.i.AbstractProblemLoader Creating init config 
506557     DEBUG main            d.u.i.k.p.i.AbstractProblemLoader Init config took 2.71s 
506573     INFO  main            d.u.i.k.p.i.AbstractProblemLoader Replaying proof simplify22.key 
506575     DEBUG main            d.u.i.k.p.i.IntermediateProofReplayer Proof replay took 3.7ns 
506679     INFO  main            d.u.i.k.p.r.p.TestFile    ... finished proof: closed. 
507272     INFO  main            d.u.i.k.p.i.AbstractProblemLoader Loading environment from /home/runner/work/key/key/key.core/../key.ui/examples/standard_key/polySimp/simplify22.key.proof 
507272     DEBUG main            d.u.i.k.p.i.AbstractProblemLoader Environment load took 89.01ns 
507273     INFO  main            d.u.i.k.p.i.AbstractProblemLoader Creating init config 
509973     DEBUG main            d.u.i.k.p.i.AbstractProblemLoader Init config took 2.7s 
509988     INFO  main            d.u.i.k.p.i.AbstractProblemLoader Replaying proof simplify22.key.proof 
509992     DEBUG main            d.u.i.k.p.i.IntermediateProofReplayer Proof replay took 2.74ms 
509993     DEBUG main            d.u.i.k.p.r.p.TestFile    ... success: reloaded. 
509994     INFO  main            d.u.i.k.p.r.p.TestFile    Now processing file /home/runner/work/key/key/key.core/../key.ui/examples/standard_key/polySimp/simplify23.key 
509994     INFO  main            d.u.i.k.p.i.AbstractProblemLoader Loading environment from /home/runner/work/key/key/key.core/../key.ui/examples/standard_key/polySimp/simplify23.key 
509994     DEBUG main            d.u.i.k.p.i.AbstractProblemLoader Environment load took 85.91ns 
509995     INFO  main            d.u.i.k.p.i.AbstractProblemLoader Creating init config 
512634     DEBUG main            d.u.i.k.p.i.AbstractProblemLoader Init config took 2.64s 
512649     INFO  main            d.u.i.k.p.i.AbstractProblemLoader Replaying proof simplify23.key 
512650     DEBUG main            d.u.i.k.p.i.IntermediateProofReplayer Proof replay took 2.7ns 
512853     INFO  main            d.u.i.k.p.r.p.TestFile    ... finished proof: closed. 
513433     INFO  main            d.u.i.k.p.i.AbstractProblemLoader Loading environment from /home/runner/work/key/key/key.core/../key.ui/examples/standard_key/polySimp/simplify23.key.proof 
513433     DEBUG main            d.u.i.k.p.i.AbstractProblemLoader Environment load took 92.11ns 
513434     INFO  main            d.u.i.k.p.i.AbstractProblemLoader Creating init config 
516121     DEBUG main            d.u.i.k.p.i.AbstractProblemLoader Init config took 2.69s 
516136     INFO  main            d.u.i.k.p.i.AbstractProblemLoader Replaying proof simplify23.key.proof 
516145     DEBUG main            d.u.i.k.p.i.IntermediateProofReplayer Proof replay took 6.63ms 
516146     DEBUG main            d.u.i.k.p.r.p.TestFile    ... success: reloaded. 
516146     INFO  main            d.u.i.k.p.r.p.TestFile    Now processing file /home/runner/work/key/key/key.core/../key.ui/examples/standard_key/polySimp/simplify24.key 
516147     INFO  main            d.u.i.k.p.i.AbstractProblemLoader Loading environment from /home/runner/work/key/key/key.core/../key.ui/examples/standard_key/polySimp/simplify24.key 
516147     DEBUG main            d.u.i.k.p.i.AbstractProblemLoader Environment load took 49.4ns 
516148     INFO  main            d.u.i.k.p.i.AbstractProblemLoader Creating init config 
518809     DEBUG main            d.u.i.k.p.i.AbstractProblemLoader Init config took 2.66s 
518823     INFO  main            d.u.i.k.p.i.AbstractProblemLoader Replaying proof simplify24.key 
518824     DEBUG main            d.u.i.k.p.i.IntermediateProofReplayer Proof replay took 2.7ns 
518926     INFO  main            d.u.i.k.p.r.p.TestFile    ... finished proof: closed. 
519530     INFO  main            d.u.i.k.p.i.AbstractProblemLoader Loading environment from /home/runner/work/key/key/key.core/../key.ui/examples/standard_key/polySimp/simplify24.key.proof 
519530     DEBUG main            d.u.i.k.p.i.AbstractProblemLoader Environment load took 95.3ns 
519531     INFO  main            d.u.i.k.p.i.AbstractProblemLoader Creating init config 
522153     DEBUG main            d.u.i.k.p.i.AbstractProblemLoader Init config took 2.62s 
522168     INFO  main            d.u.i.k.p.i.AbstractProblemLoader Replaying proof simplify24.key.proof 
522170     DEBUG main            d.u.i.k.p.i.IntermediateProofReplayer Proof replay took 1.27ms 
522172     DEBUG main            d.u.i.k.p.r.p.TestFile    ... success: reloaded. 
522172     INFO  main            d.u.i.k.p.r.p.TestFile    Now processing file /home/runner/work/key/key/key.core/../key.ui/examples/standard_key/polySimp/simplify25.key 
522173     INFO  main            d.u.i.k.p.i.AbstractProblemLoader Loading environment from /home/runner/work/key/key/key.core/../key.ui/examples/standard_key/polySimp/simplify25.key 
522173     DEBUG main            d.u.i.k.p.i.AbstractProblemLoader Environment load took 84.11ns 
522173     INFO  main            d.u.i.k.p.i.AbstractProblemLoader Creating init config 
524796     DEBUG main            d.u.i.k.p.i.AbstractProblemLoader Init config took 2.62s 
524811     INFO  main            d.u.i.k.p.i.AbstractProblemLoader Replaying proof simplify25.key 
524812     DEBUG main            d.u.i.k.p.i.IntermediateProofReplayer Proof replay took 2.9ns 
524914     INFO  main            d.u.i.k.p.r.p.TestFile    ... finished proof: closed. 
525511     INFO  main            d.u.i.k.p.i.AbstractProblemLoader Loading environment from /home/runner/work/key/key/key.core/../key.ui/examples/standard_key/polySimp/simplify25.key.proof 
525511     DEBUG main            d.u.i.k.p.i.AbstractProblemLoader Environment load took 90.51ns 
525512     INFO  main            d.u.i.k.p.i.AbstractProblemLoader Creating init config 
528177     DEBUG main            d.u.i.k.p.i.AbstractProblemLoader Init config took 2.67s 
528193     INFO  main            d.u.i.k.p.i.AbstractProblemLoader Replaying proof simplify25.key.proof 
528196     DEBUG main            d.u.i.k.p.i.IntermediateProofReplayer Proof replay took 1.59ms 
528197     DEBUG main            d.u.i.k.p.r.p.TestFile    ... success: reloaded. 
528197     INFO  main            d.u.i.k.p.r.p.TestFile    Now processing file /home/runner/work/key/key/key.core/../key.ui/examples/standard_key/polySimp/simplify3.key 
528198     INFO  main            d.u.i.k.p.i.AbstractProblemLoader Loading environment from /home/runner/work/key/key/key.core/../key.ui/examples/standard_key/polySimp/simplify3.key 
528198     DEBUG main            d.u.i.k.p.i.AbstractProblemLoader Environment load took 144.81ns 
528199     INFO  main            d.u.i.k.p.i.AbstractProblemLoader Creating init config 
530959     DEBUG main            d.u.i.k.p.i.AbstractProblemLoader Init config took 2.76s 
530973     INFO  main            d.u.i.k.p.i.AbstractProblemLoader Replaying proof simplify3.key 
530974     DEBUG main            d.u.i.k.p.i.IntermediateProofReplayer Proof replay took 3.2ns 
531076     INFO  main            d.u.i.k.p.r.p.TestFile    ... finished proof: closed. 
531670     INFO  main            d.u.i.k.p.i.AbstractProblemLoader Loading environment from /home/runner/work/key/key/key.core/../key.ui/examples/standard_key/polySimp/simplify3.key.proof 
531670     DEBUG main            d.u.i.k.p.i.AbstractProblemLoader Environment load took 86.01ns 
531671     INFO  main            d.u.i.k.p.i.AbstractProblemLoader Creating init config 
534298     DEBUG main            d.u.i.k.p.i.AbstractProblemLoader Init config took 2.63s 
534312     INFO  main            d.u.i.k.p.i.AbstractProblemLoader Replaying proof simplify3.key.proof 
534314     DEBUG main            d.u.i.k.p.i.IntermediateProofReplayer Proof replay took 581.05ns 
534315     DEBUG main            d.u.i.k.p.r.p.TestFile    ... success: reloaded. 
534315     INFO  main            d.u.i.k.p.r.p.TestFile    Now processing file /home/runner/work/key/key/key.core/../key.ui/examples/standard_key/polySimp/simplify4.key 
534316     INFO  main            d.u.i.k.p.i.AbstractProblemLoader Loading environment from /home/runner/work/key/key/key.core/../key.ui/examples/standard_key/polySimp/simplify4.key 
534316     DEBUG main            d.u.i.k.p.i.AbstractProblemLoader Environment load took 47.3ns 
534316     INFO  main            d.u.i.k.p.i.AbstractProblemLoader Creating init config 
536967     DEBUG main            d.u.i.k.p.i.AbstractProblemLoader Init config took 2.65s 
536982     INFO  main            d.u.i.k.p.i.AbstractProblemLoader Replaying proof simplify4.key 
536983     DEBUG main            d.u.i.k.p.i.IntermediateProofReplayer Proof replay took 3.3ns 
537085     INFO  main            d.u.i.k.p.r.p.TestFile    ... finished proof: closed. 
537680     INFO  main            d.u.i.k.p.i.AbstractProblemLoader Loading environment from /home/runner/work/key/key/key.core/../key.ui/examples/standard_key/polySimp/simplify4.key.proof 
537680     DEBUG main            d.u.i.k.p.i.AbstractProblemLoader Environment load took 82.91ns 
537681     INFO  main            d.u.i.k.p.i.AbstractProblemLoader Creating init config 
540310     DEBUG main            d.u.i.k.p.i.AbstractProblemLoader Init config took 2.63s 
540324     INFO  main            d.u.i.k.p.i.AbstractProblemLoader Replaying proof simplify4.key.proof 
540326     DEBUG main            d.u.i.k.p.i.IntermediateProofReplayer Proof replay took 676.55ns 
540327     DEBUG main            d.u.i.k.p.r.p.TestFile    ... success: reloaded. 
540328     INFO  main            d.u.i.k.p.r.p.TestFile    Now processing file /home/runner/work/key/key/key.core/../key.ui/examples/standard_key/polySimp/simplify5.key 
540328     INFO  main            d.u.i.k.p.i.AbstractProblemLoader Loading environment from /home/runner/work/key/key/key.core/../key.ui/examples/standard_key/polySimp/simplify5.key 
540328     DEBUG main            d.u.i.k.p.i.AbstractProblemLoader Environment load took 66.7ns 
540329     INFO  main            d.u.i.k.p.i.AbstractProblemLoader Creating init config 
542938     DEBUG main            d.u.i.k.p.i.AbstractProblemLoader Init config took 2.61s 
542953     INFO  main            d.u.i.k.p.i.AbstractProblemLoader Replaying proof simplify5.key 
542954     DEBUG main            d.u.i.k.p.i.IntermediateProofReplayer Proof replay took 2.7ns 
543056     INFO  main            d.u.i.k.p.r.p.TestFile    ... finished proof: closed. 
543630     INFO  main            d.u.i.k.p.i.AbstractProblemLoader Loading environment from /home/runner/work/key/key/key.core/../key.ui/examples/standard_key/polySimp/simplify5.key.proof 
543630     DEBUG main            d.u.i.k.p.i.AbstractProblemLoader Environment load took 102.9ns 
543631     INFO  main            d.u.i.k.p.i.AbstractProblemLoader Creating init config 
546198     DEBUG main            d.u.i.k.p.i.AbstractProblemLoader Init config took 2.57s 
546231     INFO  main            d.u.i.k.p.i.AbstractProblemLoader Replaying proof simplify5.key.proof 
546235     DEBUG main            d.u.i.k.p.i.IntermediateProofReplayer Proof replay took 2.59ms 
546236     DEBUG main            d.u.i.k.p.r.p.TestFile    ... success: reloaded. 
546236     INFO  main            d.u.i.k.p.r.p.TestFile    Now processing file /home/runner/work/key/key/key.core/../key.ui/examples/standard_key/polySimp/simplify6.key 
546236     INFO  main            d.u.i.k.p.i.AbstractProblemLoader Loading environment from /home/runner/work/key/key/key.core/../key.ui/examples/standard_key/polySimp/simplify6.key 
546236     DEBUG main            d.u.i.k.p.i.AbstractProblemLoader Environment load took 48.5ns 
546237     INFO  main            d.u.i.k.p.i.AbstractProblemLoader Creating init config 
548898     DEBUG main            d.u.i.k.p.i.AbstractProblemLoader Init config took 2.66s 
548914     INFO  main            d.u.i.k.p.i.AbstractProblemLoader Replaying proof simplify6.key 
548915     DEBUG main            d.u.i.k.p.i.IntermediateProofReplayer Proof replay took 2.9ns 
549017     INFO  main            d.u.i.k.p.r.p.TestFile    ... finished proof: closed. 
549635     INFO  main            d.u.i.k.p.i.AbstractProblemLoader Loading environment from /home/runner/work/key/key/key.core/../key.ui/examples/standard_key/polySimp/simplify6.key.proof 
549635     DEBUG main            d.u.i.k.p.i.AbstractProblemLoader Environment load took 90.11ns 
549636     INFO  main            d.u.i.k.p.i.AbstractProblemLoader Creating init config 
552276     DEBUG main            d.u.i.k.p.i.AbstractProblemLoader Init config took 2.64s 
552292     INFO  main            d.u.i.k.p.i.AbstractProblemLoader Replaying proof simplify6.key.proof 
552293     DEBUG main            d.u.i.k.p.i.IntermediateProofReplayer Proof replay took 159.41ns 
552294     DEBUG main            d.u.i.k.p.r.p.TestFile    ... success: reloaded. 
552294     INFO  main            d.u.i.k.p.r.p.TestFile    Now processing file /home/runner/work/key/key/key.core/../key.ui/examples/standard_key/polySimp/simplify7.key 
552294     INFO  main            d.u.i.k.p.i.AbstractProblemLoader Loading environment from /home/runner/work/key/key/key.core/../key.ui/examples/standard_key/polySimp/simplify7.key 
552295     DEBUG main            d.u.i.k.p.i.AbstractProblemLoader Environment load took 72.71ns 
552295     INFO  main            d.u.i.k.p.i.AbstractProblemLoader Creating init config 
554958     DEBUG main            d.u.i.k.p.i.AbstractProblemLoader Init config took 2.66s 
554973     INFO  main            d.u.i.k.p.i.AbstractProblemLoader Replaying proof simplify7.key 
554975     DEBUG main            d.u.i.k.p.i.IntermediateProofReplayer Proof replay took 3.1ns 
555077     INFO  main            d.u.i.k.p.r.p.TestFile    ... finished proof: closed. 
555674     INFO  main            d.u.i.k.p.i.AbstractProblemLoader Loading environment from /home/runner/work/key/key/key.core/../key.ui/examples/standard_key/polySimp/simplify7.key.proof 
555674     DEBUG main            d.u.i.k.p.i.AbstractProblemLoader Environment load took 88.41ns 
555675     INFO  main            d.u.i.k.p.i.AbstractProblemLoader Creating init config 
558303     DEBUG main            d.u.i.k.p.i.AbstractProblemLoader Init config took 2.63s 
558319     INFO  main            d.u.i.k.p.i.AbstractProblemLoader Replaying proof simplify7.key.proof 
558321     DEBUG main            d.u.i.k.p.i.IntermediateProofReplayer Proof replay took 306.52ns 
558322     DEBUG main            d.u.i.k.p.r.p.TestFile    ... success: reloaded. 
558323     INFO  main            d.u.i.k.p.r.p.TestFile    Now processing file /home/runner/work/key/key/key.core/../key.ui/examples/standard_key/polySimp/simplify8.key 
558323     INFO  main            d.u.i.k.p.i.AbstractProblemLoader Loading environment from /home/runner/work/key/key/key.core/../key.ui/examples/standard_key/polySimp/simplify8.key 
558323     DEBUG main            d.u.i.k.p.i.AbstractProblemLoader Environment load took 49.2ns 
558326     INFO  main            d.u.i.k.p.i.AbstractProblemLoader Creating init config 
561024     DEBUG main            d.u.i.k.p.i.AbstractProblemLoader Init config took 2.7s 
561040     INFO  main            d.u.i.k.p.i.AbstractProblemLoader Replaying proof simplify8.key 
561041     DEBUG main            d.u.i.k.p.i.IntermediateProofReplayer Proof replay took 2.9ns 
565322     INFO  main            d.u.i.k.p.r.p.TestFile    ... finished proof: closed. 
565958     INFO  main            d.u.i.k.p.i.AbstractProblemLoader Loading environment from /home/runner/work/key/key/key.core/../key.ui/examples/standard_key/polySimp/simplify8.key.proof 
565958     DEBUG main            d.u.i.k.p.i.AbstractProblemLoader Environment load took 91.91ns 
565961     INFO  main            d.u.i.k.p.i.AbstractProblemLoader Creating init config 
568532     DEBUG main            d.u.i.k.p.i.AbstractProblemLoader Init config took 2.57s 
568550     INFO  main            d.u.i.k.p.i.AbstractProblemLoader Replaying proof simplify8.key.proof 
568600     DEBUG main            d.u.i.k.p.i.IntermediateProofReplayer Proof replay took 44.86ms 
568602     DEBUG main            d.u.i.k.p.r.p.TestFile    ... success: reloaded. 
568603     INFO  main            d.u.i.k.p.r.p.TestFile    Now processing file /home/runner/work/key/key/key.core/../key.ui/examples/standard_key/polySimp/simplify9.key 
568603     INFO  main            d.u.i.k.p.i.AbstractProblemLoader Loading environment from /home/runner/work/key/key/key.core/../key.ui/examples/standard_key/polySimp/simplify9.key 
568603     DEBUG main            d.u.i.k.p.i.AbstractProblemLoader Environment load took 70.11ns 
568605     INFO  main            d.u.i.k.p.i.AbstractProblemLoader Creating init config 
571199     DEBUG main            d.u.i.k.p.i.AbstractProblemLoader Init config took 2.59s 
571213     INFO  main            d.u.i.k.p.i.AbstractProblemLoader Replaying proof simplify9.key 
571214     DEBUG main            d.u.i.k.p.i.IntermediateProofReplayer Proof replay took 2.6ns 
571417     INFO  main            d.u.i.k.p.r.p.TestFile    ... finished proof: closed. 
572067     INFO  main            d.u.i.k.p.i.AbstractProblemLoader Loading environment from /home/runner/work/key/key/key.core/../key.ui/examples/standard_key/polySimp/simplify9.key.proof 
572067     DEBUG main            d.u.i.k.p.i.AbstractProblemLoader Environment load took 103.31ns 
572069     INFO  main            d.u.i.k.p.i.AbstractProblemLoader Creating init config 
574662     DEBUG main            d.u.i.k.p.i.AbstractProblemLoader Init config took 2.59s 
574678     INFO  main            d.u.i.k.p.i.AbstractProblemLoader Replaying proof simplify9.key.proof 
574684     DEBUG main            d.u.i.k.p.i.IntermediateProofReplayer Proof replay took 3.64ms 
574685     DEBUG main            d.u.i.k.p.r.p.TestFile    ... success: reloaded. 
3354810    INFO  Test worker     d.u.i.k.p.r.RunAllProofsTestUnit Returning from test arithmetic 
3354813    INFO  Test worker     d.u.i.k.p.r.RunAllProofsTestUnit Running test arrays 
412        INFO  Timeout watchdog d.u.i.k.p.r.p.ForkedTestFileRunner Timeout watcher launched (2000 secs.) 
431        WARN  main            d.u.i.k.s.ProofSettings   The settings in /home/runner/.key/proof-settings.props are *not* read. 
483        INFO  main            d.u.i.k.p.r.p.TestFile    Now processing file /home/runner/work/key/key/key.core/../key.ui/examples/standard_key/arrays/arrayStoreException/array2DimPrim.key 
626        INFO  main            d.u.i.k.p.i.AbstractProblemLoader Loading environment from /home/runner/work/key/key/key.core/../key.ui/examples/standard_key/arrays/arrayStoreException/array2DimPrim.key 
651        DEBUG main            d.u.i.k.p.i.AbstractProblemLoader Environment load took 2.56ms 
962        INFO  main            d.u.i.k.p.i.AbstractProblemLoader Creating init config 
2100       DEBUG main            d.u.i.k.j.TypeConverter   No LDT found for Meta 
2101       DEBUG main            d.u.i.k.j.TypeConverter   No LDT found for Meta 
2104       DEBUG main            d.u.i.k.j.TypeConverter   No LDT found for Meta 
2104       DEBUG main            d.u.i.k.j.TypeConverter   No LDT found for Meta 
3939       DEBUG main            d.u.i.k.j.TypeConverter   No LDT found for JavaBigintExpression 
9466       DEBUG main            d.u.i.k.p.i.AbstractProblemLoader Init config took 8.5s 
9544       INFO  main            d.u.i.k.p.i.AbstractProblemLoader Replaying proof array2DimPrim.key 
9585       DEBUG main            d.u.i.k.p.i.IntermediateProofReplayer Proof replay took 50.5ns 
14230      INFO  main            d.u.i.k.p.r.p.TestFile    ... finished proof: closed. 
14543      INFO  main            d.u.i.k.p.i.AbstractProblemLoader Loading environment from /home/runner/work/key/key/key.core/../key.ui/examples/standard_key/arrays/arrayStoreException/array2DimPrim.key.proof 
14544      DEBUG main            d.u.i.k.p.i.AbstractProblemLoader Environment load took 1.02ms 
14554      INFO  main            d.u.i.k.p.i.AbstractProblemLoader Creating init config 
17657      DEBUG main            d.u.i.k.p.i.AbstractProblemLoader Init config took 3.1s 
17691      INFO  main            d.u.i.k.p.i.AbstractProblemLoader Replaying proof array2DimPrim.key.proof 
18195      DEBUG main            d.u.i.k.p.i.IntermediateProofReplayer Proof replay took 481.83ms 
18215      DEBUG main            d.u.i.k.p.r.p.TestFile    ... success: reloaded. 
18221      INFO  main            d.u.i.k.p.r.p.TestFile    Now processing file /home/runner/work/key/key/key.core/../key.ui/examples/standard_key/arrays/arrayStoreException/arrayStoreKnownDynType.key 
18223      INFO  main            d.u.i.k.p.i.AbstractProblemLoader Loading environment from /home/runner/work/key/key/key.core/../key.ui/examples/standard_key/arrays/arrayStoreException/arrayStoreKnownDynType.key 
18223      DEBUG main            d.u.i.k.p.i.AbstractProblemLoader Environment load took 301.92ns 
18227      INFO  main            d.u.i.k.p.i.AbstractProblemLoader Creating init config 
21165      DEBUG main            d.u.i.k.p.i.AbstractProblemLoader Init config took 2.94s 
21207      INFO  main            d.u.i.k.p.i.AbstractProblemLoader Replaying proof arrayStoreKnownDynType.key 
21212      DEBUG main            d.u.i.k.p.i.IntermediateProofReplayer Proof replay took 8.8ns 
21518      INFO  main            d.u.i.k.p.r.p.TestFile    ... finished proof: closed. 
21797      INFO  main            d.u.i.k.p.i.AbstractProblemLoader Loading environment from /home/runner/work/key/key/key.core/../key.ui/examples/standard_key/arrays/arrayStoreException/arrayStoreKnownDynType.key.proof 
21798      DEBUG main            d.u.i.k.p.i.AbstractProblemLoader Environment load took 183.11ns 
21799      INFO  main            d.u.i.k.p.i.AbstractProblemLoader Creating init config 
24726      DEBUG main            d.u.i.k.p.i.AbstractProblemLoader Init config took 2.93s 
24752      INFO  main            d.u.i.k.p.i.AbstractProblemLoader Replaying proof arrayStoreKnownDynType.key.proof 
24792      DEBUG main            d.u.i.k.p.i.IntermediateProofReplayer Proof replay took 36.11ms 
24794      DEBUG main            d.u.i.k.p.r.p.TestFile    ... success: reloaded. 
24795      INFO  main            d.u.i.k.p.r.p.TestFile    Now processing file /home/runner/work/key/key/key.core/../key.ui/examples/standard_key/arrays/arrayStoreException/reverseArray.key 
24795      INFO  main            d.u.i.k.p.i.AbstractProblemLoader Loading environment from /home/runner/work/key/key/key.core/../key.ui/examples/standard_key/arrays/arrayStoreException/reverseArray.key 
24796      DEBUG main            d.u.i.k.p.i.AbstractProblemLoader Environment load took 248.81ns 
24797      INFO  main            d.u.i.k.p.i.AbstractProblemLoader Creating init config 
27813      DEBUG main            d.u.i.k.p.i.AbstractProblemLoader Init config took 3.02s 
27839      INFO  main            d.u.i.k.p.i.AbstractProblemLoader Replaying proof reverseArray.key 
27842      DEBUG main            d.u.i.k.p.i.IntermediateProofReplayer Proof replay took 7.1ns 
28469      INFO  main            d.u.i.k.p.r.p.TestFile    ... finished proof: closed. 
28663      INFO  main            d.u.i.k.p.i.AbstractProblemLoader Loading environment from /home/runner/work/key/key/key.core/../key.ui/examples/standard_key/arrays/arrayStoreException/reverseArray.key.proof 
28664      DEBUG main            d.u.i.k.p.i.AbstractProblemLoader Environment load took 468.74ns 
28666      INFO  main            d.u.i.k.p.i.AbstractProblemLoader Creating init config 
31461      DEBUG main            d.u.i.k.p.i.AbstractProblemLoader Init config took 2.8s 
31486      INFO  main            d.u.i.k.p.i.AbstractProblemLoader Replaying proof reverseArray.key.proof 
31606      DEBUG main            d.u.i.k.p.i.IntermediateProofReplayer Proof replay took 113.93ms 
31607      DEBUG main            d.u.i.k.p.r.p.TestFile    ... success: reloaded. 
31609      INFO  main            d.u.i.k.p.r.p.TestFile    Now processing file /home/runner/work/key/key/key.core/../key.ui/examples/standard_key/arrays/arrayStoreException/throwArrayStoreException.key 
31610      INFO  main            d.u.i.k.p.i.AbstractProblemLoader Loading environment from /home/runner/work/key/key/key.core/../key.ui/examples/standard_key/arrays/arrayStoreException/throwArrayStoreException.key 
31610      DEBUG main            d.u.i.k.p.i.AbstractProblemLoader Environment load took 277.62ns 
31611      INFO  main            d.u.i.k.p.i.AbstractProblemLoader Creating init config 
34462      DEBUG main            d.u.i.k.p.i.AbstractProblemLoader Init config took 2.85s 
34495      INFO  main            d.u.i.k.p.i.AbstractProblemLoader Replaying proof throwArrayStoreException.key 
34498      DEBUG main            d.u.i.k.p.i.IntermediateProofReplayer Proof replay took 7.7ns 
35003      INFO  main            d.u.i.k.p.r.p.TestFile    ... finished proof: closed. 
35239      INFO  main            d.u.i.k.p.i.AbstractProblemLoader Loading environment from /home/runner/work/key/key/key.core/../key.ui/examples/standard_key/arrays/arrayStoreException/throwArrayStoreException.key.proof 
35239      DEBUG main            d.u.i.k.p.i.AbstractProblemLoader Environment load took 489.84ns 
35241      INFO  main            d.u.i.k.p.i.AbstractProblemLoader Creating init config 
38045      DEBUG main            d.u.i.k.p.i.AbstractProblemLoader Init config took 2.8s 
38070      INFO  main            d.u.i.k.p.i.AbstractProblemLoader Replaying proof throwArrayStoreException.key.proof 
38159      DEBUG main            d.u.i.k.p.i.IntermediateProofReplayer Proof replay took 84.74ms 
38161      DEBUG main            d.u.i.k.p.r.p.TestFile    ... success: reloaded. 
38162      INFO  main            d.u.i.k.p.r.p.TestFile    Now processing file /home/runner/work/key/key/key.core/../key.ui/examples/standard_key/arrays/creation/arrayCreation1.key 
38163      INFO  main            d.u.i.k.p.i.AbstractProblemLoader Loading environment from /home/runner/work/key/key/key.core/../key.ui/examples/standard_key/arrays/creation/arrayCreation1.key 
38163      DEBUG main            d.u.i.k.p.i.AbstractProblemLoader Environment load took 243.52ns 
38164      INFO  main            d.u.i.k.p.i.AbstractProblemLoader Creating init config 
41015      DEBUG main            d.u.i.k.p.i.AbstractProblemLoader Init config took 2.85s 
41044      INFO  main            d.u.i.k.p.i.AbstractProblemLoader Replaying proof arrayCreation1.key 
41048      DEBUG main            d.u.i.k.p.i.IntermediateProofReplayer Proof replay took 8.2ns 
41253      INFO  main            d.u.i.k.p.r.p.TestFile    ... finished proof: closed. 
41459      INFO  main            d.u.i.k.p.i.AbstractProblemLoader Loading environment from /home/runner/work/key/key/key.core/../key.ui/examples/standard_key/arrays/creation/arrayCreation1.key.proof 
41466      DEBUG main            d.u.i.k.p.i.AbstractProblemLoader Environment load took 6.33ms 
41467      INFO  main            d.u.i.k.p.i.AbstractProblemLoader Creating init config 
44204      DEBUG main            d.u.i.k.p.i.AbstractProblemLoader Init config took 2.74s 
44227      INFO  main            d.u.i.k.p.i.AbstractProblemLoader Replaying proof arrayCreation1.key.proof 
44252      DEBUG main            d.u.i.k.p.i.IntermediateProofReplayer Proof replay took 22.4ms 
44253      DEBUG main            d.u.i.k.p.r.p.TestFile    ... success: reloaded. 
44254      INFO  main            d.u.i.k.p.r.p.TestFile    Now processing file /home/runner/work/key/key/key.core/../key.ui/examples/standard_key/arrays/arrayStoreException/array2Dim.key 
44255      INFO  main            d.u.i.k.p.i.AbstractProblemLoader Loading environment from /home/runner/work/key/key/key.core/../key.ui/examples/standard_key/arrays/arrayStoreException/array2Dim.key 
44255      DEBUG main            d.u.i.k.p.i.AbstractProblemLoader Environment load took 257.12ns 
44257      INFO  main            d.u.i.k.p.i.AbstractProblemLoader Creating init config 
47093      DEBUG main            d.u.i.k.p.i.AbstractProblemLoader Init config took 2.84s 
47118      INFO  main            d.u.i.k.p.i.AbstractProblemLoader Replaying proof array2Dim.key 
47121      DEBUG main            d.u.i.k.p.i.IntermediateProofReplayer Proof replay took 7.3ns 
51152      INFO  main            d.u.i.k.p.r.p.TestFile    ... finished proof: open goal(s) 
51444      INFO  main            d.u.i.k.p.r.p.TestFile    Now processing file /home/runner/work/key/key/key.core/../key.ui/examples/standard_key/arrays/arrayStoreException/array2DimClose.key 
51444      INFO  main            d.u.i.k.p.i.AbstractProblemLoader Loading environment from /home/runner/work/key/key/key.core/../key.ui/examples/standard_key/arrays/arrayStoreException/array2DimClose.key 
51444      DEBUG main            d.u.i.k.p.i.AbstractProblemLoader Environment load took 109.11ns 
51447      INFO  main            d.u.i.k.p.i.AbstractProblemLoader Creating init config 
54295      DEBUG main            d.u.i.k.p.i.AbstractProblemLoader Init config took 2.85s 
54319      INFO  main            d.u.i.k.p.i.AbstractProblemLoader Replaying proof array2DimClose.key 
54321      DEBUG main            d.u.i.k.p.i.IntermediateProofReplayer Proof replay took 16.2ns 
56895      INFO  main            d.u.i.k.p.r.p.TestFile    ... finished proof: open goal(s) 
57302      INFO  main            d.u.i.k.p.r.p.TestFile    Now processing file /home/runner/work/key/key/key.core/../key.ui/examples/standard_key/arrays/arrayStoreException/throwASEForPrim.key 
57302      INFO  main            d.u.i.k.p.i.AbstractProblemLoader Loading environment from /home/runner/work/key/key/key.core/../key.ui/examples/standard_key/arrays/arrayStoreException/throwASEForPrim.key 
57302      DEBUG main            d.u.i.k.p.i.AbstractProblemLoader Environment load took 85.2ns 
57304      INFO  main            d.u.i.k.p.i.AbstractProblemLoader Creating init config 
59997      DEBUG main            d.u.i.k.p.i.AbstractProblemLoader Init config took 2.69s 
60018      INFO  main            d.u.i.k.p.i.AbstractProblemLoader Replaying proof throwASEForPrim.key 
60020      DEBUG main            d.u.i.k.p.i.IntermediateProofReplayer Proof replay took 7.4ns 
64933      INFO  main            d.u.i.k.p.r.p.TestFile    ... finished proof: open goal(s) 
3420348    INFO  Test worker     d.u.i.k.p.r.RunAllProofsTestUnit Returning from test arrays 
3420351    INFO  Test worker     d.u.i.k.p.r.RunAllProofsTestUnit Running test javadl 
398        INFO  Timeout watchdog d.u.i.k.p.r.p.ForkedTestFileRunner Timeout watcher launched (2000 secs.) 
427        WARN  main            d.u.i.k.s.ProofSettings   The settings in /home/runner/.key/proof-settings.props are *not* read. 
503        INFO  main            d.u.i.k.p.r.p.TestFile    Now processing file /home/runner/work/key/key/key.core/../key.ui/examples/standard_key/instanceCreation/instanceCreation1.key 
638        INFO  main            d.u.i.k.p.i.AbstractProblemLoader Loading environment from /home/runner/work/key/key/key.core/../key.ui/examples/standard_key/instanceCreation/instanceCreation1.key 
661        DEBUG main            d.u.i.k.p.i.AbstractProblemLoader Environment load took 2.22ms 
976        INFO  main            d.u.i.k.p.i.AbstractProblemLoader Creating init config 
1946       DEBUG main            d.u.i.k.j.TypeConverter   No LDT found for Meta 
1947       DEBUG main            d.u.i.k.j.TypeConverter   No LDT found for Meta 
1951       DEBUG main            d.u.i.k.j.TypeConverter   No LDT found for Meta 
1951       DEBUG main            d.u.i.k.j.TypeConverter   No LDT found for Meta 
3720       DEBUG main            d.u.i.k.j.TypeConverter   No LDT found for JavaBigintExpression 
9526       DEBUG main            d.u.i.k.p.i.AbstractProblemLoader Init config took 8.55s 
9601       INFO  main            d.u.i.k.p.i.AbstractProblemLoader Replaying proof instanceCreation1.key 
9688       DEBUG main            d.u.i.k.p.i.IntermediateProofReplayer Proof replay took 48.3ns 
10932      INFO  main            d.u.i.k.p.r.p.TestFile    ... finished proof: closed. 
11066      INFO  main            d.u.i.k.p.i.AbstractProblemLoader Loading environment from /home/runner/work/key/key/key.core/../key.ui/examples/standard_key/instanceCreation/instanceCreation1.key.proof 
11067      DEBUG main            d.u.i.k.p.i.AbstractProblemLoader Environment load took 478.04ns 
11072      INFO  main            d.u.i.k.p.i.AbstractProblemLoader Creating init config 
14329      DEBUG main            d.u.i.k.p.i.AbstractProblemLoader Init config took 3.26s 
14362      INFO  main            d.u.i.k.p.i.AbstractProblemLoader Replaying proof instanceCreation1.key.proof 
14470      DEBUG main            d.u.i.k.p.i.IntermediateProofReplayer Proof replay took 99.92ms 
14483      DEBUG main            d.u.i.k.p.r.p.TestFile    ... success: reloaded. 
14485      INFO  main            d.u.i.k.p.r.p.TestFile    Now processing file /home/runner/work/key/key/key.core/../key.ui/examples/standard_key/instanceCreation/instanceCreation2.key 
14489      INFO  main            d.u.i.k.p.i.AbstractProblemLoader Loading environment from /home/runner/work/key/key/key.core/../key.ui/examples/standard_key/instanceCreation/instanceCreation2.key 
14489      DEBUG main            d.u.i.k.p.i.AbstractProblemLoader Environment load took 374.53ns 
14492      INFO  main            d.u.i.k.p.i.AbstractProblemLoader Creating init config 
17642      DEBUG main            d.u.i.k.p.i.AbstractProblemLoader Init config took 3.15s 
17685      INFO  main            d.u.i.k.p.i.AbstractProblemLoader Replaying proof instanceCreation2.key 
17701      DEBUG main            d.u.i.k.p.i.IntermediateProofReplayer Proof replay took 7.5ns 
18522      INFO  main            d.u.i.k.p.r.p.TestFile    ... finished proof: closed. 
18741      INFO  main            d.u.i.k.p.i.AbstractProblemLoader Loading environment from /home/runner/work/key/key/key.core/../key.ui/examples/standard_key/instanceCreation/instanceCreation2.key.proof 
18746      DEBUG main            d.u.i.k.p.i.AbstractProblemLoader Environment load took 4.31ms 
18748      INFO  main            d.u.i.k.p.i.AbstractProblemLoader Creating init config 
21826      DEBUG main            d.u.i.k.p.i.AbstractProblemLoader Init config took 3.08s 
21855      INFO  main            d.u.i.k.p.i.AbstractProblemLoader Replaying proof instanceCreation2.key.proof 
21950      DEBUG main            d.u.i.k.p.i.IntermediateProofReplayer Proof replay took 89.7ms 
21951      DEBUG main            d.u.i.k.p.r.p.TestFile    ... success: reloaded. 
21953      INFO  main            d.u.i.k.p.r.p.TestFile    Now processing file /home/runner/work/key/key/key.core/../key.ui/examples/standard_key/instanceCreation/interfacesAndAbstractClassesHaveNoInstances.key 
21953      INFO  main            d.u.i.k.p.i.AbstractProblemLoader Loading environment from /home/runner/work/key/key/key.core/../key.ui/examples/standard_key/instanceCreation/interfacesAndAbstractClassesHaveNoInstances.key 
21953      DEBUG main            d.u.i.k.p.i.AbstractProblemLoader Environment load took 247.42ns 
21955      INFO  main            d.u.i.k.p.i.AbstractProblemLoader Creating init config 
24925      DEBUG main            d.u.i.k.p.i.AbstractProblemLoader Init config took 2.97s 
24951      INFO  main            d.u.i.k.p.i.AbstractProblemLoader Replaying proof interfacesAndAbstractClassesHaveNoInstances.key 
24956      DEBUG main            d.u.i.k.p.i.IntermediateProofReplayer Proof replay took 7.1ns 
25062      INFO  main            d.u.i.k.p.r.p.TestFile    ... finished proof: closed. 
25235      INFO  main            d.u.i.k.p.i.AbstractProblemLoader Loading environment from /home/runner/work/key/key/key.core/../key.ui/examples/standard_key/instanceCreation/interfacesAndAbstractClassesHaveNoInstances.key.proof 
25235      DEBUG main            d.u.i.k.p.i.AbstractProblemLoader Environment load took 140.61ns 
25237      INFO  main            d.u.i.k.p.i.AbstractProblemLoader Creating init config 
28211      DEBUG main            d.u.i.k.p.i.AbstractProblemLoader Init config took 2.97s 
28234      INFO  main            d.u.i.k.p.i.AbstractProblemLoader Replaying proof interfacesAndAbstractClassesHaveNoInstances.key.proof 
28238      DEBUG main            d.u.i.k.p.i.IntermediateProofReplayer Proof replay took 1.5ms 
28239      DEBUG main            d.u.i.k.p.r.p.TestFile    ... success: reloaded. 
28240      INFO  main            d.u.i.k.p.r.p.TestFile    Now processing file /home/runner/work/key/key/key.core/../key.ui/examples/standard_key/instanceCreation/successiveCreatedObjectsAreDistinct.key 
28241      INFO  main            d.u.i.k.p.i.AbstractProblemLoader Loading environment from /home/runner/work/key/key/key.core/../key.ui/examples/standard_key/instanceCreation/successiveCreatedObjectsAreDistinct.key 
28241      DEBUG main            d.u.i.k.p.i.AbstractProblemLoader Environment load took 239.22ns 
28242      INFO  main            d.u.i.k.p.i.AbstractProblemLoader Creating init config 
31226      DEBUG main            d.u.i.k.p.i.AbstractProblemLoader Init config took 2.98s 
31256      INFO  main            d.u.i.k.p.i.AbstractProblemLoader Replaying proof successiveCreatedObjectsAreDistinct.key 
31260      DEBUG main            d.u.i.k.p.i.IntermediateProofReplayer Proof replay took 7.6ns 
31766      INFO  main            d.u.i.k.p.r.p.TestFile    ... finished proof: closed. 
31999      INFO  main            d.u.i.k.p.i.AbstractProblemLoader Loading environment from /home/runner/work/key/key/key.core/../key.ui/examples/standard_key/instanceCreation/successiveCreatedObjectsAreDistinct.key.proof 
31999      DEBUG main            d.u.i.k.p.i.AbstractProblemLoader Environment load took 631.74ns 
32001      INFO  main            d.u.i.k.p.i.AbstractProblemLoader Creating init config 
35018      DEBUG main            d.u.i.k.p.i.AbstractProblemLoader Init config took 3.02s 
35046      INFO  main            d.u.i.k.p.i.AbstractProblemLoader Replaying proof successiveCreatedObjectsAreDistinct.key.proof 
35111      DEBUG main            d.u.i.k.p.i.IntermediateProofReplayer Proof replay took 61.3ms 
35112      DEBUG main            d.u.i.k.p.r.p.TestFile    ... success: reloaded. 
35113      INFO  main            d.u.i.k.p.r.p.TestFile    Now processing file /home/runner/work/key/key/key.core/../key.ui/examples/standard_key/instanceCreation/testOverloadingConstructors.key 
35114      INFO  main            d.u.i.k.p.i.AbstractProblemLoader Loading environment from /home/runner/work/key/key/key.core/../key.ui/examples/standard_key/instanceCreation/testOverloadingConstructors.key 
35114      DEBUG main            d.u.i.k.p.i.AbstractProblemLoader Environment load took 248.72ns 
35115      INFO  main            d.u.i.k.p.i.AbstractProblemLoader Creating init config 
38219      DEBUG main            d.u.i.k.p.i.AbstractProblemLoader Init config took 3.1s 
38243      INFO  main            d.u.i.k.p.i.AbstractProblemLoader Replaying proof testOverloadingConstructors.key 
38245      DEBUG main            d.u.i.k.p.i.IntermediateProofReplayer Proof replay took 8.2ns 
38575      INFO  main            d.u.i.k.p.r.p.TestFile    ... finished proof: closed. 
38763      INFO  main            d.u.i.k.p.i.AbstractProblemLoader Loading environment from /home/runner/work/key/key/key.core/../key.ui/examples/standard_key/instanceCreation/testOverloadingConstructors.key.proof 
38763      DEBUG main            d.u.i.k.p.i.AbstractProblemLoader Environment load took 145.71ns 
38769      INFO  main            d.u.i.k.p.i.AbstractProblemLoader Creating init config 
41715      DEBUG main            d.u.i.k.p.i.AbstractProblemLoader Init config took 2.95s 
41739      INFO  main            d.u.i.k.p.i.AbstractProblemLoader Replaying proof testOverloadingConstructors.key.proof 
41791      DEBUG main            d.u.i.k.p.i.IntermediateProofReplayer Proof replay took 47.96ms 
41792      DEBUG main            d.u.i.k.p.r.p.TestFile    ... success: reloaded. 
41793      INFO  main            d.u.i.k.p.r.p.TestFile    Now processing file /home/runner/work/key/key/key.core/../key.ui/examples/standard_key/java_dl/SimpleAttributes.key 
41794      INFO  main            d.u.i.k.p.i.AbstractProblemLoader Loading environment from /home/runner/work/key/key/key.core/../key.ui/examples/standard_key/java_dl/SimpleAttributes.key 
41794      DEBUG main            d.u.i.k.p.i.AbstractProblemLoader Environment load took 124.91ns 
41795      INFO  main            d.u.i.k.p.i.AbstractProblemLoader Creating init config 
44729      DEBUG main            d.u.i.k.p.i.AbstractProblemLoader Init config took 2.93s 
44753      INFO  main            d.u.i.k.p.i.AbstractProblemLoader Replaying proof SimpleAttributes.key 
44755      DEBUG main            d.u.i.k.p.i.IntermediateProofReplayer Proof replay took 7.2ns 
44861      INFO  main            d.u.i.k.p.r.p.TestFile    ... finished proof: closed. 
45053      INFO  main            d.u.i.k.p.i.AbstractProblemLoader Loading environment from /home/runner/work/key/key/key.core/../key.ui/examples/standard_key/java_dl/SimpleAttributes.key.proof 
45053      DEBUG main            d.u.i.k.p.i.AbstractProblemLoader Environment load took 134.61ns 
45055      INFO  main            d.u.i.k.p.i.AbstractProblemLoader Creating init config 
47923      DEBUG main            d.u.i.k.p.i.AbstractProblemLoader Init config took 2.87s 
47946      INFO  main            d.u.i.k.p.i.AbstractProblemLoader Replaying proof SimpleAttributes.key.proof 
47971      DEBUG main            d.u.i.k.p.i.IntermediateProofReplayer Proof replay took 22.2ms 
47972      DEBUG main            d.u.i.k.p.r.p.TestFile    ... success: reloaded. 
47973      INFO  main            d.u.i.k.p.r.p.TestFile    Now processing file /home/runner/work/key/key/key.core/../key.ui/examples/standard_key/java_dl/arrayMax.key 
47974      INFO  main            d.u.i.k.p.i.AbstractProblemLoader Loading environment from /home/runner/work/key/key/key.core/../key.ui/examples/standard_key/java_dl/arrayMax.key 
47974      DEBUG main            d.u.i.k.p.i.AbstractProblemLoader Environment load took 238.81ns 
47976      INFO  main            d.u.i.k.p.i.AbstractProblemLoader Creating init config 
50898      DEBUG main            d.u.i.k.p.i.AbstractProblemLoader Init config took 2.92s 
50923      INFO  main            d.u.i.k.p.i.AbstractProblemLoader Replaying proof arrayMax.key 
50925      DEBUG main            d.u.i.k.p.i.IntermediateProofReplayer Proof replay took 7ns 
52332      INFO  main            d.u.i.k.p.r.p.TestFile    ... finished proof: closed. 
52573      INFO  main            d.u.i.k.p.i.AbstractProblemLoader Loading environment from /home/runner/work/key/key/key.core/../key.ui/examples/standard_key/java_dl/arrayMax.key.proof 
52573      DEBUG main            d.u.i.k.p.i.AbstractProblemLoader Environment load took 141.11ns 
52575      INFO  main            d.u.i.k.p.i.AbstractProblemLoader Creating init config 
55416      DEBUG main            d.u.i.k.p.i.AbstractProblemLoader Init config took 2.84s 
55440      INFO  main            d.u.i.k.p.i.AbstractProblemLoader Replaying proof arrayMax.key.proof 
55641      DEBUG main            d.u.i.k.p.i.IntermediateProofReplayer Proof replay took 193.73ms 
55643      DEBUG main            d.u.i.k.p.r.p.TestFile    ... success: reloaded. 
55645      INFO  main            d.u.i.k.p.r.p.TestFile    Now processing file /home/runner/work/key/key/key.core/../key.ui/examples/standard_key/java_dl/arrayUpdateSimp.key 
55645      INFO  main            d.u.i.k.p.i.AbstractProblemLoader Loading environment from /home/runner/work/key/key/key.core/../key.ui/examples/standard_key/java_dl/arrayUpdateSimp.key 
55645      DEBUG main            d.u.i.k.p.i.AbstractProblemLoader Environment load took 243.12ns 
55648      INFO  main            d.u.i.k.p.i.AbstractProblemLoader Creating init config 
55678      WARN  main            d.u.i.k.j.r.KeYCrossReferenceNameInfo Datatype java.io.PrintStream declared twice: Once in FILE:/home/runner/work/key/key/key.core/../key.ui/examples/standard_key/java_dl/./classpath/PrintStream.java and once in URL:file:/home/runner/work/key/key/key.core/build/resources/main/de/uka/ilkd/key/java/JavaRedux/java/io/PrintStream.java, Keeping one from URL:file:/home/runner/work/key/key/key.core/build/resources/main/de/uka/ilkd/key/java/JavaRedux/java/io/PrintStream.java 
55678      WARN  main            d.u.i.k.j.r.KeYCrossReferenceNameInfo Datatype java.lang.System declared twice: Once in FILE:/home/runner/work/key/key/key.core/../key.ui/examples/standard_key/java_dl/./classpath/System.java and once in URL:file:/home/runner/work/key/key/key.core/build/resources/main/de/uka/ilkd/key/java/JavaRedux/java/lang/System.java, Keeping one from URL:file:/home/runner/work/key/key/key.core/build/resources/main/de/uka/ilkd/key/java/JavaRedux/java/lang/System.java 
55679      WARN  main            d.u.i.k.j.r.KeYCrossReferenceNameInfo Datatype java.io.InputStream declared twice: Once in FILE:/home/runner/work/key/key/key.core/../key.ui/examples/standard_key/java_dl/./classpath/InputStream.java and once in URL:file:/home/runner/work/key/key/key.core/build/resources/main/de/uka/ilkd/key/java/JavaRedux/java/io/InputStream.java, Keeping one from URL:file:/home/runner/work/key/key/key.core/build/resources/main/de/uka/ilkd/key/java/JavaRedux/java/io/InputStream.java 
55690      DEBUG main            d.u.i.k.j.r.ClassFileDeclarationBuilder Parsing: package java.io; public class Closeable { } 
55691      DEBUG main            r.s.KeYCrossReferenceSourceInfo Dynamically created class: java.io.Closeable 
58724      DEBUG main            d.u.i.k.p.i.AbstractProblemLoader Init config took 3.08s 
58750      INFO  main            d.u.i.k.p.i.AbstractProblemLoader Replaying proof arrayUpdateSimp.key 
58753      DEBUG main            d.u.i.k.p.i.IntermediateProofReplayer Proof replay took 7.7ns 
58857      INFO  main            d.u.i.k.p.r.p.TestFile    ... finished proof: closed. 
59108      INFO  main            d.u.i.k.p.i.AbstractProblemLoader Loading environment from /home/runner/work/key/key/key.core/../key.ui/examples/standard_key/java_dl/arrayUpdateSimp.key.proof 
59108      DEBUG main            d.u.i.k.p.i.AbstractProblemLoader Environment load took 136.81ns 
59122      INFO  main            d.u.i.k.p.i.AbstractProblemLoader Creating init config 
59152      WARN  main            d.u.i.k.j.r.KeYCrossReferenceNameInfo Datatype java.io.PrintStream declared twice: Once in FILE:/home/runner/work/key/key/key.core/../key.ui/examples/standard_key/java_dl/classpath/PrintStream.java and once in URL:file:/home/runner/work/key/key/key.core/build/resources/main/de/uka/ilkd/key/java/JavaRedux/java/io/PrintStream.java, Keeping one from URL:file:/home/runner/work/key/key/key.core/build/resources/main/de/uka/ilkd/key/java/JavaRedux/java/io/PrintStream.java 
59152      WARN  main            d.u.i.k.j.r.KeYCrossReferenceNameInfo Datatype java.lang.System declared twice: Once in FILE:/home/runner/work/key/key/key.core/../key.ui/examples/standard_key/java_dl/classpath/System.java and once in URL:file:/home/runner/work/key/key/key.core/build/resources/main/de/uka/ilkd/key/java/JavaRedux/java/lang/System.java, Keeping one from URL:file:/home/runner/work/key/key/key.core/build/resources/main/de/uka/ilkd/key/java/JavaRedux/java/lang/System.java 
59153      WARN  main            d.u.i.k.j.r.KeYCrossReferenceNameInfo Datatype java.io.InputStream declared twice: Once in FILE:/home/runner/work/key/key/key.core/../key.ui/examples/standard_key/java_dl/classpath/InputStream.java and once in URL:file:/home/runner/work/key/key/key.core/build/resources/main/de/uka/ilkd/key/java/JavaRedux/java/io/InputStream.java, Keeping one from URL:file:/home/runner/work/key/key/key.core/build/resources/main/de/uka/ilkd/key/java/JavaRedux/java/io/InputStream.java 
59157      DEBUG main            d.u.i.k.j.r.ClassFileDeclarationBuilder Parsing: package java.io; public class Closeable { } 
59158      DEBUG main            r.s.KeYCrossReferenceSourceInfo Dynamically created class: java.io.Closeable 
61981      DEBUG main            d.u.i.k.p.i.AbstractProblemLoader Init config took 2.86s 
62004      INFO  main            d.u.i.k.p.i.AbstractProblemLoader Replaying proof arrayUpdateSimp.key.proof 
62007      DEBUG main            d.u.i.k.p.i.IntermediateProofReplayer Proof replay took 699.45ns 
62009      DEBUG main            d.u.i.k.p.r.p.TestFile    ... success: reloaded. 
62010      INFO  main            d.u.i.k.p.r.p.TestFile    Now processing file /home/runner/work/key/key/key.core/../key.ui/examples/standard_key/java_dl/attributes.key 
62011      INFO  main            d.u.i.k.p.i.AbstractProblemLoader Loading environment from /home/runner/work/key/key/key.core/../key.ui/examples/standard_key/java_dl/attributes.key 
62011      DEBUG main            d.u.i.k.p.i.AbstractProblemLoader Environment load took 224.41ns 
62012      INFO  main            d.u.i.k.p.i.AbstractProblemLoader Creating init config 
64912      DEBUG main            d.u.i.k.p.i.AbstractProblemLoader Init config took 2.9s 
64932      INFO  main            d.u.i.k.p.i.AbstractProblemLoader Replaying proof attributes.key 
64934      DEBUG main            d.u.i.k.p.i.IntermediateProofReplayer Proof replay took 7.5ns 
65137      INFO  main            d.u.i.k.p.r.p.TestFile    ... finished proof: closed. 
65353      INFO  main            d.u.i.k.p.i.AbstractProblemLoader Loading environment from /home/runner/work/key/key/key.core/../key.ui/examples/standard_key/java_dl/attributes.key.proof 
65354      DEBUG main            d.u.i.k.p.i.AbstractProblemLoader Environment load took 136.71ns 
65355      INFO  main            d.u.i.k.p.i.AbstractProblemLoader Creating init config 
68230      DEBUG main            d.u.i.k.p.i.AbstractProblemLoader Init config took 2.88s 
68250      INFO  main            d.u.i.k.p.i.AbstractProblemLoader Replaying proof attributes.key.proof 
68291      DEBUG main            d.u.i.k.p.i.IntermediateProofReplayer Proof replay took 38.29ms 
68292      DEBUG main            d.u.i.k.p.r.p.TestFile    ... success: reloaded. 
68293      INFO  main            d.u.i.k.p.r.p.TestFile    Now processing file /home/runner/work/key/key/key.core/../key.ui/examples/standard_key/java_dl/break.key 
68293      INFO  main            d.u.i.k.p.i.AbstractProblemLoader Loading environment from /home/runner/work/key/key/key.core/../key.ui/examples/standard_key/java_dl/break.key 
68294      DEBUG main            d.u.i.k.p.i.AbstractProblemLoader Environment load took 93.61ns 
68295      INFO  main            d.u.i.k.p.i.AbstractProblemLoader Creating init config 
68322      WARN  main            d.u.i.k.j.r.KeYCrossReferenceNameInfo Datatype java.io.PrintStream declared twice: Once in FILE:/home/runner/work/key/key/key.core/../key.ui/examples/standard_key/java_dl/classpath/PrintStream.java and once in URL:file:/home/runner/work/key/key/key.core/build/resources/main/de/uka/ilkd/key/java/JavaRedux/java/io/PrintStream.java, Keeping one from URL:file:/home/runner/work/key/key/key.core/build/resources/main/de/uka/ilkd/key/java/JavaRedux/java/io/PrintStream.java 
68322      WARN  main            d.u.i.k.j.r.KeYCrossReferenceNameInfo Datatype java.lang.System declared twice: Once in FILE:/home/runner/work/key/key/key.core/../key.ui/examples/standard_key/java_dl/classpath/System.java and once in URL:file:/home/runner/work/key/key/key.core/build/resources/main/de/uka/ilkd/key/java/JavaRedux/java/lang/System.java, Keeping one from URL:file:/home/runner/work/key/key/key.core/build/resources/main/de/uka/ilkd/key/java/JavaRedux/java/lang/System.java 
68323      WARN  main            d.u.i.k.j.r.KeYCrossReferenceNameInfo Datatype java.io.InputStream declared twice: Once in FILE:/home/runner/work/key/key/key.core/../key.ui/examples/standard_key/java_dl/classpath/InputStream.java and once in URL:file:/home/runner/work/key/key/key.core/build/resources/main/de/uka/ilkd/key/java/JavaRedux/java/io/InputStream.java, Keeping one from URL:file:/home/runner/work/key/key/key.core/build/resources/main/de/uka/ilkd/key/java/JavaRedux/java/io/InputStream.java 
68327      DEBUG main            d.u.i.k.j.r.ClassFileDeclarationBuilder Parsing: package java.io; public class Closeable { } 
68328      DEBUG main            r.s.KeYCrossReferenceSourceInfo Dynamically created class: java.io.Closeable 
71360      DEBUG main            d.u.i.k.p.i.AbstractProblemLoader Init config took 3.07s 
71380      INFO  main            d.u.i.k.p.i.AbstractProblemLoader Replaying proof break.key 
71382      DEBUG main            d.u.i.k.p.i.IntermediateProofReplayer Proof replay took 8.3ns 
71485      INFO  main            d.u.i.k.p.r.p.TestFile    ... finished proof: closed. 
71748      INFO  main            d.u.i.k.p.i.AbstractProblemLoader Loading environment from /home/runner/work/key/key/key.core/../key.ui/examples/standard_key/java_dl/break.key.proof 
71748      DEBUG main            d.u.i.k.p.i.AbstractProblemLoader Environment load took 136.31ns 
71749      INFO  main            d.u.i.k.p.i.AbstractProblemLoader Creating init config 
71777      WARN  main            d.u.i.k.j.r.KeYCrossReferenceNameInfo Datatype java.io.PrintStream declared twice: Once in FILE:/home/runner/work/key/key/key.core/../key.ui/examples/standard_key/java_dl/classpath/PrintStream.java and once in URL:file:/home/runner/work/key/key/key.core/build/resources/main/de/uka/ilkd/key/java/JavaRedux/java/io/PrintStream.java, Keeping one from URL:file:/home/runner/work/key/key/key.core/build/resources/main/de/uka/ilkd/key/java/JavaRedux/java/io/PrintStream.java 
71777      WARN  main            d.u.i.k.j.r.KeYCrossReferenceNameInfo Datatype java.lang.System declared twice: Once in FILE:/home/runner/work/key/key/key.core/../key.ui/examples/standard_key/java_dl/classpath/System.java and once in URL:file:/home/runner/work/key/key/key.core/build/resources/main/de/uka/ilkd/key/java/JavaRedux/java/lang/System.java, Keeping one from URL:file:/home/runner/work/key/key/key.core/build/resources/main/de/uka/ilkd/key/java/JavaRedux/java/lang/System.java 
71777      WARN  main            d.u.i.k.j.r.KeYCrossReferenceNameInfo Datatype java.io.InputStream declared twice: Once in FILE:/home/runner/work/key/key/key.core/../key.ui/examples/standard_key/java_dl/classpath/InputStream.java and once in URL:file:/home/runner/work/key/key/key.core/build/resources/main/de/uka/ilkd/key/java/JavaRedux/java/io/InputStream.java, Keeping one from URL:file:/home/runner/work/key/key/key.core/build/resources/main/de/uka/ilkd/key/java/JavaRedux/java/io/InputStream.java 
71782      DEBUG main            d.u.i.k.j.r.ClassFileDeclarationBuilder Parsing: package java.io; public class Closeable { } 
71782      DEBUG main            r.s.KeYCrossReferenceSourceInfo Dynamically created class: java.io.Closeable 
74576      DEBUG main            d.u.i.k.p.i.AbstractProblemLoader Init config took 2.83s 
74600      INFO  main            d.u.i.k.p.i.AbstractProblemLoader Replaying proof break.key.proof 
74609      DEBUG main            d.u.i.k.p.i.IntermediateProofReplayer Proof replay took 7.47ms 
74611      DEBUG main            d.u.i.k.p.r.p.TestFile    ... success: reloaded. 
74612      INFO  main            d.u.i.k.p.r.p.TestFile    Now processing file /home/runner/work/key/key/key.core/../key.ui/examples/standard_key/java_dl/char.key 
74612      INFO  main            d.u.i.k.p.i.AbstractProblemLoader Loading environment from /home/runner/work/key/key/key.core/../key.ui/examples/standard_key/java_dl/char.key 
74612      DEBUG main            d.u.i.k.p.i.AbstractProblemLoader Environment load took 159.31ns 
74613      INFO  main            d.u.i.k.p.i.AbstractProblemLoader Creating init config 
77386      DEBUG main            d.u.i.k.p.i.AbstractProblemLoader Init config took 2.77s 
77406      INFO  main            d.u.i.k.p.i.AbstractProblemLoader Replaying proof char.key 
77408      DEBUG main            d.u.i.k.p.i.IntermediateProofReplayer Proof replay took 7.8ns 
77525      INFO  main            d.u.i.k.p.r.p.TestFile    ... finished proof: closed. 
77760      INFO  main            d.u.i.k.p.i.AbstractProblemLoader Loading environment from /home/runner/work/key/key/key.core/../key.ui/examples/standard_key/java_dl/char.key.proof 
77760      DEBUG main            d.u.i.k.p.i.AbstractProblemLoader Environment load took 138.81ns 
77761      INFO  main            d.u.i.k.p.i.AbstractProblemLoader Creating init config 
80493      DEBUG main            d.u.i.k.p.i.AbstractProblemLoader Init config took 2.73s 
80513      INFO  main            d.u.i.k.p.i.AbstractProblemLoader Replaying proof char.key.proof 
80518      DEBUG main            d.u.i.k.p.i.IntermediateProofReplayer Proof replay took 2.52ms 
80519      DEBUG main            d.u.i.k.p.r.p.TestFile    ... success: reloaded. 
80519      INFO  main            d.u.i.k.p.r.p.TestFile    Now processing file /home/runner/work/key/key/key.core/../key.ui/examples/standard_key/java_dl/compileTimeConstants.key 
80520      INFO  main            d.u.i.k.p.i.AbstractProblemLoader Loading environment from /home/runner/work/key/key/key.core/../key.ui/examples/standard_key/java_dl/compileTimeConstants.key 
80520      DEBUG main            d.u.i.k.p.i.AbstractProblemLoader Environment load took 235.81ns 
80521      INFO  main            d.u.i.k.p.i.AbstractProblemLoader Creating init config 
83433      DEBUG main            d.u.i.k.p.i.AbstractProblemLoader Init config took 2.91s 
83452      INFO  main            d.u.i.k.p.i.AbstractProblemLoader Replaying proof compileTimeConstants.key 
83453      DEBUG main            d.u.i.k.p.i.IntermediateProofReplayer Proof replay took 7.8ns 
83557      INFO  main            d.u.i.k.p.r.p.TestFile    ... finished proof: closed. 
83790      INFO  main            d.u.i.k.p.i.AbstractProblemLoader Loading environment from /home/runner/work/key/key/key.core/../key.ui/examples/standard_key/java_dl/compileTimeConstants.key.proof 
83790      DEBUG main            d.u.i.k.p.i.AbstractProblemLoader Environment load took 131.41ns 
83791      INFO  main            d.u.i.k.p.i.AbstractProblemLoader Creating init config 
86657      DEBUG main            d.u.i.k.p.i.AbstractProblemLoader Init config took 2.87s 
86677      INFO  main            d.u.i.k.p.i.AbstractProblemLoader Replaying proof compileTimeConstants.key.proof 
86692      DEBUG main            d.u.i.k.p.i.IntermediateProofReplayer Proof replay took 11.53ms 
86693      DEBUG main            d.u.i.k.p.r.p.TestFile    ... success: reloaded. 
86694      INFO  main            d.u.i.k.p.r.p.TestFile    Now processing file /home/runner/work/key/key/key.core/../key.ui/examples/standard_key/java_dl/constructorException/test.key 
86694      INFO  main            d.u.i.k.p.i.AbstractProblemLoader Loading environment from /home/runner/work/key/key/key.core/../key.ui/examples/standard_key/java_dl/constructorException/test.key 
86694      DEBUG main            d.u.i.k.p.i.AbstractProblemLoader Environment load took 90.31ns 
86696      INFO  main            d.u.i.k.p.i.AbstractProblemLoader Creating init config 
89678      DEBUG main            d.u.i.k.p.i.AbstractProblemLoader Init config took 2.98s 
89746      INFO  main            d.u.i.k.p.i.AbstractProblemLoader Replaying proof Test[Test::Test(int)].JML operation contract.0 
89748      DEBUG main            d.u.i.k.p.i.IntermediateProofReplayer Proof replay took 7.7ns 
90075      INFO  main            d.u.i.k.p.r.p.TestFile    ... finished proof: closed. 
90375      INFO  main            d.u.i.k.p.i.AbstractProblemLoader Loading environment from /home/runner/work/key/key/key.core/../key.ui/examples/standard_key/java_dl/constructorException/test.key.proof 
90375      DEBUG main            d.u.i.k.p.i.AbstractProblemLoader Environment load took 133.81ns 
90378      INFO  main            d.u.i.k.p.i.AbstractProblemLoader Creating init config 
93279      DEBUG main            d.u.i.k.p.i.AbstractProblemLoader Init config took 2.9s 
93337      INFO  main            d.u.i.k.p.i.AbstractProblemLoader Replaying proof Test[Test::Test(int)].JML operation contract.0 
93389      DEBUG main            d.u.i.k.p.i.IntermediateProofReplayer Proof replay took 49.61ms 
93391      DEBUG main            d.u.i.k.p.r.p.TestFile    ... success: reloaded. 
93392      INFO  main            d.u.i.k.p.r.p.TestFile    Now processing file /home/runner/work/key/key/key.core/../key.ui/examples/standard_key/java_dl/constructorException/regressionTestBug1333.key 
93392      INFO  main            d.u.i.k.p.i.AbstractProblemLoader Loading environment from /home/runner/work/key/key/key.core/../key.ui/examples/standard_key/java_dl/constructorException/regressionTestBug1333.key 
93392      DEBUG main            d.u.i.k.p.i.AbstractProblemLoader Environment load took 218.21ns 
93393      INFO  main            d.u.i.k.p.i.AbstractProblemLoader Creating init config 
96216      DEBUG main            d.u.i.k.p.i.AbstractProblemLoader Init config took 2.82s 
96274      INFO  main            d.u.i.k.p.i.AbstractProblemLoader Replaying proof False[False::False()].JML normal_behavior operation contract.0 
96278      DEBUG main            d.u.i.k.p.i.IntermediateProofReplayer Proof replay took 7.9ns 
96382      INFO  main            d.u.i.k.p.r.p.TestFile    ... finished proof: open goal(s) 
96628      INFO  main            d.u.i.k.p.r.p.TestFile    Now processing file /home/runner/work/key/key/key.core/../key.ui/examples/standard_key/java_dl/continue1.key 
96629      INFO  main            d.u.i.k.p.i.AbstractProblemLoader Loading environment from /home/runner/work/key/key/key.core/../key.ui/examples/standard_key/java_dl/continue1.key 
96629      DEBUG main            d.u.i.k.p.i.AbstractProblemLoader Environment load took 115.91ns 
96630      INFO  main            d.u.i.k.p.i.AbstractProblemLoader Creating init config 
96656      WARN  main            d.u.i.k.j.r.KeYCrossReferenceNameInfo Datatype java.io.PrintStream declared twice: Once in FILE:/home/runner/work/key/key/key.core/../key.ui/examples/standard_key/java_dl/classpath/PrintStream.java and once in URL:file:/home/runner/work/key/key/key.core/build/resources/main/de/uka/ilkd/key/java/JavaRedux/java/io/PrintStream.java, Keeping one from URL:file:/home/runner/work/key/key/key.core/build/resources/main/de/uka/ilkd/key/java/JavaRedux/java/io/PrintStream.java 
96657      WARN  main            d.u.i.k.j.r.KeYCrossReferenceNameInfo Datatype java.lang.System declared twice: Once in FILE:/home/runner/work/key/key/key.core/../key.ui/examples/standard_key/java_dl/classpath/System.java and once in URL:file:/home/runner/work/key/key/key.core/build/resources/main/de/uka/ilkd/key/java/JavaRedux/java/lang/System.java, Keeping one from URL:file:/home/runner/work/key/key/key.core/build/resources/main/de/uka/ilkd/key/java/JavaRedux/java/lang/System.java 
96657      WARN  main            d.u.i.k.j.r.KeYCrossReferenceNameInfo Datatype java.io.InputStream declared twice: Once in FILE:/home/runner/work/key/key/key.core/../key.ui/examples/standard_key/java_dl/classpath/InputStream.java and once in URL:file:/home/runner/work/key/key/key.core/build/resources/main/de/uka/ilkd/key/java/JavaRedux/java/io/InputStream.java, Keeping one from URL:file:/home/runner/work/key/key/key.core/build/resources/main/de/uka/ilkd/key/java/JavaRedux/java/io/InputStream.java 
96661      DEBUG main            d.u.i.k.j.r.ClassFileDeclarationBuilder Parsing: package java.io; public class Closeable { } 
96662      DEBUG main            r.s.KeYCrossReferenceSourceInfo Dynamically created class: java.io.Closeable 
99407      DEBUG main            d.u.i.k.p.i.AbstractProblemLoader Init config took 2.78s 
99424      INFO  main            d.u.i.k.p.i.AbstractProblemLoader Replaying proof continue1.key 
99426      DEBUG main            d.u.i.k.p.i.IntermediateProofReplayer Proof replay took 7.1ns 
99528      INFO  main            d.u.i.k.p.r.p.TestFile    ... finished proof: closed. 
99768      INFO  main            d.u.i.k.p.i.AbstractProblemLoader Loading environment from /home/runner/work/key/key/key.core/../key.ui/examples/standard_key/java_dl/continue1.key.proof 
99768      DEBUG main            d.u.i.k.p.i.AbstractProblemLoader Environment load took 167.91ns 
99770      INFO  main            d.u.i.k.p.i.AbstractProblemLoader Creating init config 
99796      WARN  main            d.u.i.k.j.r.KeYCrossReferenceNameInfo Datatype java.io.PrintStream declared twice: Once in FILE:/home/runner/work/key/key/key.core/../key.ui/examples/standard_key/java_dl/classpath/PrintStream.java and once in URL:file:/home/runner/work/key/key/key.core/build/resources/main/de/uka/ilkd/key/java/JavaRedux/java/io/PrintStream.java, Keeping one from URL:file:/home/runner/work/key/key/key.core/build/resources/main/de/uka/ilkd/key/java/JavaRedux/java/io/PrintStream.java 
99796      WARN  main            d.u.i.k.j.r.KeYCrossReferenceNameInfo Datatype java.lang.System declared twice: Once in FILE:/home/runner/work/key/key/key.core/../key.ui/examples/standard_key/java_dl/classpath/System.java and once in URL:file:/home/runner/work/key/key/key.core/build/resources/main/de/uka/ilkd/key/java/JavaRedux/java/lang/System.java, Keeping one from URL:file:/home/runner/work/key/key/key.core/build/resources/main/de/uka/ilkd/key/java/JavaRedux/java/lang/System.java 
99797      WARN  main            d.u.i.k.j.r.KeYCrossReferenceNameInfo Datatype java.io.InputStream declared twice: Once in FILE:/home/runner/work/key/key/key.core/../key.ui/examples/standard_key/java_dl/classpath/InputStream.java and once in URL:file:/home/runner/work/key/key/key.core/build/resources/main/de/uka/ilkd/key/java/JavaRedux/java/io/InputStream.java, Keeping one from URL:file:/home/runner/work/key/key/key.core/build/resources/main/de/uka/ilkd/key/java/JavaRedux/java/io/InputStream.java 
99801      DEBUG main            d.u.i.k.j.r.ClassFileDeclarationBuilder Parsing: package java.io; public class Closeable { } 
99801      DEBUG main            r.s.KeYCrossReferenceSourceInfo Dynamically created class: java.io.Closeable 
102541     DEBUG main            d.u.i.k.p.i.AbstractProblemLoader Init config took 2.77s 
102563     INFO  main            d.u.i.k.p.i.AbstractProblemLoader Replaying proof continue1.key.proof 
102587     DEBUG main            d.u.i.k.p.i.IntermediateProofReplayer Proof replay took 20.38ms 
102590     DEBUG main            d.u.i.k.p.r.p.TestFile    ... success: reloaded. 
102594     INFO  main            d.u.i.k.p.r.p.TestFile    Now processing file /home/runner/work/key/key/key.core/../key.ui/examples/standard_key/java_dl/continue2.key 
102598     INFO  main            d.u.i.k.p.i.AbstractProblemLoader Loading environment from /home/runner/work/key/key/key.core/../key.ui/examples/standard_key/java_dl/continue2.key 
102599     DEBUG main            d.u.i.k.p.i.AbstractProblemLoader Environment load took 949.26ns 
102601     INFO  main            d.u.i.k.p.i.AbstractProblemLoader Creating init config 
102627     WARN  main            d.u.i.k.j.r.KeYCrossReferenceNameInfo Datatype java.io.PrintStream declared twice: Once in FILE:/home/runner/work/key/key/key.core/../key.ui/examples/standard_key/java_dl/classpath/PrintStream.java and once in URL:file:/home/runner/work/key/key/key.core/build/resources/main/de/uka/ilkd/key/java/JavaRedux/java/io/PrintStream.java, Keeping one from URL:file:/home/runner/work/key/key/key.core/build/resources/main/de/uka/ilkd/key/java/JavaRedux/java/io/PrintStream.java 
102627     WARN  main            d.u.i.k.j.r.KeYCrossReferenceNameInfo Datatype java.lang.System declared twice: Once in FILE:/home/runner/work/key/key/key.core/../key.ui/examples/standard_key/java_dl/classpath/System.java and once in URL:file:/home/runner/work/key/key/key.core/build/resources/main/de/uka/ilkd/key/java/JavaRedux/java/lang/System.java, Keeping one from URL:file:/home/runner/work/key/key/key.core/build/resources/main/de/uka/ilkd/key/java/JavaRedux/java/lang/System.java 
102629     WARN  main            d.u.i.k.j.r.KeYCrossReferenceNameInfo Datatype java.io.InputStream declared twice: Once in FILE:/home/runner/work/key/key/key.core/../key.ui/examples/standard_key/java_dl/classpath/InputStream.java and once in URL:file:/home/runner/work/key/key/key.core/build/resources/main/de/uka/ilkd/key/java/JavaRedux/java/io/InputStream.java, Keeping one from URL:file:/home/runner/work/key/key/key.core/build/resources/main/de/uka/ilkd/key/java/JavaRedux/java/io/InputStream.java 
102633     DEBUG main            d.u.i.k.j.r.ClassFileDeclarationBuilder Parsing: package java.io; public class Closeable { } 
102634     DEBUG main            r.s.KeYCrossReferenceSourceInfo Dynamically created class: java.io.Closeable 
105460     DEBUG main            d.u.i.k.p.i.AbstractProblemLoader Init config took 2.86s 
105477     INFO  main            d.u.i.k.p.i.AbstractProblemLoader Replaying proof continue2.key 
105480     DEBUG main            d.u.i.k.p.i.IntermediateProofReplayer Proof replay took 8.4ns 
105783     INFO  main            d.u.i.k.p.r.p.TestFile    ... finished proof: closed. 
106059     INFO  main            d.u.i.k.p.i.AbstractProblemLoader Loading environment from /home/runner/work/key/key/key.core/../key.ui/examples/standard_key/java_dl/continue2.key.proof 
106059     DEBUG main            d.u.i.k.p.i.AbstractProblemLoader Environment load took 553.23ns 
106061     INFO  main            d.u.i.k.p.i.AbstractProblemLoader Creating init config 
106107     WARN  main            d.u.i.k.j.r.KeYCrossReferenceNameInfo Datatype java.io.PrintStream declared twice: Once in FILE:/home/runner/work/key/key/key.core/../key.ui/examples/standard_key/java_dl/classpath/PrintStream.java and once in URL:file:/home/runner/work/key/key/key.core/build/resources/main/de/uka/ilkd/key/java/JavaRedux/java/io/PrintStream.java, Keeping one from URL:file:/home/runner/work/key/key/key.core/build/resources/main/de/uka/ilkd/key/java/JavaRedux/java/io/PrintStream.java 
106108     WARN  main            d.u.i.k.j.r.KeYCrossReferenceNameInfo Datatype java.lang.System declared twice: Once in FILE:/home/runner/work/key/key/key.core/../key.ui/examples/standard_key/java_dl/classpath/System.java and once in URL:file:/home/runner/work/key/key/key.core/build/resources/main/de/uka/ilkd/key/java/JavaRedux/java/lang/System.java, Keeping one from URL:file:/home/runner/work/key/key/key.core/build/resources/main/de/uka/ilkd/key/java/JavaRedux/java/lang/System.java 
106108     WARN  main            d.u.i.k.j.r.KeYCrossReferenceNameInfo Datatype java.io.InputStream declared twice: Once in FILE:/home/runner/work/key/key/key.core/../key.ui/examples/standard_key/java_dl/classpath/InputStream.java and once in URL:file:/home/runner/work/key/key/key.core/build/resources/main/de/uka/ilkd/key/java/JavaRedux/java/io/InputStream.java, Keeping one from URL:file:/home/runner/work/key/key/key.core/build/resources/main/de/uka/ilkd/key/java/JavaRedux/java/io/InputStream.java 
106112     DEBUG main            d.u.i.k.j.r.ClassFileDeclarationBuilder Parsing: package java.io; public class Closeable { } 
106112     DEBUG main            r.s.KeYCrossReferenceSourceInfo Dynamically created class: java.io.Closeable 
108866     DEBUG main            d.u.i.k.p.i.AbstractProblemLoader Init config took 2.81s 
108883     INFO  main            d.u.i.k.p.i.AbstractProblemLoader Replaying proof continue2.key.proof 
108949     DEBUG main            d.u.i.k.p.i.IntermediateProofReplayer Proof replay took 62.31ms 
108950     DEBUG main            d.u.i.k.p.r.p.TestFile    ... success: reloaded. 
108952     INFO  main            d.u.i.k.p.r.p.TestFile    Now processing file /home/runner/work/key/key/key.core/../key.ui/examples/standard_key/java_dl/complexAssignment.key 
108952     INFO  main            d.u.i.k.p.i.AbstractProblemLoader Loading environment from /home/runner/work/key/key/key.core/../key.ui/examples/standard_key/java_dl/complexAssignment.key 
108952     DEBUG main            d.u.i.k.p.i.AbstractProblemLoader Environment load took 141.51ns 
108954     INFO  main            d.u.i.k.p.i.AbstractProblemLoader Creating init config 
111797     DEBUG main            d.u.i.k.p.i.AbstractProblemLoader Init config took 2.84s 
111815     INFO  main            d.u.i.k.p.i.AbstractProblemLoader Replaying proof complexAssignment.key 
111818     DEBUG main            d.u.i.k.p.i.IntermediateProofReplayer Proof replay took 8.1ns 
111922     INFO  main            d.u.i.k.p.r.p.TestFile    ... finished proof: closed. 
112196     INFO  main            d.u.i.k.p.i.AbstractProblemLoader Loading environment from /home/runner/work/key/key/key.core/../key.ui/examples/standard_key/java_dl/complexAssignment.key.proof 
112196     DEBUG main            d.u.i.k.p.i.AbstractProblemLoader Environment load took 109.61ns 
112198     INFO  main            d.u.i.k.p.i.AbstractProblemLoader Creating init config 
114906     DEBUG main            d.u.i.k.p.i.AbstractProblemLoader Init config took 2.71s 
114923     INFO  main            d.u.i.k.p.i.AbstractProblemLoader Replaying proof complexAssignment.key.proof 
114931     DEBUG main            d.u.i.k.p.i.IntermediateProofReplayer Proof replay took 5.67ms 
114932     DEBUG main            d.u.i.k.p.r.p.TestFile    ... success: reloaded. 
114933     INFO  main            d.u.i.k.p.r.p.TestFile    Now processing file /home/runner/work/key/key/key.core/../key.ui/examples/standard_key/java_dl/danglingElseSolution1.key 
114933     INFO  main            d.u.i.k.p.i.AbstractProblemLoader Loading environment from /home/runner/work/key/key/key.core/../key.ui/examples/standard_key/java_dl/danglingElseSolution1.key 
114933     DEBUG main            d.u.i.k.p.i.AbstractProblemLoader Environment load took 89.61ns 
114934     INFO  main            d.u.i.k.p.i.AbstractProblemLoader Creating init config 
117711     DEBUG main            d.u.i.k.p.i.AbstractProblemLoader Init config took 2.78s 
117728     INFO  main            d.u.i.k.p.i.AbstractProblemLoader Replaying proof danglingElseSolution1.key 
117730     DEBUG main            d.u.i.k.p.i.IntermediateProofReplayer Proof replay took 8.3ns 
117833     INFO  main            d.u.i.k.p.r.p.TestFile    ... finished proof: closed. 
118104     INFO  main            d.u.i.k.p.i.AbstractProblemLoader Loading environment from /home/runner/work/key/key/key.core/../key.ui/examples/standard_key/java_dl/danglingElseSolution1.key.proof 
118104     DEBUG main            d.u.i.k.p.i.AbstractProblemLoader Environment load took 137.21ns 
118105     INFO  main            d.u.i.k.p.i.AbstractProblemLoader Creating init config 
120793     DEBUG main            d.u.i.k.p.i.AbstractProblemLoader Init config took 2.69s 
120813     INFO  main            d.u.i.k.p.i.AbstractProblemLoader Replaying proof danglingElseSolution1.key.proof 
120836     DEBUG main            d.u.i.k.p.i.IntermediateProofReplayer Proof replay took 17.94ms 
120837     DEBUG main            d.u.i.k.p.r.p.TestFile    ... success: reloaded. 
120837     INFO  main            d.u.i.k.p.r.p.TestFile    Now processing file /home/runner/work/key/key/key.core/../key.ui/examples/standard_key/java_dl/danglingElseSolution2.key 
120838     INFO  main            d.u.i.k.p.i.AbstractProblemLoader Loading environment from /home/runner/work/key/key/key.core/../key.ui/examples/standard_key/java_dl/danglingElseSolution2.key 
120838     DEBUG main            d.u.i.k.p.i.AbstractProblemLoader Environment load took 93.11ns 
120839     INFO  main            d.u.i.k.p.i.AbstractProblemLoader Creating init config 
123661     DEBUG main            d.u.i.k.p.i.AbstractProblemLoader Init config took 2.82s 
123680     INFO  main            d.u.i.k.p.i.AbstractProblemLoader Replaying proof danglingElseSolution2.key 
123681     DEBUG main            d.u.i.k.p.i.IntermediateProofReplayer Proof replay took 8.2ns 
123784     INFO  main            d.u.i.k.p.r.p.TestFile    ... finished proof: closed. 
124081     INFO  main            d.u.i.k.p.i.AbstractProblemLoader Loading environment from /home/runner/work/key/key/key.core/../key.ui/examples/standard_key/java_dl/danglingElseSolution2.key.proof 
124081     DEBUG main            d.u.i.k.p.i.AbstractProblemLoader Environment load took 233.01ns 
124082     INFO  main            d.u.i.k.p.i.AbstractProblemLoader Creating init config 
126760     DEBUG main            d.u.i.k.p.i.AbstractProblemLoader Init config took 2.68s 
126778     INFO  main            d.u.i.k.p.i.AbstractProblemLoader Replaying proof danglingElseSolution2.key.proof 
126788     DEBUG main            d.u.i.k.p.i.IntermediateProofReplayer Proof replay took 7.84ms 
126789     DEBUG main            d.u.i.k.p.r.p.TestFile    ... success: reloaded. 
126790     INFO  main            d.u.i.k.p.r.p.TestFile    Now processing file /home/runner/work/key/key/key.core/../key.ui/examples/standard_key/java_dl/deepNonNull/deepNonNull0.key 
126790     INFO  main            d.u.i.k.p.i.AbstractProblemLoader Loading environment from /home/runner/work/key/key/key.core/../key.ui/examples/standard_key/java_dl/deepNonNull/deepNonNull0.key 
126791     DEBUG main            d.u.i.k.p.i.AbstractProblemLoader Environment load took 188.91ns 
126792     INFO  main            d.u.i.k.p.i.AbstractProblemLoader Creating init config 
129784     DEBUG main            d.u.i.k.p.i.AbstractProblemLoader Init config took 2.99s 
129858     INFO  main            d.u.i.k.p.i.AbstractProblemLoader Replaying proof Arrays[Arrays::get()].JML operation contract.0 
129860     DEBUG main            d.u.i.k.p.i.IntermediateProofReplayer Proof replay took 10.9ns 
130065     INFO  main            d.u.i.k.p.r.p.TestFile    ... finished proof: closed. 
130395     INFO  main            d.u.i.k.p.i.AbstractProblemLoader Loading environment from /home/runner/work/key/key/key.core/../key.ui/examples/standard_key/java_dl/deepNonNull/deepNonNull0.key.proof 
130395     DEBUG main            d.u.i.k.p.i.AbstractProblemLoader Environment load took 133.21ns 
130400     INFO  main            d.u.i.k.p.i.AbstractProblemLoader Creating init config 
133302     DEBUG main            d.u.i.k.p.i.AbstractProblemLoader Init config took 2.9s 
133351     INFO  main            d.u.i.k.p.i.AbstractProblemLoader Replaying proof Arrays[Arrays::get()].JML operation contract.0 
133391     DEBUG main            d.u.i.k.p.i.IntermediateProofReplayer Proof replay took 37.89ms 
133395     DEBUG main            d.u.i.k.p.r.p.TestFile    ... success: reloaded. 
133396     INFO  main            d.u.i.k.p.r.p.TestFile    Now processing file /home/runner/work/key/key/key.core/../key.ui/examples/standard_key/java_dl/deepNonNull/deepNonNull1.key 
133397     INFO  main            d.u.i.k.p.i.AbstractProblemLoader Loading environment from /home/runner/work/key/key/key.core/../key.ui/examples/standard_key/java_dl/deepNonNull/deepNonNull1.key 
133397     DEBUG main            d.u.i.k.p.i.AbstractProblemLoader Environment load took 239.72ns 
133398     INFO  main            d.u.i.k.p.i.AbstractProblemLoader Creating init config 
136271     DEBUG main            d.u.i.k.p.i.AbstractProblemLoader Init config took 2.87s 
136314     INFO  main            d.u.i.k.p.i.AbstractProblemLoader Replaying proof Arrays[Arrays::head()].JML operation contract.0 
136316     DEBUG main            d.u.i.k.p.i.IntermediateProofReplayer Proof replay took 7.7ns 
136518     INFO  main            d.u.i.k.p.r.p.TestFile    ... finished proof: closed. 
136807     INFO  main            d.u.i.k.p.i.AbstractProblemLoader Loading environment from /home/runner/work/key/key/key.core/../key.ui/examples/standard_key/java_dl/deepNonNull/deepNonNull1.key.proof 
136808     DEBUG main            d.u.i.k.p.i.AbstractProblemLoader Environment load took 584.34ns 
136809     INFO  main            d.u.i.k.p.i.AbstractProblemLoader Creating init config 
139671     DEBUG main            d.u.i.k.p.i.AbstractProblemLoader Init config took 2.86s 
139712     INFO  main            d.u.i.k.p.i.AbstractProblemLoader Replaying proof Arrays[Arrays::head()].JML operation contract.0 
139734     DEBUG main            d.u.i.k.p.i.IntermediateProofReplayer Proof replay took 18.81ms 
139735     DEBUG main            d.u.i.k.p.r.p.TestFile    ... success: reloaded. 
139735     INFO  main            d.u.i.k.p.r.p.TestFile    Now processing file /home/runner/work/key/key/key.core/../key.ui/examples/standard_key/java_dl/deepNonNull/deepNonNull2.key 
139736     INFO  main            d.u.i.k.p.i.AbstractProblemLoader Loading environment from /home/runner/work/key/key/key.core/../key.ui/examples/standard_key/java_dl/deepNonNull/deepNonNull2.key 
139736     DEBUG main            d.u.i.k.p.i.AbstractProblemLoader Environment load took 159.41ns 
139737     INFO  main            d.u.i.k.p.i.AbstractProblemLoader Creating init config 
142531     DEBUG main            d.u.i.k.p.i.AbstractProblemLoader Init config took 2.79s 
142572     INFO  main            d.u.i.k.p.i.AbstractProblemLoader Replaying proof Arrays[Arrays::unprovable(java.lang.Object)].JML operation contract.0 
142574     DEBUG main            d.u.i.k.p.i.IntermediateProofReplayer Proof replay took 8.2ns 
142681     INFO  main            d.u.i.k.p.r.p.TestFile    ... finished proof: open goal(s) 
142977     INFO  main            d.u.i.k.p.r.p.TestFile    Now processing file /home/runner/work/key/key/key.core/../key.ui/examples/standard_key/java_dl/deepNonNull/deepNonNull3.key 
142977     INFO  main            d.u.i.k.p.i.AbstractProblemLoader Loading environment from /home/runner/work/key/key/key.core/../key.ui/examples/standard_key/java_dl/deepNonNull/deepNonNull3.key 
142978     DEBUG main            d.u.i.k.p.i.AbstractProblemLoader Environment load took 66.4ns 
142978     INFO  main            d.u.i.k.p.i.AbstractProblemLoader Creating init config 
145722     DEBUG main            d.u.i.k.p.i.AbstractProblemLoader Init config took 2.74s 
145763     INFO  main            d.u.i.k.p.i.AbstractProblemLoader Replaying proof Arrays[Arrays::head([[[[Ljava.lang.Object)].JML operation contract.0 
145764     DEBUG main            d.u.i.k.p.i.IntermediateProofReplayer Proof replay took 7.7ns 
146671     INFO  main            d.u.i.k.p.r.p.TestFile    ... finished proof: closed. 
146978     INFO  main            d.u.i.k.p.i.AbstractProblemLoader Loading environment from /home/runner/work/key/key/key.core/../key.ui/examples/standard_key/java_dl/deepNonNull/deepNonNull3.key.proof 
146978     DEBUG main            d.u.i.k.p.i.AbstractProblemLoader Environment load took 124.11ns 
146979     INFO  main            d.u.i.k.p.i.AbstractProblemLoader Creating init config 
149738     DEBUG main            d.u.i.k.p.i.AbstractProblemLoader Init config took 2.76s 
149782     INFO  main            d.u.i.k.p.i.AbstractProblemLoader Replaying proof Arrays[Arrays::head([[[[Ljava.lang.Object)].JML operation contract.0 
149864     DEBUG main            d.u.i.k.p.i.IntermediateProofReplayer Proof replay took 70.68ms 
149866     DEBUG main            d.u.i.k.p.r.p.TestFile    ... success: reloaded. 
149867     INFO  main            d.u.i.k.p.r.p.TestFile    Now processing file /home/runner/work/key/key/key.core/../key.ui/examples/standard_key/java_dl/exceptions.key 
149867     INFO  main            d.u.i.k.p.i.AbstractProblemLoader Loading environment from /home/runner/work/key/key/key.core/../key.ui/examples/standard_key/java_dl/exceptions.key 
149867     DEBUG main            d.u.i.k.p.i.AbstractProblemLoader Environment load took 185.31ns 
149868     INFO  main            d.u.i.k.p.i.AbstractProblemLoader Creating init config 
149905     WARN  main            d.u.i.k.j.r.KeYCrossReferenceNameInfo Datatype java.io.PrintStream declared twice: Once in FILE:/home/runner/work/key/key/key.core/../key.ui/examples/standard_key/java_dl/classpath/PrintStream.java and once in URL:file:/home/runner/work/key/key/key.core/build/resources/main/de/uka/ilkd/key/java/JavaRedux/java/io/PrintStream.java, Keeping one from URL:file:/home/runner/work/key/key/key.core/build/resources/main/de/uka/ilkd/key/java/JavaRedux/java/io/PrintStream.java 
149906     WARN  main            d.u.i.k.j.r.KeYCrossReferenceNameInfo Datatype java.lang.System declared twice: Once in FILE:/home/runner/work/key/key/key.core/../key.ui/examples/standard_key/java_dl/classpath/System.java and once in URL:file:/home/runner/work/key/key/key.core/build/resources/main/de/uka/ilkd/key/java/JavaRedux/java/lang/System.java, Keeping one from URL:file:/home/runner/work/key/key/key.core/build/resources/main/de/uka/ilkd/key/java/JavaRedux/java/lang/System.java 
149906     WARN  main            d.u.i.k.j.r.KeYCrossReferenceNameInfo Datatype java.io.InputStream declared twice: Once in FILE:/home/runner/work/key/key/key.core/../key.ui/examples/standard_key/java_dl/classpath/InputStream.java and once in URL:file:/home/runner/work/key/key/key.core/build/resources/main/de/uka/ilkd/key/java/JavaRedux/java/io/InputStream.java, Keeping one from URL:file:/home/runner/work/key/key/key.core/build/resources/main/de/uka/ilkd/key/java/JavaRedux/java/io/InputStream.java 
149910     DEBUG main            d.u.i.k.j.r.ClassFileDeclarationBuilder Parsing: package java.io; public class Closeable { } 
149910     DEBUG main            r.s.KeYCrossReferenceSourceInfo Dynamically created class: java.io.Closeable 
152796     DEBUG main            d.u.i.k.p.i.AbstractProblemLoader Init config took 2.93s 
152813     INFO  main            d.u.i.k.p.i.AbstractProblemLoader Replaying proof exceptions.key 
152814     DEBUG main            d.u.i.k.p.i.IntermediateProofReplayer Proof replay took 8.9ns 
153018     INFO  main            d.u.i.k.p.r.p.TestFile    ... finished proof: closed. 
153321     INFO  main            d.u.i.k.p.i.AbstractProblemLoader Loading environment from /home/runner/work/key/key/key.core/../key.ui/examples/standard_key/java_dl/exceptions.key.proof 
153321     DEBUG main            d.u.i.k.p.i.AbstractProblemLoader Environment load took 96.11ns 
153322     INFO  main            d.u.i.k.p.i.AbstractProblemLoader Creating init config 
153350     WARN  main            d.u.i.k.j.r.KeYCrossReferenceNameInfo Datatype java.io.PrintStream declared twice: Once in FILE:/home/runner/work/key/key/key.core/../key.ui/examples/standard_key/java_dl/classpath/PrintStream.java and once in URL:file:/home/runner/work/key/key/key.core/build/resources/main/de/uka/ilkd/key/java/JavaRedux/java/io/PrintStream.java, Keeping one from URL:file:/home/runner/work/key/key/key.core/build/resources/main/de/uka/ilkd/key/java/JavaRedux/java/io/PrintStream.java 
153351     WARN  main            d.u.i.k.j.r.KeYCrossReferenceNameInfo Datatype java.lang.System declared twice: Once in FILE:/home/runner/work/key/key/key.core/../key.ui/examples/standard_key/java_dl/classpath/System.java and once in URL:file:/home/runner/work/key/key/key.core/build/resources/main/de/uka/ilkd/key/java/JavaRedux/java/lang/System.java, Keeping one from URL:file:/home/runner/work/key/key/key.core/build/resources/main/de/uka/ilkd/key/java/JavaRedux/java/lang/System.java 
153351     WARN  main            d.u.i.k.j.r.KeYCrossReferenceNameInfo Datatype java.io.InputStream declared twice: Once in FILE:/home/runner/work/key/key/key.core/../key.ui/examples/standard_key/java_dl/classpath/InputStream.java and once in URL:file:/home/runner/work/key/key/key.core/build/resources/main/de/uka/ilkd/key/java/JavaRedux/java/io/InputStream.java, Keeping one from URL:file:/home/runner/work/key/key/key.core/build/resources/main/de/uka/ilkd/key/java/JavaRedux/java/io/InputStream.java 
153356     DEBUG main            d.u.i.k.j.r.ClassFileDeclarationBuilder Parsing: package java.io; public class Closeable { } 
153356     DEBUG main            r.s.KeYCrossReferenceSourceInfo Dynamically created class: java.io.Closeable 
156184     DEBUG main            d.u.i.k.p.i.AbstractProblemLoader Init config took 2.86s 
156200     INFO  main            d.u.i.k.p.i.AbstractProblemLoader Replaying proof exceptions.key.proof 
156236     DEBUG main            d.u.i.k.p.i.IntermediateProofReplayer Proof replay took 34.04ms 
156238     DEBUG main            d.u.i.k.p.r.p.TestFile    ... success: reloaded. 
156239     INFO  main            d.u.i.k.p.r.p.TestFile    Now processing file /home/runner/work/key/key/key.core/../key.ui/examples/standard_key/java_dl/exceptions1.key 
156239     INFO  main            d.u.i.k.p.i.AbstractProblemLoader Loading environment from /home/runner/work/key/key/key.core/../key.ui/examples/standard_key/java_dl/exceptions1.key 
156239     DEBUG main            d.u.i.k.p.i.AbstractProblemLoader Environment load took 85.81ns 
156240     INFO  main            d.u.i.k.p.i.AbstractProblemLoader Creating init config 
158937     DEBUG main            d.u.i.k.p.i.AbstractProblemLoader Init config took 2.7s 
158958     INFO  main            d.u.i.k.p.i.AbstractProblemLoader Replaying proof exceptions1.key 
158962     DEBUG main            d.u.i.k.p.i.IntermediateProofReplayer Proof replay took 9.3ns 
159165     INFO  main            d.u.i.k.p.r.p.TestFile    ... finished proof: closed. 
159486     INFO  main            d.u.i.k.p.i.AbstractProblemLoader Loading environment from /home/runner/work/key/key/key.core/../key.ui/examples/standard_key/java_dl/exceptions1.key.proof 
159486     DEBUG main            d.u.i.k.p.i.AbstractProblemLoader Environment load took 93.8ns 
159488     INFO  main            d.u.i.k.p.i.AbstractProblemLoader Creating init config 
162199     DEBUG main            d.u.i.k.p.i.AbstractProblemLoader Init config took 2.71s 
162217     INFO  main            d.u.i.k.p.i.AbstractProblemLoader Replaying proof exceptions1.key.proof 
162249     DEBUG main            d.u.i.k.p.i.IntermediateProofReplayer Proof replay took 29.16ms 
162250     DEBUG main            d.u.i.k.p.r.p.TestFile    ... success: reloaded. 
162251     INFO  main            d.u.i.k.p.r.p.TestFile    Now processing file /home/runner/work/key/key/key.core/../key.ui/examples/standard_key/java_dl/exceptions2.key 
162251     INFO  main            d.u.i.k.p.i.AbstractProblemLoader Loading environment from /home/runner/work/key/key/key.core/../key.ui/examples/standard_key/java_dl/exceptions2.key 
162251     DEBUG main            d.u.i.k.p.i.AbstractProblemLoader Environment load took 86.2ns 
162252     INFO  main            d.u.i.k.p.i.AbstractProblemLoader Creating init config 
165073     DEBUG main            d.u.i.k.p.i.AbstractProblemLoader Init config took 2.82s 
165090     INFO  main            d.u.i.k.p.i.AbstractProblemLoader Replaying proof exceptions2.key 
165094     DEBUG main            d.u.i.k.p.i.IntermediateProofReplayer Proof replay took 9.2ns 
165297     INFO  main            d.u.i.k.p.r.p.TestFile    ... finished proof: closed. 
165621     INFO  main            d.u.i.k.p.i.AbstractProblemLoader Loading environment from /home/runner/work/key/key/key.core/../key.ui/examples/standard_key/java_dl/exceptions2.key.proof 
165621     DEBUG main            d.u.i.k.p.i.AbstractProblemLoader Environment load took 111.11ns 
165622     INFO  main            d.u.i.k.p.i.AbstractProblemLoader Creating init config 
168277     DEBUG main            d.u.i.k.p.i.AbstractProblemLoader Init config took 2.65s 
168294     INFO  main            d.u.i.k.p.i.AbstractProblemLoader Replaying proof exceptions2.key.proof 
168326     DEBUG main            d.u.i.k.p.i.IntermediateProofReplayer Proof replay took 29.48ms 
168327     DEBUG main            d.u.i.k.p.r.p.TestFile    ... success: reloaded. 
168328     INFO  main            d.u.i.k.p.r.p.TestFile    Now processing file /home/runner/work/key/key/key.core/../key.ui/examples/standard_key/java_dl/exceptions3.key 
168328     INFO  main            d.u.i.k.p.i.AbstractProblemLoader Loading environment from /home/runner/work/key/key/key.core/../key.ui/examples/standard_key/java_dl/exceptions3.key 
168328     DEBUG main            d.u.i.k.p.i.AbstractProblemLoader Environment load took 75.8ns 
168329     INFO  main            d.u.i.k.p.i.AbstractProblemLoader Creating init config 
168374     WARN  main            d.u.i.k.j.r.KeYCrossReferenceNameInfo Datatype java.io.PrintStream declared twice: Once in FILE:/home/runner/work/key/key/key.core/../key.ui/examples/standard_key/java_dl/classpath/PrintStream.java and once in URL:file:/home/runner/work/key/key/key.core/build/resources/main/de/uka/ilkd/key/java/JavaRedux/java/io/PrintStream.java, Keeping one from URL:file:/home/runner/work/key/key/key.core/build/resources/main/de/uka/ilkd/key/java/JavaRedux/java/io/PrintStream.java 
168375     WARN  main            d.u.i.k.j.r.KeYCrossReferenceNameInfo Datatype java.lang.System declared twice: Once in FILE:/home/runner/work/key/key/key.core/../key.ui/examples/standard_key/java_dl/classpath/System.java and once in URL:file:/home/runner/work/key/key/key.core/build/resources/main/de/uka/ilkd/key/java/JavaRedux/java/lang/System.java, Keeping one from URL:file:/home/runner/work/key/key/key.core/build/resources/main/de/uka/ilkd/key/java/JavaRedux/java/lang/System.java 
168375     WARN  main            d.u.i.k.j.r.KeYCrossReferenceNameInfo Datatype java.io.InputStream declared twice: Once in FILE:/home/runner/work/key/key/key.core/../key.ui/examples/standard_key/java_dl/classpath/InputStream.java and once in URL:file:/home/runner/work/key/key/key.core/build/resources/main/de/uka/ilkd/key/java/JavaRedux/java/io/InputStream.java, Keeping one from URL:file:/home/runner/work/key/key/key.core/build/resources/main/de/uka/ilkd/key/java/JavaRedux/java/io/InputStream.java 
168379     DEBUG main            d.u.i.k.j.r.ClassFileDeclarationBuilder Parsing: package java.io; public class Closeable { } 
168379     DEBUG main            r.s.KeYCrossReferenceSourceInfo Dynamically created class: java.io.Closeable 
171232     DEBUG main            d.u.i.k.p.i.AbstractProblemLoader Init config took 2.9s 
171249     INFO  main            d.u.i.k.p.i.AbstractProblemLoader Replaying proof exceptions3.key 
171250     DEBUG main            d.u.i.k.p.i.IntermediateProofReplayer Proof replay took 7.8ns 
171353     INFO  main            d.u.i.k.p.r.p.TestFile    ... finished proof: closed. 
171678     INFO  main            d.u.i.k.p.i.AbstractProblemLoader Loading environment from /home/runner/work/key/key/key.core/../key.ui/examples/standard_key/java_dl/exceptions3.key.proof 
171678     DEBUG main            d.u.i.k.p.i.AbstractProblemLoader Environment load took 99.31ns 
171681     INFO  main            d.u.i.k.p.i.AbstractProblemLoader Creating init config 
171714     WARN  main            d.u.i.k.j.r.KeYCrossReferenceNameInfo Datatype java.io.PrintStream declared twice: Once in FILE:/home/runner/work/key/key/key.core/../key.ui/examples/standard_key/java_dl/classpath/PrintStream.java and once in URL:file:/home/runner/work/key/key/key.core/build/resources/main/de/uka/ilkd/key/java/JavaRedux/java/io/PrintStream.java, Keeping one from URL:file:/home/runner/work/key/key/key.core/build/resources/main/de/uka/ilkd/key/java/JavaRedux/java/io/PrintStream.java 
171714     WARN  main            d.u.i.k.j.r.KeYCrossReferenceNameInfo Datatype java.lang.System declared twice: Once in FILE:/home/runner/work/key/key/key.core/../key.ui/examples/standard_key/java_dl/classpath/System.java and once in URL:file:/home/runner/work/key/key/key.core/build/resources/main/de/uka/ilkd/key/java/JavaRedux/java/lang/System.java, Keeping one from URL:file:/home/runner/work/key/key/key.core/build/resources/main/de/uka/ilkd/key/java/JavaRedux/java/lang/System.java 
171714     WARN  main            d.u.i.k.j.r.KeYCrossReferenceNameInfo Datatype java.io.InputStream declared twice: Once in FILE:/home/runner/work/key/key/key.core/../key.ui/examples/standard_key/java_dl/classpath/InputStream.java and once in URL:file:/home/runner/work/key/key/key.core/build/resources/main/de/uka/ilkd/key/java/JavaRedux/java/io/InputStream.java, Keeping one from URL:file:/home/runner/work/key/key/key.core/build/resources/main/de/uka/ilkd/key/java/JavaRedux/java/io/InputStream.java 
171721     DEBUG main            d.u.i.k.j.r.ClassFileDeclarationBuilder Parsing: package java.io; public class Closeable { } 
171721     DEBUG main            r.s.KeYCrossReferenceSourceInfo Dynamically created class: java.io.Closeable 
174435     DEBUG main            d.u.i.k.p.i.AbstractProblemLoader Init config took 2.75s 
174451     INFO  main            d.u.i.k.p.i.AbstractProblemLoader Replaying proof exceptions3.key.proof 
174456     DEBUG main            d.u.i.k.p.i.IntermediateProofReplayer Proof replay took 3.12ms 
174458     DEBUG main            d.u.i.k.p.r.p.TestFile    ... success: reloaded. 
174458     INFO  main            d.u.i.k.p.r.p.TestFile    Now processing file /home/runner/work/key/key/key.core/../key.ui/examples/standard_key/java_dl/exchange.key 
174459     INFO  main            d.u.i.k.p.i.AbstractProblemLoader Loading environment from /home/runner/work/key/key/key.core/../key.ui/examples/standard_key/java_dl/exchange.key 
174459     DEBUG main            d.u.i.k.p.i.AbstractProblemLoader Environment load took 68.1ns 
174460     INFO  main            d.u.i.k.p.i.AbstractProblemLoader Creating init config 
177156     DEBUG main            d.u.i.k.p.i.AbstractProblemLoader Init config took 2.7s 
177173     INFO  main            d.u.i.k.p.i.AbstractProblemLoader Replaying proof exchange.key 
177175     DEBUG main            d.u.i.k.p.i.IntermediateProofReplayer Proof replay took 8.7ns 
177277     INFO  main            d.u.i.k.p.r.p.TestFile    ... finished proof: closed. 
177600     INFO  main            d.u.i.k.p.i.AbstractProblemLoader Loading environment from /home/runner/work/key/key/key.core/../key.ui/examples/standard_key/java_dl/exchange.key.proof 
177600     DEBUG main            d.u.i.k.p.i.AbstractProblemLoader Environment load took 98.91ns 
177601     INFO  main            d.u.i.k.p.i.AbstractProblemLoader Creating init config 
180292     DEBUG main            d.u.i.k.p.i.AbstractProblemLoader Init config took 2.69s 
180311     INFO  main            d.u.i.k.p.i.AbstractProblemLoader Replaying proof exchange.key.proof 
180318     DEBUG main            d.u.i.k.p.i.IntermediateProofReplayer Proof replay took 4.85ms 
180319     DEBUG main            d.u.i.k.p.r.p.TestFile    ... success: reloaded. 
180320     INFO  main            d.u.i.k.p.r.p.TestFile    Now processing file /home/runner/work/key/key/key.core/../key.ui/examples/standard_key/java_dl/if.key 
180320     INFO  main            d.u.i.k.p.i.AbstractProblemLoader Loading environment from /home/runner/work/key/key/key.core/../key.ui/examples/standard_key/java_dl/if.key 
180320     DEBUG main            d.u.i.k.p.i.AbstractProblemLoader Environment load took 182.71ns 
180321     INFO  main            d.u.i.k.p.i.AbstractProblemLoader Creating init config 
183068     DEBUG main            d.u.i.k.p.i.AbstractProblemLoader Init config took 2.75s 
183084     INFO  main            d.u.i.k.p.i.AbstractProblemLoader Replaying proof if.key 
183086     DEBUG main            d.u.i.k.p.i.IntermediateProofReplayer Proof replay took 8.7ns 
183189     INFO  main            d.u.i.k.p.r.p.TestFile    ... finished proof: closed. 
183629     INFO  main            d.u.i.k.p.i.AbstractProblemLoader Loading environment from /home/runner/work/key/key/key.core/../key.ui/examples/standard_key/java_dl/if.key.proof 
183629     DEBUG main            d.u.i.k.p.i.AbstractProblemLoader Environment load took 97.11ns 
183630     INFO  main            d.u.i.k.p.i.AbstractProblemLoader Creating init config 
186324     DEBUG main            d.u.i.k.p.i.AbstractProblemLoader Init config took 2.69s 
186340     INFO  main            d.u.i.k.p.i.AbstractProblemLoader Replaying proof if.key.proof 
186345     DEBUG main            d.u.i.k.p.i.IntermediateProofReplayer Proof replay took 2.88ms 
186346     DEBUG main            d.u.i.k.p.r.p.TestFile    ... success: reloaded. 
186346     INFO  main            d.u.i.k.p.r.p.TestFile    Now processing file /home/runner/work/key/key/key.core/../key.ui/examples/standard_key/java_dl/incrementcounter.key 
186347     INFO  main            d.u.i.k.p.i.AbstractProblemLoader Loading environment from /home/runner/work/key/key/key.core/../key.ui/examples/standard_key/java_dl/incrementcounter.key 
186347     DEBUG main            d.u.i.k.p.i.AbstractProblemLoader Environment load took 53.9ns 
186348     INFO  main            d.u.i.k.p.i.AbstractProblemLoader Creating init config 
189112     DEBUG main            d.u.i.k.p.i.AbstractProblemLoader Init config took 2.76s 
189129     INFO  main            d.u.i.k.p.i.AbstractProblemLoader Replaying proof incrementcounter.key 
189131     DEBUG main            d.u.i.k.p.i.IntermediateProofReplayer Proof replay took 9.5ns 
189233     INFO  main            d.u.i.k.p.r.p.TestFile    ... finished proof: closed. 
189584     INFO  main            d.u.i.k.p.i.AbstractProblemLoader Loading environment from /home/runner/work/key/key/key.core/../key.ui/examples/standard_key/java_dl/incrementcounter.key.proof 
189584     DEBUG main            d.u.i.k.p.i.AbstractProblemLoader Environment load took 92.91ns 
189586     INFO  main            d.u.i.k.p.i.AbstractProblemLoader Creating init config 
192385     DEBUG main            d.u.i.k.p.i.AbstractProblemLoader Init config took 2.8s 
192405     INFO  main            d.u.i.k.p.i.AbstractProblemLoader Replaying proof incrementcounter.key.proof 
192409     DEBUG main            d.u.i.k.p.i.IntermediateProofReplayer Proof replay took 1.65ms 
192410     DEBUG main            d.u.i.k.p.r.p.TestFile    ... success: reloaded. 
192410     INFO  main            d.u.i.k.p.r.p.TestFile    Now processing file /home/runner/work/key/key/key.core/../key.ui/examples/standard_key/java_dl/danglingElse.key 
192411     INFO  main            d.u.i.k.p.i.AbstractProblemLoader Loading environment from /home/runner/work/key/key/key.core/../key.ui/examples/standard_key/java_dl/danglingElse.key 
192411     DEBUG main            d.u.i.k.p.i.AbstractProblemLoader Environment load took 51.2ns 
192412     INFO  main            d.u.i.k.p.i.AbstractProblemLoader Creating init config 
195191     DEBUG main            d.u.i.k.p.i.AbstractProblemLoader Init config took 2.78s 
195208     INFO  main            d.u.i.k.p.i.AbstractProblemLoader Replaying proof danglingElse.key 
195210     DEBUG main            d.u.i.k.p.i.IntermediateProofReplayer Proof replay took 9.3ns 
195313     INFO  main            d.u.i.k.p.r.p.TestFile    ... finished proof: open goal(s) 
195679     INFO  main            d.u.i.k.p.r.p.TestFile    Now processing file /home/runner/work/key/key/key.core/../key.ui/examples/standard_key/java_dl/iteratedAssignment.key 
195679     INFO  main            d.u.i.k.p.i.AbstractProblemLoader Loading environment from /home/runner/work/key/key/key.core/../key.ui/examples/standard_key/java_dl/iteratedAssignment.key 
195679     DEBUG main            d.u.i.k.p.i.AbstractProblemLoader Environment load took 58.7ns 
195683     INFO  main            d.u.i.k.p.i.AbstractProblemLoader Creating init config 
198371     DEBUG main            d.u.i.k.p.i.AbstractProblemLoader Init config took 2.69s 
198389     INFO  main            d.u.i.k.p.i.AbstractProblemLoader Replaying proof iteratedAssignment.key 
198392     DEBUG main            d.u.i.k.p.i.IntermediateProofReplayer Proof replay took 9.8ns 
198798     INFO  main            d.u.i.k.p.r.p.TestFile    ... finished proof: closed. 
199209     INFO  main            d.u.i.k.p.i.AbstractProblemLoader Loading environment from /home/runner/work/key/key/key.core/../key.ui/examples/standard_key/java_dl/iteratedAssignment.key.proof 
199209     DEBUG main            d.u.i.k.p.i.AbstractProblemLoader Environment load took 384.62ns 
199210     INFO  main            d.u.i.k.p.i.AbstractProblemLoader Creating init config 
201881     DEBUG main            d.u.i.k.p.i.AbstractProblemLoader Init config took 2.67s 
201898     INFO  main            d.u.i.k.p.i.AbstractProblemLoader Replaying proof iteratedAssignment.key.proof 
201958     DEBUG main            d.u.i.k.p.i.IntermediateProofReplayer Proof replay took 56.37ms 
201960     DEBUG main            d.u.i.k.p.r.p.TestFile    ... success: reloaded. 
201961     INFO  main            d.u.i.k.p.r.p.TestFile    Now processing file /home/runner/work/key/key/key.core/../key.ui/examples/standard_key/java_dl/assert/assert1.key 
201961     INFO  main            d.u.i.k.p.i.AbstractProblemLoader Loading environment from /home/runner/work/key/key/key.core/../key.ui/examples/standard_key/java_dl/assert/assert1.key 
201961     DEBUG main            d.u.i.k.p.i.AbstractProblemLoader Environment load took 204.61ns 
201962     INFO  main            d.u.i.k.p.i.AbstractProblemLoader Creating init config 
204756     DEBUG main            d.u.i.k.p.i.AbstractProblemLoader Init config took 2.79s 
204795     INFO  main            d.u.i.k.p.i.AbstractProblemLoader Replaying proof C[C::foo()].JML normal_behavior operation contract.0 
204798     DEBUG main            d.u.i.k.p.i.IntermediateProofReplayer Proof replay took 8.9ns 
205002     INFO  main            d.u.i.k.p.r.p.TestFile    ... finished proof: open goal(s) 
205370     INFO  main            d.u.i.k.p.r.p.TestFile    Now processing file /home/runner/work/key/key/key.core/../key.ui/examples/standard_key/java_dl/assert/assert2.key 
205370     INFO  main            d.u.i.k.p.i.AbstractProblemLoader Loading environment from /home/runner/work/key/key/key.core/../key.ui/examples/standard_key/java_dl/assert/assert2.key 
205370     DEBUG main            d.u.i.k.p.i.AbstractProblemLoader Environment load took 55.1ns 
205371     INFO  main            d.u.i.k.p.i.AbstractProblemLoader Creating init config 
208102     DEBUG main            d.u.i.k.p.i.AbstractProblemLoader Init config took 2.73s 
208147     INFO  main            d.u.i.k.p.i.AbstractProblemLoader Replaying proof C[C::bar()].JML exceptional_behavior operation contract.0 
208149     DEBUG main            d.u.i.k.p.i.IntermediateProofReplayer Proof replay took 9.1ns 
208353     INFO  main            d.u.i.k.p.r.p.TestFile    ... finished proof: closed. 
208709     INFO  main            d.u.i.k.p.i.AbstractProblemLoader Loading environment from /home/runner/work/key/key/key.core/../key.ui/examples/standard_key/java_dl/assert/assert2.key.proof 
208709     DEBUG main            d.u.i.k.p.i.AbstractProblemLoader Environment load took 92.91ns 
208710     INFO  main            d.u.i.k.p.i.AbstractProblemLoader Creating init config 
211511     DEBUG main            d.u.i.k.p.i.AbstractProblemLoader Init config took 2.8s 
211551     INFO  main            d.u.i.k.p.i.AbstractProblemLoader Replaying proof C[C::bar()].JML exceptional_behavior operation contract.0 
211588     DEBUG main            d.u.i.k.p.i.IntermediateProofReplayer Proof replay took 34.51ms 
211589     DEBUG main            d.u.i.k.p.r.p.TestFile    ... success: reloaded. 
211590     INFO  main            d.u.i.k.p.r.p.TestFile    Now processing file /home/runner/work/key/key/key.core/../key.ui/examples/standard_key/java_dl/assert/assert3.key 
211590     INFO  main            d.u.i.k.p.i.AbstractProblemLoader Loading environment from /home/runner/work/key/key/key.core/../key.ui/examples/standard_key/java_dl/assert/assert3.key 
211590     DEBUG main            d.u.i.k.p.i.AbstractProblemLoader Environment load took 77ns 
211591     INFO  main            d.u.i.k.p.i.AbstractProblemLoader Creating init config 
214342     DEBUG main            d.u.i.k.p.i.AbstractProblemLoader Init config took 2.75s 
214410     INFO  main            d.u.i.k.p.i.AbstractProblemLoader Replaying proof C[C::foo()].JML normal_behavior operation contract.0 
214415     DEBUG main            d.u.i.k.p.i.IntermediateProofReplayer Proof replay took 9.6ns 
214518     INFO  main            d.u.i.k.p.r.p.TestFile    ... finished proof: open goal(s) 
214895     INFO  main            d.u.i.k.p.r.p.TestFile    Now processing file /home/runner/work/key/key/key.core/../key.ui/examples/standard_key/java_dl/java5/vararg.key 
214895     INFO  main            d.u.i.k.p.i.AbstractProblemLoader Loading environment from /home/runner/work/key/key/key.core/../key.ui/examples/standard_key/java_dl/java5/vararg.key 
214895     DEBUG main            d.u.i.k.p.i.AbstractProblemLoader Environment load took 88.01ns 
214897     INFO  main            d.u.i.k.p.i.AbstractProblemLoader Creating init config 
215925     DEBUG main            d.u.i.k.j.r.ClassPreparationMethodBuilder clPrepBuilder: Inner Class detected. Reject building class initialisation methods. 
218037     DEBUG main            d.u.i.k.p.i.AbstractProblemLoader Init config took 3.14s 
218067     INFO  main            d.u.i.k.p.i.AbstractProblemLoader Replaying proof vararg.key 
218069     DEBUG main            d.u.i.k.p.i.IntermediateProofReplayer Proof replay took 9ns 
219481     INFO  main            d.u.i.k.p.r.p.TestFile    ... finished proof: closed. 
219920     INFO  main            d.u.i.k.p.i.AbstractProblemLoader Loading environment from /home/runner/work/key/key/key.core/../key.ui/examples/standard_key/java_dl/java5/vararg.key.proof 
219920     DEBUG main            d.u.i.k.p.i.AbstractProblemLoader Environment load took 174.51ns 
219921     INFO  main            d.u.i.k.p.i.AbstractProblemLoader Creating init config 
220892     DEBUG main            d.u.i.k.j.r.ClassPreparationMethodBuilder clPrepBuilder: Inner Class detected. Reject building class initialisation methods. 
222993     DEBUG main            d.u.i.k.p.i.AbstractProblemLoader Init config took 3.07s 
223023     INFO  main            d.u.i.k.p.i.AbstractProblemLoader Replaying proof vararg.key.proof 
223369     DEBUG main            d.u.i.k.p.i.IntermediateProofReplayer Proof replay took 334.38ms 
223371     DEBUG main            d.u.i.k.p.r.p.TestFile    ... success: reloaded. 
223372     INFO  main            d.u.i.k.p.r.p.TestFile    Now processing file /home/runner/work/key/key/key.core/../key.ui/examples/standard_key/java_dl/java5/for_Array.key 
223372     INFO  main            d.u.i.k.p.i.AbstractProblemLoader Loading environment from /home/runner/work/key/key/key.core/../key.ui/examples/standard_key/java_dl/java5/for_Array.key 
223372     DEBUG main            d.u.i.k.p.i.AbstractProblemLoader Environment load took 177.21ns 
223373     INFO  main            d.u.i.k.p.i.AbstractProblemLoader Creating init config 
224395     DEBUG main            d.u.i.k.j.r.ClassPreparationMethodBuilder clPrepBuilder: Inner Class detected. Reject building class initialisation methods. 
226459     DEBUG main            d.u.i.k.p.i.AbstractProblemLoader Init config took 3.09s 
226519     INFO  main            d.u.i.k.p.i.AbstractProblemLoader Replaying proof For[For::sum([I)].JML operation contract.0 
226521     DEBUG main            d.u.i.k.p.i.IntermediateProofReplayer Proof replay took 9.4ns 
226925     INFO  main            d.u.i.k.p.r.p.TestFile    ... finished proof: closed. 
227387     INFO  main            d.u.i.k.p.i.AbstractProblemLoader Loading environment from /home/runner/work/key/key/key.core/../key.ui/examples/standard_key/java_dl/java5/for_Array.key.proof 
227388     DEBUG main            d.u.i.k.p.i.AbstractProblemLoader Environment load took 354.42ns 
227389     INFO  main            d.u.i.k.p.i.AbstractProblemLoader Creating init config 
228344     DEBUG main            d.u.i.k.j.r.ClassPreparationMethodBuilder clPrepBuilder: Inner Class detected. Reject building class initialisation methods. 
230385     DEBUG main            d.u.i.k.p.i.AbstractProblemLoader Init config took 3s 
230443     INFO  main            d.u.i.k.p.i.AbstractProblemLoader Replaying proof For[For::sum([I)].JML operation contract.0 
230521     DEBUG main            d.u.i.k.p.i.IntermediateProofReplayer Proof replay took 74.25ms 
230522     DEBUG main            d.u.i.k.p.r.p.TestFile    ... success: reloaded. 
230523     INFO  main            d.u.i.k.p.r.p.TestFile    Now processing file /home/runner/work/key/key/key.core/../key.ui/examples/standard_key/java_dl/java5/for_Iterable.key 
230523     INFO  main            d.u.i.k.p.i.AbstractProblemLoader Loading environment from /home/runner/work/key/key/key.core/../key.ui/examples/standard_key/java_dl/java5/for_Iterable.key 
230523     DEBUG main            d.u.i.k.p.i.AbstractProblemLoader Environment load took 82.11ns 
230524     INFO  main            d.u.i.k.p.i.AbstractProblemLoader Creating init config 
231549     DEBUG main            d.u.i.k.j.r.ClassPreparationMethodBuilder clPrepBuilder: Inner Class detected. Reject building class initialisation methods. 
233635     DEBUG main            d.u.i.k.p.i.AbstractProblemLoader Init config took 3.11s 
233697     INFO  main            d.u.i.k.p.i.AbstractProblemLoader Replaying proof For[For::infiniteLoop(For)].JML operation contract.0 
233699     DEBUG main            d.u.i.k.p.i.IntermediateProofReplayer Proof replay took 9.5ns 
233901     INFO  main            d.u.i.k.p.r.p.TestFile    ... finished proof: closed. 
234299     INFO  main            d.u.i.k.p.i.AbstractProblemLoader Loading environment from /home/runner/work/key/key/key.core/../key.ui/examples/standard_key/java_dl/java5/for_Iterable.key.proof 
234299     DEBUG main            d.u.i.k.p.i.AbstractProblemLoader Environment load took 99.11ns 
234301     INFO  main            d.u.i.k.p.i.AbstractProblemLoader Creating init config 
235293     DEBUG main            d.u.i.k.j.r.ClassPreparationMethodBuilder clPrepBuilder: Inner Class detected. Reject building class initialisation methods. 
237312     DEBUG main            d.u.i.k.p.i.AbstractProblemLoader Init config took 3.01s 
237375     INFO  main            d.u.i.k.p.i.AbstractProblemLoader Replaying proof For[For::infiniteLoop(For)].JML operation contract.0 
237423     DEBUG main            d.u.i.k.p.i.IntermediateProofReplayer Proof replay took 44.91ms 
237424     DEBUG main            d.u.i.k.p.r.p.TestFile    ... success: reloaded. 
237425     INFO  main            d.u.i.k.p.r.p.TestFile    Now processing file /home/runner/work/key/key/key.core/../key.ui/examples/standard_key/java_dl/java5/for_ReferenceArray.key 
237426     INFO  main            d.u.i.k.p.i.AbstractProblemLoader Loading environment from /home/runner/work/key/key/key.core/../key.ui/examples/standard_key/java_dl/java5/for_ReferenceArray.key 
237426     DEBUG main            d.u.i.k.p.i.AbstractProblemLoader Environment load took 184.41ns 
237427     INFO  main            d.u.i.k.p.i.AbstractProblemLoader Creating init config 
238434     DEBUG main            d.u.i.k.j.r.ClassPreparationMethodBuilder clPrepBuilder: Inner Class detected. Reject building class initialisation methods. 
240491     DEBUG main            d.u.i.k.p.i.AbstractProblemLoader Init config took 3.06s 
240552     INFO  main            d.u.i.k.p.i.AbstractProblemLoader Replaying proof ForReferenceArray[ForReferenceArray::foo([Ljava.lang.Object)].JML operation contract.0 
240554     DEBUG main            d.u.i.k.p.i.IntermediateProofReplayer Proof replay took 8.7ns 
240858     INFO  main            d.u.i.k.p.r.p.TestFile    ... finished proof: closed. 
241268     INFO  main            d.u.i.k.p.i.AbstractProblemLoader Loading environment from /home/runner/work/key/key/key.core/../key.ui/examples/standard_key/java_dl/java5/for_ReferenceArray.key.proof 
241268     DEBUG main            d.u.i.k.p.i.AbstractProblemLoader Environment load took 389.41ns 
241270     INFO  main            d.u.i.k.p.i.AbstractProblemLoader Creating init config 
242213     DEBUG main            d.u.i.k.j.r.ClassPreparationMethodBuilder clPrepBuilder: Inner Class detected. Reject building class initialisation methods. 
244178     DEBUG main            d.u.i.k.p.i.AbstractProblemLoader Init config took 2.91s 
244250     INFO  main            d.u.i.k.p.i.AbstractProblemLoader Replaying proof ForReferenceArray[ForReferenceArray::foo([Ljava.lang.Object)].JML operation contract.0 
244301     DEBUG main            d.u.i.k.p.i.IntermediateProofReplayer Proof replay took 48.02ms 
244302     DEBUG main            d.u.i.k.p.r.p.TestFile    ... success: reloaded. 
244303     INFO  main            d.u.i.k.p.r.p.TestFile    Now processing file /home/runner/work/key/key/key.core/../key.ui/examples/standard_key/java_dl/jml-bigint/cast.key 
244303     INFO  main            d.u.i.k.p.i.AbstractProblemLoader Loading environment from /home/runner/work/key/key/key.core/../key.ui/examples/standard_key/java_dl/jml-bigint/cast.key 
244303     DEBUG main            d.u.i.k.p.i.AbstractProblemLoader Environment load took 77ns 
244304     INFO  main            d.u.i.k.p.i.AbstractProblemLoader Creating init config 
247170     DEBUG main            d.u.i.k.p.i.AbstractProblemLoader Init config took 2.87s 
247209     INFO  main            d.u.i.k.p.i.AbstractProblemLoader Replaying proof Mult[Mult::cast()].JML operation contract.0 
247211     DEBUG main            d.u.i.k.p.i.IntermediateProofReplayer Proof replay took 8ns 
247313     INFO  main            d.u.i.k.p.r.p.TestFile    ... finished proof: closed. 
247725     INFO  main            d.u.i.k.p.i.AbstractProblemLoader Loading environment from /home/runner/work/key/key/key.core/../key.ui/examples/standard_key/java_dl/jml-bigint/cast.key.proof 
247725     DEBUG main            d.u.i.k.p.i.AbstractProblemLoader Environment load took 101.41ns 
247726     INFO  main            d.u.i.k.p.i.AbstractProblemLoader Creating init config 
250498     DEBUG main            d.u.i.k.p.i.AbstractProblemLoader Init config took 2.77s 
250536     INFO  main            d.u.i.k.p.i.AbstractProblemLoader Replaying proof Mult[Mult::cast()].JML operation contract.0 
250548     DEBUG main            d.u.i.k.p.i.IntermediateProofReplayer Proof replay took 10.12ms 
250549     DEBUG main            d.u.i.k.p.r.p.TestFile    ... success: reloaded. 
250550     INFO  main            d.u.i.k.p.r.p.TestFile    Now processing file /home/runner/work/key/key/key.core/../key.ui/examples/standard_key/java_dl/jml-free/loopInvFree.key 
250550     INFO  main            d.u.i.k.p.i.AbstractProblemLoader Loading environment from /home/runner/work/key/key/key.core/../key.ui/examples/standard_key/java_dl/jml-free/loopInvFree.key 
250550     DEBUG main            d.u.i.k.p.i.AbstractProblemLoader Environment load took 141.21ns 
250551     INFO  main            d.u.i.k.p.i.AbstractProblemLoader Creating init config 
253327     DEBUG main            d.u.i.k.p.i.AbstractProblemLoader Init config took 2.78s 
253370     INFO  main            d.u.i.k.p.i.AbstractProblemLoader Replaying proof LoopInvFree[LoopInvFree::test()].JML operation contract.0 
253373     DEBUG main            d.u.i.k.p.i.IntermediateProofReplayer Proof replay took 9ns 
253575     INFO  main            d.u.i.k.p.r.p.TestFile    ... finished proof: closed. 
253994     INFO  main            d.u.i.k.p.i.AbstractProblemLoader Loading environment from /home/runner/work/key/key/key.core/../key.ui/examples/standard_key/java_dl/jml-free/loopInvFree.key.proof 
253994     DEBUG main            d.u.i.k.p.i.AbstractProblemLoader Environment load took 93.41ns 
253995     INFO  main            d.u.i.k.p.i.AbstractProblemLoader Creating init config 
256740     DEBUG main            d.u.i.k.p.i.AbstractProblemLoader Init config took 2.74s 
256777     INFO  main            d.u.i.k.p.i.AbstractProblemLoader Replaying proof LoopInvFree[LoopInvFree::test()].JML operation contract.0 
256815     DEBUG main            d.u.i.k.p.i.IntermediateProofReplayer Proof replay took 35.18ms 
256816     DEBUG main            d.u.i.k.p.r.p.TestFile    ... success: reloaded. 
256816     INFO  main            d.u.i.k.p.r.p.TestFile    Now processing file /home/runner/work/key/key/key.core/../key.ui/examples/standard_key/java_dl/jml-free/ensuresFree.key 
256817     INFO  main            d.u.i.k.p.i.AbstractProblemLoader Loading environment from /home/runner/work/key/key/key.core/../key.ui/examples/standard_key/java_dl/jml-free/ensuresFree.key 
256817     DEBUG main            d.u.i.k.p.i.AbstractProblemLoader Environment load took 88.9ns 
256818     INFO  main            d.u.i.k.p.i.AbstractProblemLoader Creating init config 
259595     DEBUG main            d.u.i.k.p.i.AbstractProblemLoader Init config took 2.78s 
259632     INFO  main            d.u.i.k.p.i.AbstractProblemLoader Replaying proof EnsuresFree[EnsuresFree::test()].JML operation contract.0 
259634     DEBUG main            d.u.i.k.p.i.IntermediateProofReplayer Proof replay took 8.7ns 
259736     INFO  main            d.u.i.k.p.r.p.TestFile    ... finished proof: closed. 
260199     INFO  main            d.u.i.k.p.i.AbstractProblemLoader Loading environment from /home/runner/work/key/key/key.core/../key.ui/examples/standard_key/java_dl/jml-free/ensuresFree.key.proof 
260199     DEBUG main            d.u.i.k.p.i.AbstractProblemLoader Environment load took 94.41ns 
260200     INFO  main            d.u.i.k.p.i.AbstractProblemLoader Creating init config 
262905     DEBUG main            d.u.i.k.p.i.AbstractProblemLoader Init config took 2.7s 
262943     INFO  main            d.u.i.k.p.i.AbstractProblemLoader Replaying proof EnsuresFree[EnsuresFree::test()].JML operation contract.0 
262960     DEBUG main            d.u.i.k.p.i.IntermediateProofReplayer Proof replay took 15.7ms 
262961     DEBUG main            d.u.i.k.p.r.p.TestFile    ... success: reloaded. 
262962     INFO  main            d.u.i.k.p.r.p.TestFile    Now processing file /home/runner/work/key/key/key.core/../key.ui/examples/standard_key/java_dl/jml-information-flow.key 
262962     INFO  main            d.u.i.k.p.i.AbstractProblemLoader Loading environment from /home/runner/work/key/key/key.core/../key.ui/examples/standard_key/java_dl/jml-information-flow.key 
262962     DEBUG main            d.u.i.k.p.i.AbstractProblemLoader Environment load took 83ns 
262968     INFO  main            d.u.i.k.p.i.AbstractProblemLoader Creating init config 
266121     DEBUG main            d.u.i.k.p.i.AbstractProblemLoader Init config took 3.15s 
266143     INFO  main            d.u.i.k.p.i.AbstractProblemLoader Replaying proof jml-information-flow.key 
266145     DEBUG main            d.u.i.k.p.i.IntermediateProofReplayer Proof replay took 10.1ns 
399655     INFO  main            d.u.i.k.p.r.p.TestFile    ... finished proof: closed. 
400308     INFO  main            d.u.i.k.p.i.AbstractProblemLoader Loading environment from /home/runner/work/key/key/key.core/../key.ui/examples/standard_key/java_dl/jml-information-flow.key.proof 
400308     DEBUG main            d.u.i.k.p.i.AbstractProblemLoader Environment load took 373.84ns 
400318     INFO  main            d.u.i.k.p.i.AbstractProblemLoader Creating init config 
403265     DEBUG main            d.u.i.k.p.i.AbstractProblemLoader Init config took 2.95s 
403287     INFO  main            d.u.i.k.p.i.AbstractProblemLoader Replaying proof jml-information-flow.key.proof 
406492     DEBUG main            d.u.i.k.p.i.IntermediateProofReplayer Proof replay took 3.08s 
406502     DEBUG main            d.u.i.k.p.r.p.TestFile    ... success: reloaded. 
406503     INFO  main            d.u.i.k.p.r.p.TestFile    Now processing file /home/runner/work/key/key/key.core/../key.ui/examples/standard_key/java_dl/jml-min/min-unprovable1.key 
406503     INFO  main            d.u.i.k.p.i.AbstractProblemLoader Loading environment from /home/runner/work/key/key/key.core/../key.ui/examples/standard_key/java_dl/jml-min/min-unprovable1.key 
406503     DEBUG main            d.u.i.k.p.i.AbstractProblemLoader Environment load took 180.72ns 
406504     INFO  main            d.u.i.k.p.i.AbstractProblemLoader Creating init config 
409709     DEBUG main            d.u.i.k.p.i.AbstractProblemLoader Init config took 3.2s 
409747     INFO  main            d.u.i.k.p.i.AbstractProblemLoader Replaying proof Min[Min::foo()].JML operation contract.0 
409748     DEBUG main            d.u.i.k.p.i.IntermediateProofReplayer Proof replay took 8.2ns 
409851     INFO  main            d.u.i.k.p.r.p.TestFile    ... finished proof: open goal(s) 
410294     INFO  main            d.u.i.k.p.r.p.TestFile    Now processing file /home/runner/work/key/key/key.core/../key.ui/examples/standard_key/java_dl/jml-min/min-unprovable2.key 
410295     INFO  main            d.u.i.k.p.i.AbstractProblemLoader Loading environment from /home/runner/work/key/key/key.core/../key.ui/examples/standard_key/java_dl/jml-min/min-unprovable2.key 
410295     DEBUG main            d.u.i.k.p.i.AbstractProblemLoader Environment load took 53.91ns 
410296     INFO  main            d.u.i.k.p.i.AbstractProblemLoader Creating init config 
413079     DEBUG main            d.u.i.k.p.i.AbstractProblemLoader Init config took 2.78s 
413117     INFO  main            d.u.i.k.p.i.AbstractProblemLoader Replaying proof Min[Min::foo2()].JML operation contract.0 
413118     DEBUG main            d.u.i.k.p.i.IntermediateProofReplayer Proof replay took 7.9ns 
413219     INFO  main            d.u.i.k.p.r.p.TestFile    ... finished proof: open goal(s) 
413670     INFO  main            d.u.i.k.p.r.p.TestFile    Now processing file /home/runner/work/key/key/key.core/../key.ui/examples/standard_key/java_dl/methodCall.key 
413670     INFO  main            d.u.i.k.p.i.AbstractProblemLoader Loading environment from /home/runner/work/key/key/key.core/../key.ui/examples/standard_key/java_dl/methodCall.key 
413670     DEBUG main            d.u.i.k.p.i.AbstractProblemLoader Environment load took 51.91ns 
413671     INFO  main            d.u.i.k.p.i.AbstractProblemLoader Creating init config 
416413     DEBUG main            d.u.i.k.p.i.AbstractProblemLoader Init config took 2.74s 
416430     INFO  main            d.u.i.k.p.i.AbstractProblemLoader Replaying proof methodCall.key 
416431     DEBUG main            d.u.i.k.p.i.IntermediateProofReplayer Proof replay took 8.4ns 
416534     INFO  main            d.u.i.k.p.r.p.TestFile    ... finished proof: closed. 
416961     INFO  main            d.u.i.k.p.i.AbstractProblemLoader Loading environment from /home/runner/work/key/key/key.core/../key.ui/examples/standard_key/java_dl/methodCall.key.proof 
416961     DEBUG main            d.u.i.k.p.i.AbstractProblemLoader Environment load took 99.21ns 
416962     INFO  main            d.u.i.k.p.i.AbstractProblemLoader Creating init config 
419688     DEBUG main            d.u.i.k.p.i.AbstractProblemLoader Init config took 2.73s 
419704     INFO  main            d.u.i.k.p.i.AbstractProblemLoader Replaying proof methodCall.key.proof 
419708     DEBUG main            d.u.i.k.p.i.IntermediateProofReplayer Proof replay took 2.02ms 
419708     DEBUG main            d.u.i.k.p.r.p.TestFile    ... success: reloaded. 
419709     INFO  main            d.u.i.k.p.r.p.TestFile    Now processing file /home/runner/work/key/key/key.core/../key.ui/examples/standard_key/java_dl/methodCall1.key 
419709     INFO  main            d.u.i.k.p.i.AbstractProblemLoader Loading environment from /home/runner/work/key/key/key.core/../key.ui/examples/standard_key/java_dl/methodCall1.key 
419709     DEBUG main            d.u.i.k.p.i.AbstractProblemLoader Environment load took 68.51ns 
419712     INFO  main            d.u.i.k.p.i.AbstractProblemLoader Creating init config 
422491     DEBUG main            d.u.i.k.p.i.AbstractProblemLoader Init config took 2.78s 
422507     INFO  main            d.u.i.k.p.i.AbstractProblemLoader Replaying proof methodCall1.key 
422509     DEBUG main            d.u.i.k.p.i.IntermediateProofReplayer Proof replay took 8.2ns 
422612     INFO  main            d.u.i.k.p.r.p.TestFile    ... finished proof: closed. 
423066     INFO  main            d.u.i.k.p.i.AbstractProblemLoader Loading environment from /home/runner/work/key/key/key.core/../key.ui/examples/standard_key/java_dl/methodCall1.key.proof 
423066     DEBUG main            d.u.i.k.p.i.AbstractProblemLoader Environment load took 94.21ns 
423067     INFO  main            d.u.i.k.p.i.AbstractProblemLoader Creating init config 
425763     DEBUG main            d.u.i.k.p.i.AbstractProblemLoader Init config took 2.7s 
425779     INFO  main            d.u.i.k.p.i.AbstractProblemLoader Replaying proof methodCall1.key.proof 
425793     DEBUG main            d.u.i.k.p.i.IntermediateProofReplayer Proof replay took 11.12ms 
425794     DEBUG main            d.u.i.k.p.r.p.TestFile    ... success: reloaded. 
425794     INFO  main            d.u.i.k.p.r.p.TestFile    Now processing file /home/runner/work/key/key/key.core/../key.ui/examples/standard_key/java_dl/methodCall1box.key 
425794     INFO  main            d.u.i.k.p.i.AbstractProblemLoader Loading environment from /home/runner/work/key/key/key.core/../key.ui/examples/standard_key/java_dl/methodCall1box.key 
425794     DEBUG main            d.u.i.k.p.i.AbstractProblemLoader Environment load took 86.41ns 
425795     INFO  main            d.u.i.k.p.i.AbstractProblemLoader Creating init config 
428528     DEBUG main            d.u.i.k.p.i.AbstractProblemLoader Init config took 2.73s 
428544     INFO  main            d.u.i.k.p.i.AbstractProblemLoader Replaying proof methodCall1box.key 
428546     DEBUG main            d.u.i.k.p.i.IntermediateProofReplayer Proof replay took 10.6ns 
428648     INFO  main            d.u.i.k.p.r.p.TestFile    ... finished proof: closed. 
429104     INFO  main            d.u.i.k.p.i.AbstractProblemLoader Loading environment from /home/runner/work/key/key/key.core/../key.ui/examples/standard_key/java_dl/methodCall1box.key.proof 
429104     DEBUG main            d.u.i.k.p.i.AbstractProblemLoader Environment load took 89.61ns 
429105     INFO  main            d.u.i.k.p.i.AbstractProblemLoader Creating init config 
431852     DEBUG main            d.u.i.k.p.i.AbstractProblemLoader Init config took 2.75s 
431868     INFO  main            d.u.i.k.p.i.AbstractProblemLoader Replaying proof methodCall1box.key.proof 
431881     DEBUG main            d.u.i.k.p.i.IntermediateProofReplayer Proof replay took 10.8ms 
431881     DEBUG main            d.u.i.k.p.r.p.TestFile    ... success: reloaded. 
431882     INFO  main            d.u.i.k.p.r.p.TestFile    Now processing file /home/runner/work/key/key/key.core/../key.ui/examples/standard_key/java_dl/methodCall3.key 
431882     INFO  main            d.u.i.k.p.i.AbstractProblemLoader Loading environment from /home/runner/work/key/key/key.core/../key.ui/examples/standard_key/java_dl/methodCall3.key 
431882     DEBUG main            d.u.i.k.p.i.AbstractProblemLoader Environment load took 82.71ns 
431883     INFO  main            d.u.i.k.p.i.AbstractProblemLoader Creating init config 
434665     DEBUG main            d.u.i.k.p.i.AbstractProblemLoader Init config took 2.78s 
434681     INFO  main            d.u.i.k.p.i.AbstractProblemLoader Replaying proof methodCall3.key 
434682     DEBUG main            d.u.i.k.p.i.IntermediateProofReplayer Proof replay took 8.3ns 
434784     INFO  main            d.u.i.k.p.r.p.TestFile    ... finished proof: closed. 
435241     INFO  main            d.u.i.k.p.i.AbstractProblemLoader Loading environment from /home/runner/work/key/key/key.core/../key.ui/examples/standard_key/java_dl/methodCall3.key.proof 
435241     DEBUG main            d.u.i.k.p.i.AbstractProblemLoader Environment load took 102.81ns 
435242     INFO  main            d.u.i.k.p.i.AbstractProblemLoader Creating init config 
437934     DEBUG main            d.u.i.k.p.i.AbstractProblemLoader Init config took 2.69s 
437950     INFO  main            d.u.i.k.p.i.AbstractProblemLoader Replaying proof methodCall3.key.proof 
437959     DEBUG main            d.u.i.k.p.i.IntermediateProofReplayer Proof replay took 7.65ms 
437960     DEBUG main            d.u.i.k.p.r.p.TestFile    ... success: reloaded. 
437961     INFO  main            d.u.i.k.p.r.p.TestFile    Now processing file /home/runner/work/key/key/key.core/../key.ui/examples/standard_key/java_dl/polishFlagSort.key 
437961     INFO  main            d.u.i.k.p.i.AbstractProblemLoader Loading environment from /home/runner/work/key/key/key.core/../key.ui/examples/standard_key/java_dl/polishFlagSort.key 
437961     DEBUG main            d.u.i.k.p.i.AbstractProblemLoader Environment load took 57.91ns 
437963     INFO  main            d.u.i.k.p.i.AbstractProblemLoader Creating init config 
440746     DEBUG main            d.u.i.k.p.i.AbstractProblemLoader Init config took 2.78s 
440763     INFO  main            d.u.i.k.p.i.AbstractProblemLoader Replaying proof polishFlagSort.key 
440764     DEBUG main            d.u.i.k.p.i.IntermediateProofReplayer Proof replay took 8.6ns 
443276     INFO  main            d.u.i.k.p.r.p.TestFile    ... finished proof: closed. 
443841     INFO  main            d.u.i.k.p.i.AbstractProblemLoader Loading environment from /home/runner/work/key/key/key.core/../key.ui/examples/standard_key/java_dl/polishFlagSort.key.proof 
443842     DEBUG main            d.u.i.k.p.i.AbstractProblemLoader Environment load took 346.04ns 
443844     INFO  main            d.u.i.k.p.i.AbstractProblemLoader Creating init config 
446641     DEBUG main            d.u.i.k.p.i.AbstractProblemLoader Init config took 2.8s 
446662     INFO  main            d.u.i.k.p.i.AbstractProblemLoader Replaying proof polishFlagSort.key.proof 
446978     DEBUG main            d.u.i.k.p.i.IntermediateProofReplayer Proof replay took 304.01ms 
446980     DEBUG main            d.u.i.k.p.r.p.TestFile    ... success: reloaded. 
446981     INFO  main            d.u.i.k.p.r.p.TestFile    Now processing file /home/runner/work/key/key/key.core/../key.ui/examples/standard_key/java_dl/postConditionTaclets1.key 
446981     INFO  main            d.u.i.k.p.i.AbstractProblemLoader Loading environment from /home/runner/work/key/key/key.core/../key.ui/examples/standard_key/java_dl/postConditionTaclets1.key 
446982     DEBUG main            d.u.i.k.p.i.AbstractProblemLoader Environment load took 215.82ns 
446983     INFO  main            d.u.i.k.p.i.AbstractProblemLoader Creating init config 
449648     DEBUG main            d.u.i.k.p.i.AbstractProblemLoader Init config took 2.67s 
449664     INFO  main            d.u.i.k.p.i.AbstractProblemLoader Replaying proof postConditionTaclets1.key 
449666     DEBUG main            d.u.i.k.p.i.IntermediateProofReplayer Proof replay took 8.2ns 
449769     INFO  main            d.u.i.k.p.r.p.TestFile    ... finished proof: closed. 
450297     INFO  main            d.u.i.k.p.i.AbstractProblemLoader Loading environment from /home/runner/work/key/key/key.core/../key.ui/examples/standard_key/java_dl/postConditionTaclets1.key.proof 
450297     DEBUG main            d.u.i.k.p.i.AbstractProblemLoader Environment load took 88.61ns 
450298     INFO  main            d.u.i.k.p.i.AbstractProblemLoader Creating init config 
452946     DEBUG main            d.u.i.k.p.i.AbstractProblemLoader Init config took 2.65s 
452962     INFO  main            d.u.i.k.p.i.AbstractProblemLoader Replaying proof postConditionTaclets1.key.proof 
452964     DEBUG main            d.u.i.k.p.i.IntermediateProofReplayer Proof replay took 343.54ns 
452965     DEBUG main            d.u.i.k.p.r.p.TestFile    ... success: reloaded. 
452965     INFO  main            d.u.i.k.p.r.p.TestFile    Now processing file /home/runner/work/key/key/key.core/../key.ui/examples/standard_key/java_dl/postConditionTaclets2.key 
452966     INFO  main            d.u.i.k.p.i.AbstractProblemLoader Loading environment from /home/runner/work/key/key/key.core/../key.ui/examples/standard_key/java_dl/postConditionTaclets2.key 
452966     DEBUG main            d.u.i.k.p.i.AbstractProblemLoader Environment load took 50.1ns 
452967     INFO  main            d.u.i.k.p.i.AbstractProblemLoader Creating init config 
455610     DEBUG main            d.u.i.k.p.i.AbstractProblemLoader Init config took 2.64s 
455626     INFO  main            d.u.i.k.p.i.AbstractProblemLoader Replaying proof postConditionTaclets2.key 
455628     DEBUG main            d.u.i.k.p.i.IntermediateProofReplayer Proof replay took 8.5ns 
455736     INFO  main            d.u.i.k.p.r.p.TestFile    ... finished proof: closed. 
456231     INFO  main            d.u.i.k.p.i.AbstractProblemLoader Loading environment from /home/runner/work/key/key/key.core/../key.ui/examples/standard_key/java_dl/postConditionTaclets2.key.proof 
456231     DEBUG main            d.u.i.k.p.i.AbstractProblemLoader Environment load took 106.61ns 
456233     INFO  main            d.u.i.k.p.i.AbstractProblemLoader Creating init config 
458860     DEBUG main            d.u.i.k.p.i.AbstractProblemLoader Init config took 2.63s 
458876     INFO  main            d.u.i.k.p.i.AbstractProblemLoader Replaying proof postConditionTaclets2.key.proof 
458878     DEBUG main            d.u.i.k.p.i.IntermediateProofReplayer Proof replay took 552.35ns 
458879     DEBUG main            d.u.i.k.p.r.p.TestFile    ... success: reloaded. 
458880     INFO  main            d.u.i.k.p.r.p.TestFile    Now processing file /home/runner/work/key/key/key.core/../key.ui/examples/standard_key/java_dl/quantifiedQuery.key 
458880     INFO  main            d.u.i.k.p.i.AbstractProblemLoader Loading environment from /home/runner/work/key/key/key.core/../key.ui/examples/standard_key/java_dl/quantifiedQuery.key 
458880     DEBUG main            d.u.i.k.p.i.AbstractProblemLoader Environment load took 51.3ns 
458881     INFO  main            d.u.i.k.p.i.AbstractProblemLoader Creating init config 
461668     DEBUG main            d.u.i.k.p.i.AbstractProblemLoader Init config took 2.79s 
461689     INFO  main            d.u.i.k.p.i.AbstractProblemLoader Replaying proof quantifiedQuery.key 
461691     DEBUG main            d.u.i.k.p.i.IntermediateProofReplayer Proof replay took 7.7ns 
461794     INFO  main            d.u.i.k.p.r.p.TestFile    ... finished proof: closed. 
462294     INFO  main            d.u.i.k.p.i.AbstractProblemLoader Loading environment from /home/runner/work/key/key/key.core/../key.ui/examples/standard_key/java_dl/quantifiedQuery.key.proof 
462294     DEBUG main            d.u.i.k.p.i.AbstractProblemLoader Environment load took 89.51ns 
462295     INFO  main            d.u.i.k.p.i.AbstractProblemLoader Creating init config 
465000     DEBUG main            d.u.i.k.p.i.AbstractProblemLoader Init config took 2.7s 
465016     INFO  main            d.u.i.k.p.i.AbstractProblemLoader Replaying proof quantifiedQuery.key.proof 
465026     DEBUG main            d.u.i.k.p.i.IntermediateProofReplayer Proof replay took 8.05ms 
465027     DEBUG main            d.u.i.k.p.r.p.TestFile    ... success: reloaded. 
465028     INFO  main            d.u.i.k.p.r.p.TestFile    Now processing file /home/runner/work/key/key/key.core/../key.ui/examples/standard_key/java_dl/recursion/triangular.key 
465028     INFO  main            d.u.i.k.p.i.AbstractProblemLoader Loading environment from /home/runner/work/key/key/key.core/../key.ui/examples/standard_key/java_dl/recursion/triangular.key 
465028     DEBUG main            d.u.i.k.p.i.AbstractProblemLoader Environment load took 110.81ns 
465029     INFO  main            d.u.i.k.p.i.AbstractProblemLoader Creating init config 
467810     DEBUG main            d.u.i.k.p.i.AbstractProblemLoader Init config took 2.78s 
467849     INFO  main            d.u.i.k.p.i.AbstractProblemLoader Replaying proof Triangular[Triangular::tria(int)].JML normal_behavior operation contract.0 
467850     DEBUG main            d.u.i.k.p.i.IntermediateProofReplayer Proof replay took 8.1ns 
468052     INFO  main            d.u.i.k.p.r.p.TestFile    ... finished proof: closed. 
468575     INFO  main            d.u.i.k.p.i.AbstractProblemLoader Loading environment from /home/runner/work/key/key/key.core/../key.ui/examples/standard_key/java_dl/recursion/triangular.key.proof 
468576     DEBUG main            d.u.i.k.p.i.AbstractProblemLoader Environment load took 364.63ns 
468577     INFO  main            d.u.i.k.p.i.AbstractProblemLoader Creating init config 
471325     DEBUG main            d.u.i.k.p.i.AbstractProblemLoader Init config took 2.75s 
471363     INFO  main            d.u.i.k.p.i.AbstractProblemLoader Replaying proof Triangular[Triangular::tria(int)].JML normal_behavior operation contract.0 
471389     DEBUG main            d.u.i.k.p.i.IntermediateProofReplayer Proof replay took 24.85ms 
471390     DEBUG main            d.u.i.k.p.r.p.TestFile    ... success: reloaded. 
471391     INFO  main            d.u.i.k.p.r.p.TestFile    Now processing file /home/runner/work/key/key/key.core/../key.ui/examples/standard_key/java_dl/reverseArray.key 
471391     INFO  main            d.u.i.k.p.i.AbstractProblemLoader Loading environment from /home/runner/work/key/key/key.core/../key.ui/examples/standard_key/java_dl/reverseArray.key 
471391     DEBUG main            d.u.i.k.p.i.AbstractProblemLoader Environment load took 91.61ns 
471393     INFO  main            d.u.i.k.p.i.AbstractProblemLoader Creating init config 
471416     WARN  main            d.u.i.k.j.r.KeYCrossReferenceNameInfo Datatype java.io.PrintStream declared twice: Once in FILE:/home/runner/work/key/key/key.core/../key.ui/examples/standard_key/java_dl/./classpath/PrintStream.java and once in URL:file:/home/runner/work/key/key/key.core/build/resources/main/de/uka/ilkd/key/java/JavaRedux/java/io/PrintStream.java, Keeping one from URL:file:/home/runner/work/key/key/key.core/build/resources/main/de/uka/ilkd/key/java/JavaRedux/java/io/PrintStream.java 
471417     WARN  main            d.u.i.k.j.r.KeYCrossReferenceNameInfo Datatype java.lang.System declared twice: Once in FILE:/home/runner/work/key/key/key.core/../key.ui/examples/standard_key/java_dl/./classpath/System.java and once in URL:file:/home/runner/work/key/key/key.core/build/resources/main/de/uka/ilkd/key/java/JavaRedux/java/lang/System.java, Keeping one from URL:file:/home/runner/work/key/key/key.core/build/resources/main/de/uka/ilkd/key/java/JavaRedux/java/lang/System.java 
471417     WARN  main            d.u.i.k.j.r.KeYCrossReferenceNameInfo Datatype java.io.InputStream declared twice: Once in FILE:/home/runner/work/key/key/key.core/../key.ui/examples/standard_key/java_dl/./classpath/InputStream.java and once in URL:file:/home/runner/work/key/key/key.core/build/resources/main/de/uka/ilkd/key/java/JavaRedux/java/io/InputStream.java, Keeping one from URL:file:/home/runner/work/key/key/key.core/build/resources/main/de/uka/ilkd/key/java/JavaRedux/java/io/InputStream.java 
471421     DEBUG main            d.u.i.k.j.r.ClassFileDeclarationBuilder Parsing: package java.io; public class Closeable { } 
471421     DEBUG main            r.s.KeYCrossReferenceSourceInfo Dynamically created class: java.io.Closeable 
474261     DEBUG main            d.u.i.k.p.i.AbstractProblemLoader Init config took 2.87s 
474290     INFO  main            d.u.i.k.p.i.AbstractProblemLoader Replaying proof reverseArray.key 
474292     DEBUG main            d.u.i.k.p.i.IntermediateProofReplayer Proof replay took 8.5ns 
479365     INFO  main            d.u.i.k.p.r.p.TestFile    ... finished proof: closed. 
479940     INFO  main            d.u.i.k.p.i.AbstractProblemLoader Loading environment from /home/runner/work/key/key/key.core/../key.ui/examples/standard_key/java_dl/reverseArray.key.proof 
479941     DEBUG main            d.u.i.k.p.i.AbstractProblemLoader Environment load took 342.42ns 
479943     INFO  main            d.u.i.k.p.i.AbstractProblemLoader Creating init config 
479967     WARN  main            d.u.i.k.j.r.KeYCrossReferenceNameInfo Datatype java.io.PrintStream declared twice: Once in FILE:/home/runner/work/key/key/key.core/../key.ui/examples/standard_key/java_dl/classpath/PrintStream.java and once in URL:file:/home/runner/work/key/key/key.core/build/resources/main/de/uka/ilkd/key/java/JavaRedux/java/io/PrintStream.java, Keeping one from URL:file:/home/runner/work/key/key/key.core/build/resources/main/de/uka/ilkd/key/java/JavaRedux/java/io/PrintStream.java 
479967     WARN  main            d.u.i.k.j.r.KeYCrossReferenceNameInfo Datatype java.lang.System declared twice: Once in FILE:/home/runner/work/key/key/key.core/../key.ui/examples/standard_key/java_dl/classpath/System.java and once in URL:file:/home/runner/work/key/key/key.core/build/resources/main/de/uka/ilkd/key/java/JavaRedux/java/lang/System.java, Keeping one from URL:file:/home/runner/work/key/key/key.core/build/resources/main/de/uka/ilkd/key/java/JavaRedux/java/lang/System.java 
479968     WARN  main            d.u.i.k.j.r.KeYCrossReferenceNameInfo Datatype java.io.InputStream declared twice: Once in FILE:/home/runner/work/key/key/key.core/../key.ui/examples/standard_key/java_dl/classpath/InputStream.java and once in URL:file:/home/runner/work/key/key/key.core/build/resources/main/de/uka/ilkd/key/java/JavaRedux/java/io/InputStream.java, Keeping one from URL:file:/home/runner/work/key/key/key.core/build/resources/main/de/uka/ilkd/key/java/JavaRedux/java/io/InputStream.java 
479972     DEBUG main            d.u.i.k.j.r.ClassFileDeclarationBuilder Parsing: package java.io; public class Closeable { } 
479972     DEBUG main            r.s.KeYCrossReferenceSourceInfo Dynamically created class: java.io.Closeable 
482806     DEBUG main            d.u.i.k.p.i.AbstractProblemLoader Init config took 2.86s 
482830     INFO  main            d.u.i.k.p.i.AbstractProblemLoader Replaying proof reverseArray.key.proof 
483338     DEBUG main            d.u.i.k.p.i.IntermediateProofReplayer Proof replay took 494.86ms 
483341     DEBUG main            d.u.i.k.p.r.p.TestFile    ... success: reloaded. 
483341     INFO  main            d.u.i.k.p.r.p.TestFile    Now processing file /home/runner/work/key/key/key.core/../key.ui/examples/standard_key/java_dl/reverseArray2.key 
483342     INFO  main            d.u.i.k.p.i.AbstractProblemLoader Loading environment from /home/runner/work/key/key/key.core/../key.ui/examples/standard_key/java_dl/reverseArray2.key 
483342     DEBUG main            d.u.i.k.p.i.AbstractProblemLoader Environment load took 85.31ns 
483344     INFO  main            d.u.i.k.p.i.AbstractProblemLoader Creating init config 
483376     WARN  main            d.u.i.k.j.r.KeYCrossReferenceNameInfo Datatype java.io.PrintStream declared twice: Once in FILE:/home/runner/work/key/key/key.core/../key.ui/examples/standard_key/java_dl/classpath/PrintStream.java and once in URL:file:/home/runner/work/key/key/key.core/build/resources/main/de/uka/ilkd/key/java/JavaRedux/java/io/PrintStream.java, Keeping one from URL:file:/home/runner/work/key/key/key.core/build/resources/main/de/uka/ilkd/key/java/JavaRedux/java/io/PrintStream.java 
483377     WARN  main            d.u.i.k.j.r.KeYCrossReferenceNameInfo Datatype java.lang.System declared twice: Once in FILE:/home/runner/work/key/key/key.core/../key.ui/examples/standard_key/java_dl/classpath/System.java and once in URL:file:/home/runner/work/key/key/key.core/build/resources/main/de/uka/ilkd/key/java/JavaRedux/java/lang/System.java, Keeping one from URL:file:/home/runner/work/key/key/key.core/build/resources/main/de/uka/ilkd/key/java/JavaRedux/java/lang/System.java 
483377     WARN  main            d.u.i.k.j.r.KeYCrossReferenceNameInfo Datatype java.io.InputStream declared twice: Once in FILE:/home/runner/work/key/key/key.core/../key.ui/examples/standard_key/java_dl/classpath/InputStream.java and once in URL:file:/home/runner/work/key/key/key.core/build/resources/main/de/uka/ilkd/key/java/JavaRedux/java/io/InputStream.java, Keeping one from URL:file:/home/runner/work/key/key/key.core/build/resources/main/de/uka/ilkd/key/java/JavaRedux/java/io/InputStream.java 
483381     DEBUG main            d.u.i.k.j.r.ClassFileDeclarationBuilder Parsing: package java.io; public class Closeable { } 
483381     DEBUG main            r.s.KeYCrossReferenceSourceInfo Dynamically created class: java.io.Closeable 
486222     DEBUG main            d.u.i.k.p.i.AbstractProblemLoader Init config took 2.88s 
486240     INFO  main            d.u.i.k.p.i.AbstractProblemLoader Replaying proof reverseArray2.key 
486242     DEBUG main            d.u.i.k.p.i.IntermediateProofReplayer Proof replay took 41.3ns 
487875     INFO  main            d.u.i.k.p.r.p.TestFile    ... finished proof: closed. 
488496     INFO  main            d.u.i.k.p.i.AbstractProblemLoader Loading environment from /home/runner/work/key/key/key.core/../key.ui/examples/standard_key/java_dl/reverseArray2.key.proof 
488496     DEBUG main            d.u.i.k.p.i.AbstractProblemLoader Environment load took 347.33ns 
488498     INFO  main            d.u.i.k.p.i.AbstractProblemLoader Creating init config 
488522     WARN  main            d.u.i.k.j.r.KeYCrossReferenceNameInfo Datatype java.io.PrintStream declared twice: Once in FILE:/home/runner/work/key/key/key.core/../key.ui/examples/standard_key/java_dl/classpath/PrintStream.java and once in URL:file:/home/runner/work/key/key/key.core/build/resources/main/de/uka/ilkd/key/java/JavaRedux/java/io/PrintStream.java, Keeping one from URL:file:/home/runner/work/key/key/key.core/build/resources/main/de/uka/ilkd/key/java/JavaRedux/java/io/PrintStream.java 
488522     WARN  main            d.u.i.k.j.r.KeYCrossReferenceNameInfo Datatype java.lang.System declared twice: Once in FILE:/home/runner/work/key/key/key.core/../key.ui/examples/standard_key/java_dl/classpath/System.java and once in URL:file:/home/runner/work/key/key/key.core/build/resources/main/de/uka/ilkd/key/java/JavaRedux/java/lang/System.java, Keeping one from URL:file:/home/runner/work/key/key/key.core/build/resources/main/de/uka/ilkd/key/java/JavaRedux/java/lang/System.java 
488523     WARN  main            d.u.i.k.j.r.KeYCrossReferenceNameInfo Datatype java.io.InputStream declared twice: Once in FILE:/home/runner/work/key/key/key.core/../key.ui/examples/standard_key/java_dl/classpath/InputStream.java and once in URL:file:/home/runner/work/key/key/key.core/build/resources/main/de/uka/ilkd/key/java/JavaRedux/java/io/InputStream.java, Keeping one from URL:file:/home/runner/work/key/key/key.core/build/resources/main/de/uka/ilkd/key/java/JavaRedux/java/io/InputStream.java 
488527     DEBUG main            d.u.i.k.j.r.ClassFileDeclarationBuilder Parsing: package java.io; public class Closeable { } 
488527     DEBUG main            r.s.KeYCrossReferenceSourceInfo Dynamically created class: java.io.Closeable 
491418     DEBUG main            d.u.i.k.p.i.AbstractProblemLoader Init config took 2.92s 
491436     INFO  main            d.u.i.k.p.i.AbstractProblemLoader Replaying proof reverseArray2.key.proof 
491625     DEBUG main            d.u.i.k.p.i.IntermediateProofReplayer Proof replay took 183.75ms 
491626     DEBUG main            d.u.i.k.p.r.p.TestFile    ... success: reloaded. 
491627     INFO  main            d.u.i.k.p.r.p.TestFile    Now processing file /home/runner/work/key/key/key.core/../key.ui/examples/standard_key/java_dl/simpleAssignment.key 
491628     INFO  main            d.u.i.k.p.i.AbstractProblemLoader Loading environment from /home/runner/work/key/key/key.core/../key.ui/examples/standard_key/java_dl/simpleAssignment.key 
491628     DEBUG main            d.u.i.k.p.i.AbstractProblemLoader Environment load took 64.01ns 
491629     INFO  main            d.u.i.k.p.i.AbstractProblemLoader Creating init config 
494439     DEBUG main            d.u.i.k.p.i.AbstractProblemLoader Init config took 2.81s 
494456     INFO  main            d.u.i.k.p.i.AbstractProblemLoader Replaying proof simpleAssignment.key 
494457     DEBUG main            d.u.i.k.p.i.IntermediateProofReplayer Proof replay took 2.9ns 
494560     INFO  main            d.u.i.k.p.r.p.TestFile    ... finished proof: closed. 
495132     INFO  main            d.u.i.k.p.i.AbstractProblemLoader Loading environment from /home/runner/work/key/key/key.core/../key.ui/examples/standard_key/java_dl/simpleAssignment.key.proof 
495132     DEBUG main            d.u.i.k.p.i.AbstractProblemLoader Environment load took 87.81ns 
495133     INFO  main            d.u.i.k.p.i.AbstractProblemLoader Creating init config 
497877     DEBUG main            d.u.i.k.p.i.AbstractProblemLoader Init config took 2.74s 
497893     INFO  main            d.u.i.k.p.i.AbstractProblemLoader Replaying proof simpleAssignment.key.proof 
497895     DEBUG main            d.u.i.k.p.i.IntermediateProofReplayer Proof replay took 641.15ns 
497896     DEBUG main            d.u.i.k.p.r.p.TestFile    ... success: reloaded. 
497896     INFO  main            d.u.i.k.p.r.p.TestFile    Now processing file /home/runner/work/key/key/key.core/../key.ui/examples/standard_key/java_dl/simpleAssignment2.key 
497897     INFO  main            d.u.i.k.p.i.AbstractProblemLoader Loading environment from /home/runner/work/key/key/key.core/../key.ui/examples/standard_key/java_dl/simpleAssignment2.key 
497897     DEBUG main            d.u.i.k.p.i.AbstractProblemLoader Environment load took 53.7ns 
497898     INFO  main            d.u.i.k.p.i.AbstractProblemLoader Creating init config 
500546     DEBUG main            d.u.i.k.p.i.AbstractProblemLoader Init config took 2.65s 
500561     INFO  main            d.u.i.k.p.i.AbstractProblemLoader Replaying proof simpleAssignment2.key 
500563     DEBUG main            d.u.i.k.p.i.IntermediateProofReplayer Proof replay took 3.6ns 
500669     INFO  main            d.u.i.k.p.r.p.TestFile    ... finished proof: closed. 
501184     INFO  main            d.u.i.k.p.i.AbstractProblemLoader Loading environment from /home/runner/work/key/key/key.core/../key.ui/examples/standard_key/java_dl/simpleAssignment2.key.proof 
501184     DEBUG main            d.u.i.k.p.i.AbstractProblemLoader Environment load took 85.11ns 
501185     INFO  main            d.u.i.k.p.i.AbstractProblemLoader Creating init config 
503796     DEBUG main            d.u.i.k.p.i.AbstractProblemLoader Init config took 2.61s 
503812     INFO  main            d.u.i.k.p.i.AbstractProblemLoader Replaying proof simpleAssignment2.key.proof 
503814     DEBUG main            d.u.i.k.p.i.IntermediateProofReplayer Proof replay took 423.63ns 
503814     DEBUG main            d.u.i.k.p.r.p.TestFile    ... success: reloaded. 
503815     INFO  main            d.u.i.k.p.r.p.TestFile    Now processing file /home/runner/work/key/key/key.core/../key.ui/examples/standard_key/java_dl/splittingWithQueries.key 
503815     INFO  main            d.u.i.k.p.i.AbstractProblemLoader Loading environment from /home/runner/work/key/key/key.core/../key.ui/examples/standard_key/java_dl/splittingWithQueries.key 
503815     DEBUG main            d.u.i.k.p.i.AbstractProblemLoader Environment load took 46.1ns 
503816     INFO  main            d.u.i.k.p.i.AbstractProblemLoader Creating init config 
506540     DEBUG main            d.u.i.k.p.i.AbstractProblemLoader Init config took 2.72s 
506555     INFO  main            d.u.i.k.p.i.AbstractProblemLoader Replaying proof splittingWithQueries.key 
506557     DEBUG main            d.u.i.k.p.i.IntermediateProofReplayer Proof replay took 2.8ns 
506659     INFO  main            d.u.i.k.p.r.p.TestFile    ... finished proof: closed. 
507205     INFO  main            d.u.i.k.p.i.AbstractProblemLoader Loading environment from /home/runner/work/key/key/key.core/../key.ui/examples/standard_key/java_dl/splittingWithQueries.key.proof 
507205     DEBUG main            d.u.i.k.p.i.AbstractProblemLoader Environment load took 94.11ns 
507206     INFO  main            d.u.i.k.p.i.AbstractProblemLoader Creating init config 
509982     DEBUG main            d.u.i.k.p.i.AbstractProblemLoader Init config took 2.78s 
510005     INFO  main            d.u.i.k.p.i.AbstractProblemLoader Replaying proof splittingWithQueries.key.proof 
510008     DEBUG main            d.u.i.k.p.i.IntermediateProofReplayer Proof replay took 1.43ms 
510009     DEBUG main            d.u.i.k.p.r.p.TestFile    ... success: reloaded. 
510013     INFO  main            d.u.i.k.p.r.p.TestFile    Now processing file /home/runner/work/key/key/key.core/../key.ui/examples/standard_key/java_dl/strassen/strassen.key 
510013     INFO  main            d.u.i.k.p.i.AbstractProblemLoader Loading environment from /home/runner/work/key/key/key.core/../key.ui/examples/standard_key/java_dl/strassen/strassen.key 
510013     DEBUG main            d.u.i.k.p.i.AbstractProblemLoader Environment load took 84.31ns 
510014     INFO  main            d.u.i.k.p.i.AbstractProblemLoader Creating init config 
512981     DEBUG main            d.u.i.k.p.i.AbstractProblemLoader Init config took 2.97s 
513022     INFO  main            d.u.i.k.p.i.AbstractProblemLoader Replaying proof Matrix22[Matrix22::strassen(Matrix22,Matrix22)].JML normal_behavior operation contract.0 
513023     DEBUG main            d.u.i.k.p.i.IntermediateProofReplayer Proof replay took 2.8ns 
518623     INFO  main            d.u.i.k.p.r.p.TestFile    ... finished proof: closed. 
519331     INFO  main            d.u.i.k.p.i.AbstractProblemLoader Loading environment from /home/runner/work/key/key/key.core/../key.ui/examples/standard_key/java_dl/strassen/strassen.key.proof 
519331     DEBUG main            d.u.i.k.p.i.AbstractProblemLoader Environment load took 418.34ns 
519334     INFO  main            d.u.i.k.p.i.AbstractProblemLoader Creating init config 
522126     DEBUG main            d.u.i.k.p.i.AbstractProblemLoader Init config took 2.79s 
522167     INFO  main            d.u.i.k.p.i.AbstractProblemLoader Replaying proof Matrix22[Matrix22::strassen(Matrix22,Matrix22)].JML normal_behavior operation contract.0 
522640     DEBUG main            d.u.i.k.p.i.IntermediateProofReplayer Proof replay took 461.38ms 
522641     DEBUG main            d.u.i.k.p.r.p.TestFile    ... success: reloaded. 
522642     INFO  main            d.u.i.k.p.r.p.TestFile    Now processing file /home/runner/work/key/key/key.core/../key.ui/examples/standard_key/java_dl/symmArray.key 
522643     INFO  main            d.u.i.k.p.i.AbstractProblemLoader Loading environment from /home/runner/work/key/key/key.core/../key.ui/examples/standard_key/java_dl/symmArray.key 
522643     DEBUG main            d.u.i.k.p.i.AbstractProblemLoader Environment load took 81.71ns 
522646     INFO  main            d.u.i.k.p.i.AbstractProblemLoader Creating init config 
525626     DEBUG main            d.u.i.k.p.i.AbstractProblemLoader Init config took 2.98s 
525645     INFO  main            d.u.i.k.p.i.AbstractProblemLoader Replaying proof symmArray.key 
525646     DEBUG main            d.u.i.k.p.i.IntermediateProofReplayer Proof replay took 2.7ns 
619725     INFO  main            d.u.i.k.p.r.p.TestFile    ... finished proof: closed. 
620403     INFO  main            d.u.i.k.p.i.AbstractProblemLoader Loading environment from /home/runner/work/key/key/key.core/../key.ui/examples/standard_key/java_dl/symmArray.key.proof 
620403     DEBUG main            d.u.i.k.p.i.AbstractProblemLoader Environment load took 365.43ns 
620409     INFO  main            d.u.i.k.p.i.AbstractProblemLoader Creating init config 
623191     DEBUG main            d.u.i.k.p.i.AbstractProblemLoader Init config took 2.78s 
623210     INFO  main            d.u.i.k.p.i.AbstractProblemLoader Replaying proof symmArray.key.proof 
624187     DEBUG main            d.u.i.k.p.i.IntermediateProofReplayer Proof replay took 918.96ms 
624192     DEBUG main            d.u.i.k.p.r.p.TestFile    ... success: reloaded. 
624193     INFO  main            d.u.i.k.p.r.p.TestFile    Now processing file /home/runner/work/key/key/key.core/../key.ui/examples/standard_key/java_dl/testcontext.key 
624194     INFO  main            d.u.i.k.p.i.AbstractProblemLoader Loading environment from /home/runner/work/key/key/key.core/../key.ui/examples/standard_key/java_dl/testcontext.key 
624194     DEBUG main            d.u.i.k.p.i.AbstractProblemLoader Environment load took 79.91ns 
624195     INFO  main            d.u.i.k.p.i.AbstractProblemLoader Creating init config 
624218     WARN  main            d.u.i.k.j.r.KeYCrossReferenceNameInfo Datatype java.io.PrintStream declared twice: Once in FILE:/home/runner/work/key/key/key.core/../key.ui/examples/standard_key/java_dl/classpath/PrintStream.java and once in URL:file:/home/runner/work/key/key/key.core/build/resources/main/de/uka/ilkd/key/java/JavaRedux/java/io/PrintStream.java, Keeping one from URL:file:/home/runner/work/key/key/key.core/build/resources/main/de/uka/ilkd/key/java/JavaRedux/java/io/PrintStream.java 
624218     WARN  main            d.u.i.k.j.r.KeYCrossReferenceNameInfo Datatype java.lang.System declared twice: Once in FILE:/home/runner/work/key/key/key.core/../key.ui/examples/standard_key/java_dl/classpath/System.java and once in URL:file:/home/runner/work/key/key/key.core/build/resources/main/de/uka/ilkd/key/java/JavaRedux/java/lang/System.java, Keeping one from URL:file:/home/runner/work/key/key/key.core/build/resources/main/de/uka/ilkd/key/java/JavaRedux/java/lang/System.java 
624218     WARN  main            d.u.i.k.j.r.KeYCrossReferenceNameInfo Datatype java.io.InputStream declared twice: Once in FILE:/home/runner/work/key/key/key.core/../key.ui/examples/standard_key/java_dl/classpath/InputStream.java and once in URL:file:/home/runner/work/key/key/key.core/build/resources/main/de/uka/ilkd/key/java/JavaRedux/java/io/InputStream.java, Keeping one from URL:file:/home/runner/work/key/key/key.core/build/resources/main/de/uka/ilkd/key/java/JavaRedux/java/io/InputStream.java 
624222     DEBUG main            d.u.i.k.j.r.ClassFileDeclarationBuilder Parsing: package java.io; public class Closeable { } 
624222     DEBUG main            r.s.KeYCrossReferenceSourceInfo Dynamically created class: java.io.Closeable 
627010     DEBUG main            d.u.i.k.p.i.AbstractProblemLoader Init config took 2.81s 
627027     INFO  main            d.u.i.k.p.i.AbstractProblemLoader Replaying proof testcontext.key 
627028     DEBUG main            d.u.i.k.p.i.IntermediateProofReplayer Proof replay took 3.3ns 
627331     INFO  main            d.u.i.k.p.r.p.TestFile    ... finished proof: closed. 
628053     INFO  main            d.u.i.k.p.i.AbstractProblemLoader Loading environment from /home/runner/work/key/key/key.core/../key.ui/examples/standard_key/java_dl/testcontext.key.proof 
628053     DEBUG main            d.u.i.k.p.i.AbstractProblemLoader Environment load took 94.11ns 
628054     INFO  main            d.u.i.k.p.i.AbstractProblemLoader Creating init config 
628077     WARN  main            d.u.i.k.j.r.KeYCrossReferenceNameInfo Datatype java.io.PrintStream declared twice: Once in FILE:/home/runner/work/key/key/key.core/../key.ui/examples/standard_key/java_dl/classpath/PrintStream.java and once in URL:file:/home/runner/work/key/key/key.core/build/resources/main/de/uka/ilkd/key/java/JavaRedux/java/io/PrintStream.java, Keeping one from URL:file:/home/runner/work/key/key/key.core/build/resources/main/de/uka/ilkd/key/java/JavaRedux/java/io/PrintStream.java 
628077     WARN  main            d.u.i.k.j.r.KeYCrossReferenceNameInfo Datatype java.lang.System declared twice: Once in FILE:/home/runner/work/key/key/key.core/../key.ui/examples/standard_key/java_dl/classpath/System.java and once in URL:file:/home/runner/work/key/key/key.core/build/resources/main/de/uka/ilkd/key/java/JavaRedux/java/lang/System.java, Keeping one from URL:file:/home/runner/work/key/key/key.core/build/resources/main/de/uka/ilkd/key/java/JavaRedux/java/lang/System.java 
628077     WARN  main            d.u.i.k.j.r.KeYCrossReferenceNameInfo Datatype java.io.InputStream declared twice: Once in FILE:/home/runner/work/key/key/key.core/../key.ui/examples/standard_key/java_dl/classpath/InputStream.java and once in URL:file:/home/runner/work/key/key/key.core/build/resources/main/de/uka/ilkd/key/java/JavaRedux/java/io/InputStream.java, Keeping one from URL:file:/home/runner/work/key/key/key.core/build/resources/main/de/uka/ilkd/key/java/JavaRedux/java/io/InputStream.java 
628081     DEBUG main            d.u.i.k.j.r.ClassFileDeclarationBuilder Parsing: package java.io; public class Closeable { } 
628081     DEBUG main            r.s.KeYCrossReferenceSourceInfo Dynamically created class: java.io.Closeable 
630723     DEBUG main            d.u.i.k.p.i.AbstractProblemLoader Init config took 2.67s 
630740     INFO  main            d.u.i.k.p.i.AbstractProblemLoader Replaying proof testcontext.key.proof 
630787     DEBUG main            d.u.i.k.p.i.IntermediateProofReplayer Proof replay took 44.14ms 
630788     DEBUG main            d.u.i.k.p.r.p.TestFile    ... success: reloaded. 
630789     INFO  main            d.u.i.k.p.r.p.TestFile    Now processing file /home/runner/work/key/key/key.core/../key.ui/examples/standard_key/staticInitialisation/cascadeStaticInitialisation.key 
630789     INFO  main            d.u.i.k.p.i.AbstractProblemLoader Loading environment from /home/runner/work/key/key/key.core/../key.ui/examples/standard_key/staticInitialisation/cascadeStaticInitialisation.key 
630789     DEBUG main            d.u.i.k.p.i.AbstractProblemLoader Environment load took 55ns 
630792     INFO  main            d.u.i.k.p.i.AbstractProblemLoader Creating init config 
630814     WARN  main            d.u.i.k.j.r.KeYCrossReferenceNameInfo Datatype java.io.PrintStream declared twice: Once in FILE:/home/runner/work/key/key/key.core/../key.ui/examples/standard_key/staticInitialisation/classpath/PrintStream.java and once in URL:file:/home/runner/work/key/key/key.core/build/resources/main/de/uka/ilkd/key/java/JavaRedux/java/io/PrintStream.java, Keeping one from URL:file:/home/runner/work/key/key/key.core/build/resources/main/de/uka/ilkd/key/java/JavaRedux/java/io/PrintStream.java 
630814     WARN  main            d.u.i.k.j.r.KeYCrossReferenceNameInfo Datatype java.lang.System declared twice: Once in FILE:/home/runner/work/key/key/key.core/../key.ui/examples/standard_key/staticInitialisation/classpath/System.java and once in URL:file:/home/runner/work/key/key/key.core/build/resources/main/de/uka/ilkd/key/java/JavaRedux/java/lang/System.java, Keeping one from URL:file:/home/runner/work/key/key/key.core/build/resources/main/de/uka/ilkd/key/java/JavaRedux/java/lang/System.java 
633538     DEBUG main            d.u.i.k.p.i.AbstractProblemLoader Init config took 2.75s 
633555     INFO  main            d.u.i.k.p.i.AbstractProblemLoader Replaying proof cascadeStaticInitialisation.key 
633556     DEBUG main            d.u.i.k.p.i.IntermediateProofReplayer Proof replay took 3ns 
634362     INFO  main            d.u.i.k.p.r.p.TestFile    ... finished proof: closed. 
634989     INFO  main            d.u.i.k.p.i.AbstractProblemLoader Loading environment from /home/runner/work/key/key/key.core/../key.ui/examples/standard_key/staticInitialisation/cascadeStaticInitialisation.key.proof 
634989     DEBUG main            d.u.i.k.p.i.AbstractProblemLoader Environment load took 85.51ns 
634990     INFO  main            d.u.i.k.p.i.AbstractProblemLoader Creating init config 
635013     WARN  main            d.u.i.k.j.r.KeYCrossReferenceNameInfo Datatype java.io.PrintStream declared twice: Once in FILE:/home/runner/work/key/key/key.core/../key.ui/examples/standard_key/staticInitialisation/classpath/PrintStream.java and once in URL:file:/home/runner/work/key/key/key.core/build/resources/main/de/uka/ilkd/key/java/JavaRedux/java/io/PrintStream.java, Keeping one from URL:file:/home/runner/work/key/key/key.core/build/resources/main/de/uka/ilkd/key/java/JavaRedux/java/io/PrintStream.java 
635014     WARN  main            d.u.i.k.j.r.KeYCrossReferenceNameInfo Datatype java.lang.System declared twice: Once in FILE:/home/runner/work/key/key/key.core/../key.ui/examples/standard_key/staticInitialisation/classpath/System.java and once in URL:file:/home/runner/work/key/key/key.core/build/resources/main/de/uka/ilkd/key/java/JavaRedux/java/lang/System.java, Keeping one from URL:file:/home/runner/work/key/key/key.core/build/resources/main/de/uka/ilkd/key/java/JavaRedux/java/lang/System.java 
637864     DEBUG main            d.u.i.k.p.i.AbstractProblemLoader Init config took 2.87s 
637884     INFO  main            d.u.i.k.p.i.AbstractProblemLoader Replaying proof cascadeStaticInitialisation.key.proof 
638025     DEBUG main            d.u.i.k.p.i.IntermediateProofReplayer Proof replay took 138.04ms 
638026     DEBUG main            d.u.i.k.p.r.p.TestFile    ... success: reloaded. 
638027     INFO  main            d.u.i.k.p.r.p.TestFile    Now processing file /home/runner/work/key/key/key.core/../key.ui/examples/standard_key/staticInitialisation/erroneousClassImpliesErroneousSubclass.key 
638027     INFO  main            d.u.i.k.p.i.AbstractProblemLoader Loading environment from /home/runner/work/key/key/key.core/../key.ui/examples/standard_key/staticInitialisation/erroneousClassImpliesErroneousSubclass.key 
638028     DEBUG main            d.u.i.k.p.i.AbstractProblemLoader Environment load took 85.41ns 
638029     INFO  main            d.u.i.k.p.i.AbstractProblemLoader Creating init config 
638052     WARN  main            d.u.i.k.j.r.KeYCrossReferenceNameInfo Datatype java.io.PrintStream declared twice: Once in FILE:/home/runner/work/key/key/key.core/../key.ui/examples/standard_key/staticInitialisation/classpath/PrintStream.java and once in URL:file:/home/runner/work/key/key/key.core/build/resources/main/de/uka/ilkd/key/java/JavaRedux/java/io/PrintStream.java, Keeping one from URL:file:/home/runner/work/key/key/key.core/build/resources/main/de/uka/ilkd/key/java/JavaRedux/java/io/PrintStream.java 
638052     WARN  main            d.u.i.k.j.r.KeYCrossReferenceNameInfo Datatype java.lang.System declared twice: Once in FILE:/home/runner/work/key/key/key.core/../key.ui/examples/standard_key/staticInitialisation/classpath/System.java and once in URL:file:/home/runner/work/key/key/key.core/build/resources/main/de/uka/ilkd/key/java/JavaRedux/java/lang/System.java, Keeping one from URL:file:/home/runner/work/key/key/key.core/build/resources/main/de/uka/ilkd/key/java/JavaRedux/java/lang/System.java 
640851     DEBUG main            d.u.i.k.p.i.AbstractProblemLoader Init config took 2.82s 
640866     INFO  main            d.u.i.k.p.i.AbstractProblemLoader Replaying proof erroneousClassImpliesErroneousSubclass.key 
640868     DEBUG main            d.u.i.k.p.i.IntermediateProofReplayer Proof replay took 3.4ns 
640969     INFO  main            d.u.i.k.p.r.p.TestFile    ... finished proof: closed. 
641583     INFO  main            d.u.i.k.p.i.AbstractProblemLoader Loading environment from /home/runner/work/key/key/key.core/../key.ui/examples/standard_key/staticInitialisation/erroneousClassImpliesErroneousSubclass.key.proof 
641583     DEBUG main            d.u.i.k.p.i.AbstractProblemLoader Environment load took 87.2ns 
641584     INFO  main            d.u.i.k.p.i.AbstractProblemLoader Creating init config 
641611     WARN  main            d.u.i.k.j.r.KeYCrossReferenceNameInfo Datatype java.io.PrintStream declared twice: Once in FILE:/home/runner/work/key/key/key.core/../key.ui/examples/standard_key/staticInitialisation/classpath/PrintStream.java and once in URL:file:/home/runner/work/key/key/key.core/build/resources/main/de/uka/ilkd/key/java/JavaRedux/java/io/PrintStream.java, Keeping one from URL:file:/home/runner/work/key/key/key.core/build/resources/main/de/uka/ilkd/key/java/JavaRedux/java/io/PrintStream.java 
641611     WARN  main            d.u.i.k.j.r.KeYCrossReferenceNameInfo Datatype java.lang.System declared twice: Once in FILE:/home/runner/work/key/key/key.core/../key.ui/examples/standard_key/staticInitialisation/classpath/System.java and once in URL:file:/home/runner/work/key/key/key.core/build/resources/main/de/uka/ilkd/key/java/JavaRedux/java/lang/System.java, Keeping one from URL:file:/home/runner/work/key/key/key.core/build/resources/main/de/uka/ilkd/key/java/JavaRedux/java/lang/System.java 
644325     DEBUG main            d.u.i.k.p.i.AbstractProblemLoader Init config took 2.74s 
644340     INFO  main            d.u.i.k.p.i.AbstractProblemLoader Replaying proof erroneousClassImpliesErroneousSubclass.key.proof 
644342     DEBUG main            d.u.i.k.p.i.IntermediateProofReplayer Proof replay took 495.64ns 
644343     DEBUG main            d.u.i.k.p.r.p.TestFile    ... success: reloaded. 
644348     INFO  main            d.u.i.k.p.r.p.TestFile    Now processing file /home/runner/work/key/key/key.core/../key.ui/examples/standard_key/staticInitialisation/initializedSubclassImpliesInitializedSuperclass.key 
644348     INFO  main            d.u.i.k.p.i.AbstractProblemLoader Loading environment from /home/runner/work/key/key/key.core/../key.ui/examples/standard_key/staticInitialisation/initializedSubclassImpliesInitializedSuperclass.key 
644348     DEBUG main            d.u.i.k.p.i.AbstractProblemLoader Environment load took 84.21ns 
644350     INFO  main            d.u.i.k.p.i.AbstractProblemLoader Creating init config 
644372     WARN  main            d.u.i.k.j.r.KeYCrossReferenceNameInfo Datatype java.io.PrintStream declared twice: Once in FILE:/home/runner/work/key/key/key.core/../key.ui/examples/standard_key/staticInitialisation/classpath/PrintStream.java and once in URL:file:/home/runner/work/key/key/key.core/build/resources/main/de/uka/ilkd/key/java/JavaRedux/java/io/PrintStream.java, Keeping one from URL:file:/home/runner/work/key/key/key.core/build/resources/main/de/uka/ilkd/key/java/JavaRedux/java/io/PrintStream.java 
644372     WARN  main            d.u.i.k.j.r.KeYCrossReferenceNameInfo Datatype java.lang.System declared twice: Once in FILE:/home/runner/work/key/key/key.core/../key.ui/examples/standard_key/staticInitialisation/classpath/System.java and once in URL:file:/home/runner/work/key/key/key.core/build/resources/main/de/uka/ilkd/key/java/JavaRedux/java/lang/System.java, Keeping one from URL:file:/home/runner/work/key/key/key.core/build/resources/main/de/uka/ilkd/key/java/JavaRedux/java/lang/System.java 
647101     DEBUG main            d.u.i.k.p.i.AbstractProblemLoader Init config took 2.75s 
647116     INFO  main            d.u.i.k.p.i.AbstractProblemLoader Replaying proof initializedSubclassImpliesInitializedSuperclass.key 
647117     DEBUG main            d.u.i.k.p.i.IntermediateProofReplayer Proof replay took 3.5ns 
647220     INFO  main            d.u.i.k.p.r.p.TestFile    ... finished proof: closed. 
647831     INFO  main            d.u.i.k.p.i.AbstractProblemLoader Loading environment from /home/runner/work/key/key/key.core/../key.ui/examples/standard_key/staticInitialisation/initializedSubclassImpliesInitializedSuperclass.key.proof 
647832     DEBUG main            d.u.i.k.p.i.AbstractProblemLoader Environment load took 110.41ns 
647833     INFO  main            d.u.i.k.p.i.AbstractProblemLoader Creating init config 
647856     WARN  main            d.u.i.k.j.r.KeYCrossReferenceNameInfo Datatype java.io.PrintStream declared twice: Once in FILE:/home/runner/work/key/key/key.core/../key.ui/examples/standard_key/staticInitialisation/classpath/PrintStream.java and once in URL:file:/home/runner/work/key/key/key.core/build/resources/main/de/uka/ilkd/key/java/JavaRedux/java/io/PrintStream.java, Keeping one from URL:file:/home/runner/work/key/key/key.core/build/resources/main/de/uka/ilkd/key/java/JavaRedux/java/io/PrintStream.java 
647856     WARN  main            d.u.i.k.j.r.KeYCrossReferenceNameInfo Datatype java.lang.System declared twice: Once in FILE:/home/runner/work/key/key/key.core/../key.ui/examples/standard_key/staticInitialisation/classpath/System.java and once in URL:file:/home/runner/work/key/key/key.core/build/resources/main/de/uka/ilkd/key/java/JavaRedux/java/lang/System.java, Keeping one from URL:file:/home/runner/work/key/key/key.core/build/resources/main/de/uka/ilkd/key/java/JavaRedux/java/lang/System.java 
650571     DEBUG main            d.u.i.k.p.i.AbstractProblemLoader Init config took 2.74s 
650593     INFO  main            d.u.i.k.p.i.AbstractProblemLoader Replaying proof initializedSubclassImpliesInitializedSuperclass.key.proof 
650595     DEBUG main            d.u.i.k.p.i.IntermediateProofReplayer Proof replay took 350.43ns 
650596     DEBUG main            d.u.i.k.p.r.p.TestFile    ... success: reloaded. 
650596     INFO  main            d.u.i.k.p.r.p.TestFile    Now processing file /home/runner/work/key/key/key.core/../key.ui/examples/standard_key/staticInitialisation/localDeclared.key 
650597     INFO  main            d.u.i.k.p.i.AbstractProblemLoader Loading environment from /home/runner/work/key/key/key.core/../key.ui/examples/standard_key/staticInitialisation/localDeclared.key 
650597     DEBUG main            d.u.i.k.p.i.AbstractProblemLoader Environment load took 86.31ns 
650599     INFO  main            d.u.i.k.p.i.AbstractProblemLoader Creating init config 
650621     WARN  main            d.u.i.k.j.r.KeYCrossReferenceNameInfo Datatype java.io.PrintStream declared twice: Once in FILE:/home/runner/work/key/key/key.core/../key.ui/examples/standard_key/staticInitialisation/classpath/PrintStream.java and once in URL:file:/home/runner/work/key/key/key.core/build/resources/main/de/uka/ilkd/key/java/JavaRedux/java/io/PrintStream.java, Keeping one from URL:file:/home/runner/work/key/key/key.core/build/resources/main/de/uka/ilkd/key/java/JavaRedux/java/io/PrintStream.java 
650621     WARN  main            d.u.i.k.j.r.KeYCrossReferenceNameInfo Datatype java.lang.System declared twice: Once in FILE:/home/runner/work/key/key/key.core/../key.ui/examples/standard_key/staticInitialisation/classpath/System.java and once in URL:file:/home/runner/work/key/key/key.core/build/resources/main/de/uka/ilkd/key/java/JavaRedux/java/lang/System.java, Keeping one from URL:file:/home/runner/work/key/key/key.core/build/resources/main/de/uka/ilkd/key/java/JavaRedux/java/lang/System.java 
653404     DEBUG main            d.u.i.k.p.i.AbstractProblemLoader Init config took 2.81s 
653420     INFO  main            d.u.i.k.p.i.AbstractProblemLoader Replaying proof localDeclared.key 
653421     DEBUG main            d.u.i.k.p.i.IntermediateProofReplayer Proof replay took 3.4ns 
653733     INFO  main            d.u.i.k.p.r.p.TestFile    ... finished proof: closed. 
654319     INFO  main            d.u.i.k.p.i.AbstractProblemLoader Loading environment from /home/runner/work/key/key/key.core/../key.ui/examples/standard_key/staticInitialisation/localDeclared.key.proof 
654319     DEBUG main            d.u.i.k.p.i.AbstractProblemLoader Environment load took 88.61ns 
654321     INFO  main            d.u.i.k.p.i.AbstractProblemLoader Creating init config 
654343     WARN  main            d.u.i.k.j.r.KeYCrossReferenceNameInfo Datatype java.io.PrintStream declared twice: Once in FILE:/home/runner/work/key/key/key.core/../key.ui/examples/standard_key/staticInitialisation/classpath/PrintStream.java and once in URL:file:/home/runner/work/key/key/key.core/build/resources/main/de/uka/ilkd/key/java/JavaRedux/java/io/PrintStream.java, Keeping one from URL:file:/home/runner/work/key/key/key.core/build/resources/main/de/uka/ilkd/key/java/JavaRedux/java/io/PrintStream.java 
654344     WARN  main            d.u.i.k.j.r.KeYCrossReferenceNameInfo Datatype java.lang.System declared twice: Once in FILE:/home/runner/work/key/key/key.core/../key.ui/examples/standard_key/staticInitialisation/classpath/System.java and once in URL:file:/home/runner/work/key/key/key.core/build/resources/main/de/uka/ilkd/key/java/JavaRedux/java/lang/System.java, Keeping one from URL:file:/home/runner/work/key/key/key.core/build/resources/main/de/uka/ilkd/key/java/JavaRedux/java/lang/System.java 
657126     DEBUG main            d.u.i.k.p.i.AbstractProblemLoader Init config took 2.81s 
657143     INFO  main            d.u.i.k.p.i.AbstractProblemLoader Replaying proof localDeclared.key.proof 
657196     DEBUG main            d.u.i.k.p.i.IntermediateProofReplayer Proof replay took 50.66ms 
657197     DEBUG main            d.u.i.k.p.r.p.TestFile    ... success: reloaded. 
657198     INFO  main            d.u.i.k.p.r.p.TestFile    Now processing file /home/runner/work/key/key/key.core/../key.ui/examples/standard_key/staticInitialisation/localDeclaredMethod.key 
657199     INFO  main            d.u.i.k.p.i.AbstractProblemLoader Loading environment from /home/runner/work/key/key/key.core/../key.ui/examples/standard_key/staticInitialisation/localDeclaredMethod.key 
657199     DEBUG main            d.u.i.k.p.i.AbstractProblemLoader Environment load took 198.41ns 
657201     INFO  main            d.u.i.k.p.i.AbstractProblemLoader Creating init config 
657223     WARN  main            d.u.i.k.j.r.KeYCrossReferenceNameInfo Datatype java.io.PrintStream declared twice: Once in FILE:/home/runner/work/key/key/key.core/../key.ui/examples/standard_key/staticInitialisation/classpath/PrintStream.java and once in URL:file:/home/runner/work/key/key/key.core/build/resources/main/de/uka/ilkd/key/java/JavaRedux/java/io/PrintStream.java, Keeping one from URL:file:/home/runner/work/key/key/key.core/build/resources/main/de/uka/ilkd/key/java/JavaRedux/java/io/PrintStream.java 
657224     WARN  main            d.u.i.k.j.r.KeYCrossReferenceNameInfo Datatype java.lang.System declared twice: Once in FILE:/home/runner/work/key/key/key.core/../key.ui/examples/standard_key/staticInitialisation/classpath/System.java and once in URL:file:/home/runner/work/key/key/key.core/build/resources/main/de/uka/ilkd/key/java/JavaRedux/java/lang/System.java, Keeping one from URL:file:/home/runner/work/key/key/key.core/build/resources/main/de/uka/ilkd/key/java/JavaRedux/java/lang/System.java 
659925     DEBUG main            d.u.i.k.p.i.AbstractProblemLoader Init config took 2.72s 
659941     INFO  main            d.u.i.k.p.i.AbstractProblemLoader Replaying proof localDeclaredMethod.key 
659942     DEBUG main            d.u.i.k.p.i.IntermediateProofReplayer Proof replay took 2.9ns 
660245     INFO  main            d.u.i.k.p.r.p.TestFile    ... finished proof: closed. 
660845     INFO  main            d.u.i.k.p.i.AbstractProblemLoader Loading environment from /home/runner/work/key/key/key.core/../key.ui/examples/standard_key/staticInitialisation/localDeclaredMethod.key.proof 
660845     DEBUG main            d.u.i.k.p.i.AbstractProblemLoader Environment load took 118.11ns 
660846     INFO  main            d.u.i.k.p.i.AbstractProblemLoader Creating init config 
660867     WARN  main            d.u.i.k.j.r.KeYCrossReferenceNameInfo Datatype java.io.PrintStream declared twice: Once in FILE:/home/runner/work/key/key/key.core/../key.ui/examples/standard_key/staticInitialisation/classpath/PrintStream.java and once in URL:file:/home/runner/work/key/key/key.core/build/resources/main/de/uka/ilkd/key/java/JavaRedux/java/io/PrintStream.java, Keeping one from URL:file:/home/runner/work/key/key/key.core/build/resources/main/de/uka/ilkd/key/java/JavaRedux/java/io/PrintStream.java 
660868     WARN  main            d.u.i.k.j.r.KeYCrossReferenceNameInfo Datatype java.lang.System declared twice: Once in FILE:/home/runner/work/key/key/key.core/../key.ui/examples/standard_key/staticInitialisation/classpath/System.java and once in URL:file:/home/runner/work/key/key/key.core/build/resources/main/de/uka/ilkd/key/java/JavaRedux/java/lang/System.java, Keeping one from URL:file:/home/runner/work/key/key/key.core/build/resources/main/de/uka/ilkd/key/java/JavaRedux/java/lang/System.java 
663545     DEBUG main            d.u.i.k.p.i.AbstractProblemLoader Init config took 2.7s 
663561     INFO  main            d.u.i.k.p.i.AbstractProblemLoader Replaying proof localDeclaredMethod.key.proof 
663607     DEBUG main            d.u.i.k.p.i.IntermediateProofReplayer Proof replay took 44.03ms 
663609     DEBUG main            d.u.i.k.p.r.p.TestFile    ... success: reloaded. 
663609     INFO  main            d.u.i.k.p.r.p.TestFile    Now processing file /home/runner/work/key/key/key.core/../key.ui/examples/standard_key/staticInitialisation/objectOfErroneousClass.key 
663610     INFO  main            d.u.i.k.p.i.AbstractProblemLoader Loading environment from /home/runner/work/key/key/key.core/../key.ui/examples/standard_key/staticInitialisation/objectOfErroneousClass.key 
663610     DEBUG main            d.u.i.k.p.i.AbstractProblemLoader Environment load took 113.21ns 
663611     INFO  main            d.u.i.k.p.i.AbstractProblemLoader Creating init config 
663633     WARN  main            d.u.i.k.j.r.KeYCrossReferenceNameInfo Datatype java.io.PrintStream declared twice: Once in FILE:/home/runner/work/key/key/key.core/../key.ui/examples/standard_key/staticInitialisation/classpath/PrintStream.java and once in URL:file:/home/runner/work/key/key/key.core/build/resources/main/de/uka/ilkd/key/java/JavaRedux/java/io/PrintStream.java, Keeping one from URL:file:/home/runner/work/key/key/key.core/build/resources/main/de/uka/ilkd/key/java/JavaRedux/java/io/PrintStream.java 
663634     WARN  main            d.u.i.k.j.r.KeYCrossReferenceNameInfo Datatype java.lang.System declared twice: Once in FILE:/home/runner/work/key/key/key.core/../key.ui/examples/standard_key/staticInitialisation/classpath/System.java and once in URL:file:/home/runner/work/key/key/key.core/build/resources/main/de/uka/ilkd/key/java/JavaRedux/java/lang/System.java, Keeping one from URL:file:/home/runner/work/key/key/key.core/build/resources/main/de/uka/ilkd/key/java/JavaRedux/java/lang/System.java 
666375     DEBUG main            d.u.i.k.p.i.AbstractProblemLoader Init config took 2.76s 
666393     INFO  main            d.u.i.k.p.i.AbstractProblemLoader Replaying proof objectOfErroneousClass.key 
666396     DEBUG main            d.u.i.k.p.i.IntermediateProofReplayer Proof replay took 3ns 
681412     INFO  main            d.u.i.k.p.r.p.TestFile    ... finished proof: closed. 
682117     INFO  main            d.u.i.k.p.i.AbstractProblemLoader Loading environment from /home/runner/work/key/key/key.core/../key.ui/examples/standard_key/staticInitialisation/objectOfErroneousClass.key.proof 
682117     DEBUG main            d.u.i.k.p.i.AbstractProblemLoader Environment load took 343.02ns 
682124     INFO  main            d.u.i.k.p.i.AbstractProblemLoader Creating init config 
682149     WARN  main            d.u.i.k.j.r.KeYCrossReferenceNameInfo Datatype java.io.PrintStream declared twice: Once in FILE:/home/runner/work/key/key/key.core/../key.ui/examples/standard_key/staticInitialisation/classpath/PrintStream.java and once in URL:file:/home/runner/work/key/key/key.core/build/resources/main/de/uka/ilkd/key/java/JavaRedux/java/io/PrintStream.java, Keeping one from URL:file:/home/runner/work/key/key/key.core/build/resources/main/de/uka/ilkd/key/java/JavaRedux/java/io/PrintStream.java 
682149     WARN  main            d.u.i.k.j.r.KeYCrossReferenceNameInfo Datatype java.lang.System declared twice: Once in FILE:/home/runner/work/key/key/key.core/../key.ui/examples/standard_key/staticInitialisation/classpath/System.java and once in URL:file:/home/runner/work/key/key/key.core/build/resources/main/de/uka/ilkd/key/java/JavaRedux/java/lang/System.java, Keeping one from URL:file:/home/runner/work/key/key/key.core/build/resources/main/de/uka/ilkd/key/java/JavaRedux/java/lang/System.java 
684823     DEBUG main            d.u.i.k.p.i.AbstractProblemLoader Init config took 2.7s 
684841     INFO  main            d.u.i.k.p.i.AbstractProblemLoader Replaying proof objectOfErroneousClass.key.proof 
686498     DEBUG main            d.u.i.k.p.i.IntermediateProofReplayer Proof replay took 1.63s 
686502     DEBUG main            d.u.i.k.p.r.p.TestFile    ... success: reloaded. 
686503     INFO  main            d.u.i.k.p.r.p.TestFile    Now processing file /home/runner/work/key/key/key.core/../key.ui/examples/standard_key/staticInitialisation/staticInitialisersAreNonSimple.key 
686503     INFO  main            d.u.i.k.p.i.AbstractProblemLoader Loading environment from /home/runner/work/key/key/key.core/../key.ui/examples/standard_key/staticInitialisation/staticInitialisersAreNonSimple.key 
686503     DEBUG main            d.u.i.k.p.i.AbstractProblemLoader Environment load took 60.8ns 
686505     INFO  main            d.u.i.k.p.i.AbstractProblemLoader Creating init config 
686526     WARN  main            d.u.i.k.j.r.KeYCrossReferenceNameInfo Datatype java.io.PrintStream declared twice: Once in FILE:/home/runner/work/key/key/key.core/../key.ui/examples/standard_key/staticInitialisation/classpath/PrintStream.java and once in URL:file:/home/runner/work/key/key/key.core/build/resources/main/de/uka/ilkd/key/java/JavaRedux/java/io/PrintStream.java, Keeping one from URL:file:/home/runner/work/key/key/key.core/build/resources/main/de/uka/ilkd/key/java/JavaRedux/java/io/PrintStream.java 
686526     WARN  main            d.u.i.k.j.r.KeYCrossReferenceNameInfo Datatype java.lang.System declared twice: Once in FILE:/home/runner/work/key/key/key.core/../key.ui/examples/standard_key/staticInitialisation/classpath/System.java and once in URL:file:/home/runner/work/key/key/key.core/build/resources/main/de/uka/ilkd/key/java/JavaRedux/java/lang/System.java, Keeping one from URL:file:/home/runner/work/key/key/key.core/build/resources/main/de/uka/ilkd/key/java/JavaRedux/java/lang/System.java 
689295     DEBUG main            d.u.i.k.p.i.AbstractProblemLoader Init config took 2.79s 
689311     INFO  main            d.u.i.k.p.i.AbstractProblemLoader Replaying proof staticInitialisersAreNonSimple.key 
689313     DEBUG main            d.u.i.k.p.i.IntermediateProofReplayer Proof replay took 3ns 
689716     INFO  main            d.u.i.k.p.r.p.TestFile    ... finished proof: closed. 
690466     INFO  main            d.u.i.k.p.i.AbstractProblemLoader Loading environment from /home/runner/work/key/key/key.core/../key.ui/examples/standard_key/staticInitialisation/staticInitialisersAreNonSimple.key.proof 
690466     DEBUG main            d.u.i.k.p.i.AbstractProblemLoader Environment load took 93.11ns 
690468     INFO  main            d.u.i.k.p.i.AbstractProblemLoader Creating init config 
690491     WARN  main            d.u.i.k.j.r.KeYCrossReferenceNameInfo Datatype java.io.PrintStream declared twice: Once in FILE:/home/runner/work/key/key/key.core/../key.ui/examples/standard_key/staticInitialisation/classpath/PrintStream.java and once in URL:file:/home/runner/work/key/key/key.core/build/resources/main/de/uka/ilkd/key/java/JavaRedux/java/io/PrintStream.java, Keeping one from URL:file:/home/runner/work/key/key/key.core/build/resources/main/de/uka/ilkd/key/java/JavaRedux/java/io/PrintStream.java 
690491     WARN  main            d.u.i.k.j.r.KeYCrossReferenceNameInfo Datatype java.lang.System declared twice: Once in FILE:/home/runner/work/key/key/key.core/../key.ui/examples/standard_key/staticInitialisation/classpath/System.java and once in URL:file:/home/runner/work/key/key/key.core/build/resources/main/de/uka/ilkd/key/java/JavaRedux/java/lang/System.java, Keeping one from URL:file:/home/runner/work/key/key/key.core/build/resources/main/de/uka/ilkd/key/java/JavaRedux/java/lang/System.java 
693227     DEBUG main            d.u.i.k.p.i.AbstractProblemLoader Init config took 2.76s 
693244     INFO  main            d.u.i.k.p.i.AbstractProblemLoader Replaying proof staticInitialisersAreNonSimple.key.proof 
693312     DEBUG main            d.u.i.k.p.i.IntermediateProofReplayer Proof replay took 65.48ms 
693314     DEBUG main            d.u.i.k.p.r.p.TestFile    ... success: reloaded. 
693314     INFO  main            d.u.i.k.p.r.p.TestFile    Now processing file /home/runner/work/key/key/key.core/../key.ui/examples/standard_key/types/disjoint.key 
693315     INFO  main            d.u.i.k.p.i.AbstractProblemLoader Loading environment from /home/runner/work/key/key/key.core/../key.ui/examples/standard_key/types/disjoint.key 
693315     DEBUG main            d.u.i.k.p.i.AbstractProblemLoader Environment load took 65.5ns 
693316     INFO  main            d.u.i.k.p.i.AbstractProblemLoader Creating init config 
695959     DEBUG main            d.u.i.k.p.i.AbstractProblemLoader Init config took 2.64s 
695974     INFO  main            d.u.i.k.p.i.AbstractProblemLoader Replaying proof disjoint.key 
695975     DEBUG main            d.u.i.k.p.i.IntermediateProofReplayer Proof replay took 3.3ns 
696085     INFO  main            d.u.i.k.p.r.p.TestFile    ... finished proof: closed. 
696715     INFO  main            d.u.i.k.p.i.AbstractProblemLoader Loading environment from /home/runner/work/key/key/key.core/../key.ui/examples/standard_key/types/disjoint.key.proof 
696715     DEBUG main            d.u.i.k.p.i.AbstractProblemLoader Environment load took 87.61ns 
696716     INFO  main            d.u.i.k.p.i.AbstractProblemLoader Creating init config 
699315     DEBUG main            d.u.i.k.p.i.AbstractProblemLoader Init config took 2.6s 
699330     INFO  main            d.u.i.k.p.i.AbstractProblemLoader Replaying proof disjoint.key.proof 
699333     DEBUG main            d.u.i.k.p.i.IntermediateProofReplayer Proof replay took 293.92ns 
699333     DEBUG main            d.u.i.k.p.r.p.TestFile    ... success: reloaded. 
699334     INFO  main            d.u.i.k.p.r.p.TestFile    Now processing file /home/runner/work/key/key/key.core/../key.ui/examples/../../key.core/src/test/resources/testcase/classpath/classpath.key 
699334     INFO  main            d.u.i.k.p.i.AbstractProblemLoader Loading environment from /home/runner/work/key/key/key.core/../key.ui/examples/../../key.core/src/test/resources/testcase/classpath/classpath.key 
699334     DEBUG main            d.u.i.k.p.i.AbstractProblemLoader Environment load took 113.61ns 
699335     INFO  main            d.u.i.k.p.i.AbstractProblemLoader Creating init config 
699360     WARN  main            d.u.i.k.j.r.KeYCrossReferenceNameInfo Datatype cp.C declared twice: Once in FILE:/home/runner/work/key/key/key.core/../key.ui/examples/../../key.core/src/test/resources/testcase/classpath/classpath/C.class and once in FILE:/home/runner/work/key/key/key.core/../key.ui/examples/../../key.core/src/test/resources/testcase/classpath/classpath/C.jml, Keeping one from FILE:/home/runner/work/key/key/key.core/../key.ui/examples/../../key.core/src/test/resources/testcase/classpath/classpath/C.jml 
699364     DEBUG main            d.u.i.k.j.r.ClassFileDeclarationBuilder Parsing: package cp; public class Unresolved1 { } 
699364     DEBUG main            r.s.KeYCrossReferenceSourceInfo Dynamically created class: cp.Unresolved1 
699364     DEBUG main            d.u.i.k.j.r.ClassFileDeclarationBuilder Parsing: package cp; public class Unresolved2 { } 
699364     DEBUG main            r.s.KeYCrossReferenceSourceInfo Dynamically created class: cp.Unresolved2 
702260     DEBUG main            d.u.i.k.p.i.AbstractProblemLoader Init config took 2.92s 
702278     INFO  main            d.u.i.k.p.i.AbstractProblemLoader Replaying proof classpath.key 
702280     DEBUG main            d.u.i.k.p.i.IntermediateProofReplayer Proof replay took 3ns 
702384     INFO  main            d.u.i.k.p.r.p.TestFile    ... finished proof: closed. 
703033     INFO  main            d.u.i.k.p.i.AbstractProblemLoader Loading environment from /home/runner/work/key/key/key.core/../key.ui/examples/../../key.core/src/test/resources/testcase/classpath/classpath.key.proof 
703033     DEBUG main            d.u.i.k.p.i.AbstractProblemLoader Environment load took 116.71ns 
703034     INFO  main            d.u.i.k.p.i.AbstractProblemLoader Creating init config 
703064     WARN  main            d.u.i.k.j.r.KeYCrossReferenceNameInfo Datatype cp.C declared twice: Once in FILE:/home/runner/work/key/key/key.core/../key.ui/examples/../../key.core/src/test/resources/testcase/classpath/classpath/C.class and once in FILE:/home/runner/work/key/key/key.core/../key.ui/examples/../../key.core/src/test/resources/testcase/classpath/classpath/C.jml, Keeping one from FILE:/home/runner/work/key/key/key.core/../key.ui/examples/../../key.core/src/test/resources/testcase/classpath/classpath/C.jml 
703069     DEBUG main            d.u.i.k.j.r.ClassFileDeclarationBuilder Parsing: package cp; public class Unresolved1 { } 
703069     DEBUG main            r.s.KeYCrossReferenceSourceInfo Dynamically created class: cp.Unresolved1 
703069     DEBUG main            d.u.i.k.j.r.ClassFileDeclarationBuilder Parsing: package cp; public class Unresolved2 { } 
703069     DEBUG main            r.s.KeYCrossReferenceSourceInfo Dynamically created class: cp.Unresolved2 
705912     DEBUG main            d.u.i.k.p.i.AbstractProblemLoader Init config took 2.88s 
705929     INFO  main            d.u.i.k.p.i.AbstractProblemLoader Replaying proof classpath.key.proof 
705932     DEBUG main            d.u.i.k.p.i.IntermediateProofReplayer Proof replay took 574.83ns 
705934     DEBUG main            d.u.i.k.p.r.p.TestFile    ... success: reloaded. 
705935     INFO  main            d.u.i.k.p.r.p.TestFile    Now processing file /home/runner/work/key/key/key.core/../key.ui/examples/heap/inconsistent_represents/MyClass_m.key 
705935     INFO  main            d.u.i.k.p.i.AbstractProblemLoader Loading environment from /home/runner/work/key/key/key.core/../key.ui/examples/heap/inconsistent_represents/MyClass_m.key 
705935     DEBUG main            d.u.i.k.p.i.AbstractProblemLoader Environment load took 51.5ns 
705936     INFO  main            d.u.i.k.p.i.AbstractProblemLoader Creating init config 
708779     DEBUG main            d.u.i.k.p.i.AbstractProblemLoader Init config took 2.84s 
708822     INFO  main            d.u.i.k.p.i.AbstractProblemLoader Replaying proof MyClass[MyClass::m()].JML operation contract.0 
708823     DEBUG main            d.u.i.k.p.i.IntermediateProofReplayer Proof replay took 3.6ns 
708925     INFO  main            d.u.i.k.p.r.p.TestFile    ... finished proof: open goal(s) 
709560     INFO  main            d.u.i.k.p.r.p.TestFile    Now processing file /home/runner/work/key/key/key.core/../key.ui/examples/heap/inconsistent_represents/MyClass_n.key 
709560     INFO  main            d.u.i.k.p.i.AbstractProblemLoader Loading environment from /home/runner/work/key/key/key.core/../key.ui/examples/heap/inconsistent_represents/MyClass_n.key 
709560     DEBUG main            d.u.i.k.p.i.AbstractProblemLoader Environment load took 54.5ns 
709561     INFO  main            d.u.i.k.p.i.AbstractProblemLoader Creating init config 
712283     DEBUG main            d.u.i.k.p.i.AbstractProblemLoader Init config took 2.72s 
712322     INFO  main            d.u.i.k.p.i.AbstractProblemLoader Replaying proof MyClass[MyClass::n()].JML operation contract.0 
712324     DEBUG main            d.u.i.k.p.i.IntermediateProofReplayer Proof replay took 2.9ns 
712426     INFO  main            d.u.i.k.p.r.p.TestFile    ... finished proof: open goal(s) 
4133714    INFO  Test worker     d.u.i.k.p.r.RunAllProofsTestUnit Returning from test javadl 
4133715    INFO  Test worker     d.u.i.k.p.r.RunAllProofsTestUnit Running test FOL 
450        INFO  Timeout watchdog d.u.i.k.p.r.p.ForkedTestFileRunner Timeout watcher launched (2000 secs.) 
481        WARN  main            d.u.i.k.s.ProofSettings   The settings in /home/runner/.key/proof-settings.props are *not* read. 
537        INFO  main            d.u.i.k.p.r.p.TestFile    Now processing file /home/runner/work/key/key/key.core/../key.ui/examples/standard_key/pred_log/count.key 
691        INFO  main            d.u.i.k.p.i.AbstractProblemLoader Loading environment from /home/runner/work/key/key/key.core/../key.ui/examples/standard_key/pred_log/count.key 
718        DEBUG main            d.u.i.k.p.i.AbstractProblemLoader Environment load took 2.49ms 
989        INFO  main            d.u.i.k.p.i.AbstractProblemLoader Creating init config 
2139       DEBUG main            d.u.i.k.j.TypeConverter   No LDT found for Meta 
2140       DEBUG main            d.u.i.k.j.TypeConverter   No LDT found for Meta 
2144       DEBUG main            d.u.i.k.j.TypeConverter   No LDT found for Meta 
2144       DEBUG main            d.u.i.k.j.TypeConverter   No LDT found for Meta 
4249       DEBUG main            d.u.i.k.j.TypeConverter   No LDT found for JavaBigintExpression 
9832       DEBUG main            d.u.i.k.p.i.AbstractProblemLoader Init config took 8.84s 
9924       INFO  main            d.u.i.k.p.i.AbstractProblemLoader Replaying proof count.key 
9970       DEBUG main            d.u.i.k.p.i.IntermediateProofReplayer Proof replay took 41.7ns 
10268      INFO  main            d.u.i.k.p.r.p.TestFile    ... finished proof: closed. 
10396      INFO  main            d.u.i.k.p.i.AbstractProblemLoader Loading environment from /home/runner/work/key/key/key.core/../key.ui/examples/standard_key/pred_log/count.key.proof 
10398      DEBUG main            d.u.i.k.p.i.AbstractProblemLoader Environment load took 1.32ms 
10406      INFO  main            d.u.i.k.p.i.AbstractProblemLoader Creating init config 
13549      DEBUG main            d.u.i.k.p.i.AbstractProblemLoader Init config took 3.14s 
13595      INFO  main            d.u.i.k.p.i.AbstractProblemLoader Replaying proof count.key.proof 
13607      DEBUG main            d.u.i.k.p.i.IntermediateProofReplayer Proof replay took 6.97ms 
13620      DEBUG main            d.u.i.k.p.r.p.TestFile    ... success: reloaded. 
13621      INFO  main            d.u.i.k.p.r.p.TestFile    Now processing file /home/runner/work/key/key/key.core/../key.ui/examples/standard_key/pred_log/count2.key 
13622      INFO  main            d.u.i.k.p.i.AbstractProblemLoader Loading environment from /home/runner/work/key/key/key.core/../key.ui/examples/standard_key/pred_log/count2.key 
13622      DEBUG main            d.u.i.k.p.i.AbstractProblemLoader Environment load took 244.52ns 
13624      INFO  main            d.u.i.k.p.i.AbstractProblemLoader Creating init config 
16735      DEBUG main            d.u.i.k.p.i.AbstractProblemLoader Init config took 3.11s 
16766      INFO  main            d.u.i.k.p.i.AbstractProblemLoader Replaying proof count2.key 
16769      DEBUG main            d.u.i.k.p.i.IntermediateProofReplayer Proof replay took 8ns 
16873      INFO  main            d.u.i.k.p.r.p.TestFile    ... finished proof: closed. 
17027      INFO  main            d.u.i.k.p.i.AbstractProblemLoader Loading environment from /home/runner/work/key/key/key.core/../key.ui/examples/standard_key/pred_log/count2.key.proof 
17027      DEBUG main            d.u.i.k.p.i.AbstractProblemLoader Environment load took 147.61ns 
17039      INFO  main            d.u.i.k.p.i.AbstractProblemLoader Creating init config 
19989      DEBUG main            d.u.i.k.p.i.AbstractProblemLoader Init config took 2.95s 
20019      INFO  main            d.u.i.k.p.i.AbstractProblemLoader Replaying proof count2.key.proof 
20025      DEBUG main            d.u.i.k.p.i.IntermediateProofReplayer Proof replay took 2.59ms 
20027      DEBUG main            d.u.i.k.p.r.p.TestFile    ... success: reloaded. 
20031      INFO  main            d.u.i.k.p.r.p.TestFile    Now processing file /home/runner/work/key/key/key.core/../key.ui/examples/standard_key/pred_log/count3.key 
20033      INFO  main            d.u.i.k.p.i.AbstractProblemLoader Loading environment from /home/runner/work/key/key/key.core/../key.ui/examples/standard_key/pred_log/count3.key 
20033      DEBUG main            d.u.i.k.p.i.AbstractProblemLoader Environment load took 136.71ns 
20035      INFO  main            d.u.i.k.p.i.AbstractProblemLoader Creating init config 
22947      DEBUG main            d.u.i.k.p.i.AbstractProblemLoader Init config took 2.91s 
22978      INFO  main            d.u.i.k.p.i.AbstractProblemLoader Replaying proof count3.key 
22980      DEBUG main            d.u.i.k.p.i.IntermediateProofReplayer Proof replay took 8.3ns 
23084      INFO  main            d.u.i.k.p.r.p.TestFile    ... finished proof: closed. 
23240      INFO  main            d.u.i.k.p.i.AbstractProblemLoader Loading environment from /home/runner/work/key/key/key.core/../key.ui/examples/standard_key/pred_log/count3.key.proof 
23240      DEBUG main            d.u.i.k.p.i.AbstractProblemLoader Environment load took 143.71ns 
23242      INFO  main            d.u.i.k.p.i.AbstractProblemLoader Creating init config 
26131      DEBUG main            d.u.i.k.p.i.AbstractProblemLoader Init config took 2.89s 
26170      INFO  main            d.u.i.k.p.i.AbstractProblemLoader Replaying proof count3.key.proof 
26178      DEBUG main            d.u.i.k.p.i.IntermediateProofReplayer Proof replay took 4.2ms 
26180      DEBUG main            d.u.i.k.p.r.p.TestFile    ... success: reloaded. 
26183      INFO  main            d.u.i.k.p.r.p.TestFile    Now processing file /home/runner/work/key/key/key.core/../key.ui/examples/standard_key/pred_log/equalities.key 
26183      INFO  main            d.u.i.k.p.i.AbstractProblemLoader Loading environment from /home/runner/work/key/key/key.core/../key.ui/examples/standard_key/pred_log/equalities.key 
26183      DEBUG main            d.u.i.k.p.i.AbstractProblemLoader Environment load took 115.91ns 
26185      INFO  main            d.u.i.k.p.i.AbstractProblemLoader Creating init config 
28995      DEBUG main            d.u.i.k.p.i.AbstractProblemLoader Init config took 2.81s 
29032      INFO  main            d.u.i.k.p.i.AbstractProblemLoader Replaying proof equalities.key 
29034      DEBUG main            d.u.i.k.p.i.IntermediateProofReplayer Proof replay took 8.6ns 
29137      INFO  main            d.u.i.k.p.r.p.TestFile    ... finished proof: closed. 
29291      INFO  main            d.u.i.k.p.i.AbstractProblemLoader Loading environment from /home/runner/work/key/key/key.core/../key.ui/examples/standard_key/pred_log/equalities.key.proof 
29291      DEBUG main            d.u.i.k.p.i.AbstractProblemLoader Environment load took 140.31ns 
29295      INFO  main            d.u.i.k.p.i.AbstractProblemLoader Creating init config 
32067      DEBUG main            d.u.i.k.p.i.AbstractProblemLoader Init config took 2.77s 
32091      INFO  main            d.u.i.k.p.i.AbstractProblemLoader Replaying proof equalities.key.proof 
32095      DEBUG main            d.u.i.k.p.i.IntermediateProofReplayer Proof replay took 1.53ms 
32096      DEBUG main            d.u.i.k.p.r.p.TestFile    ... success: reloaded. 
32097      INFO  main            d.u.i.k.p.r.p.TestFile    Now processing file /home/runner/work/key/key/key.core/../key.ui/examples/standard_key/pred_log/equalities2.key 
32097      INFO  main            d.u.i.k.p.i.AbstractProblemLoader Loading environment from /home/runner/work/key/key/key.core/../key.ui/examples/standard_key/pred_log/equalities2.key 
32097      DEBUG main            d.u.i.k.p.i.AbstractProblemLoader Environment load took 192.91ns 
32099      INFO  main            d.u.i.k.p.i.AbstractProblemLoader Creating init config 
34890      DEBUG main            d.u.i.k.p.i.AbstractProblemLoader Init config took 2.79s 
34912      INFO  main            d.u.i.k.p.i.AbstractProblemLoader Replaying proof equalities2.key 
34914      DEBUG main            d.u.i.k.p.i.IntermediateProofReplayer Proof replay took 8.9ns 
35017      INFO  main            d.u.i.k.p.r.p.TestFile    ... finished proof: closed. 
35199      INFO  main            d.u.i.k.p.i.AbstractProblemLoader Loading environment from /home/runner/work/key/key/key.core/../key.ui/examples/standard_key/pred_log/equalities2.key.proof 
35199      DEBUG main            d.u.i.k.p.i.AbstractProblemLoader Environment load took 561.84ns 
35201      INFO  main            d.u.i.k.p.i.AbstractProblemLoader Creating init config 
37894      DEBUG main            d.u.i.k.p.i.AbstractProblemLoader Init config took 2.69s 
37915      INFO  main            d.u.i.k.p.i.AbstractProblemLoader Replaying proof equalities2.key.proof 
37921      DEBUG main            d.u.i.k.p.i.IntermediateProofReplayer Proof replay took 3.31ms 
37922      DEBUG main            d.u.i.k.p.r.p.TestFile    ... success: reloaded. 
37923      INFO  main            d.u.i.k.p.r.p.TestFile    Now processing file /home/runner/work/key/key/key.core/../key.ui/examples/standard_key/pred_log/equalities3.key 
37923      INFO  main            d.u.i.k.p.i.AbstractProblemLoader Loading environment from /home/runner/work/key/key/key.core/../key.ui/examples/standard_key/pred_log/equalities3.key 
37924      DEBUG main            d.u.i.k.p.i.AbstractProblemLoader Environment load took 221.01ns 
37925      INFO  main            d.u.i.k.p.i.AbstractProblemLoader Creating init config 
40675      DEBUG main            d.u.i.k.p.i.AbstractProblemLoader Init config took 2.75s 
40696      INFO  main            d.u.i.k.p.i.AbstractProblemLoader Replaying proof equalities3.key 
40698      DEBUG main            d.u.i.k.p.i.IntermediateProofReplayer Proof replay took 8.8ns 
40800      INFO  main            d.u.i.k.p.r.p.TestFile    ... finished proof: closed. 
40992      INFO  main            d.u.i.k.p.i.AbstractProblemLoader Loading environment from /home/runner/work/key/key/key.core/../key.ui/examples/standard_key/pred_log/equalities3.key.proof 
40992      DEBUG main            d.u.i.k.p.i.AbstractProblemLoader Environment load took 201.71ns 
40993      INFO  main            d.u.i.k.p.i.AbstractProblemLoader Creating init config 
43683      DEBUG main            d.u.i.k.p.i.AbstractProblemLoader Init config took 2.69s 
43705      INFO  main            d.u.i.k.p.i.AbstractProblemLoader Replaying proof equalities3.key.proof 
43716      DEBUG main            d.u.i.k.p.i.IntermediateProofReplayer Proof replay took 8.69ms 
43718      DEBUG main            d.u.i.k.p.r.p.TestFile    ... success: reloaded. 
43719      INFO  main            d.u.i.k.p.r.p.TestFile    Now processing file /home/runner/work/key/key/key.core/../key.ui/examples/standard_key/pred_log/functions.key 
43720      INFO  main            d.u.i.k.p.i.AbstractProblemLoader Loading environment from /home/runner/work/key/key/key.core/../key.ui/examples/standard_key/pred_log/functions.key 
43721      DEBUG main            d.u.i.k.p.i.AbstractProblemLoader Environment load took 227.41ns 
43722      INFO  main            d.u.i.k.p.i.AbstractProblemLoader Creating init config 
46484      DEBUG main            d.u.i.k.p.i.AbstractProblemLoader Init config took 2.76s 
46504      INFO  main            d.u.i.k.p.i.AbstractProblemLoader Replaying proof functions.key 
46506      DEBUG main            d.u.i.k.p.i.IntermediateProofReplayer Proof replay took 8.2ns 
46609      INFO  main            d.u.i.k.p.r.p.TestFile    ... finished proof: closed. 
46789      INFO  main            d.u.i.k.p.i.AbstractProblemLoader Loading environment from /home/runner/work/key/key/key.core/../key.ui/examples/standard_key/pred_log/functions.key.proof 
46789      DEBUG main            d.u.i.k.p.i.AbstractProblemLoader Environment load took 129.21ns 
46790      INFO  main            d.u.i.k.p.i.AbstractProblemLoader Creating init config 
49613      DEBUG main            d.u.i.k.p.i.AbstractProblemLoader Init config took 2.82s 
49636      INFO  main            d.u.i.k.p.i.AbstractProblemLoader Replaying proof functions.key.proof 
49640      DEBUG main            d.u.i.k.p.i.IntermediateProofReplayer Proof replay took 1.98ms 
49641      DEBUG main            d.u.i.k.p.r.p.TestFile    ... success: reloaded. 
49642      INFO  main            d.u.i.k.p.r.p.TestFile    Now processing file /home/runner/work/key/key/key.core/../key.ui/examples/standard_key/pred_log/mv1.key 
49642      INFO  main            d.u.i.k.p.i.AbstractProblemLoader Loading environment from /home/runner/work/key/key/key.core/../key.ui/examples/standard_key/pred_log/mv1.key 
49642      DEBUG main            d.u.i.k.p.i.AbstractProblemLoader Environment load took 201.11ns 
49644      INFO  main            d.u.i.k.p.i.AbstractProblemLoader Creating init config 
52388      DEBUG main            d.u.i.k.p.i.AbstractProblemLoader Init config took 2.74s 
52406      INFO  main            d.u.i.k.p.i.AbstractProblemLoader Replaying proof mv1.key 
52408      DEBUG main            d.u.i.k.p.i.IntermediateProofReplayer Proof replay took 8.9ns 
52510      INFO  main            d.u.i.k.p.r.p.TestFile    ... finished proof: closed. 
52713      INFO  main            d.u.i.k.p.i.AbstractProblemLoader Loading environment from /home/runner/work/key/key/key.core/../key.ui/examples/standard_key/pred_log/mv1.key.proof 
52713      DEBUG main            d.u.i.k.p.i.AbstractProblemLoader Environment load took 137.11ns 
52714      INFO  main            d.u.i.k.p.i.AbstractProblemLoader Creating init config 
55356      DEBUG main            d.u.i.k.p.i.AbstractProblemLoader Init config took 2.64s 
55374      INFO  main            d.u.i.k.p.i.AbstractProblemLoader Replaying proof mv1.key.proof 
55377      DEBUG main            d.u.i.k.p.i.IntermediateProofReplayer Proof replay took 814.06ns 
55378      DEBUG main            d.u.i.k.p.r.p.TestFile    ... success: reloaded. 
55379      INFO  main            d.u.i.k.p.r.p.TestFile    Now processing file /home/runner/work/key/key/key.core/../key.ui/examples/standard_key/pred_log/mv2.key 
55379      INFO  main            d.u.i.k.p.i.AbstractProblemLoader Loading environment from /home/runner/work/key/key/key.core/../key.ui/examples/standard_key/pred_log/mv2.key 
55379      DEBUG main            d.u.i.k.p.i.AbstractProblemLoader Environment load took 200.91ns 
55380      INFO  main            d.u.i.k.p.i.AbstractProblemLoader Creating init config 
58079      DEBUG main            d.u.i.k.p.i.AbstractProblemLoader Init config took 2.7s 
58099      INFO  main            d.u.i.k.p.i.AbstractProblemLoader Replaying proof mv2.key 
58102      DEBUG main            d.u.i.k.p.i.IntermediateProofReplayer Proof replay took 8.2ns 
58205      INFO  main            d.u.i.k.p.r.p.TestFile    ... finished proof: closed. 
58480      INFO  main            d.u.i.k.p.i.AbstractProblemLoader Loading environment from /home/runner/work/key/key/key.core/../key.ui/examples/standard_key/pred_log/mv2.key.proof 
58481      DEBUG main            d.u.i.k.p.i.AbstractProblemLoader Environment load took 131.71ns 
58482      INFO  main            d.u.i.k.p.i.AbstractProblemLoader Creating init config 
61147      DEBUG main            d.u.i.k.p.i.AbstractProblemLoader Init config took 2.66s 
61165      INFO  main            d.u.i.k.p.i.AbstractProblemLoader Replaying proof mv2.key.proof 
61169      DEBUG main            d.u.i.k.p.i.IntermediateProofReplayer Proof replay took 1.52ms 
61170      DEBUG main            d.u.i.k.p.r.p.TestFile    ... success: reloaded. 
61171      INFO  main            d.u.i.k.p.r.p.TestFile    Now processing file /home/runner/work/key/key/key.core/../key.ui/examples/standard_key/pred_log/quantifiers.key 
61171      INFO  main            d.u.i.k.p.i.AbstractProblemLoader Loading environment from /home/runner/work/key/key/key.core/../key.ui/examples/standard_key/pred_log/quantifiers.key 
61171      DEBUG main            d.u.i.k.p.i.AbstractProblemLoader Environment load took 231.71ns 
61172      INFO  main            d.u.i.k.p.i.AbstractProblemLoader Creating init config 
63915      DEBUG main            d.u.i.k.p.i.AbstractProblemLoader Init config took 2.74s 
63933      INFO  main            d.u.i.k.p.i.AbstractProblemLoader Replaying proof quantifiers.key 
63935      DEBUG main            d.u.i.k.p.i.IntermediateProofReplayer Proof replay took 8.3ns 
64038      INFO  main            d.u.i.k.p.r.p.TestFile    ... finished proof: closed. 
64241      INFO  main            d.u.i.k.p.i.AbstractProblemLoader Loading environment from /home/runner/work/key/key/key.core/../key.ui/examples/standard_key/pred_log/quantifiers.key.proof 
64241      DEBUG main            d.u.i.k.p.i.AbstractProblemLoader Environment load took 121.91ns 
64242      INFO  main            d.u.i.k.p.i.AbstractProblemLoader Creating init config 
66983      DEBUG main            d.u.i.k.p.i.AbstractProblemLoader Init config took 2.74s 
67009      INFO  main            d.u.i.k.p.i.AbstractProblemLoader Replaying proof quantifiers.key.proof 
67012      DEBUG main            d.u.i.k.p.i.IntermediateProofReplayer Proof replay took 1.63ms 
67013      DEBUG main            d.u.i.k.p.r.p.TestFile    ... success: reloaded. 
67014      INFO  main            d.u.i.k.p.r.p.TestFile    Now processing file /home/runner/work/key/key/key.core/../key.ui/examples/standard_key/pred_log/simpleEps.key 
67014      INFO  main            d.u.i.k.p.i.AbstractProblemLoader Loading environment from /home/runner/work/key/key/key.core/../key.ui/examples/standard_key/pred_log/simpleEps.key 
67015      DEBUG main            d.u.i.k.p.i.AbstractProblemLoader Environment load took 198.31ns 
67016      INFO  main            d.u.i.k.p.i.AbstractProblemLoader Creating init config 
69747      DEBUG main            d.u.i.k.p.i.AbstractProblemLoader Init config took 2.73s 
69763      INFO  main            d.u.i.k.p.i.AbstractProblemLoader Replaying proof simpleEps.key 
69765      DEBUG main            d.u.i.k.p.i.IntermediateProofReplayer Proof replay took 8.1ns 
69869      INFO  main            d.u.i.k.p.r.p.TestFile    ... finished proof: closed. 
70080      INFO  main            d.u.i.k.p.i.AbstractProblemLoader Loading environment from /home/runner/work/key/key/key.core/../key.ui/examples/standard_key/pred_log/simpleEps.key.proof 
70081      DEBUG main            d.u.i.k.p.i.AbstractProblemLoader Environment load took 136.51ns 
70082      INFO  main            d.u.i.k.p.i.AbstractProblemLoader Creating init config 
72841      DEBUG main            d.u.i.k.p.i.AbstractProblemLoader Init config took 2.76s 
72859      INFO  main            d.u.i.k.p.i.AbstractProblemLoader Replaying proof simpleEps.key.proof 
72865      DEBUG main            d.u.i.k.p.i.IntermediateProofReplayer Proof replay took 4.67ms 
72867      DEBUG main            d.u.i.k.p.r.p.TestFile    ... success: reloaded. 
72867      INFO  main            d.u.i.k.p.r.p.TestFile    Now processing file /home/runner/work/key/key/key.core/../key.ui/examples/standard_key/pred_log/steam1.key 
72868      INFO  main            d.u.i.k.p.i.AbstractProblemLoader Loading environment from /home/runner/work/key/key/key.core/../key.ui/examples/standard_key/pred_log/steam1.key 
72868      DEBUG main            d.u.i.k.p.i.AbstractProblemLoader Environment load took 105.91ns 
72870      INFO  main            d.u.i.k.p.i.AbstractProblemLoader Creating init config 
75594      DEBUG main            d.u.i.k.p.i.AbstractProblemLoader Init config took 2.72s 
75616      INFO  main            d.u.i.k.p.i.AbstractProblemLoader Replaying proof steam1.key 
75617      DEBUG main            d.u.i.k.p.i.IntermediateProofReplayer Proof replay took 9.5ns 
76027      INFO  main            d.u.i.k.p.r.p.TestFile    ... finished proof: closed. 
76261      INFO  main            d.u.i.k.p.i.AbstractProblemLoader Loading environment from /home/runner/work/key/key/key.core/../key.ui/examples/standard_key/pred_log/steam1.key.proof 
76262      DEBUG main            d.u.i.k.p.i.AbstractProblemLoader Environment load took 145.81ns 
76268      INFO  main            d.u.i.k.p.i.AbstractProblemLoader Creating init config 
79008      DEBUG main            d.u.i.k.p.i.AbstractProblemLoader Init config took 2.74s 
79043      INFO  main            d.u.i.k.p.i.AbstractProblemLoader Replaying proof steam1.key.proof 
79066      DEBUG main            d.u.i.k.p.i.IntermediateProofReplayer Proof replay took 18.68ms 
79069      DEBUG main            d.u.i.k.p.r.p.TestFile    ... success: reloaded. 
79070      INFO  main            d.u.i.k.p.r.p.TestFile    Now processing file /home/runner/work/key/key/key.core/../key.ui/examples/standard_key/pred_log/tptp/PUZ/PUZ001p1.key 
79070      INFO  main            d.u.i.k.p.i.AbstractProblemLoader Loading environment from /home/runner/work/key/key/key.core/../key.ui/examples/standard_key/pred_log/tptp/PUZ/PUZ001p1.key 
79070      DEBUG main            d.u.i.k.p.i.AbstractProblemLoader Environment load took 200.51ns 
79072      INFO  main            d.u.i.k.p.i.AbstractProblemLoader Creating init config 
81910      DEBUG main            d.u.i.k.p.i.AbstractProblemLoader Init config took 2.84s 
81933      INFO  main            d.u.i.k.p.i.AbstractProblemLoader Replaying proof PUZ001p1.key 
81934      DEBUG main            d.u.i.k.p.i.IntermediateProofReplayer Proof replay took 17.3ns 
85665      INFO  main            d.u.i.k.p.r.p.TestFile    ... finished proof: closed. 
85944      INFO  main            d.u.i.k.p.i.AbstractProblemLoader Loading environment from /home/runner/work/key/key/key.core/../key.ui/examples/standard_key/pred_log/tptp/PUZ/PUZ001p1.key.proof 
85944      DEBUG main            d.u.i.k.p.i.AbstractProblemLoader Environment load took 142.91ns 
85946      INFO  main            d.u.i.k.p.i.AbstractProblemLoader Creating init config 
88581      DEBUG main            d.u.i.k.p.i.AbstractProblemLoader Init config took 2.64s 
88599      INFO  main            d.u.i.k.p.i.AbstractProblemLoader Replaying proof PUZ001p1.key.proof 
88765      DEBUG main            d.u.i.k.p.i.IntermediateProofReplayer Proof replay took 158.27ms 
88768      DEBUG main            d.u.i.k.p.r.p.TestFile    ... success: reloaded. 
88769      INFO  main            d.u.i.k.p.r.p.TestFile    Now processing file /home/runner/work/key/key/key.core/../key.ui/examples/standard_key/pred_log/tptp/PUZ/PUZ001p1-eq.key 
88769      INFO  main            d.u.i.k.p.i.AbstractProblemLoader Loading environment from /home/runner/work/key/key/key.core/../key.ui/examples/standard_key/pred_log/tptp/PUZ/PUZ001p1-eq.key 
88769      DEBUG main            d.u.i.k.p.i.AbstractProblemLoader Environment load took 201.11ns 
88771      INFO  main            d.u.i.k.p.i.AbstractProblemLoader Creating init config 
91531      DEBUG main            d.u.i.k.p.i.AbstractProblemLoader Init config took 2.76s 
91549      INFO  main            d.u.i.k.p.i.AbstractProblemLoader Replaying proof PUZ001p1-eq.key 
91550      DEBUG main            d.u.i.k.p.i.IntermediateProofReplayer Proof replay took 7.8ns 
91754      INFO  main            d.u.i.k.p.r.p.TestFile    ... finished proof: closed. 
92016      INFO  main            d.u.i.k.p.i.AbstractProblemLoader Loading environment from /home/runner/work/key/key/key.core/../key.ui/examples/standard_key/pred_log/tptp/PUZ/PUZ001p1-eq.key.proof 
92016      DEBUG main            d.u.i.k.p.i.AbstractProblemLoader Environment load took 396.82ns 
92018      INFO  main            d.u.i.k.p.i.AbstractProblemLoader Creating init config 
94641      DEBUG main            d.u.i.k.p.i.AbstractProblemLoader Init config took 2.62s 
94658      INFO  main            d.u.i.k.p.i.AbstractProblemLoader Replaying proof PUZ001p1-eq.key.proof 
94670      DEBUG main            d.u.i.k.p.i.IntermediateProofReplayer Proof replay took 9.85ms 
94672      DEBUG main            d.u.i.k.p.r.p.TestFile    ... success: reloaded. 
94673      INFO  main            d.u.i.k.p.r.p.TestFile    Now processing file /home/runner/work/key/key/key.core/../key.ui/examples/standard_key/pred_log/tptp/PUZ/PUZ031p1.key 
94673      INFO  main            d.u.i.k.p.i.AbstractProblemLoader Loading environment from /home/runner/work/key/key/key.core/../key.ui/examples/standard_key/pred_log/tptp/PUZ/PUZ031p1.key 
94673      DEBUG main            d.u.i.k.p.i.AbstractProblemLoader Environment load took 197.71ns 
94675      INFO  main            d.u.i.k.p.i.AbstractProblemLoader Creating init config 
97448      DEBUG main            d.u.i.k.p.i.AbstractProblemLoader Init config took 2.77s 
97468      INFO  main            d.u.i.k.p.i.AbstractProblemLoader Replaying proof PUZ031p1.key 
97470      DEBUG main            d.u.i.k.p.i.IntermediateProofReplayer Proof replay took 8.1ns 
107464     INFO  main            d.u.i.k.p.r.p.TestFile    ... finished proof: closed. 
107713     INFO  main            d.u.i.k.p.i.AbstractProblemLoader Loading environment from /home/runner/work/key/key/key.core/../key.ui/examples/standard_key/pred_log/tptp/PUZ/PUZ031p1.key.proof 
107714     DEBUG main            d.u.i.k.p.i.AbstractProblemLoader Environment load took 398.93ns 
107716     INFO  main            d.u.i.k.p.i.AbstractProblemLoader Creating init config 
110305     DEBUG main            d.u.i.k.p.i.AbstractProblemLoader Init config took 2.59s 
110329     INFO  main            d.u.i.k.p.i.AbstractProblemLoader Replaying proof PUZ031p1.key.proof 
110388     DEBUG main            d.u.i.k.p.i.IntermediateProofReplayer Proof replay took 50.14ms 
110390     DEBUG main            d.u.i.k.p.r.p.TestFile    ... success: reloaded. 
110391     INFO  main            d.u.i.k.p.r.p.TestFile    Now processing file /home/runner/work/key/key/key.core/../key.ui/examples/standard_key/pred_log/tptp/SET/SET027p3.key 
110391     INFO  main            d.u.i.k.p.i.AbstractProblemLoader Loading environment from /home/runner/work/key/key/key.core/../key.ui/examples/standard_key/pred_log/tptp/SET/SET027p3.key 
110391     DEBUG main            d.u.i.k.p.i.AbstractProblemLoader Environment load took 112.81ns 
110393     INFO  main            d.u.i.k.p.i.AbstractProblemLoader Creating init config 
113146     DEBUG main            d.u.i.k.p.i.AbstractProblemLoader Init config took 2.75s 
113162     INFO  main            d.u.i.k.p.i.AbstractProblemLoader Replaying proof SET027p3.key 
113163     DEBUG main            d.u.i.k.p.i.IntermediateProofReplayer Proof replay took 8ns 
113266     INFO  main            d.u.i.k.p.r.p.TestFile    ... finished proof: closed. 
113533     INFO  main            d.u.i.k.p.i.AbstractProblemLoader Loading environment from /home/runner/work/key/key/key.core/../key.ui/examples/standard_key/pred_log/tptp/SET/SET027p3.key.proof 
113533     DEBUG main            d.u.i.k.p.i.AbstractProblemLoader Environment load took 150.31ns 
113534     INFO  main            d.u.i.k.p.i.AbstractProblemLoader Creating init config 
116245     DEBUG main            d.u.i.k.p.i.AbstractProblemLoader Init config took 2.71s 
116262     INFO  main            d.u.i.k.p.i.AbstractProblemLoader Replaying proof SET027p3.key.proof 
116276     DEBUG main            d.u.i.k.p.i.IntermediateProofReplayer Proof replay took 9.49ms 
116277     DEBUG main            d.u.i.k.p.r.p.TestFile    ... success: reloaded. 
116278     INFO  main            d.u.i.k.p.r.p.TestFile    Now processing file /home/runner/work/key/key/key.core/../key.ui/examples/standard_key/pred_log/tptp/SET/SET043p1.key 
116278     INFO  main            d.u.i.k.p.i.AbstractProblemLoader Loading environment from /home/runner/work/key/key/key.core/../key.ui/examples/standard_key/pred_log/tptp/SET/SET043p1.key 
116278     DEBUG main            d.u.i.k.p.i.AbstractProblemLoader Environment load took 108.71ns 
116280     INFO  main            d.u.i.k.p.i.AbstractProblemLoader Creating init config 
118971     DEBUG main            d.u.i.k.p.i.AbstractProblemLoader Init config took 2.69s 
118988     INFO  main            d.u.i.k.p.i.AbstractProblemLoader Replaying proof SET043p1.key 
118990     DEBUG main            d.u.i.k.p.i.IntermediateProofReplayer Proof replay took 8.8ns 
119093     INFO  main            d.u.i.k.p.r.p.TestFile    ... finished proof: closed. 
119336     INFO  main            d.u.i.k.p.i.AbstractProblemLoader Loading environment from /home/runner/work/key/key/key.core/../key.ui/examples/standard_key/pred_log/tptp/SET/SET043p1.key.proof 
119336     DEBUG main            d.u.i.k.p.i.AbstractProblemLoader Environment load took 237.43ns 
119337     INFO  main            d.u.i.k.p.i.AbstractProblemLoader Creating init config 
122012     DEBUG main            d.u.i.k.p.i.AbstractProblemLoader Init config took 2.68s 
122029     INFO  main            d.u.i.k.p.i.AbstractProblemLoader Replaying proof SET043p1.key.proof 
122032     DEBUG main            d.u.i.k.p.i.IntermediateProofReplayer Proof replay took 1.33ms 
122033     DEBUG main            d.u.i.k.p.r.p.TestFile    ... success: reloaded. 
122033     INFO  main            d.u.i.k.p.r.p.TestFile    Now processing file /home/runner/work/key/key/key.core/../key.ui/examples/standard_key/pred_log/tptp/SET/SET045p1.key 
122034     INFO  main            d.u.i.k.p.i.AbstractProblemLoader Loading environment from /home/runner/work/key/key/key.core/../key.ui/examples/standard_key/pred_log/tptp/SET/SET045p1.key 
122034     DEBUG main            d.u.i.k.p.i.AbstractProblemLoader Environment load took 196.42ns 
122035     INFO  main            d.u.i.k.p.i.AbstractProblemLoader Creating init config 
124624     DEBUG main            d.u.i.k.p.i.AbstractProblemLoader Init config took 2.59s 
124640     INFO  main            d.u.i.k.p.i.AbstractProblemLoader Replaying proof SET045p1.key 
124641     DEBUG main            d.u.i.k.p.i.IntermediateProofReplayer Proof replay took 9.1ns 
124743     INFO  main            d.u.i.k.p.r.p.TestFile    ... finished proof: closed. 
124994     INFO  main            d.u.i.k.p.i.AbstractProblemLoader Loading environment from /home/runner/work/key/key/key.core/../key.ui/examples/standard_key/pred_log/tptp/SET/SET045p1.key.proof 
124995     DEBUG main            d.u.i.k.p.i.AbstractProblemLoader Environment load took 126.31ns 
124996     INFO  main            d.u.i.k.p.i.AbstractProblemLoader Creating init config 
127608     DEBUG main            d.u.i.k.p.i.AbstractProblemLoader Init config took 2.61s 
127627     INFO  main            d.u.i.k.p.i.AbstractProblemLoader Replaying proof SET045p1.key.proof 
127632     DEBUG main            d.u.i.k.p.i.IntermediateProofReplayer Proof replay took 2.59ms 
127633     DEBUG main            d.u.i.k.p.r.p.TestFile    ... success: reloaded. 
127634     INFO  main            d.u.i.k.p.r.p.TestFile    Now processing file /home/runner/work/key/key/key.core/../key.ui/examples/standard_key/pred_log/tptp/SET/SET062p3.key 
127634     INFO  main            d.u.i.k.p.i.AbstractProblemLoader Loading environment from /home/runner/work/key/key/key.core/../key.ui/examples/standard_key/pred_log/tptp/SET/SET062p3.key 
127634     DEBUG main            d.u.i.k.p.i.AbstractProblemLoader Environment load took 103.04ns 
127635     INFO  main            d.u.i.k.p.i.AbstractProblemLoader Creating init config 
130424     DEBUG main            d.u.i.k.p.i.AbstractProblemLoader Init config took 2.79s 
130441     INFO  main            d.u.i.k.p.i.AbstractProblemLoader Replaying proof SET062p3.key 
130442     DEBUG main            d.u.i.k.p.i.IntermediateProofReplayer Proof replay took 9.3ns 
130547     INFO  main            d.u.i.k.p.r.p.TestFile    ... finished proof: closed. 
130801     INFO  main            d.u.i.k.p.i.AbstractProblemLoader Loading environment from /home/runner/work/key/key/key.core/../key.ui/examples/standard_key/pred_log/tptp/SET/SET062p3.key.proof 
130802     DEBUG main            d.u.i.k.p.i.AbstractProblemLoader Environment load took 144.11ns 
130803     INFO  main            d.u.i.k.p.i.AbstractProblemLoader Creating init config 
133478     DEBUG main            d.u.i.k.p.i.AbstractProblemLoader Init config took 2.68s 
133495     INFO  main            d.u.i.k.p.i.AbstractProblemLoader Replaying proof SET062p3.key.proof 
133500     DEBUG main            d.u.i.k.p.i.IntermediateProofReplayer Proof replay took 3.17ms 
133501     DEBUG main            d.u.i.k.p.r.p.TestFile    ... success: reloaded. 
133502     INFO  main            d.u.i.k.p.r.p.TestFile    Now processing file /home/runner/work/key/key/key.core/../key.ui/examples/standard_key/pred_log/tptp/SET/SET063p3.key 
133502     INFO  main            d.u.i.k.p.i.AbstractProblemLoader Loading environment from /home/runner/work/key/key/key.core/../key.ui/examples/standard_key/pred_log/tptp/SET/SET063p3.key 
133502     DEBUG main            d.u.i.k.p.i.AbstractProblemLoader Environment load took 101.41ns 
133504     INFO  main            d.u.i.k.p.i.AbstractProblemLoader Creating init config 
136259     DEBUG main            d.u.i.k.p.i.AbstractProblemLoader Init config took 2.75s 
136275     INFO  main            d.u.i.k.p.i.AbstractProblemLoader Replaying proof SET063p3.key 
136278     DEBUG main            d.u.i.k.p.i.IntermediateProofReplayer Proof replay took 9.1ns 
136380     INFO  main            d.u.i.k.p.r.p.TestFile    ... finished proof: closed. 
136650     INFO  main            d.u.i.k.p.i.AbstractProblemLoader Loading environment from /home/runner/work/key/key/key.core/../key.ui/examples/standard_key/pred_log/tptp/SET/SET063p3.key.proof 
136650     DEBUG main            d.u.i.k.p.i.AbstractProblemLoader Environment load took 131.32ns 
136651     INFO  main            d.u.i.k.p.i.AbstractProblemLoader Creating init config 
139301     DEBUG main            d.u.i.k.p.i.AbstractProblemLoader Init config took 2.65s 
139317     INFO  main            d.u.i.k.p.i.AbstractProblemLoader Replaying proof SET063p3.key.proof 
139322     DEBUG main            d.u.i.k.p.i.IntermediateProofReplayer Proof replay took 3.07ms 
139323     DEBUG main            d.u.i.k.p.r.p.TestFile    ... success: reloaded. 
139324     INFO  main            d.u.i.k.p.r.p.TestFile    Now processing file /home/runner/work/key/key/key.core/../key.ui/examples/standard_key/pred_log/tptp/SYN/SYN036p2.key 
139324     INFO  main            d.u.i.k.p.i.AbstractProblemLoader Loading environment from /home/runner/work/key/key/key.core/../key.ui/examples/standard_key/pred_log/tptp/SYN/SYN036p2.key 
139324     DEBUG main            d.u.i.k.p.i.AbstractProblemLoader Environment load took 105.61ns 
139325     INFO  main            d.u.i.k.p.i.AbstractProblemLoader Creating init config 
142057     DEBUG main            d.u.i.k.p.i.AbstractProblemLoader Init config took 2.73s 
142076     INFO  main            d.u.i.k.p.i.AbstractProblemLoader Replaying proof SYN036p2.key 
142078     DEBUG main            d.u.i.k.p.i.IntermediateProofReplayer Proof replay took 8.5ns 
142485     INFO  main            d.u.i.k.p.r.p.TestFile    ... finished proof: closed. 
142767     INFO  main            d.u.i.k.p.i.AbstractProblemLoader Loading environment from /home/runner/work/key/key/key.core/../key.ui/examples/standard_key/pred_log/tptp/SYN/SYN036p2.key.proof 
142768     DEBUG main            d.u.i.k.p.i.AbstractProblemLoader Environment load took 391.55ns 
142769     INFO  main            d.u.i.k.p.i.AbstractProblemLoader Creating init config 
145468     DEBUG main            d.u.i.k.p.i.AbstractProblemLoader Init config took 2.7s 
145484     INFO  main            d.u.i.k.p.i.AbstractProblemLoader Replaying proof SYN036p2.key.proof 
145547     DEBUG main            d.u.i.k.p.i.IntermediateProofReplayer Proof replay took 55.61ms 
145548     DEBUG main            d.u.i.k.p.r.p.TestFile    ... success: reloaded. 
145549     INFO  main            d.u.i.k.p.r.p.TestFile    Now processing file /home/runner/work/key/key/key.core/../key.ui/examples/standard_key/pred_log/tptp/SYN/SYN550p1.key 
145550     INFO  main            d.u.i.k.p.i.AbstractProblemLoader Loading environment from /home/runner/work/key/key/key.core/../key.ui/examples/standard_key/pred_log/tptp/SYN/SYN550p1.key 
145550     DEBUG main            d.u.i.k.p.i.AbstractProblemLoader Environment load took 193.83ns 
145551     INFO  main            d.u.i.k.p.i.AbstractProblemLoader Creating init config 
148317     DEBUG main            d.u.i.k.p.i.AbstractProblemLoader Init config took 2.77s 
148333     INFO  main            d.u.i.k.p.i.AbstractProblemLoader Replaying proof SYN550p1.key 
148335     DEBUG main            d.u.i.k.p.i.IntermediateProofReplayer Proof replay took 21.6ns 
151807     INFO  main            d.u.i.k.p.r.p.TestFile    ... finished proof: closed. 
152114     INFO  main            d.u.i.k.p.i.AbstractProblemLoader Loading environment from /home/runner/work/key/key/key.core/../key.ui/examples/standard_key/pred_log/tptp/SYN/SYN550p1.key.proof 
152114     DEBUG main            d.u.i.k.p.i.AbstractProblemLoader Environment load took 378.43ns 
152116     INFO  main            d.u.i.k.p.i.AbstractProblemLoader Creating init config 
154687     DEBUG main            d.u.i.k.p.i.AbstractProblemLoader Init config took 2.57s 
154703     INFO  main            d.u.i.k.p.i.AbstractProblemLoader Replaying proof SYN550p1.key.proof 
154763     DEBUG main            d.u.i.k.p.i.IntermediateProofReplayer Proof replay took 54.19ms 
154764     DEBUG main            d.u.i.k.p.r.p.TestFile    ... success: reloaded. 
154765     INFO  main            d.u.i.k.p.r.p.TestFile    Now processing file /home/runner/work/key/key/key.core/../key.ui/examples/standard_key/prop_log/reallySimple.key 
154765     INFO  main            d.u.i.k.p.i.AbstractProblemLoader Loading environment from /home/runner/work/key/key/key.core/../key.ui/examples/standard_key/prop_log/reallySimple.key 
154765     DEBUG main            d.u.i.k.p.i.AbstractProblemLoader Environment load took 82.21ns 
154766     INFO  main            d.u.i.k.p.i.AbstractProblemLoader Creating init config 
157414     DEBUG main            d.u.i.k.p.i.AbstractProblemLoader Init config took 2.65s 
157429     INFO  main            d.u.i.k.p.i.AbstractProblemLoader Replaying proof reallySimple.key 
157431     DEBUG main            d.u.i.k.p.i.IntermediateProofReplayer Proof replay took 7.9ns 
157533     INFO  main            d.u.i.k.p.r.p.TestFile    ... finished proof: open goal(s) 
157846     INFO  main            d.u.i.k.p.r.p.TestFile    Now processing file /home/runner/work/key/key/key.core/../key.ui/examples/standard_key/pred_log/sameName1.key 
157846     INFO  main            d.u.i.k.p.i.AbstractProblemLoader Loading environment from /home/runner/work/key/key/key.core/../key.ui/examples/standard_key/pred_log/sameName1.key 
157846     DEBUG main            d.u.i.k.p.i.AbstractProblemLoader Environment load took 67.51ns 
157847     INFO  main            d.u.i.k.p.i.AbstractProblemLoader Creating init config 
160406     DEBUG main            d.u.i.k.p.i.AbstractProblemLoader Init config took 2.56s 
160421     INFO  main            d.u.i.k.p.i.AbstractProblemLoader Replaying proof sameName1.key 
160422     DEBUG main            d.u.i.k.p.i.IntermediateProofReplayer Proof replay took 7.7ns 
160525     INFO  main            d.u.i.k.p.r.p.TestFile    ... finished proof: open goal(s) 
160838     INFO  main            d.u.i.k.p.r.p.TestFile    Now processing file /home/runner/work/key/key/key.core/../key.ui/examples/standard_key/pred_log/jbyteIfEx.key 
160838     INFO  main            d.u.i.k.p.i.AbstractProblemLoader Loading environment from /home/runner/work/key/key/key.core/../key.ui/examples/standard_key/pred_log/jbyteIfEx.key 
160838     DEBUG main            d.u.i.k.p.i.AbstractProblemLoader Environment load took 63.51ns 
160839     INFO  main            d.u.i.k.p.i.AbstractProblemLoader Creating init config 
163454     DEBUG main            d.u.i.k.p.i.AbstractProblemLoader Init config took 2.61s 
163470     INFO  main            d.u.i.k.p.i.AbstractProblemLoader Replaying proof jbyteIfEx.key 
163472     DEBUG main            d.u.i.k.p.i.IntermediateProofReplayer Proof replay took 7.7ns 
163574     INFO  main            d.u.i.k.p.r.p.TestFile    ... finished proof: closed. 
163853     INFO  main            d.u.i.k.p.i.AbstractProblemLoader Loading environment from /home/runner/work/key/key/key.core/../key.ui/examples/standard_key/pred_log/jbyteIfEx.key.proof 
163853     DEBUG main            d.u.i.k.p.i.AbstractProblemLoader Environment load took 128.01ns 
163854     INFO  main            d.u.i.k.p.i.AbstractProblemLoader Creating init config 
166404     DEBUG main            d.u.i.k.p.i.AbstractProblemLoader Init config took 2.55s 
166419     INFO  main            d.u.i.k.p.i.AbstractProblemLoader Replaying proof jbyteIfEx.key.proof 
166428     DEBUG main            d.u.i.k.p.i.IntermediateProofReplayer Proof replay took 6.63ms 
166429     DEBUG main            d.u.i.k.p.r.p.TestFile    ... success: reloaded. 
166430     INFO  main            d.u.i.k.p.r.p.TestFile    Now processing file /home/runner/work/key/key/key.core/../key.ui/examples/standard_key/prop_log/allClausesLength4.key 
166430     INFO  main            d.u.i.k.p.i.AbstractProblemLoader Loading environment from /home/runner/work/key/key/key.core/../key.ui/examples/standard_key/prop_log/allClausesLength4.key 
166430     DEBUG main            d.u.i.k.p.i.AbstractProblemLoader Environment load took 97.71ns 
166431     INFO  main            d.u.i.k.p.i.AbstractProblemLoader Creating init config 
169114     DEBUG main            d.u.i.k.p.i.AbstractProblemLoader Init config took 2.68s 
169131     INFO  main            d.u.i.k.p.i.AbstractProblemLoader Replaying proof allClausesLength4.key 
169132     DEBUG main            d.u.i.k.p.i.IntermediateProofReplayer Proof replay took 7.7ns 
169235     INFO  main            d.u.i.k.p.r.p.TestFile    ... finished proof: closed. 
169532     INFO  main            d.u.i.k.p.i.AbstractProblemLoader Loading environment from /home/runner/work/key/key/key.core/../key.ui/examples/standard_key/prop_log/allClausesLength4.key.proof 
169533     DEBUG main            d.u.i.k.p.i.AbstractProblemLoader Environment load took 246.02ns 
169534     INFO  main            d.u.i.k.p.i.AbstractProblemLoader Creating init config 
172145     DEBUG main            d.u.i.k.p.i.AbstractProblemLoader Init config took 2.61s 
172161     INFO  main            d.u.i.k.p.i.AbstractProblemLoader Replaying proof allClausesLength4.key.proof 
172185     DEBUG main            d.u.i.k.p.i.IntermediateProofReplayer Proof replay took 20.76ms 
172186     DEBUG main            d.u.i.k.p.r.p.TestFile    ... success: reloaded. 
172187     INFO  main            d.u.i.k.p.r.p.TestFile    Now processing file /home/runner/work/key/key/key.core/../key.ui/examples/standard_key/prop_log/allClausesLength5.key 
172188     INFO  main            d.u.i.k.p.i.AbstractProblemLoader Loading environment from /home/runner/work/key/key/key.core/../key.ui/examples/standard_key/prop_log/allClausesLength5.key 
172188     DEBUG main            d.u.i.k.p.i.AbstractProblemLoader Environment load took 201.62ns 
172190     INFO  main            d.u.i.k.p.i.AbstractProblemLoader Creating init config 
174924     DEBUG main            d.u.i.k.p.i.AbstractProblemLoader Init config took 2.73s 
174940     INFO  main            d.u.i.k.p.i.AbstractProblemLoader Replaying proof allClausesLength5.key 
174941     DEBUG main            d.u.i.k.p.i.IntermediateProofReplayer Proof replay took 8.6ns 
175247     INFO  main            d.u.i.k.p.r.p.TestFile    ... finished proof: closed. 
175580     INFO  main            d.u.i.k.p.i.AbstractProblemLoader Loading environment from /home/runner/work/key/key/key.core/../key.ui/examples/standard_key/prop_log/allClausesLength5.key.proof 
175580     DEBUG main            d.u.i.k.p.i.AbstractProblemLoader Environment load took 403.74ns 
175582     INFO  main            d.u.i.k.p.i.AbstractProblemLoader Creating init config 
178199     DEBUG main            d.u.i.k.p.i.AbstractProblemLoader Init config took 2.62s 
178217     INFO  main            d.u.i.k.p.i.AbstractProblemLoader Replaying proof allClausesLength5.key.proof 
178254     DEBUG main            d.u.i.k.p.i.IntermediateProofReplayer Proof replay took 31.81ms 
178255     DEBUG main            d.u.i.k.p.r.p.TestFile    ... success: reloaded. 
178256     INFO  main            d.u.i.k.p.r.p.TestFile    Now processing file /home/runner/work/key/key/key.core/../key.ui/examples/standard_key/prop_log/doubleNeg.key 
178256     INFO  main            d.u.i.k.p.i.AbstractProblemLoader Loading environment from /home/runner/work/key/key/key.core/../key.ui/examples/standard_key/prop_log/doubleNeg.key 
178256     DEBUG main            d.u.i.k.p.i.AbstractProblemLoader Environment load took 95.61ns 
178257     INFO  main            d.u.i.k.p.i.AbstractProblemLoader Creating init config 
181000     DEBUG main            d.u.i.k.p.i.AbstractProblemLoader Init config took 2.74s 
181017     INFO  main            d.u.i.k.p.i.AbstractProblemLoader Replaying proof doubleNeg.key 
181018     DEBUG main            d.u.i.k.p.i.IntermediateProofReplayer Proof replay took 7.5ns 
181121     INFO  main            d.u.i.k.p.r.p.TestFile    ... finished proof: closed. 
181436     INFO  main            d.u.i.k.p.i.AbstractProblemLoader Loading environment from /home/runner/work/key/key/key.core/../key.ui/examples/standard_key/prop_log/doubleNeg.key.proof 
181436     DEBUG main            d.u.i.k.p.i.AbstractProblemLoader Environment load took 110.71ns 
181437     INFO  main            d.u.i.k.p.i.AbstractProblemLoader Creating init config 
184060     DEBUG main            d.u.i.k.p.i.AbstractProblemLoader Init config took 2.62s 
184085     INFO  main            d.u.i.k.p.i.AbstractProblemLoader Replaying proof doubleNeg.key.proof 
184087     DEBUG main            d.u.i.k.p.i.IntermediateProofReplayer Proof replay took 424.44ns 
184088     DEBUG main            d.u.i.k.p.r.p.TestFile    ... success: reloaded. 
184089     INFO  main            d.u.i.k.p.r.p.TestFile    Now processing file /home/runner/work/key/key/key.core/../key.ui/examples/standard_key/prop_log/liarsville.key 
184089     INFO  main            d.u.i.k.p.i.AbstractProblemLoader Loading environment from /home/runner/work/key/key/key.core/../key.ui/examples/standard_key/prop_log/liarsville.key 
184089     DEBUG main            d.u.i.k.p.i.AbstractProblemLoader Environment load took 183.22ns 
184091     INFO  main            d.u.i.k.p.i.AbstractProblemLoader Creating init config 
186731     DEBUG main            d.u.i.k.p.i.AbstractProblemLoader Init config took 2.64s 
186746     INFO  main            d.u.i.k.p.i.AbstractProblemLoader Replaying proof liarsville.key 
186747     DEBUG main            d.u.i.k.p.i.IntermediateProofReplayer Proof replay took 7ns 
186853     INFO  main            d.u.i.k.p.r.p.TestFile    ... finished proof: closed. 
187171     INFO  main            d.u.i.k.p.i.AbstractProblemLoader Loading environment from /home/runner/work/key/key/key.core/../key.ui/examples/standard_key/prop_log/liarsville.key.proof 
187171     DEBUG main            d.u.i.k.p.i.AbstractProblemLoader Environment load took 111.31ns 
187172     INFO  main            d.u.i.k.p.i.AbstractProblemLoader Creating init config 
189749     DEBUG main            d.u.i.k.p.i.AbstractProblemLoader Init config took 2.58s 
189769     INFO  main            d.u.i.k.p.i.AbstractProblemLoader Replaying proof liarsville.key.proof 
189772     DEBUG main            d.u.i.k.p.i.IntermediateProofReplayer Proof replay took 1.12ms 
189773     DEBUG main            d.u.i.k.p.r.p.TestFile    ... success: reloaded. 
189773     INFO  main            d.u.i.k.p.r.p.TestFile    Now processing file /home/runner/work/key/key/key.core/../key.ui/examples/standard_key/prop_log/simplest.key 
189773     INFO  main            d.u.i.k.p.i.AbstractProblemLoader Loading environment from /home/runner/work/key/key/key.core/../key.ui/examples/standard_key/prop_log/simplest.key 
189773     DEBUG main            d.u.i.k.p.i.AbstractProblemLoader Environment load took 58.01ns 
189774     INFO  main            d.u.i.k.p.i.AbstractProblemLoader Creating init config 
192365     DEBUG main            d.u.i.k.p.i.AbstractProblemLoader Init config took 2.59s 
192380     INFO  main            d.u.i.k.p.i.AbstractProblemLoader Replaying proof simplest.key 
192381     DEBUG main            d.u.i.k.p.i.IntermediateProofReplayer Proof replay took 7.5ns 
192483     INFO  main            d.u.i.k.p.r.p.TestFile    ... finished proof: closed. 
192812     INFO  main            d.u.i.k.p.i.AbstractProblemLoader Loading environment from /home/runner/work/key/key/key.core/../key.ui/examples/standard_key/prop_log/simplest.key.proof 
192812     DEBUG main            d.u.i.k.p.i.AbstractProblemLoader Environment load took 114.51ns 
192813     INFO  main            d.u.i.k.p.i.AbstractProblemLoader Creating init config 
195383     DEBUG main            d.u.i.k.p.i.AbstractProblemLoader Init config took 2.57s 
195398     INFO  main            d.u.i.k.p.i.AbstractProblemLoader Replaying proof simplest.key.proof 
195400     DEBUG main            d.u.i.k.p.i.IntermediateProofReplayer Proof replay took 110.21ns 
195401     DEBUG main            d.u.i.k.p.r.p.TestFile    ... success: reloaded. 
195401     INFO  main            d.u.i.k.p.r.p.TestFile    Now processing file /home/runner/work/key/key/key.core/../key.ui/examples/standard_key/prop_log/contraposition.key 
195401     INFO  main            d.u.i.k.p.i.AbstractProblemLoader Loading environment from /home/runner/work/key/key/key.core/../key.ui/examples/standard_key/prop_log/contraposition.key 
195401     DEBUG main            d.u.i.k.p.i.AbstractProblemLoader Environment load took 93.21ns 
195402     INFO  main            d.u.i.k.p.i.AbstractProblemLoader Creating init config 
198106     DEBUG main            d.u.i.k.p.i.AbstractProblemLoader Init config took 2.7s 
198121     INFO  main            d.u.i.k.p.i.AbstractProblemLoader Replaying proof contraposition.key 
198123     DEBUG main            d.u.i.k.p.i.IntermediateProofReplayer Proof replay took 7.7ns 
198225     INFO  main            d.u.i.k.p.r.p.TestFile    ... finished proof: closed. 
198545     INFO  main            d.u.i.k.p.i.AbstractProblemLoader Loading environment from /home/runner/work/key/key/key.core/../key.ui/examples/standard_key/prop_log/contraposition.key.proof 
198545     DEBUG main            d.u.i.k.p.i.AbstractProblemLoader Environment load took 114.71ns 
198546     INFO  main            d.u.i.k.p.i.AbstractProblemLoader Creating init config 
201175     DEBUG main            d.u.i.k.p.i.AbstractProblemLoader Init config took 2.63s 
201189     INFO  main            d.u.i.k.p.i.AbstractProblemLoader Replaying proof contraposition.key.proof 
201191     DEBUG main            d.u.i.k.p.i.IntermediateProofReplayer Proof replay took 408.83ns 
201192     DEBUG main            d.u.i.k.p.r.p.TestFile    ... success: reloaded. 
201192     INFO  main            d.u.i.k.p.r.p.TestFile    Now processing file /home/runner/work/key/key/key.core/../key.ui/examples/standard_key/quantifiers/elimination0.key 
201192     INFO  main            d.u.i.k.p.i.AbstractProblemLoader Loading environment from /home/runner/work/key/key/key.core/../key.ui/examples/standard_key/quantifiers/elimination0.key 
201192     DEBUG main            d.u.i.k.p.i.AbstractProblemLoader Environment load took 57.3ns 
201195     INFO  main            d.u.i.k.p.i.AbstractProblemLoader Creating init config 
203862     DEBUG main            d.u.i.k.p.i.AbstractProblemLoader Init config took 2.67s 
203877     INFO  main            d.u.i.k.p.i.AbstractProblemLoader Replaying proof elimination0.key 
203879     DEBUG main            d.u.i.k.p.i.IntermediateProofReplayer Proof replay took 6.5ns 
203981     INFO  main            d.u.i.k.p.r.p.TestFile    ... finished proof: closed. 
204308     INFO  main            d.u.i.k.p.i.AbstractProblemLoader Loading environment from /home/runner/work/key/key/key.core/../key.ui/examples/standard_key/quantifiers/elimination0.key.proof 
204308     DEBUG main            d.u.i.k.p.i.AbstractProblemLoader Environment load took 103.21ns 
204309     INFO  main            d.u.i.k.p.i.AbstractProblemLoader Creating init config 
206893     DEBUG main            d.u.i.k.p.i.AbstractProblemLoader Init config took 2.58s 
206909     INFO  main            d.u.i.k.p.i.AbstractProblemLoader Replaying proof elimination0.key.proof 
206911     DEBUG main            d.u.i.k.p.i.IntermediateProofReplayer Proof replay took 997.54ns 
206912     DEBUG main            d.u.i.k.p.r.p.TestFile    ... success: reloaded. 
206913     INFO  main            d.u.i.k.p.r.p.TestFile    Now processing file /home/runner/work/key/key/key.core/../key.ui/examples/standard_key/quantifiers/heuristic_PUZ001p1-eq.key 
206913     INFO  main            d.u.i.k.p.i.AbstractProblemLoader Loading environment from /home/runner/work/key/key/key.core/../key.ui/examples/standard_key/quantifiers/heuristic_PUZ001p1-eq.key 
206913     DEBUG main            d.u.i.k.p.i.AbstractProblemLoader Environment load took 56.8ns 
206914     INFO  main            d.u.i.k.p.i.AbstractProblemLoader Creating init config 
209610     DEBUG main            d.u.i.k.p.i.AbstractProblemLoader Init config took 2.7s 
209627     INFO  main            d.u.i.k.p.i.AbstractProblemLoader Replaying proof heuristic_PUZ001p1-eq.key 
209629     DEBUG main            d.u.i.k.p.i.IntermediateProofReplayer Proof replay took 6.5ns 
209731     INFO  main            d.u.i.k.p.r.p.TestFile    ... finished proof: closed. 
210090     INFO  main            d.u.i.k.p.i.AbstractProblemLoader Loading environment from /home/runner/work/key/key/key.core/../key.ui/examples/standard_key/quantifiers/heuristic_PUZ001p1-eq.key.proof 
210090     DEBUG main            d.u.i.k.p.i.AbstractProblemLoader Environment load took 111.81ns 
210091     INFO  main            d.u.i.k.p.i.AbstractProblemLoader Creating init config 
212624     DEBUG main            d.u.i.k.p.i.AbstractProblemLoader Init config took 2.53s 
212639     INFO  main            d.u.i.k.p.i.AbstractProblemLoader Replaying proof heuristic_PUZ001p1-eq.key.proof 
212648     DEBUG main            d.u.i.k.p.i.IntermediateProofReplayer Proof replay took 6.69ms 
212649     DEBUG main            d.u.i.k.p.r.p.TestFile    ... success: reloaded. 
212650     INFO  main            d.u.i.k.p.r.p.TestFile    Now processing file /home/runner/work/key/key/key.core/../key.ui/examples/standard_key/quantifiers/heuristic_PUZ001p1.key 
212650     INFO  main            d.u.i.k.p.i.AbstractProblemLoader Loading environment from /home/runner/work/key/key/key.core/../key.ui/examples/standard_key/quantifiers/heuristic_PUZ001p1.key 
212650     DEBUG main            d.u.i.k.p.i.AbstractProblemLoader Environment load took 89.91ns 
212652     INFO  main            d.u.i.k.p.i.AbstractProblemLoader Creating init config 
215417     DEBUG main            d.u.i.k.p.i.AbstractProblemLoader Init config took 2.77s 
215447     INFO  main            d.u.i.k.p.i.AbstractProblemLoader Replaying proof heuristic_PUZ001p1.key 
215449     DEBUG main            d.u.i.k.p.i.IntermediateProofReplayer Proof replay took 7.5ns 
216955     INFO  main            d.u.i.k.p.r.p.TestFile    ... finished proof: closed. 
217346     INFO  main            d.u.i.k.p.i.AbstractProblemLoader Loading environment from /home/runner/work/key/key/key.core/../key.ui/examples/standard_key/quantifiers/heuristic_PUZ001p1.key.proof 
217347     DEBUG main            d.u.i.k.p.i.AbstractProblemLoader Environment load took 415.14ns 
217349     INFO  main            d.u.i.k.p.i.AbstractProblemLoader Creating init config 
219955     DEBUG main            d.u.i.k.p.i.AbstractProblemLoader Init config took 2.61s 
219971     INFO  main            d.u.i.k.p.i.AbstractProblemLoader Replaying proof heuristic_PUZ001p1.key.proof 
220010     DEBUG main            d.u.i.k.p.i.IntermediateProofReplayer Proof replay took 34.25ms 
220011     DEBUG main            d.u.i.k.p.r.p.TestFile    ... success: reloaded. 
220012     INFO  main            d.u.i.k.p.r.p.TestFile    Now processing file /home/runner/work/key/key/key.core/../key.ui/examples/standard_key/quantifiers/heuristic_PUZ031p1.key 
220013     INFO  main            d.u.i.k.p.i.AbstractProblemLoader Loading environment from /home/runner/work/key/key/key.core/../key.ui/examples/standard_key/quantifiers/heuristic_PUZ031p1.key 
220013     DEBUG main            d.u.i.k.p.i.AbstractProblemLoader Environment load took 180.22ns 
220014     INFO  main            d.u.i.k.p.i.AbstractProblemLoader Creating init config 
222630     DEBUG main            d.u.i.k.p.i.AbstractProblemLoader Init config took 2.62s 
222647     INFO  main            d.u.i.k.p.i.AbstractProblemLoader Replaying proof heuristic_PUZ031p1.key 
222648     DEBUG main            d.u.i.k.p.i.IntermediateProofReplayer Proof replay took 8.2ns 
228397     INFO  main            d.u.i.k.p.r.p.TestFile    ... finished proof: closed. 
228790     INFO  main            d.u.i.k.p.i.AbstractProblemLoader Loading environment from /home/runner/work/key/key/key.core/../key.ui/examples/standard_key/quantifiers/heuristic_PUZ031p1.key.proof 
228790     DEBUG main            d.u.i.k.p.i.AbstractProblemLoader Environment load took 239.12ns 
228792     INFO  main            d.u.i.k.p.i.AbstractProblemLoader Creating init config 
231388     DEBUG main            d.u.i.k.p.i.AbstractProblemLoader Init config took 2.6s 
231404     INFO  main            d.u.i.k.p.i.AbstractProblemLoader Replaying proof heuristic_PUZ031p1.key.proof 
231441     DEBUG main            d.u.i.k.p.i.IntermediateProofReplayer Proof replay took 33.55ms 
231443     DEBUG main            d.u.i.k.p.r.p.TestFile    ... success: reloaded. 
231444     INFO  main            d.u.i.k.p.r.p.TestFile    Now processing file /home/runner/work/key/key/key.core/../key.ui/examples/standard_key/quantifiers/heuristic_SYN036p2.key 
231444     INFO  main            d.u.i.k.p.i.AbstractProblemLoader Loading environment from /home/runner/work/key/key/key.core/../key.ui/examples/standard_key/quantifiers/heuristic_SYN036p2.key 
231444     DEBUG main            d.u.i.k.p.i.AbstractProblemLoader Environment load took 83.31ns 
231445     INFO  main            d.u.i.k.p.i.AbstractProblemLoader Creating init config 
234029     DEBUG main            d.u.i.k.p.i.AbstractProblemLoader Init config took 2.58s 
234044     INFO  main            d.u.i.k.p.i.AbstractProblemLoader Replaying proof heuristic_SYN036p2.key 
234045     DEBUG main            d.u.i.k.p.i.IntermediateProofReplayer Proof replay took 8.2ns 
234351     INFO  main            d.u.i.k.p.r.p.TestFile    ... finished proof: closed. 
234773     INFO  main            d.u.i.k.p.i.AbstractProblemLoader Loading environment from /home/runner/work/key/key/key.core/../key.ui/examples/standard_key/quantifiers/heuristic_SYN036p2.key.proof 
234773     DEBUG main            d.u.i.k.p.i.AbstractProblemLoader Environment load took 110.71ns 
234775     INFO  main            d.u.i.k.p.i.AbstractProblemLoader Creating init config 
237349     DEBUG main            d.u.i.k.p.i.AbstractProblemLoader Init config took 2.57s 
237364     INFO  main            d.u.i.k.p.i.AbstractProblemLoader Replaying proof heuristic_SYN036p2.key.proof 
237419     DEBUG main            d.u.i.k.p.i.IntermediateProofReplayer Proof replay took 48.3ms 
237420     DEBUG main            d.u.i.k.p.r.p.TestFile    ... success: reloaded. 
237421     INFO  main            d.u.i.k.p.r.p.TestFile    Now processing file /home/runner/work/key/key/key.core/../key.ui/examples/standard_key/quantifiers/injectivity.key 
237421     INFO  main            d.u.i.k.p.i.AbstractProblemLoader Loading environment from /home/runner/work/key/key/key.core/../key.ui/examples/standard_key/quantifiers/injectivity.key 
237422     DEBUG main            d.u.i.k.p.i.AbstractProblemLoader Environment load took 88.81ns 
237423     INFO  main            d.u.i.k.p.i.AbstractProblemLoader Creating init config 
240054     DEBUG main            d.u.i.k.p.i.AbstractProblemLoader Init config took 2.63s 
240069     INFO  main            d.u.i.k.p.i.AbstractProblemLoader Replaying proof injectivity.key 
240071     DEBUG main            d.u.i.k.p.i.IntermediateProofReplayer Proof replay took 7.8ns 
240172     INFO  main            d.u.i.k.p.r.p.TestFile    ... finished proof: closed. 
240547     INFO  main            d.u.i.k.p.i.AbstractProblemLoader Loading environment from /home/runner/work/key/key/key.core/../key.ui/examples/standard_key/quantifiers/injectivity.key.proof 
240547     DEBUG main            d.u.i.k.p.i.AbstractProblemLoader Environment load took 99.41ns 
240549     INFO  main            d.u.i.k.p.i.AbstractProblemLoader Creating init config 
243048     DEBUG main            d.u.i.k.p.i.AbstractProblemLoader Init config took 2.5s 
243062     INFO  main            d.u.i.k.p.i.AbstractProblemLoader Replaying proof injectivity.key.proof 
243065     DEBUG main            d.u.i.k.p.i.IntermediateProofReplayer Proof replay took 1.32ms 
243066     DEBUG main            d.u.i.k.p.r.p.TestFile    ... success: reloaded. 
243066     INFO  main            d.u.i.k.p.r.p.TestFile    Now processing file /home/runner/work/key/key/key.core/../key.ui/examples/standard_key/quantifiers/normalisation0.key 
243067     INFO  main            d.u.i.k.p.i.AbstractProblemLoader Loading environment from /home/runner/work/key/key/key.core/../key.ui/examples/standard_key/quantifiers/normalisation0.key 
243067     DEBUG main            d.u.i.k.p.i.AbstractProblemLoader Environment load took 88.11ns 
243068     INFO  main            d.u.i.k.p.i.AbstractProblemLoader Creating init config 
245649     DEBUG main            d.u.i.k.p.i.AbstractProblemLoader Init config took 2.58s 
245665     INFO  main            d.u.i.k.p.i.AbstractProblemLoader Replaying proof normalisation0.key 
245666     DEBUG main            d.u.i.k.p.i.IntermediateProofReplayer Proof replay took 7ns 
245773     INFO  main            d.u.i.k.p.r.p.TestFile    ... finished proof: closed. 
246150     INFO  main            d.u.i.k.p.i.AbstractProblemLoader Loading environment from /home/runner/work/key/key/key.core/../key.ui/examples/standard_key/quantifiers/normalisation0.key.proof 
246150     DEBUG main            d.u.i.k.p.i.AbstractProblemLoader Environment load took 101.91ns 
246152     INFO  main            d.u.i.k.p.i.AbstractProblemLoader Creating init config 
248651     DEBUG main            d.u.i.k.p.i.AbstractProblemLoader Init config took 2.5s 
248666     INFO  main            d.u.i.k.p.i.AbstractProblemLoader Replaying proof normalisation0.key.proof 
248669     DEBUG main            d.u.i.k.p.i.IntermediateProofReplayer Proof replay took 1.27ms 
248670     DEBUG main            d.u.i.k.p.r.p.TestFile    ... success: reloaded. 
248670     INFO  main            d.u.i.k.p.r.p.TestFile    Now processing file /home/runner/work/key/key/key.core/../key.ui/examples/standard_key/quantifiers/normalisation1.key 
248671     INFO  main            d.u.i.k.p.i.AbstractProblemLoader Loading environment from /home/runner/work/key/key/key.core/../key.ui/examples/standard_key/quantifiers/normalisation1.key 
248671     DEBUG main            d.u.i.k.p.i.AbstractProblemLoader Environment load took 71ns 
248672     INFO  main            d.u.i.k.p.i.AbstractProblemLoader Creating init config 
251332     DEBUG main            d.u.i.k.p.i.AbstractProblemLoader Init config took 2.66s 
251352     INFO  main            d.u.i.k.p.i.AbstractProblemLoader Replaying proof normalisation1.key 
251354     DEBUG main            d.u.i.k.p.i.IntermediateProofReplayer Proof replay took 6.8ns 
251464     INFO  main            d.u.i.k.p.r.p.TestFile    ... finished proof: closed. 
251857     INFO  main            d.u.i.k.p.i.AbstractProblemLoader Loading environment from /home/runner/work/key/key/key.core/../key.ui/examples/standard_key/quantifiers/normalisation1.key.proof 
251857     DEBUG main            d.u.i.k.p.i.AbstractProblemLoader Environment load took 98.81ns 
251858     INFO  main            d.u.i.k.p.i.AbstractProblemLoader Creating init config 
254406     DEBUG main            d.u.i.k.p.i.AbstractProblemLoader Init config took 2.55s 
254422     INFO  main            d.u.i.k.p.i.AbstractProblemLoader Replaying proof normalisation1.key.proof 
254424     DEBUG main            d.u.i.k.p.i.IntermediateProofReplayer Proof replay took 961.98ns 
254425     DEBUG main            d.u.i.k.p.r.p.TestFile    ... success: reloaded. 
254425     INFO  main            d.u.i.k.p.r.p.TestFile    Now processing file /home/runner/work/key/key/key.core/../key.ui/examples/standard_key/quantifiers/normalisation2.key 
254426     INFO  main            d.u.i.k.p.i.AbstractProblemLoader Loading environment from /home/runner/work/key/key/key.core/../key.ui/examples/standard_key/quantifiers/normalisation2.key 
254426     DEBUG main            d.u.i.k.p.i.AbstractProblemLoader Environment load took 80.01ns 
254427     INFO  main            d.u.i.k.p.i.AbstractProblemLoader Creating init config 
257032     DEBUG main            d.u.i.k.p.i.AbstractProblemLoader Init config took 2.61s 
257047     INFO  main            d.u.i.k.p.i.AbstractProblemLoader Replaying proof normalisation2.key 
257049     DEBUG main            d.u.i.k.p.i.IntermediateProofReplayer Proof replay took 7.1ns 
257151     INFO  main            d.u.i.k.p.r.p.TestFile    ... finished proof: closed. 
257543     INFO  main            d.u.i.k.p.i.AbstractProblemLoader Loading environment from /home/runner/work/key/key/key.core/../key.ui/examples/standard_key/quantifiers/normalisation2.key.proof 
257543     DEBUG main            d.u.i.k.p.i.AbstractProblemLoader Environment load took 117.31ns 
257544     INFO  main            d.u.i.k.p.i.AbstractProblemLoader Creating init config 
260079     DEBUG main            d.u.i.k.p.i.AbstractProblemLoader Init config took 2.53s 
260094     INFO  main            d.u.i.k.p.i.AbstractProblemLoader Replaying proof normalisation2.key.proof 
260097     DEBUG main            d.u.i.k.p.i.IntermediateProofReplayer Proof replay took 1.39ms 
260098     DEBUG main            d.u.i.k.p.r.p.TestFile    ... success: reloaded. 
260099     INFO  main            d.u.i.k.p.r.p.TestFile    Now processing file /home/runner/work/key/key/key.core/../key.ui/examples/standard_key/quantifiers/normalisation3.key 
260099     INFO  main            d.u.i.k.p.i.AbstractProblemLoader Loading environment from /home/runner/work/key/key/key.core/../key.ui/examples/standard_key/quantifiers/normalisation3.key 
260099     DEBUG main            d.u.i.k.p.i.AbstractProblemLoader Environment load took 70.2ns 
260100     INFO  main            d.u.i.k.p.i.AbstractProblemLoader Creating init config 
262690     DEBUG main            d.u.i.k.p.i.AbstractProblemLoader Init config took 2.59s 
262705     INFO  main            d.u.i.k.p.i.AbstractProblemLoader Replaying proof normalisation3.key 
262707     DEBUG main            d.u.i.k.p.i.IntermediateProofReplayer Proof replay took 8.3ns 
262809     INFO  main            d.u.i.k.p.r.p.TestFile    ... finished proof: closed. 
263200     INFO  main            d.u.i.k.p.i.AbstractProblemLoader Loading environment from /home/runner/work/key/key/key.core/../key.ui/examples/standard_key/quantifiers/normalisation3.key.proof 
263200     DEBUG main            d.u.i.k.p.i.AbstractProblemLoader Environment load took 98.61ns 
263201     INFO  main            d.u.i.k.p.i.AbstractProblemLoader Creating init config 
265808     DEBUG main            d.u.i.k.p.i.AbstractProblemLoader Init config took 2.61s 
265825     INFO  main            d.u.i.k.p.i.AbstractProblemLoader Replaying proof normalisation3.key.proof 
265828     DEBUG main            d.u.i.k.p.i.IntermediateProofReplayer Proof replay took 1.13ms 
265829     DEBUG main            d.u.i.k.p.r.p.TestFile    ... success: reloaded. 
265829     INFO  main            d.u.i.k.p.r.p.TestFile    Now processing file /home/runner/work/key/key/key.core/../key.ui/examples/standard_key/quantifiers/normalisation4.key 
265830     INFO  main            d.u.i.k.p.i.AbstractProblemLoader Loading environment from /home/runner/work/key/key/key.core/../key.ui/examples/standard_key/quantifiers/normalisation4.key 
265830     DEBUG main            d.u.i.k.p.i.AbstractProblemLoader Environment load took 97.11ns 
265831     INFO  main            d.u.i.k.p.i.AbstractProblemLoader Creating init config 
268528     DEBUG main            d.u.i.k.p.i.AbstractProblemLoader Init config took 2.7s 
268543     INFO  main            d.u.i.k.p.i.AbstractProblemLoader Replaying proof normalisation4.key 
268545     DEBUG main            d.u.i.k.p.i.IntermediateProofReplayer Proof replay took 8.3ns 
268647     INFO  main            d.u.i.k.p.r.p.TestFile    ... finished proof: closed. 
269124     INFO  main            d.u.i.k.p.i.AbstractProblemLoader Loading environment from /home/runner/work/key/key/key.core/../key.ui/examples/standard_key/quantifiers/normalisation4.key.proof 
269124     DEBUG main            d.u.i.k.p.i.AbstractProblemLoader Environment load took 101.71ns 
269125     INFO  main            d.u.i.k.p.i.AbstractProblemLoader Creating init config 
271650     DEBUG main            d.u.i.k.p.i.AbstractProblemLoader Init config took 2.52s 
271665     INFO  main            d.u.i.k.p.i.AbstractProblemLoader Replaying proof normalisation4.key.proof 
271670     DEBUG main            d.u.i.k.p.i.IntermediateProofReplayer Proof replay took 2.53ms 
271671     DEBUG main            d.u.i.k.p.r.p.TestFile    ... success: reloaded. 
271671     INFO  main            d.u.i.k.p.r.p.TestFile    Now processing file /home/runner/work/key/key/key.core/../key.ui/examples/standard_key/quantifiers/normalisation5.key 
271672     INFO  main            d.u.i.k.p.i.AbstractProblemLoader Loading environment from /home/runner/work/key/key/key.core/../key.ui/examples/standard_key/quantifiers/normalisation5.key 
271672     DEBUG main            d.u.i.k.p.i.AbstractProblemLoader Environment load took 111.41ns 
271673     INFO  main            d.u.i.k.p.i.AbstractProblemLoader Creating init config 
274243     DEBUG main            d.u.i.k.p.i.AbstractProblemLoader Init config took 2.57s 
274258     INFO  main            d.u.i.k.p.i.AbstractProblemLoader Replaying proof normalisation5.key 
274259     DEBUG main            d.u.i.k.p.i.IntermediateProofReplayer Proof replay took 7.1ns 
274362     INFO  main            d.u.i.k.p.r.p.TestFile    ... finished proof: closed. 
274763     INFO  main            d.u.i.k.p.i.AbstractProblemLoader Loading environment from /home/runner/work/key/key/key.core/../key.ui/examples/standard_key/quantifiers/normalisation5.key.proof 
274763     DEBUG main            d.u.i.k.p.i.AbstractProblemLoader Environment load took 99.31ns 
274764     INFO  main            d.u.i.k.p.i.AbstractProblemLoader Creating init config 
277325     DEBUG main            d.u.i.k.p.i.AbstractProblemLoader Init config took 2.56s 
277340     INFO  main            d.u.i.k.p.i.AbstractProblemLoader Replaying proof normalisation5.key.proof 
277343     DEBUG main            d.u.i.k.p.i.IntermediateProofReplayer Proof replay took 1.61ms 
277344     DEBUG main            d.u.i.k.p.r.p.TestFile    ... success: reloaded. 
277345     INFO  main            d.u.i.k.p.r.p.TestFile    Now processing file /home/runner/work/key/key/key.core/../key.ui/examples/standard_key/quantifiers/normalisation6.key 
277345     INFO  main            d.u.i.k.p.i.AbstractProblemLoader Loading environment from /home/runner/work/key/key/key.core/../key.ui/examples/standard_key/quantifiers/normalisation6.key 
277345     DEBUG main            d.u.i.k.p.i.AbstractProblemLoader Environment load took 187.01ns 
277346     INFO  main            d.u.i.k.p.i.AbstractProblemLoader Creating init config 
279982     DEBUG main            d.u.i.k.p.i.AbstractProblemLoader Init config took 2.64s 
279997     INFO  main            d.u.i.k.p.i.AbstractProblemLoader Replaying proof normalisation6.key 
280000     DEBUG main            d.u.i.k.p.i.IntermediateProofReplayer Proof replay took 8.2ns 
280102     INFO  main            d.u.i.k.p.r.p.TestFile    ... finished proof: closed. 
280512     INFO  main            d.u.i.k.p.i.AbstractProblemLoader Loading environment from /home/runner/work/key/key/key.core/../key.ui/examples/standard_key/quantifiers/normalisation6.key.proof 
280512     DEBUG main            d.u.i.k.p.i.AbstractProblemLoader Environment load took 94.61ns 
280514     INFO  main            d.u.i.k.p.i.AbstractProblemLoader Creating init config 
283080     DEBUG main            d.u.i.k.p.i.AbstractProblemLoader Init config took 2.57s 
283096     INFO  main            d.u.i.k.p.i.AbstractProblemLoader Replaying proof normalisation6.key.proof 
283099     DEBUG main            d.u.i.k.p.i.IntermediateProofReplayer Proof replay took 1.42ms 
283100     DEBUG main            d.u.i.k.p.r.p.TestFile    ... success: reloaded. 
283101     INFO  main            d.u.i.k.p.r.p.TestFile    Now processing file /home/runner/work/key/key/key.core/../key.ui/examples/standard_key/quantifiers/normalisation7.key 
283101     INFO  main            d.u.i.k.p.i.AbstractProblemLoader Loading environment from /home/runner/work/key/key/key.core/../key.ui/examples/standard_key/quantifiers/normalisation7.key 
283101     DEBUG main            d.u.i.k.p.i.AbstractProblemLoader Environment load took 75ns 
283102     INFO  main            d.u.i.k.p.i.AbstractProblemLoader Creating init config 
285711     DEBUG main            d.u.i.k.p.i.AbstractProblemLoader Init config took 2.61s 
285728     INFO  main            d.u.i.k.p.i.AbstractProblemLoader Replaying proof normalisation7.key 
285730     DEBUG main            d.u.i.k.p.i.IntermediateProofReplayer Proof replay took 6.3ns 
285832     INFO  main            d.u.i.k.p.r.p.TestFile    ... finished proof: closed. 
286254     INFO  main            d.u.i.k.p.i.AbstractProblemLoader Loading environment from /home/runner/work/key/key/key.core/../key.ui/examples/standard_key/quantifiers/normalisation7.key.proof 
286254     DEBUG main            d.u.i.k.p.i.AbstractProblemLoader Environment load took 110.11ns 
286256     INFO  main            d.u.i.k.p.i.AbstractProblemLoader Creating init config 
288885     DEBUG main            d.u.i.k.p.i.AbstractProblemLoader Init config took 2.63s 
288904     INFO  main            d.u.i.k.p.i.AbstractProblemLoader Replaying proof normalisation7.key.proof 
288907     DEBUG main            d.u.i.k.p.i.IntermediateProofReplayer Proof replay took 1.24ms 
288908     DEBUG main            d.u.i.k.p.r.p.TestFile    ... success: reloaded. 
288909     INFO  main            d.u.i.k.p.r.p.TestFile    Now processing file /home/runner/work/key/key/key.core/../key.ui/examples/standard_key/quantifiers/normalisation8.key 
288909     INFO  main            d.u.i.k.p.i.AbstractProblemLoader Loading environment from /home/runner/work/key/key/key.core/../key.ui/examples/standard_key/quantifiers/normalisation8.key 
288909     DEBUG main            d.u.i.k.p.i.AbstractProblemLoader Environment load took 108.2ns 
288910     INFO  main            d.u.i.k.p.i.AbstractProblemLoader Creating init config 
291541     DEBUG main            d.u.i.k.p.i.AbstractProblemLoader Init config took 2.63s 
291557     INFO  main            d.u.i.k.p.i.AbstractProblemLoader Replaying proof normalisation8.key 
291558     DEBUG main            d.u.i.k.p.i.IntermediateProofReplayer Proof replay took 6.3ns 
291660     INFO  main            d.u.i.k.p.r.p.TestFile    ... finished proof: closed. 
292096     INFO  main            d.u.i.k.p.i.AbstractProblemLoader Loading environment from /home/runner/work/key/key/key.core/../key.ui/examples/standard_key/quantifiers/normalisation8.key.proof 
292096     DEBUG main            d.u.i.k.p.i.AbstractProblemLoader Environment load took 100.81ns 
292098     INFO  main            d.u.i.k.p.i.AbstractProblemLoader Creating init config 
294692     DEBUG main            d.u.i.k.p.i.AbstractProblemLoader Init config took 2.59s 
294707     INFO  main            d.u.i.k.p.i.AbstractProblemLoader Replaying proof normalisation8.key.proof 
294711     DEBUG main            d.u.i.k.p.i.IntermediateProofReplayer Proof replay took 2.71ms 
294712     DEBUG main            d.u.i.k.p.r.p.TestFile    ... success: reloaded. 
294713     INFO  main            d.u.i.k.p.r.p.TestFile    Now processing file /home/runner/work/key/key/key.core/../key.ui/examples/standard_key/quantifiers/normalisation9.key 
294713     INFO  main            d.u.i.k.p.i.AbstractProblemLoader Loading environment from /home/runner/work/key/key/key.core/../key.ui/examples/standard_key/quantifiers/normalisation9.key 
294713     DEBUG main            d.u.i.k.p.i.AbstractProblemLoader Environment load took 85.61ns 
294714     INFO  main            d.u.i.k.p.i.AbstractProblemLoader Creating init config 
297306     DEBUG main            d.u.i.k.p.i.AbstractProblemLoader Init config took 2.59s 
297321     INFO  main            d.u.i.k.p.i.AbstractProblemLoader Replaying proof normalisation9.key 
297323     DEBUG main            d.u.i.k.p.i.IntermediateProofReplayer Proof replay took 7.8ns 
297425     INFO  main            d.u.i.k.p.r.p.TestFile    ... finished proof: closed. 
297862     INFO  main            d.u.i.k.p.i.AbstractProblemLoader Loading environment from /home/runner/work/key/key/key.core/../key.ui/examples/standard_key/quantifiers/normalisation9.key.proof 
297862     DEBUG main            d.u.i.k.p.i.AbstractProblemLoader Environment load took 100.21ns 
297865     INFO  main            d.u.i.k.p.i.AbstractProblemLoader Creating init config 
300463     DEBUG main            d.u.i.k.p.i.AbstractProblemLoader Init config took 2.6s 
300478     INFO  main            d.u.i.k.p.i.AbstractProblemLoader Replaying proof normalisation9.key.proof 
300482     DEBUG main            d.u.i.k.p.i.IntermediateProofReplayer Proof replay took 2.57ms 
300483     DEBUG main            d.u.i.k.p.r.p.TestFile    ... success: reloaded. 
300484     INFO  main            d.u.i.k.p.r.p.TestFile    Now processing file /home/runner/work/key/key/key.core/../key.ui/examples/standard_key/quantifiers/normalisation10.key 
300484     INFO  main            d.u.i.k.p.i.AbstractProblemLoader Loading environment from /home/runner/work/key/key/key.core/../key.ui/examples/standard_key/quantifiers/normalisation10.key 
300484     DEBUG main            d.u.i.k.p.i.AbstractProblemLoader Environment load took 78.7ns 
300485     INFO  main            d.u.i.k.p.i.AbstractProblemLoader Creating init config 
303043     DEBUG main            d.u.i.k.p.i.AbstractProblemLoader Init config took 2.56s 
303058     INFO  main            d.u.i.k.p.i.AbstractProblemLoader Replaying proof normalisation10.key 
303060     DEBUG main            d.u.i.k.p.i.IntermediateProofReplayer Proof replay took 6.9ns 
303163     INFO  main            d.u.i.k.p.r.p.TestFile    ... finished proof: closed. 
303598     INFO  main            d.u.i.k.p.i.AbstractProblemLoader Loading environment from /home/runner/work/key/key/key.core/../key.ui/examples/standard_key/quantifiers/normalisation10.key.proof 
303598     DEBUG main            d.u.i.k.p.i.AbstractProblemLoader Environment load took 94.01ns 
303599     INFO  main            d.u.i.k.p.i.AbstractProblemLoader Creating init config 
306127     DEBUG main            d.u.i.k.p.i.AbstractProblemLoader Init config took 2.53s 
306143     INFO  main            d.u.i.k.p.i.AbstractProblemLoader Replaying proof normalisation10.key.proof 
306148     DEBUG main            d.u.i.k.p.i.IntermediateProofReplayer Proof replay took 3.32ms 
306149     DEBUG main            d.u.i.k.p.r.p.TestFile    ... success: reloaded. 
306149     INFO  main            d.u.i.k.p.r.p.TestFile    Now processing file /home/runner/work/key/key/key.core/../key.ui/examples/standard_key/quantifiers/normalisation12.key 
306150     INFO  main            d.u.i.k.p.i.AbstractProblemLoader Loading environment from /home/runner/work/key/key/key.core/../key.ui/examples/standard_key/quantifiers/normalisation12.key 
306150     DEBUG main            d.u.i.k.p.i.AbstractProblemLoader Environment load took 56.8ns 
306151     INFO  main            d.u.i.k.p.i.AbstractProblemLoader Creating init config 
308797     DEBUG main            d.u.i.k.p.i.AbstractProblemLoader Init config took 2.65s 
308813     INFO  main            d.u.i.k.p.i.AbstractProblemLoader Replaying proof normalisation12.key 
308814     DEBUG main            d.u.i.k.p.i.IntermediateProofReplayer Proof replay took 7ns 
308916     INFO  main            d.u.i.k.p.r.p.TestFile    ... finished proof: closed. 
309354     INFO  main            d.u.i.k.p.i.AbstractProblemLoader Loading environment from /home/runner/work/key/key/key.core/../key.ui/examples/standard_key/quantifiers/normalisation12.key.proof 
309354     DEBUG main            d.u.i.k.p.i.AbstractProblemLoader Environment load took 96.41ns 
309355     INFO  main            d.u.i.k.p.i.AbstractProblemLoader Creating init config 
311913     DEBUG main            d.u.i.k.p.i.AbstractProblemLoader Init config took 2.56s 
311928     INFO  main            d.u.i.k.p.i.AbstractProblemLoader Replaying proof normalisation12.key.proof 
311931     DEBUG main            d.u.i.k.p.i.IntermediateProofReplayer Proof replay took 951.66ns 
311932     DEBUG main            d.u.i.k.p.r.p.TestFile    ... success: reloaded. 
311932     INFO  main            d.u.i.k.p.r.p.TestFile    Now processing file /home/runner/work/key/key/key.core/../key.ui/examples/standard_key/quantifiers/normalisation13.key 
311933     INFO  main            d.u.i.k.p.i.AbstractProblemLoader Loading environment from /home/runner/work/key/key/key.core/../key.ui/examples/standard_key/quantifiers/normalisation13.key 
311933     DEBUG main            d.u.i.k.p.i.AbstractProblemLoader Environment load took 85.61ns 
311934     INFO  main            d.u.i.k.p.i.AbstractProblemLoader Creating init config 
314589     DEBUG main            d.u.i.k.p.i.AbstractProblemLoader Init config took 2.66s 
314604     INFO  main            d.u.i.k.p.i.AbstractProblemLoader Replaying proof normalisation13.key 
314606     DEBUG main            d.u.i.k.p.i.IntermediateProofReplayer Proof replay took 7.7ns 
314709     INFO  main            d.u.i.k.p.r.p.TestFile    ... finished proof: closed. 
315150     INFO  main            d.u.i.k.p.i.AbstractProblemLoader Loading environment from /home/runner/work/key/key/key.core/../key.ui/examples/standard_key/quantifiers/normalisation13.key.proof 
315150     DEBUG main            d.u.i.k.p.i.AbstractProblemLoader Environment load took 92.01ns 
315151     INFO  main            d.u.i.k.p.i.AbstractProblemLoader Creating init config 
317780     DEBUG main            d.u.i.k.p.i.AbstractProblemLoader Init config took 2.63s 
317795     INFO  main            d.u.i.k.p.i.AbstractProblemLoader Replaying proof normalisation13.key.proof 
317797     DEBUG main            d.u.i.k.p.i.IntermediateProofReplayer Proof replay took 564.54ns 
317797     DEBUG main            d.u.i.k.p.r.p.TestFile    ... success: reloaded. 
317798     INFO  main            d.u.i.k.p.r.p.TestFile    Now processing file /home/runner/work/key/key/key.core/../key.ui/examples/standard_key/quantifiers/triggers0.key 
317798     INFO  main            d.u.i.k.p.i.AbstractProblemLoader Loading environment from /home/runner/work/key/key/key.core/../key.ui/examples/standard_key/quantifiers/triggers0.key 
317799     DEBUG main            d.u.i.k.p.i.AbstractProblemLoader Environment load took 70.91ns 
317799     INFO  main            d.u.i.k.p.i.AbstractProblemLoader Creating init config 
320367     DEBUG main            d.u.i.k.p.i.AbstractProblemLoader Init config took 2.57s 
320382     INFO  main            d.u.i.k.p.i.AbstractProblemLoader Replaying proof triggers0.key 
320384     DEBUG main            d.u.i.k.p.i.IntermediateProofReplayer Proof replay took 7.5ns 
320489     INFO  main            d.u.i.k.p.r.p.TestFile    ... finished proof: closed. 
320952     INFO  main            d.u.i.k.p.i.AbstractProblemLoader Loading environment from /home/runner/work/key/key/key.core/../key.ui/examples/standard_key/quantifiers/triggers0.key.proof 
320952     DEBUG main            d.u.i.k.p.i.AbstractProblemLoader Environment load took 91.21ns 
320953     INFO  main            d.u.i.k.p.i.AbstractProblemLoader Creating init config 
323563     DEBUG main            d.u.i.k.p.i.AbstractProblemLoader Init config took 2.61s 
323579     INFO  main            d.u.i.k.p.i.AbstractProblemLoader Replaying proof triggers0.key.proof 
323581     DEBUG main            d.u.i.k.p.i.IntermediateProofReplayer Proof replay took 969.07ns 
323582     DEBUG main            d.u.i.k.p.r.p.TestFile    ... success: reloaded. 
4457519    INFO  Test worker     d.u.i.k.p.r.RunAllProofsTestUnit Returning from test FOL 
4457520    INFO  Test worker     d.u.i.k.p.r.RunAllProofsTestUnit Running test strings 
439        INFO  Timeout watchdog d.u.i.k.p.r.p.ForkedTestFileRunner Timeout watcher launched (2000 secs.) 
472        WARN  main            d.u.i.k.s.ProofSettings   The settings in /home/runner/.key/proof-settings.props are *not* read. 
524        INFO  main            d.u.i.k.p.r.p.TestFile    Now processing file /home/runner/work/key/key/key.core/../key.ui/examples/standard_key/strings/charAt0.key 
657        INFO  main            d.u.i.k.p.i.AbstractProblemLoader Loading environment from /home/runner/work/key/key/key.core/../key.ui/examples/standard_key/strings/charAt0.key 
687        DEBUG main            d.u.i.k.p.i.AbstractProblemLoader Environment load took 2.21ms 
998        INFO  main            d.u.i.k.p.i.AbstractProblemLoader Creating init config 
2078       DEBUG main            d.u.i.k.j.TypeConverter   No LDT found for Meta 
2080       DEBUG main            d.u.i.k.j.TypeConverter   No LDT found for Meta 
2083       DEBUG main            d.u.i.k.j.TypeConverter   No LDT found for Meta 
2084       DEBUG main            d.u.i.k.j.TypeConverter   No LDT found for Meta 
3754       DEBUG main            d.u.i.k.j.TypeConverter   No LDT found for JavaBigintExpression 
9386       DEBUG main            d.u.i.k.p.i.AbstractProblemLoader Init config took 8.39s 
9452       INFO  main            d.u.i.k.p.i.AbstractProblemLoader Replaying proof charAt0.key 
9490       DEBUG main            d.u.i.k.p.i.IntermediateProofReplayer Proof replay took 39.1ns 
9862       INFO  main            d.u.i.k.p.r.p.TestFile    ... finished proof: closed. 
9973       INFO  main            d.u.i.k.p.i.AbstractProblemLoader Loading environment from /home/runner/work/key/key/key.core/../key.ui/examples/standard_key/strings/charAt0.key.proof 
9975       DEBUG main            d.u.i.k.p.i.AbstractProblemLoader Environment load took 1.69ms 
9984       INFO  main            d.u.i.k.p.i.AbstractProblemLoader Creating init config 
13090      DEBUG main            d.u.i.k.p.i.AbstractProblemLoader Init config took 3.11s 
13135      INFO  main            d.u.i.k.p.i.AbstractProblemLoader Replaying proof charAt0.key.proof 
13154      DEBUG main            d.u.i.k.p.i.IntermediateProofReplayer Proof replay took 13.6ms 
13166      DEBUG main            d.u.i.k.p.r.p.TestFile    ... success: reloaded. 
13167      INFO  main            d.u.i.k.p.r.p.TestFile    Now processing file /home/runner/work/key/key/key.core/../key.ui/examples/standard_key/strings/charAt1.key 
13167      INFO  main            d.u.i.k.p.i.AbstractProblemLoader Loading environment from /home/runner/work/key/key/key.core/../key.ui/examples/standard_key/strings/charAt1.key 
13168      DEBUG main            d.u.i.k.p.i.AbstractProblemLoader Environment load took 228.82ns 
13170      INFO  main            d.u.i.k.p.i.AbstractProblemLoader Creating init config 
16187      DEBUG main            d.u.i.k.p.i.AbstractProblemLoader Init config took 3.02s 
16217      INFO  main            d.u.i.k.p.i.AbstractProblemLoader Replaying proof charAt1.key 
16219      DEBUG main            d.u.i.k.p.i.IntermediateProofReplayer Proof replay took 7.3ns 
16526      INFO  main            d.u.i.k.p.r.p.TestFile    ... finished proof: closed. 
16681      INFO  main            d.u.i.k.p.i.AbstractProblemLoader Loading environment from /home/runner/work/key/key/key.core/../key.ui/examples/standard_key/strings/charAt1.key.proof 
16682      DEBUG main            d.u.i.k.p.i.AbstractProblemLoader Environment load took 1.36ms 
16686      INFO  main            d.u.i.k.p.i.AbstractProblemLoader Creating init config 
19642      DEBUG main            d.u.i.k.p.i.AbstractProblemLoader Init config took 2.96s 
19681      INFO  main            d.u.i.k.p.i.AbstractProblemLoader Replaying proof charAt1.key.proof 
19723      DEBUG main            d.u.i.k.p.i.IntermediateProofReplayer Proof replay took 29.1ms 
19725      DEBUG main            d.u.i.k.p.r.p.TestFile    ... success: reloaded. 
19726      INFO  main            d.u.i.k.p.r.p.TestFile    Now processing file /home/runner/work/key/key/key.core/../key.ui/examples/standard_key/strings/concat1.key 
19727      INFO  main            d.u.i.k.p.i.AbstractProblemLoader Loading environment from /home/runner/work/key/key/key.core/../key.ui/examples/standard_key/strings/concat1.key 
19727      DEBUG main            d.u.i.k.p.i.AbstractProblemLoader Environment load took 195.81ns 
19729      INFO  main            d.u.i.k.p.i.AbstractProblemLoader Creating init config 
22773      DEBUG main            d.u.i.k.p.i.AbstractProblemLoader Init config took 3.04s 
22803      INFO  main            d.u.i.k.p.i.AbstractProblemLoader Replaying proof concat1.key 
22811      DEBUG main            d.u.i.k.p.i.IntermediateProofReplayer Proof replay took 8.5ns 
22918      INFO  main            d.u.i.k.p.r.p.TestFile    ... finished proof: closed. 
23087      INFO  main            d.u.i.k.p.i.AbstractProblemLoader Loading environment from /home/runner/work/key/key/key.core/../key.ui/examples/standard_key/strings/concat1.key.proof 
23087      DEBUG main            d.u.i.k.p.i.AbstractProblemLoader Environment load took 153.91ns 
23093      INFO  main            d.u.i.k.p.i.AbstractProblemLoader Creating init config 
26010      DEBUG main            d.u.i.k.p.i.AbstractProblemLoader Init config took 2.92s 
26035      INFO  main            d.u.i.k.p.i.AbstractProblemLoader Replaying proof concat1.key.proof 
26040      DEBUG main            d.u.i.k.p.i.IntermediateProofReplayer Proof replay took 1.15ms 
26041      DEBUG main            d.u.i.k.p.r.p.TestFile    ... success: reloaded. 
26044      INFO  main            d.u.i.k.p.r.p.TestFile    Now processing file /home/runner/work/key/key/key.core/../key.ui/examples/standard_key/strings/concat2.key 
26044      INFO  main            d.u.i.k.p.i.AbstractProblemLoader Loading environment from /home/runner/work/key/key/key.core/../key.ui/examples/standard_key/strings/concat2.key 
26044      DEBUG main            d.u.i.k.p.i.AbstractProblemLoader Environment load took 142.91ns 
26045      INFO  main            d.u.i.k.p.i.AbstractProblemLoader Creating init config 
28948      DEBUG main            d.u.i.k.p.i.AbstractProblemLoader Init config took 2.9s 
28970      INFO  main            d.u.i.k.p.i.AbstractProblemLoader Replaying proof concat2.key 
28972      DEBUG main            d.u.i.k.p.i.IntermediateProofReplayer Proof replay took 6.6ns 
29075      INFO  main            d.u.i.k.p.r.p.TestFile    ... finished proof: closed. 
29242      INFO  main            d.u.i.k.p.i.AbstractProblemLoader Loading environment from /home/runner/work/key/key/key.core/../key.ui/examples/standard_key/strings/concat2.key.proof 
29243      DEBUG main            d.u.i.k.p.i.AbstractProblemLoader Environment load took 135.61ns 
29244      INFO  main            d.u.i.k.p.i.AbstractProblemLoader Creating init config 
32115      DEBUG main            d.u.i.k.p.i.AbstractProblemLoader Init config took 2.87s 
32138      INFO  main            d.u.i.k.p.i.AbstractProblemLoader Replaying proof concat2.key.proof 
32148      DEBUG main            d.u.i.k.p.i.IntermediateProofReplayer Proof replay took 7.61ms 
32149      DEBUG main            d.u.i.k.p.r.p.TestFile    ... success: reloaded. 
32150      INFO  main            d.u.i.k.p.r.p.TestFile    Now processing file /home/runner/work/key/key/key.core/../key.ui/examples/standard_key/strings/deriveLength1.key 
32150      INFO  main            d.u.i.k.p.i.AbstractProblemLoader Loading environment from /home/runner/work/key/key/key.core/../key.ui/examples/standard_key/strings/deriveLength1.key 
32150      DEBUG main            d.u.i.k.p.i.AbstractProblemLoader Environment load took 205.31ns 
32152      INFO  main            d.u.i.k.p.i.AbstractProblemLoader Creating init config 
34960      DEBUG main            d.u.i.k.p.i.AbstractProblemLoader Init config took 2.81s 
34983      INFO  main            d.u.i.k.p.i.AbstractProblemLoader Replaying proof deriveLength1.key 
34984      DEBUG main            d.u.i.k.p.i.IntermediateProofReplayer Proof replay took 7.4ns 
35088      INFO  main            d.u.i.k.p.r.p.TestFile    ... finished proof: closed. 
35276      INFO  main            d.u.i.k.p.i.AbstractProblemLoader Loading environment from /home/runner/work/key/key/key.core/../key.ui/examples/standard_key/strings/deriveLength1.key.proof 
35277      DEBUG main            d.u.i.k.p.i.AbstractProblemLoader Environment load took 1.02ms 
35278      INFO  main            d.u.i.k.p.i.AbstractProblemLoader Creating init config 
38104      DEBUG main            d.u.i.k.p.i.AbstractProblemLoader Init config took 2.83s 
38131      INFO  main            d.u.i.k.p.i.AbstractProblemLoader Replaying proof deriveLength1.key.proof 
38156      DEBUG main            d.u.i.k.p.i.IntermediateProofReplayer Proof replay took 19.5ms 
38158      DEBUG main            d.u.i.k.p.r.p.TestFile    ... success: reloaded. 
38160      INFO  main            d.u.i.k.p.r.p.TestFile    Now processing file /home/runner/work/key/key/key.core/../key.ui/examples/standard_key/strings/emptyStringLengthZero.key 
38160      INFO  main            d.u.i.k.p.i.AbstractProblemLoader Loading environment from /home/runner/work/key/key/key.core/../key.ui/examples/standard_key/strings/emptyStringLengthZero.key 
38161      DEBUG main            d.u.i.k.p.i.AbstractProblemLoader Environment load took 155.21ns 
38162      INFO  main            d.u.i.k.p.i.AbstractProblemLoader Creating init config 
41001      DEBUG main            d.u.i.k.p.i.AbstractProblemLoader Init config took 2.84s 
41021      INFO  main            d.u.i.k.p.i.AbstractProblemLoader Replaying proof emptyStringLengthZero.key 
41023      DEBUG main            d.u.i.k.p.i.IntermediateProofReplayer Proof replay took 7.9ns 
41126      INFO  main            d.u.i.k.p.r.p.TestFile    ... finished proof: closed. 
41319      INFO  main            d.u.i.k.p.i.AbstractProblemLoader Loading environment from /home/runner/work/key/key/key.core/../key.ui/examples/standard_key/strings/emptyStringLengthZero.key.proof 
41319      DEBUG main            d.u.i.k.p.i.AbstractProblemLoader Environment load took 133.11ns 
41323      INFO  main            d.u.i.k.p.i.AbstractProblemLoader Creating init config 
44111      DEBUG main            d.u.i.k.p.i.AbstractProblemLoader Init config took 2.79s 
44133      INFO  main            d.u.i.k.p.i.AbstractProblemLoader Replaying proof emptyStringLengthZero.key.proof 
44139      DEBUG main            d.u.i.k.p.i.IntermediateProofReplayer Proof replay took 3.6ms 
44140      DEBUG main            d.u.i.k.p.r.p.TestFile    ... success: reloaded. 
44141      INFO  main            d.u.i.k.p.r.p.TestFile    Now processing file /home/runner/work/key/key/key.core/../key.ui/examples/standard_key/strings/implicitBooleanStringConversion.key 
44141      INFO  main            d.u.i.k.p.i.AbstractProblemLoader Loading environment from /home/runner/work/key/key/key.core/../key.ui/examples/standard_key/strings/implicitBooleanStringConversion.key 
44141      DEBUG main            d.u.i.k.p.i.AbstractProblemLoader Environment load took 201.11ns 
44142      INFO  main            d.u.i.k.p.i.AbstractProblemLoader Creating init config 
46938      DEBUG main            d.u.i.k.p.i.AbstractProblemLoader Init config took 2.8s 
46964      INFO  main            d.u.i.k.p.i.AbstractProblemLoader Replaying proof implicitBooleanStringConversion.key 
46966      DEBUG main            d.u.i.k.p.i.IntermediateProofReplayer Proof replay took 7.6ns 
47984      INFO  main            d.u.i.k.p.r.p.TestFile    ... finished proof: closed. 
48198      INFO  main            d.u.i.k.p.i.AbstractProblemLoader Loading environment from /home/runner/work/key/key/key.core/../key.ui/examples/standard_key/strings/implicitBooleanStringConversion.key.proof 
48198      DEBUG main            d.u.i.k.p.i.AbstractProblemLoader Environment load took 393.83ns 
48200      INFO  main            d.u.i.k.p.i.AbstractProblemLoader Creating init config 
50940      DEBUG main            d.u.i.k.p.i.AbstractProblemLoader Init config took 2.74s 
50986      INFO  main            d.u.i.k.p.i.AbstractProblemLoader Replaying proof implicitBooleanStringConversion.key.proof 
51049      DEBUG main            d.u.i.k.p.i.IntermediateProofReplayer Proof replay took 57.43ms 
51050      DEBUG main            d.u.i.k.p.r.p.TestFile    ... success: reloaded. 
51051      INFO  main            d.u.i.k.p.r.p.TestFile    Now processing file /home/runner/work/key/key/key.core/../key.ui/examples/standard_key/strings/implicitBooleanStringConversion2.key 
51052      INFO  main            d.u.i.k.p.i.AbstractProblemLoader Loading environment from /home/runner/work/key/key/key.core/../key.ui/examples/standard_key/strings/implicitBooleanStringConversion2.key 
51052      DEBUG main            d.u.i.k.p.i.AbstractProblemLoader Environment load took 208.61ns 
51053      INFO  main            d.u.i.k.p.i.AbstractProblemLoader Creating init config 
53859      DEBUG main            d.u.i.k.p.i.AbstractProblemLoader Init config took 2.81s 
53880      INFO  main            d.u.i.k.p.i.AbstractProblemLoader Replaying proof implicitBooleanStringConversion2.key 
53882      DEBUG main            d.u.i.k.p.i.IntermediateProofReplayer Proof replay took 7.2ns 
54289      INFO  main            d.u.i.k.p.r.p.TestFile    ... finished proof: closed. 
54521      INFO  main            d.u.i.k.p.i.AbstractProblemLoader Loading environment from /home/runner/work/key/key/key.core/../key.ui/examples/standard_key/strings/implicitBooleanStringConversion2.key.proof 
54522      DEBUG main            d.u.i.k.p.i.AbstractProblemLoader Environment load took 428.93ns 
54524      INFO  main            d.u.i.k.p.i.AbstractProblemLoader Creating init config 
57435      DEBUG main            d.u.i.k.p.i.AbstractProblemLoader Init config took 2.91s 
57456      INFO  main            d.u.i.k.p.i.AbstractProblemLoader Replaying proof implicitBooleanStringConversion2.key.proof 
57482      DEBUG main            d.u.i.k.p.i.IntermediateProofReplayer Proof replay took 22.4ms 
57483      DEBUG main            d.u.i.k.p.r.p.TestFile    ... success: reloaded. 
57484      INFO  main            d.u.i.k.p.r.p.TestFile    Now processing file /home/runner/work/key/key/key.core/../key.ui/examples/standard_key/strings/implicitIntStringConversion.key 
57484      INFO  main            d.u.i.k.p.i.AbstractProblemLoader Loading environment from /home/runner/work/key/key/key.core/../key.ui/examples/standard_key/strings/implicitIntStringConversion.key 
57484      DEBUG main            d.u.i.k.p.i.AbstractProblemLoader Environment load took 102.41ns 
57485      INFO  main            d.u.i.k.p.i.AbstractProblemLoader Creating init config 
60314      DEBUG main            d.u.i.k.p.i.AbstractProblemLoader Init config took 2.83s 
60336      INFO  main            d.u.i.k.p.i.AbstractProblemLoader Replaying proof implicitIntStringConversion.key 
60338      DEBUG main            d.u.i.k.p.i.IntermediateProofReplayer Proof replay took 7.3ns 
61044      INFO  main            d.u.i.k.p.r.p.TestFile    ... finished proof: closed. 
61270      INFO  main            d.u.i.k.p.i.AbstractProblemLoader Loading environment from /home/runner/work/key/key/key.core/../key.ui/examples/standard_key/strings/implicitIntStringConversion.key.proof 
61270      DEBUG main            d.u.i.k.p.i.AbstractProblemLoader Environment load took 415.73ns 
61272      INFO  main            d.u.i.k.p.i.AbstractProblemLoader Creating init config 
63992      DEBUG main            d.u.i.k.p.i.AbstractProblemLoader Init config took 2.72s 
64015      INFO  main            d.u.i.k.p.i.AbstractProblemLoader Replaying proof implicitIntStringConversion.key.proof 
64079      DEBUG main            d.u.i.k.p.i.IntermediateProofReplayer Proof replay took 58.93ms 
64080      DEBUG main            d.u.i.k.p.r.p.TestFile    ... success: reloaded. 
64081      INFO  main            d.u.i.k.p.r.p.TestFile    Now processing file /home/runner/work/key/key/key.core/../key.ui/examples/standard_key/strings/implicitNullStringConversion.key 
64082      INFO  main            d.u.i.k.p.i.AbstractProblemLoader Loading environment from /home/runner/work/key/key/key.core/../key.ui/examples/standard_key/strings/implicitNullStringConversion.key 
64082      DEBUG main            d.u.i.k.p.i.AbstractProblemLoader Environment load took 222.81ns 
64083      INFO  main            d.u.i.k.p.i.AbstractProblemLoader Creating init config 
66949      DEBUG main            d.u.i.k.p.i.AbstractProblemLoader Init config took 2.87s 
66969      INFO  main            d.u.i.k.p.i.AbstractProblemLoader Replaying proof implicitNullStringConversion.key 
66970      DEBUG main            d.u.i.k.p.i.IntermediateProofReplayer Proof replay took 8.1ns 
67275      INFO  main            d.u.i.k.p.r.p.TestFile    ... finished proof: closed. 
67526      INFO  main            d.u.i.k.p.i.AbstractProblemLoader Loading environment from /home/runner/work/key/key/key.core/../key.ui/examples/standard_key/strings/implicitNullStringConversion.key.proof 
67527      DEBUG main            d.u.i.k.p.i.AbstractProblemLoader Environment load took 557.83ns 
67528      INFO  main            d.u.i.k.p.i.AbstractProblemLoader Creating init config 
70255      DEBUG main            d.u.i.k.p.i.AbstractProblemLoader Init config took 2.73s 
70275      INFO  main            d.u.i.k.p.i.AbstractProblemLoader Replaying proof implicitNullStringConversion.key.proof 
70302      DEBUG main            d.u.i.k.p.i.IntermediateProofReplayer Proof replay took 23.75ms 
70303      DEBUG main            d.u.i.k.p.r.p.TestFile    ... success: reloaded. 
70304      INFO  main            d.u.i.k.p.r.p.TestFile    Now processing file /home/runner/work/key/key/key.core/../key.ui/examples/standard_key/strings/implicitNullStringConversion2.key 
70304      INFO  main            d.u.i.k.p.i.AbstractProblemLoader Loading environment from /home/runner/work/key/key/key.core/../key.ui/examples/standard_key/strings/implicitNullStringConversion2.key 
70304      DEBUG main            d.u.i.k.p.i.AbstractProblemLoader Environment load took 108.01ns 
70305      INFO  main            d.u.i.k.p.i.AbstractProblemLoader Creating init config 
73026      DEBUG main            d.u.i.k.p.i.AbstractProblemLoader Init config took 2.72s 
73048      INFO  main            d.u.i.k.p.i.AbstractProblemLoader Replaying proof implicitNullStringConversion2.key 
73050      DEBUG main            d.u.i.k.p.i.IntermediateProofReplayer Proof replay took 7.3ns 
73253      INFO  main            d.u.i.k.p.r.p.TestFile    ... finished proof: closed. 
73493      INFO  main            d.u.i.k.p.i.AbstractProblemLoader Loading environment from /home/runner/work/key/key/key.core/../key.ui/examples/standard_key/strings/implicitNullStringConversion2.key.proof 
73493      DEBUG main            d.u.i.k.p.i.AbstractProblemLoader Environment load took 384.62ns 
73495      INFO  main            d.u.i.k.p.i.AbstractProblemLoader Creating init config 
76335      DEBUG main            d.u.i.k.p.i.AbstractProblemLoader Init config took 2.84s 
76362      INFO  main            d.u.i.k.p.i.AbstractProblemLoader Replaying proof implicitNullStringConversion2.key.proof 
76400      DEBUG main            d.u.i.k.p.i.IntermediateProofReplayer Proof replay took 28.44ms 
76402      DEBUG main            d.u.i.k.p.r.p.TestFile    ... success: reloaded. 
76403      INFO  main            d.u.i.k.p.r.p.TestFile    Now processing file /home/runner/work/key/key/key.core/../key.ui/examples/standard_key/strings/implicitObjectStringConversion.key 
76403      INFO  main            d.u.i.k.p.i.AbstractProblemLoader Loading environment from /home/runner/work/key/key/key.core/../key.ui/examples/standard_key/strings/implicitObjectStringConversion.key 
76403      DEBUG main            d.u.i.k.p.i.AbstractProblemLoader Environment load took 207.51ns 
76405      INFO  main            d.u.i.k.p.i.AbstractProblemLoader Creating init config 
79486      DEBUG main            d.u.i.k.p.i.AbstractProblemLoader Init config took 3.08s 
79506      INFO  main            d.u.i.k.p.i.AbstractProblemLoader Replaying proof implicitObjectStringConversion.key 
79507      DEBUG main            d.u.i.k.p.i.IntermediateProofReplayer Proof replay took 7.7ns 
80215      INFO  main            d.u.i.k.p.r.p.TestFile    ... finished proof: closed. 
80521      INFO  main            d.u.i.k.p.i.AbstractProblemLoader Loading environment from /home/runner/work/key/key/key.core/../key.ui/examples/standard_key/strings/implicitObjectStringConversion.key.proof 
80521      DEBUG main            d.u.i.k.p.i.AbstractProblemLoader Environment load took 468.23ns 
80524      INFO  main            d.u.i.k.p.i.AbstractProblemLoader Creating init config 
83419      DEBUG main            d.u.i.k.p.i.AbstractProblemLoader Init config took 2.9s 
83439      INFO  main            d.u.i.k.p.i.AbstractProblemLoader Replaying proof implicitObjectStringConversion.key.proof 
83488      DEBUG main            d.u.i.k.p.i.IntermediateProofReplayer Proof replay took 45.52ms 
83489      DEBUG main            d.u.i.k.p.r.p.TestFile    ... success: reloaded. 
83490      INFO  main            d.u.i.k.p.r.p.TestFile    Now processing file /home/runner/work/key/key/key.core/../key.ui/examples/standard_key/strings/literalEquality.key 
83490      INFO  main            d.u.i.k.p.i.AbstractProblemLoader Loading environment from /home/runner/work/key/key/key.core/../key.ui/examples/standard_key/strings/literalEquality.key 
83490      DEBUG main            d.u.i.k.p.i.AbstractProblemLoader Environment load took 93.61ns 
83491      INFO  main            d.u.i.k.p.i.AbstractProblemLoader Creating init config 
86329      DEBUG main            d.u.i.k.p.i.AbstractProblemLoader Init config took 2.84s 
86353      INFO  main            d.u.i.k.p.i.AbstractProblemLoader Replaying proof literalEquality.key 
86355      DEBUG main            d.u.i.k.p.i.IntermediateProofReplayer Proof replay took 7.4ns 
86458      INFO  main            d.u.i.k.p.r.p.TestFile    ... finished proof: closed. 
86699      INFO  main            d.u.i.k.p.i.AbstractProblemLoader Loading environment from /home/runner/work/key/key/key.core/../key.ui/examples/standard_key/strings/literalEquality.key.proof 
86699      DEBUG main            d.u.i.k.p.i.AbstractProblemLoader Environment load took 131.31ns 
86700      INFO  main            d.u.i.k.p.i.AbstractProblemLoader Creating init config 
89393      DEBUG main            d.u.i.k.p.i.AbstractProblemLoader Init config took 2.69s 
89414      INFO  main            d.u.i.k.p.i.AbstractProblemLoader Replaying proof literalEquality.key.proof 
89422      DEBUG main            d.u.i.k.p.i.IntermediateProofReplayer Proof replay took 6.05ms 
89423      DEBUG main            d.u.i.k.p.r.p.TestFile    ... success: reloaded. 
89424      INFO  main            d.u.i.k.p.r.p.TestFile    Now processing file /home/runner/work/key/key/key.core/../key.ui/examples/standard_key/strings/replace0.key 
89424      INFO  main            d.u.i.k.p.i.AbstractProblemLoader Loading environment from /home/runner/work/key/key/key.core/../key.ui/examples/standard_key/strings/replace0.key 
89424      DEBUG main            d.u.i.k.p.i.AbstractProblemLoader Environment load took 238.62ns 
89425      INFO  main            d.u.i.k.p.i.AbstractProblemLoader Creating init config 
92215      DEBUG main            d.u.i.k.p.i.AbstractProblemLoader Init config took 2.79s 
92233      INFO  main            d.u.i.k.p.i.AbstractProblemLoader Replaying proof replace0.key 
92234      DEBUG main            d.u.i.k.p.i.IntermediateProofReplayer Proof replay took 7.3ns 
92338      INFO  main            d.u.i.k.p.r.p.TestFile    ... finished proof: closed. 
92570      INFO  main            d.u.i.k.p.i.AbstractProblemLoader Loading environment from /home/runner/work/key/key/key.core/../key.ui/examples/standard_key/strings/replace0.key.proof 
92570      DEBUG main            d.u.i.k.p.i.AbstractProblemLoader Environment load took 128.51ns 
92571      INFO  main            d.u.i.k.p.i.AbstractProblemLoader Creating init config 
95277      DEBUG main            d.u.i.k.p.i.AbstractProblemLoader Init config took 2.71s 
95296      INFO  main            d.u.i.k.p.i.AbstractProblemLoader Replaying proof replace0.key.proof 
95303      DEBUG main            d.u.i.k.p.i.IntermediateProofReplayer Proof replay took 5.54ms 
95305      DEBUG main            d.u.i.k.p.r.p.TestFile    ... success: reloaded. 
95310      INFO  main            d.u.i.k.p.r.p.TestFile    Now processing file /home/runner/work/key/key/key.core/../key.ui/examples/standard_key/strings/replace1.key 
95310      INFO  main            d.u.i.k.p.i.AbstractProblemLoader Loading environment from /home/runner/work/key/key/key.core/../key.ui/examples/standard_key/strings/replace1.key 
95310      DEBUG main            d.u.i.k.p.i.AbstractProblemLoader Environment load took 204.01ns 
95312      INFO  main            d.u.i.k.p.i.AbstractProblemLoader Creating init config 
98148      DEBUG main            d.u.i.k.p.i.AbstractProblemLoader Init config took 2.84s 
98165      INFO  main            d.u.i.k.p.i.AbstractProblemLoader Replaying proof replace1.key 
98167      DEBUG main            d.u.i.k.p.i.IntermediateProofReplayer Proof replay took 7.3ns 
98270      INFO  main            d.u.i.k.p.r.p.TestFile    ... finished proof: closed. 
98509      INFO  main            d.u.i.k.p.i.AbstractProblemLoader Loading environment from /home/runner/work/key/key/key.core/../key.ui/examples/standard_key/strings/replace1.key.proof 
98509      DEBUG main            d.u.i.k.p.i.AbstractProblemLoader Environment load took 128.01ns 
98511      INFO  main            d.u.i.k.p.i.AbstractProblemLoader Creating init config 
101163     DEBUG main            d.u.i.k.p.i.AbstractProblemLoader Init config took 2.65s 
101180     INFO  main            d.u.i.k.p.i.AbstractProblemLoader Replaying proof replace1.key.proof 
101185     DEBUG main            d.u.i.k.p.i.IntermediateProofReplayer Proof replay took 3.35ms 
101186     DEBUG main            d.u.i.k.p.r.p.TestFile    ... success: reloaded. 
101186     INFO  main            d.u.i.k.p.r.p.TestFile    Now processing file /home/runner/work/key/key/key.core/../key.ui/examples/standard_key/strings/simpleAssignment.key 
101187     INFO  main            d.u.i.k.p.i.AbstractProblemLoader Loading environment from /home/runner/work/key/key/key.core/../key.ui/examples/standard_key/strings/simpleAssignment.key 
101187     DEBUG main            d.u.i.k.p.i.AbstractProblemLoader Environment load took 108.31ns 
101188     INFO  main            d.u.i.k.p.i.AbstractProblemLoader Creating init config 
103899     DEBUG main            d.u.i.k.p.i.AbstractProblemLoader Init config took 2.71s 
103917     INFO  main            d.u.i.k.p.i.AbstractProblemLoader Replaying proof simpleAssignment.key 
103918     DEBUG main            d.u.i.k.p.i.IntermediateProofReplayer Proof replay took 7.4ns 
104022     INFO  main            d.u.i.k.p.r.p.TestFile    ... finished proof: closed. 
104328     INFO  main            d.u.i.k.p.i.AbstractProblemLoader Loading environment from /home/runner/work/key/key/key.core/../key.ui/examples/standard_key/strings/simpleAssignment.key.proof 
104328     DEBUG main            d.u.i.k.p.i.AbstractProblemLoader Environment load took 130.01ns 
104330     INFO  main            d.u.i.k.p.i.AbstractProblemLoader Creating init config 
106959     DEBUG main            d.u.i.k.p.i.AbstractProblemLoader Init config took 2.63s 
106976     INFO  main            d.u.i.k.p.i.AbstractProblemLoader Replaying proof simpleAssignment.key.proof 
106980     DEBUG main            d.u.i.k.p.i.IntermediateProofReplayer Proof replay took 1.35ms 
106981     DEBUG main            d.u.i.k.p.r.p.TestFile    ... success: reloaded. 
106982     INFO  main            d.u.i.k.p.r.p.TestFile    Now processing file /home/runner/work/key/key/key.core/../key.ui/examples/standard_key/strings/simpleLengthComp.key 
106982     INFO  main            d.u.i.k.p.i.AbstractProblemLoader Loading environment from /home/runner/work/key/key/key.core/../key.ui/examples/standard_key/strings/simpleLengthComp.key 
106982     DEBUG main            d.u.i.k.p.i.AbstractProblemLoader Environment load took 188.41ns 
106983     INFO  main            d.u.i.k.p.i.AbstractProblemLoader Creating init config 
109730     DEBUG main            d.u.i.k.p.i.AbstractProblemLoader Init config took 2.75s 
109748     INFO  main            d.u.i.k.p.i.AbstractProblemLoader Replaying proof simpleLengthComp.key 
109751     DEBUG main            d.u.i.k.p.i.IntermediateProofReplayer Proof replay took 8.3ns 
109958     INFO  main            d.u.i.k.p.r.p.TestFile    ... finished proof: closed. 
110225     INFO  main            d.u.i.k.p.i.AbstractProblemLoader Loading environment from /home/runner/work/key/key/key.core/../key.ui/examples/standard_key/strings/simpleLengthComp.key.proof 
110225     DEBUG main            d.u.i.k.p.i.AbstractProblemLoader Environment load took 163.41ns 
110227     INFO  main            d.u.i.k.p.i.AbstractProblemLoader Creating init config 
112984     DEBUG main            d.u.i.k.p.i.AbstractProblemLoader Init config took 2.76s 
113012     INFO  main            d.u.i.k.p.i.AbstractProblemLoader Replaying proof simpleLengthComp.key.proof 
113053     DEBUG main            d.u.i.k.p.i.IntermediateProofReplayer Proof replay took 38.16ms 
113055     DEBUG main            d.u.i.k.p.r.p.TestFile    ... success: reloaded. 
113057     INFO  main            d.u.i.k.p.r.p.TestFile    Now processing file /home/runner/work/key/key/key.core/../key.ui/examples/standard_key/strings/stringCompileTimeConstant1.key 
113057     INFO  main            d.u.i.k.p.i.AbstractProblemLoader Loading environment from /home/runner/work/key/key/key.core/../key.ui/examples/standard_key/strings/stringCompileTimeConstant1.key 
113057     DEBUG main            d.u.i.k.p.i.AbstractProblemLoader Environment load took 198.61ns 
113058     INFO  main            d.u.i.k.p.i.AbstractProblemLoader Creating init config 
115776     DEBUG main            d.u.i.k.p.i.AbstractProblemLoader Init config took 2.72s 
115793     INFO  main            d.u.i.k.p.i.AbstractProblemLoader Replaying proof stringCompileTimeConstant1.key 
115794     DEBUG main            d.u.i.k.p.i.IntermediateProofReplayer Proof replay took 7.9ns 
115897     INFO  main            d.u.i.k.p.r.p.TestFile    ... finished proof: closed. 
116152     INFO  main            d.u.i.k.p.i.AbstractProblemLoader Loading environment from /home/runner/work/key/key/key.core/../key.ui/examples/standard_key/strings/stringCompileTimeConstant1.key.proof 
116152     DEBUG main            d.u.i.k.p.i.AbstractProblemLoader Environment load took 129.51ns 
116153     INFO  main            d.u.i.k.p.i.AbstractProblemLoader Creating init config 
118863     DEBUG main            d.u.i.k.p.i.AbstractProblemLoader Init config took 2.71s 
118894     INFO  main            d.u.i.k.p.i.AbstractProblemLoader Replaying proof stringCompileTimeConstant1.key.proof 
118899     DEBUG main            d.u.i.k.p.i.IntermediateProofReplayer Proof replay took 3.53ms 
118900     DEBUG main            d.u.i.k.p.r.p.TestFile    ... success: reloaded. 
118901     INFO  main            d.u.i.k.p.r.p.TestFile    Now processing file /home/runner/work/key/key/key.core/../key.ui/examples/standard_key/strings/stringCompileTimeConstant2.key 
118901     INFO  main            d.u.i.k.p.i.AbstractProblemLoader Loading environment from /home/runner/work/key/key/key.core/../key.ui/examples/standard_key/strings/stringCompileTimeConstant2.key 
118901     DEBUG main            d.u.i.k.p.i.AbstractProblemLoader Environment load took 111.91ns 
118902     INFO  main            d.u.i.k.p.i.AbstractProblemLoader Creating init config 
121926     DEBUG main            d.u.i.k.p.i.AbstractProblemLoader Init config took 3.02s 
121944     INFO  main            d.u.i.k.p.i.AbstractProblemLoader Replaying proof stringCompileTimeConstant2.key 
121946     DEBUG main            d.u.i.k.p.i.IntermediateProofReplayer Proof replay took 7.8ns 
124991     INFO  main            d.u.i.k.p.r.p.TestFile    ... finished proof: closed. 
125328     INFO  main            d.u.i.k.p.i.AbstractProblemLoader Loading environment from /home/runner/work/key/key/key.core/../key.ui/examples/standard_key/strings/stringCompileTimeConstant2.key.proof 
125329     DEBUG main            d.u.i.k.p.i.AbstractProblemLoader Environment load took 395.72ns 
125331     INFO  main            d.u.i.k.p.i.AbstractProblemLoader Creating init config 
128196     DEBUG main            d.u.i.k.p.i.AbstractProblemLoader Init config took 2.86s 
128216     INFO  main            d.u.i.k.p.i.AbstractProblemLoader Replaying proof stringCompileTimeConstant2.key.proof 
128519     DEBUG main            d.u.i.k.p.i.IntermediateProofReplayer Proof replay took 290.75ms 
128520     DEBUG main            d.u.i.k.p.r.p.TestFile    ... success: reloaded. 
128521     INFO  main            d.u.i.k.p.r.p.TestFile    Now processing file /home/runner/work/key/key/key.core/../key.ui/examples/standard_key/strings/stringEquality1.key 
128522     INFO  main            d.u.i.k.p.i.AbstractProblemLoader Loading environment from /home/runner/work/key/key/key.core/../key.ui/examples/standard_key/strings/stringEquality1.key 
128522     DEBUG main            d.u.i.k.p.i.AbstractProblemLoader Environment load took 100.91ns 
128524     INFO  main            d.u.i.k.p.i.AbstractProblemLoader Creating init config 
131189     DEBUG main            d.u.i.k.p.i.AbstractProblemLoader Init config took 2.67s 
131205     INFO  main            d.u.i.k.p.i.AbstractProblemLoader Replaying proof stringEquality1.key 
131206     DEBUG main            d.u.i.k.p.i.IntermediateProofReplayer Proof replay took 8.5ns 
131311     INFO  main            d.u.i.k.p.r.p.TestFile    ... finished proof: closed. 
131626     INFO  main            d.u.i.k.p.i.AbstractProblemLoader Loading environment from /home/runner/work/key/key/key.core/../key.ui/examples/standard_key/strings/stringEquality1.key.proof 
131626     DEBUG main            d.u.i.k.p.i.AbstractProblemLoader Environment load took 131.61ns 
131627     INFO  main            d.u.i.k.p.i.AbstractProblemLoader Creating init config 
134242     DEBUG main            d.u.i.k.p.i.AbstractProblemLoader Init config took 2.61s 
134260     INFO  main            d.u.i.k.p.i.AbstractProblemLoader Replaying proof stringEquality1.key.proof 
134268     DEBUG main            d.u.i.k.p.i.IntermediateProofReplayer Proof replay took 6.37ms 
134269     DEBUG main            d.u.i.k.p.r.p.TestFile    ... success: reloaded. 
134270     INFO  main            d.u.i.k.p.r.p.TestFile    Now processing file /home/runner/work/key/key/key.core/../key.ui/examples/standard_key/strings/stringEquality2.key 
134270     INFO  main            d.u.i.k.p.i.AbstractProblemLoader Loading environment from /home/runner/work/key/key/key.core/../key.ui/examples/standard_key/strings/stringEquality2.key 
134271     DEBUG main            d.u.i.k.p.i.AbstractProblemLoader Environment load took 198.01ns 
134272     INFO  main            d.u.i.k.p.i.AbstractProblemLoader Creating init config 
137072     DEBUG main            d.u.i.k.p.i.AbstractProblemLoader Init config took 2.8s 
137088     INFO  main            d.u.i.k.p.i.AbstractProblemLoader Replaying proof stringEquality2.key 
137089     DEBUG main            d.u.i.k.p.i.IntermediateProofReplayer Proof replay took 8ns 
137495     INFO  main            d.u.i.k.p.r.p.TestFile    ... finished proof: closed. 
137803     INFO  main            d.u.i.k.p.i.AbstractProblemLoader Loading environment from /home/runner/work/key/key/key.core/../key.ui/examples/standard_key/strings/stringEquality2.key.proof 
137804     DEBUG main            d.u.i.k.p.i.AbstractProblemLoader Environment load took 363.42ns 
137805     INFO  main            d.u.i.k.p.i.AbstractProblemLoader Creating init config 
140463     DEBUG main            d.u.i.k.p.i.AbstractProblemLoader Init config took 2.66s 
140479     INFO  main            d.u.i.k.p.i.AbstractProblemLoader Replaying proof stringEquality2.key.proof 
140505     DEBUG main            d.u.i.k.p.i.IntermediateProofReplayer Proof replay took 20.97ms 
140506     DEBUG main            d.u.i.k.p.r.p.TestFile    ... success: reloaded. 
140506     INFO  main            d.u.i.k.p.r.p.TestFile    Now processing file /home/runner/work/key/key/key.core/../key.ui/examples/standard_key/strings/substring0.key 
140507     INFO  main            d.u.i.k.p.i.AbstractProblemLoader Loading environment from /home/runner/work/key/key/key.core/../key.ui/examples/standard_key/strings/substring0.key 
140507     DEBUG main            d.u.i.k.p.i.AbstractProblemLoader Environment load took 82.41ns 
140508     INFO  main            d.u.i.k.p.i.AbstractProblemLoader Creating init config 
143223     DEBUG main            d.u.i.k.p.i.AbstractProblemLoader Init config took 2.72s 
143239     INFO  main            d.u.i.k.p.i.AbstractProblemLoader Replaying proof substring0.key 
143240     DEBUG main            d.u.i.k.p.i.IntermediateProofReplayer Proof replay took 7.2ns 
143346     INFO  main            d.u.i.k.p.r.p.TestFile    ... finished proof: closed. 
143647     INFO  main            d.u.i.k.p.i.AbstractProblemLoader Loading environment from /home/runner/work/key/key/key.core/../key.ui/examples/standard_key/strings/substring0.key.proof 
143647     DEBUG main            d.u.i.k.p.i.AbstractProblemLoader Environment load took 112.51ns 
143649     INFO  main            d.u.i.k.p.i.AbstractProblemLoader Creating init config 
146293     DEBUG main            d.u.i.k.p.i.AbstractProblemLoader Init config took 2.64s 
146310     INFO  main            d.u.i.k.p.i.AbstractProblemLoader Replaying proof substring0.key.proof 
146312     DEBUG main            d.u.i.k.p.i.IntermediateProofReplayer Proof replay took 468.63ns 
146313     DEBUG main            d.u.i.k.p.r.p.TestFile    ... success: reloaded. 
146314     INFO  main            d.u.i.k.p.r.p.TestFile    Now processing file /home/runner/work/key/key/key.core/../key.ui/examples/standard_key/strings/substring1.key 
146314     INFO  main            d.u.i.k.p.i.AbstractProblemLoader Loading environment from /home/runner/work/key/key/key.core/../key.ui/examples/standard_key/strings/substring1.key 
146314     DEBUG main            d.u.i.k.p.i.AbstractProblemLoader Environment load took 65ns 
146315     INFO  main            d.u.i.k.p.i.AbstractProblemLoader Creating init config 
149024     DEBUG main            d.u.i.k.p.i.AbstractProblemLoader Init config took 2.71s 
149040     INFO  main            d.u.i.k.p.i.AbstractProblemLoader Replaying proof substring1.key 
149041     DEBUG main            d.u.i.k.p.i.IntermediateProofReplayer Proof replay took 8.9ns 
149143     INFO  main            d.u.i.k.p.r.p.TestFile    ... finished proof: closed. 
149439     INFO  main            d.u.i.k.p.i.AbstractProblemLoader Loading environment from /home/runner/work/key/key/key.core/../key.ui/examples/standard_key/strings/substring1.key.proof 
149439     DEBUG main            d.u.i.k.p.i.AbstractProblemLoader Environment load took 108.81ns 
149440     INFO  main            d.u.i.k.p.i.AbstractProblemLoader Creating init config 
152104     DEBUG main            d.u.i.k.p.i.AbstractProblemLoader Init config took 2.66s 
152119     INFO  main            d.u.i.k.p.i.AbstractProblemLoader Replaying proof substring1.key.proof 
152121     DEBUG main            d.u.i.k.p.i.IntermediateProofReplayer Proof replay took 474.22ns 
152122     DEBUG main            d.u.i.k.p.r.p.TestFile    ... success: reloaded. 
152123     INFO  main            d.u.i.k.p.r.p.TestFile    Now processing file /home/runner/work/key/key/key.core/../key.ui/examples/standard_key/strings/substring2.key 
152123     INFO  main            d.u.i.k.p.i.AbstractProblemLoader Loading environment from /home/runner/work/key/key/key.core/../key.ui/examples/standard_key/strings/substring2.key 
152123     DEBUG main            d.u.i.k.p.i.AbstractProblemLoader Environment load took 59.7ns 
152125     INFO  main            d.u.i.k.p.i.AbstractProblemLoader Creating init config 
154826     DEBUG main            d.u.i.k.p.i.AbstractProblemLoader Init config took 2.7s 
154846     INFO  main            d.u.i.k.p.i.AbstractProblemLoader Replaying proof substring2.key 
154847     DEBUG main            d.u.i.k.p.i.IntermediateProofReplayer Proof replay took 9.2ns 
154950     INFO  main            d.u.i.k.p.r.p.TestFile    ... finished proof: closed. 
155243     INFO  main            d.u.i.k.p.i.AbstractProblemLoader Loading environment from /home/runner/work/key/key/key.core/../key.ui/examples/standard_key/strings/substring2.key.proof 
155243     DEBUG main            d.u.i.k.p.i.AbstractProblemLoader Environment load took 108.81ns 
155244     INFO  main            d.u.i.k.p.i.AbstractProblemLoader Creating init config 
157874     DEBUG main            d.u.i.k.p.i.AbstractProblemLoader Init config took 2.63s 
157889     INFO  main            d.u.i.k.p.i.AbstractProblemLoader Replaying proof substring2.key.proof 
157892     DEBUG main            d.u.i.k.p.i.IntermediateProofReplayer Proof replay took 833.05ns 
157893     DEBUG main            d.u.i.k.p.r.p.TestFile    ... success: reloaded. 
157894     INFO  main            d.u.i.k.p.r.p.TestFile    Now processing file /home/runner/work/key/key/key.core/../key.ui/examples/standard_key/strings/substring3.key 
157894     INFO  main            d.u.i.k.p.i.AbstractProblemLoader Loading environment from /home/runner/work/key/key/key.core/../key.ui/examples/standard_key/strings/substring3.key 
157894     DEBUG main            d.u.i.k.p.i.AbstractProblemLoader Environment load took 119.11ns 
157895     INFO  main            d.u.i.k.p.i.AbstractProblemLoader Creating init config 
160586     DEBUG main            d.u.i.k.p.i.AbstractProblemLoader Init config took 2.69s 
160602     INFO  main            d.u.i.k.p.i.AbstractProblemLoader Replaying proof substring3.key 
160603     DEBUG main            d.u.i.k.p.i.IntermediateProofReplayer Proof replay took 17.5ns 
160705     INFO  main            d.u.i.k.p.r.p.TestFile    ... finished proof: closed. 
160999     INFO  main            d.u.i.k.p.i.AbstractProblemLoader Loading environment from /home/runner/work/key/key/key.core/../key.ui/examples/standard_key/strings/substring3.key.proof 
160999     DEBUG main            d.u.i.k.p.i.AbstractProblemLoader Environment load took 117.51ns 
161000     INFO  main            d.u.i.k.p.i.AbstractProblemLoader Creating init config 
163646     DEBUG main            d.u.i.k.p.i.AbstractProblemLoader Init config took 2.65s 
163662     INFO  main            d.u.i.k.p.i.AbstractProblemLoader Replaying proof substring3.key.proof 
163665     DEBUG main            d.u.i.k.p.i.IntermediateProofReplayer Proof replay took 1.86ms 
163666     DEBUG main            d.u.i.k.p.r.p.TestFile    ... success: reloaded. 
163667     INFO  main            d.u.i.k.p.r.p.TestFile    Now processing file /home/runner/work/key/key/key.core/../key.ui/examples/standard_key/strings/substring4.key 
163667     INFO  main            d.u.i.k.p.i.AbstractProblemLoader Loading environment from /home/runner/work/key/key/key.core/../key.ui/examples/standard_key/strings/substring4.key 
163667     DEBUG main            d.u.i.k.p.i.AbstractProblemLoader Environment load took 256.81ns 
163669     INFO  main            d.u.i.k.p.i.AbstractProblemLoader Creating init config 
166302     DEBUG main            d.u.i.k.p.i.AbstractProblemLoader Init config took 2.63s 
166318     INFO  main            d.u.i.k.p.i.AbstractProblemLoader Replaying proof substring4.key 
166319     DEBUG main            d.u.i.k.p.i.IntermediateProofReplayer Proof replay took 8.1ns 
166422     INFO  main            d.u.i.k.p.r.p.TestFile    ... finished proof: closed. 
166731     INFO  main            d.u.i.k.p.i.AbstractProblemLoader Loading environment from /home/runner/work/key/key/key.core/../key.ui/examples/standard_key/strings/substring4.key.proof 
166731     DEBUG main            d.u.i.k.p.i.AbstractProblemLoader Environment load took 128.51ns 
166733     INFO  main            d.u.i.k.p.i.AbstractProblemLoader Creating init config 
169384     DEBUG main            d.u.i.k.p.i.AbstractProblemLoader Init config took 2.65s 
169402     INFO  main            d.u.i.k.p.i.AbstractProblemLoader Replaying proof substring4.key.proof 
169408     DEBUG main            d.u.i.k.p.i.IntermediateProofReplayer Proof replay took 2.22ms 
169409     DEBUG main            d.u.i.k.p.r.p.TestFile    ... success: reloaded. 
169411     INFO  main            d.u.i.k.p.r.p.TestFile    Now processing file /home/runner/work/key/key/key.core/../key.ui/examples/standard_key/strings/substring5.key 
169411     INFO  main            d.u.i.k.p.i.AbstractProblemLoader Loading environment from /home/runner/work/key/key/key.core/../key.ui/examples/standard_key/strings/substring5.key 
169411     DEBUG main            d.u.i.k.p.i.AbstractProblemLoader Environment load took 183.01ns 
169412     INFO  main            d.u.i.k.p.i.AbstractProblemLoader Creating init config 
172187     DEBUG main            d.u.i.k.p.i.AbstractProblemLoader Init config took 2.78s 
172206     INFO  main            d.u.i.k.p.i.AbstractProblemLoader Replaying proof substring5.key 
172207     DEBUG main            d.u.i.k.p.i.IntermediateProofReplayer Proof replay took 8.4ns 
172510     INFO  main            d.u.i.k.p.r.p.TestFile    ... finished proof: closed. 
172859     INFO  main            d.u.i.k.p.i.AbstractProblemLoader Loading environment from /home/runner/work/key/key/key.core/../key.ui/examples/standard_key/strings/substring5.key.proof 
172859     DEBUG main            d.u.i.k.p.i.AbstractProblemLoader Environment load took 109.21ns 
172860     INFO  main            d.u.i.k.p.i.AbstractProblemLoader Creating init config 
175553     DEBUG main            d.u.i.k.p.i.AbstractProblemLoader Init config took 2.69s 
175569     INFO  main            d.u.i.k.p.i.AbstractProblemLoader Replaying proof substring5.key.proof 
175588     DEBUG main            d.u.i.k.p.i.IntermediateProofReplayer Proof replay took 15.41ms 
175589     DEBUG main            d.u.i.k.p.r.p.TestFile    ... success: reloaded. 
4633342    INFO  Test worker     d.u.i.k.p.r.RunAllProofsTestUnit Returning from test strings 
4633343    INFO  Test worker     d.u.i.k.p.r.RunAllProofsTestUnit Running test simple_info_flow 
385        INFO  Timeout watchdog d.u.i.k.p.r.p.ForkedTestFileRunner Timeout watcher launched (2000 secs.) 
415        WARN  main            d.u.i.k.s.ProofSettings   The settings in /home/runner/.key/proof-settings.props are *not* read. 
448        INFO  main            d.u.i.k.p.r.p.TestFile    Now processing file /home/runner/work/key/key/key.core/../key.ui/examples/heap/information_flow/UpdateAbstraction_ex7_1_insecure.key 
578        INFO  main            d.u.i.k.p.i.AbstractProblemLoader Loading environment from /home/runner/work/key/key/key.core/../key.ui/examples/heap/information_flow/UpdateAbstraction_ex7_1_insecure.key 
600        DEBUG main            d.u.i.k.p.i.AbstractProblemLoader Environment load took 2.49ms 
880        INFO  main            d.u.i.k.p.i.AbstractProblemLoader Creating init config 
1845       DEBUG main            d.u.i.k.j.TypeConverter   No LDT found for Meta 
1847       DEBUG main            d.u.i.k.j.TypeConverter   No LDT found for Meta 
1850       DEBUG main            d.u.i.k.j.TypeConverter   No LDT found for Meta 
1851       DEBUG main            d.u.i.k.j.TypeConverter   No LDT found for Meta 
3366       DEBUG main            d.u.i.k.j.TypeConverter   No LDT found for JavaBigintExpression 
9641       DEBUG main            d.u.i.k.p.i.AbstractProblemLoader Init config took 8.76s 
9824       INFO  main            d.u.i.k.p.i.AbstractProblemLoader Replaying proof UpdateAbstraction[UpdateAbstraction::ex7_1_insecure()].JML operation contract.0 
9962       DEBUG main            d.u.i.k.p.i.IntermediateProofReplayer Proof replay took 41.7ns 
10717      INFO  main            d.u.i.k.p.r.p.TestFile    ... finished proof: open goal(s) 
10841      INFO  main            d.u.i.k.p.r.p.TestFile    Now processing file /home/runner/work/key/key/key.core/../key.ui/examples/heap/information_flow/UpdateAbstraction_ex7_2_insecure.key 
10841      INFO  main            d.u.i.k.p.i.AbstractProblemLoader Loading environment from /home/runner/work/key/key/key.core/../key.ui/examples/heap/information_flow/UpdateAbstraction_ex7_2_insecure.key 
10841      DEBUG main            d.u.i.k.p.i.AbstractProblemLoader Environment load took 117.21ns 
10845      INFO  main            d.u.i.k.p.i.AbstractProblemLoader Creating init config 
14435      DEBUG main            d.u.i.k.p.i.AbstractProblemLoader Init config took 3.59s 
14503      INFO  main            d.u.i.k.p.i.AbstractProblemLoader Replaying proof UpdateAbstraction[UpdateAbstraction::ex7_2_insecure()].JML operation contract.0 
14505      DEBUG main            d.u.i.k.p.i.IntermediateProofReplayer Proof replay took 7.6ns 
14915      INFO  main            d.u.i.k.p.r.p.TestFile    ... finished proof: open goal(s) 
4648595    INFO  Test worker     d.u.i.k.p.r.RunAllProofsTestUnit Returning from test simple_info_flow 
4648596    INFO  Test worker     d.u.i.k.p.r.RunAllProofsTestUnit Running test modelMethods 
394        INFO  Timeout watchdog d.u.i.k.p.r.p.ForkedTestFileRunner Timeout watcher launched (2000 secs.) 
405        WARN  main            d.u.i.k.s.ProofSettings   The settings in /home/runner/.key/proof-settings.props are *not* read. 
440        INFO  main            d.u.i.k.p.r.p.TestFile    Now processing file /home/runner/work/key/key/key.core/../key.ui/examples/heap/model_methods/Cell_footprint_acc.key 
564        INFO  main            d.u.i.k.p.i.AbstractProblemLoader Loading environment from /home/runner/work/key/key/key.core/../key.ui/examples/heap/model_methods/Cell_footprint_acc.key 
583        DEBUG main            d.u.i.k.p.i.AbstractProblemLoader Environment load took 2.1ms 
833        INFO  main            d.u.i.k.p.i.AbstractProblemLoader Creating init config 
1824       DEBUG main            d.u.i.k.j.TypeConverter   No LDT found for Meta 
1824       DEBUG main            d.u.i.k.j.TypeConverter   No LDT found for Meta 
1826       DEBUG main            d.u.i.k.j.TypeConverter   No LDT found for Meta 
1826       DEBUG main            d.u.i.k.j.TypeConverter   No LDT found for Meta 
3564       DEBUG main            d.u.i.k.j.TypeConverter   No LDT found for JavaBigintExpression 
10023      DEBUG main            d.u.i.k.p.i.AbstractProblemLoader Init config took 9.19s 
10173      INFO  main            d.u.i.k.p.i.AbstractProblemLoader Replaying proof Cell[Cell::footprint()].JML accessible clause.0 
10212      DEBUG main            d.u.i.k.p.i.IntermediateProofReplayer Proof replay took 39.3ns 
10658      INFO  main            d.u.i.k.p.r.p.TestFile    ... finished proof: closed. 
10775      INFO  main            d.u.i.k.p.i.AbstractProblemLoader Loading environment from /home/runner/work/key/key/key.core/../key.ui/examples/heap/model_methods/Cell_footprint_acc.key.proof 
10776      DEBUG main            d.u.i.k.p.i.AbstractProblemLoader Environment load took 1.02ms 
10780      INFO  main            d.u.i.k.p.i.AbstractProblemLoader Creating init config 
14439      DEBUG main            d.u.i.k.p.i.AbstractProblemLoader Init config took 3.66s 
14519      INFO  main            d.u.i.k.p.i.AbstractProblemLoader Replaying proof Cell[Cell::footprint()].JML accessible clause.0 
14541      DEBUG main            d.u.i.k.p.i.IntermediateProofReplayer Proof replay took 16.92ms 
14548      DEBUG main            d.u.i.k.p.r.p.TestFile    ... success: reloaded. 
14550      INFO  main            d.u.i.k.p.r.p.TestFile    Now processing file /home/runner/work/key/key/key.core/../key.ui/examples/heap/model_methods/Cell_footprint.key 
14550      INFO  main            d.u.i.k.p.i.AbstractProblemLoader Loading environment from /home/runner/work/key/key/key.core/../key.ui/examples/heap/model_methods/Cell_footprint.key 
14551      DEBUG main            d.u.i.k.p.i.AbstractProblemLoader Environment load took 225.21ns 
14552      INFO  main            d.u.i.k.p.i.AbstractProblemLoader Creating init config 
17965      DEBUG main            d.u.i.k.p.i.AbstractProblemLoader Init config took 3.41s 
18056      INFO  main            d.u.i.k.p.i.AbstractProblemLoader Replaying proof Cell[Cell::footprint()].JML model_behavior operation contract.0 
18059      DEBUG main            d.u.i.k.p.i.IntermediateProofReplayer Proof replay took 8.2ns 
18162      INFO  main            d.u.i.k.p.r.p.TestFile    ... finished proof: closed. 
18309      INFO  main            d.u.i.k.p.i.AbstractProblemLoader Loading environment from /home/runner/work/key/key/key.core/../key.ui/examples/heap/model_methods/Cell_footprint.key.proof 
18309      DEBUG main            d.u.i.k.p.i.AbstractProblemLoader Environment load took 151.61ns 
18311      INFO  main            d.u.i.k.p.i.AbstractProblemLoader Creating init config 
21655      DEBUG main            d.u.i.k.p.i.AbstractProblemLoader Init config took 3.34s 
21721      INFO  main            d.u.i.k.p.i.AbstractProblemLoader Replaying proof Cell[Cell::footprint()].JML model_behavior operation contract.0 
21734      DEBUG main            d.u.i.k.p.i.IntermediateProofReplayer Proof replay took 9.77ms 
21735      DEBUG main            d.u.i.k.p.r.p.TestFile    ... success: reloaded. 
21737      INFO  main            d.u.i.k.p.r.p.TestFile    Now processing file /home/runner/work/key/key/key.core/../key.ui/examples/heap/model_methods/Cell_get_acc.key 
21737      INFO  main            d.u.i.k.p.i.AbstractProblemLoader Loading environment from /home/runner/work/key/key/key.core/../key.ui/examples/heap/model_methods/Cell_get_acc.key 
21737      DEBUG main            d.u.i.k.p.i.AbstractProblemLoader Environment load took 204.31ns 
21739      INFO  main            d.u.i.k.p.i.AbstractProblemLoader Creating init config 
25081      DEBUG main            d.u.i.k.p.i.AbstractProblemLoader Init config took 3.34s 
25138      INFO  main            d.u.i.k.p.i.AbstractProblemLoader Replaying proof Cell[Cell::get()].JML accessible clause.0 
25141      DEBUG main            d.u.i.k.p.i.IntermediateProofReplayer Proof replay took 8.8ns 
25452      INFO  main            d.u.i.k.p.r.p.TestFile    ... finished proof: closed. 
25603      INFO  main            d.u.i.k.p.i.AbstractProblemLoader Loading environment from /home/runner/work/key/key/key.core/../key.ui/examples/heap/model_methods/Cell_get_acc.key.proof 
25605      DEBUG main            d.u.i.k.p.i.AbstractProblemLoader Environment load took 2.23ms 
25607      INFO  main            d.u.i.k.p.i.AbstractProblemLoader Creating init config 
28956      DEBUG main            d.u.i.k.p.i.AbstractProblemLoader Init config took 3.35s 
29021      INFO  main            d.u.i.k.p.i.AbstractProblemLoader Replaying proof Cell[Cell::get()].JML accessible clause.0 
29060      DEBUG main            d.u.i.k.p.i.IntermediateProofReplayer Proof replay took 35.96ms 
29062      DEBUG main            d.u.i.k.p.r.p.TestFile    ... success: reloaded. 
29063      INFO  main            d.u.i.k.p.r.p.TestFile    Now processing file /home/runner/work/key/key/key.core/../key.ui/examples/heap/model_methods/Cell_get.key 
29063      INFO  main            d.u.i.k.p.i.AbstractProblemLoader Loading environment from /home/runner/work/key/key/key.core/../key.ui/examples/heap/model_methods/Cell_get.key 
29064      DEBUG main            d.u.i.k.p.i.AbstractProblemLoader Environment load took 197.31ns 
29065      INFO  main            d.u.i.k.p.i.AbstractProblemLoader Creating init config 
32438      DEBUG main            d.u.i.k.p.i.AbstractProblemLoader Init config took 3.37s 
32499      INFO  main            d.u.i.k.p.i.AbstractProblemLoader Replaying proof Cell[Cell::get()].JML operation contract.0 
32501      DEBUG main            d.u.i.k.p.i.IntermediateProofReplayer Proof replay took 6.9ns 
32606      INFO  main            d.u.i.k.p.r.p.TestFile    ... finished proof: closed. 
32751      INFO  main            d.u.i.k.p.i.AbstractProblemLoader Loading environment from /home/runner/work/key/key/key.core/../key.ui/examples/heap/model_methods/Cell_get.key.proof 
32751      DEBUG main            d.u.i.k.p.i.AbstractProblemLoader Environment load took 139.31ns 
32752      INFO  main            d.u.i.k.p.i.AbstractProblemLoader Creating init config 
35987      DEBUG main            d.u.i.k.p.i.AbstractProblemLoader Init config took 3.23s 
36041      INFO  main            d.u.i.k.p.i.AbstractProblemLoader Replaying proof Cell[Cell::get()].JML operation contract.0 
36076      DEBUG main            d.u.i.k.p.i.IntermediateProofReplayer Proof replay took 32.23ms 
36077      DEBUG main            d.u.i.k.p.r.p.TestFile    ... success: reloaded. 
36080      INFO  main            d.u.i.k.p.r.p.TestFile    Now processing file /home/runner/work/key/key/key.core/../key.ui/examples/heap/model_methods/Cell_post_set.key 
36080      INFO  main            d.u.i.k.p.i.AbstractProblemLoader Loading environment from /home/runner/work/key/key/key.core/../key.ui/examples/heap/model_methods/Cell_post_set.key 
36080      DEBUG main            d.u.i.k.p.i.AbstractProblemLoader Environment load took 209.11ns 
36082      INFO  main            d.u.i.k.p.i.AbstractProblemLoader Creating init config 
39345      DEBUG main            d.u.i.k.p.i.AbstractProblemLoader Init config took 3.26s 
39399      INFO  main            d.u.i.k.p.i.AbstractProblemLoader Replaying proof Cell[Cell::post_set(int)].JML model_behavior operation contract.0 
39401      DEBUG main            d.u.i.k.p.i.IntermediateProofReplayer Proof replay took 7ns 
39504      INFO  main            d.u.i.k.p.r.p.TestFile    ... finished proof: closed. 
39686      INFO  main            d.u.i.k.p.i.AbstractProblemLoader Loading environment from /home/runner/work/key/key/key.core/../key.ui/examples/heap/model_methods/Cell_post_set.key.proof 
39687      DEBUG main            d.u.i.k.p.i.AbstractProblemLoader Environment load took 144.31ns 
39688      INFO  main            d.u.i.k.p.i.AbstractProblemLoader Creating init config 
42886      DEBUG main            d.u.i.k.p.i.AbstractProblemLoader Init config took 3.2s 
42957      INFO  main            d.u.i.k.p.i.AbstractProblemLoader Replaying proof Cell[Cell::post_set(int)].JML model_behavior operation contract.0 
42966      DEBUG main            d.u.i.k.p.i.IntermediateProofReplayer Proof replay took 6.9ms 
42967      DEBUG main            d.u.i.k.p.r.p.TestFile    ... success: reloaded. 
42968      INFO  main            d.u.i.k.p.r.p.TestFile    Now processing file /home/runner/work/key/key/key.core/../key.ui/examples/heap/model_methods/Cell_set.key 
42969      INFO  main            d.u.i.k.p.i.AbstractProblemLoader Loading environment from /home/runner/work/key/key/key.core/../key.ui/examples/heap/model_methods/Cell_set.key 
42969      DEBUG main            d.u.i.k.p.i.AbstractProblemLoader Environment load took 205.41ns 
42970      INFO  main            d.u.i.k.p.i.AbstractProblemLoader Creating init config 
46260      DEBUG main            d.u.i.k.p.i.AbstractProblemLoader Init config took 3.29s 
46331      INFO  main            d.u.i.k.p.i.AbstractProblemLoader Replaying proof Cell[Cell::set(int)].JML operation contract.0 
46336      DEBUG main            d.u.i.k.p.i.IntermediateProofReplayer Proof replay took 8.3ns 
53372      INFO  main            d.u.i.k.p.r.p.TestFile    ... finished proof: closed. 
53621      INFO  main            d.u.i.k.p.i.AbstractProblemLoader Loading environment from /home/runner/work/key/key/key.core/../key.ui/examples/heap/model_methods/Cell_set.key.proof 
53626      DEBUG main            d.u.i.k.p.i.AbstractProblemLoader Environment load took 5.16ms 
53628      INFO  main            d.u.i.k.p.i.AbstractProblemLoader Creating init config 
56907      DEBUG main            d.u.i.k.p.i.AbstractProblemLoader Init config took 3.28s 
56965      INFO  main            d.u.i.k.p.i.AbstractProblemLoader Replaying proof Cell[Cell::set(int)].JML operation contract.0 
57472      DEBUG main            d.u.i.k.p.i.IntermediateProofReplayer Proof replay took 487.73ms 
57474      DEBUG main            d.u.i.k.p.r.p.TestFile    ... success: reloaded. 
57476      INFO  main            d.u.i.k.p.r.p.TestFile    Now processing file /home/runner/work/key/key/key.core/../key.ui/examples/heap/model_methods/CellTest_callSet.key 
57476      INFO  main            d.u.i.k.p.i.AbstractProblemLoader Loading environment from /home/runner/work/key/key/key.core/../key.ui/examples/heap/model_methods/CellTest_callSet.key 
57476      DEBUG main            d.u.i.k.p.i.AbstractProblemLoader Environment load took 155.51ns 
57477      INFO  main            d.u.i.k.p.i.AbstractProblemLoader Creating init config 
60655      DEBUG main            d.u.i.k.p.i.AbstractProblemLoader Init config took 3.18s 
60704      INFO  main            d.u.i.k.p.i.AbstractProblemLoader Replaying proof CellTest[CellTest::callSet(Cell,int)].JML operation contract.0 
60706      DEBUG main            d.u.i.k.p.i.IntermediateProofReplayer Proof replay took 9.1ns 
60912      INFO  main            d.u.i.k.p.r.p.TestFile    ... finished proof: closed. 
61114      INFO  main            d.u.i.k.p.i.AbstractProblemLoader Loading environment from /home/runner/work/key/key/key.core/../key.ui/examples/heap/model_methods/CellTest_callSet.key.proof 
61115      DEBUG main            d.u.i.k.p.i.AbstractProblemLoader Environment load took 141.61ns 
61116      INFO  main            d.u.i.k.p.i.AbstractProblemLoader Creating init config 
64268      DEBUG main            d.u.i.k.p.i.AbstractProblemLoader Init config took 3.15s 
64319      INFO  main            d.u.i.k.p.i.AbstractProblemLoader Replaying proof CellTest[CellTest::callSet(Cell,int)].JML operation contract.0 
64366      DEBUG main            d.u.i.k.p.i.IntermediateProofReplayer Proof replay took 44.16ms 
64367      DEBUG main            d.u.i.k.p.r.p.TestFile    ... success: reloaded. 
64368      INFO  main            d.u.i.k.p.r.p.TestFile    Now processing file /home/runner/work/key/key/key.core/../key.ui/examples/heap/model_methods/CellTest_test2.key 
64368      INFO  main            d.u.i.k.p.i.AbstractProblemLoader Loading environment from /home/runner/work/key/key/key.core/../key.ui/examples/heap/model_methods/CellTest_test2.key 
64369      DEBUG main            d.u.i.k.p.i.AbstractProblemLoader Environment load took 110.71ns 
64370      INFO  main            d.u.i.k.p.i.AbstractProblemLoader Creating init config 
67632      DEBUG main            d.u.i.k.p.i.AbstractProblemLoader Init config took 3.26s 
67680      INFO  main            d.u.i.k.p.i.AbstractProblemLoader Replaying proof CellTest[CellTest::test2(Cell)].JML operation contract.0 
67682      DEBUG main            d.u.i.k.p.i.IntermediateProofReplayer Proof replay took 8.6ns 
67987      INFO  main            d.u.i.k.p.r.p.TestFile    ... finished proof: closed. 
68183      INFO  main            d.u.i.k.p.i.AbstractProblemLoader Loading environment from /home/runner/work/key/key/key.core/../key.ui/examples/heap/model_methods/CellTest_test2.key.proof 
68185      DEBUG main            d.u.i.k.p.i.AbstractProblemLoader Environment load took 2.78ms 
68187      INFO  main            d.u.i.k.p.i.AbstractProblemLoader Creating init config 
71449      DEBUG main            d.u.i.k.p.i.AbstractProblemLoader Init config took 3.26s 
71507      INFO  main            d.u.i.k.p.i.AbstractProblemLoader Replaying proof CellTest[CellTest::test2(Cell)].JML operation contract.0 
71584      DEBUG main            d.u.i.k.p.i.IntermediateProofReplayer Proof replay took 74.24ms 
71585      DEBUG main            d.u.i.k.p.r.p.TestFile    ... success: reloaded. 
71587      INFO  main            d.u.i.k.p.r.p.TestFile    Now processing file /home/runner/work/key/key/key.core/../key.ui/examples/heap/model_methods/CellTest_test.key 
71587      INFO  main            d.u.i.k.p.i.AbstractProblemLoader Loading environment from /home/runner/work/key/key/key.core/../key.ui/examples/heap/model_methods/CellTest_test.key 
71587      DEBUG main            d.u.i.k.p.i.AbstractProblemLoader Environment load took 194.11ns 
71589      INFO  main            d.u.i.k.p.i.AbstractProblemLoader Creating init config 
74850      DEBUG main            d.u.i.k.p.i.AbstractProblemLoader Init config took 3.26s 
74926      INFO  main            d.u.i.k.p.i.AbstractProblemLoader Replaying proof CellTest[CellTest::test(Recell)].JML operation contract.0 
74927      DEBUG main            d.u.i.k.p.i.IntermediateProofReplayer Proof replay took 7.7ns 
76941      INFO  main            d.u.i.k.p.r.p.TestFile    ... finished proof: closed. 
77192      INFO  main            d.u.i.k.p.i.AbstractProblemLoader Loading environment from /home/runner/work/key/key/key.core/../key.ui/examples/heap/model_methods/CellTest_test.key.proof 
77193      DEBUG main            d.u.i.k.p.i.AbstractProblemLoader Environment load took 1ms 
77195      INFO  main            d.u.i.k.p.i.AbstractProblemLoader Creating init config 
80323      DEBUG main            d.u.i.k.p.i.AbstractProblemLoader Init config took 3.13s 
80380      INFO  main            d.u.i.k.p.i.AbstractProblemLoader Replaying proof CellTest[CellTest::test(Recell)].JML operation contract.0 
80850      DEBUG main            d.u.i.k.p.i.IntermediateProofReplayer Proof replay took 453.5ms 
80851      DEBUG main            d.u.i.k.p.r.p.TestFile    ... success: reloaded. 
80853      INFO  main            d.u.i.k.p.r.p.TestFile    Now processing file /home/runner/work/key/key/key.core/../key.ui/examples/heap/model_methods/Coll1_add.key 
80853      INFO  main            d.u.i.k.p.i.AbstractProblemLoader Loading environment from /home/runner/work/key/key/key.core/../key.ui/examples/heap/model_methods/Coll1_add.key 
80853      DEBUG main            d.u.i.k.p.i.AbstractProblemLoader Environment load took 217.91ns 
80855      INFO  main            d.u.i.k.p.i.AbstractProblemLoader Creating init config 
83970      DEBUG main            d.u.i.k.p.i.AbstractProblemLoader Init config took 3.12s 
84016      INFO  main            d.u.i.k.p.i.AbstractProblemLoader Replaying proof Coll1[Coll::add(int)].JML operation contract.0 
84018      DEBUG main            d.u.i.k.p.i.IntermediateProofReplayer Proof replay took 7.6ns 
84122      INFO  main            d.u.i.k.p.r.p.TestFile    ... finished proof: closed. 
84346      INFO  main            d.u.i.k.p.i.AbstractProblemLoader Loading environment from /home/runner/work/key/key/key.core/../key.ui/examples/heap/model_methods/Coll1_add.key.proof 
84346      DEBUG main            d.u.i.k.p.i.AbstractProblemLoader Environment load took 130.41ns 
84347      INFO  main            d.u.i.k.p.i.AbstractProblemLoader Creating init config 
87532      DEBUG main            d.u.i.k.p.i.AbstractProblemLoader Init config took 3.18s 
87581      INFO  main            d.u.i.k.p.i.AbstractProblemLoader Replaying proof Coll1[Coll::add(int)].JML operation contract.0 
87590      DEBUG main            d.u.i.k.p.i.IntermediateProofReplayer Proof replay took 7.25ms 
87591      DEBUG main            d.u.i.k.p.r.p.TestFile    ... success: reloaded. 
87592      INFO  main            d.u.i.k.p.r.p.TestFile    Now processing file /home/runner/work/key/key/key.core/../key.ui/examples/heap/model_methods/Coll1_Coll1_add_pre.key 
87592      INFO  main            d.u.i.k.p.i.AbstractProblemLoader Loading environment from /home/runner/work/key/key/key.core/../key.ui/examples/heap/model_methods/Coll1_Coll1_add_pre.key 
87593      DEBUG main            d.u.i.k.p.i.AbstractProblemLoader Environment load took 146.71ns 
87593      INFO  main            d.u.i.k.p.i.AbstractProblemLoader Creating init config 
90878      DEBUG main            d.u.i.k.p.i.AbstractProblemLoader Init config took 3.28s 
90923      INFO  main            d.u.i.k.p.i.AbstractProblemLoader Replaying proof Coll1[Coll1::add_pre(int)].JML model_behavior operation contract.0 
90925      DEBUG main            d.u.i.k.p.i.IntermediateProofReplayer Proof replay took 7.2ns 
91027      INFO  main            d.u.i.k.p.r.p.TestFile    ... finished proof: closed. 
91244      INFO  main            d.u.i.k.p.i.AbstractProblemLoader Loading environment from /home/runner/work/key/key/key.core/../key.ui/examples/heap/model_methods/Coll1_Coll1_add_pre.key.proof 
91245      DEBUG main            d.u.i.k.p.i.AbstractProblemLoader Environment load took 134.51ns 
91246      INFO  main            d.u.i.k.p.i.AbstractProblemLoader Creating init config 
94358      DEBUG main            d.u.i.k.p.i.AbstractProblemLoader Init config took 3.11s 
94405      INFO  main            d.u.i.k.p.i.AbstractProblemLoader Replaying proof Coll1[Coll1::add_pre(int)].JML model_behavior operation contract.0 
94408      DEBUG main            d.u.i.k.p.i.IntermediateProofReplayer Proof replay took 1.69ms 
94409      DEBUG main            d.u.i.k.p.r.p.TestFile    ... success: reloaded. 
94410      INFO  main            d.u.i.k.p.r.p.TestFile    Now processing file /home/runner/work/key/key/key.core/../key.ui/examples/heap/model_methods/Coll1_Coll_add_pre.key 
94410      INFO  main            d.u.i.k.p.i.AbstractProblemLoader Loading environment from /home/runner/work/key/key/key.core/../key.ui/examples/heap/model_methods/Coll1_Coll_add_pre.key 
94410      DEBUG main            d.u.i.k.p.i.AbstractProblemLoader Environment load took 84.61ns 
94411      INFO  main            d.u.i.k.p.i.AbstractProblemLoader Creating init config 
97537      DEBUG main            d.u.i.k.p.i.AbstractProblemLoader Init config took 3.13s 
97581      INFO  main            d.u.i.k.p.i.AbstractProblemLoader Replaying proof Coll1[Coll::add_pre(int)].JML model_behavior operation contract.0 
97583      DEBUG main            d.u.i.k.p.i.IntermediateProofReplayer Proof replay took 7.2ns 
97686      INFO  main            d.u.i.k.p.r.p.TestFile    ... finished proof: closed. 
97912      INFO  main            d.u.i.k.p.i.AbstractProblemLoader Loading environment from /home/runner/work/key/key/key.core/../key.ui/examples/heap/model_methods/Coll1_Coll_add_pre.key.proof 
97912      DEBUG main            d.u.i.k.p.i.AbstractProblemLoader Environment load took 129.61ns 
97913      INFO  main            d.u.i.k.p.i.AbstractProblemLoader Creating init config 
101087     DEBUG main            d.u.i.k.p.i.AbstractProblemLoader Init config took 3.17s 
101133     INFO  main            d.u.i.k.p.i.AbstractProblemLoader Replaying proof Coll1[Coll::add_pre(int)].JML model_behavior operation contract.0 
101137     DEBUG main            d.u.i.k.p.i.IntermediateProofReplayer Proof replay took 2.34ms 
101138     DEBUG main            d.u.i.k.p.r.p.TestFile    ... success: reloaded. 
101139     INFO  main            d.u.i.k.p.r.p.TestFile    Now processing file /home/runner/work/key/key/key.core/../key.ui/examples/heap/model_methods/Coll2_add.key 
101139     INFO  main            d.u.i.k.p.i.AbstractProblemLoader Loading environment from /home/runner/work/key/key/key.core/../key.ui/examples/heap/model_methods/Coll2_add.key 
101139     DEBUG main            d.u.i.k.p.i.AbstractProblemLoader Environment load took 85.61ns 
101141     INFO  main            d.u.i.k.p.i.AbstractProblemLoader Creating init config 
104444     DEBUG main            d.u.i.k.p.i.AbstractProblemLoader Init config took 3.3s 
104499     INFO  main            d.u.i.k.p.i.AbstractProblemLoader Replaying proof Coll2[Coll::add(int)].JML operation contract.0 
104501     DEBUG main            d.u.i.k.p.i.IntermediateProofReplayer Proof replay took 8.3ns 
104603     INFO  main            d.u.i.k.p.r.p.TestFile    ... finished proof: closed. 
104843     INFO  main            d.u.i.k.p.i.AbstractProblemLoader Loading environment from /home/runner/work/key/key/key.core/../key.ui/examples/heap/model_methods/Coll2_add.key.proof 
104843     DEBUG main            d.u.i.k.p.i.AbstractProblemLoader Environment load took 127.21ns 
104844     INFO  main            d.u.i.k.p.i.AbstractProblemLoader Creating init config 
108052     DEBUG main            d.u.i.k.p.i.AbstractProblemLoader Init config took 3.21s 
108096     INFO  main            d.u.i.k.p.i.AbstractProblemLoader Replaying proof Coll2[Coll::add(int)].JML operation contract.0 
108105     DEBUG main            d.u.i.k.p.i.IntermediateProofReplayer Proof replay took 6.65ms 
108106     DEBUG main            d.u.i.k.p.r.p.TestFile    ... success: reloaded. 
108107     INFO  main            d.u.i.k.p.r.p.TestFile    Now processing file /home/runner/work/key/key/key.core/../key.ui/examples/heap/model_methods/Coll2_Coll2_add_pre.key 
108107     INFO  main            d.u.i.k.p.i.AbstractProblemLoader Loading environment from /home/runner/work/key/key/key.core/../key.ui/examples/heap/model_methods/Coll2_Coll2_add_pre.key 
108108     DEBUG main            d.u.i.k.p.i.AbstractProblemLoader Environment load took 243.01ns 
108109     INFO  main            d.u.i.k.p.i.AbstractProblemLoader Creating init config 
111216     DEBUG main            d.u.i.k.p.i.AbstractProblemLoader Init config took 3.11s 
111259     INFO  main            d.u.i.k.p.i.AbstractProblemLoader Replaying proof Coll2[Coll2::add_pre(int)].JML model_behavior operation contract.0 
111260     DEBUG main            d.u.i.k.p.i.IntermediateProofReplayer Proof replay took 7.5ns 
111362     INFO  main            d.u.i.k.p.r.p.TestFile    ... finished proof: closed. 
111615     INFO  main            d.u.i.k.p.i.AbstractProblemLoader Loading environment from /home/runner/work/key/key/key.core/../key.ui/examples/heap/model_methods/Coll2_Coll2_add_pre.key.proof 
111615     DEBUG main            d.u.i.k.p.i.AbstractProblemLoader Environment load took 130.11ns 
111616     INFO  main            d.u.i.k.p.i.AbstractProblemLoader Creating init config 
114690     DEBUG main            d.u.i.k.p.i.AbstractProblemLoader Init config took 3.07s 
114733     INFO  main            d.u.i.k.p.i.AbstractProblemLoader Replaying proof Coll2[Coll2::add_pre(int)].JML model_behavior operation contract.0 
114736     DEBUG main            d.u.i.k.p.i.IntermediateProofReplayer Proof replay took 1.55ms 
114737     DEBUG main            d.u.i.k.p.r.p.TestFile    ... success: reloaded. 
114738     INFO  main            d.u.i.k.p.r.p.TestFile    Now processing file /home/runner/work/key/key/key.core/../key.ui/examples/heap/model_methods/Coll2_Coll_add_pre.key 
114739     INFO  main            d.u.i.k.p.i.AbstractProblemLoader Loading environment from /home/runner/work/key/key/key.core/../key.ui/examples/heap/model_methods/Coll2_Coll_add_pre.key 
114739     DEBUG main            d.u.i.k.p.i.AbstractProblemLoader Environment load took 123.01ns 
114740     INFO  main            d.u.i.k.p.i.AbstractProblemLoader Creating init config 
117826     DEBUG main            d.u.i.k.p.i.AbstractProblemLoader Init config took 3.09s 
117873     INFO  main            d.u.i.k.p.i.AbstractProblemLoader Replaying proof Coll2[Coll::add_pre(int)].JML model_behavior operation contract.0 
117877     DEBUG main            d.u.i.k.p.i.IntermediateProofReplayer Proof replay took 7.7ns 
117979     INFO  main            d.u.i.k.p.r.p.TestFile    ... finished proof: closed. 
118227     INFO  main            d.u.i.k.p.i.AbstractProblemLoader Loading environment from /home/runner/work/key/key/key.core/../key.ui/examples/heap/model_methods/Coll2_Coll_add_pre.key.proof 
118227     DEBUG main            d.u.i.k.p.i.AbstractProblemLoader Environment load took 128.41ns 
118228     INFO  main            d.u.i.k.p.i.AbstractProblemLoader Creating init config 
121271     DEBUG main            d.u.i.k.p.i.AbstractProblemLoader Init config took 3.04s 
121315     INFO  main            d.u.i.k.p.i.AbstractProblemLoader Replaying proof Coll2[Coll::add_pre(int)].JML model_behavior operation contract.0 
121319     DEBUG main            d.u.i.k.p.i.IntermediateProofReplayer Proof replay took 2.26ms 
121320     DEBUG main            d.u.i.k.p.r.p.TestFile    ... success: reloaded. 
121322     INFO  main            d.u.i.k.p.r.p.TestFile    Now processing file /home/runner/work/key/key/key.core/../key.ui/examples/heap/model_methods/Coll_add.key 
121322     INFO  main            d.u.i.k.p.i.AbstractProblemLoader Loading environment from /home/runner/work/key/key/key.core/../key.ui/examples/heap/model_methods/Coll_add.key 
121322     DEBUG main            d.u.i.k.p.i.AbstractProblemLoader Environment load took 207.92ns 
121323     INFO  main            d.u.i.k.p.i.AbstractProblemLoader Creating init config 
124498     DEBUG main            d.u.i.k.p.i.AbstractProblemLoader Init config took 3.17s 
124544     INFO  main            d.u.i.k.p.i.AbstractProblemLoader Replaying proof Coll[Coll::add(int)].JML operation contract.0 
124546     DEBUG main            d.u.i.k.p.i.IntermediateProofReplayer Proof replay took 7.5ns 
124648     INFO  main            d.u.i.k.p.r.p.TestFile    ... finished proof: closed. 
124905     INFO  main            d.u.i.k.p.i.AbstractProblemLoader Loading environment from /home/runner/work/key/key/key.core/../key.ui/examples/heap/model_methods/Coll_add.key.proof 
124905     DEBUG main            d.u.i.k.p.i.AbstractProblemLoader Environment load took 119.34ns 
124906     INFO  main            d.u.i.k.p.i.AbstractProblemLoader Creating init config 
128036     DEBUG main            d.u.i.k.p.i.AbstractProblemLoader Init config took 3.13s 
128089     INFO  main            d.u.i.k.p.i.AbstractProblemLoader Replaying proof Coll[Coll::add(int)].JML operation contract.0 
128093     DEBUG main            d.u.i.k.p.i.IntermediateProofReplayer Proof replay took 2.17ms 
128094     DEBUG main            d.u.i.k.p.r.p.TestFile    ... success: reloaded. 
128095     INFO  main            d.u.i.k.p.r.p.TestFile    Now processing file /home/runner/work/key/key/key.core/../key.ui/examples/heap/model_methods/Coll_add_pre.key 
128096     INFO  main            d.u.i.k.p.i.AbstractProblemLoader Loading environment from /home/runner/work/key/key/key.core/../key.ui/examples/heap/model_methods/Coll_add_pre.key 
128096     DEBUG main            d.u.i.k.p.i.AbstractProblemLoader Environment load took 218.51ns 
128097     INFO  main            d.u.i.k.p.i.AbstractProblemLoader Creating init config 
131340     DEBUG main            d.u.i.k.p.i.AbstractProblemLoader Init config took 3.24s 
131386     INFO  main            d.u.i.k.p.i.AbstractProblemLoader Replaying proof Coll[Coll::add_pre(int)].JML model_behavior operation contract.0 
131388     DEBUG main            d.u.i.k.p.i.IntermediateProofReplayer Proof replay took 7.5ns 
131490     INFO  main            d.u.i.k.p.r.p.TestFile    ... finished proof: closed. 
131757     INFO  main            d.u.i.k.p.i.AbstractProblemLoader Loading environment from /home/runner/work/key/key/key.core/../key.ui/examples/heap/model_methods/Coll_add_pre.key.proof 
131757     DEBUG main            d.u.i.k.p.i.AbstractProblemLoader Environment load took 208.61ns 
131761     INFO  main            d.u.i.k.p.i.AbstractProblemLoader Creating init config 
134972     DEBUG main            d.u.i.k.p.i.AbstractProblemLoader Init config took 3.21s 
135025     INFO  main            d.u.i.k.p.i.AbstractProblemLoader Replaying proof Coll[Coll::add_pre(int)].JML model_behavior operation contract.0 
135031     DEBUG main            d.u.i.k.p.i.IntermediateProofReplayer Proof replay took 3.73ms 
135032     DEBUG main            d.u.i.k.p.r.p.TestFile    ... success: reloaded. 
135033     INFO  main            d.u.i.k.p.r.p.TestFile    Now processing file /home/runner/work/key/key/key.core/../key.ui/examples/heap/model_methods/Indirect_callAdd.key 
135033     INFO  main            d.u.i.k.p.i.AbstractProblemLoader Loading environment from /home/runner/work/key/key/key.core/../key.ui/examples/heap/model_methods/Indirect_callAdd.key 
135033     DEBUG main            d.u.i.k.p.i.AbstractProblemLoader Environment load took 144.21ns 
135034     INFO  main            d.u.i.k.p.i.AbstractProblemLoader Creating init config 
138252     DEBUG main            d.u.i.k.p.i.AbstractProblemLoader Init config took 3.22s 
138301     INFO  main            d.u.i.k.p.i.AbstractProblemLoader Replaying proof Indirect[Indirect::callAdd(Coll,int)].JML operation contract.0 
138303     DEBUG main            d.u.i.k.p.i.IntermediateProofReplayer Proof replay took 8ns 
138405     INFO  main            d.u.i.k.p.r.p.TestFile    ... finished proof: closed. 
138695     INFO  main            d.u.i.k.p.i.AbstractProblemLoader Loading environment from /home/runner/work/key/key/key.core/../key.ui/examples/heap/model_methods/Indirect_callAdd.key.proof 
138695     DEBUG main            d.u.i.k.p.i.AbstractProblemLoader Environment load took 124.91ns 
138697     INFO  main            d.u.i.k.p.i.AbstractProblemLoader Creating init config 
141846     DEBUG main            d.u.i.k.p.i.AbstractProblemLoader Init config took 3.15s 
141893     INFO  main            d.u.i.k.p.i.AbstractProblemLoader Replaying proof Indirect[Indirect::callAdd(Coll,int)].JML operation contract.0 
141919     DEBUG main            d.u.i.k.p.i.IntermediateProofReplayer Proof replay took 24.06ms 
141920     DEBUG main            d.u.i.k.p.r.p.TestFile    ... success: reloaded. 
141921     INFO  main            d.u.i.k.p.r.p.TestFile    Now processing file /home/runner/work/key/key/key.core/../key.ui/examples/heap/model_methods/Indirect_test.key 
141921     INFO  main            d.u.i.k.p.i.AbstractProblemLoader Loading environment from /home/runner/work/key/key/key.core/../key.ui/examples/heap/model_methods/Indirect_test.key 
141921     DEBUG main            d.u.i.k.p.i.AbstractProblemLoader Environment load took 81.72ns 
141922     INFO  main            d.u.i.k.p.i.AbstractProblemLoader Creating init config 
145077     DEBUG main            d.u.i.k.p.i.AbstractProblemLoader Init config took 3.15s 
145140     INFO  main            d.u.i.k.p.i.AbstractProblemLoader Replaying proof Indirect[Indirect::test(Coll1,Coll2)].JML operation contract.0 
145142     DEBUG main            d.u.i.k.p.i.IntermediateProofReplayer Proof replay took 8.8ns 
145346     INFO  main            d.u.i.k.p.r.p.TestFile    ... finished proof: closed. 
145638     INFO  main            d.u.i.k.p.i.AbstractProblemLoader Loading environment from /home/runner/work/key/key/key.core/../key.ui/examples/heap/model_methods/Indirect_test.key.proof 
145638     DEBUG main            d.u.i.k.p.i.AbstractProblemLoader Environment load took 130.21ns 
145639     INFO  main            d.u.i.k.p.i.AbstractProblemLoader Creating init config 
148799     DEBUG main            d.u.i.k.p.i.AbstractProblemLoader Init config took 3.16s 
148847     INFO  main            d.u.i.k.p.i.AbstractProblemLoader Replaying proof Indirect[Indirect::test(Coll1,Coll2)].JML operation contract.0 
148905     DEBUG main            d.u.i.k.p.i.IntermediateProofReplayer Proof replay took 54.34ms 
148906     DEBUG main            d.u.i.k.p.r.p.TestFile    ... success: reloaded. 
148907     INFO  main            d.u.i.k.p.r.p.TestFile    Now processing file /home/runner/work/key/key/key.core/../key.ui/examples/heap/model_methods/Recell_Cell_footprint.key 
148908     INFO  main            d.u.i.k.p.i.AbstractProblemLoader Loading environment from /home/runner/work/key/key/key.core/../key.ui/examples/heap/model_methods/Recell_Cell_footprint.key 
148908     DEBUG main            d.u.i.k.p.i.AbstractProblemLoader Environment load took 142.82ns 
148909     INFO  main            d.u.i.k.p.i.AbstractProblemLoader Creating init config 
152082     DEBUG main            d.u.i.k.p.i.AbstractProblemLoader Init config took 3.17s 
152125     INFO  main            d.u.i.k.p.i.AbstractProblemLoader Replaying proof Recell[Cell::footprint()].JML model_behavior operation contract.0 
152127     DEBUG main            d.u.i.k.p.i.IntermediateProofReplayer Proof replay took 7.5ns 
152229     INFO  main            d.u.i.k.p.r.p.TestFile    ... finished proof: closed. 
152525     INFO  main            d.u.i.k.p.i.AbstractProblemLoader Loading environment from /home/runner/work/key/key/key.core/../key.ui/examples/heap/model_methods/Recell_Cell_footprint.key.proof 
152526     DEBUG main            d.u.i.k.p.i.AbstractProblemLoader Environment load took 120.92ns 
152527     INFO  main            d.u.i.k.p.i.AbstractProblemLoader Creating init config 
155625     DEBUG main            d.u.i.k.p.i.AbstractProblemLoader Init config took 3.1s 
155673     INFO  main            d.u.i.k.p.i.AbstractProblemLoader Replaying proof Recell[Cell::footprint()].JML model_behavior operation contract.0 
155678     DEBUG main            d.u.i.k.p.i.IntermediateProofReplayer Proof replay took 2.89ms 
155679     DEBUG main            d.u.i.k.p.r.p.TestFile    ... success: reloaded. 
155680     INFO  main            d.u.i.k.p.r.p.TestFile    Now processing file /home/runner/work/key/key/key.core/../key.ui/examples/heap/model_methods/Recell_Cell_post_set.key 
155680     INFO  main            d.u.i.k.p.i.AbstractProblemLoader Loading environment from /home/runner/work/key/key/key.core/../key.ui/examples/heap/model_methods/Recell_Cell_post_set.key 
155680     DEBUG main            d.u.i.k.p.i.AbstractProblemLoader Environment load took 111.21ns 
155681     INFO  main            d.u.i.k.p.i.AbstractProblemLoader Creating init config 
158901     DEBUG main            d.u.i.k.p.i.AbstractProblemLoader Init config took 3.22s 
158944     INFO  main            d.u.i.k.p.i.AbstractProblemLoader Replaying proof Recell[Cell::post_set(int)].JML model_behavior operation contract.0 
158946     DEBUG main            d.u.i.k.p.i.IntermediateProofReplayer Proof replay took 7.2ns 
159048     INFO  main            d.u.i.k.p.r.p.TestFile    ... finished proof: closed. 
159341     INFO  main            d.u.i.k.p.i.AbstractProblemLoader Loading environment from /home/runner/work/key/key/key.core/../key.ui/examples/heap/model_methods/Recell_Cell_post_set.key.proof 
159341     DEBUG main            d.u.i.k.p.i.AbstractProblemLoader Environment load took 139.91ns 
159342     INFO  main            d.u.i.k.p.i.AbstractProblemLoader Creating init config 
162474     DEBUG main            d.u.i.k.p.i.AbstractProblemLoader Init config took 3.13s 
162519     INFO  main            d.u.i.k.p.i.AbstractProblemLoader Replaying proof Recell[Cell::post_set(int)].JML model_behavior operation contract.0 
162525     DEBUG main            d.u.i.k.p.i.IntermediateProofReplayer Proof replay took 3.77ms 
162525     DEBUG main            d.u.i.k.p.r.p.TestFile    ... success: reloaded. 
162526     INFO  main            d.u.i.k.p.r.p.TestFile    Now processing file /home/runner/work/key/key/key.core/../key.ui/examples/heap/model_methods/Recell_footprint_acc.key 
162527     INFO  main            d.u.i.k.p.i.AbstractProblemLoader Loading environment from /home/runner/work/key/key/key.core/../key.ui/examples/heap/model_methods/Recell_footprint_acc.key 
162527     DEBUG main            d.u.i.k.p.i.AbstractProblemLoader Environment load took 85.61ns 
162528     INFO  main            d.u.i.k.p.i.AbstractProblemLoader Creating init config 
165696     DEBUG main            d.u.i.k.p.i.AbstractProblemLoader Init config took 3.17s 
165738     INFO  main            d.u.i.k.p.i.AbstractProblemLoader Replaying proof Recell[Cell::footprint()].JML accessible clause.0 
165740     DEBUG main            d.u.i.k.p.i.IntermediateProofReplayer Proof replay took 8.4ns 
165846     INFO  main            d.u.i.k.p.r.p.TestFile    ... finished proof: closed. 
166233     INFO  main            d.u.i.k.p.i.AbstractProblemLoader Loading environment from /home/runner/work/key/key/key.core/../key.ui/examples/heap/model_methods/Recell_footprint_acc.key.proof 
166233     DEBUG main            d.u.i.k.p.i.AbstractProblemLoader Environment load took 120.41ns 
166234     INFO  main            d.u.i.k.p.i.AbstractProblemLoader Creating init config 
169366     DEBUG main            d.u.i.k.p.i.AbstractProblemLoader Init config took 3.13s 
169412     INFO  main            d.u.i.k.p.i.AbstractProblemLoader Replaying proof Recell[Cell::footprint()].JML accessible clause.0 
169445     DEBUG main            d.u.i.k.p.i.IntermediateProofReplayer Proof replay took 24.67ms 
169451     DEBUG main            d.u.i.k.p.r.p.TestFile    ... success: reloaded. 
169453     INFO  main            d.u.i.k.p.r.p.TestFile    Now processing file /home/runner/work/key/key/key.core/../key.ui/examples/heap/model_methods/Recell_get_acc.key 
169453     INFO  main            d.u.i.k.p.i.AbstractProblemLoader Loading environment from /home/runner/work/key/key/key.core/../key.ui/examples/heap/model_methods/Recell_get_acc.key 
169453     DEBUG main            d.u.i.k.p.i.AbstractProblemLoader Environment load took 195.02ns 
169454     INFO  main            d.u.i.k.p.i.AbstractProblemLoader Creating init config 
172592     DEBUG main            d.u.i.k.p.i.AbstractProblemLoader Init config took 3.14s 
172634     INFO  main            d.u.i.k.p.i.AbstractProblemLoader Replaying proof Recell[Cell::get()].JML accessible clause.0 
172636     DEBUG main            d.u.i.k.p.i.IntermediateProofReplayer Proof replay took 7.4ns 
172738     INFO  main            d.u.i.k.p.r.p.TestFile    ... finished proof: closed. 
173070     INFO  main            d.u.i.k.p.i.AbstractProblemLoader Loading environment from /home/runner/work/key/key/key.core/../key.ui/examples/heap/model_methods/Recell_get_acc.key.proof 
173070     DEBUG main            d.u.i.k.p.i.AbstractProblemLoader Environment load took 121.61ns 
173071     INFO  main            d.u.i.k.p.i.AbstractProblemLoader Creating init config 
176184     DEBUG main            d.u.i.k.p.i.AbstractProblemLoader Init config took 3.11s 
176226     INFO  main            d.u.i.k.p.i.AbstractProblemLoader Replaying proof Recell[Cell::get()].JML accessible clause.0 
176245     DEBUG main            d.u.i.k.p.i.IntermediateProofReplayer Proof replay took 16.68ms 
176246     DEBUG main            d.u.i.k.p.r.p.TestFile    ... success: reloaded. 
176247     INFO  main            d.u.i.k.p.r.p.TestFile    Now processing file /home/runner/work/key/key/key.core/../key.ui/examples/heap/model_methods/Recell_get.key 
176247     INFO  main            d.u.i.k.p.i.AbstractProblemLoader Loading environment from /home/runner/work/key/key/key.core/../key.ui/examples/heap/model_methods/Recell_get.key 
176247     DEBUG main            d.u.i.k.p.i.AbstractProblemLoader Environment load took 84.61ns 
176248     INFO  main            d.u.i.k.p.i.AbstractProblemLoader Creating init config 
179444     DEBUG main            d.u.i.k.p.i.AbstractProblemLoader Init config took 3.2s 
179488     INFO  main            d.u.i.k.p.i.AbstractProblemLoader Replaying proof Recell[Cell::get()].JML operation contract.0 
179490     DEBUG main            d.u.i.k.p.i.IntermediateProofReplayer Proof replay took 7.8ns 
179592     INFO  main            d.u.i.k.p.r.p.TestFile    ... finished proof: closed. 
179911     INFO  main            d.u.i.k.p.i.AbstractProblemLoader Loading environment from /home/runner/work/key/key/key.core/../key.ui/examples/heap/model_methods/Recell_get.key.proof 
179911     DEBUG main            d.u.i.k.p.i.AbstractProblemLoader Environment load took 120.41ns 
179912     INFO  main            d.u.i.k.p.i.AbstractProblemLoader Creating init config 
182997     DEBUG main            d.u.i.k.p.i.AbstractProblemLoader Init config took 3.08s 
183040     INFO  main            d.u.i.k.p.i.AbstractProblemLoader Replaying proof Recell[Cell::get()].JML operation contract.0 
183052     DEBUG main            d.u.i.k.p.i.IntermediateProofReplayer Proof replay took 7.96ms 
183053     DEBUG main            d.u.i.k.p.r.p.TestFile    ... success: reloaded. 
183054     INFO  main            d.u.i.k.p.r.p.TestFile    Now processing file /home/runner/work/key/key/key.core/../key.ui/examples/heap/model_methods/Recell_Recell_footprint.key 
183054     INFO  main            d.u.i.k.p.i.AbstractProblemLoader Loading environment from /home/runner/work/key/key/key.core/../key.ui/examples/heap/model_methods/Recell_Recell_footprint.key 
183054     DEBUG main            d.u.i.k.p.i.AbstractProblemLoader Environment load took 222.93ns 
183057     INFO  main            d.u.i.k.p.i.AbstractProblemLoader Creating init config 
186149     DEBUG main            d.u.i.k.p.i.AbstractProblemLoader Init config took 3.09s 
186216     INFO  main            d.u.i.k.p.i.AbstractProblemLoader Replaying proof Recell[Recell::footprint()].JML model_behavior operation contract.0 
186218     DEBUG main            d.u.i.k.p.i.IntermediateProofReplayer Proof replay took 8.6ns 
186320     INFO  main            d.u.i.k.p.r.p.TestFile    ... finished proof: closed. 
186661     INFO  main            d.u.i.k.p.i.AbstractProblemLoader Loading environment from /home/runner/work/key/key/key.core/../key.ui/examples/heap/model_methods/Recell_Recell_footprint.key.proof 
186662     DEBUG main            d.u.i.k.p.i.AbstractProblemLoader Environment load took 126.81ns 
186663     INFO  main            d.u.i.k.p.i.AbstractProblemLoader Creating init config 
189751     DEBUG main            d.u.i.k.p.i.AbstractProblemLoader Init config took 3.09s 
189794     INFO  main            d.u.i.k.p.i.AbstractProblemLoader Replaying proof Recell[Recell::footprint()].JML model_behavior operation contract.0 
189797     DEBUG main            d.u.i.k.p.i.IntermediateProofReplayer Proof replay took 1.47ms 
189798     DEBUG main            d.u.i.k.p.r.p.TestFile    ... success: reloaded. 
189800     INFO  main            d.u.i.k.p.r.p.TestFile    Now processing file /home/runner/work/key/key/key.core/../key.ui/examples/heap/model_methods/Recell_Recell_post_set.key 
189800     INFO  main            d.u.i.k.p.i.AbstractProblemLoader Loading environment from /home/runner/work/key/key/key.core/../key.ui/examples/heap/model_methods/Recell_Recell_post_set.key 
189800     DEBUG main            d.u.i.k.p.i.AbstractProblemLoader Environment load took 227.92ns 
189801     INFO  main            d.u.i.k.p.i.AbstractProblemLoader Creating init config 
192880     DEBUG main            d.u.i.k.p.i.AbstractProblemLoader Init config took 3.08s 
192922     INFO  main            d.u.i.k.p.i.AbstractProblemLoader Replaying proof Recell[Recell::post_set(int)].JML model_behavior operation contract.0 
192923     DEBUG main            d.u.i.k.p.i.IntermediateProofReplayer Proof replay took 8.2ns 
193028     INFO  main            d.u.i.k.p.r.p.TestFile    ... finished proof: closed. 
193345     INFO  main            d.u.i.k.p.i.AbstractProblemLoader Loading environment from /home/runner/work/key/key/key.core/../key.ui/examples/heap/model_methods/Recell_Recell_post_set.key.proof 
193345     DEBUG main            d.u.i.k.p.i.AbstractProblemLoader Environment load took 109.81ns 
193346     INFO  main            d.u.i.k.p.i.AbstractProblemLoader Creating init config 
196377     DEBUG main            d.u.i.k.p.i.AbstractProblemLoader Init config took 3.03s 
196419     INFO  main            d.u.i.k.p.i.AbstractProblemLoader Replaying proof Recell[Recell::post_set(int)].JML model_behavior operation contract.0 
196422     DEBUG main            d.u.i.k.p.i.IntermediateProofReplayer Proof replay took 2.29ms 
196423     DEBUG main            d.u.i.k.p.r.p.TestFile    ... success: reloaded. 
196424     INFO  main            d.u.i.k.p.r.p.TestFile    Now processing file /home/runner/work/key/key/key.core/../key.ui/examples/heap/model_methods/Recell_set.key 
196424     INFO  main            d.u.i.k.p.i.AbstractProblemLoader Loading environment from /home/runner/work/key/key/key.core/../key.ui/examples/heap/model_methods/Recell_set.key 
196425     DEBUG main            d.u.i.k.p.i.AbstractProblemLoader Environment load took 98.31ns 
196425     INFO  main            d.u.i.k.p.i.AbstractProblemLoader Creating init config 
199595     DEBUG main            d.u.i.k.p.i.AbstractProblemLoader Init config took 3.17s 
199638     INFO  main            d.u.i.k.p.i.AbstractProblemLoader Replaying proof Recell[Cell::set(int)].JML operation contract.0 
199640     DEBUG main            d.u.i.k.p.i.IntermediateProofReplayer Proof replay took 8.2ns 
206808     INFO  main            d.u.i.k.p.r.p.TestFile    ... finished proof: closed. 
207191     INFO  main            d.u.i.k.p.i.AbstractProblemLoader Loading environment from /home/runner/work/key/key/key.core/../key.ui/examples/heap/model_methods/Recell_set.key.proof 
207192     DEBUG main            d.u.i.k.p.i.AbstractProblemLoader Environment load took 359.94ns 
207193     INFO  main            d.u.i.k.p.i.AbstractProblemLoader Creating init config 
210257     DEBUG main            d.u.i.k.p.i.AbstractProblemLoader Init config took 3.06s 
210321     INFO  main            d.u.i.k.p.i.AbstractProblemLoader Replaying proof Recell[Cell::set(int)].JML operation contract.0 
210761     DEBUG main            d.u.i.k.p.i.IntermediateProofReplayer Proof replay took 421.08ms 
210762     DEBUG main            d.u.i.k.p.r.p.TestFile    ... success: reloaded. 
210763     INFO  main            d.u.i.k.p.r.p.TestFile    Now processing file /home/runner/work/key/key/key.core/../key.ui/examples/heap/model_methods/Recell_undo.key 
210764     INFO  main            d.u.i.k.p.i.AbstractProblemLoader Loading environment from /home/runner/work/key/key/key.core/../key.ui/examples/heap/model_methods/Recell_undo.key 
210764     DEBUG main            d.u.i.k.p.i.AbstractProblemLoader Environment load took 188.72ns 
210765     INFO  main            d.u.i.k.p.i.AbstractProblemLoader Creating init config 
213910     DEBUG main            d.u.i.k.p.i.AbstractProblemLoader Init config took 3.15s 
213953     INFO  main            d.u.i.k.p.i.AbstractProblemLoader Replaying proof Recell[Recell::undo()].JML operation contract.0 
213955     DEBUG main            d.u.i.k.p.i.IntermediateProofReplayer Proof replay took 8.3ns 
214158     INFO  main            d.u.i.k.p.r.p.TestFile    ... finished proof: closed. 
214506     INFO  main            d.u.i.k.p.i.AbstractProblemLoader Loading environment from /home/runner/work/key/key/key.core/../key.ui/examples/heap/model_methods/Recell_undo.key.proof 
214506     DEBUG main            d.u.i.k.p.i.AbstractProblemLoader Environment load took 110.31ns 
214507     INFO  main            d.u.i.k.p.i.AbstractProblemLoader Creating init config 
217546     DEBUG main            d.u.i.k.p.i.AbstractProblemLoader Init config took 3.04s 
217590     INFO  main            d.u.i.k.p.i.AbstractProblemLoader Replaying proof Recell[Recell::undo()].JML operation contract.0 
217635     DEBUG main            d.u.i.k.p.i.IntermediateProofReplayer Proof replay took 42.98ms 
217636     DEBUG main            d.u.i.k.p.r.p.TestFile    ... success: reloaded. 
4866453    INFO  Test worker     d.u.i.k.p.r.RunAllProofsTestUnit Returning from test modelMethods 
4866454    INFO  Test worker     d.u.i.k.p.r.RunAllProofsTestUnit Running test permissionHeap 
443        INFO  Timeout watchdog d.u.i.k.p.r.p.ForkedTestFileRunner Timeout watcher launched (2000 secs.) 
457        WARN  main            d.u.i.k.s.ProofSettings   The settings in /home/runner/.key/proof-settings.props are *not* read. 
487        INFO  main            d.u.i.k.p.r.p.TestFile    Now processing file /home/runner/work/key/key/key.core/../key.ui/examples/heap/permissions/permissions_method0.key 
606        INFO  main            d.u.i.k.p.i.AbstractProblemLoader Loading environment from /home/runner/work/key/key/key.core/../key.ui/examples/heap/permissions/permissions_method0.key 
631        DEBUG main            d.u.i.k.p.i.AbstractProblemLoader Environment load took 2.37ms 
881        INFO  main            d.u.i.k.p.i.AbstractProblemLoader Creating init config 
1969       DEBUG main            d.u.i.k.j.TypeConverter   No LDT found for Meta 
1971       DEBUG main            d.u.i.k.j.TypeConverter   No LDT found for Meta 
1973       DEBUG main            d.u.i.k.j.TypeConverter   No LDT found for Meta 
1974       DEBUG main            d.u.i.k.j.TypeConverter   No LDT found for Meta 
3380       DEBUG main            d.u.i.k.j.TypeConverter   No LDT found for JavaBigintExpression 
9353       DEBUG main            d.u.i.k.p.i.AbstractProblemLoader Init config took 8.47s 
9492       INFO  main            d.u.i.k.p.i.AbstractProblemLoader Replaying proof MyClass[MyClass::method0()].JML normal_behavior operation contract.0 
9531       DEBUG main            d.u.i.k.p.i.IntermediateProofReplayer Proof replay took 37.8ns 
10552      INFO  main            d.u.i.k.p.r.p.TestFile    ... finished proof: closed. 
10678      INFO  main            d.u.i.k.p.i.AbstractProblemLoader Loading environment from /home/runner/work/key/key/key.core/../key.ui/examples/heap/permissions/permissions_method0.key.proof 
10679      DEBUG main            d.u.i.k.p.i.AbstractProblemLoader Environment load took 533.46ns 
10681      INFO  main            d.u.i.k.p.i.AbstractProblemLoader Creating init config 
14070      DEBUG main            d.u.i.k.p.i.AbstractProblemLoader Init config took 3.39s 
14145      INFO  main            d.u.i.k.p.i.AbstractProblemLoader Replaying proof MyClass[MyClass::method0()].JML normal_behavior operation contract.0 
14266      DEBUG main            d.u.i.k.p.i.IntermediateProofReplayer Proof replay took 113.98ms 
14274      DEBUG main            d.u.i.k.p.r.p.TestFile    ... success: reloaded. 
14276      INFO  main            d.u.i.k.p.r.p.TestFile    Now processing file /home/runner/work/key/key/key.core/../key.ui/examples/heap/permissions/permissions_method1.key 
14277      INFO  main            d.u.i.k.p.i.AbstractProblemLoader Loading environment from /home/runner/work/key/key/key.core/../key.ui/examples/heap/permissions/permissions_method1.key 
14277      DEBUG main            d.u.i.k.p.i.AbstractProblemLoader Environment load took 240.43ns 
14279      INFO  main            d.u.i.k.p.i.AbstractProblemLoader Creating init config 
17523      DEBUG main            d.u.i.k.p.i.AbstractProblemLoader Init config took 3.24s 
17610      INFO  main            d.u.i.k.p.i.AbstractProblemLoader Replaying proof MyClass[MyClass::method1()].JML normal_behavior operation contract.0 
17618      DEBUG main            d.u.i.k.p.i.IntermediateProofReplayer Proof replay took 9.3ns 
18023      INFO  main            d.u.i.k.p.r.p.TestFile    ... finished proof: closed. 
18236      INFO  main            d.u.i.k.p.i.AbstractProblemLoader Loading environment from /home/runner/work/key/key/key.core/../key.ui/examples/heap/permissions/permissions_method1.key.proof 
18237      DEBUG main            d.u.i.k.p.i.AbstractProblemLoader Environment load took 661.97ns 
18239      INFO  main            d.u.i.k.p.i.AbstractProblemLoader Creating init config 
21508      DEBUG main            d.u.i.k.p.i.AbstractProblemLoader Init config took 3.27s 
21579      INFO  main            d.u.i.k.p.i.AbstractProblemLoader Replaying proof MyClass[MyClass::method1()].JML normal_behavior operation contract.0 
21698      DEBUG main            d.u.i.k.p.i.IntermediateProofReplayer Proof replay took 112.08ms 
21699      DEBUG main            d.u.i.k.p.r.p.TestFile    ... success: reloaded. 
21702      INFO  main            d.u.i.k.p.r.p.TestFile    Now processing file /home/runner/work/key/key/key.core/../key.ui/examples/heap/permissions/permissions_method3.key 
21702      INFO  main            d.u.i.k.p.i.AbstractProblemLoader Loading environment from /home/runner/work/key/key/key.core/../key.ui/examples/heap/permissions/permissions_method3.key 
21702      DEBUG main            d.u.i.k.p.i.AbstractProblemLoader Environment load took 211.62ns 
21706      INFO  main            d.u.i.k.p.i.AbstractProblemLoader Creating init config 
24967      DEBUG main            d.u.i.k.p.i.AbstractProblemLoader Init config took 3.26s 
25023      INFO  main            d.u.i.k.p.i.AbstractProblemLoader Replaying proof MyClass[MyClass::method3()].JML normal_behavior operation contract.0 
25026      DEBUG main            d.u.i.k.p.i.IntermediateProofReplayer Proof replay took 8.1ns 
26539      INFO  main            d.u.i.k.p.r.p.TestFile    ... finished proof: closed. 
26746      INFO  main            d.u.i.k.p.i.AbstractProblemLoader Loading environment from /home/runner/work/key/key/key.core/../key.ui/examples/heap/permissions/permissions_method3.key.proof 
26749      DEBUG main            d.u.i.k.p.i.AbstractProblemLoader Environment load took 2.46ms 
26755      INFO  main            d.u.i.k.p.i.AbstractProblemLoader Creating init config 
29799      DEBUG main            d.u.i.k.p.i.AbstractProblemLoader Init config took 3.04s 
29864      INFO  main            d.u.i.k.p.i.AbstractProblemLoader Replaying proof MyClass[MyClass::method3()].JML normal_behavior operation contract.0 
30067      DEBUG main            d.u.i.k.p.i.IntermediateProofReplayer Proof replay took 196.17ms 
30070      DEBUG main            d.u.i.k.p.r.p.TestFile    ... success: reloaded. 
30071      INFO  main            d.u.i.k.p.r.p.TestFile    Now processing file /home/runner/work/key/key/key.core/../key.ui/examples/heap/permissions/permissions_setAB.key 
30071      INFO  main            d.u.i.k.p.i.AbstractProblemLoader Loading environment from /home/runner/work/key/key/key.core/../key.ui/examples/heap/permissions/permissions_setAB.key 
30072      DEBUG main            d.u.i.k.p.i.AbstractProblemLoader Environment load took 212.22ns 
30073      INFO  main            d.u.i.k.p.i.AbstractProblemLoader Creating init config 
33209      DEBUG main            d.u.i.k.p.i.AbstractProblemLoader Init config took 3.14s 
33270      INFO  main            d.u.i.k.p.i.AbstractProblemLoader Replaying proof MyClass[MyClass::setAB()].JML normal_behavior operation contract.0 
33273      DEBUG main            d.u.i.k.p.i.IntermediateProofReplayer Proof replay took 8.1ns 
35132      INFO  main            d.u.i.k.p.r.p.TestFile    ... finished proof: closed. 
35386      INFO  main            d.u.i.k.p.i.AbstractProblemLoader Loading environment from /home/runner/work/key/key/key.core/../key.ui/examples/heap/permissions/permissions_setAB.key.proof 
35387      DEBUG main            d.u.i.k.p.i.AbstractProblemLoader Environment load took 392.28ns 
35388      INFO  main            d.u.i.k.p.i.AbstractProblemLoader Creating init config 
38472      DEBUG main            d.u.i.k.p.i.AbstractProblemLoader Init config took 3.08s 
38539      INFO  main            d.u.i.k.p.i.AbstractProblemLoader Replaying proof MyClass[MyClass::setAB()].JML normal_behavior operation contract.0 
38710      DEBUG main            d.u.i.k.p.i.IntermediateProofReplayer Proof replay took 164.98ms 
38712      DEBUG main            d.u.i.k.p.r.p.TestFile    ... success: reloaded. 
38713      INFO  main            d.u.i.k.p.r.p.TestFile    Now processing file /home/runner/work/key/key/key.core/../key.ui/examples/heap/permissions/permissionProperties.key 
38713      INFO  main            d.u.i.k.p.i.AbstractProblemLoader Loading environment from /home/runner/work/key/key/key.core/../key.ui/examples/heap/permissions/permissionProperties.key 
38714      DEBUG main            d.u.i.k.p.i.AbstractProblemLoader Environment load took 205.02ns 
38715      INFO  main            d.u.i.k.p.i.AbstractProblemLoader Creating init config 
38853      DEBUG main            d.u.i.k.j.TypeConverter   No LDT found for Meta 
38853      DEBUG main            d.u.i.k.j.TypeConverter   No LDT found for Meta 
38854      DEBUG main            d.u.i.k.j.TypeConverter   No LDT found for Meta 
38854      DEBUG main            d.u.i.k.j.TypeConverter   No LDT found for Meta 
39549      DEBUG main            d.u.i.k.j.TypeConverter   No LDT found for JavaBigintExpression 
42802      DEBUG main            d.u.i.k.p.i.AbstractProblemLoader Init config took 4.09s 
42826      INFO  main            d.u.i.k.p.i.AbstractProblemLoader Replaying proof permissionProperties.key 
42828      DEBUG main            d.u.i.k.p.i.IntermediateProofReplayer Proof replay took 6.7ns 
43032      INFO  main            d.u.i.k.p.r.p.TestFile    ... finished proof: closed. 
43218      INFO  main            d.u.i.k.p.i.AbstractProblemLoader Loading environment from /home/runner/work/key/key/key.core/../key.ui/examples/heap/permissions/permissionProperties.key.proof 
43219      DEBUG main            d.u.i.k.p.i.AbstractProblemLoader Environment load took 506.04ns 
43220      INFO  main            d.u.i.k.p.i.AbstractProblemLoader Creating init config 
46062      DEBUG main            d.u.i.k.p.i.AbstractProblemLoader Init config took 2.84s 
46088      INFO  main            d.u.i.k.p.i.AbstractProblemLoader Replaying proof permissionProperties.key.proof 
46108      DEBUG main            d.u.i.k.p.i.IntermediateProofReplayer Proof replay took 17.24ms 
46110      DEBUG main            d.u.i.k.p.r.p.TestFile    ... success: reloaded. 
46111      INFO  main            d.u.i.k.p.r.p.TestFile    Now processing file /home/runner/work/key/key/key.core/../key.ui/examples/heap/permissions/threads/AFilter_AFilter.key 
46112      INFO  main            d.u.i.k.p.i.AbstractProblemLoader Loading environment from /home/runner/work/key/key/key.core/../key.ui/examples/heap/permissions/threads/AFilter_AFilter.key 
46112      DEBUG main            d.u.i.k.p.i.AbstractProblemLoader Environment load took 412.94ns 
46114      INFO  main            d.u.i.k.p.i.AbstractProblemLoader Creating init config 
46251      DEBUG main            d.u.i.k.j.TypeConverter   No LDT found for Meta 
46251      DEBUG main            d.u.i.k.j.TypeConverter   No LDT found for Meta 
46252      DEBUG main            d.u.i.k.j.TypeConverter   No LDT found for Meta 
46252      DEBUG main            d.u.i.k.j.TypeConverter   No LDT found for Meta 
46966      DEBUG main            d.u.i.k.j.TypeConverter   No LDT found for JavaBigintExpression 
53110      DEBUG main            d.u.i.k.p.i.AbstractProblemLoader Init config took 7s 
53255      INFO  main            d.u.i.k.p.i.AbstractProblemLoader Replaying proof AFilter[AFilter::AFilter(Sampler,Buffer)].JML normal_behavior operation contract.0 
53257      DEBUG main            d.u.i.k.p.i.IntermediateProofReplayer Proof replay took 7.9ns 
54462      INFO  main            d.u.i.k.p.r.p.TestFile    ... finished proof: closed. 
54780      INFO  main            d.u.i.k.p.i.AbstractProblemLoader Loading environment from /home/runner/work/key/key/key.core/../key.ui/examples/heap/permissions/threads/AFilter_AFilter.key.proof 
54784      DEBUG main            d.u.i.k.p.i.AbstractProblemLoader Environment load took 3.44ms 
54786      INFO  main            d.u.i.k.p.i.AbstractProblemLoader Creating init config 
60396      DEBUG main            d.u.i.k.p.i.AbstractProblemLoader Init config took 5.61s 
60519      INFO  main            d.u.i.k.p.i.AbstractProblemLoader Replaying proof AFilter[AFilter::AFilter(Sampler,Buffer)].JML normal_behavior operation contract.0 
60713      DEBUG main            d.u.i.k.p.i.IntermediateProofReplayer Proof replay took 187.66ms 
60714      DEBUG main            d.u.i.k.p.r.p.TestFile    ... success: reloaded. 
60716      INFO  main            d.u.i.k.p.r.p.TestFile    Now processing file /home/runner/work/key/key/key.core/../key.ui/examples/heap/permissions/threads/AFilter_initPost_accessible.key 
60716      INFO  main            d.u.i.k.p.i.AbstractProblemLoader Loading environment from /home/runner/work/key/key/key.core/../key.ui/examples/heap/permissions/threads/AFilter_initPost_accessible.key 
60717      DEBUG main            d.u.i.k.p.i.AbstractProblemLoader Environment load took 223.12ns 
60718      INFO  main            d.u.i.k.p.i.AbstractProblemLoader Creating init config 
66200      DEBUG main            d.u.i.k.p.i.AbstractProblemLoader Init config took 5.48s 
66312      INFO  main            d.u.i.k.p.i.AbstractProblemLoader Replaying proof AFilter[ThreadSpec2::initPost()].JML accessible clause.0 
66315      DEBUG main            d.u.i.k.p.i.IntermediateProofReplayer Proof replay took 8.4ns 
66418      INFO  main            d.u.i.k.p.r.p.TestFile    ... finished proof: closed. 
66673      INFO  main            d.u.i.k.p.i.AbstractProblemLoader Loading environment from /home/runner/work/key/key/key.core/../key.ui/examples/heap/permissions/threads/AFilter_initPost_accessible.key.proof 
66673      DEBUG main            d.u.i.k.p.i.AbstractProblemLoader Environment load took 132.11ns 
66677      INFO  main            d.u.i.k.p.i.AbstractProblemLoader Creating init config 
72210      DEBUG main            d.u.i.k.p.i.AbstractProblemLoader Init config took 5.53s 
72333      INFO  main            d.u.i.k.p.i.AbstractProblemLoader Replaying proof AFilter[ThreadSpec2::initPost()].JML accessible clause.0 
72346      DEBUG main            d.u.i.k.p.i.IntermediateProofReplayer Proof replay took 11.16ms 
72347      DEBUG main            d.u.i.k.p.r.p.TestFile    ... success: reloaded. 
72349      INFO  main            d.u.i.k.p.r.p.TestFile    Now processing file /home/runner/work/key/key/key.core/../key.ui/examples/heap/permissions/threads/AFilter_inv_accessible1.key 
72349      INFO  main            d.u.i.k.p.i.AbstractProblemLoader Loading environment from /home/runner/work/key/key/key.core/../key.ui/examples/heap/permissions/threads/AFilter_inv_accessible1.key 
72350      DEBUG main            d.u.i.k.p.i.AbstractProblemLoader Environment load took 275.12ns 
72351      INFO  main            d.u.i.k.p.i.AbstractProblemLoader Creating init config 
77744      DEBUG main            d.u.i.k.p.i.AbstractProblemLoader Init config took 5.39s 
77844      INFO  main            d.u.i.k.p.i.AbstractProblemLoader Replaying proof AFilter[java.lang.Object::<inv>()].JML accessible clause.0 
77846      DEBUG main            d.u.i.k.p.i.IntermediateProofReplayer Proof replay took 8.2ns 
77948      INFO  main            d.u.i.k.p.r.p.TestFile    ... finished proof: closed. 
78197      INFO  main            d.u.i.k.p.i.AbstractProblemLoader Loading environment from /home/runner/work/key/key/key.core/../key.ui/examples/heap/permissions/threads/AFilter_inv_accessible1.key.proof 
78197      DEBUG main            d.u.i.k.p.i.AbstractProblemLoader Environment load took 129.61ns 
78198      INFO  main            d.u.i.k.p.i.AbstractProblemLoader Creating init config 
83579      DEBUG main            d.u.i.k.p.i.AbstractProblemLoader Init config took 5.38s 
83680      INFO  main            d.u.i.k.p.i.AbstractProblemLoader Replaying proof AFilter[java.lang.Object::<inv>()].JML accessible clause.0 
83686      DEBUG main            d.u.i.k.p.i.IntermediateProofReplayer Proof replay took 3.06ms 
83688      DEBUG main            d.u.i.k.p.r.p.TestFile    ... success: reloaded. 
83689      INFO  main            d.u.i.k.p.r.p.TestFile    Now processing file /home/runner/work/key/key/key.core/../key.ui/examples/heap/permissions/threads/AFilter_inv_accessible2.key 
83689      INFO  main            d.u.i.k.p.i.AbstractProblemLoader Loading environment from /home/runner/work/key/key/key.core/../key.ui/examples/heap/permissions/threads/AFilter_inv_accessible2.key 
83689      DEBUG main            d.u.i.k.p.i.AbstractProblemLoader Environment load took 110.61ns 
83691      INFO  main            d.u.i.k.p.i.AbstractProblemLoader Creating init config 
89029      DEBUG main            d.u.i.k.p.i.AbstractProblemLoader Init config took 5.34s 
89127      INFO  main            d.u.i.k.p.i.AbstractProblemLoader Replaying proof AFilter[java.lang.Object::<inv>()].JML accessible clause.1 
89129      DEBUG main            d.u.i.k.p.i.IntermediateProofReplayer Proof replay took 8.5ns 
89232      INFO  main            d.u.i.k.p.r.p.TestFile    ... finished proof: closed. 
89496      INFO  main            d.u.i.k.p.i.AbstractProblemLoader Loading environment from /home/runner/work/key/key/key.core/../key.ui/examples/heap/permissions/threads/AFilter_inv_accessible2.key.proof 
89496      DEBUG main            d.u.i.k.p.i.AbstractProblemLoader Environment load took 131.61ns 
89498      INFO  main            d.u.i.k.p.i.AbstractProblemLoader Creating init config 
94921      DEBUG main            d.u.i.k.p.i.AbstractProblemLoader Init config took 5.42s 
95019      INFO  main            d.u.i.k.p.i.AbstractProblemLoader Replaying proof AFilter[java.lang.Object::<inv>()].JML accessible clause.1 
95023      DEBUG main            d.u.i.k.p.i.IntermediateProofReplayer Proof replay took 2.12ms 
95024      DEBUG main            d.u.i.k.p.r.p.TestFile    ... success: reloaded. 
95026      INFO  main            d.u.i.k.p.r.p.TestFile    Now processing file /home/runner/work/key/key/key.core/../key.ui/examples/heap/permissions/threads/AFilter_joinTransfer_accessible.key 
95026      INFO  main            d.u.i.k.p.i.AbstractProblemLoader Loading environment from /home/runner/work/key/key/key.core/../key.ui/examples/heap/permissions/threads/AFilter_joinTransfer_accessible.key 
95026      DEBUG main            d.u.i.k.p.i.AbstractProblemLoader Environment load took 211.72ns 
95027      INFO  main            d.u.i.k.p.i.AbstractProblemLoader Creating init config 
100501     DEBUG main            d.u.i.k.p.i.AbstractProblemLoader Init config took 5.47s 
100602     INFO  main            d.u.i.k.p.i.AbstractProblemLoader Replaying proof AFilter[ThreadSpec2::joinTransfer()].JML accessible clause.0 
100604     DEBUG main            d.u.i.k.p.i.IntermediateProofReplayer Proof replay took 8.8ns 
104731     INFO  main            d.u.i.k.p.r.p.TestFile    ... finished proof: closed. 
105040     INFO  main            d.u.i.k.p.i.AbstractProblemLoader Loading environment from /home/runner/work/key/key/key.core/../key.ui/examples/heap/permissions/threads/AFilter_joinTransfer_accessible.key.proof 
105040     DEBUG main            d.u.i.k.p.i.AbstractProblemLoader Environment load took 395.33ns 
105042     INFO  main            d.u.i.k.p.i.AbstractProblemLoader Creating init config 
110418     DEBUG main            d.u.i.k.p.i.AbstractProblemLoader Init config took 5.38s 
110516     INFO  main            d.u.i.k.p.i.AbstractProblemLoader Replaying proof AFilter[ThreadSpec2::joinTransfer()].JML accessible clause.0 
110827     DEBUG main            d.u.i.k.p.i.IntermediateProofReplayer Proof replay took 301.27ms 
110829     DEBUG main            d.u.i.k.p.r.p.TestFile    ... success: reloaded. 
110832     INFO  main            d.u.i.k.p.r.p.TestFile    Now processing file /home/runner/work/key/key/key.core/../key.ui/examples/heap/permissions/threads/AFilter_joinTransfer_contract.key 
110832     INFO  main            d.u.i.k.p.i.AbstractProblemLoader Loading environment from /home/runner/work/key/key/key.core/../key.ui/examples/heap/permissions/threads/AFilter_joinTransfer_contract.key 
110833     DEBUG main            d.u.i.k.p.i.AbstractProblemLoader Environment load took 400.83ns 
110834     INFO  main            d.u.i.k.p.i.AbstractProblemLoader Creating init config 
116144     DEBUG main            d.u.i.k.p.i.AbstractProblemLoader Init config took 5.31s 
116242     INFO  main            d.u.i.k.p.i.AbstractProblemLoader Replaying proof AFilter[ThreadSpec2::joinTransfer()].JML model_behavior operation contract.0 
116244     DEBUG main            d.u.i.k.p.i.IntermediateProofReplayer Proof replay took 8.6ns 
116351     INFO  main            d.u.i.k.p.r.p.TestFile    ... finished proof: closed. 
116654     INFO  main            d.u.i.k.p.i.AbstractProblemLoader Loading environment from /home/runner/work/key/key/key.core/../key.ui/examples/heap/permissions/threads/AFilter_joinTransfer_contract.key.proof 
116655     DEBUG main            d.u.i.k.p.i.AbstractProblemLoader Environment load took 144.21ns 
116656     INFO  main            d.u.i.k.p.i.AbstractProblemLoader Creating init config 
122044     DEBUG main            d.u.i.k.p.i.AbstractProblemLoader Init config took 5.39s 
122144     INFO  main            d.u.i.k.p.i.AbstractProblemLoader Replaying proof AFilter[ThreadSpec2::joinTransfer()].JML model_behavior operation contract.0 
122155     DEBUG main            d.u.i.k.p.i.IntermediateProofReplayer Proof replay took 8.76ms 
122156     DEBUG main            d.u.i.k.p.r.p.TestFile    ... success: reloaded. 
122158     INFO  main            d.u.i.k.p.r.p.TestFile    Now processing file /home/runner/work/key/key/key.core/../key.ui/examples/heap/permissions/threads/AFilter_postJoin_accessible.key 
122158     INFO  main            d.u.i.k.p.i.AbstractProblemLoader Loading environment from /home/runner/work/key/key/key.core/../key.ui/examples/heap/permissions/threads/AFilter_postJoin_accessible.key 
122158     DEBUG main            d.u.i.k.p.i.AbstractProblemLoader Environment load took 200.92ns 
122160     INFO  main            d.u.i.k.p.i.AbstractProblemLoader Creating init config 
127635     DEBUG main            d.u.i.k.p.i.AbstractProblemLoader Init config took 5.48s 
127750     INFO  main            d.u.i.k.p.i.AbstractProblemLoader Replaying proof AFilter[ThreadSpec2::postJoin(java.lang.Object)].JML accessible clause.0 
127752     DEBUG main            d.u.i.k.p.i.IntermediateProofReplayer Proof replay took 24.8ns 
127855     INFO  main            d.u.i.k.p.r.p.TestFile    ... finished proof: closed. 
128131     INFO  main            d.u.i.k.p.i.AbstractProblemLoader Loading environment from /home/runner/work/key/key/key.core/../key.ui/examples/heap/permissions/threads/AFilter_postJoin_accessible.key.proof 
128131     DEBUG main            d.u.i.k.p.i.AbstractProblemLoader Environment load took 146.61ns 
128132     INFO  main            d.u.i.k.p.i.AbstractProblemLoader Creating init config 
133448     DEBUG main            d.u.i.k.p.i.AbstractProblemLoader Init config took 5.32s 
133543     INFO  main            d.u.i.k.p.i.AbstractProblemLoader Replaying proof AFilter[ThreadSpec2::postJoin(java.lang.Object)].JML accessible clause.0 
133551     DEBUG main            d.u.i.k.p.i.IntermediateProofReplayer Proof replay took 6.03ms 
133552     DEBUG main            d.u.i.k.p.r.p.TestFile    ... success: reloaded. 
133553     INFO  main            d.u.i.k.p.r.p.TestFile    Now processing file /home/runner/work/key/key/key.core/../key.ui/examples/heap/permissions/threads/AFilter_preStart_accessible.key 
133553     INFO  main            d.u.i.k.p.i.AbstractProblemLoader Loading environment from /home/runner/work/key/key/key.core/../key.ui/examples/heap/permissions/threads/AFilter_preStart_accessible.key 
133553     DEBUG main            d.u.i.k.p.i.AbstractProblemLoader Environment load took 69.11ns 
133554     INFO  main            d.u.i.k.p.i.AbstractProblemLoader Creating init config 
138975     DEBUG main            d.u.i.k.p.i.AbstractProblemLoader Init config took 5.42s 
139073     INFO  main            d.u.i.k.p.i.AbstractProblemLoader Replaying proof AFilter[ThreadSpec2::preStart(java.lang.Object)].JML accessible clause.0 
139075     DEBUG main            d.u.i.k.p.i.IntermediateProofReplayer Proof replay took 9.6ns 
139480     INFO  main            d.u.i.k.p.r.p.TestFile    ... finished proof: closed. 
139759     INFO  main            d.u.i.k.p.i.AbstractProblemLoader Loading environment from /home/runner/work/key/key/key.core/../key.ui/examples/heap/permissions/threads/AFilter_preStart_accessible.key.proof 
139759     DEBUG main            d.u.i.k.p.i.AbstractProblemLoader Environment load took 377.13ns 
139760     INFO  main            d.u.i.k.p.i.AbstractProblemLoader Creating init config 
145080     DEBUG main            d.u.i.k.p.i.AbstractProblemLoader Init config took 5.32s 
145172     INFO  main            d.u.i.k.p.i.AbstractProblemLoader Replaying proof AFilter[ThreadSpec2::preStart(java.lang.Object)].JML accessible clause.0 
145201     DEBUG main            d.u.i.k.p.i.IntermediateProofReplayer Proof replay took 26.17ms 
145202     DEBUG main            d.u.i.k.p.r.p.TestFile    ... success: reloaded. 
145203     INFO  main            d.u.i.k.p.r.p.TestFile    Now processing file /home/runner/work/key/key/key.core/../key.ui/examples/heap/permissions/threads/AFilter_startTransfer_accessible.key 
145203     INFO  main            d.u.i.k.p.i.AbstractProblemLoader Loading environment from /home/runner/work/key/key/key.core/../key.ui/examples/heap/permissions/threads/AFilter_startTransfer_accessible.key 
145203     DEBUG main            d.u.i.k.p.i.AbstractProblemLoader Environment load took 157.11ns 
145204     INFO  main            d.u.i.k.p.i.AbstractProblemLoader Creating init config 
150548     DEBUG main            d.u.i.k.p.i.AbstractProblemLoader Init config took 5.34s 
150642     INFO  main            d.u.i.k.p.i.AbstractProblemLoader Replaying proof AFilter[ThreadSpec2::startTransfer()].JML accessible clause.0 
150644     DEBUG main            d.u.i.k.p.i.IntermediateProofReplayer Proof replay took 9.5ns 
157809     INFO  main            d.u.i.k.p.r.p.TestFile    ... finished proof: closed. 
158128     INFO  main            d.u.i.k.p.i.AbstractProblemLoader Loading environment from /home/runner/work/key/key/key.core/../key.ui/examples/heap/permissions/threads/AFilter_startTransfer_accessible.key.proof 
158129     DEBUG main            d.u.i.k.p.i.AbstractProblemLoader Environment load took 836.75ns 
158134     INFO  main            d.u.i.k.p.i.AbstractProblemLoader Creating init config 
163438     DEBUG main            d.u.i.k.p.i.AbstractProblemLoader Init config took 5.3s 
163539     INFO  main            d.u.i.k.p.i.AbstractProblemLoader Replaying proof AFilter[ThreadSpec2::startTransfer()].JML accessible clause.0 
163970     DEBUG main            d.u.i.k.p.i.IntermediateProofReplayer Proof replay took 416.2ms 
163972     DEBUG main            d.u.i.k.p.r.p.TestFile    ... success: reloaded. 
163973     INFO  main            d.u.i.k.p.r.p.TestFile    Now processing file /home/runner/work/key/key/key.core/../key.ui/examples/heap/permissions/threads/AFilter_startTransfer_contract.key 
163973     INFO  main            d.u.i.k.p.i.AbstractProblemLoader Loading environment from /home/runner/work/key/key/key.core/../key.ui/examples/heap/permissions/threads/AFilter_startTransfer_contract.key 
163973     DEBUG main            d.u.i.k.p.i.AbstractProblemLoader Environment load took 106.11ns 
163974     INFO  main            d.u.i.k.p.i.AbstractProblemLoader Creating init config 
169349     DEBUG main            d.u.i.k.p.i.AbstractProblemLoader Init config took 5.37s 
169443     INFO  main            d.u.i.k.p.i.AbstractProblemLoader Replaying proof AFilter[ThreadSpec2::startTransfer()].JML model_behavior operation contract.0 
169445     DEBUG main            d.u.i.k.p.i.IntermediateProofReplayer Proof replay took 8.8ns 
169952     INFO  main            d.u.i.k.p.r.p.TestFile    ... finished proof: closed. 
170262     INFO  main            d.u.i.k.p.i.AbstractProblemLoader Loading environment from /home/runner/work/key/key/key.core/../key.ui/examples/heap/permissions/threads/AFilter_startTransfer_contract.key.proof 
170263     DEBUG main            d.u.i.k.p.i.AbstractProblemLoader Environment load took 370.63ns 
170264     INFO  main            d.u.i.k.p.i.AbstractProblemLoader Creating init config 
175593     DEBUG main            d.u.i.k.p.i.AbstractProblemLoader Init config took 5.33s 
175706     INFO  main            d.u.i.k.p.i.AbstractProblemLoader Replaying proof AFilter[ThreadSpec2::startTransfer()].JML model_behavior operation contract.0 
175759     DEBUG main            d.u.i.k.p.i.IntermediateProofReplayer Proof replay took 49.43ms 
175760     DEBUG main            d.u.i.k.p.r.p.TestFile    ... success: reloaded. 
175762     INFO  main            d.u.i.k.p.r.p.TestFile    Now processing file /home/runner/work/key/key/key.core/../key.ui/examples/heap/permissions/threads/AFilter_stateInv_accessible.key 
175762     INFO  main            d.u.i.k.p.i.AbstractProblemLoader Loading environment from /home/runner/work/key/key/key.core/../key.ui/examples/heap/permissions/threads/AFilter_stateInv_accessible.key 
175762     DEBUG main            d.u.i.k.p.i.AbstractProblemLoader Environment load took 142.71ns 
175763     INFO  main            d.u.i.k.p.i.AbstractProblemLoader Creating init config 
181236     DEBUG main            d.u.i.k.p.i.AbstractProblemLoader Init config took 5.47s 
181346     INFO  main            d.u.i.k.p.i.AbstractProblemLoader Replaying proof AFilter[ThreadSpec2::stateInv()].JML accessible clause.0 
181347     DEBUG main            d.u.i.k.p.i.IntermediateProofReplayer Proof replay took 7.7ns 
181750     INFO  main            d.u.i.k.p.r.p.TestFile    ... finished proof: closed. 
182071     INFO  main            d.u.i.k.p.i.AbstractProblemLoader Loading environment from /home/runner/work/key/key/key.core/../key.ui/examples/heap/permissions/threads/AFilter_stateInv_accessible.key.proof 
182071     DEBUG main            d.u.i.k.p.i.AbstractProblemLoader Environment load took 139.11ns 
182073     INFO  main            d.u.i.k.p.i.AbstractProblemLoader Creating init config 
187333     DEBUG main            d.u.i.k.p.i.AbstractProblemLoader Init config took 5.26s 
187428     INFO  main            d.u.i.k.p.i.AbstractProblemLoader Replaying proof AFilter[ThreadSpec2::stateInv()].JML accessible clause.0 
187471     DEBUG main            d.u.i.k.p.i.IntermediateProofReplayer Proof replay took 35.17ms 
187476     DEBUG main            d.u.i.k.p.r.p.TestFile    ... success: reloaded. 
187479     INFO  main            d.u.i.k.p.r.p.TestFile    Now processing file /home/runner/work/key/key/key.core/../key.ui/examples/heap/permissions/threads/AFilter_staticPermissions_accessible.key 
187480     INFO  main            d.u.i.k.p.i.AbstractProblemLoader Loading environment from /home/runner/work/key/key/key.core/../key.ui/examples/heap/permissions/threads/AFilter_staticPermissions_accessible.key 
187480     DEBUG main            d.u.i.k.p.i.AbstractProblemLoader Environment load took 109.51ns 
187481     INFO  main            d.u.i.k.p.i.AbstractProblemLoader Creating init config 
192857     DEBUG main            d.u.i.k.p.i.AbstractProblemLoader Init config took 5.38s 
192969     INFO  main            d.u.i.k.p.i.AbstractProblemLoader Replaying proof AFilter[ThreadSpec2::staticPermissions()].JML accessible clause.0 
192970     DEBUG main            d.u.i.k.p.i.IntermediateProofReplayer Proof replay took 7.2ns 
193072     INFO  main            d.u.i.k.p.r.p.TestFile    ... finished proof: closed. 
193389     INFO  main            d.u.i.k.p.i.AbstractProblemLoader Loading environment from /home/runner/work/key/key/key.core/../key.ui/examples/heap/permissions/threads/AFilter_staticPermissions_accessible.key.proof 
193389     DEBUG main            d.u.i.k.p.i.AbstractProblemLoader Environment load took 131.91ns 
193390     INFO  main            d.u.i.k.p.i.AbstractProblemLoader Creating init config 
198714     DEBUG main            d.u.i.k.p.i.AbstractProblemLoader Init config took 5.32s 
198827     INFO  main            d.u.i.k.p.i.AbstractProblemLoader Replaying proof AFilter[ThreadSpec2::staticPermissions()].JML accessible clause.0 
198838     DEBUG main            d.u.i.k.p.i.IntermediateProofReplayer Proof replay took 8.73ms 
198839     DEBUG main            d.u.i.k.p.r.p.TestFile    ... success: reloaded. 
198841     INFO  main            d.u.i.k.p.r.p.TestFile    Now processing file /home/runner/work/key/key/key.core/../key.ui/examples/heap/permissions/threads/AFilter_workingPermissions_accessible.key 
198841     INFO  main            d.u.i.k.p.i.AbstractProblemLoader Loading environment from /home/runner/work/key/key/key.core/../key.ui/examples/heap/permissions/threads/AFilter_workingPermissions_accessible.key 
198841     DEBUG main            d.u.i.k.p.i.AbstractProblemLoader Environment load took 84.11ns 
198842     INFO  main            d.u.i.k.p.i.AbstractProblemLoader Creating init config 
204253     DEBUG main            d.u.i.k.p.i.AbstractProblemLoader Init config took 5.41s 
204344     INFO  main            d.u.i.k.p.i.AbstractProblemLoader Replaying proof AFilter[ThreadSpec2::workingPermissions()].JML accessible clause.0 
204346     DEBUG main            d.u.i.k.p.i.IntermediateProofReplayer Proof replay took 7.3ns 
204448     INFO  main            d.u.i.k.p.r.p.TestFile    ... finished proof: closed. 
204762     INFO  main            d.u.i.k.p.i.AbstractProblemLoader Loading environment from /home/runner/work/key/key/key.core/../key.ui/examples/heap/permissions/threads/AFilter_workingPermissions_accessible.key.proof 
204762     DEBUG main            d.u.i.k.p.i.AbstractProblemLoader Environment load took 127.51ns 
204764     INFO  main            d.u.i.k.p.i.AbstractProblemLoader Creating init config 
210096     DEBUG main            d.u.i.k.p.i.AbstractProblemLoader Init config took 5.33s 
210212     INFO  main            d.u.i.k.p.i.AbstractProblemLoader Replaying proof AFilter[ThreadSpec2::workingPermissions()].JML accessible clause.0 
210224     DEBUG main            d.u.i.k.p.i.IntermediateProofReplayer Proof replay took 8.18ms 
210225     DEBUG main            d.u.i.k.p.r.p.TestFile    ... success: reloaded. 
210226     INFO  main            d.u.i.k.p.r.p.TestFile    Now processing file /home/runner/work/key/key/key.core/../key.ui/examples/heap/permissions/threads/BFilter_BFilter.key 
210226     INFO  main            d.u.i.k.p.i.AbstractProblemLoader Loading environment from /home/runner/work/key/key/key.core/../key.ui/examples/heap/permissions/threads/BFilter_BFilter.key 
210226     DEBUG main            d.u.i.k.p.i.AbstractProblemLoader Environment load took 101.51ns 
210227     INFO  main            d.u.i.k.p.i.AbstractProblemLoader Creating init config 
215625     DEBUG main            d.u.i.k.p.i.AbstractProblemLoader Init config took 5.4s 
215720     INFO  main            d.u.i.k.p.i.AbstractProblemLoader Replaying proof BFilter[BFilter::BFilter(Sampler,Buffer)].JML normal_behavior operation contract.0 
215722     DEBUG main            d.u.i.k.p.i.IntermediateProofReplayer Proof replay took 8.2ns 
216928     INFO  main            d.u.i.k.p.r.p.TestFile    ... finished proof: closed. 
217296     INFO  main            d.u.i.k.p.i.AbstractProblemLoader Loading environment from /home/runner/work/key/key/key.core/../key.ui/examples/heap/permissions/threads/BFilter_BFilter.key.proof 
217296     DEBUG main            d.u.i.k.p.i.AbstractProblemLoader Environment load took 424.33ns 
217298     INFO  main            d.u.i.k.p.i.AbstractProblemLoader Creating init config 
222542     DEBUG main            d.u.i.k.p.i.AbstractProblemLoader Init config took 5.24s 
222634     INFO  main            d.u.i.k.p.i.AbstractProblemLoader Replaying proof BFilter[BFilter::BFilter(Sampler,Buffer)].JML normal_behavior operation contract.0 
222786     DEBUG main            d.u.i.k.p.i.IntermediateProofReplayer Proof replay took 148.19ms 
222787     DEBUG main            d.u.i.k.p.r.p.TestFile    ... success: reloaded. 
222789     INFO  main            d.u.i.k.p.r.p.TestFile    Now processing file /home/runner/work/key/key/key.core/../key.ui/examples/heap/permissions/threads/BFilter_initPost_accessible.key 
222789     INFO  main            d.u.i.k.p.i.AbstractProblemLoader Loading environment from /home/runner/work/key/key/key.core/../key.ui/examples/heap/permissions/threads/BFilter_initPost_accessible.key 
222789     DEBUG main            d.u.i.k.p.i.AbstractProblemLoader Environment load took 230.51ns 
222790     INFO  main            d.u.i.k.p.i.AbstractProblemLoader Creating init config 
228182     DEBUG main            d.u.i.k.p.i.AbstractProblemLoader Init config took 5.39s 
228271     INFO  main            d.u.i.k.p.i.AbstractProblemLoader Replaying proof BFilter[ThreadSpec2::initPost()].JML accessible clause.0 
228274     DEBUG main            d.u.i.k.p.i.IntermediateProofReplayer Proof replay took 7.4ns 
228376     INFO  main            d.u.i.k.p.r.p.TestFile    ... finished proof: closed. 
228705     INFO  main            d.u.i.k.p.i.AbstractProblemLoader Loading environment from /home/runner/work/key/key/key.core/../key.ui/examples/heap/permissions/threads/BFilter_initPost_accessible.key.proof 
228705     DEBUG main            d.u.i.k.p.i.AbstractProblemLoader Environment load took 120.91ns 
228706     INFO  main            d.u.i.k.p.i.AbstractProblemLoader Creating init config 
234061     DEBUG main            d.u.i.k.p.i.AbstractProblemLoader Init config took 5.35s 
234158     INFO  main            d.u.i.k.p.i.AbstractProblemLoader Replaying proof BFilter[ThreadSpec2::initPost()].JML accessible clause.0 
234169     DEBUG main            d.u.i.k.p.i.IntermediateProofReplayer Proof replay took 9.25ms 
234170     DEBUG main            d.u.i.k.p.r.p.TestFile    ... success: reloaded. 
234171     INFO  main            d.u.i.k.p.r.p.TestFile    Now processing file /home/runner/work/key/key/key.core/../key.ui/examples/heap/permissions/threads/BFilter_inv_accessible1.key 
234171     INFO  main            d.u.i.k.p.i.AbstractProblemLoader Loading environment from /home/runner/work/key/key/key.core/../key.ui/examples/heap/permissions/threads/BFilter_inv_accessible1.key 
234171     DEBUG main            d.u.i.k.p.i.AbstractProblemLoader Environment load took 122.41ns 
234172     INFO  main            d.u.i.k.p.i.AbstractProblemLoader Creating init config 
239608     DEBUG main            d.u.i.k.p.i.AbstractProblemLoader Init config took 5.44s 
239704     INFO  main            d.u.i.k.p.i.AbstractProblemLoader Replaying proof BFilter[java.lang.Object::<inv>()].JML accessible clause.0 
239706     DEBUG main            d.u.i.k.p.i.IntermediateProofReplayer Proof replay took 9.3ns 
239808     INFO  main            d.u.i.k.p.r.p.TestFile    ... finished proof: closed. 
240152     INFO  main            d.u.i.k.p.i.AbstractProblemLoader Loading environment from /home/runner/work/key/key/key.core/../key.ui/examples/heap/permissions/threads/BFilter_inv_accessible1.key.proof 
240153     DEBUG main            d.u.i.k.p.i.AbstractProblemLoader Environment load took 1.12ms 
240155     INFO  main            d.u.i.k.p.i.AbstractProblemLoader Creating init config 
245491     DEBUG main            d.u.i.k.p.i.AbstractProblemLoader Init config took 5.34s 
245585     INFO  main            d.u.i.k.p.i.AbstractProblemLoader Replaying proof BFilter[java.lang.Object::<inv>()].JML accessible clause.0 
245588     DEBUG main            d.u.i.k.p.i.IntermediateProofReplayer Proof replay took 1.87ms 
245589     DEBUG main            d.u.i.k.p.r.p.TestFile    ... success: reloaded. 
245590     INFO  main            d.u.i.k.p.r.p.TestFile    Now processing file /home/runner/work/key/key/key.core/../key.ui/examples/heap/permissions/threads/BFilter_inv_accessible2.key 
245591     INFO  main            d.u.i.k.p.i.AbstractProblemLoader Loading environment from /home/runner/work/key/key/key.core/../key.ui/examples/heap/permissions/threads/BFilter_inv_accessible2.key 
245591     DEBUG main            d.u.i.k.p.i.AbstractProblemLoader Environment load took 116.31ns 
245592     INFO  main            d.u.i.k.p.i.AbstractProblemLoader Creating init config 
250877     DEBUG main            d.u.i.k.p.i.AbstractProblemLoader Init config took 5.29s 
250969     INFO  main            d.u.i.k.p.i.AbstractProblemLoader Replaying proof BFilter[java.lang.Object::<inv>()].JML accessible clause.1 
250976     DEBUG main            d.u.i.k.p.i.IntermediateProofReplayer Proof replay took 7.3ns 
251078     INFO  main            d.u.i.k.p.r.p.TestFile    ... finished proof: closed. 
251420     INFO  main            d.u.i.k.p.i.AbstractProblemLoader Loading environment from /home/runner/work/key/key/key.core/../key.ui/examples/heap/permissions/threads/BFilter_inv_accessible2.key.proof 
251420     DEBUG main            d.u.i.k.p.i.AbstractProblemLoader Environment load took 117.31ns 
251421     INFO  main            d.u.i.k.p.i.AbstractProblemLoader Creating init config 
256641     DEBUG main            d.u.i.k.p.i.AbstractProblemLoader Init config took 5.22s 
256755     INFO  main            d.u.i.k.p.i.AbstractProblemLoader Replaying proof BFilter[java.lang.Object::<inv>()].JML accessible clause.1 
256758     DEBUG main            d.u.i.k.p.i.IntermediateProofReplayer Proof replay took 1.98ms 
256759     DEBUG main            d.u.i.k.p.r.p.TestFile    ... success: reloaded. 
256760     INFO  main            d.u.i.k.p.r.p.TestFile    Now processing file /home/runner/work/key/key/key.core/../key.ui/examples/heap/permissions/threads/BFilter_joinTransfer_accessible.key 
256761     INFO  main            d.u.i.k.p.i.AbstractProblemLoader Loading environment from /home/runner/work/key/key/key.core/../key.ui/examples/heap/permissions/threads/BFilter_joinTransfer_accessible.key 
256761     DEBUG main            d.u.i.k.p.i.AbstractProblemLoader Environment load took 138.11ns 
256762     INFO  main            d.u.i.k.p.i.AbstractProblemLoader Creating init config 
262163     DEBUG main            d.u.i.k.p.i.AbstractProblemLoader Init config took 5.4s 
262255     INFO  main            d.u.i.k.p.i.AbstractProblemLoader Replaying proof BFilter[ThreadSpec2::joinTransfer()].JML accessible clause.0 
262256     DEBUG main            d.u.i.k.p.i.IntermediateProofReplayer Proof replay took 6.4ns 
266069     INFO  main            d.u.i.k.p.r.p.TestFile    ... finished proof: closed. 
266446     INFO  main            d.u.i.k.p.i.AbstractProblemLoader Loading environment from /home/runner/work/key/key/key.core/../key.ui/examples/heap/permissions/threads/BFilter_joinTransfer_accessible.key.proof 
266447     DEBUG main            d.u.i.k.p.i.AbstractProblemLoader Environment load took 946.77ns 
266450     INFO  main            d.u.i.k.p.i.AbstractProblemLoader Creating init config 
271675     DEBUG main            d.u.i.k.p.i.AbstractProblemLoader Init config took 5.23s 
271780     INFO  main            d.u.i.k.p.i.AbstractProblemLoader Replaying proof BFilter[ThreadSpec2::joinTransfer()].JML accessible clause.0 
272029     DEBUG main            d.u.i.k.p.i.IntermediateProofReplayer Proof replay took 240.46ms 
272030     DEBUG main            d.u.i.k.p.r.p.TestFile    ... success: reloaded. 
272032     INFO  main            d.u.i.k.p.r.p.TestFile    Now processing file /home/runner/work/key/key/key.core/../key.ui/examples/heap/permissions/threads/BFilter_joinTransfer_contract.key 
272032     INFO  main            d.u.i.k.p.i.AbstractProblemLoader Loading environment from /home/runner/work/key/key/key.core/../key.ui/examples/heap/permissions/threads/BFilter_joinTransfer_contract.key 
272032     DEBUG main            d.u.i.k.p.i.AbstractProblemLoader Environment load took 112.61ns 
272033     INFO  main            d.u.i.k.p.i.AbstractProblemLoader Creating init config 
277403     DEBUG main            d.u.i.k.p.i.AbstractProblemLoader Init config took 5.37s 
277500     INFO  main            d.u.i.k.p.i.AbstractProblemLoader Replaying proof BFilter[ThreadSpec2::joinTransfer()].JML model_behavior operation contract.0 
277501     DEBUG main            d.u.i.k.p.i.IntermediateProofReplayer Proof replay took 8.6ns 
277603     INFO  main            d.u.i.k.p.r.p.TestFile    ... finished proof: closed. 
277966     INFO  main            d.u.i.k.p.i.AbstractProblemLoader Loading environment from /home/runner/work/key/key/key.core/../key.ui/examples/heap/permissions/threads/BFilter_joinTransfer_contract.key.proof 
277966     DEBUG main            d.u.i.k.p.i.AbstractProblemLoader Environment load took 108.81ns 
277967     INFO  main            d.u.i.k.p.i.AbstractProblemLoader Creating init config 
283175     DEBUG main            d.u.i.k.p.i.AbstractProblemLoader Init config took 5.21s 
283265     INFO  main            d.u.i.k.p.i.AbstractProblemLoader Replaying proof BFilter[ThreadSpec2::joinTransfer()].JML model_behavior operation contract.0 
283274     DEBUG main            d.u.i.k.p.i.IntermediateProofReplayer Proof replay took 7.46ms 
283276     DEBUG main            d.u.i.k.p.r.p.TestFile    ... success: reloaded. 
283277     INFO  main            d.u.i.k.p.r.p.TestFile    Now processing file /home/runner/work/key/key/key.core/../key.ui/examples/heap/permissions/threads/BFilter_postJoin_accessible.key 
283277     INFO  main            d.u.i.k.p.i.AbstractProblemLoader Loading environment from /home/runner/work/key/key/key.core/../key.ui/examples/heap/permissions/threads/BFilter_postJoin_accessible.key 
283277     DEBUG main            d.u.i.k.p.i.AbstractProblemLoader Environment load took 117.31ns 
283279     INFO  main            d.u.i.k.p.i.AbstractProblemLoader Creating init config 
288639     DEBUG main            d.u.i.k.p.i.AbstractProblemLoader Init config took 5.36s 
288732     INFO  main            d.u.i.k.p.i.AbstractProblemLoader Replaying proof BFilter[ThreadSpec2::postJoin(java.lang.Object)].JML accessible clause.0 
288734     DEBUG main            d.u.i.k.p.i.IntermediateProofReplayer Proof replay took 8.6ns 
288838     INFO  main            d.u.i.k.p.r.p.TestFile    ... finished proof: closed. 
289252     INFO  main            d.u.i.k.p.i.AbstractProblemLoader Loading environment from /home/runner/work/key/key/key.core/../key.ui/examples/heap/permissions/threads/BFilter_postJoin_accessible.key.proof 
289252     DEBUG main            d.u.i.k.p.i.AbstractProblemLoader Environment load took 127.71ns 
289253     INFO  main            d.u.i.k.p.i.AbstractProblemLoader Creating init config 
294588     DEBUG main            d.u.i.k.p.i.AbstractProblemLoader Init config took 5.34s 
294681     INFO  main            d.u.i.k.p.i.AbstractProblemLoader Replaying proof BFilter[ThreadSpec2::postJoin(java.lang.Object)].JML accessible clause.0 
294689     DEBUG main            d.u.i.k.p.i.IntermediateProofReplayer Proof replay took 5.82ms 
294690     DEBUG main            d.u.i.k.p.r.p.TestFile    ... success: reloaded. 
294691     INFO  main            d.u.i.k.p.r.p.TestFile    Now processing file /home/runner/work/key/key/key.core/../key.ui/examples/heap/permissions/threads/BFilter_preStart_accessible.key 
294692     INFO  main            d.u.i.k.p.i.AbstractProblemLoader Loading environment from /home/runner/work/key/key/key.core/../key.ui/examples/heap/permissions/threads/BFilter_preStart_accessible.key 
294692     DEBUG main            d.u.i.k.p.i.AbstractProblemLoader Environment load took 221.62ns 
294693     INFO  main            d.u.i.k.p.i.AbstractProblemLoader Creating init config 
299918     DEBUG main            d.u.i.k.p.i.AbstractProblemLoader Init config took 5.23s 
300026     INFO  main            d.u.i.k.p.i.AbstractProblemLoader Replaying proof BFilter[ThreadSpec2::preStart(java.lang.Object)].JML accessible clause.0 
300028     DEBUG main            d.u.i.k.p.i.IntermediateProofReplayer Proof replay took 8.4ns 
300330     INFO  main            d.u.i.k.p.r.p.TestFile    ... finished proof: closed. 
300718     INFO  main            d.u.i.k.p.i.AbstractProblemLoader Loading environment from /home/runner/work/key/key/key.core/../key.ui/examples/heap/permissions/threads/BFilter_preStart_accessible.key.proof 
300719     DEBUG main            d.u.i.k.p.i.AbstractProblemLoader Environment load took 102.11ns 
300720     INFO  main            d.u.i.k.p.i.AbstractProblemLoader Creating init config 
306008     DEBUG main            d.u.i.k.p.i.AbstractProblemLoader Init config took 5.29s 
306102     INFO  main            d.u.i.k.p.i.AbstractProblemLoader Replaying proof BFilter[ThreadSpec2::preStart(java.lang.Object)].JML accessible clause.0 
306127     DEBUG main            d.u.i.k.p.i.IntermediateProofReplayer Proof replay took 22.77ms 
306128     DEBUG main            d.u.i.k.p.r.p.TestFile    ... success: reloaded. 
306129     INFO  main            d.u.i.k.p.r.p.TestFile    Now processing file /home/runner/work/key/key/key.core/../key.ui/examples/heap/permissions/threads/BFilter_startTransfer_accessible.key 
306130     INFO  main            d.u.i.k.p.i.AbstractProblemLoader Loading environment from /home/runner/work/key/key/key.core/../key.ui/examples/heap/permissions/threads/BFilter_startTransfer_accessible.key 
306130     DEBUG main            d.u.i.k.p.i.AbstractProblemLoader Environment load took 87.81ns 
306131     INFO  main            d.u.i.k.p.i.AbstractProblemLoader Creating init config 
311509     DEBUG main            d.u.i.k.p.i.AbstractProblemLoader Init config took 5.38s 
311598     INFO  main            d.u.i.k.p.i.AbstractProblemLoader Replaying proof BFilter[ThreadSpec2::startTransfer()].JML accessible clause.0 
311600     DEBUG main            d.u.i.k.p.i.IntermediateProofReplayer Proof replay took 9ns 
318434     INFO  main            d.u.i.k.p.r.p.TestFile    ... finished proof: closed. 
318857     INFO  main            d.u.i.k.p.i.AbstractProblemLoader Loading environment from /home/runner/work/key/key/key.core/../key.ui/examples/heap/permissions/threads/BFilter_startTransfer_accessible.key.proof 
318858     DEBUG main            d.u.i.k.p.i.AbstractProblemLoader Environment load took 372.72ns 
318859     INFO  main            d.u.i.k.p.i.AbstractProblemLoader Creating init config 
324337     DEBUG main            d.u.i.k.p.i.AbstractProblemLoader Init config took 5.48s 
324454     INFO  main            d.u.i.k.p.i.AbstractProblemLoader Replaying proof BFilter[ThreadSpec2::startTransfer()].JML accessible clause.0 
324821     DEBUG main            d.u.i.k.p.i.IntermediateProofReplayer Proof replay took 356.51ms 
324823     DEBUG main            d.u.i.k.p.r.p.TestFile    ... success: reloaded. 
324824     INFO  main            d.u.i.k.p.r.p.TestFile    Now processing file /home/runner/work/key/key/key.core/../key.ui/examples/heap/permissions/threads/BFilter_startTransfer_contract.key 
324824     INFO  main            d.u.i.k.p.i.AbstractProblemLoader Loading environment from /home/runner/work/key/key/key.core/../key.ui/examples/heap/permissions/threads/BFilter_startTransfer_contract.key 
324824     DEBUG main            d.u.i.k.p.i.AbstractProblemLoader Environment load took 189.21ns 
324825     INFO  main            d.u.i.k.p.i.AbstractProblemLoader Creating init config 
330213     DEBUG main            d.u.i.k.p.i.AbstractProblemLoader Init config took 5.39s 
330310     INFO  main            d.u.i.k.p.i.AbstractProblemLoader Replaying proof BFilter[ThreadSpec2::startTransfer()].JML model_behavior operation contract.0 
330312     DEBUG main            d.u.i.k.p.i.IntermediateProofReplayer Proof replay took 7.4ns 
331628     INFO  main            d.u.i.k.p.r.p.TestFile    ... finished proof: closed. 
332021     INFO  main            d.u.i.k.p.i.AbstractProblemLoader Loading environment from /home/runner/work/key/key/key.core/../key.ui/examples/heap/permissions/threads/BFilter_startTransfer_contract.key.proof 
332021     DEBUG main            d.u.i.k.p.i.AbstractProblemLoader Environment load took 115.31ns 
332022     INFO  main            d.u.i.k.p.i.AbstractProblemLoader Creating init config 
337299     DEBUG main            d.u.i.k.p.i.AbstractProblemLoader Init config took 5.28s 
337389     INFO  main            d.u.i.k.p.i.AbstractProblemLoader Replaying proof BFilter[ThreadSpec2::startTransfer()].JML model_behavior operation contract.0 
337499     DEBUG main            d.u.i.k.p.i.IntermediateProofReplayer Proof replay took 103.87ms 
337501     DEBUG main            d.u.i.k.p.r.p.TestFile    ... success: reloaded. 
337502     INFO  main            d.u.i.k.p.r.p.TestFile    Now processing file /home/runner/work/key/key/key.core/../key.ui/examples/heap/permissions/threads/BFilter_stateInv_accessible.key 
337502     INFO  main            d.u.i.k.p.i.AbstractProblemLoader Loading environment from /home/runner/work/key/key/key.core/../key.ui/examples/heap/permissions/threads/BFilter_stateInv_accessible.key 
337502     DEBUG main            d.u.i.k.p.i.AbstractProblemLoader Environment load took 71.2ns 
337503     INFO  main            d.u.i.k.p.i.AbstractProblemLoader Creating init config 
342943     DEBUG main            d.u.i.k.p.i.AbstractProblemLoader Init config took 5.44s 
343034     INFO  main            d.u.i.k.p.i.AbstractProblemLoader Replaying proof BFilter[ThreadSpec2::stateInv()].JML accessible clause.0 
343035     DEBUG main            d.u.i.k.p.i.IntermediateProofReplayer Proof replay took 8.8ns 
343439     INFO  main            d.u.i.k.p.r.p.TestFile    ... finished proof: closed. 
343870     INFO  main            d.u.i.k.p.i.AbstractProblemLoader Loading environment from /home/runner/work/key/key/key.core/../key.ui/examples/heap/permissions/threads/BFilter_stateInv_accessible.key.proof 
343870     DEBUG main            d.u.i.k.p.i.AbstractProblemLoader Environment load took 105.01ns 
343871     INFO  main            d.u.i.k.p.i.AbstractProblemLoader Creating init config 
349155     DEBUG main            d.u.i.k.p.i.AbstractProblemLoader Init config took 5.28s 
349252     INFO  main            d.u.i.k.p.i.AbstractProblemLoader Replaying proof BFilter[ThreadSpec2::stateInv()].JML accessible clause.0 
349285     DEBUG main            d.u.i.k.p.i.IntermediateProofReplayer Proof replay took 29.95ms 
349286     DEBUG main            d.u.i.k.p.r.p.TestFile    ... success: reloaded. 
349287     INFO  main            d.u.i.k.p.r.p.TestFile    Now processing file /home/runner/work/key/key/key.core/../key.ui/examples/heap/permissions/threads/BFilter_staticPermissions_accessible.key 
349287     INFO  main            d.u.i.k.p.i.AbstractProblemLoader Loading environment from /home/runner/work/key/key/key.core/../key.ui/examples/heap/permissions/threads/BFilter_staticPermissions_accessible.key 
349287     DEBUG main            d.u.i.k.p.i.AbstractProblemLoader Environment load took 70.4ns 
349288     INFO  main            d.u.i.k.p.i.AbstractProblemLoader Creating init config 
354719     DEBUG main            d.u.i.k.p.i.AbstractProblemLoader Init config took 5.43s 
354817     INFO  main            d.u.i.k.p.i.AbstractProblemLoader Replaying proof BFilter[ThreadSpec2::staticPermissions()].JML accessible clause.0 
354819     DEBUG main            d.u.i.k.p.i.IntermediateProofReplayer Proof replay took 8.3ns 
354921     INFO  main            d.u.i.k.p.r.p.TestFile    ... finished proof: closed. 
355347     INFO  main            d.u.i.k.p.i.AbstractProblemLoader Loading environment from /home/runner/work/key/key/key.core/../key.ui/examples/heap/permissions/threads/BFilter_staticPermissions_accessible.key.proof 
355347     DEBUG main            d.u.i.k.p.i.AbstractProblemLoader Environment load took 106.71ns 
355348     INFO  main            d.u.i.k.p.i.AbstractProblemLoader Creating init config 
360634     DEBUG main            d.u.i.k.p.i.AbstractProblemLoader Init config took 5.29s 
360723     INFO  main            d.u.i.k.p.i.AbstractProblemLoader Replaying proof BFilter[ThreadSpec2::staticPermissions()].JML accessible clause.0 
360733     DEBUG main            d.u.i.k.p.i.IntermediateProofReplayer Proof replay took 7.73ms 
360733     DEBUG main            d.u.i.k.p.r.p.TestFile    ... success: reloaded. 
360734     INFO  main            d.u.i.k.p.r.p.TestFile    Now processing file /home/runner/work/key/key/key.core/../key.ui/examples/heap/permissions/threads/BFilter_workingPermissions_accessible.key 
360735     INFO  main            d.u.i.k.p.i.AbstractProblemLoader Loading environment from /home/runner/work/key/key/key.core/../key.ui/examples/heap/permissions/threads/BFilter_workingPermissions_accessible.key 
360735     DEBUG main            d.u.i.k.p.i.AbstractProblemLoader Environment load took 80.5ns 
360736     INFO  main            d.u.i.k.p.i.AbstractProblemLoader Creating init config 
366120     DEBUG main            d.u.i.k.p.i.AbstractProblemLoader Init config took 5.38s 
366231     INFO  main            d.u.i.k.p.i.AbstractProblemLoader Replaying proof BFilter[ThreadSpec2::workingPermissions()].JML accessible clause.0 
366233     DEBUG main            d.u.i.k.p.i.IntermediateProofReplayer Proof replay took 7.7ns 
366335     INFO  main            d.u.i.k.p.r.p.TestFile    ... finished proof: closed. 
366751     INFO  main            d.u.i.k.p.i.AbstractProblemLoader Loading environment from /home/runner/work/key/key/key.core/../key.ui/examples/heap/permissions/threads/BFilter_workingPermissions_accessible.key.proof 
366751     DEBUG main            d.u.i.k.p.i.AbstractProblemLoader Environment load took 105.41ns 
366752     INFO  main            d.u.i.k.p.i.AbstractProblemLoader Creating init config 
372124     DEBUG main            d.u.i.k.p.i.AbstractProblemLoader Init config took 5.37s 
372216     INFO  main            d.u.i.k.p.i.AbstractProblemLoader Replaying proof BFilter[ThreadSpec2::workingPermissions()].JML accessible clause.0 
372260     DEBUG main            d.u.i.k.p.i.IntermediateProofReplayer Proof replay took 42.83ms 
372262     DEBUG main            d.u.i.k.p.r.p.TestFile    ... success: reloaded. 
372263     INFO  main            d.u.i.k.p.r.p.TestFile    Now processing file /home/runner/work/key/key/key.core/../key.ui/examples/heap/permissions/threads/Fib_Fib.key 
372263     INFO  main            d.u.i.k.p.i.AbstractProblemLoader Loading environment from /home/runner/work/key/key/key.core/../key.ui/examples/heap/permissions/threads/Fib_Fib.key 
372263     DEBUG main            d.u.i.k.p.i.AbstractProblemLoader Environment load took 87.1ns 
372264     INFO  main            d.u.i.k.p.i.AbstractProblemLoader Creating init config 
377653     DEBUG main            d.u.i.k.p.i.AbstractProblemLoader Init config took 5.39s 
377744     INFO  main            d.u.i.k.p.i.AbstractProblemLoader Replaying proof Fib[Fib::Fib(int)].JML normal_behavior operation contract.0 
377745     DEBUG main            d.u.i.k.p.i.IntermediateProofReplayer Proof replay took 8.3ns 
378549     INFO  main            d.u.i.k.p.r.p.TestFile    ... finished proof: closed. 
379012     INFO  main            d.u.i.k.p.i.AbstractProblemLoader Loading environment from /home/runner/work/key/key/key.core/../key.ui/examples/heap/permissions/threads/Fib_Fib.key.proof 
379012     DEBUG main            d.u.i.k.p.i.AbstractProblemLoader Environment load took 105.01ns 
379013     INFO  main            d.u.i.k.p.i.AbstractProblemLoader Creating init config 
384316     DEBUG main            d.u.i.k.p.i.AbstractProblemLoader Init config took 5.3s 
384407     INFO  main            d.u.i.k.p.i.AbstractProblemLoader Replaying proof Fib[Fib::Fib(int)].JML normal_behavior operation contract.0 
384508     DEBUG main            d.u.i.k.p.i.IntermediateProofReplayer Proof replay took 93.39ms 
384510     DEBUG main            d.u.i.k.p.r.p.TestFile    ... success: reloaded. 
384511     INFO  main            d.u.i.k.p.r.p.TestFile    Now processing file /home/runner/work/key/key/key.core/../key.ui/examples/heap/permissions/threads/Fib_initPost_accessible.key 
384511     INFO  main            d.u.i.k.p.i.AbstractProblemLoader Loading environment from /home/runner/work/key/key/key.core/../key.ui/examples/heap/permissions/threads/Fib_initPost_accessible.key 
384511     DEBUG main            d.u.i.k.p.i.AbstractProblemLoader Environment load took 59.9ns 
384512     INFO  main            d.u.i.k.p.i.AbstractProblemLoader Creating init config 
389858     DEBUG main            d.u.i.k.p.i.AbstractProblemLoader Init config took 5.35s 
389967     INFO  main            d.u.i.k.p.i.AbstractProblemLoader Replaying proof Fib[ThreadSpec::initPost()].JML accessible clause.0 
389970     DEBUG main            d.u.i.k.p.i.IntermediateProofReplayer Proof replay took 10.4ns 
390072     INFO  main            d.u.i.k.p.r.p.TestFile    ... finished proof: closed. 
390508     INFO  main            d.u.i.k.p.i.AbstractProblemLoader Loading environment from /home/runner/work/key/key/key.core/../key.ui/examples/heap/permissions/threads/Fib_initPost_accessible.key.proof 
390508     DEBUG main            d.u.i.k.p.i.AbstractProblemLoader Environment load took 101.81ns 
390509     INFO  main            d.u.i.k.p.i.AbstractProblemLoader Creating init config 
395673     DEBUG main            d.u.i.k.p.i.AbstractProblemLoader Init config took 5.16s 
395773     INFO  main            d.u.i.k.p.i.AbstractProblemLoader Replaying proof Fib[ThreadSpec::initPost()].JML accessible clause.0 
395779     DEBUG main            d.u.i.k.p.i.IntermediateProofReplayer Proof replay took 4.84ms 
395780     DEBUG main            d.u.i.k.p.r.p.TestFile    ... success: reloaded. 
395781     INFO  main            d.u.i.k.p.r.p.TestFile    Now processing file /home/runner/work/key/key/key.core/../key.ui/examples/heap/permissions/threads/Fib_inv1_accessible.key 
395781     INFO  main            d.u.i.k.p.i.AbstractProblemLoader Loading environment from /home/runner/work/key/key/key.core/../key.ui/examples/heap/permissions/threads/Fib_inv1_accessible.key 
395781     DEBUG main            d.u.i.k.p.i.AbstractProblemLoader Environment load took 81.41ns 
395782     INFO  main            d.u.i.k.p.i.AbstractProblemLoader Creating init config 
401185     DEBUG main            d.u.i.k.p.i.AbstractProblemLoader Init config took 5.4s 
401277     INFO  main            d.u.i.k.p.i.AbstractProblemLoader Replaying proof Fib[java.lang.Object::<inv>()].JML accessible clause.0 
401279     DEBUG main            d.u.i.k.p.i.IntermediateProofReplayer Proof replay took 7.5ns 
401381     INFO  main            d.u.i.k.p.r.p.TestFile    ... finished proof: closed. 
401822     INFO  main            d.u.i.k.p.i.AbstractProblemLoader Loading environment from /home/runner/work/key/key/key.core/../key.ui/examples/heap/permissions/threads/Fib_inv1_accessible.key.proof 
401822     DEBUG main            d.u.i.k.p.i.AbstractProblemLoader Environment load took 105.41ns 
401823     INFO  main            d.u.i.k.p.i.AbstractProblemLoader Creating init config 
407077     DEBUG main            d.u.i.k.p.i.AbstractProblemLoader Init config took 5.25s 
407166     INFO  main            d.u.i.k.p.i.AbstractProblemLoader Replaying proof Fib[java.lang.Object::<inv>()].JML accessible clause.0 
407170     DEBUG main            d.u.i.k.p.i.IntermediateProofReplayer Proof replay took 1.59ms 
407170     DEBUG main            d.u.i.k.p.r.p.TestFile    ... success: reloaded. 
407171     INFO  main            d.u.i.k.p.r.p.TestFile    Now processing file /home/runner/work/key/key/key.core/../key.ui/examples/heap/permissions/threads/Fib_inv2_accessible.key 
407172     INFO  main            d.u.i.k.p.i.AbstractProblemLoader Loading environment from /home/runner/work/key/key/key.core/../key.ui/examples/heap/permissions/threads/Fib_inv2_accessible.key 
407172     DEBUG main            d.u.i.k.p.i.AbstractProblemLoader Environment load took 81.71ns 
407173     INFO  main            d.u.i.k.p.i.AbstractProblemLoader Creating init config 
412487     DEBUG main            d.u.i.k.p.i.AbstractProblemLoader Init config took 5.31s 
412576     INFO  main            d.u.i.k.p.i.AbstractProblemLoader Replaying proof Fib[java.lang.Object::<inv>()].JML accessible clause.1 
412578     DEBUG main            d.u.i.k.p.i.IntermediateProofReplayer Proof replay took 8.5ns 
412680     INFO  main            d.u.i.k.p.r.p.TestFile    ... finished proof: closed. 
413125     INFO  main            d.u.i.k.p.i.AbstractProblemLoader Loading environment from /home/runner/work/key/key/key.core/../key.ui/examples/heap/permissions/threads/Fib_inv2_accessible.key.proof 
413125     DEBUG main            d.u.i.k.p.i.AbstractProblemLoader Environment load took 91.51ns 
413126     INFO  main            d.u.i.k.p.i.AbstractProblemLoader Creating init config 
418378     DEBUG main            d.u.i.k.p.i.AbstractProblemLoader Init config took 5.25s 
418487     INFO  main            d.u.i.k.p.i.AbstractProblemLoader Replaying proof Fib[java.lang.Object::<inv>()].JML accessible clause.1 
418490     DEBUG main            d.u.i.k.p.i.IntermediateProofReplayer Proof replay took 1.69ms 
418491     DEBUG main            d.u.i.k.p.r.p.TestFile    ... success: reloaded. 
418492     INFO  main            d.u.i.k.p.r.p.TestFile    Now processing file /home/runner/work/key/key/key.core/../key.ui/examples/heap/permissions/threads/Fib_joinTransfer_accessible.key 
418493     INFO  main            d.u.i.k.p.i.AbstractProblemLoader Loading environment from /home/runner/work/key/key/key.core/../key.ui/examples/heap/permissions/threads/Fib_joinTransfer_accessible.key 
418493     DEBUG main            d.u.i.k.p.i.AbstractProblemLoader Environment load took 62.1ns 
418494     INFO  main            d.u.i.k.p.i.AbstractProblemLoader Creating init config 
423969     DEBUG main            d.u.i.k.p.i.AbstractProblemLoader Init config took 5.48s 
424062     INFO  main            d.u.i.k.p.i.AbstractProblemLoader Replaying proof Fib[ThreadSpec::joinTransfer()].JML accessible clause.0 
424064     DEBUG main            d.u.i.k.p.i.IntermediateProofReplayer Proof replay took 8.4ns 
424266     INFO  main            d.u.i.k.p.r.p.TestFile    ... finished proof: closed. 
424734     INFO  main            d.u.i.k.p.i.AbstractProblemLoader Loading environment from /home/runner/work/key/key/key.core/../key.ui/examples/heap/permissions/threads/Fib_joinTransfer_accessible.key.proof 
424734     DEBUG main            d.u.i.k.p.i.AbstractProblemLoader Environment load took 133.91ns 
424735     INFO  main            d.u.i.k.p.i.AbstractProblemLoader Creating init config 
429934     DEBUG main            d.u.i.k.p.i.AbstractProblemLoader Init config took 5.2s 
430039     INFO  main            d.u.i.k.p.i.AbstractProblemLoader Replaying proof Fib[ThreadSpec::joinTransfer()].JML accessible clause.0 
430061     DEBUG main            d.u.i.k.p.i.IntermediateProofReplayer Proof replay took 19.99ms 
430062     DEBUG main            d.u.i.k.p.r.p.TestFile    ... success: reloaded. 
430063     INFO  main            d.u.i.k.p.r.p.TestFile    Now processing file /home/runner/work/key/key/key.core/../key.ui/examples/heap/permissions/threads/Fib_joinTransfer_contract.key 
430064     INFO  main            d.u.i.k.p.i.AbstractProblemLoader Loading environment from /home/runner/work/key/key/key.core/../key.ui/examples/heap/permissions/threads/Fib_joinTransfer_contract.key 
430064     DEBUG main            d.u.i.k.p.i.AbstractProblemLoader Environment load took 205.42ns 
430065     INFO  main            d.u.i.k.p.i.AbstractProblemLoader Creating init config 
435373     DEBUG main            d.u.i.k.p.i.AbstractProblemLoader Init config took 5.31s 
435471     INFO  main            d.u.i.k.p.i.AbstractProblemLoader Replaying proof Fib[ThreadSpec::joinTransfer()].JML model_behavior operation contract.0 
435473     DEBUG main            d.u.i.k.p.i.IntermediateProofReplayer Proof replay took 7.7ns 
435575     INFO  main            d.u.i.k.p.r.p.TestFile    ... finished proof: closed. 
436041     INFO  main            d.u.i.k.p.i.AbstractProblemLoader Loading environment from /home/runner/work/key/key/key.core/../key.ui/examples/heap/permissions/threads/Fib_joinTransfer_contract.key.proof 
436041     DEBUG main            d.u.i.k.p.i.AbstractProblemLoader Environment load took 108.61ns 
436042     INFO  main            d.u.i.k.p.i.AbstractProblemLoader Creating init config 
441195     DEBUG main            d.u.i.k.p.i.AbstractProblemLoader Init config took 5.15s 
441289     INFO  main            d.u.i.k.p.i.AbstractProblemLoader Replaying proof Fib[ThreadSpec::joinTransfer()].JML model_behavior operation contract.0 
441298     DEBUG main            d.u.i.k.p.i.IntermediateProofReplayer Proof replay took 7.34ms 
441299     DEBUG main            d.u.i.k.p.r.p.TestFile    ... success: reloaded. 
441301     INFO  main            d.u.i.k.p.r.p.TestFile    Now processing file /home/runner/work/key/key/key.core/../key.ui/examples/heap/permissions/threads/Fib_postJoin_accessible.key 
441301     INFO  main            d.u.i.k.p.i.AbstractProblemLoader Loading environment from /home/runner/work/key/key/key.core/../key.ui/examples/heap/permissions/threads/Fib_postJoin_accessible.key 
441301     DEBUG main            d.u.i.k.p.i.AbstractProblemLoader Environment load took 168.81ns 
441302     INFO  main            d.u.i.k.p.i.AbstractProblemLoader Creating init config 
446711     DEBUG main            d.u.i.k.p.i.AbstractProblemLoader Init config took 5.41s 
446800     INFO  main            d.u.i.k.p.i.AbstractProblemLoader Replaying proof Fib[ThreadSpec::postJoin(java.lang.Object)].JML accessible clause.0 
446802     DEBUG main            d.u.i.k.p.i.IntermediateProofReplayer Proof replay took 8.1ns 
446904     INFO  main            d.u.i.k.p.r.p.TestFile    ... finished proof: closed. 
447376     INFO  main            d.u.i.k.p.i.AbstractProblemLoader Loading environment from /home/runner/work/key/key/key.core/../key.ui/examples/heap/permissions/threads/Fib_postJoin_accessible.key.proof 
447376     DEBUG main            d.u.i.k.p.i.AbstractProblemLoader Environment load took 95.01ns 
447377     INFO  main            d.u.i.k.p.i.AbstractProblemLoader Creating init config 
452629     DEBUG main            d.u.i.k.p.i.AbstractProblemLoader Init config took 5.25s 
452724     INFO  main            d.u.i.k.p.i.AbstractProblemLoader Replaying proof Fib[ThreadSpec::postJoin(java.lang.Object)].JML accessible clause.0 
452731     DEBUG main            d.u.i.k.p.i.IntermediateProofReplayer Proof replay took 4.59ms 
452731     DEBUG main            d.u.i.k.p.r.p.TestFile    ... success: reloaded. 
452732     INFO  main            d.u.i.k.p.r.p.TestFile    Now processing file /home/runner/work/key/key/key.core/../key.ui/examples/heap/permissions/threads/Fib_preStart_accessible.key 
452732     INFO  main            d.u.i.k.p.i.AbstractProblemLoader Loading environment from /home/runner/work/key/key/key.core/../key.ui/examples/heap/permissions/threads/Fib_preStart_accessible.key 
452733     DEBUG main            d.u.i.k.p.i.AbstractProblemLoader Environment load took 99.41ns 
452733     INFO  main            d.u.i.k.p.i.AbstractProblemLoader Creating init config 
458103     DEBUG main            d.u.i.k.p.i.AbstractProblemLoader Init config took 5.37s 
458193     INFO  main            d.u.i.k.p.i.AbstractProblemLoader Replaying proof Fib[ThreadSpec::preStart(java.lang.Object)].JML accessible clause.0 
458194     DEBUG main            d.u.i.k.p.i.IntermediateProofReplayer Proof replay took 8.9ns 
458296     INFO  main            d.u.i.k.p.r.p.TestFile    ... finished proof: closed. 
458781     INFO  main            d.u.i.k.p.i.AbstractProblemLoader Loading environment from /home/runner/work/key/key/key.core/../key.ui/examples/heap/permissions/threads/Fib_preStart_accessible.key.proof 
458781     DEBUG main            d.u.i.k.p.i.AbstractProblemLoader Environment load took 97.21ns 
458782     INFO  main            d.u.i.k.p.i.AbstractProblemLoader Creating init config 
463958     DEBUG main            d.u.i.k.p.i.AbstractProblemLoader Init config took 5.18s 
464046     INFO  main            d.u.i.k.p.i.AbstractProblemLoader Replaying proof Fib[ThreadSpec::preStart(java.lang.Object)].JML accessible clause.0 
464052     DEBUG main            d.u.i.k.p.i.IntermediateProofReplayer Proof replay took 4.61ms 
464053     DEBUG main            d.u.i.k.p.r.p.TestFile    ... success: reloaded. 
464054     INFO  main            d.u.i.k.p.r.p.TestFile    Now processing file /home/runner/work/key/key/key.core/../key.ui/examples/heap/permissions/threads/Fib_startTransfer_accessible.key 
464054     INFO  main            d.u.i.k.p.i.AbstractProblemLoader Loading environment from /home/runner/work/key/key/key.core/../key.ui/examples/heap/permissions/threads/Fib_startTransfer_accessible.key 
464054     DEBUG main            d.u.i.k.p.i.AbstractProblemLoader Environment load took 155.01ns 
464055     INFO  main            d.u.i.k.p.i.AbstractProblemLoader Creating init config 
469295     DEBUG main            d.u.i.k.p.i.AbstractProblemLoader Init config took 5.24s 
469409     INFO  main            d.u.i.k.p.i.AbstractProblemLoader Replaying proof Fib[ThreadSpec::startTransfer()].JML accessible clause.0 
469411     DEBUG main            d.u.i.k.p.i.IntermediateProofReplayer Proof replay took 7.2ns 
469613     INFO  main            d.u.i.k.p.r.p.TestFile    ... finished proof: closed. 
470112     INFO  main            d.u.i.k.p.i.AbstractProblemLoader Loading environment from /home/runner/work/key/key/key.core/../key.ui/examples/heap/permissions/threads/Fib_startTransfer_accessible.key.proof 
470112     DEBUG main            d.u.i.k.p.i.AbstractProblemLoader Environment load took 97.91ns 
470113     INFO  main            d.u.i.k.p.i.AbstractProblemLoader Creating init config 
475303     DEBUG main            d.u.i.k.p.i.AbstractProblemLoader Init config took 5.19s 
475395     INFO  main            d.u.i.k.p.i.AbstractProblemLoader Replaying proof Fib[ThreadSpec::startTransfer()].JML accessible clause.0 
475420     DEBUG main            d.u.i.k.p.i.IntermediateProofReplayer Proof replay took 21.76ms 
475421     DEBUG main            d.u.i.k.p.r.p.TestFile    ... success: reloaded. 
475422     INFO  main            d.u.i.k.p.r.p.TestFile    Now processing file /home/runner/work/key/key/key.core/../key.ui/examples/heap/permissions/threads/Fib_startTransfer_contract.key 
475423     INFO  main            d.u.i.k.p.i.AbstractProblemLoader Loading environment from /home/runner/work/key/key/key.core/../key.ui/examples/heap/permissions/threads/Fib_startTransfer_contract.key 
475423     DEBUG main            d.u.i.k.p.i.AbstractProblemLoader Environment load took 89.01ns 
475423     INFO  main            d.u.i.k.p.i.AbstractProblemLoader Creating init config 
480685     DEBUG main            d.u.i.k.p.i.AbstractProblemLoader Init config took 5.26s 
480773     INFO  main            d.u.i.k.p.i.AbstractProblemLoader Replaying proof Fib[ThreadSpec::startTransfer()].JML model_behavior operation contract.0 
480775     DEBUG main            d.u.i.k.p.i.IntermediateProofReplayer Proof replay took 7ns 
480878     INFO  main            d.u.i.k.p.r.p.TestFile    ... finished proof: closed. 
481377     INFO  main            d.u.i.k.p.i.AbstractProblemLoader Loading environment from /home/runner/work/key/key/key.core/../key.ui/examples/heap/permissions/threads/Fib_startTransfer_contract.key.proof 
481377     DEBUG main            d.u.i.k.p.i.AbstractProblemLoader Environment load took 92.61ns 
481378     INFO  main            d.u.i.k.p.i.AbstractProblemLoader Creating init config 
486628     DEBUG main            d.u.i.k.p.i.AbstractProblemLoader Init config took 5.25s 
486717     INFO  main            d.u.i.k.p.i.AbstractProblemLoader Replaying proof Fib[ThreadSpec::startTransfer()].JML model_behavior operation contract.0 
486726     DEBUG main            d.u.i.k.p.i.IntermediateProofReplayer Proof replay took 7.1ms 
486727     DEBUG main            d.u.i.k.p.r.p.TestFile    ... success: reloaded. 
486728     INFO  main            d.u.i.k.p.r.p.TestFile    Now processing file /home/runner/work/key/key/key.core/../key.ui/examples/heap/permissions/threads/Fib_workingPermissions_accessible.key 
486728     INFO  main            d.u.i.k.p.i.AbstractProblemLoader Loading environment from /home/runner/work/key/key/key.core/../key.ui/examples/heap/permissions/threads/Fib_workingPermissions_accessible.key 
486728     DEBUG main            d.u.i.k.p.i.AbstractProblemLoader Environment load took 77.41ns 
486729     INFO  main            d.u.i.k.p.i.AbstractProblemLoader Creating init config 
492070     DEBUG main            d.u.i.k.p.i.AbstractProblemLoader Init config took 5.34s 
492166     INFO  main            d.u.i.k.p.i.AbstractProblemLoader Replaying proof Fib[ThreadSpec::workingPermissions()].JML accessible clause.0 
492167     DEBUG main            d.u.i.k.p.i.IntermediateProofReplayer Proof replay took 9ns 
492269     INFO  main            d.u.i.k.p.r.p.TestFile    ... finished proof: closed. 
492783     INFO  main            d.u.i.k.p.i.AbstractProblemLoader Loading environment from /home/runner/work/key/key/key.core/../key.ui/examples/heap/permissions/threads/Fib_workingPermissions_accessible.key.proof 
492783     DEBUG main            d.u.i.k.p.i.AbstractProblemLoader Environment load took 126.51ns 
492784     INFO  main            d.u.i.k.p.i.AbstractProblemLoader Creating init config 
497961     DEBUG main            d.u.i.k.p.i.AbstractProblemLoader Init config took 5.18s 
498049     INFO  main            d.u.i.k.p.i.AbstractProblemLoader Replaying proof Fib[ThreadSpec::workingPermissions()].JML accessible clause.0 
498052     DEBUG main            d.u.i.k.p.i.IntermediateProofReplayer Proof replay took 1.98ms 
498053     DEBUG main            d.u.i.k.p.r.p.TestFile    ... success: reloaded. 
498054     INFO  main            d.u.i.k.p.r.p.TestFile    Now processing file /home/runner/work/key/key/key.core/../key.ui/examples/heap/permissions/threads/Plotter_initPost_accessible.key 
498054     INFO  main            d.u.i.k.p.i.AbstractProblemLoader Loading environment from /home/runner/work/key/key/key.core/../key.ui/examples/heap/permissions/threads/Plotter_initPost_accessible.key 
498054     DEBUG main            d.u.i.k.p.i.AbstractProblemLoader Environment load took 51.7ns 
498055     INFO  main            d.u.i.k.p.i.AbstractProblemLoader Creating init config 
503389     DEBUG main            d.u.i.k.p.i.AbstractProblemLoader Init config took 5.33s 
503476     INFO  main            d.u.i.k.p.i.AbstractProblemLoader Replaying proof Plotter[ThreadSpec2::initPost()].JML accessible clause.0 
503478     DEBUG main            d.u.i.k.p.i.IntermediateProofReplayer Proof replay took 8.1ns 
503580     INFO  main            d.u.i.k.p.r.p.TestFile    ... finished proof: closed. 
504095     INFO  main            d.u.i.k.p.i.AbstractProblemLoader Loading environment from /home/runner/work/key/key/key.core/../key.ui/examples/heap/permissions/threads/Plotter_initPost_accessible.key.proof 
504095     DEBUG main            d.u.i.k.p.i.AbstractProblemLoader Environment load took 91.51ns 
504096     INFO  main            d.u.i.k.p.i.AbstractProblemLoader Creating init config 
509248     DEBUG main            d.u.i.k.p.i.AbstractProblemLoader Init config took 5.15s 
509340     INFO  main            d.u.i.k.p.i.AbstractProblemLoader Replaying proof Plotter[ThreadSpec2::initPost()].JML accessible clause.0 
509352     DEBUG main            d.u.i.k.p.i.IntermediateProofReplayer Proof replay took 10.48ms 
509353     DEBUG main            d.u.i.k.p.r.p.TestFile    ... success: reloaded. 
509354     INFO  main            d.u.i.k.p.r.p.TestFile    Now processing file /home/runner/work/key/key/key.core/../key.ui/examples/heap/permissions/threads/Plotter_inv_accessible1.key 
509354     INFO  main            d.u.i.k.p.i.AbstractProblemLoader Loading environment from /home/runner/work/key/key/key.core/../key.ui/examples/heap/permissions/threads/Plotter_inv_accessible1.key 
509354     DEBUG main            d.u.i.k.p.i.AbstractProblemLoader Environment load took 165.31ns 
509355     INFO  main            d.u.i.k.p.i.AbstractProblemLoader Creating init config 
514643     DEBUG main            d.u.i.k.p.i.AbstractProblemLoader Init config took 5.29s 
514735     INFO  main            d.u.i.k.p.i.AbstractProblemLoader Replaying proof Plotter[java.lang.Object::<inv>()].JML accessible clause.0 
514737     DEBUG main            d.u.i.k.p.i.IntermediateProofReplayer Proof replay took 8.2ns 
514838     INFO  main            d.u.i.k.p.r.p.TestFile    ... finished proof: closed. 
515381     INFO  main            d.u.i.k.p.i.AbstractProblemLoader Loading environment from /home/runner/work/key/key/key.core/../key.ui/examples/heap/permissions/threads/Plotter_inv_accessible1.key.proof 
515381     DEBUG main            d.u.i.k.p.i.AbstractProblemLoader Environment load took 89.01ns 
515382     INFO  main            d.u.i.k.p.i.AbstractProblemLoader Creating init config 
520604     DEBUG main            d.u.i.k.p.i.AbstractProblemLoader Init config took 5.22s 
520698     INFO  main            d.u.i.k.p.i.AbstractProblemLoader Replaying proof Plotter[java.lang.Object::<inv>()].JML accessible clause.0 
520701     DEBUG main            d.u.i.k.p.i.IntermediateProofReplayer Proof replay took 1.62ms 
520702     DEBUG main            d.u.i.k.p.r.p.TestFile    ... success: reloaded. 
520703     INFO  main            d.u.i.k.p.r.p.TestFile    Now processing file /home/runner/work/key/key/key.core/../key.ui/examples/heap/permissions/threads/Plotter_inv_accessible2.key 
520703     INFO  main            d.u.i.k.p.i.AbstractProblemLoader Loading environment from /home/runner/work/key/key/key.core/../key.ui/examples/heap/permissions/threads/Plotter_inv_accessible2.key 
520703     DEBUG main            d.u.i.k.p.i.AbstractProblemLoader Environment load took 97.51ns 
520704     INFO  main            d.u.i.k.p.i.AbstractProblemLoader Creating init config 
525946     DEBUG main            d.u.i.k.p.i.AbstractProblemLoader Init config took 5.24s 
526052     INFO  main            d.u.i.k.p.i.AbstractProblemLoader Replaying proof Plotter[java.lang.Object::<inv>()].JML accessible clause.1 
526053     DEBUG main            d.u.i.k.p.i.IntermediateProofReplayer Proof replay took 9.6ns 
526155     INFO  main            d.u.i.k.p.r.p.TestFile    ... finished proof: closed. 
526700     INFO  main            d.u.i.k.p.i.AbstractProblemLoader Loading environment from /home/runner/work/key/key/key.core/../key.ui/examples/heap/permissions/threads/Plotter_inv_accessible2.key.proof 
526700     DEBUG main            d.u.i.k.p.i.AbstractProblemLoader Environment load took 91.51ns 
526702     INFO  main            d.u.i.k.p.i.AbstractProblemLoader Creating init config 
531935     DEBUG main            d.u.i.k.p.i.AbstractProblemLoader Init config took 5.23s 
532022     INFO  main            d.u.i.k.p.i.AbstractProblemLoader Replaying proof Plotter[java.lang.Object::<inv>()].JML accessible clause.1 
532025     DEBUG main            d.u.i.k.p.i.IntermediateProofReplayer Proof replay took 1.55ms 
532025     DEBUG main            d.u.i.k.p.r.p.TestFile    ... success: reloaded. 
532026     INFO  main            d.u.i.k.p.r.p.TestFile    Now processing file /home/runner/work/key/key/key.core/../key.ui/examples/heap/permissions/threads/Plotter_joinTransfer_contract.key 
532026     INFO  main            d.u.i.k.p.i.AbstractProblemLoader Loading environment from /home/runner/work/key/key/key.core/../key.ui/examples/heap/permissions/threads/Plotter_joinTransfer_contract.key 
532026     DEBUG main            d.u.i.k.p.i.AbstractProblemLoader Environment load took 89.71ns 
532027     INFO  main            d.u.i.k.p.i.AbstractProblemLoader Creating init config 
537353     DEBUG main            d.u.i.k.p.i.AbstractProblemLoader Init config took 5.33s 
537475     INFO  main            d.u.i.k.p.i.AbstractProblemLoader Replaying proof Plotter[ThreadSpec2::joinTransfer()].JML model_behavior operation contract.0 
537477     DEBUG main            d.u.i.k.p.i.IntermediateProofReplayer Proof replay took 8.1ns 
537579     INFO  main            d.u.i.k.p.r.p.TestFile    ... finished proof: closed. 
538131     INFO  main            d.u.i.k.p.i.AbstractProblemLoader Loading environment from /home/runner/work/key/key/key.core/../key.ui/examples/heap/permissions/threads/Plotter_joinTransfer_contract.key.proof 
538131     DEBUG main            d.u.i.k.p.i.AbstractProblemLoader Environment load took 109.71ns 
538131     INFO  main            d.u.i.k.p.i.AbstractProblemLoader Creating init config 
543360     DEBUG main            d.u.i.k.p.i.AbstractProblemLoader Init config took 5.23s 
543475     INFO  main            d.u.i.k.p.i.AbstractProblemLoader Replaying proof Plotter[ThreadSpec2::joinTransfer()].JML model_behavior operation contract.0 
543485     DEBUG main            d.u.i.k.p.i.IntermediateProofReplayer Proof replay took 8.69ms 
543486     DEBUG main            d.u.i.k.p.r.p.TestFile    ... success: reloaded. 
543487     INFO  main            d.u.i.k.p.r.p.TestFile    Now processing file /home/runner/work/key/key/key.core/../key.ui/examples/heap/permissions/threads/Plotter_Plotter.key 
543487     INFO  main            d.u.i.k.p.i.AbstractProblemLoader Loading environment from /home/runner/work/key/key/key.core/../key.ui/examples/heap/permissions/threads/Plotter_Plotter.key 
543488     DEBUG main            d.u.i.k.p.i.AbstractProblemLoader Environment load took 179.31ns 
543489     INFO  main            d.u.i.k.p.i.AbstractProblemLoader Creating init config 
548858     DEBUG main            d.u.i.k.p.i.AbstractProblemLoader Init config took 5.37s 
548948     INFO  main            d.u.i.k.p.i.AbstractProblemLoader Replaying proof Plotter[Plotter::Plotter(AFilter,BFilter,Buffer)].JML normal_behavior operation contract.0 
548950     DEBUG main            d.u.i.k.p.i.IntermediateProofReplayer Proof replay took 8.3ns 
550965     INFO  main            d.u.i.k.p.r.p.TestFile    ... finished proof: closed. 
551547     INFO  main            d.u.i.k.p.i.AbstractProblemLoader Loading environment from /home/runner/work/key/key/key.core/../key.ui/examples/heap/permissions/threads/Plotter_Plotter.key.proof 
551548     DEBUG main            d.u.i.k.p.i.AbstractProblemLoader Environment load took 715.15ns 
551549     INFO  main            d.u.i.k.p.i.AbstractProblemLoader Creating init config 
556865     DEBUG main            d.u.i.k.p.i.AbstractProblemLoader Init config took 5.32s 
556965     INFO  main            d.u.i.k.p.i.AbstractProblemLoader Replaying proof Plotter[Plotter::Plotter(AFilter,BFilter,Buffer)].JML normal_behavior operation contract.0 
557170     DEBUG main            d.u.i.k.p.i.IntermediateProofReplayer Proof replay took 199.38ms 
557171     DEBUG main            d.u.i.k.p.r.p.TestFile    ... success: reloaded. 
557171     INFO  main            d.u.i.k.p.r.p.TestFile    Now processing file /home/runner/work/key/key/key.core/../key.ui/examples/heap/permissions/threads/Plotter_postJoin_accessible.key 
557172     INFO  main            d.u.i.k.p.i.AbstractProblemLoader Loading environment from /home/runner/work/key/key/key.core/../key.ui/examples/heap/permissions/threads/Plotter_postJoin_accessible.key 
557172     DEBUG main            d.u.i.k.p.i.AbstractProblemLoader Environment load took 65.7ns 
557173     INFO  main            d.u.i.k.p.i.AbstractProblemLoader Creating init config 
562455     DEBUG main            d.u.i.k.p.i.AbstractProblemLoader Init config took 5.28s 
562544     INFO  main            d.u.i.k.p.i.AbstractProblemLoader Replaying proof Plotter[ThreadSpec2::postJoin(java.lang.Object)].JML accessible clause.0 
562545     DEBUG main            d.u.i.k.p.i.IntermediateProofReplayer Proof replay took 8.7ns 
562647     INFO  main            d.u.i.k.p.r.p.TestFile    ... finished proof: closed. 
563210     INFO  main            d.u.i.k.p.i.AbstractProblemLoader Loading environment from /home/runner/work/key/key/key.core/../key.ui/examples/heap/permissions/threads/Plotter_postJoin_accessible.key.proof 
563210     DEBUG main            d.u.i.k.p.i.AbstractProblemLoader Environment load took 87.71ns 
563211     INFO  main            d.u.i.k.p.i.AbstractProblemLoader Creating init config 
568475     DEBUG main            d.u.i.k.p.i.AbstractProblemLoader Init config took 5.26s 
568563     INFO  main            d.u.i.k.p.i.AbstractProblemLoader Replaying proof Plotter[ThreadSpec2::postJoin(java.lang.Object)].JML accessible clause.0 
568576     DEBUG main            d.u.i.k.p.i.IntermediateProofReplayer Proof replay took 9.89ms 
568577     DEBUG main            d.u.i.k.p.r.p.TestFile    ... success: reloaded. 
568578     INFO  main            d.u.i.k.p.r.p.TestFile    Now processing file /home/runner/work/key/key/key.core/../key.ui/examples/heap/permissions/threads/Plotter_preStart_accessible.key 
568578     INFO  main            d.u.i.k.p.i.AbstractProblemLoader Loading environment from /home/runner/work/key/key/key.core/../key.ui/examples/heap/permissions/threads/Plotter_preStart_accessible.key 
568578     DEBUG main            d.u.i.k.p.i.AbstractProblemLoader Environment load took 84.61ns 
568579     INFO  main            d.u.i.k.p.i.AbstractProblemLoader Creating init config 
573794     DEBUG main            d.u.i.k.p.i.AbstractProblemLoader Init config took 5.22s 
573882     INFO  main            d.u.i.k.p.i.AbstractProblemLoader Replaying proof Plotter[ThreadSpec2::preStart(java.lang.Object)].JML accessible clause.0 
573884     DEBUG main            d.u.i.k.p.i.IntermediateProofReplayer Proof replay took 8.4ns 
575109     INFO  main            d.u.i.k.p.r.p.TestFile    ... finished proof: closed. 
575670     INFO  main            d.u.i.k.p.i.AbstractProblemLoader Loading environment from /home/runner/work/key/key/key.core/../key.ui/examples/heap/permissions/threads/Plotter_preStart_accessible.key.proof 
575671     DEBUG main            d.u.i.k.p.i.AbstractProblemLoader Environment load took 99.61ns 
575672     INFO  main            d.u.i.k.p.i.AbstractProblemLoader Creating init config 
580837     DEBUG main            d.u.i.k.p.i.AbstractProblemLoader Init config took 5.17s 
580927     INFO  main            d.u.i.k.p.i.AbstractProblemLoader Replaying proof Plotter[ThreadSpec2::preStart(java.lang.Object)].JML accessible clause.0 
580993     DEBUG main            d.u.i.k.p.i.IntermediateProofReplayer Proof replay took 62.17ms 
580994     DEBUG main            d.u.i.k.p.r.p.TestFile    ... success: reloaded. 
580995     INFO  main            d.u.i.k.p.r.p.TestFile    Now processing file /home/runner/work/key/key/key.core/../key.ui/examples/heap/permissions/threads/Plotter_stateInv_accessible.key 
580995     INFO  main            d.u.i.k.p.i.AbstractProblemLoader Loading environment from /home/runner/work/key/key/key.core/../key.ui/examples/heap/permissions/threads/Plotter_stateInv_accessible.key 
580995     DEBUG main            d.u.i.k.p.i.AbstractProblemLoader Environment load took 84.7ns 
580996     INFO  main            d.u.i.k.p.i.AbstractProblemLoader Creating init config 
586243     DEBUG main            d.u.i.k.p.i.AbstractProblemLoader Init config took 5.25s 
586332     INFO  main            d.u.i.k.p.i.AbstractProblemLoader Replaying proof Plotter[ThreadSpec2::stateInv()].JML accessible clause.0 
586333     DEBUG main            d.u.i.k.p.i.IntermediateProofReplayer Proof replay took 8.3ns 
595973     INFO  main            d.u.i.k.p.r.p.TestFile    ... finished proof: closed. 
596588     INFO  main            d.u.i.k.p.i.AbstractProblemLoader Loading environment from /home/runner/work/key/key/key.core/../key.ui/examples/heap/permissions/threads/Plotter_stateInv_accessible.key.proof 
596588     DEBUG main            d.u.i.k.p.i.AbstractProblemLoader Environment load took 342.82ns 
596590     INFO  main            d.u.i.k.p.i.AbstractProblemLoader Creating init config 
601932     DEBUG main            d.u.i.k.p.i.AbstractProblemLoader Init config took 5.34s 
602033     INFO  main            d.u.i.k.p.i.AbstractProblemLoader Replaying proof Plotter[ThreadSpec2::stateInv()].JML accessible clause.0 
602497     DEBUG main            d.u.i.k.p.i.IntermediateProofReplayer Proof replay took 447.1ms 
602499     DEBUG main            d.u.i.k.p.r.p.TestFile    ... success: reloaded. 
602500     INFO  main            d.u.i.k.p.r.p.TestFile    Now processing file /home/runner/work/key/key/key.core/../key.ui/examples/heap/permissions/threads/Plotter_staticPermissions_accessible.key 
602500     INFO  main            d.u.i.k.p.i.AbstractProblemLoader Loading environment from /home/runner/work/key/key/key.core/../key.ui/examples/heap/permissions/threads/Plotter_staticPermissions_accessible.key 
602500     DEBUG main            d.u.i.k.p.i.AbstractProblemLoader Environment load took 88.21ns 
602501     INFO  main            d.u.i.k.p.i.AbstractProblemLoader Creating init config 
607902     DEBUG main            d.u.i.k.p.i.AbstractProblemLoader Init config took 5.4s 
607993     INFO  main            d.u.i.k.p.i.AbstractProblemLoader Replaying proof Plotter[ThreadSpec2::staticPermissions()].JML accessible clause.0 
607994     DEBUG main            d.u.i.k.p.i.IntermediateProofReplayer Proof replay took 50.9ns 
609104     INFO  main            d.u.i.k.p.r.p.TestFile    ... finished proof: closed. 
609674     INFO  main            d.u.i.k.p.i.AbstractProblemLoader Loading environment from /home/runner/work/key/key/key.core/../key.ui/examples/heap/permissions/threads/Plotter_staticPermissions_accessible.key.proof 
609674     DEBUG main            d.u.i.k.p.i.AbstractProblemLoader Environment load took 92.61ns 
609675     INFO  main            d.u.i.k.p.i.AbstractProblemLoader Creating init config 
614891     DEBUG main            d.u.i.k.p.i.AbstractProblemLoader Init config took 5.22s 
614978     INFO  main            d.u.i.k.p.i.AbstractProblemLoader Replaying proof Plotter[ThreadSpec2::staticPermissions()].JML accessible clause.0 
615030     DEBUG main            d.u.i.k.p.i.IntermediateProofReplayer Proof replay took 45.27ms 
615031     DEBUG main            d.u.i.k.p.r.p.TestFile    ... success: reloaded. 
615032     INFO  main            d.u.i.k.p.r.p.TestFile    Now processing file /home/runner/work/key/key/key.core/../key.ui/examples/heap/permissions/threads/Plotter_workingPermissions_accessible.key 
615032     INFO  main            d.u.i.k.p.i.AbstractProblemLoader Loading environment from /home/runner/work/key/key/key.core/../key.ui/examples/heap/permissions/threads/Plotter_workingPermissions_accessible.key 
615032     DEBUG main            d.u.i.k.p.i.AbstractProblemLoader Environment load took 92.51ns 
615033     INFO  main            d.u.i.k.p.i.AbstractProblemLoader Creating init config 
620352     DEBUG main            d.u.i.k.p.i.AbstractProblemLoader Init config took 5.32s 
620444     INFO  main            d.u.i.k.p.i.AbstractProblemLoader Replaying proof Plotter[ThreadSpec2::workingPermissions()].JML accessible clause.0 
620446     DEBUG main            d.u.i.k.p.i.IntermediateProofReplayer Proof replay took 4.2ns 
620648     INFO  main            d.u.i.k.p.r.p.TestFile    ... finished proof: closed. 
621235     INFO  main            d.u.i.k.p.i.AbstractProblemLoader Loading environment from /home/runner/work/key/key/key.core/../key.ui/examples/heap/permissions/threads/Plotter_workingPermissions_accessible.key.proof 
621235     DEBUG main            d.u.i.k.p.i.AbstractProblemLoader Environment load took 92.31ns 
621237     INFO  main            d.u.i.k.p.i.AbstractProblemLoader Creating init config 
626488     DEBUG main            d.u.i.k.p.i.AbstractProblemLoader Init config took 5.25s 
626578     INFO  main            d.u.i.k.p.i.AbstractProblemLoader Replaying proof Plotter[ThreadSpec2::workingPermissions()].JML accessible clause.0 
626592     DEBUG main            d.u.i.k.p.i.IntermediateProofReplayer Proof replay took 12.78ms 
626593     DEBUG main            d.u.i.k.p.r.p.TestFile    ... success: reloaded. 
626594     INFO  main            d.u.i.k.p.r.p.TestFile    Now processing file /home/runner/work/key/key/key.core/../key.ui/examples/heap/permissions/threads/Sampler_initPost_accessible.key 
626594     INFO  main            d.u.i.k.p.i.AbstractProblemLoader Loading environment from /home/runner/work/key/key/key.core/../key.ui/examples/heap/permissions/threads/Sampler_initPost_accessible.key 
626595     DEBUG main            d.u.i.k.p.i.AbstractProblemLoader Environment load took 52.4ns 
626595     INFO  main            d.u.i.k.p.i.AbstractProblemLoader Creating init config 
631919     DEBUG main            d.u.i.k.p.i.AbstractProblemLoader Init config took 5.32s 
632007     INFO  main            d.u.i.k.p.i.AbstractProblemLoader Replaying proof Sampler[ThreadSpec2::initPost()].JML accessible clause.0 
632008     DEBUG main            d.u.i.k.p.i.IntermediateProofReplayer Proof replay took 3.5ns 
632110     INFO  main            d.u.i.k.p.r.p.TestFile    ... finished proof: closed. 
632695     INFO  main            d.u.i.k.p.i.AbstractProblemLoader Loading environment from /home/runner/work/key/key/key.core/../key.ui/examples/heap/permissions/threads/Sampler_initPost_accessible.key.proof 
632695     DEBUG main            d.u.i.k.p.i.AbstractProblemLoader Environment load took 90.01ns 
632695     INFO  main            d.u.i.k.p.i.AbstractProblemLoader Creating init config 
637953     DEBUG main            d.u.i.k.p.i.AbstractProblemLoader Init config took 5.26s 
638047     INFO  main            d.u.i.k.p.i.AbstractProblemLoader Replaying proof Sampler[ThreadSpec2::initPost()].JML accessible clause.0 
638053     DEBUG main            d.u.i.k.p.i.IntermediateProofReplayer Proof replay took 4.83ms 
638054     DEBUG main            d.u.i.k.p.r.p.TestFile    ... success: reloaded. 
638055     INFO  main            d.u.i.k.p.r.p.TestFile    Now processing file /home/runner/work/key/key/key.core/../key.ui/examples/heap/permissions/threads/Sampler_inv_accessible1.key 
638055     INFO  main            d.u.i.k.p.i.AbstractProblemLoader Loading environment from /home/runner/work/key/key/key.core/../key.ui/examples/heap/permissions/threads/Sampler_inv_accessible1.key 
638055     DEBUG main            d.u.i.k.p.i.AbstractProblemLoader Environment load took 51.1ns 
638056     INFO  main            d.u.i.k.p.i.AbstractProblemLoader Creating init config 
643277     DEBUG main            d.u.i.k.p.i.AbstractProblemLoader Init config took 5.22s 
643383     INFO  main            d.u.i.k.p.i.AbstractProblemLoader Replaying proof Sampler[java.lang.Object::<inv>()].JML accessible clause.0 
643384     DEBUG main            d.u.i.k.p.i.IntermediateProofReplayer Proof replay took 3.7ns 
643486     INFO  main            d.u.i.k.p.r.p.TestFile    ... finished proof: closed. 
644065     INFO  main            d.u.i.k.p.i.AbstractProblemLoader Loading environment from /home/runner/work/key/key/key.core/../key.ui/examples/heap/permissions/threads/Sampler_inv_accessible1.key.proof 
644066     DEBUG main            d.u.i.k.p.i.AbstractProblemLoader Environment load took 82.2ns 
644066     INFO  main            d.u.i.k.p.i.AbstractProblemLoader Creating init config 
649349     DEBUG main            d.u.i.k.p.i.AbstractProblemLoader Init config took 5.28s 
649436     INFO  main            d.u.i.k.p.i.AbstractProblemLoader Replaying proof Sampler[java.lang.Object::<inv>()].JML accessible clause.0 
649439     DEBUG main            d.u.i.k.p.i.IntermediateProofReplayer Proof replay took 1.53ms 
649440     DEBUG main            d.u.i.k.p.r.p.TestFile    ... success: reloaded. 
649441     INFO  main            d.u.i.k.p.r.p.TestFile    Now processing file /home/runner/work/key/key/key.core/../key.ui/examples/heap/permissions/threads/Sampler_inv_accessible2.key 
649441     INFO  main            d.u.i.k.p.i.AbstractProblemLoader Loading environment from /home/runner/work/key/key/key.core/../key.ui/examples/heap/permissions/threads/Sampler_inv_accessible2.key 
649441     DEBUG main            d.u.i.k.p.i.AbstractProblemLoader Environment load took 59.8ns 
649442     INFO  main            d.u.i.k.p.i.AbstractProblemLoader Creating init config 
654760     DEBUG main            d.u.i.k.p.i.AbstractProblemLoader Init config took 5.32s 
654846     INFO  main            d.u.i.k.p.i.AbstractProblemLoader Replaying proof Sampler[java.lang.Object::<inv>()].JML accessible clause.1 
654848     DEBUG main            d.u.i.k.p.i.IntermediateProofReplayer Proof replay took 3.7ns 
654950     INFO  main            d.u.i.k.p.r.p.TestFile    ... finished proof: closed. 
655541     INFO  main            d.u.i.k.p.i.AbstractProblemLoader Loading environment from /home/runner/work/key/key/key.core/../key.ui/examples/heap/permissions/threads/Sampler_inv_accessible2.key.proof 
655541     DEBUG main            d.u.i.k.p.i.AbstractProblemLoader Environment load took 88.41ns 
655542     INFO  main            d.u.i.k.p.i.AbstractProblemLoader Creating init config 
660788     DEBUG main            d.u.i.k.p.i.AbstractProblemLoader Init config took 5.25s 
660891     INFO  main            d.u.i.k.p.i.AbstractProblemLoader Replaying proof Sampler[java.lang.Object::<inv>()].JML accessible clause.1 
660894     DEBUG main            d.u.i.k.p.i.IntermediateProofReplayer Proof replay took 1.53ms 
660894     DEBUG main            d.u.i.k.p.r.p.TestFile    ... success: reloaded. 
660895     INFO  main            d.u.i.k.p.r.p.TestFile    Now processing file /home/runner/work/key/key/key.core/../key.ui/examples/heap/permissions/threads/Sampler_joinTransfer_accessible.key 
660896     INFO  main            d.u.i.k.p.i.AbstractProblemLoader Loading environment from /home/runner/work/key/key/key.core/../key.ui/examples/heap/permissions/threads/Sampler_joinTransfer_accessible.key 
660896     DEBUG main            d.u.i.k.p.i.AbstractProblemLoader Environment load took 67.4ns 
660896     INFO  main            d.u.i.k.p.i.AbstractProblemLoader Creating init config 
666299     DEBUG main            d.u.i.k.p.i.AbstractProblemLoader Init config took 5.4s 
666390     INFO  main            d.u.i.k.p.i.AbstractProblemLoader Replaying proof Sampler[ThreadSpec2::joinTransfer()].JML accessible clause.0 
666392     DEBUG main            d.u.i.k.p.i.IntermediateProofReplayer Proof replay took 3.8ns 
670348     INFO  main            d.u.i.k.p.r.p.TestFile    ... finished proof: closed. 
670970     INFO  main            d.u.i.k.p.i.AbstractProblemLoader Loading environment from /home/runner/work/key/key/key.core/../key.ui/examples/heap/permissions/threads/Sampler_joinTransfer_accessible.key.proof 
670970     DEBUG main            d.u.i.k.p.i.AbstractProblemLoader Environment load took 99.61ns 
670972     INFO  main            d.u.i.k.p.i.AbstractProblemLoader Creating init config 
676357     DEBUG main            d.u.i.k.p.i.AbstractProblemLoader Init config took 5.39s 
676446     INFO  main            d.u.i.k.p.i.AbstractProblemLoader Replaying proof Sampler[ThreadSpec2::joinTransfer()].JML accessible clause.0 
676979     DEBUG main            d.u.i.k.p.i.IntermediateProofReplayer Proof replay took 522.19ms 
676981     DEBUG main            d.u.i.k.p.r.p.TestFile    ... success: reloaded. 
676982     INFO  main            d.u.i.k.p.r.p.TestFile    Now processing file /home/runner/work/key/key/key.core/../key.ui/examples/heap/permissions/threads/Sampler_joinTransfer_contract.key 
676982     INFO  main            d.u.i.k.p.i.AbstractProblemLoader Loading environment from /home/runner/work/key/key/key.core/../key.ui/examples/heap/permissions/threads/Sampler_joinTransfer_contract.key 
676982     DEBUG main            d.u.i.k.p.i.AbstractProblemLoader Environment load took 83ns 
676983     INFO  main            d.u.i.k.p.i.AbstractProblemLoader Creating init config 
682251     DEBUG main            d.u.i.k.p.i.AbstractProblemLoader Init config took 5.27s 
682339     INFO  main            d.u.i.k.p.i.AbstractProblemLoader Replaying proof Sampler[ThreadSpec2::joinTransfer()].JML model_behavior operation contract.0 
682341     DEBUG main            d.u.i.k.p.i.IntermediateProofReplayer Proof replay took 3.4ns 
682444     INFO  main            d.u.i.k.p.r.p.TestFile    ... finished proof: closed. 
683067     INFO  main            d.u.i.k.p.i.AbstractProblemLoader Loading environment from /home/runner/work/key/key/key.core/../key.ui/examples/heap/permissions/threads/Sampler_joinTransfer_contract.key.proof 
683067     DEBUG main            d.u.i.k.p.i.AbstractProblemLoader Environment load took 213.51ns 
683068     INFO  main            d.u.i.k.p.i.AbstractProblemLoader Creating init config 
688413     DEBUG main            d.u.i.k.p.i.AbstractProblemLoader Init config took 5.34s 
688501     INFO  main            d.u.i.k.p.i.AbstractProblemLoader Replaying proof Sampler[ThreadSpec2::joinTransfer()].JML model_behavior operation contract.0 
688509     DEBUG main            d.u.i.k.p.i.IntermediateProofReplayer Proof replay took 6.87ms 
688510     DEBUG main            d.u.i.k.p.r.p.TestFile    ... success: reloaded. 
688511     INFO  main            d.u.i.k.p.r.p.TestFile    Now processing file /home/runner/work/key/key/key.core/../key.ui/examples/heap/permissions/threads/Sampler_postJoin_accessible.key 
688511     INFO  main            d.u.i.k.p.i.AbstractProblemLoader Loading environment from /home/runner/work/key/key/key.core/../key.ui/examples/heap/permissions/threads/Sampler_postJoin_accessible.key 
688511     DEBUG main            d.u.i.k.p.i.AbstractProblemLoader Environment load took 66.7ns 
688512     INFO  main            d.u.i.k.p.i.AbstractProblemLoader Creating init config 
693838     DEBUG main            d.u.i.k.p.i.AbstractProblemLoader Init config took 5.33s 
693943     INFO  main            d.u.i.k.p.i.AbstractProblemLoader Replaying proof Sampler[ThreadSpec2::postJoin(java.lang.Object)].JML accessible clause.0 
693945     DEBUG main            d.u.i.k.p.i.IntermediateProofReplayer Proof replay took 3.2ns 
694046     INFO  main            d.u.i.k.p.r.p.TestFile    ... finished proof: closed. 
694661     INFO  main            d.u.i.k.p.i.AbstractProblemLoader Loading environment from /home/runner/work/key/key/key.core/../key.ui/examples/heap/permissions/threads/Sampler_postJoin_accessible.key.proof 
694661     DEBUG main            d.u.i.k.p.i.AbstractProblemLoader Environment load took 88.01ns 
694662     INFO  main            d.u.i.k.p.i.AbstractProblemLoader Creating init config 
699867     DEBUG main            d.u.i.k.p.i.AbstractProblemLoader Init config took 5.2s 
699954     INFO  main            d.u.i.k.p.i.AbstractProblemLoader Replaying proof Sampler[ThreadSpec2::postJoin(java.lang.Object)].JML accessible clause.0 
699964     DEBUG main            d.u.i.k.p.i.IntermediateProofReplayer Proof replay took 8ms 
699965     DEBUG main            d.u.i.k.p.r.p.TestFile    ... success: reloaded. 
699966     INFO  main            d.u.i.k.p.r.p.TestFile    Now processing file /home/runner/work/key/key/key.core/../key.ui/examples/heap/permissions/threads/Sampler_preStart_accessible.key 
699966     INFO  main            d.u.i.k.p.i.AbstractProblemLoader Loading environment from /home/runner/work/key/key/key.core/../key.ui/examples/heap/permissions/threads/Sampler_preStart_accessible.key 
699966     DEBUG main            d.u.i.k.p.i.AbstractProblemLoader Environment load took 93.81ns 
699967     INFO  main            d.u.i.k.p.i.AbstractProblemLoader Creating init config 
705300     DEBUG main            d.u.i.k.p.i.AbstractProblemLoader Init config took 5.33s 
705392     INFO  main            d.u.i.k.p.i.AbstractProblemLoader Replaying proof Sampler[ThreadSpec2::preStart(java.lang.Object)].JML accessible clause.0 
705394     DEBUG main            d.u.i.k.p.i.IntermediateProofReplayer Proof replay took 3.2ns 
705496     INFO  main            d.u.i.k.p.r.p.TestFile    ... finished proof: closed. 
706162     INFO  main            d.u.i.k.p.i.AbstractProblemLoader Loading environment from /home/runner/work/key/key/key.core/../key.ui/examples/heap/permissions/threads/Sampler_preStart_accessible.key.proof 
706162     DEBUG main            d.u.i.k.p.i.AbstractProblemLoader Environment load took 86.11ns 
706163     INFO  main            d.u.i.k.p.i.AbstractProblemLoader Creating init config 
711407     DEBUG main            d.u.i.k.p.i.AbstractProblemLoader Init config took 5.24s 
711499     INFO  main            d.u.i.k.p.i.AbstractProblemLoader Replaying proof Sampler[ThreadSpec2::preStart(java.lang.Object)].JML accessible clause.0 
711509     DEBUG main            d.u.i.k.p.i.IntermediateProofReplayer Proof replay took 8.6ms 
711510     DEBUG main            d.u.i.k.p.r.p.TestFile    ... success: reloaded. 
711511     INFO  main            d.u.i.k.p.r.p.TestFile    Now processing file /home/runner/work/key/key/key.core/../key.ui/examples/heap/permissions/threads/Sampler_run.key 
711511     INFO  main            d.u.i.k.p.i.AbstractProblemLoader Loading environment from /home/runner/work/key/key/key.core/../key.ui/examples/heap/permissions/threads/Sampler_run.key 
711511     DEBUG main            d.u.i.k.p.i.AbstractProblemLoader Environment load took 48.7ns 
711512     INFO  main            d.u.i.k.p.i.AbstractProblemLoader Creating init config 
717010     DEBUG main            d.u.i.k.p.i.AbstractProblemLoader Init config took 5.5s 
717104     INFO  main            d.u.i.k.p.i.AbstractProblemLoader Replaying proof Sampler[ThreadSpec2::run()].JML normal_behavior operation contract.0 
717106     DEBUG main            d.u.i.k.p.i.IntermediateProofReplayer Proof replay took 3.5ns 
717308     INFO  main            d.u.i.k.p.r.p.TestFile    ... finished proof: closed. 
717943     INFO  main            d.u.i.k.p.i.AbstractProblemLoader Loading environment from /home/runner/work/key/key/key.core/../key.ui/examples/heap/permissions/threads/Sampler_run.key.proof 
717944     DEBUG main            d.u.i.k.p.i.AbstractProblemLoader Environment load took 90.91ns 
717944     INFO  main            d.u.i.k.p.i.AbstractProblemLoader Creating init config 
723121     DEBUG main            d.u.i.k.p.i.AbstractProblemLoader Init config took 5.18s 
723212     INFO  main            d.u.i.k.p.i.AbstractProblemLoader Replaying proof Sampler[ThreadSpec2::run()].JML normal_behavior operation contract.0 
723244     DEBUG main            d.u.i.k.p.i.IntermediateProofReplayer Proof replay took 28.69ms 
723245     DEBUG main            d.u.i.k.p.r.p.TestFile    ... success: reloaded. 
723246     INFO  main            d.u.i.k.p.r.p.TestFile    Now processing file /home/runner/work/key/key/key.core/../key.ui/examples/heap/permissions/threads/Sampler_Sampler.key 
723246     INFO  main            d.u.i.k.p.i.AbstractProblemLoader Loading environment from /home/runner/work/key/key/key.core/../key.ui/examples/heap/permissions/threads/Sampler_Sampler.key 
723246     DEBUG main            d.u.i.k.p.i.AbstractProblemLoader Environment load took 96.91ns 
723247     INFO  main            d.u.i.k.p.i.AbstractProblemLoader Creating init config 
728651     DEBUG main            d.u.i.k.p.i.AbstractProblemLoader Init config took 5.4s 
728740     INFO  main            d.u.i.k.p.i.AbstractProblemLoader Replaying proof Sampler[Sampler::Sampler(Buffer)].JML normal_behavior operation contract.0 
728742     DEBUG main            d.u.i.k.p.i.IntermediateProofReplayer Proof replay took 3.2ns 
729446     INFO  main            d.u.i.k.p.r.p.TestFile    ... finished proof: closed. 
730108     INFO  main            d.u.i.k.p.i.AbstractProblemLoader Loading environment from /home/runner/work/key/key/key.core/../key.ui/examples/heap/permissions/threads/Sampler_Sampler.key.proof 
730108     DEBUG main            d.u.i.k.p.i.AbstractProblemLoader Environment load took 85.31ns 
730110     INFO  main            d.u.i.k.p.i.AbstractProblemLoader Creating init config 
735877     DEBUG main            d.u.i.k.p.i.AbstractProblemLoader Init config took 5.77s 
735990     INFO  main            d.u.i.k.p.i.AbstractProblemLoader Replaying proof Sampler[Sampler::Sampler(Buffer)].JML normal_behavior operation contract.0 
736115     DEBUG main            d.u.i.k.p.i.IntermediateProofReplayer Proof replay took 115.8ms 
736116     DEBUG main            d.u.i.k.p.r.p.TestFile    ... success: reloaded. 
736117     INFO  main            d.u.i.k.p.r.p.TestFile    Now processing file /home/runner/work/key/key/key.core/../key.ui/examples/heap/permissions/threads/Sampler_startTransfer_accessible.key 
736118     INFO  main            d.u.i.k.p.i.AbstractProblemLoader Loading environment from /home/runner/work/key/key/key.core/../key.ui/examples/heap/permissions/threads/Sampler_startTransfer_accessible.key 
736118     DEBUG main            d.u.i.k.p.i.AbstractProblemLoader Environment load took 170.31ns 
736119     INFO  main            d.u.i.k.p.i.AbstractProblemLoader Creating init config 
741695     DEBUG main            d.u.i.k.p.i.AbstractProblemLoader Init config took 5.58s 
741795     INFO  main            d.u.i.k.p.i.AbstractProblemLoader Replaying proof Sampler[ThreadSpec2::startTransfer()].JML accessible clause.0 
741797     DEBUG main            d.u.i.k.p.i.IntermediateProofReplayer Proof replay took 3.2ns 
746120     INFO  main            d.u.i.k.p.r.p.TestFile    ... finished proof: closed. 
746766     INFO  main            d.u.i.k.p.i.AbstractProblemLoader Loading environment from /home/runner/work/key/key/key.core/../key.ui/examples/heap/permissions/threads/Sampler_startTransfer_accessible.key.proof 
746766     DEBUG main            d.u.i.k.p.i.AbstractProblemLoader Environment load took 86.61ns 
746767     INFO  main            d.u.i.k.p.i.AbstractProblemLoader Creating init config 
752505     DEBUG main            d.u.i.k.p.i.AbstractProblemLoader Init config took 5.74s 
752608     INFO  main            d.u.i.k.p.i.AbstractProblemLoader Replaying proof Sampler[ThreadSpec2::startTransfer()].JML accessible clause.0 
753046     DEBUG main            d.u.i.k.p.i.IntermediateProofReplayer Proof replay took 427.79ms 
753047     DEBUG main            d.u.i.k.p.r.p.TestFile    ... success: reloaded. 
753048     INFO  main            d.u.i.k.p.r.p.TestFile    Now processing file /home/runner/work/key/key/key.core/../key.ui/examples/heap/permissions/threads/Sampler_startTransfer_contract.key 
753048     INFO  main            d.u.i.k.p.i.AbstractProblemLoader Loading environment from /home/runner/work/key/key/key.core/../key.ui/examples/heap/permissions/threads/Sampler_startTransfer_contract.key 
753048     DEBUG main            d.u.i.k.p.i.AbstractProblemLoader Environment load took 50.2ns 
753049     INFO  main            d.u.i.k.p.i.AbstractProblemLoader Creating init config 
758524     DEBUG main            d.u.i.k.p.i.AbstractProblemLoader Init config took 5.47s 
758655     INFO  main            d.u.i.k.p.i.AbstractProblemLoader Replaying proof Sampler[ThreadSpec2::startTransfer()].JML model_behavior operation contract.0 
758656     DEBUG main            d.u.i.k.p.i.IntermediateProofReplayer Proof replay took 2.8ns 
758758     INFO  main            d.u.i.k.p.r.p.TestFile    ... finished proof: closed. 
759393     INFO  main            d.u.i.k.p.i.AbstractProblemLoader Loading environment from /home/runner/work/key/key/key.core/../key.ui/examples/heap/permissions/threads/Sampler_startTransfer_contract.key.proof 
759393     DEBUG main            d.u.i.k.p.i.AbstractProblemLoader Environment load took 76.91ns 
759394     INFO  main            d.u.i.k.p.i.AbstractProblemLoader Creating init config 
764911     DEBUG main            d.u.i.k.p.i.AbstractProblemLoader Init config took 5.52s 
765031     INFO  main            d.u.i.k.p.i.AbstractProblemLoader Replaying proof Sampler[ThreadSpec2::startTransfer()].JML model_behavior operation contract.0 
765042     DEBUG main            d.u.i.k.p.i.IntermediateProofReplayer Proof replay took 8.73ms 
765044     DEBUG main            d.u.i.k.p.r.p.TestFile    ... success: reloaded. 
765045     INFO  main            d.u.i.k.p.r.p.TestFile    Now processing file /home/runner/work/key/key/key.core/../key.ui/examples/heap/permissions/threads/Sampler_stateInv_accessible.key 
765045     INFO  main            d.u.i.k.p.i.AbstractProblemLoader Loading environment from /home/runner/work/key/key/key.core/../key.ui/examples/heap/permissions/threads/Sampler_stateInv_accessible.key 
765046     DEBUG main            d.u.i.k.p.i.AbstractProblemLoader Environment load took 532.13ns 
765047     INFO  main            d.u.i.k.p.i.AbstractProblemLoader Creating init config 
770528     DEBUG main            d.u.i.k.p.i.AbstractProblemLoader Init config took 5.48s 
770615     INFO  main            d.u.i.k.p.i.AbstractProblemLoader Replaying proof Sampler[ThreadSpec2::stateInv()].JML accessible clause.0 
770616     DEBUG main            d.u.i.k.p.i.IntermediateProofReplayer Proof replay took 2.8ns 
770718     INFO  main            d.u.i.k.p.r.p.TestFile    ... finished proof: closed. 
771369     INFO  main            d.u.i.k.p.i.AbstractProblemLoader Loading environment from /home/runner/work/key/key/key.core/../key.ui/examples/heap/permissions/threads/Sampler_stateInv_accessible.key.proof 
771369     DEBUG main            d.u.i.k.p.i.AbstractProblemLoader Environment load took 361.22ns 
771370     INFO  main            d.u.i.k.p.i.AbstractProblemLoader Creating init config 
777074     DEBUG main            d.u.i.k.p.i.AbstractProblemLoader Init config took 5.7s 
777188     INFO  main            d.u.i.k.p.i.AbstractProblemLoader Replaying proof Sampler[ThreadSpec2::stateInv()].JML accessible clause.0 
777197     DEBUG main            d.u.i.k.p.i.IntermediateProofReplayer Proof replay took 5.87ms 
777198     DEBUG main            d.u.i.k.p.r.p.TestFile    ... success: reloaded. 
777199     INFO  main            d.u.i.k.p.r.p.TestFile    Now processing file /home/runner/work/key/key/key.core/../key.ui/examples/heap/permissions/threads/Sampler_staticPermissions_accessible.key 
777199     INFO  main            d.u.i.k.p.i.AbstractProblemLoader Loading environment from /home/runner/work/key/key/key.core/../key.ui/examples/heap/permissions/threads/Sampler_staticPermissions_accessible.key 
777200     DEBUG main            d.u.i.k.p.i.AbstractProblemLoader Environment load took 168.21ns 
777201     INFO  main            d.u.i.k.p.i.AbstractProblemLoader Creating init config 
782670     DEBUG main            d.u.i.k.p.i.AbstractProblemLoader Init config took 5.47s 
782770     INFO  main            d.u.i.k.p.i.AbstractProblemLoader Replaying proof Sampler[ThreadSpec2::staticPermissions()].JML accessible clause.0 
782779     DEBUG main            d.u.i.k.p.i.IntermediateProofReplayer Proof replay took 3ns 
782881     INFO  main            d.u.i.k.p.r.p.TestFile    ... finished proof: closed. 
783541     INFO  main            d.u.i.k.p.i.AbstractProblemLoader Loading environment from /home/runner/work/key/key/key.core/../key.ui/examples/heap/permissions/threads/Sampler_staticPermissions_accessible.key.proof 
783541     DEBUG main            d.u.i.k.p.i.AbstractProblemLoader Environment load took 79ns 
783542     INFO  main            d.u.i.k.p.i.AbstractProblemLoader Creating init config 
788888     DEBUG main            d.u.i.k.p.i.AbstractProblemLoader Init config took 5.35s 
788985     INFO  main            d.u.i.k.p.i.AbstractProblemLoader Replaying proof Sampler[ThreadSpec2::staticPermissions()].JML accessible clause.0 
788990     DEBUG main            d.u.i.k.p.i.IntermediateProofReplayer Proof replay took 3.31ms 
788991     DEBUG main            d.u.i.k.p.r.p.TestFile    ... success: reloaded. 
788992     INFO  main            d.u.i.k.p.r.p.TestFile    Now processing file /home/runner/work/key/key/key.core/../key.ui/examples/heap/permissions/threads/Sampler_workingPermissions_accessible.key 
788993     INFO  main            d.u.i.k.p.i.AbstractProblemLoader Loading environment from /home/runner/work/key/key/key.core/../key.ui/examples/heap/permissions/threads/Sampler_workingPermissions_accessible.key 
788993     DEBUG main            d.u.i.k.p.i.AbstractProblemLoader Environment load took 194.51ns 
788994     INFO  main            d.u.i.k.p.i.AbstractProblemLoader Creating init config 
794555     DEBUG main            d.u.i.k.p.i.AbstractProblemLoader Init config took 5.56s 
794680     INFO  main            d.u.i.k.p.i.AbstractProblemLoader Replaying proof Sampler[ThreadSpec2::workingPermissions()].JML accessible clause.0 
794682     DEBUG main            d.u.i.k.p.i.IntermediateProofReplayer Proof replay took 3ns 
794784     INFO  main            d.u.i.k.p.r.p.TestFile    ... finished proof: closed. 
795435     INFO  main            d.u.i.k.p.i.AbstractProblemLoader Loading environment from /home/runner/work/key/key/key.core/../key.ui/examples/heap/permissions/threads/Sampler_workingPermissions_accessible.key.proof 
795435     DEBUG main            d.u.i.k.p.i.AbstractProblemLoader Environment load took 82.2ns 
795436     INFO  main            d.u.i.k.p.i.AbstractProblemLoader Creating init config 
801216     DEBUG main            d.u.i.k.p.i.AbstractProblemLoader Init config took 5.78s 
801319     INFO  main            d.u.i.k.p.i.AbstractProblemLoader Replaying proof Sampler[ThreadSpec2::workingPermissions()].JML accessible clause.0 
801326     DEBUG main            d.u.i.k.p.i.IntermediateProofReplayer Proof replay took 5.25ms 
801327     DEBUG main            d.u.i.k.p.r.p.TestFile    ... success: reloaded. 
801328     INFO  main            d.u.i.k.p.r.p.TestFile    Now processing file /home/runner/work/key/key/key.core/../key.ui/examples/heap/permissions/mulleretal/ReadWrite_doRead_contract.key 
801328     INFO  main            d.u.i.k.p.i.AbstractProblemLoader Loading environment from /home/runner/work/key/key/key.core/../key.ui/examples/heap/permissions/mulleretal/ReadWrite_doRead_contract.key 
801329     DEBUG main            d.u.i.k.p.i.AbstractProblemLoader Environment load took 200.41ns 
801329     INFO  main            d.u.i.k.p.i.AbstractProblemLoader Creating init config 
804867     DEBUG main            d.u.i.k.p.i.AbstractProblemLoader Init config took 3.54s 
804910     INFO  main            d.u.i.k.p.i.AbstractProblemLoader Replaying proof ReadWrite[ReadWrite::doRead()].JML normal_behavior operation contract.0 
804913     DEBUG main            d.u.i.k.p.i.IntermediateProofReplayer Proof replay took 2.7ns 
807324     INFO  main            d.u.i.k.p.r.p.TestFile    ... finished proof: closed. 
808020     INFO  main            d.u.i.k.p.i.AbstractProblemLoader Loading environment from /home/runner/work/key/key/key.core/../key.ui/examples/heap/permissions/mulleretal/ReadWrite_doRead_contract.key.proof 
808020     DEBUG main            d.u.i.k.p.i.AbstractProblemLoader Environment load took 90.7ns 
808021     INFO  main            d.u.i.k.p.i.AbstractProblemLoader Creating init config 
811125     DEBUG main            d.u.i.k.p.i.AbstractProblemLoader Init config took 3.1s 
811167     INFO  main            d.u.i.k.p.i.AbstractProblemLoader Replaying proof ReadWrite[ReadWrite::doRead()].JML normal_behavior operation contract.0 
811618     DEBUG main            d.u.i.k.p.i.IntermediateProofReplayer Proof replay took 429.83ms 
811619     DEBUG main            d.u.i.k.p.r.p.TestFile    ... success: reloaded. 
811620     INFO  main            d.u.i.k.p.r.p.TestFile    Now processing file /home/runner/work/key/key/key.core/../key.ui/examples/heap/permissions/mulleretal/ReadWrite_doWrite_contract.key 
811620     INFO  main            d.u.i.k.p.i.AbstractProblemLoader Loading environment from /home/runner/work/key/key/key.core/../key.ui/examples/heap/permissions/mulleretal/ReadWrite_doWrite_contract.key 
811620     DEBUG main            d.u.i.k.p.i.AbstractProblemLoader Environment load took 211.91ns 
811621     INFO  main            d.u.i.k.p.i.AbstractProblemLoader Creating init config 
815162     DEBUG main            d.u.i.k.p.i.AbstractProblemLoader Init config took 3.54s 
815203     INFO  main            d.u.i.k.p.i.AbstractProblemLoader Replaying proof ReadWrite[ReadWrite::doWrite()].JML normal_behavior operation contract.0 
815205     DEBUG main            d.u.i.k.p.i.IntermediateProofReplayer Proof replay took 3.3ns 
817253     INFO  main            d.u.i.k.p.r.p.TestFile    ... finished proof: closed. 
817965     INFO  main            d.u.i.k.p.i.AbstractProblemLoader Loading environment from /home/runner/work/key/key/key.core/../key.ui/examples/heap/permissions/mulleretal/ReadWrite_doWrite_contract.key.proof 
817965     DEBUG main            d.u.i.k.p.i.AbstractProblemLoader Environment load took 330.12ns 
817967     INFO  main            d.u.i.k.p.i.AbstractProblemLoader Creating init config 
821007     DEBUG main            d.u.i.k.p.i.AbstractProblemLoader Init config took 3.04s 
821052     INFO  main            d.u.i.k.p.i.AbstractProblemLoader Replaying proof ReadWrite[ReadWrite::doWrite()].JML normal_behavior operation contract.0 
821719     DEBUG main            d.u.i.k.p.i.IntermediateProofReplayer Proof replay took 650.9ms 
821720     DEBUG main            d.u.i.k.p.r.p.TestFile    ... success: reloaded. 
821721     INFO  main            d.u.i.k.p.r.p.TestFile    Now processing file /home/runner/work/key/key/key.core/../key.ui/examples/heap/permissions/mulleretal/ReadWrite_read_contract.key 
821722     INFO  main            d.u.i.k.p.i.AbstractProblemLoader Loading environment from /home/runner/work/key/key/key.core/../key.ui/examples/heap/permissions/mulleretal/ReadWrite_read_contract.key 
821722     DEBUG main            d.u.i.k.p.i.AbstractProblemLoader Environment load took 175.81ns 
821723     INFO  main            d.u.i.k.p.i.AbstractProblemLoader Creating init config 
824991     DEBUG main            d.u.i.k.p.i.AbstractProblemLoader Init config took 3.27s 
825028     INFO  main            d.u.i.k.p.i.AbstractProblemLoader Replaying proof ReadWrite[ReadWrite::read()].JML normal_behavior operation contract.0 
825029     DEBUG main            d.u.i.k.p.i.IntermediateProofReplayer Proof replay took 3.3ns 
825131     INFO  main            d.u.i.k.p.r.p.TestFile    ... finished proof: closed. 
825789     INFO  main            d.u.i.k.p.i.AbstractProblemLoader Loading environment from /home/runner/work/key/key/key.core/../key.ui/examples/heap/permissions/mulleretal/ReadWrite_read_contract.key.proof 
825789     DEBUG main            d.u.i.k.p.i.AbstractProblemLoader Environment load took 79.41ns 
825790     INFO  main            d.u.i.k.p.i.AbstractProblemLoader Creating init config 
828876     DEBUG main            d.u.i.k.p.i.AbstractProblemLoader Init config took 3.09s 
828918     INFO  main            d.u.i.k.p.i.AbstractProblemLoader Replaying proof ReadWrite[ReadWrite::read()].JML normal_behavior operation contract.0 
828927     DEBUG main            d.u.i.k.p.i.IntermediateProofReplayer Proof replay took 6.75ms 
828928     DEBUG main            d.u.i.k.p.r.p.TestFile    ... success: reloaded. 
828930     INFO  main            d.u.i.k.p.r.p.TestFile    Now processing file /home/runner/work/key/key/key.core/../key.ui/examples/heap/permissions/mulleretal/ReadWrite_write_contract.key 
828930     INFO  main            d.u.i.k.p.i.AbstractProblemLoader Loading environment from /home/runner/work/key/key/key.core/../key.ui/examples/heap/permissions/mulleretal/ReadWrite_write_contract.key 
828930     DEBUG main            d.u.i.k.p.i.AbstractProblemLoader Environment load took 167.01ns 
828932     INFO  main            d.u.i.k.p.i.AbstractProblemLoader Creating init config 
832045     DEBUG main            d.u.i.k.p.i.AbstractProblemLoader Init config took 3.11s 
832084     INFO  main            d.u.i.k.p.i.AbstractProblemLoader Replaying proof ReadWrite[ReadWrite::write()].JML normal_behavior operation contract.0 
832090     DEBUG main            d.u.i.k.p.i.IntermediateProofReplayer Proof replay took 3.6ns 
832192     INFO  main            d.u.i.k.p.r.p.TestFile    ... finished proof: closed. 
832855     INFO  main            d.u.i.k.p.i.AbstractProblemLoader Loading environment from /home/runner/work/key/key/key.core/../key.ui/examples/heap/permissions/mulleretal/ReadWrite_write_contract.key.proof 
832855     DEBUG main            d.u.i.k.p.i.AbstractProblemLoader Environment load took 82.2ns 
832856     INFO  main            d.u.i.k.p.i.AbstractProblemLoader Creating init config 
835873     DEBUG main            d.u.i.k.p.i.AbstractProblemLoader Init config took 3.02s 
835915     INFO  main            d.u.i.k.p.i.AbstractProblemLoader Replaying proof ReadWrite[ReadWrite::write()].JML normal_behavior operation contract.0 
835941     DEBUG main            d.u.i.k.p.i.IntermediateProofReplayer Proof replay took 24.13ms 
835942     DEBUG main            d.u.i.k.p.r.p.TestFile    ... success: reloaded. 
835943     INFO  main            d.u.i.k.p.r.p.TestFile    Now processing file /home/runner/work/key/key/key.core/../key.ui/examples/heap/permissions/mulleretal/ReadWrite_inv1_accessible.key 
835943     INFO  main            d.u.i.k.p.i.AbstractProblemLoader Loading environment from /home/runner/work/key/key/key.core/../key.ui/examples/heap/permissions/mulleretal/ReadWrite_inv1_accessible.key 
835944     DEBUG main            d.u.i.k.p.i.AbstractProblemLoader Environment load took 205.61ns 
835945     INFO  main            d.u.i.k.p.i.AbstractProblemLoader Creating init config 
839140     DEBUG main            d.u.i.k.p.i.AbstractProblemLoader Init config took 3.2s 
839176     INFO  main            d.u.i.k.p.i.AbstractProblemLoader Replaying proof ReadWrite[java.lang.Object::<inv>()].JML accessible clause.0 
839178     DEBUG main            d.u.i.k.p.i.IntermediateProofReplayer Proof replay took 3.1ns 
839279     INFO  main            d.u.i.k.p.r.p.TestFile    ... finished proof: closed. 
839971     INFO  main            d.u.i.k.p.i.AbstractProblemLoader Loading environment from /home/runner/work/key/key/key.core/../key.ui/examples/heap/permissions/mulleretal/ReadWrite_inv1_accessible.key.proof 
839971     DEBUG main            d.u.i.k.p.i.AbstractProblemLoader Environment load took 78.8ns 
839972     INFO  main            d.u.i.k.p.i.AbstractProblemLoader Creating init config 
843065     DEBUG main            d.u.i.k.p.i.AbstractProblemLoader Init config took 3.09s 
843115     INFO  main            d.u.i.k.p.i.AbstractProblemLoader Replaying proof ReadWrite[java.lang.Object::<inv>()].JML accessible clause.0 
843119     DEBUG main            d.u.i.k.p.i.IntermediateProofReplayer Proof replay took 2.09ms 
843119     DEBUG main            d.u.i.k.p.r.p.TestFile    ... success: reloaded. 
843133     INFO  main            d.u.i.k.p.r.p.TestFile    Now processing file /home/runner/work/key/key/key.core/../key.ui/examples/heap/permissions/mulleretal/ReadWrite_inv2_accessible.key 
843134     INFO  main            d.u.i.k.p.i.AbstractProblemLoader Loading environment from /home/runner/work/key/key/key.core/../key.ui/examples/heap/permissions/mulleretal/ReadWrite_inv2_accessible.key 
843134     DEBUG main            d.u.i.k.p.i.AbstractProblemLoader Environment load took 200.91ns 
843135     INFO  main            d.u.i.k.p.i.AbstractProblemLoader Creating init config 
846346     DEBUG main            d.u.i.k.p.i.AbstractProblemLoader Init config took 3.21s 
846387     INFO  main            d.u.i.k.p.i.AbstractProblemLoader Replaying proof ReadWrite[java.lang.Object::<inv>()].JML accessible clause.1 
846389     DEBUG main            d.u.i.k.p.i.IntermediateProofReplayer Proof replay took 3ns 
846491     INFO  main            d.u.i.k.p.r.p.TestFile    ... finished proof: closed. 
847199     INFO  main            d.u.i.k.p.i.AbstractProblemLoader Loading environment from /home/runner/work/key/key/key.core/../key.ui/examples/heap/permissions/mulleretal/ReadWrite_inv2_accessible.key.proof 
847199     DEBUG main            d.u.i.k.p.i.AbstractProblemLoader Environment load took 84ns 
847200     INFO  main            d.u.i.k.p.i.AbstractProblemLoader Creating init config 
850441     DEBUG main            d.u.i.k.p.i.AbstractProblemLoader Init config took 3.24s 
850482     INFO  main            d.u.i.k.p.i.AbstractProblemLoader Replaying proof ReadWrite[java.lang.Object::<inv>()].JML accessible clause.1 
850485     DEBUG main            d.u.i.k.p.i.IntermediateProofReplayer Proof replay took 1.7ms 
850486     DEBUG main            d.u.i.k.p.r.p.TestFile    ... success: reloaded. 
850487     INFO  main            d.u.i.k.p.r.p.TestFile    Now processing file /home/runner/work/key/key/key.core/../key.ui/examples/heap/permissions/lockspec/Counter_lockConsistent_contract.key 
850487     INFO  main            d.u.i.k.p.i.AbstractProblemLoader Loading environment from /home/runner/work/key/key/key.core/../key.ui/examples/heap/permissions/lockspec/Counter_lockConsistent_contract.key 
850487     DEBUG main            d.u.i.k.p.i.AbstractProblemLoader Environment load took 77.11ns 
850488     INFO  main            d.u.i.k.p.i.AbstractProblemLoader Creating init config 
854279     DEBUG main            d.u.i.k.p.i.AbstractProblemLoader Init config took 3.79s 
854347     INFO  main            d.u.i.k.p.i.AbstractProblemLoader Replaying proof Counter[LockSpec::lockConsistent()].JML model_behavior operation contract.0 
854348     DEBUG main            d.u.i.k.p.i.IntermediateProofReplayer Proof replay took 3ns 
855670     INFO  main            d.u.i.k.p.r.p.TestFile    ... finished proof: closed. 
856381     INFO  main            d.u.i.k.p.i.AbstractProblemLoader Loading environment from /home/runner/work/key/key/key.core/../key.ui/examples/heap/permissions/lockspec/Counter_lockConsistent_contract.key.proof 
856381     DEBUG main            d.u.i.k.p.i.AbstractProblemLoader Environment load took 87.2ns 
856382     INFO  main            d.u.i.k.p.i.AbstractProblemLoader Creating init config 
860109     DEBUG main            d.u.i.k.p.i.AbstractProblemLoader Init config took 3.73s 
860209     INFO  main            d.u.i.k.p.i.AbstractProblemLoader Replaying proof Counter[LockSpec::lockConsistent()].JML model_behavior operation contract.0 
860479     DEBUG main            d.u.i.k.p.i.IntermediateProofReplayer Proof replay took 253.91ms 
860489     DEBUG main            d.u.i.k.p.r.p.TestFile    ... success: reloaded. 
860490     INFO  main            d.u.i.k.p.r.p.TestFile    Now processing file /home/runner/work/key/key/key.core/../key.ui/examples/heap/permissions/lockspec/Counter_increase_contract.key 
860491     INFO  main            d.u.i.k.p.i.AbstractProblemLoader Loading environment from /home/runner/work/key/key/key.core/../key.ui/examples/heap/permissions/lockspec/Counter_increase_contract.key 
860491     DEBUG main            d.u.i.k.p.i.AbstractProblemLoader Environment load took 179.91ns 
860492     INFO  main            d.u.i.k.p.i.AbstractProblemLoader Creating init config 
864366     DEBUG main            d.u.i.k.p.i.AbstractProblemLoader Init config took 3.87s 
864433     INFO  main            d.u.i.k.p.i.AbstractProblemLoader Replaying proof Counter[Counter::increase()].JML normal_behavior operation contract.0 
864453     DEBUG main            d.u.i.k.p.i.IntermediateProofReplayer Proof replay took 4.4ns 
866567     INFO  main            d.u.i.k.p.r.p.TestFile    ... finished proof: closed. 
867317     INFO  main            d.u.i.k.p.i.AbstractProblemLoader Loading environment from /home/runner/work/key/key/key.core/../key.ui/examples/heap/permissions/lockspec/Counter_increase_contract.key.proof 
867317     DEBUG main            d.u.i.k.p.i.AbstractProblemLoader Environment load took 89.2ns 
867318     INFO  main            d.u.i.k.p.i.AbstractProblemLoader Creating init config 
871110     DEBUG main            d.u.i.k.p.i.AbstractProblemLoader Init config took 3.79s 
871164     INFO  main            d.u.i.k.p.i.AbstractProblemLoader Replaying proof Counter[Counter::increase()].JML normal_behavior operation contract.0 
871355     DEBUG main            d.u.i.k.p.i.IntermediateProofReplayer Proof replay took 172.37ms 
871357     DEBUG main            d.u.i.k.p.r.p.TestFile    ... success: reloaded. 
871358     INFO  main            d.u.i.k.p.r.p.TestFile    Now processing file /home/runner/work/key/key/key.core/../key.ui/examples/heap/permissions/lockspec/Counter_fp_accessible.key 
871358     INFO  main            d.u.i.k.p.i.AbstractProblemLoader Loading environment from /home/runner/work/key/key/key.core/../key.ui/examples/heap/permissions/lockspec/Counter_fp_accessible.key 
871358     DEBUG main            d.u.i.k.p.i.AbstractProblemLoader Environment load took 73.61ns 
871359     INFO  main            d.u.i.k.p.i.AbstractProblemLoader Creating init config 
874995     DEBUG main            d.u.i.k.p.i.AbstractProblemLoader Init config took 3.64s 
875050     INFO  main            d.u.i.k.p.i.AbstractProblemLoader Replaying proof Counter[LockSpec::fp()].JML accessible clause.0 
875052     DEBUG main            d.u.i.k.p.i.IntermediateProofReplayer Proof replay took 3.3ns 
875153     INFO  main            d.u.i.k.p.r.p.TestFile    ... finished proof: closed. 
875889     INFO  main            d.u.i.k.p.i.AbstractProblemLoader Loading environment from /home/runner/work/key/key/key.core/../key.ui/examples/heap/permissions/lockspec/Counter_fp_accessible.key.proof 
875889     DEBUG main            d.u.i.k.p.i.AbstractProblemLoader Environment load took 75.9ns 
875890     INFO  main            d.u.i.k.p.i.AbstractProblemLoader Creating init config 
879340     DEBUG main            d.u.i.k.p.i.AbstractProblemLoader Init config took 3.45s 
879395     INFO  main            d.u.i.k.p.i.AbstractProblemLoader Replaying proof Counter[LockSpec::fp()].JML accessible clause.0 
879403     DEBUG main            d.u.i.k.p.i.IntermediateProofReplayer Proof replay took 6.92ms 
879404     DEBUG main            d.u.i.k.p.r.p.TestFile    ... success: reloaded. 
879404     INFO  main            d.u.i.k.p.r.p.TestFile    Now processing file /home/runner/work/key/key/key.core/../key.ui/examples/heap/permissions/lockspec/Counter_fpLock_accessible.key 
879405     INFO  main            d.u.i.k.p.i.AbstractProblemLoader Loading environment from /home/runner/work/key/key/key.core/../key.ui/examples/heap/permissions/lockspec/Counter_fpLock_accessible.key 
879405     DEBUG main            d.u.i.k.p.i.AbstractProblemLoader Environment load took 45.2ns 
879406     INFO  main            d.u.i.k.p.i.AbstractProblemLoader Creating init config 
882910     DEBUG main            d.u.i.k.p.i.AbstractProblemLoader Init config took 3.5s 
882966     INFO  main            d.u.i.k.p.i.AbstractProblemLoader Replaying proof Counter[LockSpec::fpLock()].JML accessible clause.0 
882968     DEBUG main            d.u.i.k.p.i.IntermediateProofReplayer Proof replay took 3.4ns 
883069     INFO  main            d.u.i.k.p.r.p.TestFile    ... finished proof: closed. 
883846     INFO  main            d.u.i.k.p.i.AbstractProblemLoader Loading environment from /home/runner/work/key/key/key.core/../key.ui/examples/heap/permissions/lockspec/Counter_fpLock_accessible.key.proof 
883847     DEBUG main            d.u.i.k.p.i.AbstractProblemLoader Environment load took 80.91ns 
883847     INFO  main            d.u.i.k.p.i.AbstractProblemLoader Creating init config 
887298     DEBUG main            d.u.i.k.p.i.AbstractProblemLoader Init config took 3.45s 
887354     INFO  main            d.u.i.k.p.i.AbstractProblemLoader Replaying proof Counter[LockSpec::fpLock()].JML accessible clause.0 
887362     DEBUG main            d.u.i.k.p.i.IntermediateProofReplayer Proof replay took 6.9ms 
887363     DEBUG main            d.u.i.k.p.r.p.TestFile    ... success: reloaded. 
887364     INFO  main            d.u.i.k.p.r.p.TestFile    Now processing file /home/runner/work/key/key/key.core/../key.ui/examples/heap/permissions/lockspec/Counter_fpPerm_accessible.key 
887364     INFO  main            d.u.i.k.p.i.AbstractProblemLoader Loading environment from /home/runner/work/key/key/key.core/../key.ui/examples/heap/permissions/lockspec/Counter_fpPerm_accessible.key 
887364     DEBUG main            d.u.i.k.p.i.AbstractProblemLoader Environment load took 45.2ns 
887365     INFO  main            d.u.i.k.p.i.AbstractProblemLoader Creating init config 
890806     DEBUG main            d.u.i.k.p.i.AbstractProblemLoader Init config took 3.44s 
890862     INFO  main            d.u.i.k.p.i.AbstractProblemLoader Replaying proof Counter[LockSpec::fpPerm()].JML accessible clause.0 
890864     DEBUG main            d.u.i.k.p.i.IntermediateProofReplayer Proof replay took 3.2ns 
890972     INFO  main            d.u.i.k.p.r.p.TestFile    ... finished proof: closed. 
891742     INFO  main            d.u.i.k.p.i.AbstractProblemLoader Loading environment from /home/runner/work/key/key/key.core/../key.ui/examples/heap/permissions/lockspec/Counter_fpPerm_accessible.key.proof 
891742     DEBUG main            d.u.i.k.p.i.AbstractProblemLoader Environment load took 80.31ns 
891743     INFO  main            d.u.i.k.p.i.AbstractProblemLoader Creating init config 
895191     DEBUG main            d.u.i.k.p.i.AbstractProblemLoader Init config took 3.45s 
895247     INFO  main            d.u.i.k.p.i.AbstractProblemLoader Replaying proof Counter[LockSpec::fpPerm()].JML accessible clause.0 
895255     DEBUG main            d.u.i.k.p.i.IntermediateProofReplayer Proof replay took 6.35ms 
895256     DEBUG main            d.u.i.k.p.r.p.TestFile    ... success: reloaded. 
895256     INFO  main            d.u.i.k.p.r.p.TestFile    Now processing file /home/runner/work/key/key/key.core/../key.ui/examples/heap/permissions/lockspec/Counter_inv_accessible1.key 
895257     INFO  main            d.u.i.k.p.i.AbstractProblemLoader Loading environment from /home/runner/work/key/key/key.core/../key.ui/examples/heap/permissions/lockspec/Counter_inv_accessible1.key 
895257     DEBUG main            d.u.i.k.p.i.AbstractProblemLoader Environment load took 74.8ns 
895258     INFO  main            d.u.i.k.p.i.AbstractProblemLoader Creating init config 
898712     DEBUG main            d.u.i.k.p.i.AbstractProblemLoader Init config took 3.45s 
898767     INFO  main            d.u.i.k.p.i.AbstractProblemLoader Replaying proof Counter[java.lang.Object::<inv>()].JML accessible clause.0 
898769     DEBUG main            d.u.i.k.p.i.IntermediateProofReplayer Proof replay took 3.6ns 
898870     INFO  main            d.u.i.k.p.r.p.TestFile    ... finished proof: closed. 
899617     INFO  main            d.u.i.k.p.i.AbstractProblemLoader Loading environment from /home/runner/work/key/key/key.core/../key.ui/examples/heap/permissions/lockspec/Counter_inv_accessible1.key.proof 
899617     DEBUG main            d.u.i.k.p.i.AbstractProblemLoader Environment load took 79.6ns 
899618     INFO  main            d.u.i.k.p.i.AbstractProblemLoader Creating init config 
903041     DEBUG main            d.u.i.k.p.i.AbstractProblemLoader Init config took 3.42s 
903097     INFO  main            d.u.i.k.p.i.AbstractProblemLoader Replaying proof Counter[java.lang.Object::<inv>()].JML accessible clause.0 
903107     DEBUG main            d.u.i.k.p.i.IntermediateProofReplayer Proof replay took 8.46ms 
903107     DEBUG main            d.u.i.k.p.r.p.TestFile    ... success: reloaded. 
903108     INFO  main            d.u.i.k.p.r.p.TestFile    Now processing file /home/runner/work/key/key/key.core/../key.ui/examples/heap/permissions/lockspec/Counter_inv_accessible2.key 
903108     INFO  main            d.u.i.k.p.i.AbstractProblemLoader Loading environment from /home/runner/work/key/key/key.core/../key.ui/examples/heap/permissions/lockspec/Counter_inv_accessible2.key 
903108     DEBUG main            d.u.i.k.p.i.AbstractProblemLoader Environment load took 44.4ns 
903109     INFO  main            d.u.i.k.p.i.AbstractProblemLoader Creating init config 
906603     DEBUG main            d.u.i.k.p.i.AbstractProblemLoader Init config took 3.49s 
906659     INFO  main            d.u.i.k.p.i.AbstractProblemLoader Replaying proof Counter[java.lang.Object::<inv>()].JML accessible clause.1 
906660     DEBUG main            d.u.i.k.p.i.IntermediateProofReplayer Proof replay took 3.5ns 
906762     INFO  main            d.u.i.k.p.r.p.TestFile    ... finished proof: closed. 
907510     INFO  main            d.u.i.k.p.i.AbstractProblemLoader Loading environment from /home/runner/work/key/key/key.core/../key.ui/examples/heap/permissions/lockspec/Counter_inv_accessible2.key.proof 
907510     DEBUG main            d.u.i.k.p.i.AbstractProblemLoader Environment load took 90.5ns 
907511     INFO  main            d.u.i.k.p.i.AbstractProblemLoader Creating init config 
910925     DEBUG main            d.u.i.k.p.i.AbstractProblemLoader Init config took 3.41s 
910984     INFO  main            d.u.i.k.p.i.AbstractProblemLoader Replaying proof Counter[java.lang.Object::<inv>()].JML accessible clause.1 
910994     DEBUG main            d.u.i.k.p.i.IntermediateProofReplayer Proof replay took 9.01ms 
910995     DEBUG main            d.u.i.k.p.r.p.TestFile    ... success: reloaded. 
910996     INFO  main            d.u.i.k.p.r.p.TestFile    Now processing file /home/runner/work/key/key/key.core/../key.ui/examples/heap/permissions/lockspec/Counter_lockRef_accessible.key 
910996     INFO  main            d.u.i.k.p.i.AbstractProblemLoader Loading environment from /home/runner/work/key/key/key.core/../key.ui/examples/heap/permissions/lockspec/Counter_lockRef_accessible.key 
910996     DEBUG main            d.u.i.k.p.i.AbstractProblemLoader Environment load took 45.3ns 
910997     INFO  main            d.u.i.k.p.i.AbstractProblemLoader Creating init config 
914474     DEBUG main            d.u.i.k.p.i.AbstractProblemLoader Init config took 3.48s 
914552     INFO  main            d.u.i.k.p.i.AbstractProblemLoader Replaying proof Counter[LockSpec::lockRef()].JML accessible clause.0 
914553     DEBUG main            d.u.i.k.p.i.IntermediateProofReplayer Proof replay took 2.9ns 
914756     INFO  main            d.u.i.k.p.r.p.TestFile    ... finished proof: closed. 
915522     INFO  main            d.u.i.k.p.i.AbstractProblemLoader Loading environment from /home/runner/work/key/key/key.core/../key.ui/examples/heap/permissions/lockspec/Counter_lockRef_accessible.key.proof 
915522     DEBUG main            d.u.i.k.p.i.AbstractProblemLoader Environment load took 82.31ns 
915523     INFO  main            d.u.i.k.p.i.AbstractProblemLoader Creating init config 
919020     DEBUG main            d.u.i.k.p.i.AbstractProblemLoader Init config took 3.5s 
919076     INFO  main            d.u.i.k.p.i.AbstractProblemLoader Replaying proof Counter[LockSpec::lockRef()].JML accessible clause.0 
919103     DEBUG main            d.u.i.k.p.i.IntermediateProofReplayer Proof replay took 25.72ms 
919104     DEBUG main            d.u.i.k.p.r.p.TestFile    ... success: reloaded. 
919105     INFO  main            d.u.i.k.p.r.p.TestFile    Now processing file /home/runner/work/key/key/key.core/../key.ui/examples/heap/permissions/lockspec/Counter_lockRef_contract1.key 
919105     INFO  main            d.u.i.k.p.i.AbstractProblemLoader Loading environment from /home/runner/work/key/key/key.core/../key.ui/examples/heap/permissions/lockspec/Counter_lockRef_contract1.key 
919105     DEBUG main            d.u.i.k.p.i.AbstractProblemLoader Environment load took 78.1ns 
919106     INFO  main            d.u.i.k.p.i.AbstractProblemLoader Creating init config 
922560     DEBUG main            d.u.i.k.p.i.AbstractProblemLoader Init config took 3.45s 
922618     INFO  main            d.u.i.k.p.i.AbstractProblemLoader Replaying proof Counter[LockSpec::lockRef()].JML model_behavior operation contract.0 
922620     DEBUG main            d.u.i.k.p.i.IntermediateProofReplayer Proof replay took 2.9ns 
922724     INFO  main            d.u.i.k.p.r.p.TestFile    ... finished proof: closed. 
923510     INFO  main            d.u.i.k.p.i.AbstractProblemLoader Loading environment from /home/runner/work/key/key/key.core/../key.ui/examples/heap/permissions/lockspec/Counter_lockRef_contract1.key.proof 
923510     DEBUG main            d.u.i.k.p.i.AbstractProblemLoader Environment load took 77.7ns 
923511     INFO  main            d.u.i.k.p.i.AbstractProblemLoader Creating init config 
927025     DEBUG main            d.u.i.k.p.i.AbstractProblemLoader Init config took 3.51s 
927081     INFO  main            d.u.i.k.p.i.AbstractProblemLoader Replaying proof Counter[LockSpec::lockRef()].JML model_behavior operation contract.0 
927086     DEBUG main            d.u.i.k.p.i.IntermediateProofReplayer Proof replay took 3.53ms 
927087     DEBUG main            d.u.i.k.p.r.p.TestFile    ... success: reloaded. 
927087     INFO  main            d.u.i.k.p.r.p.TestFile    Now processing file /home/runner/work/key/key/key.core/../key.ui/examples/heap/permissions/lockspec/Counter_lockRef_contract2.key 
927088     INFO  main            d.u.i.k.p.i.AbstractProblemLoader Loading environment from /home/runner/work/key/key/key.core/../key.ui/examples/heap/permissions/lockspec/Counter_lockRef_contract2.key 
927088     DEBUG main            d.u.i.k.p.i.AbstractProblemLoader Environment load took 48.3ns 
927088     INFO  main            d.u.i.k.p.i.AbstractProblemLoader Creating init config 
930587     DEBUG main            d.u.i.k.p.i.AbstractProblemLoader Init config took 3.5s 
930643     INFO  main            d.u.i.k.p.i.AbstractProblemLoader Replaying proof Counter[Counter::lockRef()].JML model_behavior operation contract.0 
930644     DEBUG main            d.u.i.k.p.i.IntermediateProofReplayer Proof replay took 3.4ns 
930746     INFO  main            d.u.i.k.p.r.p.TestFile    ... finished proof: closed. 
931518     INFO  main            d.u.i.k.p.i.AbstractProblemLoader Loading environment from /home/runner/work/key/key/key.core/../key.ui/examples/heap/permissions/lockspec/Counter_lockRef_contract2.key.proof 
931518     DEBUG main            d.u.i.k.p.i.AbstractProblemLoader Environment load took 70ns 
931519     INFO  main            d.u.i.k.p.i.AbstractProblemLoader Creating init config 
935081     DEBUG main            d.u.i.k.p.i.AbstractProblemLoader Init config took 3.56s 
935146     INFO  main            d.u.i.k.p.i.AbstractProblemLoader Replaying proof Counter[Counter::lockRef()].JML model_behavior operation contract.0 
935152     DEBUG main            d.u.i.k.p.i.IntermediateProofReplayer Proof replay took 4.39ms 
935153     DEBUG main            d.u.i.k.p.r.p.TestFile    ... success: reloaded. 
935154     INFO  main            d.u.i.k.p.r.p.TestFile    Now processing file /home/runner/work/key/key/key.core/../key.ui/examples/heap/permissions/lockspec/Counter_lockState_accessible.key 
935154     INFO  main            d.u.i.k.p.i.AbstractProblemLoader Loading environment from /home/runner/work/key/key/key.core/../key.ui/examples/heap/permissions/lockspec/Counter_lockState_accessible.key 
935154     DEBUG main            d.u.i.k.p.i.AbstractProblemLoader Environment load took 223.21ns 
935155     INFO  main            d.u.i.k.p.i.AbstractProblemLoader Creating init config 
938850     DEBUG main            d.u.i.k.p.i.AbstractProblemLoader Init config took 3.7s 
938909     INFO  main            d.u.i.k.p.i.AbstractProblemLoader Replaying proof Counter[LockSpec::lockState(boolean)].JML accessible clause.0 
938910     DEBUG main            d.u.i.k.p.i.IntermediateProofReplayer Proof replay took 3.7ns 
939213     INFO  main            d.u.i.k.p.r.p.TestFile    ... finished proof: closed. 
940009     INFO  main            d.u.i.k.p.i.AbstractProblemLoader Loading environment from /home/runner/work/key/key/key.core/../key.ui/examples/heap/permissions/lockspec/Counter_lockState_accessible.key.proof 
940009     DEBUG main            d.u.i.k.p.i.AbstractProblemLoader Environment load took 77.2ns 
940010     INFO  main            d.u.i.k.p.i.AbstractProblemLoader Creating init config 
943632     DEBUG main            d.u.i.k.p.i.AbstractProblemLoader Init config took 3.62s 
943699     INFO  main            d.u.i.k.p.i.AbstractProblemLoader Replaying proof Counter[LockSpec::lockState(boolean)].JML accessible clause.0 
943769     DEBUG main            d.u.i.k.p.i.IntermediateProofReplayer Proof replay took 58.64ms 
943770     DEBUG main            d.u.i.k.p.r.p.TestFile    ... success: reloaded. 
943771     INFO  main            d.u.i.k.p.r.p.TestFile    Now processing file /home/runner/work/key/key/key.core/../key.ui/examples/heap/permissions/lockspec/Counter_lockStatus_accessible.key 
943774     INFO  main            d.u.i.k.p.i.AbstractProblemLoader Loading environment from /home/runner/work/key/key/key.core/../key.ui/examples/heap/permissions/lockspec/Counter_lockStatus_accessible.key 
943774     DEBUG main            d.u.i.k.p.i.AbstractProblemLoader Environment load took 196.72ns 
943775     INFO  main            d.u.i.k.p.i.AbstractProblemLoader Creating init config 
947440     DEBUG main            d.u.i.k.p.i.AbstractProblemLoader Init config took 3.66s 
947497     INFO  main            d.u.i.k.p.i.AbstractProblemLoader Replaying proof Counter[LockSpec::lockStatus(boolean)].JML accessible clause.0 
947498     DEBUG main            d.u.i.k.p.i.IntermediateProofReplayer Proof replay took 2.8ns 
947599     INFO  main            d.u.i.k.p.r.p.TestFile    ... finished proof: closed. 
948399     INFO  main            d.u.i.k.p.i.AbstractProblemLoader Loading environment from /home/runner/work/key/key/key.core/../key.ui/examples/heap/permissions/lockspec/Counter_lockStatus_accessible.key.proof 
948399     DEBUG main            d.u.i.k.p.i.AbstractProblemLoader Environment load took 78.71ns 
948400     INFO  main            d.u.i.k.p.i.AbstractProblemLoader Creating init config 
951860     DEBUG main            d.u.i.k.p.i.AbstractProblemLoader Init config took 3.46s 
951918     INFO  main            d.u.i.k.p.i.AbstractProblemLoader Replaying proof Counter[LockSpec::lockStatus(boolean)].JML accessible clause.0 
951937     DEBUG main            d.u.i.k.p.i.IntermediateProofReplayer Proof replay took 16.49ms 
951937     DEBUG main            d.u.i.k.p.r.p.TestFile    ... success: reloaded. 
951938     INFO  main            d.u.i.k.p.r.p.TestFile    Now processing file /home/runner/work/key/key/key.core/../key.ui/examples/heap/permissions/lockspec/Counter_lockTransfer_accessible.key 
951938     INFO  main            d.u.i.k.p.i.AbstractProblemLoader Loading environment from /home/runner/work/key/key/key.core/../key.ui/examples/heap/permissions/lockspec/Counter_lockTransfer_accessible.key 
951938     DEBUG main            d.u.i.k.p.i.AbstractProblemLoader Environment load took 53.81ns 
951939     INFO  main            d.u.i.k.p.i.AbstractProblemLoader Creating init config 
955532     DEBUG main            d.u.i.k.p.i.AbstractProblemLoader Init config took 3.59s 
955596     INFO  main            d.u.i.k.p.i.AbstractProblemLoader Replaying proof Counter[LockSpec::lockTransfer()].JML accessible clause.0 
955598     DEBUG main            d.u.i.k.p.i.IntermediateProofReplayer Proof replay took 3.1ns 
956001     INFO  main            d.u.i.k.p.r.p.TestFile    ... finished proof: closed. 
956814     INFO  main            d.u.i.k.p.i.AbstractProblemLoader Loading environment from /home/runner/work/key/key/key.core/../key.ui/examples/heap/permissions/lockspec/Counter_lockTransfer_accessible.key.proof 
956814     DEBUG main            d.u.i.k.p.i.AbstractProblemLoader Environment load took 85.71ns 
956815     INFO  main            d.u.i.k.p.i.AbstractProblemLoader Creating init config 
960403     DEBUG main            d.u.i.k.p.i.AbstractProblemLoader Init config took 3.59s 
960462     INFO  main            d.u.i.k.p.i.AbstractProblemLoader Replaying proof Counter[LockSpec::lockTransfer()].JML accessible clause.0 
960527     DEBUG main            d.u.i.k.p.i.IntermediateProofReplayer Proof replay took 55.59ms 
960528     DEBUG main            d.u.i.k.p.r.p.TestFile    ... success: reloaded. 
960528     INFO  main            d.u.i.k.p.r.p.TestFile    Now processing file /home/runner/work/key/key/key.core/../key.ui/examples/heap/permissions/lockspec/Counter_unlockTransfer_accessible.key 
960529     INFO  main            d.u.i.k.p.i.AbstractProblemLoader Loading environment from /home/runner/work/key/key/key.core/../key.ui/examples/heap/permissions/lockspec/Counter_unlockTransfer_accessible.key 
960529     DEBUG main            d.u.i.k.p.i.AbstractProblemLoader Environment load took 107.31ns 
960530     INFO  main            d.u.i.k.p.i.AbstractProblemLoader Creating init config 
964259     DEBUG main            d.u.i.k.p.i.AbstractProblemLoader Init config took 3.73s 
964322     INFO  main            d.u.i.k.p.i.AbstractProblemLoader Replaying proof Counter[LockSpec::unlockTransfer()].JML accessible clause.0 
964324     DEBUG main            d.u.i.k.p.i.IntermediateProofReplayer Proof replay took 3ns 
964727     INFO  main            d.u.i.k.p.r.p.TestFile    ... finished proof: closed. 
965529     INFO  main            d.u.i.k.p.i.AbstractProblemLoader Loading environment from /home/runner/work/key/key/key.core/../key.ui/examples/heap/permissions/lockspec/Counter_unlockTransfer_accessible.key.proof 
965529     DEBUG main            d.u.i.k.p.i.AbstractProblemLoader Environment load took 80.91ns 
965530     INFO  main            d.u.i.k.p.i.AbstractProblemLoader Creating init config 
969031     DEBUG main            d.u.i.k.p.i.AbstractProblemLoader Init config took 3.5s 
969087     INFO  main            d.u.i.k.p.i.AbstractProblemLoader Replaying proof Counter[LockSpec::unlockTransfer()].JML accessible clause.0 
969143     DEBUG main            d.u.i.k.p.i.IntermediateProofReplayer Proof replay took 52.66ms 
969143     DEBUG main            d.u.i.k.p.r.p.TestFile    ... success: reloaded. 
969144     INFO  main            d.u.i.k.p.r.p.TestFile    Now processing file /home/runner/work/key/key/key.core/../key.ui/examples/heap/permissions/threads/Plotter_startTransfer_contract.proof 
969144     INFO  main            d.u.i.k.p.i.AbstractProblemLoader Loading environment from /home/runner/work/key/key/key.core/../key.ui/examples/heap/permissions/threads/Plotter_startTransfer_contract.proof 
969144     DEBUG main            d.u.i.k.p.i.AbstractProblemLoader Environment load took 63.31ns 
969145     INFO  main            d.u.i.k.p.i.AbstractProblemLoader Creating init config 
974543     DEBUG main            d.u.i.k.p.i.AbstractProblemLoader Init config took 5.4s 
974668     INFO  main            d.u.i.k.p.i.AbstractProblemLoader Replaying proof Plotter[ThreadSpec2::startTransfer()].JML model_behavior operation contract.0 
974842     DEBUG main            d.u.i.k.p.i.IntermediateProofReplayer Proof replay took 164.6ms 
974843     INFO  main            d.u.i.k.p.r.p.TestFile    ... success: loaded 
974844     INFO  main            d.u.i.k.p.r.p.TestFile    Now processing file /home/runner/work/key/key/key.core/../key.ui/examples/heap/permissions/threads/Plotter_startTransfer_accessible.proof 
974845     INFO  main            d.u.i.k.p.i.AbstractProblemLoader Loading environment from /home/runner/work/key/key/key.core/../key.ui/examples/heap/permissions/threads/Plotter_startTransfer_accessible.proof 
974845     DEBUG main            d.u.i.k.p.i.AbstractProblemLoader Environment load took 211.02ns 
974846     INFO  main            d.u.i.k.p.i.AbstractProblemLoader Creating init config 
980431     DEBUG main            d.u.i.k.p.i.AbstractProblemLoader Init config took 5.58s 
980519     INFO  main            d.u.i.k.p.i.AbstractProblemLoader Replaying proof Plotter[ThreadSpec2::startTransfer()].JML accessible clause.0 
980602     DEBUG main            d.u.i.k.p.i.IntermediateProofReplayer Proof replay took 79.16ms 
980603     INFO  main            d.u.i.k.p.r.p.TestFile    ... success: loaded 
980604     INFO  main            d.u.i.k.p.r.p.TestFile    Now processing file /home/runner/work/key/key/key.core/../key.ui/examples/heap/permissions/threads/Plotter_joinTransfer_accessible.proof 
980605     INFO  main            d.u.i.k.p.i.AbstractProblemLoader Loading environment from /home/runner/work/key/key/key.core/../key.ui/examples/heap/permissions/threads/Plotter_joinTransfer_accessible.proof 
980605     DEBUG main            d.u.i.k.p.i.AbstractProblemLoader Environment load took 182.52ns 
980606     INFO  main            d.u.i.k.p.i.AbstractProblemLoader Creating init config 
986127     DEBUG main            d.u.i.k.p.i.AbstractProblemLoader Init config took 5.52s 
986230     INFO  main            d.u.i.k.p.i.AbstractProblemLoader Replaying proof Plotter[ThreadSpec2::joinTransfer()].JML accessible clause.0 
986238     WARN  main            d.u.i.k.p.i.IntermediateProofReplayer Proof contains wrong number of \assumes instatiations for Definition_axiom_for_stateInv_in_Plotter 
986240     WARN  main            d.u.i.k.p.i.IntermediateProofReplayer Proof contains wrong number of \assumes instatiations for Definition_axiom_for_stateInv_in_Plotter 
986243     WARN  main            d.u.i.k.p.i.IntermediateProofReplayer Proof contains wrong number of \assumes instatiations for Definition_axiom_for_workingPermissions_in_Plotter 
986244     WARN  main            d.u.i.k.p.i.IntermediateProofReplayer Proof contains wrong number of \assumes instatiations for Definition_axiom_for_staticPermissions_in_Plotter 
986245     WARN  main            d.u.i.k.p.i.IntermediateProofReplayer Proof contains wrong number of \assumes instatiations for Definition_axiom_for_joinTransfer_in_Plotter 
986250     WARN  main            d.u.i.k.p.i.IntermediateProofReplayer Proof contains wrong number of \assumes instatiations for Definition_axiom_for_stateInv_in_BFilter 
986252     WARN  main            d.u.i.k.p.i.IntermediateProofReplayer Proof contains wrong number of \assumes instatiations for Definition_axiom_for_stateInv_in_AFilter 
986253     WARN  main            d.u.i.k.p.i.IntermediateProofReplayer Proof contains wrong number of \assumes instatiations for Definition_axiom_for_stateInv_in_BFilter 
986255     WARN  main            d.u.i.k.p.i.IntermediateProofReplayer Proof contains wrong number of \assumes instatiations for Definition_axiom_for_stateInv_in_AFilter 
986257     WARN  main            d.u.i.k.p.i.IntermediateProofReplayer Proof contains wrong number of \assumes instatiations for Definition_axiom_for_staticPermissions_in_AFilter 
986258     WARN  main            d.u.i.k.p.i.IntermediateProofReplayer Proof contains wrong number of \assumes instatiations for Definition_axiom_for_staticPermissions_in_Plotter 
986258     WARN  main            d.u.i.k.p.i.IntermediateProofReplayer Proof contains wrong number of \assumes instatiations for Definition_axiom_for_staticPermissions_in_BFilter 
986259     WARN  main            d.u.i.k.p.i.IntermediateProofReplayer Proof contains wrong number of \assumes instatiations for Definition_axiom_for_workingPermissions_in_Plotter 
986262     WARN  main            d.u.i.k.p.i.IntermediateProofReplayer Proof contains wrong number of \assumes instatiations for Definition_axiom_for_stateInv_in_Sampler 
986263     WARN  main            d.u.i.k.p.i.IntermediateProofReplayer Proof contains wrong number of \assumes instatiations for Definition_axiom_for_stateInv_in_Sampler 
986264     WARN  main            d.u.i.k.p.i.IntermediateProofReplayer Proof contains wrong number of \assumes instatiations for Definition_axiom_for_staticPermissions_in_Sampler 
986265     WARN  main            d.u.i.k.p.i.IntermediateProofReplayer Proof contains wrong number of \assumes instatiations for Definition_axiom_for_staticPermissions_in_BFilter 
986266     WARN  main            d.u.i.k.p.i.IntermediateProofReplayer Proof contains wrong number of \assumes instatiations for Definition_axiom_for_staticPermissions_in_AFilter 
986266     WARN  main            d.u.i.k.p.i.IntermediateProofReplayer Proof contains wrong number of \assumes instatiations for Definition_axiom_for_staticPermissions_in_Sampler 
986267     WARN  main            d.u.i.k.p.i.IntermediateProofReplayer Proof contains wrong number of \assumes instatiations for Definition_axiom_for_staticPermissions_in_Sampler 
986268     WARN  main            d.u.i.k.p.i.IntermediateProofReplayer Proof contains wrong number of \assumes instatiations for Definition_axiom_for_staticPermissions_in_Sampler 
986268     WARN  main            d.u.i.k.p.i.IntermediateProofReplayer Proof contains wrong number of \assumes instatiations for Definition_axiom_for_joinTransfer_in_Plotter 
986338     DEBUG main            d.u.i.k.p.i.IntermediateProofReplayer Proof replay took 103.36ms 
986338     INFO  main            d.u.i.k.p.r.p.TestFile    ... success: loaded 
5854368    INFO  Test worker     d.u.i.k.p.r.RunAllProofsTestUnit Returning from test permissionHeap 
5854369    INFO  Test worker     d.u.i.k.p.r.RunAllProofsTestUnit Running test completionScopes 
379        INFO  Timeout watchdog d.u.i.k.p.r.p.ForkedTestFileRunner Timeout watcher launched (2000 secs.) 
396        WARN  main            d.u.i.k.s.ProofSettings   The settings in /home/runner/.key/proof-settings.props are *not* read. 
442        INFO  main            d.u.i.k.p.r.p.TestFile    Now processing file /home/runner/work/key/key/key.core/../key.ui/examples/completionscopes/testCcatchReturnVal.key 
598        INFO  main            d.u.i.k.p.i.AbstractProblemLoader Loading environment from /home/runner/work/key/key/key.core/../key.ui/examples/completionscopes/testCcatchReturnVal.key 
622        DEBUG main            d.u.i.k.p.i.AbstractProblemLoader Environment load took 2.67ms 
923        INFO  main            d.u.i.k.p.i.AbstractProblemLoader Creating init config 
2090       DEBUG main            d.u.i.k.j.TypeConverter   No LDT found for Meta 
2091       DEBUG main            d.u.i.k.j.TypeConverter   No LDT found for Meta 
2092       DEBUG main            d.u.i.k.j.TypeConverter   No LDT found for Meta 
2092       DEBUG main            d.u.i.k.j.TypeConverter   No LDT found for Meta 
4247       DEBUG main            d.u.i.k.j.TypeConverter   No LDT found for JavaBigintExpression 
9628       DEBUG main            d.u.i.k.p.i.AbstractProblemLoader Init config took 8.7s 
9825       INFO  main            d.u.i.k.p.i.AbstractProblemLoader Replaying proof CompletionScopes[CompletionScopes::testCcatchReturnVal()].JML normal_behavior operation contract.0 
9863       DEBUG main            d.u.i.k.p.i.IntermediateProofReplayer Proof replay took 37.2ns 
10414      INFO  main            d.u.i.k.p.r.p.TestFile    ... finished proof: closed. 
10551      INFO  main            d.u.i.k.p.i.AbstractProblemLoader Loading environment from /home/runner/work/key/key/key.core/../key.ui/examples/completionscopes/testCcatchReturnVal.key.proof 
10553      DEBUG main            d.u.i.k.p.i.AbstractProblemLoader Environment load took 2.48ms 
10557      INFO  main            d.u.i.k.p.i.AbstractProblemLoader Creating init config 
13790      DEBUG main            d.u.i.k.p.i.AbstractProblemLoader Init config took 3.23s 
13882      INFO  main            d.u.i.k.p.i.AbstractProblemLoader Replaying proof CompletionScopes[CompletionScopes::testCcatchReturnVal()].JML normal_behavior operation contract.0 
13920      DEBUG main            d.u.i.k.p.i.IntermediateProofReplayer Proof replay took 31.44ms 
13927      DEBUG main            d.u.i.k.p.r.p.TestFile    ... success: reloaded. 
13929      INFO  main            d.u.i.k.p.r.p.TestFile    Now processing file /home/runner/work/key/key/key.core/../key.ui/examples/completionscopes/testMultCcatchClauses.key 
13929      INFO  main            d.u.i.k.p.i.AbstractProblemLoader Loading environment from /home/runner/work/key/key/key.core/../key.ui/examples/completionscopes/testMultCcatchClauses.key 
13930      DEBUG main            d.u.i.k.p.i.AbstractProblemLoader Environment load took 238.43ns 
13931      INFO  main            d.u.i.k.p.i.AbstractProblemLoader Creating init config 
16997      DEBUG main            d.u.i.k.p.i.AbstractProblemLoader Init config took 3.07s 
17080      INFO  main            d.u.i.k.p.i.AbstractProblemLoader Replaying proof CompletionScopes[CompletionScopes::testMultCcatchClauses()].JML normal_behavior operation contract.0 
17086      DEBUG main            d.u.i.k.p.i.IntermediateProofReplayer Proof replay took 7.5ns 
17594      INFO  main            d.u.i.k.p.r.p.TestFile    ... finished proof: closed. 
17765      INFO  main            d.u.i.k.p.i.AbstractProblemLoader Loading environment from /home/runner/work/key/key/key.core/../key.ui/examples/completionscopes/testMultCcatchClauses.key.proof 
17765      DEBUG main            d.u.i.k.p.i.AbstractProblemLoader Environment load took 390.44ns 
17767      INFO  main            d.u.i.k.p.i.AbstractProblemLoader Creating init config 
20800      DEBUG main            d.u.i.k.p.i.AbstractProblemLoader Init config took 3.03s 
20890      INFO  main            d.u.i.k.p.i.AbstractProblemLoader Replaying proof CompletionScopes[CompletionScopes::testMultCcatchClauses()].JML normal_behavior operation contract.0 
20987      DEBUG main            d.u.i.k.p.i.IntermediateProofReplayer Proof replay took 93.21ms 
20989      DEBUG main            d.u.i.k.p.r.p.TestFile    ... success: reloaded. 
20990      INFO  main            d.u.i.k.p.r.p.TestFile    Now processing file /home/runner/work/key/key/key.core/../key.ui/examples/completionscopes/testNestedExec.key 
20990      INFO  main            d.u.i.k.p.i.AbstractProblemLoader Loading environment from /home/runner/work/key/key/key.core/../key.ui/examples/completionscopes/testNestedExec.key 
20991      DEBUG main            d.u.i.k.p.i.AbstractProblemLoader Environment load took 202.62ns 
20992      INFO  main            d.u.i.k.p.i.AbstractProblemLoader Creating init config 
23899      DEBUG main            d.u.i.k.p.i.AbstractProblemLoader Init config took 2.91s 
23953      INFO  main            d.u.i.k.p.i.AbstractProblemLoader Replaying proof CompletionScopes[CompletionScopes::testMultCcatchClauses()].JML normal_behavior operation contract.0 
23955      DEBUG main            d.u.i.k.p.i.IntermediateProofReplayer Proof replay took 6.6ns 
24260      INFO  main            d.u.i.k.p.r.p.TestFile    ... finished proof: closed. 
24450      INFO  main            d.u.i.k.p.i.AbstractProblemLoader Loading environment from /home/runner/work/key/key/key.core/../key.ui/examples/completionscopes/testNestedExec.key.proof 
24450      DEBUG main            d.u.i.k.p.i.AbstractProblemLoader Environment load took 133.41ns 
24451      INFO  main            d.u.i.k.p.i.AbstractProblemLoader Creating init config 
27320      DEBUG main            d.u.i.k.p.i.AbstractProblemLoader Init config took 2.87s 
27373      INFO  main            d.u.i.k.p.i.AbstractProblemLoader Replaying proof CompletionScopes[CompletionScopes::testMultCcatchClauses()].JML normal_behavior operation contract.0 
27445      DEBUG main            d.u.i.k.p.i.IntermediateProofReplayer Proof replay took 68.19ms 
27446      DEBUG main            d.u.i.k.p.r.p.TestFile    ... success: reloaded. 
27447      INFO  main            d.u.i.k.p.r.p.TestFile    Now processing file /home/runner/work/key/key/key.core/../key.ui/examples/completionscopes/testCcatchBreakLabel.key 
27448      INFO  main            d.u.i.k.p.i.AbstractProblemLoader Loading environment from /home/runner/work/key/key/key.core/../key.ui/examples/completionscopes/testCcatchBreakLabel.key 
27448      DEBUG main            d.u.i.k.p.i.AbstractProblemLoader Environment load took 203.22ns 
27449      INFO  main            d.u.i.k.p.i.AbstractProblemLoader Creating init config 
30304      DEBUG main            d.u.i.k.p.i.AbstractProblemLoader Init config took 2.85s 
30354      INFO  main            d.u.i.k.p.i.AbstractProblemLoader Replaying proof CompletionScopes[CompletionScopes::testBreakLabel()].JML normal_behavior operation contract.0 
30356      DEBUG main            d.u.i.k.p.i.IntermediateProofReplayer Proof replay took 6.9ns 
30376      DEBUG Thread-10       d.u.i.k.l.o.ProgramSV     Match failed: Former match of  SchemaVariable incompatible with  the current match. 
30459      INFO  main            d.u.i.k.p.r.p.TestFile    ... finished proof: closed. 
30637      INFO  main            d.u.i.k.p.i.AbstractProblemLoader Loading environment from /home/runner/work/key/key/key.core/../key.ui/examples/completionscopes/testCcatchBreakLabel.key.proof 
30637      DEBUG main            d.u.i.k.p.i.AbstractProblemLoader Environment load took 141.01ns 
30639      INFO  main            d.u.i.k.p.i.AbstractProblemLoader Creating init config 
33621      DEBUG main            d.u.i.k.p.i.AbstractProblemLoader Init config took 2.98s 
33695      INFO  main            d.u.i.k.p.i.AbstractProblemLoader Replaying proof CompletionScopes[CompletionScopes::testBreakLabel()].JML normal_behavior operation contract.0 
33705      DEBUG main            d.u.i.k.p.i.IntermediateProofReplayer Proof replay took 8.12ms 
33706      DEBUG main            d.u.i.k.p.r.p.TestFile    ... success: reloaded. 
33708      INFO  main            d.u.i.k.p.r.p.TestFile    Now processing file /home/runner/work/key/key/key.core/../key.ui/examples/completionscopes/testCcatchContinueLabel.key 
33708      INFO  main            d.u.i.k.p.i.AbstractProblemLoader Loading environment from /home/runner/work/key/key/key.core/../key.ui/examples/completionscopes/testCcatchContinueLabel.key 
33708      DEBUG main            d.u.i.k.p.i.AbstractProblemLoader Environment load took 200.41ns 
33709      INFO  main            d.u.i.k.p.i.AbstractProblemLoader Creating init config 
36651      DEBUG main            d.u.i.k.p.i.AbstractProblemLoader Init config took 2.94s 
36711      INFO  main            d.u.i.k.p.i.AbstractProblemLoader Replaying proof CompletionScopes[CompletionScopes::testContinueLabel()].JML normal_behavior operation contract.0 
36714      DEBUG main            d.u.i.k.p.i.IntermediateProofReplayer Proof replay took 7.2ns 
36741      DEBUG Thread-13       d.u.i.k.l.o.ProgramSV     Match failed: Former match of  SchemaVariable incompatible with  the current match. 
36816      INFO  main            d.u.i.k.p.r.p.TestFile    ... finished proof: closed. 
36990      INFO  main            d.u.i.k.p.i.AbstractProblemLoader Loading environment from /home/runner/work/key/key/key.core/../key.ui/examples/completionscopes/testCcatchContinueLabel.key.proof 
36990      DEBUG main            d.u.i.k.p.i.AbstractProblemLoader Environment load took 156.82ns 
36991      INFO  main            d.u.i.k.p.i.AbstractProblemLoader Creating init config 
39785      DEBUG main            d.u.i.k.p.i.AbstractProblemLoader Init config took 2.79s 
39837      INFO  main            d.u.i.k.p.i.AbstractProblemLoader Replaying proof CompletionScopes[CompletionScopes::testContinueLabel()].JML normal_behavior operation contract.0 
39850      DEBUG main            d.u.i.k.p.i.IntermediateProofReplayer Proof replay took 10.29ms 
39851      DEBUG main            d.u.i.k.p.r.p.TestFile    ... success: reloaded. 
39853      INFO  main            d.u.i.k.p.r.p.TestFile    Now processing file /home/runner/work/key/key/key.core/../key.ui/examples/completionscopes/testCcatchBreakLabelWildcard.key 
39853      INFO  main            d.u.i.k.p.i.AbstractProblemLoader Loading environment from /home/runner/work/key/key/key.core/../key.ui/examples/completionscopes/testCcatchBreakLabelWildcard.key 
39853      DEBUG main            d.u.i.k.p.i.AbstractProblemLoader Environment load took 217.92ns 
39855      INFO  main            d.u.i.k.p.i.AbstractProblemLoader Creating init config 
42689      DEBUG main            d.u.i.k.p.i.AbstractProblemLoader Init config took 2.83s 
42735      INFO  main            d.u.i.k.p.i.AbstractProblemLoader Replaying proof CompletionScopes[CompletionScopes::testBreakLabelWildcard()].JML normal_behavior operation contract.0 
42738      DEBUG main            d.u.i.k.p.i.IntermediateProofReplayer Proof replay took 7ns 
42755      DEBUG Thread-16       d.u.i.k.l.o.ProgramSV     Match failed: Former match of  SchemaVariable incompatible with  the current match. 
42757      DEBUG Thread-16       d.u.i.k.l.o.ProgramSV     Match failed: Former match of  SchemaVariable incompatible with  the current match. 
42841      INFO  main            d.u.i.k.p.r.p.TestFile    ... finished proof: closed. 
43026      INFO  main            d.u.i.k.p.i.AbstractProblemLoader Loading environment from /home/runner/work/key/key/key.core/../key.ui/examples/completionscopes/testCcatchBreakLabelWildcard.key.proof 
43026      DEBUG main            d.u.i.k.p.i.AbstractProblemLoader Environment load took 133.31ns 
43027      INFO  main            d.u.i.k.p.i.AbstractProblemLoader Creating init config 
45859      DEBUG main            d.u.i.k.p.i.AbstractProblemLoader Init config took 2.83s 
45918      INFO  main            d.u.i.k.p.i.AbstractProblemLoader Replaying proof CompletionScopes[CompletionScopes::testBreakLabelWildcard()].JML normal_behavior operation contract.0 
45927      DEBUG main            d.u.i.k.p.i.IntermediateProofReplayer Proof replay took 7.01ms 
45928      DEBUG main            d.u.i.k.p.r.p.TestFile    ... success: reloaded. 
45929      INFO  main            d.u.i.k.p.r.p.TestFile    Now processing file /home/runner/work/key/key/key.core/../key.ui/examples/completionscopes/testCcatchContinueLabelWildcard.key 
45930      INFO  main            d.u.i.k.p.i.AbstractProblemLoader Loading environment from /home/runner/work/key/key/key.core/../key.ui/examples/completionscopes/testCcatchContinueLabelWildcard.key 
45930      DEBUG main            d.u.i.k.p.i.AbstractProblemLoader Environment load took 227.22ns 
45931      INFO  main            d.u.i.k.p.i.AbstractProblemLoader Creating init config 
48824      DEBUG main            d.u.i.k.p.i.AbstractProblemLoader Init config took 2.89s 
48873      INFO  main            d.u.i.k.p.i.AbstractProblemLoader Replaying proof CompletionScopes[CompletionScopes::testContinueLabelWildcard()].JML normal_behavior operation contract.0 
48878      DEBUG main            d.u.i.k.p.i.IntermediateProofReplayer Proof replay took 8.5ns 
48902      DEBUG Thread-19       d.u.i.k.l.o.ProgramSV     Match failed: Former match of  SchemaVariable incompatible with  the current match. 
48903      DEBUG Thread-19       d.u.i.k.l.o.ProgramSV     Match failed: Former match of  SchemaVariable incompatible with  the current match. 
48982      INFO  main            d.u.i.k.p.r.p.TestFile    ... finished proof: closed. 
49174      INFO  main            d.u.i.k.p.i.AbstractProblemLoader Loading environment from /home/runner/work/key/key/key.core/../key.ui/examples/completionscopes/testCcatchContinueLabelWildcard.key.proof 
49174      DEBUG main            d.u.i.k.p.i.AbstractProblemLoader Environment load took 146.51ns 
49176      INFO  main            d.u.i.k.p.i.AbstractProblemLoader Creating init config 
51963      DEBUG main            d.u.i.k.p.i.AbstractProblemLoader Init config took 2.79s 
52021      INFO  main            d.u.i.k.p.i.AbstractProblemLoader Replaying proof CompletionScopes[CompletionScopes::testContinueLabelWildcard()].JML normal_behavior operation contract.0 
52031      DEBUG main            d.u.i.k.p.i.IntermediateProofReplayer Proof replay took 8.02ms 
52033      DEBUG main            d.u.i.k.p.r.p.TestFile    ... success: reloaded. 
52034      INFO  main            d.u.i.k.p.r.p.TestFile    Now processing file /home/runner/work/key/key/key.core/../key.ui/examples/completionscopes/testCcatchBreakLabelNonmatchingNested.key 
52035      INFO  main            d.u.i.k.p.i.AbstractProblemLoader Loading environment from /home/runner/work/key/key/key.core/../key.ui/examples/completionscopes/testCcatchBreakLabelNonmatchingNested.key 
52035      DEBUG main            d.u.i.k.p.i.AbstractProblemLoader Environment load took 113.51ns 
52036      INFO  main            d.u.i.k.p.i.AbstractProblemLoader Creating init config 
54860      DEBUG main            d.u.i.k.p.i.AbstractProblemLoader Init config took 2.82s 
54904      INFO  main            d.u.i.k.p.i.AbstractProblemLoader Replaying proof CompletionScopes[CompletionScopes::testBreakLabelNonmatchingNested()].JML normal_behavior operation contract.0 
54906      DEBUG main            d.u.i.k.p.i.IntermediateProofReplayer Proof replay took 6.7ns 
54926      DEBUG Thread-22       d.u.i.k.l.o.ProgramSV     Match failed: Former match of  SchemaVariable incompatible with  the current match. 
54928      DEBUG Thread-22       d.u.i.k.l.o.ProgramSV     Match failed: Former match of  SchemaVariable incompatible with  the current match. 
55010      INFO  main            d.u.i.k.p.r.p.TestFile    ... finished proof: closed. 
55204      INFO  main            d.u.i.k.p.i.AbstractProblemLoader Loading environment from /home/runner/work/key/key/key.core/../key.ui/examples/completionscopes/testCcatchBreakLabelNonmatchingNested.key.proof 
55204      DEBUG main            d.u.i.k.p.i.AbstractProblemLoader Environment load took 145.51ns 
55206      INFO  main            d.u.i.k.p.i.AbstractProblemLoader Creating init config 
58049      DEBUG main            d.u.i.k.p.i.AbstractProblemLoader Init config took 2.84s 
58101      INFO  main            d.u.i.k.p.i.AbstractProblemLoader Replaying proof CompletionScopes[CompletionScopes::testBreakLabelNonmatchingNested()].JML normal_behavior operation contract.0 
58119      DEBUG main            d.u.i.k.p.i.IntermediateProofReplayer Proof replay took 12.03ms 
58120      DEBUG main            d.u.i.k.p.r.p.TestFile    ... success: reloaded. 
5912699    INFO  Test worker     d.u.i.k.p.r.RunAllProofsTestUnit Returning from test completionScopes 
5912700    INFO  Test worker     d.u.i.k.p.r.RunAllProofsTestUnit Running test reload_examples 
402        INFO  Timeout watchdog d.u.i.k.p.r.p.ForkedTestFileRunner Timeout watcher launched (2000 secs.) 
428        WARN  main            d.u.i.k.s.ProofSettings   The settings in /home/runner/.key/proof-settings.props are *not* read. 
483        INFO  main            d.u.i.k.p.r.p.TestFile    Now processing file /home/runner/work/key/key/key.core/../key.ui/examples/firstTouch/05-ReverseArray/reverseArray.key 
634        INFO  main            d.u.i.k.p.i.AbstractProblemLoader Loading environment from /home/runner/work/key/key/key.core/../key.ui/examples/firstTouch/05-ReverseArray/reverseArray.key 
653        DEBUG main            d.u.i.k.p.i.AbstractProblemLoader Environment load took 2.39ms 
904        INFO  main            d.u.i.k.p.i.AbstractProblemLoader Creating init config 
1989       DEBUG main            d.u.i.k.j.TypeConverter   No LDT found for Meta 
1990       DEBUG main            d.u.i.k.j.TypeConverter   No LDT found for Meta 
1991       DEBUG main            d.u.i.k.j.TypeConverter   No LDT found for Meta 
1991       DEBUG main            d.u.i.k.j.TypeConverter   No LDT found for Meta 
3464       DEBUG main            d.u.i.k.j.TypeConverter   No LDT found for JavaBigintExpression 
9811       DEBUG main            d.u.i.k.p.i.AbstractProblemLoader Init config took 8.91s 
9974       INFO  main            d.u.i.k.p.i.AbstractProblemLoader Replaying proof ReverseArray[ReverseArray::reverse()].JML normal_behavior operation contract.0 
10046      DEBUG main            d.u.i.k.p.i.IntermediateProofReplayer Proof replay took 36.5ns 
22002      INFO  main            d.u.i.k.p.r.p.TestFile    ... finished proof: closed. 
22237      INFO  main            d.u.i.k.p.i.AbstractProblemLoader Loading environment from /home/runner/work/key/key/key.core/../key.ui/examples/firstTouch/05-ReverseArray/reverseArray.key.proof 
22238      DEBUG main            d.u.i.k.p.i.AbstractProblemLoader Environment load took 805.18ns 
22244      INFO  main            d.u.i.k.p.i.AbstractProblemLoader Creating init config 
25587      DEBUG main            d.u.i.k.p.i.AbstractProblemLoader Init config took 3.34s 
25640      INFO  main            d.u.i.k.p.i.AbstractProblemLoader Replaying proof ReverseArray[ReverseArray::reverse()].JML normal_behavior operation contract.0 
26223      DEBUG main            d.u.i.k.p.i.IntermediateProofReplayer Proof replay took 499.84ms 
26236      DEBUG main            d.u.i.k.p.r.p.TestFile    ... success: reloaded. 
26240      INFO  main            d.u.i.k.p.r.p.TestFile    Now processing file /home/runner/work/key/key/key.core/../key.ui/examples/standard_key/arith/saveProofTest.key.proof 
26240      INFO  main            d.u.i.k.p.i.AbstractProblemLoader Loading environment from /home/runner/work/key/key/key.core/../key.ui/examples/standard_key/arith/saveProofTest.key.proof 
26240      DEBUG main            d.u.i.k.p.i.AbstractProblemLoader Environment load took 222.12ns 
26244      INFO  main            d.u.i.k.p.i.AbstractProblemLoader Creating init config 
29306      DEBUG main            d.u.i.k.p.i.AbstractProblemLoader Init config took 3.06s 
29334      INFO  main            d.u.i.k.p.i.AbstractProblemLoader Replaying proof saveProofTest.key.proof 
29341      DEBUG main            d.u.i.k.p.i.IntermediateProofReplayer Proof replay took 2.8ms 
29341      INFO  main            d.u.i.k.p.r.p.TestFile    ... success: loaded 
29343      INFO  main            d.u.i.k.p.r.p.TestFile    Now processing file /home/runner/work/key/key/key.core/../key.ui/examples/heap/permutedSum/perm.proof 
29343      INFO  main            d.u.i.k.p.i.AbstractProblemLoader Loading environment from /home/runner/work/key/key/key.core/../key.ui/examples/heap/permutedSum/perm.proof 
29343      DEBUG main            d.u.i.k.p.i.AbstractProblemLoader Environment load took 297.03ns 
29347      INFO  main            d.u.i.k.p.i.AbstractProblemLoader Creating init config 
32643      DEBUG main            d.u.i.k.p.i.AbstractProblemLoader Init config took 3.3s 
32722      INFO  main            d.u.i.k.p.i.AbstractProblemLoader Replaying proof Perm[Perm::foo()].JML normal_behavior operation contract.0 
33655      DEBUG main            d.u.i.k.p.i.IntermediateProofReplayer Proof replay took 879.14ms 
33659      INFO  main            d.u.i.k.p.r.p.TestFile    ... success: loaded 
33660      INFO  main            d.u.i.k.p.r.p.TestFile    Now processing file /home/runner/work/key/key/key.core/../key.ui/examples/firstTouch/05-ReverseArray/reverseArray.proof 
33661      INFO  main            d.u.i.k.p.i.AbstractProblemLoader Loading environment from /home/runner/work/key/key/key.core/../key.ui/examples/firstTouch/05-ReverseArray/reverseArray.proof 
33661      DEBUG main            d.u.i.k.p.i.AbstractProblemLoader Environment load took 230.32ns 
33665      INFO  main            d.u.i.k.p.i.AbstractProblemLoader Creating init config 
36851      DEBUG main            d.u.i.k.p.i.AbstractProblemLoader Init config took 3.19s 
36921      INFO  main            d.u.i.k.p.i.AbstractProblemLoader Replaying proof ReverseArray[ReverseArray::reverse()].JML normal_behavior operation contract.0 
37500      DEBUG main            d.u.i.k.p.i.IntermediateProofReplayer Proof replay took 533.7ms 
37504      INFO  main            d.u.i.k.p.r.p.TestFile    ... success: loaded 
37506      INFO  main            d.u.i.k.p.r.p.TestFile    Now processing file /home/runner/work/key/key/key.core/../key.ui/examples/heap/verifyThis15_1_RelaxedPrefix/relax.proof 
37506      INFO  main            d.u.i.k.p.i.AbstractProblemLoader Loading environment from /home/runner/work/key/key/key.core/../key.ui/examples/heap/verifyThis15_1_RelaxedPrefix/relax.proof 
37506      DEBUG main            d.u.i.k.p.i.AbstractProblemLoader Environment load took 209.72ns 
37508      INFO  main            d.u.i.k.p.i.AbstractProblemLoader Creating init config 
40644      DEBUG main            d.u.i.k.p.i.AbstractProblemLoader Init config took 3.14s 
40696      INFO  main            d.u.i.k.p.i.AbstractProblemLoader Replaying proof Relaxed[Relaxed::isRelaxedPrefix([I,[I)].JML operation contract.0 
41164      DEBUG main            d.u.i.k.p.i.IntermediateProofReplayer Proof replay took 447.1ms 
41165      INFO  main            d.u.i.k.p.r.p.TestFile    ... success: loaded 
41167      INFO  main            d.u.i.k.p.r.p.TestFile    Now processing file /home/runner/work/key/key/key.core/../key.ui/examples/heap/verifyThis15_3_DLL/doUndo.proof 
41168      INFO  main            d.u.i.k.p.i.AbstractProblemLoader Loading environment from /home/runner/work/key/key/key.core/../key.ui/examples/heap/verifyThis15_3_DLL/doUndo.proof 
41168      DEBUG main            d.u.i.k.p.i.AbstractProblemLoader Environment load took 255.22ns 
41170      INFO  main            d.u.i.k.p.i.AbstractProblemLoader Creating init config 
42297      DEBUG main            d.u.i.k.j.r.ClassPreparationMethodBuilder clPrepBuilder: Inner Class detected. Reject building class initialisation methods. 
44514      DEBUG main            d.u.i.k.p.i.AbstractProblemLoader Init config took 3.34s 
44659      INFO  main            d.u.i.k.p.i.AbstractProblemLoader Replaying proof DoubleLinkedList[DoubleLinkedList::doUndo(DoubleLinkedList.Node,int)].JML normal_behavior operation contract.0 
45172      DEBUG main            d.u.i.k.p.i.IntermediateProofReplayer Proof replay took 473.99ms 
45174      INFO  main            d.u.i.k.p.r.p.TestFile    ... success: loaded 
45175      INFO  main            d.u.i.k.p.r.p.TestFile    Now processing file /home/runner/work/key/key/key.core/../key.ui/examples/heap/verifyThis15_2_ParallelGcd/parallelGcd.proof 
45176      INFO  main            d.u.i.k.p.i.AbstractProblemLoader Loading environment from /home/runner/work/key/key/key.core/../key.ui/examples/heap/verifyThis15_2_ParallelGcd/parallelGcd.proof 
45176      DEBUG main            d.u.i.k.p.i.AbstractProblemLoader Environment load took 266.62ns 
45178      INFO  main            d.u.i.k.p.i.AbstractProblemLoader Creating init config 
48380      DEBUG main            d.u.i.k.p.i.AbstractProblemLoader Init config took 3.2s 
48436      INFO  main            d.u.i.k.p.i.AbstractProblemLoader Replaying proof ParallelGcd[ParallelGcd::parallelGcd(int,int,[Z)].JML behavior operation contract.0 
48933      DEBUG main            d.u.i.k.p.i.IntermediateProofReplayer Proof replay took 480.18ms 
48935      INFO  main            d.u.i.k.p.r.p.TestFile    ... success: loaded 
5961840    INFO  Test worker     d.u.i.k.p.r.RunAllProofsTestUnit Returning from test reload_examples 
5961841    INFO  Test worker     d.u.i.k.p.r.RunAllProofsTestUnit Running test proofLoadRepair 
416        INFO  Timeout watchdog d.u.i.k.p.r.p.ForkedTestFileRunner Timeout watcher launched (2000 secs.) 
445        WARN  main            d.u.i.k.s.ProofSettings   The settings in /home/runner/.key/proof-settings.props are *not* read. 
506        INFO  main            d.u.i.k.p.r.p.TestFile    Now processing file /home/runner/work/key/key/key.core/../key.ui/examples/proofLoadRepair/disjConj-manipulated.proof 
669        INFO  main            d.u.i.k.p.i.AbstractProblemLoader Loading environment from /home/runner/work/key/key/key.core/../key.ui/examples/proofLoadRepair/disjConj-manipulated.proof 
691        DEBUG main            d.u.i.k.p.i.AbstractProblemLoader Environment load took 2.53ms 
993        INFO  main            d.u.i.k.p.i.AbstractProblemLoader Creating init config 
2080       DEBUG main            d.u.i.k.j.TypeConverter   No LDT found for Meta 
2082       DEBUG main            d.u.i.k.j.TypeConverter   No LDT found for Meta 
2084       DEBUG main            d.u.i.k.j.TypeConverter   No LDT found for Meta 
2086       DEBUG main            d.u.i.k.j.TypeConverter   No LDT found for Meta 
4054       DEBUG main            d.u.i.k.j.TypeConverter   No LDT found for JavaBigintExpression 
9604       DEBUG main            d.u.i.k.p.i.AbstractProblemLoader Init config took 8.61s 
9669       INFO  main            d.u.i.k.p.i.AbstractProblemLoader Replaying proof disjConj-manipulated.proof 
9725       WARN  main            d.u.i.k.p.i.IntermediateProofReplayer Proof contains wrong number of \assumes instatiations for andLeft 
9726       WARN  main            d.u.i.k.p.i.IntermediateProofReplayer Proof contains wrong number of \assumes instatiations for replace_known_right 
9730       WARN  main            d.u.i.k.p.i.IntermediateProofReplayer Proof contains wrong number of \assumes instatiations for close 
9732       DEBUG main            d.u.i.k.p.i.IntermediateProofReplayer Proof replay took 17.03ms 
9738       INFO  main            d.u.i.k.p.r.p.TestFile    ... success: loaded 
9747       INFO  main            d.u.i.k.p.r.p.TestFile    Now processing file /home/runner/work/key/key/key.core/../key.ui/examples/proofLoadRepair/insufficient-manipulated.proof 
9747       INFO  main            d.u.i.k.p.i.AbstractProblemLoader Loading environment from /home/runner/work/key/key/key.core/../key.ui/examples/proofLoadRepair/insufficient-manipulated.proof 
9747       DEBUG main            d.u.i.k.p.i.AbstractProblemLoader Environment load took 179.52ns 
9754       INFO  main            d.u.i.k.p.i.AbstractProblemLoader Creating init config 
13039      DEBUG main            d.u.i.k.p.i.AbstractProblemLoader Init config took 3.29s 
13059      INFO  main            d.u.i.k.p.i.AbstractProblemLoader Replaying proof insufficient-manipulated.proof 
13076      WARN  main            d.u.i.k.p.i.IntermediateProofReplayer Proof contains wrong number of \assumes instatiations for applyEq 
13087      DEBUG main            d.u.i.k.p.i.IntermediateProofReplayer Proof replay took 12.03ms 
13090      INFO  main            d.u.i.k.p.r.p.TestFile    ... success: loading failed 
13091      INFO  main            d.u.i.k.p.r.p.TestFile    Now processing file /home/runner/work/key/key/key.core/../key.ui/examples/../../key.core/src/test/resources/testcase/issues/1716/incorrectPolarity.proof 
13092      INFO  main            d.u.i.k.p.i.AbstractProblemLoader Loading environment from /home/runner/work/key/key/key.core/../key.ui/examples/../../key.core/src/test/resources/testcase/issues/1716/incorrectPolarity.proof 
13092      DEBUG main            d.u.i.k.p.i.AbstractProblemLoader Environment load took 236.42ns 
13094      INFO  main            d.u.i.k.p.i.AbstractProblemLoader Creating init config 
16286      DEBUG main            d.u.i.k.p.i.AbstractProblemLoader Init config took 3.19s 
16317      INFO  main            d.u.i.k.p.i.AbstractProblemLoader Replaying proof incorrectPolarity.proof 
16320      DEBUG main            d.u.i.k.p.i.IntermediateProofReplayer Proof replay took 220.42ns 
16321      INFO  main            d.u.i.k.p.r.p.TestFile    ... success: loading failed 
16322      INFO  main            d.u.i.k.p.r.p.TestFile    Now processing file /home/runner/work/key/key/key.core/../key.ui/examples/../../key.core/src/test/resources/testcase/issues/1716/incorrectPolarity2.proof 
16322      INFO  main            d.u.i.k.p.i.AbstractProblemLoader Loading environment from /home/runner/work/key/key/key.core/../key.ui/examples/../../key.core/src/test/resources/testcase/issues/1716/incorrectPolarity2.proof 
16322      DEBUG main            d.u.i.k.p.i.AbstractProblemLoader Environment load took 203.32ns 
16324      INFO  main            d.u.i.k.p.i.AbstractProblemLoader Creating init config 
19097      DEBUG main            d.u.i.k.p.i.AbstractProblemLoader Init config took 2.77s 
19124      INFO  main            d.u.i.k.p.i.AbstractProblemLoader Replaying proof incorrectPolarity2.proof 
19127      DEBUG main            d.u.i.k.p.i.IntermediateProofReplayer Proof replay took 472.34ns 
19128      INFO  main            d.u.i.k.p.r.p.TestFile    ... success: loading failed 
19129      INFO  main            d.u.i.k.p.r.p.TestFile    Now processing file /home/runner/work/key/key/key.core/../key.ui/examples/../../key.core/src/test/resources/testcase/issues/1716/incorrectPolarity3.proof 
19129      INFO  main            d.u.i.k.p.i.AbstractProblemLoader Loading environment from /home/runner/work/key/key/key.core/../key.ui/examples/../../key.core/src/test/resources/testcase/issues/1716/incorrectPolarity3.proof 
19130      DEBUG main            d.u.i.k.p.i.AbstractProblemLoader Environment load took 209.42ns 
19131      INFO  main            d.u.i.k.p.i.AbstractProblemLoader Creating init config 
21897      DEBUG main            d.u.i.k.p.i.AbstractProblemLoader Init config took 2.77s 
21925      INFO  main            d.u.i.k.p.i.AbstractProblemLoader Replaying proof incorrectPolarity3.proof 
21931      DEBUG main            d.u.i.k.p.i.IntermediateProofReplayer Proof replay took 1.18ms 
21935      INFO  main            d.u.i.k.p.r.p.TestFile    ... success: loading failed 
5983975    INFO  Test worker     d.u.i.k.p.r.RunAllProofsTestUnit Returning from test proofLoadRepair 
5983976    INFO  Test worker     d.u.i.k.p.r.RunAllProofsTestUnit Running test switch 
391        INFO  Timeout watchdog d.u.i.k.p.r.p.ForkedTestFileRunner Timeout watcher launched (2000 secs.) 
411        WARN  main            d.u.i.k.s.ProofSettings   The settings in /home/runner/.key/proof-settings.props are *not* read. 
457        INFO  main            d.u.i.k.p.r.p.TestFile    Now processing file /home/runner/work/key/key/key.core/../key.ui/examples/standard_key/java_dl/switch/labeled_case.key 
642        INFO  main            d.u.i.k.p.i.AbstractProblemLoader Loading environment from /home/runner/work/key/key/key.core/../key.ui/examples/standard_key/java_dl/switch/labeled_case.key 
666        DEBUG main            d.u.i.k.p.i.AbstractProblemLoader Environment load took 2.14ms 
931        INFO  main            d.u.i.k.p.i.AbstractProblemLoader Creating init config 
2062       DEBUG main            d.u.i.k.j.TypeConverter   No LDT found for Meta 
2063       DEBUG main            d.u.i.k.j.TypeConverter   No LDT found for Meta 
2064       DEBUG main            d.u.i.k.j.TypeConverter   No LDT found for Meta 
2065       DEBUG main            d.u.i.k.j.TypeConverter   No LDT found for Meta 
3417       DEBUG main            d.u.i.k.j.TypeConverter   No LDT found for JavaBigintExpression 
9368       DEBUG main            d.u.i.k.p.i.AbstractProblemLoader Init config took 8.44s 
9583       INFO  main            d.u.i.k.p.i.AbstractProblemLoader Replaying proof LabeledCase[LabeledCase::m(int)].JML normal_behavior operation contract.0 
9629       DEBUG main            d.u.i.k.p.i.IntermediateProofReplayer Proof replay took 37.7ns 
10368      INFO  main            d.u.i.k.p.r.p.TestFile    ... finished proof: closed. 
10491      INFO  main            d.u.i.k.p.i.AbstractProblemLoader Loading environment from /home/runner/work/key/key/key.core/../key.ui/examples/standard_key/java_dl/switch/labeled_case.key.proof 
10492      DEBUG main            d.u.i.k.p.i.AbstractProblemLoader Environment load took 195.32ns 
10498      INFO  main            d.u.i.k.p.i.AbstractProblemLoader Creating init config 
13707      DEBUG main            d.u.i.k.p.i.AbstractProblemLoader Init config took 3.21s 
13785      INFO  main            d.u.i.k.p.i.AbstractProblemLoader Replaying proof LabeledCase[LabeledCase::m(int)].JML normal_behavior operation contract.0 
13844      DEBUG main            d.u.i.k.p.i.IntermediateProofReplayer Proof replay took 52.7ms 
13851      DEBUG main            d.u.i.k.p.r.p.TestFile    ... success: reloaded. 
13853      INFO  main            d.u.i.k.p.r.p.TestFile    Now processing file /home/runner/work/key/key/key.core/../key.ui/examples/standard_key/java_dl/switch/empty_switch.key 
13853      INFO  main            d.u.i.k.p.i.AbstractProblemLoader Loading environment from /home/runner/work/key/key/key.core/../key.ui/examples/standard_key/java_dl/switch/empty_switch.key 
13853      DEBUG main            d.u.i.k.p.i.AbstractProblemLoader Environment load took 228.72ns 
13855      INFO  main            d.u.i.k.p.i.AbstractProblemLoader Creating init config 
16859      DEBUG main            d.u.i.k.p.i.AbstractProblemLoader Init config took 3s 
16890      INFO  main            d.u.i.k.p.i.AbstractProblemLoader Replaying proof empty_switch.key 
16893      DEBUG main            d.u.i.k.p.i.IntermediateProofReplayer Proof replay took 7.7ns 
16997      INFO  main            d.u.i.k.p.r.p.TestFile    ... finished proof: closed. 
17149      INFO  main            d.u.i.k.p.i.AbstractProblemLoader Loading environment from /home/runner/work/key/key/key.core/../key.ui/examples/standard_key/java_dl/switch/empty_switch.key.proof 
17149      DEBUG main            d.u.i.k.p.i.AbstractProblemLoader Environment load took 143.61ns 
17150      INFO  main            d.u.i.k.p.i.AbstractProblemLoader Creating init config 
20182      DEBUG main            d.u.i.k.p.i.AbstractProblemLoader Init config took 3.03s 
20209      INFO  main            d.u.i.k.p.i.AbstractProblemLoader Replaying proof empty_switch.key.proof 
20214      DEBUG main            d.u.i.k.p.i.IntermediateProofReplayer Proof replay took 2.17ms 
20216      DEBUG main            d.u.i.k.p.r.p.TestFile    ... success: reloaded. 
20217      INFO  main            d.u.i.k.p.r.p.TestFile    Now processing file /home/runner/work/key/key/key.core/../key.ui/examples/standard_key/java_dl/switch/empty_switch_null.key 
20217      INFO  main            d.u.i.k.p.i.AbstractProblemLoader Loading environment from /home/runner/work/key/key/key.core/../key.ui/examples/standard_key/java_dl/switch/empty_switch_null.key 
20218      DEBUG main            d.u.i.k.p.i.AbstractProblemLoader Environment load took 251.52ns 
20219      INFO  main            d.u.i.k.p.i.AbstractProblemLoader Creating init config 
23101      DEBUG main            d.u.i.k.p.i.AbstractProblemLoader Init config took 2.88s 
23127      INFO  main            d.u.i.k.p.i.AbstractProblemLoader Replaying proof empty_switch_null.key 
23130      DEBUG main            d.u.i.k.p.i.IntermediateProofReplayer Proof replay took 7.1ns 
23333      INFO  main            d.u.i.k.p.r.p.TestFile    ... finished proof: closed. 
23490      INFO  main            d.u.i.k.p.i.AbstractProblemLoader Loading environment from /home/runner/work/key/key/key.core/../key.ui/examples/standard_key/java_dl/switch/empty_switch_null.key.proof 
23490      DEBUG main            d.u.i.k.p.i.AbstractProblemLoader Environment load took 143.11ns 
23491      INFO  main            d.u.i.k.p.i.AbstractProblemLoader Creating init config 
26478      DEBUG main            d.u.i.k.p.i.AbstractProblemLoader Init config took 2.99s 
26501      INFO  main            d.u.i.k.p.i.AbstractProblemLoader Replaying proof empty_switch_null.key.proof 
26548      DEBUG main            d.u.i.k.p.i.IntermediateProofReplayer Proof replay took 43.37ms 
26549      DEBUG main            d.u.i.k.p.r.p.TestFile    ... success: reloaded. 
26550      INFO  main            d.u.i.k.p.r.p.TestFile    Now processing file /home/runner/work/key/key/key.core/../key.ui/examples/standard_key/java_dl/switch/empty_switch_null_catch.key 
26550      INFO  main            d.u.i.k.p.i.AbstractProblemLoader Loading environment from /home/runner/work/key/key/key.core/../key.ui/examples/standard_key/java_dl/switch/empty_switch_null_catch.key 
26551      DEBUG main            d.u.i.k.p.i.AbstractProblemLoader Environment load took 213.91ns 
26552      INFO  main            d.u.i.k.p.i.AbstractProblemLoader Creating init config 
29441      DEBUG main            d.u.i.k.p.i.AbstractProblemLoader Init config took 2.89s 
29465      INFO  main            d.u.i.k.p.i.AbstractProblemLoader Replaying proof empty_switch_null_catch.key 
29467      DEBUG main            d.u.i.k.p.i.IntermediateProofReplayer Proof replay took 6.8ns 
29672      INFO  main            d.u.i.k.p.r.p.TestFile    ... finished proof: closed. 
29851      INFO  main            d.u.i.k.p.i.AbstractProblemLoader Loading environment from /home/runner/work/key/key/key.core/../key.ui/examples/standard_key/java_dl/switch/empty_switch_null_catch.key.proof 
29853      DEBUG main            d.u.i.k.p.i.AbstractProblemLoader Environment load took 1.88ms 
29854      INFO  main            d.u.i.k.p.i.AbstractProblemLoader Creating init config 
32617      DEBUG main            d.u.i.k.p.i.AbstractProblemLoader Init config took 2.76s 
32641      INFO  main            d.u.i.k.p.i.AbstractProblemLoader Replaying proof empty_switch_null_catch.key.proof 
32677      DEBUG main            d.u.i.k.p.i.IntermediateProofReplayer Proof replay took 32.86ms 
32678      DEBUG main            d.u.i.k.p.r.p.TestFile    ... success: reloaded. 
32679      INFO  main            d.u.i.k.p.r.p.TestFile    Now processing file /home/runner/work/key/key/key.core/../key.ui/examples/standard_key/java_dl/switch/empty_switch_array_out_of_bounds.key 
32679      INFO  main            d.u.i.k.p.i.AbstractProblemLoader Loading environment from /home/runner/work/key/key/key.core/../key.ui/examples/standard_key/java_dl/switch/empty_switch_array_out_of_bounds.key 
32679      DEBUG main            d.u.i.k.p.i.AbstractProblemLoader Environment load took 203.82ns 
32680      INFO  main            d.u.i.k.p.i.AbstractProblemLoader Creating init config 
35522      DEBUG main            d.u.i.k.p.i.AbstractProblemLoader Init config took 2.84s 
35553      INFO  main            d.u.i.k.p.i.AbstractProblemLoader Replaying proof empty_switch_array_out_of_bounds.key 
35557      DEBUG main            d.u.i.k.p.i.IntermediateProofReplayer Proof replay took 6.2ns 
35863      INFO  main            d.u.i.k.p.r.p.TestFile    ... finished proof: closed. 
36071      INFO  main            d.u.i.k.p.i.AbstractProblemLoader Loading environment from /home/runner/work/key/key/key.core/../key.ui/examples/standard_key/java_dl/switch/empty_switch_array_out_of_bounds.key.proof 
36077      DEBUG main            d.u.i.k.p.i.AbstractProblemLoader Environment load took 6.11ms 
36078      INFO  main            d.u.i.k.p.i.AbstractProblemLoader Creating init config 
38970      DEBUG main            d.u.i.k.p.i.AbstractProblemLoader Init config took 2.89s 
38995      INFO  main            d.u.i.k.p.i.AbstractProblemLoader Replaying proof empty_switch_array_out_of_bounds.key.proof 
39081      DEBUG main            d.u.i.k.p.i.IntermediateProofReplayer Proof replay took 79.75ms 
39082      DEBUG main            d.u.i.k.p.r.p.TestFile    ... success: reloaded. 
39083      INFO  main            d.u.i.k.p.r.p.TestFile    Now processing file /home/runner/work/key/key/key.core/../key.ui/examples/standard_key/java_dl/switch/empty_switch_array_out_of_bounds_catch.key 
39084      INFO  main            d.u.i.k.p.i.AbstractProblemLoader Loading environment from /home/runner/work/key/key/key.core/../key.ui/examples/standard_key/java_dl/switch/empty_switch_array_out_of_bounds_catch.key 
39084      DEBUG main            d.u.i.k.p.i.AbstractProblemLoader Environment load took 212.81ns 
39085      INFO  main            d.u.i.k.p.i.AbstractProblemLoader Creating init config 
41902      DEBUG main            d.u.i.k.p.i.AbstractProblemLoader Init config took 2.82s 
41926      INFO  main            d.u.i.k.p.i.AbstractProblemLoader Replaying proof empty_switch_array_out_of_bounds_catch.key 
41930      DEBUG main            d.u.i.k.p.i.IntermediateProofReplayer Proof replay took 7.3ns 
42134      INFO  main            d.u.i.k.p.r.p.TestFile    ... finished proof: closed. 
42328      INFO  main            d.u.i.k.p.i.AbstractProblemLoader Loading environment from /home/runner/work/key/key/key.core/../key.ui/examples/standard_key/java_dl/switch/empty_switch_array_out_of_bounds_catch.key.proof 
42328      DEBUG main            d.u.i.k.p.i.AbstractProblemLoader Environment load took 675.94ns 
42331      INFO  main            d.u.i.k.p.i.AbstractProblemLoader Creating init config 
45066      DEBUG main            d.u.i.k.p.i.AbstractProblemLoader Init config took 2.74s 
45089      INFO  main            d.u.i.k.p.i.AbstractProblemLoader Replaying proof empty_switch_array_out_of_bounds_catch.key.proof 
45132      DEBUG main            d.u.i.k.p.i.IntermediateProofReplayer Proof replay took 39.22ms 
45133      DEBUG main            d.u.i.k.p.r.p.TestFile    ... success: reloaded. 
45134      INFO  main            d.u.i.k.p.r.p.TestFile    Now processing file /home/runner/work/key/key/key.core/../key.ui/examples/standard_key/java_dl/switch/switch_in_switch.key 
45135      INFO  main            d.u.i.k.p.i.AbstractProblemLoader Loading environment from /home/runner/work/key/key/key.core/../key.ui/examples/standard_key/java_dl/switch/switch_in_switch.key 
45135      DEBUG main            d.u.i.k.p.i.AbstractProblemLoader Environment load took 206.72ns 
45136      INFO  main            d.u.i.k.p.i.AbstractProblemLoader Creating init config 
48022      DEBUG main            d.u.i.k.p.i.AbstractProblemLoader Init config took 2.89s 
48074      INFO  main            d.u.i.k.p.i.AbstractProblemLoader Replaying proof SwitchInSwitch[SwitchInSwitch::m(int)].JML normal_behavior operation contract.0 
48076      DEBUG main            d.u.i.k.p.i.IntermediateProofReplayer Proof replay took 6.6ns 
53020      INFO  main            d.u.i.k.p.r.p.TestFile    ... finished proof: closed. 
53306      INFO  main            d.u.i.k.p.i.AbstractProblemLoader Loading environment from /home/runner/work/key/key/key.core/../key.ui/examples/standard_key/java_dl/switch/switch_in_switch.key.proof 
53309      DEBUG main            d.u.i.k.p.i.AbstractProblemLoader Environment load took 2.66ms 
53311      INFO  main            d.u.i.k.p.i.AbstractProblemLoader Creating init config 
56226      DEBUG main            d.u.i.k.p.i.AbstractProblemLoader Init config took 2.91s 
56287      INFO  main            d.u.i.k.p.i.AbstractProblemLoader Replaying proof SwitchInSwitch[SwitchInSwitch::m(int)].JML normal_behavior operation contract.0 
56697      DEBUG main            d.u.i.k.p.i.IntermediateProofReplayer Proof replay took 378.52ms 
56699      DEBUG main            d.u.i.k.p.r.p.TestFile    ... success: reloaded. 
56701      INFO  main            d.u.i.k.p.r.p.TestFile    Now processing file /home/runner/work/key/key/key.core/../key.ui/examples/standard_key/java_dl/switch/while_and_switch.key 
56701      INFO  main            d.u.i.k.p.i.AbstractProblemLoader Loading environment from /home/runner/work/key/key/key.core/../key.ui/examples/standard_key/java_dl/switch/while_and_switch.key 
56701      DEBUG main            d.u.i.k.p.i.AbstractProblemLoader Environment load took 222.82ns 
56702      INFO  main            d.u.i.k.p.i.AbstractProblemLoader Creating init config 
59563      DEBUG main            d.u.i.k.p.i.AbstractProblemLoader Init config took 2.86s 
59610      INFO  main            d.u.i.k.p.i.AbstractProblemLoader Replaying proof WhileAndSwitch[WhileAndSwitch::m(int)].JML normal_behavior operation contract.0 
59613      DEBUG main            d.u.i.k.p.i.IntermediateProofReplayer Proof replay took 7.3ns 
60432      INFO  main            d.u.i.k.p.r.p.TestFile    ... finished proof: closed. 
60648      INFO  main            d.u.i.k.p.i.AbstractProblemLoader Loading environment from /home/runner/work/key/key/key.core/../key.ui/examples/standard_key/java_dl/switch/while_and_switch.key.proof 
60648      DEBUG main            d.u.i.k.p.i.AbstractProblemLoader Environment load took 399.03ns 
60650      INFO  main            d.u.i.k.p.i.AbstractProblemLoader Creating init config 
63485      DEBUG main            d.u.i.k.p.i.AbstractProblemLoader Init config took 2.83s 
63554      INFO  main            d.u.i.k.p.i.AbstractProblemLoader Replaying proof WhileAndSwitch[WhileAndSwitch::m(int)].JML normal_behavior operation contract.0 
63702      DEBUG main            d.u.i.k.p.i.IntermediateProofReplayer Proof replay took 137.5ms 
63705      DEBUG main            d.u.i.k.p.r.p.TestFile    ... success: reloaded. 
63708      INFO  main            d.u.i.k.p.r.p.TestFile    Now processing file /home/runner/work/key/key/key.core/../key.ui/examples/standard_key/java_dl/switch/large_switch.key 
63710      INFO  main            d.u.i.k.p.i.AbstractProblemLoader Loading environment from /home/runner/work/key/key/key.core/../key.ui/examples/standard_key/java_dl/switch/large_switch.key 
63711      DEBUG main            d.u.i.k.p.i.AbstractProblemLoader Environment load took 502.54ns 
63712      INFO  main            d.u.i.k.p.i.AbstractProblemLoader Creating init config 
66612      DEBUG main            d.u.i.k.p.i.AbstractProblemLoader Init config took 2.9s 
66656      INFO  main            d.u.i.k.p.i.AbstractProblemLoader Replaying proof LargeSwitch[LargeSwitch::m(int)].JML normal_behavior operation contract.0 
66657      DEBUG main            d.u.i.k.p.i.IntermediateProofReplayer Proof replay took 7.7ns 
68170      INFO  main            d.u.i.k.p.r.p.TestFile    ... finished proof: closed. 
68417      INFO  main            d.u.i.k.p.i.AbstractProblemLoader Loading environment from /home/runner/work/key/key/key.core/../key.ui/examples/standard_key/java_dl/switch/large_switch.key.proof 
68418      DEBUG main            d.u.i.k.p.i.AbstractProblemLoader Environment load took 150.81ns 
68419      INFO  main            d.u.i.k.p.i.AbstractProblemLoader Creating init config 
71308      DEBUG main            d.u.i.k.p.i.AbstractProblemLoader Init config took 2.89s 
71370      INFO  main            d.u.i.k.p.i.AbstractProblemLoader Replaying proof LargeSwitch[LargeSwitch::m(int)].JML normal_behavior operation contract.0 
71728      DEBUG main            d.u.i.k.p.i.IntermediateProofReplayer Proof replay took 339.33ms 
71730      DEBUG main            d.u.i.k.p.r.p.TestFile    ... success: reloaded. 
6055900    INFO  Test worker     d.u.i.k.p.r.RunAllProofsTestUnit Returning from test switch 
6055902    INFO  Test worker     d.u.i.k.p.r.RunAllProofsTestUnit Running test redux 
383        INFO  Timeout watchdog d.u.i.k.p.r.p.ForkedTestFileRunner Timeout watcher launched (2000 secs.) 
405        WARN  main            d.u.i.k.s.ProofSettings   The settings in /home/runner/.key/proof-settings.props are *not* read. 
460        INFO  main            d.u.i.k.p.r.p.TestFile    Now processing file /home/runner/work/key/key/key.core/../key.ui/examples/redux/arrays/Arrays.copyOf.key 
656        INFO  main            d.u.i.k.p.i.AbstractProblemLoader Loading environment from /home/runner/work/key/key/key.core/../key.ui/examples/redux/arrays/Arrays.copyOf.key 
675        DEBUG main            d.u.i.k.p.i.AbstractProblemLoader Environment load took 2.19ms 
924        INFO  main            d.u.i.k.p.i.AbstractProblemLoader Creating init config 
2033       DEBUG main            d.u.i.k.j.TypeConverter   No LDT found for Meta 
2034       DEBUG main            d.u.i.k.j.TypeConverter   No LDT found for Meta 
2038       DEBUG main            d.u.i.k.j.TypeConverter   No LDT found for Meta 
2038       DEBUG main            d.u.i.k.j.TypeConverter   No LDT found for Meta 
3583       DEBUG main            d.u.i.k.j.TypeConverter   No LDT found for JavaBigintExpression 
9802       DEBUG main            d.u.i.k.p.i.AbstractProblemLoader Init config took 8.88s 
9941       INFO  main            d.u.i.k.p.i.AbstractProblemLoader Replaying proof Arrays[Arrays::copyOf([I,int)].JML normal_behavior operation contract.0 
9980       DEBUG main            d.u.i.k.p.i.IntermediateProofReplayer Proof replay took 35.1ns 
16120      INFO  main            d.u.i.k.p.r.p.TestFile    ... finished proof: closed. 
16324      INFO  main            d.u.i.k.p.i.AbstractProblemLoader Loading environment from /home/runner/work/key/key/key.core/../key.ui/examples/redux/arrays/Arrays.copyOf.key.proof 
16324      DEBUG main            d.u.i.k.p.i.AbstractProblemLoader Environment load took 426.23ns 
16328      INFO  main            d.u.i.k.p.i.AbstractProblemLoader Creating init config 
20166      DEBUG main            d.u.i.k.p.i.AbstractProblemLoader Init config took 3.84s 
20233      INFO  main            d.u.i.k.p.i.AbstractProblemLoader Replaying proof Arrays[Arrays::copyOf([I,int)].JML normal_behavior operation contract.0 
20757      DEBUG main            d.u.i.k.p.i.IntermediateProofReplayer Proof replay took 487.38ms 
20767      DEBUG main            d.u.i.k.p.r.p.TestFile    ... success: reloaded. 
20768      INFO  main            d.u.i.k.p.r.p.TestFile    Now processing file /home/runner/work/key/key/key.core/../key.ui/examples/redux/arrays/Arrays.copyOf.float.key 
20769      INFO  main            d.u.i.k.p.i.AbstractProblemLoader Loading environment from /home/runner/work/key/key/key.core/../key.ui/examples/redux/arrays/Arrays.copyOf.float.key 
20769      DEBUG main            d.u.i.k.p.i.AbstractProblemLoader Environment load took 229.32ns 
20771      INFO  main            d.u.i.k.p.i.AbstractProblemLoader Creating init config 
24442      DEBUG main            d.u.i.k.p.i.AbstractProblemLoader Init config took 3.67s 
24504      INFO  main            d.u.i.k.p.i.AbstractProblemLoader Replaying proof Arrays[Arrays::copyOf([F,int)].JML normal_behavior operation contract.0 
24506      DEBUG main            d.u.i.k.p.i.IntermediateProofReplayer Proof replay took 6.3ns 
24545      DEBUG main            d.u.i.k.m.s.ProofScriptEngine [1] goal: 0, source line: 6, command: 'macro autopilot' 
29556      DEBUG main            d.u.i.k.m.s.ProofScriptEngine [2] goal: 17, source line: 7, command: 'smt solver=Z3' 
29659      INFO  main            d.u.i.k.m.s.SMTCommand    Finished run on goal 17 in 75ms, result is valid 
29660      DEBUG main            d.u.i.k.m.s.ProofScriptEngine [3] goal: 309, source line: 8, command: 'tryclose' 
31601      INFO  main            d.u.i.k.p.r.p.TestFile    ... finished proof: closed. 
31823      INFO  main            d.u.i.k.p.i.AbstractProblemLoader Loading environment from /home/runner/work/key/key/key.core/../key.ui/examples/redux/arrays/Arrays.copyOf.float.key.proof 
31823      DEBUG main            d.u.i.k.p.i.AbstractProblemLoader Environment load took 319.32ns 
31829      INFO  main            d.u.i.k.p.i.AbstractProblemLoader Creating init config 
35516      DEBUG main            d.u.i.k.p.i.AbstractProblemLoader Init config took 3.69s 
35573      INFO  main            d.u.i.k.p.i.AbstractProblemLoader Replaying proof Arrays[Arrays::copyOf([F,int)].JML normal_behavior operation contract.0 
35680      INFO  main            d.u.i.k.s.SMTFocusResults Analyzing unsat core: (L_6) 
36285      DEBUG main            d.u.i.k.p.i.IntermediateProofReplayer Proof replay took 681.28ms 
36287      DEBUG main            d.u.i.k.p.r.p.TestFile    ... success: reloaded. 
36288      INFO  main            d.u.i.k.p.r.p.TestFile    Now processing file /home/runner/work/key/key/key.core/../key.ui/examples/redux/arrays/Arrays.copyOfRange.key 
36289      INFO  main            d.u.i.k.p.i.AbstractProblemLoader Loading environment from /home/runner/work/key/key/key.core/../key.ui/examples/redux/arrays/Arrays.copyOfRange.key 
36289      DEBUG main            d.u.i.k.p.i.AbstractProblemLoader Environment load took 220.92ns 
36290      INFO  main            d.u.i.k.p.i.AbstractProblemLoader Creating init config 
40028      DEBUG main            d.u.i.k.p.i.AbstractProblemLoader Init config took 3.74s 
40078      INFO  main            d.u.i.k.p.i.AbstractProblemLoader Replaying proof Arrays[Arrays::copyOfRange([I,int,int)].JML normal_behavior operation contract.0 
40080      DEBUG main            d.u.i.k.p.i.IntermediateProofReplayer Proof replay took 6.4ns 
45203      INFO  main            d.u.i.k.p.r.p.TestFile    ... finished proof: closed. 
45480      INFO  main            d.u.i.k.p.i.AbstractProblemLoader Loading environment from /home/runner/work/key/key/key.core/../key.ui/examples/redux/arrays/Arrays.copyOfRange.key.proof 
45480      DEBUG main            d.u.i.k.p.i.AbstractProblemLoader Environment load took 400.83ns 
45483      INFO  main            d.u.i.k.p.i.AbstractProblemLoader Creating init config 
49005      DEBUG main            d.u.i.k.p.i.AbstractProblemLoader Init config took 3.52s 
49067      INFO  main            d.u.i.k.p.i.AbstractProblemLoader Replaying proof Arrays[Arrays::copyOfRange([I,int,int)].JML normal_behavior operation contract.0 
49503      DEBUG main            d.u.i.k.p.i.IntermediateProofReplayer Proof replay took 409.39ms 
49505      DEBUG main            d.u.i.k.p.r.p.TestFile    ... success: reloaded. 
49506      INFO  main            d.u.i.k.p.r.p.TestFile    Now processing file /home/runner/work/key/key/key.core/../key.ui/examples/redux/arrays/Arrays.copyOfRange.float.key 
49506      INFO  main            d.u.i.k.p.i.AbstractProblemLoader Loading environment from /home/runner/work/key/key/key.core/../key.ui/examples/redux/arrays/Arrays.copyOfRange.float.key 
49507      DEBUG main            d.u.i.k.p.i.AbstractProblemLoader Environment load took 232.02ns 
49508      INFO  main            d.u.i.k.p.i.AbstractProblemLoader Creating init config 
53127      DEBUG main            d.u.i.k.p.i.AbstractProblemLoader Init config took 3.62s 
53176      INFO  main            d.u.i.k.p.i.AbstractProblemLoader Replaying proof Arrays[Arrays::copyOfRange([F,int,int)].JML normal_behavior operation contract.0 
53177      DEBUG main            d.u.i.k.p.i.IntermediateProofReplayer Proof replay took 6.3ns 
53178      DEBUG main            d.u.i.k.m.s.ProofScriptEngine [1] goal: 0, source line: 6, command: 'macro autopilot' 
59956      DEBUG main            d.u.i.k.m.s.ProofScriptEngine [2] goal: 27, source line: 7, command: 'smt solver=Z3' 
60005      INFO  main            d.u.i.k.m.s.SMTCommand    Finished run on goal 27 in 39ms, result is valid 
60005      DEBUG main            d.u.i.k.m.s.ProofScriptEngine [3] goal: 375, source line: 8, command: 'tryclose' 
63810      INFO  main            d.u.i.k.p.r.p.TestFile    ... finished proof: closed. 
64060      INFO  main            d.u.i.k.p.i.AbstractProblemLoader Loading environment from /home/runner/work/key/key/key.core/../key.ui/examples/redux/arrays/Arrays.copyOfRange.float.key.proof 
64065      DEBUG main            d.u.i.k.p.i.AbstractProblemLoader Environment load took 4.77ms 
64067      INFO  main            d.u.i.k.p.i.AbstractProblemLoader Creating init config 
67749      DEBUG main            d.u.i.k.p.i.AbstractProblemLoader Init config took 3.68s 
67821      INFO  main            d.u.i.k.p.i.AbstractProblemLoader Replaying proof Arrays[Arrays::copyOfRange([F,int,int)].JML normal_behavior operation contract.0 
67909      INFO  main            d.u.i.k.s.SMTFocusResults Analyzing unsat core: (L_8) 
68649      DEBUG main            d.u.i.k.p.i.IntermediateProofReplayer Proof replay took 792.89ms 
68651      DEBUG main            d.u.i.k.p.r.p.TestFile    ... success: reloaded. 
68652      INFO  main            d.u.i.k.p.r.p.TestFile    Now processing file /home/runner/work/key/key/key.core/../key.ui/examples/redux/arrays/Arrays.equals.key 
68652      INFO  main            d.u.i.k.p.i.AbstractProblemLoader Loading environment from /home/runner/work/key/key/key.core/../key.ui/examples/redux/arrays/Arrays.equals.key 
68652      DEBUG main            d.u.i.k.p.i.AbstractProblemLoader Environment load took 103.61ns 
68653      INFO  main            d.u.i.k.p.i.AbstractProblemLoader Creating init config 
72187      DEBUG main            d.u.i.k.p.i.AbstractProblemLoader Init config took 3.53s 
72236      INFO  main            d.u.i.k.p.i.AbstractProblemLoader Replaying proof Arrays[Arrays::equals([B,[B)].JML normal_behavior operation contract.0 
72238      DEBUG main            d.u.i.k.p.i.IntermediateProofReplayer Proof replay took 6.4ns 
72843      INFO  main            d.u.i.k.p.r.p.TestFile    ... finished proof: closed. 
73121      INFO  main            d.u.i.k.p.i.AbstractProblemLoader Loading environment from /home/runner/work/key/key/key.core/../key.ui/examples/redux/arrays/Arrays.equals.key.proof 
73122      DEBUG main            d.u.i.k.p.i.AbstractProblemLoader Environment load took 896.86ns 
73126      INFO  main            d.u.i.k.p.i.AbstractProblemLoader Creating init config 
76724      DEBUG main            d.u.i.k.p.i.AbstractProblemLoader Init config took 3.6s 
76773      INFO  main            d.u.i.k.p.i.AbstractProblemLoader Replaying proof Arrays[Arrays::equals([B,[B)].JML normal_behavior operation contract.0 
76917      DEBUG main            d.u.i.k.p.i.IntermediateProofReplayer Proof replay took 140.43ms 
76919      DEBUG main            d.u.i.k.p.r.p.TestFile    ... success: reloaded. 
76919      INFO  main            d.u.i.k.p.r.p.TestFile    Now processing file /home/runner/work/key/key/key.core/../key.ui/examples/redux/arrays/Arrays.fill.key 
76920      INFO  main            d.u.i.k.p.i.AbstractProblemLoader Loading environment from /home/runner/work/key/key/key.core/../key.ui/examples/redux/arrays/Arrays.fill.key 
76920      DEBUG main            d.u.i.k.p.i.AbstractProblemLoader Environment load took 204.91ns 
76921      INFO  main            d.u.i.k.p.i.AbstractProblemLoader Creating init config 
80501      DEBUG main            d.u.i.k.p.i.AbstractProblemLoader Init config took 3.58s 
80546      INFO  main            d.u.i.k.p.i.AbstractProblemLoader Replaying proof Arrays[Arrays::fill([I,int)].JML normal_behavior operation contract.0 
80548      DEBUG main            d.u.i.k.p.i.IntermediateProofReplayer Proof replay took 7.8ns 
80751      INFO  main            d.u.i.k.p.r.p.TestFile    ... finished proof: closed. 
80969      INFO  main            d.u.i.k.p.i.AbstractProblemLoader Loading environment from /home/runner/work/key/key/key.core/../key.ui/examples/redux/arrays/Arrays.fill.key.proof 
80969      DEBUG main            d.u.i.k.p.i.AbstractProblemLoader Environment load took 137.81ns 
80971      INFO  main            d.u.i.k.p.i.AbstractProblemLoader Creating init config 
84516      DEBUG main            d.u.i.k.p.i.AbstractProblemLoader Init config took 3.55s 
84561      INFO  main            d.u.i.k.p.i.AbstractProblemLoader Replaying proof Arrays[Arrays::fill([I,int)].JML normal_behavior operation contract.0 
84596      DEBUG main            d.u.i.k.p.i.IntermediateProofReplayer Proof replay took 32.7ms 
84597      DEBUG main            d.u.i.k.p.r.p.TestFile    ... success: reloaded. 
84598      INFO  main            d.u.i.k.p.r.p.TestFile    Now processing file /home/runner/work/key/key/key.core/../key.ui/examples/redux/arrays/Arrays.fill.float.key 
84598      INFO  main            d.u.i.k.p.i.AbstractProblemLoader Loading environment from /home/runner/work/key/key/key.core/../key.ui/examples/redux/arrays/Arrays.fill.float.key 
84598      DEBUG main            d.u.i.k.p.i.AbstractProblemLoader Environment load took 99.01ns 
84599      INFO  main            d.u.i.k.p.i.AbstractProblemLoader Creating init config 
88151      DEBUG main            d.u.i.k.p.i.AbstractProblemLoader Init config took 3.55s 
88216      INFO  main            d.u.i.k.p.i.AbstractProblemLoader Replaying proof Arrays[Arrays::fill([F,float)].JML normal_behavior operation contract.0 
88218      DEBUG main            d.u.i.k.p.i.IntermediateProofReplayer Proof replay took 7.3ns 
88428      INFO  main            d.u.i.k.p.r.p.TestFile    ... finished proof: closed. 
88636      INFO  main            d.u.i.k.p.i.AbstractProblemLoader Loading environment from /home/runner/work/key/key/key.core/../key.ui/examples/redux/arrays/Arrays.fill.float.key.proof 
88636      DEBUG main            d.u.i.k.p.i.AbstractProblemLoader Environment load took 155.11ns 
88638      INFO  main            d.u.i.k.p.i.AbstractProblemLoader Creating init config 
92155      DEBUG main            d.u.i.k.p.i.AbstractProblemLoader Init config took 3.52s 
92210      INFO  main            d.u.i.k.p.i.AbstractProblemLoader Replaying proof Arrays[Arrays::fill([F,float)].JML normal_behavior operation contract.0 
92250      DEBUG main            d.u.i.k.p.i.IntermediateProofReplayer Proof replay took 37ms 
92251      DEBUG main            d.u.i.k.p.r.p.TestFile    ... success: reloaded. 
92251      INFO  main            d.u.i.k.p.r.p.TestFile    Now processing file /home/runner/work/key/key/key.core/../key.ui/examples/redux/arrays/Arrays.fillFromTo.key 
92252      INFO  main            d.u.i.k.p.i.AbstractProblemLoader Loading environment from /home/runner/work/key/key/key.core/../key.ui/examples/redux/arrays/Arrays.fillFromTo.key 
92252      DEBUG main            d.u.i.k.p.i.AbstractProblemLoader Environment load took 105.31ns 
92253      INFO  main            d.u.i.k.p.i.AbstractProblemLoader Creating init config 
95801      DEBUG main            d.u.i.k.p.i.AbstractProblemLoader Init config took 3.55s 
95866      INFO  main            d.u.i.k.p.i.AbstractProblemLoader Replaying proof Arrays[Arrays::fill([I,int,int,int)].JML normal_behavior operation contract.0 
95869      DEBUG main            d.u.i.k.p.i.IntermediateProofReplayer Proof replay took 7.7ns 
96473      INFO  main            d.u.i.k.p.r.p.TestFile    ... finished proof: closed. 
96726      INFO  main            d.u.i.k.p.i.AbstractProblemLoader Loading environment from /home/runner/work/key/key/key.core/../key.ui/examples/redux/arrays/Arrays.fillFromTo.key.proof 
96729      DEBUG main            d.u.i.k.p.i.AbstractProblemLoader Environment load took 450.03ns 
96731      INFO  main            d.u.i.k.p.i.AbstractProblemLoader Creating init config 
100218     DEBUG main            d.u.i.k.p.i.AbstractProblemLoader Init config took 3.49s 
100259     INFO  main            d.u.i.k.p.i.AbstractProblemLoader Replaying proof Arrays[Arrays::fill([I,int,int,int)].JML normal_behavior operation contract.0 
100349     DEBUG main            d.u.i.k.p.i.IntermediateProofReplayer Proof replay took 85.66ms 
100351     DEBUG main            d.u.i.k.p.r.p.TestFile    ... success: reloaded. 
100352     INFO  main            d.u.i.k.p.r.p.TestFile    Now processing file /home/runner/work/key/key/key.core/../key.ui/examples/redux/arrays/Arrays.fillFromTo.float.key 
100352     INFO  main            d.u.i.k.p.i.AbstractProblemLoader Loading environment from /home/runner/work/key/key/key.core/../key.ui/examples/redux/arrays/Arrays.fillFromTo.float.key 
100352     DEBUG main            d.u.i.k.p.i.AbstractProblemLoader Environment load took 199.11ns 
100353     INFO  main            d.u.i.k.p.i.AbstractProblemLoader Creating init config 
103832     DEBUG main            d.u.i.k.p.i.AbstractProblemLoader Init config took 3.48s 
103873     INFO  main            d.u.i.k.p.i.AbstractProblemLoader Replaying proof Arrays[Arrays::fill([F,int,int,float)].JML normal_behavior operation contract.0 
103874     DEBUG main            d.u.i.k.p.i.IntermediateProofReplayer Proof replay took 6.9ns 
104684     INFO  main            d.u.i.k.p.r.p.TestFile    ... finished proof: closed. 
104914     INFO  main            d.u.i.k.p.i.AbstractProblemLoader Loading environment from /home/runner/work/key/key/key.core/../key.ui/examples/redux/arrays/Arrays.fillFromTo.float.key.proof 
104914     DEBUG main            d.u.i.k.p.i.AbstractProblemLoader Environment load took 400.32ns 
104915     INFO  main            d.u.i.k.p.i.AbstractProblemLoader Creating init config 
108369     DEBUG main            d.u.i.k.p.i.AbstractProblemLoader Init config took 3.45s 
108415     INFO  main            d.u.i.k.p.i.AbstractProblemLoader Replaying proof Arrays[Arrays::fill([F,int,int,float)].JML normal_behavior operation contract.0 
108534     DEBUG main            d.u.i.k.p.i.IntermediateProofReplayer Proof replay took 113.54ms 
108536     DEBUG main            d.u.i.k.p.r.p.TestFile    ... success: reloaded. 
108537     INFO  main            d.u.i.k.p.r.p.TestFile    Now processing file /home/runner/work/key/key/key.core/../key.ui/examples/redux/arrays/ArrayCopy.arraycopy.normal.0.key 
108537     INFO  main            d.u.i.k.p.i.AbstractProblemLoader Loading environment from /home/runner/work/key/key/key.core/../key.ui/examples/redux/arrays/ArrayCopy.arraycopy.normal.0.key 
108537     DEBUG main            d.u.i.k.p.i.AbstractProblemLoader Environment load took 195.31ns 
108538     INFO  main            d.u.i.k.p.i.AbstractProblemLoader Creating init config 
112060     DEBUG main            d.u.i.k.p.i.AbstractProblemLoader Init config took 3.52s 
112126     INFO  main            d.u.i.k.p.i.AbstractProblemLoader Replaying proof ArrayCopy[ArrayCopy::arraycopy(java.lang.Object,int,java.lang.Object,int,int)].JML normal_behavior operation contract.0 
112129     DEBUG main            d.u.i.k.p.i.IntermediateProofReplayer Proof replay took 7.4ns 
119408     INFO  main            d.u.i.k.p.r.p.TestFile    ... finished proof: closed. 
119679     INFO  main            d.u.i.k.p.i.AbstractProblemLoader Loading environment from /home/runner/work/key/key/key.core/../key.ui/examples/redux/arrays/ArrayCopy.arraycopy.normal.0.key.proof 
119679     DEBUG main            d.u.i.k.p.i.AbstractProblemLoader Environment load took 201.61ns 
119681     INFO  main            d.u.i.k.p.i.AbstractProblemLoader Creating init config 
123145     DEBUG main            d.u.i.k.p.i.AbstractProblemLoader Init config took 3.46s 
123186     INFO  main            d.u.i.k.p.i.AbstractProblemLoader Replaying proof ArrayCopy[ArrayCopy::arraycopy(java.lang.Object,int,java.lang.Object,int,int)].JML normal_behavior operation contract.0 
123905     DEBUG main            d.u.i.k.p.i.IntermediateProofReplayer Proof replay took 700.44ms 
123907     DEBUG main            d.u.i.k.p.r.p.TestFile    ... success: reloaded. 
123908     INFO  main            d.u.i.k.p.r.p.TestFile    Now processing file /home/runner/work/key/key/key.core/../key.ui/examples/redux/arrays/ArrayCopy.arraycopy.exceptional.0.key 
123909     INFO  main            d.u.i.k.p.i.AbstractProblemLoader Loading environment from /home/runner/work/key/key/key.core/../key.ui/examples/redux/arrays/ArrayCopy.arraycopy.exceptional.0.key 
123909     DEBUG main            d.u.i.k.p.i.AbstractProblemLoader Environment load took 204.71ns 
123910     INFO  main            d.u.i.k.p.i.AbstractProblemLoader Creating init config 
127392     DEBUG main            d.u.i.k.p.i.AbstractProblemLoader Init config took 3.48s 
127436     INFO  main            d.u.i.k.p.i.AbstractProblemLoader Replaying proof ArrayCopy[ArrayCopy::arraycopy(java.lang.Object,int,java.lang.Object,int,int)].JML exceptional_behavior operation contract.0 
127437     DEBUG main            d.u.i.k.p.i.IntermediateProofReplayer Proof replay took 7ns 
127841     INFO  main            d.u.i.k.p.r.p.TestFile    ... finished proof: closed. 
128099     INFO  main            d.u.i.k.p.i.AbstractProblemLoader Loading environment from /home/runner/work/key/key/key.core/../key.ui/examples/redux/arrays/ArrayCopy.arraycopy.exceptional.0.key.proof 
128100     DEBUG main            d.u.i.k.p.i.AbstractProblemLoader Environment load took 130.01ns 
128101     INFO  main            d.u.i.k.p.i.AbstractProblemLoader Creating init config 
131522     DEBUG main            d.u.i.k.p.i.AbstractProblemLoader Init config took 3.42s 
131562     INFO  main            d.u.i.k.p.i.AbstractProblemLoader Replaying proof ArrayCopy[ArrayCopy::arraycopy(java.lang.Object,int,java.lang.Object,int,int)].JML exceptional_behavior operation contract.0 
131673     DEBUG main            d.u.i.k.p.i.IntermediateProofReplayer Proof replay took 107.98ms 
131674     DEBUG main            d.u.i.k.p.r.p.TestFile    ... success: reloaded. 
131675     INFO  main            d.u.i.k.p.r.p.TestFile    Now processing file /home/runner/work/key/key/key.core/../key.ui/examples/redux/arrays/ArrayCopy.arraycopy.exceptional.1.key 
131675     INFO  main            d.u.i.k.p.i.AbstractProblemLoader Loading environment from /home/runner/work/key/key/key.core/../key.ui/examples/redux/arrays/ArrayCopy.arraycopy.exceptional.1.key 
131675     DEBUG main            d.u.i.k.p.i.AbstractProblemLoader Environment load took 109.51ns 
131676     INFO  main            d.u.i.k.p.i.AbstractProblemLoader Creating init config 
135246     DEBUG main            d.u.i.k.p.i.AbstractProblemLoader Init config took 3.57s 
135289     INFO  main            d.u.i.k.p.i.AbstractProblemLoader Replaying proof ArrayCopy[ArrayCopy::arraycopy(java.lang.Object,int,java.lang.Object,int,int)].JML exceptional_behavior operation contract.1 
135290     DEBUG main            d.u.i.k.p.i.IntermediateProofReplayer Proof replay took 7.1ns 
142120     INFO  main            d.u.i.k.p.r.p.TestFile    ... finished proof: closed. 
142401     INFO  main            d.u.i.k.p.i.AbstractProblemLoader Loading environment from /home/runner/work/key/key/key.core/../key.ui/examples/redux/arrays/ArrayCopy.arraycopy.exceptional.1.key.proof 
142401     DEBUG main            d.u.i.k.p.i.AbstractProblemLoader Environment load took 378.42ns 
142405     INFO  main            d.u.i.k.p.i.AbstractProblemLoader Creating init config 
145839     DEBUG main            d.u.i.k.p.i.AbstractProblemLoader Init config took 3.43s 
145879     INFO  main            d.u.i.k.p.i.AbstractProblemLoader Replaying proof ArrayCopy[ArrayCopy::arraycopy(java.lang.Object,int,java.lang.Object,int,int)].JML exceptional_behavior operation contract.1 
147311     DEBUG main            d.u.i.k.p.i.IntermediateProofReplayer Proof replay took 1.4s 
147314     DEBUG main            d.u.i.k.p.r.p.TestFile    ... success: reloaded. 
6203401    INFO  Test worker     d.u.i.k.p.r.RunAllProofsTestUnit Returning from test redux 
]]></system-out>
  <system-err><![CDATA[]]></system-err>
</testsuite>
