<?xml version="1.0" encoding="UTF-8"?>
<testsuite name="de.uka.ilkd.key.gui.plugins.javac.JavaCompilerCheckFacadeTest" tests="1" skipped="0" failures="0" errors="0" timestamp="2023-03-31T10:25:25" hostname="fv-az453-29" time="0.967">
  <properties/>
  <testcase name="compile1()" classname="de.uka.ilkd.key.gui.plugins.javac.JavaCompilerCheckFacadeTest" time="0.967"/>
  <system-out><![CDATA[/home/runner/work/key/key/key.ui/examples/firstTouch/06-BinarySearch/src
10:25:25,971 |-INFO in ch.qos.logback.classic.LoggerContext[default] - This is logback-classic version 1.4.6
10:25:25,991 |-INFO in ch.qos.logback.classic.LoggerContext[default] - Could NOT find resource [logback-test.xml]
10:25:26,012 |-INFO in ch.qos.logback.classic.LoggerContext[default] - Found resource [logback.xml] at [file:/home/runner/work/key/key/key.ui/build/resources/test/logback.xml]
10:25:26,012 |-WARN in ch.qos.logback.classic.util.DefaultJoranConfigurator@611f8234 - Resource [logback.xml] occurs multiple times on the classpath.
10:25:26,013 |-WARN in ch.qos.logback.classic.util.DefaultJoranConfigurator@611f8234 - Resource [logback.xml] occurs at [file:/home/runner/work/key/key/key.ui/build/resources/test/logback.xml]
10:25:26,013 |-WARN in ch.qos.logback.classic.util.DefaultJoranConfigurator@611f8234 - Resource [logback.xml] occurs at [jar:file:/home/runner/work/key/key/key.ui/build/libs/key.ui-2.11.0.jar!/logback.xml]
10:25:26,013 |-WARN in ch.qos.logback.classic.util.DefaultJoranConfigurator@611f8234 - Resource [logback.xml] occurs at [file:/home/runner/work/key/key/key.ui/build/resources/main/logback.xml]
10:25:26,139 |-INFO in ch.qos.logback.core.model.processor.AppenderModelHandler - Processing appender named [STDOUT]
10:25:26,141 |-INFO in ch.qos.logback.core.model.processor.AppenderModelHandler - About to instantiate appender of type [ch.qos.logback.core.ConsoleAppender]
10:25:26,164 |-WARN in ch.qos.logback.core.model.processor.ImplicitModelHandler - Ignoring unknown property [file] in [ch.qos.logback.core.ConsoleAppender]
10:25:26,164 |-WARN in ch.qos.logback.core.model.processor.ImplicitModelHandler - Ignoring unknown property [append] in [ch.qos.logback.core.ConsoleAppender]
10:25:26,165 |-INFO in ch.qos.logback.core.model.processor.ImplicitModelHandler - Assuming default type [ch.qos.logback.classic.encoder.PatternLayoutEncoder] for [encoder] property
10:25:26,184 |-INFO in ch.qos.logback.classic.model.processor.RootLoggerModelHandler - Setting level of ROOT logger to WARN
10:25:26,198 |-INFO in ch.qos.logback.core.model.processor.AppenderRefModelHandler - Attaching appender named [STDOUT] to Logger[ROOT]
10:25:26,199 |-INFO in ch.qos.logback.core.model.processor.DefaultProcessor@7bb3a9fe - End of configuration.
10:25:26,200 |-INFO in ch.qos.logback.classic.joran.JoranConfigurator@7cbee484 - Registering current configuration as safe fallback point

]]></system-out>
  <system-err><![CDATA[]]></system-err>
</testsuite>
