<?xml version="1.0" encoding="UTF-8"?>
<testsuite name="de.uka.ilkd.key.proof.runallproofs.RunAllProofsFunctional" tests="34" skipped="0" failures="0" errors="0" timestamp="2023-06-05T21:02:25" hostname="fv-az445-87" time="5194.603">
  <properties/>
  <testcase name="newBook" classname="de.uka.ilkd.key.proof.runallproofs.RunAllProofsFunctional" time="60.281"/>
  <testcase name="oldBook" classname="de.uka.ilkd.key.proof.runallproofs.RunAllProofsFunctional" time="16.648"/>
  <testcase name="comprehensions" classname="de.uka.ilkd.key.proof.runallproofs.RunAllProofsFunctional" time="65.374"/>
  <testcase name="performance" classname="de.uka.ilkd.key.proof.runallproofs.RunAllProofsFunctional" time="223.859"/>
  <testcase name="performancePOConstruction" classname="de.uka.ilkd.key.proof.runallproofs.RunAllProofsFunctional" time="74.298"/>
  <testcase name="applicationRestrictions" classname="de.uka.ilkd.key.proof.runallproofs.RunAllProofsFunctional" time="50.254"/>
  <testcase name="blockContracts" classname="de.uka.ilkd.key.proof.runallproofs.RunAllProofsFunctional" time="137.767"/>
  <testcase name="jmlAsserts" classname="de.uka.ilkd.key.proof.runallproofs.RunAllProofsFunctional" time="88.139"/>
  <testcase name="javaCard" classname="de.uka.ilkd.key.proof.runallproofs.RunAllProofsFunctional" time="127.824"/>
  <testcase name="list" classname="de.uka.ilkd.key.proof.runallproofs.RunAllProofsFunctional" time="259.967"/>
  <testcase name="list_ghost" classname="de.uka.ilkd.key.proof.runallproofs.RunAllProofsFunctional" time="66.054"/>
  <testcase name="list_recursive" classname="de.uka.ilkd.key.proof.runallproofs.RunAllProofsFunctional" time="22.77"/>
  <testcase name="list_seq" classname="de.uka.ilkd.key.proof.runallproofs.RunAllProofsFunctional" time="155.946"/>
  <testcase name="observer" classname="de.uka.ilkd.key.proof.runallproofs.RunAllProofsFunctional" time="94.825"/>
  <testcase name="removeDups" classname="de.uka.ilkd.key.proof.runallproofs.RunAllProofsFunctional" time="129.63"/>
  <testcase name="quicksort" classname="de.uka.ilkd.key.proof.runallproofs.RunAllProofsFunctional" time="106.418"/>
  <testcase name="simpleTests" classname="de.uka.ilkd.key.proof.runallproofs.RunAllProofsFunctional" time="159.397"/>
  <testcase name="SmansEtAl" classname="de.uka.ilkd.key.proof.runallproofs.RunAllProofsFunctional" time="194.75"/>
  <testcase name="VACID0" classname="de.uka.ilkd.key.proof.runallproofs.RunAllProofsFunctional" time="76.971"/>
  <testcase name="VSTTE10" classname="de.uka.ilkd.key.proof.runallproofs.RunAllProofsFunctional" time="177.975"/>
  <testcase name="WeideEtAl" classname="de.uka.ilkd.key.proof.runallproofs.RunAllProofsFunctional" time="29.369"/>
  <testcase name="arithmetic" classname="de.uka.ilkd.key.proof.runallproofs.RunAllProofsFunctional" time="480.011"/>
  <testcase name="arrays" classname="de.uka.ilkd.key.proof.runallproofs.RunAllProofsFunctional" time="54.796"/>
  <testcase name="javadl" classname="de.uka.ilkd.key.proof.runallproofs.RunAllProofsFunctional" time="605.059"/>
  <testcase name="FOL" classname="de.uka.ilkd.key.proof.runallproofs.RunAllProofsFunctional" time="291.089"/>
  <testcase name="strings" classname="de.uka.ilkd.key.proof.runallproofs.RunAllProofsFunctional" time="147.447"/>
  <testcase name="simple_info_flow" classname="de.uka.ilkd.key.proof.runallproofs.RunAllProofsFunctional" time="13.471"/>
  <testcase name="modelMethods" classname="de.uka.ilkd.key.proof.runallproofs.RunAllProofsFunctional" time="175.167"/>
  <testcase name="permissionHeap" classname="de.uka.ilkd.key.proof.runallproofs.RunAllProofsFunctional" time="808.915"/>
  <testcase name="completionScopes" classname="de.uka.ilkd.key.proof.runallproofs.RunAllProofsFunctional" time="52.86"/>
  <testcase name="reload_examples" classname="de.uka.ilkd.key.proof.runallproofs.RunAllProofsFunctional" time="41.411"/>
  <testcase name="proofLoadRepair" classname="de.uka.ilkd.key.proof.runallproofs.RunAllProofsFunctional" time="18.57"/>
  <testcase name="switch" classname="de.uka.ilkd.key.proof.runallproofs.RunAllProofsFunctional" time="62.083"/>
  <testcase name="redux" classname="de.uka.ilkd.key.proof.runallproofs.RunAllProofsFunctional" time="125.197"/>
  <system-out><![CDATA[292        INFO  Test worker     d.u.i.k.p.r.RunAllProofsTestUnit Running test newBook 
342        INFO  Timeout watchdog d.u.i.k.p.r.p.ForkedTestFileRunner Timeout watcher launched (2000 secs.) 
355        WARN  main            d.u.i.k.s.ProofSettings   No proof-settings could be loaded, using defaults java.io.FileNotFoundException: /home/runner/.key/proof-settings.props (No such file or directory)
	at java.base/java.io.FileInputStream.open0(Native Method)

384        INFO  main            d.u.i.k.p.r.p.TestFile    Now processing file /home/runner/work/key/key/key.core/../key.ui/examples/newBook/09.list_modelfield/ArrayList.add.key 
536        INFO  main            d.u.i.k.p.i.AbstractProblemLoader Loading environment from /home/runner/work/key/key/key.core/../key.ui/examples/newBook/09.list_modelfield/ArrayList.add.key 
559        DEBUG main            d.u.i.k.p.i.AbstractProblemLoader Environment load took 3.95ms 
803        INFO  main            d.u.i.k.p.i.AbstractProblemLoader Creating init config 
1634       DEBUG main            d.u.i.k.j.TypeConverter   No LDT found for Meta 
1635       DEBUG main            d.u.i.k.j.TypeConverter   No LDT found for Meta 
1636       DEBUG main            d.u.i.k.j.TypeConverter   No LDT found for Meta 
1636       DEBUG main            d.u.i.k.j.TypeConverter   No LDT found for Meta 
2839       DEBUG main            d.u.i.k.j.TypeConverter   No LDT found for JavaBigintExpression 
8277       DEBUG main            d.u.i.k.p.i.AbstractProblemLoader Init config took 7.47s 
8460       INFO  main            d.u.i.k.p.i.AbstractProblemLoader Replaying proof ArrayList[List::add(int)].JML normal_behavior operation contract.0 
8494       DEBUG main            d.u.i.k.p.i.IntermediateProofReplayer Proof replay took 33ns 
24710      INFO  main            d.u.i.k.p.r.p.TestFile    ... finished proof: closed. 
24934      INFO  main            d.u.i.k.p.i.AbstractProblemLoader Loading environment from /home/runner/work/key/key/key.core/../key.ui/examples/newBook/09.list_modelfield/ArrayList.add.key.proof 
24934      DEBUG main            d.u.i.k.p.i.AbstractProblemLoader Environment load took 555.91ns 
24940      INFO  main            d.u.i.k.p.i.AbstractProblemLoader Creating init config 
28005      DEBUG main            d.u.i.k.p.i.AbstractProblemLoader Init config took 3.06s 
28091      INFO  main            d.u.i.k.p.i.AbstractProblemLoader Replaying proof ArrayList[List::add(int)].JML normal_behavior operation contract.0 
28928      DEBUG main            d.u.i.k.p.i.IntermediateProofReplayer Proof replay took 775.46ms 
28943      DEBUG main            d.u.i.k.p.r.p.TestFile    ... success: reloaded. 
28946      INFO  main            d.u.i.k.p.r.p.TestFile    Now processing file /home/runner/work/key/key/key.core/../key.ui/examples/newBook/09.list_modelfield/ArrayList.remFirst.key 
28946      INFO  main            d.u.i.k.p.i.AbstractProblemLoader Loading environment from /home/runner/work/key/key/key.core/../key.ui/examples/newBook/09.list_modelfield/ArrayList.remFirst.key 
28946      DEBUG main            d.u.i.k.p.i.AbstractProblemLoader Environment load took 79.2ns 
28950      INFO  main            d.u.i.k.p.i.AbstractProblemLoader Creating init config 
31912      DEBUG main            d.u.i.k.p.i.AbstractProblemLoader Init config took 2.96s 
31983      INFO  main            d.u.i.k.p.i.AbstractProblemLoader Replaying proof ArrayList[List::remFirst()].JML normal_behavior operation contract.0 
31985      DEBUG main            d.u.i.k.p.i.IntermediateProofReplayer Proof replay took 5.1ns 
35870      INFO  main            d.u.i.k.p.r.p.TestFile    ... finished proof: closed. 
36053      INFO  main            d.u.i.k.p.i.AbstractProblemLoader Loading environment from /home/runner/work/key/key/key.core/../key.ui/examples/newBook/09.list_modelfield/ArrayList.remFirst.key.proof 
36053      DEBUG main            d.u.i.k.p.i.AbstractProblemLoader Environment load took 139.7ns 
36057      INFO  main            d.u.i.k.p.i.AbstractProblemLoader Creating init config 
39014      DEBUG main            d.u.i.k.p.i.AbstractProblemLoader Init config took 2.96s 
39076      INFO  main            d.u.i.k.p.i.AbstractProblemLoader Replaying proof ArrayList[List::remFirst()].JML normal_behavior operation contract.0 
39460      DEBUG main            d.u.i.k.p.i.IntermediateProofReplayer Proof replay took 368.35ms 
39466      DEBUG main            d.u.i.k.p.r.p.TestFile    ... success: reloaded. 
39467      INFO  main            d.u.i.k.p.r.p.TestFile    Now processing file /home/runner/work/key/key/key.core/../key.ui/examples/newBook/09.list_modelfield/ArrayList.empty.key 
39467      INFO  main            d.u.i.k.p.i.AbstractProblemLoader Loading environment from /home/runner/work/key/key/key.core/../key.ui/examples/newBook/09.list_modelfield/ArrayList.empty.key 
39467      DEBUG main            d.u.i.k.p.i.AbstractProblemLoader Environment load took 77.2ns 
39468      INFO  main            d.u.i.k.p.i.AbstractProblemLoader Creating init config 
42407      DEBUG main            d.u.i.k.p.i.AbstractProblemLoader Init config took 2.94s 
42474      INFO  main            d.u.i.k.p.i.AbstractProblemLoader Replaying proof ArrayList[List::empty()].JML normal_behavior operation contract.0 
42476      DEBUG main            d.u.i.k.p.i.IntermediateProofReplayer Proof replay took 5.3ns 
43480      INFO  main            d.u.i.k.p.r.p.TestFile    ... finished proof: closed. 
43635      INFO  main            d.u.i.k.p.i.AbstractProblemLoader Loading environment from /home/runner/work/key/key/key.core/../key.ui/examples/newBook/09.list_modelfield/ArrayList.empty.key.proof 
43635      DEBUG main            d.u.i.k.p.i.AbstractProblemLoader Environment load took 135.3ns 
43637      INFO  main            d.u.i.k.p.i.AbstractProblemLoader Creating init config 
46476      DEBUG main            d.u.i.k.p.i.AbstractProblemLoader Init config took 2.84s 
46554      INFO  main            d.u.i.k.p.i.AbstractProblemLoader Replaying proof ArrayList[List::empty()].JML normal_behavior operation contract.0 
46653      DEBUG main            d.u.i.k.p.i.IntermediateProofReplayer Proof replay took 90.61ms 
46654      DEBUG main            d.u.i.k.p.r.p.TestFile    ... success: reloaded. 
46656      INFO  main            d.u.i.k.p.r.p.TestFile    Now processing file /home/runner/work/key/key/key.core/../key.ui/examples/newBook/09.list_modelfield/ArrayList.size.key 
46657      INFO  main            d.u.i.k.p.i.AbstractProblemLoader Loading environment from /home/runner/work/key/key/key.core/../key.ui/examples/newBook/09.list_modelfield/ArrayList.size.key 
46657      DEBUG main            d.u.i.k.p.i.AbstractProblemLoader Environment load took 98.9ns 
46658      INFO  main            d.u.i.k.p.i.AbstractProblemLoader Creating init config 
49536      DEBUG main            d.u.i.k.p.i.AbstractProblemLoader Init config took 2.88s 
49583      INFO  main            d.u.i.k.p.i.AbstractProblemLoader Replaying proof ArrayList[List::size()].JML normal_behavior operation contract.0 
49585      DEBUG main            d.u.i.k.p.i.IntermediateProofReplayer Proof replay took 5.5ns 
49989      INFO  main            d.u.i.k.p.r.p.TestFile    ... finished proof: closed. 
50152      INFO  main            d.u.i.k.p.i.AbstractProblemLoader Loading environment from /home/runner/work/key/key/key.core/../key.ui/examples/newBook/09.list_modelfield/ArrayList.size.key.proof 
50152      DEBUG main            d.u.i.k.p.i.AbstractProblemLoader Environment load took 132.5ns 
50153      INFO  main            d.u.i.k.p.i.AbstractProblemLoader Creating init config 
52964      DEBUG main            d.u.i.k.p.i.AbstractProblemLoader Init config took 2.81s 
53023      INFO  main            d.u.i.k.p.i.AbstractProblemLoader Replaying proof ArrayList[List::size()].JML normal_behavior operation contract.0 
53056      DEBUG main            d.u.i.k.p.i.IntermediateProofReplayer Proof replay took 30.3ms 
53057      DEBUG main            d.u.i.k.p.r.p.TestFile    ... success: reloaded. 
53058      INFO  main            d.u.i.k.p.r.p.TestFile    Now processing file /home/runner/work/key/key/key.core/../key.ui/examples/newBook/09.list_modelfield/ArrayList.get.key 
53058      INFO  main            d.u.i.k.p.i.AbstractProblemLoader Loading environment from /home/runner/work/key/key/key.core/../key.ui/examples/newBook/09.list_modelfield/ArrayList.get.key 
53058      DEBUG main            d.u.i.k.p.i.AbstractProblemLoader Environment load took 60.3ns 
53059      INFO  main            d.u.i.k.p.i.AbstractProblemLoader Creating init config 
55904      DEBUG main            d.u.i.k.p.i.AbstractProblemLoader Init config took 2.84s 
55962      INFO  main            d.u.i.k.p.i.AbstractProblemLoader Replaying proof ArrayList[List::get(int)].JML normal_behavior operation contract.0 
55964      DEBUG main            d.u.i.k.p.i.IntermediateProofReplayer Proof replay took 5.8ns 
56998      INFO  main            d.u.i.k.p.r.p.TestFile    ... finished proof: closed. 
57153      INFO  main            d.u.i.k.p.i.AbstractProblemLoader Loading environment from /home/runner/work/key/key/key.core/../key.ui/examples/newBook/09.list_modelfield/ArrayList.get.key.proof 
57153      DEBUG main            d.u.i.k.p.i.AbstractProblemLoader Environment load took 132.9ns 
57154      INFO  main            d.u.i.k.p.i.AbstractProblemLoader Creating init config 
59979      DEBUG main            d.u.i.k.p.i.AbstractProblemLoader Init config took 2.82s 
60024      INFO  main            d.u.i.k.p.i.AbstractProblemLoader Replaying proof ArrayList[List::get(int)].JML normal_behavior operation contract.0 
60084      DEBUG main            d.u.i.k.p.i.IntermediateProofReplayer Proof replay took 55.56ms 
60085      DEBUG main            d.u.i.k.p.r.p.TestFile    ... success: reloaded. 
60568      INFO  Test worker     d.u.i.k.p.r.RunAllProofsTestUnit Returning from test newBook 
60572      INFO  Test worker     d.u.i.k.p.r.RunAllProofsTestUnit Running test oldBook 
358        INFO  Timeout watchdog d.u.i.k.p.r.p.ForkedTestFileRunner Timeout watcher launched (2000 secs.) 
358        WARN  main            d.u.i.k.s.ProofSettings   The settings in /home/runner/.key/proof-settings.props are *not* read. 
389        INFO  main            d.u.i.k.p.r.p.TestFile    Now processing file /home/runner/work/key/key/key.core/../key.ui/examples/standard_key/BookExamples/02FirstOrderLogic/Ex2.58.key 
528        INFO  main            d.u.i.k.p.i.AbstractProblemLoader Loading environment from /home/runner/work/key/key/key.core/../key.ui/examples/standard_key/BookExamples/02FirstOrderLogic/Ex2.58.key 
545        DEBUG main            d.u.i.k.p.i.AbstractProblemLoader Environment load took 2.63ms 
781        INFO  main            d.u.i.k.p.i.AbstractProblemLoader Creating init config 
1637       DEBUG main            d.u.i.k.j.TypeConverter   No LDT found for Meta 
1637       DEBUG main            d.u.i.k.j.TypeConverter   No LDT found for Meta 
1640       DEBUG main            d.u.i.k.j.TypeConverter   No LDT found for Meta 
1641       DEBUG main            d.u.i.k.j.TypeConverter   No LDT found for Meta 
3041       DEBUG main            d.u.i.k.j.TypeConverter   No LDT found for JavaBigintExpression 
7782       DEBUG main            d.u.i.k.p.i.AbstractProblemLoader Init config took 7s 
7841       INFO  main            d.u.i.k.p.i.AbstractProblemLoader Replaying proof Ex2.58.key 
7874       DEBUG main            d.u.i.k.p.i.IntermediateProofReplayer Proof replay took 34.3ns 
8058       INFO  main            d.u.i.k.p.r.p.TestFile    ... finished proof: closed. 
8159       INFO  main            d.u.i.k.p.i.AbstractProblemLoader Loading environment from /home/runner/work/key/key/key.core/../key.ui/examples/standard_key/BookExamples/02FirstOrderLogic/Ex2.58.key.proof 
8159       DEBUG main            d.u.i.k.p.i.AbstractProblemLoader Environment load took 167.8ns 
8163       INFO  main            d.u.i.k.p.i.AbstractProblemLoader Creating init config 
10817      DEBUG main            d.u.i.k.p.i.AbstractProblemLoader Init config took 2.65s 
10860      INFO  main            d.u.i.k.p.i.AbstractProblemLoader Replaying proof Ex2.58.key.proof 
10866      DEBUG main            d.u.i.k.p.i.IntermediateProofReplayer Proof replay took 2.6ms 
10876      DEBUG main            d.u.i.k.p.r.p.TestFile    ... success: reloaded. 
10877      INFO  main            d.u.i.k.p.r.p.TestFile    Now processing file /home/runner/work/key/key/key.core/../key.ui/examples/standard_key/BookExamples/03DynamicLogic/Sect3.3.1.key 
10877      INFO  main            d.u.i.k.p.i.AbstractProblemLoader Loading environment from /home/runner/work/key/key/key.core/../key.ui/examples/standard_key/BookExamples/03DynamicLogic/Sect3.3.1.key 
10877      DEBUG main            d.u.i.k.p.i.AbstractProblemLoader Environment load took 114ns 
10879      INFO  main            d.u.i.k.p.i.AbstractProblemLoader Creating init config 
13350      DEBUG main            d.u.i.k.p.i.AbstractProblemLoader Init config took 2.47s 
13393      INFO  main            d.u.i.k.p.i.AbstractProblemLoader Replaying proof Sect3.3.1.key 
13399      DEBUG main            d.u.i.k.p.i.IntermediateProofReplayer Proof replay took 7.7ns 
13808      INFO  main            d.u.i.k.p.r.p.TestFile    ... finished proof: closed. 
13953      INFO  main            d.u.i.k.p.i.AbstractProblemLoader Loading environment from /home/runner/work/key/key/key.core/../key.ui/examples/standard_key/BookExamples/03DynamicLogic/Sect3.3.1.key.proof 
13955      DEBUG main            d.u.i.k.p.i.AbstractProblemLoader Environment load took 1.58ms 
13956      INFO  main            d.u.i.k.p.i.AbstractProblemLoader Creating init config 
16387      DEBUG main            d.u.i.k.p.i.AbstractProblemLoader Init config took 2.43s 
16411      INFO  main            d.u.i.k.p.i.AbstractProblemLoader Replaying proof Sect3.3.1.key.proof 
16458      DEBUG main            d.u.i.k.p.i.IntermediateProofReplayer Proof replay took 42.17ms 
16459      DEBUG main            d.u.i.k.p.r.p.TestFile    ... success: reloaded. 
77218      INFO  Test worker     d.u.i.k.p.r.RunAllProofsTestUnit Returning from test oldBook 
77224      INFO  Test worker     d.u.i.k.p.r.RunAllProofsTestUnit Running test comprehensions 
405        INFO  Timeout watchdog d.u.i.k.p.r.p.ForkedTestFileRunner Timeout watcher launched (2000 secs.) 
421        WARN  main            d.u.i.k.s.ProofSettings   The settings in /home/runner/.key/proof-settings.props are *not* read. 
465        INFO  main            d.u.i.k.p.r.p.TestFile    Now processing file /home/runner/work/key/key/key.core/../key.ui/examples/heap/comprehensions/general_sum.key 
593        INFO  main            d.u.i.k.p.i.AbstractProblemLoader Loading environment from /home/runner/work/key/key/key.core/../key.ui/examples/heap/comprehensions/general_sum.key 
611        DEBUG main            d.u.i.k.p.i.AbstractProblemLoader Environment load took 3.27ms 
819        INFO  main            d.u.i.k.p.i.AbstractProblemLoader Creating init config 
1677       DEBUG main            d.u.i.k.j.TypeConverter   No LDT found for Meta 
1678       DEBUG main            d.u.i.k.j.TypeConverter   No LDT found for Meta 
1679       DEBUG main            d.u.i.k.j.TypeConverter   No LDT found for Meta 
1679       DEBUG main            d.u.i.k.j.TypeConverter   No LDT found for Meta 
3043       DEBUG main            d.u.i.k.j.TypeConverter   No LDT found for JavaBigintExpression 
8098       DEBUG main            d.u.i.k.p.i.AbstractProblemLoader Init config took 7.28s 
8268       INFO  main            d.u.i.k.p.i.AbstractProblemLoader Replaying proof GSum[GSum::doNothing()].JML operation contract.0 
8300       DEBUG main            d.u.i.k.p.i.IntermediateProofReplayer Proof replay took 33.7ns 
8677       INFO  main            d.u.i.k.p.r.p.TestFile    ... finished proof: closed. 
8786       INFO  main            d.u.i.k.p.i.AbstractProblemLoader Loading environment from /home/runner/work/key/key/key.core/../key.ui/examples/heap/comprehensions/general_sum.key.proof 
8786       DEBUG main            d.u.i.k.p.i.AbstractProblemLoader Environment load took 152.7ns 
8788       INFO  main            d.u.i.k.p.i.AbstractProblemLoader Creating init config 
11640      DEBUG main            d.u.i.k.p.i.AbstractProblemLoader Init config took 2.85s 
11724      INFO  main            d.u.i.k.p.i.AbstractProblemLoader Replaying proof GSum[GSum::doNothing()].JML operation contract.0 
11739      DEBUG main            d.u.i.k.p.i.IntermediateProofReplayer Proof replay took 10.56ms 
11746      DEBUG main            d.u.i.k.p.r.p.TestFile    ... success: reloaded. 
11749      INFO  main            d.u.i.k.p.r.p.TestFile    Now processing file /home/runner/work/key/key/key.core/../key.ui/examples/heap/comprehensions/sum0.key 
11749      INFO  main            d.u.i.k.p.i.AbstractProblemLoader Loading environment from /home/runner/work/key/key/key.core/../key.ui/examples/heap/comprehensions/sum0.key 
11750      DEBUG main            d.u.i.k.p.i.AbstractProblemLoader Environment load took 368.3ns 
11754      INFO  main            d.u.i.k.p.i.AbstractProblemLoader Creating init config 
14541      DEBUG main            d.u.i.k.p.i.AbstractProblemLoader Init config took 2.79s 
14598      INFO  main            d.u.i.k.p.i.AbstractProblemLoader Replaying proof Sum[Sum::sum0([I)].JML normal_behavior operation contract.0 
14601      DEBUG main            d.u.i.k.p.i.IntermediateProofReplayer Proof replay took 11.4ns 
14694      DEBUG Thread-4        d.u.i.k.l.l.OriginTermLabel commonFileName is null! 
14694      DEBUG Thread-4        d.u.i.k.l.l.OriginTermLabel commonFileName is null! 
14937      DEBUG Thread-4        d.u.i.k.l.l.OriginTermLabel commonFileName is null! 
14938      DEBUG Thread-4        d.u.i.k.l.l.OriginTermLabel commonFileName is null! 
15164      DEBUG Thread-4        d.u.i.k.l.l.OriginTermLabel commonFileName is null! 
15413      INFO  main            d.u.i.k.p.r.p.TestFile    ... finished proof: closed. 
15600      INFO  main            d.u.i.k.p.i.AbstractProblemLoader Loading environment from /home/runner/work/key/key/key.core/../key.ui/examples/heap/comprehensions/sum0.key.proof 
15600      DEBUG main            d.u.i.k.p.i.AbstractProblemLoader Environment load took 135.8ns 
15605      INFO  main            d.u.i.k.p.i.AbstractProblemLoader Creating init config 
18263      DEBUG main            d.u.i.k.p.i.AbstractProblemLoader Init config took 2.66s 
18313      INFO  main            d.u.i.k.p.i.AbstractProblemLoader Replaying proof Sum[Sum::sum0([I)].JML normal_behavior operation contract.0 
18343      DEBUG main            d.u.i.k.l.l.OriginTermLabel commonFileName is null! 
18343      DEBUG main            d.u.i.k.l.l.OriginTermLabel commonFileName is null! 
18381      DEBUG main            d.u.i.k.l.l.OriginTermLabel commonFileName is null! 
18406      DEBUG main            d.u.i.k.l.l.OriginTermLabel commonFileName is null! 
18407      DEBUG main            d.u.i.k.l.l.OriginTermLabel commonFileName is null! 
18410      DEBUG main            d.u.i.k.p.i.IntermediateProofReplayer Proof replay took 90.81ms 
18411      DEBUG main            d.u.i.k.p.r.p.TestFile    ... success: reloaded. 
18413      INFO  main            d.u.i.k.p.r.p.TestFile    Now processing file /home/runner/work/key/key/key.core/../key.ui/examples/heap/comprehensions/sum1.key 
18413      INFO  main            d.u.i.k.p.i.AbstractProblemLoader Loading environment from /home/runner/work/key/key/key.core/../key.ui/examples/heap/comprehensions/sum1.key 
18414      DEBUG main            d.u.i.k.p.i.AbstractProblemLoader Environment load took 347.2ns 
18415      INFO  main            d.u.i.k.p.i.AbstractProblemLoader Creating init config 
21041      DEBUG main            d.u.i.k.p.i.AbstractProblemLoader Init config took 2.63s 
21087      INFO  main            d.u.i.k.p.i.AbstractProblemLoader Replaying proof Sum[Sum::sum1([I)].JML normal_behavior operation contract.0 
21088      DEBUG main            d.u.i.k.p.i.IntermediateProofReplayer Proof replay took 6ns 
21143      DEBUG Thread-7        d.u.i.k.l.l.OriginTermLabel commonFileName is null! 
21143      DEBUG Thread-7        d.u.i.k.l.l.OriginTermLabel commonFileName is null! 
21288      DEBUG Thread-7        d.u.i.k.l.l.OriginTermLabel commonFileName is null! 
21289      DEBUG Thread-7        d.u.i.k.l.l.OriginTermLabel commonFileName is null! 
21420      DEBUG Thread-7        d.u.i.k.l.l.OriginTermLabel commonFileName is null! 
21592      INFO  main            d.u.i.k.p.r.p.TestFile    ... finished proof: closed. 
21840      INFO  main            d.u.i.k.p.i.AbstractProblemLoader Loading environment from /home/runner/work/key/key/key.core/../key.ui/examples/heap/comprehensions/sum1.key.proof 
21841      DEBUG main            d.u.i.k.p.i.AbstractProblemLoader Environment load took 739.81ns 
21842      INFO  main            d.u.i.k.p.i.AbstractProblemLoader Creating init config 
24406      DEBUG main            d.u.i.k.p.i.AbstractProblemLoader Init config took 2.56s 
24473      INFO  main            d.u.i.k.p.i.AbstractProblemLoader Replaying proof Sum[Sum::sum1([I)].JML normal_behavior operation contract.0 
24512      DEBUG main            d.u.i.k.l.l.OriginTermLabel commonFileName is null! 
24513      DEBUG main            d.u.i.k.l.l.OriginTermLabel commonFileName is null! 
24550      DEBUG main            d.u.i.k.l.l.OriginTermLabel commonFileName is null! 
24574      DEBUG main            d.u.i.k.l.l.OriginTermLabel commonFileName is null! 
24575      DEBUG main            d.u.i.k.l.l.OriginTermLabel commonFileName is null! 
24578      DEBUG main            d.u.i.k.p.i.IntermediateProofReplayer Proof replay took 94.82ms 
24579      DEBUG main            d.u.i.k.p.r.p.TestFile    ... success: reloaded. 
24580      INFO  main            d.u.i.k.p.r.p.TestFile    Now processing file /home/runner/work/key/key/key.core/../key.ui/examples/heap/comprehensions/sum2.key 
24581      INFO  main            d.u.i.k.p.i.AbstractProblemLoader Loading environment from /home/runner/work/key/key/key.core/../key.ui/examples/heap/comprehensions/sum2.key 
24582      DEBUG main            d.u.i.k.p.i.AbstractProblemLoader Environment load took 1.27ms 
24583      INFO  main            d.u.i.k.p.i.AbstractProblemLoader Creating init config 
27191      DEBUG main            d.u.i.k.p.i.AbstractProblemLoader Init config took 2.61s 
27245      INFO  main            d.u.i.k.p.i.AbstractProblemLoader Replaying proof Sum[Sum::sum2([I)].JML normal_behavior operation contract.0 
27247      DEBUG main            d.u.i.k.p.i.IntermediateProofReplayer Proof replay took 6.3ns 
27290      DEBUG Thread-10       d.u.i.k.l.l.OriginTermLabel commonFileName is null! 
27290      DEBUG Thread-10       d.u.i.k.l.l.OriginTermLabel commonFileName is null! 
27392      DEBUG Thread-10       d.u.i.k.l.l.OriginTermLabel commonFileName is null! 
27392      DEBUG Thread-10       d.u.i.k.l.l.OriginTermLabel commonFileName is null! 
27468      DEBUG Thread-10       d.u.i.k.l.l.OriginTermLabel commonFileName is null! 
27650      INFO  main            d.u.i.k.p.r.p.TestFile    ... finished proof: closed. 
27838      INFO  main            d.u.i.k.p.i.AbstractProblemLoader Loading environment from /home/runner/work/key/key/key.core/../key.ui/examples/heap/comprehensions/sum2.key.proof 
27838      DEBUG main            d.u.i.k.p.i.AbstractProblemLoader Environment load took 125.8ns 
27839      INFO  main            d.u.i.k.p.i.AbstractProblemLoader Creating init config 
30474      DEBUG main            d.u.i.k.p.i.AbstractProblemLoader Init config took 2.64s 
30531      INFO  main            d.u.i.k.p.i.AbstractProblemLoader Replaying proof Sum[Sum::sum2([I)].JML normal_behavior operation contract.0 
30564      DEBUG main            d.u.i.k.l.l.OriginTermLabel commonFileName is null! 
30564      DEBUG main            d.u.i.k.l.l.OriginTermLabel commonFileName is null! 
30591      DEBUG main            d.u.i.k.l.l.OriginTermLabel commonFileName is null! 
30613      DEBUG main            d.u.i.k.l.l.OriginTermLabel commonFileName is null! 
30614      DEBUG main            d.u.i.k.l.l.OriginTermLabel commonFileName is null! 
30616      DEBUG main            d.u.i.k.p.i.IntermediateProofReplayer Proof replay took 76.7ms 
30617      DEBUG main            d.u.i.k.p.r.p.TestFile    ... success: reloaded. 
30619      INFO  main            d.u.i.k.p.r.p.TestFile    Now processing file /home/runner/work/key/key/key.core/../key.ui/examples/heap/comprehensions/sum3.key 
30619      INFO  main            d.u.i.k.p.i.AbstractProblemLoader Loading environment from /home/runner/work/key/key/key.core/../key.ui/examples/heap/comprehensions/sum3.key 
30619      DEBUG main            d.u.i.k.p.i.AbstractProblemLoader Environment load took 135.3ns 
30620      INFO  main            d.u.i.k.p.i.AbstractProblemLoader Creating init config 
33212      DEBUG main            d.u.i.k.p.i.AbstractProblemLoader Init config took 2.59s 
33253      INFO  main            d.u.i.k.p.i.AbstractProblemLoader Replaying proof Sum[Sum::sum3([I)].JML normal_behavior operation contract.0 
33254      DEBUG main            d.u.i.k.p.i.IntermediateProofReplayer Proof replay took 6.8ns 
33319      DEBUG Thread-13       d.u.i.k.l.l.OriginTermLabel commonFileName is null! 
33319      DEBUG Thread-13       d.u.i.k.l.l.OriginTermLabel commonFileName is null! 
33424      DEBUG Thread-13       d.u.i.k.l.l.OriginTermLabel commonFileName is null! 
33424      DEBUG Thread-13       d.u.i.k.l.l.OriginTermLabel commonFileName is null! 
33501      DEBUG Thread-13       d.u.i.k.l.l.OriginTermLabel commonFileName is null! 
33657      INFO  main            d.u.i.k.p.r.p.TestFile    ... finished proof: closed. 
33828      INFO  main            d.u.i.k.p.i.AbstractProblemLoader Loading environment from /home/runner/work/key/key/key.core/../key.ui/examples/heap/comprehensions/sum3.key.proof 
33830      DEBUG main            d.u.i.k.p.i.AbstractProblemLoader Environment load took 1.46ms 
33831      INFO  main            d.u.i.k.p.i.AbstractProblemLoader Creating init config 
36379      DEBUG main            d.u.i.k.p.i.AbstractProblemLoader Init config took 2.55s 
36420      INFO  main            d.u.i.k.p.i.AbstractProblemLoader Replaying proof Sum[Sum::sum3([I)].JML normal_behavior operation contract.0 
36445      DEBUG main            d.u.i.k.l.l.OriginTermLabel commonFileName is null! 
36447      DEBUG main            d.u.i.k.l.l.OriginTermLabel commonFileName is null! 
36472      DEBUG main            d.u.i.k.l.l.OriginTermLabel commonFileName is null! 
36491      DEBUG main            d.u.i.k.l.l.OriginTermLabel commonFileName is null! 
36493      DEBUG main            d.u.i.k.l.l.OriginTermLabel commonFileName is null! 
36495      DEBUG main            d.u.i.k.p.i.IntermediateProofReplayer Proof replay took 71.46ms 
36497      DEBUG main            d.u.i.k.p.r.p.TestFile    ... success: reloaded. 
36499      INFO  main            d.u.i.k.p.r.p.TestFile    Now processing file /home/runner/work/key/key/key.core/../key.ui/examples/heap/comprehensions/segsum.key 
36499      INFO  main            d.u.i.k.p.i.AbstractProblemLoader Loading environment from /home/runner/work/key/key/key.core/../key.ui/examples/heap/comprehensions/segsum.key 
36501      DEBUG main            d.u.i.k.p.i.AbstractProblemLoader Environment load took 1.75ms 
36503      INFO  main            d.u.i.k.p.i.AbstractProblemLoader Creating init config 
39072      DEBUG main            d.u.i.k.p.i.AbstractProblemLoader Init config took 2.57s 
39134      INFO  main            d.u.i.k.p.i.AbstractProblemLoader Replaying proof SegSum[SegSum::segSum([I,int,int)].JML normal_behavior operation contract.0 
39138      DEBUG main            d.u.i.k.p.i.IntermediateProofReplayer Proof replay took 7.7ns 
39543      INFO  main            d.u.i.k.p.r.p.TestFile    ... finished proof: closed. 
39716      INFO  main            d.u.i.k.p.i.AbstractProblemLoader Loading environment from /home/runner/work/key/key/key.core/../key.ui/examples/heap/comprehensions/segsum.key.proof 
39721      DEBUG main            d.u.i.k.p.i.AbstractProblemLoader Environment load took 4.97ms 
39722      INFO  main            d.u.i.k.p.i.AbstractProblemLoader Creating init config 
42202      DEBUG main            d.u.i.k.p.i.AbstractProblemLoader Init config took 2.48s 
42242      INFO  main            d.u.i.k.p.i.AbstractProblemLoader Replaying proof SegSum[SegSum::segSum([I,int,int)].JML normal_behavior operation contract.0 
42305      DEBUG main            d.u.i.k.p.i.IntermediateProofReplayer Proof replay took 58.87ms 
42306      DEBUG main            d.u.i.k.p.r.p.TestFile    ... success: reloaded. 
42307      INFO  main            d.u.i.k.p.r.p.TestFile    Now processing file /home/runner/work/key/key/key.core/../key.ui/examples/heap/comprehensions/bsum_negative.key 
42308      INFO  main            d.u.i.k.p.i.AbstractProblemLoader Loading environment from /home/runner/work/key/key/key.core/../key.ui/examples/heap/comprehensions/bsum_negative.key 
42308      DEBUG main            d.u.i.k.p.i.AbstractProblemLoader Environment load took 317.3ns 
42311      INFO  main            d.u.i.k.p.i.AbstractProblemLoader Creating init config 
44720      DEBUG main            d.u.i.k.p.i.AbstractProblemLoader Init config took 2.41s 
44738      INFO  main            d.u.i.k.p.i.AbstractProblemLoader Replaying proof bsum_negative.key 
44740      DEBUG main            d.u.i.k.p.i.IntermediateProofReplayer Proof replay took 7.7ns 
44843      INFO  main            d.u.i.k.p.r.p.TestFile    ... finished proof: closed. 
45000      INFO  main            d.u.i.k.p.i.AbstractProblemLoader Loading environment from /home/runner/work/key/key/key.core/../key.ui/examples/heap/comprehensions/bsum_negative.key.proof 
45000      DEBUG main            d.u.i.k.p.i.AbstractProblemLoader Environment load took 122ns 
45001      INFO  main            d.u.i.k.p.i.AbstractProblemLoader Creating init config 
47334      DEBUG main            d.u.i.k.p.i.AbstractProblemLoader Init config took 2.33s 
47350      INFO  main            d.u.i.k.p.i.AbstractProblemLoader Replaying proof bsum_negative.key.proof 
47352      DEBUG main            d.u.i.k.p.i.IntermediateProofReplayer Proof replay took 1.04ms 
47353      DEBUG main            d.u.i.k.p.r.p.TestFile    ... success: reloaded. 
47354      INFO  main            d.u.i.k.p.r.p.TestFile    Now processing file /home/runner/work/key/key/key.core/../key.ui/examples/heap/comprehensions/bsum_neg2.key 
47354      INFO  main            d.u.i.k.p.i.AbstractProblemLoader Loading environment from /home/runner/work/key/key/key.core/../key.ui/examples/heap/comprehensions/bsum_neg2.key 
47354      DEBUG main            d.u.i.k.p.i.AbstractProblemLoader Environment load took 53.7ns 
47355      INFO  main            d.u.i.k.p.i.AbstractProblemLoader Creating init config 
49743      DEBUG main            d.u.i.k.p.i.AbstractProblemLoader Init config took 2.39s 
49759      INFO  main            d.u.i.k.p.i.AbstractProblemLoader Replaying proof bsum_neg2.key 
49760      DEBUG main            d.u.i.k.p.i.IntermediateProofReplayer Proof replay took 6.4ns 
49862      INFO  main            d.u.i.k.p.r.p.TestFile    ... finished proof: closed. 
50028      INFO  main            d.u.i.k.p.i.AbstractProblemLoader Loading environment from /home/runner/work/key/key/key.core/../key.ui/examples/heap/comprehensions/bsum_neg2.key.proof 
50028      DEBUG main            d.u.i.k.p.i.AbstractProblemLoader Environment load took 115.5ns 
50029      INFO  main            d.u.i.k.p.i.AbstractProblemLoader Creating init config 
52349      DEBUG main            d.u.i.k.p.i.AbstractProblemLoader Init config took 2.32s 
52364      INFO  main            d.u.i.k.p.i.AbstractProblemLoader Replaying proof bsum_neg2.key.proof 
52366      DEBUG main            d.u.i.k.p.i.IntermediateProofReplayer Proof replay took 619.3ns 
52367      DEBUG main            d.u.i.k.p.r.p.TestFile    ... success: reloaded. 
52368      INFO  main            d.u.i.k.p.r.p.TestFile    Now processing file /home/runner/work/key/key/key.core/../key.ui/examples/heap/comprehensions/bsumSplit.key 
52368      INFO  main            d.u.i.k.p.i.AbstractProblemLoader Loading environment from /home/runner/work/key/key/key.core/../key.ui/examples/heap/comprehensions/bsumSplit.key 
52368      DEBUG main            d.u.i.k.p.i.AbstractProblemLoader Environment load took 58.1ns 
52369      INFO  main            d.u.i.k.p.i.AbstractProblemLoader Creating init config 
54757      DEBUG main            d.u.i.k.p.i.AbstractProblemLoader Init config took 2.39s 
54788      INFO  main            d.u.i.k.p.i.AbstractProblemLoader Replaying proof bsumSplit.key 
54790      DEBUG main            d.u.i.k.p.i.IntermediateProofReplayer Proof replay took 6.2ns 
54894      INFO  main            d.u.i.k.p.r.p.TestFile    ... finished proof: closed. 
55076      INFO  main            d.u.i.k.p.i.AbstractProblemLoader Loading environment from /home/runner/work/key/key/key.core/../key.ui/examples/heap/comprehensions/bsumSplit.key.proof 
55076      DEBUG main            d.u.i.k.p.i.AbstractProblemLoader Environment load took 116.5ns 
55077      INFO  main            d.u.i.k.p.i.AbstractProblemLoader Creating init config 
57410      DEBUG main            d.u.i.k.p.i.AbstractProblemLoader Init config took 2.33s 
57425      INFO  main            d.u.i.k.p.i.AbstractProblemLoader Replaying proof bsumSplit.key.proof 
57433      DEBUG main            d.u.i.k.p.i.IntermediateProofReplayer Proof replay took 3.61ms 
57435      DEBUG main            d.u.i.k.p.r.p.TestFile    ... success: reloaded. 
57436      INFO  main            d.u.i.k.p.r.p.TestFile    Now processing file /home/runner/work/key/key/key.core/../key.ui/examples/heap/comprehensions/bprodSplit.key 
57436      INFO  main            d.u.i.k.p.i.AbstractProblemLoader Loading environment from /home/runner/work/key/key/key.core/../key.ui/examples/heap/comprehensions/bprodSplit.key 
57436      DEBUG main            d.u.i.k.p.i.AbstractProblemLoader Environment load took 120.9ns 
57437      INFO  main            d.u.i.k.p.i.AbstractProblemLoader Creating init config 
59838      DEBUG main            d.u.i.k.p.i.AbstractProblemLoader Init config took 2.4s 
59852      INFO  main            d.u.i.k.p.i.AbstractProblemLoader Replaying proof bprodSplit.key 
59853      DEBUG main            d.u.i.k.p.i.IntermediateProofReplayer Proof replay took 7.1ns 
59958      INFO  main            d.u.i.k.p.r.p.TestFile    ... finished proof: closed. 
60135      INFO  main            d.u.i.k.p.i.AbstractProblemLoader Loading environment from /home/runner/work/key/key/key.core/../key.ui/examples/heap/comprehensions/bprodSplit.key.proof 
60135      DEBUG main            d.u.i.k.p.i.AbstractProblemLoader Environment load took 116.2ns 
60137      INFO  main            d.u.i.k.p.i.AbstractProblemLoader Creating init config 
62470      DEBUG main            d.u.i.k.p.i.AbstractProblemLoader Init config took 2.33s 
62493      INFO  main            d.u.i.k.p.i.AbstractProblemLoader Replaying proof bprodSplit.key.proof 
62496      DEBUG main            d.u.i.k.p.i.IntermediateProofReplayer Proof replay took 1.53ms 
62497      DEBUG main            d.u.i.k.p.r.p.TestFile    ... success: reloaded. 
62498      INFO  main            d.u.i.k.p.r.p.TestFile    Now processing file /home/runner/work/key/key/key.core/../key.ui/examples/heap/comprehensions/bsumSplitInvalid.key 
62499      INFO  main            d.u.i.k.p.i.AbstractProblemLoader Loading environment from /home/runner/work/key/key/key.core/../key.ui/examples/heap/comprehensions/bsumSplitInvalid.key 
62500      DEBUG main            d.u.i.k.p.i.AbstractProblemLoader Environment load took 323.3ns 
62501      INFO  main            d.u.i.k.p.i.AbstractProblemLoader Creating init config 
64905      DEBUG main            d.u.i.k.p.i.AbstractProblemLoader Init config took 2.4s 
64920      INFO  main            d.u.i.k.p.i.AbstractProblemLoader Replaying proof bsumSplitInvalid.key 
64922      DEBUG main            d.u.i.k.p.i.IntermediateProofReplayer Proof replay took 8.2ns 
65025      INFO  main            d.u.i.k.p.r.p.TestFile    ... finished proof: open goal(s) 
142596     INFO  Test worker     d.u.i.k.p.r.RunAllProofsTestUnit Returning from test comprehensions 
142598     INFO  Test worker     d.u.i.k.p.r.RunAllProofsTestUnit Running test performance 
342        INFO  Timeout watchdog d.u.i.k.p.r.p.ForkedTestFileRunner Timeout watcher launched (2000 secs.) 
349        WARN  main            d.u.i.k.s.ProofSettings   The settings in /home/runner/.key/proof-settings.props are *not* read. 
396        INFO  main            d.u.i.k.p.r.p.TestFile    Now processing file /home/runner/work/key/key/key.core/../key.ui/examples/performance-test/Disjoint(Disjoint__disjoint_08()).JML_operation_contract.0.key 
540        INFO  main            d.u.i.k.p.i.AbstractProblemLoader Loading environment from /home/runner/work/key/key/key.core/../key.ui/examples/performance-test/Disjoint(Disjoint__disjoint_08()).JML_operation_contract.0.key 
572        DEBUG main            d.u.i.k.p.i.AbstractProblemLoader Environment load took 2.4ms 
789        INFO  main            d.u.i.k.p.i.AbstractProblemLoader Creating init config 
1789       DEBUG main            d.u.i.k.j.TypeConverter   No LDT found for Meta 
1789       DEBUG main            d.u.i.k.j.TypeConverter   No LDT found for Meta 
1790       DEBUG main            d.u.i.k.j.TypeConverter   No LDT found for Meta 
1790       DEBUG main            d.u.i.k.j.TypeConverter   No LDT found for Meta 
3034       DEBUG main            d.u.i.k.j.TypeConverter   No LDT found for JavaBigintExpression 
8834       DEBUG main            d.u.i.k.j.r.ClassPreparationMethodBuilder clPrepBuilder: Inner Class detected. Reject building class initialisation methods. 
17065      DEBUG main            d.u.i.k.p.i.AbstractProblemLoader Init config took 16.28s 
17310      INFO  main            d.u.i.k.p.i.AbstractProblemLoader Replaying proof Disjoint[Disjoint::disjoint_8()].JML operation contract.0 
17417      DEBUG main            d.u.i.k.p.i.IntermediateProofReplayer Proof replay took 358.6ns 
19765      INFO  main            d.u.i.k.p.r.p.TestFile    ... finished proof: closed. 
19969      INFO  main            d.u.i.k.p.i.AbstractProblemLoader Loading environment from /home/runner/work/key/key/key.core/../key.ui/examples/performance-test/Disjoint(Disjoint__disjoint_08()).JML_operation_contract.0.key.proof 
19970      DEBUG main            d.u.i.k.p.i.AbstractProblemLoader Environment load took 200.3ns 
19972      INFO  main            d.u.i.k.p.i.AbstractProblemLoader Creating init config 
23229      DEBUG main            d.u.i.k.j.r.ClassPreparationMethodBuilder clPrepBuilder: Inner Class detected. Reject building class initialisation methods. 
30662      DEBUG main            d.u.i.k.p.i.AbstractProblemLoader Init config took 10.69s 
30797      INFO  main            d.u.i.k.p.i.AbstractProblemLoader Replaying proof Disjoint[Disjoint::disjoint_8()].JML operation contract.0 
31152      DEBUG main            d.u.i.k.p.i.IntermediateProofReplayer Proof replay took 343.73ms 
31160      DEBUG main            d.u.i.k.p.r.p.TestFile    ... success: reloaded. 
31164      INFO  main            d.u.i.k.p.r.p.TestFile    Now processing file /home/runner/work/key/key/key.core/../key.ui/examples/performance-test/Disjoint(Disjoint__disjoint2_08()).JML_operation_contract.0.key 
31165      INFO  main            d.u.i.k.p.i.AbstractProblemLoader Loading environment from /home/runner/work/key/key/key.core/../key.ui/examples/performance-test/Disjoint(Disjoint__disjoint2_08()).JML_operation_contract.0.key 
31166      DEBUG main            d.u.i.k.p.i.AbstractProblemLoader Environment load took 1.43ms 
31168      INFO  main            d.u.i.k.p.i.AbstractProblemLoader Creating init config 
34375      DEBUG main            d.u.i.k.j.r.ClassPreparationMethodBuilder clPrepBuilder: Inner Class detected. Reject building class initialisation methods. 
41557      DEBUG main            d.u.i.k.p.i.AbstractProblemLoader Init config took 10.39s 
41679      INFO  main            d.u.i.k.p.i.AbstractProblemLoader Replaying proof Disjoint[Disjoint::disjoint2_8()].JML operation contract.0 
41684      DEBUG main            d.u.i.k.p.i.IntermediateProofReplayer Proof replay took 20.8ns 
42789      INFO  main            d.u.i.k.p.r.p.TestFile    ... finished proof: closed. 
43079      INFO  main            d.u.i.k.p.i.AbstractProblemLoader Loading environment from /home/runner/work/key/key/key.core/../key.ui/examples/performance-test/Disjoint(Disjoint__disjoint2_08()).JML_operation_contract.0.key.proof 
43083      DEBUG main            d.u.i.k.p.i.AbstractProblemLoader Environment load took 3.86ms 
43085      INFO  main            d.u.i.k.p.i.AbstractProblemLoader Creating init config 
46194      DEBUG main            d.u.i.k.j.r.ClassPreparationMethodBuilder clPrepBuilder: Inner Class detected. Reject building class initialisation methods. 
53343      DEBUG main            d.u.i.k.p.i.AbstractProblemLoader Init config took 10.26s 
53450      INFO  main            d.u.i.k.p.i.AbstractProblemLoader Replaying proof Disjoint[Disjoint::disjoint2_8()].JML operation contract.0 
53528      DEBUG main            d.u.i.k.p.i.IntermediateProofReplayer Proof replay took 73.76ms 
53531      DEBUG main            d.u.i.k.p.r.p.TestFile    ... success: reloaded. 
53538      INFO  main            d.u.i.k.p.r.p.TestFile    Now processing file /home/runner/work/key/key/key.core/../key.ui/examples/performance-test/AccessChain1(AccessChain1__foo_08()).JML_operation_contract.0.key 
53538      INFO  main            d.u.i.k.p.i.AbstractProblemLoader Loading environment from /home/runner/work/key/key/key.core/../key.ui/examples/performance-test/AccessChain1(AccessChain1__foo_08()).JML_operation_contract.0.key 
53539      DEBUG main            d.u.i.k.p.i.AbstractProblemLoader Environment load took 520.5ns 
53542      INFO  main            d.u.i.k.p.i.AbstractProblemLoader Creating init config 
56618      DEBUG main            d.u.i.k.j.r.ClassPreparationMethodBuilder clPrepBuilder: Inner Class detected. Reject building class initialisation methods. 
63657      DEBUG main            d.u.i.k.p.i.AbstractProblemLoader Init config took 10.12s 
63762      INFO  main            d.u.i.k.p.i.AbstractProblemLoader Replaying proof AccessChain1[AccessChain1::foo_8()].JML operation contract.0 
63765      DEBUG main            d.u.i.k.p.i.IntermediateProofReplayer Proof replay took 9.7ns 
66182      INFO  main            d.u.i.k.p.r.p.TestFile    ... finished proof: closed. 
66515      INFO  main            d.u.i.k.p.i.AbstractProblemLoader Loading environment from /home/runner/work/key/key/key.core/../key.ui/examples/performance-test/AccessChain1(AccessChain1__foo_08()).JML_operation_contract.0.key.proof 
66521      DEBUG main            d.u.i.k.p.i.AbstractProblemLoader Environment load took 5.4ms 
66525      INFO  main            d.u.i.k.p.i.AbstractProblemLoader Creating init config 
69499      DEBUG main            d.u.i.k.j.r.ClassPreparationMethodBuilder clPrepBuilder: Inner Class detected. Reject building class initialisation methods. 
76480      DEBUG main            d.u.i.k.p.i.AbstractProblemLoader Init config took 9.95s 
76587      INFO  main            d.u.i.k.p.i.AbstractProblemLoader Replaying proof AccessChain1[AccessChain1::foo_8()].JML operation contract.0 
76967      DEBUG main            d.u.i.k.p.i.IntermediateProofReplayer Proof replay took 366.83ms 
76970      DEBUG main            d.u.i.k.p.r.p.TestFile    ... success: reloaded. 
76972      INFO  main            d.u.i.k.p.r.p.TestFile    Now processing file /home/runner/work/key/key/key.core/../key.ui/examples/performance-test/AccessChain4(AccessChain4__foo_08()).JML_operation_contract.0.key 
76972      INFO  main            d.u.i.k.p.i.AbstractProblemLoader Loading environment from /home/runner/work/key/key/key.core/../key.ui/examples/performance-test/AccessChain4(AccessChain4__foo_08()).JML_operation_contract.0.key 
76973      DEBUG main            d.u.i.k.p.i.AbstractProblemLoader Environment load took 293.2ns 
76974      INFO  main            d.u.i.k.p.i.AbstractProblemLoader Creating init config 
80061      DEBUG main            d.u.i.k.j.r.ClassPreparationMethodBuilder clPrepBuilder: Inner Class detected. Reject building class initialisation methods. 
87138      DEBUG main            d.u.i.k.p.i.AbstractProblemLoader Init config took 10.16s 
87244      INFO  main            d.u.i.k.p.i.AbstractProblemLoader Replaying proof AccessChain4[AccessChain4::foo_8()].JML operation contract.0 
87248      DEBUG main            d.u.i.k.p.i.IntermediateProofReplayer Proof replay took 12.2ns 
93138      INFO  main            d.u.i.k.p.r.p.TestFile    ... finished proof: closed. 
93502      INFO  main            d.u.i.k.p.i.AbstractProblemLoader Loading environment from /home/runner/work/key/key/key.core/../key.ui/examples/performance-test/AccessChain4(AccessChain4__foo_08()).JML_operation_contract.0.key.proof 
93502      DEBUG main            d.u.i.k.p.i.AbstractProblemLoader Environment load took 225ns 
93512      INFO  main            d.u.i.k.p.i.AbstractProblemLoader Creating init config 
96462      DEBUG main            d.u.i.k.j.r.ClassPreparationMethodBuilder clPrepBuilder: Inner Class detected. Reject building class initialisation methods. 
103524     DEBUG main            d.u.i.k.p.i.AbstractProblemLoader Init config took 10.01s 
103636     INFO  main            d.u.i.k.p.i.AbstractProblemLoader Replaying proof AccessChain4[AccessChain4::foo_8()].JML operation contract.0 
104333     DEBUG main            d.u.i.k.p.i.IntermediateProofReplayer Proof replay took 667.11ms 
104336     DEBUG main            d.u.i.k.p.r.p.TestFile    ... success: reloaded. 
104338     INFO  main            d.u.i.k.p.r.p.TestFile    Now processing file /home/runner/work/key/key/key.core/../key.ui/examples/performance-test/Disjoint(Disjoint__xZero_08()).JML_operation_contract.0.key 
104341     INFO  main            d.u.i.k.p.i.AbstractProblemLoader Loading environment from /home/runner/work/key/key/key.core/../key.ui/examples/performance-test/Disjoint(Disjoint__xZero_08()).JML_operation_contract.0.key 
104341     DEBUG main            d.u.i.k.p.i.AbstractProblemLoader Environment load took 95.7ns 
104342     INFO  main            d.u.i.k.p.i.AbstractProblemLoader Creating init config 
107421     DEBUG main            d.u.i.k.j.r.ClassPreparationMethodBuilder clPrepBuilder: Inner Class detected. Reject building class initialisation methods. 
114505     DEBUG main            d.u.i.k.p.i.AbstractProblemLoader Init config took 10.16s 
114593     INFO  main            d.u.i.k.p.i.AbstractProblemLoader Replaying proof Disjoint[Disjoint::xZero_8()].JML operation contract.0 
114595     DEBUG main            d.u.i.k.p.i.IntermediateProofReplayer Proof replay took 10.5ns 
115601     INFO  main            d.u.i.k.p.r.p.TestFile    ... finished proof: closed. 
115974     INFO  main            d.u.i.k.p.i.AbstractProblemLoader Loading environment from /home/runner/work/key/key/key.core/../key.ui/examples/performance-test/Disjoint(Disjoint__xZero_08()).JML_operation_contract.0.key.proof 
115975     DEBUG main            d.u.i.k.p.i.AbstractProblemLoader Environment load took 132.1ns 
115976     INFO  main            d.u.i.k.p.i.AbstractProblemLoader Creating init config 
118889     DEBUG main            d.u.i.k.j.r.ClassPreparationMethodBuilder clPrepBuilder: Inner Class detected. Reject building class initialisation methods. 
125870     DEBUG main            d.u.i.k.p.i.AbstractProblemLoader Init config took 9.89s 
125959     INFO  main            d.u.i.k.p.i.AbstractProblemLoader Replaying proof Disjoint[Disjoint::xZero_8()].JML operation contract.0 
126127     DEBUG main            d.u.i.k.p.i.IntermediateProofReplayer Proof replay took 161.19ms 
126128     DEBUG main            d.u.i.k.p.r.p.TestFile    ... success: reloaded. 
126130     INFO  main            d.u.i.k.p.r.p.TestFile    Now processing file /home/runner/work/key/key/key.core/../key.ui/examples/performance-test/Dynamic(Dynamic__foo_08()).JML_operation_contract.0.key 
126130     INFO  main            d.u.i.k.p.i.AbstractProblemLoader Loading environment from /home/runner/work/key/key/key.core/../key.ui/examples/performance-test/Dynamic(Dynamic__foo_08()).JML_operation_contract.0.key 
126130     DEBUG main            d.u.i.k.p.i.AbstractProblemLoader Environment load took 116.3ns 
126131     INFO  main            d.u.i.k.p.i.AbstractProblemLoader Creating init config 
129173     DEBUG main            d.u.i.k.j.r.ClassPreparationMethodBuilder clPrepBuilder: Inner Class detected. Reject building class initialisation methods. 
136173     DEBUG main            d.u.i.k.p.i.AbstractProblemLoader Init config took 10.04s 
136262     INFO  main            d.u.i.k.p.i.AbstractProblemLoader Replaying proof Dynamic[Dynamic::foo_8()].JML operation contract.0 
136265     DEBUG main            d.u.i.k.p.i.IntermediateProofReplayer Proof replay took 12.6ns 
141215     INFO  main            d.u.i.k.p.r.p.TestFile    ... finished proof: closed. 
141609     INFO  main            d.u.i.k.p.i.AbstractProblemLoader Loading environment from /home/runner/work/key/key/key.core/../key.ui/examples/performance-test/Dynamic(Dynamic__foo_08()).JML_operation_contract.0.key.proof 
141609     DEBUG main            d.u.i.k.p.i.AbstractProblemLoader Environment load took 225.3ns 
141613     INFO  main            d.u.i.k.p.i.AbstractProblemLoader Creating init config 
144529     DEBUG main            d.u.i.k.j.r.ClassPreparationMethodBuilder clPrepBuilder: Inner Class detected. Reject building class initialisation methods. 
151562     DEBUG main            d.u.i.k.p.i.AbstractProblemLoader Init config took 9.95s 
151648     INFO  main            d.u.i.k.p.i.AbstractProblemLoader Replaying proof Dynamic[Dynamic::foo_8()].JML operation contract.0 
152122     DEBUG main            d.u.i.k.p.i.IntermediateProofReplayer Proof replay took 454.98ms 
152125     DEBUG main            d.u.i.k.p.r.p.TestFile    ... success: reloaded. 
152127     INFO  main            d.u.i.k.p.r.p.TestFile    Now processing file /home/runner/work/key/key/key.core/../key.ui/examples/performance-test/DynamicGhost(DynamicGhost__dynamicGhost_08()).JML_normal_behavior_operation_contract.0.key 
152128     INFO  main            d.u.i.k.p.i.AbstractProblemLoader Loading environment from /home/runner/work/key/key/key.core/../key.ui/examples/performance-test/DynamicGhost(DynamicGhost__dynamicGhost_08()).JML_normal_behavior_operation_contract.0.key 
152128     DEBUG main            d.u.i.k.p.i.AbstractProblemLoader Environment load took 316.4ns 
152129     INFO  main            d.u.i.k.p.i.AbstractProblemLoader Creating init config 
155190     DEBUG main            d.u.i.k.j.r.ClassPreparationMethodBuilder clPrepBuilder: Inner Class detected. Reject building class initialisation methods. 
162270     DEBUG main            d.u.i.k.p.i.AbstractProblemLoader Init config took 10.14s 
162359     INFO  main            d.u.i.k.p.i.AbstractProblemLoader Replaying proof DynamicGhost[DynamicGhost::dynamicGhost_8()].JML normal_behavior operation contract.0 
162361     DEBUG main            d.u.i.k.p.i.IntermediateProofReplayer Proof replay took 11.7ns 
166374     INFO  main            d.u.i.k.p.r.p.TestFile    ... finished proof: closed. 
166772     INFO  main            d.u.i.k.p.i.AbstractProblemLoader Loading environment from /home/runner/work/key/key/key.core/../key.ui/examples/performance-test/DynamicGhost(DynamicGhost__dynamicGhost_08()).JML_normal_behavior_operation_contract.0.key.proof 
166772     DEBUG main            d.u.i.k.p.i.AbstractProblemLoader Environment load took 131.9ns 
166774     INFO  main            d.u.i.k.p.i.AbstractProblemLoader Creating init config 
169682     DEBUG main            d.u.i.k.j.r.ClassPreparationMethodBuilder clPrepBuilder: Inner Class detected. Reject building class initialisation methods. 
176684     DEBUG main            d.u.i.k.p.i.AbstractProblemLoader Init config took 9.91s 
176834     INFO  main            d.u.i.k.p.i.AbstractProblemLoader Replaying proof DynamicGhost[DynamicGhost::dynamicGhost_8()].JML normal_behavior operation contract.0 
177291     DEBUG main            d.u.i.k.p.i.IntermediateProofReplayer Proof replay took 436.57ms 
177294     DEBUG main            d.u.i.k.p.r.p.TestFile    ... success: reloaded. 
177295     INFO  main            d.u.i.k.p.r.p.TestFile    Now processing file /home/runner/work/key/key/key.core/../key.ui/examples/performance-test/GhostFrame(GhostFrame__foo_08()).JML_operation_contract.0.key 
177295     INFO  main            d.u.i.k.p.i.AbstractProblemLoader Loading environment from /home/runner/work/key/key/key.core/../key.ui/examples/performance-test/GhostFrame(GhostFrame__foo_08()).JML_operation_contract.0.key 
177296     DEBUG main            d.u.i.k.p.i.AbstractProblemLoader Environment load took 127.2ns 
177297     INFO  main            d.u.i.k.p.i.AbstractProblemLoader Creating init config 
180345     DEBUG main            d.u.i.k.j.r.ClassPreparationMethodBuilder clPrepBuilder: Inner Class detected. Reject building class initialisation methods. 
187368     DEBUG main            d.u.i.k.p.i.AbstractProblemLoader Init config took 10.07s 
187457     INFO  main            d.u.i.k.p.i.AbstractProblemLoader Replaying proof GhostFrame[GhostFrame::foo_8()].JML operation contract.0 
187459     DEBUG main            d.u.i.k.p.i.IntermediateProofReplayer Proof replay took 24.9ns 
189267     INFO  main            d.u.i.k.p.r.p.TestFile    ... finished proof: closed. 
189691     INFO  main            d.u.i.k.p.i.AbstractProblemLoader Loading environment from /home/runner/work/key/key/key.core/../key.ui/examples/performance-test/GhostFrame(GhostFrame__foo_08()).JML_operation_contract.0.key.proof 
189692     DEBUG main            d.u.i.k.p.i.AbstractProblemLoader Environment load took 215.4ns 
189693     INFO  main            d.u.i.k.p.i.AbstractProblemLoader Creating init config 
192573     DEBUG main            d.u.i.k.j.r.ClassPreparationMethodBuilder clPrepBuilder: Inner Class detected. Reject building class initialisation methods. 
199582     DEBUG main            d.u.i.k.p.i.AbstractProblemLoader Init config took 9.89s 
199667     INFO  main            d.u.i.k.p.i.AbstractProblemLoader Replaying proof GhostFrame[GhostFrame::foo_8()].JML operation contract.0 
199918     DEBUG main            d.u.i.k.p.i.IntermediateProofReplayer Proof replay took 242.82ms 
199920     DEBUG main            d.u.i.k.p.r.p.TestFile    ... success: reloaded. 
199923     INFO  main            d.u.i.k.p.r.p.TestFile    Now processing file /home/runner/work/key/key/key.core/../key.ui/examples/performance-test/Modelfield(Modelfield__foo_08()).JML_operation_contract.0.key 
199924     INFO  main            d.u.i.k.p.i.AbstractProblemLoader Loading environment from /home/runner/work/key/key/key.core/../key.ui/examples/performance-test/Modelfield(Modelfield__foo_08()).JML_operation_contract.0.key 
199924     DEBUG main            d.u.i.k.p.i.AbstractProblemLoader Environment load took 311.2ns 
199925     INFO  main            d.u.i.k.p.i.AbstractProblemLoader Creating init config 
202935     DEBUG main            d.u.i.k.j.r.ClassPreparationMethodBuilder clPrepBuilder: Inner Class detected. Reject building class initialisation methods. 
209970     DEBUG main            d.u.i.k.p.i.AbstractProblemLoader Init config took 10.04s 
210079     INFO  main            d.u.i.k.p.i.AbstractProblemLoader Replaying proof Modelfield[Modelfield::foo_8()].JML operation contract.0 
210081     DEBUG main            d.u.i.k.p.i.IntermediateProofReplayer Proof replay took 6.3ns 
212949     INFO  main            d.u.i.k.p.r.p.TestFile    ... finished proof: closed. 
213391     INFO  main            d.u.i.k.p.i.AbstractProblemLoader Loading environment from /home/runner/work/key/key/key.core/../key.ui/examples/performance-test/Modelfield(Modelfield__foo_08()).JML_operation_contract.0.key.proof 
213392     DEBUG main            d.u.i.k.p.i.AbstractProblemLoader Environment load took 565.11ns 
213397     INFO  main            d.u.i.k.p.i.AbstractProblemLoader Creating init config 
216271     DEBUG main            d.u.i.k.j.r.ClassPreparationMethodBuilder clPrepBuilder: Inner Class detected. Reject building class initialisation methods. 
223280     DEBUG main            d.u.i.k.p.i.AbstractProblemLoader Init config took 9.88s 
223365     INFO  main            d.u.i.k.p.i.AbstractProblemLoader Replaying proof Modelfield[Modelfield::foo_8()].JML operation contract.0 
223676     DEBUG main            d.u.i.k.p.i.IntermediateProofReplayer Proof replay took 298.58ms 
223678     DEBUG main            d.u.i.k.p.r.p.TestFile    ... success: reloaded. 
366455     INFO  Test worker     d.u.i.k.p.r.RunAllProofsTestUnit Returning from test performance 
366457     INFO  Test worker     d.u.i.k.p.r.RunAllProofsTestUnit Running test performancePOConstruction 
340        INFO  Timeout watchdog d.u.i.k.p.r.p.ForkedTestFileRunner Timeout watcher launched (2000 secs.) 
343        WARN  main            d.u.i.k.s.ProofSettings   The settings in /home/runner/.key/proof-settings.props are *not* read. 
370        INFO  main            d.u.i.k.p.r.p.TestFile    Now processing file /home/runner/work/key/key/key.core/../key.ui/examples/performance-test/Test(Test__a0(int)).JML_normal_behavior_operation_contract.0.key 
475        INFO  main            d.u.i.k.p.i.AbstractProblemLoader Loading environment from /home/runner/work/key/key/key.core/../key.ui/examples/performance-test/Test(Test__a0(int)).JML_normal_behavior_operation_contract.0.key 
498        DEBUG main            d.u.i.k.p.i.AbstractProblemLoader Environment load took 1.82ms 
734        INFO  main            d.u.i.k.p.i.AbstractProblemLoader Creating init config 
1594       DEBUG main            d.u.i.k.j.TypeConverter   No LDT found for Meta 
1602       DEBUG main            d.u.i.k.j.TypeConverter   No LDT found for Meta 
1605       DEBUG main            d.u.i.k.j.TypeConverter   No LDT found for Meta 
1605       DEBUG main            d.u.i.k.j.TypeConverter   No LDT found for Meta 
2894       DEBUG main            d.u.i.k.j.TypeConverter   No LDT found for JavaBigintExpression 
8396       DEBUG main            d.u.i.k.j.r.ClassPreparationMethodBuilder clPrepBuilder: Inner Class detected. Reject building class initialisation methods. 
16773      DEBUG main            d.u.i.k.p.i.AbstractProblemLoader Init config took 16.04s 
17847      INFO  main            d.u.i.k.p.i.AbstractProblemLoader Replaying proof Test[Test::a0(int)].JML normal_behavior operation contract.0 
17929      DEBUG main            d.u.i.k.p.i.IntermediateProofReplayer Proof replay took 33.5ns 
18378      INFO  main            d.u.i.k.p.r.p.TestFile    ... finished proof: closed. 
18525      INFO  main            d.u.i.k.p.i.AbstractProblemLoader Loading environment from /home/runner/work/key/key/key.core/../key.ui/examples/performance-test/Test(Test__a0(int)).JML_normal_behavior_operation_contract.0.key.proof 
18530      DEBUG main            d.u.i.k.p.i.AbstractProblemLoader Environment load took 5.38ms 
18532      INFO  main            d.u.i.k.p.i.AbstractProblemLoader Creating init config 
21744      DEBUG main            d.u.i.k.j.r.ClassPreparationMethodBuilder clPrepBuilder: Inner Class detected. Reject building class initialisation methods. 
28879      DEBUG main            d.u.i.k.p.i.AbstractProblemLoader Init config took 10.35s 
29836      INFO  main            d.u.i.k.p.i.AbstractProblemLoader Replaying proof Test[Test::a0(int)].JML normal_behavior operation contract.0 
29906      DEBUG main            d.u.i.k.p.i.IntermediateProofReplayer Proof replay took 52.36ms 
29925      DEBUG main            d.u.i.k.p.r.p.TestFile    ... success: reloaded. 
29927      INFO  main            d.u.i.k.p.r.p.TestFile    Now processing file /home/runner/work/key/key/key.core/../key.ui/examples/performance-test/Test(Test__a1(int)).JML_normal_behavior_operation_contract.0.key 
29928      INFO  main            d.u.i.k.p.i.AbstractProblemLoader Loading environment from /home/runner/work/key/key/key.core/../key.ui/examples/performance-test/Test(Test__a1(int)).JML_normal_behavior_operation_contract.0.key 
29928      DEBUG main            d.u.i.k.p.i.AbstractProblemLoader Environment load took 260.2ns 
29930      INFO  main            d.u.i.k.p.i.AbstractProblemLoader Creating init config 
32985      DEBUG main            d.u.i.k.j.r.ClassPreparationMethodBuilder clPrepBuilder: Inner Class detected. Reject building class initialisation methods. 
39928      DEBUG main            d.u.i.k.p.i.AbstractProblemLoader Init config took 10s 
40846      INFO  main            d.u.i.k.p.i.AbstractProblemLoader Replaying proof Test[Test::a1(int)].JML normal_behavior operation contract.0 
40848      DEBUG main            d.u.i.k.p.i.IntermediateProofReplayer Proof replay took 7ns 
41152      INFO  main            d.u.i.k.p.r.p.TestFile    ... finished proof: closed. 
41399      INFO  main            d.u.i.k.p.i.AbstractProblemLoader Loading environment from /home/runner/work/key/key/key.core/../key.ui/examples/performance-test/Test(Test__a1(int)).JML_normal_behavior_operation_contract.0.key.proof 
41400      DEBUG main            d.u.i.k.p.i.AbstractProblemLoader Environment load took 618.9ns 
41401      INFO  main            d.u.i.k.p.i.AbstractProblemLoader Creating init config 
44399      DEBUG main            d.u.i.k.j.r.ClassPreparationMethodBuilder clPrepBuilder: Inner Class detected. Reject building class initialisation methods. 
51174      DEBUG main            d.u.i.k.p.i.AbstractProblemLoader Init config took 9.77s 
52088      INFO  main            d.u.i.k.p.i.AbstractProblemLoader Replaying proof Test[Test::a1(int)].JML normal_behavior operation contract.0 
52202      DEBUG main            d.u.i.k.p.i.IntermediateProofReplayer Proof replay took 101.56ms 
52207      DEBUG main            d.u.i.k.p.r.p.TestFile    ... success: reloaded. 
52213      INFO  main            d.u.i.k.p.r.p.TestFile    Now processing file /home/runner/work/key/key/key.core/../key.ui/examples/performance-test/Test(Test__f1(int)).JML_normal_behavior_operation_contract.0.key 
52213      INFO  main            d.u.i.k.p.i.AbstractProblemLoader Loading environment from /home/runner/work/key/key/key.core/../key.ui/examples/performance-test/Test(Test__f1(int)).JML_normal_behavior_operation_contract.0.key 
52213      DEBUG main            d.u.i.k.p.i.AbstractProblemLoader Environment load took 306ns 
52216      INFO  main            d.u.i.k.p.i.AbstractProblemLoader Creating init config 
55193      DEBUG main            d.u.i.k.j.r.ClassPreparationMethodBuilder clPrepBuilder: Inner Class detected. Reject building class initialisation methods. 
62023      DEBUG main            d.u.i.k.p.i.AbstractProblemLoader Init config took 9.81s 
62922      INFO  main            d.u.i.k.p.i.AbstractProblemLoader Replaying proof Test[Test::f1(int)].JML normal_behavior operation contract.0 
62926      DEBUG main            d.u.i.k.p.i.IntermediateProofReplayer Proof replay took 5.9ns 
63231      INFO  main            d.u.i.k.p.r.p.TestFile    ... finished proof: closed. 
63527      INFO  main            d.u.i.k.p.i.AbstractProblemLoader Loading environment from /home/runner/work/key/key/key.core/../key.ui/examples/performance-test/Test(Test__f1(int)).JML_normal_behavior_operation_contract.0.key.proof 
63529      DEBUG main            d.u.i.k.p.i.AbstractProblemLoader Environment load took 1.24ms 
63535      INFO  main            d.u.i.k.p.i.AbstractProblemLoader Creating init config 
66478      DEBUG main            d.u.i.k.j.r.ClassPreparationMethodBuilder clPrepBuilder: Inner Class detected. Reject building class initialisation methods. 
73228      DEBUG main            d.u.i.k.p.i.AbstractProblemLoader Init config took 9.69s 
74072      INFO  main            d.u.i.k.p.i.AbstractProblemLoader Replaying proof Test[Test::f1(int)].JML normal_behavior operation contract.0 
74116      DEBUG main            d.u.i.k.p.i.IntermediateProofReplayer Proof replay took 41.02ms 
74117      DEBUG main            d.u.i.k.p.r.p.TestFile    ... success: reloaded. 
440754     INFO  Test worker     d.u.i.k.p.r.RunAllProofsTestUnit Returning from test performancePOConstruction 
440755     INFO  Test worker     d.u.i.k.p.r.RunAllProofsTestUnit Running test applicationRestrictions 
377        INFO  Timeout watchdog d.u.i.k.p.r.p.ForkedTestFileRunner Timeout watcher launched (2000 secs.) 
388        WARN  main            d.u.i.k.s.ProofSettings   The settings in /home/runner/.key/proof-settings.props are *not* read. 
438        INFO  main            d.u.i.k.p.r.p.TestFile    Now processing file /home/runner/work/key/key/key.core/../key.ui/examples/heap/polarity_tests/wellformed1.key 
567        INFO  main            d.u.i.k.p.i.AbstractProblemLoader Loading environment from /home/runner/work/key/key/key.core/../key.ui/examples/heap/polarity_tests/wellformed1.key 
583        DEBUG main            d.u.i.k.p.i.AbstractProblemLoader Environment load took 1.95ms 
809        INFO  main            d.u.i.k.p.i.AbstractProblemLoader Creating init config 
1627       DEBUG main            d.u.i.k.j.TypeConverter   No LDT found for Meta 
1628       DEBUG main            d.u.i.k.j.TypeConverter   No LDT found for Meta 
1630       DEBUG main            d.u.i.k.j.TypeConverter   No LDT found for Meta 
1630       DEBUG main            d.u.i.k.j.TypeConverter   No LDT found for Meta 
2991       DEBUG main            d.u.i.k.j.TypeConverter   No LDT found for JavaBigintExpression 
7949       DEBUG main            d.u.i.k.p.i.AbstractProblemLoader Init config took 7.14s 
8020       INFO  main            d.u.i.k.p.i.AbstractProblemLoader Replaying proof wellformed1.key 
8055       DEBUG main            d.u.i.k.p.i.IntermediateProofReplayer Proof replay took 39ns 
8222       INFO  main            d.u.i.k.p.r.p.TestFile    ... finished proof: closed. 
8330       INFO  main            d.u.i.k.p.i.AbstractProblemLoader Loading environment from /home/runner/work/key/key/key.core/../key.ui/examples/heap/polarity_tests/wellformed1.key.proof 
8331       DEBUG main            d.u.i.k.p.i.AbstractProblemLoader Environment load took 147ns 
8336       INFO  main            d.u.i.k.p.i.AbstractProblemLoader Creating init config 
11244      DEBUG main            d.u.i.k.p.i.AbstractProblemLoader Init config took 2.91s 
11288      INFO  main            d.u.i.k.p.i.AbstractProblemLoader Replaying proof wellformed1.key.proof 
11294      DEBUG main            d.u.i.k.p.i.IntermediateProofReplayer Proof replay took 2.23ms 
11304      DEBUG main            d.u.i.k.p.r.p.TestFile    ... success: reloaded. 
11307      INFO  main            d.u.i.k.p.r.p.TestFile    Now processing file /home/runner/work/key/key/key.core/../key.ui/examples/heap/polarity_tests/wellformed2.key 
11307      INFO  main            d.u.i.k.p.i.AbstractProblemLoader Loading environment from /home/runner/work/key/key/key.core/../key.ui/examples/heap/polarity_tests/wellformed2.key 
11308      DEBUG main            d.u.i.k.p.i.AbstractProblemLoader Environment load took 256.3ns 
11310      INFO  main            d.u.i.k.p.i.AbstractProblemLoader Creating init config 
14004      DEBUG main            d.u.i.k.p.i.AbstractProblemLoader Init config took 2.69s 
14033      INFO  main            d.u.i.k.p.i.AbstractProblemLoader Replaying proof wellformed2.key 
14035      DEBUG main            d.u.i.k.p.i.IntermediateProofReplayer Proof replay took 13.5ns 
14138      INFO  main            d.u.i.k.p.r.p.TestFile    ... finished proof: open goal(s) 
14258      INFO  main            d.u.i.k.p.r.p.TestFile    Now processing file /home/runner/work/key/key/key.core/../key.ui/examples/heap/polarity_tests/wellformed3.key 
14259      INFO  main            d.u.i.k.p.i.AbstractProblemLoader Loading environment from /home/runner/work/key/key/key.core/../key.ui/examples/heap/polarity_tests/wellformed3.key 
14259      DEBUG main            d.u.i.k.p.i.AbstractProblemLoader Environment load took 82.5ns 
14260      INFO  main            d.u.i.k.p.i.AbstractProblemLoader Creating init config 
16938      DEBUG main            d.u.i.k.p.i.AbstractProblemLoader Init config took 2.68s 
16961      INFO  main            d.u.i.k.p.i.AbstractProblemLoader Replaying proof wellformed3.key 
16964      DEBUG main            d.u.i.k.p.i.IntermediateProofReplayer Proof replay took 6.4ns 
17070      INFO  main            d.u.i.k.p.r.p.TestFile    ... finished proof: closed. 
17194      INFO  main            d.u.i.k.p.i.AbstractProblemLoader Loading environment from /home/runner/work/key/key/key.core/../key.ui/examples/heap/polarity_tests/wellformed3.key.proof 
17194      DEBUG main            d.u.i.k.p.i.AbstractProblemLoader Environment load took 133.6ns 
17195      INFO  main            d.u.i.k.p.i.AbstractProblemLoader Creating init config 
19823      DEBUG main            d.u.i.k.p.i.AbstractProblemLoader Init config took 2.63s 
19843      INFO  main            d.u.i.k.p.i.AbstractProblemLoader Replaying proof wellformed3.key.proof 
19849      DEBUG main            d.u.i.k.p.i.IntermediateProofReplayer Proof replay took 3.08ms 
19850      DEBUG main            d.u.i.k.p.r.p.TestFile    ... success: reloaded. 
19851      INFO  main            d.u.i.k.p.r.p.TestFile    Now processing file /home/runner/work/key/key/key.core/../key.ui/examples/heap/polarity_tests/wellformed4.key 
19852      INFO  main            d.u.i.k.p.i.AbstractProblemLoader Loading environment from /home/runner/work/key/key/key.core/../key.ui/examples/heap/polarity_tests/wellformed4.key 
19852      DEBUG main            d.u.i.k.p.i.AbstractProblemLoader Environment load took 241.6ns 
19855      INFO  main            d.u.i.k.p.i.AbstractProblemLoader Creating init config 
22463      DEBUG main            d.u.i.k.p.i.AbstractProblemLoader Init config took 2.61s 
22482      INFO  main            d.u.i.k.p.i.AbstractProblemLoader Replaying proof wellformed4.key 
22484      DEBUG main            d.u.i.k.p.i.IntermediateProofReplayer Proof replay took 6.3ns 
22587      INFO  main            d.u.i.k.p.r.p.TestFile    ... finished proof: open goal(s) 
22719      INFO  main            d.u.i.k.p.r.p.TestFile    Now processing file /home/runner/work/key/key/key.core/../key.ui/examples/heap/polarity_tests/wellformed5.key 
22719      INFO  main            d.u.i.k.p.i.AbstractProblemLoader Loading environment from /home/runner/work/key/key/key.core/../key.ui/examples/heap/polarity_tests/wellformed5.key 
22719      DEBUG main            d.u.i.k.p.i.AbstractProblemLoader Environment load took 74.3ns 
22720      INFO  main            d.u.i.k.p.i.AbstractProblemLoader Creating init config 
25270      DEBUG main            d.u.i.k.p.i.AbstractProblemLoader Init config took 2.55s 
25290      INFO  main            d.u.i.k.p.i.AbstractProblemLoader Replaying proof wellformed5.key 
25292      DEBUG main            d.u.i.k.p.i.IntermediateProofReplayer Proof replay took 6.5ns 
25394      INFO  main            d.u.i.k.p.r.p.TestFile    ... finished proof: closed. 
25513      INFO  main            d.u.i.k.p.i.AbstractProblemLoader Loading environment from /home/runner/work/key/key/key.core/../key.ui/examples/heap/polarity_tests/wellformed5.key.proof 
25513      DEBUG main            d.u.i.k.p.i.AbstractProblemLoader Environment load took 126.9ns 
25514      INFO  main            d.u.i.k.p.i.AbstractProblemLoader Creating init config 
28073      DEBUG main            d.u.i.k.p.i.AbstractProblemLoader Init config took 2.56s 
28092      INFO  main            d.u.i.k.p.i.AbstractProblemLoader Replaying proof wellformed5.key.proof 
28095      DEBUG main            d.u.i.k.p.i.IntermediateProofReplayer Proof replay took 911.71ns 
28096      DEBUG main            d.u.i.k.p.r.p.TestFile    ... success: reloaded. 
28097      INFO  main            d.u.i.k.p.r.p.TestFile    Now processing file /home/runner/work/key/key/key.core/../key.ui/examples/heap/polarity_tests/wellformed6.key 
28097      INFO  main            d.u.i.k.p.i.AbstractProblemLoader Loading environment from /home/runner/work/key/key/key.core/../key.ui/examples/heap/polarity_tests/wellformed6.key 
28098      DEBUG main            d.u.i.k.p.i.AbstractProblemLoader Environment load took 226.1ns 
28100      INFO  main            d.u.i.k.p.i.AbstractProblemLoader Creating init config 
30693      DEBUG main            d.u.i.k.p.i.AbstractProblemLoader Init config took 2.59s 
30712      INFO  main            d.u.i.k.p.i.AbstractProblemLoader Replaying proof wellformed6.key 
30714      DEBUG main            d.u.i.k.p.i.IntermediateProofReplayer Proof replay took 6.3ns 
30816      INFO  main            d.u.i.k.p.r.p.TestFile    ... finished proof: open goal(s) 
31006      INFO  main            d.u.i.k.p.r.p.TestFile    Now processing file /home/runner/work/key/key/key.core/../key.ui/examples/heap/polarity_tests/wellformed7.key 
31006      INFO  main            d.u.i.k.p.i.AbstractProblemLoader Loading environment from /home/runner/work/key/key/key.core/../key.ui/examples/heap/polarity_tests/wellformed7.key 
31006      DEBUG main            d.u.i.k.p.i.AbstractProblemLoader Environment load took 83.7ns 
31007      INFO  main            d.u.i.k.p.i.AbstractProblemLoader Creating init config 
33529      DEBUG main            d.u.i.k.p.i.AbstractProblemLoader Init config took 2.52s 
33547      INFO  main            d.u.i.k.p.i.AbstractProblemLoader Replaying proof wellformed7.key 
33549      DEBUG main            d.u.i.k.p.i.IntermediateProofReplayer Proof replay took 6.7ns 
33651      INFO  main            d.u.i.k.p.r.p.TestFile    ... finished proof: closed. 
33781      INFO  main            d.u.i.k.p.i.AbstractProblemLoader Loading environment from /home/runner/work/key/key/key.core/../key.ui/examples/heap/polarity_tests/wellformed7.key.proof 
33782      DEBUG main            d.u.i.k.p.i.AbstractProblemLoader Environment load took 126.4ns 
33783      INFO  main            d.u.i.k.p.i.AbstractProblemLoader Creating init config 
36294      DEBUG main            d.u.i.k.p.i.AbstractProblemLoader Init config took 2.51s 
36313      INFO  main            d.u.i.k.p.i.AbstractProblemLoader Replaying proof wellformed7.key.proof 
36318      DEBUG main            d.u.i.k.p.i.IntermediateProofReplayer Proof replay took 2.95ms 
36319      DEBUG main            d.u.i.k.p.r.p.TestFile    ... success: reloaded. 
36320      INFO  main            d.u.i.k.p.r.p.TestFile    Now processing file /home/runner/work/key/key/key.core/../key.ui/examples/heap/polarity_tests/wellformed8.key 
36321      INFO  main            d.u.i.k.p.i.AbstractProblemLoader Loading environment from /home/runner/work/key/key/key.core/../key.ui/examples/heap/polarity_tests/wellformed8.key 
36324      DEBUG main            d.u.i.k.p.i.AbstractProblemLoader Environment load took 3.58ms 
36325      INFO  main            d.u.i.k.p.i.AbstractProblemLoader Creating init config 
38891      DEBUG main            d.u.i.k.p.i.AbstractProblemLoader Init config took 2.57s 
38908      INFO  main            d.u.i.k.p.i.AbstractProblemLoader Replaying proof wellformed8.key 
38910      DEBUG main            d.u.i.k.p.i.IntermediateProofReplayer Proof replay took 8.6ns 
39013      INFO  main            d.u.i.k.p.r.p.TestFile    ... finished proof: open goal(s) 
39164      INFO  main            d.u.i.k.p.r.p.TestFile    Now processing file /home/runner/work/key/key/key.core/../key.ui/examples/heap/polarity_tests/wellformed9.key 
39164      INFO  main            d.u.i.k.p.i.AbstractProblemLoader Loading environment from /home/runner/work/key/key/key.core/../key.ui/examples/heap/polarity_tests/wellformed9.key 
39164      DEBUG main            d.u.i.k.p.i.AbstractProblemLoader Environment load took 98.9ns 
39165      INFO  main            d.u.i.k.p.i.AbstractProblemLoader Creating init config 
41726      DEBUG main            d.u.i.k.p.i.AbstractProblemLoader Init config took 2.56s 
41745      INFO  main            d.u.i.k.p.i.AbstractProblemLoader Replaying proof wellformed9.key 
41748      DEBUG main            d.u.i.k.p.i.IntermediateProofReplayer Proof replay took 7.7ns 
41850      INFO  main            d.u.i.k.p.r.p.TestFile    ... finished proof: closed. 
41982      INFO  main            d.u.i.k.p.i.AbstractProblemLoader Loading environment from /home/runner/work/key/key/key.core/../key.ui/examples/heap/polarity_tests/wellformed9.key.proof 
41982      DEBUG main            d.u.i.k.p.i.AbstractProblemLoader Environment load took 123.1ns 
41983      INFO  main            d.u.i.k.p.i.AbstractProblemLoader Creating init config 
44481      DEBUG main            d.u.i.k.p.i.AbstractProblemLoader Init config took 2.5s 
44497      INFO  main            d.u.i.k.p.i.AbstractProblemLoader Replaying proof wellformed9.key.proof 
44500      DEBUG main            d.u.i.k.p.i.IntermediateProofReplayer Proof replay took 1.39ms 
44502      DEBUG main            d.u.i.k.p.r.p.TestFile    ... success: reloaded. 
44502      INFO  main            d.u.i.k.p.r.p.TestFile    Now processing file /home/runner/work/key/key/key.core/../key.ui/examples/heap/polarity_tests/wellformed10.key 
44503      INFO  main            d.u.i.k.p.i.AbstractProblemLoader Loading environment from /home/runner/work/key/key/key.core/../key.ui/examples/heap/polarity_tests/wellformed10.key 
44503      DEBUG main            d.u.i.k.p.i.AbstractProblemLoader Environment load took 242.6ns 
44504      INFO  main            d.u.i.k.p.i.AbstractProblemLoader Creating init config 
47063      DEBUG main            d.u.i.k.p.i.AbstractProblemLoader Init config took 2.56s 
47079      INFO  main            d.u.i.k.p.i.AbstractProblemLoader Replaying proof wellformed10.key 
47081      DEBUG main            d.u.i.k.p.i.IntermediateProofReplayer Proof replay took 6.8ns 
47183      INFO  main            d.u.i.k.p.r.p.TestFile    ... finished proof: open goal(s) 
47341      INFO  main            d.u.i.k.p.r.p.TestFile    Now processing file /home/runner/work/key/key/key.core/../key.ui/examples/heap/polarity_tests/wellformed11.key 
47342      INFO  main            d.u.i.k.p.i.AbstractProblemLoader Loading environment from /home/runner/work/key/key/key.core/../key.ui/examples/heap/polarity_tests/wellformed11.key 
47342      DEBUG main            d.u.i.k.p.i.AbstractProblemLoader Environment load took 92.2ns 
47343      INFO  main            d.u.i.k.p.i.AbstractProblemLoader Creating init config 
49819      DEBUG main            d.u.i.k.p.i.AbstractProblemLoader Init config took 2.48s 
49835      INFO  main            d.u.i.k.p.i.AbstractProblemLoader Replaying proof wellformed11.key 
49836      DEBUG main            d.u.i.k.p.i.IntermediateProofReplayer Proof replay took 7.1ns 
49942      INFO  main            d.u.i.k.p.r.p.TestFile    ... finished proof: open goal(s) 
491007     INFO  Test worker     d.u.i.k.p.r.RunAllProofsTestUnit Returning from test applicationRestrictions 
491010     INFO  Test worker     d.u.i.k.p.r.RunAllProofsTestUnit Running test blockContracts 
332        INFO  Timeout watchdog d.u.i.k.p.r.p.ForkedTestFileRunner Timeout watcher launched (2000 secs.) 
332        WARN  main            d.u.i.k.s.ProofSettings   The settings in /home/runner/.key/proof-settings.props are *not* read. 
367        INFO  main            d.u.i.k.p.r.p.TestFile    Now processing file /home/runner/work/key/key/key.core/../key.ui/examples/heap/block_contracts/Simple__add.key 
503        INFO  main            d.u.i.k.p.i.AbstractProblemLoader Loading environment from /home/runner/work/key/key/key.core/../key.ui/examples/heap/block_contracts/Simple__add.key 
525        DEBUG main            d.u.i.k.p.i.AbstractProblemLoader Environment load took 6.58ms 
746        INFO  main            d.u.i.k.p.i.AbstractProblemLoader Creating init config 
1640       DEBUG main            d.u.i.k.j.TypeConverter   No LDT found for Meta 
1641       DEBUG main            d.u.i.k.j.TypeConverter   No LDT found for Meta 
1642       DEBUG main            d.u.i.k.j.TypeConverter   No LDT found for Meta 
1642       DEBUG main            d.u.i.k.j.TypeConverter   No LDT found for Meta 
3338       DEBUG main            d.u.i.k.j.TypeConverter   No LDT found for JavaBigintExpression 
8915       DEBUG main            d.u.i.k.p.i.AbstractProblemLoader Init config took 8.17s 
9126       INFO  main            d.u.i.k.p.i.AbstractProblemLoader Replaying proof Simple[Simple::add(int,int)].JML operation contract.0 
9223       DEBUG main            d.u.i.k.p.i.IntermediateProofReplayer Proof replay took 354.9ns 
10064      INFO  main            d.u.i.k.p.r.p.TestFile    ... finished proof: closed. 
10176      INFO  main            d.u.i.k.p.i.AbstractProblemLoader Loading environment from /home/runner/work/key/key/key.core/../key.ui/examples/heap/block_contracts/Simple__add.key.proof 
10178      DEBUG main            d.u.i.k.p.i.AbstractProblemLoader Environment load took 1.41ms 
10182      INFO  main            d.u.i.k.p.i.AbstractProblemLoader Creating init config 
13634      DEBUG main            d.u.i.k.p.i.AbstractProblemLoader Init config took 3.45s 
13715      INFO  main            d.u.i.k.p.i.AbstractProblemLoader Replaying proof Simple[Simple::add(int,int)].JML operation contract.0 
13779      DEBUG main            d.u.i.k.p.i.IntermediateProofReplayer Proof replay took 59.57ms 
13786      DEBUG main            d.u.i.k.p.r.p.TestFile    ... success: reloaded. 
13788      INFO  main            d.u.i.k.p.r.p.TestFile    Now processing file /home/runner/work/key/key/key.core/../key.ui/examples/heap/block_contracts/Simple__addAbsoluteValues.key 
13788      INFO  main            d.u.i.k.p.i.AbstractProblemLoader Loading environment from /home/runner/work/key/key/key.core/../key.ui/examples/heap/block_contracts/Simple__addAbsoluteValues.key 
13788      DEBUG main            d.u.i.k.p.i.AbstractProblemLoader Environment load took 262.1ns 
13790      INFO  main            d.u.i.k.p.i.AbstractProblemLoader Creating init config 
17008      DEBUG main            d.u.i.k.p.i.AbstractProblemLoader Init config took 3.22s 
17065      INFO  main            d.u.i.k.p.i.AbstractProblemLoader Replaying proof Simple[Simple::addAbsoluteValues(int,int)].JML normal_behavior operation contract.0 
17068      DEBUG main            d.u.i.k.p.i.IntermediateProofReplayer Proof replay took 15.9ns 
18077      INFO  main            d.u.i.k.p.r.p.TestFile    ... finished proof: closed. 
18260      INFO  main            d.u.i.k.p.i.AbstractProblemLoader Loading environment from /home/runner/work/key/key/key.core/../key.ui/examples/heap/block_contracts/Simple__addAbsoluteValues.key.proof 
18261      DEBUG main            d.u.i.k.p.i.AbstractProblemLoader Environment load took 680.5ns 
18264      INFO  main            d.u.i.k.p.i.AbstractProblemLoader Creating init config 
21472      DEBUG main            d.u.i.k.p.i.AbstractProblemLoader Init config took 3.21s 
21522      INFO  main            d.u.i.k.p.i.AbstractProblemLoader Replaying proof Simple[Simple::addAbsoluteValues(int,int)].JML normal_behavior operation contract.0 
21673      DEBUG main            d.u.i.k.p.i.IntermediateProofReplayer Proof replay took 142.68ms 
21675      DEBUG main            d.u.i.k.p.r.p.TestFile    ... success: reloaded. 
21676      INFO  main            d.u.i.k.p.r.p.TestFile    Now processing file /home/runner/work/key/key/key.core/../key.ui/examples/heap/block_contracts/Simple__addWithJump.key 
21676      INFO  main            d.u.i.k.p.i.AbstractProblemLoader Loading environment from /home/runner/work/key/key/key.core/../key.ui/examples/heap/block_contracts/Simple__addWithJump.key 
21677      DEBUG main            d.u.i.k.p.i.AbstractProblemLoader Environment load took 242.5ns 
21678      INFO  main            d.u.i.k.p.i.AbstractProblemLoader Creating init config 
24769      DEBUG main            d.u.i.k.p.i.AbstractProblemLoader Init config took 3.09s 
24816      INFO  main            d.u.i.k.p.i.AbstractProblemLoader Replaying proof Simple[Simple::addWithJump(int,int,int)].JML operation contract.0 
24818      DEBUG main            d.u.i.k.p.i.IntermediateProofReplayer Proof replay took 22.8ns 
25021      INFO  main            d.u.i.k.p.r.p.TestFile    ... finished proof: closed. 
25196      INFO  main            d.u.i.k.p.i.AbstractProblemLoader Loading environment from /home/runner/work/key/key/key.core/../key.ui/examples/heap/block_contracts/Simple__addWithJump.key.proof 
25196      DEBUG main            d.u.i.k.p.i.AbstractProblemLoader Environment load took 125.2ns 
25198      INFO  main            d.u.i.k.p.i.AbstractProblemLoader Creating init config 
28231      DEBUG main            d.u.i.k.p.i.AbstractProblemLoader Init config took 3.03s 
28276      INFO  main            d.u.i.k.p.i.AbstractProblemLoader Replaying proof Simple[Simple::addWithJump(int,int,int)].JML operation contract.0 
28324      DEBUG main            d.u.i.k.p.i.IntermediateProofReplayer Proof replay took 45.8ms 
28325      DEBUG main            d.u.i.k.p.r.p.TestFile    ... success: reloaded. 
28326      INFO  main            d.u.i.k.p.r.p.TestFile    Now processing file /home/runner/work/key/key/key.core/../key.ui/examples/heap/block_contracts/Simple__addWithTwoBlockContracts.key 
28327      INFO  main            d.u.i.k.p.i.AbstractProblemLoader Loading environment from /home/runner/work/key/key/key.core/../key.ui/examples/heap/block_contracts/Simple__addWithTwoBlockContracts.key 
28327      DEBUG main            d.u.i.k.p.i.AbstractProblemLoader Environment load took 218.5ns 
28328      INFO  main            d.u.i.k.p.i.AbstractProblemLoader Creating init config 
31441      DEBUG main            d.u.i.k.p.i.AbstractProblemLoader Init config took 3.11s 
31484      INFO  main            d.u.i.k.p.i.AbstractProblemLoader Replaying proof Simple[Simple::addWithTwoBlockContracts(int,int,int)].JML operation contract.0 
31486      DEBUG main            d.u.i.k.p.i.IntermediateProofReplayer Proof replay took 12.3ns 
31789      INFO  main            d.u.i.k.p.r.p.TestFile    ... finished proof: closed. 
31964      INFO  main            d.u.i.k.p.i.AbstractProblemLoader Loading environment from /home/runner/work/key/key/key.core/../key.ui/examples/heap/block_contracts/Simple__addWithTwoBlockContracts.key.proof 
31964      DEBUG main            d.u.i.k.p.i.AbstractProblemLoader Environment load took 129.8ns 
31965      INFO  main            d.u.i.k.p.i.AbstractProblemLoader Creating init config 
34985      DEBUG main            d.u.i.k.p.i.AbstractProblemLoader Init config took 3.02s 
35029      INFO  main            d.u.i.k.p.i.AbstractProblemLoader Replaying proof Simple[Simple::addWithTwoBlockContracts(int,int,int)].JML operation contract.0 
35080      DEBUG main            d.u.i.k.p.i.IntermediateProofReplayer Proof replay took 47.74ms 
35081      DEBUG main            d.u.i.k.p.r.p.TestFile    ... success: reloaded. 
35082      INFO  main            d.u.i.k.p.r.p.TestFile    Now processing file /home/runner/work/key/key/key.core/../key.ui/examples/heap/block_contracts/Simple__generateByteArray.key 
35082      INFO  main            d.u.i.k.p.i.AbstractProblemLoader Loading environment from /home/runner/work/key/key/key.core/../key.ui/examples/heap/block_contracts/Simple__generateByteArray.key 
35082      DEBUG main            d.u.i.k.p.i.AbstractProblemLoader Environment load took 113.9ns 
35083      INFO  main            d.u.i.k.p.i.AbstractProblemLoader Creating init config 
38190      DEBUG main            d.u.i.k.p.i.AbstractProblemLoader Init config took 3.11s 
38263      INFO  main            d.u.i.k.p.i.AbstractProblemLoader Replaying proof Simple[Simple::generateByteArray()].JML normal_behavior operation contract.0 
38265      DEBUG main            d.u.i.k.p.i.IntermediateProofReplayer Proof replay took 10.7ns 
39872      INFO  main            d.u.i.k.p.r.p.TestFile    ... finished proof: closed. 
40067      INFO  main            d.u.i.k.p.i.AbstractProblemLoader Loading environment from /home/runner/work/key/key/key.core/../key.ui/examples/heap/block_contracts/Simple__generateByteArray.key.proof 
40068      DEBUG main            d.u.i.k.p.i.AbstractProblemLoader Environment load took 864.61ns 
40069      INFO  main            d.u.i.k.p.i.AbstractProblemLoader Creating init config 
43150      DEBUG main            d.u.i.k.p.i.AbstractProblemLoader Init config took 3.08s 
43197      INFO  main            d.u.i.k.p.i.AbstractProblemLoader Replaying proof Simple[Simple::generateByteArray()].JML normal_behavior operation contract.0 
43446      DEBUG main            d.u.i.k.p.i.IntermediateProofReplayer Proof replay took 234.17ms 
43448      DEBUG main            d.u.i.k.p.r.p.TestFile    ... success: reloaded. 
43449      INFO  main            d.u.i.k.p.r.p.TestFile    Now processing file /home/runner/work/key/key/key.core/../key.ui/examples/heap/block_contracts/Simple__getLength.key 
43450      INFO  main            d.u.i.k.p.i.AbstractProblemLoader Loading environment from /home/runner/work/key/key/key.core/../key.ui/examples/heap/block_contracts/Simple__getLength.key 
43450      DEBUG main            d.u.i.k.p.i.AbstractProblemLoader Environment load took 265.1ns 
43451      INFO  main            d.u.i.k.p.i.AbstractProblemLoader Creating init config 
46536      DEBUG main            d.u.i.k.p.i.AbstractProblemLoader Init config took 3.08s 
46598      INFO  main            d.u.i.k.p.i.AbstractProblemLoader Replaying proof Simple[Simple::getLength()].JML normal_behavior operation contract.0 
46601      DEBUG main            d.u.i.k.p.i.IntermediateProofReplayer Proof replay took 11.7ns 
46705      INFO  main            d.u.i.k.p.r.p.TestFile    ... finished proof: closed. 
46907      INFO  main            d.u.i.k.p.i.AbstractProblemLoader Loading environment from /home/runner/work/key/key/key.core/../key.ui/examples/heap/block_contracts/Simple__getLength.key.proof 
46907      DEBUG main            d.u.i.k.p.i.AbstractProblemLoader Environment load took 131.1ns 
46908      INFO  main            d.u.i.k.p.i.AbstractProblemLoader Creating init config 
49913      DEBUG main            d.u.i.k.p.i.AbstractProblemLoader Init config took 3s 
49971      INFO  main            d.u.i.k.p.i.AbstractProblemLoader Replaying proof Simple[Simple::getLength()].JML normal_behavior operation contract.0 
49978      DEBUG main            d.u.i.k.p.i.IntermediateProofReplayer Proof replay took 6.14ms 
49979      DEBUG main            d.u.i.k.p.r.p.TestFile    ... success: reloaded. 
49980      INFO  main            d.u.i.k.p.r.p.TestFile    Now processing file /home/runner/work/key/key/key.core/../key.ui/examples/heap/block_contracts/Simple__square.key 
49981      INFO  main            d.u.i.k.p.i.AbstractProblemLoader Loading environment from /home/runner/work/key/key/key.core/../key.ui/examples/heap/block_contracts/Simple__square.key 
49981      DEBUG main            d.u.i.k.p.i.AbstractProblemLoader Environment load took 129.3ns 
49982      INFO  main            d.u.i.k.p.i.AbstractProblemLoader Creating init config 
52963      DEBUG main            d.u.i.k.p.i.AbstractProblemLoader Init config took 2.98s 
53003      INFO  main            d.u.i.k.p.i.AbstractProblemLoader Replaying proof Simple[Simple::square(int)].JML operation contract.0 
53005      DEBUG main            d.u.i.k.p.i.IntermediateProofReplayer Proof replay took 13.4ns 
53312      INFO  main            d.u.i.k.p.r.p.TestFile    ... finished proof: closed. 
53521      INFO  main            d.u.i.k.p.i.AbstractProblemLoader Loading environment from /home/runner/work/key/key/key.core/../key.ui/examples/heap/block_contracts/Simple__square.key.proof 
53522      DEBUG main            d.u.i.k.p.i.AbstractProblemLoader Environment load took 663.2ns 
53523      INFO  main            d.u.i.k.p.i.AbstractProblemLoader Creating init config 
56474      DEBUG main            d.u.i.k.p.i.AbstractProblemLoader Init config took 2.95s 
56525      INFO  main            d.u.i.k.p.i.AbstractProblemLoader Replaying proof Simple[Simple::square(int)].JML operation contract.0 
56600      DEBUG main            d.u.i.k.p.i.IntermediateProofReplayer Proof replay took 71.29ms 
56601      DEBUG main            d.u.i.k.p.r.p.TestFile    ... success: reloaded. 
56602      INFO  main            d.u.i.k.p.r.p.TestFile    Now processing file /home/runner/work/key/key/key.core/../key.ui/examples/heap/block_contracts/Simple__unnecessaryBlockContract.key 
56602      INFO  main            d.u.i.k.p.i.AbstractProblemLoader Loading environment from /home/runner/work/key/key/key.core/../key.ui/examples/heap/block_contracts/Simple__unnecessaryBlockContract.key 
56603      DEBUG main            d.u.i.k.p.i.AbstractProblemLoader Environment load took 111.9ns 
56603      INFO  main            d.u.i.k.p.i.AbstractProblemLoader Creating init config 
59671      DEBUG main            d.u.i.k.p.i.AbstractProblemLoader Init config took 3.07s 
59725      INFO  main            d.u.i.k.p.i.AbstractProblemLoader Replaying proof Simple[Simple::unnecessaryBlockContract()].JML operation contract.0 
59727      DEBUG main            d.u.i.k.p.i.IntermediateProofReplayer Proof replay took 13.4ns 
59829      INFO  main            d.u.i.k.p.r.p.TestFile    ... finished proof: closed. 
60036      INFO  main            d.u.i.k.p.i.AbstractProblemLoader Loading environment from /home/runner/work/key/key/key.core/../key.ui/examples/heap/block_contracts/Simple__unnecessaryBlockContract.key.proof 
60036      DEBUG main            d.u.i.k.p.i.AbstractProblemLoader Environment load took 134.2ns 
60037      INFO  main            d.u.i.k.p.i.AbstractProblemLoader Creating init config 
63042      DEBUG main            d.u.i.k.p.i.AbstractProblemLoader Init config took 3.01s 
63080      INFO  main            d.u.i.k.p.i.AbstractProblemLoader Replaying proof Simple[Simple::unnecessaryBlockContract()].JML operation contract.0 
63100      DEBUG main            d.u.i.k.p.i.IntermediateProofReplayer Proof replay took 17.2ms 
63101      DEBUG main            d.u.i.k.p.r.p.TestFile    ... success: reloaded. 
63102      INFO  main            d.u.i.k.p.r.p.TestFile    Now processing file /home/runner/work/key/key/key.core/../key.ui/examples/heap/block_contracts/Simple__unnecessaryLoopInvariant.key 
63103      INFO  main            d.u.i.k.p.i.AbstractProblemLoader Loading environment from /home/runner/work/key/key/key.core/../key.ui/examples/heap/block_contracts/Simple__unnecessaryLoopInvariant.key 
63103      DEBUG main            d.u.i.k.p.i.AbstractProblemLoader Environment load took 259.6ns 
63104      INFO  main            d.u.i.k.p.i.AbstractProblemLoader Creating init config 
66083      DEBUG main            d.u.i.k.p.i.AbstractProblemLoader Init config took 2.98s 
66123      INFO  main            d.u.i.k.p.i.AbstractProblemLoader Replaying proof Simple[Simple::unnecessaryLoopInvariant()].JML operation contract.0 
66125      DEBUG main            d.u.i.k.p.i.IntermediateProofReplayer Proof replay took 11.5ns 
66226      INFO  main            d.u.i.k.p.r.p.TestFile    ... finished proof: closed. 
66420      INFO  main            d.u.i.k.p.i.AbstractProblemLoader Loading environment from /home/runner/work/key/key/key.core/../key.ui/examples/heap/block_contracts/Simple__unnecessaryLoopInvariant.key.proof 
66420      DEBUG main            d.u.i.k.p.i.AbstractProblemLoader Environment load took 133.9ns 
66421      INFO  main            d.u.i.k.p.i.AbstractProblemLoader Creating init config 
69386      DEBUG main            d.u.i.k.p.i.AbstractProblemLoader Init config took 2.97s 
69423      INFO  main            d.u.i.k.p.i.AbstractProblemLoader Replaying proof Simple[Simple::unnecessaryLoopInvariant()].JML operation contract.0 
69434      DEBUG main            d.u.i.k.p.i.IntermediateProofReplayer Proof replay took 9.03ms 
69435      DEBUG main            d.u.i.k.p.r.p.TestFile    ... success: reloaded. 
69437      INFO  main            d.u.i.k.p.r.p.TestFile    Now processing file /home/runner/work/key/key/key.core/../key.ui/examples/standard_key/java_dl/jml-assert/assert.key 
69437      INFO  main            d.u.i.k.p.i.AbstractProblemLoader Loading environment from /home/runner/work/key/key/key.core/../key.ui/examples/standard_key/java_dl/jml-assert/assert.key 
69437      DEBUG main            d.u.i.k.p.i.AbstractProblemLoader Environment load took 235ns 
69438      INFO  main            d.u.i.k.p.i.AbstractProblemLoader Creating init config 
72110      DEBUG main            d.u.i.k.p.i.AbstractProblemLoader Init config took 2.67s 
72153      INFO  main            d.u.i.k.p.i.AbstractProblemLoader Replaying proof Assert[Assert::createArray(int)].JML normal_behavior operation contract.0 
72156      DEBUG main            d.u.i.k.p.i.IntermediateProofReplayer Proof replay took 8.7ns 
72359      INFO  main            d.u.i.k.p.r.p.TestFile    ... finished proof: closed. 
72561      INFO  main            d.u.i.k.p.i.AbstractProblemLoader Loading environment from /home/runner/work/key/key/key.core/../key.ui/examples/standard_key/java_dl/jml-assert/assert.key.proof 
72561      DEBUG main            d.u.i.k.p.i.AbstractProblemLoader Environment load took 131.4ns 
72563      INFO  main            d.u.i.k.p.i.AbstractProblemLoader Creating init config 
75143      DEBUG main            d.u.i.k.p.i.AbstractProblemLoader Init config took 2.58s 
75183      INFO  main            d.u.i.k.p.i.AbstractProblemLoader Replaying proof Assert[Assert::createArray(int)].JML normal_behavior operation contract.0 
75246      DEBUG main            d.u.i.k.p.i.IntermediateProofReplayer Proof replay took 60.89ms 
75247      DEBUG main            d.u.i.k.p.r.p.TestFile    ... success: reloaded. 
75249      INFO  main            d.u.i.k.p.r.p.TestFile    Now processing file /home/runner/work/key/key/key.core/../key.ui/examples/standard_key/java_dl/jml-assert/assert_assume_order.key 
75250      INFO  main            d.u.i.k.p.i.AbstractProblemLoader Loading environment from /home/runner/work/key/key/key.core/../key.ui/examples/standard_key/java_dl/jml-assert/assert_assume_order.key 
75250      DEBUG main            d.u.i.k.p.i.AbstractProblemLoader Environment load took 303.1ns 
75251      INFO  main            d.u.i.k.p.i.AbstractProblemLoader Creating init config 
77896      DEBUG main            d.u.i.k.p.i.AbstractProblemLoader Init config took 2.65s 
77932      INFO  main            d.u.i.k.p.i.AbstractProblemLoader Replaying proof AssertAssume[AssertAssume::singleAssumeAssert(int)].JML normal_behavior operation contract.0 
77933      DEBUG main            d.u.i.k.p.i.IntermediateProofReplayer Proof replay took 7.1ns 
78040      INFO  main            d.u.i.k.p.r.p.TestFile    ... finished proof: closed. 
78236      INFO  main            d.u.i.k.p.i.AbstractProblemLoader Loading environment from /home/runner/work/key/key/key.core/../key.ui/examples/standard_key/java_dl/jml-assert/assert_assume_order.key.proof 
78236      DEBUG main            d.u.i.k.p.i.AbstractProblemLoader Environment load took 135.6ns 
78237      INFO  main            d.u.i.k.p.i.AbstractProblemLoader Creating init config 
80780      DEBUG main            d.u.i.k.p.i.AbstractProblemLoader Init config took 2.54s 
80815      INFO  main            d.u.i.k.p.i.AbstractProblemLoader Replaying proof AssertAssume[AssertAssume::singleAssumeAssert(int)].JML normal_behavior operation contract.0 
80823      DEBUG main            d.u.i.k.p.i.IntermediateProofReplayer Proof replay took 6.96ms 
80825      DEBUG main            d.u.i.k.p.r.p.TestFile    ... success: reloaded. 
80826      INFO  main            d.u.i.k.p.r.p.TestFile    Now processing file /home/runner/work/key/key/key.core/../key.ui/examples/heap/block_loop_contracts/SimpleVariants/sum_onBlock_external.key 
80827      INFO  main            d.u.i.k.p.i.AbstractProblemLoader Loading environment from /home/runner/work/key/key/key.core/../key.ui/examples/heap/block_loop_contracts/SimpleVariants/sum_onBlock_external.key 
80827      DEBUG main            d.u.i.k.p.i.AbstractProblemLoader Environment load took 248ns 
80828      INFO  main            d.u.i.k.p.i.AbstractProblemLoader Creating init config 
83762      DEBUG main            d.u.i.k.p.i.AbstractProblemLoader Init config took 2.93s 
83796      INFO  main            d.u.i.k.p.i.AbstractProblemLoader Replaying proof LoopContractExamplesAll[LoopContractExamplesAll::sum_loopContract_onBlock([I)].JML normal_behavior operation contract.0 
83799      DEBUG main            d.u.i.k.p.i.IntermediateProofReplayer Proof replay took 12.9ns 
83904      INFO  main            d.u.i.k.p.r.p.TestFile    ... finished proof: closed. 
84127      INFO  main            d.u.i.k.p.i.AbstractProblemLoader Loading environment from /home/runner/work/key/key/key.core/../key.ui/examples/heap/block_loop_contracts/SimpleVariants/sum_onBlock_external.key.proof 
84127      DEBUG main            d.u.i.k.p.i.AbstractProblemLoader Environment load took 136.6ns 
84128      INFO  main            d.u.i.k.p.i.AbstractProblemLoader Creating init config 
86896      DEBUG main            d.u.i.k.p.i.AbstractProblemLoader Init config took 2.77s 
86930      INFO  main            d.u.i.k.p.i.AbstractProblemLoader Replaying proof LoopContractExamplesAll[LoopContractExamplesAll::sum_loopContract_onBlock([I)].JML normal_behavior operation contract.0 
86959      DEBUG main            d.u.i.k.p.i.IntermediateProofReplayer Proof replay took 27.27ms 
86960      DEBUG main            d.u.i.k.p.r.p.TestFile    ... success: reloaded. 
86962      INFO  main            d.u.i.k.p.r.p.TestFile    Now processing file /home/runner/work/key/key/key.core/../key.ui/examples/heap/block_loop_contracts/SimpleVariants/sum_onBlock_internal.key 
86962      INFO  main            d.u.i.k.p.i.AbstractProblemLoader Loading environment from /home/runner/work/key/key/key.core/../key.ui/examples/heap/block_loop_contracts/SimpleVariants/sum_onBlock_internal.key 
86962      DEBUG main            d.u.i.k.p.i.AbstractProblemLoader Environment load took 230.7ns 
86963      INFO  main            d.u.i.k.p.i.AbstractProblemLoader Creating init config 
89814      DEBUG main            d.u.i.k.p.i.AbstractProblemLoader Init config took 2.85s 
89851      INFO  main            d.u.i.k.p.i.AbstractProblemLoader Replaying proof LoopContractExamplesAll[LoopContractExamplesAll::sum_loopContract_onBlock([I)].JML normal_behavior operation contract.0 
89858      DEBUG main            d.u.i.k.p.i.IntermediateProofReplayer Proof replay took 12.3ns 
90468      INFO  main            d.u.i.k.p.r.p.TestFile    ... finished proof: closed. 
90732      INFO  main            d.u.i.k.p.i.AbstractProblemLoader Loading environment from /home/runner/work/key/key/key.core/../key.ui/examples/heap/block_loop_contracts/SimpleVariants/sum_onBlock_internal.key.proof 
90732      DEBUG main            d.u.i.k.p.i.AbstractProblemLoader Environment load took 125.8ns 
90733      INFO  main            d.u.i.k.p.i.AbstractProblemLoader Creating init config 
93481      DEBUG main            d.u.i.k.p.i.AbstractProblemLoader Init config took 2.75s 
93513      INFO  main            d.u.i.k.p.i.AbstractProblemLoader Replaying proof LoopContractExamplesAll[LoopContractExamplesAll::sum_loopContract_onBlock([I)].JML normal_behavior operation contract.0 
93724      DEBUG main            d.u.i.k.p.i.IntermediateProofReplayer Proof replay took 205.56ms 
93725      DEBUG main            d.u.i.k.p.r.p.TestFile    ... success: reloaded. 
93727      INFO  main            d.u.i.k.p.r.p.TestFile    Now processing file /home/runner/work/key/key/key.core/../key.ui/examples/heap/block_loop_contracts/SimpleVariants/sum_onBlock_loop.key 
93728      INFO  main            d.u.i.k.p.i.AbstractProblemLoader Loading environment from /home/runner/work/key/key/key.core/../key.ui/examples/heap/block_loop_contracts/SimpleVariants/sum_onBlock_loop.key 
93728      DEBUG main            d.u.i.k.p.i.AbstractProblemLoader Environment load took 257.3ns 
93729      INFO  main            d.u.i.k.p.i.AbstractProblemLoader Creating init config 
96609      DEBUG main            d.u.i.k.p.i.AbstractProblemLoader Init config took 2.88s 
96645      INFO  main            d.u.i.k.p.i.AbstractProblemLoader Replaying proof LoopContractExamplesAll[LoopContractExamplesAll::sum_loopContract_onBlock([I)].JML normal_behavior loop contract.0 
96646      DEBUG main            d.u.i.k.p.i.IntermediateProofReplayer Proof replay took 10.6ns 
97350      INFO  main            d.u.i.k.p.r.p.TestFile    ... finished proof: closed. 
97633      INFO  main            d.u.i.k.p.i.AbstractProblemLoader Loading environment from /home/runner/work/key/key/key.core/../key.ui/examples/heap/block_loop_contracts/SimpleVariants/sum_onBlock_loop.key.proof 
97634      DEBUG main            d.u.i.k.p.i.AbstractProblemLoader Environment load took 496.9ns 
97635      INFO  main            d.u.i.k.p.i.AbstractProblemLoader Creating init config 
100389     DEBUG main            d.u.i.k.p.i.AbstractProblemLoader Init config took 2.75s 
100422     INFO  main            d.u.i.k.p.i.AbstractProblemLoader Replaying proof LoopContractExamplesAll[LoopContractExamplesAll::sum_loopContract_onBlock([I)].JML normal_behavior loop contract.0 
100626     DEBUG main            d.u.i.k.p.i.IntermediateProofReplayer Proof replay took 200.51ms 
100627     DEBUG main            d.u.i.k.p.r.p.TestFile    ... success: reloaded. 
100628     INFO  main            d.u.i.k.p.r.p.TestFile    Now processing file /home/runner/work/key/key/key.core/../key.ui/examples/heap/block_loop_contracts/SimpleVariants/sum_onLoop_external.key 
100628     INFO  main            d.u.i.k.p.i.AbstractProblemLoader Loading environment from /home/runner/work/key/key/key.core/../key.ui/examples/heap/block_loop_contracts/SimpleVariants/sum_onLoop_external.key 
100629     DEBUG main            d.u.i.k.p.i.AbstractProblemLoader Environment load took 254.7ns 
100630     INFO  main            d.u.i.k.p.i.AbstractProblemLoader Creating init config 
103459     DEBUG main            d.u.i.k.p.i.AbstractProblemLoader Init config took 2.83s 
103492     INFO  main            d.u.i.k.p.i.AbstractProblemLoader Replaying proof LoopContractExamplesAll[LoopContractExamplesAll::sum_loopContract_onLoop([I)].JML normal_behavior operation contract.0 
103493     DEBUG main            d.u.i.k.p.i.IntermediateProofReplayer Proof replay took 25.7ns 
103595     INFO  main            d.u.i.k.p.r.p.TestFile    ... finished proof: closed. 
103884     INFO  main            d.u.i.k.p.i.AbstractProblemLoader Loading environment from /home/runner/work/key/key/key.core/../key.ui/examples/heap/block_loop_contracts/SimpleVariants/sum_onLoop_external.key.proof 
103884     DEBUG main            d.u.i.k.p.i.AbstractProblemLoader Environment load took 114.4ns 
103885     INFO  main            d.u.i.k.p.i.AbstractProblemLoader Creating init config 
106617     DEBUG main            d.u.i.k.p.i.AbstractProblemLoader Init config took 2.73s 
106649     INFO  main            d.u.i.k.p.i.AbstractProblemLoader Replaying proof LoopContractExamplesAll[LoopContractExamplesAll::sum_loopContract_onLoop([I)].JML normal_behavior operation contract.0 
106689     DEBUG main            d.u.i.k.p.i.IntermediateProofReplayer Proof replay took 38.75ms 
106692     DEBUG main            d.u.i.k.p.r.p.TestFile    ... success: reloaded. 
106693     INFO  main            d.u.i.k.p.r.p.TestFile    Now processing file /home/runner/work/key/key/key.core/../key.ui/examples/heap/block_loop_contracts/SimpleVariants/sum_onLoop_internal.key 
106693     INFO  main            d.u.i.k.p.i.AbstractProblemLoader Loading environment from /home/runner/work/key/key/key.core/../key.ui/examples/heap/block_loop_contracts/SimpleVariants/sum_onLoop_internal.key 
106694     DEBUG main            d.u.i.k.p.i.AbstractProblemLoader Environment load took 243.7ns 
106695     INFO  main            d.u.i.k.p.i.AbstractProblemLoader Creating init config 
109512     DEBUG main            d.u.i.k.p.i.AbstractProblemLoader Init config took 2.82s 
109544     INFO  main            d.u.i.k.p.i.AbstractProblemLoader Replaying proof LoopContractExamplesAll[LoopContractExamplesAll::sum_loopContract_onLoop([I)].JML normal_behavior operation contract.0 
109546     DEBUG main            d.u.i.k.p.i.IntermediateProofReplayer Proof replay took 12.8ns 
110157     INFO  main            d.u.i.k.p.r.p.TestFile    ... finished proof: closed. 
110431     INFO  main            d.u.i.k.p.i.AbstractProblemLoader Loading environment from /home/runner/work/key/key/key.core/../key.ui/examples/heap/block_loop_contracts/SimpleVariants/sum_onLoop_internal.key.proof 
110431     DEBUG main            d.u.i.k.p.i.AbstractProblemLoader Environment load took 127.1ns 
110432     INFO  main            d.u.i.k.p.i.AbstractProblemLoader Creating init config 
113183     DEBUG main            d.u.i.k.p.i.AbstractProblemLoader Init config took 2.75s 
113215     INFO  main            d.u.i.k.p.i.AbstractProblemLoader Replaying proof LoopContractExamplesAll[LoopContractExamplesAll::sum_loopContract_onLoop([I)].JML normal_behavior operation contract.0 
113402     DEBUG main            d.u.i.k.p.i.IntermediateProofReplayer Proof replay took 182.66ms 
113403     DEBUG main            d.u.i.k.p.r.p.TestFile    ... success: reloaded. 
113404     INFO  main            d.u.i.k.p.r.p.TestFile    Now processing file /home/runner/work/key/key/key.core/../key.ui/examples/heap/block_loop_contracts/SimpleVariants/sum_onLoop_loop.key 
113404     INFO  main            d.u.i.k.p.i.AbstractProblemLoader Loading environment from /home/runner/work/key/key/key.core/../key.ui/examples/heap/block_loop_contracts/SimpleVariants/sum_onLoop_loop.key 
113404     DEBUG main            d.u.i.k.p.i.AbstractProblemLoader Environment load took 241.2ns 
113406     INFO  main            d.u.i.k.p.i.AbstractProblemLoader Creating init config 
116246     DEBUG main            d.u.i.k.p.i.AbstractProblemLoader Init config took 2.84s 
116279     INFO  main            d.u.i.k.p.i.AbstractProblemLoader Replaying proof LoopContractExamplesAll[LoopContractExamplesAll::sum_loopContract_onLoop([I)].JML normal_behavior loop contract.0 
116280     DEBUG main            d.u.i.k.p.i.IntermediateProofReplayer Proof replay took 12.5ns 
116984     INFO  main            d.u.i.k.p.r.p.TestFile    ... finished proof: closed. 
117282     INFO  main            d.u.i.k.p.i.AbstractProblemLoader Loading environment from /home/runner/work/key/key/key.core/../key.ui/examples/heap/block_loop_contracts/SimpleVariants/sum_onLoop_loop.key.proof 
117283     DEBUG main            d.u.i.k.p.i.AbstractProblemLoader Environment load took 618.5ns 
117284     INFO  main            d.u.i.k.p.i.AbstractProblemLoader Creating init config 
120010     DEBUG main            d.u.i.k.p.i.AbstractProblemLoader Init config took 2.73s 
120051     INFO  main            d.u.i.k.p.i.AbstractProblemLoader Replaying proof LoopContractExamplesAll[LoopContractExamplesAll::sum_loopContract_onLoop([I)].JML normal_behavior loop contract.0 
120251     DEBUG main            d.u.i.k.p.i.IntermediateProofReplayer Proof replay took 195.04ms 
120253     DEBUG main            d.u.i.k.p.r.p.TestFile    ... success: reloaded. 
120254     INFO  main            d.u.i.k.p.r.p.TestFile    Now processing file /home/runner/work/key/key/key.core/../key.ui/examples/heap/block_loop_contracts/Free/blockContracts0.key 
120254     INFO  main            d.u.i.k.p.i.AbstractProblemLoader Loading environment from /home/runner/work/key/key/key.core/../key.ui/examples/heap/block_loop_contracts/Free/blockContracts0.key 
120254     DEBUG main            d.u.i.k.p.i.AbstractProblemLoader Environment load took 227.4ns 
120255     INFO  main            d.u.i.k.p.i.AbstractProblemLoader Creating init config 
122739     DEBUG main            d.u.i.k.p.i.AbstractProblemLoader Init config took 2.48s 
122771     INFO  main            d.u.i.k.p.i.AbstractProblemLoader Replaying proof FreeConditions[FreeConditions::blockContract0()].JML normal_behavior operation contract.0 
122772     DEBUG main            d.u.i.k.p.i.IntermediateProofReplayer Proof replay took 11.8ns 
122874     INFO  main            d.u.i.k.p.r.p.TestFile    ... finished proof: closed. 
123152     INFO  main            d.u.i.k.p.i.AbstractProblemLoader Loading environment from /home/runner/work/key/key/key.core/../key.ui/examples/heap/block_loop_contracts/Free/blockContracts0.key.proof 
123152     DEBUG main            d.u.i.k.p.i.AbstractProblemLoader Environment load took 112.1ns 
123153     INFO  main            d.u.i.k.p.i.AbstractProblemLoader Creating init config 
125545     DEBUG main            d.u.i.k.p.i.AbstractProblemLoader Init config took 2.39s 
125577     INFO  main            d.u.i.k.p.i.AbstractProblemLoader Replaying proof FreeConditions[FreeConditions::blockContract0()].JML normal_behavior operation contract.0 
125594     DEBUG main            d.u.i.k.p.i.IntermediateProofReplayer Proof replay took 15.75ms 
125595     DEBUG main            d.u.i.k.p.r.p.TestFile    ... success: reloaded. 
125596     INFO  main            d.u.i.k.p.r.p.TestFile    Now processing file /home/runner/work/key/key/key.core/../key.ui/examples/heap/block_loop_contracts/Free/blockContracts1.key 
125596     INFO  main            d.u.i.k.p.i.AbstractProblemLoader Loading environment from /home/runner/work/key/key/key.core/../key.ui/examples/heap/block_loop_contracts/Free/blockContracts1.key 
125596     DEBUG main            d.u.i.k.p.i.AbstractProblemLoader Environment load took 107.1ns 
125597     INFO  main            d.u.i.k.p.i.AbstractProblemLoader Creating init config 
128049     DEBUG main            d.u.i.k.p.i.AbstractProblemLoader Init config took 2.45s 
128080     INFO  main            d.u.i.k.p.i.AbstractProblemLoader Replaying proof FreeConditions[FreeConditions::blockContract1()].JML normal_behavior operation contract.0 
128082     DEBUG main            d.u.i.k.p.i.IntermediateProofReplayer Proof replay took 11.5ns 
128187     INFO  main            d.u.i.k.p.r.p.TestFile    ... finished proof: closed. 
128450     INFO  main            d.u.i.k.p.i.AbstractProblemLoader Loading environment from /home/runner/work/key/key/key.core/../key.ui/examples/heap/block_loop_contracts/Free/blockContracts1.key.proof 
128450     DEBUG main            d.u.i.k.p.i.AbstractProblemLoader Environment load took 118.1ns 
128451     INFO  main            d.u.i.k.p.i.AbstractProblemLoader Creating init config 
130846     DEBUG main            d.u.i.k.p.i.AbstractProblemLoader Init config took 2.4s 
130877     INFO  main            d.u.i.k.p.i.AbstractProblemLoader Replaying proof FreeConditions[FreeConditions::blockContract1()].JML normal_behavior operation contract.0 
130892     DEBUG main            d.u.i.k.p.i.IntermediateProofReplayer Proof replay took 13.45ms 
130893     DEBUG main            d.u.i.k.p.r.p.TestFile    ... success: reloaded. 
130894     INFO  main            d.u.i.k.p.r.p.TestFile    Now processing file /home/runner/work/key/key/key.core/../key.ui/examples/heap/block_loop_contracts/Finally/block_finally.key 
130894     INFO  main            d.u.i.k.p.i.AbstractProblemLoader Loading environment from /home/runner/work/key/key/key.core/../key.ui/examples/heap/block_loop_contracts/Finally/block_finally.key 
130894     DEBUG main            d.u.i.k.p.i.AbstractProblemLoader Environment load took 80.6ns 
130895     INFO  main            d.u.i.k.p.i.AbstractProblemLoader Creating init config 
133369     DEBUG main            d.u.i.k.p.i.AbstractProblemLoader Init config took 2.47s 
133402     INFO  main            d.u.i.k.p.i.AbstractProblemLoader Replaying proof AuxiliaryContractsFinally[AuxiliaryContractsFinally::breakThrowContinueBlockContract(java.lang.Exception)].JML block contract.0 
133404     DEBUG main            d.u.i.k.p.i.IntermediateProofReplayer Proof replay took 12.1ns 
133940     INFO  main            d.u.i.k.p.r.p.TestFile    ... finished proof: open goal(s) 
134208     INFO  main            d.u.i.k.p.r.p.TestFile    Now processing file /home/runner/work/key/key/key.core/../key.ui/examples/heap/block_loop_contracts/Finally/loop_finally.key 
134209     INFO  main            d.u.i.k.p.i.AbstractProblemLoader Loading environment from /home/runner/work/key/key/key.core/../key.ui/examples/heap/block_loop_contracts/Finally/loop_finally.key 
134209     DEBUG main            d.u.i.k.p.i.AbstractProblemLoader Environment load took 59.3ns 
134210     INFO  main            d.u.i.k.p.i.AbstractProblemLoader Creating init config 
136658     DEBUG main            d.u.i.k.p.i.AbstractProblemLoader Init config took 2.45s 
136693     INFO  main            d.u.i.k.p.i.AbstractProblemLoader Replaying proof AuxiliaryContractsFinally[AuxiliaryContractsFinally::breakThrowContinueLoopContract(java.lang.Exception)].JML normal_behavior loop contract.0 
136694     DEBUG main            d.u.i.k.p.i.IntermediateProofReplayer Proof replay took 11.9ns 
137307     INFO  main            d.u.i.k.p.r.p.TestFile    ... finished proof: open goal(s) 
628775     INFO  Test worker     d.u.i.k.p.r.RunAllProofsTestUnit Returning from test blockContracts 
628777     INFO  Test worker     d.u.i.k.p.r.RunAllProofsTestUnit Running test jmlAsserts 
380        INFO  Timeout watchdog d.u.i.k.p.r.p.ForkedTestFileRunner Timeout watcher launched (2000 secs.) 
387        WARN  main            d.u.i.k.s.ProofSettings   The settings in /home/runner/.key/proof-settings.props are *not* read. 
414        INFO  main            d.u.i.k.p.r.p.TestFile    Now processing file /home/runner/work/key/key/key.core/../key.ui/examples/standard_key/java_dl/jml-assert/assert.key 
520        INFO  main            d.u.i.k.p.i.AbstractProblemLoader Loading environment from /home/runner/work/key/key/key.core/../key.ui/examples/standard_key/java_dl/jml-assert/assert.key 
549        DEBUG main            d.u.i.k.p.i.AbstractProblemLoader Environment load took 1.8ms 
764        INFO  main            d.u.i.k.p.i.AbstractProblemLoader Creating init config 
1701       DEBUG main            d.u.i.k.j.TypeConverter   No LDT found for Meta 
1702       DEBUG main            d.u.i.k.j.TypeConverter   No LDT found for Meta 
1706       DEBUG main            d.u.i.k.j.TypeConverter   No LDT found for Meta 
1706       DEBUG main            d.u.i.k.j.TypeConverter   No LDT found for Meta 
3289       DEBUG main            d.u.i.k.j.TypeConverter   No LDT found for JavaBigintExpression 
8213       DEBUG main            d.u.i.k.p.i.AbstractProblemLoader Init config took 7.45s 
8339       INFO  main            d.u.i.k.p.i.AbstractProblemLoader Replaying proof Assert[Assert::createArray(int)].JML normal_behavior operation contract.0 
8371       DEBUG main            d.u.i.k.p.i.IntermediateProofReplayer Proof replay took 32.2ns 
9402       INFO  main            d.u.i.k.p.r.p.TestFile    ... finished proof: closed. 
9521       INFO  main            d.u.i.k.p.i.AbstractProblemLoader Loading environment from /home/runner/work/key/key/key.core/../key.ui/examples/standard_key/java_dl/jml-assert/assert.key.proof 
9522       DEBUG main            d.u.i.k.p.i.AbstractProblemLoader Environment load took 936.3ns 
9524       INFO  main            d.u.i.k.p.i.AbstractProblemLoader Creating init config 
12368      DEBUG main            d.u.i.k.p.i.AbstractProblemLoader Init config took 2.84s 
12444      INFO  main            d.u.i.k.p.i.AbstractProblemLoader Replaying proof Assert[Assert::createArray(int)].JML normal_behavior operation contract.0 
12543      DEBUG main            d.u.i.k.p.i.IntermediateProofReplayer Proof replay took 92.47ms 
12551      DEBUG main            d.u.i.k.p.r.p.TestFile    ... success: reloaded. 
12557      INFO  main            d.u.i.k.p.r.p.TestFile    Now processing file /home/runner/work/key/key/key.core/../key.ui/examples/heap/block_loop_contracts/Free/assertions0.key 
12557      INFO  main            d.u.i.k.p.i.AbstractProblemLoader Loading environment from /home/runner/work/key/key/key.core/../key.ui/examples/heap/block_loop_contracts/Free/assertions0.key 
12557      DEBUG main            d.u.i.k.p.i.AbstractProblemLoader Environment load took 288.91ns 
12561      INFO  main            d.u.i.k.p.i.AbstractProblemLoader Creating init config 
15174      DEBUG main            d.u.i.k.p.i.AbstractProblemLoader Init config took 2.61s 
15232      INFO  main            d.u.i.k.p.i.AbstractProblemLoader Replaying proof FreeConditions[FreeConditions::assertions0()].JML normal_behavior operation contract.0 
15236      DEBUG main            d.u.i.k.p.i.IntermediateProofReplayer Proof replay took 14.1ns 
15338      INFO  main            d.u.i.k.p.r.p.TestFile    ... finished proof: closed. 
15464      INFO  main            d.u.i.k.p.i.AbstractProblemLoader Loading environment from /home/runner/work/key/key/key.core/../key.ui/examples/heap/block_loop_contracts/Free/assertions0.key.proof 
15464      DEBUG main            d.u.i.k.p.i.AbstractProblemLoader Environment load took 124.3ns 
15470      INFO  main            d.u.i.k.p.i.AbstractProblemLoader Creating init config 
18050      DEBUG main            d.u.i.k.p.i.AbstractProblemLoader Init config took 2.58s 
18104      INFO  main            d.u.i.k.p.i.AbstractProblemLoader Replaying proof FreeConditions[FreeConditions::assertions0()].JML normal_behavior operation contract.0 
18138      DEBUG main            d.u.i.k.p.i.IntermediateProofReplayer Proof replay took 32.02ms 
18143      DEBUG main            d.u.i.k.p.r.p.TestFile    ... success: reloaded. 
18145      INFO  main            d.u.i.k.p.r.p.TestFile    Now processing file /home/runner/work/key/key/key.core/../key.ui/examples/heap/block_loop_contracts/Free/assertions1.key 
18145      INFO  main            d.u.i.k.p.i.AbstractProblemLoader Loading environment from /home/runner/work/key/key/key.core/../key.ui/examples/heap/block_loop_contracts/Free/assertions1.key 
18146      DEBUG main            d.u.i.k.p.i.AbstractProblemLoader Environment load took 293.8ns 
18148      INFO  main            d.u.i.k.p.i.AbstractProblemLoader Creating init config 
20659      DEBUG main            d.u.i.k.p.i.AbstractProblemLoader Init config took 2.51s 
20724      INFO  main            d.u.i.k.p.i.AbstractProblemLoader Replaying proof FreeConditions[FreeConditions::assertions1()].JML normal_behavior operation contract.0 
20726      DEBUG main            d.u.i.k.p.i.IntermediateProofReplayer Proof replay took 13.2ns 
20828      INFO  main            d.u.i.k.p.r.p.TestFile    ... finished proof: closed. 
20973      INFO  main            d.u.i.k.p.i.AbstractProblemLoader Loading environment from /home/runner/work/key/key/key.core/../key.ui/examples/heap/block_loop_contracts/Free/assertions1.key.proof 
20973      DEBUG main            d.u.i.k.p.i.AbstractProblemLoader Environment load took 134.3ns 
20974      INFO  main            d.u.i.k.p.i.AbstractProblemLoader Creating init config 
23441      DEBUG main            d.u.i.k.p.i.AbstractProblemLoader Init config took 2.47s 
23487      INFO  main            d.u.i.k.p.i.AbstractProblemLoader Replaying proof FreeConditions[FreeConditions::assertions1()].JML normal_behavior operation contract.0 
23494      DEBUG main            d.u.i.k.p.i.IntermediateProofReplayer Proof replay took 4.57ms 
23495      DEBUG main            d.u.i.k.p.r.p.TestFile    ... success: reloaded. 
23496      INFO  main            d.u.i.k.p.r.p.TestFile    Now processing file /home/runner/work/key/key/key.core/../key.ui/examples/standard_key/java_dl/jml-assert/recursion-assert.key 
23497      INFO  main            d.u.i.k.p.i.AbstractProblemLoader Loading environment from /home/runner/work/key/key/key.core/../key.ui/examples/standard_key/java_dl/jml-assert/recursion-assert.key 
23497      DEBUG main            d.u.i.k.p.i.AbstractProblemLoader Environment load took 236ns 
23498      INFO  main            d.u.i.k.p.i.AbstractProblemLoader Creating init config 
26077      DEBUG main            d.u.i.k.p.i.AbstractProblemLoader Init config took 2.58s 
26139      INFO  main            d.u.i.k.p.i.AbstractProblemLoader Replaying proof RecursiveMethod[RecursiveMethod::fac1(int)].JML normal_behavior operation contract.0 
26141      DEBUG main            d.u.i.k.p.i.IntermediateProofReplayer Proof replay took 5.9ns 
26343      INFO  main            d.u.i.k.p.r.p.TestFile    ... finished proof: closed. 
26511      INFO  main            d.u.i.k.p.i.AbstractProblemLoader Loading environment from /home/runner/work/key/key/key.core/../key.ui/examples/standard_key/java_dl/jml-assert/recursion-assert.key.proof 
26512      DEBUG main            d.u.i.k.p.i.AbstractProblemLoader Environment load took 512.5ns 
26513      INFO  main            d.u.i.k.p.i.AbstractProblemLoader Creating init config 
29037      DEBUG main            d.u.i.k.p.i.AbstractProblemLoader Init config took 2.52s 
29095      INFO  main            d.u.i.k.p.i.AbstractProblemLoader Replaying proof RecursiveMethod[RecursiveMethod::fac1(int)].JML normal_behavior operation contract.0 
29132      DEBUG main            d.u.i.k.p.i.IntermediateProofReplayer Proof replay took 33.96ms 
29133      DEBUG main            d.u.i.k.p.r.p.TestFile    ... success: reloaded. 
29135      INFO  main            d.u.i.k.p.r.p.TestFile    Now processing file /home/runner/work/key/key/key.core/../key.ui/examples/standard_key/java_dl/jml-assert/recursion-assume.key 
29135      INFO  main            d.u.i.k.p.i.AbstractProblemLoader Loading environment from /home/runner/work/key/key/key.core/../key.ui/examples/standard_key/java_dl/jml-assert/recursion-assume.key 
29135      DEBUG main            d.u.i.k.p.i.AbstractProblemLoader Environment load took 234.6ns 
29136      INFO  main            d.u.i.k.p.i.AbstractProblemLoader Creating init config 
31747      DEBUG main            d.u.i.k.p.i.AbstractProblemLoader Init config took 2.61s 
31791      INFO  main            d.u.i.k.p.i.AbstractProblemLoader Replaying proof RecursiveMethod[RecursiveMethod::fac2(int)].JML normal_behavior operation contract.0 
31792      DEBUG main            d.u.i.k.p.i.IntermediateProofReplayer Proof replay took 6.9ns 
31995      INFO  main            d.u.i.k.p.r.p.TestFile    ... finished proof: closed. 
32149      INFO  main            d.u.i.k.p.i.AbstractProblemLoader Loading environment from /home/runner/work/key/key/key.core/../key.ui/examples/standard_key/java_dl/jml-assert/recursion-assume.key.proof 
32150      DEBUG main            d.u.i.k.p.i.AbstractProblemLoader Environment load took 133.5ns 
32153      INFO  main            d.u.i.k.p.i.AbstractProblemLoader Creating init config 
34674      DEBUG main            d.u.i.k.p.i.AbstractProblemLoader Init config took 2.52s 
34718      INFO  main            d.u.i.k.p.i.AbstractProblemLoader Replaying proof RecursiveMethod[RecursiveMethod::fac2(int)].JML normal_behavior operation contract.0 
34751      DEBUG main            d.u.i.k.p.i.IntermediateProofReplayer Proof replay took 30.45ms 
34752      DEBUG main            d.u.i.k.p.r.p.TestFile    ... success: reloaded. 
34753      INFO  main            d.u.i.k.p.r.p.TestFile    Now processing file /home/runner/work/key/key/key.core/../key.ui/examples/standard_key/java_dl/jml-assert/quantor-assert.key 
34753      INFO  main            d.u.i.k.p.i.AbstractProblemLoader Loading environment from /home/runner/work/key/key/key.core/../key.ui/examples/standard_key/java_dl/jml-assert/quantor-assert.key 
34753      DEBUG main            d.u.i.k.p.i.AbstractProblemLoader Environment load took 98.6ns 
34754      INFO  main            d.u.i.k.p.i.AbstractProblemLoader Creating init config 
37355      DEBUG main            d.u.i.k.p.i.AbstractProblemLoader Init config took 2.6s 
37398      INFO  main            d.u.i.k.p.i.AbstractProblemLoader Replaying proof Quantor[Quantor::square1(int)].JML normal_behavior operation contract.0 
37399      DEBUG main            d.u.i.k.p.i.IntermediateProofReplayer Proof replay took 6.9ns 
37504      INFO  main            d.u.i.k.p.r.p.TestFile    ... finished proof: closed. 
37688      INFO  main            d.u.i.k.p.i.AbstractProblemLoader Loading environment from /home/runner/work/key/key/key.core/../key.ui/examples/standard_key/java_dl/jml-assert/quantor-assert.key.proof 
37688      DEBUG main            d.u.i.k.p.i.AbstractProblemLoader Environment load took 132.7ns 
37689      INFO  main            d.u.i.k.p.i.AbstractProblemLoader Creating init config 
40185      DEBUG main            d.u.i.k.p.i.AbstractProblemLoader Init config took 2.5s 
40229      INFO  main            d.u.i.k.p.i.AbstractProblemLoader Replaying proof Quantor[Quantor::square1(int)].JML normal_behavior operation contract.0 
40244      DEBUG main            d.u.i.k.p.i.IntermediateProofReplayer Proof replay took 12.73ms 
40245      DEBUG main            d.u.i.k.p.r.p.TestFile    ... success: reloaded. 
40246      INFO  main            d.u.i.k.p.r.p.TestFile    Now processing file /home/runner/work/key/key/key.core/../key.ui/examples/standard_key/java_dl/jml-assert/quantor-assume.key 
40247      INFO  main            d.u.i.k.p.i.AbstractProblemLoader Loading environment from /home/runner/work/key/key/key.core/../key.ui/examples/standard_key/java_dl/jml-assert/quantor-assume.key 
40247      DEBUG main            d.u.i.k.p.i.AbstractProblemLoader Environment load took 226.7ns 
40248      INFO  main            d.u.i.k.p.i.AbstractProblemLoader Creating init config 
42786      DEBUG main            d.u.i.k.p.i.AbstractProblemLoader Init config took 2.54s 
42827      INFO  main            d.u.i.k.p.i.AbstractProblemLoader Replaying proof Quantor[Quantor::square2(int)].JML normal_behavior operation contract.0 
42829      DEBUG main            d.u.i.k.p.i.IntermediateProofReplayer Proof replay took 6.2ns 
42931      INFO  main            d.u.i.k.p.r.p.TestFile    ... finished proof: closed. 
43108      INFO  main            d.u.i.k.p.i.AbstractProblemLoader Loading environment from /home/runner/work/key/key/key.core/../key.ui/examples/standard_key/java_dl/jml-assert/quantor-assume.key.proof 
43109      DEBUG main            d.u.i.k.p.i.AbstractProblemLoader Environment load took 138.7ns 
43110      INFO  main            d.u.i.k.p.i.AbstractProblemLoader Creating init config 
45623      DEBUG main            d.u.i.k.p.i.AbstractProblemLoader Init config took 2.51s 
45671      INFO  main            d.u.i.k.p.i.AbstractProblemLoader Replaying proof Quantor[Quantor::square2(int)].JML normal_behavior operation contract.0 
45687      DEBUG main            d.u.i.k.p.i.IntermediateProofReplayer Proof replay took 13.17ms 
45688      DEBUG main            d.u.i.k.p.r.p.TestFile    ... success: reloaded. 
45690      INFO  main            d.u.i.k.p.r.p.TestFile    Now processing file /home/runner/work/key/key/key.core/../key.ui/examples/standard_key/java_dl/jml-assert/model-methods-static-static.key 
45691      INFO  main            d.u.i.k.p.i.AbstractProblemLoader Loading environment from /home/runner/work/key/key/key.core/../key.ui/examples/standard_key/java_dl/jml-assert/model-methods-static-static.key 
45691      DEBUG main            d.u.i.k.p.i.AbstractProblemLoader Environment load took 242.9ns 
45692      INFO  main            d.u.i.k.p.i.AbstractProblemLoader Creating init config 
48240      DEBUG main            d.u.i.k.p.i.AbstractProblemLoader Init config took 2.55s 
48279      INFO  main            d.u.i.k.p.i.AbstractProblemLoader Replaying proof ModelMethods[ModelMethods::test1()].JML normal_behavior operation contract.0 
48280      DEBUG main            d.u.i.k.p.i.IntermediateProofReplayer Proof replay took 5.9ns 
48386      INFO  main            d.u.i.k.p.r.p.TestFile    ... finished proof: closed. 
48567      INFO  main            d.u.i.k.p.i.AbstractProblemLoader Loading environment from /home/runner/work/key/key/key.core/../key.ui/examples/standard_key/java_dl/jml-assert/model-methods-static-static.key.proof 
48567      DEBUG main            d.u.i.k.p.i.AbstractProblemLoader Environment load took 125.9ns 
48568      INFO  main            d.u.i.k.p.i.AbstractProblemLoader Creating init config 
51056      DEBUG main            d.u.i.k.p.i.AbstractProblemLoader Init config took 2.49s 
51094      INFO  main            d.u.i.k.p.i.AbstractProblemLoader Replaying proof ModelMethods[ModelMethods::test1()].JML normal_behavior operation contract.0 
51101      DEBUG main            d.u.i.k.p.i.IntermediateProofReplayer Proof replay took 5.22ms 
51102      DEBUG main            d.u.i.k.p.r.p.TestFile    ... success: reloaded. 
51103      INFO  main            d.u.i.k.p.r.p.TestFile    Now processing file /home/runner/work/key/key/key.core/../key.ui/examples/standard_key/java_dl/jml-assert/model-methods-instance-static.key 
51103      INFO  main            d.u.i.k.p.i.AbstractProblemLoader Loading environment from /home/runner/work/key/key/key.core/../key.ui/examples/standard_key/java_dl/jml-assert/model-methods-instance-static.key 
51103      DEBUG main            d.u.i.k.p.i.AbstractProblemLoader Environment load took 89.8ns 
51104      INFO  main            d.u.i.k.p.i.AbstractProblemLoader Creating init config 
53635      DEBUG main            d.u.i.k.p.i.AbstractProblemLoader Init config took 2.53s 
53672      INFO  main            d.u.i.k.p.i.AbstractProblemLoader Replaying proof ModelMethods[ModelMethods::test2()].JML normal_behavior operation contract.0 
53674      DEBUG main            d.u.i.k.p.i.IntermediateProofReplayer Proof replay took 7.6ns 
53776      INFO  main            d.u.i.k.p.r.p.TestFile    ... finished proof: closed. 
53969      INFO  main            d.u.i.k.p.i.AbstractProblemLoader Loading environment from /home/runner/work/key/key/key.core/../key.ui/examples/standard_key/java_dl/jml-assert/model-methods-instance-static.key.proof 
53969      DEBUG main            d.u.i.k.p.i.AbstractProblemLoader Environment load took 125.3ns 
53970      INFO  main            d.u.i.k.p.i.AbstractProblemLoader Creating init config 
56448      DEBUG main            d.u.i.k.p.i.AbstractProblemLoader Init config took 2.48s 
56485      INFO  main            d.u.i.k.p.i.AbstractProblemLoader Replaying proof ModelMethods[ModelMethods::test2()].JML normal_behavior operation contract.0 
56494      DEBUG main            d.u.i.k.p.i.IntermediateProofReplayer Proof replay took 7.55ms 
56496      DEBUG main            d.u.i.k.p.r.p.TestFile    ... success: reloaded. 
56496      INFO  main            d.u.i.k.p.r.p.TestFile    Now processing file /home/runner/work/key/key/key.core/../key.ui/examples/standard_key/java_dl/jml-assert/model-methods-instance-instance.key 
56497      INFO  main            d.u.i.k.p.i.AbstractProblemLoader Loading environment from /home/runner/work/key/key/key.core/../key.ui/examples/standard_key/java_dl/jml-assert/model-methods-instance-instance.key 
56497      DEBUG main            d.u.i.k.p.i.AbstractProblemLoader Environment load took 89.1ns 
56498      INFO  main            d.u.i.k.p.i.AbstractProblemLoader Creating init config 
59014      DEBUG main            d.u.i.k.p.i.AbstractProblemLoader Init config took 2.52s 
59051      INFO  main            d.u.i.k.p.i.AbstractProblemLoader Replaying proof ModelMethods[ModelMethods::test3()].JML normal_behavior operation contract.0 
59052      DEBUG main            d.u.i.k.p.i.IntermediateProofReplayer Proof replay took 7.9ns 
59154      INFO  main            d.u.i.k.p.r.p.TestFile    ... finished proof: closed. 
59352      INFO  main            d.u.i.k.p.i.AbstractProblemLoader Loading environment from /home/runner/work/key/key/key.core/../key.ui/examples/standard_key/java_dl/jml-assert/model-methods-instance-instance.key.proof 
59352      DEBUG main            d.u.i.k.p.i.AbstractProblemLoader Environment load took 121.9ns 
59353      INFO  main            d.u.i.k.p.i.AbstractProblemLoader Creating init config 
61793      DEBUG main            d.u.i.k.p.i.AbstractProblemLoader Init config took 2.44s 
61831      INFO  main            d.u.i.k.p.i.AbstractProblemLoader Replaying proof ModelMethods[ModelMethods::test3()].JML normal_behavior operation contract.0 
61842      DEBUG main            d.u.i.k.p.i.IntermediateProofReplayer Proof replay took 9.28ms 
61843      DEBUG main            d.u.i.k.p.r.p.TestFile    ... success: reloaded. 
61845      INFO  main            d.u.i.k.p.r.p.TestFile    Now processing file /home/runner/work/key/key/key.core/../key.ui/examples/standard_key/java_dl/jml-assert/model-methods-static-instance.key 
61845      INFO  main            d.u.i.k.p.i.AbstractProblemLoader Loading environment from /home/runner/work/key/key/key.core/../key.ui/examples/standard_key/java_dl/jml-assert/model-methods-static-instance.key 
61845      DEBUG main            d.u.i.k.p.i.AbstractProblemLoader Environment load took 247.2ns 
61846      INFO  main            d.u.i.k.p.i.AbstractProblemLoader Creating init config 
64357      DEBUG main            d.u.i.k.p.i.AbstractProblemLoader Init config took 2.51s 
64393      INFO  main            d.u.i.k.p.i.AbstractProblemLoader Replaying proof ModelMethods[ModelMethods::test4()].JML normal_behavior operation contract.0 
64394      DEBUG main            d.u.i.k.p.i.IntermediateProofReplayer Proof replay took 7ns 
64496      INFO  main            d.u.i.k.p.r.p.TestFile    ... finished proof: closed. 
64693      INFO  main            d.u.i.k.p.i.AbstractProblemLoader Loading environment from /home/runner/work/key/key/key.core/../key.ui/examples/standard_key/java_dl/jml-assert/model-methods-static-instance.key.proof 
64693      DEBUG main            d.u.i.k.p.i.AbstractProblemLoader Environment load took 122ns 
64695      INFO  main            d.u.i.k.p.i.AbstractProblemLoader Creating init config 
67120      DEBUG main            d.u.i.k.p.i.AbstractProblemLoader Init config took 2.43s 
67161      INFO  main            d.u.i.k.p.i.AbstractProblemLoader Replaying proof ModelMethods[ModelMethods::test4()].JML normal_behavior operation contract.0 
67186      DEBUG main            d.u.i.k.p.i.IntermediateProofReplayer Proof replay took 23.08ms 
67187      DEBUG main            d.u.i.k.p.r.p.TestFile    ... success: reloaded. 
67188      INFO  main            d.u.i.k.p.r.p.TestFile    Now processing file /home/runner/work/key/key/key.core/../key.ui/examples/standard_key/java_dl/jml-assert/assert-old/inc-field.key 
67188      INFO  main            d.u.i.k.p.i.AbstractProblemLoader Loading environment from /home/runner/work/key/key/key.core/../key.ui/examples/standard_key/java_dl/jml-assert/assert-old/inc-field.key 
67188      DEBUG main            d.u.i.k.p.i.AbstractProblemLoader Environment load took 109.7ns 
67189      INFO  main            d.u.i.k.p.i.AbstractProblemLoader Creating init config 
69626      DEBUG main            d.u.i.k.p.i.AbstractProblemLoader Init config took 2.44s 
69662      INFO  main            d.u.i.k.p.i.AbstractProblemLoader Replaying proof Inc[Inc::inc_field()].JML normal_behavior operation contract.0 
69663      DEBUG main            d.u.i.k.p.i.IntermediateProofReplayer Proof replay took 8ns 
69765      INFO  main            d.u.i.k.p.r.p.TestFile    ... finished proof: closed. 
69981      INFO  main            d.u.i.k.p.i.AbstractProblemLoader Loading environment from /home/runner/work/key/key/key.core/../key.ui/examples/standard_key/java_dl/jml-assert/assert-old/inc-field.key.proof 
69981      DEBUG main            d.u.i.k.p.i.AbstractProblemLoader Environment load took 125.9ns 
69982      INFO  main            d.u.i.k.p.i.AbstractProblemLoader Creating init config 
72335      DEBUG main            d.u.i.k.p.i.AbstractProblemLoader Init config took 2.35s 
72370      INFO  main            d.u.i.k.p.i.AbstractProblemLoader Replaying proof Inc[Inc::inc_field()].JML normal_behavior operation contract.0 
72394      DEBUG main            d.u.i.k.p.i.IntermediateProofReplayer Proof replay took 21.01ms 
72394      DEBUG main            d.u.i.k.p.r.p.TestFile    ... success: reloaded. 
72395      INFO  main            d.u.i.k.p.r.p.TestFile    Now processing file /home/runner/work/key/key/key.core/../key.ui/examples/standard_key/java_dl/jml-assert/assert-old/inc-parameter.key 
72395      INFO  main            d.u.i.k.p.i.AbstractProblemLoader Loading environment from /home/runner/work/key/key/key.core/../key.ui/examples/standard_key/java_dl/jml-assert/assert-old/inc-parameter.key 
72396      DEBUG main            d.u.i.k.p.i.AbstractProblemLoader Environment load took 100.5ns 
72396      INFO  main            d.u.i.k.p.i.AbstractProblemLoader Creating init config 
74797      DEBUG main            d.u.i.k.p.i.AbstractProblemLoader Init config took 2.4s 
74832      INFO  main            d.u.i.k.p.i.AbstractProblemLoader Replaying proof Inc[Inc::inc_parameter(int)].JML normal_behavior operation contract.0 
74833      DEBUG main            d.u.i.k.p.i.IntermediateProofReplayer Proof replay took 6.7ns 
74936      INFO  main            d.u.i.k.p.r.p.TestFile    ... finished proof: closed. 
75152      INFO  main            d.u.i.k.p.i.AbstractProblemLoader Loading environment from /home/runner/work/key/key/key.core/../key.ui/examples/standard_key/java_dl/jml-assert/assert-old/inc-parameter.key.proof 
75152      DEBUG main            d.u.i.k.p.i.AbstractProblemLoader Environment load took 116.7ns 
75153      INFO  main            d.u.i.k.p.i.AbstractProblemLoader Creating init config 
77527      DEBUG main            d.u.i.k.p.i.AbstractProblemLoader Init config took 2.37s 
77562      INFO  main            d.u.i.k.p.i.AbstractProblemLoader Replaying proof Inc[Inc::inc_parameter(int)].JML normal_behavior operation contract.0 
77575      DEBUG main            d.u.i.k.p.i.IntermediateProofReplayer Proof replay took 10.98ms 
77576      DEBUG main            d.u.i.k.p.r.p.TestFile    ... success: reloaded. 
77577      INFO  main            d.u.i.k.p.r.p.TestFile    Now processing file /home/runner/work/key/key/key.core/../key.ui/examples/standard_key/java_dl/jml-assert/assert-old/inc-parameter-field.key 
77577      INFO  main            d.u.i.k.p.i.AbstractProblemLoader Loading environment from /home/runner/work/key/key/key.core/../key.ui/examples/standard_key/java_dl/jml-assert/assert-old/inc-parameter-field.key 
77577      DEBUG main            d.u.i.k.p.i.AbstractProblemLoader Environment load took 241.5ns 
77578      INFO  main            d.u.i.k.p.i.AbstractProblemLoader Creating init config 
79987      DEBUG main            d.u.i.k.p.i.AbstractProblemLoader Init config took 2.41s 
80021      INFO  main            d.u.i.k.p.i.AbstractProblemLoader Replaying proof Inc[Inc::inc_parameter_field(Inc)].JML normal_behavior operation contract.0 
80022      DEBUG main            d.u.i.k.p.i.IntermediateProofReplayer Proof replay took 6.3ns 
80128      INFO  main            d.u.i.k.p.r.p.TestFile    ... finished proof: closed. 
80354      INFO  main            d.u.i.k.p.i.AbstractProblemLoader Loading environment from /home/runner/work/key/key/key.core/../key.ui/examples/standard_key/java_dl/jml-assert/assert-old/inc-parameter-field.key.proof 
80354      DEBUG main            d.u.i.k.p.i.AbstractProblemLoader Environment load took 123.4ns 
80355      INFO  main            d.u.i.k.p.i.AbstractProblemLoader Creating init config 
82695      DEBUG main            d.u.i.k.p.i.AbstractProblemLoader Init config took 2.34s 
82729      INFO  main            d.u.i.k.p.i.AbstractProblemLoader Replaying proof Inc[Inc::inc_parameter_field(Inc)].JML normal_behavior operation contract.0 
82754      DEBUG main            d.u.i.k.p.i.IntermediateProofReplayer Proof replay took 23.36ms 
82755      DEBUG main            d.u.i.k.p.r.p.TestFile    ... success: reloaded. 
82756      INFO  main            d.u.i.k.p.r.p.TestFile    Now processing file /home/runner/work/key/key/key.core/../key.ui/examples/standard_key/java_dl/jml-assert/assert-old/inc-ghost-field.key 
82756      INFO  main            d.u.i.k.p.i.AbstractProblemLoader Loading environment from /home/runner/work/key/key/key.core/../key.ui/examples/standard_key/java_dl/jml-assert/assert-old/inc-ghost-field.key 
82756      DEBUG main            d.u.i.k.p.i.AbstractProblemLoader Environment load took 85.7ns 
82757      INFO  main            d.u.i.k.p.i.AbstractProblemLoader Creating init config 
85206      DEBUG main            d.u.i.k.p.i.AbstractProblemLoader Init config took 2.45s 
85240      INFO  main            d.u.i.k.p.i.AbstractProblemLoader Replaying proof Inc[Inc::inc_ghost_field()].JML normal_behavior operation contract.0 
85241      DEBUG main            d.u.i.k.p.i.IntermediateProofReplayer Proof replay took 6.5ns 
85344      INFO  main            d.u.i.k.p.r.p.TestFile    ... finished proof: closed. 
85568      INFO  main            d.u.i.k.p.i.AbstractProblemLoader Loading environment from /home/runner/work/key/key/key.core/../key.ui/examples/standard_key/java_dl/jml-assert/assert-old/inc-ghost-field.key.proof 
85568      DEBUG main            d.u.i.k.p.i.AbstractProblemLoader Environment load took 121.5ns 
85569      INFO  main            d.u.i.k.p.i.AbstractProblemLoader Creating init config 
87906      DEBUG main            d.u.i.k.p.i.AbstractProblemLoader Init config took 2.34s 
87940      INFO  main            d.u.i.k.p.i.AbstractProblemLoader Replaying proof Inc[Inc::inc_ghost_field()].JML normal_behavior operation contract.0 
87966      DEBUG main            d.u.i.k.p.i.IntermediateProofReplayer Proof replay took 24.13ms 
87970      DEBUG main            d.u.i.k.p.r.p.TestFile    ... success: reloaded. 
716914     INFO  Test worker     d.u.i.k.p.r.RunAllProofsTestUnit Returning from test jmlAsserts 
716916     INFO  Test worker     d.u.i.k.p.r.RunAllProofsTestUnit Running test javaCard 
327        INFO  Timeout watchdog d.u.i.k.p.r.p.ForkedTestFileRunner Timeout watcher launched (2000 secs.) 
336        WARN  main            d.u.i.k.s.ProofSettings   The settings in /home/runner/.key/proof-settings.props are *not* read. 
379        INFO  main            d.u.i.k.p.r.p.TestFile    Now processing file /home/runner/work/key/key/key.core/../key.ui/examples/heap/javacard/updateBalance0.key 
541        INFO  main            d.u.i.k.p.i.AbstractProblemLoader Loading environment from /home/runner/work/key/key/key.core/../key.ui/examples/heap/javacard/updateBalance0.key 
567        DEBUG main            d.u.i.k.p.i.AbstractProblemLoader Environment load took 2.17ms 
788        INFO  main            d.u.i.k.p.i.AbstractProblemLoader Creating init config 
1740       DEBUG main            d.u.i.k.j.TypeConverter   No LDT found for Meta 
1740       DEBUG main            d.u.i.k.j.TypeConverter   No LDT found for Meta 
1743       DEBUG main            d.u.i.k.j.TypeConverter   No LDT found for Meta 
1743       DEBUG main            d.u.i.k.j.TypeConverter   No LDT found for Meta 
3200       DEBUG main            d.u.i.k.j.TypeConverter   No LDT found for JavaBigintExpression 
6568       DEBUG main            d.u.i.k.p.i.AbstractProblemLoader Init config took 5.78s 
6737       INFO  main            d.u.i.k.p.i.AbstractProblemLoader Replaying proof Examples[Examples::updateBalance(short)].JML normal_behavior operation contract.0 
6773       DEBUG main            d.u.i.k.p.i.IntermediateProofReplayer Proof replay took 31.3ns 
8230       INFO  main            d.u.i.k.p.r.p.TestFile    ... finished proof: closed. 
8341       INFO  main            d.u.i.k.p.i.AbstractProblemLoader Loading environment from /home/runner/work/key/key/key.core/../key.ui/examples/heap/javacard/updateBalance0.key.proof 
8343       DEBUG main            d.u.i.k.p.i.AbstractProblemLoader Environment load took 2.33ms 
8345       INFO  main            d.u.i.k.p.i.AbstractProblemLoader Creating init config 
10110      DEBUG main            d.u.i.k.p.i.AbstractProblemLoader Init config took 1.77s 
10163      INFO  main            d.u.i.k.p.i.AbstractProblemLoader Replaying proof Examples[Examples::updateBalance(short)].JML normal_behavior operation contract.0 
10296      DEBUG main            d.u.i.k.p.i.IntermediateProofReplayer Proof replay took 124.55ms 
10304      DEBUG main            d.u.i.k.p.r.p.TestFile    ... success: reloaded. 
10307      INFO  main            d.u.i.k.p.r.p.TestFile    Now processing file /home/runner/work/key/key/key.core/../key.ui/examples/heap/javacard/updateBalance1.key 
10308      INFO  main            d.u.i.k.p.i.AbstractProblemLoader Loading environment from /home/runner/work/key/key/key.core/../key.ui/examples/heap/javacard/updateBalance1.key 
10308      DEBUG main            d.u.i.k.p.i.AbstractProblemLoader Environment load took 259.7ns 
10310      INFO  main            d.u.i.k.p.i.AbstractProblemLoader Creating init config 
11936      DEBUG main            d.u.i.k.p.i.AbstractProblemLoader Init config took 1.63s 
11987      INFO  main            d.u.i.k.p.i.AbstractProblemLoader Replaying proof Examples[Examples::updateBalance(short)].JML normal_behavior operation contract.1 
11990      DEBUG main            d.u.i.k.p.i.IntermediateProofReplayer Proof replay took 5.6ns 
12596      INFO  main            d.u.i.k.p.r.p.TestFile    ... finished proof: closed. 
12741      INFO  main            d.u.i.k.p.i.AbstractProblemLoader Loading environment from /home/runner/work/key/key/key.core/../key.ui/examples/heap/javacard/updateBalance1.key.proof 
12741      DEBUG main            d.u.i.k.p.i.AbstractProblemLoader Environment load took 497.91ns 
12743      INFO  main            d.u.i.k.p.i.AbstractProblemLoader Creating init config 
14361      DEBUG main            d.u.i.k.p.i.AbstractProblemLoader Init config took 1.62s 
14412      INFO  main            d.u.i.k.p.i.AbstractProblemLoader Replaying proof Examples[Examples::updateBalance(short)].JML normal_behavior operation contract.1 
14511      DEBUG main            d.u.i.k.p.i.IntermediateProofReplayer Proof replay took 94.49ms 
14513      DEBUG main            d.u.i.k.p.r.p.TestFile    ... success: reloaded. 
14516      INFO  main            d.u.i.k.p.r.p.TestFile    Now processing file /home/runner/work/key/key/key.core/../key.ui/examples/heap/javacard/setArray1.key 
14516      INFO  main            d.u.i.k.p.i.AbstractProblemLoader Loading environment from /home/runner/work/key/key/key.core/../key.ui/examples/heap/javacard/setArray1.key 
14517      DEBUG main            d.u.i.k.p.i.AbstractProblemLoader Environment load took 279.9ns 
14518      INFO  main            d.u.i.k.p.i.AbstractProblemLoader Creating init config 
16100      DEBUG main            d.u.i.k.p.i.AbstractProblemLoader Init config took 1.58s 
16142      INFO  main            d.u.i.k.p.i.AbstractProblemLoader Replaying proof Examples[Examples::setArray1([B)].JML normal_behavior operation contract.0 
16144      DEBUG main            d.u.i.k.p.i.IntermediateProofReplayer Proof replay took 6.6ns 
17153      INFO  main            d.u.i.k.p.r.p.TestFile    ... finished proof: closed. 
17285      INFO  main            d.u.i.k.p.i.AbstractProblemLoader Loading environment from /home/runner/work/key/key/key.core/../key.ui/examples/heap/javacard/setArray1.key.proof 
17286      DEBUG main            d.u.i.k.p.i.AbstractProblemLoader Environment load took 659.6ns 
17287      INFO  main            d.u.i.k.p.i.AbstractProblemLoader Creating init config 
18851      DEBUG main            d.u.i.k.p.i.AbstractProblemLoader Init config took 1.56s 
18895      INFO  main            d.u.i.k.p.i.AbstractProblemLoader Replaying proof Examples[Examples::setArray1([B)].JML normal_behavior operation contract.0 
19092      DEBUG main            d.u.i.k.p.i.IntermediateProofReplayer Proof replay took 189.2ms 
19095      DEBUG main            d.u.i.k.p.r.p.TestFile    ... success: reloaded. 
19099      INFO  main            d.u.i.k.p.r.p.TestFile    Now processing file /home/runner/work/key/key/key.core/../key.ui/examples/heap/javacard/setArray2.key 
19099      INFO  main            d.u.i.k.p.i.AbstractProblemLoader Loading environment from /home/runner/work/key/key/key.core/../key.ui/examples/heap/javacard/setArray2.key 
19099      DEBUG main            d.u.i.k.p.i.AbstractProblemLoader Environment load took 123.4ns 
19101      INFO  main            d.u.i.k.p.i.AbstractProblemLoader Creating init config 
20694      DEBUG main            d.u.i.k.p.i.AbstractProblemLoader Init config took 1.59s 
20733      INFO  main            d.u.i.k.p.i.AbstractProblemLoader Replaying proof Examples[Examples::setArray2([B)].JML normal_behavior operation contract.0 
20735      DEBUG main            d.u.i.k.p.i.IntermediateProofReplayer Proof replay took 5.9ns 
21740      INFO  main            d.u.i.k.p.r.p.TestFile    ... finished proof: closed. 
21859      INFO  main            d.u.i.k.p.i.AbstractProblemLoader Loading environment from /home/runner/work/key/key/key.core/../key.ui/examples/heap/javacard/setArray2.key.proof 
21860      DEBUG main            d.u.i.k.p.i.AbstractProblemLoader Environment load took 979.41ns 
21862      INFO  main            d.u.i.k.p.i.AbstractProblemLoader Creating init config 
23391      DEBUG main            d.u.i.k.p.i.AbstractProblemLoader Init config took 1.53s 
23441      INFO  main            d.u.i.k.p.i.AbstractProblemLoader Replaying proof Examples[Examples::setArray2([B)].JML normal_behavior operation contract.0 
23618      DEBUG main            d.u.i.k.p.i.IntermediateProofReplayer Proof replay took 168.7ms 
23625      DEBUG main            d.u.i.k.p.r.p.TestFile    ... success: reloaded. 
23628      INFO  main            d.u.i.k.p.r.p.TestFile    Now processing file /home/runner/work/key/key/key.core/../key.ui/examples/heap/javacard/arrayFillNonAtomic.key 
23629      INFO  main            d.u.i.k.p.i.AbstractProblemLoader Loading environment from /home/runner/work/key/key/key.core/../key.ui/examples/heap/javacard/arrayFillNonAtomic.key 
23629      DEBUG main            d.u.i.k.p.i.AbstractProblemLoader Environment load took 269ns 
23631      INFO  main            d.u.i.k.p.i.AbstractProblemLoader Creating init config 
25165      DEBUG main            d.u.i.k.p.i.AbstractProblemLoader Init config took 1.53s 
25219      INFO  main            d.u.i.k.p.i.AbstractProblemLoader Replaying proof javacard.framework.Util[javacard.framework.Util::arrayFillNonAtomic([B,short,short,byte)].JML behavior operation contract.0.transaction_inactive 
25221      DEBUG main            d.u.i.k.p.i.IntermediateProofReplayer Proof replay took 6.9ns 
25997      DEBUG Thread-13       d.u.i.k.l.o.ProgramSV     Match failed: Former match of  SchemaVariable incompatible with  the current match. 
25997      DEBUG Thread-13       d.u.i.k.l.o.ProgramSV     Match failed: Former match of  SchemaVariable incompatible with  the current match. 
27255      DEBUG Thread-13       d.u.i.k.l.o.ProgramSV     Match failed: Former match of  SchemaVariable incompatible with  the current match. 
27255      DEBUG Thread-13       d.u.i.k.l.o.ProgramSV     Match failed: Former match of  SchemaVariable incompatible with  the current match. 
28761      INFO  main            d.u.i.k.p.r.p.TestFile    ... finished proof: closed. 
28925      INFO  main            d.u.i.k.p.i.AbstractProblemLoader Loading environment from /home/runner/work/key/key/key.core/../key.ui/examples/heap/javacard/arrayFillNonAtomic.key.proof 
28926      DEBUG main            d.u.i.k.p.i.AbstractProblemLoader Environment load took 488.7ns 
28928      INFO  main            d.u.i.k.p.i.AbstractProblemLoader Creating init config 
30423      DEBUG main            d.u.i.k.p.i.AbstractProblemLoader Init config took 1.5s 
30484      INFO  main            d.u.i.k.p.i.AbstractProblemLoader Replaying proof javacard.framework.Util[javacard.framework.Util::arrayFillNonAtomic([B,short,short,byte)].JML behavior operation contract.0.transaction_inactive 
31101      DEBUG main            d.u.i.k.p.i.IntermediateProofReplayer Proof replay took 598.51ms 
31103      DEBUG main            d.u.i.k.p.r.p.TestFile    ... success: reloaded. 
31104      INFO  main            d.u.i.k.p.r.p.TestFile    Now processing file /home/runner/work/key/key/key.core/../key.ui/examples/heap/coincidence_count/project.key 
31104      INFO  main            d.u.i.k.p.i.AbstractProblemLoader Loading environment from /home/runner/work/key/key/key.core/../key.ui/examples/heap/coincidence_count/project.key 
31105      DEBUG main            d.u.i.k.p.i.AbstractProblemLoader Environment load took 275.9ns 
31106      INFO  main            d.u.i.k.p.i.AbstractProblemLoader Creating init config 
34367      DEBUG main            d.u.i.k.p.i.AbstractProblemLoader Init config took 3.26s 
34413      INFO  main            d.u.i.k.p.i.AbstractProblemLoader Replaying proof CC[CC::calcCoinIndex([I,[I)].JML normal_behavior operation contract.0 
34417      DEBUG main            d.u.i.k.p.i.IntermediateProofReplayer Proof replay took 6.6ns 
51440      INFO  main            d.u.i.k.p.r.p.TestFile    ... finished proof: closed. 
51725      INFO  main            d.u.i.k.p.i.AbstractProblemLoader Loading environment from /home/runner/work/key/key/key.core/../key.ui/examples/heap/coincidence_count/project.key.proof 
51726      DEBUG main            d.u.i.k.p.i.AbstractProblemLoader Environment load took 484.9ns 
51730      INFO  main            d.u.i.k.p.i.AbstractProblemLoader Creating init config 
54253      DEBUG main            d.u.i.k.p.i.AbstractProblemLoader Init config took 2.52s 
54294      INFO  main            d.u.i.k.p.i.AbstractProblemLoader Replaying proof CC[CC::calcCoinIndex([I,[I)].JML normal_behavior operation contract.0 
54980      DEBUG main            d.u.i.k.p.i.IntermediateProofReplayer Proof replay took 620.43ms 
54985      DEBUG main            d.u.i.k.p.r.p.TestFile    ... success: reloaded. 
54986      INFO  main            d.u.i.k.p.r.p.TestFile    Now processing file /home/runner/work/key/key/key.core/../key.ui/examples/heap/verifyThis11_1_Maximum/project.key 
54986      INFO  main            d.u.i.k.p.i.AbstractProblemLoader Loading environment from /home/runner/work/key/key/key.core/../key.ui/examples/heap/verifyThis11_1_Maximum/project.key 
54987      DEBUG main            d.u.i.k.p.i.AbstractProblemLoader Environment load took 229.7ns 
54988      INFO  main            d.u.i.k.p.i.AbstractProblemLoader Creating init config 
57521      DEBUG main            d.u.i.k.p.i.AbstractProblemLoader Init config took 2.53s 
57562      INFO  main            d.u.i.k.p.i.AbstractProblemLoader Replaying proof Maximum[Maximum::maxIndex([I)].JML normal_behavior operation contract.0 
57563      DEBUG main            d.u.i.k.p.i.IntermediateProofReplayer Proof replay took 5.9ns 
58469      INFO  main            d.u.i.k.p.r.p.TestFile    ... finished proof: closed. 
58719      INFO  main            d.u.i.k.p.i.AbstractProblemLoader Loading environment from /home/runner/work/key/key/key.core/../key.ui/examples/heap/verifyThis11_1_Maximum/project.key.proof 
58719      DEBUG main            d.u.i.k.p.i.AbstractProblemLoader Environment load took 476.6ns 
58721      INFO  main            d.u.i.k.p.i.AbstractProblemLoader Creating init config 
61166      DEBUG main            d.u.i.k.p.i.AbstractProblemLoader Init config took 2.44s 
61214      INFO  main            d.u.i.k.p.i.AbstractProblemLoader Replaying proof Maximum[Maximum::maxIndex([I)].JML normal_behavior operation contract.0 
61330      DEBUG main            d.u.i.k.p.i.IntermediateProofReplayer Proof replay took 108.87ms 
61331      DEBUG main            d.u.i.k.p.r.p.TestFile    ... success: reloaded. 
61332      INFO  main            d.u.i.k.p.r.p.TestFile    Now processing file /home/runner/work/key/key/key.core/../key.ui/examples/heap/fm12_01_LRS/lcp.key 
61333      INFO  main            d.u.i.k.p.i.AbstractProblemLoader Loading environment from /home/runner/work/key/key/key.core/../key.ui/examples/heap/fm12_01_LRS/lcp.key 
61333      DEBUG main            d.u.i.k.p.i.AbstractProblemLoader Environment load took 233.6ns 
61334      INFO  main            d.u.i.k.p.i.AbstractProblemLoader Creating init config 
64499      DEBUG main            d.u.i.k.p.i.AbstractProblemLoader Init config took 3.16s 
64569      INFO  main            d.u.i.k.p.i.AbstractProblemLoader Replaying proof LCP[LCP::lcp([I,int,int)].JML normal_behavior operation contract.0 
64572      DEBUG main            d.u.i.k.p.i.IntermediateProofReplayer Proof replay took 5.7ns 
65476      INFO  main            d.u.i.k.p.r.p.TestFile    ... finished proof: closed. 
65735      INFO  main            d.u.i.k.p.i.AbstractProblemLoader Loading environment from /home/runner/work/key/key/key.core/../key.ui/examples/heap/fm12_01_LRS/lcp.key.proof 
65736      DEBUG main            d.u.i.k.p.i.AbstractProblemLoader Environment load took 496.1ns 
65737      INFO  main            d.u.i.k.p.i.AbstractProblemLoader Creating init config 
68644      DEBUG main            d.u.i.k.p.i.AbstractProblemLoader Init config took 2.91s 
68719      INFO  main            d.u.i.k.p.i.AbstractProblemLoader Replaying proof LCP[LCP::lcp([I,int,int)].JML normal_behavior operation contract.0 
68897      DEBUG main            d.u.i.k.p.i.IntermediateProofReplayer Proof replay took 170.14ms 
68899      DEBUG main            d.u.i.k.p.r.p.TestFile    ... success: reloaded. 
68900      INFO  main            d.u.i.k.p.r.p.TestFile    Now processing file /home/runner/work/key/key/key.core/../key.ui/examples/heap/SemanticSlicing/project.key 
68900      INFO  main            d.u.i.k.p.i.AbstractProblemLoader Loading environment from /home/runner/work/key/key/key.core/../key.ui/examples/heap/SemanticSlicing/project.key 
68900      DEBUG main            d.u.i.k.p.i.AbstractProblemLoader Environment load took 291.4ns 
68902      INFO  main            d.u.i.k.p.i.AbstractProblemLoader Creating init config 
71489      DEBUG main            d.u.i.k.p.i.AbstractProblemLoader Init config took 2.59s 
71538      INFO  main            d.u.i.k.p.i.AbstractProblemLoader Replaying proof unsatcore_after.competition.postcond5.scope333.LRS[unsatcore_after.competition.postcond5.scope333.LRS::doLRS()].JML operation contract.0 
71540      DEBUG main            d.u.i.k.p.i.IntermediateProofReplayer Proof replay took 6ns 
75253      INFO  main            d.u.i.k.p.r.p.TestFile    ... finished proof: closed. 
75532      INFO  main            d.u.i.k.p.i.AbstractProblemLoader Loading environment from /home/runner/work/key/key/key.core/../key.ui/examples/heap/SemanticSlicing/project.key.proof 
75532      DEBUG main            d.u.i.k.p.i.AbstractProblemLoader Environment load took 547.9ns 
75534      INFO  main            d.u.i.k.p.i.AbstractProblemLoader Creating init config 
78073      DEBUG main            d.u.i.k.p.i.AbstractProblemLoader Init config took 2.54s 
78123      INFO  main            d.u.i.k.p.i.AbstractProblemLoader Replaying proof unsatcore_after.competition.postcond5.scope333.LRS[unsatcore_after.competition.postcond5.scope333.LRS::doLRS()].JML operation contract.0 
78689      DEBUG main            d.u.i.k.p.i.IntermediateProofReplayer Proof replay took 553.16ms 
78691      DEBUG main            d.u.i.k.p.r.p.TestFile    ... success: reloaded. 
78692      INFO  main            d.u.i.k.p.r.p.TestFile    Now processing file /home/runner/work/key/key/key.core/../key.ui/examples/heap/information_flow/ArrayList_contains.key 
78693      INFO  main            d.u.i.k.p.i.AbstractProblemLoader Loading environment from /home/runner/work/key/key/key.core/../key.ui/examples/heap/information_flow/ArrayList_contains.key 
78693      DEBUG main            d.u.i.k.p.i.AbstractProblemLoader Environment load took 240.7ns 
78694      INFO  main            d.u.i.k.p.i.AbstractProblemLoader Creating init config 
81482      DEBUG main            d.u.i.k.p.i.AbstractProblemLoader Init config took 2.79s 
81521      INFO  main            d.u.i.k.p.i.AbstractProblemLoader Replaying proof ArrayList[ArrayList::get(int)].JML normal_behavior operation contract.0 
81522      DEBUG main            d.u.i.k.p.i.IntermediateProofReplayer Proof replay took 6.7ns 
81827      INFO  main            d.u.i.k.p.r.p.TestFile    ... finished proof: closed. 
82077      INFO  main            d.u.i.k.p.i.AbstractProblemLoader Loading environment from /home/runner/work/key/key/key.core/../key.ui/examples/heap/information_flow/ArrayList_contains.key.proof 
82077      DEBUG main            d.u.i.k.p.i.AbstractProblemLoader Environment load took 119ns 
82078      INFO  main            d.u.i.k.p.i.AbstractProblemLoader Creating init config 
84718      DEBUG main            d.u.i.k.p.i.AbstractProblemLoader Init config took 2.64s 
84755      INFO  main            d.u.i.k.p.i.AbstractProblemLoader Replaying proof ArrayList[ArrayList::get(int)].JML normal_behavior operation contract.0 
84796      DEBUG main            d.u.i.k.p.i.IntermediateProofReplayer Proof replay took 38.29ms 
84796      DEBUG main            d.u.i.k.p.r.p.TestFile    ... success: reloaded. 
84797      INFO  main            d.u.i.k.p.r.p.TestFile    Now processing file /home/runner/work/key/key/key.core/../key.ui/examples/heap/information_flow/ArrayList_get.key 
84797      INFO  main            d.u.i.k.p.i.AbstractProblemLoader Loading environment from /home/runner/work/key/key/key.core/../key.ui/examples/heap/information_flow/ArrayList_get.key 
84798      DEBUG main            d.u.i.k.p.i.AbstractProblemLoader Environment load took 98.3ns 
84798      INFO  main            d.u.i.k.p.i.AbstractProblemLoader Creating init config 
87610      DEBUG main            d.u.i.k.p.i.AbstractProblemLoader Init config took 2.81s 
87646      INFO  main            d.u.i.k.p.i.AbstractProblemLoader Replaying proof ArrayList[ArrayList::contains(java.lang.Object)].JML normal_behavior operation contract.0 
87648      DEBUG main            d.u.i.k.p.i.IntermediateProofReplayer Proof replay took 5.5ns 
88475      INFO  main            d.u.i.k.p.r.p.TestFile    ... finished proof: closed. 
88772      INFO  main            d.u.i.k.p.i.AbstractProblemLoader Loading environment from /home/runner/work/key/key/key.core/../key.ui/examples/heap/information_flow/ArrayList_get.key.proof 
88772      DEBUG main            d.u.i.k.p.i.AbstractProblemLoader Environment load took 549.7ns 
88774      INFO  main            d.u.i.k.p.i.AbstractProblemLoader Creating init config 
91396      DEBUG main            d.u.i.k.p.i.AbstractProblemLoader Init config took 2.62s 
91432      INFO  main            d.u.i.k.p.i.AbstractProblemLoader Replaying proof ArrayList[ArrayList::contains(java.lang.Object)].JML normal_behavior operation contract.0 
91548      DEBUG main            d.u.i.k.p.i.IntermediateProofReplayer Proof replay took 110.49ms 
91549      DEBUG main            d.u.i.k.p.r.p.TestFile    ... success: reloaded. 
91550      INFO  main            d.u.i.k.p.r.p.TestFile    Now processing file /home/runner/work/key/key/key.core/../key.ui/examples/heap/information_flow/ArrayList_size.key 
91550      INFO  main            d.u.i.k.p.i.AbstractProblemLoader Loading environment from /home/runner/work/key/key/key.core/../key.ui/examples/heap/information_flow/ArrayList_size.key 
91551      DEBUG main            d.u.i.k.p.i.AbstractProblemLoader Environment load took 238.9ns 
91552      INFO  main            d.u.i.k.p.i.AbstractProblemLoader Creating init config 
94274      DEBUG main            d.u.i.k.p.i.AbstractProblemLoader Init config took 2.72s 
94309      INFO  main            d.u.i.k.p.i.AbstractProblemLoader Replaying proof ArrayList[ArrayList::size()].JML normal_behavior operation contract.0 
94310      DEBUG main            d.u.i.k.p.i.IntermediateProofReplayer Proof replay took 6ns 
94414      INFO  main            d.u.i.k.p.r.p.TestFile    ... finished proof: closed. 
94677      INFO  main            d.u.i.k.p.i.AbstractProblemLoader Loading environment from /home/runner/work/key/key/key.core/../key.ui/examples/heap/information_flow/ArrayList_size.key.proof 
94678      DEBUG main            d.u.i.k.p.i.AbstractProblemLoader Environment load took 124.6ns 
94679      INFO  main            d.u.i.k.p.i.AbstractProblemLoader Creating init config 
97286      DEBUG main            d.u.i.k.p.i.AbstractProblemLoader Init config took 2.61s 
97321      INFO  main            d.u.i.k.p.i.AbstractProblemLoader Replaying proof ArrayList[ArrayList::size()].JML normal_behavior operation contract.0 
97333      DEBUG main            d.u.i.k.p.i.IntermediateProofReplayer Proof replay took 10.13ms 
97334      DEBUG main            d.u.i.k.p.r.p.TestFile    ... success: reloaded. 
97335      INFO  main            d.u.i.k.p.r.p.TestFile    Now processing file /home/runner/work/key/key/key.core/../key.ui/examples/heap/information_flow/UpdateAbstraction_ex7_3_secure.key 
97335      INFO  main            d.u.i.k.p.i.AbstractProblemLoader Loading environment from /home/runner/work/key/key/key.core/../key.ui/examples/heap/information_flow/UpdateAbstraction_ex7_3_secure.key 
97336      DEBUG main            d.u.i.k.p.i.AbstractProblemLoader Environment load took 236.3ns 
97337      INFO  main            d.u.i.k.p.i.AbstractProblemLoader Creating init config 
100025     DEBUG main            d.u.i.k.p.i.AbstractProblemLoader Init config took 2.69s 
100062     INFO  main            d.u.i.k.p.i.AbstractProblemLoader Replaying proof UpdateAbstraction[UpdateAbstraction::ex7_3_secure()].JML operation contract.0 
100063     DEBUG main            d.u.i.k.p.i.IntermediateProofReplayer Proof replay took 5.7ns 
100265     INFO  main            d.u.i.k.p.r.p.TestFile    ... finished proof: closed. 
100550     INFO  main            d.u.i.k.p.i.AbstractProblemLoader Loading environment from /home/runner/work/key/key/key.core/../key.ui/examples/heap/information_flow/UpdateAbstraction_ex7_3_secure.key.proof 
100551     DEBUG main            d.u.i.k.p.i.AbstractProblemLoader Environment load took 124.1ns 
100552     INFO  main            d.u.i.k.p.i.AbstractProblemLoader Creating init config 
103174     DEBUG main            d.u.i.k.p.i.AbstractProblemLoader Init config took 2.62s 
103209     INFO  main            d.u.i.k.p.i.AbstractProblemLoader Replaying proof UpdateAbstraction[UpdateAbstraction::ex7_3_secure()].JML operation contract.0 
103233     DEBUG main            d.u.i.k.p.i.IntermediateProofReplayer Proof replay took 22.23ms 
103234     DEBUG main            d.u.i.k.p.r.p.TestFile    ... success: reloaded. 
103235     INFO  main            d.u.i.k.p.r.p.TestFile    Now processing file /home/runner/work/key/key/key.core/../key.ui/examples/heap/information_flow/UpdateAbstraction_ex7_4_secure.key 
103236     INFO  main            d.u.i.k.p.i.AbstractProblemLoader Loading environment from /home/runner/work/key/key/key.core/../key.ui/examples/heap/information_flow/UpdateAbstraction_ex7_4_secure.key 
103236     DEBUG main            d.u.i.k.p.i.AbstractProblemLoader Environment load took 230.2ns 
103237     INFO  main            d.u.i.k.p.i.AbstractProblemLoader Creating init config 
105883     DEBUG main            d.u.i.k.p.i.AbstractProblemLoader Init config took 2.65s 
105934     INFO  main            d.u.i.k.p.i.AbstractProblemLoader Replaying proof UpdateAbstraction[UpdateAbstraction::ex7_4_secure()].JML operation contract.0 
105936     DEBUG main            d.u.i.k.p.i.IntermediateProofReplayer Proof replay took 6.3ns 
106138     INFO  main            d.u.i.k.p.r.p.TestFile    ... finished proof: closed. 
106408     INFO  main            d.u.i.k.p.i.AbstractProblemLoader Loading environment from /home/runner/work/key/key/key.core/../key.ui/examples/heap/information_flow/UpdateAbstraction_ex7_4_secure.key.proof 
106408     DEBUG main            d.u.i.k.p.i.AbstractProblemLoader Environment load took 140.5ns 
106409     INFO  main            d.u.i.k.p.i.AbstractProblemLoader Creating init config 
109060     DEBUG main            d.u.i.k.p.i.AbstractProblemLoader Init config took 2.65s 
109094     INFO  main            d.u.i.k.p.i.AbstractProblemLoader Replaying proof UpdateAbstraction[UpdateAbstraction::ex7_4_secure()].JML operation contract.0 
109131     DEBUG main            d.u.i.k.p.i.IntermediateProofReplayer Proof replay took 35.3ms 
109136     DEBUG main            d.u.i.k.p.r.p.TestFile    ... success: reloaded. 
109136     INFO  main            d.u.i.k.p.r.p.TestFile    Now processing file /home/runner/work/key/key/key.core/../key.ui/examples/heap/information_flow/UpdateAbstraction_ex7_5_secure.key 
109137     INFO  main            d.u.i.k.p.i.AbstractProblemLoader Loading environment from /home/runner/work/key/key/key.core/../key.ui/examples/heap/information_flow/UpdateAbstraction_ex7_5_secure.key 
109137     DEBUG main            d.u.i.k.p.i.AbstractProblemLoader Environment load took 102.8ns 
109138     INFO  main            d.u.i.k.p.i.AbstractProblemLoader Creating init config 
111796     DEBUG main            d.u.i.k.p.i.AbstractProblemLoader Init config took 2.66s 
111831     INFO  main            d.u.i.k.p.i.AbstractProblemLoader Replaying proof UpdateAbstraction[UpdateAbstraction::ex7_5_secure()].JML operation contract.0 
111832     DEBUG main            d.u.i.k.p.i.IntermediateProofReplayer Proof replay took 5.8ns 
111934     INFO  main            d.u.i.k.p.r.p.TestFile    ... finished proof: closed. 
112217     INFO  main            d.u.i.k.p.i.AbstractProblemLoader Loading environment from /home/runner/work/key/key/key.core/../key.ui/examples/heap/information_flow/UpdateAbstraction_ex7_5_secure.key.proof 
112217     DEBUG main            d.u.i.k.p.i.AbstractProblemLoader Environment load took 119.6ns 
112218     INFO  main            d.u.i.k.p.i.AbstractProblemLoader Creating init config 
114810     DEBUG main            d.u.i.k.p.i.AbstractProblemLoader Init config took 2.59s 
114846     INFO  main            d.u.i.k.p.i.AbstractProblemLoader Replaying proof UpdateAbstraction[UpdateAbstraction::ex7_5_secure()].JML operation contract.0 
114863     DEBUG main            d.u.i.k.p.i.IntermediateProofReplayer Proof replay took 13.56ms 
114864     DEBUG main            d.u.i.k.p.r.p.TestFile    ... success: reloaded. 
114864     INFO  main            d.u.i.k.p.r.p.TestFile    Now processing file /home/runner/work/key/key/key.core/../key.ui/examples/heap/information_flow/UpdateAbstraction_ex7_6_secure.key 
114865     INFO  main            d.u.i.k.p.i.AbstractProblemLoader Loading environment from /home/runner/work/key/key/key.core/../key.ui/examples/heap/information_flow/UpdateAbstraction_ex7_6_secure.key 
114865     DEBUG main            d.u.i.k.p.i.AbstractProblemLoader Environment load took 60.7ns 
114865     INFO  main            d.u.i.k.p.i.AbstractProblemLoader Creating init config 
117569     DEBUG main            d.u.i.k.p.i.AbstractProblemLoader Init config took 2.7s 
117602     INFO  main            d.u.i.k.p.i.AbstractProblemLoader Replaying proof UpdateAbstraction[UpdateAbstraction::ex7_6_secure()].JML operation contract.0 
117603     DEBUG main            d.u.i.k.p.i.IntermediateProofReplayer Proof replay took 6.5ns 
117905     INFO  main            d.u.i.k.p.r.p.TestFile    ... finished proof: closed. 
118196     INFO  main            d.u.i.k.p.i.AbstractProblemLoader Loading environment from /home/runner/work/key/key/key.core/../key.ui/examples/heap/information_flow/UpdateAbstraction_ex7_6_secure.key.proof 
118196     DEBUG main            d.u.i.k.p.i.AbstractProblemLoader Environment load took 121.1ns 
118197     INFO  main            d.u.i.k.p.i.AbstractProblemLoader Creating init config 
120794     DEBUG main            d.u.i.k.p.i.AbstractProblemLoader Init config took 2.6s 
120833     INFO  main            d.u.i.k.p.i.AbstractProblemLoader Replaying proof UpdateAbstraction[UpdateAbstraction::ex7_6_secure()].JML operation contract.0 
120881     DEBUG main            d.u.i.k.p.i.IntermediateProofReplayer Proof replay took 45.3ms 
120882     DEBUG main            d.u.i.k.p.r.p.TestFile    ... success: reloaded. 
120883     INFO  main            d.u.i.k.p.r.p.TestFile    Now processing file /home/runner/work/key/key/key.core/../key.ui/examples/heap/information_flow/UpdateAbstraction_ex9_secure.key 
120884     INFO  main            d.u.i.k.p.i.AbstractProblemLoader Loading environment from /home/runner/work/key/key/key.core/../key.ui/examples/heap/information_flow/UpdateAbstraction_ex9_secure.key 
120884     DEBUG main            d.u.i.k.p.i.AbstractProblemLoader Environment load took 249.3ns 
120885     INFO  main            d.u.i.k.p.i.AbstractProblemLoader Creating init config 
123557     DEBUG main            d.u.i.k.p.i.AbstractProblemLoader Init config took 2.67s 
123590     INFO  main            d.u.i.k.p.i.AbstractProblemLoader Replaying proof UpdateAbstraction[UpdateAbstraction::ex9_secure()].JML operation contract.0 
123592     DEBUG main            d.u.i.k.p.i.IntermediateProofReplayer Proof replay took 6.5ns 
124505     INFO  main            d.u.i.k.p.r.p.TestFile    ... finished proof: closed. 
124832     INFO  main            d.u.i.k.p.i.AbstractProblemLoader Loading environment from /home/runner/work/key/key/key.core/../key.ui/examples/heap/information_flow/UpdateAbstraction_ex9_secure.key.proof 
124833     DEBUG main            d.u.i.k.p.i.AbstractProblemLoader Environment load took 126.6ns 
124834     INFO  main            d.u.i.k.p.i.AbstractProblemLoader Creating init config 
127465     DEBUG main            d.u.i.k.p.i.AbstractProblemLoader Init config took 2.63s 
127502     INFO  main            d.u.i.k.p.i.AbstractProblemLoader Replaying proof UpdateAbstraction[UpdateAbstraction::ex9_secure()].JML operation contract.0 
127648     DEBUG main            d.u.i.k.p.i.IntermediateProofReplayer Proof replay took 141.88ms 
127649     DEBUG main            d.u.i.k.p.r.p.TestFile    ... success: reloaded. 
844739     INFO  Test worker     d.u.i.k.p.r.RunAllProofsTestUnit Returning from test javaCard 
844741     INFO  Test worker     d.u.i.k.p.r.RunAllProofsTestUnit Running test list 
351        INFO  Timeout watchdog d.u.i.k.p.r.p.ForkedTestFileRunner Timeout watcher launched (2000 secs.) 
362        WARN  main            d.u.i.k.s.ProofSettings   The settings in /home/runner/.key/proof-settings.props are *not* read. 
392        INFO  main            d.u.i.k.p.r.p.TestFile    Now processing file /home/runner/work/key/key/key.core/../key.ui/examples/heap/list/ArrayList_add.key 
499        INFO  main            d.u.i.k.p.i.AbstractProblemLoader Loading environment from /home/runner/work/key/key/key.core/../key.ui/examples/heap/list/ArrayList_add.key 
516        DEBUG main            d.u.i.k.p.i.AbstractProblemLoader Environment load took 2.11ms 
735        INFO  main            d.u.i.k.p.i.AbstractProblemLoader Creating init config 
1706       DEBUG main            d.u.i.k.j.TypeConverter   No LDT found for Meta 
1707       DEBUG main            d.u.i.k.j.TypeConverter   No LDT found for Meta 
1710       DEBUG main            d.u.i.k.j.TypeConverter   No LDT found for Meta 
1710       DEBUG main            d.u.i.k.j.TypeConverter   No LDT found for Meta 
3121       DEBUG main            d.u.i.k.j.TypeConverter   No LDT found for JavaBigintExpression 
6581       DEBUG main            d.u.i.k.j.r.ClassPreparationMethodBuilder clPrepBuilder: Inner Class detected. Reject building class initialisation methods. 
9257       DEBUG main            d.u.i.k.p.i.AbstractProblemLoader Init config took 8.52s 
9451       INFO  main            d.u.i.k.p.i.AbstractProblemLoader Replaying proof ArrayList[List::add(java.lang.Object)].JML normal_behavior operation contract.0 
9520       DEBUG main            d.u.i.k.p.i.IntermediateProofReplayer Proof replay took 33.4ns 
15111      INFO  main            d.u.i.k.p.r.p.TestFile    ... finished proof: closed. 
15300      INFO  main            d.u.i.k.p.i.AbstractProblemLoader Loading environment from /home/runner/work/key/key/key.core/../key.ui/examples/heap/list/ArrayList_add.key.proof 
15301      DEBUG main            d.u.i.k.p.i.AbstractProblemLoader Environment load took 178.2ns 
15305      INFO  main            d.u.i.k.p.i.AbstractProblemLoader Creating init config 
16491      DEBUG main            d.u.i.k.j.r.ClassPreparationMethodBuilder clPrepBuilder: Inner Class detected. Reject building class initialisation methods. 
18729      DEBUG main            d.u.i.k.p.i.AbstractProblemLoader Init config took 3.42s 
18799      INFO  main            d.u.i.k.p.i.AbstractProblemLoader Replaying proof ArrayList[List::add(java.lang.Object)].JML normal_behavior operation contract.0 
19417      DEBUG main            d.u.i.k.p.i.IntermediateProofReplayer Proof replay took 595.18ms 
19428      DEBUG main            d.u.i.k.p.r.p.TestFile    ... success: reloaded. 
19434      INFO  main            d.u.i.k.p.r.p.TestFile    Now processing file /home/runner/work/key/key/key.core/../key.ui/examples/heap/list/ArrayList_ArrayList.key 
19434      INFO  main            d.u.i.k.p.i.AbstractProblemLoader Loading environment from /home/runner/work/key/key/key.core/../key.ui/examples/heap/list/ArrayList_ArrayList.key 
19435      DEBUG main            d.u.i.k.p.i.AbstractProblemLoader Environment load took 145.2ns 
19438      INFO  main            d.u.i.k.p.i.AbstractProblemLoader Creating init config 
20536      DEBUG main            d.u.i.k.j.r.ClassPreparationMethodBuilder clPrepBuilder: Inner Class detected. Reject building class initialisation methods. 
22728      DEBUG main            d.u.i.k.p.i.AbstractProblemLoader Init config took 3.29s 
22810      INFO  main            d.u.i.k.p.i.AbstractProblemLoader Replaying proof ArrayList[ArrayList::ArrayList()].JML normal_behavior operation contract.0 
22812      DEBUG main            d.u.i.k.p.i.IntermediateProofReplayer Proof replay took 6.6ns 
24145      INFO  main            d.u.i.k.p.r.p.TestFile    ... finished proof: closed. 
24300      INFO  main            d.u.i.k.p.i.AbstractProblemLoader Loading environment from /home/runner/work/key/key/key.core/../key.ui/examples/heap/list/ArrayList_ArrayList.key.proof 
24301      DEBUG main            d.u.i.k.p.i.AbstractProblemLoader Environment load took 517.3ns 
24302      INFO  main            d.u.i.k.p.i.AbstractProblemLoader Creating init config 
25303      DEBUG main            d.u.i.k.j.r.ClassPreparationMethodBuilder clPrepBuilder: Inner Class detected. Reject building class initialisation methods. 
27506      DEBUG main            d.u.i.k.p.i.AbstractProblemLoader Init config took 3.2s 
27575      INFO  main            d.u.i.k.p.i.AbstractProblemLoader Replaying proof ArrayList[ArrayList::ArrayList()].JML normal_behavior operation contract.0 
27740      DEBUG main            d.u.i.k.p.i.IntermediateProofReplayer Proof replay took 156.16ms 
27742      DEBUG main            d.u.i.k.p.r.p.TestFile    ... success: reloaded. 
27744      INFO  main            d.u.i.k.p.r.p.TestFile    Now processing file /home/runner/work/key/key/key.core/../key.ui/examples/heap/list/ArrayList_concatenate.key 
27744      INFO  main            d.u.i.k.p.i.AbstractProblemLoader Loading environment from /home/runner/work/key/key/key.core/../key.ui/examples/heap/list/ArrayList_concatenate.key 
27745      DEBUG main            d.u.i.k.p.i.AbstractProblemLoader Environment load took 247.7ns 
27746      INFO  main            d.u.i.k.p.i.AbstractProblemLoader Creating init config 
28779      DEBUG main            d.u.i.k.j.r.ClassPreparationMethodBuilder clPrepBuilder: Inner Class detected. Reject building class initialisation methods. 
30915      DEBUG main            d.u.i.k.p.i.AbstractProblemLoader Init config took 3.17s 
30973      INFO  main            d.u.i.k.p.i.AbstractProblemLoader Replaying proof ArrayList[List::concatenate(List)].JML normal_behavior operation contract.0 
30975      DEBUG main            d.u.i.k.p.i.IntermediateProofReplayer Proof replay took 5.2ns 
53897      INFO  main            d.u.i.k.p.r.p.TestFile    ... finished proof: closed. 
54138      INFO  main            d.u.i.k.p.i.AbstractProblemLoader Loading environment from /home/runner/work/key/key/key.core/../key.ui/examples/heap/list/ArrayList_concatenate.key.proof 
54138      DEBUG main            d.u.i.k.p.i.AbstractProblemLoader Environment load took 491ns 
54144      INFO  main            d.u.i.k.p.i.AbstractProblemLoader Creating init config 
55143      DEBUG main            d.u.i.k.j.r.ClassPreparationMethodBuilder clPrepBuilder: Inner Class detected. Reject building class initialisation methods. 
57236      DEBUG main            d.u.i.k.p.i.AbstractProblemLoader Init config took 3.09s 
57293      INFO  main            d.u.i.k.p.i.AbstractProblemLoader Replaying proof ArrayList[List::concatenate(List)].JML normal_behavior operation contract.0 
58858      DEBUG main            d.u.i.k.p.i.IntermediateProofReplayer Proof replay took 1.5s 
58863      DEBUG main            d.u.i.k.p.r.p.TestFile    ... success: reloaded. 
58864      INFO  main            d.u.i.k.p.r.p.TestFile    Now processing file /home/runner/work/key/key/key.core/../key.ui/examples/heap/list/ArrayList_contains_dep.key 
58865      INFO  main            d.u.i.k.p.i.AbstractProblemLoader Loading environment from /home/runner/work/key/key/key.core/../key.ui/examples/heap/list/ArrayList_contains_dep.key 
58865      DEBUG main            d.u.i.k.p.i.AbstractProblemLoader Environment load took 218.1ns 
58866      INFO  main            d.u.i.k.p.i.AbstractProblemLoader Creating init config 
59912      DEBUG main            d.u.i.k.j.r.ClassPreparationMethodBuilder clPrepBuilder: Inner Class detected. Reject building class initialisation methods. 
62128      DEBUG main            d.u.i.k.p.i.AbstractProblemLoader Init config took 3.26s 
62182      INFO  main            d.u.i.k.p.i.AbstractProblemLoader Replaying proof ArrayList[List::contains(java.lang.Object)].JML accessible clause.0 
62184      DEBUG main            d.u.i.k.p.i.IntermediateProofReplayer Proof replay took 5.2ns 
64836      INFO  main            d.u.i.k.p.r.p.TestFile    ... finished proof: closed. 
65104      INFO  main            d.u.i.k.p.i.AbstractProblemLoader Loading environment from /home/runner/work/key/key/key.core/../key.ui/examples/heap/list/ArrayList_contains_dep.key.proof 
65104      DEBUG main            d.u.i.k.p.i.AbstractProblemLoader Environment load took 125.2ns 
65105      INFO  main            d.u.i.k.p.i.AbstractProblemLoader Creating init config 
66081      DEBUG main            d.u.i.k.j.r.ClassPreparationMethodBuilder clPrepBuilder: Inner Class detected. Reject building class initialisation methods. 
68219      DEBUG main            d.u.i.k.p.i.AbstractProblemLoader Init config took 3.11s 
68280      INFO  main            d.u.i.k.p.i.AbstractProblemLoader Replaying proof ArrayList[List::contains(java.lang.Object)].JML accessible clause.0 
68630      DEBUG main            d.u.i.k.p.i.IntermediateProofReplayer Proof replay took 337.78ms 
68633      DEBUG main            d.u.i.k.p.r.p.TestFile    ... success: reloaded. 
68635      INFO  main            d.u.i.k.p.r.p.TestFile    Now processing file /home/runner/work/key/key/key.core/../key.ui/examples/heap/list/ArrayList_enlarge.key 
68635      INFO  main            d.u.i.k.p.i.AbstractProblemLoader Loading environment from /home/runner/work/key/key/key.core/../key.ui/examples/heap/list/ArrayList_enlarge.key 
68635      DEBUG main            d.u.i.k.p.i.AbstractProblemLoader Environment load took 250.1ns 
68636      INFO  main            d.u.i.k.p.i.AbstractProblemLoader Creating init config 
69637      DEBUG main            d.u.i.k.j.r.ClassPreparationMethodBuilder clPrepBuilder: Inner Class detected. Reject building class initialisation methods. 
71749      DEBUG main            d.u.i.k.p.i.AbstractProblemLoader Init config took 3.11s 
71803      INFO  main            d.u.i.k.p.i.AbstractProblemLoader Replaying proof ArrayList[ArrayList::enlarge()].JML normal_behavior operation contract.0 
71805      DEBUG main            d.u.i.k.p.i.IntermediateProofReplayer Proof replay took 5.6ns 
74052      INFO  main            d.u.i.k.p.r.p.TestFile    ... finished proof: closed. 
74249      INFO  main            d.u.i.k.p.i.AbstractProblemLoader Loading environment from /home/runner/work/key/key/key.core/../key.ui/examples/heap/list/ArrayList_enlarge.key.proof 
74250      DEBUG main            d.u.i.k.p.i.AbstractProblemLoader Environment load took 931.21ns 
74251      INFO  main            d.u.i.k.p.i.AbstractProblemLoader Creating init config 
75237      DEBUG main            d.u.i.k.j.r.ClassPreparationMethodBuilder clPrepBuilder: Inner Class detected. Reject building class initialisation methods. 
77334      DEBUG main            d.u.i.k.p.i.AbstractProblemLoader Init config took 3.08s 
77387      INFO  main            d.u.i.k.p.i.AbstractProblemLoader Replaying proof ArrayList[ArrayList::enlarge()].JML normal_behavior operation contract.0 
77663      DEBUG main            d.u.i.k.p.i.IntermediateProofReplayer Proof replay took 267.39ms 
77664      DEBUG main            d.u.i.k.p.r.p.TestFile    ... success: reloaded. 
77666      INFO  main            d.u.i.k.p.r.p.TestFile    Now processing file /home/runner/work/key/key/key.core/../key.ui/examples/heap/list/ArrayList_footprint.key 
77666      INFO  main            d.u.i.k.p.i.AbstractProblemLoader Loading environment from /home/runner/work/key/key/key.core/../key.ui/examples/heap/list/ArrayList_footprint.key 
77666      DEBUG main            d.u.i.k.p.i.AbstractProblemLoader Environment load took 233.3ns 
77668      INFO  main            d.u.i.k.p.i.AbstractProblemLoader Creating init config 
78658      DEBUG main            d.u.i.k.j.r.ClassPreparationMethodBuilder clPrepBuilder: Inner Class detected. Reject building class initialisation methods. 
80761      DEBUG main            d.u.i.k.p.i.AbstractProblemLoader Init config took 3.09s 
80813      INFO  main            d.u.i.k.p.i.AbstractProblemLoader Replaying proof List[List::$footprint()].JML accessible clause.0 
80814      DEBUG main            d.u.i.k.p.i.IntermediateProofReplayer Proof replay took 5.8ns 
80919      INFO  main            d.u.i.k.p.r.p.TestFile    ... finished proof: closed. 
81092      INFO  main            d.u.i.k.p.i.AbstractProblemLoader Loading environment from /home/runner/work/key/key/key.core/../key.ui/examples/heap/list/ArrayList_footprint.key.proof 
81092      DEBUG main            d.u.i.k.p.i.AbstractProblemLoader Environment load took 124.5ns 
81094      INFO  main            d.u.i.k.p.i.AbstractProblemLoader Creating init config 
82061      DEBUG main            d.u.i.k.j.r.ClassPreparationMethodBuilder clPrepBuilder: Inner Class detected. Reject building class initialisation methods. 
84147      DEBUG main            d.u.i.k.p.i.AbstractProblemLoader Init config took 3.05s 
84208      INFO  main            d.u.i.k.p.i.AbstractProblemLoader Replaying proof List[List::$footprint()].JML accessible clause.0 
84211      DEBUG main            d.u.i.k.p.i.IntermediateProofReplayer Proof replay took 889.61ns 
84212      DEBUG main            d.u.i.k.p.r.p.TestFile    ... success: reloaded. 
84213      INFO  main            d.u.i.k.p.r.p.TestFile    Now processing file /home/runner/work/key/key/key.core/../key.ui/examples/heap/list/ArrayList_get_dep.key 
84213      INFO  main            d.u.i.k.p.i.AbstractProblemLoader Loading environment from /home/runner/work/key/key/key.core/../key.ui/examples/heap/list/ArrayList_get_dep.key 
84213      DEBUG main            d.u.i.k.p.i.AbstractProblemLoader Environment load took 118.4ns 
84215      INFO  main            d.u.i.k.p.i.AbstractProblemLoader Creating init config 
85200      DEBUG main            d.u.i.k.j.r.ClassPreparationMethodBuilder clPrepBuilder: Inner Class detected. Reject building class initialisation methods. 
87330      DEBUG main            d.u.i.k.p.i.AbstractProblemLoader Init config took 3.12s 
87377      INFO  main            d.u.i.k.p.i.AbstractProblemLoader Replaying proof ArrayList[List::get(int)].JML accessible clause.0 
87379      DEBUG main            d.u.i.k.p.i.IntermediateProofReplayer Proof replay took 5.5ns 
87786      INFO  main            d.u.i.k.p.r.p.TestFile    ... finished proof: closed. 
87986      INFO  main            d.u.i.k.p.i.AbstractProblemLoader Loading environment from /home/runner/work/key/key/key.core/../key.ui/examples/heap/list/ArrayList_get_dep.key.proof 
87987      DEBUG main            d.u.i.k.p.i.AbstractProblemLoader Environment load took 120.5ns 
87988      INFO  main            d.u.i.k.p.i.AbstractProblemLoader Creating init config 
88949      DEBUG main            d.u.i.k.j.r.ClassPreparationMethodBuilder clPrepBuilder: Inner Class detected. Reject building class initialisation methods. 
91005      DEBUG main            d.u.i.k.p.i.AbstractProblemLoader Init config took 3.02s 
91051      INFO  main            d.u.i.k.p.i.AbstractProblemLoader Replaying proof ArrayList[List::get(int)].JML accessible clause.0 
91105      DEBUG main            d.u.i.k.p.i.IntermediateProofReplayer Proof replay took 51.73ms 
91106      DEBUG main            d.u.i.k.p.r.p.TestFile    ... success: reloaded. 
91108      INFO  main            d.u.i.k.p.r.p.TestFile    Now processing file /home/runner/work/key/key/key.core/../key.ui/examples/heap/list/ArrayList_get_exceptional.key 
91108      INFO  main            d.u.i.k.p.i.AbstractProblemLoader Loading environment from /home/runner/work/key/key/key.core/../key.ui/examples/heap/list/ArrayList_get_exceptional.key 
91108      DEBUG main            d.u.i.k.p.i.AbstractProblemLoader Environment load took 206.8ns 
91109      INFO  main            d.u.i.k.p.i.AbstractProblemLoader Creating init config 
92122      DEBUG main            d.u.i.k.j.r.ClassPreparationMethodBuilder clPrepBuilder: Inner Class detected. Reject building class initialisation methods. 
94219      DEBUG main            d.u.i.k.p.i.AbstractProblemLoader Init config took 3.11s 
94266      INFO  main            d.u.i.k.p.i.AbstractProblemLoader Replaying proof ArrayList[List::get(int)].JML exceptional_behavior operation contract.0 
94267      DEBUG main            d.u.i.k.p.i.IntermediateProofReplayer Proof replay took 5.7ns 
95372      INFO  main            d.u.i.k.p.r.p.TestFile    ... finished proof: closed. 
95598      INFO  main            d.u.i.k.p.i.AbstractProblemLoader Loading environment from /home/runner/work/key/key/key.core/../key.ui/examples/heap/list/ArrayList_get_exceptional.key.proof 
95599      DEBUG main            d.u.i.k.p.i.AbstractProblemLoader Environment load took 595.9ns 
95601      INFO  main            d.u.i.k.p.i.AbstractProblemLoader Creating init config 
96574      DEBUG main            d.u.i.k.j.r.ClassPreparationMethodBuilder clPrepBuilder: Inner Class detected. Reject building class initialisation methods. 
98664      DEBUG main            d.u.i.k.p.i.AbstractProblemLoader Init config took 3.06s 
98710      INFO  main            d.u.i.k.p.i.AbstractProblemLoader Replaying proof ArrayList[List::get(int)].JML exceptional_behavior operation contract.0 
98858      DEBUG main            d.u.i.k.p.i.IntermediateProofReplayer Proof replay took 141.35ms 
98859      DEBUG main            d.u.i.k.p.r.p.TestFile    ... success: reloaded. 
98860      INFO  main            d.u.i.k.p.r.p.TestFile    Now processing file /home/runner/work/key/key/key.core/../key.ui/examples/heap/list/ArrayList_get_normal.key 
98861      INFO  main            d.u.i.k.p.i.AbstractProblemLoader Loading environment from /home/runner/work/key/key/key.core/../key.ui/examples/heap/list/ArrayList_get_normal.key 
98861      DEBUG main            d.u.i.k.p.i.AbstractProblemLoader Environment load took 231ns 
98862      INFO  main            d.u.i.k.p.i.AbstractProblemLoader Creating init config 
99840      DEBUG main            d.u.i.k.j.r.ClassPreparationMethodBuilder clPrepBuilder: Inner Class detected. Reject building class initialisation methods. 
101926     DEBUG main            d.u.i.k.p.i.AbstractProblemLoader Init config took 3.06s 
101971     INFO  main            d.u.i.k.p.i.AbstractProblemLoader Replaying proof ArrayList[List::get(int)].JML normal_behavior operation contract.0 
101972     DEBUG main            d.u.i.k.p.i.IntermediateProofReplayer Proof replay took 5.8ns 
102375     INFO  main            d.u.i.k.p.r.p.TestFile    ... finished proof: closed. 
102560     INFO  main            d.u.i.k.p.i.AbstractProblemLoader Loading environment from /home/runner/work/key/key/key.core/../key.ui/examples/heap/list/ArrayList_get_normal.key.proof 
102560     DEBUG main            d.u.i.k.p.i.AbstractProblemLoader Environment load took 124.1ns 
102561     INFO  main            d.u.i.k.p.i.AbstractProblemLoader Creating init config 
103525     DEBUG main            d.u.i.k.j.r.ClassPreparationMethodBuilder clPrepBuilder: Inner Class detected. Reject building class initialisation methods. 
105605     DEBUG main            d.u.i.k.p.i.AbstractProblemLoader Init config took 3.04s 
105651     INFO  main            d.u.i.k.p.i.AbstractProblemLoader Replaying proof ArrayList[List::get(int)].JML normal_behavior operation contract.0 
105705     DEBUG main            d.u.i.k.p.i.IntermediateProofReplayer Proof replay took 51.62ms 
105706     DEBUG main            d.u.i.k.p.r.p.TestFile    ... success: reloaded. 
105708     INFO  main            d.u.i.k.p.r.p.TestFile    Now processing file /home/runner/work/key/key/key.core/../key.ui/examples/heap/list/ArrayList_inv.key 
105708     INFO  main            d.u.i.k.p.i.AbstractProblemLoader Loading environment from /home/runner/work/key/key/key.core/../key.ui/examples/heap/list/ArrayList_inv.key 
105708     DEBUG main            d.u.i.k.p.i.AbstractProblemLoader Environment load took 68.1ns 
105709     INFO  main            d.u.i.k.p.i.AbstractProblemLoader Creating init config 
106708     DEBUG main            d.u.i.k.j.r.ClassPreparationMethodBuilder clPrepBuilder: Inner Class detected. Reject building class initialisation methods. 
108788     DEBUG main            d.u.i.k.p.i.AbstractProblemLoader Init config took 3.08s 
108833     INFO  main            d.u.i.k.p.i.AbstractProblemLoader Replaying proof ArrayList[java.lang.Object::<inv>()].JML accessible clause.0 
108834     DEBUG main            d.u.i.k.p.i.IntermediateProofReplayer Proof replay took 6.3ns 
109237     INFO  main            d.u.i.k.p.r.p.TestFile    ... finished proof: closed. 
109460     INFO  main            d.u.i.k.p.i.AbstractProblemLoader Loading environment from /home/runner/work/key/key/key.core/../key.ui/examples/heap/list/ArrayList_inv.key.proof 
109460     DEBUG main            d.u.i.k.p.i.AbstractProblemLoader Environment load took 136.2ns 
109461     INFO  main            d.u.i.k.p.i.AbstractProblemLoader Creating init config 
110417     DEBUG main            d.u.i.k.j.r.ClassPreparationMethodBuilder clPrepBuilder: Inner Class detected. Reject building class initialisation methods. 
112498     DEBUG main            d.u.i.k.p.i.AbstractProblemLoader Init config took 3.04s 
112542     INFO  main            d.u.i.k.p.i.AbstractProblemLoader Replaying proof ArrayList[java.lang.Object::<inv>()].JML accessible clause.0 
112579     DEBUG main            d.u.i.k.p.i.IntermediateProofReplayer Proof replay took 33.47ms 
112580     DEBUG main            d.u.i.k.p.r.p.TestFile    ... success: reloaded. 
112581     INFO  main            d.u.i.k.p.r.p.TestFile    Now processing file /home/runner/work/key/key/key.core/../key.ui/examples/heap/list/ArrayList_iterator.key 
112581     INFO  main            d.u.i.k.p.i.AbstractProblemLoader Loading environment from /home/runner/work/key/key/key.core/../key.ui/examples/heap/list/ArrayList_iterator.key 
112581     DEBUG main            d.u.i.k.p.i.AbstractProblemLoader Environment load took 64.3ns 
112582     INFO  main            d.u.i.k.p.i.AbstractProblemLoader Creating init config 
113545     DEBUG main            d.u.i.k.j.r.ClassPreparationMethodBuilder clPrepBuilder: Inner Class detected. Reject building class initialisation methods. 
115588     DEBUG main            d.u.i.k.p.i.AbstractProblemLoader Init config took 3.01s 
115657     INFO  main            d.u.i.k.p.i.AbstractProblemLoader Replaying proof ArrayList[List::iterator()].JML normal_behavior operation contract.0 
115659     DEBUG main            d.u.i.k.p.i.IntermediateProofReplayer Proof replay took 6.3ns 
116163     INFO  main            d.u.i.k.p.r.p.TestFile    ... finished proof: closed. 
116395     INFO  main            d.u.i.k.p.i.AbstractProblemLoader Loading environment from /home/runner/work/key/key/key.core/../key.ui/examples/heap/list/ArrayList_iterator.key.proof 
116395     DEBUG main            d.u.i.k.p.i.AbstractProblemLoader Environment load took 152.9ns 
116396     INFO  main            d.u.i.k.p.i.AbstractProblemLoader Creating init config 
117354     DEBUG main            d.u.i.k.j.r.ClassPreparationMethodBuilder clPrepBuilder: Inner Class detected. Reject building class initialisation methods. 
119415     DEBUG main            d.u.i.k.p.i.AbstractProblemLoader Init config took 3.02s 
119471     INFO  main            d.u.i.k.p.i.AbstractProblemLoader Replaying proof ArrayList[List::iterator()].JML normal_behavior operation contract.0 
119533     DEBUG main            d.u.i.k.p.i.IntermediateProofReplayer Proof replay took 59.28ms 
119535     DEBUG main            d.u.i.k.p.r.p.TestFile    ... success: reloaded. 
119536     INFO  main            d.u.i.k.p.r.p.TestFile    Now processing file /home/runner/work/key/key/key.core/../key.ui/examples/heap/list/ArrayList_size_dep.key 
119536     INFO  main            d.u.i.k.p.i.AbstractProblemLoader Loading environment from /home/runner/work/key/key/key.core/../key.ui/examples/heap/list/ArrayList_size_dep.key 
119537     DEBUG main            d.u.i.k.p.i.AbstractProblemLoader Environment load took 225.8ns 
119538     INFO  main            d.u.i.k.p.i.AbstractProblemLoader Creating init config 
120538     DEBUG main            d.u.i.k.j.r.ClassPreparationMethodBuilder clPrepBuilder: Inner Class detected. Reject building class initialisation methods. 
122588     DEBUG main            d.u.i.k.p.i.AbstractProblemLoader Init config took 3.05s 
122632     INFO  main            d.u.i.k.p.i.AbstractProblemLoader Replaying proof ArrayList[List::size()].JML accessible clause.0 
122633     DEBUG main            d.u.i.k.p.i.IntermediateProofReplayer Proof replay took 6.1ns 
122838     INFO  main            d.u.i.k.p.r.p.TestFile    ... finished proof: closed. 
123057     INFO  main            d.u.i.k.p.i.AbstractProblemLoader Loading environment from /home/runner/work/key/key/key.core/../key.ui/examples/heap/list/ArrayList_size_dep.key.proof 
123057     DEBUG main            d.u.i.k.p.i.AbstractProblemLoader Environment load took 124.6ns 
123058     INFO  main            d.u.i.k.p.i.AbstractProblemLoader Creating init config 
124025     DEBUG main            d.u.i.k.j.r.ClassPreparationMethodBuilder clPrepBuilder: Inner Class detected. Reject building class initialisation methods. 
126050     DEBUG main            d.u.i.k.p.i.AbstractProblemLoader Init config took 2.99s 
126096     INFO  main            d.u.i.k.p.i.AbstractProblemLoader Replaying proof ArrayList[List::size()].JML accessible clause.0 
126116     DEBUG main            d.u.i.k.p.i.IntermediateProofReplayer Proof replay took 16.58ms 
126117     DEBUG main            d.u.i.k.p.r.p.TestFile    ... success: reloaded. 
126119     INFO  main            d.u.i.k.p.r.p.TestFile    Now processing file /home/runner/work/key/key/key.core/../key.ui/examples/heap/list/ArrayList_size.key 
126120     INFO  main            d.u.i.k.p.i.AbstractProblemLoader Loading environment from /home/runner/work/key/key/key.core/../key.ui/examples/heap/list/ArrayList_size.key 
126120     DEBUG main            d.u.i.k.p.i.AbstractProblemLoader Environment load took 135.2ns 
126122     INFO  main            d.u.i.k.p.i.AbstractProblemLoader Creating init config 
127099     DEBUG main            d.u.i.k.j.r.ClassPreparationMethodBuilder clPrepBuilder: Inner Class detected. Reject building class initialisation methods. 
129221     DEBUG main            d.u.i.k.p.i.AbstractProblemLoader Init config took 3.1s 
129269     INFO  main            d.u.i.k.p.i.AbstractProblemLoader Replaying proof ArrayList[List::size()].JML normal_behavior operation contract.0 
129271     DEBUG main            d.u.i.k.p.i.IntermediateProofReplayer Proof replay took 5.4ns 
129473     INFO  main            d.u.i.k.p.r.p.TestFile    ... finished proof: closed. 
129701     INFO  main            d.u.i.k.p.i.AbstractProblemLoader Loading environment from /home/runner/work/key/key/key.core/../key.ui/examples/heap/list/ArrayList_size.key.proof 
129701     DEBUG main            d.u.i.k.p.i.AbstractProblemLoader Environment load took 119.3ns 
129702     INFO  main            d.u.i.k.p.i.AbstractProblemLoader Creating init config 
130659     DEBUG main            d.u.i.k.j.r.ClassPreparationMethodBuilder clPrepBuilder: Inner Class detected. Reject building class initialisation methods. 
132692     DEBUG main            d.u.i.k.p.i.AbstractProblemLoader Init config took 2.99s 
132740     INFO  main            d.u.i.k.p.i.AbstractProblemLoader Replaying proof ArrayList[List::size()].JML normal_behavior operation contract.0 
132769     DEBUG main            d.u.i.k.p.i.IntermediateProofReplayer Proof replay took 25.29ms 
132771     DEBUG main            d.u.i.k.p.r.p.TestFile    ... success: reloaded. 
132773     INFO  main            d.u.i.k.p.r.p.TestFile    Now processing file /home/runner/work/key/key/key.core/../key.ui/examples/heap/list/ArrayList.ArrayListIterator_ArrayListIterator.key 
132774     INFO  main            d.u.i.k.p.i.AbstractProblemLoader Loading environment from /home/runner/work/key/key/key.core/../key.ui/examples/heap/list/ArrayList.ArrayListIterator_ArrayListIterator.key 
132774     DEBUG main            d.u.i.k.p.i.AbstractProblemLoader Environment load took 104.2ns 
132775     INFO  main            d.u.i.k.p.i.AbstractProblemLoader Creating init config 
133758     DEBUG main            d.u.i.k.j.r.ClassPreparationMethodBuilder clPrepBuilder: Inner Class detected. Reject building class initialisation methods. 
135861     DEBUG main            d.u.i.k.p.i.AbstractProblemLoader Init config took 3.09s 
135928     INFO  main            d.u.i.k.p.i.AbstractProblemLoader Replaying proof ArrayList.ArrayListIterator[ArrayList.ArrayListIterator::ArrayListIterator(ArrayList)].JML normal_behavior operation contract.0 
135930     DEBUG main            d.u.i.k.p.i.IntermediateProofReplayer Proof replay took 5.3ns 
136534     INFO  main            d.u.i.k.p.r.p.TestFile    ... finished proof: closed. 
136794     INFO  main            d.u.i.k.p.i.AbstractProblemLoader Loading environment from /home/runner/work/key/key/key.core/../key.ui/examples/heap/list/ArrayList.ArrayListIterator_ArrayListIterator.key.proof 
136794     DEBUG main            d.u.i.k.p.i.AbstractProblemLoader Environment load took 217.4ns 
136795     INFO  main            d.u.i.k.p.i.AbstractProblemLoader Creating init config 
137738     DEBUG main            d.u.i.k.j.r.ClassPreparationMethodBuilder clPrepBuilder: Inner Class detected. Reject building class initialisation methods. 
139765     DEBUG main            d.u.i.k.p.i.AbstractProblemLoader Init config took 2.97s 
139818     INFO  main            d.u.i.k.p.i.AbstractProblemLoader Replaying proof ArrayList.ArrayListIterator[ArrayList.ArrayListIterator::ArrayListIterator(ArrayList)].JML normal_behavior operation contract.0 
139895     DEBUG main            d.u.i.k.p.i.IntermediateProofReplayer Proof replay took 71.41ms 
139896     DEBUG main            d.u.i.k.p.r.p.TestFile    ... success: reloaded. 
139898     INFO  main            d.u.i.k.p.r.p.TestFile    Now processing file /home/runner/work/key/key/key.core/../key.ui/examples/heap/list/ArrayList.ArrayListIterator_hasNext_dep.key 
139898     INFO  main            d.u.i.k.p.i.AbstractProblemLoader Loading environment from /home/runner/work/key/key/key.core/../key.ui/examples/heap/list/ArrayList.ArrayListIterator_hasNext_dep.key 
139898     DEBUG main            d.u.i.k.p.i.AbstractProblemLoader Environment load took 102.4ns 
139899     INFO  main            d.u.i.k.p.i.AbstractProblemLoader Creating init config 
140884     DEBUG main            d.u.i.k.j.r.ClassPreparationMethodBuilder clPrepBuilder: Inner Class detected. Reject building class initialisation methods. 
142982     DEBUG main            d.u.i.k.p.i.AbstractProblemLoader Init config took 3.08s 
143037     INFO  main            d.u.i.k.p.i.AbstractProblemLoader Replaying proof ArrayList.ArrayListIterator[ListIterator::hasNext()].JML accessible clause.0 
143038     DEBUG main            d.u.i.k.p.i.IntermediateProofReplayer Proof replay took 5.6ns 
143441     INFO  main            d.u.i.k.p.r.p.TestFile    ... finished proof: closed. 
143685     INFO  main            d.u.i.k.p.i.AbstractProblemLoader Loading environment from /home/runner/work/key/key/key.core/../key.ui/examples/heap/list/ArrayList.ArrayListIterator_hasNext_dep.key.proof 
143685     DEBUG main            d.u.i.k.p.i.AbstractProblemLoader Environment load took 143.5ns 
143686     INFO  main            d.u.i.k.p.i.AbstractProblemLoader Creating init config 
144649     DEBUG main            d.u.i.k.j.r.ClassPreparationMethodBuilder clPrepBuilder: Inner Class detected. Reject building class initialisation methods. 
146663     DEBUG main            d.u.i.k.p.i.AbstractProblemLoader Init config took 2.98s 
146713     INFO  main            d.u.i.k.p.i.AbstractProblemLoader Replaying proof ArrayList.ArrayListIterator[ListIterator::hasNext()].JML accessible clause.0 
146748     DEBUG main            d.u.i.k.p.i.IntermediateProofReplayer Proof replay took 32.47ms 
146749     DEBUG main            d.u.i.k.p.r.p.TestFile    ... success: reloaded. 
146750     INFO  main            d.u.i.k.p.r.p.TestFile    Now processing file /home/runner/work/key/key/key.core/../key.ui/examples/heap/list/ArrayList.ArrayListIterator_hasNext.key 
146750     INFO  main            d.u.i.k.p.i.AbstractProblemLoader Loading environment from /home/runner/work/key/key/key.core/../key.ui/examples/heap/list/ArrayList.ArrayListIterator_hasNext.key 
146750     DEBUG main            d.u.i.k.p.i.AbstractProblemLoader Environment load took 96.5ns 
146751     INFO  main            d.u.i.k.p.i.AbstractProblemLoader Creating init config 
147722     DEBUG main            d.u.i.k.j.r.ClassPreparationMethodBuilder clPrepBuilder: Inner Class detected. Reject building class initialisation methods. 
149787     DEBUG main            d.u.i.k.p.i.AbstractProblemLoader Init config took 3.04s 
149838     INFO  main            d.u.i.k.p.i.AbstractProblemLoader Replaying proof ArrayList.ArrayListIterator[ListIterator::hasNext()].JML normal_behavior operation contract.0 
149840     DEBUG main            d.u.i.k.p.i.IntermediateProofReplayer Proof replay took 6.2ns 
150243     INFO  main            d.u.i.k.p.r.p.TestFile    ... finished proof: closed. 
150478     INFO  main            d.u.i.k.p.i.AbstractProblemLoader Loading environment from /home/runner/work/key/key/key.core/../key.ui/examples/heap/list/ArrayList.ArrayListIterator_hasNext.key.proof 
150478     DEBUG main            d.u.i.k.p.i.AbstractProblemLoader Environment load took 126.6ns 
150480     INFO  main            d.u.i.k.p.i.AbstractProblemLoader Creating init config 
151427     DEBUG main            d.u.i.k.j.r.ClassPreparationMethodBuilder clPrepBuilder: Inner Class detected. Reject building class initialisation methods. 
153465     DEBUG main            d.u.i.k.p.i.AbstractProblemLoader Init config took 2.99s 
153514     INFO  main            d.u.i.k.p.i.AbstractProblemLoader Replaying proof ArrayList.ArrayListIterator[ListIterator::hasNext()].JML normal_behavior operation contract.0 
153552     DEBUG main            d.u.i.k.p.i.IntermediateProofReplayer Proof replay took 35.2ms 
153553     DEBUG main            d.u.i.k.p.r.p.TestFile    ... success: reloaded. 
153554     INFO  main            d.u.i.k.p.r.p.TestFile    Now processing file /home/runner/work/key/key/key.core/../key.ui/examples/heap/list/ArrayList.ArrayListIterator_inv.key 
153555     INFO  main            d.u.i.k.p.i.AbstractProblemLoader Loading environment from /home/runner/work/key/key/key.core/../key.ui/examples/heap/list/ArrayList.ArrayListIterator_inv.key 
153555     DEBUG main            d.u.i.k.p.i.AbstractProblemLoader Environment load took 101.9ns 
153556     INFO  main            d.u.i.k.p.i.AbstractProblemLoader Creating init config 
154532     DEBUG main            d.u.i.k.j.r.ClassPreparationMethodBuilder clPrepBuilder: Inner Class detected. Reject building class initialisation methods. 
156605     DEBUG main            d.u.i.k.p.i.AbstractProblemLoader Init config took 3.05s 
156676     INFO  main            d.u.i.k.p.i.AbstractProblemLoader Replaying proof ArrayList.ArrayListIterator[java.lang.Object::<inv>()].JML accessible clause.0 
156679     DEBUG main            d.u.i.k.p.i.IntermediateProofReplayer Proof replay took 5.7ns 
157682     INFO  main            d.u.i.k.p.r.p.TestFile    ... finished proof: closed. 
157931     INFO  main            d.u.i.k.p.i.AbstractProblemLoader Loading environment from /home/runner/work/key/key/key.core/../key.ui/examples/heap/list/ArrayList.ArrayListIterator_inv.key.proof 
157934     DEBUG main            d.u.i.k.p.i.AbstractProblemLoader Environment load took 2.73ms 
157935     INFO  main            d.u.i.k.p.i.AbstractProblemLoader Creating init config 
158879     DEBUG main            d.u.i.k.j.r.ClassPreparationMethodBuilder clPrepBuilder: Inner Class detected. Reject building class initialisation methods. 
160895     DEBUG main            d.u.i.k.p.i.AbstractProblemLoader Init config took 2.96s 
160944     INFO  main            d.u.i.k.p.i.AbstractProblemLoader Replaying proof ArrayList.ArrayListIterator[java.lang.Object::<inv>()].JML accessible clause.0 
161048     DEBUG main            d.u.i.k.p.i.IntermediateProofReplayer Proof replay took 99.62ms 
161049     DEBUG main            d.u.i.k.p.r.p.TestFile    ... success: reloaded. 
161050     INFO  main            d.u.i.k.p.r.p.TestFile    Now processing file /home/runner/work/key/key/key.core/../key.ui/examples/heap/list/ArrayList.ArrayListIterator_list.key 
161051     INFO  main            d.u.i.k.p.i.AbstractProblemLoader Loading environment from /home/runner/work/key/key/key.core/../key.ui/examples/heap/list/ArrayList.ArrayListIterator_list.key 
161051     DEBUG main            d.u.i.k.p.i.AbstractProblemLoader Environment load took 123.3ns 
161052     INFO  main            d.u.i.k.p.i.AbstractProblemLoader Creating init config 
162014     DEBUG main            d.u.i.k.j.r.ClassPreparationMethodBuilder clPrepBuilder: Inner Class detected. Reject building class initialisation methods. 
164084     DEBUG main            d.u.i.k.p.i.AbstractProblemLoader Init config took 3.03s 
164122     INFO  main            d.u.i.k.p.i.AbstractProblemLoader Replaying proof ListIterator[ListIterator::$list()].JML accessible clause.0 
164124     DEBUG main            d.u.i.k.p.i.IntermediateProofReplayer Proof replay took 5.6ns 
164225     INFO  main            d.u.i.k.p.r.p.TestFile    ... finished proof: closed. 
164480     INFO  main            d.u.i.k.p.i.AbstractProblemLoader Loading environment from /home/runner/work/key/key/key.core/../key.ui/examples/heap/list/ArrayList.ArrayListIterator_list.key.proof 
164480     DEBUG main            d.u.i.k.p.i.AbstractProblemLoader Environment load took 140ns 
164482     INFO  main            d.u.i.k.p.i.AbstractProblemLoader Creating init config 
165427     DEBUG main            d.u.i.k.j.r.ClassPreparationMethodBuilder clPrepBuilder: Inner Class detected. Reject building class initialisation methods. 
167436     DEBUG main            d.u.i.k.p.i.AbstractProblemLoader Init config took 2.95s 
167474     INFO  main            d.u.i.k.p.i.AbstractProblemLoader Replaying proof ListIterator[ListIterator::$list()].JML accessible clause.0 
167476     DEBUG main            d.u.i.k.p.i.IntermediateProofReplayer Proof replay took 819ns 
167476     DEBUG main            d.u.i.k.p.r.p.TestFile    ... success: reloaded. 
167477     INFO  main            d.u.i.k.p.r.p.TestFile    Now processing file /home/runner/work/key/key/key.core/../key.ui/examples/heap/list/ArrayList.ArrayListIterator_next_exceptional.key 
167478     INFO  main            d.u.i.k.p.i.AbstractProblemLoader Loading environment from /home/runner/work/key/key/key.core/../key.ui/examples/heap/list/ArrayList.ArrayListIterator_next_exceptional.key 
167478     DEBUG main            d.u.i.k.p.i.AbstractProblemLoader Environment load took 106.9ns 
167479     INFO  main            d.u.i.k.p.i.AbstractProblemLoader Creating init config 
168496     DEBUG main            d.u.i.k.j.r.ClassPreparationMethodBuilder clPrepBuilder: Inner Class detected. Reject building class initialisation methods. 
170519     DEBUG main            d.u.i.k.p.i.AbstractProblemLoader Init config took 3.04s 
170571     INFO  main            d.u.i.k.p.i.AbstractProblemLoader Replaying proof ArrayList.ArrayListIterator[ListIterator::next()].JML exceptional_behavior operation contract.0 
170573     DEBUG main            d.u.i.k.p.i.IntermediateProofReplayer Proof replay took 6.1ns 
171379     INFO  main            d.u.i.k.p.r.p.TestFile    ... finished proof: closed. 
171662     INFO  main            d.u.i.k.p.i.AbstractProblemLoader Loading environment from /home/runner/work/key/key/key.core/../key.ui/examples/heap/list/ArrayList.ArrayListIterator_next_exceptional.key.proof 
171662     DEBUG main            d.u.i.k.p.i.AbstractProblemLoader Environment load took 481.3ns 
171664     INFO  main            d.u.i.k.p.i.AbstractProblemLoader Creating init config 
172613     DEBUG main            d.u.i.k.j.r.ClassPreparationMethodBuilder clPrepBuilder: Inner Class detected. Reject building class initialisation methods. 
174631     DEBUG main            d.u.i.k.p.i.AbstractProblemLoader Init config took 2.97s 
174680     INFO  main            d.u.i.k.p.i.AbstractProblemLoader Replaying proof ArrayList.ArrayListIterator[ListIterator::next()].JML exceptional_behavior operation contract.0 
174774     DEBUG main            d.u.i.k.p.i.IntermediateProofReplayer Proof replay took 89.34ms 
174775     DEBUG main            d.u.i.k.p.r.p.TestFile    ... success: reloaded. 
174777     INFO  main            d.u.i.k.p.r.p.TestFile    Now processing file /home/runner/work/key/key/key.core/../key.ui/examples/heap/list/ArrayList.ArrayListIterator_next_normal.key 
174779     INFO  main            d.u.i.k.p.i.AbstractProblemLoader Loading environment from /home/runner/work/key/key/key.core/../key.ui/examples/heap/list/ArrayList.ArrayListIterator_next_normal.key 
174780     DEBUG main            d.u.i.k.p.i.AbstractProblemLoader Environment load took 290.2ns 
174781     INFO  main            d.u.i.k.p.i.AbstractProblemLoader Creating init config 
175764     DEBUG main            d.u.i.k.j.r.ClassPreparationMethodBuilder clPrepBuilder: Inner Class detected. Reject building class initialisation methods. 
177867     DEBUG main            d.u.i.k.p.i.AbstractProblemLoader Init config took 3.09s 
177916     INFO  main            d.u.i.k.p.i.AbstractProblemLoader Replaying proof ArrayList.ArrayListIterator[ListIterator::next()].JML normal_behavior operation contract.0 
177918     DEBUG main            d.u.i.k.p.i.IntermediateProofReplayer Proof replay took 5.8ns 
178824     INFO  main            d.u.i.k.p.r.p.TestFile    ... finished proof: closed. 
179108     INFO  main            d.u.i.k.p.i.AbstractProblemLoader Loading environment from /home/runner/work/key/key/key.core/../key.ui/examples/heap/list/ArrayList.ArrayListIterator_next_normal.key.proof 
179108     DEBUG main            d.u.i.k.p.i.AbstractProblemLoader Environment load took 136.8ns 
179110     INFO  main            d.u.i.k.p.i.AbstractProblemLoader Creating init config 
180052     DEBUG main            d.u.i.k.j.r.ClassPreparationMethodBuilder clPrepBuilder: Inner Class detected. Reject building class initialisation methods. 
182056     DEBUG main            d.u.i.k.p.i.AbstractProblemLoader Init config took 2.95s 
182121     INFO  main            d.u.i.k.p.i.AbstractProblemLoader Replaying proof ArrayList.ArrayListIterator[ListIterator::next()].JML normal_behavior operation contract.0 
182223     DEBUG main            d.u.i.k.p.i.IntermediateProofReplayer Proof replay took 97.55ms 
182224     DEBUG main            d.u.i.k.p.r.p.TestFile    ... success: reloaded. 
182225     INFO  main            d.u.i.k.p.r.p.TestFile    Now processing file /home/runner/work/key/key/key.core/../key.ui/examples/heap/list/ArrayList.ArrayListIterator_pos.key 
182225     INFO  main            d.u.i.k.p.i.AbstractProblemLoader Loading environment from /home/runner/work/key/key/key.core/../key.ui/examples/heap/list/ArrayList.ArrayListIterator_pos.key 
182225     DEBUG main            d.u.i.k.p.i.AbstractProblemLoader Environment load took 89.4ns 
182226     INFO  main            d.u.i.k.p.i.AbstractProblemLoader Creating init config 
183183     DEBUG main            d.u.i.k.j.r.ClassPreparationMethodBuilder clPrepBuilder: Inner Class detected. Reject building class initialisation methods. 
185246     DEBUG main            d.u.i.k.p.i.AbstractProblemLoader Init config took 3.02s 
185286     INFO  main            d.u.i.k.p.i.AbstractProblemLoader Replaying proof ListIterator[ListIterator::$pos()].JML accessible clause.0 
185289     DEBUG main            d.u.i.k.p.i.IntermediateProofReplayer Proof replay took 6.8ns 
185394     INFO  main            d.u.i.k.p.r.p.TestFile    ... finished proof: closed. 
185660     INFO  main            d.u.i.k.p.i.AbstractProblemLoader Loading environment from /home/runner/work/key/key/key.core/../key.ui/examples/heap/list/ArrayList.ArrayListIterator_pos.key.proof 
185660     DEBUG main            d.u.i.k.p.i.AbstractProblemLoader Environment load took 112.1ns 
185661     INFO  main            d.u.i.k.p.i.AbstractProblemLoader Creating init config 
186627     DEBUG main            d.u.i.k.j.r.ClassPreparationMethodBuilder clPrepBuilder: Inner Class detected. Reject building class initialisation methods. 
188634     DEBUG main            d.u.i.k.p.i.AbstractProblemLoader Init config took 2.97s 
188672     INFO  main            d.u.i.k.p.i.AbstractProblemLoader Replaying proof ListIterator[ListIterator::$pos()].JML accessible clause.0 
188674     DEBUG main            d.u.i.k.p.i.IntermediateProofReplayer Proof replay took 873.71ns 
188675     DEBUG main            d.u.i.k.p.r.p.TestFile    ... success: reloaded. 
188676     INFO  main            d.u.i.k.p.r.p.TestFile    Now processing file /home/runner/work/key/key/key.core/../key.ui/examples/heap/list/Client_m.key 
188676     INFO  main            d.u.i.k.p.i.AbstractProblemLoader Loading environment from /home/runner/work/key/key/key.core/../key.ui/examples/heap/list/Client_m.key 
188676     DEBUG main            d.u.i.k.p.i.AbstractProblemLoader Environment load took 61.5ns 
188677     INFO  main            d.u.i.k.p.i.AbstractProblemLoader Creating init config 
189637     DEBUG main            d.u.i.k.j.r.ClassPreparationMethodBuilder clPrepBuilder: Inner Class detected. Reject building class initialisation methods. 
191685     DEBUG main            d.u.i.k.p.i.AbstractProblemLoader Init config took 3.01s 
191724     INFO  main            d.u.i.k.p.i.AbstractProblemLoader Replaying proof Client[Client::m(List)].JML normal_behavior operation contract.0 
191725     DEBUG main            d.u.i.k.p.i.IntermediateProofReplayer Proof replay took 5.8ns 
192030     INFO  main            d.u.i.k.p.r.p.TestFile    ... finished proof: closed. 
192322     INFO  main            d.u.i.k.p.i.AbstractProblemLoader Loading environment from /home/runner/work/key/key/key.core/../key.ui/examples/heap/list/Client_m.key.proof 
192322     DEBUG main            d.u.i.k.p.i.AbstractProblemLoader Environment load took 117.3ns 
192323     INFO  main            d.u.i.k.p.i.AbstractProblemLoader Creating init config 
193270     DEBUG main            d.u.i.k.j.r.ClassPreparationMethodBuilder clPrepBuilder: Inner Class detected. Reject building class initialisation methods. 
195260     DEBUG main            d.u.i.k.p.i.AbstractProblemLoader Init config took 2.94s 
195298     INFO  main            d.u.i.k.p.i.AbstractProblemLoader Replaying proof Client[Client::m(List)].JML normal_behavior operation contract.0 
195349     DEBUG main            d.u.i.k.p.i.IntermediateProofReplayer Proof replay took 48.47ms 
195350     DEBUG main            d.u.i.k.p.r.p.TestFile    ... success: reloaded. 
195351     INFO  main            d.u.i.k.p.r.p.TestFile    Now processing file /home/runner/work/key/key/key.core/../key.ui/examples/heap/list/Client_n.key 
195351     INFO  main            d.u.i.k.p.i.AbstractProblemLoader Loading environment from /home/runner/work/key/key/key.core/../key.ui/examples/heap/list/Client_n.key 
195351     DEBUG main            d.u.i.k.p.i.AbstractProblemLoader Environment load took 96.8ns 
195352     INFO  main            d.u.i.k.p.i.AbstractProblemLoader Creating init config 
196316     DEBUG main            d.u.i.k.j.r.ClassPreparationMethodBuilder clPrepBuilder: Inner Class detected. Reject building class initialisation methods. 
198370     DEBUG main            d.u.i.k.p.i.AbstractProblemLoader Init config took 3.02s 
198408     INFO  main            d.u.i.k.p.i.AbstractProblemLoader Replaying proof Client[Client::n(List)].JML normal_behavior operation contract.0 
198409     DEBUG main            d.u.i.k.p.i.IntermediateProofReplayer Proof replay took 6.3ns 
198516     INFO  main            d.u.i.k.p.r.p.TestFile    ... finished proof: closed. 
198919     INFO  main            d.u.i.k.p.i.AbstractProblemLoader Loading environment from /home/runner/work/key/key/key.core/../key.ui/examples/heap/list/Client_n.key.proof 
198919     DEBUG main            d.u.i.k.p.i.AbstractProblemLoader Environment load took 121.8ns 
198920     INFO  main            d.u.i.k.p.i.AbstractProblemLoader Creating init config 
199864     DEBUG main            d.u.i.k.j.r.ClassPreparationMethodBuilder clPrepBuilder: Inner Class detected. Reject building class initialisation methods. 
201855     DEBUG main            d.u.i.k.p.i.AbstractProblemLoader Init config took 2.94s 
201893     INFO  main            d.u.i.k.p.i.AbstractProblemLoader Replaying proof Client[Client::n(List)].JML normal_behavior operation contract.0 
201909     DEBUG main            d.u.i.k.p.i.IntermediateProofReplayer Proof replay took 14.43ms 
201910     DEBUG main            d.u.i.k.p.r.p.TestFile    ... success: reloaded. 
201911     INFO  main            d.u.i.k.p.r.p.TestFile    Now processing file /home/runner/work/key/key/key.core/../key.ui/examples/heap/list/LinkedList_get_exceptional.key 
201911     INFO  main            d.u.i.k.p.i.AbstractProblemLoader Loading environment from /home/runner/work/key/key/key.core/../key.ui/examples/heap/list/LinkedList_get_exceptional.key 
201911     DEBUG main            d.u.i.k.p.i.AbstractProblemLoader Environment load took 53.1ns 
201912     INFO  main            d.u.i.k.p.i.AbstractProblemLoader Creating init config 
202873     DEBUG main            d.u.i.k.j.r.ClassPreparationMethodBuilder clPrepBuilder: Inner Class detected. Reject building class initialisation methods. 
204926     DEBUG main            d.u.i.k.p.i.AbstractProblemLoader Init config took 3.01s 
204972     INFO  main            d.u.i.k.p.i.AbstractProblemLoader Replaying proof LinkedList[List::get(int)].JML exceptional_behavior operation contract.0 
204974     DEBUG main            d.u.i.k.p.i.IntermediateProofReplayer Proof replay took 5.6ns 
207081     INFO  main            d.u.i.k.p.r.p.TestFile    ... finished proof: closed. 
207472     INFO  main            d.u.i.k.p.i.AbstractProblemLoader Loading environment from /home/runner/work/key/key/key.core/../key.ui/examples/heap/list/LinkedList_get_exceptional.key.proof 
207473     DEBUG main            d.u.i.k.p.i.AbstractProblemLoader Environment load took 486.7ns 
207474     INFO  main            d.u.i.k.p.i.AbstractProblemLoader Creating init config 
208418     DEBUG main            d.u.i.k.j.r.ClassPreparationMethodBuilder clPrepBuilder: Inner Class detected. Reject building class initialisation methods. 
210417     DEBUG main            d.u.i.k.p.i.AbstractProblemLoader Init config took 2.94s 
210471     INFO  main            d.u.i.k.p.i.AbstractProblemLoader Replaying proof LinkedList[List::get(int)].JML exceptional_behavior operation contract.0 
210671     DEBUG main            d.u.i.k.p.i.IntermediateProofReplayer Proof replay took 192.88ms 
210673     DEBUG main            d.u.i.k.p.r.p.TestFile    ... success: reloaded. 
210673     INFO  main            d.u.i.k.p.r.p.TestFile    Now processing file /home/runner/work/key/key/key.core/../key.ui/examples/heap/list/LinkedList_get_normal.key 
210674     INFO  main            d.u.i.k.p.i.AbstractProblemLoader Loading environment from /home/runner/work/key/key/key.core/../key.ui/examples/heap/list/LinkedList_get_normal.key 
210674     DEBUG main            d.u.i.k.p.i.AbstractProblemLoader Environment load took 89.7ns 
210675     INFO  main            d.u.i.k.p.i.AbstractProblemLoader Creating init config 
211681     DEBUG main            d.u.i.k.j.r.ClassPreparationMethodBuilder clPrepBuilder: Inner Class detected. Reject building class initialisation methods. 
213705     DEBUG main            d.u.i.k.p.i.AbstractProblemLoader Init config took 3.03s 
213748     INFO  main            d.u.i.k.p.i.AbstractProblemLoader Replaying proof LinkedList[List::get(int)].JML normal_behavior operation contract.0 
213756     DEBUG main            d.u.i.k.p.i.IntermediateProofReplayer Proof replay took 7.5ns 
219620     INFO  main            d.u.i.k.p.r.p.TestFile    ... finished proof: closed. 
220039     INFO  main            d.u.i.k.p.i.AbstractProblemLoader Loading environment from /home/runner/work/key/key/key.core/../key.ui/examples/heap/list/LinkedList_get_normal.key.proof 
220039     DEBUG main            d.u.i.k.p.i.AbstractProblemLoader Environment load took 465.4ns 
220042     INFO  main            d.u.i.k.p.i.AbstractProblemLoader Creating init config 
220983     DEBUG main            d.u.i.k.j.r.ClassPreparationMethodBuilder clPrepBuilder: Inner Class detected. Reject building class initialisation methods. 
222963     DEBUG main            d.u.i.k.p.i.AbstractProblemLoader Init config took 2.92s 
223006     INFO  main            d.u.i.k.p.i.AbstractProblemLoader Replaying proof LinkedList[List::get(int)].JML normal_behavior operation contract.0 
223395     DEBUG main            d.u.i.k.p.i.IntermediateProofReplayer Proof replay took 364.62ms 
223398     DEBUG main            d.u.i.k.p.r.p.TestFile    ... success: reloaded. 
223399     INFO  main            d.u.i.k.p.r.p.TestFile    Now processing file /home/runner/work/key/key/key.core/../key.ui/examples/heap/list/LinkedList_LinkedList.key 
223399     INFO  main            d.u.i.k.p.i.AbstractProblemLoader Loading environment from /home/runner/work/key/key/key.core/../key.ui/examples/heap/list/LinkedList_LinkedList.key 
223400     DEBUG main            d.u.i.k.p.i.AbstractProblemLoader Environment load took 235.7ns 
223401     INFO  main            d.u.i.k.p.i.AbstractProblemLoader Creating init config 
224384     DEBUG main            d.u.i.k.j.r.ClassPreparationMethodBuilder clPrepBuilder: Inner Class detected. Reject building class initialisation methods. 
226419     DEBUG main            d.u.i.k.p.i.AbstractProblemLoader Init config took 3.02s 
226460     INFO  main            d.u.i.k.p.i.AbstractProblemLoader Replaying proof LinkedList[LinkedList::LinkedList()].JML normal_behavior operation contract.0 
226462     DEBUG main            d.u.i.k.p.i.IntermediateProofReplayer Proof replay took 6.5ns 
226967     INFO  main            d.u.i.k.p.r.p.TestFile    ... finished proof: closed. 
227293     INFO  main            d.u.i.k.p.i.AbstractProblemLoader Loading environment from /home/runner/work/key/key/key.core/../key.ui/examples/heap/list/LinkedList_LinkedList.key.proof 
227293     DEBUG main            d.u.i.k.p.i.AbstractProblemLoader Environment load took 126ns 
227294     INFO  main            d.u.i.k.p.i.AbstractProblemLoader Creating init config 
228234     DEBUG main            d.u.i.k.j.r.ClassPreparationMethodBuilder clPrepBuilder: Inner Class detected. Reject building class initialisation methods. 
230226     DEBUG main            d.u.i.k.p.i.AbstractProblemLoader Init config took 2.93s 
230269     INFO  main            d.u.i.k.p.i.AbstractProblemLoader Replaying proof LinkedList[LinkedList::LinkedList()].JML normal_behavior operation contract.0 
230334     DEBUG main            d.u.i.k.p.i.IntermediateProofReplayer Proof replay took 61.72ms 
230335     DEBUG main            d.u.i.k.p.r.p.TestFile    ... success: reloaded. 
230336     INFO  main            d.u.i.k.p.r.p.TestFile    Now processing file /home/runner/work/key/key/key.core/../key.ui/examples/heap/list/LinkedList_size_dep.key 
230336     INFO  main            d.u.i.k.p.i.AbstractProblemLoader Loading environment from /home/runner/work/key/key/key.core/../key.ui/examples/heap/list/LinkedList_size_dep.key 
230336     DEBUG main            d.u.i.k.p.i.AbstractProblemLoader Environment load took 77.9ns 
230337     INFO  main            d.u.i.k.p.i.AbstractProblemLoader Creating init config 
231293     DEBUG main            d.u.i.k.j.r.ClassPreparationMethodBuilder clPrepBuilder: Inner Class detected. Reject building class initialisation methods. 
233332     DEBUG main            d.u.i.k.p.i.AbstractProblemLoader Init config took 2.99s 
233373     INFO  main            d.u.i.k.p.i.AbstractProblemLoader Replaying proof LinkedList[List::size()].JML accessible clause.0 
233374     DEBUG main            d.u.i.k.p.i.IntermediateProofReplayer Proof replay took 6.1ns 
233878     INFO  main            d.u.i.k.p.r.p.TestFile    ... finished proof: closed. 
234179     INFO  main            d.u.i.k.p.i.AbstractProblemLoader Loading environment from /home/runner/work/key/key/key.core/../key.ui/examples/heap/list/LinkedList_size_dep.key.proof 
234180     DEBUG main            d.u.i.k.p.i.AbstractProblemLoader Environment load took 127.9ns 
234181     INFO  main            d.u.i.k.p.i.AbstractProblemLoader Creating init config 
235120     DEBUG main            d.u.i.k.j.r.ClassPreparationMethodBuilder clPrepBuilder: Inner Class detected. Reject building class initialisation methods. 
237104     DEBUG main            d.u.i.k.p.i.AbstractProblemLoader Init config took 2.92s 
237146     INFO  main            d.u.i.k.p.i.AbstractProblemLoader Replaying proof LinkedList[List::size()].JML accessible clause.0 
237179     DEBUG main            d.u.i.k.p.i.IntermediateProofReplayer Proof replay took 30.38ms 
237180     DEBUG main            d.u.i.k.p.r.p.TestFile    ... success: reloaded. 
237181     INFO  main            d.u.i.k.p.r.p.TestFile    Now processing file /home/runner/work/key/key/key.core/../key.ui/examples/heap/list/LinkedList_size.key 
237181     INFO  main            d.u.i.k.p.i.AbstractProblemLoader Loading environment from /home/runner/work/key/key/key.core/../key.ui/examples/heap/list/LinkedList_size.key 
237181     DEBUG main            d.u.i.k.p.i.AbstractProblemLoader Environment load took 233.1ns 
237182     INFO  main            d.u.i.k.p.i.AbstractProblemLoader Creating init config 
238140     DEBUG main            d.u.i.k.j.r.ClassPreparationMethodBuilder clPrepBuilder: Inner Class detected. Reject building class initialisation methods. 
240167     DEBUG main            d.u.i.k.p.i.AbstractProblemLoader Init config took 2.98s 
240208     INFO  main            d.u.i.k.p.i.AbstractProblemLoader Replaying proof LinkedList[List::size()].JML normal_behavior operation contract.0 
240209     DEBUG main            d.u.i.k.p.i.IntermediateProofReplayer Proof replay took 6.1ns 
240712     INFO  main            d.u.i.k.p.r.p.TestFile    ... finished proof: closed. 
241022     INFO  main            d.u.i.k.p.i.AbstractProblemLoader Loading environment from /home/runner/work/key/key/key.core/../key.ui/examples/heap/list/LinkedList_size.key.proof 
241022     DEBUG main            d.u.i.k.p.i.AbstractProblemLoader Environment load took 158.7ns 
241023     INFO  main            d.u.i.k.p.i.AbstractProblemLoader Creating init config 
241963     DEBUG main            d.u.i.k.j.r.ClassPreparationMethodBuilder clPrepBuilder: Inner Class detected. Reject building class initialisation methods. 
243953     DEBUG main            d.u.i.k.p.i.AbstractProblemLoader Init config took 2.93s 
243995     INFO  main            d.u.i.k.p.i.AbstractProblemLoader Replaying proof LinkedList[List::size()].JML normal_behavior operation contract.0 
244039     DEBUG main            d.u.i.k.p.i.IntermediateProofReplayer Proof replay took 41.64ms 
244040     DEBUG main            d.u.i.k.p.r.p.TestFile    ... success: reloaded. 
244041     INFO  main            d.u.i.k.p.r.p.TestFile    Now processing file /home/runner/work/key/key/key.core/../key.ui/examples/heap/list/MySet_footprint.key 
244042     INFO  main            d.u.i.k.p.i.AbstractProblemLoader Loading environment from /home/runner/work/key/key/key.core/../key.ui/examples/heap/list/MySet_footprint.key 
244042     DEBUG main            d.u.i.k.p.i.AbstractProblemLoader Environment load took 84.3ns 
244042     INFO  main            d.u.i.k.p.i.AbstractProblemLoader Creating init config 
245007     DEBUG main            d.u.i.k.j.r.ClassPreparationMethodBuilder clPrepBuilder: Inner Class detected. Reject building class initialisation methods. 
247034     DEBUG main            d.u.i.k.p.i.AbstractProblemLoader Init config took 2.99s 
247078     INFO  main            d.u.i.k.p.i.AbstractProblemLoader Replaying proof MySet[MySet::$footprint()].JML accessible clause.0 
247080     DEBUG main            d.u.i.k.p.i.IntermediateProofReplayer Proof replay took 5.9ns 
247382     INFO  main            d.u.i.k.p.r.p.TestFile    ... finished proof: closed. 
247708     INFO  main            d.u.i.k.p.i.AbstractProblemLoader Loading environment from /home/runner/work/key/key/key.core/../key.ui/examples/heap/list/MySet_footprint.key.proof 
247708     DEBUG main            d.u.i.k.p.i.AbstractProblemLoader Environment load took 113.7ns 
247709     INFO  main            d.u.i.k.p.i.AbstractProblemLoader Creating init config 
248650     DEBUG main            d.u.i.k.j.r.ClassPreparationMethodBuilder clPrepBuilder: Inner Class detected. Reject building class initialisation methods. 
250645     DEBUG main            d.u.i.k.p.i.AbstractProblemLoader Init config took 2.94s 
250689     INFO  main            d.u.i.k.p.i.AbstractProblemLoader Replaying proof MySet[MySet::$footprint()].JML accessible clause.0 
250712     DEBUG main            d.u.i.k.p.i.IntermediateProofReplayer Proof replay took 19.99ms 
250713     DEBUG main            d.u.i.k.p.r.p.TestFile    ... success: reloaded. 
250714     INFO  main            d.u.i.k.p.r.p.TestFile    Now processing file /home/runner/work/key/key/key.core/../key.ui/examples/heap/list/MySet_MySet.key 
250714     INFO  main            d.u.i.k.p.i.AbstractProblemLoader Loading environment from /home/runner/work/key/key/key.core/../key.ui/examples/heap/list/MySet_MySet.key 
250714     DEBUG main            d.u.i.k.p.i.AbstractProblemLoader Environment load took 99.4ns 
250715     INFO  main            d.u.i.k.p.i.AbstractProblemLoader Creating init config 
251674     DEBUG main            d.u.i.k.j.r.ClassPreparationMethodBuilder clPrepBuilder: Inner Class detected. Reject building class initialisation methods. 
253702     DEBUG main            d.u.i.k.p.i.AbstractProblemLoader Init config took 2.99s 
253746     INFO  main            d.u.i.k.p.i.AbstractProblemLoader Replaying proof MySet[MySet::MySet()].JML normal_behavior operation contract.0 
253749     DEBUG main            d.u.i.k.p.i.IntermediateProofReplayer Proof replay took 7ns 
256158     INFO  main            d.u.i.k.p.r.p.TestFile    ... finished proof: closed. 
256505     INFO  main            d.u.i.k.p.i.AbstractProblemLoader Loading environment from /home/runner/work/key/key/key.core/../key.ui/examples/heap/list/MySet_MySet.key.proof 
256506     DEBUG main            d.u.i.k.p.i.AbstractProblemLoader Environment load took 503.7ns 
256507     INFO  main            d.u.i.k.p.i.AbstractProblemLoader Creating init config 
257468     DEBUG main            d.u.i.k.j.r.ClassPreparationMethodBuilder clPrepBuilder: Inner Class detected. Reject building class initialisation methods. 
259467     DEBUG main            d.u.i.k.p.i.AbstractProblemLoader Init config took 2.96s 
259511     INFO  main            d.u.i.k.p.i.AbstractProblemLoader Replaying proof MySet[MySet::MySet()].JML normal_behavior operation contract.0 
259782     DEBUG main            d.u.i.k.p.i.IntermediateProofReplayer Proof replay took 259.87ms 
259783     DEBUG main            d.u.i.k.p.r.p.TestFile    ... success: reloaded. 
1104706    INFO  Test worker     d.u.i.k.p.r.RunAllProofsTestUnit Returning from test list 
1104708    INFO  Test worker     d.u.i.k.p.r.RunAllProofsTestUnit Running test list_ghost 
337        INFO  Timeout watchdog d.u.i.k.p.r.p.ForkedTestFileRunner Timeout watcher launched (2000 secs.) 
350        WARN  main            d.u.i.k.s.ProofSettings   The settings in /home/runner/.key/proof-settings.props are *not* read. 
376        INFO  main            d.u.i.k.p.r.p.TestFile    Now processing file /home/runner/work/key/key/key.core/../key.ui/examples/heap/list_ghost/ArrayList_add.key 
487        INFO  main            d.u.i.k.p.i.AbstractProblemLoader Loading environment from /home/runner/work/key/key/key.core/../key.ui/examples/heap/list_ghost/ArrayList_add.key 
503        DEBUG main            d.u.i.k.p.i.AbstractProblemLoader Environment load took 1.9ms 
710        INFO  main            d.u.i.k.p.i.AbstractProblemLoader Creating init config 
1778       DEBUG main            d.u.i.k.j.TypeConverter   No LDT found for Meta 
1779       DEBUG main            d.u.i.k.j.TypeConverter   No LDT found for Meta 
1782       DEBUG main            d.u.i.k.j.TypeConverter   No LDT found for Meta 
1782       DEBUG main            d.u.i.k.j.TypeConverter   No LDT found for Meta 
3286       DEBUG main            d.u.i.k.j.TypeConverter   No LDT found for JavaBigintExpression 
8353       DEBUG main            d.u.i.k.p.i.AbstractProblemLoader Init config took 7.64s 
8539       INFO  main            d.u.i.k.p.i.AbstractProblemLoader Replaying proof ArrayList[List::add(java.lang.Object)].JML normal_behavior operation contract.0 
8575       DEBUG main            d.u.i.k.p.i.IntermediateProofReplayer Proof replay took 34.8ns 
13639      INFO  main            d.u.i.k.p.r.p.TestFile    ... finished proof: closed. 
13814      INFO  main            d.u.i.k.p.i.AbstractProblemLoader Loading environment from /home/runner/work/key/key/key.core/../key.ui/examples/heap/list_ghost/ArrayList_add.key.proof 
13815      DEBUG main            d.u.i.k.p.i.AbstractProblemLoader Environment load took 531.9ns 
13818      INFO  main            d.u.i.k.p.i.AbstractProblemLoader Creating init config 
16608      DEBUG main            d.u.i.k.p.i.AbstractProblemLoader Init config took 2.79s 
16682      INFO  main            d.u.i.k.p.i.AbstractProblemLoader Replaying proof ArrayList[List::add(java.lang.Object)].JML normal_behavior operation contract.0 
17173      DEBUG main            d.u.i.k.p.i.IntermediateProofReplayer Proof replay took 468.63ms 
17182      DEBUG main            d.u.i.k.p.r.p.TestFile    ... success: reloaded. 
17188      INFO  main            d.u.i.k.p.r.p.TestFile    Now processing file /home/runner/work/key/key/key.core/../key.ui/examples/heap/list_ghost/ArrayList_ArrayList.key 
17188      INFO  main            d.u.i.k.p.i.AbstractProblemLoader Loading environment from /home/runner/work/key/key/key.core/../key.ui/examples/heap/list_ghost/ArrayList_ArrayList.key 
17188      DEBUG main            d.u.i.k.p.i.AbstractProblemLoader Environment load took 258.3ns 
17192      INFO  main            d.u.i.k.p.i.AbstractProblemLoader Creating init config 
19937      DEBUG main            d.u.i.k.p.i.AbstractProblemLoader Init config took 2.75s 
20021      INFO  main            d.u.i.k.p.i.AbstractProblemLoader Replaying proof ArrayList[ArrayList::ArrayList()].JML normal_behavior operation contract.0 
20023      DEBUG main            d.u.i.k.p.i.IntermediateProofReplayer Proof replay took 6.3ns 
21237      INFO  main            d.u.i.k.p.r.p.TestFile    ... finished proof: closed. 
21448      INFO  main            d.u.i.k.p.i.AbstractProblemLoader Loading environment from /home/runner/work/key/key/key.core/../key.ui/examples/heap/list_ghost/ArrayList_ArrayList.key.proof 
21448      DEBUG main            d.u.i.k.p.i.AbstractProblemLoader Environment load took 491ns 
21453      INFO  main            d.u.i.k.p.i.AbstractProblemLoader Creating init config 
24101      DEBUG main            d.u.i.k.p.i.AbstractProblemLoader Init config took 2.65s 
24154      INFO  main            d.u.i.k.p.i.AbstractProblemLoader Replaying proof ArrayList[ArrayList::ArrayList()].JML normal_behavior operation contract.0 
24313      DEBUG main            d.u.i.k.p.i.IntermediateProofReplayer Proof replay took 152.03ms 
24315      DEBUG main            d.u.i.k.p.r.p.TestFile    ... success: reloaded. 
24316      INFO  main            d.u.i.k.p.r.p.TestFile    Now processing file /home/runner/work/key/key/key.core/../key.ui/examples/heap/list_ghost/ArrayList_enlarge.key 
24317      INFO  main            d.u.i.k.p.i.AbstractProblemLoader Loading environment from /home/runner/work/key/key/key.core/../key.ui/examples/heap/list_ghost/ArrayList_enlarge.key 
24317      DEBUG main            d.u.i.k.p.i.AbstractProblemLoader Environment load took 235.9ns 
24318      INFO  main            d.u.i.k.p.i.AbstractProblemLoader Creating init config 
26927      DEBUG main            d.u.i.k.p.i.AbstractProblemLoader Init config took 2.61s 
26980      INFO  main            d.u.i.k.p.i.AbstractProblemLoader Replaying proof ArrayList[ArrayList::enlarge()].JML normal_behavior operation contract.0 
26982      DEBUG main            d.u.i.k.p.i.IntermediateProofReplayer Proof replay took 6.1ns 
29089      INFO  main            d.u.i.k.p.r.p.TestFile    ... finished proof: closed. 
29267      INFO  main            d.u.i.k.p.i.AbstractProblemLoader Loading environment from /home/runner/work/key/key/key.core/../key.ui/examples/heap/list_ghost/ArrayList_enlarge.key.proof 
29268      DEBUG main            d.u.i.k.p.i.AbstractProblemLoader Environment load took 507.2ns 
29269      INFO  main            d.u.i.k.p.i.AbstractProblemLoader Creating init config 
31837      DEBUG main            d.u.i.k.p.i.AbstractProblemLoader Init config took 2.57s 
31884      INFO  main            d.u.i.k.p.i.AbstractProblemLoader Replaying proof ArrayList[ArrayList::enlarge()].JML normal_behavior operation contract.0 
32178      DEBUG main            d.u.i.k.p.i.IntermediateProofReplayer Proof replay took 284.64ms 
32180      DEBUG main            d.u.i.k.p.r.p.TestFile    ... success: reloaded. 
32181      INFO  main            d.u.i.k.p.r.p.TestFile    Now processing file /home/runner/work/key/key/key.core/../key.ui/examples/heap/list_ghost/ArrayList_get_dep.key 
32182      INFO  main            d.u.i.k.p.i.AbstractProblemLoader Loading environment from /home/runner/work/key/key/key.core/../key.ui/examples/heap/list_ghost/ArrayList_get_dep.key 
32182      DEBUG main            d.u.i.k.p.i.AbstractProblemLoader Environment load took 244.3ns 
32183      INFO  main            d.u.i.k.p.i.AbstractProblemLoader Creating init config 
34741      DEBUG main            d.u.i.k.p.i.AbstractProblemLoader Init config took 2.56s 
34788      INFO  main            d.u.i.k.p.i.AbstractProblemLoader Replaying proof ArrayList[List::get(int)].JML accessible clause.0 
34791      DEBUG main            d.u.i.k.p.i.IntermediateProofReplayer Proof replay took 6.7ns 
35095      INFO  main            d.u.i.k.p.r.p.TestFile    ... finished proof: closed. 
35257      INFO  main            d.u.i.k.p.i.AbstractProblemLoader Loading environment from /home/runner/work/key/key/key.core/../key.ui/examples/heap/list_ghost/ArrayList_get_dep.key.proof 
35258      DEBUG main            d.u.i.k.p.i.AbstractProblemLoader Environment load took 492.7ns 
35259      INFO  main            d.u.i.k.p.i.AbstractProblemLoader Creating init config 
37774      DEBUG main            d.u.i.k.p.i.AbstractProblemLoader Init config took 2.51s 
37818      INFO  main            d.u.i.k.p.i.AbstractProblemLoader Replaying proof ArrayList[List::get(int)].JML accessible clause.0 
37882      DEBUG main            d.u.i.k.p.i.IntermediateProofReplayer Proof replay took 48.36ms 
37883      DEBUG main            d.u.i.k.p.r.p.TestFile    ... success: reloaded. 
37884      INFO  main            d.u.i.k.p.r.p.TestFile    Now processing file /home/runner/work/key/key/key.core/../key.ui/examples/heap/list_ghost/ArrayList_get_exceptional.key 
37885      INFO  main            d.u.i.k.p.i.AbstractProblemLoader Loading environment from /home/runner/work/key/key/key.core/../key.ui/examples/heap/list_ghost/ArrayList_get_exceptional.key 
37885      DEBUG main            d.u.i.k.p.i.AbstractProblemLoader Environment load took 236.1ns 
37886      INFO  main            d.u.i.k.p.i.AbstractProblemLoader Creating init config 
40453      DEBUG main            d.u.i.k.p.i.AbstractProblemLoader Init config took 2.57s 
40497      INFO  main            d.u.i.k.p.i.AbstractProblemLoader Replaying proof ArrayList[List::get(int)].JML exceptional_behavior operation contract.0 
40498      DEBUG main            d.u.i.k.p.i.IntermediateProofReplayer Proof replay took 6.2ns 
41203      INFO  main            d.u.i.k.p.r.p.TestFile    ... finished proof: closed. 
41400      INFO  main            d.u.i.k.p.i.AbstractProblemLoader Loading environment from /home/runner/work/key/key/key.core/../key.ui/examples/heap/list_ghost/ArrayList_get_exceptional.key.proof 
41401      DEBUG main            d.u.i.k.p.i.AbstractProblemLoader Environment load took 491.6ns 
41402      INFO  main            d.u.i.k.p.i.AbstractProblemLoader Creating init config 
43887      DEBUG main            d.u.i.k.p.i.AbstractProblemLoader Init config took 2.48s 
43947      INFO  main            d.u.i.k.p.i.AbstractProblemLoader Replaying proof ArrayList[List::get(int)].JML exceptional_behavior operation contract.0 
44072      DEBUG main            d.u.i.k.p.i.IntermediateProofReplayer Proof replay took 118.8ms 
44073      DEBUG main            d.u.i.k.p.r.p.TestFile    ... success: reloaded. 
44074      INFO  main            d.u.i.k.p.r.p.TestFile    Now processing file /home/runner/work/key/key/key.core/../key.ui/examples/heap/list_ghost/ArrayList_get_normal.key 
44074      INFO  main            d.u.i.k.p.i.AbstractProblemLoader Loading environment from /home/runner/work/key/key/key.core/../key.ui/examples/heap/list_ghost/ArrayList_get_normal.key 
44075      DEBUG main            d.u.i.k.p.i.AbstractProblemLoader Environment load took 578ns 
44076      INFO  main            d.u.i.k.p.i.AbstractProblemLoader Creating init config 
46631      DEBUG main            d.u.i.k.p.i.AbstractProblemLoader Init config took 2.56s 
46680      INFO  main            d.u.i.k.p.i.AbstractProblemLoader Replaying proof ArrayList[List::get(int)].JML normal_behavior operation contract.0 
46682      DEBUG main            d.u.i.k.p.i.IntermediateProofReplayer Proof replay took 6.5ns 
46884      INFO  main            d.u.i.k.p.r.p.TestFile    ... finished proof: closed. 
47074      INFO  main            d.u.i.k.p.i.AbstractProblemLoader Loading environment from /home/runner/work/key/key/key.core/../key.ui/examples/heap/list_ghost/ArrayList_get_normal.key.proof 
47074      DEBUG main            d.u.i.k.p.i.AbstractProblemLoader Environment load took 124.4ns 
47075      INFO  main            d.u.i.k.p.i.AbstractProblemLoader Creating init config 
49560      DEBUG main            d.u.i.k.p.i.AbstractProblemLoader Init config took 2.48s 
49602      INFO  main            d.u.i.k.p.i.AbstractProblemLoader Replaying proof ArrayList[List::get(int)].JML normal_behavior operation contract.0 
49641      DEBUG main            d.u.i.k.p.i.IntermediateProofReplayer Proof replay took 36.58ms 
49642      DEBUG main            d.u.i.k.p.r.p.TestFile    ... success: reloaded. 
49643      INFO  main            d.u.i.k.p.r.p.TestFile    Now processing file /home/runner/work/key/key/key.core/../key.ui/examples/heap/list_ghost/ArrayList_inv.key 
49644      INFO  main            d.u.i.k.p.i.AbstractProblemLoader Loading environment from /home/runner/work/key/key/key.core/../key.ui/examples/heap/list_ghost/ArrayList_inv.key 
49644      DEBUG main            d.u.i.k.p.i.AbstractProblemLoader Environment load took 103.7ns 
49645      INFO  main            d.u.i.k.p.i.AbstractProblemLoader Creating init config 
52178      DEBUG main            d.u.i.k.p.i.AbstractProblemLoader Init config took 2.53s 
52235      INFO  main            d.u.i.k.p.i.AbstractProblemLoader Replaying proof ArrayList[java.lang.Object::<inv>()].JML accessible clause.0 
52237      DEBUG main            d.u.i.k.p.i.IntermediateProofReplayer Proof replay took 6.9ns 
52339      INFO  main            d.u.i.k.p.r.p.TestFile    ... finished proof: closed. 
52503      INFO  main            d.u.i.k.p.i.AbstractProblemLoader Loading environment from /home/runner/work/key/key/key.core/../key.ui/examples/heap/list_ghost/ArrayList_inv.key.proof 
52503      DEBUG main            d.u.i.k.p.i.AbstractProblemLoader Environment load took 125.4ns 
52504      INFO  main            d.u.i.k.p.i.AbstractProblemLoader Creating init config 
55007      DEBUG main            d.u.i.k.p.i.AbstractProblemLoader Init config took 2.5s 
55045      INFO  main            d.u.i.k.p.i.AbstractProblemLoader Replaying proof ArrayList[java.lang.Object::<inv>()].JML accessible clause.0 
55055      DEBUG main            d.u.i.k.p.i.IntermediateProofReplayer Proof replay took 7.48ms 
55055      DEBUG main            d.u.i.k.p.r.p.TestFile    ... success: reloaded. 
55057      INFO  main            d.u.i.k.p.r.p.TestFile    Now processing file /home/runner/work/key/key/key.core/../key.ui/examples/heap/list_ghost/ArrayList_size_dep.key 
55057      INFO  main            d.u.i.k.p.i.AbstractProblemLoader Loading environment from /home/runner/work/key/key/key.core/../key.ui/examples/heap/list_ghost/ArrayList_size_dep.key 
55057      DEBUG main            d.u.i.k.p.i.AbstractProblemLoader Environment load took 145.1ns 
55058      INFO  main            d.u.i.k.p.i.AbstractProblemLoader Creating init config 
57568      DEBUG main            d.u.i.k.p.i.AbstractProblemLoader Init config took 2.51s 
57612      INFO  main            d.u.i.k.p.i.AbstractProblemLoader Replaying proof ArrayList[List::size()].JML accessible clause.0 
57614      DEBUG main            d.u.i.k.p.i.IntermediateProofReplayer Proof replay took 6.9ns 
57717      INFO  main            d.u.i.k.p.r.p.TestFile    ... finished proof: closed. 
57906      INFO  main            d.u.i.k.p.i.AbstractProblemLoader Loading environment from /home/runner/work/key/key/key.core/../key.ui/examples/heap/list_ghost/ArrayList_size_dep.key.proof 
57906      DEBUG main            d.u.i.k.p.i.AbstractProblemLoader Environment load took 124.1ns 
57907      INFO  main            d.u.i.k.p.i.AbstractProblemLoader Creating init config 
60415      DEBUG main            d.u.i.k.p.i.AbstractProblemLoader Init config took 2.51s 
60453      INFO  main            d.u.i.k.p.i.AbstractProblemLoader Replaying proof ArrayList[List::size()].JML accessible clause.0 
60466      DEBUG main            d.u.i.k.p.i.IntermediateProofReplayer Proof replay took 10.62ms 
60466      DEBUG main            d.u.i.k.p.r.p.TestFile    ... success: reloaded. 
60467      INFO  main            d.u.i.k.p.r.p.TestFile    Now processing file /home/runner/work/key/key/key.core/../key.ui/examples/heap/list_ghost/ArrayList_size.key 
60468      INFO  main            d.u.i.k.p.i.AbstractProblemLoader Loading environment from /home/runner/work/key/key/key.core/../key.ui/examples/heap/list_ghost/ArrayList_size.key 
60468      DEBUG main            d.u.i.k.p.i.AbstractProblemLoader Environment load took 57.3ns 
60469      INFO  main            d.u.i.k.p.i.AbstractProblemLoader Creating init config 
62929      DEBUG main            d.u.i.k.p.i.AbstractProblemLoader Init config took 2.46s 
62966      INFO  main            d.u.i.k.p.i.AbstractProblemLoader Replaying proof ArrayList[List::size()].JML normal_behavior operation contract.0 
62967      DEBUG main            d.u.i.k.p.i.IntermediateProofReplayer Proof replay took 6.7ns 
63069      INFO  main            d.u.i.k.p.r.p.TestFile    ... finished proof: closed. 
63298      INFO  main            d.u.i.k.p.i.AbstractProblemLoader Loading environment from /home/runner/work/key/key/key.core/../key.ui/examples/heap/list_ghost/ArrayList_size.key.proof 
63298      DEBUG main            d.u.i.k.p.i.AbstractProblemLoader Environment load took 121ns 
63299      INFO  main            d.u.i.k.p.i.AbstractProblemLoader Creating init config 
65804      DEBUG main            d.u.i.k.p.i.AbstractProblemLoader Init config took 2.5s 
65842      INFO  main            d.u.i.k.p.i.AbstractProblemLoader Replaying proof ArrayList[List::size()].JML normal_behavior operation contract.0 
65855      DEBUG main            d.u.i.k.p.i.IntermediateProofReplayer Proof replay took 11.24ms 
65856      DEBUG main            d.u.i.k.p.r.p.TestFile    ... success: reloaded. 
1170761    INFO  Test worker     d.u.i.k.p.r.RunAllProofsTestUnit Returning from test list_ghost 
1170763    INFO  Test worker     d.u.i.k.p.r.RunAllProofsTestUnit Running test list_recursive 
392        INFO  Timeout watchdog d.u.i.k.p.r.p.ForkedTestFileRunner Timeout watcher launched (2000 secs.) 
407        WARN  main            d.u.i.k.s.ProofSettings   The settings in /home/runner/.key/proof-settings.props are *not* read. 
434        INFO  main            d.u.i.k.p.r.p.TestFile    Now processing file /home/runner/work/key/key/key.core/../key.ui/examples/heap/list_recursiveSpec/ListOperationsNonNull_getNextNN_normal_behavior.key 
548        INFO  main            d.u.i.k.p.i.AbstractProblemLoader Loading environment from /home/runner/work/key/key/key.core/../key.ui/examples/heap/list_recursiveSpec/ListOperationsNonNull_getNextNN_normal_behavior.key 
565        DEBUG main            d.u.i.k.p.i.AbstractProblemLoader Environment load took 1.98ms 
780        INFO  main            d.u.i.k.p.i.AbstractProblemLoader Creating init config 
1681       DEBUG main            d.u.i.k.j.TypeConverter   No LDT found for Meta 
1682       DEBUG main            d.u.i.k.j.TypeConverter   No LDT found for Meta 
1684       DEBUG main            d.u.i.k.j.TypeConverter   No LDT found for Meta 
1684       DEBUG main            d.u.i.k.j.TypeConverter   No LDT found for Meta 
3107       DEBUG main            d.u.i.k.j.TypeConverter   No LDT found for JavaBigintExpression 
8652       DEBUG main            d.u.i.k.p.i.AbstractProblemLoader Init config took 7.87s 
8788       INFO  main            d.u.i.k.p.i.AbstractProblemLoader Replaying proof ListOperationsNonNull[ListOperationsNonNull::getNextNN(ListNN,int)].JML normal_behavior operation contract.0 
8822       DEBUG main            d.u.i.k.p.i.IntermediateProofReplayer Proof replay took 34.2ns 
10208      INFO  main            d.u.i.k.p.r.p.TestFile    ... finished proof: closed. 
10329      INFO  main            d.u.i.k.p.i.AbstractProblemLoader Loading environment from /home/runner/work/key/key/key.core/../key.ui/examples/heap/list_recursiveSpec/ListOperationsNonNull_getNextNN_normal_behavior.key.proof 
10336      DEBUG main            d.u.i.k.p.i.AbstractProblemLoader Environment load took 7.42ms 
10339      INFO  main            d.u.i.k.p.i.AbstractProblemLoader Creating init config 
13403      DEBUG main            d.u.i.k.p.i.AbstractProblemLoader Init config took 3.06s 
13500      INFO  main            d.u.i.k.p.i.AbstractProblemLoader Replaying proof ListOperationsNonNull[ListOperationsNonNull::getNextNN(ListNN,int)].JML normal_behavior operation contract.0 
13677      DEBUG main            d.u.i.k.p.i.IntermediateProofReplayer Proof replay took 168.59ms 
13685      DEBUG main            d.u.i.k.p.r.p.TestFile    ... success: reloaded. 
13687      INFO  main            d.u.i.k.p.r.p.TestFile    Now processing file /home/runner/work/key/key/key.core/../key.ui/examples/heap/list_recursiveSpec/ListOperationsNonNull_setValueAt_normal_behavior.key 
13687      INFO  main            d.u.i.k.p.i.AbstractProblemLoader Loading environment from /home/runner/work/key/key/key.core/../key.ui/examples/heap/list_recursiveSpec/ListOperationsNonNull_setValueAt_normal_behavior.key 
13688      DEBUG main            d.u.i.k.p.i.AbstractProblemLoader Environment load took 250ns 
13692      INFO  main            d.u.i.k.p.i.AbstractProblemLoader Creating init config 
16714      DEBUG main            d.u.i.k.p.i.AbstractProblemLoader Init config took 3.02s 
16775      INFO  main            d.u.i.k.p.i.AbstractProblemLoader Replaying proof ListOperationsNonNull[ListOperationsNonNull::setValueAt_NN(ListNN,int,int)].JML normal_behavior operation contract.0 
16777      DEBUG main            d.u.i.k.p.i.IntermediateProofReplayer Proof replay took 6.4ns 
16804      DEBUG main            d.u.i.k.m.s.ProofScriptEngine 1: 'macro autopilot' 
19296      DEBUG main            d.u.i.k.m.s.ProofScriptEngine 2: 'macro simp-upd' 
19304      DEBUG main            d.u.i.k.m.s.ProofScriptEngine 3: 'rule observerDependencyEQ' 
19322      DEBUG main            d.u.i.k.m.s.ProofScriptEngine 4: 'tryclose' 
19353      INFO  main            d.u.i.k.p.r.p.TestFile    ... finished proof: closed. 
19498      INFO  main            d.u.i.k.p.i.AbstractProblemLoader Loading environment from /home/runner/work/key/key/key.core/../key.ui/examples/heap/list_recursiveSpec/ListOperationsNonNull_setValueAt_normal_behavior.key.proof 
19499      DEBUG main            d.u.i.k.p.i.AbstractProblemLoader Environment load took 1.3ms 
19502      INFO  main            d.u.i.k.p.i.AbstractProblemLoader Creating init config 
22432      DEBUG main            d.u.i.k.p.i.AbstractProblemLoader Init config took 2.93s 
22485      INFO  main            d.u.i.k.p.i.AbstractProblemLoader Replaying proof ListOperationsNonNull[ListOperationsNonNull::setValueAt_NN(ListNN,int,int)].JML normal_behavior operation contract.0 
22583      DEBUG main            d.u.i.k.p.i.IntermediateProofReplayer Proof replay took 93.07ms 
22584      DEBUG main            d.u.i.k.p.r.p.TestFile    ... success: reloaded. 
1193531    INFO  Test worker     d.u.i.k.p.r.RunAllProofsTestUnit Returning from test list_recursive 
1193533    INFO  Test worker     d.u.i.k.p.r.RunAllProofsTestUnit Running test list_seq 
345        INFO  Timeout watchdog d.u.i.k.p.r.p.ForkedTestFileRunner Timeout watcher launched (2000 secs.) 
357        WARN  main            d.u.i.k.s.ProofSettings   The settings in /home/runner/.key/proof-settings.props are *not* read. 
384        INFO  main            d.u.i.k.p.r.p.TestFile    Now processing file /home/runner/work/key/key/key.core/../key.ui/examples/heap/list_seq/SimplifiedLinkedList.remove.key 
490        INFO  main            d.u.i.k.p.i.AbstractProblemLoader Loading environment from /home/runner/work/key/key/key.core/../key.ui/examples/heap/list_seq/SimplifiedLinkedList.remove.key 
517        DEBUG main            d.u.i.k.p.i.AbstractProblemLoader Environment load took 1.83ms 
742        INFO  main            d.u.i.k.p.i.AbstractProblemLoader Creating init config 
1627       DEBUG main            d.u.i.k.j.TypeConverter   No LDT found for Meta 
1627       DEBUG main            d.u.i.k.j.TypeConverter   No LDT found for Meta 
1636       DEBUG main            d.u.i.k.j.TypeConverter   No LDT found for Meta 
1637       DEBUG main            d.u.i.k.j.TypeConverter   No LDT found for Meta 
2967       DEBUG main            d.u.i.k.j.TypeConverter   No LDT found for JavaBigintExpression 
8878       DEBUG main            d.u.i.k.p.i.AbstractProblemLoader Init config took 8.14s 
9089       INFO  main            d.u.i.k.p.i.AbstractProblemLoader Replaying proof SimplifiedLinkedList[SimplifiedLinkedList::remove(int)].JML normal_behavior operation contract.0 
9164       DEBUG main            d.u.i.k.p.i.IntermediateProofReplayer Proof replay took 39.7ns 
74982      INFO  main            d.u.i.k.p.r.p.TestFile    ... finished proof: closed. 
75383      INFO  main            d.u.i.k.p.i.AbstractProblemLoader Loading environment from /home/runner/work/key/key/key.core/../key.ui/examples/heap/list_seq/SimplifiedLinkedList.remove.key.proof 
75383      DEBUG main            d.u.i.k.p.i.AbstractProblemLoader Environment load took 595.9ns 
75400      INFO  main            d.u.i.k.p.i.AbstractProblemLoader Creating init config 
78705      DEBUG main            d.u.i.k.p.i.AbstractProblemLoader Init config took 3.3s 
78820      INFO  main            d.u.i.k.p.i.AbstractProblemLoader Replaying proof SimplifiedLinkedList[SimplifiedLinkedList::remove(int)].JML normal_behavior operation contract.0 
81517      DEBUG main            d.u.i.k.p.i.IntermediateProofReplayer Proof replay took 2.41s 
81534      DEBUG main            d.u.i.k.p.r.p.TestFile    ... success: reloaded. 
81537      INFO  main            d.u.i.k.p.r.p.TestFile    Now processing file /home/runner/work/key/key/key.core/../key.ui/examples/heap/list_seq/ArrayList.ArrayList.key 
81538      INFO  main            d.u.i.k.p.i.AbstractProblemLoader Loading environment from /home/runner/work/key/key/key.core/../key.ui/examples/heap/list_seq/ArrayList.ArrayList.key 
81538      DEBUG main            d.u.i.k.p.i.AbstractProblemLoader Environment load took 269.5ns 
81542      INFO  main            d.u.i.k.p.i.AbstractProblemLoader Creating init config 
84689      DEBUG main            d.u.i.k.p.i.AbstractProblemLoader Init config took 3.15s 
84790      INFO  main            d.u.i.k.p.i.AbstractProblemLoader Replaying proof ArrayList[ArrayList::ArrayList()].JML normal_behavior operation contract.0 
84793      DEBUG main            d.u.i.k.p.i.IntermediateProofReplayer Proof replay took 6.1ns 
85597      INFO  main            d.u.i.k.p.r.p.TestFile    ... finished proof: closed. 
85828      INFO  main            d.u.i.k.p.i.AbstractProblemLoader Loading environment from /home/runner/work/key/key/key.core/../key.ui/examples/heap/list_seq/ArrayList.ArrayList.key.proof 
85828      DEBUG main            d.u.i.k.p.i.AbstractProblemLoader Environment load took 505.9ns 
85831      INFO  main            d.u.i.k.p.i.AbstractProblemLoader Creating init config 
88889      DEBUG main            d.u.i.k.p.i.AbstractProblemLoader Init config took 3.06s 
88970      INFO  main            d.u.i.k.p.i.AbstractProblemLoader Replaying proof ArrayList[ArrayList::ArrayList()].JML normal_behavior operation contract.0 
89069      DEBUG main            d.u.i.k.p.i.IntermediateProofReplayer Proof replay took 95.13ms 
89071      DEBUG main            d.u.i.k.p.r.p.TestFile    ... success: reloaded. 
89072      INFO  main            d.u.i.k.p.r.p.TestFile    Now processing file /home/runner/work/key/key/key.core/../key.ui/examples/heap/list_seq/ArrayList.add.key 
89072      INFO  main            d.u.i.k.p.i.AbstractProblemLoader Loading environment from /home/runner/work/key/key/key.core/../key.ui/examples/heap/list_seq/ArrayList.add.key 
89073      DEBUG main            d.u.i.k.p.i.AbstractProblemLoader Environment load took 249.5ns 
89074      INFO  main            d.u.i.k.p.i.AbstractProblemLoader Creating init config 
92160      DEBUG main            d.u.i.k.p.i.AbstractProblemLoader Init config took 3.09s 
92246      INFO  main            d.u.i.k.p.i.AbstractProblemLoader Replaying proof ArrayList[List::add(java.lang.Object)].JML normal_behavior operation contract.0 
92250      DEBUG main            d.u.i.k.p.i.IntermediateProofReplayer Proof replay took 6.1ns 
95458      INFO  main            d.u.i.k.p.r.p.TestFile    ... finished proof: closed. 
95646      INFO  main            d.u.i.k.p.i.AbstractProblemLoader Loading environment from /home/runner/work/key/key/key.core/../key.ui/examples/heap/list_seq/ArrayList.add.key.proof 
95647      DEBUG main            d.u.i.k.p.i.AbstractProblemLoader Environment load took 472.4ns 
95648      INFO  main            d.u.i.k.p.i.AbstractProblemLoader Creating init config 
98729      DEBUG main            d.u.i.k.p.i.AbstractProblemLoader Init config took 3.08s 
98826      INFO  main            d.u.i.k.p.i.AbstractProblemLoader Replaying proof ArrayList[List::add(java.lang.Object)].JML normal_behavior operation contract.0 
99061      DEBUG main            d.u.i.k.p.i.IntermediateProofReplayer Proof replay took 222.17ms 
99062      DEBUG main            d.u.i.k.p.r.p.TestFile    ... success: reloaded. 
99063      INFO  main            d.u.i.k.p.r.p.TestFile    Now processing file /home/runner/work/key/key/key.core/../key.ui/examples/heap/list_seq/ArrayList.contains.key 
99064      INFO  main            d.u.i.k.p.i.AbstractProblemLoader Loading environment from /home/runner/work/key/key/key.core/../key.ui/examples/heap/list_seq/ArrayList.contains.key 
99064      DEBUG main            d.u.i.k.p.i.AbstractProblemLoader Environment load took 237.2ns 
99065      INFO  main            d.u.i.k.p.i.AbstractProblemLoader Creating init config 
102049     DEBUG main            d.u.i.k.p.i.AbstractProblemLoader Init config took 2.98s 
102141     INFO  main            d.u.i.k.p.i.AbstractProblemLoader Replaying proof ArrayList[List::contains(java.lang.Object)].JML normal_behavior operation contract.0 
102142     DEBUG main            d.u.i.k.p.i.IntermediateProofReplayer Proof replay took 6.3ns 
103566     INFO  main            d.u.i.k.p.r.p.TestFile    ... finished proof: closed. 
103761     INFO  main            d.u.i.k.p.i.AbstractProblemLoader Loading environment from /home/runner/work/key/key/key.core/../key.ui/examples/heap/list_seq/ArrayList.contains.key.proof 
103764     DEBUG main            d.u.i.k.p.i.AbstractProblemLoader Environment load took 2.38ms 
103765     INFO  main            d.u.i.k.p.i.AbstractProblemLoader Creating init config 
106736     DEBUG main            d.u.i.k.p.i.AbstractProblemLoader Init config took 2.97s 
106812     INFO  main            d.u.i.k.p.i.AbstractProblemLoader Replaying proof ArrayList[List::contains(java.lang.Object)].JML normal_behavior operation contract.0 
107001     DEBUG main            d.u.i.k.p.i.IntermediateProofReplayer Proof replay took 182.78ms 
107004     DEBUG main            d.u.i.k.p.r.p.TestFile    ... success: reloaded. 
107005     INFO  main            d.u.i.k.p.r.p.TestFile    Now processing file /home/runner/work/key/key/key.core/../key.ui/examples/heap/list_seq/ArrayList.enlarge.key 
107006     INFO  main            d.u.i.k.p.i.AbstractProblemLoader Loading environment from /home/runner/work/key/key/key.core/../key.ui/examples/heap/list_seq/ArrayList.enlarge.key 
107006     DEBUG main            d.u.i.k.p.i.AbstractProblemLoader Environment load took 240.9ns 
107007     INFO  main            d.u.i.k.p.i.AbstractProblemLoader Creating init config 
110028     DEBUG main            d.u.i.k.p.i.AbstractProblemLoader Init config took 3.02s 
110103     INFO  main            d.u.i.k.p.i.AbstractProblemLoader Replaying proof ArrayList[ArrayList::enlarge()].JML normal_behavior operation contract.0 
110105     DEBUG main            d.u.i.k.p.i.IntermediateProofReplayer Proof replay took 6.3ns 
112111     INFO  main            d.u.i.k.p.r.p.TestFile    ... finished proof: closed. 
112314     INFO  main            d.u.i.k.p.i.AbstractProblemLoader Loading environment from /home/runner/work/key/key/key.core/../key.ui/examples/heap/list_seq/ArrayList.enlarge.key.proof 
112314     DEBUG main            d.u.i.k.p.i.AbstractProblemLoader Environment load took 507.4ns 
112316     INFO  main            d.u.i.k.p.i.AbstractProblemLoader Creating init config 
115310     DEBUG main            d.u.i.k.p.i.AbstractProblemLoader Init config took 2.99s 
115401     INFO  main            d.u.i.k.p.i.AbstractProblemLoader Replaying proof ArrayList[ArrayList::enlarge()].JML normal_behavior operation contract.0 
115632     DEBUG main            d.u.i.k.p.i.IntermediateProofReplayer Proof replay took 222.26ms 
115637     DEBUG main            d.u.i.k.p.r.p.TestFile    ... success: reloaded. 
115639     INFO  main            d.u.i.k.p.r.p.TestFile    Now processing file /home/runner/work/key/key/key.core/../key.ui/examples/heap/list_seq/ArrayList.get.key 
115640     INFO  main            d.u.i.k.p.i.AbstractProblemLoader Loading environment from /home/runner/work/key/key/key.core/../key.ui/examples/heap/list_seq/ArrayList.get.key 
115641     DEBUG main            d.u.i.k.p.i.AbstractProblemLoader Environment load took 709.8ns 
115642     INFO  main            d.u.i.k.p.i.AbstractProblemLoader Creating init config 
118641     DEBUG main            d.u.i.k.p.i.AbstractProblemLoader Init config took 3s 
118713     INFO  main            d.u.i.k.p.i.AbstractProblemLoader Replaying proof ArrayList[List::get(int)].JML normal_behavior operation contract.0 
118715     DEBUG main            d.u.i.k.p.i.IntermediateProofReplayer Proof replay took 6.9ns 
119222     INFO  main            d.u.i.k.p.r.p.TestFile    ... finished proof: closed. 
119403     INFO  main            d.u.i.k.p.i.AbstractProblemLoader Loading environment from /home/runner/work/key/key/key.core/../key.ui/examples/heap/list_seq/ArrayList.get.key.proof 
119403     DEBUG main            d.u.i.k.p.i.AbstractProblemLoader Environment load took 130.7ns 
119404     INFO  main            d.u.i.k.p.i.AbstractProblemLoader Creating init config 
122365     DEBUG main            d.u.i.k.p.i.AbstractProblemLoader Init config took 2.96s 
122437     INFO  main            d.u.i.k.p.i.AbstractProblemLoader Replaying proof ArrayList[List::get(int)].JML normal_behavior operation contract.0 
122479     DEBUG main            d.u.i.k.p.i.IntermediateProofReplayer Proof replay took 38.16ms 
122480     DEBUG main            d.u.i.k.p.r.p.TestFile    ... success: reloaded. 
122481     INFO  main            d.u.i.k.p.r.p.TestFile    Now processing file /home/runner/work/key/key/key.core/../key.ui/examples/heap/list_seq/ArrayList.newArray.key 
122481     INFO  main            d.u.i.k.p.i.AbstractProblemLoader Loading environment from /home/runner/work/key/key/key.core/../key.ui/examples/heap/list_seq/ArrayList.newArray.key 
122481     DEBUG main            d.u.i.k.p.i.AbstractProblemLoader Environment load took 135.8ns 
122482     INFO  main            d.u.i.k.p.i.AbstractProblemLoader Creating init config 
125483     DEBUG main            d.u.i.k.p.i.AbstractProblemLoader Init config took 3s 
125554     INFO  main            d.u.i.k.p.i.AbstractProblemLoader Replaying proof ArrayList[ArrayList::newArray(int)].JML normal_behavior operation contract.0 
125556     DEBUG main            d.u.i.k.p.i.IntermediateProofReplayer Proof replay took 6.5ns 
125860     INFO  main            d.u.i.k.p.r.p.TestFile    ... finished proof: closed. 
126035     INFO  main            d.u.i.k.p.i.AbstractProblemLoader Loading environment from /home/runner/work/key/key/key.core/../key.ui/examples/heap/list_seq/ArrayList.newArray.key.proof 
126035     DEBUG main            d.u.i.k.p.i.AbstractProblemLoader Environment load took 133.2ns 
126036     INFO  main            d.u.i.k.p.i.AbstractProblemLoader Creating init config 
129000     DEBUG main            d.u.i.k.p.i.AbstractProblemLoader Init config took 2.96s 
129072     INFO  main            d.u.i.k.p.i.AbstractProblemLoader Replaying proof ArrayList[ArrayList::newArray(int)].JML normal_behavior operation contract.0 
129116     DEBUG main            d.u.i.k.p.i.IntermediateProofReplayer Proof replay took 40.84ms 
129117     DEBUG main            d.u.i.k.p.r.p.TestFile    ... success: reloaded. 
129118     INFO  main            d.u.i.k.p.r.p.TestFile    Now processing file /home/runner/work/key/key/key.core/../key.ui/examples/heap/list_seq/ArrayList.remove.0.key 
129123     INFO  main            d.u.i.k.p.i.AbstractProblemLoader Loading environment from /home/runner/work/key/key/key.core/../key.ui/examples/heap/list_seq/ArrayList.remove.0.key 
129123     DEBUG main            d.u.i.k.p.i.AbstractProblemLoader Environment load took 135.8ns 
129124     INFO  main            d.u.i.k.p.i.AbstractProblemLoader Creating init config 
132109     DEBUG main            d.u.i.k.p.i.AbstractProblemLoader Init config took 2.98s 
132178     INFO  main            d.u.i.k.p.i.AbstractProblemLoader Replaying proof ArrayList[List::remove(java.lang.Object)].JML normal_behavior operation contract.0 
132179     DEBUG main            d.u.i.k.p.i.IntermediateProofReplayer Proof replay took 7.1ns 
134087     INFO  main            d.u.i.k.p.r.p.TestFile    ... finished proof: closed. 
134299     INFO  main            d.u.i.k.p.i.AbstractProblemLoader Loading environment from /home/runner/work/key/key/key.core/../key.ui/examples/heap/list_seq/ArrayList.remove.0.key.proof 
134300     DEBUG main            d.u.i.k.p.i.AbstractProblemLoader Environment load took 480.3ns 
134301     INFO  main            d.u.i.k.p.i.AbstractProblemLoader Creating init config 
137218     DEBUG main            d.u.i.k.p.i.AbstractProblemLoader Init config took 2.92s 
137291     INFO  main            d.u.i.k.p.i.AbstractProblemLoader Replaying proof ArrayList[List::remove(java.lang.Object)].JML normal_behavior operation contract.0 
137620     DEBUG main            d.u.i.k.p.i.IntermediateProofReplayer Proof replay took 321.23ms 
137621     DEBUG main            d.u.i.k.p.r.p.TestFile    ... success: reloaded. 
137622     INFO  main            d.u.i.k.p.r.p.TestFile    Now processing file /home/runner/work/key/key/key.core/../key.ui/examples/heap/list_seq/ArrayList.remove.1.key 
137625     INFO  main            d.u.i.k.p.i.AbstractProblemLoader Loading environment from /home/runner/work/key/key/key.core/../key.ui/examples/heap/list_seq/ArrayList.remove.1.key 
137626     DEBUG main            d.u.i.k.p.i.AbstractProblemLoader Environment load took 338.3ns 
137628     INFO  main            d.u.i.k.p.i.AbstractProblemLoader Creating init config 
140635     DEBUG main            d.u.i.k.p.i.AbstractProblemLoader Init config took 3.01s 
140708     INFO  main            d.u.i.k.p.i.AbstractProblemLoader Replaying proof ArrayList[List::remove(java.lang.Object)].JML normal_behavior operation contract.1 
140711     DEBUG main            d.u.i.k.p.i.IntermediateProofReplayer Proof replay took 5.8ns 
151689     INFO  main            d.u.i.k.p.r.p.TestFile    ... finished proof: closed. 
151961     INFO  main            d.u.i.k.p.i.AbstractProblemLoader Loading environment from /home/runner/work/key/key/key.core/../key.ui/examples/heap/list_seq/ArrayList.remove.1.key.proof 
151961     DEBUG main            d.u.i.k.p.i.AbstractProblemLoader Environment load took 476.3ns 
151964     INFO  main            d.u.i.k.p.i.AbstractProblemLoader Creating init config 
154847     DEBUG main            d.u.i.k.p.i.AbstractProblemLoader Init config took 2.88s 
154917     INFO  main            d.u.i.k.p.i.AbstractProblemLoader Replaying proof ArrayList[List::remove(java.lang.Object)].JML normal_behavior operation contract.1 
155768     DEBUG main            d.u.i.k.p.i.IntermediateProofReplayer Proof replay took 807.02ms 
155771     DEBUG main            d.u.i.k.p.r.p.TestFile    ... success: reloaded. 
1349477    INFO  Test worker     d.u.i.k.p.r.RunAllProofsTestUnit Returning from test list_seq 
1349479    INFO  Test worker     d.u.i.k.p.r.RunAllProofsTestUnit Running test observer 
363        INFO  Timeout watchdog d.u.i.k.p.r.p.ForkedTestFileRunner Timeout watcher launched (2000 secs.) 
378        WARN  main            d.u.i.k.s.ProofSettings   The settings in /home/runner/.key/proof-settings.props are *not* read. 
424        INFO  main            d.u.i.k.p.r.p.TestFile    Now processing file /home/runner/work/key/key/key.core/../key.ui/examples/heap/observer/ExampleObserver_ExampleObserver.key 
552        INFO  main            d.u.i.k.p.i.AbstractProblemLoader Loading environment from /home/runner/work/key/key/key.core/../key.ui/examples/heap/observer/ExampleObserver_ExampleObserver.key 
576        DEBUG main            d.u.i.k.p.i.AbstractProblemLoader Environment load took 2.2ms 
793        INFO  main            d.u.i.k.p.i.AbstractProblemLoader Creating init config 
1732       DEBUG main            d.u.i.k.j.TypeConverter   No LDT found for Meta 
1732       DEBUG main            d.u.i.k.j.TypeConverter   No LDT found for Meta 
1734       DEBUG main            d.u.i.k.j.TypeConverter   No LDT found for Meta 
1734       DEBUG main            d.u.i.k.j.TypeConverter   No LDT found for Meta 
3206       DEBUG main            d.u.i.k.j.TypeConverter   No LDT found for JavaBigintExpression 
8289       DEBUG main            d.u.i.k.p.i.AbstractProblemLoader Init config took 7.49s 
8472       INFO  main            d.u.i.k.p.i.AbstractProblemLoader Replaying proof ExampleObserver[ExampleObserver::ExampleObserver(ExampleSubject)].JML normal_behavior operation contract.0 
8509       DEBUG main            d.u.i.k.p.i.IntermediateProofReplayer Proof replay took 34.8ns 
9586       INFO  main            d.u.i.k.p.r.p.TestFile    ... finished proof: closed. 
9708       INFO  main            d.u.i.k.p.i.AbstractProblemLoader Loading environment from /home/runner/work/key/key/key.core/../key.ui/examples/heap/observer/ExampleObserver_ExampleObserver.key.proof 
9713       DEBUG main            d.u.i.k.p.i.AbstractProblemLoader Environment load took 5.16ms 
9715       INFO  main            d.u.i.k.p.i.AbstractProblemLoader Creating init config 
12645      DEBUG main            d.u.i.k.p.i.AbstractProblemLoader Init config took 2.93s 
12719      INFO  main            d.u.i.k.p.i.AbstractProblemLoader Replaying proof ExampleObserver[ExampleObserver::ExampleObserver(ExampleSubject)].JML normal_behavior operation contract.0 
12845      DEBUG main            d.u.i.k.p.i.IntermediateProofReplayer Proof replay took 119.18ms 
12854      DEBUG main            d.u.i.k.p.r.p.TestFile    ... success: reloaded. 
12861      INFO  main            d.u.i.k.p.r.p.TestFile    Now processing file /home/runner/work/key/key/key.core/../key.ui/examples/heap/observer/ExampleObserver_inv.key 
12862      INFO  main            d.u.i.k.p.i.AbstractProblemLoader Loading environment from /home/runner/work/key/key/key.core/../key.ui/examples/heap/observer/ExampleObserver_inv.key 
12862      DEBUG main            d.u.i.k.p.i.AbstractProblemLoader Environment load took 119.1ns 
12866      INFO  main            d.u.i.k.p.i.AbstractProblemLoader Creating init config 
15672      DEBUG main            d.u.i.k.p.i.AbstractProblemLoader Init config took 2.81s 
15732      INFO  main            d.u.i.k.p.i.AbstractProblemLoader Replaying proof ExampleObserver[java.lang.Object::<inv>()].JML accessible clause.0 
15735      DEBUG main            d.u.i.k.p.i.IntermediateProofReplayer Proof replay took 7ns 
15838      INFO  main            d.u.i.k.p.r.p.TestFile    ... finished proof: closed. 
15983      INFO  main            d.u.i.k.p.i.AbstractProblemLoader Loading environment from /home/runner/work/key/key/key.core/../key.ui/examples/heap/observer/ExampleObserver_inv.key.proof 
15983      DEBUG main            d.u.i.k.p.i.AbstractProblemLoader Environment load took 134.5ns 
15986      INFO  main            d.u.i.k.p.i.AbstractProblemLoader Creating init config 
18699      DEBUG main            d.u.i.k.p.i.AbstractProblemLoader Init config took 2.71s 
18753      INFO  main            d.u.i.k.p.i.AbstractProblemLoader Replaying proof ExampleObserver[java.lang.Object::<inv>()].JML accessible clause.0 
18768      DEBUG main            d.u.i.k.p.i.IntermediateProofReplayer Proof replay took 12.38ms 
18769      DEBUG main            d.u.i.k.p.r.p.TestFile    ... success: reloaded. 
18771      INFO  main            d.u.i.k.p.r.p.TestFile    Now processing file /home/runner/work/key/key/key.core/../key.ui/examples/heap/observer/ExampleObserver_subject.key 
18771      INFO  main            d.u.i.k.p.i.AbstractProblemLoader Loading environment from /home/runner/work/key/key/key.core/../key.ui/examples/heap/observer/ExampleObserver_subject.key 
18772      DEBUG main            d.u.i.k.p.i.AbstractProblemLoader Environment load took 240.2ns 
18773      INFO  main            d.u.i.k.p.i.AbstractProblemLoader Creating init config 
21448      DEBUG main            d.u.i.k.p.i.AbstractProblemLoader Init config took 2.68s 
21499      INFO  main            d.u.i.k.p.i.AbstractProblemLoader Replaying proof Observer[Observer::$subject()].JML accessible clause.0 
21501      DEBUG main            d.u.i.k.p.i.IntermediateProofReplayer Proof replay took 5.2ns 
21607      INFO  main            d.u.i.k.p.r.p.TestFile    ... finished proof: closed. 
21770      INFO  main            d.u.i.k.p.i.AbstractProblemLoader Loading environment from /home/runner/work/key/key/key.core/../key.ui/examples/heap/observer/ExampleObserver_subject.key.proof 
21770      DEBUG main            d.u.i.k.p.i.AbstractProblemLoader Environment load took 137.8ns 
21771      INFO  main            d.u.i.k.p.i.AbstractProblemLoader Creating init config 
24471      DEBUG main            d.u.i.k.p.i.AbstractProblemLoader Init config took 2.7s 
24530      INFO  main            d.u.i.k.p.i.AbstractProblemLoader Replaying proof Observer[Observer::$subject()].JML accessible clause.0 
24534      DEBUG main            d.u.i.k.p.i.IntermediateProofReplayer Proof replay took 1.55ms 
24535      DEBUG main            d.u.i.k.p.r.p.TestFile    ... success: reloaded. 
24536      INFO  main            d.u.i.k.p.r.p.TestFile    Now processing file /home/runner/work/key/key/key.core/../key.ui/examples/heap/observer/ExampleObserver_update.key 
24536      INFO  main            d.u.i.k.p.i.AbstractProblemLoader Loading environment from /home/runner/work/key/key/key.core/../key.ui/examples/heap/observer/ExampleObserver_update.key 
24536      DEBUG main            d.u.i.k.p.i.AbstractProblemLoader Environment load took 100.6ns 
24537      INFO  main            d.u.i.k.p.i.AbstractProblemLoader Creating init config 
27180      DEBUG main            d.u.i.k.p.i.AbstractProblemLoader Init config took 2.64s 
27242      INFO  main            d.u.i.k.p.i.AbstractProblemLoader Replaying proof ExampleObserver[Observer::update()].JML normal_behavior operation contract.0 
27244      DEBUG main            d.u.i.k.p.i.IntermediateProofReplayer Proof replay took 6.2ns 
27548      INFO  main            d.u.i.k.p.r.p.TestFile    ... finished proof: closed. 
27704      INFO  main            d.u.i.k.p.i.AbstractProblemLoader Loading environment from /home/runner/work/key/key/key.core/../key.ui/examples/heap/observer/ExampleObserver_update.key.proof 
27705      DEBUG main            d.u.i.k.p.i.AbstractProblemLoader Environment load took 1.17ms 
27706      INFO  main            d.u.i.k.p.i.AbstractProblemLoader Creating init config 
30300      DEBUG main            d.u.i.k.p.i.AbstractProblemLoader Init config took 2.59s 
30348      INFO  main            d.u.i.k.p.i.AbstractProblemLoader Replaying proof ExampleObserver[Observer::update()].JML normal_behavior operation contract.0 
30401      DEBUG main            d.u.i.k.p.i.IntermediateProofReplayer Proof replay took 49.08ms 
30402      DEBUG main            d.u.i.k.p.r.p.TestFile    ... success: reloaded. 
30404      INFO  main            d.u.i.k.p.r.p.TestFile    Now processing file /home/runner/work/key/key/key.core/../key.ui/examples/heap/observer/ExampleObserver_upToDate.key 
30404      INFO  main            d.u.i.k.p.i.AbstractProblemLoader Loading environment from /home/runner/work/key/key/key.core/../key.ui/examples/heap/observer/ExampleObserver_upToDate.key 
30404      DEBUG main            d.u.i.k.p.i.AbstractProblemLoader Environment load took 234.1ns 
30405      INFO  main            d.u.i.k.p.i.AbstractProblemLoader Creating init config 
33063      DEBUG main            d.u.i.k.p.i.AbstractProblemLoader Init config took 2.66s 
33109      INFO  main            d.u.i.k.p.i.AbstractProblemLoader Replaying proof ExampleObserver[Observer::$upToDate()].JML accessible clause.0 
33111      DEBUG main            d.u.i.k.p.i.IntermediateProofReplayer Proof replay took 6.4ns 
33315      INFO  main            d.u.i.k.p.r.p.TestFile    ... finished proof: closed. 
33518      INFO  main            d.u.i.k.p.i.AbstractProblemLoader Loading environment from /home/runner/work/key/key/key.core/../key.ui/examples/heap/observer/ExampleObserver_upToDate.key.proof 
33518      DEBUG main            d.u.i.k.p.i.AbstractProblemLoader Environment load took 136.1ns 
33519      INFO  main            d.u.i.k.p.i.AbstractProblemLoader Creating init config 
36126      DEBUG main            d.u.i.k.p.i.AbstractProblemLoader Init config took 2.61s 
36181      INFO  main            d.u.i.k.p.i.AbstractProblemLoader Replaying proof ExampleObserver[Observer::$upToDate()].JML accessible clause.0 
36202      DEBUG main            d.u.i.k.p.i.IntermediateProofReplayer Proof replay took 17.4ms 
36203      DEBUG main            d.u.i.k.p.r.p.TestFile    ... success: reloaded. 
36205      INFO  main            d.u.i.k.p.r.p.TestFile    Now processing file /home/runner/work/key/key/key.core/../key.ui/examples/heap/observer/ExampleObserver_value.key 
36205      INFO  main            d.u.i.k.p.i.AbstractProblemLoader Loading environment from /home/runner/work/key/key/key.core/../key.ui/examples/heap/observer/ExampleObserver_value.key 
36205      DEBUG main            d.u.i.k.p.i.AbstractProblemLoader Environment load took 467ns 
36206      INFO  main            d.u.i.k.p.i.AbstractProblemLoader Creating init config 
38861      DEBUG main            d.u.i.k.p.i.AbstractProblemLoader Init config took 2.65s 
38907      INFO  main            d.u.i.k.p.i.AbstractProblemLoader Replaying proof ExampleObserver[ExampleObserver::value()].JML normal_behavior operation contract.0 
38908      DEBUG main            d.u.i.k.p.i.IntermediateProofReplayer Proof replay took 5.4ns 
39011      INFO  main            d.u.i.k.p.r.p.TestFile    ... finished proof: closed. 
39174      INFO  main            d.u.i.k.p.i.AbstractProblemLoader Loading environment from /home/runner/work/key/key/key.core/../key.ui/examples/heap/observer/ExampleObserver_value.key.proof 
39174      DEBUG main            d.u.i.k.p.i.AbstractProblemLoader Environment load took 126.6ns 
39176      INFO  main            d.u.i.k.p.i.AbstractProblemLoader Creating init config 
41730      DEBUG main            d.u.i.k.p.i.AbstractProblemLoader Init config took 2.55s 
41776      INFO  main            d.u.i.k.p.i.AbstractProblemLoader Replaying proof ExampleObserver[ExampleObserver::value()].JML normal_behavior operation contract.0 
41794      DEBUG main            d.u.i.k.p.i.IntermediateProofReplayer Proof replay took 15.47ms 
41795      DEBUG main            d.u.i.k.p.r.p.TestFile    ... success: reloaded. 
41796      INFO  main            d.u.i.k.p.r.p.TestFile    Now processing file /home/runner/work/key/key/key.core/../key.ui/examples/heap/observer/ExampleSubject_addObserver.key 
41796      INFO  main            d.u.i.k.p.i.AbstractProblemLoader Loading environment from /home/runner/work/key/key/key.core/../key.ui/examples/heap/observer/ExampleSubject_addObserver.key 
41797      DEBUG main            d.u.i.k.p.i.AbstractProblemLoader Environment load took 101.2ns 
41797      INFO  main            d.u.i.k.p.i.AbstractProblemLoader Creating init config 
44408      DEBUG main            d.u.i.k.p.i.AbstractProblemLoader Init config took 2.61s 
44458      INFO  main            d.u.i.k.p.i.AbstractProblemLoader Replaying proof ExampleSubject[Subject::addObserver(Observer)].JML normal_behavior operation contract.0 
44459      DEBUG main            d.u.i.k.p.i.IntermediateProofReplayer Proof replay took 7ns 
49899      INFO  main            d.u.i.k.p.r.p.TestFile    ... finished proof: closed. 
50119      INFO  main            d.u.i.k.p.i.AbstractProblemLoader Loading environment from /home/runner/work/key/key/key.core/../key.ui/examples/heap/observer/ExampleSubject_addObserver.key.proof 
50120      DEBUG main            d.u.i.k.p.i.AbstractProblemLoader Environment load took 458.2ns 
50122      INFO  main            d.u.i.k.p.i.AbstractProblemLoader Creating init config 
52665      DEBUG main            d.u.i.k.p.i.AbstractProblemLoader Init config took 2.54s 
52714      INFO  main            d.u.i.k.p.i.AbstractProblemLoader Replaying proof ExampleSubject[Subject::addObserver(Observer)].JML normal_behavior operation contract.0 
53196      DEBUG main            d.u.i.k.p.i.IntermediateProofReplayer Proof replay took 460.46ms 
53198      DEBUG main            d.u.i.k.p.r.p.TestFile    ... success: reloaded. 
53200      INFO  main            d.u.i.k.p.r.p.TestFile    Now processing file /home/runner/work/key/key/key.core/../key.ui/examples/heap/observer/ExampleSubject_change.key 
53200      INFO  main            d.u.i.k.p.i.AbstractProblemLoader Loading environment from /home/runner/work/key/key/key.core/../key.ui/examples/heap/observer/ExampleSubject_change.key 
53200      DEBUG main            d.u.i.k.p.i.AbstractProblemLoader Environment load took 236.3ns 
53201      INFO  main            d.u.i.k.p.i.AbstractProblemLoader Creating init config 
55883      DEBUG main            d.u.i.k.p.i.AbstractProblemLoader Init config took 2.68s 
55929      INFO  main            d.u.i.k.p.i.AbstractProblemLoader Replaying proof ExampleSubject[ExampleSubject::change()].JML normal_behavior operation contract.0 
55931      DEBUG main            d.u.i.k.p.i.IntermediateProofReplayer Proof replay took 6.6ns 
56435      INFO  main            d.u.i.k.p.r.p.TestFile    ... finished proof: closed. 
56639      INFO  main            d.u.i.k.p.i.AbstractProblemLoader Loading environment from /home/runner/work/key/key/key.core/../key.ui/examples/heap/observer/ExampleSubject_change.key.proof 
56640      DEBUG main            d.u.i.k.p.i.AbstractProblemLoader Environment load took 123.5ns 
56641      INFO  main            d.u.i.k.p.i.AbstractProblemLoader Creating init config 
59219      DEBUG main            d.u.i.k.p.i.AbstractProblemLoader Init config took 2.58s 
59265      INFO  main            d.u.i.k.p.i.AbstractProblemLoader Replaying proof ExampleSubject[ExampleSubject::change()].JML normal_behavior operation contract.0 
59317      DEBUG main            d.u.i.k.p.i.IntermediateProofReplayer Proof replay took 46.82ms 
59318      DEBUG main            d.u.i.k.p.r.p.TestFile    ... success: reloaded. 
59319      INFO  main            d.u.i.k.p.r.p.TestFile    Now processing file /home/runner/work/key/key/key.core/../key.ui/examples/heap/observer/ExampleSubject_ExampleSubject.key 
59319      INFO  main            d.u.i.k.p.i.AbstractProblemLoader Loading environment from /home/runner/work/key/key/key.core/../key.ui/examples/heap/observer/ExampleSubject_ExampleSubject.key 
59320      DEBUG main            d.u.i.k.p.i.AbstractProblemLoader Environment load took 150.6ns 
59321      INFO  main            d.u.i.k.p.i.AbstractProblemLoader Creating init config 
61869      DEBUG main            d.u.i.k.p.i.AbstractProblemLoader Init config took 2.55s 
61913      INFO  main            d.u.i.k.p.i.AbstractProblemLoader Replaying proof ExampleSubject[ExampleSubject::ExampleSubject()].JML normal_behavior operation contract.0 
61915      DEBUG main            d.u.i.k.p.i.IntermediateProofReplayer Proof replay took 7ns 
62924      INFO  main            d.u.i.k.p.r.p.TestFile    ... finished proof: closed. 
63139      INFO  main            d.u.i.k.p.i.AbstractProblemLoader Loading environment from /home/runner/work/key/key/key.core/../key.ui/examples/heap/observer/ExampleSubject_ExampleSubject.key.proof 
63140      DEBUG main            d.u.i.k.p.i.AbstractProblemLoader Environment load took 517ns 
63141      INFO  main            d.u.i.k.p.i.AbstractProblemLoader Creating init config 
65716      DEBUG main            d.u.i.k.p.i.AbstractProblemLoader Init config took 2.57s 
65762      INFO  main            d.u.i.k.p.i.AbstractProblemLoader Replaying proof ExampleSubject[ExampleSubject::ExampleSubject()].JML normal_behavior operation contract.0 
65890      DEBUG main            d.u.i.k.p.i.IntermediateProofReplayer Proof replay took 121.1ms 
65892      DEBUG main            d.u.i.k.p.r.p.TestFile    ... success: reloaded. 
65893      INFO  main            d.u.i.k.p.r.p.TestFile    Now processing file /home/runner/work/key/key/key.core/../key.ui/examples/heap/observer/ExampleSubject_footprint.key 
65893      INFO  main            d.u.i.k.p.i.AbstractProblemLoader Loading environment from /home/runner/work/key/key/key.core/../key.ui/examples/heap/observer/ExampleSubject_footprint.key 
65893      DEBUG main            d.u.i.k.p.i.AbstractProblemLoader Environment load took 244.4ns 
65894      INFO  main            d.u.i.k.p.i.AbstractProblemLoader Creating init config 
68469      DEBUG main            d.u.i.k.p.i.AbstractProblemLoader Init config took 2.57s 
68519      INFO  main            d.u.i.k.p.i.AbstractProblemLoader Replaying proof ExampleSubject[Subject::$footprint()].JML accessible clause.0 
68521      DEBUG main            d.u.i.k.p.i.IntermediateProofReplayer Proof replay took 7.3ns 
68626      INFO  main            d.u.i.k.p.r.p.TestFile    ... finished proof: closed. 
68813      INFO  main            d.u.i.k.p.i.AbstractProblemLoader Loading environment from /home/runner/work/key/key/key.core/../key.ui/examples/heap/observer/ExampleSubject_footprint.key.proof 
68814      DEBUG main            d.u.i.k.p.i.AbstractProblemLoader Environment load took 622.6ns 
68815      INFO  main            d.u.i.k.p.i.AbstractProblemLoader Creating init config 
71356      DEBUG main            d.u.i.k.p.i.AbstractProblemLoader Init config took 2.54s 
71399      INFO  main            d.u.i.k.p.i.AbstractProblemLoader Replaying proof ExampleSubject[Subject::$footprint()].JML accessible clause.0 
71411      DEBUG main            d.u.i.k.p.i.IntermediateProofReplayer Proof replay took 9.9ms 
71413      DEBUG main            d.u.i.k.p.r.p.TestFile    ... success: reloaded. 
71414      INFO  main            d.u.i.k.p.r.p.TestFile    Now processing file /home/runner/work/key/key/key.core/../key.ui/examples/heap/observer/ExampleSubject_inv.key 
71414      INFO  main            d.u.i.k.p.i.AbstractProblemLoader Loading environment from /home/runner/work/key/key/key.core/../key.ui/examples/heap/observer/ExampleSubject_inv.key 
71415      DEBUG main            d.u.i.k.p.i.AbstractProblemLoader Environment load took 267.8ns 
71415      INFO  main            d.u.i.k.p.i.AbstractProblemLoader Creating init config 
73992      DEBUG main            d.u.i.k.p.i.AbstractProblemLoader Init config took 2.58s 
74057      INFO  main            d.u.i.k.p.i.AbstractProblemLoader Replaying proof ExampleSubject[java.lang.Object::<inv>()].JML accessible clause.0 
74058      DEBUG main            d.u.i.k.p.i.IntermediateProofReplayer Proof replay took 6.6ns 
75194      INFO  main            d.u.i.k.p.r.p.TestFile    ... finished proof: closed. 
75393      INFO  main            d.u.i.k.p.i.AbstractProblemLoader Loading environment from /home/runner/work/key/key/key.core/../key.ui/examples/heap/observer/ExampleSubject_inv.key.proof 
75393      DEBUG main            d.u.i.k.p.i.AbstractProblemLoader Environment load took 555.4ns 
75395      INFO  main            d.u.i.k.p.i.AbstractProblemLoader Creating init config 
77980      DEBUG main            d.u.i.k.p.i.AbstractProblemLoader Init config took 2.59s 
78023      INFO  main            d.u.i.k.p.i.AbstractProblemLoader Replaying proof ExampleSubject[java.lang.Object::<inv>()].JML accessible clause.0 
78093      DEBUG main            d.u.i.k.p.i.IntermediateProofReplayer Proof replay took 64.3ms 
78095      DEBUG main            d.u.i.k.p.r.p.TestFile    ... success: reloaded. 
78096      INFO  main            d.u.i.k.p.r.p.TestFile    Now processing file /home/runner/work/key/key/key.core/../key.ui/examples/heap/observer/ExampleSubject_notifyObservers.key 
78097      INFO  main            d.u.i.k.p.i.AbstractProblemLoader Loading environment from /home/runner/work/key/key/key.core/../key.ui/examples/heap/observer/ExampleSubject_notifyObservers.key 
78097      DEBUG main            d.u.i.k.p.i.AbstractProblemLoader Environment load took 248.8ns 
78098      INFO  main            d.u.i.k.p.i.AbstractProblemLoader Creating init config 
80671      DEBUG main            d.u.i.k.p.i.AbstractProblemLoader Init config took 2.57s 
80717      INFO  main            d.u.i.k.p.i.AbstractProblemLoader Replaying proof Subject[Subject::notifyObservers()].JML normal_behavior operation contract.0 
80719      DEBUG main            d.u.i.k.p.i.IntermediateProofReplayer Proof replay took 6.9ns 
80823      INFO  main            d.u.i.k.p.r.p.TestFile    ... finished proof: closed. 
81022      INFO  main            d.u.i.k.p.i.AbstractProblemLoader Loading environment from /home/runner/work/key/key/key.core/../key.ui/examples/heap/observer/ExampleSubject_notifyObservers.key.proof 
81022      DEBUG main            d.u.i.k.p.i.AbstractProblemLoader Environment load took 136ns 
81023      INFO  main            d.u.i.k.p.i.AbstractProblemLoader Creating init config 
83528      DEBUG main            d.u.i.k.p.i.AbstractProblemLoader Init config took 2.51s 
83570      INFO  main            d.u.i.k.p.i.AbstractProblemLoader Replaying proof Subject[Subject::notifyObservers()].JML normal_behavior operation contract.0 
83574      DEBUG main            d.u.i.k.p.i.IntermediateProofReplayer Proof replay took 2.09ms 
83575      DEBUG main            d.u.i.k.p.r.p.TestFile    ... success: reloaded. 
83576      INFO  main            d.u.i.k.p.r.p.TestFile    Now processing file /home/runner/work/key/key/key.core/../key.ui/examples/heap/observer/ExampleSubject_value_dep.key 
83576      INFO  main            d.u.i.k.p.i.AbstractProblemLoader Loading environment from /home/runner/work/key/key/key.core/../key.ui/examples/heap/observer/ExampleSubject_value_dep.key 
83576      DEBUG main            d.u.i.k.p.i.AbstractProblemLoader Environment load took 123.1ns 
83577      INFO  main            d.u.i.k.p.i.AbstractProblemLoader Creating init config 
86168      DEBUG main            d.u.i.k.p.i.AbstractProblemLoader Init config took 2.59s 
86208      INFO  main            d.u.i.k.p.i.AbstractProblemLoader Replaying proof ExampleSubject[ExampleSubject::value()].JML accessible clause.0 
86210      DEBUG main            d.u.i.k.p.i.IntermediateProofReplayer Proof replay took 5.9ns 
86312      INFO  main            d.u.i.k.p.r.p.TestFile    ... finished proof: closed. 
86543      INFO  main            d.u.i.k.p.i.AbstractProblemLoader Loading environment from /home/runner/work/key/key/key.core/../key.ui/examples/heap/observer/ExampleSubject_value_dep.key.proof 
86543      DEBUG main            d.u.i.k.p.i.AbstractProblemLoader Environment load took 130.5ns 
86544      INFO  main            d.u.i.k.p.i.AbstractProblemLoader Creating init config 
89049      DEBUG main            d.u.i.k.p.i.AbstractProblemLoader Init config took 2.51s 
89100      INFO  main            d.u.i.k.p.i.AbstractProblemLoader Replaying proof ExampleSubject[ExampleSubject::value()].JML accessible clause.0 
89117      DEBUG main            d.u.i.k.p.i.IntermediateProofReplayer Proof replay took 13.47ms 
89118      DEBUG main            d.u.i.k.p.r.p.TestFile    ... success: reloaded. 
89122      INFO  main            d.u.i.k.p.r.p.TestFile    Now processing file /home/runner/work/key/key/key.core/../key.ui/examples/heap/observer/ExampleSubject_value.key 
89123      INFO  main            d.u.i.k.p.i.AbstractProblemLoader Loading environment from /home/runner/work/key/key/key.core/../key.ui/examples/heap/observer/ExampleSubject_value.key 
89123      DEBUG main            d.u.i.k.p.i.AbstractProblemLoader Environment load took 256.5ns 
89124      INFO  main            d.u.i.k.p.i.AbstractProblemLoader Creating init config 
91692      DEBUG main            d.u.i.k.p.i.AbstractProblemLoader Init config took 2.57s 
91733      INFO  main            d.u.i.k.p.i.AbstractProblemLoader Replaying proof ExampleSubject[ExampleSubject::value()].JML normal_behavior operation contract.0 
91734      DEBUG main            d.u.i.k.p.i.IntermediateProofReplayer Proof replay took 6.9ns 
91839      INFO  main            d.u.i.k.p.r.p.TestFile    ... finished proof: closed. 
92075      INFO  main            d.u.i.k.p.i.AbstractProblemLoader Loading environment from /home/runner/work/key/key/key.core/../key.ui/examples/heap/observer/ExampleSubject_value.key.proof 
92075      DEBUG main            d.u.i.k.p.i.AbstractProblemLoader Environment load took 122.2ns 
92076      INFO  main            d.u.i.k.p.i.AbstractProblemLoader Creating init config 
94588      DEBUG main            d.u.i.k.p.i.AbstractProblemLoader Init config took 2.51s 
94643      INFO  main            d.u.i.k.p.i.AbstractProblemLoader Replaying proof ExampleSubject[ExampleSubject::value()].JML normal_behavior operation contract.0 
94655      DEBUG main            d.u.i.k.p.i.IntermediateProofReplayer Proof replay took 9.54ms 
94656      DEBUG main            d.u.i.k.p.r.p.TestFile    ... success: reloaded. 
1444303    INFO  Test worker     d.u.i.k.p.r.RunAllProofsTestUnit Returning from test observer 
1444305    INFO  Test worker     d.u.i.k.p.r.RunAllProofsTestUnit Running test removeDups 
321        INFO  Timeout watchdog d.u.i.k.p.r.p.ForkedTestFileRunner Timeout watcher launched (2000 secs.) 
342        WARN  main            d.u.i.k.s.ProofSettings   The settings in /home/runner/.key/proof-settings.props are *not* read. 
389        INFO  main            d.u.i.k.p.r.p.TestFile    Now processing file /home/runner/work/key/key/key.core/../key.ui/examples/heap/removeDups/arrayPart.key 
514        INFO  main            d.u.i.k.p.i.AbstractProblemLoader Loading environment from /home/runner/work/key/key/key.core/../key.ui/examples/heap/removeDups/arrayPart.key 
531        DEBUG main            d.u.i.k.p.i.AbstractProblemLoader Environment load took 2ms 
757        INFO  main            d.u.i.k.p.i.AbstractProblemLoader Creating init config 
1768       DEBUG main            d.u.i.k.j.TypeConverter   No LDT found for Meta 
1768       DEBUG main            d.u.i.k.j.TypeConverter   No LDT found for Meta 
1772       DEBUG main            d.u.i.k.j.TypeConverter   No LDT found for Meta 
1772       DEBUG main            d.u.i.k.j.TypeConverter   No LDT found for Meta 
3255       DEBUG main            d.u.i.k.j.TypeConverter   No LDT found for JavaBigintExpression 
8447       DEBUG main            d.u.i.k.p.i.AbstractProblemLoader Init config took 7.69s 
8576       INFO  main            d.u.i.k.p.i.AbstractProblemLoader Replaying proof RemoveDup[RemoveDup::arrayPart([I,int)].JML normal_behavior operation contract.0 
8609       DEBUG main            d.u.i.k.p.i.IntermediateProofReplayer Proof replay took 31.4ns 
11078      INFO  main            d.u.i.k.p.r.p.TestFile    ... finished proof: closed. 
11230      INFO  main            d.u.i.k.p.i.AbstractProblemLoader Loading environment from /home/runner/work/key/key/key.core/../key.ui/examples/heap/removeDups/arrayPart.key.proof 
11232      DEBUG main            d.u.i.k.p.i.AbstractProblemLoader Environment load took 2.53ms 
11234      INFO  main            d.u.i.k.p.i.AbstractProblemLoader Creating init config 
14081      DEBUG main            d.u.i.k.p.i.AbstractProblemLoader Init config took 2.85s 
14145      INFO  main            d.u.i.k.p.i.AbstractProblemLoader Replaying proof RemoveDup[RemoveDup::arrayPart([I,int)].JML normal_behavior operation contract.0 
14428      DEBUG main            d.u.i.k.p.i.IntermediateProofReplayer Proof replay took 271.03ms 
14437      DEBUG main            d.u.i.k.p.r.p.TestFile    ... success: reloaded. 
14439      INFO  main            d.u.i.k.p.r.p.TestFile    Now processing file /home/runner/work/key/key/key.core/../key.ui/examples/heap/removeDups/contains.key 
14439      INFO  main            d.u.i.k.p.i.AbstractProblemLoader Loading environment from /home/runner/work/key/key/key.core/../key.ui/examples/heap/removeDups/contains.key 
14439      DEBUG main            d.u.i.k.p.i.AbstractProblemLoader Environment load took 93.1ns 
14441      INFO  main            d.u.i.k.p.i.AbstractProblemLoader Creating init config 
17350      DEBUG main            d.u.i.k.p.i.AbstractProblemLoader Init config took 2.91s 
17406      INFO  main            d.u.i.k.p.i.AbstractProblemLoader Replaying proof RemoveDup[RemoveDup::contains([I,int,int)].JML normal_behavior operation contract.0 
17408      DEBUG main            d.u.i.k.p.i.IntermediateProofReplayer Proof replay took 5ns 
18013      INFO  main            d.u.i.k.p.r.p.TestFile    ... finished proof: closed. 
18170      INFO  main            d.u.i.k.p.i.AbstractProblemLoader Loading environment from /home/runner/work/key/key/key.core/../key.ui/examples/heap/removeDups/contains.key.proof 
18170      DEBUG main            d.u.i.k.p.i.AbstractProblemLoader Environment load took 130.5ns 
18171      INFO  main            d.u.i.k.p.i.AbstractProblemLoader Creating init config 
20868      DEBUG main            d.u.i.k.p.i.AbstractProblemLoader Init config took 2.7s 
20919      INFO  main            d.u.i.k.p.i.AbstractProblemLoader Replaying proof RemoveDup[RemoveDup::contains([I,int,int)].JML normal_behavior operation contract.0 
21014      DEBUG main            d.u.i.k.p.i.IntermediateProofReplayer Proof replay took 77.41ms 
21015      DEBUG main            d.u.i.k.p.r.p.TestFile    ... success: reloaded. 
21016      INFO  main            d.u.i.k.p.r.p.TestFile    Now processing file /home/runner/work/key/key/key.core/../key.ui/examples/heap/removeDups/removeDup.key 
21017      INFO  main            d.u.i.k.p.i.AbstractProblemLoader Loading environment from /home/runner/work/key/key/key.core/../key.ui/examples/heap/removeDups/removeDup.key 
21017      DEBUG main            d.u.i.k.p.i.AbstractProblemLoader Environment load took 237.8ns 
21018      INFO  main            d.u.i.k.p.i.AbstractProblemLoader Creating init config 
23707      DEBUG main            d.u.i.k.p.i.AbstractProblemLoader Init config took 2.69s 
23754      INFO  main            d.u.i.k.p.i.AbstractProblemLoader Replaying proof RemoveDup[RemoveDup::removeDup([I)].JML normal_behavior operation contract.0 
23756      DEBUG main            d.u.i.k.p.i.IntermediateProofReplayer Proof replay took 6.3ns 
43534      INFO  main            d.u.i.k.p.r.p.TestFile    ... finished proof: closed. 
43794      INFO  main            d.u.i.k.p.i.AbstractProblemLoader Loading environment from /home/runner/work/key/key/key.core/../key.ui/examples/heap/removeDups/removeDup.key.proof 
43795      DEBUG main            d.u.i.k.p.i.AbstractProblemLoader Environment load took 514.1ns 
43807      INFO  main            d.u.i.k.p.i.AbstractProblemLoader Creating init config 
46456      DEBUG main            d.u.i.k.p.i.AbstractProblemLoader Init config took 2.65s 
46520      INFO  main            d.u.i.k.p.i.AbstractProblemLoader Replaying proof RemoveDup[RemoveDup::removeDup([I)].JML normal_behavior operation contract.0 
47755      DEBUG main            d.u.i.k.p.i.IntermediateProofReplayer Proof replay took 1.18s 
47759      DEBUG main            d.u.i.k.p.r.p.TestFile    ... success: reloaded. 
47760      INFO  main            d.u.i.k.p.r.p.TestFile    Now processing file /home/runner/work/key/key/key.core/../key.ui/examples/heap/saddleback_search/Saddleback_search.key 
47761      INFO  main            d.u.i.k.p.i.AbstractProblemLoader Loading environment from /home/runner/work/key/key/key.core/../key.ui/examples/heap/saddleback_search/Saddleback_search.key 
47762      DEBUG main            d.u.i.k.p.i.AbstractProblemLoader Environment load took 1.91ms 
47764      INFO  main            d.u.i.k.p.i.AbstractProblemLoader Creating init config 
50469      DEBUG main            d.u.i.k.p.i.AbstractProblemLoader Init config took 2.71s 
50507      INFO  main            d.u.i.k.p.i.AbstractProblemLoader Replaying proof Saddleback[Saddleback::search([[I,int)].JML normal_behavior operation contract.0 
50516      DEBUG main            d.u.i.k.p.i.IntermediateProofReplayer Proof replay took 5.9ns 
124925     INFO  main            d.u.i.k.p.r.p.TestFile    ... finished proof: closed. 
125275     INFO  main            d.u.i.k.p.i.AbstractProblemLoader Loading environment from /home/runner/work/key/key/key.core/../key.ui/examples/heap/saddleback_search/Saddleback_search.key.proof 
125276     DEBUG main            d.u.i.k.p.i.AbstractProblemLoader Environment load took 218.1ns 
125287     INFO  main            d.u.i.k.p.i.AbstractProblemLoader Creating init config 
127847     DEBUG main            d.u.i.k.p.i.AbstractProblemLoader Init config took 2.56s 
127893     INFO  main            d.u.i.k.p.i.AbstractProblemLoader Replaying proof Saddleback[Saddleback::search([[I,int)].JML normal_behavior operation contract.0 
129438     DEBUG main            d.u.i.k.p.i.IntermediateProofReplayer Proof replay took 1.39s 
129449     DEBUG main            d.u.i.k.p.r.p.TestFile    ... success: reloaded. 
1573934    INFO  Test worker     d.u.i.k.p.r.RunAllProofsTestUnit Returning from test removeDups 
1573935    INFO  Test worker     d.u.i.k.p.r.RunAllProofsTestUnit Running test quicksort 
347        INFO  Timeout watchdog d.u.i.k.p.r.p.ForkedTestFileRunner Timeout watcher launched (2000 secs.) 
358        WARN  main            d.u.i.k.s.ProofSettings   The settings in /home/runner/.key/proof-settings.props are *not* read. 
386        INFO  main            d.u.i.k.p.r.p.TestFile    Now processing file /home/runner/work/key/key/key.core/../key.ui/examples/heap/quicksort/toplevel.key 
488        INFO  main            d.u.i.k.p.i.AbstractProblemLoader Loading environment from /home/runner/work/key/key/key.core/../key.ui/examples/heap/quicksort/toplevel.key 
527        DEBUG main            d.u.i.k.p.i.AbstractProblemLoader Environment load took 1.87ms 
776        INFO  main            d.u.i.k.p.i.AbstractProblemLoader Creating init config 
1754       DEBUG main            d.u.i.k.j.TypeConverter   No LDT found for Meta 
1755       DEBUG main            d.u.i.k.j.TypeConverter   No LDT found for Meta 
1755       DEBUG main            d.u.i.k.j.TypeConverter   No LDT found for Meta 
1756       DEBUG main            d.u.i.k.j.TypeConverter   No LDT found for Meta 
3046       DEBUG main            d.u.i.k.j.TypeConverter   No LDT found for JavaBigintExpression 
8607       DEBUG main            d.u.i.k.p.i.AbstractProblemLoader Init config took 7.83s 
8724       INFO  main            d.u.i.k.p.i.AbstractProblemLoader Replaying proof Quicksort[Quicksort::sort([I)].JML normal_behavior operation contract.0 
8755       DEBUG main            d.u.i.k.p.i.IntermediateProofReplayer Proof replay took 31.7ns 
9921       INFO  main            d.u.i.k.p.r.p.TestFile    ... finished proof: closed. 
10051      INFO  main            d.u.i.k.p.i.AbstractProblemLoader Loading environment from /home/runner/work/key/key/key.core/../key.ui/examples/heap/quicksort/toplevel.key.proof 
10052      DEBUG main            d.u.i.k.p.i.AbstractProblemLoader Environment load took 1.55ms 
10054      INFO  main            d.u.i.k.p.i.AbstractProblemLoader Creating init config 
13044      DEBUG main            d.u.i.k.p.i.AbstractProblemLoader Init config took 2.99s 
13108      INFO  main            d.u.i.k.p.i.AbstractProblemLoader Replaying proof Quicksort[Quicksort::sort([I)].JML normal_behavior operation contract.0 
13246      DEBUG main            d.u.i.k.p.i.IntermediateProofReplayer Proof replay took 129.86ms 
13253      DEBUG main            d.u.i.k.p.r.p.TestFile    ... success: reloaded. 
13255      INFO  main            d.u.i.k.p.r.p.TestFile    Now processing file /home/runner/work/key/key/key.core/../key.ui/examples/heap/quicksort/sort.key 
13255      INFO  main            d.u.i.k.p.i.AbstractProblemLoader Loading environment from /home/runner/work/key/key/key.core/../key.ui/examples/heap/quicksort/sort.key 
13256      DEBUG main            d.u.i.k.p.i.AbstractProblemLoader Environment load took 244.7ns 
13258      INFO  main            d.u.i.k.p.i.AbstractProblemLoader Creating init config 
16262      DEBUG main            d.u.i.k.p.i.AbstractProblemLoader Init config took 3s 
16343      INFO  main            d.u.i.k.p.i.AbstractProblemLoader Replaying proof Quicksort[Quicksort::sort([I,int,int)].JML normal_behavior operation contract.0 
16350      DEBUG main            d.u.i.k.p.i.IntermediateProofReplayer Proof replay took 6.9ns 
16380      DEBUG main            d.u.i.k.m.s.ProofScriptEngine 1: 'script 'sort.script'' 
16387      INFO  main            d.u.i.k.m.s.ProofScriptCommand Included script /home/runner/work/key/key/key.core/../key.ui/examples/heap/quicksort/sort.script 
16387      DEBUG main            d.u.i.k.m.s.ProofScriptEngine 1: 'macro autopilot-prep' 
17511      DEBUG main            d.u.i.k.m.s.ProofScriptEngine 2: 'select formula="{heapAtPre:=heap || exc:=null || heap:=heapAfter_sort_0}
   seq ...' 
17515      DEBUG main            d.u.i.k.m.s.ProofScriptEngine 3: 'macro simp-upd' 
17525      DEBUG main            d.u.i.k.m.s.ProofScriptEngine 4: 'let   @seqPre="seqDef{int u;}(0, array.length, array[u])"
    @seqSplit="seqDef ...' 
17528      DEBUG main            d.u.i.k.m.s.ProofScriptEngine 5: 'rule seqPermSym 
  formula="seqPerm(@seqSplit, @seqPre)"' 
17546      DEBUG main            d.u.i.k.m.s.ProofScriptEngine 6: 'rule seqPermSym
  formula="seqPerm(@seqSort, @seqSplit)"' 
17548      DEBUG main            d.u.i.k.m.s.ProofScriptEngine 7: 'rule seqPermSym
  formula="seqPerm(@seqSort0, @seqSort)"' 
17550      DEBUG main            d.u.i.k.m.s.ProofScriptEngine 8: 'rule seqPermTrans
  formula="seqPerm(@seqPre, @seqSplit)"' 
17552      DEBUG main            d.u.i.k.m.s.ProofScriptEngine 9: 'rule seqPermTrans
  formula="seqPerm(@seqPre, @seqSort)"' 
17553      DEBUG main            d.u.i.k.m.s.ProofScriptEngine 10: 'rule seqPermSym
  formula="seqPerm(@seqPre, @seqSort0)"' 
17555      DEBUG main            d.u.i.k.m.s.ProofScriptEngine 11: 'tryclose' 
42884      INFO  main            d.u.i.k.p.r.p.TestFile    ... finished proof: closed. 
43170      INFO  main            d.u.i.k.p.i.AbstractProblemLoader Loading environment from /home/runner/work/key/key/key.core/../key.ui/examples/heap/quicksort/sort.key.proof 
43171      DEBUG main            d.u.i.k.p.i.AbstractProblemLoader Environment load took 529.5ns 
43182      INFO  main            d.u.i.k.p.i.AbstractProblemLoader Creating init config 
45973      DEBUG main            d.u.i.k.p.i.AbstractProblemLoader Init config took 2.79s 
46023      INFO  main            d.u.i.k.p.i.AbstractProblemLoader Replaying proof Quicksort[Quicksort::sort([I,int,int)].JML normal_behavior operation contract.0 
47606      DEBUG main            d.u.i.k.p.i.IntermediateProofReplayer Proof replay took 1.43s 
47658      DEBUG main            d.u.i.k.p.r.p.TestFile    ... success: reloaded. 
47670      INFO  main            d.u.i.k.p.r.p.TestFile    Now processing file /home/runner/work/key/key/key.core/../key.ui/examples/heap/quicksort/split.key 
47678      INFO  main            d.u.i.k.p.i.AbstractProblemLoader Loading environment from /home/runner/work/key/key/key.core/../key.ui/examples/heap/quicksort/split.key 
47678      DEBUG main            d.u.i.k.p.i.AbstractProblemLoader Environment load took 344.5ns 
47679      INFO  main            d.u.i.k.p.i.AbstractProblemLoader Creating init config 
50563      DEBUG main            d.u.i.k.p.i.AbstractProblemLoader Init config took 2.88s 
50608      INFO  main            d.u.i.k.p.i.AbstractProblemLoader Replaying proof Quicksort[Quicksort::split([I,int,int)].JML normal_behavior operation contract.0 
50612      DEBUG main            d.u.i.k.p.i.IntermediateProofReplayer Proof replay took 5.9ns 
50613      DEBUG main            d.u.i.k.m.s.ProofScriptEngine 1: 'macro autopilot-prep' 
51790      DEBUG main            d.u.i.k.m.s.ProofScriptEngine 2: 'tryclose' 
88856      DEBUG main            d.u.i.k.m.s.ProofScriptEngine 3: 'macro simp-upd' 
88957      DEBUG main            d.u.i.k.m.s.ProofScriptEngine 4: 'rule seqPermFromSwap' 
88970      DEBUG main            d.u.i.k.m.s.ProofScriptEngine 5: 'rule andRight' 
88974      DEBUG main            d.u.i.k.m.s.ProofScriptEngine 6: 'auto' 
89001      DEBUG main            d.u.i.k.m.s.ProofScriptEngine 7: 'instantiate hide var=iv with=i_0' 
89004      DEBUG main            d.u.i.k.m.s.ProofScriptEngine 8: 'instantiate hide var=jv with=j_0' 
89007      DEBUG main            d.u.i.k.m.s.ProofScriptEngine 9: 'auto' 
95188      DEBUG main            d.u.i.k.m.s.ProofScriptEngine 10: 'macro simp-upd' 
95308      DEBUG main            d.u.i.k.m.s.ProofScriptEngine 11: 'rule seqPermFromSwap' 
95310      DEBUG main            d.u.i.k.m.s.ProofScriptEngine 12: 'rule andRight' 
95313      DEBUG main            d.u.i.k.m.s.ProofScriptEngine 13: 'auto' 
95330      DEBUG main            d.u.i.k.m.s.ProofScriptEngine 14: 'instantiate hide var=iv with=i_0' 
95332      DEBUG main            d.u.i.k.m.s.ProofScriptEngine 15: 'instantiate hide var=jv with=to' 
95334      DEBUG main            d.u.i.k.m.s.ProofScriptEngine 16: 'auto' 
100229     INFO  main            d.u.i.k.p.r.p.TestFile    ... finished proof: closed. 
100625     INFO  main            d.u.i.k.p.i.AbstractProblemLoader Loading environment from /home/runner/work/key/key/key.core/../key.ui/examples/heap/quicksort/split.key.proof 
100626     DEBUG main            d.u.i.k.p.i.AbstractProblemLoader Environment load took 487.61ns 
100637     INFO  main            d.u.i.k.p.i.AbstractProblemLoader Creating init config 
103308     DEBUG main            d.u.i.k.p.i.AbstractProblemLoader Init config took 2.67s 
103357     INFO  main            d.u.i.k.p.i.AbstractProblemLoader Replaying proof Quicksort[Quicksort::split([I,int,int)].JML normal_behavior operation contract.0 
106248     DEBUG main            d.u.i.k.p.i.IntermediateProofReplayer Proof replay took 2.67s 
106258     DEBUG main            d.u.i.k.p.r.p.TestFile    ... success: reloaded. 
1680352    INFO  Test worker     d.u.i.k.p.r.RunAllProofsTestUnit Returning from test quicksort 
1680353    INFO  Test worker     d.u.i.k.p.r.RunAllProofsTestUnit Running test simpleTests 
387        INFO  Timeout watchdog d.u.i.k.p.r.p.ForkedTestFileRunner Timeout watcher launched (2000 secs.) 
404        WARN  main            d.u.i.k.s.ProofSettings   The settings in /home/runner/.key/proof-settings.props are *not* read. 
443        INFO  main            d.u.i.k.p.r.p.TestFile    Now processing file /home/runner/work/key/key/key.core/../key.ui/examples/heap/simple/anonymise_datagroup.key 
582        INFO  main            d.u.i.k.p.i.AbstractProblemLoader Loading environment from /home/runner/work/key/key/key.core/../key.ui/examples/heap/simple/anonymise_datagroup.key 
599        DEBUG main            d.u.i.k.p.i.AbstractProblemLoader Environment load took 2.27ms 
849        INFO  main            d.u.i.k.p.i.AbstractProblemLoader Creating init config 
1728       DEBUG main            d.u.i.k.j.TypeConverter   No LDT found for Meta 
1729       DEBUG main            d.u.i.k.j.TypeConverter   No LDT found for Meta 
1730       DEBUG main            d.u.i.k.j.TypeConverter   No LDT found for Meta 
1731       DEBUG main            d.u.i.k.j.TypeConverter   No LDT found for Meta 
3293       DEBUG main            d.u.i.k.j.TypeConverter   No LDT found for JavaBigintExpression 
8222       DEBUG main            d.u.i.k.p.i.AbstractProblemLoader Init config took 7.37s 
8280       INFO  main            d.u.i.k.p.i.AbstractProblemLoader Replaying proof anonymise_datagroup.key 
8313       DEBUG main            d.u.i.k.p.i.IntermediateProofReplayer Proof replay took 39.3ns 
8478       INFO  main            d.u.i.k.p.r.p.TestFile    ... finished proof: closed. 
8596       INFO  main            d.u.i.k.p.i.AbstractProblemLoader Loading environment from /home/runner/work/key/key/key.core/../key.ui/examples/heap/simple/anonymise_datagroup.key.proof 
8598       DEBUG main            d.u.i.k.p.i.AbstractProblemLoader Environment load took 2.02ms 
8604       INFO  main            d.u.i.k.p.i.AbstractProblemLoader Creating init config 
11417      DEBUG main            d.u.i.k.p.i.AbstractProblemLoader Init config took 2.81s 
11447      INFO  main            d.u.i.k.p.i.AbstractProblemLoader Replaying proof anonymise_datagroup.key.proof 
11462      DEBUG main            d.u.i.k.p.i.IntermediateProofReplayer Proof replay took 11ms 
11473      DEBUG main            d.u.i.k.p.r.p.TestFile    ... success: reloaded. 
11474      INFO  main            d.u.i.k.p.r.p.TestFile    Now processing file /home/runner/work/key/key/key.core/../key.ui/examples/heap/simple/array_creation.key 
11474      INFO  main            d.u.i.k.p.i.AbstractProblemLoader Loading environment from /home/runner/work/key/key/key.core/../key.ui/examples/heap/simple/array_creation.key 
11475      DEBUG main            d.u.i.k.p.i.AbstractProblemLoader Environment load took 251.8ns 
11477      INFO  main            d.u.i.k.p.i.AbstractProblemLoader Creating init config 
14033      DEBUG main            d.u.i.k.p.i.AbstractProblemLoader Init config took 2.56s 
14066      INFO  main            d.u.i.k.p.i.AbstractProblemLoader Replaying proof array_creation.key 
14070      DEBUG main            d.u.i.k.p.i.IntermediateProofReplayer Proof replay took 6.6ns 
14782      INFO  main            d.u.i.k.p.r.p.TestFile    ... finished proof: closed. 
14930      INFO  main            d.u.i.k.p.i.AbstractProblemLoader Loading environment from /home/runner/work/key/key/key.core/../key.ui/examples/heap/simple/array_creation.key.proof 
14930      DEBUG main            d.u.i.k.p.i.AbstractProblemLoader Environment load took 470.7ns 
14934      INFO  main            d.u.i.k.p.i.AbstractProblemLoader Creating init config 
17550      DEBUG main            d.u.i.k.p.i.AbstractProblemLoader Init config took 2.62s 
17585      INFO  main            d.u.i.k.p.i.AbstractProblemLoader Replaying proof array_creation.key.proof 
17715      DEBUG main            d.u.i.k.p.i.IntermediateProofReplayer Proof replay took 125.14ms 
17718      DEBUG main            d.u.i.k.p.r.p.TestFile    ... success: reloaded. 
17720      INFO  main            d.u.i.k.p.r.p.TestFile    Now processing file /home/runner/work/key/key/key.core/../key.ui/examples/heap/simple/arrays_with_disjoint_sorts.key 
17720      INFO  main            d.u.i.k.p.i.AbstractProblemLoader Loading environment from /home/runner/work/key/key/key.core/../key.ui/examples/heap/simple/arrays_with_disjoint_sorts.key 
17721      DEBUG main            d.u.i.k.p.i.AbstractProblemLoader Environment load took 127.2ns 
17724      INFO  main            d.u.i.k.p.i.AbstractProblemLoader Creating init config 
20310      DEBUG main            d.u.i.k.p.i.AbstractProblemLoader Init config took 2.59s 
20342      INFO  main            d.u.i.k.p.i.AbstractProblemLoader Replaying proof arrays_with_disjoint_sorts.key 
20346      DEBUG main            d.u.i.k.p.i.IntermediateProofReplayer Proof replay took 7.2ns 
20551      INFO  main            d.u.i.k.p.r.p.TestFile    ... finished proof: closed. 
20704      INFO  main            d.u.i.k.p.i.AbstractProblemLoader Loading environment from /home/runner/work/key/key/key.core/../key.ui/examples/heap/simple/arrays_with_disjoint_sorts.key.proof 
20706      DEBUG main            d.u.i.k.p.i.AbstractProblemLoader Environment load took 1.83ms 
20707      INFO  main            d.u.i.k.p.i.AbstractProblemLoader Creating init config 
23234      DEBUG main            d.u.i.k.p.i.AbstractProblemLoader Init config took 2.53s 
23257      INFO  main            d.u.i.k.p.i.AbstractProblemLoader Replaying proof arrays_with_disjoint_sorts.key.proof 
23277      DEBUG main            d.u.i.k.p.i.IntermediateProofReplayer Proof replay took 17.32ms 
23278      DEBUG main            d.u.i.k.p.r.p.TestFile    ... success: reloaded. 
23279      INFO  main            d.u.i.k.p.r.p.TestFile    Now processing file /home/runner/work/key/key/key.core/../key.ui/examples/heap/simple/arrays.key 
23280      INFO  main            d.u.i.k.p.i.AbstractProblemLoader Loading environment from /home/runner/work/key/key/key.core/../key.ui/examples/heap/simple/arrays.key 
23280      DEBUG main            d.u.i.k.p.i.AbstractProblemLoader Environment load took 214.9ns 
23281      INFO  main            d.u.i.k.p.i.AbstractProblemLoader Creating init config 
25793      DEBUG main            d.u.i.k.p.i.AbstractProblemLoader Init config took 2.51s 
25814      INFO  main            d.u.i.k.p.i.AbstractProblemLoader Replaying proof arrays.key 
25818      DEBUG main            d.u.i.k.p.i.IntermediateProofReplayer Proof replay took 6.4ns 
25921      INFO  main            d.u.i.k.p.r.p.TestFile    ... finished proof: closed. 
26074      INFO  main            d.u.i.k.p.i.AbstractProblemLoader Loading environment from /home/runner/work/key/key/key.core/../key.ui/examples/heap/simple/arrays.key.proof 
26075      DEBUG main            d.u.i.k.p.i.AbstractProblemLoader Environment load took 144.5ns 
26078      INFO  main            d.u.i.k.p.i.AbstractProblemLoader Creating init config 
28545      DEBUG main            d.u.i.k.p.i.AbstractProblemLoader Init config took 2.47s 
28573      INFO  main            d.u.i.k.p.i.AbstractProblemLoader Replaying proof arrays.key.proof 
28608      DEBUG main            d.u.i.k.p.i.IntermediateProofReplayer Proof replay took 26.86ms 
28609      DEBUG main            d.u.i.k.p.r.p.TestFile    ... success: reloaded. 
28611      INFO  main            d.u.i.k.p.r.p.TestFile    Now processing file /home/runner/work/key/key/key.core/../key.ui/examples/heap/simple/attributes.key 
28611      INFO  main            d.u.i.k.p.i.AbstractProblemLoader Loading environment from /home/runner/work/key/key/key.core/../key.ui/examples/heap/simple/attributes.key 
28611      DEBUG main            d.u.i.k.p.i.AbstractProblemLoader Environment load took 126.6ns 
28612      INFO  main            d.u.i.k.p.i.AbstractProblemLoader Creating init config 
31136      DEBUG main            d.u.i.k.p.i.AbstractProblemLoader Init config took 2.52s 
31157      INFO  main            d.u.i.k.p.i.AbstractProblemLoader Replaying proof attributes.key 
31159      DEBUG main            d.u.i.k.p.i.IntermediateProofReplayer Proof replay took 7.3ns 
31261      INFO  main            d.u.i.k.p.r.p.TestFile    ... finished proof: closed. 
31412      INFO  main            d.u.i.k.p.i.AbstractProblemLoader Loading environment from /home/runner/work/key/key/key.core/../key.ui/examples/heap/simple/attributes.key.proof 
31413      DEBUG main            d.u.i.k.p.i.AbstractProblemLoader Environment load took 129.4ns 
31414      INFO  main            d.u.i.k.p.i.AbstractProblemLoader Creating init config 
33889      DEBUG main            d.u.i.k.p.i.AbstractProblemLoader Init config took 2.48s 
33911      INFO  main            d.u.i.k.p.i.AbstractProblemLoader Replaying proof attributes.key.proof 
33914      DEBUG main            d.u.i.k.p.i.IntermediateProofReplayer Proof replay took 1.51ms 
33915      DEBUG main            d.u.i.k.p.r.p.TestFile    ... success: reloaded. 
33916      INFO  main            d.u.i.k.p.r.p.TestFile    Now processing file /home/runner/work/key/key/key.core/../key.ui/examples/heap/simple/constructor_contracts.key 
33916      INFO  main            d.u.i.k.p.i.AbstractProblemLoader Loading environment from /home/runner/work/key/key/key.core/../key.ui/examples/heap/simple/constructor_contracts.key 
33917      DEBUG main            d.u.i.k.p.i.AbstractProblemLoader Environment load took 225.1ns 
33919      INFO  main            d.u.i.k.p.i.AbstractProblemLoader Creating init config 
36815      DEBUG main            d.u.i.k.p.i.AbstractProblemLoader Init config took 2.9s 
36838      INFO  main            d.u.i.k.p.i.AbstractProblemLoader Replaying proof constructor_contracts.key 
36840      DEBUG main            d.u.i.k.p.i.IntermediateProofReplayer Proof replay took 5.8ns 
37347      INFO  main            d.u.i.k.p.r.p.TestFile    ... finished proof: closed. 
37513      INFO  main            d.u.i.k.p.i.AbstractProblemLoader Loading environment from /home/runner/work/key/key/key.core/../key.ui/examples/heap/simple/constructor_contracts.key.proof 
37514      DEBUG main            d.u.i.k.p.i.AbstractProblemLoader Environment load took 1.01ms 
37516      INFO  main            d.u.i.k.p.i.AbstractProblemLoader Creating init config 
40245      DEBUG main            d.u.i.k.p.i.AbstractProblemLoader Init config took 2.73s 
40269      INFO  main            d.u.i.k.p.i.AbstractProblemLoader Replaying proof constructor_contracts.key.proof 
40361      DEBUG main            d.u.i.k.p.i.IntermediateProofReplayer Proof replay took 87.06ms 
40363      DEBUG main            d.u.i.k.p.r.p.TestFile    ... success: reloaded. 
40365      INFO  main            d.u.i.k.p.r.p.TestFile    Now processing file /home/runner/work/key/key/key.core/../key.ui/examples/heap/simple/dependencies.key 
40366      INFO  main            d.u.i.k.p.i.AbstractProblemLoader Loading environment from /home/runner/work/key/key/key.core/../key.ui/examples/heap/simple/dependencies.key 
40366      DEBUG main            d.u.i.k.p.i.AbstractProblemLoader Environment load took 212.3ns 
40367      INFO  main            d.u.i.k.p.i.AbstractProblemLoader Creating init config 
42849      DEBUG main            d.u.i.k.p.i.AbstractProblemLoader Init config took 2.48s 
42868      INFO  main            d.u.i.k.p.i.AbstractProblemLoader Replaying proof dependencies.key 
42870      DEBUG main            d.u.i.k.p.i.IntermediateProofReplayer Proof replay took 7.3ns 
42972      INFO  main            d.u.i.k.p.r.p.TestFile    ... finished proof: closed. 
43154      INFO  main            d.u.i.k.p.i.AbstractProblemLoader Loading environment from /home/runner/work/key/key/key.core/../key.ui/examples/heap/simple/dependencies.key.proof 
43154      DEBUG main            d.u.i.k.p.i.AbstractProblemLoader Environment load took 127.1ns 
43156      INFO  main            d.u.i.k.p.i.AbstractProblemLoader Creating init config 
45576      DEBUG main            d.u.i.k.p.i.AbstractProblemLoader Init config took 2.42s 
45595      INFO  main            d.u.i.k.p.i.AbstractProblemLoader Replaying proof dependencies.key.proof 
45603      DEBUG main            d.u.i.k.p.i.IntermediateProofReplayer Proof replay took 5.79ms 
45604      DEBUG main            d.u.i.k.p.r.p.TestFile    ... success: reloaded. 
45605      INFO  main            d.u.i.k.p.r.p.TestFile    Now processing file /home/runner/work/key/key/key.core/../key.ui/examples/heap/simple/dependency_contracts.key 
45605      INFO  main            d.u.i.k.p.i.AbstractProblemLoader Loading environment from /home/runner/work/key/key/key.core/../key.ui/examples/heap/simple/dependency_contracts.key 
45605      DEBUG main            d.u.i.k.p.i.AbstractProblemLoader Environment load took 222.4ns 
45607      INFO  main            d.u.i.k.p.i.AbstractProblemLoader Creating init config 
48293      DEBUG main            d.u.i.k.p.i.AbstractProblemLoader Init config took 2.69s 
48331      INFO  main            d.u.i.k.p.i.AbstractProblemLoader Replaying proof dependency_contracts.key 
48333      DEBUG main            d.u.i.k.p.i.IntermediateProofReplayer Proof replay took 6.9ns 
49442      INFO  main            d.u.i.k.p.r.p.TestFile    ... finished proof: closed. 
49656      INFO  main            d.u.i.k.p.i.AbstractProblemLoader Loading environment from /home/runner/work/key/key/key.core/../key.ui/examples/heap/simple/dependency_contracts.key.proof 
49656      DEBUG main            d.u.i.k.p.i.AbstractProblemLoader Environment load took 560.4ns 
49659      INFO  main            d.u.i.k.p.i.AbstractProblemLoader Creating init config 
52364      DEBUG main            d.u.i.k.p.i.AbstractProblemLoader Init config took 2.7s 
52391      INFO  main            d.u.i.k.p.i.AbstractProblemLoader Replaying proof dependency_contracts.key.proof 
52588      DEBUG main            d.u.i.k.p.i.IntermediateProofReplayer Proof replay took 187.28ms 
52591      DEBUG main            d.u.i.k.p.r.p.TestFile    ... success: reloaded. 
52592      INFO  main            d.u.i.k.p.r.p.TestFile    Now processing file /home/runner/work/key/key/key.core/../key.ui/examples/heap/simple/invariant_preservation.key 
52595      INFO  main            d.u.i.k.p.i.AbstractProblemLoader Loading environment from /home/runner/work/key/key/key.core/../key.ui/examples/heap/simple/invariant_preservation.key 
52595      DEBUG main            d.u.i.k.p.i.AbstractProblemLoader Environment load took 242ns 
52597      INFO  main            d.u.i.k.p.i.AbstractProblemLoader Creating init config 
55305      DEBUG main            d.u.i.k.p.i.AbstractProblemLoader Init config took 2.71s 
55325      INFO  main            d.u.i.k.p.i.AbstractProblemLoader Replaying proof invariant_preservation.key 
55327      DEBUG main            d.u.i.k.p.i.IntermediateProofReplayer Proof replay took 6.4ns 
55435      INFO  main            d.u.i.k.p.r.p.TestFile    ... finished proof: closed. 
55641      INFO  main            d.u.i.k.p.i.AbstractProblemLoader Loading environment from /home/runner/work/key/key/key.core/../key.ui/examples/heap/simple/invariant_preservation.key.proof 
55641      DEBUG main            d.u.i.k.p.i.AbstractProblemLoader Environment load took 126.4ns 
55644      INFO  main            d.u.i.k.p.i.AbstractProblemLoader Creating init config 
58291      DEBUG main            d.u.i.k.p.i.AbstractProblemLoader Init config took 2.65s 
58309      INFO  main            d.u.i.k.p.i.AbstractProblemLoader Replaying proof invariant_preservation.key.proof 
58332      DEBUG main            d.u.i.k.p.i.IntermediateProofReplayer Proof replay took 21.5ms 
58334      DEBUG main            d.u.i.k.p.r.p.TestFile    ... success: reloaded. 
58336      INFO  main            d.u.i.k.p.r.p.TestFile    Now processing file /home/runner/work/key/key/key.core/../key.ui/examples/heap/simple/locsets.key 
58336      INFO  main            d.u.i.k.p.i.AbstractProblemLoader Loading environment from /home/runner/work/key/key/key.core/../key.ui/examples/heap/simple/locsets.key 
58336      DEBUG main            d.u.i.k.p.i.AbstractProblemLoader Environment load took 226.9ns 
58337      INFO  main            d.u.i.k.p.i.AbstractProblemLoader Creating init config 
60828      DEBUG main            d.u.i.k.p.i.AbstractProblemLoader Init config took 2.49s 
60843      INFO  main            d.u.i.k.p.i.AbstractProblemLoader Replaying proof locsets.key 
60844      DEBUG main            d.u.i.k.p.i.IntermediateProofReplayer Proof replay took 7.5ns 
60946      INFO  main            d.u.i.k.p.r.p.TestFile    ... finished proof: closed. 
61126      INFO  main            d.u.i.k.p.i.AbstractProblemLoader Loading environment from /home/runner/work/key/key/key.core/../key.ui/examples/heap/simple/locsets.key.proof 
61126      DEBUG main            d.u.i.k.p.i.AbstractProblemLoader Environment load took 130.4ns 
61127      INFO  main            d.u.i.k.p.i.AbstractProblemLoader Creating init config 
63519      DEBUG main            d.u.i.k.p.i.AbstractProblemLoader Init config took 2.39s 
63535      INFO  main            d.u.i.k.p.i.AbstractProblemLoader Replaying proof locsets.key.proof 
63537      DEBUG main            d.u.i.k.p.i.IntermediateProofReplayer Proof replay took 1.14ms 
63538      DEBUG main            d.u.i.k.p.r.p.TestFile    ... success: reloaded. 
63539      INFO  main            d.u.i.k.p.r.p.TestFile    Now processing file /home/runner/work/key/key/key.core/../key.ui/examples/heap/simple/loop1.key 
63539      INFO  main            d.u.i.k.p.i.AbstractProblemLoader Loading environment from /home/runner/work/key/key/key.core/../key.ui/examples/heap/simple/loop1.key 
63539      DEBUG main            d.u.i.k.p.i.AbstractProblemLoader Environment load took 96.9ns 
63540      INFO  main            d.u.i.k.p.i.AbstractProblemLoader Creating init config 
66252      DEBUG main            d.u.i.k.p.i.AbstractProblemLoader Init config took 2.71s 
66268      INFO  main            d.u.i.k.p.i.AbstractProblemLoader Replaying proof loop1.key 
66269      DEBUG main            d.u.i.k.p.i.IntermediateProofReplayer Proof replay took 7.2ns 
66475      INFO  main            d.u.i.k.p.r.p.TestFile    ... finished proof: closed. 
66670      INFO  main            d.u.i.k.p.i.AbstractProblemLoader Loading environment from /home/runner/work/key/key/key.core/../key.ui/examples/heap/simple/loop1.key.proof 
66670      DEBUG main            d.u.i.k.p.i.AbstractProblemLoader Environment load took 169.3ns 
66671      INFO  main            d.u.i.k.p.i.AbstractProblemLoader Creating init config 
69330      DEBUG main            d.u.i.k.p.i.AbstractProblemLoader Init config took 2.66s 
69346      INFO  main            d.u.i.k.p.i.AbstractProblemLoader Replaying proof loop1.key.proof 
69395      DEBUG main            d.u.i.k.p.i.IntermediateProofReplayer Proof replay took 47.59ms 
69397      DEBUG main            d.u.i.k.p.r.p.TestFile    ... success: reloaded. 
69397      INFO  main            d.u.i.k.p.r.p.TestFile    Now processing file /home/runner/work/key/key/key.core/../key.ui/examples/heap/simple/loop2.key 
69398      INFO  main            d.u.i.k.p.i.AbstractProblemLoader Loading environment from /home/runner/work/key/key/key.core/../key.ui/examples/heap/simple/loop2.key 
69398      DEBUG main            d.u.i.k.p.i.AbstractProblemLoader Environment load took 99ns 
69399      INFO  main            d.u.i.k.p.i.AbstractProblemLoader Creating init config 
72079      DEBUG main            d.u.i.k.p.i.AbstractProblemLoader Init config took 2.68s 
72097      INFO  main            d.u.i.k.p.i.AbstractProblemLoader Replaying proof loop2.key 
72100      DEBUG main            d.u.i.k.p.i.IntermediateProofReplayer Proof replay took 7ns 
72608      INFO  main            d.u.i.k.p.r.p.TestFile    ... finished proof: closed. 
72823      INFO  main            d.u.i.k.p.i.AbstractProblemLoader Loading environment from /home/runner/work/key/key/key.core/../key.ui/examples/heap/simple/loop2.key.proof 
72824      DEBUG main            d.u.i.k.p.i.AbstractProblemLoader Environment load took 548.3ns 
72825      INFO  main            d.u.i.k.p.i.AbstractProblemLoader Creating init config 
75447      DEBUG main            d.u.i.k.p.i.AbstractProblemLoader Init config took 2.62s 
75465      INFO  main            d.u.i.k.p.i.AbstractProblemLoader Replaying proof loop2.key.proof 
75557      DEBUG main            d.u.i.k.p.i.IntermediateProofReplayer Proof replay took 86.94ms 
75559      DEBUG main            d.u.i.k.p.r.p.TestFile    ... success: reloaded. 
75560      INFO  main            d.u.i.k.p.r.p.TestFile    Now processing file /home/runner/work/key/key/key.core/../key.ui/examples/heap/simple/modifies_datagroup.key 
75561      INFO  main            d.u.i.k.p.i.AbstractProblemLoader Loading environment from /home/runner/work/key/key/key.core/../key.ui/examples/heap/simple/modifies_datagroup.key 
75561      DEBUG main            d.u.i.k.p.i.AbstractProblemLoader Environment load took 220.2ns 
75562      INFO  main            d.u.i.k.p.i.AbstractProblemLoader Creating init config 
77971      DEBUG main            d.u.i.k.p.i.AbstractProblemLoader Init config took 2.41s 
77991      INFO  main            d.u.i.k.p.i.AbstractProblemLoader Replaying proof modifies_datagroup.key 
77992      DEBUG main            d.u.i.k.p.i.IntermediateProofReplayer Proof replay took 6.2ns 
78094      INFO  main            d.u.i.k.p.r.p.TestFile    ... finished proof: closed. 
78310      INFO  main            d.u.i.k.p.i.AbstractProblemLoader Loading environment from /home/runner/work/key/key/key.core/../key.ui/examples/heap/simple/modifies_datagroup.key.proof 
78310      DEBUG main            d.u.i.k.p.i.AbstractProblemLoader Environment load took 119.8ns 
78311      INFO  main            d.u.i.k.p.i.AbstractProblemLoader Creating init config 
80698      DEBUG main            d.u.i.k.p.i.AbstractProblemLoader Init config took 2.39s 
80713      INFO  main            d.u.i.k.p.i.AbstractProblemLoader Replaying proof modifies_datagroup.key.proof 
80717      DEBUG main            d.u.i.k.p.i.IntermediateProofReplayer Proof replay took 2.48ms 
80718      DEBUG main            d.u.i.k.p.r.p.TestFile    ... success: reloaded. 
80719      INFO  main            d.u.i.k.p.r.p.TestFile    Now processing file /home/runner/work/key/key/key.core/../key.ui/examples/heap/simple/modifies.key 
80719      INFO  main            d.u.i.k.p.i.AbstractProblemLoader Loading environment from /home/runner/work/key/key/key.core/../key.ui/examples/heap/simple/modifies.key 
80719      DEBUG main            d.u.i.k.p.i.AbstractProblemLoader Environment load took 94.9ns 
80721      INFO  main            d.u.i.k.p.i.AbstractProblemLoader Creating init config 
83167      DEBUG main            d.u.i.k.p.i.AbstractProblemLoader Init config took 2.45s 
83182      INFO  main            d.u.i.k.p.i.AbstractProblemLoader Replaying proof modifies.key 
83183      DEBUG main            d.u.i.k.p.i.IntermediateProofReplayer Proof replay took 7.2ns 
83287      INFO  main            d.u.i.k.p.r.p.TestFile    ... finished proof: closed. 
83498      INFO  main            d.u.i.k.p.i.AbstractProblemLoader Loading environment from /home/runner/work/key/key/key.core/../key.ui/examples/heap/simple/modifies.key.proof 
83498      DEBUG main            d.u.i.k.p.i.AbstractProblemLoader Environment load took 130.9ns 
83500      INFO  main            d.u.i.k.p.i.AbstractProblemLoader Creating init config 
85881      DEBUG main            d.u.i.k.p.i.AbstractProblemLoader Init config took 2.38s 
85896      INFO  main            d.u.i.k.p.i.AbstractProblemLoader Replaying proof modifies.key.proof 
85906      DEBUG main            d.u.i.k.p.i.IntermediateProofReplayer Proof replay took 8.92ms 
85908      DEBUG main            d.u.i.k.p.r.p.TestFile    ... success: reloaded. 
85908      INFO  main            d.u.i.k.p.r.p.TestFile    Now processing file /home/runner/work/key/key/key.core/../key.ui/examples/heap/simple/object_creation.key 
85908      INFO  main            d.u.i.k.p.i.AbstractProblemLoader Loading environment from /home/runner/work/key/key/key.core/../key.ui/examples/heap/simple/object_creation.key 
85908      DEBUG main            d.u.i.k.p.i.AbstractProblemLoader Environment load took 95.1ns 
85910      INFO  main            d.u.i.k.p.i.AbstractProblemLoader Creating init config 
88340      DEBUG main            d.u.i.k.p.i.AbstractProblemLoader Init config took 2.43s 
88356      INFO  main            d.u.i.k.p.i.AbstractProblemLoader Replaying proof object_creation.key 
88357      DEBUG main            d.u.i.k.p.i.IntermediateProofReplayer Proof replay took 7.1ns 
88563      INFO  main            d.u.i.k.p.r.p.TestFile    ... finished proof: closed. 
88779      INFO  main            d.u.i.k.p.i.AbstractProblemLoader Loading environment from /home/runner/work/key/key/key.core/../key.ui/examples/heap/simple/object_creation.key.proof 
88779      DEBUG main            d.u.i.k.p.i.AbstractProblemLoader Environment load took 120.8ns 
88780      INFO  main            d.u.i.k.p.i.AbstractProblemLoader Creating init config 
91130      DEBUG main            d.u.i.k.p.i.AbstractProblemLoader Init config took 2.35s 
91145      INFO  main            d.u.i.k.p.i.AbstractProblemLoader Replaying proof object_creation.key.proof 
91193      DEBUG main            d.u.i.k.p.i.IntermediateProofReplayer Proof replay took 44.93ms 
91194      DEBUG main            d.u.i.k.p.r.p.TestFile    ... success: reloaded. 
91195      INFO  main            d.u.i.k.p.r.p.TestFile    Now processing file /home/runner/work/key/key/key.core/../key.ui/examples/heap/simple/operation_contracts.key 
91196      INFO  main            d.u.i.k.p.i.AbstractProblemLoader Loading environment from /home/runner/work/key/key/key.core/../key.ui/examples/heap/simple/operation_contracts.key 
91196      DEBUG main            d.u.i.k.p.i.AbstractProblemLoader Environment load took 208.1ns 
91198      INFO  main            d.u.i.k.p.i.AbstractProblemLoader Creating init config 
93879      DEBUG main            d.u.i.k.p.i.AbstractProblemLoader Init config took 2.68s 
93895      INFO  main            d.u.i.k.p.i.AbstractProblemLoader Replaying proof operation_contracts.key 
93896      DEBUG main            d.u.i.k.p.i.IntermediateProofReplayer Proof replay took 6.9ns 
94702      INFO  main            d.u.i.k.p.r.p.TestFile    ... finished proof: closed. 
94927      INFO  main            d.u.i.k.p.i.AbstractProblemLoader Loading environment from /home/runner/work/key/key/key.core/../key.ui/examples/heap/simple/operation_contracts.key.proof 
94928      DEBUG main            d.u.i.k.p.i.AbstractProblemLoader Environment load took 444.2ns 
94930      INFO  main            d.u.i.k.p.i.AbstractProblemLoader Creating init config 
97529      DEBUG main            d.u.i.k.p.i.AbstractProblemLoader Init config took 2.6s 
97545      INFO  main            d.u.i.k.p.i.AbstractProblemLoader Replaying proof operation_contracts.key.proof 
97640      DEBUG main            d.u.i.k.p.i.IntermediateProofReplayer Proof replay took 88.82ms 
97643      DEBUG main            d.u.i.k.p.r.p.TestFile    ... success: reloaded. 
97644      INFO  main            d.u.i.k.p.r.p.TestFile    Now processing file /home/runner/work/key/key/key.core/../key.ui/examples/heap/simple/select_store.key 
97644      INFO  main            d.u.i.k.p.i.AbstractProblemLoader Loading environment from /home/runner/work/key/key/key.core/../key.ui/examples/heap/simple/select_store.key 
97644      DEBUG main            d.u.i.k.p.i.AbstractProblemLoader Environment load took 218.2ns 
97646      INFO  main            d.u.i.k.p.i.AbstractProblemLoader Creating init config 
100089     DEBUG main            d.u.i.k.p.i.AbstractProblemLoader Init config took 2.44s 
100104     INFO  main            d.u.i.k.p.i.AbstractProblemLoader Replaying proof select_store.key 
100105     DEBUG main            d.u.i.k.p.i.IntermediateProofReplayer Proof replay took 7.7ns 
100208     INFO  main            d.u.i.k.p.r.p.TestFile    ... finished proof: closed. 
100451     INFO  main            d.u.i.k.p.i.AbstractProblemLoader Loading environment from /home/runner/work/key/key/key.core/../key.ui/examples/heap/simple/select_store.key.proof 
100451     DEBUG main            d.u.i.k.p.i.AbstractProblemLoader Environment load took 155.5ns 
100452     INFO  main            d.u.i.k.p.i.AbstractProblemLoader Creating init config 
102799     DEBUG main            d.u.i.k.p.i.AbstractProblemLoader Init config took 2.35s 
102813     INFO  main            d.u.i.k.p.i.AbstractProblemLoader Replaying proof select_store.key.proof 
102817     DEBUG main            d.u.i.k.p.i.IntermediateProofReplayer Proof replay took 2.03ms 
102818     DEBUG main            d.u.i.k.p.r.p.TestFile    ... success: reloaded. 
102818     INFO  main            d.u.i.k.p.r.p.TestFile    Now processing file /home/runner/work/key/key/key.core/../key.ui/examples/heap/simple/selection_sort.key 
102819     INFO  main            d.u.i.k.p.i.AbstractProblemLoader Loading environment from /home/runner/work/key/key/key.core/../key.ui/examples/heap/simple/selection_sort.key 
102819     DEBUG main            d.u.i.k.p.i.AbstractProblemLoader Environment load took 93.4ns 
102820     INFO  main            d.u.i.k.p.i.AbstractProblemLoader Creating init config 
105489     DEBUG main            d.u.i.k.p.i.AbstractProblemLoader Init config took 2.67s 
105504     INFO  main            d.u.i.k.p.i.AbstractProblemLoader Replaying proof selection_sort.key 
105529     DEBUG main            d.u.i.k.p.i.IntermediateProofReplayer Proof replay took 8ns 
108858     INFO  main            d.u.i.k.p.r.p.TestFile    ... finished proof: closed. 
109146     INFO  main            d.u.i.k.p.i.AbstractProblemLoader Loading environment from /home/runner/work/key/key/key.core/../key.ui/examples/heap/simple/selection_sort.key.proof 
109147     DEBUG main            d.u.i.k.p.i.AbstractProblemLoader Environment load took 472.6ns 
109149     INFO  main            d.u.i.k.p.i.AbstractProblemLoader Creating init config 
111747     DEBUG main            d.u.i.k.p.i.AbstractProblemLoader Init config took 2.6s 
111762     INFO  main            d.u.i.k.p.i.AbstractProblemLoader Replaying proof selection_sort.key.proof 
112153     DEBUG main            d.u.i.k.p.i.IntermediateProofReplayer Proof replay took 371.51ms 
112155     DEBUG main            d.u.i.k.p.r.p.TestFile    ... success: reloaded. 
112156     INFO  main            d.u.i.k.p.r.p.TestFile    Now processing file /home/runner/work/key/key/key.core/../key.ui/examples/heap/simple/seq.key 
112157     INFO  main            d.u.i.k.p.i.AbstractProblemLoader Loading environment from /home/runner/work/key/key/key.core/../key.ui/examples/heap/simple/seq.key 
112157     DEBUG main            d.u.i.k.p.i.AbstractProblemLoader Environment load took 228.5ns 
112158     INFO  main            d.u.i.k.p.i.AbstractProblemLoader Creating init config 
114544     DEBUG main            d.u.i.k.p.i.AbstractProblemLoader Init config took 2.39s 
114558     INFO  main            d.u.i.k.p.i.AbstractProblemLoader Replaying proof seq.key 
114559     DEBUG main            d.u.i.k.p.i.IntermediateProofReplayer Proof replay took 16.1ns 
114987     INFO  main            d.u.i.k.p.r.p.TestFile    ... finished proof: closed. 
115326     INFO  main            d.u.i.k.p.i.AbstractProblemLoader Loading environment from /home/runner/work/key/key/key.core/../key.ui/examples/heap/simple/seq.key.proof 
115326     DEBUG main            d.u.i.k.p.i.AbstractProblemLoader Environment load took 130.2ns 
115327     INFO  main            d.u.i.k.p.i.AbstractProblemLoader Creating init config 
117647     DEBUG main            d.u.i.k.p.i.AbstractProblemLoader Init config took 2.32s 
117662     INFO  main            d.u.i.k.p.i.AbstractProblemLoader Replaying proof seq.key.proof 
117691     DEBUG main            d.u.i.k.p.i.IntermediateProofReplayer Proof replay took 25.26ms 
117693     DEBUG main            d.u.i.k.p.r.p.TestFile    ... success: reloaded. 
117693     INFO  main            d.u.i.k.p.r.p.TestFile    Now processing file /home/runner/work/key/key/key.core/../key.ui/examples/heap/simple/oldForParams.key 
117694     INFO  main            d.u.i.k.p.i.AbstractProblemLoader Loading environment from /home/runner/work/key/key/key.core/../key.ui/examples/heap/simple/oldForParams.key 
117694     DEBUG main            d.u.i.k.p.i.AbstractProblemLoader Environment load took 217ns 
117695     INFO  main            d.u.i.k.p.i.AbstractProblemLoader Creating init config 
120299     DEBUG main            d.u.i.k.p.i.AbstractProblemLoader Init config took 2.6s 
120360     INFO  main            d.u.i.k.p.i.AbstractProblemLoader Replaying proof OldForParameters[OldForParameters::method(int)].JML operation contract.0 
120362     DEBUG main            d.u.i.k.p.i.IntermediateProofReplayer Proof replay took 6.5ns 
120567     INFO  main            d.u.i.k.p.r.p.TestFile    ... finished proof: closed. 
120831     INFO  main            d.u.i.k.p.i.AbstractProblemLoader Loading environment from /home/runner/work/key/key/key.core/../key.ui/examples/heap/simple/oldForParams.key.proof 
120831     DEBUG main            d.u.i.k.p.i.AbstractProblemLoader Environment load took 112.3ns 
120832     INFO  main            d.u.i.k.p.i.AbstractProblemLoader Creating init config 
123405     DEBUG main            d.u.i.k.p.i.AbstractProblemLoader Init config took 2.57s 
123444     INFO  main            d.u.i.k.p.i.AbstractProblemLoader Replaying proof OldForParameters[OldForParameters::method(int)].JML operation contract.0 
123478     DEBUG main            d.u.i.k.p.i.IntermediateProofReplayer Proof replay took 32.06ms 
123479     DEBUG main            d.u.i.k.p.r.p.TestFile    ... success: reloaded. 
123480     INFO  main            d.u.i.k.p.r.p.TestFile    Now processing file /home/runner/work/key/key/key.core/../key.ui/examples/heap/simple/parse_lmtd.key 
123481     INFO  main            d.u.i.k.p.i.AbstractProblemLoader Loading environment from /home/runner/work/key/key/key.core/../key.ui/examples/heap/simple/parse_lmtd.key 
123481     DEBUG main            d.u.i.k.p.i.AbstractProblemLoader Environment load took 97ns 
123482     INFO  main            d.u.i.k.p.i.AbstractProblemLoader Creating init config 
126103     DEBUG main            d.u.i.k.p.i.AbstractProblemLoader Init config took 2.62s 
126144     INFO  main            d.u.i.k.p.i.AbstractProblemLoader Replaying proof ParseLmtd[ParseLmtd::simple(int)].JML normal_behavior operation contract.0 
126145     DEBUG main            d.u.i.k.p.i.IntermediateProofReplayer Proof replay took 5.3ns 
126251     INFO  main            d.u.i.k.p.r.p.TestFile    ... finished proof: closed. 
126523     INFO  main            d.u.i.k.p.i.AbstractProblemLoader Loading environment from /home/runner/work/key/key/key.core/../key.ui/examples/heap/simple/parse_lmtd.key.proof 
126524     DEBUG main            d.u.i.k.p.i.AbstractProblemLoader Environment load took 111.2ns 
126525     INFO  main            d.u.i.k.p.i.AbstractProblemLoader Creating init config 
129087     DEBUG main            d.u.i.k.p.i.AbstractProblemLoader Init config took 2.56s 
129126     INFO  main            d.u.i.k.p.i.AbstractProblemLoader Replaying proof ParseLmtd[ParseLmtd::simple(int)].JML normal_behavior operation contract.0 
129145     DEBUG main            d.u.i.k.p.i.IntermediateProofReplayer Proof replay took 16.31ms 
129146     DEBUG main            d.u.i.k.p.r.p.TestFile    ... success: reloaded. 
129147     INFO  main            d.u.i.k.p.r.p.TestFile    Now processing file /home/runner/work/key/key/key.core/../key.ui/examples/heap/strictly_pure/strictlyPureMethod.key 
129147     INFO  main            d.u.i.k.p.i.AbstractProblemLoader Loading environment from /home/runner/work/key/key/key.core/../key.ui/examples/heap/strictly_pure/strictlyPureMethod.key 
129147     DEBUG main            d.u.i.k.p.i.AbstractProblemLoader Environment load took 79.7ns 
129148     INFO  main            d.u.i.k.p.i.AbstractProblemLoader Creating init config 
131630     DEBUG main            d.u.i.k.p.i.AbstractProblemLoader Init config took 2.48s 
131667     INFO  main            d.u.i.k.p.i.AbstractProblemLoader Replaying proof StrictlyPure[StrictlyPure::strictlyPureMethod()].JML operation contract.0 
131668     DEBUG main            d.u.i.k.p.i.IntermediateProofReplayer Proof replay took 5.8ns 
131875     INFO  main            d.u.i.k.p.r.p.TestFile    ... finished proof: closed. 
132116     INFO  main            d.u.i.k.p.i.AbstractProblemLoader Loading environment from /home/runner/work/key/key/key.core/../key.ui/examples/heap/strictly_pure/strictlyPureMethod.key.proof 
132116     DEBUG main            d.u.i.k.p.i.AbstractProblemLoader Environment load took 113.4ns 
132117     INFO  main            d.u.i.k.p.i.AbstractProblemLoader Creating init config 
134537     DEBUG main            d.u.i.k.p.i.AbstractProblemLoader Init config took 2.42s 
134573     INFO  main            d.u.i.k.p.i.AbstractProblemLoader Replaying proof StrictlyPure[StrictlyPure::strictlyPureMethod()].JML operation contract.0 
134616     DEBUG main            d.u.i.k.p.i.IntermediateProofReplayer Proof replay took 40.84ms 
134617     DEBUG main            d.u.i.k.p.r.p.TestFile    ... success: reloaded. 
134618     INFO  main            d.u.i.k.p.r.p.TestFile    Now processing file /home/runner/work/key/key/key.core/../key.ui/examples/heap/strictly_pure/useStrictlyPureMethod.key 
134618     INFO  main            d.u.i.k.p.i.AbstractProblemLoader Loading environment from /home/runner/work/key/key/key.core/../key.ui/examples/heap/strictly_pure/useStrictlyPureMethod.key 
134618     DEBUG main            d.u.i.k.p.i.AbstractProblemLoader Environment load took 215.9ns 
134619     INFO  main            d.u.i.k.p.i.AbstractProblemLoader Creating init config 
137106     DEBUG main            d.u.i.k.p.i.AbstractProblemLoader Init config took 2.49s 
137147     INFO  main            d.u.i.k.p.i.AbstractProblemLoader Replaying proof StrictlyPure[StrictlyPure::useStrictlyPureMethod(StrictlyPureClass)].JML operation contract.0 
137151     DEBUG main            d.u.i.k.p.i.IntermediateProofReplayer Proof replay took 5.7ns 
137353     INFO  main            d.u.i.k.p.r.p.TestFile    ... finished proof: closed. 
137641     INFO  main            d.u.i.k.p.i.AbstractProblemLoader Loading environment from /home/runner/work/key/key/key.core/../key.ui/examples/heap/strictly_pure/useStrictlyPureMethod.key.proof 
137641     DEBUG main            d.u.i.k.p.i.AbstractProblemLoader Environment load took 167.2ns 
137642     INFO  main            d.u.i.k.p.i.AbstractProblemLoader Creating init config 
140061     DEBUG main            d.u.i.k.p.i.AbstractProblemLoader Init config took 2.42s 
140096     INFO  main            d.u.i.k.p.i.AbstractProblemLoader Replaying proof StrictlyPure[StrictlyPure::useStrictlyPureMethod(StrictlyPureClass)].JML operation contract.0 
140140     DEBUG main            d.u.i.k.p.i.IntermediateProofReplayer Proof replay took 41.23ms 
140141     DEBUG main            d.u.i.k.p.r.p.TestFile    ... success: reloaded. 
140142     INFO  main            d.u.i.k.p.r.p.TestFile    Now processing file /home/runner/work/key/key/key.core/../key.ui/examples/heap/Wellfounded/ackermann.key 
140142     INFO  main            d.u.i.k.p.i.AbstractProblemLoader Loading environment from /home/runner/work/key/key/key.core/../key.ui/examples/heap/Wellfounded/ackermann.key 
140143     DEBUG main            d.u.i.k.p.i.AbstractProblemLoader Environment load took 212.7ns 
140143     INFO  main            d.u.i.k.p.i.AbstractProblemLoader Creating init config 
142661     DEBUG main            d.u.i.k.p.i.AbstractProblemLoader Init config took 2.52s 
142696     INFO  main            d.u.i.k.p.i.AbstractProblemLoader Replaying proof Ackermann[Ackermann::a(int,int)].JML normal_behavior operation contract.0 
142699     DEBUG main            d.u.i.k.p.i.IntermediateProofReplayer Proof replay took 7ns 
143002     INFO  main            d.u.i.k.p.r.p.TestFile    ... finished proof: closed. 
143315     INFO  main            d.u.i.k.p.i.AbstractProblemLoader Loading environment from /home/runner/work/key/key/key.core/../key.ui/examples/heap/Wellfounded/ackermann.key.proof 
143315     DEBUG main            d.u.i.k.p.i.AbstractProblemLoader Environment load took 112.3ns 
143316     INFO  main            d.u.i.k.p.i.AbstractProblemLoader Creating init config 
145775     DEBUG main            d.u.i.k.p.i.AbstractProblemLoader Init config took 2.46s 
145810     INFO  main            d.u.i.k.p.i.AbstractProblemLoader Replaying proof Ackermann[Ackermann::a(int,int)].JML normal_behavior operation contract.0 
145859     DEBUG main            d.u.i.k.p.i.IntermediateProofReplayer Proof replay took 45.4ms 
145860     DEBUG main            d.u.i.k.p.r.p.TestFile    ... success: reloaded. 
145861     INFO  main            d.u.i.k.p.r.p.TestFile    Now processing file /home/runner/work/key/key/key.core/../key.ui/examples/standard_key/unicode_test.key 
145862     INFO  main            d.u.i.k.p.i.AbstractProblemLoader Loading environment from /home/runner/work/key/key/key.core/../key.ui/examples/standard_key/unicode_test.key 
145862     DEBUG main            d.u.i.k.p.i.AbstractProblemLoader Environment load took 216ns 
145864     INFO  main            d.u.i.k.p.i.AbstractProblemLoader Creating init config 
148273     DEBUG main            d.u.i.k.p.i.AbstractProblemLoader Init config took 2.41s 
148292     INFO  main            d.u.i.k.p.i.AbstractProblemLoader Replaying proof unicode_test.key 
148293     DEBUG main            d.u.i.k.p.i.IntermediateProofReplayer Proof replay took 6.1ns 
148395     INFO  main            d.u.i.k.p.r.p.TestFile    ... finished proof: closed. 
148657     INFO  main            d.u.i.k.p.i.AbstractProblemLoader Loading environment from /home/runner/work/key/key/key.core/../key.ui/examples/standard_key/unicode_test.key.proof 
148657     DEBUG main            d.u.i.k.p.i.AbstractProblemLoader Environment load took 119ns 
148658     INFO  main            d.u.i.k.p.i.AbstractProblemLoader Creating init config 
150999     DEBUG main            d.u.i.k.p.i.AbstractProblemLoader Init config took 2.34s 
151012     INFO  main            d.u.i.k.p.i.AbstractProblemLoader Replaying proof unicode_test.key.proof 
151014     DEBUG main            d.u.i.k.p.i.IntermediateProofReplayer Proof replay took 353ns 
151014     DEBUG main            d.u.i.k.p.r.p.TestFile    ... success: reloaded. 
151015     INFO  main            d.u.i.k.p.r.p.TestFile    Now processing file /home/runner/work/key/key/key.core/../key.ui/examples/heap/strictlyModular/mayExpand.key 
151015     INFO  main            d.u.i.k.p.i.AbstractProblemLoader Loading environment from /home/runner/work/key/key/key.core/../key.ui/examples/heap/strictlyModular/mayExpand.key 
151015     DEBUG main            d.u.i.k.p.i.AbstractProblemLoader Environment load took 213ns 
151016     INFO  main            d.u.i.k.p.i.AbstractProblemLoader Creating init config 
153482     DEBUG main            d.u.i.k.p.i.AbstractProblemLoader Init config took 2.47s 
153517     INFO  main            d.u.i.k.p.i.AbstractProblemLoader Replaying proof Modular[Modular::m()].JML operation contract.0 
153518     DEBUG main            d.u.i.k.p.i.IntermediateProofReplayer Proof replay took 5.7ns 
153620     INFO  main            d.u.i.k.p.r.p.TestFile    ... finished proof: closed. 
153919     INFO  main            d.u.i.k.p.i.AbstractProblemLoader Loading environment from /home/runner/work/key/key/key.core/../key.ui/examples/heap/strictlyModular/mayExpand.key.proof 
153919     DEBUG main            d.u.i.k.p.i.AbstractProblemLoader Environment load took 116.7ns 
153920     INFO  main            d.u.i.k.p.i.AbstractProblemLoader Creating init config 
156310     DEBUG main            d.u.i.k.p.i.AbstractProblemLoader Init config took 2.39s 
156355     INFO  main            d.u.i.k.p.i.AbstractProblemLoader Replaying proof Modular[Modular::m()].JML operation contract.0 
156368     DEBUG main            d.u.i.k.p.i.IntermediateProofReplayer Proof replay took 10.92ms 
156369     DEBUG main            d.u.i.k.p.r.p.TestFile    ... success: reloaded. 
156370     INFO  main            d.u.i.k.p.r.p.TestFile    Now processing file /home/runner/work/key/key/key.core/../key.ui/examples/heap/strictlyModular/modularOnly.key 
156370     INFO  main            d.u.i.k.p.i.AbstractProblemLoader Loading environment from /home/runner/work/key/key/key.core/../key.ui/examples/heap/strictlyModular/modularOnly.key 
156371     DEBUG main            d.u.i.k.p.i.AbstractProblemLoader Environment load took 193.7ns 
156372     INFO  main            d.u.i.k.p.i.AbstractProblemLoader Creating init config 
158811     DEBUG main            d.u.i.k.p.i.AbstractProblemLoader Init config took 2.44s 
158846     INFO  main            d.u.i.k.p.i.AbstractProblemLoader Replaying proof Modular[Modular::m()].JML operation contract.0 
158847     DEBUG main            d.u.i.k.p.i.IntermediateProofReplayer Proof replay took 6.2ns 
158950     INFO  main            d.u.i.k.p.r.p.TestFile    ... finished proof: open goal(s) 
1839748    INFO  Test worker     d.u.i.k.p.r.RunAllProofsTestUnit Returning from test simpleTests 
1839750    INFO  Test worker     d.u.i.k.p.r.RunAllProofsTestUnit Running test SmansEtAl 
360        INFO  Timeout watchdog d.u.i.k.p.r.p.ForkedTestFileRunner Timeout watcher launched (2000 secs.) 
374        WARN  main            d.u.i.k.s.ProofSettings   The settings in /home/runner/.key/proof-settings.props are *not* read. 
414        INFO  main            d.u.i.k.p.r.p.TestFile    Now processing file /home/runner/work/key/key/key.core/../key.ui/examples/heap/SmansEtAl/ArrayList_add.key 
518        INFO  main            d.u.i.k.p.i.AbstractProblemLoader Loading environment from /home/runner/work/key/key/key.core/../key.ui/examples/heap/SmansEtAl/ArrayList_add.key 
542        DEBUG main            d.u.i.k.p.i.AbstractProblemLoader Environment load took 1.91ms 
764        INFO  main            d.u.i.k.p.i.AbstractProblemLoader Creating init config 
1684       DEBUG main            d.u.i.k.j.TypeConverter   No LDT found for Meta 
1685       DEBUG main            d.u.i.k.j.TypeConverter   No LDT found for Meta 
1686       DEBUG main            d.u.i.k.j.TypeConverter   No LDT found for Meta 
1687       DEBUG main            d.u.i.k.j.TypeConverter   No LDT found for Meta 
2895       DEBUG main            d.u.i.k.j.TypeConverter   No LDT found for JavaBigintExpression 
8053       DEBUG main            d.u.i.k.p.i.AbstractProblemLoader Init config took 7.29s 
8234       INFO  main            d.u.i.k.p.i.AbstractProblemLoader Replaying proof ArrayList[ArrayList::add(java.lang.Object)].JML normal_behavior operation contract.0 
8269       DEBUG main            d.u.i.k.p.i.IntermediateProofReplayer Proof replay took 32.2ns 
15431      INFO  main            d.u.i.k.p.r.p.TestFile    ... finished proof: closed. 
15619      INFO  main            d.u.i.k.p.i.AbstractProblemLoader Loading environment from /home/runner/work/key/key/key.core/../key.ui/examples/heap/SmansEtAl/ArrayList_add.key.proof 
15624      DEBUG main            d.u.i.k.p.i.AbstractProblemLoader Environment load took 4.67ms 
15627      INFO  main            d.u.i.k.p.i.AbstractProblemLoader Creating init config 
18700      DEBUG main            d.u.i.k.p.i.AbstractProblemLoader Init config took 3.07s 
18771      INFO  main            d.u.i.k.p.i.AbstractProblemLoader Replaying proof ArrayList[ArrayList::add(java.lang.Object)].JML normal_behavior operation contract.0 
19529      DEBUG main            d.u.i.k.p.i.IntermediateProofReplayer Proof replay took 714.39ms 
19538      DEBUG main            d.u.i.k.p.r.p.TestFile    ... success: reloaded. 
19540      INFO  main            d.u.i.k.p.r.p.TestFile    Now processing file /home/runner/work/key/key/key.core/../key.ui/examples/heap/SmansEtAl/ArrayList_ArrayList.key 
19540      INFO  main            d.u.i.k.p.i.AbstractProblemLoader Loading environment from /home/runner/work/key/key/key.core/../key.ui/examples/heap/SmansEtAl/ArrayList_ArrayList.key 
19541      DEBUG main            d.u.i.k.p.i.AbstractProblemLoader Environment load took 222.8ns 
19542      INFO  main            d.u.i.k.p.i.AbstractProblemLoader Creating init config 
22428      DEBUG main            d.u.i.k.p.i.AbstractProblemLoader Init config took 2.89s 
22481      INFO  main            d.u.i.k.p.i.AbstractProblemLoader Replaying proof ArrayList[ArrayList::ArrayList()].JML normal_behavior operation contract.0 
22484      DEBUG main            d.u.i.k.p.i.IntermediateProofReplayer Proof replay took 6.8ns 
23401      INFO  main            d.u.i.k.p.r.p.TestFile    ... finished proof: closed. 
23554      INFO  main            d.u.i.k.p.i.AbstractProblemLoader Loading environment from /home/runner/work/key/key/key.core/../key.ui/examples/heap/SmansEtAl/ArrayList_ArrayList.key.proof 
23554      DEBUG main            d.u.i.k.p.i.AbstractProblemLoader Environment load took 549.1ns 
23559      INFO  main            d.u.i.k.p.i.AbstractProblemLoader Creating init config 
26443      DEBUG main            d.u.i.k.p.i.AbstractProblemLoader Init config took 2.88s 
26506      INFO  main            d.u.i.k.p.i.AbstractProblemLoader Replaying proof ArrayList[ArrayList::ArrayList()].JML normal_behavior operation contract.0 
26633      DEBUG main            d.u.i.k.p.i.IntermediateProofReplayer Proof replay took 118.63ms 
26635      DEBUG main            d.u.i.k.p.r.p.TestFile    ... success: reloaded. 
26637      INFO  main            d.u.i.k.p.r.p.TestFile    Now processing file /home/runner/work/key/key/key.core/../key.ui/examples/heap/SmansEtAl/ArrayList_footprint.key 
26637      INFO  main            d.u.i.k.p.i.AbstractProblemLoader Loading environment from /home/runner/work/key/key/key.core/../key.ui/examples/heap/SmansEtAl/ArrayList_footprint.key 
26637      DEBUG main            d.u.i.k.p.i.AbstractProblemLoader Environment load took 246.4ns 
26638      INFO  main            d.u.i.k.p.i.AbstractProblemLoader Creating init config 
29439      DEBUG main            d.u.i.k.p.i.AbstractProblemLoader Init config took 2.8s 
29488      INFO  main            d.u.i.k.p.i.AbstractProblemLoader Replaying proof ArrayList[ArrayList::$footprint()].JML accessible clause.0 
29490      DEBUG main            d.u.i.k.p.i.IntermediateProofReplayer Proof replay took 5.7ns 
29592      INFO  main            d.u.i.k.p.r.p.TestFile    ... finished proof: closed. 
29750      INFO  main            d.u.i.k.p.i.AbstractProblemLoader Loading environment from /home/runner/work/key/key/key.core/../key.ui/examples/heap/SmansEtAl/ArrayList_footprint.key.proof 
29751      DEBUG main            d.u.i.k.p.i.AbstractProblemLoader Environment load took 156.4ns 
29752      INFO  main            d.u.i.k.p.i.AbstractProblemLoader Creating init config 
32512      DEBUG main            d.u.i.k.p.i.AbstractProblemLoader Init config took 2.76s 
32557      INFO  main            d.u.i.k.p.i.AbstractProblemLoader Replaying proof ArrayList[ArrayList::$footprint()].JML accessible clause.0 
32568      DEBUG main            d.u.i.k.p.i.IntermediateProofReplayer Proof replay took 8.42ms 
32569      DEBUG main            d.u.i.k.p.r.p.TestFile    ... success: reloaded. 
32571      INFO  main            d.u.i.k.p.r.p.TestFile    Now processing file /home/runner/work/key/key/key.core/../key.ui/examples/heap/SmansEtAl/ArrayList_get_dep.key 
32571      INFO  main            d.u.i.k.p.i.AbstractProblemLoader Loading environment from /home/runner/work/key/key/key.core/../key.ui/examples/heap/SmansEtAl/ArrayList_get_dep.key 
32571      DEBUG main            d.u.i.k.p.i.AbstractProblemLoader Environment load took 275.8ns 
32572      INFO  main            d.u.i.k.p.i.AbstractProblemLoader Creating init config 
35353      DEBUG main            d.u.i.k.p.i.AbstractProblemLoader Init config took 2.78s 
35396      INFO  main            d.u.i.k.p.i.AbstractProblemLoader Replaying proof ArrayList[ArrayList::get(int)].JML accessible clause.0 
35398      DEBUG main            d.u.i.k.p.i.IntermediateProofReplayer Proof replay took 6.5ns 
35801      INFO  main            d.u.i.k.p.r.p.TestFile    ... finished proof: closed. 
35953      INFO  main            d.u.i.k.p.i.AbstractProblemLoader Loading environment from /home/runner/work/key/key/key.core/../key.ui/examples/heap/SmansEtAl/ArrayList_get_dep.key.proof 
35954      DEBUG main            d.u.i.k.p.i.AbstractProblemLoader Environment load took 123.8ns 
35955      INFO  main            d.u.i.k.p.i.AbstractProblemLoader Creating init config 
38711      DEBUG main            d.u.i.k.p.i.AbstractProblemLoader Init config took 2.76s 
38755      INFO  main            d.u.i.k.p.i.AbstractProblemLoader Replaying proof ArrayList[ArrayList::get(int)].JML accessible clause.0 
38825      DEBUG main            d.u.i.k.p.i.IntermediateProofReplayer Proof replay took 66.53ms 
38826      DEBUG main            d.u.i.k.p.r.p.TestFile    ... success: reloaded. 
38828      INFO  main            d.u.i.k.p.r.p.TestFile    Now processing file /home/runner/work/key/key/key.core/../key.ui/examples/heap/SmansEtAl/ArrayList_get.key 
38828      INFO  main            d.u.i.k.p.i.AbstractProblemLoader Loading environment from /home/runner/work/key/key/key.core/../key.ui/examples/heap/SmansEtAl/ArrayList_get.key 
38828      DEBUG main            d.u.i.k.p.i.AbstractProblemLoader Environment load took 221.6ns 
38829      INFO  main            d.u.i.k.p.i.AbstractProblemLoader Creating init config 
41626      DEBUG main            d.u.i.k.p.i.AbstractProblemLoader Init config took 2.8s 
41669      INFO  main            d.u.i.k.p.i.AbstractProblemLoader Replaying proof ArrayList[ArrayList::get(int)].JML normal_behavior operation contract.0 
41670      DEBUG main            d.u.i.k.p.i.IntermediateProofReplayer Proof replay took 5.6ns 
41873      INFO  main            d.u.i.k.p.r.p.TestFile    ... finished proof: closed. 
42036      INFO  main            d.u.i.k.p.i.AbstractProblemLoader Loading environment from /home/runner/work/key/key/key.core/../key.ui/examples/heap/SmansEtAl/ArrayList_get.key.proof 
42036      DEBUG main            d.u.i.k.p.i.AbstractProblemLoader Environment load took 135.5ns 
42037      INFO  main            d.u.i.k.p.i.AbstractProblemLoader Creating init config 
44728      DEBUG main            d.u.i.k.p.i.AbstractProblemLoader Init config took 2.69s 
44771      INFO  main            d.u.i.k.p.i.AbstractProblemLoader Replaying proof ArrayList[ArrayList::get(int)].JML normal_behavior operation contract.0 
44797      DEBUG main            d.u.i.k.p.i.IntermediateProofReplayer Proof replay took 23.54ms 
44798      DEBUG main            d.u.i.k.p.r.p.TestFile    ... success: reloaded. 
44799      INFO  main            d.u.i.k.p.r.p.TestFile    Now processing file /home/runner/work/key/key/key.core/../key.ui/examples/heap/SmansEtAl/ArrayList_inv.key 
44800      INFO  main            d.u.i.k.p.i.AbstractProblemLoader Loading environment from /home/runner/work/key/key/key.core/../key.ui/examples/heap/SmansEtAl/ArrayList_inv.key 
44800      DEBUG main            d.u.i.k.p.i.AbstractProblemLoader Environment load took 99.8ns 
44801      INFO  main            d.u.i.k.p.i.AbstractProblemLoader Creating init config 
47563      DEBUG main            d.u.i.k.p.i.AbstractProblemLoader Init config took 2.76s 
47611      INFO  main            d.u.i.k.p.i.AbstractProblemLoader Replaying proof ArrayList[java.lang.Object::<inv>()].JML accessible clause.0 
47614      DEBUG main            d.u.i.k.p.i.IntermediateProofReplayer Proof replay took 6.8ns 
47719      INFO  main            d.u.i.k.p.r.p.TestFile    ... finished proof: closed. 
47884      INFO  main            d.u.i.k.p.i.AbstractProblemLoader Loading environment from /home/runner/work/key/key/key.core/../key.ui/examples/heap/SmansEtAl/ArrayList_inv.key.proof 
47884      DEBUG main            d.u.i.k.p.i.AbstractProblemLoader Environment load took 131.5ns 
47885      INFO  main            d.u.i.k.p.i.AbstractProblemLoader Creating init config 
50600      DEBUG main            d.u.i.k.p.i.AbstractProblemLoader Init config took 2.71s 
50641      INFO  main            d.u.i.k.p.i.AbstractProblemLoader Replaying proof ArrayList[java.lang.Object::<inv>()].JML accessible clause.0 
50652      DEBUG main            d.u.i.k.p.i.IntermediateProofReplayer Proof replay took 8.55ms 
50653      DEBUG main            d.u.i.k.p.r.p.TestFile    ... success: reloaded. 
50654      INFO  main            d.u.i.k.p.r.p.TestFile    Now processing file /home/runner/work/key/key/key.core/../key.ui/examples/heap/SmansEtAl/ArrayList_size_dep.key 
50654      INFO  main            d.u.i.k.p.i.AbstractProblemLoader Loading environment from /home/runner/work/key/key/key.core/../key.ui/examples/heap/SmansEtAl/ArrayList_size_dep.key 
50655      DEBUG main            d.u.i.k.p.i.AbstractProblemLoader Environment load took 102.6ns 
50655      INFO  main            d.u.i.k.p.i.AbstractProblemLoader Creating init config 
53387      DEBUG main            d.u.i.k.p.i.AbstractProblemLoader Init config took 2.73s 
53438      INFO  main            d.u.i.k.p.i.AbstractProblemLoader Replaying proof ArrayList[ArrayList::size()].JML accessible clause.0 
53441      DEBUG main            d.u.i.k.p.i.IntermediateProofReplayer Proof replay took 5.7ns 
53543      INFO  main            d.u.i.k.p.r.p.TestFile    ... finished proof: closed. 
53716      INFO  main            d.u.i.k.p.i.AbstractProblemLoader Loading environment from /home/runner/work/key/key/key.core/../key.ui/examples/heap/SmansEtAl/ArrayList_size_dep.key.proof 
53717      DEBUG main            d.u.i.k.p.i.AbstractProblemLoader Environment load took 124.4ns 
53718      INFO  main            d.u.i.k.p.i.AbstractProblemLoader Creating init config 
56410      DEBUG main            d.u.i.k.p.i.AbstractProblemLoader Init config took 2.69s 
56459      INFO  main            d.u.i.k.p.i.AbstractProblemLoader Replaying proof ArrayList[ArrayList::size()].JML accessible clause.0 
56477      DEBUG main            d.u.i.k.p.i.IntermediateProofReplayer Proof replay took 12.64ms 
56478      DEBUG main            d.u.i.k.p.r.p.TestFile    ... success: reloaded. 
56480      INFO  main            d.u.i.k.p.r.p.TestFile    Now processing file /home/runner/work/key/key/key.core/../key.ui/examples/heap/SmansEtAl/ArrayList_size.key 
56480      INFO  main            d.u.i.k.p.i.AbstractProblemLoader Loading environment from /home/runner/work/key/key/key.core/../key.ui/examples/heap/SmansEtAl/ArrayList_size.key 
56480      DEBUG main            d.u.i.k.p.i.AbstractProblemLoader Environment load took 246.7ns 
56481      INFO  main            d.u.i.k.p.i.AbstractProblemLoader Creating init config 
59190      DEBUG main            d.u.i.k.p.i.AbstractProblemLoader Init config took 2.71s 
59230      INFO  main            d.u.i.k.p.i.AbstractProblemLoader Replaying proof ArrayList[ArrayList::size()].JML normal_behavior operation contract.0 
59231      DEBUG main            d.u.i.k.p.i.IntermediateProofReplayer Proof replay took 6.4ns 
59335      INFO  main            d.u.i.k.p.r.p.TestFile    ... finished proof: closed. 
59514      INFO  main            d.u.i.k.p.i.AbstractProblemLoader Loading environment from /home/runner/work/key/key/key.core/../key.ui/examples/heap/SmansEtAl/ArrayList_size.key.proof 
59514      DEBUG main            d.u.i.k.p.i.AbstractProblemLoader Environment load took 139.1ns 
59515      INFO  main            d.u.i.k.p.i.AbstractProblemLoader Creating init config 
62174      DEBUG main            d.u.i.k.p.i.AbstractProblemLoader Init config took 2.66s 
62212      INFO  main            d.u.i.k.p.i.AbstractProblemLoader Replaying proof ArrayList[ArrayList::size()].JML normal_behavior operation contract.0 
62226      DEBUG main            d.u.i.k.p.i.IntermediateProofReplayer Proof replay took 11.71ms 
62227      DEBUG main            d.u.i.k.p.r.p.TestFile    ... success: reloaded. 
62229      INFO  main            d.u.i.k.p.r.p.TestFile    Now processing file /home/runner/work/key/key/key.core/../key.ui/examples/heap/SmansEtAl/Cell_Cell.key 
62229      INFO  main            d.u.i.k.p.i.AbstractProblemLoader Loading environment from /home/runner/work/key/key/key.core/../key.ui/examples/heap/SmansEtAl/Cell_Cell.key 
62229      DEBUG main            d.u.i.k.p.i.AbstractProblemLoader Environment load took 189.3ns 
62230      INFO  main            d.u.i.k.p.i.AbstractProblemLoader Creating init config 
64938      DEBUG main            d.u.i.k.p.i.AbstractProblemLoader Init config took 2.71s 
64975      INFO  main            d.u.i.k.p.i.AbstractProblemLoader Replaying proof Cell[Cell::Cell()].JML normal_behavior operation contract.0 
64976      DEBUG main            d.u.i.k.p.i.IntermediateProofReplayer Proof replay took 5.8ns 
65180      INFO  main            d.u.i.k.p.r.p.TestFile    ... finished proof: closed. 
65370      INFO  main            d.u.i.k.p.i.AbstractProblemLoader Loading environment from /home/runner/work/key/key/key.core/../key.ui/examples/heap/SmansEtAl/Cell_Cell.key.proof 
65370      DEBUG main            d.u.i.k.p.i.AbstractProblemLoader Environment load took 151.4ns 
65371      INFO  main            d.u.i.k.p.i.AbstractProblemLoader Creating init config 
68043      DEBUG main            d.u.i.k.p.i.AbstractProblemLoader Init config took 2.67s 
68077      INFO  main            d.u.i.k.p.i.AbstractProblemLoader Replaying proof Cell[Cell::Cell()].JML normal_behavior operation contract.0 
68112      DEBUG main            d.u.i.k.p.i.IntermediateProofReplayer Proof replay took 30.98ms 
68112      DEBUG main            d.u.i.k.p.r.p.TestFile    ... success: reloaded. 
68114      INFO  main            d.u.i.k.p.r.p.TestFile    Now processing file /home/runner/work/key/key/key.core/../key.ui/examples/heap/SmansEtAl/Cell_footprint.key 
68114      INFO  main            d.u.i.k.p.i.AbstractProblemLoader Loading environment from /home/runner/work/key/key/key.core/../key.ui/examples/heap/SmansEtAl/Cell_footprint.key 
68114      DEBUG main            d.u.i.k.p.i.AbstractProblemLoader Environment load took 95.9ns 
68115      INFO  main            d.u.i.k.p.i.AbstractProblemLoader Creating init config 
70770      DEBUG main            d.u.i.k.p.i.AbstractProblemLoader Init config took 2.66s 
70811      INFO  main            d.u.i.k.p.i.AbstractProblemLoader Replaying proof Cell[Cell::$footprint()].JML accessible clause.0 
70813      DEBUG main            d.u.i.k.p.i.IntermediateProofReplayer Proof replay took 6.1ns 
70916      INFO  main            d.u.i.k.p.r.p.TestFile    ... finished proof: closed. 
71102      INFO  main            d.u.i.k.p.i.AbstractProblemLoader Loading environment from /home/runner/work/key/key/key.core/../key.ui/examples/heap/SmansEtAl/Cell_footprint.key.proof 
71102      DEBUG main            d.u.i.k.p.i.AbstractProblemLoader Environment load took 127.3ns 
71103      INFO  main            d.u.i.k.p.i.AbstractProblemLoader Creating init config 
73750      DEBUG main            d.u.i.k.p.i.AbstractProblemLoader Init config took 2.65s 
73789      INFO  main            d.u.i.k.p.i.AbstractProblemLoader Replaying proof Cell[Cell::$footprint()].JML accessible clause.0 
73794      DEBUG main            d.u.i.k.p.i.IntermediateProofReplayer Proof replay took 3.44ms 
73795      DEBUG main            d.u.i.k.p.r.p.TestFile    ... success: reloaded. 
73796      INFO  main            d.u.i.k.p.r.p.TestFile    Now processing file /home/runner/work/key/key/key.core/../key.ui/examples/heap/SmansEtAl/Cell_getX_dep.key 
73796      INFO  main            d.u.i.k.p.i.AbstractProblemLoader Loading environment from /home/runner/work/key/key/key.core/../key.ui/examples/heap/SmansEtAl/Cell_getX_dep.key 
73796      DEBUG main            d.u.i.k.p.i.AbstractProblemLoader Environment load took 106.3ns 
73797      INFO  main            d.u.i.k.p.i.AbstractProblemLoader Creating init config 
76510      DEBUG main            d.u.i.k.p.i.AbstractProblemLoader Init config took 2.71s 
76544      INFO  main            d.u.i.k.p.i.AbstractProblemLoader Replaying proof Cell[Cell::getX()].JML accessible clause.0 
76545      DEBUG main            d.u.i.k.p.i.IntermediateProofReplayer Proof replay took 6.9ns 
76653      INFO  main            d.u.i.k.p.r.p.TestFile    ... finished proof: closed. 
76876      INFO  main            d.u.i.k.p.i.AbstractProblemLoader Loading environment from /home/runner/work/key/key/key.core/../key.ui/examples/heap/SmansEtAl/Cell_getX_dep.key.proof 
76877      DEBUG main            d.u.i.k.p.i.AbstractProblemLoader Environment load took 137.5ns 
76878      INFO  main            d.u.i.k.p.i.AbstractProblemLoader Creating init config 
79515      DEBUG main            d.u.i.k.p.i.AbstractProblemLoader Init config took 2.64s 
79549      INFO  main            d.u.i.k.p.i.AbstractProblemLoader Replaying proof Cell[Cell::getX()].JML accessible clause.0 
79562      DEBUG main            d.u.i.k.p.i.IntermediateProofReplayer Proof replay took 10.81ms 
79563      DEBUG main            d.u.i.k.p.r.p.TestFile    ... success: reloaded. 
79564      INFO  main            d.u.i.k.p.r.p.TestFile    Now processing file /home/runner/work/key/key/key.core/../key.ui/examples/heap/SmansEtAl/Cell_getX.key 
79564      INFO  main            d.u.i.k.p.i.AbstractProblemLoader Loading environment from /home/runner/work/key/key/key.core/../key.ui/examples/heap/SmansEtAl/Cell_getX.key 
79565      DEBUG main            d.u.i.k.p.i.AbstractProblemLoader Environment load took 649.2ns 
79566      INFO  main            d.u.i.k.p.i.AbstractProblemLoader Creating init config 
82281      DEBUG main            d.u.i.k.p.i.AbstractProblemLoader Init config took 2.72s 
82315      INFO  main            d.u.i.k.p.i.AbstractProblemLoader Replaying proof Cell[Cell::getX()].JML normal_behavior operation contract.0 
82317      DEBUG main            d.u.i.k.p.i.IntermediateProofReplayer Proof replay took 6.8ns 
82420      INFO  main            d.u.i.k.p.r.p.TestFile    ... finished proof: closed. 
82622      INFO  main            d.u.i.k.p.i.AbstractProblemLoader Loading environment from /home/runner/work/key/key/key.core/../key.ui/examples/heap/SmansEtAl/Cell_getX.key.proof 
82622      DEBUG main            d.u.i.k.p.i.AbstractProblemLoader Environment load took 140.1ns 
82623      INFO  main            d.u.i.k.p.i.AbstractProblemLoader Creating init config 
85233      DEBUG main            d.u.i.k.p.i.AbstractProblemLoader Init config took 2.61s 
85267      INFO  main            d.u.i.k.p.i.AbstractProblemLoader Replaying proof Cell[Cell::getX()].JML normal_behavior operation contract.0 
85279      DEBUG main            d.u.i.k.p.i.IntermediateProofReplayer Proof replay took 9.8ms 
85280      DEBUG main            d.u.i.k.p.r.p.TestFile    ... success: reloaded. 
85281      INFO  main            d.u.i.k.p.r.p.TestFile    Now processing file /home/runner/work/key/key/key.core/../key.ui/examples/heap/SmansEtAl/Cell_inv.key 
85281      INFO  main            d.u.i.k.p.i.AbstractProblemLoader Loading environment from /home/runner/work/key/key/key.core/../key.ui/examples/heap/SmansEtAl/Cell_inv.key 
85281      DEBUG main            d.u.i.k.p.i.AbstractProblemLoader Environment load took 96.5ns 
85282      INFO  main            d.u.i.k.p.i.AbstractProblemLoader Creating init config 
88014      DEBUG main            d.u.i.k.p.i.AbstractProblemLoader Init config took 2.73s 
88050      INFO  main            d.u.i.k.p.i.AbstractProblemLoader Replaying proof Cell[java.lang.Object::<inv>()].JML accessible clause.0 
88052      DEBUG main            d.u.i.k.p.i.IntermediateProofReplayer Proof replay took 5.7ns 
88156      INFO  main            d.u.i.k.p.r.p.TestFile    ... finished proof: closed. 
88361      INFO  main            d.u.i.k.p.i.AbstractProblemLoader Loading environment from /home/runner/work/key/key/key.core/../key.ui/examples/heap/SmansEtAl/Cell_inv.key.proof 
88361      DEBUG main            d.u.i.k.p.i.AbstractProblemLoader Environment load took 115.4ns 
88362      INFO  main            d.u.i.k.p.i.AbstractProblemLoader Creating init config 
90980      DEBUG main            d.u.i.k.p.i.AbstractProblemLoader Init config took 2.62s 
91014      INFO  main            d.u.i.k.p.i.AbstractProblemLoader Replaying proof Cell[java.lang.Object::<inv>()].JML accessible clause.0 
91017      DEBUG main            d.u.i.k.p.i.IntermediateProofReplayer Proof replay took 1.32ms 
91018      DEBUG main            d.u.i.k.p.r.p.TestFile    ... success: reloaded. 
91019      INFO  main            d.u.i.k.p.r.p.TestFile    Now processing file /home/runner/work/key/key/key.core/../key.ui/examples/heap/SmansEtAl/Cell_setX.key 
91019      INFO  main            d.u.i.k.p.i.AbstractProblemLoader Loading environment from /home/runner/work/key/key/key.core/../key.ui/examples/heap/SmansEtAl/Cell_setX.key 
91020      DEBUG main            d.u.i.k.p.i.AbstractProblemLoader Environment load took 211.4ns 
91021      INFO  main            d.u.i.k.p.i.AbstractProblemLoader Creating init config 
93729      DEBUG main            d.u.i.k.p.i.AbstractProblemLoader Init config took 2.71s 
93763      INFO  main            d.u.i.k.p.i.AbstractProblemLoader Replaying proof Cell[Cell::setX(int)].JML normal_behavior operation contract.0 
93764      DEBUG main            d.u.i.k.p.i.IntermediateProofReplayer Proof replay took 6ns 
93867      INFO  main            d.u.i.k.p.r.p.TestFile    ... finished proof: closed. 
94086      INFO  main            d.u.i.k.p.i.AbstractProblemLoader Loading environment from /home/runner/work/key/key/key.core/../key.ui/examples/heap/SmansEtAl/Cell_setX.key.proof 
94086      DEBUG main            d.u.i.k.p.i.AbstractProblemLoader Environment load took 171.1ns 
94087      INFO  main            d.u.i.k.p.i.AbstractProblemLoader Creating init config 
96703      DEBUG main            d.u.i.k.p.i.AbstractProblemLoader Init config took 2.62s 
96737      INFO  main            d.u.i.k.p.i.AbstractProblemLoader Replaying proof Cell[Cell::setX(int)].JML normal_behavior operation contract.0 
96756      DEBUG main            d.u.i.k.p.i.IntermediateProofReplayer Proof replay took 17.54ms 
96757      DEBUG main            d.u.i.k.p.r.p.TestFile    ... success: reloaded. 
96758      INFO  main            d.u.i.k.p.r.p.TestFile    Now processing file /home/runner/work/key/key/key.core/../key.ui/examples/heap/SmansEtAl/CellClient_m.key 
96759      INFO  main            d.u.i.k.p.i.AbstractProblemLoader Loading environment from /home/runner/work/key/key/key.core/../key.ui/examples/heap/SmansEtAl/CellClient_m.key 
96759      DEBUG main            d.u.i.k.p.i.AbstractProblemLoader Environment load took 100ns 
96760      INFO  main            d.u.i.k.p.i.AbstractProblemLoader Creating init config 
99394      DEBUG main            d.u.i.k.p.i.AbstractProblemLoader Init config took 2.63s 
99428      INFO  main            d.u.i.k.p.i.AbstractProblemLoader Replaying proof CellClient[CellClient::m()].JML operation contract.0 
99430      DEBUG main            d.u.i.k.p.i.IntermediateProofReplayer Proof replay took 6.5ns 
99938      INFO  main            d.u.i.k.p.r.p.TestFile    ... finished proof: closed. 
100180     INFO  main            d.u.i.k.p.i.AbstractProblemLoader Loading environment from /home/runner/work/key/key/key.core/../key.ui/examples/heap/SmansEtAl/CellClient_m.key.proof 
100182     DEBUG main            d.u.i.k.p.i.AbstractProblemLoader Environment load took 2.2ms 
100183     INFO  main            d.u.i.k.p.i.AbstractProblemLoader Creating init config 
102783     DEBUG main            d.u.i.k.p.i.AbstractProblemLoader Init config took 2.6s 
102816     INFO  main            d.u.i.k.p.i.AbstractProblemLoader Replaying proof CellClient[CellClient::m()].JML operation contract.0 
102913     DEBUG main            d.u.i.k.p.i.IntermediateProofReplayer Proof replay took 93.46ms 
102915     DEBUG main            d.u.i.k.p.r.p.TestFile    ... success: reloaded. 
102916     INFO  main            d.u.i.k.p.r.p.TestFile    Now processing file /home/runner/work/key/key/key.core/../key.ui/examples/heap/SmansEtAl/Iterator_footprint.key 
102916     INFO  main            d.u.i.k.p.i.AbstractProblemLoader Loading environment from /home/runner/work/key/key/key.core/../key.ui/examples/heap/SmansEtAl/Iterator_footprint.key 
102917     DEBUG main            d.u.i.k.p.i.AbstractProblemLoader Environment load took 208.7ns 
102917     INFO  main            d.u.i.k.p.i.AbstractProblemLoader Creating init config 
105583     DEBUG main            d.u.i.k.p.i.AbstractProblemLoader Init config took 2.67s 
105620     INFO  main            d.u.i.k.p.i.AbstractProblemLoader Replaying proof Iterator[Iterator::$footprint()].JML accessible clause.0 
105621     DEBUG main            d.u.i.k.p.i.IntermediateProofReplayer Proof replay took 5.4ns 
105724     INFO  main            d.u.i.k.p.r.p.TestFile    ... finished proof: closed. 
105957     INFO  main            d.u.i.k.p.i.AbstractProblemLoader Loading environment from /home/runner/work/key/key/key.core/../key.ui/examples/heap/SmansEtAl/Iterator_footprint.key.proof 
105957     DEBUG main            d.u.i.k.p.i.AbstractProblemLoader Environment load took 121.1ns 
105958     INFO  main            d.u.i.k.p.i.AbstractProblemLoader Creating init config 
108551     DEBUG main            d.u.i.k.p.i.AbstractProblemLoader Init config took 2.59s 
108587     INFO  main            d.u.i.k.p.i.AbstractProblemLoader Replaying proof Iterator[Iterator::$footprint()].JML accessible clause.0 
108594     DEBUG main            d.u.i.k.p.i.IntermediateProofReplayer Proof replay took 5.36ms 
108595     DEBUG main            d.u.i.k.p.r.p.TestFile    ... success: reloaded. 
108596     INFO  main            d.u.i.k.p.r.p.TestFile    Now processing file /home/runner/work/key/key/key.core/../key.ui/examples/heap/SmansEtAl/Iterator_hasNext_dep.key 
108596     INFO  main            d.u.i.k.p.i.AbstractProblemLoader Loading environment from /home/runner/work/key/key/key.core/../key.ui/examples/heap/SmansEtAl/Iterator_hasNext_dep.key 
108596     DEBUG main            d.u.i.k.p.i.AbstractProblemLoader Environment load took 88.4ns 
108597     INFO  main            d.u.i.k.p.i.AbstractProblemLoader Creating init config 
111309     DEBUG main            d.u.i.k.p.i.AbstractProblemLoader Init config took 2.71s 
111344     INFO  main            d.u.i.k.p.i.AbstractProblemLoader Replaying proof Iterator[Iterator::hasNext()].JML accessible clause.0 
111345     DEBUG main            d.u.i.k.p.i.IntermediateProofReplayer Proof replay took 6.2ns 
111971     INFO  main            d.u.i.k.p.r.p.TestFile    ... finished proof: closed. 
112208     INFO  main            d.u.i.k.p.i.AbstractProblemLoader Loading environment from /home/runner/work/key/key/key.core/../key.ui/examples/heap/SmansEtAl/Iterator_hasNext_dep.key.proof 
112208     DEBUG main            d.u.i.k.p.i.AbstractProblemLoader Environment load took 184.6ns 
112209     INFO  main            d.u.i.k.p.i.AbstractProblemLoader Creating init config 
114800     DEBUG main            d.u.i.k.p.i.AbstractProblemLoader Init config took 2.59s 
114842     INFO  main            d.u.i.k.p.i.AbstractProblemLoader Replaying proof Iterator[Iterator::hasNext()].JML accessible clause.0 
114917     DEBUG main            d.u.i.k.p.i.IntermediateProofReplayer Proof replay took 68.76ms 
114918     DEBUG main            d.u.i.k.p.r.p.TestFile    ... success: reloaded. 
114919     INFO  main            d.u.i.k.p.r.p.TestFile    Now processing file /home/runner/work/key/key/key.core/../key.ui/examples/heap/SmansEtAl/Iterator_hasNext.key 
114920     INFO  main            d.u.i.k.p.i.AbstractProblemLoader Loading environment from /home/runner/work/key/key/key.core/../key.ui/examples/heap/SmansEtAl/Iterator_hasNext.key 
114920     DEBUG main            d.u.i.k.p.i.AbstractProblemLoader Environment load took 221.7ns 
114921     INFO  main            d.u.i.k.p.i.AbstractProblemLoader Creating init config 
117586     DEBUG main            d.u.i.k.p.i.AbstractProblemLoader Init config took 2.67s 
117622     INFO  main            d.u.i.k.p.i.AbstractProblemLoader Replaying proof Iterator[Iterator::hasNext()].JML normal_behavior operation contract.0 
117623     DEBUG main            d.u.i.k.p.i.IntermediateProofReplayer Proof replay took 5.3ns 
118129     INFO  main            d.u.i.k.p.r.p.TestFile    ... finished proof: closed. 
118372     INFO  main            d.u.i.k.p.i.AbstractProblemLoader Loading environment from /home/runner/work/key/key/key.core/../key.ui/examples/heap/SmansEtAl/Iterator_hasNext.key.proof 
118372     DEBUG main            d.u.i.k.p.i.AbstractProblemLoader Environment load took 432.4ns 
118374     INFO  main            d.u.i.k.p.i.AbstractProblemLoader Creating init config 
120954     DEBUG main            d.u.i.k.p.i.AbstractProblemLoader Init config took 2.58s 
120992     INFO  main            d.u.i.k.p.i.AbstractProblemLoader Replaying proof Iterator[Iterator::hasNext()].JML normal_behavior operation contract.0 
121073     DEBUG main            d.u.i.k.p.i.IntermediateProofReplayer Proof replay took 75.22ms 
121074     DEBUG main            d.u.i.k.p.r.p.TestFile    ... success: reloaded. 
121075     INFO  main            d.u.i.k.p.r.p.TestFile    Now processing file /home/runner/work/key/key/key.core/../key.ui/examples/heap/SmansEtAl/Iterator_inv.key 
121075     INFO  main            d.u.i.k.p.i.AbstractProblemLoader Loading environment from /home/runner/work/key/key/key.core/../key.ui/examples/heap/SmansEtAl/Iterator_inv.key 
121075     DEBUG main            d.u.i.k.p.i.AbstractProblemLoader Environment load took 95.6ns 
121076     INFO  main            d.u.i.k.p.i.AbstractProblemLoader Creating init config 
123742     DEBUG main            d.u.i.k.p.i.AbstractProblemLoader Init config took 2.67s 
123777     INFO  main            d.u.i.k.p.i.AbstractProblemLoader Replaying proof Iterator[java.lang.Object::<inv>()].JML accessible clause.0 
123779     DEBUG main            d.u.i.k.p.i.IntermediateProofReplayer Proof replay took 6.5ns 
123983     INFO  main            d.u.i.k.p.r.p.TestFile    ... finished proof: closed. 
124248     INFO  main            d.u.i.k.p.i.AbstractProblemLoader Loading environment from /home/runner/work/key/key/key.core/../key.ui/examples/heap/SmansEtAl/Iterator_inv.key.proof 
124248     DEBUG main            d.u.i.k.p.i.AbstractProblemLoader Environment load took 115.6ns 
124249     INFO  main            d.u.i.k.p.i.AbstractProblemLoader Creating init config 
126828     DEBUG main            d.u.i.k.p.i.AbstractProblemLoader Init config took 2.58s 
126862     INFO  main            d.u.i.k.p.i.AbstractProblemLoader Replaying proof Iterator[java.lang.Object::<inv>()].JML accessible clause.0 
126886     DEBUG main            d.u.i.k.p.i.IntermediateProofReplayer Proof replay took 21.03ms 
126891     DEBUG main            d.u.i.k.p.r.p.TestFile    ... success: reloaded. 
126892     INFO  main            d.u.i.k.p.r.p.TestFile    Now processing file /home/runner/work/key/key/key.core/../key.ui/examples/heap/SmansEtAl/Iterator_Iterator.key 
126894     INFO  main            d.u.i.k.p.i.AbstractProblemLoader Loading environment from /home/runner/work/key/key/key.core/../key.ui/examples/heap/SmansEtAl/Iterator_Iterator.key 
126894     DEBUG main            d.u.i.k.p.i.AbstractProblemLoader Environment load took 222.7ns 
126895     INFO  main            d.u.i.k.p.i.AbstractProblemLoader Creating init config 
129542     DEBUG main            d.u.i.k.p.i.AbstractProblemLoader Init config took 2.65s 
129577     INFO  main            d.u.i.k.p.i.AbstractProblemLoader Replaying proof Iterator[Iterator::Iterator(ArrayList)].JML normal_behavior operation contract.0 
129579     DEBUG main            d.u.i.k.p.i.IntermediateProofReplayer Proof replay took 6.1ns 
130900     INFO  main            d.u.i.k.p.r.p.TestFile    ... finished proof: closed. 
131254     INFO  main            d.u.i.k.p.i.AbstractProblemLoader Loading environment from /home/runner/work/key/key/key.core/../key.ui/examples/heap/SmansEtAl/Iterator_Iterator.key.proof 
131255     DEBUG main            d.u.i.k.p.i.AbstractProblemLoader Environment load took 661ns 
131256     INFO  main            d.u.i.k.p.i.AbstractProblemLoader Creating init config 
133852     DEBUG main            d.u.i.k.p.i.AbstractProblemLoader Init config took 2.6s 
133887     INFO  main            d.u.i.k.p.i.AbstractProblemLoader Replaying proof Iterator[Iterator::Iterator(ArrayList)].JML normal_behavior operation contract.0 
134035     DEBUG main            d.u.i.k.p.i.IntermediateProofReplayer Proof replay took 134.7ms 
134037     DEBUG main            d.u.i.k.p.r.p.TestFile    ... success: reloaded. 
134038     INFO  main            d.u.i.k.p.r.p.TestFile    Now processing file /home/runner/work/key/key/key.core/../key.ui/examples/heap/SmansEtAl/Iterator_list_dep.key 
134038     INFO  main            d.u.i.k.p.i.AbstractProblemLoader Loading environment from /home/runner/work/key/key/key.core/../key.ui/examples/heap/SmansEtAl/Iterator_list_dep.key 
134038     DEBUG main            d.u.i.k.p.i.AbstractProblemLoader Environment load took 209.9ns 
134039     INFO  main            d.u.i.k.p.i.AbstractProblemLoader Creating init config 
136670     DEBUG main            d.u.i.k.p.i.AbstractProblemLoader Init config took 2.63s 
136704     INFO  main            d.u.i.k.p.i.AbstractProblemLoader Replaying proof Iterator[Iterator::list()].JML accessible clause.0 
136706     DEBUG main            d.u.i.k.p.i.IntermediateProofReplayer Proof replay took 6.5ns 
136808     INFO  main            d.u.i.k.p.r.p.TestFile    ... finished proof: closed. 
137069     INFO  main            d.u.i.k.p.i.AbstractProblemLoader Loading environment from /home/runner/work/key/key/key.core/../key.ui/examples/heap/SmansEtAl/Iterator_list_dep.key.proof 
137069     DEBUG main            d.u.i.k.p.i.AbstractProblemLoader Environment load took 192ns 
137070     INFO  main            d.u.i.k.p.i.AbstractProblemLoader Creating init config 
139658     DEBUG main            d.u.i.k.p.i.AbstractProblemLoader Init config took 2.59s 
139691     INFO  main            d.u.i.k.p.i.AbstractProblemLoader Replaying proof Iterator[Iterator::list()].JML accessible clause.0 
139708     DEBUG main            d.u.i.k.p.i.IntermediateProofReplayer Proof replay took 14.22ms 
139709     DEBUG main            d.u.i.k.p.r.p.TestFile    ... success: reloaded. 
139709     INFO  main            d.u.i.k.p.r.p.TestFile    Now processing file /home/runner/work/key/key/key.core/../key.ui/examples/heap/SmansEtAl/Iterator_list.key 
139710     INFO  main            d.u.i.k.p.i.AbstractProblemLoader Loading environment from /home/runner/work/key/key/key.core/../key.ui/examples/heap/SmansEtAl/Iterator_list.key 
139710     DEBUG main            d.u.i.k.p.i.AbstractProblemLoader Environment load took 84.5ns 
139711     INFO  main            d.u.i.k.p.i.AbstractProblemLoader Creating init config 
142363     DEBUG main            d.u.i.k.p.i.AbstractProblemLoader Init config took 2.65s 
142397     INFO  main            d.u.i.k.p.i.AbstractProblemLoader Replaying proof Iterator[Iterator::list()].JML normal_behavior operation contract.0 
142399     DEBUG main            d.u.i.k.p.i.IntermediateProofReplayer Proof replay took 6.7ns 
142504     INFO  main            d.u.i.k.p.r.p.TestFile    ... finished proof: closed. 
142773     INFO  main            d.u.i.k.p.i.AbstractProblemLoader Loading environment from /home/runner/work/key/key/key.core/../key.ui/examples/heap/SmansEtAl/Iterator_list.key.proof 
142773     DEBUG main            d.u.i.k.p.i.AbstractProblemLoader Environment load took 118.9ns 
142774     INFO  main            d.u.i.k.p.i.AbstractProblemLoader Creating init config 
145345     DEBUG main            d.u.i.k.p.i.AbstractProblemLoader Init config took 2.57s 
145380     INFO  main            d.u.i.k.p.i.AbstractProblemLoader Replaying proof Iterator[Iterator::list()].JML normal_behavior operation contract.0 
145394     DEBUG main            d.u.i.k.p.i.IntermediateProofReplayer Proof replay took 11.94ms 
145395     DEBUG main            d.u.i.k.p.r.p.TestFile    ... success: reloaded. 
145396     INFO  main            d.u.i.k.p.r.p.TestFile    Now processing file /home/runner/work/key/key/key.core/../key.ui/examples/heap/SmansEtAl/Iterator_next.key 
145396     INFO  main            d.u.i.k.p.i.AbstractProblemLoader Loading environment from /home/runner/work/key/key/key.core/../key.ui/examples/heap/SmansEtAl/Iterator_next.key 
145396     DEBUG main            d.u.i.k.p.i.AbstractProblemLoader Environment load took 94.5ns 
145397     INFO  main            d.u.i.k.p.i.AbstractProblemLoader Creating init config 
148046     DEBUG main            d.u.i.k.p.i.AbstractProblemLoader Init config took 2.65s 
148081     INFO  main            d.u.i.k.p.i.AbstractProblemLoader Replaying proof Iterator[Iterator::next()].JML normal_behavior operation contract.0 
148082     DEBUG main            d.u.i.k.p.i.IntermediateProofReplayer Proof replay took 6.5ns 
150600     INFO  main            d.u.i.k.p.r.p.TestFile    ... finished proof: closed. 
150896     INFO  main            d.u.i.k.p.i.AbstractProblemLoader Loading environment from /home/runner/work/key/key/key.core/../key.ui/examples/heap/SmansEtAl/Iterator_next.key.proof 
150896     DEBUG main            d.u.i.k.p.i.AbstractProblemLoader Environment load took 447.3ns 
150898     INFO  main            d.u.i.k.p.i.AbstractProblemLoader Creating init config 
153476     DEBUG main            d.u.i.k.p.i.AbstractProblemLoader Init config took 2.58s 
153510     INFO  main            d.u.i.k.p.i.AbstractProblemLoader Replaying proof Iterator[Iterator::next()].JML normal_behavior operation contract.0 
153739     DEBUG main            d.u.i.k.p.i.IntermediateProofReplayer Proof replay took 211.42ms 
153742     DEBUG main            d.u.i.k.p.r.p.TestFile    ... success: reloaded. 
153743     INFO  main            d.u.i.k.p.r.p.TestFile    Now processing file /home/runner/work/key/key/key.core/../key.ui/examples/heap/SmansEtAl/Stack_footprint.key 
153744     INFO  main            d.u.i.k.p.i.AbstractProblemLoader Loading environment from /home/runner/work/key/key/key.core/../key.ui/examples/heap/SmansEtAl/Stack_footprint.key 
153744     DEBUG main            d.u.i.k.p.i.AbstractProblemLoader Environment load took 205.4ns 
153745     INFO  main            d.u.i.k.p.i.AbstractProblemLoader Creating init config 
156355     DEBUG main            d.u.i.k.p.i.AbstractProblemLoader Init config took 2.61s 
156406     INFO  main            d.u.i.k.p.i.AbstractProblemLoader Replaying proof Stack[Stack::$footprint()].JML accessible clause.0 
156407     DEBUG main            d.u.i.k.p.i.IntermediateProofReplayer Proof replay took 7ns 
156612     INFO  main            d.u.i.k.p.r.p.TestFile    ... finished proof: closed. 
156893     INFO  main            d.u.i.k.p.i.AbstractProblemLoader Loading environment from /home/runner/work/key/key/key.core/../key.ui/examples/heap/SmansEtAl/Stack_footprint.key.proof 
156893     DEBUG main            d.u.i.k.p.i.AbstractProblemLoader Environment load took 115.8ns 
156894     INFO  main            d.u.i.k.p.i.AbstractProblemLoader Creating init config 
159477     DEBUG main            d.u.i.k.p.i.AbstractProblemLoader Init config took 2.58s 
159514     INFO  main            d.u.i.k.p.i.AbstractProblemLoader Replaying proof Stack[Stack::$footprint()].JML accessible clause.0 
159538     DEBUG main            d.u.i.k.p.i.IntermediateProofReplayer Proof replay took 20.09ms 
159539     DEBUG main            d.u.i.k.p.r.p.TestFile    ... success: reloaded. 
159541     INFO  main            d.u.i.k.p.r.p.TestFile    Now processing file /home/runner/work/key/key/key.core/../key.ui/examples/heap/SmansEtAl/Stack_inv.key 
159541     INFO  main            d.u.i.k.p.i.AbstractProblemLoader Loading environment from /home/runner/work/key/key/key.core/../key.ui/examples/heap/SmansEtAl/Stack_inv.key 
159541     DEBUG main            d.u.i.k.p.i.AbstractProblemLoader Environment load took 97ns 
159543     INFO  main            d.u.i.k.p.i.AbstractProblemLoader Creating init config 
162182     DEBUG main            d.u.i.k.p.i.AbstractProblemLoader Init config took 2.64s 
162215     INFO  main            d.u.i.k.p.i.AbstractProblemLoader Replaying proof Stack[java.lang.Object::<inv>()].JML accessible clause.0 
162216     DEBUG main            d.u.i.k.p.i.IntermediateProofReplayer Proof replay took 6.2ns 
162318     INFO  main            d.u.i.k.p.r.p.TestFile    ... finished proof: closed. 
162606     INFO  main            d.u.i.k.p.i.AbstractProblemLoader Loading environment from /home/runner/work/key/key/key.core/../key.ui/examples/heap/SmansEtAl/Stack_inv.key.proof 
162606     DEBUG main            d.u.i.k.p.i.AbstractProblemLoader Environment load took 115ns 
162608     INFO  main            d.u.i.k.p.i.AbstractProblemLoader Creating init config 
165170     DEBUG main            d.u.i.k.p.i.AbstractProblemLoader Init config took 2.56s 
165203     INFO  main            d.u.i.k.p.i.AbstractProblemLoader Replaying proof Stack[java.lang.Object::<inv>()].JML accessible clause.0 
165215     DEBUG main            d.u.i.k.p.i.IntermediateProofReplayer Proof replay took 8.3ms 
165219     DEBUG main            d.u.i.k.p.r.p.TestFile    ... success: reloaded. 
165221     INFO  main            d.u.i.k.p.r.p.TestFile    Now processing file /home/runner/work/key/key/key.core/../key.ui/examples/heap/SmansEtAl/Stack_push.key 
165222     INFO  main            d.u.i.k.p.i.AbstractProblemLoader Loading environment from /home/runner/work/key/key/key.core/../key.ui/examples/heap/SmansEtAl/Stack_push.key 
165225     DEBUG main            d.u.i.k.p.i.AbstractProblemLoader Environment load took 2.72ms 
165226     INFO  main            d.u.i.k.p.i.AbstractProblemLoader Creating init config 
167864     DEBUG main            d.u.i.k.p.i.AbstractProblemLoader Init config took 2.64s 
167898     INFO  main            d.u.i.k.p.i.AbstractProblemLoader Replaying proof Stack[Stack::push(java.lang.Object)].JML normal_behavior operation contract.0 
167899     DEBUG main            d.u.i.k.p.i.IntermediateProofReplayer Proof replay took 6.7ns 
168625     INFO  main            d.u.i.k.p.r.p.TestFile    ... finished proof: closed. 
168913     INFO  main            d.u.i.k.p.i.AbstractProblemLoader Loading environment from /home/runner/work/key/key/key.core/../key.ui/examples/heap/SmansEtAl/Stack_push.key.proof 
168915     DEBUG main            d.u.i.k.p.i.AbstractProblemLoader Environment load took 1.87ms 
168917     INFO  main            d.u.i.k.p.i.AbstractProblemLoader Creating init config 
171493     DEBUG main            d.u.i.k.p.i.AbstractProblemLoader Init config took 2.58s 
171527     INFO  main            d.u.i.k.p.i.AbstractProblemLoader Replaying proof Stack[Stack::push(java.lang.Object)].JML normal_behavior operation contract.0 
171617     DEBUG main            d.u.i.k.p.i.IntermediateProofReplayer Proof replay took 85.95ms 
171619     DEBUG main            d.u.i.k.p.r.p.TestFile    ... success: reloaded. 
171620     INFO  main            d.u.i.k.p.r.p.TestFile    Now processing file /home/runner/work/key/key/key.core/../key.ui/examples/heap/SmansEtAl/Stack_size.key 
171620     INFO  main            d.u.i.k.p.i.AbstractProblemLoader Loading environment from /home/runner/work/key/key/key.core/../key.ui/examples/heap/SmansEtAl/Stack_size.key 
171620     DEBUG main            d.u.i.k.p.i.AbstractProblemLoader Environment load took 91.7ns 
171621     INFO  main            d.u.i.k.p.i.AbstractProblemLoader Creating init config 
174266     DEBUG main            d.u.i.k.p.i.AbstractProblemLoader Init config took 2.64s 
174298     INFO  main            d.u.i.k.p.i.AbstractProblemLoader Replaying proof Stack[Stack::size()].JML accessible clause.0 
174300     DEBUG main            d.u.i.k.p.i.IntermediateProofReplayer Proof replay took 7.5ns 
174602     INFO  main            d.u.i.k.p.r.p.TestFile    ... finished proof: closed. 
174886     INFO  main            d.u.i.k.p.i.AbstractProblemLoader Loading environment from /home/runner/work/key/key/key.core/../key.ui/examples/heap/SmansEtAl/Stack_size.key.proof 
174886     DEBUG main            d.u.i.k.p.i.AbstractProblemLoader Environment load took 99.6ns 
174887     INFO  main            d.u.i.k.p.i.AbstractProblemLoader Creating init config 
177459     DEBUG main            d.u.i.k.p.i.AbstractProblemLoader Init config took 2.57s 
177491     INFO  main            d.u.i.k.p.i.AbstractProblemLoader Replaying proof Stack[Stack::size()].JML accessible clause.0 
177525     DEBUG main            d.u.i.k.p.i.IntermediateProofReplayer Proof replay took 32ms 
177526     DEBUG main            d.u.i.k.p.r.p.TestFile    ... success: reloaded. 
177527     INFO  main            d.u.i.k.p.r.p.TestFile    Now processing file /home/runner/work/key/key/key.core/../key.ui/examples/heap/SmansEtAl/Stack_Stack.key 
177527     INFO  main            d.u.i.k.p.i.AbstractProblemLoader Loading environment from /home/runner/work/key/key/key.core/../key.ui/examples/heap/SmansEtAl/Stack_Stack.key 
177528     DEBUG main            d.u.i.k.p.i.AbstractProblemLoader Environment load took 252.3ns 
177529     INFO  main            d.u.i.k.p.i.AbstractProblemLoader Creating init config 
180153     DEBUG main            d.u.i.k.p.i.AbstractProblemLoader Init config took 2.62s 
180186     INFO  main            d.u.i.k.p.i.AbstractProblemLoader Replaying proof Stack[Stack::Stack()].JML normal_behavior operation contract.0 
180188     DEBUG main            d.u.i.k.p.i.IntermediateProofReplayer Proof replay took 6.6ns 
181193     INFO  main            d.u.i.k.p.r.p.TestFile    ... finished proof: closed. 
181512     INFO  main            d.u.i.k.p.i.AbstractProblemLoader Loading environment from /home/runner/work/key/key/key.core/../key.ui/examples/heap/SmansEtAl/Stack_Stack.key.proof 
181512     DEBUG main            d.u.i.k.p.i.AbstractProblemLoader Environment load took 107ns 
181516     INFO  main            d.u.i.k.p.i.AbstractProblemLoader Creating init config 
184077     DEBUG main            d.u.i.k.p.i.AbstractProblemLoader Init config took 2.56s 
184110     INFO  main            d.u.i.k.p.i.AbstractProblemLoader Replaying proof Stack[Stack::Stack()].JML normal_behavior operation contract.0 
184280     DEBUG main            d.u.i.k.p.i.IntermediateProofReplayer Proof replay took 163.44ms 
184283     DEBUG main            d.u.i.k.p.r.p.TestFile    ... success: reloaded. 
184284     INFO  main            d.u.i.k.p.r.p.TestFile    Now processing file /home/runner/work/key/key/key.core/../key.ui/examples/heap/SmansEtAl/Stack_switchContents.key 
184284     INFO  main            d.u.i.k.p.i.AbstractProblemLoader Loading environment from /home/runner/work/key/key/key.core/../key.ui/examples/heap/SmansEtAl/Stack_switchContents.key 
184284     DEBUG main            d.u.i.k.p.i.AbstractProblemLoader Environment load took 189.4ns 
184286     INFO  main            d.u.i.k.p.i.AbstractProblemLoader Creating init config 
186915     DEBUG main            d.u.i.k.p.i.AbstractProblemLoader Init config took 2.63s 
186949     INFO  main            d.u.i.k.p.i.AbstractProblemLoader Replaying proof Stack[Stack::switchContents(Stack)].JML normal_behavior operation contract.0 
186950     DEBUG main            d.u.i.k.p.i.IntermediateProofReplayer Proof replay took 6.8ns 
191347     INFO  main            d.u.i.k.p.r.p.TestFile    ... finished proof: closed. 
191664     INFO  main            d.u.i.k.p.i.AbstractProblemLoader Loading environment from /home/runner/work/key/key/key.core/../key.ui/examples/heap/SmansEtAl/Stack_switchContents.key.proof 
191664     DEBUG main            d.u.i.k.p.i.AbstractProblemLoader Environment load took 403.3ns 
191666     INFO  main            d.u.i.k.p.i.AbstractProblemLoader Creating init config 
194250     DEBUG main            d.u.i.k.p.i.AbstractProblemLoader Init config took 2.58s 
194290     INFO  main            d.u.i.k.p.i.AbstractProblemLoader Replaying proof Stack[Stack::switchContents(Stack)].JML normal_behavior operation contract.0 
194566     DEBUG main            d.u.i.k.p.i.IntermediateProofReplayer Proof replay took 257.76ms 
194567     DEBUG main            d.u.i.k.p.r.p.TestFile    ... success: reloaded. 
2034500    INFO  Test worker     d.u.i.k.p.r.RunAllProofsTestUnit Returning from test SmansEtAl 
2034501    INFO  Test worker     d.u.i.k.p.r.RunAllProofsTestUnit Running test VACID0 
305        INFO  Timeout watchdog d.u.i.k.p.r.p.ForkedTestFileRunner Timeout watcher launched (2000 secs.) 
323        WARN  main            d.u.i.k.s.ProofSettings   The settings in /home/runner/.key/proof-settings.props are *not* read. 
355        INFO  main            d.u.i.k.p.r.p.TestFile    Now processing file /home/runner/work/key/key/key.core/../key.ui/examples/heap/vacid0_01_SparseArray/Harness_sparseArrayTestHarness1.key 
476        INFO  main            d.u.i.k.p.i.AbstractProblemLoader Loading environment from /home/runner/work/key/key/key.core/../key.ui/examples/heap/vacid0_01_SparseArray/Harness_sparseArrayTestHarness1.key 
493        DEBUG main            d.u.i.k.p.i.AbstractProblemLoader Environment load took 2.18ms 
713        INFO  main            d.u.i.k.p.i.AbstractProblemLoader Creating init config 
1507       DEBUG main            d.u.i.k.j.TypeConverter   No LDT found for Meta 
1507       DEBUG main            d.u.i.k.j.TypeConverter   No LDT found for Meta 
1514       DEBUG main            d.u.i.k.j.TypeConverter   No LDT found for Meta 
1514       DEBUG main            d.u.i.k.j.TypeConverter   No LDT found for Meta 
2907       DEBUG main            d.u.i.k.j.TypeConverter   No LDT found for JavaBigintExpression 
7783       DEBUG main            d.u.i.k.p.i.AbstractProblemLoader Init config took 7.07s 
7942       INFO  main            d.u.i.k.p.i.AbstractProblemLoader Replaying proof Harness[Harness::sparseArrayTestHarness1()].JML normal_behavior operation contract.0 
7975       DEBUG main            d.u.i.k.p.i.IntermediateProofReplayer Proof replay took 34.1ns 
9300       INFO  main            d.u.i.k.p.r.p.TestFile    ... finished proof: closed. 
9447       INFO  main            d.u.i.k.p.i.AbstractProblemLoader Loading environment from /home/runner/work/key/key/key.core/../key.ui/examples/heap/vacid0_01_SparseArray/Harness_sparseArrayTestHarness1.key.proof 
9447       DEBUG main            d.u.i.k.p.i.AbstractProblemLoader Environment load took 568.1ns 
9449       INFO  main            d.u.i.k.p.i.AbstractProblemLoader Creating init config 
12406      DEBUG main            d.u.i.k.p.i.AbstractProblemLoader Init config took 2.96s 
12489      INFO  main            d.u.i.k.p.i.AbstractProblemLoader Replaying proof Harness[Harness::sparseArrayTestHarness1()].JML normal_behavior operation contract.0 
12639      DEBUG main            d.u.i.k.p.i.IntermediateProofReplayer Proof replay took 140.92ms 
12646      DEBUG main            d.u.i.k.p.r.p.TestFile    ... success: reloaded. 
12648      INFO  main            d.u.i.k.p.r.p.TestFile    Now processing file /home/runner/work/key/key/key.core/../key.ui/examples/heap/vacid0_01_SparseArray/Harness_sparseArrayTestHarness2.key 
12648      INFO  main            d.u.i.k.p.i.AbstractProblemLoader Loading environment from /home/runner/work/key/key/key.core/../key.ui/examples/heap/vacid0_01_SparseArray/Harness_sparseArrayTestHarness2.key 
12649      DEBUG main            d.u.i.k.p.i.AbstractProblemLoader Environment load took 282.4ns 
12650      INFO  main            d.u.i.k.p.i.AbstractProblemLoader Creating init config 
15491      DEBUG main            d.u.i.k.p.i.AbstractProblemLoader Init config took 2.84s 
15549      INFO  main            d.u.i.k.p.i.AbstractProblemLoader Replaying proof Harness[Harness::sparseArrayTestHarness2()].JML normal_behavior operation contract.0 
15552      DEBUG main            d.u.i.k.p.i.IntermediateProofReplayer Proof replay took 6.2ns 
26854      INFO  main            d.u.i.k.p.r.p.TestFile    ... finished proof: closed. 
27074      INFO  main            d.u.i.k.p.i.AbstractProblemLoader Loading environment from /home/runner/work/key/key/key.core/../key.ui/examples/heap/vacid0_01_SparseArray/Harness_sparseArrayTestHarness2.key.proof 
27074      DEBUG main            d.u.i.k.p.i.AbstractProblemLoader Environment load took 462.1ns 
27086      INFO  main            d.u.i.k.p.i.AbstractProblemLoader Creating init config 
29783      DEBUG main            d.u.i.k.p.i.AbstractProblemLoader Init config took 2.7s 
29832      INFO  main            d.u.i.k.p.i.AbstractProblemLoader Replaying proof Harness[Harness::sparseArrayTestHarness2()].JML normal_behavior operation contract.0 
30876      DEBUG main            d.u.i.k.p.i.IntermediateProofReplayer Proof replay took 990.94ms 
30879      DEBUG main            d.u.i.k.p.r.p.TestFile    ... success: reloaded. 
30880      INFO  main            d.u.i.k.p.r.p.TestFile    Now processing file /home/runner/work/key/key/key.core/../key.ui/examples/heap/vacid0_01_SparseArray/MemoryAllocator_alloc_unsigned.key 
30881      INFO  main            d.u.i.k.p.i.AbstractProblemLoader Loading environment from /home/runner/work/key/key/key.core/../key.ui/examples/heap/vacid0_01_SparseArray/MemoryAllocator_alloc_unsigned.key 
30881      DEBUG main            d.u.i.k.p.i.AbstractProblemLoader Environment load took 227.9ns 
30882      INFO  main            d.u.i.k.p.i.AbstractProblemLoader Creating init config 
33697      DEBUG main            d.u.i.k.p.i.AbstractProblemLoader Init config took 2.81s 
33741      INFO  main            d.u.i.k.p.i.AbstractProblemLoader Replaying proof MemoryAllocator[MemoryAllocator::alloc_unsigned(int)].JML normal_behavior operation contract.0 
33743      DEBUG main            d.u.i.k.p.i.IntermediateProofReplayer Proof replay took 5.7ns 
34651      INFO  main            d.u.i.k.p.r.p.TestFile    ... finished proof: closed. 
34918      INFO  main            d.u.i.k.p.i.AbstractProblemLoader Loading environment from /home/runner/work/key/key/key.core/../key.ui/examples/heap/vacid0_01_SparseArray/MemoryAllocator_alloc_unsigned.key.proof 
34918      DEBUG main            d.u.i.k.p.i.AbstractProblemLoader Environment load took 452.7ns 
34920      INFO  main            d.u.i.k.p.i.AbstractProblemLoader Creating init config 
37659      DEBUG main            d.u.i.k.p.i.AbstractProblemLoader Init config took 2.74s 
37702      INFO  main            d.u.i.k.p.i.AbstractProblemLoader Replaying proof MemoryAllocator[MemoryAllocator::alloc_unsigned(int)].JML normal_behavior operation contract.0 
37861      DEBUG main            d.u.i.k.p.i.IntermediateProofReplayer Proof replay took 153.55ms 
37863      DEBUG main            d.u.i.k.p.r.p.TestFile    ... success: reloaded. 
37864      INFO  main            d.u.i.k.p.r.p.TestFile    Now processing file /home/runner/work/key/key/key.core/../key.ui/examples/heap/vacid0_01_SparseArray/MemoryAllocator_alloc.key 
37864      INFO  main            d.u.i.k.p.i.AbstractProblemLoader Loading environment from /home/runner/work/key/key/key.core/../key.ui/examples/heap/vacid0_01_SparseArray/MemoryAllocator_alloc.key 
37865      DEBUG main            d.u.i.k.p.i.AbstractProblemLoader Environment load took 212.9ns 
37866      INFO  main            d.u.i.k.p.i.AbstractProblemLoader Creating init config 
40545      DEBUG main            d.u.i.k.p.i.AbstractProblemLoader Init config took 2.68s 
40587      INFO  main            d.u.i.k.p.i.AbstractProblemLoader Replaying proof MemoryAllocator[MemoryAllocator::alloc(int)].JML normal_behavior operation contract.0 
40589      DEBUG main            d.u.i.k.p.i.IntermediateProofReplayer Proof replay took 5.8ns 
41192      INFO  main            d.u.i.k.p.r.p.TestFile    ... finished proof: closed. 
41349      INFO  main            d.u.i.k.p.i.AbstractProblemLoader Loading environment from /home/runner/work/key/key/key.core/../key.ui/examples/heap/vacid0_01_SparseArray/MemoryAllocator_alloc.key.proof 
41353      DEBUG main            d.u.i.k.p.i.AbstractProblemLoader Environment load took 3.33ms 
41354      INFO  main            d.u.i.k.p.i.AbstractProblemLoader Creating init config 
44027      DEBUG main            d.u.i.k.p.i.AbstractProblemLoader Init config took 2.67s 
44069      INFO  main            d.u.i.k.p.i.AbstractProblemLoader Replaying proof MemoryAllocator[MemoryAllocator::alloc(int)].JML normal_behavior operation contract.0 
44174      DEBUG main            d.u.i.k.p.i.IntermediateProofReplayer Proof replay took 100.77ms 
44176      DEBUG main            d.u.i.k.p.r.p.TestFile    ... success: reloaded. 
44177      INFO  main            d.u.i.k.p.r.p.TestFile    Now processing file /home/runner/work/key/key/key.core/../key.ui/examples/heap/vacid0_01_SparseArray/SparseArray_get_dep.key 
44177      INFO  main            d.u.i.k.p.i.AbstractProblemLoader Loading environment from /home/runner/work/key/key/key.core/../key.ui/examples/heap/vacid0_01_SparseArray/SparseArray_get_dep.key 
44177      DEBUG main            d.u.i.k.p.i.AbstractProblemLoader Environment load took 158.5ns 
44178      INFO  main            d.u.i.k.p.i.AbstractProblemLoader Creating init config 
46915      DEBUG main            d.u.i.k.p.i.AbstractProblemLoader Init config took 2.74s 
46976      INFO  main            d.u.i.k.p.i.AbstractProblemLoader Replaying proof SparseArray[SparseArray::get(int)].JML accessible clause.0 
46978      DEBUG main            d.u.i.k.p.i.IntermediateProofReplayer Proof replay took 5.4ns 
49215      INFO  main            d.u.i.k.p.r.p.TestFile    ... finished proof: closed. 
49449      INFO  main            d.u.i.k.p.i.AbstractProblemLoader Loading environment from /home/runner/work/key/key/key.core/../key.ui/examples/heap/vacid0_01_SparseArray/SparseArray_get_dep.key.proof 
49450      DEBUG main            d.u.i.k.p.i.AbstractProblemLoader Environment load took 943.91ns 
49452      INFO  main            d.u.i.k.p.i.AbstractProblemLoader Creating init config 
52113      DEBUG main            d.u.i.k.p.i.AbstractProblemLoader Init config took 2.66s 
52171      INFO  main            d.u.i.k.p.i.AbstractProblemLoader Replaying proof SparseArray[SparseArray::get(int)].JML accessible clause.0 
52344      DEBUG main            d.u.i.k.p.i.IntermediateProofReplayer Proof replay took 161.78ms 
52345      DEBUG main            d.u.i.k.p.r.p.TestFile    ... success: reloaded. 
52346      INFO  main            d.u.i.k.p.r.p.TestFile    Now processing file /home/runner/work/key/key/key.core/../key.ui/examples/heap/vacid0_01_SparseArray/SparseArray_get.key 
52347      INFO  main            d.u.i.k.p.i.AbstractProblemLoader Loading environment from /home/runner/work/key/key/key.core/../key.ui/examples/heap/vacid0_01_SparseArray/SparseArray_get.key 
52347      DEBUG main            d.u.i.k.p.i.AbstractProblemLoader Environment load took 232.2ns 
52348      INFO  main            d.u.i.k.p.i.AbstractProblemLoader Creating init config 
55068      DEBUG main            d.u.i.k.p.i.AbstractProblemLoader Init config took 2.72s 
55125      INFO  main            d.u.i.k.p.i.AbstractProblemLoader Replaying proof SparseArray[SparseArray::get(int)].JML normal_behavior operation contract.0 
55126      DEBUG main            d.u.i.k.p.i.IntermediateProofReplayer Proof replay took 6.1ns 
57234      INFO  main            d.u.i.k.p.r.p.TestFile    ... finished proof: closed. 
57426      INFO  main            d.u.i.k.p.i.AbstractProblemLoader Loading environment from /home/runner/work/key/key/key.core/../key.ui/examples/heap/vacid0_01_SparseArray/SparseArray_get.key.proof 
57427      DEBUG main            d.u.i.k.p.i.AbstractProblemLoader Environment load took 448.5ns 
57428      INFO  main            d.u.i.k.p.i.AbstractProblemLoader Creating init config 
60055      DEBUG main            d.u.i.k.p.i.AbstractProblemLoader Init config took 2.63s 
60112      INFO  main            d.u.i.k.p.i.AbstractProblemLoader Replaying proof SparseArray[SparseArray::get(int)].JML normal_behavior operation contract.0 
60310      DEBUG main            d.u.i.k.p.i.IntermediateProofReplayer Proof replay took 187.55ms 
60311      DEBUG main            d.u.i.k.p.r.p.TestFile    ... success: reloaded. 
60313      INFO  main            d.u.i.k.p.r.p.TestFile    Now processing file /home/runner/work/key/key/key.core/../key.ui/examples/heap/vacid0_01_SparseArray/SparseArray_inv.key 
60313      INFO  main            d.u.i.k.p.i.AbstractProblemLoader Loading environment from /home/runner/work/key/key/key.core/../key.ui/examples/heap/vacid0_01_SparseArray/SparseArray_inv.key 
60313      DEBUG main            d.u.i.k.p.i.AbstractProblemLoader Environment load took 228.3ns 
60314      INFO  main            d.u.i.k.p.i.AbstractProblemLoader Creating init config 
62946      DEBUG main            d.u.i.k.p.i.AbstractProblemLoader Init config took 2.63s 
63001      INFO  main            d.u.i.k.p.i.AbstractProblemLoader Replaying proof SparseArray[java.lang.Object::<inv>()].JML accessible clause.0 
63003      DEBUG main            d.u.i.k.p.i.IntermediateProofReplayer Proof replay took 6.2ns 
64737      INFO  main            d.u.i.k.p.r.p.TestFile    ... finished proof: closed. 
64964      INFO  main            d.u.i.k.p.i.AbstractProblemLoader Loading environment from /home/runner/work/key/key/key.core/../key.ui/examples/heap/vacid0_01_SparseArray/SparseArray_inv.key.proof 
64965      DEBUG main            d.u.i.k.p.i.AbstractProblemLoader Environment load took 443.2ns 
64966      INFO  main            d.u.i.k.p.i.AbstractProblemLoader Creating init config 
67567      DEBUG main            d.u.i.k.p.i.AbstractProblemLoader Init config took 2.6s 
67636      INFO  main            d.u.i.k.p.i.AbstractProblemLoader Replaying proof SparseArray[java.lang.Object::<inv>()].JML accessible clause.0 
67707      DEBUG main            d.u.i.k.p.i.IntermediateProofReplayer Proof replay took 64.35ms 
67709      DEBUG main            d.u.i.k.p.r.p.TestFile    ... success: reloaded. 
67710      INFO  main            d.u.i.k.p.r.p.TestFile    Now processing file /home/runner/work/key/key/key.core/../key.ui/examples/heap/vacid0_01_SparseArray/SparseArray_SparseArray.key 
67710      INFO  main            d.u.i.k.p.i.AbstractProblemLoader Loading environment from /home/runner/work/key/key/key.core/../key.ui/examples/heap/vacid0_01_SparseArray/SparseArray_SparseArray.key 
67711      DEBUG main            d.u.i.k.p.i.AbstractProblemLoader Environment load took 206.9ns 
67712      INFO  main            d.u.i.k.p.i.AbstractProblemLoader Creating init config 
70292      DEBUG main            d.u.i.k.p.i.AbstractProblemLoader Init config took 2.58s 
70365      INFO  main            d.u.i.k.p.i.AbstractProblemLoader Replaying proof SparseArray[SparseArray::SparseArray(int)].JML normal_behavior operation contract.0 
70366      DEBUG main            d.u.i.k.p.i.IntermediateProofReplayer Proof replay took 7.1ns 
73640      INFO  main            d.u.i.k.p.r.p.TestFile    ... finished proof: closed. 
73841      INFO  main            d.u.i.k.p.i.AbstractProblemLoader Loading environment from /home/runner/work/key/key/key.core/../key.ui/examples/heap/vacid0_01_SparseArray/SparseArray_SparseArray.key.proof 
73842      DEBUG main            d.u.i.k.p.i.AbstractProblemLoader Environment load took 433.2ns 
73843      INFO  main            d.u.i.k.p.i.AbstractProblemLoader Creating init config 
76440      DEBUG main            d.u.i.k.p.i.AbstractProblemLoader Init config took 2.6s 
76505      INFO  main            d.u.i.k.p.i.AbstractProblemLoader Replaying proof SparseArray[SparseArray::SparseArray(int)].JML normal_behavior operation contract.0 
76786      DEBUG main            d.u.i.k.p.i.IntermediateProofReplayer Proof replay took 270.89ms 
76788      DEBUG main            d.u.i.k.p.r.p.TestFile    ... success: reloaded. 
2111470    INFO  Test worker     d.u.i.k.p.r.RunAllProofsTestUnit Returning from test VACID0 
2111471    INFO  Test worker     d.u.i.k.p.r.RunAllProofsTestUnit Running test VSTTE10 
333        INFO  Timeout watchdog d.u.i.k.p.r.p.ForkedTestFileRunner Timeout watcher launched (2000 secs.) 
347        WARN  main            d.u.i.k.s.ProofSettings   The settings in /home/runner/.key/proof-settings.props are *not* read. 
393        INFO  main            d.u.i.k.p.r.p.TestFile    Now processing file /home/runner/work/key/key/key.core/../key.ui/examples/heap/vstte10_01_SumAndMax/SumAndMax_sumAndMax.key 
554        INFO  main            d.u.i.k.p.i.AbstractProblemLoader Loading environment from /home/runner/work/key/key/key.core/../key.ui/examples/heap/vstte10_01_SumAndMax/SumAndMax_sumAndMax.key 
570        DEBUG main            d.u.i.k.p.i.AbstractProblemLoader Environment load took 1.98ms 
784        INFO  main            d.u.i.k.p.i.AbstractProblemLoader Creating init config 
1599       DEBUG main            d.u.i.k.j.TypeConverter   No LDT found for Meta 
1600       DEBUG main            d.u.i.k.j.TypeConverter   No LDT found for Meta 
1602       DEBUG main            d.u.i.k.j.TypeConverter   No LDT found for Meta 
1602       DEBUG main            d.u.i.k.j.TypeConverter   No LDT found for Meta 
2963       DEBUG main            d.u.i.k.j.TypeConverter   No LDT found for JavaBigintExpression 
7902       DEBUG main            d.u.i.k.p.i.AbstractProblemLoader Init config took 7.12s 
8080       INFO  main            d.u.i.k.p.i.AbstractProblemLoader Replaying proof SumAndMax[SumAndMax::sumAndMax([I)].JML normal_behavior operation contract.0 
8119       DEBUG main            d.u.i.k.p.i.IntermediateProofReplayer Proof replay took 32.1ns 
13049      INFO  main            d.u.i.k.p.r.p.TestFile    ... finished proof: closed. 
13251      INFO  main            d.u.i.k.p.i.AbstractProblemLoader Loading environment from /home/runner/work/key/key/key.core/../key.ui/examples/heap/vstte10_01_SumAndMax/SumAndMax_sumAndMax.key.proof 
13253      DEBUG main            d.u.i.k.p.i.AbstractProblemLoader Environment load took 873.01ns 
13256      INFO  main            d.u.i.k.p.i.AbstractProblemLoader Creating init config 
16139      DEBUG main            d.u.i.k.p.i.AbstractProblemLoader Init config took 2.88s 
16213      INFO  main            d.u.i.k.p.i.AbstractProblemLoader Replaying proof SumAndMax[SumAndMax::sumAndMax([I)].JML normal_behavior operation contract.0 
16724      DEBUG main            d.u.i.k.p.i.IntermediateProofReplayer Proof replay took 486.43ms 
16737      DEBUG main            d.u.i.k.p.r.p.TestFile    ... success: reloaded. 
16742      INFO  main            d.u.i.k.p.r.p.TestFile    Now processing file /home/runner/work/key/key/key.core/../key.ui/examples/heap/vstte10_03_LinkedList/Node_cons.key 
16743      INFO  main            d.u.i.k.p.i.AbstractProblemLoader Loading environment from /home/runner/work/key/key/key.core/../key.ui/examples/heap/vstte10_03_LinkedList/Node_cons.key 
16743      DEBUG main            d.u.i.k.p.i.AbstractProblemLoader Environment load took 124.7ns 
16746      INFO  main            d.u.i.k.p.i.AbstractProblemLoader Creating init config 
19611      DEBUG main            d.u.i.k.p.i.AbstractProblemLoader Init config took 2.87s 
19673      INFO  main            d.u.i.k.p.i.AbstractProblemLoader Replaying proof Node[Node::cons(int,Node)].JML normal_behavior operation contract.0 
19676      DEBUG main            d.u.i.k.p.i.IntermediateProofReplayer Proof replay took 15.2ns 
21084      INFO  main            d.u.i.k.p.r.p.TestFile    ... finished proof: closed. 
21258      INFO  main            d.u.i.k.p.i.AbstractProblemLoader Loading environment from /home/runner/work/key/key/key.core/../key.ui/examples/heap/vstte10_03_LinkedList/Node_cons.key.proof 
21259      DEBUG main            d.u.i.k.p.i.AbstractProblemLoader Environment load took 440.4ns 
21260      INFO  main            d.u.i.k.p.i.AbstractProblemLoader Creating init config 
24030      DEBUG main            d.u.i.k.p.i.AbstractProblemLoader Init config took 2.77s 
24085      INFO  main            d.u.i.k.p.i.AbstractProblemLoader Replaying proof Node[Node::cons(int,Node)].JML normal_behavior operation contract.0 
24327      DEBUG main            d.u.i.k.p.i.IntermediateProofReplayer Proof replay took 231.24ms 
24330      DEBUG main            d.u.i.k.p.r.p.TestFile    ... success: reloaded. 
24331      INFO  main            d.u.i.k.p.r.p.TestFile    Now processing file /home/runner/work/key/key/key.core/../key.ui/examples/heap/vstte10_03_LinkedList/Node_inv.key 
24332      INFO  main            d.u.i.k.p.i.AbstractProblemLoader Loading environment from /home/runner/work/key/key/key.core/../key.ui/examples/heap/vstte10_03_LinkedList/Node_inv.key 
24332      DEBUG main            d.u.i.k.p.i.AbstractProblemLoader Environment load took 223.2ns 
24333      INFO  main            d.u.i.k.p.i.AbstractProblemLoader Creating init config 
27050      DEBUG main            d.u.i.k.p.i.AbstractProblemLoader Init config took 2.72s 
27105      INFO  main            d.u.i.k.p.i.AbstractProblemLoader Replaying proof Node[java.lang.Object::<inv>()].JML accessible clause.0 
27107      DEBUG main            d.u.i.k.p.i.IntermediateProofReplayer Proof replay took 5.6ns 
27411      INFO  main            d.u.i.k.p.r.p.TestFile    ... finished proof: closed. 
27573      INFO  main            d.u.i.k.p.i.AbstractProblemLoader Loading environment from /home/runner/work/key/key/key.core/../key.ui/examples/heap/vstte10_03_LinkedList/Node_inv.key.proof 
27574      DEBUG main            d.u.i.k.p.i.AbstractProblemLoader Environment load took 129.9ns 
27575      INFO  main            d.u.i.k.p.i.AbstractProblemLoader Creating init config 
30276      DEBUG main            d.u.i.k.p.i.AbstractProblemLoader Init config took 2.7s 
30325      INFO  main            d.u.i.k.p.i.AbstractProblemLoader Replaying proof Node[java.lang.Object::<inv>()].JML accessible clause.0 
30351      DEBUG main            d.u.i.k.p.i.IntermediateProofReplayer Proof replay took 22.04ms 
30352      DEBUG main            d.u.i.k.p.r.p.TestFile    ... success: reloaded. 
30353      INFO  main            d.u.i.k.p.r.p.TestFile    Now processing file /home/runner/work/key/key/key.core/../key.ui/examples/heap/vstte10_03_LinkedList/Node_search.key 
30354      INFO  main            d.u.i.k.p.i.AbstractProblemLoader Loading environment from /home/runner/work/key/key/key.core/../key.ui/examples/heap/vstte10_03_LinkedList/Node_search.key 
30354      DEBUG main            d.u.i.k.p.i.AbstractProblemLoader Environment load took 209.2ns 
30355      INFO  main            d.u.i.k.p.i.AbstractProblemLoader Creating init config 
33014      DEBUG main            d.u.i.k.p.i.AbstractProblemLoader Init config took 2.66s 
33063      INFO  main            d.u.i.k.p.i.AbstractProblemLoader Replaying proof Node[Node::search()].JML normal_behavior operation contract.0 
33065      DEBUG main            d.u.i.k.p.i.IntermediateProofReplayer Proof replay took 13.9ns 
38908      INFO  main            d.u.i.k.p.r.p.TestFile    ... finished proof: closed. 
39191      INFO  main            d.u.i.k.p.i.AbstractProblemLoader Loading environment from /home/runner/work/key/key/key.core/../key.ui/examples/heap/vstte10_03_LinkedList/Node_search.key.proof 
39192      DEBUG main            d.u.i.k.p.i.AbstractProblemLoader Environment load took 514.5ns 
39195      INFO  main            d.u.i.k.p.i.AbstractProblemLoader Creating init config 
41811      DEBUG main            d.u.i.k.p.i.AbstractProblemLoader Init config took 2.62s 
41873      INFO  main            d.u.i.k.p.i.AbstractProblemLoader Replaying proof Node[Node::search()].JML normal_behavior operation contract.0 
42302      DEBUG main            d.u.i.k.p.i.IntermediateProofReplayer Proof replay took 389.37ms 
42305      DEBUG main            d.u.i.k.p.r.p.TestFile    ... success: reloaded. 
42306      INFO  main            d.u.i.k.p.r.p.TestFile    Now processing file /home/runner/work/key/key/key.core/../key.ui/examples/heap/vstte10_04_Queens/Queens_isConsistent.key 
42307      INFO  main            d.u.i.k.p.i.AbstractProblemLoader Loading environment from /home/runner/work/key/key/key.core/../key.ui/examples/heap/vstte10_04_Queens/Queens_isConsistent.key 
42307      DEBUG main            d.u.i.k.p.i.AbstractProblemLoader Environment load took 224ns 
42308      INFO  main            d.u.i.k.p.i.AbstractProblemLoader Creating init config 
45281      DEBUG main            d.u.i.k.p.i.AbstractProblemLoader Init config took 2.97s 
45342      INFO  main            d.u.i.k.p.i.AbstractProblemLoader Replaying proof Queens[Queens::isConsistent([I,int)].JML normal_behavior operation contract.0 
45344      DEBUG main            d.u.i.k.p.i.IntermediateProofReplayer Proof replay took 6.1ns 
47055      INFO  main            d.u.i.k.p.r.p.TestFile    ... finished proof: closed. 
47276      INFO  main            d.u.i.k.p.i.AbstractProblemLoader Loading environment from /home/runner/work/key/key/key.core/../key.ui/examples/heap/vstte10_04_Queens/Queens_isConsistent.key.proof 
47277      DEBUG main            d.u.i.k.p.i.AbstractProblemLoader Environment load took 438.2ns 
47278      INFO  main            d.u.i.k.p.i.AbstractProblemLoader Creating init config 
49969      DEBUG main            d.u.i.k.p.i.AbstractProblemLoader Init config took 2.69s 
50010      INFO  main            d.u.i.k.p.i.AbstractProblemLoader Replaying proof Queens[Queens::isConsistent([I,int)].JML normal_behavior operation contract.0 
50274      DEBUG main            d.u.i.k.p.i.IntermediateProofReplayer Proof replay took 256.52ms 
50276      DEBUG main            d.u.i.k.p.r.p.TestFile    ... success: reloaded. 
50277      INFO  main            d.u.i.k.p.r.p.TestFile    Now processing file /home/runner/work/key/key/key.core/../key.ui/examples/heap/vstte10_04_Queens/Queens_nQueens.key 
50277      INFO  main            d.u.i.k.p.i.AbstractProblemLoader Loading environment from /home/runner/work/key/key/key.core/../key.ui/examples/heap/vstte10_04_Queens/Queens_nQueens.key 
50278      DEBUG main            d.u.i.k.p.i.AbstractProblemLoader Environment load took 233.1ns 
50279      INFO  main            d.u.i.k.p.i.AbstractProblemLoader Creating init config 
53067      DEBUG main            d.u.i.k.p.i.AbstractProblemLoader Init config took 2.79s 
53115      INFO  main            d.u.i.k.p.i.AbstractProblemLoader Replaying proof Queens[Queens::nQueens(int)].JML normal_behavior operation contract.0 
53119      DEBUG main            d.u.i.k.p.i.IntermediateProofReplayer Proof replay took 6.5ns 
65164      INFO  main            d.u.i.k.p.r.p.TestFile    ... finished proof: closed. 
65404      INFO  main            d.u.i.k.p.i.AbstractProblemLoader Loading environment from /home/runner/work/key/key/key.core/../key.ui/examples/heap/vstte10_04_Queens/Queens_nQueens.key.proof 
65405      DEBUG main            d.u.i.k.p.i.AbstractProblemLoader Environment load took 220.3ns 
65406      INFO  main            d.u.i.k.p.i.AbstractProblemLoader Creating init config 
68085      DEBUG main            d.u.i.k.p.i.AbstractProblemLoader Init config took 2.68s 
68125      INFO  main            d.u.i.k.p.i.AbstractProblemLoader Replaying proof Queens[Queens::nQueens(int)].JML normal_behavior operation contract.0 
68520      DEBUG main            d.u.i.k.p.i.IntermediateProofReplayer Proof replay took 378.95ms 
68522      DEBUG main            d.u.i.k.p.r.p.TestFile    ... success: reloaded. 
68523      INFO  main            d.u.i.k.p.r.p.TestFile    Now processing file /home/runner/work/key/key/key.core/../key.ui/examples/heap/vstte10_05_Queue/AmortizedQueue_AmortizedQueue.key 
68524      INFO  main            d.u.i.k.p.i.AbstractProblemLoader Loading environment from /home/runner/work/key/key/key.core/../key.ui/examples/heap/vstte10_05_Queue/AmortizedQueue_AmortizedQueue.key 
68524      DEBUG main            d.u.i.k.p.i.AbstractProblemLoader Environment load took 223.8ns 
68525      INFO  main            d.u.i.k.p.i.AbstractProblemLoader Creating init config 
71336      DEBUG main            d.u.i.k.p.i.AbstractProblemLoader Init config took 2.81s 
71395      INFO  main            d.u.i.k.p.i.AbstractProblemLoader Replaying proof AmortizedQueue[AmortizedQueue::AmortizedQueue()].JML normal_behavior operation contract.0 
71397      DEBUG main            d.u.i.k.p.i.IntermediateProofReplayer Proof replay took 5.5ns 
72806      INFO  main            d.u.i.k.p.r.p.TestFile    ... finished proof: closed. 
73002      INFO  main            d.u.i.k.p.i.AbstractProblemLoader Loading environment from /home/runner/work/key/key/key.core/../key.ui/examples/heap/vstte10_05_Queue/AmortizedQueue_AmortizedQueue.key.proof 
73002      DEBUG main            d.u.i.k.p.i.AbstractProblemLoader Environment load took 505.1ns 
73004      INFO  main            d.u.i.k.p.i.AbstractProblemLoader Creating init config 
75713      DEBUG main            d.u.i.k.p.i.AbstractProblemLoader Init config took 2.71s 
75769      INFO  main            d.u.i.k.p.i.AbstractProblemLoader Replaying proof AmortizedQueue[AmortizedQueue::AmortizedQueue()].JML normal_behavior operation contract.0 
75947      DEBUG main            d.u.i.k.p.i.IntermediateProofReplayer Proof replay took 170.89ms 
75948      DEBUG main            d.u.i.k.p.r.p.TestFile    ... success: reloaded. 
75949      INFO  main            d.u.i.k.p.r.p.TestFile    Now processing file /home/runner/work/key/key/key.core/../key.ui/examples/heap/vstte10_05_Queue/AmortizedQueue_front.key 
75949      INFO  main            d.u.i.k.p.i.AbstractProblemLoader Loading environment from /home/runner/work/key/key/key.core/../key.ui/examples/heap/vstte10_05_Queue/AmortizedQueue_front.key 
75949      DEBUG main            d.u.i.k.p.i.AbstractProblemLoader Environment load took 100.9ns 
75950      INFO  main            d.u.i.k.p.i.AbstractProblemLoader Creating init config 
78684      DEBUG main            d.u.i.k.p.i.AbstractProblemLoader Init config took 2.73s 
78725      INFO  main            d.u.i.k.p.i.AbstractProblemLoader Replaying proof AmortizedQueue[AmortizedQueue::front()].JML normal_behavior operation contract.0 
78727      DEBUG main            d.u.i.k.p.i.IntermediateProofReplayer Proof replay took 6.8ns 
79232      INFO  main            d.u.i.k.p.r.p.TestFile    ... finished proof: closed. 
79441      INFO  main            d.u.i.k.p.i.AbstractProblemLoader Loading environment from /home/runner/work/key/key/key.core/../key.ui/examples/heap/vstte10_05_Queue/AmortizedQueue_front.key.proof 
79444      DEBUG main            d.u.i.k.p.i.AbstractProblemLoader Environment load took 2.29ms 
79446      INFO  main            d.u.i.k.p.i.AbstractProblemLoader Creating init config 
82153      DEBUG main            d.u.i.k.p.i.AbstractProblemLoader Init config took 2.71s 
82195      INFO  main            d.u.i.k.p.i.AbstractProblemLoader Replaying proof AmortizedQueue[AmortizedQueue::front()].JML normal_behavior operation contract.0 
82233      DEBUG main            d.u.i.k.p.i.IntermediateProofReplayer Proof replay took 35.23ms 
82234      DEBUG main            d.u.i.k.p.r.p.TestFile    ... success: reloaded. 
82235      INFO  main            d.u.i.k.p.r.p.TestFile    Now processing file /home/runner/work/key/key/key.core/../key.ui/examples/heap/vstte10_05_Queue/LinkedList_concat.key 
82235      INFO  main            d.u.i.k.p.i.AbstractProblemLoader Loading environment from /home/runner/work/key/key/key.core/../key.ui/examples/heap/vstte10_05_Queue/LinkedList_concat.key 
82235      DEBUG main            d.u.i.k.p.i.AbstractProblemLoader Environment load took 97.7ns 
82236      INFO  main            d.u.i.k.p.i.AbstractProblemLoader Creating init config 
84928      DEBUG main            d.u.i.k.p.i.AbstractProblemLoader Init config took 2.69s 
84972      INFO  main            d.u.i.k.p.i.AbstractProblemLoader Replaying proof LinkedList[LinkedList::concat(LinkedList)].JML normal_behavior operation contract.0 
84974      DEBUG main            d.u.i.k.p.i.IntermediateProofReplayer Proof replay took 5.7ns 
92681      INFO  main            d.u.i.k.p.r.p.TestFile    ... finished proof: closed. 
92950      INFO  main            d.u.i.k.p.i.AbstractProblemLoader Loading environment from /home/runner/work/key/key/key.core/../key.ui/examples/heap/vstte10_05_Queue/LinkedList_concat.key.proof 
92951      DEBUG main            d.u.i.k.p.i.AbstractProblemLoader Environment load took 471.1ns 
92953      INFO  main            d.u.i.k.p.i.AbstractProblemLoader Creating init config 
95589      DEBUG main            d.u.i.k.p.i.AbstractProblemLoader Init config took 2.64s 
95633      INFO  main            d.u.i.k.p.i.AbstractProblemLoader Replaying proof LinkedList[LinkedList::concat(LinkedList)].JML normal_behavior operation contract.0 
96075      DEBUG main            d.u.i.k.p.i.IntermediateProofReplayer Proof replay took 416.51ms 
96077      DEBUG main            d.u.i.k.p.r.p.TestFile    ... success: reloaded. 
96079      INFO  main            d.u.i.k.p.r.p.TestFile    Now processing file /home/runner/work/key/key/key.core/../key.ui/examples/heap/vstte10_05_Queue/LinkedList_cons.key 
96079      INFO  main            d.u.i.k.p.i.AbstractProblemLoader Loading environment from /home/runner/work/key/key/key.core/../key.ui/examples/heap/vstte10_05_Queue/LinkedList_cons.key 
96079      DEBUG main            d.u.i.k.p.i.AbstractProblemLoader Environment load took 238.1ns 
96080      INFO  main            d.u.i.k.p.i.AbstractProblemLoader Creating init config 
98805      DEBUG main            d.u.i.k.p.i.AbstractProblemLoader Init config took 2.73s 
98848      INFO  main            d.u.i.k.p.i.AbstractProblemLoader Replaying proof LinkedList[LinkedList::cons(int)].JML normal_behavior operation contract.0 
98850      DEBUG main            d.u.i.k.p.i.IntermediateProofReplayer Proof replay took 6.4ns 
101062     INFO  main            d.u.i.k.p.r.p.TestFile    ... finished proof: closed. 
101291     INFO  main            d.u.i.k.p.i.AbstractProblemLoader Loading environment from /home/runner/work/key/key/key.core/../key.ui/examples/heap/vstte10_05_Queue/LinkedList_cons.key.proof 
101291     DEBUG main            d.u.i.k.p.i.AbstractProblemLoader Environment load took 432.5ns 
101292     INFO  main            d.u.i.k.p.i.AbstractProblemLoader Creating init config 
103961     DEBUG main            d.u.i.k.p.i.AbstractProblemLoader Init config took 2.67s 
104003     INFO  main            d.u.i.k.p.i.AbstractProblemLoader Replaying proof LinkedList[LinkedList::cons(int)].JML normal_behavior operation contract.0 
104208     DEBUG main            d.u.i.k.p.i.IntermediateProofReplayer Proof replay took 195.76ms 
104209     DEBUG main            d.u.i.k.p.r.p.TestFile    ... success: reloaded. 
104210     INFO  main            d.u.i.k.p.r.p.TestFile    Now processing file /home/runner/work/key/key/key.core/../key.ui/examples/heap/vstte10_05_Queue/LinkedList_head.key 
104210     INFO  main            d.u.i.k.p.i.AbstractProblemLoader Loading environment from /home/runner/work/key/key/key.core/../key.ui/examples/heap/vstte10_05_Queue/LinkedList_head.key 
104210     DEBUG main            d.u.i.k.p.i.AbstractProblemLoader Environment load took 98ns 
104211     INFO  main            d.u.i.k.p.i.AbstractProblemLoader Creating init config 
106904     DEBUG main            d.u.i.k.p.i.AbstractProblemLoader Init config took 2.69s 
106946     INFO  main            d.u.i.k.p.i.AbstractProblemLoader Replaying proof LinkedList[LinkedList::head()].JML normal_behavior operation contract.0 
106948     DEBUG main            d.u.i.k.p.i.IntermediateProofReplayer Proof replay took 6ns 
107050     INFO  main            d.u.i.k.p.r.p.TestFile    ... finished proof: closed. 
107256     INFO  main            d.u.i.k.p.i.AbstractProblemLoader Loading environment from /home/runner/work/key/key/key.core/../key.ui/examples/heap/vstte10_05_Queue/LinkedList_head.key.proof 
107256     DEBUG main            d.u.i.k.p.i.AbstractProblemLoader Environment load took 123.9ns 
107258     INFO  main            d.u.i.k.p.i.AbstractProblemLoader Creating init config 
109916     DEBUG main            d.u.i.k.p.i.AbstractProblemLoader Init config took 2.66s 
109958     INFO  main            d.u.i.k.p.i.AbstractProblemLoader Replaying proof LinkedList[LinkedList::head()].JML normal_behavior operation contract.0 
109969     DEBUG main            d.u.i.k.p.i.IntermediateProofReplayer Proof replay took 9.69ms 
109970     DEBUG main            d.u.i.k.p.r.p.TestFile    ... success: reloaded. 
109971     INFO  main            d.u.i.k.p.r.p.TestFile    Now processing file /home/runner/work/key/key/key.core/../key.ui/examples/heap/vstte10_05_Queue/LinkedList_inv.key 
109971     INFO  main            d.u.i.k.p.i.AbstractProblemLoader Loading environment from /home/runner/work/key/key/key.core/../key.ui/examples/heap/vstte10_05_Queue/LinkedList_inv.key 
109972     DEBUG main            d.u.i.k.p.i.AbstractProblemLoader Environment load took 125.2ns 
109972     INFO  main            d.u.i.k.p.i.AbstractProblemLoader Creating init config 
112733     DEBUG main            d.u.i.k.p.i.AbstractProblemLoader Init config took 2.76s 
112793     INFO  main            d.u.i.k.p.i.AbstractProblemLoader Replaying proof LinkedList[java.lang.Object::<inv>()].JML accessible clause.0 
112797     DEBUG main            d.u.i.k.p.i.IntermediateProofReplayer Proof replay took 6.4ns 
113099     INFO  main            d.u.i.k.p.r.p.TestFile    ... finished proof: closed. 
113323     INFO  main            d.u.i.k.p.i.AbstractProblemLoader Loading environment from /home/runner/work/key/key/key.core/../key.ui/examples/heap/vstte10_05_Queue/LinkedList_inv.key.proof 
113324     DEBUG main            d.u.i.k.p.i.AbstractProblemLoader Environment load took 126ns 
113325     INFO  main            d.u.i.k.p.i.AbstractProblemLoader Creating init config 
115956     DEBUG main            d.u.i.k.p.i.AbstractProblemLoader Init config took 2.63s 
116008     INFO  main            d.u.i.k.p.i.AbstractProblemLoader Replaying proof LinkedList[java.lang.Object::<inv>()].JML accessible clause.0 
116026     DEBUG main            d.u.i.k.p.i.IntermediateProofReplayer Proof replay took 16.27ms 
116027     DEBUG main            d.u.i.k.p.r.p.TestFile    ... success: reloaded. 
116028     INFO  main            d.u.i.k.p.r.p.TestFile    Now processing file /home/runner/work/key/key/key.core/../key.ui/examples/heap/vstte10_05_Queue/LinkedList_length.key 
116028     INFO  main            d.u.i.k.p.i.AbstractProblemLoader Loading environment from /home/runner/work/key/key/key.core/../key.ui/examples/heap/vstte10_05_Queue/LinkedList_length.key 
116029     DEBUG main            d.u.i.k.p.i.AbstractProblemLoader Environment load took 111ns 
116029     INFO  main            d.u.i.k.p.i.AbstractProblemLoader Creating init config 
118735     DEBUG main            d.u.i.k.p.i.AbstractProblemLoader Init config took 2.71s 
118793     INFO  main            d.u.i.k.p.i.AbstractProblemLoader Replaying proof LinkedList[LinkedList::length()].JML normal_behavior operation contract.0 
118794     DEBUG main            d.u.i.k.p.i.IntermediateProofReplayer Proof replay took 5.6ns 
118897     INFO  main            d.u.i.k.p.r.p.TestFile    ... finished proof: closed. 
119117     INFO  main            d.u.i.k.p.i.AbstractProblemLoader Loading environment from /home/runner/work/key/key/key.core/../key.ui/examples/heap/vstte10_05_Queue/LinkedList_length.key.proof 
119118     DEBUG main            d.u.i.k.p.i.AbstractProblemLoader Environment load took 137ns 
119118     INFO  main            d.u.i.k.p.i.AbstractProblemLoader Creating init config 
121767     DEBUG main            d.u.i.k.p.i.AbstractProblemLoader Init config took 2.65s 
121808     INFO  main            d.u.i.k.p.i.AbstractProblemLoader Replaying proof LinkedList[LinkedList::length()].JML normal_behavior operation contract.0 
121819     DEBUG main            d.u.i.k.p.i.IntermediateProofReplayer Proof replay took 9.38ms 
121820     DEBUG main            d.u.i.k.p.r.p.TestFile    ... success: reloaded. 
121821     INFO  main            d.u.i.k.p.r.p.TestFile    Now processing file /home/runner/work/key/key/key.core/../key.ui/examples/heap/vstte10_05_Queue/LinkedList_LinkedList1.key 
121821     INFO  main            d.u.i.k.p.i.AbstractProblemLoader Loading environment from /home/runner/work/key/key/key.core/../key.ui/examples/heap/vstte10_05_Queue/LinkedList_LinkedList1.key 
121821     DEBUG main            d.u.i.k.p.i.AbstractProblemLoader Environment load took 93.3ns 
121822     INFO  main            d.u.i.k.p.i.AbstractProblemLoader Creating init config 
124487     DEBUG main            d.u.i.k.p.i.AbstractProblemLoader Init config took 2.66s 
124546     INFO  main            d.u.i.k.p.i.AbstractProblemLoader Replaying proof LinkedList[LinkedList::LinkedList(int,LinkedList)].JML normal_behavior operation contract.0 
124548     DEBUG main            d.u.i.k.p.i.IntermediateProofReplayer Proof replay took 5.5ns 
126271     INFO  main            d.u.i.k.p.r.p.TestFile    ... finished proof: closed. 
126529     INFO  main            d.u.i.k.p.i.AbstractProblemLoader Loading environment from /home/runner/work/key/key/key.core/../key.ui/examples/heap/vstte10_05_Queue/LinkedList_LinkedList1.key.proof 
126529     DEBUG main            d.u.i.k.p.i.AbstractProblemLoader Environment load took 131.5ns 
126530     INFO  main            d.u.i.k.p.i.AbstractProblemLoader Creating init config 
129146     DEBUG main            d.u.i.k.p.i.AbstractProblemLoader Init config took 2.62s 
129199     INFO  main            d.u.i.k.p.i.AbstractProblemLoader Replaying proof LinkedList[LinkedList::LinkedList(int,LinkedList)].JML normal_behavior operation contract.0 
129363     DEBUG main            d.u.i.k.p.i.IntermediateProofReplayer Proof replay took 157.53ms 
129364     DEBUG main            d.u.i.k.p.r.p.TestFile    ... success: reloaded. 
129366     INFO  main            d.u.i.k.p.r.p.TestFile    Now processing file /home/runner/work/key/key/key.core/../key.ui/examples/heap/vstte10_05_Queue/LinkedList_LinkedList2.key 
129366     INFO  main            d.u.i.k.p.i.AbstractProblemLoader Loading environment from /home/runner/work/key/key/key.core/../key.ui/examples/heap/vstte10_05_Queue/LinkedList_LinkedList2.key 
129367     DEBUG main            d.u.i.k.p.i.AbstractProblemLoader Environment load took 224.8ns 
129368     INFO  main            d.u.i.k.p.i.AbstractProblemLoader Creating init config 
132091     DEBUG main            d.u.i.k.p.i.AbstractProblemLoader Init config took 2.72s 
132133     INFO  main            d.u.i.k.p.i.AbstractProblemLoader Replaying proof LinkedList[LinkedList::LinkedList(int,LinkedList)].JML normal_behavior operation contract.0 
132135     DEBUG main            d.u.i.k.p.i.IntermediateProofReplayer Proof replay took 5.7ns 
133943     INFO  main            d.u.i.k.p.r.p.TestFile    ... finished proof: closed. 
134198     INFO  main            d.u.i.k.p.i.AbstractProblemLoader Loading environment from /home/runner/work/key/key/key.core/../key.ui/examples/heap/vstte10_05_Queue/LinkedList_LinkedList2.key.proof 
134198     DEBUG main            d.u.i.k.p.i.AbstractProblemLoader Environment load took 130.9ns 
134199     INFO  main            d.u.i.k.p.i.AbstractProblemLoader Creating init config 
136837     DEBUG main            d.u.i.k.p.i.AbstractProblemLoader Init config took 2.64s 
136878     INFO  main            d.u.i.k.p.i.AbstractProblemLoader Replaying proof LinkedList[LinkedList::LinkedList(int,LinkedList)].JML normal_behavior operation contract.0 
137038     DEBUG main            d.u.i.k.p.i.IntermediateProofReplayer Proof replay took 153.83ms 
137040     DEBUG main            d.u.i.k.p.r.p.TestFile    ... success: reloaded. 
137041     INFO  main            d.u.i.k.p.r.p.TestFile    Now processing file /home/runner/work/key/key/key.core/../key.ui/examples/heap/vstte10_05_Queue/LinkedList_LinkedList3.key 
137041     INFO  main            d.u.i.k.p.i.AbstractProblemLoader Loading environment from /home/runner/work/key/key/key.core/../key.ui/examples/heap/vstte10_05_Queue/LinkedList_LinkedList3.key 
137041     DEBUG main            d.u.i.k.p.i.AbstractProblemLoader Environment load took 70.7ns 
137042     INFO  main            d.u.i.k.p.i.AbstractProblemLoader Creating init config 
139727     DEBUG main            d.u.i.k.p.i.AbstractProblemLoader Init config took 2.68s 
139767     INFO  main            d.u.i.k.p.i.AbstractProblemLoader Replaying proof LinkedList[LinkedList::LinkedList(int,LinkedList)].JML normal_behavior operation contract.0 
139769     DEBUG main            d.u.i.k.p.i.IntermediateProofReplayer Proof replay took 5.5ns 
152798     INFO  main            d.u.i.k.p.r.p.TestFile    ... finished proof: closed. 
153141     INFO  main            d.u.i.k.p.i.AbstractProblemLoader Loading environment from /home/runner/work/key/key/key.core/../key.ui/examples/heap/vstte10_05_Queue/LinkedList_LinkedList3.key.proof 
153141     DEBUG main            d.u.i.k.p.i.AbstractProblemLoader Environment load took 466.1ns 
153147     INFO  main            d.u.i.k.p.i.AbstractProblemLoader Creating init config 
155770     DEBUG main            d.u.i.k.p.i.AbstractProblemLoader Init config took 2.62s 
155813     INFO  main            d.u.i.k.p.i.AbstractProblemLoader Replaying proof LinkedList[LinkedList::LinkedList(int,LinkedList)].JML normal_behavior operation contract.0 
156771     DEBUG main            d.u.i.k.p.i.IntermediateProofReplayer Proof replay took 875.84ms 
156777     DEBUG main            d.u.i.k.p.r.p.TestFile    ... success: reloaded. 
156778     INFO  main            d.u.i.k.p.r.p.TestFile    Now processing file /home/runner/work/key/key/key.core/../key.ui/examples/heap/vstte10_05_Queue/LinkedList_reverse.key 
156779     INFO  main            d.u.i.k.p.i.AbstractProblemLoader Loading environment from /home/runner/work/key/key/key.core/../key.ui/examples/heap/vstte10_05_Queue/LinkedList_reverse.key 
156779     DEBUG main            d.u.i.k.p.i.AbstractProblemLoader Environment load took 98.5ns 
156780     INFO  main            d.u.i.k.p.i.AbstractProblemLoader Creating init config 
159557     DEBUG main            d.u.i.k.p.i.AbstractProblemLoader Init config took 2.78s 
159599     INFO  main            d.u.i.k.p.i.AbstractProblemLoader Replaying proof LinkedList[LinkedList::reverse()].JML normal_behavior operation contract.0 
159601     DEBUG main            d.u.i.k.p.i.IntermediateProofReplayer Proof replay took 6.2ns 
168074     INFO  main            d.u.i.k.p.r.p.TestFile    ... finished proof: closed. 
168382     INFO  main            d.u.i.k.p.i.AbstractProblemLoader Loading environment from /home/runner/work/key/key/key.core/../key.ui/examples/heap/vstte10_05_Queue/LinkedList_reverse.key.proof 
168382     DEBUG main            d.u.i.k.p.i.AbstractProblemLoader Environment load took 578.8ns 
168385     INFO  main            d.u.i.k.p.i.AbstractProblemLoader Creating init config 
171003     DEBUG main            d.u.i.k.p.i.AbstractProblemLoader Init config took 2.62s 
171044     INFO  main            d.u.i.k.p.i.AbstractProblemLoader Replaying proof LinkedList[LinkedList::reverse()].JML normal_behavior operation contract.0 
171526     DEBUG main            d.u.i.k.p.i.IntermediateProofReplayer Proof replay took 455.52ms 
171529     DEBUG main            d.u.i.k.p.r.p.TestFile    ... success: reloaded. 
171530     INFO  main            d.u.i.k.p.r.p.TestFile    Now processing file /home/runner/work/key/key/key.core/../key.ui/examples/heap/vstte10_05_Queue/LinkedList_tail.key 
171530     INFO  main            d.u.i.k.p.i.AbstractProblemLoader Loading environment from /home/runner/work/key/key/key.core/../key.ui/examples/heap/vstte10_05_Queue/LinkedList_tail.key 
171530     DEBUG main            d.u.i.k.p.i.AbstractProblemLoader Environment load took 104.1ns 
171531     INFO  main            d.u.i.k.p.i.AbstractProblemLoader Creating init config 
174265     DEBUG main            d.u.i.k.p.i.AbstractProblemLoader Init config took 2.73s 
174313     INFO  main            d.u.i.k.p.i.AbstractProblemLoader Replaying proof LinkedList[LinkedList::tail()].JML normal_behavior operation contract.0 
174315     DEBUG main            d.u.i.k.p.i.IntermediateProofReplayer Proof replay took 42.1ns 
174818     INFO  main            d.u.i.k.p.r.p.TestFile    ... finished proof: closed. 
175091     INFO  main            d.u.i.k.p.i.AbstractProblemLoader Loading environment from /home/runner/work/key/key/key.core/../key.ui/examples/heap/vstte10_05_Queue/LinkedList_tail.key.proof 
175092     DEBUG main            d.u.i.k.p.i.AbstractProblemLoader Environment load took 580.4ns 
175093     INFO  main            d.u.i.k.p.i.AbstractProblemLoader Creating init config 
177698     DEBUG main            d.u.i.k.p.i.AbstractProblemLoader Init config took 2.6s 
177740     INFO  main            d.u.i.k.p.i.AbstractProblemLoader Replaying proof LinkedList[LinkedList::tail()].JML normal_behavior operation contract.0 
177811     DEBUG main            d.u.i.k.p.i.IntermediateProofReplayer Proof replay took 68.07ms 
177812     DEBUG main            d.u.i.k.p.r.p.TestFile    ... success: reloaded. 
2289446    INFO  Test worker     d.u.i.k.p.r.RunAllProofsTestUnit Returning from test VSTTE10 
2289447    INFO  Test worker     d.u.i.k.p.r.RunAllProofsTestUnit Running test WeideEtAl 
320        INFO  Timeout watchdog d.u.i.k.p.r.p.ForkedTestFileRunner Timeout watcher launched (2000 secs.) 
334        WARN  main            d.u.i.k.s.ProofSettings   The settings in /home/runner/.key/proof-settings.props are *not* read. 
362        INFO  main            d.u.i.k.p.r.p.TestFile    Now processing file /home/runner/work/key/key/key.core/../key.ui/examples/heap/WeideEtAl_01_AddAndMultiply/AddAndMultiply_add.key 
467        INFO  main            d.u.i.k.p.i.AbstractProblemLoader Loading environment from /home/runner/work/key/key/key.core/../key.ui/examples/heap/WeideEtAl_01_AddAndMultiply/AddAndMultiply_add.key 
489        DEBUG main            d.u.i.k.p.i.AbstractProblemLoader Environment load took 2.25ms 
709        INFO  main            d.u.i.k.p.i.AbstractProblemLoader Creating init config 
1664       DEBUG main            d.u.i.k.j.TypeConverter   No LDT found for Meta 
1665       DEBUG main            d.u.i.k.j.TypeConverter   No LDT found for Meta 
1666       DEBUG main            d.u.i.k.j.TypeConverter   No LDT found for Meta 
1666       DEBUG main            d.u.i.k.j.TypeConverter   No LDT found for Meta 
3086       DEBUG main            d.u.i.k.j.TypeConverter   No LDT found for JavaBigintExpression 
8419       DEBUG main            d.u.i.k.p.i.AbstractProblemLoader Init config took 7.71s 
8601       INFO  main            d.u.i.k.p.i.AbstractProblemLoader Replaying proof AddAndMultiply[AddAndMultiply::add(int,int)].JML normal_behavior operation contract.0 
8637       DEBUG main            d.u.i.k.p.i.IntermediateProofReplayer Proof replay took 34.5ns 
10081      INFO  main            d.u.i.k.p.r.p.TestFile    ... finished proof: closed. 
10219      INFO  main            d.u.i.k.p.i.AbstractProblemLoader Loading environment from /home/runner/work/key/key/key.core/../key.ui/examples/heap/WeideEtAl_01_AddAndMultiply/AddAndMultiply_add.key.proof 
10219      DEBUG main            d.u.i.k.p.i.AbstractProblemLoader Environment load took 461.6ns 
10223      INFO  main            d.u.i.k.p.i.AbstractProblemLoader Creating init config 
13183      DEBUG main            d.u.i.k.p.i.AbstractProblemLoader Init config took 2.96s 
13246      INFO  main            d.u.i.k.p.i.AbstractProblemLoader Replaying proof AddAndMultiply[AddAndMultiply::add(int,int)].JML normal_behavior operation contract.0 
13461      DEBUG main            d.u.i.k.p.i.IntermediateProofReplayer Proof replay took 205.49ms 
13469      DEBUG main            d.u.i.k.p.r.p.TestFile    ... success: reloaded. 
13476      INFO  main            d.u.i.k.p.r.p.TestFile    Now processing file /home/runner/work/key/key/key.core/../key.ui/examples/heap/WeideEtAl_01_AddAndMultiply/AddAndMultiply_mul.key 
13476      INFO  main            d.u.i.k.p.i.AbstractProblemLoader Loading environment from /home/runner/work/key/key/key.core/../key.ui/examples/heap/WeideEtAl_01_AddAndMultiply/AddAndMultiply_mul.key 
13476      DEBUG main            d.u.i.k.p.i.AbstractProblemLoader Environment load took 238.6ns 
13479      INFO  main            d.u.i.k.p.i.AbstractProblemLoader Creating init config 
16332      DEBUG main            d.u.i.k.p.i.AbstractProblemLoader Init config took 2.85s 
16388      INFO  main            d.u.i.k.p.i.AbstractProblemLoader Replaying proof AddAndMultiply[AddAndMultiply::mul(int,int)].JML normal_behavior operation contract.0 
16391      DEBUG main            d.u.i.k.p.i.IntermediateProofReplayer Proof replay took 5.6ns 
16895      INFO  main            d.u.i.k.p.r.p.TestFile    ... finished proof: closed. 
17043      INFO  main            d.u.i.k.p.i.AbstractProblemLoader Loading environment from /home/runner/work/key/key/key.core/../key.ui/examples/heap/WeideEtAl_01_AddAndMultiply/AddAndMultiply_mul.key.proof 
17046      DEBUG main            d.u.i.k.p.i.AbstractProblemLoader Environment load took 2.36ms 
17047      INFO  main            d.u.i.k.p.i.AbstractProblemLoader Creating init config 
19787      DEBUG main            d.u.i.k.p.i.AbstractProblemLoader Init config took 2.74s 
19847      INFO  main            d.u.i.k.p.i.AbstractProblemLoader Replaying proof AddAndMultiply[AddAndMultiply::mul(int,int)].JML normal_behavior operation contract.0 
19934      DEBUG main            d.u.i.k.p.i.IntermediateProofReplayer Proof replay took 82.23ms 
19935      DEBUG main            d.u.i.k.p.r.p.TestFile    ... success: reloaded. 
19937      INFO  main            d.u.i.k.p.r.p.TestFile    Now processing file /home/runner/work/key/key/key.core/../key.ui/examples/heap/WeideEtAl_02_BinarySearch/BinarySearch_search.key 
19937      INFO  main            d.u.i.k.p.i.AbstractProblemLoader Loading environment from /home/runner/work/key/key/key.core/../key.ui/examples/heap/WeideEtAl_02_BinarySearch/BinarySearch_search.key 
19937      DEBUG main            d.u.i.k.p.i.AbstractProblemLoader Environment load took 220ns 
19939      INFO  main            d.u.i.k.p.i.AbstractProblemLoader Creating init config 
22707      DEBUG main            d.u.i.k.p.i.AbstractProblemLoader Init config took 2.77s 
22768      INFO  main            d.u.i.k.p.i.AbstractProblemLoader Replaying proof BinarySearch[BinarySearch::search([I,int)].JML normal_behavior operation contract.0 
22772      DEBUG main            d.u.i.k.p.i.IntermediateProofReplayer Proof replay took 6.1ns 
25784      INFO  main            d.u.i.k.p.r.p.TestFile    ... finished proof: closed. 
26042      INFO  main            d.u.i.k.p.i.AbstractProblemLoader Loading environment from /home/runner/work/key/key/key.core/../key.ui/examples/heap/WeideEtAl_02_BinarySearch/BinarySearch_search.key.proof 
26043      DEBUG main            d.u.i.k.p.i.AbstractProblemLoader Environment load took 445.6ns 
26049      INFO  main            d.u.i.k.p.i.AbstractProblemLoader Creating init config 
28756      DEBUG main            d.u.i.k.p.i.AbstractProblemLoader Init config took 2.71s 
28803      INFO  main            d.u.i.k.p.i.AbstractProblemLoader Replaying proof BinarySearch[BinarySearch::search([I,int)].JML normal_behavior operation contract.0 
29193      DEBUG main            d.u.i.k.p.i.IntermediateProofReplayer Proof replay took 373.17ms 
29194      DEBUG main            d.u.i.k.p.r.p.TestFile    ... success: reloaded. 
2318814    INFO  Test worker     d.u.i.k.p.r.RunAllProofsTestUnit Returning from test WeideEtAl 
2318815    INFO  Test worker     d.u.i.k.p.r.RunAllProofsTestUnit Running test arithmetic 
335        INFO  Timeout watchdog d.u.i.k.p.r.p.ForkedTestFileRunner Timeout watcher launched (2000 secs.) 
348        WARN  main            d.u.i.k.s.ProofSettings   The settings in /home/runner/.key/proof-settings.props are *not* read. 
384        INFO  main            d.u.i.k.p.r.p.TestFile    Now processing file /home/runner/work/key/key/key.core/../key.ui/examples/standard_key/arith/binomial1.key 
545        INFO  main            d.u.i.k.p.i.AbstractProblemLoader Loading environment from /home/runner/work/key/key/key.core/../key.ui/examples/standard_key/arith/binomial1.key 
562        DEBUG main            d.u.i.k.p.i.AbstractProblemLoader Environment load took 2.26ms 
801        INFO  main            d.u.i.k.p.i.AbstractProblemLoader Creating init config 
1697       DEBUG main            d.u.i.k.j.TypeConverter   No LDT found for Meta 
1697       DEBUG main            d.u.i.k.j.TypeConverter   No LDT found for Meta 
1698       DEBUG main            d.u.i.k.j.TypeConverter   No LDT found for Meta 
1698       DEBUG main            d.u.i.k.j.TypeConverter   No LDT found for Meta 
3365       DEBUG main            d.u.i.k.j.TypeConverter   No LDT found for JavaBigintExpression 
8148       DEBUG main            d.u.i.k.p.i.AbstractProblemLoader Init config took 7.35s 
8208       INFO  main            d.u.i.k.p.i.AbstractProblemLoader Replaying proof binomial1.key 
8240       DEBUG main            d.u.i.k.p.i.IntermediateProofReplayer Proof replay took 32ns 
8514       INFO  main            d.u.i.k.p.r.p.TestFile    ... finished proof: closed. 
8643       INFO  main            d.u.i.k.p.i.AbstractProblemLoader Loading environment from /home/runner/work/key/key/key.core/../key.ui/examples/standard_key/arith/binomial1.key.proof 
8643       DEBUG main            d.u.i.k.p.i.AbstractProblemLoader Environment load took 1.24ms 
8649       INFO  main            d.u.i.k.p.i.AbstractProblemLoader Creating init config 
11313      DEBUG main            d.u.i.k.p.i.AbstractProblemLoader Init config took 2.66s 
11343      INFO  main            d.u.i.k.p.i.AbstractProblemLoader Replaying proof binomial1.key.proof 
11356      DEBUG main            d.u.i.k.p.i.IntermediateProofReplayer Proof replay took 8.7ms 
11367      DEBUG main            d.u.i.k.p.r.p.TestFile    ... success: reloaded. 
11368      INFO  main            d.u.i.k.p.r.p.TestFile    Now processing file /home/runner/work/key/key/key.core/../key.ui/examples/standard_key/arith/binomial2.key 
11369      INFO  main            d.u.i.k.p.i.AbstractProblemLoader Loading environment from /home/runner/work/key/key/key.core/../key.ui/examples/standard_key/arith/binomial2.key 
11369      DEBUG main            d.u.i.k.p.i.AbstractProblemLoader Environment load took 229.3ns 
11370      INFO  main            d.u.i.k.p.i.AbstractProblemLoader Creating init config 
13889      DEBUG main            d.u.i.k.p.i.AbstractProblemLoader Init config took 2.52s 
13917      INFO  main            d.u.i.k.p.i.AbstractProblemLoader Replaying proof binomial2.key 
13921      DEBUG main            d.u.i.k.p.i.IntermediateProofReplayer Proof replay took 6.9ns 
14024      INFO  main            d.u.i.k.p.r.p.TestFile    ... finished proof: closed. 
14148      INFO  main            d.u.i.k.p.i.AbstractProblemLoader Loading environment from /home/runner/work/key/key/key.core/../key.ui/examples/standard_key/arith/binomial2.key.proof 
14149      DEBUG main            d.u.i.k.p.i.AbstractProblemLoader Environment load took 824.21ns 
14153      INFO  main            d.u.i.k.p.i.AbstractProblemLoader Creating init config 
16631      DEBUG main            d.u.i.k.p.i.AbstractProblemLoader Init config took 2.48s 
16655      INFO  main            d.u.i.k.p.i.AbstractProblemLoader Replaying proof binomial2.key.proof 
16664      DEBUG main            d.u.i.k.p.i.IntermediateProofReplayer Proof replay took 6.73ms 
16665      DEBUG main            d.u.i.k.p.r.p.TestFile    ... success: reloaded. 
16667      INFO  main            d.u.i.k.p.r.p.TestFile    Now processing file /home/runner/work/key/key/key.core/../key.ui/examples/standard_key/arith/check_jdiv.key 
16667      INFO  main            d.u.i.k.p.i.AbstractProblemLoader Loading environment from /home/runner/work/key/key/key.core/../key.ui/examples/standard_key/arith/check_jdiv.key 
16667      DEBUG main            d.u.i.k.p.i.AbstractProblemLoader Environment load took 224.8ns 
16669      INFO  main            d.u.i.k.p.i.AbstractProblemLoader Creating init config 
19143      DEBUG main            d.u.i.k.p.i.AbstractProblemLoader Init config took 2.47s 
19165      INFO  main            d.u.i.k.p.i.AbstractProblemLoader Replaying proof check_jdiv.key 
19170      DEBUG main            d.u.i.k.p.i.IntermediateProofReplayer Proof replay took 7ns 
24487      INFO  main            d.u.i.k.p.r.p.TestFile    ... finished proof: closed. 
24704      INFO  main            d.u.i.k.p.i.AbstractProblemLoader Loading environment from /home/runner/work/key/key/key.core/../key.ui/examples/standard_key/arith/check_jdiv.key.proof 
24705      DEBUG main            d.u.i.k.p.i.AbstractProblemLoader Environment load took 502.5ns 
24710      INFO  main            d.u.i.k.p.i.AbstractProblemLoader Creating init config 
27160      DEBUG main            d.u.i.k.p.i.AbstractProblemLoader Init config took 2.45s 
27209      INFO  main            d.u.i.k.p.i.AbstractProblemLoader Replaying proof check_jdiv.key.proof 
27555      DEBUG main            d.u.i.k.p.i.IntermediateProofReplayer Proof replay took 289.21ms 
27557      DEBUG main            d.u.i.k.p.r.p.TestFile    ... success: reloaded. 
27559      INFO  main            d.u.i.k.p.r.p.TestFile    Now processing file /home/runner/work/key/key/key.core/../key.ui/examples/standard_key/arith/check_jdiv_concrete.key 
27559      INFO  main            d.u.i.k.p.i.AbstractProblemLoader Loading environment from /home/runner/work/key/key/key.core/../key.ui/examples/standard_key/arith/check_jdiv_concrete.key 
27559      DEBUG main            d.u.i.k.p.i.AbstractProblemLoader Environment load took 249.1ns 
27561      INFO  main            d.u.i.k.p.i.AbstractProblemLoader Creating init config 
30028      DEBUG main            d.u.i.k.p.i.AbstractProblemLoader Init config took 2.47s 
30047      INFO  main            d.u.i.k.p.i.AbstractProblemLoader Replaying proof check_jdiv_concrete.key 
30050      DEBUG main            d.u.i.k.p.i.IntermediateProofReplayer Proof replay took 5.5ns 
30152      INFO  main            d.u.i.k.p.r.p.TestFile    ... finished proof: closed. 
30373      INFO  main            d.u.i.k.p.i.AbstractProblemLoader Loading environment from /home/runner/work/key/key/key.core/../key.ui/examples/standard_key/arith/check_jdiv_concrete.key.proof 
30373      DEBUG main            d.u.i.k.p.i.AbstractProblemLoader Environment load took 137.1ns 
30374      INFO  main            d.u.i.k.p.i.AbstractProblemLoader Creating init config 
32711      DEBUG main            d.u.i.k.p.i.AbstractProblemLoader Init config took 2.34s 
32731      INFO  main            d.u.i.k.p.i.AbstractProblemLoader Replaying proof check_jdiv_concrete.key.proof 
32735      DEBUG main            d.u.i.k.p.i.IntermediateProofReplayer Proof replay took 2.23ms 
32736      DEBUG main            d.u.i.k.p.r.p.TestFile    ... success: reloaded. 
32738      INFO  main            d.u.i.k.p.r.p.TestFile    Now processing file /home/runner/work/key/key/key.core/../key.ui/examples/standard_key/arith/check_jdiv_instantiated.key 
32738      INFO  main            d.u.i.k.p.i.AbstractProblemLoader Loading environment from /home/runner/work/key/key/key.core/../key.ui/examples/standard_key/arith/check_jdiv_instantiated.key 
32738      DEBUG main            d.u.i.k.p.i.AbstractProblemLoader Environment load took 181.5ns 
32740      INFO  main            d.u.i.k.p.i.AbstractProblemLoader Creating init config 
35141      DEBUG main            d.u.i.k.p.i.AbstractProblemLoader Init config took 2.4s 
35161      INFO  main            d.u.i.k.p.i.AbstractProblemLoader Replaying proof check_jdiv_instantiated.key 
35163      DEBUG main            d.u.i.k.p.i.IntermediateProofReplayer Proof replay took 5.7ns 
38448      INFO  main            d.u.i.k.p.r.p.TestFile    ... finished proof: closed. 
38659      INFO  main            d.u.i.k.p.i.AbstractProblemLoader Loading environment from /home/runner/work/key/key/key.core/../key.ui/examples/standard_key/arith/check_jdiv_instantiated.key.proof 
38659      DEBUG main            d.u.i.k.p.i.AbstractProblemLoader Environment load took 443.8ns 
38664      INFO  main            d.u.i.k.p.i.AbstractProblemLoader Creating init config 
40964      DEBUG main            d.u.i.k.p.i.AbstractProblemLoader Init config took 2.3s 
40984      INFO  main            d.u.i.k.p.i.AbstractProblemLoader Replaying proof check_jdiv_instantiated.key.proof 
41151      DEBUG main            d.u.i.k.p.i.IntermediateProofReplayer Proof replay took 141.13ms 
41154      DEBUG main            d.u.i.k.p.r.p.TestFile    ... success: reloaded. 
41155      INFO  main            d.u.i.k.p.r.p.TestFile    Now processing file /home/runner/work/key/key/key.core/../key.ui/examples/standard_key/arith/check_jmod.key 
41155      INFO  main            d.u.i.k.p.i.AbstractProblemLoader Loading environment from /home/runner/work/key/key/key.core/../key.ui/examples/standard_key/arith/check_jmod.key 
41156      DEBUG main            d.u.i.k.p.i.AbstractProblemLoader Environment load took 228.8ns 
41157      INFO  main            d.u.i.k.p.i.AbstractProblemLoader Creating init config 
43568      DEBUG main            d.u.i.k.p.i.AbstractProblemLoader Init config took 2.41s 
43588      INFO  main            d.u.i.k.p.i.AbstractProblemLoader Replaying proof check_jmod.key 
43592      DEBUG main            d.u.i.k.p.i.IntermediateProofReplayer Proof replay took 6.9ns 
44096      INFO  main            d.u.i.k.p.r.p.TestFile    ... finished proof: closed. 
44326      INFO  main            d.u.i.k.p.i.AbstractProblemLoader Loading environment from /home/runner/work/key/key/key.core/../key.ui/examples/standard_key/arith/check_jmod.key.proof 
44326      DEBUG main            d.u.i.k.p.i.AbstractProblemLoader Environment load took 467.5ns 
44328      INFO  main            d.u.i.k.p.i.AbstractProblemLoader Creating init config 
46627      DEBUG main            d.u.i.k.p.i.AbstractProblemLoader Init config took 2.3s 
46646      INFO  main            d.u.i.k.p.i.AbstractProblemLoader Replaying proof check_jmod.key.proof 
46677      DEBUG main            d.u.i.k.p.i.IntermediateProofReplayer Proof replay took 24.72ms 
46678      DEBUG main            d.u.i.k.p.r.p.TestFile    ... success: reloaded. 
46679      INFO  main            d.u.i.k.p.r.p.TestFile    Now processing file /home/runner/work/key/key/key.core/../key.ui/examples/standard_key/arith/complexExpressions.key 
46679      INFO  main            d.u.i.k.p.i.AbstractProblemLoader Loading environment from /home/runner/work/key/key/key.core/../key.ui/examples/standard_key/arith/complexExpressions.key 
46679      DEBUG main            d.u.i.k.p.i.AbstractProblemLoader Environment load took 84.6ns 
46680      INFO  main            d.u.i.k.p.i.AbstractProblemLoader Creating init config 
49057      DEBUG main            d.u.i.k.p.i.AbstractProblemLoader Init config took 2.38s 
49076      INFO  main            d.u.i.k.p.i.AbstractProblemLoader Replaying proof complexExpressions.key 
49077      DEBUG main            d.u.i.k.p.i.IntermediateProofReplayer Proof replay took 6.4ns 
49283      INFO  main            d.u.i.k.p.r.p.TestFile    ... finished proof: closed. 
49460      INFO  main            d.u.i.k.p.i.AbstractProblemLoader Loading environment from /home/runner/work/key/key/key.core/../key.ui/examples/standard_key/arith/complexExpressions.key.proof 
49460      DEBUG main            d.u.i.k.p.i.AbstractProblemLoader Environment load took 146.1ns 
49461      INFO  main            d.u.i.k.p.i.AbstractProblemLoader Creating init config 
51790      DEBUG main            d.u.i.k.p.i.AbstractProblemLoader Init config took 2.33s 
51809      INFO  main            d.u.i.k.p.i.AbstractProblemLoader Replaying proof complexExpressions.key.proof 
51818      DEBUG main            d.u.i.k.p.i.IntermediateProofReplayer Proof replay took 6.24ms 
51819      DEBUG main            d.u.i.k.p.r.p.TestFile    ... success: reloaded. 
51820      INFO  main            d.u.i.k.p.r.p.TestFile    Now processing file /home/runner/work/key/key/key.core/../key.ui/examples/standard_key/arith/compound_unaryMinus.key 
51820      INFO  main            d.u.i.k.p.i.AbstractProblemLoader Loading environment from /home/runner/work/key/key/key.core/../key.ui/examples/standard_key/arith/compound_unaryMinus.key 
51820      DEBUG main            d.u.i.k.p.i.AbstractProblemLoader Environment load took 219.5ns 
51821      INFO  main            d.u.i.k.p.i.AbstractProblemLoader Creating init config 
54177      DEBUG main            d.u.i.k.p.i.AbstractProblemLoader Init config took 2.36s 
54197      INFO  main            d.u.i.k.p.i.AbstractProblemLoader Replaying proof compound_unaryMinus.key 
54199      DEBUG main            d.u.i.k.p.i.IntermediateProofReplayer Proof replay took 6.2ns 
54305      INFO  main            d.u.i.k.p.r.p.TestFile    ... finished proof: closed. 
54517      INFO  main            d.u.i.k.p.i.AbstractProblemLoader Loading environment from /home/runner/work/key/key/key.core/../key.ui/examples/standard_key/arith/compound_unaryMinus.key.proof 
54517      DEBUG main            d.u.i.k.p.i.AbstractProblemLoader Environment load took 126.6ns 
54518      INFO  main            d.u.i.k.p.i.AbstractProblemLoader Creating init config 
56821      DEBUG main            d.u.i.k.p.i.AbstractProblemLoader Init config took 2.3s 
56844      INFO  main            d.u.i.k.p.i.AbstractProblemLoader Replaying proof compound_unaryMinus.key.proof 
56855      DEBUG main            d.u.i.k.p.i.IntermediateProofReplayer Proof replay took 8.77ms 
56856      DEBUG main            d.u.i.k.p.r.p.TestFile    ... success: reloaded. 
56858      INFO  main            d.u.i.k.p.r.p.TestFile    Now processing file /home/runner/work/key/key/key.core/../key.ui/examples/standard_key/arith/computation.key 
56860      INFO  main            d.u.i.k.p.i.AbstractProblemLoader Loading environment from /home/runner/work/key/key/key.core/../key.ui/examples/standard_key/arith/computation.key 
56860      DEBUG main            d.u.i.k.p.i.AbstractProblemLoader Environment load took 241.6ns 
56861      INFO  main            d.u.i.k.p.i.AbstractProblemLoader Creating init config 
59217      DEBUG main            d.u.i.k.p.i.AbstractProblemLoader Init config took 2.36s 
59234      INFO  main            d.u.i.k.p.i.AbstractProblemLoader Replaying proof computation.key 
59237      DEBUG main            d.u.i.k.p.i.IntermediateProofReplayer Proof replay took 6.8ns 
60643      INFO  main            d.u.i.k.p.r.p.TestFile    ... finished proof: closed. 
60887      INFO  main            d.u.i.k.p.i.AbstractProblemLoader Loading environment from /home/runner/work/key/key/key.core/../key.ui/examples/standard_key/arith/computation.key.proof 
60887      DEBUG main            d.u.i.k.p.i.AbstractProblemLoader Environment load took 130.3ns 
60888      INFO  main            d.u.i.k.p.i.AbstractProblemLoader Creating init config 
63156      DEBUG main            d.u.i.k.p.i.AbstractProblemLoader Init config took 2.27s 
63173      INFO  main            d.u.i.k.p.i.AbstractProblemLoader Replaying proof computation.key.proof 
63250      DEBUG main            d.u.i.k.p.i.IntermediateProofReplayer Proof replay took 66.16ms 
63251      DEBUG main            d.u.i.k.p.r.p.TestFile    ... success: reloaded. 
63252      INFO  main            d.u.i.k.p.r.p.TestFile    Now processing file /home/runner/work/key/key/key.core/../key.ui/examples/standard_key/arith/cubicSum.key 
63252      INFO  main            d.u.i.k.p.i.AbstractProblemLoader Loading environment from /home/runner/work/key/key/key.core/../key.ui/examples/standard_key/arith/cubicSum.key 
63253      DEBUG main            d.u.i.k.p.i.AbstractProblemLoader Environment load took 199.8ns 
63254      INFO  main            d.u.i.k.p.i.AbstractProblemLoader Creating init config 
65739      DEBUG main            d.u.i.k.p.i.AbstractProblemLoader Init config took 2.48s 
65756      INFO  main            d.u.i.k.p.i.AbstractProblemLoader Replaying proof cubicSum.key 
65757      DEBUG main            d.u.i.k.p.i.IntermediateProofReplayer Proof replay took 6.2ns 
66766      INFO  main            d.u.i.k.p.r.p.TestFile    ... finished proof: closed. 
67013      INFO  main            d.u.i.k.p.i.AbstractProblemLoader Loading environment from /home/runner/work/key/key/key.core/../key.ui/examples/standard_key/arith/cubicSum.key.proof 
67014      DEBUG main            d.u.i.k.p.i.AbstractProblemLoader Environment load took 1.37ms 
67016      INFO  main            d.u.i.k.p.i.AbstractProblemLoader Creating init config 
69449      DEBUG main            d.u.i.k.p.i.AbstractProblemLoader Init config took 2.43s 
69473      INFO  main            d.u.i.k.p.i.AbstractProblemLoader Replaying proof cubicSum.key.proof 
69615      DEBUG main            d.u.i.k.p.i.IntermediateProofReplayer Proof replay took 137.6ms 
69616      DEBUG main            d.u.i.k.p.r.p.TestFile    ... success: reloaded. 
69618      INFO  main            d.u.i.k.p.r.p.TestFile    Now processing file /home/runner/work/key/key/key.core/../key.ui/examples/standard_key/arith/divByZero.key 
69618      INFO  main            d.u.i.k.p.i.AbstractProblemLoader Loading environment from /home/runner/work/key/key/key.core/../key.ui/examples/standard_key/arith/divByZero.key 
69619      DEBUG main            d.u.i.k.p.i.AbstractProblemLoader Environment load took 227.8ns 
69620      INFO  main            d.u.i.k.p.i.AbstractProblemLoader Creating init config 
72031      DEBUG main            d.u.i.k.p.i.AbstractProblemLoader Init config took 2.41s 
72046      INFO  main            d.u.i.k.p.i.AbstractProblemLoader Replaying proof divByZero.key 
72048      DEBUG main            d.u.i.k.p.i.IntermediateProofReplayer Proof replay took 6.7ns 
72258      INFO  main            d.u.i.k.p.r.p.TestFile    ... finished proof: closed. 
72463      INFO  main            d.u.i.k.p.i.AbstractProblemLoader Loading environment from /home/runner/work/key/key/key.core/../key.ui/examples/standard_key/arith/divByZero.key.proof 
72463      DEBUG main            d.u.i.k.p.i.AbstractProblemLoader Environment load took 123.8ns 
72465      INFO  main            d.u.i.k.p.i.AbstractProblemLoader Creating init config 
74822      DEBUG main            d.u.i.k.p.i.AbstractProblemLoader Init config took 2.36s 
74838      INFO  main            d.u.i.k.p.i.AbstractProblemLoader Replaying proof divByZero.key.proof 
74871      DEBUG main            d.u.i.k.p.i.IntermediateProofReplayer Proof replay took 31.06ms 
74873      DEBUG main            d.u.i.k.p.r.p.TestFile    ... success: reloaded. 
74875      INFO  main            d.u.i.k.p.r.p.TestFile    Now processing file /home/runner/work/key/key/key.core/../key.ui/examples/standard_key/arith/divisionAssoc.key 
74875      INFO  main            d.u.i.k.p.i.AbstractProblemLoader Loading environment from /home/runner/work/key/key/key.core/../key.ui/examples/standard_key/arith/divisionAssoc.key 
74875      DEBUG main            d.u.i.k.p.i.AbstractProblemLoader Environment load took 220.1ns 
74876      INFO  main            d.u.i.k.p.i.AbstractProblemLoader Creating init config 
77197      DEBUG main            d.u.i.k.p.i.AbstractProblemLoader Init config took 2.32s 
77211      INFO  main            d.u.i.k.p.i.AbstractProblemLoader Replaying proof divisionAssoc.key 
77213      DEBUG main            d.u.i.k.p.i.IntermediateProofReplayer Proof replay took 7.8ns 
77919      INFO  main            d.u.i.k.p.r.p.TestFile    ... finished proof: closed. 
78134      INFO  main            d.u.i.k.p.i.AbstractProblemLoader Loading environment from /home/runner/work/key/key/key.core/../key.ui/examples/standard_key/arith/divisionAssoc.key.proof 
78135      DEBUG main            d.u.i.k.p.i.AbstractProblemLoader Environment load took 529.8ns 
78136      INFO  main            d.u.i.k.p.i.AbstractProblemLoader Creating init config 
80403      DEBUG main            d.u.i.k.p.i.AbstractProblemLoader Init config took 2.27s 
80418      INFO  main            d.u.i.k.p.i.AbstractProblemLoader Replaying proof divisionAssoc.key.proof 
80449      DEBUG main            d.u.i.k.p.i.IntermediateProofReplayer Proof replay took 25.92ms 
80450      DEBUG main            d.u.i.k.p.r.p.TestFile    ... success: reloaded. 
80452      INFO  main            d.u.i.k.p.r.p.TestFile    Now processing file /home/runner/work/key/key/key.core/../key.ui/examples/standard_key/arith/divisionBy2.key 
80452      INFO  main            d.u.i.k.p.i.AbstractProblemLoader Loading environment from /home/runner/work/key/key/key.core/../key.ui/examples/standard_key/arith/divisionBy2.key 
80452      DEBUG main            d.u.i.k.p.i.AbstractProblemLoader Environment load took 207.8ns 
80453      INFO  main            d.u.i.k.p.i.AbstractProblemLoader Creating init config 
82782      DEBUG main            d.u.i.k.p.i.AbstractProblemLoader Init config took 2.33s 
82797      INFO  main            d.u.i.k.p.i.AbstractProblemLoader Replaying proof divisionBy2.key 
82798      DEBUG main            d.u.i.k.p.i.IntermediateProofReplayer Proof replay took 20.4ns 
82901      INFO  main            d.u.i.k.p.r.p.TestFile    ... finished proof: closed. 
83222      INFO  main            d.u.i.k.p.i.AbstractProblemLoader Loading environment from /home/runner/work/key/key/key.core/../key.ui/examples/standard_key/arith/divisionBy2.key.proof 
83222      DEBUG main            d.u.i.k.p.i.AbstractProblemLoader Environment load took 122.8ns 
83223      INFO  main            d.u.i.k.p.i.AbstractProblemLoader Creating init config 
85482      DEBUG main            d.u.i.k.p.i.AbstractProblemLoader Init config took 2.26s 
85497      INFO  main            d.u.i.k.p.i.AbstractProblemLoader Replaying proof divisionBy2.key.proof 
85503      DEBUG main            d.u.i.k.p.i.IntermediateProofReplayer Proof replay took 3.87ms 
85504      DEBUG main            d.u.i.k.p.r.p.TestFile    ... success: reloaded. 
85504      INFO  main            d.u.i.k.p.r.p.TestFile    Now processing file /home/runner/work/key/key/key.core/../key.ui/examples/standard_key/arith/euclidean/gcdHelp-post.key 
85505      INFO  main            d.u.i.k.p.i.AbstractProblemLoader Loading environment from /home/runner/work/key/key/key.core/../key.ui/examples/standard_key/arith/euclidean/gcdHelp-post.key 
85505      DEBUG main            d.u.i.k.p.i.AbstractProblemLoader Environment load took 206ns 
85506      INFO  main            d.u.i.k.p.i.AbstractProblemLoader Creating init config 
87969      DEBUG main            d.u.i.k.p.i.AbstractProblemLoader Init config took 2.46s 
87984      INFO  main            d.u.i.k.p.i.AbstractProblemLoader Replaying proof gcdHelp-post.key 
87986      DEBUG main            d.u.i.k.p.i.IntermediateProofReplayer Proof replay took 6.2ns 
91133      INFO  main            d.u.i.k.p.r.p.TestFile    ... finished proof: closed. 
91373      INFO  main            d.u.i.k.p.i.AbstractProblemLoader Loading environment from /home/runner/work/key/key/key.core/../key.ui/examples/standard_key/arith/euclidean/gcdHelp-post.key.proof 
91374      DEBUG main            d.u.i.k.p.i.AbstractProblemLoader Environment load took 460.2ns 
91376      INFO  main            d.u.i.k.p.i.AbstractProblemLoader Creating init config 
93719      DEBUG main            d.u.i.k.p.i.AbstractProblemLoader Init config took 2.34s 
93734      INFO  main            d.u.i.k.p.i.AbstractProblemLoader Replaying proof gcdHelp-post.key.proof 
93917      DEBUG main            d.u.i.k.p.i.IntermediateProofReplayer Proof replay took 155.09ms 
93919      DEBUG main            d.u.i.k.p.r.p.TestFile    ... success: reloaded. 
93922      INFO  main            d.u.i.k.p.r.p.TestFile    Now processing file /home/runner/work/key/key/key.core/../key.ui/examples/standard_key/arith/gemplusDecimal/add.key 
93922      INFO  main            d.u.i.k.p.i.AbstractProblemLoader Loading environment from /home/runner/work/key/key/key.core/../key.ui/examples/standard_key/arith/gemplusDecimal/add.key 
93922      DEBUG main            d.u.i.k.p.i.AbstractProblemLoader Environment load took 228.7ns 
93925      INFO  main            d.u.i.k.p.i.AbstractProblemLoader Creating init config 
96333      DEBUG main            d.u.i.k.p.i.AbstractProblemLoader Init config took 2.41s 
96349      INFO  main            d.u.i.k.p.i.AbstractProblemLoader Replaying proof add.key 
96351      DEBUG main            d.u.i.k.p.i.IntermediateProofReplayer Proof replay took 6.5ns 
137588     INFO  main            d.u.i.k.p.r.p.TestFile    ... finished proof: closed. 
137970     INFO  main            d.u.i.k.p.i.AbstractProblemLoader Loading environment from /home/runner/work/key/key/key.core/../key.ui/examples/standard_key/arith/gemplusDecimal/add.key.proof 
137970     DEBUG main            d.u.i.k.p.i.AbstractProblemLoader Environment load took 220.9ns 
137978     INFO  main            d.u.i.k.p.i.AbstractProblemLoader Creating init config 
140316     DEBUG main            d.u.i.k.p.i.AbstractProblemLoader Init config took 2.34s 
140333     INFO  main            d.u.i.k.p.i.AbstractProblemLoader Replaying proof add.key.proof 
142420     DEBUG main            d.u.i.k.p.i.IntermediateProofReplayer Proof replay took 1.97s 
142428     DEBUG main            d.u.i.k.p.r.p.TestFile    ... success: reloaded. 
142430     INFO  main            d.u.i.k.p.r.p.TestFile    Now processing file /home/runner/work/key/key/key.core/../key.ui/examples/standard_key/arith/jdivevenodd.key 
142430     INFO  main            d.u.i.k.p.i.AbstractProblemLoader Loading environment from /home/runner/work/key/key/key.core/../key.ui/examples/standard_key/arith/jdivevenodd.key 
142430     DEBUG main            d.u.i.k.p.i.AbstractProblemLoader Environment load took 116.4ns 
142431     INFO  main            d.u.i.k.p.i.AbstractProblemLoader Creating init config 
144833     DEBUG main            d.u.i.k.p.i.AbstractProblemLoader Init config took 2.4s 
144847     INFO  main            d.u.i.k.p.i.AbstractProblemLoader Replaying proof jdivevenodd.key 
144848     DEBUG main            d.u.i.k.p.i.IntermediateProofReplayer Proof replay took 5.1ns 
145053     INFO  main            d.u.i.k.p.r.p.TestFile    ... finished proof: closed. 
145422     INFO  main            d.u.i.k.p.i.AbstractProblemLoader Loading environment from /home/runner/work/key/key/key.core/../key.ui/examples/standard_key/arith/jdivevenodd.key.proof 
145422     DEBUG main            d.u.i.k.p.i.AbstractProblemLoader Environment load took 128.5ns 
145423     INFO  main            d.u.i.k.p.i.AbstractProblemLoader Creating init config 
147661     DEBUG main            d.u.i.k.p.i.AbstractProblemLoader Init config took 2.24s 
147677     INFO  main            d.u.i.k.p.i.AbstractProblemLoader Replaying proof jdivevenodd.key.proof 
147693     DEBUG main            d.u.i.k.p.i.IntermediateProofReplayer Proof replay took 12.26ms 
147695     DEBUG main            d.u.i.k.p.r.p.TestFile    ... success: reloaded. 
147697     INFO  main            d.u.i.k.p.r.p.TestFile    Now processing file /home/runner/work/key/key/key.core/../key.ui/examples/standard_key/arith/median.key 
147697     INFO  main            d.u.i.k.p.i.AbstractProblemLoader Loading environment from /home/runner/work/key/key/key.core/../key.ui/examples/standard_key/arith/median.key 
147697     DEBUG main            d.u.i.k.p.i.AbstractProblemLoader Environment load took 230.3ns 
147698     INFO  main            d.u.i.k.p.i.AbstractProblemLoader Creating init config 
150095     DEBUG main            d.u.i.k.p.i.AbstractProblemLoader Init config took 2.4s 
150110     INFO  main            d.u.i.k.p.i.AbstractProblemLoader Replaying proof median.key 
150111     DEBUG main            d.u.i.k.p.i.IntermediateProofReplayer Proof replay took 5.6ns 
164528     INFO  main            d.u.i.k.p.r.p.TestFile    ... finished proof: closed. 
164839     INFO  main            d.u.i.k.p.i.AbstractProblemLoader Loading environment from /home/runner/work/key/key/key.core/../key.ui/examples/standard_key/arith/median.key.proof 
164844     DEBUG main            d.u.i.k.p.i.AbstractProblemLoader Environment load took 6.12ms 
164848     INFO  main            d.u.i.k.p.i.AbstractProblemLoader Creating init config 
167103     DEBUG main            d.u.i.k.p.i.AbstractProblemLoader Init config took 2.26s 
167133     INFO  main            d.u.i.k.p.i.AbstractProblemLoader Replaying proof median.key.proof 
167726     DEBUG main            d.u.i.k.p.i.IntermediateProofReplayer Proof replay took 543.99ms 
167730     DEBUG main            d.u.i.k.p.r.p.TestFile    ... success: reloaded. 
167731     INFO  main            d.u.i.k.p.r.p.TestFile    Now processing file /home/runner/work/key/key/key.core/../key.ui/examples/standard_key/arith/mod1.key 
167732     INFO  main            d.u.i.k.p.i.AbstractProblemLoader Loading environment from /home/runner/work/key/key/key.core/../key.ui/examples/standard_key/arith/mod1.key 
167732     DEBUG main            d.u.i.k.p.i.AbstractProblemLoader Environment load took 222.9ns 
167733     INFO  main            d.u.i.k.p.i.AbstractProblemLoader Creating init config 
169995     DEBUG main            d.u.i.k.p.i.AbstractProblemLoader Init config took 2.26s 
170008     INFO  main            d.u.i.k.p.i.AbstractProblemLoader Replaying proof mod1.key 
170010     DEBUG main            d.u.i.k.p.i.IntermediateProofReplayer Proof replay took 5.6ns 
170112     INFO  main            d.u.i.k.p.r.p.TestFile    ... finished proof: closed. 
170409     INFO  main            d.u.i.k.p.i.AbstractProblemLoader Loading environment from /home/runner/work/key/key/key.core/../key.ui/examples/standard_key/arith/mod1.key.proof 
170410     DEBUG main            d.u.i.k.p.i.AbstractProblemLoader Environment load took 104.8ns 
170411     INFO  main            d.u.i.k.p.i.AbstractProblemLoader Creating init config 
172644     DEBUG main            d.u.i.k.p.i.AbstractProblemLoader Init config took 2.23s 
172659     INFO  main            d.u.i.k.p.i.AbstractProblemLoader Replaying proof mod1.key.proof 
172663     DEBUG main            d.u.i.k.p.i.IntermediateProofReplayer Proof replay took 1.48ms 
172664     DEBUG main            d.u.i.k.p.r.p.TestFile    ... success: reloaded. 
172665     INFO  main            d.u.i.k.p.r.p.TestFile    Now processing file /home/runner/work/key/key/key.core/../key.ui/examples/standard_key/arith/mod2.key 
172665     INFO  main            d.u.i.k.p.i.AbstractProblemLoader Loading environment from /home/runner/work/key/key/key.core/../key.ui/examples/standard_key/arith/mod2.key 
172665     DEBUG main            d.u.i.k.p.i.AbstractProblemLoader Environment load took 93.8ns 
172666     INFO  main            d.u.i.k.p.i.AbstractProblemLoader Creating init config 
174930     DEBUG main            d.u.i.k.p.i.AbstractProblemLoader Init config took 2.26s 
174943     INFO  main            d.u.i.k.p.i.AbstractProblemLoader Replaying proof mod2.key 
174944     DEBUG main            d.u.i.k.p.i.IntermediateProofReplayer Proof replay took 6.6ns 
175050     INFO  main            d.u.i.k.p.r.p.TestFile    ... finished proof: closed. 
175280     INFO  main            d.u.i.k.p.i.AbstractProblemLoader Loading environment from /home/runner/work/key/key/key.core/../key.ui/examples/standard_key/arith/mod2.key.proof 
175280     DEBUG main            d.u.i.k.p.i.AbstractProblemLoader Environment load took 108.2ns 
175281     INFO  main            d.u.i.k.p.i.AbstractProblemLoader Creating init config 
177517     DEBUG main            d.u.i.k.p.i.AbstractProblemLoader Init config took 2.24s 
177530     INFO  main            d.u.i.k.p.i.AbstractProblemLoader Replaying proof mod2.key.proof 
177533     DEBUG main            d.u.i.k.p.i.IntermediateProofReplayer Proof replay took 1.05ms 
177534     DEBUG main            d.u.i.k.p.r.p.TestFile    ... success: reloaded. 
177535     INFO  main            d.u.i.k.p.r.p.TestFile    Now processing file /home/runner/work/key/key/key.core/../key.ui/examples/standard_key/arith/mod7.key 
177535     INFO  main            d.u.i.k.p.i.AbstractProblemLoader Loading environment from /home/runner/work/key/key/key.core/../key.ui/examples/standard_key/arith/mod7.key 
177535     DEBUG main            d.u.i.k.p.i.AbstractProblemLoader Environment load took 71.6ns 
177536     INFO  main            d.u.i.k.p.i.AbstractProblemLoader Creating init config 
179815     DEBUG main            d.u.i.k.p.i.AbstractProblemLoader Init config took 2.28s 
179849     INFO  main            d.u.i.k.p.i.AbstractProblemLoader Replaying proof mod7.key 
179851     DEBUG main            d.u.i.k.p.i.IntermediateProofReplayer Proof replay took 6.5ns 
179954     INFO  main            d.u.i.k.p.r.p.TestFile    ... finished proof: closed. 
180183     INFO  main            d.u.i.k.p.i.AbstractProblemLoader Loading environment from /home/runner/work/key/key/key.core/../key.ui/examples/standard_key/arith/mod7.key.proof 
180184     DEBUG main            d.u.i.k.p.i.AbstractProblemLoader Environment load took 123.8ns 
180185     INFO  main            d.u.i.k.p.i.AbstractProblemLoader Creating init config 
182441     DEBUG main            d.u.i.k.p.i.AbstractProblemLoader Init config took 2.26s 
182457     INFO  main            d.u.i.k.p.i.AbstractProblemLoader Replaying proof mod7.key.proof 
182462     DEBUG main            d.u.i.k.p.i.IntermediateProofReplayer Proof replay took 2.98ms 
182463     DEBUG main            d.u.i.k.p.r.p.TestFile    ... success: reloaded. 
182464     INFO  main            d.u.i.k.p.r.p.TestFile    Now processing file /home/runner/work/key/key/key.core/../key.ui/examples/standard_key/arith/overflow_hija.key 
182464     INFO  main            d.u.i.k.p.i.AbstractProblemLoader Loading environment from /home/runner/work/key/key/key.core/../key.ui/examples/standard_key/arith/overflow_hija.key 
182464     DEBUG main            d.u.i.k.p.i.AbstractProblemLoader Environment load took 90.9ns 
182466     INFO  main            d.u.i.k.p.i.AbstractProblemLoader Creating init config 
184771     DEBUG main            d.u.i.k.p.i.AbstractProblemLoader Init config took 2.31s 
184787     INFO  main            d.u.i.k.p.i.AbstractProblemLoader Replaying proof overflow_hija.key 
184789     DEBUG main            d.u.i.k.p.i.IntermediateProofReplayer Proof replay took 5.5ns 
189340     INFO  main            d.u.i.k.p.r.p.TestFile    ... finished proof: closed. 
189624     INFO  main            d.u.i.k.p.i.AbstractProblemLoader Loading environment from /home/runner/work/key/key/key.core/../key.ui/examples/standard_key/arith/overflow_hija.key.proof 
189624     DEBUG main            d.u.i.k.p.i.AbstractProblemLoader Environment load took 189.7ns 
189627     INFO  main            d.u.i.k.p.i.AbstractProblemLoader Creating init config 
191901     DEBUG main            d.u.i.k.p.i.AbstractProblemLoader Init config took 2.27s 
191918     INFO  main            d.u.i.k.p.i.AbstractProblemLoader Replaying proof overflow_hija.key.proof 
192067     DEBUG main            d.u.i.k.p.i.IntermediateProofReplayer Proof replay took 138.92ms 
192070     DEBUG main            d.u.i.k.p.r.p.TestFile    ... success: reloaded. 
192071     INFO  main            d.u.i.k.p.r.p.TestFile    Now processing file /home/runner/work/key/key/key.core/../key.ui/examples/standard_key/arith/poly_division0.key 
192071     INFO  main            d.u.i.k.p.i.AbstractProblemLoader Loading environment from /home/runner/work/key/key/key.core/../key.ui/examples/standard_key/arith/poly_division0.key 
192071     DEBUG main            d.u.i.k.p.i.AbstractProblemLoader Environment load took 205.9ns 
192072     INFO  main            d.u.i.k.p.i.AbstractProblemLoader Creating init config 
194345     DEBUG main            d.u.i.k.p.i.AbstractProblemLoader Init config took 2.27s 
194358     INFO  main            d.u.i.k.p.i.AbstractProblemLoader Replaying proof poly_division0.key 
194359     DEBUG main            d.u.i.k.p.i.IntermediateProofReplayer Proof replay took 7.3ns 
194465     INFO  main            d.u.i.k.p.r.p.TestFile    ... finished proof: closed. 
194773     INFO  main            d.u.i.k.p.i.AbstractProblemLoader Loading environment from /home/runner/work/key/key/key.core/../key.ui/examples/standard_key/arith/poly_division0.key.proof 
194774     DEBUG main            d.u.i.k.p.i.AbstractProblemLoader Environment load took 119.3ns 
194775     INFO  main            d.u.i.k.p.i.AbstractProblemLoader Creating init config 
197000     DEBUG main            d.u.i.k.p.i.AbstractProblemLoader Init config took 2.23s 
197014     INFO  main            d.u.i.k.p.i.AbstractProblemLoader Replaying proof poly_division0.key.proof 
197020     DEBUG main            d.u.i.k.p.i.IntermediateProofReplayer Proof replay took 3.72ms 
197021     DEBUG main            d.u.i.k.p.r.p.TestFile    ... success: reloaded. 
197021     INFO  main            d.u.i.k.p.r.p.TestFile    Now processing file /home/runner/work/key/key/key.core/../key.ui/examples/standard_key/arith/poly_division1.key 
197021     INFO  main            d.u.i.k.p.i.AbstractProblemLoader Loading environment from /home/runner/work/key/key/key.core/../key.ui/examples/standard_key/arith/poly_division1.key 
197021     DEBUG main            d.u.i.k.p.i.AbstractProblemLoader Environment load took 72.4ns 
197022     INFO  main            d.u.i.k.p.i.AbstractProblemLoader Creating init config 
199279     DEBUG main            d.u.i.k.p.i.AbstractProblemLoader Init config took 2.26s 
199292     INFO  main            d.u.i.k.p.i.AbstractProblemLoader Replaying proof poly_division1.key 
199293     DEBUG main            d.u.i.k.p.i.IntermediateProofReplayer Proof replay took 6.3ns 
199395     INFO  main            d.u.i.k.p.r.p.TestFile    ... finished proof: closed. 
199651     INFO  main            d.u.i.k.p.i.AbstractProblemLoader Loading environment from /home/runner/work/key/key/key.core/../key.ui/examples/standard_key/arith/poly_division1.key.proof 
199651     DEBUG main            d.u.i.k.p.i.AbstractProblemLoader Environment load took 116.7ns 
199653     INFO  main            d.u.i.k.p.i.AbstractProblemLoader Creating init config 
201922     DEBUG main            d.u.i.k.p.i.AbstractProblemLoader Init config took 2.27s 
201934     INFO  main            d.u.i.k.p.i.AbstractProblemLoader Replaying proof poly_division1.key.proof 
201939     DEBUG main            d.u.i.k.p.i.IntermediateProofReplayer Proof replay took 2.92ms 
201939     DEBUG main            d.u.i.k.p.r.p.TestFile    ... success: reloaded. 
201940     INFO  main            d.u.i.k.p.r.p.TestFile    Now processing file /home/runner/work/key/key/key.core/../key.ui/examples/standard_key/inEqSimp/division.key 
201940     INFO  main            d.u.i.k.p.i.AbstractProblemLoader Loading environment from /home/runner/work/key/key/key.core/../key.ui/examples/standard_key/inEqSimp/division.key 
201940     DEBUG main            d.u.i.k.p.i.AbstractProblemLoader Environment load took 50.1ns 
201941     INFO  main            d.u.i.k.p.i.AbstractProblemLoader Creating init config 
204256     DEBUG main            d.u.i.k.p.i.AbstractProblemLoader Init config took 2.31s 
204269     INFO  main            d.u.i.k.p.i.AbstractProblemLoader Replaying proof division.key 
204271     DEBUG main            d.u.i.k.p.i.IntermediateProofReplayer Proof replay took 6ns 
206277     INFO  main            d.u.i.k.p.r.p.TestFile    ... finished proof: closed. 
206550     INFO  main            d.u.i.k.p.i.AbstractProblemLoader Loading environment from /home/runner/work/key/key/key.core/../key.ui/examples/standard_key/inEqSimp/division.key.proof 
206550     DEBUG main            d.u.i.k.p.i.AbstractProblemLoader Environment load took 282ns 
206552     INFO  main            d.u.i.k.p.i.AbstractProblemLoader Creating init config 
208797     DEBUG main            d.u.i.k.p.i.AbstractProblemLoader Init config took 2.25s 
208811     INFO  main            d.u.i.k.p.i.AbstractProblemLoader Replaying proof division.key.proof 
208880     DEBUG main            d.u.i.k.p.i.IntermediateProofReplayer Proof replay took 57.62ms 
208882     DEBUG main            d.u.i.k.p.r.p.TestFile    ... success: reloaded. 
208883     INFO  main            d.u.i.k.p.r.p.TestFile    Now processing file /home/runner/work/key/key/key.core/../key.ui/examples/standard_key/inEqSimp/inequations0.key 
208883     INFO  main            d.u.i.k.p.i.AbstractProblemLoader Loading environment from /home/runner/work/key/key/key.core/../key.ui/examples/standard_key/inEqSimp/inequations0.key 
208883     DEBUG main            d.u.i.k.p.i.AbstractProblemLoader Environment load took 209.7ns 
208884     INFO  main            d.u.i.k.p.i.AbstractProblemLoader Creating init config 
211155     DEBUG main            d.u.i.k.p.i.AbstractProblemLoader Init config took 2.27s 
211169     INFO  main            d.u.i.k.p.i.AbstractProblemLoader Replaying proof inequations0.key 
211170     DEBUG main            d.u.i.k.p.i.IntermediateProofReplayer Proof replay took 42.4ns 
211272     INFO  main            d.u.i.k.p.r.p.TestFile    ... finished proof: closed. 
211562     INFO  main            d.u.i.k.p.i.AbstractProblemLoader Loading environment from /home/runner/work/key/key/key.core/../key.ui/examples/standard_key/inEqSimp/inequations0.key.proof 
211562     DEBUG main            d.u.i.k.p.i.AbstractProblemLoader Environment load took 101.1ns 
211563     INFO  main            d.u.i.k.p.i.AbstractProblemLoader Creating init config 
213797     DEBUG main            d.u.i.k.p.i.AbstractProblemLoader Init config took 2.23s 
213814     INFO  main            d.u.i.k.p.i.AbstractProblemLoader Replaying proof inequations0.key.proof 
213817     DEBUG main            d.u.i.k.p.i.IntermediateProofReplayer Proof replay took 1.61ms 
213818     DEBUG main            d.u.i.k.p.r.p.TestFile    ... success: reloaded. 
213820     INFO  main            d.u.i.k.p.r.p.TestFile    Now processing file /home/runner/work/key/key/key.core/../key.ui/examples/standard_key/inEqSimp/inequations1.key 
213823     INFO  main            d.u.i.k.p.i.AbstractProblemLoader Loading environment from /home/runner/work/key/key/key.core/../key.ui/examples/standard_key/inEqSimp/inequations1.key 
213825     DEBUG main            d.u.i.k.p.i.AbstractProblemLoader Environment load took 1.57ms 
213826     INFO  main            d.u.i.k.p.i.AbstractProblemLoader Creating init config 
216098     DEBUG main            d.u.i.k.p.i.AbstractProblemLoader Init config took 2.27s 
216111     INFO  main            d.u.i.k.p.i.AbstractProblemLoader Replaying proof inequations1.key 
216113     DEBUG main            d.u.i.k.p.i.IntermediateProofReplayer Proof replay took 2.7ns 
216216     INFO  main            d.u.i.k.p.r.p.TestFile    ... finished proof: closed. 
216487     INFO  main            d.u.i.k.p.i.AbstractProblemLoader Loading environment from /home/runner/work/key/key/key.core/../key.ui/examples/standard_key/inEqSimp/inequations1.key.proof 
216487     DEBUG main            d.u.i.k.p.i.AbstractProblemLoader Environment load took 99.2ns 
216488     INFO  main            d.u.i.k.p.i.AbstractProblemLoader Creating init config 
218716     DEBUG main            d.u.i.k.p.i.AbstractProblemLoader Init config took 2.23s 
218729     INFO  main            d.u.i.k.p.i.AbstractProblemLoader Replaying proof inequations1.key.proof 
218732     DEBUG main            d.u.i.k.p.i.IntermediateProofReplayer Proof replay took 940.61ns 
218732     DEBUG main            d.u.i.k.p.r.p.TestFile    ... success: reloaded. 
218733     INFO  main            d.u.i.k.p.r.p.TestFile    Now processing file /home/runner/work/key/key/key.core/../key.ui/examples/standard_key/inEqSimp/inequations2.key 
218733     INFO  main            d.u.i.k.p.i.AbstractProblemLoader Loading environment from /home/runner/work/key/key/key.core/../key.ui/examples/standard_key/inEqSimp/inequations2.key 
218733     DEBUG main            d.u.i.k.p.i.AbstractProblemLoader Environment load took 45.1ns 
218734     INFO  main            d.u.i.k.p.i.AbstractProblemLoader Creating init config 
221022     DEBUG main            d.u.i.k.p.i.AbstractProblemLoader Init config took 2.29s 
221038     INFO  main            d.u.i.k.p.i.AbstractProblemLoader Replaying proof inequations2.key 
221040     DEBUG main            d.u.i.k.p.i.IntermediateProofReplayer Proof replay took 2.6ns 
221142     INFO  main            d.u.i.k.p.r.p.TestFile    ... finished proof: closed. 
221411     INFO  main            d.u.i.k.p.i.AbstractProblemLoader Loading environment from /home/runner/work/key/key/key.core/../key.ui/examples/standard_key/inEqSimp/inequations2.key.proof 
221411     DEBUG main            d.u.i.k.p.i.AbstractProblemLoader Environment load took 95.3ns 
221412     INFO  main            d.u.i.k.p.i.AbstractProblemLoader Creating init config 
223628     DEBUG main            d.u.i.k.p.i.AbstractProblemLoader Init config took 2.22s 
223641     INFO  main            d.u.i.k.p.i.AbstractProblemLoader Replaying proof inequations2.key.proof 
223644     DEBUG main            d.u.i.k.p.i.IntermediateProofReplayer Proof replay took 1.16ms 
223645     DEBUG main            d.u.i.k.p.r.p.TestFile    ... success: reloaded. 
223645     INFO  main            d.u.i.k.p.r.p.TestFile    Now processing file /home/runner/work/key/key/key.core/../key.ui/examples/standard_key/inEqSimp/linApprox.key 
223646     INFO  main            d.u.i.k.p.i.AbstractProblemLoader Loading environment from /home/runner/work/key/key/key.core/../key.ui/examples/standard_key/inEqSimp/linApprox.key 
223646     DEBUG main            d.u.i.k.p.i.AbstractProblemLoader Environment load took 198.1ns 
223647     INFO  main            d.u.i.k.p.i.AbstractProblemLoader Creating init config 
225944     DEBUG main            d.u.i.k.p.i.AbstractProblemLoader Init config took 2.3s 
225957     INFO  main            d.u.i.k.p.i.AbstractProblemLoader Replaying proof linApprox.key 
225958     DEBUG main            d.u.i.k.p.i.IntermediateProofReplayer Proof replay took 3ns 
226060     INFO  main            d.u.i.k.p.r.p.TestFile    ... finished proof: closed. 
226337     INFO  main            d.u.i.k.p.i.AbstractProblemLoader Loading environment from /home/runner/work/key/key/key.core/../key.ui/examples/standard_key/inEqSimp/linApprox.key.proof 
226337     DEBUG main            d.u.i.k.p.i.AbstractProblemLoader Environment load took 86.4ns 
226338     INFO  main            d.u.i.k.p.i.AbstractProblemLoader Creating init config 
228560     DEBUG main            d.u.i.k.p.i.AbstractProblemLoader Init config took 2.22s 
228573     INFO  main            d.u.i.k.p.i.AbstractProblemLoader Replaying proof linApprox.key.proof 
228576     DEBUG main            d.u.i.k.p.i.IntermediateProofReplayer Proof replay took 1.4ms 
228576     DEBUG main            d.u.i.k.p.r.p.TestFile    ... success: reloaded. 
228577     INFO  main            d.u.i.k.p.r.p.TestFile    Now processing file /home/runner/work/key/key/key.core/../key.ui/examples/standard_key/inEqSimp/nonLinInEqExample0.key 
228577     INFO  main            d.u.i.k.p.i.AbstractProblemLoader Loading environment from /home/runner/work/key/key/key.core/../key.ui/examples/standard_key/inEqSimp/nonLinInEqExample0.key 
228577     DEBUG main            d.u.i.k.p.i.AbstractProblemLoader Environment load took 42.6ns 
228578     INFO  main            d.u.i.k.p.i.AbstractProblemLoader Creating init config 
230830     DEBUG main            d.u.i.k.p.i.AbstractProblemLoader Init config took 2.25s 
230843     INFO  main            d.u.i.k.p.i.AbstractProblemLoader Replaying proof nonLinInEqExample0.key 
230844     DEBUG main            d.u.i.k.p.i.IntermediateProofReplayer Proof replay took 2.6ns 
230946     INFO  main            d.u.i.k.p.r.p.TestFile    ... finished proof: closed. 
231230     INFO  main            d.u.i.k.p.i.AbstractProblemLoader Loading environment from /home/runner/work/key/key/key.core/../key.ui/examples/standard_key/inEqSimp/nonLinInEqExample0.key.proof 
231230     DEBUG main            d.u.i.k.p.i.AbstractProblemLoader Environment load took 86.4ns 
231231     INFO  main            d.u.i.k.p.i.AbstractProblemLoader Creating init config 
233437     DEBUG main            d.u.i.k.p.i.AbstractProblemLoader Init config took 2.21s 
233449     INFO  main            d.u.i.k.p.i.AbstractProblemLoader Replaying proof nonLinInEqExample0.key.proof 
233451     DEBUG main            d.u.i.k.p.i.IntermediateProofReplayer Proof replay took 536.5ns 
233452     DEBUG main            d.u.i.k.p.r.p.TestFile    ... success: reloaded. 
233452     INFO  main            d.u.i.k.p.r.p.TestFile    Now processing file /home/runner/work/key/key/key.core/../key.ui/examples/standard_key/inEqSimp/nonLinInEqExample2.key 
233452     INFO  main            d.u.i.k.p.i.AbstractProblemLoader Loading environment from /home/runner/work/key/key/key.core/../key.ui/examples/standard_key/inEqSimp/nonLinInEqExample2.key 
233452     DEBUG main            d.u.i.k.p.i.AbstractProblemLoader Environment load took 43.3ns 
233454     INFO  main            d.u.i.k.p.i.AbstractProblemLoader Creating init config 
235703     DEBUG main            d.u.i.k.p.i.AbstractProblemLoader Init config took 2.25s 
235715     INFO  main            d.u.i.k.p.i.AbstractProblemLoader Replaying proof nonLinInEqExample2.key 
235717     DEBUG main            d.u.i.k.p.i.IntermediateProofReplayer Proof replay took 3.4ns 
236021     INFO  main            d.u.i.k.p.r.p.TestFile    ... finished proof: closed. 
236310     INFO  main            d.u.i.k.p.i.AbstractProblemLoader Loading environment from /home/runner/work/key/key/key.core/../key.ui/examples/standard_key/inEqSimp/nonLinInEqExample2.key.proof 
236310     DEBUG main            d.u.i.k.p.i.AbstractProblemLoader Environment load took 89.3ns 
236312     INFO  main            d.u.i.k.p.i.AbstractProblemLoader Creating init config 
238531     DEBUG main            d.u.i.k.p.i.AbstractProblemLoader Init config took 2.22s 
238544     INFO  main            d.u.i.k.p.i.AbstractProblemLoader Replaying proof nonLinInEqExample2.key.proof 
238582     DEBUG main            d.u.i.k.p.i.IntermediateProofReplayer Proof replay took 33.2ms 
238583     DEBUG main            d.u.i.k.p.r.p.TestFile    ... success: reloaded. 
238584     INFO  main            d.u.i.k.p.r.p.TestFile    Now processing file /home/runner/work/key/key/key.core/../key.ui/examples/standard_key/inEqSimp/nonLinInEqExample3.key 
238584     INFO  main            d.u.i.k.p.i.AbstractProblemLoader Loading environment from /home/runner/work/key/key/key.core/../key.ui/examples/standard_key/inEqSimp/nonLinInEqExample3.key 
238584     DEBUG main            d.u.i.k.p.i.AbstractProblemLoader Environment load took 67.9ns 
238585     INFO  main            d.u.i.k.p.i.AbstractProblemLoader Creating init config 
240838     DEBUG main            d.u.i.k.p.i.AbstractProblemLoader Init config took 2.25s 
240851     INFO  main            d.u.i.k.p.i.AbstractProblemLoader Replaying proof nonLinInEqExample3.key 
240856     DEBUG main            d.u.i.k.p.i.IntermediateProofReplayer Proof replay took 2.9ns 
241058     INFO  main            d.u.i.k.p.r.p.TestFile    ... finished proof: closed. 
241367     INFO  main            d.u.i.k.p.i.AbstractProblemLoader Loading environment from /home/runner/work/key/key/key.core/../key.ui/examples/standard_key/inEqSimp/nonLinInEqExample3.key.proof 
241367     DEBUG main            d.u.i.k.p.i.AbstractProblemLoader Environment load took 87.6ns 
241368     INFO  main            d.u.i.k.p.i.AbstractProblemLoader Creating init config 
243600     DEBUG main            d.u.i.k.p.i.AbstractProblemLoader Init config took 2.23s 
243614     INFO  main            d.u.i.k.p.i.AbstractProblemLoader Replaying proof nonLinInEqExample3.key.proof 
243628     DEBUG main            d.u.i.k.p.i.IntermediateProofReplayer Proof replay took 11.5ms 
243629     DEBUG main            d.u.i.k.p.r.p.TestFile    ... success: reloaded. 
243630     INFO  main            d.u.i.k.p.r.p.TestFile    Now processing file /home/runner/work/key/key/key.core/../key.ui/examples/standard_key/inEqSimp/nonLinInEqExample4.key 
243630     INFO  main            d.u.i.k.p.i.AbstractProblemLoader Loading environment from /home/runner/work/key/key/key.core/../key.ui/examples/standard_key/inEqSimp/nonLinInEqExample4.key 
243630     DEBUG main            d.u.i.k.p.i.AbstractProblemLoader Environment load took 120.6ns 
243631     INFO  main            d.u.i.k.p.i.AbstractProblemLoader Creating init config 
245910     DEBUG main            d.u.i.k.p.i.AbstractProblemLoader Init config took 2.28s 
245922     INFO  main            d.u.i.k.p.i.AbstractProblemLoader Replaying proof nonLinInEqExample4.key 
245923     DEBUG main            d.u.i.k.p.i.IntermediateProofReplayer Proof replay took 2.5ns 
246025     INFO  main            d.u.i.k.p.r.p.TestFile    ... finished proof: closed. 
246330     INFO  main            d.u.i.k.p.i.AbstractProblemLoader Loading environment from /home/runner/work/key/key/key.core/../key.ui/examples/standard_key/inEqSimp/nonLinInEqExample4.key.proof 
246330     DEBUG main            d.u.i.k.p.i.AbstractProblemLoader Environment load took 87.5ns 
246331     INFO  main            d.u.i.k.p.i.AbstractProblemLoader Creating init config 
248556     DEBUG main            d.u.i.k.p.i.AbstractProblemLoader Init config took 2.22s 
248569     INFO  main            d.u.i.k.p.i.AbstractProblemLoader Replaying proof nonLinInEqExample4.key.proof 
248573     DEBUG main            d.u.i.k.p.i.IntermediateProofReplayer Proof replay took 2.68ms 
248574     DEBUG main            d.u.i.k.p.r.p.TestFile    ... success: reloaded. 
248575     INFO  main            d.u.i.k.p.r.p.TestFile    Now processing file /home/runner/work/key/key/key.core/../key.ui/examples/standard_key/inEqSimp/quadraticInEq.key 
248575     INFO  main            d.u.i.k.p.i.AbstractProblemLoader Loading environment from /home/runner/work/key/key/key.core/../key.ui/examples/standard_key/inEqSimp/quadraticInEq.key 
248575     DEBUG main            d.u.i.k.p.i.AbstractProblemLoader Environment load took 78.1ns 
248576     INFO  main            d.u.i.k.p.i.AbstractProblemLoader Creating init config 
250835     DEBUG main            d.u.i.k.p.i.AbstractProblemLoader Init config took 2.26s 
250848     INFO  main            d.u.i.k.p.i.AbstractProblemLoader Replaying proof quadraticInEq.key 
250849     DEBUG main            d.u.i.k.p.i.IntermediateProofReplayer Proof replay took 2.4ns 
251153     INFO  main            d.u.i.k.p.r.p.TestFile    ... finished proof: closed. 
251478     INFO  main            d.u.i.k.p.i.AbstractProblemLoader Loading environment from /home/runner/work/key/key/key.core/../key.ui/examples/standard_key/inEqSimp/quadraticInEq.key.proof 
251478     DEBUG main            d.u.i.k.p.i.AbstractProblemLoader Environment load took 92.2ns 
251480     INFO  main            d.u.i.k.p.i.AbstractProblemLoader Creating init config 
253700     DEBUG main            d.u.i.k.p.i.AbstractProblemLoader Init config took 2.22s 
253713     INFO  main            d.u.i.k.p.i.AbstractProblemLoader Replaying proof quadraticInEq.key.proof 
253750     DEBUG main            d.u.i.k.p.i.IntermediateProofReplayer Proof replay took 31.9ms 
253751     DEBUG main            d.u.i.k.p.r.p.TestFile    ... success: reloaded. 
253752     INFO  main            d.u.i.k.p.r.p.TestFile    Now processing file /home/runner/work/key/key/key.core/../key.ui/examples/standard_key/inEqSimp/quadraticInEq10.key 
253752     INFO  main            d.u.i.k.p.i.AbstractProblemLoader Loading environment from /home/runner/work/key/key/key.core/../key.ui/examples/standard_key/inEqSimp/quadraticInEq10.key 
253752     DEBUG main            d.u.i.k.p.i.AbstractProblemLoader Environment load took 81.7ns 
253753     INFO  main            d.u.i.k.p.i.AbstractProblemLoader Creating init config 
256010     DEBUG main            d.u.i.k.p.i.AbstractProblemLoader Init config took 2.26s 
256022     INFO  main            d.u.i.k.p.i.AbstractProblemLoader Replaying proof quadraticInEq10.key 
256024     DEBUG main            d.u.i.k.p.i.IntermediateProofReplayer Proof replay took 2.9ns 
256226     INFO  main            d.u.i.k.p.r.p.TestFile    ... finished proof: closed. 
256547     INFO  main            d.u.i.k.p.i.AbstractProblemLoader Loading environment from /home/runner/work/key/key/key.core/../key.ui/examples/standard_key/inEqSimp/quadraticInEq10.key.proof 
256547     DEBUG main            d.u.i.k.p.i.AbstractProblemLoader Environment load took 87.1ns 
256548     INFO  main            d.u.i.k.p.i.AbstractProblemLoader Creating init config 
258757     DEBUG main            d.u.i.k.p.i.AbstractProblemLoader Init config took 2.21s 
258770     INFO  main            d.u.i.k.p.i.AbstractProblemLoader Replaying proof quadraticInEq10.key.proof 
258780     DEBUG main            d.u.i.k.p.i.IntermediateProofReplayer Proof replay took 7.64ms 
258781     DEBUG main            d.u.i.k.p.r.p.TestFile    ... success: reloaded. 
258782     INFO  main            d.u.i.k.p.r.p.TestFile    Now processing file /home/runner/work/key/key/key.core/../key.ui/examples/standard_key/inEqSimp/quadraticInEq13.key 
258782     INFO  main            d.u.i.k.p.i.AbstractProblemLoader Loading environment from /home/runner/work/key/key/key.core/../key.ui/examples/standard_key/inEqSimp/quadraticInEq13.key 
258782     DEBUG main            d.u.i.k.p.i.AbstractProblemLoader Environment load took 78.7ns 
258784     INFO  main            d.u.i.k.p.i.AbstractProblemLoader Creating init config 
261034     DEBUG main            d.u.i.k.p.i.AbstractProblemLoader Init config took 2.25s 
261064     INFO  main            d.u.i.k.p.i.AbstractProblemLoader Replaying proof quadraticInEq13.key 
261065     DEBUG main            d.u.i.k.p.i.IntermediateProofReplayer Proof replay took 2.6ns 
261268     INFO  main            d.u.i.k.p.r.p.TestFile    ... finished proof: closed. 
261585     INFO  main            d.u.i.k.p.i.AbstractProblemLoader Loading environment from /home/runner/work/key/key/key.core/../key.ui/examples/standard_key/inEqSimp/quadraticInEq13.key.proof 
261586     DEBUG main            d.u.i.k.p.i.AbstractProblemLoader Environment load took 90.3ns 
261587     INFO  main            d.u.i.k.p.i.AbstractProblemLoader Creating init config 
263795     DEBUG main            d.u.i.k.p.i.AbstractProblemLoader Init config took 2.21s 
263808     INFO  main            d.u.i.k.p.i.AbstractProblemLoader Replaying proof quadraticInEq13.key.proof 
263819     DEBUG main            d.u.i.k.p.i.IntermediateProofReplayer Proof replay took 8.9ms 
263820     DEBUG main            d.u.i.k.p.r.p.TestFile    ... success: reloaded. 
263821     INFO  main            d.u.i.k.p.r.p.TestFile    Now processing file /home/runner/work/key/key/key.core/../key.ui/examples/standard_key/inEqSimp/quadraticInEq14.key 
263821     INFO  main            d.u.i.k.p.i.AbstractProblemLoader Loading environment from /home/runner/work/key/key/key.core/../key.ui/examples/standard_key/inEqSimp/quadraticInEq14.key 
263821     DEBUG main            d.u.i.k.p.i.AbstractProblemLoader Environment load took 79.7ns 
263822     INFO  main            d.u.i.k.p.i.AbstractProblemLoader Creating init config 
266070     DEBUG main            d.u.i.k.p.i.AbstractProblemLoader Init config took 2.25s 
266099     INFO  main            d.u.i.k.p.i.AbstractProblemLoader Replaying proof quadraticInEq14.key 
266101     DEBUG main            d.u.i.k.p.i.IntermediateProofReplayer Proof replay took 2.8ns 
266405     INFO  main            d.u.i.k.p.r.p.TestFile    ... finished proof: closed. 
266746     INFO  main            d.u.i.k.p.i.AbstractProblemLoader Loading environment from /home/runner/work/key/key/key.core/../key.ui/examples/standard_key/inEqSimp/quadraticInEq14.key.proof 
266746     DEBUG main            d.u.i.k.p.i.AbstractProblemLoader Environment load took 91.1ns 
266747     INFO  main            d.u.i.k.p.i.AbstractProblemLoader Creating init config 
268971     DEBUG main            d.u.i.k.p.i.AbstractProblemLoader Init config took 2.22s 
268983     INFO  main            d.u.i.k.p.i.AbstractProblemLoader Replaying proof quadraticInEq14.key.proof 
268997     DEBUG main            d.u.i.k.p.i.IntermediateProofReplayer Proof replay took 11.18ms 
268998     DEBUG main            d.u.i.k.p.r.p.TestFile    ... success: reloaded. 
269000     INFO  main            d.u.i.k.p.r.p.TestFile    Now processing file /home/runner/work/key/key/key.core/../key.ui/examples/standard_key/inEqSimp/quadraticInEq2.key 
269000     INFO  main            d.u.i.k.p.i.AbstractProblemLoader Loading environment from /home/runner/work/key/key/key.core/../key.ui/examples/standard_key/inEqSimp/quadraticInEq2.key 
269000     DEBUG main            d.u.i.k.p.i.AbstractProblemLoader Environment load took 53.5ns 
269001     INFO  main            d.u.i.k.p.i.AbstractProblemLoader Creating init config 
271271     DEBUG main            d.u.i.k.p.i.AbstractProblemLoader Init config took 2.27s 
271283     INFO  main            d.u.i.k.p.i.AbstractProblemLoader Replaying proof quadraticInEq2.key 
271285     DEBUG main            d.u.i.k.p.i.IntermediateProofReplayer Proof replay took 2.5ns 
271388     INFO  main            d.u.i.k.p.r.p.TestFile    ... finished proof: closed. 
271719     INFO  main            d.u.i.k.p.i.AbstractProblemLoader Loading environment from /home/runner/work/key/key/key.core/../key.ui/examples/standard_key/inEqSimp/quadraticInEq2.key.proof 
271719     DEBUG main            d.u.i.k.p.i.AbstractProblemLoader Environment load took 110.4ns 
271720     INFO  main            d.u.i.k.p.i.AbstractProblemLoader Creating init config 
273943     DEBUG main            d.u.i.k.p.i.AbstractProblemLoader Init config took 2.22s 
273956     INFO  main            d.u.i.k.p.i.AbstractProblemLoader Replaying proof quadraticInEq2.key.proof 
273959     DEBUG main            d.u.i.k.p.i.IntermediateProofReplayer Proof replay took 1.62ms 
273959     DEBUG main            d.u.i.k.p.r.p.TestFile    ... success: reloaded. 
273960     INFO  main            d.u.i.k.p.r.p.TestFile    Now processing file /home/runner/work/key/key/key.core/../key.ui/examples/standard_key/inEqSimp/quadraticInEq3.key 
273960     INFO  main            d.u.i.k.p.i.AbstractProblemLoader Loading environment from /home/runner/work/key/key/key.core/../key.ui/examples/standard_key/inEqSimp/quadraticInEq3.key 
273961     DEBUG main            d.u.i.k.p.i.AbstractProblemLoader Environment load took 129.1ns 
273962     INFO  main            d.u.i.k.p.i.AbstractProblemLoader Creating init config 
276233     DEBUG main            d.u.i.k.p.i.AbstractProblemLoader Init config took 2.27s 
276245     INFO  main            d.u.i.k.p.i.AbstractProblemLoader Replaying proof quadraticInEq3.key 
276247     DEBUG main            d.u.i.k.p.i.IntermediateProofReplayer Proof replay took 2.7ns 
276349     INFO  main            d.u.i.k.p.r.p.TestFile    ... finished proof: closed. 
276679     INFO  main            d.u.i.k.p.i.AbstractProblemLoader Loading environment from /home/runner/work/key/key/key.core/../key.ui/examples/standard_key/inEqSimp/quadraticInEq3.key.proof 
276679     DEBUG main            d.u.i.k.p.i.AbstractProblemLoader Environment load took 88.1ns 
276680     INFO  main            d.u.i.k.p.i.AbstractProblemLoader Creating init config 
278899     DEBUG main            d.u.i.k.p.i.AbstractProblemLoader Init config took 2.22s 
278912     INFO  main            d.u.i.k.p.i.AbstractProblemLoader Replaying proof quadraticInEq3.key.proof 
278919     DEBUG main            d.u.i.k.p.i.IntermediateProofReplayer Proof replay took 5.11ms 
278920     DEBUG main            d.u.i.k.p.r.p.TestFile    ... success: reloaded. 
278921     INFO  main            d.u.i.k.p.r.p.TestFile    Now processing file /home/runner/work/key/key/key.core/../key.ui/examples/standard_key/inEqSimp/quadraticInEq4.key 
278922     INFO  main            d.u.i.k.p.i.AbstractProblemLoader Loading environment from /home/runner/work/key/key/key.core/../key.ui/examples/standard_key/inEqSimp/quadraticInEq4.key 
278922     DEBUG main            d.u.i.k.p.i.AbstractProblemLoader Environment load took 107.4ns 
278923     INFO  main            d.u.i.k.p.i.AbstractProblemLoader Creating init config 
281217     DEBUG main            d.u.i.k.p.i.AbstractProblemLoader Init config took 2.29s 
281230     INFO  main            d.u.i.k.p.i.AbstractProblemLoader Replaying proof quadraticInEq4.key 
281231     DEBUG main            d.u.i.k.p.i.IntermediateProofReplayer Proof replay took 3.5ns 
281332     INFO  main            d.u.i.k.p.r.p.TestFile    ... finished proof: closed. 
281665     INFO  main            d.u.i.k.p.i.AbstractProblemLoader Loading environment from /home/runner/work/key/key/key.core/../key.ui/examples/standard_key/inEqSimp/quadraticInEq4.key.proof 
281665     DEBUG main            d.u.i.k.p.i.AbstractProblemLoader Environment load took 99.4ns 
281666     INFO  main            d.u.i.k.p.i.AbstractProblemLoader Creating init config 
283867     DEBUG main            d.u.i.k.p.i.AbstractProblemLoader Init config took 2.2s 
283882     INFO  main            d.u.i.k.p.i.AbstractProblemLoader Replaying proof quadraticInEq4.key.proof 
283887     DEBUG main            d.u.i.k.p.i.IntermediateProofReplayer Proof replay took 2.55ms 
283888     DEBUG main            d.u.i.k.p.r.p.TestFile    ... success: reloaded. 
283889     INFO  main            d.u.i.k.p.r.p.TestFile    Now processing file /home/runner/work/key/key/key.core/../key.ui/examples/standard_key/inEqSimp/quadraticInEq5.key 
283890     INFO  main            d.u.i.k.p.i.AbstractProblemLoader Loading environment from /home/runner/work/key/key/key.core/../key.ui/examples/standard_key/inEqSimp/quadraticInEq5.key 
283890     DEBUG main            d.u.i.k.p.i.AbstractProblemLoader Environment load took 201.2ns 
283891     INFO  main            d.u.i.k.p.i.AbstractProblemLoader Creating init config 
286126     DEBUG main            d.u.i.k.p.i.AbstractProblemLoader Init config took 2.24s 
286139     INFO  main            d.u.i.k.p.i.AbstractProblemLoader Replaying proof quadraticInEq5.key 
286140     DEBUG main            d.u.i.k.p.i.IntermediateProofReplayer Proof replay took 2.9ns 
286242     INFO  main            d.u.i.k.p.r.p.TestFile    ... finished proof: closed. 
286585     INFO  main            d.u.i.k.p.i.AbstractProblemLoader Loading environment from /home/runner/work/key/key/key.core/../key.ui/examples/standard_key/inEqSimp/quadraticInEq5.key.proof 
286585     DEBUG main            d.u.i.k.p.i.AbstractProblemLoader Environment load took 81.9ns 
286586     INFO  main            d.u.i.k.p.i.AbstractProblemLoader Creating init config 
288791     DEBUG main            d.u.i.k.p.i.AbstractProblemLoader Init config took 2.2s 
288804     INFO  main            d.u.i.k.p.i.AbstractProblemLoader Replaying proof quadraticInEq5.key.proof 
288808     DEBUG main            d.u.i.k.p.i.IntermediateProofReplayer Proof replay took 2.66ms 
288809     DEBUG main            d.u.i.k.p.r.p.TestFile    ... success: reloaded. 
288810     INFO  main            d.u.i.k.p.r.p.TestFile    Now processing file /home/runner/work/key/key/key.core/../key.ui/examples/standard_key/inEqSimp/quadraticInEq6.key 
288810     INFO  main            d.u.i.k.p.i.AbstractProblemLoader Loading environment from /home/runner/work/key/key/key.core/../key.ui/examples/standard_key/inEqSimp/quadraticInEq6.key 
288810     DEBUG main            d.u.i.k.p.i.AbstractProblemLoader Environment load took 72.6ns 
288811     INFO  main            d.u.i.k.p.i.AbstractProblemLoader Creating init config 
291046     DEBUG main            d.u.i.k.p.i.AbstractProblemLoader Init config took 2.23s 
291059     INFO  main            d.u.i.k.p.i.AbstractProblemLoader Replaying proof quadraticInEq6.key 
291060     DEBUG main            d.u.i.k.p.i.IntermediateProofReplayer Proof replay took 2.8ns 
291163     INFO  main            d.u.i.k.p.r.p.TestFile    ... finished proof: closed. 
291509     INFO  main            d.u.i.k.p.i.AbstractProblemLoader Loading environment from /home/runner/work/key/key/key.core/../key.ui/examples/standard_key/inEqSimp/quadraticInEq6.key.proof 
291509     DEBUG main            d.u.i.k.p.i.AbstractProblemLoader Environment load took 101.5ns 
291510     INFO  main            d.u.i.k.p.i.AbstractProblemLoader Creating init config 
293715     DEBUG main            d.u.i.k.p.i.AbstractProblemLoader Init config took 2.2s 
293727     INFO  main            d.u.i.k.p.i.AbstractProblemLoader Replaying proof quadraticInEq6.key.proof 
293732     DEBUG main            d.u.i.k.p.i.IntermediateProofReplayer Proof replay took 3.17ms 
293733     DEBUG main            d.u.i.k.p.r.p.TestFile    ... success: reloaded. 
293733     INFO  main            d.u.i.k.p.r.p.TestFile    Now processing file /home/runner/work/key/key/key.core/../key.ui/examples/standard_key/inEqSimp/quadraticInEq7.key 
293734     INFO  main            d.u.i.k.p.i.AbstractProblemLoader Loading environment from /home/runner/work/key/key/key.core/../key.ui/examples/standard_key/inEqSimp/quadraticInEq7.key 
293734     DEBUG main            d.u.i.k.p.i.AbstractProblemLoader Environment load took 109.1ns 
293735     INFO  main            d.u.i.k.p.i.AbstractProblemLoader Creating init config 
295972     DEBUG main            d.u.i.k.p.i.AbstractProblemLoader Init config took 2.24s 
295985     INFO  main            d.u.i.k.p.i.AbstractProblemLoader Replaying proof quadraticInEq7.key 
295986     DEBUG main            d.u.i.k.p.i.IntermediateProofReplayer Proof replay took 3.2ns 
296088     INFO  main            d.u.i.k.p.r.p.TestFile    ... finished proof: closed. 
296428     INFO  main            d.u.i.k.p.i.AbstractProblemLoader Loading environment from /home/runner/work/key/key/key.core/../key.ui/examples/standard_key/inEqSimp/quadraticInEq7.key.proof 
296429     DEBUG main            d.u.i.k.p.i.AbstractProblemLoader Environment load took 86.8ns 
296429     INFO  main            d.u.i.k.p.i.AbstractProblemLoader Creating init config 
298624     DEBUG main            d.u.i.k.p.i.AbstractProblemLoader Init config took 2.19s 
298637     INFO  main            d.u.i.k.p.i.AbstractProblemLoader Replaying proof quadraticInEq7.key.proof 
298640     DEBUG main            d.u.i.k.p.i.IntermediateProofReplayer Proof replay took 1.42ms 
298640     DEBUG main            d.u.i.k.p.r.p.TestFile    ... success: reloaded. 
298641     INFO  main            d.u.i.k.p.r.p.TestFile    Now processing file /home/runner/work/key/key/key.core/../key.ui/examples/standard_key/inEqSimp/quadraticInEq8.key 
298641     INFO  main            d.u.i.k.p.i.AbstractProblemLoader Loading environment from /home/runner/work/key/key/key.core/../key.ui/examples/standard_key/inEqSimp/quadraticInEq8.key 
298641     DEBUG main            d.u.i.k.p.i.AbstractProblemLoader Environment load took 95.9ns 
298642     INFO  main            d.u.i.k.p.i.AbstractProblemLoader Creating init config 
300876     DEBUG main            d.u.i.k.p.i.AbstractProblemLoader Init config took 2.23s 
300889     INFO  main            d.u.i.k.p.i.AbstractProblemLoader Replaying proof quadraticInEq8.key 
300892     DEBUG main            d.u.i.k.p.i.IntermediateProofReplayer Proof replay took 3.3ns 
300994     INFO  main            d.u.i.k.p.r.p.TestFile    ... finished proof: closed. 
301367     INFO  main            d.u.i.k.p.i.AbstractProblemLoader Loading environment from /home/runner/work/key/key/key.core/../key.ui/examples/standard_key/inEqSimp/quadraticInEq8.key.proof 
301367     DEBUG main            d.u.i.k.p.i.AbstractProblemLoader Environment load took 83.2ns 
301369     INFO  main            d.u.i.k.p.i.AbstractProblemLoader Creating init config 
303562     DEBUG main            d.u.i.k.p.i.AbstractProblemLoader Init config took 2.19s 
303575     INFO  main            d.u.i.k.p.i.AbstractProblemLoader Replaying proof quadraticInEq8.key.proof 
303581     DEBUG main            d.u.i.k.p.i.IntermediateProofReplayer Proof replay took 3.99ms 
303581     DEBUG main            d.u.i.k.p.r.p.TestFile    ... success: reloaded. 
303582     INFO  main            d.u.i.k.p.r.p.TestFile    Now processing file /home/runner/work/key/key/key.core/../key.ui/examples/standard_key/inEqSimp/simplify0.key 
303582     INFO  main            d.u.i.k.p.i.AbstractProblemLoader Loading environment from /home/runner/work/key/key/key.core/../key.ui/examples/standard_key/inEqSimp/simplify0.key 
303583     DEBUG main            d.u.i.k.p.i.AbstractProblemLoader Environment load took 93.1ns 
303584     INFO  main            d.u.i.k.p.i.AbstractProblemLoader Creating init config 
305831     DEBUG main            d.u.i.k.p.i.AbstractProblemLoader Init config took 2.25s 
305845     INFO  main            d.u.i.k.p.i.AbstractProblemLoader Replaying proof simplify0.key 
305846     DEBUG main            d.u.i.k.p.i.IntermediateProofReplayer Proof replay took 2.3ns 
305949     INFO  main            d.u.i.k.p.r.p.TestFile    ... finished proof: closed. 
306315     INFO  main            d.u.i.k.p.i.AbstractProblemLoader Loading environment from /home/runner/work/key/key/key.core/../key.ui/examples/standard_key/inEqSimp/simplify0.key.proof 
306315     DEBUG main            d.u.i.k.p.i.AbstractProblemLoader Environment load took 85.5ns 
306316     INFO  main            d.u.i.k.p.i.AbstractProblemLoader Creating init config 
308513     DEBUG main            d.u.i.k.p.i.AbstractProblemLoader Init config took 2.2s 
308526     INFO  main            d.u.i.k.p.i.AbstractProblemLoader Replaying proof simplify0.key.proof 
308528     DEBUG main            d.u.i.k.p.i.IntermediateProofReplayer Proof replay took 845.51ns 
308529     DEBUG main            d.u.i.k.p.r.p.TestFile    ... success: reloaded. 
308529     INFO  main            d.u.i.k.p.r.p.TestFile    Now processing file /home/runner/work/key/key/key.core/../key.ui/examples/standard_key/inEqSimp/simplify1.key 
308530     INFO  main            d.u.i.k.p.i.AbstractProblemLoader Loading environment from /home/runner/work/key/key/key.core/../key.ui/examples/standard_key/inEqSimp/simplify1.key 
308530     DEBUG main            d.u.i.k.p.i.AbstractProblemLoader Environment load took 53.3ns 
308530     INFO  main            d.u.i.k.p.i.AbstractProblemLoader Creating init config 
310762     DEBUG main            d.u.i.k.p.i.AbstractProblemLoader Init config took 2.23s 
310774     INFO  main            d.u.i.k.p.i.AbstractProblemLoader Replaying proof simplify1.key 
310775     DEBUG main            d.u.i.k.p.i.IntermediateProofReplayer Proof replay took 2.5ns 
310877     INFO  main            d.u.i.k.p.r.p.TestFile    ... finished proof: closed. 
311241     INFO  main            d.u.i.k.p.i.AbstractProblemLoader Loading environment from /home/runner/work/key/key/key.core/../key.ui/examples/standard_key/inEqSimp/simplify1.key.proof 
311241     DEBUG main            d.u.i.k.p.i.AbstractProblemLoader Environment load took 82.2ns 
311242     INFO  main            d.u.i.k.p.i.AbstractProblemLoader Creating init config 
313441     DEBUG main            d.u.i.k.p.i.AbstractProblemLoader Init config took 2.2s 
313453     INFO  main            d.u.i.k.p.i.AbstractProblemLoader Replaying proof simplify1.key.proof 
313455     DEBUG main            d.u.i.k.p.i.IntermediateProofReplayer Proof replay took 796.5ns 
313456     DEBUG main            d.u.i.k.p.r.p.TestFile    ... success: reloaded. 
313456     INFO  main            d.u.i.k.p.r.p.TestFile    Now processing file /home/runner/work/key/key/key.core/../key.ui/examples/standard_key/inEqSimp/simplify2.key 
313457     INFO  main            d.u.i.k.p.i.AbstractProblemLoader Loading environment from /home/runner/work/key/key/key.core/../key.ui/examples/standard_key/inEqSimp/simplify2.key 
313457     DEBUG main            d.u.i.k.p.i.AbstractProblemLoader Environment load took 44.2ns 
313458     INFO  main            d.u.i.k.p.i.AbstractProblemLoader Creating init config 
315703     DEBUG main            d.u.i.k.p.i.AbstractProblemLoader Init config took 2.25s 
315715     INFO  main            d.u.i.k.p.i.AbstractProblemLoader Replaying proof simplify2.key 
315716     DEBUG main            d.u.i.k.p.i.IntermediateProofReplayer Proof replay took 3.2ns 
315818     INFO  main            d.u.i.k.p.r.p.TestFile    ... finished proof: closed. 
316198     INFO  main            d.u.i.k.p.i.AbstractProblemLoader Loading environment from /home/runner/work/key/key/key.core/../key.ui/examples/standard_key/inEqSimp/simplify2.key.proof 
316198     DEBUG main            d.u.i.k.p.i.AbstractProblemLoader Environment load took 85ns 
316199     INFO  main            d.u.i.k.p.i.AbstractProblemLoader Creating init config 
318401     DEBUG main            d.u.i.k.p.i.AbstractProblemLoader Init config took 2.2s 
318414     INFO  main            d.u.i.k.p.i.AbstractProblemLoader Replaying proof simplify2.key.proof 
318422     DEBUG main            d.u.i.k.p.i.IntermediateProofReplayer Proof replay took 5.87ms 
318423     DEBUG main            d.u.i.k.p.r.p.TestFile    ... success: reloaded. 
318423     INFO  main            d.u.i.k.p.r.p.TestFile    Now processing file /home/runner/work/key/key/key.core/../key.ui/examples/standard_key/inEqSimp/simplify3.key 
318423     INFO  main            d.u.i.k.p.i.AbstractProblemLoader Loading environment from /home/runner/work/key/key/key.core/../key.ui/examples/standard_key/inEqSimp/simplify3.key 
318424     DEBUG main            d.u.i.k.p.i.AbstractProblemLoader Environment load took 76.7ns 
318424     INFO  main            d.u.i.k.p.i.AbstractProblemLoader Creating init config 
320657     DEBUG main            d.u.i.k.p.i.AbstractProblemLoader Init config took 2.23s 
320671     INFO  main            d.u.i.k.p.i.AbstractProblemLoader Replaying proof simplify3.key 
320672     DEBUG main            d.u.i.k.p.i.IntermediateProofReplayer Proof replay took 2.7ns 
320774     INFO  main            d.u.i.k.p.r.p.TestFile    ... finished proof: closed. 
321150     INFO  main            d.u.i.k.p.i.AbstractProblemLoader Loading environment from /home/runner/work/key/key/key.core/../key.ui/examples/standard_key/inEqSimp/simplify3.key.proof 
321150     DEBUG main            d.u.i.k.p.i.AbstractProblemLoader Environment load took 89.8ns 
321151     INFO  main            d.u.i.k.p.i.AbstractProblemLoader Creating init config 
323345     DEBUG main            d.u.i.k.p.i.AbstractProblemLoader Init config took 2.19s 
323358     INFO  main            d.u.i.k.p.i.AbstractProblemLoader Replaying proof simplify3.key.proof 
323361     DEBUG main            d.u.i.k.p.i.IntermediateProofReplayer Proof replay took 1.33ms 
323362     DEBUG main            d.u.i.k.p.r.p.TestFile    ... success: reloaded. 
323362     INFO  main            d.u.i.k.p.r.p.TestFile    Now processing file /home/runner/work/key/key/key.core/../key.ui/examples/standard_key/inEqSimp/simplify4.key 
323362     INFO  main            d.u.i.k.p.i.AbstractProblemLoader Loading environment from /home/runner/work/key/key/key.core/../key.ui/examples/standard_key/inEqSimp/simplify4.key 
323362     DEBUG main            d.u.i.k.p.i.AbstractProblemLoader Environment load took 43.6ns 
323363     INFO  main            d.u.i.k.p.i.AbstractProblemLoader Creating init config 
325597     DEBUG main            d.u.i.k.p.i.AbstractProblemLoader Init config took 2.23s 
325611     INFO  main            d.u.i.k.p.i.AbstractProblemLoader Replaying proof simplify4.key 
325612     DEBUG main            d.u.i.k.p.i.IntermediateProofReplayer Proof replay took 3.1ns 
325713     INFO  main            d.u.i.k.p.r.p.TestFile    ... finished proof: closed. 
326104     INFO  main            d.u.i.k.p.i.AbstractProblemLoader Loading environment from /home/runner/work/key/key/key.core/../key.ui/examples/standard_key/inEqSimp/simplify4.key.proof 
326104     DEBUG main            d.u.i.k.p.i.AbstractProblemLoader Environment load took 84.4ns 
326105     INFO  main            d.u.i.k.p.i.AbstractProblemLoader Creating init config 
328301     DEBUG main            d.u.i.k.p.i.AbstractProblemLoader Init config took 2.2s 
328315     INFO  main            d.u.i.k.p.i.AbstractProblemLoader Replaying proof simplify4.key.proof 
328322     DEBUG main            d.u.i.k.p.i.IntermediateProofReplayer Proof replay took 4.8ms 
328323     DEBUG main            d.u.i.k.p.r.p.TestFile    ... success: reloaded. 
328324     INFO  main            d.u.i.k.p.r.p.TestFile    Now processing file /home/runner/work/key/key/key.core/../key.ui/examples/standard_key/inEqSimp/simplify5.key 
328324     INFO  main            d.u.i.k.p.i.AbstractProblemLoader Loading environment from /home/runner/work/key/key/key.core/../key.ui/examples/standard_key/inEqSimp/simplify5.key 
328324     DEBUG main            d.u.i.k.p.i.AbstractProblemLoader Environment load took 180.8ns 
328325     INFO  main            d.u.i.k.p.i.AbstractProblemLoader Creating init config 
330573     DEBUG main            d.u.i.k.p.i.AbstractProblemLoader Init config took 2.25s 
330587     INFO  main            d.u.i.k.p.i.AbstractProblemLoader Replaying proof simplify5.key 
330588     DEBUG main            d.u.i.k.p.i.IntermediateProofReplayer Proof replay took 2.8ns 
331092     INFO  main            d.u.i.k.p.r.p.TestFile    ... finished proof: closed. 
331508     INFO  main            d.u.i.k.p.i.AbstractProblemLoader Loading environment from /home/runner/work/key/key/key.core/../key.ui/examples/standard_key/inEqSimp/simplify5.key.proof 
331508     DEBUG main            d.u.i.k.p.i.AbstractProblemLoader Environment load took 395.1ns 
331509     INFO  main            d.u.i.k.p.i.AbstractProblemLoader Creating init config 
333715     DEBUG main            d.u.i.k.p.i.AbstractProblemLoader Init config took 2.21s 
333729     INFO  main            d.u.i.k.p.i.AbstractProblemLoader Replaying proof simplify5.key.proof 
333765     DEBUG main            d.u.i.k.p.i.IntermediateProofReplayer Proof replay took 31.84ms 
333766     DEBUG main            d.u.i.k.p.r.p.TestFile    ... success: reloaded. 
333767     INFO  main            d.u.i.k.p.r.p.TestFile    Now processing file /home/runner/work/key/key/key.core/../key.ui/examples/standard_key/inEqSimp/subsumptionExample.key 
333767     INFO  main            d.u.i.k.p.i.AbstractProblemLoader Loading environment from /home/runner/work/key/key/key.core/../key.ui/examples/standard_key/inEqSimp/subsumptionExample.key 
333768     DEBUG main            d.u.i.k.p.i.AbstractProblemLoader Environment load took 107.5ns 
333768     INFO  main            d.u.i.k.p.i.AbstractProblemLoader Creating init config 
336012     DEBUG main            d.u.i.k.p.i.AbstractProblemLoader Init config took 2.24s 
336024     INFO  main            d.u.i.k.p.i.AbstractProblemLoader Replaying proof subsumptionExample.key 
336025     DEBUG main            d.u.i.k.p.i.IntermediateProofReplayer Proof replay took 2.9ns 
336126     INFO  main            d.u.i.k.p.r.p.TestFile    ... finished proof: closed. 
336531     INFO  main            d.u.i.k.p.i.AbstractProblemLoader Loading environment from /home/runner/work/key/key/key.core/../key.ui/examples/standard_key/inEqSimp/subsumptionExample.key.proof 
336531     DEBUG main            d.u.i.k.p.i.AbstractProblemLoader Environment load took 81.9ns 
336532     INFO  main            d.u.i.k.p.i.AbstractProblemLoader Creating init config 
338736     DEBUG main            d.u.i.k.p.i.AbstractProblemLoader Init config took 2.2s 
338749     INFO  main            d.u.i.k.p.i.AbstractProblemLoader Replaying proof subsumptionExample.key.proof 
338751     DEBUG main            d.u.i.k.p.i.IntermediateProofReplayer Proof replay took 547.5ns 
338751     DEBUG main            d.u.i.k.p.r.p.TestFile    ... success: reloaded. 
338752     INFO  main            d.u.i.k.p.r.p.TestFile    Now processing file /home/runner/work/key/key/key.core/../key.ui/examples/standard_key/polySimp/simplify0.key 
338752     INFO  main            d.u.i.k.p.i.AbstractProblemLoader Loading environment from /home/runner/work/key/key/key.core/../key.ui/examples/standard_key/polySimp/simplify0.key 
338752     DEBUG main            d.u.i.k.p.i.AbstractProblemLoader Environment load took 43.4ns 
338753     INFO  main            d.u.i.k.p.i.AbstractProblemLoader Creating init config 
340982     DEBUG main            d.u.i.k.p.i.AbstractProblemLoader Init config took 2.23s 
340995     INFO  main            d.u.i.k.p.i.AbstractProblemLoader Replaying proof simplify0.key 
340996     DEBUG main            d.u.i.k.p.i.IntermediateProofReplayer Proof replay took 2.5ns 
341199     INFO  main            d.u.i.k.p.r.p.TestFile    ... finished proof: closed. 
341615     INFO  main            d.u.i.k.p.i.AbstractProblemLoader Loading environment from /home/runner/work/key/key/key.core/../key.ui/examples/standard_key/polySimp/simplify0.key.proof 
341615     DEBUG main            d.u.i.k.p.i.AbstractProblemLoader Environment load took 83.6ns 
341616     INFO  main            d.u.i.k.p.i.AbstractProblemLoader Creating init config 
343816     DEBUG main            d.u.i.k.p.i.AbstractProblemLoader Init config took 2.2s 
343829     INFO  main            d.u.i.k.p.i.AbstractProblemLoader Replaying proof simplify0.key.proof 
343836     DEBUG main            d.u.i.k.p.i.IntermediateProofReplayer Proof replay took 4.54ms 
343837     DEBUG main            d.u.i.k.p.r.p.TestFile    ... success: reloaded. 
343837     INFO  main            d.u.i.k.p.r.p.TestFile    Now processing file /home/runner/work/key/key/key.core/../key.ui/examples/standard_key/polySimp/simplify1.key 
343837     INFO  main            d.u.i.k.p.i.AbstractProblemLoader Loading environment from /home/runner/work/key/key/key.core/../key.ui/examples/standard_key/polySimp/simplify1.key 
343837     DEBUG main            d.u.i.k.p.i.AbstractProblemLoader Environment load took 96.1ns 
343838     INFO  main            d.u.i.k.p.i.AbstractProblemLoader Creating init config 
346072     DEBUG main            d.u.i.k.p.i.AbstractProblemLoader Init config took 2.23s 
346085     INFO  main            d.u.i.k.p.i.AbstractProblemLoader Replaying proof simplify1.key 
346088     DEBUG main            d.u.i.k.p.i.IntermediateProofReplayer Proof replay took 2.5ns 
346391     INFO  main            d.u.i.k.p.r.p.TestFile    ... finished proof: closed. 
346814     INFO  main            d.u.i.k.p.i.AbstractProblemLoader Loading environment from /home/runner/work/key/key/key.core/../key.ui/examples/standard_key/polySimp/simplify1.key.proof 
346814     DEBUG main            d.u.i.k.p.i.AbstractProblemLoader Environment load took 108.5ns 
346816     INFO  main            d.u.i.k.p.i.AbstractProblemLoader Creating init config 
349022     DEBUG main            d.u.i.k.p.i.AbstractProblemLoader Init config took 2.21s 
349035     INFO  main            d.u.i.k.p.i.AbstractProblemLoader Replaying proof simplify1.key.proof 
349043     DEBUG main            d.u.i.k.p.i.IntermediateProofReplayer Proof replay took 6.32ms 
349045     DEBUG main            d.u.i.k.p.r.p.TestFile    ... success: reloaded. 
349045     INFO  main            d.u.i.k.p.r.p.TestFile    Now processing file /home/runner/work/key/key/key.core/../key.ui/examples/standard_key/polySimp/simplify10.key 
349045     INFO  main            d.u.i.k.p.i.AbstractProblemLoader Loading environment from /home/runner/work/key/key/key.core/../key.ui/examples/standard_key/polySimp/simplify10.key 
349045     DEBUG main            d.u.i.k.p.i.AbstractProblemLoader Environment load took 84.1ns 
349047     INFO  main            d.u.i.k.p.i.AbstractProblemLoader Creating init config 
351278     DEBUG main            d.u.i.k.p.i.AbstractProblemLoader Init config took 2.23s 
351291     INFO  main            d.u.i.k.p.i.AbstractProblemLoader Replaying proof simplify10.key 
351292     DEBUG main            d.u.i.k.p.i.IntermediateProofReplayer Proof replay took 2.6ns 
351494     INFO  main            d.u.i.k.p.r.p.TestFile    ... finished proof: closed. 
351933     INFO  main            d.u.i.k.p.i.AbstractProblemLoader Loading environment from /home/runner/work/key/key/key.core/../key.ui/examples/standard_key/polySimp/simplify10.key.proof 
351933     DEBUG main            d.u.i.k.p.i.AbstractProblemLoader Environment load took 108.4ns 
351935     INFO  main            d.u.i.k.p.i.AbstractProblemLoader Creating init config 
354141     DEBUG main            d.u.i.k.p.i.AbstractProblemLoader Init config took 2.21s 
354156     INFO  main            d.u.i.k.p.i.AbstractProblemLoader Replaying proof simplify10.key.proof 
354166     DEBUG main            d.u.i.k.p.i.IntermediateProofReplayer Proof replay took 8.36ms 
354168     DEBUG main            d.u.i.k.p.r.p.TestFile    ... success: reloaded. 
354169     INFO  main            d.u.i.k.p.r.p.TestFile    Now processing file /home/runner/work/key/key/key.core/../key.ui/examples/standard_key/polySimp/simplify11.key 
354169     INFO  main            d.u.i.k.p.i.AbstractProblemLoader Loading environment from /home/runner/work/key/key/key.core/../key.ui/examples/standard_key/polySimp/simplify11.key 
354169     DEBUG main            d.u.i.k.p.i.AbstractProblemLoader Environment load took 185.9ns 
354170     INFO  main            d.u.i.k.p.i.AbstractProblemLoader Creating init config 
356410     DEBUG main            d.u.i.k.p.i.AbstractProblemLoader Init config took 2.24s 
356423     INFO  main            d.u.i.k.p.i.AbstractProblemLoader Replaying proof simplify11.key 
356424     DEBUG main            d.u.i.k.p.i.IntermediateProofReplayer Proof replay took 3ns 
356629     INFO  main            d.u.i.k.p.r.p.TestFile    ... finished proof: closed. 
357064     INFO  main            d.u.i.k.p.i.AbstractProblemLoader Loading environment from /home/runner/work/key/key/key.core/../key.ui/examples/standard_key/polySimp/simplify11.key.proof 
357064     DEBUG main            d.u.i.k.p.i.AbstractProblemLoader Environment load took 89.3ns 
357065     INFO  main            d.u.i.k.p.i.AbstractProblemLoader Creating init config 
359276     DEBUG main            d.u.i.k.p.i.AbstractProblemLoader Init config took 2.21s 
359289     INFO  main            d.u.i.k.p.i.AbstractProblemLoader Replaying proof simplify11.key.proof 
359299     DEBUG main            d.u.i.k.p.i.IntermediateProofReplayer Proof replay took 7ms 
359300     DEBUG main            d.u.i.k.p.r.p.TestFile    ... success: reloaded. 
359300     INFO  main            d.u.i.k.p.r.p.TestFile    Now processing file /home/runner/work/key/key/key.core/../key.ui/examples/standard_key/polySimp/simplify12.key 
359300     INFO  main            d.u.i.k.p.i.AbstractProblemLoader Loading environment from /home/runner/work/key/key/key.core/../key.ui/examples/standard_key/polySimp/simplify12.key 
359300     DEBUG main            d.u.i.k.p.i.AbstractProblemLoader Environment load took 45.3ns 
359301     INFO  main            d.u.i.k.p.i.AbstractProblemLoader Creating init config 
361526     DEBUG main            d.u.i.k.p.i.AbstractProblemLoader Init config took 2.22s 
361539     INFO  main            d.u.i.k.p.i.AbstractProblemLoader Replaying proof simplify12.key 
361540     DEBUG main            d.u.i.k.p.i.IntermediateProofReplayer Proof replay took 2.7ns 
361641     INFO  main            d.u.i.k.p.r.p.TestFile    ... finished proof: closed. 
362069     INFO  main            d.u.i.k.p.i.AbstractProblemLoader Loading environment from /home/runner/work/key/key/key.core/../key.ui/examples/standard_key/polySimp/simplify12.key.proof 
362069     DEBUG main            d.u.i.k.p.i.AbstractProblemLoader Environment load took 89.5ns 
362070     INFO  main            d.u.i.k.p.i.AbstractProblemLoader Creating init config 
364272     DEBUG main            d.u.i.k.p.i.AbstractProblemLoader Init config took 2.2s 
364284     INFO  main            d.u.i.k.p.i.AbstractProblemLoader Replaying proof simplify12.key.proof 
364289     DEBUG main            d.u.i.k.p.i.IntermediateProofReplayer Proof replay took 3.43ms 
364290     DEBUG main            d.u.i.k.p.r.p.TestFile    ... success: reloaded. 
364290     INFO  main            d.u.i.k.p.r.p.TestFile    Now processing file /home/runner/work/key/key/key.core/../key.ui/examples/standard_key/polySimp/simplify13.key 
364291     INFO  main            d.u.i.k.p.i.AbstractProblemLoader Loading environment from /home/runner/work/key/key/key.core/../key.ui/examples/standard_key/polySimp/simplify13.key 
364291     DEBUG main            d.u.i.k.p.i.AbstractProblemLoader Environment load took 50.2ns 
364292     INFO  main            d.u.i.k.p.i.AbstractProblemLoader Creating init config 
366538     DEBUG main            d.u.i.k.p.i.AbstractProblemLoader Init config took 2.25s 
366552     INFO  main            d.u.i.k.p.i.AbstractProblemLoader Replaying proof simplify13.key 
366553     DEBUG main            d.u.i.k.p.i.IntermediateProofReplayer Proof replay took 3ns 
366655     INFO  main            d.u.i.k.p.r.p.TestFile    ... finished proof: closed. 
367084     INFO  main            d.u.i.k.p.i.AbstractProblemLoader Loading environment from /home/runner/work/key/key/key.core/../key.ui/examples/standard_key/polySimp/simplify13.key.proof 
367084     DEBUG main            d.u.i.k.p.i.AbstractProblemLoader Environment load took 101.6ns 
367086     INFO  main            d.u.i.k.p.i.AbstractProblemLoader Creating init config 
369291     DEBUG main            d.u.i.k.p.i.AbstractProblemLoader Init config took 2.21s 
369304     INFO  main            d.u.i.k.p.i.AbstractProblemLoader Replaying proof simplify13.key.proof 
369307     DEBUG main            d.u.i.k.p.i.IntermediateProofReplayer Proof replay took 2.1ms 
369308     DEBUG main            d.u.i.k.p.r.p.TestFile    ... success: reloaded. 
369308     INFO  main            d.u.i.k.p.r.p.TestFile    Now processing file /home/runner/work/key/key/key.core/../key.ui/examples/standard_key/polySimp/simplify14.key 
369309     INFO  main            d.u.i.k.p.i.AbstractProblemLoader Loading environment from /home/runner/work/key/key/key.core/../key.ui/examples/standard_key/polySimp/simplify14.key 
369309     DEBUG main            d.u.i.k.p.i.AbstractProblemLoader Environment load took 46.2ns 
369310     INFO  main            d.u.i.k.p.i.AbstractProblemLoader Creating init config 
371555     DEBUG main            d.u.i.k.p.i.AbstractProblemLoader Init config took 2.25s 
371568     INFO  main            d.u.i.k.p.i.AbstractProblemLoader Replaying proof simplify14.key 
371569     DEBUG main            d.u.i.k.p.i.IntermediateProofReplayer Proof replay took 2.8ns 
371671     INFO  main            d.u.i.k.p.r.p.TestFile    ... finished proof: closed. 
372105     INFO  main            d.u.i.k.p.i.AbstractProblemLoader Loading environment from /home/runner/work/key/key/key.core/../key.ui/examples/standard_key/polySimp/simplify14.key.proof 
372105     DEBUG main            d.u.i.k.p.i.AbstractProblemLoader Environment load took 80.4ns 
372106     INFO  main            d.u.i.k.p.i.AbstractProblemLoader Creating init config 
374305     DEBUG main            d.u.i.k.p.i.AbstractProblemLoader Init config took 2.2s 
374319     INFO  main            d.u.i.k.p.i.AbstractProblemLoader Replaying proof simplify14.key.proof 
374321     DEBUG main            d.u.i.k.p.i.IntermediateProofReplayer Proof replay took 443.2ns 
374321     DEBUG main            d.u.i.k.p.r.p.TestFile    ... success: reloaded. 
374322     INFO  main            d.u.i.k.p.r.p.TestFile    Now processing file /home/runner/work/key/key/key.core/../key.ui/examples/standard_key/polySimp/simplify15.key 
374322     INFO  main            d.u.i.k.p.i.AbstractProblemLoader Loading environment from /home/runner/work/key/key/key.core/../key.ui/examples/standard_key/polySimp/simplify15.key 
374322     DEBUG main            d.u.i.k.p.i.AbstractProblemLoader Environment load took 46.2ns 
374323     INFO  main            d.u.i.k.p.i.AbstractProblemLoader Creating init config 
376572     DEBUG main            d.u.i.k.p.i.AbstractProblemLoader Init config took 2.25s 
376584     INFO  main            d.u.i.k.p.i.AbstractProblemLoader Replaying proof simplify15.key 
376585     DEBUG main            d.u.i.k.p.i.IntermediateProofReplayer Proof replay took 2.9ns 
376686     INFO  main            d.u.i.k.p.r.p.TestFile    ... finished proof: closed. 
377127     INFO  main            d.u.i.k.p.i.AbstractProblemLoader Loading environment from /home/runner/work/key/key/key.core/../key.ui/examples/standard_key/polySimp/simplify15.key.proof 
377127     DEBUG main            d.u.i.k.p.i.AbstractProblemLoader Environment load took 85ns 
377128     INFO  main            d.u.i.k.p.i.AbstractProblemLoader Creating init config 
379331     DEBUG main            d.u.i.k.p.i.AbstractProblemLoader Init config took 2.2s 
379343     INFO  main            d.u.i.k.p.i.AbstractProblemLoader Replaying proof simplify15.key.proof 
379344     DEBUG main            d.u.i.k.p.i.IntermediateProofReplayer Proof replay took 302.7ns 
379345     DEBUG main            d.u.i.k.p.r.p.TestFile    ... success: reloaded. 
379348     INFO  main            d.u.i.k.p.r.p.TestFile    Now processing file /home/runner/work/key/key/key.core/../key.ui/examples/standard_key/polySimp/simplify16.key 
379348     INFO  main            d.u.i.k.p.i.AbstractProblemLoader Loading environment from /home/runner/work/key/key/key.core/../key.ui/examples/standard_key/polySimp/simplify16.key 
379348     DEBUG main            d.u.i.k.p.i.AbstractProblemLoader Environment load took 46.3ns 
379349     INFO  main            d.u.i.k.p.i.AbstractProblemLoader Creating init config 
381586     DEBUG main            d.u.i.k.p.i.AbstractProblemLoader Init config took 2.24s 
381599     INFO  main            d.u.i.k.p.i.AbstractProblemLoader Replaying proof simplify16.key 
381600     DEBUG main            d.u.i.k.p.i.IntermediateProofReplayer Proof replay took 3.1ns 
381701     INFO  main            d.u.i.k.p.r.p.TestFile    ... finished proof: closed. 
382144     INFO  main            d.u.i.k.p.i.AbstractProblemLoader Loading environment from /home/runner/work/key/key/key.core/../key.ui/examples/standard_key/polySimp/simplify16.key.proof 
382144     DEBUG main            d.u.i.k.p.i.AbstractProblemLoader Environment load took 89.1ns 
382145     INFO  main            d.u.i.k.p.i.AbstractProblemLoader Creating init config 
384353     DEBUG main            d.u.i.k.p.i.AbstractProblemLoader Init config took 2.21s 
384365     INFO  main            d.u.i.k.p.i.AbstractProblemLoader Replaying proof simplify16.key.proof 
384367     DEBUG main            d.u.i.k.p.i.IntermediateProofReplayer Proof replay took 211.5ns 
384367     DEBUG main            d.u.i.k.p.r.p.TestFile    ... success: reloaded. 
384367     INFO  main            d.u.i.k.p.r.p.TestFile    Now processing file /home/runner/work/key/key/key.core/../key.ui/examples/standard_key/polySimp/simplify17.key 
384368     INFO  main            d.u.i.k.p.i.AbstractProblemLoader Loading environment from /home/runner/work/key/key/key.core/../key.ui/examples/standard_key/polySimp/simplify17.key 
384368     DEBUG main            d.u.i.k.p.i.AbstractProblemLoader Environment load took 43.1ns 
384368     INFO  main            d.u.i.k.p.i.AbstractProblemLoader Creating init config 
386612     DEBUG main            d.u.i.k.p.i.AbstractProblemLoader Init config took 2.24s 
386624     INFO  main            d.u.i.k.p.i.AbstractProblemLoader Replaying proof simplify17.key 
386625     DEBUG main            d.u.i.k.p.i.IntermediateProofReplayer Proof replay took 2.7ns 
386726     INFO  main            d.u.i.k.p.r.p.TestFile    ... finished proof: closed. 
387178     INFO  main            d.u.i.k.p.i.AbstractProblemLoader Loading environment from /home/runner/work/key/key/key.core/../key.ui/examples/standard_key/polySimp/simplify17.key.proof 
387178     DEBUG main            d.u.i.k.p.i.AbstractProblemLoader Environment load took 99.2ns 
387179     INFO  main            d.u.i.k.p.i.AbstractProblemLoader Creating init config 
389384     DEBUG main            d.u.i.k.p.i.AbstractProblemLoader Init config took 2.21s 
389397     INFO  main            d.u.i.k.p.i.AbstractProblemLoader Replaying proof simplify17.key.proof 
389401     DEBUG main            d.u.i.k.p.i.IntermediateProofReplayer Proof replay took 2.7ms 
389402     DEBUG main            d.u.i.k.p.r.p.TestFile    ... success: reloaded. 
389402     INFO  main            d.u.i.k.p.r.p.TestFile    Now processing file /home/runner/work/key/key/key.core/../key.ui/examples/standard_key/polySimp/simplify18.key 
389402     INFO  main            d.u.i.k.p.i.AbstractProblemLoader Loading environment from /home/runner/work/key/key/key.core/../key.ui/examples/standard_key/polySimp/simplify18.key 
389402     DEBUG main            d.u.i.k.p.i.AbstractProblemLoader Environment load took 47.6ns 
389403     INFO  main            d.u.i.k.p.i.AbstractProblemLoader Creating init config 
391657     DEBUG main            d.u.i.k.p.i.AbstractProblemLoader Init config took 2.25s 
391669     INFO  main            d.u.i.k.p.i.AbstractProblemLoader Replaying proof simplify18.key 
391670     DEBUG main            d.u.i.k.p.i.IntermediateProofReplayer Proof replay took 2.3ns 
391873     INFO  main            d.u.i.k.p.r.p.TestFile    ... finished proof: closed. 
392329     INFO  main            d.u.i.k.p.i.AbstractProblemLoader Loading environment from /home/runner/work/key/key/key.core/../key.ui/examples/standard_key/polySimp/simplify18.key.proof 
392329     DEBUG main            d.u.i.k.p.i.AbstractProblemLoader Environment load took 90.5ns 
392330     INFO  main            d.u.i.k.p.i.AbstractProblemLoader Creating init config 
394543     DEBUG main            d.u.i.k.p.i.AbstractProblemLoader Init config took 2.21s 
394557     INFO  main            d.u.i.k.p.i.AbstractProblemLoader Replaying proof simplify18.key.proof 
394565     DEBUG main            d.u.i.k.p.i.IntermediateProofReplayer Proof replay took 5.94ms 
394566     DEBUG main            d.u.i.k.p.r.p.TestFile    ... success: reloaded. 
394566     INFO  main            d.u.i.k.p.r.p.TestFile    Now processing file /home/runner/work/key/key/key.core/../key.ui/examples/standard_key/polySimp/simplify19.key 
394567     INFO  main            d.u.i.k.p.i.AbstractProblemLoader Loading environment from /home/runner/work/key/key/key.core/../key.ui/examples/standard_key/polySimp/simplify19.key 
394567     DEBUG main            d.u.i.k.p.i.AbstractProblemLoader Environment load took 69.9ns 
394568     INFO  main            d.u.i.k.p.i.AbstractProblemLoader Creating init config 
396816     DEBUG main            d.u.i.k.p.i.AbstractProblemLoader Init config took 2.25s 
396830     INFO  main            d.u.i.k.p.i.AbstractProblemLoader Replaying proof simplify19.key 
396831     DEBUG main            d.u.i.k.p.i.IntermediateProofReplayer Proof replay took 3ns 
399769     INFO  main            d.u.i.k.p.r.p.TestFile    ... finished proof: closed. 
400256     INFO  main            d.u.i.k.p.i.AbstractProblemLoader Loading environment from /home/runner/work/key/key/key.core/../key.ui/examples/standard_key/polySimp/simplify19.key.proof 
400256     DEBUG main            d.u.i.k.p.i.AbstractProblemLoader Environment load took 165ns 
400258     INFO  main            d.u.i.k.p.i.AbstractProblemLoader Creating init config 
402471     DEBUG main            d.u.i.k.p.i.AbstractProblemLoader Init config took 2.21s 
402485     INFO  main            d.u.i.k.p.i.AbstractProblemLoader Replaying proof simplify19.key.proof 
402596     DEBUG main            d.u.i.k.p.i.IntermediateProofReplayer Proof replay took 86.27ms 
402598     DEBUG main            d.u.i.k.p.r.p.TestFile    ... success: reloaded. 
402598     INFO  main            d.u.i.k.p.r.p.TestFile    Now processing file /home/runner/work/key/key/key.core/../key.ui/examples/standard_key/polySimp/simplify2.key 
402598     INFO  main            d.u.i.k.p.i.AbstractProblemLoader Loading environment from /home/runner/work/key/key/key.core/../key.ui/examples/standard_key/polySimp/simplify2.key 
402598     DEBUG main            d.u.i.k.p.i.AbstractProblemLoader Environment load took 66.1ns 
402599     INFO  main            d.u.i.k.p.i.AbstractProblemLoader Creating init config 
404849     DEBUG main            d.u.i.k.p.i.AbstractProblemLoader Init config took 2.25s 
404879     INFO  main            d.u.i.k.p.i.AbstractProblemLoader Replaying proof simplify2.key 
404880     DEBUG main            d.u.i.k.p.i.IntermediateProofReplayer Proof replay took 2.5ns 
404982     INFO  main            d.u.i.k.p.r.p.TestFile    ... finished proof: closed. 
405492     INFO  main            d.u.i.k.p.i.AbstractProblemLoader Loading environment from /home/runner/work/key/key/key.core/../key.ui/examples/standard_key/polySimp/simplify2.key.proof 
405492     DEBUG main            d.u.i.k.p.i.AbstractProblemLoader Environment load took 82.7ns 
405493     INFO  main            d.u.i.k.p.i.AbstractProblemLoader Creating init config 
407696     DEBUG main            d.u.i.k.p.i.AbstractProblemLoader Init config took 2.2s 
407710     INFO  main            d.u.i.k.p.i.AbstractProblemLoader Replaying proof simplify2.key.proof 
407711     DEBUG main            d.u.i.k.p.i.IntermediateProofReplayer Proof replay took 480.3ns 
407712     DEBUG main            d.u.i.k.p.r.p.TestFile    ... success: reloaded. 
407712     INFO  main            d.u.i.k.p.r.p.TestFile    Now processing file /home/runner/work/key/key/key.core/../key.ui/examples/standard_key/polySimp/simplify20.key 
407712     INFO  main            d.u.i.k.p.i.AbstractProblemLoader Loading environment from /home/runner/work/key/key/key.core/../key.ui/examples/standard_key/polySimp/simplify20.key 
407712     DEBUG main            d.u.i.k.p.i.AbstractProblemLoader Environment load took 43.3ns 
407713     INFO  main            d.u.i.k.p.i.AbstractProblemLoader Creating init config 
409961     DEBUG main            d.u.i.k.p.i.AbstractProblemLoader Init config took 2.25s 
409973     INFO  main            d.u.i.k.p.i.AbstractProblemLoader Replaying proof simplify20.key 
409974     DEBUG main            d.u.i.k.p.i.IntermediateProofReplayer Proof replay took 2.6ns 
410578     INFO  main            d.u.i.k.p.r.p.TestFile    ... finished proof: closed. 
411079     INFO  main            d.u.i.k.p.i.AbstractProblemLoader Loading environment from /home/runner/work/key/key/key.core/../key.ui/examples/standard_key/polySimp/simplify20.key.proof 
411080     DEBUG main            d.u.i.k.p.i.AbstractProblemLoader Environment load took 376.1ns 
411081     INFO  main            d.u.i.k.p.i.AbstractProblemLoader Creating init config 
413291     DEBUG main            d.u.i.k.p.i.AbstractProblemLoader Init config took 2.21s 
413306     INFO  main            d.u.i.k.p.i.AbstractProblemLoader Replaying proof simplify20.key.proof 
413336     DEBUG main            d.u.i.k.p.i.IntermediateProofReplayer Proof replay took 24.68ms 
413337     DEBUG main            d.u.i.k.p.r.p.TestFile    ... success: reloaded. 
413337     INFO  main            d.u.i.k.p.r.p.TestFile    Now processing file /home/runner/work/key/key/key.core/../key.ui/examples/standard_key/polySimp/simplify21.key 
413337     INFO  main            d.u.i.k.p.i.AbstractProblemLoader Loading environment from /home/runner/work/key/key/key.core/../key.ui/examples/standard_key/polySimp/simplify21.key 
413338     DEBUG main            d.u.i.k.p.i.AbstractProblemLoader Environment load took 81.8ns 
413340     INFO  main            d.u.i.k.p.i.AbstractProblemLoader Creating init config 
415592     DEBUG main            d.u.i.k.p.i.AbstractProblemLoader Init config took 2.25s 
415605     INFO  main            d.u.i.k.p.i.AbstractProblemLoader Replaying proof simplify21.key 
415606     DEBUG main            d.u.i.k.p.i.IntermediateProofReplayer Proof replay took 2.8ns 
416211     INFO  main            d.u.i.k.p.r.p.TestFile    ... finished proof: closed. 
416748     INFO  main            d.u.i.k.p.i.AbstractProblemLoader Loading environment from /home/runner/work/key/key/key.core/../key.ui/examples/standard_key/polySimp/simplify21.key.proof 
416748     DEBUG main            d.u.i.k.p.i.AbstractProblemLoader Environment load took 92.9ns 
416750     INFO  main            d.u.i.k.p.i.AbstractProblemLoader Creating init config 
418961     DEBUG main            d.u.i.k.p.i.AbstractProblemLoader Init config took 2.21s 
418976     INFO  main            d.u.i.k.p.i.AbstractProblemLoader Replaying proof simplify21.key.proof 
418998     DEBUG main            d.u.i.k.p.i.IntermediateProofReplayer Proof replay took 18.12ms 
419001     DEBUG main            d.u.i.k.p.r.p.TestFile    ... success: reloaded. 
419001     INFO  main            d.u.i.k.p.r.p.TestFile    Now processing file /home/runner/work/key/key/key.core/../key.ui/examples/standard_key/polySimp/simplify22.key 
419001     INFO  main            d.u.i.k.p.i.AbstractProblemLoader Loading environment from /home/runner/work/key/key/key.core/../key.ui/examples/standard_key/polySimp/simplify22.key 
419001     DEBUG main            d.u.i.k.p.i.AbstractProblemLoader Environment load took 47.1ns 
419002     INFO  main            d.u.i.k.p.i.AbstractProblemLoader Creating init config 
421262     DEBUG main            d.u.i.k.p.i.AbstractProblemLoader Init config took 2.26s 
421275     INFO  main            d.u.i.k.p.i.AbstractProblemLoader Replaying proof simplify22.key 
421276     DEBUG main            d.u.i.k.p.i.IntermediateProofReplayer Proof replay took 3ns 
421378     INFO  main            d.u.i.k.p.r.p.TestFile    ... finished proof: closed. 
421883     INFO  main            d.u.i.k.p.i.AbstractProblemLoader Loading environment from /home/runner/work/key/key/key.core/../key.ui/examples/standard_key/polySimp/simplify22.key.proof 
421883     DEBUG main            d.u.i.k.p.i.AbstractProblemLoader Environment load took 86.7ns 
421884     INFO  main            d.u.i.k.p.i.AbstractProblemLoader Creating init config 
424102     DEBUG main            d.u.i.k.p.i.AbstractProblemLoader Init config took 2.22s 
424115     INFO  main            d.u.i.k.p.i.AbstractProblemLoader Replaying proof simplify22.key.proof 
424118     DEBUG main            d.u.i.k.p.i.IntermediateProofReplayer Proof replay took 1.94ms 
424119     DEBUG main            d.u.i.k.p.r.p.TestFile    ... success: reloaded. 
424119     INFO  main            d.u.i.k.p.r.p.TestFile    Now processing file /home/runner/work/key/key/key.core/../key.ui/examples/standard_key/polySimp/simplify23.key 
424120     INFO  main            d.u.i.k.p.i.AbstractProblemLoader Loading environment from /home/runner/work/key/key/key.core/../key.ui/examples/standard_key/polySimp/simplify23.key 
424120     DEBUG main            d.u.i.k.p.i.AbstractProblemLoader Environment load took 79.2ns 
424121     INFO  main            d.u.i.k.p.i.AbstractProblemLoader Creating init config 
426369     DEBUG main            d.u.i.k.p.i.AbstractProblemLoader Init config took 2.25s 
426382     INFO  main            d.u.i.k.p.i.AbstractProblemLoader Replaying proof simplify23.key 
426383     DEBUG main            d.u.i.k.p.i.IntermediateProofReplayer Proof replay took 2.5ns 
426485     INFO  main            d.u.i.k.p.r.p.TestFile    ... finished proof: closed. 
426990     INFO  main            d.u.i.k.p.i.AbstractProblemLoader Loading environment from /home/runner/work/key/key/key.core/../key.ui/examples/standard_key/polySimp/simplify23.key.proof 
426990     DEBUG main            d.u.i.k.p.i.AbstractProblemLoader Environment load took 88.1ns 
426991     INFO  main            d.u.i.k.p.i.AbstractProblemLoader Creating init config 
429199     DEBUG main            d.u.i.k.p.i.AbstractProblemLoader Init config took 2.21s 
429212     INFO  main            d.u.i.k.p.i.AbstractProblemLoader Replaying proof simplify23.key.proof 
429219     DEBUG main            d.u.i.k.p.i.IntermediateProofReplayer Proof replay took 5.21ms 
429220     DEBUG main            d.u.i.k.p.r.p.TestFile    ... success: reloaded. 
429221     INFO  main            d.u.i.k.p.r.p.TestFile    Now processing file /home/runner/work/key/key/key.core/../key.ui/examples/standard_key/polySimp/simplify24.key 
429221     INFO  main            d.u.i.k.p.i.AbstractProblemLoader Loading environment from /home/runner/work/key/key/key.core/../key.ui/examples/standard_key/polySimp/simplify24.key 
429221     DEBUG main            d.u.i.k.p.i.AbstractProblemLoader Environment load took 79.4ns 
429222     INFO  main            d.u.i.k.p.i.AbstractProblemLoader Creating init config 
431472     DEBUG main            d.u.i.k.p.i.AbstractProblemLoader Init config took 2.25s 
431485     INFO  main            d.u.i.k.p.i.AbstractProblemLoader Replaying proof simplify24.key 
431486     DEBUG main            d.u.i.k.p.i.IntermediateProofReplayer Proof replay took 2.7ns 
431587     INFO  main            d.u.i.k.p.r.p.TestFile    ... finished proof: closed. 
432074     INFO  main            d.u.i.k.p.i.AbstractProblemLoader Loading environment from /home/runner/work/key/key/key.core/../key.ui/examples/standard_key/polySimp/simplify24.key.proof 
432074     DEBUG main            d.u.i.k.p.i.AbstractProblemLoader Environment load took 86ns 
432075     INFO  main            d.u.i.k.p.i.AbstractProblemLoader Creating init config 
434274     DEBUG main            d.u.i.k.p.i.AbstractProblemLoader Init config took 2.2s 
434288     INFO  main            d.u.i.k.p.i.AbstractProblemLoader Replaying proof simplify24.key.proof 
434291     DEBUG main            d.u.i.k.p.i.IntermediateProofReplayer Proof replay took 1.03ms 
434291     DEBUG main            d.u.i.k.p.r.p.TestFile    ... success: reloaded. 
434292     INFO  main            d.u.i.k.p.r.p.TestFile    Now processing file /home/runner/work/key/key/key.core/../key.ui/examples/standard_key/polySimp/simplify25.key 
434292     INFO  main            d.u.i.k.p.i.AbstractProblemLoader Loading environment from /home/runner/work/key/key/key.core/../key.ui/examples/standard_key/polySimp/simplify25.key 
434292     DEBUG main            d.u.i.k.p.i.AbstractProblemLoader Environment load took 60.1ns 
434293     INFO  main            d.u.i.k.p.i.AbstractProblemLoader Creating init config 
436538     DEBUG main            d.u.i.k.p.i.AbstractProblemLoader Init config took 2.25s 
436553     INFO  main            d.u.i.k.p.i.AbstractProblemLoader Replaying proof simplify25.key 
436554     DEBUG main            d.u.i.k.p.i.IntermediateProofReplayer Proof replay took 2.5ns 
436657     INFO  main            d.u.i.k.p.r.p.TestFile    ... finished proof: closed. 
437156     INFO  main            d.u.i.k.p.i.AbstractProblemLoader Loading environment from /home/runner/work/key/key/key.core/../key.ui/examples/standard_key/polySimp/simplify25.key.proof 
437156     DEBUG main            d.u.i.k.p.i.AbstractProblemLoader Environment load took 83.9ns 
437157     INFO  main            d.u.i.k.p.i.AbstractProblemLoader Creating init config 
439363     DEBUG main            d.u.i.k.p.i.AbstractProblemLoader Init config took 2.21s 
439376     INFO  main            d.u.i.k.p.i.AbstractProblemLoader Replaying proof simplify25.key.proof 
439379     DEBUG main            d.u.i.k.p.i.IntermediateProofReplayer Proof replay took 1.38ms 
439380     DEBUG main            d.u.i.k.p.r.p.TestFile    ... success: reloaded. 
439380     INFO  main            d.u.i.k.p.r.p.TestFile    Now processing file /home/runner/work/key/key/key.core/../key.ui/examples/standard_key/polySimp/simplify3.key 
439380     INFO  main            d.u.i.k.p.i.AbstractProblemLoader Loading environment from /home/runner/work/key/key/key.core/../key.ui/examples/standard_key/polySimp/simplify3.key 
439380     DEBUG main            d.u.i.k.p.i.AbstractProblemLoader Environment load took 76.4ns 
439381     INFO  main            d.u.i.k.p.i.AbstractProblemLoader Creating init config 
441619     DEBUG main            d.u.i.k.p.i.AbstractProblemLoader Init config took 2.24s 
441632     INFO  main            d.u.i.k.p.i.AbstractProblemLoader Replaying proof simplify3.key 
441633     DEBUG main            d.u.i.k.p.i.IntermediateProofReplayer Proof replay took 3.3ns 
441734     INFO  main            d.u.i.k.p.r.p.TestFile    ... finished proof: closed. 
442231     INFO  main            d.u.i.k.p.i.AbstractProblemLoader Loading environment from /home/runner/work/key/key/key.core/../key.ui/examples/standard_key/polySimp/simplify3.key.proof 
442231     DEBUG main            d.u.i.k.p.i.AbstractProblemLoader Environment load took 81.1ns 
442232     INFO  main            d.u.i.k.p.i.AbstractProblemLoader Creating init config 
444433     DEBUG main            d.u.i.k.p.i.AbstractProblemLoader Init config took 2.2s 
444445     INFO  main            d.u.i.k.p.i.AbstractProblemLoader Replaying proof simplify3.key.proof 
444447     DEBUG main            d.u.i.k.p.i.IntermediateProofReplayer Proof replay took 505.3ns 
444448     DEBUG main            d.u.i.k.p.r.p.TestFile    ... success: reloaded. 
444448     INFO  main            d.u.i.k.p.r.p.TestFile    Now processing file /home/runner/work/key/key/key.core/../key.ui/examples/standard_key/polySimp/simplify4.key 
444448     INFO  main            d.u.i.k.p.i.AbstractProblemLoader Loading environment from /home/runner/work/key/key/key.core/../key.ui/examples/standard_key/polySimp/simplify4.key 
444448     DEBUG main            d.u.i.k.p.i.AbstractProblemLoader Environment load took 44.8ns 
444449     INFO  main            d.u.i.k.p.i.AbstractProblemLoader Creating init config 
446691     DEBUG main            d.u.i.k.p.i.AbstractProblemLoader Init config took 2.24s 
446703     INFO  main            d.u.i.k.p.i.AbstractProblemLoader Replaying proof simplify4.key 
446704     DEBUG main            d.u.i.k.p.i.IntermediateProofReplayer Proof replay took 2.8ns 
446805     INFO  main            d.u.i.k.p.r.p.TestFile    ... finished proof: closed. 
447308     INFO  main            d.u.i.k.p.i.AbstractProblemLoader Loading environment from /home/runner/work/key/key/key.core/../key.ui/examples/standard_key/polySimp/simplify4.key.proof 
447308     DEBUG main            d.u.i.k.p.i.AbstractProblemLoader Environment load took 95.7ns 
447309     INFO  main            d.u.i.k.p.i.AbstractProblemLoader Creating init config 
449516     DEBUG main            d.u.i.k.p.i.AbstractProblemLoader Init config took 2.21s 
449528     INFO  main            d.u.i.k.p.i.AbstractProblemLoader Replaying proof simplify4.key.proof 
449530     DEBUG main            d.u.i.k.p.i.IntermediateProofReplayer Proof replay took 586.7ns 
449531     DEBUG main            d.u.i.k.p.r.p.TestFile    ... success: reloaded. 
449531     INFO  main            d.u.i.k.p.r.p.TestFile    Now processing file /home/runner/work/key/key/key.core/../key.ui/examples/standard_key/polySimp/simplify5.key 
449531     INFO  main            d.u.i.k.p.i.AbstractProblemLoader Loading environment from /home/runner/work/key/key/key.core/../key.ui/examples/standard_key/polySimp/simplify5.key 
449531     DEBUG main            d.u.i.k.p.i.AbstractProblemLoader Environment load took 61.3ns 
449532     INFO  main            d.u.i.k.p.i.AbstractProblemLoader Creating init config 
451775     DEBUG main            d.u.i.k.p.i.AbstractProblemLoader Init config took 2.24s 
451788     INFO  main            d.u.i.k.p.i.AbstractProblemLoader Replaying proof simplify5.key 
451789     DEBUG main            d.u.i.k.p.i.IntermediateProofReplayer Proof replay took 3.1ns 
451890     INFO  main            d.u.i.k.p.r.p.TestFile    ... finished proof: closed. 
452396     INFO  main            d.u.i.k.p.i.AbstractProblemLoader Loading environment from /home/runner/work/key/key/key.core/../key.ui/examples/standard_key/polySimp/simplify5.key.proof 
452396     DEBUG main            d.u.i.k.p.i.AbstractProblemLoader Environment load took 79.4ns 
452397     INFO  main            d.u.i.k.p.i.AbstractProblemLoader Creating init config 
454689     DEBUG main            d.u.i.k.p.i.AbstractProblemLoader Init config took 2.29s 
454724     INFO  main            d.u.i.k.p.i.AbstractProblemLoader Replaying proof simplify5.key.proof 
454730     DEBUG main            d.u.i.k.p.i.IntermediateProofReplayer Proof replay took 2.75ms 
454731     DEBUG main            d.u.i.k.p.r.p.TestFile    ... success: reloaded. 
454732     INFO  main            d.u.i.k.p.r.p.TestFile    Now processing file /home/runner/work/key/key/key.core/../key.ui/examples/standard_key/polySimp/simplify6.key 
454732     INFO  main            d.u.i.k.p.i.AbstractProblemLoader Loading environment from /home/runner/work/key/key/key.core/../key.ui/examples/standard_key/polySimp/simplify6.key 
454732     DEBUG main            d.u.i.k.p.i.AbstractProblemLoader Environment load took 182.3ns 
454733     INFO  main            d.u.i.k.p.i.AbstractProblemLoader Creating init config 
457082     DEBUG main            d.u.i.k.p.i.AbstractProblemLoader Init config took 2.35s 
457096     INFO  main            d.u.i.k.p.i.AbstractProblemLoader Replaying proof simplify6.key 
457097     DEBUG main            d.u.i.k.p.i.IntermediateProofReplayer Proof replay took 3.4ns 
457199     INFO  main            d.u.i.k.p.r.p.TestFile    ... finished proof: closed. 
457709     INFO  main            d.u.i.k.p.i.AbstractProblemLoader Loading environment from /home/runner/work/key/key/key.core/../key.ui/examples/standard_key/polySimp/simplify6.key.proof 
457709     DEBUG main            d.u.i.k.p.i.AbstractProblemLoader Environment load took 78.2ns 
457710     INFO  main            d.u.i.k.p.i.AbstractProblemLoader Creating init config 
459992     DEBUG main            d.u.i.k.p.i.AbstractProblemLoader Init config took 2.28s 
460008     INFO  main            d.u.i.k.p.i.AbstractProblemLoader Replaying proof simplify6.key.proof 
460009     DEBUG main            d.u.i.k.p.i.IntermediateProofReplayer Proof replay took 173.4ns 
460010     DEBUG main            d.u.i.k.p.r.p.TestFile    ... success: reloaded. 
460011     INFO  main            d.u.i.k.p.r.p.TestFile    Now processing file /home/runner/work/key/key/key.core/../key.ui/examples/standard_key/polySimp/simplify7.key 
460011     INFO  main            d.u.i.k.p.i.AbstractProblemLoader Loading environment from /home/runner/work/key/key/key.core/../key.ui/examples/standard_key/polySimp/simplify7.key 
460011     DEBUG main            d.u.i.k.p.i.AbstractProblemLoader Environment load took 179.2ns 
460012     INFO  main            d.u.i.k.p.i.AbstractProblemLoader Creating init config 
462355     DEBUG main            d.u.i.k.p.i.AbstractProblemLoader Init config took 2.34s 
462368     INFO  main            d.u.i.k.p.i.AbstractProblemLoader Replaying proof simplify7.key 
462369     DEBUG main            d.u.i.k.p.i.IntermediateProofReplayer Proof replay took 2.6ns 
462470     INFO  main            d.u.i.k.p.r.p.TestFile    ... finished proof: closed. 
462978     INFO  main            d.u.i.k.p.i.AbstractProblemLoader Loading environment from /home/runner/work/key/key/key.core/../key.ui/examples/standard_key/polySimp/simplify7.key.proof 
462978     DEBUG main            d.u.i.k.p.i.AbstractProblemLoader Environment load took 80.1ns 
462979     INFO  main            d.u.i.k.p.i.AbstractProblemLoader Creating init config 
465245     DEBUG main            d.u.i.k.p.i.AbstractProblemLoader Init config took 2.27s 
465260     INFO  main            d.u.i.k.p.i.AbstractProblemLoader Replaying proof simplify7.key.proof 
465262     DEBUG main            d.u.i.k.p.i.IntermediateProofReplayer Proof replay took 315.1ns 
465262     DEBUG main            d.u.i.k.p.r.p.TestFile    ... success: reloaded. 
465263     INFO  main            d.u.i.k.p.r.p.TestFile    Now processing file /home/runner/work/key/key/key.core/../key.ui/examples/standard_key/polySimp/simplify8.key 
465263     INFO  main            d.u.i.k.p.i.AbstractProblemLoader Loading environment from /home/runner/work/key/key/key.core/../key.ui/examples/standard_key/polySimp/simplify8.key 
465263     DEBUG main            d.u.i.k.p.i.AbstractProblemLoader Environment load took 201.3ns 
465267     INFO  main            d.u.i.k.p.i.AbstractProblemLoader Creating init config 
467625     DEBUG main            d.u.i.k.p.i.AbstractProblemLoader Init config took 2.36s 
467639     INFO  main            d.u.i.k.p.i.AbstractProblemLoader Replaying proof simplify8.key 
467641     DEBUG main            d.u.i.k.p.i.IntermediateProofReplayer Proof replay took 3.3ns 
471571     INFO  main            d.u.i.k.p.r.p.TestFile    ... finished proof: closed. 
472114     INFO  main            d.u.i.k.p.i.AbstractProblemLoader Loading environment from /home/runner/work/key/key/key.core/../key.ui/examples/standard_key/polySimp/simplify8.key.proof 
472114     DEBUG main            d.u.i.k.p.i.AbstractProblemLoader Environment load took 92.9ns 
472116     INFO  main            d.u.i.k.p.i.AbstractProblemLoader Creating init config 
474404     DEBUG main            d.u.i.k.p.i.AbstractProblemLoader Init config took 2.29s 
474420     INFO  main            d.u.i.k.p.i.AbstractProblemLoader Replaying proof simplify8.key.proof 
474464     DEBUG main            d.u.i.k.p.i.IntermediateProofReplayer Proof replay took 40.28ms 
474466     DEBUG main            d.u.i.k.p.r.p.TestFile    ... success: reloaded. 
474467     INFO  main            d.u.i.k.p.r.p.TestFile    Now processing file /home/runner/work/key/key/key.core/../key.ui/examples/standard_key/polySimp/simplify9.key 
474467     INFO  main            d.u.i.k.p.i.AbstractProblemLoader Loading environment from /home/runner/work/key/key/key.core/../key.ui/examples/standard_key/polySimp/simplify9.key 
474467     DEBUG main            d.u.i.k.p.i.AbstractProblemLoader Environment load took 47ns 
474468     INFO  main            d.u.i.k.p.i.AbstractProblemLoader Creating init config 
476834     DEBUG main            d.u.i.k.p.i.AbstractProblemLoader Init config took 2.37s 
476847     INFO  main            d.u.i.k.p.i.AbstractProblemLoader Replaying proof simplify9.key 
476848     DEBUG main            d.u.i.k.p.i.IntermediateProofReplayer Proof replay took 2.6ns 
477050     INFO  main            d.u.i.k.p.r.p.TestFile    ... finished proof: closed. 
477592     INFO  main            d.u.i.k.p.i.AbstractProblemLoader Loading environment from /home/runner/work/key/key/key.core/../key.ui/examples/standard_key/polySimp/simplify9.key.proof 
477592     DEBUG main            d.u.i.k.p.i.AbstractProblemLoader Environment load took 85.3ns 
477594     INFO  main            d.u.i.k.p.i.AbstractProblemLoader Creating init config 
479797     DEBUG main            d.u.i.k.p.i.AbstractProblemLoader Init config took 2.2s 
479811     INFO  main            d.u.i.k.p.i.AbstractProblemLoader Replaying proof simplify9.key.proof 
479816     DEBUG main            d.u.i.k.p.i.IntermediateProofReplayer Proof replay took 3.16ms 
479817     DEBUG main            d.u.i.k.p.r.p.TestFile    ... success: reloaded. 
2798826    INFO  Test worker     d.u.i.k.p.r.RunAllProofsTestUnit Returning from test arithmetic 
2798827    INFO  Test worker     d.u.i.k.p.r.RunAllProofsTestUnit Running test arrays 
321        INFO  Timeout watchdog d.u.i.k.p.r.p.ForkedTestFileRunner Timeout watcher launched (2000 secs.) 
342        WARN  main            d.u.i.k.s.ProofSettings   The settings in /home/runner/.key/proof-settings.props are *not* read. 
385        INFO  main            d.u.i.k.p.r.p.TestFile    Now processing file /home/runner/work/key/key/key.core/../key.ui/examples/standard_key/arrays/arrayStoreException/array2DimPrim.key 
506        INFO  main            d.u.i.k.p.i.AbstractProblemLoader Loading environment from /home/runner/work/key/key/key.core/../key.ui/examples/standard_key/arrays/arrayStoreException/array2DimPrim.key 
524        DEBUG main            d.u.i.k.p.i.AbstractProblemLoader Environment load took 2.21ms 
811        INFO  main            d.u.i.k.p.i.AbstractProblemLoader Creating init config 
1711       DEBUG main            d.u.i.k.j.TypeConverter   No LDT found for Meta 
1711       DEBUG main            d.u.i.k.j.TypeConverter   No LDT found for Meta 
1712       DEBUG main            d.u.i.k.j.TypeConverter   No LDT found for Meta 
1712       DEBUG main            d.u.i.k.j.TypeConverter   No LDT found for Meta 
3028       DEBUG main            d.u.i.k.j.TypeConverter   No LDT found for JavaBigintExpression 
7812       DEBUG main            d.u.i.k.p.i.AbstractProblemLoader Init config took 7s 
7939       INFO  main            d.u.i.k.p.i.AbstractProblemLoader Replaying proof array2DimPrim.key 
7975       DEBUG main            d.u.i.k.p.i.IntermediateProofReplayer Proof replay took 34.5ns 
11485      INFO  main            d.u.i.k.p.r.p.TestFile    ... finished proof: closed. 
11668      INFO  main            d.u.i.k.p.i.AbstractProblemLoader Loading environment from /home/runner/work/key/key/key.core/../key.ui/examples/standard_key/arrays/arrayStoreException/array2DimPrim.key.proof 
11669      DEBUG main            d.u.i.k.p.i.AbstractProblemLoader Environment load took 489.8ns 
11674      INFO  main            d.u.i.k.p.i.AbstractProblemLoader Creating init config 
14359      DEBUG main            d.u.i.k.p.i.AbstractProblemLoader Init config took 2.68s 
14393      INFO  main            d.u.i.k.p.i.AbstractProblemLoader Replaying proof array2DimPrim.key.proof 
14729      DEBUG main            d.u.i.k.p.i.IntermediateProofReplayer Proof replay took 319.29ms 
14747      DEBUG main            d.u.i.k.p.r.p.TestFile    ... success: reloaded. 
14751      INFO  main            d.u.i.k.p.r.p.TestFile    Now processing file /home/runner/work/key/key/key.core/../key.ui/examples/standard_key/arrays/arrayStoreException/arrayStoreKnownDynType.key 
14752      INFO  main            d.u.i.k.p.i.AbstractProblemLoader Loading environment from /home/runner/work/key/key/key.core/../key.ui/examples/standard_key/arrays/arrayStoreException/arrayStoreKnownDynType.key 
14752      DEBUG main            d.u.i.k.p.i.AbstractProblemLoader Environment load took 119ns 
14756      INFO  main            d.u.i.k.p.i.AbstractProblemLoader Creating init config 
17400      DEBUG main            d.u.i.k.p.i.AbstractProblemLoader Init config took 2.64s 
17439      INFO  main            d.u.i.k.p.i.AbstractProblemLoader Replaying proof arrayStoreKnownDynType.key 
17445      DEBUG main            d.u.i.k.p.i.IntermediateProofReplayer Proof replay took 18.8ns 
17650      INFO  main            d.u.i.k.p.r.p.TestFile    ... finished proof: closed. 
17879      INFO  main            d.u.i.k.p.i.AbstractProblemLoader Loading environment from /home/runner/work/key/key/key.core/../key.ui/examples/standard_key/arrays/arrayStoreException/arrayStoreKnownDynType.key.proof 
17886      DEBUG main            d.u.i.k.p.i.AbstractProblemLoader Environment load took 136.8ns 
17888      INFO  main            d.u.i.k.p.i.AbstractProblemLoader Creating init config 
20410      DEBUG main            d.u.i.k.p.i.AbstractProblemLoader Init config took 2.52s 
20441      INFO  main            d.u.i.k.p.i.AbstractProblemLoader Replaying proof arrayStoreKnownDynType.key.proof 
20487      DEBUG main            d.u.i.k.p.i.IntermediateProofReplayer Proof replay took 40.99ms 
20489      DEBUG main            d.u.i.k.p.r.p.TestFile    ... success: reloaded. 
20491      INFO  main            d.u.i.k.p.r.p.TestFile    Now processing file /home/runner/work/key/key/key.core/../key.ui/examples/standard_key/arrays/arrayStoreException/reverseArray.key 
20492      INFO  main            d.u.i.k.p.i.AbstractProblemLoader Loading environment from /home/runner/work/key/key/key.core/../key.ui/examples/standard_key/arrays/arrayStoreException/reverseArray.key 
20492      DEBUG main            d.u.i.k.p.i.AbstractProblemLoader Environment load took 232ns 
20495      INFO  main            d.u.i.k.p.i.AbstractProblemLoader Creating init config 
22957      DEBUG main            d.u.i.k.p.i.AbstractProblemLoader Init config took 2.46s 
22979      INFO  main            d.u.i.k.p.i.AbstractProblemLoader Replaying proof reverseArray.key 
22981      DEBUG main            d.u.i.k.p.i.IntermediateProofReplayer Proof replay took 6.2ns 
23486      INFO  main            d.u.i.k.p.r.p.TestFile    ... finished proof: closed. 
23712      INFO  main            d.u.i.k.p.i.AbstractProblemLoader Loading environment from /home/runner/work/key/key/key.core/../key.ui/examples/standard_key/arrays/arrayStoreException/reverseArray.key.proof 
23713      DEBUG main            d.u.i.k.p.i.AbstractProblemLoader Environment load took 694.9ns 
23714      INFO  main            d.u.i.k.p.i.AbstractProblemLoader Creating init config 
26118      DEBUG main            d.u.i.k.p.i.AbstractProblemLoader Init config took 2.4s 
26141      INFO  main            d.u.i.k.p.i.AbstractProblemLoader Replaying proof reverseArray.key.proof 
26240      DEBUG main            d.u.i.k.p.i.IntermediateProofReplayer Proof replay took 92.71ms 
26242      DEBUG main            d.u.i.k.p.r.p.TestFile    ... success: reloaded. 
26244      INFO  main            d.u.i.k.p.r.p.TestFile    Now processing file /home/runner/work/key/key/key.core/../key.ui/examples/standard_key/arrays/arrayStoreException/throwArrayStoreException.key 
26244      INFO  main            d.u.i.k.p.i.AbstractProblemLoader Loading environment from /home/runner/work/key/key/key.core/../key.ui/examples/standard_key/arrays/arrayStoreException/throwArrayStoreException.key 
26244      DEBUG main            d.u.i.k.p.i.AbstractProblemLoader Environment load took 239.6ns 
26246      INFO  main            d.u.i.k.p.i.AbstractProblemLoader Creating init config 
28699      DEBUG main            d.u.i.k.p.i.AbstractProblemLoader Init config took 2.45s 
28719      INFO  main            d.u.i.k.p.i.AbstractProblemLoader Replaying proof throwArrayStoreException.key 
28721      DEBUG main            d.u.i.k.p.i.IntermediateProofReplayer Proof replay took 6.5ns 
29124      INFO  main            d.u.i.k.p.r.p.TestFile    ... finished proof: closed. 
29310      INFO  main            d.u.i.k.p.i.AbstractProblemLoader Loading environment from /home/runner/work/key/key/key.core/../key.ui/examples/standard_key/arrays/arrayStoreException/throwArrayStoreException.key.proof 
29311      DEBUG main            d.u.i.k.p.i.AbstractProblemLoader Environment load took 152.1ns 
29312      INFO  main            d.u.i.k.p.i.AbstractProblemLoader Creating init config 
31698      DEBUG main            d.u.i.k.p.i.AbstractProblemLoader Init config took 2.39s 
31719      INFO  main            d.u.i.k.p.i.AbstractProblemLoader Replaying proof throwArrayStoreException.key.proof 
31784      DEBUG main            d.u.i.k.p.i.IntermediateProofReplayer Proof replay took 60.15ms 
31785      DEBUG main            d.u.i.k.p.r.p.TestFile    ... success: reloaded. 
31786      INFO  main            d.u.i.k.p.r.p.TestFile    Now processing file /home/runner/work/key/key/key.core/../key.ui/examples/standard_key/arrays/creation/arrayCreation1.key 
31787      INFO  main            d.u.i.k.p.i.AbstractProblemLoader Loading environment from /home/runner/work/key/key/key.core/../key.ui/examples/standard_key/arrays/creation/arrayCreation1.key 
31787      DEBUG main            d.u.i.k.p.i.AbstractProblemLoader Environment load took 212.9ns 
31788      INFO  main            d.u.i.k.p.i.AbstractProblemLoader Creating init config 
34233      DEBUG main            d.u.i.k.p.i.AbstractProblemLoader Init config took 2.44s 
34253      INFO  main            d.u.i.k.p.i.AbstractProblemLoader Replaying proof arrayCreation1.key 
34254      DEBUG main            d.u.i.k.p.i.IntermediateProofReplayer Proof replay took 6.7ns 
34358      INFO  main            d.u.i.k.p.r.p.TestFile    ... finished proof: closed. 
34560      INFO  main            d.u.i.k.p.i.AbstractProblemLoader Loading environment from /home/runner/work/key/key/key.core/../key.ui/examples/standard_key/arrays/creation/arrayCreation1.key.proof 
34560      DEBUG main            d.u.i.k.p.i.AbstractProblemLoader Environment load took 131.4ns 
34561      INFO  main            d.u.i.k.p.i.AbstractProblemLoader Creating init config 
36938      DEBUG main            d.u.i.k.p.i.AbstractProblemLoader Init config took 2.38s 
36957      INFO  main            d.u.i.k.p.i.AbstractProblemLoader Replaying proof arrayCreation1.key.proof 
36977      DEBUG main            d.u.i.k.p.i.IntermediateProofReplayer Proof replay took 17.42ms 
36978      DEBUG main            d.u.i.k.p.r.p.TestFile    ... success: reloaded. 
36979      INFO  main            d.u.i.k.p.r.p.TestFile    Now processing file /home/runner/work/key/key/key.core/../key.ui/examples/standard_key/arrays/arrayStoreException/array2Dim.key 
36979      INFO  main            d.u.i.k.p.i.AbstractProblemLoader Loading environment from /home/runner/work/key/key/key.core/../key.ui/examples/standard_key/arrays/arrayStoreException/array2Dim.key 
36979      DEBUG main            d.u.i.k.p.i.AbstractProblemLoader Environment load took 84ns 
36980      INFO  main            d.u.i.k.p.i.AbstractProblemLoader Creating init config 
39396      DEBUG main            d.u.i.k.p.i.AbstractProblemLoader Init config took 2.42s 
39418      INFO  main            d.u.i.k.p.i.AbstractProblemLoader Replaying proof array2Dim.key 
39421      DEBUG main            d.u.i.k.p.i.IntermediateProofReplayer Proof replay took 7.1ns 
42654      INFO  main            d.u.i.k.p.r.p.TestFile    ... finished proof: open goal(s) 
42917      INFO  main            d.u.i.k.p.r.p.TestFile    Now processing file /home/runner/work/key/key/key.core/../key.ui/examples/standard_key/arrays/arrayStoreException/array2DimClose.key 
42918      INFO  main            d.u.i.k.p.i.AbstractProblemLoader Loading environment from /home/runner/work/key/key/key.core/../key.ui/examples/standard_key/arrays/arrayStoreException/array2DimClose.key 
42918      DEBUG main            d.u.i.k.p.i.AbstractProblemLoader Environment load took 81.8ns 
42920      INFO  main            d.u.i.k.p.i.AbstractProblemLoader Creating init config 
45244      DEBUG main            d.u.i.k.p.i.AbstractProblemLoader Init config took 2.32s 
45263      INFO  main            d.u.i.k.p.i.AbstractProblemLoader Replaying proof array2DimClose.key 
45265      DEBUG main            d.u.i.k.p.i.IntermediateProofReplayer Proof replay took 7ns 
47538      INFO  main            d.u.i.k.p.r.p.TestFile    ... finished proof: open goal(s) 
47879      INFO  main            d.u.i.k.p.r.p.TestFile    Now processing file /home/runner/work/key/key/key.core/../key.ui/examples/standard_key/arrays/arrayStoreException/throwASEForPrim.key 
47879      INFO  main            d.u.i.k.p.i.AbstractProblemLoader Loading environment from /home/runner/work/key/key/key.core/../key.ui/examples/standard_key/arrays/arrayStoreException/throwASEForPrim.key 
47879      DEBUG main            d.u.i.k.p.i.AbstractProblemLoader Environment load took 81.3ns 
47881      INFO  main            d.u.i.k.p.i.AbstractProblemLoader Creating init config 
50181      DEBUG main            d.u.i.k.p.i.AbstractProblemLoader Init config took 2.3s 
50197      INFO  main            d.u.i.k.p.i.AbstractProblemLoader Replaying proof throwASEForPrim.key 
50198      DEBUG main            d.u.i.k.p.i.IntermediateProofReplayer Proof replay took 6.2ns 
54310      INFO  main            d.u.i.k.p.r.p.TestFile    ... finished proof: open goal(s) 
2853622    INFO  Test worker     d.u.i.k.p.r.RunAllProofsTestUnit Returning from test arrays 
2853623    INFO  Test worker     d.u.i.k.p.r.RunAllProofsTestUnit Running test javadl 
419        INFO  Timeout watchdog d.u.i.k.p.r.p.ForkedTestFileRunner Timeout watcher launched (2000 secs.) 
453        WARN  main            d.u.i.k.s.ProofSettings   The settings in /home/runner/.key/proof-settings.props are *not* read. 
480        INFO  main            d.u.i.k.p.r.p.TestFile    Now processing file /home/runner/work/key/key/key.core/../key.ui/examples/standard_key/instanceCreation/instanceCreation1.key 
583        INFO  main            d.u.i.k.p.i.AbstractProblemLoader Loading environment from /home/runner/work/key/key/key.core/../key.ui/examples/standard_key/instanceCreation/instanceCreation1.key 
607        DEBUG main            d.u.i.k.p.i.AbstractProblemLoader Environment load took 2.15ms 
859        INFO  main            d.u.i.k.p.i.AbstractProblemLoader Creating init config 
1778       DEBUG main            d.u.i.k.j.TypeConverter   No LDT found for Meta 
1778       DEBUG main            d.u.i.k.j.TypeConverter   No LDT found for Meta 
1781       DEBUG main            d.u.i.k.j.TypeConverter   No LDT found for Meta 
1781       DEBUG main            d.u.i.k.j.TypeConverter   No LDT found for Meta 
3124       DEBUG main            d.u.i.k.j.TypeConverter   No LDT found for JavaBigintExpression 
8429       DEBUG main            d.u.i.k.p.i.AbstractProblemLoader Init config took 7.57s 
8493       INFO  main            d.u.i.k.p.i.AbstractProblemLoader Replaying proof instanceCreation1.key 
8527       DEBUG main            d.u.i.k.p.i.IntermediateProofReplayer Proof replay took 36.7ns 
9454       INFO  main            d.u.i.k.p.r.p.TestFile    ... finished proof: closed. 
9563       INFO  main            d.u.i.k.p.i.AbstractProblemLoader Loading environment from /home/runner/work/key/key/key.core/../key.ui/examples/standard_key/instanceCreation/instanceCreation1.key.proof 
9564       DEBUG main            d.u.i.k.p.i.AbstractProblemLoader Environment load took 465.4ns 
9567       INFO  main            d.u.i.k.p.i.AbstractProblemLoader Creating init config 
12386      DEBUG main            d.u.i.k.p.i.AbstractProblemLoader Init config took 2.82s 
12429      INFO  main            d.u.i.k.p.i.AbstractProblemLoader Replaying proof instanceCreation1.key.proof 
12575      DEBUG main            d.u.i.k.p.i.IntermediateProofReplayer Proof replay took 131.88ms 
12588      DEBUG main            d.u.i.k.p.r.p.TestFile    ... success: reloaded. 
12594      INFO  main            d.u.i.k.p.r.p.TestFile    Now processing file /home/runner/work/key/key/key.core/../key.ui/examples/standard_key/instanceCreation/instanceCreation2.key 
12594      INFO  main            d.u.i.k.p.i.AbstractProblemLoader Loading environment from /home/runner/work/key/key/key.core/../key.ui/examples/standard_key/instanceCreation/instanceCreation2.key 
12595      DEBUG main            d.u.i.k.p.i.AbstractProblemLoader Environment load took 328.6ns 
12599      INFO  main            d.u.i.k.p.i.AbstractProblemLoader Creating init config 
15327      DEBUG main            d.u.i.k.p.i.AbstractProblemLoader Init config took 2.73s 
15358      INFO  main            d.u.i.k.p.i.AbstractProblemLoader Replaying proof instanceCreation2.key 
15360      DEBUG main            d.u.i.k.p.i.IntermediateProofReplayer Proof replay took 6ns 
16067      INFO  main            d.u.i.k.p.r.p.TestFile    ... finished proof: closed. 
16220      INFO  main            d.u.i.k.p.i.AbstractProblemLoader Loading environment from /home/runner/work/key/key/key.core/../key.ui/examples/standard_key/instanceCreation/instanceCreation2.key.proof 
16220      DEBUG main            d.u.i.k.p.i.AbstractProblemLoader Environment load took 149.3ns 
16222      INFO  main            d.u.i.k.p.i.AbstractProblemLoader Creating init config 
18889      DEBUG main            d.u.i.k.p.i.AbstractProblemLoader Init config took 2.67s 
18915      INFO  main            d.u.i.k.p.i.AbstractProblemLoader Replaying proof instanceCreation2.key.proof 
19004      DEBUG main            d.u.i.k.p.i.IntermediateProofReplayer Proof replay took 83.43ms 
19005      DEBUG main            d.u.i.k.p.r.p.TestFile    ... success: reloaded. 
19007      INFO  main            d.u.i.k.p.r.p.TestFile    Now processing file /home/runner/work/key/key/key.core/../key.ui/examples/standard_key/instanceCreation/interfacesAndAbstractClassesHaveNoInstances.key 
19008      INFO  main            d.u.i.k.p.i.AbstractProblemLoader Loading environment from /home/runner/work/key/key/key.core/../key.ui/examples/standard_key/instanceCreation/interfacesAndAbstractClassesHaveNoInstances.key 
19008      DEBUG main            d.u.i.k.p.i.AbstractProblemLoader Environment load took 113.6ns 
19010      INFO  main            d.u.i.k.p.i.AbstractProblemLoader Creating init config 
21642      DEBUG main            d.u.i.k.p.i.AbstractProblemLoader Init config took 2.63s 
21663      INFO  main            d.u.i.k.p.i.AbstractProblemLoader Replaying proof interfacesAndAbstractClassesHaveNoInstances.key 
21664      DEBUG main            d.u.i.k.p.i.IntermediateProofReplayer Proof replay took 5.5ns 
21771      INFO  main            d.u.i.k.p.r.p.TestFile    ... finished proof: closed. 
21937      INFO  main            d.u.i.k.p.i.AbstractProblemLoader Loading environment from /home/runner/work/key/key/key.core/../key.ui/examples/standard_key/instanceCreation/interfacesAndAbstractClassesHaveNoInstances.key.proof 
21937      DEBUG main            d.u.i.k.p.i.AbstractProblemLoader Environment load took 129.3ns 
21940      INFO  main            d.u.i.k.p.i.AbstractProblemLoader Creating init config 
24554      DEBUG main            d.u.i.k.p.i.AbstractProblemLoader Init config took 2.61s 
24576      INFO  main            d.u.i.k.p.i.AbstractProblemLoader Replaying proof interfacesAndAbstractClassesHaveNoInstances.key.proof 
24579      DEBUG main            d.u.i.k.p.i.IntermediateProofReplayer Proof replay took 1.38ms 
24580      DEBUG main            d.u.i.k.p.r.p.TestFile    ... success: reloaded. 
24581      INFO  main            d.u.i.k.p.r.p.TestFile    Now processing file /home/runner/work/key/key/key.core/../key.ui/examples/standard_key/instanceCreation/successiveCreatedObjectsAreDistinct.key 
24581      INFO  main            d.u.i.k.p.i.AbstractProblemLoader Loading environment from /home/runner/work/key/key/key.core/../key.ui/examples/standard_key/instanceCreation/successiveCreatedObjectsAreDistinct.key 
24581      DEBUG main            d.u.i.k.p.i.AbstractProblemLoader Environment load took 113.1ns 
24583      INFO  main            d.u.i.k.p.i.AbstractProblemLoader Creating init config 
27193      DEBUG main            d.u.i.k.p.i.AbstractProblemLoader Init config took 2.61s 
27215      INFO  main            d.u.i.k.p.i.AbstractProblemLoader Replaying proof successiveCreatedObjectsAreDistinct.key 
27218      DEBUG main            d.u.i.k.p.i.IntermediateProofReplayer Proof replay took 7ns 
27632      INFO  main            d.u.i.k.p.r.p.TestFile    ... finished proof: closed. 
27880      INFO  main            d.u.i.k.p.i.AbstractProblemLoader Loading environment from /home/runner/work/key/key/key.core/../key.ui/examples/standard_key/instanceCreation/successiveCreatedObjectsAreDistinct.key.proof 
27880      DEBUG main            d.u.i.k.p.i.AbstractProblemLoader Environment load took 475ns 
27882      INFO  main            d.u.i.k.p.i.AbstractProblemLoader Creating init config 
30466      DEBUG main            d.u.i.k.p.i.AbstractProblemLoader Init config took 2.58s 
30487      INFO  main            d.u.i.k.p.i.AbstractProblemLoader Replaying proof successiveCreatedObjectsAreDistinct.key.proof 
30538      DEBUG main            d.u.i.k.p.i.IntermediateProofReplayer Proof replay took 47.56ms 
30539      DEBUG main            d.u.i.k.p.r.p.TestFile    ... success: reloaded. 
30540      INFO  main            d.u.i.k.p.r.p.TestFile    Now processing file /home/runner/work/key/key/key.core/../key.ui/examples/standard_key/instanceCreation/testOverloadingConstructors.key 
30540      INFO  main            d.u.i.k.p.i.AbstractProblemLoader Loading environment from /home/runner/work/key/key/key.core/../key.ui/examples/standard_key/instanceCreation/testOverloadingConstructors.key 
30541      DEBUG main            d.u.i.k.p.i.AbstractProblemLoader Environment load took 102.3ns 
30542      INFO  main            d.u.i.k.p.i.AbstractProblemLoader Creating init config 
33092      DEBUG main            d.u.i.k.p.i.AbstractProblemLoader Init config took 2.55s 
33112      INFO  main            d.u.i.k.p.i.AbstractProblemLoader Replaying proof testOverloadingConstructors.key 
33114      DEBUG main            d.u.i.k.p.i.IntermediateProofReplayer Proof replay took 5.5ns 
33423      INFO  main            d.u.i.k.p.r.p.TestFile    ... finished proof: closed. 
33606      INFO  main            d.u.i.k.p.i.AbstractProblemLoader Loading environment from /home/runner/work/key/key/key.core/../key.ui/examples/standard_key/instanceCreation/testOverloadingConstructors.key.proof 
33606      DEBUG main            d.u.i.k.p.i.AbstractProblemLoader Environment load took 123.6ns 
33607      INFO  main            d.u.i.k.p.i.AbstractProblemLoader Creating init config 
36136      DEBUG main            d.u.i.k.p.i.AbstractProblemLoader Init config took 2.53s 
36156      INFO  main            d.u.i.k.p.i.AbstractProblemLoader Replaying proof testOverloadingConstructors.key.proof 
36195      DEBUG main            d.u.i.k.p.i.IntermediateProofReplayer Proof replay took 35.74ms 
36196      DEBUG main            d.u.i.k.p.r.p.TestFile    ... success: reloaded. 
36197      INFO  main            d.u.i.k.p.r.p.TestFile    Now processing file /home/runner/work/key/key/key.core/../key.ui/examples/standard_key/java_dl/SimpleAttributes.key 
36198      INFO  main            d.u.i.k.p.i.AbstractProblemLoader Loading environment from /home/runner/work/key/key/key.core/../key.ui/examples/standard_key/java_dl/SimpleAttributes.key 
36198      DEBUG main            d.u.i.k.p.i.AbstractProblemLoader Environment load took 220.1ns 
36199      INFO  main            d.u.i.k.p.i.AbstractProblemLoader Creating init config 
38755      DEBUG main            d.u.i.k.p.i.AbstractProblemLoader Init config took 2.56s 
38776      INFO  main            d.u.i.k.p.i.AbstractProblemLoader Replaying proof SimpleAttributes.key 
38777      DEBUG main            d.u.i.k.p.i.IntermediateProofReplayer Proof replay took 6.7ns 
38880      INFO  main            d.u.i.k.p.r.p.TestFile    ... finished proof: closed. 
39048      INFO  main            d.u.i.k.p.i.AbstractProblemLoader Loading environment from /home/runner/work/key/key/key.core/../key.ui/examples/standard_key/java_dl/SimpleAttributes.key.proof 
39048      DEBUG main            d.u.i.k.p.i.AbstractProblemLoader Environment load took 123.6ns 
39049      INFO  main            d.u.i.k.p.i.AbstractProblemLoader Creating init config 
41539      DEBUG main            d.u.i.k.p.i.AbstractProblemLoader Init config took 2.49s 
41560      INFO  main            d.u.i.k.p.i.AbstractProblemLoader Replaying proof SimpleAttributes.key.proof 
41580      DEBUG main            d.u.i.k.p.i.IntermediateProofReplayer Proof replay took 17.84ms 
41581      DEBUG main            d.u.i.k.p.r.p.TestFile    ... success: reloaded. 
41582      INFO  main            d.u.i.k.p.r.p.TestFile    Now processing file /home/runner/work/key/key/key.core/../key.ui/examples/standard_key/java_dl/arrayMax.key 
41582      INFO  main            d.u.i.k.p.i.AbstractProblemLoader Loading environment from /home/runner/work/key/key/key.core/../key.ui/examples/standard_key/java_dl/arrayMax.key 
41582      DEBUG main            d.u.i.k.p.i.AbstractProblemLoader Environment load took 210.4ns 
41585      INFO  main            d.u.i.k.p.i.AbstractProblemLoader Creating init config 
44128      DEBUG main            d.u.i.k.p.i.AbstractProblemLoader Init config took 2.54s 
44149      INFO  main            d.u.i.k.p.i.AbstractProblemLoader Replaying proof arrayMax.key 
44151      DEBUG main            d.u.i.k.p.i.IntermediateProofReplayer Proof replay took 6.1ns 
45460      INFO  main            d.u.i.k.p.r.p.TestFile    ... finished proof: closed. 
45687      INFO  main            d.u.i.k.p.i.AbstractProblemLoader Loading environment from /home/runner/work/key/key/key.core/../key.ui/examples/standard_key/java_dl/arrayMax.key.proof 
45688      DEBUG main            d.u.i.k.p.i.AbstractProblemLoader Environment load took 683.7ns 
45690      INFO  main            d.u.i.k.p.i.AbstractProblemLoader Creating init config 
48213      DEBUG main            d.u.i.k.p.i.AbstractProblemLoader Init config took 2.52s 
48235      INFO  main            d.u.i.k.p.i.AbstractProblemLoader Replaying proof arrayMax.key.proof 
48415      DEBUG main            d.u.i.k.p.i.IntermediateProofReplayer Proof replay took 173.34ms 
48417      DEBUG main            d.u.i.k.p.r.p.TestFile    ... success: reloaded. 
48418      INFO  main            d.u.i.k.p.r.p.TestFile    Now processing file /home/runner/work/key/key/key.core/../key.ui/examples/standard_key/java_dl/arrayUpdateSimp.key 
48418      INFO  main            d.u.i.k.p.i.AbstractProblemLoader Loading environment from /home/runner/work/key/key/key.core/../key.ui/examples/standard_key/java_dl/arrayUpdateSimp.key 
48419      DEBUG main            d.u.i.k.p.i.AbstractProblemLoader Environment load took 199.4ns 
48421      INFO  main            d.u.i.k.p.i.AbstractProblemLoader Creating init config 
48445      WARN  main            d.u.i.k.j.r.KeYCrossReferenceNameInfo Datatype java.io.PrintStream declared twice: Once in FILE:/home/runner/work/key/key/key.core/../key.ui/examples/standard_key/java_dl/./classpath/PrintStream.java and once in URL:file:/home/runner/work/key/key/key.core/build/resources/main/de/uka/ilkd/key/java/JavaRedux/java/io/PrintStream.java, Keeping one from URL:file:/home/runner/work/key/key/key.core/build/resources/main/de/uka/ilkd/key/java/JavaRedux/java/io/PrintStream.java 
48445      WARN  main            d.u.i.k.j.r.KeYCrossReferenceNameInfo Datatype java.lang.System declared twice: Once in FILE:/home/runner/work/key/key/key.core/../key.ui/examples/standard_key/java_dl/./classpath/System.java and once in URL:file:/home/runner/work/key/key/key.core/build/resources/main/de/uka/ilkd/key/java/JavaRedux/java/lang/System.java, Keeping one from URL:file:/home/runner/work/key/key/key.core/build/resources/main/de/uka/ilkd/key/java/JavaRedux/java/lang/System.java 
48445      WARN  main            d.u.i.k.j.r.KeYCrossReferenceNameInfo Datatype java.io.InputStream declared twice: Once in FILE:/home/runner/work/key/key/key.core/../key.ui/examples/standard_key/java_dl/./classpath/InputStream.java and once in URL:file:/home/runner/work/key/key/key.core/build/resources/main/de/uka/ilkd/key/java/JavaRedux/java/io/InputStream.java, Keeping one from URL:file:/home/runner/work/key/key/key.core/build/resources/main/de/uka/ilkd/key/java/JavaRedux/java/io/InputStream.java 
48451      DEBUG main            d.u.i.k.j.r.ClassFileDeclarationBuilder Parsing: package java.io; public class Closeable { } 
48451      DEBUG main            r.s.KeYCrossReferenceSourceInfo Dynamically created class: java.io.Closeable 
51081      DEBUG main            d.u.i.k.p.i.AbstractProblemLoader Init config took 2.66s 
51135      INFO  main            d.u.i.k.p.i.AbstractProblemLoader Replaying proof arrayUpdateSimp.key 
51136      DEBUG main            d.u.i.k.p.i.IntermediateProofReplayer Proof replay took 7ns 
51242      INFO  main            d.u.i.k.p.r.p.TestFile    ... finished proof: closed. 
51445      INFO  main            d.u.i.k.p.i.AbstractProblemLoader Loading environment from /home/runner/work/key/key/key.core/../key.ui/examples/standard_key/java_dl/arrayUpdateSimp.key.proof 
51446      DEBUG main            d.u.i.k.p.i.AbstractProblemLoader Environment load took 125.3ns 
51450      INFO  main            d.u.i.k.p.i.AbstractProblemLoader Creating init config 
51474      WARN  main            d.u.i.k.j.r.KeYCrossReferenceNameInfo Datatype java.io.PrintStream declared twice: Once in FILE:/home/runner/work/key/key/key.core/../key.ui/examples/standard_key/java_dl/classpath/PrintStream.java and once in URL:file:/home/runner/work/key/key/key.core/build/resources/main/de/uka/ilkd/key/java/JavaRedux/java/io/PrintStream.java, Keeping one from URL:file:/home/runner/work/key/key/key.core/build/resources/main/de/uka/ilkd/key/java/JavaRedux/java/io/PrintStream.java 
51474      WARN  main            d.u.i.k.j.r.KeYCrossReferenceNameInfo Datatype java.lang.System declared twice: Once in FILE:/home/runner/work/key/key/key.core/../key.ui/examples/standard_key/java_dl/classpath/System.java and once in URL:file:/home/runner/work/key/key/key.core/build/resources/main/de/uka/ilkd/key/java/JavaRedux/java/lang/System.java, Keeping one from URL:file:/home/runner/work/key/key/key.core/build/resources/main/de/uka/ilkd/key/java/JavaRedux/java/lang/System.java 
51474      WARN  main            d.u.i.k.j.r.KeYCrossReferenceNameInfo Datatype java.io.InputStream declared twice: Once in FILE:/home/runner/work/key/key/key.core/../key.ui/examples/standard_key/java_dl/classpath/InputStream.java and once in URL:file:/home/runner/work/key/key/key.core/build/resources/main/de/uka/ilkd/key/java/JavaRedux/java/io/InputStream.java, Keeping one from URL:file:/home/runner/work/key/key/key.core/build/resources/main/de/uka/ilkd/key/java/JavaRedux/java/io/InputStream.java 
51478      DEBUG main            d.u.i.k.j.r.ClassFileDeclarationBuilder Parsing: package java.io; public class Closeable { } 
51478      DEBUG main            r.s.KeYCrossReferenceSourceInfo Dynamically created class: java.io.Closeable 
54036      DEBUG main            d.u.i.k.p.i.AbstractProblemLoader Init config took 2.59s 
54055      INFO  main            d.u.i.k.p.i.AbstractProblemLoader Replaying proof arrayUpdateSimp.key.proof 
54057      DEBUG main            d.u.i.k.p.i.IntermediateProofReplayer Proof replay took 546.6ns 
54059      DEBUG main            d.u.i.k.p.r.p.TestFile    ... success: reloaded. 
54060      INFO  main            d.u.i.k.p.r.p.TestFile    Now processing file /home/runner/work/key/key/key.core/../key.ui/examples/standard_key/java_dl/attributes.key 
54060      INFO  main            d.u.i.k.p.i.AbstractProblemLoader Loading environment from /home/runner/work/key/key/key.core/../key.ui/examples/standard_key/java_dl/attributes.key 
54060      DEBUG main            d.u.i.k.p.i.AbstractProblemLoader Environment load took 96.2ns 
54061      INFO  main            d.u.i.k.p.i.AbstractProblemLoader Creating init config 
56590      DEBUG main            d.u.i.k.p.i.AbstractProblemLoader Init config took 2.53s 
56607      INFO  main            d.u.i.k.p.i.AbstractProblemLoader Replaying proof attributes.key 
56609      DEBUG main            d.u.i.k.p.i.IntermediateProofReplayer Proof replay took 7.5ns 
56811      INFO  main            d.u.i.k.p.r.p.TestFile    ... finished proof: closed. 
56998      INFO  main            d.u.i.k.p.i.AbstractProblemLoader Loading environment from /home/runner/work/key/key/key.core/../key.ui/examples/standard_key/java_dl/attributes.key.proof 
56998      DEBUG main            d.u.i.k.p.i.AbstractProblemLoader Environment load took 121.1ns 
56999      INFO  main            d.u.i.k.p.i.AbstractProblemLoader Creating init config 
59467      DEBUG main            d.u.i.k.p.i.AbstractProblemLoader Init config took 2.47s 
59484      INFO  main            d.u.i.k.p.i.AbstractProblemLoader Replaying proof attributes.key.proof 
59518      DEBUG main            d.u.i.k.p.i.IntermediateProofReplayer Proof replay took 30.72ms 
59520      DEBUG main            d.u.i.k.p.r.p.TestFile    ... success: reloaded. 
59521      INFO  main            d.u.i.k.p.r.p.TestFile    Now processing file /home/runner/work/key/key/key.core/../key.ui/examples/standard_key/java_dl/break.key 
59522      INFO  main            d.u.i.k.p.i.AbstractProblemLoader Loading environment from /home/runner/work/key/key/key.core/../key.ui/examples/standard_key/java_dl/break.key 
59522      DEBUG main            d.u.i.k.p.i.AbstractProblemLoader Environment load took 93.9ns 
59523      INFO  main            d.u.i.k.p.i.AbstractProblemLoader Creating init config 
59546      WARN  main            d.u.i.k.j.r.KeYCrossReferenceNameInfo Datatype java.io.PrintStream declared twice: Once in FILE:/home/runner/work/key/key/key.core/../key.ui/examples/standard_key/java_dl/classpath/PrintStream.java and once in URL:file:/home/runner/work/key/key/key.core/build/resources/main/de/uka/ilkd/key/java/JavaRedux/java/io/PrintStream.java, Keeping one from URL:file:/home/runner/work/key/key/key.core/build/resources/main/de/uka/ilkd/key/java/JavaRedux/java/io/PrintStream.java 
59546      WARN  main            d.u.i.k.j.r.KeYCrossReferenceNameInfo Datatype java.lang.System declared twice: Once in FILE:/home/runner/work/key/key/key.core/../key.ui/examples/standard_key/java_dl/classpath/System.java and once in URL:file:/home/runner/work/key/key/key.core/build/resources/main/de/uka/ilkd/key/java/JavaRedux/java/lang/System.java, Keeping one from URL:file:/home/runner/work/key/key/key.core/build/resources/main/de/uka/ilkd/key/java/JavaRedux/java/lang/System.java 
59546      WARN  main            d.u.i.k.j.r.KeYCrossReferenceNameInfo Datatype java.io.InputStream declared twice: Once in FILE:/home/runner/work/key/key/key.core/../key.ui/examples/standard_key/java_dl/classpath/InputStream.java and once in URL:file:/home/runner/work/key/key/key.core/build/resources/main/de/uka/ilkd/key/java/JavaRedux/java/io/InputStream.java, Keeping one from URL:file:/home/runner/work/key/key/key.core/build/resources/main/de/uka/ilkd/key/java/JavaRedux/java/io/InputStream.java 
59553      DEBUG main            d.u.i.k.j.r.ClassFileDeclarationBuilder Parsing: package java.io; public class Closeable { } 
59554      DEBUG main            r.s.KeYCrossReferenceSourceInfo Dynamically created class: java.io.Closeable 
62045      DEBUG main            d.u.i.k.p.i.AbstractProblemLoader Init config took 2.52s 
62061      INFO  main            d.u.i.k.p.i.AbstractProblemLoader Replaying proof break.key 
62063      DEBUG main            d.u.i.k.p.i.IntermediateProofReplayer Proof replay took 6.2ns 
62181      INFO  main            d.u.i.k.p.r.p.TestFile    ... finished proof: closed. 
62369      INFO  main            d.u.i.k.p.i.AbstractProblemLoader Loading environment from /home/runner/work/key/key/key.core/../key.ui/examples/standard_key/java_dl/break.key.proof 
62369      DEBUG main            d.u.i.k.p.i.AbstractProblemLoader Environment load took 121.7ns 
62370      INFO  main            d.u.i.k.p.i.AbstractProblemLoader Creating init config 
62396      WARN  main            d.u.i.k.j.r.KeYCrossReferenceNameInfo Datatype java.io.PrintStream declared twice: Once in FILE:/home/runner/work/key/key/key.core/../key.ui/examples/standard_key/java_dl/classpath/PrintStream.java and once in URL:file:/home/runner/work/key/key/key.core/build/resources/main/de/uka/ilkd/key/java/JavaRedux/java/io/PrintStream.java, Keeping one from URL:file:/home/runner/work/key/key/key.core/build/resources/main/de/uka/ilkd/key/java/JavaRedux/java/io/PrintStream.java 
62396      WARN  main            d.u.i.k.j.r.KeYCrossReferenceNameInfo Datatype java.lang.System declared twice: Once in FILE:/home/runner/work/key/key/key.core/../key.ui/examples/standard_key/java_dl/classpath/System.java and once in URL:file:/home/runner/work/key/key/key.core/build/resources/main/de/uka/ilkd/key/java/JavaRedux/java/lang/System.java, Keeping one from URL:file:/home/runner/work/key/key/key.core/build/resources/main/de/uka/ilkd/key/java/JavaRedux/java/lang/System.java 
62396      WARN  main            d.u.i.k.j.r.KeYCrossReferenceNameInfo Datatype java.io.InputStream declared twice: Once in FILE:/home/runner/work/key/key/key.core/../key.ui/examples/standard_key/java_dl/classpath/InputStream.java and once in URL:file:/home/runner/work/key/key/key.core/build/resources/main/de/uka/ilkd/key/java/JavaRedux/java/io/InputStream.java, Keeping one from URL:file:/home/runner/work/key/key/key.core/build/resources/main/de/uka/ilkd/key/java/JavaRedux/java/io/InputStream.java 
62400      DEBUG main            d.u.i.k.j.r.ClassFileDeclarationBuilder Parsing: package java.io; public class Closeable { } 
62401      DEBUG main            r.s.KeYCrossReferenceSourceInfo Dynamically created class: java.io.Closeable 
64816      DEBUG main            d.u.i.k.p.i.AbstractProblemLoader Init config took 2.45s 
64832      INFO  main            d.u.i.k.p.i.AbstractProblemLoader Replaying proof break.key.proof 
64841      DEBUG main            d.u.i.k.p.i.IntermediateProofReplayer Proof replay took 6.4ms 
64842      DEBUG main            d.u.i.k.p.r.p.TestFile    ... success: reloaded. 
64843      INFO  main            d.u.i.k.p.r.p.TestFile    Now processing file /home/runner/work/key/key/key.core/../key.ui/examples/standard_key/java_dl/char.key 
64844      INFO  main            d.u.i.k.p.i.AbstractProblemLoader Loading environment from /home/runner/work/key/key/key.core/../key.ui/examples/standard_key/java_dl/char.key 
64844      DEBUG main            d.u.i.k.p.i.AbstractProblemLoader Environment load took 228.8ns 
64845      INFO  main            d.u.i.k.p.i.AbstractProblemLoader Creating init config 
67315      DEBUG main            d.u.i.k.p.i.AbstractProblemLoader Init config took 2.47s 
67331      INFO  main            d.u.i.k.p.i.AbstractProblemLoader Replaying proof char.key 
67332      DEBUG main            d.u.i.k.p.i.IntermediateProofReplayer Proof replay took 7.3ns 
67441      INFO  main            d.u.i.k.p.r.p.TestFile    ... finished proof: closed. 
67630      INFO  main            d.u.i.k.p.i.AbstractProblemLoader Loading environment from /home/runner/work/key/key/key.core/../key.ui/examples/standard_key/java_dl/char.key.proof 
67630      DEBUG main            d.u.i.k.p.i.AbstractProblemLoader Environment load took 119ns 
67631      INFO  main            d.u.i.k.p.i.AbstractProblemLoader Creating init config 
70025      DEBUG main            d.u.i.k.p.i.AbstractProblemLoader Init config took 2.39s 
70041      INFO  main            d.u.i.k.p.i.AbstractProblemLoader Replaying proof char.key.proof 
70045      DEBUG main            d.u.i.k.p.i.IntermediateProofReplayer Proof replay took 2.82ms 
70046      DEBUG main            d.u.i.k.p.r.p.TestFile    ... success: reloaded. 
70047      INFO  main            d.u.i.k.p.r.p.TestFile    Now processing file /home/runner/work/key/key/key.core/../key.ui/examples/standard_key/java_dl/compileTimeConstants.key 
70047      INFO  main            d.u.i.k.p.i.AbstractProblemLoader Loading environment from /home/runner/work/key/key/key.core/../key.ui/examples/standard_key/java_dl/compileTimeConstants.key 
70047      DEBUG main            d.u.i.k.p.i.AbstractProblemLoader Environment load took 91.6ns 
70048      INFO  main            d.u.i.k.p.i.AbstractProblemLoader Creating init config 
72518      DEBUG main            d.u.i.k.p.i.AbstractProblemLoader Init config took 2.47s 
72533      INFO  main            d.u.i.k.p.i.AbstractProblemLoader Replaying proof compileTimeConstants.key 
72535      DEBUG main            d.u.i.k.p.i.IntermediateProofReplayer Proof replay took 7.3ns 
72646      INFO  main            d.u.i.k.p.r.p.TestFile    ... finished proof: closed. 
72852      INFO  main            d.u.i.k.p.i.AbstractProblemLoader Loading environment from /home/runner/work/key/key/key.core/../key.ui/examples/standard_key/java_dl/compileTimeConstants.key.proof 
72852      DEBUG main            d.u.i.k.p.i.AbstractProblemLoader Environment load took 133ns 
72855      INFO  main            d.u.i.k.p.i.AbstractProblemLoader Creating init config 
75299      DEBUG main            d.u.i.k.p.i.AbstractProblemLoader Init config took 2.44s 
75314      INFO  main            d.u.i.k.p.i.AbstractProblemLoader Replaying proof compileTimeConstants.key.proof 
75325      DEBUG main            d.u.i.k.p.i.IntermediateProofReplayer Proof replay took 8.89ms 
75332      DEBUG main            d.u.i.k.p.r.p.TestFile    ... success: reloaded. 
75332      INFO  main            d.u.i.k.p.r.p.TestFile    Now processing file /home/runner/work/key/key/key.core/../key.ui/examples/standard_key/java_dl/constructorException/test.key 
75333      INFO  main            d.u.i.k.p.i.AbstractProblemLoader Loading environment from /home/runner/work/key/key/key.core/../key.ui/examples/standard_key/java_dl/constructorException/test.key 
75333      DEBUG main            d.u.i.k.p.i.AbstractProblemLoader Environment load took 95.4ns 
75334      INFO  main            d.u.i.k.p.i.AbstractProblemLoader Creating init config 
77866      DEBUG main            d.u.i.k.p.i.AbstractProblemLoader Init config took 2.53s 
77944      INFO  main            d.u.i.k.p.i.AbstractProblemLoader Replaying proof Test[Test::Test(int)].JML operation contract.0 
77945      DEBUG main            d.u.i.k.p.i.IntermediateProofReplayer Proof replay took 6.5ns 
78248      INFO  main            d.u.i.k.p.r.p.TestFile    ... finished proof: closed. 
78470      INFO  main            d.u.i.k.p.i.AbstractProblemLoader Loading environment from /home/runner/work/key/key/key.core/../key.ui/examples/standard_key/java_dl/constructorException/test.key.proof 
78470      DEBUG main            d.u.i.k.p.i.AbstractProblemLoader Environment load took 117.2ns 
78471      INFO  main            d.u.i.k.p.i.AbstractProblemLoader Creating init config 
80923      DEBUG main            d.u.i.k.p.i.AbstractProblemLoader Init config took 2.45s 
80968      INFO  main            d.u.i.k.p.i.AbstractProblemLoader Replaying proof Test[Test::Test(int)].JML operation contract.0 
81017      DEBUG main            d.u.i.k.p.i.IntermediateProofReplayer Proof replay took 45.2ms 
81020      DEBUG main            d.u.i.k.p.r.p.TestFile    ... success: reloaded. 
81021      INFO  main            d.u.i.k.p.r.p.TestFile    Now processing file /home/runner/work/key/key/key.core/../key.ui/examples/standard_key/java_dl/constructorException/regressionTestBug1333.key 
81021      INFO  main            d.u.i.k.p.i.AbstractProblemLoader Loading environment from /home/runner/work/key/key/key.core/../key.ui/examples/standard_key/java_dl/constructorException/regressionTestBug1333.key 
81021      DEBUG main            d.u.i.k.p.i.AbstractProblemLoader Environment load took 212.9ns 
81022      INFO  main            d.u.i.k.p.i.AbstractProblemLoader Creating init config 
83525      DEBUG main            d.u.i.k.p.i.AbstractProblemLoader Init config took 2.5s 
83564      INFO  main            d.u.i.k.p.i.AbstractProblemLoader Replaying proof False[False::False()].JML normal_behavior operation contract.0 
83566      DEBUG main            d.u.i.k.p.i.IntermediateProofReplayer Proof replay took 6ns 
83669      INFO  main            d.u.i.k.p.r.p.TestFile    ... finished proof: open goal(s) 
83876      INFO  main            d.u.i.k.p.r.p.TestFile    Now processing file /home/runner/work/key/key/key.core/../key.ui/examples/standard_key/java_dl/continue1.key 
83876      INFO  main            d.u.i.k.p.i.AbstractProblemLoader Loading environment from /home/runner/work/key/key/key.core/../key.ui/examples/standard_key/java_dl/continue1.key 
83876      DEBUG main            d.u.i.k.p.i.AbstractProblemLoader Environment load took 63.1ns 
83878      INFO  main            d.u.i.k.p.i.AbstractProblemLoader Creating init config 
83901      WARN  main            d.u.i.k.j.r.KeYCrossReferenceNameInfo Datatype java.io.PrintStream declared twice: Once in FILE:/home/runner/work/key/key/key.core/../key.ui/examples/standard_key/java_dl/classpath/PrintStream.java and once in URL:file:/home/runner/work/key/key/key.core/build/resources/main/de/uka/ilkd/key/java/JavaRedux/java/io/PrintStream.java, Keeping one from URL:file:/home/runner/work/key/key/key.core/build/resources/main/de/uka/ilkd/key/java/JavaRedux/java/io/PrintStream.java 
83901      WARN  main            d.u.i.k.j.r.KeYCrossReferenceNameInfo Datatype java.lang.System declared twice: Once in FILE:/home/runner/work/key/key/key.core/../key.ui/examples/standard_key/java_dl/classpath/System.java and once in URL:file:/home/runner/work/key/key/key.core/build/resources/main/de/uka/ilkd/key/java/JavaRedux/java/lang/System.java, Keeping one from URL:file:/home/runner/work/key/key/key.core/build/resources/main/de/uka/ilkd/key/java/JavaRedux/java/lang/System.java 
83901      WARN  main            d.u.i.k.j.r.KeYCrossReferenceNameInfo Datatype java.io.InputStream declared twice: Once in FILE:/home/runner/work/key/key/key.core/../key.ui/examples/standard_key/java_dl/classpath/InputStream.java and once in URL:file:/home/runner/work/key/key/key.core/build/resources/main/de/uka/ilkd/key/java/JavaRedux/java/io/InputStream.java, Keeping one from URL:file:/home/runner/work/key/key/key.core/build/resources/main/de/uka/ilkd/key/java/JavaRedux/java/io/InputStream.java 
83904      DEBUG main            d.u.i.k.j.r.ClassFileDeclarationBuilder Parsing: package java.io; public class Closeable { } 
83905      DEBUG main            r.s.KeYCrossReferenceSourceInfo Dynamically created class: java.io.Closeable 
86291      DEBUG main            d.u.i.k.p.i.AbstractProblemLoader Init config took 2.41s 
86305      INFO  main            d.u.i.k.p.i.AbstractProblemLoader Replaying proof continue1.key 
86307      DEBUG main            d.u.i.k.p.i.IntermediateProofReplayer Proof replay took 6.1ns 
86410      INFO  main            d.u.i.k.p.r.p.TestFile    ... finished proof: closed. 
86605      INFO  main            d.u.i.k.p.i.AbstractProblemLoader Loading environment from /home/runner/work/key/key/key.core/../key.ui/examples/standard_key/java_dl/continue1.key.proof 
86605      DEBUG main            d.u.i.k.p.i.AbstractProblemLoader Environment load took 123.9ns 
86607      INFO  main            d.u.i.k.p.i.AbstractProblemLoader Creating init config 
86627      WARN  main            d.u.i.k.j.r.KeYCrossReferenceNameInfo Datatype java.io.PrintStream declared twice: Once in FILE:/home/runner/work/key/key/key.core/../key.ui/examples/standard_key/java_dl/classpath/PrintStream.java and once in URL:file:/home/runner/work/key/key/key.core/build/resources/main/de/uka/ilkd/key/java/JavaRedux/java/io/PrintStream.java, Keeping one from URL:file:/home/runner/work/key/key/key.core/build/resources/main/de/uka/ilkd/key/java/JavaRedux/java/io/PrintStream.java 
86627      WARN  main            d.u.i.k.j.r.KeYCrossReferenceNameInfo Datatype java.lang.System declared twice: Once in FILE:/home/runner/work/key/key/key.core/../key.ui/examples/standard_key/java_dl/classpath/System.java and once in URL:file:/home/runner/work/key/key/key.core/build/resources/main/de/uka/ilkd/key/java/JavaRedux/java/lang/System.java, Keeping one from URL:file:/home/runner/work/key/key/key.core/build/resources/main/de/uka/ilkd/key/java/JavaRedux/java/lang/System.java 
86627      WARN  main            d.u.i.k.j.r.KeYCrossReferenceNameInfo Datatype java.io.InputStream declared twice: Once in FILE:/home/runner/work/key/key/key.core/../key.ui/examples/standard_key/java_dl/classpath/InputStream.java and once in URL:file:/home/runner/work/key/key/key.core/build/resources/main/de/uka/ilkd/key/java/JavaRedux/java/io/InputStream.java, Keeping one from URL:file:/home/runner/work/key/key/key.core/build/resources/main/de/uka/ilkd/key/java/JavaRedux/java/io/InputStream.java 
86630      DEBUG main            d.u.i.k.j.r.ClassFileDeclarationBuilder Parsing: package java.io; public class Closeable { } 
86631      DEBUG main            r.s.KeYCrossReferenceSourceInfo Dynamically created class: java.io.Closeable 
89017      DEBUG main            d.u.i.k.p.i.AbstractProblemLoader Init config took 2.41s 
89032      INFO  main            d.u.i.k.p.i.AbstractProblemLoader Replaying proof continue1.key.proof 
89048      DEBUG main            d.u.i.k.p.i.IntermediateProofReplayer Proof replay took 14.06ms 
89049      DEBUG main            d.u.i.k.p.r.p.TestFile    ... success: reloaded. 
89050      INFO  main            d.u.i.k.p.r.p.TestFile    Now processing file /home/runner/work/key/key/key.core/../key.ui/examples/standard_key/java_dl/continue2.key 
89050      INFO  main            d.u.i.k.p.i.AbstractProblemLoader Loading environment from /home/runner/work/key/key/key.core/../key.ui/examples/standard_key/java_dl/continue2.key 
89051      DEBUG main            d.u.i.k.p.i.AbstractProblemLoader Environment load took 91.8ns 
89051      INFO  main            d.u.i.k.p.i.AbstractProblemLoader Creating init config 
89072      WARN  main            d.u.i.k.j.r.KeYCrossReferenceNameInfo Datatype java.io.PrintStream declared twice: Once in FILE:/home/runner/work/key/key/key.core/../key.ui/examples/standard_key/java_dl/classpath/PrintStream.java and once in URL:file:/home/runner/work/key/key/key.core/build/resources/main/de/uka/ilkd/key/java/JavaRedux/java/io/PrintStream.java, Keeping one from URL:file:/home/runner/work/key/key/key.core/build/resources/main/de/uka/ilkd/key/java/JavaRedux/java/io/PrintStream.java 
89072      WARN  main            d.u.i.k.j.r.KeYCrossReferenceNameInfo Datatype java.lang.System declared twice: Once in FILE:/home/runner/work/key/key/key.core/../key.ui/examples/standard_key/java_dl/classpath/System.java and once in URL:file:/home/runner/work/key/key/key.core/build/resources/main/de/uka/ilkd/key/java/JavaRedux/java/lang/System.java, Keeping one from URL:file:/home/runner/work/key/key/key.core/build/resources/main/de/uka/ilkd/key/java/JavaRedux/java/lang/System.java 
89072      WARN  main            d.u.i.k.j.r.KeYCrossReferenceNameInfo Datatype java.io.InputStream declared twice: Once in FILE:/home/runner/work/key/key/key.core/../key.ui/examples/standard_key/java_dl/classpath/InputStream.java and once in URL:file:/home/runner/work/key/key/key.core/build/resources/main/de/uka/ilkd/key/java/JavaRedux/java/io/InputStream.java, Keeping one from URL:file:/home/runner/work/key/key/key.core/build/resources/main/de/uka/ilkd/key/java/JavaRedux/java/io/InputStream.java 
89075      DEBUG main            d.u.i.k.j.r.ClassFileDeclarationBuilder Parsing: package java.io; public class Closeable { } 
89075      DEBUG main            r.s.KeYCrossReferenceSourceInfo Dynamically created class: java.io.Closeable 
91567      DEBUG main            d.u.i.k.p.i.AbstractProblemLoader Init config took 2.52s 
91582      INFO  main            d.u.i.k.p.i.AbstractProblemLoader Replaying proof continue2.key 
91584      DEBUG main            d.u.i.k.p.i.IntermediateProofReplayer Proof replay took 7.3ns 
91790      INFO  main            d.u.i.k.p.r.p.TestFile    ... finished proof: closed. 
92038      INFO  main            d.u.i.k.p.i.AbstractProblemLoader Loading environment from /home/runner/work/key/key/key.core/../key.ui/examples/standard_key/java_dl/continue2.key.proof 
92039      DEBUG main            d.u.i.k.p.i.AbstractProblemLoader Environment load took 111.6ns 
92040      INFO  main            d.u.i.k.p.i.AbstractProblemLoader Creating init config 
92061      WARN  main            d.u.i.k.j.r.KeYCrossReferenceNameInfo Datatype java.io.PrintStream declared twice: Once in FILE:/home/runner/work/key/key/key.core/../key.ui/examples/standard_key/java_dl/classpath/PrintStream.java and once in URL:file:/home/runner/work/key/key/key.core/build/resources/main/de/uka/ilkd/key/java/JavaRedux/java/io/PrintStream.java, Keeping one from URL:file:/home/runner/work/key/key/key.core/build/resources/main/de/uka/ilkd/key/java/JavaRedux/java/io/PrintStream.java 
92061      WARN  main            d.u.i.k.j.r.KeYCrossReferenceNameInfo Datatype java.lang.System declared twice: Once in FILE:/home/runner/work/key/key/key.core/../key.ui/examples/standard_key/java_dl/classpath/System.java and once in URL:file:/home/runner/work/key/key/key.core/build/resources/main/de/uka/ilkd/key/java/JavaRedux/java/lang/System.java, Keeping one from URL:file:/home/runner/work/key/key/key.core/build/resources/main/de/uka/ilkd/key/java/JavaRedux/java/lang/System.java 
92061      WARN  main            d.u.i.k.j.r.KeYCrossReferenceNameInfo Datatype java.io.InputStream declared twice: Once in FILE:/home/runner/work/key/key/key.core/../key.ui/examples/standard_key/java_dl/classpath/InputStream.java and once in URL:file:/home/runner/work/key/key/key.core/build/resources/main/de/uka/ilkd/key/java/JavaRedux/java/io/InputStream.java, Keeping one from URL:file:/home/runner/work/key/key/key.core/build/resources/main/de/uka/ilkd/key/java/JavaRedux/java/io/InputStream.java 
92064      DEBUG main            d.u.i.k.j.r.ClassFileDeclarationBuilder Parsing: package java.io; public class Closeable { } 
92064      DEBUG main            r.s.KeYCrossReferenceSourceInfo Dynamically created class: java.io.Closeable 
94503      DEBUG main            d.u.i.k.p.i.AbstractProblemLoader Init config took 2.46s 
94517      INFO  main            d.u.i.k.p.i.AbstractProblemLoader Replaying proof continue2.key.proof 
94570      DEBUG main            d.u.i.k.p.i.IntermediateProofReplayer Proof replay took 50ms 
94571      DEBUG main            d.u.i.k.p.r.p.TestFile    ... success: reloaded. 
94573      INFO  main            d.u.i.k.p.r.p.TestFile    Now processing file /home/runner/work/key/key/key.core/../key.ui/examples/standard_key/java_dl/complexAssignment.key 
94573      INFO  main            d.u.i.k.p.i.AbstractProblemLoader Loading environment from /home/runner/work/key/key/key.core/../key.ui/examples/standard_key/java_dl/complexAssignment.key 
94573      DEBUG main            d.u.i.k.p.i.AbstractProblemLoader Environment load took 95ns 
94574      INFO  main            d.u.i.k.p.i.AbstractProblemLoader Creating init config 
97011      DEBUG main            d.u.i.k.p.i.AbstractProblemLoader Init config took 2.44s 
97025      INFO  main            d.u.i.k.p.i.AbstractProblemLoader Replaying proof complexAssignment.key 
97026      DEBUG main            d.u.i.k.p.i.IntermediateProofReplayer Proof replay took 7.3ns 
97128      INFO  main            d.u.i.k.p.r.p.TestFile    ... finished proof: closed. 
97361      INFO  main            d.u.i.k.p.i.AbstractProblemLoader Loading environment from /home/runner/work/key/key/key.core/../key.ui/examples/standard_key/java_dl/complexAssignment.key.proof 
97361      DEBUG main            d.u.i.k.p.i.AbstractProblemLoader Environment load took 115.7ns 
97362      INFO  main            d.u.i.k.p.i.AbstractProblemLoader Creating init config 
99702      DEBUG main            d.u.i.k.p.i.AbstractProblemLoader Init config took 2.34s 
99718      INFO  main            d.u.i.k.p.i.AbstractProblemLoader Replaying proof complexAssignment.key.proof 
99737      DEBUG main            d.u.i.k.p.i.IntermediateProofReplayer Proof replay took 13.59ms 
99738      DEBUG main            d.u.i.k.p.r.p.TestFile    ... success: reloaded. 
99739      INFO  main            d.u.i.k.p.r.p.TestFile    Now processing file /home/runner/work/key/key/key.core/../key.ui/examples/standard_key/java_dl/danglingElseSolution1.key 
99740      INFO  main            d.u.i.k.p.i.AbstractProblemLoader Loading environment from /home/runner/work/key/key/key.core/../key.ui/examples/standard_key/java_dl/danglingElseSolution1.key 
99740      DEBUG main            d.u.i.k.p.i.AbstractProblemLoader Environment load took 200.2ns 
99741      INFO  main            d.u.i.k.p.i.AbstractProblemLoader Creating init config 
102180     DEBUG main            d.u.i.k.p.i.AbstractProblemLoader Init config took 2.44s 
102194     INFO  main            d.u.i.k.p.i.AbstractProblemLoader Replaying proof danglingElseSolution1.key 
102196     DEBUG main            d.u.i.k.p.i.IntermediateProofReplayer Proof replay took 7ns 
102299     INFO  main            d.u.i.k.p.r.p.TestFile    ... finished proof: closed. 
102530     INFO  main            d.u.i.k.p.i.AbstractProblemLoader Loading environment from /home/runner/work/key/key/key.core/../key.ui/examples/standard_key/java_dl/danglingElseSolution1.key.proof 
102530     DEBUG main            d.u.i.k.p.i.AbstractProblemLoader Environment load took 125.5ns 
102531     INFO  main            d.u.i.k.p.i.AbstractProblemLoader Creating init config 
104883     DEBUG main            d.u.i.k.p.i.AbstractProblemLoader Init config took 2.35s 
104898     INFO  main            d.u.i.k.p.i.AbstractProblemLoader Replaying proof danglingElseSolution1.key.proof 
104906     DEBUG main            d.u.i.k.p.i.IntermediateProofReplayer Proof replay took 6.23ms 
104907     DEBUG main            d.u.i.k.p.r.p.TestFile    ... success: reloaded. 
104907     INFO  main            d.u.i.k.p.r.p.TestFile    Now processing file /home/runner/work/key/key/key.core/../key.ui/examples/standard_key/java_dl/danglingElseSolution2.key 
104908     INFO  main            d.u.i.k.p.i.AbstractProblemLoader Loading environment from /home/runner/work/key/key/key.core/../key.ui/examples/standard_key/java_dl/danglingElseSolution2.key 
104908     DEBUG main            d.u.i.k.p.i.AbstractProblemLoader Environment load took 93.2ns 
104909     INFO  main            d.u.i.k.p.i.AbstractProblemLoader Creating init config 
107338     DEBUG main            d.u.i.k.p.i.AbstractProblemLoader Init config took 2.43s 
107355     INFO  main            d.u.i.k.p.i.AbstractProblemLoader Replaying proof danglingElseSolution2.key 
107356     DEBUG main            d.u.i.k.p.i.IntermediateProofReplayer Proof replay took 7.1ns 
107463     INFO  main            d.u.i.k.p.r.p.TestFile    ... finished proof: closed. 
107696     INFO  main            d.u.i.k.p.i.AbstractProblemLoader Loading environment from /home/runner/work/key/key/key.core/../key.ui/examples/standard_key/java_dl/danglingElseSolution2.key.proof 
107696     DEBUG main            d.u.i.k.p.i.AbstractProblemLoader Environment load took 145.8ns 
107698     INFO  main            d.u.i.k.p.i.AbstractProblemLoader Creating init config 
110044     DEBUG main            d.u.i.k.p.i.AbstractProblemLoader Init config took 2.35s 
110058     INFO  main            d.u.i.k.p.i.AbstractProblemLoader Replaying proof danglingElseSolution2.key.proof 
110067     DEBUG main            d.u.i.k.p.i.IntermediateProofReplayer Proof replay took 6.83ms 
110068     DEBUG main            d.u.i.k.p.r.p.TestFile    ... success: reloaded. 
110069     INFO  main            d.u.i.k.p.r.p.TestFile    Now processing file /home/runner/work/key/key/key.core/../key.ui/examples/standard_key/java_dl/deepNonNull/deepNonNull0.key 
110069     INFO  main            d.u.i.k.p.i.AbstractProblemLoader Loading environment from /home/runner/work/key/key/key.core/../key.ui/examples/standard_key/java_dl/deepNonNull/deepNonNull0.key 
110069     DEBUG main            d.u.i.k.p.i.AbstractProblemLoader Environment load took 89.6ns 
110070     INFO  main            d.u.i.k.p.i.AbstractProblemLoader Creating init config 
112546     DEBUG main            d.u.i.k.p.i.AbstractProblemLoader Init config took 2.48s 
112595     INFO  main            d.u.i.k.p.i.AbstractProblemLoader Replaying proof Arrays[Arrays::get()].JML operation contract.0 
112596     DEBUG main            d.u.i.k.p.i.IntermediateProofReplayer Proof replay took 7ns 
112801     INFO  main            d.u.i.k.p.r.p.TestFile    ... finished proof: closed. 
113035     INFO  main            d.u.i.k.p.i.AbstractProblemLoader Loading environment from /home/runner/work/key/key/key.core/../key.ui/examples/standard_key/java_dl/deepNonNull/deepNonNull0.key.proof 
113035     DEBUG main            d.u.i.k.p.i.AbstractProblemLoader Environment load took 109.1ns 
113036     INFO  main            d.u.i.k.p.i.AbstractProblemLoader Creating init config 
115458     DEBUG main            d.u.i.k.p.i.AbstractProblemLoader Init config took 2.42s 
115496     INFO  main            d.u.i.k.p.i.AbstractProblemLoader Replaying proof Arrays[Arrays::get()].JML operation contract.0 
115515     DEBUG main            d.u.i.k.p.i.IntermediateProofReplayer Proof replay took 16.53ms 
115515     DEBUG main            d.u.i.k.p.r.p.TestFile    ... success: reloaded. 
115516     INFO  main            d.u.i.k.p.r.p.TestFile    Now processing file /home/runner/work/key/key/key.core/../key.ui/examples/standard_key/java_dl/deepNonNull/deepNonNull1.key 
115516     INFO  main            d.u.i.k.p.i.AbstractProblemLoader Loading environment from /home/runner/work/key/key/key.core/../key.ui/examples/standard_key/java_dl/deepNonNull/deepNonNull1.key 
115516     DEBUG main            d.u.i.k.p.i.AbstractProblemLoader Environment load took 68.4ns 
115517     INFO  main            d.u.i.k.p.i.AbstractProblemLoader Creating init config 
117968     DEBUG main            d.u.i.k.p.i.AbstractProblemLoader Init config took 2.45s 
118022     INFO  main            d.u.i.k.p.i.AbstractProblemLoader Replaying proof Arrays[Arrays::head()].JML operation contract.0 
118023     DEBUG main            d.u.i.k.p.i.IntermediateProofReplayer Proof replay took 7.7ns 
118226     INFO  main            d.u.i.k.p.r.p.TestFile    ... finished proof: closed. 
118472     INFO  main            d.u.i.k.p.i.AbstractProblemLoader Loading environment from /home/runner/work/key/key/key.core/../key.ui/examples/standard_key/java_dl/deepNonNull/deepNonNull1.key.proof 
118473     DEBUG main            d.u.i.k.p.i.AbstractProblemLoader Environment load took 229.9ns 
118473     INFO  main            d.u.i.k.p.i.AbstractProblemLoader Creating init config 
120878     DEBUG main            d.u.i.k.p.i.AbstractProblemLoader Init config took 2.4s 
120925     INFO  main            d.u.i.k.p.i.AbstractProblemLoader Replaying proof Arrays[Arrays::head()].JML operation contract.0 
120958     DEBUG main            d.u.i.k.p.i.IntermediateProofReplayer Proof replay took 30.81ms 
120959     DEBUG main            d.u.i.k.p.r.p.TestFile    ... success: reloaded. 
120960     INFO  main            d.u.i.k.p.r.p.TestFile    Now processing file /home/runner/work/key/key/key.core/../key.ui/examples/standard_key/java_dl/deepNonNull/deepNonNull2.key 
120961     INFO  main            d.u.i.k.p.i.AbstractProblemLoader Loading environment from /home/runner/work/key/key/key.core/../key.ui/examples/standard_key/java_dl/deepNonNull/deepNonNull2.key 
120961     DEBUG main            d.u.i.k.p.i.AbstractProblemLoader Environment load took 204.2ns 
120962     INFO  main            d.u.i.k.p.i.AbstractProblemLoader Creating init config 
123432     DEBUG main            d.u.i.k.p.i.AbstractProblemLoader Init config took 2.47s 
123471     INFO  main            d.u.i.k.p.i.AbstractProblemLoader Replaying proof Arrays[Arrays::unprovable(java.lang.Object)].JML operation contract.0 
123472     DEBUG main            d.u.i.k.p.i.IntermediateProofReplayer Proof replay took 7ns 
123578     INFO  main            d.u.i.k.p.r.p.TestFile    ... finished proof: open goal(s) 
123830     INFO  main            d.u.i.k.p.r.p.TestFile    Now processing file /home/runner/work/key/key/key.core/../key.ui/examples/standard_key/java_dl/deepNonNull/deepNonNull3.key 
123831     INFO  main            d.u.i.k.p.i.AbstractProblemLoader Loading environment from /home/runner/work/key/key/key.core/../key.ui/examples/standard_key/java_dl/deepNonNull/deepNonNull3.key 
123831     DEBUG main            d.u.i.k.p.i.AbstractProblemLoader Environment load took 61.8ns 
123832     INFO  main            d.u.i.k.p.i.AbstractProblemLoader Creating init config 
126227     DEBUG main            d.u.i.k.p.i.AbstractProblemLoader Init config took 2.4s 
126262     INFO  main            d.u.i.k.p.i.AbstractProblemLoader Replaying proof Arrays[Arrays::head([[[[Ljava.lang.Object)].JML operation contract.0 
126263     DEBUG main            d.u.i.k.p.i.IntermediateProofReplayer Proof replay took 6.4ns 
127070     INFO  main            d.u.i.k.p.r.p.TestFile    ... finished proof: closed. 
127417     INFO  main            d.u.i.k.p.i.AbstractProblemLoader Loading environment from /home/runner/work/key/key/key.core/../key.ui/examples/standard_key/java_dl/deepNonNull/deepNonNull3.key.proof 
127418     DEBUG main            d.u.i.k.p.i.AbstractProblemLoader Environment load took 409.9ns 
127420     INFO  main            d.u.i.k.p.i.AbstractProblemLoader Creating init config 
129859     DEBUG main            d.u.i.k.p.i.AbstractProblemLoader Init config took 2.44s 
129905     INFO  main            d.u.i.k.p.i.AbstractProblemLoader Replaying proof Arrays[Arrays::head([[[[Ljava.lang.Object)].JML operation contract.0 
129972     DEBUG main            d.u.i.k.p.i.IntermediateProofReplayer Proof replay took 61.16ms 
129973     DEBUG main            d.u.i.k.p.r.p.TestFile    ... success: reloaded. 
129973     INFO  main            d.u.i.k.p.r.p.TestFile    Now processing file /home/runner/work/key/key/key.core/../key.ui/examples/standard_key/java_dl/exceptions.key 
129985     INFO  main            d.u.i.k.p.i.AbstractProblemLoader Loading environment from /home/runner/work/key/key/key.core/../key.ui/examples/standard_key/java_dl/exceptions.key 
129985     DEBUG main            d.u.i.k.p.i.AbstractProblemLoader Environment load took 235ns 
129986     INFO  main            d.u.i.k.p.i.AbstractProblemLoader Creating init config 
130020     WARN  main            d.u.i.k.j.r.KeYCrossReferenceNameInfo Datatype java.io.PrintStream declared twice: Once in FILE:/home/runner/work/key/key/key.core/../key.ui/examples/standard_key/java_dl/classpath/PrintStream.java and once in URL:file:/home/runner/work/key/key/key.core/build/resources/main/de/uka/ilkd/key/java/JavaRedux/java/io/PrintStream.java, Keeping one from URL:file:/home/runner/work/key/key/key.core/build/resources/main/de/uka/ilkd/key/java/JavaRedux/java/io/PrintStream.java 
130020     WARN  main            d.u.i.k.j.r.KeYCrossReferenceNameInfo Datatype java.lang.System declared twice: Once in FILE:/home/runner/work/key/key/key.core/../key.ui/examples/standard_key/java_dl/classpath/System.java and once in URL:file:/home/runner/work/key/key/key.core/build/resources/main/de/uka/ilkd/key/java/JavaRedux/java/lang/System.java, Keeping one from URL:file:/home/runner/work/key/key/key.core/build/resources/main/de/uka/ilkd/key/java/JavaRedux/java/lang/System.java 
130020     WARN  main            d.u.i.k.j.r.KeYCrossReferenceNameInfo Datatype java.io.InputStream declared twice: Once in FILE:/home/runner/work/key/key/key.core/../key.ui/examples/standard_key/java_dl/classpath/InputStream.java and once in URL:file:/home/runner/work/key/key/key.core/build/resources/main/de/uka/ilkd/key/java/JavaRedux/java/io/InputStream.java, Keeping one from URL:file:/home/runner/work/key/key/key.core/build/resources/main/de/uka/ilkd/key/java/JavaRedux/java/io/InputStream.java 
130023     DEBUG main            d.u.i.k.j.r.ClassFileDeclarationBuilder Parsing: package java.io; public class Closeable { } 
130024     DEBUG main            r.s.KeYCrossReferenceSourceInfo Dynamically created class: java.io.Closeable 
132376     DEBUG main            d.u.i.k.p.i.AbstractProblemLoader Init config took 2.39s 
132390     INFO  main            d.u.i.k.p.i.AbstractProblemLoader Replaying proof exceptions.key 
132392     DEBUG main            d.u.i.k.p.i.IntermediateProofReplayer Proof replay took 7.5ns 
132594     INFO  main            d.u.i.k.p.r.p.TestFile    ... finished proof: closed. 
132861     INFO  main            d.u.i.k.p.i.AbstractProblemLoader Loading environment from /home/runner/work/key/key/key.core/../key.ui/examples/standard_key/java_dl/exceptions.key.proof 
132861     DEBUG main            d.u.i.k.p.i.AbstractProblemLoader Environment load took 97.1ns 
132862     INFO  main            d.u.i.k.p.i.AbstractProblemLoader Creating init config 
132884     WARN  main            d.u.i.k.j.r.KeYCrossReferenceNameInfo Datatype java.io.PrintStream declared twice: Once in FILE:/home/runner/work/key/key/key.core/../key.ui/examples/standard_key/java_dl/classpath/PrintStream.java and once in URL:file:/home/runner/work/key/key/key.core/build/resources/main/de/uka/ilkd/key/java/JavaRedux/java/io/PrintStream.java, Keeping one from URL:file:/home/runner/work/key/key/key.core/build/resources/main/de/uka/ilkd/key/java/JavaRedux/java/io/PrintStream.java 
132884     WARN  main            d.u.i.k.j.r.KeYCrossReferenceNameInfo Datatype java.lang.System declared twice: Once in FILE:/home/runner/work/key/key/key.core/../key.ui/examples/standard_key/java_dl/classpath/System.java and once in URL:file:/home/runner/work/key/key/key.core/build/resources/main/de/uka/ilkd/key/java/JavaRedux/java/lang/System.java, Keeping one from URL:file:/home/runner/work/key/key/key.core/build/resources/main/de/uka/ilkd/key/java/JavaRedux/java/lang/System.java 
132884     WARN  main            d.u.i.k.j.r.KeYCrossReferenceNameInfo Datatype java.io.InputStream declared twice: Once in FILE:/home/runner/work/key/key/key.core/../key.ui/examples/standard_key/java_dl/classpath/InputStream.java and once in URL:file:/home/runner/work/key/key/key.core/build/resources/main/de/uka/ilkd/key/java/JavaRedux/java/io/InputStream.java, Keeping one from URL:file:/home/runner/work/key/key/key.core/build/resources/main/de/uka/ilkd/key/java/JavaRedux/java/io/InputStream.java 
132887     DEBUG main            d.u.i.k.j.r.ClassFileDeclarationBuilder Parsing: package java.io; public class Closeable { } 
132888     DEBUG main            r.s.KeYCrossReferenceSourceInfo Dynamically created class: java.io.Closeable 
135237     DEBUG main            d.u.i.k.p.i.AbstractProblemLoader Init config took 2.37s 
135251     INFO  main            d.u.i.k.p.i.AbstractProblemLoader Replaying proof exceptions.key.proof 
135284     DEBUG main            d.u.i.k.p.i.IntermediateProofReplayer Proof replay took 30.13ms 
135285     DEBUG main            d.u.i.k.p.r.p.TestFile    ... success: reloaded. 
135286     INFO  main            d.u.i.k.p.r.p.TestFile    Now processing file /home/runner/work/key/key/key.core/../key.ui/examples/standard_key/java_dl/exceptions1.key 
135286     INFO  main            d.u.i.k.p.i.AbstractProblemLoader Loading environment from /home/runner/work/key/key/key.core/../key.ui/examples/standard_key/java_dl/exceptions1.key 
135286     DEBUG main            d.u.i.k.p.i.AbstractProblemLoader Environment load took 169.1ns 
135287     INFO  main            d.u.i.k.p.i.AbstractProblemLoader Creating init config 
137670     DEBUG main            d.u.i.k.p.i.AbstractProblemLoader Init config took 2.38s 
137685     INFO  main            d.u.i.k.p.i.AbstractProblemLoader Replaying proof exceptions1.key 
137687     DEBUG main            d.u.i.k.p.i.IntermediateProofReplayer Proof replay took 6.7ns 
137890     INFO  main            d.u.i.k.p.r.p.TestFile    ... finished proof: closed. 
138143     INFO  main            d.u.i.k.p.i.AbstractProblemLoader Loading environment from /home/runner/work/key/key/key.core/../key.ui/examples/standard_key/java_dl/exceptions1.key.proof 
138143     DEBUG main            d.u.i.k.p.i.AbstractProblemLoader Environment load took 99.4ns 
138144     INFO  main            d.u.i.k.p.i.AbstractProblemLoader Creating init config 
140474     DEBUG main            d.u.i.k.p.i.AbstractProblemLoader Init config took 2.33s 
140490     INFO  main            d.u.i.k.p.i.AbstractProblemLoader Replaying proof exceptions1.key.proof 
140517     DEBUG main            d.u.i.k.p.i.IntermediateProofReplayer Proof replay took 24.3ms 
140518     DEBUG main            d.u.i.k.p.r.p.TestFile    ... success: reloaded. 
140519     INFO  main            d.u.i.k.p.r.p.TestFile    Now processing file /home/runner/work/key/key/key.core/../key.ui/examples/standard_key/java_dl/exceptions2.key 
140519     INFO  main            d.u.i.k.p.i.AbstractProblemLoader Loading environment from /home/runner/work/key/key/key.core/../key.ui/examples/standard_key/java_dl/exceptions2.key 
140519     DEBUG main            d.u.i.k.p.i.AbstractProblemLoader Environment load took 114ns 
140520     INFO  main            d.u.i.k.p.i.AbstractProblemLoader Creating init config 
142932     DEBUG main            d.u.i.k.p.i.AbstractProblemLoader Init config took 2.41s 
142947     INFO  main            d.u.i.k.p.i.AbstractProblemLoader Replaying proof exceptions2.key 
142949     DEBUG main            d.u.i.k.p.i.IntermediateProofReplayer Proof replay took 7.4ns 
143051     INFO  main            d.u.i.k.p.r.p.TestFile    ... finished proof: closed. 
143314     INFO  main            d.u.i.k.p.i.AbstractProblemLoader Loading environment from /home/runner/work/key/key/key.core/../key.ui/examples/standard_key/java_dl/exceptions2.key.proof 
143315     DEBUG main            d.u.i.k.p.i.AbstractProblemLoader Environment load took 99ns 
143315     INFO  main            d.u.i.k.p.i.AbstractProblemLoader Creating init config 
145654     DEBUG main            d.u.i.k.p.i.AbstractProblemLoader Init config took 2.34s 
145669     INFO  main            d.u.i.k.p.i.AbstractProblemLoader Replaying proof exceptions2.key.proof 
145712     DEBUG main            d.u.i.k.p.i.IntermediateProofReplayer Proof replay took 40.65ms 
145713     DEBUG main            d.u.i.k.p.r.p.TestFile    ... success: reloaded. 
145714     INFO  main            d.u.i.k.p.r.p.TestFile    Now processing file /home/runner/work/key/key/key.core/../key.ui/examples/standard_key/java_dl/exceptions3.key 
145714     INFO  main            d.u.i.k.p.i.AbstractProblemLoader Loading environment from /home/runner/work/key/key/key.core/../key.ui/examples/standard_key/java_dl/exceptions3.key 
145714     DEBUG main            d.u.i.k.p.i.AbstractProblemLoader Environment load took 160.5ns 
145715     INFO  main            d.u.i.k.p.i.AbstractProblemLoader Creating init config 
145735     WARN  main            d.u.i.k.j.r.KeYCrossReferenceNameInfo Datatype java.io.PrintStream declared twice: Once in FILE:/home/runner/work/key/key/key.core/../key.ui/examples/standard_key/java_dl/classpath/PrintStream.java and once in URL:file:/home/runner/work/key/key/key.core/build/resources/main/de/uka/ilkd/key/java/JavaRedux/java/io/PrintStream.java, Keeping one from URL:file:/home/runner/work/key/key/key.core/build/resources/main/de/uka/ilkd/key/java/JavaRedux/java/io/PrintStream.java 
145735     WARN  main            d.u.i.k.j.r.KeYCrossReferenceNameInfo Datatype java.lang.System declared twice: Once in FILE:/home/runner/work/key/key/key.core/../key.ui/examples/standard_key/java_dl/classpath/System.java and once in URL:file:/home/runner/work/key/key/key.core/build/resources/main/de/uka/ilkd/key/java/JavaRedux/java/lang/System.java, Keeping one from URL:file:/home/runner/work/key/key/key.core/build/resources/main/de/uka/ilkd/key/java/JavaRedux/java/lang/System.java 
145736     WARN  main            d.u.i.k.j.r.KeYCrossReferenceNameInfo Datatype java.io.InputStream declared twice: Once in FILE:/home/runner/work/key/key/key.core/../key.ui/examples/standard_key/java_dl/classpath/InputStream.java and once in URL:file:/home/runner/work/key/key/key.core/build/resources/main/de/uka/ilkd/key/java/JavaRedux/java/io/InputStream.java, Keeping one from URL:file:/home/runner/work/key/key/key.core/build/resources/main/de/uka/ilkd/key/java/JavaRedux/java/io/InputStream.java 
145738     DEBUG main            d.u.i.k.j.r.ClassFileDeclarationBuilder Parsing: package java.io; public class Closeable { } 
145739     DEBUG main            r.s.KeYCrossReferenceSourceInfo Dynamically created class: java.io.Closeable 
148134     DEBUG main            d.u.i.k.p.i.AbstractProblemLoader Init config took 2.42s 
148148     INFO  main            d.u.i.k.p.i.AbstractProblemLoader Replaying proof exceptions3.key 
148150     DEBUG main            d.u.i.k.p.i.IntermediateProofReplayer Proof replay took 6.5ns 
148254     INFO  main            d.u.i.k.p.r.p.TestFile    ... finished proof: closed. 
148524     INFO  main            d.u.i.k.p.i.AbstractProblemLoader Loading environment from /home/runner/work/key/key/key.core/../key.ui/examples/standard_key/java_dl/exceptions3.key.proof 
148524     DEBUG main            d.u.i.k.p.i.AbstractProblemLoader Environment load took 95.5ns 
148526     INFO  main            d.u.i.k.p.i.AbstractProblemLoader Creating init config 
148550     WARN  main            d.u.i.k.j.r.KeYCrossReferenceNameInfo Datatype java.io.PrintStream declared twice: Once in FILE:/home/runner/work/key/key/key.core/../key.ui/examples/standard_key/java_dl/classpath/PrintStream.java and once in URL:file:/home/runner/work/key/key/key.core/build/resources/main/de/uka/ilkd/key/java/JavaRedux/java/io/PrintStream.java, Keeping one from URL:file:/home/runner/work/key/key/key.core/build/resources/main/de/uka/ilkd/key/java/JavaRedux/java/io/PrintStream.java 
148551     WARN  main            d.u.i.k.j.r.KeYCrossReferenceNameInfo Datatype java.lang.System declared twice: Once in FILE:/home/runner/work/key/key/key.core/../key.ui/examples/standard_key/java_dl/classpath/System.java and once in URL:file:/home/runner/work/key/key/key.core/build/resources/main/de/uka/ilkd/key/java/JavaRedux/java/lang/System.java, Keeping one from URL:file:/home/runner/work/key/key/key.core/build/resources/main/de/uka/ilkd/key/java/JavaRedux/java/lang/System.java 
148551     WARN  main            d.u.i.k.j.r.KeYCrossReferenceNameInfo Datatype java.io.InputStream declared twice: Once in FILE:/home/runner/work/key/key/key.core/../key.ui/examples/standard_key/java_dl/classpath/InputStream.java and once in URL:file:/home/runner/work/key/key/key.core/build/resources/main/de/uka/ilkd/key/java/JavaRedux/java/io/InputStream.java, Keeping one from URL:file:/home/runner/work/key/key/key.core/build/resources/main/de/uka/ilkd/key/java/JavaRedux/java/io/InputStream.java 
148554     DEBUG main            d.u.i.k.j.r.ClassFileDeclarationBuilder Parsing: package java.io; public class Closeable { } 
148554     DEBUG main            r.s.KeYCrossReferenceSourceInfo Dynamically created class: java.io.Closeable 
150979     DEBUG main            d.u.i.k.p.i.AbstractProblemLoader Init config took 2.45s 
150993     INFO  main            d.u.i.k.p.i.AbstractProblemLoader Replaying proof exceptions3.key.proof 
150998     DEBUG main            d.u.i.k.p.i.IntermediateProofReplayer Proof replay took 2.96ms 
150999     DEBUG main            d.u.i.k.p.r.p.TestFile    ... success: reloaded. 
151000     INFO  main            d.u.i.k.p.r.p.TestFile    Now processing file /home/runner/work/key/key/key.core/../key.ui/examples/standard_key/java_dl/exchange.key 
151000     INFO  main            d.u.i.k.p.i.AbstractProblemLoader Loading environment from /home/runner/work/key/key/key.core/../key.ui/examples/standard_key/java_dl/exchange.key 
151000     DEBUG main            d.u.i.k.p.i.AbstractProblemLoader Environment load took 189.4ns 
151001     INFO  main            d.u.i.k.p.i.AbstractProblemLoader Creating init config 
153405     DEBUG main            d.u.i.k.p.i.AbstractProblemLoader Init config took 2.4s 
153419     INFO  main            d.u.i.k.p.i.AbstractProblemLoader Replaying proof exchange.key 
153421     DEBUG main            d.u.i.k.p.i.IntermediateProofReplayer Proof replay took 8.1ns 
153523     INFO  main            d.u.i.k.p.r.p.TestFile    ... finished proof: closed. 
153809     INFO  main            d.u.i.k.p.i.AbstractProblemLoader Loading environment from /home/runner/work/key/key/key.core/../key.ui/examples/standard_key/java_dl/exchange.key.proof 
153809     DEBUG main            d.u.i.k.p.i.AbstractProblemLoader Environment load took 96.5ns 
153810     INFO  main            d.u.i.k.p.i.AbstractProblemLoader Creating init config 
156122     DEBUG main            d.u.i.k.p.i.AbstractProblemLoader Init config took 2.31s 
156136     INFO  main            d.u.i.k.p.i.AbstractProblemLoader Replaying proof exchange.key.proof 
156140     DEBUG main            d.u.i.k.p.i.IntermediateProofReplayer Proof replay took 2.28ms 
156141     DEBUG main            d.u.i.k.p.r.p.TestFile    ... success: reloaded. 
156141     INFO  main            d.u.i.k.p.r.p.TestFile    Now processing file /home/runner/work/key/key/key.core/../key.ui/examples/standard_key/java_dl/if.key 
156141     INFO  main            d.u.i.k.p.i.AbstractProblemLoader Loading environment from /home/runner/work/key/key/key.core/../key.ui/examples/standard_key/java_dl/if.key 
156142     DEBUG main            d.u.i.k.p.i.AbstractProblemLoader Environment load took 72.3ns 
156142     INFO  main            d.u.i.k.p.i.AbstractProblemLoader Creating init config 
158485     DEBUG main            d.u.i.k.p.i.AbstractProblemLoader Init config took 2.34s 
158499     INFO  main            d.u.i.k.p.i.AbstractProblemLoader Replaying proof if.key 
158500     DEBUG main            d.u.i.k.p.i.IntermediateProofReplayer Proof replay took 7.4ns 
158602     INFO  main            d.u.i.k.p.r.p.TestFile    ... finished proof: closed. 
158890     INFO  main            d.u.i.k.p.i.AbstractProblemLoader Loading environment from /home/runner/work/key/key/key.core/../key.ui/examples/standard_key/java_dl/if.key.proof 
158890     DEBUG main            d.u.i.k.p.i.AbstractProblemLoader Environment load took 106.5ns 
158891     INFO  main            d.u.i.k.p.i.AbstractProblemLoader Creating init config 
161190     DEBUG main            d.u.i.k.p.i.AbstractProblemLoader Init config took 2.3s 
161204     INFO  main            d.u.i.k.p.i.AbstractProblemLoader Replaying proof if.key.proof 
161208     DEBUG main            d.u.i.k.p.i.IntermediateProofReplayer Proof replay took 2.38ms 
161209     DEBUG main            d.u.i.k.p.r.p.TestFile    ... success: reloaded. 
161210     INFO  main            d.u.i.k.p.r.p.TestFile    Now processing file /home/runner/work/key/key/key.core/../key.ui/examples/standard_key/java_dl/incrementcounter.key 
161210     INFO  main            d.u.i.k.p.i.AbstractProblemLoader Loading environment from /home/runner/work/key/key/key.core/../key.ui/examples/standard_key/java_dl/incrementcounter.key 
161210     DEBUG main            d.u.i.k.p.i.AbstractProblemLoader Environment load took 74.7ns 
161211     INFO  main            d.u.i.k.p.i.AbstractProblemLoader Creating init config 
163567     DEBUG main            d.u.i.k.p.i.AbstractProblemLoader Init config took 2.36s 
163582     INFO  main            d.u.i.k.p.i.AbstractProblemLoader Replaying proof incrementcounter.key 
163583     DEBUG main            d.u.i.k.p.i.IntermediateProofReplayer Proof replay took 8.3ns 
163686     INFO  main            d.u.i.k.p.r.p.TestFile    ... finished proof: closed. 
163986     INFO  main            d.u.i.k.p.i.AbstractProblemLoader Loading environment from /home/runner/work/key/key/key.core/../key.ui/examples/standard_key/java_dl/incrementcounter.key.proof 
163987     DEBUG main            d.u.i.k.p.i.AbstractProblemLoader Environment load took 95.7ns 
163988     INFO  main            d.u.i.k.p.i.AbstractProblemLoader Creating init config 
166292     DEBUG main            d.u.i.k.p.i.AbstractProblemLoader Init config took 2.3s 
166305     INFO  main            d.u.i.k.p.i.AbstractProblemLoader Replaying proof incrementcounter.key.proof 
166308     DEBUG main            d.u.i.k.p.i.IntermediateProofReplayer Proof replay took 1.45ms 
166309     DEBUG main            d.u.i.k.p.r.p.TestFile    ... success: reloaded. 
166309     INFO  main            d.u.i.k.p.r.p.TestFile    Now processing file /home/runner/work/key/key/key.core/../key.ui/examples/standard_key/java_dl/danglingElse.key 
166310     INFO  main            d.u.i.k.p.i.AbstractProblemLoader Loading environment from /home/runner/work/key/key/key.core/../key.ui/examples/standard_key/java_dl/danglingElse.key 
166310     DEBUG main            d.u.i.k.p.i.AbstractProblemLoader Environment load took 77.2ns 
166311     INFO  main            d.u.i.k.p.i.AbstractProblemLoader Creating init config 
168667     DEBUG main            d.u.i.k.p.i.AbstractProblemLoader Init config took 2.36s 
168681     INFO  main            d.u.i.k.p.i.AbstractProblemLoader Replaying proof danglingElse.key 
168683     DEBUG main            d.u.i.k.p.i.IntermediateProofReplayer Proof replay took 8ns 
168786     INFO  main            d.u.i.k.p.r.p.TestFile    ... finished proof: open goal(s) 
169087     INFO  main            d.u.i.k.p.r.p.TestFile    Now processing file /home/runner/work/key/key/key.core/../key.ui/examples/standard_key/java_dl/iteratedAssignment.key 
169088     INFO  main            d.u.i.k.p.i.AbstractProblemLoader Loading environment from /home/runner/work/key/key/key.core/../key.ui/examples/standard_key/java_dl/iteratedAssignment.key 
169088     DEBUG main            d.u.i.k.p.i.AbstractProblemLoader Environment load took 89.7ns 
169089     INFO  main            d.u.i.k.p.i.AbstractProblemLoader Creating init config 
171417     DEBUG main            d.u.i.k.p.i.AbstractProblemLoader Init config took 2.33s 
171436     INFO  main            d.u.i.k.p.i.AbstractProblemLoader Replaying proof iteratedAssignment.key 
171439     DEBUG main            d.u.i.k.p.i.IntermediateProofReplayer Proof replay took 636.7ns 
171742     INFO  main            d.u.i.k.p.r.p.TestFile    ... finished proof: closed. 
172044     INFO  main            d.u.i.k.p.i.AbstractProblemLoader Loading environment from /home/runner/work/key/key/key.core/../key.ui/examples/standard_key/java_dl/iteratedAssignment.key.proof 
172044     DEBUG main            d.u.i.k.p.i.AbstractProblemLoader Environment load took 91.6ns 
172045     INFO  main            d.u.i.k.p.i.AbstractProblemLoader Creating init config 
174349     DEBUG main            d.u.i.k.p.i.AbstractProblemLoader Init config took 2.3s 
174364     INFO  main            d.u.i.k.p.i.AbstractProblemLoader Replaying proof iteratedAssignment.key.proof 
174427     DEBUG main            d.u.i.k.p.i.IntermediateProofReplayer Proof replay took 59.95ms 
174428     DEBUG main            d.u.i.k.p.r.p.TestFile    ... success: reloaded. 
174429     INFO  main            d.u.i.k.p.r.p.TestFile    Now processing file /home/runner/work/key/key/key.core/../key.ui/examples/standard_key/java_dl/assert/assert1.key 
174430     INFO  main            d.u.i.k.p.i.AbstractProblemLoader Loading environment from /home/runner/work/key/key/key.core/../key.ui/examples/standard_key/java_dl/assert/assert1.key 
174430     DEBUG main            d.u.i.k.p.i.AbstractProblemLoader Environment load took 209.3ns 
174431     INFO  main            d.u.i.k.p.i.AbstractProblemLoader Creating init config 
176842     DEBUG main            d.u.i.k.p.i.AbstractProblemLoader Init config took 2.41s 
176874     INFO  main            d.u.i.k.p.i.AbstractProblemLoader Replaying proof C[C::foo()].JML normal_behavior operation contract.0 
176876     DEBUG main            d.u.i.k.p.i.IntermediateProofReplayer Proof replay took 6.9ns 
177080     INFO  main            d.u.i.k.p.r.p.TestFile    ... finished proof: open goal(s) 
177395     INFO  main            d.u.i.k.p.r.p.TestFile    Now processing file /home/runner/work/key/key/key.core/../key.ui/examples/standard_key/java_dl/assert/assert2.key 
177395     INFO  main            d.u.i.k.p.i.AbstractProblemLoader Loading environment from /home/runner/work/key/key/key.core/../key.ui/examples/standard_key/java_dl/assert/assert2.key 
177395     DEBUG main            d.u.i.k.p.i.AbstractProblemLoader Environment load took 55.4ns 
177397     INFO  main            d.u.i.k.p.i.AbstractProblemLoader Creating init config 
179753     DEBUG main            d.u.i.k.p.i.AbstractProblemLoader Init config took 2.36s 
179786     INFO  main            d.u.i.k.p.i.AbstractProblemLoader Replaying proof C[C::bar()].JML exceptional_behavior operation contract.0 
179788     DEBUG main            d.u.i.k.p.i.IntermediateProofReplayer Proof replay took 6.2ns 
179990     INFO  main            d.u.i.k.p.r.p.TestFile    ... finished proof: closed. 
180296     INFO  main            d.u.i.k.p.i.AbstractProblemLoader Loading environment from /home/runner/work/key/key/key.core/../key.ui/examples/standard_key/java_dl/assert/assert2.key.proof 
180296     DEBUG main            d.u.i.k.p.i.AbstractProblemLoader Environment load took 91.6ns 
180297     INFO  main            d.u.i.k.p.i.AbstractProblemLoader Creating init config 
182673     DEBUG main            d.u.i.k.p.i.AbstractProblemLoader Init config took 2.38s 
182707     INFO  main            d.u.i.k.p.i.AbstractProblemLoader Replaying proof C[C::bar()].JML exceptional_behavior operation contract.0 
182738     DEBUG main            d.u.i.k.p.i.IntermediateProofReplayer Proof replay took 28.96ms 
182738     DEBUG main            d.u.i.k.p.r.p.TestFile    ... success: reloaded. 
182739     INFO  main            d.u.i.k.p.r.p.TestFile    Now processing file /home/runner/work/key/key/key.core/../key.ui/examples/standard_key/java_dl/assert/assert3.key 
182739     INFO  main            d.u.i.k.p.i.AbstractProblemLoader Loading environment from /home/runner/work/key/key/key.core/../key.ui/examples/standard_key/java_dl/assert/assert3.key 
182740     DEBUG main            d.u.i.k.p.i.AbstractProblemLoader Environment load took 70.5ns 
182740     INFO  main            d.u.i.k.p.i.AbstractProblemLoader Creating init config 
185133     DEBUG main            d.u.i.k.p.i.AbstractProblemLoader Init config took 2.39s 
185166     INFO  main            d.u.i.k.p.i.AbstractProblemLoader Replaying proof C[C::foo()].JML normal_behavior operation contract.0 
185168     DEBUG main            d.u.i.k.p.i.IntermediateProofReplayer Proof replay took 5.7ns 
185270     INFO  main            d.u.i.k.p.r.p.TestFile    ... finished proof: open goal(s) 
185582     INFO  main            d.u.i.k.p.r.p.TestFile    Now processing file /home/runner/work/key/key/key.core/../key.ui/examples/standard_key/java_dl/java5/vararg.key 
185582     INFO  main            d.u.i.k.p.i.AbstractProblemLoader Loading environment from /home/runner/work/key/key/key.core/../key.ui/examples/standard_key/java_dl/java5/vararg.key 
185582     DEBUG main            d.u.i.k.p.i.AbstractProblemLoader Environment load took 58.2ns 
185584     INFO  main            d.u.i.k.p.i.AbstractProblemLoader Creating init config 
186436     DEBUG main            d.u.i.k.j.r.ClassPreparationMethodBuilder clPrepBuilder: Inner Class detected. Reject building class initialisation methods. 
188278     DEBUG main            d.u.i.k.p.i.AbstractProblemLoader Init config took 2.69s 
188304     INFO  main            d.u.i.k.p.i.AbstractProblemLoader Replaying proof vararg.key 
188306     DEBUG main            d.u.i.k.p.i.IntermediateProofReplayer Proof replay took 6.9ns 
189512     INFO  main            d.u.i.k.p.r.p.TestFile    ... finished proof: closed. 
189925     INFO  main            d.u.i.k.p.i.AbstractProblemLoader Loading environment from /home/runner/work/key/key/key.core/../key.ui/examples/standard_key/java_dl/java5/vararg.key.proof 
189925     DEBUG main            d.u.i.k.p.i.AbstractProblemLoader Environment load took 354ns 
189927     INFO  main            d.u.i.k.p.i.AbstractProblemLoader Creating init config 
190753     DEBUG main            d.u.i.k.j.r.ClassPreparationMethodBuilder clPrepBuilder: Inner Class detected. Reject building class initialisation methods. 
192510     DEBUG main            d.u.i.k.p.i.AbstractProblemLoader Init config took 2.58s 
192534     INFO  main            d.u.i.k.p.i.AbstractProblemLoader Replaying proof vararg.key.proof 
192785     DEBUG main            d.u.i.k.p.i.IntermediateProofReplayer Proof replay took 239.71ms 
192787     DEBUG main            d.u.i.k.p.r.p.TestFile    ... success: reloaded. 
192787     INFO  main            d.u.i.k.p.r.p.TestFile    Now processing file /home/runner/work/key/key/key.core/../key.ui/examples/standard_key/java_dl/java5/for_Array.key 
192788     INFO  main            d.u.i.k.p.i.AbstractProblemLoader Loading environment from /home/runner/work/key/key/key.core/../key.ui/examples/standard_key/java_dl/java5/for_Array.key 
192788     DEBUG main            d.u.i.k.p.i.AbstractProblemLoader Environment load took 179.6ns 
192789     INFO  main            d.u.i.k.p.i.AbstractProblemLoader Creating init config 
193615     DEBUG main            d.u.i.k.j.r.ClassPreparationMethodBuilder clPrepBuilder: Inner Class detected. Reject building class initialisation methods. 
195431     DEBUG main            d.u.i.k.p.i.AbstractProblemLoader Init config took 2.64s 
195479     INFO  main            d.u.i.k.p.i.AbstractProblemLoader Replaying proof For[For::sum([I)].JML operation contract.0 
195480     DEBUG main            d.u.i.k.p.i.IntermediateProofReplayer Proof replay took 6.1ns 
195883     INFO  main            d.u.i.k.p.r.p.TestFile    ... finished proof: closed. 
196268     INFO  main            d.u.i.k.p.i.AbstractProblemLoader Loading environment from /home/runner/work/key/key/key.core/../key.ui/examples/standard_key/java_dl/java5/for_Array.key.proof 
196268     DEBUG main            d.u.i.k.p.i.AbstractProblemLoader Environment load took 91.3ns 
196269     INFO  main            d.u.i.k.p.i.AbstractProblemLoader Creating init config 
197072     DEBUG main            d.u.i.k.j.r.ClassPreparationMethodBuilder clPrepBuilder: Inner Class detected. Reject building class initialisation methods. 
198797     DEBUG main            d.u.i.k.p.i.AbstractProblemLoader Init config took 2.53s 
198846     INFO  main            d.u.i.k.p.i.AbstractProblemLoader Replaying proof For[For::sum([I)].JML operation contract.0 
198912     DEBUG main            d.u.i.k.p.i.IntermediateProofReplayer Proof replay took 62.36ms 
198913     DEBUG main            d.u.i.k.p.r.p.TestFile    ... success: reloaded. 
198914     INFO  main            d.u.i.k.p.r.p.TestFile    Now processing file /home/runner/work/key/key/key.core/../key.ui/examples/standard_key/java_dl/java5/for_Iterable.key 
198914     INFO  main            d.u.i.k.p.i.AbstractProblemLoader Loading environment from /home/runner/work/key/key/key.core/../key.ui/examples/standard_key/java_dl/java5/for_Iterable.key 
198914     DEBUG main            d.u.i.k.p.i.AbstractProblemLoader Environment load took 62.7ns 
198915     INFO  main            d.u.i.k.p.i.AbstractProblemLoader Creating init config 
199737     DEBUG main            d.u.i.k.j.r.ClassPreparationMethodBuilder clPrepBuilder: Inner Class detected. Reject building class initialisation methods. 
201509     DEBUG main            d.u.i.k.p.i.AbstractProblemLoader Init config took 2.59s 
201558     INFO  main            d.u.i.k.p.i.AbstractProblemLoader Replaying proof For[For::infiniteLoop(For)].JML operation contract.0 
201559     DEBUG main            d.u.i.k.p.i.IntermediateProofReplayer Proof replay took 7.7ns 
201766     INFO  main            d.u.i.k.p.r.p.TestFile    ... finished proof: closed. 
202098     INFO  main            d.u.i.k.p.i.AbstractProblemLoader Loading environment from /home/runner/work/key/key/key.core/../key.ui/examples/standard_key/java_dl/java5/for_Iterable.key.proof 
202098     DEBUG main            d.u.i.k.p.i.AbstractProblemLoader Environment load took 95.2ns 
202099     INFO  main            d.u.i.k.p.i.AbstractProblemLoader Creating init config 
202897     DEBUG main            d.u.i.k.j.r.ClassPreparationMethodBuilder clPrepBuilder: Inner Class detected. Reject building class initialisation methods. 
204627     DEBUG main            d.u.i.k.p.i.AbstractProblemLoader Init config took 2.53s 
204676     INFO  main            d.u.i.k.p.i.AbstractProblemLoader Replaying proof For[For::infiniteLoop(For)].JML operation contract.0 
204713     DEBUG main            d.u.i.k.p.i.IntermediateProofReplayer Proof replay took 35.59ms 
204714     DEBUG main            d.u.i.k.p.r.p.TestFile    ... success: reloaded. 
204715     INFO  main            d.u.i.k.p.r.p.TestFile    Now processing file /home/runner/work/key/key/key.core/../key.ui/examples/standard_key/java_dl/java5/for_ReferenceArray.key 
204715     INFO  main            d.u.i.k.p.i.AbstractProblemLoader Loading environment from /home/runner/work/key/key/key.core/../key.ui/examples/standard_key/java_dl/java5/for_ReferenceArray.key 
204715     DEBUG main            d.u.i.k.p.i.AbstractProblemLoader Environment load took 84.3ns 
204716     INFO  main            d.u.i.k.p.i.AbstractProblemLoader Creating init config 
205532     DEBUG main            d.u.i.k.j.r.ClassPreparationMethodBuilder clPrepBuilder: Inner Class detected. Reject building class initialisation methods. 
207290     DEBUG main            d.u.i.k.p.i.AbstractProblemLoader Init config took 2.57s 
207338     INFO  main            d.u.i.k.p.i.AbstractProblemLoader Replaying proof ForReferenceArray[ForReferenceArray::foo([Ljava.lang.Object)].JML operation contract.0 
207341     DEBUG main            d.u.i.k.p.i.IntermediateProofReplayer Proof replay took 7.3ns 
207643     INFO  main            d.u.i.k.p.r.p.TestFile    ... finished proof: closed. 
207987     INFO  main            d.u.i.k.p.i.AbstractProblemLoader Loading environment from /home/runner/work/key/key/key.core/../key.ui/examples/standard_key/java_dl/java5/for_ReferenceArray.key.proof 
207987     DEBUG main            d.u.i.k.p.i.AbstractProblemLoader Environment load took 107.4ns 
207988     INFO  main            d.u.i.k.p.i.AbstractProblemLoader Creating init config 
208785     DEBUG main            d.u.i.k.j.r.ClassPreparationMethodBuilder clPrepBuilder: Inner Class detected. Reject building class initialisation methods. 
210515     DEBUG main            d.u.i.k.p.i.AbstractProblemLoader Init config took 2.53s 
210562     INFO  main            d.u.i.k.p.i.AbstractProblemLoader Replaying proof ForReferenceArray[ForReferenceArray::foo([Ljava.lang.Object)].JML operation contract.0 
210605     DEBUG main            d.u.i.k.p.i.IntermediateProofReplayer Proof replay took 39.83ms 
210606     DEBUG main            d.u.i.k.p.r.p.TestFile    ... success: reloaded. 
210607     INFO  main            d.u.i.k.p.r.p.TestFile    Now processing file /home/runner/work/key/key/key.core/../key.ui/examples/standard_key/java_dl/jml-bigint/cast.key 
210607     INFO  main            d.u.i.k.p.i.AbstractProblemLoader Loading environment from /home/runner/work/key/key/key.core/../key.ui/examples/standard_key/java_dl/jml-bigint/cast.key 
210607     DEBUG main            d.u.i.k.p.i.AbstractProblemLoader Environment load took 69.8ns 
210608     INFO  main            d.u.i.k.p.i.AbstractProblemLoader Creating init config 
213123     DEBUG main            d.u.i.k.p.i.AbstractProblemLoader Init config took 2.52s 
213156     INFO  main            d.u.i.k.p.i.AbstractProblemLoader Replaying proof Mult[Mult::cast()].JML operation contract.0 
213159     DEBUG main            d.u.i.k.p.i.IntermediateProofReplayer Proof replay took 7.1ns 
213260     INFO  main            d.u.i.k.p.r.p.TestFile    ... finished proof: closed. 
213617     INFO  main            d.u.i.k.p.i.AbstractProblemLoader Loading environment from /home/runner/work/key/key/key.core/../key.ui/examples/standard_key/java_dl/jml-bigint/cast.key.proof 
213617     DEBUG main            d.u.i.k.p.i.AbstractProblemLoader Environment load took 88.1ns 
213618     INFO  main            d.u.i.k.p.i.AbstractProblemLoader Creating init config 
216037     DEBUG main            d.u.i.k.p.i.AbstractProblemLoader Init config took 2.42s 
216079     INFO  main            d.u.i.k.p.i.AbstractProblemLoader Replaying proof Mult[Mult::cast()].JML operation contract.0 
216089     DEBUG main            d.u.i.k.p.i.IntermediateProofReplayer Proof replay took 8.93ms 
216090     DEBUG main            d.u.i.k.p.r.p.TestFile    ... success: reloaded. 
216091     INFO  main            d.u.i.k.p.r.p.TestFile    Now processing file /home/runner/work/key/key/key.core/../key.ui/examples/standard_key/java_dl/jml-free/loopInvFree.key 
216091     INFO  main            d.u.i.k.p.i.AbstractProblemLoader Loading environment from /home/runner/work/key/key/key.core/../key.ui/examples/standard_key/java_dl/jml-free/loopInvFree.key 
216091     DEBUG main            d.u.i.k.p.i.AbstractProblemLoader Environment load took 60.5ns 
216092     INFO  main            d.u.i.k.p.i.AbstractProblemLoader Creating init config 
218524     DEBUG main            d.u.i.k.p.i.AbstractProblemLoader Init config took 2.43s 
218556     INFO  main            d.u.i.k.p.i.AbstractProblemLoader Replaying proof LoopInvFree[LoopInvFree::test()].JML operation contract.0 
218557     DEBUG main            d.u.i.k.p.i.IntermediateProofReplayer Proof replay took 6.8ns 
218759     INFO  main            d.u.i.k.p.r.p.TestFile    ... finished proof: closed. 
219130     INFO  main            d.u.i.k.p.i.AbstractProblemLoader Loading environment from /home/runner/work/key/key/key.core/../key.ui/examples/standard_key/java_dl/jml-free/loopInvFree.key.proof 
219130     DEBUG main            d.u.i.k.p.i.AbstractProblemLoader Environment load took 84.4ns 
219131     INFO  main            d.u.i.k.p.i.AbstractProblemLoader Creating init config 
221500     DEBUG main            d.u.i.k.p.i.AbstractProblemLoader Init config took 2.37s 
221541     INFO  main            d.u.i.k.p.i.AbstractProblemLoader Replaying proof LoopInvFree[LoopInvFree::test()].JML operation contract.0 
221574     DEBUG main            d.u.i.k.p.i.IntermediateProofReplayer Proof replay took 30.63ms 
221575     DEBUG main            d.u.i.k.p.r.p.TestFile    ... success: reloaded. 
221576     INFO  main            d.u.i.k.p.r.p.TestFile    Now processing file /home/runner/work/key/key/key.core/../key.ui/examples/standard_key/java_dl/jml-free/ensuresFree.key 
221576     INFO  main            d.u.i.k.p.i.AbstractProblemLoader Loading environment from /home/runner/work/key/key/key.core/../key.ui/examples/standard_key/java_dl/jml-free/ensuresFree.key 
221576     DEBUG main            d.u.i.k.p.i.AbstractProblemLoader Environment load took 53.8ns 
221577     INFO  main            d.u.i.k.p.i.AbstractProblemLoader Creating init config 
224003     DEBUG main            d.u.i.k.p.i.AbstractProblemLoader Init config took 2.43s 
224037     INFO  main            d.u.i.k.p.i.AbstractProblemLoader Replaying proof EnsuresFree[EnsuresFree::test()].JML operation contract.0 
224039     DEBUG main            d.u.i.k.p.i.IntermediateProofReplayer Proof replay took 7.5ns 
224142     INFO  main            d.u.i.k.p.r.p.TestFile    ... finished proof: closed. 
224527     INFO  main            d.u.i.k.p.i.AbstractProblemLoader Loading environment from /home/runner/work/key/key/key.core/../key.ui/examples/standard_key/java_dl/jml-free/ensuresFree.key.proof 
224528     DEBUG main            d.u.i.k.p.i.AbstractProblemLoader Environment load took 81.1ns 
224529     INFO  main            d.u.i.k.p.i.AbstractProblemLoader Creating init config 
226905     DEBUG main            d.u.i.k.p.i.AbstractProblemLoader Init config took 2.38s 
226937     INFO  main            d.u.i.k.p.i.AbstractProblemLoader Replaying proof EnsuresFree[EnsuresFree::test()].JML operation contract.0 
226952     DEBUG main            d.u.i.k.p.i.IntermediateProofReplayer Proof replay took 13.62ms 
226953     DEBUG main            d.u.i.k.p.r.p.TestFile    ... success: reloaded. 
226954     INFO  main            d.u.i.k.p.r.p.TestFile    Now processing file /home/runner/work/key/key/key.core/../key.ui/examples/standard_key/java_dl/jml-information-flow.key 
226955     INFO  main            d.u.i.k.p.i.AbstractProblemLoader Loading environment from /home/runner/work/key/key/key.core/../key.ui/examples/standard_key/java_dl/jml-information-flow.key 
226955     DEBUG main            d.u.i.k.p.i.AbstractProblemLoader Environment load took 174.1ns 
226960     INFO  main            d.u.i.k.p.i.AbstractProblemLoader Creating init config 
229551     DEBUG main            d.u.i.k.p.i.AbstractProblemLoader Init config took 2.59s 
229568     INFO  main            d.u.i.k.p.i.AbstractProblemLoader Replaying proof jml-information-flow.key 
229569     DEBUG main            d.u.i.k.p.i.IntermediateProofReplayer Proof replay took 6.5ns 
340739     INFO  main            d.u.i.k.p.r.p.TestFile    ... finished proof: closed. 
341282     INFO  main            d.u.i.k.p.i.AbstractProblemLoader Loading environment from /home/runner/work/key/key/key.core/../key.ui/examples/standard_key/java_dl/jml-information-flow.key.proof 
341283     DEBUG main            d.u.i.k.p.i.AbstractProblemLoader Environment load took 338.4ns 
341292     INFO  main            d.u.i.k.p.i.AbstractProblemLoader Creating init config 
343764     DEBUG main            d.u.i.k.p.i.AbstractProblemLoader Init config took 2.47s 
343796     INFO  main            d.u.i.k.p.i.AbstractProblemLoader Replaying proof jml-information-flow.key.proof 
346412     DEBUG main            d.u.i.k.p.i.IntermediateProofReplayer Proof replay took 2.52s 
346420     DEBUG main            d.u.i.k.p.r.p.TestFile    ... success: reloaded. 
346421     INFO  main            d.u.i.k.p.r.p.TestFile    Now processing file /home/runner/work/key/key/key.core/../key.ui/examples/standard_key/java_dl/jml-min/min-unprovable1.key 
346421     INFO  main            d.u.i.k.p.i.AbstractProblemLoader Loading environment from /home/runner/work/key/key/key.core/../key.ui/examples/standard_key/java_dl/jml-min/min-unprovable1.key 
346421     DEBUG main            d.u.i.k.p.i.AbstractProblemLoader Environment load took 82.9ns 
346422     INFO  main            d.u.i.k.p.i.AbstractProblemLoader Creating init config 
348974     DEBUG main            d.u.i.k.p.i.AbstractProblemLoader Init config took 2.55s 
349006     INFO  main            d.u.i.k.p.i.AbstractProblemLoader Replaying proof Min[Min::foo()].JML operation contract.0 
349007     DEBUG main            d.u.i.k.p.i.IntermediateProofReplayer Proof replay took 6.5ns 
349111     INFO  main            d.u.i.k.p.r.p.TestFile    ... finished proof: open goal(s) 
349629     INFO  main            d.u.i.k.p.r.p.TestFile    Now processing file /home/runner/work/key/key/key.core/../key.ui/examples/standard_key/java_dl/jml-min/min-unprovable2.key 
349630     INFO  main            d.u.i.k.p.i.AbstractProblemLoader Loading environment from /home/runner/work/key/key/key.core/../key.ui/examples/standard_key/java_dl/jml-min/min-unprovable2.key 
349630     DEBUG main            d.u.i.k.p.i.AbstractProblemLoader Environment load took 49ns 
349631     INFO  main            d.u.i.k.p.i.AbstractProblemLoader Creating init config 
352014     DEBUG main            d.u.i.k.p.i.AbstractProblemLoader Init config took 2.38s 
352045     INFO  main            d.u.i.k.p.i.AbstractProblemLoader Replaying proof Min[Min::foo2()].JML operation contract.0 
352047     DEBUG main            d.u.i.k.p.i.IntermediateProofReplayer Proof replay took 6.7ns 
352149     INFO  main            d.u.i.k.p.r.p.TestFile    ... finished proof: open goal(s) 
352520     INFO  main            d.u.i.k.p.r.p.TestFile    Now processing file /home/runner/work/key/key/key.core/../key.ui/examples/standard_key/java_dl/methodCall.key 
352520     INFO  main            d.u.i.k.p.i.AbstractProblemLoader Loading environment from /home/runner/work/key/key/key.core/../key.ui/examples/standard_key/java_dl/methodCall.key 
352520     DEBUG main            d.u.i.k.p.i.AbstractProblemLoader Environment load took 55.2ns 
352521     INFO  main            d.u.i.k.p.i.AbstractProblemLoader Creating init config 
354882     DEBUG main            d.u.i.k.p.i.AbstractProblemLoader Init config took 2.36s 
354896     INFO  main            d.u.i.k.p.i.AbstractProblemLoader Replaying proof methodCall.key 
354897     DEBUG main            d.u.i.k.p.i.IntermediateProofReplayer Proof replay took 5.9ns 
355002     INFO  main            d.u.i.k.p.r.p.TestFile    ... finished proof: closed. 
355369     INFO  main            d.u.i.k.p.i.AbstractProblemLoader Loading environment from /home/runner/work/key/key/key.core/../key.ui/examples/standard_key/java_dl/methodCall.key.proof 
355369     DEBUG main            d.u.i.k.p.i.AbstractProblemLoader Environment load took 83.4ns 
355370     INFO  main            d.u.i.k.p.i.AbstractProblemLoader Creating init config 
357723     DEBUG main            d.u.i.k.p.i.AbstractProblemLoader Init config took 2.35s 
357737     INFO  main            d.u.i.k.p.i.AbstractProblemLoader Replaying proof methodCall.key.proof 
357740     DEBUG main            d.u.i.k.p.i.IntermediateProofReplayer Proof replay took 1.49ms 
357741     DEBUG main            d.u.i.k.p.r.p.TestFile    ... success: reloaded. 
357742     INFO  main            d.u.i.k.p.r.p.TestFile    Now processing file /home/runner/work/key/key/key.core/../key.ui/examples/standard_key/java_dl/methodCall1.key 
357742     INFO  main            d.u.i.k.p.i.AbstractProblemLoader Loading environment from /home/runner/work/key/key/key.core/../key.ui/examples/standard_key/java_dl/methodCall1.key 
357742     DEBUG main            d.u.i.k.p.i.AbstractProblemLoader Environment load took 46.3ns 
357744     INFO  main            d.u.i.k.p.i.AbstractProblemLoader Creating init config 
360130     DEBUG main            d.u.i.k.p.i.AbstractProblemLoader Init config took 2.39s 
360144     INFO  main            d.u.i.k.p.i.AbstractProblemLoader Replaying proof methodCall1.key 
360145     DEBUG main            d.u.i.k.p.i.IntermediateProofReplayer Proof replay took 5.6ns 
360250     INFO  main            d.u.i.k.p.r.p.TestFile    ... finished proof: closed. 
360635     INFO  main            d.u.i.k.p.i.AbstractProblemLoader Loading environment from /home/runner/work/key/key/key.core/../key.ui/examples/standard_key/java_dl/methodCall1.key.proof 
360635     DEBUG main            d.u.i.k.p.i.AbstractProblemLoader Environment load took 97.7ns 
360636     INFO  main            d.u.i.k.p.i.AbstractProblemLoader Creating init config 
362992     DEBUG main            d.u.i.k.p.i.AbstractProblemLoader Init config took 2.36s 
363005     INFO  main            d.u.i.k.p.i.AbstractProblemLoader Replaying proof methodCall1.key.proof 
363019     DEBUG main            d.u.i.k.p.i.IntermediateProofReplayer Proof replay took 11.16ms 
363020     DEBUG main            d.u.i.k.p.r.p.TestFile    ... success: reloaded. 
363021     INFO  main            d.u.i.k.p.r.p.TestFile    Now processing file /home/runner/work/key/key/key.core/../key.ui/examples/standard_key/java_dl/methodCall1box.key 
363021     INFO  main            d.u.i.k.p.i.AbstractProblemLoader Loading environment from /home/runner/work/key/key/key.core/../key.ui/examples/standard_key/java_dl/methodCall1box.key 
363021     DEBUG main            d.u.i.k.p.i.AbstractProblemLoader Environment load took 65.7ns 
363023     INFO  main            d.u.i.k.p.i.AbstractProblemLoader Creating init config 
365422     DEBUG main            d.u.i.k.p.i.AbstractProblemLoader Init config took 2.4s 
365435     INFO  main            d.u.i.k.p.i.AbstractProblemLoader Replaying proof methodCall1box.key 
365437     DEBUG main            d.u.i.k.p.i.IntermediateProofReplayer Proof replay took 7.9ns 
365539     INFO  main            d.u.i.k.p.r.p.TestFile    ... finished proof: closed. 
365930     INFO  main            d.u.i.k.p.i.AbstractProblemLoader Loading environment from /home/runner/work/key/key/key.core/../key.ui/examples/standard_key/java_dl/methodCall1box.key.proof 
365930     DEBUG main            d.u.i.k.p.i.AbstractProblemLoader Environment load took 83.7ns 
365931     INFO  main            d.u.i.k.p.i.AbstractProblemLoader Creating init config 
368280     DEBUG main            d.u.i.k.p.i.AbstractProblemLoader Init config took 2.35s 
368294     INFO  main            d.u.i.k.p.i.AbstractProblemLoader Replaying proof methodCall1box.key.proof 
368305     DEBUG main            d.u.i.k.p.i.IntermediateProofReplayer Proof replay took 9.46ms 
368306     DEBUG main            d.u.i.k.p.r.p.TestFile    ... success: reloaded. 
368307     INFO  main            d.u.i.k.p.r.p.TestFile    Now processing file /home/runner/work/key/key/key.core/../key.ui/examples/standard_key/java_dl/methodCall3.key 
368307     INFO  main            d.u.i.k.p.i.AbstractProblemLoader Loading environment from /home/runner/work/key/key/key.core/../key.ui/examples/standard_key/java_dl/methodCall3.key 
368307     DEBUG main            d.u.i.k.p.i.AbstractProblemLoader Environment load took 44.9ns 
368308     INFO  main            d.u.i.k.p.i.AbstractProblemLoader Creating init config 
370684     DEBUG main            d.u.i.k.p.i.AbstractProblemLoader Init config took 2.38s 
370698     INFO  main            d.u.i.k.p.i.AbstractProblemLoader Replaying proof methodCall3.key 
370699     DEBUG main            d.u.i.k.p.i.IntermediateProofReplayer Proof replay took 5.8ns 
370801     INFO  main            d.u.i.k.p.r.p.TestFile    ... finished proof: closed. 
371211     INFO  main            d.u.i.k.p.i.AbstractProblemLoader Loading environment from /home/runner/work/key/key/key.core/../key.ui/examples/standard_key/java_dl/methodCall3.key.proof 
371212     DEBUG main            d.u.i.k.p.i.AbstractProblemLoader Environment load took 104.1ns 
371213     INFO  main            d.u.i.k.p.i.AbstractProblemLoader Creating init config 
373570     DEBUG main            d.u.i.k.p.i.AbstractProblemLoader Init config took 2.36s 
373583     INFO  main            d.u.i.k.p.i.AbstractProblemLoader Replaying proof methodCall3.key.proof 
373591     DEBUG main            d.u.i.k.p.i.IntermediateProofReplayer Proof replay took 6.26ms 
373592     DEBUG main            d.u.i.k.p.r.p.TestFile    ... success: reloaded. 
373593     INFO  main            d.u.i.k.p.r.p.TestFile    Now processing file /home/runner/work/key/key/key.core/../key.ui/examples/standard_key/java_dl/polishFlagSort.key 
373593     INFO  main            d.u.i.k.p.i.AbstractProblemLoader Loading environment from /home/runner/work/key/key/key.core/../key.ui/examples/standard_key/java_dl/polishFlagSort.key 
373593     DEBUG main            d.u.i.k.p.i.AbstractProblemLoader Environment load took 46.2ns 
373595     INFO  main            d.u.i.k.p.i.AbstractProblemLoader Creating init config 
376034     DEBUG main            d.u.i.k.p.i.AbstractProblemLoader Init config took 2.44s 
376048     INFO  main            d.u.i.k.p.i.AbstractProblemLoader Replaying proof polishFlagSort.key 
376050     DEBUG main            d.u.i.k.p.i.IntermediateProofReplayer Proof replay took 6.2ns 
378264     INFO  main            d.u.i.k.p.r.p.TestFile    ... finished proof: closed. 
378742     INFO  main            d.u.i.k.p.i.AbstractProblemLoader Loading environment from /home/runner/work/key/key/key.core/../key.ui/examples/standard_key/java_dl/polishFlagSort.key.proof 
378743     DEBUG main            d.u.i.k.p.i.AbstractProblemLoader Environment load took 352.1ns 
378745     INFO  main            d.u.i.k.p.i.AbstractProblemLoader Creating init config 
381136     DEBUG main            d.u.i.k.p.i.AbstractProblemLoader Init config took 2.39s 
381150     INFO  main            d.u.i.k.p.i.AbstractProblemLoader Replaying proof polishFlagSort.key.proof 
381392     DEBUG main            d.u.i.k.p.i.IntermediateProofReplayer Proof replay took 232.23ms 
381394     DEBUG main            d.u.i.k.p.r.p.TestFile    ... success: reloaded. 
381395     INFO  main            d.u.i.k.p.r.p.TestFile    Now processing file /home/runner/work/key/key/key.core/../key.ui/examples/standard_key/java_dl/postConditionTaclets1.key 
381395     INFO  main            d.u.i.k.p.i.AbstractProblemLoader Loading environment from /home/runner/work/key/key/key.core/../key.ui/examples/standard_key/java_dl/postConditionTaclets1.key 
381396     DEBUG main            d.u.i.k.p.i.AbstractProblemLoader Environment load took 173.9ns 
381397     INFO  main            d.u.i.k.p.i.AbstractProblemLoader Creating init config 
383756     DEBUG main            d.u.i.k.p.i.AbstractProblemLoader Init config took 2.36s 
383771     INFO  main            d.u.i.k.p.i.AbstractProblemLoader Replaying proof postConditionTaclets1.key 
383772     DEBUG main            d.u.i.k.p.i.IntermediateProofReplayer Proof replay took 7.2ns 
383874     INFO  main            d.u.i.k.p.r.p.TestFile    ... finished proof: closed. 
384337     INFO  main            d.u.i.k.p.i.AbstractProblemLoader Loading environment from /home/runner/work/key/key/key.core/../key.ui/examples/standard_key/java_dl/postConditionTaclets1.key.proof 
384337     DEBUG main            d.u.i.k.p.i.AbstractProblemLoader Environment load took 83.3ns 
384338     INFO  main            d.u.i.k.p.i.AbstractProblemLoader Creating init config 
386643     DEBUG main            d.u.i.k.p.i.AbstractProblemLoader Init config took 2.31s 
386657     INFO  main            d.u.i.k.p.i.AbstractProblemLoader Replaying proof postConditionTaclets1.key.proof 
386659     DEBUG main            d.u.i.k.p.i.IntermediateProofReplayer Proof replay took 263.5ns 
386659     DEBUG main            d.u.i.k.p.r.p.TestFile    ... success: reloaded. 
386660     INFO  main            d.u.i.k.p.r.p.TestFile    Now processing file /home/runner/work/key/key/key.core/../key.ui/examples/standard_key/java_dl/postConditionTaclets2.key 
386660     INFO  main            d.u.i.k.p.i.AbstractProblemLoader Loading environment from /home/runner/work/key/key/key.core/../key.ui/examples/standard_key/java_dl/postConditionTaclets2.key 
386660     DEBUG main            d.u.i.k.p.i.AbstractProblemLoader Environment load took 106.4ns 
386661     INFO  main            d.u.i.k.p.i.AbstractProblemLoader Creating init config 
389000     DEBUG main            d.u.i.k.p.i.AbstractProblemLoader Init config took 2.34s 
389014     INFO  main            d.u.i.k.p.i.AbstractProblemLoader Replaying proof postConditionTaclets2.key 
389015     DEBUG main            d.u.i.k.p.i.IntermediateProofReplayer Proof replay took 7.1ns 
389117     INFO  main            d.u.i.k.p.r.p.TestFile    ... finished proof: closed. 
389522     INFO  main            d.u.i.k.p.i.AbstractProblemLoader Loading environment from /home/runner/work/key/key/key.core/../key.ui/examples/standard_key/java_dl/postConditionTaclets2.key.proof 
389522     DEBUG main            d.u.i.k.p.i.AbstractProblemLoader Environment load took 74.3ns 
389523     INFO  main            d.u.i.k.p.i.AbstractProblemLoader Creating init config 
391823     DEBUG main            d.u.i.k.p.i.AbstractProblemLoader Init config took 2.3s 
391838     INFO  main            d.u.i.k.p.i.AbstractProblemLoader Replaying proof postConditionTaclets2.key.proof 
391840     DEBUG main            d.u.i.k.p.i.IntermediateProofReplayer Proof replay took 496.3ns 
391841     DEBUG main            d.u.i.k.p.r.p.TestFile    ... success: reloaded. 
391842     INFO  main            d.u.i.k.p.r.p.TestFile    Now processing file /home/runner/work/key/key/key.core/../key.ui/examples/standard_key/java_dl/quantifiedQuery.key 
391842     INFO  main            d.u.i.k.p.i.AbstractProblemLoader Loading environment from /home/runner/work/key/key/key.core/../key.ui/examples/standard_key/java_dl/quantifiedQuery.key 
391842     DEBUG main            d.u.i.k.p.i.AbstractProblemLoader Environment load took 156.9ns 
391843     INFO  main            d.u.i.k.p.i.AbstractProblemLoader Creating init config 
394230     DEBUG main            d.u.i.k.p.i.AbstractProblemLoader Init config took 2.39s 
394244     INFO  main            d.u.i.k.p.i.AbstractProblemLoader Replaying proof quantifiedQuery.key 
394246     DEBUG main            d.u.i.k.p.i.IntermediateProofReplayer Proof replay took 6.9ns 
394348     INFO  main            d.u.i.k.p.r.p.TestFile    ... finished proof: closed. 
394770     INFO  main            d.u.i.k.p.i.AbstractProblemLoader Loading environment from /home/runner/work/key/key/key.core/../key.ui/examples/standard_key/java_dl/quantifiedQuery.key.proof 
394770     DEBUG main            d.u.i.k.p.i.AbstractProblemLoader Environment load took 81.4ns 
394771     INFO  main            d.u.i.k.p.i.AbstractProblemLoader Creating init config 
397152     DEBUG main            d.u.i.k.p.i.AbstractProblemLoader Init config took 2.38s 
397167     INFO  main            d.u.i.k.p.i.AbstractProblemLoader Replaying proof quantifiedQuery.key.proof 
397176     DEBUG main            d.u.i.k.p.i.IntermediateProofReplayer Proof replay took 7.11ms 
397177     DEBUG main            d.u.i.k.p.r.p.TestFile    ... success: reloaded. 
397178     INFO  main            d.u.i.k.p.r.p.TestFile    Now processing file /home/runner/work/key/key/key.core/../key.ui/examples/standard_key/java_dl/recursion/triangular.key 
397178     INFO  main            d.u.i.k.p.i.AbstractProblemLoader Loading environment from /home/runner/work/key/key/key.core/../key.ui/examples/standard_key/java_dl/recursion/triangular.key 
397178     DEBUG main            d.u.i.k.p.i.AbstractProblemLoader Environment load took 151.4ns 
397179     INFO  main            d.u.i.k.p.i.AbstractProblemLoader Creating init config 
399549     DEBUG main            d.u.i.k.p.i.AbstractProblemLoader Init config took 2.37s 
399599     INFO  main            d.u.i.k.p.i.AbstractProblemLoader Replaying proof Triangular[Triangular::tria(int)].JML normal_behavior operation contract.0 
399601     DEBUG main            d.u.i.k.p.i.IntermediateProofReplayer Proof replay took 6.6ns 
399803     INFO  main            d.u.i.k.p.r.p.TestFile    ... finished proof: closed. 
400236     INFO  main            d.u.i.k.p.i.AbstractProblemLoader Loading environment from /home/runner/work/key/key/key.core/../key.ui/examples/standard_key/java_dl/recursion/triangular.key.proof 
400236     DEBUG main            d.u.i.k.p.i.AbstractProblemLoader Environment load took 84.9ns 
400236     INFO  main            d.u.i.k.p.i.AbstractProblemLoader Creating init config 
402581     DEBUG main            d.u.i.k.p.i.AbstractProblemLoader Init config took 2.34s 
402613     INFO  main            d.u.i.k.p.i.AbstractProblemLoader Replaying proof Triangular[Triangular::tria(int)].JML normal_behavior operation contract.0 
402637     DEBUG main            d.u.i.k.p.i.IntermediateProofReplayer Proof replay took 22.46ms 
402638     DEBUG main            d.u.i.k.p.r.p.TestFile    ... success: reloaded. 
402638     INFO  main            d.u.i.k.p.r.p.TestFile    Now processing file /home/runner/work/key/key/key.core/../key.ui/examples/standard_key/java_dl/reverseArray.key 
402639     INFO  main            d.u.i.k.p.i.AbstractProblemLoader Loading environment from /home/runner/work/key/key/key.core/../key.ui/examples/standard_key/java_dl/reverseArray.key 
402639     DEBUG main            d.u.i.k.p.i.AbstractProblemLoader Environment load took 70.6ns 
402641     INFO  main            d.u.i.k.p.i.AbstractProblemLoader Creating init config 
402660     WARN  main            d.u.i.k.j.r.KeYCrossReferenceNameInfo Datatype java.io.PrintStream declared twice: Once in FILE:/home/runner/work/key/key/key.core/../key.ui/examples/standard_key/java_dl/./classpath/PrintStream.java and once in URL:file:/home/runner/work/key/key/key.core/build/resources/main/de/uka/ilkd/key/java/JavaRedux/java/io/PrintStream.java, Keeping one from URL:file:/home/runner/work/key/key/key.core/build/resources/main/de/uka/ilkd/key/java/JavaRedux/java/io/PrintStream.java 
402660     WARN  main            d.u.i.k.j.r.KeYCrossReferenceNameInfo Datatype java.lang.System declared twice: Once in FILE:/home/runner/work/key/key/key.core/../key.ui/examples/standard_key/java_dl/./classpath/System.java and once in URL:file:/home/runner/work/key/key/key.core/build/resources/main/de/uka/ilkd/key/java/JavaRedux/java/lang/System.java, Keeping one from URL:file:/home/runner/work/key/key/key.core/build/resources/main/de/uka/ilkd/key/java/JavaRedux/java/lang/System.java 
402660     WARN  main            d.u.i.k.j.r.KeYCrossReferenceNameInfo Datatype java.io.InputStream declared twice: Once in FILE:/home/runner/work/key/key/key.core/../key.ui/examples/standard_key/java_dl/./classpath/InputStream.java and once in URL:file:/home/runner/work/key/key/key.core/build/resources/main/de/uka/ilkd/key/java/JavaRedux/java/io/InputStream.java, Keeping one from URL:file:/home/runner/work/key/key/key.core/build/resources/main/de/uka/ilkd/key/java/JavaRedux/java/io/InputStream.java 
402663     DEBUG main            d.u.i.k.j.r.ClassFileDeclarationBuilder Parsing: package java.io; public class Closeable { } 
402663     DEBUG main            r.s.KeYCrossReferenceSourceInfo Dynamically created class: java.io.Closeable 
405118     DEBUG main            d.u.i.k.p.i.AbstractProblemLoader Init config took 2.48s 
405133     INFO  main            d.u.i.k.p.i.AbstractProblemLoader Replaying proof reverseArray.key 
405134     DEBUG main            d.u.i.k.p.i.IntermediateProofReplayer Proof replay took 6.6ns 
409482     INFO  main            d.u.i.k.p.r.p.TestFile    ... finished proof: closed. 
409962     INFO  main            d.u.i.k.p.i.AbstractProblemLoader Loading environment from /home/runner/work/key/key/key.core/../key.ui/examples/standard_key/java_dl/reverseArray.key.proof 
409962     DEBUG main            d.u.i.k.p.i.AbstractProblemLoader Environment load took 342.6ns 
409964     INFO  main            d.u.i.k.p.i.AbstractProblemLoader Creating init config 
409984     WARN  main            d.u.i.k.j.r.KeYCrossReferenceNameInfo Datatype java.io.PrintStream declared twice: Once in FILE:/home/runner/work/key/key/key.core/../key.ui/examples/standard_key/java_dl/classpath/PrintStream.java and once in URL:file:/home/runner/work/key/key/key.core/build/resources/main/de/uka/ilkd/key/java/JavaRedux/java/io/PrintStream.java, Keeping one from URL:file:/home/runner/work/key/key/key.core/build/resources/main/de/uka/ilkd/key/java/JavaRedux/java/io/PrintStream.java 
409984     WARN  main            d.u.i.k.j.r.KeYCrossReferenceNameInfo Datatype java.lang.System declared twice: Once in FILE:/home/runner/work/key/key/key.core/../key.ui/examples/standard_key/java_dl/classpath/System.java and once in URL:file:/home/runner/work/key/key/key.core/build/resources/main/de/uka/ilkd/key/java/JavaRedux/java/lang/System.java, Keeping one from URL:file:/home/runner/work/key/key/key.core/build/resources/main/de/uka/ilkd/key/java/JavaRedux/java/lang/System.java 
409985     WARN  main            d.u.i.k.j.r.KeYCrossReferenceNameInfo Datatype java.io.InputStream declared twice: Once in FILE:/home/runner/work/key/key/key.core/../key.ui/examples/standard_key/java_dl/classpath/InputStream.java and once in URL:file:/home/runner/work/key/key/key.core/build/resources/main/de/uka/ilkd/key/java/JavaRedux/java/io/InputStream.java, Keeping one from URL:file:/home/runner/work/key/key/key.core/build/resources/main/de/uka/ilkd/key/java/JavaRedux/java/io/InputStream.java 
409987     DEBUG main            d.u.i.k.j.r.ClassFileDeclarationBuilder Parsing: package java.io; public class Closeable { } 
409988     DEBUG main            r.s.KeYCrossReferenceSourceInfo Dynamically created class: java.io.Closeable 
412463     DEBUG main            d.u.i.k.p.i.AbstractProblemLoader Init config took 2.5s 
412480     INFO  main            d.u.i.k.p.i.AbstractProblemLoader Replaying proof reverseArray.key.proof 
412919     DEBUG main            d.u.i.k.p.i.IntermediateProofReplayer Proof replay took 428.3ms 
412921     DEBUG main            d.u.i.k.p.r.p.TestFile    ... success: reloaded. 
412922     INFO  main            d.u.i.k.p.r.p.TestFile    Now processing file /home/runner/work/key/key/key.core/../key.ui/examples/standard_key/java_dl/reverseArray2.key 
412922     INFO  main            d.u.i.k.p.i.AbstractProblemLoader Loading environment from /home/runner/work/key/key/key.core/../key.ui/examples/standard_key/java_dl/reverseArray2.key 
412923     DEBUG main            d.u.i.k.p.i.AbstractProblemLoader Environment load took 98.3ns 
412924     INFO  main            d.u.i.k.p.i.AbstractProblemLoader Creating init config 
412944     WARN  main            d.u.i.k.j.r.KeYCrossReferenceNameInfo Datatype java.io.PrintStream declared twice: Once in FILE:/home/runner/work/key/key/key.core/../key.ui/examples/standard_key/java_dl/classpath/PrintStream.java and once in URL:file:/home/runner/work/key/key/key.core/build/resources/main/de/uka/ilkd/key/java/JavaRedux/java/io/PrintStream.java, Keeping one from URL:file:/home/runner/work/key/key/key.core/build/resources/main/de/uka/ilkd/key/java/JavaRedux/java/io/PrintStream.java 
412944     WARN  main            d.u.i.k.j.r.KeYCrossReferenceNameInfo Datatype java.lang.System declared twice: Once in FILE:/home/runner/work/key/key/key.core/../key.ui/examples/standard_key/java_dl/classpath/System.java and once in URL:file:/home/runner/work/key/key/key.core/build/resources/main/de/uka/ilkd/key/java/JavaRedux/java/lang/System.java, Keeping one from URL:file:/home/runner/work/key/key/key.core/build/resources/main/de/uka/ilkd/key/java/JavaRedux/java/lang/System.java 
412944     WARN  main            d.u.i.k.j.r.KeYCrossReferenceNameInfo Datatype java.io.InputStream declared twice: Once in FILE:/home/runner/work/key/key/key.core/../key.ui/examples/standard_key/java_dl/classpath/InputStream.java and once in URL:file:/home/runner/work/key/key/key.core/build/resources/main/de/uka/ilkd/key/java/JavaRedux/java/io/InputStream.java, Keeping one from URL:file:/home/runner/work/key/key/key.core/build/resources/main/de/uka/ilkd/key/java/JavaRedux/java/io/InputStream.java 
412947     DEBUG main            d.u.i.k.j.r.ClassFileDeclarationBuilder Parsing: package java.io; public class Closeable { } 
412947     DEBUG main            r.s.KeYCrossReferenceSourceInfo Dynamically created class: java.io.Closeable 
415499     DEBUG main            d.u.i.k.p.i.AbstractProblemLoader Init config took 2.57s 
415513     INFO  main            d.u.i.k.p.i.AbstractProblemLoader Replaying proof reverseArray2.key 
415515     DEBUG main            d.u.i.k.p.i.IntermediateProofReplayer Proof replay took 42.4ns 
416821     INFO  main            d.u.i.k.p.r.p.TestFile    ... finished proof: closed. 
417367     INFO  main            d.u.i.k.p.i.AbstractProblemLoader Loading environment from /home/runner/work/key/key/key.core/../key.ui/examples/standard_key/java_dl/reverseArray2.key.proof 
417367     DEBUG main            d.u.i.k.p.i.AbstractProblemLoader Environment load took 335.5ns 
417369     INFO  main            d.u.i.k.p.i.AbstractProblemLoader Creating init config 
417389     WARN  main            d.u.i.k.j.r.KeYCrossReferenceNameInfo Datatype java.io.PrintStream declared twice: Once in FILE:/home/runner/work/key/key/key.core/../key.ui/examples/standard_key/java_dl/classpath/PrintStream.java and once in URL:file:/home/runner/work/key/key/key.core/build/resources/main/de/uka/ilkd/key/java/JavaRedux/java/io/PrintStream.java, Keeping one from URL:file:/home/runner/work/key/key/key.core/build/resources/main/de/uka/ilkd/key/java/JavaRedux/java/io/PrintStream.java 
417389     WARN  main            d.u.i.k.j.r.KeYCrossReferenceNameInfo Datatype java.lang.System declared twice: Once in FILE:/home/runner/work/key/key/key.core/../key.ui/examples/standard_key/java_dl/classpath/System.java and once in URL:file:/home/runner/work/key/key/key.core/build/resources/main/de/uka/ilkd/key/java/JavaRedux/java/lang/System.java, Keeping one from URL:file:/home/runner/work/key/key/key.core/build/resources/main/de/uka/ilkd/key/java/JavaRedux/java/lang/System.java 
417390     WARN  main            d.u.i.k.j.r.KeYCrossReferenceNameInfo Datatype java.io.InputStream declared twice: Once in FILE:/home/runner/work/key/key/key.core/../key.ui/examples/standard_key/java_dl/classpath/InputStream.java and once in URL:file:/home/runner/work/key/key/key.core/build/resources/main/de/uka/ilkd/key/java/JavaRedux/java/io/InputStream.java, Keeping one from URL:file:/home/runner/work/key/key/key.core/build/resources/main/de/uka/ilkd/key/java/JavaRedux/java/io/InputStream.java 
417393     DEBUG main            d.u.i.k.j.r.ClassFileDeclarationBuilder Parsing: package java.io; public class Closeable { } 
417393     DEBUG main            r.s.KeYCrossReferenceSourceInfo Dynamically created class: java.io.Closeable 
419774     DEBUG main            d.u.i.k.p.i.AbstractProblemLoader Init config took 2.4s 
419790     INFO  main            d.u.i.k.p.i.AbstractProblemLoader Replaying proof reverseArray2.key.proof 
419940     DEBUG main            d.u.i.k.p.i.IntermediateProofReplayer Proof replay took 145.97ms 
419942     DEBUG main            d.u.i.k.p.r.p.TestFile    ... success: reloaded. 
419943     INFO  main            d.u.i.k.p.r.p.TestFile    Now processing file /home/runner/work/key/key/key.core/../key.ui/examples/standard_key/java_dl/simpleAssignment.key 
419943     INFO  main            d.u.i.k.p.i.AbstractProblemLoader Loading environment from /home/runner/work/key/key/key.core/../key.ui/examples/standard_key/java_dl/simpleAssignment.key 
419943     DEBUG main            d.u.i.k.p.i.AbstractProblemLoader Environment load took 162ns 
419944     INFO  main            d.u.i.k.p.i.AbstractProblemLoader Creating init config 
422295     DEBUG main            d.u.i.k.p.i.AbstractProblemLoader Init config took 2.35s 
422309     INFO  main            d.u.i.k.p.i.AbstractProblemLoader Replaying proof simpleAssignment.key 
422310     DEBUG main            d.u.i.k.p.i.IntermediateProofReplayer Proof replay took 2.6ns 
422412     INFO  main            d.u.i.k.p.r.p.TestFile    ... finished proof: closed. 
422897     INFO  main            d.u.i.k.p.i.AbstractProblemLoader Loading environment from /home/runner/work/key/key/key.core/../key.ui/examples/standard_key/java_dl/simpleAssignment.key.proof 
422897     DEBUG main            d.u.i.k.p.i.AbstractProblemLoader Environment load took 78.3ns 
422898     INFO  main            d.u.i.k.p.i.AbstractProblemLoader Creating init config 
425191     DEBUG main            d.u.i.k.p.i.AbstractProblemLoader Init config took 2.29s 
425205     INFO  main            d.u.i.k.p.i.AbstractProblemLoader Replaying proof simpleAssignment.key.proof 
425207     DEBUG main            d.u.i.k.p.i.IntermediateProofReplayer Proof replay took 550ns 
425207     DEBUG main            d.u.i.k.p.r.p.TestFile    ... success: reloaded. 
425208     INFO  main            d.u.i.k.p.r.p.TestFile    Now processing file /home/runner/work/key/key/key.core/../key.ui/examples/standard_key/java_dl/simpleAssignment2.key 
425208     INFO  main            d.u.i.k.p.i.AbstractProblemLoader Loading environment from /home/runner/work/key/key/key.core/../key.ui/examples/standard_key/java_dl/simpleAssignment2.key 
425208     DEBUG main            d.u.i.k.p.i.AbstractProblemLoader Environment load took 45.5ns 
425209     INFO  main            d.u.i.k.p.i.AbstractProblemLoader Creating init config 
427541     DEBUG main            d.u.i.k.p.i.AbstractProblemLoader Init config took 2.33s 
427554     INFO  main            d.u.i.k.p.i.AbstractProblemLoader Replaying proof simpleAssignment2.key 
427556     DEBUG main            d.u.i.k.p.i.IntermediateProofReplayer Proof replay took 3ns 
427658     INFO  main            d.u.i.k.p.r.p.TestFile    ... finished proof: closed. 
428100     INFO  main            d.u.i.k.p.i.AbstractProblemLoader Loading environment from /home/runner/work/key/key/key.core/../key.ui/examples/standard_key/java_dl/simpleAssignment2.key.proof 
428100     DEBUG main            d.u.i.k.p.i.AbstractProblemLoader Environment load took 81.1ns 
428101     INFO  main            d.u.i.k.p.i.AbstractProblemLoader Creating init config 
430397     DEBUG main            d.u.i.k.p.i.AbstractProblemLoader Init config took 2.3s 
430411     INFO  main            d.u.i.k.p.i.AbstractProblemLoader Replaying proof simpleAssignment2.key.proof 
430413     DEBUG main            d.u.i.k.p.i.IntermediateProofReplayer Proof replay took 373.3ns 
430413     DEBUG main            d.u.i.k.p.r.p.TestFile    ... success: reloaded. 
430414     INFO  main            d.u.i.k.p.r.p.TestFile    Now processing file /home/runner/work/key/key/key.core/../key.ui/examples/standard_key/java_dl/splittingWithQueries.key 
430414     INFO  main            d.u.i.k.p.i.AbstractProblemLoader Loading environment from /home/runner/work/key/key/key.core/../key.ui/examples/standard_key/java_dl/splittingWithQueries.key 
430414     DEBUG main            d.u.i.k.p.i.AbstractProblemLoader Environment load took 43.9ns 
430415     INFO  main            d.u.i.k.p.i.AbstractProblemLoader Creating init config 
432792     DEBUG main            d.u.i.k.p.i.AbstractProblemLoader Init config took 2.38s 
432805     INFO  main            d.u.i.k.p.i.AbstractProblemLoader Replaying proof splittingWithQueries.key 
432806     DEBUG main            d.u.i.k.p.i.IntermediateProofReplayer Proof replay took 3.8ns 
432908     INFO  main            d.u.i.k.p.r.p.TestFile    ... finished proof: closed. 
433364     INFO  main            d.u.i.k.p.i.AbstractProblemLoader Loading environment from /home/runner/work/key/key/key.core/../key.ui/examples/standard_key/java_dl/splittingWithQueries.key.proof 
433364     DEBUG main            d.u.i.k.p.i.AbstractProblemLoader Environment load took 77.9ns 
433365     INFO  main            d.u.i.k.p.i.AbstractProblemLoader Creating init config 
435710     DEBUG main            d.u.i.k.p.i.AbstractProblemLoader Init config took 2.34s 
435723     INFO  main            d.u.i.k.p.i.AbstractProblemLoader Replaying proof splittingWithQueries.key.proof 
435726     DEBUG main            d.u.i.k.p.i.IntermediateProofReplayer Proof replay took 1.14ms 
435727     DEBUG main            d.u.i.k.p.r.p.TestFile    ... success: reloaded. 
435728     INFO  main            d.u.i.k.p.r.p.TestFile    Now processing file /home/runner/work/key/key/key.core/../key.ui/examples/standard_key/java_dl/strassen/strassen.key 
435728     INFO  main            d.u.i.k.p.i.AbstractProblemLoader Loading environment from /home/runner/work/key/key/key.core/../key.ui/examples/standard_key/java_dl/strassen/strassen.key 
435728     DEBUG main            d.u.i.k.p.i.AbstractProblemLoader Environment load took 176.2ns 
435729     INFO  main            d.u.i.k.p.i.AbstractProblemLoader Creating init config 
438210     DEBUG main            d.u.i.k.p.i.AbstractProblemLoader Init config took 2.48s 
438246     INFO  main            d.u.i.k.p.i.AbstractProblemLoader Replaying proof Matrix22[Matrix22::strassen(Matrix22,Matrix22)].JML normal_behavior operation contract.0 
438248     DEBUG main            d.u.i.k.p.i.IntermediateProofReplayer Proof replay took 3.3ns 
442842     INFO  main            d.u.i.k.p.r.p.TestFile    ... finished proof: closed. 
443444     INFO  main            d.u.i.k.p.i.AbstractProblemLoader Loading environment from /home/runner/work/key/key/key.core/../key.ui/examples/standard_key/java_dl/strassen/strassen.key.proof 
443445     DEBUG main            d.u.i.k.p.i.AbstractProblemLoader Environment load took 352.8ns 
443447     INFO  main            d.u.i.k.p.i.AbstractProblemLoader Creating init config 
445883     DEBUG main            d.u.i.k.p.i.AbstractProblemLoader Init config took 2.44s 
445916     INFO  main            d.u.i.k.p.i.AbstractProblemLoader Replaying proof Matrix22[Matrix22::strassen(Matrix22,Matrix22)].JML normal_behavior operation contract.0 
446292     DEBUG main            d.u.i.k.p.i.IntermediateProofReplayer Proof replay took 367.55ms 
446294     DEBUG main            d.u.i.k.p.r.p.TestFile    ... success: reloaded. 
446295     INFO  main            d.u.i.k.p.r.p.TestFile    Now processing file /home/runner/work/key/key/key.core/../key.ui/examples/standard_key/java_dl/symmArray.key 
446295     INFO  main            d.u.i.k.p.i.AbstractProblemLoader Loading environment from /home/runner/work/key/key/key.core/../key.ui/examples/standard_key/java_dl/symmArray.key 
446295     DEBUG main            d.u.i.k.p.i.AbstractProblemLoader Environment load took 75.1ns 
446298     INFO  main            d.u.i.k.p.i.AbstractProblemLoader Creating init config 
448807     DEBUG main            d.u.i.k.p.i.AbstractProblemLoader Init config took 2.51s 
448822     INFO  main            d.u.i.k.p.i.AbstractProblemLoader Replaying proof symmArray.key 
448823     DEBUG main            d.u.i.k.p.i.IntermediateProofReplayer Proof replay took 3.3ns 
525549     INFO  main            d.u.i.k.p.r.p.TestFile    ... finished proof: closed. 
526134     INFO  main            d.u.i.k.p.i.AbstractProblemLoader Loading environment from /home/runner/work/key/key/key.core/../key.ui/examples/standard_key/java_dl/symmArray.key.proof 
526135     DEBUG main            d.u.i.k.p.i.AbstractProblemLoader Environment load took 330.1ns 
526140     INFO  main            d.u.i.k.p.i.AbstractProblemLoader Creating init config 
528564     DEBUG main            d.u.i.k.p.i.AbstractProblemLoader Init config took 2.42s 
528580     INFO  main            d.u.i.k.p.i.AbstractProblemLoader Replaying proof symmArray.key.proof 
529380     DEBUG main            d.u.i.k.p.i.IntermediateProofReplayer Proof replay took 755.21ms 
529386     DEBUG main            d.u.i.k.p.r.p.TestFile    ... success: reloaded. 
529386     INFO  main            d.u.i.k.p.r.p.TestFile    Now processing file /home/runner/work/key/key/key.core/../key.ui/examples/standard_key/java_dl/testcontext.key 
529387     INFO  main            d.u.i.k.p.i.AbstractProblemLoader Loading environment from /home/runner/work/key/key/key.core/../key.ui/examples/standard_key/java_dl/testcontext.key 
529387     DEBUG main            d.u.i.k.p.i.AbstractProblemLoader Environment load took 78.5ns 
529388     INFO  main            d.u.i.k.p.i.AbstractProblemLoader Creating init config 
529407     WARN  main            d.u.i.k.j.r.KeYCrossReferenceNameInfo Datatype java.io.PrintStream declared twice: Once in FILE:/home/runner/work/key/key/key.core/../key.ui/examples/standard_key/java_dl/classpath/PrintStream.java and once in URL:file:/home/runner/work/key/key/key.core/build/resources/main/de/uka/ilkd/key/java/JavaRedux/java/io/PrintStream.java, Keeping one from URL:file:/home/runner/work/key/key/key.core/build/resources/main/de/uka/ilkd/key/java/JavaRedux/java/io/PrintStream.java 
529407     WARN  main            d.u.i.k.j.r.KeYCrossReferenceNameInfo Datatype java.lang.System declared twice: Once in FILE:/home/runner/work/key/key/key.core/../key.ui/examples/standard_key/java_dl/classpath/System.java and once in URL:file:/home/runner/work/key/key/key.core/build/resources/main/de/uka/ilkd/key/java/JavaRedux/java/lang/System.java, Keeping one from URL:file:/home/runner/work/key/key/key.core/build/resources/main/de/uka/ilkd/key/java/JavaRedux/java/lang/System.java 
529407     WARN  main            d.u.i.k.j.r.KeYCrossReferenceNameInfo Datatype java.io.InputStream declared twice: Once in FILE:/home/runner/work/key/key/key.core/../key.ui/examples/standard_key/java_dl/classpath/InputStream.java and once in URL:file:/home/runner/work/key/key/key.core/build/resources/main/de/uka/ilkd/key/java/JavaRedux/java/io/InputStream.java, Keeping one from URL:file:/home/runner/work/key/key/key.core/build/resources/main/de/uka/ilkd/key/java/JavaRedux/java/io/InputStream.java 
529410     DEBUG main            d.u.i.k.j.r.ClassFileDeclarationBuilder Parsing: package java.io; public class Closeable { } 
529410     DEBUG main            r.s.KeYCrossReferenceSourceInfo Dynamically created class: java.io.Closeable 
531914     DEBUG main            d.u.i.k.p.i.AbstractProblemLoader Init config took 2.53s 
531929     INFO  main            d.u.i.k.p.i.AbstractProblemLoader Replaying proof testcontext.key 
531930     DEBUG main            d.u.i.k.p.i.IntermediateProofReplayer Proof replay took 2.7ns 
532233     INFO  main            d.u.i.k.p.r.p.TestFile    ... finished proof: closed. 
532822     INFO  main            d.u.i.k.p.i.AbstractProblemLoader Loading environment from /home/runner/work/key/key/key.core/../key.ui/examples/standard_key/java_dl/testcontext.key.proof 
532822     DEBUG main            d.u.i.k.p.i.AbstractProblemLoader Environment load took 87.1ns 
532823     INFO  main            d.u.i.k.p.i.AbstractProblemLoader Creating init config 
532844     WARN  main            d.u.i.k.j.r.KeYCrossReferenceNameInfo Datatype java.io.PrintStream declared twice: Once in FILE:/home/runner/work/key/key/key.core/../key.ui/examples/standard_key/java_dl/classpath/PrintStream.java and once in URL:file:/home/runner/work/key/key/key.core/build/resources/main/de/uka/ilkd/key/java/JavaRedux/java/io/PrintStream.java, Keeping one from URL:file:/home/runner/work/key/key/key.core/build/resources/main/de/uka/ilkd/key/java/JavaRedux/java/io/PrintStream.java 
532844     WARN  main            d.u.i.k.j.r.KeYCrossReferenceNameInfo Datatype java.lang.System declared twice: Once in FILE:/home/runner/work/key/key/key.core/../key.ui/examples/standard_key/java_dl/classpath/System.java and once in URL:file:/home/runner/work/key/key/key.core/build/resources/main/de/uka/ilkd/key/java/JavaRedux/java/lang/System.java, Keeping one from URL:file:/home/runner/work/key/key/key.core/build/resources/main/de/uka/ilkd/key/java/JavaRedux/java/lang/System.java 
532844     WARN  main            d.u.i.k.j.r.KeYCrossReferenceNameInfo Datatype java.io.InputStream declared twice: Once in FILE:/home/runner/work/key/key/key.core/../key.ui/examples/standard_key/java_dl/classpath/InputStream.java and once in URL:file:/home/runner/work/key/key/key.core/build/resources/main/de/uka/ilkd/key/java/JavaRedux/java/io/InputStream.java, Keeping one from URL:file:/home/runner/work/key/key/key.core/build/resources/main/de/uka/ilkd/key/java/JavaRedux/java/io/InputStream.java 
532847     DEBUG main            d.u.i.k.j.r.ClassFileDeclarationBuilder Parsing: package java.io; public class Closeable { } 
532848     DEBUG main            r.s.KeYCrossReferenceSourceInfo Dynamically created class: java.io.Closeable 
535157     DEBUG main            d.u.i.k.p.i.AbstractProblemLoader Init config took 2.33s 
535172     INFO  main            d.u.i.k.p.i.AbstractProblemLoader Replaying proof testcontext.key.proof 
535212     DEBUG main            d.u.i.k.p.i.IntermediateProofReplayer Proof replay took 37.37ms 
535213     DEBUG main            d.u.i.k.p.r.p.TestFile    ... success: reloaded. 
535214     INFO  main            d.u.i.k.p.r.p.TestFile    Now processing file /home/runner/work/key/key/key.core/../key.ui/examples/standard_key/staticInitialisation/cascadeStaticInitialisation.key 
535214     INFO  main            d.u.i.k.p.i.AbstractProblemLoader Loading environment from /home/runner/work/key/key/key.core/../key.ui/examples/standard_key/staticInitialisation/cascadeStaticInitialisation.key 
535214     DEBUG main            d.u.i.k.p.i.AbstractProblemLoader Environment load took 48.7ns 
535216     INFO  main            d.u.i.k.p.i.AbstractProblemLoader Creating init config 
535235     WARN  main            d.u.i.k.j.r.KeYCrossReferenceNameInfo Datatype java.io.PrintStream declared twice: Once in FILE:/home/runner/work/key/key/key.core/../key.ui/examples/standard_key/staticInitialisation/classpath/PrintStream.java and once in URL:file:/home/runner/work/key/key/key.core/build/resources/main/de/uka/ilkd/key/java/JavaRedux/java/io/PrintStream.java, Keeping one from URL:file:/home/runner/work/key/key/key.core/build/resources/main/de/uka/ilkd/key/java/JavaRedux/java/io/PrintStream.java 
535235     WARN  main            d.u.i.k.j.r.KeYCrossReferenceNameInfo Datatype java.lang.System declared twice: Once in FILE:/home/runner/work/key/key/key.core/../key.ui/examples/standard_key/staticInitialisation/classpath/System.java and once in URL:file:/home/runner/work/key/key/key.core/build/resources/main/de/uka/ilkd/key/java/JavaRedux/java/lang/System.java, Keeping one from URL:file:/home/runner/work/key/key/key.core/build/resources/main/de/uka/ilkd/key/java/JavaRedux/java/lang/System.java 
537616     DEBUG main            d.u.i.k.p.i.AbstractProblemLoader Init config took 2.4s 
537647     INFO  main            d.u.i.k.p.i.AbstractProblemLoader Replaying proof cascadeStaticInitialisation.key 
537653     DEBUG main            d.u.i.k.p.i.IntermediateProofReplayer Proof replay took 2.8ns 
538260     INFO  main            d.u.i.k.p.r.p.TestFile    ... finished proof: closed. 
538794     INFO  main            d.u.i.k.p.i.AbstractProblemLoader Loading environment from /home/runner/work/key/key/key.core/../key.ui/examples/standard_key/staticInitialisation/cascadeStaticInitialisation.key.proof 
538794     DEBUG main            d.u.i.k.p.i.AbstractProblemLoader Environment load took 82.9ns 
538796     INFO  main            d.u.i.k.p.i.AbstractProblemLoader Creating init config 
538815     WARN  main            d.u.i.k.j.r.KeYCrossReferenceNameInfo Datatype java.io.PrintStream declared twice: Once in FILE:/home/runner/work/key/key/key.core/../key.ui/examples/standard_key/staticInitialisation/classpath/PrintStream.java and once in URL:file:/home/runner/work/key/key/key.core/build/resources/main/de/uka/ilkd/key/java/JavaRedux/java/io/PrintStream.java, Keeping one from URL:file:/home/runner/work/key/key/key.core/build/resources/main/de/uka/ilkd/key/java/JavaRedux/java/io/PrintStream.java 
538815     WARN  main            d.u.i.k.j.r.KeYCrossReferenceNameInfo Datatype java.lang.System declared twice: Once in FILE:/home/runner/work/key/key/key.core/../key.ui/examples/standard_key/staticInitialisation/classpath/System.java and once in URL:file:/home/runner/work/key/key/key.core/build/resources/main/de/uka/ilkd/key/java/JavaRedux/java/lang/System.java, Keeping one from URL:file:/home/runner/work/key/key/key.core/build/resources/main/de/uka/ilkd/key/java/JavaRedux/java/lang/System.java 
541208     DEBUG main            d.u.i.k.p.i.AbstractProblemLoader Init config took 2.41s 
541222     INFO  main            d.u.i.k.p.i.AbstractProblemLoader Replaying proof cascadeStaticInitialisation.key.proof 
541326     DEBUG main            d.u.i.k.p.i.IntermediateProofReplayer Proof replay took 101.5ms 
541327     DEBUG main            d.u.i.k.p.r.p.TestFile    ... success: reloaded. 
541328     INFO  main            d.u.i.k.p.r.p.TestFile    Now processing file /home/runner/work/key/key/key.core/../key.ui/examples/standard_key/staticInitialisation/erroneousClassImpliesErroneousSubclass.key 
541328     INFO  main            d.u.i.k.p.i.AbstractProblemLoader Loading environment from /home/runner/work/key/key/key.core/../key.ui/examples/standard_key/staticInitialisation/erroneousClassImpliesErroneousSubclass.key 
541328     DEBUG main            d.u.i.k.p.i.AbstractProblemLoader Environment load took 76.2ns 
541329     INFO  main            d.u.i.k.p.i.AbstractProblemLoader Creating init config 
541348     WARN  main            d.u.i.k.j.r.KeYCrossReferenceNameInfo Datatype java.io.PrintStream declared twice: Once in FILE:/home/runner/work/key/key/key.core/../key.ui/examples/standard_key/staticInitialisation/classpath/PrintStream.java and once in URL:file:/home/runner/work/key/key/key.core/build/resources/main/de/uka/ilkd/key/java/JavaRedux/java/io/PrintStream.java, Keeping one from URL:file:/home/runner/work/key/key/key.core/build/resources/main/de/uka/ilkd/key/java/JavaRedux/java/io/PrintStream.java 
541348     WARN  main            d.u.i.k.j.r.KeYCrossReferenceNameInfo Datatype java.lang.System declared twice: Once in FILE:/home/runner/work/key/key/key.core/../key.ui/examples/standard_key/staticInitialisation/classpath/System.java and once in URL:file:/home/runner/work/key/key/key.core/build/resources/main/de/uka/ilkd/key/java/JavaRedux/java/lang/System.java, Keeping one from URL:file:/home/runner/work/key/key/key.core/build/resources/main/de/uka/ilkd/key/java/JavaRedux/java/lang/System.java 
543705     DEBUG main            d.u.i.k.p.i.AbstractProblemLoader Init config took 2.38s 
543718     INFO  main            d.u.i.k.p.i.AbstractProblemLoader Replaying proof erroneousClassImpliesErroneousSubclass.key 
543719     DEBUG main            d.u.i.k.p.i.IntermediateProofReplayer Proof replay took 2.5ns 
543820     INFO  main            d.u.i.k.p.r.p.TestFile    ... finished proof: closed. 
544335     INFO  main            d.u.i.k.p.i.AbstractProblemLoader Loading environment from /home/runner/work/key/key/key.core/../key.ui/examples/standard_key/staticInitialisation/erroneousClassImpliesErroneousSubclass.key.proof 
544335     DEBUG main            d.u.i.k.p.i.AbstractProblemLoader Environment load took 81.7ns 
544336     INFO  main            d.u.i.k.p.i.AbstractProblemLoader Creating init config 
544355     WARN  main            d.u.i.k.j.r.KeYCrossReferenceNameInfo Datatype java.io.PrintStream declared twice: Once in FILE:/home/runner/work/key/key/key.core/../key.ui/examples/standard_key/staticInitialisation/classpath/PrintStream.java and once in URL:file:/home/runner/work/key/key/key.core/build/resources/main/de/uka/ilkd/key/java/JavaRedux/java/io/PrintStream.java, Keeping one from URL:file:/home/runner/work/key/key/key.core/build/resources/main/de/uka/ilkd/key/java/JavaRedux/java/io/PrintStream.java 
544355     WARN  main            d.u.i.k.j.r.KeYCrossReferenceNameInfo Datatype java.lang.System declared twice: Once in FILE:/home/runner/work/key/key/key.core/../key.ui/examples/standard_key/staticInitialisation/classpath/System.java and once in URL:file:/home/runner/work/key/key/key.core/build/resources/main/de/uka/ilkd/key/java/JavaRedux/java/lang/System.java, Keeping one from URL:file:/home/runner/work/key/key/key.core/build/resources/main/de/uka/ilkd/key/java/JavaRedux/java/lang/System.java 
546662     DEBUG main            d.u.i.k.p.i.AbstractProblemLoader Init config took 2.33s 
546675     INFO  main            d.u.i.k.p.i.AbstractProblemLoader Replaying proof erroneousClassImpliesErroneousSubclass.key.proof 
546677     DEBUG main            d.u.i.k.p.i.IntermediateProofReplayer Proof replay took 474ns 
546677     DEBUG main            d.u.i.k.p.r.p.TestFile    ... success: reloaded. 
546678     INFO  main            d.u.i.k.p.r.p.TestFile    Now processing file /home/runner/work/key/key/key.core/../key.ui/examples/standard_key/staticInitialisation/initializedSubclassImpliesInitializedSuperclass.key 
546678     INFO  main            d.u.i.k.p.i.AbstractProblemLoader Loading environment from /home/runner/work/key/key/key.core/../key.ui/examples/standard_key/staticInitialisation/initializedSubclassImpliesInitializedSuperclass.key 
546678     DEBUG main            d.u.i.k.p.i.AbstractProblemLoader Environment load took 55.3ns 
546679     INFO  main            d.u.i.k.p.i.AbstractProblemLoader Creating init config 
546697     WARN  main            d.u.i.k.j.r.KeYCrossReferenceNameInfo Datatype java.io.PrintStream declared twice: Once in FILE:/home/runner/work/key/key/key.core/../key.ui/examples/standard_key/staticInitialisation/classpath/PrintStream.java and once in URL:file:/home/runner/work/key/key/key.core/build/resources/main/de/uka/ilkd/key/java/JavaRedux/java/io/PrintStream.java, Keeping one from URL:file:/home/runner/work/key/key/key.core/build/resources/main/de/uka/ilkd/key/java/JavaRedux/java/io/PrintStream.java 
546697     WARN  main            d.u.i.k.j.r.KeYCrossReferenceNameInfo Datatype java.lang.System declared twice: Once in FILE:/home/runner/work/key/key/key.core/../key.ui/examples/standard_key/staticInitialisation/classpath/System.java and once in URL:file:/home/runner/work/key/key/key.core/build/resources/main/de/uka/ilkd/key/java/JavaRedux/java/lang/System.java, Keeping one from URL:file:/home/runner/work/key/key/key.core/build/resources/main/de/uka/ilkd/key/java/JavaRedux/java/lang/System.java 
549033     DEBUG main            d.u.i.k.p.i.AbstractProblemLoader Init config took 2.35s 
549046     INFO  main            d.u.i.k.p.i.AbstractProblemLoader Replaying proof initializedSubclassImpliesInitializedSuperclass.key 
549047     DEBUG main            d.u.i.k.p.i.IntermediateProofReplayer Proof replay took 2.4ns 
549148     INFO  main            d.u.i.k.p.r.p.TestFile    ... finished proof: closed. 
549636     INFO  main            d.u.i.k.p.i.AbstractProblemLoader Loading environment from /home/runner/work/key/key/key.core/../key.ui/examples/standard_key/staticInitialisation/initializedSubclassImpliesInitializedSuperclass.key.proof 
549637     DEBUG main            d.u.i.k.p.i.AbstractProblemLoader Environment load took 311.7ns 
549638     INFO  main            d.u.i.k.p.i.AbstractProblemLoader Creating init config 
549656     WARN  main            d.u.i.k.j.r.KeYCrossReferenceNameInfo Datatype java.io.PrintStream declared twice: Once in FILE:/home/runner/work/key/key/key.core/../key.ui/examples/standard_key/staticInitialisation/classpath/PrintStream.java and once in URL:file:/home/runner/work/key/key/key.core/build/resources/main/de/uka/ilkd/key/java/JavaRedux/java/io/PrintStream.java, Keeping one from URL:file:/home/runner/work/key/key/key.core/build/resources/main/de/uka/ilkd/key/java/JavaRedux/java/io/PrintStream.java 
549656     WARN  main            d.u.i.k.j.r.KeYCrossReferenceNameInfo Datatype java.lang.System declared twice: Once in FILE:/home/runner/work/key/key/key.core/../key.ui/examples/standard_key/staticInitialisation/classpath/System.java and once in URL:file:/home/runner/work/key/key/key.core/build/resources/main/de/uka/ilkd/key/java/JavaRedux/java/lang/System.java, Keeping one from URL:file:/home/runner/work/key/key/key.core/build/resources/main/de/uka/ilkd/key/java/JavaRedux/java/lang/System.java 
551965     DEBUG main            d.u.i.k.p.i.AbstractProblemLoader Init config took 2.33s 
551978     INFO  main            d.u.i.k.p.i.AbstractProblemLoader Replaying proof initializedSubclassImpliesInitializedSuperclass.key.proof 
551979     DEBUG main            d.u.i.k.p.i.IntermediateProofReplayer Proof replay took 318.3ns 
551981     DEBUG main            d.u.i.k.p.r.p.TestFile    ... success: reloaded. 
551982     INFO  main            d.u.i.k.p.r.p.TestFile    Now processing file /home/runner/work/key/key/key.core/../key.ui/examples/standard_key/staticInitialisation/localDeclared.key 
551982     INFO  main            d.u.i.k.p.i.AbstractProblemLoader Loading environment from /home/runner/work/key/key/key.core/../key.ui/examples/standard_key/staticInitialisation/localDeclared.key 
551982     DEBUG main            d.u.i.k.p.i.AbstractProblemLoader Environment load took 55.6ns 
551983     INFO  main            d.u.i.k.p.i.AbstractProblemLoader Creating init config 
552001     WARN  main            d.u.i.k.j.r.KeYCrossReferenceNameInfo Datatype java.io.PrintStream declared twice: Once in FILE:/home/runner/work/key/key/key.core/../key.ui/examples/standard_key/staticInitialisation/classpath/PrintStream.java and once in URL:file:/home/runner/work/key/key/key.core/build/resources/main/de/uka/ilkd/key/java/JavaRedux/java/io/PrintStream.java, Keeping one from URL:file:/home/runner/work/key/key/key.core/build/resources/main/de/uka/ilkd/key/java/JavaRedux/java/io/PrintStream.java 
552001     WARN  main            d.u.i.k.j.r.KeYCrossReferenceNameInfo Datatype java.lang.System declared twice: Once in FILE:/home/runner/work/key/key/key.core/../key.ui/examples/standard_key/staticInitialisation/classpath/System.java and once in URL:file:/home/runner/work/key/key/key.core/build/resources/main/de/uka/ilkd/key/java/JavaRedux/java/lang/System.java, Keeping one from URL:file:/home/runner/work/key/key/key.core/build/resources/main/de/uka/ilkd/key/java/JavaRedux/java/lang/System.java 
554333     DEBUG main            d.u.i.k.p.i.AbstractProblemLoader Init config took 2.35s 
554347     INFO  main            d.u.i.k.p.i.AbstractProblemLoader Replaying proof localDeclared.key 
554348     DEBUG main            d.u.i.k.p.i.IntermediateProofReplayer Proof replay took 2.8ns 
554651     INFO  main            d.u.i.k.p.r.p.TestFile    ... finished proof: closed. 
555150     INFO  main            d.u.i.k.p.i.AbstractProblemLoader Loading environment from /home/runner/work/key/key/key.core/../key.ui/examples/standard_key/staticInitialisation/localDeclared.key.proof 
555150     DEBUG main            d.u.i.k.p.i.AbstractProblemLoader Environment load took 86.1ns 
555152     INFO  main            d.u.i.k.p.i.AbstractProblemLoader Creating init config 
555170     WARN  main            d.u.i.k.j.r.KeYCrossReferenceNameInfo Datatype java.io.PrintStream declared twice: Once in FILE:/home/runner/work/key/key/key.core/../key.ui/examples/standard_key/staticInitialisation/classpath/PrintStream.java and once in URL:file:/home/runner/work/key/key/key.core/build/resources/main/de/uka/ilkd/key/java/JavaRedux/java/io/PrintStream.java, Keeping one from URL:file:/home/runner/work/key/key/key.core/build/resources/main/de/uka/ilkd/key/java/JavaRedux/java/io/PrintStream.java 
555170     WARN  main            d.u.i.k.j.r.KeYCrossReferenceNameInfo Datatype java.lang.System declared twice: Once in FILE:/home/runner/work/key/key/key.core/../key.ui/examples/standard_key/staticInitialisation/classpath/System.java and once in URL:file:/home/runner/work/key/key/key.core/build/resources/main/de/uka/ilkd/key/java/JavaRedux/java/lang/System.java, Keeping one from URL:file:/home/runner/work/key/key/key.core/build/resources/main/de/uka/ilkd/key/java/JavaRedux/java/lang/System.java 
557555     DEBUG main            d.u.i.k.p.i.AbstractProblemLoader Init config took 2.4s 
557569     INFO  main            d.u.i.k.p.i.AbstractProblemLoader Replaying proof localDeclared.key.proof 
557616     DEBUG main            d.u.i.k.p.i.IntermediateProofReplayer Proof replay took 44.69ms 
557617     DEBUG main            d.u.i.k.p.r.p.TestFile    ... success: reloaded. 
557618     INFO  main            d.u.i.k.p.r.p.TestFile    Now processing file /home/runner/work/key/key/key.core/../key.ui/examples/standard_key/staticInitialisation/localDeclaredMethod.key 
557618     INFO  main            d.u.i.k.p.i.AbstractProblemLoader Loading environment from /home/runner/work/key/key/key.core/../key.ui/examples/standard_key/staticInitialisation/localDeclaredMethod.key 
557618     DEBUG main            d.u.i.k.p.i.AbstractProblemLoader Environment load took 207.6ns 
557620     INFO  main            d.u.i.k.p.i.AbstractProblemLoader Creating init config 
557639     WARN  main            d.u.i.k.j.r.KeYCrossReferenceNameInfo Datatype java.io.PrintStream declared twice: Once in FILE:/home/runner/work/key/key/key.core/../key.ui/examples/standard_key/staticInitialisation/classpath/PrintStream.java and once in URL:file:/home/runner/work/key/key/key.core/build/resources/main/de/uka/ilkd/key/java/JavaRedux/java/io/PrintStream.java, Keeping one from URL:file:/home/runner/work/key/key/key.core/build/resources/main/de/uka/ilkd/key/java/JavaRedux/java/io/PrintStream.java 
557639     WARN  main            d.u.i.k.j.r.KeYCrossReferenceNameInfo Datatype java.lang.System declared twice: Once in FILE:/home/runner/work/key/key/key.core/../key.ui/examples/standard_key/staticInitialisation/classpath/System.java and once in URL:file:/home/runner/work/key/key/key.core/build/resources/main/de/uka/ilkd/key/java/JavaRedux/java/lang/System.java, Keeping one from URL:file:/home/runner/work/key/key/key.core/build/resources/main/de/uka/ilkd/key/java/JavaRedux/java/lang/System.java 
560073     DEBUG main            d.u.i.k.p.i.AbstractProblemLoader Init config took 2.45s 
560088     INFO  main            d.u.i.k.p.i.AbstractProblemLoader Replaying proof localDeclaredMethod.key 
560089     DEBUG main            d.u.i.k.p.i.IntermediateProofReplayer Proof replay took 3.1ns 
560292     INFO  main            d.u.i.k.p.r.p.TestFile    ... finished proof: closed. 
560812     INFO  main            d.u.i.k.p.i.AbstractProblemLoader Loading environment from /home/runner/work/key/key/key.core/../key.ui/examples/standard_key/staticInitialisation/localDeclaredMethod.key.proof 
560812     DEBUG main            d.u.i.k.p.i.AbstractProblemLoader Environment load took 95.3ns 
560813     INFO  main            d.u.i.k.p.i.AbstractProblemLoader Creating init config 
560832     WARN  main            d.u.i.k.j.r.KeYCrossReferenceNameInfo Datatype java.io.PrintStream declared twice: Once in FILE:/home/runner/work/key/key/key.core/../key.ui/examples/standard_key/staticInitialisation/classpath/PrintStream.java and once in URL:file:/home/runner/work/key/key/key.core/build/resources/main/de/uka/ilkd/key/java/JavaRedux/java/io/PrintStream.java, Keeping one from URL:file:/home/runner/work/key/key/key.core/build/resources/main/de/uka/ilkd/key/java/JavaRedux/java/io/PrintStream.java 
560832     WARN  main            d.u.i.k.j.r.KeYCrossReferenceNameInfo Datatype java.lang.System declared twice: Once in FILE:/home/runner/work/key/key/key.core/../key.ui/examples/standard_key/staticInitialisation/classpath/System.java and once in URL:file:/home/runner/work/key/key/key.core/build/resources/main/de/uka/ilkd/key/java/JavaRedux/java/lang/System.java, Keeping one from URL:file:/home/runner/work/key/key/key.core/build/resources/main/de/uka/ilkd/key/java/JavaRedux/java/lang/System.java 
563224     DEBUG main            d.u.i.k.p.i.AbstractProblemLoader Init config took 2.41s 
563237     INFO  main            d.u.i.k.p.i.AbstractProblemLoader Replaying proof localDeclaredMethod.key.proof 
563277     DEBUG main            d.u.i.k.p.i.IntermediateProofReplayer Proof replay took 37.39ms 
563278     DEBUG main            d.u.i.k.p.r.p.TestFile    ... success: reloaded. 
563278     INFO  main            d.u.i.k.p.r.p.TestFile    Now processing file /home/runner/work/key/key/key.core/../key.ui/examples/standard_key/staticInitialisation/objectOfErroneousClass.key 
563279     INFO  main            d.u.i.k.p.i.AbstractProblemLoader Loading environment from /home/runner/work/key/key/key.core/../key.ui/examples/standard_key/staticInitialisation/objectOfErroneousClass.key 
563279     DEBUG main            d.u.i.k.p.i.AbstractProblemLoader Environment load took 87.4ns 
563280     INFO  main            d.u.i.k.p.i.AbstractProblemLoader Creating init config 
563298     WARN  main            d.u.i.k.j.r.KeYCrossReferenceNameInfo Datatype java.io.PrintStream declared twice: Once in FILE:/home/runner/work/key/key/key.core/../key.ui/examples/standard_key/staticInitialisation/classpath/PrintStream.java and once in URL:file:/home/runner/work/key/key/key.core/build/resources/main/de/uka/ilkd/key/java/JavaRedux/java/io/PrintStream.java, Keeping one from URL:file:/home/runner/work/key/key/key.core/build/resources/main/de/uka/ilkd/key/java/JavaRedux/java/io/PrintStream.java 
563298     WARN  main            d.u.i.k.j.r.KeYCrossReferenceNameInfo Datatype java.lang.System declared twice: Once in FILE:/home/runner/work/key/key/key.core/../key.ui/examples/standard_key/staticInitialisation/classpath/System.java and once in URL:file:/home/runner/work/key/key/key.core/build/resources/main/de/uka/ilkd/key/java/JavaRedux/java/lang/System.java, Keeping one from URL:file:/home/runner/work/key/key/key.core/build/resources/main/de/uka/ilkd/key/java/JavaRedux/java/lang/System.java 
565660     DEBUG main            d.u.i.k.p.i.AbstractProblemLoader Init config took 2.38s 
565675     INFO  main            d.u.i.k.p.i.AbstractProblemLoader Replaying proof objectOfErroneousClass.key 
565677     DEBUG main            d.u.i.k.p.i.IntermediateProofReplayer Proof replay took 3.9ns 
577716     INFO  main            d.u.i.k.p.r.p.TestFile    ... finished proof: closed. 
578320     INFO  main            d.u.i.k.p.i.AbstractProblemLoader Loading environment from /home/runner/work/key/key/key.core/../key.ui/examples/standard_key/staticInitialisation/objectOfErroneousClass.key.proof 
578321     DEBUG main            d.u.i.k.p.i.AbstractProblemLoader Environment load took 366.2ns 
578327     INFO  main            d.u.i.k.p.i.AbstractProblemLoader Creating init config 
578347     WARN  main            d.u.i.k.j.r.KeYCrossReferenceNameInfo Datatype java.io.PrintStream declared twice: Once in FILE:/home/runner/work/key/key/key.core/../key.ui/examples/standard_key/staticInitialisation/classpath/PrintStream.java and once in URL:file:/home/runner/work/key/key/key.core/build/resources/main/de/uka/ilkd/key/java/JavaRedux/java/io/PrintStream.java, Keeping one from URL:file:/home/runner/work/key/key/key.core/build/resources/main/de/uka/ilkd/key/java/JavaRedux/java/io/PrintStream.java 
578347     WARN  main            d.u.i.k.j.r.KeYCrossReferenceNameInfo Datatype java.lang.System declared twice: Once in FILE:/home/runner/work/key/key/key.core/../key.ui/examples/standard_key/staticInitialisation/classpath/System.java and once in URL:file:/home/runner/work/key/key/key.core/build/resources/main/de/uka/ilkd/key/java/JavaRedux/java/lang/System.java, Keeping one from URL:file:/home/runner/work/key/key/key.core/build/resources/main/de/uka/ilkd/key/java/JavaRedux/java/lang/System.java 
580668     DEBUG main            d.u.i.k.p.i.AbstractProblemLoader Init config took 2.34s 
580683     INFO  main            d.u.i.k.p.i.AbstractProblemLoader Replaying proof objectOfErroneousClass.key.proof 
582065     DEBUG main            d.u.i.k.p.i.IntermediateProofReplayer Proof replay took 1.36s 
582068     DEBUG main            d.u.i.k.p.r.p.TestFile    ... success: reloaded. 
582069     INFO  main            d.u.i.k.p.r.p.TestFile    Now processing file /home/runner/work/key/key/key.core/../key.ui/examples/standard_key/staticInitialisation/staticInitialisersAreNonSimple.key 
582070     INFO  main            d.u.i.k.p.i.AbstractProblemLoader Loading environment from /home/runner/work/key/key/key.core/../key.ui/examples/standard_key/staticInitialisation/staticInitialisersAreNonSimple.key 
582070     DEBUG main            d.u.i.k.p.i.AbstractProblemLoader Environment load took 50.6ns 
582071     INFO  main            d.u.i.k.p.i.AbstractProblemLoader Creating init config 
582089     WARN  main            d.u.i.k.j.r.KeYCrossReferenceNameInfo Datatype java.io.PrintStream declared twice: Once in FILE:/home/runner/work/key/key/key.core/../key.ui/examples/standard_key/staticInitialisation/classpath/PrintStream.java and once in URL:file:/home/runner/work/key/key/key.core/build/resources/main/de/uka/ilkd/key/java/JavaRedux/java/io/PrintStream.java, Keeping one from URL:file:/home/runner/work/key/key/key.core/build/resources/main/de/uka/ilkd/key/java/JavaRedux/java/io/PrintStream.java 
582089     WARN  main            d.u.i.k.j.r.KeYCrossReferenceNameInfo Datatype java.lang.System declared twice: Once in FILE:/home/runner/work/key/key/key.core/../key.ui/examples/standard_key/staticInitialisation/classpath/System.java and once in URL:file:/home/runner/work/key/key/key.core/build/resources/main/de/uka/ilkd/key/java/JavaRedux/java/lang/System.java, Keeping one from URL:file:/home/runner/work/key/key/key.core/build/resources/main/de/uka/ilkd/key/java/JavaRedux/java/lang/System.java 
584479     DEBUG main            d.u.i.k.p.i.AbstractProblemLoader Init config took 2.41s 
584498     INFO  main            d.u.i.k.p.i.AbstractProblemLoader Replaying proof staticInitialisersAreNonSimple.key 
584499     DEBUG main            d.u.i.k.p.i.IntermediateProofReplayer Proof replay took 2.6ns 
584802     INFO  main            d.u.i.k.p.r.p.TestFile    ... finished proof: closed. 
585410     INFO  main            d.u.i.k.p.i.AbstractProblemLoader Loading environment from /home/runner/work/key/key/key.core/../key.ui/examples/standard_key/staticInitialisation/staticInitialisersAreNonSimple.key.proof 
585410     DEBUG main            d.u.i.k.p.i.AbstractProblemLoader Environment load took 82.8ns 
585412     INFO  main            d.u.i.k.p.i.AbstractProblemLoader Creating init config 
585430     WARN  main            d.u.i.k.j.r.KeYCrossReferenceNameInfo Datatype java.io.PrintStream declared twice: Once in FILE:/home/runner/work/key/key/key.core/../key.ui/examples/standard_key/staticInitialisation/classpath/PrintStream.java and once in URL:file:/home/runner/work/key/key/key.core/build/resources/main/de/uka/ilkd/key/java/JavaRedux/java/io/PrintStream.java, Keeping one from URL:file:/home/runner/work/key/key/key.core/build/resources/main/de/uka/ilkd/key/java/JavaRedux/java/io/PrintStream.java 
585431     WARN  main            d.u.i.k.j.r.KeYCrossReferenceNameInfo Datatype java.lang.System declared twice: Once in FILE:/home/runner/work/key/key/key.core/../key.ui/examples/standard_key/staticInitialisation/classpath/System.java and once in URL:file:/home/runner/work/key/key/key.core/build/resources/main/de/uka/ilkd/key/java/JavaRedux/java/lang/System.java, Keeping one from URL:file:/home/runner/work/key/key/key.core/build/resources/main/de/uka/ilkd/key/java/JavaRedux/java/lang/System.java 
587748     DEBUG main            d.u.i.k.p.i.AbstractProblemLoader Init config took 2.34s 
587763     INFO  main            d.u.i.k.p.i.AbstractProblemLoader Replaying proof staticInitialisersAreNonSimple.key.proof 
587819     DEBUG main            d.u.i.k.p.i.IntermediateProofReplayer Proof replay took 53.56ms 
587820     DEBUG main            d.u.i.k.p.r.p.TestFile    ... success: reloaded. 
587821     INFO  main            d.u.i.k.p.r.p.TestFile    Now processing file /home/runner/work/key/key/key.core/../key.ui/examples/standard_key/types/disjoint.key 
587821     INFO  main            d.u.i.k.p.i.AbstractProblemLoader Loading environment from /home/runner/work/key/key/key.core/../key.ui/examples/standard_key/types/disjoint.key 
587821     DEBUG main            d.u.i.k.p.i.AbstractProblemLoader Environment load took 83.9ns 
587822     INFO  main            d.u.i.k.p.i.AbstractProblemLoader Creating init config 
590130     DEBUG main            d.u.i.k.p.i.AbstractProblemLoader Init config took 2.31s 
590143     INFO  main            d.u.i.k.p.i.AbstractProblemLoader Replaying proof disjoint.key 
590144     DEBUG main            d.u.i.k.p.i.IntermediateProofReplayer Proof replay took 2.4ns 
590245     INFO  main            d.u.i.k.p.r.p.TestFile    ... finished proof: closed. 
590785     INFO  main            d.u.i.k.p.i.AbstractProblemLoader Loading environment from /home/runner/work/key/key/key.core/../key.ui/examples/standard_key/types/disjoint.key.proof 
590785     DEBUG main            d.u.i.k.p.i.AbstractProblemLoader Environment load took 121.7ns 
590786     INFO  main            d.u.i.k.p.i.AbstractProblemLoader Creating init config 
593072     DEBUG main            d.u.i.k.p.i.AbstractProblemLoader Init config took 2.29s 
593085     INFO  main            d.u.i.k.p.i.AbstractProblemLoader Replaying proof disjoint.key.proof 
593089     DEBUG main            d.u.i.k.p.i.IntermediateProofReplayer Proof replay took 281.9ns 
593089     DEBUG main            d.u.i.k.p.r.p.TestFile    ... success: reloaded. 
593090     INFO  main            d.u.i.k.p.r.p.TestFile    Now processing file /home/runner/work/key/key/key.core/../key.ui/examples/../../key.core/src/test/resources/testcase/classpath/classpath.key 
593090     INFO  main            d.u.i.k.p.i.AbstractProblemLoader Loading environment from /home/runner/work/key/key/key.core/../key.ui/examples/../../key.core/src/test/resources/testcase/classpath/classpath.key 
593090     DEBUG main            d.u.i.k.p.i.AbstractProblemLoader Environment load took 115.8ns 
593091     INFO  main            d.u.i.k.p.i.AbstractProblemLoader Creating init config 
593111     WARN  main            d.u.i.k.j.r.KeYCrossReferenceNameInfo Datatype cp.C declared twice: Once in FILE:/home/runner/work/key/key/key.core/../key.ui/examples/../../key.core/src/test/resources/testcase/classpath/classpath/C.class and once in FILE:/home/runner/work/key/key/key.core/../key.ui/examples/../../key.core/src/test/resources/testcase/classpath/classpath/C.jml, Keeping one from FILE:/home/runner/work/key/key/key.core/../key.ui/examples/../../key.core/src/test/resources/testcase/classpath/classpath/C.jml 
593114     DEBUG main            d.u.i.k.j.r.ClassFileDeclarationBuilder Parsing: package cp; public class Unresolved1 { } 
593114     DEBUG main            r.s.KeYCrossReferenceSourceInfo Dynamically created class: cp.Unresolved1 
593114     DEBUG main            d.u.i.k.j.r.ClassFileDeclarationBuilder Parsing: package cp; public class Unresolved2 { } 
593114     DEBUG main            r.s.KeYCrossReferenceSourceInfo Dynamically created class: cp.Unresolved2 
595595     DEBUG main            d.u.i.k.p.i.AbstractProblemLoader Init config took 2.5s 
595610     INFO  main            d.u.i.k.p.i.AbstractProblemLoader Replaying proof classpath.key 
595612     DEBUG main            d.u.i.k.p.i.IntermediateProofReplayer Proof replay took 2.3ns 
595714     INFO  main            d.u.i.k.p.r.p.TestFile    ... finished proof: closed. 
596248     INFO  main            d.u.i.k.p.i.AbstractProblemLoader Loading environment from /home/runner/work/key/key/key.core/../key.ui/examples/../../key.core/src/test/resources/testcase/classpath/classpath.key.proof 
596248     DEBUG main            d.u.i.k.p.i.AbstractProblemLoader Environment load took 80.6ns 
596250     INFO  main            d.u.i.k.p.i.AbstractProblemLoader Creating init config 
596273     WARN  main            d.u.i.k.j.r.KeYCrossReferenceNameInfo Datatype cp.C declared twice: Once in FILE:/home/runner/work/key/key/key.core/../key.ui/examples/../../key.core/src/test/resources/testcase/classpath/classpath/C.class and once in FILE:/home/runner/work/key/key/key.core/../key.ui/examples/../../key.core/src/test/resources/testcase/classpath/classpath/C.jml, Keeping one from FILE:/home/runner/work/key/key/key.core/../key.ui/examples/../../key.core/src/test/resources/testcase/classpath/classpath/C.jml 
596276     DEBUG main            d.u.i.k.j.r.ClassFileDeclarationBuilder Parsing: package cp; public class Unresolved1 { } 
596276     DEBUG main            r.s.KeYCrossReferenceSourceInfo Dynamically created class: cp.Unresolved1 
596276     DEBUG main            d.u.i.k.j.r.ClassFileDeclarationBuilder Parsing: package cp; public class Unresolved2 { } 
596276     DEBUG main            r.s.KeYCrossReferenceSourceInfo Dynamically created class: cp.Unresolved2 
598673     DEBUG main            d.u.i.k.p.i.AbstractProblemLoader Init config took 2.42s 
598688     INFO  main            d.u.i.k.p.i.AbstractProblemLoader Replaying proof classpath.key.proof 
598690     DEBUG main            d.u.i.k.p.i.IntermediateProofReplayer Proof replay took 447.3ns 
598691     DEBUG main            d.u.i.k.p.r.p.TestFile    ... success: reloaded. 
598691     INFO  main            d.u.i.k.p.r.p.TestFile    Now processing file /home/runner/work/key/key/key.core/../key.ui/examples/heap/inconsistent_represents/MyClass_m.key 
598692     INFO  main            d.u.i.k.p.i.AbstractProblemLoader Loading environment from /home/runner/work/key/key/key.core/../key.ui/examples/heap/inconsistent_represents/MyClass_m.key 
598692     DEBUG main            d.u.i.k.p.i.AbstractProblemLoader Environment load took 74.8ns 
598692     INFO  main            d.u.i.k.p.i.AbstractProblemLoader Creating init config 
601102     DEBUG main            d.u.i.k.p.i.AbstractProblemLoader Init config took 2.41s 
601137     INFO  main            d.u.i.k.p.i.AbstractProblemLoader Replaying proof MyClass[MyClass::m()].JML operation contract.0 
601138     DEBUG main            d.u.i.k.p.i.IntermediateProofReplayer Proof replay took 3.1ns 
601240     INFO  main            d.u.i.k.p.r.p.TestFile    ... finished proof: open goal(s) 
601817     INFO  main            d.u.i.k.p.r.p.TestFile    Now processing file /home/runner/work/key/key/key.core/../key.ui/examples/heap/inconsistent_represents/MyClass_n.key 
601818     INFO  main            d.u.i.k.p.i.AbstractProblemLoader Loading environment from /home/runner/work/key/key/key.core/../key.ui/examples/heap/inconsistent_represents/MyClass_n.key 
601818     DEBUG main            d.u.i.k.p.i.AbstractProblemLoader Environment load took 69.9ns 
601818     INFO  main            d.u.i.k.p.i.AbstractProblemLoader Creating init config 
604181     DEBUG main            d.u.i.k.p.i.AbstractProblemLoader Init config took 2.36s 
604214     INFO  main            d.u.i.k.p.i.AbstractProblemLoader Replaying proof MyClass[MyClass::n()].JML operation contract.0 
604215     DEBUG main            d.u.i.k.p.i.IntermediateProofReplayer Proof replay took 3.8ns 
604317     INFO  main            d.u.i.k.p.r.p.TestFile    ... finished proof: open goal(s) 
3458676    INFO  Test worker     d.u.i.k.p.r.RunAllProofsTestUnit Returning from test javadl 
3458683    INFO  Test worker     d.u.i.k.p.r.RunAllProofsTestUnit Running test FOL 
336        INFO  Timeout watchdog d.u.i.k.p.r.p.ForkedTestFileRunner Timeout watcher launched (2000 secs.) 
358        WARN  main            d.u.i.k.s.ProofSettings   The settings in /home/runner/.key/proof-settings.props are *not* read. 
389        INFO  main            d.u.i.k.p.r.p.TestFile    Now processing file /home/runner/work/key/key/key.core/../key.ui/examples/standard_key/pred_log/count.key 
503        INFO  main            d.u.i.k.p.i.AbstractProblemLoader Loading environment from /home/runner/work/key/key/key.core/../key.ui/examples/standard_key/pred_log/count.key 
519        DEBUG main            d.u.i.k.p.i.AbstractProblemLoader Environment load took 2.06ms 
759        INFO  main            d.u.i.k.p.i.AbstractProblemLoader Creating init config 
1590       DEBUG main            d.u.i.k.j.TypeConverter   No LDT found for Meta 
1591       DEBUG main            d.u.i.k.j.TypeConverter   No LDT found for Meta 
1592       DEBUG main            d.u.i.k.j.TypeConverter   No LDT found for Meta 
1593       DEBUG main            d.u.i.k.j.TypeConverter   No LDT found for Meta 
2882       DEBUG main            d.u.i.k.j.TypeConverter   No LDT found for JavaBigintExpression 
7877       DEBUG main            d.u.i.k.p.i.AbstractProblemLoader Init config took 7.12s 
7936       INFO  main            d.u.i.k.p.i.AbstractProblemLoader Replaying proof count.key 
7966       DEBUG main            d.u.i.k.p.i.IntermediateProofReplayer Proof replay took 34.7ns 
8125       INFO  main            d.u.i.k.p.r.p.TestFile    ... finished proof: closed. 
8227       INFO  main            d.u.i.k.p.i.AbstractProblemLoader Loading environment from /home/runner/work/key/key/key.core/../key.ui/examples/standard_key/pred_log/count.key.proof 
8228       DEBUG main            d.u.i.k.p.i.AbstractProblemLoader Environment load took 1.06ms 
8232       INFO  main            d.u.i.k.p.i.AbstractProblemLoader Creating init config 
11052      DEBUG main            d.u.i.k.p.i.AbstractProblemLoader Init config took 2.82s 
11082      INFO  main            d.u.i.k.p.i.AbstractProblemLoader Replaying proof count.key.proof 
11092      DEBUG main            d.u.i.k.p.i.IntermediateProofReplayer Proof replay took 5.51ms 
11102      DEBUG main            d.u.i.k.p.r.p.TestFile    ... success: reloaded. 
11103      INFO  main            d.u.i.k.p.r.p.TestFile    Now processing file /home/runner/work/key/key/key.core/../key.ui/examples/standard_key/pred_log/count2.key 
11103      INFO  main            d.u.i.k.p.i.AbstractProblemLoader Loading environment from /home/runner/work/key/key/key.core/../key.ui/examples/standard_key/pred_log/count2.key 
11103      DEBUG main            d.u.i.k.p.i.AbstractProblemLoader Environment load took 207.9ns 
11105      INFO  main            d.u.i.k.p.i.AbstractProblemLoader Creating init config 
13770      DEBUG main            d.u.i.k.p.i.AbstractProblemLoader Init config took 2.67s 
13807      INFO  main            d.u.i.k.p.i.AbstractProblemLoader Replaying proof count2.key 
13809      DEBUG main            d.u.i.k.p.i.IntermediateProofReplayer Proof replay took 6.7ns 
13912      INFO  main            d.u.i.k.p.r.p.TestFile    ... finished proof: closed. 
14030      INFO  main            d.u.i.k.p.i.AbstractProblemLoader Loading environment from /home/runner/work/key/key/key.core/../key.ui/examples/standard_key/pred_log/count2.key.proof 
14030      DEBUG main            d.u.i.k.p.i.AbstractProblemLoader Environment load took 155.8ns 
14032      INFO  main            d.u.i.k.p.i.AbstractProblemLoader Creating init config 
16666      DEBUG main            d.u.i.k.p.i.AbstractProblemLoader Init config took 2.63s 
16690      INFO  main            d.u.i.k.p.i.AbstractProblemLoader Replaying proof count2.key.proof 
16694      DEBUG main            d.u.i.k.p.i.IntermediateProofReplayer Proof replay took 2.24ms 
16695      DEBUG main            d.u.i.k.p.r.p.TestFile    ... success: reloaded. 
16696      INFO  main            d.u.i.k.p.r.p.TestFile    Now processing file /home/runner/work/key/key/key.core/../key.ui/examples/standard_key/pred_log/count3.key 
16696      INFO  main            d.u.i.k.p.i.AbstractProblemLoader Loading environment from /home/runner/work/key/key/key.core/../key.ui/examples/standard_key/pred_log/count3.key 
16696      DEBUG main            d.u.i.k.p.i.AbstractProblemLoader Environment load took 218.1ns 
16698      INFO  main            d.u.i.k.p.i.AbstractProblemLoader Creating init config 
19285      DEBUG main            d.u.i.k.p.i.AbstractProblemLoader Init config took 2.59s 
19306      INFO  main            d.u.i.k.p.i.AbstractProblemLoader Replaying proof count3.key 
19308      DEBUG main            d.u.i.k.p.i.IntermediateProofReplayer Proof replay took 6.8ns 
19411      INFO  main            d.u.i.k.p.r.p.TestFile    ... finished proof: closed. 
19544      INFO  main            d.u.i.k.p.i.AbstractProblemLoader Loading environment from /home/runner/work/key/key/key.core/../key.ui/examples/standard_key/pred_log/count3.key.proof 
19544      DEBUG main            d.u.i.k.p.i.AbstractProblemLoader Environment load took 128.8ns 
19545      INFO  main            d.u.i.k.p.i.AbstractProblemLoader Creating init config 
22110      DEBUG main            d.u.i.k.p.i.AbstractProblemLoader Init config took 2.56s 
22132      INFO  main            d.u.i.k.p.i.AbstractProblemLoader Replaying proof count3.key.proof 
22136      DEBUG main            d.u.i.k.p.i.IntermediateProofReplayer Proof replay took 2.14ms 
22137      DEBUG main            d.u.i.k.p.r.p.TestFile    ... success: reloaded. 
22138      INFO  main            d.u.i.k.p.r.p.TestFile    Now processing file /home/runner/work/key/key/key.core/../key.ui/examples/standard_key/pred_log/equalities.key 
22138      INFO  main            d.u.i.k.p.i.AbstractProblemLoader Loading environment from /home/runner/work/key/key/key.core/../key.ui/examples/standard_key/pred_log/equalities.key 
22138      DEBUG main            d.u.i.k.p.i.AbstractProblemLoader Environment load took 129.1ns 
22139      INFO  main            d.u.i.k.p.i.AbstractProblemLoader Creating init config 
24798      DEBUG main            d.u.i.k.p.i.AbstractProblemLoader Init config took 2.66s 
24818      INFO  main            d.u.i.k.p.i.AbstractProblemLoader Replaying proof equalities.key 
24819      DEBUG main            d.u.i.k.p.i.IntermediateProofReplayer Proof replay took 6.5ns 
24923      INFO  main            d.u.i.k.p.r.p.TestFile    ... finished proof: closed. 
25053      INFO  main            d.u.i.k.p.i.AbstractProblemLoader Loading environment from /home/runner/work/key/key/key.core/../key.ui/examples/standard_key/pred_log/equalities.key.proof 
25053      DEBUG main            d.u.i.k.p.i.AbstractProblemLoader Environment load took 127ns 
25055      INFO  main            d.u.i.k.p.i.AbstractProblemLoader Creating init config 
27592      DEBUG main            d.u.i.k.p.i.AbstractProblemLoader Init config took 2.54s 
27612      INFO  main            d.u.i.k.p.i.AbstractProblemLoader Replaying proof equalities.key.proof 
27616      DEBUG main            d.u.i.k.p.i.IntermediateProofReplayer Proof replay took 1.29ms 
27617      DEBUG main            d.u.i.k.p.r.p.TestFile    ... success: reloaded. 
27617      INFO  main            d.u.i.k.p.r.p.TestFile    Now processing file /home/runner/work/key/key/key.core/../key.ui/examples/standard_key/pred_log/equalities2.key 
27618      INFO  main            d.u.i.k.p.i.AbstractProblemLoader Loading environment from /home/runner/work/key/key/key.core/../key.ui/examples/standard_key/pred_log/equalities2.key 
27618      DEBUG main            d.u.i.k.p.i.AbstractProblemLoader Environment load took 100.4ns 
27619      INFO  main            d.u.i.k.p.i.AbstractProblemLoader Creating init config 
30163      DEBUG main            d.u.i.k.p.i.AbstractProblemLoader Init config took 2.54s 
30183      INFO  main            d.u.i.k.p.i.AbstractProblemLoader Replaying proof equalities2.key 
30185      DEBUG main            d.u.i.k.p.i.IntermediateProofReplayer Proof replay took 7ns 
30291      INFO  main            d.u.i.k.p.r.p.TestFile    ... finished proof: closed. 
30439      INFO  main            d.u.i.k.p.i.AbstractProblemLoader Loading environment from /home/runner/work/key/key/key.core/../key.ui/examples/standard_key/pred_log/equalities2.key.proof 
30439      DEBUG main            d.u.i.k.p.i.AbstractProblemLoader Environment load took 129.7ns 
30441      INFO  main            d.u.i.k.p.i.AbstractProblemLoader Creating init config 
32971      DEBUG main            d.u.i.k.p.i.AbstractProblemLoader Init config took 2.53s 
32989      INFO  main            d.u.i.k.p.i.AbstractProblemLoader Replaying proof equalities2.key.proof 
32994      DEBUG main            d.u.i.k.p.i.IntermediateProofReplayer Proof replay took 3.01ms 
32995      DEBUG main            d.u.i.k.p.r.p.TestFile    ... success: reloaded. 
32996      INFO  main            d.u.i.k.p.r.p.TestFile    Now processing file /home/runner/work/key/key/key.core/../key.ui/examples/standard_key/pred_log/equalities3.key 
32996      INFO  main            d.u.i.k.p.i.AbstractProblemLoader Loading environment from /home/runner/work/key/key/key.core/../key.ui/examples/standard_key/pred_log/equalities3.key 
32996      DEBUG main            d.u.i.k.p.i.AbstractProblemLoader Environment load took 223.6ns 
32997      INFO  main            d.u.i.k.p.i.AbstractProblemLoader Creating init config 
35530      DEBUG main            d.u.i.k.p.i.AbstractProblemLoader Init config took 2.53s 
35547      INFO  main            d.u.i.k.p.i.AbstractProblemLoader Replaying proof equalities3.key 
35549      DEBUG main            d.u.i.k.p.i.IntermediateProofReplayer Proof replay took 6.8ns 
35651      INFO  main            d.u.i.k.p.r.p.TestFile    ... finished proof: closed. 
35795      INFO  main            d.u.i.k.p.i.AbstractProblemLoader Loading environment from /home/runner/work/key/key/key.core/../key.ui/examples/standard_key/pred_log/equalities3.key.proof 
35795      DEBUG main            d.u.i.k.p.i.AbstractProblemLoader Environment load took 120.2ns 
35796      INFO  main            d.u.i.k.p.i.AbstractProblemLoader Creating init config 
38325      DEBUG main            d.u.i.k.p.i.AbstractProblemLoader Init config took 2.53s 
38342      INFO  main            d.u.i.k.p.i.AbstractProblemLoader Replaying proof equalities3.key.proof 
38349      DEBUG main            d.u.i.k.p.i.IntermediateProofReplayer Proof replay took 4.31ms 
38350      DEBUG main            d.u.i.k.p.r.p.TestFile    ... success: reloaded. 
38350      INFO  main            d.u.i.k.p.r.p.TestFile    Now processing file /home/runner/work/key/key/key.core/../key.ui/examples/standard_key/pred_log/functions.key 
38351      INFO  main            d.u.i.k.p.i.AbstractProblemLoader Loading environment from /home/runner/work/key/key/key.core/../key.ui/examples/standard_key/pred_log/functions.key 
38351      DEBUG main            d.u.i.k.p.i.AbstractProblemLoader Environment load took 177.4ns 
38353      INFO  main            d.u.i.k.p.i.AbstractProblemLoader Creating init config 
40882      DEBUG main            d.u.i.k.p.i.AbstractProblemLoader Init config took 2.53s 
40899      INFO  main            d.u.i.k.p.i.AbstractProblemLoader Replaying proof functions.key 
40901      DEBUG main            d.u.i.k.p.i.IntermediateProofReplayer Proof replay took 6.6ns 
41003      INFO  main            d.u.i.k.p.r.p.TestFile    ... finished proof: closed. 
41163      INFO  main            d.u.i.k.p.i.AbstractProblemLoader Loading environment from /home/runner/work/key/key/key.core/../key.ui/examples/standard_key/pred_log/functions.key.proof 
41163      DEBUG main            d.u.i.k.p.i.AbstractProblemLoader Environment load took 116.5ns 
41164      INFO  main            d.u.i.k.p.i.AbstractProblemLoader Creating init config 
43654      DEBUG main            d.u.i.k.p.i.AbstractProblemLoader Init config took 2.49s 
43671      INFO  main            d.u.i.k.p.i.AbstractProblemLoader Replaying proof functions.key.proof 
43675      DEBUG main            d.u.i.k.p.i.IntermediateProofReplayer Proof replay took 1.75ms 
43675      DEBUG main            d.u.i.k.p.r.p.TestFile    ... success: reloaded. 
43676      INFO  main            d.u.i.k.p.r.p.TestFile    Now processing file /home/runner/work/key/key/key.core/../key.ui/examples/standard_key/pred_log/mv1.key 
43676      INFO  main            d.u.i.k.p.i.AbstractProblemLoader Loading environment from /home/runner/work/key/key/key.core/../key.ui/examples/standard_key/pred_log/mv1.key 
43676      DEBUG main            d.u.i.k.p.i.AbstractProblemLoader Environment load took 78.3ns 
43677      INFO  main            d.u.i.k.p.i.AbstractProblemLoader Creating init config 
46220      DEBUG main            d.u.i.k.p.i.AbstractProblemLoader Init config took 2.54s 
46237      INFO  main            d.u.i.k.p.i.AbstractProblemLoader Replaying proof mv1.key 
46238      DEBUG main            d.u.i.k.p.i.IntermediateProofReplayer Proof replay took 6.5ns 
46343      INFO  main            d.u.i.k.p.r.p.TestFile    ... finished proof: closed. 
46496      INFO  main            d.u.i.k.p.i.AbstractProblemLoader Loading environment from /home/runner/work/key/key/key.core/../key.ui/examples/standard_key/pred_log/mv1.key.proof 
46496      DEBUG main            d.u.i.k.p.i.AbstractProblemLoader Environment load took 130.9ns 
46497      INFO  main            d.u.i.k.p.i.AbstractProblemLoader Creating init config 
48993      DEBUG main            d.u.i.k.p.i.AbstractProblemLoader Init config took 2.5s 
49010      INFO  main            d.u.i.k.p.i.AbstractProblemLoader Replaying proof mv1.key.proof 
49013      DEBUG main            d.u.i.k.p.i.IntermediateProofReplayer Proof replay took 774.61ns 
49013      DEBUG main            d.u.i.k.p.r.p.TestFile    ... success: reloaded. 
49014      INFO  main            d.u.i.k.p.r.p.TestFile    Now processing file /home/runner/work/key/key/key.core/../key.ui/examples/standard_key/pred_log/mv2.key 
49014      INFO  main            d.u.i.k.p.i.AbstractProblemLoader Loading environment from /home/runner/work/key/key/key.core/../key.ui/examples/standard_key/pred_log/mv2.key 
49014      DEBUG main            d.u.i.k.p.i.AbstractProblemLoader Environment load took 75.9ns 
49015      INFO  main            d.u.i.k.p.i.AbstractProblemLoader Creating init config 
51554      DEBUG main            d.u.i.k.p.i.AbstractProblemLoader Init config took 2.54s 
51577      INFO  main            d.u.i.k.p.i.AbstractProblemLoader Replaying proof mv2.key 
51578      DEBUG main            d.u.i.k.p.i.IntermediateProofReplayer Proof replay took 6.9ns 
51683      INFO  main            d.u.i.k.p.r.p.TestFile    ... finished proof: closed. 
51842      INFO  main            d.u.i.k.p.i.AbstractProblemLoader Loading environment from /home/runner/work/key/key/key.core/../key.ui/examples/standard_key/pred_log/mv2.key.proof 
51842      DEBUG main            d.u.i.k.p.i.AbstractProblemLoader Environment load took 127.1ns 
51843      INFO  main            d.u.i.k.p.i.AbstractProblemLoader Creating init config 
54293      DEBUG main            d.u.i.k.p.i.AbstractProblemLoader Init config took 2.45s 
54308      INFO  main            d.u.i.k.p.i.AbstractProblemLoader Replaying proof mv2.key.proof 
54311      DEBUG main            d.u.i.k.p.i.IntermediateProofReplayer Proof replay took 1.4ms 
54312      DEBUG main            d.u.i.k.p.r.p.TestFile    ... success: reloaded. 
54312      INFO  main            d.u.i.k.p.r.p.TestFile    Now processing file /home/runner/work/key/key/key.core/../key.ui/examples/standard_key/pred_log/quantifiers.key 
54313      INFO  main            d.u.i.k.p.i.AbstractProblemLoader Loading environment from /home/runner/work/key/key/key.core/../key.ui/examples/standard_key/pred_log/quantifiers.key 
54313      DEBUG main            d.u.i.k.p.i.AbstractProblemLoader Environment load took 91.8ns 
54314      INFO  main            d.u.i.k.p.i.AbstractProblemLoader Creating init config 
56843      DEBUG main            d.u.i.k.p.i.AbstractProblemLoader Init config took 2.53s 
56858      INFO  main            d.u.i.k.p.i.AbstractProblemLoader Replaying proof quantifiers.key 
56859      DEBUG main            d.u.i.k.p.i.IntermediateProofReplayer Proof replay took 7.1ns 
56963      INFO  main            d.u.i.k.p.r.p.TestFile    ... finished proof: closed. 
57128      INFO  main            d.u.i.k.p.i.AbstractProblemLoader Loading environment from /home/runner/work/key/key/key.core/../key.ui/examples/standard_key/pred_log/quantifiers.key.proof 
57128      DEBUG main            d.u.i.k.p.i.AbstractProblemLoader Environment load took 167.4ns 
57129      INFO  main            d.u.i.k.p.i.AbstractProblemLoader Creating init config 
59597      DEBUG main            d.u.i.k.p.i.AbstractProblemLoader Init config took 2.47s 
59612      INFO  main            d.u.i.k.p.i.AbstractProblemLoader Replaying proof quantifiers.key.proof 
59615      DEBUG main            d.u.i.k.p.i.IntermediateProofReplayer Proof replay took 1.82ms 
59616      DEBUG main            d.u.i.k.p.r.p.TestFile    ... success: reloaded. 
59617      INFO  main            d.u.i.k.p.r.p.TestFile    Now processing file /home/runner/work/key/key/key.core/../key.ui/examples/standard_key/pred_log/simpleEps.key 
59617      INFO  main            d.u.i.k.p.i.AbstractProblemLoader Loading environment from /home/runner/work/key/key/key.core/../key.ui/examples/standard_key/pred_log/simpleEps.key 
59617      DEBUG main            d.u.i.k.p.i.AbstractProblemLoader Environment load took 177ns 
59618      INFO  main            d.u.i.k.p.i.AbstractProblemLoader Creating init config 
62128      DEBUG main            d.u.i.k.p.i.AbstractProblemLoader Init config took 2.51s 
62143      INFO  main            d.u.i.k.p.i.AbstractProblemLoader Replaying proof simpleEps.key 
62144      DEBUG main            d.u.i.k.p.i.IntermediateProofReplayer Proof replay took 6.8ns 
62246      INFO  main            d.u.i.k.p.r.p.TestFile    ... finished proof: closed. 
62416      INFO  main            d.u.i.k.p.i.AbstractProblemLoader Loading environment from /home/runner/work/key/key/key.core/../key.ui/examples/standard_key/pred_log/simpleEps.key.proof 
62416      DEBUG main            d.u.i.k.p.i.AbstractProblemLoader Environment load took 115.8ns 
62417      INFO  main            d.u.i.k.p.i.AbstractProblemLoader Creating init config 
64922      DEBUG main            d.u.i.k.p.i.AbstractProblemLoader Init config took 2.5s 
64940      INFO  main            d.u.i.k.p.i.AbstractProblemLoader Replaying proof simpleEps.key.proof 
64944      DEBUG main            d.u.i.k.p.i.IntermediateProofReplayer Proof replay took 2.79ms 
64945      DEBUG main            d.u.i.k.p.r.p.TestFile    ... success: reloaded. 
64946      INFO  main            d.u.i.k.p.r.p.TestFile    Now processing file /home/runner/work/key/key/key.core/../key.ui/examples/standard_key/pred_log/steam1.key 
64946      INFO  main            d.u.i.k.p.i.AbstractProblemLoader Loading environment from /home/runner/work/key/key/key.core/../key.ui/examples/standard_key/pred_log/steam1.key 
64946      DEBUG main            d.u.i.k.p.i.AbstractProblemLoader Environment load took 170.9ns 
64948      INFO  main            d.u.i.k.p.i.AbstractProblemLoader Creating init config 
67447      DEBUG main            d.u.i.k.p.i.AbstractProblemLoader Init config took 2.5s 
67469      INFO  main            d.u.i.k.p.i.AbstractProblemLoader Replaying proof steam1.key 
67470      DEBUG main            d.u.i.k.p.i.IntermediateProofReplayer Proof replay took 7ns 
67778      INFO  main            d.u.i.k.p.r.p.TestFile    ... finished proof: closed. 
68012      INFO  main            d.u.i.k.p.i.AbstractProblemLoader Loading environment from /home/runner/work/key/key/key.core/../key.ui/examples/standard_key/pred_log/steam1.key.proof 
68013      DEBUG main            d.u.i.k.p.i.AbstractProblemLoader Environment load took 410.4ns 
68015      INFO  main            d.u.i.k.p.i.AbstractProblemLoader Creating init config 
70516      DEBUG main            d.u.i.k.p.i.AbstractProblemLoader Init config took 2.5s 
70537      INFO  main            d.u.i.k.p.i.AbstractProblemLoader Replaying proof steam1.key.proof 
70558      DEBUG main            d.u.i.k.p.i.IntermediateProofReplayer Proof replay took 16.91ms 
70560      DEBUG main            d.u.i.k.p.r.p.TestFile    ... success: reloaded. 
70561      INFO  main            d.u.i.k.p.r.p.TestFile    Now processing file /home/runner/work/key/key/key.core/../key.ui/examples/standard_key/pred_log/tptp/PUZ/PUZ001p1.key 
70561      INFO  main            d.u.i.k.p.i.AbstractProblemLoader Loading environment from /home/runner/work/key/key/key.core/../key.ui/examples/standard_key/pred_log/tptp/PUZ/PUZ001p1.key 
70561      DEBUG main            d.u.i.k.p.i.AbstractProblemLoader Environment load took 175.9ns 
70563      INFO  main            d.u.i.k.p.i.AbstractProblemLoader Creating init config 
73024      DEBUG main            d.u.i.k.p.i.AbstractProblemLoader Init config took 2.46s 
73041      INFO  main            d.u.i.k.p.i.AbstractProblemLoader Replaying proof PUZ001p1.key 
73043      DEBUG main            d.u.i.k.p.i.IntermediateProofReplayer Proof replay took 6.8ns 
75911      INFO  main            d.u.i.k.p.r.p.TestFile    ... finished proof: closed. 
76127      INFO  main            d.u.i.k.p.i.AbstractProblemLoader Loading environment from /home/runner/work/key/key/key.core/../key.ui/examples/standard_key/pred_log/tptp/PUZ/PUZ001p1.key.proof 
76128      DEBUG main            d.u.i.k.p.i.AbstractProblemLoader Environment load took 500.8ns 
76130      INFO  main            d.u.i.k.p.i.AbstractProblemLoader Creating init config 
78570      DEBUG main            d.u.i.k.p.i.AbstractProblemLoader Init config took 2.44s 
78587      INFO  main            d.u.i.k.p.i.AbstractProblemLoader Replaying proof PUZ001p1.key.proof 
78688      DEBUG main            d.u.i.k.p.i.IntermediateProofReplayer Proof replay took 93.9ms 
78690      DEBUG main            d.u.i.k.p.r.p.TestFile    ... success: reloaded. 
78690      INFO  main            d.u.i.k.p.r.p.TestFile    Now processing file /home/runner/work/key/key/key.core/../key.ui/examples/standard_key/pred_log/tptp/PUZ/PUZ001p1-eq.key 
78691      INFO  main            d.u.i.k.p.i.AbstractProblemLoader Loading environment from /home/runner/work/key/key/key.core/../key.ui/examples/standard_key/pred_log/tptp/PUZ/PUZ001p1-eq.key 
78691      DEBUG main            d.u.i.k.p.i.AbstractProblemLoader Environment load took 177.4ns 
78692      INFO  main            d.u.i.k.p.i.AbstractProblemLoader Creating init config 
81189      DEBUG main            d.u.i.k.p.i.AbstractProblemLoader Init config took 2.5s 
81204      INFO  main            d.u.i.k.p.i.AbstractProblemLoader Replaying proof PUZ001p1-eq.key 
81205      DEBUG main            d.u.i.k.p.i.IntermediateProofReplayer Proof replay took 6.4ns 
81311      INFO  main            d.u.i.k.p.r.p.TestFile    ... finished proof: closed. 
81580      INFO  main            d.u.i.k.p.i.AbstractProblemLoader Loading environment from /home/runner/work/key/key/key.core/../key.ui/examples/standard_key/pred_log/tptp/PUZ/PUZ001p1-eq.key.proof 
81580      DEBUG main            d.u.i.k.p.i.AbstractProblemLoader Environment load took 119.4ns 
81582      INFO  main            d.u.i.k.p.i.AbstractProblemLoader Creating init config 
84027      DEBUG main            d.u.i.k.p.i.AbstractProblemLoader Init config took 2.44s 
84044      INFO  main            d.u.i.k.p.i.AbstractProblemLoader Replaying proof PUZ001p1-eq.key.proof 
84064      DEBUG main            d.u.i.k.p.i.IntermediateProofReplayer Proof replay took 15.43ms 
84066      DEBUG main            d.u.i.k.p.r.p.TestFile    ... success: reloaded. 
84067      INFO  main            d.u.i.k.p.r.p.TestFile    Now processing file /home/runner/work/key/key/key.core/../key.ui/examples/standard_key/pred_log/tptp/PUZ/PUZ031p1.key 
84067      INFO  main            d.u.i.k.p.i.AbstractProblemLoader Loading environment from /home/runner/work/key/key/key.core/../key.ui/examples/standard_key/pred_log/tptp/PUZ/PUZ031p1.key 
84067      DEBUG main            d.u.i.k.p.i.AbstractProblemLoader Environment load took 173.1ns 
84068      INFO  main            d.u.i.k.p.i.AbstractProblemLoader Creating init config 
86539      DEBUG main            d.u.i.k.p.i.AbstractProblemLoader Init config took 2.47s 
86555      INFO  main            d.u.i.k.p.i.AbstractProblemLoader Replaying proof PUZ031p1.key 
86556      DEBUG main            d.u.i.k.p.i.IntermediateProofReplayer Proof replay took 6.6ns 
94583      INFO  main            d.u.i.k.p.r.p.TestFile    ... finished proof: closed. 
94793      INFO  main            d.u.i.k.p.i.AbstractProblemLoader Loading environment from /home/runner/work/key/key/key.core/../key.ui/examples/standard_key/pred_log/tptp/PUZ/PUZ031p1.key.proof 
94798      DEBUG main            d.u.i.k.p.i.AbstractProblemLoader Environment load took 4.85ms 
94800      INFO  main            d.u.i.k.p.i.AbstractProblemLoader Creating init config 
97223      DEBUG main            d.u.i.k.p.i.AbstractProblemLoader Init config took 2.42s 
97240      INFO  main            d.u.i.k.p.i.AbstractProblemLoader Replaying proof PUZ031p1.key.proof 
97283      DEBUG main            d.u.i.k.p.i.IntermediateProofReplayer Proof replay took 38.47ms 
97284      DEBUG main            d.u.i.k.p.r.p.TestFile    ... success: reloaded. 
97285      INFO  main            d.u.i.k.p.r.p.TestFile    Now processing file /home/runner/work/key/key/key.core/../key.ui/examples/standard_key/pred_log/tptp/SET/SET027p3.key 
97285      INFO  main            d.u.i.k.p.i.AbstractProblemLoader Loading environment from /home/runner/work/key/key/key.core/../key.ui/examples/standard_key/pred_log/tptp/SET/SET027p3.key 
97286      DEBUG main            d.u.i.k.p.i.AbstractProblemLoader Environment load took 196.3ns 
97287      INFO  main            d.u.i.k.p.i.AbstractProblemLoader Creating init config 
99789      DEBUG main            d.u.i.k.p.i.AbstractProblemLoader Init config took 2.5s 
99803      INFO  main            d.u.i.k.p.i.AbstractProblemLoader Replaying proof SET027p3.key 
99804      DEBUG main            d.u.i.k.p.i.IntermediateProofReplayer Proof replay took 7ns 
99906      INFO  main            d.u.i.k.p.r.p.TestFile    ... finished proof: closed. 
100121     INFO  main            d.u.i.k.p.i.AbstractProblemLoader Loading environment from /home/runner/work/key/key/key.core/../key.ui/examples/standard_key/pred_log/tptp/SET/SET027p3.key.proof 
100121     DEBUG main            d.u.i.k.p.i.AbstractProblemLoader Environment load took 134.2ns 
100123     INFO  main            d.u.i.k.p.i.AbstractProblemLoader Creating init config 
102558     DEBUG main            d.u.i.k.p.i.AbstractProblemLoader Init config took 2.43s 
102572     INFO  main            d.u.i.k.p.i.AbstractProblemLoader Replaying proof SET027p3.key.proof 
102580     DEBUG main            d.u.i.k.p.i.IntermediateProofReplayer Proof replay took 4.54ms 
102581     DEBUG main            d.u.i.k.p.r.p.TestFile    ... success: reloaded. 
102582     INFO  main            d.u.i.k.p.r.p.TestFile    Now processing file /home/runner/work/key/key/key.core/../key.ui/examples/standard_key/pred_log/tptp/SET/SET043p1.key 
102582     INFO  main            d.u.i.k.p.i.AbstractProblemLoader Loading environment from /home/runner/work/key/key/key.core/../key.ui/examples/standard_key/pred_log/tptp/SET/SET043p1.key 
102582     DEBUG main            d.u.i.k.p.i.AbstractProblemLoader Environment load took 85.4ns 
102583     INFO  main            d.u.i.k.p.i.AbstractProblemLoader Creating init config 
105014     DEBUG main            d.u.i.k.p.i.AbstractProblemLoader Init config took 2.43s 
105029     INFO  main            d.u.i.k.p.i.AbstractProblemLoader Replaying proof SET043p1.key 
105030     DEBUG main            d.u.i.k.p.i.IntermediateProofReplayer Proof replay took 8.4ns 
105132     INFO  main            d.u.i.k.p.r.p.TestFile    ... finished proof: closed. 
105343     INFO  main            d.u.i.k.p.i.AbstractProblemLoader Loading environment from /home/runner/work/key/key/key.core/../key.ui/examples/standard_key/pred_log/tptp/SET/SET043p1.key.proof 
105343     DEBUG main            d.u.i.k.p.i.AbstractProblemLoader Environment load took 187.1ns 
105344     INFO  main            d.u.i.k.p.i.AbstractProblemLoader Creating init config 
107783     DEBUG main            d.u.i.k.p.i.AbstractProblemLoader Init config took 2.44s 
107798     INFO  main            d.u.i.k.p.i.AbstractProblemLoader Replaying proof SET043p1.key.proof 
107800     DEBUG main            d.u.i.k.p.i.IntermediateProofReplayer Proof replay took 1.18ms 
107801     DEBUG main            d.u.i.k.p.r.p.TestFile    ... success: reloaded. 
107802     INFO  main            d.u.i.k.p.r.p.TestFile    Now processing file /home/runner/work/key/key/key.core/../key.ui/examples/standard_key/pred_log/tptp/SET/SET045p1.key 
107802     INFO  main            d.u.i.k.p.i.AbstractProblemLoader Loading environment from /home/runner/work/key/key/key.core/../key.ui/examples/standard_key/pred_log/tptp/SET/SET045p1.key 
107802     DEBUG main            d.u.i.k.p.i.AbstractProblemLoader Environment load took 86.8ns 
107803     INFO  main            d.u.i.k.p.i.AbstractProblemLoader Creating init config 
110268     DEBUG main            d.u.i.k.p.i.AbstractProblemLoader Init config took 2.46s 
110286     INFO  main            d.u.i.k.p.i.AbstractProblemLoader Replaying proof SET045p1.key 
110287     DEBUG main            d.u.i.k.p.i.IntermediateProofReplayer Proof replay took 38.6ns 
110389     INFO  main            d.u.i.k.p.r.p.TestFile    ... finished proof: closed. 
110603     INFO  main            d.u.i.k.p.i.AbstractProblemLoader Loading environment from /home/runner/work/key/key/key.core/../key.ui/examples/standard_key/pred_log/tptp/SET/SET045p1.key.proof 
110603     DEBUG main            d.u.i.k.p.i.AbstractProblemLoader Environment load took 115ns 
110604     INFO  main            d.u.i.k.p.i.AbstractProblemLoader Creating init config 
113017     DEBUG main            d.u.i.k.p.i.AbstractProblemLoader Init config took 2.41s 
113031     INFO  main            d.u.i.k.p.i.AbstractProblemLoader Replaying proof SET045p1.key.proof 
113035     DEBUG main            d.u.i.k.p.i.IntermediateProofReplayer Proof replay took 2.33ms 
113036     DEBUG main            d.u.i.k.p.r.p.TestFile    ... success: reloaded. 
113036     INFO  main            d.u.i.k.p.r.p.TestFile    Now processing file /home/runner/work/key/key/key.core/../key.ui/examples/standard_key/pred_log/tptp/SET/SET062p3.key 
113037     INFO  main            d.u.i.k.p.i.AbstractProblemLoader Loading environment from /home/runner/work/key/key/key.core/../key.ui/examples/standard_key/pred_log/tptp/SET/SET062p3.key 
113037     DEBUG main            d.u.i.k.p.i.AbstractProblemLoader Environment load took 125.1ns 
113038     INFO  main            d.u.i.k.p.i.AbstractProblemLoader Creating init config 
115529     DEBUG main            d.u.i.k.p.i.AbstractProblemLoader Init config took 2.49s 
115543     INFO  main            d.u.i.k.p.i.AbstractProblemLoader Replaying proof SET062p3.key 
115544     DEBUG main            d.u.i.k.p.i.IntermediateProofReplayer Proof replay took 6.6ns 
115646     INFO  main            d.u.i.k.p.r.p.TestFile    ... finished proof: closed. 
115861     INFO  main            d.u.i.k.p.i.AbstractProblemLoader Loading environment from /home/runner/work/key/key/key.core/../key.ui/examples/standard_key/pred_log/tptp/SET/SET062p3.key.proof 
115861     DEBUG main            d.u.i.k.p.i.AbstractProblemLoader Environment load took 111ns 
115862     INFO  main            d.u.i.k.p.i.AbstractProblemLoader Creating init config 
118271     DEBUG main            d.u.i.k.p.i.AbstractProblemLoader Init config took 2.41s 
118285     INFO  main            d.u.i.k.p.i.AbstractProblemLoader Replaying proof SET062p3.key.proof 
118289     DEBUG main            d.u.i.k.p.i.IntermediateProofReplayer Proof replay took 2.3ms 
118290     DEBUG main            d.u.i.k.p.r.p.TestFile    ... success: reloaded. 
118290     INFO  main            d.u.i.k.p.r.p.TestFile    Now processing file /home/runner/work/key/key/key.core/../key.ui/examples/standard_key/pred_log/tptp/SET/SET063p3.key 
118290     INFO  main            d.u.i.k.p.i.AbstractProblemLoader Loading environment from /home/runner/work/key/key/key.core/../key.ui/examples/standard_key/pred_log/tptp/SET/SET063p3.key 
118291     DEBUG main            d.u.i.k.p.i.AbstractProblemLoader Environment load took 84.3ns 
118291     INFO  main            d.u.i.k.p.i.AbstractProblemLoader Creating init config 
120767     DEBUG main            d.u.i.k.p.i.AbstractProblemLoader Init config took 2.48s 
120781     INFO  main            d.u.i.k.p.i.AbstractProblemLoader Replaying proof SET063p3.key 
120782     DEBUG main            d.u.i.k.p.i.IntermediateProofReplayer Proof replay took 6.9ns 
120887     INFO  main            d.u.i.k.p.r.p.TestFile    ... finished proof: closed. 
121127     INFO  main            d.u.i.k.p.i.AbstractProblemLoader Loading environment from /home/runner/work/key/key/key.core/../key.ui/examples/standard_key/pred_log/tptp/SET/SET063p3.key.proof 
121128     DEBUG main            d.u.i.k.p.i.AbstractProblemLoader Environment load took 114.6ns 
121129     INFO  main            d.u.i.k.p.i.AbstractProblemLoader Creating init config 
123526     DEBUG main            d.u.i.k.p.i.AbstractProblemLoader Init config took 2.4s 
123542     INFO  main            d.u.i.k.p.i.AbstractProblemLoader Replaying proof SET063p3.key.proof 
123546     DEBUG main            d.u.i.k.p.i.IntermediateProofReplayer Proof replay took 2.61ms 
123547     DEBUG main            d.u.i.k.p.r.p.TestFile    ... success: reloaded. 
123548     INFO  main            d.u.i.k.p.r.p.TestFile    Now processing file /home/runner/work/key/key/key.core/../key.ui/examples/standard_key/pred_log/tptp/SYN/SYN036p2.key 
123548     INFO  main            d.u.i.k.p.i.AbstractProblemLoader Loading environment from /home/runner/work/key/key/key.core/../key.ui/examples/standard_key/pred_log/tptp/SYN/SYN036p2.key 
123548     DEBUG main            d.u.i.k.p.i.AbstractProblemLoader Environment load took 88.6ns 
123549     INFO  main            d.u.i.k.p.i.AbstractProblemLoader Creating init config 
126023     DEBUG main            d.u.i.k.p.i.AbstractProblemLoader Init config took 2.47s 
126038     INFO  main            d.u.i.k.p.i.AbstractProblemLoader Replaying proof SYN036p2.key 
126040     DEBUG main            d.u.i.k.p.i.IntermediateProofReplayer Proof replay took 7.2ns 
126344     INFO  main            d.u.i.k.p.r.p.TestFile    ... finished proof: closed. 
126613     INFO  main            d.u.i.k.p.i.AbstractProblemLoader Loading environment from /home/runner/work/key/key/key.core/../key.ui/examples/standard_key/pred_log/tptp/SYN/SYN036p2.key.proof 
126614     DEBUG main            d.u.i.k.p.i.AbstractProblemLoader Environment load took 380.6ns 
126615     INFO  main            d.u.i.k.p.i.AbstractProblemLoader Creating init config 
129020     DEBUG main            d.u.i.k.p.i.AbstractProblemLoader Init config took 2.41s 
129034     INFO  main            d.u.i.k.p.i.AbstractProblemLoader Replaying proof SYN036p2.key.proof 
129087     DEBUG main            d.u.i.k.p.i.IntermediateProofReplayer Proof replay took 46.3ms 
129088     DEBUG main            d.u.i.k.p.r.p.TestFile    ... success: reloaded. 
129089     INFO  main            d.u.i.k.p.r.p.TestFile    Now processing file /home/runner/work/key/key/key.core/../key.ui/examples/standard_key/pred_log/tptp/SYN/SYN550p1.key 
129089     INFO  main            d.u.i.k.p.i.AbstractProblemLoader Loading environment from /home/runner/work/key/key/key.core/../key.ui/examples/standard_key/pred_log/tptp/SYN/SYN550p1.key 
129089     DEBUG main            d.u.i.k.p.i.AbstractProblemLoader Environment load took 75.1ns 
129090     INFO  main            d.u.i.k.p.i.AbstractProblemLoader Creating init config 
131559     DEBUG main            d.u.i.k.p.i.AbstractProblemLoader Init config took 2.47s 
131573     INFO  main            d.u.i.k.p.i.AbstractProblemLoader Replaying proof SYN550p1.key 
131574     DEBUG main            d.u.i.k.p.i.IntermediateProofReplayer Proof replay took 12.7ns 
134283     INFO  main            d.u.i.k.p.r.p.TestFile    ... finished proof: closed. 
134533     INFO  main            d.u.i.k.p.i.AbstractProblemLoader Loading environment from /home/runner/work/key/key/key.core/../key.ui/examples/standard_key/pred_log/tptp/SYN/SYN550p1.key.proof 
134534     DEBUG main            d.u.i.k.p.i.AbstractProblemLoader Environment load took 504.2ns 
134535     INFO  main            d.u.i.k.p.i.AbstractProblemLoader Creating init config 
136928     DEBUG main            d.u.i.k.p.i.AbstractProblemLoader Init config took 2.39s 
136944     INFO  main            d.u.i.k.p.i.AbstractProblemLoader Replaying proof SYN550p1.key.proof 
137015     DEBUG main            d.u.i.k.p.i.IntermediateProofReplayer Proof replay took 64.51ms 
137016     DEBUG main            d.u.i.k.p.r.p.TestFile    ... success: reloaded. 
137017     INFO  main            d.u.i.k.p.r.p.TestFile    Now processing file /home/runner/work/key/key/key.core/../key.ui/examples/standard_key/prop_log/reallySimple.key 
137017     INFO  main            d.u.i.k.p.i.AbstractProblemLoader Loading environment from /home/runner/work/key/key/key.core/../key.ui/examples/standard_key/prop_log/reallySimple.key 
137018     DEBUG main            d.u.i.k.p.i.AbstractProblemLoader Environment load took 189.2ns 
137018     INFO  main            d.u.i.k.p.i.AbstractProblemLoader Creating init config 
139484     DEBUG main            d.u.i.k.p.i.AbstractProblemLoader Init config took 2.47s 
139497     INFO  main            d.u.i.k.p.i.AbstractProblemLoader Replaying proof reallySimple.key 
139498     DEBUG main            d.u.i.k.p.i.IntermediateProofReplayer Proof replay took 7.2ns 
139600     INFO  main            d.u.i.k.p.r.p.TestFile    ... finished proof: open goal(s) 
139847     INFO  main            d.u.i.k.p.r.p.TestFile    Now processing file /home/runner/work/key/key/key.core/../key.ui/examples/standard_key/pred_log/sameName1.key 
139847     INFO  main            d.u.i.k.p.i.AbstractProblemLoader Loading environment from /home/runner/work/key/key/key.core/../key.ui/examples/standard_key/pred_log/sameName1.key 
139847     DEBUG main            d.u.i.k.p.i.AbstractProblemLoader Environment load took 64.5ns 
139848     INFO  main            d.u.i.k.p.i.AbstractProblemLoader Creating init config 
142235     DEBUG main            d.u.i.k.p.i.AbstractProblemLoader Init config took 2.39s 
142249     INFO  main            d.u.i.k.p.i.AbstractProblemLoader Replaying proof sameName1.key 
142250     DEBUG main            d.u.i.k.p.i.IntermediateProofReplayer Proof replay took 7ns 
142352     INFO  main            d.u.i.k.p.r.p.TestFile    ... finished proof: open goal(s) 
142584     INFO  main            d.u.i.k.p.r.p.TestFile    Now processing file /home/runner/work/key/key/key.core/../key.ui/examples/standard_key/pred_log/jbyteIfEx.key 
142584     INFO  main            d.u.i.k.p.i.AbstractProblemLoader Loading environment from /home/runner/work/key/key/key.core/../key.ui/examples/standard_key/pred_log/jbyteIfEx.key 
142584     DEBUG main            d.u.i.k.p.i.AbstractProblemLoader Environment load took 75.4ns 
142585     INFO  main            d.u.i.k.p.i.AbstractProblemLoader Creating init config 
144989     DEBUG main            d.u.i.k.p.i.AbstractProblemLoader Init config took 2.4s 
145002     INFO  main            d.u.i.k.p.i.AbstractProblemLoader Replaying proof jbyteIfEx.key 
145003     DEBUG main            d.u.i.k.p.i.IntermediateProofReplayer Proof replay took 7.7ns 
145107     INFO  main            d.u.i.k.p.r.p.TestFile    ... finished proof: closed. 
145339     INFO  main            d.u.i.k.p.i.AbstractProblemLoader Loading environment from /home/runner/work/key/key/key.core/../key.ui/examples/standard_key/pred_log/jbyteIfEx.key.proof 
145340     DEBUG main            d.u.i.k.p.i.AbstractProblemLoader Environment load took 116.8ns 
145341     INFO  main            d.u.i.k.p.i.AbstractProblemLoader Creating init config 
147747     DEBUG main            d.u.i.k.p.i.AbstractProblemLoader Init config took 2.41s 
147760     INFO  main            d.u.i.k.p.i.AbstractProblemLoader Replaying proof jbyteIfEx.key.proof 
147765     DEBUG main            d.u.i.k.p.i.IntermediateProofReplayer Proof replay took 2.94ms 
147766     DEBUG main            d.u.i.k.p.r.p.TestFile    ... success: reloaded. 
147766     INFO  main            d.u.i.k.p.r.p.TestFile    Now processing file /home/runner/work/key/key/key.core/../key.ui/examples/standard_key/prop_log/allClausesLength4.key 
147767     INFO  main            d.u.i.k.p.i.AbstractProblemLoader Loading environment from /home/runner/work/key/key/key.core/../key.ui/examples/standard_key/prop_log/allClausesLength4.key 
147767     DEBUG main            d.u.i.k.p.i.AbstractProblemLoader Environment load took 84.2ns 
147768     INFO  main            d.u.i.k.p.i.AbstractProblemLoader Creating init config 
150239     DEBUG main            d.u.i.k.p.i.AbstractProblemLoader Init config took 2.47s 
150255     INFO  main            d.u.i.k.p.i.AbstractProblemLoader Replaying proof allClausesLength4.key 
150256     DEBUG main            d.u.i.k.p.i.IntermediateProofReplayer Proof replay took 6.8ns 
150359     INFO  main            d.u.i.k.p.r.p.TestFile    ... finished proof: closed. 
150611     INFO  main            d.u.i.k.p.i.AbstractProblemLoader Loading environment from /home/runner/work/key/key/key.core/../key.ui/examples/standard_key/prop_log/allClausesLength4.key.proof 
150611     DEBUG main            d.u.i.k.p.i.AbstractProblemLoader Environment load took 113.8ns 
150612     INFO  main            d.u.i.k.p.i.AbstractProblemLoader Creating init config 
153001     DEBUG main            d.u.i.k.p.i.AbstractProblemLoader Init config took 2.39s 
153015     INFO  main            d.u.i.k.p.i.AbstractProblemLoader Replaying proof allClausesLength4.key.proof 
153026     DEBUG main            d.u.i.k.p.i.IntermediateProofReplayer Proof replay took 8.9ms 
153027     DEBUG main            d.u.i.k.p.r.p.TestFile    ... success: reloaded. 
153028     INFO  main            d.u.i.k.p.r.p.TestFile    Now processing file /home/runner/work/key/key/key.core/../key.ui/examples/standard_key/prop_log/allClausesLength5.key 
153028     INFO  main            d.u.i.k.p.i.AbstractProblemLoader Loading environment from /home/runner/work/key/key/key.core/../key.ui/examples/standard_key/prop_log/allClausesLength5.key 
153028     DEBUG main            d.u.i.k.p.i.AbstractProblemLoader Environment load took 71.9ns 
153029     INFO  main            d.u.i.k.p.i.AbstractProblemLoader Creating init config 
155478     DEBUG main            d.u.i.k.p.i.AbstractProblemLoader Init config took 2.45s 
155493     INFO  main            d.u.i.k.p.i.AbstractProblemLoader Replaying proof allClausesLength5.key 
155494     DEBUG main            d.u.i.k.p.i.IntermediateProofReplayer Proof replay took 7ns 
155697     INFO  main            d.u.i.k.p.r.p.TestFile    ... finished proof: closed. 
155972     INFO  main            d.u.i.k.p.i.AbstractProblemLoader Loading environment from /home/runner/work/key/key/key.core/../key.ui/examples/standard_key/prop_log/allClausesLength5.key.proof 
155972     DEBUG main            d.u.i.k.p.i.AbstractProblemLoader Environment load took 135ns 
155975     INFO  main            d.u.i.k.p.i.AbstractProblemLoader Creating init config 
158378     DEBUG main            d.u.i.k.p.i.AbstractProblemLoader Init config took 2.4s 
158393     INFO  main            d.u.i.k.p.i.AbstractProblemLoader Replaying proof allClausesLength5.key.proof 
158421     DEBUG main            d.u.i.k.p.i.IntermediateProofReplayer Proof replay took 23.71ms 
158422     DEBUG main            d.u.i.k.p.r.p.TestFile    ... success: reloaded. 
158422     INFO  main            d.u.i.k.p.r.p.TestFile    Now processing file /home/runner/work/key/key/key.core/../key.ui/examples/standard_key/prop_log/doubleNeg.key 
158423     INFO  main            d.u.i.k.p.i.AbstractProblemLoader Loading environment from /home/runner/work/key/key/key.core/../key.ui/examples/standard_key/prop_log/doubleNeg.key 
158423     DEBUG main            d.u.i.k.p.i.AbstractProblemLoader Environment load took 54.2ns 
158424     INFO  main            d.u.i.k.p.i.AbstractProblemLoader Creating init config 
160879     DEBUG main            d.u.i.k.p.i.AbstractProblemLoader Init config took 2.46s 
160892     INFO  main            d.u.i.k.p.i.AbstractProblemLoader Replaying proof doubleNeg.key 
160893     DEBUG main            d.u.i.k.p.i.IntermediateProofReplayer Proof replay took 6.8ns 
160995     INFO  main            d.u.i.k.p.r.p.TestFile    ... finished proof: closed. 
161258     INFO  main            d.u.i.k.p.i.AbstractProblemLoader Loading environment from /home/runner/work/key/key/key.core/../key.ui/examples/standard_key/prop_log/doubleNeg.key.proof 
161258     DEBUG main            d.u.i.k.p.i.AbstractProblemLoader Environment load took 96.2ns 
161259     INFO  main            d.u.i.k.p.i.AbstractProblemLoader Creating init config 
163644     DEBUG main            d.u.i.k.p.i.AbstractProblemLoader Init config took 2.38s 
163658     INFO  main            d.u.i.k.p.i.AbstractProblemLoader Replaying proof doubleNeg.key.proof 
163660     DEBUG main            d.u.i.k.p.i.IntermediateProofReplayer Proof replay took 442.4ns 
163661     DEBUG main            d.u.i.k.p.r.p.TestFile    ... success: reloaded. 
163662     INFO  main            d.u.i.k.p.r.p.TestFile    Now processing file /home/runner/work/key/key/key.core/../key.ui/examples/standard_key/prop_log/liarsville.key 
163662     INFO  main            d.u.i.k.p.i.AbstractProblemLoader Loading environment from /home/runner/work/key/key/key.core/../key.ui/examples/standard_key/prop_log/liarsville.key 
163662     DEBUG main            d.u.i.k.p.i.AbstractProblemLoader Environment load took 114.1ns 
163663     INFO  main            d.u.i.k.p.i.AbstractProblemLoader Creating init config 
166122     DEBUG main            d.u.i.k.p.i.AbstractProblemLoader Init config took 2.46s 
166136     INFO  main            d.u.i.k.p.i.AbstractProblemLoader Replaying proof liarsville.key 
166137     DEBUG main            d.u.i.k.p.i.IntermediateProofReplayer Proof replay took 7.1ns 
166239     INFO  main            d.u.i.k.p.r.p.TestFile    ... finished proof: closed. 
166502     INFO  main            d.u.i.k.p.i.AbstractProblemLoader Loading environment from /home/runner/work/key/key/key.core/../key.ui/examples/standard_key/prop_log/liarsville.key.proof 
166502     DEBUG main            d.u.i.k.p.i.AbstractProblemLoader Environment load took 98.3ns 
166503     INFO  main            d.u.i.k.p.i.AbstractProblemLoader Creating init config 
168901     DEBUG main            d.u.i.k.p.i.AbstractProblemLoader Init config took 2.4s 
168915     INFO  main            d.u.i.k.p.i.AbstractProblemLoader Replaying proof liarsville.key.proof 
168917     DEBUG main            d.u.i.k.p.i.IntermediateProofReplayer Proof replay took 934ns 
168918     DEBUG main            d.u.i.k.p.r.p.TestFile    ... success: reloaded. 
168918     INFO  main            d.u.i.k.p.r.p.TestFile    Now processing file /home/runner/work/key/key/key.core/../key.ui/examples/standard_key/prop_log/simplest.key 
168918     INFO  main            d.u.i.k.p.i.AbstractProblemLoader Loading environment from /home/runner/work/key/key/key.core/../key.ui/examples/standard_key/prop_log/simplest.key 
168918     DEBUG main            d.u.i.k.p.i.AbstractProblemLoader Environment load took 61.9ns 
168922     INFO  main            d.u.i.k.p.i.AbstractProblemLoader Creating init config 
171379     DEBUG main            d.u.i.k.p.i.AbstractProblemLoader Init config took 2.46s 
171392     INFO  main            d.u.i.k.p.i.AbstractProblemLoader Replaying proof simplest.key 
171393     DEBUG main            d.u.i.k.p.i.IntermediateProofReplayer Proof replay took 7.1ns 
171494     INFO  main            d.u.i.k.p.r.p.TestFile    ... finished proof: closed. 
171759     INFO  main            d.u.i.k.p.i.AbstractProblemLoader Loading environment from /home/runner/work/key/key/key.core/../key.ui/examples/standard_key/prop_log/simplest.key.proof 
171759     DEBUG main            d.u.i.k.p.i.AbstractProblemLoader Environment load took 99.2ns 
171760     INFO  main            d.u.i.k.p.i.AbstractProblemLoader Creating init config 
174187     DEBUG main            d.u.i.k.p.i.AbstractProblemLoader Init config took 2.43s 
174200     INFO  main            d.u.i.k.p.i.AbstractProblemLoader Replaying proof simplest.key.proof 
174201     DEBUG main            d.u.i.k.p.i.IntermediateProofReplayer Proof replay took 87.6ns 
174202     DEBUG main            d.u.i.k.p.r.p.TestFile    ... success: reloaded. 
174202     INFO  main            d.u.i.k.p.r.p.TestFile    Now processing file /home/runner/work/key/key/key.core/../key.ui/examples/standard_key/prop_log/contraposition.key 
174202     INFO  main            d.u.i.k.p.i.AbstractProblemLoader Loading environment from /home/runner/work/key/key/key.core/../key.ui/examples/standard_key/prop_log/contraposition.key 
174202     DEBUG main            d.u.i.k.p.i.AbstractProblemLoader Environment load took 62.6ns 
174203     INFO  main            d.u.i.k.p.i.AbstractProblemLoader Creating init config 
176625     DEBUG main            d.u.i.k.p.i.AbstractProblemLoader Init config took 2.42s 
176639     INFO  main            d.u.i.k.p.i.AbstractProblemLoader Replaying proof contraposition.key 
176640     DEBUG main            d.u.i.k.p.i.IntermediateProofReplayer Proof replay took 6.5ns 
176742     INFO  main            d.u.i.k.p.r.p.TestFile    ... finished proof: closed. 
177014     INFO  main            d.u.i.k.p.i.AbstractProblemLoader Loading environment from /home/runner/work/key/key/key.core/../key.ui/examples/standard_key/prop_log/contraposition.key.proof 
177014     DEBUG main            d.u.i.k.p.i.AbstractProblemLoader Environment load took 97.6ns 
177015     INFO  main            d.u.i.k.p.i.AbstractProblemLoader Creating init config 
179394     DEBUG main            d.u.i.k.p.i.AbstractProblemLoader Init config took 2.38s 
179407     INFO  main            d.u.i.k.p.i.AbstractProblemLoader Replaying proof contraposition.key.proof 
179409     DEBUG main            d.u.i.k.p.i.IntermediateProofReplayer Proof replay took 385.3ns 
179410     DEBUG main            d.u.i.k.p.r.p.TestFile    ... success: reloaded. 
179410     INFO  main            d.u.i.k.p.r.p.TestFile    Now processing file /home/runner/work/key/key/key.core/../key.ui/examples/standard_key/quantifiers/elimination0.key 
179410     INFO  main            d.u.i.k.p.i.AbstractProblemLoader Loading environment from /home/runner/work/key/key/key.core/../key.ui/examples/standard_key/quantifiers/elimination0.key 
179410     DEBUG main            d.u.i.k.p.i.AbstractProblemLoader Environment load took 51ns 
179411     INFO  main            d.u.i.k.p.i.AbstractProblemLoader Creating init config 
181836     DEBUG main            d.u.i.k.p.i.AbstractProblemLoader Init config took 2.43s 
181851     INFO  main            d.u.i.k.p.i.AbstractProblemLoader Replaying proof elimination0.key 
181853     DEBUG main            d.u.i.k.p.i.IntermediateProofReplayer Proof replay took 6.7ns 
181955     INFO  main            d.u.i.k.p.r.p.TestFile    ... finished proof: closed. 
182234     INFO  main            d.u.i.k.p.i.AbstractProblemLoader Loading environment from /home/runner/work/key/key/key.core/../key.ui/examples/standard_key/quantifiers/elimination0.key.proof 
182234     DEBUG main            d.u.i.k.p.i.AbstractProblemLoader Environment load took 97.9ns 
182235     INFO  main            d.u.i.k.p.i.AbstractProblemLoader Creating init config 
184611     DEBUG main            d.u.i.k.p.i.AbstractProblemLoader Init config took 2.38s 
184625     INFO  main            d.u.i.k.p.i.AbstractProblemLoader Replaying proof elimination0.key.proof 
184627     DEBUG main            d.u.i.k.p.i.IntermediateProofReplayer Proof replay took 840.61ns 
184628     DEBUG main            d.u.i.k.p.r.p.TestFile    ... success: reloaded. 
184628     INFO  main            d.u.i.k.p.r.p.TestFile    Now processing file /home/runner/work/key/key/key.core/../key.ui/examples/standard_key/quantifiers/heuristic_PUZ001p1-eq.key 
184629     INFO  main            d.u.i.k.p.i.AbstractProblemLoader Loading environment from /home/runner/work/key/key/key.core/../key.ui/examples/standard_key/quantifiers/heuristic_PUZ001p1-eq.key 
184629     DEBUG main            d.u.i.k.p.i.AbstractProblemLoader Environment load took 81.7ns 
184630     INFO  main            d.u.i.k.p.i.AbstractProblemLoader Creating init config 
187093     DEBUG main            d.u.i.k.p.i.AbstractProblemLoader Init config took 2.46s 
187107     INFO  main            d.u.i.k.p.i.AbstractProblemLoader Replaying proof heuristic_PUZ001p1-eq.key 
187109     DEBUG main            d.u.i.k.p.i.IntermediateProofReplayer Proof replay took 8ns 
187215     INFO  main            d.u.i.k.p.r.p.TestFile    ... finished proof: closed. 
187496     INFO  main            d.u.i.k.p.i.AbstractProblemLoader Loading environment from /home/runner/work/key/key/key.core/../key.ui/examples/standard_key/quantifiers/heuristic_PUZ001p1-eq.key.proof 
187496     DEBUG main            d.u.i.k.p.i.AbstractProblemLoader Environment load took 107.2ns 
187498     INFO  main            d.u.i.k.p.i.AbstractProblemLoader Creating init config 
189884     DEBUG main            d.u.i.k.p.i.AbstractProblemLoader Init config took 2.39s 
189897     INFO  main            d.u.i.k.p.i.AbstractProblemLoader Replaying proof heuristic_PUZ001p1-eq.key.proof 
189906     DEBUG main            d.u.i.k.p.i.IntermediateProofReplayer Proof replay took 6.61ms 
189907     DEBUG main            d.u.i.k.p.r.p.TestFile    ... success: reloaded. 
189908     INFO  main            d.u.i.k.p.r.p.TestFile    Now processing file /home/runner/work/key/key/key.core/../key.ui/examples/standard_key/quantifiers/heuristic_PUZ001p1.key 
189908     INFO  main            d.u.i.k.p.i.AbstractProblemLoader Loading environment from /home/runner/work/key/key/key.core/../key.ui/examples/standard_key/quantifiers/heuristic_PUZ001p1.key 
189908     DEBUG main            d.u.i.k.p.i.AbstractProblemLoader Environment load took 102.8ns 
189910     INFO  main            d.u.i.k.p.i.AbstractProblemLoader Creating init config 
192371     DEBUG main            d.u.i.k.p.i.AbstractProblemLoader Init config took 2.46s 
192385     INFO  main            d.u.i.k.p.i.AbstractProblemLoader Replaying proof heuristic_PUZ001p1.key 
192387     DEBUG main            d.u.i.k.p.i.IntermediateProofReplayer Proof replay took 7ns 
193595     INFO  main            d.u.i.k.p.r.p.TestFile    ... finished proof: closed. 
193901     INFO  main            d.u.i.k.p.i.AbstractProblemLoader Loading environment from /home/runner/work/key/key/key.core/../key.ui/examples/standard_key/quantifiers/heuristic_PUZ001p1.key.proof 
193904     DEBUG main            d.u.i.k.p.i.AbstractProblemLoader Environment load took 2.91ms 
193906     INFO  main            d.u.i.k.p.i.AbstractProblemLoader Creating init config 
196292     DEBUG main            d.u.i.k.p.i.AbstractProblemLoader Init config took 2.39s 
196309     INFO  main            d.u.i.k.p.i.AbstractProblemLoader Replaying proof heuristic_PUZ001p1.key.proof 
196340     DEBUG main            d.u.i.k.p.i.IntermediateProofReplayer Proof replay took 27.16ms 
196341     DEBUG main            d.u.i.k.p.r.p.TestFile    ... success: reloaded. 
196342     INFO  main            d.u.i.k.p.r.p.TestFile    Now processing file /home/runner/work/key/key/key.core/../key.ui/examples/standard_key/quantifiers/heuristic_PUZ031p1.key 
196342     INFO  main            d.u.i.k.p.i.AbstractProblemLoader Loading environment from /home/runner/work/key/key/key.core/../key.ui/examples/standard_key/quantifiers/heuristic_PUZ031p1.key 
196342     DEBUG main            d.u.i.k.p.i.AbstractProblemLoader Environment load took 104.5ns 
196343     INFO  main            d.u.i.k.p.i.AbstractProblemLoader Creating init config 
198765     DEBUG main            d.u.i.k.p.i.AbstractProblemLoader Init config took 2.42s 
198779     INFO  main            d.u.i.k.p.i.AbstractProblemLoader Replaying proof heuristic_PUZ031p1.key 
198781     DEBUG main            d.u.i.k.p.i.IntermediateProofReplayer Proof replay took 8.2ns 
203404     INFO  main            d.u.i.k.p.r.p.TestFile    ... finished proof: closed. 
203723     INFO  main            d.u.i.k.p.i.AbstractProblemLoader Loading environment from /home/runner/work/key/key/key.core/../key.ui/examples/standard_key/quantifiers/heuristic_PUZ031p1.key.proof 
203724     DEBUG main            d.u.i.k.p.i.AbstractProblemLoader Environment load took 229ns 
203725     INFO  main            d.u.i.k.p.i.AbstractProblemLoader Creating init config 
206107     DEBUG main            d.u.i.k.p.i.AbstractProblemLoader Init config took 2.38s 
206122     INFO  main            d.u.i.k.p.i.AbstractProblemLoader Replaying proof heuristic_PUZ031p1.key.proof 
206154     DEBUG main            d.u.i.k.p.i.IntermediateProofReplayer Proof replay took 28.77ms 
206155     DEBUG main            d.u.i.k.p.r.p.TestFile    ... success: reloaded. 
206156     INFO  main            d.u.i.k.p.r.p.TestFile    Now processing file /home/runner/work/key/key/key.core/../key.ui/examples/standard_key/quantifiers/heuristic_SYN036p2.key 
206156     INFO  main            d.u.i.k.p.i.AbstractProblemLoader Loading environment from /home/runner/work/key/key/key.core/../key.ui/examples/standard_key/quantifiers/heuristic_SYN036p2.key 
206156     DEBUG main            d.u.i.k.p.i.AbstractProblemLoader Environment load took 81.3ns 
206157     INFO  main            d.u.i.k.p.i.AbstractProblemLoader Creating init config 
208571     DEBUG main            d.u.i.k.p.i.AbstractProblemLoader Init config took 2.41s 
208584     INFO  main            d.u.i.k.p.i.AbstractProblemLoader Replaying proof heuristic_SYN036p2.key 
208586     DEBUG main            d.u.i.k.p.i.IntermediateProofReplayer Proof replay took 7.7ns 
208792     INFO  main            d.u.i.k.p.r.p.TestFile    ... finished proof: closed. 
209181     INFO  main            d.u.i.k.p.i.AbstractProblemLoader Loading environment from /home/runner/work/key/key/key.core/../key.ui/examples/standard_key/quantifiers/heuristic_SYN036p2.key.proof 
209181     DEBUG main            d.u.i.k.p.i.AbstractProblemLoader Environment load took 365ns 
209182     INFO  main            d.u.i.k.p.i.AbstractProblemLoader Creating init config 
211553     DEBUG main            d.u.i.k.p.i.AbstractProblemLoader Init config took 2.37s 
211567     INFO  main            d.u.i.k.p.i.AbstractProblemLoader Replaying proof heuristic_SYN036p2.key.proof 
211615     DEBUG main            d.u.i.k.p.i.IntermediateProofReplayer Proof replay took 41.81ms 
211616     DEBUG main            d.u.i.k.p.r.p.TestFile    ... success: reloaded. 
211616     INFO  main            d.u.i.k.p.r.p.TestFile    Now processing file /home/runner/work/key/key/key.core/../key.ui/examples/standard_key/quantifiers/injectivity.key 
211617     INFO  main            d.u.i.k.p.i.AbstractProblemLoader Loading environment from /home/runner/work/key/key/key.core/../key.ui/examples/standard_key/quantifiers/injectivity.key 
211617     DEBUG main            d.u.i.k.p.i.AbstractProblemLoader Environment load took 74.7ns 
211618     INFO  main            d.u.i.k.p.i.AbstractProblemLoader Creating init config 
214013     DEBUG main            d.u.i.k.p.i.AbstractProblemLoader Init config took 2.4s 
214026     INFO  main            d.u.i.k.p.i.AbstractProblemLoader Replaying proof injectivity.key 
214027     DEBUG main            d.u.i.k.p.i.IntermediateProofReplayer Proof replay took 6.6ns 
214130     INFO  main            d.u.i.k.p.r.p.TestFile    ... finished proof: closed. 
214450     INFO  main            d.u.i.k.p.i.AbstractProblemLoader Loading environment from /home/runner/work/key/key/key.core/../key.ui/examples/standard_key/quantifiers/injectivity.key.proof 
214450     DEBUG main            d.u.i.k.p.i.AbstractProblemLoader Environment load took 98ns 
214451     INFO  main            d.u.i.k.p.i.AbstractProblemLoader Creating init config 
216829     DEBUG main            d.u.i.k.p.i.AbstractProblemLoader Init config took 2.38s 
216842     INFO  main            d.u.i.k.p.i.AbstractProblemLoader Replaying proof injectivity.key.proof 
216845     DEBUG main            d.u.i.k.p.i.IntermediateProofReplayer Proof replay took 1.06ms 
216845     DEBUG main            d.u.i.k.p.r.p.TestFile    ... success: reloaded. 
216846     INFO  main            d.u.i.k.p.r.p.TestFile    Now processing file /home/runner/work/key/key/key.core/../key.ui/examples/standard_key/quantifiers/normalisation0.key 
216847     INFO  main            d.u.i.k.p.i.AbstractProblemLoader Loading environment from /home/runner/work/key/key/key.core/../key.ui/examples/standard_key/quantifiers/normalisation0.key 
216847     DEBUG main            d.u.i.k.p.i.AbstractProblemLoader Environment load took 51.7ns 
216848     INFO  main            d.u.i.k.p.i.AbstractProblemLoader Creating init config 
219259     DEBUG main            d.u.i.k.p.i.AbstractProblemLoader Init config took 2.41s 
219272     INFO  main            d.u.i.k.p.i.AbstractProblemLoader Replaying proof normalisation0.key 
219274     DEBUG main            d.u.i.k.p.i.IntermediateProofReplayer Proof replay took 6.1ns 
219378     INFO  main            d.u.i.k.p.r.p.TestFile    ... finished proof: closed. 
219698     INFO  main            d.u.i.k.p.i.AbstractProblemLoader Loading environment from /home/runner/work/key/key/key.core/../key.ui/examples/standard_key/quantifiers/normalisation0.key.proof 
219698     DEBUG main            d.u.i.k.p.i.AbstractProblemLoader Environment load took 104.8ns 
219700     INFO  main            d.u.i.k.p.i.AbstractProblemLoader Creating init config 
222076     DEBUG main            d.u.i.k.p.i.AbstractProblemLoader Init config took 2.38s 
222090     INFO  main            d.u.i.k.p.i.AbstractProblemLoader Replaying proof normalisation0.key.proof 
222092     DEBUG main            d.u.i.k.p.i.IntermediateProofReplayer Proof replay took 975.11ns 
222093     DEBUG main            d.u.i.k.p.r.p.TestFile    ... success: reloaded. 
222094     INFO  main            d.u.i.k.p.r.p.TestFile    Now processing file /home/runner/work/key/key/key.core/../key.ui/examples/standard_key/quantifiers/normalisation1.key 
222094     INFO  main            d.u.i.k.p.i.AbstractProblemLoader Loading environment from /home/runner/work/key/key/key.core/../key.ui/examples/standard_key/quantifiers/normalisation1.key 
222094     DEBUG main            d.u.i.k.p.i.AbstractProblemLoader Environment load took 70.7ns 
222095     INFO  main            d.u.i.k.p.i.AbstractProblemLoader Creating init config 
224504     DEBUG main            d.u.i.k.p.i.AbstractProblemLoader Init config took 2.41s 
224520     INFO  main            d.u.i.k.p.i.AbstractProblemLoader Replaying proof normalisation1.key 
224521     DEBUG main            d.u.i.k.p.i.IntermediateProofReplayer Proof replay took 5.7ns 
224626     INFO  main            d.u.i.k.p.r.p.TestFile    ... finished proof: closed. 
224942     INFO  main            d.u.i.k.p.i.AbstractProblemLoader Loading environment from /home/runner/work/key/key/key.core/../key.ui/examples/standard_key/quantifiers/normalisation1.key.proof 
224943     DEBUG main            d.u.i.k.p.i.AbstractProblemLoader Environment load took 96ns 
224943     INFO  main            d.u.i.k.p.i.AbstractProblemLoader Creating init config 
227320     DEBUG main            d.u.i.k.p.i.AbstractProblemLoader Init config took 2.38s 
227334     INFO  main            d.u.i.k.p.i.AbstractProblemLoader Replaying proof normalisation1.key.proof 
227337     DEBUG main            d.u.i.k.p.i.IntermediateProofReplayer Proof replay took 938.61ns 
227338     DEBUG main            d.u.i.k.p.r.p.TestFile    ... success: reloaded. 
227338     INFO  main            d.u.i.k.p.r.p.TestFile    Now processing file /home/runner/work/key/key/key.core/../key.ui/examples/standard_key/quantifiers/normalisation2.key 
227339     INFO  main            d.u.i.k.p.i.AbstractProblemLoader Loading environment from /home/runner/work/key/key/key.core/../key.ui/examples/standard_key/quantifiers/normalisation2.key 
227339     DEBUG main            d.u.i.k.p.i.AbstractProblemLoader Environment load took 65.5ns 
227339     INFO  main            d.u.i.k.p.i.AbstractProblemLoader Creating init config 
229747     DEBUG main            d.u.i.k.p.i.AbstractProblemLoader Init config took 2.41s 
229761     INFO  main            d.u.i.k.p.i.AbstractProblemLoader Replaying proof normalisation2.key 
229762     DEBUG main            d.u.i.k.p.i.IntermediateProofReplayer Proof replay took 7.6ns 
229864     INFO  main            d.u.i.k.p.r.p.TestFile    ... finished proof: closed. 
230211     INFO  main            d.u.i.k.p.i.AbstractProblemLoader Loading environment from /home/runner/work/key/key/key.core/../key.ui/examples/standard_key/quantifiers/normalisation2.key.proof 
230212     DEBUG main            d.u.i.k.p.i.AbstractProblemLoader Environment load took 94.6ns 
230212     INFO  main            d.u.i.k.p.i.AbstractProblemLoader Creating init config 
232594     DEBUG main            d.u.i.k.p.i.AbstractProblemLoader Init config took 2.38s 
232609     INFO  main            d.u.i.k.p.i.AbstractProblemLoader Replaying proof normalisation2.key.proof 
232612     DEBUG main            d.u.i.k.p.i.IntermediateProofReplayer Proof replay took 1.19ms 
232612     DEBUG main            d.u.i.k.p.r.p.TestFile    ... success: reloaded. 
232613     INFO  main            d.u.i.k.p.r.p.TestFile    Now processing file /home/runner/work/key/key/key.core/../key.ui/examples/standard_key/quantifiers/normalisation3.key 
232613     INFO  main            d.u.i.k.p.i.AbstractProblemLoader Loading environment from /home/runner/work/key/key/key.core/../key.ui/examples/standard_key/quantifiers/normalisation3.key 
232613     DEBUG main            d.u.i.k.p.i.AbstractProblemLoader Environment load took 104.9ns 
232614     INFO  main            d.u.i.k.p.i.AbstractProblemLoader Creating init config 
235018     DEBUG main            d.u.i.k.p.i.AbstractProblemLoader Init config took 2.4s 
235031     INFO  main            d.u.i.k.p.i.AbstractProblemLoader Replaying proof normalisation3.key 
235033     DEBUG main            d.u.i.k.p.i.IntermediateProofReplayer Proof replay took 7.1ns 
235134     INFO  main            d.u.i.k.p.r.p.TestFile    ... finished proof: closed. 
235469     INFO  main            d.u.i.k.p.i.AbstractProblemLoader Loading environment from /home/runner/work/key/key/key.core/../key.ui/examples/standard_key/quantifiers/normalisation3.key.proof 
235469     DEBUG main            d.u.i.k.p.i.AbstractProblemLoader Environment load took 102.4ns 
235471     INFO  main            d.u.i.k.p.i.AbstractProblemLoader Creating init config 
237857     DEBUG main            d.u.i.k.p.i.AbstractProblemLoader Init config took 2.39s 
237870     INFO  main            d.u.i.k.p.i.AbstractProblemLoader Replaying proof normalisation3.key.proof 
237873     DEBUG main            d.u.i.k.p.i.IntermediateProofReplayer Proof replay took 1.19ms 
237874     DEBUG main            d.u.i.k.p.r.p.TestFile    ... success: reloaded. 
237874     INFO  main            d.u.i.k.p.r.p.TestFile    Now processing file /home/runner/work/key/key/key.core/../key.ui/examples/standard_key/quantifiers/normalisation4.key 
237875     INFO  main            d.u.i.k.p.i.AbstractProblemLoader Loading environment from /home/runner/work/key/key/key.core/../key.ui/examples/standard_key/quantifiers/normalisation4.key 
237875     DEBUG main            d.u.i.k.p.i.AbstractProblemLoader Environment load took 113ns 
237876     INFO  main            d.u.i.k.p.i.AbstractProblemLoader Creating init config 
240306     DEBUG main            d.u.i.k.p.i.AbstractProblemLoader Init config took 2.43s 
240320     INFO  main            d.u.i.k.p.i.AbstractProblemLoader Replaying proof normalisation4.key 
240321     DEBUG main            d.u.i.k.p.i.IntermediateProofReplayer Proof replay took 7.2ns 
240423     INFO  main            d.u.i.k.p.r.p.TestFile    ... finished proof: closed. 
240761     INFO  main            d.u.i.k.p.i.AbstractProblemLoader Loading environment from /home/runner/work/key/key/key.core/../key.ui/examples/standard_key/quantifiers/normalisation4.key.proof 
240761     DEBUG main            d.u.i.k.p.i.AbstractProblemLoader Environment load took 101.7ns 
240762     INFO  main            d.u.i.k.p.i.AbstractProblemLoader Creating init config 
243138     DEBUG main            d.u.i.k.p.i.AbstractProblemLoader Init config took 2.38s 
243151     INFO  main            d.u.i.k.p.i.AbstractProblemLoader Replaying proof normalisation4.key.proof 
243155     DEBUG main            d.u.i.k.p.i.IntermediateProofReplayer Proof replay took 2.08ms 
243156     DEBUG main            d.u.i.k.p.r.p.TestFile    ... success: reloaded. 
243158     INFO  main            d.u.i.k.p.r.p.TestFile    Now processing file /home/runner/work/key/key/key.core/../key.ui/examples/standard_key/quantifiers/normalisation5.key 
243158     INFO  main            d.u.i.k.p.i.AbstractProblemLoader Loading environment from /home/runner/work/key/key/key.core/../key.ui/examples/standard_key/quantifiers/normalisation5.key 
243158     DEBUG main            d.u.i.k.p.i.AbstractProblemLoader Environment load took 168.7ns 
243159     INFO  main            d.u.i.k.p.i.AbstractProblemLoader Creating init config 
245578     DEBUG main            d.u.i.k.p.i.AbstractProblemLoader Init config took 2.42s 
245591     INFO  main            d.u.i.k.p.i.AbstractProblemLoader Replaying proof normalisation5.key 
245592     DEBUG main            d.u.i.k.p.i.IntermediateProofReplayer Proof replay took 7.1ns 
245694     INFO  main            d.u.i.k.p.r.p.TestFile    ... finished proof: closed. 
246041     INFO  main            d.u.i.k.p.i.AbstractProblemLoader Loading environment from /home/runner/work/key/key/key.core/../key.ui/examples/standard_key/quantifiers/normalisation5.key.proof 
246041     DEBUG main            d.u.i.k.p.i.AbstractProblemLoader Environment load took 102.8ns 
246042     INFO  main            d.u.i.k.p.i.AbstractProblemLoader Creating init config 
248451     DEBUG main            d.u.i.k.p.i.AbstractProblemLoader Init config took 2.41s 
248464     INFO  main            d.u.i.k.p.i.AbstractProblemLoader Replaying proof normalisation5.key.proof 
248468     DEBUG main            d.u.i.k.p.i.IntermediateProofReplayer Proof replay took 2.47ms 
248469     DEBUG main            d.u.i.k.p.r.p.TestFile    ... success: reloaded. 
248470     INFO  main            d.u.i.k.p.r.p.TestFile    Now processing file /home/runner/work/key/key/key.core/../key.ui/examples/standard_key/quantifiers/normalisation6.key 
248470     INFO  main            d.u.i.k.p.i.AbstractProblemLoader Loading environment from /home/runner/work/key/key/key.core/../key.ui/examples/standard_key/quantifiers/normalisation6.key 
248476     DEBUG main            d.u.i.k.p.i.AbstractProblemLoader Environment load took 5.87ms 
248478     INFO  main            d.u.i.k.p.i.AbstractProblemLoader Creating init config 
250892     DEBUG main            d.u.i.k.p.i.AbstractProblemLoader Init config took 2.41s 
250906     INFO  main            d.u.i.k.p.i.AbstractProblemLoader Replaying proof normalisation6.key 
250907     DEBUG main            d.u.i.k.p.i.IntermediateProofReplayer Proof replay took 6.5ns 
251009     INFO  main            d.u.i.k.p.r.p.TestFile    ... finished proof: closed. 
251349     INFO  main            d.u.i.k.p.i.AbstractProblemLoader Loading environment from /home/runner/work/key/key/key.core/../key.ui/examples/standard_key/quantifiers/normalisation6.key.proof 
251349     DEBUG main            d.u.i.k.p.i.AbstractProblemLoader Environment load took 110.5ns 
251350     INFO  main            d.u.i.k.p.i.AbstractProblemLoader Creating init config 
253729     DEBUG main            d.u.i.k.p.i.AbstractProblemLoader Init config took 2.38s 
253743     INFO  main            d.u.i.k.p.i.AbstractProblemLoader Replaying proof normalisation6.key.proof 
253745     DEBUG main            d.u.i.k.p.i.IntermediateProofReplayer Proof replay took 1.11ms 
253746     DEBUG main            d.u.i.k.p.r.p.TestFile    ... success: reloaded. 
253746     INFO  main            d.u.i.k.p.r.p.TestFile    Now processing file /home/runner/work/key/key/key.core/../key.ui/examples/standard_key/quantifiers/normalisation7.key 
253747     INFO  main            d.u.i.k.p.i.AbstractProblemLoader Loading environment from /home/runner/work/key/key/key.core/../key.ui/examples/standard_key/quantifiers/normalisation7.key 
253747     DEBUG main            d.u.i.k.p.i.AbstractProblemLoader Environment load took 76.3ns 
253748     INFO  main            d.u.i.k.p.i.AbstractProblemLoader Creating init config 
256166     DEBUG main            d.u.i.k.p.i.AbstractProblemLoader Init config took 2.42s 
256180     INFO  main            d.u.i.k.p.i.AbstractProblemLoader Replaying proof normalisation7.key 
256181     DEBUG main            d.u.i.k.p.i.IntermediateProofReplayer Proof replay took 7.4ns 
256283     INFO  main            d.u.i.k.p.r.p.TestFile    ... finished proof: closed. 
256634     INFO  main            d.u.i.k.p.i.AbstractProblemLoader Loading environment from /home/runner/work/key/key/key.core/../key.ui/examples/standard_key/quantifiers/normalisation7.key.proof 
256635     DEBUG main            d.u.i.k.p.i.AbstractProblemLoader Environment load took 95.7ns 
256635     INFO  main            d.u.i.k.p.i.AbstractProblemLoader Creating init config 
259013     DEBUG main            d.u.i.k.p.i.AbstractProblemLoader Init config took 2.38s 
259028     INFO  main            d.u.i.k.p.i.AbstractProblemLoader Replaying proof normalisation7.key.proof 
259030     DEBUG main            d.u.i.k.p.i.IntermediateProofReplayer Proof replay took 1.1ms 
259031     DEBUG main            d.u.i.k.p.r.p.TestFile    ... success: reloaded. 
259032     INFO  main            d.u.i.k.p.r.p.TestFile    Now processing file /home/runner/work/key/key/key.core/../key.ui/examples/standard_key/quantifiers/normalisation8.key 
259032     INFO  main            d.u.i.k.p.i.AbstractProblemLoader Loading environment from /home/runner/work/key/key/key.core/../key.ui/examples/standard_key/quantifiers/normalisation8.key 
259032     DEBUG main            d.u.i.k.p.i.AbstractProblemLoader Environment load took 72.2ns 
259033     INFO  main            d.u.i.k.p.i.AbstractProblemLoader Creating init config 
261447     DEBUG main            d.u.i.k.p.i.AbstractProblemLoader Init config took 2.41s 
261460     INFO  main            d.u.i.k.p.i.AbstractProblemLoader Replaying proof normalisation8.key 
261461     DEBUG main            d.u.i.k.p.i.IntermediateProofReplayer Proof replay took 6.4ns 
261563     INFO  main            d.u.i.k.p.r.p.TestFile    ... finished proof: closed. 
261918     INFO  main            d.u.i.k.p.i.AbstractProblemLoader Loading environment from /home/runner/work/key/key/key.core/../key.ui/examples/standard_key/quantifiers/normalisation8.key.proof 
261918     DEBUG main            d.u.i.k.p.i.AbstractProblemLoader Environment load took 84.1ns 
261919     INFO  main            d.u.i.k.p.i.AbstractProblemLoader Creating init config 
264295     DEBUG main            d.u.i.k.p.i.AbstractProblemLoader Init config took 2.38s 
264309     INFO  main            d.u.i.k.p.i.AbstractProblemLoader Replaying proof normalisation8.key.proof 
264313     DEBUG main            d.u.i.k.p.i.IntermediateProofReplayer Proof replay took 2.39ms 
264313     DEBUG main            d.u.i.k.p.r.p.TestFile    ... success: reloaded. 
264317     INFO  main            d.u.i.k.p.r.p.TestFile    Now processing file /home/runner/work/key/key/key.core/../key.ui/examples/standard_key/quantifiers/normalisation9.key 
264317     INFO  main            d.u.i.k.p.i.AbstractProblemLoader Loading environment from /home/runner/work/key/key/key.core/../key.ui/examples/standard_key/quantifiers/normalisation9.key 
264317     DEBUG main            d.u.i.k.p.i.AbstractProblemLoader Environment load took 75.4ns 
264318     INFO  main            d.u.i.k.p.i.AbstractProblemLoader Creating init config 
266748     DEBUG main            d.u.i.k.p.i.AbstractProblemLoader Init config took 2.43s 
266761     INFO  main            d.u.i.k.p.i.AbstractProblemLoader Replaying proof normalisation9.key 
266762     DEBUG main            d.u.i.k.p.i.IntermediateProofReplayer Proof replay took 6.5ns 
266865     INFO  main            d.u.i.k.p.r.p.TestFile    ... finished proof: closed. 
267231     INFO  main            d.u.i.k.p.i.AbstractProblemLoader Loading environment from /home/runner/work/key/key/key.core/../key.ui/examples/standard_key/quantifiers/normalisation9.key.proof 
267231     DEBUG main            d.u.i.k.p.i.AbstractProblemLoader Environment load took 85.3ns 
267232     INFO  main            d.u.i.k.p.i.AbstractProblemLoader Creating init config 
269608     DEBUG main            d.u.i.k.p.i.AbstractProblemLoader Init config took 2.38s 
269623     INFO  main            d.u.i.k.p.i.AbstractProblemLoader Replaying proof normalisation9.key.proof 
269627     DEBUG main            d.u.i.k.p.i.IntermediateProofReplayer Proof replay took 2.28ms 
269627     DEBUG main            d.u.i.k.p.r.p.TestFile    ... success: reloaded. 
269628     INFO  main            d.u.i.k.p.r.p.TestFile    Now processing file /home/runner/work/key/key/key.core/../key.ui/examples/standard_key/quantifiers/normalisation10.key 
269629     INFO  main            d.u.i.k.p.i.AbstractProblemLoader Loading environment from /home/runner/work/key/key/key.core/../key.ui/examples/standard_key/quantifiers/normalisation10.key 
269629     DEBUG main            d.u.i.k.p.i.AbstractProblemLoader Environment load took 155.2ns 
269630     INFO  main            d.u.i.k.p.i.AbstractProblemLoader Creating init config 
272058     DEBUG main            d.u.i.k.p.i.AbstractProblemLoader Init config took 2.43s 
272071     INFO  main            d.u.i.k.p.i.AbstractProblemLoader Replaying proof normalisation10.key 
272073     DEBUG main            d.u.i.k.p.i.IntermediateProofReplayer Proof replay took 6.1ns 
272176     INFO  main            d.u.i.k.p.r.p.TestFile    ... finished proof: closed. 
272535     INFO  main            d.u.i.k.p.i.AbstractProblemLoader Loading environment from /home/runner/work/key/key/key.core/../key.ui/examples/standard_key/quantifiers/normalisation10.key.proof 
272535     DEBUG main            d.u.i.k.p.i.AbstractProblemLoader Environment load took 98.3ns 
272536     INFO  main            d.u.i.k.p.i.AbstractProblemLoader Creating init config 
274905     DEBUG main            d.u.i.k.p.i.AbstractProblemLoader Init config took 2.37s 
274918     INFO  main            d.u.i.k.p.i.AbstractProblemLoader Replaying proof normalisation10.key.proof 
274922     DEBUG main            d.u.i.k.p.i.IntermediateProofReplayer Proof replay took 2.76ms 
274923     DEBUG main            d.u.i.k.p.r.p.TestFile    ... success: reloaded. 
274924     INFO  main            d.u.i.k.p.r.p.TestFile    Now processing file /home/runner/work/key/key/key.core/../key.ui/examples/standard_key/quantifiers/normalisation12.key 
274924     INFO  main            d.u.i.k.p.i.AbstractProblemLoader Loading environment from /home/runner/work/key/key/key.core/../key.ui/examples/standard_key/quantifiers/normalisation12.key 
274924     DEBUG main            d.u.i.k.p.i.AbstractProblemLoader Environment load took 70.9ns 
274925     INFO  main            d.u.i.k.p.i.AbstractProblemLoader Creating init config 
277347     DEBUG main            d.u.i.k.p.i.AbstractProblemLoader Init config took 2.42s 
277361     INFO  main            d.u.i.k.p.i.AbstractProblemLoader Replaying proof normalisation12.key 
277363     DEBUG main            d.u.i.k.p.i.IntermediateProofReplayer Proof replay took 6.8ns 
277470     INFO  main            d.u.i.k.p.r.p.TestFile    ... finished proof: closed. 
277846     INFO  main            d.u.i.k.p.i.AbstractProblemLoader Loading environment from /home/runner/work/key/key/key.core/../key.ui/examples/standard_key/quantifiers/normalisation12.key.proof 
277846     DEBUG main            d.u.i.k.p.i.AbstractProblemLoader Environment load took 82.3ns 
277847     INFO  main            d.u.i.k.p.i.AbstractProblemLoader Creating init config 
280217     DEBUG main            d.u.i.k.p.i.AbstractProblemLoader Init config took 2.37s 
280231     INFO  main            d.u.i.k.p.i.AbstractProblemLoader Replaying proof normalisation12.key.proof 
280233     DEBUG main            d.u.i.k.p.i.IntermediateProofReplayer Proof replay took 774.5ns 
280233     DEBUG main            d.u.i.k.p.r.p.TestFile    ... success: reloaded. 
280234     INFO  main            d.u.i.k.p.r.p.TestFile    Now processing file /home/runner/work/key/key/key.core/../key.ui/examples/standard_key/quantifiers/normalisation13.key 
280234     INFO  main            d.u.i.k.p.i.AbstractProblemLoader Loading environment from /home/runner/work/key/key/key.core/../key.ui/examples/standard_key/quantifiers/normalisation13.key 
280234     DEBUG main            d.u.i.k.p.i.AbstractProblemLoader Environment load took 74.4ns 
280246     INFO  main            d.u.i.k.p.i.AbstractProblemLoader Creating init config 
282671     DEBUG main            d.u.i.k.p.i.AbstractProblemLoader Init config took 2.43s 
282684     INFO  main            d.u.i.k.p.i.AbstractProblemLoader Replaying proof normalisation13.key 
282686     DEBUG main            d.u.i.k.p.i.IntermediateProofReplayer Proof replay took 6.4ns 
282787     INFO  main            d.u.i.k.p.r.p.TestFile    ... finished proof: closed. 
283163     INFO  main            d.u.i.k.p.i.AbstractProblemLoader Loading environment from /home/runner/work/key/key/key.core/../key.ui/examples/standard_key/quantifiers/normalisation13.key.proof 
283163     DEBUG main            d.u.i.k.p.i.AbstractProblemLoader Environment load took 85.9ns 
283164     INFO  main            d.u.i.k.p.i.AbstractProblemLoader Creating init config 
285546     DEBUG main            d.u.i.k.p.i.AbstractProblemLoader Init config took 2.38s 
285559     INFO  main            d.u.i.k.p.i.AbstractProblemLoader Replaying proof normalisation13.key.proof 
285560     DEBUG main            d.u.i.k.p.i.IntermediateProofReplayer Proof replay took 543.9ns 
285561     DEBUG main            d.u.i.k.p.r.p.TestFile    ... success: reloaded. 
285562     INFO  main            d.u.i.k.p.r.p.TestFile    Now processing file /home/runner/work/key/key/key.core/../key.ui/examples/standard_key/quantifiers/triggers0.key 
285562     INFO  main            d.u.i.k.p.i.AbstractProblemLoader Loading environment from /home/runner/work/key/key/key.core/../key.ui/examples/standard_key/quantifiers/triggers0.key 
285562     DEBUG main            d.u.i.k.p.i.AbstractProblemLoader Environment load took 43.2ns 
285563     INFO  main            d.u.i.k.p.i.AbstractProblemLoader Creating init config 
288002     DEBUG main            d.u.i.k.p.i.AbstractProblemLoader Init config took 2.44s 
288016     INFO  main            d.u.i.k.p.i.AbstractProblemLoader Replaying proof triggers0.key 
288018     DEBUG main            d.u.i.k.p.i.IntermediateProofReplayer Proof replay took 7.3ns 
288120     INFO  main            d.u.i.k.p.r.p.TestFile    ... finished proof: closed. 
288501     INFO  main            d.u.i.k.p.i.AbstractProblemLoader Loading environment from /home/runner/work/key/key/key.core/../key.ui/examples/standard_key/quantifiers/triggers0.key.proof 
288501     DEBUG main            d.u.i.k.p.i.AbstractProblemLoader Environment load took 84.4ns 
288502     INFO  main            d.u.i.k.p.i.AbstractProblemLoader Creating init config 
290889     DEBUG main            d.u.i.k.p.i.AbstractProblemLoader Init config took 2.39s 
290902     INFO  main            d.u.i.k.p.i.AbstractProblemLoader Replaying proof triggers0.key.proof 
290904     DEBUG main            d.u.i.k.p.i.IntermediateProofReplayer Proof replay took 879.21ns 
290905     DEBUG main            d.u.i.k.p.r.p.TestFile    ... success: reloaded. 
3749771    INFO  Test worker     d.u.i.k.p.r.RunAllProofsTestUnit Returning from test FOL 
3749772    INFO  Test worker     d.u.i.k.p.r.RunAllProofsTestUnit Running test strings 
381        INFO  Timeout watchdog d.u.i.k.p.r.p.ForkedTestFileRunner Timeout watcher launched (2000 secs.) 
406        WARN  main            d.u.i.k.s.ProofSettings   The settings in /home/runner/.key/proof-settings.props are *not* read. 
448        INFO  main            d.u.i.k.p.r.p.TestFile    Now processing file /home/runner/work/key/key/key.core/../key.ui/examples/standard_key/strings/charAt0.key 
580        INFO  main            d.u.i.k.p.i.AbstractProblemLoader Loading environment from /home/runner/work/key/key/key.core/../key.ui/examples/standard_key/strings/charAt0.key 
596        DEBUG main            d.u.i.k.p.i.AbstractProblemLoader Environment load took 1.92ms 
837        INFO  main            d.u.i.k.p.i.AbstractProblemLoader Creating init config 
1716       DEBUG main            d.u.i.k.j.TypeConverter   No LDT found for Meta 
1716       DEBUG main            d.u.i.k.j.TypeConverter   No LDT found for Meta 
1718       DEBUG main            d.u.i.k.j.TypeConverter   No LDT found for Meta 
1718       DEBUG main            d.u.i.k.j.TypeConverter   No LDT found for Meta 
3473       DEBUG main            d.u.i.k.j.TypeConverter   No LDT found for JavaBigintExpression 
8239       DEBUG main            d.u.i.k.p.i.AbstractProblemLoader Init config took 7.4s 
8299       INFO  main            d.u.i.k.p.i.AbstractProblemLoader Replaying proof charAt0.key 
8332       DEBUG main            d.u.i.k.p.i.IntermediateProofReplayer Proof replay took 36.8ns 
8702       INFO  main            d.u.i.k.p.r.p.TestFile    ... finished proof: closed. 
8807       INFO  main            d.u.i.k.p.i.AbstractProblemLoader Loading environment from /home/runner/work/key/key/key.core/../key.ui/examples/standard_key/strings/charAt0.key.proof 
8808       DEBUG main            d.u.i.k.p.i.AbstractProblemLoader Environment load took 471.8ns 
8812       INFO  main            d.u.i.k.p.i.AbstractProblemLoader Creating init config 
11412      DEBUG main            d.u.i.k.p.i.AbstractProblemLoader Init config took 2.6s 
11466      INFO  main            d.u.i.k.p.i.AbstractProblemLoader Replaying proof charAt0.key.proof 
11506      DEBUG main            d.u.i.k.p.i.IntermediateProofReplayer Proof replay took 31.12ms 
11522      DEBUG main            d.u.i.k.p.r.p.TestFile    ... success: reloaded. 
11525      INFO  main            d.u.i.k.p.r.p.TestFile    Now processing file /home/runner/work/key/key/key.core/../key.ui/examples/standard_key/strings/charAt1.key 
11525      INFO  main            d.u.i.k.p.i.AbstractProblemLoader Loading environment from /home/runner/work/key/key/key.core/../key.ui/examples/standard_key/strings/charAt1.key 
11526      DEBUG main            d.u.i.k.p.i.AbstractProblemLoader Environment load took 198ns 
11530      INFO  main            d.u.i.k.p.i.AbstractProblemLoader Creating init config 
14132      DEBUG main            d.u.i.k.p.i.AbstractProblemLoader Init config took 2.6s 
14160      INFO  main            d.u.i.k.p.i.AbstractProblemLoader Replaying proof charAt1.key 
14162      DEBUG main            d.u.i.k.p.i.IntermediateProofReplayer Proof replay took 6.1ns 
14372      INFO  main            d.u.i.k.p.r.p.TestFile    ... finished proof: closed. 
14516      INFO  main            d.u.i.k.p.i.AbstractProblemLoader Loading environment from /home/runner/work/key/key/key.core/../key.ui/examples/standard_key/strings/charAt1.key.proof 
14517      DEBUG main            d.u.i.k.p.i.AbstractProblemLoader Environment load took 605.1ns 
14521      INFO  main            d.u.i.k.p.i.AbstractProblemLoader Creating init config 
16977      DEBUG main            d.u.i.k.p.i.AbstractProblemLoader Init config took 2.46s 
17000      INFO  main            d.u.i.k.p.i.AbstractProblemLoader Replaying proof charAt1.key.proof 
17014      DEBUG main            d.u.i.k.p.i.IntermediateProofReplayer Proof replay took 10.68ms 
17015      DEBUG main            d.u.i.k.p.r.p.TestFile    ... success: reloaded. 
17016      INFO  main            d.u.i.k.p.r.p.TestFile    Now processing file /home/runner/work/key/key/key.core/../key.ui/examples/standard_key/strings/concat1.key 
17016      INFO  main            d.u.i.k.p.i.AbstractProblemLoader Loading environment from /home/runner/work/key/key/key.core/../key.ui/examples/standard_key/strings/concat1.key 
17017      DEBUG main            d.u.i.k.p.i.AbstractProblemLoader Environment load took 183.7ns 
17018      INFO  main            d.u.i.k.p.i.AbstractProblemLoader Creating init config 
19500      DEBUG main            d.u.i.k.p.i.AbstractProblemLoader Init config took 2.48s 
19519      INFO  main            d.u.i.k.p.i.AbstractProblemLoader Replaying proof concat1.key 
19521      DEBUG main            d.u.i.k.p.i.IntermediateProofReplayer Proof replay took 6.7ns 
19624      INFO  main            d.u.i.k.p.r.p.TestFile    ... finished proof: closed. 
19771      INFO  main            d.u.i.k.p.i.AbstractProblemLoader Loading environment from /home/runner/work/key/key/key.core/../key.ui/examples/standard_key/strings/concat1.key.proof 
19771      DEBUG main            d.u.i.k.p.i.AbstractProblemLoader Environment load took 123.1ns 
19772      INFO  main            d.u.i.k.p.i.AbstractProblemLoader Creating init config 
22169      DEBUG main            d.u.i.k.p.i.AbstractProblemLoader Init config took 2.4s 
22190      INFO  main            d.u.i.k.p.i.AbstractProblemLoader Replaying proof concat1.key.proof 
22193      DEBUG main            d.u.i.k.p.i.IntermediateProofReplayer Proof replay took 1.2ms 
22194      DEBUG main            d.u.i.k.p.r.p.TestFile    ... success: reloaded. 
22195      INFO  main            d.u.i.k.p.r.p.TestFile    Now processing file /home/runner/work/key/key/key.core/../key.ui/examples/standard_key/strings/concat2.key 
22195      INFO  main            d.u.i.k.p.i.AbstractProblemLoader Loading environment from /home/runner/work/key/key/key.core/../key.ui/examples/standard_key/strings/concat2.key 
22195      DEBUG main            d.u.i.k.p.i.AbstractProblemLoader Environment load took 81.2ns 
22196      INFO  main            d.u.i.k.p.i.AbstractProblemLoader Creating init config 
24618      DEBUG main            d.u.i.k.p.i.AbstractProblemLoader Init config took 2.42s 
24641      INFO  main            d.u.i.k.p.i.AbstractProblemLoader Replaying proof concat2.key 
24642      DEBUG main            d.u.i.k.p.i.IntermediateProofReplayer Proof replay took 6.4ns 
24745      INFO  main            d.u.i.k.p.r.p.TestFile    ... finished proof: closed. 
24878      INFO  main            d.u.i.k.p.i.AbstractProblemLoader Loading environment from /home/runner/work/key/key/key.core/../key.ui/examples/standard_key/strings/concat2.key.proof 
24879      DEBUG main            d.u.i.k.p.i.AbstractProblemLoader Environment load took 120.6ns 
24880      INFO  main            d.u.i.k.p.i.AbstractProblemLoader Creating init config 
27227      DEBUG main            d.u.i.k.p.i.AbstractProblemLoader Init config took 2.35s 
27247      INFO  main            d.u.i.k.p.i.AbstractProblemLoader Replaying proof concat2.key.proof 
27256      DEBUG main            d.u.i.k.p.i.IntermediateProofReplayer Proof replay took 6.57ms 
27257      DEBUG main            d.u.i.k.p.r.p.TestFile    ... success: reloaded. 
27257      INFO  main            d.u.i.k.p.r.p.TestFile    Now processing file /home/runner/work/key/key/key.core/../key.ui/examples/standard_key/strings/deriveLength1.key 
27258      INFO  main            d.u.i.k.p.i.AbstractProblemLoader Loading environment from /home/runner/work/key/key/key.core/../key.ui/examples/standard_key/strings/deriveLength1.key 
27258      DEBUG main            d.u.i.k.p.i.AbstractProblemLoader Environment load took 97.8ns 
27259      INFO  main            d.u.i.k.p.i.AbstractProblemLoader Creating init config 
29598      DEBUG main            d.u.i.k.p.i.AbstractProblemLoader Init config took 2.34s 
29617      INFO  main            d.u.i.k.p.i.AbstractProblemLoader Replaying proof deriveLength1.key 
29619      DEBUG main            d.u.i.k.p.i.IntermediateProofReplayer Proof replay took 6.4ns 
29722      INFO  main            d.u.i.k.p.r.p.TestFile    ... finished proof: closed. 
29869      INFO  main            d.u.i.k.p.i.AbstractProblemLoader Loading environment from /home/runner/work/key/key/key.core/../key.ui/examples/standard_key/strings/deriveLength1.key.proof 
29869      DEBUG main            d.u.i.k.p.i.AbstractProblemLoader Environment load took 122.3ns 
29870      INFO  main            d.u.i.k.p.i.AbstractProblemLoader Creating init config 
32237      DEBUG main            d.u.i.k.p.i.AbstractProblemLoader Init config took 2.37s 
32256      INFO  main            d.u.i.k.p.i.AbstractProblemLoader Replaying proof deriveLength1.key.proof 
32273      DEBUG main            d.u.i.k.p.i.IntermediateProofReplayer Proof replay took 14.74ms 
32275      DEBUG main            d.u.i.k.p.r.p.TestFile    ... success: reloaded. 
32276      INFO  main            d.u.i.k.p.r.p.TestFile    Now processing file /home/runner/work/key/key/key.core/../key.ui/examples/standard_key/strings/emptyStringLengthZero.key 
32276      INFO  main            d.u.i.k.p.i.AbstractProblemLoader Loading environment from /home/runner/work/key/key/key.core/../key.ui/examples/standard_key/strings/emptyStringLengthZero.key 
32276      DEBUG main            d.u.i.k.p.i.AbstractProblemLoader Environment load took 113.7ns 
32277      INFO  main            d.u.i.k.p.i.AbstractProblemLoader Creating init config 
34686      DEBUG main            d.u.i.k.p.i.AbstractProblemLoader Init config took 2.41s 
34705      INFO  main            d.u.i.k.p.i.AbstractProblemLoader Replaying proof emptyStringLengthZero.key 
34707      DEBUG main            d.u.i.k.p.i.IntermediateProofReplayer Proof replay took 6.9ns 
34810      INFO  main            d.u.i.k.p.r.p.TestFile    ... finished proof: closed. 
34959      INFO  main            d.u.i.k.p.i.AbstractProblemLoader Loading environment from /home/runner/work/key/key/key.core/../key.ui/examples/standard_key/strings/emptyStringLengthZero.key.proof 
34960      DEBUG main            d.u.i.k.p.i.AbstractProblemLoader Environment load took 131.4ns 
34962      INFO  main            d.u.i.k.p.i.AbstractProblemLoader Creating init config 
37274      DEBUG main            d.u.i.k.p.i.AbstractProblemLoader Init config took 2.31s 
37293      INFO  main            d.u.i.k.p.i.AbstractProblemLoader Replaying proof emptyStringLengthZero.key.proof 
37297      DEBUG main            d.u.i.k.p.i.IntermediateProofReplayer Proof replay took 2.69ms 
37298      DEBUG main            d.u.i.k.p.r.p.TestFile    ... success: reloaded. 
37299      INFO  main            d.u.i.k.p.r.p.TestFile    Now processing file /home/runner/work/key/key/key.core/../key.ui/examples/standard_key/strings/implicitBooleanStringConversion.key 
37299      INFO  main            d.u.i.k.p.i.AbstractProblemLoader Loading environment from /home/runner/work/key/key/key.core/../key.ui/examples/standard_key/strings/implicitBooleanStringConversion.key 
37300      DEBUG main            d.u.i.k.p.i.AbstractProblemLoader Environment load took 174.2ns 
37301      INFO  main            d.u.i.k.p.i.AbstractProblemLoader Creating init config 
39681      DEBUG main            d.u.i.k.p.i.AbstractProblemLoader Init config took 2.38s 
39703      INFO  main            d.u.i.k.p.i.AbstractProblemLoader Replaying proof implicitBooleanStringConversion.key 
39706      DEBUG main            d.u.i.k.p.i.IntermediateProofReplayer Proof replay took 7.2ns 
40615      INFO  main            d.u.i.k.p.r.p.TestFile    ... finished proof: closed. 
40881      INFO  main            d.u.i.k.p.i.AbstractProblemLoader Loading environment from /home/runner/work/key/key/key.core/../key.ui/examples/standard_key/strings/implicitBooleanStringConversion.key.proof 
40883      DEBUG main            d.u.i.k.p.i.AbstractProblemLoader Environment load took 1.71ms 
40885      INFO  main            d.u.i.k.p.i.AbstractProblemLoader Creating init config 
43183      DEBUG main            d.u.i.k.p.i.AbstractProblemLoader Init config took 2.3s 
43203      INFO  main            d.u.i.k.p.i.AbstractProblemLoader Replaying proof implicitBooleanStringConversion.key.proof 
43259      DEBUG main            d.u.i.k.p.i.IntermediateProofReplayer Proof replay took 51.38ms 
43260      DEBUG main            d.u.i.k.p.r.p.TestFile    ... success: reloaded. 
43261      INFO  main            d.u.i.k.p.r.p.TestFile    Now processing file /home/runner/work/key/key/key.core/../key.ui/examples/standard_key/strings/implicitBooleanStringConversion2.key 
43261      INFO  main            d.u.i.k.p.i.AbstractProblemLoader Loading environment from /home/runner/work/key/key/key.core/../key.ui/examples/standard_key/strings/implicitBooleanStringConversion2.key 
43261      DEBUG main            d.u.i.k.p.i.AbstractProblemLoader Environment load took 109.1ns 
43262      INFO  main            d.u.i.k.p.i.AbstractProblemLoader Creating init config 
45653      DEBUG main            d.u.i.k.p.i.AbstractProblemLoader Init config took 2.39s 
45669      INFO  main            d.u.i.k.p.i.AbstractProblemLoader Replaying proof implicitBooleanStringConversion2.key 
45671      DEBUG main            d.u.i.k.p.i.IntermediateProofReplayer Proof replay took 6.3ns 
45974      INFO  main            d.u.i.k.p.r.p.TestFile    ... finished proof: closed. 
46165      INFO  main            d.u.i.k.p.i.AbstractProblemLoader Loading environment from /home/runner/work/key/key/key.core/../key.ui/examples/standard_key/strings/implicitBooleanStringConversion2.key.proof 
46166      DEBUG main            d.u.i.k.p.i.AbstractProblemLoader Environment load took 362.1ns 
46167      INFO  main            d.u.i.k.p.i.AbstractProblemLoader Creating init config 
48465      DEBUG main            d.u.i.k.p.i.AbstractProblemLoader Init config took 2.3s 
48482      INFO  main            d.u.i.k.p.i.AbstractProblemLoader Replaying proof implicitBooleanStringConversion2.key.proof 
48504      DEBUG main            d.u.i.k.p.i.IntermediateProofReplayer Proof replay took 19.3ms 
48505      DEBUG main            d.u.i.k.p.r.p.TestFile    ... success: reloaded. 
48506      INFO  main            d.u.i.k.p.r.p.TestFile    Now processing file /home/runner/work/key/key/key.core/../key.ui/examples/standard_key/strings/implicitIntStringConversion.key 
48506      INFO  main            d.u.i.k.p.i.AbstractProblemLoader Loading environment from /home/runner/work/key/key/key.core/../key.ui/examples/standard_key/strings/implicitIntStringConversion.key 
48506      DEBUG main            d.u.i.k.p.i.AbstractProblemLoader Environment load took 103.4ns 
48507      INFO  main            d.u.i.k.p.i.AbstractProblemLoader Creating init config 
50839      DEBUG main            d.u.i.k.p.i.AbstractProblemLoader Init config took 2.33s 
50856      INFO  main            d.u.i.k.p.i.AbstractProblemLoader Replaying proof implicitIntStringConversion.key 
50857      DEBUG main            d.u.i.k.p.i.IntermediateProofReplayer Proof replay took 6.5ns 
51461      INFO  main            d.u.i.k.p.r.p.TestFile    ... finished proof: closed. 
51649      INFO  main            d.u.i.k.p.i.AbstractProblemLoader Loading environment from /home/runner/work/key/key/key.core/../key.ui/examples/standard_key/strings/implicitIntStringConversion.key.proof 
51649      DEBUG main            d.u.i.k.p.i.AbstractProblemLoader Environment load took 128.2ns 
51651      INFO  main            d.u.i.k.p.i.AbstractProblemLoader Creating init config 
53925      DEBUG main            d.u.i.k.p.i.AbstractProblemLoader Init config took 2.27s 
53943      INFO  main            d.u.i.k.p.i.AbstractProblemLoader Replaying proof implicitIntStringConversion.key.proof 
53986      DEBUG main            d.u.i.k.p.i.IntermediateProofReplayer Proof replay took 37.4ms 
53987      DEBUG main            d.u.i.k.p.r.p.TestFile    ... success: reloaded. 
53988      INFO  main            d.u.i.k.p.r.p.TestFile    Now processing file /home/runner/work/key/key/key.core/../key.ui/examples/standard_key/strings/implicitNullStringConversion.key 
53988      INFO  main            d.u.i.k.p.i.AbstractProblemLoader Loading environment from /home/runner/work/key/key/key.core/../key.ui/examples/standard_key/strings/implicitNullStringConversion.key 
53988      DEBUG main            d.u.i.k.p.i.AbstractProblemLoader Environment load took 188.7ns 
53989      INFO  main            d.u.i.k.p.i.AbstractProblemLoader Creating init config 
56339      DEBUG main            d.u.i.k.p.i.AbstractProblemLoader Init config took 2.35s 
56355      INFO  main            d.u.i.k.p.i.AbstractProblemLoader Replaying proof implicitNullStringConversion.key 
56357      DEBUG main            d.u.i.k.p.i.IntermediateProofReplayer Proof replay took 6.7ns 
56663      INFO  main            d.u.i.k.p.r.p.TestFile    ... finished proof: closed. 
56875      INFO  main            d.u.i.k.p.i.AbstractProblemLoader Loading environment from /home/runner/work/key/key/key.core/../key.ui/examples/standard_key/strings/implicitNullStringConversion.key.proof 
56875      DEBUG main            d.u.i.k.p.i.AbstractProblemLoader Environment load took 118.4ns 
56876      INFO  main            d.u.i.k.p.i.AbstractProblemLoader Creating init config 
59204      DEBUG main            d.u.i.k.p.i.AbstractProblemLoader Init config took 2.33s 
59222      INFO  main            d.u.i.k.p.i.AbstractProblemLoader Replaying proof implicitNullStringConversion.key.proof 
59243      DEBUG main            d.u.i.k.p.i.IntermediateProofReplayer Proof replay took 17.61ms 
59244      DEBUG main            d.u.i.k.p.r.p.TestFile    ... success: reloaded. 
59244      INFO  main            d.u.i.k.p.r.p.TestFile    Now processing file /home/runner/work/key/key/key.core/../key.ui/examples/standard_key/strings/implicitNullStringConversion2.key 
59245      INFO  main            d.u.i.k.p.i.AbstractProblemLoader Loading environment from /home/runner/work/key/key/key.core/../key.ui/examples/standard_key/strings/implicitNullStringConversion2.key 
59245      DEBUG main            d.u.i.k.p.i.AbstractProblemLoader Environment load took 116.8ns 
59246      INFO  main            d.u.i.k.p.i.AbstractProblemLoader Creating init config 
61527      DEBUG main            d.u.i.k.p.i.AbstractProblemLoader Init config took 2.28s 
61543      INFO  main            d.u.i.k.p.i.AbstractProblemLoader Replaying proof implicitNullStringConversion2.key 
61544      DEBUG main            d.u.i.k.p.i.IntermediateProofReplayer Proof replay took 6ns 
61752      INFO  main            d.u.i.k.p.r.p.TestFile    ... finished proof: closed. 
61967      INFO  main            d.u.i.k.p.i.AbstractProblemLoader Loading environment from /home/runner/work/key/key/key.core/../key.ui/examples/standard_key/strings/implicitNullStringConversion2.key.proof 
61967      DEBUG main            d.u.i.k.p.i.AbstractProblemLoader Environment load took 119.1ns 
61969      INFO  main            d.u.i.k.p.i.AbstractProblemLoader Creating init config 
64311      DEBUG main            d.u.i.k.p.i.AbstractProblemLoader Init config took 2.34s 
64336      INFO  main            d.u.i.k.p.i.AbstractProblemLoader Replaying proof implicitNullStringConversion2.key.proof 
64357      DEBUG main            d.u.i.k.p.i.IntermediateProofReplayer Proof replay took 18.46ms 
64358      DEBUG main            d.u.i.k.p.r.p.TestFile    ... success: reloaded. 
64359      INFO  main            d.u.i.k.p.r.p.TestFile    Now processing file /home/runner/work/key/key/key.core/../key.ui/examples/standard_key/strings/implicitObjectStringConversion.key 
64359      INFO  main            d.u.i.k.p.i.AbstractProblemLoader Loading environment from /home/runner/work/key/key/key.core/../key.ui/examples/standard_key/strings/implicitObjectStringConversion.key 
64359      DEBUG main            d.u.i.k.p.i.AbstractProblemLoader Environment load took 175ns 
64361      INFO  main            d.u.i.k.p.i.AbstractProblemLoader Creating init config 
66817      DEBUG main            d.u.i.k.p.i.AbstractProblemLoader Init config took 2.46s 
66833      INFO  main            d.u.i.k.p.i.AbstractProblemLoader Replaying proof implicitObjectStringConversion.key 
66834      DEBUG main            d.u.i.k.p.i.IntermediateProofReplayer Proof replay took 7.3ns 
67440      INFO  main            d.u.i.k.p.r.p.TestFile    ... finished proof: closed. 
67633      INFO  main            d.u.i.k.p.i.AbstractProblemLoader Loading environment from /home/runner/work/key/key/key.core/../key.ui/examples/standard_key/strings/implicitObjectStringConversion.key.proof 
67634      DEBUG main            d.u.i.k.p.i.AbstractProblemLoader Environment load took 376.1ns 
67635      INFO  main            d.u.i.k.p.i.AbstractProblemLoader Creating init config 
70100      DEBUG main            d.u.i.k.p.i.AbstractProblemLoader Init config took 2.47s 
70119      INFO  main            d.u.i.k.p.i.AbstractProblemLoader Replaying proof implicitObjectStringConversion.key.proof 
70160      DEBUG main            d.u.i.k.p.i.IntermediateProofReplayer Proof replay took 37.5ms 
70161      DEBUG main            d.u.i.k.p.r.p.TestFile    ... success: reloaded. 
70162      INFO  main            d.u.i.k.p.r.p.TestFile    Now processing file /home/runner/work/key/key/key.core/../key.ui/examples/standard_key/strings/literalEquality.key 
70163      INFO  main            d.u.i.k.p.i.AbstractProblemLoader Loading environment from /home/runner/work/key/key/key.core/../key.ui/examples/standard_key/strings/literalEquality.key 
70163      DEBUG main            d.u.i.k.p.i.AbstractProblemLoader Environment load took 184.4ns 
70164      INFO  main            d.u.i.k.p.i.AbstractProblemLoader Creating init config 
72526      DEBUG main            d.u.i.k.p.i.AbstractProblemLoader Init config took 2.36s 
72541      INFO  main            d.u.i.k.p.i.AbstractProblemLoader Replaying proof literalEquality.key 
72542      DEBUG main            d.u.i.k.p.i.IntermediateProofReplayer Proof replay took 6.6ns 
72646      INFO  main            d.u.i.k.p.r.p.TestFile    ... finished proof: closed. 
72869      INFO  main            d.u.i.k.p.i.AbstractProblemLoader Loading environment from /home/runner/work/key/key/key.core/../key.ui/examples/standard_key/strings/literalEquality.key.proof 
72869      DEBUG main            d.u.i.k.p.i.AbstractProblemLoader Environment load took 112.4ns 
72870      INFO  main            d.u.i.k.p.i.AbstractProblemLoader Creating init config 
75169      DEBUG main            d.u.i.k.p.i.AbstractProblemLoader Init config took 2.3s 
75184      INFO  main            d.u.i.k.p.i.AbstractProblemLoader Replaying proof literalEquality.key.proof 
75187      DEBUG main            d.u.i.k.p.i.IntermediateProofReplayer Proof replay took 1.68ms 
75188      DEBUG main            d.u.i.k.p.r.p.TestFile    ... success: reloaded. 
75189      INFO  main            d.u.i.k.p.r.p.TestFile    Now processing file /home/runner/work/key/key/key.core/../key.ui/examples/standard_key/strings/replace0.key 
75189      INFO  main            d.u.i.k.p.i.AbstractProblemLoader Loading environment from /home/runner/work/key/key/key.core/../key.ui/examples/standard_key/strings/replace0.key 
75189      DEBUG main            d.u.i.k.p.i.AbstractProblemLoader Environment load took 177.1ns 
75190      INFO  main            d.u.i.k.p.i.AbstractProblemLoader Creating init config 
77480      DEBUG main            d.u.i.k.p.i.AbstractProblemLoader Init config took 2.29s 
77494      INFO  main            d.u.i.k.p.i.AbstractProblemLoader Replaying proof replace0.key 
77495      DEBUG main            d.u.i.k.p.i.IntermediateProofReplayer Proof replay took 7.7ns 
77597      INFO  main            d.u.i.k.p.r.p.TestFile    ... finished proof: closed. 
77791      INFO  main            d.u.i.k.p.i.AbstractProblemLoader Loading environment from /home/runner/work/key/key/key.core/../key.ui/examples/standard_key/strings/replace0.key.proof 
77791      DEBUG main            d.u.i.k.p.i.AbstractProblemLoader Environment load took 126.3ns 
77792      INFO  main            d.u.i.k.p.i.AbstractProblemLoader Creating init config 
80034      DEBUG main            d.u.i.k.p.i.AbstractProblemLoader Init config took 2.24s 
80049      INFO  main            d.u.i.k.p.i.AbstractProblemLoader Replaying proof replace0.key.proof 
80053      DEBUG main            d.u.i.k.p.i.IntermediateProofReplayer Proof replay took 2.57ms 
80054      DEBUG main            d.u.i.k.p.r.p.TestFile    ... success: reloaded. 
80055      INFO  main            d.u.i.k.p.r.p.TestFile    Now processing file /home/runner/work/key/key/key.core/../key.ui/examples/standard_key/strings/replace1.key 
80055      INFO  main            d.u.i.k.p.i.AbstractProblemLoader Loading environment from /home/runner/work/key/key/key.core/../key.ui/examples/standard_key/strings/replace1.key 
80055      DEBUG main            d.u.i.k.p.i.AbstractProblemLoader Environment load took 170.7ns 
80056      INFO  main            d.u.i.k.p.i.AbstractProblemLoader Creating init config 
82347      DEBUG main            d.u.i.k.p.i.AbstractProblemLoader Init config took 2.29s 
82360      INFO  main            d.u.i.k.p.i.AbstractProblemLoader Replaying proof replace1.key 
82362      DEBUG main            d.u.i.k.p.i.IntermediateProofReplayer Proof replay took 6.9ns 
82470      INFO  main            d.u.i.k.p.r.p.TestFile    ... finished proof: closed. 
82673      INFO  main            d.u.i.k.p.i.AbstractProblemLoader Loading environment from /home/runner/work/key/key/key.core/../key.ui/examples/standard_key/strings/replace1.key.proof 
82673      DEBUG main            d.u.i.k.p.i.AbstractProblemLoader Environment load took 127.1ns 
82674      INFO  main            d.u.i.k.p.i.AbstractProblemLoader Creating init config 
84903      DEBUG main            d.u.i.k.p.i.AbstractProblemLoader Init config took 2.23s 
84924      INFO  main            d.u.i.k.p.i.AbstractProblemLoader Replaying proof replace1.key.proof 
84929      DEBUG main            d.u.i.k.p.i.IntermediateProofReplayer Proof replay took 3.24ms 
84930      DEBUG main            d.u.i.k.p.r.p.TestFile    ... success: reloaded. 
84930      INFO  main            d.u.i.k.p.r.p.TestFile    Now processing file /home/runner/work/key/key/key.core/../key.ui/examples/standard_key/strings/simpleAssignment.key 
84931      INFO  main            d.u.i.k.p.i.AbstractProblemLoader Loading environment from /home/runner/work/key/key/key.core/../key.ui/examples/standard_key/strings/simpleAssignment.key 
84931      DEBUG main            d.u.i.k.p.i.AbstractProblemLoader Environment load took 145.5ns 
84932      INFO  main            d.u.i.k.p.i.AbstractProblemLoader Creating init config 
87241      DEBUG main            d.u.i.k.p.i.AbstractProblemLoader Init config took 2.31s 
87255      INFO  main            d.u.i.k.p.i.AbstractProblemLoader Replaying proof simpleAssignment.key 
87256      DEBUG main            d.u.i.k.p.i.IntermediateProofReplayer Proof replay took 6.6ns 
87358      INFO  main            d.u.i.k.p.r.p.TestFile    ... finished proof: closed. 
87586      INFO  main            d.u.i.k.p.i.AbstractProblemLoader Loading environment from /home/runner/work/key/key/key.core/../key.ui/examples/standard_key/strings/simpleAssignment.key.proof 
87586      DEBUG main            d.u.i.k.p.i.AbstractProblemLoader Environment load took 116.8ns 
87587      INFO  main            d.u.i.k.p.i.AbstractProblemLoader Creating init config 
89835      DEBUG main            d.u.i.k.p.i.AbstractProblemLoader Init config took 2.25s 
89851      INFO  main            d.u.i.k.p.i.AbstractProblemLoader Replaying proof simpleAssignment.key.proof 
89855      DEBUG main            d.u.i.k.p.i.IntermediateProofReplayer Proof replay took 1.28ms 
89855      DEBUG main            d.u.i.k.p.r.p.TestFile    ... success: reloaded. 
89856      INFO  main            d.u.i.k.p.r.p.TestFile    Now processing file /home/runner/work/key/key/key.core/../key.ui/examples/standard_key/strings/simpleLengthComp.key 
89857      INFO  main            d.u.i.k.p.i.AbstractProblemLoader Loading environment from /home/runner/work/key/key/key.core/../key.ui/examples/standard_key/strings/simpleLengthComp.key 
89857      DEBUG main            d.u.i.k.p.i.AbstractProblemLoader Environment load took 194.4ns 
89858      INFO  main            d.u.i.k.p.i.AbstractProblemLoader Creating init config 
92136      DEBUG main            d.u.i.k.p.i.AbstractProblemLoader Init config took 2.28s 
92151      INFO  main            d.u.i.k.p.i.AbstractProblemLoader Replaying proof simpleLengthComp.key 
92154      DEBUG main            d.u.i.k.p.i.IntermediateProofReplayer Proof replay took 7.5ns 
92357      INFO  main            d.u.i.k.p.r.p.TestFile    ... finished proof: closed. 
92571      INFO  main            d.u.i.k.p.i.AbstractProblemLoader Loading environment from /home/runner/work/key/key/key.core/../key.ui/examples/standard_key/strings/simpleLengthComp.key.proof 
92571      DEBUG main            d.u.i.k.p.i.AbstractProblemLoader Environment load took 187.2ns 
92572      INFO  main            d.u.i.k.p.i.AbstractProblemLoader Creating init config 
94791      DEBUG main            d.u.i.k.p.i.AbstractProblemLoader Init config took 2.22s 
94815      INFO  main            d.u.i.k.p.i.AbstractProblemLoader Replaying proof simpleLengthComp.key.proof 
94838      DEBUG main            d.u.i.k.p.i.IntermediateProofReplayer Proof replay took 21.17ms 
94839      DEBUG main            d.u.i.k.p.r.p.TestFile    ... success: reloaded. 
94840      INFO  main            d.u.i.k.p.r.p.TestFile    Now processing file /home/runner/work/key/key/key.core/../key.ui/examples/standard_key/strings/stringCompileTimeConstant1.key 
94841      INFO  main            d.u.i.k.p.i.AbstractProblemLoader Loading environment from /home/runner/work/key/key/key.core/../key.ui/examples/standard_key/strings/stringCompileTimeConstant1.key 
94841      DEBUG main            d.u.i.k.p.i.AbstractProblemLoader Environment load took 170.2ns 
94842      INFO  main            d.u.i.k.p.i.AbstractProblemLoader Creating init config 
97146      DEBUG main            d.u.i.k.p.i.AbstractProblemLoader Init config took 2.3s 
97163      INFO  main            d.u.i.k.p.i.AbstractProblemLoader Replaying proof stringCompileTimeConstant1.key 
97164      DEBUG main            d.u.i.k.p.i.IntermediateProofReplayer Proof replay took 8.4ns 
97266      INFO  main            d.u.i.k.p.r.p.TestFile    ... finished proof: closed. 
97481      INFO  main            d.u.i.k.p.i.AbstractProblemLoader Loading environment from /home/runner/work/key/key/key.core/../key.ui/examples/standard_key/strings/stringCompileTimeConstant1.key.proof 
97481      DEBUG main            d.u.i.k.p.i.AbstractProblemLoader Environment load took 101.9ns 
97484      INFO  main            d.u.i.k.p.i.AbstractProblemLoader Creating init config 
99710      DEBUG main            d.u.i.k.p.i.AbstractProblemLoader Init config took 2.23s 
99725      INFO  main            d.u.i.k.p.i.AbstractProblemLoader Replaying proof stringCompileTimeConstant1.key.proof 
99729      DEBUG main            d.u.i.k.p.i.IntermediateProofReplayer Proof replay took 2.99ms 
99730      DEBUG main            d.u.i.k.p.r.p.TestFile    ... success: reloaded. 
99731      INFO  main            d.u.i.k.p.r.p.TestFile    Now processing file /home/runner/work/key/key/key.core/../key.ui/examples/standard_key/strings/stringCompileTimeConstant2.key 
99731      INFO  main            d.u.i.k.p.i.AbstractProblemLoader Loading environment from /home/runner/work/key/key/key.core/../key.ui/examples/standard_key/strings/stringCompileTimeConstant2.key 
99731      DEBUG main            d.u.i.k.p.i.AbstractProblemLoader Environment load took 82.4ns 
99732      INFO  main            d.u.i.k.p.i.AbstractProblemLoader Creating init config 
102173     DEBUG main            d.u.i.k.p.i.AbstractProblemLoader Init config took 2.44s 
102187     INFO  main            d.u.i.k.p.i.AbstractProblemLoader Replaying proof stringCompileTimeConstant2.key 
102189     DEBUG main            d.u.i.k.p.i.IntermediateProofReplayer Proof replay took 6.4ns 
104901     INFO  main            d.u.i.k.p.r.p.TestFile    ... finished proof: closed. 
105177     INFO  main            d.u.i.k.p.i.AbstractProblemLoader Loading environment from /home/runner/work/key/key/key.core/../key.ui/examples/standard_key/strings/stringCompileTimeConstant2.key.proof 
105179     DEBUG main            d.u.i.k.p.i.AbstractProblemLoader Environment load took 1.98ms 
105180     INFO  main            d.u.i.k.p.i.AbstractProblemLoader Creating init config 
107559     DEBUG main            d.u.i.k.p.i.AbstractProblemLoader Init config took 2.38s 
107573     INFO  main            d.u.i.k.p.i.AbstractProblemLoader Replaying proof stringCompileTimeConstant2.key.proof 
107816     DEBUG main            d.u.i.k.p.i.IntermediateProofReplayer Proof replay took 226.01ms 
107818     DEBUG main            d.u.i.k.p.r.p.TestFile    ... success: reloaded. 
107819     INFO  main            d.u.i.k.p.r.p.TestFile    Now processing file /home/runner/work/key/key/key.core/../key.ui/examples/standard_key/strings/stringEquality1.key 
107820     INFO  main            d.u.i.k.p.i.AbstractProblemLoader Loading environment from /home/runner/work/key/key/key.core/../key.ui/examples/standard_key/strings/stringEquality1.key 
107820     DEBUG main            d.u.i.k.p.i.AbstractProblemLoader Environment load took 172.1ns 
107821     INFO  main            d.u.i.k.p.i.AbstractProblemLoader Creating init config 
110134     DEBUG main            d.u.i.k.p.i.AbstractProblemLoader Init config took 2.31s 
110147     INFO  main            d.u.i.k.p.i.AbstractProblemLoader Replaying proof stringEquality1.key 
110148     DEBUG main            d.u.i.k.p.i.IntermediateProofReplayer Proof replay took 6.4ns 
110250     INFO  main            d.u.i.k.p.r.p.TestFile    ... finished proof: closed. 
110522     INFO  main            d.u.i.k.p.i.AbstractProblemLoader Loading environment from /home/runner/work/key/key/key.core/../key.ui/examples/standard_key/strings/stringEquality1.key.proof 
110522     DEBUG main            d.u.i.k.p.i.AbstractProblemLoader Environment load took 103.2ns 
110523     INFO  main            d.u.i.k.p.i.AbstractProblemLoader Creating init config 
112738     DEBUG main            d.u.i.k.p.i.AbstractProblemLoader Init config took 2.22s 
112754     INFO  main            d.u.i.k.p.i.AbstractProblemLoader Replaying proof stringEquality1.key.proof 
112764     DEBUG main            d.u.i.k.p.i.IntermediateProofReplayer Proof replay took 8.2ms 
112765     DEBUG main            d.u.i.k.p.r.p.TestFile    ... success: reloaded. 
112766     INFO  main            d.u.i.k.p.r.p.TestFile    Now processing file /home/runner/work/key/key/key.core/../key.ui/examples/standard_key/strings/stringEquality2.key 
112767     INFO  main            d.u.i.k.p.i.AbstractProblemLoader Loading environment from /home/runner/work/key/key/key.core/../key.ui/examples/standard_key/strings/stringEquality2.key 
112767     DEBUG main            d.u.i.k.p.i.AbstractProblemLoader Environment load took 108.7ns 
112768     INFO  main            d.u.i.k.p.i.AbstractProblemLoader Creating init config 
115007     DEBUG main            d.u.i.k.p.i.AbstractProblemLoader Init config took 2.24s 
115020     INFO  main            d.u.i.k.p.i.AbstractProblemLoader Replaying proof stringEquality2.key 
115021     DEBUG main            d.u.i.k.p.i.IntermediateProofReplayer Proof replay took 7.4ns 
115424     INFO  main            d.u.i.k.p.r.p.TestFile    ... finished proof: closed. 
115684     INFO  main            d.u.i.k.p.i.AbstractProblemLoader Loading environment from /home/runner/work/key/key/key.core/../key.ui/examples/standard_key/strings/stringEquality2.key.proof 
115686     DEBUG main            d.u.i.k.p.i.AbstractProblemLoader Environment load took 2.24ms 
115688     INFO  main            d.u.i.k.p.i.AbstractProblemLoader Creating init config 
117901     DEBUG main            d.u.i.k.p.i.AbstractProblemLoader Init config took 2.21s 
117915     INFO  main            d.u.i.k.p.i.AbstractProblemLoader Replaying proof stringEquality2.key.proof 
117938     DEBUG main            d.u.i.k.p.i.IntermediateProofReplayer Proof replay took 19.41ms 
117939     DEBUG main            d.u.i.k.p.r.p.TestFile    ... success: reloaded. 
117939     INFO  main            d.u.i.k.p.r.p.TestFile    Now processing file /home/runner/work/key/key/key.core/../key.ui/examples/standard_key/strings/substring0.key 
117940     INFO  main            d.u.i.k.p.i.AbstractProblemLoader Loading environment from /home/runner/work/key/key/key.core/../key.ui/examples/standard_key/strings/substring0.key 
117940     DEBUG main            d.u.i.k.p.i.AbstractProblemLoader Environment load took 70.9ns 
117940     INFO  main            d.u.i.k.p.i.AbstractProblemLoader Creating init config 
120185     DEBUG main            d.u.i.k.p.i.AbstractProblemLoader Init config took 2.24s 
120201     INFO  main            d.u.i.k.p.i.AbstractProblemLoader Replaying proof substring0.key 
120207     DEBUG main            d.u.i.k.p.i.IntermediateProofReplayer Proof replay took 7.7ns 
120309     INFO  main            d.u.i.k.p.r.p.TestFile    ... finished proof: closed. 
120558     INFO  main            d.u.i.k.p.i.AbstractProblemLoader Loading environment from /home/runner/work/key/key/key.core/../key.ui/examples/standard_key/strings/substring0.key.proof 
120558     DEBUG main            d.u.i.k.p.i.AbstractProblemLoader Environment load took 103.2ns 
120559     INFO  main            d.u.i.k.p.i.AbstractProblemLoader Creating init config 
122772     DEBUG main            d.u.i.k.p.i.AbstractProblemLoader Init config took 2.21s 
122786     INFO  main            d.u.i.k.p.i.AbstractProblemLoader Replaying proof substring0.key.proof 
122788     DEBUG main            d.u.i.k.p.i.IntermediateProofReplayer Proof replay took 411.5ns 
122789     DEBUG main            d.u.i.k.p.r.p.TestFile    ... success: reloaded. 
122789     INFO  main            d.u.i.k.p.r.p.TestFile    Now processing file /home/runner/work/key/key/key.core/../key.ui/examples/standard_key/strings/substring1.key 
122789     INFO  main            d.u.i.k.p.i.AbstractProblemLoader Loading environment from /home/runner/work/key/key/key.core/../key.ui/examples/standard_key/strings/substring1.key 
122789     DEBUG main            d.u.i.k.p.i.AbstractProblemLoader Environment load took 51.6ns 
122790     INFO  main            d.u.i.k.p.i.AbstractProblemLoader Creating init config 
125063     DEBUG main            d.u.i.k.p.i.AbstractProblemLoader Init config took 2.27s 
125076     INFO  main            d.u.i.k.p.i.AbstractProblemLoader Replaying proof substring1.key 
125077     DEBUG main            d.u.i.k.p.i.IntermediateProofReplayer Proof replay took 7.5ns 
125179     INFO  main            d.u.i.k.p.r.p.TestFile    ... finished proof: closed. 
125418     INFO  main            d.u.i.k.p.i.AbstractProblemLoader Loading environment from /home/runner/work/key/key/key.core/../key.ui/examples/standard_key/strings/substring1.key.proof 
125418     DEBUG main            d.u.i.k.p.i.AbstractProblemLoader Environment load took 99.9ns 
125419     INFO  main            d.u.i.k.p.i.AbstractProblemLoader Creating init config 
127617     DEBUG main            d.u.i.k.p.i.AbstractProblemLoader Init config took 2.2s 
127630     INFO  main            d.u.i.k.p.i.AbstractProblemLoader Replaying proof substring1.key.proof 
127632     DEBUG main            d.u.i.k.p.i.IntermediateProofReplayer Proof replay took 441.9ns 
127633     DEBUG main            d.u.i.k.p.r.p.TestFile    ... success: reloaded. 
127633     INFO  main            d.u.i.k.p.r.p.TestFile    Now processing file /home/runner/work/key/key/key.core/../key.ui/examples/standard_key/strings/substring2.key 
127633     INFO  main            d.u.i.k.p.i.AbstractProblemLoader Loading environment from /home/runner/work/key/key/key.core/../key.ui/examples/standard_key/strings/substring2.key 
127633     DEBUG main            d.u.i.k.p.i.AbstractProblemLoader Environment load took 56.2ns 
127634     INFO  main            d.u.i.k.p.i.AbstractProblemLoader Creating init config 
129887     DEBUG main            d.u.i.k.p.i.AbstractProblemLoader Init config took 2.25s 
129900     INFO  main            d.u.i.k.p.i.AbstractProblemLoader Replaying proof substring2.key 
129901     DEBUG main            d.u.i.k.p.i.IntermediateProofReplayer Proof replay took 6.6ns 
130003     INFO  main            d.u.i.k.p.r.p.TestFile    ... finished proof: closed. 
130255     INFO  main            d.u.i.k.p.i.AbstractProblemLoader Loading environment from /home/runner/work/key/key/key.core/../key.ui/examples/standard_key/strings/substring2.key.proof 
130255     DEBUG main            d.u.i.k.p.i.AbstractProblemLoader Environment load took 108.3ns 
130256     INFO  main            d.u.i.k.p.i.AbstractProblemLoader Creating init config 
132458     DEBUG main            d.u.i.k.p.i.AbstractProblemLoader Init config took 2.2s 
132471     INFO  main            d.u.i.k.p.i.AbstractProblemLoader Replaying proof substring2.key.proof 
132474     DEBUG main            d.u.i.k.p.i.IntermediateProofReplayer Proof replay took 893.8ns 
132474     DEBUG main            d.u.i.k.p.r.p.TestFile    ... success: reloaded. 
132475     INFO  main            d.u.i.k.p.r.p.TestFile    Now processing file /home/runner/work/key/key/key.core/../key.ui/examples/standard_key/strings/substring3.key 
132475     INFO  main            d.u.i.k.p.i.AbstractProblemLoader Loading environment from /home/runner/work/key/key/key.core/../key.ui/examples/standard_key/strings/substring3.key 
132475     DEBUG main            d.u.i.k.p.i.AbstractProblemLoader Environment load took 69.9ns 
132476     INFO  main            d.u.i.k.p.i.AbstractProblemLoader Creating init config 
134771     DEBUG main            d.u.i.k.p.i.AbstractProblemLoader Init config took 2.29s 
134784     INFO  main            d.u.i.k.p.i.AbstractProblemLoader Replaying proof substring3.key 
134785     DEBUG main            d.u.i.k.p.i.IntermediateProofReplayer Proof replay took 16ns 
134887     INFO  main            d.u.i.k.p.r.p.TestFile    ... finished proof: closed. 
135140     INFO  main            d.u.i.k.p.i.AbstractProblemLoader Loading environment from /home/runner/work/key/key/key.core/../key.ui/examples/standard_key/strings/substring3.key.proof 
135140     DEBUG main            d.u.i.k.p.i.AbstractProblemLoader Environment load took 112.9ns 
135141     INFO  main            d.u.i.k.p.i.AbstractProblemLoader Creating init config 
137342     DEBUG main            d.u.i.k.p.i.AbstractProblemLoader Init config took 2.2s 
137356     INFO  main            d.u.i.k.p.i.AbstractProblemLoader Replaying proof substring3.key.proof 
137364     DEBUG main            d.u.i.k.p.i.IntermediateProofReplayer Proof replay took 3.18ms 
137368     DEBUG main            d.u.i.k.p.r.p.TestFile    ... success: reloaded. 
137369     INFO  main            d.u.i.k.p.r.p.TestFile    Now processing file /home/runner/work/key/key/key.core/../key.ui/examples/standard_key/strings/substring4.key 
137369     INFO  main            d.u.i.k.p.i.AbstractProblemLoader Loading environment from /home/runner/work/key/key/key.core/../key.ui/examples/standard_key/strings/substring4.key 
137372     DEBUG main            d.u.i.k.p.i.AbstractProblemLoader Environment load took 3.43ms 
137374     INFO  main            d.u.i.k.p.i.AbstractProblemLoader Creating init config 
139631     DEBUG main            d.u.i.k.p.i.AbstractProblemLoader Init config took 2.26s 
139644     INFO  main            d.u.i.k.p.i.AbstractProblemLoader Replaying proof substring4.key 
139645     DEBUG main            d.u.i.k.p.i.IntermediateProofReplayer Proof replay took 7.5ns 
139747     INFO  main            d.u.i.k.p.r.p.TestFile    ... finished proof: closed. 
140020     INFO  main            d.u.i.k.p.i.AbstractProblemLoader Loading environment from /home/runner/work/key/key/key.core/../key.ui/examples/standard_key/strings/substring4.key.proof 
140020     DEBUG main            d.u.i.k.p.i.AbstractProblemLoader Environment load took 96.5ns 
140021     INFO  main            d.u.i.k.p.i.AbstractProblemLoader Creating init config 
142229     DEBUG main            d.u.i.k.p.i.AbstractProblemLoader Init config took 2.21s 
142243     INFO  main            d.u.i.k.p.i.AbstractProblemLoader Replaying proof substring4.key.proof 
142246     DEBUG main            d.u.i.k.p.i.IntermediateProofReplayer Proof replay took 2.2ms 
142247     DEBUG main            d.u.i.k.p.r.p.TestFile    ... success: reloaded. 
142247     INFO  main            d.u.i.k.p.r.p.TestFile    Now processing file /home/runner/work/key/key/key.core/../key.ui/examples/standard_key/strings/substring5.key 
142248     INFO  main            d.u.i.k.p.i.AbstractProblemLoader Loading environment from /home/runner/work/key/key/key.core/../key.ui/examples/standard_key/strings/substring5.key 
142248     DEBUG main            d.u.i.k.p.i.AbstractProblemLoader Environment load took 61.7ns 
142249     INFO  main            d.u.i.k.p.i.AbstractProblemLoader Creating init config 
144484     DEBUG main            d.u.i.k.p.i.AbstractProblemLoader Init config took 2.24s 
144498     INFO  main            d.u.i.k.p.i.AbstractProblemLoader Replaying proof substring5.key 
144499     DEBUG main            d.u.i.k.p.i.IntermediateProofReplayer Proof replay took 6.9ns 
144701     INFO  main            d.u.i.k.p.r.p.TestFile    ... finished proof: closed. 
144982     INFO  main            d.u.i.k.p.i.AbstractProblemLoader Loading environment from /home/runner/work/key/key/key.core/../key.ui/examples/standard_key/strings/substring5.key.proof 
144982     DEBUG main            d.u.i.k.p.i.AbstractProblemLoader Environment load took 98ns 
144983     INFO  main            d.u.i.k.p.i.AbstractProblemLoader Creating init config 
147191     DEBUG main            d.u.i.k.p.i.AbstractProblemLoader Init config took 2.21s 
147204     INFO  main            d.u.i.k.p.i.AbstractProblemLoader Replaying proof substring5.key.proof 
147229     DEBUG main            d.u.i.k.p.i.IntermediateProofReplayer Proof replay took 21.51ms 
147229     DEBUG main            d.u.i.k.p.r.p.TestFile    ... success: reloaded. 
3897218    INFO  Test worker     d.u.i.k.p.r.RunAllProofsTestUnit Returning from test strings 
3897219    INFO  Test worker     d.u.i.k.p.r.RunAllProofsTestUnit Running test simple_info_flow 
368        INFO  Timeout watchdog d.u.i.k.p.r.p.ForkedTestFileRunner Timeout watcher launched (2000 secs.) 
390        WARN  main            d.u.i.k.s.ProofSettings   The settings in /home/runner/.key/proof-settings.props are *not* read. 
434        INFO  main            d.u.i.k.p.r.p.TestFile    Now processing file /home/runner/work/key/key/key.core/../key.ui/examples/heap/information_flow/UpdateAbstraction_ex7_1_insecure.key 
554        INFO  main            d.u.i.k.p.i.AbstractProblemLoader Loading environment from /home/runner/work/key/key/key.core/../key.ui/examples/heap/information_flow/UpdateAbstraction_ex7_1_insecure.key 
575        DEBUG main            d.u.i.k.p.i.AbstractProblemLoader Environment load took 2.07ms 
791        INFO  main            d.u.i.k.p.i.AbstractProblemLoader Creating init config 
1682       DEBUG main            d.u.i.k.j.TypeConverter   No LDT found for Meta 
1683       DEBUG main            d.u.i.k.j.TypeConverter   No LDT found for Meta 
1684       DEBUG main            d.u.i.k.j.TypeConverter   No LDT found for Meta 
1685       DEBUG main            d.u.i.k.j.TypeConverter   No LDT found for Meta 
3310       DEBUG main            d.u.i.k.j.TypeConverter   No LDT found for JavaBigintExpression 
8761       DEBUG main            d.u.i.k.p.i.AbstractProblemLoader Init config took 7.97s 
8881       INFO  main            d.u.i.k.p.i.AbstractProblemLoader Replaying proof UpdateAbstraction[UpdateAbstraction::ex7_1_insecure()].JML operation contract.0 
8914       DEBUG main            d.u.i.k.p.i.IntermediateProofReplayer Proof replay took 33.5ns 
9597       INFO  main            d.u.i.k.p.r.p.TestFile    ... finished proof: open goal(s) 
9704       INFO  main            d.u.i.k.p.r.p.TestFile    Now processing file /home/runner/work/key/key/key.core/../key.ui/examples/heap/information_flow/UpdateAbstraction_ex7_2_insecure.key 
9706       INFO  main            d.u.i.k.p.i.AbstractProblemLoader Loading environment from /home/runner/work/key/key/key.core/../key.ui/examples/heap/information_flow/UpdateAbstraction_ex7_2_insecure.key 
9707       DEBUG main            d.u.i.k.p.i.AbstractProblemLoader Environment load took 1.41ms 
9710       INFO  main            d.u.i.k.p.i.AbstractProblemLoader Creating init config 
12809      DEBUG main            d.u.i.k.p.i.AbstractProblemLoader Init config took 3.1s 
12877      INFO  main            d.u.i.k.p.i.AbstractProblemLoader Replaying proof UpdateAbstraction[UpdateAbstraction::ex7_2_insecure()].JML operation contract.0 
12879      DEBUG main            d.u.i.k.p.i.IntermediateProofReplayer Proof replay took 6.8ns 
13185      INFO  main            d.u.i.k.p.r.p.TestFile    ... finished proof: open goal(s) 
3910689    INFO  Test worker     d.u.i.k.p.r.RunAllProofsTestUnit Returning from test simple_info_flow 
3910690    INFO  Test worker     d.u.i.k.p.r.RunAllProofsTestUnit Running test modelMethods 
358        INFO  Timeout watchdog d.u.i.k.p.r.p.ForkedTestFileRunner Timeout watcher launched (2000 secs.) 
375        WARN  main            d.u.i.k.s.ProofSettings   The settings in /home/runner/.key/proof-settings.props are *not* read. 
404        INFO  main            d.u.i.k.p.r.p.TestFile    Now processing file /home/runner/work/key/key/key.core/../key.ui/examples/heap/model_methods/Cell_footprint_acc.key 
528        INFO  main            d.u.i.k.p.i.AbstractProblemLoader Loading environment from /home/runner/work/key/key/key.core/../key.ui/examples/heap/model_methods/Cell_footprint_acc.key 
546        DEBUG main            d.u.i.k.p.i.AbstractProblemLoader Environment load took 2.25ms 
785        INFO  main            d.u.i.k.p.i.AbstractProblemLoader Creating init config 
1748       DEBUG main            d.u.i.k.j.TypeConverter   No LDT found for Meta 
1749       DEBUG main            d.u.i.k.j.TypeConverter   No LDT found for Meta 
1752       DEBUG main            d.u.i.k.j.TypeConverter   No LDT found for Meta 
1752       DEBUG main            d.u.i.k.j.TypeConverter   No LDT found for Meta 
2887       DEBUG main            d.u.i.k.j.TypeConverter   No LDT found for JavaBigintExpression 
8003       DEBUG main            d.u.i.k.p.i.AbstractProblemLoader Init config took 7.22s 
8177       INFO  main            d.u.i.k.p.i.AbstractProblemLoader Replaying proof Cell[Cell::footprint()].JML accessible clause.0 
8214       DEBUG main            d.u.i.k.p.i.IntermediateProofReplayer Proof replay took 33ns 
8665       INFO  main            d.u.i.k.p.r.p.TestFile    ... finished proof: closed. 
8768       INFO  main            d.u.i.k.p.i.AbstractProblemLoader Loading environment from /home/runner/work/key/key/key.core/../key.ui/examples/heap/model_methods/Cell_footprint_acc.key.proof 
8769       DEBUG main            d.u.i.k.p.i.AbstractProblemLoader Environment load took 1.3ms 
8772       INFO  main            d.u.i.k.p.i.AbstractProblemLoader Creating init config 
11725      DEBUG main            d.u.i.k.p.i.AbstractProblemLoader Init config took 2.95s 
11806      INFO  main            d.u.i.k.p.i.AbstractProblemLoader Replaying proof Cell[Cell::footprint()].JML accessible clause.0 
11827      DEBUG main            d.u.i.k.p.i.IntermediateProofReplayer Proof replay took 15.94ms 
11837      DEBUG main            d.u.i.k.p.r.p.TestFile    ... success: reloaded. 
11840      INFO  main            d.u.i.k.p.r.p.TestFile    Now processing file /home/runner/work/key/key/key.core/../key.ui/examples/heap/model_methods/Cell_footprint.key 
11841      INFO  main            d.u.i.k.p.i.AbstractProblemLoader Loading environment from /home/runner/work/key/key/key.core/../key.ui/examples/heap/model_methods/Cell_footprint.key 
11841      DEBUG main            d.u.i.k.p.i.AbstractProblemLoader Environment load took 218.3ns 
11845      INFO  main            d.u.i.k.p.i.AbstractProblemLoader Creating init config 
14582      DEBUG main            d.u.i.k.p.i.AbstractProblemLoader Init config took 2.74s 
14649      INFO  main            d.u.i.k.p.i.AbstractProblemLoader Replaying proof Cell[Cell::footprint()].JML model_behavior operation contract.0 
14652      DEBUG main            d.u.i.k.p.i.IntermediateProofReplayer Proof replay took 6.4ns 
14754      INFO  main            d.u.i.k.p.r.p.TestFile    ... finished proof: closed. 
14887      INFO  main            d.u.i.k.p.i.AbstractProblemLoader Loading environment from /home/runner/work/key/key/key.core/../key.ui/examples/heap/model_methods/Cell_footprint.key.proof 
14888      DEBUG main            d.u.i.k.p.i.AbstractProblemLoader Environment load took 138.7ns 
14889      INFO  main            d.u.i.k.p.i.AbstractProblemLoader Creating init config 
17540      DEBUG main            d.u.i.k.p.i.AbstractProblemLoader Init config took 2.65s 
17597      INFO  main            d.u.i.k.p.i.AbstractProblemLoader Replaying proof Cell[Cell::footprint()].JML model_behavior operation contract.0 
17607      DEBUG main            d.u.i.k.p.i.IntermediateProofReplayer Proof replay took 7.95ms 
17608      DEBUG main            d.u.i.k.p.r.p.TestFile    ... success: reloaded. 
17610      INFO  main            d.u.i.k.p.r.p.TestFile    Now processing file /home/runner/work/key/key/key.core/../key.ui/examples/heap/model_methods/Cell_get_acc.key 
17610      INFO  main            d.u.i.k.p.i.AbstractProblemLoader Loading environment from /home/runner/work/key/key/key.core/../key.ui/examples/heap/model_methods/Cell_get_acc.key 
17610      DEBUG main            d.u.i.k.p.i.AbstractProblemLoader Environment load took 209.5ns 
17611      INFO  main            d.u.i.k.p.i.AbstractProblemLoader Creating init config 
20280      DEBUG main            d.u.i.k.p.i.AbstractProblemLoader Init config took 2.67s 
20332      INFO  main            d.u.i.k.p.i.AbstractProblemLoader Replaying proof Cell[Cell::get()].JML accessible clause.0 
20334      DEBUG main            d.u.i.k.p.i.IntermediateProofReplayer Proof replay took 7.3ns 
20645      INFO  main            d.u.i.k.p.r.p.TestFile    ... finished proof: closed. 
20785      INFO  main            d.u.i.k.p.i.AbstractProblemLoader Loading environment from /home/runner/work/key/key/key.core/../key.ui/examples/heap/model_methods/Cell_get_acc.key.proof 
20787      DEBUG main            d.u.i.k.p.i.AbstractProblemLoader Environment load took 1.32ms 
20789      INFO  main            d.u.i.k.p.i.AbstractProblemLoader Creating init config 
23434      DEBUG main            d.u.i.k.p.i.AbstractProblemLoader Init config took 2.64s 
23484      INFO  main            d.u.i.k.p.i.AbstractProblemLoader Replaying proof Cell[Cell::get()].JML accessible clause.0 
23518      DEBUG main            d.u.i.k.p.i.IntermediateProofReplayer Proof replay took 30.58ms 
23519      DEBUG main            d.u.i.k.p.r.p.TestFile    ... success: reloaded. 
23520      INFO  main            d.u.i.k.p.r.p.TestFile    Now processing file /home/runner/work/key/key/key.core/../key.ui/examples/heap/model_methods/Cell_get.key 
23521      INFO  main            d.u.i.k.p.i.AbstractProblemLoader Loading environment from /home/runner/work/key/key/key.core/../key.ui/examples/heap/model_methods/Cell_get.key 
23521      DEBUG main            d.u.i.k.p.i.AbstractProblemLoader Environment load took 178.3ns 
23522      INFO  main            d.u.i.k.p.i.AbstractProblemLoader Creating init config 
26120      DEBUG main            d.u.i.k.p.i.AbstractProblemLoader Init config took 2.6s 
26172      INFO  main            d.u.i.k.p.i.AbstractProblemLoader Replaying proof Cell[Cell::get()].JML operation contract.0 
26174      DEBUG main            d.u.i.k.p.i.IntermediateProofReplayer Proof replay took 6.2ns 
26277      INFO  main            d.u.i.k.p.r.p.TestFile    ... finished proof: closed. 
26420      INFO  main            d.u.i.k.p.i.AbstractProblemLoader Loading environment from /home/runner/work/key/key/key.core/../key.ui/examples/heap/model_methods/Cell_get.key.proof 
26421      DEBUG main            d.u.i.k.p.i.AbstractProblemLoader Environment load took 134.2ns 
26421      INFO  main            d.u.i.k.p.i.AbstractProblemLoader Creating init config 
29003      DEBUG main            d.u.i.k.p.i.AbstractProblemLoader Init config took 2.58s 
29052      INFO  main            d.u.i.k.p.i.AbstractProblemLoader Replaying proof Cell[Cell::get()].JML operation contract.0 
29069      DEBUG main            d.u.i.k.p.i.IntermediateProofReplayer Proof replay took 14.99ms 
29071      DEBUG main            d.u.i.k.p.r.p.TestFile    ... success: reloaded. 
29072      INFO  main            d.u.i.k.p.r.p.TestFile    Now processing file /home/runner/work/key/key/key.core/../key.ui/examples/heap/model_methods/Cell_post_set.key 
29080      INFO  main            d.u.i.k.p.i.AbstractProblemLoader Loading environment from /home/runner/work/key/key/key.core/../key.ui/examples/heap/model_methods/Cell_post_set.key 
29080      DEBUG main            d.u.i.k.p.i.AbstractProblemLoader Environment load took 236.4ns 
29081      INFO  main            d.u.i.k.p.i.AbstractProblemLoader Creating init config 
31702      DEBUG main            d.u.i.k.p.i.AbstractProblemLoader Init config took 2.62s 
31750      INFO  main            d.u.i.k.p.i.AbstractProblemLoader Replaying proof Cell[Cell::post_set(int)].JML model_behavior operation contract.0 
31752      DEBUG main            d.u.i.k.p.i.IntermediateProofReplayer Proof replay took 6.4ns 
31853      INFO  main            d.u.i.k.p.r.p.TestFile    ... finished proof: closed. 
32007      INFO  main            d.u.i.k.p.i.AbstractProblemLoader Loading environment from /home/runner/work/key/key/key.core/../key.ui/examples/heap/model_methods/Cell_post_set.key.proof 
32007      DEBUG main            d.u.i.k.p.i.AbstractProblemLoader Environment load took 138ns 
32009      INFO  main            d.u.i.k.p.i.AbstractProblemLoader Creating init config 
34597      DEBUG main            d.u.i.k.p.i.AbstractProblemLoader Init config took 2.59s 
34659      INFO  main            d.u.i.k.p.i.AbstractProblemLoader Replaying proof Cell[Cell::post_set(int)].JML model_behavior operation contract.0 
34666      DEBUG main            d.u.i.k.p.i.IntermediateProofReplayer Proof replay took 5.12ms 
34667      DEBUG main            d.u.i.k.p.r.p.TestFile    ... success: reloaded. 
34668      INFO  main            d.u.i.k.p.r.p.TestFile    Now processing file /home/runner/work/key/key/key.core/../key.ui/examples/heap/model_methods/Cell_set.key 
34668      INFO  main            d.u.i.k.p.i.AbstractProblemLoader Loading environment from /home/runner/work/key/key/key.core/../key.ui/examples/heap/model_methods/Cell_set.key 
34669      DEBUG main            d.u.i.k.p.i.AbstractProblemLoader Environment load took 201.9ns 
34670      INFO  main            d.u.i.k.p.i.AbstractProblemLoader Creating init config 
37305      DEBUG main            d.u.i.k.p.i.AbstractProblemLoader Init config took 2.63s 
37353      INFO  main            d.u.i.k.p.i.AbstractProblemLoader Replaying proof Cell[Cell::set(int)].JML operation contract.0 
37355      DEBUG main            d.u.i.k.p.i.IntermediateProofReplayer Proof replay took 8.5ns 
43525      INFO  main            d.u.i.k.p.r.p.TestFile    ... finished proof: closed. 
43734      INFO  main            d.u.i.k.p.i.AbstractProblemLoader Loading environment from /home/runner/work/key/key/key.core/../key.ui/examples/heap/model_methods/Cell_set.key.proof 
43735      DEBUG main            d.u.i.k.p.i.AbstractProblemLoader Environment load took 376.7ns 
43736      INFO  main            d.u.i.k.p.i.AbstractProblemLoader Creating init config 
46309      DEBUG main            d.u.i.k.p.i.AbstractProblemLoader Init config took 2.57s 
46358      INFO  main            d.u.i.k.p.i.AbstractProblemLoader Replaying proof Cell[Cell::set(int)].JML operation contract.0 
46808      DEBUG main            d.u.i.k.p.i.IntermediateProofReplayer Proof replay took 421.29ms 
46810      DEBUG main            d.u.i.k.p.r.p.TestFile    ... success: reloaded. 
46812      INFO  main            d.u.i.k.p.r.p.TestFile    Now processing file /home/runner/work/key/key/key.core/../key.ui/examples/heap/model_methods/CellTest_callSet.key 
46813      INFO  main            d.u.i.k.p.i.AbstractProblemLoader Loading environment from /home/runner/work/key/key/key.core/../key.ui/examples/heap/model_methods/CellTest_callSet.key 
46813      DEBUG main            d.u.i.k.p.i.AbstractProblemLoader Environment load took 189.8ns 
46814      INFO  main            d.u.i.k.p.i.AbstractProblemLoader Creating init config 
49382      DEBUG main            d.u.i.k.p.i.AbstractProblemLoader Init config took 2.57s 
49427      INFO  main            d.u.i.k.p.i.AbstractProblemLoader Replaying proof CellTest[CellTest::callSet(Cell,int)].JML operation contract.0 
49429      DEBUG main            d.u.i.k.p.i.IntermediateProofReplayer Proof replay took 5.8ns 
49634      INFO  main            d.u.i.k.p.r.p.TestFile    ... finished proof: closed. 
49805      INFO  main            d.u.i.k.p.i.AbstractProblemLoader Loading environment from /home/runner/work/key/key/key.core/../key.ui/examples/heap/model_methods/CellTest_callSet.key.proof 
49805      DEBUG main            d.u.i.k.p.i.AbstractProblemLoader Environment load took 127ns 
49806      INFO  main            d.u.i.k.p.i.AbstractProblemLoader Creating init config 
52348      DEBUG main            d.u.i.k.p.i.AbstractProblemLoader Init config took 2.54s 
52392      INFO  main            d.u.i.k.p.i.AbstractProblemLoader Replaying proof CellTest[CellTest::callSet(Cell,int)].JML operation contract.0 
52428      DEBUG main            d.u.i.k.p.i.IntermediateProofReplayer Proof replay took 33.73ms 
52429      DEBUG main            d.u.i.k.p.r.p.TestFile    ... success: reloaded. 
52430      INFO  main            d.u.i.k.p.r.p.TestFile    Now processing file /home/runner/work/key/key/key.core/../key.ui/examples/heap/model_methods/CellTest_test2.key 
52430      INFO  main            d.u.i.k.p.i.AbstractProblemLoader Loading environment from /home/runner/work/key/key/key.core/../key.ui/examples/heap/model_methods/CellTest_test2.key 
52430      DEBUG main            d.u.i.k.p.i.AbstractProblemLoader Environment load took 92.4ns 
52431      INFO  main            d.u.i.k.p.i.AbstractProblemLoader Creating init config 
55003      DEBUG main            d.u.i.k.p.i.AbstractProblemLoader Init config took 2.57s 
55046      INFO  main            d.u.i.k.p.i.AbstractProblemLoader Replaying proof CellTest[CellTest::test2(Cell)].JML operation contract.0 
55048      DEBUG main            d.u.i.k.p.i.IntermediateProofReplayer Proof replay took 6.5ns 
55354      INFO  main            d.u.i.k.p.r.p.TestFile    ... finished proof: closed. 
55545      INFO  main            d.u.i.k.p.i.AbstractProblemLoader Loading environment from /home/runner/work/key/key/key.core/../key.ui/examples/heap/model_methods/CellTest_test2.key.proof 
55545      DEBUG main            d.u.i.k.p.i.AbstractProblemLoader Environment load took 361.6ns 
55547      INFO  main            d.u.i.k.p.i.AbstractProblemLoader Creating init config 
58035      DEBUG main            d.u.i.k.p.i.AbstractProblemLoader Init config took 2.49s 
58077      INFO  main            d.u.i.k.p.i.AbstractProblemLoader Replaying proof CellTest[CellTest::test2(Cell)].JML operation contract.0 
58143      DEBUG main            d.u.i.k.p.i.IntermediateProofReplayer Proof replay took 63.49ms 
58144      DEBUG main            d.u.i.k.p.r.p.TestFile    ... success: reloaded. 
58146      INFO  main            d.u.i.k.p.r.p.TestFile    Now processing file /home/runner/work/key/key/key.core/../key.ui/examples/heap/model_methods/CellTest_test.key 
58146      INFO  main            d.u.i.k.p.i.AbstractProblemLoader Loading environment from /home/runner/work/key/key/key.core/../key.ui/examples/heap/model_methods/CellTest_test.key 
58146      DEBUG main            d.u.i.k.p.i.AbstractProblemLoader Environment load took 177.4ns 
58147      INFO  main            d.u.i.k.p.i.AbstractProblemLoader Creating init config 
60686      DEBUG main            d.u.i.k.p.i.AbstractProblemLoader Init config took 2.54s 
60728      INFO  main            d.u.i.k.p.i.AbstractProblemLoader Replaying proof CellTest[CellTest::test(Recell)].JML operation contract.0 
60730      DEBUG main            d.u.i.k.p.i.IntermediateProofReplayer Proof replay took 8ns 
62448      INFO  main            d.u.i.k.p.r.p.TestFile    ... finished proof: closed. 
62671      INFO  main            d.u.i.k.p.i.AbstractProblemLoader Loading environment from /home/runner/work/key/key/key.core/../key.ui/examples/heap/model_methods/CellTest_test.key.proof 
62672      DEBUG main            d.u.i.k.p.i.AbstractProblemLoader Environment load took 363.5ns 
62673      INFO  main            d.u.i.k.p.i.AbstractProblemLoader Creating init config 
65157      DEBUG main            d.u.i.k.p.i.AbstractProblemLoader Init config took 2.48s 
65198      INFO  main            d.u.i.k.p.i.AbstractProblemLoader Replaying proof CellTest[CellTest::test(Recell)].JML operation contract.0 
65561      DEBUG main            d.u.i.k.p.i.IntermediateProofReplayer Proof replay took 349.62ms 
65563      DEBUG main            d.u.i.k.p.r.p.TestFile    ... success: reloaded. 
65564      INFO  main            d.u.i.k.p.r.p.TestFile    Now processing file /home/runner/work/key/key/key.core/../key.ui/examples/heap/model_methods/Coll1_add.key 
65564      INFO  main            d.u.i.k.p.i.AbstractProblemLoader Loading environment from /home/runner/work/key/key/key.core/../key.ui/examples/heap/model_methods/Coll1_add.key 
65565      DEBUG main            d.u.i.k.p.i.AbstractProblemLoader Environment load took 193.9ns 
65566      INFO  main            d.u.i.k.p.i.AbstractProblemLoader Creating init config 
68123      DEBUG main            d.u.i.k.p.i.AbstractProblemLoader Init config took 2.56s 
68187      INFO  main            d.u.i.k.p.i.AbstractProblemLoader Replaying proof Coll1[Coll::add(int)].JML operation contract.0 
68188      DEBUG main            d.u.i.k.p.i.IntermediateProofReplayer Proof replay took 5.7ns 
68293      INFO  main            d.u.i.k.p.r.p.TestFile    ... finished proof: closed. 
68476      INFO  main            d.u.i.k.p.i.AbstractProblemLoader Loading environment from /home/runner/work/key/key/key.core/../key.ui/examples/heap/model_methods/Coll1_add.key.proof 
68476      DEBUG main            d.u.i.k.p.i.AbstractProblemLoader Environment load took 123.4ns 
68477      INFO  main            d.u.i.k.p.i.AbstractProblemLoader Creating init config 
70962      DEBUG main            d.u.i.k.p.i.AbstractProblemLoader Init config took 2.49s 
71004      INFO  main            d.u.i.k.p.i.AbstractProblemLoader Replaying proof Coll1[Coll::add(int)].JML operation contract.0 
71012      DEBUG main            d.u.i.k.p.i.IntermediateProofReplayer Proof replay took 5.93ms 
71013      DEBUG main            d.u.i.k.p.r.p.TestFile    ... success: reloaded. 
71014      INFO  main            d.u.i.k.p.r.p.TestFile    Now processing file /home/runner/work/key/key/key.core/../key.ui/examples/heap/model_methods/Coll1_Coll1_add_pre.key 
71014      INFO  main            d.u.i.k.p.i.AbstractProblemLoader Loading environment from /home/runner/work/key/key/key.core/../key.ui/examples/heap/model_methods/Coll1_Coll1_add_pre.key 
71014      DEBUG main            d.u.i.k.p.i.AbstractProblemLoader Environment load took 76ns 
71015      INFO  main            d.u.i.k.p.i.AbstractProblemLoader Creating init config 
73583      DEBUG main            d.u.i.k.p.i.AbstractProblemLoader Init config took 2.57s 
73623      INFO  main            d.u.i.k.p.i.AbstractProblemLoader Replaying proof Coll1[Coll1::add_pre(int)].JML model_behavior operation contract.0 
73624      DEBUG main            d.u.i.k.p.i.IntermediateProofReplayer Proof replay took 6.6ns 
73726      INFO  main            d.u.i.k.p.r.p.TestFile    ... finished proof: closed. 
73917      INFO  main            d.u.i.k.p.i.AbstractProblemLoader Loading environment from /home/runner/work/key/key/key.core/../key.ui/examples/heap/model_methods/Coll1_Coll1_add_pre.key.proof 
73917      DEBUG main            d.u.i.k.p.i.AbstractProblemLoader Environment load took 142.6ns 
73918      INFO  main            d.u.i.k.p.i.AbstractProblemLoader Creating init config 
76443      DEBUG main            d.u.i.k.p.i.AbstractProblemLoader Init config took 2.53s 
76483      INFO  main            d.u.i.k.p.i.AbstractProblemLoader Replaying proof Coll1[Coll1::add_pre(int)].JML model_behavior operation contract.0 
76488      DEBUG main            d.u.i.k.p.i.IntermediateProofReplayer Proof replay took 1.34ms 
76490      DEBUG main            d.u.i.k.p.r.p.TestFile    ... success: reloaded. 
76493      INFO  main            d.u.i.k.p.r.p.TestFile    Now processing file /home/runner/work/key/key/key.core/../key.ui/examples/heap/model_methods/Coll1_Coll_add_pre.key 
76494      INFO  main            d.u.i.k.p.i.AbstractProblemLoader Loading environment from /home/runner/work/key/key/key.core/../key.ui/examples/heap/model_methods/Coll1_Coll_add_pre.key 
76494      DEBUG main            d.u.i.k.p.i.AbstractProblemLoader Environment load took 182.2ns 
76495      INFO  main            d.u.i.k.p.i.AbstractProblemLoader Creating init config 
79080      DEBUG main            d.u.i.k.p.i.AbstractProblemLoader Init config took 2.59s 
79127      INFO  main            d.u.i.k.p.i.AbstractProblemLoader Replaying proof Coll1[Coll::add_pre(int)].JML model_behavior operation contract.0 
79129      DEBUG main            d.u.i.k.p.i.IntermediateProofReplayer Proof replay took 6.6ns 
79231      INFO  main            d.u.i.k.p.r.p.TestFile    ... finished proof: closed. 
79424      INFO  main            d.u.i.k.p.i.AbstractProblemLoader Loading environment from /home/runner/work/key/key/key.core/../key.ui/examples/heap/model_methods/Coll1_Coll_add_pre.key.proof 
79424      DEBUG main            d.u.i.k.p.i.AbstractProblemLoader Environment load took 125.6ns 
79425      INFO  main            d.u.i.k.p.i.AbstractProblemLoader Creating init config 
81920      DEBUG main            d.u.i.k.p.i.AbstractProblemLoader Init config took 2.49s 
81959      INFO  main            d.u.i.k.p.i.AbstractProblemLoader Replaying proof Coll1[Coll::add_pre(int)].JML model_behavior operation contract.0 
81963      DEBUG main            d.u.i.k.p.i.IntermediateProofReplayer Proof replay took 2.14ms 
81964      DEBUG main            d.u.i.k.p.r.p.TestFile    ... success: reloaded. 
81965      INFO  main            d.u.i.k.p.r.p.TestFile    Now processing file /home/runner/work/key/key/key.core/../key.ui/examples/heap/model_methods/Coll2_add.key 
81965      INFO  main            d.u.i.k.p.i.AbstractProblemLoader Loading environment from /home/runner/work/key/key/key.core/../key.ui/examples/heap/model_methods/Coll2_add.key 
81965      DEBUG main            d.u.i.k.p.i.AbstractProblemLoader Environment load took 78.2ns 
81966      INFO  main            d.u.i.k.p.i.AbstractProblemLoader Creating init config 
84496      DEBUG main            d.u.i.k.p.i.AbstractProblemLoader Init config took 2.53s 
84536      INFO  main            d.u.i.k.p.i.AbstractProblemLoader Replaying proof Coll2[Coll::add(int)].JML operation contract.0 
84538      DEBUG main            d.u.i.k.p.i.IntermediateProofReplayer Proof replay took 6.8ns 
84641      INFO  main            d.u.i.k.p.r.p.TestFile    ... finished proof: closed. 
84838      INFO  main            d.u.i.k.p.i.AbstractProblemLoader Loading environment from /home/runner/work/key/key/key.core/../key.ui/examples/heap/model_methods/Coll2_add.key.proof 
84838      DEBUG main            d.u.i.k.p.i.AbstractProblemLoader Environment load took 125.8ns 
84839      INFO  main            d.u.i.k.p.i.AbstractProblemLoader Creating init config 
87312      DEBUG main            d.u.i.k.p.i.AbstractProblemLoader Init config took 2.47s 
87351      INFO  main            d.u.i.k.p.i.AbstractProblemLoader Replaying proof Coll2[Coll::add(int)].JML operation contract.0 
87359      DEBUG main            d.u.i.k.p.i.IntermediateProofReplayer Proof replay took 5.86ms 
87360      DEBUG main            d.u.i.k.p.r.p.TestFile    ... success: reloaded. 
87361      INFO  main            d.u.i.k.p.r.p.TestFile    Now processing file /home/runner/work/key/key/key.core/../key.ui/examples/heap/model_methods/Coll2_Coll2_add_pre.key 
87362      INFO  main            d.u.i.k.p.i.AbstractProblemLoader Loading environment from /home/runner/work/key/key/key.core/../key.ui/examples/heap/model_methods/Coll2_Coll2_add_pre.key 
87362      DEBUG main            d.u.i.k.p.i.AbstractProblemLoader Environment load took 188.8ns 
87363      INFO  main            d.u.i.k.p.i.AbstractProblemLoader Creating init config 
89874      DEBUG main            d.u.i.k.p.i.AbstractProblemLoader Init config took 2.51s 
89912      INFO  main            d.u.i.k.p.i.AbstractProblemLoader Replaying proof Coll2[Coll2::add_pre(int)].JML model_behavior operation contract.0 
89914      DEBUG main            d.u.i.k.p.i.IntermediateProofReplayer Proof replay took 7.7ns 
90016      INFO  main            d.u.i.k.p.r.p.TestFile    ... finished proof: closed. 
90224      INFO  main            d.u.i.k.p.i.AbstractProblemLoader Loading environment from /home/runner/work/key/key/key.core/../key.ui/examples/heap/model_methods/Coll2_Coll2_add_pre.key.proof 
90224      DEBUG main            d.u.i.k.p.i.AbstractProblemLoader Environment load took 113.2ns 
90225      INFO  main            d.u.i.k.p.i.AbstractProblemLoader Creating init config 
92693      DEBUG main            d.u.i.k.p.i.AbstractProblemLoader Init config took 2.47s 
92731      INFO  main            d.u.i.k.p.i.AbstractProblemLoader Replaying proof Coll2[Coll2::add_pre(int)].JML model_behavior operation contract.0 
92733      DEBUG main            d.u.i.k.p.i.IntermediateProofReplayer Proof replay took 1.34ms 
92734      DEBUG main            d.u.i.k.p.r.p.TestFile    ... success: reloaded. 
92735      INFO  main            d.u.i.k.p.r.p.TestFile    Now processing file /home/runner/work/key/key/key.core/../key.ui/examples/heap/model_methods/Coll2_Coll_add_pre.key 
92735      INFO  main            d.u.i.k.p.i.AbstractProblemLoader Loading environment from /home/runner/work/key/key/key.core/../key.ui/examples/heap/model_methods/Coll2_Coll_add_pre.key 
92735      DEBUG main            d.u.i.k.p.i.AbstractProblemLoader Environment load took 72.8ns 
92736      INFO  main            d.u.i.k.p.i.AbstractProblemLoader Creating init config 
95284      DEBUG main            d.u.i.k.p.i.AbstractProblemLoader Init config took 2.55s 
95323      INFO  main            d.u.i.k.p.i.AbstractProblemLoader Replaying proof Coll2[Coll::add_pre(int)].JML model_behavior operation contract.0 
95325      DEBUG main            d.u.i.k.p.i.IntermediateProofReplayer Proof replay took 7ns 
95427      INFO  main            d.u.i.k.p.r.p.TestFile    ... finished proof: closed. 
95643      INFO  main            d.u.i.k.p.i.AbstractProblemLoader Loading environment from /home/runner/work/key/key/key.core/../key.ui/examples/heap/model_methods/Coll2_Coll_add_pre.key.proof 
95643      DEBUG main            d.u.i.k.p.i.AbstractProblemLoader Environment load took 118.5ns 
95644      INFO  main            d.u.i.k.p.i.AbstractProblemLoader Creating init config 
98084      DEBUG main            d.u.i.k.p.i.AbstractProblemLoader Init config took 2.44s 
98122      INFO  main            d.u.i.k.p.i.AbstractProblemLoader Replaying proof Coll2[Coll::add_pre(int)].JML model_behavior operation contract.0 
98125      DEBUG main            d.u.i.k.p.i.IntermediateProofReplayer Proof replay took 1.85ms 
98126      DEBUG main            d.u.i.k.p.r.p.TestFile    ... success: reloaded. 
98127      INFO  main            d.u.i.k.p.r.p.TestFile    Now processing file /home/runner/work/key/key/key.core/../key.ui/examples/heap/model_methods/Coll_add.key 
98127      INFO  main            d.u.i.k.p.i.AbstractProblemLoader Loading environment from /home/runner/work/key/key/key.core/../key.ui/examples/heap/model_methods/Coll_add.key 
98127      DEBUG main            d.u.i.k.p.i.AbstractProblemLoader Environment load took 65.2ns 
98128      INFO  main            d.u.i.k.p.i.AbstractProblemLoader Creating init config 
100640     DEBUG main            d.u.i.k.p.i.AbstractProblemLoader Init config took 2.51s 
100701     INFO  main            d.u.i.k.p.i.AbstractProblemLoader Replaying proof Coll[Coll::add(int)].JML operation contract.0 
100702     DEBUG main            d.u.i.k.p.i.IntermediateProofReplayer Proof replay took 6.3ns 
100805     INFO  main            d.u.i.k.p.r.p.TestFile    ... finished proof: closed. 
101018     INFO  main            d.u.i.k.p.i.AbstractProblemLoader Loading environment from /home/runner/work/key/key/key.core/../key.ui/examples/heap/model_methods/Coll_add.key.proof 
101018     DEBUG main            d.u.i.k.p.i.AbstractProblemLoader Environment load took 154.6ns 
101019     INFO  main            d.u.i.k.p.i.AbstractProblemLoader Creating init config 
103472     DEBUG main            d.u.i.k.p.i.AbstractProblemLoader Init config took 2.45s 
103512     INFO  main            d.u.i.k.p.i.AbstractProblemLoader Replaying proof Coll[Coll::add(int)].JML operation contract.0 
103516     DEBUG main            d.u.i.k.p.i.IntermediateProofReplayer Proof replay took 1.87ms 
103516     DEBUG main            d.u.i.k.p.r.p.TestFile    ... success: reloaded. 
103517     INFO  main            d.u.i.k.p.r.p.TestFile    Now processing file /home/runner/work/key/key/key.core/../key.ui/examples/heap/model_methods/Coll_add_pre.key 
103518     INFO  main            d.u.i.k.p.i.AbstractProblemLoader Loading environment from /home/runner/work/key/key/key.core/../key.ui/examples/heap/model_methods/Coll_add_pre.key 
103518     DEBUG main            d.u.i.k.p.i.AbstractProblemLoader Environment load took 129.2ns 
103519     INFO  main            d.u.i.k.p.i.AbstractProblemLoader Creating init config 
106067     DEBUG main            d.u.i.k.p.i.AbstractProblemLoader Init config took 2.55s 
106106     INFO  main            d.u.i.k.p.i.AbstractProblemLoader Replaying proof Coll[Coll::add_pre(int)].JML model_behavior operation contract.0 
106107     DEBUG main            d.u.i.k.p.i.IntermediateProofReplayer Proof replay took 6.5ns 
106209     INFO  main            d.u.i.k.p.r.p.TestFile    ... finished proof: closed. 
106431     INFO  main            d.u.i.k.p.i.AbstractProblemLoader Loading environment from /home/runner/work/key/key/key.core/../key.ui/examples/heap/model_methods/Coll_add_pre.key.proof 
106431     DEBUG main            d.u.i.k.p.i.AbstractProblemLoader Environment load took 267.3ns 
106432     INFO  main            d.u.i.k.p.i.AbstractProblemLoader Creating init config 
108899     DEBUG main            d.u.i.k.p.i.AbstractProblemLoader Init config took 2.47s 
108938     INFO  main            d.u.i.k.p.i.AbstractProblemLoader Replaying proof Coll[Coll::add_pre(int)].JML model_behavior operation contract.0 
108942     DEBUG main            d.u.i.k.p.i.IntermediateProofReplayer Proof replay took 2.18ms 
108942     DEBUG main            d.u.i.k.p.r.p.TestFile    ... success: reloaded. 
108943     INFO  main            d.u.i.k.p.r.p.TestFile    Now processing file /home/runner/work/key/key/key.core/../key.ui/examples/heap/model_methods/Indirect_callAdd.key 
108944     INFO  main            d.u.i.k.p.i.AbstractProblemLoader Loading environment from /home/runner/work/key/key/key.core/../key.ui/examples/heap/model_methods/Indirect_callAdd.key 
108944     DEBUG main            d.u.i.k.p.i.AbstractProblemLoader Environment load took 88.3ns 
108945     INFO  main            d.u.i.k.p.i.AbstractProblemLoader Creating init config 
111492     DEBUG main            d.u.i.k.p.i.AbstractProblemLoader Init config took 2.55s 
111530     INFO  main            d.u.i.k.p.i.AbstractProblemLoader Replaying proof Indirect[Indirect::callAdd(Coll,int)].JML operation contract.0 
111531     DEBUG main            d.u.i.k.p.i.IntermediateProofReplayer Proof replay took 6.3ns 
111634     INFO  main            d.u.i.k.p.r.p.TestFile    ... finished proof: closed. 
111877     INFO  main            d.u.i.k.p.i.AbstractProblemLoader Loading environment from /home/runner/work/key/key/key.core/../key.ui/examples/heap/model_methods/Indirect_callAdd.key.proof 
111878     DEBUG main            d.u.i.k.p.i.AbstractProblemLoader Environment load took 117.6ns 
111879     INFO  main            d.u.i.k.p.i.AbstractProblemLoader Creating init config 
114309     DEBUG main            d.u.i.k.p.i.AbstractProblemLoader Init config took 2.43s 
114347     INFO  main            d.u.i.k.p.i.AbstractProblemLoader Replaying proof Indirect[Indirect::callAdd(Coll,int)].JML operation contract.0 
114369     DEBUG main            d.u.i.k.p.i.IntermediateProofReplayer Proof replay took 19.41ms 
114369     DEBUG main            d.u.i.k.p.r.p.TestFile    ... success: reloaded. 
114370     INFO  main            d.u.i.k.p.r.p.TestFile    Now processing file /home/runner/work/key/key/key.core/../key.ui/examples/heap/model_methods/Indirect_test.key 
114371     INFO  main            d.u.i.k.p.i.AbstractProblemLoader Loading environment from /home/runner/work/key/key/key.core/../key.ui/examples/heap/model_methods/Indirect_test.key 
114371     DEBUG main            d.u.i.k.p.i.AbstractProblemLoader Environment load took 73.7ns 
114371     INFO  main            d.u.i.k.p.i.AbstractProblemLoader Creating init config 
116916     DEBUG main            d.u.i.k.p.i.AbstractProblemLoader Init config took 2.54s 
116955     INFO  main            d.u.i.k.p.i.AbstractProblemLoader Replaying proof Indirect[Indirect::test(Coll1,Coll2)].JML operation contract.0 
116956     DEBUG main            d.u.i.k.p.i.IntermediateProofReplayer Proof replay took 7.4ns 
117161     INFO  main            d.u.i.k.p.r.p.TestFile    ... finished proof: closed. 
117412     INFO  main            d.u.i.k.p.i.AbstractProblemLoader Loading environment from /home/runner/work/key/key/key.core/../key.ui/examples/heap/model_methods/Indirect_test.key.proof 
117412     DEBUG main            d.u.i.k.p.i.AbstractProblemLoader Environment load took 113.5ns 
117413     INFO  main            d.u.i.k.p.i.AbstractProblemLoader Creating init config 
119848     DEBUG main            d.u.i.k.p.i.AbstractProblemLoader Init config took 2.43s 
119886     INFO  main            d.u.i.k.p.i.AbstractProblemLoader Replaying proof Indirect[Indirect::test(Coll1,Coll2)].JML operation contract.0 
119935     DEBUG main            d.u.i.k.p.i.IntermediateProofReplayer Proof replay took 45.57ms 
119936     DEBUG main            d.u.i.k.p.r.p.TestFile    ... success: reloaded. 
119937     INFO  main            d.u.i.k.p.r.p.TestFile    Now processing file /home/runner/work/key/key/key.core/../key.ui/examples/heap/model_methods/Recell_Cell_footprint.key 
119937     INFO  main            d.u.i.k.p.i.AbstractProblemLoader Loading environment from /home/runner/work/key/key/key.core/../key.ui/examples/heap/model_methods/Recell_Cell_footprint.key 
119937     DEBUG main            d.u.i.k.p.i.AbstractProblemLoader Environment load took 163.4ns 
119938     INFO  main            d.u.i.k.p.i.AbstractProblemLoader Creating init config 
122454     DEBUG main            d.u.i.k.p.i.AbstractProblemLoader Init config took 2.52s 
122511     INFO  main            d.u.i.k.p.i.AbstractProblemLoader Replaying proof Recell[Cell::footprint()].JML model_behavior operation contract.0 
122513     DEBUG main            d.u.i.k.p.i.IntermediateProofReplayer Proof replay took 6.4ns 
122615     INFO  main            d.u.i.k.p.r.p.TestFile    ... finished proof: closed. 
122854     INFO  main            d.u.i.k.p.i.AbstractProblemLoader Loading environment from /home/runner/work/key/key/key.core/../key.ui/examples/heap/model_methods/Recell_Cell_footprint.key.proof 
122855     DEBUG main            d.u.i.k.p.i.AbstractProblemLoader Environment load took 124.3ns 
122856     INFO  main            d.u.i.k.p.i.AbstractProblemLoader Creating init config 
125322     DEBUG main            d.u.i.k.p.i.AbstractProblemLoader Init config took 2.47s 
125366     INFO  main            d.u.i.k.p.i.AbstractProblemLoader Replaying proof Recell[Cell::footprint()].JML model_behavior operation contract.0 
125375     DEBUG main            d.u.i.k.p.i.IntermediateProofReplayer Proof replay took 2.99ms 
125376     DEBUG main            d.u.i.k.p.r.p.TestFile    ... success: reloaded. 
125377     INFO  main            d.u.i.k.p.r.p.TestFile    Now processing file /home/runner/work/key/key/key.core/../key.ui/examples/heap/model_methods/Recell_Cell_post_set.key 
125377     INFO  main            d.u.i.k.p.i.AbstractProblemLoader Loading environment from /home/runner/work/key/key/key.core/../key.ui/examples/heap/model_methods/Recell_Cell_post_set.key 
125377     DEBUG main            d.u.i.k.p.i.AbstractProblemLoader Environment load took 95.2ns 
125378     INFO  main            d.u.i.k.p.i.AbstractProblemLoader Creating init config 
127832     DEBUG main            d.u.i.k.p.i.AbstractProblemLoader Init config took 2.45s 
127888     INFO  main            d.u.i.k.p.i.AbstractProblemLoader Replaying proof Recell[Cell::post_set(int)].JML model_behavior operation contract.0 
127889     DEBUG main            d.u.i.k.p.i.IntermediateProofReplayer Proof replay took 6.2ns 
127991     INFO  main            d.u.i.k.p.r.p.TestFile    ... finished proof: closed. 
128236     INFO  main            d.u.i.k.p.i.AbstractProblemLoader Loading environment from /home/runner/work/key/key/key.core/../key.ui/examples/heap/model_methods/Recell_Cell_post_set.key.proof 
128236     DEBUG main            d.u.i.k.p.i.AbstractProblemLoader Environment load took 115.5ns 
128237     INFO  main            d.u.i.k.p.i.AbstractProblemLoader Creating init config 
130670     DEBUG main            d.u.i.k.p.i.AbstractProblemLoader Init config took 2.43s 
130708     INFO  main            d.u.i.k.p.i.AbstractProblemLoader Replaying proof Recell[Cell::post_set(int)].JML model_behavior operation contract.0 
130712     DEBUG main            d.u.i.k.p.i.IntermediateProofReplayer Proof replay took 3.13ms 
130713     DEBUG main            d.u.i.k.p.r.p.TestFile    ... success: reloaded. 
130714     INFO  main            d.u.i.k.p.r.p.TestFile    Now processing file /home/runner/work/key/key/key.core/../key.ui/examples/heap/model_methods/Recell_footprint_acc.key 
130714     INFO  main            d.u.i.k.p.i.AbstractProblemLoader Loading environment from /home/runner/work/key/key/key.core/../key.ui/examples/heap/model_methods/Recell_footprint_acc.key 
130714     DEBUG main            d.u.i.k.p.i.AbstractProblemLoader Environment load took 89.9ns 
130715     INFO  main            d.u.i.k.p.i.AbstractProblemLoader Creating init config 
133204     DEBUG main            d.u.i.k.p.i.AbstractProblemLoader Init config took 2.49s 
133244     INFO  main            d.u.i.k.p.i.AbstractProblemLoader Replaying proof Recell[Cell::footprint()].JML accessible clause.0 
133250     DEBUG main            d.u.i.k.p.i.IntermediateProofReplayer Proof replay took 7.3ns 
133352     INFO  main            d.u.i.k.p.r.p.TestFile    ... finished proof: closed. 
133608     INFO  main            d.u.i.k.p.i.AbstractProblemLoader Loading environment from /home/runner/work/key/key/key.core/../key.ui/examples/heap/model_methods/Recell_footprint_acc.key.proof 
133608     DEBUG main            d.u.i.k.p.i.AbstractProblemLoader Environment load took 154.4ns 
133609     INFO  main            d.u.i.k.p.i.AbstractProblemLoader Creating init config 
136051     DEBUG main            d.u.i.k.p.i.AbstractProblemLoader Init config took 2.44s 
136088     INFO  main            d.u.i.k.p.i.AbstractProblemLoader Replaying proof Recell[Cell::footprint()].JML accessible clause.0 
136117     DEBUG main            d.u.i.k.p.i.IntermediateProofReplayer Proof replay took 26.26ms 
136122     DEBUG main            d.u.i.k.p.r.p.TestFile    ... success: reloaded. 
136123     INFO  main            d.u.i.k.p.r.p.TestFile    Now processing file /home/runner/work/key/key/key.core/../key.ui/examples/heap/model_methods/Recell_get_acc.key 
136123     INFO  main            d.u.i.k.p.i.AbstractProblemLoader Loading environment from /home/runner/work/key/key/key.core/../key.ui/examples/heap/model_methods/Recell_get_acc.key 
136123     DEBUG main            d.u.i.k.p.i.AbstractProblemLoader Environment load took 187.7ns 
136124     INFO  main            d.u.i.k.p.i.AbstractProblemLoader Creating init config 
138624     DEBUG main            d.u.i.k.p.i.AbstractProblemLoader Init config took 2.5s 
138661     INFO  main            d.u.i.k.p.i.AbstractProblemLoader Replaying proof Recell[Cell::get()].JML accessible clause.0 
138662     DEBUG main            d.u.i.k.p.i.IntermediateProofReplayer Proof replay took 6.8ns 
138765     INFO  main            d.u.i.k.p.r.p.TestFile    ... finished proof: closed. 
139073     INFO  main            d.u.i.k.p.i.AbstractProblemLoader Loading environment from /home/runner/work/key/key/key.core/../key.ui/examples/heap/model_methods/Recell_get_acc.key.proof 
139073     DEBUG main            d.u.i.k.p.i.AbstractProblemLoader Environment load took 117.2ns 
139074     INFO  main            d.u.i.k.p.i.AbstractProblemLoader Creating init config 
141505     DEBUG main            d.u.i.k.p.i.AbstractProblemLoader Init config took 2.43s 
141542     INFO  main            d.u.i.k.p.i.AbstractProblemLoader Replaying proof Recell[Cell::get()].JML accessible clause.0 
141558     DEBUG main            d.u.i.k.p.i.IntermediateProofReplayer Proof replay took 14.36ms 
141559     DEBUG main            d.u.i.k.p.r.p.TestFile    ... success: reloaded. 
141560     INFO  main            d.u.i.k.p.r.p.TestFile    Now processing file /home/runner/work/key/key/key.core/../key.ui/examples/heap/model_methods/Recell_get.key 
141560     INFO  main            d.u.i.k.p.i.AbstractProblemLoader Loading environment from /home/runner/work/key/key/key.core/../key.ui/examples/heap/model_methods/Recell_get.key 
141560     DEBUG main            d.u.i.k.p.i.AbstractProblemLoader Environment load took 92.4ns 
141561     INFO  main            d.u.i.k.p.i.AbstractProblemLoader Creating init config 
144051     DEBUG main            d.u.i.k.p.i.AbstractProblemLoader Init config took 2.49s 
144089     INFO  main            d.u.i.k.p.i.AbstractProblemLoader Replaying proof Recell[Cell::get()].JML operation contract.0 
144091     DEBUG main            d.u.i.k.p.i.IntermediateProofReplayer Proof replay took 7ns 
144192     INFO  main            d.u.i.k.p.r.p.TestFile    ... finished proof: closed. 
144461     INFO  main            d.u.i.k.p.i.AbstractProblemLoader Loading environment from /home/runner/work/key/key/key.core/../key.ui/examples/heap/model_methods/Recell_get.key.proof 
144461     DEBUG main            d.u.i.k.p.i.AbstractProblemLoader Environment load took 111.1ns 
144462     INFO  main            d.u.i.k.p.i.AbstractProblemLoader Creating init config 
146876     DEBUG main            d.u.i.k.p.i.AbstractProblemLoader Init config took 2.41s 
146914     INFO  main            d.u.i.k.p.i.AbstractProblemLoader Replaying proof Recell[Cell::get()].JML operation contract.0 
146922     DEBUG main            d.u.i.k.p.i.IntermediateProofReplayer Proof replay took 6.81ms 
146923     DEBUG main            d.u.i.k.p.r.p.TestFile    ... success: reloaded. 
146924     INFO  main            d.u.i.k.p.r.p.TestFile    Now processing file /home/runner/work/key/key/key.core/../key.ui/examples/heap/model_methods/Recell_Recell_footprint.key 
146924     INFO  main            d.u.i.k.p.i.AbstractProblemLoader Loading environment from /home/runner/work/key/key/key.core/../key.ui/examples/heap/model_methods/Recell_Recell_footprint.key 
146924     DEBUG main            d.u.i.k.p.i.AbstractProblemLoader Environment load took 165.9ns 
146925     INFO  main            d.u.i.k.p.i.AbstractProblemLoader Creating init config 
149447     DEBUG main            d.u.i.k.p.i.AbstractProblemLoader Init config took 2.52s 
149484     INFO  main            d.u.i.k.p.i.AbstractProblemLoader Replaying proof Recell[Recell::footprint()].JML model_behavior operation contract.0 
149486     DEBUG main            d.u.i.k.p.i.IntermediateProofReplayer Proof replay took 7.2ns 
149588     INFO  main            d.u.i.k.p.r.p.TestFile    ... finished proof: closed. 
149919     INFO  main            d.u.i.k.p.i.AbstractProblemLoader Loading environment from /home/runner/work/key/key/key.core/../key.ui/examples/heap/model_methods/Recell_Recell_footprint.key.proof 
149919     DEBUG main            d.u.i.k.p.i.AbstractProblemLoader Environment load took 110.6ns 
149920     INFO  main            d.u.i.k.p.i.AbstractProblemLoader Creating init config 
152347     DEBUG main            d.u.i.k.p.i.AbstractProblemLoader Init config took 2.43s 
152400     INFO  main            d.u.i.k.p.i.AbstractProblemLoader Replaying proof Recell[Recell::footprint()].JML model_behavior operation contract.0 
152403     DEBUG main            d.u.i.k.p.i.IntermediateProofReplayer Proof replay took 1.29ms 
152404     DEBUG main            d.u.i.k.p.r.p.TestFile    ... success: reloaded. 
152405     INFO  main            d.u.i.k.p.r.p.TestFile    Now processing file /home/runner/work/key/key/key.core/../key.ui/examples/heap/model_methods/Recell_Recell_post_set.key 
152405     INFO  main            d.u.i.k.p.i.AbstractProblemLoader Loading environment from /home/runner/work/key/key/key.core/../key.ui/examples/heap/model_methods/Recell_Recell_post_set.key 
152406     DEBUG main            d.u.i.k.p.i.AbstractProblemLoader Environment load took 289.6ns 
152407     INFO  main            d.u.i.k.p.i.AbstractProblemLoader Creating init config 
154898     DEBUG main            d.u.i.k.p.i.AbstractProblemLoader Init config took 2.49s 
154935     INFO  main            d.u.i.k.p.i.AbstractProblemLoader Replaying proof Recell[Recell::post_set(int)].JML model_behavior operation contract.0 
154936     DEBUG main            d.u.i.k.p.i.IntermediateProofReplayer Proof replay took 6.5ns 
155038     INFO  main            d.u.i.k.p.r.p.TestFile    ... finished proof: closed. 
155325     INFO  main            d.u.i.k.p.i.AbstractProblemLoader Loading environment from /home/runner/work/key/key/key.core/../key.ui/examples/heap/model_methods/Recell_Recell_post_set.key.proof 
155325     DEBUG main            d.u.i.k.p.i.AbstractProblemLoader Environment load took 115.2ns 
155326     INFO  main            d.u.i.k.p.i.AbstractProblemLoader Creating init config 
157751     DEBUG main            d.u.i.k.p.i.AbstractProblemLoader Init config took 2.43s 
157788     INFO  main            d.u.i.k.p.i.AbstractProblemLoader Replaying proof Recell[Recell::post_set(int)].JML model_behavior operation contract.0 
157792     DEBUG main            d.u.i.k.p.i.IntermediateProofReplayer Proof replay took 1.99ms 
157793     DEBUG main            d.u.i.k.p.r.p.TestFile    ... success: reloaded. 
157793     INFO  main            d.u.i.k.p.r.p.TestFile    Now processing file /home/runner/work/key/key/key.core/../key.ui/examples/heap/model_methods/Recell_set.key 
157794     INFO  main            d.u.i.k.p.i.AbstractProblemLoader Loading environment from /home/runner/work/key/key/key.core/../key.ui/examples/heap/model_methods/Recell_set.key 
157794     DEBUG main            d.u.i.k.p.i.AbstractProblemLoader Environment load took 104ns 
157795     INFO  main            d.u.i.k.p.i.AbstractProblemLoader Creating init config 
160269     DEBUG main            d.u.i.k.p.i.AbstractProblemLoader Init config took 2.47s 
160307     INFO  main            d.u.i.k.p.i.AbstractProblemLoader Replaying proof Recell[Cell::set(int)].JML operation contract.0 
160309     DEBUG main            d.u.i.k.p.i.IntermediateProofReplayer Proof replay took 7.9ns 
166421     INFO  main            d.u.i.k.p.r.p.TestFile    ... finished proof: closed. 
166734     INFO  main            d.u.i.k.p.i.AbstractProblemLoader Loading environment from /home/runner/work/key/key/key.core/../key.ui/examples/heap/model_methods/Recell_set.key.proof 
166734     DEBUG main            d.u.i.k.p.i.AbstractProblemLoader Environment load took 171.1ns 
166735     INFO  main            d.u.i.k.p.i.AbstractProblemLoader Creating init config 
169157     DEBUG main            d.u.i.k.p.i.AbstractProblemLoader Init config took 2.42s 
169195     INFO  main            d.u.i.k.p.i.AbstractProblemLoader Replaying proof Recell[Cell::set(int)].JML operation contract.0 
169579     DEBUG main            d.u.i.k.p.i.IntermediateProofReplayer Proof replay took 362.06ms 
169580     DEBUG main            d.u.i.k.p.r.p.TestFile    ... success: reloaded. 
169581     INFO  main            d.u.i.k.p.r.p.TestFile    Now processing file /home/runner/work/key/key/key.core/../key.ui/examples/heap/model_methods/Recell_undo.key 
169582     INFO  main            d.u.i.k.p.i.AbstractProblemLoader Loading environment from /home/runner/work/key/key/key.core/../key.ui/examples/heap/model_methods/Recell_undo.key 
169582     DEBUG main            d.u.i.k.p.i.AbstractProblemLoader Environment load took 87.1ns 
169582     INFO  main            d.u.i.k.p.i.AbstractProblemLoader Creating init config 
172060     DEBUG main            d.u.i.k.p.i.AbstractProblemLoader Init config took 2.48s 
172097     INFO  main            d.u.i.k.p.i.AbstractProblemLoader Replaying proof Recell[Recell::undo()].JML operation contract.0 
172098     DEBUG main            d.u.i.k.p.i.IntermediateProofReplayer Proof replay took 8.2ns 
172205     INFO  main            d.u.i.k.p.r.p.TestFile    ... finished proof: closed. 
172505     INFO  main            d.u.i.k.p.i.AbstractProblemLoader Loading environment from /home/runner/work/key/key/key.core/../key.ui/examples/heap/model_methods/Recell_undo.key.proof 
172505     DEBUG main            d.u.i.k.p.i.AbstractProblemLoader Environment load took 112.6ns 
172506     INFO  main            d.u.i.k.p.i.AbstractProblemLoader Creating init config 
174912     DEBUG main            d.u.i.k.p.i.AbstractProblemLoader Init config took 2.41s 
174949     INFO  main            d.u.i.k.p.i.AbstractProblemLoader Replaying proof Recell[Recell::undo()].JML operation contract.0 
174975     DEBUG main            d.u.i.k.p.i.IntermediateProofReplayer Proof replay took 24.21ms 
174976     DEBUG main            d.u.i.k.p.r.p.TestFile    ... success: reloaded. 
4085855    INFO  Test worker     d.u.i.k.p.r.RunAllProofsTestUnit Returning from test modelMethods 
4085856    INFO  Test worker     d.u.i.k.p.r.RunAllProofsTestUnit Running test permissionHeap 
361        INFO  Timeout watchdog d.u.i.k.p.r.p.ForkedTestFileRunner Timeout watcher launched (2000 secs.) 
364        WARN  main            d.u.i.k.s.ProofSettings   The settings in /home/runner/.key/proof-settings.props are *not* read. 
397        INFO  main            d.u.i.k.p.r.p.TestFile    Now processing file /home/runner/work/key/key/key.core/../key.ui/examples/heap/permissions/permissions_method0.key 
509        INFO  main            d.u.i.k.p.i.AbstractProblemLoader Loading environment from /home/runner/work/key/key/key.core/../key.ui/examples/heap/permissions/permissions_method0.key 
530        DEBUG main            d.u.i.k.p.i.AbstractProblemLoader Environment load took 1.95ms 
748        INFO  main            d.u.i.k.p.i.AbstractProblemLoader Creating init config 
1644       DEBUG main            d.u.i.k.j.TypeConverter   No LDT found for Meta 
1645       DEBUG main            d.u.i.k.j.TypeConverter   No LDT found for Meta 
1646       DEBUG main            d.u.i.k.j.TypeConverter   No LDT found for Meta 
1646       DEBUG main            d.u.i.k.j.TypeConverter   No LDT found for Meta 
3143       DEBUG main            d.u.i.k.j.TypeConverter   No LDT found for JavaBigintExpression 
8239       DEBUG main            d.u.i.k.p.i.AbstractProblemLoader Init config took 7.49s 
8428       INFO  main            d.u.i.k.p.i.AbstractProblemLoader Replaying proof MyClass[MyClass::method0()].JML normal_behavior operation contract.0 
8464       DEBUG main            d.u.i.k.p.i.IntermediateProofReplayer Proof replay took 31.1ns 
9490       INFO  main            d.u.i.k.p.r.p.TestFile    ... finished proof: closed. 
9602       INFO  main            d.u.i.k.p.i.AbstractProblemLoader Loading environment from /home/runner/work/key/key/key.core/../key.ui/examples/heap/permissions/permissions_method0.key.proof 
9605       DEBUG main            d.u.i.k.p.i.AbstractProblemLoader Environment load took 2.53ms 
9607       INFO  main            d.u.i.k.p.i.AbstractProblemLoader Creating init config 
12479      DEBUG main            d.u.i.k.p.i.AbstractProblemLoader Init config took 2.87s 
12543      INFO  main            d.u.i.k.p.i.AbstractProblemLoader Replaying proof MyClass[MyClass::method0()].JML normal_behavior operation contract.0 
12668      DEBUG main            d.u.i.k.p.i.IntermediateProofReplayer Proof replay took 119.91ms 
12675      DEBUG main            d.u.i.k.p.r.p.TestFile    ... success: reloaded. 
12679      INFO  main            d.u.i.k.p.r.p.TestFile    Now processing file /home/runner/work/key/key/key.core/../key.ui/examples/heap/permissions/permissions_method1.key 
12679      INFO  main            d.u.i.k.p.i.AbstractProblemLoader Loading environment from /home/runner/work/key/key/key.core/../key.ui/examples/heap/permissions/permissions_method1.key 
12679      DEBUG main            d.u.i.k.p.i.AbstractProblemLoader Environment load took 230.3ns 
12682      INFO  main            d.u.i.k.p.i.AbstractProblemLoader Creating init config 
15393      DEBUG main            d.u.i.k.p.i.AbstractProblemLoader Init config took 2.71s 
15450      INFO  main            d.u.i.k.p.i.AbstractProblemLoader Replaying proof MyClass[MyClass::method1()].JML normal_behavior operation contract.0 
15452      DEBUG main            d.u.i.k.p.i.IntermediateProofReplayer Proof replay took 6.4ns 
15756      INFO  main            d.u.i.k.p.r.p.TestFile    ... finished proof: closed. 
15909      INFO  main            d.u.i.k.p.i.AbstractProblemLoader Loading environment from /home/runner/work/key/key/key.core/../key.ui/examples/heap/permissions/permissions_method1.key.proof 
15909      DEBUG main            d.u.i.k.p.i.AbstractProblemLoader Environment load took 685.91ns 
15915      INFO  main            d.u.i.k.p.i.AbstractProblemLoader Creating init config 
18528      DEBUG main            d.u.i.k.p.i.AbstractProblemLoader Init config took 2.61s 
18592      INFO  main            d.u.i.k.p.i.AbstractProblemLoader Replaying proof MyClass[MyClass::method1()].JML normal_behavior operation contract.0 
18646      DEBUG main            d.u.i.k.p.i.IntermediateProofReplayer Proof replay took 50.25ms 
18647      DEBUG main            d.u.i.k.p.r.p.TestFile    ... success: reloaded. 
18649      INFO  main            d.u.i.k.p.r.p.TestFile    Now processing file /home/runner/work/key/key/key.core/../key.ui/examples/heap/permissions/permissions_method3.key 
18649      INFO  main            d.u.i.k.p.i.AbstractProblemLoader Loading environment from /home/runner/work/key/key/key.core/../key.ui/examples/heap/permissions/permissions_method3.key 
18649      DEBUG main            d.u.i.k.p.i.AbstractProblemLoader Environment load took 194.1ns 
18650      INFO  main            d.u.i.k.p.i.AbstractProblemLoader Creating init config 
21280      DEBUG main            d.u.i.k.p.i.AbstractProblemLoader Init config took 2.63s 
21327      INFO  main            d.u.i.k.p.i.AbstractProblemLoader Replaying proof MyClass[MyClass::method3()].JML normal_behavior operation contract.0 
21330      DEBUG main            d.u.i.k.p.i.IntermediateProofReplayer Proof replay took 6ns 
22740      INFO  main            d.u.i.k.p.r.p.TestFile    ... finished proof: closed. 
22902      INFO  main            d.u.i.k.p.i.AbstractProblemLoader Loading environment from /home/runner/work/key/key/key.core/../key.ui/examples/heap/permissions/permissions_method3.key.proof 
22902      DEBUG main            d.u.i.k.p.i.AbstractProblemLoader Environment load took 135.4ns 
22903      INFO  main            d.u.i.k.p.i.AbstractProblemLoader Creating init config 
25471      DEBUG main            d.u.i.k.p.i.AbstractProblemLoader Init config took 2.57s 
25516      INFO  main            d.u.i.k.p.i.AbstractProblemLoader Replaying proof MyClass[MyClass::method3()].JML normal_behavior operation contract.0 
25691      DEBUG main            d.u.i.k.p.i.IntermediateProofReplayer Proof replay took 167.06ms 
25692      DEBUG main            d.u.i.k.p.r.p.TestFile    ... success: reloaded. 
25694      INFO  main            d.u.i.k.p.r.p.TestFile    Now processing file /home/runner/work/key/key/key.core/../key.ui/examples/heap/permissions/permissions_setAB.key 
25694      INFO  main            d.u.i.k.p.i.AbstractProblemLoader Loading environment from /home/runner/work/key/key/key.core/../key.ui/examples/heap/permissions/permissions_setAB.key 
25694      DEBUG main            d.u.i.k.p.i.AbstractProblemLoader Environment load took 215.6ns 
25695      INFO  main            d.u.i.k.p.i.AbstractProblemLoader Creating init config 
28297      DEBUG main            d.u.i.k.p.i.AbstractProblemLoader Init config took 2.6s 
28341      INFO  main            d.u.i.k.p.i.AbstractProblemLoader Replaying proof MyClass[MyClass::setAB()].JML normal_behavior operation contract.0 
28344      DEBUG main            d.u.i.k.p.i.IntermediateProofReplayer Proof replay took 7.6ns 
29849      INFO  main            d.u.i.k.p.r.p.TestFile    ... finished proof: closed. 
30044      INFO  main            d.u.i.k.p.i.AbstractProblemLoader Loading environment from /home/runner/work/key/key/key.core/../key.ui/examples/heap/permissions/permissions_setAB.key.proof 
30044      DEBUG main            d.u.i.k.p.i.AbstractProblemLoader Environment load took 135.3ns 
30045      INFO  main            d.u.i.k.p.i.AbstractProblemLoader Creating init config 
32569      DEBUG main            d.u.i.k.p.i.AbstractProblemLoader Init config took 2.52s 
32613      INFO  main            d.u.i.k.p.i.AbstractProblemLoader Replaying proof MyClass[MyClass::setAB()].JML normal_behavior operation contract.0 
32760      DEBUG main            d.u.i.k.p.i.IntermediateProofReplayer Proof replay took 141.35ms 
32761      DEBUG main            d.u.i.k.p.r.p.TestFile    ... success: reloaded. 
32762      INFO  main            d.u.i.k.p.r.p.TestFile    Now processing file /home/runner/work/key/key/key.core/../key.ui/examples/heap/permissions/permissionProperties.key 
32763      INFO  main            d.u.i.k.p.i.AbstractProblemLoader Loading environment from /home/runner/work/key/key/key.core/../key.ui/examples/heap/permissions/permissionProperties.key 
32763      DEBUG main            d.u.i.k.p.i.AbstractProblemLoader Environment load took 188.5ns 
32764      INFO  main            d.u.i.k.p.i.AbstractProblemLoader Creating init config 
32902      DEBUG main            d.u.i.k.j.TypeConverter   No LDT found for Meta 
32903      DEBUG main            d.u.i.k.j.TypeConverter   No LDT found for Meta 
32903      DEBUG main            d.u.i.k.j.TypeConverter   No LDT found for Meta 
32904      DEBUG main            d.u.i.k.j.TypeConverter   No LDT found for Meta 
33475      DEBUG main            d.u.i.k.j.TypeConverter   No LDT found for JavaBigintExpression 
36181      DEBUG main            d.u.i.k.p.i.AbstractProblemLoader Init config took 3.42s 
36202      INFO  main            d.u.i.k.p.i.AbstractProblemLoader Replaying proof permissionProperties.key 
36203      DEBUG main            d.u.i.k.p.i.IntermediateProofReplayer Proof replay took 6.4ns 
36308      INFO  main            d.u.i.k.p.r.p.TestFile    ... finished proof: closed. 
36465      INFO  main            d.u.i.k.p.i.AbstractProblemLoader Loading environment from /home/runner/work/key/key/key.core/../key.ui/examples/heap/permissions/permissionProperties.key.proof 
36465      DEBUG main            d.u.i.k.p.i.AbstractProblemLoader Environment load took 142.5ns 
36467      INFO  main            d.u.i.k.p.i.AbstractProblemLoader Creating init config 
38834      DEBUG main            d.u.i.k.p.i.AbstractProblemLoader Init config took 2.37s 
38854      INFO  main            d.u.i.k.p.i.AbstractProblemLoader Replaying proof permissionProperties.key.proof 
38869      DEBUG main            d.u.i.k.p.i.IntermediateProofReplayer Proof replay took 13.16ms 
38871      DEBUG main            d.u.i.k.p.r.p.TestFile    ... success: reloaded. 
38872      INFO  main            d.u.i.k.p.r.p.TestFile    Now processing file /home/runner/work/key/key/key.core/../key.ui/examples/heap/permissions/threads/AFilter_AFilter.key 
38872      INFO  main            d.u.i.k.p.i.AbstractProblemLoader Loading environment from /home/runner/work/key/key/key.core/../key.ui/examples/heap/permissions/threads/AFilter_AFilter.key 
38872      DEBUG main            d.u.i.k.p.i.AbstractProblemLoader Environment load took 237.6ns 
38874      INFO  main            d.u.i.k.p.i.AbstractProblemLoader Creating init config 
39008      DEBUG main            d.u.i.k.j.TypeConverter   No LDT found for Meta 
39008      DEBUG main            d.u.i.k.j.TypeConverter   No LDT found for Meta 
39009      DEBUG main            d.u.i.k.j.TypeConverter   No LDT found for Meta 
39009      DEBUG main            d.u.i.k.j.TypeConverter   No LDT found for Meta 
39553      DEBUG main            d.u.i.k.j.TypeConverter   No LDT found for JavaBigintExpression 
44660      DEBUG main            d.u.i.k.p.i.AbstractProblemLoader Init config took 5.79s 
44761      INFO  main            d.u.i.k.p.i.AbstractProblemLoader Replaying proof AFilter[AFilter::AFilter(Sampler,Buffer)].JML normal_behavior operation contract.0 
44763      DEBUG main            d.u.i.k.p.i.IntermediateProofReplayer Proof replay took 6.9ns 
45792      INFO  main            d.u.i.k.p.r.p.TestFile    ... finished proof: closed. 
46033      INFO  main            d.u.i.k.p.i.AbstractProblemLoader Loading environment from /home/runner/work/key/key/key.core/../key.ui/examples/heap/permissions/threads/AFilter_AFilter.key.proof 
46034      DEBUG main            d.u.i.k.p.i.AbstractProblemLoader Environment load took 1.02ms 
46035      INFO  main            d.u.i.k.p.i.AbstractProblemLoader Creating init config 
50527      DEBUG main            d.u.i.k.p.i.AbstractProblemLoader Init config took 4.49s 
50631      INFO  main            d.u.i.k.p.i.AbstractProblemLoader Replaying proof AFilter[AFilter::AFilter(Sampler,Buffer)].JML normal_behavior operation contract.0 
50751      DEBUG main            d.u.i.k.p.i.IntermediateProofReplayer Proof replay took 114.91ms 
50752      DEBUG main            d.u.i.k.p.r.p.TestFile    ... success: reloaded. 
50754      INFO  main            d.u.i.k.p.r.p.TestFile    Now processing file /home/runner/work/key/key/key.core/../key.ui/examples/heap/permissions/threads/AFilter_initPost_accessible.key 
50754      INFO  main            d.u.i.k.p.i.AbstractProblemLoader Loading environment from /home/runner/work/key/key/key.core/../key.ui/examples/heap/permissions/threads/AFilter_initPost_accessible.key 
50754      DEBUG main            d.u.i.k.p.i.AbstractProblemLoader Environment load took 187.4ns 
50755      INFO  main            d.u.i.k.p.i.AbstractProblemLoader Creating init config 
55285      DEBUG main            d.u.i.k.p.i.AbstractProblemLoader Init config took 4.53s 
55374      INFO  main            d.u.i.k.p.i.AbstractProblemLoader Replaying proof AFilter[ThreadSpec2::initPost()].JML accessible clause.0 
55376      DEBUG main            d.u.i.k.p.i.IntermediateProofReplayer Proof replay took 6.9ns 
55478      INFO  main            d.u.i.k.p.r.p.TestFile    ... finished proof: closed. 
55677      INFO  main            d.u.i.k.p.i.AbstractProblemLoader Loading environment from /home/runner/work/key/key/key.core/../key.ui/examples/heap/permissions/threads/AFilter_initPost_accessible.key.proof 
55677      DEBUG main            d.u.i.k.p.i.AbstractProblemLoader Environment load took 147ns 
55678      INFO  main            d.u.i.k.p.i.AbstractProblemLoader Creating init config 
60177      DEBUG main            d.u.i.k.p.i.AbstractProblemLoader Init config took 4.5s 
60264      INFO  main            d.u.i.k.p.i.AbstractProblemLoader Replaying proof AFilter[ThreadSpec2::initPost()].JML accessible clause.0 
60277      DEBUG main            d.u.i.k.p.i.IntermediateProofReplayer Proof replay took 10.06ms 
60278      DEBUG main            d.u.i.k.p.r.p.TestFile    ... success: reloaded. 
60279      INFO  main            d.u.i.k.p.r.p.TestFile    Now processing file /home/runner/work/key/key/key.core/../key.ui/examples/heap/permissions/threads/AFilter_inv_accessible1.key 
60279      INFO  main            d.u.i.k.p.i.AbstractProblemLoader Loading environment from /home/runner/work/key/key/key.core/../key.ui/examples/heap/permissions/threads/AFilter_inv_accessible1.key 
60279      DEBUG main            d.u.i.k.p.i.AbstractProblemLoader Environment load took 91.4ns 
60280      INFO  main            d.u.i.k.p.i.AbstractProblemLoader Creating init config 
64715      DEBUG main            d.u.i.k.p.i.AbstractProblemLoader Init config took 4.43s 
64801      INFO  main            d.u.i.k.p.i.AbstractProblemLoader Replaying proof AFilter[java.lang.Object::<inv>()].JML accessible clause.0 
64802      DEBUG main            d.u.i.k.p.i.IntermediateProofReplayer Proof replay took 6.9ns 
64904      INFO  main            d.u.i.k.p.r.p.TestFile    ... finished proof: closed. 
65114      INFO  main            d.u.i.k.p.i.AbstractProblemLoader Loading environment from /home/runner/work/key/key/key.core/../key.ui/examples/heap/permissions/threads/AFilter_inv_accessible1.key.proof 
65114      DEBUG main            d.u.i.k.p.i.AbstractProblemLoader Environment load took 121.4ns 
65116      INFO  main            d.u.i.k.p.i.AbstractProblemLoader Creating init config 
69558      DEBUG main            d.u.i.k.p.i.AbstractProblemLoader Init config took 4.44s 
69641      INFO  main            d.u.i.k.p.i.AbstractProblemLoader Replaying proof AFilter[java.lang.Object::<inv>()].JML accessible clause.0 
69645      DEBUG main            d.u.i.k.p.i.IntermediateProofReplayer Proof replay took 1.95ms 
69646      DEBUG main            d.u.i.k.p.r.p.TestFile    ... success: reloaded. 
69647      INFO  main            d.u.i.k.p.r.p.TestFile    Now processing file /home/runner/work/key/key/key.core/../key.ui/examples/heap/permissions/threads/AFilter_inv_accessible2.key 
69647      INFO  main            d.u.i.k.p.i.AbstractProblemLoader Loading environment from /home/runner/work/key/key/key.core/../key.ui/examples/heap/permissions/threads/AFilter_inv_accessible2.key 
69647      DEBUG main            d.u.i.k.p.i.AbstractProblemLoader Environment load took 92.3ns 
69648      INFO  main            d.u.i.k.p.i.AbstractProblemLoader Creating init config 
74121      DEBUG main            d.u.i.k.p.i.AbstractProblemLoader Init config took 4.47s 
74204      INFO  main            d.u.i.k.p.i.AbstractProblemLoader Replaying proof AFilter[java.lang.Object::<inv>()].JML accessible clause.1 
74206      DEBUG main            d.u.i.k.p.i.IntermediateProofReplayer Proof replay took 7.5ns 
74311      INFO  main            d.u.i.k.p.r.p.TestFile    ... finished proof: closed. 
74523      INFO  main            d.u.i.k.p.i.AbstractProblemLoader Loading environment from /home/runner/work/key/key/key.core/../key.ui/examples/heap/permissions/threads/AFilter_inv_accessible2.key.proof 
74523      DEBUG main            d.u.i.k.p.i.AbstractProblemLoader Environment load took 117.1ns 
74524      INFO  main            d.u.i.k.p.i.AbstractProblemLoader Creating init config 
78938      DEBUG main            d.u.i.k.p.i.AbstractProblemLoader Init config took 4.41s 
79032      INFO  main            d.u.i.k.p.i.AbstractProblemLoader Replaying proof AFilter[java.lang.Object::<inv>()].JML accessible clause.1 
79036      DEBUG main            d.u.i.k.p.i.IntermediateProofReplayer Proof replay took 1.81ms 
79037      DEBUG main            d.u.i.k.p.r.p.TestFile    ... success: reloaded. 
79039      INFO  main            d.u.i.k.p.r.p.TestFile    Now processing file /home/runner/work/key/key/key.core/../key.ui/examples/heap/permissions/threads/AFilter_joinTransfer_accessible.key 
79039      INFO  main            d.u.i.k.p.i.AbstractProblemLoader Loading environment from /home/runner/work/key/key/key.core/../key.ui/examples/heap/permissions/threads/AFilter_joinTransfer_accessible.key 
79040      DEBUG main            d.u.i.k.p.i.AbstractProblemLoader Environment load took 96.4ns 
79040      INFO  main            d.u.i.k.p.i.AbstractProblemLoader Creating init config 
83509      DEBUG main            d.u.i.k.p.i.AbstractProblemLoader Init config took 4.47s 
83594      INFO  main            d.u.i.k.p.i.AbstractProblemLoader Replaying proof AFilter[ThreadSpec2::joinTransfer()].JML accessible clause.0 
83597      DEBUG main            d.u.i.k.p.i.IntermediateProofReplayer Proof replay took 8.5ns 
86906      INFO  main            d.u.i.k.p.r.p.TestFile    ... finished proof: closed. 
87140      INFO  main            d.u.i.k.p.i.AbstractProblemLoader Loading environment from /home/runner/work/key/key/key.core/../key.ui/examples/heap/permissions/threads/AFilter_joinTransfer_accessible.key.proof 
87146      DEBUG main            d.u.i.k.p.i.AbstractProblemLoader Environment load took 5.08ms 
87147      INFO  main            d.u.i.k.p.i.AbstractProblemLoader Creating init config 
91591      DEBUG main            d.u.i.k.p.i.AbstractProblemLoader Init config took 4.44s 
91672      INFO  main            d.u.i.k.p.i.AbstractProblemLoader Replaying proof AFilter[ThreadSpec2::joinTransfer()].JML accessible clause.0 
91914      DEBUG main            d.u.i.k.p.i.IntermediateProofReplayer Proof replay took 232.22ms 
91915      DEBUG main            d.u.i.k.p.r.p.TestFile    ... success: reloaded. 
91917      INFO  main            d.u.i.k.p.r.p.TestFile    Now processing file /home/runner/work/key/key/key.core/../key.ui/examples/heap/permissions/threads/AFilter_joinTransfer_contract.key 
91917      INFO  main            d.u.i.k.p.i.AbstractProblemLoader Loading environment from /home/runner/work/key/key/key.core/../key.ui/examples/heap/permissions/threads/AFilter_joinTransfer_contract.key 
91917      DEBUG main            d.u.i.k.p.i.AbstractProblemLoader Environment load took 185.9ns 
91918      INFO  main            d.u.i.k.p.i.AbstractProblemLoader Creating init config 
96382      DEBUG main            d.u.i.k.p.i.AbstractProblemLoader Init config took 4.46s 
96479      INFO  main            d.u.i.k.p.i.AbstractProblemLoader Replaying proof AFilter[ThreadSpec2::joinTransfer()].JML model_behavior operation contract.0 
96480      DEBUG main            d.u.i.k.p.i.IntermediateProofReplayer Proof replay took 6.6ns 
96583      INFO  main            d.u.i.k.p.r.p.TestFile    ... finished proof: closed. 
96804      INFO  main            d.u.i.k.p.i.AbstractProblemLoader Loading environment from /home/runner/work/key/key/key.core/../key.ui/examples/heap/permissions/threads/AFilter_joinTransfer_contract.key.proof 
96805      DEBUG main            d.u.i.k.p.i.AbstractProblemLoader Environment load took 135.4ns 
96806      INFO  main            d.u.i.k.p.i.AbstractProblemLoader Creating init config 
101196     DEBUG main            d.u.i.k.p.i.AbstractProblemLoader Init config took 4.39s 
101287     INFO  main            d.u.i.k.p.i.AbstractProblemLoader Replaying proof AFilter[ThreadSpec2::joinTransfer()].JML model_behavior operation contract.0 
101295     DEBUG main            d.u.i.k.p.i.IntermediateProofReplayer Proof replay took 6.86ms 
101296     DEBUG main            d.u.i.k.p.r.p.TestFile    ... success: reloaded. 
101298     INFO  main            d.u.i.k.p.r.p.TestFile    Now processing file /home/runner/work/key/key/key.core/../key.ui/examples/heap/permissions/threads/AFilter_postJoin_accessible.key 
101298     INFO  main            d.u.i.k.p.i.AbstractProblemLoader Loading environment from /home/runner/work/key/key/key.core/../key.ui/examples/heap/permissions/threads/AFilter_postJoin_accessible.key 
101298     DEBUG main            d.u.i.k.p.i.AbstractProblemLoader Environment load took 94.8ns 
101299     INFO  main            d.u.i.k.p.i.AbstractProblemLoader Creating init config 
105759     DEBUG main            d.u.i.k.p.i.AbstractProblemLoader Init config took 4.46s 
105840     INFO  main            d.u.i.k.p.i.AbstractProblemLoader Replaying proof AFilter[ThreadSpec2::postJoin(java.lang.Object)].JML accessible clause.0 
105841     DEBUG main            d.u.i.k.p.i.IntermediateProofReplayer Proof replay took 7ns 
105944     INFO  main            d.u.i.k.p.r.p.TestFile    ... finished proof: closed. 
106189     INFO  main            d.u.i.k.p.i.AbstractProblemLoader Loading environment from /home/runner/work/key/key/key.core/../key.ui/examples/heap/permissions/threads/AFilter_postJoin_accessible.key.proof 
106189     DEBUG main            d.u.i.k.p.i.AbstractProblemLoader Environment load took 125.8ns 
106190     INFO  main            d.u.i.k.p.i.AbstractProblemLoader Creating init config 
110562     DEBUG main            d.u.i.k.p.i.AbstractProblemLoader Init config took 4.37s 
110644     INFO  main            d.u.i.k.p.i.AbstractProblemLoader Replaying proof AFilter[ThreadSpec2::postJoin(java.lang.Object)].JML accessible clause.0 
110652     DEBUG main            d.u.i.k.p.i.IntermediateProofReplayer Proof replay took 5.41ms 
110653     DEBUG main            d.u.i.k.p.r.p.TestFile    ... success: reloaded. 
110654     INFO  main            d.u.i.k.p.r.p.TestFile    Now processing file /home/runner/work/key/key/key.core/../key.ui/examples/heap/permissions/threads/AFilter_preStart_accessible.key 
110655     INFO  main            d.u.i.k.p.i.AbstractProblemLoader Loading environment from /home/runner/work/key/key/key.core/../key.ui/examples/heap/permissions/threads/AFilter_preStart_accessible.key 
110655     DEBUG main            d.u.i.k.p.i.AbstractProblemLoader Environment load took 206ns 
110656     INFO  main            d.u.i.k.p.i.AbstractProblemLoader Creating init config 
115132     DEBUG main            d.u.i.k.p.i.AbstractProblemLoader Init config took 4.48s 
115217     INFO  main            d.u.i.k.p.i.AbstractProblemLoader Replaying proof AFilter[ThreadSpec2::preStart(java.lang.Object)].JML accessible clause.0 
115219     DEBUG main            d.u.i.k.p.i.IntermediateProofReplayer Proof replay took 20.8ns 
115522     INFO  main            d.u.i.k.p.r.p.TestFile    ... finished proof: closed. 
115834     INFO  main            d.u.i.k.p.i.AbstractProblemLoader Loading environment from /home/runner/work/key/key/key.core/../key.ui/examples/heap/permissions/threads/AFilter_preStart_accessible.key.proof 
115834     DEBUG main            d.u.i.k.p.i.AbstractProblemLoader Environment load took 122.4ns 
115835     INFO  main            d.u.i.k.p.i.AbstractProblemLoader Creating init config 
120199     DEBUG main            d.u.i.k.p.i.AbstractProblemLoader Init config took 4.36s 
120291     INFO  main            d.u.i.k.p.i.AbstractProblemLoader Replaying proof AFilter[ThreadSpec2::preStart(java.lang.Object)].JML accessible clause.0 
120318     DEBUG main            d.u.i.k.p.i.IntermediateProofReplayer Proof replay took 23.28ms 
120319     DEBUG main            d.u.i.k.p.r.p.TestFile    ... success: reloaded. 
120321     INFO  main            d.u.i.k.p.r.p.TestFile    Now processing file /home/runner/work/key/key/key.core/../key.ui/examples/heap/permissions/threads/AFilter_startTransfer_accessible.key 
120321     INFO  main            d.u.i.k.p.i.AbstractProblemLoader Loading environment from /home/runner/work/key/key/key.core/../key.ui/examples/heap/permissions/threads/AFilter_startTransfer_accessible.key 
120321     DEBUG main            d.u.i.k.p.i.AbstractProblemLoader Environment load took 199.9ns 
120322     INFO  main            d.u.i.k.p.i.AbstractProblemLoader Creating init config 
124768     DEBUG main            d.u.i.k.p.i.AbstractProblemLoader Init config took 4.45s 
124846     INFO  main            d.u.i.k.p.i.AbstractProblemLoader Replaying proof AFilter[ThreadSpec2::startTransfer()].JML accessible clause.0 
124847     DEBUG main            d.u.i.k.p.i.IntermediateProofReplayer Proof replay took 7.4ns 
130629     INFO  main            d.u.i.k.p.r.p.TestFile    ... finished proof: closed. 
130894     INFO  main            d.u.i.k.p.i.AbstractProblemLoader Loading environment from /home/runner/work/key/key/key.core/../key.ui/examples/heap/permissions/threads/AFilter_startTransfer_accessible.key.proof 
130894     DEBUG main            d.u.i.k.p.i.AbstractProblemLoader Environment load took 342.2ns 
130896     INFO  main            d.u.i.k.p.i.AbstractProblemLoader Creating init config 
135273     DEBUG main            d.u.i.k.p.i.AbstractProblemLoader Init config took 4.38s 
135363     INFO  main            d.u.i.k.p.i.AbstractProblemLoader Replaying proof AFilter[ThreadSpec2::startTransfer()].JML accessible clause.0 
135691     DEBUG main            d.u.i.k.p.i.IntermediateProofReplayer Proof replay took 312.74ms 
135693     DEBUG main            d.u.i.k.p.r.p.TestFile    ... success: reloaded. 
135694     INFO  main            d.u.i.k.p.r.p.TestFile    Now processing file /home/runner/work/key/key/key.core/../key.ui/examples/heap/permissions/threads/AFilter_startTransfer_contract.key 
135694     INFO  main            d.u.i.k.p.i.AbstractProblemLoader Loading environment from /home/runner/work/key/key/key.core/../key.ui/examples/heap/permissions/threads/AFilter_startTransfer_contract.key 
135694     DEBUG main            d.u.i.k.p.i.AbstractProblemLoader Environment load took 85.9ns 
135695     INFO  main            d.u.i.k.p.i.AbstractProblemLoader Creating init config 
140131     DEBUG main            d.u.i.k.p.i.AbstractProblemLoader Init config took 4.44s 
140227     INFO  main            d.u.i.k.p.i.AbstractProblemLoader Replaying proof AFilter[ThreadSpec2::startTransfer()].JML model_behavior operation contract.0 
140232     DEBUG main            d.u.i.k.p.i.IntermediateProofReplayer Proof replay took 7.5ns 
140635     INFO  main            d.u.i.k.p.r.p.TestFile    ... finished proof: closed. 
140976     INFO  main            d.u.i.k.p.i.AbstractProblemLoader Loading environment from /home/runner/work/key/key/key.core/../key.ui/examples/heap/permissions/threads/AFilter_startTransfer_contract.key.proof 
140977     DEBUG main            d.u.i.k.p.i.AbstractProblemLoader Environment load took 1.06ms 
140978     INFO  main            d.u.i.k.p.i.AbstractProblemLoader Creating init config 
145334     DEBUG main            d.u.i.k.p.i.AbstractProblemLoader Init config took 4.36s 
145413     INFO  main            d.u.i.k.p.i.AbstractProblemLoader Replaying proof AFilter[ThreadSpec2::startTransfer()].JML model_behavior operation contract.0 
145455     DEBUG main            d.u.i.k.p.i.IntermediateProofReplayer Proof replay took 37.62ms 
145456     DEBUG main            d.u.i.k.p.r.p.TestFile    ... success: reloaded. 
145457     INFO  main            d.u.i.k.p.r.p.TestFile    Now processing file /home/runner/work/key/key/key.core/../key.ui/examples/heap/permissions/threads/AFilter_stateInv_accessible.key 
145458     INFO  main            d.u.i.k.p.i.AbstractProblemLoader Loading environment from /home/runner/work/key/key/key.core/../key.ui/examples/heap/permissions/threads/AFilter_stateInv_accessible.key 
145458     DEBUG main            d.u.i.k.p.i.AbstractProblemLoader Environment load took 148.4ns 
145459     INFO  main            d.u.i.k.p.i.AbstractProblemLoader Creating init config 
149898     DEBUG main            d.u.i.k.p.i.AbstractProblemLoader Init config took 4.44s 
149991     INFO  main            d.u.i.k.p.i.AbstractProblemLoader Replaying proof AFilter[ThreadSpec2::stateInv()].JML accessible clause.0 
149993     DEBUG main            d.u.i.k.p.i.IntermediateProofReplayer Proof replay took 7.7ns 
150295     INFO  main            d.u.i.k.p.r.p.TestFile    ... finished proof: closed. 
150561     INFO  main            d.u.i.k.p.i.AbstractProblemLoader Loading environment from /home/runner/work/key/key/key.core/../key.ui/examples/heap/permissions/threads/AFilter_stateInv_accessible.key.proof 
150561     DEBUG main            d.u.i.k.p.i.AbstractProblemLoader Environment load took 126ns 
150563     INFO  main            d.u.i.k.p.i.AbstractProblemLoader Creating init config 
154915     DEBUG main            d.u.i.k.p.i.AbstractProblemLoader Init config took 4.35s 
154994     INFO  main            d.u.i.k.p.i.AbstractProblemLoader Replaying proof AFilter[ThreadSpec2::stateInv()].JML accessible clause.0 
155029     DEBUG main            d.u.i.k.p.i.IntermediateProofReplayer Proof replay took 26.15ms 
155030     DEBUG main            d.u.i.k.p.r.p.TestFile    ... success: reloaded. 
155031     INFO  main            d.u.i.k.p.r.p.TestFile    Now processing file /home/runner/work/key/key/key.core/../key.ui/examples/heap/permissions/threads/AFilter_staticPermissions_accessible.key 
155031     INFO  main            d.u.i.k.p.i.AbstractProblemLoader Loading environment from /home/runner/work/key/key/key.core/../key.ui/examples/heap/permissions/threads/AFilter_staticPermissions_accessible.key 
155031     DEBUG main            d.u.i.k.p.i.AbstractProblemLoader Environment load took 80.4ns 
155032     INFO  main            d.u.i.k.p.i.AbstractProblemLoader Creating init config 
159463     DEBUG main            d.u.i.k.p.i.AbstractProblemLoader Init config took 4.43s 
159557     INFO  main            d.u.i.k.p.i.AbstractProblemLoader Replaying proof AFilter[ThreadSpec2::staticPermissions()].JML accessible clause.0 
159559     DEBUG main            d.u.i.k.p.i.IntermediateProofReplayer Proof replay took 7.5ns 
159661     INFO  main            d.u.i.k.p.r.p.TestFile    ... finished proof: closed. 
159925     INFO  main            d.u.i.k.p.i.AbstractProblemLoader Loading environment from /home/runner/work/key/key/key.core/../key.ui/examples/heap/permissions/threads/AFilter_staticPermissions_accessible.key.proof 
159925     DEBUG main            d.u.i.k.p.i.AbstractProblemLoader Environment load took 132.8ns 
159926     INFO  main            d.u.i.k.p.i.AbstractProblemLoader Creating init config 
164284     DEBUG main            d.u.i.k.p.i.AbstractProblemLoader Init config took 4.36s 
164361     INFO  main            d.u.i.k.p.i.AbstractProblemLoader Replaying proof AFilter[ThreadSpec2::staticPermissions()].JML accessible clause.0 
164370     DEBUG main            d.u.i.k.p.i.IntermediateProofReplayer Proof replay took 7.43ms 
164371     DEBUG main            d.u.i.k.p.r.p.TestFile    ... success: reloaded. 
164372     INFO  main            d.u.i.k.p.r.p.TestFile    Now processing file /home/runner/work/key/key/key.core/../key.ui/examples/heap/permissions/threads/AFilter_workingPermissions_accessible.key 
164372     INFO  main            d.u.i.k.p.i.AbstractProblemLoader Loading environment from /home/runner/work/key/key/key.core/../key.ui/examples/heap/permissions/threads/AFilter_workingPermissions_accessible.key 
164372     DEBUG main            d.u.i.k.p.i.AbstractProblemLoader Environment load took 98.5ns 
164373     INFO  main            d.u.i.k.p.i.AbstractProblemLoader Creating init config 
168813     DEBUG main            d.u.i.k.p.i.AbstractProblemLoader Init config took 4.44s 
168890     INFO  main            d.u.i.k.p.i.AbstractProblemLoader Replaying proof AFilter[ThreadSpec2::workingPermissions()].JML accessible clause.0 
168892     DEBUG main            d.u.i.k.p.i.IntermediateProofReplayer Proof replay took 7ns 
168994     INFO  main            d.u.i.k.p.r.p.TestFile    ... finished proof: closed. 
169266     INFO  main            d.u.i.k.p.i.AbstractProblemLoader Loading environment from /home/runner/work/key/key/key.core/../key.ui/examples/heap/permissions/threads/AFilter_workingPermissions_accessible.key.proof 
169266     DEBUG main            d.u.i.k.p.i.AbstractProblemLoader Environment load took 122.4ns 
169267     INFO  main            d.u.i.k.p.i.AbstractProblemLoader Creating init config 
173655     DEBUG main            d.u.i.k.p.i.AbstractProblemLoader Init config took 4.39s 
173732     INFO  main            d.u.i.k.p.i.AbstractProblemLoader Replaying proof AFilter[ThreadSpec2::workingPermissions()].JML accessible clause.0 
173740     DEBUG main            d.u.i.k.p.i.IntermediateProofReplayer Proof replay took 6.39ms 
173741     DEBUG main            d.u.i.k.p.r.p.TestFile    ... success: reloaded. 
173742     INFO  main            d.u.i.k.p.r.p.TestFile    Now processing file /home/runner/work/key/key/key.core/../key.ui/examples/heap/permissions/threads/BFilter_BFilter.key 
173742     INFO  main            d.u.i.k.p.i.AbstractProblemLoader Loading environment from /home/runner/work/key/key/key.core/../key.ui/examples/heap/permissions/threads/BFilter_BFilter.key 
173742     DEBUG main            d.u.i.k.p.i.AbstractProblemLoader Environment load took 61.7ns 
173743     INFO  main            d.u.i.k.p.i.AbstractProblemLoader Creating init config 
178159     DEBUG main            d.u.i.k.p.i.AbstractProblemLoader Init config took 4.42s 
178244     INFO  main            d.u.i.k.p.i.AbstractProblemLoader Replaying proof BFilter[BFilter::BFilter(Sampler,Buffer)].JML normal_behavior operation contract.0 
178246     DEBUG main            d.u.i.k.p.i.IntermediateProofReplayer Proof replay took 7.4ns 
179152     INFO  main            d.u.i.k.p.r.p.TestFile    ... finished proof: closed. 
179441     INFO  main            d.u.i.k.p.i.AbstractProblemLoader Loading environment from /home/runner/work/key/key/key.core/../key.ui/examples/heap/permissions/threads/BFilter_BFilter.key.proof 
179441     DEBUG main            d.u.i.k.p.i.AbstractProblemLoader Environment load took 463.8ns 
179443     INFO  main            d.u.i.k.p.i.AbstractProblemLoader Creating init config 
183790     DEBUG main            d.u.i.k.p.i.AbstractProblemLoader Init config took 4.35s 
183868     INFO  main            d.u.i.k.p.i.AbstractProblemLoader Replaying proof BFilter[BFilter::BFilter(Sampler,Buffer)].JML normal_behavior operation contract.0 
183976     DEBUG main            d.u.i.k.p.i.IntermediateProofReplayer Proof replay took 102.92ms 
183977     DEBUG main            d.u.i.k.p.r.p.TestFile    ... success: reloaded. 
183978     INFO  main            d.u.i.k.p.r.p.TestFile    Now processing file /home/runner/work/key/key/key.core/../key.ui/examples/heap/permissions/threads/BFilter_initPost_accessible.key 
183978     INFO  main            d.u.i.k.p.i.AbstractProblemLoader Loading environment from /home/runner/work/key/key/key.core/../key.ui/examples/heap/permissions/threads/BFilter_initPost_accessible.key 
183978     DEBUG main            d.u.i.k.p.i.AbstractProblemLoader Environment load took 118ns 
183979     INFO  main            d.u.i.k.p.i.AbstractProblemLoader Creating init config 
188399     DEBUG main            d.u.i.k.p.i.AbstractProblemLoader Init config took 4.42s 
188493     INFO  main            d.u.i.k.p.i.AbstractProblemLoader Replaying proof BFilter[ThreadSpec2::initPost()].JML accessible clause.0 
188494     DEBUG main            d.u.i.k.p.i.IntermediateProofReplayer Proof replay took 7.5ns 
188596     INFO  main            d.u.i.k.p.r.p.TestFile    ... finished proof: closed. 
188895     INFO  main            d.u.i.k.p.i.AbstractProblemLoader Loading environment from /home/runner/work/key/key/key.core/../key.ui/examples/heap/permissions/threads/BFilter_initPost_accessible.key.proof 
188895     DEBUG main            d.u.i.k.p.i.AbstractProblemLoader Environment load took 137.4ns 
188896     INFO  main            d.u.i.k.p.i.AbstractProblemLoader Creating init config 
193240     DEBUG main            d.u.i.k.p.i.AbstractProblemLoader Init config took 4.34s 
193316     INFO  main            d.u.i.k.p.i.AbstractProblemLoader Replaying proof BFilter[ThreadSpec2::initPost()].JML accessible clause.0 
193326     DEBUG main            d.u.i.k.p.i.IntermediateProofReplayer Proof replay took 7.55ms 
193327     DEBUG main            d.u.i.k.p.r.p.TestFile    ... success: reloaded. 
193328     INFO  main            d.u.i.k.p.r.p.TestFile    Now processing file /home/runner/work/key/key/key.core/../key.ui/examples/heap/permissions/threads/BFilter_inv_accessible1.key 
193328     INFO  main            d.u.i.k.p.i.AbstractProblemLoader Loading environment from /home/runner/work/key/key/key.core/../key.ui/examples/heap/permissions/threads/BFilter_inv_accessible1.key 
193328     DEBUG main            d.u.i.k.p.i.AbstractProblemLoader Environment load took 89.2ns 
193329     INFO  main            d.u.i.k.p.i.AbstractProblemLoader Creating init config 
197749     DEBUG main            d.u.i.k.p.i.AbstractProblemLoader Init config took 4.42s 
197825     INFO  main            d.u.i.k.p.i.AbstractProblemLoader Replaying proof BFilter[java.lang.Object::<inv>()].JML accessible clause.0 
197827     DEBUG main            d.u.i.k.p.i.IntermediateProofReplayer Proof replay took 6.7ns 
197930     INFO  main            d.u.i.k.p.r.p.TestFile    ... finished proof: closed. 
198216     INFO  main            d.u.i.k.p.i.AbstractProblemLoader Loading environment from /home/runner/work/key/key/key.core/../key.ui/examples/heap/permissions/threads/BFilter_inv_accessible1.key.proof 
198216     DEBUG main            d.u.i.k.p.i.AbstractProblemLoader Environment load took 113.1ns 
198217     INFO  main            d.u.i.k.p.i.AbstractProblemLoader Creating init config 
202544     DEBUG main            d.u.i.k.p.i.AbstractProblemLoader Init config took 4.33s 
202621     INFO  main            d.u.i.k.p.i.AbstractProblemLoader Replaying proof BFilter[java.lang.Object::<inv>()].JML accessible clause.0 
202624     DEBUG main            d.u.i.k.p.i.IntermediateProofReplayer Proof replay took 1.52ms 
202625     DEBUG main            d.u.i.k.p.r.p.TestFile    ... success: reloaded. 
202626     INFO  main            d.u.i.k.p.r.p.TestFile    Now processing file /home/runner/work/key/key/key.core/../key.ui/examples/heap/permissions/threads/BFilter_inv_accessible2.key 
202626     INFO  main            d.u.i.k.p.i.AbstractProblemLoader Loading environment from /home/runner/work/key/key/key.core/../key.ui/examples/heap/permissions/threads/BFilter_inv_accessible2.key 
202626     DEBUG main            d.u.i.k.p.i.AbstractProblemLoader Environment load took 74.3ns 
202627     INFO  main            d.u.i.k.p.i.AbstractProblemLoader Creating init config 
207046     DEBUG main            d.u.i.k.p.i.AbstractProblemLoader Init config took 4.42s 
207123     INFO  main            d.u.i.k.p.i.AbstractProblemLoader Replaying proof BFilter[java.lang.Object::<inv>()].JML accessible clause.1 
207125     DEBUG main            d.u.i.k.p.i.IntermediateProofReplayer Proof replay took 6.7ns 
207230     INFO  main            d.u.i.k.p.r.p.TestFile    ... finished proof: closed. 
207520     INFO  main            d.u.i.k.p.i.AbstractProblemLoader Loading environment from /home/runner/work/key/key/key.core/../key.ui/examples/heap/permissions/threads/BFilter_inv_accessible2.key.proof 
207520     DEBUG main            d.u.i.k.p.i.AbstractProblemLoader Environment load took 109.2ns 
207521     INFO  main            d.u.i.k.p.i.AbstractProblemLoader Creating init config 
211852     DEBUG main            d.u.i.k.p.i.AbstractProblemLoader Init config took 4.33s 
211929     INFO  main            d.u.i.k.p.i.AbstractProblemLoader Replaying proof BFilter[java.lang.Object::<inv>()].JML accessible clause.1 
211932     DEBUG main            d.u.i.k.p.i.IntermediateProofReplayer Proof replay took 1.49ms 
211933     DEBUG main            d.u.i.k.p.r.p.TestFile    ... success: reloaded. 
211934     INFO  main            d.u.i.k.p.r.p.TestFile    Now processing file /home/runner/work/key/key/key.core/../key.ui/examples/heap/permissions/threads/BFilter_joinTransfer_accessible.key 
211935     INFO  main            d.u.i.k.p.i.AbstractProblemLoader Loading environment from /home/runner/work/key/key/key.core/../key.ui/examples/heap/permissions/threads/BFilter_joinTransfer_accessible.key 
211935     DEBUG main            d.u.i.k.p.i.AbstractProblemLoader Environment load took 98.9ns 
211935     INFO  main            d.u.i.k.p.i.AbstractProblemLoader Creating init config 
216350     DEBUG main            d.u.i.k.p.i.AbstractProblemLoader Init config took 4.41s 
216451     INFO  main            d.u.i.k.p.i.AbstractProblemLoader Replaying proof BFilter[ThreadSpec2::joinTransfer()].JML accessible clause.0 
216453     DEBUG main            d.u.i.k.p.i.IntermediateProofReplayer Proof replay took 6.7ns 
219482     INFO  main            d.u.i.k.p.r.p.TestFile    ... finished proof: closed. 
219812     INFO  main            d.u.i.k.p.i.AbstractProblemLoader Loading environment from /home/runner/work/key/key/key.core/../key.ui/examples/heap/permissions/threads/BFilter_joinTransfer_accessible.key.proof 
219812     DEBUG main            d.u.i.k.p.i.AbstractProblemLoader Environment load took 136ns 
219814     INFO  main            d.u.i.k.p.i.AbstractProblemLoader Creating init config 
224173     DEBUG main            d.u.i.k.p.i.AbstractProblemLoader Init config took 4.36s 
224250     INFO  main            d.u.i.k.p.i.AbstractProblemLoader Replaying proof BFilter[ThreadSpec2::joinTransfer()].JML accessible clause.0 
224487     DEBUG main            d.u.i.k.p.i.IntermediateProofReplayer Proof replay took 227.04ms 
224488     DEBUG main            d.u.i.k.p.r.p.TestFile    ... success: reloaded. 
224489     INFO  main            d.u.i.k.p.r.p.TestFile    Now processing file /home/runner/work/key/key/key.core/../key.ui/examples/heap/permissions/threads/BFilter_joinTransfer_contract.key 
224490     INFO  main            d.u.i.k.p.i.AbstractProblemLoader Loading environment from /home/runner/work/key/key/key.core/../key.ui/examples/heap/permissions/threads/BFilter_joinTransfer_contract.key 
224490     DEBUG main            d.u.i.k.p.i.AbstractProblemLoader Environment load took 216.9ns 
224491     INFO  main            d.u.i.k.p.i.AbstractProblemLoader Creating init config 
228876     DEBUG main            d.u.i.k.p.i.AbstractProblemLoader Init config took 4.38s 
228973     INFO  main            d.u.i.k.p.i.AbstractProblemLoader Replaying proof BFilter[ThreadSpec2::joinTransfer()].JML model_behavior operation contract.0 
228974     DEBUG main            d.u.i.k.p.i.IntermediateProofReplayer Proof replay took 7.3ns 
229076     INFO  main            d.u.i.k.p.r.p.TestFile    ... finished proof: closed. 
229508     INFO  main            d.u.i.k.p.i.AbstractProblemLoader Loading environment from /home/runner/work/key/key/key.core/../key.ui/examples/heap/permissions/threads/BFilter_joinTransfer_contract.key.proof 
229508     DEBUG main            d.u.i.k.p.i.AbstractProblemLoader Environment load took 110ns 
229509     INFO  main            d.u.i.k.p.i.AbstractProblemLoader Creating init config 
233815     DEBUG main            d.u.i.k.p.i.AbstractProblemLoader Init config took 4.31s 
233914     INFO  main            d.u.i.k.p.i.AbstractProblemLoader Replaying proof BFilter[ThreadSpec2::joinTransfer()].JML model_behavior operation contract.0 
233922     DEBUG main            d.u.i.k.p.i.IntermediateProofReplayer Proof replay took 6.35ms 
233923     DEBUG main            d.u.i.k.p.r.p.TestFile    ... success: reloaded. 
233924     INFO  main            d.u.i.k.p.r.p.TestFile    Now processing file /home/runner/work/key/key/key.core/../key.ui/examples/heap/permissions/threads/BFilter_postJoin_accessible.key 
233924     INFO  main            d.u.i.k.p.i.AbstractProblemLoader Loading environment from /home/runner/work/key/key/key.core/../key.ui/examples/heap/permissions/threads/BFilter_postJoin_accessible.key 
233924     DEBUG main            d.u.i.k.p.i.AbstractProblemLoader Environment load took 157.5ns 
233925     INFO  main            d.u.i.k.p.i.AbstractProblemLoader Creating init config 
238334     DEBUG main            d.u.i.k.p.i.AbstractProblemLoader Init config took 4.41s 
238410     INFO  main            d.u.i.k.p.i.AbstractProblemLoader Replaying proof BFilter[ThreadSpec2::postJoin(java.lang.Object)].JML accessible clause.0 
238412     DEBUG main            d.u.i.k.p.i.IntermediateProofReplayer Proof replay took 7.4ns 
238516     INFO  main            d.u.i.k.p.r.p.TestFile    ... finished proof: closed. 
238873     INFO  main            d.u.i.k.p.i.AbstractProblemLoader Loading environment from /home/runner/work/key/key/key.core/../key.ui/examples/heap/permissions/threads/BFilter_postJoin_accessible.key.proof 
238873     DEBUG main            d.u.i.k.p.i.AbstractProblemLoader Environment load took 101ns 
238875     INFO  main            d.u.i.k.p.i.AbstractProblemLoader Creating init config 
243195     DEBUG main            d.u.i.k.p.i.AbstractProblemLoader Init config took 4.32s 
243270     INFO  main            d.u.i.k.p.i.AbstractProblemLoader Replaying proof BFilter[ThreadSpec2::postJoin(java.lang.Object)].JML accessible clause.0 
243278     DEBUG main            d.u.i.k.p.i.IntermediateProofReplayer Proof replay took 5.04ms 
243279     DEBUG main            d.u.i.k.p.r.p.TestFile    ... success: reloaded. 
243280     INFO  main            d.u.i.k.p.r.p.TestFile    Now processing file /home/runner/work/key/key/key.core/../key.ui/examples/heap/permissions/threads/BFilter_preStart_accessible.key 
243281     INFO  main            d.u.i.k.p.i.AbstractProblemLoader Loading environment from /home/runner/work/key/key/key.core/../key.ui/examples/heap/permissions/threads/BFilter_preStart_accessible.key 
243281     DEBUG main            d.u.i.k.p.i.AbstractProblemLoader Environment load took 161.8ns 
243283     INFO  main            d.u.i.k.p.i.AbstractProblemLoader Creating init config 
247675     DEBUG main            d.u.i.k.p.i.AbstractProblemLoader Init config took 4.39s 
247765     INFO  main            d.u.i.k.p.i.AbstractProblemLoader Replaying proof BFilter[ThreadSpec2::preStart(java.lang.Object)].JML accessible clause.0 
247767     DEBUG main            d.u.i.k.p.i.IntermediateProofReplayer Proof replay took 7.9ns 
248070     INFO  main            d.u.i.k.p.r.p.TestFile    ... finished proof: closed. 
248396     INFO  main            d.u.i.k.p.i.AbstractProblemLoader Loading environment from /home/runner/work/key/key/key.core/../key.ui/examples/heap/permissions/threads/BFilter_preStart_accessible.key.proof 
248396     DEBUG main            d.u.i.k.p.i.AbstractProblemLoader Environment load took 101.9ns 
248397     INFO  main            d.u.i.k.p.i.AbstractProblemLoader Creating init config 
252738     DEBUG main            d.u.i.k.p.i.AbstractProblemLoader Init config took 4.34s 
252814     INFO  main            d.u.i.k.p.i.AbstractProblemLoader Replaying proof BFilter[ThreadSpec2::preStart(java.lang.Object)].JML accessible clause.0 
252835     DEBUG main            d.u.i.k.p.i.IntermediateProofReplayer Proof replay took 18.74ms 
252836     DEBUG main            d.u.i.k.p.r.p.TestFile    ... success: reloaded. 
252837     INFO  main            d.u.i.k.p.r.p.TestFile    Now processing file /home/runner/work/key/key/key.core/../key.ui/examples/heap/permissions/threads/BFilter_startTransfer_accessible.key 
252838     INFO  main            d.u.i.k.p.i.AbstractProblemLoader Loading environment from /home/runner/work/key/key/key.core/../key.ui/examples/heap/permissions/threads/BFilter_startTransfer_accessible.key 
252838     DEBUG main            d.u.i.k.p.i.AbstractProblemLoader Environment load took 88.4ns 
252838     INFO  main            d.u.i.k.p.i.AbstractProblemLoader Creating init config 
257243     DEBUG main            d.u.i.k.p.i.AbstractProblemLoader Init config took 4.4s 
257319     INFO  main            d.u.i.k.p.i.AbstractProblemLoader Replaying proof BFilter[ThreadSpec2::startTransfer()].JML accessible clause.0 
257320     DEBUG main            d.u.i.k.p.i.IntermediateProofReplayer Proof replay took 7.5ns 
262878     INFO  main            d.u.i.k.p.r.p.TestFile    ... finished proof: closed. 
263221     INFO  main            d.u.i.k.p.i.AbstractProblemLoader Loading environment from /home/runner/work/key/key/key.core/../key.ui/examples/heap/permissions/threads/BFilter_startTransfer_accessible.key.proof 
263221     DEBUG main            d.u.i.k.p.i.AbstractProblemLoader Environment load took 165.4ns 
263223     INFO  main            d.u.i.k.p.i.AbstractProblemLoader Creating init config 
267561     DEBUG main            d.u.i.k.p.i.AbstractProblemLoader Init config took 4.34s 
267637     INFO  main            d.u.i.k.p.i.AbstractProblemLoader Replaying proof BFilter[ThreadSpec2::startTransfer()].JML accessible clause.0 
267978     DEBUG main            d.u.i.k.p.i.IntermediateProofReplayer Proof replay took 327.13ms 
267980     DEBUG main            d.u.i.k.p.r.p.TestFile    ... success: reloaded. 
267982     INFO  main            d.u.i.k.p.r.p.TestFile    Now processing file /home/runner/work/key/key/key.core/../key.ui/examples/heap/permissions/threads/BFilter_startTransfer_contract.key 
267982     INFO  main            d.u.i.k.p.i.AbstractProblemLoader Loading environment from /home/runner/work/key/key/key.core/../key.ui/examples/heap/permissions/threads/BFilter_startTransfer_contract.key 
267982     DEBUG main            d.u.i.k.p.i.AbstractProblemLoader Environment load took 163ns 
267983     INFO  main            d.u.i.k.p.i.AbstractProblemLoader Creating init config 
272364     DEBUG main            d.u.i.k.p.i.AbstractProblemLoader Init config took 4.38s 
272440     INFO  main            d.u.i.k.p.i.AbstractProblemLoader Replaying proof BFilter[ThreadSpec2::startTransfer()].JML model_behavior operation contract.0 
272442     DEBUG main            d.u.i.k.p.i.IntermediateProofReplayer Proof replay took 7.7ns 
273548     INFO  main            d.u.i.k.p.r.p.TestFile    ... finished proof: closed. 
273884     INFO  main            d.u.i.k.p.i.AbstractProblemLoader Loading environment from /home/runner/work/key/key/key.core/../key.ui/examples/heap/permissions/threads/BFilter_startTransfer_contract.key.proof 
273884     DEBUG main            d.u.i.k.p.i.AbstractProblemLoader Environment load took 108.8ns 
273885     INFO  main            d.u.i.k.p.i.AbstractProblemLoader Creating init config 
278207     DEBUG main            d.u.i.k.p.i.AbstractProblemLoader Init config took 4.32s 
278283     INFO  main            d.u.i.k.p.i.AbstractProblemLoader Replaying proof BFilter[ThreadSpec2::startTransfer()].JML model_behavior operation contract.0 
278377     DEBUG main            d.u.i.k.p.i.IntermediateProofReplayer Proof replay took 87.81ms 
278378     DEBUG main            d.u.i.k.p.r.p.TestFile    ... success: reloaded. 
278379     INFO  main            d.u.i.k.p.r.p.TestFile    Now processing file /home/runner/work/key/key/key.core/../key.ui/examples/heap/permissions/threads/BFilter_stateInv_accessible.key 
278379     INFO  main            d.u.i.k.p.i.AbstractProblemLoader Loading environment from /home/runner/work/key/key/key.core/../key.ui/examples/heap/permissions/threads/BFilter_stateInv_accessible.key 
278379     DEBUG main            d.u.i.k.p.i.AbstractProblemLoader Environment load took 65.2ns 
278380     INFO  main            d.u.i.k.p.i.AbstractProblemLoader Creating init config 
282805     DEBUG main            d.u.i.k.p.i.AbstractProblemLoader Init config took 4.42s 
282882     INFO  main            d.u.i.k.p.i.AbstractProblemLoader Replaying proof BFilter[ThreadSpec2::stateInv()].JML accessible clause.0 
282884     DEBUG main            d.u.i.k.p.i.IntermediateProofReplayer Proof replay took 6.4ns 
283186     INFO  main            d.u.i.k.p.r.p.TestFile    ... finished proof: closed. 
283531     INFO  main            d.u.i.k.p.i.AbstractProblemLoader Loading environment from /home/runner/work/key/key/key.core/../key.ui/examples/heap/permissions/threads/BFilter_stateInv_accessible.key.proof 
283531     DEBUG main            d.u.i.k.p.i.AbstractProblemLoader Environment load took 109.9ns 
283532     INFO  main            d.u.i.k.p.i.AbstractProblemLoader Creating init config 
287865     DEBUG main            d.u.i.k.p.i.AbstractProblemLoader Init config took 4.33s 
287955     INFO  main            d.u.i.k.p.i.AbstractProblemLoader Replaying proof BFilter[ThreadSpec2::stateInv()].JML accessible clause.0 
287984     DEBUG main            d.u.i.k.p.i.IntermediateProofReplayer Proof replay took 24.35ms 
287985     DEBUG main            d.u.i.k.p.r.p.TestFile    ... success: reloaded. 
287986     INFO  main            d.u.i.k.p.r.p.TestFile    Now processing file /home/runner/work/key/key/key.core/../key.ui/examples/heap/permissions/threads/BFilter_staticPermissions_accessible.key 
287986     INFO  main            d.u.i.k.p.i.AbstractProblemLoader Loading environment from /home/runner/work/key/key/key.core/../key.ui/examples/heap/permissions/threads/BFilter_staticPermissions_accessible.key 
287986     DEBUG main            d.u.i.k.p.i.AbstractProblemLoader Environment load took 76.5ns 
287987     INFO  main            d.u.i.k.p.i.AbstractProblemLoader Creating init config 
292365     DEBUG main            d.u.i.k.p.i.AbstractProblemLoader Init config took 4.38s 
292441     INFO  main            d.u.i.k.p.i.AbstractProblemLoader Replaying proof BFilter[ThreadSpec2::staticPermissions()].JML accessible clause.0 
292442     DEBUG main            d.u.i.k.p.i.IntermediateProofReplayer Proof replay took 6.5ns 
292544     INFO  main            d.u.i.k.p.r.p.TestFile    ... finished proof: closed. 
292893     INFO  main            d.u.i.k.p.i.AbstractProblemLoader Loading environment from /home/runner/work/key/key/key.core/../key.ui/examples/heap/permissions/threads/BFilter_staticPermissions_accessible.key.proof 
292893     DEBUG main            d.u.i.k.p.i.AbstractProblemLoader Environment load took 125ns 
292894     INFO  main            d.u.i.k.p.i.AbstractProblemLoader Creating init config 
297196     DEBUG main            d.u.i.k.p.i.AbstractProblemLoader Init config took 4.3s 
297273     INFO  main            d.u.i.k.p.i.AbstractProblemLoader Replaying proof BFilter[ThreadSpec2::staticPermissions()].JML accessible clause.0 
297282     DEBUG main            d.u.i.k.p.i.IntermediateProofReplayer Proof replay took 7.06ms 
297282     DEBUG main            d.u.i.k.p.r.p.TestFile    ... success: reloaded. 
297283     INFO  main            d.u.i.k.p.r.p.TestFile    Now processing file /home/runner/work/key/key/key.core/../key.ui/examples/heap/permissions/threads/BFilter_workingPermissions_accessible.key 
297284     INFO  main            d.u.i.k.p.i.AbstractProblemLoader Loading environment from /home/runner/work/key/key/key.core/../key.ui/examples/heap/permissions/threads/BFilter_workingPermissions_accessible.key 
297284     DEBUG main            d.u.i.k.p.i.AbstractProblemLoader Environment load took 80.8ns 
297285     INFO  main            d.u.i.k.p.i.AbstractProblemLoader Creating init config 
301662     DEBUG main            d.u.i.k.p.i.AbstractProblemLoader Init config took 4.38s 
301753     INFO  main            d.u.i.k.p.i.AbstractProblemLoader Replaying proof BFilter[ThreadSpec2::workingPermissions()].JML accessible clause.0 
301754     DEBUG main            d.u.i.k.p.i.IntermediateProofReplayer Proof replay took 6.8ns 
301856     INFO  main            d.u.i.k.p.r.p.TestFile    ... finished proof: closed. 
302207     INFO  main            d.u.i.k.p.i.AbstractProblemLoader Loading environment from /home/runner/work/key/key/key.core/../key.ui/examples/heap/permissions/threads/BFilter_workingPermissions_accessible.key.proof 
302207     DEBUG main            d.u.i.k.p.i.AbstractProblemLoader Environment load took 97.7ns 
302208     INFO  main            d.u.i.k.p.i.AbstractProblemLoader Creating init config 
306500     DEBUG main            d.u.i.k.p.i.AbstractProblemLoader Init config took 4.29s 
306587     INFO  main            d.u.i.k.p.i.AbstractProblemLoader Replaying proof BFilter[ThreadSpec2::workingPermissions()].JML accessible clause.0 
306594     DEBUG main            d.u.i.k.p.i.IntermediateProofReplayer Proof replay took 6.24ms 
306595     DEBUG main            d.u.i.k.p.r.p.TestFile    ... success: reloaded. 
306596     INFO  main            d.u.i.k.p.r.p.TestFile    Now processing file /home/runner/work/key/key/key.core/../key.ui/examples/heap/permissions/threads/Fib_Fib.key 
306596     INFO  main            d.u.i.k.p.i.AbstractProblemLoader Loading environment from /home/runner/work/key/key/key.core/../key.ui/examples/heap/permissions/threads/Fib_Fib.key 
306596     DEBUG main            d.u.i.k.p.i.AbstractProblemLoader Environment load took 104.5ns 
306597     INFO  main            d.u.i.k.p.i.AbstractProblemLoader Creating init config 
310975     DEBUG main            d.u.i.k.p.i.AbstractProblemLoader Init config took 4.38s 
311052     INFO  main            d.u.i.k.p.i.AbstractProblemLoader Replaying proof Fib[Fib::Fib(int)].JML normal_behavior operation contract.0 
311054     DEBUG main            d.u.i.k.p.i.IntermediateProofReplayer Proof replay took 8.3ns 
311659     INFO  main            d.u.i.k.p.r.p.TestFile    ... finished proof: closed. 
312052     INFO  main            d.u.i.k.p.i.AbstractProblemLoader Loading environment from /home/runner/work/key/key/key.core/../key.ui/examples/heap/permissions/threads/Fib_Fib.key.proof 
312052     DEBUG main            d.u.i.k.p.i.AbstractProblemLoader Environment load took 103.4ns 
312053     INFO  main            d.u.i.k.p.i.AbstractProblemLoader Creating init config 
316370     DEBUG main            d.u.i.k.p.i.AbstractProblemLoader Init config took 4.32s 
316445     INFO  main            d.u.i.k.p.i.AbstractProblemLoader Replaying proof Fib[Fib::Fib(int)].JML normal_behavior operation contract.0 
316514     DEBUG main            d.u.i.k.p.i.IntermediateProofReplayer Proof replay took 66.59ms 
316515     DEBUG main            d.u.i.k.p.r.p.TestFile    ... success: reloaded. 
316516     INFO  main            d.u.i.k.p.r.p.TestFile    Now processing file /home/runner/work/key/key/key.core/../key.ui/examples/heap/permissions/threads/Fib_initPost_accessible.key 
316516     INFO  main            d.u.i.k.p.i.AbstractProblemLoader Loading environment from /home/runner/work/key/key/key.core/../key.ui/examples/heap/permissions/threads/Fib_initPost_accessible.key 
316516     DEBUG main            d.u.i.k.p.i.AbstractProblemLoader Environment load took 50.1ns 
316517     INFO  main            d.u.i.k.p.i.AbstractProblemLoader Creating init config 
320903     DEBUG main            d.u.i.k.p.i.AbstractProblemLoader Init config took 4.39s 
320996     INFO  main            d.u.i.k.p.i.AbstractProblemLoader Replaying proof Fib[ThreadSpec::initPost()].JML accessible clause.0 
320997     DEBUG main            d.u.i.k.p.i.IntermediateProofReplayer Proof replay took 7.1ns 
321099     INFO  main            d.u.i.k.p.r.p.TestFile    ... finished proof: closed. 
321458     INFO  main            d.u.i.k.p.i.AbstractProblemLoader Loading environment from /home/runner/work/key/key/key.core/../key.ui/examples/heap/permissions/threads/Fib_initPost_accessible.key.proof 
321458     DEBUG main            d.u.i.k.p.i.AbstractProblemLoader Environment load took 97.7ns 
321459     INFO  main            d.u.i.k.p.i.AbstractProblemLoader Creating init config 
325770     DEBUG main            d.u.i.k.p.i.AbstractProblemLoader Init config took 4.31s 
325846     INFO  main            d.u.i.k.p.i.AbstractProblemLoader Replaying proof Fib[ThreadSpec::initPost()].JML accessible clause.0 
325851     DEBUG main            d.u.i.k.p.i.IntermediateProofReplayer Proof replay took 3.93ms 
325852     DEBUG main            d.u.i.k.p.r.p.TestFile    ... success: reloaded. 
325853     INFO  main            d.u.i.k.p.r.p.TestFile    Now processing file /home/runner/work/key/key/key.core/../key.ui/examples/heap/permissions/threads/Fib_inv1_accessible.key 
325853     INFO  main            d.u.i.k.p.i.AbstractProblemLoader Loading environment from /home/runner/work/key/key/key.core/../key.ui/examples/heap/permissions/threads/Fib_inv1_accessible.key 
325853     DEBUG main            d.u.i.k.p.i.AbstractProblemLoader Environment load took 96.3ns 
325854     INFO  main            d.u.i.k.p.i.AbstractProblemLoader Creating init config 
330236     DEBUG main            d.u.i.k.p.i.AbstractProblemLoader Init config took 4.38s 
330310     INFO  main            d.u.i.k.p.i.AbstractProblemLoader Replaying proof Fib[java.lang.Object::<inv>()].JML accessible clause.0 
330312     DEBUG main            d.u.i.k.p.i.IntermediateProofReplayer Proof replay took 7ns 
330413     INFO  main            d.u.i.k.p.r.p.TestFile    ... finished proof: closed. 
330780     INFO  main            d.u.i.k.p.i.AbstractProblemLoader Loading environment from /home/runner/work/key/key/key.core/../key.ui/examples/heap/permissions/threads/Fib_inv1_accessible.key.proof 
330780     DEBUG main            d.u.i.k.p.i.AbstractProblemLoader Environment load took 93.4ns 
330781     INFO  main            d.u.i.k.p.i.AbstractProblemLoader Creating init config 
335087     DEBUG main            d.u.i.k.p.i.AbstractProblemLoader Init config took 4.31s 
335162     INFO  main            d.u.i.k.p.i.AbstractProblemLoader Replaying proof Fib[java.lang.Object::<inv>()].JML accessible clause.0 
335165     DEBUG main            d.u.i.k.p.i.IntermediateProofReplayer Proof replay took 1.39ms 
335166     DEBUG main            d.u.i.k.p.r.p.TestFile    ... success: reloaded. 
335167     INFO  main            d.u.i.k.p.r.p.TestFile    Now processing file /home/runner/work/key/key/key.core/../key.ui/examples/heap/permissions/threads/Fib_inv2_accessible.key 
335167     INFO  main            d.u.i.k.p.i.AbstractProblemLoader Loading environment from /home/runner/work/key/key/key.core/../key.ui/examples/heap/permissions/threads/Fib_inv2_accessible.key 
335167     DEBUG main            d.u.i.k.p.i.AbstractProblemLoader Environment load took 103.2ns 
335168     INFO  main            d.u.i.k.p.i.AbstractProblemLoader Creating init config 
339539     DEBUG main            d.u.i.k.p.i.AbstractProblemLoader Init config took 4.37s 
339615     INFO  main            d.u.i.k.p.i.AbstractProblemLoader Replaying proof Fib[java.lang.Object::<inv>()].JML accessible clause.1 
339616     DEBUG main            d.u.i.k.p.i.IntermediateProofReplayer Proof replay took 8.2ns 
339718     INFO  main            d.u.i.k.p.r.p.TestFile    ... finished proof: closed. 
340098     INFO  main            d.u.i.k.p.i.AbstractProblemLoader Loading environment from /home/runner/work/key/key/key.core/../key.ui/examples/heap/permissions/threads/Fib_inv2_accessible.key.proof 
340098     DEBUG main            d.u.i.k.p.i.AbstractProblemLoader Environment load took 94.2ns 
340099     INFO  main            d.u.i.k.p.i.AbstractProblemLoader Creating init config 
344412     DEBUG main            d.u.i.k.p.i.AbstractProblemLoader Init config took 4.31s 
344488     INFO  main            d.u.i.k.p.i.AbstractProblemLoader Replaying proof Fib[java.lang.Object::<inv>()].JML accessible clause.1 
344491     DEBUG main            d.u.i.k.p.i.IntermediateProofReplayer Proof replay took 1.39ms 
344491     DEBUG main            d.u.i.k.p.r.p.TestFile    ... success: reloaded. 
344492     INFO  main            d.u.i.k.p.r.p.TestFile    Now processing file /home/runner/work/key/key/key.core/../key.ui/examples/heap/permissions/threads/Fib_joinTransfer_accessible.key 
344492     INFO  main            d.u.i.k.p.i.AbstractProblemLoader Loading environment from /home/runner/work/key/key/key.core/../key.ui/examples/heap/permissions/threads/Fib_joinTransfer_accessible.key 
344492     DEBUG main            d.u.i.k.p.i.AbstractProblemLoader Environment load took 51ns 
344493     INFO  main            d.u.i.k.p.i.AbstractProblemLoader Creating init config 
348880     DEBUG main            d.u.i.k.p.i.AbstractProblemLoader Init config took 4.39s 
348971     INFO  main            d.u.i.k.p.i.AbstractProblemLoader Replaying proof Fib[ThreadSpec::joinTransfer()].JML accessible clause.0 
348972     DEBUG main            d.u.i.k.p.i.IntermediateProofReplayer Proof replay took 8.3ns 
349175     INFO  main            d.u.i.k.p.r.p.TestFile    ... finished proof: closed. 
349564     INFO  main            d.u.i.k.p.i.AbstractProblemLoader Loading environment from /home/runner/work/key/key/key.core/../key.ui/examples/heap/permissions/threads/Fib_joinTransfer_accessible.key.proof 
349564     DEBUG main            d.u.i.k.p.i.AbstractProblemLoader Environment load took 98.2ns 
349565     INFO  main            d.u.i.k.p.i.AbstractProblemLoader Creating init config 
353871     DEBUG main            d.u.i.k.p.i.AbstractProblemLoader Init config took 4.31s 
353948     INFO  main            d.u.i.k.p.i.AbstractProblemLoader Replaying proof Fib[ThreadSpec::joinTransfer()].JML accessible clause.0 
353967     DEBUG main            d.u.i.k.p.i.IntermediateProofReplayer Proof replay took 16.88ms 
353968     DEBUG main            d.u.i.k.p.r.p.TestFile    ... success: reloaded. 
353969     INFO  main            d.u.i.k.p.r.p.TestFile    Now processing file /home/runner/work/key/key/key.core/../key.ui/examples/heap/permissions/threads/Fib_joinTransfer_contract.key 
353970     INFO  main            d.u.i.k.p.i.AbstractProblemLoader Loading environment from /home/runner/work/key/key/key.core/../key.ui/examples/heap/permissions/threads/Fib_joinTransfer_contract.key 
353970     DEBUG main            d.u.i.k.p.i.AbstractProblemLoader Environment load took 161.8ns 
353971     INFO  main            d.u.i.k.p.i.AbstractProblemLoader Creating init config 
358361     DEBUG main            d.u.i.k.p.i.AbstractProblemLoader Init config took 4.39s 
358437     INFO  main            d.u.i.k.p.i.AbstractProblemLoader Replaying proof Fib[ThreadSpec::joinTransfer()].JML model_behavior operation contract.0 
358438     DEBUG main            d.u.i.k.p.i.IntermediateProofReplayer Proof replay took 7.1ns 
358540     INFO  main            d.u.i.k.p.r.p.TestFile    ... finished proof: closed. 
358928     INFO  main            d.u.i.k.p.i.AbstractProblemLoader Loading environment from /home/runner/work/key/key/key.core/../key.ui/examples/heap/permissions/threads/Fib_joinTransfer_contract.key.proof 
358928     DEBUG main            d.u.i.k.p.i.AbstractProblemLoader Environment load took 96.1ns 
358929     INFO  main            d.u.i.k.p.i.AbstractProblemLoader Creating init config 
363245     DEBUG main            d.u.i.k.p.i.AbstractProblemLoader Init config took 4.32s 
363322     INFO  main            d.u.i.k.p.i.AbstractProblemLoader Replaying proof Fib[ThreadSpec::joinTransfer()].JML model_behavior operation contract.0 
363329     DEBUG main            d.u.i.k.p.i.IntermediateProofReplayer Proof replay took 5.82ms 
363330     DEBUG main            d.u.i.k.p.r.p.TestFile    ... success: reloaded. 
363331     INFO  main            d.u.i.k.p.r.p.TestFile    Now processing file /home/runner/work/key/key/key.core/../key.ui/examples/heap/permissions/threads/Fib_postJoin_accessible.key 
363332     INFO  main            d.u.i.k.p.i.AbstractProblemLoader Loading environment from /home/runner/work/key/key/key.core/../key.ui/examples/heap/permissions/threads/Fib_postJoin_accessible.key 
363332     DEBUG main            d.u.i.k.p.i.AbstractProblemLoader Environment load took 179.6ns 
363332     INFO  main            d.u.i.k.p.i.AbstractProblemLoader Creating init config 
367714     DEBUG main            d.u.i.k.p.i.AbstractProblemLoader Init config took 4.38s 
367794     INFO  main            d.u.i.k.p.i.AbstractProblemLoader Replaying proof Fib[ThreadSpec::postJoin(java.lang.Object)].JML accessible clause.0 
367796     DEBUG main            d.u.i.k.p.i.IntermediateProofReplayer Proof replay took 6.8ns 
367898     INFO  main            d.u.i.k.p.r.p.TestFile    ... finished proof: closed. 
368291     INFO  main            d.u.i.k.p.i.AbstractProblemLoader Loading environment from /home/runner/work/key/key/key.core/../key.ui/examples/heap/permissions/threads/Fib_postJoin_accessible.key.proof 
368291     DEBUG main            d.u.i.k.p.i.AbstractProblemLoader Environment load took 97.9ns 
368292     INFO  main            d.u.i.k.p.i.AbstractProblemLoader Creating init config 
372607     DEBUG main            d.u.i.k.p.i.AbstractProblemLoader Init config took 4.31s 
372682     INFO  main            d.u.i.k.p.i.AbstractProblemLoader Replaying proof Fib[ThreadSpec::postJoin(java.lang.Object)].JML accessible clause.0 
372687     DEBUG main            d.u.i.k.p.i.IntermediateProofReplayer Proof replay took 4.35ms 
372688     DEBUG main            d.u.i.k.p.r.p.TestFile    ... success: reloaded. 
372689     INFO  main            d.u.i.k.p.r.p.TestFile    Now processing file /home/runner/work/key/key/key.core/../key.ui/examples/heap/permissions/threads/Fib_preStart_accessible.key 
372690     INFO  main            d.u.i.k.p.i.AbstractProblemLoader Loading environment from /home/runner/work/key/key/key.core/../key.ui/examples/heap/permissions/threads/Fib_preStart_accessible.key 
372690     DEBUG main            d.u.i.k.p.i.AbstractProblemLoader Environment load took 94.8ns 
372690     INFO  main            d.u.i.k.p.i.AbstractProblemLoader Creating init config 
377076     DEBUG main            d.u.i.k.p.i.AbstractProblemLoader Init config took 4.39s 
377150     INFO  main            d.u.i.k.p.i.AbstractProblemLoader Replaying proof Fib[ThreadSpec::preStart(java.lang.Object)].JML accessible clause.0 
377151     DEBUG main            d.u.i.k.p.i.IntermediateProofReplayer Proof replay took 6.7ns 
377253     INFO  main            d.u.i.k.p.r.p.TestFile    ... finished proof: closed. 
377661     INFO  main            d.u.i.k.p.i.AbstractProblemLoader Loading environment from /home/runner/work/key/key/key.core/../key.ui/examples/heap/permissions/threads/Fib_preStart_accessible.key.proof 
377661     DEBUG main            d.u.i.k.p.i.AbstractProblemLoader Environment load took 94.3ns 
377662     INFO  main            d.u.i.k.p.i.AbstractProblemLoader Creating init config 
381975     DEBUG main            d.u.i.k.p.i.AbstractProblemLoader Init config took 4.31s 
382052     INFO  main            d.u.i.k.p.i.AbstractProblemLoader Replaying proof Fib[ThreadSpec::preStart(java.lang.Object)].JML accessible clause.0 
382059     DEBUG main            d.u.i.k.p.i.IntermediateProofReplayer Proof replay took 4.29ms 
382059     DEBUG main            d.u.i.k.p.r.p.TestFile    ... success: reloaded. 
382060     INFO  main            d.u.i.k.p.r.p.TestFile    Now processing file /home/runner/work/key/key/key.core/../key.ui/examples/heap/permissions/threads/Fib_startTransfer_accessible.key 
382060     INFO  main            d.u.i.k.p.i.AbstractProblemLoader Loading environment from /home/runner/work/key/key/key.core/../key.ui/examples/heap/permissions/threads/Fib_startTransfer_accessible.key 
382061     DEBUG main            d.u.i.k.p.i.AbstractProblemLoader Environment load took 96.4ns 
382061     INFO  main            d.u.i.k.p.i.AbstractProblemLoader Creating init config 
386459     DEBUG main            d.u.i.k.p.i.AbstractProblemLoader Init config took 4.4s 
386550     INFO  main            d.u.i.k.p.i.AbstractProblemLoader Replaying proof Fib[ThreadSpec::startTransfer()].JML accessible clause.0 
386551     DEBUG main            d.u.i.k.p.i.IntermediateProofReplayer Proof replay took 6.8ns 
386753     INFO  main            d.u.i.k.p.r.p.TestFile    ... finished proof: closed. 
387174     INFO  main            d.u.i.k.p.i.AbstractProblemLoader Loading environment from /home/runner/work/key/key/key.core/../key.ui/examples/heap/permissions/threads/Fib_startTransfer_accessible.key.proof 
387174     DEBUG main            d.u.i.k.p.i.AbstractProblemLoader Environment load took 94ns 
387175     INFO  main            d.u.i.k.p.i.AbstractProblemLoader Creating init config 
391489     DEBUG main            d.u.i.k.p.i.AbstractProblemLoader Init config took 4.31s 
391578     INFO  main            d.u.i.k.p.i.AbstractProblemLoader Replaying proof Fib[ThreadSpec::startTransfer()].JML accessible clause.0 
391597     DEBUG main            d.u.i.k.p.i.IntermediateProofReplayer Proof replay took 17.34ms 
391598     DEBUG main            d.u.i.k.p.r.p.TestFile    ... success: reloaded. 
391599     INFO  main            d.u.i.k.p.r.p.TestFile    Now processing file /home/runner/work/key/key/key.core/../key.ui/examples/heap/permissions/threads/Fib_startTransfer_contract.key 
391599     INFO  main            d.u.i.k.p.i.AbstractProblemLoader Loading environment from /home/runner/work/key/key/key.core/../key.ui/examples/heap/permissions/threads/Fib_startTransfer_contract.key 
391599     DEBUG main            d.u.i.k.p.i.AbstractProblemLoader Environment load took 50.6ns 
391600     INFO  main            d.u.i.k.p.i.AbstractProblemLoader Creating init config 
395999     DEBUG main            d.u.i.k.p.i.AbstractProblemLoader Init config took 4.4s 
396075     INFO  main            d.u.i.k.p.i.AbstractProblemLoader Replaying proof Fib[ThreadSpec::startTransfer()].JML model_behavior operation contract.0 
396076     DEBUG main            d.u.i.k.p.i.IntermediateProofReplayer Proof replay took 7.5ns 
396179     INFO  main            d.u.i.k.p.r.p.TestFile    ... finished proof: closed. 
396620     INFO  main            d.u.i.k.p.i.AbstractProblemLoader Loading environment from /home/runner/work/key/key/key.core/../key.ui/examples/heap/permissions/threads/Fib_startTransfer_contract.key.proof 
396620     DEBUG main            d.u.i.k.p.i.AbstractProblemLoader Environment load took 89.1ns 
396621     INFO  main            d.u.i.k.p.i.AbstractProblemLoader Creating init config 
400932     DEBUG main            d.u.i.k.p.i.AbstractProblemLoader Init config took 4.31s 
401020     INFO  main            d.u.i.k.p.i.AbstractProblemLoader Replaying proof Fib[ThreadSpec::startTransfer()].JML model_behavior operation contract.0 
401027     DEBUG main            d.u.i.k.p.i.IntermediateProofReplayer Proof replay took 5.92ms 
401028     DEBUG main            d.u.i.k.p.r.p.TestFile    ... success: reloaded. 
401029     INFO  main            d.u.i.k.p.r.p.TestFile    Now processing file /home/runner/work/key/key/key.core/../key.ui/examples/heap/permissions/threads/Fib_workingPermissions_accessible.key 
401029     INFO  main            d.u.i.k.p.i.AbstractProblemLoader Loading environment from /home/runner/work/key/key/key.core/../key.ui/examples/heap/permissions/threads/Fib_workingPermissions_accessible.key 
401029     DEBUG main            d.u.i.k.p.i.AbstractProblemLoader Environment load took 47.1ns 
401030     INFO  main            d.u.i.k.p.i.AbstractProblemLoader Creating init config 
405412     DEBUG main            d.u.i.k.p.i.AbstractProblemLoader Init config took 4.38s 
405486     INFO  main            d.u.i.k.p.i.AbstractProblemLoader Replaying proof Fib[ThreadSpec::workingPermissions()].JML accessible clause.0 
405489     DEBUG main            d.u.i.k.p.i.IntermediateProofReplayer Proof replay took 7.9ns 
405590     INFO  main            d.u.i.k.p.r.p.TestFile    ... finished proof: closed. 
406006     INFO  main            d.u.i.k.p.i.AbstractProblemLoader Loading environment from /home/runner/work/key/key/key.core/../key.ui/examples/heap/permissions/threads/Fib_workingPermissions_accessible.key.proof 
406006     DEBUG main            d.u.i.k.p.i.AbstractProblemLoader Environment load took 118.5ns 
406007     INFO  main            d.u.i.k.p.i.AbstractProblemLoader Creating init config 
410324     DEBUG main            d.u.i.k.p.i.AbstractProblemLoader Init config took 4.32s 
410399     INFO  main            d.u.i.k.p.i.AbstractProblemLoader Replaying proof Fib[ThreadSpec::workingPermissions()].JML accessible clause.0 
410403     DEBUG main            d.u.i.k.p.i.IntermediateProofReplayer Proof replay took 1.87ms 
410403     DEBUG main            d.u.i.k.p.r.p.TestFile    ... success: reloaded. 
410404     INFO  main            d.u.i.k.p.r.p.TestFile    Now processing file /home/runner/work/key/key/key.core/../key.ui/examples/heap/permissions/threads/Plotter_initPost_accessible.key 
410405     INFO  main            d.u.i.k.p.i.AbstractProblemLoader Loading environment from /home/runner/work/key/key/key.core/../key.ui/examples/heap/permissions/threads/Plotter_initPost_accessible.key 
410405     DEBUG main            d.u.i.k.p.i.AbstractProblemLoader Environment load took 48.5ns 
410405     INFO  main            d.u.i.k.p.i.AbstractProblemLoader Creating init config 
414778     DEBUG main            d.u.i.k.p.i.AbstractProblemLoader Init config took 4.37s 
414853     INFO  main            d.u.i.k.p.i.AbstractProblemLoader Replaying proof Plotter[ThreadSpec2::initPost()].JML accessible clause.0 
414854     DEBUG main            d.u.i.k.p.i.IntermediateProofReplayer Proof replay took 7.6ns 
414956     INFO  main            d.u.i.k.p.r.p.TestFile    ... finished proof: closed. 
415389     INFO  main            d.u.i.k.p.i.AbstractProblemLoader Loading environment from /home/runner/work/key/key/key.core/../key.ui/examples/heap/permissions/threads/Plotter_initPost_accessible.key.proof 
415389     DEBUG main            d.u.i.k.p.i.AbstractProblemLoader Environment load took 87.5ns 
415390     INFO  main            d.u.i.k.p.i.AbstractProblemLoader Creating init config 
419704     DEBUG main            d.u.i.k.p.i.AbstractProblemLoader Init config took 4.31s 
419781     INFO  main            d.u.i.k.p.i.AbstractProblemLoader Replaying proof Plotter[ThreadSpec2::initPost()].JML accessible clause.0 
419797     DEBUG main            d.u.i.k.p.i.IntermediateProofReplayer Proof replay took 8.63ms 
419798     DEBUG main            d.u.i.k.p.r.p.TestFile    ... success: reloaded. 
419799     INFO  main            d.u.i.k.p.r.p.TestFile    Now processing file /home/runner/work/key/key/key.core/../key.ui/examples/heap/permissions/threads/Plotter_inv_accessible1.key 
419799     INFO  main            d.u.i.k.p.i.AbstractProblemLoader Loading environment from /home/runner/work/key/key/key.core/../key.ui/examples/heap/permissions/threads/Plotter_inv_accessible1.key 
419799     DEBUG main            d.u.i.k.p.i.AbstractProblemLoader Environment load took 44.8ns 
419800     INFO  main            d.u.i.k.p.i.AbstractProblemLoader Creating init config 
424180     DEBUG main            d.u.i.k.p.i.AbstractProblemLoader Init config took 4.38s 
424270     INFO  main            d.u.i.k.p.i.AbstractProblemLoader Replaying proof Plotter[java.lang.Object::<inv>()].JML accessible clause.0 
424271     DEBUG main            d.u.i.k.p.i.IntermediateProofReplayer Proof replay took 8.1ns 
424374     INFO  main            d.u.i.k.p.r.p.TestFile    ... finished proof: closed. 
424804     INFO  main            d.u.i.k.p.i.AbstractProblemLoader Loading environment from /home/runner/work/key/key/key.core/../key.ui/examples/heap/permissions/threads/Plotter_inv_accessible1.key.proof 
424804     DEBUG main            d.u.i.k.p.i.AbstractProblemLoader Environment load took 89.2ns 
424805     INFO  main            d.u.i.k.p.i.AbstractProblemLoader Creating init config 
429114     DEBUG main            d.u.i.k.p.i.AbstractProblemLoader Init config took 4.31s 
429189     INFO  main            d.u.i.k.p.i.AbstractProblemLoader Replaying proof Plotter[java.lang.Object::<inv>()].JML accessible clause.0 
429192     DEBUG main            d.u.i.k.p.i.IntermediateProofReplayer Proof replay took 1.4ms 
429193     DEBUG main            d.u.i.k.p.r.p.TestFile    ... success: reloaded. 
429193     INFO  main            d.u.i.k.p.r.p.TestFile    Now processing file /home/runner/work/key/key/key.core/../key.ui/examples/heap/permissions/threads/Plotter_inv_accessible2.key 
429194     INFO  main            d.u.i.k.p.i.AbstractProblemLoader Loading environment from /home/runner/work/key/key/key.core/../key.ui/examples/heap/permissions/threads/Plotter_inv_accessible2.key 
429194     DEBUG main            d.u.i.k.p.i.AbstractProblemLoader Environment load took 48ns 
429194     INFO  main            d.u.i.k.p.i.AbstractProblemLoader Creating init config 
433582     DEBUG main            d.u.i.k.p.i.AbstractProblemLoader Init config took 4.39s 
433659     INFO  main            d.u.i.k.p.i.AbstractProblemLoader Replaying proof Plotter[java.lang.Object::<inv>()].JML accessible clause.1 
433660     DEBUG main            d.u.i.k.p.i.IntermediateProofReplayer Proof replay took 7ns 
433761     INFO  main            d.u.i.k.p.r.p.TestFile    ... finished proof: closed. 
434200     INFO  main            d.u.i.k.p.i.AbstractProblemLoader Loading environment from /home/runner/work/key/key/key.core/../key.ui/examples/heap/permissions/threads/Plotter_inv_accessible2.key.proof 
434200     DEBUG main            d.u.i.k.p.i.AbstractProblemLoader Environment load took 90.3ns 
434201     INFO  main            d.u.i.k.p.i.AbstractProblemLoader Creating init config 
438502     DEBUG main            d.u.i.k.p.i.AbstractProblemLoader Init config took 4.3s 
438577     INFO  main            d.u.i.k.p.i.AbstractProblemLoader Replaying proof Plotter[java.lang.Object::<inv>()].JML accessible clause.1 
438580     DEBUG main            d.u.i.k.p.i.IntermediateProofReplayer Proof replay took 1.39ms 
438580     DEBUG main            d.u.i.k.p.r.p.TestFile    ... success: reloaded. 
438581     INFO  main            d.u.i.k.p.r.p.TestFile    Now processing file /home/runner/work/key/key/key.core/../key.ui/examples/heap/permissions/threads/Plotter_joinTransfer_contract.key 
438581     INFO  main            d.u.i.k.p.i.AbstractProblemLoader Loading environment from /home/runner/work/key/key/key.core/../key.ui/examples/heap/permissions/threads/Plotter_joinTransfer_contract.key 
438581     DEBUG main            d.u.i.k.p.i.AbstractProblemLoader Environment load took 109.3ns 
438582     INFO  main            d.u.i.k.p.i.AbstractProblemLoader Creating init config 
442977     DEBUG main            d.u.i.k.p.i.AbstractProblemLoader Init config took 4.39s 
443054     INFO  main            d.u.i.k.p.i.AbstractProblemLoader Replaying proof Plotter[ThreadSpec2::joinTransfer()].JML model_behavior operation contract.0 
443055     DEBUG main            d.u.i.k.p.i.IntermediateProofReplayer Proof replay took 7ns 
443157     INFO  main            d.u.i.k.p.r.p.TestFile    ... finished proof: closed. 
443607     INFO  main            d.u.i.k.p.i.AbstractProblemLoader Loading environment from /home/runner/work/key/key/key.core/../key.ui/examples/heap/permissions/threads/Plotter_joinTransfer_contract.key.proof 
443607     DEBUG main            d.u.i.k.p.i.AbstractProblemLoader Environment load took 84.8ns 
443608     INFO  main            d.u.i.k.p.i.AbstractProblemLoader Creating init config 
447920     DEBUG main            d.u.i.k.p.i.AbstractProblemLoader Init config took 4.31s 
447996     INFO  main            d.u.i.k.p.i.AbstractProblemLoader Replaying proof Plotter[ThreadSpec2::joinTransfer()].JML model_behavior operation contract.0 
448004     DEBUG main            d.u.i.k.p.i.IntermediateProofReplayer Proof replay took 6.51ms 
448005     DEBUG main            d.u.i.k.p.r.p.TestFile    ... success: reloaded. 
448006     INFO  main            d.u.i.k.p.r.p.TestFile    Now processing file /home/runner/work/key/key/key.core/../key.ui/examples/heap/permissions/threads/Plotter_Plotter.key 
448006     INFO  main            d.u.i.k.p.i.AbstractProblemLoader Loading environment from /home/runner/work/key/key/key.core/../key.ui/examples/heap/permissions/threads/Plotter_Plotter.key 
448006     DEBUG main            d.u.i.k.p.i.AbstractProblemLoader Environment load took 46.3ns 
448007     INFO  main            d.u.i.k.p.i.AbstractProblemLoader Creating init config 
452404     DEBUG main            d.u.i.k.p.i.AbstractProblemLoader Init config took 4.4s 
452497     INFO  main            d.u.i.k.p.i.AbstractProblemLoader Replaying proof Plotter[Plotter::Plotter(AFilter,BFilter,Buffer)].JML normal_behavior operation contract.0 
452498     DEBUG main            d.u.i.k.p.i.IntermediateProofReplayer Proof replay took 7ns 
454145     INFO  main            d.u.i.k.p.r.p.TestFile    ... finished proof: closed. 
454620     INFO  main            d.u.i.k.p.i.AbstractProblemLoader Loading environment from /home/runner/work/key/key/key.core/../key.ui/examples/heap/permissions/threads/Plotter_Plotter.key.proof 
454620     DEBUG main            d.u.i.k.p.i.AbstractProblemLoader Environment load took 319.7ns 
454621     INFO  main            d.u.i.k.p.i.AbstractProblemLoader Creating init config 
458933     DEBUG main            d.u.i.k.p.i.AbstractProblemLoader Init config took 4.31s 
459008     INFO  main            d.u.i.k.p.i.AbstractProblemLoader Replaying proof Plotter[Plotter::Plotter(AFilter,BFilter,Buffer)].JML normal_behavior operation contract.0 
459156     DEBUG main            d.u.i.k.p.i.IntermediateProofReplayer Proof replay took 142.77ms 
459157     DEBUG main            d.u.i.k.p.r.p.TestFile    ... success: reloaded. 
459158     INFO  main            d.u.i.k.p.r.p.TestFile    Now processing file /home/runner/work/key/key/key.core/../key.ui/examples/heap/permissions/threads/Plotter_postJoin_accessible.key 
459158     INFO  main            d.u.i.k.p.i.AbstractProblemLoader Loading environment from /home/runner/work/key/key/key.core/../key.ui/examples/heap/permissions/threads/Plotter_postJoin_accessible.key 
459158     DEBUG main            d.u.i.k.p.i.AbstractProblemLoader Environment load took 70.6ns 
459159     INFO  main            d.u.i.k.p.i.AbstractProblemLoader Creating init config 
463555     DEBUG main            d.u.i.k.p.i.AbstractProblemLoader Init config took 4.4s 
463645     INFO  main            d.u.i.k.p.i.AbstractProblemLoader Replaying proof Plotter[ThreadSpec2::postJoin(java.lang.Object)].JML accessible clause.0 
463646     DEBUG main            d.u.i.k.p.i.IntermediateProofReplayer Proof replay took 6.6ns 
463747     INFO  main            d.u.i.k.p.r.p.TestFile    ... finished proof: closed. 
464210     INFO  main            d.u.i.k.p.i.AbstractProblemLoader Loading environment from /home/runner/work/key/key/key.core/../key.ui/examples/heap/permissions/threads/Plotter_postJoin_accessible.key.proof 
464210     DEBUG main            d.u.i.k.p.i.AbstractProblemLoader Environment load took 83.7ns 
464211     INFO  main            d.u.i.k.p.i.AbstractProblemLoader Creating init config 
468515     DEBUG main            d.u.i.k.p.i.AbstractProblemLoader Init config took 4.3s 
468602     INFO  main            d.u.i.k.p.i.AbstractProblemLoader Replaying proof Plotter[ThreadSpec2::postJoin(java.lang.Object)].JML accessible clause.0 
468612     DEBUG main            d.u.i.k.p.i.IntermediateProofReplayer Proof replay took 8.61ms 
468613     DEBUG main            d.u.i.k.p.r.p.TestFile    ... success: reloaded. 
468614     INFO  main            d.u.i.k.p.r.p.TestFile    Now processing file /home/runner/work/key/key/key.core/../key.ui/examples/heap/permissions/threads/Plotter_preStart_accessible.key 
468615     INFO  main            d.u.i.k.p.i.AbstractProblemLoader Loading environment from /home/runner/work/key/key/key.core/../key.ui/examples/heap/permissions/threads/Plotter_preStart_accessible.key 
468615     DEBUG main            d.u.i.k.p.i.AbstractProblemLoader Environment load took 148.2ns 
468616     INFO  main            d.u.i.k.p.i.AbstractProblemLoader Creating init config 
473019     DEBUG main            d.u.i.k.p.i.AbstractProblemLoader Init config took 4.4s 
473094     INFO  main            d.u.i.k.p.i.AbstractProblemLoader Replaying proof Plotter[ThreadSpec2::preStart(java.lang.Object)].JML accessible clause.0 
473096     DEBUG main            d.u.i.k.p.i.IntermediateProofReplayer Proof replay took 7.5ns 
474100     INFO  main            d.u.i.k.p.r.p.TestFile    ... finished proof: closed. 
474581     INFO  main            d.u.i.k.p.i.AbstractProblemLoader Loading environment from /home/runner/work/key/key/key.core/../key.ui/examples/heap/permissions/threads/Plotter_preStart_accessible.key.proof 
474581     DEBUG main            d.u.i.k.p.i.AbstractProblemLoader Environment load took 93.7ns 
474582     INFO  main            d.u.i.k.p.i.AbstractProblemLoader Creating init config 
478891     DEBUG main            d.u.i.k.p.i.AbstractProblemLoader Init config took 4.31s 
478966     INFO  main            d.u.i.k.p.i.AbstractProblemLoader Replaying proof Plotter[ThreadSpec2::preStart(java.lang.Object)].JML accessible clause.0 
479014     DEBUG main            d.u.i.k.p.i.IntermediateProofReplayer Proof replay took 44.64ms 
479015     DEBUG main            d.u.i.k.p.r.p.TestFile    ... success: reloaded. 
479016     INFO  main            d.u.i.k.p.r.p.TestFile    Now processing file /home/runner/work/key/key/key.core/../key.ui/examples/heap/permissions/threads/Plotter_stateInv_accessible.key 
479016     INFO  main            d.u.i.k.p.i.AbstractProblemLoader Loading environment from /home/runner/work/key/key/key.core/../key.ui/examples/heap/permissions/threads/Plotter_stateInv_accessible.key 
479016     DEBUG main            d.u.i.k.p.i.AbstractProblemLoader Environment load took 76.1ns 
479017     INFO  main            d.u.i.k.p.i.AbstractProblemLoader Creating init config 
483425     DEBUG main            d.u.i.k.p.i.AbstractProblemLoader Init config took 4.41s 
483499     INFO  main            d.u.i.k.p.i.AbstractProblemLoader Replaying proof Plotter[ThreadSpec2::stateInv()].JML accessible clause.0 
483500     DEBUG main            d.u.i.k.p.i.IntermediateProofReplayer Proof replay took 6.7ns 
491056     INFO  main            d.u.i.k.p.r.p.TestFile    ... finished proof: closed. 
491546     INFO  main            d.u.i.k.p.i.AbstractProblemLoader Loading environment from /home/runner/work/key/key/key.core/../key.ui/examples/heap/permissions/threads/Plotter_stateInv_accessible.key.proof 
491547     DEBUG main            d.u.i.k.p.i.AbstractProblemLoader Environment load took 93.8ns 
491548     INFO  main            d.u.i.k.p.i.AbstractProblemLoader Creating init config 
495864     DEBUG main            d.u.i.k.p.i.AbstractProblemLoader Init config took 4.32s 
495938     INFO  main            d.u.i.k.p.i.AbstractProblemLoader Replaying proof Plotter[ThreadSpec2::stateInv()].JML accessible clause.0 
496340     DEBUG main            d.u.i.k.p.i.IntermediateProofReplayer Proof replay took 387.5ms 
496342     DEBUG main            d.u.i.k.p.r.p.TestFile    ... success: reloaded. 
496343     INFO  main            d.u.i.k.p.r.p.TestFile    Now processing file /home/runner/work/key/key/key.core/../key.ui/examples/heap/permissions/threads/Plotter_staticPermissions_accessible.key 
496343     INFO  main            d.u.i.k.p.i.AbstractProblemLoader Loading environment from /home/runner/work/key/key/key.core/../key.ui/examples/heap/permissions/threads/Plotter_staticPermissions_accessible.key 
496343     DEBUG main            d.u.i.k.p.i.AbstractProblemLoader Environment load took 67.3ns 
496344     INFO  main            d.u.i.k.p.i.AbstractProblemLoader Creating init config 
500731     DEBUG main            d.u.i.k.p.i.AbstractProblemLoader Init config took 4.39s 
500805     INFO  main            d.u.i.k.p.i.AbstractProblemLoader Replaying proof Plotter[ThreadSpec2::staticPermissions()].JML accessible clause.0 
500806     DEBUG main            d.u.i.k.p.i.IntermediateProofReplayer Proof replay took 39.8ns 
501615     INFO  main            d.u.i.k.p.r.p.TestFile    ... finished proof: closed. 
502104     INFO  main            d.u.i.k.p.i.AbstractProblemLoader Loading environment from /home/runner/work/key/key/key.core/../key.ui/examples/heap/permissions/threads/Plotter_staticPermissions_accessible.key.proof 
502104     DEBUG main            d.u.i.k.p.i.AbstractProblemLoader Environment load took 85.7ns 
502105     INFO  main            d.u.i.k.p.i.AbstractProblemLoader Creating init config 
506388     DEBUG main            d.u.i.k.p.i.AbstractProblemLoader Init config took 4.28s 
506462     INFO  main            d.u.i.k.p.i.AbstractProblemLoader Replaying proof Plotter[ThreadSpec2::staticPermissions()].JML accessible clause.0 
506507     DEBUG main            d.u.i.k.p.i.IntermediateProofReplayer Proof replay took 41.53ms 
506508     DEBUG main            d.u.i.k.p.r.p.TestFile    ... success: reloaded. 
506509     INFO  main            d.u.i.k.p.r.p.TestFile    Now processing file /home/runner/work/key/key/key.core/../key.ui/examples/heap/permissions/threads/Plotter_workingPermissions_accessible.key 
506509     INFO  main            d.u.i.k.p.i.AbstractProblemLoader Loading environment from /home/runner/work/key/key/key.core/../key.ui/examples/heap/permissions/threads/Plotter_workingPermissions_accessible.key 
506509     DEBUG main            d.u.i.k.p.i.AbstractProblemLoader Environment load took 89.6ns 
506510     INFO  main            d.u.i.k.p.i.AbstractProblemLoader Creating init config 
510901     DEBUG main            d.u.i.k.p.i.AbstractProblemLoader Init config took 4.39s 
510974     INFO  main            d.u.i.k.p.i.AbstractProblemLoader Replaying proof Plotter[ThreadSpec2::workingPermissions()].JML accessible clause.0 
510976     DEBUG main            d.u.i.k.p.i.IntermediateProofReplayer Proof replay took 3.7ns 
511177     INFO  main            d.u.i.k.p.r.p.TestFile    ... finished proof: closed. 
511672     INFO  main            d.u.i.k.p.i.AbstractProblemLoader Loading environment from /home/runner/work/key/key/key.core/../key.ui/examples/heap/permissions/threads/Plotter_workingPermissions_accessible.key.proof 
511672     DEBUG main            d.u.i.k.p.i.AbstractProblemLoader Environment load took 85.8ns 
511673     INFO  main            d.u.i.k.p.i.AbstractProblemLoader Creating init config 
515963     DEBUG main            d.u.i.k.p.i.AbstractProblemLoader Init config took 4.29s 
516037     INFO  main            d.u.i.k.p.i.AbstractProblemLoader Replaying proof Plotter[ThreadSpec2::workingPermissions()].JML accessible clause.0 
516050     DEBUG main            d.u.i.k.p.i.IntermediateProofReplayer Proof replay took 10.93ms 
516051     DEBUG main            d.u.i.k.p.r.p.TestFile    ... success: reloaded. 
516051     INFO  main            d.u.i.k.p.r.p.TestFile    Now processing file /home/runner/work/key/key/key.core/../key.ui/examples/heap/permissions/threads/Sampler_initPost_accessible.key 
516052     INFO  main            d.u.i.k.p.i.AbstractProblemLoader Loading environment from /home/runner/work/key/key/key.core/../key.ui/examples/heap/permissions/threads/Sampler_initPost_accessible.key 
516052     DEBUG main            d.u.i.k.p.i.AbstractProblemLoader Environment load took 43.5ns 
516052     INFO  main            d.u.i.k.p.i.AbstractProblemLoader Creating init config 
520427     DEBUG main            d.u.i.k.p.i.AbstractProblemLoader Init config took 4.37s 
520500     INFO  main            d.u.i.k.p.i.AbstractProblemLoader Replaying proof Sampler[ThreadSpec2::initPost()].JML accessible clause.0 
520501     DEBUG main            d.u.i.k.p.i.IntermediateProofReplayer Proof replay took 2.8ns 
520603     INFO  main            d.u.i.k.p.r.p.TestFile    ... finished proof: closed. 
521095     INFO  main            d.u.i.k.p.i.AbstractProblemLoader Loading environment from /home/runner/work/key/key/key.core/../key.ui/examples/heap/permissions/threads/Sampler_initPost_accessible.key.proof 
521095     DEBUG main            d.u.i.k.p.i.AbstractProblemLoader Environment load took 82.4ns 
521096     INFO  main            d.u.i.k.p.i.AbstractProblemLoader Creating init config 
525384     DEBUG main            d.u.i.k.p.i.AbstractProblemLoader Init config took 4.29s 
525458     INFO  main            d.u.i.k.p.i.AbstractProblemLoader Replaying proof Sampler[ThreadSpec2::initPost()].JML accessible clause.0 
525463     DEBUG main            d.u.i.k.p.i.IntermediateProofReplayer Proof replay took 4.25ms 
525464     DEBUG main            d.u.i.k.p.r.p.TestFile    ... success: reloaded. 
525465     INFO  main            d.u.i.k.p.r.p.TestFile    Now processing file /home/runner/work/key/key/key.core/../key.ui/examples/heap/permissions/threads/Sampler_inv_accessible1.key 
525465     INFO  main            d.u.i.k.p.i.AbstractProblemLoader Loading environment from /home/runner/work/key/key/key.core/../key.ui/examples/heap/permissions/threads/Sampler_inv_accessible1.key 
525465     DEBUG main            d.u.i.k.p.i.AbstractProblemLoader Environment load took 78.4ns 
525466     INFO  main            d.u.i.k.p.i.AbstractProblemLoader Creating init config 
529830     DEBUG main            d.u.i.k.p.i.AbstractProblemLoader Init config took 4.36s 
529904     INFO  main            d.u.i.k.p.i.AbstractProblemLoader Replaying proof Sampler[java.lang.Object::<inv>()].JML accessible clause.0 
529905     DEBUG main            d.u.i.k.p.i.IntermediateProofReplayer Proof replay took 2.8ns 
530007     INFO  main            d.u.i.k.p.r.p.TestFile    ... finished proof: closed. 
530506     INFO  main            d.u.i.k.p.i.AbstractProblemLoader Loading environment from /home/runner/work/key/key/key.core/../key.ui/examples/heap/permissions/threads/Sampler_inv_accessible1.key.proof 
530507     DEBUG main            d.u.i.k.p.i.AbstractProblemLoader Environment load took 80.5ns 
530507     INFO  main            d.u.i.k.p.i.AbstractProblemLoader Creating init config 
534804     DEBUG main            d.u.i.k.p.i.AbstractProblemLoader Init config took 4.3s 
534878     INFO  main            d.u.i.k.p.i.AbstractProblemLoader Replaying proof Sampler[java.lang.Object::<inv>()].JML accessible clause.0 
534880     DEBUG main            d.u.i.k.p.i.IntermediateProofReplayer Proof replay took 1.26ms 
534881     DEBUG main            d.u.i.k.p.r.p.TestFile    ... success: reloaded. 
534882     INFO  main            d.u.i.k.p.r.p.TestFile    Now processing file /home/runner/work/key/key/key.core/../key.ui/examples/heap/permissions/threads/Sampler_inv_accessible2.key 
534882     INFO  main            d.u.i.k.p.i.AbstractProblemLoader Loading environment from /home/runner/work/key/key/key.core/../key.ui/examples/heap/permissions/threads/Sampler_inv_accessible2.key 
534882     DEBUG main            d.u.i.k.p.i.AbstractProblemLoader Environment load took 41.4ns 
534883     INFO  main            d.u.i.k.p.i.AbstractProblemLoader Creating init config 
539252     DEBUG main            d.u.i.k.p.i.AbstractProblemLoader Init config took 4.37s 
539341     INFO  main            d.u.i.k.p.i.AbstractProblemLoader Replaying proof Sampler[java.lang.Object::<inv>()].JML accessible clause.1 
539342     DEBUG main            d.u.i.k.p.i.IntermediateProofReplayer Proof replay took 2.9ns 
539444     INFO  main            d.u.i.k.p.r.p.TestFile    ... finished proof: closed. 
539943     INFO  main            d.u.i.k.p.i.AbstractProblemLoader Loading environment from /home/runner/work/key/key/key.core/../key.ui/examples/heap/permissions/threads/Sampler_inv_accessible2.key.proof 
539943     DEBUG main            d.u.i.k.p.i.AbstractProblemLoader Environment load took 80.5ns 
539944     INFO  main            d.u.i.k.p.i.AbstractProblemLoader Creating init config 
544230     DEBUG main            d.u.i.k.p.i.AbstractProblemLoader Init config took 4.29s 
544304     INFO  main            d.u.i.k.p.i.AbstractProblemLoader Replaying proof Sampler[java.lang.Object::<inv>()].JML accessible clause.1 
544311     DEBUG main            d.u.i.k.p.i.IntermediateProofReplayer Proof replay took 5.35ms 
544312     DEBUG main            d.u.i.k.p.r.p.TestFile    ... success: reloaded. 
544317     INFO  main            d.u.i.k.p.r.p.TestFile    Now processing file /home/runner/work/key/key/key.core/../key.ui/examples/heap/permissions/threads/Sampler_joinTransfer_accessible.key 
544317     INFO  main            d.u.i.k.p.i.AbstractProblemLoader Loading environment from /home/runner/work/key/key/key.core/../key.ui/examples/heap/permissions/threads/Sampler_joinTransfer_accessible.key 
544317     DEBUG main            d.u.i.k.p.i.AbstractProblemLoader Environment load took 187.9ns 
544318     INFO  main            d.u.i.k.p.i.AbstractProblemLoader Creating init config 
548700     DEBUG main            d.u.i.k.p.i.AbstractProblemLoader Init config took 4.38s 
548774     INFO  main            d.u.i.k.p.i.AbstractProblemLoader Replaying proof Sampler[ThreadSpec2::joinTransfer()].JML accessible clause.0 
548775     DEBUG main            d.u.i.k.p.i.IntermediateProofReplayer Proof replay took 3.2ns 
551884     INFO  main            d.u.i.k.p.r.p.TestFile    ... finished proof: closed. 
552409     INFO  main            d.u.i.k.p.i.AbstractProblemLoader Loading environment from /home/runner/work/key/key/key.core/../key.ui/examples/heap/permissions/threads/Sampler_joinTransfer_accessible.key.proof 
552409     DEBUG main            d.u.i.k.p.i.AbstractProblemLoader Environment load took 136.2ns 
552410     INFO  main            d.u.i.k.p.i.AbstractProblemLoader Creating init config 
556725     DEBUG main            d.u.i.k.p.i.AbstractProblemLoader Init config took 4.31s 
556813     INFO  main            d.u.i.k.p.i.AbstractProblemLoader Replaying proof Sampler[ThreadSpec2::joinTransfer()].JML accessible clause.0 
557241     DEBUG main            d.u.i.k.p.i.IntermediateProofReplayer Proof replay took 416.19ms 
557242     DEBUG main            d.u.i.k.p.r.p.TestFile    ... success: reloaded. 
557243     INFO  main            d.u.i.k.p.r.p.TestFile    Now processing file /home/runner/work/key/key/key.core/../key.ui/examples/heap/permissions/threads/Sampler_joinTransfer_contract.key 
557243     INFO  main            d.u.i.k.p.i.AbstractProblemLoader Loading environment from /home/runner/work/key/key/key.core/../key.ui/examples/heap/permissions/threads/Sampler_joinTransfer_contract.key 
557243     DEBUG main            d.u.i.k.p.i.AbstractProblemLoader Environment load took 66.4ns 
557244     INFO  main            d.u.i.k.p.i.AbstractProblemLoader Creating init config 
561609     DEBUG main            d.u.i.k.p.i.AbstractProblemLoader Init config took 4.37s 
561684     INFO  main            d.u.i.k.p.i.AbstractProblemLoader Replaying proof Sampler[ThreadSpec2::joinTransfer()].JML model_behavior operation contract.0 
561685     DEBUG main            d.u.i.k.p.i.IntermediateProofReplayer Proof replay took 3.4ns 
561786     INFO  main            d.u.i.k.p.r.p.TestFile    ... finished proof: closed. 
562309     INFO  main            d.u.i.k.p.i.AbstractProblemLoader Loading environment from /home/runner/work/key/key/key.core/../key.ui/examples/heap/permissions/threads/Sampler_joinTransfer_contract.key.proof 
562309     DEBUG main            d.u.i.k.p.i.AbstractProblemLoader Environment load took 76.4ns 
562310     INFO  main            d.u.i.k.p.i.AbstractProblemLoader Creating init config 
566594     DEBUG main            d.u.i.k.p.i.AbstractProblemLoader Init config took 4.28s 
566668     INFO  main            d.u.i.k.p.i.AbstractProblemLoader Replaying proof Sampler[ThreadSpec2::joinTransfer()].JML model_behavior operation contract.0 
566676     DEBUG main            d.u.i.k.p.i.IntermediateProofReplayer Proof replay took 5.79ms 
566676     DEBUG main            d.u.i.k.p.r.p.TestFile    ... success: reloaded. 
566677     INFO  main            d.u.i.k.p.r.p.TestFile    Now processing file /home/runner/work/key/key/key.core/../key.ui/examples/heap/permissions/threads/Sampler_postJoin_accessible.key 
566677     INFO  main            d.u.i.k.p.i.AbstractProblemLoader Loading environment from /home/runner/work/key/key/key.core/../key.ui/examples/heap/permissions/threads/Sampler_postJoin_accessible.key 
566677     DEBUG main            d.u.i.k.p.i.AbstractProblemLoader Environment load took 40.4ns 
566678     INFO  main            d.u.i.k.p.i.AbstractProblemLoader Creating init config 
571032     DEBUG main            d.u.i.k.p.i.AbstractProblemLoader Init config took 4.35s 
571106     INFO  main            d.u.i.k.p.i.AbstractProblemLoader Replaying proof Sampler[ThreadSpec2::postJoin(java.lang.Object)].JML accessible clause.0 
571107     DEBUG main            d.u.i.k.p.i.IntermediateProofReplayer Proof replay took 3ns 
571208     INFO  main            d.u.i.k.p.r.p.TestFile    ... finished proof: closed. 
571736     INFO  main            d.u.i.k.p.i.AbstractProblemLoader Loading environment from /home/runner/work/key/key/key.core/../key.ui/examples/heap/permissions/threads/Sampler_postJoin_accessible.key.proof 
571736     DEBUG main            d.u.i.k.p.i.AbstractProblemLoader Environment load took 87.6ns 
571737     INFO  main            d.u.i.k.p.i.AbstractProblemLoader Creating init config 
576012     DEBUG main            d.u.i.k.p.i.AbstractProblemLoader Init config took 4.28s 
576087     INFO  main            d.u.i.k.p.i.AbstractProblemLoader Replaying proof Sampler[ThreadSpec2::postJoin(java.lang.Object)].JML accessible clause.0 
576095     DEBUG main            d.u.i.k.p.i.IntermediateProofReplayer Proof replay took 6.96ms 
576096     DEBUG main            d.u.i.k.p.r.p.TestFile    ... success: reloaded. 
576097     INFO  main            d.u.i.k.p.r.p.TestFile    Now processing file /home/runner/work/key/key/key.core/../key.ui/examples/heap/permissions/threads/Sampler_preStart_accessible.key 
576097     INFO  main            d.u.i.k.p.i.AbstractProblemLoader Loading environment from /home/runner/work/key/key/key.core/../key.ui/examples/heap/permissions/threads/Sampler_preStart_accessible.key 
576097     DEBUG main            d.u.i.k.p.i.AbstractProblemLoader Environment load took 62.7ns 
576098     INFO  main            d.u.i.k.p.i.AbstractProblemLoader Creating init config 
580457     DEBUG main            d.u.i.k.p.i.AbstractProblemLoader Init config took 4.36s 
580533     INFO  main            d.u.i.k.p.i.AbstractProblemLoader Replaying proof Sampler[ThreadSpec2::preStart(java.lang.Object)].JML accessible clause.0 
580535     DEBUG main            d.u.i.k.p.i.IntermediateProofReplayer Proof replay took 2.5ns 
580636     INFO  main            d.u.i.k.p.r.p.TestFile    ... finished proof: closed. 
581165     INFO  main            d.u.i.k.p.i.AbstractProblemLoader Loading environment from /home/runner/work/key/key/key.core/../key.ui/examples/heap/permissions/threads/Sampler_preStart_accessible.key.proof 
581165     DEBUG main            d.u.i.k.p.i.AbstractProblemLoader Environment load took 68.3ns 
581166     INFO  main            d.u.i.k.p.i.AbstractProblemLoader Creating init config 
585444     DEBUG main            d.u.i.k.p.i.AbstractProblemLoader Init config took 4.28s 
585518     INFO  main            d.u.i.k.p.i.AbstractProblemLoader Replaying proof Sampler[ThreadSpec2::preStart(java.lang.Object)].JML accessible clause.0 
585526     DEBUG main            d.u.i.k.p.i.IntermediateProofReplayer Proof replay took 6.8ms 
585527     DEBUG main            d.u.i.k.p.r.p.TestFile    ... success: reloaded. 
585528     INFO  main            d.u.i.k.p.r.p.TestFile    Now processing file /home/runner/work/key/key/key.core/../key.ui/examples/heap/permissions/threads/Sampler_run.key 
585528     INFO  main            d.u.i.k.p.i.AbstractProblemLoader Loading environment from /home/runner/work/key/key/key.core/../key.ui/examples/heap/permissions/threads/Sampler_run.key 
585528     DEBUG main            d.u.i.k.p.i.AbstractProblemLoader Environment load took 65.9ns 
585529     INFO  main            d.u.i.k.p.i.AbstractProblemLoader Creating init config 
589867     DEBUG main            d.u.i.k.p.i.AbstractProblemLoader Init config took 4.34s 
589941     INFO  main            d.u.i.k.p.i.AbstractProblemLoader Replaying proof Sampler[ThreadSpec2::run()].JML normal_behavior operation contract.0 
589943     DEBUG main            d.u.i.k.p.i.IntermediateProofReplayer Proof replay took 2.5ns 
590145     INFO  main            d.u.i.k.p.r.p.TestFile    ... finished proof: closed. 
590682     INFO  main            d.u.i.k.p.i.AbstractProblemLoader Loading environment from /home/runner/work/key/key/key.core/../key.ui/examples/heap/permissions/threads/Sampler_run.key.proof 
590682     DEBUG main            d.u.i.k.p.i.AbstractProblemLoader Environment load took 75.2ns 
590683     INFO  main            d.u.i.k.p.i.AbstractProblemLoader Creating init config 
594958     DEBUG main            d.u.i.k.p.i.AbstractProblemLoader Init config took 4.28s 
595033     INFO  main            d.u.i.k.p.i.AbstractProblemLoader Replaying proof Sampler[ThreadSpec2::run()].JML normal_behavior operation contract.0 
595061     DEBUG main            d.u.i.k.p.i.IntermediateProofReplayer Proof replay took 26.09ms 
595062     DEBUG main            d.u.i.k.p.r.p.TestFile    ... success: reloaded. 
595063     INFO  main            d.u.i.k.p.r.p.TestFile    Now processing file /home/runner/work/key/key/key.core/../key.ui/examples/heap/permissions/threads/Sampler_Sampler.key 
595063     INFO  main            d.u.i.k.p.i.AbstractProblemLoader Loading environment from /home/runner/work/key/key/key.core/../key.ui/examples/heap/permissions/threads/Sampler_Sampler.key 
595063     DEBUG main            d.u.i.k.p.i.AbstractProblemLoader Environment load took 160.1ns 
595065     INFO  main            d.u.i.k.p.i.AbstractProblemLoader Creating init config 
599439     DEBUG main            d.u.i.k.p.i.AbstractProblemLoader Init config took 4.37s 
599514     INFO  main            d.u.i.k.p.i.AbstractProblemLoader Replaying proof Sampler[Sampler::Sampler(Buffer)].JML normal_behavior operation contract.0 
599516     DEBUG main            d.u.i.k.p.i.IntermediateProofReplayer Proof replay took 2.4ns 
600018     INFO  main            d.u.i.k.p.r.p.TestFile    ... finished proof: closed. 
600626     INFO  main            d.u.i.k.p.i.AbstractProblemLoader Loading environment from /home/runner/work/key/key/key.core/../key.ui/examples/heap/permissions/threads/Sampler_Sampler.key.proof 
600626     DEBUG main            d.u.i.k.p.i.AbstractProblemLoader Environment load took 75.4ns 
600627     INFO  main            d.u.i.k.p.i.AbstractProblemLoader Creating init config 
604907     DEBUG main            d.u.i.k.p.i.AbstractProblemLoader Init config took 4.28s 
604980     INFO  main            d.u.i.k.p.i.AbstractProblemLoader Replaying proof Sampler[Sampler::Sampler(Buffer)].JML normal_behavior operation contract.0 
605041     DEBUG main            d.u.i.k.p.i.IntermediateProofReplayer Proof replay took 57.87ms 
605041     DEBUG main            d.u.i.k.p.r.p.TestFile    ... success: reloaded. 
605042     INFO  main            d.u.i.k.p.r.p.TestFile    Now processing file /home/runner/work/key/key/key.core/../key.ui/examples/heap/permissions/threads/Sampler_startTransfer_accessible.key 
605042     INFO  main            d.u.i.k.p.i.AbstractProblemLoader Loading environment from /home/runner/work/key/key/key.core/../key.ui/examples/heap/permissions/threads/Sampler_startTransfer_accessible.key 
605042     DEBUG main            d.u.i.k.p.i.AbstractProblemLoader Environment load took 42.5ns 
605043     INFO  main            d.u.i.k.p.i.AbstractProblemLoader Creating init config 
609397     DEBUG main            d.u.i.k.p.i.AbstractProblemLoader Init config took 4.35s 
609470     INFO  main            d.u.i.k.p.i.AbstractProblemLoader Replaying proof Sampler[ThreadSpec2::startTransfer()].JML accessible clause.0 
609472     DEBUG main            d.u.i.k.p.i.IntermediateProofReplayer Proof replay took 2.8ns 
612818     INFO  main            d.u.i.k.p.r.p.TestFile    ... finished proof: closed. 
613370     INFO  main            d.u.i.k.p.i.AbstractProblemLoader Loading environment from /home/runner/work/key/key/key.core/../key.ui/examples/heap/permissions/threads/Sampler_startTransfer_accessible.key.proof 
613370     DEBUG main            d.u.i.k.p.i.AbstractProblemLoader Environment load took 77.2ns 
613372     INFO  main            d.u.i.k.p.i.AbstractProblemLoader Creating init config 
617649     DEBUG main            d.u.i.k.p.i.AbstractProblemLoader Init config took 4.28s 
617723     INFO  main            d.u.i.k.p.i.AbstractProblemLoader Replaying proof Sampler[ThreadSpec2::startTransfer()].JML accessible clause.0 
618083     DEBUG main            d.u.i.k.p.i.IntermediateProofReplayer Proof replay took 350.34ms 
618085     DEBUG main            d.u.i.k.p.r.p.TestFile    ... success: reloaded. 
618085     INFO  main            d.u.i.k.p.r.p.TestFile    Now processing file /home/runner/work/key/key/key.core/../key.ui/examples/heap/permissions/threads/Sampler_startTransfer_contract.key 
618086     INFO  main            d.u.i.k.p.i.AbstractProblemLoader Loading environment from /home/runner/work/key/key/key.core/../key.ui/examples/heap/permissions/threads/Sampler_startTransfer_contract.key 
618086     DEBUG main            d.u.i.k.p.i.AbstractProblemLoader Environment load took 37.8ns 
618086     INFO  main            d.u.i.k.p.i.AbstractProblemLoader Creating init config 
622456     DEBUG main            d.u.i.k.p.i.AbstractProblemLoader Init config took 4.37s 
622530     INFO  main            d.u.i.k.p.i.AbstractProblemLoader Replaying proof Sampler[ThreadSpec2::startTransfer()].JML model_behavior operation contract.0 
622531     DEBUG main            d.u.i.k.p.i.IntermediateProofReplayer Proof replay took 3.1ns 
622633     INFO  main            d.u.i.k.p.r.p.TestFile    ... finished proof: closed. 
623183     INFO  main            d.u.i.k.p.i.AbstractProblemLoader Loading environment from /home/runner/work/key/key/key.core/../key.ui/examples/heap/permissions/threads/Sampler_startTransfer_contract.key.proof 
623183     DEBUG main            d.u.i.k.p.i.AbstractProblemLoader Environment load took 306ns 
623184     INFO  main            d.u.i.k.p.i.AbstractProblemLoader Creating init config 
627456     DEBUG main            d.u.i.k.p.i.AbstractProblemLoader Init config took 4.27s 
627530     INFO  main            d.u.i.k.p.i.AbstractProblemLoader Replaying proof Sampler[ThreadSpec2::startTransfer()].JML model_behavior operation contract.0 
627537     DEBUG main            d.u.i.k.p.i.IntermediateProofReplayer Proof replay took 5.8ms 
627538     DEBUG main            d.u.i.k.p.r.p.TestFile    ... success: reloaded. 
627538     INFO  main            d.u.i.k.p.r.p.TestFile    Now processing file /home/runner/work/key/key/key.core/../key.ui/examples/heap/permissions/threads/Sampler_stateInv_accessible.key 
627539     INFO  main            d.u.i.k.p.i.AbstractProblemLoader Loading environment from /home/runner/work/key/key/key.core/../key.ui/examples/heap/permissions/threads/Sampler_stateInv_accessible.key 
627539     DEBUG main            d.u.i.k.p.i.AbstractProblemLoader Environment load took 41.8ns 
627539     INFO  main            d.u.i.k.p.i.AbstractProblemLoader Creating init config 
631901     DEBUG main            d.u.i.k.p.i.AbstractProblemLoader Init config took 4.36s 
631976     INFO  main            d.u.i.k.p.i.AbstractProblemLoader Replaying proof Sampler[ThreadSpec2::stateInv()].JML accessible clause.0 
631978     DEBUG main            d.u.i.k.p.i.IntermediateProofReplayer Proof replay took 2.5ns 
632080     INFO  main            d.u.i.k.p.r.p.TestFile    ... finished proof: closed. 
632637     INFO  main            d.u.i.k.p.i.AbstractProblemLoader Loading environment from /home/runner/work/key/key/key.core/../key.ui/examples/heap/permissions/threads/Sampler_stateInv_accessible.key.proof 
632637     DEBUG main            d.u.i.k.p.i.AbstractProblemLoader Environment load took 88.7ns 
632638     INFO  main            d.u.i.k.p.i.AbstractProblemLoader Creating init config 
636907     DEBUG main            d.u.i.k.p.i.AbstractProblemLoader Init config took 4.27s 
636981     INFO  main            d.u.i.k.p.i.AbstractProblemLoader Replaying proof Sampler[ThreadSpec2::stateInv()].JML accessible clause.0 
636987     DEBUG main            d.u.i.k.p.i.IntermediateProofReplayer Proof replay took 4.67ms 
636988     DEBUG main            d.u.i.k.p.r.p.TestFile    ... success: reloaded. 
636989     INFO  main            d.u.i.k.p.r.p.TestFile    Now processing file /home/runner/work/key/key/key.core/../key.ui/examples/heap/permissions/threads/Sampler_staticPermissions_accessible.key 
636989     INFO  main            d.u.i.k.p.i.AbstractProblemLoader Loading environment from /home/runner/work/key/key/key.core/../key.ui/examples/heap/permissions/threads/Sampler_staticPermissions_accessible.key 
636989     DEBUG main            d.u.i.k.p.i.AbstractProblemLoader Environment load took 62.7ns 
636990     INFO  main            d.u.i.k.p.i.AbstractProblemLoader Creating init config 
641352     DEBUG main            d.u.i.k.p.i.AbstractProblemLoader Init config took 4.36s 
641425     INFO  main            d.u.i.k.p.i.AbstractProblemLoader Replaying proof Sampler[ThreadSpec2::staticPermissions()].JML accessible clause.0 
641426     DEBUG main            d.u.i.k.p.i.IntermediateProofReplayer Proof replay took 3.4ns 
641527     INFO  main            d.u.i.k.p.r.p.TestFile    ... finished proof: closed. 
642094     INFO  main            d.u.i.k.p.i.AbstractProblemLoader Loading environment from /home/runner/work/key/key/key.core/../key.ui/examples/heap/permissions/threads/Sampler_staticPermissions_accessible.key.proof 
642094     DEBUG main            d.u.i.k.p.i.AbstractProblemLoader Environment load took 69.1ns 
642095     INFO  main            d.u.i.k.p.i.AbstractProblemLoader Creating init config 
646360     DEBUG main            d.u.i.k.p.i.AbstractProblemLoader Init config took 4.27s 
646433     INFO  main            d.u.i.k.p.i.AbstractProblemLoader Replaying proof Sampler[ThreadSpec2::staticPermissions()].JML accessible clause.0 
646436     DEBUG main            d.u.i.k.p.i.IntermediateProofReplayer Proof replay took 2.66ms 
646437     DEBUG main            d.u.i.k.p.r.p.TestFile    ... success: reloaded. 
646438     INFO  main            d.u.i.k.p.r.p.TestFile    Now processing file /home/runner/work/key/key/key.core/../key.ui/examples/heap/permissions/threads/Sampler_workingPermissions_accessible.key 
646438     INFO  main            d.u.i.k.p.i.AbstractProblemLoader Loading environment from /home/runner/work/key/key/key.core/../key.ui/examples/heap/permissions/threads/Sampler_workingPermissions_accessible.key 
646438     DEBUG main            d.u.i.k.p.i.AbstractProblemLoader Environment load took 54.2ns 
646439     INFO  main            d.u.i.k.p.i.AbstractProblemLoader Creating init config 
650794     DEBUG main            d.u.i.k.p.i.AbstractProblemLoader Init config took 4.35s 
650883     INFO  main            d.u.i.k.p.i.AbstractProblemLoader Replaying proof Sampler[ThreadSpec2::workingPermissions()].JML accessible clause.0 
650886     DEBUG main            d.u.i.k.p.i.IntermediateProofReplayer Proof replay took 3.9ns 
650987     INFO  main            d.u.i.k.p.r.p.TestFile    ... finished proof: closed. 
651556     INFO  main            d.u.i.k.p.i.AbstractProblemLoader Loading environment from /home/runner/work/key/key/key.core/../key.ui/examples/heap/permissions/threads/Sampler_workingPermissions_accessible.key.proof 
651556     DEBUG main            d.u.i.k.p.i.AbstractProblemLoader Environment load took 73.8ns 
651556     INFO  main            d.u.i.k.p.i.AbstractProblemLoader Creating init config 
655848     DEBUG main            d.u.i.k.p.i.AbstractProblemLoader Init config took 4.29s 
655935     INFO  main            d.u.i.k.p.i.AbstractProblemLoader Replaying proof Sampler[ThreadSpec2::workingPermissions()].JML accessible clause.0 
655940     DEBUG main            d.u.i.k.p.i.IntermediateProofReplayer Proof replay took 3.92ms 
655941     DEBUG main            d.u.i.k.p.r.p.TestFile    ... success: reloaded. 
655941     INFO  main            d.u.i.k.p.r.p.TestFile    Now processing file /home/runner/work/key/key/key.core/../key.ui/examples/heap/permissions/mulleretal/ReadWrite_doRead_contract.key 
655942     INFO  main            d.u.i.k.p.i.AbstractProblemLoader Loading environment from /home/runner/work/key/key/key.core/../key.ui/examples/heap/permissions/mulleretal/ReadWrite_doRead_contract.key 
655942     DEBUG main            d.u.i.k.p.i.AbstractProblemLoader Environment load took 43.2ns 
655942     INFO  main            d.u.i.k.p.i.AbstractProblemLoader Creating init config 
658453     DEBUG main            d.u.i.k.p.i.AbstractProblemLoader Init config took 2.51s 
658483     INFO  main            d.u.i.k.p.i.AbstractProblemLoader Replaying proof ReadWrite[ReadWrite::doRead()].JML normal_behavior operation contract.0 
658486     DEBUG main            d.u.i.k.p.i.IntermediateProofReplayer Proof replay took 3.2ns 
660006     INFO  main            d.u.i.k.p.r.p.TestFile    ... finished proof: closed. 
660604     INFO  main            d.u.i.k.p.i.AbstractProblemLoader Loading environment from /home/runner/work/key/key/key.core/../key.ui/examples/heap/permissions/mulleretal/ReadWrite_doRead_contract.key.proof 
660604     DEBUG main            d.u.i.k.p.i.AbstractProblemLoader Environment load took 295.2ns 
660605     INFO  main            d.u.i.k.p.i.AbstractProblemLoader Creating init config 
663031     DEBUG main            d.u.i.k.p.i.AbstractProblemLoader Init config took 2.43s 
663062     INFO  main            d.u.i.k.p.i.AbstractProblemLoader Replaying proof ReadWrite[ReadWrite::doRead()].JML normal_behavior operation contract.0 
663343     DEBUG main            d.u.i.k.p.i.IntermediateProofReplayer Proof replay took 275.72ms 
663344     DEBUG main            d.u.i.k.p.r.p.TestFile    ... success: reloaded. 
663345     INFO  main            d.u.i.k.p.r.p.TestFile    Now processing file /home/runner/work/key/key/key.core/../key.ui/examples/heap/permissions/mulleretal/ReadWrite_doWrite_contract.key 
663345     INFO  main            d.u.i.k.p.i.AbstractProblemLoader Loading environment from /home/runner/work/key/key/key.core/../key.ui/examples/heap/permissions/mulleretal/ReadWrite_doWrite_contract.key 
663345     DEBUG main            d.u.i.k.p.i.AbstractProblemLoader Environment load took 63.6ns 
663346     INFO  main            d.u.i.k.p.i.AbstractProblemLoader Creating init config 
665822     DEBUG main            d.u.i.k.p.i.AbstractProblemLoader Init config took 2.48s 
665853     INFO  main            d.u.i.k.p.i.AbstractProblemLoader Replaying proof ReadWrite[ReadWrite::doWrite()].JML normal_behavior operation contract.0 
665854     DEBUG main            d.u.i.k.p.i.IntermediateProofReplayer Proof replay took 2.4ns 
667259     INFO  main            d.u.i.k.p.r.p.TestFile    ... finished proof: closed. 
667891     INFO  main            d.u.i.k.p.i.AbstractProblemLoader Loading environment from /home/runner/work/key/key/key.core/../key.ui/examples/heap/permissions/mulleretal/ReadWrite_doWrite_contract.key.proof 
667891     DEBUG main            d.u.i.k.p.i.AbstractProblemLoader Environment load took 78ns 
667892     INFO  main            d.u.i.k.p.i.AbstractProblemLoader Creating init config 
670311     DEBUG main            d.u.i.k.p.i.AbstractProblemLoader Init config took 2.42s 
670342     INFO  main            d.u.i.k.p.i.AbstractProblemLoader Replaying proof ReadWrite[ReadWrite::doWrite()].JML normal_behavior operation contract.0 
670643     DEBUG main            d.u.i.k.p.i.IntermediateProofReplayer Proof replay took 295.45ms 
670644     DEBUG main            d.u.i.k.p.r.p.TestFile    ... success: reloaded. 
670644     INFO  main            d.u.i.k.p.r.p.TestFile    Now processing file /home/runner/work/key/key/key.core/../key.ui/examples/heap/permissions/mulleretal/ReadWrite_read_contract.key 
670644     INFO  main            d.u.i.k.p.i.AbstractProblemLoader Loading environment from /home/runner/work/key/key/key.core/../key.ui/examples/heap/permissions/mulleretal/ReadWrite_read_contract.key 
670644     DEBUG main            d.u.i.k.p.i.AbstractProblemLoader Environment load took 67.1ns 
670645     INFO  main            d.u.i.k.p.i.AbstractProblemLoader Creating init config 
673131     DEBUG main            d.u.i.k.p.i.AbstractProblemLoader Init config took 2.49s 
673162     INFO  main            d.u.i.k.p.i.AbstractProblemLoader Replaying proof ReadWrite[ReadWrite::read()].JML normal_behavior operation contract.0 
673163     DEBUG main            d.u.i.k.p.i.IntermediateProofReplayer Proof replay took 2.8ns 
673264     INFO  main            d.u.i.k.p.r.p.TestFile    ... finished proof: closed. 
673851     INFO  main            d.u.i.k.p.i.AbstractProblemLoader Loading environment from /home/runner/work/key/key/key.core/../key.ui/examples/heap/permissions/mulleretal/ReadWrite_read_contract.key.proof 
673851     DEBUG main            d.u.i.k.p.i.AbstractProblemLoader Environment load took 74ns 
673852     INFO  main            d.u.i.k.p.i.AbstractProblemLoader Creating init config 
676279     DEBUG main            d.u.i.k.p.i.AbstractProblemLoader Init config took 2.43s 
676309     INFO  main            d.u.i.k.p.i.AbstractProblemLoader Replaying proof ReadWrite[ReadWrite::read()].JML normal_behavior operation contract.0 
676315     DEBUG main            d.u.i.k.p.i.IntermediateProofReplayer Proof replay took 4.83ms 
676316     DEBUG main            d.u.i.k.p.r.p.TestFile    ... success: reloaded. 
676316     INFO  main            d.u.i.k.p.r.p.TestFile    Now processing file /home/runner/work/key/key/key.core/../key.ui/examples/heap/permissions/mulleretal/ReadWrite_write_contract.key 
676317     INFO  main            d.u.i.k.p.i.AbstractProblemLoader Loading environment from /home/runner/work/key/key/key.core/../key.ui/examples/heap/permissions/mulleretal/ReadWrite_write_contract.key 
676317     DEBUG main            d.u.i.k.p.i.AbstractProblemLoader Environment load took 54ns 
676317     INFO  main            d.u.i.k.p.i.AbstractProblemLoader Creating init config 
678776     DEBUG main            d.u.i.k.p.i.AbstractProblemLoader Init config took 2.46s 
678807     INFO  main            d.u.i.k.p.i.AbstractProblemLoader Replaying proof ReadWrite[ReadWrite::write()].JML normal_behavior operation contract.0 
678808     DEBUG main            d.u.i.k.p.i.IntermediateProofReplayer Proof replay took 3.2ns 
678910     INFO  main            d.u.i.k.p.r.p.TestFile    ... finished proof: closed. 
679505     INFO  main            d.u.i.k.p.i.AbstractProblemLoader Loading environment from /home/runner/work/key/key/key.core/../key.ui/examples/heap/permissions/mulleretal/ReadWrite_write_contract.key.proof 
679505     DEBUG main            d.u.i.k.p.i.AbstractProblemLoader Environment load took 74.8ns 
679506     INFO  main            d.u.i.k.p.i.AbstractProblemLoader Creating init config 
681930     DEBUG main            d.u.i.k.p.i.AbstractProblemLoader Init config took 2.42s 
681960     INFO  main            d.u.i.k.p.i.AbstractProblemLoader Replaying proof ReadWrite[ReadWrite::write()].JML normal_behavior operation contract.0 
681978     DEBUG main            d.u.i.k.p.i.IntermediateProofReplayer Proof replay took 16.75ms 
681979     DEBUG main            d.u.i.k.p.r.p.TestFile    ... success: reloaded. 
681980     INFO  main            d.u.i.k.p.r.p.TestFile    Now processing file /home/runner/work/key/key/key.core/../key.ui/examples/heap/permissions/mulleretal/ReadWrite_inv1_accessible.key 
681980     INFO  main            d.u.i.k.p.i.AbstractProblemLoader Loading environment from /home/runner/work/key/key/key.core/../key.ui/examples/heap/permissions/mulleretal/ReadWrite_inv1_accessible.key 
681980     DEBUG main            d.u.i.k.p.i.AbstractProblemLoader Environment load took 44ns 
681980     INFO  main            d.u.i.k.p.i.AbstractProblemLoader Creating init config 
684437     DEBUG main            d.u.i.k.p.i.AbstractProblemLoader Init config took 2.46s 
684467     INFO  main            d.u.i.k.p.i.AbstractProblemLoader Replaying proof ReadWrite[java.lang.Object::<inv>()].JML accessible clause.0 
684468     DEBUG main            d.u.i.k.p.i.IntermediateProofReplayer Proof replay took 2.6ns 
684569     INFO  main            d.u.i.k.p.r.p.TestFile    ... finished proof: closed. 
685155     INFO  main            d.u.i.k.p.i.AbstractProblemLoader Loading environment from /home/runner/work/key/key/key.core/../key.ui/examples/heap/permissions/mulleretal/ReadWrite_inv1_accessible.key.proof 
685155     DEBUG main            d.u.i.k.p.i.AbstractProblemLoader Environment load took 74.4ns 
685155     INFO  main            d.u.i.k.p.i.AbstractProblemLoader Creating init config 
687584     DEBUG main            d.u.i.k.p.i.AbstractProblemLoader Init config took 2.43s 
687614     INFO  main            d.u.i.k.p.i.AbstractProblemLoader Replaying proof ReadWrite[java.lang.Object::<inv>()].JML accessible clause.0 
687617     DEBUG main            d.u.i.k.p.i.IntermediateProofReplayer Proof replay took 1.26ms 
687617     DEBUG main            d.u.i.k.p.r.p.TestFile    ... success: reloaded. 
687618     INFO  main            d.u.i.k.p.r.p.TestFile    Now processing file /home/runner/work/key/key/key.core/../key.ui/examples/heap/permissions/mulleretal/ReadWrite_inv2_accessible.key 
687618     INFO  main            d.u.i.k.p.i.AbstractProblemLoader Loading environment from /home/runner/work/key/key/key.core/../key.ui/examples/heap/permissions/mulleretal/ReadWrite_inv2_accessible.key 
687618     DEBUG main            d.u.i.k.p.i.AbstractProblemLoader Environment load took 40.3ns 
687619     INFO  main            d.u.i.k.p.i.AbstractProblemLoader Creating init config 
690074     DEBUG main            d.u.i.k.p.i.AbstractProblemLoader Init config took 2.46s 
690105     INFO  main            d.u.i.k.p.i.AbstractProblemLoader Replaying proof ReadWrite[java.lang.Object::<inv>()].JML accessible clause.1 
690106     DEBUG main            d.u.i.k.p.i.IntermediateProofReplayer Proof replay took 2.7ns 
690210     INFO  main            d.u.i.k.p.r.p.TestFile    ... finished proof: closed. 
690800     INFO  main            d.u.i.k.p.i.AbstractProblemLoader Loading environment from /home/runner/work/key/key/key.core/../key.ui/examples/heap/permissions/mulleretal/ReadWrite_inv2_accessible.key.proof 
690801     DEBUG main            d.u.i.k.p.i.AbstractProblemLoader Environment load took 71.9ns 
690801     INFO  main            d.u.i.k.p.i.AbstractProblemLoader Creating init config 
693221     DEBUG main            d.u.i.k.p.i.AbstractProblemLoader Init config took 2.42s 
693251     INFO  main            d.u.i.k.p.i.AbstractProblemLoader Replaying proof ReadWrite[java.lang.Object::<inv>()].JML accessible clause.1 
693253     DEBUG main            d.u.i.k.p.i.IntermediateProofReplayer Proof replay took 1.21ms 
693254     DEBUG main            d.u.i.k.p.r.p.TestFile    ... success: reloaded. 
693254     INFO  main            d.u.i.k.p.r.p.TestFile    Now processing file /home/runner/work/key/key/key.core/../key.ui/examples/heap/permissions/lockspec/Counter_lockConsistent_contract.key 
693254     INFO  main            d.u.i.k.p.i.AbstractProblemLoader Loading environment from /home/runner/work/key/key/key.core/../key.ui/examples/heap/permissions/lockspec/Counter_lockConsistent_contract.key 
693255     DEBUG main            d.u.i.k.p.i.AbstractProblemLoader Environment load took 39.5ns 
693255     INFO  main            d.u.i.k.p.i.AbstractProblemLoader Creating init config 
696262     DEBUG main            d.u.i.k.p.i.AbstractProblemLoader Init config took 3.01s 
696311     INFO  main            d.u.i.k.p.i.AbstractProblemLoader Replaying proof Counter[LockSpec::lockConsistent()].JML model_behavior operation contract.0 
696312     DEBUG main            d.u.i.k.p.i.IntermediateProofReplayer Proof replay took 2.4ns 
697244     INFO  main            d.u.i.k.p.r.p.TestFile    ... finished proof: closed. 
697858     INFO  main            d.u.i.k.p.i.AbstractProblemLoader Loading environment from /home/runner/work/key/key/key.core/../key.ui/examples/heap/permissions/lockspec/Counter_lockConsistent_contract.key.proof 
697858     DEBUG main            d.u.i.k.p.i.AbstractProblemLoader Environment load took 77.7ns 
697860     INFO  main            d.u.i.k.p.i.AbstractProblemLoader Creating init config 
700840     DEBUG main            d.u.i.k.p.i.AbstractProblemLoader Init config took 2.98s 
700927     INFO  main            d.u.i.k.p.i.AbstractProblemLoader Replaying proof Counter[LockSpec::lockConsistent()].JML model_behavior operation contract.0 
701162     DEBUG main            d.u.i.k.p.i.IntermediateProofReplayer Proof replay took 226.09ms 
701163     DEBUG main            d.u.i.k.p.r.p.TestFile    ... success: reloaded. 
701164     INFO  main            d.u.i.k.p.r.p.TestFile    Now processing file /home/runner/work/key/key/key.core/../key.ui/examples/heap/permissions/lockspec/Counter_increase_contract.key 
701164     INFO  main            d.u.i.k.p.i.AbstractProblemLoader Loading environment from /home/runner/work/key/key/key.core/../key.ui/examples/heap/permissions/lockspec/Counter_increase_contract.key 
701164     DEBUG main            d.u.i.k.p.i.AbstractProblemLoader Environment load took 164.9ns 
701167     INFO  main            d.u.i.k.p.i.AbstractProblemLoader Creating init config 
704408     DEBUG main            d.u.i.k.p.i.AbstractProblemLoader Init config took 3.24s 
704453     INFO  main            d.u.i.k.p.i.AbstractProblemLoader Replaying proof Counter[Counter::increase()].JML normal_behavior operation contract.0 
704458     DEBUG main            d.u.i.k.p.i.IntermediateProofReplayer Proof replay took 2.7ns 
706279     INFO  main            d.u.i.k.p.r.p.TestFile    ... finished proof: closed. 
706929     INFO  main            d.u.i.k.p.i.AbstractProblemLoader Loading environment from /home/runner/work/key/key/key.core/../key.ui/examples/heap/permissions/lockspec/Counter_increase_contract.key.proof 
706929     DEBUG main            d.u.i.k.p.i.AbstractProblemLoader Environment load took 141.5ns 
706931     INFO  main            d.u.i.k.p.i.AbstractProblemLoader Creating init config 
709922     DEBUG main            d.u.i.k.p.i.AbstractProblemLoader Init config took 2.99s 
709973     INFO  main            d.u.i.k.p.i.AbstractProblemLoader Replaying proof Counter[Counter::increase()].JML normal_behavior operation contract.0 
710154     DEBUG main            d.u.i.k.p.i.IntermediateProofReplayer Proof replay took 163.23ms 
710156     DEBUG main            d.u.i.k.p.r.p.TestFile    ... success: reloaded. 
710157     INFO  main            d.u.i.k.p.r.p.TestFile    Now processing file /home/runner/work/key/key/key.core/../key.ui/examples/heap/permissions/lockspec/Counter_fp_accessible.key 
710157     INFO  main            d.u.i.k.p.i.AbstractProblemLoader Loading environment from /home/runner/work/key/key/key.core/../key.ui/examples/heap/permissions/lockspec/Counter_fp_accessible.key 
710157     DEBUG main            d.u.i.k.p.i.AbstractProblemLoader Environment load took 163.8ns 
710158     INFO  main            d.u.i.k.p.i.AbstractProblemLoader Creating init config 
713234     DEBUG main            d.u.i.k.p.i.AbstractProblemLoader Init config took 3.08s 
713299     INFO  main            d.u.i.k.p.i.AbstractProblemLoader Replaying proof Counter[LockSpec::fp()].JML accessible clause.0 
713300     DEBUG main            d.u.i.k.p.i.IntermediateProofReplayer Proof replay took 2.5ns 
713401     INFO  main            d.u.i.k.p.r.p.TestFile    ... finished proof: closed. 
713993     INFO  main            d.u.i.k.p.i.AbstractProblemLoader Loading environment from /home/runner/work/key/key/key.core/../key.ui/examples/heap/permissions/lockspec/Counter_fp_accessible.key.proof 
713993     DEBUG main            d.u.i.k.p.i.AbstractProblemLoader Environment load took 69.5ns 
713994     INFO  main            d.u.i.k.p.i.AbstractProblemLoader Creating init config 
716953     DEBUG main            d.u.i.k.p.i.AbstractProblemLoader Init config took 2.96s 
717008     INFO  main            d.u.i.k.p.i.AbstractProblemLoader Replaying proof Counter[LockSpec::fp()].JML accessible clause.0 
717016     DEBUG main            d.u.i.k.p.i.IntermediateProofReplayer Proof replay took 7.28ms 
717017     DEBUG main            d.u.i.k.p.r.p.TestFile    ... success: reloaded. 
717018     INFO  main            d.u.i.k.p.r.p.TestFile    Now processing file /home/runner/work/key/key/key.core/../key.ui/examples/heap/permissions/lockspec/Counter_fpLock_accessible.key 
717019     INFO  main            d.u.i.k.p.i.AbstractProblemLoader Loading environment from /home/runner/work/key/key/key.core/../key.ui/examples/heap/permissions/lockspec/Counter_fpLock_accessible.key 
717019     DEBUG main            d.u.i.k.p.i.AbstractProblemLoader Environment load took 81.7ns 
717019     INFO  main            d.u.i.k.p.i.AbstractProblemLoader Creating init config 
720298     DEBUG main            d.u.i.k.p.i.AbstractProblemLoader Init config took 3.28s 
720345     INFO  main            d.u.i.k.p.i.AbstractProblemLoader Replaying proof Counter[LockSpec::fpLock()].JML accessible clause.0 
720347     DEBUG main            d.u.i.k.p.i.IntermediateProofReplayer Proof replay took 3ns 
720448     INFO  main            d.u.i.k.p.r.p.TestFile    ... finished proof: closed. 
721052     INFO  main            d.u.i.k.p.i.AbstractProblemLoader Loading environment from /home/runner/work/key/key/key.core/../key.ui/examples/heap/permissions/lockspec/Counter_fpLock_accessible.key.proof 
721052     DEBUG main            d.u.i.k.p.i.AbstractProblemLoader Environment load took 82.7ns 
721053     INFO  main            d.u.i.k.p.i.AbstractProblemLoader Creating init config 
723992     DEBUG main            d.u.i.k.p.i.AbstractProblemLoader Init config took 2.94s 
724045     INFO  main            d.u.i.k.p.i.AbstractProblemLoader Replaying proof Counter[LockSpec::fpLock()].JML accessible clause.0 
724054     DEBUG main            d.u.i.k.p.i.IntermediateProofReplayer Proof replay took 7.07ms 
724055     DEBUG main            d.u.i.k.p.r.p.TestFile    ... success: reloaded. 
724055     INFO  main            d.u.i.k.p.r.p.TestFile    Now processing file /home/runner/work/key/key/key.core/../key.ui/examples/heap/permissions/lockspec/Counter_fpPerm_accessible.key 
724056     INFO  main            d.u.i.k.p.i.AbstractProblemLoader Loading environment from /home/runner/work/key/key/key.core/../key.ui/examples/heap/permissions/lockspec/Counter_fpPerm_accessible.key 
724056     DEBUG main            d.u.i.k.p.i.AbstractProblemLoader Environment load took 89.1ns 
724056     INFO  main            d.u.i.k.p.i.AbstractProblemLoader Creating init config 
727054     DEBUG main            d.u.i.k.p.i.AbstractProblemLoader Init config took 3s 
727100     INFO  main            d.u.i.k.p.i.AbstractProblemLoader Replaying proof Counter[LockSpec::fpPerm()].JML accessible clause.0 
727101     DEBUG main            d.u.i.k.p.i.IntermediateProofReplayer Proof replay took 2.3ns 
727205     INFO  main            d.u.i.k.p.r.p.TestFile    ... finished proof: closed. 
727818     INFO  main            d.u.i.k.p.i.AbstractProblemLoader Loading environment from /home/runner/work/key/key/key.core/../key.ui/examples/heap/permissions/lockspec/Counter_fpPerm_accessible.key.proof 
727818     DEBUG main            d.u.i.k.p.i.AbstractProblemLoader Environment load took 66.8ns 
727819     INFO  main            d.u.i.k.p.i.AbstractProblemLoader Creating init config 
730758     DEBUG main            d.u.i.k.p.i.AbstractProblemLoader Init config took 2.94s 
730814     INFO  main            d.u.i.k.p.i.AbstractProblemLoader Replaying proof Counter[LockSpec::fpPerm()].JML accessible clause.0 
730830     DEBUG main            d.u.i.k.p.i.IntermediateProofReplayer Proof replay took 13.99ms 
730842     DEBUG main            d.u.i.k.p.r.p.TestFile    ... success: reloaded. 
730843     INFO  main            d.u.i.k.p.r.p.TestFile    Now processing file /home/runner/work/key/key/key.core/../key.ui/examples/heap/permissions/lockspec/Counter_inv_accessible1.key 
730843     INFO  main            d.u.i.k.p.i.AbstractProblemLoader Loading environment from /home/runner/work/key/key/key.core/../key.ui/examples/heap/permissions/lockspec/Counter_inv_accessible1.key 
730843     DEBUG main            d.u.i.k.p.i.AbstractProblemLoader Environment load took 171.3ns 
730844     INFO  main            d.u.i.k.p.i.AbstractProblemLoader Creating init config 
734031     DEBUG main            d.u.i.k.p.i.AbstractProblemLoader Init config took 3.19s 
734098     INFO  main            d.u.i.k.p.i.AbstractProblemLoader Replaying proof Counter[java.lang.Object::<inv>()].JML accessible clause.0 
734100     DEBUG main            d.u.i.k.p.i.IntermediateProofReplayer Proof replay took 3.6ns 
734201     INFO  main            d.u.i.k.p.r.p.TestFile    ... finished proof: closed. 
734824     INFO  main            d.u.i.k.p.i.AbstractProblemLoader Loading environment from /home/runner/work/key/key/key.core/../key.ui/examples/heap/permissions/lockspec/Counter_inv_accessible1.key.proof 
734824     DEBUG main            d.u.i.k.p.i.AbstractProblemLoader Environment load took 71.9ns 
734825     INFO  main            d.u.i.k.p.i.AbstractProblemLoader Creating init config 
737742     DEBUG main            d.u.i.k.p.i.AbstractProblemLoader Init config took 2.92s 
737811     INFO  main            d.u.i.k.p.i.AbstractProblemLoader Replaying proof Counter[java.lang.Object::<inv>()].JML accessible clause.0 
737821     DEBUG main            d.u.i.k.p.i.IntermediateProofReplayer Proof replay took 8.41ms 
737822     DEBUG main            d.u.i.k.p.r.p.TestFile    ... success: reloaded. 
737822     INFO  main            d.u.i.k.p.r.p.TestFile    Now processing file /home/runner/work/key/key/key.core/../key.ui/examples/heap/permissions/lockspec/Counter_inv_accessible2.key 
737823     INFO  main            d.u.i.k.p.i.AbstractProblemLoader Loading environment from /home/runner/work/key/key/key.core/../key.ui/examples/heap/permissions/lockspec/Counter_inv_accessible2.key 
737823     DEBUG main            d.u.i.k.p.i.AbstractProblemLoader Environment load took 69.1ns 
737823     INFO  main            d.u.i.k.p.i.AbstractProblemLoader Creating init config 
740858     DEBUG main            d.u.i.k.p.i.AbstractProblemLoader Init config took 3.03s 
740906     INFO  main            d.u.i.k.p.i.AbstractProblemLoader Replaying proof Counter[java.lang.Object::<inv>()].JML accessible clause.1 
740907     DEBUG main            d.u.i.k.p.i.IntermediateProofReplayer Proof replay took 2.6ns 
741010     INFO  main            d.u.i.k.p.r.p.TestFile    ... finished proof: closed. 
741641     INFO  main            d.u.i.k.p.i.AbstractProblemLoader Loading environment from /home/runner/work/key/key/key.core/../key.ui/examples/heap/permissions/lockspec/Counter_inv_accessible2.key.proof 
741641     DEBUG main            d.u.i.k.p.i.AbstractProblemLoader Environment load took 83.5ns 
741641     INFO  main            d.u.i.k.p.i.AbstractProblemLoader Creating init config 
744704     DEBUG main            d.u.i.k.p.i.AbstractProblemLoader Init config took 3.06s 
744758     INFO  main            d.u.i.k.p.i.AbstractProblemLoader Replaying proof Counter[java.lang.Object::<inv>()].JML accessible clause.1 
744769     DEBUG main            d.u.i.k.p.i.IntermediateProofReplayer Proof replay took 8.4ms 
744770     DEBUG main            d.u.i.k.p.r.p.TestFile    ... success: reloaded. 
744770     INFO  main            d.u.i.k.p.r.p.TestFile    Now processing file /home/runner/work/key/key/key.core/../key.ui/examples/heap/permissions/lockspec/Counter_lockRef_accessible.key 
744771     INFO  main            d.u.i.k.p.i.AbstractProblemLoader Loading environment from /home/runner/work/key/key/key.core/../key.ui/examples/heap/permissions/lockspec/Counter_lockRef_accessible.key 
744771     DEBUG main            d.u.i.k.p.i.AbstractProblemLoader Environment load took 220.6ns 
744772     INFO  main            d.u.i.k.p.i.AbstractProblemLoader Creating init config 
747785     DEBUG main            d.u.i.k.p.i.AbstractProblemLoader Init config took 3.01s 
747832     INFO  main            d.u.i.k.p.i.AbstractProblemLoader Replaying proof Counter[LockSpec::lockRef()].JML accessible clause.0 
747833     DEBUG main            d.u.i.k.p.i.IntermediateProofReplayer Proof replay took 3ns 
748035     INFO  main            d.u.i.k.p.r.p.TestFile    ... finished proof: closed. 
748673     INFO  main            d.u.i.k.p.i.AbstractProblemLoader Loading environment from /home/runner/work/key/key/key.core/../key.ui/examples/heap/permissions/lockspec/Counter_lockRef_accessible.key.proof 
748673     DEBUG main            d.u.i.k.p.i.AbstractProblemLoader Environment load took 73.9ns 
748674     INFO  main            d.u.i.k.p.i.AbstractProblemLoader Creating init config 
751615     DEBUG main            d.u.i.k.p.i.AbstractProblemLoader Init config took 2.94s 
751668     INFO  main            d.u.i.k.p.i.AbstractProblemLoader Replaying proof Counter[LockSpec::lockRef()].JML accessible clause.0 
751697     DEBUG main            d.u.i.k.p.i.IntermediateProofReplayer Proof replay took 26.77ms 
751698     DEBUG main            d.u.i.k.p.r.p.TestFile    ... success: reloaded. 
751699     INFO  main            d.u.i.k.p.r.p.TestFile    Now processing file /home/runner/work/key/key/key.core/../key.ui/examples/heap/permissions/lockspec/Counter_lockRef_contract1.key 
751699     INFO  main            d.u.i.k.p.i.AbstractProblemLoader Loading environment from /home/runner/work/key/key/key.core/../key.ui/examples/heap/permissions/lockspec/Counter_lockRef_contract1.key 
751700     DEBUG main            d.u.i.k.p.i.AbstractProblemLoader Environment load took 213.8ns 
751700     INFO  main            d.u.i.k.p.i.AbstractProblemLoader Creating init config 
754695     DEBUG main            d.u.i.k.p.i.AbstractProblemLoader Init config took 2.99s 
754742     INFO  main            d.u.i.k.p.i.AbstractProblemLoader Replaying proof Counter[LockSpec::lockRef()].JML model_behavior operation contract.0 
754743     DEBUG main            d.u.i.k.p.i.IntermediateProofReplayer Proof replay took 3ns 
754845     INFO  main            d.u.i.k.p.r.p.TestFile    ... finished proof: closed. 
755485     INFO  main            d.u.i.k.p.i.AbstractProblemLoader Loading environment from /home/runner/work/key/key/key.core/../key.ui/examples/heap/permissions/lockspec/Counter_lockRef_contract1.key.proof 
755485     DEBUG main            d.u.i.k.p.i.AbstractProblemLoader Environment load took 71.8ns 
755485     INFO  main            d.u.i.k.p.i.AbstractProblemLoader Creating init config 
758424     DEBUG main            d.u.i.k.p.i.AbstractProblemLoader Init config took 2.94s 
758477     INFO  main            d.u.i.k.p.i.AbstractProblemLoader Replaying proof Counter[LockSpec::lockRef()].JML model_behavior operation contract.0 
758482     DEBUG main            d.u.i.k.p.i.IntermediateProofReplayer Proof replay took 3.53ms 
758482     DEBUG main            d.u.i.k.p.r.p.TestFile    ... success: reloaded. 
758483     INFO  main            d.u.i.k.p.r.p.TestFile    Now processing file /home/runner/work/key/key/key.core/../key.ui/examples/heap/permissions/lockspec/Counter_lockRef_contract2.key 
758483     INFO  main            d.u.i.k.p.i.AbstractProblemLoader Loading environment from /home/runner/work/key/key/key.core/../key.ui/examples/heap/permissions/lockspec/Counter_lockRef_contract2.key 
758483     DEBUG main            d.u.i.k.p.i.AbstractProblemLoader Environment load took 167.6ns 
758484     INFO  main            d.u.i.k.p.i.AbstractProblemLoader Creating init config 
761597     DEBUG main            d.u.i.k.p.i.AbstractProblemLoader Init config took 3.11s 
761645     INFO  main            d.u.i.k.p.i.AbstractProblemLoader Replaying proof Counter[Counter::lockRef()].JML model_behavior operation contract.0 
761646     DEBUG main            d.u.i.k.p.i.IntermediateProofReplayer Proof replay took 2.4ns 
761750     INFO  main            d.u.i.k.p.r.p.TestFile    ... finished proof: closed. 
762397     INFO  main            d.u.i.k.p.i.AbstractProblemLoader Loading environment from /home/runner/work/key/key/key.core/../key.ui/examples/heap/permissions/lockspec/Counter_lockRef_contract2.key.proof 
762397     DEBUG main            d.u.i.k.p.i.AbstractProblemLoader Environment load took 69ns 
762398     INFO  main            d.u.i.k.p.i.AbstractProblemLoader Creating init config 
765346     DEBUG main            d.u.i.k.p.i.AbstractProblemLoader Init config took 2.95s 
765401     INFO  main            d.u.i.k.p.i.AbstractProblemLoader Replaying proof Counter[Counter::lockRef()].JML model_behavior operation contract.0 
765406     DEBUG main            d.u.i.k.p.i.IntermediateProofReplayer Proof replay took 3.55ms 
765407     DEBUG main            d.u.i.k.p.r.p.TestFile    ... success: reloaded. 
765408     INFO  main            d.u.i.k.p.r.p.TestFile    Now processing file /home/runner/work/key/key/key.core/../key.ui/examples/heap/permissions/lockspec/Counter_lockState_accessible.key 
765408     INFO  main            d.u.i.k.p.i.AbstractProblemLoader Loading environment from /home/runner/work/key/key/key.core/../key.ui/examples/heap/permissions/lockspec/Counter_lockState_accessible.key 
765408     DEBUG main            d.u.i.k.p.i.AbstractProblemLoader Environment load took 154.4ns 
765409     INFO  main            d.u.i.k.p.i.AbstractProblemLoader Creating init config 
768422     DEBUG main            d.u.i.k.p.i.AbstractProblemLoader Init config took 3.01s 
768469     INFO  main            d.u.i.k.p.i.AbstractProblemLoader Replaying proof Counter[LockSpec::lockState(boolean)].JML accessible clause.0 
768470     DEBUG main            d.u.i.k.p.i.IntermediateProofReplayer Proof replay took 2.7ns 
768671     INFO  main            d.u.i.k.p.r.p.TestFile    ... finished proof: closed. 
769327     INFO  main            d.u.i.k.p.i.AbstractProblemLoader Loading environment from /home/runner/work/key/key/key.core/../key.ui/examples/heap/permissions/lockspec/Counter_lockState_accessible.key.proof 
769327     DEBUG main            d.u.i.k.p.i.AbstractProblemLoader Environment load took 75.1ns 
769328     INFO  main            d.u.i.k.p.i.AbstractProblemLoader Creating init config 
772413     DEBUG main            d.u.i.k.p.i.AbstractProblemLoader Init config took 3.08s 
772482     INFO  main            d.u.i.k.p.i.AbstractProblemLoader Replaying proof Counter[LockSpec::lockState(boolean)].JML accessible clause.0 
772520     DEBUG main            d.u.i.k.p.i.IntermediateProofReplayer Proof replay took 36.05ms 
772521     DEBUG main            d.u.i.k.p.r.p.TestFile    ... success: reloaded. 
772522     INFO  main            d.u.i.k.p.r.p.TestFile    Now processing file /home/runner/work/key/key/key.core/../key.ui/examples/heap/permissions/lockspec/Counter_lockStatus_accessible.key 
772522     INFO  main            d.u.i.k.p.i.AbstractProblemLoader Loading environment from /home/runner/work/key/key/key.core/../key.ui/examples/heap/permissions/lockspec/Counter_lockStatus_accessible.key 
772522     DEBUG main            d.u.i.k.p.i.AbstractProblemLoader Environment load took 162.1ns 
772523     INFO  main            d.u.i.k.p.i.AbstractProblemLoader Creating init config 
775551     DEBUG main            d.u.i.k.p.i.AbstractProblemLoader Init config took 3.03s 
775616     INFO  main            d.u.i.k.p.i.AbstractProblemLoader Replaying proof Counter[LockSpec::lockStatus(boolean)].JML accessible clause.0 
775619     DEBUG main            d.u.i.k.p.i.IntermediateProofReplayer Proof replay took 2.8ns 
775720     INFO  main            d.u.i.k.p.r.p.TestFile    ... finished proof: closed. 
776374     INFO  main            d.u.i.k.p.i.AbstractProblemLoader Loading environment from /home/runner/work/key/key/key.core/../key.ui/examples/heap/permissions/lockspec/Counter_lockStatus_accessible.key.proof 
776374     DEBUG main            d.u.i.k.p.i.AbstractProblemLoader Environment load took 75.1ns 
776375     INFO  main            d.u.i.k.p.i.AbstractProblemLoader Creating init config 
779325     DEBUG main            d.u.i.k.p.i.AbstractProblemLoader Init config took 2.95s 
779382     INFO  main            d.u.i.k.p.i.AbstractProblemLoader Replaying proof Counter[LockSpec::lockStatus(boolean)].JML accessible clause.0 
779401     DEBUG main            d.u.i.k.p.i.IntermediateProofReplayer Proof replay took 17.24ms 
779402     DEBUG main            d.u.i.k.p.r.p.TestFile    ... success: reloaded. 
779403     INFO  main            d.u.i.k.p.r.p.TestFile    Now processing file /home/runner/work/key/key/key.core/../key.ui/examples/heap/permissions/lockspec/Counter_lockTransfer_accessible.key 
779403     INFO  main            d.u.i.k.p.i.AbstractProblemLoader Loading environment from /home/runner/work/key/key/key.core/../key.ui/examples/heap/permissions/lockspec/Counter_lockTransfer_accessible.key 
779403     DEBUG main            d.u.i.k.p.i.AbstractProblemLoader Environment load took 72.2ns 
779404     INFO  main            d.u.i.k.p.i.AbstractProblemLoader Creating init config 
782471     DEBUG main            d.u.i.k.p.i.AbstractProblemLoader Init config took 3.07s 
782518     INFO  main            d.u.i.k.p.i.AbstractProblemLoader Replaying proof Counter[LockSpec::lockTransfer()].JML accessible clause.0 
782519     DEBUG main            d.u.i.k.p.i.IntermediateProofReplayer Proof replay took 2.7ns 
782821     INFO  main            d.u.i.k.p.r.p.TestFile    ... finished proof: closed. 
783497     INFO  main            d.u.i.k.p.i.AbstractProblemLoader Loading environment from /home/runner/work/key/key/key.core/../key.ui/examples/heap/permissions/lockspec/Counter_lockTransfer_accessible.key.proof 
783497     DEBUG main            d.u.i.k.p.i.AbstractProblemLoader Environment load took 75.2ns 
783498     INFO  main            d.u.i.k.p.i.AbstractProblemLoader Creating init config 
786446     DEBUG main            d.u.i.k.p.i.AbstractProblemLoader Init config took 2.95s 
786512     INFO  main            d.u.i.k.p.i.AbstractProblemLoader Replaying proof Counter[LockSpec::lockTransfer()].JML accessible clause.0 
786570     DEBUG main            d.u.i.k.p.i.IntermediateProofReplayer Proof replay took 54.75ms 
786571     DEBUG main            d.u.i.k.p.r.p.TestFile    ... success: reloaded. 
786571     INFO  main            d.u.i.k.p.r.p.TestFile    Now processing file /home/runner/work/key/key/key.core/../key.ui/examples/heap/permissions/lockspec/Counter_unlockTransfer_accessible.key 
786572     INFO  main            d.u.i.k.p.i.AbstractProblemLoader Loading environment from /home/runner/work/key/key/key.core/../key.ui/examples/heap/permissions/lockspec/Counter_unlockTransfer_accessible.key 
786572     DEBUG main            d.u.i.k.p.i.AbstractProblemLoader Environment load took 82.2ns 
786573     INFO  main            d.u.i.k.p.i.AbstractProblemLoader Creating init config 
789623     DEBUG main            d.u.i.k.p.i.AbstractProblemLoader Init config took 3.05s 
789671     INFO  main            d.u.i.k.p.i.AbstractProblemLoader Replaying proof Counter[LockSpec::unlockTransfer()].JML accessible clause.0 
789672     DEBUG main            d.u.i.k.p.i.IntermediateProofReplayer Proof replay took 2.6ns 
789975     INFO  main            d.u.i.k.p.r.p.TestFile    ... finished proof: closed. 
790667     INFO  main            d.u.i.k.p.i.AbstractProblemLoader Loading environment from /home/runner/work/key/key/key.core/../key.ui/examples/heap/permissions/lockspec/Counter_unlockTransfer_accessible.key.proof 
790667     DEBUG main            d.u.i.k.p.i.AbstractProblemLoader Environment load took 74ns 
790668     INFO  main            d.u.i.k.p.i.AbstractProblemLoader Creating init config 
793624     DEBUG main            d.u.i.k.p.i.AbstractProblemLoader Init config took 2.96s 
793678     INFO  main            d.u.i.k.p.i.AbstractProblemLoader Replaying proof Counter[LockSpec::unlockTransfer()].JML accessible clause.0 
793748     DEBUG main            d.u.i.k.p.i.IntermediateProofReplayer Proof replay took 66.22ms 
793749     DEBUG main            d.u.i.k.p.r.p.TestFile    ... success: reloaded. 
793750     INFO  main            d.u.i.k.p.r.p.TestFile    Now processing file /home/runner/work/key/key/key.core/../key.ui/examples/heap/permissions/threads/Plotter_startTransfer_contract.proof 
793750     INFO  main            d.u.i.k.p.i.AbstractProblemLoader Loading environment from /home/runner/work/key/key/key.core/../key.ui/examples/heap/permissions/threads/Plotter_startTransfer_contract.proof 
793750     DEBUG main            d.u.i.k.p.i.AbstractProblemLoader Environment load took 160.9ns 
793751     INFO  main            d.u.i.k.p.i.AbstractProblemLoader Creating init config 
798425     DEBUG main            d.u.i.k.p.i.AbstractProblemLoader Init config took 4.67s 
798563     INFO  main            d.u.i.k.p.i.AbstractProblemLoader Replaying proof Plotter[ThreadSpec2::startTransfer()].JML model_behavior operation contract.0 
798690     DEBUG main            d.u.i.k.p.i.IntermediateProofReplayer Proof replay took 119.59ms 
798691     INFO  main            d.u.i.k.p.r.p.TestFile    ... success: loaded 
798700     INFO  main            d.u.i.k.p.r.p.TestFile    Now processing file /home/runner/work/key/key/key.core/../key.ui/examples/heap/permissions/threads/Plotter_startTransfer_accessible.proof 
798700     INFO  main            d.u.i.k.p.i.AbstractProblemLoader Loading environment from /home/runner/work/key/key/key.core/../key.ui/examples/heap/permissions/threads/Plotter_startTransfer_accessible.proof 
798701     DEBUG main            d.u.i.k.p.i.AbstractProblemLoader Environment load took 161.9ns 
798701     INFO  main            d.u.i.k.p.i.AbstractProblemLoader Creating init config 
803240     DEBUG main            d.u.i.k.p.i.AbstractProblemLoader Init config took 4.54s 
803317     INFO  main            d.u.i.k.p.i.AbstractProblemLoader Replaying proof Plotter[ThreadSpec2::startTransfer()].JML accessible clause.0 
803375     DEBUG main            d.u.i.k.p.i.IntermediateProofReplayer Proof replay took 54.12ms 
803375     INFO  main            d.u.i.k.p.r.p.TestFile    ... success: loaded 
803376     INFO  main            d.u.i.k.p.r.p.TestFile    Now processing file /home/runner/work/key/key/key.core/../key.ui/examples/heap/permissions/threads/Plotter_joinTransfer_accessible.proof 
803376     INFO  main            d.u.i.k.p.i.AbstractProblemLoader Loading environment from /home/runner/work/key/key/key.core/../key.ui/examples/heap/permissions/threads/Plotter_joinTransfer_accessible.proof 
803376     DEBUG main            d.u.i.k.p.i.AbstractProblemLoader Environment load took 66.9ns 
803377     INFO  main            d.u.i.k.p.i.AbstractProblemLoader Creating init config 
807906     DEBUG main            d.u.i.k.p.i.AbstractProblemLoader Init config took 4.53s 
807988     INFO  main            d.u.i.k.p.i.AbstractProblemLoader Replaying proof Plotter[ThreadSpec2::joinTransfer()].JML accessible clause.0 
807996     WARN  main            d.u.i.k.p.i.IntermediateProofReplayer Proof contains wrong number of \assumes instatiations for Definition_axiom_for_stateInv_in_Plotter 
807998     WARN  main            d.u.i.k.p.i.IntermediateProofReplayer Proof contains wrong number of \assumes instatiations for Definition_axiom_for_stateInv_in_Plotter 
808000     WARN  main            d.u.i.k.p.i.IntermediateProofReplayer Proof contains wrong number of \assumes instatiations for Definition_axiom_for_workingPermissions_in_Plotter 
808000     WARN  main            d.u.i.k.p.i.IntermediateProofReplayer Proof contains wrong number of \assumes instatiations for Definition_axiom_for_staticPermissions_in_Plotter 
808001     WARN  main            d.u.i.k.p.i.IntermediateProofReplayer Proof contains wrong number of \assumes instatiations for Definition_axiom_for_joinTransfer_in_Plotter 
808002     WARN  main            d.u.i.k.p.i.IntermediateProofReplayer Proof contains wrong number of \assumes instatiations for Definition_axiom_for_stateInv_in_BFilter 
808004     WARN  main            d.u.i.k.p.i.IntermediateProofReplayer Proof contains wrong number of \assumes instatiations for Definition_axiom_for_stateInv_in_AFilter 
808005     WARN  main            d.u.i.k.p.i.IntermediateProofReplayer Proof contains wrong number of \assumes instatiations for Definition_axiom_for_stateInv_in_BFilter 
808007     WARN  main            d.u.i.k.p.i.IntermediateProofReplayer Proof contains wrong number of \assumes instatiations for Definition_axiom_for_stateInv_in_AFilter 
808012     WARN  main            d.u.i.k.p.i.IntermediateProofReplayer Proof contains wrong number of \assumes instatiations for Definition_axiom_for_staticPermissions_in_AFilter 
808012     WARN  main            d.u.i.k.p.i.IntermediateProofReplayer Proof contains wrong number of \assumes instatiations for Definition_axiom_for_staticPermissions_in_Plotter 
808013     WARN  main            d.u.i.k.p.i.IntermediateProofReplayer Proof contains wrong number of \assumes instatiations for Definition_axiom_for_staticPermissions_in_BFilter 
808013     WARN  main            d.u.i.k.p.i.IntermediateProofReplayer Proof contains wrong number of \assumes instatiations for Definition_axiom_for_workingPermissions_in_Plotter 
808014     WARN  main            d.u.i.k.p.i.IntermediateProofReplayer Proof contains wrong number of \assumes instatiations for Definition_axiom_for_stateInv_in_Sampler 
808015     WARN  main            d.u.i.k.p.i.IntermediateProofReplayer Proof contains wrong number of \assumes instatiations for Definition_axiom_for_stateInv_in_Sampler 
808016     WARN  main            d.u.i.k.p.i.IntermediateProofReplayer Proof contains wrong number of \assumes instatiations for Definition_axiom_for_staticPermissions_in_Sampler 
808016     WARN  main            d.u.i.k.p.i.IntermediateProofReplayer Proof contains wrong number of \assumes instatiations for Definition_axiom_for_staticPermissions_in_BFilter 
808017     WARN  main            d.u.i.k.p.i.IntermediateProofReplayer Proof contains wrong number of \assumes instatiations for Definition_axiom_for_staticPermissions_in_AFilter 
808017     WARN  main            d.u.i.k.p.i.IntermediateProofReplayer Proof contains wrong number of \assumes instatiations for Definition_axiom_for_staticPermissions_in_Sampler 
808018     WARN  main            d.u.i.k.p.i.IntermediateProofReplayer Proof contains wrong number of \assumes instatiations for Definition_axiom_for_staticPermissions_in_Sampler 
808019     WARN  main            d.u.i.k.p.i.IntermediateProofReplayer Proof contains wrong number of \assumes instatiations for Definition_axiom_for_staticPermissions_in_Sampler 
808019     WARN  main            d.u.i.k.p.i.IntermediateProofReplayer Proof contains wrong number of \assumes instatiations for Definition_axiom_for_joinTransfer_in_Plotter 
808081     DEBUG main            d.u.i.k.p.i.IntermediateProofReplayer Proof replay took 87.97ms 
808081     INFO  main            d.u.i.k.p.r.p.TestFile    ... success: loaded 
4894771    INFO  Test worker     d.u.i.k.p.r.RunAllProofsTestUnit Returning from test permissionHeap 
4894772    INFO  Test worker     d.u.i.k.p.r.RunAllProofsTestUnit Running test completionScopes 
341        INFO  Timeout watchdog d.u.i.k.p.r.p.ForkedTestFileRunner Timeout watcher launched (2000 secs.) 
351        WARN  main            d.u.i.k.s.ProofSettings   The settings in /home/runner/.key/proof-settings.props are *not* read. 
402        INFO  main            d.u.i.k.p.r.p.TestFile    Now processing file /home/runner/work/key/key/key.core/../key.ui/examples/completionscopes/testCcatchReturnVal.key 
509        INFO  main            d.u.i.k.p.i.AbstractProblemLoader Loading environment from /home/runner/work/key/key/key.core/../key.ui/examples/completionscopes/testCcatchReturnVal.key 
529        DEBUG main            d.u.i.k.p.i.AbstractProblemLoader Environment load took 1.82ms 
748        INFO  main            d.u.i.k.p.i.AbstractProblemLoader Creating init config 
1662       DEBUG main            d.u.i.k.j.TypeConverter   No LDT found for Meta 
1665       DEBUG main            d.u.i.k.j.TypeConverter   No LDT found for Meta 
1666       DEBUG main            d.u.i.k.j.TypeConverter   No LDT found for Meta 
1667       DEBUG main            d.u.i.k.j.TypeConverter   No LDT found for Meta 
3010       DEBUG main            d.u.i.k.j.TypeConverter   No LDT found for JavaBigintExpression 
8274       DEBUG main            d.u.i.k.p.i.AbstractProblemLoader Init config took 7.53s 
8452       INFO  main            d.u.i.k.p.i.AbstractProblemLoader Replaying proof CompletionScopes[CompletionScopes::testCcatchReturnVal()].JML normal_behavior operation contract.0 
8484       DEBUG main            d.u.i.k.p.i.IntermediateProofReplayer Proof replay took 30.2ns 
8931       INFO  main            d.u.i.k.p.r.p.TestFile    ... finished proof: closed. 
9049       INFO  main            d.u.i.k.p.i.AbstractProblemLoader Loading environment from /home/runner/work/key/key/key.core/../key.ui/examples/completionscopes/testCcatchReturnVal.key.proof 
9049       DEBUG main            d.u.i.k.p.i.AbstractProblemLoader Environment load took 139.9ns 
9053       INFO  main            d.u.i.k.p.i.AbstractProblemLoader Creating init config 
11981      DEBUG main            d.u.i.k.p.i.AbstractProblemLoader Init config took 2.93s 
12057      INFO  main            d.u.i.k.p.i.AbstractProblemLoader Replaying proof CompletionScopes[CompletionScopes::testCcatchReturnVal()].JML normal_behavior operation contract.0 
12087      DEBUG main            d.u.i.k.p.i.IntermediateProofReplayer Proof replay took 25.9ms 
12094      DEBUG main            d.u.i.k.p.r.p.TestFile    ... success: reloaded. 
12095      INFO  main            d.u.i.k.p.r.p.TestFile    Now processing file /home/runner/work/key/key/key.core/../key.ui/examples/completionscopes/testMultCcatchClauses.key 
12096      INFO  main            d.u.i.k.p.i.AbstractProblemLoader Loading environment from /home/runner/work/key/key/key.core/../key.ui/examples/completionscopes/testMultCcatchClauses.key 
12096      DEBUG main            d.u.i.k.p.i.AbstractProblemLoader Environment load took 200.1ns 
12098      INFO  main            d.u.i.k.p.i.AbstractProblemLoader Creating init config 
14972      DEBUG main            d.u.i.k.p.i.AbstractProblemLoader Init config took 2.87s 
15029      INFO  main            d.u.i.k.p.i.AbstractProblemLoader Replaying proof CompletionScopes[CompletionScopes::testMultCcatchClauses()].JML normal_behavior operation contract.0 
15032      DEBUG main            d.u.i.k.p.i.IntermediateProofReplayer Proof replay took 7.6ns 
15336      INFO  main            d.u.i.k.p.r.p.TestFile    ... finished proof: closed. 
15476      INFO  main            d.u.i.k.p.i.AbstractProblemLoader Loading environment from /home/runner/work/key/key/key.core/../key.ui/examples/completionscopes/testMultCcatchClauses.key.proof 
15477      DEBUG main            d.u.i.k.p.i.AbstractProblemLoader Environment load took 385.6ns 
15481      INFO  main            d.u.i.k.p.i.AbstractProblemLoader Creating init config 
18207      DEBUG main            d.u.i.k.p.i.AbstractProblemLoader Init config took 2.73s 
18257      INFO  main            d.u.i.k.p.i.AbstractProblemLoader Replaying proof CompletionScopes[CompletionScopes::testMultCcatchClauses()].JML normal_behavior operation contract.0 
18359      DEBUG main            d.u.i.k.p.i.IntermediateProofReplayer Proof replay took 98.62ms 
18361      DEBUG main            d.u.i.k.p.r.p.TestFile    ... success: reloaded. 
18363      INFO  main            d.u.i.k.p.r.p.TestFile    Now processing file /home/runner/work/key/key/key.core/../key.ui/examples/completionscopes/testNestedExec.key 
18364      INFO  main            d.u.i.k.p.i.AbstractProblemLoader Loading environment from /home/runner/work/key/key/key.core/../key.ui/examples/completionscopes/testNestedExec.key 
18364      DEBUG main            d.u.i.k.p.i.AbstractProblemLoader Environment load took 189.1ns 
18366      INFO  main            d.u.i.k.p.i.AbstractProblemLoader Creating init config 
21108      DEBUG main            d.u.i.k.p.i.AbstractProblemLoader Init config took 2.74s 
21157      INFO  main            d.u.i.k.p.i.AbstractProblemLoader Replaying proof CompletionScopes[CompletionScopes::testMultCcatchClauses()].JML normal_behavior operation contract.0 
21160      DEBUG main            d.u.i.k.p.i.IntermediateProofReplayer Proof replay took 6.5ns 
21463      INFO  main            d.u.i.k.p.r.p.TestFile    ... finished proof: closed. 
21604      INFO  main            d.u.i.k.p.i.AbstractProblemLoader Loading environment from /home/runner/work/key/key/key.core/../key.ui/examples/completionscopes/testNestedExec.key.proof 
21604      DEBUG main            d.u.i.k.p.i.AbstractProblemLoader Environment load took 344.2ns 
21606      INFO  main            d.u.i.k.p.i.AbstractProblemLoader Creating init config 
24268      DEBUG main            d.u.i.k.p.i.AbstractProblemLoader Init config took 2.66s 
24314      INFO  main            d.u.i.k.p.i.AbstractProblemLoader Replaying proof CompletionScopes[CompletionScopes::testMultCcatchClauses()].JML normal_behavior operation contract.0 
24378      DEBUG main            d.u.i.k.p.i.IntermediateProofReplayer Proof replay took 60.56ms 
24379      DEBUG main            d.u.i.k.p.r.p.TestFile    ... success: reloaded. 
24380      INFO  main            d.u.i.k.p.r.p.TestFile    Now processing file /home/runner/work/key/key/key.core/../key.ui/examples/completionscopes/testCcatchBreakLabel.key 
24380      INFO  main            d.u.i.k.p.i.AbstractProblemLoader Loading environment from /home/runner/work/key/key/key.core/../key.ui/examples/completionscopes/testCcatchBreakLabel.key 
24381      DEBUG main            d.u.i.k.p.i.AbstractProblemLoader Environment load took 175.6ns 
24382      INFO  main            d.u.i.k.p.i.AbstractProblemLoader Creating init config 
27055      DEBUG main            d.u.i.k.p.i.AbstractProblemLoader Init config took 2.67s 
27098      INFO  main            d.u.i.k.p.i.AbstractProblemLoader Replaying proof CompletionScopes[CompletionScopes::testBreakLabel()].JML normal_behavior operation contract.0 
27100      DEBUG main            d.u.i.k.p.i.IntermediateProofReplayer Proof replay took 6.5ns 
27119      DEBUG Thread-10       d.u.i.k.l.o.ProgramSV     Match failed: Former match of  SchemaVariable incompatible with  the current match. 
27205      INFO  main            d.u.i.k.p.r.p.TestFile    ... finished proof: closed. 
27344      INFO  main            d.u.i.k.p.i.AbstractProblemLoader Loading environment from /home/runner/work/key/key/key.core/../key.ui/examples/completionscopes/testCcatchBreakLabel.key.proof 
27344      DEBUG main            d.u.i.k.p.i.AbstractProblemLoader Environment load took 124.4ns 
27345      INFO  main            d.u.i.k.p.i.AbstractProblemLoader Creating init config 
30028      DEBUG main            d.u.i.k.p.i.AbstractProblemLoader Init config took 2.68s 
30071      INFO  main            d.u.i.k.p.i.AbstractProblemLoader Replaying proof CompletionScopes[CompletionScopes::testBreakLabel()].JML normal_behavior operation contract.0 
30080      DEBUG main            d.u.i.k.p.i.IntermediateProofReplayer Proof replay took 6.83ms 
30081      DEBUG main            d.u.i.k.p.r.p.TestFile    ... success: reloaded. 
30082      INFO  main            d.u.i.k.p.r.p.TestFile    Now processing file /home/runner/work/key/key/key.core/../key.ui/examples/completionscopes/testCcatchContinueLabel.key 
30082      INFO  main            d.u.i.k.p.i.AbstractProblemLoader Loading environment from /home/runner/work/key/key/key.core/../key.ui/examples/completionscopes/testCcatchContinueLabel.key 
30083      DEBUG main            d.u.i.k.p.i.AbstractProblemLoader Environment load took 173.6ns 
30084      INFO  main            d.u.i.k.p.i.AbstractProblemLoader Creating init config 
32754      DEBUG main            d.u.i.k.p.i.AbstractProblemLoader Init config took 2.67s 
32795      INFO  main            d.u.i.k.p.i.AbstractProblemLoader Replaying proof CompletionScopes[CompletionScopes::testContinueLabel()].JML normal_behavior operation contract.0 
32797      DEBUG main            d.u.i.k.p.i.IntermediateProofReplayer Proof replay took 6.1ns 
32815      DEBUG Thread-13       d.u.i.k.l.o.ProgramSV     Match failed: Former match of  SchemaVariable incompatible with  the current match. 
32899      INFO  main            d.u.i.k.p.r.p.TestFile    ... finished proof: closed. 
33055      INFO  main            d.u.i.k.p.i.AbstractProblemLoader Loading environment from /home/runner/work/key/key/key.core/../key.ui/examples/completionscopes/testCcatchContinueLabel.key.proof 
33056      DEBUG main            d.u.i.k.p.i.AbstractProblemLoader Environment load took 309.7ns 
33057      INFO  main            d.u.i.k.p.i.AbstractProblemLoader Creating init config 
35668      DEBUG main            d.u.i.k.p.i.AbstractProblemLoader Init config took 2.61s 
35736      INFO  main            d.u.i.k.p.i.AbstractProblemLoader Replaying proof CompletionScopes[CompletionScopes::testContinueLabel()].JML normal_behavior operation contract.0 
35746      DEBUG main            d.u.i.k.p.i.IntermediateProofReplayer Proof replay took 7.45ms 
35747      DEBUG main            d.u.i.k.p.r.p.TestFile    ... success: reloaded. 
35748      INFO  main            d.u.i.k.p.r.p.TestFile    Now processing file /home/runner/work/key/key/key.core/../key.ui/examples/completionscopes/testCcatchBreakLabelWildcard.key 
35749      INFO  main            d.u.i.k.p.i.AbstractProblemLoader Loading environment from /home/runner/work/key/key/key.core/../key.ui/examples/completionscopes/testCcatchBreakLabelWildcard.key 
35749      DEBUG main            d.u.i.k.p.i.AbstractProblemLoader Environment load took 176.5ns 
35750      INFO  main            d.u.i.k.p.i.AbstractProblemLoader Creating init config 
38413      DEBUG main            d.u.i.k.p.i.AbstractProblemLoader Init config took 2.66s 
38473      INFO  main            d.u.i.k.p.i.AbstractProblemLoader Replaying proof CompletionScopes[CompletionScopes::testBreakLabelWildcard()].JML normal_behavior operation contract.0 
38475      DEBUG main            d.u.i.k.p.i.IntermediateProofReplayer Proof replay took 7.2ns 
38490      DEBUG Thread-16       d.u.i.k.l.o.ProgramSV     Match failed: Former match of  SchemaVariable incompatible with  the current match. 
38491      DEBUG Thread-16       d.u.i.k.l.o.ProgramSV     Match failed: Former match of  SchemaVariable incompatible with  the current match. 
38578      INFO  main            d.u.i.k.p.r.p.TestFile    ... finished proof: closed. 
38788      INFO  main            d.u.i.k.p.i.AbstractProblemLoader Loading environment from /home/runner/work/key/key/key.core/../key.ui/examples/completionscopes/testCcatchBreakLabelWildcard.key.proof 
38788      DEBUG main            d.u.i.k.p.i.AbstractProblemLoader Environment load took 135.8ns 
38789      INFO  main            d.u.i.k.p.i.AbstractProblemLoader Creating init config 
41388      DEBUG main            d.u.i.k.p.i.AbstractProblemLoader Init config took 2.6s 
41446      INFO  main            d.u.i.k.p.i.AbstractProblemLoader Replaying proof CompletionScopes[CompletionScopes::testBreakLabelWildcard()].JML normal_behavior operation contract.0 
41455      DEBUG main            d.u.i.k.p.i.IntermediateProofReplayer Proof replay took 6.81ms 
41456      DEBUG main            d.u.i.k.p.r.p.TestFile    ... success: reloaded. 
41457      INFO  main            d.u.i.k.p.r.p.TestFile    Now processing file /home/runner/work/key/key/key.core/../key.ui/examples/completionscopes/testCcatchContinueLabelWildcard.key 
41458      INFO  main            d.u.i.k.p.i.AbstractProblemLoader Loading environment from /home/runner/work/key/key/key.core/../key.ui/examples/completionscopes/testCcatchContinueLabelWildcard.key 
41458      DEBUG main            d.u.i.k.p.i.AbstractProblemLoader Environment load took 184.2ns 
41459      INFO  main            d.u.i.k.p.i.AbstractProblemLoader Creating init config 
44173      DEBUG main            d.u.i.k.p.i.AbstractProblemLoader Init config took 2.71s 
44214      INFO  main            d.u.i.k.p.i.AbstractProblemLoader Replaying proof CompletionScopes[CompletionScopes::testContinueLabelWildcard()].JML normal_behavior operation contract.0 
44216      DEBUG main            d.u.i.k.p.i.IntermediateProofReplayer Proof replay took 7.8ns 
44237      DEBUG Thread-19       d.u.i.k.l.o.ProgramSV     Match failed: Former match of  SchemaVariable incompatible with  the current match. 
44238      DEBUG Thread-19       d.u.i.k.l.o.ProgramSV     Match failed: Former match of  SchemaVariable incompatible with  the current match. 
44321      INFO  main            d.u.i.k.p.r.p.TestFile    ... finished proof: closed. 
44481      INFO  main            d.u.i.k.p.i.AbstractProblemLoader Loading environment from /home/runner/work/key/key/key.core/../key.ui/examples/completionscopes/testCcatchContinueLabelWildcard.key.proof 
44482      DEBUG main            d.u.i.k.p.i.AbstractProblemLoader Environment load took 125.6ns 
44484      INFO  main            d.u.i.k.p.i.AbstractProblemLoader Creating init config 
47077      DEBUG main            d.u.i.k.p.i.AbstractProblemLoader Init config took 2.59s 
47116      INFO  main            d.u.i.k.p.i.AbstractProblemLoader Replaying proof CompletionScopes[CompletionScopes::testContinueLabelWildcard()].JML normal_behavior operation contract.0 
47125      DEBUG main            d.u.i.k.p.i.IntermediateProofReplayer Proof replay took 7.09ms 
47130      DEBUG main            d.u.i.k.p.r.p.TestFile    ... success: reloaded. 
47132      INFO  main            d.u.i.k.p.r.p.TestFile    Now processing file /home/runner/work/key/key/key.core/../key.ui/examples/completionscopes/testCcatchBreakLabelNonmatchingNested.key 
47132      INFO  main            d.u.i.k.p.i.AbstractProblemLoader Loading environment from /home/runner/work/key/key/key.core/../key.ui/examples/completionscopes/testCcatchBreakLabelNonmatchingNested.key 
47132      DEBUG main            d.u.i.k.p.i.AbstractProblemLoader Environment load took 184.9ns 
47133      INFO  main            d.u.i.k.p.i.AbstractProblemLoader Creating init config 
49763      DEBUG main            d.u.i.k.p.i.AbstractProblemLoader Init config took 2.63s 
49802      INFO  main            d.u.i.k.p.i.AbstractProblemLoader Replaying proof CompletionScopes[CompletionScopes::testBreakLabelNonmatchingNested()].JML normal_behavior operation contract.0 
49803      DEBUG main            d.u.i.k.p.i.IntermediateProofReplayer Proof replay took 6.6ns 
49823      DEBUG Thread-22       d.u.i.k.l.o.ProgramSV     Match failed: Former match of  SchemaVariable incompatible with  the current match. 
49824      DEBUG Thread-22       d.u.i.k.l.o.ProgramSV     Match failed: Former match of  SchemaVariable incompatible with  the current match. 
49909      INFO  main            d.u.i.k.p.r.p.TestFile    ... finished proof: closed. 
50074      INFO  main            d.u.i.k.p.i.AbstractProblemLoader Loading environment from /home/runner/work/key/key/key.core/../key.ui/examples/completionscopes/testCcatchBreakLabelNonmatchingNested.key.proof 
50075      DEBUG main            d.u.i.k.p.i.AbstractProblemLoader Environment load took 120.2ns 
50076      INFO  main            d.u.i.k.p.i.AbstractProblemLoader Creating init config 
52641      DEBUG main            d.u.i.k.p.i.AbstractProblemLoader Init config took 2.56s 
52680      INFO  main            d.u.i.k.p.i.AbstractProblemLoader Replaying proof CompletionScopes[CompletionScopes::testBreakLabelNonmatchingNested()].JML normal_behavior operation contract.0 
52689      DEBUG main            d.u.i.k.p.i.IntermediateProofReplayer Proof replay took 6.68ms 
52690      DEBUG main            d.u.i.k.p.r.p.TestFile    ... success: reloaded. 
4947630    INFO  Test worker     d.u.i.k.p.r.RunAllProofsTestUnit Returning from test completionScopes 
4947631    INFO  Test worker     d.u.i.k.p.r.RunAllProofsTestUnit Running test reload_examples 
369        INFO  Timeout watchdog d.u.i.k.p.r.p.ForkedTestFileRunner Timeout watcher launched (2000 secs.) 
385        WARN  main            d.u.i.k.s.ProofSettings   The settings in /home/runner/.key/proof-settings.props are *not* read. 
411        INFO  main            d.u.i.k.p.r.p.TestFile    Now processing file /home/runner/work/key/key/key.core/../key.ui/examples/firstTouch/05-ReverseArray/reverseArray.key 
523        INFO  main            d.u.i.k.p.i.AbstractProblemLoader Loading environment from /home/runner/work/key/key/key.core/../key.ui/examples/firstTouch/05-ReverseArray/reverseArray.key 
540        DEBUG main            d.u.i.k.p.i.AbstractProblemLoader Environment load took 2.09ms 
759        INFO  main            d.u.i.k.p.i.AbstractProblemLoader Creating init config 
1669       DEBUG main            d.u.i.k.j.TypeConverter   No LDT found for Meta 
1669       DEBUG main            d.u.i.k.j.TypeConverter   No LDT found for Meta 
1670       DEBUG main            d.u.i.k.j.TypeConverter   No LDT found for Meta 
1674       DEBUG main            d.u.i.k.j.TypeConverter   No LDT found for Meta 
2968       DEBUG main            d.u.i.k.j.TypeConverter   No LDT found for JavaBigintExpression 
8125       DEBUG main            d.u.i.k.p.i.AbstractProblemLoader Init config took 7.36s 
8280       INFO  main            d.u.i.k.p.i.AbstractProblemLoader Replaying proof ReverseArray[ReverseArray::reverse()].JML normal_behavior operation contract.0 
8344       DEBUG main            d.u.i.k.p.i.IntermediateProofReplayer Proof replay took 35.5ns 
18664      INFO  main            d.u.i.k.p.r.p.TestFile    ... finished proof: closed. 
18950      INFO  main            d.u.i.k.p.i.AbstractProblemLoader Loading environment from /home/runner/work/key/key/key.core/../key.ui/examples/firstTouch/05-ReverseArray/reverseArray.key.proof 
18951      DEBUG main            d.u.i.k.p.i.AbstractProblemLoader Environment load took 420.4ns 
18954      INFO  main            d.u.i.k.p.i.AbstractProblemLoader Creating init config 
21793      DEBUG main            d.u.i.k.p.i.AbstractProblemLoader Init config took 2.84s 
21851      INFO  main            d.u.i.k.p.i.AbstractProblemLoader Replaying proof ReverseArray[ReverseArray::reverse()].JML normal_behavior operation contract.0 
22384      DEBUG main            d.u.i.k.p.i.IntermediateProofReplayer Proof replay took 481.4ms 
22396      DEBUG main            d.u.i.k.p.r.p.TestFile    ... success: reloaded. 
22399      INFO  main            d.u.i.k.p.r.p.TestFile    Now processing file /home/runner/work/key/key/key.core/../key.ui/examples/standard_key/arith/saveProofTest.key.proof 
22399      INFO  main            d.u.i.k.p.i.AbstractProblemLoader Loading environment from /home/runner/work/key/key/key.core/../key.ui/examples/standard_key/arith/saveProofTest.key.proof 
22399      DEBUG main            d.u.i.k.p.i.AbstractProblemLoader Environment load took 232.9ns 
22403      INFO  main            d.u.i.k.p.i.AbstractProblemLoader Creating init config 
24986      DEBUG main            d.u.i.k.p.i.AbstractProblemLoader Init config took 2.58s 
25013      INFO  main            d.u.i.k.p.i.AbstractProblemLoader Replaying proof saveProofTest.key.proof 
25020      DEBUG main            d.u.i.k.p.i.IntermediateProofReplayer Proof replay took 3.11ms 
25021      INFO  main            d.u.i.k.p.r.p.TestFile    ... success: loaded 
25023      INFO  main            d.u.i.k.p.r.p.TestFile    Now processing file /home/runner/work/key/key/key.core/../key.ui/examples/heap/permutedSum/perm.proof 
25024      INFO  main            d.u.i.k.p.i.AbstractProblemLoader Loading environment from /home/runner/work/key/key/key.core/../key.ui/examples/heap/permutedSum/perm.proof 
25024      DEBUG main            d.u.i.k.p.i.AbstractProblemLoader Environment load took 138.2ns 
25027      INFO  main            d.u.i.k.p.i.AbstractProblemLoader Creating init config 
27760      DEBUG main            d.u.i.k.p.i.AbstractProblemLoader Init config took 2.73s 
27826      INFO  main            d.u.i.k.p.i.AbstractProblemLoader Replaying proof Perm[Perm::foo()].JML normal_behavior operation contract.0 
28589      DEBUG main            d.u.i.k.p.i.IntermediateProofReplayer Proof replay took 718.98ms 
28591      INFO  main            d.u.i.k.p.r.p.TestFile    ... success: loaded 
28593      INFO  main            d.u.i.k.p.r.p.TestFile    Now processing file /home/runner/work/key/key/key.core/../key.ui/examples/firstTouch/05-ReverseArray/reverseArray.proof 
28593      INFO  main            d.u.i.k.p.i.AbstractProblemLoader Loading environment from /home/runner/work/key/key/key.core/../key.ui/examples/firstTouch/05-ReverseArray/reverseArray.proof 
28593      DEBUG main            d.u.i.k.p.i.AbstractProblemLoader Environment load took 191.7ns 
28596      INFO  main            d.u.i.k.p.i.AbstractProblemLoader Creating init config 
31181      DEBUG main            d.u.i.k.p.i.AbstractProblemLoader Init config took 2.59s 
31221      INFO  main            d.u.i.k.p.i.AbstractProblemLoader Replaying proof ReverseArray[ReverseArray::reverse()].JML normal_behavior operation contract.0 
31664      DEBUG main            d.u.i.k.p.i.IntermediateProofReplayer Proof replay took 386.83ms 
31667      INFO  main            d.u.i.k.p.r.p.TestFile    ... success: loaded 
31669      INFO  main            d.u.i.k.p.r.p.TestFile    Now processing file /home/runner/work/key/key/key.core/../key.ui/examples/heap/verifyThis15_1_RelaxedPrefix/relax.proof 
31669      INFO  main            d.u.i.k.p.i.AbstractProblemLoader Loading environment from /home/runner/work/key/key/key.core/../key.ui/examples/heap/verifyThis15_1_RelaxedPrefix/relax.proof 
31669      DEBUG main            d.u.i.k.p.i.AbstractProblemLoader Environment load took 179.9ns 
31671      INFO  main            d.u.i.k.p.i.AbstractProblemLoader Creating init config 
34264      DEBUG main            d.u.i.k.p.i.AbstractProblemLoader Init config took 2.59s 
34309      INFO  main            d.u.i.k.p.i.AbstractProblemLoader Replaying proof Relaxed[Relaxed::isRelaxedPrefix([I,[I)].JML operation contract.0 
34659      DEBUG main            d.u.i.k.p.i.IntermediateProofReplayer Proof replay took 332.93ms 
34660      INFO  main            d.u.i.k.p.r.p.TestFile    ... success: loaded 
34662      INFO  main            d.u.i.k.p.r.p.TestFile    Now processing file /home/runner/work/key/key/key.core/../key.ui/examples/heap/verifyThis15_3_DLL/doUndo.proof 
34662      INFO  main            d.u.i.k.p.i.AbstractProblemLoader Loading environment from /home/runner/work/key/key/key.core/../key.ui/examples/heap/verifyThis15_3_DLL/doUndo.proof 
34662      DEBUG main            d.u.i.k.p.i.AbstractProblemLoader Environment load took 182.5ns 
34664      INFO  main            d.u.i.k.p.i.AbstractProblemLoader Creating init config 
35592      DEBUG main            d.u.i.k.j.r.ClassPreparationMethodBuilder clPrepBuilder: Inner Class detected. Reject building class initialisation methods. 
37475      DEBUG main            d.u.i.k.p.i.AbstractProblemLoader Init config took 2.81s 
37559      INFO  main            d.u.i.k.p.i.AbstractProblemLoader Replaying proof DoubleLinkedList[DoubleLinkedList::doUndo(DoubleLinkedList.Node,int)].JML normal_behavior operation contract.0 
38034      DEBUG main            d.u.i.k.p.i.IntermediateProofReplayer Proof replay took 445.12ms 
38035      INFO  main            d.u.i.k.p.r.p.TestFile    ... success: loaded 
38037      INFO  main            d.u.i.k.p.r.p.TestFile    Now processing file /home/runner/work/key/key/key.core/../key.ui/examples/heap/verifyThis15_2_ParallelGcd/parallelGcd.proof 
38037      INFO  main            d.u.i.k.p.i.AbstractProblemLoader Loading environment from /home/runner/work/key/key/key.core/../key.ui/examples/heap/verifyThis15_2_ParallelGcd/parallelGcd.proof 
38037      DEBUG main            d.u.i.k.p.i.AbstractProblemLoader Environment load took 183.4ns 
38039      INFO  main            d.u.i.k.p.i.AbstractProblemLoader Creating init config 
40658      DEBUG main            d.u.i.k.p.i.AbstractProblemLoader Init config took 2.62s 
40710      INFO  main            d.u.i.k.p.i.AbstractProblemLoader Replaying proof ParallelGcd[ParallelGcd::parallelGcd(int,int,[Z)].JML behavior operation contract.0 
41246      DEBUG main            d.u.i.k.p.i.IntermediateProofReplayer Proof replay took 522.27ms 
41248      INFO  main            d.u.i.k.p.r.p.TestFile    ... success: loaded 
4989042    INFO  Test worker     d.u.i.k.p.r.RunAllProofsTestUnit Returning from test reload_examples 
4989043    INFO  Test worker     d.u.i.k.p.r.RunAllProofsTestUnit Running test proofLoadRepair 
335        INFO  Timeout watchdog d.u.i.k.p.r.p.ForkedTestFileRunner Timeout watcher launched (2000 secs.) 
337        WARN  main            d.u.i.k.s.ProofSettings   The settings in /home/runner/.key/proof-settings.props are *not* read. 
365        INFO  main            d.u.i.k.p.r.p.TestFile    Now processing file /home/runner/work/key/key/key.core/../key.ui/examples/proofLoadRepair/disjConj-manipulated.proof 
484        INFO  main            d.u.i.k.p.i.AbstractProblemLoader Loading environment from /home/runner/work/key/key/key.core/../key.ui/examples/proofLoadRepair/disjConj-manipulated.proof 
501        DEBUG main            d.u.i.k.p.i.AbstractProblemLoader Environment load took 2.12ms 
728        INFO  main            d.u.i.k.p.i.AbstractProblemLoader Creating init config 
1616       DEBUG main            d.u.i.k.j.TypeConverter   No LDT found for Meta 
1617       DEBUG main            d.u.i.k.j.TypeConverter   No LDT found for Meta 
1618       DEBUG main            d.u.i.k.j.TypeConverter   No LDT found for Meta 
1618       DEBUG main            d.u.i.k.j.TypeConverter   No LDT found for Meta 
3074       DEBUG main            d.u.i.k.j.TypeConverter   No LDT found for JavaBigintExpression 
7721       DEBUG main            d.u.i.k.p.i.AbstractProblemLoader Init config took 6.99s 
7778       INFO  main            d.u.i.k.p.i.AbstractProblemLoader Replaying proof disjConj-manipulated.proof 
7820       WARN  main            d.u.i.k.p.i.IntermediateProofReplayer Proof contains wrong number of \assumes instatiations for andLeft 
7821       WARN  main            d.u.i.k.p.i.IntermediateProofReplayer Proof contains wrong number of \assumes instatiations for replace_known_right 
7824       WARN  main            d.u.i.k.p.i.IntermediateProofReplayer Proof contains wrong number of \assumes instatiations for close 
7825       DEBUG main            d.u.i.k.p.i.IntermediateProofReplayer Proof replay took 13.46ms 
7829       INFO  main            d.u.i.k.p.r.p.TestFile    ... success: loaded 
7833       INFO  main            d.u.i.k.p.r.p.TestFile    Now processing file /home/runner/work/key/key/key.core/../key.ui/examples/proofLoadRepair/insufficient-manipulated.proof 
7833       INFO  main            d.u.i.k.p.i.AbstractProblemLoader Loading environment from /home/runner/work/key/key/key.core/../key.ui/examples/proofLoadRepair/insufficient-manipulated.proof 
7833       DEBUG main            d.u.i.k.p.i.AbstractProblemLoader Environment load took 235.9ns 
7837       INFO  main            d.u.i.k.p.i.AbstractProblemLoader Creating init config 
10615      DEBUG main            d.u.i.k.p.i.AbstractProblemLoader Init config took 2.78s 
10632      INFO  main            d.u.i.k.p.i.AbstractProblemLoader Replaying proof insufficient-manipulated.proof 
10650      WARN  main            d.u.i.k.p.i.IntermediateProofReplayer Proof contains wrong number of \assumes instatiations for applyEq 
10658      DEBUG main            d.u.i.k.p.i.IntermediateProofReplayer Proof replay took 9.71ms 
10661      INFO  main            d.u.i.k.p.r.p.TestFile    ... success: loading failed 
10662      INFO  main            d.u.i.k.p.r.p.TestFile    Now processing file /home/runner/work/key/key/key.core/../key.ui/examples/../../key.core/src/test/resources/testcase/issues/1716/incorrectPolarity.proof 
10662      INFO  main            d.u.i.k.p.i.AbstractProblemLoader Loading environment from /home/runner/work/key/key/key.core/../key.ui/examples/../../key.core/src/test/resources/testcase/issues/1716/incorrectPolarity.proof 
10663      DEBUG main            d.u.i.k.p.i.AbstractProblemLoader Environment load took 116.7ns 
10664      INFO  main            d.u.i.k.p.i.AbstractProblemLoader Creating init config 
13413      DEBUG main            d.u.i.k.p.i.AbstractProblemLoader Init config took 2.75s 
13469      INFO  main            d.u.i.k.p.i.AbstractProblemLoader Replaying proof incorrectPolarity.proof 
13472      DEBUG main            d.u.i.k.p.i.IntermediateProofReplayer Proof replay took 198.8ns 
13473      INFO  main            d.u.i.k.p.r.p.TestFile    ... success: loading failed 
13473      INFO  main            d.u.i.k.p.r.p.TestFile    Now processing file /home/runner/work/key/key/key.core/../key.ui/examples/../../key.core/src/test/resources/testcase/issues/1716/incorrectPolarity2.proof 
13474      INFO  main            d.u.i.k.p.i.AbstractProblemLoader Loading environment from /home/runner/work/key/key/key.core/../key.ui/examples/../../key.core/src/test/resources/testcase/issues/1716/incorrectPolarity2.proof 
13474      DEBUG main            d.u.i.k.p.i.AbstractProblemLoader Environment load took 191.6ns 
13475      INFO  main            d.u.i.k.p.i.AbstractProblemLoader Creating init config 
15928      DEBUG main            d.u.i.k.p.i.AbstractProblemLoader Init config took 2.45s 
15950      INFO  main            d.u.i.k.p.i.AbstractProblemLoader Replaying proof incorrectPolarity2.proof 
15953      DEBUG main            d.u.i.k.p.i.IntermediateProofReplayer Proof replay took 357.5ns 
15953      INFO  main            d.u.i.k.p.r.p.TestFile    ... success: loading failed 
15954      INFO  main            d.u.i.k.p.r.p.TestFile    Now processing file /home/runner/work/key/key/key.core/../key.ui/examples/../../key.core/src/test/resources/testcase/issues/1716/incorrectPolarity3.proof 
15954      INFO  main            d.u.i.k.p.i.AbstractProblemLoader Loading environment from /home/runner/work/key/key/key.core/../key.ui/examples/../../key.core/src/test/resources/testcase/issues/1716/incorrectPolarity3.proof 
15955      DEBUG main            d.u.i.k.p.i.AbstractProblemLoader Environment load took 142.2ns 
15956      INFO  main            d.u.i.k.p.i.AbstractProblemLoader Creating init config 
18369      DEBUG main            d.u.i.k.p.i.AbstractProblemLoader Init config took 2.41s 
18389      INFO  main            d.u.i.k.p.i.AbstractProblemLoader Replaying proof incorrectPolarity3.proof 
18392      DEBUG main            d.u.i.k.p.i.IntermediateProofReplayer Proof replay took 1.04ms 
18393      INFO  main            d.u.i.k.p.r.p.TestFile    ... success: loading failed 
5007612    INFO  Test worker     d.u.i.k.p.r.RunAllProofsTestUnit Returning from test proofLoadRepair 
5007613    INFO  Test worker     d.u.i.k.p.r.RunAllProofsTestUnit Running test switch 
350        INFO  Timeout watchdog d.u.i.k.p.r.p.ForkedTestFileRunner Timeout watcher launched (2000 secs.) 
366        WARN  main            d.u.i.k.s.ProofSettings   The settings in /home/runner/.key/proof-settings.props are *not* read. 
394        INFO  main            d.u.i.k.p.r.p.TestFile    Now processing file /home/runner/work/key/key/key.core/../key.ui/examples/standard_key/java_dl/switch/labeled_case.key 
507        INFO  main            d.u.i.k.p.i.AbstractProblemLoader Loading environment from /home/runner/work/key/key/key.core/../key.ui/examples/standard_key/java_dl/switch/labeled_case.key 
533        DEBUG main            d.u.i.k.p.i.AbstractProblemLoader Environment load took 2.04ms 
745        INFO  main            d.u.i.k.p.i.AbstractProblemLoader Creating init config 
1622       DEBUG main            d.u.i.k.j.TypeConverter   No LDT found for Meta 
1623       DEBUG main            d.u.i.k.j.TypeConverter   No LDT found for Meta 
1626       DEBUG main            d.u.i.k.j.TypeConverter   No LDT found for Meta 
1626       DEBUG main            d.u.i.k.j.TypeConverter   No LDT found for Meta 
2846       DEBUG main            d.u.i.k.j.TypeConverter   No LDT found for JavaBigintExpression 
7929       DEBUG main            d.u.i.k.p.i.AbstractProblemLoader Init config took 7.18s 
8053       INFO  main            d.u.i.k.p.i.AbstractProblemLoader Replaying proof LabeledCase[LabeledCase::m(int)].JML normal_behavior operation contract.0 
8085       DEBUG main            d.u.i.k.p.i.IntermediateProofReplayer Proof replay took 32.1ns 
8723       INFO  main            d.u.i.k.p.r.p.TestFile    ... finished proof: closed. 
8826       INFO  main            d.u.i.k.p.i.AbstractProblemLoader Loading environment from /home/runner/work/key/key/key.core/../key.ui/examples/standard_key/java_dl/switch/labeled_case.key.proof 
8827       DEBUG main            d.u.i.k.p.i.AbstractProblemLoader Environment load took 945.8ns 
8829       INFO  main            d.u.i.k.p.i.AbstractProblemLoader Creating init config 
11701      DEBUG main            d.u.i.k.p.i.AbstractProblemLoader Init config took 2.87s 
11761      INFO  main            d.u.i.k.p.i.AbstractProblemLoader Replaying proof LabeledCase[LabeledCase::m(int)].JML normal_behavior operation contract.0 
11813      DEBUG main            d.u.i.k.p.i.IntermediateProofReplayer Proof replay took 47.37ms 
11820      DEBUG main            d.u.i.k.p.r.p.TestFile    ... success: reloaded. 
11821      INFO  main            d.u.i.k.p.r.p.TestFile    Now processing file /home/runner/work/key/key/key.core/../key.ui/examples/standard_key/java_dl/switch/empty_switch.key 
11821      INFO  main            d.u.i.k.p.i.AbstractProblemLoader Loading environment from /home/runner/work/key/key/key.core/../key.ui/examples/standard_key/java_dl/switch/empty_switch.key 
11822      DEBUG main            d.u.i.k.p.i.AbstractProblemLoader Environment load took 200.9ns 
11823      INFO  main            d.u.i.k.p.i.AbstractProblemLoader Creating init config 
14494      DEBUG main            d.u.i.k.p.i.AbstractProblemLoader Init config took 2.67s 
14530      INFO  main            d.u.i.k.p.i.AbstractProblemLoader Replaying proof empty_switch.key 
14537      DEBUG main            d.u.i.k.p.i.IntermediateProofReplayer Proof replay took 99.2ns 
14640      INFO  main            d.u.i.k.p.r.p.TestFile    ... finished proof: closed. 
14760      INFO  main            d.u.i.k.p.i.AbstractProblemLoader Loading environment from /home/runner/work/key/key/key.core/../key.ui/examples/standard_key/java_dl/switch/empty_switch.key.proof 
14761      DEBUG main            d.u.i.k.p.i.AbstractProblemLoader Environment load took 133.2ns 
14762      INFO  main            d.u.i.k.p.i.AbstractProblemLoader Creating init config 
17368      DEBUG main            d.u.i.k.p.i.AbstractProblemLoader Init config took 2.61s 
17391      INFO  main            d.u.i.k.p.i.AbstractProblemLoader Replaying proof empty_switch.key.proof 
17395      DEBUG main            d.u.i.k.p.i.IntermediateProofReplayer Proof replay took 1.82ms 
17396      DEBUG main            d.u.i.k.p.r.p.TestFile    ... success: reloaded. 
17397      INFO  main            d.u.i.k.p.r.p.TestFile    Now processing file /home/runner/work/key/key/key.core/../key.ui/examples/standard_key/java_dl/switch/empty_switch_null.key 
17397      INFO  main            d.u.i.k.p.i.AbstractProblemLoader Loading environment from /home/runner/work/key/key/key.core/../key.ui/examples/standard_key/java_dl/switch/empty_switch_null.key 
17397      DEBUG main            d.u.i.k.p.i.AbstractProblemLoader Environment load took 106.9ns 
17398      INFO  main            d.u.i.k.p.i.AbstractProblemLoader Creating init config 
19972      DEBUG main            d.u.i.k.p.i.AbstractProblemLoader Init config took 2.57s 
19995      INFO  main            d.u.i.k.p.i.AbstractProblemLoader Replaying proof empty_switch_null.key 
19999      DEBUG main            d.u.i.k.p.i.IntermediateProofReplayer Proof replay took 5.2ns 
20202      INFO  main            d.u.i.k.p.r.p.TestFile    ... finished proof: closed. 
20337      INFO  main            d.u.i.k.p.i.AbstractProblemLoader Loading environment from /home/runner/work/key/key/key.core/../key.ui/examples/standard_key/java_dl/switch/empty_switch_null.key.proof 
20337      DEBUG main            d.u.i.k.p.i.AbstractProblemLoader Environment load took 128.8ns 
20338      INFO  main            d.u.i.k.p.i.AbstractProblemLoader Creating init config 
22796      DEBUG main            d.u.i.k.p.i.AbstractProblemLoader Init config took 2.46s 
22817      INFO  main            d.u.i.k.p.i.AbstractProblemLoader Replaying proof empty_switch_null.key.proof 
22845      DEBUG main            d.u.i.k.p.i.IntermediateProofReplayer Proof replay took 25.19ms 
22846      DEBUG main            d.u.i.k.p.r.p.TestFile    ... success: reloaded. 
22847      INFO  main            d.u.i.k.p.r.p.TestFile    Now processing file /home/runner/work/key/key/key.core/../key.ui/examples/standard_key/java_dl/switch/empty_switch_null_catch.key 
22847      INFO  main            d.u.i.k.p.i.AbstractProblemLoader Loading environment from /home/runner/work/key/key/key.core/../key.ui/examples/standard_key/java_dl/switch/empty_switch_null_catch.key 
22847      DEBUG main            d.u.i.k.p.i.AbstractProblemLoader Environment load took 187.1ns 
22848      INFO  main            d.u.i.k.p.i.AbstractProblemLoader Creating init config 
25333      DEBUG main            d.u.i.k.p.i.AbstractProblemLoader Init config took 2.48s 
25354      INFO  main            d.u.i.k.p.i.AbstractProblemLoader Replaying proof empty_switch_null_catch.key 
25356      DEBUG main            d.u.i.k.p.i.IntermediateProofReplayer Proof replay took 6ns 
25562      INFO  main            d.u.i.k.p.r.p.TestFile    ... finished proof: closed. 
25700      INFO  main            d.u.i.k.p.i.AbstractProblemLoader Loading environment from /home/runner/work/key/key/key.core/../key.ui/examples/standard_key/java_dl/switch/empty_switch_null_catch.key.proof 
25702      DEBUG main            d.u.i.k.p.i.AbstractProblemLoader Environment load took 1.77ms 
25703      INFO  main            d.u.i.k.p.i.AbstractProblemLoader Creating init config 
28191      DEBUG main            d.u.i.k.p.i.AbstractProblemLoader Init config took 2.49s 
28212      INFO  main            d.u.i.k.p.i.AbstractProblemLoader Replaying proof empty_switch_null_catch.key.proof 
28243      DEBUG main            d.u.i.k.p.i.IntermediateProofReplayer Proof replay took 28.55ms 
28244      DEBUG main            d.u.i.k.p.r.p.TestFile    ... success: reloaded. 
28245      INFO  main            d.u.i.k.p.r.p.TestFile    Now processing file /home/runner/work/key/key/key.core/../key.ui/examples/standard_key/java_dl/switch/empty_switch_array_out_of_bounds.key 
28245      INFO  main            d.u.i.k.p.i.AbstractProblemLoader Loading environment from /home/runner/work/key/key/key.core/../key.ui/examples/standard_key/java_dl/switch/empty_switch_array_out_of_bounds.key 
28245      DEBUG main            d.u.i.k.p.i.AbstractProblemLoader Environment load took 185.8ns 
28246      INFO  main            d.u.i.k.p.i.AbstractProblemLoader Creating init config 
30750      DEBUG main            d.u.i.k.p.i.AbstractProblemLoader Init config took 2.5s 
30770      INFO  main            d.u.i.k.p.i.AbstractProblemLoader Replaying proof empty_switch_array_out_of_bounds.key 
30773      DEBUG main            d.u.i.k.p.i.IntermediateProofReplayer Proof replay took 6.2ns 
30976      INFO  main            d.u.i.k.p.r.p.TestFile    ... finished proof: closed. 
31166      INFO  main            d.u.i.k.p.i.AbstractProblemLoader Loading environment from /home/runner/work/key/key/key.core/../key.ui/examples/standard_key/java_dl/switch/empty_switch_array_out_of_bounds.key.proof 
31166      DEBUG main            d.u.i.k.p.i.AbstractProblemLoader Environment load took 362ns 
31168      INFO  main            d.u.i.k.p.i.AbstractProblemLoader Creating init config 
33618      DEBUG main            d.u.i.k.p.i.AbstractProblemLoader Init config took 2.45s 
33638      INFO  main            d.u.i.k.p.i.AbstractProblemLoader Replaying proof empty_switch_array_out_of_bounds.key.proof 
33685      DEBUG main            d.u.i.k.p.i.IntermediateProofReplayer Proof replay took 43.34ms 
33686      DEBUG main            d.u.i.k.p.r.p.TestFile    ... success: reloaded. 
33687      INFO  main            d.u.i.k.p.r.p.TestFile    Now processing file /home/runner/work/key/key/key.core/../key.ui/examples/standard_key/java_dl/switch/empty_switch_array_out_of_bounds_catch.key 
33687      INFO  main            d.u.i.k.p.i.AbstractProblemLoader Loading environment from /home/runner/work/key/key/key.core/../key.ui/examples/standard_key/java_dl/switch/empty_switch_array_out_of_bounds_catch.key 
33687      DEBUG main            d.u.i.k.p.i.AbstractProblemLoader Environment load took 199ns 
33689      INFO  main            d.u.i.k.p.i.AbstractProblemLoader Creating init config 
36177      DEBUG main            d.u.i.k.p.i.AbstractProblemLoader Init config took 2.49s 
36198      INFO  main            d.u.i.k.p.i.AbstractProblemLoader Replaying proof empty_switch_array_out_of_bounds_catch.key 
36200      DEBUG main            d.u.i.k.p.i.IntermediateProofReplayer Proof replay took 6.1ns 
36406      INFO  main            d.u.i.k.p.r.p.TestFile    ... finished proof: closed. 
36567      INFO  main            d.u.i.k.p.i.AbstractProblemLoader Loading environment from /home/runner/work/key/key/key.core/../key.ui/examples/standard_key/java_dl/switch/empty_switch_array_out_of_bounds_catch.key.proof 
36567      DEBUG main            d.u.i.k.p.i.AbstractProblemLoader Environment load took 125.7ns 
36568      INFO  main            d.u.i.k.p.i.AbstractProblemLoader Creating init config 
38983      DEBUG main            d.u.i.k.p.i.AbstractProblemLoader Init config took 2.42s 
39002      INFO  main            d.u.i.k.p.i.AbstractProblemLoader Replaying proof empty_switch_array_out_of_bounds_catch.key.proof 
39034      DEBUG main            d.u.i.k.p.i.IntermediateProofReplayer Proof replay took 28.9ms 
39035      DEBUG main            d.u.i.k.p.r.p.TestFile    ... success: reloaded. 
39036      INFO  main            d.u.i.k.p.r.p.TestFile    Now processing file /home/runner/work/key/key/key.core/../key.ui/examples/standard_key/java_dl/switch/switch_in_switch.key 
39036      INFO  main            d.u.i.k.p.i.AbstractProblemLoader Loading environment from /home/runner/work/key/key/key.core/../key.ui/examples/standard_key/java_dl/switch/switch_in_switch.key 
39037      DEBUG main            d.u.i.k.p.i.AbstractProblemLoader Environment load took 180.1ns 
39041      INFO  main            d.u.i.k.p.i.AbstractProblemLoader Creating init config 
41632      DEBUG main            d.u.i.k.p.i.AbstractProblemLoader Init config took 2.59s 
41701      INFO  main            d.u.i.k.p.i.AbstractProblemLoader Replaying proof SwitchInSwitch[SwitchInSwitch::m(int)].JML normal_behavior operation contract.0 
41703      DEBUG main            d.u.i.k.p.i.IntermediateProofReplayer Proof replay took 7.3ns 
45724      INFO  main            d.u.i.k.p.r.p.TestFile    ... finished proof: closed. 
45962      INFO  main            d.u.i.k.p.i.AbstractProblemLoader Loading environment from /home/runner/work/key/key/key.core/../key.ui/examples/standard_key/java_dl/switch/switch_in_switch.key.proof 
45962      DEBUG main            d.u.i.k.p.i.AbstractProblemLoader Environment load took 137.2ns 
45965      INFO  main            d.u.i.k.p.i.AbstractProblemLoader Creating init config 
48488      DEBUG main            d.u.i.k.p.i.AbstractProblemLoader Init config took 2.52s 
48529      INFO  main            d.u.i.k.p.i.AbstractProblemLoader Replaying proof SwitchInSwitch[SwitchInSwitch::m(int)].JML normal_behavior operation contract.0 
48828      DEBUG main            d.u.i.k.p.i.IntermediateProofReplayer Proof replay took 270.99ms 
48830      DEBUG main            d.u.i.k.p.r.p.TestFile    ... success: reloaded. 
48831      INFO  main            d.u.i.k.p.r.p.TestFile    Now processing file /home/runner/work/key/key/key.core/../key.ui/examples/standard_key/java_dl/switch/while_and_switch.key 
48831      INFO  main            d.u.i.k.p.i.AbstractProblemLoader Loading environment from /home/runner/work/key/key/key.core/../key.ui/examples/standard_key/java_dl/switch/while_and_switch.key 
48831      DEBUG main            d.u.i.k.p.i.AbstractProblemLoader Environment load took 190.7ns 
48832      INFO  main            d.u.i.k.p.i.AbstractProblemLoader Creating init config 
51368      DEBUG main            d.u.i.k.p.i.AbstractProblemLoader Init config took 2.54s 
51417      INFO  main            d.u.i.k.p.i.AbstractProblemLoader Replaying proof WhileAndSwitch[WhileAndSwitch::m(int)].JML normal_behavior operation contract.0 
51421      DEBUG main            d.u.i.k.p.i.IntermediateProofReplayer Proof replay took 6.2ns 
52126      INFO  main            d.u.i.k.p.r.p.TestFile    ... finished proof: closed. 
52388      INFO  main            d.u.i.k.p.i.AbstractProblemLoader Loading environment from /home/runner/work/key/key/key.core/../key.ui/examples/standard_key/java_dl/switch/while_and_switch.key.proof 
52389      DEBUG main            d.u.i.k.p.i.AbstractProblemLoader Environment load took 1.51ms 
52390      INFO  main            d.u.i.k.p.i.AbstractProblemLoader Creating init config 
54871      DEBUG main            d.u.i.k.p.i.AbstractProblemLoader Init config took 2.48s 
54912      INFO  main            d.u.i.k.p.i.AbstractProblemLoader Replaying proof WhileAndSwitch[WhileAndSwitch::m(int)].JML normal_behavior operation contract.0 
55010      DEBUG main            d.u.i.k.p.i.IntermediateProofReplayer Proof replay took 90.08ms 
55012      DEBUG main            d.u.i.k.p.r.p.TestFile    ... success: reloaded. 
55015      INFO  main            d.u.i.k.p.r.p.TestFile    Now processing file /home/runner/work/key/key/key.core/../key.ui/examples/standard_key/java_dl/switch/large_switch.key 
55017      INFO  main            d.u.i.k.p.i.AbstractProblemLoader Loading environment from /home/runner/work/key/key/key.core/../key.ui/examples/standard_key/java_dl/switch/large_switch.key 
55017      DEBUG main            d.u.i.k.p.i.AbstractProblemLoader Environment load took 232.4ns 
55019      INFO  main            d.u.i.k.p.i.AbstractProblemLoader Creating init config 
57596      DEBUG main            d.u.i.k.p.i.AbstractProblemLoader Init config took 2.58s 
57633      INFO  main            d.u.i.k.p.i.AbstractProblemLoader Replaying proof LargeSwitch[LargeSwitch::m(int)].JML normal_behavior operation contract.0 
57635      DEBUG main            d.u.i.k.p.i.IntermediateProofReplayer Proof replay took 6.8ns 
58843      INFO  main            d.u.i.k.p.r.p.TestFile    ... finished proof: closed. 
59107      INFO  main            d.u.i.k.p.i.AbstractProblemLoader Loading environment from /home/runner/work/key/key/key.core/../key.ui/examples/standard_key/java_dl/switch/large_switch.key.proof 
59109      DEBUG main            d.u.i.k.p.i.AbstractProblemLoader Environment load took 2.24ms 
59111      INFO  main            d.u.i.k.p.i.AbstractProblemLoader Creating init config 
61611      DEBUG main            d.u.i.k.p.i.AbstractProblemLoader Init config took 2.5s 
61656      INFO  main            d.u.i.k.p.i.AbstractProblemLoader Replaying proof LargeSwitch[LargeSwitch::m(int)].JML normal_behavior operation contract.0 
61914      DEBUG main            d.u.i.k.p.i.IntermediateProofReplayer Proof replay took 242.99ms 
61916      DEBUG main            d.u.i.k.p.r.p.TestFile    ... success: reloaded. 
5069695    INFO  Test worker     d.u.i.k.p.r.RunAllProofsTestUnit Returning from test switch 
5069696    INFO  Test worker     d.u.i.k.p.r.RunAllProofsTestUnit Running test redux 
391        INFO  Timeout watchdog d.u.i.k.p.r.p.ForkedTestFileRunner Timeout watcher launched (2000 secs.) 
419        WARN  main            d.u.i.k.s.ProofSettings   The settings in /home/runner/.key/proof-settings.props are *not* read. 
463        INFO  main            d.u.i.k.p.r.p.TestFile    Now processing file /home/runner/work/key/key/key.core/../key.ui/examples/redux/arrays/Arrays.copyOf.key 
603        INFO  main            d.u.i.k.p.i.AbstractProblemLoader Loading environment from /home/runner/work/key/key/key.core/../key.ui/examples/redux/arrays/Arrays.copyOf.key 
626        DEBUG main            d.u.i.k.p.i.AbstractProblemLoader Environment load took 2.21ms 
832        INFO  main            d.u.i.k.p.i.AbstractProblemLoader Creating init config 
1658       DEBUG main            d.u.i.k.j.TypeConverter   No LDT found for Meta 
1660       DEBUG main            d.u.i.k.j.TypeConverter   No LDT found for Meta 
1662       DEBUG main            d.u.i.k.j.TypeConverter   No LDT found for Meta 
1662       DEBUG main            d.u.i.k.j.TypeConverter   No LDT found for Meta 
3130       DEBUG main            d.u.i.k.j.TypeConverter   No LDT found for JavaBigintExpression 
8498       DEBUG main            d.u.i.k.p.i.AbstractProblemLoader Init config took 7.67s 
8639       INFO  main            d.u.i.k.p.i.AbstractProblemLoader Replaying proof Arrays[Arrays::copyOf([I,int)].JML normal_behavior operation contract.0 
8673       DEBUG main            d.u.i.k.p.i.IntermediateProofReplayer Proof replay took 31.9ns 
13943      INFO  main            d.u.i.k.p.r.p.TestFile    ... finished proof: closed. 
14105      INFO  main            d.u.i.k.p.i.AbstractProblemLoader Loading environment from /home/runner/work/key/key/key.core/../key.ui/examples/redux/arrays/Arrays.copyOf.key.proof 
14105      DEBUG main            d.u.i.k.p.i.AbstractProblemLoader Environment load took 388.7ns 
14108      INFO  main            d.u.i.k.p.i.AbstractProblemLoader Creating init config 
17426      DEBUG main            d.u.i.k.p.i.AbstractProblemLoader Init config took 3.32s 
17488      INFO  main            d.u.i.k.p.i.AbstractProblemLoader Replaying proof Arrays[Arrays::copyOf([I,int)].JML normal_behavior operation contract.0 
17943      DEBUG main            d.u.i.k.p.i.IntermediateProofReplayer Proof replay took 434.23ms 
17951      DEBUG main            d.u.i.k.p.r.p.TestFile    ... success: reloaded. 
17952      INFO  main            d.u.i.k.p.r.p.TestFile    Now processing file /home/runner/work/key/key/key.core/../key.ui/examples/redux/arrays/Arrays.copyOf.float.key 
17953      INFO  main            d.u.i.k.p.i.AbstractProblemLoader Loading environment from /home/runner/work/key/key/key.core/../key.ui/examples/redux/arrays/Arrays.copyOf.float.key 
17953      DEBUG main            d.u.i.k.p.i.AbstractProblemLoader Environment load took 195.1ns 
17954      INFO  main            d.u.i.k.p.i.AbstractProblemLoader Creating init config 
21125      DEBUG main            d.u.i.k.p.i.AbstractProblemLoader Init config took 3.17s 
21181      INFO  main            d.u.i.k.p.i.AbstractProblemLoader Replaying proof Arrays[Arrays::copyOf([F,int)].JML normal_behavior operation contract.0 
21183      DEBUG main            d.u.i.k.p.i.IntermediateProofReplayer Proof replay took 6.2ns 
21209      DEBUG main            d.u.i.k.m.s.ProofScriptEngine 1: 'macro autopilot' 
25769      DEBUG main            d.u.i.k.m.s.ProofScriptEngine 2: 'smt solver=Z3' 
25842      INFO  main            d.u.i.k.m.s.SMTCommand    Finished run on goal 17 in 50ms, result is valid 
25842      DEBUG main            d.u.i.k.m.s.ProofScriptEngine 3: 'tryclose' 
27509      INFO  main            d.u.i.k.p.r.p.TestFile    ... finished proof: closed. 
27702      INFO  main            d.u.i.k.p.i.AbstractProblemLoader Loading environment from /home/runner/work/key/key/key.core/../key.ui/examples/redux/arrays/Arrays.copyOf.float.key.proof 
27703      DEBUG main            d.u.i.k.p.i.AbstractProblemLoader Environment load took 374.1ns 
27706      INFO  main            d.u.i.k.p.i.AbstractProblemLoader Creating init config 
30813      DEBUG main            d.u.i.k.p.i.AbstractProblemLoader Init config took 3.11s 
30862      INFO  main            d.u.i.k.p.i.AbstractProblemLoader Replaying proof Arrays[Arrays::copyOf([F,int)].JML normal_behavior operation contract.0 
30933      INFO  main            d.u.i.k.s.SMTFocusResults Analyzing unsat core: (L_6) 
31445      DEBUG main            d.u.i.k.p.i.IntermediateProofReplayer Proof replay took 563.11ms 
31447      DEBUG main            d.u.i.k.p.r.p.TestFile    ... success: reloaded. 
31450      INFO  main            d.u.i.k.p.r.p.TestFile    Now processing file /home/runner/work/key/key/key.core/../key.ui/examples/redux/arrays/Arrays.copyOfRange.key 
31450      INFO  main            d.u.i.k.p.i.AbstractProblemLoader Loading environment from /home/runner/work/key/key/key.core/../key.ui/examples/redux/arrays/Arrays.copyOfRange.key 
31450      DEBUG main            d.u.i.k.p.i.AbstractProblemLoader Environment load took 186.3ns 
31453      INFO  main            d.u.i.k.p.i.AbstractProblemLoader Creating init config 
34648      DEBUG main            d.u.i.k.p.i.AbstractProblemLoader Init config took 3.2s 
34692      INFO  main            d.u.i.k.p.i.AbstractProblemLoader Replaying proof Arrays[Arrays::copyOfRange([I,int,int)].JML normal_behavior operation contract.0 
34694      DEBUG main            d.u.i.k.p.i.IntermediateProofReplayer Proof replay took 5.1ns 
39141      INFO  main            d.u.i.k.p.r.p.TestFile    ... finished proof: closed. 
39389      INFO  main            d.u.i.k.p.i.AbstractProblemLoader Loading environment from /home/runner/work/key/key/key.core/../key.ui/examples/redux/arrays/Arrays.copyOfRange.key.proof 
39389      DEBUG main            d.u.i.k.p.i.AbstractProblemLoader Environment load took 135ns 
39394      INFO  main            d.u.i.k.p.i.AbstractProblemLoader Creating init config 
42390      DEBUG main            d.u.i.k.p.i.AbstractProblemLoader Init config took 3s 
42444      INFO  main            d.u.i.k.p.i.AbstractProblemLoader Replaying proof Arrays[Arrays::copyOfRange([I,int,int)].JML normal_behavior operation contract.0 
42794      DEBUG main            d.u.i.k.p.i.IntermediateProofReplayer Proof replay took 330.07ms 
42796      DEBUG main            d.u.i.k.p.r.p.TestFile    ... success: reloaded. 
42797      INFO  main            d.u.i.k.p.r.p.TestFile    Now processing file /home/runner/work/key/key/key.core/../key.ui/examples/redux/arrays/Arrays.copyOfRange.float.key 
42797      INFO  main            d.u.i.k.p.i.AbstractProblemLoader Loading environment from /home/runner/work/key/key/key.core/../key.ui/examples/redux/arrays/Arrays.copyOfRange.float.key 
42797      DEBUG main            d.u.i.k.p.i.AbstractProblemLoader Environment load took 175.4ns 
42798      INFO  main            d.u.i.k.p.i.AbstractProblemLoader Creating init config 
45884      DEBUG main            d.u.i.k.p.i.AbstractProblemLoader Init config took 3.09s 
45937      INFO  main            d.u.i.k.p.i.AbstractProblemLoader Replaying proof Arrays[Arrays::copyOfRange([F,int,int)].JML normal_behavior operation contract.0 
45939      DEBUG main            d.u.i.k.p.i.IntermediateProofReplayer Proof replay took 6.5ns 
45941      DEBUG main            d.u.i.k.m.s.ProofScriptEngine 1: 'macro autopilot' 
51668      DEBUG main            d.u.i.k.m.s.ProofScriptEngine 2: 'smt solver=Z3' 
51712      INFO  main            d.u.i.k.m.s.SMTCommand    Finished run on goal 27 in 33ms, result is valid 
51712      DEBUG main            d.u.i.k.m.s.ProofScriptEngine 3: 'tryclose' 
54942      INFO  main            d.u.i.k.p.r.p.TestFile    ... finished proof: closed. 
55146      INFO  main            d.u.i.k.p.i.AbstractProblemLoader Loading environment from /home/runner/work/key/key/key.core/../key.ui/examples/redux/arrays/Arrays.copyOfRange.float.key.proof 
55146      DEBUG main            d.u.i.k.p.i.AbstractProblemLoader Environment load took 382.1ns 
55148      INFO  main            d.u.i.k.p.i.AbstractProblemLoader Creating init config 
58158      DEBUG main            d.u.i.k.p.i.AbstractProblemLoader Init config took 3.01s 
58199      INFO  main            d.u.i.k.p.i.AbstractProblemLoader Replaying proof Arrays[Arrays::copyOfRange([F,int,int)].JML normal_behavior operation contract.0 
58273      INFO  main            d.u.i.k.s.SMTFocusResults Analyzing unsat core: (L_8) 
58920      DEBUG main            d.u.i.k.p.i.IntermediateProofReplayer Proof replay took 695.95ms 
58922      DEBUG main            d.u.i.k.p.r.p.TestFile    ... success: reloaded. 
58923      INFO  main            d.u.i.k.p.r.p.TestFile    Now processing file /home/runner/work/key/key/key.core/../key.ui/examples/redux/arrays/Arrays.equals.key 
58923      INFO  main            d.u.i.k.p.i.AbstractProblemLoader Loading environment from /home/runner/work/key/key/key.core/../key.ui/examples/redux/arrays/Arrays.equals.key 
58924      DEBUG main            d.u.i.k.p.i.AbstractProblemLoader Environment load took 182.6ns 
58924      INFO  main            d.u.i.k.p.i.AbstractProblemLoader Creating init config 
62035      DEBUG main            d.u.i.k.p.i.AbstractProblemLoader Init config took 3.11s 
62074      INFO  main            d.u.i.k.p.i.AbstractProblemLoader Replaying proof Arrays[Arrays::equals([B,[B)].JML normal_behavior operation contract.0 
62075      DEBUG main            d.u.i.k.p.i.IntermediateProofReplayer Proof replay took 5.6ns 
62582      INFO  main            d.u.i.k.p.r.p.TestFile    ... finished proof: closed. 
62803      INFO  main            d.u.i.k.p.i.AbstractProblemLoader Loading environment from /home/runner/work/key/key/key.core/../key.ui/examples/redux/arrays/Arrays.equals.key.proof 
62804      DEBUG main            d.u.i.k.p.i.AbstractProblemLoader Environment load took 425.81ns 
62805      INFO  main            d.u.i.k.p.i.AbstractProblemLoader Creating init config 
65778      DEBUG main            d.u.i.k.p.i.AbstractProblemLoader Init config took 2.97s 
65820      INFO  main            d.u.i.k.p.i.AbstractProblemLoader Replaying proof Arrays[Arrays::equals([B,[B)].JML normal_behavior operation contract.0 
65930      DEBUG main            d.u.i.k.p.i.IntermediateProofReplayer Proof replay took 105.11ms 
65931      DEBUG main            d.u.i.k.p.r.p.TestFile    ... success: reloaded. 
65932      INFO  main            d.u.i.k.p.r.p.TestFile    Now processing file /home/runner/work/key/key/key.core/../key.ui/examples/redux/arrays/Arrays.fill.key 
65932      INFO  main            d.u.i.k.p.i.AbstractProblemLoader Loading environment from /home/runner/work/key/key/key.core/../key.ui/examples/redux/arrays/Arrays.fill.key 
65932      DEBUG main            d.u.i.k.p.i.AbstractProblemLoader Environment load took 187.4ns 
65933      INFO  main            d.u.i.k.p.i.AbstractProblemLoader Creating init config 
68911      DEBUG main            d.u.i.k.p.i.AbstractProblemLoader Init config took 2.98s 
68950      INFO  main            d.u.i.k.p.i.AbstractProblemLoader Replaying proof Arrays[Arrays::fill([I,int)].JML normal_behavior operation contract.0 
68951      DEBUG main            d.u.i.k.p.i.IntermediateProofReplayer Proof replay took 7ns 
69157      INFO  main            d.u.i.k.p.r.p.TestFile    ... finished proof: closed. 
69325      INFO  main            d.u.i.k.p.i.AbstractProblemLoader Loading environment from /home/runner/work/key/key/key.core/../key.ui/examples/redux/arrays/Arrays.fill.key.proof 
69326      DEBUG main            d.u.i.k.p.i.AbstractProblemLoader Environment load took 121ns 
69326      INFO  main            d.u.i.k.p.i.AbstractProblemLoader Creating init config 
72319      DEBUG main            d.u.i.k.p.i.AbstractProblemLoader Init config took 2.99s 
72359      INFO  main            d.u.i.k.p.i.AbstractProblemLoader Replaying proof Arrays[Arrays::fill([I,int)].JML normal_behavior operation contract.0 
72384      DEBUG main            d.u.i.k.p.i.IntermediateProofReplayer Proof replay took 23.08ms 
72385      DEBUG main            d.u.i.k.p.r.p.TestFile    ... success: reloaded. 
72385      INFO  main            d.u.i.k.p.r.p.TestFile    Now processing file /home/runner/work/key/key/key.core/../key.ui/examples/redux/arrays/Arrays.fill.float.key 
72386      INFO  main            d.u.i.k.p.i.AbstractProblemLoader Loading environment from /home/runner/work/key/key/key.core/../key.ui/examples/redux/arrays/Arrays.fill.float.key 
72386      DEBUG main            d.u.i.k.p.i.AbstractProblemLoader Environment load took 138.9ns 
72387      INFO  main            d.u.i.k.p.i.AbstractProblemLoader Creating init config 
75383      DEBUG main            d.u.i.k.p.i.AbstractProblemLoader Init config took 3s 
75424      INFO  main            d.u.i.k.p.i.AbstractProblemLoader Replaying proof Arrays[Arrays::fill([F,float)].JML normal_behavior operation contract.0 
75425      DEBUG main            d.u.i.k.p.i.IntermediateProofReplayer Proof replay took 7.1ns 
75629      INFO  main            d.u.i.k.p.r.p.TestFile    ... finished proof: closed. 
75835      INFO  main            d.u.i.k.p.i.AbstractProblemLoader Loading environment from /home/runner/work/key/key/key.core/../key.ui/examples/redux/arrays/Arrays.fill.float.key.proof 
75836      DEBUG main            d.u.i.k.p.i.AbstractProblemLoader Environment load took 168.1ns 
75837      INFO  main            d.u.i.k.p.i.AbstractProblemLoader Creating init config 
78780      DEBUG main            d.u.i.k.p.i.AbstractProblemLoader Init config took 2.94s 
78817      INFO  main            d.u.i.k.p.i.AbstractProblemLoader Replaying proof Arrays[Arrays::fill([F,float)].JML normal_behavior operation contract.0 
78850      DEBUG main            d.u.i.k.p.i.IntermediateProofReplayer Proof replay took 30.72ms 
78851      DEBUG main            d.u.i.k.p.r.p.TestFile    ... success: reloaded. 
78852      INFO  main            d.u.i.k.p.r.p.TestFile    Now processing file /home/runner/work/key/key/key.core/../key.ui/examples/redux/arrays/Arrays.fillFromTo.key 
78852      INFO  main            d.u.i.k.p.i.AbstractProblemLoader Loading environment from /home/runner/work/key/key/key.core/../key.ui/examples/redux/arrays/Arrays.fillFromTo.key 
78853      DEBUG main            d.u.i.k.p.i.AbstractProblemLoader Environment load took 184ns 
78854      INFO  main            d.u.i.k.p.i.AbstractProblemLoader Creating init config 
81844      DEBUG main            d.u.i.k.p.i.AbstractProblemLoader Init config took 2.99s 
81881      INFO  main            d.u.i.k.p.i.AbstractProblemLoader Replaying proof Arrays[Arrays::fill([I,int,int,int)].JML normal_behavior operation contract.0 
81882      DEBUG main            d.u.i.k.p.i.IntermediateProofReplayer Proof replay took 7ns 
82486      INFO  main            d.u.i.k.p.r.p.TestFile    ... finished proof: closed. 
82747      INFO  main            d.u.i.k.p.i.AbstractProblemLoader Loading environment from /home/runner/work/key/key/key.core/../key.ui/examples/redux/arrays/Arrays.fillFromTo.key.proof 
82748      DEBUG main            d.u.i.k.p.i.AbstractProblemLoader Environment load took 470.2ns 
82749      INFO  main            d.u.i.k.p.i.AbstractProblemLoader Creating init config 
85672      DEBUG main            d.u.i.k.p.i.AbstractProblemLoader Init config took 2.92s 
85709      INFO  main            d.u.i.k.p.i.AbstractProblemLoader Replaying proof Arrays[Arrays::fill([I,int,int,int)].JML normal_behavior operation contract.0 
85787      DEBUG main            d.u.i.k.p.i.IntermediateProofReplayer Proof replay took 75.18ms 
85788      DEBUG main            d.u.i.k.p.r.p.TestFile    ... success: reloaded. 
85789      INFO  main            d.u.i.k.p.r.p.TestFile    Now processing file /home/runner/work/key/key/key.core/../key.ui/examples/redux/arrays/Arrays.fillFromTo.float.key 
85790      INFO  main            d.u.i.k.p.i.AbstractProblemLoader Loading environment from /home/runner/work/key/key/key.core/../key.ui/examples/redux/arrays/Arrays.fillFromTo.float.key 
85790      DEBUG main            d.u.i.k.p.i.AbstractProblemLoader Environment load took 185.4ns 
85791      INFO  main            d.u.i.k.p.i.AbstractProblemLoader Creating init config 
88773      DEBUG main            d.u.i.k.p.i.AbstractProblemLoader Init config took 2.98s 
88812      INFO  main            d.u.i.k.p.i.AbstractProblemLoader Replaying proof Arrays[Arrays::fill([F,int,int,float)].JML normal_behavior operation contract.0 
88813      DEBUG main            d.u.i.k.p.i.IntermediateProofReplayer Proof replay took 6.1ns 
89419      INFO  main            d.u.i.k.p.r.p.TestFile    ... finished proof: closed. 
89654      INFO  main            d.u.i.k.p.i.AbstractProblemLoader Loading environment from /home/runner/work/key/key/key.core/../key.ui/examples/redux/arrays/Arrays.fillFromTo.float.key.proof 
89654      DEBUG main            d.u.i.k.p.i.AbstractProblemLoader Environment load took 481.9ns 
89656      INFO  main            d.u.i.k.p.i.AbstractProblemLoader Creating init config 
92622      DEBUG main            d.u.i.k.p.i.AbstractProblemLoader Init config took 2.97s 
92658      INFO  main            d.u.i.k.p.i.AbstractProblemLoader Replaying proof Arrays[Arrays::fill([F,int,int,float)].JML normal_behavior operation contract.0 
92765      DEBUG main            d.u.i.k.p.i.IntermediateProofReplayer Proof replay took 102.17ms 
92766      DEBUG main            d.u.i.k.p.r.p.TestFile    ... success: reloaded. 
92767      INFO  main            d.u.i.k.p.r.p.TestFile    Now processing file /home/runner/work/key/key/key.core/../key.ui/examples/redux/arrays/ArrayCopy.arraycopy.normal.0.key 
92767      INFO  main            d.u.i.k.p.i.AbstractProblemLoader Loading environment from /home/runner/work/key/key/key.core/../key.ui/examples/redux/arrays/ArrayCopy.arraycopy.normal.0.key 
92768      DEBUG main            d.u.i.k.p.i.AbstractProblemLoader Environment load took 99.9ns 
92769      INFO  main            d.u.i.k.p.i.AbstractProblemLoader Creating init config 
95710      DEBUG main            d.u.i.k.p.i.AbstractProblemLoader Init config took 2.94s 
95745      INFO  main            d.u.i.k.p.i.AbstractProblemLoader Replaying proof ArrayCopy[ArrayCopy::arraycopy(java.lang.Object,int,java.lang.Object,int,int)].JML normal_behavior operation contract.0 
95746      DEBUG main            d.u.i.k.p.i.IntermediateProofReplayer Proof replay took 6.3ns 
101524     INFO  main            d.u.i.k.p.r.p.TestFile    ... finished proof: closed. 
101756     INFO  main            d.u.i.k.p.i.AbstractProblemLoader Loading environment from /home/runner/work/key/key/key.core/../key.ui/examples/redux/arrays/ArrayCopy.arraycopy.normal.0.key.proof 
101756     DEBUG main            d.u.i.k.p.i.AbstractProblemLoader Environment load took 345.9ns 
101758     INFO  main            d.u.i.k.p.i.AbstractProblemLoader Creating init config 
104688     DEBUG main            d.u.i.k.p.i.AbstractProblemLoader Init config took 2.93s 
104729     INFO  main            d.u.i.k.p.i.AbstractProblemLoader Replaying proof ArrayCopy[ArrayCopy::arraycopy(java.lang.Object,int,java.lang.Object,int,int)].JML normal_behavior operation contract.0 
105367     DEBUG main            d.u.i.k.p.i.IntermediateProofReplayer Proof replay took 618.98ms 
105369     DEBUG main            d.u.i.k.p.r.p.TestFile    ... success: reloaded. 
105370     INFO  main            d.u.i.k.p.r.p.TestFile    Now processing file /home/runner/work/key/key/key.core/../key.ui/examples/redux/arrays/ArrayCopy.arraycopy.exceptional.0.key 
105370     INFO  main            d.u.i.k.p.i.AbstractProblemLoader Loading environment from /home/runner/work/key/key/key.core/../key.ui/examples/redux/arrays/ArrayCopy.arraycopy.exceptional.0.key 
105370     DEBUG main            d.u.i.k.p.i.AbstractProblemLoader Environment load took 170.8ns 
105371     INFO  main            d.u.i.k.p.i.AbstractProblemLoader Creating init config 
108291     DEBUG main            d.u.i.k.p.i.AbstractProblemLoader Init config took 2.92s 
108324     INFO  main            d.u.i.k.p.i.AbstractProblemLoader Replaying proof ArrayCopy[ArrayCopy::arraycopy(java.lang.Object,int,java.lang.Object,int,int)].JML exceptional_behavior operation contract.0 
108325     DEBUG main            d.u.i.k.p.i.IntermediateProofReplayer Proof replay took 5.4ns 
108633     INFO  main            d.u.i.k.p.r.p.TestFile    ... finished proof: closed. 
108844     INFO  main            d.u.i.k.p.i.AbstractProblemLoader Loading environment from /home/runner/work/key/key/key.core/../key.ui/examples/redux/arrays/ArrayCopy.arraycopy.exceptional.0.key.proof 
108844     DEBUG main            d.u.i.k.p.i.AbstractProblemLoader Environment load took 130.9ns 
108845     INFO  main            d.u.i.k.p.i.AbstractProblemLoader Creating init config 
111760     DEBUG main            d.u.i.k.p.i.AbstractProblemLoader Init config took 2.91s 
111793     INFO  main            d.u.i.k.p.i.AbstractProblemLoader Replaying proof ArrayCopy[ArrayCopy::arraycopy(java.lang.Object,int,java.lang.Object,int,int)].JML exceptional_behavior operation contract.0 
111904     DEBUG main            d.u.i.k.p.i.IntermediateProofReplayer Proof replay took 108.46ms 
111905     DEBUG main            d.u.i.k.p.r.p.TestFile    ... success: reloaded. 
111906     INFO  main            d.u.i.k.p.r.p.TestFile    Now processing file /home/runner/work/key/key/key.core/../key.ui/examples/redux/arrays/ArrayCopy.arraycopy.exceptional.1.key 
111906     INFO  main            d.u.i.k.p.i.AbstractProblemLoader Loading environment from /home/runner/work/key/key/key.core/../key.ui/examples/redux/arrays/ArrayCopy.arraycopy.exceptional.1.key 
111906     DEBUG main            d.u.i.k.p.i.AbstractProblemLoader Environment load took 84.1ns 
111907     INFO  main            d.u.i.k.p.i.AbstractProblemLoader Creating init config 
114819     DEBUG main            d.u.i.k.p.i.AbstractProblemLoader Init config took 2.91s 
114853     INFO  main            d.u.i.k.p.i.AbstractProblemLoader Replaying proof ArrayCopy[ArrayCopy::arraycopy(java.lang.Object,int,java.lang.Object,int,int)].JML exceptional_behavior operation contract.1 
114854     DEBUG main            d.u.i.k.p.i.IntermediateProofReplayer Proof replay took 6.7ns 
120672     INFO  main            d.u.i.k.p.r.p.TestFile    ... finished proof: closed. 
120910     INFO  main            d.u.i.k.p.i.AbstractProblemLoader Loading environment from /home/runner/work/key/key/key.core/../key.ui/examples/redux/arrays/ArrayCopy.arraycopy.exceptional.1.key.proof 
120910     DEBUG main            d.u.i.k.p.i.AbstractProblemLoader Environment load took 136.7ns 
120914     INFO  main            d.u.i.k.p.i.AbstractProblemLoader Creating init config 
123841     DEBUG main            d.u.i.k.p.i.AbstractProblemLoader Init config took 2.93s 
123874     INFO  main            d.u.i.k.p.i.AbstractProblemLoader Replaying proof ArrayCopy[ArrayCopy::arraycopy(java.lang.Object,int,java.lang.Object,int,int)].JML exceptional_behavior operation contract.1 
125036     DEBUG main            d.u.i.k.p.i.IntermediateProofReplayer Proof replay took 1.14s 
125038     DEBUG main            d.u.i.k.p.r.p.TestFile    ... success: reloaded. 
5194891    INFO  Test worker     d.u.i.k.p.r.RunAllProofsTestUnit Returning from test redux 
]]></system-out>
  <system-err><![CDATA[]]></system-err>
</testsuite>
