<?xml version="1.0" encoding="UTF-8"?>
<testsuite name="de.uka.ilkd.key.speclang.njml.ExpressionTranslatorTest" tests="14" skipped="0" failures="0" errors="0" timestamp="2023-03-11T17:37:47" hostname="fv-az210-951" time="0.038">
  <properties/>
  <testcase name="[1] 1+1" classname="de.uka.ilkd.key.speclang.njml.ExpressionTranslatorTest" time="0.001"/>
  <testcase name="[2] 1+1+1+1+1+1+1+1+1+1+1+1+1+1+1+1+1+1+1+1+1+1+1+1+1+1+1+1+1+1+1+1+1+1+1+1+1+1+1+1+1+1+1+1+1+1+1+1+1+1+1+1+1+1+1+1+1+1+1+1+1+1+1+1+1+1+1+1+1+1+1+1+1+1+1+1+1+1+1+1+1+1+1+1+1+1+1+1+1+1+1+1+1+1+1+1+1+1+1+1+1+1+1+1+1+1+1+1+1+1+1+1+1+1+1+1+1+1+1+1+1+1+1+1+1+1+1+1+1+1+1+1+1+1+1+1+1+1+1+1+1+1+1+1+1+1+1+1+1+1+1+1+1+1+1+1+1+1+1+1+1+1+1+1+1+1+1+1+1+1+1+1+1+1+1+1+1+1+1+1+1+1+1+1+1+1+1+1+1+1+1+1+1+1+1+1+1+1+1+1+1+1+1+1" classname="de.uka.ilkd.key.speclang.njml.ExpressionTranslatorTest" time="0.02"/>
  <testcase name="[3] \result" classname="de.uka.ilkd.key.speclang.njml.ExpressionTranslatorTest" time="0.001"/>
  <testcase name="[4] this" classname="de.uka.ilkd.key.speclang.njml.ExpressionTranslatorTest" time="0.0"/>
  <testcase name="[5] (\forall int i; i + i == 2)" classname="de.uka.ilkd.key.speclang.njml.ExpressionTranslatorTest" time="0.002"/>
  <testcase name="[6] (\exists int i; i%2 == 2)" classname="de.uka.ilkd.key.speclang.njml.ExpressionTranslatorTest" time="0.003"/>
  <testcase name="[7] (\exists int i; 0 &lt; i &lt; 2; i%2 == 2)" classname="de.uka.ilkd.key.speclang.njml.ExpressionTranslatorTest" time="0.002"/>
  <testcase name="[8] 1 &lt; 2 &lt; 1+1+1" classname="de.uka.ilkd.key.speclang.njml.ExpressionTranslatorTest" time="0.001"/>
  <testcase name="[9] 1+2*3" classname="de.uka.ilkd.key.speclang.njml.ExpressionTranslatorTest" time="0.001"/>
  <testcase name="[10] (\infinite_union int i; \nothing)" classname="de.uka.ilkd.key.speclang.njml.ExpressionTranslatorTest" time="0.001"/>
  <testcase name="[11] 1.f &lt; 2.f &lt; 3.f" classname="de.uka.ilkd.key.speclang.njml.ExpressionTranslatorTest" time="0.001"/>
  <testcase name="[12] 1.f + 2.f" classname="de.uka.ilkd.key.speclang.njml.ExpressionTranslatorTest" time="0.001"/>
  <testcase name="[13] 1. + 2" classname="de.uka.ilkd.key.speclang.njml.ExpressionTranslatorTest" time="0.0"/>
  <testcase name="[14] 1f + 2d" classname="de.uka.ilkd.key.speclang.njml.ExpressionTranslatorTest" time="0.001"/>
  <system-out><![CDATA[]]></system-out>
  <system-err><![CDATA[]]></system-err>
</testsuite>
