<?xml version="1.0" encoding="UTF-8"?>
<testsuite name="de.uka.ilkd.key.java.TestKeYRecoderMapping" tests="2" skipped="0" failures="0" errors="0" timestamp="2023-04-02T11:54:21" hostname="fv-az176-821" time="0.01">
  <properties/>
  <testcase name="testtoRecoder()" classname="de.uka.ilkd.key.java.TestKeYRecoderMapping" time="0.01"/>
  <testcase name="testtoKeY()" classname="de.uka.ilkd.key.java.TestKeYRecoderMapping" time="0.0"/>
  <system-out><![CDATA[]]></system-out>
  <system-err><![CDATA[]]></system-err>
</testsuite>
