<?xml version="1.0" encoding="UTF-8"?>
<testsuite name="de.uka.ilkd.key.rule.tacletbuilder.TestTacletBuild" tests="5" skipped="0" failures="0" errors="0" timestamp="2023-04-02T12:03:09" hostname="fv-az176-821" time="4.285">
  <properties/>
  <testcase name="testSchemavariablesInAddrulesRespectPrefix()" classname="de.uka.ilkd.key.rule.tacletbuilder.TestTacletBuild" time="4.283"/>
  <testcase name="testUniquenessOfIfAndFindVarSVBothInIf()" classname="de.uka.ilkd.key.rule.tacletbuilder.TestTacletBuild" time="0.0"/>
  <testcase name="test0()" classname="de.uka.ilkd.key.rule.tacletbuilder.TestTacletBuild" time="0.001"/>
  <testcase name="testUniquenessOfIfAndFindVarSVsInFind()" classname="de.uka.ilkd.key.rule.tacletbuilder.TestTacletBuild" time="0.0"/>
  <testcase name="testUniquenessOfIfAndFindVarSVsInIfAndFind()" classname="de.uka.ilkd.key.rule.tacletbuilder.TestTacletBuild" time="0.001"/>
  <system-out><![CDATA[]]></system-out>
  <system-err><![CDATA[]]></system-err>
</testsuite>
