<?xml version="1.0" encoding="UTF-8"?>
<testsuite name="de.uka.ilkd.key.speclang.njml.ContractLoadingTests" tests="4" skipped="0" failures="0" errors="0" timestamp="2023-05-26T22:44:09" hostname="fv-az931-697" time="15.411">
  <properties/>
  <testcase name="specMathBigintMathTest()" classname="de.uka.ilkd.key.speclang.njml.ContractLoadingTests" time="5.587"/>
  <testcase name="sumAndMax()" classname="de.uka.ilkd.key.speclang.njml.ContractLoadingTests" time="3.049"/>
  <testcase name="issues1658()" classname="de.uka.ilkd.key.speclang.njml.ContractLoadingTests" time="3.35"/>
  <testcase name="specMathJavaMathTest()" classname="de.uka.ilkd.key.speclang.njml.ContractLoadingTests" time="3.425"/>
  <system-out><![CDATA[851778     INFO  Test worker     d.u.i.k.p.i.AbstractProblemLoader Loading environment from src\test\resources\testcase\specMath\bigint\Test.java 
851778     DEBUG Test worker     d.u.i.k.p.i.AbstractProblemLoader Environment load took 199.1ns 
851778     INFO  Test worker     d.u.i.k.p.i.AbstractProblemLoader Creating init config 
851997     DEBUG Test worker     d.u.i.k.j.TypeConverter   No LDT found for Meta 
851997     DEBUG Test worker     d.u.i.k.j.TypeConverter   No LDT found for Meta 
851997     DEBUG Test worker     d.u.i.k.j.TypeConverter   No LDT found for Meta 
851997     DEBUG Test worker     d.u.i.k.j.TypeConverter   No LDT found for Meta 
853099     DEBUG Test worker     d.u.i.k.j.TypeConverter   No LDT found for JavaBigintExpression 
854688     DEBUG Test worker     d.u.i.k.j.r.ClassPreparationMethodBuilder clPrepBuilder: Inner Class detected. Reject building class initialisation methods. 
857322     DEBUG Test worker     d.u.i.k.p.i.AbstractProblemLoader Init config took 5.55s 
857337     INFO  Test worker     d.u.i.k.p.i.AbstractProblemLoader Loading environment from ..\key.ui\examples\heap\vstte10_01_SumAndMax\src\SumAndMax.java 
857337     DEBUG Test worker     d.u.i.k.p.i.AbstractProblemLoader Environment load took 646.6ns 
857337     INFO  Test worker     d.u.i.k.p.i.AbstractProblemLoader Creating init config 
860356     DEBUG Test worker     d.u.i.k.p.i.AbstractProblemLoader Init config took 3.02s 
860371     INFO  Test worker     d.u.i.k.s.n.ContractLoadingTests self.sumAndMax(a) catch(exc)
pre: (  \forall int i;
     (   (0 <= i & i < a.length)<<SC>> & inInt(i)
      -> 0 <= a[i])
 & ((self.<inv><<impl>> & (!a = null)<<impl>>)<<SC>>))<<SC>>
post:   (\forall int i;
     (   (0 <= i & i < a.length)<<SC>> & inInt(i)
      -> a[i] <= self.max)
& ((  (   a.length >  0
       -> \exists int i;
            ((  (0 <= i
              & i < a.length)<<SC>>
              & inInt(i)
              & self.max = a[i])<<SC>>))
    & ((  self.sum = bsum{int i;}(0, a.length, a[i])
        & ((  self.sum <= a.length * self.max
            & self.<inv><<impl>>)<<SC>>))<<SC>>))<<SC>>))<<SC>>
& (exc = null)<<impl>>
mod:      {(self, SumAndMax::$sum)}
\cup {(self, SumAndMax::$max)}
termination: diamond 
860371     INFO  Test worker     d.u.i.k.p.i.AbstractProblemLoader Loading environment from src\test\resources\testcase\issues\1658\Test.java 
860371     DEBUG Test worker     d.u.i.k.p.i.AbstractProblemLoader Environment load took 115.4ns 
860371     INFO  Test worker     d.u.i.k.p.i.AbstractProblemLoader Creating init config 
863721     DEBUG Test worker     d.u.i.k.p.i.AbstractProblemLoader Init config took 3.35s 
863737     INFO  Test worker     d.u.i.k.p.i.AbstractProblemLoader Loading environment from src\test\resources\testcase\specMath\java\Test.java 
863737     DEBUG Test worker     d.u.i.k.p.i.AbstractProblemLoader Environment load took 386.3ns 
863737     INFO  Test worker     d.u.i.k.p.i.AbstractProblemLoader Creating init config 
864795     DEBUG Test worker     d.u.i.k.j.r.ClassPreparationMethodBuilder clPrepBuilder: Inner Class detected. Reject building class initialisation methods. 
867146     DEBUG Test worker     d.u.i.k.p.i.AbstractProblemLoader Init config took 3.41s 
]]></system-out>
  <system-err><![CDATA[]]></system-err>
</testsuite>
