<?xml version="1.0" encoding="UTF-8"?>
<testsuite name="de.uka.ilkd.key.parser.TestDeclParser" tests="14" skipped="2" failures="0" errors="0" timestamp="2023-05-26T22:34:01" hostname="fv-az931-697" time="11.577">
  <properties/>
  <testcase name="testGenericSortDecl1()" classname="de.uka.ilkd.key.parser.TestDeclParser" time="1.09"/>
  <testcase name="testGenericSortDecl2()" classname="de.uka.ilkd.key.parser.TestDeclParser" time="1.006"/>
  <testcase name="testGenericSortDecl3()" classname="de.uka.ilkd.key.parser.TestDeclParser" time="0.878"/>
  <testcase name="testGenericSortDecl4()" classname="de.uka.ilkd.key.parser.TestDeclParser" time="0.917"/>
  <testcase name="testGenericSortDecl5()" classname="de.uka.ilkd.key.parser.TestDeclParser" time="0.0">
    <skipped/>
  </testcase>
  <testcase name="testGenericSortDecl6()" classname="de.uka.ilkd.key.parser.TestDeclParser" time="0.91"/>
  <testcase name="testSortDecl()" classname="de.uka.ilkd.key.parser.TestDeclParser" time="0.925"/>
  <testcase name="testProxySortDecl()" classname="de.uka.ilkd.key.parser.TestDeclParser" time="0.938"/>
  <testcase name="testArrayDecl()" classname="de.uka.ilkd.key.parser.TestDeclParser" time="1.022"/>
  <testcase name="testAmbiguousDecls()" classname="de.uka.ilkd.key.parser.TestDeclParser" time="0.001">
    <skipped/>
  </testcase>
  <testcase name="testHeurDecl()" classname="de.uka.ilkd.key.parser.TestDeclParser" time="1.016"/>
  <testcase name="testFunctionDecl()" classname="de.uka.ilkd.key.parser.TestDeclParser" time="0.912"/>
  <testcase name="testPredicateDecl()" classname="de.uka.ilkd.key.parser.TestDeclParser" time="0.968"/>
  <testcase name="testSVDecl()" classname="de.uka.ilkd.key.parser.TestDeclParser" time="0.989"/>
  <system-out><![CDATA[245188     INFO  Test worker     d.u.i.k.n.KeyIO           Parsing took 0 ms 
245188     DEBUG Test worker     d.u.i.k.n.KeyIO           Load declarations of de.uka.ilkd.key.nparser.KeyAst$File:  <unknown>:1#1 
245188     INFO  Test worker     d.u.i.k.n.KeyIO           MODE: declarations took 0 ms 
245188     DEBUG Test worker     d.u.i.k.n.KeyIO           MODE: 2nd degree decls took 0 
245188     DEBUG Test worker     d.u.i.k.n.KeyIO           MODE: taclets took 0ms 
246189     INFO  Test worker     d.u.i.k.n.KeyIO           Parsing took 0 ms 
246189     DEBUG Test worker     d.u.i.k.n.KeyIO           Load declarations of de.uka.ilkd.key.nparser.KeyAst$File:  <unknown>:1#1 
246189     INFO  Test worker     d.u.i.k.n.KeyIO           MODE: declarations took 0 ms 
246189     DEBUG Test worker     d.u.i.k.n.KeyIO           MODE: 2nd degree decls took 0 
246189     DEBUG Test worker     d.u.i.k.n.KeyIO           MODE: taclets took 0ms 
247064     INFO  Test worker     d.u.i.k.n.KeyIO           Parsing took 0 ms 
247064     DEBUG Test worker     d.u.i.k.n.KeyIO           Load declarations of de.uka.ilkd.key.nparser.KeyAst$File:  <unknown>:1#1 
247064     INFO  Test worker     d.u.i.k.n.KeyIO           MODE: declarations took 0 ms 
247064     DEBUG Test worker     d.u.i.k.n.KeyIO           MODE: 2nd degree decls took 0 
247064     DEBUG Test worker     d.u.i.k.n.KeyIO           MODE: taclets took 0ms 
247975     INFO  Test worker     d.u.i.k.n.KeyIO           Parsing took 0 ms 
247975     DEBUG Test worker     d.u.i.k.n.KeyIO           Load declarations of de.uka.ilkd.key.nparser.KeyAst$File:  <unknown>:1#1 
247975     INFO  Test worker     d.u.i.k.n.KeyIO           MODE: declarations took 0 ms 
247975     DEBUG Test worker     d.u.i.k.n.KeyIO           MODE: 2nd degree decls took 0 
247975     DEBUG Test worker     d.u.i.k.n.KeyIO           MODE: taclets took 0ms 
248899     INFO  Test worker     d.u.i.k.n.KeyIO           Parsing took 0 ms 
248899     DEBUG Test worker     d.u.i.k.n.KeyIO           Load declarations of de.uka.ilkd.key.nparser.KeyAst$File:  <unknown>:1#1 
248899     INFO  Test worker     d.u.i.k.n.KeyIO           MODE: declarations took 0 ms 
248899     DEBUG Test worker     d.u.i.k.n.KeyIO           MODE: 2nd degree decls took 0 
248899     DEBUG Test worker     d.u.i.k.n.KeyIO           MODE: taclets took 0ms 
249821     INFO  Test worker     d.u.i.k.n.KeyIO           Parsing took 0 ms 
249821     DEBUG Test worker     d.u.i.k.n.KeyIO           Load declarations of de.uka.ilkd.key.nparser.KeyAst$File:  <unknown>:1#1 
249821     INFO  Test worker     d.u.i.k.n.KeyIO           MODE: declarations took 0 ms 
249821     DEBUG Test worker     d.u.i.k.n.KeyIO           MODE: 2nd degree decls took 0 
249821     DEBUG Test worker     d.u.i.k.n.KeyIO           MODE: taclets took 0ms 
250759     INFO  Test worker     d.u.i.k.n.KeyIO           Parsing took 0 ms 
250759     DEBUG Test worker     d.u.i.k.n.KeyIO           Load declarations of de.uka.ilkd.key.nparser.KeyAst$File:  <unknown>:1#1 
250759     INFO  Test worker     d.u.i.k.n.KeyIO           MODE: declarations took 0 ms 
250759     DEBUG Test worker     d.u.i.k.n.KeyIO           MODE: 2nd degree decls took 0 
250759     DEBUG Test worker     d.u.i.k.n.KeyIO           MODE: taclets took 0ms 
251783     INFO  Test worker     d.u.i.k.n.KeyIO           Parsing took 0 ms 
251783     DEBUG Test worker     d.u.i.k.n.KeyIO           Load declarations of de.uka.ilkd.key.nparser.KeyAst$File:  <unknown>:1#1 
251783     INFO  Test worker     d.u.i.k.n.KeyIO           MODE: declarations took 0 ms 
251783     DEBUG Test worker     d.u.i.k.n.KeyIO           MODE: 2nd degree decls took 0 
251783     DEBUG Test worker     d.u.i.k.n.KeyIO           MODE: taclets took 0ms 
252805     INFO  Test worker     d.u.i.k.n.KeyIO           Parsing took 0 ms 
252805     DEBUG Test worker     d.u.i.k.n.KeyIO           Load declarations of de.uka.ilkd.key.nparser.KeyAst$File:  <unknown>:1#1 
252805     INFO  Test worker     d.u.i.k.n.KeyIO           MODE: declarations took 0 ms 
252805     DEBUG Test worker     d.u.i.k.n.KeyIO           MODE: 2nd degree decls took 0 
252805     DEBUG Test worker     d.u.i.k.n.KeyIO           MODE: taclets took 0ms 
253711     INFO  Test worker     d.u.i.k.n.KeyIO           Parsing took 0 ms 
253711     DEBUG Test worker     d.u.i.k.n.KeyIO           Load declarations of de.uka.ilkd.key.nparser.KeyAst$File:  <unknown>:1#1 
253711     INFO  Test worker     d.u.i.k.n.KeyIO           MODE: declarations took 0 ms 
253711     DEBUG Test worker     d.u.i.k.n.KeyIO           MODE: 2nd degree decls took 0 
253711     DEBUG Test worker     d.u.i.k.n.KeyIO           MODE: taclets took 0ms 
254682     INFO  Test worker     d.u.i.k.n.KeyIO           Parsing took 0 ms 
254682     DEBUG Test worker     d.u.i.k.n.KeyIO           Load declarations of de.uka.ilkd.key.nparser.KeyAst$File:  <unknown>:1#1 
254682     INFO  Test worker     d.u.i.k.n.KeyIO           MODE: declarations took 0 ms 
254682     DEBUG Test worker     d.u.i.k.n.KeyIO           MODE: 2nd degree decls took 0 
254682     DEBUG Test worker     d.u.i.k.n.KeyIO           MODE: taclets took 0ms 
255673     INFO  Test worker     d.u.i.k.n.KeyIO           Parsing took 0 ms 
255673     DEBUG Test worker     d.u.i.k.n.KeyIO           Load declarations of de.uka.ilkd.key.nparser.KeyAst$File:  <unknown>:1#1 
255673     INFO  Test worker     d.u.i.k.n.KeyIO           MODE: declarations took 0 ms 
255673     DEBUG Test worker     d.u.i.k.n.KeyIO           MODE: 2nd degree decls took 0 
255673     DEBUG Test worker     d.u.i.k.n.KeyIO           MODE: taclets took 0ms 
]]></system-out>
  <system-err><![CDATA[]]></system-err>
</testsuite>
