<?xml version="1.0" encoding="UTF-8"?>
<testsuite name="de.uka.ilkd.key.proof.TestOneStepSimplifier" tests="1" skipped="0" failures="0" errors="0" timestamp="2023-05-26T22:37:49" hostname="fv-az931-697" time="4.03">
  <properties/>
  <testcase name="loadWithRestriction()" classname="de.uka.ilkd.key.proof.TestOneStepSimplifier" time="4.03"/>
  <system-out><![CDATA[472378     INFO  Test worker     d.u.i.k.p.i.AbstractProblemLoader Loading environment from src\test\resources\testcase\ossRestriction.proof 
472378     DEBUG Test worker     d.u.i.k.p.i.AbstractProblemLoader Environment load took 128ns 
472378     INFO  Test worker     d.u.i.k.p.i.AbstractProblemLoader Creating init config 
472524     DEBUG Test worker     d.u.i.k.j.TypeConverter   No LDT found for Meta 
472524     DEBUG Test worker     d.u.i.k.j.TypeConverter   No LDT found for Meta 
472524     DEBUG Test worker     d.u.i.k.j.TypeConverter   No LDT found for Meta 
472524     DEBUG Test worker     d.u.i.k.j.TypeConverter   No LDT found for Meta 
473105     DEBUG Test worker     d.u.i.k.j.TypeConverter   No LDT found for JavaBigintExpression 
476374     DEBUG Test worker     d.u.i.k.p.i.AbstractProblemLoader Init config took 3.98s 
476390     INFO  Test worker     d.u.i.k.p.i.AbstractProblemLoader Replaying proof ossRestriction.proof 
476406     DEBUG Test worker     d.u.i.k.p.i.IntermediateProofReplayer Proof replay took 1.3ms 
]]></system-out>
  <system-err><![CDATA[]]></system-err>
</testsuite>
