<?xml version="1.0" encoding="UTF-8"?>
<testsuite name="de.uka.ilkd.key.rule.merge.PredicateAbstractionLatticeTests" tests="3" skipped="0" failures="0" errors="0" timestamp="2023-05-26T22:39:52" hostname="fv-az931-697" time="6.389">
  <properties/>
  <testcase name="testToAndFromString()" classname="de.uka.ilkd.key.rule.merge.PredicateAbstractionLatticeTests" time="3.115"/>
  <testcase name="testCreateSignLatticeWithPredicates()" classname="de.uka.ilkd.key.rule.merge.PredicateAbstractionLatticeTests" time="3.274"/>
  <testcase name="testTrivialPredicatesLattice()" classname="de.uka.ilkd.key.rule.merge.PredicateAbstractionLatticeTests" time="0.0"/>
  <system-out><![CDATA[595525     INFO  Test worker     d.u.i.k.p.i.AbstractProblemLoader Loading environment from src\test\resources\testcase\merge\dummy.key 
595525     DEBUG Test worker     d.u.i.k.p.i.AbstractProblemLoader Environment load took 104.3ns 
595525     INFO  Test worker     d.u.i.k.p.i.AbstractProblemLoader Creating init config 
598627     DEBUG Test worker     d.u.i.k.p.i.AbstractProblemLoader Init config took 3.1s 
598643     INFO  Test worker     d.u.i.k.p.i.AbstractProblemLoader Replaying proof dummy.key 
598643     DEBUG Test worker     d.u.i.k.p.i.IntermediateProofReplayer Proof replay took 9.2ns 
598643     INFO  Test worker     d.u.i.k.p.i.AbstractProblemLoader Loading environment from src\test\resources\testcase\merge\dummy.key 
598643     DEBUG Test worker     d.u.i.k.p.i.AbstractProblemLoader Environment load took 246.1ns 
598643     INFO  Test worker     d.u.i.k.p.i.AbstractProblemLoader Creating init config 
601901     DEBUG Test worker     d.u.i.k.p.i.AbstractProblemLoader Init config took 3.25s 
601917     INFO  Test worker     d.u.i.k.p.i.AbstractProblemLoader Replaying proof dummy.key 
601917     DEBUG Test worker     d.u.i.k.p.i.IntermediateProofReplayer Proof replay took 22.7ns 
]]></system-out>
  <system-err><![CDATA[]]></system-err>
</testsuite>
