<?xml version="1.0" encoding="UTF-8"?>
<testsuite name="de.uka.ilkd.key.parser.TestTermParserSorts" tests="2" skipped="0" failures="0" errors="0" timestamp="2023-05-26T22:37:46" hostname="fv-az931-697" time="3.169">
  <properties/>
  <testcase name="testParseIntegerArgs()" classname="de.uka.ilkd.key.parser.TestTermParserSorts" time="0.013"/>
  <testcase name="testParseSequencePrettySyntax()" classname="de.uka.ilkd.key.parser.TestTermParserSorts" time="0.004"/>
  <system-out><![CDATA[469150     INFO  Test worker     d.u.i.k.n.KeyIO           Parsing took 0 ms 
469150     DEBUG Test worker     d.u.i.k.n.KeyIO           Load declarations of de.uka.ilkd.key.nparser.KeyAst$File:  <unknown>:1#1 
469150     INFO  Test worker     d.u.i.k.n.KeyIO           MODE: declarations took 0 ms 
469150     DEBUG Test worker     d.u.i.k.n.KeyIO           MODE: 2nd degree decls took 0 
469150     INFO  Test worker     d.u.i.k.n.KeyIO           Parsing took 0 ms 
469150     DEBUG Test worker     d.u.i.k.n.KeyIO           Load declarations of de.uka.ilkd.key.nparser.KeyAst$File:  <unknown>:1#1 
469150     INFO  Test worker     d.u.i.k.n.KeyIO           MODE: declarations took 0 ms 
469150     DEBUG Test worker     d.u.i.k.n.KeyIO           MODE: 2nd degree decls took 0 
469150     INFO  Test worker     d.u.i.k.n.KeyIO           Parsing took 0 ms 
469150     DEBUG Test worker     d.u.i.k.n.KeyIO           Load declarations of de.uka.ilkd.key.nparser.KeyAst$File:  <unknown>:1#1 
469150     INFO  Test worker     d.u.i.k.n.KeyIO           MODE: declarations took 0 ms 
469150     DEBUG Test worker     d.u.i.k.n.KeyIO           MODE: 2nd degree decls took 0 
472315     INFO  Test worker     d.u.i.k.n.KeyIO           Parsing took 0 ms 
472315     DEBUG Test worker     d.u.i.k.n.KeyIO           Load declarations of de.uka.ilkd.key.nparser.KeyAst$File:  <unknown>:1#1 
472315     INFO  Test worker     d.u.i.k.n.KeyIO           MODE: declarations took 0 ms 
472315     DEBUG Test worker     d.u.i.k.n.KeyIO           MODE: 2nd degree decls took 0 
472315     INFO  Test worker     d.u.i.k.n.KeyIO           Parsing took 0 ms 
472315     DEBUG Test worker     d.u.i.k.n.KeyIO           Load declarations of de.uka.ilkd.key.nparser.KeyAst$File:  <unknown>:1#1 
472315     INFO  Test worker     d.u.i.k.n.KeyIO           MODE: declarations took 0 ms 
472315     DEBUG Test worker     d.u.i.k.n.KeyIO           MODE: 2nd degree decls took 0 
472315     INFO  Test worker     d.u.i.k.n.KeyIO           Parsing took 0 ms 
472315     DEBUG Test worker     d.u.i.k.n.KeyIO           Load declarations of de.uka.ilkd.key.nparser.KeyAst$File:  <unknown>:1#1 
472315     INFO  Test worker     d.u.i.k.n.KeyIO           MODE: declarations took 0 ms 
472315     DEBUG Test worker     d.u.i.k.n.KeyIO           MODE: 2nd degree decls took 0 
]]></system-out>
  <system-err><![CDATA[]]></system-err>
</testsuite>
