<?xml version="1.0" encoding="UTF-8"?>
<testsuite name="de.uka.ilkd.key.logic.TestClashFreeSubst" tests="14" skipped="2" failures="0" errors="0" timestamp="2023-05-26T22:30:52" hostname="fv-az931-697" time="52.543">
  <properties/>
  <testcase name="testMultiShareBound()" classname="de.uka.ilkd.key.logic.TestClashFreeSubst" time="1.048"/>
  <testcase name="testClash()" classname="de.uka.ilkd.key.logic.TestClashFreeSubst" time="1.069"/>
  <testcase name="testShare()" classname="de.uka.ilkd.key.logic.TestClashFreeSubst" time="1.015"/>
  <testcase name="testSubst()" classname="de.uka.ilkd.key.logic.TestClashFreeSubst" time="0.878"/>
  <testcase name="testWary0()" classname="de.uka.ilkd.key.logic.TestClashFreeSubst" time="0.933"/>
  <testcase name="testWary1()" classname="de.uka.ilkd.key.logic.TestClashFreeSubst" time="1.024"/>
  <testcase name="testWary2()" classname="de.uka.ilkd.key.logic.TestClashFreeSubst" time="1.052"/>
  <testcase name="testClashInSubstTerm()" classname="de.uka.ilkd.key.logic.TestClashFreeSubst" time="0.937"/>
  <testcase name="testShareWary()" classname="de.uka.ilkd.key.logic.TestClashFreeSubst" time="0.905"/>
  <testcase name="testMultiSubst()" classname="de.uka.ilkd.key.logic.TestClashFreeSubst" time="0.969"/>
  <testcase name="xtestMultiClash()" classname="de.uka.ilkd.key.logic.TestClashFreeSubst" time="0.0">
    <skipped/>
  </testcase>
  <testcase name="testSubstInSubstTerm()" classname="de.uka.ilkd.key.logic.TestClashFreeSubst" time="0.997"/>
  <testcase name="testSubstWary()" classname="de.uka.ilkd.key.logic.TestClashFreeSubst" time="0.92"/>
  <testcase name="xtestMultiClash1()" classname="de.uka.ilkd.key.logic.TestClashFreeSubst" time="0.0">
    <skipped/>
  </testcase>
  <system-out><![CDATA[55598      INFO  Test worker     d.u.i.k.n.KeyIO           Parsing took 0 ms 
55598      DEBUG Test worker     d.u.i.k.n.KeyIO           Load declarations of de.uka.ilkd.key.nparser.KeyAst$File:  <unknown>:1#1 
55598      INFO  Test worker     d.u.i.k.n.KeyIO           MODE: declarations took 0 ms 
55598      DEBUG Test worker     d.u.i.k.n.KeyIO           MODE: 2nd degree decls took 0 
56636      INFO  Test worker     d.u.i.k.n.KeyIO           Parsing took 0 ms 
56636      DEBUG Test worker     d.u.i.k.n.KeyIO           Load declarations of de.uka.ilkd.key.nparser.KeyAst$File:  <unknown>:1#1 
56636      INFO  Test worker     d.u.i.k.n.KeyIO           MODE: declarations took 0 ms 
56636      DEBUG Test worker     d.u.i.k.n.KeyIO           MODE: 2nd degree decls took 0 
59789      INFO  Test worker     d.u.i.k.n.KeyIO           Parsing took 0 ms 
59789      DEBUG Test worker     d.u.i.k.n.KeyIO           Load declarations of de.uka.ilkd.key.nparser.KeyAst$File:  <unknown>:1#1 
59789      INFO  Test worker     d.u.i.k.n.KeyIO           MODE: declarations took 0 ms 
59789      DEBUG Test worker     d.u.i.k.n.KeyIO           MODE: 2nd degree decls took 0 
60852      INFO  Test worker     d.u.i.k.n.KeyIO           Parsing took 0 ms 
60852      DEBUG Test worker     d.u.i.k.n.KeyIO           Load declarations of de.uka.ilkd.key.nparser.KeyAst$File:  <unknown>:1#1 
60852      INFO  Test worker     d.u.i.k.n.KeyIO           MODE: declarations took 0 ms 
60852      DEBUG Test worker     d.u.i.k.n.KeyIO           MODE: 2nd degree decls took 0 
64279      INFO  Test worker     d.u.i.k.n.KeyIO           Parsing took 0 ms 
64279      DEBUG Test worker     d.u.i.k.n.KeyIO           Load declarations of de.uka.ilkd.key.nparser.KeyAst$File:  <unknown>:1#1 
64279      INFO  Test worker     d.u.i.k.n.KeyIO           MODE: declarations took 0 ms 
64279      DEBUG Test worker     d.u.i.k.n.KeyIO           MODE: 2nd degree decls took 0 
65285      INFO  Test worker     d.u.i.k.n.KeyIO           Parsing took 0 ms 
65285      DEBUG Test worker     d.u.i.k.n.KeyIO           Load declarations of de.uka.ilkd.key.nparser.KeyAst$File:  <unknown>:1#1 
65285      INFO  Test worker     d.u.i.k.n.KeyIO           MODE: declarations took 0 ms 
65285      DEBUG Test worker     d.u.i.k.n.KeyIO           MODE: 2nd degree decls took 0 
68380      INFO  Test worker     d.u.i.k.n.KeyIO           Parsing took 0 ms 
68380      DEBUG Test worker     d.u.i.k.n.KeyIO           Load declarations of de.uka.ilkd.key.nparser.KeyAst$File:  <unknown>:1#1 
68380      INFO  Test worker     d.u.i.k.n.KeyIO           MODE: declarations took 0 ms 
68380      DEBUG Test worker     d.u.i.k.n.KeyIO           MODE: 2nd degree decls took 0 
69255      INFO  Test worker     d.u.i.k.n.KeyIO           Parsing took 0 ms 
69255      DEBUG Test worker     d.u.i.k.n.KeyIO           Load declarations of de.uka.ilkd.key.nparser.KeyAst$File:  <unknown>:1#1 
69255      INFO  Test worker     d.u.i.k.n.KeyIO           MODE: declarations took 0 ms 
69255      DEBUG Test worker     d.u.i.k.n.KeyIO           MODE: 2nd degree decls took 0 
72459      INFO  Test worker     d.u.i.k.n.KeyIO           Parsing took 0 ms 
72459      DEBUG Test worker     d.u.i.k.n.KeyIO           Load declarations of de.uka.ilkd.key.nparser.KeyAst$File:  <unknown>:1#1 
72459      INFO  Test worker     d.u.i.k.n.KeyIO           MODE: declarations took 0 ms 
72459      DEBUG Test worker     d.u.i.k.n.KeyIO           MODE: 2nd degree decls took 0 
73393      INFO  Test worker     d.u.i.k.n.KeyIO           Parsing took 0 ms 
73393      DEBUG Test worker     d.u.i.k.n.KeyIO           Load declarations of de.uka.ilkd.key.nparser.KeyAst$File:  <unknown>:1#1 
73393      INFO  Test worker     d.u.i.k.n.KeyIO           MODE: declarations took 0 ms 
73393      DEBUG Test worker     d.u.i.k.n.KeyIO           MODE: 2nd degree decls took 0 
76457      INFO  Test worker     d.u.i.k.n.KeyIO           Parsing took 0 ms 
76457      DEBUG Test worker     d.u.i.k.n.KeyIO           Load declarations of de.uka.ilkd.key.nparser.KeyAst$File:  <unknown>:1#1 
76457      INFO  Test worker     d.u.i.k.n.KeyIO           MODE: declarations took 0 ms 
76457      DEBUG Test worker     d.u.i.k.n.KeyIO           MODE: 2nd degree decls took 0 
77473      INFO  Test worker     d.u.i.k.n.KeyIO           Parsing took 0 ms 
77473      DEBUG Test worker     d.u.i.k.n.KeyIO           Load declarations of de.uka.ilkd.key.nparser.KeyAst$File:  <unknown>:1#1 
77473      INFO  Test worker     d.u.i.k.n.KeyIO           MODE: declarations took 0 ms 
77473      DEBUG Test worker     d.u.i.k.n.KeyIO           MODE: 2nd degree decls took 0 
80531      INFO  Test worker     d.u.i.k.n.KeyIO           Parsing took 0 ms 
80531      DEBUG Test worker     d.u.i.k.n.KeyIO           Load declarations of de.uka.ilkd.key.nparser.KeyAst$File:  <unknown>:1#1 
80531      INFO  Test worker     d.u.i.k.n.KeyIO           MODE: declarations took 0 ms 
80531      DEBUG Test worker     d.u.i.k.n.KeyIO           MODE: 2nd degree decls took 0 
81578      INFO  Test worker     d.u.i.k.n.KeyIO           Parsing took 0 ms 
81578      DEBUG Test worker     d.u.i.k.n.KeyIO           Load declarations of de.uka.ilkd.key.nparser.KeyAst$File:  <unknown>:1#1 
81578      INFO  Test worker     d.u.i.k.n.KeyIO           MODE: declarations took 0 ms 
81578      DEBUG Test worker     d.u.i.k.n.KeyIO           MODE: 2nd degree decls took 0 
84873      INFO  Test worker     d.u.i.k.n.KeyIO           Parsing took 0 ms 
84873      DEBUG Test worker     d.u.i.k.n.KeyIO           Load declarations of de.uka.ilkd.key.nparser.KeyAst$File:  <unknown>:1#1 
84873      INFO  Test worker     d.u.i.k.n.KeyIO           MODE: declarations took 0 ms 
84873      DEBUG Test worker     d.u.i.k.n.KeyIO           MODE: 2nd degree decls took 0 
85799      INFO  Test worker     d.u.i.k.n.KeyIO           Parsing took 0 ms 
85799      DEBUG Test worker     d.u.i.k.n.KeyIO           Load declarations of de.uka.ilkd.key.nparser.KeyAst$File:  <unknown>:1#1 
85799      INFO  Test worker     d.u.i.k.n.KeyIO           MODE: declarations took 0 ms 
85799      DEBUG Test worker     d.u.i.k.n.KeyIO           MODE: 2nd degree decls took 0 
88705      INFO  Test worker     d.u.i.k.n.KeyIO           Parsing took 0 ms 
88705      DEBUG Test worker     d.u.i.k.n.KeyIO           Load declarations of de.uka.ilkd.key.nparser.KeyAst$File:  <unknown>:1#1 
88705      INFO  Test worker     d.u.i.k.n.KeyIO           MODE: declarations took 0 ms 
88705      DEBUG Test worker     d.u.i.k.n.KeyIO           MODE: 2nd degree decls took 0 
89606      INFO  Test worker     d.u.i.k.n.KeyIO           Parsing took 0 ms 
89606      DEBUG Test worker     d.u.i.k.n.KeyIO           Load declarations of de.uka.ilkd.key.nparser.KeyAst$File:  <unknown>:1#1 
89606      INFO  Test worker     d.u.i.k.n.KeyIO           MODE: declarations took 0 ms 
89606      DEBUG Test worker     d.u.i.k.n.KeyIO           MODE: 2nd degree decls took 0 
92970      INFO  Test worker     d.u.i.k.n.KeyIO           Parsing took 0 ms 
92970      DEBUG Test worker     d.u.i.k.n.KeyIO           Load declarations of de.uka.ilkd.key.nparser.KeyAst$File:  <unknown>:1#1 
92970      INFO  Test worker     d.u.i.k.n.KeyIO           MODE: declarations took 0 ms 
92970      DEBUG Test worker     d.u.i.k.n.KeyIO           MODE: 2nd degree decls took 0 
93929      INFO  Test worker     d.u.i.k.n.KeyIO           Parsing took 0 ms 
93929      DEBUG Test worker     d.u.i.k.n.KeyIO           Load declarations of de.uka.ilkd.key.nparser.KeyAst$File:  <unknown>:1#1 
93929      INFO  Test worker     d.u.i.k.n.KeyIO           MODE: declarations took 0 ms 
93929      DEBUG Test worker     d.u.i.k.n.KeyIO           MODE: 2nd degree decls took 0 
99830      INFO  Test worker     d.u.i.k.n.KeyIO           Parsing took 0 ms 
99830      DEBUG Test worker     d.u.i.k.n.KeyIO           Load declarations of de.uka.ilkd.key.nparser.KeyAst$File:  <unknown>:1#1 
99830      INFO  Test worker     d.u.i.k.n.KeyIO           MODE: declarations took 0 ms 
99830      DEBUG Test worker     d.u.i.k.n.KeyIO           MODE: 2nd degree decls took 0 
100822     INFO  Test worker     d.u.i.k.n.KeyIO           Parsing took 0 ms 
100822     DEBUG Test worker     d.u.i.k.n.KeyIO           Load declarations of de.uka.ilkd.key.nparser.KeyAst$File:  <unknown>:1#1 
100822     INFO  Test worker     d.u.i.k.n.KeyIO           MODE: declarations took 0 ms 
100822     DEBUG Test worker     d.u.i.k.n.KeyIO           MODE: 2nd degree decls took 0 
104059     INFO  Test worker     d.u.i.k.n.KeyIO           Parsing took 0 ms 
104059     DEBUG Test worker     d.u.i.k.n.KeyIO           Load declarations of de.uka.ilkd.key.nparser.KeyAst$File:  <unknown>:1#1 
104059     INFO  Test worker     d.u.i.k.n.KeyIO           MODE: declarations took 0 ms 
104059     DEBUG Test worker     d.u.i.k.n.KeyIO           MODE: 2nd degree decls took 0 
104967     INFO  Test worker     d.u.i.k.n.KeyIO           Parsing took 0 ms 
104967     DEBUG Test worker     d.u.i.k.n.KeyIO           Load declarations of de.uka.ilkd.key.nparser.KeyAst$File:  <unknown>:1#1 
104967     INFO  Test worker     d.u.i.k.n.KeyIO           MODE: declarations took 0 ms 
104967     DEBUG Test worker     d.u.i.k.n.KeyIO           MODE: 2nd degree decls took 0 
]]></system-out>
  <system-err><![CDATA[]]></system-err>
</testsuite>
