<?xml version="1.0" encoding="UTF-8"?>
<testsuite name="de.uka.ilkd.key.rule.loop.LoopScopeInvRuleTests" tests="1" skipped="0" failures="0" errors="0" timestamp="2023-06-03T10:54:15" hostname="fv-az250-601" time="6.255">
  <properties/>
  <testcase name="testDoAutomaticProofOfBenchmarkWithLabeledBreaksAndContinues()" classname="de.uka.ilkd.key.rule.loop.LoopScopeInvRuleTests" time="6.255"/>
  <system-out><![CDATA[640243     INFO  Test worker     d.u.i.k.p.i.AbstractProblemLoader Loading environment from src\test\resources\testcase\loopScopeInvRule\Test.key 
640243     DEBUG Test worker     d.u.i.k.p.i.AbstractProblemLoader Environment load took 134.9ns 
640243     INFO  Test worker     d.u.i.k.p.i.AbstractProblemLoader Creating init config 
640422     DEBUG Test worker     d.u.i.k.j.TypeConverter   No LDT found for Meta 
640422     DEBUG Test worker     d.u.i.k.j.TypeConverter   No LDT found for Meta 
640422     DEBUG Test worker     d.u.i.k.j.TypeConverter   No LDT found for Meta 
640422     DEBUG Test worker     d.u.i.k.j.TypeConverter   No LDT found for Meta 
641171     DEBUG Test worker     d.u.i.k.j.TypeConverter   No LDT found for JavaBigintExpression 
645734     DEBUG Test worker     d.u.i.k.p.i.AbstractProblemLoader Init config took 5.49s 
645847     INFO  Test worker     d.u.i.k.p.i.AbstractProblemLoader Replaying proof Test[Test::loopScopeRuleBenchmark(int,boolean)].JML normal_behavior operation contract.0 
645850     DEBUG Test worker     d.u.i.k.p.i.IntermediateProofReplayer Proof replay took 73.4ns 
]]></system-out>
  <system-err><![CDATA[]]></system-err>
</testsuite>
