<?xml version="1.0" encoding="UTF-8"?>
<testsuite name="de.uka.ilkd.key.macros.scripts.TestProofScriptCommand" tests="7" skipped="0" failures="0" errors="0" timestamp="2023-06-03T10:47:39" hostname="fv-az250-601" time="29.219">
  <properties/>
  <testcase name="[1] andRight.props, D:\a\key\key\key.core\build\resources\test\de\uka\ilkd\key\macros\scripts\cases\andRight.props" classname="de.uka.ilkd.key.macros.scripts.TestProofScriptCommand" time="4.197"/>
  <testcase name="[2] hide.exc.props, D:\a\key\key\key.core\build\resources\test\de\uka\ilkd\key\macros\scripts\cases\hide.exc.props" classname="de.uka.ilkd.key.macros.scripts.TestProofScriptCommand" time="4.184"/>
  <testcase name="[3] hide.props, D:\a\key\key\key.core\build\resources\test\de\uka\ilkd\key\macros\scripts\cases\hide.props" classname="de.uka.ilkd.key.macros.scripts.TestProofScriptCommand" time="4.126"/>
  <testcase name="[4] rule.exc.props, D:\a\key\key\key.core\build\resources\test\de\uka\ilkd\key\macros\scripts\cases\rule.exc.props" classname="de.uka.ilkd.key.macros.scripts.TestProofScriptCommand" time="4.197"/>
  <testcase name="[5] selectFormula.props, D:\a\key\key\key.core\build\resources\test\de\uka\ilkd\key\macros\scripts\cases\selectFormula.props" classname="de.uka.ilkd.key.macros.scripts.TestProofScriptCommand" time="4.126"/>
  <testcase name="[6] unhide.props, D:\a\key\key\key.core\build\resources\test\de\uka\ilkd\key\macros\scripts\cases\unhide.props" classname="de.uka.ilkd.key.macros.scripts.TestProofScriptCommand" time="4.191"/>
  <testcase name="[7] unhide2.props, D:\a\key\key\key.core\build\resources\test\de\uka\ilkd\key\macros\scripts\cases\unhide2.props" classname="de.uka.ilkd.key.macros.scripts.TestProofScriptCommand" time="4.195"/>
  <system-out><![CDATA[245198     INFO  Test worker     d.u.i.k.p.i.AbstractProblemLoader Loading environment from C:\Users\RUNNER~1\AppData\Local\Temp\proofscript_key_andRight.props11239318841891049487.key 
245198     DEBUG Test worker     d.u.i.k.p.i.AbstractProblemLoader Environment load took 651.5ns 
245198     INFO  Test worker     d.u.i.k.p.i.AbstractProblemLoader Creating init config 
249319     DEBUG Test worker     d.u.i.k.p.i.AbstractProblemLoader Init config took 4.12s 
249350     INFO  Test worker     d.u.i.k.p.i.AbstractProblemLoader Replaying proof proofscript_key_andRight.props11239318841891049487.key 
249350     DEBUG Test worker     d.u.i.k.p.i.IntermediateProofReplayer Proof replay took 9.9ns 
249350     DEBUG Test worker     d.u.i.k.m.s.ProofScriptEngine [1] goal: 0, source line: 1, command: 'rule andRight' 
249397     INFO  Test worker     d.u.i.k.p.i.AbstractProblemLoader Loading environment from C:\Users\RUNNER~1\AppData\Local\Temp\proofscript_key_hide.exc.props5380083821560018385.key 
249397     DEBUG Test worker     d.u.i.k.p.i.AbstractProblemLoader Environment load took 176.2ns 
249397     INFO  Test worker     d.u.i.k.p.i.AbstractProblemLoader Creating init config 
253534     DEBUG Test worker     d.u.i.k.p.i.AbstractProblemLoader Init config took 4.14s 
253565     INFO  Test worker     d.u.i.k.p.i.AbstractProblemLoader Replaying proof proofscript_key_hide.exc.props5380083821560018385.key 
253565     DEBUG Test worker     d.u.i.k.p.i.IntermediateProofReplayer Proof replay took 8.6ns 
253565     DEBUG Test worker     d.u.i.k.m.s.ProofScriptEngine [1] goal: 0, source line: 1, command: 'macro split-prop' 
253581     DEBUG Test worker     d.u.i.k.m.s.ProofScriptEngine [2] goal: 1, source line: 2, command: 'hide "b ==>"' 
253581     DEBUG Test worker     d.u.i.k.m.s.ProofScriptEngine GOALS: 1 
253581     DEBUG Test worker     d.u.i.k.m.s.ProofScriptEngine [a]==>[b] 
253581     INFO  Test worker     d.u.i.k.p.i.AbstractProblemLoader Loading environment from C:\Users\RUNNER~1\AppData\Local\Temp\proofscript_key_hide.props10211571619443298594.key 
253581     DEBUG Test worker     d.u.i.k.p.i.AbstractProblemLoader Environment load took 156.4ns 
253581     INFO  Test worker     d.u.i.k.p.i.AbstractProblemLoader Creating init config 
257661     DEBUG Test worker     d.u.i.k.p.i.AbstractProblemLoader Init config took 4.08s 
257692     INFO  Test worker     d.u.i.k.p.i.AbstractProblemLoader Replaying proof proofscript_key_hide.props10211571619443298594.key 
257692     DEBUG Test worker     d.u.i.k.p.i.IntermediateProofReplayer Proof replay took 9.3ns 
257692     DEBUG Test worker     d.u.i.k.m.s.ProofScriptEngine [1] goal: 0, source line: 1, command: 'macro split-prop' 
257708     DEBUG Test worker     d.u.i.k.m.s.ProofScriptEngine [2] goal: 5, source line: 2, command: 'hide "a ==> d, e"' 
257708     INFO  Test worker     d.u.i.k.p.i.AbstractProblemLoader Loading environment from C:\Users\RUNNER~1\AppData\Local\Temp\proofscript_key_rule.exc.props3021460864000698938.key 
257708     DEBUG Test worker     d.u.i.k.p.i.AbstractProblemLoader Environment load took 160.5ns 
257708     INFO  Test worker     d.u.i.k.p.i.AbstractProblemLoader Creating init config 
261874     DEBUG Test worker     d.u.i.k.p.i.AbstractProblemLoader Init config took 4.16s 
261890     INFO  Test worker     d.u.i.k.p.i.AbstractProblemLoader Replaying proof proofscript_key_rule.exc.props3021460864000698938.key 
261890     DEBUG Test worker     d.u.i.k.p.i.IntermediateProofReplayer Proof replay took 9ns 
261906     DEBUG Test worker     d.u.i.k.m.s.ProofScriptEngine [1] goal: 0, source line: 1, command: 'rule andLeft' 
261906     DEBUG Test worker     d.u.i.k.m.s.ProofScriptEngine GOALS: 1 
261906     DEBUG Test worker     d.u.i.k.m.s.ProofScriptEngine []==>[and(a,b)] 
261906     INFO  Test worker     d.u.i.k.p.i.AbstractProblemLoader Loading environment from C:\Users\RUNNER~1\AppData\Local\Temp\proofscript_key_selectFormula.props7177227656802572788.key 
261906     DEBUG Test worker     d.u.i.k.p.i.AbstractProblemLoader Environment load took 468.2ns 
261906     INFO  Test worker     d.u.i.k.p.i.AbstractProblemLoader Creating init config 
265986     DEBUG Test worker     d.u.i.k.p.i.AbstractProblemLoader Init config took 4.09s 
266017     INFO  Test worker     d.u.i.k.p.i.AbstractProblemLoader Replaying proof proofscript_key_selectFormula.props7177227656802572788.key 
266017     DEBUG Test worker     d.u.i.k.p.i.IntermediateProofReplayer Proof replay took 9ns 
266017     DEBUG Test worker     d.u.i.k.m.s.ProofScriptEngine [1] goal: 0, source line: 1, command: 'macro split-prop' 
266032     DEBUG Test worker     d.u.i.k.m.s.ProofScriptEngine [2] goal: 3, source line: 2, command: 'select formula="b"' 
266032     INFO  Test worker     d.u.i.k.p.i.AbstractProblemLoader Loading environment from C:\Users\RUNNER~1\AppData\Local\Temp\proofscript_key_unhide.props9732873421596449634.key 
266032     DEBUG Test worker     d.u.i.k.p.i.AbstractProblemLoader Environment load took 168.9ns 
266032     INFO  Test worker     d.u.i.k.p.i.AbstractProblemLoader Creating init config 
270191     DEBUG Test worker     d.u.i.k.p.i.AbstractProblemLoader Init config took 4.15s 
270207     INFO  Test worker     d.u.i.k.p.i.AbstractProblemLoader Replaying proof proofscript_key_unhide.props9732873421596449634.key 
270207     DEBUG Test worker     d.u.i.k.p.i.IntermediateProofReplayer Proof replay took 9.7ns 
270207     DEBUG Test worker     d.u.i.k.m.s.ProofScriptEngine [1] goal: 0, source line: 1, command: 'rule impRight' 
270223     DEBUG Test worker     d.u.i.k.m.s.ProofScriptEngine [2] goal: 1, source line: 2, command: 'hide '2=3 ==> 3=4'' 
270223     DEBUG Test worker     d.u.i.k.m.s.ProofScriptEngine [3] goal: 3, source line: 3, command: 'unhide '2=3 ==>'' 
270223     DEBUG Test worker     d.u.i.k.m.s.ProofScriptEngine [4] goal: 4, source line: 4, command: 'unhide '==> 3=4'' 
270223     INFO  Test worker     d.u.i.k.p.i.AbstractProblemLoader Loading environment from C:\Users\RUNNER~1\AppData\Local\Temp\proofscript_key_unhide2.props6378239645624325602.key 
270223     DEBUG Test worker     d.u.i.k.p.i.AbstractProblemLoader Environment load took 165.1ns 
270238     INFO  Test worker     d.u.i.k.p.i.AbstractProblemLoader Creating init config 
274388     DEBUG Test worker     d.u.i.k.p.i.AbstractProblemLoader Init config took 4.16s 
274404     INFO  Test worker     d.u.i.k.p.i.AbstractProblemLoader Replaying proof proofscript_key_unhide2.props6378239645624325602.key 
274419     DEBUG Test worker     d.u.i.k.p.i.IntermediateProofReplayer Proof replay took 10.2ns 
274419     DEBUG Test worker     d.u.i.k.m.s.ProofScriptEngine [1] goal: 0, source line: 1, command: 'rule impRight' 
274419     DEBUG Test worker     d.u.i.k.m.s.ProofScriptEngine [2] goal: 1, source line: 2, command: 'hide '2=3 ==> 3=4'' 
274419     DEBUG Test worker     d.u.i.k.m.s.ProofScriptEngine [3] goal: 3, source line: 3, command: 'unhide '2=3 ==> 3=4'' 
]]></system-out>
  <system-err><![CDATA[]]></system-err>
</testsuite>
