<?xml version="1.0" encoding="UTF-8"?>
<testsuite name="de.uka.ilkd.key.proof.TestOneStepSimplifier" tests="1" skipped="0" failures="0" errors="0" timestamp="2023-06-03T10:53:41" hostname="fv-az250-601" time="5.594">
  <properties/>
  <testcase name="loadWithRestriction()" classname="de.uka.ilkd.key.proof.TestOneStepSimplifier" time="5.594"/>
  <system-out><![CDATA[606985     INFO  Test worker     d.u.i.k.p.i.AbstractProblemLoader Loading environment from src\test\resources\testcase\ossRestriction.proof 
606985     DEBUG Test worker     d.u.i.k.p.i.AbstractProblemLoader Environment load took 141.4ns 
606987     INFO  Test worker     d.u.i.k.p.i.AbstractProblemLoader Creating init config 
607169     DEBUG Test worker     d.u.i.k.j.TypeConverter   No LDT found for Meta 
607169     DEBUG Test worker     d.u.i.k.j.TypeConverter   No LDT found for Meta 
607169     DEBUG Test worker     d.u.i.k.j.TypeConverter   No LDT found for Meta 
607169     DEBUG Test worker     d.u.i.k.j.TypeConverter   No LDT found for Meta 
607875     DEBUG Test worker     d.u.i.k.j.TypeConverter   No LDT found for JavaBigintExpression 
612544     DEBUG Test worker     d.u.i.k.p.i.AbstractProblemLoader Init config took 5.56s 
612575     INFO  Test worker     d.u.i.k.p.i.AbstractProblemLoader Replaying proof ossRestriction.proof 
612575     DEBUG Test worker     d.u.i.k.p.i.IntermediateProofReplayer Proof replay took 1.04ms 
]]></system-out>
  <system-err><![CDATA[]]></system-err>
</testsuite>
