<?xml version="1.0" encoding="UTF-8"?>
<testsuite name="de.uka.ilkd.key.logic.TestTermLabelManager" tests="21" skipped="0" failures="0" errors="0" timestamp="2023-06-03T10:46:12" hostname="fv-az250-601" time="79.555">
  <properties/>
  <testcase name="testInstantiateLabels_directChildPolicies_allRules()" classname="de.uka.ilkd.key.logic.TestTermLabelManager" time="5.628"/>
  <testcase name="testInstantiateLabels_childAndGrandchildPolicies_ruleSpecific()" classname="de.uka.ilkd.key.logic.TestTermLabelManager" time="4.151"/>
  <testcase name="testParseLabel()" classname="de.uka.ilkd.key.logic.TestTermLabelManager" time="4.219"/>
  <testcase name="testrefactorGoal_childrenAndGrandchildren_ruleSpecific()" classname="de.uka.ilkd.key.logic.TestTermLabelManager" time="4.187"/>
  <testcase name="testrefactorGoal_directChildren_allRules()" classname="de.uka.ilkd.key.logic.TestTermLabelManager" time="4.134"/>
  <testcase name="testInstantiateLabels_childAndGrandchildPolicies_allRules()" classname="de.uka.ilkd.key.logic.TestTermLabelManager" time="4.097"/>
  <testcase name="testInstantiateLabels_taclet()" classname="de.uka.ilkd.key.logic.TestTermLabelManager" time="4.056"/>
  <testcase name="testrefactorGoal_none_ruleSpecific()" classname="de.uka.ilkd.key.logic.TestTermLabelManager" time="4.1"/>
  <testcase name="testInstantiateLabels_updates_ruleSpecific()" classname="de.uka.ilkd.key.logic.TestTermLabelManager" time="4.05"/>
  <testcase name="testrefactorGoal_sequent_ruleSpecific()" classname="de.uka.ilkd.key.logic.TestTermLabelManager" time="4.071"/>
  <testcase name="testInstantiateLabels_updates_allRules()" classname="de.uka.ilkd.key.logic.TestTermLabelManager" time="4.089"/>
  <testcase name="testrefactorGoal_sequent_allRules()" classname="de.uka.ilkd.key.logic.TestTermLabelManager" time="4.079"/>
  <testcase name="testrefactorGoal_childrenAndGrandchildren_allRules()" classname="de.uka.ilkd.key.logic.TestTermLabelManager" time="4.12"/>
  <testcase name="testGetTermLabelManager()" classname="de.uka.ilkd.key.logic.TestTermLabelManager" time="0.004"/>
  <testcase name="testInstantiateLabels_applicationTermPolicies()" classname="de.uka.ilkd.key.logic.TestTermLabelManager" time="4.086"/>
  <testcase name="testInstantiateLabels_modalityTermPolicies()" classname="de.uka.ilkd.key.logic.TestTermLabelManager" time="4.087"/>
  <testcase name="testrefactorGoal_none_allRules()" classname="de.uka.ilkd.key.logic.TestTermLabelManager" time="4.097"/>
  <testcase name="testInstantiateLabels_null()" classname="de.uka.ilkd.key.logic.TestTermLabelManager" time="0.0"/>
  <testcase name="testrefactorGoal_directChildren_ruleSpecific()" classname="de.uka.ilkd.key.logic.TestTermLabelManager" time="4.091"/>
  <testcase name="testInstantiateLabels_directChildPolicies_ruleSpecific()" classname="de.uka.ilkd.key.logic.TestTermLabelManager" time="4.083"/>
  <testcase name="testGetSupportedTermLabelNames()" classname="de.uka.ilkd.key.logic.TestTermLabelManager" time="4.115"/>
  <system-out><![CDATA[157262     INFO  Test worker     d.u.i.k.p.i.AbstractProblemLoader Loading environment from src\test\resources\testcase\termLabels\flatSteps\FlatSteps.java 
157262     DEBUG Test worker     d.u.i.k.p.i.AbstractProblemLoader Environment load took 281.1ns 
157262     INFO  Test worker     d.u.i.k.p.i.AbstractProblemLoader Creating init config 
157477     DEBUG Test worker     d.u.i.k.j.TypeConverter   No LDT found for Meta 
157477     DEBUG Test worker     d.u.i.k.j.TypeConverter   No LDT found for Meta 
157477     DEBUG Test worker     d.u.i.k.j.TypeConverter   No LDT found for Meta 
157477     DEBUG Test worker     d.u.i.k.j.TypeConverter   No LDT found for Meta 
158274     DEBUG Test worker     d.u.i.k.j.TypeConverter   No LDT found for JavaBigintExpression 
162866     DEBUG Test worker     d.u.i.k.p.i.AbstractProblemLoader Init config took 5.61s 
162882     INFO  Test worker     d.u.i.k.p.i.AbstractProblemLoader Loading environment from src\test\resources\testcase\termLabels\flatSteps\FlatSteps.java 
162882     DEBUG Test worker     d.u.i.k.p.i.AbstractProblemLoader Environment load took 236ns 
162882     INFO  Test worker     d.u.i.k.p.i.AbstractProblemLoader Creating init config 
167033     DEBUG Test worker     d.u.i.k.p.i.AbstractProblemLoader Init config took 4.15s 
167049     INFO  Test worker     d.u.i.k.p.i.AbstractProblemLoader Loading environment from src\test\resources\testcase\termLabels\flatSteps\FlatSteps.java 
167049     DEBUG Test worker     d.u.i.k.p.i.AbstractProblemLoader Environment load took 248.3ns 
167049     INFO  Test worker     d.u.i.k.p.i.AbstractProblemLoader Creating init config 
171253     DEBUG Test worker     d.u.i.k.p.i.AbstractProblemLoader Init config took 4.21s 
171269     INFO  Test worker     d.u.i.k.p.i.AbstractProblemLoader Loading environment from src\test\resources\testcase\termLabels\flatSteps\FlatSteps.java 
171269     DEBUG Test worker     d.u.i.k.p.i.AbstractProblemLoader Environment load took 296.5ns 
171269     INFO  Test worker     d.u.i.k.p.i.AbstractProblemLoader Creating init config 
175424     DEBUG Test worker     d.u.i.k.p.i.AbstractProblemLoader Init config took 4.17s 
175440     INFO  Test worker     d.u.i.k.p.i.AbstractProblemLoader Loading environment from src\test\resources\testcase\termLabels\flatSteps\FlatSteps.java 
175440     DEBUG Test worker     d.u.i.k.p.i.AbstractProblemLoader Environment load took 169ns 
175456     INFO  Test worker     d.u.i.k.p.i.AbstractProblemLoader Creating init config 
179560     DEBUG Test worker     d.u.i.k.p.i.AbstractProblemLoader Init config took 4.12s 
179575     INFO  Test worker     d.u.i.k.p.i.AbstractProblemLoader Loading environment from src\test\resources\testcase\termLabels\flatSteps\FlatSteps.java 
179575     DEBUG Test worker     d.u.i.k.p.i.AbstractProblemLoader Environment load took 2.9ms 
179591     INFO  Test worker     d.u.i.k.p.i.AbstractProblemLoader Creating init config 
183673     DEBUG Test worker     d.u.i.k.p.i.AbstractProblemLoader Init config took 4.08s 
183673     INFO  Test worker     d.u.i.k.p.i.AbstractProblemLoader Loading environment from src\test\resources\testcase\termLabels\flatSteps\FlatSteps.java 
183673     DEBUG Test worker     d.u.i.k.p.i.AbstractProblemLoader Environment load took 190.3ns 
183673     INFO  Test worker     d.u.i.k.p.i.AbstractProblemLoader Creating init config 
187714     DEBUG Test worker     d.u.i.k.p.i.AbstractProblemLoader Init config took 4.04s 
187730     INFO  Test worker     d.u.i.k.p.i.AbstractProblemLoader Loading environment from src\test\resources\testcase\termLabels\flatSteps\FlatSteps.java 
187730     DEBUG Test worker     d.u.i.k.p.i.AbstractProblemLoader Environment load took 481.7ns 
187730     INFO  Test worker     d.u.i.k.p.i.AbstractProblemLoader Creating init config 
191814     DEBUG Test worker     d.u.i.k.p.i.AbstractProblemLoader Init config took 4.09s 
191830     INFO  Test worker     d.u.i.k.p.i.AbstractProblemLoader Loading environment from src\test\resources\testcase\termLabels\flatSteps\FlatSteps.java 
191830     DEBUG Test worker     d.u.i.k.p.i.AbstractProblemLoader Environment load took 433.4ns 
191830     INFO  Test worker     d.u.i.k.p.i.AbstractProblemLoader Creating init config 
195880     DEBUG Test worker     d.u.i.k.p.i.AbstractProblemLoader Init config took 4.05s 
195880     INFO  Test worker     d.u.i.k.p.i.AbstractProblemLoader Loading environment from src\test\resources\testcase\termLabels\flatSteps\FlatSteps.java 
195880     DEBUG Test worker     d.u.i.k.p.i.AbstractProblemLoader Environment load took 194.6ns 
195880     INFO  Test worker     d.u.i.k.p.i.AbstractProblemLoader Creating init config 
199952     DEBUG Test worker     d.u.i.k.p.i.AbstractProblemLoader Init config took 4.06s 
199968     INFO  Test worker     d.u.i.k.p.i.AbstractProblemLoader Loading environment from src\test\resources\testcase\termLabels\flatSteps\FlatSteps.java 
199968     DEBUG Test worker     d.u.i.k.p.i.AbstractProblemLoader Environment load took 192.1ns 
199968     INFO  Test worker     d.u.i.k.p.i.AbstractProblemLoader Creating init config 
204025     DEBUG Test worker     d.u.i.k.p.i.AbstractProblemLoader Init config took 4.07s 
204041     INFO  Test worker     d.u.i.k.p.i.AbstractProblemLoader Loading environment from src\test\resources\testcase\termLabels\flatSteps\FlatSteps.java 
204041     DEBUG Test worker     d.u.i.k.p.i.AbstractProblemLoader Environment load took 525.5ns 
204041     INFO  Test worker     d.u.i.k.p.i.AbstractProblemLoader Creating init config 
208120     DEBUG Test worker     d.u.i.k.p.i.AbstractProblemLoader Init config took 4.08s 
208120     INFO  Test worker     d.u.i.k.p.i.AbstractProblemLoader Loading environment from src\test\resources\testcase\termLabels\flatSteps\FlatSteps.java 
208120     DEBUG Test worker     d.u.i.k.p.i.AbstractProblemLoader Environment load took 162.7ns 
208135     INFO  Test worker     d.u.i.k.p.i.AbstractProblemLoader Creating init config 
212224     DEBUG Test worker     d.u.i.k.p.i.AbstractProblemLoader Init config took 4.1s 
212255     INFO  Test worker     d.u.i.k.p.i.AbstractProblemLoader Loading environment from src\test\resources\testcase\termLabels\flatSteps\FlatSteps.java 
212255     DEBUG Test worker     d.u.i.k.p.i.AbstractProblemLoader Environment load took 502.4ns 
212255     INFO  Test worker     d.u.i.k.p.i.AbstractProblemLoader Creating init config 
216317     DEBUG Test worker     d.u.i.k.p.i.AbstractProblemLoader Init config took 4.07s 
216332     INFO  Test worker     d.u.i.k.p.i.AbstractProblemLoader Loading environment from src\test\resources\testcase\termLabels\flatSteps\FlatSteps.java 
216332     DEBUG Test worker     d.u.i.k.p.i.AbstractProblemLoader Environment load took 190.6ns 
216332     INFO  Test worker     d.u.i.k.p.i.AbstractProblemLoader Creating init config 
220419     DEBUG Test worker     d.u.i.k.p.i.AbstractProblemLoader Init config took 4.08s 
220419     INFO  Test worker     d.u.i.k.p.i.AbstractProblemLoader Loading environment from src\test\resources\testcase\termLabels\flatSteps\FlatSteps.java 
220419     DEBUG Test worker     d.u.i.k.p.i.AbstractProblemLoader Environment load took 198.3ns 
220419     INFO  Test worker     d.u.i.k.p.i.AbstractProblemLoader Creating init config 
224516     DEBUG Test worker     d.u.i.k.p.i.AbstractProblemLoader Init config took 4.1s 
224532     INFO  Test worker     d.u.i.k.p.i.AbstractProblemLoader Loading environment from src\test\resources\testcase\termLabels\flatSteps\FlatSteps.java 
224532     DEBUG Test worker     d.u.i.k.p.i.AbstractProblemLoader Environment load took 510.4ns 
224532     INFO  Test worker     d.u.i.k.p.i.AbstractProblemLoader Creating init config 
228609     DEBUG Test worker     d.u.i.k.p.i.AbstractProblemLoader Init config took 4.08s 
228624     INFO  Test worker     d.u.i.k.p.i.AbstractProblemLoader Loading environment from src\test\resources\testcase\termLabels\flatSteps\FlatSteps.java 
228624     DEBUG Test worker     d.u.i.k.p.i.AbstractProblemLoader Environment load took 184ns 
228624     INFO  Test worker     d.u.i.k.p.i.AbstractProblemLoader Creating init config 
232693     DEBUG Test worker     d.u.i.k.p.i.AbstractProblemLoader Init config took 4.08s 
232708     INFO  Test worker     d.u.i.k.p.i.AbstractProblemLoader Loading environment from src\test\resources\testcase\termLabels\flatSteps\FlatSteps.java 
232708     DEBUG Test worker     d.u.i.k.p.i.AbstractProblemLoader Environment load took 578.7ns 
232723     INFO  Test worker     d.u.i.k.p.i.AbstractProblemLoader Creating init config 
236809     DEBUG Test worker     d.u.i.k.p.i.AbstractProblemLoader Init config took 4.09s 
]]></system-out>
  <system-err><![CDATA[]]></system-err>
</testsuite>
