<?xml version="1.0" encoding="UTF-8"?>
<testsuite name="de.uka.ilkd.key.parser.TestTermParserSorts" tests="2" skipped="0" failures="0" errors="0" timestamp="2023-06-03T10:53:37" hostname="fv-az250-601" time="4.16">
  <properties/>
  <testcase name="testParseIntegerArgs()" classname="de.uka.ilkd.key.parser.TestTermParserSorts" time="0.02"/>
  <testcase name="testParseSequencePrettySyntax()" classname="de.uka.ilkd.key.parser.TestTermParserSorts" time="0.004"/>
  <system-out><![CDATA[602772     INFO  Test worker     d.u.i.k.n.KeyIO           Parsing took 0 ms 
602772     DEBUG Test worker     d.u.i.k.n.KeyIO           Load declarations of de.uka.ilkd.key.nparser.KeyAst$File:  <unknown>:1#1 
602772     INFO  Test worker     d.u.i.k.n.KeyIO           MODE: declarations took 0 ms 
602772     DEBUG Test worker     d.u.i.k.n.KeyIO           MODE: 2nd degree decls took 0 
602772     INFO  Test worker     d.u.i.k.n.KeyIO           Parsing took 0 ms 
602772     DEBUG Test worker     d.u.i.k.n.KeyIO           Load declarations of de.uka.ilkd.key.nparser.KeyAst$File:  <unknown>:1#1 
602788     INFO  Test worker     d.u.i.k.n.KeyIO           MODE: declarations took 16 ms 
602788     DEBUG Test worker     d.u.i.k.n.KeyIO           MODE: 2nd degree decls took 0 
602788     INFO  Test worker     d.u.i.k.n.KeyIO           Parsing took 0 ms 
602788     DEBUG Test worker     d.u.i.k.n.KeyIO           Load declarations of de.uka.ilkd.key.nparser.KeyAst$File:  <unknown>:1#1 
602788     INFO  Test worker     d.u.i.k.n.KeyIO           MODE: declarations took 0 ms 
602788     DEBUG Test worker     d.u.i.k.n.KeyIO           MODE: 2nd degree decls took 0 
606928     INFO  Test worker     d.u.i.k.n.KeyIO           Parsing took 0 ms 
606928     DEBUG Test worker     d.u.i.k.n.KeyIO           Load declarations of de.uka.ilkd.key.nparser.KeyAst$File:  <unknown>:1#1 
606928     INFO  Test worker     d.u.i.k.n.KeyIO           MODE: declarations took 0 ms 
606928     DEBUG Test worker     d.u.i.k.n.KeyIO           MODE: 2nd degree decls took 0 
606928     INFO  Test worker     d.u.i.k.n.KeyIO           Parsing took 0 ms 
606928     DEBUG Test worker     d.u.i.k.n.KeyIO           Load declarations of de.uka.ilkd.key.nparser.KeyAst$File:  <unknown>:1#1 
606928     INFO  Test worker     d.u.i.k.n.KeyIO           MODE: declarations took 0 ms 
606928     DEBUG Test worker     d.u.i.k.n.KeyIO           MODE: 2nd degree decls took 0 
606928     INFO  Test worker     d.u.i.k.n.KeyIO           Parsing took 0 ms 
606928     DEBUG Test worker     d.u.i.k.n.KeyIO           Load declarations of de.uka.ilkd.key.nparser.KeyAst$File:  <unknown>:1#1 
606928     INFO  Test worker     d.u.i.k.n.KeyIO           MODE: declarations took 0 ms 
606928     DEBUG Test worker     d.u.i.k.n.KeyIO           MODE: 2nd degree decls took 0 
]]></system-out>
  <system-err><![CDATA[]]></system-err>
</testsuite>
