<?xml version="1.0" encoding="UTF-8"?>
<testsuite name="de.uka.ilkd.key.smt.newsmt2.ProveSMTLemmasTest" tests="25" skipped="0" failures="0" errors="0" timestamp="2023-06-03T10:59:35" hostname="fv-az250-601" time="107.644">
  <properties/>
  <testcase name="[1] jmod.dl, &#10;\forall int divNum; \forall int divDenom;&#10;  jmod(divNum,divDenom) =&#10;    divNum + jdiv(divNum,divDenom)*(-1)*divDenom&#10;" classname="de.uka.ilkd.key.smt.newsmt2.ProveSMTLemmasTest" time="4.346"/>
  <testcase name="[2] seqSub.dl, &#13;&#10;    \forall Seq seq;&#13;&#10;    \forall int from;&#13;&#10;    \forall int to;&#13;&#10;    \forall int idx;&#13;&#10;        any::seqGet(seqSub(seq, from, to)&lt;&lt;Trigger&gt;&gt;, idx)&#13;&#10;      = \if(0 &lt;= idx &amp; idx &lt; (to - from))&#13;&#10;        \then(any::seqGet(seq, idx + from))&#13;&#10;        \else(seqGetOutside)&#13;&#10;" classname="de.uka.ilkd.key.smt.newsmt2.ProveSMTLemmasTest" time="4.34"/>
  <testcase name="[3] seqGetOutside.dl, &#13;&#10;    \forall int i; \forall Seq s; ( i &lt; 0 | i &gt;= seqLen(s) -&gt; any::seqGet(s, i)&lt;&lt;Trigger&gt;&gt; = seqGetOutside )&#13;&#10;" classname="de.uka.ilkd.key.smt.newsmt2.ProveSMTLemmasTest" time="4.343"/>
  <testcase name="[4] singleton.dl, &#10;  \forall Object o; \forall Field f; \forall Object o2; \forall Field f2;&#10;    ( elementOf(o,f, singleton(o2,f2))&lt;&lt;Trigger&gt;&gt; &lt;-&gt;&#10;      o = o2 &amp; f = f2 )&#10;" classname="de.uka.ilkd.key.smt.newsmt2.ProveSMTLemmasTest" time="4.301"/>
  <testcase name="[5] create.dl, &#13;&#10;  \forall Heap h; \forall Object o; \forall Object o2; \forall Field f;&#13;&#10;      any::select(create(h, o), o2, f)&lt;&lt;Trigger&gt;&gt; =&#13;&#10;         \if(o = o2 &amp; o != null &amp; f = java.lang.Object::&lt;created&gt;)&#13;&#10;         \then(TRUE)&#13;&#10;         \else(any::select(h, o2, f))&#13;&#10;" classname="de.uka.ilkd.key.smt.newsmt2.ProveSMTLemmasTest" time="4.265"/>
  <testcase name="[6] allFields.dl, &#13;&#10;  \forall Object o; \forall Field f; \forall Object o2;&#13;&#10;    ( elementOf(o,f, allFields(o2))&lt;&lt;Trigger&gt;&gt; &lt;-&gt;&#13;&#10;       o = o2 )&#13;&#10;" classname="de.uka.ilkd.key.smt.newsmt2.ProveSMTLemmasTest" time="4.294"/>
  <testcase name="[7] seqEmpty.dl, &#13;&#10;    seqLen(seqEmpty) = 0&#13;&#10;&#10;" classname="de.uka.ilkd.key.smt.newsmt2.ProveSMTLemmasTest" time="4.283"/>
  <testcase name="[8] union.dl, &#10;  \forall Object o; \forall Field f; \forall LocSet l1; \forall LocSet l2;&#10;     ( elementOf(o, f, union(l1, l2))&lt;&lt;Trigger&gt;&gt; &lt;-&gt; elementOf(o,f,l1) | elementOf(o,f,l2) )&#10;" classname="de.uka.ilkd.key.smt.newsmt2.ProveSMTLemmasTest" time="4.235"/>
  <testcase name="[9] seqConcat.dl.2, &#13;&#10;    \forall Seq s1; \forall Seq s2; seqLen(seqConcat(s1,s2)&lt;&lt;Trigger&gt;&gt;) = seqLen(s1) + seqLen(s2)&#13;&#10;&#10;" classname="de.uka.ilkd.key.smt.newsmt2.ProveSMTLemmasTest" time="4.208"/>
  <testcase name="[10] wellFormed.dl, &#13;&#10;  \forall Heap h; \forall Object o; \forall Field f; (wellFormed(h) -&gt;&#13;&#10;      boolean::select(h, (java.lang.Object::select(h, o, f))&lt;&lt;Trigger&gt;&gt;, java.lang.Object::&lt;created&gt;) = TRUE&#13;&#10;    | (java.lang.Object::select(h, o, f)) = null)&#13;&#10;" classname="de.uka.ilkd.key.smt.newsmt2.ProveSMTLemmasTest" time="4.231"/>
  <testcase name="[11] jdiv.dl, &#10;\forall int divNum; \forall int divDenom;&#10;  jdiv(divNum,divDenom) =&#10;         \if (divNum &gt;= 0)&#10;         \then (div(divNum,divDenom))&#10;         \else (div(divNum*(-1),divDenom)*(-1))&#10;" classname="de.uka.ilkd.key.smt.newsmt2.ProveSMTLemmasTest" time="4.313"/>
  <testcase name="[12] empty.dl, &#10;  \forall Object o; \forall Field f; ( elementOf(o,f,empty)&lt;&lt;Trigger&gt;&gt; &lt;-&gt; false )&#10;" classname="de.uka.ilkd.key.smt.newsmt2.ProveSMTLemmasTest" time="4.214"/>
  <testcase name="[13] allLocs.dl, &#10;  \forall Object o; \forall Field f; ( elementOf(o,f,allLocs)&lt;&lt;Trigger&gt;&gt; &lt;-&gt; true )&#10;" classname="de.uka.ilkd.key.smt.newsmt2.ProveSMTLemmasTest" time="4.284"/>
  <testcase name="[14] arrayRange.dl, &#13;&#10;  \forall Object o; \forall Object o2; \forall Field f; \forall int lo; \forall int hi;&#13;&#10;    (elementOf(o,f, arrayRange(o2, lo, hi))&lt;&lt;Trigger&gt;&gt; &lt;-&gt;&#13;&#10;      o = o2 &amp; \exists int iv; (f = arr(iv) &amp; lo &lt;= iv &amp; iv &lt;= hi))&#13;&#10;" classname="de.uka.ilkd.key.smt.newsmt2.ProveSMTLemmasTest" time="4.337"/>
  <testcase name="[15] seqConcat.dl, &#13;&#10;    \forall int i; \forall Seq s1; \forall Seq s2; ( 0 &lt;= i &amp; i &lt; seqLen(s1) + seqLen(s2) -&gt;&#13;&#10;        any::seqGet(seqConcat(s1, s2), i) =&#13;&#10;            \if (i &lt; seqLen(s1)) \then (any::seqGet(s1, i)) \else (any::seqGet(s2, i-seqLen(s1))))&#13;&#10;&#10;" classname="de.uka.ilkd.key.smt.newsmt2.ProveSMTLemmasTest" time="4.243"/>
  <testcase name="[16] seqLen.dl, &#13;&#10;    \forall Seq s; seqLen(s)&lt;&lt;Trigger&gt;&gt; &gt;= 0&#13;&#10;" classname="de.uka.ilkd.key.smt.newsmt2.ProveSMTLemmasTest" time="4.265"/>
  <testcase name="[17] length.dl, &#13;&#10;    \forall Object o; length(o) &gt;= 0&#13;&#10;" classname="de.uka.ilkd.key.smt.newsmt2.ProveSMTLemmasTest" time="4.347"/>
  <testcase name="[18] freshLocs.dl, &#10;  \forall Heap h; \forall Object o; \forall Field f;&#10;     ( elementOf(o,f,freshLocs(h))&lt;&lt;Trigger&gt;&gt; &lt;-&gt;&#10;        o != null &amp; !boolean::select(h,o,java.lang.Object::&lt;created&gt;)=TRUE )&#10;" classname="de.uka.ilkd.key.smt.newsmt2.ProveSMTLemmasTest" time="4.403"/>
  <testcase name="[19] anon.dl, &#13;&#10;    \forall Heap h; \forall Object o; \forall Field f; \forall Heap h2; \forall LocSet ls;&#13;&#10;      any::select(anon(h, ls, h2), o, f)&lt;&lt;Trigger&gt;&gt; =&#13;&#10;         \if(elementOf(o, f, ls) &amp; f != java.lang.Object::&lt;created&gt;&#13;&#10;           | elementOf(o, f, freshLocs(h)))&#13;&#10;         \then(any::select(h2, o, f))&#13;&#10;         \else(any::select(h, o, f))&#13;&#10;" classname="de.uka.ilkd.key.smt.newsmt2.ProveSMTLemmasTest" time="4.297"/>
  <testcase name="[20] memset.dl, &#13;&#10;    \forall Heap h; \forall LocSet s; \forall any x; \forall Object o; \forall Field f;&#13;&#10;      any::select(memset(h, s, x), o, f)&lt;&lt;Trigger&gt;&gt; =&#13;&#10;         \if(elementOf(o, f, s) &amp; f != java.lang.Object::&lt;created&gt;)&#13;&#10;         \then(x)&#13;&#10;         \else(any::select(h, o, f))&#13;&#10;" classname="de.uka.ilkd.key.smt.newsmt2.ProveSMTLemmasTest" time="4.313"/>
  <testcase name="[21] store.dl, &#13;&#10;    \forall Heap h; \forall Object o; \forall Field f; \forall Object o2; \forall Field f2; \forall any v;&#13;&#10;      any::select(store(h,o,f,v), o2, f2)&lt;&lt;Trigger&gt;&gt; =&#13;&#10;         \if(o = o2 &amp; f = f2 &amp; f != java.lang.Object::&lt;created&gt;)&#13;&#10;         \then(v)&#13;&#10;         \else(any::select(h, o2, f2))&#13;&#10;" classname="de.uka.ilkd.key.smt.newsmt2.ProveSMTLemmasTest" time="4.331"/>
  <testcase name="[22] seqSub.dl.2, &#13;&#10;    \forall Seq seq;&#13;&#10;    \forall int from;&#13;&#10;    \forall int to;&#13;&#10;        seqLen(seqSub(seq, from, to)&lt;&lt;Trigger&gt;&gt;)&#13;&#10;      = \if(from &lt; to)\then(to - from)\else(0)&#13;&#10;" classname="de.uka.ilkd.key.smt.newsmt2.ProveSMTLemmasTest" time="4.35"/>
  <testcase name="[23] seqSingleton.dl, &#13;&#10;    \forall any x; any::seqGet(seqSingleton(x)&lt;&lt;Trigger&gt;&gt;, 0) = x&#13;&#10;&#10;" classname="de.uka.ilkd.key.smt.newsmt2.ProveSMTLemmasTest" time="4.377"/>
  <testcase name="[24] seqSingleton.dl.2, &#13;&#10;    \forall any x; seqLen(seqSingleton(x)&lt;&lt;Trigger&gt;&gt;) = 1&#13;&#10;&#10;" classname="de.uka.ilkd.key.smt.newsmt2.ProveSMTLemmasTest" time="4.346"/>
  <testcase name="[25] null.dl, &#10;     \forall any x; ((Null::instance(x))&lt;&lt;Trigger&gt;&gt; = TRUE -&gt; x = null) &#10;" classname="de.uka.ilkd.key.smt.newsmt2.ProveSMTLemmasTest" time="4.373"/>
  <system-out><![CDATA[961202     INFO  Test worker     d.u.i.k.s.n.ProveSMTLemmasTest Now processing file D:\a\key\key\key.core\build\resources\test\de\uka\ilkd\key\smt\newsmt2\SMT_lemma_jmod.dl.proof 
961202     INFO  Test worker     d.u.i.k.p.i.AbstractProblemLoader Loading environment from D:\a\key\key\key.core\build\resources\test\de\uka\ilkd\key\smt\newsmt2\SMT_lemma_jmod.dl.proof 
961202     DEBUG Test worker     d.u.i.k.p.i.AbstractProblemLoader Environment load took 104.5ns 
961218     INFO  Test worker     d.u.i.k.p.i.AbstractProblemLoader Creating init config 
965406     DEBUG Test worker     d.u.i.k.p.i.AbstractProblemLoader Init config took 4.2s 
965422     INFO  Test worker     d.u.i.k.p.i.AbstractProblemLoader Replaying proof SMT_lemma_jmod.dl.proof 
965422     DEBUG Test worker     d.u.i.k.p.i.IntermediateProofReplayer Proof replay took 3.31ms 
965547     INFO  Test worker     d.u.i.k.s.n.ProveSMTLemmasTest Now processing file C:\Users\RUNNER~1\AppData\Local\Temp\SMT_lemma_seqSub.dl_9984980735381615708.key 
965547     INFO  Test worker     d.u.i.k.p.i.AbstractProblemLoader Loading environment from C:\Users\RUNNER~1\AppData\Local\Temp\SMT_lemma_seqSub.dl_9984980735381615708.key 
965547     DEBUG Test worker     d.u.i.k.p.i.AbstractProblemLoader Environment load took 284.8ns 
965547     INFO  Test worker     d.u.i.k.p.i.AbstractProblemLoader Creating init config 
969762     DEBUG Test worker     d.u.i.k.p.i.AbstractProblemLoader Init config took 4.21s 
969778     INFO  Test worker     d.u.i.k.p.i.AbstractProblemLoader Replaying proof SMT_lemma_seqSub.dl_9984980735381615708.key 
969778     DEBUG Test worker     d.u.i.k.p.i.IntermediateProofReplayer Proof replay took 9.2ns 
969887     INFO  Test worker     d.u.i.k.s.n.ProveSMTLemmasTest Now processing file D:\a\key\key\key.core\build\resources\test\de\uka\ilkd\key\smt\newsmt2\SMT_lemma_seqGetOutside.dl.proof 
969887     INFO  Test worker     d.u.i.k.p.i.AbstractProblemLoader Loading environment from D:\a\key\key\key.core\build\resources\test\de\uka\ilkd\key\smt\newsmt2\SMT_lemma_seqGetOutside.dl.proof 
969887     DEBUG Test worker     d.u.i.k.p.i.AbstractProblemLoader Environment load took 95.7ns 
969887     INFO  Test worker     d.u.i.k.p.i.AbstractProblemLoader Creating init config 
974084     DEBUG Test worker     d.u.i.k.p.i.AbstractProblemLoader Init config took 4.2s 
974100     INFO  Test worker     d.u.i.k.p.i.AbstractProblemLoader Replaying proof SMT_lemma_seqGetOutside.dl.proof 
974115     DEBUG Test worker     d.u.i.k.p.i.IntermediateProofReplayer Proof replay took 13.88ms 
974230     INFO  Test worker     d.u.i.k.s.n.ProveSMTLemmasTest Now processing file C:\Users\RUNNER~1\AppData\Local\Temp\SMT_lemma_singleton.dl_3401330634398233704.key 
974230     INFO  Test worker     d.u.i.k.p.i.AbstractProblemLoader Loading environment from C:\Users\RUNNER~1\AppData\Local\Temp\SMT_lemma_singleton.dl_3401330634398233704.key 
974230     DEBUG Test worker     d.u.i.k.p.i.AbstractProblemLoader Environment load took 247.7ns 
974230     INFO  Test worker     d.u.i.k.p.i.AbstractProblemLoader Creating init config 
978406     DEBUG Test worker     d.u.i.k.p.i.AbstractProblemLoader Init config took 4.17s 
978422     INFO  Test worker     d.u.i.k.p.i.AbstractProblemLoader Replaying proof SMT_lemma_singleton.dl_3401330634398233704.key 
978422     DEBUG Test worker     d.u.i.k.p.i.IntermediateProofReplayer Proof replay took 9.1ns 
978531     INFO  Test worker     d.u.i.k.s.n.ProveSMTLemmasTest Now processing file C:\Users\RUNNER~1\AppData\Local\Temp\SMT_lemma_create.dl_6405487535116375476.key 
978531     INFO  Test worker     d.u.i.k.p.i.AbstractProblemLoader Loading environment from C:\Users\RUNNER~1\AppData\Local\Temp\SMT_lemma_create.dl_6405487535116375476.key 
978531     DEBUG Test worker     d.u.i.k.p.i.AbstractProblemLoader Environment load took 387.3ns 
978531     INFO  Test worker     d.u.i.k.p.i.AbstractProblemLoader Creating init config 
982664     DEBUG Test worker     d.u.i.k.p.i.AbstractProblemLoader Init config took 4.14s 
982679     INFO  Test worker     d.u.i.k.p.i.AbstractProblemLoader Replaying proof SMT_lemma_create.dl_6405487535116375476.key 
982679     DEBUG Test worker     d.u.i.k.p.i.IntermediateProofReplayer Proof replay took 10.3ns 
982796     INFO  Test worker     d.u.i.k.s.n.ProveSMTLemmasTest Now processing file C:\Users\RUNNER~1\AppData\Local\Temp\SMT_lemma_allFields.dl_17692790990840022676.key 
982796     INFO  Test worker     d.u.i.k.p.i.AbstractProblemLoader Loading environment from C:\Users\RUNNER~1\AppData\Local\Temp\SMT_lemma_allFields.dl_17692790990840022676.key 
982796     DEBUG Test worker     d.u.i.k.p.i.AbstractProblemLoader Environment load took 235.5ns 
982796     INFO  Test worker     d.u.i.k.p.i.AbstractProblemLoader Creating init config 
986965     DEBUG Test worker     d.u.i.k.p.i.AbstractProblemLoader Init config took 4.17s 
986980     INFO  Test worker     d.u.i.k.p.i.AbstractProblemLoader Replaying proof SMT_lemma_allFields.dl_17692790990840022676.key 
986980     DEBUG Test worker     d.u.i.k.p.i.IntermediateProofReplayer Proof replay took 10.1ns 
987090     INFO  Test worker     d.u.i.k.s.n.ProveSMTLemmasTest Now processing file C:\Users\RUNNER~1\AppData\Local\Temp\SMT_lemma_seqEmpty.dl_8835713021610614842.key 
987090     INFO  Test worker     d.u.i.k.p.i.AbstractProblemLoader Loading environment from C:\Users\RUNNER~1\AppData\Local\Temp\SMT_lemma_seqEmpty.dl_8835713021610614842.key 
987090     DEBUG Test worker     d.u.i.k.p.i.AbstractProblemLoader Environment load took 256ns 
987090     INFO  Test worker     d.u.i.k.p.i.AbstractProblemLoader Creating init config 
991244     DEBUG Test worker     d.u.i.k.p.i.AbstractProblemLoader Init config took 4.15s 
991260     INFO  Test worker     d.u.i.k.p.i.AbstractProblemLoader Replaying proof SMT_lemma_seqEmpty.dl_8835713021610614842.key 
991260     DEBUG Test worker     d.u.i.k.p.i.IntermediateProofReplayer Proof replay took 41.4ns 
991373     INFO  Test worker     d.u.i.k.s.n.ProveSMTLemmasTest Now processing file C:\Users\RUNNER~1\AppData\Local\Temp\SMT_lemma_union.dl_16204287050372705756.key 
991373     INFO  Test worker     d.u.i.k.p.i.AbstractProblemLoader Loading environment from C:\Users\RUNNER~1\AppData\Local\Temp\SMT_lemma_union.dl_16204287050372705756.key 
991373     DEBUG Test worker     d.u.i.k.p.i.AbstractProblemLoader Environment load took 235.5ns 
991373     INFO  Test worker     d.u.i.k.p.i.AbstractProblemLoader Creating init config 
995477     DEBUG Test worker     d.u.i.k.p.i.AbstractProblemLoader Init config took 4.11s 
995493     INFO  Test worker     d.u.i.k.p.i.AbstractProblemLoader Replaying proof SMT_lemma_union.dl_16204287050372705756.key 
995493     DEBUG Test worker     d.u.i.k.p.i.IntermediateProofReplayer Proof replay took 14.1ns 
995608     INFO  Test worker     d.u.i.k.s.n.ProveSMTLemmasTest Now processing file C:\Users\RUNNER~1\AppData\Local\Temp\SMT_lemma_seqConcat.dl.2_4771926233147934810.key 
995608     INFO  Test worker     d.u.i.k.p.i.AbstractProblemLoader Loading environment from C:\Users\RUNNER~1\AppData\Local\Temp\SMT_lemma_seqConcat.dl.2_4771926233147934810.key 
995608     DEBUG Test worker     d.u.i.k.p.i.AbstractProblemLoader Environment load took 270.8ns 
995608     INFO  Test worker     d.u.i.k.p.i.AbstractProblemLoader Creating init config 
999686     DEBUG Test worker     d.u.i.k.p.i.AbstractProblemLoader Init config took 4.08s 
999702     INFO  Test worker     d.u.i.k.p.i.AbstractProblemLoader Replaying proof SMT_lemma_seqConcat.dl.2_4771926233147934810.key 
999702     DEBUG Test worker     d.u.i.k.p.i.IntermediateProofReplayer Proof replay took 10ns 
999816     INFO  Test worker     d.u.i.k.s.n.ProveSMTLemmasTest Now processing file C:\Users\RUNNER~1\AppData\Local\Temp\SMT_lemma_wellFormed.dl_14259219081185684501.key 
999816     INFO  Test worker     d.u.i.k.p.i.AbstractProblemLoader Loading environment from C:\Users\RUNNER~1\AppData\Local\Temp\SMT_lemma_wellFormed.dl_14259219081185684501.key 
999816     DEBUG Test worker     d.u.i.k.p.i.AbstractProblemLoader Environment load took 345.8ns 
999816     INFO  Test worker     d.u.i.k.p.i.AbstractProblemLoader Creating init config 
1003906    DEBUG Test worker     d.u.i.k.p.i.AbstractProblemLoader Init config took 4.1s 
1003921    INFO  Test worker     d.u.i.k.p.i.AbstractProblemLoader Replaying proof SMT_lemma_wellFormed.dl_14259219081185684501.key 
1003921    DEBUG Test worker     d.u.i.k.p.i.IntermediateProofReplayer Proof replay took 11ns 
1004047    INFO  Test worker     d.u.i.k.s.n.ProveSMTLemmasTest Now processing file D:\a\key\key\key.core\build\resources\test\de\uka\ilkd\key\smt\newsmt2\SMT_lemma_jdiv.dl.proof 
1004047    INFO  Test worker     d.u.i.k.p.i.AbstractProblemLoader Loading environment from D:\a\key\key\key.core\build\resources\test\de\uka\ilkd\key\smt\newsmt2\SMT_lemma_jdiv.dl.proof 
1004047    DEBUG Test worker     d.u.i.k.p.i.AbstractProblemLoader Environment load took 172.9ns 
1004047    INFO  Test worker     d.u.i.k.p.i.AbstractProblemLoader Creating init config 
1008219    DEBUG Test worker     d.u.i.k.p.i.AbstractProblemLoader Init config took 4.18s 
1008235    INFO  Test worker     d.u.i.k.p.i.AbstractProblemLoader Replaying proof SMT_lemma_jdiv.dl.proof 
1008235    DEBUG Test worker     d.u.i.k.p.i.IntermediateProofReplayer Proof replay took 885ns 
1008360    INFO  Test worker     d.u.i.k.s.n.ProveSMTLemmasTest Now processing file C:\Users\RUNNER~1\AppData\Local\Temp\SMT_lemma_empty.dl_11599895631010393224.key 
1008360    INFO  Test worker     d.u.i.k.p.i.AbstractProblemLoader Loading environment from C:\Users\RUNNER~1\AppData\Local\Temp\SMT_lemma_empty.dl_11599895631010393224.key 
1008360    DEBUG Test worker     d.u.i.k.p.i.AbstractProblemLoader Environment load took 248.7ns 
1008360    INFO  Test worker     d.u.i.k.p.i.AbstractProblemLoader Creating init config 
1012446    DEBUG Test worker     d.u.i.k.p.i.AbstractProblemLoader Init config took 4.09s 
1012462    INFO  Test worker     d.u.i.k.p.i.AbstractProblemLoader Replaying proof SMT_lemma_empty.dl_11599895631010393224.key 
1012462    DEBUG Test worker     d.u.i.k.p.i.IntermediateProofReplayer Proof replay took 9.8ns 
1012575    INFO  Test worker     d.u.i.k.s.n.ProveSMTLemmasTest Now processing file C:\Users\RUNNER~1\AppData\Local\Temp\SMT_lemma_allLocs.dl_14086412287609869973.key 
1012575    INFO  Test worker     d.u.i.k.p.i.AbstractProblemLoader Loading environment from C:\Users\RUNNER~1\AppData\Local\Temp\SMT_lemma_allLocs.dl_14086412287609869973.key 
1012575    DEBUG Test worker     d.u.i.k.p.i.AbstractProblemLoader Environment load took 258.8ns 
1012575    INFO  Test worker     d.u.i.k.p.i.AbstractProblemLoader Creating init config 
1016734    DEBUG Test worker     d.u.i.k.p.i.AbstractProblemLoader Init config took 4.15s 
1016749    INFO  Test worker     d.u.i.k.p.i.AbstractProblemLoader Replaying proof SMT_lemma_allLocs.dl_14086412287609869973.key 
1016749    DEBUG Test worker     d.u.i.k.p.i.IntermediateProofReplayer Proof replay took 9.4ns 
1016859    INFO  Test worker     d.u.i.k.s.n.ProveSMTLemmasTest Now processing file C:\Users\RUNNER~1\AppData\Local\Temp\SMT_lemma_arrayRange.dl_5032422470176541880.key 
1016859    INFO  Test worker     d.u.i.k.p.i.AbstractProblemLoader Loading environment from C:\Users\RUNNER~1\AppData\Local\Temp\SMT_lemma_arrayRange.dl_5032422470176541880.key 
1016859    DEBUG Test worker     d.u.i.k.p.i.AbstractProblemLoader Environment load took 239.5ns 
1016859    INFO  Test worker     d.u.i.k.p.i.AbstractProblemLoader Creating init config 
1021055    DEBUG Test worker     d.u.i.k.p.i.AbstractProblemLoader Init config took 4.2s 
1021086    INFO  Test worker     d.u.i.k.p.i.AbstractProblemLoader Replaying proof SMT_lemma_arrayRange.dl_5032422470176541880.key 
1021086    DEBUG Test worker     d.u.i.k.p.i.IntermediateProofReplayer Proof replay took 9.5ns 
1021196    INFO  Test worker     d.u.i.k.s.n.ProveSMTLemmasTest Now processing file C:\Users\RUNNER~1\AppData\Local\Temp\SMT_lemma_seqConcat.dl_4356646437786537773.key 
1021196    INFO  Test worker     d.u.i.k.p.i.AbstractProblemLoader Loading environment from C:\Users\RUNNER~1\AppData\Local\Temp\SMT_lemma_seqConcat.dl_4356646437786537773.key 
1021196    DEBUG Test worker     d.u.i.k.p.i.AbstractProblemLoader Environment load took 347.7ns 
1021196    INFO  Test worker     d.u.i.k.p.i.AbstractProblemLoader Creating init config 
1025313    DEBUG Test worker     d.u.i.k.p.i.AbstractProblemLoader Init config took 4.12s 
1025328    INFO  Test worker     d.u.i.k.p.i.AbstractProblemLoader Replaying proof SMT_lemma_seqConcat.dl_4356646437786537773.key 
1025328    DEBUG Test worker     d.u.i.k.p.i.IntermediateProofReplayer Proof replay took 10.9ns 
1025439    INFO  Test worker     d.u.i.k.s.n.ProveSMTLemmasTest Now processing file C:\Users\RUNNER~1\AppData\Local\Temp\SMT_lemma_seqLen.dl_13793159707515850763.key 
1025439    INFO  Test worker     d.u.i.k.p.i.AbstractProblemLoader Loading environment from C:\Users\RUNNER~1\AppData\Local\Temp\SMT_lemma_seqLen.dl_13793159707515850763.key 
1025439    DEBUG Test worker     d.u.i.k.p.i.AbstractProblemLoader Environment load took 253ns 
1025439    INFO  Test worker     d.u.i.k.p.i.AbstractProblemLoader Creating init config 
1029573    DEBUG Test worker     d.u.i.k.p.i.AbstractProblemLoader Init config took 4.14s 
1029589    INFO  Test worker     d.u.i.k.p.i.AbstractProblemLoader Replaying proof SMT_lemma_seqLen.dl_13793159707515850763.key 
1029589    DEBUG Test worker     d.u.i.k.p.i.IntermediateProofReplayer Proof replay took 9.4ns 
1029705    INFO  Test worker     d.u.i.k.s.n.ProveSMTLemmasTest Now processing file C:\Users\RUNNER~1\AppData\Local\Temp\SMT_lemma_length.dl_2830675025463288246.key 
1029705    INFO  Test worker     d.u.i.k.p.i.AbstractProblemLoader Loading environment from C:\Users\RUNNER~1\AppData\Local\Temp\SMT_lemma_length.dl_2830675025463288246.key 
1029705    DEBUG Test worker     d.u.i.k.p.i.AbstractProblemLoader Environment load took 265ns 
1029705    INFO  Test worker     d.u.i.k.p.i.AbstractProblemLoader Creating init config 
1033919    DEBUG Test worker     d.u.i.k.p.i.AbstractProblemLoader Init config took 4.22s 
1033934    INFO  Test worker     d.u.i.k.p.i.AbstractProblemLoader Replaying proof SMT_lemma_length.dl_2830675025463288246.key 
1033934    DEBUG Test worker     d.u.i.k.p.i.IntermediateProofReplayer Proof replay took 10.2ns 
1034052    INFO  Test worker     d.u.i.k.s.n.ProveSMTLemmasTest Now processing file C:\Users\RUNNER~1\AppData\Local\Temp\SMT_lemma_freshLocs.dl_18044541940429340028.key 
1034052    INFO  Test worker     d.u.i.k.p.i.AbstractProblemLoader Loading environment from C:\Users\RUNNER~1\AppData\Local\Temp\SMT_lemma_freshLocs.dl_18044541940429340028.key 
1034052    DEBUG Test worker     d.u.i.k.p.i.AbstractProblemLoader Environment load took 179.4ns 
1034052    INFO  Test worker     d.u.i.k.p.i.AbstractProblemLoader Creating init config 
1038326    DEBUG Test worker     d.u.i.k.p.i.AbstractProblemLoader Init config took 4.28s 
1038342    INFO  Test worker     d.u.i.k.p.i.AbstractProblemLoader Replaying proof SMT_lemma_freshLocs.dl_18044541940429340028.key 
1038342    DEBUG Test worker     d.u.i.k.p.i.IntermediateProofReplayer Proof replay took 10.6ns 
1038455    INFO  Test worker     d.u.i.k.s.n.ProveSMTLemmasTest Now processing file C:\Users\RUNNER~1\AppData\Local\Temp\SMT_lemma_anon.dl_15834015262239549717.key 
1038455    INFO  Test worker     d.u.i.k.p.i.AbstractProblemLoader Loading environment from C:\Users\RUNNER~1\AppData\Local\Temp\SMT_lemma_anon.dl_15834015262239549717.key 
1038455    DEBUG Test worker     d.u.i.k.p.i.AbstractProblemLoader Environment load took 369.7ns 
1038455    INFO  Test worker     d.u.i.k.p.i.AbstractProblemLoader Creating init config 
1042628    DEBUG Test worker     d.u.i.k.p.i.AbstractProblemLoader Init config took 4.17s 
1042643    INFO  Test worker     d.u.i.k.p.i.AbstractProblemLoader Replaying proof SMT_lemma_anon.dl_15834015262239549717.key 
1042643    DEBUG Test worker     d.u.i.k.p.i.IntermediateProofReplayer Proof replay took 12ns 
1042753    INFO  Test worker     d.u.i.k.s.n.ProveSMTLemmasTest Now processing file C:\Users\RUNNER~1\AppData\Local\Temp\SMT_lemma_memset.dl_11521793827993634949.key 
1042753    INFO  Test worker     d.u.i.k.p.i.AbstractProblemLoader Loading environment from C:\Users\RUNNER~1\AppData\Local\Temp\SMT_lemma_memset.dl_11521793827993634949.key 
1042753    DEBUG Test worker     d.u.i.k.p.i.AbstractProblemLoader Environment load took 262.1ns 
1042753    INFO  Test worker     d.u.i.k.p.i.AbstractProblemLoader Creating init config 
1046939    DEBUG Test worker     d.u.i.k.p.i.AbstractProblemLoader Init config took 4.19s 
1046955    INFO  Test worker     d.u.i.k.p.i.AbstractProblemLoader Replaying proof SMT_lemma_memset.dl_11521793827993634949.key 
1046955    DEBUG Test worker     d.u.i.k.p.i.IntermediateProofReplayer Proof replay took 10.2ns 
1047066    INFO  Test worker     d.u.i.k.s.n.ProveSMTLemmasTest Now processing file C:\Users\RUNNER~1\AppData\Local\Temp\SMT_lemma_store.dl_7780763104625221283.key 
1047066    INFO  Test worker     d.u.i.k.p.i.AbstractProblemLoader Loading environment from C:\Users\RUNNER~1\AppData\Local\Temp\SMT_lemma_store.dl_7780763104625221283.key 
1047066    DEBUG Test worker     d.u.i.k.p.i.AbstractProblemLoader Environment load took 238.4ns 
1047066    INFO  Test worker     d.u.i.k.p.i.AbstractProblemLoader Creating init config 
1051257    DEBUG Test worker     d.u.i.k.p.i.AbstractProblemLoader Init config took 4.2s 
1051288    INFO  Test worker     d.u.i.k.p.i.AbstractProblemLoader Replaying proof SMT_lemma_store.dl_7780763104625221283.key 
1051288    DEBUG Test worker     d.u.i.k.p.i.IntermediateProofReplayer Proof replay took 9.3ns 
1051397    INFO  Test worker     d.u.i.k.s.n.ProveSMTLemmasTest Now processing file C:\Users\RUNNER~1\AppData\Local\Temp\SMT_lemma_seqSub.dl.2_8423397898495093150.key 
1051397    INFO  Test worker     d.u.i.k.p.i.AbstractProblemLoader Loading environment from C:\Users\RUNNER~1\AppData\Local\Temp\SMT_lemma_seqSub.dl.2_8423397898495093150.key 
1051397    DEBUG Test worker     d.u.i.k.p.i.AbstractProblemLoader Environment load took 246.5ns 
1051397    INFO  Test worker     d.u.i.k.p.i.AbstractProblemLoader Creating init config 
1055618    DEBUG Test worker     d.u.i.k.p.i.AbstractProblemLoader Init config took 4.22s 
1055633    INFO  Test worker     d.u.i.k.p.i.AbstractProblemLoader Replaying proof SMT_lemma_seqSub.dl.2_8423397898495093150.key 
1055633    DEBUG Test worker     d.u.i.k.p.i.IntermediateProofReplayer Proof replay took 10.9ns 
1055747    INFO  Test worker     d.u.i.k.s.n.ProveSMTLemmasTest Now processing file C:\Users\RUNNER~1\AppData\Local\Temp\SMT_lemma_seqSingleton.dl_6363876072307508637.key 
1055747    INFO  Test worker     d.u.i.k.p.i.AbstractProblemLoader Loading environment from C:\Users\RUNNER~1\AppData\Local\Temp\SMT_lemma_seqSingleton.dl_6363876072307508637.key 
1055747    DEBUG Test worker     d.u.i.k.p.i.AbstractProblemLoader Environment load took 348.1ns 
1055747    INFO  Test worker     d.u.i.k.p.i.AbstractProblemLoader Creating init config 
1059999    DEBUG Test worker     d.u.i.k.p.i.AbstractProblemLoader Init config took 4.25s 
1060014    INFO  Test worker     d.u.i.k.p.i.AbstractProblemLoader Replaying proof SMT_lemma_seqSingleton.dl_6363876072307508637.key 
1060014    DEBUG Test worker     d.u.i.k.p.i.IntermediateProofReplayer Proof replay took 10.5ns 
1060124    INFO  Test worker     d.u.i.k.s.n.ProveSMTLemmasTest Now processing file C:\Users\RUNNER~1\AppData\Local\Temp\SMT_lemma_seqSingleton.dl.2_9505652891495821588.key 
1060124    INFO  Test worker     d.u.i.k.p.i.AbstractProblemLoader Loading environment from C:\Users\RUNNER~1\AppData\Local\Temp\SMT_lemma_seqSingleton.dl.2_9505652891495821588.key 
1060124    DEBUG Test worker     d.u.i.k.p.i.AbstractProblemLoader Environment load took 205.2ns 
1060124    INFO  Test worker     d.u.i.k.p.i.AbstractProblemLoader Creating init config 
1064331    DEBUG Test worker     d.u.i.k.p.i.AbstractProblemLoader Init config took 4.22s 
1064362    INFO  Test worker     d.u.i.k.p.i.AbstractProblemLoader Replaying proof SMT_lemma_seqSingleton.dl.2_9505652891495821588.key 
1064362    DEBUG Test worker     d.u.i.k.p.i.IntermediateProofReplayer Proof replay took 10.3ns 
1064471    INFO  Test worker     d.u.i.k.s.n.ProveSMTLemmasTest Now processing file C:\Users\RUNNER~1\AppData\Local\Temp\SMT_lemma_null.dl_5392223522724023825.key 
1064471    INFO  Test worker     d.u.i.k.p.i.AbstractProblemLoader Loading environment from C:\Users\RUNNER~1\AppData\Local\Temp\SMT_lemma_null.dl_5392223522724023825.key 
1064471    DEBUG Test worker     d.u.i.k.p.i.AbstractProblemLoader Environment load took 235.1ns 
1064471    INFO  Test worker     d.u.i.k.p.i.AbstractProblemLoader Creating init config 
1068717    DEBUG Test worker     d.u.i.k.p.i.AbstractProblemLoader Init config took 4.25s 
1068732    INFO  Test worker     d.u.i.k.p.i.AbstractProblemLoader Replaying proof SMT_lemma_null.dl_5392223522724023825.key 
1068732    DEBUG Test worker     d.u.i.k.p.i.IntermediateProofReplayer Proof replay took 12.9ns 
]]></system-out>
  <system-err><![CDATA[]]></system-err>
</testsuite>
