<?xml version="1.0" encoding="UTF-8"?>
<testsuite name="de.uka.ilkd.key.parser.TestDeclParser" tests="14" skipped="2" failures="0" errors="0" timestamp="2023-06-03T10:48:33" hostname="fv-az250-601" time="16.844">
  <properties/>
  <testcase name="testGenericSortDecl1()" classname="de.uka.ilkd.key.parser.TestDeclParser" time="2.015"/>
  <testcase name="testGenericSortDecl2()" classname="de.uka.ilkd.key.parser.TestDeclParser" time="1.3"/>
  <testcase name="testGenericSortDecl3()" classname="de.uka.ilkd.key.parser.TestDeclParser" time="1.315"/>
  <testcase name="testGenericSortDecl4()" classname="de.uka.ilkd.key.parser.TestDeclParser" time="1.314"/>
  <testcase name="testGenericSortDecl5()" classname="de.uka.ilkd.key.parser.TestDeclParser" time="0.0">
    <skipped/>
  </testcase>
  <testcase name="testGenericSortDecl6()" classname="de.uka.ilkd.key.parser.TestDeclParser" time="1.366"/>
  <testcase name="testSortDecl()" classname="de.uka.ilkd.key.parser.TestDeclParser" time="1.366"/>
  <testcase name="testProxySortDecl()" classname="de.uka.ilkd.key.parser.TestDeclParser" time="1.36"/>
  <testcase name="testArrayDecl()" classname="de.uka.ilkd.key.parser.TestDeclParser" time="1.527"/>
  <testcase name="testAmbiguousDecls()" classname="de.uka.ilkd.key.parser.TestDeclParser" time="0.0">
    <skipped/>
  </testcase>
  <testcase name="testHeurDecl()" classname="de.uka.ilkd.key.parser.TestDeclParser" time="1.328"/>
  <testcase name="testFunctionDecl()" classname="de.uka.ilkd.key.parser.TestDeclParser" time="1.326"/>
  <testcase name="testPredicateDecl()" classname="de.uka.ilkd.key.parser.TestDeclParser" time="1.31"/>
  <testcase name="testSVDecl()" classname="de.uka.ilkd.key.parser.TestDeclParser" time="1.314"/>
  <system-out><![CDATA[300428     INFO  Test worker     d.u.i.k.n.KeyIO           Parsing took 0 ms 
300428     DEBUG Test worker     d.u.i.k.n.KeyIO           Load declarations of de.uka.ilkd.key.nparser.KeyAst$File:  <unknown>:1#1 
300428     INFO  Test worker     d.u.i.k.n.KeyIO           MODE: declarations took 0 ms 
300428     DEBUG Test worker     d.u.i.k.n.KeyIO           MODE: 2nd degree decls took 0 
300428     DEBUG Test worker     d.u.i.k.n.KeyIO           MODE: taclets took 0ms 
301725     INFO  Test worker     d.u.i.k.n.KeyIO           Parsing took 0 ms 
301725     DEBUG Test worker     d.u.i.k.n.KeyIO           Load declarations of de.uka.ilkd.key.nparser.KeyAst$File:  <unknown>:1#1 
301725     INFO  Test worker     d.u.i.k.n.KeyIO           MODE: declarations took 0 ms 
301725     DEBUG Test worker     d.u.i.k.n.KeyIO           MODE: 2nd degree decls took 0 
301725     DEBUG Test worker     d.u.i.k.n.KeyIO           MODE: taclets took 0ms 
303040     INFO  Test worker     d.u.i.k.n.KeyIO           Parsing took 0 ms 
303040     DEBUG Test worker     d.u.i.k.n.KeyIO           Load declarations of de.uka.ilkd.key.nparser.KeyAst$File:  <unknown>:1#1 
303040     INFO  Test worker     d.u.i.k.n.KeyIO           MODE: declarations took 0 ms 
303040     DEBUG Test worker     d.u.i.k.n.KeyIO           MODE: 2nd degree decls took 0 
303040     DEBUG Test worker     d.u.i.k.n.KeyIO           MODE: taclets took 0ms 
304357     INFO  Test worker     d.u.i.k.n.KeyIO           Parsing took 0 ms 
304357     DEBUG Test worker     d.u.i.k.n.KeyIO           Load declarations of de.uka.ilkd.key.nparser.KeyAst$File:  <unknown>:1#1 
304357     INFO  Test worker     d.u.i.k.n.KeyIO           MODE: declarations took 0 ms 
304357     DEBUG Test worker     d.u.i.k.n.KeyIO           MODE: 2nd degree decls took 0 
304357     DEBUG Test worker     d.u.i.k.n.KeyIO           MODE: taclets took 0ms 
305717     INFO  Test worker     d.u.i.k.n.KeyIO           Parsing took 0 ms 
305717     DEBUG Test worker     d.u.i.k.n.KeyIO           Load declarations of de.uka.ilkd.key.nparser.KeyAst$File:  <unknown>:1#1 
305717     INFO  Test worker     d.u.i.k.n.KeyIO           MODE: declarations took 0 ms 
305717     DEBUG Test worker     d.u.i.k.n.KeyIO           MODE: 2nd degree decls took 0 
305717     DEBUG Test worker     d.u.i.k.n.KeyIO           MODE: taclets took 0ms 
307084     INFO  Test worker     d.u.i.k.n.KeyIO           Parsing took 0 ms 
307084     DEBUG Test worker     d.u.i.k.n.KeyIO           Load declarations of de.uka.ilkd.key.nparser.KeyAst$File:  <unknown>:1#1 
307084     INFO  Test worker     d.u.i.k.n.KeyIO           MODE: declarations took 0 ms 
307084     DEBUG Test worker     d.u.i.k.n.KeyIO           MODE: 2nd degree decls took 0 
307084     DEBUG Test worker     d.u.i.k.n.KeyIO           MODE: taclets took 0ms 
308435     INFO  Test worker     d.u.i.k.n.KeyIO           Parsing took 0 ms 
308451     DEBUG Test worker     d.u.i.k.n.KeyIO           Load declarations of de.uka.ilkd.key.nparser.KeyAst$File:  <unknown>:1#1 
308451     INFO  Test worker     d.u.i.k.n.KeyIO           MODE: declarations took 0 ms 
308451     DEBUG Test worker     d.u.i.k.n.KeyIO           MODE: 2nd degree decls took 0 
308451     DEBUG Test worker     d.u.i.k.n.KeyIO           MODE: taclets took 0ms 
309992     INFO  Test worker     d.u.i.k.n.KeyIO           Parsing took 0 ms 
309992     DEBUG Test worker     d.u.i.k.n.KeyIO           Load declarations of de.uka.ilkd.key.nparser.KeyAst$File:  <unknown>:1#1 
309992     INFO  Test worker     d.u.i.k.n.KeyIO           MODE: declarations took 0 ms 
309993     DEBUG Test worker     d.u.i.k.n.KeyIO           MODE: 2nd degree decls took 1 
309993     DEBUG Test worker     d.u.i.k.n.KeyIO           MODE: taclets took 0ms 
311310     INFO  Test worker     d.u.i.k.n.KeyIO           Parsing took 0 ms 
311310     DEBUG Test worker     d.u.i.k.n.KeyIO           Load declarations of de.uka.ilkd.key.nparser.KeyAst$File:  <unknown>:1#1 
311310     INFO  Test worker     d.u.i.k.n.KeyIO           MODE: declarations took 0 ms 
311310     DEBUG Test worker     d.u.i.k.n.KeyIO           MODE: 2nd degree decls took 0 
311310     DEBUG Test worker     d.u.i.k.n.KeyIO           MODE: taclets took 0ms 
312633     INFO  Test worker     d.u.i.k.n.KeyIO           Parsing took 0 ms 
312633     DEBUG Test worker     d.u.i.k.n.KeyIO           Load declarations of de.uka.ilkd.key.nparser.KeyAst$File:  <unknown>:1#1 
312633     INFO  Test worker     d.u.i.k.n.KeyIO           MODE: declarations took 0 ms 
312633     DEBUG Test worker     d.u.i.k.n.KeyIO           MODE: 2nd degree decls took 0 
312633     DEBUG Test worker     d.u.i.k.n.KeyIO           MODE: taclets took 0ms 
313937     INFO  Test worker     d.u.i.k.n.KeyIO           Parsing took 0 ms 
313937     DEBUG Test worker     d.u.i.k.n.KeyIO           Load declarations of de.uka.ilkd.key.nparser.KeyAst$File:  <unknown>:1#1 
313937     INFO  Test worker     d.u.i.k.n.KeyIO           MODE: declarations took 0 ms 
313937     DEBUG Test worker     d.u.i.k.n.KeyIO           MODE: 2nd degree decls took 0 
313937     DEBUG Test worker     d.u.i.k.n.KeyIO           MODE: taclets took 0ms 
315253     INFO  Test worker     d.u.i.k.n.KeyIO           Parsing took 0 ms 
315253     DEBUG Test worker     d.u.i.k.n.KeyIO           Load declarations of de.uka.ilkd.key.nparser.KeyAst$File:  <unknown>:1#1 
315253     INFO  Test worker     d.u.i.k.n.KeyIO           MODE: declarations took 0 ms 
315253     DEBUG Test worker     d.u.i.k.n.KeyIO           MODE: 2nd degree decls took 0 
315253     DEBUG Test worker     d.u.i.k.n.KeyIO           MODE: taclets took 0ms 
]]></system-out>
  <system-err><![CDATA[]]></system-err>
</testsuite>
