<?xml version="1.0" encoding="UTF-8"?>
<testsuite name="de.uka.ilkd.key.logic.TestClashFreeSubst" tests="14" skipped="2" failures="0" errors="0" timestamp="2023-06-03T10:44:27" hostname="fv-az250-601" time="72.135">
  <properties/>
  <testcase name="testMultiShareBound()" classname="de.uka.ilkd.key.logic.TestClashFreeSubst" time="1.368"/>
  <testcase name="testClash()" classname="de.uka.ilkd.key.logic.TestClashFreeSubst" time="1.364"/>
  <testcase name="testShare()" classname="de.uka.ilkd.key.logic.TestClashFreeSubst" time="1.347"/>
  <testcase name="testSubst()" classname="de.uka.ilkd.key.logic.TestClashFreeSubst" time="1.323"/>
  <testcase name="testWary0()" classname="de.uka.ilkd.key.logic.TestClashFreeSubst" time="1.325"/>
  <testcase name="testWary1()" classname="de.uka.ilkd.key.logic.TestClashFreeSubst" time="1.307"/>
  <testcase name="testWary2()" classname="de.uka.ilkd.key.logic.TestClashFreeSubst" time="1.324"/>
  <testcase name="testClashInSubstTerm()" classname="de.uka.ilkd.key.logic.TestClashFreeSubst" time="1.327"/>
  <testcase name="testShareWary()" classname="de.uka.ilkd.key.logic.TestClashFreeSubst" time="1.31"/>
  <testcase name="testMultiSubst()" classname="de.uka.ilkd.key.logic.TestClashFreeSubst" time="1.306"/>
  <testcase name="xtestMultiClash()" classname="de.uka.ilkd.key.logic.TestClashFreeSubst" time="0.0">
    <skipped/>
  </testcase>
  <testcase name="testSubstInSubstTerm()" classname="de.uka.ilkd.key.logic.TestClashFreeSubst" time="1.329"/>
  <testcase name="testSubstWary()" classname="de.uka.ilkd.key.logic.TestClashFreeSubst" time="1.281"/>
  <testcase name="xtestMultiClash1()" classname="de.uka.ilkd.key.logic.TestClashFreeSubst" time="0.0">
    <skipped/>
  </testcase>
  <system-out><![CDATA[53120      INFO  Test worker     d.u.i.k.n.KeyIO           Parsing took 0 ms 
53120      DEBUG Test worker     d.u.i.k.n.KeyIO           Load declarations of de.uka.ilkd.key.nparser.KeyAst$File:  <unknown>:1#1 
53120      INFO  Test worker     d.u.i.k.n.KeyIO           MODE: declarations took 0 ms 
53120      DEBUG Test worker     d.u.i.k.n.KeyIO           MODE: 2nd degree decls took 0 
54481      INFO  Test worker     d.u.i.k.n.KeyIO           Parsing took 0 ms 
54481      DEBUG Test worker     d.u.i.k.n.KeyIO           Load declarations of de.uka.ilkd.key.nparser.KeyAst$File:  <unknown>:1#1 
54481      INFO  Test worker     d.u.i.k.n.KeyIO           MODE: declarations took 0 ms 
54481      DEBUG Test worker     d.u.i.k.n.KeyIO           MODE: 2nd degree decls took 0 
58996      INFO  Test worker     d.u.i.k.n.KeyIO           Parsing took 0 ms 
58996      DEBUG Test worker     d.u.i.k.n.KeyIO           Load declarations of de.uka.ilkd.key.nparser.KeyAst$File:  <unknown>:1#1 
58996      INFO  Test worker     d.u.i.k.n.KeyIO           MODE: declarations took 0 ms 
58996      DEBUG Test worker     d.u.i.k.n.KeyIO           MODE: 2nd degree decls took 0 
60351      INFO  Test worker     d.u.i.k.n.KeyIO           Parsing took 0 ms 
60351      DEBUG Test worker     d.u.i.k.n.KeyIO           Load declarations of de.uka.ilkd.key.nparser.KeyAst$File:  <unknown>:1#1 
60351      INFO  Test worker     d.u.i.k.n.KeyIO           MODE: declarations took 0 ms 
60351      DEBUG Test worker     d.u.i.k.n.KeyIO           MODE: 2nd degree decls took 0 
64783      INFO  Test worker     d.u.i.k.n.KeyIO           Parsing took 0 ms 
64799      DEBUG Test worker     d.u.i.k.n.KeyIO           Load declarations of de.uka.ilkd.key.nparser.KeyAst$File:  <unknown>:1#1 
64799      INFO  Test worker     d.u.i.k.n.KeyIO           MODE: declarations took 0 ms 
64799      DEBUG Test worker     d.u.i.k.n.KeyIO           MODE: 2nd degree decls took 0 
66139      INFO  Test worker     d.u.i.k.n.KeyIO           Parsing took 0 ms 
66139      DEBUG Test worker     d.u.i.k.n.KeyIO           Load declarations of de.uka.ilkd.key.nparser.KeyAst$File:  <unknown>:1#1 
66139      INFO  Test worker     d.u.i.k.n.KeyIO           MODE: declarations took 0 ms 
66139      DEBUG Test worker     d.u.i.k.n.KeyIO           MODE: 2nd degree decls took 0 
70459      INFO  Test worker     d.u.i.k.n.KeyIO           Parsing took 0 ms 
70459      DEBUG Test worker     d.u.i.k.n.KeyIO           Load declarations of de.uka.ilkd.key.nparser.KeyAst$File:  <unknown>:1#1 
70459      INFO  Test worker     d.u.i.k.n.KeyIO           MODE: declarations took 0 ms 
70459      DEBUG Test worker     d.u.i.k.n.KeyIO           MODE: 2nd degree decls took 0 
71778      INFO  Test worker     d.u.i.k.n.KeyIO           Parsing took 0 ms 
71778      DEBUG Test worker     d.u.i.k.n.KeyIO           Load declarations of de.uka.ilkd.key.nparser.KeyAst$File:  <unknown>:1#1 
71778      INFO  Test worker     d.u.i.k.n.KeyIO           MODE: declarations took 0 ms 
71778      DEBUG Test worker     d.u.i.k.n.KeyIO           MODE: 2nd degree decls took 0 
76066      INFO  Test worker     d.u.i.k.n.KeyIO           Parsing took 0 ms 
76066      DEBUG Test worker     d.u.i.k.n.KeyIO           Load declarations of de.uka.ilkd.key.nparser.KeyAst$File:  <unknown>:1#1 
76066      INFO  Test worker     d.u.i.k.n.KeyIO           MODE: declarations took 0 ms 
76066      DEBUG Test worker     d.u.i.k.n.KeyIO           MODE: 2nd degree decls took 0 
77379      INFO  Test worker     d.u.i.k.n.KeyIO           Parsing took 0 ms 
77379      DEBUG Test worker     d.u.i.k.n.KeyIO           Load declarations of de.uka.ilkd.key.nparser.KeyAst$File:  <unknown>:1#1 
77379      INFO  Test worker     d.u.i.k.n.KeyIO           MODE: declarations took 0 ms 
77379      DEBUG Test worker     d.u.i.k.n.KeyIO           MODE: 2nd degree decls took 0 
81713      INFO  Test worker     d.u.i.k.n.KeyIO           Parsing took 0 ms 
81713      DEBUG Test worker     d.u.i.k.n.KeyIO           Load declarations of de.uka.ilkd.key.nparser.KeyAst$File:  <unknown>:1#1 
81713      INFO  Test worker     d.u.i.k.n.KeyIO           MODE: declarations took 0 ms 
81713      DEBUG Test worker     d.u.i.k.n.KeyIO           MODE: 2nd degree decls took 0 
83027      INFO  Test worker     d.u.i.k.n.KeyIO           Parsing took 0 ms 
83027      DEBUG Test worker     d.u.i.k.n.KeyIO           Load declarations of de.uka.ilkd.key.nparser.KeyAst$File:  <unknown>:1#1 
83027      INFO  Test worker     d.u.i.k.n.KeyIO           MODE: declarations took 0 ms 
83027      DEBUG Test worker     d.u.i.k.n.KeyIO           MODE: 2nd degree decls took 0 
87342      INFO  Test worker     d.u.i.k.n.KeyIO           Parsing took 0 ms 
87342      DEBUG Test worker     d.u.i.k.n.KeyIO           Load declarations of de.uka.ilkd.key.nparser.KeyAst$File:  <unknown>:1#1 
87342      INFO  Test worker     d.u.i.k.n.KeyIO           MODE: declarations took 0 ms 
87342      DEBUG Test worker     d.u.i.k.n.KeyIO           MODE: 2nd degree decls took 0 
88655      INFO  Test worker     d.u.i.k.n.KeyIO           Parsing took 0 ms 
88670      DEBUG Test worker     d.u.i.k.n.KeyIO           Load declarations of de.uka.ilkd.key.nparser.KeyAst$File:  <unknown>:1#1 
88670      INFO  Test worker     d.u.i.k.n.KeyIO           MODE: declarations took 0 ms 
88670      DEBUG Test worker     d.u.i.k.n.KeyIO           MODE: 2nd degree decls took 0 
92973      INFO  Test worker     d.u.i.k.n.KeyIO           Parsing took 0 ms 
92973      DEBUG Test worker     d.u.i.k.n.KeyIO           Load declarations of de.uka.ilkd.key.nparser.KeyAst$File:  <unknown>:1#1 
92973      INFO  Test worker     d.u.i.k.n.KeyIO           MODE: declarations took 0 ms 
92973      DEBUG Test worker     d.u.i.k.n.KeyIO           MODE: 2nd degree decls took 0 
94295      INFO  Test worker     d.u.i.k.n.KeyIO           Parsing took 0 ms 
94295      DEBUG Test worker     d.u.i.k.n.KeyIO           Load declarations of de.uka.ilkd.key.nparser.KeyAst$File:  <unknown>:1#1 
94295      INFO  Test worker     d.u.i.k.n.KeyIO           MODE: declarations took 0 ms 
94295      DEBUG Test worker     d.u.i.k.n.KeyIO           MODE: 2nd degree decls took 0 
98592      INFO  Test worker     d.u.i.k.n.KeyIO           Parsing took 0 ms 
98592      DEBUG Test worker     d.u.i.k.n.KeyIO           Load declarations of de.uka.ilkd.key.nparser.KeyAst$File:  <unknown>:1#1 
98592      INFO  Test worker     d.u.i.k.n.KeyIO           MODE: declarations took 0 ms 
98592      DEBUG Test worker     d.u.i.k.n.KeyIO           MODE: 2nd degree decls took 0 
99897      INFO  Test worker     d.u.i.k.n.KeyIO           Parsing took 0 ms 
99897      DEBUG Test worker     d.u.i.k.n.KeyIO           Load declarations of de.uka.ilkd.key.nparser.KeyAst$File:  <unknown>:1#1 
99897      INFO  Test worker     d.u.i.k.n.KeyIO           MODE: declarations took 0 ms 
99897      DEBUG Test worker     d.u.i.k.n.KeyIO           MODE: 2nd degree decls took 0 
104182     INFO  Test worker     d.u.i.k.n.KeyIO           Parsing took 0 ms 
104182     DEBUG Test worker     d.u.i.k.n.KeyIO           Load declarations of de.uka.ilkd.key.nparser.KeyAst$File:  <unknown>:1#1 
104182     INFO  Test worker     d.u.i.k.n.KeyIO           MODE: declarations took 0 ms 
104182     DEBUG Test worker     d.u.i.k.n.KeyIO           MODE: 2nd degree decls took 0 
105479     INFO  Test worker     d.u.i.k.n.KeyIO           Parsing took 0 ms 
105479     DEBUG Test worker     d.u.i.k.n.KeyIO           Load declarations of de.uka.ilkd.key.nparser.KeyAst$File:  <unknown>:1#1 
105495     INFO  Test worker     d.u.i.k.n.KeyIO           MODE: declarations took 16 ms 
105495     DEBUG Test worker     d.u.i.k.n.KeyIO           MODE: 2nd degree decls took 0 
114114     INFO  Test worker     d.u.i.k.n.KeyIO           Parsing took 0 ms 
114114     DEBUG Test worker     d.u.i.k.n.KeyIO           Load declarations of de.uka.ilkd.key.nparser.KeyAst$File:  <unknown>:1#1 
114129     INFO  Test worker     d.u.i.k.n.KeyIO           MODE: declarations took 15 ms 
114129     DEBUG Test worker     d.u.i.k.n.KeyIO           MODE: 2nd degree decls took 0 
115436     INFO  Test worker     d.u.i.k.n.KeyIO           Parsing took 0 ms 
115436     DEBUG Test worker     d.u.i.k.n.KeyIO           Load declarations of de.uka.ilkd.key.nparser.KeyAst$File:  <unknown>:1#1 
115436     INFO  Test worker     d.u.i.k.n.KeyIO           MODE: declarations took 0 ms 
115436     DEBUG Test worker     d.u.i.k.n.KeyIO           MODE: 2nd degree decls took 0 
119712     INFO  Test worker     d.u.i.k.n.KeyIO           Parsing took 0 ms 
119712     DEBUG Test worker     d.u.i.k.n.KeyIO           Load declarations of de.uka.ilkd.key.nparser.KeyAst$File:  <unknown>:1#1 
119712     INFO  Test worker     d.u.i.k.n.KeyIO           MODE: declarations took 0 ms 
119712     DEBUG Test worker     d.u.i.k.n.KeyIO           MODE: 2nd degree decls took 0 
120986     INFO  Test worker     d.u.i.k.n.KeyIO           Parsing took 0 ms 
120986     DEBUG Test worker     d.u.i.k.n.KeyIO           Load declarations of de.uka.ilkd.key.nparser.KeyAst$File:  <unknown>:1#1 
120986     INFO  Test worker     d.u.i.k.n.KeyIO           MODE: declarations took 0 ms 
120986     DEBUG Test worker     d.u.i.k.n.KeyIO           MODE: 2nd degree decls took 0 
]]></system-out>
  <system-err><![CDATA[]]></system-err>
</testsuite>
