<?xml version="1.0" encoding="UTF-8"?>
<testsuite name="org.key_project.util.testcase.java.StringUtilTest" tests="15" skipped="0" failures="0" errors="0" timestamp="2023-04-17T13:17:36" hostname="fv-az931-993" time="0.139">
  <properties/>
  <testcase name="testReplaceAll()" classname="org.key_project.util.testcase.java.StringUtilTest" time="0.005"/>
  <testcase name="testToLowerCase()" classname="org.key_project.util.testcase.java.StringUtilTest" time="0.002"/>
  <testcase name="testCreateIgnoreCaseComparator()" classname="org.key_project.util.testcase.java.StringUtilTest" time="0.001"/>
  <testcase name="testFillString()" classname="org.key_project.util.testcase.java.StringUtilTest" time="0.018"/>
  <testcase name="testChop()" classname="org.key_project.util.testcase.java.StringUtilTest" time="0.005"/>
  <testcase name="testTrim()" classname="org.key_project.util.testcase.java.StringUtilTest" time="0.001"/>
  <testcase name="testTestTrim()" classname="org.key_project.util.testcase.java.StringUtilTest" time="0.014"/>
  <testcase name="testContains()" classname="org.key_project.util.testcase.java.StringUtilTest" time="0.0"/>
  <testcase name="testTrimRight()" classname="org.key_project.util.testcase.java.StringUtilTest" time="0.0"/>
  <testcase name="testToSingleLinedString()" classname="org.key_project.util.testcase.java.StringUtilTest" time="0.001"/>
  <testcase name="testIsEmpty()" classname="org.key_project.util.testcase.java.StringUtilTest" time="0.001"/>
  <testcase name="testEqualIgnoreWhiteSpace()" classname="org.key_project.util.testcase.java.StringUtilTest" time="0.001"/>
  <testcase name="testRepeat()" classname="org.key_project.util.testcase.java.StringUtilTest" time="0.002"/>
  <testcase name="testIsTrimmedEmpty()" classname="org.key_project.util.testcase.java.StringUtilTest" time="0.001"/>
  <testcase name="testStartsWith()" classname="org.key_project.util.testcase.java.StringUtilTest" time="0.001"/>
  <system-out><![CDATA[]]></system-out>
  <system-err><![CDATA[]]></system-err>
</testsuite>
