<?xml version="1.0" encoding="UTF-8"?>
<testsuite name="org.key_project.util.testcase.collection.TestMapAsListFromIntegerToString" tests="7" skipped="0" failures="0" errors="0" timestamp="2023-06-03T17:00:05" hostname="fv-az553-997" time="0.139">
  <properties/>
  <testcase name="testMapCanContainSameValueWithDifferentKeys()" classname="org.key_project.util.testcase.collection.TestMapAsListFromIntegerToString" time="0.105"/>
  <testcase name="testSpecialCases()" classname="org.key_project.util.testcase.collection.TestMapAsListFromIntegerToString" time="0.001"/>
  <testcase name="testRemoveAllMappingToSpecifiedValue()" classname="org.key_project.util.testcase.collection.TestMapAsListFromIntegerToString" time="0.01"/>
  <testcase name="testMapEntriesAreTheSameThatHaveBeenPutInside()" classname="org.key_project.util.testcase.collection.TestMapAsListFromIntegerToString" time="0.014"/>
  <testcase name="testRemoveOneMappingWithSpecifiedKey()" classname="org.key_project.util.testcase.collection.TestMapAsListFromIntegerToString" time="0.0"/>
  <testcase name="testReplaceIfSameKeyWithNewValueIsPutInMap()" classname="org.key_project.util.testcase.collection.TestMapAsListFromIntegerToString" time="0.0"/>
  <testcase name="testImmutability()" classname="org.key_project.util.testcase.collection.TestMapAsListFromIntegerToString" time="0.002"/>
  <system-out><![CDATA[]]></system-out>
  <system-err><![CDATA[]]></system-err>
</testsuite>
