<?xml version="1.0" encoding="UTF-8"?>
<testsuite name="de.uka.ilkd.key.rule.merge.PredicateAbstractionLatticeTests" tests="3" skipped="0" failures="0" errors="0" timestamp="2023-04-20T10:23:15" hostname="fv-az319-602" time="6.763">
  <properties/>
  <testcase name="testToAndFromString()" classname="de.uka.ilkd.key.rule.merge.PredicateAbstractionLatticeTests" time="3.424"/>
  <testcase name="testCreateSignLatticeWithPredicates()" classname="de.uka.ilkd.key.rule.merge.PredicateAbstractionLatticeTests" time="3.339"/>
  <testcase name="testTrivialPredicatesLattice()" classname="de.uka.ilkd.key.rule.merge.PredicateAbstractionLatticeTests" time="0.0"/>
  <system-out><![CDATA[647477     INFO  Test worker     d.u.i.k.p.i.AbstractProblemLoader Loading environment from src\test\resources\testcase\merge\dummy.key 
647477     DEBUG Test worker     d.u.i.k.p.i.AbstractProblemLoader Environment load took 163.6ns 
647477     INFO  Test worker     d.u.i.k.p.i.AbstractProblemLoader Creating init config 
650870     DEBUG Test worker     d.u.i.k.p.i.AbstractProblemLoader Init config took 3.39s 
650886     INFO  Test worker     d.u.i.k.p.i.AbstractProblemLoader Replaying proof dummy.key 
650886     DEBUG Test worker     d.u.i.k.p.i.IntermediateProofReplayer Proof replay took 8.3ns 
650886     INFO  Test worker     d.u.i.k.p.i.AbstractProblemLoader Loading environment from src\test\resources\testcase\merge\dummy.key 
650886     DEBUG Test worker     d.u.i.k.p.i.AbstractProblemLoader Environment load took 149.6ns 
650886     INFO  Test worker     d.u.i.k.p.i.AbstractProblemLoader Creating init config 
654210     DEBUG Test worker     d.u.i.k.p.i.AbstractProblemLoader Init config took 3.31s 
654225     INFO  Test worker     d.u.i.k.p.i.AbstractProblemLoader Replaying proof dummy.key 
654225     DEBUG Test worker     d.u.i.k.p.i.IntermediateProofReplayer Proof replay took 9.3ns 
]]></system-out>
  <system-err><![CDATA[]]></system-err>
</testsuite>
