<?xml version="1.0" encoding="UTF-8"?>
<testsuite name="de.uka.ilkd.key.logic.TestClashFreeSubst" tests="14" skipped="2" failures="0" errors="0" timestamp="2023-04-20T10:13:12" hostname="fv-az319-602" time="61.215">
  <properties/>
  <testcase name="testMultiShareBound()" classname="de.uka.ilkd.key.logic.TestClashFreeSubst" time="1.134"/>
  <testcase name="testClash()" classname="de.uka.ilkd.key.logic.TestClashFreeSubst" time="1.053"/>
  <testcase name="testShare()" classname="de.uka.ilkd.key.logic.TestClashFreeSubst" time="1.028"/>
  <testcase name="testSubst()" classname="de.uka.ilkd.key.logic.TestClashFreeSubst" time="1.108"/>
  <testcase name="testWary0()" classname="de.uka.ilkd.key.logic.TestClashFreeSubst" time="1.089"/>
  <testcase name="testWary1()" classname="de.uka.ilkd.key.logic.TestClashFreeSubst" time="1.059"/>
  <testcase name="testWary2()" classname="de.uka.ilkd.key.logic.TestClashFreeSubst" time="1.048"/>
  <testcase name="testClashInSubstTerm()" classname="de.uka.ilkd.key.logic.TestClashFreeSubst" time="1.435"/>
  <testcase name="testShareWary()" classname="de.uka.ilkd.key.logic.TestClashFreeSubst" time="1.416"/>
  <testcase name="testMultiSubst()" classname="de.uka.ilkd.key.logic.TestClashFreeSubst" time="1.079"/>
  <testcase name="xtestMultiClash()" classname="de.uka.ilkd.key.logic.TestClashFreeSubst" time="0.0">
    <skipped/>
  </testcase>
  <testcase name="testSubstInSubstTerm()" classname="de.uka.ilkd.key.logic.TestClashFreeSubst" time="1.078"/>
  <testcase name="testSubstWary()" classname="de.uka.ilkd.key.logic.TestClashFreeSubst" time="1.137"/>
  <testcase name="xtestMultiClash1()" classname="de.uka.ilkd.key.logic.TestClashFreeSubst" time="0.0">
    <skipped/>
  </testcase>
  <system-out><![CDATA[43504      INFO  Test worker     d.u.i.k.n.KeyIO           Parsing took 0 ms 
43504      DEBUG Test worker     d.u.i.k.n.KeyIO           Load declarations of de.uka.ilkd.key.nparser.KeyAst$File:  <unknown>:1#1 
43504      INFO  Test worker     d.u.i.k.n.KeyIO           MODE: declarations took 0 ms 
43504      DEBUG Test worker     d.u.i.k.n.KeyIO           MODE: 2nd degree decls took 0 
44630      INFO  Test worker     d.u.i.k.n.KeyIO           Parsing took 0 ms 
44630      DEBUG Test worker     d.u.i.k.n.KeyIO           Load declarations of de.uka.ilkd.key.nparser.KeyAst$File:  <unknown>:1#1 
44630      INFO  Test worker     d.u.i.k.n.KeyIO           MODE: declarations took 0 ms 
44630      DEBUG Test worker     d.u.i.k.n.KeyIO           MODE: 2nd degree decls took 0 
48117      INFO  Test worker     d.u.i.k.n.KeyIO           Parsing took 0 ms 
48117      DEBUG Test worker     d.u.i.k.n.KeyIO           Load declarations of de.uka.ilkd.key.nparser.KeyAst$File:  <unknown>:1#1 
48117      INFO  Test worker     d.u.i.k.n.KeyIO           MODE: declarations took 0 ms 
48117      DEBUG Test worker     d.u.i.k.n.KeyIO           MODE: 2nd degree decls took 0 
49164      INFO  Test worker     d.u.i.k.n.KeyIO           Parsing took 0 ms 
49164      DEBUG Test worker     d.u.i.k.n.KeyIO           Load declarations of de.uka.ilkd.key.nparser.KeyAst$File:  <unknown>:1#1 
49164      INFO  Test worker     d.u.i.k.n.KeyIO           MODE: declarations took 0 ms 
49164      DEBUG Test worker     d.u.i.k.n.KeyIO           MODE: 2nd degree decls took 0 
52510      INFO  Test worker     d.u.i.k.n.KeyIO           Parsing took 0 ms 
52510      DEBUG Test worker     d.u.i.k.n.KeyIO           Load declarations of de.uka.ilkd.key.nparser.KeyAst$File:  <unknown>:1#1 
52510      INFO  Test worker     d.u.i.k.n.KeyIO           MODE: declarations took 0 ms 
52510      DEBUG Test worker     d.u.i.k.n.KeyIO           MODE: 2nd degree decls took 0 
53526      INFO  Test worker     d.u.i.k.n.KeyIO           Parsing took 0 ms 
53526      DEBUG Test worker     d.u.i.k.n.KeyIO           Load declarations of de.uka.ilkd.key.nparser.KeyAst$File:  <unknown>:1#1 
53526      INFO  Test worker     d.u.i.k.n.KeyIO           MODE: declarations took 0 ms 
53526      DEBUG Test worker     d.u.i.k.n.KeyIO           MODE: 2nd degree decls took 0 
57028      INFO  Test worker     d.u.i.k.n.KeyIO           Parsing took 0 ms 
57028      DEBUG Test worker     d.u.i.k.n.KeyIO           Load declarations of de.uka.ilkd.key.nparser.KeyAst$File:  <unknown>:1#1 
57028      INFO  Test worker     d.u.i.k.n.KeyIO           MODE: declarations took 0 ms 
57028      DEBUG Test worker     d.u.i.k.n.KeyIO           MODE: 2nd degree decls took 0 
58123      INFO  Test worker     d.u.i.k.n.KeyIO           Parsing took 0 ms 
58123      DEBUG Test worker     d.u.i.k.n.KeyIO           Load declarations of de.uka.ilkd.key.nparser.KeyAst$File:  <unknown>:1#1 
58123      INFO  Test worker     d.u.i.k.n.KeyIO           MODE: declarations took 0 ms 
58123      DEBUG Test worker     d.u.i.k.n.KeyIO           MODE: 2nd degree decls took 0 
61704      INFO  Test worker     d.u.i.k.n.KeyIO           Parsing took 0 ms 
61704      DEBUG Test worker     d.u.i.k.n.KeyIO           Load declarations of de.uka.ilkd.key.nparser.KeyAst$File:  <unknown>:1#1 
61704      INFO  Test worker     d.u.i.k.n.KeyIO           MODE: declarations took 0 ms 
61704      DEBUG Test worker     d.u.i.k.n.KeyIO           MODE: 2nd degree decls took 0 
62782      INFO  Test worker     d.u.i.k.n.KeyIO           Parsing took 0 ms 
62782      DEBUG Test worker     d.u.i.k.n.KeyIO           Load declarations of de.uka.ilkd.key.nparser.KeyAst$File:  <unknown>:1#1 
62782      INFO  Test worker     d.u.i.k.n.KeyIO           MODE: declarations took 0 ms 
62782      DEBUG Test worker     d.u.i.k.n.KeyIO           MODE: 2nd degree decls took 0 
66160      INFO  Test worker     d.u.i.k.n.KeyIO           Parsing took 0 ms 
66175      DEBUG Test worker     d.u.i.k.n.KeyIO           Load declarations of de.uka.ilkd.key.nparser.KeyAst$File:  <unknown>:1#1 
66175      INFO  Test worker     d.u.i.k.n.KeyIO           MODE: declarations took 0 ms 
66175      DEBUG Test worker     d.u.i.k.n.KeyIO           MODE: 2nd degree decls took 0 
67222      INFO  Test worker     d.u.i.k.n.KeyIO           Parsing took 0 ms 
67222      DEBUG Test worker     d.u.i.k.n.KeyIO           Load declarations of de.uka.ilkd.key.nparser.KeyAst$File:  <unknown>:1#1 
67222      INFO  Test worker     d.u.i.k.n.KeyIO           MODE: declarations took 0 ms 
67222      DEBUG Test worker     d.u.i.k.n.KeyIO           MODE: 2nd degree decls took 0 
70631      INFO  Test worker     d.u.i.k.n.KeyIO           Parsing took 0 ms 
70631      DEBUG Test worker     d.u.i.k.n.KeyIO           Load declarations of de.uka.ilkd.key.nparser.KeyAst$File:  <unknown>:1#1 
70631      INFO  Test worker     d.u.i.k.n.KeyIO           MODE: declarations took 0 ms 
70631      DEBUG Test worker     d.u.i.k.n.KeyIO           MODE: 2nd degree decls took 0 
71679      INFO  Test worker     d.u.i.k.n.KeyIO           Parsing took 0 ms 
71679      DEBUG Test worker     d.u.i.k.n.KeyIO           Load declarations of de.uka.ilkd.key.nparser.KeyAst$File:  <unknown>:1#1 
71679      INFO  Test worker     d.u.i.k.n.KeyIO           MODE: declarations took 0 ms 
71679      DEBUG Test worker     d.u.i.k.n.KeyIO           MODE: 2nd degree decls took 0 
77259      INFO  Test worker     d.u.i.k.n.KeyIO           Parsing took 0 ms 
77259      DEBUG Test worker     d.u.i.k.n.KeyIO           Load declarations of de.uka.ilkd.key.nparser.KeyAst$File:  <unknown>:1#1 
77259      INFO  Test worker     d.u.i.k.n.KeyIO           MODE: declarations took 0 ms 
77259      DEBUG Test worker     d.u.i.k.n.KeyIO           MODE: 2nd degree decls took 0 
78697      INFO  Test worker     d.u.i.k.n.KeyIO           Parsing took 0 ms 
78697      DEBUG Test worker     d.u.i.k.n.KeyIO           Load declarations of de.uka.ilkd.key.nparser.KeyAst$File:  <unknown>:1#1 
78697      INFO  Test worker     d.u.i.k.n.KeyIO           MODE: declarations took 0 ms 
78697      DEBUG Test worker     d.u.i.k.n.KeyIO           MODE: 2nd degree decls took 0 
82356      INFO  Test worker     d.u.i.k.n.KeyIO           Parsing took 0 ms 
82356      DEBUG Test worker     d.u.i.k.n.KeyIO           Load declarations of de.uka.ilkd.key.nparser.KeyAst$File:  <unknown>:1#1 
82356      INFO  Test worker     d.u.i.k.n.KeyIO           MODE: declarations took 0 ms 
82356      DEBUG Test worker     d.u.i.k.n.KeyIO           MODE: 2nd degree decls took 0 
83733      INFO  Test worker     d.u.i.k.n.KeyIO           Parsing took 0 ms 
83733      DEBUG Test worker     d.u.i.k.n.KeyIO           Load declarations of de.uka.ilkd.key.nparser.KeyAst$File:  <unknown>:1#1 
83733      INFO  Test worker     d.u.i.k.n.KeyIO           MODE: declarations took 0 ms 
83733      DEBUG Test worker     d.u.i.k.n.KeyIO           MODE: 2nd degree decls took 0 
87283      INFO  Test worker     d.u.i.k.n.KeyIO           Parsing took 0 ms 
87283      DEBUG Test worker     d.u.i.k.n.KeyIO           Load declarations of de.uka.ilkd.key.nparser.KeyAst$File:  <unknown>:1#1 
87283      INFO  Test worker     d.u.i.k.n.KeyIO           MODE: declarations took 0 ms 
87283      DEBUG Test worker     d.u.i.k.n.KeyIO           MODE: 2nd degree decls took 0 
88362      INFO  Test worker     d.u.i.k.n.KeyIO           Parsing took 0 ms 
88362      DEBUG Test worker     d.u.i.k.n.KeyIO           Load declarations of de.uka.ilkd.key.nparser.KeyAst$File:  <unknown>:1#1 
88362      INFO  Test worker     d.u.i.k.n.KeyIO           MODE: declarations took 0 ms 
88362      DEBUG Test worker     d.u.i.k.n.KeyIO           MODE: 2nd degree decls took 0 
95101      INFO  Test worker     d.u.i.k.n.KeyIO           Parsing took 0 ms 
95101      DEBUG Test worker     d.u.i.k.n.KeyIO           Load declarations of de.uka.ilkd.key.nparser.KeyAst$File:  <unknown>:1#1 
95101      INFO  Test worker     d.u.i.k.n.KeyIO           MODE: declarations took 0 ms 
95101      DEBUG Test worker     d.u.i.k.n.KeyIO           MODE: 2nd degree decls took 0 
96164      INFO  Test worker     d.u.i.k.n.KeyIO           Parsing took 0 ms 
96164      DEBUG Test worker     d.u.i.k.n.KeyIO           Load declarations of de.uka.ilkd.key.nparser.KeyAst$File:  <unknown>:1#1 
96180      INFO  Test worker     d.u.i.k.n.KeyIO           MODE: declarations took 16 ms 
96180      DEBUG Test worker     d.u.i.k.n.KeyIO           MODE: 2nd degree decls took 0 
100073     INFO  Test worker     d.u.i.k.n.KeyIO           Parsing took 0 ms 
100073     DEBUG Test worker     d.u.i.k.n.KeyIO           Load declarations of de.uka.ilkd.key.nparser.KeyAst$File:  <unknown>:1#1 
100073     INFO  Test worker     d.u.i.k.n.KeyIO           MODE: declarations took 0 ms 
100073     DEBUG Test worker     d.u.i.k.n.KeyIO           MODE: 2nd degree decls took 0 
101199     INFO  Test worker     d.u.i.k.n.KeyIO           Parsing took 0 ms 
101199     DEBUG Test worker     d.u.i.k.n.KeyIO           Load declarations of de.uka.ilkd.key.nparser.KeyAst$File:  <unknown>:1#1 
101199     INFO  Test worker     d.u.i.k.n.KeyIO           MODE: declarations took 0 ms 
101199     DEBUG Test worker     d.u.i.k.n.KeyIO           MODE: 2nd degree decls took 0 
]]></system-out>
  <system-err><![CDATA[]]></system-err>
</testsuite>
