<?xml version="1.0" encoding="UTF-8"?>
<testsuite name="de.uka.ilkd.key.util.TestProofStarter" tests="2" skipped="0" failures="0" errors="0" timestamp="2023-04-20T10:28:23" hostname="fv-az319-602" time="62.339">
  <properties/>
  <testcase name="testDirectProofWithOneStepSimplification()" classname="de.uka.ilkd.key.util.TestProofStarter" time="32.447"/>
  <testcase name="testDirectProof()" classname="de.uka.ilkd.key.util.TestProofStarter" time="29.892"/>
  <system-out><![CDATA[954640     INFO  Test worker     d.u.i.k.p.i.AbstractProblemLoader Loading environment from src\test\resources\testcase\proofStarter\CC\project.key 
954640     DEBUG Test worker     d.u.i.k.p.i.AbstractProblemLoader Environment load took 188.5ns 
954640     INFO  Test worker     d.u.i.k.p.i.AbstractProblemLoader Creating init config 
954828     DEBUG Test worker     d.u.i.k.j.TypeConverter   No LDT found for Meta 
954828     DEBUG Test worker     d.u.i.k.j.TypeConverter   No LDT found for Meta 
954828     DEBUG Test worker     d.u.i.k.j.TypeConverter   No LDT found for Meta 
954828     DEBUG Test worker     d.u.i.k.j.TypeConverter   No LDT found for Meta 
955421     DEBUG Test worker     d.u.i.k.j.TypeConverter   No LDT found for JavaBigintExpression 
959596     DEBUG Test worker     d.u.i.k.p.i.AbstractProblemLoader Init config took 4.95s 
959674     INFO  Test worker     d.u.i.k.p.i.AbstractProblemLoader Replaying proof CC[CC::calcCoinIndex([I,[I)].JML normal_behavior operation contract.0 
959674     DEBUG Test worker     d.u.i.k.p.i.IntermediateProofReplayer Proof replay took 8.5ns 
987068     INFO  Test worker     d.u.i.k.p.i.AbstractProblemLoader Loading environment from src\test\resources\testcase\proofStarter\CC\project.key 
987068     DEBUG Test worker     d.u.i.k.p.i.AbstractProblemLoader Environment load took 218.3ns 
987068     INFO  Test worker     d.u.i.k.p.i.AbstractProblemLoader Creating init config 
990305     DEBUG Test worker     d.u.i.k.p.i.AbstractProblemLoader Init config took 3.23s 
990351     INFO  Test worker     d.u.i.k.p.i.AbstractProblemLoader Replaying proof CC[CC::calcCoinIndex([I,[I)].JML normal_behavior operation contract.0 
990351     DEBUG Test worker     d.u.i.k.p.i.IntermediateProofReplayer Proof replay took 8.5ns 
]]></system-out>
  <system-err><![CDATA[]]></system-err>
</testsuite>
