<?xml version="1.0" encoding="UTF-8"?>
<testsuite name="de.uka.ilkd.key.parser.TestDeclParser" tests="14" skipped="2" failures="0" errors="0" timestamp="2023-04-20T10:16:51" hostname="fv-az319-602" time="12.83">
  <properties/>
  <testcase name="testGenericSortDecl1()" classname="de.uka.ilkd.key.parser.TestDeclParser" time="1.025"/>
  <testcase name="testGenericSortDecl2()" classname="de.uka.ilkd.key.parser.TestDeclParser" time="1.108"/>
  <testcase name="testGenericSortDecl3()" classname="de.uka.ilkd.key.parser.TestDeclParser" time="1.075"/>
  <testcase name="testGenericSortDecl4()" classname="de.uka.ilkd.key.parser.TestDeclParser" time="1.056"/>
  <testcase name="testGenericSortDecl5()" classname="de.uka.ilkd.key.parser.TestDeclParser" time="0.0">
    <skipped/>
  </testcase>
  <testcase name="testGenericSortDecl6()" classname="de.uka.ilkd.key.parser.TestDeclParser" time="1.103"/>
  <testcase name="testSortDecl()" classname="de.uka.ilkd.key.parser.TestDeclParser" time="1.043"/>
  <testcase name="testProxySortDecl()" classname="de.uka.ilkd.key.parser.TestDeclParser" time="1.083"/>
  <testcase name="testArrayDecl()" classname="de.uka.ilkd.key.parser.TestDeclParser" time="1.11"/>
  <testcase name="testAmbiguousDecls()" classname="de.uka.ilkd.key.parser.TestDeclParser" time="0.0">
    <skipped/>
  </testcase>
  <testcase name="testHeurDecl()" classname="de.uka.ilkd.key.parser.TestDeclParser" time="0.99"/>
  <testcase name="testFunctionDecl()" classname="de.uka.ilkd.key.parser.TestDeclParser" time="1.09"/>
  <testcase name="testPredicateDecl()" classname="de.uka.ilkd.key.parser.TestDeclParser" time="1.0"/>
  <testcase name="testSVDecl()" classname="de.uka.ilkd.key.parser.TestDeclParser" time="1.143"/>
  <system-out><![CDATA[264115     INFO  Test worker     d.u.i.k.n.KeyIO           Parsing took 0 ms 
264115     DEBUG Test worker     d.u.i.k.n.KeyIO           Load declarations of de.uka.ilkd.key.nparser.KeyAst$File:  <unknown>:1#1 
264115     INFO  Test worker     d.u.i.k.n.KeyIO           MODE: declarations took 0 ms 
264115     DEBUG Test worker     d.u.i.k.n.KeyIO           MODE: 2nd degree decls took 0 
264115     DEBUG Test worker     d.u.i.k.n.KeyIO           MODE: taclets took 0ms 
265225     INFO  Test worker     d.u.i.k.n.KeyIO           Parsing took 0 ms 
265225     DEBUG Test worker     d.u.i.k.n.KeyIO           Load declarations of de.uka.ilkd.key.nparser.KeyAst$File:  <unknown>:1#1 
265225     INFO  Test worker     d.u.i.k.n.KeyIO           MODE: declarations took 0 ms 
265225     DEBUG Test worker     d.u.i.k.n.KeyIO           MODE: 2nd degree decls took 0 
265225     DEBUG Test worker     d.u.i.k.n.KeyIO           MODE: taclets took 0ms 
266304     INFO  Test worker     d.u.i.k.n.KeyIO           Parsing took 0 ms 
266304     DEBUG Test worker     d.u.i.k.n.KeyIO           Load declarations of de.uka.ilkd.key.nparser.KeyAst$File:  <unknown>:1#1 
266304     INFO  Test worker     d.u.i.k.n.KeyIO           MODE: declarations took 0 ms 
266304     DEBUG Test worker     d.u.i.k.n.KeyIO           MODE: 2nd degree decls took 0 
266304     DEBUG Test worker     d.u.i.k.n.KeyIO           MODE: taclets took 0ms 
267351     INFO  Test worker     d.u.i.k.n.KeyIO           Parsing took 0 ms 
267351     DEBUG Test worker     d.u.i.k.n.KeyIO           Load declarations of de.uka.ilkd.key.nparser.KeyAst$File:  <unknown>:1#1 
267351     INFO  Test worker     d.u.i.k.n.KeyIO           MODE: declarations took 0 ms 
267351     DEBUG Test worker     d.u.i.k.n.KeyIO           MODE: 2nd degree decls took 0 
267351     DEBUG Test worker     d.u.i.k.n.KeyIO           MODE: taclets took 0ms 
268461     INFO  Test worker     d.u.i.k.n.KeyIO           Parsing took 0 ms 
268461     DEBUG Test worker     d.u.i.k.n.KeyIO           Load declarations of de.uka.ilkd.key.nparser.KeyAst$File:  <unknown>:1#1 
268461     INFO  Test worker     d.u.i.k.n.KeyIO           MODE: declarations took 0 ms 
268461     DEBUG Test worker     d.u.i.k.n.KeyIO           MODE: 2nd degree decls took 0 
268461     DEBUG Test worker     d.u.i.k.n.KeyIO           MODE: taclets took 0ms 
269509     INFO  Test worker     d.u.i.k.n.KeyIO           Parsing took 0 ms 
269509     DEBUG Test worker     d.u.i.k.n.KeyIO           Load declarations of de.uka.ilkd.key.nparser.KeyAst$File:  <unknown>:1#1 
269509     INFO  Test worker     d.u.i.k.n.KeyIO           MODE: declarations took 0 ms 
269509     DEBUG Test worker     d.u.i.k.n.KeyIO           MODE: 2nd degree decls took 0 
269509     DEBUG Test worker     d.u.i.k.n.KeyIO           MODE: taclets took 0ms 
270588     INFO  Test worker     d.u.i.k.n.KeyIO           Parsing took 0 ms 
270588     DEBUG Test worker     d.u.i.k.n.KeyIO           Load declarations of de.uka.ilkd.key.nparser.KeyAst$File:  <unknown>:1#1 
270588     INFO  Test worker     d.u.i.k.n.KeyIO           MODE: declarations took 0 ms 
270588     DEBUG Test worker     d.u.i.k.n.KeyIO           MODE: 2nd degree decls took 0 
270588     DEBUG Test worker     d.u.i.k.n.KeyIO           MODE: taclets took 0ms 
271682     INFO  Test worker     d.u.i.k.n.KeyIO           Parsing took 0 ms 
271682     DEBUG Test worker     d.u.i.k.n.KeyIO           Load declarations of de.uka.ilkd.key.nparser.KeyAst$File:  <unknown>:1#1 
271698     INFO  Test worker     d.u.i.k.n.KeyIO           MODE: declarations took 16 ms 
271698     DEBUG Test worker     d.u.i.k.n.KeyIO           MODE: 2nd degree decls took 0 
271698     DEBUG Test worker     d.u.i.k.n.KeyIO           MODE: taclets took 0ms 
272684     INFO  Test worker     d.u.i.k.n.KeyIO           Parsing took 0 ms 
272684     DEBUG Test worker     d.u.i.k.n.KeyIO           Load declarations of de.uka.ilkd.key.nparser.KeyAst$File:  <unknown>:1#1 
272684     INFO  Test worker     d.u.i.k.n.KeyIO           MODE: declarations took 0 ms 
272684     DEBUG Test worker     d.u.i.k.n.KeyIO           MODE: 2nd degree decls took 0 
272684     DEBUG Test worker     d.u.i.k.n.KeyIO           MODE: taclets took 0ms 
273762     INFO  Test worker     d.u.i.k.n.KeyIO           Parsing took 0 ms 
273762     DEBUG Test worker     d.u.i.k.n.KeyIO           Load declarations of de.uka.ilkd.key.nparser.KeyAst$File:  <unknown>:1#1 
273762     INFO  Test worker     d.u.i.k.n.KeyIO           MODE: declarations took 0 ms 
273778     DEBUG Test worker     d.u.i.k.n.KeyIO           MODE: 2nd degree decls took 16 
273778     DEBUG Test worker     d.u.i.k.n.KeyIO           MODE: taclets took 0ms 
274763     INFO  Test worker     d.u.i.k.n.KeyIO           Parsing took 0 ms 
274763     DEBUG Test worker     d.u.i.k.n.KeyIO           Load declarations of de.uka.ilkd.key.nparser.KeyAst$File:  <unknown>:1#1 
274778     INFO  Test worker     d.u.i.k.n.KeyIO           MODE: declarations took 15 ms 
274778     DEBUG Test worker     d.u.i.k.n.KeyIO           MODE: 2nd degree decls took 0 
274778     DEBUG Test worker     d.u.i.k.n.KeyIO           MODE: taclets took 0ms 
275904     INFO  Test worker     d.u.i.k.n.KeyIO           Parsing took 0 ms 
275904     DEBUG Test worker     d.u.i.k.n.KeyIO           Load declarations of de.uka.ilkd.key.nparser.KeyAst$File:  <unknown>:1#1 
275904     INFO  Test worker     d.u.i.k.n.KeyIO           MODE: declarations took 0 ms 
275904     DEBUG Test worker     d.u.i.k.n.KeyIO           MODE: 2nd degree decls took 0 
275919     DEBUG Test worker     d.u.i.k.n.KeyIO           MODE: taclets took 15ms 
]]></system-out>
  <system-err><![CDATA[]]></system-err>
</testsuite>
