<?xml version="1.0" encoding="UTF-8"?>
<testsuite name="de.uka.ilkd.key.proof.TestOneStepSimplifier" tests="1" skipped="0" failures="0" errors="0" timestamp="2023-04-20T10:20:58" hostname="fv-az319-602" time="4.539">
  <properties/>
  <testcase name="loadWithRestriction()" classname="de.uka.ilkd.key.proof.TestOneStepSimplifier" time="4.539"/>
  <system-out><![CDATA[510056     INFO  Test worker     d.u.i.k.p.i.AbstractProblemLoader Loading environment from src\test\resources\testcase\ossRestriction.proof 
510056     DEBUG Test worker     d.u.i.k.p.i.AbstractProblemLoader Environment load took 176ns 
510056     INFO  Test worker     d.u.i.k.p.i.AbstractProblemLoader Creating init config 
510243     DEBUG Test worker     d.u.i.k.j.TypeConverter   No LDT found for Meta 
510243     DEBUG Test worker     d.u.i.k.j.TypeConverter   No LDT found for Meta 
510243     DEBUG Test worker     d.u.i.k.j.TypeConverter   No LDT found for Meta 
510243     DEBUG Test worker     d.u.i.k.j.TypeConverter   No LDT found for Meta 
510915     DEBUG Test worker     d.u.i.k.j.TypeConverter   No LDT found for JavaBigintExpression 
514558     DEBUG Test worker     d.u.i.k.p.i.AbstractProblemLoader Init config took 4.5s 
514589     INFO  Test worker     d.u.i.k.p.i.AbstractProblemLoader Replaying proof ossRestriction.proof 
514589     DEBUG Test worker     d.u.i.k.p.i.IntermediateProofReplayer Proof replay took 1.41ms 
]]></system-out>
  <system-err><![CDATA[]]></system-err>
</testsuite>
