<?xml version="1.0" encoding="UTF-8"?>
<testsuite name="de.uka.ilkd.key.rule.loop.LoopScopeInvRuleTests" tests="1" skipped="0" failures="0" errors="0" timestamp="2023-04-20T10:21:30" hostname="fv-az319-602" time="5.702">
  <properties/>
  <testcase name="testDoAutomaticProofOfBenchmarkWithLabeledBreaksAndContinues()" classname="de.uka.ilkd.key.rule.loop.LoopScopeInvRuleTests" time="5.702"/>
  <system-out><![CDATA[542326     INFO  Test worker     d.u.i.k.p.i.AbstractProblemLoader Loading environment from src\test\resources\testcase\loopScopeInvRule\Test.key 
542326     DEBUG Test worker     d.u.i.k.p.i.AbstractProblemLoader Environment load took 204.6ns 
542326     INFO  Test worker     d.u.i.k.p.i.AbstractProblemLoader Creating init config 
542529     DEBUG Test worker     d.u.i.k.j.TypeConverter   No LDT found for Meta 
542529     DEBUG Test worker     d.u.i.k.j.TypeConverter   No LDT found for Meta 
542529     DEBUG Test worker     d.u.i.k.j.TypeConverter   No LDT found for Meta 
542529     DEBUG Test worker     d.u.i.k.j.TypeConverter   No LDT found for Meta 
543374     DEBUG Test worker     d.u.i.k.j.TypeConverter   No LDT found for JavaBigintExpression 
547252     DEBUG Test worker     d.u.i.k.p.i.AbstractProblemLoader Init config took 4.92s 
547299     INFO  Test worker     d.u.i.k.p.i.AbstractProblemLoader Replaying proof Test[Test::loopScopeRuleBenchmark(int,boolean)].JML normal_behavior operation contract.0 
547315     DEBUG Test worker     d.u.i.k.p.i.IntermediateProofReplayer Proof replay took 36.9ns 
]]></system-out>
  <system-err><![CDATA[]]></system-err>
</testsuite>
