<?xml version="1.0" encoding="UTF-8"?>
<testsuite name="de.uka.ilkd.key.proof.runallproofs.RunAllProofsFunctional" tests="34" skipped="0" failures="0" errors="0" timestamp="2023-06-13T15:06:59" hostname="fv-az621-821" time="6113.332">
  <properties/>
  <testcase name="newBook" classname="de.uka.ilkd.key.proof.runallproofs.RunAllProofsFunctional" time="72.747"/>
  <testcase name="oldBook" classname="de.uka.ilkd.key.proof.runallproofs.RunAllProofsFunctional" time="21.804"/>
  <testcase name="comprehensions" classname="de.uka.ilkd.key.proof.runallproofs.RunAllProofsFunctional" time="76.792"/>
  <testcase name="performance" classname="de.uka.ilkd.key.proof.runallproofs.RunAllProofsFunctional" time="270.362"/>
  <testcase name="performancePOConstruction" classname="de.uka.ilkd.key.proof.runallproofs.RunAllProofsFunctional" time="93.704"/>
  <testcase name="applicationRestrictions" classname="de.uka.ilkd.key.proof.runallproofs.RunAllProofsFunctional" time="62.165"/>
  <testcase name="blockContracts" classname="de.uka.ilkd.key.proof.runallproofs.RunAllProofsFunctional" time="164.58"/>
  <testcase name="jmlAsserts" classname="de.uka.ilkd.key.proof.runallproofs.RunAllProofsFunctional" time="111.146"/>
  <testcase name="javaCard" classname="de.uka.ilkd.key.proof.runallproofs.RunAllProofsFunctional" time="156.889"/>
  <testcase name="list" classname="de.uka.ilkd.key.proof.runallproofs.RunAllProofsFunctional" time="304.775"/>
  <testcase name="list_ghost" classname="de.uka.ilkd.key.proof.runallproofs.RunAllProofsFunctional" time="75.123"/>
  <testcase name="list_recursive" classname="de.uka.ilkd.key.proof.runallproofs.RunAllProofsFunctional" time="27.099"/>
  <testcase name="list_seq" classname="de.uka.ilkd.key.proof.runallproofs.RunAllProofsFunctional" time="182.773"/>
  <testcase name="observer" classname="de.uka.ilkd.key.proof.runallproofs.RunAllProofsFunctional" time="109.52"/>
  <testcase name="removeDups" classname="de.uka.ilkd.key.proof.runallproofs.RunAllProofsFunctional" time="153.838"/>
  <testcase name="quicksort" classname="de.uka.ilkd.key.proof.runallproofs.RunAllProofsFunctional" time="126.694"/>
  <testcase name="simpleTests" classname="de.uka.ilkd.key.proof.runallproofs.RunAllProofsFunctional" time="176.14"/>
  <testcase name="SmansEtAl" classname="de.uka.ilkd.key.proof.runallproofs.RunAllProofsFunctional" time="221.026"/>
  <testcase name="VACID0" classname="de.uka.ilkd.key.proof.runallproofs.RunAllProofsFunctional" time="90.288"/>
  <testcase name="VSTTE10" classname="de.uka.ilkd.key.proof.runallproofs.RunAllProofsFunctional" time="208.633"/>
  <testcase name="WeideEtAl" classname="de.uka.ilkd.key.proof.runallproofs.RunAllProofsFunctional" time="32.972"/>
  <testcase name="arithmetic" classname="de.uka.ilkd.key.proof.runallproofs.RunAllProofsFunctional" time="565.466"/>
  <testcase name="arrays" classname="de.uka.ilkd.key.proof.runallproofs.RunAllProofsFunctional" time="68.994"/>
  <testcase name="javadl" classname="de.uka.ilkd.key.proof.runallproofs.RunAllProofsFunctional" time="673.489"/>
  <testcase name="FOL" classname="de.uka.ilkd.key.proof.runallproofs.RunAllProofsFunctional" time="329.824"/>
  <testcase name="strings" classname="de.uka.ilkd.key.proof.runallproofs.RunAllProofsFunctional" time="173.034"/>
  <testcase name="simple_info_flow" classname="de.uka.ilkd.key.proof.runallproofs.RunAllProofsFunctional" time="15.471"/>
  <testcase name="modelMethods" classname="de.uka.ilkd.key.proof.runallproofs.RunAllProofsFunctional" time="209.573"/>
  <testcase name="permissionHeap" classname="de.uka.ilkd.key.proof.runallproofs.RunAllProofsFunctional" time="987.33"/>
  <testcase name="completionScopes" classname="de.uka.ilkd.key.proof.runallproofs.RunAllProofsFunctional" time="62.389"/>
  <testcase name="reload_examples" classname="de.uka.ilkd.key.proof.runallproofs.RunAllProofsFunctional" time="49.26"/>
  <testcase name="proofLoadRepair" classname="de.uka.ilkd.key.proof.runallproofs.RunAllProofsFunctional" time="21.172"/>
  <testcase name="switch" classname="de.uka.ilkd.key.proof.runallproofs.RunAllProofsFunctional" time="71.085"/>
  <testcase name="redux" classname="de.uka.ilkd.key.proof.runallproofs.RunAllProofsFunctional" time="147.149"/>
  <system-out><![CDATA[543        INFO  Test worker     d.u.i.k.p.r.p.StatisticsFile Running test newBook 
433        INFO  Timeout watchdog d.u.i.k.p.r.p.ForkedTestFileRunner Timeout watcher launched (2000 secs.) 
439        WARN  main            d.u.i.k.s.ProofSettings   No proof-settings could be loaded, using defaults java.io.FileNotFoundException: /home/runner/.key/proof-settings.props (No such file or directory)
	at java.base/java.io.FileInputStream.open0(Native Method)

496        INFO  main            d.u.i.k.p.r.p.TestFile    Now processing file /home/runner/work/key/key/key.core/../key.ui/examples/newBook/09.list_modelfield/ArrayList.add.key 
655        INFO  main            d.u.i.k.p.i.AbstractProblemLoader Loading environment from /home/runner/work/key/key/key.core/../key.ui/examples/newBook/09.list_modelfield/ArrayList.add.key 
675        DEBUG main            d.u.i.k.p.i.AbstractProblemLoader Environment load took 4.67ms 
966        INFO  main            d.u.i.k.p.i.AbstractProblemLoader Creating init config 
2077       DEBUG main            d.u.i.k.j.TypeConverter   No LDT found for Meta 
2078       DEBUG main            d.u.i.k.j.TypeConverter   No LDT found for Meta 
2080       DEBUG main            d.u.i.k.j.TypeConverter   No LDT found for Meta 
2080       DEBUG main            d.u.i.k.j.TypeConverter   No LDT found for Meta 
3828       DEBUG main            d.u.i.k.j.TypeConverter   No LDT found for JavaBigintExpression 
9899       DEBUG main            d.u.i.k.p.i.AbstractProblemLoader Init config took 8.93s 
10065      INFO  main            d.u.i.k.p.i.AbstractProblemLoader Replaying proof ArrayList[List::add(int)].JML normal_behavior operation contract.0 
10107      DEBUG main            d.u.i.k.p.i.IntermediateProofReplayer Proof replay took 56.8ns 
31853      INFO  main            d.u.i.k.p.r.p.TestFile    ... finished proof: closed. 
32166      INFO  main            d.u.i.k.p.i.AbstractProblemLoader Loading environment from /home/runner/work/key/key/key.core/../key.ui/examples/newBook/09.list_modelfield/ArrayList.add.key.proof 
32167      DEBUG main            d.u.i.k.p.i.AbstractProblemLoader Environment load took 566.2ns 
32180      INFO  main            d.u.i.k.p.i.AbstractProblemLoader Creating init config 
35619      DEBUG main            d.u.i.k.p.i.AbstractProblemLoader Init config took 3.44s 
35705      INFO  main            d.u.i.k.p.i.AbstractProblemLoader Replaying proof ArrayList[List::add(int)].JML normal_behavior operation contract.0 
36933      DEBUG main            d.u.i.k.p.i.IntermediateProofReplayer Proof replay took 1.15s 
36945      DEBUG main            d.u.i.k.p.r.p.TestFile    ... success: reloaded. 
36952      INFO  main            d.u.i.k.p.r.p.TestFile    Now processing file /home/runner/work/key/key/key.core/../key.ui/examples/newBook/09.list_modelfield/ArrayList.remFirst.key 
36952      INFO  main            d.u.i.k.p.i.AbstractProblemLoader Loading environment from /home/runner/work/key/key/key.core/../key.ui/examples/newBook/09.list_modelfield/ArrayList.remFirst.key 
36953      DEBUG main            d.u.i.k.p.i.AbstractProblemLoader Environment load took 98.3ns 
36957      INFO  main            d.u.i.k.p.i.AbstractProblemLoader Creating init config 
40290      DEBUG main            d.u.i.k.p.i.AbstractProblemLoader Init config took 3.33s 
40378      INFO  main            d.u.i.k.p.i.AbstractProblemLoader Replaying proof ArrayList[List::remFirst()].JML normal_behavior operation contract.0 
40381      DEBUG main            d.u.i.k.p.i.IntermediateProofReplayer Proof replay took 5.1ns 
45373      INFO  main            d.u.i.k.p.r.p.TestFile    ... finished proof: closed. 
45648      INFO  main            d.u.i.k.p.i.AbstractProblemLoader Loading environment from /home/runner/work/key/key/key.core/../key.ui/examples/newBook/09.list_modelfield/ArrayList.remFirst.key.proof 
45648      DEBUG main            d.u.i.k.p.i.AbstractProblemLoader Environment load took 151ns 
45650      INFO  main            d.u.i.k.p.i.AbstractProblemLoader Creating init config 
48837      DEBUG main            d.u.i.k.p.i.AbstractProblemLoader Init config took 3.19s 
48900      INFO  main            d.u.i.k.p.i.AbstractProblemLoader Replaying proof ArrayList[List::remFirst()].JML normal_behavior operation contract.0 
49377      DEBUG main            d.u.i.k.p.i.IntermediateProofReplayer Proof replay took 458.41ms 
49383      DEBUG main            d.u.i.k.p.r.p.TestFile    ... success: reloaded. 
49384      INFO  main            d.u.i.k.p.r.p.TestFile    Now processing file /home/runner/work/key/key/key.core/../key.ui/examples/newBook/09.list_modelfield/ArrayList.empty.key 
49384      INFO  main            d.u.i.k.p.i.AbstractProblemLoader Loading environment from /home/runner/work/key/key/key.core/../key.ui/examples/newBook/09.list_modelfield/ArrayList.empty.key 
49384      DEBUG main            d.u.i.k.p.i.AbstractProblemLoader Environment load took 83.7ns 
49386      INFO  main            d.u.i.k.p.i.AbstractProblemLoader Creating init config 
52571      DEBUG main            d.u.i.k.p.i.AbstractProblemLoader Init config took 3.18s 
52630      INFO  main            d.u.i.k.p.i.AbstractProblemLoader Replaying proof ArrayList[List::empty()].JML normal_behavior operation contract.0 
52632      DEBUG main            d.u.i.k.p.i.IntermediateProofReplayer Proof replay took 5.1ns 
53837      INFO  main            d.u.i.k.p.r.p.TestFile    ... finished proof: closed. 
54033      INFO  main            d.u.i.k.p.i.AbstractProblemLoader Loading environment from /home/runner/work/key/key/key.core/../key.ui/examples/newBook/09.list_modelfield/ArrayList.empty.key.proof 
54033      DEBUG main            d.u.i.k.p.i.AbstractProblemLoader Environment load took 240.1ns 
54035      INFO  main            d.u.i.k.p.i.AbstractProblemLoader Creating init config 
57142      DEBUG main            d.u.i.k.p.i.AbstractProblemLoader Init config took 3.11s 
57218      INFO  main            d.u.i.k.p.i.AbstractProblemLoader Replaying proof ArrayList[List::empty()].JML normal_behavior operation contract.0 
57328      DEBUG main            d.u.i.k.p.i.IntermediateProofReplayer Proof replay took 103.05ms 
57330      DEBUG main            d.u.i.k.p.r.p.TestFile    ... success: reloaded. 
57332      INFO  main            d.u.i.k.p.r.p.TestFile    Now processing file /home/runner/work/key/key/key.core/../key.ui/examples/newBook/09.list_modelfield/ArrayList.size.key 
57333      INFO  main            d.u.i.k.p.i.AbstractProblemLoader Loading environment from /home/runner/work/key/key/key.core/../key.ui/examples/newBook/09.list_modelfield/ArrayList.size.key 
57333      DEBUG main            d.u.i.k.p.i.AbstractProblemLoader Environment load took 79.7ns 
57334      INFO  main            d.u.i.k.p.i.AbstractProblemLoader Creating init config 
60509      DEBUG main            d.u.i.k.p.i.AbstractProblemLoader Init config took 3.17s 
60563      INFO  main            d.u.i.k.p.i.AbstractProblemLoader Replaying proof ArrayList[List::size()].JML normal_behavior operation contract.0 
60565      DEBUG main            d.u.i.k.p.i.IntermediateProofReplayer Proof replay took 22.7ns 
61169      INFO  main            d.u.i.k.p.r.p.TestFile    ... finished proof: closed. 
61339      INFO  main            d.u.i.k.p.i.AbstractProblemLoader Loading environment from /home/runner/work/key/key/key.core/../key.ui/examples/newBook/09.list_modelfield/ArrayList.size.key.proof 
61340      DEBUG main            d.u.i.k.p.i.AbstractProblemLoader Environment load took 182.2ns 
61341      INFO  main            d.u.i.k.p.i.AbstractProblemLoader Creating init config 
64485      DEBUG main            d.u.i.k.p.i.AbstractProblemLoader Init config took 3.14s 
64539      INFO  main            d.u.i.k.p.i.AbstractProblemLoader Replaying proof ArrayList[List::size()].JML normal_behavior operation contract.0 
64582      DEBUG main            d.u.i.k.p.i.IntermediateProofReplayer Proof replay took 39.12ms 
64583      DEBUG main            d.u.i.k.p.r.p.TestFile    ... success: reloaded. 
64586      INFO  main            d.u.i.k.p.r.p.TestFile    Now processing file /home/runner/work/key/key/key.core/../key.ui/examples/newBook/09.list_modelfield/ArrayList.get.key 
64587      INFO  main            d.u.i.k.p.i.AbstractProblemLoader Loading environment from /home/runner/work/key/key/key.core/../key.ui/examples/newBook/09.list_modelfield/ArrayList.get.key 
64587      DEBUG main            d.u.i.k.p.i.AbstractProblemLoader Environment load took 682.3ns 
64589      INFO  main            d.u.i.k.p.i.AbstractProblemLoader Creating init config 
67768      DEBUG main            d.u.i.k.p.i.AbstractProblemLoader Init config took 3.18s 
67822      INFO  main            d.u.i.k.p.i.AbstractProblemLoader Replaying proof ArrayList[List::get(int)].JML normal_behavior operation contract.0 
67823      DEBUG main            d.u.i.k.p.i.IntermediateProofReplayer Proof replay took 4.8ns 
68928      INFO  main            d.u.i.k.p.r.p.TestFile    ... finished proof: closed. 
69204      INFO  main            d.u.i.k.p.i.AbstractProblemLoader Loading environment from /home/runner/work/key/key/key.core/../key.ui/examples/newBook/09.list_modelfield/ArrayList.get.key.proof 
69204      DEBUG main            d.u.i.k.p.i.AbstractProblemLoader Environment load took 166ns 
69206      INFO  main            d.u.i.k.p.i.AbstractProblemLoader Creating init config 
72317      DEBUG main            d.u.i.k.p.i.AbstractProblemLoader Init config took 3.11s 
72370      INFO  main            d.u.i.k.p.i.AbstractProblemLoader Replaying proof ArrayList[List::get(int)].JML normal_behavior operation contract.0 
72450      DEBUG main            d.u.i.k.p.i.IntermediateProofReplayer Proof replay took 73.85ms 
72452      DEBUG main            d.u.i.k.p.r.p.TestFile    ... success: reloaded. 
73254      INFO  Test worker     d.u.i.k.p.r.p.StatisticsFile Returning from test newBook 
73285      INFO  Test worker     d.u.i.k.p.r.p.StatisticsFile Running test oldBook 
429        INFO  Timeout watchdog d.u.i.k.p.r.p.ForkedTestFileRunner Timeout watcher launched (2000 secs.) 
437        WARN  main            d.u.i.k.s.ProofSettings   The settings in /home/runner/.key/proof-settings.props are *not* read. 
508        INFO  main            d.u.i.k.p.r.p.TestFile    Now processing file /home/runner/work/key/key/key.core/../key.ui/examples/standard_key/BookExamples/02FirstOrderLogic/Ex2.58.key 
643        INFO  main            d.u.i.k.p.i.AbstractProblemLoader Loading environment from /home/runner/work/key/key/key.core/../key.ui/examples/standard_key/BookExamples/02FirstOrderLogic/Ex2.58.key 
670        DEBUG main            d.u.i.k.p.i.AbstractProblemLoader Environment load took 4.27ms 
989        INFO  main            d.u.i.k.p.i.AbstractProblemLoader Creating init config 
2168       DEBUG main            d.u.i.k.j.TypeConverter   No LDT found for Meta 
2169       DEBUG main            d.u.i.k.j.TypeConverter   No LDT found for Meta 
2173       DEBUG main            d.u.i.k.j.TypeConverter   No LDT found for Meta 
2173       DEBUG main            d.u.i.k.j.TypeConverter   No LDT found for Meta 
3700       DEBUG main            d.u.i.k.j.TypeConverter   No LDT found for JavaBigintExpression 
10223      DEBUG main            d.u.i.k.p.i.AbstractProblemLoader Init config took 9.23s 
10295      INFO  main            d.u.i.k.p.i.AbstractProblemLoader Replaying proof Ex2.58.key 
10348      DEBUG main            d.u.i.k.p.i.IntermediateProofReplayer Proof replay took 35.9ns 
10517      INFO  main            d.u.i.k.p.r.p.TestFile    ... finished proof: closed. 
10652      INFO  main            d.u.i.k.p.i.AbstractProblemLoader Loading environment from /home/runner/work/key/key/key.core/../key.ui/examples/standard_key/BookExamples/02FirstOrderLogic/Ex2.58.key.proof 
10655      DEBUG main            d.u.i.k.p.i.AbstractProblemLoader Environment load took 2.85ms 
10665      INFO  main            d.u.i.k.p.i.AbstractProblemLoader Creating init config 
14077      DEBUG main            d.u.i.k.p.i.AbstractProblemLoader Init config took 3.41s 
14112      INFO  main            d.u.i.k.p.i.AbstractProblemLoader Replaying proof Ex2.58.key.proof 
14120      DEBUG main            d.u.i.k.p.i.IntermediateProofReplayer Proof replay took 2.9ms 
14136      DEBUG main            d.u.i.k.p.r.p.TestFile    ... success: reloaded. 
14140      INFO  main            d.u.i.k.p.r.p.TestFile    Now processing file /home/runner/work/key/key/key.core/../key.ui/examples/standard_key/BookExamples/03DynamicLogic/Sect3.3.1.key 
14141      INFO  main            d.u.i.k.p.i.AbstractProblemLoader Loading environment from /home/runner/work/key/key/key.core/../key.ui/examples/standard_key/BookExamples/03DynamicLogic/Sect3.3.1.key 
14142      DEBUG main            d.u.i.k.p.i.AbstractProblemLoader Environment load took 1.59ms 
14150      INFO  main            d.u.i.k.p.i.AbstractProblemLoader Creating init config 
17449      DEBUG main            d.u.i.k.p.i.AbstractProblemLoader Init config took 3.3s 
17486      INFO  main            d.u.i.k.p.i.AbstractProblemLoader Replaying proof Sect3.3.1.key 
17490      DEBUG main            d.u.i.k.p.i.IntermediateProofReplayer Proof replay took 6ns 
18101      INFO  main            d.u.i.k.p.r.p.TestFile    ... finished proof: closed. 
18259      INFO  main            d.u.i.k.p.i.AbstractProblemLoader Loading environment from /home/runner/work/key/key/key.core/../key.ui/examples/standard_key/BookExamples/03DynamicLogic/Sect3.3.1.key.proof 
18259      DEBUG main            d.u.i.k.p.i.AbstractProblemLoader Environment load took 149.3ns 
18260      INFO  main            d.u.i.k.p.i.AbstractProblemLoader Creating init config 
21442      DEBUG main            d.u.i.k.p.i.AbstractProblemLoader Init config took 3.18s 
21502      INFO  main            d.u.i.k.p.i.AbstractProblemLoader Replaying proof Sect3.3.1.key.proof 
21586      DEBUG main            d.u.i.k.p.i.IntermediateProofReplayer Proof replay took 66.01ms 
21588      DEBUG main            d.u.i.k.p.r.p.TestFile    ... success: reloaded. 
95086      INFO  Test worker     d.u.i.k.p.r.p.StatisticsFile Returning from test oldBook 
95092      INFO  Test worker     d.u.i.k.p.r.p.StatisticsFile Running test comprehensions 
473        INFO  Timeout watchdog d.u.i.k.p.r.p.ForkedTestFileRunner Timeout watcher launched (2000 secs.) 
490        WARN  main            d.u.i.k.s.ProofSettings   The settings in /home/runner/.key/proof-settings.props are *not* read. 
554        INFO  main            d.u.i.k.p.r.p.TestFile    Now processing file /home/runner/work/key/key/key.core/../key.ui/examples/heap/comprehensions/general_sum.key 
718        INFO  main            d.u.i.k.p.i.AbstractProblemLoader Loading environment from /home/runner/work/key/key/key.core/../key.ui/examples/heap/comprehensions/general_sum.key 
751        DEBUG main            d.u.i.k.p.i.AbstractProblemLoader Environment load took 3.64ms 
1030       INFO  main            d.u.i.k.p.i.AbstractProblemLoader Creating init config 
2274       DEBUG main            d.u.i.k.j.TypeConverter   No LDT found for Meta 
2275       DEBUG main            d.u.i.k.j.TypeConverter   No LDT found for Meta 
2277       DEBUG main            d.u.i.k.j.TypeConverter   No LDT found for Meta 
2284       DEBUG main            d.u.i.k.j.TypeConverter   No LDT found for Meta 
3698       DEBUG main            d.u.i.k.j.TypeConverter   No LDT found for JavaBigintExpression 
9955       DEBUG main            d.u.i.k.p.i.AbstractProblemLoader Init config took 8.92s 
10114      INFO  main            d.u.i.k.p.i.AbstractProblemLoader Replaying proof GSum[GSum::doNothing()].JML operation contract.0 
10156      DEBUG main            d.u.i.k.p.i.IntermediateProofReplayer Proof replay took 48.1ns 
10601      INFO  main            d.u.i.k.p.r.p.TestFile    ... finished proof: closed. 
10736      INFO  main            d.u.i.k.p.i.AbstractProblemLoader Loading environment from /home/runner/work/key/key/key.core/../key.ui/examples/heap/comprehensions/general_sum.key.proof 
10737      DEBUG main            d.u.i.k.p.i.AbstractProblemLoader Environment load took 912.9ns 
10740      INFO  main            d.u.i.k.p.i.AbstractProblemLoader Creating init config 
14174      DEBUG main            d.u.i.k.p.i.AbstractProblemLoader Init config took 3.43s 
14243      INFO  main            d.u.i.k.p.i.AbstractProblemLoader Replaying proof GSum[GSum::doNothing()].JML operation contract.0 
14263      DEBUG main            d.u.i.k.p.i.IntermediateProofReplayer Proof replay took 14.53ms 
14271      DEBUG main            d.u.i.k.p.r.p.TestFile    ... success: reloaded. 
14272      INFO  main            d.u.i.k.p.r.p.TestFile    Now processing file /home/runner/work/key/key/key.core/../key.ui/examples/heap/comprehensions/sum0.key 
14272      INFO  main            d.u.i.k.p.i.AbstractProblemLoader Loading environment from /home/runner/work/key/key/key.core/../key.ui/examples/heap/comprehensions/sum0.key 
14273      DEBUG main            d.u.i.k.p.i.AbstractProblemLoader Environment load took 85.7ns 
14278      INFO  main            d.u.i.k.p.i.AbstractProblemLoader Creating init config 
17617      DEBUG main            d.u.i.k.p.i.AbstractProblemLoader Init config took 3.34s 
17715      INFO  main            d.u.i.k.p.i.AbstractProblemLoader Replaying proof Sum[Sum::sum0([I)].JML normal_behavior operation contract.0 
17721      DEBUG main            d.u.i.k.p.i.IntermediateProofReplayer Proof replay took 13.3ns 
17912      DEBUG Thread-4        d.u.i.k.l.l.OriginTermLabel commonFileName is null! 
17914      DEBUG Thread-4        d.u.i.k.l.l.OriginTermLabel commonFileName is null! 
18200      DEBUG Thread-4        d.u.i.k.l.l.OriginTermLabel commonFileName is null! 
18201      DEBUG Thread-4        d.u.i.k.l.l.OriginTermLabel commonFileName is null! 
18426      DEBUG Thread-4        d.u.i.k.l.l.OriginTermLabel commonFileName is null! 
18633      INFO  main            d.u.i.k.p.r.p.TestFile    ... finished proof: closed. 
18822      INFO  main            d.u.i.k.p.i.AbstractProblemLoader Loading environment from /home/runner/work/key/key/key.core/../key.ui/examples/heap/comprehensions/sum0.key.proof 
18823      DEBUG main            d.u.i.k.p.i.AbstractProblemLoader Environment load took 736.9ns 
18825      INFO  main            d.u.i.k.p.i.AbstractProblemLoader Creating init config 
22151      DEBUG main            d.u.i.k.p.i.AbstractProblemLoader Init config took 3.33s 
22241      INFO  main            d.u.i.k.p.i.AbstractProblemLoader Replaying proof Sum[Sum::sum0([I)].JML normal_behavior operation contract.0 
22303      DEBUG main            d.u.i.k.l.l.OriginTermLabel commonFileName is null! 
22306      DEBUG main            d.u.i.k.l.l.OriginTermLabel commonFileName is null! 
22394      DEBUG main            d.u.i.k.l.l.OriginTermLabel commonFileName is null! 
22450      DEBUG main            d.u.i.k.l.l.OriginTermLabel commonFileName is null! 
22453      DEBUG main            d.u.i.k.l.l.OriginTermLabel commonFileName is null! 
22459      DEBUG main            d.u.i.k.p.i.IntermediateProofReplayer Proof replay took 202.14ms 
22461      DEBUG main            d.u.i.k.p.r.p.TestFile    ... success: reloaded. 
22463      INFO  main            d.u.i.k.p.r.p.TestFile    Now processing file /home/runner/work/key/key/key.core/../key.ui/examples/heap/comprehensions/sum1.key 
22463      INFO  main            d.u.i.k.p.i.AbstractProblemLoader Loading environment from /home/runner/work/key/key/key.core/../key.ui/examples/heap/comprehensions/sum1.key 
22464      DEBUG main            d.u.i.k.p.i.AbstractProblemLoader Environment load took 500ns 
22478      INFO  main            d.u.i.k.p.i.AbstractProblemLoader Creating init config 
25613      DEBUG main            d.u.i.k.p.i.AbstractProblemLoader Init config took 3.14s 
25673      INFO  main            d.u.i.k.p.i.AbstractProblemLoader Replaying proof Sum[Sum::sum1([I)].JML normal_behavior operation contract.0 
25676      DEBUG main            d.u.i.k.p.i.IntermediateProofReplayer Proof replay took 6.7ns 
25743      DEBUG Thread-7        d.u.i.k.l.l.OriginTermLabel commonFileName is null! 
25744      DEBUG Thread-7        d.u.i.k.l.l.OriginTermLabel commonFileName is null! 
25947      DEBUG Thread-7        d.u.i.k.l.l.OriginTermLabel commonFileName is null! 
25948      DEBUG Thread-7        d.u.i.k.l.l.OriginTermLabel commonFileName is null! 
26156      DEBUG Thread-7        d.u.i.k.l.l.OriginTermLabel commonFileName is null! 
26481      INFO  main            d.u.i.k.p.r.p.TestFile    ... finished proof: closed. 
26643      INFO  main            d.u.i.k.p.i.AbstractProblemLoader Loading environment from /home/runner/work/key/key/key.core/../key.ui/examples/heap/comprehensions/sum1.key.proof 
26643      DEBUG main            d.u.i.k.p.i.AbstractProblemLoader Environment load took 161.6ns 
26645      INFO  main            d.u.i.k.p.i.AbstractProblemLoader Creating init config 
29718      DEBUG main            d.u.i.k.p.i.AbstractProblemLoader Init config took 3.07s 
29781      INFO  main            d.u.i.k.p.i.AbstractProblemLoader Replaying proof Sum[Sum::sum1([I)].JML normal_behavior operation contract.0 
29816      DEBUG main            d.u.i.k.l.l.OriginTermLabel commonFileName is null! 
29816      DEBUG main            d.u.i.k.l.l.OriginTermLabel commonFileName is null! 
29869      DEBUG main            d.u.i.k.l.l.OriginTermLabel commonFileName is null! 
29901      DEBUG main            d.u.i.k.l.l.OriginTermLabel commonFileName is null! 
29902      DEBUG main            d.u.i.k.l.l.OriginTermLabel commonFileName is null! 
29906      DEBUG main            d.u.i.k.p.i.IntermediateProofReplayer Proof replay took 118.4ms 
29907      DEBUG main            d.u.i.k.p.r.p.TestFile    ... success: reloaded. 
29908      INFO  main            d.u.i.k.p.r.p.TestFile    Now processing file /home/runner/work/key/key/key.core/../key.ui/examples/heap/comprehensions/sum2.key 
29909      INFO  main            d.u.i.k.p.i.AbstractProblemLoader Loading environment from /home/runner/work/key/key/key.core/../key.ui/examples/heap/comprehensions/sum2.key 
29910      DEBUG main            d.u.i.k.p.i.AbstractProblemLoader Environment load took 387.1ns 
29911      INFO  main            d.u.i.k.p.i.AbstractProblemLoader Creating init config 
33014      DEBUG main            d.u.i.k.p.i.AbstractProblemLoader Init config took 3.1s 
33073      INFO  main            d.u.i.k.p.i.AbstractProblemLoader Replaying proof Sum[Sum::sum2([I)].JML normal_behavior operation contract.0 
33076      DEBUG main            d.u.i.k.p.i.IntermediateProofReplayer Proof replay took 5.8ns 
33148      DEBUG Thread-10       d.u.i.k.l.l.OriginTermLabel commonFileName is null! 
33149      DEBUG Thread-10       d.u.i.k.l.l.OriginTermLabel commonFileName is null! 
33292      DEBUG Thread-10       d.u.i.k.l.l.OriginTermLabel commonFileName is null! 
33293      DEBUG Thread-10       d.u.i.k.l.l.OriginTermLabel commonFileName is null! 
33399      DEBUG Thread-10       d.u.i.k.l.l.OriginTermLabel commonFileName is null! 
33580      INFO  main            d.u.i.k.p.r.p.TestFile    ... finished proof: closed. 
33768      INFO  main            d.u.i.k.p.i.AbstractProblemLoader Loading environment from /home/runner/work/key/key/key.core/../key.ui/examples/heap/comprehensions/sum2.key.proof 
33769      DEBUG main            d.u.i.k.p.i.AbstractProblemLoader Environment load took 851ns 
33770      INFO  main            d.u.i.k.p.i.AbstractProblemLoader Creating init config 
36681      DEBUG main            d.u.i.k.p.i.AbstractProblemLoader Init config took 2.91s 
36729      INFO  main            d.u.i.k.p.i.AbstractProblemLoader Replaying proof Sum[Sum::sum2([I)].JML normal_behavior operation contract.0 
36755      DEBUG main            d.u.i.k.l.l.OriginTermLabel commonFileName is null! 
36755      DEBUG main            d.u.i.k.l.l.OriginTermLabel commonFileName is null! 
36799      DEBUG main            d.u.i.k.l.l.OriginTermLabel commonFileName is null! 
36829      DEBUG main            d.u.i.k.l.l.OriginTermLabel commonFileName is null! 
36830      DEBUG main            d.u.i.k.l.l.OriginTermLabel commonFileName is null! 
36833      DEBUG main            d.u.i.k.p.i.IntermediateProofReplayer Proof replay took 101.08ms 
36835      DEBUG main            d.u.i.k.p.r.p.TestFile    ... success: reloaded. 
36838      INFO  main            d.u.i.k.p.r.p.TestFile    Now processing file /home/runner/work/key/key/key.core/../key.ui/examples/heap/comprehensions/sum3.key 
36838      INFO  main            d.u.i.k.p.i.AbstractProblemLoader Loading environment from /home/runner/work/key/key/key.core/../key.ui/examples/heap/comprehensions/sum3.key 
36839      DEBUG main            d.u.i.k.p.i.AbstractProblemLoader Environment load took 397.9ns 
36840      INFO  main            d.u.i.k.p.i.AbstractProblemLoader Creating init config 
39820      DEBUG main            d.u.i.k.p.i.AbstractProblemLoader Init config took 2.98s 
39879      INFO  main            d.u.i.k.p.i.AbstractProblemLoader Replaying proof Sum[Sum::sum3([I)].JML normal_behavior operation contract.0 
39881      DEBUG main            d.u.i.k.p.i.IntermediateProofReplayer Proof replay took 9.1ns 
39955      DEBUG Thread-13       d.u.i.k.l.l.OriginTermLabel commonFileName is null! 
39956      DEBUG Thread-13       d.u.i.k.l.l.OriginTermLabel commonFileName is null! 
40098      DEBUG Thread-13       d.u.i.k.l.l.OriginTermLabel commonFileName is null! 
40098      DEBUG Thread-13       d.u.i.k.l.l.OriginTermLabel commonFileName is null! 
40212      DEBUG Thread-13       d.u.i.k.l.l.OriginTermLabel commonFileName is null! 
40388      INFO  main            d.u.i.k.p.r.p.TestFile    ... finished proof: closed. 
40560      INFO  main            d.u.i.k.p.i.AbstractProblemLoader Loading environment from /home/runner/work/key/key/key.core/../key.ui/examples/heap/comprehensions/sum3.key.proof 
40561      DEBUG main            d.u.i.k.p.i.AbstractProblemLoader Environment load took 1.4ms 
40563      INFO  main            d.u.i.k.p.i.AbstractProblemLoader Creating init config 
43484      DEBUG main            d.u.i.k.p.i.AbstractProblemLoader Init config took 2.92s 
43532      INFO  main            d.u.i.k.p.i.AbstractProblemLoader Replaying proof Sum[Sum::sum3([I)].JML normal_behavior operation contract.0 
43561      DEBUG main            d.u.i.k.l.l.OriginTermLabel commonFileName is null! 
43561      DEBUG main            d.u.i.k.l.l.OriginTermLabel commonFileName is null! 
43597      DEBUG main            d.u.i.k.l.l.OriginTermLabel commonFileName is null! 
43618      DEBUG main            d.u.i.k.l.l.OriginTermLabel commonFileName is null! 
43619      DEBUG main            d.u.i.k.l.l.OriginTermLabel commonFileName is null! 
43621      DEBUG main            d.u.i.k.p.i.IntermediateProofReplayer Proof replay took 84.8ms 
43622      DEBUG main            d.u.i.k.p.r.p.TestFile    ... success: reloaded. 
43622      INFO  main            d.u.i.k.p.r.p.TestFile    Now processing file /home/runner/work/key/key/key.core/../key.ui/examples/heap/comprehensions/segsum.key 
43623      INFO  main            d.u.i.k.p.i.AbstractProblemLoader Loading environment from /home/runner/work/key/key/key.core/../key.ui/examples/heap/comprehensions/segsum.key 
43623      DEBUG main            d.u.i.k.p.i.AbstractProblemLoader Environment load took 70.5ns 
43624      INFO  main            d.u.i.k.p.i.AbstractProblemLoader Creating init config 
46577      DEBUG main            d.u.i.k.p.i.AbstractProblemLoader Init config took 2.95s 
46644      INFO  main            d.u.i.k.p.i.AbstractProblemLoader Replaying proof SegSum[SegSum::segSum([I,int,int)].JML normal_behavior operation contract.0 
46647      DEBUG main            d.u.i.k.p.i.IntermediateProofReplayer Proof replay took 6.9ns 
47151      INFO  main            d.u.i.k.p.r.p.TestFile    ... finished proof: closed. 
47346      INFO  main            d.u.i.k.p.i.AbstractProblemLoader Loading environment from /home/runner/work/key/key/key.core/../key.ui/examples/heap/comprehensions/segsum.key.proof 
47348      DEBUG main            d.u.i.k.p.i.AbstractProblemLoader Environment load took 2.44ms 
47350      INFO  main            d.u.i.k.p.i.AbstractProblemLoader Creating init config 
50246      DEBUG main            d.u.i.k.p.i.AbstractProblemLoader Init config took 2.9s 
50291      INFO  main            d.u.i.k.p.i.AbstractProblemLoader Replaying proof SegSum[SegSum::segSum([I,int,int)].JML normal_behavior operation contract.0 
50390      DEBUG main            d.u.i.k.p.i.IntermediateProofReplayer Proof replay took 90.24ms 
50395      DEBUG main            d.u.i.k.p.r.p.TestFile    ... success: reloaded. 
50396      INFO  main            d.u.i.k.p.r.p.TestFile    Now processing file /home/runner/work/key/key/key.core/../key.ui/examples/heap/comprehensions/bsum_negative.key 
50397      INFO  main            d.u.i.k.p.i.AbstractProblemLoader Loading environment from /home/runner/work/key/key/key.core/../key.ui/examples/heap/comprehensions/bsum_negative.key 
50398      DEBUG main            d.u.i.k.p.i.AbstractProblemLoader Environment load took 402.5ns 
50400      INFO  main            d.u.i.k.p.i.AbstractProblemLoader Creating init config 
53103      DEBUG main            d.u.i.k.p.i.AbstractProblemLoader Init config took 2.7s 
53123      INFO  main            d.u.i.k.p.i.AbstractProblemLoader Replaying proof bsum_negative.key 
53125      DEBUG main            d.u.i.k.p.i.IntermediateProofReplayer Proof replay took 6ns 
53232      INFO  main            d.u.i.k.p.r.p.TestFile    ... finished proof: closed. 
53420      INFO  main            d.u.i.k.p.i.AbstractProblemLoader Loading environment from /home/runner/work/key/key/key.core/../key.ui/examples/heap/comprehensions/bsum_negative.key.proof 
53420      DEBUG main            d.u.i.k.p.i.AbstractProblemLoader Environment load took 117.3ns 
53421      INFO  main            d.u.i.k.p.i.AbstractProblemLoader Creating init config 
56189      DEBUG main            d.u.i.k.p.i.AbstractProblemLoader Init config took 2.77s 
56209      INFO  main            d.u.i.k.p.i.AbstractProblemLoader Replaying proof bsum_negative.key.proof 
56211      DEBUG main            d.u.i.k.p.i.IntermediateProofReplayer Proof replay took 1.38ms 
56212      DEBUG main            d.u.i.k.p.r.p.TestFile    ... success: reloaded. 
56213      INFO  main            d.u.i.k.p.r.p.TestFile    Now processing file /home/runner/work/key/key/key.core/../key.ui/examples/heap/comprehensions/bsum_neg2.key 
56213      INFO  main            d.u.i.k.p.i.AbstractProblemLoader Loading environment from /home/runner/work/key/key/key.core/../key.ui/examples/heap/comprehensions/bsum_neg2.key 
56214      DEBUG main            d.u.i.k.p.i.AbstractProblemLoader Environment load took 150.9ns 
56214      INFO  main            d.u.i.k.p.i.AbstractProblemLoader Creating init config 
59011      DEBUG main            d.u.i.k.p.i.AbstractProblemLoader Init config took 2.8s 
59029      INFO  main            d.u.i.k.p.i.AbstractProblemLoader Replaying proof bsum_neg2.key 
59030      DEBUG main            d.u.i.k.p.i.IntermediateProofReplayer Proof replay took 6.9ns 
59135      INFO  main            d.u.i.k.p.r.p.TestFile    ... finished proof: closed. 
59337      INFO  main            d.u.i.k.p.i.AbstractProblemLoader Loading environment from /home/runner/work/key/key/key.core/../key.ui/examples/heap/comprehensions/bsum_neg2.key.proof 
59337      DEBUG main            d.u.i.k.p.i.AbstractProblemLoader Environment load took 160.5ns 
59338      INFO  main            d.u.i.k.p.i.AbstractProblemLoader Creating init config 
62137      DEBUG main            d.u.i.k.p.i.AbstractProblemLoader Init config took 2.8s 
62160      INFO  main            d.u.i.k.p.i.AbstractProblemLoader Replaying proof bsum_neg2.key.proof 
62163      DEBUG main            d.u.i.k.p.i.IntermediateProofReplayer Proof replay took 798.99ns 
62164      DEBUG main            d.u.i.k.p.r.p.TestFile    ... success: reloaded. 
62164      INFO  main            d.u.i.k.p.r.p.TestFile    Now processing file /home/runner/work/key/key/key.core/../key.ui/examples/heap/comprehensions/bsumSplit.key 
62165      INFO  main            d.u.i.k.p.i.AbstractProblemLoader Loading environment from /home/runner/work/key/key/key.core/../key.ui/examples/heap/comprehensions/bsumSplit.key 
62165      DEBUG main            d.u.i.k.p.i.AbstractProblemLoader Environment load took 149.4ns 
62166      INFO  main            d.u.i.k.p.i.AbstractProblemLoader Creating init config 
64912      DEBUG main            d.u.i.k.p.i.AbstractProblemLoader Init config took 2.75s 
64931      INFO  main            d.u.i.k.p.i.AbstractProblemLoader Replaying proof bsumSplit.key 
64932      DEBUG main            d.u.i.k.p.i.IntermediateProofReplayer Proof replay took 6.1ns 
65035      INFO  main            d.u.i.k.p.r.p.TestFile    ... finished proof: closed. 
65268      INFO  main            d.u.i.k.p.i.AbstractProblemLoader Loading environment from /home/runner/work/key/key/key.core/../key.ui/examples/heap/comprehensions/bsumSplit.key.proof 
65268      DEBUG main            d.u.i.k.p.i.AbstractProblemLoader Environment load took 124.7ns 
65272      INFO  main            d.u.i.k.p.i.AbstractProblemLoader Creating init config 
67901      DEBUG main            d.u.i.k.p.i.AbstractProblemLoader Init config took 2.63s 
67917      INFO  main            d.u.i.k.p.i.AbstractProblemLoader Replaying proof bsumSplit.key.proof 
67933      DEBUG main            d.u.i.k.p.i.IntermediateProofReplayer Proof replay took 3.11ms 
67938      DEBUG main            d.u.i.k.p.r.p.TestFile    ... success: reloaded. 
67939      INFO  main            d.u.i.k.p.r.p.TestFile    Now processing file /home/runner/work/key/key/key.core/../key.ui/examples/heap/comprehensions/bprodSplit.key 
67939      INFO  main            d.u.i.k.p.i.AbstractProblemLoader Loading environment from /home/runner/work/key/key/key.core/../key.ui/examples/heap/comprehensions/bprodSplit.key 
67944      DEBUG main            d.u.i.k.p.i.AbstractProblemLoader Environment load took 5.09ms 
67946      INFO  main            d.u.i.k.p.i.AbstractProblemLoader Creating init config 
70608      DEBUG main            d.u.i.k.p.i.AbstractProblemLoader Init config took 2.66s 
70624      INFO  main            d.u.i.k.p.i.AbstractProblemLoader Replaying proof bprodSplit.key 
70625      DEBUG main            d.u.i.k.p.i.IntermediateProofReplayer Proof replay took 6.5ns 
70727      INFO  main            d.u.i.k.p.r.p.TestFile    ... finished proof: closed. 
70929      INFO  main            d.u.i.k.p.i.AbstractProblemLoader Loading environment from /home/runner/work/key/key/key.core/../key.ui/examples/heap/comprehensions/bprodSplit.key.proof 
70929      DEBUG main            d.u.i.k.p.i.AbstractProblemLoader Environment load took 119.5ns 
70930      INFO  main            d.u.i.k.p.i.AbstractProblemLoader Creating init config 
73532      DEBUG main            d.u.i.k.p.i.AbstractProblemLoader Init config took 2.6s 
73548      INFO  main            d.u.i.k.p.i.AbstractProblemLoader Replaying proof bprodSplit.key.proof 
73553      DEBUG main            d.u.i.k.p.i.IntermediateProofReplayer Proof replay took 2.68ms 
73554      DEBUG main            d.u.i.k.p.r.p.TestFile    ... success: reloaded. 
73555      INFO  main            d.u.i.k.p.r.p.TestFile    Now processing file /home/runner/work/key/key/key.core/../key.ui/examples/heap/comprehensions/bsumSplitInvalid.key 
73555      INFO  main            d.u.i.k.p.i.AbstractProblemLoader Loading environment from /home/runner/work/key/key/key.core/../key.ui/examples/heap/comprehensions/bsumSplitInvalid.key 
73556      DEBUG main            d.u.i.k.p.i.AbstractProblemLoader Environment load took 198.2ns 
73557      INFO  main            d.u.i.k.p.i.AbstractProblemLoader Creating init config 
76244      DEBUG main            d.u.i.k.p.i.AbstractProblemLoader Init config took 2.69s 
76259      INFO  main            d.u.i.k.p.i.AbstractProblemLoader Replaying proof bsumSplitInvalid.key 
76261      DEBUG main            d.u.i.k.p.i.IntermediateProofReplayer Proof replay took 5.9ns 
76365      INFO  main            d.u.i.k.p.r.p.TestFile    ... finished proof: open goal(s) 
171880     INFO  Test worker     d.u.i.k.p.r.p.StatisticsFile Returning from test comprehensions 
171885     INFO  Test worker     d.u.i.k.p.r.p.StatisticsFile Running test performance 
448        INFO  Timeout watchdog d.u.i.k.p.r.p.ForkedTestFileRunner Timeout watcher launched (2000 secs.) 
493        WARN  main            d.u.i.k.s.ProofSettings   The settings in /home/runner/.key/proof-settings.props are *not* read. 
544        INFO  main            d.u.i.k.p.r.p.TestFile    Now processing file /home/runner/work/key/key/key.core/../key.ui/examples/performance-test/Disjoint(Disjoint__disjoint_08()).JML_operation_contract.0.key 
684        INFO  main            d.u.i.k.p.i.AbstractProblemLoader Loading environment from /home/runner/work/key/key/key.core/../key.ui/examples/performance-test/Disjoint(Disjoint__disjoint_08()).JML_operation_contract.0.key 
703        DEBUG main            d.u.i.k.p.i.AbstractProblemLoader Environment load took 2.84ms 
972        INFO  main            d.u.i.k.p.i.AbstractProblemLoader Creating init config 
1965       DEBUG main            d.u.i.k.j.TypeConverter   No LDT found for Meta 
1965       DEBUG main            d.u.i.k.j.TypeConverter   No LDT found for Meta 
1966       DEBUG main            d.u.i.k.j.TypeConverter   No LDT found for Meta 
1967       DEBUG main            d.u.i.k.j.TypeConverter   No LDT found for Meta 
3703       DEBUG main            d.u.i.k.j.TypeConverter   No LDT found for JavaBigintExpression 
10822      DEBUG main            d.u.i.k.j.r.ClassPreparationMethodBuilder clPrepBuilder: Inner Class detected. Reject building class initialisation methods. 
20708      DEBUG main            d.u.i.k.p.i.AbstractProblemLoader Init config took 19.74s 
20944      INFO  main            d.u.i.k.p.i.AbstractProblemLoader Replaying proof Disjoint[Disjoint::disjoint_8()].JML operation contract.0 
21019      DEBUG main            d.u.i.k.p.i.IntermediateProofReplayer Proof replay took 369.8ns 
24174      INFO  main            d.u.i.k.p.r.p.TestFile    ... finished proof: closed. 
24378      INFO  main            d.u.i.k.p.i.AbstractProblemLoader Loading environment from /home/runner/work/key/key/key.core/../key.ui/examples/performance-test/Disjoint(Disjoint__disjoint_08()).JML_operation_contract.0.key.proof 
24379      DEBUG main            d.u.i.k.p.i.AbstractProblemLoader Environment load took 141.9ns 
24381      INFO  main            d.u.i.k.p.i.AbstractProblemLoader Creating init config 
28362      DEBUG main            d.u.i.k.j.r.ClassPreparationMethodBuilder clPrepBuilder: Inner Class detected. Reject building class initialisation methods. 
37053      DEBUG main            d.u.i.k.p.i.AbstractProblemLoader Init config took 12.67s 
37215      INFO  main            d.u.i.k.p.i.AbstractProblemLoader Replaying proof Disjoint[Disjoint::disjoint_8()].JML operation contract.0 
37647      DEBUG main            d.u.i.k.p.i.IntermediateProofReplayer Proof replay took 416.18ms 
37658      DEBUG main            d.u.i.k.p.r.p.TestFile    ... success: reloaded. 
37661      INFO  main            d.u.i.k.p.r.p.TestFile    Now processing file /home/runner/work/key/key/key.core/../key.ui/examples/performance-test/Disjoint(Disjoint__disjoint2_08()).JML_operation_contract.0.key 
37661      INFO  main            d.u.i.k.p.i.AbstractProblemLoader Loading environment from /home/runner/work/key/key/key.core/../key.ui/examples/performance-test/Disjoint(Disjoint__disjoint2_08()).JML_operation_contract.0.key 
37662      DEBUG main            d.u.i.k.p.i.AbstractProblemLoader Environment load took 392ns 
37664      INFO  main            d.u.i.k.p.i.AbstractProblemLoader Creating init config 
41562      DEBUG main            d.u.i.k.j.r.ClassPreparationMethodBuilder clPrepBuilder: Inner Class detected. Reject building class initialisation methods. 
50036      DEBUG main            d.u.i.k.p.i.AbstractProblemLoader Init config took 12.37s 
50222      INFO  main            d.u.i.k.p.i.AbstractProblemLoader Replaying proof Disjoint[Disjoint::disjoint2_8()].JML operation contract.0 
50235      DEBUG main            d.u.i.k.p.i.IntermediateProofReplayer Proof replay took 23.6ns 
51344      INFO  main            d.u.i.k.p.r.p.TestFile    ... finished proof: closed. 
51672      INFO  main            d.u.i.k.p.i.AbstractProblemLoader Loading environment from /home/runner/work/key/key/key.core/../key.ui/examples/performance-test/Disjoint(Disjoint__disjoint2_08()).JML_operation_contract.0.key.proof 
51674      DEBUG main            d.u.i.k.p.i.AbstractProblemLoader Environment load took 1.49ms 
51676      INFO  main            d.u.i.k.p.i.AbstractProblemLoader Creating init config 
55287      DEBUG main            d.u.i.k.j.r.ClassPreparationMethodBuilder clPrepBuilder: Inner Class detected. Reject building class initialisation methods. 
63957      DEBUG main            d.u.i.k.p.i.AbstractProblemLoader Init config took 12.28s 
64133      INFO  main            d.u.i.k.p.i.AbstractProblemLoader Replaying proof Disjoint[Disjoint::disjoint2_8()].JML operation contract.0 
64259      DEBUG main            d.u.i.k.p.i.IntermediateProofReplayer Proof replay took 116.1ms 
64263      DEBUG main            d.u.i.k.p.r.p.TestFile    ... success: reloaded. 
64270      INFO  main            d.u.i.k.p.r.p.TestFile    Now processing file /home/runner/work/key/key/key.core/../key.ui/examples/performance-test/AccessChain1(AccessChain1__foo_08()).JML_operation_contract.0.key 
64272      INFO  main            d.u.i.k.p.i.AbstractProblemLoader Loading environment from /home/runner/work/key/key/key.core/../key.ui/examples/performance-test/AccessChain1(AccessChain1__foo_08()).JML_operation_contract.0.key 
64275      DEBUG main            d.u.i.k.p.i.AbstractProblemLoader Environment load took 3.03ms 
64277      INFO  main            d.u.i.k.p.i.AbstractProblemLoader Creating init config 
68010      DEBUG main            d.u.i.k.j.r.ClassPreparationMethodBuilder clPrepBuilder: Inner Class detected. Reject building class initialisation methods. 
76396      DEBUG main            d.u.i.k.p.i.AbstractProblemLoader Init config took 12.12s 
76522      INFO  main            d.u.i.k.p.i.AbstractProblemLoader Replaying proof AccessChain1[AccessChain1::foo_8()].JML operation contract.0 
76525      DEBUG main            d.u.i.k.p.i.IntermediateProofReplayer Proof replay took 19.3ns 
79368      INFO  main            d.u.i.k.p.r.p.TestFile    ... finished proof: closed. 
79790      INFO  main            d.u.i.k.p.i.AbstractProblemLoader Loading environment from /home/runner/work/key/key/key.core/../key.ui/examples/performance-test/AccessChain1(AccessChain1__foo_08()).JML_operation_contract.0.key.proof 
79795      DEBUG main            d.u.i.k.p.i.AbstractProblemLoader Environment load took 4.43ms 
79799      INFO  main            d.u.i.k.p.i.AbstractProblemLoader Creating init config 
83365      DEBUG main            d.u.i.k.j.r.ClassPreparationMethodBuilder clPrepBuilder: Inner Class detected. Reject building class initialisation methods. 
91759      DEBUG main            d.u.i.k.p.i.AbstractProblemLoader Init config took 11.96s 
91875      INFO  main            d.u.i.k.p.i.AbstractProblemLoader Replaying proof AccessChain1[AccessChain1::foo_8()].JML operation contract.0 
92347      DEBUG main            d.u.i.k.p.i.IntermediateProofReplayer Proof replay took 455.98ms 
92349      DEBUG main            d.u.i.k.p.r.p.TestFile    ... success: reloaded. 
92351      INFO  main            d.u.i.k.p.r.p.TestFile    Now processing file /home/runner/work/key/key/key.core/../key.ui/examples/performance-test/AccessChain4(AccessChain4__foo_08()).JML_operation_contract.0.key 
92352      INFO  main            d.u.i.k.p.i.AbstractProblemLoader Loading environment from /home/runner/work/key/key/key.core/../key.ui/examples/performance-test/AccessChain4(AccessChain4__foo_08()).JML_operation_contract.0.key 
92352      DEBUG main            d.u.i.k.p.i.AbstractProblemLoader Environment load took 271.5ns 
92353      INFO  main            d.u.i.k.p.i.AbstractProblemLoader Creating init config 
95678      DEBUG main            d.u.i.k.j.r.ClassPreparationMethodBuilder clPrepBuilder: Inner Class detected. Reject building class initialisation methods. 
103738     DEBUG main            d.u.i.k.p.i.AbstractProblemLoader Init config took 11.38s 
103866     INFO  main            d.u.i.k.p.i.AbstractProblemLoader Replaying proof AccessChain4[AccessChain4::foo_8()].JML operation contract.0 
103868     DEBUG main            d.u.i.k.p.i.IntermediateProofReplayer Proof replay took 12ns 
110812     INFO  main            d.u.i.k.p.r.p.TestFile    ... finished proof: closed. 
111238     INFO  main            d.u.i.k.p.i.AbstractProblemLoader Loading environment from /home/runner/work/key/key/key.core/../key.ui/examples/performance-test/AccessChain4(AccessChain4__foo_08()).JML_operation_contract.0.key.proof 
111239     DEBUG main            d.u.i.k.p.i.AbstractProblemLoader Environment load took 793.91ns 
111242     INFO  main            d.u.i.k.p.i.AbstractProblemLoader Creating init config 
114523     DEBUG main            d.u.i.k.j.r.ClassPreparationMethodBuilder clPrepBuilder: Inner Class detected. Reject building class initialisation methods. 
122485     DEBUG main            d.u.i.k.p.i.AbstractProblemLoader Init config took 11.24s 
122598     INFO  main            d.u.i.k.p.i.AbstractProblemLoader Replaying proof AccessChain4[AccessChain4::foo_8()].JML operation contract.0 
123471     DEBUG main            d.u.i.k.p.i.IntermediateProofReplayer Proof replay took 833.93ms 
123473     DEBUG main            d.u.i.k.p.r.p.TestFile    ... success: reloaded. 
123475     INFO  main            d.u.i.k.p.r.p.TestFile    Now processing file /home/runner/work/key/key/key.core/../key.ui/examples/performance-test/Disjoint(Disjoint__xZero_08()).JML_operation_contract.0.key 
123475     INFO  main            d.u.i.k.p.i.AbstractProblemLoader Loading environment from /home/runner/work/key/key/key.core/../key.ui/examples/performance-test/Disjoint(Disjoint__xZero_08()).JML_operation_contract.0.key 
123476     DEBUG main            d.u.i.k.p.i.AbstractProblemLoader Environment load took 240.3ns 
123477     INFO  main            d.u.i.k.p.i.AbstractProblemLoader Creating init config 
127047     DEBUG main            d.u.i.k.j.r.ClassPreparationMethodBuilder clPrepBuilder: Inner Class detected. Reject building class initialisation methods. 
135557     DEBUG main            d.u.i.k.p.i.AbstractProblemLoader Init config took 12.08s 
135697     INFO  main            d.u.i.k.p.i.AbstractProblemLoader Replaying proof Disjoint[Disjoint::xZero_8()].JML operation contract.0 
135704     DEBUG main            d.u.i.k.p.i.IntermediateProofReplayer Proof replay took 12.1ns 
136911     INFO  main            d.u.i.k.p.r.p.TestFile    ... finished proof: closed. 
137414     INFO  main            d.u.i.k.p.i.AbstractProblemLoader Loading environment from /home/runner/work/key/key/key.core/../key.ui/examples/performance-test/Disjoint(Disjoint__xZero_08()).JML_operation_contract.0.key.proof 
137414     DEBUG main            d.u.i.k.p.i.AbstractProblemLoader Environment load took 714.41ns 
137416     INFO  main            d.u.i.k.p.i.AbstractProblemLoader Creating init config 
141109     DEBUG main            d.u.i.k.j.r.ClassPreparationMethodBuilder clPrepBuilder: Inner Class detected. Reject building class initialisation methods. 
149864     DEBUG main            d.u.i.k.p.i.AbstractProblemLoader Init config took 12.45s 
149996     INFO  main            d.u.i.k.p.i.AbstractProblemLoader Replaying proof Disjoint[Disjoint::xZero_8()].JML operation contract.0 
150250     DEBUG main            d.u.i.k.p.i.IntermediateProofReplayer Proof replay took 242.74ms 
150252     DEBUG main            d.u.i.k.p.r.p.TestFile    ... success: reloaded. 
150254     INFO  main            d.u.i.k.p.r.p.TestFile    Now processing file /home/runner/work/key/key/key.core/../key.ui/examples/performance-test/Dynamic(Dynamic__foo_08()).JML_operation_contract.0.key 
150254     INFO  main            d.u.i.k.p.i.AbstractProblemLoader Loading environment from /home/runner/work/key/key/key.core/../key.ui/examples/performance-test/Dynamic(Dynamic__foo_08()).JML_operation_contract.0.key 
150255     DEBUG main            d.u.i.k.p.i.AbstractProblemLoader Environment load took 141.7ns 
150256     INFO  main            d.u.i.k.p.i.AbstractProblemLoader Creating init config 
154142     DEBUG main            d.u.i.k.j.r.ClassPreparationMethodBuilder clPrepBuilder: Inner Class detected. Reject building class initialisation methods. 
163091     DEBUG main            d.u.i.k.p.i.AbstractProblemLoader Init config took 12.84s 
163231     INFO  main            d.u.i.k.p.i.AbstractProblemLoader Replaying proof Dynamic[Dynamic::foo_8()].JML operation contract.0 
163234     DEBUG main            d.u.i.k.p.i.IntermediateProofReplayer Proof replay took 12.3ns 
169759     INFO  main            d.u.i.k.p.r.p.TestFile    ... finished proof: closed. 
170303     INFO  main            d.u.i.k.p.i.AbstractProblemLoader Loading environment from /home/runner/work/key/key/key.core/../key.ui/examples/performance-test/Dynamic(Dynamic__foo_08()).JML_operation_contract.0.key.proof 
170304     DEBUG main            d.u.i.k.p.i.AbstractProblemLoader Environment load took 645.61ns 
170306     INFO  main            d.u.i.k.p.i.AbstractProblemLoader Creating init config 
173986     DEBUG main            d.u.i.k.j.r.ClassPreparationMethodBuilder clPrepBuilder: Inner Class detected. Reject building class initialisation methods. 
182523     DEBUG main            d.u.i.k.p.i.AbstractProblemLoader Init config took 12.22s 
182670     INFO  main            d.u.i.k.p.i.AbstractProblemLoader Replaying proof Dynamic[Dynamic::foo_8()].JML operation contract.0 
183227     DEBUG main            d.u.i.k.p.i.IntermediateProofReplayer Proof replay took 528.84ms 
183229     DEBUG main            d.u.i.k.p.r.p.TestFile    ... success: reloaded. 
183231     INFO  main            d.u.i.k.p.r.p.TestFile    Now processing file /home/runner/work/key/key/key.core/../key.ui/examples/performance-test/DynamicGhost(DynamicGhost__dynamicGhost_08()).JML_normal_behavior_operation_contract.0.key 
183232     INFO  main            d.u.i.k.p.i.AbstractProblemLoader Loading environment from /home/runner/work/key/key/key.core/../key.ui/examples/performance-test/DynamicGhost(DynamicGhost__dynamicGhost_08()).JML_normal_behavior_operation_contract.0.key 
183232     DEBUG main            d.u.i.k.p.i.AbstractProblemLoader Environment load took 340.1ns 
183234     INFO  main            d.u.i.k.p.i.AbstractProblemLoader Creating init config 
186927     DEBUG main            d.u.i.k.j.r.ClassPreparationMethodBuilder clPrepBuilder: Inner Class detected. Reject building class initialisation methods. 
195542     DEBUG main            d.u.i.k.p.i.AbstractProblemLoader Init config took 12.31s 
195693     INFO  main            d.u.i.k.p.i.AbstractProblemLoader Replaying proof DynamicGhost[DynamicGhost::dynamicGhost_8()].JML normal_behavior operation contract.0 
195696     DEBUG main            d.u.i.k.p.i.IntermediateProofReplayer Proof replay took 11.1ns 
200647     INFO  main            d.u.i.k.p.r.p.TestFile    ... finished proof: closed. 
201196     INFO  main            d.u.i.k.p.i.AbstractProblemLoader Loading environment from /home/runner/work/key/key/key.core/../key.ui/examples/performance-test/DynamicGhost(DynamicGhost__dynamicGhost_08()).JML_normal_behavior_operation_contract.0.key.proof 
201197     DEBUG main            d.u.i.k.p.i.AbstractProblemLoader Environment load took 601.91ns 
201199     INFO  main            d.u.i.k.p.i.AbstractProblemLoader Creating init config 
204766     DEBUG main            d.u.i.k.j.r.ClassPreparationMethodBuilder clPrepBuilder: Inner Class detected. Reject building class initialisation methods. 
213337     DEBUG main            d.u.i.k.p.i.AbstractProblemLoader Init config took 12.14s 
213457     INFO  main            d.u.i.k.p.i.AbstractProblemLoader Replaying proof DynamicGhost[DynamicGhost::dynamicGhost_8()].JML normal_behavior operation contract.0 
214107     DEBUG main            d.u.i.k.p.i.IntermediateProofReplayer Proof replay took 621.45ms 
214110     DEBUG main            d.u.i.k.p.r.p.TestFile    ... success: reloaded. 
214112     INFO  main            d.u.i.k.p.r.p.TestFile    Now processing file /home/runner/work/key/key/key.core/../key.ui/examples/performance-test/GhostFrame(GhostFrame__foo_08()).JML_operation_contract.0.key 
214113     INFO  main            d.u.i.k.p.i.AbstractProblemLoader Loading environment from /home/runner/work/key/key/key.core/../key.ui/examples/performance-test/GhostFrame(GhostFrame__foo_08()).JML_operation_contract.0.key 
214113     DEBUG main            d.u.i.k.p.i.AbstractProblemLoader Environment load took 186.9ns 
214114     INFO  main            d.u.i.k.p.i.AbstractProblemLoader Creating init config 
217526     DEBUG main            d.u.i.k.j.r.ClassPreparationMethodBuilder clPrepBuilder: Inner Class detected. Reject building class initialisation methods. 
225810     DEBUG main            d.u.i.k.p.i.AbstractProblemLoader Init config took 11.7s 
225926     INFO  main            d.u.i.k.p.i.AbstractProblemLoader Replaying proof GhostFrame[GhostFrame::foo_8()].JML operation contract.0 
225928     DEBUG main            d.u.i.k.p.i.IntermediateProofReplayer Proof replay took 26.8ns 
228178     INFO  main            d.u.i.k.p.r.p.TestFile    ... finished proof: closed. 
228732     INFO  main            d.u.i.k.p.i.AbstractProblemLoader Loading environment from /home/runner/work/key/key/key.core/../key.ui/examples/performance-test/GhostFrame(GhostFrame__foo_08()).JML_operation_contract.0.key.proof 
228733     DEBUG main            d.u.i.k.p.i.AbstractProblemLoader Environment load took 893.81ns 
228736     INFO  main            d.u.i.k.p.i.AbstractProblemLoader Creating init config 
232154     DEBUG main            d.u.i.k.j.r.ClassPreparationMethodBuilder clPrepBuilder: Inner Class detected. Reject building class initialisation methods. 
240371     DEBUG main            d.u.i.k.p.i.AbstractProblemLoader Init config took 11.64s 
240478     INFO  main            d.u.i.k.p.i.AbstractProblemLoader Replaying proof GhostFrame[GhostFrame::foo_8()].JML operation contract.0 
240824     DEBUG main            d.u.i.k.p.i.IntermediateProofReplayer Proof replay took 308.49ms 
240826     DEBUG main            d.u.i.k.p.r.p.TestFile    ... success: reloaded. 
240828     INFO  main            d.u.i.k.p.r.p.TestFile    Now processing file /home/runner/work/key/key/key.core/../key.ui/examples/performance-test/Modelfield(Modelfield__foo_08()).JML_operation_contract.0.key 
240828     INFO  main            d.u.i.k.p.i.AbstractProblemLoader Loading environment from /home/runner/work/key/key/key.core/../key.ui/examples/performance-test/Modelfield(Modelfield__foo_08()).JML_operation_contract.0.key 
240828     DEBUG main            d.u.i.k.p.i.AbstractProblemLoader Environment load took 163.2ns 
240830     INFO  main            d.u.i.k.p.i.AbstractProblemLoader Creating init config 
244319     DEBUG main            d.u.i.k.j.r.ClassPreparationMethodBuilder clPrepBuilder: Inner Class detected. Reject building class initialisation methods. 
252702     DEBUG main            d.u.i.k.p.i.AbstractProblemLoader Init config took 11.87s 
252822     INFO  main            d.u.i.k.p.i.AbstractProblemLoader Replaying proof Modelfield[Modelfield::foo_8()].JML operation contract.0 
252824     DEBUG main            d.u.i.k.p.i.IntermediateProofReplayer Proof replay took 6.2ns 
256694     INFO  main            d.u.i.k.p.r.p.TestFile    ... finished proof: closed. 
257209     INFO  main            d.u.i.k.p.i.AbstractProblemLoader Loading environment from /home/runner/work/key/key/key.core/../key.ui/examples/performance-test/Modelfield(Modelfield__foo_08()).JML_operation_contract.0.key.proof 
257210     DEBUG main            d.u.i.k.p.i.AbstractProblemLoader Environment load took 781.81ns 
257212     INFO  main            d.u.i.k.p.i.AbstractProblemLoader Creating init config 
260770     DEBUG main            d.u.i.k.j.r.ClassPreparationMethodBuilder clPrepBuilder: Inner Class detected. Reject building class initialisation methods. 
269578     DEBUG main            d.u.i.k.p.i.AbstractProblemLoader Init config took 12.37s 
269695     INFO  main            d.u.i.k.p.i.AbstractProblemLoader Replaying proof Modelfield[Modelfield::foo_8()].JML operation contract.0 
270163     DEBUG main            d.u.i.k.p.i.IntermediateProofReplayer Proof replay took 452.71ms 
270164     DEBUG main            d.u.i.k.p.r.p.TestFile    ... success: reloaded. 
442236     INFO  Test worker     d.u.i.k.p.r.p.StatisticsFile Returning from test performance 
442246     INFO  Test worker     d.u.i.k.p.r.p.StatisticsFile Running test performancePOConstruction 
483        INFO  Timeout watchdog d.u.i.k.p.r.p.ForkedTestFileRunner Timeout watcher launched (2000 secs.) 
497        WARN  main            d.u.i.k.s.ProofSettings   The settings in /home/runner/.key/proof-settings.props are *not* read. 
540        INFO  main            d.u.i.k.p.r.p.TestFile    Now processing file /home/runner/work/key/key/key.core/../key.ui/examples/performance-test/Test(Test__a0(int)).JML_normal_behavior_operation_contract.0.key 
687        INFO  main            d.u.i.k.p.i.AbstractProblemLoader Loading environment from /home/runner/work/key/key/key.core/../key.ui/examples/performance-test/Test(Test__a0(int)).JML_normal_behavior_operation_contract.0.key 
726        DEBUG main            d.u.i.k.p.i.AbstractProblemLoader Environment load took 2.44ms 
1015       INFO  main            d.u.i.k.p.i.AbstractProblemLoader Creating init config 
2119       DEBUG main            d.u.i.k.j.TypeConverter   No LDT found for Meta 
2127       DEBUG main            d.u.i.k.j.TypeConverter   No LDT found for Meta 
2130       DEBUG main            d.u.i.k.j.TypeConverter   No LDT found for Meta 
2131       DEBUG main            d.u.i.k.j.TypeConverter   No LDT found for Meta 
3699       DEBUG main            d.u.i.k.j.TypeConverter   No LDT found for JavaBigintExpression 
10807      DEBUG main            d.u.i.k.j.r.ClassPreparationMethodBuilder clPrepBuilder: Inner Class detected. Reject building class initialisation methods. 
20724      DEBUG main            d.u.i.k.p.i.AbstractProblemLoader Init config took 19.71s 
22200      INFO  main            d.u.i.k.p.i.AbstractProblemLoader Replaying proof Test[Test::a0(int)].JML normal_behavior operation contract.0 
22284      DEBUG main            d.u.i.k.p.i.IntermediateProofReplayer Proof replay took 34.3ns 
22752      INFO  main            d.u.i.k.p.r.p.TestFile    ... finished proof: closed. 
22975      INFO  main            d.u.i.k.p.i.AbstractProblemLoader Loading environment from /home/runner/work/key/key/key.core/../key.ui/examples/performance-test/Test(Test__a0(int)).JML_normal_behavior_operation_contract.0.key.proof 
22976      DEBUG main            d.u.i.k.p.i.AbstractProblemLoader Environment load took 333.3ns 
22979      INFO  main            d.u.i.k.p.i.AbstractProblemLoader Creating init config 
26870      DEBUG main            d.u.i.k.j.r.ClassPreparationMethodBuilder clPrepBuilder: Inner Class detected. Reject building class initialisation methods. 
35749      DEBUG main            d.u.i.k.p.i.AbstractProblemLoader Init config took 12.77s 
36988      INFO  main            d.u.i.k.p.i.AbstractProblemLoader Replaying proof Test[Test::a0(int)].JML normal_behavior operation contract.0 
37016      DEBUG main            d.u.i.k.p.i.IntermediateProofReplayer Proof replay took 22.46ms 
37023      DEBUG main            d.u.i.k.p.r.p.TestFile    ... success: reloaded. 
37026      INFO  main            d.u.i.k.p.r.p.TestFile    Now processing file /home/runner/work/key/key/key.core/../key.ui/examples/performance-test/Test(Test__a1(int)).JML_normal_behavior_operation_contract.0.key 
37026      INFO  main            d.u.i.k.p.i.AbstractProblemLoader Loading environment from /home/runner/work/key/key/key.core/../key.ui/examples/performance-test/Test(Test__a1(int)).JML_normal_behavior_operation_contract.0.key 
37027      DEBUG main            d.u.i.k.p.i.AbstractProblemLoader Environment load took 352.3ns 
37029      INFO  main            d.u.i.k.p.i.AbstractProblemLoader Creating init config 
40778      DEBUG main            d.u.i.k.j.r.ClassPreparationMethodBuilder clPrepBuilder: Inner Class detected. Reject building class initialisation methods. 
49671      DEBUG main            d.u.i.k.p.i.AbstractProblemLoader Init config took 12.64s 
50923      INFO  main            d.u.i.k.p.i.AbstractProblemLoader Replaying proof Test[Test::a1(int)].JML normal_behavior operation contract.0 
50927      DEBUG main            d.u.i.k.p.i.IntermediateProofReplayer Proof replay took 6.9ns 
51431      INFO  main            d.u.i.k.p.r.p.TestFile    ... finished proof: closed. 
51751      INFO  main            d.u.i.k.p.i.AbstractProblemLoader Loading environment from /home/runner/work/key/key/key.core/../key.ui/examples/performance-test/Test(Test__a1(int)).JML_normal_behavior_operation_contract.0.key.proof 
51752      DEBUG main            d.u.i.k.p.i.AbstractProblemLoader Environment load took 754.2ns 
51762      INFO  main            d.u.i.k.p.i.AbstractProblemLoader Creating init config 
55424      DEBUG main            d.u.i.k.j.r.ClassPreparationMethodBuilder clPrepBuilder: Inner Class detected. Reject building class initialisation methods. 
64189      DEBUG main            d.u.i.k.p.i.AbstractProblemLoader Init config took 12.43s 
65410      INFO  main            d.u.i.k.p.i.AbstractProblemLoader Replaying proof Test[Test::a1(int)].JML normal_behavior operation contract.0 
65491      DEBUG main            d.u.i.k.p.i.IntermediateProofReplayer Proof replay took 76.45ms 
65494      DEBUG main            d.u.i.k.p.r.p.TestFile    ... success: reloaded. 
65495      INFO  main            d.u.i.k.p.r.p.TestFile    Now processing file /home/runner/work/key/key/key.core/../key.ui/examples/performance-test/Test(Test__f1(int)).JML_normal_behavior_operation_contract.0.key 
65496      INFO  main            d.u.i.k.p.i.AbstractProblemLoader Loading environment from /home/runner/work/key/key/key.core/../key.ui/examples/performance-test/Test(Test__f1(int)).JML_normal_behavior_operation_contract.0.key 
65496      DEBUG main            d.u.i.k.p.i.AbstractProblemLoader Environment load took 321.5ns 
65497      INFO  main            d.u.i.k.p.i.AbstractProblemLoader Creating init config 
69287      DEBUG main            d.u.i.k.j.r.ClassPreparationMethodBuilder clPrepBuilder: Inner Class detected. Reject building class initialisation methods. 
77903      DEBUG main            d.u.i.k.p.i.AbstractProblemLoader Init config took 12.41s 
79113      INFO  main            d.u.i.k.p.i.AbstractProblemLoader Replaying proof Test[Test::f1(int)].JML normal_behavior operation contract.0 
79116      DEBUG main            d.u.i.k.p.i.IntermediateProofReplayer Proof replay took 6.3ns 
79420      INFO  main            d.u.i.k.p.r.p.TestFile    ... finished proof: closed. 
79749      INFO  main            d.u.i.k.p.i.AbstractProblemLoader Loading environment from /home/runner/work/key/key/key.core/../key.ui/examples/performance-test/Test(Test__f1(int)).JML_normal_behavior_operation_contract.0.key.proof 
79749      DEBUG main            d.u.i.k.p.i.AbstractProblemLoader Environment load took 630.4ns 
79751      INFO  main            d.u.i.k.p.i.AbstractProblemLoader Creating init config 
83507      DEBUG main            d.u.i.k.j.r.ClassPreparationMethodBuilder clPrepBuilder: Inner Class detected. Reject building class initialisation methods. 
92218      DEBUG main            d.u.i.k.p.i.AbstractProblemLoader Init config took 12.47s 
93435      INFO  main            d.u.i.k.p.i.AbstractProblemLoader Replaying proof Test[Test::f1(int)].JML normal_behavior operation contract.0 
93497      DEBUG main            d.u.i.k.p.i.IntermediateProofReplayer Proof replay took 58.67ms 
93499      DEBUG main            d.u.i.k.p.r.p.TestFile    ... success: reloaded. 
535948     INFO  Test worker     d.u.i.k.p.r.p.StatisticsFile Returning from test performancePOConstruction 
535953     INFO  Test worker     d.u.i.k.p.r.p.StatisticsFile Running test applicationRestrictions 
469        INFO  Timeout watchdog d.u.i.k.p.r.p.ForkedTestFileRunner Timeout watcher launched (2000 secs.) 
502        WARN  main            d.u.i.k.s.ProofSettings   The settings in /home/runner/.key/proof-settings.props are *not* read. 
557        INFO  main            d.u.i.k.p.r.p.TestFile    Now processing file /home/runner/work/key/key/key.core/../key.ui/examples/heap/polarity_tests/wellformed1.key 
702        INFO  main            d.u.i.k.p.i.AbstractProblemLoader Loading environment from /home/runner/work/key/key/key.core/../key.ui/examples/heap/polarity_tests/wellformed1.key 
725        DEBUG main            d.u.i.k.p.i.AbstractProblemLoader Environment load took 3.38ms 
1055       INFO  main            d.u.i.k.p.i.AbstractProblemLoader Creating init config 
2229       DEBUG main            d.u.i.k.j.TypeConverter   No LDT found for Meta 
2231       DEBUG main            d.u.i.k.j.TypeConverter   No LDT found for Meta 
2234       DEBUG main            d.u.i.k.j.TypeConverter   No LDT found for Meta 
2235       DEBUG main            d.u.i.k.j.TypeConverter   No LDT found for Meta 
3950       DEBUG main            d.u.i.k.j.TypeConverter   No LDT found for JavaBigintExpression 
10345      DEBUG main            d.u.i.k.p.i.AbstractProblemLoader Init config took 9.29s 
10434      INFO  main            d.u.i.k.p.i.AbstractProblemLoader Replaying proof wellformed1.key 
10485      DEBUG main            d.u.i.k.p.i.IntermediateProofReplayer Proof replay took 37.5ns 
10683      INFO  main            d.u.i.k.p.r.p.TestFile    ... finished proof: closed. 
10815      INFO  main            d.u.i.k.p.i.AbstractProblemLoader Loading environment from /home/runner/work/key/key/key.core/../key.ui/examples/heap/polarity_tests/wellformed1.key.proof 
10817      DEBUG main            d.u.i.k.p.i.AbstractProblemLoader Environment load took 1.58ms 
10822      INFO  main            d.u.i.k.p.i.AbstractProblemLoader Creating init config 
14384      DEBUG main            d.u.i.k.p.i.AbstractProblemLoader Init config took 3.56s 
14422      INFO  main            d.u.i.k.p.i.AbstractProblemLoader Replaying proof wellformed1.key.proof 
14430      DEBUG main            d.u.i.k.p.i.IntermediateProofReplayer Proof replay took 2.91ms 
14442      DEBUG main            d.u.i.k.p.r.p.TestFile    ... success: reloaded. 
14444      INFO  main            d.u.i.k.p.r.p.TestFile    Now processing file /home/runner/work/key/key/key.core/../key.ui/examples/heap/polarity_tests/wellformed2.key 
14445      INFO  main            d.u.i.k.p.i.AbstractProblemLoader Loading environment from /home/runner/work/key/key/key.core/../key.ui/examples/heap/polarity_tests/wellformed2.key 
14445      DEBUG main            d.u.i.k.p.i.AbstractProblemLoader Environment load took 348.5ns 
14447      INFO  main            d.u.i.k.p.i.AbstractProblemLoader Creating init config 
17820      DEBUG main            d.u.i.k.p.i.AbstractProblemLoader Init config took 3.37s 
17852      INFO  main            d.u.i.k.p.i.AbstractProblemLoader Replaying proof wellformed2.key 
17855      DEBUG main            d.u.i.k.p.i.IntermediateProofReplayer Proof replay took 6.3ns 
17958      INFO  main            d.u.i.k.p.r.p.TestFile    ... finished proof: open goal(s) 
18112      INFO  main            d.u.i.k.p.r.p.TestFile    Now processing file /home/runner/work/key/key/key.core/../key.ui/examples/heap/polarity_tests/wellformed3.key 
18112      INFO  main            d.u.i.k.p.i.AbstractProblemLoader Loading environment from /home/runner/work/key/key/key.core/../key.ui/examples/heap/polarity_tests/wellformed3.key 
18112      DEBUG main            d.u.i.k.p.i.AbstractProblemLoader Environment load took 101.7ns 
18114      INFO  main            d.u.i.k.p.i.AbstractProblemLoader Creating init config 
21501      DEBUG main            d.u.i.k.p.i.AbstractProblemLoader Init config took 3.39s 
21527      INFO  main            d.u.i.k.p.i.AbstractProblemLoader Replaying proof wellformed3.key 
21530      DEBUG main            d.u.i.k.p.i.IntermediateProofReplayer Proof replay took 7.5ns 
21634      INFO  main            d.u.i.k.p.r.p.TestFile    ... finished proof: closed. 
21765      INFO  main            d.u.i.k.p.i.AbstractProblemLoader Loading environment from /home/runner/work/key/key/key.core/../key.ui/examples/heap/polarity_tests/wellformed3.key.proof 
21766      DEBUG main            d.u.i.k.p.i.AbstractProblemLoader Environment load took 195.4ns 
21768      INFO  main            d.u.i.k.p.i.AbstractProblemLoader Creating init config 
24976      DEBUG main            d.u.i.k.p.i.AbstractProblemLoader Init config took 3.21s 
25000      INFO  main            d.u.i.k.p.i.AbstractProblemLoader Replaying proof wellformed3.key.proof 
25006      DEBUG main            d.u.i.k.p.i.IntermediateProofReplayer Proof replay took 2.41ms 
25007      DEBUG main            d.u.i.k.p.r.p.TestFile    ... success: reloaded. 
25008      INFO  main            d.u.i.k.p.r.p.TestFile    Now processing file /home/runner/work/key/key/key.core/../key.ui/examples/heap/polarity_tests/wellformed4.key 
25008      INFO  main            d.u.i.k.p.i.AbstractProblemLoader Loading environment from /home/runner/work/key/key/key.core/../key.ui/examples/heap/polarity_tests/wellformed4.key 
25008      DEBUG main            d.u.i.k.p.i.AbstractProblemLoader Environment load took 161.8ns 
25010      INFO  main            d.u.i.k.p.i.AbstractProblemLoader Creating init config 
28277      DEBUG main            d.u.i.k.p.i.AbstractProblemLoader Init config took 3.27s 
28301      INFO  main            d.u.i.k.p.i.AbstractProblemLoader Replaying proof wellformed4.key 
28303      DEBUG main            d.u.i.k.p.i.IntermediateProofReplayer Proof replay took 6.9ns 
28407      INFO  main            d.u.i.k.p.r.p.TestFile    ... finished proof: open goal(s) 
28568      INFO  main            d.u.i.k.p.r.p.TestFile    Now processing file /home/runner/work/key/key/key.core/../key.ui/examples/heap/polarity_tests/wellformed5.key 
28568      INFO  main            d.u.i.k.p.i.AbstractProblemLoader Loading environment from /home/runner/work/key/key/key.core/../key.ui/examples/heap/polarity_tests/wellformed5.key 
28568      DEBUG main            d.u.i.k.p.i.AbstractProblemLoader Environment load took 99.6ns 
28570      INFO  main            d.u.i.k.p.i.AbstractProblemLoader Creating init config 
31736      DEBUG main            d.u.i.k.p.i.AbstractProblemLoader Init config took 3.17s 
31758      INFO  main            d.u.i.k.p.i.AbstractProblemLoader Replaying proof wellformed5.key 
31760      DEBUG main            d.u.i.k.p.i.IntermediateProofReplayer Proof replay took 7ns 
31866      INFO  main            d.u.i.k.p.r.p.TestFile    ... finished proof: closed. 
32009      INFO  main            d.u.i.k.p.i.AbstractProblemLoader Loading environment from /home/runner/work/key/key/key.core/../key.ui/examples/heap/polarity_tests/wellformed5.key.proof 
32010      DEBUG main            d.u.i.k.p.i.AbstractProblemLoader Environment load took 146.9ns 
32011      INFO  main            d.u.i.k.p.i.AbstractProblemLoader Creating init config 
35241      DEBUG main            d.u.i.k.p.i.AbstractProblemLoader Init config took 3.23s 
35265      INFO  main            d.u.i.k.p.i.AbstractProblemLoader Replaying proof wellformed5.key.proof 
35268      DEBUG main            d.u.i.k.p.i.IntermediateProofReplayer Proof replay took 1.13ms 
35270      DEBUG main            d.u.i.k.p.r.p.TestFile    ... success: reloaded. 
35271      INFO  main            d.u.i.k.p.r.p.TestFile    Now processing file /home/runner/work/key/key/key.core/../key.ui/examples/heap/polarity_tests/wellformed6.key 
35272      INFO  main            d.u.i.k.p.i.AbstractProblemLoader Loading environment from /home/runner/work/key/key/key.core/../key.ui/examples/heap/polarity_tests/wellformed6.key 
35272      DEBUG main            d.u.i.k.p.i.AbstractProblemLoader Environment load took 333.4ns 
35275      INFO  main            d.u.i.k.p.i.AbstractProblemLoader Creating init config 
38472      DEBUG main            d.u.i.k.p.i.AbstractProblemLoader Init config took 3.2s 
38496      INFO  main            d.u.i.k.p.i.AbstractProblemLoader Replaying proof wellformed6.key 
38498      DEBUG main            d.u.i.k.p.i.IntermediateProofReplayer Proof replay took 7.2ns 
38601      INFO  main            d.u.i.k.p.r.p.TestFile    ... finished proof: open goal(s) 
38778      INFO  main            d.u.i.k.p.r.p.TestFile    Now processing file /home/runner/work/key/key/key.core/../key.ui/examples/heap/polarity_tests/wellformed7.key 
38778      INFO  main            d.u.i.k.p.i.AbstractProblemLoader Loading environment from /home/runner/work/key/key/key.core/../key.ui/examples/heap/polarity_tests/wellformed7.key 
38778      DEBUG main            d.u.i.k.p.i.AbstractProblemLoader Environment load took 86ns 
38783      INFO  main            d.u.i.k.p.i.AbstractProblemLoader Creating init config 
41975      DEBUG main            d.u.i.k.p.i.AbstractProblemLoader Init config took 3.19s 
42002      INFO  main            d.u.i.k.p.i.AbstractProblemLoader Replaying proof wellformed7.key 
42004      DEBUG main            d.u.i.k.p.i.IntermediateProofReplayer Proof replay took 7.8ns 
42109      INFO  main            d.u.i.k.p.r.p.TestFile    ... finished proof: closed. 
42260      INFO  main            d.u.i.k.p.i.AbstractProblemLoader Loading environment from /home/runner/work/key/key/key.core/../key.ui/examples/heap/polarity_tests/wellformed7.key.proof 
42260      DEBUG main            d.u.i.k.p.i.AbstractProblemLoader Environment load took 1.21ms 
42263      INFO  main            d.u.i.k.p.i.AbstractProblemLoader Creating init config 
45372      DEBUG main            d.u.i.k.p.i.AbstractProblemLoader Init config took 3.11s 
45391      INFO  main            d.u.i.k.p.i.AbstractProblemLoader Replaying proof wellformed7.key.proof 
45396      DEBUG main            d.u.i.k.p.i.IntermediateProofReplayer Proof replay took 1.71ms 
45397      DEBUG main            d.u.i.k.p.r.p.TestFile    ... success: reloaded. 
45398      INFO  main            d.u.i.k.p.r.p.TestFile    Now processing file /home/runner/work/key/key/key.core/../key.ui/examples/heap/polarity_tests/wellformed8.key 
45399      INFO  main            d.u.i.k.p.i.AbstractProblemLoader Loading environment from /home/runner/work/key/key/key.core/../key.ui/examples/heap/polarity_tests/wellformed8.key 
45399      DEBUG main            d.u.i.k.p.i.AbstractProblemLoader Environment load took 317.3ns 
45400      INFO  main            d.u.i.k.p.i.AbstractProblemLoader Creating init config 
48470      DEBUG main            d.u.i.k.p.i.AbstractProblemLoader Init config took 3.07s 
48488      INFO  main            d.u.i.k.p.i.AbstractProblemLoader Replaying proof wellformed8.key 
48490      DEBUG main            d.u.i.k.p.i.IntermediateProofReplayer Proof replay took 8.9ns 
48594      INFO  main            d.u.i.k.p.r.p.TestFile    ... finished proof: open goal(s) 
48766      INFO  main            d.u.i.k.p.r.p.TestFile    Now processing file /home/runner/work/key/key/key.core/../key.ui/examples/heap/polarity_tests/wellformed9.key 
48766      INFO  main            d.u.i.k.p.i.AbstractProblemLoader Loading environment from /home/runner/work/key/key/key.core/../key.ui/examples/heap/polarity_tests/wellformed9.key 
48766      DEBUG main            d.u.i.k.p.i.AbstractProblemLoader Environment load took 96.1ns 
48767      INFO  main            d.u.i.k.p.i.AbstractProblemLoader Creating init config 
51861      DEBUG main            d.u.i.k.p.i.AbstractProblemLoader Init config took 3.09s 
51882      INFO  main            d.u.i.k.p.i.AbstractProblemLoader Replaying proof wellformed9.key 
51885      DEBUG main            d.u.i.k.p.i.IntermediateProofReplayer Proof replay took 8.1ns 
51989      INFO  main            d.u.i.k.p.r.p.TestFile    ... finished proof: closed. 
52166      INFO  main            d.u.i.k.p.i.AbstractProblemLoader Loading environment from /home/runner/work/key/key/key.core/../key.ui/examples/heap/polarity_tests/wellformed9.key.proof 
52166      DEBUG main            d.u.i.k.p.i.AbstractProblemLoader Environment load took 156.6ns 
52168      INFO  main            d.u.i.k.p.i.AbstractProblemLoader Creating init config 
55182      DEBUG main            d.u.i.k.p.i.AbstractProblemLoader Init config took 3.01s 
55199      INFO  main            d.u.i.k.p.i.AbstractProblemLoader Replaying proof wellformed9.key.proof 
55203      DEBUG main            d.u.i.k.p.i.IntermediateProofReplayer Proof replay took 1.73ms 
55204      DEBUG main            d.u.i.k.p.r.p.TestFile    ... success: reloaded. 
55206      INFO  main            d.u.i.k.p.r.p.TestFile    Now processing file /home/runner/work/key/key/key.core/../key.ui/examples/heap/polarity_tests/wellformed10.key 
55206      INFO  main            d.u.i.k.p.i.AbstractProblemLoader Loading environment from /home/runner/work/key/key/key.core/../key.ui/examples/heap/polarity_tests/wellformed10.key 
55206      DEBUG main            d.u.i.k.p.i.AbstractProblemLoader Environment load took 282.6ns 
55208      INFO  main            d.u.i.k.p.i.AbstractProblemLoader Creating init config 
58287      DEBUG main            d.u.i.k.p.i.AbstractProblemLoader Init config took 3.08s 
58304      INFO  main            d.u.i.k.p.i.AbstractProblemLoader Replaying proof wellformed10.key 
58306      DEBUG main            d.u.i.k.p.i.IntermediateProofReplayer Proof replay took 7.6ns 
58410      INFO  main            d.u.i.k.p.r.p.TestFile    ... finished proof: open goal(s) 
58600      INFO  main            d.u.i.k.p.r.p.TestFile    Now processing file /home/runner/work/key/key/key.core/../key.ui/examples/heap/polarity_tests/wellformed11.key 
58601      INFO  main            d.u.i.k.p.i.AbstractProblemLoader Loading environment from /home/runner/work/key/key/key.core/../key.ui/examples/heap/polarity_tests/wellformed11.key 
58601      DEBUG main            d.u.i.k.p.i.AbstractProblemLoader Environment load took 111.4ns 
58602      INFO  main            d.u.i.k.p.i.AbstractProblemLoader Creating init config 
61657      DEBUG main            d.u.i.k.p.i.AbstractProblemLoader Init config took 3.05s 
61674      INFO  main            d.u.i.k.p.i.AbstractProblemLoader Replaying proof wellformed11.key 
61675      DEBUG main            d.u.i.k.p.i.IntermediateProofReplayer Proof replay took 7ns 
61779      INFO  main            d.u.i.k.p.r.p.TestFile    ... finished proof: open goal(s) 
598114     INFO  Test worker     d.u.i.k.p.r.p.StatisticsFile Returning from test applicationRestrictions 
598119     INFO  Test worker     d.u.i.k.p.r.p.StatisticsFile Running test blockContracts 
460        INFO  Timeout watchdog d.u.i.k.p.r.p.ForkedTestFileRunner Timeout watcher launched (2000 secs.) 
489        WARN  main            d.u.i.k.s.ProofSettings   The settings in /home/runner/.key/proof-settings.props are *not* read. 
543        INFO  main            d.u.i.k.p.r.p.TestFile    Now processing file /home/runner/work/key/key/key.core/../key.ui/examples/heap/block_contracts/Simple__add.key 
682        INFO  main            d.u.i.k.p.i.AbstractProblemLoader Loading environment from /home/runner/work/key/key/key.core/../key.ui/examples/heap/block_contracts/Simple__add.key 
701        DEBUG main            d.u.i.k.p.i.AbstractProblemLoader Environment load took 2.27ms 
1015       INFO  main            d.u.i.k.p.i.AbstractProblemLoader Creating init config 
2222       DEBUG main            d.u.i.k.j.TypeConverter   No LDT found for Meta 
2223       DEBUG main            d.u.i.k.j.TypeConverter   No LDT found for Meta 
2225       DEBUG main            d.u.i.k.j.TypeConverter   No LDT found for Meta 
2226       DEBUG main            d.u.i.k.j.TypeConverter   No LDT found for Meta 
3999       DEBUG main            d.u.i.k.j.TypeConverter   No LDT found for JavaBigintExpression 
10930      DEBUG main            d.u.i.k.p.i.AbstractProblemLoader Init config took 9.91s 
11091      INFO  main            d.u.i.k.p.i.AbstractProblemLoader Replaying proof Simple[Simple::add(int,int)].JML operation contract.0 
11197      DEBUG main            d.u.i.k.p.i.IntermediateProofReplayer Proof replay took 342.4ns 
12044      INFO  main            d.u.i.k.p.r.p.TestFile    ... finished proof: closed. 
12173      INFO  main            d.u.i.k.p.i.AbstractProblemLoader Loading environment from /home/runner/work/key/key/key.core/../key.ui/examples/heap/block_contracts/Simple__add.key.proof 
12173      DEBUG main            d.u.i.k.p.i.AbstractProblemLoader Environment load took 650.9ns 
12176      INFO  main            d.u.i.k.p.i.AbstractProblemLoader Creating init config 
16309      DEBUG main            d.u.i.k.p.i.AbstractProblemLoader Init config took 4.13s 
16399      INFO  main            d.u.i.k.p.i.AbstractProblemLoader Replaying proof Simple[Simple::add(int,int)].JML operation contract.0 
16496      DEBUG main            d.u.i.k.p.i.IntermediateProofReplayer Proof replay took 90.91ms 
16504      DEBUG main            d.u.i.k.p.r.p.TestFile    ... success: reloaded. 
16510      INFO  main            d.u.i.k.p.r.p.TestFile    Now processing file /home/runner/work/key/key/key.core/../key.ui/examples/heap/block_contracts/Simple__addAbsoluteValues.key 
16511      INFO  main            d.u.i.k.p.i.AbstractProblemLoader Loading environment from /home/runner/work/key/key/key.core/../key.ui/examples/heap/block_contracts/Simple__addAbsoluteValues.key 
16511      DEBUG main            d.u.i.k.p.i.AbstractProblemLoader Environment load took 140.1ns 
16515      INFO  main            d.u.i.k.p.i.AbstractProblemLoader Creating init config 
20416      DEBUG main            d.u.i.k.p.i.AbstractProblemLoader Init config took 3.9s 
20500      INFO  main            d.u.i.k.p.i.AbstractProblemLoader Replaying proof Simple[Simple::addAbsoluteValues(int,int)].JML normal_behavior operation contract.0 
20508      DEBUG main            d.u.i.k.p.i.IntermediateProofReplayer Proof replay took 16.9ns 
21919      INFO  main            d.u.i.k.p.r.p.TestFile    ... finished proof: closed. 
22124      INFO  main            d.u.i.k.p.i.AbstractProblemLoader Loading environment from /home/runner/work/key/key/key.core/../key.ui/examples/heap/block_contracts/Simple__addAbsoluteValues.key.proof 
22125      DEBUG main            d.u.i.k.p.i.AbstractProblemLoader Environment load took 1.12ms 
22127      INFO  main            d.u.i.k.p.i.AbstractProblemLoader Creating init config 
25845      DEBUG main            d.u.i.k.p.i.AbstractProblemLoader Init config took 3.72s 
25915      INFO  main            d.u.i.k.p.i.AbstractProblemLoader Replaying proof Simple[Simple::addAbsoluteValues(int,int)].JML normal_behavior operation contract.0 
26125      DEBUG main            d.u.i.k.p.i.IntermediateProofReplayer Proof replay took 200.83ms 
26128      DEBUG main            d.u.i.k.p.r.p.TestFile    ... success: reloaded. 
26131      INFO  main            d.u.i.k.p.r.p.TestFile    Now processing file /home/runner/work/key/key/key.core/../key.ui/examples/heap/block_contracts/Simple__addWithJump.key 
26131      INFO  main            d.u.i.k.p.i.AbstractProblemLoader Loading environment from /home/runner/work/key/key/key.core/../key.ui/examples/heap/block_contracts/Simple__addWithJump.key 
26132      DEBUG main            d.u.i.k.p.i.AbstractProblemLoader Environment load took 281.2ns 
26134      INFO  main            d.u.i.k.p.i.AbstractProblemLoader Creating init config 
30036      DEBUG main            d.u.i.k.p.i.AbstractProblemLoader Init config took 3.9s 
30094      INFO  main            d.u.i.k.p.i.AbstractProblemLoader Replaying proof Simple[Simple::addWithJump(int,int,int)].JML operation contract.0 
30099      DEBUG main            d.u.i.k.p.i.IntermediateProofReplayer Proof replay took 24.8ns 
30303      INFO  main            d.u.i.k.p.r.p.TestFile    ... finished proof: closed. 
30516      INFO  main            d.u.i.k.p.i.AbstractProblemLoader Loading environment from /home/runner/work/key/key/key.core/../key.ui/examples/heap/block_contracts/Simple__addWithJump.key.proof 
30518      DEBUG main            d.u.i.k.p.i.AbstractProblemLoader Environment load took 1.97ms 
30522      INFO  main            d.u.i.k.p.i.AbstractProblemLoader Creating init config 
34368      DEBUG main            d.u.i.k.p.i.AbstractProblemLoader Init config took 3.85s 
34460      INFO  main            d.u.i.k.p.i.AbstractProblemLoader Replaying proof Simple[Simple::addWithJump(int,int,int)].JML operation contract.0 
34512      DEBUG main            d.u.i.k.p.i.IntermediateProofReplayer Proof replay took 48.01ms 
34513      DEBUG main            d.u.i.k.p.r.p.TestFile    ... success: reloaded. 
34515      INFO  main            d.u.i.k.p.r.p.TestFile    Now processing file /home/runner/work/key/key/key.core/../key.ui/examples/heap/block_contracts/Simple__addWithTwoBlockContracts.key 
34516      INFO  main            d.u.i.k.p.i.AbstractProblemLoader Loading environment from /home/runner/work/key/key/key.core/../key.ui/examples/heap/block_contracts/Simple__addWithTwoBlockContracts.key 
34516      DEBUG main            d.u.i.k.p.i.AbstractProblemLoader Environment load took 139.8ns 
34518      INFO  main            d.u.i.k.p.i.AbstractProblemLoader Creating init config 
38209      DEBUG main            d.u.i.k.p.i.AbstractProblemLoader Init config took 3.69s 
38272      INFO  main            d.u.i.k.p.i.AbstractProblemLoader Replaying proof Simple[Simple::addWithTwoBlockContracts(int,int,int)].JML operation contract.0 
38275      DEBUG main            d.u.i.k.p.i.IntermediateProofReplayer Proof replay took 13.2ns 
38578      INFO  main            d.u.i.k.p.r.p.TestFile    ... finished proof: closed. 
38788      INFO  main            d.u.i.k.p.i.AbstractProblemLoader Loading environment from /home/runner/work/key/key/key.core/../key.ui/examples/heap/block_contracts/Simple__addWithTwoBlockContracts.key.proof 
38789      DEBUG main            d.u.i.k.p.i.AbstractProblemLoader Environment load took 716.2ns 
38790      INFO  main            d.u.i.k.p.i.AbstractProblemLoader Creating init config 
42343      DEBUG main            d.u.i.k.p.i.AbstractProblemLoader Init config took 3.55s 
42395      INFO  main            d.u.i.k.p.i.AbstractProblemLoader Replaying proof Simple[Simple::addWithTwoBlockContracts(int,int,int)].JML operation contract.0 
42467      DEBUG main            d.u.i.k.p.i.IntermediateProofReplayer Proof replay took 66.47ms 
42468      DEBUG main            d.u.i.k.p.r.p.TestFile    ... success: reloaded. 
42471      INFO  main            d.u.i.k.p.r.p.TestFile    Now processing file /home/runner/work/key/key/key.core/../key.ui/examples/heap/block_contracts/Simple__generateByteArray.key 
42471      INFO  main            d.u.i.k.p.i.AbstractProblemLoader Loading environment from /home/runner/work/key/key/key.core/../key.ui/examples/heap/block_contracts/Simple__generateByteArray.key 
42471      DEBUG main            d.u.i.k.p.i.AbstractProblemLoader Environment load took 167.1ns 
42472      INFO  main            d.u.i.k.p.i.AbstractProblemLoader Creating init config 
46043      DEBUG main            d.u.i.k.p.i.AbstractProblemLoader Init config took 3.57s 
46108      INFO  main            d.u.i.k.p.i.AbstractProblemLoader Replaying proof Simple[Simple::generateByteArray()].JML normal_behavior operation contract.0 
46111      DEBUG main            d.u.i.k.p.i.IntermediateProofReplayer Proof replay took 13.9ns 
48322      INFO  main            d.u.i.k.p.r.p.TestFile    ... finished proof: closed. 
48577      INFO  main            d.u.i.k.p.i.AbstractProblemLoader Loading environment from /home/runner/work/key/key/key.core/../key.ui/examples/heap/block_contracts/Simple__generateByteArray.key.proof 
48578      DEBUG main            d.u.i.k.p.i.AbstractProblemLoader Environment load took 595.7ns 
48580      INFO  main            d.u.i.k.p.i.AbstractProblemLoader Creating init config 
52145      DEBUG main            d.u.i.k.p.i.AbstractProblemLoader Init config took 3.56s 
52193      INFO  main            d.u.i.k.p.i.AbstractProblemLoader Replaying proof Simple[Simple::generateByteArray()].JML normal_behavior operation contract.0 
52472      DEBUG main            d.u.i.k.p.i.IntermediateProofReplayer Proof replay took 266.07ms 
52474      DEBUG main            d.u.i.k.p.r.p.TestFile    ... success: reloaded. 
52476      INFO  main            d.u.i.k.p.r.p.TestFile    Now processing file /home/runner/work/key/key/key.core/../key.ui/examples/heap/block_contracts/Simple__getLength.key 
52476      INFO  main            d.u.i.k.p.i.AbstractProblemLoader Loading environment from /home/runner/work/key/key/key.core/../key.ui/examples/heap/block_contracts/Simple__getLength.key 
52477      DEBUG main            d.u.i.k.p.i.AbstractProblemLoader Environment load took 291ns 
52506      INFO  main            d.u.i.k.p.i.AbstractProblemLoader Creating init config 
56347      DEBUG main            d.u.i.k.p.i.AbstractProblemLoader Init config took 3.84s 
56403      INFO  main            d.u.i.k.p.i.AbstractProblemLoader Replaying proof Simple[Simple::getLength()].JML normal_behavior operation contract.0 
56406      DEBUG main            d.u.i.k.p.i.IntermediateProofReplayer Proof replay took 12.2ns 
56510      INFO  main            d.u.i.k.p.r.p.TestFile    ... finished proof: closed. 
56769      INFO  main            d.u.i.k.p.i.AbstractProblemLoader Loading environment from /home/runner/work/key/key/key.core/../key.ui/examples/heap/block_contracts/Simple__getLength.key.proof 
56769      DEBUG main            d.u.i.k.p.i.AbstractProblemLoader Environment load took 152.2ns 
56771      INFO  main            d.u.i.k.p.i.AbstractProblemLoader Creating init config 
60311      DEBUG main            d.u.i.k.p.i.AbstractProblemLoader Init config took 3.54s 
60370      INFO  main            d.u.i.k.p.i.AbstractProblemLoader Replaying proof Simple[Simple::getLength()].JML normal_behavior operation contract.0 
60381      DEBUG main            d.u.i.k.p.i.IntermediateProofReplayer Proof replay took 8.39ms 
60382      DEBUG main            d.u.i.k.p.r.p.TestFile    ... success: reloaded. 
60383      INFO  main            d.u.i.k.p.r.p.TestFile    Now processing file /home/runner/work/key/key/key.core/../key.ui/examples/heap/block_contracts/Simple__square.key 
60383      INFO  main            d.u.i.k.p.i.AbstractProblemLoader Loading environment from /home/runner/work/key/key/key.core/../key.ui/examples/heap/block_contracts/Simple__square.key 
60384      DEBUG main            d.u.i.k.p.i.AbstractProblemLoader Environment load took 154.9ns 
60385      INFO  main            d.u.i.k.p.i.AbstractProblemLoader Creating init config 
63994      DEBUG main            d.u.i.k.p.i.AbstractProblemLoader Init config took 3.61s 
64040      INFO  main            d.u.i.k.p.i.AbstractProblemLoader Replaying proof Simple[Simple::square(int)].JML operation contract.0 
64042      DEBUG main            d.u.i.k.p.i.IntermediateProofReplayer Proof replay took 12.2ns 
64449      INFO  main            d.u.i.k.p.r.p.TestFile    ... finished proof: closed. 
64675      INFO  main            d.u.i.k.p.i.AbstractProblemLoader Loading environment from /home/runner/work/key/key/key.core/../key.ui/examples/heap/block_contracts/Simple__square.key.proof 
64676      DEBUG main            d.u.i.k.p.i.AbstractProblemLoader Environment load took 556.9ns 
64677      INFO  main            d.u.i.k.p.i.AbstractProblemLoader Creating init config 
68240      DEBUG main            d.u.i.k.p.i.AbstractProblemLoader Init config took 3.56s 
68291      INFO  main            d.u.i.k.p.i.AbstractProblemLoader Replaying proof Simple[Simple::square(int)].JML operation contract.0 
68400      DEBUG main            d.u.i.k.p.i.IntermediateProofReplayer Proof replay took 104.67ms 
68401      DEBUG main            d.u.i.k.p.r.p.TestFile    ... success: reloaded. 
68404      INFO  main            d.u.i.k.p.r.p.TestFile    Now processing file /home/runner/work/key/key/key.core/../key.ui/examples/heap/block_contracts/Simple__unnecessaryBlockContract.key 
68404      INFO  main            d.u.i.k.p.i.AbstractProblemLoader Loading environment from /home/runner/work/key/key/key.core/../key.ui/examples/heap/block_contracts/Simple__unnecessaryBlockContract.key 
68404      DEBUG main            d.u.i.k.p.i.AbstractProblemLoader Environment load took 97.7ns 
68405      INFO  main            d.u.i.k.p.i.AbstractProblemLoader Creating init config 
72154      DEBUG main            d.u.i.k.p.i.AbstractProblemLoader Init config took 3.75s 
72215      INFO  main            d.u.i.k.p.i.AbstractProblemLoader Replaying proof Simple[Simple::unnecessaryBlockContract()].JML operation contract.0 
72219      DEBUG main            d.u.i.k.p.i.IntermediateProofReplayer Proof replay took 41.2ns 
72323      INFO  main            d.u.i.k.p.r.p.TestFile    ... finished proof: closed. 
72570      INFO  main            d.u.i.k.p.i.AbstractProblemLoader Loading environment from /home/runner/work/key/key/key.core/../key.ui/examples/heap/block_contracts/Simple__unnecessaryBlockContract.key.proof 
72571      DEBUG main            d.u.i.k.p.i.AbstractProblemLoader Environment load took 165.5ns 
72573      INFO  main            d.u.i.k.p.i.AbstractProblemLoader Creating init config 
76117      DEBUG main            d.u.i.k.p.i.AbstractProblemLoader Init config took 3.54s 
76160      INFO  main            d.u.i.k.p.i.AbstractProblemLoader Replaying proof Simple[Simple::unnecessaryBlockContract()].JML operation contract.0 
76185      DEBUG main            d.u.i.k.p.i.IntermediateProofReplayer Proof replay took 22.83ms 
76186      DEBUG main            d.u.i.k.p.r.p.TestFile    ... success: reloaded. 
76188      INFO  main            d.u.i.k.p.r.p.TestFile    Now processing file /home/runner/work/key/key/key.core/../key.ui/examples/heap/block_contracts/Simple__unnecessaryLoopInvariant.key 
76189      INFO  main            d.u.i.k.p.i.AbstractProblemLoader Loading environment from /home/runner/work/key/key/key.core/../key.ui/examples/heap/block_contracts/Simple__unnecessaryLoopInvariant.key 
76189      DEBUG main            d.u.i.k.p.i.AbstractProblemLoader Environment load took 142.3ns 
76190      INFO  main            d.u.i.k.p.i.AbstractProblemLoader Creating init config 
79840      DEBUG main            d.u.i.k.p.i.AbstractProblemLoader Init config took 3.65s 
79885      INFO  main            d.u.i.k.p.i.AbstractProblemLoader Replaying proof Simple[Simple::unnecessaryLoopInvariant()].JML operation contract.0 
79888      DEBUG main            d.u.i.k.p.i.IntermediateProofReplayer Proof replay took 14.4ns 
79992      INFO  main            d.u.i.k.p.r.p.TestFile    ... finished proof: closed. 
80232      INFO  main            d.u.i.k.p.i.AbstractProblemLoader Loading environment from /home/runner/work/key/key/key.core/../key.ui/examples/heap/block_contracts/Simple__unnecessaryLoopInvariant.key.proof 
80232      DEBUG main            d.u.i.k.p.i.AbstractProblemLoader Environment load took 128.3ns 
80233      INFO  main            d.u.i.k.p.i.AbstractProblemLoader Creating init config 
83823      DEBUG main            d.u.i.k.p.i.AbstractProblemLoader Init config took 3.59s 
83871      INFO  main            d.u.i.k.p.i.AbstractProblemLoader Replaying proof Simple[Simple::unnecessaryLoopInvariant()].JML operation contract.0 
83887      DEBUG main            d.u.i.k.p.i.IntermediateProofReplayer Proof replay took 13.94ms 
83888      DEBUG main            d.u.i.k.p.r.p.TestFile    ... success: reloaded. 
83889      INFO  main            d.u.i.k.p.r.p.TestFile    Now processing file /home/runner/work/key/key/key.core/../key.ui/examples/standard_key/java_dl/jml-assert/assert.key 
83889      INFO  main            d.u.i.k.p.i.AbstractProblemLoader Loading environment from /home/runner/work/key/key/key.core/../key.ui/examples/standard_key/java_dl/jml-assert/assert.key 
83889      DEBUG main            d.u.i.k.p.i.AbstractProblemLoader Environment load took 135.1ns 
83890      INFO  main            d.u.i.k.p.i.AbstractProblemLoader Creating init config 
87045      DEBUG main            d.u.i.k.p.i.AbstractProblemLoader Init config took 3.15s 
87093      INFO  main            d.u.i.k.p.i.AbstractProblemLoader Replaying proof Assert[Assert::createArray(int)].JML normal_behavior operation contract.0 
87095      DEBUG main            d.u.i.k.p.i.IntermediateProofReplayer Proof replay took 7ns 
87398      INFO  main            d.u.i.k.p.r.p.TestFile    ... finished proof: closed. 
87653      INFO  main            d.u.i.k.p.i.AbstractProblemLoader Loading environment from /home/runner/work/key/key/key.core/../key.ui/examples/standard_key/java_dl/jml-assert/assert.key.proof 
87653      DEBUG main            d.u.i.k.p.i.AbstractProblemLoader Environment load took 659.3ns 
87655      INFO  main            d.u.i.k.p.i.AbstractProblemLoader Creating init config 
90808      DEBUG main            d.u.i.k.p.i.AbstractProblemLoader Init config took 3.15s 
90863      INFO  main            d.u.i.k.p.i.AbstractProblemLoader Replaying proof Assert[Assert::createArray(int)].JML normal_behavior operation contract.0 
90929      DEBUG main            d.u.i.k.p.i.IntermediateProofReplayer Proof replay took 62.97ms 
90931      DEBUG main            d.u.i.k.p.r.p.TestFile    ... success: reloaded. 
90934      INFO  main            d.u.i.k.p.r.p.TestFile    Now processing file /home/runner/work/key/key/key.core/../key.ui/examples/standard_key/java_dl/jml-assert/assert_assume_order.key 
90934      INFO  main            d.u.i.k.p.i.AbstractProblemLoader Loading environment from /home/runner/work/key/key/key.core/../key.ui/examples/standard_key/java_dl/jml-assert/assert_assume_order.key 
90935      DEBUG main            d.u.i.k.p.i.AbstractProblemLoader Environment load took 315.8ns 
90936      INFO  main            d.u.i.k.p.i.AbstractProblemLoader Creating init config 
94184      DEBUG main            d.u.i.k.p.i.AbstractProblemLoader Init config took 3.25s 
94227      INFO  main            d.u.i.k.p.i.AbstractProblemLoader Replaying proof AssertAssume[AssertAssume::singleAssumeAssert(int)].JML normal_behavior operation contract.0 
94229      DEBUG main            d.u.i.k.p.i.IntermediateProofReplayer Proof replay took 24.3ns 
94332      INFO  main            d.u.i.k.p.r.p.TestFile    ... finished proof: closed. 
94559      INFO  main            d.u.i.k.p.i.AbstractProblemLoader Loading environment from /home/runner/work/key/key/key.core/../key.ui/examples/standard_key/java_dl/jml-assert/assert_assume_order.key.proof 
94559      DEBUG main            d.u.i.k.p.i.AbstractProblemLoader Environment load took 164.4ns 
94560      INFO  main            d.u.i.k.p.i.AbstractProblemLoader Creating init config 
97630      DEBUG main            d.u.i.k.p.i.AbstractProblemLoader Init config took 3.07s 
97671      INFO  main            d.u.i.k.p.i.AbstractProblemLoader Replaying proof AssertAssume[AssertAssume::singleAssumeAssert(int)].JML normal_behavior operation contract.0 
97687      DEBUG main            d.u.i.k.p.i.IntermediateProofReplayer Proof replay took 14.3ms 
97690      DEBUG main            d.u.i.k.p.r.p.TestFile    ... success: reloaded. 
97692      INFO  main            d.u.i.k.p.r.p.TestFile    Now processing file /home/runner/work/key/key/key.core/../key.ui/examples/heap/block_loop_contracts/SimpleVariants/sum_onBlock_external.key 
97692      INFO  main            d.u.i.k.p.i.AbstractProblemLoader Loading environment from /home/runner/work/key/key/key.core/../key.ui/examples/heap/block_loop_contracts/SimpleVariants/sum_onBlock_external.key 
97693      DEBUG main            d.u.i.k.p.i.AbstractProblemLoader Environment load took 291.1ns 
97694      INFO  main            d.u.i.k.p.i.AbstractProblemLoader Creating init config 
101056     DEBUG main            d.u.i.k.p.i.AbstractProblemLoader Init config took 3.36s 
101096     INFO  main            d.u.i.k.p.i.AbstractProblemLoader Replaying proof LoopContractExamplesAll[LoopContractExamplesAll::sum_loopContract_onBlock([I)].JML normal_behavior operation contract.0 
101099     DEBUG main            d.u.i.k.p.i.IntermediateProofReplayer Proof replay took 29.5ns 
101204     INFO  main            d.u.i.k.p.r.p.TestFile    ... finished proof: closed. 
101490     INFO  main            d.u.i.k.p.i.AbstractProblemLoader Loading environment from /home/runner/work/key/key/key.core/../key.ui/examples/heap/block_loop_contracts/SimpleVariants/sum_onBlock_external.key.proof 
101490     DEBUG main            d.u.i.k.p.i.AbstractProblemLoader Environment load took 148.8ns 
101492     INFO  main            d.u.i.k.p.i.AbstractProblemLoader Creating init config 
104708     DEBUG main            d.u.i.k.p.i.AbstractProblemLoader Init config took 3.22s 
104746     INFO  main            d.u.i.k.p.i.AbstractProblemLoader Replaying proof LoopContractExamplesAll[LoopContractExamplesAll::sum_loopContract_onBlock([I)].JML normal_behavior operation contract.0 
104783     DEBUG main            d.u.i.k.p.i.IntermediateProofReplayer Proof replay took 34.66ms 
104784     DEBUG main            d.u.i.k.p.r.p.TestFile    ... success: reloaded. 
104785     INFO  main            d.u.i.k.p.r.p.TestFile    Now processing file /home/runner/work/key/key/key.core/../key.ui/examples/heap/block_loop_contracts/SimpleVariants/sum_onBlock_internal.key 
104786     INFO  main            d.u.i.k.p.i.AbstractProblemLoader Loading environment from /home/runner/work/key/key/key.core/../key.ui/examples/heap/block_loop_contracts/SimpleVariants/sum_onBlock_internal.key 
104786     DEBUG main            d.u.i.k.p.i.AbstractProblemLoader Environment load took 137.8ns 
104787     INFO  main            d.u.i.k.p.i.AbstractProblemLoader Creating init config 
108148     DEBUG main            d.u.i.k.p.i.AbstractProblemLoader Init config took 3.36s 
108189     INFO  main            d.u.i.k.p.i.AbstractProblemLoader Replaying proof LoopContractExamplesAll[LoopContractExamplesAll::sum_loopContract_onBlock([I)].JML normal_behavior operation contract.0 
108192     DEBUG main            d.u.i.k.p.i.IntermediateProofReplayer Proof replay took 13.5ns 
109001     INFO  main            d.u.i.k.p.r.p.TestFile    ... finished proof: closed. 
109310     INFO  main            d.u.i.k.p.i.AbstractProblemLoader Loading environment from /home/runner/work/key/key/key.core/../key.ui/examples/heap/block_loop_contracts/SimpleVariants/sum_onBlock_internal.key.proof 
109310     DEBUG main            d.u.i.k.p.i.AbstractProblemLoader Environment load took 719.2ns 
109312     INFO  main            d.u.i.k.p.i.AbstractProblemLoader Creating init config 
112489     DEBUG main            d.u.i.k.p.i.AbstractProblemLoader Init config took 3.18s 
112530     INFO  main            d.u.i.k.p.i.AbstractProblemLoader Replaying proof LoopContractExamplesAll[LoopContractExamplesAll::sum_loopContract_onBlock([I)].JML normal_behavior operation contract.0 
112747     DEBUG main            d.u.i.k.p.i.IntermediateProofReplayer Proof replay took 212.72ms 
112748     DEBUG main            d.u.i.k.p.r.p.TestFile    ... success: reloaded. 
112749     INFO  main            d.u.i.k.p.r.p.TestFile    Now processing file /home/runner/work/key/key/key.core/../key.ui/examples/heap/block_loop_contracts/SimpleVariants/sum_onBlock_loop.key 
112749     INFO  main            d.u.i.k.p.i.AbstractProblemLoader Loading environment from /home/runner/work/key/key/key.core/../key.ui/examples/heap/block_loop_contracts/SimpleVariants/sum_onBlock_loop.key 
112750     DEBUG main            d.u.i.k.p.i.AbstractProblemLoader Environment load took 331.6ns 
112751     INFO  main            d.u.i.k.p.i.AbstractProblemLoader Creating init config 
116044     DEBUG main            d.u.i.k.p.i.AbstractProblemLoader Init config took 3.29s 
116086     INFO  main            d.u.i.k.p.i.AbstractProblemLoader Replaying proof LoopContractExamplesAll[LoopContractExamplesAll::sum_loopContract_onBlock([I)].JML normal_behavior loop contract.0 
116088     DEBUG main            d.u.i.k.p.i.IntermediateProofReplayer Proof replay took 12.1ns 
116993     INFO  main            d.u.i.k.p.r.p.TestFile    ... finished proof: closed. 
117333     INFO  main            d.u.i.k.p.i.AbstractProblemLoader Loading environment from /home/runner/work/key/key/key.core/../key.ui/examples/heap/block_loop_contracts/SimpleVariants/sum_onBlock_loop.key.proof 
117334     DEBUG main            d.u.i.k.p.i.AbstractProblemLoader Environment load took 1.28ms 
117337     INFO  main            d.u.i.k.p.i.AbstractProblemLoader Creating init config 
120479     DEBUG main            d.u.i.k.p.i.AbstractProblemLoader Init config took 3.14s 
120519     INFO  main            d.u.i.k.p.i.AbstractProblemLoader Replaying proof LoopContractExamplesAll[LoopContractExamplesAll::sum_loopContract_onBlock([I)].JML normal_behavior loop contract.0 
120738     DEBUG main            d.u.i.k.p.i.IntermediateProofReplayer Proof replay took 214.35ms 
120739     DEBUG main            d.u.i.k.p.r.p.TestFile    ... success: reloaded. 
120740     INFO  main            d.u.i.k.p.r.p.TestFile    Now processing file /home/runner/work/key/key/key.core/../key.ui/examples/heap/block_loop_contracts/SimpleVariants/sum_onLoop_external.key 
120740     INFO  main            d.u.i.k.p.i.AbstractProblemLoader Loading environment from /home/runner/work/key/key/key.core/../key.ui/examples/heap/block_loop_contracts/SimpleVariants/sum_onLoop_external.key 
120740     DEBUG main            d.u.i.k.p.i.AbstractProblemLoader Environment load took 130.9ns 
120742     INFO  main            d.u.i.k.p.i.AbstractProblemLoader Creating init config 
124059     DEBUG main            d.u.i.k.p.i.AbstractProblemLoader Init config took 3.32s 
124099     INFO  main            d.u.i.k.p.i.AbstractProblemLoader Replaying proof LoopContractExamplesAll[LoopContractExamplesAll::sum_loopContract_onLoop([I)].JML normal_behavior operation contract.0 
124101     DEBUG main            d.u.i.k.p.i.IntermediateProofReplayer Proof replay took 27.2ns 
124204     INFO  main            d.u.i.k.p.r.p.TestFile    ... finished proof: closed. 
124538     INFO  main            d.u.i.k.p.i.AbstractProblemLoader Loading environment from /home/runner/work/key/key/key.core/../key.ui/examples/heap/block_loop_contracts/SimpleVariants/sum_onLoop_external.key.proof 
124539     DEBUG main            d.u.i.k.p.i.AbstractProblemLoader Environment load took 144.3ns 
124540     INFO  main            d.u.i.k.p.i.AbstractProblemLoader Creating init config 
127778     DEBUG main            d.u.i.k.p.i.AbstractProblemLoader Init config took 3.24s 
127819     INFO  main            d.u.i.k.p.i.AbstractProblemLoader Replaying proof LoopContractExamplesAll[LoopContractExamplesAll::sum_loopContract_onLoop([I)].JML normal_behavior operation contract.0 
127854     DEBUG main            d.u.i.k.p.i.IntermediateProofReplayer Proof replay took 32.78ms 
127855     DEBUG main            d.u.i.k.p.r.p.TestFile    ... success: reloaded. 
127856     INFO  main            d.u.i.k.p.r.p.TestFile    Now processing file /home/runner/work/key/key/key.core/../key.ui/examples/heap/block_loop_contracts/SimpleVariants/sum_onLoop_internal.key 
127856     INFO  main            d.u.i.k.p.i.AbstractProblemLoader Loading environment from /home/runner/work/key/key/key.core/../key.ui/examples/heap/block_loop_contracts/SimpleVariants/sum_onLoop_internal.key 
127856     DEBUG main            d.u.i.k.p.i.AbstractProblemLoader Environment load took 157.5ns 
127857     INFO  main            d.u.i.k.p.i.AbstractProblemLoader Creating init config 
131169     DEBUG main            d.u.i.k.p.i.AbstractProblemLoader Init config took 3.31s 
131206     INFO  main            d.u.i.k.p.i.AbstractProblemLoader Replaying proof LoopContractExamplesAll[LoopContractExamplesAll::sum_loopContract_onLoop([I)].JML normal_behavior operation contract.0 
131208     DEBUG main            d.u.i.k.p.i.IntermediateProofReplayer Proof replay took 13.8ns 
131912     INFO  main            d.u.i.k.p.r.p.TestFile    ... finished proof: closed. 
132207     INFO  main            d.u.i.k.p.i.AbstractProblemLoader Loading environment from /home/runner/work/key/key/key.core/../key.ui/examples/heap/block_loop_contracts/SimpleVariants/sum_onLoop_internal.key.proof 
132208     DEBUG main            d.u.i.k.p.i.AbstractProblemLoader Environment load took 685.4ns 
132209     INFO  main            d.u.i.k.p.i.AbstractProblemLoader Creating init config 
135497     DEBUG main            d.u.i.k.p.i.AbstractProblemLoader Init config took 3.29s 
135542     INFO  main            d.u.i.k.p.i.AbstractProblemLoader Replaying proof LoopContractExamplesAll[LoopContractExamplesAll::sum_loopContract_onLoop([I)].JML normal_behavior operation contract.0 
135747     DEBUG main            d.u.i.k.p.i.IntermediateProofReplayer Proof replay took 196.58ms 
135748     DEBUG main            d.u.i.k.p.r.p.TestFile    ... success: reloaded. 
135749     INFO  main            d.u.i.k.p.r.p.TestFile    Now processing file /home/runner/work/key/key/key.core/../key.ui/examples/heap/block_loop_contracts/SimpleVariants/sum_onLoop_loop.key 
135749     INFO  main            d.u.i.k.p.i.AbstractProblemLoader Loading environment from /home/runner/work/key/key/key.core/../key.ui/examples/heap/block_loop_contracts/SimpleVariants/sum_onLoop_loop.key 
135749     DEBUG main            d.u.i.k.p.i.AbstractProblemLoader Environment load took 153.6ns 
135751     INFO  main            d.u.i.k.p.i.AbstractProblemLoader Creating init config 
139194     DEBUG main            d.u.i.k.p.i.AbstractProblemLoader Init config took 3.44s 
139237     INFO  main            d.u.i.k.p.i.AbstractProblemLoader Replaying proof LoopContractExamplesAll[LoopContractExamplesAll::sum_loopContract_onLoop([I)].JML normal_behavior loop contract.0 
139240     DEBUG main            d.u.i.k.p.i.IntermediateProofReplayer Proof replay took 14.8ns 
140144     INFO  main            d.u.i.k.p.r.p.TestFile    ... finished proof: closed. 
140511     INFO  main            d.u.i.k.p.i.AbstractProblemLoader Loading environment from /home/runner/work/key/key/key.core/../key.ui/examples/heap/block_loop_contracts/SimpleVariants/sum_onLoop_loop.key.proof 
140512     DEBUG main            d.u.i.k.p.i.AbstractProblemLoader Environment load took 607.5ns 
140513     INFO  main            d.u.i.k.p.i.AbstractProblemLoader Creating init config 
143781     DEBUG main            d.u.i.k.p.i.AbstractProblemLoader Init config took 3.27s 
143825     INFO  main            d.u.i.k.p.i.AbstractProblemLoader Replaying proof LoopContractExamplesAll[LoopContractExamplesAll::sum_loopContract_onLoop([I)].JML normal_behavior loop contract.0 
144055     DEBUG main            d.u.i.k.p.i.IntermediateProofReplayer Proof replay took 225.25ms 
144056     DEBUG main            d.u.i.k.p.r.p.TestFile    ... success: reloaded. 
144057     INFO  main            d.u.i.k.p.r.p.TestFile    Now processing file /home/runner/work/key/key/key.core/../key.ui/examples/heap/block_loop_contracts/Free/blockContracts0.key 
144058     INFO  main            d.u.i.k.p.i.AbstractProblemLoader Loading environment from /home/runner/work/key/key/key.core/../key.ui/examples/heap/block_loop_contracts/Free/blockContracts0.key 
144058     DEBUG main            d.u.i.k.p.i.AbstractProblemLoader Environment load took 279.8ns 
144059     INFO  main            d.u.i.k.p.i.AbstractProblemLoader Creating init config 
147024     DEBUG main            d.u.i.k.p.i.AbstractProblemLoader Init config took 2.96s 
147062     INFO  main            d.u.i.k.p.i.AbstractProblemLoader Replaying proof FreeConditions[FreeConditions::blockContract0()].JML normal_behavior operation contract.0 
147064     DEBUG main            d.u.i.k.p.i.IntermediateProofReplayer Proof replay took 13.8ns 
147171     INFO  main            d.u.i.k.p.r.p.TestFile    ... finished proof: closed. 
147527     INFO  main            d.u.i.k.p.i.AbstractProblemLoader Loading environment from /home/runner/work/key/key/key.core/../key.ui/examples/heap/block_loop_contracts/Free/blockContracts0.key.proof 
147528     DEBUG main            d.u.i.k.p.i.AbstractProblemLoader Environment load took 141.7ns 
147529     INFO  main            d.u.i.k.p.i.AbstractProblemLoader Creating init config 
150290     DEBUG main            d.u.i.k.p.i.AbstractProblemLoader Init config took 2.76s 
150330     INFO  main            d.u.i.k.p.i.AbstractProblemLoader Replaying proof FreeConditions[FreeConditions::blockContract0()].JML normal_behavior operation contract.0 
150353     DEBUG main            d.u.i.k.p.i.IntermediateProofReplayer Proof replay took 20.97ms 
150354     DEBUG main            d.u.i.k.p.r.p.TestFile    ... success: reloaded. 
150355     INFO  main            d.u.i.k.p.r.p.TestFile    Now processing file /home/runner/work/key/key/key.core/../key.ui/examples/heap/block_loop_contracts/Free/blockContracts1.key 
150356     INFO  main            d.u.i.k.p.i.AbstractProblemLoader Loading environment from /home/runner/work/key/key/key.core/../key.ui/examples/heap/block_loop_contracts/Free/blockContracts1.key 
150356     DEBUG main            d.u.i.k.p.i.AbstractProblemLoader Environment load took 188.4ns 
150357     INFO  main            d.u.i.k.p.i.AbstractProblemLoader Creating init config 
153236     DEBUG main            d.u.i.k.p.i.AbstractProblemLoader Init config took 2.88s 
153271     INFO  main            d.u.i.k.p.i.AbstractProblemLoader Replaying proof FreeConditions[FreeConditions::blockContract1()].JML normal_behavior operation contract.0 
153273     DEBUG main            d.u.i.k.p.i.IntermediateProofReplayer Proof replay took 13.3ns 
153376     INFO  main            d.u.i.k.p.r.p.TestFile    ... finished proof: closed. 
153726     INFO  main            d.u.i.k.p.i.AbstractProblemLoader Loading environment from /home/runner/work/key/key/key.core/../key.ui/examples/heap/block_loop_contracts/Free/blockContracts1.key.proof 
153726     DEBUG main            d.u.i.k.p.i.AbstractProblemLoader Environment load took 125.3ns 
153728     INFO  main            d.u.i.k.p.i.AbstractProblemLoader Creating init config 
156501     DEBUG main            d.u.i.k.p.i.AbstractProblemLoader Init config took 2.77s 
156541     INFO  main            d.u.i.k.p.i.AbstractProblemLoader Replaying proof FreeConditions[FreeConditions::blockContract1()].JML normal_behavior operation contract.0 
156562     DEBUG main            d.u.i.k.p.i.IntermediateProofReplayer Proof replay took 19.47ms 
156563     DEBUG main            d.u.i.k.p.r.p.TestFile    ... success: reloaded. 
156564     INFO  main            d.u.i.k.p.r.p.TestFile    Now processing file /home/runner/work/key/key/key.core/../key.ui/examples/heap/block_loop_contracts/Finally/block_finally.key 
156565     INFO  main            d.u.i.k.p.i.AbstractProblemLoader Loading environment from /home/runner/work/key/key/key.core/../key.ui/examples/heap/block_loop_contracts/Finally/block_finally.key 
156565     DEBUG main            d.u.i.k.p.i.AbstractProblemLoader Environment load took 204.5ns 
156566     INFO  main            d.u.i.k.p.i.AbstractProblemLoader Creating init config 
159498     DEBUG main            d.u.i.k.p.i.AbstractProblemLoader Init config took 2.93s 
159539     INFO  main            d.u.i.k.p.i.AbstractProblemLoader Replaying proof AuxiliaryContractsFinally[AuxiliaryContractsFinally::breakThrowContinueBlockContract(java.lang.Exception)].JML block contract.0 
159541     DEBUG main            d.u.i.k.p.i.IntermediateProofReplayer Proof replay took 12.7ns 
160147     INFO  main            d.u.i.k.p.r.p.TestFile    ... finished proof: open goal(s) 
160476     INFO  main            d.u.i.k.p.r.p.TestFile    Now processing file /home/runner/work/key/key/key.core/../key.ui/examples/heap/block_loop_contracts/Finally/loop_finally.key 
160477     INFO  main            d.u.i.k.p.i.AbstractProblemLoader Loading environment from /home/runner/work/key/key/key.core/../key.ui/examples/heap/block_loop_contracts/Finally/loop_finally.key 
160478     DEBUG main            d.u.i.k.p.i.AbstractProblemLoader Environment load took 1.3ms 
160480     INFO  main            d.u.i.k.p.i.AbstractProblemLoader Creating init config 
163253     DEBUG main            d.u.i.k.p.i.AbstractProblemLoader Init config took 2.77s 
163293     INFO  main            d.u.i.k.p.i.AbstractProblemLoader Replaying proof AuxiliaryContractsFinally[AuxiliaryContractsFinally::breakThrowContinueLoopContract(java.lang.Exception)].JML normal_behavior loop contract.0 
163296     DEBUG main            d.u.i.k.p.i.IntermediateProofReplayer Proof replay took 23.8ns 
164012     INFO  main            d.u.i.k.p.r.p.TestFile    ... finished proof: open goal(s) 
762689     INFO  Test worker     d.u.i.k.p.r.p.StatisticsFile Returning from test blockContracts 
762700     INFO  Test worker     d.u.i.k.p.r.p.StatisticsFile Running test jmlAsserts 
442        INFO  Timeout watchdog d.u.i.k.p.r.p.ForkedTestFileRunner Timeout watcher launched (2000 secs.) 
467        WARN  main            d.u.i.k.s.ProofSettings   The settings in /home/runner/.key/proof-settings.props are *not* read. 
511        INFO  main            d.u.i.k.p.r.p.TestFile    Now processing file /home/runner/work/key/key/key.core/../key.ui/examples/standard_key/java_dl/jml-assert/assert.key 
641        INFO  main            d.u.i.k.p.i.AbstractProblemLoader Loading environment from /home/runner/work/key/key/key.core/../key.ui/examples/standard_key/java_dl/jml-assert/assert.key 
659        DEBUG main            d.u.i.k.p.i.AbstractProblemLoader Environment load took 2.25ms 
952        INFO  main            d.u.i.k.p.i.AbstractProblemLoader Creating init config 
2115       DEBUG main            d.u.i.k.j.TypeConverter   No LDT found for Meta 
2116       DEBUG main            d.u.i.k.j.TypeConverter   No LDT found for Meta 
2119       DEBUG main            d.u.i.k.j.TypeConverter   No LDT found for Meta 
2120       DEBUG main            d.u.i.k.j.TypeConverter   No LDT found for Meta 
3714       DEBUG main            d.u.i.k.j.TypeConverter   No LDT found for JavaBigintExpression 
10401      DEBUG main            d.u.i.k.p.i.AbstractProblemLoader Init config took 9.45s 
10619      INFO  main            d.u.i.k.p.i.AbstractProblemLoader Replaying proof Assert[Assert::createArray(int)].JML normal_behavior operation contract.0 
10667      DEBUG main            d.u.i.k.p.i.IntermediateProofReplayer Proof replay took 41.5ns 
11841      INFO  main            d.u.i.k.p.r.p.TestFile    ... finished proof: closed. 
11997      INFO  main            d.u.i.k.p.i.AbstractProblemLoader Loading environment from /home/runner/work/key/key/key.core/../key.ui/examples/standard_key/java_dl/jml-assert/assert.key.proof 
11997      DEBUG main            d.u.i.k.p.i.AbstractProblemLoader Environment load took 177ns 
12000      INFO  main            d.u.i.k.p.i.AbstractProblemLoader Creating init config 
15728      DEBUG main            d.u.i.k.p.i.AbstractProblemLoader Init config took 3.73s 
15823      INFO  main            d.u.i.k.p.i.AbstractProblemLoader Replaying proof Assert[Assert::createArray(int)].JML normal_behavior operation contract.0 
15966      DEBUG main            d.u.i.k.p.i.IntermediateProofReplayer Proof replay took 128.07ms 
15976      DEBUG main            d.u.i.k.p.r.p.TestFile    ... success: reloaded. 
15983      INFO  main            d.u.i.k.p.r.p.TestFile    Now processing file /home/runner/work/key/key/key.core/../key.ui/examples/heap/block_loop_contracts/Free/assertions0.key 
15983      INFO  main            d.u.i.k.p.i.AbstractProblemLoader Loading environment from /home/runner/work/key/key/key.core/../key.ui/examples/heap/block_loop_contracts/Free/assertions0.key 
15984      DEBUG main            d.u.i.k.p.i.AbstractProblemLoader Environment load took 511.5ns 
15988      INFO  main            d.u.i.k.p.i.AbstractProblemLoader Creating init config 
19366      DEBUG main            d.u.i.k.p.i.AbstractProblemLoader Init config took 3.38s 
19465      INFO  main            d.u.i.k.p.i.AbstractProblemLoader Replaying proof FreeConditions[FreeConditions::assertions0()].JML normal_behavior operation contract.0 
19471      DEBUG main            d.u.i.k.p.i.IntermediateProofReplayer Proof replay took 13.6ns 
19676      INFO  main            d.u.i.k.p.r.p.TestFile    ... finished proof: closed. 
19823      INFO  main            d.u.i.k.p.i.AbstractProblemLoader Loading environment from /home/runner/work/key/key/key.core/../key.ui/examples/heap/block_loop_contracts/Free/assertions0.key.proof 
19828      DEBUG main            d.u.i.k.p.i.AbstractProblemLoader Environment load took 4.24ms 
19831      INFO  main            d.u.i.k.p.i.AbstractProblemLoader Creating init config 
22844      DEBUG main            d.u.i.k.p.i.AbstractProblemLoader Init config took 3.01s 
22898      INFO  main            d.u.i.k.p.i.AbstractProblemLoader Replaying proof FreeConditions[FreeConditions::assertions0()].JML normal_behavior operation contract.0 
22928      DEBUG main            d.u.i.k.p.i.IntermediateProofReplayer Proof replay took 24.91ms 
22930      DEBUG main            d.u.i.k.p.r.p.TestFile    ... success: reloaded. 
22931      INFO  main            d.u.i.k.p.r.p.TestFile    Now processing file /home/runner/work/key/key/key.core/../key.ui/examples/heap/block_loop_contracts/Free/assertions1.key 
22932      INFO  main            d.u.i.k.p.i.AbstractProblemLoader Loading environment from /home/runner/work/key/key/key.core/../key.ui/examples/heap/block_loop_contracts/Free/assertions1.key 
22933      DEBUG main            d.u.i.k.p.i.AbstractProblemLoader Environment load took 635.6ns 
22934      INFO  main            d.u.i.k.p.i.AbstractProblemLoader Creating init config 
26063      DEBUG main            d.u.i.k.p.i.AbstractProblemLoader Init config took 3.13s 
26134      INFO  main            d.u.i.k.p.i.AbstractProblemLoader Replaying proof FreeConditions[FreeConditions::assertions1()].JML normal_behavior operation contract.0 
26140      DEBUG main            d.u.i.k.p.i.IntermediateProofReplayer Proof replay took 24.2ns 
26242      INFO  main            d.u.i.k.p.r.p.TestFile    ... finished proof: closed. 
26415      INFO  main            d.u.i.k.p.i.AbstractProblemLoader Loading environment from /home/runner/work/key/key/key.core/../key.ui/examples/heap/block_loop_contracts/Free/assertions1.key.proof 
26415      DEBUG main            d.u.i.k.p.i.AbstractProblemLoader Environment load took 162.1ns 
26417      INFO  main            d.u.i.k.p.i.AbstractProblemLoader Creating init config 
29433      DEBUG main            d.u.i.k.p.i.AbstractProblemLoader Init config took 3.02s 
29491      INFO  main            d.u.i.k.p.i.AbstractProblemLoader Replaying proof FreeConditions[FreeConditions::assertions1()].JML normal_behavior operation contract.0 
29502      DEBUG main            d.u.i.k.p.i.IntermediateProofReplayer Proof replay took 7.66ms 
29503      DEBUG main            d.u.i.k.p.r.p.TestFile    ... success: reloaded. 
29505      INFO  main            d.u.i.k.p.r.p.TestFile    Now processing file /home/runner/work/key/key/key.core/../key.ui/examples/standard_key/java_dl/jml-assert/recursion-assert.key 
29505      INFO  main            d.u.i.k.p.i.AbstractProblemLoader Loading environment from /home/runner/work/key/key/key.core/../key.ui/examples/standard_key/java_dl/jml-assert/recursion-assert.key 
29506      DEBUG main            d.u.i.k.p.i.AbstractProblemLoader Environment load took 307.9ns 
29507      INFO  main            d.u.i.k.p.i.AbstractProblemLoader Creating init config 
32999      DEBUG main            d.u.i.k.p.i.AbstractProblemLoader Init config took 3.49s 
33055      INFO  main            d.u.i.k.p.i.AbstractProblemLoader Replaying proof RecursiveMethod[RecursiveMethod::fac1(int)].JML normal_behavior operation contract.0 
33058      DEBUG main            d.u.i.k.p.i.IntermediateProofReplayer Proof replay took 6.2ns 
33262      INFO  main            d.u.i.k.p.r.p.TestFile    ... finished proof: closed. 
33556      INFO  main            d.u.i.k.p.i.AbstractProblemLoader Loading environment from /home/runner/work/key/key/key.core/../key.ui/examples/standard_key/java_dl/jml-assert/recursion-assert.key.proof 
33556      DEBUG main            d.u.i.k.p.i.AbstractProblemLoader Environment load took 139.7ns 
33558      INFO  main            d.u.i.k.p.i.AbstractProblemLoader Creating init config 
36958      DEBUG main            d.u.i.k.p.i.AbstractProblemLoader Init config took 3.4s 
37011      INFO  main            d.u.i.k.p.i.AbstractProblemLoader Replaying proof RecursiveMethod[RecursiveMethod::fac1(int)].JML normal_behavior operation contract.0 
37064      DEBUG main            d.u.i.k.p.i.IntermediateProofReplayer Proof replay took 48.49ms 
37065      DEBUG main            d.u.i.k.p.r.p.TestFile    ... success: reloaded. 
37066      INFO  main            d.u.i.k.p.r.p.TestFile    Now processing file /home/runner/work/key/key/key.core/../key.ui/examples/standard_key/java_dl/jml-assert/recursion-assume.key 
37067      INFO  main            d.u.i.k.p.i.AbstractProblemLoader Loading environment from /home/runner/work/key/key/key.core/../key.ui/examples/standard_key/java_dl/jml-assert/recursion-assume.key 
37067      DEBUG main            d.u.i.k.p.i.AbstractProblemLoader Environment load took 290.4ns 
37068      INFO  main            d.u.i.k.p.i.AbstractProblemLoader Creating init config 
40517      DEBUG main            d.u.i.k.p.i.AbstractProblemLoader Init config took 3.45s 
40569      INFO  main            d.u.i.k.p.i.AbstractProblemLoader Replaying proof RecursiveMethod[RecursiveMethod::fac2(int)].JML normal_behavior operation contract.0 
40571      DEBUG main            d.u.i.k.p.i.IntermediateProofReplayer Proof replay took 7ns 
40775      INFO  main            d.u.i.k.p.r.p.TestFile    ... finished proof: closed. 
40982      INFO  main            d.u.i.k.p.i.AbstractProblemLoader Loading environment from /home/runner/work/key/key/key.core/../key.ui/examples/standard_key/java_dl/jml-assert/recursion-assume.key.proof 
40983      DEBUG main            d.u.i.k.p.i.AbstractProblemLoader Environment load took 535.2ns 
40984      INFO  main            d.u.i.k.p.i.AbstractProblemLoader Creating init config 
44271      DEBUG main            d.u.i.k.p.i.AbstractProblemLoader Init config took 3.29s 
44324      INFO  main            d.u.i.k.p.i.AbstractProblemLoader Replaying proof RecursiveMethod[RecursiveMethod::fac2(int)].JML normal_behavior operation contract.0 
44372      DEBUG main            d.u.i.k.p.i.IntermediateProofReplayer Proof replay took 43.6ms 
44374      DEBUG main            d.u.i.k.p.r.p.TestFile    ... success: reloaded. 
44375      INFO  main            d.u.i.k.p.r.p.TestFile    Now processing file /home/runner/work/key/key/key.core/../key.ui/examples/standard_key/java_dl/jml-assert/quantor-assert.key 
44376      INFO  main            d.u.i.k.p.i.AbstractProblemLoader Loading environment from /home/runner/work/key/key/key.core/../key.ui/examples/standard_key/java_dl/jml-assert/quantor-assert.key 
44376      DEBUG main            d.u.i.k.p.i.AbstractProblemLoader Environment load took 301.7ns 
44377      INFO  main            d.u.i.k.p.i.AbstractProblemLoader Creating init config 
47918      DEBUG main            d.u.i.k.p.i.AbstractProblemLoader Init config took 3.54s 
47978      INFO  main            d.u.i.k.p.i.AbstractProblemLoader Replaying proof Quantor[Quantor::square1(int)].JML normal_behavior operation contract.0 
47979      DEBUG main            d.u.i.k.p.i.IntermediateProofReplayer Proof replay took 6.9ns 
48082      INFO  main            d.u.i.k.p.r.p.TestFile    ... finished proof: closed. 
48289      INFO  main            d.u.i.k.p.i.AbstractProblemLoader Loading environment from /home/runner/work/key/key/key.core/../key.ui/examples/standard_key/java_dl/jml-assert/quantor-assert.key.proof 
48289      DEBUG main            d.u.i.k.p.i.AbstractProblemLoader Environment load took 146.3ns 
48291      INFO  main            d.u.i.k.p.i.AbstractProblemLoader Creating init config 
51536      DEBUG main            d.u.i.k.p.i.AbstractProblemLoader Init config took 3.25s 
51597      INFO  main            d.u.i.k.p.i.AbstractProblemLoader Replaying proof Quantor[Quantor::square1(int)].JML normal_behavior operation contract.0 
51619      DEBUG main            d.u.i.k.p.i.IntermediateProofReplayer Proof replay took 19.15ms 
51621      DEBUG main            d.u.i.k.p.r.p.TestFile    ... success: reloaded. 
51622      INFO  main            d.u.i.k.p.r.p.TestFile    Now processing file /home/runner/work/key/key/key.core/../key.ui/examples/standard_key/java_dl/jml-assert/quantor-assume.key 
51623      INFO  main            d.u.i.k.p.i.AbstractProblemLoader Loading environment from /home/runner/work/key/key/key.core/../key.ui/examples/standard_key/java_dl/jml-assert/quantor-assume.key 
51623      DEBUG main            d.u.i.k.p.i.AbstractProblemLoader Environment load took 247.6ns 
51624      INFO  main            d.u.i.k.p.i.AbstractProblemLoader Creating init config 
54998      DEBUG main            d.u.i.k.p.i.AbstractProblemLoader Init config took 3.37s 
55049      INFO  main            d.u.i.k.p.i.AbstractProblemLoader Replaying proof Quantor[Quantor::square2(int)].JML normal_behavior operation contract.0 
55051      DEBUG main            d.u.i.k.p.i.IntermediateProofReplayer Proof replay took 8.2ns 
55157      INFO  main            d.u.i.k.p.r.p.TestFile    ... finished proof: closed. 
55382      INFO  main            d.u.i.k.p.i.AbstractProblemLoader Loading environment from /home/runner/work/key/key/key.core/../key.ui/examples/standard_key/java_dl/jml-assert/quantor-assume.key.proof 
55382      DEBUG main            d.u.i.k.p.i.AbstractProblemLoader Environment load took 135.7ns 
55384      INFO  main            d.u.i.k.p.i.AbstractProblemLoader Creating init config 
58688      DEBUG main            d.u.i.k.p.i.AbstractProblemLoader Init config took 3.3s 
58736      INFO  main            d.u.i.k.p.i.AbstractProblemLoader Replaying proof Quantor[Quantor::square2(int)].JML normal_behavior operation contract.0 
58756      DEBUG main            d.u.i.k.p.i.IntermediateProofReplayer Proof replay took 15.9ms 
58757      DEBUG main            d.u.i.k.p.r.p.TestFile    ... success: reloaded. 
58758      INFO  main            d.u.i.k.p.r.p.TestFile    Now processing file /home/runner/work/key/key/key.core/../key.ui/examples/standard_key/java_dl/jml-assert/model-methods-static-static.key 
58759      INFO  main            d.u.i.k.p.i.AbstractProblemLoader Loading environment from /home/runner/work/key/key/key.core/../key.ui/examples/standard_key/java_dl/jml-assert/model-methods-static-static.key 
58759      DEBUG main            d.u.i.k.p.i.AbstractProblemLoader Environment load took 282.3ns 
58760      INFO  main            d.u.i.k.p.i.AbstractProblemLoader Creating init config 
62010      DEBUG main            d.u.i.k.p.i.AbstractProblemLoader Init config took 3.25s 
62057      INFO  main            d.u.i.k.p.i.AbstractProblemLoader Replaying proof ModelMethods[ModelMethods::test1()].JML normal_behavior operation contract.0 
62059      DEBUG main            d.u.i.k.p.i.IntermediateProofReplayer Proof replay took 7.2ns 
62165      INFO  main            d.u.i.k.p.r.p.TestFile    ... finished proof: closed. 
62405      INFO  main            d.u.i.k.p.i.AbstractProblemLoader Loading environment from /home/runner/work/key/key/key.core/../key.ui/examples/standard_key/java_dl/jml-assert/model-methods-static-static.key.proof 
62405      DEBUG main            d.u.i.k.p.i.AbstractProblemLoader Environment load took 165.9ns 
62406      INFO  main            d.u.i.k.p.i.AbstractProblemLoader Creating init config 
65527      DEBUG main            d.u.i.k.p.i.AbstractProblemLoader Init config took 3.12s 
65576      INFO  main            d.u.i.k.p.i.AbstractProblemLoader Replaying proof ModelMethods[ModelMethods::test1()].JML normal_behavior operation contract.0 
65590      DEBUG main            d.u.i.k.p.i.IntermediateProofReplayer Proof replay took 9.14ms 
65592      DEBUG main            d.u.i.k.p.r.p.TestFile    ... success: reloaded. 
65594      INFO  main            d.u.i.k.p.r.p.TestFile    Now processing file /home/runner/work/key/key/key.core/../key.ui/examples/standard_key/java_dl/jml-assert/model-methods-instance-static.key 
65597      INFO  main            d.u.i.k.p.i.AbstractProblemLoader Loading environment from /home/runner/work/key/key/key.core/../key.ui/examples/standard_key/java_dl/jml-assert/model-methods-instance-static.key 
65597      DEBUG main            d.u.i.k.p.i.AbstractProblemLoader Environment load took 395.2ns 
65599      INFO  main            d.u.i.k.p.i.AbstractProblemLoader Creating init config 
68660      DEBUG main            d.u.i.k.p.i.AbstractProblemLoader Init config took 3.06s 
68699      INFO  main            d.u.i.k.p.i.AbstractProblemLoader Replaying proof ModelMethods[ModelMethods::test2()].JML normal_behavior operation contract.0 
68701      DEBUG main            d.u.i.k.p.i.IntermediateProofReplayer Proof replay took 6.5ns 
68803      INFO  main            d.u.i.k.p.r.p.TestFile    ... finished proof: closed. 
69063      INFO  main            d.u.i.k.p.i.AbstractProblemLoader Loading environment from /home/runner/work/key/key/key.core/../key.ui/examples/standard_key/java_dl/jml-assert/model-methods-instance-static.key.proof 
69063      DEBUG main            d.u.i.k.p.i.AbstractProblemLoader Environment load took 163ns 
69064      INFO  main            d.u.i.k.p.i.AbstractProblemLoader Creating init config 
72274      DEBUG main            d.u.i.k.p.i.AbstractProblemLoader Init config took 3.21s 
72344      INFO  main            d.u.i.k.p.i.AbstractProblemLoader Replaying proof ModelMethods[ModelMethods::test2()].JML normal_behavior operation contract.0 
72358      DEBUG main            d.u.i.k.p.i.IntermediateProofReplayer Proof replay took 11.89ms 
72360      DEBUG main            d.u.i.k.p.r.p.TestFile    ... success: reloaded. 
72361      INFO  main            d.u.i.k.p.r.p.TestFile    Now processing file /home/runner/work/key/key/key.core/../key.ui/examples/standard_key/java_dl/jml-assert/model-methods-instance-instance.key 
72361      INFO  main            d.u.i.k.p.i.AbstractProblemLoader Loading environment from /home/runner/work/key/key/key.core/../key.ui/examples/standard_key/java_dl/jml-assert/model-methods-instance-instance.key 
72362      DEBUG main            d.u.i.k.p.i.AbstractProblemLoader Environment load took 264.1ns 
72363      INFO  main            d.u.i.k.p.i.AbstractProblemLoader Creating init config 
75544      DEBUG main            d.u.i.k.p.i.AbstractProblemLoader Init config took 3.18s 
75605      INFO  main            d.u.i.k.p.i.AbstractProblemLoader Replaying proof ModelMethods[ModelMethods::test3()].JML normal_behavior operation contract.0 
75607      DEBUG main            d.u.i.k.p.i.IntermediateProofReplayer Proof replay took 6.5ns 
75709      INFO  main            d.u.i.k.p.r.p.TestFile    ... finished proof: closed. 
75948      INFO  main            d.u.i.k.p.i.AbstractProblemLoader Loading environment from /home/runner/work/key/key/key.core/../key.ui/examples/standard_key/java_dl/jml-assert/model-methods-instance-instance.key.proof 
75948      DEBUG main            d.u.i.k.p.i.AbstractProblemLoader Environment load took 116.3ns 
75949      INFO  main            d.u.i.k.p.i.AbstractProblemLoader Creating init config 
78987      DEBUG main            d.u.i.k.p.i.AbstractProblemLoader Init config took 3.04s 
79027      INFO  main            d.u.i.k.p.i.AbstractProblemLoader Replaying proof ModelMethods[ModelMethods::test3()].JML normal_behavior operation contract.0 
79041      DEBUG main            d.u.i.k.p.i.IntermediateProofReplayer Proof replay took 11.24ms 
79042      DEBUG main            d.u.i.k.p.r.p.TestFile    ... success: reloaded. 
79043      INFO  main            d.u.i.k.p.r.p.TestFile    Now processing file /home/runner/work/key/key/key.core/../key.ui/examples/standard_key/java_dl/jml-assert/model-methods-static-instance.key 
79043      INFO  main            d.u.i.k.p.i.AbstractProblemLoader Loading environment from /home/runner/work/key/key/key.core/../key.ui/examples/standard_key/java_dl/jml-assert/model-methods-static-instance.key 
79044      DEBUG main            d.u.i.k.p.i.AbstractProblemLoader Environment load took 272.8ns 
79045      INFO  main            d.u.i.k.p.i.AbstractProblemLoader Creating init config 
82141      DEBUG main            d.u.i.k.p.i.AbstractProblemLoader Init config took 3.1s 
82181      INFO  main            d.u.i.k.p.i.AbstractProblemLoader Replaying proof ModelMethods[ModelMethods::test4()].JML normal_behavior operation contract.0 
82183      DEBUG main            d.u.i.k.p.i.IntermediateProofReplayer Proof replay took 5.9ns 
82385      INFO  main            d.u.i.k.p.r.p.TestFile    ... finished proof: closed. 
82679      INFO  main            d.u.i.k.p.i.AbstractProblemLoader Loading environment from /home/runner/work/key/key/key.core/../key.ui/examples/standard_key/java_dl/jml-assert/model-methods-static-instance.key.proof 
82680      DEBUG main            d.u.i.k.p.i.AbstractProblemLoader Environment load took 1.15ms 
82682      INFO  main            d.u.i.k.p.i.AbstractProblemLoader Creating init config 
85755      DEBUG main            d.u.i.k.p.i.AbstractProblemLoader Init config took 3.07s 
85805      INFO  main            d.u.i.k.p.i.AbstractProblemLoader Replaying proof ModelMethods[ModelMethods::test4()].JML normal_behavior operation contract.0 
85843      DEBUG main            d.u.i.k.p.i.IntermediateProofReplayer Proof replay took 34.87ms 
85844      DEBUG main            d.u.i.k.p.r.p.TestFile    ... success: reloaded. 
85845      INFO  main            d.u.i.k.p.r.p.TestFile    Now processing file /home/runner/work/key/key/key.core/../key.ui/examples/standard_key/java_dl/jml-assert/assert-old/inc-field.key 
85846      INFO  main            d.u.i.k.p.i.AbstractProblemLoader Loading environment from /home/runner/work/key/key/key.core/../key.ui/examples/standard_key/java_dl/jml-assert/assert-old/inc-field.key 
85846      DEBUG main            d.u.i.k.p.i.AbstractProblemLoader Environment load took 259.2ns 
85847      INFO  main            d.u.i.k.p.i.AbstractProblemLoader Creating init config 
88834      DEBUG main            d.u.i.k.p.i.AbstractProblemLoader Init config took 2.99s 
88874      INFO  main            d.u.i.k.p.i.AbstractProblemLoader Replaying proof Inc[Inc::inc_field()].JML normal_behavior operation contract.0 
88875      DEBUG main            d.u.i.k.p.i.IntermediateProofReplayer Proof replay took 7.2ns 
89077      INFO  main            d.u.i.k.p.r.p.TestFile    ... finished proof: closed. 
89316      INFO  main            d.u.i.k.p.i.AbstractProblemLoader Loading environment from /home/runner/work/key/key/key.core/../key.ui/examples/standard_key/java_dl/jml-assert/assert-old/inc-field.key.proof 
89317      DEBUG main            d.u.i.k.p.i.AbstractProblemLoader Environment load took 124.6ns 
89318      INFO  main            d.u.i.k.p.i.AbstractProblemLoader Creating init config 
92233      DEBUG main            d.u.i.k.p.i.AbstractProblemLoader Init config took 2.91s 
92282      INFO  main            d.u.i.k.p.i.AbstractProblemLoader Replaying proof Inc[Inc::inc_field()].JML normal_behavior operation contract.0 
92321      DEBUG main            d.u.i.k.p.i.IntermediateProofReplayer Proof replay took 34.95ms 
92322      DEBUG main            d.u.i.k.p.r.p.TestFile    ... success: reloaded. 
92322      INFO  main            d.u.i.k.p.r.p.TestFile    Now processing file /home/runner/work/key/key/key.core/../key.ui/examples/standard_key/java_dl/jml-assert/assert-old/inc-parameter.key 
92323      INFO  main            d.u.i.k.p.i.AbstractProblemLoader Loading environment from /home/runner/work/key/key/key.core/../key.ui/examples/standard_key/java_dl/jml-assert/assert-old/inc-parameter.key 
92323      DEBUG main            d.u.i.k.p.i.AbstractProblemLoader Environment load took 116ns 
92324      INFO  main            d.u.i.k.p.i.AbstractProblemLoader Creating init config 
95197      DEBUG main            d.u.i.k.p.i.AbstractProblemLoader Init config took 2.87s 
95233      INFO  main            d.u.i.k.p.i.AbstractProblemLoader Replaying proof Inc[Inc::inc_parameter(int)].JML normal_behavior operation contract.0 
95234      DEBUG main            d.u.i.k.p.i.IntermediateProofReplayer Proof replay took 5.8ns 
95336      INFO  main            d.u.i.k.p.r.p.TestFile    ... finished proof: closed. 
95577      INFO  main            d.u.i.k.p.i.AbstractProblemLoader Loading environment from /home/runner/work/key/key/key.core/../key.ui/examples/standard_key/java_dl/jml-assert/assert-old/inc-parameter.key.proof 
95577      DEBUG main            d.u.i.k.p.i.AbstractProblemLoader Environment load took 110.1ns 
95578      INFO  main            d.u.i.k.p.i.AbstractProblemLoader Creating init config 
98353      DEBUG main            d.u.i.k.p.i.AbstractProblemLoader Init config took 2.78s 
98393      INFO  main            d.u.i.k.p.i.AbstractProblemLoader Replaying proof Inc[Inc::inc_parameter(int)].JML normal_behavior operation contract.0 
98410      DEBUG main            d.u.i.k.p.i.IntermediateProofReplayer Proof replay took 15.11ms 
98411      DEBUG main            d.u.i.k.p.r.p.TestFile    ... success: reloaded. 
98412      INFO  main            d.u.i.k.p.r.p.TestFile    Now processing file /home/runner/work/key/key/key.core/../key.ui/examples/standard_key/java_dl/jml-assert/assert-old/inc-parameter-field.key 
98412      INFO  main            d.u.i.k.p.i.AbstractProblemLoader Loading environment from /home/runner/work/key/key/key.core/../key.ui/examples/standard_key/java_dl/jml-assert/assert-old/inc-parameter-field.key 
98412      DEBUG main            d.u.i.k.p.i.AbstractProblemLoader Environment load took 120.8ns 
98413      INFO  main            d.u.i.k.p.i.AbstractProblemLoader Creating init config 
101290     DEBUG main            d.u.i.k.p.i.AbstractProblemLoader Init config took 2.88s 
101326     INFO  main            d.u.i.k.p.i.AbstractProblemLoader Replaying proof Inc[Inc::inc_parameter_field(Inc)].JML normal_behavior operation contract.0 
101327     DEBUG main            d.u.i.k.p.i.IntermediateProofReplayer Proof replay took 6.6ns 
101530     INFO  main            d.u.i.k.p.r.p.TestFile    ... finished proof: closed. 
101782     INFO  main            d.u.i.k.p.i.AbstractProblemLoader Loading environment from /home/runner/work/key/key/key.core/../key.ui/examples/standard_key/java_dl/jml-assert/assert-old/inc-parameter-field.key.proof 
101783     DEBUG main            d.u.i.k.p.i.AbstractProblemLoader Environment load took 831.5ns 
101784     INFO  main            d.u.i.k.p.i.AbstractProblemLoader Creating init config 
104574     DEBUG main            d.u.i.k.p.i.AbstractProblemLoader Init config took 2.79s 
104609     INFO  main            d.u.i.k.p.i.AbstractProblemLoader Replaying proof Inc[Inc::inc_parameter_field(Inc)].JML normal_behavior operation contract.0 
104644     DEBUG main            d.u.i.k.p.i.IntermediateProofReplayer Proof replay took 32.01ms 
104645     DEBUG main            d.u.i.k.p.r.p.TestFile    ... success: reloaded. 
104646     INFO  main            d.u.i.k.p.r.p.TestFile    Now processing file /home/runner/work/key/key/key.core/../key.ui/examples/standard_key/java_dl/jml-assert/assert-old/inc-ghost-field.key 
104646     INFO  main            d.u.i.k.p.i.AbstractProblemLoader Loading environment from /home/runner/work/key/key/key.core/../key.ui/examples/standard_key/java_dl/jml-assert/assert-old/inc-ghost-field.key 
104646     DEBUG main            d.u.i.k.p.i.AbstractProblemLoader Environment load took 98.6ns 
104647     INFO  main            d.u.i.k.p.i.AbstractProblemLoader Creating init config 
107611     DEBUG main            d.u.i.k.p.i.AbstractProblemLoader Init config took 2.96s 
107675     INFO  main            d.u.i.k.p.i.AbstractProblemLoader Replaying proof Inc[Inc::inc_ghost_field()].JML normal_behavior operation contract.0 
107676     DEBUG main            d.u.i.k.p.i.IntermediateProofReplayer Proof replay took 6.5ns 
107881     INFO  main            d.u.i.k.p.r.p.TestFile    ... finished proof: closed. 
108145     INFO  main            d.u.i.k.p.i.AbstractProblemLoader Loading environment from /home/runner/work/key/key/key.core/../key.ui/examples/standard_key/java_dl/jml-assert/assert-old/inc-ghost-field.key.proof 
108145     DEBUG main            d.u.i.k.p.i.AbstractProblemLoader Environment load took 110.4ns 
108146     INFO  main            d.u.i.k.p.i.AbstractProblemLoader Creating init config 
110862     DEBUG main            d.u.i.k.p.i.AbstractProblemLoader Init config took 2.72s 
110897     INFO  main            d.u.i.k.p.i.AbstractProblemLoader Replaying proof Inc[Inc::inc_ghost_field()].JML normal_behavior operation contract.0 
110925     DEBUG main            d.u.i.k.p.i.IntermediateProofReplayer Proof replay took 26.23ms 
110926     DEBUG main            d.u.i.k.p.r.p.TestFile    ... success: reloaded. 
873843     INFO  Test worker     d.u.i.k.p.r.p.StatisticsFile Returning from test jmlAsserts 
873848     INFO  Test worker     d.u.i.k.p.r.p.StatisticsFile Running test javaCard 
407        INFO  Timeout watchdog d.u.i.k.p.r.p.ForkedTestFileRunner Timeout watcher launched (2000 secs.) 
407        WARN  main            d.u.i.k.s.ProofSettings   The settings in /home/runner/.key/proof-settings.props are *not* read. 
439        INFO  main            d.u.i.k.p.r.p.TestFile    Now processing file /home/runner/work/key/key/key.core/../key.ui/examples/heap/javacard/updateBalance0.key 
553        INFO  main            d.u.i.k.p.i.AbstractProblemLoader Loading environment from /home/runner/work/key/key/key.core/../key.ui/examples/heap/javacard/updateBalance0.key 
572        DEBUG main            d.u.i.k.p.i.AbstractProblemLoader Environment load took 2.38ms 
835        INFO  main            d.u.i.k.p.i.AbstractProblemLoader Creating init config 
1917       DEBUG main            d.u.i.k.j.TypeConverter   No LDT found for Meta 
1918       DEBUG main            d.u.i.k.j.TypeConverter   No LDT found for Meta 
1921       DEBUG main            d.u.i.k.j.TypeConverter   No LDT found for Meta 
1923       DEBUG main            d.u.i.k.j.TypeConverter   No LDT found for Meta 
3558       DEBUG main            d.u.i.k.j.TypeConverter   No LDT found for JavaBigintExpression 
7535       DEBUG main            d.u.i.k.p.i.AbstractProblemLoader Init config took 6.7s 
7708       INFO  main            d.u.i.k.p.i.AbstractProblemLoader Replaying proof Examples[Examples::updateBalance(short)].JML normal_behavior operation contract.0 
7757       DEBUG main            d.u.i.k.p.i.IntermediateProofReplayer Proof replay took 31.6ns 
9485       INFO  main            d.u.i.k.p.r.p.TestFile    ... finished proof: closed. 
9620       INFO  main            d.u.i.k.p.i.AbstractProblemLoader Loading environment from /home/runner/work/key/key/key.core/../key.ui/examples/heap/javacard/updateBalance0.key.proof 
9621       DEBUG main            d.u.i.k.p.i.AbstractProblemLoader Environment load took 763ns 
9624       INFO  main            d.u.i.k.p.i.AbstractProblemLoader Creating init config 
11620      DEBUG main            d.u.i.k.p.i.AbstractProblemLoader Init config took 2s 
11700      INFO  main            d.u.i.k.p.i.AbstractProblemLoader Replaying proof Examples[Examples::updateBalance(short)].JML normal_behavior operation contract.0 
11911      DEBUG main            d.u.i.k.p.i.IntermediateProofReplayer Proof replay took 201.06ms 
11922      DEBUG main            d.u.i.k.p.r.p.TestFile    ... success: reloaded. 
11931      INFO  main            d.u.i.k.p.r.p.TestFile    Now processing file /home/runner/work/key/key/key.core/../key.ui/examples/heap/javacard/updateBalance1.key 
11935      INFO  main            d.u.i.k.p.i.AbstractProblemLoader Loading environment from /home/runner/work/key/key/key.core/../key.ui/examples/heap/javacard/updateBalance1.key 
11935      DEBUG main            d.u.i.k.p.i.AbstractProblemLoader Environment load took 312.9ns 
11939      INFO  main            d.u.i.k.p.i.AbstractProblemLoader Creating init config 
13847      DEBUG main            d.u.i.k.p.i.AbstractProblemLoader Init config took 1.91s 
13910      INFO  main            d.u.i.k.p.i.AbstractProblemLoader Replaying proof Examples[Examples::updateBalance(short)].JML normal_behavior operation contract.1 
13914      DEBUG main            d.u.i.k.p.i.IntermediateProofReplayer Proof replay took 6.1ns 
14520      INFO  main            d.u.i.k.p.r.p.TestFile    ... finished proof: closed. 
14659      INFO  main            d.u.i.k.p.i.AbstractProblemLoader Loading environment from /home/runner/work/key/key/key.core/../key.ui/examples/heap/javacard/updateBalance1.key.proof 
14660      DEBUG main            d.u.i.k.p.i.AbstractProblemLoader Environment load took 612.6ns 
14662      INFO  main            d.u.i.k.p.i.AbstractProblemLoader Creating init config 
16513      DEBUG main            d.u.i.k.p.i.AbstractProblemLoader Init config took 1.85s 
16572      INFO  main            d.u.i.k.p.i.AbstractProblemLoader Replaying proof Examples[Examples::updateBalance(short)].JML normal_behavior operation contract.1 
16702      DEBUG main            d.u.i.k.p.i.IntermediateProofReplayer Proof replay took 124.14ms 
16705      DEBUG main            d.u.i.k.p.r.p.TestFile    ... success: reloaded. 
16708      INFO  main            d.u.i.k.p.r.p.TestFile    Now processing file /home/runner/work/key/key/key.core/../key.ui/examples/heap/javacard/setArray1.key 
16708      INFO  main            d.u.i.k.p.i.AbstractProblemLoader Loading environment from /home/runner/work/key/key/key.core/../key.ui/examples/heap/javacard/setArray1.key 
16709      DEBUG main            d.u.i.k.p.i.AbstractProblemLoader Environment load took 301.5ns 
16710      INFO  main            d.u.i.k.p.i.AbstractProblemLoader Creating init config 
18790      DEBUG main            d.u.i.k.p.i.AbstractProblemLoader Init config took 2.08s 
18850      INFO  main            d.u.i.k.p.i.AbstractProblemLoader Replaying proof Examples[Examples::setArray1([B)].JML normal_behavior operation contract.0 
18854      DEBUG main            d.u.i.k.p.i.IntermediateProofReplayer Proof replay took 6.1ns 
20161      INFO  main            d.u.i.k.p.r.p.TestFile    ... finished proof: closed. 
20298      INFO  main            d.u.i.k.p.i.AbstractProblemLoader Loading environment from /home/runner/work/key/key/key.core/../key.ui/examples/heap/javacard/setArray1.key.proof 
20303      DEBUG main            d.u.i.k.p.i.AbstractProblemLoader Environment load took 5.12ms 
20305      INFO  main            d.u.i.k.p.i.AbstractProblemLoader Creating init config 
22274      DEBUG main            d.u.i.k.p.i.AbstractProblemLoader Init config took 1.97s 
22324      INFO  main            d.u.i.k.p.i.AbstractProblemLoader Replaying proof Examples[Examples::setArray1([B)].JML normal_behavior operation contract.0 
22540      DEBUG main            d.u.i.k.p.i.IntermediateProofReplayer Proof replay took 209.78ms 
22542      DEBUG main            d.u.i.k.p.r.p.TestFile    ... success: reloaded. 
22545      INFO  main            d.u.i.k.p.r.p.TestFile    Now processing file /home/runner/work/key/key/key.core/../key.ui/examples/heap/javacard/setArray2.key 
22546      INFO  main            d.u.i.k.p.i.AbstractProblemLoader Loading environment from /home/runner/work/key/key/key.core/../key.ui/examples/heap/javacard/setArray2.key 
22546      DEBUG main            d.u.i.k.p.i.AbstractProblemLoader Environment load took 287.7ns 
22548      INFO  main            d.u.i.k.p.i.AbstractProblemLoader Creating init config 
24357      DEBUG main            d.u.i.k.p.i.AbstractProblemLoader Init config took 1.81s 
24409      INFO  main            d.u.i.k.p.i.AbstractProblemLoader Replaying proof Examples[Examples::setArray2([B)].JML normal_behavior operation contract.0 
24412      DEBUG main            d.u.i.k.p.i.IntermediateProofReplayer Proof replay took 5.7ns 
25644      INFO  main            d.u.i.k.p.r.p.TestFile    ... finished proof: closed. 
25817      INFO  main            d.u.i.k.p.i.AbstractProblemLoader Loading environment from /home/runner/work/key/key/key.core/../key.ui/examples/heap/javacard/setArray2.key.proof 
25817      DEBUG main            d.u.i.k.p.i.AbstractProblemLoader Environment load took 159.3ns 
25820      INFO  main            d.u.i.k.p.i.AbstractProblemLoader Creating init config 
27629      DEBUG main            d.u.i.k.p.i.AbstractProblemLoader Init config took 1.81s 
27687      INFO  main            d.u.i.k.p.i.AbstractProblemLoader Replaying proof Examples[Examples::setArray2([B)].JML normal_behavior operation contract.0 
27894      DEBUG main            d.u.i.k.p.i.IntermediateProofReplayer Proof replay took 200.71ms 
27897      DEBUG main            d.u.i.k.p.r.p.TestFile    ... success: reloaded. 
27900      INFO  main            d.u.i.k.p.r.p.TestFile    Now processing file /home/runner/work/key/key/key.core/../key.ui/examples/heap/javacard/arrayFillNonAtomic.key 
27900      INFO  main            d.u.i.k.p.i.AbstractProblemLoader Loading environment from /home/runner/work/key/key/key.core/../key.ui/examples/heap/javacard/arrayFillNonAtomic.key 
27900      DEBUG main            d.u.i.k.p.i.AbstractProblemLoader Environment load took 290.8ns 
27902      INFO  main            d.u.i.k.p.i.AbstractProblemLoader Creating init config 
29708      DEBUG main            d.u.i.k.p.i.AbstractProblemLoader Init config took 1.81s 
29784      INFO  main            d.u.i.k.p.i.AbstractProblemLoader Replaying proof javacard.framework.Util[javacard.framework.Util::arrayFillNonAtomic([B,short,short,byte)].JML behavior operation contract.0.transaction_inactive 
29786      DEBUG main            d.u.i.k.p.i.IntermediateProofReplayer Proof replay took 5.9ns 
30704      DEBUG Thread-13       d.u.i.k.l.o.ProgramSV     Match failed: Former match of  SchemaVariable incompatible with  the current match. 
30705      DEBUG Thread-13       d.u.i.k.l.o.ProgramSV     Match failed: Former match of  SchemaVariable incompatible with  the current match. 
32260      DEBUG Thread-13       d.u.i.k.l.o.ProgramSV     Match failed: Former match of  SchemaVariable incompatible with  the current match. 
32260      DEBUG Thread-13       d.u.i.k.l.o.ProgramSV     Match failed: Former match of  SchemaVariable incompatible with  the current match. 
33956      INFO  main            d.u.i.k.p.r.p.TestFile    ... finished proof: closed. 
34157      INFO  main            d.u.i.k.p.i.AbstractProblemLoader Loading environment from /home/runner/work/key/key/key.core/../key.ui/examples/heap/javacard/arrayFillNonAtomic.key.proof 
34157      DEBUG main            d.u.i.k.p.i.AbstractProblemLoader Environment load took 244.1ns 
34159      INFO  main            d.u.i.k.p.i.AbstractProblemLoader Creating init config 
35852      DEBUG main            d.u.i.k.p.i.AbstractProblemLoader Init config took 1.69s 
35911      INFO  main            d.u.i.k.p.i.AbstractProblemLoader Replaying proof javacard.framework.Util[javacard.framework.Util::arrayFillNonAtomic([B,short,short,byte)].JML behavior operation contract.0.transaction_inactive 
36677      DEBUG main            d.u.i.k.p.i.IntermediateProofReplayer Proof replay took 746.4ms 
36679      DEBUG main            d.u.i.k.p.r.p.TestFile    ... success: reloaded. 
36680      INFO  main            d.u.i.k.p.r.p.TestFile    Now processing file /home/runner/work/key/key/key.core/../key.ui/examples/heap/coincidence_count/project.key 
36681      INFO  main            d.u.i.k.p.i.AbstractProblemLoader Loading environment from /home/runner/work/key/key/key.core/../key.ui/examples/heap/coincidence_count/project.key 
36681      DEBUG main            d.u.i.k.p.i.AbstractProblemLoader Environment load took 310.1ns 
36683      INFO  main            d.u.i.k.p.i.AbstractProblemLoader Creating init config 
40507      DEBUG main            d.u.i.k.p.i.AbstractProblemLoader Init config took 3.82s 
40583      INFO  main            d.u.i.k.p.i.AbstractProblemLoader Replaying proof CC[CC::calcCoinIndex([I,[I)].JML normal_behavior operation contract.0 
40590      DEBUG main            d.u.i.k.p.i.IntermediateProofReplayer Proof replay took 6.7ns 
62070      INFO  main            d.u.i.k.p.r.p.TestFile    ... finished proof: closed. 
62424      INFO  main            d.u.i.k.p.i.AbstractProblemLoader Loading environment from /home/runner/work/key/key/key.core/../key.ui/examples/heap/coincidence_count/project.key.proof 
62425      DEBUG main            d.u.i.k.p.i.AbstractProblemLoader Environment load took 613.4ns 
62429      INFO  main            d.u.i.k.p.i.AbstractProblemLoader Creating init config 
65623      DEBUG main            d.u.i.k.p.i.AbstractProblemLoader Init config took 3.19s 
65675      INFO  main            d.u.i.k.p.i.AbstractProblemLoader Replaying proof CC[CC::calcCoinIndex([I,[I)].JML normal_behavior operation contract.0 
66650      DEBUG main            d.u.i.k.p.i.IntermediateProofReplayer Proof replay took 898.86ms 
66654      DEBUG main            d.u.i.k.p.r.p.TestFile    ... success: reloaded. 
66656      INFO  main            d.u.i.k.p.r.p.TestFile    Now processing file /home/runner/work/key/key/key.core/../key.ui/examples/heap/verifyThis11_1_Maximum/project.key 
66656      INFO  main            d.u.i.k.p.i.AbstractProblemLoader Loading environment from /home/runner/work/key/key/key.core/../key.ui/examples/heap/verifyThis11_1_Maximum/project.key 
66659      DEBUG main            d.u.i.k.p.i.AbstractProblemLoader Environment load took 2.59ms 
66661      INFO  main            d.u.i.k.p.i.AbstractProblemLoader Creating init config 
69999      DEBUG main            d.u.i.k.p.i.AbstractProblemLoader Init config took 3.34s 
70047      INFO  main            d.u.i.k.p.i.AbstractProblemLoader Replaying proof Maximum[Maximum::maxIndex([I)].JML normal_behavior operation contract.0 
70048      DEBUG main            d.u.i.k.p.i.IntermediateProofReplayer Proof replay took 7ns 
71154      INFO  main            d.u.i.k.p.r.p.TestFile    ... finished proof: closed. 
71509      INFO  main            d.u.i.k.p.i.AbstractProblemLoader Loading environment from /home/runner/work/key/key/key.core/../key.ui/examples/heap/verifyThis11_1_Maximum/project.key.proof 
71510      DEBUG main            d.u.i.k.p.i.AbstractProblemLoader Environment load took 792ns 
71512      INFO  main            d.u.i.k.p.i.AbstractProblemLoader Creating init config 
74616      DEBUG main            d.u.i.k.p.i.AbstractProblemLoader Init config took 3.1s 
74666      INFO  main            d.u.i.k.p.i.AbstractProblemLoader Replaying proof Maximum[Maximum::maxIndex([I)].JML normal_behavior operation contract.0 
74851      DEBUG main            d.u.i.k.p.i.IntermediateProofReplayer Proof replay took 176.71ms 
74852      DEBUG main            d.u.i.k.p.r.p.TestFile    ... success: reloaded. 
74853      INFO  main            d.u.i.k.p.r.p.TestFile    Now processing file /home/runner/work/key/key/key.core/../key.ui/examples/heap/fm12_01_LRS/lcp.key 
74854      INFO  main            d.u.i.k.p.i.AbstractProblemLoader Loading environment from /home/runner/work/key/key/key.core/../key.ui/examples/heap/fm12_01_LRS/lcp.key 
74854      DEBUG main            d.u.i.k.p.i.AbstractProblemLoader Environment load took 268.7ns 
74855      INFO  main            d.u.i.k.p.i.AbstractProblemLoader Creating init config 
78808      DEBUG main            d.u.i.k.p.i.AbstractProblemLoader Init config took 3.95s 
78879      INFO  main            d.u.i.k.p.i.AbstractProblemLoader Replaying proof LCP[LCP::lcp([I,int,int)].JML normal_behavior operation contract.0 
78882      DEBUG main            d.u.i.k.p.i.IntermediateProofReplayer Proof replay took 6.8ns 
80012      INFO  main            d.u.i.k.p.r.p.TestFile    ... finished proof: closed. 
80320      INFO  main            d.u.i.k.p.i.AbstractProblemLoader Loading environment from /home/runner/work/key/key/key.core/../key.ui/examples/heap/fm12_01_LRS/lcp.key.proof 
80321      DEBUG main            d.u.i.k.p.i.AbstractProblemLoader Environment load took 601.3ns 
80322      INFO  main            d.u.i.k.p.i.AbstractProblemLoader Creating init config 
84053      DEBUG main            d.u.i.k.p.i.AbstractProblemLoader Init config took 3.73s 
84156      INFO  main            d.u.i.k.p.i.AbstractProblemLoader Replaying proof LCP[LCP::lcp([I,int,int)].JML normal_behavior operation contract.0 
84393      DEBUG main            d.u.i.k.p.i.IntermediateProofReplayer Proof replay took 229.62ms 
84396      DEBUG main            d.u.i.k.p.r.p.TestFile    ... success: reloaded. 
84397      INFO  main            d.u.i.k.p.r.p.TestFile    Now processing file /home/runner/work/key/key/key.core/../key.ui/examples/heap/SemanticSlicing/project.key 
84398      INFO  main            d.u.i.k.p.i.AbstractProblemLoader Loading environment from /home/runner/work/key/key/key.core/../key.ui/examples/heap/SemanticSlicing/project.key 
84398      DEBUG main            d.u.i.k.p.i.AbstractProblemLoader Environment load took 265.5ns 
84399      INFO  main            d.u.i.k.p.i.AbstractProblemLoader Creating init config 
87694      DEBUG main            d.u.i.k.p.i.AbstractProblemLoader Init config took 3.29s 
87757      INFO  main            d.u.i.k.p.i.AbstractProblemLoader Replaying proof unsatcore_after.competition.postcond5.scope333.LRS[unsatcore_after.competition.postcond5.scope333.LRS::doLRS()].JML operation contract.0 
87758      DEBUG main            d.u.i.k.p.i.IntermediateProofReplayer Proof replay took 6.7ns 
92663      INFO  main            d.u.i.k.p.r.p.TestFile    ... finished proof: closed. 
93017      INFO  main            d.u.i.k.p.i.AbstractProblemLoader Loading environment from /home/runner/work/key/key/key.core/../key.ui/examples/heap/SemanticSlicing/project.key.proof 
93018      DEBUG main            d.u.i.k.p.i.AbstractProblemLoader Environment load took 580.7ns 
93021      INFO  main            d.u.i.k.p.i.AbstractProblemLoader Creating init config 
96311      DEBUG main            d.u.i.k.p.i.AbstractProblemLoader Init config took 3.29s 
96380      INFO  main            d.u.i.k.p.i.AbstractProblemLoader Replaying proof unsatcore_after.competition.postcond5.scope333.LRS[unsatcore_after.competition.postcond5.scope333.LRS::doLRS()].JML operation contract.0 
97181      DEBUG main            d.u.i.k.p.i.IntermediateProofReplayer Proof replay took 782.56ms 
97184      DEBUG main            d.u.i.k.p.r.p.TestFile    ... success: reloaded. 
97185      INFO  main            d.u.i.k.p.r.p.TestFile    Now processing file /home/runner/work/key/key/key.core/../key.ui/examples/heap/information_flow/ArrayList_contains.key 
97185      INFO  main            d.u.i.k.p.i.AbstractProblemLoader Loading environment from /home/runner/work/key/key/key.core/../key.ui/examples/heap/information_flow/ArrayList_contains.key 
97185      DEBUG main            d.u.i.k.p.i.AbstractProblemLoader Environment load took 76.1ns 
97187      INFO  main            d.u.i.k.p.i.AbstractProblemLoader Creating init config 
100588     DEBUG main            d.u.i.k.p.i.AbstractProblemLoader Init config took 3.4s 
100641     INFO  main            d.u.i.k.p.i.AbstractProblemLoader Replaying proof ArrayList[ArrayList::get(int)].JML normal_behavior operation contract.0 
100643     DEBUG main            d.u.i.k.p.i.IntermediateProofReplayer Proof replay took 6.7ns 
101049     INFO  main            d.u.i.k.p.r.p.TestFile    ... finished proof: closed. 
101392     INFO  main            d.u.i.k.p.i.AbstractProblemLoader Loading environment from /home/runner/work/key/key/key.core/../key.ui/examples/heap/information_flow/ArrayList_contains.key.proof 
101392     DEBUG main            d.u.i.k.p.i.AbstractProblemLoader Environment load took 129.1ns 
101393     INFO  main            d.u.i.k.p.i.AbstractProblemLoader Creating init config 
104656     DEBUG main            d.u.i.k.p.i.AbstractProblemLoader Init config took 3.26s 
104708     INFO  main            d.u.i.k.p.i.AbstractProblemLoader Replaying proof ArrayList[ArrayList::get(int)].JML normal_behavior operation contract.0 
104769     DEBUG main            d.u.i.k.p.i.IntermediateProofReplayer Proof replay took 55.39ms 
104770     DEBUG main            d.u.i.k.p.r.p.TestFile    ... success: reloaded. 
104773     INFO  main            d.u.i.k.p.r.p.TestFile    Now processing file /home/runner/work/key/key/key.core/../key.ui/examples/heap/information_flow/ArrayList_get.key 
104774     INFO  main            d.u.i.k.p.i.AbstractProblemLoader Loading environment from /home/runner/work/key/key/key.core/../key.ui/examples/heap/information_flow/ArrayList_get.key 
104774     DEBUG main            d.u.i.k.p.i.AbstractProblemLoader Environment load took 326.3ns 
104775     INFO  main            d.u.i.k.p.i.AbstractProblemLoader Creating init config 
108047     DEBUG main            d.u.i.k.p.i.AbstractProblemLoader Init config took 3.27s 
108092     INFO  main            d.u.i.k.p.i.AbstractProblemLoader Replaying proof ArrayList[ArrayList::contains(java.lang.Object)].JML normal_behavior operation contract.0 
108094     DEBUG main            d.u.i.k.p.i.IntermediateProofReplayer Proof replay took 7ns 
109103     INFO  main            d.u.i.k.p.r.p.TestFile    ... finished proof: closed. 
109429     INFO  main            d.u.i.k.p.i.AbstractProblemLoader Loading environment from /home/runner/work/key/key/key.core/../key.ui/examples/heap/information_flow/ArrayList_get.key.proof 
109429     DEBUG main            d.u.i.k.p.i.AbstractProblemLoader Environment load took 546.8ns 
109432     INFO  main            d.u.i.k.p.i.AbstractProblemLoader Creating init config 
112620     DEBUG main            d.u.i.k.p.i.AbstractProblemLoader Init config took 3.19s 
112669     INFO  main            d.u.i.k.p.i.AbstractProblemLoader Replaying proof ArrayList[ArrayList::contains(java.lang.Object)].JML normal_behavior operation contract.0 
112832     DEBUG main            d.u.i.k.p.i.IntermediateProofReplayer Proof replay took 156.71ms 
112833     DEBUG main            d.u.i.k.p.r.p.TestFile    ... success: reloaded. 
112834     INFO  main            d.u.i.k.p.r.p.TestFile    Now processing file /home/runner/work/key/key/key.core/../key.ui/examples/heap/information_flow/ArrayList_size.key 
112835     INFO  main            d.u.i.k.p.i.AbstractProblemLoader Loading environment from /home/runner/work/key/key/key.core/../key.ui/examples/heap/information_flow/ArrayList_size.key 
112835     DEBUG main            d.u.i.k.p.i.AbstractProblemLoader Environment load took 249.3ns 
112836     INFO  main            d.u.i.k.p.i.AbstractProblemLoader Creating init config 
116051     DEBUG main            d.u.i.k.p.i.AbstractProblemLoader Init config took 3.22s 
116094     INFO  main            d.u.i.k.p.i.AbstractProblemLoader Replaying proof ArrayList[ArrayList::size()].JML normal_behavior operation contract.0 
116095     DEBUG main            d.u.i.k.p.i.IntermediateProofReplayer Proof replay took 5.7ns 
116197     INFO  main            d.u.i.k.p.r.p.TestFile    ... finished proof: closed. 
116488     INFO  main            d.u.i.k.p.i.AbstractProblemLoader Loading environment from /home/runner/work/key/key/key.core/../key.ui/examples/heap/information_flow/ArrayList_size.key.proof 
116488     DEBUG main            d.u.i.k.p.i.AbstractProblemLoader Environment load took 120.1ns 
116489     INFO  main            d.u.i.k.p.i.AbstractProblemLoader Creating init config 
119706     DEBUG main            d.u.i.k.p.i.AbstractProblemLoader Init config took 3.22s 
119749     INFO  main            d.u.i.k.p.i.AbstractProblemLoader Replaying proof ArrayList[ArrayList::size()].JML normal_behavior operation contract.0 
119765     DEBUG main            d.u.i.k.p.i.IntermediateProofReplayer Proof replay took 14ms 
119766     DEBUG main            d.u.i.k.p.r.p.TestFile    ... success: reloaded. 
119767     INFO  main            d.u.i.k.p.r.p.TestFile    Now processing file /home/runner/work/key/key/key.core/../key.ui/examples/heap/information_flow/UpdateAbstraction_ex7_3_secure.key 
119767     INFO  main            d.u.i.k.p.i.AbstractProblemLoader Loading environment from /home/runner/work/key/key/key.core/../key.ui/examples/heap/information_flow/UpdateAbstraction_ex7_3_secure.key 
119767     DEBUG main            d.u.i.k.p.i.AbstractProblemLoader Environment load took 104.3ns 
119768     INFO  main            d.u.i.k.p.i.AbstractProblemLoader Creating init config 
123208     DEBUG main            d.u.i.k.p.i.AbstractProblemLoader Init config took 3.44s 
123248     INFO  main            d.u.i.k.p.i.AbstractProblemLoader Replaying proof UpdateAbstraction[UpdateAbstraction::ex7_3_secure()].JML operation contract.0 
123250     DEBUG main            d.u.i.k.p.i.IntermediateProofReplayer Proof replay took 6.5ns 
123452     INFO  main            d.u.i.k.p.r.p.TestFile    ... finished proof: closed. 
123788     INFO  main            d.u.i.k.p.i.AbstractProblemLoader Loading environment from /home/runner/work/key/key/key.core/../key.ui/examples/heap/information_flow/UpdateAbstraction_ex7_3_secure.key.proof 
123788     DEBUG main            d.u.i.k.p.i.AbstractProblemLoader Environment load took 125.7ns 
123789     INFO  main            d.u.i.k.p.i.AbstractProblemLoader Creating init config 
127143     DEBUG main            d.u.i.k.p.i.AbstractProblemLoader Init config took 3.35s 
127185     INFO  main            d.u.i.k.p.i.AbstractProblemLoader Replaying proof UpdateAbstraction[UpdateAbstraction::ex7_3_secure()].JML operation contract.0 
127218     DEBUG main            d.u.i.k.p.i.IntermediateProofReplayer Proof replay took 30.16ms 
127219     DEBUG main            d.u.i.k.p.r.p.TestFile    ... success: reloaded. 
127220     INFO  main            d.u.i.k.p.r.p.TestFile    Now processing file /home/runner/work/key/key/key.core/../key.ui/examples/heap/information_flow/UpdateAbstraction_ex7_4_secure.key 
127221     INFO  main            d.u.i.k.p.i.AbstractProblemLoader Loading environment from /home/runner/work/key/key/key.core/../key.ui/examples/heap/information_flow/UpdateAbstraction_ex7_4_secure.key 
127221     DEBUG main            d.u.i.k.p.i.AbstractProblemLoader Environment load took 257.4ns 
127222     INFO  main            d.u.i.k.p.i.AbstractProblemLoader Creating init config 
130360     DEBUG main            d.u.i.k.p.i.AbstractProblemLoader Init config took 3.14s 
130399     INFO  main            d.u.i.k.p.i.AbstractProblemLoader Replaying proof UpdateAbstraction[UpdateAbstraction::ex7_4_secure()].JML operation contract.0 
130401     DEBUG main            d.u.i.k.p.i.IntermediateProofReplayer Proof replay took 5.8ns 
130604     INFO  main            d.u.i.k.p.r.p.TestFile    ... finished proof: closed. 
130954     INFO  main            d.u.i.k.p.i.AbstractProblemLoader Loading environment from /home/runner/work/key/key/key.core/../key.ui/examples/heap/information_flow/UpdateAbstraction_ex7_4_secure.key.proof 
130955     DEBUG main            d.u.i.k.p.i.AbstractProblemLoader Environment load took 123.7ns 
130956     INFO  main            d.u.i.k.p.i.AbstractProblemLoader Creating init config 
134162     DEBUG main            d.u.i.k.p.i.AbstractProblemLoader Init config took 3.21s 
134201     INFO  main            d.u.i.k.p.i.AbstractProblemLoader Replaying proof UpdateAbstraction[UpdateAbstraction::ex7_4_secure()].JML operation contract.0 
134249     DEBUG main            d.u.i.k.p.i.IntermediateProofReplayer Proof replay took 45.89ms 
134251     DEBUG main            d.u.i.k.p.r.p.TestFile    ... success: reloaded. 
134251     INFO  main            d.u.i.k.p.r.p.TestFile    Now processing file /home/runner/work/key/key/key.core/../key.ui/examples/heap/information_flow/UpdateAbstraction_ex7_5_secure.key 
134252     INFO  main            d.u.i.k.p.i.AbstractProblemLoader Loading environment from /home/runner/work/key/key/key.core/../key.ui/examples/heap/information_flow/UpdateAbstraction_ex7_5_secure.key 
134252     DEBUG main            d.u.i.k.p.i.AbstractProblemLoader Environment load took 146.8ns 
134253     INFO  main            d.u.i.k.p.i.AbstractProblemLoader Creating init config 
137451     DEBUG main            d.u.i.k.p.i.AbstractProblemLoader Init config took 3.2s 
137492     INFO  main            d.u.i.k.p.i.AbstractProblemLoader Replaying proof UpdateAbstraction[UpdateAbstraction::ex7_5_secure()].JML operation contract.0 
137494     DEBUG main            d.u.i.k.p.i.IntermediateProofReplayer Proof replay took 7.6ns 
137596     INFO  main            d.u.i.k.p.r.p.TestFile    ... finished proof: closed. 
137949     INFO  main            d.u.i.k.p.i.AbstractProblemLoader Loading environment from /home/runner/work/key/key/key.core/../key.ui/examples/heap/information_flow/UpdateAbstraction_ex7_5_secure.key.proof 
137949     DEBUG main            d.u.i.k.p.i.AbstractProblemLoader Environment load took 162.1ns 
137952     INFO  main            d.u.i.k.p.i.AbstractProblemLoader Creating init config 
141121     DEBUG main            d.u.i.k.p.i.AbstractProblemLoader Init config took 3.17s 
141163     INFO  main            d.u.i.k.p.i.AbstractProblemLoader Replaying proof UpdateAbstraction[UpdateAbstraction::ex7_5_secure()].JML operation contract.0 
141184     DEBUG main            d.u.i.k.p.i.IntermediateProofReplayer Proof replay took 19.45ms 
141185     DEBUG main            d.u.i.k.p.r.p.TestFile    ... success: reloaded. 
141186     INFO  main            d.u.i.k.p.r.p.TestFile    Now processing file /home/runner/work/key/key/key.core/../key.ui/examples/heap/information_flow/UpdateAbstraction_ex7_6_secure.key 
141186     INFO  main            d.u.i.k.p.i.AbstractProblemLoader Loading environment from /home/runner/work/key/key/key.core/../key.ui/examples/heap/information_flow/UpdateAbstraction_ex7_6_secure.key 
141186     DEBUG main            d.u.i.k.p.i.AbstractProblemLoader Environment load took 140.3ns 
141187     INFO  main            d.u.i.k.p.i.AbstractProblemLoader Creating init config 
144518     DEBUG main            d.u.i.k.p.i.AbstractProblemLoader Init config took 3.33s 
144557     INFO  main            d.u.i.k.p.i.AbstractProblemLoader Replaying proof UpdateAbstraction[UpdateAbstraction::ex7_6_secure()].JML operation contract.0 
144559     DEBUG main            d.u.i.k.p.i.IntermediateProofReplayer Proof replay took 6.5ns 
144861     INFO  main            d.u.i.k.p.r.p.TestFile    ... finished proof: closed. 
145233     INFO  main            d.u.i.k.p.i.AbstractProblemLoader Loading environment from /home/runner/work/key/key/key.core/../key.ui/examples/heap/information_flow/UpdateAbstraction_ex7_6_secure.key.proof 
145233     DEBUG main            d.u.i.k.p.i.AbstractProblemLoader Environment load took 372.7ns 
145234     INFO  main            d.u.i.k.p.i.AbstractProblemLoader Creating init config 
148387     DEBUG main            d.u.i.k.p.i.AbstractProblemLoader Init config took 3.15s 
148429     INFO  main            d.u.i.k.p.i.AbstractProblemLoader Replaying proof UpdateAbstraction[UpdateAbstraction::ex7_6_secure()].JML operation contract.0 
148501     DEBUG main            d.u.i.k.p.i.IntermediateProofReplayer Proof replay took 63.96ms 
148502     DEBUG main            d.u.i.k.p.r.p.TestFile    ... success: reloaded. 
148508     INFO  main            d.u.i.k.p.r.p.TestFile    Now processing file /home/runner/work/key/key/key.core/../key.ui/examples/heap/information_flow/UpdateAbstraction_ex9_secure.key 
148509     INFO  main            d.u.i.k.p.i.AbstractProblemLoader Loading environment from /home/runner/work/key/key/key.core/../key.ui/examples/heap/information_flow/UpdateAbstraction_ex9_secure.key 
148510     DEBUG main            d.u.i.k.p.i.AbstractProblemLoader Environment load took 872.4ns 
148513     INFO  main            d.u.i.k.p.i.AbstractProblemLoader Creating init config 
151762     DEBUG main            d.u.i.k.p.i.AbstractProblemLoader Init config took 3.25s 
151803     INFO  main            d.u.i.k.p.i.AbstractProblemLoader Replaying proof UpdateAbstraction[UpdateAbstraction::ex9_secure()].JML operation contract.0 
151807     DEBUG main            d.u.i.k.p.i.IntermediateProofReplayer Proof replay took 7ns 
152942     INFO  main            d.u.i.k.p.r.p.TestFile    ... finished proof: closed. 
153328     INFO  main            d.u.i.k.p.i.AbstractProblemLoader Loading environment from /home/runner/work/key/key/key.core/../key.ui/examples/heap/information_flow/UpdateAbstraction_ex9_secure.key.proof 
153329     DEBUG main            d.u.i.k.p.i.AbstractProblemLoader Environment load took 540.7ns 
153330     INFO  main            d.u.i.k.p.i.AbstractProblemLoader Creating init config 
156453     DEBUG main            d.u.i.k.p.i.AbstractProblemLoader Init config took 3.12s 
156495     INFO  main            d.u.i.k.p.i.AbstractProblemLoader Replaying proof UpdateAbstraction[UpdateAbstraction::ex9_secure()].JML operation contract.0 
156673     DEBUG main            d.u.i.k.p.i.IntermediateProofReplayer Proof replay took 173ms 
156674     DEBUG main            d.u.i.k.p.r.p.TestFile    ... success: reloaded. 
1030732    INFO  Test worker     d.u.i.k.p.r.p.StatisticsFile Returning from test javaCard 
1030738    INFO  Test worker     d.u.i.k.p.r.p.StatisticsFile Running test list 
503        INFO  Timeout watchdog d.u.i.k.p.r.p.ForkedTestFileRunner Timeout watcher launched (2000 secs.) 
518        WARN  main            d.u.i.k.s.ProofSettings   The settings in /home/runner/.key/proof-settings.props are *not* read. 
552        INFO  main            d.u.i.k.p.r.p.TestFile    Now processing file /home/runner/work/key/key/key.core/../key.ui/examples/heap/list/ArrayList_add.key 
671        INFO  main            d.u.i.k.p.i.AbstractProblemLoader Loading environment from /home/runner/work/key/key/key.core/../key.ui/examples/heap/list/ArrayList_add.key 
692        DEBUG main            d.u.i.k.p.i.AbstractProblemLoader Environment load took 2.01ms 
950        INFO  main            d.u.i.k.p.i.AbstractProblemLoader Creating init config 
2089       DEBUG main            d.u.i.k.j.TypeConverter   No LDT found for Meta 
2090       DEBUG main            d.u.i.k.j.TypeConverter   No LDT found for Meta 
2094       DEBUG main            d.u.i.k.j.TypeConverter   No LDT found for Meta 
2094       DEBUG main            d.u.i.k.j.TypeConverter   No LDT found for Meta 
3861       DEBUG main            d.u.i.k.j.TypeConverter   No LDT found for JavaBigintExpression 
7796       DEBUG main            d.u.i.k.j.r.ClassPreparationMethodBuilder clPrepBuilder: Inner Class detected. Reject building class initialisation methods. 
11065      DEBUG main            d.u.i.k.p.i.AbstractProblemLoader Init config took 10.11s 
11291      INFO  main            d.u.i.k.p.i.AbstractProblemLoader Replaying proof ArrayList[List::add(java.lang.Object)].JML normal_behavior operation contract.0 
11389      DEBUG main            d.u.i.k.p.i.IntermediateProofReplayer Proof replay took 45.6ns 
18019      INFO  main            d.u.i.k.p.r.p.TestFile    ... finished proof: closed. 
18255      INFO  main            d.u.i.k.p.i.AbstractProblemLoader Loading environment from /home/runner/work/key/key/key.core/../key.ui/examples/heap/list/ArrayList_add.key.proof 
18256      DEBUG main            d.u.i.k.p.i.AbstractProblemLoader Environment load took 589ns 
18263      INFO  main            d.u.i.k.p.i.AbstractProblemLoader Creating init config 
19758      DEBUG main            d.u.i.k.j.r.ClassPreparationMethodBuilder clPrepBuilder: Inner Class detected. Reject building class initialisation methods. 
22405      DEBUG main            d.u.i.k.p.i.AbstractProblemLoader Init config took 4.14s 
22503      INFO  main            d.u.i.k.p.i.AbstractProblemLoader Replaying proof ArrayList[List::add(java.lang.Object)].JML normal_behavior operation contract.0 
23235      DEBUG main            d.u.i.k.p.i.IntermediateProofReplayer Proof replay took 697.73ms 
23245      DEBUG main            d.u.i.k.p.r.p.TestFile    ... success: reloaded. 
23247      INFO  main            d.u.i.k.p.r.p.TestFile    Now processing file /home/runner/work/key/key/key.core/../key.ui/examples/heap/list/ArrayList_ArrayList.key 
23247      INFO  main            d.u.i.k.p.i.AbstractProblemLoader Loading environment from /home/runner/work/key/key/key.core/../key.ui/examples/heap/list/ArrayList_ArrayList.key 
23247      DEBUG main            d.u.i.k.p.i.AbstractProblemLoader Environment load took 150.5ns 
23249      INFO  main            d.u.i.k.p.i.AbstractProblemLoader Creating init config 
24475      DEBUG main            d.u.i.k.j.r.ClassPreparationMethodBuilder clPrepBuilder: Inner Class detected. Reject building class initialisation methods. 
27075      DEBUG main            d.u.i.k.p.i.AbstractProblemLoader Init config took 3.83s 
27169      INFO  main            d.u.i.k.p.i.AbstractProblemLoader Replaying proof ArrayList[ArrayList::ArrayList()].JML normal_behavior operation contract.0 
27172      DEBUG main            d.u.i.k.p.i.IntermediateProofReplayer Proof replay took 6.2ns 
28823      INFO  main            d.u.i.k.p.r.p.TestFile    ... finished proof: closed. 
29014      INFO  main            d.u.i.k.p.i.AbstractProblemLoader Loading environment from /home/runner/work/key/key/key.core/../key.ui/examples/heap/list/ArrayList_ArrayList.key.proof 
29015      DEBUG main            d.u.i.k.p.i.AbstractProblemLoader Environment load took 774.6ns 
29017      INFO  main            d.u.i.k.p.i.AbstractProblemLoader Creating init config 
30219      DEBUG main            d.u.i.k.j.r.ClassPreparationMethodBuilder clPrepBuilder: Inner Class detected. Reject building class initialisation methods. 
32660      DEBUG main            d.u.i.k.p.i.AbstractProblemLoader Init config took 3.64s 
32745      INFO  main            d.u.i.k.p.i.AbstractProblemLoader Replaying proof ArrayList[ArrayList::ArrayList()].JML normal_behavior operation contract.0 
33049      DEBUG main            d.u.i.k.p.i.IntermediateProofReplayer Proof replay took 291.22ms 
33051      DEBUG main            d.u.i.k.p.r.p.TestFile    ... success: reloaded. 
33053      INFO  main            d.u.i.k.p.r.p.TestFile    Now processing file /home/runner/work/key/key/key.core/../key.ui/examples/heap/list/ArrayList_concatenate.key 
33054      INFO  main            d.u.i.k.p.i.AbstractProblemLoader Loading environment from /home/runner/work/key/key/key.core/../key.ui/examples/heap/list/ArrayList_concatenate.key 
33054      DEBUG main            d.u.i.k.p.i.AbstractProblemLoader Environment load took 343.3ns 
33057      INFO  main            d.u.i.k.p.i.AbstractProblemLoader Creating init config 
34221      DEBUG main            d.u.i.k.j.r.ClassPreparationMethodBuilder clPrepBuilder: Inner Class detected. Reject building class initialisation methods. 
36699      DEBUG main            d.u.i.k.p.i.AbstractProblemLoader Init config took 3.64s 
36770      INFO  main            d.u.i.k.p.i.AbstractProblemLoader Replaying proof ArrayList[List::concatenate(List)].JML normal_behavior operation contract.0 
36772      DEBUG main            d.u.i.k.p.i.IntermediateProofReplayer Proof replay took 6.5ns 
64308      INFO  main            d.u.i.k.p.r.p.TestFile    ... finished proof: closed. 
64629      INFO  main            d.u.i.k.p.i.AbstractProblemLoader Loading environment from /home/runner/work/key/key/key.core/../key.ui/examples/heap/list/ArrayList_concatenate.key.proof 
64630      DEBUG main            d.u.i.k.p.i.AbstractProblemLoader Environment load took 603.9ns 
64636      INFO  main            d.u.i.k.p.i.AbstractProblemLoader Creating init config 
65873      DEBUG main            d.u.i.k.j.r.ClassPreparationMethodBuilder clPrepBuilder: Inner Class detected. Reject building class initialisation methods. 
68456      DEBUG main            d.u.i.k.p.i.AbstractProblemLoader Init config took 3.82s 
68543      INFO  main            d.u.i.k.p.i.AbstractProblemLoader Replaying proof ArrayList[List::concatenate(List)].JML normal_behavior operation contract.0 
70464      DEBUG main            d.u.i.k.p.i.IntermediateProofReplayer Proof replay took 1.83s 
70469      DEBUG main            d.u.i.k.p.r.p.TestFile    ... success: reloaded. 
70470      INFO  main            d.u.i.k.p.r.p.TestFile    Now processing file /home/runner/work/key/key/key.core/../key.ui/examples/heap/list/ArrayList_contains_dep.key 
70471      INFO  main            d.u.i.k.p.i.AbstractProblemLoader Loading environment from /home/runner/work/key/key/key.core/../key.ui/examples/heap/list/ArrayList_contains_dep.key 
70471      DEBUG main            d.u.i.k.p.i.AbstractProblemLoader Environment load took 157.7ns 
70472      INFO  main            d.u.i.k.p.i.AbstractProblemLoader Creating init config 
71823      DEBUG main            d.u.i.k.j.r.ClassPreparationMethodBuilder clPrepBuilder: Inner Class detected. Reject building class initialisation methods. 
74297      DEBUG main            d.u.i.k.p.i.AbstractProblemLoader Init config took 3.83s 
74393      INFO  main            d.u.i.k.p.i.AbstractProblemLoader Replaying proof ArrayList[List::contains(java.lang.Object)].JML accessible clause.0 
74395      DEBUG main            d.u.i.k.p.i.IntermediateProofReplayer Proof replay took 4.8ns 
77709      INFO  main            d.u.i.k.p.r.p.TestFile    ... finished proof: closed. 
78078      INFO  main            d.u.i.k.p.i.AbstractProblemLoader Loading environment from /home/runner/work/key/key/key.core/../key.ui/examples/heap/list/ArrayList_contains_dep.key.proof 
78079      DEBUG main            d.u.i.k.p.i.AbstractProblemLoader Environment load took 689.3ns 
78081      INFO  main            d.u.i.k.p.i.AbstractProblemLoader Creating init config 
79279      DEBUG main            d.u.i.k.j.r.ClassPreparationMethodBuilder clPrepBuilder: Inner Class detected. Reject building class initialisation methods. 
81832      DEBUG main            d.u.i.k.p.i.AbstractProblemLoader Init config took 3.75s 
81898      INFO  main            d.u.i.k.p.i.AbstractProblemLoader Replaying proof ArrayList[List::contains(java.lang.Object)].JML accessible clause.0 
82314      DEBUG main            d.u.i.k.p.i.IntermediateProofReplayer Proof replay took 403.13ms 
82317      DEBUG main            d.u.i.k.p.r.p.TestFile    ... success: reloaded. 
82318      INFO  main            d.u.i.k.p.r.p.TestFile    Now processing file /home/runner/work/key/key/key.core/../key.ui/examples/heap/list/ArrayList_enlarge.key 
82318      INFO  main            d.u.i.k.p.i.AbstractProblemLoader Loading environment from /home/runner/work/key/key/key.core/../key.ui/examples/heap/list/ArrayList_enlarge.key 
82318      DEBUG main            d.u.i.k.p.i.AbstractProblemLoader Environment load took 105.6ns 
82319      INFO  main            d.u.i.k.p.i.AbstractProblemLoader Creating init config 
83509      DEBUG main            d.u.i.k.j.r.ClassPreparationMethodBuilder clPrepBuilder: Inner Class detected. Reject building class initialisation methods. 
86132      DEBUG main            d.u.i.k.p.i.AbstractProblemLoader Init config took 3.81s 
86197      INFO  main            d.u.i.k.p.i.AbstractProblemLoader Replaying proof ArrayList[ArrayList::enlarge()].JML normal_behavior operation contract.0 
86199      DEBUG main            d.u.i.k.p.i.IntermediateProofReplayer Proof replay took 6ns 
89132      INFO  main            d.u.i.k.p.r.p.TestFile    ... finished proof: closed. 
89404      INFO  main            d.u.i.k.p.i.AbstractProblemLoader Loading environment from /home/runner/work/key/key/key.core/../key.ui/examples/heap/list/ArrayList_enlarge.key.proof 
89405      DEBUG main            d.u.i.k.p.i.AbstractProblemLoader Environment load took 1.09ms 
89409      INFO  main            d.u.i.k.p.i.AbstractProblemLoader Creating init config 
90567      DEBUG main            d.u.i.k.j.r.ClassPreparationMethodBuilder clPrepBuilder: Inner Class detected. Reject building class initialisation methods. 
93014      DEBUG main            d.u.i.k.p.i.AbstractProblemLoader Init config took 3.6s 
93069      INFO  main            d.u.i.k.p.i.AbstractProblemLoader Replaying proof ArrayList[ArrayList::enlarge()].JML normal_behavior operation contract.0 
93450      DEBUG main            d.u.i.k.p.i.IntermediateProofReplayer Proof replay took 371.14ms 
93452      DEBUG main            d.u.i.k.p.r.p.TestFile    ... success: reloaded. 
93454      INFO  main            d.u.i.k.p.r.p.TestFile    Now processing file /home/runner/work/key/key/key.core/../key.ui/examples/heap/list/ArrayList_footprint.key 
93454      INFO  main            d.u.i.k.p.i.AbstractProblemLoader Loading environment from /home/runner/work/key/key/key.core/../key.ui/examples/heap/list/ArrayList_footprint.key 
93455      DEBUG main            d.u.i.k.p.i.AbstractProblemLoader Environment load took 317.6ns 
93456      INFO  main            d.u.i.k.p.i.AbstractProblemLoader Creating init config 
94602      DEBUG main            d.u.i.k.j.r.ClassPreparationMethodBuilder clPrepBuilder: Inner Class detected. Reject building class initialisation methods. 
97053      DEBUG main            d.u.i.k.p.i.AbstractProblemLoader Init config took 3.6s 
97153      INFO  main            d.u.i.k.p.i.AbstractProblemLoader Replaying proof List[List::$footprint()].JML accessible clause.0 
97156      DEBUG main            d.u.i.k.p.i.IntermediateProofReplayer Proof replay took 6.7ns 
97258      INFO  main            d.u.i.k.p.r.p.TestFile    ... finished proof: closed. 
97472      INFO  main            d.u.i.k.p.i.AbstractProblemLoader Loading environment from /home/runner/work/key/key/key.core/../key.ui/examples/heap/list/ArrayList_footprint.key.proof 
97472      DEBUG main            d.u.i.k.p.i.AbstractProblemLoader Environment load took 138.9ns 
97473      INFO  main            d.u.i.k.p.i.AbstractProblemLoader Creating init config 
98572      DEBUG main            d.u.i.k.j.r.ClassPreparationMethodBuilder clPrepBuilder: Inner Class detected. Reject building class initialisation methods. 
101031     DEBUG main            d.u.i.k.p.i.AbstractProblemLoader Init config took 3.56s 
101078     INFO  main            d.u.i.k.p.i.AbstractProblemLoader Replaying proof List[List::$footprint()].JML accessible clause.0 
101081     DEBUG main            d.u.i.k.p.i.IntermediateProofReplayer Proof replay took 1.2ms 
101082     DEBUG main            d.u.i.k.p.r.p.TestFile    ... success: reloaded. 
101084     INFO  main            d.u.i.k.p.r.p.TestFile    Now processing file /home/runner/work/key/key/key.core/../key.ui/examples/heap/list/ArrayList_get_dep.key 
101084     INFO  main            d.u.i.k.p.i.AbstractProblemLoader Loading environment from /home/runner/work/key/key/key.core/../key.ui/examples/heap/list/ArrayList_get_dep.key 
101084     DEBUG main            d.u.i.k.p.i.AbstractProblemLoader Environment load took 156.2ns 
101085     INFO  main            d.u.i.k.p.i.AbstractProblemLoader Creating init config 
102219     DEBUG main            d.u.i.k.j.r.ClassPreparationMethodBuilder clPrepBuilder: Inner Class detected. Reject building class initialisation methods. 
104594     DEBUG main            d.u.i.k.p.i.AbstractProblemLoader Init config took 3.51s 
104648     INFO  main            d.u.i.k.p.i.AbstractProblemLoader Replaying proof ArrayList[List::get(int)].JML accessible clause.0 
104654     DEBUG main            d.u.i.k.p.i.IntermediateProofReplayer Proof replay took 7.2ns 
105162     INFO  main            d.u.i.k.p.r.p.TestFile    ... finished proof: closed. 
105389     INFO  main            d.u.i.k.p.i.AbstractProblemLoader Loading environment from /home/runner/work/key/key/key.core/../key.ui/examples/heap/list/ArrayList_get_dep.key.proof 
105390     DEBUG main            d.u.i.k.p.i.AbstractProblemLoader Environment load took 661.6ns 
105391     INFO  main            d.u.i.k.p.i.AbstractProblemLoader Creating init config 
106523     DEBUG main            d.u.i.k.j.r.ClassPreparationMethodBuilder clPrepBuilder: Inner Class detected. Reject building class initialisation methods. 
108849     DEBUG main            d.u.i.k.p.i.AbstractProblemLoader Init config took 3.46s 
108904     INFO  main            d.u.i.k.p.i.AbstractProblemLoader Replaying proof ArrayList[List::get(int)].JML accessible clause.0 
108969     DEBUG main            d.u.i.k.p.i.IntermediateProofReplayer Proof replay took 60.23ms 
108970     DEBUG main            d.u.i.k.p.r.p.TestFile    ... success: reloaded. 
108972     INFO  main            d.u.i.k.p.r.p.TestFile    Now processing file /home/runner/work/key/key/key.core/../key.ui/examples/heap/list/ArrayList_get_exceptional.key 
108972     INFO  main            d.u.i.k.p.i.AbstractProblemLoader Loading environment from /home/runner/work/key/key/key.core/../key.ui/examples/heap/list/ArrayList_get_exceptional.key 
108972     DEBUG main            d.u.i.k.p.i.AbstractProblemLoader Environment load took 272.8ns 
108973     INFO  main            d.u.i.k.p.i.AbstractProblemLoader Creating init config 
110117     DEBUG main            d.u.i.k.j.r.ClassPreparationMethodBuilder clPrepBuilder: Inner Class detected. Reject building class initialisation methods. 
112472     DEBUG main            d.u.i.k.p.i.AbstractProblemLoader Init config took 3.5s 
112525     INFO  main            d.u.i.k.p.i.AbstractProblemLoader Replaying proof ArrayList[List::get(int)].JML exceptional_behavior operation contract.0 
112527     DEBUG main            d.u.i.k.p.i.IntermediateProofReplayer Proof replay took 6.1ns 
113944     INFO  main            d.u.i.k.p.r.p.TestFile    ... finished proof: closed. 
114198     INFO  main            d.u.i.k.p.i.AbstractProblemLoader Loading environment from /home/runner/work/key/key/key.core/../key.ui/examples/heap/list/ArrayList_get_exceptional.key.proof 
114198     DEBUG main            d.u.i.k.p.i.AbstractProblemLoader Environment load took 655.7ns 
114200     INFO  main            d.u.i.k.p.i.AbstractProblemLoader Creating init config 
115300     DEBUG main            d.u.i.k.j.r.ClassPreparationMethodBuilder clPrepBuilder: Inner Class detected. Reject building class initialisation methods. 
117659     DEBUG main            d.u.i.k.p.i.AbstractProblemLoader Init config took 3.46s 
117712     INFO  main            d.u.i.k.p.i.AbstractProblemLoader Replaying proof ArrayList[List::get(int)].JML exceptional_behavior operation contract.0 
117898     DEBUG main            d.u.i.k.p.i.IntermediateProofReplayer Proof replay took 179.02ms 
117900     DEBUG main            d.u.i.k.p.r.p.TestFile    ... success: reloaded. 
117902     INFO  main            d.u.i.k.p.r.p.TestFile    Now processing file /home/runner/work/key/key/key.core/../key.ui/examples/heap/list/ArrayList_get_normal.key 
117902     INFO  main            d.u.i.k.p.i.AbstractProblemLoader Loading environment from /home/runner/work/key/key/key.core/../key.ui/examples/heap/list/ArrayList_get_normal.key 
117902     DEBUG main            d.u.i.k.p.i.AbstractProblemLoader Environment load took 161.1ns 
117903     INFO  main            d.u.i.k.p.i.AbstractProblemLoader Creating init config 
118960     DEBUG main            d.u.i.k.j.r.ClassPreparationMethodBuilder clPrepBuilder: Inner Class detected. Reject building class initialisation methods. 
121330     DEBUG main            d.u.i.k.p.i.AbstractProblemLoader Init config took 3.43s 
121381     INFO  main            d.u.i.k.p.i.AbstractProblemLoader Replaying proof ArrayList[List::get(int)].JML normal_behavior operation contract.0 
121382     DEBUG main            d.u.i.k.p.i.IntermediateProofReplayer Proof replay took 5.6ns 
121886     INFO  main            d.u.i.k.p.r.p.TestFile    ... finished proof: closed. 
122131     INFO  main            d.u.i.k.p.i.AbstractProblemLoader Loading environment from /home/runner/work/key/key/key.core/../key.ui/examples/heap/list/ArrayList_get_normal.key.proof 
122131     DEBUG main            d.u.i.k.p.i.AbstractProblemLoader Environment load took 157.9ns 
122132     INFO  main            d.u.i.k.p.i.AbstractProblemLoader Creating init config 
123211     DEBUG main            d.u.i.k.j.r.ClassPreparationMethodBuilder clPrepBuilder: Inner Class detected. Reject building class initialisation methods. 
125626     DEBUG main            d.u.i.k.p.i.AbstractProblemLoader Init config took 3.49s 
125677     INFO  main            d.u.i.k.p.i.AbstractProblemLoader Replaying proof ArrayList[List::get(int)].JML normal_behavior operation contract.0 
125747     DEBUG main            d.u.i.k.p.i.IntermediateProofReplayer Proof replay took 64.97ms 
125748     DEBUG main            d.u.i.k.p.r.p.TestFile    ... success: reloaded. 
125750     INFO  main            d.u.i.k.p.r.p.TestFile    Now processing file /home/runner/work/key/key/key.core/../key.ui/examples/heap/list/ArrayList_inv.key 
125750     INFO  main            d.u.i.k.p.i.AbstractProblemLoader Loading environment from /home/runner/work/key/key/key.core/../key.ui/examples/heap/list/ArrayList_inv.key 
125750     DEBUG main            d.u.i.k.p.i.AbstractProblemLoader Environment load took 135ns 
125751     INFO  main            d.u.i.k.p.i.AbstractProblemLoader Creating init config 
126954     DEBUG main            d.u.i.k.j.r.ClassPreparationMethodBuilder clPrepBuilder: Inner Class detected. Reject building class initialisation methods. 
129394     DEBUG main            d.u.i.k.p.i.AbstractProblemLoader Init config took 3.64s 
129446     INFO  main            d.u.i.k.p.i.AbstractProblemLoader Replaying proof ArrayList[java.lang.Object::<inv>()].JML accessible clause.0 
129449     DEBUG main            d.u.i.k.p.i.IntermediateProofReplayer Proof replay took 6.9ns 
129851     INFO  main            d.u.i.k.p.r.p.TestFile    ... finished proof: closed. 
130123     INFO  main            d.u.i.k.p.i.AbstractProblemLoader Loading environment from /home/runner/work/key/key/key.core/../key.ui/examples/heap/list/ArrayList_inv.key.proof 
130123     DEBUG main            d.u.i.k.p.i.AbstractProblemLoader Environment load took 616.4ns 
130125     INFO  main            d.u.i.k.p.i.AbstractProblemLoader Creating init config 
131239     DEBUG main            d.u.i.k.j.r.ClassPreparationMethodBuilder clPrepBuilder: Inner Class detected. Reject building class initialisation methods. 
133668     DEBUG main            d.u.i.k.p.i.AbstractProblemLoader Init config took 3.54s 
133750     INFO  main            d.u.i.k.p.i.AbstractProblemLoader Replaying proof ArrayList[java.lang.Object::<inv>()].JML accessible clause.0 
133793     DEBUG main            d.u.i.k.p.i.IntermediateProofReplayer Proof replay took 39.08ms 
133795     DEBUG main            d.u.i.k.p.r.p.TestFile    ... success: reloaded. 
133796     INFO  main            d.u.i.k.p.r.p.TestFile    Now processing file /home/runner/work/key/key/key.core/../key.ui/examples/heap/list/ArrayList_iterator.key 
133797     INFO  main            d.u.i.k.p.i.AbstractProblemLoader Loading environment from /home/runner/work/key/key/key.core/../key.ui/examples/heap/list/ArrayList_iterator.key 
133797     DEBUG main            d.u.i.k.p.i.AbstractProblemLoader Environment load took 262.6ns 
133798     INFO  main            d.u.i.k.p.i.AbstractProblemLoader Creating init config 
134965     DEBUG main            d.u.i.k.j.r.ClassPreparationMethodBuilder clPrepBuilder: Inner Class detected. Reject building class initialisation methods. 
137405     DEBUG main            d.u.i.k.p.i.AbstractProblemLoader Init config took 3.61s 
137454     INFO  main            d.u.i.k.p.i.AbstractProblemLoader Replaying proof ArrayList[List::iterator()].JML normal_behavior operation contract.0 
137456     DEBUG main            d.u.i.k.p.i.IntermediateProofReplayer Proof replay took 6.2ns 
138060     INFO  main            d.u.i.k.p.r.p.TestFile    ... finished proof: closed. 
138343     INFO  main            d.u.i.k.p.i.AbstractProblemLoader Loading environment from /home/runner/work/key/key/key.core/../key.ui/examples/heap/list/ArrayList_iterator.key.proof 
138344     DEBUG main            d.u.i.k.p.i.AbstractProblemLoader Environment load took 685.19ns 
138345     INFO  main            d.u.i.k.p.i.AbstractProblemLoader Creating init config 
139489     DEBUG main            d.u.i.k.j.r.ClassPreparationMethodBuilder clPrepBuilder: Inner Class detected. Reject building class initialisation methods. 
141846     DEBUG main            d.u.i.k.p.i.AbstractProblemLoader Init config took 3.5s 
141902     INFO  main            d.u.i.k.p.i.AbstractProblemLoader Replaying proof ArrayList[List::iterator()].JML normal_behavior operation contract.0 
141987     DEBUG main            d.u.i.k.p.i.IntermediateProofReplayer Proof replay took 76.83ms 
141988     DEBUG main            d.u.i.k.p.r.p.TestFile    ... success: reloaded. 
141990     INFO  main            d.u.i.k.p.r.p.TestFile    Now processing file /home/runner/work/key/key/key.core/../key.ui/examples/heap/list/ArrayList_size_dep.key 
141991     INFO  main            d.u.i.k.p.i.AbstractProblemLoader Loading environment from /home/runner/work/key/key/key.core/../key.ui/examples/heap/list/ArrayList_size_dep.key 
141991     DEBUG main            d.u.i.k.p.i.AbstractProblemLoader Environment load took 253.9ns 
141992     INFO  main            d.u.i.k.p.i.AbstractProblemLoader Creating init config 
143106     DEBUG main            d.u.i.k.j.r.ClassPreparationMethodBuilder clPrepBuilder: Inner Class detected. Reject building class initialisation methods. 
145618     DEBUG main            d.u.i.k.p.i.AbstractProblemLoader Init config took 3.63s 
145673     INFO  main            d.u.i.k.p.i.AbstractProblemLoader Replaying proof ArrayList[List::size()].JML accessible clause.0 
145675     DEBUG main            d.u.i.k.p.i.IntermediateProofReplayer Proof replay took 6.3ns 
145879     INFO  main            d.u.i.k.p.r.p.TestFile    ... finished proof: closed. 
146160     INFO  main            d.u.i.k.p.i.AbstractProblemLoader Loading environment from /home/runner/work/key/key/key.core/../key.ui/examples/heap/list/ArrayList_size_dep.key.proof 
146160     DEBUG main            d.u.i.k.p.i.AbstractProblemLoader Environment load took 125.5ns 
146162     INFO  main            d.u.i.k.p.i.AbstractProblemLoader Creating init config 
147294     DEBUG main            d.u.i.k.j.r.ClassPreparationMethodBuilder clPrepBuilder: Inner Class detected. Reject building class initialisation methods. 
149667     DEBUG main            d.u.i.k.p.i.AbstractProblemLoader Init config took 3.5s 
149723     INFO  main            d.u.i.k.p.i.AbstractProblemLoader Replaying proof ArrayList[List::size()].JML accessible clause.0 
149746     DEBUG main            d.u.i.k.p.i.IntermediateProofReplayer Proof replay took 19.39ms 
149747     DEBUG main            d.u.i.k.p.r.p.TestFile    ... success: reloaded. 
149748     INFO  main            d.u.i.k.p.r.p.TestFile    Now processing file /home/runner/work/key/key/key.core/../key.ui/examples/heap/list/ArrayList_size.key 
149749     INFO  main            d.u.i.k.p.i.AbstractProblemLoader Loading environment from /home/runner/work/key/key/key.core/../key.ui/examples/heap/list/ArrayList_size.key 
149749     DEBUG main            d.u.i.k.p.i.AbstractProblemLoader Environment load took 288.1ns 
149750     INFO  main            d.u.i.k.p.i.AbstractProblemLoader Creating init config 
150892     DEBUG main            d.u.i.k.j.r.ClassPreparationMethodBuilder clPrepBuilder: Inner Class detected. Reject building class initialisation methods. 
153273     DEBUG main            d.u.i.k.p.i.AbstractProblemLoader Init config took 3.52s 
153324     INFO  main            d.u.i.k.p.i.AbstractProblemLoader Replaying proof ArrayList[List::size()].JML normal_behavior operation contract.0 
153326     DEBUG main            d.u.i.k.p.i.IntermediateProofReplayer Proof replay took 6.4ns 
153647     INFO  main            d.u.i.k.p.r.p.TestFile    ... finished proof: closed. 
153955     INFO  main            d.u.i.k.p.i.AbstractProblemLoader Loading environment from /home/runner/work/key/key/key.core/../key.ui/examples/heap/list/ArrayList_size.key.proof 
153955     DEBUG main            d.u.i.k.p.i.AbstractProblemLoader Environment load took 135.8ns 
153956     INFO  main            d.u.i.k.p.i.AbstractProblemLoader Creating init config 
155113     DEBUG main            d.u.i.k.j.r.ClassPreparationMethodBuilder clPrepBuilder: Inner Class detected. Reject building class initialisation methods. 
157650     DEBUG main            d.u.i.k.p.i.AbstractProblemLoader Init config took 3.69s 
157726     INFO  main            d.u.i.k.p.i.AbstractProblemLoader Replaying proof ArrayList[List::size()].JML normal_behavior operation contract.0 
157763     DEBUG main            d.u.i.k.p.i.IntermediateProofReplayer Proof replay took 33.4ms 
157765     DEBUG main            d.u.i.k.p.r.p.TestFile    ... success: reloaded. 
157767     INFO  main            d.u.i.k.p.r.p.TestFile    Now processing file /home/runner/work/key/key/key.core/../key.ui/examples/heap/list/ArrayList.ArrayListIterator_ArrayListIterator.key 
157767     INFO  main            d.u.i.k.p.i.AbstractProblemLoader Loading environment from /home/runner/work/key/key/key.core/../key.ui/examples/heap/list/ArrayList.ArrayListIterator_ArrayListIterator.key 
157767     DEBUG main            d.u.i.k.p.i.AbstractProblemLoader Environment load took 136ns 
157768     INFO  main            d.u.i.k.p.i.AbstractProblemLoader Creating init config 
158992     DEBUG main            d.u.i.k.j.r.ClassPreparationMethodBuilder clPrepBuilder: Inner Class detected. Reject building class initialisation methods. 
161479     DEBUG main            d.u.i.k.p.i.AbstractProblemLoader Init config took 3.71s 
161544     INFO  main            d.u.i.k.p.i.AbstractProblemLoader Replaying proof ArrayList.ArrayListIterator[ArrayList.ArrayListIterator::ArrayListIterator(ArrayList)].JML normal_behavior operation contract.0 
161546     DEBUG main            d.u.i.k.p.i.IntermediateProofReplayer Proof replay took 6.2ns 
162351     INFO  main            d.u.i.k.p.r.p.TestFile    ... finished proof: closed. 
162717     INFO  main            d.u.i.k.p.i.AbstractProblemLoader Loading environment from /home/runner/work/key/key/key.core/../key.ui/examples/heap/list/ArrayList.ArrayListIterator_ArrayListIterator.key.proof 
162717     DEBUG main            d.u.i.k.p.i.AbstractProblemLoader Environment load took 243.1ns 
162718     INFO  main            d.u.i.k.p.i.AbstractProblemLoader Creating init config 
163907     DEBUG main            d.u.i.k.j.r.ClassPreparationMethodBuilder clPrepBuilder: Inner Class detected. Reject building class initialisation methods. 
166286     DEBUG main            d.u.i.k.p.i.AbstractProblemLoader Init config took 3.57s 
166350     INFO  main            d.u.i.k.p.i.AbstractProblemLoader Replaying proof ArrayList.ArrayListIterator[ArrayList.ArrayListIterator::ArrayListIterator(ArrayList)].JML normal_behavior operation contract.0 
166443     DEBUG main            d.u.i.k.p.i.IntermediateProofReplayer Proof replay took 88.85ms 
166445     DEBUG main            d.u.i.k.p.r.p.TestFile    ... success: reloaded. 
166446     INFO  main            d.u.i.k.p.r.p.TestFile    Now processing file /home/runner/work/key/key/key.core/../key.ui/examples/heap/list/ArrayList.ArrayListIterator_hasNext_dep.key 
166446     INFO  main            d.u.i.k.p.i.AbstractProblemLoader Loading environment from /home/runner/work/key/key/key.core/../key.ui/examples/heap/list/ArrayList.ArrayListIterator_hasNext_dep.key 
166447     DEBUG main            d.u.i.k.p.i.AbstractProblemLoader Environment load took 169.3ns 
166448     INFO  main            d.u.i.k.p.i.AbstractProblemLoader Creating init config 
167534     DEBUG main            d.u.i.k.j.r.ClassPreparationMethodBuilder clPrepBuilder: Inner Class detected. Reject building class initialisation methods. 
169889     DEBUG main            d.u.i.k.p.i.AbstractProblemLoader Init config took 3.44s 
169963     INFO  main            d.u.i.k.p.i.AbstractProblemLoader Replaying proof ArrayList.ArrayListIterator[ListIterator::hasNext()].JML accessible clause.0 
169966     DEBUG main            d.u.i.k.p.i.IntermediateProofReplayer Proof replay took 5.9ns 
170372     INFO  main            d.u.i.k.p.r.p.TestFile    ... finished proof: closed. 
170663     INFO  main            d.u.i.k.p.i.AbstractProblemLoader Loading environment from /home/runner/work/key/key/key.core/../key.ui/examples/heap/list/ArrayList.ArrayListIterator_hasNext_dep.key.proof 
170663     DEBUG main            d.u.i.k.p.i.AbstractProblemLoader Environment load took 159.1ns 
170664     INFO  main            d.u.i.k.p.i.AbstractProblemLoader Creating init config 
171770     DEBUG main            d.u.i.k.j.r.ClassPreparationMethodBuilder clPrepBuilder: Inner Class detected. Reject building class initialisation methods. 
174118     DEBUG main            d.u.i.k.p.i.AbstractProblemLoader Init config took 3.45s 
174175     INFO  main            d.u.i.k.p.i.AbstractProblemLoader Replaying proof ArrayList.ArrayListIterator[ListIterator::hasNext()].JML accessible clause.0 
174219     DEBUG main            d.u.i.k.p.i.IntermediateProofReplayer Proof replay took 41.17ms 
174220     DEBUG main            d.u.i.k.p.r.p.TestFile    ... success: reloaded. 
174222     INFO  main            d.u.i.k.p.r.p.TestFile    Now processing file /home/runner/work/key/key/key.core/../key.ui/examples/heap/list/ArrayList.ArrayListIterator_hasNext.key 
174222     INFO  main            d.u.i.k.p.i.AbstractProblemLoader Loading environment from /home/runner/work/key/key/key.core/../key.ui/examples/heap/list/ArrayList.ArrayListIterator_hasNext.key 
174223     DEBUG main            d.u.i.k.p.i.AbstractProblemLoader Environment load took 447.7ns 
174224     INFO  main            d.u.i.k.p.i.AbstractProblemLoader Creating init config 
175340     DEBUG main            d.u.i.k.j.r.ClassPreparationMethodBuilder clPrepBuilder: Inner Class detected. Reject building class initialisation methods. 
177809     DEBUG main            d.u.i.k.p.i.AbstractProblemLoader Init config took 3.58s 
177863     INFO  main            d.u.i.k.p.i.AbstractProblemLoader Replaying proof ArrayList.ArrayListIterator[ListIterator::hasNext()].JML normal_behavior operation contract.0 
177865     DEBUG main            d.u.i.k.p.i.IntermediateProofReplayer Proof replay took 5.7ns 
178267     INFO  main            d.u.i.k.p.r.p.TestFile    ... finished proof: closed. 
178575     INFO  main            d.u.i.k.p.i.AbstractProblemLoader Loading environment from /home/runner/work/key/key/key.core/../key.ui/examples/heap/list/ArrayList.ArrayListIterator_hasNext.key.proof 
178576     DEBUG main            d.u.i.k.p.i.AbstractProblemLoader Environment load took 756.1ns 
178577     INFO  main            d.u.i.k.p.i.AbstractProblemLoader Creating init config 
179628     DEBUG main            d.u.i.k.j.r.ClassPreparationMethodBuilder clPrepBuilder: Inner Class detected. Reject building class initialisation methods. 
181937     DEBUG main            d.u.i.k.p.i.AbstractProblemLoader Init config took 3.36s 
181995     INFO  main            d.u.i.k.p.i.AbstractProblemLoader Replaying proof ArrayList.ArrayListIterator[ListIterator::hasNext()].JML normal_behavior operation contract.0 
182040     DEBUG main            d.u.i.k.p.i.IntermediateProofReplayer Proof replay took 42.27ms 
182042     DEBUG main            d.u.i.k.p.r.p.TestFile    ... success: reloaded. 
182043     INFO  main            d.u.i.k.p.r.p.TestFile    Now processing file /home/runner/work/key/key/key.core/../key.ui/examples/heap/list/ArrayList.ArrayListIterator_inv.key 
182043     INFO  main            d.u.i.k.p.i.AbstractProblemLoader Loading environment from /home/runner/work/key/key/key.core/../key.ui/examples/heap/list/ArrayList.ArrayListIterator_inv.key 
182044     DEBUG main            d.u.i.k.p.i.AbstractProblemLoader Environment load took 187.4ns 
182045     INFO  main            d.u.i.k.p.i.AbstractProblemLoader Creating init config 
183192     DEBUG main            d.u.i.k.j.r.ClassPreparationMethodBuilder clPrepBuilder: Inner Class detected. Reject building class initialisation methods. 
185520     DEBUG main            d.u.i.k.p.i.AbstractProblemLoader Init config took 3.48s 
185578     INFO  main            d.u.i.k.p.i.AbstractProblemLoader Replaying proof ArrayList.ArrayListIterator[java.lang.Object::<inv>()].JML accessible clause.0 
185580     DEBUG main            d.u.i.k.p.i.IntermediateProofReplayer Proof replay took 6ns 
186887     INFO  main            d.u.i.k.p.r.p.TestFile    ... finished proof: closed. 
187213     INFO  main            d.u.i.k.p.i.AbstractProblemLoader Loading environment from /home/runner/work/key/key/key.core/../key.ui/examples/heap/list/ArrayList.ArrayListIterator_inv.key.proof 
187214     DEBUG main            d.u.i.k.p.i.AbstractProblemLoader Environment load took 163.9ns 
187215     INFO  main            d.u.i.k.p.i.AbstractProblemLoader Creating init config 
188333     DEBUG main            d.u.i.k.j.r.ClassPreparationMethodBuilder clPrepBuilder: Inner Class detected. Reject building class initialisation methods. 
190638     DEBUG main            d.u.i.k.p.i.AbstractProblemLoader Init config took 3.42s 
190697     INFO  main            d.u.i.k.p.i.AbstractProblemLoader Replaying proof ArrayList.ArrayListIterator[java.lang.Object::<inv>()].JML accessible clause.0 
190785     DEBUG main            d.u.i.k.p.i.IntermediateProofReplayer Proof replay took 82.94ms 
190787     DEBUG main            d.u.i.k.p.r.p.TestFile    ... success: reloaded. 
190788     INFO  main            d.u.i.k.p.r.p.TestFile    Now processing file /home/runner/work/key/key/key.core/../key.ui/examples/heap/list/ArrayList.ArrayListIterator_list.key 
190788     INFO  main            d.u.i.k.p.i.AbstractProblemLoader Loading environment from /home/runner/work/key/key/key.core/../key.ui/examples/heap/list/ArrayList.ArrayListIterator_list.key 
190788     DEBUG main            d.u.i.k.p.i.AbstractProblemLoader Environment load took 64.9ns 
190789     INFO  main            d.u.i.k.p.i.AbstractProblemLoader Creating init config 
191937     DEBUG main            d.u.i.k.j.r.ClassPreparationMethodBuilder clPrepBuilder: Inner Class detected. Reject building class initialisation methods. 
194292     DEBUG main            d.u.i.k.p.i.AbstractProblemLoader Init config took 3.5s 
194334     INFO  main            d.u.i.k.p.i.AbstractProblemLoader Replaying proof ListIterator[ListIterator::$list()].JML accessible clause.0 
194336     DEBUG main            d.u.i.k.p.i.IntermediateProofReplayer Proof replay took 6ns 
194438     INFO  main            d.u.i.k.p.r.p.TestFile    ... finished proof: closed. 
194734     INFO  main            d.u.i.k.p.i.AbstractProblemLoader Loading environment from /home/runner/work/key/key/key.core/../key.ui/examples/heap/list/ArrayList.ArrayListIterator_list.key.proof 
194734     DEBUG main            d.u.i.k.p.i.AbstractProblemLoader Environment load took 136.7ns 
194735     INFO  main            d.u.i.k.p.i.AbstractProblemLoader Creating init config 
195810     DEBUG main            d.u.i.k.j.r.ClassPreparationMethodBuilder clPrepBuilder: Inner Class detected. Reject building class initialisation methods. 
198166     DEBUG main            d.u.i.k.p.i.AbstractProblemLoader Init config took 3.43s 
198210     INFO  main            d.u.i.k.p.i.AbstractProblemLoader Replaying proof ListIterator[ListIterator::$list()].JML accessible clause.0 
198213     DEBUG main            d.u.i.k.p.i.IntermediateProofReplayer Proof replay took 1.02ms 
198215     DEBUG main            d.u.i.k.p.r.p.TestFile    ... success: reloaded. 
198216     INFO  main            d.u.i.k.p.r.p.TestFile    Now processing file /home/runner/work/key/key/key.core/../key.ui/examples/heap/list/ArrayList.ArrayListIterator_next_exceptional.key 
198216     INFO  main            d.u.i.k.p.i.AbstractProblemLoader Loading environment from /home/runner/work/key/key/key.core/../key.ui/examples/heap/list/ArrayList.ArrayListIterator_next_exceptional.key 
198216     DEBUG main            d.u.i.k.p.i.AbstractProblemLoader Environment load took 144ns 
198217     INFO  main            d.u.i.k.p.i.AbstractProblemLoader Creating init config 
199388     DEBUG main            d.u.i.k.j.r.ClassPreparationMethodBuilder clPrepBuilder: Inner Class detected. Reject building class initialisation methods. 
201741     DEBUG main            d.u.i.k.p.i.AbstractProblemLoader Init config took 3.52s 
201803     INFO  main            d.u.i.k.p.i.AbstractProblemLoader Replaying proof ArrayList.ArrayListIterator[ListIterator::next()].JML exceptional_behavior operation contract.0 
201807     DEBUG main            d.u.i.k.p.i.IntermediateProofReplayer Proof replay took 5.9ns 
202812     INFO  main            d.u.i.k.p.r.p.TestFile    ... finished proof: closed. 
203172     INFO  main            d.u.i.k.p.i.AbstractProblemLoader Loading environment from /home/runner/work/key/key/key.core/../key.ui/examples/heap/list/ArrayList.ArrayListIterator_next_exceptional.key.proof 
203172     DEBUG main            d.u.i.k.p.i.AbstractProblemLoader Environment load took 145ns 
203174     INFO  main            d.u.i.k.p.i.AbstractProblemLoader Creating init config 
204273     DEBUG main            d.u.i.k.j.r.ClassPreparationMethodBuilder clPrepBuilder: Inner Class detected. Reject building class initialisation methods. 
206587     DEBUG main            d.u.i.k.p.i.AbstractProblemLoader Init config took 3.41s 
206642     INFO  main            d.u.i.k.p.i.AbstractProblemLoader Replaying proof ArrayList.ArrayListIterator[ListIterator::next()].JML exceptional_behavior operation contract.0 
206762     DEBUG main            d.u.i.k.p.i.IntermediateProofReplayer Proof replay took 114.14ms 
206764     DEBUG main            d.u.i.k.p.r.p.TestFile    ... success: reloaded. 
206765     INFO  main            d.u.i.k.p.r.p.TestFile    Now processing file /home/runner/work/key/key/key.core/../key.ui/examples/heap/list/ArrayList.ArrayListIterator_next_normal.key 
206765     INFO  main            d.u.i.k.p.i.AbstractProblemLoader Loading environment from /home/runner/work/key/key/key.core/../key.ui/examples/heap/list/ArrayList.ArrayListIterator_next_normal.key 
206765     DEBUG main            d.u.i.k.p.i.AbstractProblemLoader Environment load took 131.2ns 
206766     INFO  main            d.u.i.k.p.i.AbstractProblemLoader Creating init config 
207854     DEBUG main            d.u.i.k.j.r.ClassPreparationMethodBuilder clPrepBuilder: Inner Class detected. Reject building class initialisation methods. 
210161     DEBUG main            d.u.i.k.p.i.AbstractProblemLoader Init config took 3.4s 
210231     INFO  main            d.u.i.k.p.i.AbstractProblemLoader Replaying proof ArrayList.ArrayListIterator[ListIterator::next()].JML normal_behavior operation contract.0 
210233     DEBUG main            d.u.i.k.p.i.IntermediateProofReplayer Proof replay took 6.6ns 
211247     INFO  main            d.u.i.k.p.r.p.TestFile    ... finished proof: closed. 
211584     INFO  main            d.u.i.k.p.i.AbstractProblemLoader Loading environment from /home/runner/work/key/key/key.core/../key.ui/examples/heap/list/ArrayList.ArrayListIterator_next_normal.key.proof 
211584     DEBUG main            d.u.i.k.p.i.AbstractProblemLoader Environment load took 138.7ns 
211586     INFO  main            d.u.i.k.p.i.AbstractProblemLoader Creating init config 
212641     DEBUG main            d.u.i.k.j.r.ClassPreparationMethodBuilder clPrepBuilder: Inner Class detected. Reject building class initialisation methods. 
214880     DEBUG main            d.u.i.k.p.i.AbstractProblemLoader Init config took 3.29s 
214936     INFO  main            d.u.i.k.p.i.AbstractProblemLoader Replaying proof ArrayList.ArrayListIterator[ListIterator::next()].JML normal_behavior operation contract.0 
215049     DEBUG main            d.u.i.k.p.i.IntermediateProofReplayer Proof replay took 107.4ms 
215050     DEBUG main            d.u.i.k.p.r.p.TestFile    ... success: reloaded. 
215051     INFO  main            d.u.i.k.p.r.p.TestFile    Now processing file /home/runner/work/key/key/key.core/../key.ui/examples/heap/list/ArrayList.ArrayListIterator_pos.key 
215051     INFO  main            d.u.i.k.p.i.AbstractProblemLoader Loading environment from /home/runner/work/key/key/key.core/../key.ui/examples/heap/list/ArrayList.ArrayListIterator_pos.key 
215051     DEBUG main            d.u.i.k.p.i.AbstractProblemLoader Environment load took 90.8ns 
215052     INFO  main            d.u.i.k.p.i.AbstractProblemLoader Creating init config 
216054     DEBUG main            d.u.i.k.j.r.ClassPreparationMethodBuilder clPrepBuilder: Inner Class detected. Reject building class initialisation methods. 
218283     DEBUG main            d.u.i.k.p.i.AbstractProblemLoader Init config took 3.23s 
218330     INFO  main            d.u.i.k.p.i.AbstractProblemLoader Replaying proof ListIterator[ListIterator::$pos()].JML accessible clause.0 
218332     DEBUG main            d.u.i.k.p.i.IntermediateProofReplayer Proof replay took 6.2ns 
218438     INFO  main            d.u.i.k.p.r.p.TestFile    ... finished proof: closed. 
218756     INFO  main            d.u.i.k.p.i.AbstractProblemLoader Loading environment from /home/runner/work/key/key/key.core/../key.ui/examples/heap/list/ArrayList.ArrayListIterator_pos.key.proof 
218756     DEBUG main            d.u.i.k.p.i.AbstractProblemLoader Environment load took 154.7ns 
218757     INFO  main            d.u.i.k.p.i.AbstractProblemLoader Creating init config 
219786     DEBUG main            d.u.i.k.j.r.ClassPreparationMethodBuilder clPrepBuilder: Inner Class detected. Reject building class initialisation methods. 
222038     DEBUG main            d.u.i.k.p.i.AbstractProblemLoader Init config took 3.28s 
222082     INFO  main            d.u.i.k.p.i.AbstractProblemLoader Replaying proof ListIterator[ListIterator::$pos()].JML accessible clause.0 
222084     DEBUG main            d.u.i.k.p.i.IntermediateProofReplayer Proof replay took 946.5ns 
222085     DEBUG main            d.u.i.k.p.r.p.TestFile    ... success: reloaded. 
222087     INFO  main            d.u.i.k.p.r.p.TestFile    Now processing file /home/runner/work/key/key/key.core/../key.ui/examples/heap/list/Client_m.key 
222087     INFO  main            d.u.i.k.p.i.AbstractProblemLoader Loading environment from /home/runner/work/key/key/key.core/../key.ui/examples/heap/list/Client_m.key 
222087     DEBUG main            d.u.i.k.p.i.AbstractProblemLoader Environment load took 115.3ns 
222088     INFO  main            d.u.i.k.p.i.AbstractProblemLoader Creating init config 
223179     DEBUG main            d.u.i.k.j.r.ClassPreparationMethodBuilder clPrepBuilder: Inner Class detected. Reject building class initialisation methods. 
225430     DEBUG main            d.u.i.k.p.i.AbstractProblemLoader Init config took 3.34s 
225470     INFO  main            d.u.i.k.p.i.AbstractProblemLoader Replaying proof Client[Client::m(List)].JML normal_behavior operation contract.0 
225495     DEBUG main            d.u.i.k.p.i.IntermediateProofReplayer Proof replay took 7.3ns 
225803     INFO  main            d.u.i.k.p.r.p.TestFile    ... finished proof: closed. 
226148     INFO  main            d.u.i.k.p.i.AbstractProblemLoader Loading environment from /home/runner/work/key/key/key.core/../key.ui/examples/heap/list/Client_m.key.proof 
226148     DEBUG main            d.u.i.k.p.i.AbstractProblemLoader Environment load took 115.9ns 
226150     INFO  main            d.u.i.k.p.i.AbstractProblemLoader Creating init config 
227218     DEBUG main            d.u.i.k.j.r.ClassPreparationMethodBuilder clPrepBuilder: Inner Class detected. Reject building class initialisation methods. 
229469     DEBUG main            d.u.i.k.p.i.AbstractProblemLoader Init config took 3.32s 
229509     INFO  main            d.u.i.k.p.i.AbstractProblemLoader Replaying proof Client[Client::m(List)].JML normal_behavior operation contract.0 
229567     DEBUG main            d.u.i.k.p.i.IntermediateProofReplayer Proof replay took 54.81ms 
229568     DEBUG main            d.u.i.k.p.r.p.TestFile    ... success: reloaded. 
229569     INFO  main            d.u.i.k.p.r.p.TestFile    Now processing file /home/runner/work/key/key/key.core/../key.ui/examples/heap/list/Client_n.key 
229570     INFO  main            d.u.i.k.p.i.AbstractProblemLoader Loading environment from /home/runner/work/key/key/key.core/../key.ui/examples/heap/list/Client_n.key 
229570     DEBUG main            d.u.i.k.p.i.AbstractProblemLoader Environment load took 94.7ns 
229571     INFO  main            d.u.i.k.p.i.AbstractProblemLoader Creating init config 
230695     DEBUG main            d.u.i.k.j.r.ClassPreparationMethodBuilder clPrepBuilder: Inner Class detected. Reject building class initialisation methods. 
232937     DEBUG main            d.u.i.k.p.i.AbstractProblemLoader Init config took 3.37s 
232984     INFO  main            d.u.i.k.p.i.AbstractProblemLoader Replaying proof Client[Client::n(List)].JML normal_behavior operation contract.0 
232985     DEBUG main            d.u.i.k.p.i.IntermediateProofReplayer Proof replay took 5.7ns 
233087     INFO  main            d.u.i.k.p.r.p.TestFile    ... finished proof: closed. 
233448     INFO  main            d.u.i.k.p.i.AbstractProblemLoader Loading environment from /home/runner/work/key/key/key.core/../key.ui/examples/heap/list/Client_n.key.proof 
233448     DEBUG main            d.u.i.k.p.i.AbstractProblemLoader Environment load took 121ns 
233449     INFO  main            d.u.i.k.p.i.AbstractProblemLoader Creating init config 
234558     DEBUG main            d.u.i.k.j.r.ClassPreparationMethodBuilder clPrepBuilder: Inner Class detected. Reject building class initialisation methods. 
236788     DEBUG main            d.u.i.k.p.i.AbstractProblemLoader Init config took 3.34s 
236833     INFO  main            d.u.i.k.p.i.AbstractProblemLoader Replaying proof Client[Client::n(List)].JML normal_behavior operation contract.0 
236854     DEBUG main            d.u.i.k.p.i.IntermediateProofReplayer Proof replay took 18.72ms 
236855     DEBUG main            d.u.i.k.p.r.p.TestFile    ... success: reloaded. 
236857     INFO  main            d.u.i.k.p.r.p.TestFile    Now processing file /home/runner/work/key/key/key.core/../key.ui/examples/heap/list/LinkedList_get_exceptional.key 
236858     INFO  main            d.u.i.k.p.i.AbstractProblemLoader Loading environment from /home/runner/work/key/key/key.core/../key.ui/examples/heap/list/LinkedList_get_exceptional.key 
236858     DEBUG main            d.u.i.k.p.i.AbstractProblemLoader Environment load took 677.51ns 
236859     INFO  main            d.u.i.k.p.i.AbstractProblemLoader Creating init config 
237914     DEBUG main            d.u.i.k.j.r.ClassPreparationMethodBuilder clPrepBuilder: Inner Class detected. Reject building class initialisation methods. 
240164     DEBUG main            d.u.i.k.p.i.AbstractProblemLoader Init config took 3.31s 
240211     INFO  main            d.u.i.k.p.i.AbstractProblemLoader Replaying proof LinkedList[List::get(int)].JML exceptional_behavior operation contract.0 
240214     DEBUG main            d.u.i.k.p.i.IntermediateProofReplayer Proof replay took 6ns 
242522     INFO  main            d.u.i.k.p.r.p.TestFile    ... finished proof: closed. 
242908     INFO  main            d.u.i.k.p.i.AbstractProblemLoader Loading environment from /home/runner/work/key/key/key.core/../key.ui/examples/heap/list/LinkedList_get_exceptional.key.proof 
242908     DEBUG main            d.u.i.k.p.i.AbstractProblemLoader Environment load took 522.9ns 
242910     INFO  main            d.u.i.k.p.i.AbstractProblemLoader Creating init config 
243953     DEBUG main            d.u.i.k.j.r.ClassPreparationMethodBuilder clPrepBuilder: Inner Class detected. Reject building class initialisation methods. 
246302     DEBUG main            d.u.i.k.p.i.AbstractProblemLoader Init config took 3.39s 
246354     INFO  main            d.u.i.k.p.i.AbstractProblemLoader Replaying proof LinkedList[List::get(int)].JML exceptional_behavior operation contract.0 
246627     DEBUG main            d.u.i.k.p.i.IntermediateProofReplayer Proof replay took 261.79ms 
246628     DEBUG main            d.u.i.k.p.r.p.TestFile    ... success: reloaded. 
246629     INFO  main            d.u.i.k.p.r.p.TestFile    Now processing file /home/runner/work/key/key/key.core/../key.ui/examples/heap/list/LinkedList_get_normal.key 
246629     INFO  main            d.u.i.k.p.i.AbstractProblemLoader Loading environment from /home/runner/work/key/key/key.core/../key.ui/examples/heap/list/LinkedList_get_normal.key 
246630     DEBUG main            d.u.i.k.p.i.AbstractProblemLoader Environment load took 149.3ns 
246631     INFO  main            d.u.i.k.p.i.AbstractProblemLoader Creating init config 
247791     DEBUG main            d.u.i.k.j.r.ClassPreparationMethodBuilder clPrepBuilder: Inner Class detected. Reject building class initialisation methods. 
250060     DEBUG main            d.u.i.k.p.i.AbstractProblemLoader Init config took 3.43s 
250118     INFO  main            d.u.i.k.p.i.AbstractProblemLoader Replaying proof LinkedList[List::get(int)].JML normal_behavior operation contract.0 
250119     DEBUG main            d.u.i.k.p.i.IntermediateProofReplayer Proof replay took 7ns 
257354     INFO  main            d.u.i.k.p.r.p.TestFile    ... finished proof: closed. 
257862     INFO  main            d.u.i.k.p.i.AbstractProblemLoader Loading environment from /home/runner/work/key/key/key.core/../key.ui/examples/heap/list/LinkedList_get_normal.key.proof 
257863     DEBUG main            d.u.i.k.p.i.AbstractProblemLoader Environment load took 488.7ns 
257866     INFO  main            d.u.i.k.p.i.AbstractProblemLoader Creating init config 
258920     DEBUG main            d.u.i.k.j.r.ClassPreparationMethodBuilder clPrepBuilder: Inner Class detected. Reject building class initialisation methods. 
261231     DEBUG main            d.u.i.k.p.i.AbstractProblemLoader Init config took 3.37s 
261289     INFO  main            d.u.i.k.p.i.AbstractProblemLoader Replaying proof LinkedList[List::get(int)].JML normal_behavior operation contract.0 
261774     DEBUG main            d.u.i.k.p.i.IntermediateProofReplayer Proof replay took 457.96ms 
261777     DEBUG main            d.u.i.k.p.r.p.TestFile    ... success: reloaded. 
261778     INFO  main            d.u.i.k.p.r.p.TestFile    Now processing file /home/runner/work/key/key/key.core/../key.ui/examples/heap/list/LinkedList_LinkedList.key 
261778     INFO  main            d.u.i.k.p.i.AbstractProblemLoader Loading environment from /home/runner/work/key/key/key.core/../key.ui/examples/heap/list/LinkedList_LinkedList.key 
261778     DEBUG main            d.u.i.k.p.i.AbstractProblemLoader Environment load took 151.5ns 
261779     INFO  main            d.u.i.k.p.i.AbstractProblemLoader Creating init config 
262951     DEBUG main            d.u.i.k.j.r.ClassPreparationMethodBuilder clPrepBuilder: Inner Class detected. Reject building class initialisation methods. 
265403     DEBUG main            d.u.i.k.p.i.AbstractProblemLoader Init config took 3.62s 
265447     INFO  main            d.u.i.k.p.i.AbstractProblemLoader Replaying proof LinkedList[LinkedList::LinkedList()].JML normal_behavior operation contract.0 
265449     DEBUG main            d.u.i.k.p.i.IntermediateProofReplayer Proof replay took 6.6ns 
266167     INFO  main            d.u.i.k.p.r.p.TestFile    ... finished proof: closed. 
266563     INFO  main            d.u.i.k.p.i.AbstractProblemLoader Loading environment from /home/runner/work/key/key/key.core/../key.ui/examples/heap/list/LinkedList_LinkedList.key.proof 
266565     DEBUG main            d.u.i.k.p.i.AbstractProblemLoader Environment load took 1.66ms 
266566     INFO  main            d.u.i.k.p.i.AbstractProblemLoader Creating init config 
267690     DEBUG main            d.u.i.k.j.r.ClassPreparationMethodBuilder clPrepBuilder: Inner Class detected. Reject building class initialisation methods. 
270105     DEBUG main            d.u.i.k.p.i.AbstractProblemLoader Init config took 3.54s 
270156     INFO  main            d.u.i.k.p.i.AbstractProblemLoader Replaying proof LinkedList[LinkedList::LinkedList()].JML normal_behavior operation contract.0 
270242     DEBUG main            d.u.i.k.p.i.IntermediateProofReplayer Proof replay took 83.14ms 
270244     DEBUG main            d.u.i.k.p.r.p.TestFile    ... success: reloaded. 
270245     INFO  main            d.u.i.k.p.r.p.TestFile    Now processing file /home/runner/work/key/key/key.core/../key.ui/examples/heap/list/LinkedList_size_dep.key 
270245     INFO  main            d.u.i.k.p.i.AbstractProblemLoader Loading environment from /home/runner/work/key/key/key.core/../key.ui/examples/heap/list/LinkedList_size_dep.key 
270245     DEBUG main            d.u.i.k.p.i.AbstractProblemLoader Environment load took 173ns 
270246     INFO  main            d.u.i.k.p.i.AbstractProblemLoader Creating init config 
271413     DEBUG main            d.u.i.k.j.r.ClassPreparationMethodBuilder clPrepBuilder: Inner Class detected. Reject building class initialisation methods. 
273774     DEBUG main            d.u.i.k.p.i.AbstractProblemLoader Init config took 3.53s 
273824     INFO  main            d.u.i.k.p.i.AbstractProblemLoader Replaying proof LinkedList[List::size()].JML accessible clause.0 
273826     DEBUG main            d.u.i.k.p.i.IntermediateProofReplayer Proof replay took 25.6ns 
274429     INFO  main            d.u.i.k.p.r.p.TestFile    ... finished proof: closed. 
274827     INFO  main            d.u.i.k.p.i.AbstractProblemLoader Loading environment from /home/runner/work/key/key/key.core/../key.ui/examples/heap/list/LinkedList_size_dep.key.proof 
274827     DEBUG main            d.u.i.k.p.i.AbstractProblemLoader Environment load took 126.4ns 
274828     INFO  main            d.u.i.k.p.i.AbstractProblemLoader Creating init config 
275857     DEBUG main            d.u.i.k.j.r.ClassPreparationMethodBuilder clPrepBuilder: Inner Class detected. Reject building class initialisation methods. 
278333     DEBUG main            d.u.i.k.p.i.AbstractProblemLoader Init config took 3.5s 
278384     INFO  main            d.u.i.k.p.i.AbstractProblemLoader Replaying proof LinkedList[List::size()].JML accessible clause.0 
278427     DEBUG main            d.u.i.k.p.i.IntermediateProofReplayer Proof replay took 38.94ms 
278428     DEBUG main            d.u.i.k.p.r.p.TestFile    ... success: reloaded. 
278429     INFO  main            d.u.i.k.p.r.p.TestFile    Now processing file /home/runner/work/key/key/key.core/../key.ui/examples/heap/list/LinkedList_size.key 
278430     INFO  main            d.u.i.k.p.i.AbstractProblemLoader Loading environment from /home/runner/work/key/key/key.core/../key.ui/examples/heap/list/LinkedList_size.key 
278430     DEBUG main            d.u.i.k.p.i.AbstractProblemLoader Environment load took 263.6ns 
278431     INFO  main            d.u.i.k.p.i.AbstractProblemLoader Creating init config 
279589     DEBUG main            d.u.i.k.j.r.ClassPreparationMethodBuilder clPrepBuilder: Inner Class detected. Reject building class initialisation methods. 
281945     DEBUG main            d.u.i.k.p.i.AbstractProblemLoader Init config took 3.51s 
282015     INFO  main            d.u.i.k.p.i.AbstractProblemLoader Replaying proof LinkedList[List::size()].JML normal_behavior operation contract.0 
282016     DEBUG main            d.u.i.k.p.i.IntermediateProofReplayer Proof replay took 6.3ns 
282520     INFO  main            d.u.i.k.p.r.p.TestFile    ... finished proof: closed. 
282915     INFO  main            d.u.i.k.p.i.AbstractProblemLoader Loading environment from /home/runner/work/key/key/key.core/../key.ui/examples/heap/list/LinkedList_size.key.proof 
282915     DEBUG main            d.u.i.k.p.i.AbstractProblemLoader Environment load took 144.9ns 
282916     INFO  main            d.u.i.k.p.i.AbstractProblemLoader Creating init config 
283999     DEBUG main            d.u.i.k.j.r.ClassPreparationMethodBuilder clPrepBuilder: Inner Class detected. Reject building class initialisation methods. 
286421     DEBUG main            d.u.i.k.p.i.AbstractProblemLoader Init config took 3.51s 
286470     INFO  main            d.u.i.k.p.i.AbstractProblemLoader Replaying proof LinkedList[List::size()].JML normal_behavior operation contract.0 
286506     DEBUG main            d.u.i.k.p.i.IntermediateProofReplayer Proof replay took 32.56ms 
286507     DEBUG main            d.u.i.k.p.r.p.TestFile    ... success: reloaded. 
286508     INFO  main            d.u.i.k.p.r.p.TestFile    Now processing file /home/runner/work/key/key/key.core/../key.ui/examples/heap/list/MySet_footprint.key 
286508     INFO  main            d.u.i.k.p.i.AbstractProblemLoader Loading environment from /home/runner/work/key/key/key.core/../key.ui/examples/heap/list/MySet_footprint.key 
286508     DEBUG main            d.u.i.k.p.i.AbstractProblemLoader Environment load took 127.2ns 
286509     INFO  main            d.u.i.k.p.i.AbstractProblemLoader Creating init config 
287631     DEBUG main            d.u.i.k.j.r.ClassPreparationMethodBuilder clPrepBuilder: Inner Class detected. Reject building class initialisation methods. 
290030     DEBUG main            d.u.i.k.p.i.AbstractProblemLoader Init config took 3.52s 
290081     INFO  main            d.u.i.k.p.i.AbstractProblemLoader Replaying proof MySet[MySet::$footprint()].JML accessible clause.0 
290083     DEBUG main            d.u.i.k.p.i.IntermediateProofReplayer Proof replay took 7.3ns 
290385     INFO  main            d.u.i.k.p.r.p.TestFile    ... finished proof: closed. 
290779     INFO  main            d.u.i.k.p.i.AbstractProblemLoader Loading environment from /home/runner/work/key/key/key.core/../key.ui/examples/heap/list/MySet_footprint.key.proof 
290779     DEBUG main            d.u.i.k.p.i.AbstractProblemLoader Environment load took 108.3ns 
290781     INFO  main            d.u.i.k.p.i.AbstractProblemLoader Creating init config 
291829     DEBUG main            d.u.i.k.j.r.ClassPreparationMethodBuilder clPrepBuilder: Inner Class detected. Reject building class initialisation methods. 
294081     DEBUG main            d.u.i.k.p.i.AbstractProblemLoader Init config took 3.3s 
294129     INFO  main            d.u.i.k.p.i.AbstractProblemLoader Replaying proof MySet[MySet::$footprint()].JML accessible clause.0 
294158     DEBUG main            d.u.i.k.p.i.IntermediateProofReplayer Proof replay took 26ms 
294159     DEBUG main            d.u.i.k.p.r.p.TestFile    ... success: reloaded. 
294160     INFO  main            d.u.i.k.p.r.p.TestFile    Now processing file /home/runner/work/key/key/key.core/../key.ui/examples/heap/list/MySet_MySet.key 
294160     INFO  main            d.u.i.k.p.i.AbstractProblemLoader Loading environment from /home/runner/work/key/key/key.core/../key.ui/examples/heap/list/MySet_MySet.key 
294160     DEBUG main            d.u.i.k.p.i.AbstractProblemLoader Environment load took 135ns 
294161     INFO  main            d.u.i.k.p.i.AbstractProblemLoader Creating init config 
295220     DEBUG main            d.u.i.k.j.r.ClassPreparationMethodBuilder clPrepBuilder: Inner Class detected. Reject building class initialisation methods. 
297595     DEBUG main            d.u.i.k.p.i.AbstractProblemLoader Init config took 3.43s 
297644     INFO  main            d.u.i.k.p.i.AbstractProblemLoader Replaying proof MySet[MySet::MySet()].JML normal_behavior operation contract.0 
297647     DEBUG main            d.u.i.k.p.i.IntermediateProofReplayer Proof replay took 6.4ns 
300417     INFO  main            d.u.i.k.p.r.p.TestFile    ... finished proof: closed. 
300830     INFO  main            d.u.i.k.p.i.AbstractProblemLoader Loading environment from /home/runner/work/key/key/key.core/../key.ui/examples/heap/list/MySet_MySet.key.proof 
300830     DEBUG main            d.u.i.k.p.i.AbstractProblemLoader Environment load took 115.8ns 
300831     INFO  main            d.u.i.k.p.i.AbstractProblemLoader Creating init config 
301889     DEBUG main            d.u.i.k.j.r.ClassPreparationMethodBuilder clPrepBuilder: Inner Class detected. Reject building class initialisation methods. 
304126     DEBUG main            d.u.i.k.p.i.AbstractProblemLoader Init config took 3.29s 
304181     INFO  main            d.u.i.k.p.i.AbstractProblemLoader Replaying proof MySet[MySet::MySet()].JML normal_behavior operation contract.0 
304527     DEBUG main            d.u.i.k.p.i.IntermediateProofReplayer Proof replay took 330.29ms 
304529     DEBUG main            d.u.i.k.p.r.p.TestFile    ... success: reloaded. 
1335508    INFO  Test worker     d.u.i.k.p.r.p.StatisticsFile Returning from test list 
1335521    INFO  Test worker     d.u.i.k.p.r.p.StatisticsFile Running test list_ghost 
433        INFO  Timeout watchdog d.u.i.k.p.r.p.ForkedTestFileRunner Timeout watcher launched (2000 secs.) 
461        WARN  main            d.u.i.k.s.ProofSettings   The settings in /home/runner/.key/proof-settings.props are *not* read. 
492        INFO  main            d.u.i.k.p.r.p.TestFile    Now processing file /home/runner/work/key/key/key.core/../key.ui/examples/heap/list_ghost/ArrayList_add.key 
619        INFO  main            d.u.i.k.p.i.AbstractProblemLoader Loading environment from /home/runner/work/key/key/key.core/../key.ui/examples/heap/list_ghost/ArrayList_add.key 
639        DEBUG main            d.u.i.k.p.i.AbstractProblemLoader Environment load took 2.64ms 
914        INFO  main            d.u.i.k.p.i.AbstractProblemLoader Creating init config 
2051       DEBUG main            d.u.i.k.j.TypeConverter   No LDT found for Meta 
2057       DEBUG main            d.u.i.k.j.TypeConverter   No LDT found for Meta 
2061       DEBUG main            d.u.i.k.j.TypeConverter   No LDT found for Meta 
2061       DEBUG main            d.u.i.k.j.TypeConverter   No LDT found for Meta 
3968       DEBUG main            d.u.i.k.j.TypeConverter   No LDT found for JavaBigintExpression 
9902       DEBUG main            d.u.i.k.p.i.AbstractProblemLoader Init config took 8.99s 
10135      INFO  main            d.u.i.k.p.i.AbstractProblemLoader Replaying proof ArrayList[List::add(java.lang.Object)].JML normal_behavior operation contract.0 
10183      DEBUG main            d.u.i.k.p.i.IntermediateProofReplayer Proof replay took 33.3ns 
16141      INFO  main            d.u.i.k.p.r.p.TestFile    ... finished proof: closed. 
16327      INFO  main            d.u.i.k.p.i.AbstractProblemLoader Loading environment from /home/runner/work/key/key/key.core/../key.ui/examples/heap/list_ghost/ArrayList_add.key.proof 
16327      DEBUG main            d.u.i.k.p.i.AbstractProblemLoader Environment load took 570.21ns 
16331      INFO  main            d.u.i.k.p.i.AbstractProblemLoader Creating init config 
19535      DEBUG main            d.u.i.k.p.i.AbstractProblemLoader Init config took 3.2s 
19624      INFO  main            d.u.i.k.p.i.AbstractProblemLoader Replaying proof ArrayList[List::add(java.lang.Object)].JML normal_behavior operation contract.0 
20251      DEBUG main            d.u.i.k.p.i.IntermediateProofReplayer Proof replay took 599.27ms 
20259      DEBUG main            d.u.i.k.p.r.p.TestFile    ... success: reloaded. 
20262      INFO  main            d.u.i.k.p.r.p.TestFile    Now processing file /home/runner/work/key/key/key.core/../key.ui/examples/heap/list_ghost/ArrayList_ArrayList.key 
20263      INFO  main            d.u.i.k.p.i.AbstractProblemLoader Loading environment from /home/runner/work/key/key/key.core/../key.ui/examples/heap/list_ghost/ArrayList_ArrayList.key 
20263      DEBUG main            d.u.i.k.p.i.AbstractProblemLoader Environment load took 349.8ns 
20265      INFO  main            d.u.i.k.p.i.AbstractProblemLoader Creating init config 
23312      DEBUG main            d.u.i.k.p.i.AbstractProblemLoader Init config took 3.05s 
23372      INFO  main            d.u.i.k.p.i.AbstractProblemLoader Replaying proof ArrayList[ArrayList::ArrayList()].JML normal_behavior operation contract.0 
23375      DEBUG main            d.u.i.k.p.i.IntermediateProofReplayer Proof replay took 11.3ns 
24481      INFO  main            d.u.i.k.p.r.p.TestFile    ... finished proof: closed. 
24686      INFO  main            d.u.i.k.p.i.AbstractProblemLoader Loading environment from /home/runner/work/key/key/key.core/../key.ui/examples/heap/list_ghost/ArrayList_ArrayList.key.proof 
24692      DEBUG main            d.u.i.k.p.i.AbstractProblemLoader Environment load took 5.82ms 
24694      INFO  main            d.u.i.k.p.i.AbstractProblemLoader Creating init config 
27540      DEBUG main            d.u.i.k.p.i.AbstractProblemLoader Init config took 2.85s 
27594      INFO  main            d.u.i.k.p.i.AbstractProblemLoader Replaying proof ArrayList[ArrayList::ArrayList()].JML normal_behavior operation contract.0 
27775      DEBUG main            d.u.i.k.p.i.IntermediateProofReplayer Proof replay took 174.49ms 
27778      DEBUG main            d.u.i.k.p.r.p.TestFile    ... success: reloaded. 
27779      INFO  main            d.u.i.k.p.r.p.TestFile    Now processing file /home/runner/work/key/key/key.core/../key.ui/examples/heap/list_ghost/ArrayList_enlarge.key 
27780      INFO  main            d.u.i.k.p.i.AbstractProblemLoader Loading environment from /home/runner/work/key/key/key.core/../key.ui/examples/heap/list_ghost/ArrayList_enlarge.key 
27780      DEBUG main            d.u.i.k.p.i.AbstractProblemLoader Environment load took 237.7ns 
27782      INFO  main            d.u.i.k.p.i.AbstractProblemLoader Creating init config 
30626      DEBUG main            d.u.i.k.p.i.AbstractProblemLoader Init config took 2.84s 
30678      INFO  main            d.u.i.k.p.i.AbstractProblemLoader Replaying proof ArrayList[ArrayList::enlarge()].JML normal_behavior operation contract.0 
30680      DEBUG main            d.u.i.k.p.i.IntermediateProofReplayer Proof replay took 6.4ns 
32995      INFO  main            d.u.i.k.p.r.p.TestFile    ... finished proof: closed. 
33201      INFO  main            d.u.i.k.p.i.AbstractProblemLoader Loading environment from /home/runner/work/key/key/key.core/../key.ui/examples/heap/list_ghost/ArrayList_enlarge.key.proof 
33202      DEBUG main            d.u.i.k.p.i.AbstractProblemLoader Environment load took 535.51ns 
33204      INFO  main            d.u.i.k.p.i.AbstractProblemLoader Creating init config 
35987      DEBUG main            d.u.i.k.p.i.AbstractProblemLoader Init config took 2.78s 
36038      INFO  main            d.u.i.k.p.i.AbstractProblemLoader Replaying proof ArrayList[ArrayList::enlarge()].JML normal_behavior operation contract.0 
36407      DEBUG main            d.u.i.k.p.i.IntermediateProofReplayer Proof replay took 356.88ms 
36408      DEBUG main            d.u.i.k.p.r.p.TestFile    ... success: reloaded. 
36410      INFO  main            d.u.i.k.p.r.p.TestFile    Now processing file /home/runner/work/key/key/key.core/../key.ui/examples/heap/list_ghost/ArrayList_get_dep.key 
36411      INFO  main            d.u.i.k.p.i.AbstractProblemLoader Loading environment from /home/runner/work/key/key/key.core/../key.ui/examples/heap/list_ghost/ArrayList_get_dep.key 
36411      DEBUG main            d.u.i.k.p.i.AbstractProblemLoader Environment load took 366.4ns 
36413      INFO  main            d.u.i.k.p.i.AbstractProblemLoader Creating init config 
39233      DEBUG main            d.u.i.k.p.i.AbstractProblemLoader Init config took 2.82s 
39286      INFO  main            d.u.i.k.p.i.AbstractProblemLoader Replaying proof ArrayList[List::get(int)].JML accessible clause.0 
39288      DEBUG main            d.u.i.k.p.i.IntermediateProofReplayer Proof replay took 6.1ns 
39695      INFO  main            d.u.i.k.p.r.p.TestFile    ... finished proof: closed. 
39862      INFO  main            d.u.i.k.p.i.AbstractProblemLoader Loading environment from /home/runner/work/key/key/key.core/../key.ui/examples/heap/list_ghost/ArrayList_get_dep.key.proof 
39863      DEBUG main            d.u.i.k.p.i.AbstractProblemLoader Environment load took 1.35ms 
39865      INFO  main            d.u.i.k.p.i.AbstractProblemLoader Creating init config 
42652      DEBUG main            d.u.i.k.p.i.AbstractProblemLoader Init config took 2.79s 
42703      INFO  main            d.u.i.k.p.i.AbstractProblemLoader Replaying proof ArrayList[List::get(int)].JML accessible clause.0 
42766      DEBUG main            d.u.i.k.p.i.IntermediateProofReplayer Proof replay took 58.47ms 
42767      DEBUG main            d.u.i.k.p.r.p.TestFile    ... success: reloaded. 
42769      INFO  main            d.u.i.k.p.r.p.TestFile    Now processing file /home/runner/work/key/key/key.core/../key.ui/examples/heap/list_ghost/ArrayList_get_exceptional.key 
42769      INFO  main            d.u.i.k.p.i.AbstractProblemLoader Loading environment from /home/runner/work/key/key/key.core/../key.ui/examples/heap/list_ghost/ArrayList_get_exceptional.key 
42769      DEBUG main            d.u.i.k.p.i.AbstractProblemLoader Environment load took 265.6ns 
42771      INFO  main            d.u.i.k.p.i.AbstractProblemLoader Creating init config 
45562      DEBUG main            d.u.i.k.p.i.AbstractProblemLoader Init config took 2.79s 
45614      INFO  main            d.u.i.k.p.i.AbstractProblemLoader Replaying proof ArrayList[List::get(int)].JML exceptional_behavior operation contract.0 
45617      DEBUG main            d.u.i.k.p.i.IntermediateProofReplayer Proof replay took 24.3ns 
46425      INFO  main            d.u.i.k.p.r.p.TestFile    ... finished proof: closed. 
46696      INFO  main            d.u.i.k.p.i.AbstractProblemLoader Loading environment from /home/runner/work/key/key/key.core/../key.ui/examples/heap/list_ghost/ArrayList_get_exceptional.key.proof 
46697      DEBUG main            d.u.i.k.p.i.AbstractProblemLoader Environment load took 528.11ns 
46699      INFO  main            d.u.i.k.p.i.AbstractProblemLoader Creating init config 
49647      DEBUG main            d.u.i.k.p.i.AbstractProblemLoader Init config took 2.95s 
49701      INFO  main            d.u.i.k.p.i.AbstractProblemLoader Replaying proof ArrayList[List::get(int)].JML exceptional_behavior operation contract.0 
49856      DEBUG main            d.u.i.k.p.i.IntermediateProofReplayer Proof replay took 148.64ms 
49858      DEBUG main            d.u.i.k.p.r.p.TestFile    ... success: reloaded. 
49859      INFO  main            d.u.i.k.p.r.p.TestFile    Now processing file /home/runner/work/key/key/key.core/../key.ui/examples/heap/list_ghost/ArrayList_get_normal.key 
49860      INFO  main            d.u.i.k.p.i.AbstractProblemLoader Loading environment from /home/runner/work/key/key/key.core/../key.ui/examples/heap/list_ghost/ArrayList_get_normal.key 
49861      DEBUG main            d.u.i.k.p.i.AbstractProblemLoader Environment load took 114.5ns 
49862      INFO  main            d.u.i.k.p.i.AbstractProblemLoader Creating init config 
52762      DEBUG main            d.u.i.k.p.i.AbstractProblemLoader Init config took 2.9s 
52811      INFO  main            d.u.i.k.p.i.AbstractProblemLoader Replaying proof ArrayList[List::get(int)].JML normal_behavior operation contract.0 
52813      DEBUG main            d.u.i.k.p.i.IntermediateProofReplayer Proof replay took 5.6ns 
53117      INFO  main            d.u.i.k.p.r.p.TestFile    ... finished proof: closed. 
53310      INFO  main            d.u.i.k.p.i.AbstractProblemLoader Loading environment from /home/runner/work/key/key/key.core/../key.ui/examples/heap/list_ghost/ArrayList_get_normal.key.proof 
53311      DEBUG main            d.u.i.k.p.i.AbstractProblemLoader Environment load took 557.9ns 
53312      INFO  main            d.u.i.k.p.i.AbstractProblemLoader Creating init config 
56028      DEBUG main            d.u.i.k.p.i.AbstractProblemLoader Init config took 2.72s 
56070      INFO  main            d.u.i.k.p.i.AbstractProblemLoader Replaying proof ArrayList[List::get(int)].JML normal_behavior operation contract.0 
56117      DEBUG main            d.u.i.k.p.i.IntermediateProofReplayer Proof replay took 43.47ms 
56118      DEBUG main            d.u.i.k.p.r.p.TestFile    ... success: reloaded. 
56119      INFO  main            d.u.i.k.p.r.p.TestFile    Now processing file /home/runner/work/key/key/key.core/../key.ui/examples/heap/list_ghost/ArrayList_inv.key 
56119      INFO  main            d.u.i.k.p.i.AbstractProblemLoader Loading environment from /home/runner/work/key/key/key.core/../key.ui/examples/heap/list_ghost/ArrayList_inv.key 
56119      DEBUG main            d.u.i.k.p.i.AbstractProblemLoader Environment load took 72.7ns 
56120      INFO  main            d.u.i.k.p.i.AbstractProblemLoader Creating init config 
58890      DEBUG main            d.u.i.k.p.i.AbstractProblemLoader Init config took 2.77s 
58936      INFO  main            d.u.i.k.p.i.AbstractProblemLoader Replaying proof ArrayList[java.lang.Object::<inv>()].JML accessible clause.0 
58938      DEBUG main            d.u.i.k.p.i.IntermediateProofReplayer Proof replay took 8.1ns 
59040      INFO  main            d.u.i.k.p.r.p.TestFile    ... finished proof: closed. 
59262      INFO  main            d.u.i.k.p.i.AbstractProblemLoader Loading environment from /home/runner/work/key/key/key.core/../key.ui/examples/heap/list_ghost/ArrayList_inv.key.proof 
59262      DEBUG main            d.u.i.k.p.i.AbstractProblemLoader Environment load took 126.4ns 
59264      INFO  main            d.u.i.k.p.i.AbstractProblemLoader Creating init config 
62272      DEBUG main            d.u.i.k.p.i.AbstractProblemLoader Init config took 3.01s 
62323      INFO  main            d.u.i.k.p.i.AbstractProblemLoader Replaying proof ArrayList[java.lang.Object::<inv>()].JML accessible clause.0 
62336      DEBUG main            d.u.i.k.p.i.IntermediateProofReplayer Proof replay took 10.81ms 
62337      DEBUG main            d.u.i.k.p.r.p.TestFile    ... success: reloaded. 
62339      INFO  main            d.u.i.k.p.r.p.TestFile    Now processing file /home/runner/work/key/key/key.core/../key.ui/examples/heap/list_ghost/ArrayList_size_dep.key 
62339      INFO  main            d.u.i.k.p.i.AbstractProblemLoader Loading environment from /home/runner/work/key/key/key.core/../key.ui/examples/heap/list_ghost/ArrayList_size_dep.key 
62339      DEBUG main            d.u.i.k.p.i.AbstractProblemLoader Environment load took 212ns 
62341      INFO  main            d.u.i.k.p.i.AbstractProblemLoader Creating init config 
65272      DEBUG main            d.u.i.k.p.i.AbstractProblemLoader Init config took 2.93s 
65342      INFO  main            d.u.i.k.p.i.AbstractProblemLoader Replaying proof ArrayList[List::size()].JML accessible clause.0 
65344      DEBUG main            d.u.i.k.p.i.IntermediateProofReplayer Proof replay took 7.2ns 
65450      INFO  main            d.u.i.k.p.r.p.TestFile    ... finished proof: closed. 
65652      INFO  main            d.u.i.k.p.i.AbstractProblemLoader Loading environment from /home/runner/work/key/key/key.core/../key.ui/examples/heap/list_ghost/ArrayList_size_dep.key.proof 
65653      DEBUG main            d.u.i.k.p.i.AbstractProblemLoader Environment load took 141.7ns 
65654      INFO  main            d.u.i.k.p.i.AbstractProblemLoader Creating init config 
68520      DEBUG main            d.u.i.k.p.i.AbstractProblemLoader Init config took 2.87s 
68563      INFO  main            d.u.i.k.p.i.AbstractProblemLoader Replaying proof ArrayList[List::size()].JML accessible clause.0 
68578      DEBUG main            d.u.i.k.p.i.IntermediateProofReplayer Proof replay took 12.87ms 
68579      DEBUG main            d.u.i.k.p.r.p.TestFile    ... success: reloaded. 
68581      INFO  main            d.u.i.k.p.r.p.TestFile    Now processing file /home/runner/work/key/key/key.core/../key.ui/examples/heap/list_ghost/ArrayList_size.key 
68581      INFO  main            d.u.i.k.p.i.AbstractProblemLoader Loading environment from /home/runner/work/key/key/key.core/../key.ui/examples/heap/list_ghost/ArrayList_size.key 
68581      DEBUG main            d.u.i.k.p.i.AbstractProblemLoader Environment load took 142.4ns 
68582      INFO  main            d.u.i.k.p.i.AbstractProblemLoader Creating init config 
71478      DEBUG main            d.u.i.k.p.i.AbstractProblemLoader Init config took 2.9s 
71523      INFO  main            d.u.i.k.p.i.AbstractProblemLoader Replaying proof ArrayList[List::size()].JML normal_behavior operation contract.0 
71526      DEBUG main            d.u.i.k.p.i.IntermediateProofReplayer Proof replay took 7.4ns 
71630      INFO  main            d.u.i.k.p.r.p.TestFile    ... finished proof: closed. 
71848      INFO  main            d.u.i.k.p.i.AbstractProblemLoader Loading environment from /home/runner/work/key/key/key.core/../key.ui/examples/heap/list_ghost/ArrayList_size.key.proof 
71848      DEBUG main            d.u.i.k.p.i.AbstractProblemLoader Environment load took 121.7ns 
71850      INFO  main            d.u.i.k.p.i.AbstractProblemLoader Creating init config 
74841      DEBUG main            d.u.i.k.p.i.AbstractProblemLoader Init config took 2.99s 
74896      INFO  main            d.u.i.k.p.i.AbstractProblemLoader Replaying proof ArrayList[List::size()].JML normal_behavior operation contract.0 
74913      DEBUG main            d.u.i.k.p.i.IntermediateProofReplayer Proof replay took 15.48ms 
74914      DEBUG main            d.u.i.k.p.r.p.TestFile    ... success: reloaded. 
1410641    INFO  Test worker     d.u.i.k.p.r.p.StatisticsFile Returning from test list_ghost 
1410645    INFO  Test worker     d.u.i.k.p.r.p.StatisticsFile Running test list_recursive 
407        INFO  Timeout watchdog d.u.i.k.p.r.p.ForkedTestFileRunner Timeout watcher launched (2000 secs.) 
422        WARN  main            d.u.i.k.s.ProofSettings   The settings in /home/runner/.key/proof-settings.props are *not* read. 
485        INFO  main            d.u.i.k.p.r.p.TestFile    Now processing file /home/runner/work/key/key/key.core/../key.ui/examples/heap/list_recursiveSpec/ListOperationsNonNull_getNextNN_normal_behavior.key 
619        INFO  main            d.u.i.k.p.i.AbstractProblemLoader Loading environment from /home/runner/work/key/key/key.core/../key.ui/examples/heap/list_recursiveSpec/ListOperationsNonNull_getNextNN_normal_behavior.key 
639        DEBUG main            d.u.i.k.p.i.AbstractProblemLoader Environment load took 2.25ms 
934        INFO  main            d.u.i.k.p.i.AbstractProblemLoader Creating init config 
2223       DEBUG main            d.u.i.k.j.TypeConverter   No LDT found for Meta 
2223       DEBUG main            d.u.i.k.j.TypeConverter   No LDT found for Meta 
2227       DEBUG main            d.u.i.k.j.TypeConverter   No LDT found for Meta 
2227       DEBUG main            d.u.i.k.j.TypeConverter   No LDT found for Meta 
4025       DEBUG main            d.u.i.k.j.TypeConverter   No LDT found for JavaBigintExpression 
10794      DEBUG main            d.u.i.k.p.i.AbstractProblemLoader Init config took 9.86s 
10970      INFO  main            d.u.i.k.p.i.AbstractProblemLoader Replaying proof ListOperationsNonNull[ListOperationsNonNull::getNextNN(ListNN,int)].JML normal_behavior operation contract.0 
11019      DEBUG main            d.u.i.k.p.i.IntermediateProofReplayer Proof replay took 37.2ns 
12764      INFO  main            d.u.i.k.p.r.p.TestFile    ... finished proof: closed. 
12919      INFO  main            d.u.i.k.p.i.AbstractProblemLoader Loading environment from /home/runner/work/key/key/key.core/../key.ui/examples/heap/list_recursiveSpec/ListOperationsNonNull_getNextNN_normal_behavior.key.proof 
12927      DEBUG main            d.u.i.k.p.i.AbstractProblemLoader Environment load took 7.62ms 
12930      INFO  main            d.u.i.k.p.i.AbstractProblemLoader Creating init config 
16456      DEBUG main            d.u.i.k.p.i.AbstractProblemLoader Init config took 3.53s 
16546      INFO  main            d.u.i.k.p.i.AbstractProblemLoader Replaying proof ListOperationsNonNull[ListOperationsNonNull::getNextNN(ListNN,int)].JML normal_behavior operation contract.0 
16726      DEBUG main            d.u.i.k.p.i.IntermediateProofReplayer Proof replay took 171.19ms 
16736      DEBUG main            d.u.i.k.p.r.p.TestFile    ... success: reloaded. 
16741      INFO  main            d.u.i.k.p.r.p.TestFile    Now processing file /home/runner/work/key/key/key.core/../key.ui/examples/heap/list_recursiveSpec/ListOperationsNonNull_setValueAt_normal_behavior.key 
16741      INFO  main            d.u.i.k.p.i.AbstractProblemLoader Loading environment from /home/runner/work/key/key/key.core/../key.ui/examples/heap/list_recursiveSpec/ListOperationsNonNull_setValueAt_normal_behavior.key 
16742      DEBUG main            d.u.i.k.p.i.AbstractProblemLoader Environment load took 249ns 
16746      INFO  main            d.u.i.k.p.i.AbstractProblemLoader Creating init config 
20295      DEBUG main            d.u.i.k.p.i.AbstractProblemLoader Init config took 3.55s 
20387      INFO  main            d.u.i.k.p.i.AbstractProblemLoader Replaying proof ListOperationsNonNull[ListOperationsNonNull::setValueAt_NN(ListNN,int,int)].JML normal_behavior operation contract.0 
20391      DEBUG main            d.u.i.k.p.i.IntermediateProofReplayer Proof replay took 6.6ns 
20429      DEBUG main            d.u.i.k.m.s.ProofScriptEngine [1] goal: 0, source line: 51, command: 'macro autopilot' 
23164      DEBUG main            d.u.i.k.m.s.ProofScriptEngine [2] goal: 79, source line: 52, command: 'macro simp-upd' 
23172      DEBUG main            d.u.i.k.m.s.ProofScriptEngine [3] goal: 1451, source line: 53, command: 'rule observerDependencyEQ' 
23188      DEBUG main            d.u.i.k.m.s.ProofScriptEngine [4] goal: 1452, source line: 54, command: 'tryclose' 
23223      INFO  main            d.u.i.k.p.r.p.TestFile    ... finished proof: closed. 
23431      INFO  main            d.u.i.k.p.i.AbstractProblemLoader Loading environment from /home/runner/work/key/key/key.core/../key.ui/examples/heap/list_recursiveSpec/ListOperationsNonNull_setValueAt_normal_behavior.key.proof 
23432      DEBUG main            d.u.i.k.p.i.AbstractProblemLoader Environment load took 532.1ns 
23433      INFO  main            d.u.i.k.p.i.AbstractProblemLoader Creating init config 
26663      DEBUG main            d.u.i.k.p.i.AbstractProblemLoader Init config took 3.23s 
26732      INFO  main            d.u.i.k.p.i.AbstractProblemLoader Replaying proof ListOperationsNonNull[ListOperationsNonNull::setValueAt_NN(ListNN,int,int)].JML normal_behavior operation contract.0 
26878      DEBUG main            d.u.i.k.p.i.IntermediateProofReplayer Proof replay took 135.39ms 
26881      DEBUG main            d.u.i.k.p.r.p.TestFile    ... success: reloaded. 
1437741    INFO  Test worker     d.u.i.k.p.r.p.StatisticsFile Returning from test list_recursive 
1437744    INFO  Test worker     d.u.i.k.p.r.p.StatisticsFile Running test list_seq 
406        INFO  Timeout watchdog d.u.i.k.p.r.p.ForkedTestFileRunner Timeout watcher launched (2000 secs.) 
425        WARN  main            d.u.i.k.s.ProofSettings   The settings in /home/runner/.key/proof-settings.props are *not* read. 
462        INFO  main            d.u.i.k.p.r.p.TestFile    Now processing file /home/runner/work/key/key/key.core/../key.ui/examples/heap/list_seq/SimplifiedLinkedList.remove.key 
577        INFO  main            d.u.i.k.p.i.AbstractProblemLoader Loading environment from /home/runner/work/key/key/key.core/../key.ui/examples/heap/list_seq/SimplifiedLinkedList.remove.key 
601        DEBUG main            d.u.i.k.p.i.AbstractProblemLoader Environment load took 1.83ms 
854        INFO  main            d.u.i.k.p.i.AbstractProblemLoader Creating init config 
1971       DEBUG main            d.u.i.k.j.TypeConverter   No LDT found for Meta 
1972       DEBUG main            d.u.i.k.j.TypeConverter   No LDT found for Meta 
1974       DEBUG main            d.u.i.k.j.TypeConverter   No LDT found for Meta 
1974       DEBUG main            d.u.i.k.j.TypeConverter   No LDT found for Meta 
3450       DEBUG main            d.u.i.k.j.TypeConverter   No LDT found for JavaBigintExpression 
10319      DEBUG main            d.u.i.k.p.i.AbstractProblemLoader Init config took 9.46s 
10559      INFO  main            d.u.i.k.p.i.AbstractProblemLoader Replaying proof SimplifiedLinkedList[SimplifiedLinkedList::remove(int)].JML normal_behavior operation contract.0 
10599      DEBUG main            d.u.i.k.p.i.IntermediateProofReplayer Proof replay took 30.1ns 
87776      INFO  main            d.u.i.k.p.r.p.TestFile    ... finished proof: closed. 
88243      INFO  main            d.u.i.k.p.i.AbstractProblemLoader Loading environment from /home/runner/work/key/key/key.core/../key.ui/examples/heap/list_seq/SimplifiedLinkedList.remove.key.proof 
88243      DEBUG main            d.u.i.k.p.i.AbstractProblemLoader Environment load took 303.6ns 
88264      INFO  main            d.u.i.k.p.i.AbstractProblemLoader Creating init config 
92005      DEBUG main            d.u.i.k.p.i.AbstractProblemLoader Init config took 3.74s 
92105      INFO  main            d.u.i.k.p.i.AbstractProblemLoader Replaying proof SimplifiedLinkedList[SimplifiedLinkedList::remove(int)].JML normal_behavior operation contract.0 
95510      DEBUG main            d.u.i.k.p.i.IntermediateProofReplayer Proof replay took 3.11s 
95527      DEBUG main            d.u.i.k.p.r.p.TestFile    ... success: reloaded. 
95529      INFO  main            d.u.i.k.p.r.p.TestFile    Now processing file /home/runner/work/key/key/key.core/../key.ui/examples/heap/list_seq/ArrayList.ArrayList.key 
95530      INFO  main            d.u.i.k.p.i.AbstractProblemLoader Loading environment from /home/runner/work/key/key/key.core/../key.ui/examples/heap/list_seq/ArrayList.ArrayList.key 
95530      DEBUG main            d.u.i.k.p.i.AbstractProblemLoader Environment load took 253.9ns 
95531      INFO  main            d.u.i.k.p.i.AbstractProblemLoader Creating init config 
99182      DEBUG main            d.u.i.k.p.i.AbstractProblemLoader Init config took 3.65s 
99285      INFO  main            d.u.i.k.p.i.AbstractProblemLoader Replaying proof ArrayList[ArrayList::ArrayList()].JML normal_behavior operation contract.0 
99287      DEBUG main            d.u.i.k.p.i.IntermediateProofReplayer Proof replay took 5.6ns 
100192     INFO  main            d.u.i.k.p.r.p.TestFile    ... finished proof: closed. 
100473     INFO  main            d.u.i.k.p.i.AbstractProblemLoader Loading environment from /home/runner/work/key/key/key.core/../key.ui/examples/heap/list_seq/ArrayList.ArrayList.key.proof 
100474     DEBUG main            d.u.i.k.p.i.AbstractProblemLoader Environment load took 1.1ms 
100476     INFO  main            d.u.i.k.p.i.AbstractProblemLoader Creating init config 
103784     DEBUG main            d.u.i.k.p.i.AbstractProblemLoader Init config took 3.31s 
103878     INFO  main            d.u.i.k.p.i.AbstractProblemLoader Replaying proof ArrayList[ArrayList::ArrayList()].JML normal_behavior operation contract.0 
104011     DEBUG main            d.u.i.k.p.i.IntermediateProofReplayer Proof replay took 127.14ms 
104013     DEBUG main            d.u.i.k.p.r.p.TestFile    ... success: reloaded. 
104014     INFO  main            d.u.i.k.p.r.p.TestFile    Now processing file /home/runner/work/key/key/key.core/../key.ui/examples/heap/list_seq/ArrayList.add.key 
104014     INFO  main            d.u.i.k.p.i.AbstractProblemLoader Loading environment from /home/runner/work/key/key/key.core/../key.ui/examples/heap/list_seq/ArrayList.add.key 
104015     DEBUG main            d.u.i.k.p.i.AbstractProblemLoader Environment load took 236.4ns 
104016     INFO  main            d.u.i.k.p.i.AbstractProblemLoader Creating init config 
107345     DEBUG main            d.u.i.k.p.i.AbstractProblemLoader Init config took 3.33s 
107476     INFO  main            d.u.i.k.p.i.AbstractProblemLoader Replaying proof ArrayList[List::add(java.lang.Object)].JML normal_behavior operation contract.0 
107481     DEBUG main            d.u.i.k.p.i.IntermediateProofReplayer Proof replay took 5.6ns 
111353     INFO  main            d.u.i.k.p.r.p.TestFile    ... finished proof: closed. 
111578     INFO  main            d.u.i.k.p.i.AbstractProblemLoader Loading environment from /home/runner/work/key/key/key.core/../key.ui/examples/heap/list_seq/ArrayList.add.key.proof 
111579     DEBUG main            d.u.i.k.p.i.AbstractProblemLoader Environment load took 493.6ns 
111583     INFO  main            d.u.i.k.p.i.AbstractProblemLoader Creating init config 
115188     DEBUG main            d.u.i.k.p.i.AbstractProblemLoader Init config took 3.6s 
115327     INFO  main            d.u.i.k.p.i.AbstractProblemLoader Replaying proof ArrayList[List::add(java.lang.Object)].JML normal_behavior operation contract.0 
115637     DEBUG main            d.u.i.k.p.i.IntermediateProofReplayer Proof replay took 295.13ms 
115639     DEBUG main            d.u.i.k.p.r.p.TestFile    ... success: reloaded. 
115642     INFO  main            d.u.i.k.p.r.p.TestFile    Now processing file /home/runner/work/key/key/key.core/../key.ui/examples/heap/list_seq/ArrayList.contains.key 
115642     INFO  main            d.u.i.k.p.i.AbstractProblemLoader Loading environment from /home/runner/work/key/key/key.core/../key.ui/examples/heap/list_seq/ArrayList.contains.key 
115642     DEBUG main            d.u.i.k.p.i.AbstractProblemLoader Environment load took 278ns 
115644     INFO  main            d.u.i.k.p.i.AbstractProblemLoader Creating init config 
119217     DEBUG main            d.u.i.k.p.i.AbstractProblemLoader Init config took 3.57s 
119322     INFO  main            d.u.i.k.p.i.AbstractProblemLoader Replaying proof ArrayList[List::contains(java.lang.Object)].JML normal_behavior operation contract.0 
119324     DEBUG main            d.u.i.k.p.i.IntermediateProofReplayer Proof replay took 6.6ns 
121062     INFO  main            d.u.i.k.p.r.p.TestFile    ... finished proof: closed. 
121311     INFO  main            d.u.i.k.p.i.AbstractProblemLoader Loading environment from /home/runner/work/key/key/key.core/../key.ui/examples/heap/list_seq/ArrayList.contains.key.proof 
121312     DEBUG main            d.u.i.k.p.i.AbstractProblemLoader Environment load took 1.05ms 
121314     INFO  main            d.u.i.k.p.i.AbstractProblemLoader Creating init config 
125115     DEBUG main            d.u.i.k.p.i.AbstractProblemLoader Init config took 3.8s 
125219     INFO  main            d.u.i.k.p.i.AbstractProblemLoader Replaying proof ArrayList[List::contains(java.lang.Object)].JML normal_behavior operation contract.0 
125456     DEBUG main            d.u.i.k.p.i.IntermediateProofReplayer Proof replay took 227.38ms 
125458     DEBUG main            d.u.i.k.p.r.p.TestFile    ... success: reloaded. 
125459     INFO  main            d.u.i.k.p.r.p.TestFile    Now processing file /home/runner/work/key/key/key.core/../key.ui/examples/heap/list_seq/ArrayList.enlarge.key 
125459     INFO  main            d.u.i.k.p.i.AbstractProblemLoader Loading environment from /home/runner/work/key/key/key.core/../key.ui/examples/heap/list_seq/ArrayList.enlarge.key 
125460     DEBUG main            d.u.i.k.p.i.AbstractProblemLoader Environment load took 347.3ns 
125461     INFO  main            d.u.i.k.p.i.AbstractProblemLoader Creating init config 
129146     DEBUG main            d.u.i.k.p.i.AbstractProblemLoader Init config took 3.68s 
129244     INFO  main            d.u.i.k.p.i.AbstractProblemLoader Replaying proof ArrayList[ArrayList::enlarge()].JML normal_behavior operation contract.0 
129247     DEBUG main            d.u.i.k.p.i.IntermediateProofReplayer Proof replay took 7.1ns 
131501     INFO  main            d.u.i.k.p.r.p.TestFile    ... finished proof: closed. 
131720     INFO  main            d.u.i.k.p.i.AbstractProblemLoader Loading environment from /home/runner/work/key/key/key.core/../key.ui/examples/heap/list_seq/ArrayList.enlarge.key.proof 
131721     DEBUG main            d.u.i.k.p.i.AbstractProblemLoader Environment load took 597.9ns 
131722     INFO  main            d.u.i.k.p.i.AbstractProblemLoader Creating init config 
135328     DEBUG main            d.u.i.k.p.i.AbstractProblemLoader Init config took 3.61s 
135444     INFO  main            d.u.i.k.p.i.AbstractProblemLoader Replaying proof ArrayList[ArrayList::enlarge()].JML normal_behavior operation contract.0 
135763     DEBUG main            d.u.i.k.p.i.IntermediateProofReplayer Proof replay took 310.49ms 
135766     DEBUG main            d.u.i.k.p.r.p.TestFile    ... success: reloaded. 
135769     INFO  main            d.u.i.k.p.r.p.TestFile    Now processing file /home/runner/work/key/key/key.core/../key.ui/examples/heap/list_seq/ArrayList.get.key 
135770     INFO  main            d.u.i.k.p.i.AbstractProblemLoader Loading environment from /home/runner/work/key/key/key.core/../key.ui/examples/heap/list_seq/ArrayList.get.key 
135770     DEBUG main            d.u.i.k.p.i.AbstractProblemLoader Environment load took 628.4ns 
135772     INFO  main            d.u.i.k.p.i.AbstractProblemLoader Creating init config 
139422     DEBUG main            d.u.i.k.p.i.AbstractProblemLoader Init config took 3.65s 
139518     INFO  main            d.u.i.k.p.i.AbstractProblemLoader Replaying proof ArrayList[List::get(int)].JML normal_behavior operation contract.0 
139520     DEBUG main            d.u.i.k.p.i.IntermediateProofReplayer Proof replay took 7.6ns 
140123     INFO  main            d.u.i.k.p.r.p.TestFile    ... finished proof: closed. 
140384     INFO  main            d.u.i.k.p.i.AbstractProblemLoader Loading environment from /home/runner/work/key/key/key.core/../key.ui/examples/heap/list_seq/ArrayList.get.key.proof 
140385     DEBUG main            d.u.i.k.p.i.AbstractProblemLoader Environment load took 602.2ns 
140386     INFO  main            d.u.i.k.p.i.AbstractProblemLoader Creating init config 
143970     DEBUG main            d.u.i.k.p.i.AbstractProblemLoader Init config took 3.58s 
144085     INFO  main            d.u.i.k.p.i.AbstractProblemLoader Replaying proof ArrayList[List::get(int)].JML normal_behavior operation contract.0 
144140     DEBUG main            d.u.i.k.p.i.IntermediateProofReplayer Proof replay took 50.26ms 
144141     DEBUG main            d.u.i.k.p.r.p.TestFile    ... success: reloaded. 
144142     INFO  main            d.u.i.k.p.r.p.TestFile    Now processing file /home/runner/work/key/key/key.core/../key.ui/examples/heap/list_seq/ArrayList.newArray.key 
144143     INFO  main            d.u.i.k.p.i.AbstractProblemLoader Loading environment from /home/runner/work/key/key/key.core/../key.ui/examples/heap/list_seq/ArrayList.newArray.key 
144143     DEBUG main            d.u.i.k.p.i.AbstractProblemLoader Environment load took 346.3ns 
144145     INFO  main            d.u.i.k.p.i.AbstractProblemLoader Creating init config 
147813     DEBUG main            d.u.i.k.p.i.AbstractProblemLoader Init config took 3.67s 
147905     INFO  main            d.u.i.k.p.i.AbstractProblemLoader Replaying proof ArrayList[ArrayList::newArray(int)].JML normal_behavior operation contract.0 
147907     DEBUG main            d.u.i.k.p.i.IntermediateProofReplayer Proof replay took 7.3ns 
148210     INFO  main            d.u.i.k.p.r.p.TestFile    ... finished proof: closed. 
148429     INFO  main            d.u.i.k.p.i.AbstractProblemLoader Loading environment from /home/runner/work/key/key/key.core/../key.ui/examples/heap/list_seq/ArrayList.newArray.key.proof 
148429     DEBUG main            d.u.i.k.p.i.AbstractProblemLoader Environment load took 135.8ns 
148430     INFO  main            d.u.i.k.p.i.AbstractProblemLoader Creating init config 
151848     DEBUG main            d.u.i.k.p.i.AbstractProblemLoader Init config took 3.42s 
151944     INFO  main            d.u.i.k.p.i.AbstractProblemLoader Replaying proof ArrayList[ArrayList::newArray(int)].JML normal_behavior operation contract.0 
151998     DEBUG main            d.u.i.k.p.i.IntermediateProofReplayer Proof replay took 51.29ms 
152000     DEBUG main            d.u.i.k.p.r.p.TestFile    ... success: reloaded. 
152002     INFO  main            d.u.i.k.p.r.p.TestFile    Now processing file /home/runner/work/key/key/key.core/../key.ui/examples/heap/list_seq/ArrayList.remove.0.key 
152002     INFO  main            d.u.i.k.p.i.AbstractProblemLoader Loading environment from /home/runner/work/key/key/key.core/../key.ui/examples/heap/list_seq/ArrayList.remove.0.key 
152003     DEBUG main            d.u.i.k.p.i.AbstractProblemLoader Environment load took 338.4ns 
152004     INFO  main            d.u.i.k.p.i.AbstractProblemLoader Creating init config 
155373     DEBUG main            d.u.i.k.p.i.AbstractProblemLoader Init config took 3.37s 
155490     INFO  main            d.u.i.k.p.i.AbstractProblemLoader Replaying proof ArrayList[List::remove(java.lang.Object)].JML normal_behavior operation contract.0 
155491     DEBUG main            d.u.i.k.p.i.IntermediateProofReplayer Proof replay took 6.4ns 
157703     INFO  main            d.u.i.k.p.r.p.TestFile    ... finished proof: closed. 
157970     INFO  main            d.u.i.k.p.i.AbstractProblemLoader Loading environment from /home/runner/work/key/key/key.core/../key.ui/examples/heap/list_seq/ArrayList.remove.0.key.proof 
157971     DEBUG main            d.u.i.k.p.i.AbstractProblemLoader Environment load took 607.1ns 
157973     INFO  main            d.u.i.k.p.i.AbstractProblemLoader Creating init config 
161335     DEBUG main            d.u.i.k.p.i.AbstractProblemLoader Init config took 3.36s 
161444     INFO  main            d.u.i.k.p.i.AbstractProblemLoader Replaying proof ArrayList[List::remove(java.lang.Object)].JML normal_behavior operation contract.0 
161843     DEBUG main            d.u.i.k.p.i.IntermediateProofReplayer Proof replay took 390.4ms 
161844     DEBUG main            d.u.i.k.p.r.p.TestFile    ... success: reloaded. 
161845     INFO  main            d.u.i.k.p.r.p.TestFile    Now processing file /home/runner/work/key/key/key.core/../key.ui/examples/heap/list_seq/ArrayList.remove.1.key 
161846     INFO  main            d.u.i.k.p.i.AbstractProblemLoader Loading environment from /home/runner/work/key/key/key.core/../key.ui/examples/heap/list_seq/ArrayList.remove.1.key 
161846     DEBUG main            d.u.i.k.p.i.AbstractProblemLoader Environment load took 343.4ns 
161848     INFO  main            d.u.i.k.p.i.AbstractProblemLoader Creating init config 
165331     DEBUG main            d.u.i.k.p.i.AbstractProblemLoader Init config took 3.48s 
165410     INFO  main            d.u.i.k.p.i.AbstractProblemLoader Replaying proof ArrayList[List::remove(java.lang.Object)].JML normal_behavior operation contract.1 
165413     DEBUG main            d.u.i.k.p.i.IntermediateProofReplayer Proof replay took 6.4ns 
177768     INFO  main            d.u.i.k.p.r.p.TestFile    ... finished proof: closed. 
178076     INFO  main            d.u.i.k.p.i.AbstractProblemLoader Loading environment from /home/runner/work/key/key/key.core/../key.ui/examples/heap/list_seq/ArrayList.remove.1.key.proof 
178076     DEBUG main            d.u.i.k.p.i.AbstractProblemLoader Environment load took 481.6ns 
178079     INFO  main            d.u.i.k.p.i.AbstractProblemLoader Creating init config 
181392     DEBUG main            d.u.i.k.p.i.AbstractProblemLoader Init config took 3.31s 
181481     INFO  main            d.u.i.k.p.i.AbstractProblemLoader Replaying proof ArrayList[List::remove(java.lang.Object)].JML normal_behavior operation contract.1 
182549     DEBUG main            d.u.i.k.p.i.IntermediateProofReplayer Proof replay took 1.03s 
182552     DEBUG main            d.u.i.k.p.r.p.TestFile    ... success: reloaded. 
1620515    INFO  Test worker     d.u.i.k.p.r.p.StatisticsFile Returning from test list_seq 
1620518    INFO  Test worker     d.u.i.k.p.r.p.StatisticsFile Running test observer 
432        INFO  Timeout watchdog d.u.i.k.p.r.p.ForkedTestFileRunner Timeout watcher launched (2000 secs.) 
450        WARN  main            d.u.i.k.s.ProofSettings   The settings in /home/runner/.key/proof-settings.props are *not* read. 
481        INFO  main            d.u.i.k.p.r.p.TestFile    Now processing file /home/runner/work/key/key/key.core/../key.ui/examples/heap/observer/ExampleObserver_ExampleObserver.key 
607        INFO  main            d.u.i.k.p.i.AbstractProblemLoader Loading environment from /home/runner/work/key/key/key.core/../key.ui/examples/heap/observer/ExampleObserver_ExampleObserver.key 
626        DEBUG main            d.u.i.k.p.i.AbstractProblemLoader Environment load took 2.5ms 
893        INFO  main            d.u.i.k.p.i.AbstractProblemLoader Creating init config 
2005       DEBUG main            d.u.i.k.j.TypeConverter   No LDT found for Meta 
2007       DEBUG main            d.u.i.k.j.TypeConverter   No LDT found for Meta 
2011       DEBUG main            d.u.i.k.j.TypeConverter   No LDT found for Meta 
2012       DEBUG main            d.u.i.k.j.TypeConverter   No LDT found for Meta 
3479       DEBUG main            d.u.i.k.j.TypeConverter   No LDT found for JavaBigintExpression 
9654       DEBUG main            d.u.i.k.p.i.AbstractProblemLoader Init config took 8.76s 
9802       INFO  main            d.u.i.k.p.i.AbstractProblemLoader Replaying proof ExampleObserver[ExampleObserver::ExampleObserver(ExampleSubject)].JML normal_behavior operation contract.0 
9842       DEBUG main            d.u.i.k.p.i.IntermediateProofReplayer Proof replay took 49.2ns 
10975      INFO  main            d.u.i.k.p.r.p.TestFile    ... finished proof: closed. 
11103      INFO  main            d.u.i.k.p.i.AbstractProblemLoader Loading environment from /home/runner/work/key/key/key.core/../key.ui/examples/heap/observer/ExampleObserver_ExampleObserver.key.proof 
11104      DEBUG main            d.u.i.k.p.i.AbstractProblemLoader Environment load took 219.2ns 
11106      INFO  main            d.u.i.k.p.i.AbstractProblemLoader Creating init config 
14322      DEBUG main            d.u.i.k.p.i.AbstractProblemLoader Init config took 3.22s 
14414      INFO  main            d.u.i.k.p.i.AbstractProblemLoader Replaying proof ExampleObserver[ExampleObserver::ExampleObserver(ExampleSubject)].JML normal_behavior operation contract.0 
14570      DEBUG main            d.u.i.k.p.i.IntermediateProofReplayer Proof replay took 146.72ms 
14581      DEBUG main            d.u.i.k.p.r.p.TestFile    ... success: reloaded. 
14586      INFO  main            d.u.i.k.p.r.p.TestFile    Now processing file /home/runner/work/key/key/key.core/../key.ui/examples/heap/observer/ExampleObserver_inv.key 
14587      INFO  main            d.u.i.k.p.i.AbstractProblemLoader Loading environment from /home/runner/work/key/key/key.core/../key.ui/examples/heap/observer/ExampleObserver_inv.key 
14587      DEBUG main            d.u.i.k.p.i.AbstractProblemLoader Environment load took 149.4ns 
14591      INFO  main            d.u.i.k.p.i.AbstractProblemLoader Creating init config 
17662      DEBUG main            d.u.i.k.p.i.AbstractProblemLoader Init config took 3.07s 
17738      INFO  main            d.u.i.k.p.i.AbstractProblemLoader Replaying proof ExampleObserver[java.lang.Object::<inv>()].JML accessible clause.0 
17741      DEBUG main            d.u.i.k.p.i.IntermediateProofReplayer Proof replay took 6.2ns 
17844      INFO  main            d.u.i.k.p.r.p.TestFile    ... finished proof: closed. 
17992      INFO  main            d.u.i.k.p.i.AbstractProblemLoader Loading environment from /home/runner/work/key/key/key.core/../key.ui/examples/heap/observer/ExampleObserver_inv.key.proof 
17992      DEBUG main            d.u.i.k.p.i.AbstractProblemLoader Environment load took 146.7ns 
17994      INFO  main            d.u.i.k.p.i.AbstractProblemLoader Creating init config 
20931      DEBUG main            d.u.i.k.p.i.AbstractProblemLoader Init config took 2.94s 
21048      INFO  main            d.u.i.k.p.i.AbstractProblemLoader Replaying proof ExampleObserver[java.lang.Object::<inv>()].JML accessible clause.0 
21074      DEBUG main            d.u.i.k.p.i.IntermediateProofReplayer Proof replay took 19.64ms 
21075      DEBUG main            d.u.i.k.p.r.p.TestFile    ... success: reloaded. 
21078      INFO  main            d.u.i.k.p.r.p.TestFile    Now processing file /home/runner/work/key/key/key.core/../key.ui/examples/heap/observer/ExampleObserver_subject.key 
21079      INFO  main            d.u.i.k.p.i.AbstractProblemLoader Loading environment from /home/runner/work/key/key/key.core/../key.ui/examples/heap/observer/ExampleObserver_subject.key 
21079      DEBUG main            d.u.i.k.p.i.AbstractProblemLoader Environment load took 313.8ns 
21082      INFO  main            d.u.i.k.p.i.AbstractProblemLoader Creating init config 
24087      DEBUG main            d.u.i.k.p.i.AbstractProblemLoader Init config took 3s 
24141      INFO  main            d.u.i.k.p.i.AbstractProblemLoader Replaying proof Observer[Observer::$subject()].JML accessible clause.0 
24143      DEBUG main            d.u.i.k.p.i.IntermediateProofReplayer Proof replay took 5.7ns 
24246      INFO  main            d.u.i.k.p.r.p.TestFile    ... finished proof: closed. 
24439      INFO  main            d.u.i.k.p.i.AbstractProblemLoader Loading environment from /home/runner/work/key/key/key.core/../key.ui/examples/heap/observer/ExampleObserver_subject.key.proof 
24439      DEBUG main            d.u.i.k.p.i.AbstractProblemLoader Environment load took 130.8ns 
24440      INFO  main            d.u.i.k.p.i.AbstractProblemLoader Creating init config 
27376      DEBUG main            d.u.i.k.p.i.AbstractProblemLoader Init config took 2.94s 
27430      INFO  main            d.u.i.k.p.i.AbstractProblemLoader Replaying proof Observer[Observer::$subject()].JML accessible clause.0 
27434      DEBUG main            d.u.i.k.p.i.IntermediateProofReplayer Proof replay took 1.8ms 
27434      DEBUG main            d.u.i.k.p.r.p.TestFile    ... success: reloaded. 
27436      INFO  main            d.u.i.k.p.r.p.TestFile    Now processing file /home/runner/work/key/key/key.core/../key.ui/examples/heap/observer/ExampleObserver_update.key 
27436      INFO  main            d.u.i.k.p.i.AbstractProblemLoader Loading environment from /home/runner/work/key/key/key.core/../key.ui/examples/heap/observer/ExampleObserver_update.key 
27437      DEBUG main            d.u.i.k.p.i.AbstractProblemLoader Environment load took 160ns 
27438      INFO  main            d.u.i.k.p.i.AbstractProblemLoader Creating init config 
30352      DEBUG main            d.u.i.k.p.i.AbstractProblemLoader Init config took 2.91s 
30405      INFO  main            d.u.i.k.p.i.AbstractProblemLoader Replaying proof ExampleObserver[Observer::update()].JML normal_behavior operation contract.0 
30408      DEBUG main            d.u.i.k.p.i.IntermediateProofReplayer Proof replay took 5.5ns 
30814      INFO  main            d.u.i.k.p.r.p.TestFile    ... finished proof: closed. 
31011      INFO  main            d.u.i.k.p.i.AbstractProblemLoader Loading environment from /home/runner/work/key/key/key.core/../key.ui/examples/heap/observer/ExampleObserver_update.key.proof 
31011      DEBUG main            d.u.i.k.p.i.AbstractProblemLoader Environment load took 129.1ns 
31013      INFO  main            d.u.i.k.p.i.AbstractProblemLoader Creating init config 
33857      DEBUG main            d.u.i.k.p.i.AbstractProblemLoader Init config took 2.84s 
33910      INFO  main            d.u.i.k.p.i.AbstractProblemLoader Replaying proof ExampleObserver[Observer::update()].JML normal_behavior operation contract.0 
33982      DEBUG main            d.u.i.k.p.i.IntermediateProofReplayer Proof replay took 68.03ms 
33984      DEBUG main            d.u.i.k.p.r.p.TestFile    ... success: reloaded. 
33986      INFO  main            d.u.i.k.p.r.p.TestFile    Now processing file /home/runner/work/key/key/key.core/../key.ui/examples/heap/observer/ExampleObserver_upToDate.key 
33986      INFO  main            d.u.i.k.p.i.AbstractProblemLoader Loading environment from /home/runner/work/key/key/key.core/../key.ui/examples/heap/observer/ExampleObserver_upToDate.key 
33986      DEBUG main            d.u.i.k.p.i.AbstractProblemLoader Environment load took 315.2ns 
33988      INFO  main            d.u.i.k.p.i.AbstractProblemLoader Creating init config 
37090      DEBUG main            d.u.i.k.p.i.AbstractProblemLoader Init config took 3.1s 
37148      INFO  main            d.u.i.k.p.i.AbstractProblemLoader Replaying proof ExampleObserver[Observer::$upToDate()].JML accessible clause.0 
37151      DEBUG main            d.u.i.k.p.i.IntermediateProofReplayer Proof replay took 6.3ns 
37356      INFO  main            d.u.i.k.p.r.p.TestFile    ... finished proof: closed. 
37549      INFO  main            d.u.i.k.p.i.AbstractProblemLoader Loading environment from /home/runner/work/key/key/key.core/../key.ui/examples/heap/observer/ExampleObserver_upToDate.key.proof 
37549      DEBUG main            d.u.i.k.p.i.AbstractProblemLoader Environment load took 129.7ns 
37550      INFO  main            d.u.i.k.p.i.AbstractProblemLoader Creating init config 
40580      DEBUG main            d.u.i.k.p.i.AbstractProblemLoader Init config took 3.03s 
40629      INFO  main            d.u.i.k.p.i.AbstractProblemLoader Replaying proof ExampleObserver[Observer::$upToDate()].JML accessible clause.0 
40649      DEBUG main            d.u.i.k.p.i.IntermediateProofReplayer Proof replay took 17.62ms 
40650      DEBUG main            d.u.i.k.p.r.p.TestFile    ... success: reloaded. 
40651      INFO  main            d.u.i.k.p.r.p.TestFile    Now processing file /home/runner/work/key/key/key.core/../key.ui/examples/heap/observer/ExampleObserver_value.key 
40652      INFO  main            d.u.i.k.p.i.AbstractProblemLoader Loading environment from /home/runner/work/key/key/key.core/../key.ui/examples/heap/observer/ExampleObserver_value.key 
40652      DEBUG main            d.u.i.k.p.i.AbstractProblemLoader Environment load took 237.2ns 
40653      INFO  main            d.u.i.k.p.i.AbstractProblemLoader Creating init config 
43701      DEBUG main            d.u.i.k.p.i.AbstractProblemLoader Init config took 3.05s 
43753      INFO  main            d.u.i.k.p.i.AbstractProblemLoader Replaying proof ExampleObserver[ExampleObserver::value()].JML normal_behavior operation contract.0 
43756      DEBUG main            d.u.i.k.p.i.IntermediateProofReplayer Proof replay took 6.2ns 
43859      INFO  main            d.u.i.k.p.r.p.TestFile    ... finished proof: closed. 
44051      INFO  main            d.u.i.k.p.i.AbstractProblemLoader Loading environment from /home/runner/work/key/key/key.core/../key.ui/examples/heap/observer/ExampleObserver_value.key.proof 
44051      DEBUG main            d.u.i.k.p.i.AbstractProblemLoader Environment load took 125.6ns 
44052      INFO  main            d.u.i.k.p.i.AbstractProblemLoader Creating init config 
46979      DEBUG main            d.u.i.k.p.i.AbstractProblemLoader Init config took 2.93s 
47043      INFO  main            d.u.i.k.p.i.AbstractProblemLoader Replaying proof ExampleObserver[ExampleObserver::value()].JML normal_behavior operation contract.0 
47065      DEBUG main            d.u.i.k.p.i.IntermediateProofReplayer Proof replay took 18.85ms 
47066      DEBUG main            d.u.i.k.p.r.p.TestFile    ... success: reloaded. 
47067      INFO  main            d.u.i.k.p.r.p.TestFile    Now processing file /home/runner/work/key/key/key.core/../key.ui/examples/heap/observer/ExampleSubject_addObserver.key 
47068      INFO  main            d.u.i.k.p.i.AbstractProblemLoader Loading environment from /home/runner/work/key/key/key.core/../key.ui/examples/heap/observer/ExampleSubject_addObserver.key 
47068      DEBUG main            d.u.i.k.p.i.AbstractProblemLoader Environment load took 252ns 
47069      INFO  main            d.u.i.k.p.i.AbstractProblemLoader Creating init config 
50070      DEBUG main            d.u.i.k.p.i.AbstractProblemLoader Init config took 3s 
50124      INFO  main            d.u.i.k.p.i.AbstractProblemLoader Replaying proof ExampleSubject[Subject::addObserver(Observer)].JML normal_behavior operation contract.0 
50127      DEBUG main            d.u.i.k.p.i.IntermediateProofReplayer Proof replay took 7.1ns 
57072      INFO  main            d.u.i.k.p.r.p.TestFile    ... finished proof: closed. 
57321      INFO  main            d.u.i.k.p.i.AbstractProblemLoader Loading environment from /home/runner/work/key/key/key.core/../key.ui/examples/heap/observer/ExampleSubject_addObserver.key.proof 
57321      DEBUG main            d.u.i.k.p.i.AbstractProblemLoader Environment load took 468.7ns 
57324      INFO  main            d.u.i.k.p.i.AbstractProblemLoader Creating init config 
60115      DEBUG main            d.u.i.k.p.i.AbstractProblemLoader Init config took 2.79s 
60173      INFO  main            d.u.i.k.p.i.AbstractProblemLoader Replaying proof ExampleSubject[Subject::addObserver(Observer)].JML normal_behavior operation contract.0 
60905      DEBUG main            d.u.i.k.p.i.IntermediateProofReplayer Proof replay took 710.14ms 
60908      DEBUG main            d.u.i.k.p.r.p.TestFile    ... success: reloaded. 
60909      INFO  main            d.u.i.k.p.r.p.TestFile    Now processing file /home/runner/work/key/key/key.core/../key.ui/examples/heap/observer/ExampleSubject_change.key 
60909      INFO  main            d.u.i.k.p.i.AbstractProblemLoader Loading environment from /home/runner/work/key/key/key.core/../key.ui/examples/heap/observer/ExampleSubject_change.key 
60910      DEBUG main            d.u.i.k.p.i.AbstractProblemLoader Environment load took 163.4ns 
60911      INFO  main            d.u.i.k.p.i.AbstractProblemLoader Creating init config 
64333      DEBUG main            d.u.i.k.p.i.AbstractProblemLoader Init config took 3.42s 
64391      INFO  main            d.u.i.k.p.i.AbstractProblemLoader Replaying proof ExampleSubject[ExampleSubject::change()].JML normal_behavior operation contract.0 
64393      DEBUG main            d.u.i.k.p.i.IntermediateProofReplayer Proof replay took 7.7ns 
65216      INFO  main            d.u.i.k.p.r.p.TestFile    ... finished proof: closed. 
65518      INFO  main            d.u.i.k.p.i.AbstractProblemLoader Loading environment from /home/runner/work/key/key/key.core/../key.ui/examples/heap/observer/ExampleSubject_change.key.proof 
65522      DEBUG main            d.u.i.k.p.i.AbstractProblemLoader Environment load took 4.39ms 
65524      INFO  main            d.u.i.k.p.i.AbstractProblemLoader Creating init config 
68467      DEBUG main            d.u.i.k.p.i.AbstractProblemLoader Init config took 2.94s 
68517      INFO  main            d.u.i.k.p.i.AbstractProblemLoader Replaying proof ExampleSubject[ExampleSubject::change()].JML normal_behavior operation contract.0 
68587      DEBUG main            d.u.i.k.p.i.IntermediateProofReplayer Proof replay took 65.88ms 
68589      DEBUG main            d.u.i.k.p.r.p.TestFile    ... success: reloaded. 
68590      INFO  main            d.u.i.k.p.r.p.TestFile    Now processing file /home/runner/work/key/key/key.core/../key.ui/examples/heap/observer/ExampleSubject_ExampleSubject.key 
68590      INFO  main            d.u.i.k.p.i.AbstractProblemLoader Loading environment from /home/runner/work/key/key/key.core/../key.ui/examples/heap/observer/ExampleSubject_ExampleSubject.key 
68591      DEBUG main            d.u.i.k.p.i.AbstractProblemLoader Environment load took 201.1ns 
68592      INFO  main            d.u.i.k.p.i.AbstractProblemLoader Creating init config 
71642      DEBUG main            d.u.i.k.p.i.AbstractProblemLoader Init config took 3.05s 
71692      INFO  main            d.u.i.k.p.i.AbstractProblemLoader Replaying proof ExampleSubject[ExampleSubject::ExampleSubject()].JML normal_behavior operation contract.0 
71694      DEBUG main            d.u.i.k.p.i.IntermediateProofReplayer Proof replay took 6.2ns 
73000      INFO  main            d.u.i.k.p.r.p.TestFile    ... finished proof: closed. 
73251      INFO  main            d.u.i.k.p.i.AbstractProblemLoader Loading environment from /home/runner/work/key/key/key.core/../key.ui/examples/heap/observer/ExampleSubject_ExampleSubject.key.proof 
73251      DEBUG main            d.u.i.k.p.i.AbstractProblemLoader Environment load took 573ns 
73253      INFO  main            d.u.i.k.p.i.AbstractProblemLoader Creating init config 
76269      DEBUG main            d.u.i.k.p.i.AbstractProblemLoader Init config took 3.02s 
76318      INFO  main            d.u.i.k.p.i.AbstractProblemLoader Replaying proof ExampleSubject[ExampleSubject::ExampleSubject()].JML normal_behavior operation contract.0 
76495      DEBUG main            d.u.i.k.p.i.IntermediateProofReplayer Proof replay took 167.32ms 
76497      DEBUG main            d.u.i.k.p.r.p.TestFile    ... success: reloaded. 
76499      INFO  main            d.u.i.k.p.r.p.TestFile    Now processing file /home/runner/work/key/key/key.core/../key.ui/examples/heap/observer/ExampleSubject_footprint.key 
76500      INFO  main            d.u.i.k.p.i.AbstractProblemLoader Loading environment from /home/runner/work/key/key/key.core/../key.ui/examples/heap/observer/ExampleSubject_footprint.key 
76500      DEBUG main            d.u.i.k.p.i.AbstractProblemLoader Environment load took 327.5ns 
76501      INFO  main            d.u.i.k.p.i.AbstractProblemLoader Creating init config 
79371      DEBUG main            d.u.i.k.p.i.AbstractProblemLoader Init config took 2.87s 
79419      INFO  main            d.u.i.k.p.i.AbstractProblemLoader Replaying proof ExampleSubject[Subject::$footprint()].JML accessible clause.0 
79421      DEBUG main            d.u.i.k.p.i.IntermediateProofReplayer Proof replay took 6.6ns 
79524      INFO  main            d.u.i.k.p.r.p.TestFile    ... finished proof: closed. 
79759      INFO  main            d.u.i.k.p.i.AbstractProblemLoader Loading environment from /home/runner/work/key/key/key.core/../key.ui/examples/heap/observer/ExampleSubject_footprint.key.proof 
79759      DEBUG main            d.u.i.k.p.i.AbstractProblemLoader Environment load took 120.8ns 
79760      INFO  main            d.u.i.k.p.i.AbstractProblemLoader Creating init config 
82654      DEBUG main            d.u.i.k.p.i.AbstractProblemLoader Init config took 2.89s 
82705      INFO  main            d.u.i.k.p.i.AbstractProblemLoader Replaying proof ExampleSubject[Subject::$footprint()].JML accessible clause.0 
82721      DEBUG main            d.u.i.k.p.i.IntermediateProofReplayer Proof replay took 13.46ms 
82723      DEBUG main            d.u.i.k.p.r.p.TestFile    ... success: reloaded. 
82724      INFO  main            d.u.i.k.p.r.p.TestFile    Now processing file /home/runner/work/key/key/key.core/../key.ui/examples/heap/observer/ExampleSubject_inv.key 
82724      INFO  main            d.u.i.k.p.i.AbstractProblemLoader Loading environment from /home/runner/work/key/key/key.core/../key.ui/examples/heap/observer/ExampleSubject_inv.key 
82725      DEBUG main            d.u.i.k.p.i.AbstractProblemLoader Environment load took 271.9ns 
82726      INFO  main            d.u.i.k.p.i.AbstractProblemLoader Creating init config 
85635      DEBUG main            d.u.i.k.p.i.AbstractProblemLoader Init config took 2.91s 
85683      INFO  main            d.u.i.k.p.i.AbstractProblemLoader Replaying proof ExampleSubject[java.lang.Object::<inv>()].JML accessible clause.0 
85685      DEBUG main            d.u.i.k.p.i.IntermediateProofReplayer Proof replay took 7.2ns 
86993      INFO  main            d.u.i.k.p.r.p.TestFile    ... finished proof: closed. 
87252      INFO  main            d.u.i.k.p.i.AbstractProblemLoader Loading environment from /home/runner/work/key/key/key.core/../key.ui/examples/heap/observer/ExampleSubject_inv.key.proof 
87252      DEBUG main            d.u.i.k.p.i.AbstractProblemLoader Environment load took 209.9ns 
87253      INFO  main            d.u.i.k.p.i.AbstractProblemLoader Creating init config 
90121      DEBUG main            d.u.i.k.p.i.AbstractProblemLoader Init config took 2.87s 
90177      INFO  main            d.u.i.k.p.i.AbstractProblemLoader Replaying proof ExampleSubject[java.lang.Object::<inv>()].JML accessible clause.0 
90277      DEBUG main            d.u.i.k.p.i.IntermediateProofReplayer Proof replay took 92.25ms 
90278      DEBUG main            d.u.i.k.p.r.p.TestFile    ... success: reloaded. 
90280      INFO  main            d.u.i.k.p.r.p.TestFile    Now processing file /home/runner/work/key/key/key.core/../key.ui/examples/heap/observer/ExampleSubject_notifyObservers.key 
90280      INFO  main            d.u.i.k.p.i.AbstractProblemLoader Loading environment from /home/runner/work/key/key/key.core/../key.ui/examples/heap/observer/ExampleSubject_notifyObservers.key 
90281      DEBUG main            d.u.i.k.p.i.AbstractProblemLoader Environment load took 357.1ns 
90282      INFO  main            d.u.i.k.p.i.AbstractProblemLoader Creating init config 
93143      DEBUG main            d.u.i.k.p.i.AbstractProblemLoader Init config took 2.86s 
93193      INFO  main            d.u.i.k.p.i.AbstractProblemLoader Replaying proof Subject[Subject::notifyObservers()].JML normal_behavior operation contract.0 
93195      DEBUG main            d.u.i.k.p.i.IntermediateProofReplayer Proof replay took 6.3ns 
93300      INFO  main            d.u.i.k.p.r.p.TestFile    ... finished proof: closed. 
93529      INFO  main            d.u.i.k.p.i.AbstractProblemLoader Loading environment from /home/runner/work/key/key/key.core/../key.ui/examples/heap/observer/ExampleSubject_notifyObservers.key.proof 
93529      DEBUG main            d.u.i.k.p.i.AbstractProblemLoader Environment load took 171.3ns 
93530      INFO  main            d.u.i.k.p.i.AbstractProblemLoader Creating init config 
96321      DEBUG main            d.u.i.k.p.i.AbstractProblemLoader Init config took 2.79s 
96380      INFO  main            d.u.i.k.p.i.AbstractProblemLoader Replaying proof Subject[Subject::notifyObservers()].JML normal_behavior operation contract.0 
96384      DEBUG main            d.u.i.k.p.i.IntermediateProofReplayer Proof replay took 2.79ms 
96385      DEBUG main            d.u.i.k.p.r.p.TestFile    ... success: reloaded. 
96387      INFO  main            d.u.i.k.p.r.p.TestFile    Now processing file /home/runner/work/key/key/key.core/../key.ui/examples/heap/observer/ExampleSubject_value_dep.key 
96387      INFO  main            d.u.i.k.p.i.AbstractProblemLoader Loading environment from /home/runner/work/key/key/key.core/../key.ui/examples/heap/observer/ExampleSubject_value_dep.key 
96388      DEBUG main            d.u.i.k.p.i.AbstractProblemLoader Environment load took 257.7ns 
96389      INFO  main            d.u.i.k.p.i.AbstractProblemLoader Creating init config 
99482      DEBUG main            d.u.i.k.p.i.AbstractProblemLoader Init config took 3.09s 
99530      INFO  main            d.u.i.k.p.i.AbstractProblemLoader Replaying proof ExampleSubject[ExampleSubject::value()].JML accessible clause.0 
99532      DEBUG main            d.u.i.k.p.i.IntermediateProofReplayer Proof replay took 6.7ns 
99636      INFO  main            d.u.i.k.p.r.p.TestFile    ... finished proof: closed. 
99893      INFO  main            d.u.i.k.p.i.AbstractProblemLoader Loading environment from /home/runner/work/key/key/key.core/../key.ui/examples/heap/observer/ExampleSubject_value_dep.key.proof 
99893      DEBUG main            d.u.i.k.p.i.AbstractProblemLoader Environment load took 134.3ns 
99894      INFO  main            d.u.i.k.p.i.AbstractProblemLoader Creating init config 
102875     DEBUG main            d.u.i.k.p.i.AbstractProblemLoader Init config took 2.98s 
102954     INFO  main            d.u.i.k.p.i.AbstractProblemLoader Replaying proof ExampleSubject[ExampleSubject::value()].JML accessible clause.0 
102971     DEBUG main            d.u.i.k.p.i.IntermediateProofReplayer Proof replay took 14.97ms 
102972     DEBUG main            d.u.i.k.p.r.p.TestFile    ... success: reloaded. 
102974     INFO  main            d.u.i.k.p.r.p.TestFile    Now processing file /home/runner/work/key/key/key.core/../key.ui/examples/heap/observer/ExampleSubject_value.key 
102974     INFO  main            d.u.i.k.p.i.AbstractProblemLoader Loading environment from /home/runner/work/key/key/key.core/../key.ui/examples/heap/observer/ExampleSubject_value.key 
102974     DEBUG main            d.u.i.k.p.i.AbstractProblemLoader Environment load took 150.1ns 
102975     INFO  main            d.u.i.k.p.i.AbstractProblemLoader Creating init config 
106050     DEBUG main            d.u.i.k.p.i.AbstractProblemLoader Init config took 3.07s 
106097     INFO  main            d.u.i.k.p.i.AbstractProblemLoader Replaying proof ExampleSubject[ExampleSubject::value()].JML normal_behavior operation contract.0 
106099     DEBUG main            d.u.i.k.p.i.IntermediateProofReplayer Proof replay took 6.9ns 
106208     INFO  main            d.u.i.k.p.r.p.TestFile    ... finished proof: closed. 
106476     INFO  main            d.u.i.k.p.i.AbstractProblemLoader Loading environment from /home/runner/work/key/key/key.core/../key.ui/examples/heap/observer/ExampleSubject_value.key.proof 
106476     DEBUG main            d.u.i.k.p.i.AbstractProblemLoader Environment load took 116.1ns 
106477     INFO  main            d.u.i.k.p.i.AbstractProblemLoader Creating init config 
109255     DEBUG main            d.u.i.k.p.i.AbstractProblemLoader Init config took 2.78s 
109298     INFO  main            d.u.i.k.p.i.AbstractProblemLoader Replaying proof ExampleSubject[ExampleSubject::value()].JML normal_behavior operation contract.0 
109309     DEBUG main            d.u.i.k.p.i.IntermediateProofReplayer Proof replay took 9.24ms 
109310     DEBUG main            d.u.i.k.p.r.p.TestFile    ... success: reloaded. 
1730035    INFO  Test worker     d.u.i.k.p.r.p.StatisticsFile Returning from test observer 
1730041    INFO  Test worker     d.u.i.k.p.r.p.StatisticsFile Running test removeDups 
427        INFO  Timeout watchdog d.u.i.k.p.r.p.ForkedTestFileRunner Timeout watcher launched (2000 secs.) 
451        WARN  main            d.u.i.k.s.ProofSettings   The settings in /home/runner/.key/proof-settings.props are *not* read. 
506        INFO  main            d.u.i.k.p.r.p.TestFile    Now processing file /home/runner/work/key/key/key.core/../key.ui/examples/heap/removeDups/arrayPart.key 
631        INFO  main            d.u.i.k.p.i.AbstractProblemLoader Loading environment from /home/runner/work/key/key/key.core/../key.ui/examples/heap/removeDups/arrayPart.key 
657        DEBUG main            d.u.i.k.p.i.AbstractProblemLoader Environment load took 2.53ms 
910        INFO  main            d.u.i.k.p.i.AbstractProblemLoader Creating init config 
1859       DEBUG main            d.u.i.k.j.TypeConverter   No LDT found for Meta 
1860       DEBUG main            d.u.i.k.j.TypeConverter   No LDT found for Meta 
1861       DEBUG main            d.u.i.k.j.TypeConverter   No LDT found for Meta 
1862       DEBUG main            d.u.i.k.j.TypeConverter   No LDT found for Meta 
3335       DEBUG main            d.u.i.k.j.TypeConverter   No LDT found for JavaBigintExpression 
9411       DEBUG main            d.u.i.k.p.i.AbstractProblemLoader Init config took 8.5s 
9539       INFO  main            d.u.i.k.p.i.AbstractProblemLoader Replaying proof RemoveDup[RemoveDup::arrayPart([I,int)].JML normal_behavior operation contract.0 
9579       DEBUG main            d.u.i.k.p.i.IntermediateProofReplayer Proof replay took 28.1ns 
12714      INFO  main            d.u.i.k.p.r.p.TestFile    ... finished proof: closed. 
12862      INFO  main            d.u.i.k.p.i.AbstractProblemLoader Loading environment from /home/runner/work/key/key/key.core/../key.ui/examples/heap/removeDups/arrayPart.key.proof 
12866      DEBUG main            d.u.i.k.p.i.AbstractProblemLoader Environment load took 3.3ms 
12869      INFO  main            d.u.i.k.p.i.AbstractProblemLoader Creating init config 
16224      DEBUG main            d.u.i.k.p.i.AbstractProblemLoader Init config took 3.35s 
16291      INFO  main            d.u.i.k.p.i.AbstractProblemLoader Replaying proof RemoveDup[RemoveDup::arrayPart([I,int)].JML normal_behavior operation contract.0 
16588      DEBUG main            d.u.i.k.p.i.IntermediateProofReplayer Proof replay took 283.26ms 
16595      DEBUG main            d.u.i.k.p.r.p.TestFile    ... success: reloaded. 
16597      INFO  main            d.u.i.k.p.r.p.TestFile    Now processing file /home/runner/work/key/key/key.core/../key.ui/examples/heap/removeDups/contains.key 
16598      INFO  main            d.u.i.k.p.i.AbstractProblemLoader Loading environment from /home/runner/work/key/key/key.core/../key.ui/examples/heap/removeDups/contains.key 
16598      DEBUG main            d.u.i.k.p.i.AbstractProblemLoader Environment load took 269.1ns 
16600      INFO  main            d.u.i.k.p.i.AbstractProblemLoader Creating init config 
19742      DEBUG main            d.u.i.k.p.i.AbstractProblemLoader Init config took 3.14s 
19799      INFO  main            d.u.i.k.p.i.AbstractProblemLoader Replaying proof RemoveDup[RemoveDup::contains([I,int,int)].JML normal_behavior operation contract.0 
19801      DEBUG main            d.u.i.k.p.i.IntermediateProofReplayer Proof replay took 4.6ns 
20406      INFO  main            d.u.i.k.p.r.p.TestFile    ... finished proof: closed. 
20569      INFO  main            d.u.i.k.p.i.AbstractProblemLoader Loading environment from /home/runner/work/key/key/key.core/../key.ui/examples/heap/removeDups/contains.key.proof 
20573      DEBUG main            d.u.i.k.p.i.AbstractProblemLoader Environment load took 4.01ms 
20575      INFO  main            d.u.i.k.p.i.AbstractProblemLoader Creating init config 
23565      DEBUG main            d.u.i.k.p.i.AbstractProblemLoader Init config took 2.99s 
23616      INFO  main            d.u.i.k.p.i.AbstractProblemLoader Replaying proof RemoveDup[RemoveDup::contains([I,int,int)].JML normal_behavior operation contract.0 
23714      DEBUG main            d.u.i.k.p.i.IntermediateProofReplayer Proof replay took 93.42ms 
23715      DEBUG main            d.u.i.k.p.r.p.TestFile    ... success: reloaded. 
23717      INFO  main            d.u.i.k.p.r.p.TestFile    Now processing file /home/runner/work/key/key/key.core/../key.ui/examples/heap/removeDups/removeDup.key 
23717      INFO  main            d.u.i.k.p.i.AbstractProblemLoader Loading environment from /home/runner/work/key/key/key.core/../key.ui/examples/heap/removeDups/removeDup.key 
23717      DEBUG main            d.u.i.k.p.i.AbstractProblemLoader Environment load took 239.3ns 
23719      INFO  main            d.u.i.k.p.i.AbstractProblemLoader Creating init config 
26703      DEBUG main            d.u.i.k.p.i.AbstractProblemLoader Init config took 2.98s 
26759      INFO  main            d.u.i.k.p.i.AbstractProblemLoader Replaying proof RemoveDup[RemoveDup::removeDup([I)].JML normal_behavior operation contract.0 
26764      DEBUG main            d.u.i.k.p.i.IntermediateProofReplayer Proof replay took 6.6ns 
50279      INFO  main            d.u.i.k.p.r.p.TestFile    ... finished proof: closed. 
50599      INFO  main            d.u.i.k.p.i.AbstractProblemLoader Loading environment from /home/runner/work/key/key/key.core/../key.ui/examples/heap/removeDups/removeDup.key.proof 
50600      DEBUG main            d.u.i.k.p.i.AbstractProblemLoader Environment load took 595.5ns 
50605      INFO  main            d.u.i.k.p.i.AbstractProblemLoader Creating init config 
53848      DEBUG main            d.u.i.k.p.i.AbstractProblemLoader Init config took 3.24s 
53919      INFO  main            d.u.i.k.p.i.AbstractProblemLoader Replaying proof RemoveDup[RemoveDup::removeDup([I)].JML normal_behavior operation contract.0 
55452      DEBUG main            d.u.i.k.p.i.IntermediateProofReplayer Proof replay took 1.47s 
55456      DEBUG main            d.u.i.k.p.r.p.TestFile    ... success: reloaded. 
55458      INFO  main            d.u.i.k.p.r.p.TestFile    Now processing file /home/runner/work/key/key/key.core/../key.ui/examples/heap/saddleback_search/Saddleback_search.key 
55458      INFO  main            d.u.i.k.p.i.AbstractProblemLoader Loading environment from /home/runner/work/key/key/key.core/../key.ui/examples/heap/saddleback_search/Saddleback_search.key 
55460      DEBUG main            d.u.i.k.p.i.AbstractProblemLoader Environment load took 2.27ms 
55462      INFO  main            d.u.i.k.p.i.AbstractProblemLoader Creating init config 
58899      DEBUG main            d.u.i.k.p.i.AbstractProblemLoader Init config took 3.44s 
58949      INFO  main            d.u.i.k.p.i.AbstractProblemLoader Replaying proof Saddleback[Saddleback::search([[I,int)].JML normal_behavior operation contract.0 
58959      DEBUG main            d.u.i.k.p.i.IntermediateProofReplayer Proof replay took 5.3ns 
147595     INFO  main            d.u.i.k.p.r.p.TestFile    ... finished proof: closed. 
148066     INFO  main            d.u.i.k.p.i.AbstractProblemLoader Loading environment from /home/runner/work/key/key/key.core/../key.ui/examples/heap/saddleback_search/Saddleback_search.key.proof 
148067     DEBUG main            d.u.i.k.p.i.AbstractProblemLoader Environment load took 510.5ns 
148076     INFO  main            d.u.i.k.p.i.AbstractProblemLoader Creating init config 
151297     DEBUG main            d.u.i.k.p.i.AbstractProblemLoader Init config took 3.22s 
151357     INFO  main            d.u.i.k.p.i.AbstractProblemLoader Replaying proof Saddleback[Saddleback::search([[I,int)].JML normal_behavior operation contract.0 
153648     DEBUG main            d.u.i.k.p.i.IntermediateProofReplayer Proof replay took 2.14s 
153658     DEBUG main            d.u.i.k.p.r.p.TestFile    ... success: reloaded. 
1883876    INFO  Test worker     d.u.i.k.p.r.p.StatisticsFile Returning from test removeDups 
1883879    INFO  Test worker     d.u.i.k.p.r.p.StatisticsFile Running test quicksort 
512        INFO  Timeout watchdog d.u.i.k.p.r.p.ForkedTestFileRunner Timeout watcher launched (2000 secs.) 
542        WARN  main            d.u.i.k.s.ProofSettings   The settings in /home/runner/.key/proof-settings.props are *not* read. 
581        INFO  main            d.u.i.k.p.r.p.TestFile    Now processing file /home/runner/work/key/key/key.core/../key.ui/examples/heap/quicksort/toplevel.key 
707        INFO  main            d.u.i.k.p.i.AbstractProblemLoader Loading environment from /home/runner/work/key/key/key.core/../key.ui/examples/heap/quicksort/toplevel.key 
727        DEBUG main            d.u.i.k.p.i.AbstractProblemLoader Environment load took 2.14ms 
1017       INFO  main            d.u.i.k.p.i.AbstractProblemLoader Creating init config 
2419       DEBUG main            d.u.i.k.j.TypeConverter   No LDT found for Meta 
2420       DEBUG main            d.u.i.k.j.TypeConverter   No LDT found for Meta 
2421       DEBUG main            d.u.i.k.j.TypeConverter   No LDT found for Meta 
2421       DEBUG main            d.u.i.k.j.TypeConverter   No LDT found for Meta 
4463       DEBUG main            d.u.i.k.j.TypeConverter   No LDT found for JavaBigintExpression 
10808      DEBUG main            d.u.i.k.p.i.AbstractProblemLoader Init config took 9.79s 
10960      INFO  main            d.u.i.k.p.i.AbstractProblemLoader Replaying proof Quicksort[Quicksort::sort([I)].JML normal_behavior operation contract.0 
11004      DEBUG main            d.u.i.k.p.i.IntermediateProofReplayer Proof replay took 35.7ns 
12753      INFO  main            d.u.i.k.p.r.p.TestFile    ... finished proof: closed. 
12918      INFO  main            d.u.i.k.p.i.AbstractProblemLoader Loading environment from /home/runner/work/key/key/key.core/../key.ui/examples/heap/quicksort/toplevel.key.proof 
12919      DEBUG main            d.u.i.k.p.i.AbstractProblemLoader Environment load took 539.3ns 
12922      INFO  main            d.u.i.k.p.i.AbstractProblemLoader Creating init config 
16520      DEBUG main            d.u.i.k.p.i.AbstractProblemLoader Init config took 3.6s 
16601      INFO  main            d.u.i.k.p.i.AbstractProblemLoader Replaying proof Quicksort[Quicksort::sort([I)].JML normal_behavior operation contract.0 
16789      DEBUG main            d.u.i.k.p.i.IntermediateProofReplayer Proof replay took 178.88ms 
16798      DEBUG main            d.u.i.k.p.r.p.TestFile    ... success: reloaded. 
16800      INFO  main            d.u.i.k.p.r.p.TestFile    Now processing file /home/runner/work/key/key/key.core/../key.ui/examples/heap/quicksort/sort.key 
16801      INFO  main            d.u.i.k.p.i.AbstractProblemLoader Loading environment from /home/runner/work/key/key/key.core/../key.ui/examples/heap/quicksort/sort.key 
16801      DEBUG main            d.u.i.k.p.i.AbstractProblemLoader Environment load took 291.3ns 
16804      INFO  main            d.u.i.k.p.i.AbstractProblemLoader Creating init config 
20156      DEBUG main            d.u.i.k.p.i.AbstractProblemLoader Init config took 3.35s 
20233      INFO  main            d.u.i.k.p.i.AbstractProblemLoader Replaying proof Quicksort[Quicksort::sort([I,int,int)].JML normal_behavior operation contract.0 
20238      DEBUG main            d.u.i.k.p.i.IntermediateProofReplayer Proof replay took 6.9ns 
20288      DEBUG main            d.u.i.k.m.s.ProofScriptEngine [1] goal: 0, source line: 7, command: 'script 'sort.script'' 
20289      INFO  main            d.u.i.k.m.s.ProofScriptCommand Included script /home/runner/work/key/key/key.core/../key.ui/examples/heap/quicksort/sort.script 
20294      DEBUG main            d.u.i.k.m.s.ProofScriptEngine [1] goal: 0, source line: 1, command: 'macro autopilot-prep' 
21540      DEBUG main            d.u.i.k.m.s.ProofScriptEngine [2] goal: 358, source line: 3, command: 'select formula="{heapAtPre:=heap || exc:=null || heap:=heapAfter_sort_0}
   seq ...' 
21541      DEBUG main            d.u.i.k.m.s.ProofScriptEngine [3] goal: 358, source line: 9, command: 'macro simp-upd' 
21578      DEBUG main            d.u.i.k.m.s.ProofScriptEngine [4] goal: 369, source line: 11, command: 'let   @seqPre="seqDef{int u;}(0, array.length, array[u])"
    @seqSplit="seqDef ...' 
21601      DEBUG main            d.u.i.k.m.s.ProofScriptEngine [5] goal: 369, source line: 16, command: 'rule seqPermSym 
  formula="seqPerm(@seqSplit, @seqPre)"' 
21625      DEBUG main            d.u.i.k.m.s.ProofScriptEngine [6] goal: 370, source line: 19, command: 'rule seqPermSym
  formula="seqPerm(@seqSort, @seqSplit)"' 
21633      DEBUG main            d.u.i.k.m.s.ProofScriptEngine [7] goal: 371, source line: 22, command: 'rule seqPermSym
  formula="seqPerm(@seqSort0, @seqSort)"' 
21635      DEBUG main            d.u.i.k.m.s.ProofScriptEngine [8] goal: 372, source line: 25, command: 'rule seqPermTrans
  formula="seqPerm(@seqPre, @seqSplit)"' 
21637      DEBUG main            d.u.i.k.m.s.ProofScriptEngine [9] goal: 373, source line: 28, command: 'rule seqPermTrans
  formula="seqPerm(@seqPre, @seqSort)"' 
21638      DEBUG main            d.u.i.k.m.s.ProofScriptEngine [10] goal: 374, source line: 31, command: 'rule seqPermSym
  formula="seqPerm(@seqPre, @seqSort0)"' 
21641      DEBUG main            d.u.i.k.m.s.ProofScriptEngine [11] goal: 375, source line: 34, command: 'tryclose' 
51455      INFO  main            d.u.i.k.p.r.p.TestFile    ... finished proof: closed. 
51819      INFO  main            d.u.i.k.p.i.AbstractProblemLoader Loading environment from /home/runner/work/key/key/key.core/../key.ui/examples/heap/quicksort/sort.key.proof 
51819      DEBUG main            d.u.i.k.p.i.AbstractProblemLoader Environment load took 538.9ns 
51833      INFO  main            d.u.i.k.p.i.AbstractProblemLoader Creating init config 
55122      DEBUG main            d.u.i.k.p.i.AbstractProblemLoader Init config took 3.29s 
55178      INFO  main            d.u.i.k.p.i.AbstractProblemLoader Replaying proof Quicksort[Quicksort::sort([I,int,int)].JML normal_behavior operation contract.0 
57176      DEBUG main            d.u.i.k.p.i.IntermediateProofReplayer Proof replay took 1.86s 
57182      DEBUG main            d.u.i.k.p.r.p.TestFile    ... success: reloaded. 
57185      INFO  main            d.u.i.k.p.r.p.TestFile    Now processing file /home/runner/work/key/key/key.core/../key.ui/examples/heap/quicksort/split.key 
57186      INFO  main            d.u.i.k.p.i.AbstractProblemLoader Loading environment from /home/runner/work/key/key/key.core/../key.ui/examples/heap/quicksort/split.key 
57186      DEBUG main            d.u.i.k.p.i.AbstractProblemLoader Environment load took 262.9ns 
57187      INFO  main            d.u.i.k.p.i.AbstractProblemLoader Creating init config 
60551      DEBUG main            d.u.i.k.p.i.AbstractProblemLoader Init config took 3.36s 
60605      INFO  main            d.u.i.k.p.i.AbstractProblemLoader Replaying proof Quicksort[Quicksort::split([I,int,int)].JML normal_behavior operation contract.0 
60611      DEBUG main            d.u.i.k.p.i.IntermediateProofReplayer Proof replay took 6.7ns 
60612      DEBUG main            d.u.i.k.m.s.ProofScriptEngine [1] goal: 0, source line: 15, command: 'macro autopilot-prep' 
62124      DEBUG main            d.u.i.k.m.s.ProofScriptEngine [2] goal: 520, source line: 17, command: 'tryclose' 
105522     DEBUG main            d.u.i.k.m.s.ProofScriptEngine [3] goal: 495, source line: 20, command: 'macro simp-upd' 
105656     DEBUG main            d.u.i.k.m.s.ProofScriptEngine [4] goal: 495, source line: 25, command: 'rule seqPermFromSwap' 
105674     DEBUG main            d.u.i.k.m.s.ProofScriptEngine [5] goal: 40829, source line: 26, command: 'rule andRight' 
105679     DEBUG main            d.u.i.k.m.s.ProofScriptEngine [6] goal: 40830, source line: 27, command: 'auto' 
105704     DEBUG main            d.u.i.k.m.s.ProofScriptEngine [7] goal: 40831, source line: 29, command: 'instantiate hide var=iv with=i_0' 
105707     DEBUG main            d.u.i.k.m.s.ProofScriptEngine [8] goal: 40836, source line: 31, command: 'instantiate hide var=jv with=j_0' 
105710     DEBUG main            d.u.i.k.m.s.ProofScriptEngine [9] goal: 40837, source line: 32, command: 'auto' 
112784     DEBUG main            d.u.i.k.m.s.ProofScriptEngine [10] goal: 190, source line: 34, command: 'macro simp-upd' 
112902     DEBUG main            d.u.i.k.m.s.ProofScriptEngine [11] goal: 46168, source line: 36, command: 'rule seqPermFromSwap' 
112905     DEBUG main            d.u.i.k.m.s.ProofScriptEngine [12] goal: 46169, source line: 37, command: 'rule andRight' 
112908     DEBUG main            d.u.i.k.m.s.ProofScriptEngine [13] goal: 46170, source line: 38, command: 'auto' 
112926     DEBUG main            d.u.i.k.m.s.ProofScriptEngine [14] goal: 46171, source line: 40, command: 'instantiate hide var=iv with=i_0' 
112928     DEBUG main            d.u.i.k.m.s.ProofScriptEngine [15] goal: 46176, source line: 42, command: 'instantiate hide var=jv with=to' 
112931     DEBUG main            d.u.i.k.m.s.ProofScriptEngine [16] goal: 46177, source line: 43, command: 'auto' 
118418     INFO  main            d.u.i.k.p.r.p.TestFile    ... finished proof: closed. 
119129     INFO  main            d.u.i.k.p.i.AbstractProblemLoader Loading environment from /home/runner/work/key/key/key.core/../key.ui/examples/heap/quicksort/split.key.proof 
119129     DEBUG main            d.u.i.k.p.i.AbstractProblemLoader Environment load took 231.7ns 
119143     INFO  main            d.u.i.k.p.i.AbstractProblemLoader Creating init config 
122009     DEBUG main            d.u.i.k.p.i.AbstractProblemLoader Init config took 2.87s 
122066     INFO  main            d.u.i.k.p.i.AbstractProblemLoader Replaying proof Quicksort[Quicksort::split([I,int,int)].JML normal_behavior operation contract.0 
125469     DEBUG main            d.u.i.k.p.i.IntermediateProofReplayer Proof replay took 3.17s 
125525     DEBUG main            d.u.i.k.p.r.p.TestFile    ... success: reloaded. 
2010571    INFO  Test worker     d.u.i.k.p.r.p.StatisticsFile Returning from test quicksort 
2010574    INFO  Test worker     d.u.i.k.p.r.p.StatisticsFile Running test simpleTests 
459        INFO  Timeout watchdog d.u.i.k.p.r.p.ForkedTestFileRunner Timeout watcher launched (2000 secs.) 
497        WARN  main            d.u.i.k.s.ProofSettings   The settings in /home/runner/.key/proof-settings.props are *not* read. 
545        INFO  main            d.u.i.k.p.r.p.TestFile    Now processing file /home/runner/work/key/key/key.core/../key.ui/examples/heap/simple/anonymise_datagroup.key 
685        INFO  main            d.u.i.k.p.i.AbstractProblemLoader Loading environment from /home/runner/work/key/key/key.core/../key.ui/examples/heap/simple/anonymise_datagroup.key 
703        DEBUG main            d.u.i.k.p.i.AbstractProblemLoader Environment load took 2.2ms 
1003       INFO  main            d.u.i.k.p.i.AbstractProblemLoader Creating init config 
2145       DEBUG main            d.u.i.k.j.TypeConverter   No LDT found for Meta 
2146       DEBUG main            d.u.i.k.j.TypeConverter   No LDT found for Meta 
2151       DEBUG main            d.u.i.k.j.TypeConverter   No LDT found for Meta 
2152       DEBUG main            d.u.i.k.j.TypeConverter   No LDT found for Meta 
3711       DEBUG main            d.u.i.k.j.TypeConverter   No LDT found for JavaBigintExpression 
9592       DEBUG main            d.u.i.k.p.i.AbstractProblemLoader Init config took 8.59s 
9662       INFO  main            d.u.i.k.p.i.AbstractProblemLoader Replaying proof anonymise_datagroup.key 
9705       DEBUG main            d.u.i.k.p.i.IntermediateProofReplayer Proof replay took 41.3ns 
9997       INFO  main            d.u.i.k.p.r.p.TestFile    ... finished proof: closed. 
10104      INFO  main            d.u.i.k.p.i.AbstractProblemLoader Loading environment from /home/runner/work/key/key/key.core/../key.ui/examples/heap/simple/anonymise_datagroup.key.proof 
10104      DEBUG main            d.u.i.k.p.i.AbstractProblemLoader Environment load took 200.6ns 
10109      INFO  main            d.u.i.k.p.i.AbstractProblemLoader Creating init config 
12984      DEBUG main            d.u.i.k.p.i.AbstractProblemLoader Init config took 2.87s 
13035      INFO  main            d.u.i.k.p.i.AbstractProblemLoader Replaying proof anonymise_datagroup.key.proof 
13049      DEBUG main            d.u.i.k.p.i.IntermediateProofReplayer Proof replay took 9.79ms 
13061      DEBUG main            d.u.i.k.p.r.p.TestFile    ... success: reloaded. 
13063      INFO  main            d.u.i.k.p.r.p.TestFile    Now processing file /home/runner/work/key/key/key.core/../key.ui/examples/heap/simple/array_creation.key 
13063      INFO  main            d.u.i.k.p.i.AbstractProblemLoader Loading environment from /home/runner/work/key/key/key.core/../key.ui/examples/heap/simple/array_creation.key 
13064      DEBUG main            d.u.i.k.p.i.AbstractProblemLoader Environment load took 192.3ns 
13067      INFO  main            d.u.i.k.p.i.AbstractProblemLoader Creating init config 
16020      DEBUG main            d.u.i.k.p.i.AbstractProblemLoader Init config took 2.95s 
16056      INFO  main            d.u.i.k.p.i.AbstractProblemLoader Replaying proof array_creation.key 
16062      DEBUG main            d.u.i.k.p.i.IntermediateProofReplayer Proof replay took 7.9ns 
17071      INFO  main            d.u.i.k.p.r.p.TestFile    ... finished proof: closed. 
17240      INFO  main            d.u.i.k.p.i.AbstractProblemLoader Loading environment from /home/runner/work/key/key/key.core/../key.ui/examples/heap/simple/array_creation.key.proof 
17243      DEBUG main            d.u.i.k.p.i.AbstractProblemLoader Environment load took 2.6ms 
17244      INFO  main            d.u.i.k.p.i.AbstractProblemLoader Creating init config 
20184      DEBUG main            d.u.i.k.p.i.AbstractProblemLoader Init config took 2.94s 
20215      INFO  main            d.u.i.k.p.i.AbstractProblemLoader Replaying proof array_creation.key.proof 
20398      DEBUG main            d.u.i.k.p.i.IntermediateProofReplayer Proof replay took 176.94ms 
20402      DEBUG main            d.u.i.k.p.r.p.TestFile    ... success: reloaded. 
20404      INFO  main            d.u.i.k.p.r.p.TestFile    Now processing file /home/runner/work/key/key/key.core/../key.ui/examples/heap/simple/arrays_with_disjoint_sorts.key 
20406      INFO  main            d.u.i.k.p.i.AbstractProblemLoader Loading environment from /home/runner/work/key/key/key.core/../key.ui/examples/heap/simple/arrays_with_disjoint_sorts.key 
20406      DEBUG main            d.u.i.k.p.i.AbstractProblemLoader Environment load took 483.9ns 
20410      INFO  main            d.u.i.k.p.i.AbstractProblemLoader Creating init config 
23284      DEBUG main            d.u.i.k.p.i.AbstractProblemLoader Init config took 2.87s 
23310      INFO  main            d.u.i.k.p.i.AbstractProblemLoader Replaying proof arrays_with_disjoint_sorts.key 
23313      DEBUG main            d.u.i.k.p.i.IntermediateProofReplayer Proof replay took 7ns 
23518      INFO  main            d.u.i.k.p.r.p.TestFile    ... finished proof: closed. 
23702      INFO  main            d.u.i.k.p.i.AbstractProblemLoader Loading environment from /home/runner/work/key/key/key.core/../key.ui/examples/heap/simple/arrays_with_disjoint_sorts.key.proof 
23702      DEBUG main            d.u.i.k.p.i.AbstractProblemLoader Environment load took 485.4ns 
23704      INFO  main            d.u.i.k.p.i.AbstractProblemLoader Creating init config 
26506      DEBUG main            d.u.i.k.p.i.AbstractProblemLoader Init config took 2.8s 
26529      INFO  main            d.u.i.k.p.i.AbstractProblemLoader Replaying proof arrays_with_disjoint_sorts.key.proof 
26557      DEBUG main            d.u.i.k.p.i.IntermediateProofReplayer Proof replay took 24.07ms 
26558      DEBUG main            d.u.i.k.p.r.p.TestFile    ... success: reloaded. 
26559      INFO  main            d.u.i.k.p.r.p.TestFile    Now processing file /home/runner/work/key/key/key.core/../key.ui/examples/heap/simple/arrays.key 
26560      INFO  main            d.u.i.k.p.i.AbstractProblemLoader Loading environment from /home/runner/work/key/key/key.core/../key.ui/examples/heap/simple/arrays.key 
26560      DEBUG main            d.u.i.k.p.i.AbstractProblemLoader Environment load took 280.4ns 
26561      INFO  main            d.u.i.k.p.i.AbstractProblemLoader Creating init config 
29311      DEBUG main            d.u.i.k.p.i.AbstractProblemLoader Init config took 2.75s 
29333      INFO  main            d.u.i.k.p.i.AbstractProblemLoader Replaying proof arrays.key 
29336      DEBUG main            d.u.i.k.p.i.IntermediateProofReplayer Proof replay took 6.4ns 
29539      INFO  main            d.u.i.k.p.r.p.TestFile    ... finished proof: closed. 
29720      INFO  main            d.u.i.k.p.i.AbstractProblemLoader Loading environment from /home/runner/work/key/key/key.core/../key.ui/examples/heap/simple/arrays.key.proof 
29720      DEBUG main            d.u.i.k.p.i.AbstractProblemLoader Environment load took 132.9ns 
29721      INFO  main            d.u.i.k.p.i.AbstractProblemLoader Creating init config 
32449      DEBUG main            d.u.i.k.p.i.AbstractProblemLoader Init config took 2.73s 
32485      INFO  main            d.u.i.k.p.i.AbstractProblemLoader Replaying proof arrays.key.proof 
32509      DEBUG main            d.u.i.k.p.i.IntermediateProofReplayer Proof replay took 20.98ms 
32511      DEBUG main            d.u.i.k.p.r.p.TestFile    ... success: reloaded. 
32513      INFO  main            d.u.i.k.p.r.p.TestFile    Now processing file /home/runner/work/key/key/key.core/../key.ui/examples/heap/simple/attributes.key 
32513      INFO  main            d.u.i.k.p.i.AbstractProblemLoader Loading environment from /home/runner/work/key/key/key.core/../key.ui/examples/heap/simple/attributes.key 
32513      DEBUG main            d.u.i.k.p.i.AbstractProblemLoader Environment load took 295.5ns 
32515      INFO  main            d.u.i.k.p.i.AbstractProblemLoader Creating init config 
35274      DEBUG main            d.u.i.k.p.i.AbstractProblemLoader Init config took 2.76s 
35302      INFO  main            d.u.i.k.p.i.AbstractProblemLoader Replaying proof attributes.key 
35304      DEBUG main            d.u.i.k.p.i.IntermediateProofReplayer Proof replay took 6.2ns 
35407      INFO  main            d.u.i.k.p.r.p.TestFile    ... finished proof: closed. 
35574      INFO  main            d.u.i.k.p.i.AbstractProblemLoader Loading environment from /home/runner/work/key/key/key.core/../key.ui/examples/heap/simple/attributes.key.proof 
35575      DEBUG main            d.u.i.k.p.i.AbstractProblemLoader Environment load took 150.5ns 
35581      INFO  main            d.u.i.k.p.i.AbstractProblemLoader Creating init config 
38353      DEBUG main            d.u.i.k.p.i.AbstractProblemLoader Init config took 2.77s 
38376      INFO  main            d.u.i.k.p.i.AbstractProblemLoader Replaying proof attributes.key.proof 
38380      DEBUG main            d.u.i.k.p.i.IntermediateProofReplayer Proof replay took 1.56ms 
38381      DEBUG main            d.u.i.k.p.r.p.TestFile    ... success: reloaded. 
38382      INFO  main            d.u.i.k.p.r.p.TestFile    Now processing file /home/runner/work/key/key/key.core/../key.ui/examples/heap/simple/constructor_contracts.key 
38383      INFO  main            d.u.i.k.p.i.AbstractProblemLoader Loading environment from /home/runner/work/key/key/key.core/../key.ui/examples/heap/simple/constructor_contracts.key 
38383      DEBUG main            d.u.i.k.p.i.AbstractProblemLoader Environment load took 242.6ns 
38385      INFO  main            d.u.i.k.p.i.AbstractProblemLoader Creating init config 
41660      DEBUG main            d.u.i.k.p.i.AbstractProblemLoader Init config took 3.27s 
41710      INFO  main            d.u.i.k.p.i.AbstractProblemLoader Replaying proof constructor_contracts.key 
41712      DEBUG main            d.u.i.k.p.i.IntermediateProofReplayer Proof replay took 7.6ns 
42426      INFO  main            d.u.i.k.p.r.p.TestFile    ... finished proof: closed. 
42642      INFO  main            d.u.i.k.p.i.AbstractProblemLoader Loading environment from /home/runner/work/key/key/key.core/../key.ui/examples/heap/simple/constructor_contracts.key.proof 
42643      DEBUG main            d.u.i.k.p.i.AbstractProblemLoader Environment load took 557.2ns 
42645      INFO  main            d.u.i.k.p.i.AbstractProblemLoader Creating init config 
45754      DEBUG main            d.u.i.k.p.i.AbstractProblemLoader Init config took 3.11s 
45781      INFO  main            d.u.i.k.p.i.AbstractProblemLoader Replaying proof constructor_contracts.key.proof 
45894      DEBUG main            d.u.i.k.p.i.IntermediateProofReplayer Proof replay took 108.06ms 
45896      DEBUG main            d.u.i.k.p.r.p.TestFile    ... success: reloaded. 
45898      INFO  main            d.u.i.k.p.r.p.TestFile    Now processing file /home/runner/work/key/key/key.core/../key.ui/examples/heap/simple/dependencies.key 
45898      INFO  main            d.u.i.k.p.i.AbstractProblemLoader Loading environment from /home/runner/work/key/key/key.core/../key.ui/examples/heap/simple/dependencies.key 
45899      DEBUG main            d.u.i.k.p.i.AbstractProblemLoader Environment load took 237.3ns 
45900      INFO  main            d.u.i.k.p.i.AbstractProblemLoader Creating init config 
48706      DEBUG main            d.u.i.k.p.i.AbstractProblemLoader Init config took 2.81s 
48726      INFO  main            d.u.i.k.p.i.AbstractProblemLoader Replaying proof dependencies.key 
48727      DEBUG main            d.u.i.k.p.i.IntermediateProofReplayer Proof replay took 7.1ns 
48830      INFO  main            d.u.i.k.p.r.p.TestFile    ... finished proof: closed. 
49020      INFO  main            d.u.i.k.p.i.AbstractProblemLoader Loading environment from /home/runner/work/key/key/key.core/../key.ui/examples/heap/simple/dependencies.key.proof 
49020      DEBUG main            d.u.i.k.p.i.AbstractProblemLoader Environment load took 124.6ns 
49022      INFO  main            d.u.i.k.p.i.AbstractProblemLoader Creating init config 
51723      DEBUG main            d.u.i.k.p.i.AbstractProblemLoader Init config took 2.7s 
51744      INFO  main            d.u.i.k.p.i.AbstractProblemLoader Replaying proof dependencies.key.proof 
51754      DEBUG main            d.u.i.k.p.i.IntermediateProofReplayer Proof replay took 7.49ms 
51755      DEBUG main            d.u.i.k.p.r.p.TestFile    ... success: reloaded. 
51756      INFO  main            d.u.i.k.p.r.p.TestFile    Now processing file /home/runner/work/key/key/key.core/../key.ui/examples/heap/simple/dependency_contracts.key 
51756      INFO  main            d.u.i.k.p.i.AbstractProblemLoader Loading environment from /home/runner/work/key/key/key.core/../key.ui/examples/heap/simple/dependency_contracts.key 
51756      DEBUG main            d.u.i.k.p.i.AbstractProblemLoader Environment load took 125.1ns 
51759      INFO  main            d.u.i.k.p.i.AbstractProblemLoader Creating init config 
54824      DEBUG main            d.u.i.k.p.i.AbstractProblemLoader Init config took 3.07s 
54851      INFO  main            d.u.i.k.p.i.AbstractProblemLoader Replaying proof dependency_contracts.key 
54854      DEBUG main            d.u.i.k.p.i.IntermediateProofReplayer Proof replay took 6.1ns 
56366      INFO  main            d.u.i.k.p.r.p.TestFile    ... finished proof: closed. 
56580      INFO  main            d.u.i.k.p.i.AbstractProblemLoader Loading environment from /home/runner/work/key/key/key.core/../key.ui/examples/heap/simple/dependency_contracts.key.proof 
56581      DEBUG main            d.u.i.k.p.i.AbstractProblemLoader Environment load took 641.2ns 
56583      INFO  main            d.u.i.k.p.i.AbstractProblemLoader Creating init config 
59562      DEBUG main            d.u.i.k.p.i.AbstractProblemLoader Init config took 2.98s 
59585      INFO  main            d.u.i.k.p.i.AbstractProblemLoader Replaying proof dependency_contracts.key.proof 
59787      DEBUG main            d.u.i.k.p.i.IntermediateProofReplayer Proof replay took 191.42ms 
59789      DEBUG main            d.u.i.k.p.r.p.TestFile    ... success: reloaded. 
59791      INFO  main            d.u.i.k.p.r.p.TestFile    Now processing file /home/runner/work/key/key/key.core/../key.ui/examples/heap/simple/invariant_preservation.key 
59792      INFO  main            d.u.i.k.p.i.AbstractProblemLoader Loading environment from /home/runner/work/key/key/key.core/../key.ui/examples/heap/simple/invariant_preservation.key 
59792      DEBUG main            d.u.i.k.p.i.AbstractProblemLoader Environment load took 314ns 
59794      INFO  main            d.u.i.k.p.i.AbstractProblemLoader Creating init config 
62723      DEBUG main            d.u.i.k.p.i.AbstractProblemLoader Init config took 2.93s 
62745      INFO  main            d.u.i.k.p.i.AbstractProblemLoader Replaying proof invariant_preservation.key 
62747      DEBUG main            d.u.i.k.p.i.IntermediateProofReplayer Proof replay took 6.3ns 
62950      INFO  main            d.u.i.k.p.r.p.TestFile    ... finished proof: closed. 
63187      INFO  main            d.u.i.k.p.i.AbstractProblemLoader Loading environment from /home/runner/work/key/key/key.core/../key.ui/examples/heap/simple/invariant_preservation.key.proof 
63187      DEBUG main            d.u.i.k.p.i.AbstractProblemLoader Environment load took 149.3ns 
63189      INFO  main            d.u.i.k.p.i.AbstractProblemLoader Creating init config 
66153      DEBUG main            d.u.i.k.p.i.AbstractProblemLoader Init config took 2.96s 
66176      INFO  main            d.u.i.k.p.i.AbstractProblemLoader Replaying proof invariant_preservation.key.proof 
66212      DEBUG main            d.u.i.k.p.i.IntermediateProofReplayer Proof replay took 33.08ms 
66215      DEBUG main            d.u.i.k.p.r.p.TestFile    ... success: reloaded. 
66217      INFO  main            d.u.i.k.p.r.p.TestFile    Now processing file /home/runner/work/key/key/key.core/../key.ui/examples/heap/simple/locsets.key 
66217      INFO  main            d.u.i.k.p.i.AbstractProblemLoader Loading environment from /home/runner/work/key/key/key.core/../key.ui/examples/heap/simple/locsets.key 
66217      DEBUG main            d.u.i.k.p.i.AbstractProblemLoader Environment load took 308.6ns 
66219      INFO  main            d.u.i.k.p.i.AbstractProblemLoader Creating init config 
68843      DEBUG main            d.u.i.k.p.i.AbstractProblemLoader Init config took 2.62s 
68860      INFO  main            d.u.i.k.p.i.AbstractProblemLoader Replaying proof locsets.key 
68862      DEBUG main            d.u.i.k.p.i.IntermediateProofReplayer Proof replay took 7.3ns 
68970      INFO  main            d.u.i.k.p.r.p.TestFile    ... finished proof: closed. 
69180      INFO  main            d.u.i.k.p.i.AbstractProblemLoader Loading environment from /home/runner/work/key/key/key.core/../key.ui/examples/heap/simple/locsets.key.proof 
69180      DEBUG main            d.u.i.k.p.i.AbstractProblemLoader Environment load took 119.3ns 
69181      INFO  main            d.u.i.k.p.i.AbstractProblemLoader Creating init config 
71786      DEBUG main            d.u.i.k.p.i.AbstractProblemLoader Init config took 2.6s 
71808      INFO  main            d.u.i.k.p.i.AbstractProblemLoader Replaying proof locsets.key.proof 
71811      DEBUG main            d.u.i.k.p.i.IntermediateProofReplayer Proof replay took 1.72ms 
71812      DEBUG main            d.u.i.k.p.r.p.TestFile    ... success: reloaded. 
71813      INFO  main            d.u.i.k.p.r.p.TestFile    Now processing file /home/runner/work/key/key/key.core/../key.ui/examples/heap/simple/loop1.key 
71814      INFO  main            d.u.i.k.p.i.AbstractProblemLoader Loading environment from /home/runner/work/key/key/key.core/../key.ui/examples/heap/simple/loop1.key 
71814      DEBUG main            d.u.i.k.p.i.AbstractProblemLoader Environment load took 193.3ns 
71816      INFO  main            d.u.i.k.p.i.AbstractProblemLoader Creating init config 
74718      DEBUG main            d.u.i.k.p.i.AbstractProblemLoader Init config took 2.9s 
74736      INFO  main            d.u.i.k.p.i.AbstractProblemLoader Replaying proof loop1.key 
74738      DEBUG main            d.u.i.k.p.i.IntermediateProofReplayer Proof replay took 7.8ns 
74941      INFO  main            d.u.i.k.p.r.p.TestFile    ... finished proof: closed. 
75163      INFO  main            d.u.i.k.p.i.AbstractProblemLoader Loading environment from /home/runner/work/key/key/key.core/../key.ui/examples/heap/simple/loop1.key.proof 
75163      DEBUG main            d.u.i.k.p.i.AbstractProblemLoader Environment load took 210ns 
75165      INFO  main            d.u.i.k.p.i.AbstractProblemLoader Creating init config 
78027      DEBUG main            d.u.i.k.p.i.AbstractProblemLoader Init config took 2.86s 
78045      INFO  main            d.u.i.k.p.i.AbstractProblemLoader Replaying proof loop1.key.proof 
78105      DEBUG main            d.u.i.k.p.i.IntermediateProofReplayer Proof replay took 58.06ms 
78107      DEBUG main            d.u.i.k.p.r.p.TestFile    ... success: reloaded. 
78108      INFO  main            d.u.i.k.p.r.p.TestFile    Now processing file /home/runner/work/key/key/key.core/../key.ui/examples/heap/simple/loop2.key 
78108      INFO  main            d.u.i.k.p.i.AbstractProblemLoader Loading environment from /home/runner/work/key/key/key.core/../key.ui/examples/heap/simple/loop2.key 
78108      DEBUG main            d.u.i.k.p.i.AbstractProblemLoader Environment load took 109.3ns 
78110      INFO  main            d.u.i.k.p.i.AbstractProblemLoader Creating init config 
81056      DEBUG main            d.u.i.k.p.i.AbstractProblemLoader Init config took 2.95s 
81073      INFO  main            d.u.i.k.p.i.AbstractProblemLoader Replaying proof loop2.key 
81076      DEBUG main            d.u.i.k.p.i.IntermediateProofReplayer Proof replay took 6.7ns 
81782      INFO  main            d.u.i.k.p.r.p.TestFile    ... finished proof: closed. 
82028      INFO  main            d.u.i.k.p.i.AbstractProblemLoader Loading environment from /home/runner/work/key/key/key.core/../key.ui/examples/heap/simple/loop2.key.proof 
82029      DEBUG main            d.u.i.k.p.i.AbstractProblemLoader Environment load took 1.02ms 
82030      INFO  main            d.u.i.k.p.i.AbstractProblemLoader Creating init config 
84828      DEBUG main            d.u.i.k.p.i.AbstractProblemLoader Init config took 2.8s 
84857      INFO  main            d.u.i.k.p.i.AbstractProblemLoader Replaying proof loop2.key.proof 
84968      DEBUG main            d.u.i.k.p.i.IntermediateProofReplayer Proof replay took 104.96ms 
84970      DEBUG main            d.u.i.k.p.r.p.TestFile    ... success: reloaded. 
84972      INFO  main            d.u.i.k.p.r.p.TestFile    Now processing file /home/runner/work/key/key/key.core/../key.ui/examples/heap/simple/modifies_datagroup.key 
84972      INFO  main            d.u.i.k.p.i.AbstractProblemLoader Loading environment from /home/runner/work/key/key/key.core/../key.ui/examples/heap/simple/modifies_datagroup.key 
84972      DEBUG main            d.u.i.k.p.i.AbstractProblemLoader Environment load took 257ns 
84973      INFO  main            d.u.i.k.p.i.AbstractProblemLoader Creating init config 
87627      DEBUG main            d.u.i.k.p.i.AbstractProblemLoader Init config took 2.65s 
87643      INFO  main            d.u.i.k.p.i.AbstractProblemLoader Replaying proof modifies_datagroup.key 
87645      DEBUG main            d.u.i.k.p.i.IntermediateProofReplayer Proof replay took 7ns 
87750      INFO  main            d.u.i.k.p.r.p.TestFile    ... finished proof: closed. 
87977      INFO  main            d.u.i.k.p.i.AbstractProblemLoader Loading environment from /home/runner/work/key/key/key.core/../key.ui/examples/heap/simple/modifies_datagroup.key.proof 
87977      DEBUG main            d.u.i.k.p.i.AbstractProblemLoader Environment load took 142.7ns 
87979      INFO  main            d.u.i.k.p.i.AbstractProblemLoader Creating init config 
90619      DEBUG main            d.u.i.k.p.i.AbstractProblemLoader Init config took 2.64s 
90635      INFO  main            d.u.i.k.p.i.AbstractProblemLoader Replaying proof modifies_datagroup.key.proof 
90641      DEBUG main            d.u.i.k.p.i.IntermediateProofReplayer Proof replay took 3.71ms 
90642      DEBUG main            d.u.i.k.p.r.p.TestFile    ... success: reloaded. 
90642      INFO  main            d.u.i.k.p.r.p.TestFile    Now processing file /home/runner/work/key/key/key.core/../key.ui/examples/heap/simple/modifies.key 
90643      INFO  main            d.u.i.k.p.i.AbstractProblemLoader Loading environment from /home/runner/work/key/key/key.core/../key.ui/examples/heap/simple/modifies.key 
90643      DEBUG main            d.u.i.k.p.i.AbstractProblemLoader Environment load took 104.5ns 
90645      INFO  main            d.u.i.k.p.i.AbstractProblemLoader Creating init config 
93226      DEBUG main            d.u.i.k.p.i.AbstractProblemLoader Init config took 2.58s 
93241      INFO  main            d.u.i.k.p.i.AbstractProblemLoader Replaying proof modifies.key 
93242      DEBUG main            d.u.i.k.p.i.IntermediateProofReplayer Proof replay took 8.6ns 
93346      INFO  main            d.u.i.k.p.r.p.TestFile    ... finished proof: closed. 
93629      INFO  main            d.u.i.k.p.i.AbstractProblemLoader Loading environment from /home/runner/work/key/key/key.core/../key.ui/examples/heap/simple/modifies.key.proof 
93629      DEBUG main            d.u.i.k.p.i.AbstractProblemLoader Environment load took 130.9ns 
93631      INFO  main            d.u.i.k.p.i.AbstractProblemLoader Creating init config 
96270      DEBUG main            d.u.i.k.p.i.AbstractProblemLoader Init config took 2.64s 
96289      INFO  main            d.u.i.k.p.i.AbstractProblemLoader Replaying proof modifies.key.proof 
96304      DEBUG main            d.u.i.k.p.i.IntermediateProofReplayer Proof replay took 12.17ms 
96306      DEBUG main            d.u.i.k.p.r.p.TestFile    ... success: reloaded. 
96306      INFO  main            d.u.i.k.p.r.p.TestFile    Now processing file /home/runner/work/key/key/key.core/../key.ui/examples/heap/simple/object_creation.key 
96307      INFO  main            d.u.i.k.p.i.AbstractProblemLoader Loading environment from /home/runner/work/key/key/key.core/../key.ui/examples/heap/simple/object_creation.key 
96307      DEBUG main            d.u.i.k.p.i.AbstractProblemLoader Environment load took 209.1ns 
96308      INFO  main            d.u.i.k.p.i.AbstractProblemLoader Creating init config 
98959      DEBUG main            d.u.i.k.p.i.AbstractProblemLoader Init config took 2.65s 
98975      INFO  main            d.u.i.k.p.i.AbstractProblemLoader Replaying proof object_creation.key 
98977      DEBUG main            d.u.i.k.p.i.IntermediateProofReplayer Proof replay took 7.7ns 
99180      INFO  main            d.u.i.k.p.r.p.TestFile    ... finished proof: closed. 
99540      INFO  main            d.u.i.k.p.i.AbstractProblemLoader Loading environment from /home/runner/work/key/key/key.core/../key.ui/examples/heap/simple/object_creation.key.proof 
99540      DEBUG main            d.u.i.k.p.i.AbstractProblemLoader Environment load took 122.3ns 
99542      INFO  main            d.u.i.k.p.i.AbstractProblemLoader Creating init config 
102055     DEBUG main            d.u.i.k.p.i.AbstractProblemLoader Init config took 2.51s 
102070     INFO  main            d.u.i.k.p.i.AbstractProblemLoader Replaying proof object_creation.key.proof 
102120     DEBUG main            d.u.i.k.p.i.IntermediateProofReplayer Proof replay took 47.16ms 
102121     DEBUG main            d.u.i.k.p.r.p.TestFile    ... success: reloaded. 
102122     INFO  main            d.u.i.k.p.r.p.TestFile    Now processing file /home/runner/work/key/key/key.core/../key.ui/examples/heap/simple/operation_contracts.key 
102123     INFO  main            d.u.i.k.p.i.AbstractProblemLoader Loading environment from /home/runner/work/key/key/key.core/../key.ui/examples/heap/simple/operation_contracts.key 
102123     DEBUG main            d.u.i.k.p.i.AbstractProblemLoader Environment load took 230.9ns 
102125     INFO  main            d.u.i.k.p.i.AbstractProblemLoader Creating init config 
104911     DEBUG main            d.u.i.k.p.i.AbstractProblemLoader Init config took 2.79s 
104926     INFO  main            d.u.i.k.p.i.AbstractProblemLoader Replaying proof operation_contracts.key 
104928     DEBUG main            d.u.i.k.p.i.IntermediateProofReplayer Proof replay took 7.7ns 
105834     INFO  main            d.u.i.k.p.r.p.TestFile    ... finished proof: closed. 
106117     INFO  main            d.u.i.k.p.i.AbstractProblemLoader Loading environment from /home/runner/work/key/key/key.core/../key.ui/examples/heap/simple/operation_contracts.key.proof 
106121     DEBUG main            d.u.i.k.p.i.AbstractProblemLoader Environment load took 4.38ms 
106128     INFO  main            d.u.i.k.p.i.AbstractProblemLoader Creating init config 
108914     DEBUG main            d.u.i.k.p.i.AbstractProblemLoader Init config took 2.79s 
108930     INFO  main            d.u.i.k.p.i.AbstractProblemLoader Replaying proof operation_contracts.key.proof 
109081     DEBUG main            d.u.i.k.p.i.IntermediateProofReplayer Proof replay took 135.13ms 
109083     DEBUG main            d.u.i.k.p.r.p.TestFile    ... success: reloaded. 
109085     INFO  main            d.u.i.k.p.r.p.TestFile    Now processing file /home/runner/work/key/key/key.core/../key.ui/examples/heap/simple/select_store.key 
109085     INFO  main            d.u.i.k.p.i.AbstractProblemLoader Loading environment from /home/runner/work/key/key/key.core/../key.ui/examples/heap/simple/select_store.key 
109085     DEBUG main            d.u.i.k.p.i.AbstractProblemLoader Environment load took 268.3ns 
109086     INFO  main            d.u.i.k.p.i.AbstractProblemLoader Creating init config 
111690     DEBUG main            d.u.i.k.p.i.AbstractProblemLoader Init config took 2.6s 
111704     INFO  main            d.u.i.k.p.i.AbstractProblemLoader Replaying proof select_store.key 
111706     DEBUG main            d.u.i.k.p.i.IntermediateProofReplayer Proof replay took 7.5ns 
111811     INFO  main            d.u.i.k.p.r.p.TestFile    ... finished proof: closed. 
112098     INFO  main            d.u.i.k.p.i.AbstractProblemLoader Loading environment from /home/runner/work/key/key/key.core/../key.ui/examples/heap/simple/select_store.key.proof 
112098     DEBUG main            d.u.i.k.p.i.AbstractProblemLoader Environment load took 162.2ns 
112099     INFO  main            d.u.i.k.p.i.AbstractProblemLoader Creating init config 
114534     DEBUG main            d.u.i.k.p.i.AbstractProblemLoader Init config took 2.43s 
114548     INFO  main            d.u.i.k.p.i.AbstractProblemLoader Replaying proof select_store.key.proof 
114551     DEBUG main            d.u.i.k.p.i.IntermediateProofReplayer Proof replay took 1.89ms 
114552     DEBUG main            d.u.i.k.p.r.p.TestFile    ... success: reloaded. 
114553     INFO  main            d.u.i.k.p.r.p.TestFile    Now processing file /home/runner/work/key/key/key.core/../key.ui/examples/heap/simple/selection_sort.key 
114553     INFO  main            d.u.i.k.p.i.AbstractProblemLoader Loading environment from /home/runner/work/key/key/key.core/../key.ui/examples/heap/simple/selection_sort.key 
114553     DEBUG main            d.u.i.k.p.i.AbstractProblemLoader Environment load took 105.5ns 
114554     INFO  main            d.u.i.k.p.i.AbstractProblemLoader Creating init config 
117327     DEBUG main            d.u.i.k.p.i.AbstractProblemLoader Init config took 2.77s 
117343     INFO  main            d.u.i.k.p.i.AbstractProblemLoader Replaying proof selection_sort.key 
117347     DEBUG main            d.u.i.k.p.i.IntermediateProofReplayer Proof replay took 8ns 
121495     INFO  main            d.u.i.k.p.r.p.TestFile    ... finished proof: closed. 
121847     INFO  main            d.u.i.k.p.i.AbstractProblemLoader Loading environment from /home/runner/work/key/key/key.core/../key.ui/examples/heap/simple/selection_sort.key.proof 
121847     DEBUG main            d.u.i.k.p.i.AbstractProblemLoader Environment load took 121.4ns 
121849     INFO  main            d.u.i.k.p.i.AbstractProblemLoader Creating init config 
124653     DEBUG main            d.u.i.k.p.i.AbstractProblemLoader Init config took 2.8s 
124687     INFO  main            d.u.i.k.p.i.AbstractProblemLoader Replaying proof selection_sort.key.proof 
125267     DEBUG main            d.u.i.k.p.i.IntermediateProofReplayer Proof replay took 544.07ms 
125270     DEBUG main            d.u.i.k.p.r.p.TestFile    ... success: reloaded. 
125274     INFO  main            d.u.i.k.p.r.p.TestFile    Now processing file /home/runner/work/key/key/key.core/../key.ui/examples/heap/simple/seq.key 
125274     INFO  main            d.u.i.k.p.i.AbstractProblemLoader Loading environment from /home/runner/work/key/key/key.core/../key.ui/examples/heap/simple/seq.key 
125274     DEBUG main            d.u.i.k.p.i.AbstractProblemLoader Environment load took 189.9ns 
125276     INFO  main            d.u.i.k.p.i.AbstractProblemLoader Creating init config 
128071     DEBUG main            d.u.i.k.p.i.AbstractProblemLoader Init config took 2.79s 
128085     INFO  main            d.u.i.k.p.i.AbstractProblemLoader Replaying proof seq.key 
128086     DEBUG main            d.u.i.k.p.i.IntermediateProofReplayer Proof replay took 7.2ns 
128592     INFO  main            d.u.i.k.p.r.p.TestFile    ... finished proof: closed. 
128986     INFO  main            d.u.i.k.p.i.AbstractProblemLoader Loading environment from /home/runner/work/key/key/key.core/../key.ui/examples/heap/simple/seq.key.proof 
128986     DEBUG main            d.u.i.k.p.i.AbstractProblemLoader Environment load took 609.6ns 
128988     INFO  main            d.u.i.k.p.i.AbstractProblemLoader Creating init config 
131676     DEBUG main            d.u.i.k.p.i.AbstractProblemLoader Init config took 2.69s 
131690     INFO  main            d.u.i.k.p.i.AbstractProblemLoader Replaying proof seq.key.proof 
131728     DEBUG main            d.u.i.k.p.i.IntermediateProofReplayer Proof replay took 33.41ms 
131729     DEBUG main            d.u.i.k.p.r.p.TestFile    ... success: reloaded. 
131730     INFO  main            d.u.i.k.p.r.p.TestFile    Now processing file /home/runner/work/key/key/key.core/../key.ui/examples/heap/simple/oldForParams.key 
131731     INFO  main            d.u.i.k.p.i.AbstractProblemLoader Loading environment from /home/runner/work/key/key/key.core/../key.ui/examples/heap/simple/oldForParams.key 
131731     DEBUG main            d.u.i.k.p.i.AbstractProblemLoader Environment load took 138.5ns 
131732     INFO  main            d.u.i.k.p.i.AbstractProblemLoader Creating init config 
134535     DEBUG main            d.u.i.k.p.i.AbstractProblemLoader Init config took 2.8s 
134619     INFO  main            d.u.i.k.p.i.AbstractProblemLoader Replaying proof OldForParameters[OldForParameters::method(int)].JML operation contract.0 
134621     DEBUG main            d.u.i.k.p.i.IntermediateProofReplayer Proof replay took 22.8ns 
134824     INFO  main            d.u.i.k.p.r.p.TestFile    ... finished proof: closed. 
135181     INFO  main            d.u.i.k.p.i.AbstractProblemLoader Loading environment from /home/runner/work/key/key/key.core/../key.ui/examples/heap/simple/oldForParams.key.proof 
135181     DEBUG main            d.u.i.k.p.i.AbstractProblemLoader Environment load took 115.3ns 
135182     INFO  main            d.u.i.k.p.i.AbstractProblemLoader Creating init config 
137917     DEBUG main            d.u.i.k.p.i.AbstractProblemLoader Init config took 2.73s 
137961     INFO  main            d.u.i.k.p.i.AbstractProblemLoader Replaying proof OldForParameters[OldForParameters::method(int)].JML operation contract.0 
138004     DEBUG main            d.u.i.k.p.i.IntermediateProofReplayer Proof replay took 41.29ms 
138005     DEBUG main            d.u.i.k.p.r.p.TestFile    ... success: reloaded. 
138007     INFO  main            d.u.i.k.p.r.p.TestFile    Now processing file /home/runner/work/key/key/key.core/../key.ui/examples/heap/simple/parse_lmtd.key 
138007     INFO  main            d.u.i.k.p.i.AbstractProblemLoader Loading environment from /home/runner/work/key/key/key.core/../key.ui/examples/heap/simple/parse_lmtd.key 
138007     DEBUG main            d.u.i.k.p.i.AbstractProblemLoader Environment load took 105.8ns 
138008     INFO  main            d.u.i.k.p.i.AbstractProblemLoader Creating init config 
140791     DEBUG main            d.u.i.k.p.i.AbstractProblemLoader Init config took 2.78s 
140833     INFO  main            d.u.i.k.p.i.AbstractProblemLoader Replaying proof ParseLmtd[ParseLmtd::simple(int)].JML normal_behavior operation contract.0 
140834     DEBUG main            d.u.i.k.p.i.IntermediateProofReplayer Proof replay took 6.4ns 
141039     INFO  main            d.u.i.k.p.r.p.TestFile    ... finished proof: closed. 
141403     INFO  main            d.u.i.k.p.i.AbstractProblemLoader Loading environment from /home/runner/work/key/key/key.core/../key.ui/examples/heap/simple/parse_lmtd.key.proof 
141403     DEBUG main            d.u.i.k.p.i.AbstractProblemLoader Environment load took 104.4ns 
141404     INFO  main            d.u.i.k.p.i.AbstractProblemLoader Creating init config 
144087     DEBUG main            d.u.i.k.p.i.AbstractProblemLoader Init config took 2.68s 
144144     INFO  main            d.u.i.k.p.i.AbstractProblemLoader Replaying proof ParseLmtd[ParseLmtd::simple(int)].JML normal_behavior operation contract.0 
144168     DEBUG main            d.u.i.k.p.i.IntermediateProofReplayer Proof replay took 21.65ms 
144169     DEBUG main            d.u.i.k.p.r.p.TestFile    ... success: reloaded. 
144171     INFO  main            d.u.i.k.p.r.p.TestFile    Now processing file /home/runner/work/key/key/key.core/../key.ui/examples/heap/strictly_pure/strictlyPureMethod.key 
144171     INFO  main            d.u.i.k.p.i.AbstractProblemLoader Loading environment from /home/runner/work/key/key/key.core/../key.ui/examples/heap/strictly_pure/strictlyPureMethod.key 
144171     DEBUG main            d.u.i.k.p.i.AbstractProblemLoader Environment load took 228.3ns 
144172     INFO  main            d.u.i.k.p.i.AbstractProblemLoader Creating init config 
146783     DEBUG main            d.u.i.k.p.i.AbstractProblemLoader Init config took 2.61s 
146819     INFO  main            d.u.i.k.p.i.AbstractProblemLoader Replaying proof StrictlyPure[StrictlyPure::strictlyPureMethod()].JML operation contract.0 
146821     DEBUG main            d.u.i.k.p.i.IntermediateProofReplayer Proof replay took 5.7ns 
147026     INFO  main            d.u.i.k.p.r.p.TestFile    ... finished proof: closed. 
147301     INFO  main            d.u.i.k.p.i.AbstractProblemLoader Loading environment from /home/runner/work/key/key/key.core/../key.ui/examples/heap/strictly_pure/strictlyPureMethod.key.proof 
147301     DEBUG main            d.u.i.k.p.i.AbstractProblemLoader Environment load took 101.6ns 
147302     INFO  main            d.u.i.k.p.i.AbstractProblemLoader Creating init config 
149794     DEBUG main            d.u.i.k.p.i.AbstractProblemLoader Init config took 2.49s 
149833     INFO  main            d.u.i.k.p.i.AbstractProblemLoader Replaying proof StrictlyPure[StrictlyPure::strictlyPureMethod()].JML operation contract.0 
149868     DEBUG main            d.u.i.k.p.i.IntermediateProofReplayer Proof replay took 32.7ms 
149869     DEBUG main            d.u.i.k.p.r.p.TestFile    ... success: reloaded. 
149870     INFO  main            d.u.i.k.p.r.p.TestFile    Now processing file /home/runner/work/key/key/key.core/../key.ui/examples/heap/strictly_pure/useStrictlyPureMethod.key 
149870     INFO  main            d.u.i.k.p.i.AbstractProblemLoader Loading environment from /home/runner/work/key/key/key.core/../key.ui/examples/heap/strictly_pure/useStrictlyPureMethod.key 
149870     DEBUG main            d.u.i.k.p.i.AbstractProblemLoader Environment load took 88.6ns 
149871     INFO  main            d.u.i.k.p.i.AbstractProblemLoader Creating init config 
152418     DEBUG main            d.u.i.k.p.i.AbstractProblemLoader Init config took 2.55s 
152452     INFO  main            d.u.i.k.p.i.AbstractProblemLoader Replaying proof StrictlyPure[StrictlyPure::useStrictlyPureMethod(StrictlyPureClass)].JML operation contract.0 
152454     DEBUG main            d.u.i.k.p.i.IntermediateProofReplayer Proof replay took 6.6ns 
152656     INFO  main            d.u.i.k.p.r.p.TestFile    ... finished proof: closed. 
152959     INFO  main            d.u.i.k.p.i.AbstractProblemLoader Loading environment from /home/runner/work/key/key/key.core/../key.ui/examples/heap/strictly_pure/useStrictlyPureMethod.key.proof 
152959     DEBUG main            d.u.i.k.p.i.AbstractProblemLoader Environment load took 106.3ns 
152960     INFO  main            d.u.i.k.p.i.AbstractProblemLoader Creating init config 
155467     DEBUG main            d.u.i.k.p.i.AbstractProblemLoader Init config took 2.51s 
155503     INFO  main            d.u.i.k.p.i.AbstractProblemLoader Replaying proof StrictlyPure[StrictlyPure::useStrictlyPureMethod(StrictlyPureClass)].JML operation contract.0 
155552     DEBUG main            d.u.i.k.p.i.IntermediateProofReplayer Proof replay took 47.27ms 
155553     DEBUG main            d.u.i.k.p.r.p.TestFile    ... success: reloaded. 
155554     INFO  main            d.u.i.k.p.r.p.TestFile    Now processing file /home/runner/work/key/key/key.core/../key.ui/examples/heap/Wellfounded/ackermann.key 
155554     INFO  main            d.u.i.k.p.i.AbstractProblemLoader Loading environment from /home/runner/work/key/key/key.core/../key.ui/examples/heap/Wellfounded/ackermann.key 
155555     DEBUG main            d.u.i.k.p.i.AbstractProblemLoader Environment load took 103.9ns 
155556     INFO  main            d.u.i.k.p.i.AbstractProblemLoader Creating init config 
158150     DEBUG main            d.u.i.k.p.i.AbstractProblemLoader Init config took 2.59s 
158185     INFO  main            d.u.i.k.p.i.AbstractProblemLoader Replaying proof Ackermann[Ackermann::a(int,int)].JML normal_behavior operation contract.0 
158188     DEBUG main            d.u.i.k.p.i.IntermediateProofReplayer Proof replay took 7.2ns 
158492     INFO  main            d.u.i.k.p.r.p.TestFile    ... finished proof: closed. 
158822     INFO  main            d.u.i.k.p.i.AbstractProblemLoader Loading environment from /home/runner/work/key/key/key.core/../key.ui/examples/heap/Wellfounded/ackermann.key.proof 
158823     DEBUG main            d.u.i.k.p.i.AbstractProblemLoader Environment load took 470.6ns 
158824     INFO  main            d.u.i.k.p.i.AbstractProblemLoader Creating init config 
161336     DEBUG main            d.u.i.k.p.i.AbstractProblemLoader Init config took 2.51s 
161388     INFO  main            d.u.i.k.p.i.AbstractProblemLoader Replaying proof Ackermann[Ackermann::a(int,int)].JML normal_behavior operation contract.0 
161450     DEBUG main            d.u.i.k.p.i.IntermediateProofReplayer Proof replay took 57.18ms 
161451     DEBUG main            d.u.i.k.p.r.p.TestFile    ... success: reloaded. 
161452     INFO  main            d.u.i.k.p.r.p.TestFile    Now processing file /home/runner/work/key/key/key.core/../key.ui/examples/standard_key/unicode_test.key 
161453     INFO  main            d.u.i.k.p.i.AbstractProblemLoader Loading environment from /home/runner/work/key/key/key.core/../key.ui/examples/standard_key/unicode_test.key 
161453     DEBUG main            d.u.i.k.p.i.AbstractProblemLoader Environment load took 258.3ns 
161455     INFO  main            d.u.i.k.p.i.AbstractProblemLoader Creating init config 
163978     DEBUG main            d.u.i.k.p.i.AbstractProblemLoader Init config took 2.52s 
163991     INFO  main            d.u.i.k.p.i.AbstractProblemLoader Replaying proof unicode_test.key 
163993     DEBUG main            d.u.i.k.p.i.IntermediateProofReplayer Proof replay took 6.1ns 
164095     INFO  main            d.u.i.k.p.r.p.TestFile    ... finished proof: closed. 
164525     INFO  main            d.u.i.k.p.i.AbstractProblemLoader Loading environment from /home/runner/work/key/key/key.core/../key.ui/examples/standard_key/unicode_test.key.proof 
164525     DEBUG main            d.u.i.k.p.i.AbstractProblemLoader Environment load took 111ns 
164526     INFO  main            d.u.i.k.p.i.AbstractProblemLoader Creating init config 
167019     DEBUG main            d.u.i.k.p.i.AbstractProblemLoader Init config took 2.49s 
167032     INFO  main            d.u.i.k.p.i.AbstractProblemLoader Replaying proof unicode_test.key.proof 
167034     DEBUG main            d.u.i.k.p.i.IntermediateProofReplayer Proof replay took 384.7ns 
167035     DEBUG main            d.u.i.k.p.r.p.TestFile    ... success: reloaded. 
167036     INFO  main            d.u.i.k.p.r.p.TestFile    Now processing file /home/runner/work/key/key/key.core/../key.ui/examples/heap/strictlyModular/mayExpand.key 
167036     INFO  main            d.u.i.k.p.i.AbstractProblemLoader Loading environment from /home/runner/work/key/key/key.core/../key.ui/examples/heap/strictlyModular/mayExpand.key 
167036     DEBUG main            d.u.i.k.p.i.AbstractProblemLoader Environment load took 211.3ns 
167037     INFO  main            d.u.i.k.p.i.AbstractProblemLoader Creating init config 
169626     DEBUG main            d.u.i.k.p.i.AbstractProblemLoader Init config took 2.59s 
169670     INFO  main            d.u.i.k.p.i.AbstractProblemLoader Replaying proof Modular[Modular::m()].JML operation contract.0 
169673     DEBUG main            d.u.i.k.p.i.IntermediateProofReplayer Proof replay took 7.7ns 
169775     INFO  main            d.u.i.k.p.r.p.TestFile    ... finished proof: closed. 
170074     INFO  main            d.u.i.k.p.i.AbstractProblemLoader Loading environment from /home/runner/work/key/key/key.core/../key.ui/examples/heap/strictlyModular/mayExpand.key.proof 
170074     DEBUG main            d.u.i.k.p.i.AbstractProblemLoader Environment load took 95ns 
170076     INFO  main            d.u.i.k.p.i.AbstractProblemLoader Creating init config 
172709     DEBUG main            d.u.i.k.p.i.AbstractProblemLoader Init config took 2.63s 
172751     INFO  main            d.u.i.k.p.i.AbstractProblemLoader Replaying proof Modular[Modular::m()].JML operation contract.0 
172771     DEBUG main            d.u.i.k.p.i.IntermediateProofReplayer Proof replay took 17.3ms 
172773     DEBUG main            d.u.i.k.p.r.p.TestFile    ... success: reloaded. 
172774     INFO  main            d.u.i.k.p.r.p.TestFile    Now processing file /home/runner/work/key/key/key.core/../key.ui/examples/heap/strictlyModular/modularOnly.key 
172778     INFO  main            d.u.i.k.p.i.AbstractProblemLoader Loading environment from /home/runner/work/key/key/key.core/../key.ui/examples/heap/strictlyModular/modularOnly.key 
172779     DEBUG main            d.u.i.k.p.i.AbstractProblemLoader Environment load took 319.8ns 
172781     INFO  main            d.u.i.k.p.i.AbstractProblemLoader Creating init config 
175470     DEBUG main            d.u.i.k.p.i.AbstractProblemLoader Init config took 2.69s 
175512     INFO  main            d.u.i.k.p.i.AbstractProblemLoader Replaying proof Modular[Modular::m()].JML operation contract.0 
175513     DEBUG main            d.u.i.k.p.i.IntermediateProofReplayer Proof replay took 7.3ns 
175618     INFO  main            d.u.i.k.p.r.p.TestFile    ... finished proof: open goal(s) 
2186707    INFO  Test worker     d.u.i.k.p.r.p.StatisticsFile Returning from test simpleTests 
2186713    INFO  Test worker     d.u.i.k.p.r.p.StatisticsFile Running test SmansEtAl 
437        INFO  Timeout watchdog d.u.i.k.p.r.p.ForkedTestFileRunner Timeout watcher launched (2000 secs.) 
465        WARN  main            d.u.i.k.s.ProofSettings   The settings in /home/runner/.key/proof-settings.props are *not* read. 
520        INFO  main            d.u.i.k.p.r.p.TestFile    Now processing file /home/runner/work/key/key/key.core/../key.ui/examples/heap/SmansEtAl/ArrayList_add.key 
677        INFO  main            d.u.i.k.p.i.AbstractProblemLoader Loading environment from /home/runner/work/key/key/key.core/../key.ui/examples/heap/SmansEtAl/ArrayList_add.key 
707        DEBUG main            d.u.i.k.p.i.AbstractProblemLoader Environment load took 2.88ms 
997        INFO  main            d.u.i.k.p.i.AbstractProblemLoader Creating init config 
2105       DEBUG main            d.u.i.k.j.TypeConverter   No LDT found for Meta 
2106       DEBUG main            d.u.i.k.j.TypeConverter   No LDT found for Meta 
2109       DEBUG main            d.u.i.k.j.TypeConverter   No LDT found for Meta 
2110       DEBUG main            d.u.i.k.j.TypeConverter   No LDT found for Meta 
3779       DEBUG main            d.u.i.k.j.TypeConverter   No LDT found for JavaBigintExpression 
10277      DEBUG main            d.u.i.k.p.i.AbstractProblemLoader Init config took 9.28s 
10493      INFO  main            d.u.i.k.p.i.AbstractProblemLoader Replaying proof ArrayList[ArrayList::add(java.lang.Object)].JML normal_behavior operation contract.0 
10541      DEBUG main            d.u.i.k.p.i.IntermediateProofReplayer Proof replay took 32.9ns 
19519      INFO  main            d.u.i.k.p.r.p.TestFile    ... finished proof: closed. 
19777      INFO  main            d.u.i.k.p.i.AbstractProblemLoader Loading environment from /home/runner/work/key/key/key.core/../key.ui/examples/heap/SmansEtAl/ArrayList_add.key.proof 
19778      DEBUG main            d.u.i.k.p.i.AbstractProblemLoader Environment load took 1.73ms 
19784      INFO  main            d.u.i.k.p.i.AbstractProblemLoader Creating init config 
23517      DEBUG main            d.u.i.k.p.i.AbstractProblemLoader Init config took 3.73s 
23612      INFO  main            d.u.i.k.p.i.AbstractProblemLoader Replaying proof ArrayList[ArrayList::add(java.lang.Object)].JML normal_behavior operation contract.0 
24674      DEBUG main            d.u.i.k.p.i.IntermediateProofReplayer Proof replay took 1.02s 
24683      DEBUG main            d.u.i.k.p.r.p.TestFile    ... success: reloaded. 
24686      INFO  main            d.u.i.k.p.r.p.TestFile    Now processing file /home/runner/work/key/key/key.core/../key.ui/examples/heap/SmansEtAl/ArrayList_ArrayList.key 
24686      INFO  main            d.u.i.k.p.i.AbstractProblemLoader Loading environment from /home/runner/work/key/key/key.core/../key.ui/examples/heap/SmansEtAl/ArrayList_ArrayList.key 
24686      DEBUG main            d.u.i.k.p.i.AbstractProblemLoader Environment load took 243.8ns 
24688      INFO  main            d.u.i.k.p.i.AbstractProblemLoader Creating init config 
28168      DEBUG main            d.u.i.k.p.i.AbstractProblemLoader Init config took 3.48s 
28241      INFO  main            d.u.i.k.p.i.AbstractProblemLoader Replaying proof ArrayList[ArrayList::ArrayList()].JML normal_behavior operation contract.0 
28244      DEBUG main            d.u.i.k.p.i.IntermediateProofReplayer Proof replay took 19.6ns 
29751      INFO  main            d.u.i.k.p.r.p.TestFile    ... finished proof: closed. 
29952      INFO  main            d.u.i.k.p.i.AbstractProblemLoader Loading environment from /home/runner/work/key/key/key.core/../key.ui/examples/heap/SmansEtAl/ArrayList_ArrayList.key.proof 
29957      DEBUG main            d.u.i.k.p.i.AbstractProblemLoader Environment load took 4.74ms 
29963      INFO  main            d.u.i.k.p.i.AbstractProblemLoader Creating init config 
33334      DEBUG main            d.u.i.k.p.i.AbstractProblemLoader Init config took 3.37s 
33401      INFO  main            d.u.i.k.p.i.AbstractProblemLoader Replaying proof ArrayList[ArrayList::ArrayList()].JML normal_behavior operation contract.0 
33616      DEBUG main            d.u.i.k.p.i.IntermediateProofReplayer Proof replay took 202.6ms 
33619      DEBUG main            d.u.i.k.p.r.p.TestFile    ... success: reloaded. 
33622      INFO  main            d.u.i.k.p.r.p.TestFile    Now processing file /home/runner/work/key/key/key.core/../key.ui/examples/heap/SmansEtAl/ArrayList_footprint.key 
33622      INFO  main            d.u.i.k.p.i.AbstractProblemLoader Loading environment from /home/runner/work/key/key/key.core/../key.ui/examples/heap/SmansEtAl/ArrayList_footprint.key 
33622      DEBUG main            d.u.i.k.p.i.AbstractProblemLoader Environment load took 172.4ns 
33625      INFO  main            d.u.i.k.p.i.AbstractProblemLoader Creating init config 
37059      DEBUG main            d.u.i.k.p.i.AbstractProblemLoader Init config took 3.43s 
37113      INFO  main            d.u.i.k.p.i.AbstractProblemLoader Replaying proof ArrayList[ArrayList::$footprint()].JML accessible clause.0 
37116      DEBUG main            d.u.i.k.p.i.IntermediateProofReplayer Proof replay took 6.4ns 
37218      INFO  main            d.u.i.k.p.r.p.TestFile    ... finished proof: closed. 
37421      INFO  main            d.u.i.k.p.i.AbstractProblemLoader Loading environment from /home/runner/work/key/key/key.core/../key.ui/examples/heap/SmansEtAl/ArrayList_footprint.key.proof 
37421      DEBUG main            d.u.i.k.p.i.AbstractProblemLoader Environment load took 176ns 
37425      INFO  main            d.u.i.k.p.i.AbstractProblemLoader Creating init config 
40561      DEBUG main            d.u.i.k.p.i.AbstractProblemLoader Init config took 3.14s 
40609      INFO  main            d.u.i.k.p.i.AbstractProblemLoader Replaying proof ArrayList[ArrayList::$footprint()].JML accessible clause.0 
40623      DEBUG main            d.u.i.k.p.i.IntermediateProofReplayer Proof replay took 10.47ms 
40624      DEBUG main            d.u.i.k.p.r.p.TestFile    ... success: reloaded. 
40625      INFO  main            d.u.i.k.p.r.p.TestFile    Now processing file /home/runner/work/key/key/key.core/../key.ui/examples/heap/SmansEtAl/ArrayList_get_dep.key 
40626      INFO  main            d.u.i.k.p.i.AbstractProblemLoader Loading environment from /home/runner/work/key/key/key.core/../key.ui/examples/heap/SmansEtAl/ArrayList_get_dep.key 
40626      DEBUG main            d.u.i.k.p.i.AbstractProblemLoader Environment load took 270.4ns 
40627      INFO  main            d.u.i.k.p.i.AbstractProblemLoader Creating init config 
43773      DEBUG main            d.u.i.k.p.i.AbstractProblemLoader Init config took 3.15s 
43829      INFO  main            d.u.i.k.p.i.AbstractProblemLoader Replaying proof ArrayList[ArrayList::get(int)].JML accessible clause.0 
43833      DEBUG main            d.u.i.k.p.i.IntermediateProofReplayer Proof replay took 7.4ns 
44237      INFO  main            d.u.i.k.p.r.p.TestFile    ... finished proof: closed. 
44464      INFO  main            d.u.i.k.p.i.AbstractProblemLoader Loading environment from /home/runner/work/key/key/key.core/../key.ui/examples/heap/SmansEtAl/ArrayList_get_dep.key.proof 
44466      DEBUG main            d.u.i.k.p.i.AbstractProblemLoader Environment load took 1.37ms 
44467      INFO  main            d.u.i.k.p.i.AbstractProblemLoader Creating init config 
47508      DEBUG main            d.u.i.k.p.i.AbstractProblemLoader Init config took 3.04s 
47558      INFO  main            d.u.i.k.p.i.AbstractProblemLoader Replaying proof ArrayList[ArrayList::get(int)].JML accessible clause.0 
47612      DEBUG main            d.u.i.k.p.i.IntermediateProofReplayer Proof replay took 49.7ms 
47613      DEBUG main            d.u.i.k.p.r.p.TestFile    ... success: reloaded. 
47615      INFO  main            d.u.i.k.p.r.p.TestFile    Now processing file /home/runner/work/key/key/key.core/../key.ui/examples/heap/SmansEtAl/ArrayList_get.key 
47615      INFO  main            d.u.i.k.p.i.AbstractProblemLoader Loading environment from /home/runner/work/key/key/key.core/../key.ui/examples/heap/SmansEtAl/ArrayList_get.key 
47616      DEBUG main            d.u.i.k.p.i.AbstractProblemLoader Environment load took 271ns 
47617      INFO  main            d.u.i.k.p.i.AbstractProblemLoader Creating init config 
50740      DEBUG main            d.u.i.k.p.i.AbstractProblemLoader Init config took 3.12s 
50788      INFO  main            d.u.i.k.p.i.AbstractProblemLoader Replaying proof ArrayList[ArrayList::get(int)].JML normal_behavior operation contract.0 
50790      DEBUG main            d.u.i.k.p.i.IntermediateProofReplayer Proof replay took 5.4ns 
50994      INFO  main            d.u.i.k.p.r.p.TestFile    ... finished proof: closed. 
51202      INFO  main            d.u.i.k.p.i.AbstractProblemLoader Loading environment from /home/runner/work/key/key/key.core/../key.ui/examples/heap/SmansEtAl/ArrayList_get.key.proof 
51203      DEBUG main            d.u.i.k.p.i.AbstractProblemLoader Environment load took 850.4ns 
51204      INFO  main            d.u.i.k.p.i.AbstractProblemLoader Creating init config 
54210      DEBUG main            d.u.i.k.p.i.AbstractProblemLoader Init config took 3.01s 
54260      INFO  main            d.u.i.k.p.i.AbstractProblemLoader Replaying proof ArrayList[ArrayList::get(int)].JML normal_behavior operation contract.0 
54292      DEBUG main            d.u.i.k.p.i.IntermediateProofReplayer Proof replay took 29.37ms 
54293      DEBUG main            d.u.i.k.p.r.p.TestFile    ... success: reloaded. 
54294      INFO  main            d.u.i.k.p.r.p.TestFile    Now processing file /home/runner/work/key/key/key.core/../key.ui/examples/heap/SmansEtAl/ArrayList_inv.key 
54295      INFO  main            d.u.i.k.p.i.AbstractProblemLoader Loading environment from /home/runner/work/key/key/key.core/../key.ui/examples/heap/SmansEtAl/ArrayList_inv.key 
54295      DEBUG main            d.u.i.k.p.i.AbstractProblemLoader Environment load took 139ns 
54296      INFO  main            d.u.i.k.p.i.AbstractProblemLoader Creating init config 
57141      DEBUG main            d.u.i.k.p.i.AbstractProblemLoader Init config took 2.84s 
57186      INFO  main            d.u.i.k.p.i.AbstractProblemLoader Replaying proof ArrayList[java.lang.Object::<inv>()].JML accessible clause.0 
57187      DEBUG main            d.u.i.k.p.i.IntermediateProofReplayer Proof replay took 5.7ns 
57290      INFO  main            d.u.i.k.p.r.p.TestFile    ... finished proof: closed. 
57506      INFO  main            d.u.i.k.p.i.AbstractProblemLoader Loading environment from /home/runner/work/key/key/key.core/../key.ui/examples/heap/SmansEtAl/ArrayList_inv.key.proof 
57506      DEBUG main            d.u.i.k.p.i.AbstractProblemLoader Environment load took 142.5ns 
57507      INFO  main            d.u.i.k.p.i.AbstractProblemLoader Creating init config 
60451      DEBUG main            d.u.i.k.p.i.AbstractProblemLoader Init config took 2.94s 
60510      INFO  main            d.u.i.k.p.i.AbstractProblemLoader Replaying proof ArrayList[java.lang.Object::<inv>()].JML accessible clause.0 
60523      DEBUG main            d.u.i.k.p.i.IntermediateProofReplayer Proof replay took 10.4ms 
60524      DEBUG main            d.u.i.k.p.r.p.TestFile    ... success: reloaded. 
60525      INFO  main            d.u.i.k.p.r.p.TestFile    Now processing file /home/runner/work/key/key/key.core/../key.ui/examples/heap/SmansEtAl/ArrayList_size_dep.key 
60526      INFO  main            d.u.i.k.p.i.AbstractProblemLoader Loading environment from /home/runner/work/key/key/key.core/../key.ui/examples/heap/SmansEtAl/ArrayList_size_dep.key 
60526      DEBUG main            d.u.i.k.p.i.AbstractProblemLoader Environment load took 240.5ns 
60527      INFO  main            d.u.i.k.p.i.AbstractProblemLoader Creating init config 
63469      DEBUG main            d.u.i.k.p.i.AbstractProblemLoader Init config took 2.94s 
63513      INFO  main            d.u.i.k.p.i.AbstractProblemLoader Replaying proof ArrayList[ArrayList::size()].JML accessible clause.0 
63515      DEBUG main            d.u.i.k.p.i.IntermediateProofReplayer Proof replay took 6.7ns 
63617      INFO  main            d.u.i.k.p.r.p.TestFile    ... finished proof: closed. 
63870      INFO  main            d.u.i.k.p.i.AbstractProblemLoader Loading environment from /home/runner/work/key/key/key.core/../key.ui/examples/heap/SmansEtAl/ArrayList_size_dep.key.proof 
63870      DEBUG main            d.u.i.k.p.i.AbstractProblemLoader Environment load took 117.9ns 
63871      INFO  main            d.u.i.k.p.i.AbstractProblemLoader Creating init config 
66864      DEBUG main            d.u.i.k.p.i.AbstractProblemLoader Init config took 2.99s 
66906      INFO  main            d.u.i.k.p.i.AbstractProblemLoader Replaying proof ArrayList[ArrayList::size()].JML accessible clause.0 
66925      DEBUG main            d.u.i.k.p.i.IntermediateProofReplayer Proof replay took 14.41ms 
66926      DEBUG main            d.u.i.k.p.r.p.TestFile    ... success: reloaded. 
66927      INFO  main            d.u.i.k.p.r.p.TestFile    Now processing file /home/runner/work/key/key/key.core/../key.ui/examples/heap/SmansEtAl/ArrayList_size.key 
66927      INFO  main            d.u.i.k.p.i.AbstractProblemLoader Loading environment from /home/runner/work/key/key/key.core/../key.ui/examples/heap/SmansEtAl/ArrayList_size.key 
66928      DEBUG main            d.u.i.k.p.i.AbstractProblemLoader Environment load took 254.2ns 
66929      INFO  main            d.u.i.k.p.i.AbstractProblemLoader Creating init config 
69890      DEBUG main            d.u.i.k.p.i.AbstractProblemLoader Init config took 2.96s 
69932      INFO  main            d.u.i.k.p.i.AbstractProblemLoader Replaying proof ArrayList[ArrayList::size()].JML normal_behavior operation contract.0 
69933      DEBUG main            d.u.i.k.p.i.IntermediateProofReplayer Proof replay took 6.5ns 
70037      INFO  main            d.u.i.k.p.r.p.TestFile    ... finished proof: closed. 
70274      INFO  main            d.u.i.k.p.i.AbstractProblemLoader Loading environment from /home/runner/work/key/key/key.core/../key.ui/examples/heap/SmansEtAl/ArrayList_size.key.proof 
70274      DEBUG main            d.u.i.k.p.i.AbstractProblemLoader Environment load took 124ns 
70275      INFO  main            d.u.i.k.p.i.AbstractProblemLoader Creating init config 
73184      DEBUG main            d.u.i.k.p.i.AbstractProblemLoader Init config took 2.91s 
73229      INFO  main            d.u.i.k.p.i.AbstractProblemLoader Replaying proof ArrayList[ArrayList::size()].JML normal_behavior operation contract.0 
73245      DEBUG main            d.u.i.k.p.i.IntermediateProofReplayer Proof replay took 14.04ms 
73246      DEBUG main            d.u.i.k.p.r.p.TestFile    ... success: reloaded. 
73248      INFO  main            d.u.i.k.p.r.p.TestFile    Now processing file /home/runner/work/key/key/key.core/../key.ui/examples/heap/SmansEtAl/Cell_Cell.key 
73249      INFO  main            d.u.i.k.p.i.AbstractProblemLoader Loading environment from /home/runner/work/key/key/key.core/../key.ui/examples/heap/SmansEtAl/Cell_Cell.key 
73249      DEBUG main            d.u.i.k.p.i.AbstractProblemLoader Environment load took 340ns 
73250      INFO  main            d.u.i.k.p.i.AbstractProblemLoader Creating init config 
76140      DEBUG main            d.u.i.k.p.i.AbstractProblemLoader Init config took 2.89s 
76188      INFO  main            d.u.i.k.p.i.AbstractProblemLoader Replaying proof Cell[Cell::Cell()].JML normal_behavior operation contract.0 
76190      DEBUG main            d.u.i.k.p.i.IntermediateProofReplayer Proof replay took 6ns 
76392      INFO  main            d.u.i.k.p.r.p.TestFile    ... finished proof: closed. 
76635      INFO  main            d.u.i.k.p.i.AbstractProblemLoader Loading environment from /home/runner/work/key/key/key.core/../key.ui/examples/heap/SmansEtAl/Cell_Cell.key.proof 
76636      DEBUG main            d.u.i.k.p.i.AbstractProblemLoader Environment load took 158.1ns 
76637      INFO  main            d.u.i.k.p.i.AbstractProblemLoader Creating init config 
79527      DEBUG main            d.u.i.k.p.i.AbstractProblemLoader Init config took 2.89s 
79568      INFO  main            d.u.i.k.p.i.AbstractProblemLoader Replaying proof Cell[Cell::Cell()].JML normal_behavior operation contract.0 
79610      DEBUG main            d.u.i.k.p.i.IntermediateProofReplayer Proof replay took 38.82ms 
79611      DEBUG main            d.u.i.k.p.r.p.TestFile    ... success: reloaded. 
79613      INFO  main            d.u.i.k.p.r.p.TestFile    Now processing file /home/runner/work/key/key/key.core/../key.ui/examples/heap/SmansEtAl/Cell_footprint.key 
79613      INFO  main            d.u.i.k.p.i.AbstractProblemLoader Loading environment from /home/runner/work/key/key/key.core/../key.ui/examples/heap/SmansEtAl/Cell_footprint.key 
79614      DEBUG main            d.u.i.k.p.i.AbstractProblemLoader Environment load took 239.9ns 
79615      INFO  main            d.u.i.k.p.i.AbstractProblemLoader Creating init config 
82632      DEBUG main            d.u.i.k.p.i.AbstractProblemLoader Init config took 3.02s 
82670      INFO  main            d.u.i.k.p.i.AbstractProblemLoader Replaying proof Cell[Cell::$footprint()].JML accessible clause.0 
82672      DEBUG main            d.u.i.k.p.i.IntermediateProofReplayer Proof replay took 5.6ns 
82775      INFO  main            d.u.i.k.p.r.p.TestFile    ... finished proof: closed. 
83013      INFO  main            d.u.i.k.p.i.AbstractProblemLoader Loading environment from /home/runner/work/key/key/key.core/../key.ui/examples/heap/SmansEtAl/Cell_footprint.key.proof 
83014      DEBUG main            d.u.i.k.p.i.AbstractProblemLoader Environment load took 121.6ns 
83015      INFO  main            d.u.i.k.p.i.AbstractProblemLoader Creating init config 
85986      DEBUG main            d.u.i.k.p.i.AbstractProblemLoader Init config took 2.97s 
86022      INFO  main            d.u.i.k.p.i.AbstractProblemLoader Replaying proof Cell[Cell::$footprint()].JML accessible clause.0 
86028      DEBUG main            d.u.i.k.p.i.IntermediateProofReplayer Proof replay took 3.44ms 
86029      DEBUG main            d.u.i.k.p.r.p.TestFile    ... success: reloaded. 
86030      INFO  main            d.u.i.k.p.r.p.TestFile    Now processing file /home/runner/work/key/key/key.core/../key.ui/examples/heap/SmansEtAl/Cell_getX_dep.key 
86030      INFO  main            d.u.i.k.p.i.AbstractProblemLoader Loading environment from /home/runner/work/key/key/key.core/../key.ui/examples/heap/SmansEtAl/Cell_getX_dep.key 
86031      DEBUG main            d.u.i.k.p.i.AbstractProblemLoader Environment load took 189.52ns 
86032      INFO  main            d.u.i.k.p.i.AbstractProblemLoader Creating init config 
89053      DEBUG main            d.u.i.k.p.i.AbstractProblemLoader Init config took 3.02s 
89093      INFO  main            d.u.i.k.p.i.AbstractProblemLoader Replaying proof Cell[Cell::getX()].JML accessible clause.0 
89095      DEBUG main            d.u.i.k.p.i.IntermediateProofReplayer Proof replay took 7ns 
89198      INFO  main            d.u.i.k.p.r.p.TestFile    ... finished proof: closed. 
89454      INFO  main            d.u.i.k.p.i.AbstractProblemLoader Loading environment from /home/runner/work/key/key/key.core/../key.ui/examples/heap/SmansEtAl/Cell_getX_dep.key.proof 
89454      DEBUG main            d.u.i.k.p.i.AbstractProblemLoader Environment load took 129.4ns 
89456      INFO  main            d.u.i.k.p.i.AbstractProblemLoader Creating init config 
92434      DEBUG main            d.u.i.k.p.i.AbstractProblemLoader Init config took 2.98s 
92473      INFO  main            d.u.i.k.p.i.AbstractProblemLoader Replaying proof Cell[Cell::getX()].JML accessible clause.0 
92492      DEBUG main            d.u.i.k.p.i.IntermediateProofReplayer Proof replay took 13.68ms 
92493      DEBUG main            d.u.i.k.p.r.p.TestFile    ... success: reloaded. 
92495      INFO  main            d.u.i.k.p.r.p.TestFile    Now processing file /home/runner/work/key/key/key.core/../key.ui/examples/heap/SmansEtAl/Cell_getX.key 
92495      INFO  main            d.u.i.k.p.i.AbstractProblemLoader Loading environment from /home/runner/work/key/key/key.core/../key.ui/examples/heap/SmansEtAl/Cell_getX.key 
92495      DEBUG main            d.u.i.k.p.i.AbstractProblemLoader Environment load took 184.2ns 
92496      INFO  main            d.u.i.k.p.i.AbstractProblemLoader Creating init config 
95354      DEBUG main            d.u.i.k.p.i.AbstractProblemLoader Init config took 2.86s 
95392      INFO  main            d.u.i.k.p.i.AbstractProblemLoader Replaying proof Cell[Cell::getX()].JML normal_behavior operation contract.0 
95394      DEBUG main            d.u.i.k.p.i.IntermediateProofReplayer Proof replay took 6.8ns 
95498      INFO  main            d.u.i.k.p.r.p.TestFile    ... finished proof: closed. 
95750      INFO  main            d.u.i.k.p.i.AbstractProblemLoader Loading environment from /home/runner/work/key/key/key.core/../key.ui/examples/heap/SmansEtAl/Cell_getX.key.proof 
95750      DEBUG main            d.u.i.k.p.i.AbstractProblemLoader Environment load took 157.5ns 
95751      INFO  main            d.u.i.k.p.i.AbstractProblemLoader Creating init config 
98612      DEBUG main            d.u.i.k.p.i.AbstractProblemLoader Init config took 2.86s 
98651      INFO  main            d.u.i.k.p.i.AbstractProblemLoader Replaying proof Cell[Cell::getX()].JML normal_behavior operation contract.0 
98668      DEBUG main            d.u.i.k.p.i.IntermediateProofReplayer Proof replay took 13.25ms 
98670      DEBUG main            d.u.i.k.p.r.p.TestFile    ... success: reloaded. 
98672      INFO  main            d.u.i.k.p.r.p.TestFile    Now processing file /home/runner/work/key/key/key.core/../key.ui/examples/heap/SmansEtAl/Cell_inv.key 
98672      INFO  main            d.u.i.k.p.i.AbstractProblemLoader Loading environment from /home/runner/work/key/key/key.core/../key.ui/examples/heap/SmansEtAl/Cell_inv.key 
98673      DEBUG main            d.u.i.k.p.i.AbstractProblemLoader Environment load took 230.4ns 
98674      INFO  main            d.u.i.k.p.i.AbstractProblemLoader Creating init config 
101576     DEBUG main            d.u.i.k.p.i.AbstractProblemLoader Init config took 2.9s 
101630     INFO  main            d.u.i.k.p.i.AbstractProblemLoader Replaying proof Cell[java.lang.Object::<inv>()].JML accessible clause.0 
101632     DEBUG main            d.u.i.k.p.i.IntermediateProofReplayer Proof replay took 6.5ns 
101737     INFO  main            d.u.i.k.p.r.p.TestFile    ... finished proof: closed. 
101981     INFO  main            d.u.i.k.p.i.AbstractProblemLoader Loading environment from /home/runner/work/key/key/key.core/../key.ui/examples/heap/SmansEtAl/Cell_inv.key.proof 
101981     DEBUG main            d.u.i.k.p.i.AbstractProblemLoader Environment load took 140.21ns 
101982     INFO  main            d.u.i.k.p.i.AbstractProblemLoader Creating init config 
104727     DEBUG main            d.u.i.k.p.i.AbstractProblemLoader Init config took 2.75s 
104761     INFO  main            d.u.i.k.p.i.AbstractProblemLoader Replaying proof Cell[java.lang.Object::<inv>()].JML accessible clause.0 
104764     DEBUG main            d.u.i.k.p.i.IntermediateProofReplayer Proof replay took 1.62ms 
104765     DEBUG main            d.u.i.k.p.r.p.TestFile    ... success: reloaded. 
104766     INFO  main            d.u.i.k.p.r.p.TestFile    Now processing file /home/runner/work/key/key/key.core/../key.ui/examples/heap/SmansEtAl/Cell_setX.key 
104767     INFO  main            d.u.i.k.p.i.AbstractProblemLoader Loading environment from /home/runner/work/key/key/key.core/../key.ui/examples/heap/SmansEtAl/Cell_setX.key 
104767     DEBUG main            d.u.i.k.p.i.AbstractProblemLoader Environment load took 114ns 
104768     INFO  main            d.u.i.k.p.i.AbstractProblemLoader Creating init config 
107583     DEBUG main            d.u.i.k.p.i.AbstractProblemLoader Init config took 2.82s 
107616     INFO  main            d.u.i.k.p.i.AbstractProblemLoader Replaying proof Cell[Cell::setX(int)].JML normal_behavior operation contract.0 
107618     DEBUG main            d.u.i.k.p.i.IntermediateProofReplayer Proof replay took 5.7ns 
107721     INFO  main            d.u.i.k.p.r.p.TestFile    ... finished proof: closed. 
107990     INFO  main            d.u.i.k.p.i.AbstractProblemLoader Loading environment from /home/runner/work/key/key/key.core/../key.ui/examples/heap/SmansEtAl/Cell_setX.key.proof 
107990     DEBUG main            d.u.i.k.p.i.AbstractProblemLoader Environment load took 106.9ns 
107991     INFO  main            d.u.i.k.p.i.AbstractProblemLoader Creating init config 
110788     DEBUG main            d.u.i.k.p.i.AbstractProblemLoader Init config took 2.8s 
110825     INFO  main            d.u.i.k.p.i.AbstractProblemLoader Replaying proof Cell[Cell::setX(int)].JML normal_behavior operation contract.0 
110847     DEBUG main            d.u.i.k.p.i.IntermediateProofReplayer Proof replay took 19.74ms 
110848     DEBUG main            d.u.i.k.p.r.p.TestFile    ... success: reloaded. 
110849     INFO  main            d.u.i.k.p.r.p.TestFile    Now processing file /home/runner/work/key/key/key.core/../key.ui/examples/heap/SmansEtAl/CellClient_m.key 
110850     INFO  main            d.u.i.k.p.i.AbstractProblemLoader Loading environment from /home/runner/work/key/key/key.core/../key.ui/examples/heap/SmansEtAl/CellClient_m.key 
110850     DEBUG main            d.u.i.k.p.i.AbstractProblemLoader Environment load took 243.6ns 
110851     INFO  main            d.u.i.k.p.i.AbstractProblemLoader Creating init config 
113623     DEBUG main            d.u.i.k.p.i.AbstractProblemLoader Init config took 2.77s 
113656     INFO  main            d.u.i.k.p.i.AbstractProblemLoader Replaying proof CellClient[CellClient::m()].JML operation contract.0 
113658     DEBUG main            d.u.i.k.p.i.IntermediateProofReplayer Proof replay took 5.4ns 
114266     INFO  main            d.u.i.k.p.r.p.TestFile    ... finished proof: closed. 
114555     INFO  main            d.u.i.k.p.i.AbstractProblemLoader Loading environment from /home/runner/work/key/key/key.core/../key.ui/examples/heap/SmansEtAl/CellClient_m.key.proof 
114555     DEBUG main            d.u.i.k.p.i.AbstractProblemLoader Environment load took 501.1ns 
114556     INFO  main            d.u.i.k.p.i.AbstractProblemLoader Creating init config 
117329     DEBUG main            d.u.i.k.p.i.AbstractProblemLoader Init config took 2.77s 
117396     INFO  main            d.u.i.k.p.i.AbstractProblemLoader Replaying proof CellClient[CellClient::m()].JML operation contract.0 
117509     DEBUG main            d.u.i.k.p.i.IntermediateProofReplayer Proof replay took 107.85ms 
117510     DEBUG main            d.u.i.k.p.r.p.TestFile    ... success: reloaded. 
117515     INFO  main            d.u.i.k.p.r.p.TestFile    Now processing file /home/runner/work/key/key/key.core/../key.ui/examples/heap/SmansEtAl/Iterator_footprint.key 
117516     INFO  main            d.u.i.k.p.i.AbstractProblemLoader Loading environment from /home/runner/work/key/key/key.core/../key.ui/examples/heap/SmansEtAl/Iterator_footprint.key 
117516     DEBUG main            d.u.i.k.p.i.AbstractProblemLoader Environment load took 245.7ns 
117517     INFO  main            d.u.i.k.p.i.AbstractProblemLoader Creating init config 
120435     DEBUG main            d.u.i.k.p.i.AbstractProblemLoader Init config took 2.92s 
120479     INFO  main            d.u.i.k.p.i.AbstractProblemLoader Replaying proof Iterator[Iterator::$footprint()].JML accessible clause.0 
120480     DEBUG main            d.u.i.k.p.i.IntermediateProofReplayer Proof replay took 5.7ns 
120582     INFO  main            d.u.i.k.p.r.p.TestFile    ... finished proof: closed. 
120853     INFO  main            d.u.i.k.p.i.AbstractProblemLoader Loading environment from /home/runner/work/key/key/key.core/../key.ui/examples/heap/SmansEtAl/Iterator_footprint.key.proof 
120853     DEBUG main            d.u.i.k.p.i.AbstractProblemLoader Environment load took 118.7ns 
120854     INFO  main            d.u.i.k.p.i.AbstractProblemLoader Creating init config 
123712     DEBUG main            d.u.i.k.p.i.AbstractProblemLoader Init config took 2.86s 
123753     INFO  main            d.u.i.k.p.i.AbstractProblemLoader Replaying proof Iterator[Iterator::$footprint()].JML accessible clause.0 
123762     DEBUG main            d.u.i.k.p.i.IntermediateProofReplayer Proof replay took 5.32ms 
123764     DEBUG main            d.u.i.k.p.r.p.TestFile    ... success: reloaded. 
123767     INFO  main            d.u.i.k.p.r.p.TestFile    Now processing file /home/runner/work/key/key/key.core/../key.ui/examples/heap/SmansEtAl/Iterator_hasNext_dep.key 
123768     INFO  main            d.u.i.k.p.i.AbstractProblemLoader Loading environment from /home/runner/work/key/key/key.core/../key.ui/examples/heap/SmansEtAl/Iterator_hasNext_dep.key 
123768     DEBUG main            d.u.i.k.p.i.AbstractProblemLoader Environment load took 316.3ns 
123769     INFO  main            d.u.i.k.p.i.AbstractProblemLoader Creating init config 
126904     DEBUG main            d.u.i.k.p.i.AbstractProblemLoader Init config took 3.13s 
126943     INFO  main            d.u.i.k.p.i.AbstractProblemLoader Replaying proof Iterator[Iterator::hasNext()].JML accessible clause.0 
126944     DEBUG main            d.u.i.k.p.i.IntermediateProofReplayer Proof replay took 7.6ns 
127652     INFO  main            d.u.i.k.p.r.p.TestFile    ... finished proof: closed. 
128055     INFO  main            d.u.i.k.p.i.AbstractProblemLoader Loading environment from /home/runner/work/key/key/key.core/../key.ui/examples/heap/SmansEtAl/Iterator_hasNext_dep.key.proof 
128056     DEBUG main            d.u.i.k.p.i.AbstractProblemLoader Environment load took 1.87ms 
128060     INFO  main            d.u.i.k.p.i.AbstractProblemLoader Creating init config 
131014     DEBUG main            d.u.i.k.p.i.AbstractProblemLoader Init config took 2.95s 
131060     INFO  main            d.u.i.k.p.i.AbstractProblemLoader Replaying proof Iterator[Iterator::hasNext()].JML accessible clause.0 
131158     DEBUG main            d.u.i.k.p.i.IntermediateProofReplayer Proof replay took 90.7ms 
131159     DEBUG main            d.u.i.k.p.r.p.TestFile    ... success: reloaded. 
131160     INFO  main            d.u.i.k.p.r.p.TestFile    Now processing file /home/runner/work/key/key/key.core/../key.ui/examples/heap/SmansEtAl/Iterator_hasNext.key 
131160     INFO  main            d.u.i.k.p.i.AbstractProblemLoader Loading environment from /home/runner/work/key/key/key.core/../key.ui/examples/heap/SmansEtAl/Iterator_hasNext.key 
131161     DEBUG main            d.u.i.k.p.i.AbstractProblemLoader Environment load took 204.3ns 
131161     INFO  main            d.u.i.k.p.i.AbstractProblemLoader Creating init config 
134098     DEBUG main            d.u.i.k.p.i.AbstractProblemLoader Init config took 2.94s 
134165     INFO  main            d.u.i.k.p.i.AbstractProblemLoader Replaying proof Iterator[Iterator::hasNext()].JML normal_behavior operation contract.0 
134167     DEBUG main            d.u.i.k.p.i.IntermediateProofReplayer Proof replay took 6.4ns 
134771     INFO  main            d.u.i.k.p.r.p.TestFile    ... finished proof: closed. 
135084     INFO  main            d.u.i.k.p.i.AbstractProblemLoader Loading environment from /home/runner/work/key/key/key.core/../key.ui/examples/heap/SmansEtAl/Iterator_hasNext.key.proof 
135084     DEBUG main            d.u.i.k.p.i.AbstractProblemLoader Environment load took 130.5ns 
135085     INFO  main            d.u.i.k.p.i.AbstractProblemLoader Creating init config 
137995     DEBUG main            d.u.i.k.p.i.AbstractProblemLoader Init config took 2.91s 
138035     INFO  main            d.u.i.k.p.i.AbstractProblemLoader Replaying proof Iterator[Iterator::hasNext()].JML normal_behavior operation contract.0 
138121     DEBUG main            d.u.i.k.p.i.IntermediateProofReplayer Proof replay took 80.45ms 
138122     DEBUG main            d.u.i.k.p.r.p.TestFile    ... success: reloaded. 
138123     INFO  main            d.u.i.k.p.r.p.TestFile    Now processing file /home/runner/work/key/key/key.core/../key.ui/examples/heap/SmansEtAl/Iterator_inv.key 
138124     INFO  main            d.u.i.k.p.i.AbstractProblemLoader Loading environment from /home/runner/work/key/key/key.core/../key.ui/examples/heap/SmansEtAl/Iterator_inv.key 
138124     DEBUG main            d.u.i.k.p.i.AbstractProblemLoader Environment load took 189ns 
138125     INFO  main            d.u.i.k.p.i.AbstractProblemLoader Creating init config 
141162     DEBUG main            d.u.i.k.p.i.AbstractProblemLoader Init config took 3.04s 
141203     INFO  main            d.u.i.k.p.i.AbstractProblemLoader Replaying proof Iterator[java.lang.Object::<inv>()].JML accessible clause.0 
141206     DEBUG main            d.u.i.k.p.i.IntermediateProofReplayer Proof replay took 7.2ns 
141414     INFO  main            d.u.i.k.p.r.p.TestFile    ... finished proof: closed. 
141752     INFO  main            d.u.i.k.p.i.AbstractProblemLoader Loading environment from /home/runner/work/key/key/key.core/../key.ui/examples/heap/SmansEtAl/Iterator_inv.key.proof 
141753     DEBUG main            d.u.i.k.p.i.AbstractProblemLoader Environment load took 114.9ns 
141754     INFO  main            d.u.i.k.p.i.AbstractProblemLoader Creating init config 
144731     DEBUG main            d.u.i.k.p.i.AbstractProblemLoader Init config took 2.98s 
144769     INFO  main            d.u.i.k.p.i.AbstractProblemLoader Replaying proof Iterator[java.lang.Object::<inv>()].JML accessible clause.0 
144794     DEBUG main            d.u.i.k.p.i.IntermediateProofReplayer Proof replay took 21.71ms 
144800     DEBUG main            d.u.i.k.p.r.p.TestFile    ... success: reloaded. 
144801     INFO  main            d.u.i.k.p.r.p.TestFile    Now processing file /home/runner/work/key/key/key.core/../key.ui/examples/heap/SmansEtAl/Iterator_Iterator.key 
144801     INFO  main            d.u.i.k.p.i.AbstractProblemLoader Loading environment from /home/runner/work/key/key/key.core/../key.ui/examples/heap/SmansEtAl/Iterator_Iterator.key 
144801     DEBUG main            d.u.i.k.p.i.AbstractProblemLoader Environment load took 135.1ns 
144802     INFO  main            d.u.i.k.p.i.AbstractProblemLoader Creating init config 
147663     DEBUG main            d.u.i.k.p.i.AbstractProblemLoader Init config took 2.86s 
147725     INFO  main            d.u.i.k.p.i.AbstractProblemLoader Replaying proof Iterator[Iterator::Iterator(ArrayList)].JML normal_behavior operation contract.0 
147728     DEBUG main            d.u.i.k.p.i.IntermediateProofReplayer Proof replay took 6.3ns 
149237     INFO  main            d.u.i.k.p.r.p.TestFile    ... finished proof: closed. 
149643     INFO  main            d.u.i.k.p.i.AbstractProblemLoader Loading environment from /home/runner/work/key/key/key.core/../key.ui/examples/heap/SmansEtAl/Iterator_Iterator.key.proof 
149644     DEBUG main            d.u.i.k.p.i.AbstractProblemLoader Environment load took 554.21ns 
149645     INFO  main            d.u.i.k.p.i.AbstractProblemLoader Creating init config 
152719     DEBUG main            d.u.i.k.p.i.AbstractProblemLoader Init config took 3.07s 
152766     INFO  main            d.u.i.k.p.i.AbstractProblemLoader Replaying proof Iterator[Iterator::Iterator(ArrayList)].JML normal_behavior operation contract.0 
152974     DEBUG main            d.u.i.k.p.i.IntermediateProofReplayer Proof replay took 193.59ms 
152976     DEBUG main            d.u.i.k.p.r.p.TestFile    ... success: reloaded. 
152977     INFO  main            d.u.i.k.p.r.p.TestFile    Now processing file /home/runner/work/key/key/key.core/../key.ui/examples/heap/SmansEtAl/Iterator_list_dep.key 
152978     INFO  main            d.u.i.k.p.i.AbstractProblemLoader Loading environment from /home/runner/work/key/key/key.core/../key.ui/examples/heap/SmansEtAl/Iterator_list_dep.key 
152978     DEBUG main            d.u.i.k.p.i.AbstractProblemLoader Environment load took 241.1ns 
152979     INFO  main            d.u.i.k.p.i.AbstractProblemLoader Creating init config 
156029     DEBUG main            d.u.i.k.p.i.AbstractProblemLoader Init config took 3.05s 
156068     INFO  main            d.u.i.k.p.i.AbstractProblemLoader Replaying proof Iterator[Iterator::list()].JML accessible clause.0 
156070     DEBUG main            d.u.i.k.p.i.IntermediateProofReplayer Proof replay took 6ns 
156172     INFO  main            d.u.i.k.p.r.p.TestFile    ... finished proof: closed. 
156508     INFO  main            d.u.i.k.p.i.AbstractProblemLoader Loading environment from /home/runner/work/key/key/key.core/../key.ui/examples/heap/SmansEtAl/Iterator_list_dep.key.proof 
156508     DEBUG main            d.u.i.k.p.i.AbstractProblemLoader Environment load took 116.6ns 
156509     INFO  main            d.u.i.k.p.i.AbstractProblemLoader Creating init config 
159525     DEBUG main            d.u.i.k.p.i.AbstractProblemLoader Init config took 3.02s 
159566     INFO  main            d.u.i.k.p.i.AbstractProblemLoader Replaying proof Iterator[Iterator::list()].JML accessible clause.0 
159586     DEBUG main            d.u.i.k.p.i.IntermediateProofReplayer Proof replay took 17.1ms 
159587     DEBUG main            d.u.i.k.p.r.p.TestFile    ... success: reloaded. 
159588     INFO  main            d.u.i.k.p.r.p.TestFile    Now processing file /home/runner/work/key/key/key.core/../key.ui/examples/heap/SmansEtAl/Iterator_list.key 
159588     INFO  main            d.u.i.k.p.i.AbstractProblemLoader Loading environment from /home/runner/work/key/key/key.core/../key.ui/examples/heap/SmansEtAl/Iterator_list.key 
159588     DEBUG main            d.u.i.k.p.i.AbstractProblemLoader Environment load took 153.5ns 
159591     INFO  main            d.u.i.k.p.i.AbstractProblemLoader Creating init config 
162724     DEBUG main            d.u.i.k.p.i.AbstractProblemLoader Init config took 3.13s 
162764     INFO  main            d.u.i.k.p.i.AbstractProblemLoader Replaying proof Iterator[Iterator::list()].JML normal_behavior operation contract.0 
162766     DEBUG main            d.u.i.k.p.i.IntermediateProofReplayer Proof replay took 6.4ns 
162874     INFO  main            d.u.i.k.p.r.p.TestFile    ... finished proof: closed. 
163214     INFO  main            d.u.i.k.p.i.AbstractProblemLoader Loading environment from /home/runner/work/key/key/key.core/../key.ui/examples/heap/SmansEtAl/Iterator_list.key.proof 
163214     DEBUG main            d.u.i.k.p.i.AbstractProblemLoader Environment load took 114.4ns 
163215     INFO  main            d.u.i.k.p.i.AbstractProblemLoader Creating init config 
166067     DEBUG main            d.u.i.k.p.i.AbstractProblemLoader Init config took 2.85s 
166106     INFO  main            d.u.i.k.p.i.AbstractProblemLoader Replaying proof Iterator[Iterator::list()].JML normal_behavior operation contract.0 
166122     DEBUG main            d.u.i.k.p.i.IntermediateProofReplayer Proof replay took 13.79ms 
166122     DEBUG main            d.u.i.k.p.r.p.TestFile    ... success: reloaded. 
166124     INFO  main            d.u.i.k.p.r.p.TestFile    Now processing file /home/runner/work/key/key/key.core/../key.ui/examples/heap/SmansEtAl/Iterator_next.key 
166124     INFO  main            d.u.i.k.p.i.AbstractProblemLoader Loading environment from /home/runner/work/key/key/key.core/../key.ui/examples/heap/SmansEtAl/Iterator_next.key 
166124     DEBUG main            d.u.i.k.p.i.AbstractProblemLoader Environment load took 145.1ns 
166125     INFO  main            d.u.i.k.p.i.AbstractProblemLoader Creating init config 
168961     DEBUG main            d.u.i.k.p.i.AbstractProblemLoader Init config took 2.84s 
169003     INFO  main            d.u.i.k.p.i.AbstractProblemLoader Replaying proof Iterator[Iterator::next()].JML normal_behavior operation contract.0 
169005     DEBUG main            d.u.i.k.p.i.IntermediateProofReplayer Proof replay took 23.5ns 
172049     INFO  main            d.u.i.k.p.r.p.TestFile    ... finished proof: closed. 
172402     INFO  main            d.u.i.k.p.i.AbstractProblemLoader Loading environment from /home/runner/work/key/key/key.core/../key.ui/examples/heap/SmansEtAl/Iterator_next.key.proof 
172402     DEBUG main            d.u.i.k.p.i.AbstractProblemLoader Environment load took 947.51ns 
172404     INFO  main            d.u.i.k.p.i.AbstractProblemLoader Creating init config 
175177     DEBUG main            d.u.i.k.p.i.AbstractProblemLoader Init config took 2.77s 
175215     INFO  main            d.u.i.k.p.i.AbstractProblemLoader Replaying proof Iterator[Iterator::next()].JML normal_behavior operation contract.0 
175533     DEBUG main            d.u.i.k.p.i.IntermediateProofReplayer Proof replay took 303.07ms 
175535     DEBUG main            d.u.i.k.p.r.p.TestFile    ... success: reloaded. 
175536     INFO  main            d.u.i.k.p.r.p.TestFile    Now processing file /home/runner/work/key/key/key.core/../key.ui/examples/heap/SmansEtAl/Stack_footprint.key 
175537     INFO  main            d.u.i.k.p.i.AbstractProblemLoader Loading environment from /home/runner/work/key/key/key.core/../key.ui/examples/heap/SmansEtAl/Stack_footprint.key 
175537     DEBUG main            d.u.i.k.p.i.AbstractProblemLoader Environment load took 248.1ns 
175538     INFO  main            d.u.i.k.p.i.AbstractProblemLoader Creating init config 
178473     DEBUG main            d.u.i.k.p.i.AbstractProblemLoader Init config took 2.93s 
178511     INFO  main            d.u.i.k.p.i.AbstractProblemLoader Replaying proof Stack[Stack::$footprint()].JML accessible clause.0 
178513     DEBUG main            d.u.i.k.p.i.IntermediateProofReplayer Proof replay took 7ns 
178715     INFO  main            d.u.i.k.p.r.p.TestFile    ... finished proof: closed. 
179116     INFO  main            d.u.i.k.p.i.AbstractProblemLoader Loading environment from /home/runner/work/key/key/key.core/../key.ui/examples/heap/SmansEtAl/Stack_footprint.key.proof 
179116     DEBUG main            d.u.i.k.p.i.AbstractProblemLoader Environment load took 150.1ns 
179117     INFO  main            d.u.i.k.p.i.AbstractProblemLoader Creating init config 
182029     DEBUG main            d.u.i.k.p.i.AbstractProblemLoader Init config took 2.91s 
182079     INFO  main            d.u.i.k.p.i.AbstractProblemLoader Replaying proof Stack[Stack::$footprint()].JML accessible clause.0 
182105     DEBUG main            d.u.i.k.p.i.IntermediateProofReplayer Proof replay took 23.05ms 
182106     DEBUG main            d.u.i.k.p.r.p.TestFile    ... success: reloaded. 
182107     INFO  main            d.u.i.k.p.r.p.TestFile    Now processing file /home/runner/work/key/key/key.core/../key.ui/examples/heap/SmansEtAl/Stack_inv.key 
182107     INFO  main            d.u.i.k.p.i.AbstractProblemLoader Loading environment from /home/runner/work/key/key/key.core/../key.ui/examples/heap/SmansEtAl/Stack_inv.key 
182107     DEBUG main            d.u.i.k.p.i.AbstractProblemLoader Environment load took 138ns 
182108     INFO  main            d.u.i.k.p.i.AbstractProblemLoader Creating init config 
184960     DEBUG main            d.u.i.k.p.i.AbstractProblemLoader Init config took 2.85s 
185016     INFO  main            d.u.i.k.p.i.AbstractProblemLoader Replaying proof Stack[java.lang.Object::<inv>()].JML accessible clause.0 
185018     DEBUG main            d.u.i.k.p.i.IntermediateProofReplayer Proof replay took 6.3ns 
185120     INFO  main            d.u.i.k.p.r.p.TestFile    ... finished proof: closed. 
185463     INFO  main            d.u.i.k.p.i.AbstractProblemLoader Loading environment from /home/runner/work/key/key/key.core/../key.ui/examples/heap/SmansEtAl/Stack_inv.key.proof 
185463     DEBUG main            d.u.i.k.p.i.AbstractProblemLoader Environment load took 141.8ns 
185464     INFO  main            d.u.i.k.p.i.AbstractProblemLoader Creating init config 
188186     DEBUG main            d.u.i.k.p.i.AbstractProblemLoader Init config took 2.72s 
188219     INFO  main            d.u.i.k.p.i.AbstractProblemLoader Replaying proof Stack[java.lang.Object::<inv>()].JML accessible clause.0 
188230     DEBUG main            d.u.i.k.p.i.IntermediateProofReplayer Proof replay took 8.63ms 
188231     DEBUG main            d.u.i.k.p.r.p.TestFile    ... success: reloaded. 
188232     INFO  main            d.u.i.k.p.r.p.TestFile    Now processing file /home/runner/work/key/key/key.core/../key.ui/examples/heap/SmansEtAl/Stack_push.key 
188232     INFO  main            d.u.i.k.p.i.AbstractProblemLoader Loading environment from /home/runner/work/key/key/key.core/../key.ui/examples/heap/SmansEtAl/Stack_push.key 
188232     DEBUG main            d.u.i.k.p.i.AbstractProblemLoader Environment load took 149.8ns 
188233     INFO  main            d.u.i.k.p.i.AbstractProblemLoader Creating init config 
191201     DEBUG main            d.u.i.k.p.i.AbstractProblemLoader Init config took 2.97s 
191240     INFO  main            d.u.i.k.p.i.AbstractProblemLoader Replaying proof Stack[Stack::push(java.lang.Object)].JML normal_behavior operation contract.0 
191242     DEBUG main            d.u.i.k.p.i.IntermediateProofReplayer Proof replay took 6.3ns 
192046     INFO  main            d.u.i.k.p.r.p.TestFile    ... finished proof: closed. 
192413     INFO  main            d.u.i.k.p.i.AbstractProblemLoader Loading environment from /home/runner/work/key/key/key.core/../key.ui/examples/heap/SmansEtAl/Stack_push.key.proof 
192413     DEBUG main            d.u.i.k.p.i.AbstractProblemLoader Environment load took 467.6ns 
192414     INFO  main            d.u.i.k.p.i.AbstractProblemLoader Creating init config 
195211     DEBUG main            d.u.i.k.p.i.AbstractProblemLoader Init config took 2.8s 
195257     INFO  main            d.u.i.k.p.i.AbstractProblemLoader Replaying proof Stack[Stack::push(java.lang.Object)].JML normal_behavior operation contract.0 
195370     DEBUG main            d.u.i.k.p.i.IntermediateProofReplayer Proof replay took 108.34ms 
195371     DEBUG main            d.u.i.k.p.r.p.TestFile    ... success: reloaded. 
195372     INFO  main            d.u.i.k.p.r.p.TestFile    Now processing file /home/runner/work/key/key/key.core/../key.ui/examples/heap/SmansEtAl/Stack_size.key 
195373     INFO  main            d.u.i.k.p.i.AbstractProblemLoader Loading environment from /home/runner/work/key/key/key.core/../key.ui/examples/heap/SmansEtAl/Stack_size.key 
195373     DEBUG main            d.u.i.k.p.i.AbstractProblemLoader Environment load took 300.8ns 
195374     INFO  main            d.u.i.k.p.i.AbstractProblemLoader Creating init config 
198252     DEBUG main            d.u.i.k.p.i.AbstractProblemLoader Init config took 2.88s 
198289     INFO  main            d.u.i.k.p.i.AbstractProblemLoader Replaying proof Stack[Stack::size()].JML accessible clause.0 
198290     DEBUG main            d.u.i.k.p.i.IntermediateProofReplayer Proof replay took 6.5ns 
198593     INFO  main            d.u.i.k.p.r.p.TestFile    ... finished proof: closed. 
198941     INFO  main            d.u.i.k.p.i.AbstractProblemLoader Loading environment from /home/runner/work/key/key/key.core/../key.ui/examples/heap/SmansEtAl/Stack_size.key.proof 
198941     DEBUG main            d.u.i.k.p.i.AbstractProblemLoader Environment load took 104.7ns 
198942     INFO  main            d.u.i.k.p.i.AbstractProblemLoader Creating init config 
201776     DEBUG main            d.u.i.k.p.i.AbstractProblemLoader Init config took 2.83s 
201830     INFO  main            d.u.i.k.p.i.AbstractProblemLoader Replaying proof Stack[Stack::size()].JML accessible clause.0 
201867     DEBUG main            d.u.i.k.p.i.IntermediateProofReplayer Proof replay took 35.15ms 
201869     DEBUG main            d.u.i.k.p.r.p.TestFile    ... success: reloaded. 
201869     INFO  main            d.u.i.k.p.r.p.TestFile    Now processing file /home/runner/work/key/key/key.core/../key.ui/examples/heap/SmansEtAl/Stack_Stack.key 
201870     INFO  main            d.u.i.k.p.i.AbstractProblemLoader Loading environment from /home/runner/work/key/key/key.core/../key.ui/examples/heap/SmansEtAl/Stack_Stack.key 
201870     DEBUG main            d.u.i.k.p.i.AbstractProblemLoader Environment load took 136.9ns 
201871     INFO  main            d.u.i.k.p.i.AbstractProblemLoader Creating init config 
204685     DEBUG main            d.u.i.k.p.i.AbstractProblemLoader Init config took 2.81s 
204727     INFO  main            d.u.i.k.p.i.AbstractProblemLoader Replaying proof Stack[Stack::Stack()].JML normal_behavior operation contract.0 
204728     DEBUG main            d.u.i.k.p.i.IntermediateProofReplayer Proof replay took 35.5ns 
205934     INFO  main            d.u.i.k.p.r.p.TestFile    ... finished proof: closed. 
206336     INFO  main            d.u.i.k.p.i.AbstractProblemLoader Loading environment from /home/runner/work/key/key/key.core/../key.ui/examples/heap/SmansEtAl/Stack_Stack.key.proof 
206336     DEBUG main            d.u.i.k.p.i.AbstractProblemLoader Environment load took 116.7ns 
206337     INFO  main            d.u.i.k.p.i.AbstractProblemLoader Creating init config 
209026     DEBUG main            d.u.i.k.p.i.AbstractProblemLoader Init config took 2.69s 
209063     INFO  main            d.u.i.k.p.i.AbstractProblemLoader Replaying proof Stack[Stack::Stack()].JML normal_behavior operation contract.0 
209255     DEBUG main            d.u.i.k.p.i.IntermediateProofReplayer Proof replay took 185.46ms 
209256     DEBUG main            d.u.i.k.p.r.p.TestFile    ... success: reloaded. 
209257     INFO  main            d.u.i.k.p.r.p.TestFile    Now processing file /home/runner/work/key/key/key.core/../key.ui/examples/heap/SmansEtAl/Stack_switchContents.key 
209258     INFO  main            d.u.i.k.p.i.AbstractProblemLoader Loading environment from /home/runner/work/key/key/key.core/../key.ui/examples/heap/SmansEtAl/Stack_switchContents.key 
209258     DEBUG main            d.u.i.k.p.i.AbstractProblemLoader Environment load took 251.6ns 
209259     INFO  main            d.u.i.k.p.i.AbstractProblemLoader Creating init config 
212130     DEBUG main            d.u.i.k.p.i.AbstractProblemLoader Init config took 2.87s 
212169     INFO  main            d.u.i.k.p.i.AbstractProblemLoader Replaying proof Stack[Stack::switchContents(Stack)].JML normal_behavior operation contract.0 
212171     DEBUG main            d.u.i.k.p.i.IntermediateProofReplayer Proof replay took 7ns 
217115     INFO  main            d.u.i.k.p.r.p.TestFile    ... finished proof: closed. 
217516     INFO  main            d.u.i.k.p.i.AbstractProblemLoader Loading environment from /home/runner/work/key/key/key.core/../key.ui/examples/heap/SmansEtAl/Stack_switchContents.key.proof 
217518     DEBUG main            d.u.i.k.p.i.AbstractProblemLoader Environment load took 2.66ms 
217521     INFO  main            d.u.i.k.p.i.AbstractProblemLoader Creating init config 
220382     DEBUG main            d.u.i.k.p.i.AbstractProblemLoader Init config took 2.86s 
220418     INFO  main            d.u.i.k.p.i.AbstractProblemLoader Replaying proof Stack[Stack::switchContents(Stack)].JML normal_behavior operation contract.0 
220793     DEBUG main            d.u.i.k.p.i.IntermediateProofReplayer Proof replay took 361.1ms 
220795     DEBUG main            d.u.i.k.p.r.p.TestFile    ... success: reloaded. 
2407734    INFO  Test worker     d.u.i.k.p.r.p.StatisticsFile Returning from test SmansEtAl 
2407738    INFO  Test worker     d.u.i.k.p.r.p.StatisticsFile Running test VACID0 
446        INFO  Timeout watchdog d.u.i.k.p.r.p.ForkedTestFileRunner Timeout watcher launched (2000 secs.) 
463        WARN  main            d.u.i.k.s.ProofSettings   The settings in /home/runner/.key/proof-settings.props are *not* read. 
522        INFO  main            d.u.i.k.p.r.p.TestFile    Now processing file /home/runner/work/key/key/key.core/../key.ui/examples/heap/vacid0_01_SparseArray/Harness_sparseArrayTestHarness1.key 
682        INFO  main            d.u.i.k.p.i.AbstractProblemLoader Loading environment from /home/runner/work/key/key/key.core/../key.ui/examples/heap/vacid0_01_SparseArray/Harness_sparseArrayTestHarness1.key 
706        DEBUG main            d.u.i.k.p.i.AbstractProblemLoader Environment load took 2.6ms 
985        INFO  main            d.u.i.k.p.i.AbstractProblemLoader Creating init config 
2028       DEBUG main            d.u.i.k.j.TypeConverter   No LDT found for Meta 
2029       DEBUG main            d.u.i.k.j.TypeConverter   No LDT found for Meta 
2031       DEBUG main            d.u.i.k.j.TypeConverter   No LDT found for Meta 
2031       DEBUG main            d.u.i.k.j.TypeConverter   No LDT found for Meta 
3926       DEBUG main            d.u.i.k.j.TypeConverter   No LDT found for JavaBigintExpression 
10149      DEBUG main            d.u.i.k.p.i.AbstractProblemLoader Init config took 9.16s 
10298      INFO  main            d.u.i.k.p.i.AbstractProblemLoader Replaying proof Harness[Harness::sparseArrayTestHarness1()].JML normal_behavior operation contract.0 
10348      DEBUG main            d.u.i.k.p.i.IntermediateProofReplayer Proof replay took 38.3ns 
12180      INFO  main            d.u.i.k.p.r.p.TestFile    ... finished proof: closed. 
12327      INFO  main            d.u.i.k.p.i.AbstractProblemLoader Loading environment from /home/runner/work/key/key/key.core/../key.ui/examples/heap/vacid0_01_SparseArray/Harness_sparseArrayTestHarness1.key.proof 
12336      DEBUG main            d.u.i.k.p.i.AbstractProblemLoader Environment load took 8.98ms 
12338      INFO  main            d.u.i.k.p.i.AbstractProblemLoader Creating init config 
15702      DEBUG main            d.u.i.k.p.i.AbstractProblemLoader Init config took 3.36s 
15851      INFO  main            d.u.i.k.p.i.AbstractProblemLoader Replaying proof Harness[Harness::sparseArrayTestHarness1()].JML normal_behavior operation contract.0 
16140      DEBUG main            d.u.i.k.p.i.IntermediateProofReplayer Proof replay took 270.22ms 
16148      DEBUG main            d.u.i.k.p.r.p.TestFile    ... success: reloaded. 
16152      INFO  main            d.u.i.k.p.r.p.TestFile    Now processing file /home/runner/work/key/key/key.core/../key.ui/examples/heap/vacid0_01_SparseArray/Harness_sparseArrayTestHarness2.key 
16152      INFO  main            d.u.i.k.p.i.AbstractProblemLoader Loading environment from /home/runner/work/key/key/key.core/../key.ui/examples/heap/vacid0_01_SparseArray/Harness_sparseArrayTestHarness2.key 
16152      DEBUG main            d.u.i.k.p.i.AbstractProblemLoader Environment load took 180.8ns 
16156      INFO  main            d.u.i.k.p.i.AbstractProblemLoader Creating init config 
19426      DEBUG main            d.u.i.k.p.i.AbstractProblemLoader Init config took 3.27s 
19505      INFO  main            d.u.i.k.p.i.AbstractProblemLoader Replaying proof Harness[Harness::sparseArrayTestHarness2()].JML normal_behavior operation contract.0 
19510      DEBUG main            d.u.i.k.p.i.IntermediateProofReplayer Proof replay took 7.8ns 
33487      INFO  main            d.u.i.k.p.r.p.TestFile    ... finished proof: closed. 
33743      INFO  main            d.u.i.k.p.i.AbstractProblemLoader Loading environment from /home/runner/work/key/key/key.core/../key.ui/examples/heap/vacid0_01_SparseArray/Harness_sparseArrayTestHarness2.key.proof 
33743      DEBUG main            d.u.i.k.p.i.AbstractProblemLoader Environment load took 571.1ns 
33749      INFO  main            d.u.i.k.p.i.AbstractProblemLoader Creating init config 
36691      DEBUG main            d.u.i.k.p.i.AbstractProblemLoader Init config took 2.94s 
36743      INFO  main            d.u.i.k.p.i.AbstractProblemLoader Replaying proof Harness[Harness::sparseArrayTestHarness2()].JML normal_behavior operation contract.0 
38123      DEBUG main            d.u.i.k.p.i.IntermediateProofReplayer Proof replay took 1.33s 
38127      DEBUG main            d.u.i.k.p.r.p.TestFile    ... success: reloaded. 
38129      INFO  main            d.u.i.k.p.r.p.TestFile    Now processing file /home/runner/work/key/key/key.core/../key.ui/examples/heap/vacid0_01_SparseArray/MemoryAllocator_alloc_unsigned.key 
38130      INFO  main            d.u.i.k.p.i.AbstractProblemLoader Loading environment from /home/runner/work/key/key/key.core/../key.ui/examples/heap/vacid0_01_SparseArray/MemoryAllocator_alloc_unsigned.key 
38130      DEBUG main            d.u.i.k.p.i.AbstractProblemLoader Environment load took 298.1ns 
38132      INFO  main            d.u.i.k.p.i.AbstractProblemLoader Creating init config 
41261      DEBUG main            d.u.i.k.p.i.AbstractProblemLoader Init config took 3.13s 
41309      INFO  main            d.u.i.k.p.i.AbstractProblemLoader Replaying proof MemoryAllocator[MemoryAllocator::alloc_unsigned(int)].JML normal_behavior operation contract.0 
41311      DEBUG main            d.u.i.k.p.i.IntermediateProofReplayer Proof replay took 5.6ns 
42488      INFO  main            d.u.i.k.p.r.p.TestFile    ... finished proof: closed. 
42745      INFO  main            d.u.i.k.p.i.AbstractProblemLoader Loading environment from /home/runner/work/key/key/key.core/../key.ui/examples/heap/vacid0_01_SparseArray/MemoryAllocator_alloc_unsigned.key.proof 
42745      DEBUG main            d.u.i.k.p.i.AbstractProblemLoader Environment load took 484.6ns 
42747      INFO  main            d.u.i.k.p.i.AbstractProblemLoader Creating init config 
45657      DEBUG main            d.u.i.k.p.i.AbstractProblemLoader Init config took 2.91s 
45707      INFO  main            d.u.i.k.p.i.AbstractProblemLoader Replaying proof MemoryAllocator[MemoryAllocator::alloc_unsigned(int)].JML normal_behavior operation contract.0 
45899      DEBUG main            d.u.i.k.p.i.IntermediateProofReplayer Proof replay took 184.81ms 
45901      DEBUG main            d.u.i.k.p.r.p.TestFile    ... success: reloaded. 
45902      INFO  main            d.u.i.k.p.r.p.TestFile    Now processing file /home/runner/work/key/key/key.core/../key.ui/examples/heap/vacid0_01_SparseArray/MemoryAllocator_alloc.key 
45903      INFO  main            d.u.i.k.p.i.AbstractProblemLoader Loading environment from /home/runner/work/key/key/key.core/../key.ui/examples/heap/vacid0_01_SparseArray/MemoryAllocator_alloc.key 
45903      DEBUG main            d.u.i.k.p.i.AbstractProblemLoader Environment load took 239.6ns 
45904      INFO  main            d.u.i.k.p.i.AbstractProblemLoader Creating init config 
48728      DEBUG main            d.u.i.k.p.i.AbstractProblemLoader Init config took 2.82s 
48776      INFO  main            d.u.i.k.p.i.AbstractProblemLoader Replaying proof MemoryAllocator[MemoryAllocator::alloc(int)].JML normal_behavior operation contract.0 
48778      DEBUG main            d.u.i.k.p.i.IntermediateProofReplayer Proof replay took 7.5ns 
49486      INFO  main            d.u.i.k.p.r.p.TestFile    ... finished proof: closed. 
49716      INFO  main            d.u.i.k.p.i.AbstractProblemLoader Loading environment from /home/runner/work/key/key/key.core/../key.ui/examples/heap/vacid0_01_SparseArray/MemoryAllocator_alloc.key.proof 
49717      DEBUG main            d.u.i.k.p.i.AbstractProblemLoader Environment load took 445.1ns 
49718      INFO  main            d.u.i.k.p.i.AbstractProblemLoader Creating init config 
52535      DEBUG main            d.u.i.k.p.i.AbstractProblemLoader Init config took 2.82s 
52582      INFO  main            d.u.i.k.p.i.AbstractProblemLoader Replaying proof MemoryAllocator[MemoryAllocator::alloc(int)].JML normal_behavior operation contract.0 
52716      DEBUG main            d.u.i.k.p.i.IntermediateProofReplayer Proof replay took 126.42ms 
52717      DEBUG main            d.u.i.k.p.r.p.TestFile    ... success: reloaded. 
52719      INFO  main            d.u.i.k.p.r.p.TestFile    Now processing file /home/runner/work/key/key/key.core/../key.ui/examples/heap/vacid0_01_SparseArray/SparseArray_get_dep.key 
52719      INFO  main            d.u.i.k.p.i.AbstractProblemLoader Loading environment from /home/runner/work/key/key/key.core/../key.ui/examples/heap/vacid0_01_SparseArray/SparseArray_get_dep.key 
52719      DEBUG main            d.u.i.k.p.i.AbstractProblemLoader Environment load took 263.2ns 
52720      INFO  main            d.u.i.k.p.i.AbstractProblemLoader Creating init config 
55670      DEBUG main            d.u.i.k.p.i.AbstractProblemLoader Init config took 2.95s 
55740      INFO  main            d.u.i.k.p.i.AbstractProblemLoader Replaying proof SparseArray[SparseArray::get(int)].JML accessible clause.0 
55742      DEBUG main            d.u.i.k.p.i.IntermediateProofReplayer Proof replay took 5.7ns 
58502      INFO  main            d.u.i.k.p.r.p.TestFile    ... finished proof: closed. 
58727      INFO  main            d.u.i.k.p.i.AbstractProblemLoader Loading environment from /home/runner/work/key/key/key.core/../key.ui/examples/heap/vacid0_01_SparseArray/SparseArray_get_dep.key.proof 
58728      DEBUG main            d.u.i.k.p.i.AbstractProblemLoader Environment load took 547.1ns 
58730      INFO  main            d.u.i.k.p.i.AbstractProblemLoader Creating init config 
61751      DEBUG main            d.u.i.k.p.i.AbstractProblemLoader Init config took 3.02s 
61847      INFO  main            d.u.i.k.p.i.AbstractProblemLoader Replaying proof SparseArray[SparseArray::get(int)].JML accessible clause.0 
62096      DEBUG main            d.u.i.k.p.i.IntermediateProofReplayer Proof replay took 234.18ms 
62098      DEBUG main            d.u.i.k.p.r.p.TestFile    ... success: reloaded. 
62099      INFO  main            d.u.i.k.p.r.p.TestFile    Now processing file /home/runner/work/key/key/key.core/../key.ui/examples/heap/vacid0_01_SparseArray/SparseArray_get.key 
62100      INFO  main            d.u.i.k.p.i.AbstractProblemLoader Loading environment from /home/runner/work/key/key/key.core/../key.ui/examples/heap/vacid0_01_SparseArray/SparseArray_get.key 
62100      DEBUG main            d.u.i.k.p.i.AbstractProblemLoader Environment load took 294.3ns 
62102      INFO  main            d.u.i.k.p.i.AbstractProblemLoader Creating init config 
65031      DEBUG main            d.u.i.k.p.i.AbstractProblemLoader Init config took 2.93s 
65109      INFO  main            d.u.i.k.p.i.AbstractProblemLoader Replaying proof SparseArray[SparseArray::get(int)].JML normal_behavior operation contract.0 
65113      DEBUG main            d.u.i.k.p.i.IntermediateProofReplayer Proof replay took 5.8ns 
67567      INFO  main            d.u.i.k.p.r.p.TestFile    ... finished proof: closed. 
67789      INFO  main            d.u.i.k.p.i.AbstractProblemLoader Loading environment from /home/runner/work/key/key/key.core/../key.ui/examples/heap/vacid0_01_SparseArray/SparseArray_get.key.proof 
67789      DEBUG main            d.u.i.k.p.i.AbstractProblemLoader Environment load took 457ns 
67791      INFO  main            d.u.i.k.p.i.AbstractProblemLoader Creating init config 
70667      DEBUG main            d.u.i.k.p.i.AbstractProblemLoader Init config took 2.88s 
70747      INFO  main            d.u.i.k.p.i.AbstractProblemLoader Replaying proof SparseArray[SparseArray::get(int)].JML normal_behavior operation contract.0 
70962      DEBUG main            d.u.i.k.p.i.IntermediateProofReplayer Proof replay took 205.99ms 
70964      DEBUG main            d.u.i.k.p.r.p.TestFile    ... success: reloaded. 
70965      INFO  main            d.u.i.k.p.r.p.TestFile    Now processing file /home/runner/work/key/key/key.core/../key.ui/examples/heap/vacid0_01_SparseArray/SparseArray_inv.key 
70965      INFO  main            d.u.i.k.p.i.AbstractProblemLoader Loading environment from /home/runner/work/key/key/key.core/../key.ui/examples/heap/vacid0_01_SparseArray/SparseArray_inv.key 
70966      DEBUG main            d.u.i.k.p.i.AbstractProblemLoader Environment load took 277.9ns 
70967      INFO  main            d.u.i.k.p.i.AbstractProblemLoader Creating init config 
73899      DEBUG main            d.u.i.k.p.i.AbstractProblemLoader Init config took 2.93s 
73960      INFO  main            d.u.i.k.p.i.AbstractProblemLoader Replaying proof SparseArray[java.lang.Object::<inv>()].JML accessible clause.0 
73962      DEBUG main            d.u.i.k.p.i.IntermediateProofReplayer Proof replay took 5.9ns 
76087      INFO  main            d.u.i.k.p.r.p.TestFile    ... finished proof: closed. 
76369      INFO  main            d.u.i.k.p.i.AbstractProblemLoader Loading environment from /home/runner/work/key/key/key.core/../key.ui/examples/heap/vacid0_01_SparseArray/SparseArray_inv.key.proof 
76369      DEBUG main            d.u.i.k.p.i.AbstractProblemLoader Environment load took 602.4ns 
76371      INFO  main            d.u.i.k.p.i.AbstractProblemLoader Creating init config 
79321      DEBUG main            d.u.i.k.p.i.AbstractProblemLoader Init config took 2.95s 
79396      INFO  main            d.u.i.k.p.i.AbstractProblemLoader Replaying proof SparseArray[java.lang.Object::<inv>()].JML accessible clause.0 
79493      DEBUG main            d.u.i.k.p.i.IntermediateProofReplayer Proof replay took 91.03ms 
79497      DEBUG main            d.u.i.k.p.r.p.TestFile    ... success: reloaded. 
79499      INFO  main            d.u.i.k.p.r.p.TestFile    Now processing file /home/runner/work/key/key/key.core/../key.ui/examples/heap/vacid0_01_SparseArray/SparseArray_SparseArray.key 
79499      INFO  main            d.u.i.k.p.i.AbstractProblemLoader Loading environment from /home/runner/work/key/key/key.core/../key.ui/examples/heap/vacid0_01_SparseArray/SparseArray_SparseArray.key 
79499      DEBUG main            d.u.i.k.p.i.AbstractProblemLoader Environment load took 122ns 
79500      INFO  main            d.u.i.k.p.i.AbstractProblemLoader Creating init config 
82362      DEBUG main            d.u.i.k.p.i.AbstractProblemLoader Init config took 2.86s 
82452      INFO  main            d.u.i.k.p.i.AbstractProblemLoader Replaying proof SparseArray[SparseArray::SparseArray(int)].JML normal_behavior operation contract.0 
82454      DEBUG main            d.u.i.k.p.i.IntermediateProofReplayer Proof replay took 6.5ns 
86390      INFO  main            d.u.i.k.p.r.p.TestFile    ... finished proof: closed. 
86651      INFO  main            d.u.i.k.p.i.AbstractProblemLoader Loading environment from /home/runner/work/key/key/key.core/../key.ui/examples/heap/vacid0_01_SparseArray/SparseArray_SparseArray.key.proof 
86652      DEBUG main            d.u.i.k.p.i.AbstractProblemLoader Environment load took 565.5ns 
86653      INFO  main            d.u.i.k.p.i.AbstractProblemLoader Creating init config 
89592      DEBUG main            d.u.i.k.p.i.AbstractProblemLoader Init config took 2.94s 
89672      INFO  main            d.u.i.k.p.i.AbstractProblemLoader Replaying proof SparseArray[SparseArray::SparseArray(int)].JML normal_behavior operation contract.0 
90065      DEBUG main            d.u.i.k.p.i.IntermediateProofReplayer Proof replay took 381.72ms 
90067      DEBUG main            d.u.i.k.p.r.p.TestFile    ... success: reloaded. 
2498025    INFO  Test worker     d.u.i.k.p.r.p.StatisticsFile Returning from test VACID0 
2498028    INFO  Test worker     d.u.i.k.p.r.p.StatisticsFile Running test VSTTE10 
495        INFO  Timeout watchdog d.u.i.k.p.r.p.ForkedTestFileRunner Timeout watcher launched (2000 secs.) 
508        WARN  main            d.u.i.k.s.ProofSettings   The settings in /home/runner/.key/proof-settings.props are *not* read. 
551        INFO  main            d.u.i.k.p.r.p.TestFile    Now processing file /home/runner/work/key/key/key.core/../key.ui/examples/heap/vstte10_01_SumAndMax/SumAndMax_sumAndMax.key 
692        INFO  main            d.u.i.k.p.i.AbstractProblemLoader Loading environment from /home/runner/work/key/key/key.core/../key.ui/examples/heap/vstte10_01_SumAndMax/SumAndMax_sumAndMax.key 
714        DEBUG main            d.u.i.k.p.i.AbstractProblemLoader Environment load took 2.52ms 
998        INFO  main            d.u.i.k.p.i.AbstractProblemLoader Creating init config 
2075       DEBUG main            d.u.i.k.j.TypeConverter   No LDT found for Meta 
2076       DEBUG main            d.u.i.k.j.TypeConverter   No LDT found for Meta 
2078       DEBUG main            d.u.i.k.j.TypeConverter   No LDT found for Meta 
2078       DEBUG main            d.u.i.k.j.TypeConverter   No LDT found for Meta 
3703       DEBUG main            d.u.i.k.j.TypeConverter   No LDT found for JavaBigintExpression 
9377       DEBUG main            d.u.i.k.p.i.AbstractProblemLoader Init config took 8.38s 
9560       INFO  main            d.u.i.k.p.i.AbstractProblemLoader Replaying proof SumAndMax[SumAndMax::sumAndMax([I)].JML normal_behavior operation contract.0 
9642       DEBUG main            d.u.i.k.p.i.IntermediateProofReplayer Proof replay took 30.4ns 
15371      INFO  main            d.u.i.k.p.r.p.TestFile    ... finished proof: closed. 
15565      INFO  main            d.u.i.k.p.i.AbstractProblemLoader Loading environment from /home/runner/work/key/key/key.core/../key.ui/examples/heap/vstte10_01_SumAndMax/SumAndMax_sumAndMax.key.proof 
15565      DEBUG main            d.u.i.k.p.i.AbstractProblemLoader Environment load took 153.6ns 
15575      INFO  main            d.u.i.k.p.i.AbstractProblemLoader Creating init config 
18874      DEBUG main            d.u.i.k.p.i.AbstractProblemLoader Init config took 3.3s 
18964      INFO  main            d.u.i.k.p.i.AbstractProblemLoader Replaying proof SumAndMax[SumAndMax::sumAndMax([I)].JML normal_behavior operation contract.0 
19577      DEBUG main            d.u.i.k.p.i.IntermediateProofReplayer Proof replay took 584.51ms 
19589      DEBUG main            d.u.i.k.p.r.p.TestFile    ... success: reloaded. 
19591      INFO  main            d.u.i.k.p.r.p.TestFile    Now processing file /home/runner/work/key/key/key.core/../key.ui/examples/heap/vstte10_03_LinkedList/Node_cons.key 
19591      INFO  main            d.u.i.k.p.i.AbstractProblemLoader Loading environment from /home/runner/work/key/key/key.core/../key.ui/examples/heap/vstte10_03_LinkedList/Node_cons.key 
19592      DEBUG main            d.u.i.k.p.i.AbstractProblemLoader Environment load took 317.9ns 
19594      INFO  main            d.u.i.k.p.i.AbstractProblemLoader Creating init config 
22785      DEBUG main            d.u.i.k.p.i.AbstractProblemLoader Init config took 3.19s 
22878      INFO  main            d.u.i.k.p.i.AbstractProblemLoader Replaying proof Node[Node::cons(int,Node)].JML normal_behavior operation contract.0 
22884      DEBUG main            d.u.i.k.p.i.IntermediateProofReplayer Proof replay took 7ns 
24594      INFO  main            d.u.i.k.p.r.p.TestFile    ... finished proof: closed. 
24801      INFO  main            d.u.i.k.p.i.AbstractProblemLoader Loading environment from /home/runner/work/key/key/key.core/../key.ui/examples/heap/vstte10_03_LinkedList/Node_cons.key.proof 
24801      DEBUG main            d.u.i.k.p.i.AbstractProblemLoader Environment load took 476.4ns 
24803      INFO  main            d.u.i.k.p.i.AbstractProblemLoader Creating init config 
27795      DEBUG main            d.u.i.k.p.i.AbstractProblemLoader Init config took 2.99s 
27852      INFO  main            d.u.i.k.p.i.AbstractProblemLoader Replaying proof Node[Node::cons(int,Node)].JML normal_behavior operation contract.0 
28120      DEBUG main            d.u.i.k.p.i.IntermediateProofReplayer Proof replay took 254.61ms 
28122      DEBUG main            d.u.i.k.p.r.p.TestFile    ... success: reloaded. 
28124      INFO  main            d.u.i.k.p.r.p.TestFile    Now processing file /home/runner/work/key/key/key.core/../key.ui/examples/heap/vstte10_03_LinkedList/Node_inv.key 
28124      INFO  main            d.u.i.k.p.i.AbstractProblemLoader Loading environment from /home/runner/work/key/key/key.core/../key.ui/examples/heap/vstte10_03_LinkedList/Node_inv.key 
28125      DEBUG main            d.u.i.k.p.i.AbstractProblemLoader Environment load took 355.7ns 
28126      INFO  main            d.u.i.k.p.i.AbstractProblemLoader Creating init config 
31110      DEBUG main            d.u.i.k.p.i.AbstractProblemLoader Init config took 2.98s 
31173      INFO  main            d.u.i.k.p.i.AbstractProblemLoader Replaying proof Node[java.lang.Object::<inv>()].JML accessible clause.0 
31176      DEBUG main            d.u.i.k.p.i.IntermediateProofReplayer Proof replay took 5.1ns 
31597      INFO  main            d.u.i.k.p.r.p.TestFile    ... finished proof: closed. 
31765      INFO  main            d.u.i.k.p.i.AbstractProblemLoader Loading environment from /home/runner/work/key/key/key.core/../key.ui/examples/heap/vstte10_03_LinkedList/Node_inv.key.proof 
31765      DEBUG main            d.u.i.k.p.i.AbstractProblemLoader Environment load took 288.1ns 
31767      INFO  main            d.u.i.k.p.i.AbstractProblemLoader Creating init config 
34639      DEBUG main            d.u.i.k.p.i.AbstractProblemLoader Init config took 2.87s 
34698      INFO  main            d.u.i.k.p.i.AbstractProblemLoader Replaying proof Node[java.lang.Object::<inv>()].JML accessible clause.0 
34741      DEBUG main            d.u.i.k.p.i.IntermediateProofReplayer Proof replay took 36.44ms 
34743      DEBUG main            d.u.i.k.p.r.p.TestFile    ... success: reloaded. 
34744      INFO  main            d.u.i.k.p.r.p.TestFile    Now processing file /home/runner/work/key/key/key.core/../key.ui/examples/heap/vstte10_03_LinkedList/Node_search.key 
34745      INFO  main            d.u.i.k.p.i.AbstractProblemLoader Loading environment from /home/runner/work/key/key/key.core/../key.ui/examples/heap/vstte10_03_LinkedList/Node_search.key 
34745      DEBUG main            d.u.i.k.p.i.AbstractProblemLoader Environment load took 516.2ns 
34747      INFO  main            d.u.i.k.p.i.AbstractProblemLoader Creating init config 
37809      DEBUG main            d.u.i.k.p.i.AbstractProblemLoader Init config took 3.06s 
37882      INFO  main            d.u.i.k.p.i.AbstractProblemLoader Replaying proof Node[Node::search()].JML normal_behavior operation contract.0 
37885      DEBUG main            d.u.i.k.p.i.IntermediateProofReplayer Proof replay took 6.1ns 
44883      INFO  main            d.u.i.k.p.r.p.TestFile    ... finished proof: closed. 
45173      INFO  main            d.u.i.k.p.i.AbstractProblemLoader Loading environment from /home/runner/work/key/key/key.core/../key.ui/examples/heap/vstte10_03_LinkedList/Node_search.key.proof 
45173      DEBUG main            d.u.i.k.p.i.AbstractProblemLoader Environment load took 306.5ns 
45176      INFO  main            d.u.i.k.p.i.AbstractProblemLoader Creating init config 
47973      DEBUG main            d.u.i.k.p.i.AbstractProblemLoader Init config took 2.8s 
48023      INFO  main            d.u.i.k.p.i.AbstractProblemLoader Replaying proof Node[Node::search()].JML normal_behavior operation contract.0 
48594      DEBUG main            d.u.i.k.p.i.IntermediateProofReplayer Proof replay took 524.28ms 
48597      DEBUG main            d.u.i.k.p.r.p.TestFile    ... success: reloaded. 
48599      INFO  main            d.u.i.k.p.r.p.TestFile    Now processing file /home/runner/work/key/key/key.core/../key.ui/examples/heap/vstte10_04_Queens/Queens_isConsistent.key 
48599      INFO  main            d.u.i.k.p.i.AbstractProblemLoader Loading environment from /home/runner/work/key/key/key.core/../key.ui/examples/heap/vstte10_04_Queens/Queens_isConsistent.key 
48600      DEBUG main            d.u.i.k.p.i.AbstractProblemLoader Environment load took 251.3ns 
48601      INFO  main            d.u.i.k.p.i.AbstractProblemLoader Creating init config 
51825      DEBUG main            d.u.i.k.p.i.AbstractProblemLoader Init config took 3.22s 
51868      INFO  main            d.u.i.k.p.i.AbstractProblemLoader Replaying proof Queens[Queens::isConsistent([I,int)].JML normal_behavior operation contract.0 
51870      DEBUG main            d.u.i.k.p.i.IntermediateProofReplayer Proof replay took 5ns 
53884      INFO  main            d.u.i.k.p.r.p.TestFile    ... finished proof: closed. 
54125      INFO  main            d.u.i.k.p.i.AbstractProblemLoader Loading environment from /home/runner/work/key/key/key.core/../key.ui/examples/heap/vstte10_04_Queens/Queens_isConsistent.key.proof 
54126      DEBUG main            d.u.i.k.p.i.AbstractProblemLoader Environment load took 537.7ns 
54128      INFO  main            d.u.i.k.p.i.AbstractProblemLoader Creating init config 
56965      DEBUG main            d.u.i.k.p.i.AbstractProblemLoader Init config took 2.84s 
57007      INFO  main            d.u.i.k.p.i.AbstractProblemLoader Replaying proof Queens[Queens::isConsistent([I,int)].JML normal_behavior operation contract.0 
57336      DEBUG main            d.u.i.k.p.i.IntermediateProofReplayer Proof replay took 319.4ms 
57338      DEBUG main            d.u.i.k.p.r.p.TestFile    ... success: reloaded. 
57340      INFO  main            d.u.i.k.p.r.p.TestFile    Now processing file /home/runner/work/key/key/key.core/../key.ui/examples/heap/vstte10_04_Queens/Queens_nQueens.key 
57340      INFO  main            d.u.i.k.p.i.AbstractProblemLoader Loading environment from /home/runner/work/key/key/key.core/../key.ui/examples/heap/vstte10_04_Queens/Queens_nQueens.key 
57341      DEBUG main            d.u.i.k.p.i.AbstractProblemLoader Environment load took 369.3ns 
57342      INFO  main            d.u.i.k.p.i.AbstractProblemLoader Creating init config 
60492      DEBUG main            d.u.i.k.p.i.AbstractProblemLoader Init config took 3.15s 
60567      INFO  main            d.u.i.k.p.i.AbstractProblemLoader Replaying proof Queens[Queens::nQueens(int)].JML normal_behavior operation contract.0 
60570      DEBUG main            d.u.i.k.p.i.IntermediateProofReplayer Proof replay took 6.7ns 
74133      INFO  main            d.u.i.k.p.r.p.TestFile    ... finished proof: closed. 
74384      INFO  main            d.u.i.k.p.i.AbstractProblemLoader Loading environment from /home/runner/work/key/key/key.core/../key.ui/examples/heap/vstte10_04_Queens/Queens_nQueens.key.proof 
74385      DEBUG main            d.u.i.k.p.i.AbstractProblemLoader Environment load took 517.4ns 
74387      INFO  main            d.u.i.k.p.i.AbstractProblemLoader Creating init config 
77373      DEBUG main            d.u.i.k.p.i.AbstractProblemLoader Init config took 2.99s 
77417      INFO  main            d.u.i.k.p.i.AbstractProblemLoader Replaying proof Queens[Queens::nQueens(int)].JML normal_behavior operation contract.0 
77908      DEBUG main            d.u.i.k.p.i.IntermediateProofReplayer Proof replay took 470.88ms 
77910      DEBUG main            d.u.i.k.p.r.p.TestFile    ... success: reloaded. 
77911      INFO  main            d.u.i.k.p.r.p.TestFile    Now processing file /home/runner/work/key/key/key.core/../key.ui/examples/heap/vstte10_05_Queue/AmortizedQueue_AmortizedQueue.key 
77912      INFO  main            d.u.i.k.p.i.AbstractProblemLoader Loading environment from /home/runner/work/key/key/key.core/../key.ui/examples/heap/vstte10_05_Queue/AmortizedQueue_AmortizedQueue.key 
77912      DEBUG main            d.u.i.k.p.i.AbstractProblemLoader Environment load took 225.6ns 
77914      INFO  main            d.u.i.k.p.i.AbstractProblemLoader Creating init config 
81180      DEBUG main            d.u.i.k.p.i.AbstractProblemLoader Init config took 3.27s 
81230      INFO  main            d.u.i.k.p.i.AbstractProblemLoader Replaying proof AmortizedQueue[AmortizedQueue::AmortizedQueue()].JML normal_behavior operation contract.0 
81232      DEBUG main            d.u.i.k.p.i.IntermediateProofReplayer Proof replay took 5.6ns 
82852      INFO  main            d.u.i.k.p.r.p.TestFile    ... finished proof: closed. 
83132      INFO  main            d.u.i.k.p.i.AbstractProblemLoader Loading environment from /home/runner/work/key/key/key.core/../key.ui/examples/heap/vstte10_05_Queue/AmortizedQueue_AmortizedQueue.key.proof 
83133      DEBUG main            d.u.i.k.p.i.AbstractProblemLoader Environment load took 490ns 
83134      INFO  main            d.u.i.k.p.i.AbstractProblemLoader Creating init config 
86145      DEBUG main            d.u.i.k.p.i.AbstractProblemLoader Init config took 3.01s 
86212      INFO  main            d.u.i.k.p.i.AbstractProblemLoader Replaying proof AmortizedQueue[AmortizedQueue::AmortizedQueue()].JML normal_behavior operation contract.0 
86440      DEBUG main            d.u.i.k.p.i.IntermediateProofReplayer Proof replay took 217.8ms 
86441      DEBUG main            d.u.i.k.p.r.p.TestFile    ... success: reloaded. 
86443      INFO  main            d.u.i.k.p.r.p.TestFile    Now processing file /home/runner/work/key/key/key.core/../key.ui/examples/heap/vstte10_05_Queue/AmortizedQueue_front.key 
86443      INFO  main            d.u.i.k.p.i.AbstractProblemLoader Loading environment from /home/runner/work/key/key/key.core/../key.ui/examples/heap/vstte10_05_Queue/AmortizedQueue_front.key 
86444      DEBUG main            d.u.i.k.p.i.AbstractProblemLoader Environment load took 221.1ns 
86445      INFO  main            d.u.i.k.p.i.AbstractProblemLoader Creating init config 
89815      DEBUG main            d.u.i.k.p.i.AbstractProblemLoader Init config took 3.37s 
89909      INFO  main            d.u.i.k.p.i.AbstractProblemLoader Replaying proof AmortizedQueue[AmortizedQueue::front()].JML normal_behavior operation contract.0 
89911      DEBUG main            d.u.i.k.p.i.IntermediateProofReplayer Proof replay took 13.9ns 
90519      INFO  main            d.u.i.k.p.r.p.TestFile    ... finished proof: closed. 
90863      INFO  main            d.u.i.k.p.i.AbstractProblemLoader Loading environment from /home/runner/work/key/key/key.core/../key.ui/examples/heap/vstte10_05_Queue/AmortizedQueue_front.key.proof 
90864      DEBUG main            d.u.i.k.p.i.AbstractProblemLoader Environment load took 1.26ms 
90868      INFO  main            d.u.i.k.p.i.AbstractProblemLoader Creating init config 
94163      DEBUG main            d.u.i.k.p.i.AbstractProblemLoader Init config took 3.29s 
94212      INFO  main            d.u.i.k.p.i.AbstractProblemLoader Replaying proof AmortizedQueue[AmortizedQueue::front()].JML normal_behavior operation contract.0 
94293      DEBUG main            d.u.i.k.p.i.IntermediateProofReplayer Proof replay took 76.75ms 
94294      DEBUG main            d.u.i.k.p.r.p.TestFile    ... success: reloaded. 
94296      INFO  main            d.u.i.k.p.r.p.TestFile    Now processing file /home/runner/work/key/key/key.core/../key.ui/examples/heap/vstte10_05_Queue/LinkedList_concat.key 
94296      INFO  main            d.u.i.k.p.i.AbstractProblemLoader Loading environment from /home/runner/work/key/key/key.core/../key.ui/examples/heap/vstte10_05_Queue/LinkedList_concat.key 
94296      DEBUG main            d.u.i.k.p.i.AbstractProblemLoader Environment load took 245ns 
94297      INFO  main            d.u.i.k.p.i.AbstractProblemLoader Creating init config 
97555      DEBUG main            d.u.i.k.p.i.AbstractProblemLoader Init config took 3.26s 
97640      INFO  main            d.u.i.k.p.i.AbstractProblemLoader Replaying proof LinkedList[LinkedList::concat(LinkedList)].JML normal_behavior operation contract.0 
97644      DEBUG main            d.u.i.k.p.i.IntermediateProofReplayer Proof replay took 6.2ns 
107177     INFO  main            d.u.i.k.p.r.p.TestFile    ... finished proof: closed. 
107488     INFO  main            d.u.i.k.p.i.AbstractProblemLoader Loading environment from /home/runner/work/key/key/key.core/../key.ui/examples/heap/vstte10_05_Queue/LinkedList_concat.key.proof 
107488     DEBUG main            d.u.i.k.p.i.AbstractProblemLoader Environment load took 594.1ns 
107491     INFO  main            d.u.i.k.p.i.AbstractProblemLoader Creating init config 
110752     DEBUG main            d.u.i.k.p.i.AbstractProblemLoader Init config took 3.26s 
110805     INFO  main            d.u.i.k.p.i.AbstractProblemLoader Replaying proof LinkedList[LinkedList::concat(LinkedList)].JML normal_behavior operation contract.0 
111419     DEBUG main            d.u.i.k.p.i.IntermediateProofReplayer Proof replay took 577.74ms 
111422     DEBUG main            d.u.i.k.p.r.p.TestFile    ... success: reloaded. 
111423     INFO  main            d.u.i.k.p.r.p.TestFile    Now processing file /home/runner/work/key/key/key.core/../key.ui/examples/heap/vstte10_05_Queue/LinkedList_cons.key 
111423     INFO  main            d.u.i.k.p.i.AbstractProblemLoader Loading environment from /home/runner/work/key/key/key.core/../key.ui/examples/heap/vstte10_05_Queue/LinkedList_cons.key 
111423     DEBUG main            d.u.i.k.p.i.AbstractProblemLoader Environment load took 164.9ns 
111424     INFO  main            d.u.i.k.p.i.AbstractProblemLoader Creating init config 
114780     DEBUG main            d.u.i.k.p.i.AbstractProblemLoader Init config took 3.36s 
114832     INFO  main            d.u.i.k.p.i.AbstractProblemLoader Replaying proof LinkedList[LinkedList::cons(int)].JML normal_behavior operation contract.0 
114835     DEBUG main            d.u.i.k.p.i.IntermediateProofReplayer Proof replay took 122.1ns 
117573     INFO  main            d.u.i.k.p.r.p.TestFile    ... finished proof: closed. 
117987     INFO  main            d.u.i.k.p.i.AbstractProblemLoader Loading environment from /home/runner/work/key/key/key.core/../key.ui/examples/heap/vstte10_05_Queue/LinkedList_cons.key.proof 
117988     DEBUG main            d.u.i.k.p.i.AbstractProblemLoader Environment load took 637.3ns 
117990     INFO  main            d.u.i.k.p.i.AbstractProblemLoader Creating init config 
121288     DEBUG main            d.u.i.k.p.i.AbstractProblemLoader Init config took 3.3s 
121353     INFO  main            d.u.i.k.p.i.AbstractProblemLoader Replaying proof LinkedList[LinkedList::cons(int)].JML normal_behavior operation contract.0 
121613     DEBUG main            d.u.i.k.p.i.IntermediateProofReplayer Proof replay took 246.83ms 
121616     DEBUG main            d.u.i.k.p.r.p.TestFile    ... success: reloaded. 
121618     INFO  main            d.u.i.k.p.r.p.TestFile    Now processing file /home/runner/work/key/key/key.core/../key.ui/examples/heap/vstte10_05_Queue/LinkedList_head.key 
121618     INFO  main            d.u.i.k.p.i.AbstractProblemLoader Loading environment from /home/runner/work/key/key/key.core/../key.ui/examples/heap/vstte10_05_Queue/LinkedList_head.key 
121618     DEBUG main            d.u.i.k.p.i.AbstractProblemLoader Environment load took 312.1ns 
121620     INFO  main            d.u.i.k.p.i.AbstractProblemLoader Creating init config 
125021     DEBUG main            d.u.i.k.p.i.AbstractProblemLoader Init config took 3.4s 
125077     INFO  main            d.u.i.k.p.i.AbstractProblemLoader Replaying proof LinkedList[LinkedList::head()].JML normal_behavior operation contract.0 
125087     DEBUG main            d.u.i.k.p.i.IntermediateProofReplayer Proof replay took 6.2ns 
125291     INFO  main            d.u.i.k.p.r.p.TestFile    ... finished proof: closed. 
125614     INFO  main            d.u.i.k.p.i.AbstractProblemLoader Loading environment from /home/runner/work/key/key/key.core/../key.ui/examples/heap/vstte10_05_Queue/LinkedList_head.key.proof 
125615     DEBUG main            d.u.i.k.p.i.AbstractProblemLoader Environment load took 136.3ns 
125616     INFO  main            d.u.i.k.p.i.AbstractProblemLoader Creating init config 
128872     DEBUG main            d.u.i.k.p.i.AbstractProblemLoader Init config took 3.26s 
128923     INFO  main            d.u.i.k.p.i.AbstractProblemLoader Replaying proof LinkedList[LinkedList::head()].JML normal_behavior operation contract.0 
128938     DEBUG main            d.u.i.k.p.i.IntermediateProofReplayer Proof replay took 12.62ms 
128939     DEBUG main            d.u.i.k.p.r.p.TestFile    ... success: reloaded. 
128941     INFO  main            d.u.i.k.p.r.p.TestFile    Now processing file /home/runner/work/key/key/key.core/../key.ui/examples/heap/vstte10_05_Queue/LinkedList_inv.key 
128942     INFO  main            d.u.i.k.p.i.AbstractProblemLoader Loading environment from /home/runner/work/key/key/key.core/../key.ui/examples/heap/vstte10_05_Queue/LinkedList_inv.key 
128942     DEBUG main            d.u.i.k.p.i.AbstractProblemLoader Environment load took 265.9ns 
128943     INFO  main            d.u.i.k.p.i.AbstractProblemLoader Creating init config 
132088     DEBUG main            d.u.i.k.p.i.AbstractProblemLoader Init config took 3.14s 
132138     INFO  main            d.u.i.k.p.i.AbstractProblemLoader Replaying proof LinkedList[java.lang.Object::<inv>()].JML accessible clause.0 
132140     DEBUG main            d.u.i.k.p.i.IntermediateProofReplayer Proof replay took 6.5ns 
132445     INFO  main            d.u.i.k.p.r.p.TestFile    ... finished proof: closed. 
132725     INFO  main            d.u.i.k.p.i.AbstractProblemLoader Loading environment from /home/runner/work/key/key/key.core/../key.ui/examples/heap/vstte10_05_Queue/LinkedList_inv.key.proof 
132725     DEBUG main            d.u.i.k.p.i.AbstractProblemLoader Environment load took 399ns 
132727     INFO  main            d.u.i.k.p.i.AbstractProblemLoader Creating init config 
135765     DEBUG main            d.u.i.k.p.i.AbstractProblemLoader Init config took 3.04s 
135813     INFO  main            d.u.i.k.p.i.AbstractProblemLoader Replaying proof LinkedList[java.lang.Object::<inv>()].JML accessible clause.0 
135840     DEBUG main            d.u.i.k.p.i.IntermediateProofReplayer Proof replay took 23.57ms 
135842     DEBUG main            d.u.i.k.p.r.p.TestFile    ... success: reloaded. 
135843     INFO  main            d.u.i.k.p.r.p.TestFile    Now processing file /home/runner/work/key/key/key.core/../key.ui/examples/heap/vstte10_05_Queue/LinkedList_length.key 
135843     INFO  main            d.u.i.k.p.i.AbstractProblemLoader Loading environment from /home/runner/work/key/key/key.core/../key.ui/examples/heap/vstte10_05_Queue/LinkedList_length.key 
135843     DEBUG main            d.u.i.k.p.i.AbstractProblemLoader Environment load took 192.1ns 
135845     INFO  main            d.u.i.k.p.i.AbstractProblemLoader Creating init config 
138947     DEBUG main            d.u.i.k.p.i.AbstractProblemLoader Init config took 3.1s 
138994     INFO  main            d.u.i.k.p.i.AbstractProblemLoader Replaying proof LinkedList[LinkedList::length()].JML normal_behavior operation contract.0 
138997     DEBUG main            d.u.i.k.p.i.IntermediateProofReplayer Proof replay took 5.5ns 
139099     INFO  main            d.u.i.k.p.r.p.TestFile    ... finished proof: closed. 
139374     INFO  main            d.u.i.k.p.i.AbstractProblemLoader Loading environment from /home/runner/work/key/key/key.core/../key.ui/examples/heap/vstte10_05_Queue/LinkedList_length.key.proof 
139374     DEBUG main            d.u.i.k.p.i.AbstractProblemLoader Environment load took 151ns 
139376     INFO  main            d.u.i.k.p.i.AbstractProblemLoader Creating init config 
142356     DEBUG main            d.u.i.k.p.i.AbstractProblemLoader Init config took 2.98s 
142398     INFO  main            d.u.i.k.p.i.AbstractProblemLoader Replaying proof LinkedList[LinkedList::length()].JML normal_behavior operation contract.0 
142410     DEBUG main            d.u.i.k.p.i.IntermediateProofReplayer Proof replay took 10.09ms 
142410     DEBUG main            d.u.i.k.p.r.p.TestFile    ... success: reloaded. 
142412     INFO  main            d.u.i.k.p.r.p.TestFile    Now processing file /home/runner/work/key/key/key.core/../key.ui/examples/heap/vstte10_05_Queue/LinkedList_LinkedList1.key 
142412     INFO  main            d.u.i.k.p.i.AbstractProblemLoader Loading environment from /home/runner/work/key/key/key.core/../key.ui/examples/heap/vstte10_05_Queue/LinkedList_LinkedList1.key 
142412     DEBUG main            d.u.i.k.p.i.AbstractProblemLoader Environment load took 204.1ns 
142413     INFO  main            d.u.i.k.p.i.AbstractProblemLoader Creating init config 
145357     DEBUG main            d.u.i.k.p.i.AbstractProblemLoader Init config took 2.94s 
145404     INFO  main            d.u.i.k.p.i.AbstractProblemLoader Replaying proof LinkedList[LinkedList::LinkedList(int,LinkedList)].JML normal_behavior operation contract.0 
145407     DEBUG main            d.u.i.k.p.i.IntermediateProofReplayer Proof replay took 5.6ns 
147335     INFO  main            d.u.i.k.p.r.p.TestFile    ... finished proof: closed. 
147654     INFO  main            d.u.i.k.p.i.AbstractProblemLoader Loading environment from /home/runner/work/key/key/key.core/../key.ui/examples/heap/vstte10_05_Queue/LinkedList_LinkedList1.key.proof 
147655     DEBUG main            d.u.i.k.p.i.AbstractProblemLoader Environment load took 752.6ns 
147656     INFO  main            d.u.i.k.p.i.AbstractProblemLoader Creating init config 
150600     DEBUG main            d.u.i.k.p.i.AbstractProblemLoader Init config took 2.94s 
150646     INFO  main            d.u.i.k.p.i.AbstractProblemLoader Replaying proof LinkedList[LinkedList::LinkedList(int,LinkedList)].JML normal_behavior operation contract.0 
150856     DEBUG main            d.u.i.k.p.i.IntermediateProofReplayer Proof replay took 200.36ms 
150858     DEBUG main            d.u.i.k.p.r.p.TestFile    ... success: reloaded. 
150859     INFO  main            d.u.i.k.p.r.p.TestFile    Now processing file /home/runner/work/key/key/key.core/../key.ui/examples/heap/vstte10_05_Queue/LinkedList_LinkedList2.key 
150860     INFO  main            d.u.i.k.p.i.AbstractProblemLoader Loading environment from /home/runner/work/key/key/key.core/../key.ui/examples/heap/vstte10_05_Queue/LinkedList_LinkedList2.key 
150860     DEBUG main            d.u.i.k.p.i.AbstractProblemLoader Environment load took 249.9ns 
150861     INFO  main            d.u.i.k.p.i.AbstractProblemLoader Creating init config 
153915     DEBUG main            d.u.i.k.p.i.AbstractProblemLoader Init config took 3.05s 
153959     INFO  main            d.u.i.k.p.i.AbstractProblemLoader Replaying proof LinkedList[LinkedList::LinkedList(int,LinkedList)].JML normal_behavior operation contract.0 
153961     DEBUG main            d.u.i.k.p.i.IntermediateProofReplayer Proof replay took 5.3ns 
155997     INFO  main            d.u.i.k.p.r.p.TestFile    ... finished proof: closed. 
156300     INFO  main            d.u.i.k.p.i.AbstractProblemLoader Loading environment from /home/runner/work/key/key/key.core/../key.ui/examples/heap/vstte10_05_Queue/LinkedList_LinkedList2.key.proof 
156301     DEBUG main            d.u.i.k.p.i.AbstractProblemLoader Environment load took 132.5ns 
156302     INFO  main            d.u.i.k.p.i.AbstractProblemLoader Creating init config 
159247     DEBUG main            d.u.i.k.p.i.AbstractProblemLoader Init config took 2.94s 
159292     INFO  main            d.u.i.k.p.i.AbstractProblemLoader Replaying proof LinkedList[LinkedList::LinkedList(int,LinkedList)].JML normal_behavior operation contract.0 
159485     DEBUG main            d.u.i.k.p.i.IntermediateProofReplayer Proof replay took 186.37ms 
159487     DEBUG main            d.u.i.k.p.r.p.TestFile    ... success: reloaded. 
159489     INFO  main            d.u.i.k.p.r.p.TestFile    Now processing file /home/runner/work/key/key/key.core/../key.ui/examples/heap/vstte10_05_Queue/LinkedList_LinkedList3.key 
159489     INFO  main            d.u.i.k.p.i.AbstractProblemLoader Loading environment from /home/runner/work/key/key/key.core/../key.ui/examples/heap/vstte10_05_Queue/LinkedList_LinkedList3.key 
159492     DEBUG main            d.u.i.k.p.i.AbstractProblemLoader Environment load took 2.76ms 
159493     INFO  main            d.u.i.k.p.i.AbstractProblemLoader Creating init config 
162550     DEBUG main            d.u.i.k.p.i.AbstractProblemLoader Init config took 3.06s 
162602     INFO  main            d.u.i.k.p.i.AbstractProblemLoader Replaying proof LinkedList[LinkedList::LinkedList(int,LinkedList)].JML normal_behavior operation contract.0 
162604     DEBUG main            d.u.i.k.p.i.IntermediateProofReplayer Proof replay took 6.3ns 
178608     INFO  main            d.u.i.k.p.r.p.TestFile    ... finished proof: closed. 
179085     INFO  main            d.u.i.k.p.i.AbstractProblemLoader Loading environment from /home/runner/work/key/key/key.core/../key.ui/examples/heap/vstte10_05_Queue/LinkedList_LinkedList3.key.proof 
179085     DEBUG main            d.u.i.k.p.i.AbstractProblemLoader Environment load took 596.8ns 
179092     INFO  main            d.u.i.k.p.i.AbstractProblemLoader Creating init config 
182188     DEBUG main            d.u.i.k.p.i.AbstractProblemLoader Init config took 3.1s 
182252     INFO  main            d.u.i.k.p.i.AbstractProblemLoader Replaying proof LinkedList[LinkedList::LinkedList(int,LinkedList)].JML normal_behavior operation contract.0 
183686     DEBUG main            d.u.i.k.p.i.IntermediateProofReplayer Proof replay took 1.27s 
183697     DEBUG main            d.u.i.k.p.r.p.TestFile    ... success: reloaded. 
183699     INFO  main            d.u.i.k.p.r.p.TestFile    Now processing file /home/runner/work/key/key/key.core/../key.ui/examples/heap/vstte10_05_Queue/LinkedList_reverse.key 
183699     INFO  main            d.u.i.k.p.i.AbstractProblemLoader Loading environment from /home/runner/work/key/key/key.core/../key.ui/examples/heap/vstte10_05_Queue/LinkedList_reverse.key 
183700     DEBUG main            d.u.i.k.p.i.AbstractProblemLoader Environment load took 261.3ns 
183701     INFO  main            d.u.i.k.p.i.AbstractProblemLoader Creating init config 
186881     DEBUG main            d.u.i.k.p.i.AbstractProblemLoader Init config took 3.18s 
186932     INFO  main            d.u.i.k.p.i.AbstractProblemLoader Replaying proof LinkedList[LinkedList::reverse()].JML normal_behavior operation contract.0 
186935     DEBUG main            d.u.i.k.p.i.IntermediateProofReplayer Proof replay took 6.9ns 
197143     INFO  main            d.u.i.k.p.r.p.TestFile    ... finished proof: closed. 
197654     INFO  main            d.u.i.k.p.i.AbstractProblemLoader Loading environment from /home/runner/work/key/key/key.core/../key.ui/examples/heap/vstte10_05_Queue/LinkedList_reverse.key.proof 
197658     DEBUG main            d.u.i.k.p.i.AbstractProblemLoader Environment load took 5.04ms 
197661     INFO  main            d.u.i.k.p.i.AbstractProblemLoader Creating init config 
200651     DEBUG main            d.u.i.k.p.i.AbstractProblemLoader Init config took 2.99s 
200698     INFO  main            d.u.i.k.p.i.AbstractProblemLoader Replaying proof LinkedList[LinkedList::reverse()].JML normal_behavior operation contract.0 
201359     DEBUG main            d.u.i.k.p.i.IntermediateProofReplayer Proof replay took 623.46ms 
201362     DEBUG main            d.u.i.k.p.r.p.TestFile    ... success: reloaded. 
201363     INFO  main            d.u.i.k.p.r.p.TestFile    Now processing file /home/runner/work/key/key/key.core/../key.ui/examples/heap/vstte10_05_Queue/LinkedList_tail.key 
201363     INFO  main            d.u.i.k.p.i.AbstractProblemLoader Loading environment from /home/runner/work/key/key/key.core/../key.ui/examples/heap/vstte10_05_Queue/LinkedList_tail.key 
201363     DEBUG main            d.u.i.k.p.i.AbstractProblemLoader Environment load took 156.3ns 
201364     INFO  main            d.u.i.k.p.i.AbstractProblemLoader Creating init config 
204466     DEBUG main            d.u.i.k.p.i.AbstractProblemLoader Init config took 3.1s 
204509     INFO  main            d.u.i.k.p.i.AbstractProblemLoader Replaying proof LinkedList[LinkedList::tail()].JML normal_behavior operation contract.0 
204510     DEBUG main            d.u.i.k.p.i.IntermediateProofReplayer Proof replay took 38.6ns 
205143     INFO  main            d.u.i.k.p.r.p.TestFile    ... finished proof: closed. 
205553     INFO  main            d.u.i.k.p.i.AbstractProblemLoader Loading environment from /home/runner/work/key/key/key.core/../key.ui/examples/heap/vstte10_05_Queue/LinkedList_tail.key.proof 
205553     DEBUG main            d.u.i.k.p.i.AbstractProblemLoader Environment load took 141.3ns 
205554     INFO  main            d.u.i.k.p.i.AbstractProblemLoader Creating init config 
208286     DEBUG main            d.u.i.k.p.i.AbstractProblemLoader Init config took 2.73s 
208328     INFO  main            d.u.i.k.p.i.AbstractProblemLoader Replaying proof LinkedList[LinkedList::tail()].JML normal_behavior operation contract.0 
208405     DEBUG main            d.u.i.k.p.i.IntermediateProofReplayer Proof replay took 73.53ms 
208406     DEBUG main            d.u.i.k.p.r.p.TestFile    ... success: reloaded. 
2706657    INFO  Test worker     d.u.i.k.p.r.p.StatisticsFile Returning from test VSTTE10 
2706660    INFO  Test worker     d.u.i.k.p.r.p.StatisticsFile Running test WeideEtAl 
382        INFO  Timeout watchdog d.u.i.k.p.r.p.ForkedTestFileRunner Timeout watcher launched (2000 secs.) 
400        WARN  main            d.u.i.k.s.ProofSettings   The settings in /home/runner/.key/proof-settings.props are *not* read. 
451        INFO  main            d.u.i.k.p.r.p.TestFile    Now processing file /home/runner/work/key/key/key.core/../key.ui/examples/heap/WeideEtAl_01_AddAndMultiply/AddAndMultiply_add.key 
620        INFO  main            d.u.i.k.p.i.AbstractProblemLoader Loading environment from /home/runner/work/key/key/key.core/../key.ui/examples/heap/WeideEtAl_01_AddAndMultiply/AddAndMultiply_add.key 
645        DEBUG main            d.u.i.k.p.i.AbstractProblemLoader Environment load took 2.6ms 
942        INFO  main            d.u.i.k.p.i.AbstractProblemLoader Creating init config 
2079       DEBUG main            d.u.i.k.j.TypeConverter   No LDT found for Meta 
2080       DEBUG main            d.u.i.k.j.TypeConverter   No LDT found for Meta 
2082       DEBUG main            d.u.i.k.j.TypeConverter   No LDT found for Meta 
2082       DEBUG main            d.u.i.k.j.TypeConverter   No LDT found for Meta 
4071       DEBUG main            d.u.i.k.j.TypeConverter   No LDT found for JavaBigintExpression 
9933       DEBUG main            d.u.i.k.p.i.AbstractProblemLoader Init config took 8.99s 
10143      INFO  main            d.u.i.k.p.i.AbstractProblemLoader Replaying proof AddAndMultiply[AddAndMultiply::add(int,int)].JML normal_behavior operation contract.0 
10187      DEBUG main            d.u.i.k.p.i.IntermediateProofReplayer Proof replay took 30.5ns 
12137      INFO  main            d.u.i.k.p.r.p.TestFile    ... finished proof: closed. 
12346      INFO  main            d.u.i.k.p.i.AbstractProblemLoader Loading environment from /home/runner/work/key/key/key.core/../key.ui/examples/heap/WeideEtAl_01_AddAndMultiply/AddAndMultiply_add.key.proof 
12350      DEBUG main            d.u.i.k.p.i.AbstractProblemLoader Environment load took 4.09ms 
12354      INFO  main            d.u.i.k.p.i.AbstractProblemLoader Creating init config 
15502      DEBUG main            d.u.i.k.p.i.AbstractProblemLoader Init config took 3.15s 
15599      INFO  main            d.u.i.k.p.i.AbstractProblemLoader Replaying proof AddAndMultiply[AddAndMultiply::add(int,int)].JML normal_behavior operation contract.0 
15840      DEBUG main            d.u.i.k.p.i.IntermediateProofReplayer Proof replay took 230.53ms 
15848      DEBUG main            d.u.i.k.p.r.p.TestFile    ... success: reloaded. 
15850      INFO  main            d.u.i.k.p.r.p.TestFile    Now processing file /home/runner/work/key/key/key.core/../key.ui/examples/heap/WeideEtAl_01_AddAndMultiply/AddAndMultiply_mul.key 
15851      INFO  main            d.u.i.k.p.i.AbstractProblemLoader Loading environment from /home/runner/work/key/key/key.core/../key.ui/examples/heap/WeideEtAl_01_AddAndMultiply/AddAndMultiply_mul.key 
15851      DEBUG main            d.u.i.k.p.i.AbstractProblemLoader Environment load took 323ns 
15853      INFO  main            d.u.i.k.p.i.AbstractProblemLoader Creating init config 
18802      DEBUG main            d.u.i.k.p.i.AbstractProblemLoader Init config took 2.95s 
18862      INFO  main            d.u.i.k.p.i.AbstractProblemLoader Replaying proof AddAndMultiply[AddAndMultiply::mul(int,int)].JML normal_behavior operation contract.0 
18865      DEBUG main            d.u.i.k.p.i.IntermediateProofReplayer Proof replay took 5.9ns 
19369      INFO  main            d.u.i.k.p.r.p.TestFile    ... finished proof: closed. 
19538      INFO  main            d.u.i.k.p.i.AbstractProblemLoader Loading environment from /home/runner/work/key/key/key.core/../key.ui/examples/heap/WeideEtAl_01_AddAndMultiply/AddAndMultiply_mul.key.proof 
19539      DEBUG main            d.u.i.k.p.i.AbstractProblemLoader Environment load took 540.3ns 
19541      INFO  main            d.u.i.k.p.i.AbstractProblemLoader Creating init config 
22344      DEBUG main            d.u.i.k.p.i.AbstractProblemLoader Init config took 2.8s 
22423      INFO  main            d.u.i.k.p.i.AbstractProblemLoader Replaying proof AddAndMultiply[AddAndMultiply::mul(int,int)].JML normal_behavior operation contract.0 
22564      DEBUG main            d.u.i.k.p.i.IntermediateProofReplayer Proof replay took 133.47ms 
22565      DEBUG main            d.u.i.k.p.r.p.TestFile    ... success: reloaded. 
22568      INFO  main            d.u.i.k.p.r.p.TestFile    Now processing file /home/runner/work/key/key/key.core/../key.ui/examples/heap/WeideEtAl_02_BinarySearch/BinarySearch_search.key 
22568      INFO  main            d.u.i.k.p.i.AbstractProblemLoader Loading environment from /home/runner/work/key/key/key.core/../key.ui/examples/heap/WeideEtAl_02_BinarySearch/BinarySearch_search.key 
22568      DEBUG main            d.u.i.k.p.i.AbstractProblemLoader Environment load took 142.8ns 
22570      INFO  main            d.u.i.k.p.i.AbstractProblemLoader Creating init config 
25424      DEBUG main            d.u.i.k.p.i.AbstractProblemLoader Init config took 2.85s 
25476      INFO  main            d.u.i.k.p.i.AbstractProblemLoader Replaying proof BinarySearch[BinarySearch::search([I,int)].JML normal_behavior operation contract.0 
25481      DEBUG main            d.u.i.k.p.i.IntermediateProofReplayer Proof replay took 5.1ns 
29190      INFO  main            d.u.i.k.p.r.p.TestFile    ... finished proof: closed. 
29422      INFO  main            d.u.i.k.p.i.AbstractProblemLoader Loading environment from /home/runner/work/key/key/key.core/../key.ui/examples/heap/WeideEtAl_02_BinarySearch/BinarySearch_search.key.proof 
29425      DEBUG main            d.u.i.k.p.i.AbstractProblemLoader Environment load took 3.22ms 
29428      INFO  main            d.u.i.k.p.i.AbstractProblemLoader Creating init config 
32176      DEBUG main            d.u.i.k.p.i.AbstractProblemLoader Init config took 2.75s 
32226      INFO  main            d.u.i.k.p.i.AbstractProblemLoader Replaying proof BinarySearch[BinarySearch::search([I,int)].JML normal_behavior operation contract.0 
32762      DEBUG main            d.u.i.k.p.i.IntermediateProofReplayer Proof replay took 519.2ms 
32764      DEBUG main            d.u.i.k.p.r.p.TestFile    ... success: reloaded. 
2739629    INFO  Test worker     d.u.i.k.p.r.p.StatisticsFile Returning from test WeideEtAl 
2739632    INFO  Test worker     d.u.i.k.p.r.p.StatisticsFile Running test arithmetic 
410        INFO  Timeout watchdog d.u.i.k.p.r.p.ForkedTestFileRunner Timeout watcher launched (2000 secs.) 
451        WARN  main            d.u.i.k.s.ProofSettings   The settings in /home/runner/.key/proof-settings.props are *not* read. 
506        INFO  main            d.u.i.k.p.r.p.TestFile    Now processing file /home/runner/work/key/key/key.core/../key.ui/examples/standard_key/arith/binomial1.key 
646        INFO  main            d.u.i.k.p.i.AbstractProblemLoader Loading environment from /home/runner/work/key/key/key.core/../key.ui/examples/standard_key/arith/binomial1.key 
669        DEBUG main            d.u.i.k.p.i.AbstractProblemLoader Environment load took 2.63ms 
925        INFO  main            d.u.i.k.p.i.AbstractProblemLoader Creating init config 
1934       DEBUG main            d.u.i.k.j.TypeConverter   No LDT found for Meta 
1934       DEBUG main            d.u.i.k.j.TypeConverter   No LDT found for Meta 
1936       DEBUG main            d.u.i.k.j.TypeConverter   No LDT found for Meta 
1936       DEBUG main            d.u.i.k.j.TypeConverter   No LDT found for Meta 
3410       DEBUG main            d.u.i.k.j.TypeConverter   No LDT found for JavaBigintExpression 
8460       DEBUG main            d.u.i.k.p.i.AbstractProblemLoader Init config took 7.54s 
8569       INFO  main            d.u.i.k.p.i.AbstractProblemLoader Replaying proof binomial1.key 
8612       DEBUG main            d.u.i.k.p.i.IntermediateProofReplayer Proof replay took 32.9ns 
9003       INFO  main            d.u.i.k.p.r.p.TestFile    ... finished proof: closed. 
9112       INFO  main            d.u.i.k.p.i.AbstractProblemLoader Loading environment from /home/runner/work/key/key/key.core/../key.ui/examples/standard_key/arith/binomial1.key.proof 
9114       DEBUG main            d.u.i.k.p.i.AbstractProblemLoader Environment load took 1.97ms 
9121       INFO  main            d.u.i.k.p.i.AbstractProblemLoader Creating init config 
12041      DEBUG main            d.u.i.k.p.i.AbstractProblemLoader Init config took 2.92s 
12073      INFO  main            d.u.i.k.p.i.AbstractProblemLoader Replaying proof binomial1.key.proof 
12088      DEBUG main            d.u.i.k.p.i.IntermediateProofReplayer Proof replay took 10.58ms 
12100      DEBUG main            d.u.i.k.p.r.p.TestFile    ... success: reloaded. 
12102      INFO  main            d.u.i.k.p.r.p.TestFile    Now processing file /home/runner/work/key/key/key.core/../key.ui/examples/standard_key/arith/binomial2.key 
12102      INFO  main            d.u.i.k.p.i.AbstractProblemLoader Loading environment from /home/runner/work/key/key/key.core/../key.ui/examples/standard_key/arith/binomial2.key 
12103      DEBUG main            d.u.i.k.p.i.AbstractProblemLoader Environment load took 324.9ns 
12104      INFO  main            d.u.i.k.p.i.AbstractProblemLoader Creating init config 
15010      DEBUG main            d.u.i.k.p.i.AbstractProblemLoader Init config took 2.91s 
15038      INFO  main            d.u.i.k.p.i.AbstractProblemLoader Replaying proof binomial2.key 
15042      DEBUG main            d.u.i.k.p.i.IntermediateProofReplayer Proof replay took 5.4ns 
15145      INFO  main            d.u.i.k.p.r.p.TestFile    ... finished proof: closed. 
15286      INFO  main            d.u.i.k.p.i.AbstractProblemLoader Loading environment from /home/runner/work/key/key/key.core/../key.ui/examples/standard_key/arith/binomial2.key.proof 
15287      DEBUG main            d.u.i.k.p.i.AbstractProblemLoader Environment load took 197.3ns 
15290      INFO  main            d.u.i.k.p.i.AbstractProblemLoader Creating init config 
18049      DEBUG main            d.u.i.k.p.i.AbstractProblemLoader Init config took 2.76s 
18072      INFO  main            d.u.i.k.p.i.AbstractProblemLoader Replaying proof binomial2.key.proof 
18084      DEBUG main            d.u.i.k.p.i.IntermediateProofReplayer Proof replay took 7.79ms 
18085      DEBUG main            d.u.i.k.p.r.p.TestFile    ... success: reloaded. 
18087      INFO  main            d.u.i.k.p.r.p.TestFile    Now processing file /home/runner/work/key/key/key.core/../key.ui/examples/standard_key/arith/check_jdiv.key 
18087      INFO  main            d.u.i.k.p.i.AbstractProblemLoader Loading environment from /home/runner/work/key/key/key.core/../key.ui/examples/standard_key/arith/check_jdiv.key 
18087      DEBUG main            d.u.i.k.p.i.AbstractProblemLoader Environment load took 300.6ns 
18089      INFO  main            d.u.i.k.p.i.AbstractProblemLoader Creating init config 
20892      DEBUG main            d.u.i.k.p.i.AbstractProblemLoader Init config took 2.8s 
20915      INFO  main            d.u.i.k.p.i.AbstractProblemLoader Replaying proof check_jdiv.key 
20919      DEBUG main            d.u.i.k.p.i.IntermediateProofReplayer Proof replay took 5.6ns 
27275      INFO  main            d.u.i.k.p.r.p.TestFile    ... finished proof: closed. 
27499      INFO  main            d.u.i.k.p.i.AbstractProblemLoader Loading environment from /home/runner/work/key/key/key.core/../key.ui/examples/standard_key/arith/check_jdiv.key.proof 
27499      DEBUG main            d.u.i.k.p.i.AbstractProblemLoader Environment load took 434.8ns 
27502      INFO  main            d.u.i.k.p.i.AbstractProblemLoader Creating init config 
30363      DEBUG main            d.u.i.k.p.i.AbstractProblemLoader Init config took 2.86s 
30386      INFO  main            d.u.i.k.p.i.AbstractProblemLoader Replaying proof check_jdiv.key.proof 
30798      DEBUG main            d.u.i.k.p.i.IntermediateProofReplayer Proof replay took 372.57ms 
30801      DEBUG main            d.u.i.k.p.r.p.TestFile    ... success: reloaded. 
30803      INFO  main            d.u.i.k.p.r.p.TestFile    Now processing file /home/runner/work/key/key/key.core/../key.ui/examples/standard_key/arith/check_jdiv_concrete.key 
30803      INFO  main            d.u.i.k.p.i.AbstractProblemLoader Loading environment from /home/runner/work/key/key/key.core/../key.ui/examples/standard_key/arith/check_jdiv_concrete.key 
30803      DEBUG main            d.u.i.k.p.i.AbstractProblemLoader Environment load took 133.7ns 
30805      INFO  main            d.u.i.k.p.i.AbstractProblemLoader Creating init config 
33723      DEBUG main            d.u.i.k.p.i.AbstractProblemLoader Init config took 2.92s 
33747      INFO  main            d.u.i.k.p.i.AbstractProblemLoader Replaying proof check_jdiv_concrete.key 
33749      DEBUG main            d.u.i.k.p.i.IntermediateProofReplayer Proof replay took 22.5ns 
33852      INFO  main            d.u.i.k.p.r.p.TestFile    ... finished proof: closed. 
34065      INFO  main            d.u.i.k.p.i.AbstractProblemLoader Loading environment from /home/runner/work/key/key/key.core/../key.ui/examples/standard_key/arith/check_jdiv_concrete.key.proof 
34065      DEBUG main            d.u.i.k.p.i.AbstractProblemLoader Environment load took 128.2ns 
34067      INFO  main            d.u.i.k.p.i.AbstractProblemLoader Creating init config 
36942      DEBUG main            d.u.i.k.p.i.AbstractProblemLoader Init config took 2.88s 
36968      INFO  main            d.u.i.k.p.i.AbstractProblemLoader Replaying proof check_jdiv_concrete.key.proof 
36975      DEBUG main            d.u.i.k.p.i.IntermediateProofReplayer Proof replay took 3.51ms 
36976      DEBUG main            d.u.i.k.p.r.p.TestFile    ... success: reloaded. 
36978      INFO  main            d.u.i.k.p.r.p.TestFile    Now processing file /home/runner/work/key/key/key.core/../key.ui/examples/standard_key/arith/check_jdiv_instantiated.key 
36978      INFO  main            d.u.i.k.p.i.AbstractProblemLoader Loading environment from /home/runner/work/key/key/key.core/../key.ui/examples/standard_key/arith/check_jdiv_instantiated.key 
36979      DEBUG main            d.u.i.k.p.i.AbstractProblemLoader Environment load took 303.9ns 
36981      INFO  main            d.u.i.k.p.i.AbstractProblemLoader Creating init config 
39859      DEBUG main            d.u.i.k.p.i.AbstractProblemLoader Init config took 2.88s 
39882      INFO  main            d.u.i.k.p.i.AbstractProblemLoader Replaying proof check_jdiv_instantiated.key 
39885      DEBUG main            d.u.i.k.p.i.IntermediateProofReplayer Proof replay took 6.2ns 
43820      INFO  main            d.u.i.k.p.r.p.TestFile    ... finished proof: closed. 
44113      INFO  main            d.u.i.k.p.i.AbstractProblemLoader Loading environment from /home/runner/work/key/key/key.core/../key.ui/examples/standard_key/arith/check_jdiv_instantiated.key.proof 
44116      DEBUG main            d.u.i.k.p.i.AbstractProblemLoader Environment load took 2.9ms 
44119      INFO  main            d.u.i.k.p.i.AbstractProblemLoader Creating init config 
47035      DEBUG main            d.u.i.k.p.i.AbstractProblemLoader Init config took 2.92s 
47062      INFO  main            d.u.i.k.p.i.AbstractProblemLoader Replaying proof check_jdiv_instantiated.key.proof 
47283      DEBUG main            d.u.i.k.p.i.IntermediateProofReplayer Proof replay took 192.32ms 
47324      DEBUG main            d.u.i.k.p.r.p.TestFile    ... success: reloaded. 
47326      INFO  main            d.u.i.k.p.r.p.TestFile    Now processing file /home/runner/work/key/key/key.core/../key.ui/examples/standard_key/arith/check_jmod.key 
47326      INFO  main            d.u.i.k.p.i.AbstractProblemLoader Loading environment from /home/runner/work/key/key/key.core/../key.ui/examples/standard_key/arith/check_jmod.key 
47327      DEBUG main            d.u.i.k.p.i.AbstractProblemLoader Environment load took 327.4ns 
47328      INFO  main            d.u.i.k.p.i.AbstractProblemLoader Creating init config 
50318      DEBUG main            d.u.i.k.p.i.AbstractProblemLoader Init config took 2.99s 
50347      INFO  main            d.u.i.k.p.i.AbstractProblemLoader Replaying proof check_jmod.key 
50351      DEBUG main            d.u.i.k.p.i.IntermediateProofReplayer Proof replay took 7.8ns 
51056      INFO  main            d.u.i.k.p.r.p.TestFile    ... finished proof: closed. 
51306      INFO  main            d.u.i.k.p.i.AbstractProblemLoader Loading environment from /home/runner/work/key/key/key.core/../key.ui/examples/standard_key/arith/check_jmod.key.proof 
51306      DEBUG main            d.u.i.k.p.i.AbstractProblemLoader Environment load took 137.3ns 
51309      INFO  main            d.u.i.k.p.i.AbstractProblemLoader Creating init config 
54171      DEBUG main            d.u.i.k.p.i.AbstractProblemLoader Init config took 2.86s 
54198      INFO  main            d.u.i.k.p.i.AbstractProblemLoader Replaying proof check_jmod.key.proof 
54241      DEBUG main            d.u.i.k.p.i.IntermediateProofReplayer Proof replay took 36.49ms 
54243      DEBUG main            d.u.i.k.p.r.p.TestFile    ... success: reloaded. 
54244      INFO  main            d.u.i.k.p.r.p.TestFile    Now processing file /home/runner/work/key/key/key.core/../key.ui/examples/standard_key/arith/complexExpressions.key 
54245      INFO  main            d.u.i.k.p.i.AbstractProblemLoader Loading environment from /home/runner/work/key/key/key.core/../key.ui/examples/standard_key/arith/complexExpressions.key 
54245      DEBUG main            d.u.i.k.p.i.AbstractProblemLoader Environment load took 277.4ns 
54246      INFO  main            d.u.i.k.p.i.AbstractProblemLoader Creating init config 
57289      DEBUG main            d.u.i.k.p.i.AbstractProblemLoader Init config took 3.04s 
57313      INFO  main            d.u.i.k.p.i.AbstractProblemLoader Replaying proof complexExpressions.key 
57315      DEBUG main            d.u.i.k.p.i.IntermediateProofReplayer Proof replay took 6.3ns 
57526      INFO  main            d.u.i.k.p.r.p.TestFile    ... finished proof: closed. 
57817      INFO  main            d.u.i.k.p.i.AbstractProblemLoader Loading environment from /home/runner/work/key/key/key.core/../key.ui/examples/standard_key/arith/complexExpressions.key.proof 
57817      DEBUG main            d.u.i.k.p.i.AbstractProblemLoader Environment load took 128.1ns 
57818      INFO  main            d.u.i.k.p.i.AbstractProblemLoader Creating init config 
60545      DEBUG main            d.u.i.k.p.i.AbstractProblemLoader Init config took 2.73s 
60565      INFO  main            d.u.i.k.p.i.AbstractProblemLoader Replaying proof complexExpressions.key.proof 
60578      DEBUG main            d.u.i.k.p.i.IntermediateProofReplayer Proof replay took 9.94ms 
60579      DEBUG main            d.u.i.k.p.r.p.TestFile    ... success: reloaded. 
60580      INFO  main            d.u.i.k.p.r.p.TestFile    Now processing file /home/runner/work/key/key/key.core/../key.ui/examples/standard_key/arith/compound_unaryMinus.key 
60580      INFO  main            d.u.i.k.p.i.AbstractProblemLoader Loading environment from /home/runner/work/key/key/key.core/../key.ui/examples/standard_key/arith/compound_unaryMinus.key 
60580      DEBUG main            d.u.i.k.p.i.AbstractProblemLoader Environment load took 289.6ns 
60582      INFO  main            d.u.i.k.p.i.AbstractProblemLoader Creating init config 
63281      DEBUG main            d.u.i.k.p.i.AbstractProblemLoader Init config took 2.7s 
63299      INFO  main            d.u.i.k.p.i.AbstractProblemLoader Replaying proof compound_unaryMinus.key 
63301      DEBUG main            d.u.i.k.p.i.IntermediateProofReplayer Proof replay took 5.6ns 
63403      INFO  main            d.u.i.k.p.r.p.TestFile    ... finished proof: closed. 
63672      INFO  main            d.u.i.k.p.i.AbstractProblemLoader Loading environment from /home/runner/work/key/key/key.core/../key.ui/examples/standard_key/arith/compound_unaryMinus.key.proof 
63672      DEBUG main            d.u.i.k.p.i.AbstractProblemLoader Environment load took 127.5ns 
63673      INFO  main            d.u.i.k.p.i.AbstractProblemLoader Creating init config 
66337      DEBUG main            d.u.i.k.p.i.AbstractProblemLoader Init config took 2.66s 
66355      INFO  main            d.u.i.k.p.i.AbstractProblemLoader Replaying proof compound_unaryMinus.key.proof 
66362      DEBUG main            d.u.i.k.p.i.IntermediateProofReplayer Proof replay took 3.82ms 
66363      DEBUG main            d.u.i.k.p.r.p.TestFile    ... success: reloaded. 
66363      INFO  main            d.u.i.k.p.r.p.TestFile    Now processing file /home/runner/work/key/key/key.core/../key.ui/examples/standard_key/arith/computation.key 
66364      INFO  main            d.u.i.k.p.i.AbstractProblemLoader Loading environment from /home/runner/work/key/key/key.core/../key.ui/examples/standard_key/arith/computation.key 
66364      DEBUG main            d.u.i.k.p.i.AbstractProblemLoader Environment load took 263.4ns 
66366      INFO  main            d.u.i.k.p.i.AbstractProblemLoader Creating init config 
69106      DEBUG main            d.u.i.k.p.i.AbstractProblemLoader Init config took 2.74s 
69125      INFO  main            d.u.i.k.p.i.AbstractProblemLoader Replaying proof computation.key 
69127      DEBUG main            d.u.i.k.p.i.IntermediateProofReplayer Proof replay took 5.8ns 
70750      INFO  main            d.u.i.k.p.r.p.TestFile    ... finished proof: closed. 
71037      INFO  main            d.u.i.k.p.i.AbstractProblemLoader Loading environment from /home/runner/work/key/key/key.core/../key.ui/examples/standard_key/arith/computation.key.proof 
71037      DEBUG main            d.u.i.k.p.i.AbstractProblemLoader Environment load took 643.5ns 
71039      INFO  main            d.u.i.k.p.i.AbstractProblemLoader Creating init config 
73587      DEBUG main            d.u.i.k.p.i.AbstractProblemLoader Init config took 2.55s 
73608      INFO  main            d.u.i.k.p.i.AbstractProblemLoader Replaying proof computation.key.proof 
73693      DEBUG main            d.u.i.k.p.i.IntermediateProofReplayer Proof replay took 78.42ms 
73694      DEBUG main            d.u.i.k.p.r.p.TestFile    ... success: reloaded. 
73696      INFO  main            d.u.i.k.p.r.p.TestFile    Now processing file /home/runner/work/key/key/key.core/../key.ui/examples/standard_key/arith/cubicSum.key 
73696      INFO  main            d.u.i.k.p.i.AbstractProblemLoader Loading environment from /home/runner/work/key/key/key.core/../key.ui/examples/standard_key/arith/cubicSum.key 
73697      DEBUG main            d.u.i.k.p.i.AbstractProblemLoader Environment load took 267.8ns 
73698      INFO  main            d.u.i.k.p.i.AbstractProblemLoader Creating init config 
76604      DEBUG main            d.u.i.k.p.i.AbstractProblemLoader Init config took 2.91s 
76658      INFO  main            d.u.i.k.p.i.AbstractProblemLoader Replaying proof cubicSum.key 
76661      DEBUG main            d.u.i.k.p.i.IntermediateProofReplayer Proof replay took 6.2ns 
77869      INFO  main            d.u.i.k.p.r.p.TestFile    ... finished proof: closed. 
78208      INFO  main            d.u.i.k.p.i.AbstractProblemLoader Loading environment from /home/runner/work/key/key/key.core/../key.ui/examples/standard_key/arith/cubicSum.key.proof 
78208      DEBUG main            d.u.i.k.p.i.AbstractProblemLoader Environment load took 586.7ns 
78210      INFO  main            d.u.i.k.p.i.AbstractProblemLoader Creating init config 
80802      DEBUG main            d.u.i.k.p.i.AbstractProblemLoader Init config took 2.59s 
80819      INFO  main            d.u.i.k.p.i.AbstractProblemLoader Replaying proof cubicSum.key.proof 
80946      DEBUG main            d.u.i.k.p.i.IntermediateProofReplayer Proof replay took 122.73ms 
80947      DEBUG main            d.u.i.k.p.r.p.TestFile    ... success: reloaded. 
80948      INFO  main            d.u.i.k.p.r.p.TestFile    Now processing file /home/runner/work/key/key/key.core/../key.ui/examples/standard_key/arith/divByZero.key 
80948      INFO  main            d.u.i.k.p.i.AbstractProblemLoader Loading environment from /home/runner/work/key/key/key.core/../key.ui/examples/standard_key/arith/divByZero.key 
80949      DEBUG main            d.u.i.k.p.i.AbstractProblemLoader Environment load took 109.2ns 
80950      INFO  main            d.u.i.k.p.i.AbstractProblemLoader Creating init config 
83571      DEBUG main            d.u.i.k.p.i.AbstractProblemLoader Init config took 2.62s 
83588      INFO  main            d.u.i.k.p.i.AbstractProblemLoader Replaying proof divByZero.key 
83590      DEBUG main            d.u.i.k.p.i.IntermediateProofReplayer Proof replay took 6ns 
83799      INFO  main            d.u.i.k.p.r.p.TestFile    ... finished proof: closed. 
84063      INFO  main            d.u.i.k.p.i.AbstractProblemLoader Loading environment from /home/runner/work/key/key/key.core/../key.ui/examples/standard_key/arith/divByZero.key.proof 
84063      DEBUG main            d.u.i.k.p.i.AbstractProblemLoader Environment load took 284.8ns 
84065      INFO  main            d.u.i.k.p.i.AbstractProblemLoader Creating init config 
86596      DEBUG main            d.u.i.k.p.i.AbstractProblemLoader Init config took 2.53s 
86612      INFO  main            d.u.i.k.p.i.AbstractProblemLoader Replaying proof divByZero.key.proof 
86653      DEBUG main            d.u.i.k.p.i.IntermediateProofReplayer Proof replay took 38.8ms 
86654      DEBUG main            d.u.i.k.p.r.p.TestFile    ... success: reloaded. 
86655      INFO  main            d.u.i.k.p.r.p.TestFile    Now processing file /home/runner/work/key/key/key.core/../key.ui/examples/standard_key/arith/divisionAssoc.key 
86656      INFO  main            d.u.i.k.p.i.AbstractProblemLoader Loading environment from /home/runner/work/key/key/key.core/../key.ui/examples/standard_key/arith/divisionAssoc.key 
86656      DEBUG main            d.u.i.k.p.i.AbstractProblemLoader Environment load took 193ns 
86657      INFO  main            d.u.i.k.p.i.AbstractProblemLoader Creating init config 
89220      DEBUG main            d.u.i.k.p.i.AbstractProblemLoader Init config took 2.56s 
89235      INFO  main            d.u.i.k.p.i.AbstractProblemLoader Replaying proof divisionAssoc.key 
89236      DEBUG main            d.u.i.k.p.i.IntermediateProofReplayer Proof replay took 6.3ns 
90043      INFO  main            d.u.i.k.p.r.p.TestFile    ... finished proof: closed. 
90305      INFO  main            d.u.i.k.p.i.AbstractProblemLoader Loading environment from /home/runner/work/key/key/key.core/../key.ui/examples/standard_key/arith/divisionAssoc.key.proof 
90305      DEBUG main            d.u.i.k.p.i.AbstractProblemLoader Environment load took 637.4ns 
90307      INFO  main            d.u.i.k.p.i.AbstractProblemLoader Creating init config 
92796      DEBUG main            d.u.i.k.p.i.AbstractProblemLoader Init config took 2.49s 
92810      INFO  main            d.u.i.k.p.i.AbstractProblemLoader Replaying proof divisionAssoc.key.proof 
92859      DEBUG main            d.u.i.k.p.i.IntermediateProofReplayer Proof replay took 43.07ms 
92860      DEBUG main            d.u.i.k.p.r.p.TestFile    ... success: reloaded. 
92861      INFO  main            d.u.i.k.p.r.p.TestFile    Now processing file /home/runner/work/key/key/key.core/../key.ui/examples/standard_key/arith/divisionBy2.key 
92861      INFO  main            d.u.i.k.p.i.AbstractProblemLoader Loading environment from /home/runner/work/key/key/key.core/../key.ui/examples/standard_key/arith/divisionBy2.key 
92861      DEBUG main            d.u.i.k.p.i.AbstractProblemLoader Environment load took 151.4ns 
92862      INFO  main            d.u.i.k.p.i.AbstractProblemLoader Creating init config 
95493      DEBUG main            d.u.i.k.p.i.AbstractProblemLoader Init config took 2.63s 
95514      INFO  main            d.u.i.k.p.i.AbstractProblemLoader Replaying proof divisionBy2.key 
95516      DEBUG main            d.u.i.k.p.i.IntermediateProofReplayer Proof replay took 7ns 
95618      INFO  main            d.u.i.k.p.r.p.TestFile    ... finished proof: closed. 
95923      INFO  main            d.u.i.k.p.i.AbstractProblemLoader Loading environment from /home/runner/work/key/key/key.core/../key.ui/examples/standard_key/arith/divisionBy2.key.proof 
95924      DEBUG main            d.u.i.k.p.i.AbstractProblemLoader Environment load took 156.3ns 
95925      INFO  main            d.u.i.k.p.i.AbstractProblemLoader Creating init config 
98484      DEBUG main            d.u.i.k.p.i.AbstractProblemLoader Init config took 2.56s 
98498      INFO  main            d.u.i.k.p.i.AbstractProblemLoader Replaying proof divisionBy2.key.proof 
98508      DEBUG main            d.u.i.k.p.i.IntermediateProofReplayer Proof replay took 5.99ms 
98509      DEBUG main            d.u.i.k.p.r.p.TestFile    ... success: reloaded. 
98510      INFO  main            d.u.i.k.p.r.p.TestFile    Now processing file /home/runner/work/key/key/key.core/../key.ui/examples/standard_key/arith/euclidean/gcdHelp-post.key 
98510      INFO  main            d.u.i.k.p.i.AbstractProblemLoader Loading environment from /home/runner/work/key/key/key.core/../key.ui/examples/standard_key/arith/euclidean/gcdHelp-post.key 
98510      DEBUG main            d.u.i.k.p.i.AbstractProblemLoader Environment load took 222.5ns 
98512      INFO  main            d.u.i.k.p.i.AbstractProblemLoader Creating init config 
101309     DEBUG main            d.u.i.k.p.i.AbstractProblemLoader Init config took 2.8s 
101325     INFO  main            d.u.i.k.p.i.AbstractProblemLoader Replaying proof gcdHelp-post.key 
101327     DEBUG main            d.u.i.k.p.i.IntermediateProofReplayer Proof replay took 6.3ns 
105145     INFO  main            d.u.i.k.p.r.p.TestFile    ... finished proof: closed. 
105479     INFO  main            d.u.i.k.p.i.AbstractProblemLoader Loading environment from /home/runner/work/key/key/key.core/../key.ui/examples/standard_key/arith/euclidean/gcdHelp-post.key.proof 
105479     DEBUG main            d.u.i.k.p.i.AbstractProblemLoader Environment load took 495.2ns 
105481     INFO  main            d.u.i.k.p.i.AbstractProblemLoader Creating init config 
108209     DEBUG main            d.u.i.k.p.i.AbstractProblemLoader Init config took 2.73s 
108229     INFO  main            d.u.i.k.p.i.AbstractProblemLoader Replaying proof gcdHelp-post.key.proof 
108485     DEBUG main            d.u.i.k.p.i.IntermediateProofReplayer Proof replay took 244.4ms 
108487     DEBUG main            d.u.i.k.p.r.p.TestFile    ... success: reloaded. 
108490     INFO  main            d.u.i.k.p.r.p.TestFile    Now processing file /home/runner/work/key/key/key.core/../key.ui/examples/standard_key/arith/gemplusDecimal/add.key 
108491     INFO  main            d.u.i.k.p.i.AbstractProblemLoader Loading environment from /home/runner/work/key/key/key.core/../key.ui/examples/standard_key/arith/gemplusDecimal/add.key 
108491     DEBUG main            d.u.i.k.p.i.AbstractProblemLoader Environment load took 250.4ns 
108493     INFO  main            d.u.i.k.p.i.AbstractProblemLoader Creating init config 
111280     DEBUG main            d.u.i.k.p.i.AbstractProblemLoader Init config took 2.79s 
111297     INFO  main            d.u.i.k.p.i.AbstractProblemLoader Replaying proof add.key 
111299     DEBUG main            d.u.i.k.p.i.IntermediateProofReplayer Proof replay took 6.1ns 
161226     INFO  main            d.u.i.k.p.r.p.TestFile    ... finished proof: closed. 
161722     INFO  main            d.u.i.k.p.i.AbstractProblemLoader Loading environment from /home/runner/work/key/key/key.core/../key.ui/examples/standard_key/arith/gemplusDecimal/add.key.proof 
161722     DEBUG main            d.u.i.k.p.i.AbstractProblemLoader Environment load took 487.1ns 
161731     INFO  main            d.u.i.k.p.i.AbstractProblemLoader Creating init config 
164392     DEBUG main            d.u.i.k.p.i.AbstractProblemLoader Init config took 2.66s 
164413     INFO  main            d.u.i.k.p.i.AbstractProblemLoader Replaying proof add.key.proof 
166965     DEBUG main            d.u.i.k.p.i.IntermediateProofReplayer Proof replay took 2.41s 
166972     DEBUG main            d.u.i.k.p.r.p.TestFile    ... success: reloaded. 
166973     INFO  main            d.u.i.k.p.r.p.TestFile    Now processing file /home/runner/work/key/key/key.core/../key.ui/examples/standard_key/arith/jdivevenodd.key 
166973     INFO  main            d.u.i.k.p.i.AbstractProblemLoader Loading environment from /home/runner/work/key/key/key.core/../key.ui/examples/standard_key/arith/jdivevenodd.key 
166973     DEBUG main            d.u.i.k.p.i.AbstractProblemLoader Environment load took 93.1ns 
166974     INFO  main            d.u.i.k.p.i.AbstractProblemLoader Creating init config 
169639     DEBUG main            d.u.i.k.p.i.AbstractProblemLoader Init config took 2.66s 
169652     INFO  main            d.u.i.k.p.i.AbstractProblemLoader Replaying proof jdivevenodd.key 
169654     DEBUG main            d.u.i.k.p.i.IntermediateProofReplayer Proof replay took 6.6ns 
169859     INFO  main            d.u.i.k.p.r.p.TestFile    ... finished proof: closed. 
170418     INFO  main            d.u.i.k.p.i.AbstractProblemLoader Loading environment from /home/runner/work/key/key/key.core/../key.ui/examples/standard_key/arith/jdivevenodd.key.proof 
170419     DEBUG main            d.u.i.k.p.i.AbstractProblemLoader Environment load took 837.8ns 
170420     INFO  main            d.u.i.k.p.i.AbstractProblemLoader Creating init config 
172954     DEBUG main            d.u.i.k.p.i.AbstractProblemLoader Init config took 2.53s 
172968     INFO  main            d.u.i.k.p.i.AbstractProblemLoader Replaying proof jdivevenodd.key.proof 
172980     DEBUG main            d.u.i.k.p.i.IntermediateProofReplayer Proof replay took 10.14ms 
172981     DEBUG main            d.u.i.k.p.r.p.TestFile    ... success: reloaded. 
172983     INFO  main            d.u.i.k.p.r.p.TestFile    Now processing file /home/runner/work/key/key/key.core/../key.ui/examples/standard_key/arith/median.key 
172983     INFO  main            d.u.i.k.p.i.AbstractProblemLoader Loading environment from /home/runner/work/key/key/key.core/../key.ui/examples/standard_key/arith/median.key 
172984     DEBUG main            d.u.i.k.p.i.AbstractProblemLoader Environment load took 426.6ns 
172985     INFO  main            d.u.i.k.p.i.AbstractProblemLoader Creating init config 
175725     DEBUG main            d.u.i.k.p.i.AbstractProblemLoader Init config took 2.74s 
175744     INFO  main            d.u.i.k.p.i.AbstractProblemLoader Replaying proof median.key 
175746     DEBUG main            d.u.i.k.p.i.IntermediateProofReplayer Proof replay took 7.2ns 
192868     INFO  main            d.u.i.k.p.r.p.TestFile    ... finished proof: closed. 
193316     INFO  main            d.u.i.k.p.i.AbstractProblemLoader Loading environment from /home/runner/work/key/key/key.core/../key.ui/examples/standard_key/arith/median.key.proof 
193316     DEBUG main            d.u.i.k.p.i.AbstractProblemLoader Environment load took 722.5ns 
193321     INFO  main            d.u.i.k.p.i.AbstractProblemLoader Creating init config 
196045     DEBUG main            d.u.i.k.p.i.AbstractProblemLoader Init config took 2.72s 
196064     INFO  main            d.u.i.k.p.i.AbstractProblemLoader Replaying proof median.key.proof 
196905     DEBUG main            d.u.i.k.p.i.IntermediateProofReplayer Proof replay took 761.47ms 
196909     DEBUG main            d.u.i.k.p.r.p.TestFile    ... success: reloaded. 
196910     INFO  main            d.u.i.k.p.r.p.TestFile    Now processing file /home/runner/work/key/key/key.core/../key.ui/examples/standard_key/arith/mod1.key 
196910     INFO  main            d.u.i.k.p.i.AbstractProblemLoader Loading environment from /home/runner/work/key/key/key.core/../key.ui/examples/standard_key/arith/mod1.key 
196911     DEBUG main            d.u.i.k.p.i.AbstractProblemLoader Environment load took 241.6ns 
196913     INFO  main            d.u.i.k.p.i.AbstractProblemLoader Creating init config 
199756     DEBUG main            d.u.i.k.p.i.AbstractProblemLoader Init config took 2.84s 
199770     INFO  main            d.u.i.k.p.i.AbstractProblemLoader Replaying proof mod1.key 
199774     DEBUG main            d.u.i.k.p.i.IntermediateProofReplayer Proof replay took 6.8ns 
199876     INFO  main            d.u.i.k.p.r.p.TestFile    ... finished proof: closed. 
200312     INFO  main            d.u.i.k.p.i.AbstractProblemLoader Loading environment from /home/runner/work/key/key/key.core/../key.ui/examples/standard_key/arith/mod1.key.proof 
200312     DEBUG main            d.u.i.k.p.i.AbstractProblemLoader Environment load took 111.9ns 
200313     INFO  main            d.u.i.k.p.i.AbstractProblemLoader Creating init config 
203063     DEBUG main            d.u.i.k.p.i.AbstractProblemLoader Init config took 2.75s 
203081     INFO  main            d.u.i.k.p.i.AbstractProblemLoader Replaying proof mod1.key.proof 
203086     DEBUG main            d.u.i.k.p.i.IntermediateProofReplayer Proof replay took 2.22ms 
203086     DEBUG main            d.u.i.k.p.r.p.TestFile    ... success: reloaded. 
203087     INFO  main            d.u.i.k.p.r.p.TestFile    Now processing file /home/runner/work/key/key/key.core/../key.ui/examples/standard_key/arith/mod2.key 
203088     INFO  main            d.u.i.k.p.i.AbstractProblemLoader Loading environment from /home/runner/work/key/key/key.core/../key.ui/examples/standard_key/arith/mod2.key 
203088     DEBUG main            d.u.i.k.p.i.AbstractProblemLoader Environment load took 128.3ns 
203089     INFO  main            d.u.i.k.p.i.AbstractProblemLoader Creating init config 
205724     DEBUG main            d.u.i.k.p.i.AbstractProblemLoader Init config took 2.63s 
205741     INFO  main            d.u.i.k.p.i.AbstractProblemLoader Replaying proof mod2.key 
205743     DEBUG main            d.u.i.k.p.i.IntermediateProofReplayer Proof replay took 5.6ns 
205846     INFO  main            d.u.i.k.p.r.p.TestFile    ... finished proof: closed. 
206152     INFO  main            d.u.i.k.p.i.AbstractProblemLoader Loading environment from /home/runner/work/key/key/key.core/../key.ui/examples/standard_key/arith/mod2.key.proof 
206152     DEBUG main            d.u.i.k.p.i.AbstractProblemLoader Environment load took 110.2ns 
206153     INFO  main            d.u.i.k.p.i.AbstractProblemLoader Creating init config 
208821     DEBUG main            d.u.i.k.p.i.AbstractProblemLoader Init config took 2.67s 
208835     INFO  main            d.u.i.k.p.i.AbstractProblemLoader Replaying proof mod2.key.proof 
208839     DEBUG main            d.u.i.k.p.i.IntermediateProofReplayer Proof replay took 1.85ms 
208840     DEBUG main            d.u.i.k.p.r.p.TestFile    ... success: reloaded. 
208841     INFO  main            d.u.i.k.p.r.p.TestFile    Now processing file /home/runner/work/key/key/key.core/../key.ui/examples/standard_key/arith/mod7.key 
208841     INFO  main            d.u.i.k.p.i.AbstractProblemLoader Loading environment from /home/runner/work/key/key/key.core/../key.ui/examples/standard_key/arith/mod7.key 
208841     DEBUG main            d.u.i.k.p.i.AbstractProblemLoader Environment load took 135.3ns 
208842     INFO  main            d.u.i.k.p.i.AbstractProblemLoader Creating init config 
211598     DEBUG main            d.u.i.k.p.i.AbstractProblemLoader Init config took 2.76s 
211630     INFO  main            d.u.i.k.p.i.AbstractProblemLoader Replaying proof mod7.key 
211631     DEBUG main            d.u.i.k.p.i.IntermediateProofReplayer Proof replay took 7.5ns 
211736     INFO  main            d.u.i.k.p.r.p.TestFile    ... finished proof: closed. 
212051     INFO  main            d.u.i.k.p.i.AbstractProblemLoader Loading environment from /home/runner/work/key/key/key.core/../key.ui/examples/standard_key/arith/mod7.key.proof 
212051     DEBUG main            d.u.i.k.p.i.AbstractProblemLoader Environment load took 115.4ns 
212053     INFO  main            d.u.i.k.p.i.AbstractProblemLoader Creating init config 
214670     DEBUG main            d.u.i.k.p.i.AbstractProblemLoader Init config took 2.62s 
214686     INFO  main            d.u.i.k.p.i.AbstractProblemLoader Replaying proof mod7.key.proof 
214694     DEBUG main            d.u.i.k.p.i.IntermediateProofReplayer Proof replay took 5.42ms 
214695     DEBUG main            d.u.i.k.p.r.p.TestFile    ... success: reloaded. 
214696     INFO  main            d.u.i.k.p.r.p.TestFile    Now processing file /home/runner/work/key/key/key.core/../key.ui/examples/standard_key/arith/overflow_hija.key 
214696     INFO  main            d.u.i.k.p.i.AbstractProblemLoader Loading environment from /home/runner/work/key/key/key.core/../key.ui/examples/standard_key/arith/overflow_hija.key 
214696     DEBUG main            d.u.i.k.p.i.AbstractProblemLoader Environment load took 294.3ns 
214698     INFO  main            d.u.i.k.p.i.AbstractProblemLoader Creating init config 
217577     DEBUG main            d.u.i.k.p.i.AbstractProblemLoader Init config took 2.88s 
217597     INFO  main            d.u.i.k.p.i.AbstractProblemLoader Replaying proof overflow_hija.key 
217599     DEBUG main            d.u.i.k.p.i.IntermediateProofReplayer Proof replay took 6.8ns 
222922     INFO  main            d.u.i.k.p.r.p.TestFile    ... finished proof: closed. 
223298     INFO  main            d.u.i.k.p.i.AbstractProblemLoader Loading environment from /home/runner/work/key/key/key.core/../key.ui/examples/standard_key/arith/overflow_hija.key.proof 
223299     DEBUG main            d.u.i.k.p.i.AbstractProblemLoader Environment load took 495.2ns 
223301     INFO  main            d.u.i.k.p.i.AbstractProblemLoader Creating init config 
225885     DEBUG main            d.u.i.k.p.i.AbstractProblemLoader Init config took 2.58s 
225903     INFO  main            d.u.i.k.p.i.AbstractProblemLoader Replaying proof overflow_hija.key.proof 
226112     DEBUG main            d.u.i.k.p.i.IntermediateProofReplayer Proof replay took 197.7ms 
226114     DEBUG main            d.u.i.k.p.r.p.TestFile    ... success: reloaded. 
226115     INFO  main            d.u.i.k.p.r.p.TestFile    Now processing file /home/runner/work/key/key/key.core/../key.ui/examples/standard_key/arith/poly_division0.key 
226115     INFO  main            d.u.i.k.p.i.AbstractProblemLoader Loading environment from /home/runner/work/key/key/key.core/../key.ui/examples/standard_key/arith/poly_division0.key 
226115     DEBUG main            d.u.i.k.p.i.AbstractProblemLoader Environment load took 152.8ns 
226116     INFO  main            d.u.i.k.p.i.AbstractProblemLoader Creating init config 
228822     DEBUG main            d.u.i.k.p.i.AbstractProblemLoader Init config took 2.71s 
228835     INFO  main            d.u.i.k.p.i.AbstractProblemLoader Replaying proof poly_division0.key 
228836     DEBUG main            d.u.i.k.p.i.IntermediateProofReplayer Proof replay took 6.2ns 
228938     INFO  main            d.u.i.k.p.r.p.TestFile    ... finished proof: closed. 
229328     INFO  main            d.u.i.k.p.i.AbstractProblemLoader Loading environment from /home/runner/work/key/key/key.core/../key.ui/examples/standard_key/arith/poly_division0.key.proof 
229328     DEBUG main            d.u.i.k.p.i.AbstractProblemLoader Environment load took 115.7ns 
229330     INFO  main            d.u.i.k.p.i.AbstractProblemLoader Creating init config 
231906     DEBUG main            d.u.i.k.p.i.AbstractProblemLoader Init config took 2.58s 
231922     INFO  main            d.u.i.k.p.i.AbstractProblemLoader Replaying proof poly_division0.key.proof 
231929     DEBUG main            d.u.i.k.p.i.IntermediateProofReplayer Proof replay took 4.91ms 
231930     DEBUG main            d.u.i.k.p.r.p.TestFile    ... success: reloaded. 
231931     INFO  main            d.u.i.k.p.r.p.TestFile    Now processing file /home/runner/work/key/key/key.core/../key.ui/examples/standard_key/arith/poly_division1.key 
231932     INFO  main            d.u.i.k.p.i.AbstractProblemLoader Loading environment from /home/runner/work/key/key/key.core/../key.ui/examples/standard_key/arith/poly_division1.key 
231932     DEBUG main            d.u.i.k.p.i.AbstractProblemLoader Environment load took 225.3ns 
231933     INFO  main            d.u.i.k.p.i.AbstractProblemLoader Creating init config 
234582     DEBUG main            d.u.i.k.p.i.AbstractProblemLoader Init config took 2.65s 
234599     INFO  main            d.u.i.k.p.i.AbstractProblemLoader Replaying proof poly_division1.key 
234601     DEBUG main            d.u.i.k.p.i.IntermediateProofReplayer Proof replay took 6.9ns 
234703     INFO  main            d.u.i.k.p.r.p.TestFile    ... finished proof: closed. 
235048     INFO  main            d.u.i.k.p.i.AbstractProblemLoader Loading environment from /home/runner/work/key/key/key.core/../key.ui/examples/standard_key/arith/poly_division1.key.proof 
235049     DEBUG main            d.u.i.k.p.i.AbstractProblemLoader Environment load took 115ns 
235050     INFO  main            d.u.i.k.p.i.AbstractProblemLoader Creating init config 
237770     DEBUG main            d.u.i.k.p.i.AbstractProblemLoader Init config took 2.72s 
237782     INFO  main            d.u.i.k.p.i.AbstractProblemLoader Replaying proof poly_division1.key.proof 
237789     DEBUG main            d.u.i.k.p.i.IntermediateProofReplayer Proof replay took 4.42ms 
237790     DEBUG main            d.u.i.k.p.r.p.TestFile    ... success: reloaded. 
237790     INFO  main            d.u.i.k.p.r.p.TestFile    Now processing file /home/runner/work/key/key/key.core/../key.ui/examples/standard_key/inEqSimp/division.key 
237790     INFO  main            d.u.i.k.p.i.AbstractProblemLoader Loading environment from /home/runner/work/key/key/key.core/../key.ui/examples/standard_key/inEqSimp/division.key 
237791     DEBUG main            d.u.i.k.p.i.AbstractProblemLoader Environment load took 105.7ns 
237792     INFO  main            d.u.i.k.p.i.AbstractProblemLoader Creating init config 
240316     DEBUG main            d.u.i.k.p.i.AbstractProblemLoader Init config took 2.52s 
240332     INFO  main            d.u.i.k.p.i.AbstractProblemLoader Replaying proof division.key 
240334     DEBUG main            d.u.i.k.p.i.IntermediateProofReplayer Proof replay took 9.3ns 
242463     INFO  main            d.u.i.k.p.r.p.TestFile    ... finished proof: closed. 
242835     INFO  main            d.u.i.k.p.i.AbstractProblemLoader Loading environment from /home/runner/work/key/key/key.core/../key.ui/examples/standard_key/inEqSimp/division.key.proof 
242835     DEBUG main            d.u.i.k.p.i.AbstractProblemLoader Environment load took 232.9ns 
242837     INFO  main            d.u.i.k.p.i.AbstractProblemLoader Creating init config 
245287     DEBUG main            d.u.i.k.p.i.AbstractProblemLoader Init config took 2.45s 
245299     INFO  main            d.u.i.k.p.i.AbstractProblemLoader Replaying proof division.key.proof 
245396     DEBUG main            d.u.i.k.p.i.IntermediateProofReplayer Proof replay took 87.7ms 
245398     DEBUG main            d.u.i.k.p.r.p.TestFile    ... success: reloaded. 
245399     INFO  main            d.u.i.k.p.r.p.TestFile    Now processing file /home/runner/work/key/key/key.core/../key.ui/examples/standard_key/inEqSimp/inequations0.key 
245400     INFO  main            d.u.i.k.p.i.AbstractProblemLoader Loading environment from /home/runner/work/key/key/key.core/../key.ui/examples/standard_key/inEqSimp/inequations0.key 
245400     DEBUG main            d.u.i.k.p.i.AbstractProblemLoader Environment load took 275.2ns 
245401     INFO  main            d.u.i.k.p.i.AbstractProblemLoader Creating init config 
247961     DEBUG main            d.u.i.k.p.i.AbstractProblemLoader Init config took 2.56s 
247974     INFO  main            d.u.i.k.p.i.AbstractProblemLoader Replaying proof inequations0.key 
247976     DEBUG main            d.u.i.k.p.i.IntermediateProofReplayer Proof replay took 39.9ns 
248078     INFO  main            d.u.i.k.p.r.p.TestFile    ... finished proof: closed. 
248447     INFO  main            d.u.i.k.p.i.AbstractProblemLoader Loading environment from /home/runner/work/key/key/key.core/../key.ui/examples/standard_key/inEqSimp/inequations0.key.proof 
248447     DEBUG main            d.u.i.k.p.i.AbstractProblemLoader Environment load took 127.5ns 
248449     INFO  main            d.u.i.k.p.i.AbstractProblemLoader Creating init config 
250865     DEBUG main            d.u.i.k.p.i.AbstractProblemLoader Init config took 2.42s 
250877     INFO  main            d.u.i.k.p.i.AbstractProblemLoader Replaying proof inequations0.key.proof 
250881     DEBUG main            d.u.i.k.p.i.IntermediateProofReplayer Proof replay took 2.36ms 
250882     DEBUG main            d.u.i.k.p.r.p.TestFile    ... success: reloaded. 
250883     INFO  main            d.u.i.k.p.r.p.TestFile    Now processing file /home/runner/work/key/key/key.core/../key.ui/examples/standard_key/inEqSimp/inequations1.key 
250883     INFO  main            d.u.i.k.p.i.AbstractProblemLoader Loading environment from /home/runner/work/key/key/key.core/../key.ui/examples/standard_key/inEqSimp/inequations1.key 
250887     DEBUG main            d.u.i.k.p.i.AbstractProblemLoader Environment load took 3.74ms 
250889     INFO  main            d.u.i.k.p.i.AbstractProblemLoader Creating init config 
253532     DEBUG main            d.u.i.k.p.i.AbstractProblemLoader Init config took 2.64s 
253545     INFO  main            d.u.i.k.p.i.AbstractProblemLoader Replaying proof inequations1.key 
253547     DEBUG main            d.u.i.k.p.i.IntermediateProofReplayer Proof replay took 3.2ns 
253649     INFO  main            d.u.i.k.p.r.p.TestFile    ... finished proof: closed. 
254030     INFO  main            d.u.i.k.p.i.AbstractProblemLoader Loading environment from /home/runner/work/key/key/key.core/../key.ui/examples/standard_key/inEqSimp/inequations1.key.proof 
254031     DEBUG main            d.u.i.k.p.i.AbstractProblemLoader Environment load took 92.3ns 
254032     INFO  main            d.u.i.k.p.i.AbstractProblemLoader Creating init config 
256651     DEBUG main            d.u.i.k.p.i.AbstractProblemLoader Init config took 2.62s 
256664     INFO  main            d.u.i.k.p.i.AbstractProblemLoader Replaying proof inequations1.key.proof 
256668     DEBUG main            d.u.i.k.p.i.IntermediateProofReplayer Proof replay took 1.37ms 
256669     DEBUG main            d.u.i.k.p.r.p.TestFile    ... success: reloaded. 
256670     INFO  main            d.u.i.k.p.r.p.TestFile    Now processing file /home/runner/work/key/key/key.core/../key.ui/examples/standard_key/inEqSimp/inequations2.key 
256670     INFO  main            d.u.i.k.p.i.AbstractProblemLoader Loading environment from /home/runner/work/key/key/key.core/../key.ui/examples/standard_key/inEqSimp/inequations2.key 
256670     DEBUG main            d.u.i.k.p.i.AbstractProblemLoader Environment load took 114.2ns 
256671     INFO  main            d.u.i.k.p.i.AbstractProblemLoader Creating init config 
259411     DEBUG main            d.u.i.k.p.i.AbstractProblemLoader Init config took 2.74s 
259426     INFO  main            d.u.i.k.p.i.AbstractProblemLoader Replaying proof inequations2.key 
259428     DEBUG main            d.u.i.k.p.i.IntermediateProofReplayer Proof replay took 3.8ns 
259531     INFO  main            d.u.i.k.p.r.p.TestFile    ... finished proof: closed. 
259914     INFO  main            d.u.i.k.p.i.AbstractProblemLoader Loading environment from /home/runner/work/key/key/key.core/../key.ui/examples/standard_key/inEqSimp/inequations2.key.proof 
259914     DEBUG main            d.u.i.k.p.i.AbstractProblemLoader Environment load took 101.5ns 
259915     INFO  main            d.u.i.k.p.i.AbstractProblemLoader Creating init config 
262643     DEBUG main            d.u.i.k.p.i.AbstractProblemLoader Init config took 2.73s 
262657     INFO  main            d.u.i.k.p.i.AbstractProblemLoader Replaying proof inequations2.key.proof 
262662     DEBUG main            d.u.i.k.p.i.IntermediateProofReplayer Proof replay took 1.83ms 
262663     DEBUG main            d.u.i.k.p.r.p.TestFile    ... success: reloaded. 
262664     INFO  main            d.u.i.k.p.r.p.TestFile    Now processing file /home/runner/work/key/key/key.core/../key.ui/examples/standard_key/inEqSimp/linApprox.key 
262664     INFO  main            d.u.i.k.p.i.AbstractProblemLoader Loading environment from /home/runner/work/key/key/key.core/../key.ui/examples/standard_key/inEqSimp/linApprox.key 
262664     DEBUG main            d.u.i.k.p.i.AbstractProblemLoader Environment load took 297.9ns 
262666     INFO  main            d.u.i.k.p.i.AbstractProblemLoader Creating init config 
265574     DEBUG main            d.u.i.k.p.i.AbstractProblemLoader Init config took 2.91s 
265588     INFO  main            d.u.i.k.p.i.AbstractProblemLoader Replaying proof linApprox.key 
265589     DEBUG main            d.u.i.k.p.i.IntermediateProofReplayer Proof replay took 4.3ns 
265691     INFO  main            d.u.i.k.p.r.p.TestFile    ... finished proof: closed. 
266096     INFO  main            d.u.i.k.p.i.AbstractProblemLoader Loading environment from /home/runner/work/key/key/key.core/../key.ui/examples/standard_key/inEqSimp/linApprox.key.proof 
266096     DEBUG main            d.u.i.k.p.i.AbstractProblemLoader Environment load took 100.3ns 
266098     INFO  main            d.u.i.k.p.i.AbstractProblemLoader Creating init config 
269030     DEBUG main            d.u.i.k.p.i.AbstractProblemLoader Init config took 2.93s 
269043     INFO  main            d.u.i.k.p.i.AbstractProblemLoader Replaying proof linApprox.key.proof 
269047     DEBUG main            d.u.i.k.p.i.IntermediateProofReplayer Proof replay took 1.76ms 
269048     DEBUG main            d.u.i.k.p.r.p.TestFile    ... success: reloaded. 
269049     INFO  main            d.u.i.k.p.r.p.TestFile    Now processing file /home/runner/work/key/key/key.core/../key.ui/examples/standard_key/inEqSimp/nonLinInEqExample0.key 
269049     INFO  main            d.u.i.k.p.i.AbstractProblemLoader Loading environment from /home/runner/work/key/key/key.core/../key.ui/examples/standard_key/inEqSimp/nonLinInEqExample0.key 
269049     DEBUG main            d.u.i.k.p.i.AbstractProblemLoader Environment load took 75.2ns 
269050     INFO  main            d.u.i.k.p.i.AbstractProblemLoader Creating init config 
271939     DEBUG main            d.u.i.k.p.i.AbstractProblemLoader Init config took 2.89s 
271954     INFO  main            d.u.i.k.p.i.AbstractProblemLoader Replaying proof nonLinInEqExample0.key 
271956     DEBUG main            d.u.i.k.p.i.IntermediateProofReplayer Proof replay took 4.2ns 
272058     INFO  main            d.u.i.k.p.r.p.TestFile    ... finished proof: closed. 
272468     INFO  main            d.u.i.k.p.i.AbstractProblemLoader Loading environment from /home/runner/work/key/key/key.core/../key.ui/examples/standard_key/inEqSimp/nonLinInEqExample0.key.proof 
272468     DEBUG main            d.u.i.k.p.i.AbstractProblemLoader Environment load took 94.1ns 
272469     INFO  main            d.u.i.k.p.i.AbstractProblemLoader Creating init config 
275212     DEBUG main            d.u.i.k.p.i.AbstractProblemLoader Init config took 2.74s 
275225     INFO  main            d.u.i.k.p.i.AbstractProblemLoader Replaying proof nonLinInEqExample0.key.proof 
275228     DEBUG main            d.u.i.k.p.i.IntermediateProofReplayer Proof replay took 788.7ns 
275229     DEBUG main            d.u.i.k.p.r.p.TestFile    ... success: reloaded. 
275230     INFO  main            d.u.i.k.p.r.p.TestFile    Now processing file /home/runner/work/key/key/key.core/../key.ui/examples/standard_key/inEqSimp/nonLinInEqExample2.key 
275230     INFO  main            d.u.i.k.p.i.AbstractProblemLoader Loading environment from /home/runner/work/key/key/key.core/../key.ui/examples/standard_key/inEqSimp/nonLinInEqExample2.key 
275230     DEBUG main            d.u.i.k.p.i.AbstractProblemLoader Environment load took 130.9ns 
275231     INFO  main            d.u.i.k.p.i.AbstractProblemLoader Creating init config 
277953     DEBUG main            d.u.i.k.p.i.AbstractProblemLoader Init config took 2.72s 
277967     INFO  main            d.u.i.k.p.i.AbstractProblemLoader Replaying proof nonLinInEqExample2.key 
277969     DEBUG main            d.u.i.k.p.i.IntermediateProofReplayer Proof replay took 4.6ns 
278272     INFO  main            d.u.i.k.p.r.p.TestFile    ... finished proof: closed. 
278683     INFO  main            d.u.i.k.p.i.AbstractProblemLoader Loading environment from /home/runner/work/key/key/key.core/../key.ui/examples/standard_key/inEqSimp/nonLinInEqExample2.key.proof 
278684     DEBUG main            d.u.i.k.p.i.AbstractProblemLoader Environment load took 494.8ns 
278686     INFO  main            d.u.i.k.p.i.AbstractProblemLoader Creating init config 
281430     DEBUG main            d.u.i.k.p.i.AbstractProblemLoader Init config took 2.74s 
281444     INFO  main            d.u.i.k.p.i.AbstractProblemLoader Replaying proof nonLinInEqExample2.key.proof 
281475     DEBUG main            d.u.i.k.p.i.IntermediateProofReplayer Proof replay took 26.98ms 
281476     DEBUG main            d.u.i.k.p.r.p.TestFile    ... success: reloaded. 
281477     INFO  main            d.u.i.k.p.r.p.TestFile    Now processing file /home/runner/work/key/key/key.core/../key.ui/examples/standard_key/inEqSimp/nonLinInEqExample3.key 
281478     INFO  main            d.u.i.k.p.i.AbstractProblemLoader Loading environment from /home/runner/work/key/key/key.core/../key.ui/examples/standard_key/inEqSimp/nonLinInEqExample3.key 
281478     DEBUG main            d.u.i.k.p.i.AbstractProblemLoader Environment load took 114.9ns 
281479     INFO  main            d.u.i.k.p.i.AbstractProblemLoader Creating init config 
284142     DEBUG main            d.u.i.k.p.i.AbstractProblemLoader Init config took 2.66s 
284155     INFO  main            d.u.i.k.p.i.AbstractProblemLoader Replaying proof nonLinInEqExample3.key 
284157     DEBUG main            d.u.i.k.p.i.IntermediateProofReplayer Proof replay took 3.6ns 
284359     INFO  main            d.u.i.k.p.r.p.TestFile    ... finished proof: closed. 
284781     INFO  main            d.u.i.k.p.i.AbstractProblemLoader Loading environment from /home/runner/work/key/key/key.core/../key.ui/examples/standard_key/inEqSimp/nonLinInEqExample3.key.proof 
284781     DEBUG main            d.u.i.k.p.i.AbstractProblemLoader Environment load took 98.5ns 
284782     INFO  main            d.u.i.k.p.i.AbstractProblemLoader Creating init config 
287512     DEBUG main            d.u.i.k.p.i.AbstractProblemLoader Init config took 2.73s 
287527     INFO  main            d.u.i.k.p.i.AbstractProblemLoader Replaying proof nonLinInEqExample3.key.proof 
287546     DEBUG main            d.u.i.k.p.i.IntermediateProofReplayer Proof replay took 16.77ms 
287547     DEBUG main            d.u.i.k.p.r.p.TestFile    ... success: reloaded. 
287548     INFO  main            d.u.i.k.p.r.p.TestFile    Now processing file /home/runner/work/key/key/key.core/../key.ui/examples/standard_key/inEqSimp/nonLinInEqExample4.key 
287548     INFO  main            d.u.i.k.p.i.AbstractProblemLoader Loading environment from /home/runner/work/key/key/key.core/../key.ui/examples/standard_key/inEqSimp/nonLinInEqExample4.key 
287548     DEBUG main            d.u.i.k.p.i.AbstractProblemLoader Environment load took 124.1ns 
287550     INFO  main            d.u.i.k.p.i.AbstractProblemLoader Creating init config 
290232     DEBUG main            d.u.i.k.p.i.AbstractProblemLoader Init config took 2.68s 
290246     INFO  main            d.u.i.k.p.i.AbstractProblemLoader Replaying proof nonLinInEqExample4.key 
290248     DEBUG main            d.u.i.k.p.i.IntermediateProofReplayer Proof replay took 4.1ns 
290350     INFO  main            d.u.i.k.p.r.p.TestFile    ... finished proof: closed. 
290748     INFO  main            d.u.i.k.p.i.AbstractProblemLoader Loading environment from /home/runner/work/key/key/key.core/../key.ui/examples/standard_key/inEqSimp/nonLinInEqExample4.key.proof 
290748     DEBUG main            d.u.i.k.p.i.AbstractProblemLoader Environment load took 95.1ns 
290749     INFO  main            d.u.i.k.p.i.AbstractProblemLoader Creating init config 
293390     DEBUG main            d.u.i.k.p.i.AbstractProblemLoader Init config took 2.64s 
293405     INFO  main            d.u.i.k.p.i.AbstractProblemLoader Replaying proof nonLinInEqExample4.key.proof 
293417     DEBUG main            d.u.i.k.p.i.IntermediateProofReplayer Proof replay took 7.39ms 
293418     DEBUG main            d.u.i.k.p.r.p.TestFile    ... success: reloaded. 
293420     INFO  main            d.u.i.k.p.r.p.TestFile    Now processing file /home/runner/work/key/key/key.core/../key.ui/examples/standard_key/inEqSimp/quadraticInEq.key 
293420     INFO  main            d.u.i.k.p.i.AbstractProblemLoader Loading environment from /home/runner/work/key/key/key.core/../key.ui/examples/standard_key/inEqSimp/quadraticInEq.key 
293420     DEBUG main            d.u.i.k.p.i.AbstractProblemLoader Environment load took 123.1ns 
293422     INFO  main            d.u.i.k.p.i.AbstractProblemLoader Creating init config 
296247     DEBUG main            d.u.i.k.p.i.AbstractProblemLoader Init config took 2.82s 
296261     INFO  main            d.u.i.k.p.i.AbstractProblemLoader Replaying proof quadraticInEq.key 
296263     DEBUG main            d.u.i.k.p.i.IntermediateProofReplayer Proof replay took 4ns 
296668     INFO  main            d.u.i.k.p.r.p.TestFile    ... finished proof: closed. 
297107     INFO  main            d.u.i.k.p.i.AbstractProblemLoader Loading environment from /home/runner/work/key/key/key.core/../key.ui/examples/standard_key/inEqSimp/quadraticInEq.key.proof 
297111     DEBUG main            d.u.i.k.p.i.AbstractProblemLoader Environment load took 3.51ms 
297112     INFO  main            d.u.i.k.p.i.AbstractProblemLoader Creating init config 
299716     DEBUG main            d.u.i.k.p.i.AbstractProblemLoader Init config took 2.6s 
299730     INFO  main            d.u.i.k.p.i.AbstractProblemLoader Replaying proof quadraticInEq.key.proof 
299773     DEBUG main            d.u.i.k.p.i.IntermediateProofReplayer Proof replay took 37.72ms 
299774     DEBUG main            d.u.i.k.p.r.p.TestFile    ... success: reloaded. 
299775     INFO  main            d.u.i.k.p.r.p.TestFile    Now processing file /home/runner/work/key/key/key.core/../key.ui/examples/standard_key/inEqSimp/quadraticInEq10.key 
299776     INFO  main            d.u.i.k.p.i.AbstractProblemLoader Loading environment from /home/runner/work/key/key/key.core/../key.ui/examples/standard_key/inEqSimp/quadraticInEq10.key 
299776     DEBUG main            d.u.i.k.p.i.AbstractProblemLoader Environment load took 261.9ns 
299778     INFO  main            d.u.i.k.p.i.AbstractProblemLoader Creating init config 
302355     DEBUG main            d.u.i.k.p.i.AbstractProblemLoader Init config took 2.58s 
302370     INFO  main            d.u.i.k.p.i.AbstractProblemLoader Replaying proof quadraticInEq10.key 
302371     DEBUG main            d.u.i.k.p.i.IntermediateProofReplayer Proof replay took 3.6ns 
302577     INFO  main            d.u.i.k.p.r.p.TestFile    ... finished proof: closed. 
302998     INFO  main            d.u.i.k.p.i.AbstractProblemLoader Loading environment from /home/runner/work/key/key/key.core/../key.ui/examples/standard_key/inEqSimp/quadraticInEq10.key.proof 
302998     DEBUG main            d.u.i.k.p.i.AbstractProblemLoader Environment load took 118.9ns 
303000     INFO  main            d.u.i.k.p.i.AbstractProblemLoader Creating init config 
305505     DEBUG main            d.u.i.k.p.i.AbstractProblemLoader Init config took 2.51s 
305519     INFO  main            d.u.i.k.p.i.AbstractProblemLoader Replaying proof quadraticInEq10.key.proof 
305534     DEBUG main            d.u.i.k.p.i.IntermediateProofReplayer Proof replay took 11.18ms 
305534     DEBUG main            d.u.i.k.p.r.p.TestFile    ... success: reloaded. 
305535     INFO  main            d.u.i.k.p.r.p.TestFile    Now processing file /home/runner/work/key/key/key.core/../key.ui/examples/standard_key/inEqSimp/quadraticInEq13.key 
305536     INFO  main            d.u.i.k.p.i.AbstractProblemLoader Loading environment from /home/runner/work/key/key/key.core/../key.ui/examples/standard_key/inEqSimp/quadraticInEq13.key 
305536     DEBUG main            d.u.i.k.p.i.AbstractProblemLoader Environment load took 129ns 
305537     INFO  main            d.u.i.k.p.i.AbstractProblemLoader Creating init config 
308183     DEBUG main            d.u.i.k.p.i.AbstractProblemLoader Init config took 2.65s 
308197     INFO  main            d.u.i.k.p.i.AbstractProblemLoader Replaying proof quadraticInEq13.key 
308199     DEBUG main            d.u.i.k.p.i.IntermediateProofReplayer Proof replay took 3.9ns 
308501     INFO  main            d.u.i.k.p.r.p.TestFile    ... finished proof: closed. 
308943     INFO  main            d.u.i.k.p.i.AbstractProblemLoader Loading environment from /home/runner/work/key/key/key.core/../key.ui/examples/standard_key/inEqSimp/quadraticInEq13.key.proof 
308943     DEBUG main            d.u.i.k.p.i.AbstractProblemLoader Environment load took 81.4ns 
308944     INFO  main            d.u.i.k.p.i.AbstractProblemLoader Creating init config 
311427     DEBUG main            d.u.i.k.p.i.AbstractProblemLoader Init config took 2.48s 
311441     INFO  main            d.u.i.k.p.i.AbstractProblemLoader Replaying proof quadraticInEq13.key.proof 
311456     DEBUG main            d.u.i.k.p.i.IntermediateProofReplayer Proof replay took 12.7ms 
311457     DEBUG main            d.u.i.k.p.r.p.TestFile    ... success: reloaded. 
311458     INFO  main            d.u.i.k.p.r.p.TestFile    Now processing file /home/runner/work/key/key/key.core/../key.ui/examples/standard_key/inEqSimp/quadraticInEq14.key 
311458     INFO  main            d.u.i.k.p.i.AbstractProblemLoader Loading environment from /home/runner/work/key/key/key.core/../key.ui/examples/standard_key/inEqSimp/quadraticInEq14.key 
311458     DEBUG main            d.u.i.k.p.i.AbstractProblemLoader Environment load took 56.8ns 
311459     INFO  main            d.u.i.k.p.i.AbstractProblemLoader Creating init config 
314070     DEBUG main            d.u.i.k.p.i.AbstractProblemLoader Init config took 2.61s 
314083     INFO  main            d.u.i.k.p.i.AbstractProblemLoader Replaying proof quadraticInEq14.key 
314085     DEBUG main            d.u.i.k.p.i.IntermediateProofReplayer Proof replay took 3.7ns 
314388     INFO  main            d.u.i.k.p.r.p.TestFile    ... finished proof: closed. 
314843     INFO  main            d.u.i.k.p.i.AbstractProblemLoader Loading environment from /home/runner/work/key/key/key.core/../key.ui/examples/standard_key/inEqSimp/quadraticInEq14.key.proof 
314843     DEBUG main            d.u.i.k.p.i.AbstractProblemLoader Environment load took 91.9ns 
314844     INFO  main            d.u.i.k.p.i.AbstractProblemLoader Creating init config 
317495     DEBUG main            d.u.i.k.p.i.AbstractProblemLoader Init config took 2.65s 
317507     INFO  main            d.u.i.k.p.i.AbstractProblemLoader Replaying proof quadraticInEq14.key.proof 
317527     DEBUG main            d.u.i.k.p.i.IntermediateProofReplayer Proof replay took 16.83ms 
317529     DEBUG main            d.u.i.k.p.r.p.TestFile    ... success: reloaded. 
317529     INFO  main            d.u.i.k.p.r.p.TestFile    Now processing file /home/runner/work/key/key/key.core/../key.ui/examples/standard_key/inEqSimp/quadraticInEq2.key 
317530     INFO  main            d.u.i.k.p.i.AbstractProblemLoader Loading environment from /home/runner/work/key/key/key.core/../key.ui/examples/standard_key/inEqSimp/quadraticInEq2.key 
317530     DEBUG main            d.u.i.k.p.i.AbstractProblemLoader Environment load took 101.7ns 
317531     INFO  main            d.u.i.k.p.i.AbstractProblemLoader Creating init config 
320157     DEBUG main            d.u.i.k.p.i.AbstractProblemLoader Init config took 2.63s 
320169     INFO  main            d.u.i.k.p.i.AbstractProblemLoader Replaying proof quadraticInEq2.key 
320171     DEBUG main            d.u.i.k.p.i.IntermediateProofReplayer Proof replay took 4.3ns 
320273     INFO  main            d.u.i.k.p.r.p.TestFile    ... finished proof: closed. 
320714     INFO  main            d.u.i.k.p.i.AbstractProblemLoader Loading environment from /home/runner/work/key/key/key.core/../key.ui/examples/standard_key/inEqSimp/quadraticInEq2.key.proof 
320715     DEBUG main            d.u.i.k.p.i.AbstractProblemLoader Environment load took 91.2ns 
320716     INFO  main            d.u.i.k.p.i.AbstractProblemLoader Creating init config 
323345     DEBUG main            d.u.i.k.p.i.AbstractProblemLoader Init config took 2.63s 
323359     INFO  main            d.u.i.k.p.i.AbstractProblemLoader Replaying proof quadraticInEq2.key.proof 
323364     DEBUG main            d.u.i.k.p.i.IntermediateProofReplayer Proof replay took 2.41ms 
323364     DEBUG main            d.u.i.k.p.r.p.TestFile    ... success: reloaded. 
323365     INFO  main            d.u.i.k.p.r.p.TestFile    Now processing file /home/runner/work/key/key/key.core/../key.ui/examples/standard_key/inEqSimp/quadraticInEq3.key 
323366     INFO  main            d.u.i.k.p.i.AbstractProblemLoader Loading environment from /home/runner/work/key/key/key.core/../key.ui/examples/standard_key/inEqSimp/quadraticInEq3.key 
323366     DEBUG main            d.u.i.k.p.i.AbstractProblemLoader Environment load took 162.5ns 
323367     INFO  main            d.u.i.k.p.i.AbstractProblemLoader Creating init config 
325947     DEBUG main            d.u.i.k.p.i.AbstractProblemLoader Init config took 2.58s 
325960     INFO  main            d.u.i.k.p.i.AbstractProblemLoader Replaying proof quadraticInEq3.key 
325964     DEBUG main            d.u.i.k.p.i.IntermediateProofReplayer Proof replay took 3.6ns 
326067     INFO  main            d.u.i.k.p.r.p.TestFile    ... finished proof: closed. 
326495     INFO  main            d.u.i.k.p.i.AbstractProblemLoader Loading environment from /home/runner/work/key/key/key.core/../key.ui/examples/standard_key/inEqSimp/quadraticInEq3.key.proof 
326495     DEBUG main            d.u.i.k.p.i.AbstractProblemLoader Environment load took 238.6ns 
326497     INFO  main            d.u.i.k.p.i.AbstractProblemLoader Creating init config 
329049     DEBUG main            d.u.i.k.p.i.AbstractProblemLoader Init config took 2.55s 
329062     INFO  main            d.u.i.k.p.i.AbstractProblemLoader Replaying proof quadraticInEq3.key.proof 
329069     DEBUG main            d.u.i.k.p.i.IntermediateProofReplayer Proof replay took 6.2ms 
329070     DEBUG main            d.u.i.k.p.r.p.TestFile    ... success: reloaded. 
329071     INFO  main            d.u.i.k.p.r.p.TestFile    Now processing file /home/runner/work/key/key/key.core/../key.ui/examples/standard_key/inEqSimp/quadraticInEq4.key 
329072     INFO  main            d.u.i.k.p.i.AbstractProblemLoader Loading environment from /home/runner/work/key/key/key.core/../key.ui/examples/standard_key/inEqSimp/quadraticInEq4.key 
329072     DEBUG main            d.u.i.k.p.i.AbstractProblemLoader Environment load took 148.7ns 
329073     INFO  main            d.u.i.k.p.i.AbstractProblemLoader Creating init config 
331564     DEBUG main            d.u.i.k.p.i.AbstractProblemLoader Init config took 2.49s 
331578     INFO  main            d.u.i.k.p.i.AbstractProblemLoader Replaying proof quadraticInEq4.key 
331579     DEBUG main            d.u.i.k.p.i.IntermediateProofReplayer Proof replay took 3.6ns 
331681     INFO  main            d.u.i.k.p.r.p.TestFile    ... finished proof: closed. 
332101     INFO  main            d.u.i.k.p.i.AbstractProblemLoader Loading environment from /home/runner/work/key/key/key.core/../key.ui/examples/standard_key/inEqSimp/quadraticInEq4.key.proof 
332101     DEBUG main            d.u.i.k.p.i.AbstractProblemLoader Environment load took 81.4ns 
332102     INFO  main            d.u.i.k.p.i.AbstractProblemLoader Creating init config 
334509     DEBUG main            d.u.i.k.p.i.AbstractProblemLoader Init config took 2.41s 
334522     INFO  main            d.u.i.k.p.i.AbstractProblemLoader Replaying proof quadraticInEq4.key.proof 
334528     DEBUG main            d.u.i.k.p.i.IntermediateProofReplayer Proof replay took 3.78ms 
334528     DEBUG main            d.u.i.k.p.r.p.TestFile    ... success: reloaded. 
334529     INFO  main            d.u.i.k.p.r.p.TestFile    Now processing file /home/runner/work/key/key/key.core/../key.ui/examples/standard_key/inEqSimp/quadraticInEq5.key 
334530     INFO  main            d.u.i.k.p.i.AbstractProblemLoader Loading environment from /home/runner/work/key/key/key.core/../key.ui/examples/standard_key/inEqSimp/quadraticInEq5.key 
334530     DEBUG main            d.u.i.k.p.i.AbstractProblemLoader Environment load took 115ns 
334531     INFO  main            d.u.i.k.p.i.AbstractProblemLoader Creating init config 
337027     DEBUG main            d.u.i.k.p.i.AbstractProblemLoader Init config took 2.5s 
337040     INFO  main            d.u.i.k.p.i.AbstractProblemLoader Replaying proof quadraticInEq5.key 
337041     DEBUG main            d.u.i.k.p.i.IntermediateProofReplayer Proof replay took 3.4ns 
337143     INFO  main            d.u.i.k.p.r.p.TestFile    ... finished proof: closed. 
337603     INFO  main            d.u.i.k.p.i.AbstractProblemLoader Loading environment from /home/runner/work/key/key/key.core/../key.ui/examples/standard_key/inEqSimp/quadraticInEq5.key.proof 
337603     DEBUG main            d.u.i.k.p.i.AbstractProblemLoader Environment load took 88.1ns 
337604     INFO  main            d.u.i.k.p.i.AbstractProblemLoader Creating init config 
339970     DEBUG main            d.u.i.k.p.i.AbstractProblemLoader Init config took 2.37s 
339982     INFO  main            d.u.i.k.p.i.AbstractProblemLoader Replaying proof quadraticInEq5.key.proof 
339987     DEBUG main            d.u.i.k.p.i.IntermediateProofReplayer Proof replay took 3.06ms 
339988     DEBUG main            d.u.i.k.p.r.p.TestFile    ... success: reloaded. 
339989     INFO  main            d.u.i.k.p.r.p.TestFile    Now processing file /home/runner/work/key/key/key.core/../key.ui/examples/standard_key/inEqSimp/quadraticInEq6.key 
339989     INFO  main            d.u.i.k.p.i.AbstractProblemLoader Loading environment from /home/runner/work/key/key/key.core/../key.ui/examples/standard_key/inEqSimp/quadraticInEq6.key 
339989     DEBUG main            d.u.i.k.p.i.AbstractProblemLoader Environment load took 118.1ns 
339990     INFO  main            d.u.i.k.p.i.AbstractProblemLoader Creating init config 
342466     DEBUG main            d.u.i.k.p.i.AbstractProblemLoader Init config took 2.48s 
342486     INFO  main            d.u.i.k.p.i.AbstractProblemLoader Replaying proof quadraticInEq6.key 
342487     DEBUG main            d.u.i.k.p.i.IntermediateProofReplayer Proof replay took 3.5ns 
342589     INFO  main            d.u.i.k.p.r.p.TestFile    ... finished proof: closed. 
343020     INFO  main            d.u.i.k.p.i.AbstractProblemLoader Loading environment from /home/runner/work/key/key/key.core/../key.ui/examples/standard_key/inEqSimp/quadraticInEq6.key.proof 
343020     DEBUG main            d.u.i.k.p.i.AbstractProblemLoader Environment load took 83.7ns 
343022     INFO  main            d.u.i.k.p.i.AbstractProblemLoader Creating init config 
345421     DEBUG main            d.u.i.k.p.i.AbstractProblemLoader Init config took 2.4s 
345435     INFO  main            d.u.i.k.p.i.AbstractProblemLoader Replaying proof quadraticInEq6.key.proof 
345441     DEBUG main            d.u.i.k.p.i.IntermediateProofReplayer Proof replay took 4.22ms 
345442     DEBUG main            d.u.i.k.p.r.p.TestFile    ... success: reloaded. 
345443     INFO  main            d.u.i.k.p.r.p.TestFile    Now processing file /home/runner/work/key/key/key.core/../key.ui/examples/standard_key/inEqSimp/quadraticInEq7.key 
345443     INFO  main            d.u.i.k.p.i.AbstractProblemLoader Loading environment from /home/runner/work/key/key/key.core/../key.ui/examples/standard_key/inEqSimp/quadraticInEq7.key 
345443     DEBUG main            d.u.i.k.p.i.AbstractProblemLoader Environment load took 137.6ns 
345444     INFO  main            d.u.i.k.p.i.AbstractProblemLoader Creating init config 
347911     DEBUG main            d.u.i.k.p.i.AbstractProblemLoader Init config took 2.47s 
347924     INFO  main            d.u.i.k.p.i.AbstractProblemLoader Replaying proof quadraticInEq7.key 
347926     DEBUG main            d.u.i.k.p.i.IntermediateProofReplayer Proof replay took 3.5ns 
348027     INFO  main            d.u.i.k.p.r.p.TestFile    ... finished proof: closed. 
348488     INFO  main            d.u.i.k.p.i.AbstractProblemLoader Loading environment from /home/runner/work/key/key/key.core/../key.ui/examples/standard_key/inEqSimp/quadraticInEq7.key.proof 
348488     DEBUG main            d.u.i.k.p.i.AbstractProblemLoader Environment load took 101.8ns 
348489     INFO  main            d.u.i.k.p.i.AbstractProblemLoader Creating init config 
350982     DEBUG main            d.u.i.k.p.i.AbstractProblemLoader Init config took 2.49s 
350994     INFO  main            d.u.i.k.p.i.AbstractProblemLoader Replaying proof quadraticInEq7.key.proof 
350999     DEBUG main            d.u.i.k.p.i.IntermediateProofReplayer Proof replay took 2.41ms 
350999     DEBUG main            d.u.i.k.p.r.p.TestFile    ... success: reloaded. 
351000     INFO  main            d.u.i.k.p.r.p.TestFile    Now processing file /home/runner/work/key/key/key.core/../key.ui/examples/standard_key/inEqSimp/quadraticInEq8.key 
351001     INFO  main            d.u.i.k.p.i.AbstractProblemLoader Loading environment from /home/runner/work/key/key/key.core/../key.ui/examples/standard_key/inEqSimp/quadraticInEq8.key 
351001     DEBUG main            d.u.i.k.p.i.AbstractProblemLoader Environment load took 115.6ns 
351002     INFO  main            d.u.i.k.p.i.AbstractProblemLoader Creating init config 
353545     DEBUG main            d.u.i.k.p.i.AbstractProblemLoader Init config took 2.54s 
353559     INFO  main            d.u.i.k.p.i.AbstractProblemLoader Replaying proof quadraticInEq8.key 
353560     DEBUG main            d.u.i.k.p.i.IntermediateProofReplayer Proof replay took 3.3ns 
353762     INFO  main            d.u.i.k.p.r.p.TestFile    ... finished proof: closed. 
354207     INFO  main            d.u.i.k.p.i.AbstractProblemLoader Loading environment from /home/runner/work/key/key/key.core/../key.ui/examples/standard_key/inEqSimp/quadraticInEq8.key.proof 
354208     DEBUG main            d.u.i.k.p.i.AbstractProblemLoader Environment load took 111.1ns 
354209     INFO  main            d.u.i.k.p.i.AbstractProblemLoader Creating init config 
356742     DEBUG main            d.u.i.k.p.i.AbstractProblemLoader Init config took 2.53s 
356754     INFO  main            d.u.i.k.p.i.AbstractProblemLoader Replaying proof quadraticInEq8.key.proof 
356761     DEBUG main            d.u.i.k.p.i.IntermediateProofReplayer Proof replay took 5.08ms 
356761     DEBUG main            d.u.i.k.p.r.p.TestFile    ... success: reloaded. 
356762     INFO  main            d.u.i.k.p.r.p.TestFile    Now processing file /home/runner/work/key/key/key.core/../key.ui/examples/standard_key/inEqSimp/simplify0.key 
356762     INFO  main            d.u.i.k.p.i.AbstractProblemLoader Loading environment from /home/runner/work/key/key/key.core/../key.ui/examples/standard_key/inEqSimp/simplify0.key 
356762     DEBUG main            d.u.i.k.p.i.AbstractProblemLoader Environment load took 143.2ns 
356763     INFO  main            d.u.i.k.p.i.AbstractProblemLoader Creating init config 
359379     DEBUG main            d.u.i.k.p.i.AbstractProblemLoader Init config took 2.62s 
359414     INFO  main            d.u.i.k.p.i.AbstractProblemLoader Replaying proof simplify0.key 
359415     DEBUG main            d.u.i.k.p.i.IntermediateProofReplayer Proof replay took 3.5ns 
359519     INFO  main            d.u.i.k.p.r.p.TestFile    ... finished proof: closed. 
360002     INFO  main            d.u.i.k.p.i.AbstractProblemLoader Loading environment from /home/runner/work/key/key/key.core/../key.ui/examples/standard_key/inEqSimp/simplify0.key.proof 
360002     DEBUG main            d.u.i.k.p.i.AbstractProblemLoader Environment load took 93.4ns 
360003     INFO  main            d.u.i.k.p.i.AbstractProblemLoader Creating init config 
362608     DEBUG main            d.u.i.k.p.i.AbstractProblemLoader Init config took 2.6s 
362621     INFO  main            d.u.i.k.p.i.AbstractProblemLoader Replaying proof simplify0.key.proof 
362624     DEBUG main            d.u.i.k.p.i.IntermediateProofReplayer Proof replay took 990.5ns 
362624     DEBUG main            d.u.i.k.p.r.p.TestFile    ... success: reloaded. 
362625     INFO  main            d.u.i.k.p.r.p.TestFile    Now processing file /home/runner/work/key/key/key.core/../key.ui/examples/standard_key/inEqSimp/simplify1.key 
362625     INFO  main            d.u.i.k.p.i.AbstractProblemLoader Loading environment from /home/runner/work/key/key/key.core/../key.ui/examples/standard_key/inEqSimp/simplify1.key 
362625     DEBUG main            d.u.i.k.p.i.AbstractProblemLoader Environment load took 64.8ns 
362626     INFO  main            d.u.i.k.p.i.AbstractProblemLoader Creating init config 
365370     DEBUG main            d.u.i.k.p.i.AbstractProblemLoader Init config took 2.74s 
365384     INFO  main            d.u.i.k.p.i.AbstractProblemLoader Replaying proof simplify1.key 
365386     DEBUG main            d.u.i.k.p.i.IntermediateProofReplayer Proof replay took 3.8ns 
365488     INFO  main            d.u.i.k.p.r.p.TestFile    ... finished proof: closed. 
365978     INFO  main            d.u.i.k.p.i.AbstractProblemLoader Loading environment from /home/runner/work/key/key/key.core/../key.ui/examples/standard_key/inEqSimp/simplify1.key.proof 
365978     DEBUG main            d.u.i.k.p.i.AbstractProblemLoader Environment load took 86.1ns 
365979     INFO  main            d.u.i.k.p.i.AbstractProblemLoader Creating init config 
368616     DEBUG main            d.u.i.k.p.i.AbstractProblemLoader Init config took 2.64s 
368629     INFO  main            d.u.i.k.p.i.AbstractProblemLoader Replaying proof simplify1.key.proof 
368632     DEBUG main            d.u.i.k.p.i.IntermediateProofReplayer Proof replay took 1.04ms 
368633     DEBUG main            d.u.i.k.p.r.p.TestFile    ... success: reloaded. 
368633     INFO  main            d.u.i.k.p.r.p.TestFile    Now processing file /home/runner/work/key/key/key.core/../key.ui/examples/standard_key/inEqSimp/simplify2.key 
368633     INFO  main            d.u.i.k.p.i.AbstractProblemLoader Loading environment from /home/runner/work/key/key/key.core/../key.ui/examples/standard_key/inEqSimp/simplify2.key 
368633     DEBUG main            d.u.i.k.p.i.AbstractProblemLoader Environment load took 91.3ns 
368635     INFO  main            d.u.i.k.p.i.AbstractProblemLoader Creating init config 
371269     DEBUG main            d.u.i.k.p.i.AbstractProblemLoader Init config took 2.63s 
371282     INFO  main            d.u.i.k.p.i.AbstractProblemLoader Replaying proof simplify2.key 
371284     DEBUG main            d.u.i.k.p.i.IntermediateProofReplayer Proof replay took 3ns 
371486     INFO  main            d.u.i.k.p.r.p.TestFile    ... finished proof: closed. 
371991     INFO  main            d.u.i.k.p.i.AbstractProblemLoader Loading environment from /home/runner/work/key/key/key.core/../key.ui/examples/standard_key/inEqSimp/simplify2.key.proof 
371991     DEBUG main            d.u.i.k.p.i.AbstractProblemLoader Environment load took 86.3ns 
371992     INFO  main            d.u.i.k.p.i.AbstractProblemLoader Creating init config 
374578     DEBUG main            d.u.i.k.p.i.AbstractProblemLoader Init config took 2.59s 
374593     INFO  main            d.u.i.k.p.i.AbstractProblemLoader Replaying proof simplify2.key.proof 
374604     DEBUG main            d.u.i.k.p.i.IntermediateProofReplayer Proof replay took 8.75ms 
374605     DEBUG main            d.u.i.k.p.r.p.TestFile    ... success: reloaded. 
374606     INFO  main            d.u.i.k.p.r.p.TestFile    Now processing file /home/runner/work/key/key/key.core/../key.ui/examples/standard_key/inEqSimp/simplify3.key 
374606     INFO  main            d.u.i.k.p.i.AbstractProblemLoader Loading environment from /home/runner/work/key/key/key.core/../key.ui/examples/standard_key/inEqSimp/simplify3.key 
374606     DEBUG main            d.u.i.k.p.i.AbstractProblemLoader Environment load took 75.1ns 
374607     INFO  main            d.u.i.k.p.i.AbstractProblemLoader Creating init config 
377237     DEBUG main            d.u.i.k.p.i.AbstractProblemLoader Init config took 2.63s 
377250     INFO  main            d.u.i.k.p.i.AbstractProblemLoader Replaying proof simplify3.key 
377251     DEBUG main            d.u.i.k.p.i.IntermediateProofReplayer Proof replay took 3.1ns 
377355     INFO  main            d.u.i.k.p.r.p.TestFile    ... finished proof: closed. 
377858     INFO  main            d.u.i.k.p.i.AbstractProblemLoader Loading environment from /home/runner/work/key/key/key.core/../key.ui/examples/standard_key/inEqSimp/simplify3.key.proof 
377858     DEBUG main            d.u.i.k.p.i.AbstractProblemLoader Environment load took 78.8ns 
377859     INFO  main            d.u.i.k.p.i.AbstractProblemLoader Creating init config 
380452     DEBUG main            d.u.i.k.p.i.AbstractProblemLoader Init config took 2.59s 
380465     INFO  main            d.u.i.k.p.i.AbstractProblemLoader Replaying proof simplify3.key.proof 
380468     DEBUG main            d.u.i.k.p.i.IntermediateProofReplayer Proof replay took 1.69ms 
380469     DEBUG main            d.u.i.k.p.r.p.TestFile    ... success: reloaded. 
380470     INFO  main            d.u.i.k.p.r.p.TestFile    Now processing file /home/runner/work/key/key/key.core/../key.ui/examples/standard_key/inEqSimp/simplify4.key 
380470     INFO  main            d.u.i.k.p.i.AbstractProblemLoader Loading environment from /home/runner/work/key/key/key.core/../key.ui/examples/standard_key/inEqSimp/simplify4.key 
380470     DEBUG main            d.u.i.k.p.i.AbstractProblemLoader Environment load took 196.3ns 
380471     INFO  main            d.u.i.k.p.i.AbstractProblemLoader Creating init config 
383172     DEBUG main            d.u.i.k.p.i.AbstractProblemLoader Init config took 2.7s 
383186     INFO  main            d.u.i.k.p.i.AbstractProblemLoader Replaying proof simplify4.key 
383187     DEBUG main            d.u.i.k.p.i.IntermediateProofReplayer Proof replay took 3.2ns 
383288     INFO  main            d.u.i.k.p.r.p.TestFile    ... finished proof: closed. 
383828     INFO  main            d.u.i.k.p.i.AbstractProblemLoader Loading environment from /home/runner/work/key/key/key.core/../key.ui/examples/standard_key/inEqSimp/simplify4.key.proof 
383828     DEBUG main            d.u.i.k.p.i.AbstractProblemLoader Environment load took 81.2ns 
383829     INFO  main            d.u.i.k.p.i.AbstractProblemLoader Creating init config 
386491     DEBUG main            d.u.i.k.p.i.AbstractProblemLoader Init config took 2.66s 
386506     INFO  main            d.u.i.k.p.i.AbstractProblemLoader Replaying proof simplify4.key.proof 
386515     DEBUG main            d.u.i.k.p.i.IntermediateProofReplayer Proof replay took 6.94ms 
386516     DEBUG main            d.u.i.k.p.r.p.TestFile    ... success: reloaded. 
386517     INFO  main            d.u.i.k.p.r.p.TestFile    Now processing file /home/runner/work/key/key/key.core/../key.ui/examples/standard_key/inEqSimp/simplify5.key 
386517     INFO  main            d.u.i.k.p.i.AbstractProblemLoader Loading environment from /home/runner/work/key/key/key.core/../key.ui/examples/standard_key/inEqSimp/simplify5.key 
386517     DEBUG main            d.u.i.k.p.i.AbstractProblemLoader Environment load took 73.2ns 
386518     INFO  main            d.u.i.k.p.i.AbstractProblemLoader Creating init config 
389082     DEBUG main            d.u.i.k.p.i.AbstractProblemLoader Init config took 2.56s 
389098     INFO  main            d.u.i.k.p.i.AbstractProblemLoader Replaying proof simplify5.key 
389100     DEBUG main            d.u.i.k.p.i.IntermediateProofReplayer Proof replay took 3.9ns 
389805     INFO  main            d.u.i.k.p.r.p.TestFile    ... finished proof: closed. 
390333     INFO  main            d.u.i.k.p.i.AbstractProblemLoader Loading environment from /home/runner/work/key/key/key.core/../key.ui/examples/standard_key/inEqSimp/simplify5.key.proof 
390334     DEBUG main            d.u.i.k.p.i.AbstractProblemLoader Environment load took 91.6ns 
390335     INFO  main            d.u.i.k.p.i.AbstractProblemLoader Creating init config 
393082     DEBUG main            d.u.i.k.p.i.AbstractProblemLoader Init config took 2.75s 
393096     INFO  main            d.u.i.k.p.i.AbstractProblemLoader Replaying proof simplify5.key.proof 
393152     DEBUG main            d.u.i.k.p.i.IntermediateProofReplayer Proof replay took 50.57ms 
393154     DEBUG main            d.u.i.k.p.r.p.TestFile    ... success: reloaded. 
393155     INFO  main            d.u.i.k.p.r.p.TestFile    Now processing file /home/runner/work/key/key/key.core/../key.ui/examples/standard_key/inEqSimp/subsumptionExample.key 
393155     INFO  main            d.u.i.k.p.i.AbstractProblemLoader Loading environment from /home/runner/work/key/key/key.core/../key.ui/examples/standard_key/inEqSimp/subsumptionExample.key 
393155     DEBUG main            d.u.i.k.p.i.AbstractProblemLoader Environment load took 153.2ns 
393156     INFO  main            d.u.i.k.p.i.AbstractProblemLoader Creating init config 
395845     DEBUG main            d.u.i.k.p.i.AbstractProblemLoader Init config took 2.69s 
395875     INFO  main            d.u.i.k.p.i.AbstractProblemLoader Replaying proof subsumptionExample.key 
395876     DEBUG main            d.u.i.k.p.i.IntermediateProofReplayer Proof replay took 3.2ns 
395978     INFO  main            d.u.i.k.p.r.p.TestFile    ... finished proof: closed. 
396531     INFO  main            d.u.i.k.p.i.AbstractProblemLoader Loading environment from /home/runner/work/key/key/key.core/../key.ui/examples/standard_key/inEqSimp/subsumptionExample.key.proof 
396531     DEBUG main            d.u.i.k.p.i.AbstractProblemLoader Environment load took 83.2ns 
396533     INFO  main            d.u.i.k.p.i.AbstractProblemLoader Creating init config 
399144     DEBUG main            d.u.i.k.p.i.AbstractProblemLoader Init config took 2.61s 
399158     INFO  main            d.u.i.k.p.i.AbstractProblemLoader Replaying proof subsumptionExample.key.proof 
399162     DEBUG main            d.u.i.k.p.i.IntermediateProofReplayer Proof replay took 789.5ns 
399163     DEBUG main            d.u.i.k.p.r.p.TestFile    ... success: reloaded. 
399163     INFO  main            d.u.i.k.p.r.p.TestFile    Now processing file /home/runner/work/key/key/key.core/../key.ui/examples/standard_key/polySimp/simplify0.key 
399164     INFO  main            d.u.i.k.p.i.AbstractProblemLoader Loading environment from /home/runner/work/key/key/key.core/../key.ui/examples/standard_key/polySimp/simplify0.key 
399164     DEBUG main            d.u.i.k.p.i.AbstractProblemLoader Environment load took 89.2ns 
399165     INFO  main            d.u.i.k.p.i.AbstractProblemLoader Creating init config 
401898     DEBUG main            d.u.i.k.p.i.AbstractProblemLoader Init config took 2.73s 
401913     INFO  main            d.u.i.k.p.i.AbstractProblemLoader Replaying proof simplify0.key 
401914     DEBUG main            d.u.i.k.p.i.IntermediateProofReplayer Proof replay took 3.2ns 
402118     INFO  main            d.u.i.k.p.r.p.TestFile    ... finished proof: closed. 
402664     INFO  main            d.u.i.k.p.i.AbstractProblemLoader Loading environment from /home/runner/work/key/key/key.core/../key.ui/examples/standard_key/polySimp/simplify0.key.proof 
402664     DEBUG main            d.u.i.k.p.i.AbstractProblemLoader Environment load took 81.1ns 
402665     INFO  main            d.u.i.k.p.i.AbstractProblemLoader Creating init config 
405369     DEBUG main            d.u.i.k.p.i.AbstractProblemLoader Init config took 2.7s 
405384     INFO  main            d.u.i.k.p.i.AbstractProblemLoader Replaying proof simplify0.key.proof 
405396     DEBUG main            d.u.i.k.p.i.IntermediateProofReplayer Proof replay took 7.21ms 
405398     DEBUG main            d.u.i.k.p.r.p.TestFile    ... success: reloaded. 
405398     INFO  main            d.u.i.k.p.r.p.TestFile    Now processing file /home/runner/work/key/key/key.core/../key.ui/examples/standard_key/polySimp/simplify1.key 
405398     INFO  main            d.u.i.k.p.i.AbstractProblemLoader Loading environment from /home/runner/work/key/key/key.core/../key.ui/examples/standard_key/polySimp/simplify1.key 
405400     DEBUG main            d.u.i.k.p.i.AbstractProblemLoader Environment load took 984.4ns 
405402     INFO  main            d.u.i.k.p.i.AbstractProblemLoader Creating init config 
408019     DEBUG main            d.u.i.k.p.i.AbstractProblemLoader Init config took 2.62s 
408033     INFO  main            d.u.i.k.p.i.AbstractProblemLoader Replaying proof simplify1.key 
408036     DEBUG main            d.u.i.k.p.i.IntermediateProofReplayer Proof replay took 2.9ns 
408339     INFO  main            d.u.i.k.p.r.p.TestFile    ... finished proof: closed. 
408893     INFO  main            d.u.i.k.p.i.AbstractProblemLoader Loading environment from /home/runner/work/key/key/key.core/../key.ui/examples/standard_key/polySimp/simplify1.key.proof 
408893     DEBUG main            d.u.i.k.p.i.AbstractProblemLoader Environment load took 96.5ns 
408895     INFO  main            d.u.i.k.p.i.AbstractProblemLoader Creating init config 
411513     DEBUG main            d.u.i.k.p.i.AbstractProblemLoader Init config took 2.62s 
411527     INFO  main            d.u.i.k.p.i.AbstractProblemLoader Replaying proof simplify1.key.proof 
411539     DEBUG main            d.u.i.k.p.i.IntermediateProofReplayer Proof replay took 8.85ms 
411541     DEBUG main            d.u.i.k.p.r.p.TestFile    ... success: reloaded. 
411541     INFO  main            d.u.i.k.p.r.p.TestFile    Now processing file /home/runner/work/key/key/key.core/../key.ui/examples/standard_key/polySimp/simplify10.key 
411541     INFO  main            d.u.i.k.p.i.AbstractProblemLoader Loading environment from /home/runner/work/key/key/key.core/../key.ui/examples/standard_key/polySimp/simplify10.key 
411541     DEBUG main            d.u.i.k.p.i.AbstractProblemLoader Environment load took 117.9ns 
411544     INFO  main            d.u.i.k.p.i.AbstractProblemLoader Creating init config 
414167     DEBUG main            d.u.i.k.p.i.AbstractProblemLoader Init config took 2.62s 
414180     INFO  main            d.u.i.k.p.i.AbstractProblemLoader Replaying proof simplify10.key 
414181     DEBUG main            d.u.i.k.p.i.IntermediateProofReplayer Proof replay took 3.6ns 
414485     INFO  main            d.u.i.k.p.r.p.TestFile    ... finished proof: closed. 
415046     INFO  main            d.u.i.k.p.i.AbstractProblemLoader Loading environment from /home/runner/work/key/key/key.core/../key.ui/examples/standard_key/polySimp/simplify10.key.proof 
415046     DEBUG main            d.u.i.k.p.i.AbstractProblemLoader Environment load took 106.4ns 
415048     INFO  main            d.u.i.k.p.i.AbstractProblemLoader Creating init config 
417691     DEBUG main            d.u.i.k.p.i.AbstractProblemLoader Init config took 2.64s 
417706     INFO  main            d.u.i.k.p.i.AbstractProblemLoader Replaying proof simplify10.key.proof 
417720     DEBUG main            d.u.i.k.p.i.IntermediateProofReplayer Proof replay took 11.65ms 
417722     DEBUG main            d.u.i.k.p.r.p.TestFile    ... success: reloaded. 
417722     INFO  main            d.u.i.k.p.r.p.TestFile    Now processing file /home/runner/work/key/key/key.core/../key.ui/examples/standard_key/polySimp/simplify11.key 
417722     INFO  main            d.u.i.k.p.i.AbstractProblemLoader Loading environment from /home/runner/work/key/key/key.core/../key.ui/examples/standard_key/polySimp/simplify11.key 
417722     DEBUG main            d.u.i.k.p.i.AbstractProblemLoader Environment load took 52.6ns 
417723     INFO  main            d.u.i.k.p.i.AbstractProblemLoader Creating init config 
420280     DEBUG main            d.u.i.k.p.i.AbstractProblemLoader Init config took 2.56s 
420292     INFO  main            d.u.i.k.p.i.AbstractProblemLoader Replaying proof simplify11.key 
420293     DEBUG main            d.u.i.k.p.i.IntermediateProofReplayer Proof replay took 3.1ns 
420595     INFO  main            d.u.i.k.p.r.p.TestFile    ... finished proof: closed. 
421171     INFO  main            d.u.i.k.p.i.AbstractProblemLoader Loading environment from /home/runner/work/key/key/key.core/../key.ui/examples/standard_key/polySimp/simplify11.key.proof 
421171     DEBUG main            d.u.i.k.p.i.AbstractProblemLoader Environment load took 75.5ns 
421172     INFO  main            d.u.i.k.p.i.AbstractProblemLoader Creating init config 
423724     DEBUG main            d.u.i.k.p.i.AbstractProblemLoader Init config took 2.55s 
423738     INFO  main            d.u.i.k.p.i.AbstractProblemLoader Replaying proof simplify11.key.proof 
423750     DEBUG main            d.u.i.k.p.i.IntermediateProofReplayer Proof replay took 9.31ms 
423751     DEBUG main            d.u.i.k.p.r.p.TestFile    ... success: reloaded. 
423752     INFO  main            d.u.i.k.p.r.p.TestFile    Now processing file /home/runner/work/key/key/key.core/../key.ui/examples/standard_key/polySimp/simplify12.key 
423752     INFO  main            d.u.i.k.p.i.AbstractProblemLoader Loading environment from /home/runner/work/key/key/key.core/../key.ui/examples/standard_key/polySimp/simplify12.key 
423752     DEBUG main            d.u.i.k.p.i.AbstractProblemLoader Environment load took 74.8ns 
423753     INFO  main            d.u.i.k.p.i.AbstractProblemLoader Creating init config 
426239     DEBUG main            d.u.i.k.p.i.AbstractProblemLoader Init config took 2.49s 
426251     INFO  main            d.u.i.k.p.i.AbstractProblemLoader Replaying proof simplify12.key 
426252     DEBUG main            d.u.i.k.p.i.IntermediateProofReplayer Proof replay took 3.3ns 
426354     INFO  main            d.u.i.k.p.r.p.TestFile    ... finished proof: closed. 
426905     INFO  main            d.u.i.k.p.i.AbstractProblemLoader Loading environment from /home/runner/work/key/key/key.core/../key.ui/examples/standard_key/polySimp/simplify12.key.proof 
426905     DEBUG main            d.u.i.k.p.i.AbstractProblemLoader Environment load took 112.2ns 
426906     INFO  main            d.u.i.k.p.i.AbstractProblemLoader Creating init config 
429308     DEBUG main            d.u.i.k.p.i.AbstractProblemLoader Init config took 2.4s 
429321     INFO  main            d.u.i.k.p.i.AbstractProblemLoader Replaying proof simplify12.key.proof 
429328     DEBUG main            d.u.i.k.p.i.IntermediateProofReplayer Proof replay took 5.2ms 
429328     DEBUG main            d.u.i.k.p.r.p.TestFile    ... success: reloaded. 
429329     INFO  main            d.u.i.k.p.r.p.TestFile    Now processing file /home/runner/work/key/key/key.core/../key.ui/examples/standard_key/polySimp/simplify13.key 
429330     INFO  main            d.u.i.k.p.i.AbstractProblemLoader Loading environment from /home/runner/work/key/key/key.core/../key.ui/examples/standard_key/polySimp/simplify13.key 
429330     DEBUG main            d.u.i.k.p.i.AbstractProblemLoader Environment load took 73.2ns 
429331     INFO  main            d.u.i.k.p.i.AbstractProblemLoader Creating init config 
431849     DEBUG main            d.u.i.k.p.i.AbstractProblemLoader Init config took 2.52s 
431865     INFO  main            d.u.i.k.p.i.AbstractProblemLoader Replaying proof simplify13.key 
431866     DEBUG main            d.u.i.k.p.i.IntermediateProofReplayer Proof replay took 3ns 
431968     INFO  main            d.u.i.k.p.r.p.TestFile    ... finished proof: closed. 
432518     INFO  main            d.u.i.k.p.i.AbstractProblemLoader Loading environment from /home/runner/work/key/key/key.core/../key.ui/examples/standard_key/polySimp/simplify13.key.proof 
432518     DEBUG main            d.u.i.k.p.i.AbstractProblemLoader Environment load took 80.4ns 
432520     INFO  main            d.u.i.k.p.i.AbstractProblemLoader Creating init config 
434936     DEBUG main            d.u.i.k.p.i.AbstractProblemLoader Init config took 2.42s 
434951     INFO  main            d.u.i.k.p.i.AbstractProblemLoader Replaying proof simplify13.key.proof 
434955     DEBUG main            d.u.i.k.p.i.IntermediateProofReplayer Proof replay took 2.49ms 
434956     DEBUG main            d.u.i.k.p.r.p.TestFile    ... success: reloaded. 
434956     INFO  main            d.u.i.k.p.r.p.TestFile    Now processing file /home/runner/work/key/key/key.core/../key.ui/examples/standard_key/polySimp/simplify14.key 
434956     INFO  main            d.u.i.k.p.i.AbstractProblemLoader Loading environment from /home/runner/work/key/key/key.core/../key.ui/examples/standard_key/polySimp/simplify14.key 
434956     DEBUG main            d.u.i.k.p.i.AbstractProblemLoader Environment load took 52.8ns 
434957     INFO  main            d.u.i.k.p.i.AbstractProblemLoader Creating init config 
437493     DEBUG main            d.u.i.k.p.i.AbstractProblemLoader Init config took 2.54s 
437505     INFO  main            d.u.i.k.p.i.AbstractProblemLoader Replaying proof simplify14.key 
437507     DEBUG main            d.u.i.k.p.i.IntermediateProofReplayer Proof replay took 2.6ns 
437608     INFO  main            d.u.i.k.p.r.p.TestFile    ... finished proof: closed. 
438139     INFO  main            d.u.i.k.p.i.AbstractProblemLoader Loading environment from /home/runner/work/key/key/key.core/../key.ui/examples/standard_key/polySimp/simplify14.key.proof 
438140     DEBUG main            d.u.i.k.p.i.AbstractProblemLoader Environment load took 121.8ns 
438141     INFO  main            d.u.i.k.p.i.AbstractProblemLoader Creating init config 
440643     DEBUG main            d.u.i.k.p.i.AbstractProblemLoader Init config took 2.5s 
440656     INFO  main            d.u.i.k.p.i.AbstractProblemLoader Replaying proof simplify14.key.proof 
440658     DEBUG main            d.u.i.k.p.i.IntermediateProofReplayer Proof replay took 554.1ns 
440659     DEBUG main            d.u.i.k.p.r.p.TestFile    ... success: reloaded. 
440660     INFO  main            d.u.i.k.p.r.p.TestFile    Now processing file /home/runner/work/key/key/key.core/../key.ui/examples/standard_key/polySimp/simplify15.key 
440660     INFO  main            d.u.i.k.p.i.AbstractProblemLoader Loading environment from /home/runner/work/key/key/key.core/../key.ui/examples/standard_key/polySimp/simplify15.key 
440660     DEBUG main            d.u.i.k.p.i.AbstractProblemLoader Environment load took 135.8ns 
440661     INFO  main            d.u.i.k.p.i.AbstractProblemLoader Creating init config 
443335     DEBUG main            d.u.i.k.p.i.AbstractProblemLoader Init config took 2.67s 
443348     INFO  main            d.u.i.k.p.i.AbstractProblemLoader Replaying proof simplify15.key 
443350     DEBUG main            d.u.i.k.p.i.IntermediateProofReplayer Proof replay took 3.4ns 
443452     INFO  main            d.u.i.k.p.r.p.TestFile    ... finished proof: closed. 
444026     INFO  main            d.u.i.k.p.i.AbstractProblemLoader Loading environment from /home/runner/work/key/key/key.core/../key.ui/examples/standard_key/polySimp/simplify15.key.proof 
444026     DEBUG main            d.u.i.k.p.i.AbstractProblemLoader Environment load took 83.4ns 
444027     INFO  main            d.u.i.k.p.i.AbstractProblemLoader Creating init config 
446595     DEBUG main            d.u.i.k.p.i.AbstractProblemLoader Init config took 2.57s 
446609     INFO  main            d.u.i.k.p.i.AbstractProblemLoader Replaying proof simplify15.key.proof 
446611     DEBUG main            d.u.i.k.p.i.IntermediateProofReplayer Proof replay took 383ns 
446611     DEBUG main            d.u.i.k.p.r.p.TestFile    ... success: reloaded. 
446612     INFO  main            d.u.i.k.p.r.p.TestFile    Now processing file /home/runner/work/key/key/key.core/../key.ui/examples/standard_key/polySimp/simplify16.key 
446612     INFO  main            d.u.i.k.p.i.AbstractProblemLoader Loading environment from /home/runner/work/key/key/key.core/../key.ui/examples/standard_key/polySimp/simplify16.key 
446612     DEBUG main            d.u.i.k.p.i.AbstractProblemLoader Environment load took 95.6ns 
446613     INFO  main            d.u.i.k.p.i.AbstractProblemLoader Creating init config 
449231     DEBUG main            d.u.i.k.p.i.AbstractProblemLoader Init config took 2.62s 
449244     INFO  main            d.u.i.k.p.i.AbstractProblemLoader Replaying proof simplify16.key 
449245     DEBUG main            d.u.i.k.p.i.IntermediateProofReplayer Proof replay took 3.1ns 
449347     INFO  main            d.u.i.k.p.r.p.TestFile    ... finished proof: closed. 
449896     INFO  main            d.u.i.k.p.i.AbstractProblemLoader Loading environment from /home/runner/work/key/key/key.core/../key.ui/examples/standard_key/polySimp/simplify16.key.proof 
449897     DEBUG main            d.u.i.k.p.i.AbstractProblemLoader Environment load took 108.6ns 
449898     INFO  main            d.u.i.k.p.i.AbstractProblemLoader Creating init config 
452462     DEBUG main            d.u.i.k.p.i.AbstractProblemLoader Init config took 2.56s 
452475     INFO  main            d.u.i.k.p.i.AbstractProblemLoader Replaying proof simplify16.key.proof 
452477     DEBUG main            d.u.i.k.p.i.IntermediateProofReplayer Proof replay took 339.3ns 
452478     DEBUG main            d.u.i.k.p.r.p.TestFile    ... success: reloaded. 
452478     INFO  main            d.u.i.k.p.r.p.TestFile    Now processing file /home/runner/work/key/key/key.core/../key.ui/examples/standard_key/polySimp/simplify17.key 
452479     INFO  main            d.u.i.k.p.i.AbstractProblemLoader Loading environment from /home/runner/work/key/key/key.core/../key.ui/examples/standard_key/polySimp/simplify17.key 
452479     DEBUG main            d.u.i.k.p.i.AbstractProblemLoader Environment load took 71.6ns 
452480     INFO  main            d.u.i.k.p.i.AbstractProblemLoader Creating init config 
454964     DEBUG main            d.u.i.k.p.i.AbstractProblemLoader Init config took 2.48s 
454977     INFO  main            d.u.i.k.p.i.AbstractProblemLoader Replaying proof simplify17.key 
454978     DEBUG main            d.u.i.k.p.i.IntermediateProofReplayer Proof replay took 3.6ns 
455080     INFO  main            d.u.i.k.p.r.p.TestFile    ... finished proof: closed. 
455637     INFO  main            d.u.i.k.p.i.AbstractProblemLoader Loading environment from /home/runner/work/key/key/key.core/../key.ui/examples/standard_key/polySimp/simplify17.key.proof 
455637     DEBUG main            d.u.i.k.p.i.AbstractProblemLoader Environment load took 70.5ns 
455638     INFO  main            d.u.i.k.p.i.AbstractProblemLoader Creating init config 
458298     DEBUG main            d.u.i.k.p.i.AbstractProblemLoader Init config took 2.66s 
458313     INFO  main            d.u.i.k.p.i.AbstractProblemLoader Replaying proof simplify17.key.proof 
458319     DEBUG main            d.u.i.k.p.i.IntermediateProofReplayer Proof replay took 4.01ms 
458320     DEBUG main            d.u.i.k.p.r.p.TestFile    ... success: reloaded. 
458320     INFO  main            d.u.i.k.p.r.p.TestFile    Now processing file /home/runner/work/key/key/key.core/../key.ui/examples/standard_key/polySimp/simplify18.key 
458321     INFO  main            d.u.i.k.p.i.AbstractProblemLoader Loading environment from /home/runner/work/key/key/key.core/../key.ui/examples/standard_key/polySimp/simplify18.key 
458321     DEBUG main            d.u.i.k.p.i.AbstractProblemLoader Environment load took 94.8ns 
458322     INFO  main            d.u.i.k.p.i.AbstractProblemLoader Creating init config 
461012     DEBUG main            d.u.i.k.p.i.AbstractProblemLoader Init config took 2.69s 
461026     INFO  main            d.u.i.k.p.i.AbstractProblemLoader Replaying proof simplify18.key 
461027     DEBUG main            d.u.i.k.p.i.IntermediateProofReplayer Proof replay took 3.4ns 
461229     INFO  main            d.u.i.k.p.r.p.TestFile    ... finished proof: closed. 
461818     INFO  main            d.u.i.k.p.i.AbstractProblemLoader Loading environment from /home/runner/work/key/key/key.core/../key.ui/examples/standard_key/polySimp/simplify18.key.proof 
461818     DEBUG main            d.u.i.k.p.i.AbstractProblemLoader Environment load took 96.1ns 
461820     INFO  main            d.u.i.k.p.i.AbstractProblemLoader Creating init config 
464550     DEBUG main            d.u.i.k.p.i.AbstractProblemLoader Init config took 2.73s 
464569     INFO  main            d.u.i.k.p.i.AbstractProblemLoader Replaying proof simplify18.key.proof 
464584     DEBUG main            d.u.i.k.p.i.IntermediateProofReplayer Proof replay took 10.95ms 
464588     DEBUG main            d.u.i.k.p.r.p.TestFile    ... success: reloaded. 
464592     INFO  main            d.u.i.k.p.r.p.TestFile    Now processing file /home/runner/work/key/key/key.core/../key.ui/examples/standard_key/polySimp/simplify19.key 
464592     INFO  main            d.u.i.k.p.i.AbstractProblemLoader Loading environment from /home/runner/work/key/key/key.core/../key.ui/examples/standard_key/polySimp/simplify19.key 
464593     DEBUG main            d.u.i.k.p.i.AbstractProblemLoader Environment load took 218.6ns 
464594     INFO  main            d.u.i.k.p.i.AbstractProblemLoader Creating init config 
467415     DEBUG main            d.u.i.k.p.i.AbstractProblemLoader Init config took 2.82s 
467428     INFO  main            d.u.i.k.p.i.AbstractProblemLoader Replaying proof simplify19.key 
467430     DEBUG main            d.u.i.k.p.i.IntermediateProofReplayer Proof replay took 3.7ns 
471442     INFO  main            d.u.i.k.p.r.p.TestFile    ... finished proof: closed. 
472041     INFO  main            d.u.i.k.p.i.AbstractProblemLoader Loading environment from /home/runner/work/key/key/key.core/../key.ui/examples/standard_key/polySimp/simplify19.key.proof 
472041     DEBUG main            d.u.i.k.p.i.AbstractProblemLoader Environment load took 100.5ns 
472043     INFO  main            d.u.i.k.p.i.AbstractProblemLoader Creating init config 
474697     DEBUG main            d.u.i.k.p.i.AbstractProblemLoader Init config took 2.65s 
474710     INFO  main            d.u.i.k.p.i.AbstractProblemLoader Replaying proof simplify19.key.proof 
474837     DEBUG main            d.u.i.k.p.i.IntermediateProofReplayer Proof replay took 114.81ms 
474839     DEBUG main            d.u.i.k.p.r.p.TestFile    ... success: reloaded. 
474839     INFO  main            d.u.i.k.p.r.p.TestFile    Now processing file /home/runner/work/key/key/key.core/../key.ui/examples/standard_key/polySimp/simplify2.key 
474839     INFO  main            d.u.i.k.p.i.AbstractProblemLoader Loading environment from /home/runner/work/key/key/key.core/../key.ui/examples/standard_key/polySimp/simplify2.key 
474840     DEBUG main            d.u.i.k.p.i.AbstractProblemLoader Environment load took 122.4ns 
474840     INFO  main            d.u.i.k.p.i.AbstractProblemLoader Creating init config 
477558     DEBUG main            d.u.i.k.p.i.AbstractProblemLoader Init config took 2.72s 
477571     INFO  main            d.u.i.k.p.i.AbstractProblemLoader Replaying proof simplify2.key 
477573     DEBUG main            d.u.i.k.p.i.IntermediateProofReplayer Proof replay took 3.8ns 
477674     INFO  main            d.u.i.k.p.r.p.TestFile    ... finished proof: closed. 
478321     INFO  main            d.u.i.k.p.i.AbstractProblemLoader Loading environment from /home/runner/work/key/key/key.core/../key.ui/examples/standard_key/polySimp/simplify2.key.proof 
478321     DEBUG main            d.u.i.k.p.i.AbstractProblemLoader Environment load took 83.3ns 
478322     INFO  main            d.u.i.k.p.i.AbstractProblemLoader Creating init config 
481251     DEBUG main            d.u.i.k.p.i.AbstractProblemLoader Init config took 2.93s 
481265     INFO  main            d.u.i.k.p.i.AbstractProblemLoader Replaying proof simplify2.key.proof 
481267     DEBUG main            d.u.i.k.p.i.IntermediateProofReplayer Proof replay took 725.8ns 
481268     DEBUG main            d.u.i.k.p.r.p.TestFile    ... success: reloaded. 
481270     INFO  main            d.u.i.k.p.r.p.TestFile    Now processing file /home/runner/work/key/key/key.core/../key.ui/examples/standard_key/polySimp/simplify20.key 
481271     INFO  main            d.u.i.k.p.i.AbstractProblemLoader Loading environment from /home/runner/work/key/key/key.core/../key.ui/examples/standard_key/polySimp/simplify20.key 
481271     DEBUG main            d.u.i.k.p.i.AbstractProblemLoader Environment load took 217.9ns 
481272     INFO  main            d.u.i.k.p.i.AbstractProblemLoader Creating init config 
483836     DEBUG main            d.u.i.k.p.i.AbstractProblemLoader Init config took 2.56s 
483848     INFO  main            d.u.i.k.p.i.AbstractProblemLoader Replaying proof simplify20.key 
483849     DEBUG main            d.u.i.k.p.i.IntermediateProofReplayer Proof replay took 2.9ns 
484554     INFO  main            d.u.i.k.p.r.p.TestFile    ... finished proof: closed. 
485192     INFO  main            d.u.i.k.p.i.AbstractProblemLoader Loading environment from /home/runner/work/key/key/key.core/../key.ui/examples/standard_key/polySimp/simplify20.key.proof 
485192     DEBUG main            d.u.i.k.p.i.AbstractProblemLoader Environment load took 417.9ns 
485194     INFO  main            d.u.i.k.p.i.AbstractProblemLoader Creating init config 
487899     DEBUG main            d.u.i.k.p.i.AbstractProblemLoader Init config took 2.7s 
487922     INFO  main            d.u.i.k.p.i.AbstractProblemLoader Replaying proof simplify20.key.proof 
487987     DEBUG main            d.u.i.k.p.i.IntermediateProofReplayer Proof replay took 49.93ms 
487992     DEBUG main            d.u.i.k.p.r.p.TestFile    ... success: reloaded. 
487993     INFO  main            d.u.i.k.p.r.p.TestFile    Now processing file /home/runner/work/key/key/key.core/../key.ui/examples/standard_key/polySimp/simplify21.key 
487993     INFO  main            d.u.i.k.p.i.AbstractProblemLoader Loading environment from /home/runner/work/key/key/key.core/../key.ui/examples/standard_key/polySimp/simplify21.key 
487993     DEBUG main            d.u.i.k.p.i.AbstractProblemLoader Environment load took 92.4ns 
488014     INFO  main            d.u.i.k.p.i.AbstractProblemLoader Creating init config 
490871     DEBUG main            d.u.i.k.p.i.AbstractProblemLoader Init config took 2.86s 
490885     INFO  main            d.u.i.k.p.i.AbstractProblemLoader Replaying proof simplify21.key 
490887     DEBUG main            d.u.i.k.p.i.IntermediateProofReplayer Proof replay took 3.3ns 
491594     INFO  main            d.u.i.k.p.r.p.TestFile    ... finished proof: closed. 
492208     INFO  main            d.u.i.k.p.i.AbstractProblemLoader Loading environment from /home/runner/work/key/key/key.core/../key.ui/examples/standard_key/polySimp/simplify21.key.proof 
492208     DEBUG main            d.u.i.k.p.i.AbstractProblemLoader Environment load took 143.9ns 
492213     INFO  main            d.u.i.k.p.i.AbstractProblemLoader Creating init config 
494714     DEBUG main            d.u.i.k.p.i.AbstractProblemLoader Init config took 2.5s 
494728     INFO  main            d.u.i.k.p.i.AbstractProblemLoader Replaying proof simplify21.key.proof 
494755     DEBUG main            d.u.i.k.p.i.IntermediateProofReplayer Proof replay took 23.31ms 
494758     DEBUG main            d.u.i.k.p.r.p.TestFile    ... success: reloaded. 
494758     INFO  main            d.u.i.k.p.r.p.TestFile    Now processing file /home/runner/work/key/key/key.core/../key.ui/examples/standard_key/polySimp/simplify22.key 
494759     INFO  main            d.u.i.k.p.i.AbstractProblemLoader Loading environment from /home/runner/work/key/key/key.core/../key.ui/examples/standard_key/polySimp/simplify22.key 
494759     DEBUG main            d.u.i.k.p.i.AbstractProblemLoader Environment load took 143.5ns 
494760     INFO  main            d.u.i.k.p.i.AbstractProblemLoader Creating init config 
497185     DEBUG main            d.u.i.k.p.i.AbstractProblemLoader Init config took 2.43s 
497197     INFO  main            d.u.i.k.p.i.AbstractProblemLoader Replaying proof simplify22.key 
497198     DEBUG main            d.u.i.k.p.i.IntermediateProofReplayer Proof replay took 3.3ns 
497300     INFO  main            d.u.i.k.p.r.p.TestFile    ... finished proof: closed. 
497954     INFO  main            d.u.i.k.p.i.AbstractProblemLoader Loading environment from /home/runner/work/key/key/key.core/../key.ui/examples/standard_key/polySimp/simplify22.key.proof 
497954     DEBUG main            d.u.i.k.p.i.AbstractProblemLoader Environment load took 72.7ns 
497955     INFO  main            d.u.i.k.p.i.AbstractProblemLoader Creating init config 
500551     DEBUG main            d.u.i.k.p.i.AbstractProblemLoader Init config took 2.6s 
500578     INFO  main            d.u.i.k.p.i.AbstractProblemLoader Replaying proof simplify22.key.proof 
500587     DEBUG main            d.u.i.k.p.i.IntermediateProofReplayer Proof replay took 3.01ms 
500593     DEBUG main            d.u.i.k.p.r.p.TestFile    ... success: reloaded. 
500594     INFO  main            d.u.i.k.p.r.p.TestFile    Now processing file /home/runner/work/key/key/key.core/../key.ui/examples/standard_key/polySimp/simplify23.key 
500594     INFO  main            d.u.i.k.p.i.AbstractProblemLoader Loading environment from /home/runner/work/key/key/key.core/../key.ui/examples/standard_key/polySimp/simplify23.key 
500594     DEBUG main            d.u.i.k.p.i.AbstractProblemLoader Environment load took 92.8ns 
500595     INFO  main            d.u.i.k.p.i.AbstractProblemLoader Creating init config 
503175     DEBUG main            d.u.i.k.p.i.AbstractProblemLoader Init config took 2.58s 
503188     INFO  main            d.u.i.k.p.i.AbstractProblemLoader Replaying proof simplify23.key 
503189     DEBUG main            d.u.i.k.p.i.IntermediateProofReplayer Proof replay took 3ns 
503391     INFO  main            d.u.i.k.p.r.p.TestFile    ... finished proof: closed. 
503990     INFO  main            d.u.i.k.p.i.AbstractProblemLoader Loading environment from /home/runner/work/key/key/key.core/../key.ui/examples/standard_key/polySimp/simplify23.key.proof 
503990     DEBUG main            d.u.i.k.p.i.AbstractProblemLoader Environment load took 83.5ns 
503991     INFO  main            d.u.i.k.p.i.AbstractProblemLoader Creating init config 
506651     DEBUG main            d.u.i.k.p.i.AbstractProblemLoader Init config took 2.66s 
506668     INFO  main            d.u.i.k.p.i.AbstractProblemLoader Replaying proof simplify23.key.proof 
506677     DEBUG main            d.u.i.k.p.i.IntermediateProofReplayer Proof replay took 7.43ms 
506679     DEBUG main            d.u.i.k.p.r.p.TestFile    ... success: reloaded. 
506680     INFO  main            d.u.i.k.p.r.p.TestFile    Now processing file /home/runner/work/key/key/key.core/../key.ui/examples/standard_key/polySimp/simplify24.key 
506680     INFO  main            d.u.i.k.p.i.AbstractProblemLoader Loading environment from /home/runner/work/key/key/key.core/../key.ui/examples/standard_key/polySimp/simplify24.key 
506680     DEBUG main            d.u.i.k.p.i.AbstractProblemLoader Environment load took 224.1ns 
506681     INFO  main            d.u.i.k.p.i.AbstractProblemLoader Creating init config 
509354     DEBUG main            d.u.i.k.p.i.AbstractProblemLoader Init config took 2.67s 
509366     INFO  main            d.u.i.k.p.i.AbstractProblemLoader Replaying proof simplify24.key 
509368     DEBUG main            d.u.i.k.p.i.IntermediateProofReplayer Proof replay took 3.4ns 
509470     INFO  main            d.u.i.k.p.r.p.TestFile    ... finished proof: closed. 
510059     INFO  main            d.u.i.k.p.i.AbstractProblemLoader Loading environment from /home/runner/work/key/key/key.core/../key.ui/examples/standard_key/polySimp/simplify24.key.proof 
510059     DEBUG main            d.u.i.k.p.i.AbstractProblemLoader Environment load took 74ns 
510060     INFO  main            d.u.i.k.p.i.AbstractProblemLoader Creating init config 
512720     DEBUG main            d.u.i.k.p.i.AbstractProblemLoader Init config took 2.66s 
512738     INFO  main            d.u.i.k.p.i.AbstractProblemLoader Replaying proof simplify24.key.proof 
512742     DEBUG main            d.u.i.k.p.i.IntermediateProofReplayer Proof replay took 1.95ms 
512753     DEBUG main            d.u.i.k.p.r.p.TestFile    ... success: reloaded. 
512754     INFO  main            d.u.i.k.p.r.p.TestFile    Now processing file /home/runner/work/key/key/key.core/../key.ui/examples/standard_key/polySimp/simplify25.key 
512754     INFO  main            d.u.i.k.p.i.AbstractProblemLoader Loading environment from /home/runner/work/key/key/key.core/../key.ui/examples/standard_key/polySimp/simplify25.key 
512754     DEBUG main            d.u.i.k.p.i.AbstractProblemLoader Environment load took 86.5ns 
512755     INFO  main            d.u.i.k.p.i.AbstractProblemLoader Creating init config 
515396     DEBUG main            d.u.i.k.p.i.AbstractProblemLoader Init config took 2.64s 
515409     INFO  main            d.u.i.k.p.i.AbstractProblemLoader Replaying proof simplify25.key 
515410     DEBUG main            d.u.i.k.p.i.IntermediateProofReplayer Proof replay took 3.2ns 
515511     INFO  main            d.u.i.k.p.r.p.TestFile    ... finished proof: closed. 
516109     INFO  main            d.u.i.k.p.i.AbstractProblemLoader Loading environment from /home/runner/work/key/key/key.core/../key.ui/examples/standard_key/polySimp/simplify25.key.proof 
516109     DEBUG main            d.u.i.k.p.i.AbstractProblemLoader Environment load took 85.8ns 
516110     INFO  main            d.u.i.k.p.i.AbstractProblemLoader Creating init config 
518634     DEBUG main            d.u.i.k.p.i.AbstractProblemLoader Init config took 2.52s 
518649     INFO  main            d.u.i.k.p.i.AbstractProblemLoader Replaying proof simplify25.key.proof 
518654     DEBUG main            d.u.i.k.p.i.IntermediateProofReplayer Proof replay took 2.17ms 
518655     DEBUG main            d.u.i.k.p.r.p.TestFile    ... success: reloaded. 
518655     INFO  main            d.u.i.k.p.r.p.TestFile    Now processing file /home/runner/work/key/key/key.core/../key.ui/examples/standard_key/polySimp/simplify3.key 
518656     INFO  main            d.u.i.k.p.i.AbstractProblemLoader Loading environment from /home/runner/work/key/key/key.core/../key.ui/examples/standard_key/polySimp/simplify3.key 
518656     DEBUG main            d.u.i.k.p.i.AbstractProblemLoader Environment load took 86.7ns 
518656     INFO  main            d.u.i.k.p.i.AbstractProblemLoader Creating init config 
521248     DEBUG main            d.u.i.k.p.i.AbstractProblemLoader Init config took 2.59s 
521261     INFO  main            d.u.i.k.p.i.AbstractProblemLoader Replaying proof simplify3.key 
521262     DEBUG main            d.u.i.k.p.i.IntermediateProofReplayer Proof replay took 2.8ns 
521363     INFO  main            d.u.i.k.p.r.p.TestFile    ... finished proof: closed. 
521953     INFO  main            d.u.i.k.p.i.AbstractProblemLoader Loading environment from /home/runner/work/key/key/key.core/../key.ui/examples/standard_key/polySimp/simplify3.key.proof 
521954     DEBUG main            d.u.i.k.p.i.AbstractProblemLoader Environment load took 69.7ns 
521954     INFO  main            d.u.i.k.p.i.AbstractProblemLoader Creating init config 
524544     DEBUG main            d.u.i.k.p.i.AbstractProblemLoader Init config took 2.59s 
524559     INFO  main            d.u.i.k.p.i.AbstractProblemLoader Replaying proof simplify3.key.proof 
524564     DEBUG main            d.u.i.k.p.i.IntermediateProofReplayer Proof replay took 838.3ns 
524564     DEBUG main            d.u.i.k.p.r.p.TestFile    ... success: reloaded. 
524565     INFO  main            d.u.i.k.p.r.p.TestFile    Now processing file /home/runner/work/key/key/key.core/../key.ui/examples/standard_key/polySimp/simplify4.key 
524565     INFO  main            d.u.i.k.p.i.AbstractProblemLoader Loading environment from /home/runner/work/key/key/key.core/../key.ui/examples/standard_key/polySimp/simplify4.key 
524566     DEBUG main            d.u.i.k.p.i.AbstractProblemLoader Environment load took 200.8ns 
524567     INFO  main            d.u.i.k.p.i.AbstractProblemLoader Creating init config 
527255     DEBUG main            d.u.i.k.p.i.AbstractProblemLoader Init config took 2.69s 
527269     INFO  main            d.u.i.k.p.i.AbstractProblemLoader Replaying proof simplify4.key 
527270     DEBUG main            d.u.i.k.p.i.IntermediateProofReplayer Proof replay took 3.7ns 
527371     INFO  main            d.u.i.k.p.r.p.TestFile    ... finished proof: closed. 
527970     INFO  main            d.u.i.k.p.i.AbstractProblemLoader Loading environment from /home/runner/work/key/key/key.core/../key.ui/examples/standard_key/polySimp/simplify4.key.proof 
527970     DEBUG main            d.u.i.k.p.i.AbstractProblemLoader Environment load took 92.2ns 
527971     INFO  main            d.u.i.k.p.i.AbstractProblemLoader Creating init config 
530591     DEBUG main            d.u.i.k.p.i.AbstractProblemLoader Init config took 2.62s 
530617     INFO  main            d.u.i.k.p.i.AbstractProblemLoader Replaying proof simplify4.key.proof 
530620     DEBUG main            d.u.i.k.p.i.IntermediateProofReplayer Proof replay took 947.7ns 
530621     DEBUG main            d.u.i.k.p.r.p.TestFile    ... success: reloaded. 
530623     INFO  main            d.u.i.k.p.r.p.TestFile    Now processing file /home/runner/work/key/key/key.core/../key.ui/examples/standard_key/polySimp/simplify5.key 
530623     INFO  main            d.u.i.k.p.i.AbstractProblemLoader Loading environment from /home/runner/work/key/key/key.core/../key.ui/examples/standard_key/polySimp/simplify5.key 
530626     DEBUG main            d.u.i.k.p.i.AbstractProblemLoader Environment load took 2.04ms 
530627     INFO  main            d.u.i.k.p.i.AbstractProblemLoader Creating init config 
533466     DEBUG main            d.u.i.k.p.i.AbstractProblemLoader Init config took 2.84s 
533480     INFO  main            d.u.i.k.p.i.AbstractProblemLoader Replaying proof simplify5.key 
533481     DEBUG main            d.u.i.k.p.i.IntermediateProofReplayer Proof replay took 3ns 
533583     INFO  main            d.u.i.k.p.r.p.TestFile    ... finished proof: closed. 
534245     INFO  main            d.u.i.k.p.i.AbstractProblemLoader Loading environment from /home/runner/work/key/key/key.core/../key.ui/examples/standard_key/polySimp/simplify5.key.proof 
534245     DEBUG main            d.u.i.k.p.i.AbstractProblemLoader Environment load took 75ns 
534246     INFO  main            d.u.i.k.p.i.AbstractProblemLoader Creating init config 
536970     DEBUG main            d.u.i.k.p.i.AbstractProblemLoader Init config took 2.72s 
537002     INFO  main            d.u.i.k.p.i.AbstractProblemLoader Replaying proof simplify5.key.proof 
537021     DEBUG main            d.u.i.k.p.i.IntermediateProofReplayer Proof replay took 7.25ms 
537024     DEBUG main            d.u.i.k.p.r.p.TestFile    ... success: reloaded. 
537025     INFO  main            d.u.i.k.p.r.p.TestFile    Now processing file /home/runner/work/key/key/key.core/../key.ui/examples/standard_key/polySimp/simplify6.key 
537025     INFO  main            d.u.i.k.p.i.AbstractProblemLoader Loading environment from /home/runner/work/key/key/key.core/../key.ui/examples/standard_key/polySimp/simplify6.key 
537025     DEBUG main            d.u.i.k.p.i.AbstractProblemLoader Environment load took 244.2ns 
537027     INFO  main            d.u.i.k.p.i.AbstractProblemLoader Creating init config 
539732     DEBUG main            d.u.i.k.p.i.AbstractProblemLoader Init config took 2.71s 
539745     INFO  main            d.u.i.k.p.i.AbstractProblemLoader Replaying proof simplify6.key 
539746     DEBUG main            d.u.i.k.p.i.IntermediateProofReplayer Proof replay took 2.7ns 
539848     INFO  main            d.u.i.k.p.r.p.TestFile    ... finished proof: closed. 
540483     INFO  main            d.u.i.k.p.i.AbstractProblemLoader Loading environment from /home/runner/work/key/key/key.core/../key.ui/examples/standard_key/polySimp/simplify6.key.proof 
540483     DEBUG main            d.u.i.k.p.i.AbstractProblemLoader Environment load took 74.9ns 
540484     INFO  main            d.u.i.k.p.i.AbstractProblemLoader Creating init config 
543038     DEBUG main            d.u.i.k.p.i.AbstractProblemLoader Init config took 2.55s 
543052     INFO  main            d.u.i.k.p.i.AbstractProblemLoader Replaying proof simplify6.key.proof 
543053     DEBUG main            d.u.i.k.p.i.IntermediateProofReplayer Proof replay took 208.3ns 
543054     DEBUG main            d.u.i.k.p.r.p.TestFile    ... success: reloaded. 
543055     INFO  main            d.u.i.k.p.r.p.TestFile    Now processing file /home/runner/work/key/key/key.core/../key.ui/examples/standard_key/polySimp/simplify7.key 
543055     INFO  main            d.u.i.k.p.i.AbstractProblemLoader Loading environment from /home/runner/work/key/key/key.core/../key.ui/examples/standard_key/polySimp/simplify7.key 
543055     DEBUG main            d.u.i.k.p.i.AbstractProblemLoader Environment load took 95.7ns 
543056     INFO  main            d.u.i.k.p.i.AbstractProblemLoader Creating init config 
545626     DEBUG main            d.u.i.k.p.i.AbstractProblemLoader Init config took 2.57s 
545638     INFO  main            d.u.i.k.p.i.AbstractProblemLoader Replaying proof simplify7.key 
545639     DEBUG main            d.u.i.k.p.i.IntermediateProofReplayer Proof replay took 3.7ns 
545742     INFO  main            d.u.i.k.p.r.p.TestFile    ... finished proof: closed. 
546348     INFO  main            d.u.i.k.p.i.AbstractProblemLoader Loading environment from /home/runner/work/key/key/key.core/../key.ui/examples/standard_key/polySimp/simplify7.key.proof 
546349     DEBUG main            d.u.i.k.p.i.AbstractProblemLoader Environment load took 72.5ns 
546349     INFO  main            d.u.i.k.p.i.AbstractProblemLoader Creating init config 
548889     DEBUG main            d.u.i.k.p.i.AbstractProblemLoader Init config took 2.54s 
548903     INFO  main            d.u.i.k.p.i.AbstractProblemLoader Replaying proof simplify7.key.proof 
548905     DEBUG main            d.u.i.k.p.i.IntermediateProofReplayer Proof replay took 395ns 
548906     DEBUG main            d.u.i.k.p.r.p.TestFile    ... success: reloaded. 
548907     INFO  main            d.u.i.k.p.r.p.TestFile    Now processing file /home/runner/work/key/key/key.core/../key.ui/examples/standard_key/polySimp/simplify8.key 
548907     INFO  main            d.u.i.k.p.i.AbstractProblemLoader Loading environment from /home/runner/work/key/key/key.core/../key.ui/examples/standard_key/polySimp/simplify8.key 
548908     DEBUG main            d.u.i.k.p.i.AbstractProblemLoader Environment load took 178ns 
548912     INFO  main            d.u.i.k.p.i.AbstractProblemLoader Creating init config 
551457     DEBUG main            d.u.i.k.p.i.AbstractProblemLoader Init config took 2.54s 
551470     INFO  main            d.u.i.k.p.i.AbstractProblemLoader Replaying proof simplify8.key 
551471     DEBUG main            d.u.i.k.p.i.IntermediateProofReplayer Proof replay took 3ns 
555863     INFO  main            d.u.i.k.p.r.p.TestFile    ... finished proof: closed. 
556512     INFO  main            d.u.i.k.p.i.AbstractProblemLoader Loading environment from /home/runner/work/key/key/key.core/../key.ui/examples/standard_key/polySimp/simplify8.key.proof 
556512     DEBUG main            d.u.i.k.p.i.AbstractProblemLoader Environment load took 125.1ns 
556514     INFO  main            d.u.i.k.p.i.AbstractProblemLoader Creating init config 
559178     DEBUG main            d.u.i.k.p.i.AbstractProblemLoader Init config took 2.66s 
559192     INFO  main            d.u.i.k.p.i.AbstractProblemLoader Replaying proof simplify8.key.proof 
559240     DEBUG main            d.u.i.k.p.i.IntermediateProofReplayer Proof replay took 43.14ms 
559242     DEBUG main            d.u.i.k.p.r.p.TestFile    ... success: reloaded. 
559243     INFO  main            d.u.i.k.p.r.p.TestFile    Now processing file /home/runner/work/key/key/key.core/../key.ui/examples/standard_key/polySimp/simplify9.key 
559243     INFO  main            d.u.i.k.p.i.AbstractProblemLoader Loading environment from /home/runner/work/key/key/key.core/../key.ui/examples/standard_key/polySimp/simplify9.key 
559243     DEBUG main            d.u.i.k.p.i.AbstractProblemLoader Environment load took 48.4ns 
559244     INFO  main            d.u.i.k.p.i.AbstractProblemLoader Creating init config 
561764     DEBUG main            d.u.i.k.p.i.AbstractProblemLoader Init config took 2.52s 
561777     INFO  main            d.u.i.k.p.i.AbstractProblemLoader Replaying proof simplify9.key 
561778     DEBUG main            d.u.i.k.p.i.IntermediateProofReplayer Proof replay took 3ns 
561981     INFO  main            d.u.i.k.p.r.p.TestFile    ... finished proof: closed. 
562696     INFO  main            d.u.i.k.p.i.AbstractProblemLoader Loading environment from /home/runner/work/key/key/key.core/../key.ui/examples/standard_key/polySimp/simplify9.key.proof 
562696     DEBUG main            d.u.i.k.p.i.AbstractProblemLoader Environment load took 78.3ns 
562697     INFO  main            d.u.i.k.p.i.AbstractProblemLoader Creating init config 
565222     DEBUG main            d.u.i.k.p.i.AbstractProblemLoader Init config took 2.52s 
565236     INFO  main            d.u.i.k.p.i.AbstractProblemLoader Replaying proof simplify9.key.proof 
565242     DEBUG main            d.u.i.k.p.i.IntermediateProofReplayer Proof replay took 4.26ms 
565243     DEBUG main            d.u.i.k.p.r.p.TestFile    ... success: reloaded. 
3305091    INFO  Test worker     d.u.i.k.p.r.p.StatisticsFile Returning from test arithmetic 
3305097    INFO  Test worker     d.u.i.k.p.r.p.StatisticsFile Running test arrays 
393        INFO  Timeout watchdog d.u.i.k.p.r.p.ForkedTestFileRunner Timeout watcher launched (2000 secs.) 
414        WARN  main            d.u.i.k.s.ProofSettings   The settings in /home/runner/.key/proof-settings.props are *not* read. 
465        INFO  main            d.u.i.k.p.r.p.TestFile    Now processing file /home/runner/work/key/key/key.core/../key.ui/examples/standard_key/arrays/arrayStoreException/array2DimPrim.key 
647        INFO  main            d.u.i.k.p.i.AbstractProblemLoader Loading environment from /home/runner/work/key/key/key.core/../key.ui/examples/standard_key/arrays/arrayStoreException/array2DimPrim.key 
685        DEBUG main            d.u.i.k.p.i.AbstractProblemLoader Environment load took 2.71ms 
1018       INFO  main            d.u.i.k.p.i.AbstractProblemLoader Creating init config 
2021       DEBUG main            d.u.i.k.j.TypeConverter   No LDT found for Meta 
2022       DEBUG main            d.u.i.k.j.TypeConverter   No LDT found for Meta 
2024       DEBUG main            d.u.i.k.j.TypeConverter   No LDT found for Meta 
2024       DEBUG main            d.u.i.k.j.TypeConverter   No LDT found for Meta 
4036       DEBUG main            d.u.i.k.j.TypeConverter   No LDT found for JavaBigintExpression 
9943       DEBUG main            d.u.i.k.p.i.AbstractProblemLoader Init config took 8.92s 
10019      INFO  main            d.u.i.k.p.i.AbstractProblemLoader Replaying proof array2DimPrim.key 
10065      DEBUG main            d.u.i.k.p.i.IntermediateProofReplayer Proof replay took 33.6ns 
14928      INFO  main            d.u.i.k.p.r.p.TestFile    ... finished proof: closed. 
15219      INFO  main            d.u.i.k.p.i.AbstractProblemLoader Loading environment from /home/runner/work/key/key/key.core/../key.ui/examples/standard_key/arrays/arrayStoreException/array2DimPrim.key.proof 
15231      DEBUG main            d.u.i.k.p.i.AbstractProblemLoader Environment load took 12.06ms 
15236      INFO  main            d.u.i.k.p.i.AbstractProblemLoader Creating init config 
18652      DEBUG main            d.u.i.k.p.i.AbstractProblemLoader Init config took 3.42s 
18691      INFO  main            d.u.i.k.p.i.AbstractProblemLoader Replaying proof array2DimPrim.key.proof 
19171      DEBUG main            d.u.i.k.p.i.IntermediateProofReplayer Proof replay took 457.89ms 
19186      DEBUG main            d.u.i.k.p.r.p.TestFile    ... success: reloaded. 
19189      INFO  main            d.u.i.k.p.r.p.TestFile    Now processing file /home/runner/work/key/key/key.core/../key.ui/examples/standard_key/arrays/arrayStoreException/arrayStoreKnownDynType.key 
19189      INFO  main            d.u.i.k.p.i.AbstractProblemLoader Loading environment from /home/runner/work/key/key/key.core/../key.ui/examples/standard_key/arrays/arrayStoreException/arrayStoreKnownDynType.key 
19189      DEBUG main            d.u.i.k.p.i.AbstractProblemLoader Environment load took 261.1ns 
19191      INFO  main            d.u.i.k.p.i.AbstractProblemLoader Creating init config 
22505      DEBUG main            d.u.i.k.p.i.AbstractProblemLoader Init config took 3.31s 
22537      INFO  main            d.u.i.k.p.i.AbstractProblemLoader Replaying proof arrayStoreKnownDynType.key 
22541      DEBUG main            d.u.i.k.p.i.IntermediateProofReplayer Proof replay took 7.1ns 
22845      INFO  main            d.u.i.k.p.r.p.TestFile    ... finished proof: closed. 
23151      INFO  main            d.u.i.k.p.i.AbstractProblemLoader Loading environment from /home/runner/work/key/key/key.core/../key.ui/examples/standard_key/arrays/arrayStoreException/arrayStoreKnownDynType.key.proof 
23155      DEBUG main            d.u.i.k.p.i.AbstractProblemLoader Environment load took 3.5ms 
23157      INFO  main            d.u.i.k.p.i.AbstractProblemLoader Creating init config 
26175      DEBUG main            d.u.i.k.p.i.AbstractProblemLoader Init config took 3.02s 
26208      INFO  main            d.u.i.k.p.i.AbstractProblemLoader Replaying proof arrayStoreKnownDynType.key.proof 
26264      DEBUG main            d.u.i.k.p.i.IntermediateProofReplayer Proof replay took 49.66ms 
26267      DEBUG main            d.u.i.k.p.r.p.TestFile    ... success: reloaded. 
26270      INFO  main            d.u.i.k.p.r.p.TestFile    Now processing file /home/runner/work/key/key/key.core/../key.ui/examples/standard_key/arrays/arrayStoreException/reverseArray.key 
26271      INFO  main            d.u.i.k.p.i.AbstractProblemLoader Loading environment from /home/runner/work/key/key/key.core/../key.ui/examples/standard_key/arrays/arrayStoreException/reverseArray.key 
26271      DEBUG main            d.u.i.k.p.i.AbstractProblemLoader Environment load took 221.5ns 
26275      INFO  main            d.u.i.k.p.i.AbstractProblemLoader Creating init config 
29470      DEBUG main            d.u.i.k.p.i.AbstractProblemLoader Init config took 3.2s 
29497      INFO  main            d.u.i.k.p.i.AbstractProblemLoader Replaying proof reverseArray.key 
29500      DEBUG main            d.u.i.k.p.i.IntermediateProofReplayer Proof replay took 6.3ns 
30209      INFO  main            d.u.i.k.p.r.p.TestFile    ... finished proof: closed. 
30442      INFO  main            d.u.i.k.p.i.AbstractProblemLoader Loading environment from /home/runner/work/key/key/key.core/../key.ui/examples/standard_key/arrays/arrayStoreException/reverseArray.key.proof 
30444      DEBUG main            d.u.i.k.p.i.AbstractProblemLoader Environment load took 1.32ms 
30446      INFO  main            d.u.i.k.p.i.AbstractProblemLoader Creating init config 
33688      DEBUG main            d.u.i.k.p.i.AbstractProblemLoader Init config took 3.24s 
33715      INFO  main            d.u.i.k.p.i.AbstractProblemLoader Replaying proof reverseArray.key.proof 
33861      DEBUG main            d.u.i.k.p.i.IntermediateProofReplayer Proof replay took 139.56ms 
33863      DEBUG main            d.u.i.k.p.r.p.TestFile    ... success: reloaded. 
33864      INFO  main            d.u.i.k.p.r.p.TestFile    Now processing file /home/runner/work/key/key/key.core/../key.ui/examples/standard_key/arrays/arrayStoreException/throwArrayStoreException.key 
33865      INFO  main            d.u.i.k.p.i.AbstractProblemLoader Loading environment from /home/runner/work/key/key/key.core/../key.ui/examples/standard_key/arrays/arrayStoreException/throwArrayStoreException.key 
33865      DEBUG main            d.u.i.k.p.i.AbstractProblemLoader Environment load took 115ns 
33866      INFO  main            d.u.i.k.p.i.AbstractProblemLoader Creating init config 
36902      DEBUG main            d.u.i.k.p.i.AbstractProblemLoader Init config took 3.04s 
36923      INFO  main            d.u.i.k.p.i.AbstractProblemLoader Replaying proof throwArrayStoreException.key 
36925      DEBUG main            d.u.i.k.p.i.IntermediateProofReplayer Proof replay took 5.7ns 
37431      INFO  main            d.u.i.k.p.r.p.TestFile    ... finished proof: closed. 
37656      INFO  main            d.u.i.k.p.i.AbstractProblemLoader Loading environment from /home/runner/work/key/key/key.core/../key.ui/examples/standard_key/arrays/arrayStoreException/throwArrayStoreException.key.proof 
37656      DEBUG main            d.u.i.k.p.i.AbstractProblemLoader Environment load took 132.7ns 
37659      INFO  main            d.u.i.k.p.i.AbstractProblemLoader Creating init config 
40710      DEBUG main            d.u.i.k.p.i.AbstractProblemLoader Init config took 3.05s 
40737      INFO  main            d.u.i.k.p.i.AbstractProblemLoader Replaying proof throwArrayStoreException.key.proof 
40850      DEBUG main            d.u.i.k.p.i.IntermediateProofReplayer Proof replay took 108.95ms 
40852      DEBUG main            d.u.i.k.p.r.p.TestFile    ... success: reloaded. 
40853      INFO  main            d.u.i.k.p.r.p.TestFile    Now processing file /home/runner/work/key/key/key.core/../key.ui/examples/standard_key/arrays/creation/arrayCreation1.key 
40854      INFO  main            d.u.i.k.p.i.AbstractProblemLoader Loading environment from /home/runner/work/key/key/key.core/../key.ui/examples/standard_key/arrays/creation/arrayCreation1.key 
40854      DEBUG main            d.u.i.k.p.i.AbstractProblemLoader Environment load took 253.6ns 
40856      INFO  main            d.u.i.k.p.i.AbstractProblemLoader Creating init config 
43879      DEBUG main            d.u.i.k.p.i.AbstractProblemLoader Init config took 3.02s 
43923      INFO  main            d.u.i.k.p.i.AbstractProblemLoader Replaying proof arrayCreation1.key 
43925      DEBUG main            d.u.i.k.p.i.IntermediateProofReplayer Proof replay took 7ns 
44130      INFO  main            d.u.i.k.p.r.p.TestFile    ... finished proof: closed. 
44325      INFO  main            d.u.i.k.p.i.AbstractProblemLoader Loading environment from /home/runner/work/key/key/key.core/../key.ui/examples/standard_key/arrays/creation/arrayCreation1.key.proof 
44325      DEBUG main            d.u.i.k.p.i.AbstractProblemLoader Environment load took 142.7ns 
44326      INFO  main            d.u.i.k.p.i.AbstractProblemLoader Creating init config 
47208      DEBUG main            d.u.i.k.p.i.AbstractProblemLoader Init config took 2.88s 
47233      INFO  main            d.u.i.k.p.i.AbstractProblemLoader Replaying proof arrayCreation1.key.proof 
47262      DEBUG main            d.u.i.k.p.i.IntermediateProofReplayer Proof replay took 26.39ms 
47264      DEBUG main            d.u.i.k.p.r.p.TestFile    ... success: reloaded. 
47264      INFO  main            d.u.i.k.p.r.p.TestFile    Now processing file /home/runner/work/key/key/key.core/../key.ui/examples/standard_key/arrays/arrayStoreException/array2Dim.key 
47265      INFO  main            d.u.i.k.p.i.AbstractProblemLoader Loading environment from /home/runner/work/key/key/key.core/../key.ui/examples/standard_key/arrays/arrayStoreException/array2Dim.key 
47265      DEBUG main            d.u.i.k.p.i.AbstractProblemLoader Environment load took 99.5ns 
47266      INFO  main            d.u.i.k.p.i.AbstractProblemLoader Creating init config 
50403      DEBUG main            d.u.i.k.p.i.AbstractProblemLoader Init config took 3.14s 
50440      INFO  main            d.u.i.k.p.i.AbstractProblemLoader Replaying proof array2Dim.key 
50443      DEBUG main            d.u.i.k.p.i.IntermediateProofReplayer Proof replay took 7.3ns 
54532      INFO  main            d.u.i.k.p.r.p.TestFile    ... finished proof: open goal(s) 
54846      INFO  main            d.u.i.k.p.r.p.TestFile    Now processing file /home/runner/work/key/key/key.core/../key.ui/examples/standard_key/arrays/arrayStoreException/array2DimClose.key 
54854      INFO  main            d.u.i.k.p.i.AbstractProblemLoader Loading environment from /home/runner/work/key/key/key.core/../key.ui/examples/standard_key/arrays/arrayStoreException/array2DimClose.key 
54854      DEBUG main            d.u.i.k.p.i.AbstractProblemLoader Environment load took 344.5ns 
54856      INFO  main            d.u.i.k.p.i.AbstractProblemLoader Creating init config 
57660      DEBUG main            d.u.i.k.p.i.AbstractProblemLoader Init config took 2.8s 
57684      INFO  main            d.u.i.k.p.i.AbstractProblemLoader Replaying proof array2DimClose.key 
57686      DEBUG main            d.u.i.k.p.i.IntermediateProofReplayer Proof replay took 15.2ns 
60280      INFO  main            d.u.i.k.p.r.p.TestFile    ... finished proof: open goal(s) 
60663      INFO  main            d.u.i.k.p.r.p.TestFile    Now processing file /home/runner/work/key/key/key.core/../key.ui/examples/standard_key/arrays/arrayStoreException/throwASEForPrim.key 
60663      INFO  main            d.u.i.k.p.i.AbstractProblemLoader Loading environment from /home/runner/work/key/key/key.core/../key.ui/examples/standard_key/arrays/arrayStoreException/throwASEForPrim.key 
60663      DEBUG main            d.u.i.k.p.i.AbstractProblemLoader Environment load took 77.1ns 
60664      INFO  main            d.u.i.k.p.i.AbstractProblemLoader Creating init config 
63379      DEBUG main            d.u.i.k.p.i.AbstractProblemLoader Init config took 2.72s 
63403      INFO  main            d.u.i.k.p.i.AbstractProblemLoader Replaying proof throwASEForPrim.key 
63407      DEBUG main            d.u.i.k.p.i.IntermediateProofReplayer Proof replay took 5.8ns 
68445      INFO  main            d.u.i.k.p.r.p.TestFile    ... finished proof: open goal(s) 
3374089    INFO  Test worker     d.u.i.k.p.r.p.StatisticsFile Returning from test arrays 
3374093    INFO  Test worker     d.u.i.k.p.r.p.StatisticsFile Running test javadl 
447        INFO  Timeout watchdog d.u.i.k.p.r.p.ForkedTestFileRunner Timeout watcher launched (2000 secs.) 
466        WARN  main            d.u.i.k.s.ProofSettings   The settings in /home/runner/.key/proof-settings.props are *not* read. 
518        INFO  main            d.u.i.k.p.r.p.TestFile    Now processing file /home/runner/work/key/key/key.core/../key.ui/examples/standard_key/instanceCreation/instanceCreation1.key 
637        INFO  main            d.u.i.k.p.i.AbstractProblemLoader Loading environment from /home/runner/work/key/key/key.core/../key.ui/examples/standard_key/instanceCreation/instanceCreation1.key 
661        DEBUG main            d.u.i.k.p.i.AbstractProblemLoader Environment load took 2.33ms 
986        INFO  main            d.u.i.k.p.i.AbstractProblemLoader Creating init config 
2247       DEBUG main            d.u.i.k.j.TypeConverter   No LDT found for Meta 
2247       DEBUG main            d.u.i.k.j.TypeConverter   No LDT found for Meta 
2251       DEBUG main            d.u.i.k.j.TypeConverter   No LDT found for Meta 
2251       DEBUG main            d.u.i.k.j.TypeConverter   No LDT found for Meta 
4116       DEBUG main            d.u.i.k.j.TypeConverter   No LDT found for JavaBigintExpression 
10266      DEBUG main            d.u.i.k.p.i.AbstractProblemLoader Init config took 9.28s 
10355      INFO  main            d.u.i.k.p.i.AbstractProblemLoader Replaying proof instanceCreation1.key 
10398      DEBUG main            d.u.i.k.p.i.IntermediateProofReplayer Proof replay took 31.6ns 
11637      INFO  main            d.u.i.k.p.r.p.TestFile    ... finished proof: closed. 
11776      INFO  main            d.u.i.k.p.i.AbstractProblemLoader Loading environment from /home/runner/work/key/key/key.core/../key.ui/examples/standard_key/instanceCreation/instanceCreation1.key.proof 
11781      DEBUG main            d.u.i.k.p.i.AbstractProblemLoader Environment load took 5.26ms 
11785      INFO  main            d.u.i.k.p.i.AbstractProblemLoader Creating init config 
15099      DEBUG main            d.u.i.k.p.i.AbstractProblemLoader Init config took 3.31s 
15135      INFO  main            d.u.i.k.p.i.AbstractProblemLoader Replaying proof instanceCreation1.key.proof 
15272      DEBUG main            d.u.i.k.p.i.IntermediateProofReplayer Proof replay took 123.37ms 
15290      DEBUG main            d.u.i.k.p.r.p.TestFile    ... success: reloaded. 
15292      INFO  main            d.u.i.k.p.r.p.TestFile    Now processing file /home/runner/work/key/key/key.core/../key.ui/examples/standard_key/instanceCreation/instanceCreation2.key 
15295      INFO  main            d.u.i.k.p.i.AbstractProblemLoader Loading environment from /home/runner/work/key/key/key.core/../key.ui/examples/standard_key/instanceCreation/instanceCreation2.key 
15295      DEBUG main            d.u.i.k.p.i.AbstractProblemLoader Environment load took 159.6ns 
15299      INFO  main            d.u.i.k.p.i.AbstractProblemLoader Creating init config 
18334      DEBUG main            d.u.i.k.p.i.AbstractProblemLoader Init config took 3.03s 
18368      INFO  main            d.u.i.k.p.i.AbstractProblemLoader Replaying proof instanceCreation2.key 
18370      DEBUG main            d.u.i.k.p.i.IntermediateProofReplayer Proof replay took 5.6ns 
18979      INFO  main            d.u.i.k.p.r.p.TestFile    ... finished proof: closed. 
19186      INFO  main            d.u.i.k.p.i.AbstractProblemLoader Loading environment from /home/runner/work/key/key/key.core/../key.ui/examples/standard_key/instanceCreation/instanceCreation2.key.proof 
19195      DEBUG main            d.u.i.k.p.i.AbstractProblemLoader Environment load took 8.51ms 
19200      INFO  main            d.u.i.k.p.i.AbstractProblemLoader Creating init config 
22215      DEBUG main            d.u.i.k.p.i.AbstractProblemLoader Init config took 3.02s 
22243      INFO  main            d.u.i.k.p.i.AbstractProblemLoader Replaying proof instanceCreation2.key.proof 
22346      DEBUG main            d.u.i.k.p.i.IntermediateProofReplayer Proof replay took 97.17ms 
22347      DEBUG main            d.u.i.k.p.r.p.TestFile    ... success: reloaded. 
22349      INFO  main            d.u.i.k.p.r.p.TestFile    Now processing file /home/runner/work/key/key/key.core/../key.ui/examples/standard_key/instanceCreation/interfacesAndAbstractClassesHaveNoInstances.key 
22349      INFO  main            d.u.i.k.p.i.AbstractProblemLoader Loading environment from /home/runner/work/key/key/key.core/../key.ui/examples/standard_key/instanceCreation/interfacesAndAbstractClassesHaveNoInstances.key 
22349      DEBUG main            d.u.i.k.p.i.AbstractProblemLoader Environment load took 297.8ns 
22351      INFO  main            d.u.i.k.p.i.AbstractProblemLoader Creating init config 
25247      DEBUG main            d.u.i.k.p.i.AbstractProblemLoader Init config took 2.9s 
25269      INFO  main            d.u.i.k.p.i.AbstractProblemLoader Replaying proof interfacesAndAbstractClassesHaveNoInstances.key 
25270      DEBUG main            d.u.i.k.p.i.IntermediateProofReplayer Proof replay took 5.3ns 
25374      INFO  main            d.u.i.k.p.r.p.TestFile    ... finished proof: closed. 
25537      INFO  main            d.u.i.k.p.i.AbstractProblemLoader Loading environment from /home/runner/work/key/key/key.core/../key.ui/examples/standard_key/instanceCreation/interfacesAndAbstractClassesHaveNoInstances.key.proof 
25537      DEBUG main            d.u.i.k.p.i.AbstractProblemLoader Environment load took 146.3ns 
25538      INFO  main            d.u.i.k.p.i.AbstractProblemLoader Creating init config 
28310      DEBUG main            d.u.i.k.p.i.AbstractProblemLoader Init config took 2.77s 
28332      INFO  main            d.u.i.k.p.i.AbstractProblemLoader Replaying proof interfacesAndAbstractClassesHaveNoInstances.key.proof 
28335      DEBUG main            d.u.i.k.p.i.IntermediateProofReplayer Proof replay took 1.3ms 
28336      DEBUG main            d.u.i.k.p.r.p.TestFile    ... success: reloaded. 
28337      INFO  main            d.u.i.k.p.r.p.TestFile    Now processing file /home/runner/work/key/key/key.core/../key.ui/examples/standard_key/instanceCreation/successiveCreatedObjectsAreDistinct.key 
28337      INFO  main            d.u.i.k.p.i.AbstractProblemLoader Loading environment from /home/runner/work/key/key/key.core/../key.ui/examples/standard_key/instanceCreation/successiveCreatedObjectsAreDistinct.key 
28338      DEBUG main            d.u.i.k.p.i.AbstractProblemLoader Environment load took 85.6ns 
28339      INFO  main            d.u.i.k.p.i.AbstractProblemLoader Creating init config 
31079      DEBUG main            d.u.i.k.p.i.AbstractProblemLoader Init config took 2.74s 
31105      INFO  main            d.u.i.k.p.i.AbstractProblemLoader Replaying proof successiveCreatedObjectsAreDistinct.key 
31107      DEBUG main            d.u.i.k.p.i.IntermediateProofReplayer Proof replay took 6.6ns 
31514      INFO  main            d.u.i.k.p.r.p.TestFile    ... finished proof: closed. 
31704      INFO  main            d.u.i.k.p.i.AbstractProblemLoader Loading environment from /home/runner/work/key/key/key.core/../key.ui/examples/standard_key/instanceCreation/successiveCreatedObjectsAreDistinct.key.proof 
31705      DEBUG main            d.u.i.k.p.i.AbstractProblemLoader Environment load took 622.31ns 
31706      INFO  main            d.u.i.k.p.i.AbstractProblemLoader Creating init config 
34388      DEBUG main            d.u.i.k.p.i.AbstractProblemLoader Init config took 2.68s 
34410      INFO  main            d.u.i.k.p.i.AbstractProblemLoader Replaying proof successiveCreatedObjectsAreDistinct.key.proof 
34499      DEBUG main            d.u.i.k.p.i.IntermediateProofReplayer Proof replay took 85.75ms 
34501      DEBUG main            d.u.i.k.p.r.p.TestFile    ... success: reloaded. 
34502      INFO  main            d.u.i.k.p.r.p.TestFile    Now processing file /home/runner/work/key/key/key.core/../key.ui/examples/standard_key/instanceCreation/testOverloadingConstructors.key 
34503      INFO  main            d.u.i.k.p.i.AbstractProblemLoader Loading environment from /home/runner/work/key/key/key.core/../key.ui/examples/standard_key/instanceCreation/testOverloadingConstructors.key 
34503      DEBUG main            d.u.i.k.p.i.AbstractProblemLoader Environment load took 215.1ns 
34505      INFO  main            d.u.i.k.p.i.AbstractProblemLoader Creating init config 
37255      DEBUG main            d.u.i.k.p.i.AbstractProblemLoader Init config took 2.75s 
37276      INFO  main            d.u.i.k.p.i.AbstractProblemLoader Replaying proof testOverloadingConstructors.key 
37279      DEBUG main            d.u.i.k.p.i.IntermediateProofReplayer Proof replay took 5.6ns 
37586      INFO  main            d.u.i.k.p.r.p.TestFile    ... finished proof: closed. 
37766      INFO  main            d.u.i.k.p.i.AbstractProblemLoader Loading environment from /home/runner/work/key/key/key.core/../key.ui/examples/standard_key/instanceCreation/testOverloadingConstructors.key.proof 
37767      DEBUG main            d.u.i.k.p.i.AbstractProblemLoader Environment load took 601.21ns 
37768      INFO  main            d.u.i.k.p.i.AbstractProblemLoader Creating init config 
40535      DEBUG main            d.u.i.k.p.i.AbstractProblemLoader Init config took 2.77s 
40556      INFO  main            d.u.i.k.p.i.AbstractProblemLoader Replaying proof testOverloadingConstructors.key.proof 
40608      DEBUG main            d.u.i.k.p.i.IntermediateProofReplayer Proof replay took 48.29ms 
40610      DEBUG main            d.u.i.k.p.r.p.TestFile    ... success: reloaded. 
40611      INFO  main            d.u.i.k.p.r.p.TestFile    Now processing file /home/runner/work/key/key/key.core/../key.ui/examples/standard_key/java_dl/SimpleAttributes.key 
40611      INFO  main            d.u.i.k.p.i.AbstractProblemLoader Loading environment from /home/runner/work/key/key/key.core/../key.ui/examples/standard_key/java_dl/SimpleAttributes.key 
40612      DEBUG main            d.u.i.k.p.i.AbstractProblemLoader Environment load took 215.6ns 
40613      INFO  main            d.u.i.k.p.i.AbstractProblemLoader Creating init config 
43581      DEBUG main            d.u.i.k.p.i.AbstractProblemLoader Init config took 2.97s 
43626      INFO  main            d.u.i.k.p.i.AbstractProblemLoader Replaying proof SimpleAttributes.key 
43628      DEBUG main            d.u.i.k.p.i.IntermediateProofReplayer Proof replay took 6.7ns 
43834      INFO  main            d.u.i.k.p.r.p.TestFile    ... finished proof: closed. 
44021      INFO  main            d.u.i.k.p.i.AbstractProblemLoader Loading environment from /home/runner/work/key/key/key.core/../key.ui/examples/standard_key/java_dl/SimpleAttributes.key.proof 
44021      DEBUG main            d.u.i.k.p.i.AbstractProblemLoader Environment load took 116.8ns 
44022      INFO  main            d.u.i.k.p.i.AbstractProblemLoader Creating init config 
46945      DEBUG main            d.u.i.k.p.i.AbstractProblemLoader Init config took 2.92s 
46970      INFO  main            d.u.i.k.p.i.AbstractProblemLoader Replaying proof SimpleAttributes.key.proof 
47002      DEBUG main            d.u.i.k.p.i.IntermediateProofReplayer Proof replay took 28.31ms 
47003      DEBUG main            d.u.i.k.p.r.p.TestFile    ... success: reloaded. 
47004      INFO  main            d.u.i.k.p.r.p.TestFile    Now processing file /home/runner/work/key/key/key.core/../key.ui/examples/standard_key/java_dl/arrayMax.key 
47005      INFO  main            d.u.i.k.p.i.AbstractProblemLoader Loading environment from /home/runner/work/key/key/key.core/../key.ui/examples/standard_key/java_dl/arrayMax.key 
47005      DEBUG main            d.u.i.k.p.i.AbstractProblemLoader Environment load took 223.3ns 
47017      INFO  main            d.u.i.k.p.i.AbstractProblemLoader Creating init config 
50089      DEBUG main            d.u.i.k.p.i.AbstractProblemLoader Init config took 3.07s 
50112      INFO  main            d.u.i.k.p.i.AbstractProblemLoader Replaying proof arrayMax.key 
50115      DEBUG main            d.u.i.k.p.i.IntermediateProofReplayer Proof replay took 23.8ns 
51747      INFO  main            d.u.i.k.p.r.p.TestFile    ... finished proof: closed. 
52045      INFO  main            d.u.i.k.p.i.AbstractProblemLoader Loading environment from /home/runner/work/key/key/key.core/../key.ui/examples/standard_key/java_dl/arrayMax.key.proof 
52045      DEBUG main            d.u.i.k.p.i.AbstractProblemLoader Environment load took 158.5ns 
52047      INFO  main            d.u.i.k.p.i.AbstractProblemLoader Creating init config 
54895      DEBUG main            d.u.i.k.p.i.AbstractProblemLoader Init config took 2.85s 
54918      INFO  main            d.u.i.k.p.i.AbstractProblemLoader Replaying proof arrayMax.key.proof 
55197      DEBUG main            d.u.i.k.p.i.IntermediateProofReplayer Proof replay took 270.95ms 
55200      DEBUG main            d.u.i.k.p.r.p.TestFile    ... success: reloaded. 
55202      INFO  main            d.u.i.k.p.r.p.TestFile    Now processing file /home/runner/work/key/key/key.core/../key.ui/examples/standard_key/java_dl/arrayUpdateSimp.key 
55202      INFO  main            d.u.i.k.p.i.AbstractProblemLoader Loading environment from /home/runner/work/key/key/key.core/../key.ui/examples/standard_key/java_dl/arrayUpdateSimp.key 
55202      DEBUG main            d.u.i.k.p.i.AbstractProblemLoader Environment load took 234ns 
55206      INFO  main            d.u.i.k.p.i.AbstractProblemLoader Creating init config 
55237      WARN  main            d.u.i.k.j.r.KeYCrossReferenceNameInfo Datatype java.lang.System declared twice: Once in FILE:/home/runner/work/key/key/key.core/../key.ui/examples/standard_key/java_dl/./classpath/System.java and once in URL:file:/home/runner/work/key/key/key.core/build/resources/main/de/uka/ilkd/key/java/JavaRedux/java/lang/System.java, Keeping one from URL:file:/home/runner/work/key/key/key.core/build/resources/main/de/uka/ilkd/key/java/JavaRedux/java/lang/System.java 
55237      WARN  main            d.u.i.k.j.r.KeYCrossReferenceNameInfo Datatype java.io.PrintStream declared twice: Once in FILE:/home/runner/work/key/key/key.core/../key.ui/examples/standard_key/java_dl/./classpath/PrintStream.java and once in URL:file:/home/runner/work/key/key/key.core/build/resources/main/de/uka/ilkd/key/java/JavaRedux/java/io/PrintStream.java, Keeping one from URL:file:/home/runner/work/key/key/key.core/build/resources/main/de/uka/ilkd/key/java/JavaRedux/java/io/PrintStream.java 
55237      WARN  main            d.u.i.k.j.r.KeYCrossReferenceNameInfo Datatype java.io.InputStream declared twice: Once in FILE:/home/runner/work/key/key/key.core/../key.ui/examples/standard_key/java_dl/./classpath/InputStream.java and once in URL:file:/home/runner/work/key/key/key.core/build/resources/main/de/uka/ilkd/key/java/JavaRedux/java/io/InputStream.java, Keeping one from URL:file:/home/runner/work/key/key/key.core/build/resources/main/de/uka/ilkd/key/java/JavaRedux/java/io/InputStream.java 
55243      DEBUG main            d.u.i.k.j.r.ClassFileDeclarationBuilder Parsing: package java.io; public class Closeable { } 
55244      DEBUG main            r.s.KeYCrossReferenceSourceInfo Dynamically created class: java.io.Closeable 
57980      DEBUG main            d.u.i.k.p.i.AbstractProblemLoader Init config took 2.77s 
58003      INFO  main            d.u.i.k.p.i.AbstractProblemLoader Replaying proof arrayUpdateSimp.key 
58006      DEBUG main            d.u.i.k.p.i.IntermediateProofReplayer Proof replay took 7.5ns 
58110      INFO  main            d.u.i.k.p.r.p.TestFile    ... finished proof: closed. 
58338      INFO  main            d.u.i.k.p.i.AbstractProblemLoader Loading environment from /home/runner/work/key/key/key.core/../key.ui/examples/standard_key/java_dl/arrayUpdateSimp.key.proof 
58338      DEBUG main            d.u.i.k.p.i.AbstractProblemLoader Environment load took 121.6ns 
58350      INFO  main            d.u.i.k.p.i.AbstractProblemLoader Creating init config 
58405      WARN  main            d.u.i.k.j.r.KeYCrossReferenceNameInfo Datatype java.lang.System declared twice: Once in FILE:/home/runner/work/key/key/key.core/../key.ui/examples/standard_key/java_dl/classpath/System.java and once in URL:file:/home/runner/work/key/key/key.core/build/resources/main/de/uka/ilkd/key/java/JavaRedux/java/lang/System.java, Keeping one from URL:file:/home/runner/work/key/key/key.core/build/resources/main/de/uka/ilkd/key/java/JavaRedux/java/lang/System.java 
58406      WARN  main            d.u.i.k.j.r.KeYCrossReferenceNameInfo Datatype java.io.PrintStream declared twice: Once in FILE:/home/runner/work/key/key/key.core/../key.ui/examples/standard_key/java_dl/classpath/PrintStream.java and once in URL:file:/home/runner/work/key/key/key.core/build/resources/main/de/uka/ilkd/key/java/JavaRedux/java/io/PrintStream.java, Keeping one from URL:file:/home/runner/work/key/key/key.core/build/resources/main/de/uka/ilkd/key/java/JavaRedux/java/io/PrintStream.java 
58406      WARN  main            d.u.i.k.j.r.KeYCrossReferenceNameInfo Datatype java.io.InputStream declared twice: Once in FILE:/home/runner/work/key/key/key.core/../key.ui/examples/standard_key/java_dl/classpath/InputStream.java and once in URL:file:/home/runner/work/key/key/key.core/build/resources/main/de/uka/ilkd/key/java/JavaRedux/java/io/InputStream.java, Keeping one from URL:file:/home/runner/work/key/key/key.core/build/resources/main/de/uka/ilkd/key/java/JavaRedux/java/io/InputStream.java 
58410      DEBUG main            d.u.i.k.j.r.ClassFileDeclarationBuilder Parsing: package java.io; public class Closeable { } 
58410      DEBUG main            r.s.KeYCrossReferenceSourceInfo Dynamically created class: java.io.Closeable 
61041      DEBUG main            d.u.i.k.p.i.AbstractProblemLoader Init config took 2.69s 
61065      INFO  main            d.u.i.k.p.i.AbstractProblemLoader Replaying proof arrayUpdateSimp.key.proof 
61068      DEBUG main            d.u.i.k.p.i.IntermediateProofReplayer Proof replay took 836.3ns 
61070      DEBUG main            d.u.i.k.p.r.p.TestFile    ... success: reloaded. 
61071      INFO  main            d.u.i.k.p.r.p.TestFile    Now processing file /home/runner/work/key/key/key.core/../key.ui/examples/standard_key/java_dl/attributes.key 
61072      INFO  main            d.u.i.k.p.i.AbstractProblemLoader Loading environment from /home/runner/work/key/key/key.core/../key.ui/examples/standard_key/java_dl/attributes.key 
61072      DEBUG main            d.u.i.k.p.i.AbstractProblemLoader Environment load took 252ns 
61073      INFO  main            d.u.i.k.p.i.AbstractProblemLoader Creating init config 
63805      DEBUG main            d.u.i.k.p.i.AbstractProblemLoader Init config took 2.73s 
63822      INFO  main            d.u.i.k.p.i.AbstractProblemLoader Replaying proof attributes.key 
63823      DEBUG main            d.u.i.k.p.i.IntermediateProofReplayer Proof replay took 6.1ns 
64029      INFO  main            d.u.i.k.p.r.p.TestFile    ... finished proof: closed. 
64300      INFO  main            d.u.i.k.p.i.AbstractProblemLoader Loading environment from /home/runner/work/key/key/key.core/../key.ui/examples/standard_key/java_dl/attributes.key.proof 
64301      DEBUG main            d.u.i.k.p.i.AbstractProblemLoader Environment load took 115.9ns 
64304      INFO  main            d.u.i.k.p.i.AbstractProblemLoader Creating init config 
66847      DEBUG main            d.u.i.k.p.i.AbstractProblemLoader Init config took 2.54s 
66862      INFO  main            d.u.i.k.p.i.AbstractProblemLoader Replaying proof attributes.key.proof 
66910      DEBUG main            d.u.i.k.p.i.IntermediateProofReplayer Proof replay took 44.12ms 
66911      DEBUG main            d.u.i.k.p.r.p.TestFile    ... success: reloaded. 
66913      INFO  main            d.u.i.k.p.r.p.TestFile    Now processing file /home/runner/work/key/key/key.core/../key.ui/examples/standard_key/java_dl/break.key 
66913      INFO  main            d.u.i.k.p.i.AbstractProblemLoader Loading environment from /home/runner/work/key/key/key.core/../key.ui/examples/standard_key/java_dl/break.key 
66914      DEBUG main            d.u.i.k.p.i.AbstractProblemLoader Environment load took 94ns 
66915      INFO  main            d.u.i.k.p.i.AbstractProblemLoader Creating init config 
67006      WARN  main            d.u.i.k.j.r.KeYCrossReferenceNameInfo Datatype java.lang.System declared twice: Once in FILE:/home/runner/work/key/key/key.core/../key.ui/examples/standard_key/java_dl/classpath/System.java and once in URL:file:/home/runner/work/key/key/key.core/build/resources/main/de/uka/ilkd/key/java/JavaRedux/java/lang/System.java, Keeping one from URL:file:/home/runner/work/key/key/key.core/build/resources/main/de/uka/ilkd/key/java/JavaRedux/java/lang/System.java 
67006      WARN  main            d.u.i.k.j.r.KeYCrossReferenceNameInfo Datatype java.io.PrintStream declared twice: Once in FILE:/home/runner/work/key/key/key.core/../key.ui/examples/standard_key/java_dl/classpath/PrintStream.java and once in URL:file:/home/runner/work/key/key/key.core/build/resources/main/de/uka/ilkd/key/java/JavaRedux/java/io/PrintStream.java, Keeping one from URL:file:/home/runner/work/key/key/key.core/build/resources/main/de/uka/ilkd/key/java/JavaRedux/java/io/PrintStream.java 
67006      WARN  main            d.u.i.k.j.r.KeYCrossReferenceNameInfo Datatype java.io.InputStream declared twice: Once in FILE:/home/runner/work/key/key/key.core/../key.ui/examples/standard_key/java_dl/classpath/InputStream.java and once in URL:file:/home/runner/work/key/key/key.core/build/resources/main/de/uka/ilkd/key/java/JavaRedux/java/io/InputStream.java, Keeping one from URL:file:/home/runner/work/key/key/key.core/build/resources/main/de/uka/ilkd/key/java/JavaRedux/java/io/InputStream.java 
67010      DEBUG main            d.u.i.k.j.r.ClassFileDeclarationBuilder Parsing: package java.io; public class Closeable { } 
67015      DEBUG main            r.s.KeYCrossReferenceSourceInfo Dynamically created class: java.io.Closeable 
69765      DEBUG main            d.u.i.k.p.i.AbstractProblemLoader Init config took 2.85s 
69782      INFO  main            d.u.i.k.p.i.AbstractProblemLoader Replaying proof break.key 
69784      DEBUG main            d.u.i.k.p.i.IntermediateProofReplayer Proof replay took 6.5ns 
69887      INFO  main            d.u.i.k.p.r.p.TestFile    ... finished proof: closed. 
70144      INFO  main            d.u.i.k.p.i.AbstractProblemLoader Loading environment from /home/runner/work/key/key/key.core/../key.ui/examples/standard_key/java_dl/break.key.proof 
70144      DEBUG main            d.u.i.k.p.i.AbstractProblemLoader Environment load took 945.4ns 
70145      INFO  main            d.u.i.k.p.i.AbstractProblemLoader Creating init config 
70176      WARN  main            d.u.i.k.j.r.KeYCrossReferenceNameInfo Datatype java.lang.System declared twice: Once in FILE:/home/runner/work/key/key/key.core/../key.ui/examples/standard_key/java_dl/classpath/System.java and once in URL:file:/home/runner/work/key/key/key.core/build/resources/main/de/uka/ilkd/key/java/JavaRedux/java/lang/System.java, Keeping one from URL:file:/home/runner/work/key/key/key.core/build/resources/main/de/uka/ilkd/key/java/JavaRedux/java/lang/System.java 
70177      WARN  main            d.u.i.k.j.r.KeYCrossReferenceNameInfo Datatype java.io.PrintStream declared twice: Once in FILE:/home/runner/work/key/key/key.core/../key.ui/examples/standard_key/java_dl/classpath/PrintStream.java and once in URL:file:/home/runner/work/key/key/key.core/build/resources/main/de/uka/ilkd/key/java/JavaRedux/java/io/PrintStream.java, Keeping one from URL:file:/home/runner/work/key/key/key.core/build/resources/main/de/uka/ilkd/key/java/JavaRedux/java/io/PrintStream.java 
70177      WARN  main            d.u.i.k.j.r.KeYCrossReferenceNameInfo Datatype java.io.InputStream declared twice: Once in FILE:/home/runner/work/key/key/key.core/../key.ui/examples/standard_key/java_dl/classpath/InputStream.java and once in URL:file:/home/runner/work/key/key/key.core/build/resources/main/de/uka/ilkd/key/java/JavaRedux/java/io/InputStream.java, Keeping one from URL:file:/home/runner/work/key/key/key.core/build/resources/main/de/uka/ilkd/key/java/JavaRedux/java/io/InputStream.java 
70181      DEBUG main            d.u.i.k.j.r.ClassFileDeclarationBuilder Parsing: package java.io; public class Closeable { } 
70181      DEBUG main            r.s.KeYCrossReferenceSourceInfo Dynamically created class: java.io.Closeable 
72889      DEBUG main            d.u.i.k.p.i.AbstractProblemLoader Init config took 2.74s 
72909      INFO  main            d.u.i.k.p.i.AbstractProblemLoader Replaying proof break.key.proof 
72929      DEBUG main            d.u.i.k.p.i.IntermediateProofReplayer Proof replay took 16.42ms 
72931      DEBUG main            d.u.i.k.p.r.p.TestFile    ... success: reloaded. 
72933      INFO  main            d.u.i.k.p.r.p.TestFile    Now processing file /home/runner/work/key/key/key.core/../key.ui/examples/standard_key/java_dl/char.key 
72934      INFO  main            d.u.i.k.p.i.AbstractProblemLoader Loading environment from /home/runner/work/key/key/key.core/../key.ui/examples/standard_key/java_dl/char.key 
72935      DEBUG main            d.u.i.k.p.i.AbstractProblemLoader Environment load took 231.5ns 
72936      INFO  main            d.u.i.k.p.i.AbstractProblemLoader Creating init config 
75704      DEBUG main            d.u.i.k.p.i.AbstractProblemLoader Init config took 2.77s 
75720      INFO  main            d.u.i.k.p.i.AbstractProblemLoader Replaying proof char.key 
75722      DEBUG main            d.u.i.k.p.i.IntermediateProofReplayer Proof replay took 5.8ns 
75830      INFO  main            d.u.i.k.p.r.p.TestFile    ... finished proof: closed. 
76093      INFO  main            d.u.i.k.p.i.AbstractProblemLoader Loading environment from /home/runner/work/key/key/key.core/../key.ui/examples/standard_key/java_dl/char.key.proof 
76093      DEBUG main            d.u.i.k.p.i.AbstractProblemLoader Environment load took 126.1ns 
76095      INFO  main            d.u.i.k.p.i.AbstractProblemLoader Creating init config 
78801      DEBUG main            d.u.i.k.p.i.AbstractProblemLoader Init config took 2.71s 
78818      INFO  main            d.u.i.k.p.i.AbstractProblemLoader Replaying proof char.key.proof 
78831      DEBUG main            d.u.i.k.p.i.IntermediateProofReplayer Proof replay took 9.63ms 
78831      DEBUG main            d.u.i.k.p.r.p.TestFile    ... success: reloaded. 
78832      INFO  main            d.u.i.k.p.r.p.TestFile    Now processing file /home/runner/work/key/key/key.core/../key.ui/examples/standard_key/java_dl/compileTimeConstants.key 
78833      INFO  main            d.u.i.k.p.i.AbstractProblemLoader Loading environment from /home/runner/work/key/key/key.core/../key.ui/examples/standard_key/java_dl/compileTimeConstants.key 
78833      DEBUG main            d.u.i.k.p.i.AbstractProblemLoader Environment load took 196.4ns 
78835      INFO  main            d.u.i.k.p.i.AbstractProblemLoader Creating init config 
81655      DEBUG main            d.u.i.k.p.i.AbstractProblemLoader Init config took 2.82s 
81672      INFO  main            d.u.i.k.p.i.AbstractProblemLoader Replaying proof compileTimeConstants.key 
81674      DEBUG main            d.u.i.k.p.i.IntermediateProofReplayer Proof replay took 7.2ns 
81777      INFO  main            d.u.i.k.p.r.p.TestFile    ... finished proof: closed. 
82037      INFO  main            d.u.i.k.p.i.AbstractProblemLoader Loading environment from /home/runner/work/key/key/key.core/../key.ui/examples/standard_key/java_dl/compileTimeConstants.key.proof 
82037      DEBUG main            d.u.i.k.p.i.AbstractProblemLoader Environment load took 114.7ns 
82038      INFO  main            d.u.i.k.p.i.AbstractProblemLoader Creating init config 
84916      DEBUG main            d.u.i.k.p.i.AbstractProblemLoader Init config took 2.88s 
84935      INFO  main            d.u.i.k.p.i.AbstractProblemLoader Replaying proof compileTimeConstants.key.proof 
84958      DEBUG main            d.u.i.k.p.i.IntermediateProofReplayer Proof replay took 18.39ms 
84960      DEBUG main            d.u.i.k.p.r.p.TestFile    ... success: reloaded. 
84960      INFO  main            d.u.i.k.p.r.p.TestFile    Now processing file /home/runner/work/key/key/key.core/../key.ui/examples/standard_key/java_dl/constructorException/test.key 
84961      INFO  main            d.u.i.k.p.i.AbstractProblemLoader Loading environment from /home/runner/work/key/key/key.core/../key.ui/examples/standard_key/java_dl/constructorException/test.key 
84961      DEBUG main            d.u.i.k.p.i.AbstractProblemLoader Environment load took 200.8ns 
84962      INFO  main            d.u.i.k.p.i.AbstractProblemLoader Creating init config 
87931      DEBUG main            d.u.i.k.p.i.AbstractProblemLoader Init config took 2.97s 
88005      INFO  main            d.u.i.k.p.i.AbstractProblemLoader Replaying proof Test[Test::Test(int)].JML operation contract.0 
88006      DEBUG main            d.u.i.k.p.i.IntermediateProofReplayer Proof replay took 6.4ns 
88309      INFO  main            d.u.i.k.p.r.p.TestFile    ... finished proof: closed. 
88600      INFO  main            d.u.i.k.p.i.AbstractProblemLoader Loading environment from /home/runner/work/key/key/key.core/../key.ui/examples/standard_key/java_dl/constructorException/test.key.proof 
88600      DEBUG main            d.u.i.k.p.i.AbstractProblemLoader Environment load took 117.1ns 
88601      INFO  main            d.u.i.k.p.i.AbstractProblemLoader Creating init config 
91322      DEBUG main            d.u.i.k.p.i.AbstractProblemLoader Init config took 2.72s 
91369      INFO  main            d.u.i.k.p.i.AbstractProblemLoader Replaying proof Test[Test::Test(int)].JML operation contract.0 
91430      DEBUG main            d.u.i.k.p.i.IntermediateProofReplayer Proof replay took 58.47ms 
91432      DEBUG main            d.u.i.k.p.r.p.TestFile    ... success: reloaded. 
91433      INFO  main            d.u.i.k.p.r.p.TestFile    Now processing file /home/runner/work/key/key/key.core/../key.ui/examples/standard_key/java_dl/constructorException/regressionTestBug1333.key 
91433      INFO  main            d.u.i.k.p.i.AbstractProblemLoader Loading environment from /home/runner/work/key/key/key.core/../key.ui/examples/standard_key/java_dl/constructorException/regressionTestBug1333.key 
91433      DEBUG main            d.u.i.k.p.i.AbstractProblemLoader Environment load took 210.7ns 
91434      INFO  main            d.u.i.k.p.i.AbstractProblemLoader Creating init config 
94468      DEBUG main            d.u.i.k.p.i.AbstractProblemLoader Init config took 3.03s 
94519      INFO  main            d.u.i.k.p.i.AbstractProblemLoader Replaying proof False[False::False()].JML normal_behavior operation contract.0 
94522      DEBUG main            d.u.i.k.p.i.IntermediateProofReplayer Proof replay took 7ns 
94626      INFO  main            d.u.i.k.p.r.p.TestFile    ... finished proof: open goal(s) 
94921      INFO  main            d.u.i.k.p.r.p.TestFile    Now processing file /home/runner/work/key/key/key.core/../key.ui/examples/standard_key/java_dl/continue1.key 
94922      INFO  main            d.u.i.k.p.i.AbstractProblemLoader Loading environment from /home/runner/work/key/key/key.core/../key.ui/examples/standard_key/java_dl/continue1.key 
94922      DEBUG main            d.u.i.k.p.i.AbstractProblemLoader Environment load took 269.3ns 
94923      INFO  main            d.u.i.k.p.i.AbstractProblemLoader Creating init config 
94952      WARN  main            d.u.i.k.j.r.KeYCrossReferenceNameInfo Datatype java.lang.System declared twice: Once in FILE:/home/runner/work/key/key/key.core/../key.ui/examples/standard_key/java_dl/classpath/System.java and once in URL:file:/home/runner/work/key/key/key.core/build/resources/main/de/uka/ilkd/key/java/JavaRedux/java/lang/System.java, Keeping one from URL:file:/home/runner/work/key/key/key.core/build/resources/main/de/uka/ilkd/key/java/JavaRedux/java/lang/System.java 
94953      WARN  main            d.u.i.k.j.r.KeYCrossReferenceNameInfo Datatype java.io.PrintStream declared twice: Once in FILE:/home/runner/work/key/key/key.core/../key.ui/examples/standard_key/java_dl/classpath/PrintStream.java and once in URL:file:/home/runner/work/key/key/key.core/build/resources/main/de/uka/ilkd/key/java/JavaRedux/java/io/PrintStream.java, Keeping one from URL:file:/home/runner/work/key/key/key.core/build/resources/main/de/uka/ilkd/key/java/JavaRedux/java/io/PrintStream.java 
94953      WARN  main            d.u.i.k.j.r.KeYCrossReferenceNameInfo Datatype java.io.InputStream declared twice: Once in FILE:/home/runner/work/key/key/key.core/../key.ui/examples/standard_key/java_dl/classpath/InputStream.java and once in URL:file:/home/runner/work/key/key/key.core/build/resources/main/de/uka/ilkd/key/java/JavaRedux/java/io/InputStream.java, Keeping one from URL:file:/home/runner/work/key/key/key.core/build/resources/main/de/uka/ilkd/key/java/JavaRedux/java/io/InputStream.java 
94956      DEBUG main            d.u.i.k.j.r.ClassFileDeclarationBuilder Parsing: package java.io; public class Closeable { } 
94956      DEBUG main            r.s.KeYCrossReferenceSourceInfo Dynamically created class: java.io.Closeable 
97653      DEBUG main            d.u.i.k.p.i.AbstractProblemLoader Init config took 2.73s 
97668      INFO  main            d.u.i.k.p.i.AbstractProblemLoader Replaying proof continue1.key 
97670      DEBUG main            d.u.i.k.p.i.IntermediateProofReplayer Proof replay took 6.4ns 
97773      INFO  main            d.u.i.k.p.r.p.TestFile    ... finished proof: closed. 
98022      INFO  main            d.u.i.k.p.i.AbstractProblemLoader Loading environment from /home/runner/work/key/key/key.core/../key.ui/examples/standard_key/java_dl/continue1.key.proof 
98022      DEBUG main            d.u.i.k.p.i.AbstractProblemLoader Environment load took 158.2ns 
98023      INFO  main            d.u.i.k.p.i.AbstractProblemLoader Creating init config 
98050      WARN  main            d.u.i.k.j.r.KeYCrossReferenceNameInfo Datatype java.lang.System declared twice: Once in FILE:/home/runner/work/key/key/key.core/../key.ui/examples/standard_key/java_dl/classpath/System.java and once in URL:file:/home/runner/work/key/key/key.core/build/resources/main/de/uka/ilkd/key/java/JavaRedux/java/lang/System.java, Keeping one from URL:file:/home/runner/work/key/key/key.core/build/resources/main/de/uka/ilkd/key/java/JavaRedux/java/lang/System.java 
98051      WARN  main            d.u.i.k.j.r.KeYCrossReferenceNameInfo Datatype java.io.PrintStream declared twice: Once in FILE:/home/runner/work/key/key/key.core/../key.ui/examples/standard_key/java_dl/classpath/PrintStream.java and once in URL:file:/home/runner/work/key/key/key.core/build/resources/main/de/uka/ilkd/key/java/JavaRedux/java/io/PrintStream.java, Keeping one from URL:file:/home/runner/work/key/key/key.core/build/resources/main/de/uka/ilkd/key/java/JavaRedux/java/io/PrintStream.java 
98051      WARN  main            d.u.i.k.j.r.KeYCrossReferenceNameInfo Datatype java.io.InputStream declared twice: Once in FILE:/home/runner/work/key/key/key.core/../key.ui/examples/standard_key/java_dl/classpath/InputStream.java and once in URL:file:/home/runner/work/key/key/key.core/build/resources/main/de/uka/ilkd/key/java/JavaRedux/java/io/InputStream.java, Keeping one from URL:file:/home/runner/work/key/key/key.core/build/resources/main/de/uka/ilkd/key/java/JavaRedux/java/io/InputStream.java 
98054      DEBUG main            d.u.i.k.j.r.ClassFileDeclarationBuilder Parsing: package java.io; public class Closeable { } 
98054      DEBUG main            r.s.KeYCrossReferenceSourceInfo Dynamically created class: java.io.Closeable 
100788     DEBUG main            d.u.i.k.p.i.AbstractProblemLoader Init config took 2.76s 
100804     INFO  main            d.u.i.k.p.i.AbstractProblemLoader Replaying proof continue1.key.proof 
100828     DEBUG main            d.u.i.k.p.i.IntermediateProofReplayer Proof replay took 21.95ms 
100830     DEBUG main            d.u.i.k.p.r.p.TestFile    ... success: reloaded. 
100831     INFO  main            d.u.i.k.p.r.p.TestFile    Now processing file /home/runner/work/key/key/key.core/../key.ui/examples/standard_key/java_dl/continue2.key 
100833     INFO  main            d.u.i.k.p.i.AbstractProblemLoader Loading environment from /home/runner/work/key/key/key.core/../key.ui/examples/standard_key/java_dl/continue2.key 
100834     DEBUG main            d.u.i.k.p.i.AbstractProblemLoader Environment load took 252.2ns 
100835     INFO  main            d.u.i.k.p.i.AbstractProblemLoader Creating init config 
100865     WARN  main            d.u.i.k.j.r.KeYCrossReferenceNameInfo Datatype java.lang.System declared twice: Once in FILE:/home/runner/work/key/key/key.core/../key.ui/examples/standard_key/java_dl/classpath/System.java and once in URL:file:/home/runner/work/key/key/key.core/build/resources/main/de/uka/ilkd/key/java/JavaRedux/java/lang/System.java, Keeping one from URL:file:/home/runner/work/key/key/key.core/build/resources/main/de/uka/ilkd/key/java/JavaRedux/java/lang/System.java 
100865     WARN  main            d.u.i.k.j.r.KeYCrossReferenceNameInfo Datatype java.io.PrintStream declared twice: Once in FILE:/home/runner/work/key/key/key.core/../key.ui/examples/standard_key/java_dl/classpath/PrintStream.java and once in URL:file:/home/runner/work/key/key/key.core/build/resources/main/de/uka/ilkd/key/java/JavaRedux/java/io/PrintStream.java, Keeping one from URL:file:/home/runner/work/key/key/key.core/build/resources/main/de/uka/ilkd/key/java/JavaRedux/java/io/PrintStream.java 
100867     WARN  main            d.u.i.k.j.r.KeYCrossReferenceNameInfo Datatype java.io.InputStream declared twice: Once in FILE:/home/runner/work/key/key/key.core/../key.ui/examples/standard_key/java_dl/classpath/InputStream.java and once in URL:file:/home/runner/work/key/key/key.core/build/resources/main/de/uka/ilkd/key/java/JavaRedux/java/io/InputStream.java, Keeping one from URL:file:/home/runner/work/key/key/key.core/build/resources/main/de/uka/ilkd/key/java/JavaRedux/java/io/InputStream.java 
100871     DEBUG main            d.u.i.k.j.r.ClassFileDeclarationBuilder Parsing: package java.io; public class Closeable { } 
100871     DEBUG main            r.s.KeYCrossReferenceSourceInfo Dynamically created class: java.io.Closeable 
103832     DEBUG main            d.u.i.k.p.i.AbstractProblemLoader Init config took 3s 
103850     INFO  main            d.u.i.k.p.i.AbstractProblemLoader Replaying proof continue2.key 
103852     DEBUG main            d.u.i.k.p.i.IntermediateProofReplayer Proof replay took 6.3ns 
104155     INFO  main            d.u.i.k.p.r.p.TestFile    ... finished proof: closed. 
104458     INFO  main            d.u.i.k.p.i.AbstractProblemLoader Loading environment from /home/runner/work/key/key/key.core/../key.ui/examples/standard_key/java_dl/continue2.key.proof 
104458     DEBUG main            d.u.i.k.p.i.AbstractProblemLoader Environment load took 157.5ns 
104459     INFO  main            d.u.i.k.p.i.AbstractProblemLoader Creating init config 
104494     WARN  main            d.u.i.k.j.r.KeYCrossReferenceNameInfo Datatype java.lang.System declared twice: Once in FILE:/home/runner/work/key/key/key.core/../key.ui/examples/standard_key/java_dl/classpath/System.java and once in URL:file:/home/runner/work/key/key/key.core/build/resources/main/de/uka/ilkd/key/java/JavaRedux/java/lang/System.java, Keeping one from URL:file:/home/runner/work/key/key/key.core/build/resources/main/de/uka/ilkd/key/java/JavaRedux/java/lang/System.java 
104507     WARN  main            d.u.i.k.j.r.KeYCrossReferenceNameInfo Datatype java.io.PrintStream declared twice: Once in FILE:/home/runner/work/key/key/key.core/../key.ui/examples/standard_key/java_dl/classpath/PrintStream.java and once in URL:file:/home/runner/work/key/key/key.core/build/resources/main/de/uka/ilkd/key/java/JavaRedux/java/io/PrintStream.java, Keeping one from URL:file:/home/runner/work/key/key/key.core/build/resources/main/de/uka/ilkd/key/java/JavaRedux/java/io/PrintStream.java 
104508     WARN  main            d.u.i.k.j.r.KeYCrossReferenceNameInfo Datatype java.io.InputStream declared twice: Once in FILE:/home/runner/work/key/key/key.core/../key.ui/examples/standard_key/java_dl/classpath/InputStream.java and once in URL:file:/home/runner/work/key/key/key.core/build/resources/main/de/uka/ilkd/key/java/JavaRedux/java/io/InputStream.java, Keeping one from URL:file:/home/runner/work/key/key/key.core/build/resources/main/de/uka/ilkd/key/java/JavaRedux/java/io/InputStream.java 
104511     DEBUG main            d.u.i.k.j.r.ClassFileDeclarationBuilder Parsing: package java.io; public class Closeable { } 
104511     DEBUG main            r.s.KeYCrossReferenceSourceInfo Dynamically created class: java.io.Closeable 
107255     DEBUG main            d.u.i.k.p.i.AbstractProblemLoader Init config took 2.8s 
107281     INFO  main            d.u.i.k.p.i.AbstractProblemLoader Replaying proof continue2.key.proof 
107370     DEBUG main            d.u.i.k.p.i.IntermediateProofReplayer Proof replay took 85.06ms 
107371     DEBUG main            d.u.i.k.p.r.p.TestFile    ... success: reloaded. 
107372     INFO  main            d.u.i.k.p.r.p.TestFile    Now processing file /home/runner/work/key/key/key.core/../key.ui/examples/standard_key/java_dl/complexAssignment.key 
107373     INFO  main            d.u.i.k.p.i.AbstractProblemLoader Loading environment from /home/runner/work/key/key/key.core/../key.ui/examples/standard_key/java_dl/complexAssignment.key 
107373     DEBUG main            d.u.i.k.p.i.AbstractProblemLoader Environment load took 222.8ns 
107374     INFO  main            d.u.i.k.p.i.AbstractProblemLoader Creating init config 
110036     DEBUG main            d.u.i.k.p.i.AbstractProblemLoader Init config took 2.66s 
110052     INFO  main            d.u.i.k.p.i.AbstractProblemLoader Replaying proof complexAssignment.key 
110053     DEBUG main            d.u.i.k.p.i.IntermediateProofReplayer Proof replay took 7.7ns 
110156     INFO  main            d.u.i.k.p.r.p.TestFile    ... finished proof: closed. 
110470     INFO  main            d.u.i.k.p.i.AbstractProblemLoader Loading environment from /home/runner/work/key/key/key.core/../key.ui/examples/standard_key/java_dl/complexAssignment.key.proof 
110471     DEBUG main            d.u.i.k.p.i.AbstractProblemLoader Environment load took 552.4ns 
110472     INFO  main            d.u.i.k.p.i.AbstractProblemLoader Creating init config 
113036     DEBUG main            d.u.i.k.p.i.AbstractProblemLoader Init config took 2.56s 
113050     INFO  main            d.u.i.k.p.i.AbstractProblemLoader Replaying proof complexAssignment.key.proof 
113061     DEBUG main            d.u.i.k.p.i.IntermediateProofReplayer Proof replay took 7.67ms 
113062     DEBUG main            d.u.i.k.p.r.p.TestFile    ... success: reloaded. 
113063     INFO  main            d.u.i.k.p.r.p.TestFile    Now processing file /home/runner/work/key/key/key.core/../key.ui/examples/standard_key/java_dl/danglingElseSolution1.key 
113064     INFO  main            d.u.i.k.p.i.AbstractProblemLoader Loading environment from /home/runner/work/key/key/key.core/../key.ui/examples/standard_key/java_dl/danglingElseSolution1.key 
113064     DEBUG main            d.u.i.k.p.i.AbstractProblemLoader Environment load took 145.4ns 
113065     INFO  main            d.u.i.k.p.i.AbstractProblemLoader Creating init config 
115642     DEBUG main            d.u.i.k.p.i.AbstractProblemLoader Init config took 2.58s 
115656     INFO  main            d.u.i.k.p.i.AbstractProblemLoader Replaying proof danglingElseSolution1.key 
115658     DEBUG main            d.u.i.k.p.i.IntermediateProofReplayer Proof replay took 6.5ns 
115761     INFO  main            d.u.i.k.p.r.p.TestFile    ... finished proof: closed. 
116053     INFO  main            d.u.i.k.p.i.AbstractProblemLoader Loading environment from /home/runner/work/key/key/key.core/../key.ui/examples/standard_key/java_dl/danglingElseSolution1.key.proof 
116053     DEBUG main            d.u.i.k.p.i.AbstractProblemLoader Environment load took 167.4ns 
116054     INFO  main            d.u.i.k.p.i.AbstractProblemLoader Creating init config 
118664     DEBUG main            d.u.i.k.p.i.AbstractProblemLoader Init config took 2.61s 
118679     INFO  main            d.u.i.k.p.i.AbstractProblemLoader Replaying proof danglingElseSolution1.key.proof 
118690     DEBUG main            d.u.i.k.p.i.IntermediateProofReplayer Proof replay took 9.27ms 
118691     DEBUG main            d.u.i.k.p.r.p.TestFile    ... success: reloaded. 
118691     INFO  main            d.u.i.k.p.r.p.TestFile    Now processing file /home/runner/work/key/key/key.core/../key.ui/examples/standard_key/java_dl/danglingElseSolution2.key 
118692     INFO  main            d.u.i.k.p.i.AbstractProblemLoader Loading environment from /home/runner/work/key/key/key.core/../key.ui/examples/standard_key/java_dl/danglingElseSolution2.key 
118692     DEBUG main            d.u.i.k.p.i.AbstractProblemLoader Environment load took 96.6ns 
118693     INFO  main            d.u.i.k.p.i.AbstractProblemLoader Creating init config 
121368     DEBUG main            d.u.i.k.p.i.AbstractProblemLoader Init config took 2.68s 
121405     INFO  main            d.u.i.k.p.i.AbstractProblemLoader Replaying proof danglingElseSolution2.key 
121408     DEBUG main            d.u.i.k.p.i.IntermediateProofReplayer Proof replay took 7.5ns 
121511     INFO  main            d.u.i.k.p.r.p.TestFile    ... finished proof: closed. 
121832     INFO  main            d.u.i.k.p.i.AbstractProblemLoader Loading environment from /home/runner/work/key/key/key.core/../key.ui/examples/standard_key/java_dl/danglingElseSolution2.key.proof 
121832     DEBUG main            d.u.i.k.p.i.AbstractProblemLoader Environment load took 108.2ns 
121833     INFO  main            d.u.i.k.p.i.AbstractProblemLoader Creating init config 
124643     DEBUG main            d.u.i.k.p.i.AbstractProblemLoader Init config took 2.81s 
124659     INFO  main            d.u.i.k.p.i.AbstractProblemLoader Replaying proof danglingElseSolution2.key.proof 
124671     DEBUG main            d.u.i.k.p.i.IntermediateProofReplayer Proof replay took 10.15ms 
124673     DEBUG main            d.u.i.k.p.r.p.TestFile    ... success: reloaded. 
124673     INFO  main            d.u.i.k.p.r.p.TestFile    Now processing file /home/runner/work/key/key/key.core/../key.ui/examples/standard_key/java_dl/deepNonNull/deepNonNull0.key 
124674     INFO  main            d.u.i.k.p.i.AbstractProblemLoader Loading environment from /home/runner/work/key/key/key.core/../key.ui/examples/standard_key/java_dl/deepNonNull/deepNonNull0.key 
124677     DEBUG main            d.u.i.k.p.i.AbstractProblemLoader Environment load took 3.42ms 
124678     INFO  main            d.u.i.k.p.i.AbstractProblemLoader Creating init config 
127488     DEBUG main            d.u.i.k.p.i.AbstractProblemLoader Init config took 2.81s 
127533     INFO  main            d.u.i.k.p.i.AbstractProblemLoader Replaying proof Arrays[Arrays::get()].JML operation contract.0 
127535     DEBUG main            d.u.i.k.p.i.IntermediateProofReplayer Proof replay took 6.6ns 
127738     INFO  main            d.u.i.k.p.r.p.TestFile    ... finished proof: closed. 
128083     INFO  main            d.u.i.k.p.i.AbstractProblemLoader Loading environment from /home/runner/work/key/key/key.core/../key.ui/examples/standard_key/java_dl/deepNonNull/deepNonNull0.key.proof 
128083     DEBUG main            d.u.i.k.p.i.AbstractProblemLoader Environment load took 197.4ns 
128085     INFO  main            d.u.i.k.p.i.AbstractProblemLoader Creating init config 
130744     DEBUG main            d.u.i.k.p.i.AbstractProblemLoader Init config took 2.66s 
130784     INFO  main            d.u.i.k.p.i.AbstractProblemLoader Replaying proof Arrays[Arrays::get()].JML operation contract.0 
130820     DEBUG main            d.u.i.k.p.i.IntermediateProofReplayer Proof replay took 33.1ms 
130821     DEBUG main            d.u.i.k.p.r.p.TestFile    ... success: reloaded. 
130824     INFO  main            d.u.i.k.p.r.p.TestFile    Now processing file /home/runner/work/key/key/key.core/../key.ui/examples/standard_key/java_dl/deepNonNull/deepNonNull1.key 
130824     INFO  main            d.u.i.k.p.i.AbstractProblemLoader Loading environment from /home/runner/work/key/key/key.core/../key.ui/examples/standard_key/java_dl/deepNonNull/deepNonNull1.key 
130824     DEBUG main            d.u.i.k.p.i.AbstractProblemLoader Environment load took 245.3ns 
130826     INFO  main            d.u.i.k.p.i.AbstractProblemLoader Creating init config 
133566     DEBUG main            d.u.i.k.p.i.AbstractProblemLoader Init config took 2.74s 
133605     INFO  main            d.u.i.k.p.i.AbstractProblemLoader Replaying proof Arrays[Arrays::head()].JML operation contract.0 
133606     DEBUG main            d.u.i.k.p.i.IntermediateProofReplayer Proof replay took 7.3ns 
133809     INFO  main            d.u.i.k.p.r.p.TestFile    ... finished proof: closed. 
134136     INFO  main            d.u.i.k.p.i.AbstractProblemLoader Loading environment from /home/runner/work/key/key/key.core/../key.ui/examples/standard_key/java_dl/deepNonNull/deepNonNull1.key.proof 
134136     DEBUG main            d.u.i.k.p.i.AbstractProblemLoader Environment load took 402.3ns 
134139     INFO  main            d.u.i.k.p.i.AbstractProblemLoader Creating init config 
136874     DEBUG main            d.u.i.k.p.i.AbstractProblemLoader Init config took 2.74s 
136918     INFO  main            d.u.i.k.p.i.AbstractProblemLoader Replaying proof Arrays[Arrays::head()].JML operation contract.0 
136943     DEBUG main            d.u.i.k.p.i.IntermediateProofReplayer Proof replay took 21.99ms 
136944     DEBUG main            d.u.i.k.p.r.p.TestFile    ... success: reloaded. 
136945     INFO  main            d.u.i.k.p.r.p.TestFile    Now processing file /home/runner/work/key/key/key.core/../key.ui/examples/standard_key/java_dl/deepNonNull/deepNonNull2.key 
136945     INFO  main            d.u.i.k.p.i.AbstractProblemLoader Loading environment from /home/runner/work/key/key/key.core/../key.ui/examples/standard_key/java_dl/deepNonNull/deepNonNull2.key 
136945     DEBUG main            d.u.i.k.p.i.AbstractProblemLoader Environment load took 107.6ns 
136946     INFO  main            d.u.i.k.p.i.AbstractProblemLoader Creating init config 
139830     DEBUG main            d.u.i.k.p.i.AbstractProblemLoader Init config took 2.88s 
139886     INFO  main            d.u.i.k.p.i.AbstractProblemLoader Replaying proof Arrays[Arrays::unprovable(java.lang.Object)].JML operation contract.0 
139889     DEBUG main            d.u.i.k.p.i.IntermediateProofReplayer Proof replay took 25.1ns 
139996     INFO  main            d.u.i.k.p.r.p.TestFile    ... finished proof: open goal(s) 
140284     INFO  main            d.u.i.k.p.r.p.TestFile    Now processing file /home/runner/work/key/key/key.core/../key.ui/examples/standard_key/java_dl/deepNonNull/deepNonNull3.key 
140284     INFO  main            d.u.i.k.p.i.AbstractProblemLoader Loading environment from /home/runner/work/key/key/key.core/../key.ui/examples/standard_key/java_dl/deepNonNull/deepNonNull3.key 
140284     DEBUG main            d.u.i.k.p.i.AbstractProblemLoader Environment load took 65.1ns 
140286     INFO  main            d.u.i.k.p.i.AbstractProblemLoader Creating init config 
143103     DEBUG main            d.u.i.k.p.i.AbstractProblemLoader Init config took 2.82s 
143146     INFO  main            d.u.i.k.p.i.AbstractProblemLoader Replaying proof Arrays[Arrays::head([[[[Ljava.lang.Object)].JML operation contract.0 
143148     DEBUG main            d.u.i.k.p.i.IntermediateProofReplayer Proof replay took 7.3ns 
144162     INFO  main            d.u.i.k.p.r.p.TestFile    ... finished proof: closed. 
144542     INFO  main            d.u.i.k.p.i.AbstractProblemLoader Loading environment from /home/runner/work/key/key/key.core/../key.ui/examples/standard_key/java_dl/deepNonNull/deepNonNull3.key.proof 
144545     DEBUG main            d.u.i.k.p.i.AbstractProblemLoader Environment load took 3.19ms 
144546     INFO  main            d.u.i.k.p.i.AbstractProblemLoader Creating init config 
147432     DEBUG main            d.u.i.k.p.i.AbstractProblemLoader Init config took 2.89s 
147471     INFO  main            d.u.i.k.p.i.AbstractProblemLoader Replaying proof Arrays[Arrays::head([[[[Ljava.lang.Object)].JML operation contract.0 
147553     DEBUG main            d.u.i.k.p.i.IntermediateProofReplayer Proof replay took 76.86ms 
147554     DEBUG main            d.u.i.k.p.r.p.TestFile    ... success: reloaded. 
147555     INFO  main            d.u.i.k.p.r.p.TestFile    Now processing file /home/runner/work/key/key/key.core/../key.ui/examples/standard_key/java_dl/exceptions.key 
147555     INFO  main            d.u.i.k.p.i.AbstractProblemLoader Loading environment from /home/runner/work/key/key/key.core/../key.ui/examples/standard_key/java_dl/exceptions.key 
147555     DEBUG main            d.u.i.k.p.i.AbstractProblemLoader Environment load took 112.9ns 
147556     INFO  main            d.u.i.k.p.i.AbstractProblemLoader Creating init config 
147582     WARN  main            d.u.i.k.j.r.KeYCrossReferenceNameInfo Datatype java.lang.System declared twice: Once in FILE:/home/runner/work/key/key/key.core/../key.ui/examples/standard_key/java_dl/classpath/System.java and once in URL:file:/home/runner/work/key/key/key.core/build/resources/main/de/uka/ilkd/key/java/JavaRedux/java/lang/System.java, Keeping one from URL:file:/home/runner/work/key/key/key.core/build/resources/main/de/uka/ilkd/key/java/JavaRedux/java/lang/System.java 
147582     WARN  main            d.u.i.k.j.r.KeYCrossReferenceNameInfo Datatype java.io.PrintStream declared twice: Once in FILE:/home/runner/work/key/key/key.core/../key.ui/examples/standard_key/java_dl/classpath/PrintStream.java and once in URL:file:/home/runner/work/key/key/key.core/build/resources/main/de/uka/ilkd/key/java/JavaRedux/java/io/PrintStream.java, Keeping one from URL:file:/home/runner/work/key/key/key.core/build/resources/main/de/uka/ilkd/key/java/JavaRedux/java/io/PrintStream.java 
147582     WARN  main            d.u.i.k.j.r.KeYCrossReferenceNameInfo Datatype java.io.InputStream declared twice: Once in FILE:/home/runner/work/key/key/key.core/../key.ui/examples/standard_key/java_dl/classpath/InputStream.java and once in URL:file:/home/runner/work/key/key/key.core/build/resources/main/de/uka/ilkd/key/java/JavaRedux/java/io/InputStream.java, Keeping one from URL:file:/home/runner/work/key/key/key.core/build/resources/main/de/uka/ilkd/key/java/JavaRedux/java/io/InputStream.java 
147586     DEBUG main            d.u.i.k.j.r.ClassFileDeclarationBuilder Parsing: package java.io; public class Closeable { } 
147586     DEBUG main            r.s.KeYCrossReferenceSourceInfo Dynamically created class: java.io.Closeable 
150469     DEBUG main            d.u.i.k.p.i.AbstractProblemLoader Init config took 2.91s 
150485     INFO  main            d.u.i.k.p.i.AbstractProblemLoader Replaying proof exceptions.key 
150487     DEBUG main            d.u.i.k.p.i.IntermediateProofReplayer Proof replay took 9.6ns 
150800     INFO  main            d.u.i.k.p.r.p.TestFile    ... finished proof: closed. 
151153     INFO  main            d.u.i.k.p.i.AbstractProblemLoader Loading environment from /home/runner/work/key/key/key.core/../key.ui/examples/standard_key/java_dl/exceptions.key.proof 
151153     DEBUG main            d.u.i.k.p.i.AbstractProblemLoader Environment load took 101.4ns 
151154     INFO  main            d.u.i.k.p.i.AbstractProblemLoader Creating init config 
151185     WARN  main            d.u.i.k.j.r.KeYCrossReferenceNameInfo Datatype java.lang.System declared twice: Once in FILE:/home/runner/work/key/key/key.core/../key.ui/examples/standard_key/java_dl/classpath/System.java and once in URL:file:/home/runner/work/key/key/key.core/build/resources/main/de/uka/ilkd/key/java/JavaRedux/java/lang/System.java, Keeping one from URL:file:/home/runner/work/key/key/key.core/build/resources/main/de/uka/ilkd/key/java/JavaRedux/java/lang/System.java 
151186     WARN  main            d.u.i.k.j.r.KeYCrossReferenceNameInfo Datatype java.io.PrintStream declared twice: Once in FILE:/home/runner/work/key/key/key.core/../key.ui/examples/standard_key/java_dl/classpath/PrintStream.java and once in URL:file:/home/runner/work/key/key/key.core/build/resources/main/de/uka/ilkd/key/java/JavaRedux/java/io/PrintStream.java, Keeping one from URL:file:/home/runner/work/key/key/key.core/build/resources/main/de/uka/ilkd/key/java/JavaRedux/java/io/PrintStream.java 
151186     WARN  main            d.u.i.k.j.r.KeYCrossReferenceNameInfo Datatype java.io.InputStream declared twice: Once in FILE:/home/runner/work/key/key/key.core/../key.ui/examples/standard_key/java_dl/classpath/InputStream.java and once in URL:file:/home/runner/work/key/key/key.core/build/resources/main/de/uka/ilkd/key/java/JavaRedux/java/io/InputStream.java, Keeping one from URL:file:/home/runner/work/key/key/key.core/build/resources/main/de/uka/ilkd/key/java/JavaRedux/java/io/InputStream.java 
151190     DEBUG main            d.u.i.k.j.r.ClassFileDeclarationBuilder Parsing: package java.io; public class Closeable { } 
151191     DEBUG main            r.s.KeYCrossReferenceSourceInfo Dynamically created class: java.io.Closeable 
154012     DEBUG main            d.u.i.k.p.i.AbstractProblemLoader Init config took 2.86s 
154027     INFO  main            d.u.i.k.p.i.AbstractProblemLoader Replaying proof exceptions.key.proof 
154075     DEBUG main            d.u.i.k.p.i.IntermediateProofReplayer Proof replay took 44.67ms 
154077     DEBUG main            d.u.i.k.p.r.p.TestFile    ... success: reloaded. 
154078     INFO  main            d.u.i.k.p.r.p.TestFile    Now processing file /home/runner/work/key/key/key.core/../key.ui/examples/standard_key/java_dl/exceptions1.key 
154078     INFO  main            d.u.i.k.p.i.AbstractProblemLoader Loading environment from /home/runner/work/key/key/key.core/../key.ui/examples/standard_key/java_dl/exceptions1.key 
154078     DEBUG main            d.u.i.k.p.i.AbstractProblemLoader Environment load took 147ns 
154079     INFO  main            d.u.i.k.p.i.AbstractProblemLoader Creating init config 
156861     DEBUG main            d.u.i.k.p.i.AbstractProblemLoader Init config took 2.78s 
156883     INFO  main            d.u.i.k.p.i.AbstractProblemLoader Replaying proof exceptions1.key 
156887     DEBUG main            d.u.i.k.p.i.IntermediateProofReplayer Proof replay took 7.9ns 
157090     INFO  main            d.u.i.k.p.r.p.TestFile    ... finished proof: closed. 
157433     INFO  main            d.u.i.k.p.i.AbstractProblemLoader Loading environment from /home/runner/work/key/key/key.core/../key.ui/examples/standard_key/java_dl/exceptions1.key.proof 
157433     DEBUG main            d.u.i.k.p.i.AbstractProblemLoader Environment load took 111ns 
157434     INFO  main            d.u.i.k.p.i.AbstractProblemLoader Creating init config 
160140     DEBUG main            d.u.i.k.p.i.AbstractProblemLoader Init config took 2.71s 
160156     INFO  main            d.u.i.k.p.i.AbstractProblemLoader Replaying proof exceptions1.key.proof 
160192     DEBUG main            d.u.i.k.p.i.IntermediateProofReplayer Proof replay took 33.34ms 
160193     DEBUG main            d.u.i.k.p.r.p.TestFile    ... success: reloaded. 
160194     INFO  main            d.u.i.k.p.r.p.TestFile    Now processing file /home/runner/work/key/key/key.core/../key.ui/examples/standard_key/java_dl/exceptions2.key 
160194     INFO  main            d.u.i.k.p.i.AbstractProblemLoader Loading environment from /home/runner/work/key/key/key.core/../key.ui/examples/standard_key/java_dl/exceptions2.key 
160194     DEBUG main            d.u.i.k.p.i.AbstractProblemLoader Environment load took 76ns 
160195     INFO  main            d.u.i.k.p.i.AbstractProblemLoader Creating init config 
163017     DEBUG main            d.u.i.k.p.i.AbstractProblemLoader Init config took 2.82s 
163036     INFO  main            d.u.i.k.p.i.AbstractProblemLoader Replaying proof exceptions2.key 
163039     DEBUG main            d.u.i.k.p.i.IntermediateProofReplayer Proof replay took 8.9ns 
163242     INFO  main            d.u.i.k.p.r.p.TestFile    ... finished proof: closed. 
163581     INFO  main            d.u.i.k.p.i.AbstractProblemLoader Loading environment from /home/runner/work/key/key/key.core/../key.ui/examples/standard_key/java_dl/exceptions2.key.proof 
163581     DEBUG main            d.u.i.k.p.i.AbstractProblemLoader Environment load took 126.7ns 
163583     INFO  main            d.u.i.k.p.i.AbstractProblemLoader Creating init config 
166290     DEBUG main            d.u.i.k.p.i.AbstractProblemLoader Init config took 2.71s 
166305     INFO  main            d.u.i.k.p.i.AbstractProblemLoader Replaying proof exceptions2.key.proof 
166348     DEBUG main            d.u.i.k.p.i.IntermediateProofReplayer Proof replay took 39.36ms 
166349     DEBUG main            d.u.i.k.p.r.p.TestFile    ... success: reloaded. 
166349     INFO  main            d.u.i.k.p.r.p.TestFile    Now processing file /home/runner/work/key/key/key.core/../key.ui/examples/standard_key/java_dl/exceptions3.key 
166350     INFO  main            d.u.i.k.p.i.AbstractProblemLoader Loading environment from /home/runner/work/key/key/key.core/../key.ui/examples/standard_key/java_dl/exceptions3.key 
166350     DEBUG main            d.u.i.k.p.i.AbstractProblemLoader Environment load took 105.8ns 
166351     INFO  main            d.u.i.k.p.i.AbstractProblemLoader Creating init config 
166377     WARN  main            d.u.i.k.j.r.KeYCrossReferenceNameInfo Datatype java.lang.System declared twice: Once in FILE:/home/runner/work/key/key/key.core/../key.ui/examples/standard_key/java_dl/classpath/System.java and once in URL:file:/home/runner/work/key/key/key.core/build/resources/main/de/uka/ilkd/key/java/JavaRedux/java/lang/System.java, Keeping one from URL:file:/home/runner/work/key/key/key.core/build/resources/main/de/uka/ilkd/key/java/JavaRedux/java/lang/System.java 
166377     WARN  main            d.u.i.k.j.r.KeYCrossReferenceNameInfo Datatype java.io.PrintStream declared twice: Once in FILE:/home/runner/work/key/key/key.core/../key.ui/examples/standard_key/java_dl/classpath/PrintStream.java and once in URL:file:/home/runner/work/key/key/key.core/build/resources/main/de/uka/ilkd/key/java/JavaRedux/java/io/PrintStream.java, Keeping one from URL:file:/home/runner/work/key/key/key.core/build/resources/main/de/uka/ilkd/key/java/JavaRedux/java/io/PrintStream.java 
166377     WARN  main            d.u.i.k.j.r.KeYCrossReferenceNameInfo Datatype java.io.InputStream declared twice: Once in FILE:/home/runner/work/key/key/key.core/../key.ui/examples/standard_key/java_dl/classpath/InputStream.java and once in URL:file:/home/runner/work/key/key/key.core/build/resources/main/de/uka/ilkd/key/java/JavaRedux/java/io/InputStream.java, Keeping one from URL:file:/home/runner/work/key/key/key.core/build/resources/main/de/uka/ilkd/key/java/JavaRedux/java/io/InputStream.java 
166380     DEBUG main            d.u.i.k.j.r.ClassFileDeclarationBuilder Parsing: package java.io; public class Closeable { } 
166380     DEBUG main            r.s.KeYCrossReferenceSourceInfo Dynamically created class: java.io.Closeable 
169070     DEBUG main            d.u.i.k.p.i.AbstractProblemLoader Init config took 2.72s 
169087     INFO  main            d.u.i.k.p.i.AbstractProblemLoader Replaying proof exceptions3.key 
169090     DEBUG main            d.u.i.k.p.i.IntermediateProofReplayer Proof replay took 8.6ns 
169193     INFO  main            d.u.i.k.p.r.p.TestFile    ... finished proof: closed. 
169537     INFO  main            d.u.i.k.p.i.AbstractProblemLoader Loading environment from /home/runner/work/key/key/key.core/../key.ui/examples/standard_key/java_dl/exceptions3.key.proof 
169537     DEBUG main            d.u.i.k.p.i.AbstractProblemLoader Environment load took 100ns 
169538     INFO  main            d.u.i.k.p.i.AbstractProblemLoader Creating init config 
169564     WARN  main            d.u.i.k.j.r.KeYCrossReferenceNameInfo Datatype java.lang.System declared twice: Once in FILE:/home/runner/work/key/key/key.core/../key.ui/examples/standard_key/java_dl/classpath/System.java and once in URL:file:/home/runner/work/key/key/key.core/build/resources/main/de/uka/ilkd/key/java/JavaRedux/java/lang/System.java, Keeping one from URL:file:/home/runner/work/key/key/key.core/build/resources/main/de/uka/ilkd/key/java/JavaRedux/java/lang/System.java 
169565     WARN  main            d.u.i.k.j.r.KeYCrossReferenceNameInfo Datatype java.io.PrintStream declared twice: Once in FILE:/home/runner/work/key/key/key.core/../key.ui/examples/standard_key/java_dl/classpath/PrintStream.java and once in URL:file:/home/runner/work/key/key/key.core/build/resources/main/de/uka/ilkd/key/java/JavaRedux/java/io/PrintStream.java, Keeping one from URL:file:/home/runner/work/key/key/key.core/build/resources/main/de/uka/ilkd/key/java/JavaRedux/java/io/PrintStream.java 
169565     WARN  main            d.u.i.k.j.r.KeYCrossReferenceNameInfo Datatype java.io.InputStream declared twice: Once in FILE:/home/runner/work/key/key/key.core/../key.ui/examples/standard_key/java_dl/classpath/InputStream.java and once in URL:file:/home/runner/work/key/key/key.core/build/resources/main/de/uka/ilkd/key/java/JavaRedux/java/io/InputStream.java, Keeping one from URL:file:/home/runner/work/key/key/key.core/build/resources/main/de/uka/ilkd/key/java/JavaRedux/java/io/InputStream.java 
169568     DEBUG main            d.u.i.k.j.r.ClassFileDeclarationBuilder Parsing: package java.io; public class Closeable { } 
169568     DEBUG main            r.s.KeYCrossReferenceSourceInfo Dynamically created class: java.io.Closeable 
172239     DEBUG main            d.u.i.k.p.i.AbstractProblemLoader Init config took 2.7s 
172254     INFO  main            d.u.i.k.p.i.AbstractProblemLoader Replaying proof exceptions3.key.proof 
172262     DEBUG main            d.u.i.k.p.i.IntermediateProofReplayer Proof replay took 4.23ms 
172263     DEBUG main            d.u.i.k.p.r.p.TestFile    ... success: reloaded. 
172264     INFO  main            d.u.i.k.p.r.p.TestFile    Now processing file /home/runner/work/key/key/key.core/../key.ui/examples/standard_key/java_dl/exchange.key 
172265     INFO  main            d.u.i.k.p.i.AbstractProblemLoader Loading environment from /home/runner/work/key/key/key.core/../key.ui/examples/standard_key/java_dl/exchange.key 
172265     DEBUG main            d.u.i.k.p.i.AbstractProblemLoader Environment load took 227.9ns 
172266     INFO  main            d.u.i.k.p.i.AbstractProblemLoader Creating init config 
175068     DEBUG main            d.u.i.k.p.i.AbstractProblemLoader Init config took 2.8s 
175086     INFO  main            d.u.i.k.p.i.AbstractProblemLoader Replaying proof exchange.key 
175087     DEBUG main            d.u.i.k.p.i.IntermediateProofReplayer Proof replay took 7.8ns 
175192     INFO  main            d.u.i.k.p.r.p.TestFile    ... finished proof: closed. 
175669     INFO  main            d.u.i.k.p.i.AbstractProblemLoader Loading environment from /home/runner/work/key/key/key.core/../key.ui/examples/standard_key/java_dl/exchange.key.proof 
175669     DEBUG main            d.u.i.k.p.i.AbstractProblemLoader Environment load took 105.8ns 
175670     INFO  main            d.u.i.k.p.i.AbstractProblemLoader Creating init config 
178425     DEBUG main            d.u.i.k.p.i.AbstractProblemLoader Init config took 2.75s 
178440     INFO  main            d.u.i.k.p.i.AbstractProblemLoader Replaying proof exchange.key.proof 
178446     DEBUG main            d.u.i.k.p.i.IntermediateProofReplayer Proof replay took 3.43ms 
178446     DEBUG main            d.u.i.k.p.r.p.TestFile    ... success: reloaded. 
178447     INFO  main            d.u.i.k.p.r.p.TestFile    Now processing file /home/runner/work/key/key/key.core/../key.ui/examples/standard_key/java_dl/if.key 
178447     INFO  main            d.u.i.k.p.i.AbstractProblemLoader Loading environment from /home/runner/work/key/key/key.core/../key.ui/examples/standard_key/java_dl/if.key 
178447     DEBUG main            d.u.i.k.p.i.AbstractProblemLoader Environment load took 92.4ns 
178448     INFO  main            d.u.i.k.p.i.AbstractProblemLoader Creating init config 
181264     DEBUG main            d.u.i.k.p.i.AbstractProblemLoader Init config took 2.82s 
181278     INFO  main            d.u.i.k.p.i.AbstractProblemLoader Replaying proof if.key 
181280     DEBUG main            d.u.i.k.p.i.IntermediateProofReplayer Proof replay took 7.3ns 
181382     INFO  main            d.u.i.k.p.r.p.TestFile    ... finished proof: closed. 
181731     INFO  main            d.u.i.k.p.i.AbstractProblemLoader Loading environment from /home/runner/work/key/key/key.core/../key.ui/examples/standard_key/java_dl/if.key.proof 
181731     DEBUG main            d.u.i.k.p.i.AbstractProblemLoader Environment load took 102.3ns 
181732     INFO  main            d.u.i.k.p.i.AbstractProblemLoader Creating init config 
184388     DEBUG main            d.u.i.k.p.i.AbstractProblemLoader Init config took 2.66s 
184406     INFO  main            d.u.i.k.p.i.AbstractProblemLoader Replaying proof if.key.proof 
184412     DEBUG main            d.u.i.k.p.i.IntermediateProofReplayer Proof replay took 3.29ms 
184412     DEBUG main            d.u.i.k.p.r.p.TestFile    ... success: reloaded. 
184414     INFO  main            d.u.i.k.p.r.p.TestFile    Now processing file /home/runner/work/key/key/key.core/../key.ui/examples/standard_key/java_dl/incrementcounter.key 
184414     INFO  main            d.u.i.k.p.i.AbstractProblemLoader Loading environment from /home/runner/work/key/key/key.core/../key.ui/examples/standard_key/java_dl/incrementcounter.key 
184414     DEBUG main            d.u.i.k.p.i.AbstractProblemLoader Environment load took 146.4ns 
184415     INFO  main            d.u.i.k.p.i.AbstractProblemLoader Creating init config 
187071     DEBUG main            d.u.i.k.p.i.AbstractProblemLoader Init config took 2.66s 
187088     INFO  main            d.u.i.k.p.i.AbstractProblemLoader Replaying proof incrementcounter.key 
187089     DEBUG main            d.u.i.k.p.i.IntermediateProofReplayer Proof replay took 24.5ns 
187192     INFO  main            d.u.i.k.p.r.p.TestFile    ... finished proof: closed. 
187627     INFO  main            d.u.i.k.p.i.AbstractProblemLoader Loading environment from /home/runner/work/key/key/key.core/../key.ui/examples/standard_key/java_dl/incrementcounter.key.proof 
187627     DEBUG main            d.u.i.k.p.i.AbstractProblemLoader Environment load took 95.7ns 
187631     INFO  main            d.u.i.k.p.i.AbstractProblemLoader Creating init config 
190284     DEBUG main            d.u.i.k.p.i.AbstractProblemLoader Init config took 2.65s 
190297     INFO  main            d.u.i.k.p.i.AbstractProblemLoader Replaying proof incrementcounter.key.proof 
190301     DEBUG main            d.u.i.k.p.i.IntermediateProofReplayer Proof replay took 2.03ms 
190302     DEBUG main            d.u.i.k.p.r.p.TestFile    ... success: reloaded. 
190303     INFO  main            d.u.i.k.p.r.p.TestFile    Now processing file /home/runner/work/key/key/key.core/../key.ui/examples/standard_key/java_dl/danglingElse.key 
190303     INFO  main            d.u.i.k.p.i.AbstractProblemLoader Loading environment from /home/runner/work/key/key/key.core/../key.ui/examples/standard_key/java_dl/danglingElse.key 
190303     DEBUG main            d.u.i.k.p.i.AbstractProblemLoader Environment load took 56.5ns 
190305     INFO  main            d.u.i.k.p.i.AbstractProblemLoader Creating init config 
192988     DEBUG main            d.u.i.k.p.i.AbstractProblemLoader Init config took 2.68s 
193004     INFO  main            d.u.i.k.p.i.AbstractProblemLoader Replaying proof danglingElse.key 
193009     DEBUG main            d.u.i.k.p.i.IntermediateProofReplayer Proof replay took 7.2ns 
193112     INFO  main            d.u.i.k.p.r.p.TestFile    ... finished proof: open goal(s) 
193466     INFO  main            d.u.i.k.p.r.p.TestFile    Now processing file /home/runner/work/key/key/key.core/../key.ui/examples/standard_key/java_dl/iteratedAssignment.key 
193466     INFO  main            d.u.i.k.p.i.AbstractProblemLoader Loading environment from /home/runner/work/key/key/key.core/../key.ui/examples/standard_key/java_dl/iteratedAssignment.key 
193467     DEBUG main            d.u.i.k.p.i.AbstractProblemLoader Environment load took 69.6ns 
193468     INFO  main            d.u.i.k.p.i.AbstractProblemLoader Creating init config 
196103     DEBUG main            d.u.i.k.p.i.AbstractProblemLoader Init config took 2.64s 
196119     INFO  main            d.u.i.k.p.i.AbstractProblemLoader Replaying proof iteratedAssignment.key 
196128     DEBUG main            d.u.i.k.p.i.IntermediateProofReplayer Proof replay took 7.2ns 
196536     INFO  main            d.u.i.k.p.r.p.TestFile    ... finished proof: closed. 
196970     INFO  main            d.u.i.k.p.i.AbstractProblemLoader Loading environment from /home/runner/work/key/key/key.core/../key.ui/examples/standard_key/java_dl/iteratedAssignment.key.proof 
196970     DEBUG main            d.u.i.k.p.i.AbstractProblemLoader Environment load took 804.3ns 
196972     INFO  main            d.u.i.k.p.i.AbstractProblemLoader Creating init config 
199573     DEBUG main            d.u.i.k.p.i.AbstractProblemLoader Init config took 2.6s 
199588     INFO  main            d.u.i.k.p.i.AbstractProblemLoader Replaying proof iteratedAssignment.key.proof 
199651     DEBUG main            d.u.i.k.p.i.IntermediateProofReplayer Proof replay took 59.27ms 
199652     DEBUG main            d.u.i.k.p.r.p.TestFile    ... success: reloaded. 
199653     INFO  main            d.u.i.k.p.r.p.TestFile    Now processing file /home/runner/work/key/key/key.core/../key.ui/examples/standard_key/java_dl/assert/assert1.key 
199653     INFO  main            d.u.i.k.p.i.AbstractProblemLoader Loading environment from /home/runner/work/key/key/key.core/../key.ui/examples/standard_key/java_dl/assert/assert1.key 
199653     DEBUG main            d.u.i.k.p.i.AbstractProblemLoader Environment load took 159.3ns 
199654     INFO  main            d.u.i.k.p.i.AbstractProblemLoader Creating init config 
202245     DEBUG main            d.u.i.k.p.i.AbstractProblemLoader Init config took 2.59s 
202280     INFO  main            d.u.i.k.p.i.AbstractProblemLoader Replaying proof C[C::foo()].JML normal_behavior operation contract.0 
202282     DEBUG main            d.u.i.k.p.i.IntermediateProofReplayer Proof replay took 31.9ns 
202485     INFO  main            d.u.i.k.p.r.p.TestFile    ... finished proof: open goal(s) 
202880     INFO  main            d.u.i.k.p.r.p.TestFile    Now processing file /home/runner/work/key/key/key.core/../key.ui/examples/standard_key/java_dl/assert/assert2.key 
202881     INFO  main            d.u.i.k.p.i.AbstractProblemLoader Loading environment from /home/runner/work/key/key/key.core/../key.ui/examples/standard_key/java_dl/assert/assert2.key 
202881     DEBUG main            d.u.i.k.p.i.AbstractProblemLoader Environment load took 62.1ns 
202882     INFO  main            d.u.i.k.p.i.AbstractProblemLoader Creating init config 
205432     DEBUG main            d.u.i.k.p.i.AbstractProblemLoader Init config took 2.55s 
205465     INFO  main            d.u.i.k.p.i.AbstractProblemLoader Replaying proof C[C::bar()].JML exceptional_behavior operation contract.0 
205468     DEBUG main            d.u.i.k.p.i.IntermediateProofReplayer Proof replay took 18ns 
205670     INFO  main            d.u.i.k.p.r.p.TestFile    ... finished proof: closed. 
206016     INFO  main            d.u.i.k.p.i.AbstractProblemLoader Loading environment from /home/runner/work/key/key/key.core/../key.ui/examples/standard_key/java_dl/assert/assert2.key.proof 
206016     DEBUG main            d.u.i.k.p.i.AbstractProblemLoader Environment load took 87.9ns 
206017     INFO  main            d.u.i.k.p.i.AbstractProblemLoader Creating init config 
208491     DEBUG main            d.u.i.k.p.i.AbstractProblemLoader Init config took 2.47s 
208523     INFO  main            d.u.i.k.p.i.AbstractProblemLoader Replaying proof C[C::bar()].JML exceptional_behavior operation contract.0 
208559     DEBUG main            d.u.i.k.p.i.IntermediateProofReplayer Proof replay took 33.71ms 
208560     DEBUG main            d.u.i.k.p.r.p.TestFile    ... success: reloaded. 
208561     INFO  main            d.u.i.k.p.r.p.TestFile    Now processing file /home/runner/work/key/key/key.core/../key.ui/examples/standard_key/java_dl/assert/assert3.key 
208561     INFO  main            d.u.i.k.p.i.AbstractProblemLoader Loading environment from /home/runner/work/key/key/key.core/../key.ui/examples/standard_key/java_dl/assert/assert3.key 
208561     DEBUG main            d.u.i.k.p.i.AbstractProblemLoader Environment load took 149.4ns 
208562     INFO  main            d.u.i.k.p.i.AbstractProblemLoader Creating init config 
211084     DEBUG main            d.u.i.k.p.i.AbstractProblemLoader Init config took 2.52s 
211122     INFO  main            d.u.i.k.p.i.AbstractProblemLoader Replaying proof C[C::foo()].JML normal_behavior operation contract.0 
211124     DEBUG main            d.u.i.k.p.i.IntermediateProofReplayer Proof replay took 6.1ns 
211227     INFO  main            d.u.i.k.p.r.p.TestFile    ... finished proof: open goal(s) 
211581     INFO  main            d.u.i.k.p.r.p.TestFile    Now processing file /home/runner/work/key/key/key.core/../key.ui/examples/standard_key/java_dl/java5/vararg.key 
211581     INFO  main            d.u.i.k.p.i.AbstractProblemLoader Loading environment from /home/runner/work/key/key/key.core/../key.ui/examples/standard_key/java_dl/java5/vararg.key 
211581     DEBUG main            d.u.i.k.p.i.AbstractProblemLoader Environment load took 61.4ns 
211583     INFO  main            d.u.i.k.p.i.AbstractProblemLoader Creating init config 
212494     DEBUG main            d.u.i.k.j.r.ClassPreparationMethodBuilder clPrepBuilder: Inner Class detected. Reject building class initialisation methods. 
214410     DEBUG main            d.u.i.k.p.i.AbstractProblemLoader Init config took 2.83s 
214440     INFO  main            d.u.i.k.p.i.AbstractProblemLoader Replaying proof vararg.key 
214442     DEBUG main            d.u.i.k.p.i.IntermediateProofReplayer Proof replay took 5.1ns 
215849     INFO  main            d.u.i.k.p.r.p.TestFile    ... finished proof: closed. 
216276     INFO  main            d.u.i.k.p.i.AbstractProblemLoader Loading environment from /home/runner/work/key/key/key.core/../key.ui/examples/standard_key/java_dl/java5/vararg.key.proof 
216277     DEBUG main            d.u.i.k.p.i.AbstractProblemLoader Environment load took 1ms 
216278     INFO  main            d.u.i.k.p.i.AbstractProblemLoader Creating init config 
217121     DEBUG main            d.u.i.k.j.r.ClassPreparationMethodBuilder clPrepBuilder: Inner Class detected. Reject building class initialisation methods. 
218965     DEBUG main            d.u.i.k.p.i.AbstractProblemLoader Init config took 2.69s 
218994     INFO  main            d.u.i.k.p.i.AbstractProblemLoader Replaying proof vararg.key.proof 
219339     DEBUG main            d.u.i.k.p.i.IntermediateProofReplayer Proof replay took 334.42ms 
219340     DEBUG main            d.u.i.k.p.r.p.TestFile    ... success: reloaded. 
219341     INFO  main            d.u.i.k.p.r.p.TestFile    Now processing file /home/runner/work/key/key/key.core/../key.ui/examples/standard_key/java_dl/java5/for_Array.key 
219341     INFO  main            d.u.i.k.p.i.AbstractProblemLoader Loading environment from /home/runner/work/key/key/key.core/../key.ui/examples/standard_key/java_dl/java5/for_Array.key 
219341     DEBUG main            d.u.i.k.p.i.AbstractProblemLoader Environment load took 87.3ns 
219343     INFO  main            d.u.i.k.p.i.AbstractProblemLoader Creating init config 
220216     DEBUG main            d.u.i.k.j.r.ClassPreparationMethodBuilder clPrepBuilder: Inner Class detected. Reject building class initialisation methods. 
222122     DEBUG main            d.u.i.k.p.i.AbstractProblemLoader Init config took 2.78s 
222204     INFO  main            d.u.i.k.p.i.AbstractProblemLoader Replaying proof For[For::sum([I)].JML operation contract.0 
222206     DEBUG main            d.u.i.k.p.i.IntermediateProofReplayer Proof replay took 6.8ns 
222610     INFO  main            d.u.i.k.p.r.p.TestFile    ... finished proof: closed. 
223097     INFO  main            d.u.i.k.p.i.AbstractProblemLoader Loading environment from /home/runner/work/key/key/key.core/../key.ui/examples/standard_key/java_dl/java5/for_Array.key.proof 
223097     DEBUG main            d.u.i.k.p.i.AbstractProblemLoader Environment load took 106.9ns 
223099     INFO  main            d.u.i.k.p.i.AbstractProblemLoader Creating init config 
223941     DEBUG main            d.u.i.k.j.r.ClassPreparationMethodBuilder clPrepBuilder: Inner Class detected. Reject building class initialisation methods. 
225765     DEBUG main            d.u.i.k.p.i.AbstractProblemLoader Init config took 2.67s 
225817     INFO  main            d.u.i.k.p.i.AbstractProblemLoader Replaying proof For[For::sum([I)].JML operation contract.0 
225917     DEBUG main            d.u.i.k.p.i.IntermediateProofReplayer Proof replay took 96.52ms 
225919     DEBUG main            d.u.i.k.p.r.p.TestFile    ... success: reloaded. 
225921     INFO  main            d.u.i.k.p.r.p.TestFile    Now processing file /home/runner/work/key/key/key.core/../key.ui/examples/standard_key/java_dl/java5/for_Iterable.key 
225921     INFO  main            d.u.i.k.p.i.AbstractProblemLoader Loading environment from /home/runner/work/key/key/key.core/../key.ui/examples/standard_key/java_dl/java5/for_Iterable.key 
225921     DEBUG main            d.u.i.k.p.i.AbstractProblemLoader Environment load took 244.1ns 
225922     INFO  main            d.u.i.k.p.i.AbstractProblemLoader Creating init config 
226836     DEBUG main            d.u.i.k.j.r.ClassPreparationMethodBuilder clPrepBuilder: Inner Class detected. Reject building class initialisation methods. 
228675     DEBUG main            d.u.i.k.p.i.AbstractProblemLoader Init config took 2.75s 
228729     INFO  main            d.u.i.k.p.i.AbstractProblemLoader Replaying proof For[For::infiniteLoop(For)].JML operation contract.0 
228730     DEBUG main            d.u.i.k.p.i.IntermediateProofReplayer Proof replay took 6ns 
228933     INFO  main            d.u.i.k.p.r.p.TestFile    ... finished proof: closed. 
229336     INFO  main            d.u.i.k.p.i.AbstractProblemLoader Loading environment from /home/runner/work/key/key/key.core/../key.ui/examples/standard_key/java_dl/java5/for_Iterable.key.proof 
229336     DEBUG main            d.u.i.k.p.i.AbstractProblemLoader Environment load took 143.1ns 
229337     INFO  main            d.u.i.k.p.i.AbstractProblemLoader Creating init config 
230159     DEBUG main            d.u.i.k.j.r.ClassPreparationMethodBuilder clPrepBuilder: Inner Class detected. Reject building class initialisation methods. 
231987     DEBUG main            d.u.i.k.p.i.AbstractProblemLoader Init config took 2.65s 
232041     INFO  main            d.u.i.k.p.i.AbstractProblemLoader Replaying proof For[For::infiniteLoop(For)].JML operation contract.0 
232118     DEBUG main            d.u.i.k.p.i.IntermediateProofReplayer Proof replay took 74.57ms 
232119     DEBUG main            d.u.i.k.p.r.p.TestFile    ... success: reloaded. 
232120     INFO  main            d.u.i.k.p.r.p.TestFile    Now processing file /home/runner/work/key/key/key.core/../key.ui/examples/standard_key/java_dl/java5/for_ReferenceArray.key 
232121     INFO  main            d.u.i.k.p.i.AbstractProblemLoader Loading environment from /home/runner/work/key/key/key.core/../key.ui/examples/standard_key/java_dl/java5/for_ReferenceArray.key 
232121     DEBUG main            d.u.i.k.p.i.AbstractProblemLoader Environment load took 219.3ns 
232122     INFO  main            d.u.i.k.p.i.AbstractProblemLoader Creating init config 
232944     DEBUG main            d.u.i.k.j.r.ClassPreparationMethodBuilder clPrepBuilder: Inner Class detected. Reject building class initialisation methods. 
234773     DEBUG main            d.u.i.k.p.i.AbstractProblemLoader Init config took 2.65s 
234828     INFO  main            d.u.i.k.p.i.AbstractProblemLoader Replaying proof ForReferenceArray[ForReferenceArray::foo([Ljava.lang.Object)].JML operation contract.0 
234831     DEBUG main            d.u.i.k.p.i.IntermediateProofReplayer Proof replay took 6.9ns 
235134     INFO  main            d.u.i.k.p.r.p.TestFile    ... finished proof: closed. 
235548     INFO  main            d.u.i.k.p.i.AbstractProblemLoader Loading environment from /home/runner/work/key/key/key.core/../key.ui/examples/standard_key/java_dl/java5/for_ReferenceArray.key.proof 
235548     DEBUG main            d.u.i.k.p.i.AbstractProblemLoader Environment load took 525.6ns 
235550     INFO  main            d.u.i.k.p.i.AbstractProblemLoader Creating init config 
236435     DEBUG main            d.u.i.k.j.r.ClassPreparationMethodBuilder clPrepBuilder: Inner Class detected. Reject building class initialisation methods. 
238497     DEBUG main            d.u.i.k.p.i.AbstractProblemLoader Init config took 2.95s 
238557     INFO  main            d.u.i.k.p.i.AbstractProblemLoader Replaying proof ForReferenceArray[ForReferenceArray::foo([Ljava.lang.Object)].JML operation contract.0 
238615     DEBUG main            d.u.i.k.p.i.IntermediateProofReplayer Proof replay took 55.41ms 
238617     DEBUG main            d.u.i.k.p.r.p.TestFile    ... success: reloaded. 
238618     INFO  main            d.u.i.k.p.r.p.TestFile    Now processing file /home/runner/work/key/key/key.core/../key.ui/examples/standard_key/java_dl/jml-bigint/cast.key 
238618     INFO  main            d.u.i.k.p.i.AbstractProblemLoader Loading environment from /home/runner/work/key/key/key.core/../key.ui/examples/standard_key/java_dl/jml-bigint/cast.key 
238618     DEBUG main            d.u.i.k.p.i.AbstractProblemLoader Environment load took 176.2ns 
238619     INFO  main            d.u.i.k.p.i.AbstractProblemLoader Creating init config 
241585     DEBUG main            d.u.i.k.p.i.AbstractProblemLoader Init config took 2.97s 
241625     INFO  main            d.u.i.k.p.i.AbstractProblemLoader Replaying proof Mult[Mult::cast()].JML operation contract.0 
241628     DEBUG main            d.u.i.k.p.i.IntermediateProofReplayer Proof replay took 10.4ns 
241732     INFO  main            d.u.i.k.p.r.p.TestFile    ... finished proof: closed. 
242176     INFO  main            d.u.i.k.p.i.AbstractProblemLoader Loading environment from /home/runner/work/key/key/key.core/../key.ui/examples/standard_key/java_dl/jml-bigint/cast.key.proof 
242176     DEBUG main            d.u.i.k.p.i.AbstractProblemLoader Environment load took 121.8ns 
242177     INFO  main            d.u.i.k.p.i.AbstractProblemLoader Creating init config 
244995     DEBUG main            d.u.i.k.p.i.AbstractProblemLoader Init config took 2.82s 
245035     INFO  main            d.u.i.k.p.i.AbstractProblemLoader Replaying proof Mult[Mult::cast()].JML operation contract.0 
245050     DEBUG main            d.u.i.k.p.i.IntermediateProofReplayer Proof replay took 12.28ms 
245050     DEBUG main            d.u.i.k.p.r.p.TestFile    ... success: reloaded. 
245052     INFO  main            d.u.i.k.p.r.p.TestFile    Now processing file /home/runner/work/key/key/key.core/../key.ui/examples/standard_key/java_dl/jml-free/loopInvFree.key 
245052     INFO  main            d.u.i.k.p.i.AbstractProblemLoader Loading environment from /home/runner/work/key/key/key.core/../key.ui/examples/standard_key/java_dl/jml-free/loopInvFree.key 
245052     DEBUG main            d.u.i.k.p.i.AbstractProblemLoader Environment load took 202.9ns 
245053     INFO  main            d.u.i.k.p.i.AbstractProblemLoader Creating init config 
247784     DEBUG main            d.u.i.k.p.i.AbstractProblemLoader Init config took 2.73s 
247819     INFO  main            d.u.i.k.p.i.AbstractProblemLoader Replaying proof LoopInvFree[LoopInvFree::test()].JML operation contract.0 
247821     DEBUG main            d.u.i.k.p.i.IntermediateProofReplayer Proof replay took 6.9ns 
248023     INFO  main            d.u.i.k.p.r.p.TestFile    ... finished proof: closed. 
248477     INFO  main            d.u.i.k.p.i.AbstractProblemLoader Loading environment from /home/runner/work/key/key/key.core/../key.ui/examples/standard_key/java_dl/jml-free/loopInvFree.key.proof 
248477     DEBUG main            d.u.i.k.p.i.AbstractProblemLoader Environment load took 79.1ns 
248477     INFO  main            d.u.i.k.p.i.AbstractProblemLoader Creating init config 
251270     DEBUG main            d.u.i.k.p.i.AbstractProblemLoader Init config took 2.79s 
251306     INFO  main            d.u.i.k.p.i.AbstractProblemLoader Replaying proof LoopInvFree[LoopInvFree::test()].JML operation contract.0 
251351     DEBUG main            d.u.i.k.p.i.IntermediateProofReplayer Proof replay took 42.33ms 
251352     DEBUG main            d.u.i.k.p.r.p.TestFile    ... success: reloaded. 
251353     INFO  main            d.u.i.k.p.r.p.TestFile    Now processing file /home/runner/work/key/key/key.core/../key.ui/examples/standard_key/java_dl/jml-free/ensuresFree.key 
251353     INFO  main            d.u.i.k.p.i.AbstractProblemLoader Loading environment from /home/runner/work/key/key/key.core/../key.ui/examples/standard_key/java_dl/jml-free/ensuresFree.key 
251353     DEBUG main            d.u.i.k.p.i.AbstractProblemLoader Environment load took 89.1ns 
251354     INFO  main            d.u.i.k.p.i.AbstractProblemLoader Creating init config 
254249     DEBUG main            d.u.i.k.p.i.AbstractProblemLoader Init config took 2.9s 
254288     INFO  main            d.u.i.k.p.i.AbstractProblemLoader Replaying proof EnsuresFree[EnsuresFree::test()].JML operation contract.0 
254289     DEBUG main            d.u.i.k.p.i.IntermediateProofReplayer Proof replay took 8ns 
254393     INFO  main            d.u.i.k.p.r.p.TestFile    ... finished proof: closed. 
254853     INFO  main            d.u.i.k.p.i.AbstractProblemLoader Loading environment from /home/runner/work/key/key/key.core/../key.ui/examples/standard_key/java_dl/jml-free/ensuresFree.key.proof 
254853     DEBUG main            d.u.i.k.p.i.AbstractProblemLoader Environment load took 86.3ns 
254854     INFO  main            d.u.i.k.p.i.AbstractProblemLoader Creating init config 
257729     DEBUG main            d.u.i.k.p.i.AbstractProblemLoader Init config took 2.87s 
257766     INFO  main            d.u.i.k.p.i.AbstractProblemLoader Replaying proof EnsuresFree[EnsuresFree::test()].JML operation contract.0 
257786     DEBUG main            d.u.i.k.p.i.IntermediateProofReplayer Proof replay took 18.19ms 
257787     DEBUG main            d.u.i.k.p.r.p.TestFile    ... success: reloaded. 
257788     INFO  main            d.u.i.k.p.r.p.TestFile    Now processing file /home/runner/work/key/key/key.core/../key.ui/examples/standard_key/java_dl/jml-information-flow.key 
257788     INFO  main            d.u.i.k.p.i.AbstractProblemLoader Loading environment from /home/runner/work/key/key/key.core/../key.ui/examples/standard_key/java_dl/jml-information-flow.key 
257788     DEBUG main            d.u.i.k.p.i.AbstractProblemLoader Environment load took 96.1ns 
257794     INFO  main            d.u.i.k.p.i.AbstractProblemLoader Creating init config 
260752     DEBUG main            d.u.i.k.p.i.AbstractProblemLoader Init config took 2.96s 
260776     INFO  main            d.u.i.k.p.i.AbstractProblemLoader Replaying proof jml-information-flow.key 
260778     DEBUG main            d.u.i.k.p.i.IntermediateProofReplayer Proof replay took 8.5ns 
385928     INFO  main            d.u.i.k.p.r.p.TestFile    ... finished proof: closed. 
386577     INFO  main            d.u.i.k.p.i.AbstractProblemLoader Loading environment from /home/runner/work/key/key/key.core/../key.ui/examples/standard_key/java_dl/jml-information-flow.key.proof 
386577     DEBUG main            d.u.i.k.p.i.AbstractProblemLoader Environment load took 406.9ns 
386585     INFO  main            d.u.i.k.p.i.AbstractProblemLoader Creating init config 
389291     DEBUG main            d.u.i.k.p.i.AbstractProblemLoader Init config took 2.71s 
389310     INFO  main            d.u.i.k.p.i.AbstractProblemLoader Replaying proof jml-information-flow.key.proof 
392411     DEBUG main            d.u.i.k.p.i.IntermediateProofReplayer Proof replay took 2.99s 
392420     DEBUG main            d.u.i.k.p.r.p.TestFile    ... success: reloaded. 
392421     INFO  main            d.u.i.k.p.r.p.TestFile    Now processing file /home/runner/work/key/key/key.core/../key.ui/examples/standard_key/java_dl/jml-min/min-unprovable1.key 
392421     INFO  main            d.u.i.k.p.i.AbstractProblemLoader Loading environment from /home/runner/work/key/key/key.core/../key.ui/examples/standard_key/java_dl/jml-min/min-unprovable1.key 
392421     DEBUG main            d.u.i.k.p.i.AbstractProblemLoader Environment load took 62ns 
392422     INFO  main            d.u.i.k.p.i.AbstractProblemLoader Creating init config 
395032     DEBUG main            d.u.i.k.p.i.AbstractProblemLoader Init config took 2.61s 
395065     INFO  main            d.u.i.k.p.i.AbstractProblemLoader Replaying proof Min[Min::foo()].JML operation contract.0 
395066     DEBUG main            d.u.i.k.p.i.IntermediateProofReplayer Proof replay took 5.7ns 
395168     INFO  main            d.u.i.k.p.r.p.TestFile    ... finished proof: open goal(s) 
395821     INFO  main            d.u.i.k.p.r.p.TestFile    Now processing file /home/runner/work/key/key/key.core/../key.ui/examples/standard_key/java_dl/jml-min/min-unprovable2.key 
395821     INFO  main            d.u.i.k.p.i.AbstractProblemLoader Loading environment from /home/runner/work/key/key/key.core/../key.ui/examples/standard_key/java_dl/jml-min/min-unprovable2.key 
395821     DEBUG main            d.u.i.k.p.i.AbstractProblemLoader Environment load took 49.4ns 
395822     INFO  main            d.u.i.k.p.i.AbstractProblemLoader Creating init config 
398304     DEBUG main            d.u.i.k.p.i.AbstractProblemLoader Init config took 2.48s 
398347     INFO  main            d.u.i.k.p.i.AbstractProblemLoader Replaying proof Min[Min::foo2()].JML operation contract.0 
398350     DEBUG main            d.u.i.k.p.i.IntermediateProofReplayer Proof replay took 6.1ns 
398452     INFO  main            d.u.i.k.p.r.p.TestFile    ... finished proof: open goal(s) 
398978     INFO  main            d.u.i.k.p.r.p.TestFile    Now processing file /home/runner/work/key/key/key.core/../key.ui/examples/standard_key/java_dl/methodCall.key 
398979     INFO  main            d.u.i.k.p.i.AbstractProblemLoader Loading environment from /home/runner/work/key/key/key.core/../key.ui/examples/standard_key/java_dl/methodCall.key 
398979     DEBUG main            d.u.i.k.p.i.AbstractProblemLoader Environment load took 89.3ns 
398980     INFO  main            d.u.i.k.p.i.AbstractProblemLoader Creating init config 
401416     DEBUG main            d.u.i.k.p.i.AbstractProblemLoader Init config took 2.44s 
401432     INFO  main            d.u.i.k.p.i.AbstractProblemLoader Replaying proof methodCall.key 
401433     DEBUG main            d.u.i.k.p.i.IntermediateProofReplayer Proof replay took 5.9ns 
401535     INFO  main            d.u.i.k.p.r.p.TestFile    ... finished proof: closed. 
402089     INFO  main            d.u.i.k.p.i.AbstractProblemLoader Loading environment from /home/runner/work/key/key/key.core/../key.ui/examples/standard_key/java_dl/methodCall.key.proof 
402089     DEBUG main            d.u.i.k.p.i.AbstractProblemLoader Environment load took 85.7ns 
402090     INFO  main            d.u.i.k.p.i.AbstractProblemLoader Creating init config 
404594     DEBUG main            d.u.i.k.p.i.AbstractProblemLoader Init config took 2.5s 
404607     INFO  main            d.u.i.k.p.i.AbstractProblemLoader Replaying proof methodCall.key.proof 
404611     DEBUG main            d.u.i.k.p.i.IntermediateProofReplayer Proof replay took 1.99ms 
404612     DEBUG main            d.u.i.k.p.r.p.TestFile    ... success: reloaded. 
404612     INFO  main            d.u.i.k.p.r.p.TestFile    Now processing file /home/runner/work/key/key/key.core/../key.ui/examples/standard_key/java_dl/methodCall1.key 
404612     INFO  main            d.u.i.k.p.i.AbstractProblemLoader Loading environment from /home/runner/work/key/key/key.core/../key.ui/examples/standard_key/java_dl/methodCall1.key 
404613     DEBUG main            d.u.i.k.p.i.AbstractProblemLoader Environment load took 50.2ns 
404613     INFO  main            d.u.i.k.p.i.AbstractProblemLoader Creating init config 
407056     DEBUG main            d.u.i.k.p.i.AbstractProblemLoader Init config took 2.44s 
407072     INFO  main            d.u.i.k.p.i.AbstractProblemLoader Replaying proof methodCall1.key 
407073     DEBUG main            d.u.i.k.p.i.IntermediateProofReplayer Proof replay took 5.8ns 
407175     INFO  main            d.u.i.k.p.r.p.TestFile    ... finished proof: closed. 
407745     INFO  main            d.u.i.k.p.i.AbstractProblemLoader Loading environment from /home/runner/work/key/key/key.core/../key.ui/examples/standard_key/java_dl/methodCall1.key.proof 
407745     DEBUG main            d.u.i.k.p.i.AbstractProblemLoader Environment load took 74.6ns 
407746     INFO  main            d.u.i.k.p.i.AbstractProblemLoader Creating init config 
410236     DEBUG main            d.u.i.k.p.i.AbstractProblemLoader Init config took 2.49s 
410249     INFO  main            d.u.i.k.p.i.AbstractProblemLoader Replaying proof methodCall1.key.proof 
410264     DEBUG main            d.u.i.k.p.i.IntermediateProofReplayer Proof replay took 11.43ms 
410265     DEBUG main            d.u.i.k.p.r.p.TestFile    ... success: reloaded. 
410265     INFO  main            d.u.i.k.p.r.p.TestFile    Now processing file /home/runner/work/key/key/key.core/../key.ui/examples/standard_key/java_dl/methodCall1box.key 
410265     INFO  main            d.u.i.k.p.i.AbstractProblemLoader Loading environment from /home/runner/work/key/key/key.core/../key.ui/examples/standard_key/java_dl/methodCall1box.key 
410265     DEBUG main            d.u.i.k.p.i.AbstractProblemLoader Environment load took 66.3ns 
410266     INFO  main            d.u.i.k.p.i.AbstractProblemLoader Creating init config 
412730     DEBUG main            d.u.i.k.p.i.AbstractProblemLoader Init config took 2.46s 
412743     INFO  main            d.u.i.k.p.i.AbstractProblemLoader Replaying proof methodCall1box.key 
412744     DEBUG main            d.u.i.k.p.i.IntermediateProofReplayer Proof replay took 7.1ns 
412846     INFO  main            d.u.i.k.p.r.p.TestFile    ... finished proof: closed. 
413402     INFO  main            d.u.i.k.p.i.AbstractProblemLoader Loading environment from /home/runner/work/key/key/key.core/../key.ui/examples/standard_key/java_dl/methodCall1box.key.proof 
413402     DEBUG main            d.u.i.k.p.i.AbstractProblemLoader Environment load took 79.5ns 
413403     INFO  main            d.u.i.k.p.i.AbstractProblemLoader Creating init config 
415810     DEBUG main            d.u.i.k.p.i.AbstractProblemLoader Init config took 2.41s 
415822     INFO  main            d.u.i.k.p.i.AbstractProblemLoader Replaying proof methodCall1box.key.proof 
415836     DEBUG main            d.u.i.k.p.i.IntermediateProofReplayer Proof replay took 11.68ms 
415837     DEBUG main            d.u.i.k.p.r.p.TestFile    ... success: reloaded. 
415841     INFO  main            d.u.i.k.p.r.p.TestFile    Now processing file /home/runner/work/key/key/key.core/../key.ui/examples/standard_key/java_dl/methodCall3.key 
415841     INFO  main            d.u.i.k.p.i.AbstractProblemLoader Loading environment from /home/runner/work/key/key/key.core/../key.ui/examples/standard_key/java_dl/methodCall3.key 
415841     DEBUG main            d.u.i.k.p.i.AbstractProblemLoader Environment load took 83.5ns 
415842     INFO  main            d.u.i.k.p.i.AbstractProblemLoader Creating init config 
418377     DEBUG main            d.u.i.k.p.i.AbstractProblemLoader Init config took 2.53s 
418391     INFO  main            d.u.i.k.p.i.AbstractProblemLoader Replaying proof methodCall3.key 
418392     DEBUG main            d.u.i.k.p.i.IntermediateProofReplayer Proof replay took 5.8ns 
418494     INFO  main            d.u.i.k.p.r.p.TestFile    ... finished proof: closed. 
419058     INFO  main            d.u.i.k.p.i.AbstractProblemLoader Loading environment from /home/runner/work/key/key/key.core/../key.ui/examples/standard_key/java_dl/methodCall3.key.proof 
419058     DEBUG main            d.u.i.k.p.i.AbstractProblemLoader Environment load took 97.7ns 
419059     INFO  main            d.u.i.k.p.i.AbstractProblemLoader Creating init config 
421515     DEBUG main            d.u.i.k.p.i.AbstractProblemLoader Init config took 2.46s 
421528     INFO  main            d.u.i.k.p.i.AbstractProblemLoader Replaying proof methodCall3.key.proof 
421537     DEBUG main            d.u.i.k.p.i.IntermediateProofReplayer Proof replay took 8.12ms 
421538     DEBUG main            d.u.i.k.p.r.p.TestFile    ... success: reloaded. 
421539     INFO  main            d.u.i.k.p.r.p.TestFile    Now processing file /home/runner/work/key/key/key.core/../key.ui/examples/standard_key/java_dl/polishFlagSort.key 
421539     INFO  main            d.u.i.k.p.i.AbstractProblemLoader Loading environment from /home/runner/work/key/key/key.core/../key.ui/examples/standard_key/java_dl/polishFlagSort.key 
421539     DEBUG main            d.u.i.k.p.i.AbstractProblemLoader Environment load took 76.7ns 
421541     INFO  main            d.u.i.k.p.i.AbstractProblemLoader Creating init config 
424057     DEBUG main            d.u.i.k.p.i.AbstractProblemLoader Init config took 2.52s 
424074     INFO  main            d.u.i.k.p.i.AbstractProblemLoader Replaying proof polishFlagSort.key 
424076     DEBUG main            d.u.i.k.p.i.IntermediateProofReplayer Proof replay took 6ns 
426486     INFO  main            d.u.i.k.p.r.p.TestFile    ... finished proof: closed. 
427176     INFO  main            d.u.i.k.p.i.AbstractProblemLoader Loading environment from /home/runner/work/key/key/key.core/../key.ui/examples/standard_key/java_dl/polishFlagSort.key.proof 
427176     DEBUG main            d.u.i.k.p.i.AbstractProblemLoader Environment load took 337.8ns 
427178     INFO  main            d.u.i.k.p.i.AbstractProblemLoader Creating init config 
429716     DEBUG main            d.u.i.k.p.i.AbstractProblemLoader Init config took 2.54s 
429730     INFO  main            d.u.i.k.p.i.AbstractProblemLoader Replaying proof polishFlagSort.key.proof 
430036     DEBUG main            d.u.i.k.p.i.IntermediateProofReplayer Proof replay took 294.96ms 
430038     DEBUG main            d.u.i.k.p.r.p.TestFile    ... success: reloaded. 
430039     INFO  main            d.u.i.k.p.r.p.TestFile    Now processing file /home/runner/work/key/key/key.core/../key.ui/examples/standard_key/java_dl/postConditionTaclets1.key 
430040     INFO  main            d.u.i.k.p.i.AbstractProblemLoader Loading environment from /home/runner/work/key/key/key.core/../key.ui/examples/standard_key/java_dl/postConditionTaclets1.key 
430040     DEBUG main            d.u.i.k.p.i.AbstractProblemLoader Environment load took 184ns 
430041     INFO  main            d.u.i.k.p.i.AbstractProblemLoader Creating init config 
432517     DEBUG main            d.u.i.k.p.i.AbstractProblemLoader Init config took 2.48s 
432530     INFO  main            d.u.i.k.p.i.AbstractProblemLoader Replaying proof postConditionTaclets1.key 
432533     DEBUG main            d.u.i.k.p.i.IntermediateProofReplayer Proof replay took 6.6ns 
432640     INFO  main            d.u.i.k.p.r.p.TestFile    ... finished proof: closed. 
433167     INFO  main            d.u.i.k.p.i.AbstractProblemLoader Loading environment from /home/runner/work/key/key/key.core/../key.ui/examples/standard_key/java_dl/postConditionTaclets1.key.proof 
433167     DEBUG main            d.u.i.k.p.i.AbstractProblemLoader Environment load took 88.3ns 
433168     INFO  main            d.u.i.k.p.i.AbstractProblemLoader Creating init config 
435616     DEBUG main            d.u.i.k.p.i.AbstractProblemLoader Init config took 2.45s 
435629     INFO  main            d.u.i.k.p.i.AbstractProblemLoader Replaying proof postConditionTaclets1.key.proof 
435631     DEBUG main            d.u.i.k.p.i.IntermediateProofReplayer Proof replay took 799ns 
435632     DEBUG main            d.u.i.k.p.r.p.TestFile    ... success: reloaded. 
435633     INFO  main            d.u.i.k.p.r.p.TestFile    Now processing file /home/runner/work/key/key/key.core/../key.ui/examples/standard_key/java_dl/postConditionTaclets2.key 
435633     INFO  main            d.u.i.k.p.i.AbstractProblemLoader Loading environment from /home/runner/work/key/key/key.core/../key.ui/examples/standard_key/java_dl/postConditionTaclets2.key 
435633     DEBUG main            d.u.i.k.p.i.AbstractProblemLoader Environment load took 100.5ns 
435634     INFO  main            d.u.i.k.p.i.AbstractProblemLoader Creating init config 
438177     DEBUG main            d.u.i.k.p.i.AbstractProblemLoader Init config took 2.54s 
438214     INFO  main            d.u.i.k.p.i.AbstractProblemLoader Replaying proof postConditionTaclets2.key 
438216     DEBUG main            d.u.i.k.p.i.IntermediateProofReplayer Proof replay took 8.4ns 
438320     INFO  main            d.u.i.k.p.r.p.TestFile    ... finished proof: closed. 
438839     INFO  main            d.u.i.k.p.i.AbstractProblemLoader Loading environment from /home/runner/work/key/key/key.core/../key.ui/examples/standard_key/java_dl/postConditionTaclets2.key.proof 
438839     DEBUG main            d.u.i.k.p.i.AbstractProblemLoader Environment load took 103.4ns 
438840     INFO  main            d.u.i.k.p.i.AbstractProblemLoader Creating init config 
441317     DEBUG main            d.u.i.k.p.i.AbstractProblemLoader Init config took 2.48s 
441330     INFO  main            d.u.i.k.p.i.AbstractProblemLoader Replaying proof postConditionTaclets2.key.proof 
441332     DEBUG main            d.u.i.k.p.i.IntermediateProofReplayer Proof replay took 704.8ns 
441333     DEBUG main            d.u.i.k.p.r.p.TestFile    ... success: reloaded. 
441334     INFO  main            d.u.i.k.p.r.p.TestFile    Now processing file /home/runner/work/key/key/key.core/../key.ui/examples/standard_key/java_dl/quantifiedQuery.key 
441334     INFO  main            d.u.i.k.p.i.AbstractProblemLoader Loading environment from /home/runner/work/key/key/key.core/../key.ui/examples/standard_key/java_dl/quantifiedQuery.key 
441334     DEBUG main            d.u.i.k.p.i.AbstractProblemLoader Environment load took 68.5ns 
441336     INFO  main            d.u.i.k.p.i.AbstractProblemLoader Creating init config 
443832     DEBUG main            d.u.i.k.p.i.AbstractProblemLoader Init config took 2.5s 
443845     INFO  main            d.u.i.k.p.i.AbstractProblemLoader Replaying proof quantifiedQuery.key 
443847     DEBUG main            d.u.i.k.p.i.IntermediateProofReplayer Proof replay took 6ns 
443949     INFO  main            d.u.i.k.p.r.p.TestFile    ... finished proof: closed. 
444496     INFO  main            d.u.i.k.p.i.AbstractProblemLoader Loading environment from /home/runner/work/key/key/key.core/../key.ui/examples/standard_key/java_dl/quantifiedQuery.key.proof 
444496     DEBUG main            d.u.i.k.p.i.AbstractProblemLoader Environment load took 79.5ns 
444497     INFO  main            d.u.i.k.p.i.AbstractProblemLoader Creating init config 
446999     DEBUG main            d.u.i.k.p.i.AbstractProblemLoader Init config took 2.5s 
447012     INFO  main            d.u.i.k.p.i.AbstractProblemLoader Replaying proof quantifiedQuery.key.proof 
447022     DEBUG main            d.u.i.k.p.i.IntermediateProofReplayer Proof replay took 8.24ms 
447023     DEBUG main            d.u.i.k.p.r.p.TestFile    ... success: reloaded. 
447024     INFO  main            d.u.i.k.p.r.p.TestFile    Now processing file /home/runner/work/key/key/key.core/../key.ui/examples/standard_key/java_dl/recursion/triangular.key 
447024     INFO  main            d.u.i.k.p.i.AbstractProblemLoader Loading environment from /home/runner/work/key/key/key.core/../key.ui/examples/standard_key/java_dl/recursion/triangular.key 
447024     DEBUG main            d.u.i.k.p.i.AbstractProblemLoader Environment load took 48.8ns 
447025     INFO  main            d.u.i.k.p.i.AbstractProblemLoader Creating init config 
449605     DEBUG main            d.u.i.k.p.i.AbstractProblemLoader Init config took 2.58s 
449660     INFO  main            d.u.i.k.p.i.AbstractProblemLoader Replaying proof Triangular[Triangular::tria(int)].JML normal_behavior operation contract.0 
449662     DEBUG main            d.u.i.k.p.i.IntermediateProofReplayer Proof replay took 6.8ns 
449865     INFO  main            d.u.i.k.p.r.p.TestFile    ... finished proof: closed. 
450397     INFO  main            d.u.i.k.p.i.AbstractProblemLoader Loading environment from /home/runner/work/key/key/key.core/../key.ui/examples/standard_key/java_dl/recursion/triangular.key.proof 
450397     DEBUG main            d.u.i.k.p.i.AbstractProblemLoader Environment load took 111.8ns 
450398     INFO  main            d.u.i.k.p.i.AbstractProblemLoader Creating init config 
452992     DEBUG main            d.u.i.k.p.i.AbstractProblemLoader Init config took 2.59s 
453023     INFO  main            d.u.i.k.p.i.AbstractProblemLoader Replaying proof Triangular[Triangular::tria(int)].JML normal_behavior operation contract.0 
453060     DEBUG main            d.u.i.k.p.i.IntermediateProofReplayer Proof replay took 35.31ms 
453062     DEBUG main            d.u.i.k.p.r.p.TestFile    ... success: reloaded. 
453063     INFO  main            d.u.i.k.p.r.p.TestFile    Now processing file /home/runner/work/key/key/key.core/../key.ui/examples/standard_key/java_dl/reverseArray.key 
453063     INFO  main            d.u.i.k.p.i.AbstractProblemLoader Loading environment from /home/runner/work/key/key/key.core/../key.ui/examples/standard_key/java_dl/reverseArray.key 
453064     DEBUG main            d.u.i.k.p.i.AbstractProblemLoader Environment load took 235ns 
453066     INFO  main            d.u.i.k.p.i.AbstractProblemLoader Creating init config 
453096     WARN  main            d.u.i.k.j.r.KeYCrossReferenceNameInfo Datatype java.lang.System declared twice: Once in FILE:/home/runner/work/key/key/key.core/../key.ui/examples/standard_key/java_dl/./classpath/System.java and once in URL:file:/home/runner/work/key/key/key.core/build/resources/main/de/uka/ilkd/key/java/JavaRedux/java/lang/System.java, Keeping one from URL:file:/home/runner/work/key/key/key.core/build/resources/main/de/uka/ilkd/key/java/JavaRedux/java/lang/System.java 
453096     WARN  main            d.u.i.k.j.r.KeYCrossReferenceNameInfo Datatype java.io.PrintStream declared twice: Once in FILE:/home/runner/work/key/key/key.core/../key.ui/examples/standard_key/java_dl/./classpath/PrintStream.java and once in URL:file:/home/runner/work/key/key/key.core/build/resources/main/de/uka/ilkd/key/java/JavaRedux/java/io/PrintStream.java, Keeping one from URL:file:/home/runner/work/key/key/key.core/build/resources/main/de/uka/ilkd/key/java/JavaRedux/java/io/PrintStream.java 
453096     WARN  main            d.u.i.k.j.r.KeYCrossReferenceNameInfo Datatype java.io.InputStream declared twice: Once in FILE:/home/runner/work/key/key/key.core/../key.ui/examples/standard_key/java_dl/./classpath/InputStream.java and once in URL:file:/home/runner/work/key/key/key.core/build/resources/main/de/uka/ilkd/key/java/JavaRedux/java/io/InputStream.java, Keeping one from URL:file:/home/runner/work/key/key/key.core/build/resources/main/de/uka/ilkd/key/java/JavaRedux/java/io/InputStream.java 
453100     DEBUG main            d.u.i.k.j.r.ClassFileDeclarationBuilder Parsing: package java.io; public class Closeable { } 
453100     DEBUG main            r.s.KeYCrossReferenceSourceInfo Dynamically created class: java.io.Closeable 
455721     DEBUG main            d.u.i.k.p.i.AbstractProblemLoader Init config took 2.65s 
455735     INFO  main            d.u.i.k.p.i.AbstractProblemLoader Replaying proof reverseArray.key 
455737     DEBUG main            d.u.i.k.p.i.IntermediateProofReplayer Proof replay took 6.3ns 
460348     INFO  main            d.u.i.k.p.r.p.TestFile    ... finished proof: closed. 
460925     INFO  main            d.u.i.k.p.i.AbstractProblemLoader Loading environment from /home/runner/work/key/key/key.core/../key.ui/examples/standard_key/java_dl/reverseArray.key.proof 
460925     DEBUG main            d.u.i.k.p.i.AbstractProblemLoader Environment load took 343.1ns 
460927     INFO  main            d.u.i.k.p.i.AbstractProblemLoader Creating init config 
460952     WARN  main            d.u.i.k.j.r.KeYCrossReferenceNameInfo Datatype java.lang.System declared twice: Once in FILE:/home/runner/work/key/key/key.core/../key.ui/examples/standard_key/java_dl/classpath/System.java and once in URL:file:/home/runner/work/key/key/key.core/build/resources/main/de/uka/ilkd/key/java/JavaRedux/java/lang/System.java, Keeping one from URL:file:/home/runner/work/key/key/key.core/build/resources/main/de/uka/ilkd/key/java/JavaRedux/java/lang/System.java 
460953     WARN  main            d.u.i.k.j.r.KeYCrossReferenceNameInfo Datatype java.io.PrintStream declared twice: Once in FILE:/home/runner/work/key/key/key.core/../key.ui/examples/standard_key/java_dl/classpath/PrintStream.java and once in URL:file:/home/runner/work/key/key/key.core/build/resources/main/de/uka/ilkd/key/java/JavaRedux/java/io/PrintStream.java, Keeping one from URL:file:/home/runner/work/key/key/key.core/build/resources/main/de/uka/ilkd/key/java/JavaRedux/java/io/PrintStream.java 
460953     WARN  main            d.u.i.k.j.r.KeYCrossReferenceNameInfo Datatype java.io.InputStream declared twice: Once in FILE:/home/runner/work/key/key/key.core/../key.ui/examples/standard_key/java_dl/classpath/InputStream.java and once in URL:file:/home/runner/work/key/key/key.core/build/resources/main/de/uka/ilkd/key/java/JavaRedux/java/io/InputStream.java, Keeping one from URL:file:/home/runner/work/key/key/key.core/build/resources/main/de/uka/ilkd/key/java/JavaRedux/java/io/InputStream.java 
460956     DEBUG main            d.u.i.k.j.r.ClassFileDeclarationBuilder Parsing: package java.io; public class Closeable { } 
460956     DEBUG main            r.s.KeYCrossReferenceSourceInfo Dynamically created class: java.io.Closeable 
463540     DEBUG main            d.u.i.k.p.i.AbstractProblemLoader Init config took 2.61s 
463561     INFO  main            d.u.i.k.p.i.AbstractProblemLoader Replaying proof reverseArray.key.proof 
464037     DEBUG main            d.u.i.k.p.i.IntermediateProofReplayer Proof replay took 463.63ms 
464039     DEBUG main            d.u.i.k.p.r.p.TestFile    ... success: reloaded. 
464040     INFO  main            d.u.i.k.p.r.p.TestFile    Now processing file /home/runner/work/key/key/key.core/../key.ui/examples/standard_key/java_dl/reverseArray2.key 
464040     INFO  main            d.u.i.k.p.i.AbstractProblemLoader Loading environment from /home/runner/work/key/key/key.core/../key.ui/examples/standard_key/java_dl/reverseArray2.key 
464041     DEBUG main            d.u.i.k.p.i.AbstractProblemLoader Environment load took 191ns 
464042     INFO  main            d.u.i.k.p.i.AbstractProblemLoader Creating init config 
464065     WARN  main            d.u.i.k.j.r.KeYCrossReferenceNameInfo Datatype java.lang.System declared twice: Once in FILE:/home/runner/work/key/key/key.core/../key.ui/examples/standard_key/java_dl/classpath/System.java and once in URL:file:/home/runner/work/key/key/key.core/build/resources/main/de/uka/ilkd/key/java/JavaRedux/java/lang/System.java, Keeping one from URL:file:/home/runner/work/key/key/key.core/build/resources/main/de/uka/ilkd/key/java/JavaRedux/java/lang/System.java 
464066     WARN  main            d.u.i.k.j.r.KeYCrossReferenceNameInfo Datatype java.io.PrintStream declared twice: Once in FILE:/home/runner/work/key/key/key.core/../key.ui/examples/standard_key/java_dl/classpath/PrintStream.java and once in URL:file:/home/runner/work/key/key/key.core/build/resources/main/de/uka/ilkd/key/java/JavaRedux/java/io/PrintStream.java, Keeping one from URL:file:/home/runner/work/key/key/key.core/build/resources/main/de/uka/ilkd/key/java/JavaRedux/java/io/PrintStream.java 
464066     WARN  main            d.u.i.k.j.r.KeYCrossReferenceNameInfo Datatype java.io.InputStream declared twice: Once in FILE:/home/runner/work/key/key/key.core/../key.ui/examples/standard_key/java_dl/classpath/InputStream.java and once in URL:file:/home/runner/work/key/key/key.core/build/resources/main/de/uka/ilkd/key/java/JavaRedux/java/io/InputStream.java, Keeping one from URL:file:/home/runner/work/key/key/key.core/build/resources/main/de/uka/ilkd/key/java/JavaRedux/java/io/InputStream.java 
464069     DEBUG main            d.u.i.k.j.r.ClassFileDeclarationBuilder Parsing: package java.io; public class Closeable { } 
464069     DEBUG main            r.s.KeYCrossReferenceSourceInfo Dynamically created class: java.io.Closeable 
466609     DEBUG main            d.u.i.k.p.i.AbstractProblemLoader Init config took 2.57s 
466626     INFO  main            d.u.i.k.p.i.AbstractProblemLoader Replaying proof reverseArray2.key 
466628     DEBUG main            d.u.i.k.p.i.IntermediateProofReplayer Proof replay took 37.6ns 
468134     INFO  main            d.u.i.k.p.r.p.TestFile    ... finished proof: closed. 
468713     INFO  main            d.u.i.k.p.i.AbstractProblemLoader Loading environment from /home/runner/work/key/key/key.core/../key.ui/examples/standard_key/java_dl/reverseArray2.key.proof 
468713     DEBUG main            d.u.i.k.p.i.AbstractProblemLoader Environment load took 323.1ns 
468715     INFO  main            d.u.i.k.p.i.AbstractProblemLoader Creating init config 
468737     WARN  main            d.u.i.k.j.r.KeYCrossReferenceNameInfo Datatype java.lang.System declared twice: Once in FILE:/home/runner/work/key/key/key.core/../key.ui/examples/standard_key/java_dl/classpath/System.java and once in URL:file:/home/runner/work/key/key/key.core/build/resources/main/de/uka/ilkd/key/java/JavaRedux/java/lang/System.java, Keeping one from URL:file:/home/runner/work/key/key/key.core/build/resources/main/de/uka/ilkd/key/java/JavaRedux/java/lang/System.java 
468737     WARN  main            d.u.i.k.j.r.KeYCrossReferenceNameInfo Datatype java.io.PrintStream declared twice: Once in FILE:/home/runner/work/key/key/key.core/../key.ui/examples/standard_key/java_dl/classpath/PrintStream.java and once in URL:file:/home/runner/work/key/key/key.core/build/resources/main/de/uka/ilkd/key/java/JavaRedux/java/io/PrintStream.java, Keeping one from URL:file:/home/runner/work/key/key/key.core/build/resources/main/de/uka/ilkd/key/java/JavaRedux/java/io/PrintStream.java 
468737     WARN  main            d.u.i.k.j.r.KeYCrossReferenceNameInfo Datatype java.io.InputStream declared twice: Once in FILE:/home/runner/work/key/key/key.core/../key.ui/examples/standard_key/java_dl/classpath/InputStream.java and once in URL:file:/home/runner/work/key/key/key.core/build/resources/main/de/uka/ilkd/key/java/JavaRedux/java/io/InputStream.java, Keeping one from URL:file:/home/runner/work/key/key/key.core/build/resources/main/de/uka/ilkd/key/java/JavaRedux/java/io/InputStream.java 
468741     DEBUG main            d.u.i.k.j.r.ClassFileDeclarationBuilder Parsing: package java.io; public class Closeable { } 
468742     DEBUG main            r.s.KeYCrossReferenceSourceInfo Dynamically created class: java.io.Closeable 
471307     DEBUG main            d.u.i.k.p.i.AbstractProblemLoader Init config took 2.59s 
471323     INFO  main            d.u.i.k.p.i.AbstractProblemLoader Replaying proof reverseArray2.key.proof 
471526     DEBUG main            d.u.i.k.p.i.IntermediateProofReplayer Proof replay took 192.79ms 
471528     DEBUG main            d.u.i.k.p.r.p.TestFile    ... success: reloaded. 
471529     INFO  main            d.u.i.k.p.r.p.TestFile    Now processing file /home/runner/work/key/key/key.core/../key.ui/examples/standard_key/java_dl/simpleAssignment.key 
471529     INFO  main            d.u.i.k.p.i.AbstractProblemLoader Loading environment from /home/runner/work/key/key/key.core/../key.ui/examples/standard_key/java_dl/simpleAssignment.key 
471530     DEBUG main            d.u.i.k.p.i.AbstractProblemLoader Environment load took 302.2ns 
471532     INFO  main            d.u.i.k.p.i.AbstractProblemLoader Creating init config 
473989     DEBUG main            d.u.i.k.p.i.AbstractProblemLoader Init config took 2.46s 
474004     INFO  main            d.u.i.k.p.i.AbstractProblemLoader Replaying proof simpleAssignment.key 
474005     DEBUG main            d.u.i.k.p.i.IntermediateProofReplayer Proof replay took 3.4ns 
474107     INFO  main            d.u.i.k.p.r.p.TestFile    ... finished proof: closed. 
474672     INFO  main            d.u.i.k.p.i.AbstractProblemLoader Loading environment from /home/runner/work/key/key/key.core/../key.ui/examples/standard_key/java_dl/simpleAssignment.key.proof 
474673     DEBUG main            d.u.i.k.p.i.AbstractProblemLoader Environment load took 89ns 
474673     INFO  main            d.u.i.k.p.i.AbstractProblemLoader Creating init config 
477169     DEBUG main            d.u.i.k.p.i.AbstractProblemLoader Init config took 2.5s 
477183     INFO  main            d.u.i.k.p.i.AbstractProblemLoader Replaying proof simpleAssignment.key.proof 
477185     DEBUG main            d.u.i.k.p.i.IntermediateProofReplayer Proof replay took 767ns 
477185     DEBUG main            d.u.i.k.p.r.p.TestFile    ... success: reloaded. 
477186     INFO  main            d.u.i.k.p.r.p.TestFile    Now processing file /home/runner/work/key/key/key.core/../key.ui/examples/standard_key/java_dl/simpleAssignment2.key 
477186     INFO  main            d.u.i.k.p.i.AbstractProblemLoader Loading environment from /home/runner/work/key/key/key.core/../key.ui/examples/standard_key/java_dl/simpleAssignment2.key 
477186     DEBUG main            d.u.i.k.p.i.AbstractProblemLoader Environment load took 106.9ns 
477187     INFO  main            d.u.i.k.p.i.AbstractProblemLoader Creating init config 
479668     DEBUG main            d.u.i.k.p.i.AbstractProblemLoader Init config took 2.48s 
479680     INFO  main            d.u.i.k.p.i.AbstractProblemLoader Replaying proof simpleAssignment2.key 
479682     DEBUG main            d.u.i.k.p.i.IntermediateProofReplayer Proof replay took 2.4ns 
479785     INFO  main            d.u.i.k.p.r.p.TestFile    ... finished proof: closed. 
480347     INFO  main            d.u.i.k.p.i.AbstractProblemLoader Loading environment from /home/runner/work/key/key/key.core/../key.ui/examples/standard_key/java_dl/simpleAssignment2.key.proof 
480347     DEBUG main            d.u.i.k.p.i.AbstractProblemLoader Environment load took 80.5ns 
480348     INFO  main            d.u.i.k.p.i.AbstractProblemLoader Creating init config 
482766     DEBUG main            d.u.i.k.p.i.AbstractProblemLoader Init config took 2.42s 
482778     INFO  main            d.u.i.k.p.i.AbstractProblemLoader Replaying proof simpleAssignment2.key.proof 
482781     DEBUG main            d.u.i.k.p.i.IntermediateProofReplayer Proof replay took 421.1ns 
482782     DEBUG main            d.u.i.k.p.r.p.TestFile    ... success: reloaded. 
482783     INFO  main            d.u.i.k.p.r.p.TestFile    Now processing file /home/runner/work/key/key/key.core/../key.ui/examples/standard_key/java_dl/splittingWithQueries.key 
482783     INFO  main            d.u.i.k.p.i.AbstractProblemLoader Loading environment from /home/runner/work/key/key/key.core/../key.ui/examples/standard_key/java_dl/splittingWithQueries.key 
482783     DEBUG main            d.u.i.k.p.i.AbstractProblemLoader Environment load took 83.1ns 
482784     INFO  main            d.u.i.k.p.i.AbstractProblemLoader Creating init config 
485262     DEBUG main            d.u.i.k.p.i.AbstractProblemLoader Init config took 2.48s 
485275     INFO  main            d.u.i.k.p.i.AbstractProblemLoader Replaying proof splittingWithQueries.key 
485276     DEBUG main            d.u.i.k.p.i.IntermediateProofReplayer Proof replay took 2.9ns 
485378     INFO  main            d.u.i.k.p.r.p.TestFile    ... finished proof: closed. 
485951     INFO  main            d.u.i.k.p.i.AbstractProblemLoader Loading environment from /home/runner/work/key/key/key.core/../key.ui/examples/standard_key/java_dl/splittingWithQueries.key.proof 
485951     DEBUG main            d.u.i.k.p.i.AbstractProblemLoader Environment load took 76.3ns 
485953     INFO  main            d.u.i.k.p.i.AbstractProblemLoader Creating init config 
488490     DEBUG main            d.u.i.k.p.i.AbstractProblemLoader Init config took 2.54s 
488502     INFO  main            d.u.i.k.p.i.AbstractProblemLoader Replaying proof splittingWithQueries.key.proof 
488505     DEBUG main            d.u.i.k.p.i.IntermediateProofReplayer Proof replay took 1.66ms 
488506     DEBUG main            d.u.i.k.p.r.p.TestFile    ... success: reloaded. 
488507     INFO  main            d.u.i.k.p.r.p.TestFile    Now processing file /home/runner/work/key/key/key.core/../key.ui/examples/standard_key/java_dl/strassen/strassen.key 
488508     INFO  main            d.u.i.k.p.i.AbstractProblemLoader Loading environment from /home/runner/work/key/key/key.core/../key.ui/examples/standard_key/java_dl/strassen/strassen.key 
488508     DEBUG main            d.u.i.k.p.i.AbstractProblemLoader Environment load took 212.8ns 
488509     INFO  main            d.u.i.k.p.i.AbstractProblemLoader Creating init config 
491162     DEBUG main            d.u.i.k.p.i.AbstractProblemLoader Init config took 2.65s 
491198     INFO  main            d.u.i.k.p.i.AbstractProblemLoader Replaying proof Matrix22[Matrix22::strassen(Matrix22,Matrix22)].JML normal_behavior operation contract.0 
491199     DEBUG main            d.u.i.k.p.i.IntermediateProofReplayer Proof replay took 2.7ns 
496569     INFO  main            d.u.i.k.p.r.p.TestFile    ... finished proof: closed. 
497305     INFO  main            d.u.i.k.p.i.AbstractProblemLoader Loading environment from /home/runner/work/key/key/key.core/../key.ui/examples/standard_key/java_dl/strassen/strassen.key.proof 
497305     DEBUG main            d.u.i.k.p.i.AbstractProblemLoader Environment load took 308.9ns 
497307     INFO  main            d.u.i.k.p.i.AbstractProblemLoader Creating init config 
499858     DEBUG main            d.u.i.k.p.i.AbstractProblemLoader Init config took 2.55s 
499897     INFO  main            d.u.i.k.p.i.AbstractProblemLoader Replaying proof Matrix22[Matrix22::strassen(Matrix22,Matrix22)].JML normal_behavior operation contract.0 
500361     DEBUG main            d.u.i.k.p.i.IntermediateProofReplayer Proof replay took 454.55ms 
500363     DEBUG main            d.u.i.k.p.r.p.TestFile    ... success: reloaded. 
500364     INFO  main            d.u.i.k.p.r.p.TestFile    Now processing file /home/runner/work/key/key/key.core/../key.ui/examples/standard_key/java_dl/symmArray.key 
500364     INFO  main            d.u.i.k.p.i.AbstractProblemLoader Loading environment from /home/runner/work/key/key/key.core/../key.ui/examples/standard_key/java_dl/symmArray.key 
500364     DEBUG main            d.u.i.k.p.i.AbstractProblemLoader Environment load took 94.8ns 
500368     INFO  main            d.u.i.k.p.i.AbstractProblemLoader Creating init config 
503120     DEBUG main            d.u.i.k.p.i.AbstractProblemLoader Init config took 2.75s 
503137     INFO  main            d.u.i.k.p.i.AbstractProblemLoader Replaying proof symmArray.key 
503139     DEBUG main            d.u.i.k.p.i.IntermediateProofReplayer Proof replay took 3.1ns 
584718     INFO  main            d.u.i.k.p.r.p.TestFile    ... finished proof: closed. 
585454     INFO  main            d.u.i.k.p.i.AbstractProblemLoader Loading environment from /home/runner/work/key/key/key.core/../key.ui/examples/standard_key/java_dl/symmArray.key.proof 
585454     DEBUG main            d.u.i.k.p.i.AbstractProblemLoader Environment load took 459.8ns 
585459     INFO  main            d.u.i.k.p.i.AbstractProblemLoader Creating init config 
588047     DEBUG main            d.u.i.k.p.i.AbstractProblemLoader Init config took 2.59s 
588065     INFO  main            d.u.i.k.p.i.AbstractProblemLoader Replaying proof symmArray.key.proof 
589115     DEBUG main            d.u.i.k.p.i.IntermediateProofReplayer Proof replay took 993.37ms 
589120     DEBUG main            d.u.i.k.p.r.p.TestFile    ... success: reloaded. 
589120     INFO  main            d.u.i.k.p.r.p.TestFile    Now processing file /home/runner/work/key/key/key.core/../key.ui/examples/standard_key/java_dl/testcontext.key 
589121     INFO  main            d.u.i.k.p.i.AbstractProblemLoader Loading environment from /home/runner/work/key/key/key.core/../key.ui/examples/standard_key/java_dl/testcontext.key 
589121     DEBUG main            d.u.i.k.p.i.AbstractProblemLoader Environment load took 83.7ns 
589122     INFO  main            d.u.i.k.p.i.AbstractProblemLoader Creating init config 
589145     WARN  main            d.u.i.k.j.r.KeYCrossReferenceNameInfo Datatype java.lang.System declared twice: Once in FILE:/home/runner/work/key/key/key.core/../key.ui/examples/standard_key/java_dl/classpath/System.java and once in URL:file:/home/runner/work/key/key/key.core/build/resources/main/de/uka/ilkd/key/java/JavaRedux/java/lang/System.java, Keeping one from URL:file:/home/runner/work/key/key/key.core/build/resources/main/de/uka/ilkd/key/java/JavaRedux/java/lang/System.java 
589146     WARN  main            d.u.i.k.j.r.KeYCrossReferenceNameInfo Datatype java.io.PrintStream declared twice: Once in FILE:/home/runner/work/key/key/key.core/../key.ui/examples/standard_key/java_dl/classpath/PrintStream.java and once in URL:file:/home/runner/work/key/key/key.core/build/resources/main/de/uka/ilkd/key/java/JavaRedux/java/io/PrintStream.java, Keeping one from URL:file:/home/runner/work/key/key/key.core/build/resources/main/de/uka/ilkd/key/java/JavaRedux/java/io/PrintStream.java 
589146     WARN  main            d.u.i.k.j.r.KeYCrossReferenceNameInfo Datatype java.io.InputStream declared twice: Once in FILE:/home/runner/work/key/key/key.core/../key.ui/examples/standard_key/java_dl/classpath/InputStream.java and once in URL:file:/home/runner/work/key/key/key.core/build/resources/main/de/uka/ilkd/key/java/JavaRedux/java/io/InputStream.java, Keeping one from URL:file:/home/runner/work/key/key/key.core/build/resources/main/de/uka/ilkd/key/java/JavaRedux/java/io/InputStream.java 
589149     DEBUG main            d.u.i.k.j.r.ClassFileDeclarationBuilder Parsing: package java.io; public class Closeable { } 
589149     DEBUG main            r.s.KeYCrossReferenceSourceInfo Dynamically created class: java.io.Closeable 
591718     DEBUG main            d.u.i.k.p.i.AbstractProblemLoader Init config took 2.6s 
591733     INFO  main            d.u.i.k.p.i.AbstractProblemLoader Replaying proof testcontext.key 
591735     DEBUG main            d.u.i.k.p.i.IntermediateProofReplayer Proof replay took 2.6ns 
592037     INFO  main            d.u.i.k.p.r.p.TestFile    ... finished proof: closed. 
592781     INFO  main            d.u.i.k.p.i.AbstractProblemLoader Loading environment from /home/runner/work/key/key/key.core/../key.ui/examples/standard_key/java_dl/testcontext.key.proof 
592782     DEBUG main            d.u.i.k.p.i.AbstractProblemLoader Environment load took 75.9ns 
592783     INFO  main            d.u.i.k.p.i.AbstractProblemLoader Creating init config 
592805     WARN  main            d.u.i.k.j.r.KeYCrossReferenceNameInfo Datatype java.lang.System declared twice: Once in FILE:/home/runner/work/key/key/key.core/../key.ui/examples/standard_key/java_dl/classpath/System.java and once in URL:file:/home/runner/work/key/key/key.core/build/resources/main/de/uka/ilkd/key/java/JavaRedux/java/lang/System.java, Keeping one from URL:file:/home/runner/work/key/key/key.core/build/resources/main/de/uka/ilkd/key/java/JavaRedux/java/lang/System.java 
592805     WARN  main            d.u.i.k.j.r.KeYCrossReferenceNameInfo Datatype java.io.PrintStream declared twice: Once in FILE:/home/runner/work/key/key/key.core/../key.ui/examples/standard_key/java_dl/classpath/PrintStream.java and once in URL:file:/home/runner/work/key/key/key.core/build/resources/main/de/uka/ilkd/key/java/JavaRedux/java/io/PrintStream.java, Keeping one from URL:file:/home/runner/work/key/key/key.core/build/resources/main/de/uka/ilkd/key/java/JavaRedux/java/io/PrintStream.java 
592805     WARN  main            d.u.i.k.j.r.KeYCrossReferenceNameInfo Datatype java.io.InputStream declared twice: Once in FILE:/home/runner/work/key/key/key.core/../key.ui/examples/standard_key/java_dl/classpath/InputStream.java and once in URL:file:/home/runner/work/key/key/key.core/build/resources/main/de/uka/ilkd/key/java/JavaRedux/java/io/InputStream.java, Keeping one from URL:file:/home/runner/work/key/key/key.core/build/resources/main/de/uka/ilkd/key/java/JavaRedux/java/io/InputStream.java 
592809     DEBUG main            d.u.i.k.j.r.ClassFileDeclarationBuilder Parsing: package java.io; public class Closeable { } 
592809     DEBUG main            r.s.KeYCrossReferenceSourceInfo Dynamically created class: java.io.Closeable 
595234     DEBUG main            d.u.i.k.p.i.AbstractProblemLoader Init config took 2.45s 
595248     INFO  main            d.u.i.k.p.i.AbstractProblemLoader Replaying proof testcontext.key.proof 
595303     DEBUG main            d.u.i.k.p.i.IntermediateProofReplayer Proof replay took 52.28ms 
595304     DEBUG main            d.u.i.k.p.r.p.TestFile    ... success: reloaded. 
595305     INFO  main            d.u.i.k.p.r.p.TestFile    Now processing file /home/runner/work/key/key/key.core/../key.ui/examples/standard_key/staticInitialisation/cascadeStaticInitialisation.key 
595305     INFO  main            d.u.i.k.p.i.AbstractProblemLoader Loading environment from /home/runner/work/key/key/key.core/../key.ui/examples/standard_key/staticInitialisation/cascadeStaticInitialisation.key 
595305     DEBUG main            d.u.i.k.p.i.AbstractProblemLoader Environment load took 81.1ns 
595308     INFO  main            d.u.i.k.p.i.AbstractProblemLoader Creating init config 
595329     WARN  main            d.u.i.k.j.r.KeYCrossReferenceNameInfo Datatype java.lang.System declared twice: Once in FILE:/home/runner/work/key/key/key.core/../key.ui/examples/standard_key/staticInitialisation/classpath/System.java and once in URL:file:/home/runner/work/key/key/key.core/build/resources/main/de/uka/ilkd/key/java/JavaRedux/java/lang/System.java, Keeping one from URL:file:/home/runner/work/key/key/key.core/build/resources/main/de/uka/ilkd/key/java/JavaRedux/java/lang/System.java 
595329     WARN  main            d.u.i.k.j.r.KeYCrossReferenceNameInfo Datatype java.io.PrintStream declared twice: Once in FILE:/home/runner/work/key/key/key.core/../key.ui/examples/standard_key/staticInitialisation/classpath/PrintStream.java and once in URL:file:/home/runner/work/key/key/key.core/build/resources/main/de/uka/ilkd/key/java/JavaRedux/java/io/PrintStream.java, Keeping one from URL:file:/home/runner/work/key/key/key.core/build/resources/main/de/uka/ilkd/key/java/JavaRedux/java/io/PrintStream.java 
597899     DEBUG main            d.u.i.k.p.i.AbstractProblemLoader Init config took 2.59s 
597916     INFO  main            d.u.i.k.p.i.AbstractProblemLoader Replaying proof cascadeStaticInitialisation.key 
597917     DEBUG main            d.u.i.k.p.i.IntermediateProofReplayer Proof replay took 3.3ns 
598629     INFO  main            d.u.i.k.p.r.p.TestFile    ... finished proof: closed. 
599350     INFO  main            d.u.i.k.p.i.AbstractProblemLoader Loading environment from /home/runner/work/key/key/key.core/../key.ui/examples/standard_key/staticInitialisation/cascadeStaticInitialisation.key.proof 
599350     DEBUG main            d.u.i.k.p.i.AbstractProblemLoader Environment load took 73.8ns 
599352     INFO  main            d.u.i.k.p.i.AbstractProblemLoader Creating init config 
599379     WARN  main            d.u.i.k.j.r.KeYCrossReferenceNameInfo Datatype java.lang.System declared twice: Once in FILE:/home/runner/work/key/key/key.core/../key.ui/examples/standard_key/staticInitialisation/classpath/System.java and once in URL:file:/home/runner/work/key/key/key.core/build/resources/main/de/uka/ilkd/key/java/JavaRedux/java/lang/System.java, Keeping one from URL:file:/home/runner/work/key/key/key.core/build/resources/main/de/uka/ilkd/key/java/JavaRedux/java/lang/System.java 
599379     WARN  main            d.u.i.k.j.r.KeYCrossReferenceNameInfo Datatype java.io.PrintStream declared twice: Once in FILE:/home/runner/work/key/key/key.core/../key.ui/examples/standard_key/staticInitialisation/classpath/PrintStream.java and once in URL:file:/home/runner/work/key/key/key.core/build/resources/main/de/uka/ilkd/key/java/JavaRedux/java/io/PrintStream.java, Keeping one from URL:file:/home/runner/work/key/key/key.core/build/resources/main/de/uka/ilkd/key/java/JavaRedux/java/io/PrintStream.java 
601919     DEBUG main            d.u.i.k.p.i.AbstractProblemLoader Init config took 2.57s 
601934     INFO  main            d.u.i.k.p.i.AbstractProblemLoader Replaying proof cascadeStaticInitialisation.key.proof 
602054     DEBUG main            d.u.i.k.p.i.IntermediateProofReplayer Proof replay took 116.98ms 
602055     DEBUG main            d.u.i.k.p.r.p.TestFile    ... success: reloaded. 
602056     INFO  main            d.u.i.k.p.r.p.TestFile    Now processing file /home/runner/work/key/key/key.core/../key.ui/examples/standard_key/staticInitialisation/erroneousClassImpliesErroneousSubclass.key 
602056     INFO  main            d.u.i.k.p.i.AbstractProblemLoader Loading environment from /home/runner/work/key/key/key.core/../key.ui/examples/standard_key/staticInitialisation/erroneousClassImpliesErroneousSubclass.key 
602056     DEBUG main            d.u.i.k.p.i.AbstractProblemLoader Environment load took 78.2ns 
602057     INFO  main            d.u.i.k.p.i.AbstractProblemLoader Creating init config 
602080     WARN  main            d.u.i.k.j.r.KeYCrossReferenceNameInfo Datatype java.lang.System declared twice: Once in FILE:/home/runner/work/key/key/key.core/../key.ui/examples/standard_key/staticInitialisation/classpath/System.java and once in URL:file:/home/runner/work/key/key/key.core/build/resources/main/de/uka/ilkd/key/java/JavaRedux/java/lang/System.java, Keeping one from URL:file:/home/runner/work/key/key/key.core/build/resources/main/de/uka/ilkd/key/java/JavaRedux/java/lang/System.java 
602080     WARN  main            d.u.i.k.j.r.KeYCrossReferenceNameInfo Datatype java.io.PrintStream declared twice: Once in FILE:/home/runner/work/key/key/key.core/../key.ui/examples/standard_key/staticInitialisation/classpath/PrintStream.java and once in URL:file:/home/runner/work/key/key/key.core/build/resources/main/de/uka/ilkd/key/java/JavaRedux/java/io/PrintStream.java, Keeping one from URL:file:/home/runner/work/key/key/key.core/build/resources/main/de/uka/ilkd/key/java/JavaRedux/java/io/PrintStream.java 
604590     DEBUG main            d.u.i.k.p.i.AbstractProblemLoader Init config took 2.53s 
604602     INFO  main            d.u.i.k.p.i.AbstractProblemLoader Replaying proof erroneousClassImpliesErroneousSubclass.key 
604603     DEBUG main            d.u.i.k.p.i.IntermediateProofReplayer Proof replay took 3ns 
604706     INFO  main            d.u.i.k.p.r.p.TestFile    ... finished proof: closed. 
605409     INFO  main            d.u.i.k.p.i.AbstractProblemLoader Loading environment from /home/runner/work/key/key/key.core/../key.ui/examples/standard_key/staticInitialisation/erroneousClassImpliesErroneousSubclass.key.proof 
605409     DEBUG main            d.u.i.k.p.i.AbstractProblemLoader Environment load took 111.3ns 
605410     INFO  main            d.u.i.k.p.i.AbstractProblemLoader Creating init config 
605431     WARN  main            d.u.i.k.j.r.KeYCrossReferenceNameInfo Datatype java.lang.System declared twice: Once in FILE:/home/runner/work/key/key/key.core/../key.ui/examples/standard_key/staticInitialisation/classpath/System.java and once in URL:file:/home/runner/work/key/key/key.core/build/resources/main/de/uka/ilkd/key/java/JavaRedux/java/lang/System.java, Keeping one from URL:file:/home/runner/work/key/key/key.core/build/resources/main/de/uka/ilkd/key/java/JavaRedux/java/lang/System.java 
605431     WARN  main            d.u.i.k.j.r.KeYCrossReferenceNameInfo Datatype java.io.PrintStream declared twice: Once in FILE:/home/runner/work/key/key/key.core/../key.ui/examples/standard_key/staticInitialisation/classpath/PrintStream.java and once in URL:file:/home/runner/work/key/key/key.core/build/resources/main/de/uka/ilkd/key/java/JavaRedux/java/io/PrintStream.java, Keeping one from URL:file:/home/runner/work/key/key/key.core/build/resources/main/de/uka/ilkd/key/java/JavaRedux/java/io/PrintStream.java 
607879     DEBUG main            d.u.i.k.p.i.AbstractProblemLoader Init config took 2.47s 
607893     INFO  main            d.u.i.k.p.i.AbstractProblemLoader Replaying proof erroneousClassImpliesErroneousSubclass.key.proof 
607895     DEBUG main            d.u.i.k.p.i.IntermediateProofReplayer Proof replay took 682.2ns 
607896     DEBUG main            d.u.i.k.p.r.p.TestFile    ... success: reloaded. 
607897     INFO  main            d.u.i.k.p.r.p.TestFile    Now processing file /home/runner/work/key/key/key.core/../key.ui/examples/standard_key/staticInitialisation/initializedSubclassImpliesInitializedSuperclass.key 
607897     INFO  main            d.u.i.k.p.i.AbstractProblemLoader Loading environment from /home/runner/work/key/key/key.core/../key.ui/examples/standard_key/staticInitialisation/initializedSubclassImpliesInitializedSuperclass.key 
607897     DEBUG main            d.u.i.k.p.i.AbstractProblemLoader Environment load took 83.7ns 
607898     INFO  main            d.u.i.k.p.i.AbstractProblemLoader Creating init config 
607919     WARN  main            d.u.i.k.j.r.KeYCrossReferenceNameInfo Datatype java.lang.System declared twice: Once in FILE:/home/runner/work/key/key/key.core/../key.ui/examples/standard_key/staticInitialisation/classpath/System.java and once in URL:file:/home/runner/work/key/key/key.core/build/resources/main/de/uka/ilkd/key/java/JavaRedux/java/lang/System.java, Keeping one from URL:file:/home/runner/work/key/key/key.core/build/resources/main/de/uka/ilkd/key/java/JavaRedux/java/lang/System.java 
607919     WARN  main            d.u.i.k.j.r.KeYCrossReferenceNameInfo Datatype java.io.PrintStream declared twice: Once in FILE:/home/runner/work/key/key/key.core/../key.ui/examples/standard_key/staticInitialisation/classpath/PrintStream.java and once in URL:file:/home/runner/work/key/key/key.core/build/resources/main/de/uka/ilkd/key/java/JavaRedux/java/io/PrintStream.java, Keeping one from URL:file:/home/runner/work/key/key/key.core/build/resources/main/de/uka/ilkd/key/java/JavaRedux/java/io/PrintStream.java 
610633     DEBUG main            d.u.i.k.p.i.AbstractProblemLoader Init config took 2.73s 
610647     INFO  main            d.u.i.k.p.i.AbstractProblemLoader Replaying proof initializedSubclassImpliesInitializedSuperclass.key 
610648     DEBUG main            d.u.i.k.p.i.IntermediateProofReplayer Proof replay took 2.8ns 
610750     INFO  main            d.u.i.k.p.r.p.TestFile    ... finished proof: closed. 
611463     INFO  main            d.u.i.k.p.i.AbstractProblemLoader Loading environment from /home/runner/work/key/key/key.core/../key.ui/examples/standard_key/staticInitialisation/initializedSubclassImpliesInitializedSuperclass.key.proof 
611463     DEBUG main            d.u.i.k.p.i.AbstractProblemLoader Environment load took 85.1ns 
611464     INFO  main            d.u.i.k.p.i.AbstractProblemLoader Creating init config 
611488     WARN  main            d.u.i.k.j.r.KeYCrossReferenceNameInfo Datatype java.lang.System declared twice: Once in FILE:/home/runner/work/key/key/key.core/../key.ui/examples/standard_key/staticInitialisation/classpath/System.java and once in URL:file:/home/runner/work/key/key/key.core/build/resources/main/de/uka/ilkd/key/java/JavaRedux/java/lang/System.java, Keeping one from URL:file:/home/runner/work/key/key/key.core/build/resources/main/de/uka/ilkd/key/java/JavaRedux/java/lang/System.java 
611488     WARN  main            d.u.i.k.j.r.KeYCrossReferenceNameInfo Datatype java.io.PrintStream declared twice: Once in FILE:/home/runner/work/key/key/key.core/../key.ui/examples/standard_key/staticInitialisation/classpath/PrintStream.java and once in URL:file:/home/runner/work/key/key/key.core/build/resources/main/de/uka/ilkd/key/java/JavaRedux/java/io/PrintStream.java, Keeping one from URL:file:/home/runner/work/key/key/key.core/build/resources/main/de/uka/ilkd/key/java/JavaRedux/java/io/PrintStream.java 
614042     DEBUG main            d.u.i.k.p.i.AbstractProblemLoader Init config took 2.58s 
614056     INFO  main            d.u.i.k.p.i.AbstractProblemLoader Replaying proof initializedSubclassImpliesInitializedSuperclass.key.proof 
614058     DEBUG main            d.u.i.k.p.i.IntermediateProofReplayer Proof replay took 367.8ns 
614059     DEBUG main            d.u.i.k.p.r.p.TestFile    ... success: reloaded. 
614059     INFO  main            d.u.i.k.p.r.p.TestFile    Now processing file /home/runner/work/key/key/key.core/../key.ui/examples/standard_key/staticInitialisation/localDeclared.key 
614060     INFO  main            d.u.i.k.p.i.AbstractProblemLoader Loading environment from /home/runner/work/key/key/key.core/../key.ui/examples/standard_key/staticInitialisation/localDeclared.key 
614060     DEBUG main            d.u.i.k.p.i.AbstractProblemLoader Environment load took 56ns 
614062     INFO  main            d.u.i.k.p.i.AbstractProblemLoader Creating init config 
614087     WARN  main            d.u.i.k.j.r.KeYCrossReferenceNameInfo Datatype java.lang.System declared twice: Once in FILE:/home/runner/work/key/key/key.core/../key.ui/examples/standard_key/staticInitialisation/classpath/System.java and once in URL:file:/home/runner/work/key/key/key.core/build/resources/main/de/uka/ilkd/key/java/JavaRedux/java/lang/System.java, Keeping one from URL:file:/home/runner/work/key/key/key.core/build/resources/main/de/uka/ilkd/key/java/JavaRedux/java/lang/System.java 
614087     WARN  main            d.u.i.k.j.r.KeYCrossReferenceNameInfo Datatype java.io.PrintStream declared twice: Once in FILE:/home/runner/work/key/key/key.core/../key.ui/examples/standard_key/staticInitialisation/classpath/PrintStream.java and once in URL:file:/home/runner/work/key/key/key.core/build/resources/main/de/uka/ilkd/key/java/JavaRedux/java/io/PrintStream.java, Keeping one from URL:file:/home/runner/work/key/key/key.core/build/resources/main/de/uka/ilkd/key/java/JavaRedux/java/io/PrintStream.java 
616704     DEBUG main            d.u.i.k.p.i.AbstractProblemLoader Init config took 2.64s 
616719     INFO  main            d.u.i.k.p.i.AbstractProblemLoader Replaying proof localDeclared.key 
616720     DEBUG main            d.u.i.k.p.i.IntermediateProofReplayer Proof replay took 2.8ns 
617023     INFO  main            d.u.i.k.p.r.p.TestFile    ... finished proof: closed. 
617715     INFO  main            d.u.i.k.p.i.AbstractProblemLoader Loading environment from /home/runner/work/key/key/key.core/../key.ui/examples/standard_key/staticInitialisation/localDeclared.key.proof 
617715     DEBUG main            d.u.i.k.p.i.AbstractProblemLoader Environment load took 78ns 
617716     INFO  main            d.u.i.k.p.i.AbstractProblemLoader Creating init config 
617741     WARN  main            d.u.i.k.j.r.KeYCrossReferenceNameInfo Datatype java.lang.System declared twice: Once in FILE:/home/runner/work/key/key/key.core/../key.ui/examples/standard_key/staticInitialisation/classpath/System.java and once in URL:file:/home/runner/work/key/key/key.core/build/resources/main/de/uka/ilkd/key/java/JavaRedux/java/lang/System.java, Keeping one from URL:file:/home/runner/work/key/key/key.core/build/resources/main/de/uka/ilkd/key/java/JavaRedux/java/lang/System.java 
617742     WARN  main            d.u.i.k.j.r.KeYCrossReferenceNameInfo Datatype java.io.PrintStream declared twice: Once in FILE:/home/runner/work/key/key/key.core/../key.ui/examples/standard_key/staticInitialisation/classpath/PrintStream.java and once in URL:file:/home/runner/work/key/key/key.core/build/resources/main/de/uka/ilkd/key/java/JavaRedux/java/io/PrintStream.java, Keeping one from URL:file:/home/runner/work/key/key/key.core/build/resources/main/de/uka/ilkd/key/java/JavaRedux/java/io/PrintStream.java 
620322     DEBUG main            d.u.i.k.p.i.AbstractProblemLoader Init config took 2.61s 
620335     INFO  main            d.u.i.k.p.i.AbstractProblemLoader Replaying proof localDeclared.key.proof 
620389     DEBUG main            d.u.i.k.p.i.IntermediateProofReplayer Proof replay took 51.83ms 
620390     DEBUG main            d.u.i.k.p.r.p.TestFile    ... success: reloaded. 
620391     INFO  main            d.u.i.k.p.r.p.TestFile    Now processing file /home/runner/work/key/key/key.core/../key.ui/examples/standard_key/staticInitialisation/localDeclaredMethod.key 
620392     INFO  main            d.u.i.k.p.i.AbstractProblemLoader Loading environment from /home/runner/work/key/key/key.core/../key.ui/examples/standard_key/staticInitialisation/localDeclaredMethod.key 
620392     DEBUG main            d.u.i.k.p.i.AbstractProblemLoader Environment load took 85.7ns 
620393     INFO  main            d.u.i.k.p.i.AbstractProblemLoader Creating init config 
620414     WARN  main            d.u.i.k.j.r.KeYCrossReferenceNameInfo Datatype java.lang.System declared twice: Once in FILE:/home/runner/work/key/key/key.core/../key.ui/examples/standard_key/staticInitialisation/classpath/System.java and once in URL:file:/home/runner/work/key/key/key.core/build/resources/main/de/uka/ilkd/key/java/JavaRedux/java/lang/System.java, Keeping one from URL:file:/home/runner/work/key/key/key.core/build/resources/main/de/uka/ilkd/key/java/JavaRedux/java/lang/System.java 
620414     WARN  main            d.u.i.k.j.r.KeYCrossReferenceNameInfo Datatype java.io.PrintStream declared twice: Once in FILE:/home/runner/work/key/key/key.core/../key.ui/examples/standard_key/staticInitialisation/classpath/PrintStream.java and once in URL:file:/home/runner/work/key/key/key.core/build/resources/main/de/uka/ilkd/key/java/JavaRedux/java/io/PrintStream.java, Keeping one from URL:file:/home/runner/work/key/key/key.core/build/resources/main/de/uka/ilkd/key/java/JavaRedux/java/io/PrintStream.java 
623064     DEBUG main            d.u.i.k.p.i.AbstractProblemLoader Init config took 2.67s 
623080     INFO  main            d.u.i.k.p.i.AbstractProblemLoader Replaying proof localDeclaredMethod.key 
623081     DEBUG main            d.u.i.k.p.i.IntermediateProofReplayer Proof replay took 3.7ns 
623384     INFO  main            d.u.i.k.p.r.p.TestFile    ... finished proof: closed. 
624098     INFO  main            d.u.i.k.p.i.AbstractProblemLoader Loading environment from /home/runner/work/key/key/key.core/../key.ui/examples/standard_key/staticInitialisation/localDeclaredMethod.key.proof 
624098     DEBUG main            d.u.i.k.p.i.AbstractProblemLoader Environment load took 77.2ns 
624099     INFO  main            d.u.i.k.p.i.AbstractProblemLoader Creating init config 
624122     WARN  main            d.u.i.k.j.r.KeYCrossReferenceNameInfo Datatype java.lang.System declared twice: Once in FILE:/home/runner/work/key/key/key.core/../key.ui/examples/standard_key/staticInitialisation/classpath/System.java and once in URL:file:/home/runner/work/key/key/key.core/build/resources/main/de/uka/ilkd/key/java/JavaRedux/java/lang/System.java, Keeping one from URL:file:/home/runner/work/key/key/key.core/build/resources/main/de/uka/ilkd/key/java/JavaRedux/java/lang/System.java 
624122     WARN  main            d.u.i.k.j.r.KeYCrossReferenceNameInfo Datatype java.io.PrintStream declared twice: Once in FILE:/home/runner/work/key/key/key.core/../key.ui/examples/standard_key/staticInitialisation/classpath/PrintStream.java and once in URL:file:/home/runner/work/key/key/key.core/build/resources/main/de/uka/ilkd/key/java/JavaRedux/java/io/PrintStream.java, Keeping one from URL:file:/home/runner/work/key/key/key.core/build/resources/main/de/uka/ilkd/key/java/JavaRedux/java/io/PrintStream.java 
626734     DEBUG main            d.u.i.k.p.i.AbstractProblemLoader Init config took 2.63s 
626747     INFO  main            d.u.i.k.p.i.AbstractProblemLoader Replaying proof localDeclaredMethod.key.proof 
626791     DEBUG main            d.u.i.k.p.i.IntermediateProofReplayer Proof replay took 42.16ms 
626792     DEBUG main            d.u.i.k.p.r.p.TestFile    ... success: reloaded. 
626793     INFO  main            d.u.i.k.p.r.p.TestFile    Now processing file /home/runner/work/key/key/key.core/../key.ui/examples/standard_key/staticInitialisation/objectOfErroneousClass.key 
626793     INFO  main            d.u.i.k.p.i.AbstractProblemLoader Loading environment from /home/runner/work/key/key/key.core/../key.ui/examples/standard_key/staticInitialisation/objectOfErroneousClass.key 
626793     DEBUG main            d.u.i.k.p.i.AbstractProblemLoader Environment load took 80.6ns 
626794     INFO  main            d.u.i.k.p.i.AbstractProblemLoader Creating init config 
626815     WARN  main            d.u.i.k.j.r.KeYCrossReferenceNameInfo Datatype java.lang.System declared twice: Once in FILE:/home/runner/work/key/key/key.core/../key.ui/examples/standard_key/staticInitialisation/classpath/System.java and once in URL:file:/home/runner/work/key/key/key.core/build/resources/main/de/uka/ilkd/key/java/JavaRedux/java/lang/System.java, Keeping one from URL:file:/home/runner/work/key/key/key.core/build/resources/main/de/uka/ilkd/key/java/JavaRedux/java/lang/System.java 
626815     WARN  main            d.u.i.k.j.r.KeYCrossReferenceNameInfo Datatype java.io.PrintStream declared twice: Once in FILE:/home/runner/work/key/key/key.core/../key.ui/examples/standard_key/staticInitialisation/classpath/PrintStream.java and once in URL:file:/home/runner/work/key/key/key.core/build/resources/main/de/uka/ilkd/key/java/JavaRedux/java/io/PrintStream.java, Keeping one from URL:file:/home/runner/work/key/key/key.core/build/resources/main/de/uka/ilkd/key/java/JavaRedux/java/io/PrintStream.java 
629511     DEBUG main            d.u.i.k.p.i.AbstractProblemLoader Init config took 2.72s 
629526     INFO  main            d.u.i.k.p.i.AbstractProblemLoader Replaying proof objectOfErroneousClass.key 
629528     DEBUG main            d.u.i.k.p.i.IntermediateProofReplayer Proof replay took 3.4ns 
643233     INFO  main            d.u.i.k.p.r.p.TestFile    ... finished proof: closed. 
644007     INFO  main            d.u.i.k.p.i.AbstractProblemLoader Loading environment from /home/runner/work/key/key/key.core/../key.ui/examples/standard_key/staticInitialisation/objectOfErroneousClass.key.proof 
644007     DEBUG main            d.u.i.k.p.i.AbstractProblemLoader Environment load took 241ns 
644010     INFO  main            d.u.i.k.p.i.AbstractProblemLoader Creating init config 
644032     WARN  main            d.u.i.k.j.r.KeYCrossReferenceNameInfo Datatype java.lang.System declared twice: Once in FILE:/home/runner/work/key/key/key.core/../key.ui/examples/standard_key/staticInitialisation/classpath/System.java and once in URL:file:/home/runner/work/key/key/key.core/build/resources/main/de/uka/ilkd/key/java/JavaRedux/java/lang/System.java, Keeping one from URL:file:/home/runner/work/key/key/key.core/build/resources/main/de/uka/ilkd/key/java/JavaRedux/java/lang/System.java 
644032     WARN  main            d.u.i.k.j.r.KeYCrossReferenceNameInfo Datatype java.io.PrintStream declared twice: Once in FILE:/home/runner/work/key/key/key.core/../key.ui/examples/standard_key/staticInitialisation/classpath/PrintStream.java and once in URL:file:/home/runner/work/key/key/key.core/build/resources/main/de/uka/ilkd/key/java/JavaRedux/java/io/PrintStream.java, Keeping one from URL:file:/home/runner/work/key/key/key.core/build/resources/main/de/uka/ilkd/key/java/JavaRedux/java/io/PrintStream.java 
646526     DEBUG main            d.u.i.k.p.i.AbstractProblemLoader Init config took 2.52s 
646540     INFO  main            d.u.i.k.p.i.AbstractProblemLoader Replaying proof objectOfErroneousClass.key.proof 
648156     DEBUG main            d.u.i.k.p.i.IntermediateProofReplayer Proof replay took 1.59s 
648160     DEBUG main            d.u.i.k.p.r.p.TestFile    ... success: reloaded. 
648161     INFO  main            d.u.i.k.p.r.p.TestFile    Now processing file /home/runner/work/key/key/key.core/../key.ui/examples/standard_key/staticInitialisation/staticInitialisersAreNonSimple.key 
648161     INFO  main            d.u.i.k.p.i.AbstractProblemLoader Loading environment from /home/runner/work/key/key/key.core/../key.ui/examples/standard_key/staticInitialisation/staticInitialisersAreNonSimple.key 
648161     DEBUG main            d.u.i.k.p.i.AbstractProblemLoader Environment load took 118.7ns 
648163     INFO  main            d.u.i.k.p.i.AbstractProblemLoader Creating init config 
648184     WARN  main            d.u.i.k.j.r.KeYCrossReferenceNameInfo Datatype java.lang.System declared twice: Once in FILE:/home/runner/work/key/key/key.core/../key.ui/examples/standard_key/staticInitialisation/classpath/System.java and once in URL:file:/home/runner/work/key/key/key.core/build/resources/main/de/uka/ilkd/key/java/JavaRedux/java/lang/System.java, Keeping one from URL:file:/home/runner/work/key/key/key.core/build/resources/main/de/uka/ilkd/key/java/JavaRedux/java/lang/System.java 
648184     WARN  main            d.u.i.k.j.r.KeYCrossReferenceNameInfo Datatype java.io.PrintStream declared twice: Once in FILE:/home/runner/work/key/key/key.core/../key.ui/examples/standard_key/staticInitialisation/classpath/PrintStream.java and once in URL:file:/home/runner/work/key/key/key.core/build/resources/main/de/uka/ilkd/key/java/JavaRedux/java/io/PrintStream.java, Keeping one from URL:file:/home/runner/work/key/key/key.core/build/resources/main/de/uka/ilkd/key/java/JavaRedux/java/io/PrintStream.java 
650751     DEBUG main            d.u.i.k.p.i.AbstractProblemLoader Init config took 2.59s 
650767     INFO  main            d.u.i.k.p.i.AbstractProblemLoader Replaying proof staticInitialisersAreNonSimple.key 
650768     DEBUG main            d.u.i.k.p.i.IntermediateProofReplayer Proof replay took 3.3ns 
651172     INFO  main            d.u.i.k.p.r.p.TestFile    ... finished proof: closed. 
652005     INFO  main            d.u.i.k.p.i.AbstractProblemLoader Loading environment from /home/runner/work/key/key/key.core/../key.ui/examples/standard_key/staticInitialisation/staticInitialisersAreNonSimple.key.proof 
652006     DEBUG main            d.u.i.k.p.i.AbstractProblemLoader Environment load took 74.9ns 
652008     INFO  main            d.u.i.k.p.i.AbstractProblemLoader Creating init config 
652028     WARN  main            d.u.i.k.j.r.KeYCrossReferenceNameInfo Datatype java.lang.System declared twice: Once in FILE:/home/runner/work/key/key/key.core/../key.ui/examples/standard_key/staticInitialisation/classpath/System.java and once in URL:file:/home/runner/work/key/key/key.core/build/resources/main/de/uka/ilkd/key/java/JavaRedux/java/lang/System.java, Keeping one from URL:file:/home/runner/work/key/key/key.core/build/resources/main/de/uka/ilkd/key/java/JavaRedux/java/lang/System.java 
652028     WARN  main            d.u.i.k.j.r.KeYCrossReferenceNameInfo Datatype java.io.PrintStream declared twice: Once in FILE:/home/runner/work/key/key/key.core/../key.ui/examples/standard_key/staticInitialisation/classpath/PrintStream.java and once in URL:file:/home/runner/work/key/key/key.core/build/resources/main/de/uka/ilkd/key/java/JavaRedux/java/io/PrintStream.java, Keeping one from URL:file:/home/runner/work/key/key/key.core/build/resources/main/de/uka/ilkd/key/java/JavaRedux/java/io/PrintStream.java 
654504     DEBUG main            d.u.i.k.p.i.AbstractProblemLoader Init config took 2.5s 
654517     INFO  main            d.u.i.k.p.i.AbstractProblemLoader Replaying proof staticInitialisersAreNonSimple.key.proof 
654584     DEBUG main            d.u.i.k.p.i.IntermediateProofReplayer Proof replay took 64.84ms 
654586     DEBUG main            d.u.i.k.p.r.p.TestFile    ... success: reloaded. 
654586     INFO  main            d.u.i.k.p.r.p.TestFile    Now processing file /home/runner/work/key/key/key.core/../key.ui/examples/standard_key/types/disjoint.key 
654587     INFO  main            d.u.i.k.p.i.AbstractProblemLoader Loading environment from /home/runner/work/key/key/key.core/../key.ui/examples/standard_key/types/disjoint.key 
654587     DEBUG main            d.u.i.k.p.i.AbstractProblemLoader Environment load took 50.2ns 
654588     INFO  main            d.u.i.k.p.i.AbstractProblemLoader Creating init config 
657148     DEBUG main            d.u.i.k.p.i.AbstractProblemLoader Init config took 2.56s 
657162     INFO  main            d.u.i.k.p.i.AbstractProblemLoader Replaying proof disjoint.key 
657163     DEBUG main            d.u.i.k.p.i.IntermediateProofReplayer Proof replay took 3.3ns 
657265     INFO  main            d.u.i.k.p.r.p.TestFile    ... finished proof: closed. 
657994     INFO  main            d.u.i.k.p.i.AbstractProblemLoader Loading environment from /home/runner/work/key/key/key.core/../key.ui/examples/standard_key/types/disjoint.key.proof 
657995     DEBUG main            d.u.i.k.p.i.AbstractProblemLoader Environment load took 92.3ns 
657996     INFO  main            d.u.i.k.p.i.AbstractProblemLoader Creating init config 
660416     DEBUG main            d.u.i.k.p.i.AbstractProblemLoader Init config took 2.42s 
660428     INFO  main            d.u.i.k.p.i.AbstractProblemLoader Replaying proof disjoint.key.proof 
660430     DEBUG main            d.u.i.k.p.i.IntermediateProofReplayer Proof replay took 294.3ns 
660430     DEBUG main            d.u.i.k.p.r.p.TestFile    ... success: reloaded. 
660431     INFO  main            d.u.i.k.p.r.p.TestFile    Now processing file /home/runner/work/key/key/key.core/../key.ui/examples/../../key.core/src/test/resources/testcase/classpath/classpath.key 
660431     INFO  main            d.u.i.k.p.i.AbstractProblemLoader Loading environment from /home/runner/work/key/key/key.core/../key.ui/examples/../../key.core/src/test/resources/testcase/classpath/classpath.key 
660431     DEBUG main            d.u.i.k.p.i.AbstractProblemLoader Environment load took 91.4ns 
660432     INFO  main            d.u.i.k.p.i.AbstractProblemLoader Creating init config 
660454     WARN  main            d.u.i.k.j.r.KeYCrossReferenceNameInfo Datatype cp.C declared twice: Once in FILE:/home/runner/work/key/key/key.core/../key.ui/examples/../../key.core/src/test/resources/testcase/classpath/classpath/C.class and once in FILE:/home/runner/work/key/key/key.core/../key.ui/examples/../../key.core/src/test/resources/testcase/classpath/classpath/C.jml, Keeping one from FILE:/home/runner/work/key/key/key.core/../key.ui/examples/../../key.core/src/test/resources/testcase/classpath/classpath/C.jml 
660457     DEBUG main            d.u.i.k.j.r.ClassFileDeclarationBuilder Parsing: package cp; public class Unresolved1 { } 
660457     DEBUG main            r.s.KeYCrossReferenceSourceInfo Dynamically created class: cp.Unresolved1 
660457     DEBUG main            d.u.i.k.j.r.ClassFileDeclarationBuilder Parsing: package cp; public class Unresolved2 { } 
660457     DEBUG main            r.s.KeYCrossReferenceSourceInfo Dynamically created class: cp.Unresolved2 
663137     DEBUG main            d.u.i.k.p.i.AbstractProblemLoader Init config took 2.71s 
663153     INFO  main            d.u.i.k.p.i.AbstractProblemLoader Replaying proof classpath.key 
663155     DEBUG main            d.u.i.k.p.i.IntermediateProofReplayer Proof replay took 19ns 
663257     INFO  main            d.u.i.k.p.r.p.TestFile    ... finished proof: closed. 
663948     INFO  main            d.u.i.k.p.i.AbstractProblemLoader Loading environment from /home/runner/work/key/key/key.core/../key.ui/examples/../../key.core/src/test/resources/testcase/classpath/classpath.key.proof 
663949     DEBUG main            d.u.i.k.p.i.AbstractProblemLoader Environment load took 101.1ns 
663949     INFO  main            d.u.i.k.p.i.AbstractProblemLoader Creating init config 
663976     WARN  main            d.u.i.k.j.r.KeYCrossReferenceNameInfo Datatype cp.C declared twice: Once in FILE:/home/runner/work/key/key/key.core/../key.ui/examples/../../key.core/src/test/resources/testcase/classpath/classpath/C.class and once in FILE:/home/runner/work/key/key/key.core/../key.ui/examples/../../key.core/src/test/resources/testcase/classpath/classpath/C.jml, Keeping one from FILE:/home/runner/work/key/key/key.core/../key.ui/examples/../../key.core/src/test/resources/testcase/classpath/classpath/C.jml 
663980     DEBUG main            d.u.i.k.j.r.ClassFileDeclarationBuilder Parsing: package cp; public class Unresolved1 { } 
663980     DEBUG main            r.s.KeYCrossReferenceSourceInfo Dynamically created class: cp.Unresolved1 
663980     DEBUG main            d.u.i.k.j.r.ClassFileDeclarationBuilder Parsing: package cp; public class Unresolved2 { } 
663981     DEBUG main            r.s.KeYCrossReferenceSourceInfo Dynamically created class: cp.Unresolved2 
666508     DEBUG main            d.u.i.k.p.i.AbstractProblemLoader Init config took 2.56s 
666522     INFO  main            d.u.i.k.p.i.AbstractProblemLoader Replaying proof classpath.key.proof 
666524     DEBUG main            d.u.i.k.p.i.IntermediateProofReplayer Proof replay took 492.6ns 
666525     DEBUG main            d.u.i.k.p.r.p.TestFile    ... success: reloaded. 
666525     INFO  main            d.u.i.k.p.r.p.TestFile    Now processing file /home/runner/work/key/key/key.core/../key.ui/examples/heap/inconsistent_represents/MyClass_m.key 
666526     INFO  main            d.u.i.k.p.i.AbstractProblemLoader Loading environment from /home/runner/work/key/key/key.core/../key.ui/examples/heap/inconsistent_represents/MyClass_m.key 
666526     DEBUG main            d.u.i.k.p.i.AbstractProblemLoader Environment load took 77.9ns 
666526     INFO  main            d.u.i.k.p.i.AbstractProblemLoader Creating init config 
669050     DEBUG main            d.u.i.k.p.i.AbstractProblemLoader Init config took 2.52s 
669088     INFO  main            d.u.i.k.p.i.AbstractProblemLoader Replaying proof MyClass[MyClass::m()].JML operation contract.0 
669090     DEBUG main            d.u.i.k.p.i.IntermediateProofReplayer Proof replay took 3.7ns 
669191     INFO  main            d.u.i.k.p.r.p.TestFile    ... finished proof: open goal(s) 
669917     INFO  main            d.u.i.k.p.r.p.TestFile    Now processing file /home/runner/work/key/key/key.core/../key.ui/examples/heap/inconsistent_represents/MyClass_n.key 
669917     INFO  main            d.u.i.k.p.i.AbstractProblemLoader Loading environment from /home/runner/work/key/key/key.core/../key.ui/examples/heap/inconsistent_represents/MyClass_n.key 
669917     DEBUG main            d.u.i.k.p.i.AbstractProblemLoader Environment load took 95.7ns 
669918     INFO  main            d.u.i.k.p.i.AbstractProblemLoader Creating init config 
672413     DEBUG main            d.u.i.k.p.i.AbstractProblemLoader Init config took 2.49s 
672445     INFO  main            d.u.i.k.p.i.AbstractProblemLoader Replaying proof MyClass[MyClass::n()].JML operation contract.0 
672446     DEBUG main            d.u.i.k.p.i.IntermediateProofReplayer Proof replay took 8.8ns 
672548     INFO  main            d.u.i.k.p.r.p.TestFile    ... finished proof: open goal(s) 
4047575    INFO  Test worker     d.u.i.k.p.r.p.StatisticsFile Returning from test javadl 
4047582    INFO  Test worker     d.u.i.k.p.r.p.StatisticsFile Running test FOL 
472        INFO  Timeout watchdog d.u.i.k.p.r.p.ForkedTestFileRunner Timeout watcher launched (2000 secs.) 
491        WARN  main            d.u.i.k.s.ProofSettings   The settings in /home/runner/.key/proof-settings.props are *not* read. 
527        INFO  main            d.u.i.k.p.r.p.TestFile    Now processing file /home/runner/work/key/key/key.core/../key.ui/examples/standard_key/pred_log/count.key 
656        INFO  main            d.u.i.k.p.i.AbstractProblemLoader Loading environment from /home/runner/work/key/key/key.core/../key.ui/examples/standard_key/pred_log/count.key 
677        DEBUG main            d.u.i.k.p.i.AbstractProblemLoader Environment load took 2.47ms 
965        INFO  main            d.u.i.k.p.i.AbstractProblemLoader Creating init config 
2042       DEBUG main            d.u.i.k.j.TypeConverter   No LDT found for Meta 
2043       DEBUG main            d.u.i.k.j.TypeConverter   No LDT found for Meta 
2046       DEBUG main            d.u.i.k.j.TypeConverter   No LDT found for Meta 
2046       DEBUG main            d.u.i.k.j.TypeConverter   No LDT found for Meta 
4165       DEBUG main            d.u.i.k.j.TypeConverter   No LDT found for JavaBigintExpression 
9882       DEBUG main            d.u.i.k.p.i.AbstractProblemLoader Init config took 8.92s 
9953       INFO  main            d.u.i.k.p.i.AbstractProblemLoader Replaying proof count.key 
9994       DEBUG main            d.u.i.k.p.i.IntermediateProofReplayer Proof replay took 31.5ns 
10295      INFO  main            d.u.i.k.p.r.p.TestFile    ... finished proof: closed. 
10416      INFO  main            d.u.i.k.p.i.AbstractProblemLoader Loading environment from /home/runner/work/key/key/key.core/../key.ui/examples/standard_key/pred_log/count.key.proof 
10417      DEBUG main            d.u.i.k.p.i.AbstractProblemLoader Environment load took 581.1ns 
10424      INFO  main            d.u.i.k.p.i.AbstractProblemLoader Creating init config 
13671      DEBUG main            d.u.i.k.p.i.AbstractProblemLoader Init config took 3.25s 
13728      INFO  main            d.u.i.k.p.i.AbstractProblemLoader Replaying proof count.key.proof 
13747      DEBUG main            d.u.i.k.p.i.IntermediateProofReplayer Proof replay took 9.99ms 
13762      DEBUG main            d.u.i.k.p.r.p.TestFile    ... success: reloaded. 
13764      INFO  main            d.u.i.k.p.r.p.TestFile    Now processing file /home/runner/work/key/key/key.core/../key.ui/examples/standard_key/pred_log/count2.key 
13764      INFO  main            d.u.i.k.p.i.AbstractProblemLoader Loading environment from /home/runner/work/key/key/key.core/../key.ui/examples/standard_key/pred_log/count2.key 
13765      DEBUG main            d.u.i.k.p.i.AbstractProblemLoader Environment load took 203.4ns 
13769      INFO  main            d.u.i.k.p.i.AbstractProblemLoader Creating init config 
16963      DEBUG main            d.u.i.k.p.i.AbstractProblemLoader Init config took 3.19s 
16994      INFO  main            d.u.i.k.p.i.AbstractProblemLoader Replaying proof count2.key 
16995      DEBUG main            d.u.i.k.p.i.IntermediateProofReplayer Proof replay took 5.9ns 
17098      INFO  main            d.u.i.k.p.r.p.TestFile    ... finished proof: closed. 
17230      INFO  main            d.u.i.k.p.i.AbstractProblemLoader Loading environment from /home/runner/work/key/key/key.core/../key.ui/examples/standard_key/pred_log/count2.key.proof 
17230      DEBUG main            d.u.i.k.p.i.AbstractProblemLoader Environment load took 124.5ns 
17234      INFO  main            d.u.i.k.p.i.AbstractProblemLoader Creating init config 
20122      DEBUG main            d.u.i.k.p.i.AbstractProblemLoader Init config took 2.89s 
20152      INFO  main            d.u.i.k.p.i.AbstractProblemLoader Replaying proof count2.key.proof 
20158      DEBUG main            d.u.i.k.p.i.IntermediateProofReplayer Proof replay took 2.6ms 
20159      DEBUG main            d.u.i.k.p.r.p.TestFile    ... success: reloaded. 
20160      INFO  main            d.u.i.k.p.r.p.TestFile    Now processing file /home/runner/work/key/key/key.core/../key.ui/examples/standard_key/pred_log/count3.key 
20160      INFO  main            d.u.i.k.p.i.AbstractProblemLoader Loading environment from /home/runner/work/key/key/key.core/../key.ui/examples/standard_key/pred_log/count3.key 
20161      DEBUG main            d.u.i.k.p.i.AbstractProblemLoader Environment load took 220.5ns 
20162      INFO  main            d.u.i.k.p.i.AbstractProblemLoader Creating init config 
23049      DEBUG main            d.u.i.k.p.i.AbstractProblemLoader Init config took 2.89s 
23075      INFO  main            d.u.i.k.p.i.AbstractProblemLoader Replaying proof count3.key 
23077      DEBUG main            d.u.i.k.p.i.IntermediateProofReplayer Proof replay took 6.3ns 
23182      INFO  main            d.u.i.k.p.r.p.TestFile    ... finished proof: closed. 
23321      INFO  main            d.u.i.k.p.i.AbstractProblemLoader Loading environment from /home/runner/work/key/key/key.core/../key.ui/examples/standard_key/pred_log/count3.key.proof 
23321      DEBUG main            d.u.i.k.p.i.AbstractProblemLoader Environment load took 117.2ns 
23323      INFO  main            d.u.i.k.p.i.AbstractProblemLoader Creating init config 
26106      DEBUG main            d.u.i.k.p.i.AbstractProblemLoader Init config took 2.78s 
26126      INFO  main            d.u.i.k.p.i.AbstractProblemLoader Replaying proof count3.key.proof 
26130      DEBUG main            d.u.i.k.p.i.IntermediateProofReplayer Proof replay took 2.23ms 
26131      DEBUG main            d.u.i.k.p.r.p.TestFile    ... success: reloaded. 
26132      INFO  main            d.u.i.k.p.r.p.TestFile    Now processing file /home/runner/work/key/key/key.core/../key.ui/examples/standard_key/pred_log/equalities.key 
26132      INFO  main            d.u.i.k.p.i.AbstractProblemLoader Loading environment from /home/runner/work/key/key/key.core/../key.ui/examples/standard_key/pred_log/equalities.key 
26132      DEBUG main            d.u.i.k.p.i.AbstractProblemLoader Environment load took 103.3ns 
26133      INFO  main            d.u.i.k.p.i.AbstractProblemLoader Creating init config 
28904      DEBUG main            d.u.i.k.p.i.AbstractProblemLoader Init config took 2.77s 
28927      INFO  main            d.u.i.k.p.i.AbstractProblemLoader Replaying proof equalities.key 
28929      DEBUG main            d.u.i.k.p.i.IntermediateProofReplayer Proof replay took 6.9ns 
29032      INFO  main            d.u.i.k.p.r.p.TestFile    ... finished proof: closed. 
29186      INFO  main            d.u.i.k.p.i.AbstractProblemLoader Loading environment from /home/runner/work/key/key/key.core/../key.ui/examples/standard_key/pred_log/equalities.key.proof 
29186      DEBUG main            d.u.i.k.p.i.AbstractProblemLoader Environment load took 125.7ns 
29187      INFO  main            d.u.i.k.p.i.AbstractProblemLoader Creating init config 
31953      DEBUG main            d.u.i.k.p.i.AbstractProblemLoader Init config took 2.77s 
31983      INFO  main            d.u.i.k.p.i.AbstractProblemLoader Replaying proof equalities.key.proof 
31987      DEBUG main            d.u.i.k.p.i.IntermediateProofReplayer Proof replay took 1.56ms 
31988      DEBUG main            d.u.i.k.p.r.p.TestFile    ... success: reloaded. 
31989      INFO  main            d.u.i.k.p.r.p.TestFile    Now processing file /home/runner/work/key/key/key.core/../key.ui/examples/standard_key/pred_log/equalities2.key 
31989      INFO  main            d.u.i.k.p.i.AbstractProblemLoader Loading environment from /home/runner/work/key/key/key.core/../key.ui/examples/standard_key/pred_log/equalities2.key 
31989      DEBUG main            d.u.i.k.p.i.AbstractProblemLoader Environment load took 225.2ns 
31990      INFO  main            d.u.i.k.p.i.AbstractProblemLoader Creating init config 
34808      DEBUG main            d.u.i.k.p.i.AbstractProblemLoader Init config took 2.82s 
34831      INFO  main            d.u.i.k.p.i.AbstractProblemLoader Replaying proof equalities2.key 
34833      DEBUG main            d.u.i.k.p.i.IntermediateProofReplayer Proof replay took 7.4ns 
34936      INFO  main            d.u.i.k.p.r.p.TestFile    ... finished proof: closed. 
35091      INFO  main            d.u.i.k.p.i.AbstractProblemLoader Loading environment from /home/runner/work/key/key/key.core/../key.ui/examples/standard_key/pred_log/equalities2.key.proof 
35092      DEBUG main            d.u.i.k.p.i.AbstractProblemLoader Environment load took 164ns 
35094      INFO  main            d.u.i.k.p.i.AbstractProblemLoader Creating init config 
37802      DEBUG main            d.u.i.k.p.i.AbstractProblemLoader Init config took 2.71s 
37824      INFO  main            d.u.i.k.p.i.AbstractProblemLoader Replaying proof equalities2.key.proof 
37829      DEBUG main            d.u.i.k.p.i.IntermediateProofReplayer Proof replay took 3.32ms 
37830      DEBUG main            d.u.i.k.p.r.p.TestFile    ... success: reloaded. 
37831      INFO  main            d.u.i.k.p.r.p.TestFile    Now processing file /home/runner/work/key/key/key.core/../key.ui/examples/standard_key/pred_log/equalities3.key 
37832      INFO  main            d.u.i.k.p.i.AbstractProblemLoader Loading environment from /home/runner/work/key/key/key.core/../key.ui/examples/standard_key/pred_log/equalities3.key 
37832      DEBUG main            d.u.i.k.p.i.AbstractProblemLoader Environment load took 239.9ns 
37833      INFO  main            d.u.i.k.p.i.AbstractProblemLoader Creating init config 
40497      DEBUG main            d.u.i.k.p.i.AbstractProblemLoader Init config took 2.66s 
40515      INFO  main            d.u.i.k.p.i.AbstractProblemLoader Replaying proof equalities3.key 
40517      DEBUG main            d.u.i.k.p.i.IntermediateProofReplayer Proof replay took 24.3ns 
40620      INFO  main            d.u.i.k.p.r.p.TestFile    ... finished proof: closed. 
40795      INFO  main            d.u.i.k.p.i.AbstractProblemLoader Loading environment from /home/runner/work/key/key/key.core/../key.ui/examples/standard_key/pred_log/equalities3.key.proof 
40795      DEBUG main            d.u.i.k.p.i.AbstractProblemLoader Environment load took 122.5ns 
40796      INFO  main            d.u.i.k.p.i.AbstractProblemLoader Creating init config 
43440      DEBUG main            d.u.i.k.p.i.AbstractProblemLoader Init config took 2.64s 
43457      INFO  main            d.u.i.k.p.i.AbstractProblemLoader Replaying proof equalities3.key.proof 
43465      DEBUG main            d.u.i.k.p.i.IntermediateProofReplayer Proof replay took 5.65ms 
43466      DEBUG main            d.u.i.k.p.r.p.TestFile    ... success: reloaded. 
43467      INFO  main            d.u.i.k.p.r.p.TestFile    Now processing file /home/runner/work/key/key/key.core/../key.ui/examples/standard_key/pred_log/functions.key 
43467      INFO  main            d.u.i.k.p.i.AbstractProblemLoader Loading environment from /home/runner/work/key/key/key.core/../key.ui/examples/standard_key/pred_log/functions.key 
43468      DEBUG main            d.u.i.k.p.i.AbstractProblemLoader Environment load took 254.1ns 
43469      INFO  main            d.u.i.k.p.i.AbstractProblemLoader Creating init config 
46223      DEBUG main            d.u.i.k.p.i.AbstractProblemLoader Init config took 2.75s 
46239      INFO  main            d.u.i.k.p.i.AbstractProblemLoader Replaying proof functions.key 
46241      DEBUG main            d.u.i.k.p.i.IntermediateProofReplayer Proof replay took 6.2ns 
46344      INFO  main            d.u.i.k.p.r.p.TestFile    ... finished proof: closed. 
46606      INFO  main            d.u.i.k.p.i.AbstractProblemLoader Loading environment from /home/runner/work/key/key/key.core/../key.ui/examples/standard_key/pred_log/functions.key.proof 
46606      DEBUG main            d.u.i.k.p.i.AbstractProblemLoader Environment load took 119.1ns 
46607      INFO  main            d.u.i.k.p.i.AbstractProblemLoader Creating init config 
49266      DEBUG main            d.u.i.k.p.i.AbstractProblemLoader Init config took 2.66s 
49282      INFO  main            d.u.i.k.p.i.AbstractProblemLoader Replaying proof functions.key.proof 
49287      DEBUG main            d.u.i.k.p.i.IntermediateProofReplayer Proof replay took 2.3ms 
49288      DEBUG main            d.u.i.k.p.r.p.TestFile    ... success: reloaded. 
49289      INFO  main            d.u.i.k.p.r.p.TestFile    Now processing file /home/runner/work/key/key/key.core/../key.ui/examples/standard_key/pred_log/mv1.key 
49289      INFO  main            d.u.i.k.p.i.AbstractProblemLoader Loading environment from /home/runner/work/key/key/key.core/../key.ui/examples/standard_key/pred_log/mv1.key 
49289      DEBUG main            d.u.i.k.p.i.AbstractProblemLoader Environment load took 118.7ns 
49290      INFO  main            d.u.i.k.p.i.AbstractProblemLoader Creating init config 
52025      DEBUG main            d.u.i.k.p.i.AbstractProblemLoader Init config took 2.74s 
52044      INFO  main            d.u.i.k.p.i.AbstractProblemLoader Replaying proof mv1.key 
52045      DEBUG main            d.u.i.k.p.i.IntermediateProofReplayer Proof replay took 6.1ns 
52147      INFO  main            d.u.i.k.p.r.p.TestFile    ... finished proof: closed. 
52325      INFO  main            d.u.i.k.p.i.AbstractProblemLoader Loading environment from /home/runner/work/key/key/key.core/../key.ui/examples/standard_key/pred_log/mv1.key.proof 
52325      DEBUG main            d.u.i.k.p.i.AbstractProblemLoader Environment load took 121.7ns 
52327      INFO  main            d.u.i.k.p.i.AbstractProblemLoader Creating init config 
55207      DEBUG main            d.u.i.k.p.i.AbstractProblemLoader Init config took 2.88s 
55224      INFO  main            d.u.i.k.p.i.AbstractProblemLoader Replaying proof mv1.key.proof 
55227      DEBUG main            d.u.i.k.p.i.IntermediateProofReplayer Proof replay took 892.7ns 
55228      DEBUG main            d.u.i.k.p.r.p.TestFile    ... success: reloaded. 
55228      INFO  main            d.u.i.k.p.r.p.TestFile    Now processing file /home/runner/work/key/key/key.core/../key.ui/examples/standard_key/pred_log/mv2.key 
55229      INFO  main            d.u.i.k.p.i.AbstractProblemLoader Loading environment from /home/runner/work/key/key/key.core/../key.ui/examples/standard_key/pred_log/mv2.key 
55229      DEBUG main            d.u.i.k.p.i.AbstractProblemLoader Environment load took 139.4ns 
55230      INFO  main            d.u.i.k.p.i.AbstractProblemLoader Creating init config 
58218      DEBUG main            d.u.i.k.p.i.AbstractProblemLoader Init config took 2.99s 
58235      INFO  main            d.u.i.k.p.i.AbstractProblemLoader Replaying proof mv2.key 
58237      DEBUG main            d.u.i.k.p.i.IntermediateProofReplayer Proof replay took 7.4ns 
58339      INFO  main            d.u.i.k.p.r.p.TestFile    ... finished proof: closed. 
58563      INFO  main            d.u.i.k.p.i.AbstractProblemLoader Loading environment from /home/runner/work/key/key/key.core/../key.ui/examples/standard_key/pred_log/mv2.key.proof 
58563      DEBUG main            d.u.i.k.p.i.AbstractProblemLoader Environment load took 131.1ns 
58565      INFO  main            d.u.i.k.p.i.AbstractProblemLoader Creating init config 
61572      DEBUG main            d.u.i.k.p.i.AbstractProblemLoader Init config took 3.01s 
61592      INFO  main            d.u.i.k.p.i.AbstractProblemLoader Replaying proof mv2.key.proof 
61596      DEBUG main            d.u.i.k.p.i.IntermediateProofReplayer Proof replay took 1.53ms 
61597      DEBUG main            d.u.i.k.p.r.p.TestFile    ... success: reloaded. 
61598      INFO  main            d.u.i.k.p.r.p.TestFile    Now processing file /home/runner/work/key/key/key.core/../key.ui/examples/standard_key/pred_log/quantifiers.key 
61598      INFO  main            d.u.i.k.p.i.AbstractProblemLoader Loading environment from /home/runner/work/key/key/key.core/../key.ui/examples/standard_key/pred_log/quantifiers.key 
61599      DEBUG main            d.u.i.k.p.i.AbstractProblemLoader Environment load took 198.9ns 
61600      INFO  main            d.u.i.k.p.i.AbstractProblemLoader Creating init config 
64491      DEBUG main            d.u.i.k.p.i.AbstractProblemLoader Init config took 2.89s 
64507      INFO  main            d.u.i.k.p.i.AbstractProblemLoader Replaying proof quantifiers.key 
64509      DEBUG main            d.u.i.k.p.i.IntermediateProofReplayer Proof replay took 6.9ns 
64612      INFO  main            d.u.i.k.p.r.p.TestFile    ... finished proof: closed. 
64814      INFO  main            d.u.i.k.p.i.AbstractProblemLoader Loading environment from /home/runner/work/key/key/key.core/../key.ui/examples/standard_key/pred_log/quantifiers.key.proof 
64814      DEBUG main            d.u.i.k.p.i.AbstractProblemLoader Environment load took 165ns 
64816      INFO  main            d.u.i.k.p.i.AbstractProblemLoader Creating init config 
67777      DEBUG main            d.u.i.k.p.i.AbstractProblemLoader Init config took 2.96s 
67794      INFO  main            d.u.i.k.p.i.AbstractProblemLoader Replaying proof quantifiers.key.proof 
67798      DEBUG main            d.u.i.k.p.i.IntermediateProofReplayer Proof replay took 2.01ms 
67799      DEBUG main            d.u.i.k.p.r.p.TestFile    ... success: reloaded. 
67800      INFO  main            d.u.i.k.p.r.p.TestFile    Now processing file /home/runner/work/key/key/key.core/../key.ui/examples/standard_key/pred_log/simpleEps.key 
67800      INFO  main            d.u.i.k.p.i.AbstractProblemLoader Loading environment from /home/runner/work/key/key/key.core/../key.ui/examples/standard_key/pred_log/simpleEps.key 
67801      DEBUG main            d.u.i.k.p.i.AbstractProblemLoader Environment load took 207ns 
67802      INFO  main            d.u.i.k.p.i.AbstractProblemLoader Creating init config 
70721      DEBUG main            d.u.i.k.p.i.AbstractProblemLoader Init config took 2.92s 
70738      INFO  main            d.u.i.k.p.i.AbstractProblemLoader Replaying proof simpleEps.key 
70740      DEBUG main            d.u.i.k.p.i.IntermediateProofReplayer Proof replay took 7.9ns 
70844      INFO  main            d.u.i.k.p.r.p.TestFile    ... finished proof: closed. 
71041      INFO  main            d.u.i.k.p.i.AbstractProblemLoader Loading environment from /home/runner/work/key/key/key.core/../key.ui/examples/standard_key/pred_log/simpleEps.key.proof 
71042      DEBUG main            d.u.i.k.p.i.AbstractProblemLoader Environment load took 112.9ns 
71043      INFO  main            d.u.i.k.p.i.AbstractProblemLoader Creating init config 
73914      DEBUG main            d.u.i.k.p.i.AbstractProblemLoader Init config took 2.87s 
73932      INFO  main            d.u.i.k.p.i.AbstractProblemLoader Replaying proof simpleEps.key.proof 
73940      DEBUG main            d.u.i.k.p.i.IntermediateProofReplayer Proof replay took 4.98ms 
73942      DEBUG main            d.u.i.k.p.r.p.TestFile    ... success: reloaded. 
73943      INFO  main            d.u.i.k.p.r.p.TestFile    Now processing file /home/runner/work/key/key/key.core/../key.ui/examples/standard_key/pred_log/steam1.key 
73943      INFO  main            d.u.i.k.p.i.AbstractProblemLoader Loading environment from /home/runner/work/key/key/key.core/../key.ui/examples/standard_key/pred_log/steam1.key 
73944      DEBUG main            d.u.i.k.p.i.AbstractProblemLoader Environment load took 317.3ns 
73949      INFO  main            d.u.i.k.p.i.AbstractProblemLoader Creating init config 
76875      DEBUG main            d.u.i.k.p.i.AbstractProblemLoader Init config took 2.93s 
76901      INFO  main            d.u.i.k.p.i.AbstractProblemLoader Replaying proof steam1.key 
76902      DEBUG main            d.u.i.k.p.i.IntermediateProofReplayer Proof replay took 6.9ns 
77313      INFO  main            d.u.i.k.p.r.p.TestFile    ... finished proof: closed. 
77613      INFO  main            d.u.i.k.p.i.AbstractProblemLoader Loading environment from /home/runner/work/key/key/key.core/../key.ui/examples/standard_key/pred_log/steam1.key.proof 
77613      DEBUG main            d.u.i.k.p.i.AbstractProblemLoader Environment load took 138ns 
77616      INFO  main            d.u.i.k.p.i.AbstractProblemLoader Creating init config 
80486      DEBUG main            d.u.i.k.p.i.AbstractProblemLoader Init config took 2.87s 
80515      INFO  main            d.u.i.k.p.i.AbstractProblemLoader Replaying proof steam1.key.proof 
80553      DEBUG main            d.u.i.k.p.i.IntermediateProofReplayer Proof replay took 32.47ms 
80555      DEBUG main            d.u.i.k.p.r.p.TestFile    ... success: reloaded. 
80556      INFO  main            d.u.i.k.p.r.p.TestFile    Now processing file /home/runner/work/key/key/key.core/../key.ui/examples/standard_key/pred_log/tptp/PUZ/PUZ001p1.key 
80557      INFO  main            d.u.i.k.p.i.AbstractProblemLoader Loading environment from /home/runner/work/key/key/key.core/../key.ui/examples/standard_key/pred_log/tptp/PUZ/PUZ001p1.key 
80557      DEBUG main            d.u.i.k.p.i.AbstractProblemLoader Environment load took 196.3ns 
80559      INFO  main            d.u.i.k.p.i.AbstractProblemLoader Creating init config 
83473      DEBUG main            d.u.i.k.p.i.AbstractProblemLoader Init config took 2.91s 
83495      INFO  main            d.u.i.k.p.i.AbstractProblemLoader Replaying proof PUZ001p1.key 
83496      DEBUG main            d.u.i.k.p.i.IntermediateProofReplayer Proof replay took 9ns 
87328      INFO  main            d.u.i.k.p.r.p.TestFile    ... finished proof: closed. 
87627      INFO  main            d.u.i.k.p.i.AbstractProblemLoader Loading environment from /home/runner/work/key/key/key.core/../key.ui/examples/standard_key/pred_log/tptp/PUZ/PUZ001p1.key.proof 
87628      DEBUG main            d.u.i.k.p.i.AbstractProblemLoader Environment load took 373.8ns 
87630      INFO  main            d.u.i.k.p.i.AbstractProblemLoader Creating init config 
90488      DEBUG main            d.u.i.k.p.i.AbstractProblemLoader Init config took 2.86s 
90507      INFO  main            d.u.i.k.p.i.AbstractProblemLoader Replaying proof PUZ001p1.key.proof 
90660      DEBUG main            d.u.i.k.p.i.IntermediateProofReplayer Proof replay took 143.14ms 
90662      DEBUG main            d.u.i.k.p.r.p.TestFile    ... success: reloaded. 
90663      INFO  main            d.u.i.k.p.r.p.TestFile    Now processing file /home/runner/work/key/key/key.core/../key.ui/examples/standard_key/pred_log/tptp/PUZ/PUZ001p1-eq.key 
90663      INFO  main            d.u.i.k.p.i.AbstractProblemLoader Loading environment from /home/runner/work/key/key/key.core/../key.ui/examples/standard_key/pred_log/tptp/PUZ/PUZ001p1-eq.key 
90663      DEBUG main            d.u.i.k.p.i.AbstractProblemLoader Environment load took 203.1ns 
90665      INFO  main            d.u.i.k.p.i.AbstractProblemLoader Creating init config 
93609      DEBUG main            d.u.i.k.p.i.AbstractProblemLoader Init config took 2.94s 
93627      INFO  main            d.u.i.k.p.i.AbstractProblemLoader Replaying proof PUZ001p1-eq.key 
93628      DEBUG main            d.u.i.k.p.i.IntermediateProofReplayer Proof replay took 7.7ns 
93834      INFO  main            d.u.i.k.p.r.p.TestFile    ... finished proof: closed. 
94145      INFO  main            d.u.i.k.p.i.AbstractProblemLoader Loading environment from /home/runner/work/key/key/key.core/../key.ui/examples/standard_key/pred_log/tptp/PUZ/PUZ001p1-eq.key.proof 
94145      DEBUG main            d.u.i.k.p.i.AbstractProblemLoader Environment load took 134.9ns 
94147      INFO  main            d.u.i.k.p.i.AbstractProblemLoader Creating init config 
97009      DEBUG main            d.u.i.k.p.i.AbstractProblemLoader Init config took 2.86s 
97025      INFO  main            d.u.i.k.p.i.AbstractProblemLoader Replaying proof PUZ001p1-eq.key.proof 
97039      DEBUG main            d.u.i.k.p.i.IntermediateProofReplayer Proof replay took 11.32ms 
97040      DEBUG main            d.u.i.k.p.r.p.TestFile    ... success: reloaded. 
97041      INFO  main            d.u.i.k.p.r.p.TestFile    Now processing file /home/runner/work/key/key/key.core/../key.ui/examples/standard_key/pred_log/tptp/PUZ/PUZ031p1.key 
97041      INFO  main            d.u.i.k.p.i.AbstractProblemLoader Loading environment from /home/runner/work/key/key/key.core/../key.ui/examples/standard_key/pred_log/tptp/PUZ/PUZ031p1.key 
97041      DEBUG main            d.u.i.k.p.i.AbstractProblemLoader Environment load took 113ns 
97043      INFO  main            d.u.i.k.p.i.AbstractProblemLoader Creating init config 
99965      DEBUG main            d.u.i.k.p.i.AbstractProblemLoader Init config took 2.92s 
99982      INFO  main            d.u.i.k.p.i.AbstractProblemLoader Replaying proof PUZ031p1.key 
99984      DEBUG main            d.u.i.k.p.i.IntermediateProofReplayer Proof replay took 6.8ns 
109718     INFO  main            d.u.i.k.p.r.p.TestFile    ... finished proof: closed. 
109964     INFO  main            d.u.i.k.p.i.AbstractProblemLoader Loading environment from /home/runner/work/key/key/key.core/../key.ui/examples/standard_key/pred_log/tptp/PUZ/PUZ031p1.key.proof 
109967     DEBUG main            d.u.i.k.p.i.AbstractProblemLoader Environment load took 3.02ms 
109969     INFO  main            d.u.i.k.p.i.AbstractProblemLoader Creating init config 
112768     DEBUG main            d.u.i.k.p.i.AbstractProblemLoader Init config took 2.8s 
112788     INFO  main            d.u.i.k.p.i.AbstractProblemLoader Replaying proof PUZ031p1.key.proof 
112873     DEBUG main            d.u.i.k.p.i.IntermediateProofReplayer Proof replay took 78.67ms 
112877     DEBUG main            d.u.i.k.p.r.p.TestFile    ... success: reloaded. 
112878     INFO  main            d.u.i.k.p.r.p.TestFile    Now processing file /home/runner/work/key/key/key.core/../key.ui/examples/standard_key/pred_log/tptp/SET/SET027p3.key 
112878     INFO  main            d.u.i.k.p.i.AbstractProblemLoader Loading environment from /home/runner/work/key/key/key.core/../key.ui/examples/standard_key/pred_log/tptp/SET/SET027p3.key 
112879     DEBUG main            d.u.i.k.p.i.AbstractProblemLoader Environment load took 219ns 
112881     INFO  main            d.u.i.k.p.i.AbstractProblemLoader Creating init config 
115833     DEBUG main            d.u.i.k.p.i.AbstractProblemLoader Init config took 2.95s 
115849     INFO  main            d.u.i.k.p.i.AbstractProblemLoader Replaying proof SET027p3.key 
115851     DEBUG main            d.u.i.k.p.i.IntermediateProofReplayer Proof replay took 6.6ns 
115953     INFO  main            d.u.i.k.p.r.p.TestFile    ... finished proof: closed. 
116241     INFO  main            d.u.i.k.p.i.AbstractProblemLoader Loading environment from /home/runner/work/key/key/key.core/../key.ui/examples/standard_key/pred_log/tptp/SET/SET027p3.key.proof 
116241     DEBUG main            d.u.i.k.p.i.AbstractProblemLoader Environment load took 120.4ns 
116243     INFO  main            d.u.i.k.p.i.AbstractProblemLoader Creating init config 
119133     DEBUG main            d.u.i.k.p.i.AbstractProblemLoader Init config took 2.89s 
119160     INFO  main            d.u.i.k.p.i.AbstractProblemLoader Replaying proof SET027p3.key.proof 
119167     DEBUG main            d.u.i.k.p.i.IntermediateProofReplayer Proof replay took 4.74ms 
119168     DEBUG main            d.u.i.k.p.r.p.TestFile    ... success: reloaded. 
119169     INFO  main            d.u.i.k.p.r.p.TestFile    Now processing file /home/runner/work/key/key/key.core/../key.ui/examples/standard_key/pred_log/tptp/SET/SET043p1.key 
119169     INFO  main            d.u.i.k.p.i.AbstractProblemLoader Loading environment from /home/runner/work/key/key/key.core/../key.ui/examples/standard_key/pred_log/tptp/SET/SET043p1.key 
119169     DEBUG main            d.u.i.k.p.i.AbstractProblemLoader Environment load took 115.6ns 
119170     INFO  main            d.u.i.k.p.i.AbstractProblemLoader Creating init config 
122039     DEBUG main            d.u.i.k.p.i.AbstractProblemLoader Init config took 2.87s 
122053     INFO  main            d.u.i.k.p.i.AbstractProblemLoader Replaying proof SET043p1.key 
122055     DEBUG main            d.u.i.k.p.i.IntermediateProofReplayer Proof replay took 6.2ns 
122157     INFO  main            d.u.i.k.p.r.p.TestFile    ... finished proof: closed. 
122415     INFO  main            d.u.i.k.p.i.AbstractProblemLoader Loading environment from /home/runner/work/key/key/key.core/../key.ui/examples/standard_key/pred_log/tptp/SET/SET043p1.key.proof 
122415     DEBUG main            d.u.i.k.p.i.AbstractProblemLoader Environment load took 187.1ns 
122417     INFO  main            d.u.i.k.p.i.AbstractProblemLoader Creating init config 
125271     DEBUG main            d.u.i.k.p.i.AbstractProblemLoader Init config took 2.85s 
125286     INFO  main            d.u.i.k.p.i.AbstractProblemLoader Replaying proof SET043p1.key.proof 
125290     DEBUG main            d.u.i.k.p.i.IntermediateProofReplayer Proof replay took 1.46ms 
125291     DEBUG main            d.u.i.k.p.r.p.TestFile    ... success: reloaded. 
125292     INFO  main            d.u.i.k.p.r.p.TestFile    Now processing file /home/runner/work/key/key/key.core/../key.ui/examples/standard_key/pred_log/tptp/SET/SET045p1.key 
125292     INFO  main            d.u.i.k.p.i.AbstractProblemLoader Loading environment from /home/runner/work/key/key/key.core/../key.ui/examples/standard_key/pred_log/tptp/SET/SET045p1.key 
125292     DEBUG main            d.u.i.k.p.i.AbstractProblemLoader Environment load took 191.6ns 
125293     INFO  main            d.u.i.k.p.i.AbstractProblemLoader Creating init config 
128227     DEBUG main            d.u.i.k.p.i.AbstractProblemLoader Init config took 2.93s 
128243     INFO  main            d.u.i.k.p.i.AbstractProblemLoader Replaying proof SET045p1.key 
128244     DEBUG main            d.u.i.k.p.i.IntermediateProofReplayer Proof replay took 7.8ns 
128348     INFO  main            d.u.i.k.p.r.p.TestFile    ... finished proof: closed. 
128605     INFO  main            d.u.i.k.p.i.AbstractProblemLoader Loading environment from /home/runner/work/key/key/key.core/../key.ui/examples/standard_key/pred_log/tptp/SET/SET045p1.key.proof 
128605     DEBUG main            d.u.i.k.p.i.AbstractProblemLoader Environment load took 188.1ns 
128608     INFO  main            d.u.i.k.p.i.AbstractProblemLoader Creating init config 
131295     DEBUG main            d.u.i.k.p.i.AbstractProblemLoader Init config took 2.69s 
131309     INFO  main            d.u.i.k.p.i.AbstractProblemLoader Replaying proof SET045p1.key.proof 
131315     DEBUG main            d.u.i.k.p.i.IntermediateProofReplayer Proof replay took 3.72ms 
131316     DEBUG main            d.u.i.k.p.r.p.TestFile    ... success: reloaded. 
131317     INFO  main            d.u.i.k.p.r.p.TestFile    Now processing file /home/runner/work/key/key/key.core/../key.ui/examples/standard_key/pred_log/tptp/SET/SET062p3.key 
131317     INFO  main            d.u.i.k.p.i.AbstractProblemLoader Loading environment from /home/runner/work/key/key/key.core/../key.ui/examples/standard_key/pred_log/tptp/SET/SET062p3.key 
131317     DEBUG main            d.u.i.k.p.i.AbstractProblemLoader Environment load took 98ns 
131318     INFO  main            d.u.i.k.p.i.AbstractProblemLoader Creating init config 
134017     DEBUG main            d.u.i.k.p.i.AbstractProblemLoader Init config took 2.7s 
134037     INFO  main            d.u.i.k.p.i.AbstractProblemLoader Replaying proof SET062p3.key 
134039     DEBUG main            d.u.i.k.p.i.IntermediateProofReplayer Proof replay took 7.7ns 
134142     INFO  main            d.u.i.k.p.r.p.TestFile    ... finished proof: closed. 
134393     INFO  main            d.u.i.k.p.i.AbstractProblemLoader Loading environment from /home/runner/work/key/key/key.core/../key.ui/examples/standard_key/pred_log/tptp/SET/SET062p3.key.proof 
134393     DEBUG main            d.u.i.k.p.i.AbstractProblemLoader Environment load took 113.3ns 
134395     INFO  main            d.u.i.k.p.i.AbstractProblemLoader Creating init config 
137017     DEBUG main            d.u.i.k.p.i.AbstractProblemLoader Init config took 2.62s 
137031     INFO  main            d.u.i.k.p.i.AbstractProblemLoader Replaying proof SET062p3.key.proof 
137036     DEBUG main            d.u.i.k.p.i.IntermediateProofReplayer Proof replay took 3.2ms 
137037     DEBUG main            d.u.i.k.p.r.p.TestFile    ... success: reloaded. 
137037     INFO  main            d.u.i.k.p.r.p.TestFile    Now processing file /home/runner/work/key/key/key.core/../key.ui/examples/standard_key/pred_log/tptp/SET/SET063p3.key 
137038     INFO  main            d.u.i.k.p.i.AbstractProblemLoader Loading environment from /home/runner/work/key/key/key.core/../key.ui/examples/standard_key/pred_log/tptp/SET/SET063p3.key 
137038     DEBUG main            d.u.i.k.p.i.AbstractProblemLoader Environment load took 165.6ns 
137043     INFO  main            d.u.i.k.p.i.AbstractProblemLoader Creating init config 
139696     DEBUG main            d.u.i.k.p.i.AbstractProblemLoader Init config took 2.65s 
139710     INFO  main            d.u.i.k.p.i.AbstractProblemLoader Replaying proof SET063p3.key 
139720     DEBUG main            d.u.i.k.p.i.IntermediateProofReplayer Proof replay took 6.4ns 
139825     INFO  main            d.u.i.k.p.r.p.TestFile    ... finished proof: closed. 
140127     INFO  main            d.u.i.k.p.i.AbstractProblemLoader Loading environment from /home/runner/work/key/key/key.core/../key.ui/examples/standard_key/pred_log/tptp/SET/SET063p3.key.proof 
140127     DEBUG main            d.u.i.k.p.i.AbstractProblemLoader Environment load took 193ns 
140129     INFO  main            d.u.i.k.p.i.AbstractProblemLoader Creating init config 
142733     DEBUG main            d.u.i.k.p.i.AbstractProblemLoader Init config took 2.6s 
142750     INFO  main            d.u.i.k.p.i.AbstractProblemLoader Replaying proof SET063p3.key.proof 
142757     DEBUG main            d.u.i.k.p.i.IntermediateProofReplayer Proof replay took 4.55ms 
142758     DEBUG main            d.u.i.k.p.r.p.TestFile    ... success: reloaded. 
142759     INFO  main            d.u.i.k.p.r.p.TestFile    Now processing file /home/runner/work/key/key/key.core/../key.ui/examples/standard_key/pred_log/tptp/SYN/SYN036p2.key 
142759     INFO  main            d.u.i.k.p.i.AbstractProblemLoader Loading environment from /home/runner/work/key/key/key.core/../key.ui/examples/standard_key/pred_log/tptp/SYN/SYN036p2.key 
142759     DEBUG main            d.u.i.k.p.i.AbstractProblemLoader Environment load took 173.5ns 
142761     INFO  main            d.u.i.k.p.i.AbstractProblemLoader Creating init config 
145424     DEBUG main            d.u.i.k.p.i.AbstractProblemLoader Init config took 2.66s 
145440     INFO  main            d.u.i.k.p.i.AbstractProblemLoader Replaying proof SYN036p2.key 
145441     DEBUG main            d.u.i.k.p.i.IntermediateProofReplayer Proof replay took 7ns 
145746     INFO  main            d.u.i.k.p.r.p.TestFile    ... finished proof: closed. 
146033     INFO  main            d.u.i.k.p.i.AbstractProblemLoader Loading environment from /home/runner/work/key/key/key.core/../key.ui/examples/standard_key/pred_log/tptp/SYN/SYN036p2.key.proof 
146033     DEBUG main            d.u.i.k.p.i.AbstractProblemLoader Environment load took 177.5ns 
146035     INFO  main            d.u.i.k.p.i.AbstractProblemLoader Creating init config 
148575     DEBUG main            d.u.i.k.p.i.AbstractProblemLoader Init config took 2.54s 
148590     INFO  main            d.u.i.k.p.i.AbstractProblemLoader Replaying proof SYN036p2.key.proof 
148668     DEBUG main            d.u.i.k.p.i.IntermediateProofReplayer Proof replay took 69.04ms 
148670     DEBUG main            d.u.i.k.p.r.p.TestFile    ... success: reloaded. 
148671     INFO  main            d.u.i.k.p.r.p.TestFile    Now processing file /home/runner/work/key/key/key.core/../key.ui/examples/standard_key/pred_log/tptp/SYN/SYN550p1.key 
148671     INFO  main            d.u.i.k.p.i.AbstractProblemLoader Loading environment from /home/runner/work/key/key/key.core/../key.ui/examples/standard_key/pred_log/tptp/SYN/SYN550p1.key 
148671     DEBUG main            d.u.i.k.p.i.AbstractProblemLoader Environment load took 171.3ns 
148672     INFO  main            d.u.i.k.p.i.AbstractProblemLoader Creating init config 
151348     DEBUG main            d.u.i.k.p.i.AbstractProblemLoader Init config took 2.68s 
151363     INFO  main            d.u.i.k.p.i.AbstractProblemLoader Replaying proof SYN550p1.key 
151365     DEBUG main            d.u.i.k.p.i.IntermediateProofReplayer Proof replay took 6.9ns 
154374     INFO  main            d.u.i.k.p.r.p.TestFile    ... finished proof: closed. 
154675     INFO  main            d.u.i.k.p.i.AbstractProblemLoader Loading environment from /home/runner/work/key/key/key.core/../key.ui/examples/standard_key/pred_log/tptp/SYN/SYN550p1.key.proof 
154675     DEBUG main            d.u.i.k.p.i.AbstractProblemLoader Environment load took 497.1ns 
154677     INFO  main            d.u.i.k.p.i.AbstractProblemLoader Creating init config 
157255     DEBUG main            d.u.i.k.p.i.AbstractProblemLoader Init config took 2.58s 
157270     INFO  main            d.u.i.k.p.i.AbstractProblemLoader Replaying proof SYN550p1.key.proof 
157342     DEBUG main            d.u.i.k.p.i.IntermediateProofReplayer Proof replay took 66.11ms 
157343     DEBUG main            d.u.i.k.p.r.p.TestFile    ... success: reloaded. 
157344     INFO  main            d.u.i.k.p.r.p.TestFile    Now processing file /home/runner/work/key/key/key.core/../key.ui/examples/standard_key/prop_log/reallySimple.key 
157344     INFO  main            d.u.i.k.p.i.AbstractProblemLoader Loading environment from /home/runner/work/key/key/key.core/../key.ui/examples/standard_key/prop_log/reallySimple.key 
157345     DEBUG main            d.u.i.k.p.i.AbstractProblemLoader Environment load took 127.8ns 
157345     INFO  main            d.u.i.k.p.i.AbstractProblemLoader Creating init config 
160042     DEBUG main            d.u.i.k.p.i.AbstractProblemLoader Init config took 2.7s 
160055     INFO  main            d.u.i.k.p.i.AbstractProblemLoader Replaying proof reallySimple.key 
160056     DEBUG main            d.u.i.k.p.i.IntermediateProofReplayer Proof replay took 6.2ns 
160158     INFO  main            d.u.i.k.p.r.p.TestFile    ... finished proof: open goal(s) 
160450     INFO  main            d.u.i.k.p.r.p.TestFile    Now processing file /home/runner/work/key/key/key.core/../key.ui/examples/standard_key/pred_log/sameName1.key 
160450     INFO  main            d.u.i.k.p.i.AbstractProblemLoader Loading environment from /home/runner/work/key/key/key.core/../key.ui/examples/standard_key/pred_log/sameName1.key 
160450     DEBUG main            d.u.i.k.p.i.AbstractProblemLoader Environment load took 66.7ns 
160451     INFO  main            d.u.i.k.p.i.AbstractProblemLoader Creating init config 
162986     DEBUG main            d.u.i.k.p.i.AbstractProblemLoader Init config took 2.53s 
163000     INFO  main            d.u.i.k.p.i.AbstractProblemLoader Replaying proof sameName1.key 
163001     DEBUG main            d.u.i.k.p.i.IntermediateProofReplayer Proof replay took 5.7ns 
163103     INFO  main            d.u.i.k.p.r.p.TestFile    ... finished proof: open goal(s) 
163391     INFO  main            d.u.i.k.p.r.p.TestFile    Now processing file /home/runner/work/key/key/key.core/../key.ui/examples/standard_key/pred_log/jbyteIfEx.key 
163391     INFO  main            d.u.i.k.p.i.AbstractProblemLoader Loading environment from /home/runner/work/key/key/key.core/../key.ui/examples/standard_key/pred_log/jbyteIfEx.key 
163391     DEBUG main            d.u.i.k.p.i.AbstractProblemLoader Environment load took 65.5ns 
163392     INFO  main            d.u.i.k.p.i.AbstractProblemLoader Creating init config 
166006     DEBUG main            d.u.i.k.p.i.AbstractProblemLoader Init config took 2.61s 
166023     INFO  main            d.u.i.k.p.i.AbstractProblemLoader Replaying proof jbyteIfEx.key 
166024     DEBUG main            d.u.i.k.p.i.IntermediateProofReplayer Proof replay took 7.6ns 
166126     INFO  main            d.u.i.k.p.r.p.TestFile    ... finished proof: closed. 
166490     INFO  main            d.u.i.k.p.i.AbstractProblemLoader Loading environment from /home/runner/work/key/key/key.core/../key.ui/examples/standard_key/pred_log/jbyteIfEx.key.proof 
166490     DEBUG main            d.u.i.k.p.i.AbstractProblemLoader Environment load took 104.8ns 
166492     INFO  main            d.u.i.k.p.i.AbstractProblemLoader Creating init config 
169047     DEBUG main            d.u.i.k.p.i.AbstractProblemLoader Init config took 2.56s 
169065     INFO  main            d.u.i.k.p.i.AbstractProblemLoader Replaying proof jbyteIfEx.key.proof 
169072     DEBUG main            d.u.i.k.p.i.IntermediateProofReplayer Proof replay took 4.31ms 
169073     DEBUG main            d.u.i.k.p.r.p.TestFile    ... success: reloaded. 
169074     INFO  main            d.u.i.k.p.r.p.TestFile    Now processing file /home/runner/work/key/key/key.core/../key.ui/examples/standard_key/prop_log/allClausesLength4.key 
169074     INFO  main            d.u.i.k.p.i.AbstractProblemLoader Loading environment from /home/runner/work/key/key/key.core/../key.ui/examples/standard_key/prop_log/allClausesLength4.key 
169075     DEBUG main            d.u.i.k.p.i.AbstractProblemLoader Environment load took 181ns 
169076     INFO  main            d.u.i.k.p.i.AbstractProblemLoader Creating init config 
171806     DEBUG main            d.u.i.k.p.i.AbstractProblemLoader Init config took 2.73s 
171822     INFO  main            d.u.i.k.p.i.AbstractProblemLoader Replaying proof allClausesLength4.key 
171823     DEBUG main            d.u.i.k.p.i.IntermediateProofReplayer Proof replay took 6.6ns 
171928     INFO  main            d.u.i.k.p.r.p.TestFile    ... finished proof: closed. 
172220     INFO  main            d.u.i.k.p.i.AbstractProblemLoader Loading environment from /home/runner/work/key/key/key.core/../key.ui/examples/standard_key/prop_log/allClausesLength4.key.proof 
172220     DEBUG main            d.u.i.k.p.i.AbstractProblemLoader Environment load took 108.1ns 
172221     INFO  main            d.u.i.k.p.i.AbstractProblemLoader Creating init config 
174743     DEBUG main            d.u.i.k.p.i.AbstractProblemLoader Init config took 2.52s 
174757     INFO  main            d.u.i.k.p.i.AbstractProblemLoader Replaying proof allClausesLength4.key.proof 
174772     DEBUG main            d.u.i.k.p.i.IntermediateProofReplayer Proof replay took 12.46ms 
174773     DEBUG main            d.u.i.k.p.r.p.TestFile    ... success: reloaded. 
174774     INFO  main            d.u.i.k.p.r.p.TestFile    Now processing file /home/runner/work/key/key/key.core/../key.ui/examples/standard_key/prop_log/allClausesLength5.key 
174774     INFO  main            d.u.i.k.p.i.AbstractProblemLoader Loading environment from /home/runner/work/key/key/key.core/../key.ui/examples/standard_key/prop_log/allClausesLength5.key 
174775     DEBUG main            d.u.i.k.p.i.AbstractProblemLoader Environment load took 102.9ns 
174776     INFO  main            d.u.i.k.p.i.AbstractProblemLoader Creating init config 
177444     DEBUG main            d.u.i.k.p.i.AbstractProblemLoader Init config took 2.67s 
177459     INFO  main            d.u.i.k.p.i.AbstractProblemLoader Replaying proof allClausesLength5.key 
177460     DEBUG main            d.u.i.k.p.i.IntermediateProofReplayer Proof replay took 6.7ns 
177764     INFO  main            d.u.i.k.p.r.p.TestFile    ... finished proof: closed. 
178070     INFO  main            d.u.i.k.p.i.AbstractProblemLoader Loading environment from /home/runner/work/key/key/key.core/../key.ui/examples/standard_key/prop_log/allClausesLength5.key.proof 
178071     DEBUG main            d.u.i.k.p.i.AbstractProblemLoader Environment load took 488.9ns 
178072     INFO  main            d.u.i.k.p.i.AbstractProblemLoader Creating init config 
180677     DEBUG main            d.u.i.k.p.i.AbstractProblemLoader Init config took 2.6s 
180692     INFO  main            d.u.i.k.p.i.AbstractProblemLoader Replaying proof allClausesLength5.key.proof 
180732     DEBUG main            d.u.i.k.p.i.IntermediateProofReplayer Proof replay took 35.36ms 
180734     DEBUG main            d.u.i.k.p.r.p.TestFile    ... success: reloaded. 
180734     INFO  main            d.u.i.k.p.r.p.TestFile    Now processing file /home/runner/work/key/key/key.core/../key.ui/examples/standard_key/prop_log/doubleNeg.key 
180734     INFO  main            d.u.i.k.p.i.AbstractProblemLoader Loading environment from /home/runner/work/key/key/key.core/../key.ui/examples/standard_key/prop_log/doubleNeg.key 
180734     DEBUG main            d.u.i.k.p.i.AbstractProblemLoader Environment load took 87.6ns 
180735     INFO  main            d.u.i.k.p.i.AbstractProblemLoader Creating init config 
183453     DEBUG main            d.u.i.k.p.i.AbstractProblemLoader Init config took 2.72s 
183467     INFO  main            d.u.i.k.p.i.AbstractProblemLoader Replaying proof doubleNeg.key 
183468     DEBUG main            d.u.i.k.p.i.IntermediateProofReplayer Proof replay took 6.8ns 
183570     INFO  main            d.u.i.k.p.r.p.TestFile    ... finished proof: closed. 
183881     INFO  main            d.u.i.k.p.i.AbstractProblemLoader Loading environment from /home/runner/work/key/key/key.core/../key.ui/examples/standard_key/prop_log/doubleNeg.key.proof 
183881     DEBUG main            d.u.i.k.p.i.AbstractProblemLoader Environment load took 89.4ns 
183882     INFO  main            d.u.i.k.p.i.AbstractProblemLoader Creating init config 
186448     DEBUG main            d.u.i.k.p.i.AbstractProblemLoader Init config took 2.57s 
186461     INFO  main            d.u.i.k.p.i.AbstractProblemLoader Replaying proof doubleNeg.key.proof 
186464     DEBUG main            d.u.i.k.p.i.IntermediateProofReplayer Proof replay took 431.1ns 
186465     DEBUG main            d.u.i.k.p.r.p.TestFile    ... success: reloaded. 
186465     INFO  main            d.u.i.k.p.r.p.TestFile    Now processing file /home/runner/work/key/key/key.core/../key.ui/examples/standard_key/prop_log/liarsville.key 
186466     INFO  main            d.u.i.k.p.i.AbstractProblemLoader Loading environment from /home/runner/work/key/key/key.core/../key.ui/examples/standard_key/prop_log/liarsville.key 
186466     DEBUG main            d.u.i.k.p.i.AbstractProblemLoader Environment load took 170.4ns 
186467     INFO  main            d.u.i.k.p.i.AbstractProblemLoader Creating init config 
189142     DEBUG main            d.u.i.k.p.i.AbstractProblemLoader Init config took 2.67s 
189159     INFO  main            d.u.i.k.p.i.AbstractProblemLoader Replaying proof liarsville.key 
189162     DEBUG main            d.u.i.k.p.i.IntermediateProofReplayer Proof replay took 9.1ns 
189264     INFO  main            d.u.i.k.p.r.p.TestFile    ... finished proof: closed. 
189587     INFO  main            d.u.i.k.p.i.AbstractProblemLoader Loading environment from /home/runner/work/key/key/key.core/../key.ui/examples/standard_key/prop_log/liarsville.key.proof 
189587     DEBUG main            d.u.i.k.p.i.AbstractProblemLoader Environment load took 117.1ns 
189588     INFO  main            d.u.i.k.p.i.AbstractProblemLoader Creating init config 
192186     DEBUG main            d.u.i.k.p.i.AbstractProblemLoader Init config took 2.6s 
192199     INFO  main            d.u.i.k.p.i.AbstractProblemLoader Replaying proof liarsville.key.proof 
192204     DEBUG main            d.u.i.k.p.i.IntermediateProofReplayer Proof replay took 973.9ns 
192205     DEBUG main            d.u.i.k.p.r.p.TestFile    ... success: reloaded. 
192205     INFO  main            d.u.i.k.p.r.p.TestFile    Now processing file /home/runner/work/key/key/key.core/../key.ui/examples/standard_key/prop_log/simplest.key 
192206     INFO  main            d.u.i.k.p.i.AbstractProblemLoader Loading environment from /home/runner/work/key/key/key.core/../key.ui/examples/standard_key/prop_log/simplest.key 
192206     DEBUG main            d.u.i.k.p.i.AbstractProblemLoader Environment load took 84.9ns 
192206     INFO  main            d.u.i.k.p.i.AbstractProblemLoader Creating init config 
194821     DEBUG main            d.u.i.k.p.i.AbstractProblemLoader Init config took 2.61s 
194834     INFO  main            d.u.i.k.p.i.AbstractProblemLoader Replaying proof simplest.key 
194835     DEBUG main            d.u.i.k.p.i.IntermediateProofReplayer Proof replay took 6.7ns 
194937     INFO  main            d.u.i.k.p.r.p.TestFile    ... finished proof: closed. 
195251     INFO  main            d.u.i.k.p.i.AbstractProblemLoader Loading environment from /home/runner/work/key/key/key.core/../key.ui/examples/standard_key/prop_log/simplest.key.proof 
195251     DEBUG main            d.u.i.k.p.i.AbstractProblemLoader Environment load took 97.8ns 
195252     INFO  main            d.u.i.k.p.i.AbstractProblemLoader Creating init config 
197848     DEBUG main            d.u.i.k.p.i.AbstractProblemLoader Init config took 2.59s 
197862     INFO  main            d.u.i.k.p.i.AbstractProblemLoader Replaying proof simplest.key.proof 
197864     DEBUG main            d.u.i.k.p.i.IntermediateProofReplayer Proof replay took 90.3ns 
197865     DEBUG main            d.u.i.k.p.r.p.TestFile    ... success: reloaded. 
197865     INFO  main            d.u.i.k.p.r.p.TestFile    Now processing file /home/runner/work/key/key/key.core/../key.ui/examples/standard_key/prop_log/contraposition.key 
197865     INFO  main            d.u.i.k.p.i.AbstractProblemLoader Loading environment from /home/runner/work/key/key/key.core/../key.ui/examples/standard_key/prop_log/contraposition.key 
197865     DEBUG main            d.u.i.k.p.i.AbstractProblemLoader Environment load took 77.9ns 
197866     INFO  main            d.u.i.k.p.i.AbstractProblemLoader Creating init config 
200539     DEBUG main            d.u.i.k.p.i.AbstractProblemLoader Init config took 2.67s 
200554     INFO  main            d.u.i.k.p.i.AbstractProblemLoader Replaying proof contraposition.key 
200555     DEBUG main            d.u.i.k.p.i.IntermediateProofReplayer Proof replay took 6.7ns 
200657     INFO  main            d.u.i.k.p.r.p.TestFile    ... finished proof: closed. 
201014     INFO  main            d.u.i.k.p.i.AbstractProblemLoader Loading environment from /home/runner/work/key/key/key.core/../key.ui/examples/standard_key/prop_log/contraposition.key.proof 
201014     DEBUG main            d.u.i.k.p.i.AbstractProblemLoader Environment load took 89.8ns 
201015     INFO  main            d.u.i.k.p.i.AbstractProblemLoader Creating init config 
203767     DEBUG main            d.u.i.k.p.i.AbstractProblemLoader Init config took 2.75s 
203780     INFO  main            d.u.i.k.p.i.AbstractProblemLoader Replaying proof contraposition.key.proof 
203784     DEBUG main            d.u.i.k.p.i.IntermediateProofReplayer Proof replay took 599.1ns 
203785     DEBUG main            d.u.i.k.p.r.p.TestFile    ... success: reloaded. 
203785     INFO  main            d.u.i.k.p.r.p.TestFile    Now processing file /home/runner/work/key/key/key.core/../key.ui/examples/standard_key/quantifiers/elimination0.key 
203786     INFO  main            d.u.i.k.p.i.AbstractProblemLoader Loading environment from /home/runner/work/key/key/key.core/../key.ui/examples/standard_key/quantifiers/elimination0.key 
203786     DEBUG main            d.u.i.k.p.i.AbstractProblemLoader Environment load took 188.8ns 
203787     INFO  main            d.u.i.k.p.i.AbstractProblemLoader Creating init config 
206579     DEBUG main            d.u.i.k.p.i.AbstractProblemLoader Init config took 2.79s 
206593     INFO  main            d.u.i.k.p.i.AbstractProblemLoader Replaying proof elimination0.key 
206596     DEBUG main            d.u.i.k.p.i.IntermediateProofReplayer Proof replay took 5.9ns 
206698     INFO  main            d.u.i.k.p.r.p.TestFile    ... finished proof: closed. 
207036     INFO  main            d.u.i.k.p.i.AbstractProblemLoader Loading environment from /home/runner/work/key/key/key.core/../key.ui/examples/standard_key/quantifiers/elimination0.key.proof 
207036     DEBUG main            d.u.i.k.p.i.AbstractProblemLoader Environment load took 147.5ns 
207037     INFO  main            d.u.i.k.p.i.AbstractProblemLoader Creating init config 
209789     DEBUG main            d.u.i.k.p.i.AbstractProblemLoader Init config took 2.75s 
209803     INFO  main            d.u.i.k.p.i.AbstractProblemLoader Replaying proof elimination0.key.proof 
209808     DEBUG main            d.u.i.k.p.i.IntermediateProofReplayer Proof replay took 1.04ms 
209808     DEBUG main            d.u.i.k.p.r.p.TestFile    ... success: reloaded. 
209810     INFO  main            d.u.i.k.p.r.p.TestFile    Now processing file /home/runner/work/key/key/key.core/../key.ui/examples/standard_key/quantifiers/heuristic_PUZ001p1-eq.key 
209810     INFO  main            d.u.i.k.p.i.AbstractProblemLoader Loading environment from /home/runner/work/key/key/key.core/../key.ui/examples/standard_key/quantifiers/heuristic_PUZ001p1-eq.key 
209810     DEBUG main            d.u.i.k.p.i.AbstractProblemLoader Environment load took 188.2ns 
209812     INFO  main            d.u.i.k.p.i.AbstractProblemLoader Creating init config 
212421     DEBUG main            d.u.i.k.p.i.AbstractProblemLoader Init config took 2.61s 
212435     INFO  main            d.u.i.k.p.i.AbstractProblemLoader Replaying proof heuristic_PUZ001p1-eq.key 
212437     DEBUG main            d.u.i.k.p.i.IntermediateProofReplayer Proof replay took 6.1ns 
212540     INFO  main            d.u.i.k.p.r.p.TestFile    ... finished proof: closed. 
212881     INFO  main            d.u.i.k.p.i.AbstractProblemLoader Loading environment from /home/runner/work/key/key/key.core/../key.ui/examples/standard_key/quantifiers/heuristic_PUZ001p1-eq.key.proof 
212881     DEBUG main            d.u.i.k.p.i.AbstractProblemLoader Environment load took 100.4ns 
212882     INFO  main            d.u.i.k.p.i.AbstractProblemLoader Creating init config 
215466     DEBUG main            d.u.i.k.p.i.AbstractProblemLoader Init config took 2.58s 
215480     INFO  main            d.u.i.k.p.i.AbstractProblemLoader Replaying proof heuristic_PUZ001p1-eq.key.proof 
215491     DEBUG main            d.u.i.k.p.i.IntermediateProofReplayer Proof replay took 8.81ms 
215492     DEBUG main            d.u.i.k.p.r.p.TestFile    ... success: reloaded. 
215492     INFO  main            d.u.i.k.p.r.p.TestFile    Now processing file /home/runner/work/key/key/key.core/../key.ui/examples/standard_key/quantifiers/heuristic_PUZ001p1.key 
215493     INFO  main            d.u.i.k.p.i.AbstractProblemLoader Loading environment from /home/runner/work/key/key/key.core/../key.ui/examples/standard_key/quantifiers/heuristic_PUZ001p1.key 
215493     DEBUG main            d.u.i.k.p.i.AbstractProblemLoader Environment load took 117.9ns 
215494     INFO  main            d.u.i.k.p.i.AbstractProblemLoader Creating init config 
218103     DEBUG main            d.u.i.k.p.i.AbstractProblemLoader Init config took 2.61s 
218117     INFO  main            d.u.i.k.p.i.AbstractProblemLoader Replaying proof heuristic_PUZ001p1.key 
218119     DEBUG main            d.u.i.k.p.i.IntermediateProofReplayer Proof replay took 5.7ns 
219527     INFO  main            d.u.i.k.p.r.p.TestFile    ... finished proof: closed. 
219872     INFO  main            d.u.i.k.p.i.AbstractProblemLoader Loading environment from /home/runner/work/key/key/key.core/../key.ui/examples/standard_key/quantifiers/heuristic_PUZ001p1.key.proof 
219876     DEBUG main            d.u.i.k.p.i.AbstractProblemLoader Environment load took 4.68ms 
219879     INFO  main            d.u.i.k.p.i.AbstractProblemLoader Creating init config 
222468     DEBUG main            d.u.i.k.p.i.AbstractProblemLoader Init config took 2.59s 
222483     INFO  main            d.u.i.k.p.i.AbstractProblemLoader Replaying proof heuristic_PUZ001p1.key.proof 
222526     DEBUG main            d.u.i.k.p.i.IntermediateProofReplayer Proof replay took 39.34ms 
222528     DEBUG main            d.u.i.k.p.r.p.TestFile    ... success: reloaded. 
222529     INFO  main            d.u.i.k.p.r.p.TestFile    Now processing file /home/runner/work/key/key/key.core/../key.ui/examples/standard_key/quantifiers/heuristic_PUZ031p1.key 
222529     INFO  main            d.u.i.k.p.i.AbstractProblemLoader Loading environment from /home/runner/work/key/key/key.core/../key.ui/examples/standard_key/quantifiers/heuristic_PUZ031p1.key 
222530     DEBUG main            d.u.i.k.p.i.AbstractProblemLoader Environment load took 217.2ns 
222531     INFO  main            d.u.i.k.p.i.AbstractProblemLoader Creating init config 
225396     DEBUG main            d.u.i.k.p.i.AbstractProblemLoader Init config took 2.87s 
225413     INFO  main            d.u.i.k.p.i.AbstractProblemLoader Replaying proof heuristic_PUZ031p1.key 
225415     DEBUG main            d.u.i.k.p.i.IntermediateProofReplayer Proof replay took 16.5ns 
230743     INFO  main            d.u.i.k.p.r.p.TestFile    ... finished proof: closed. 
231149     INFO  main            d.u.i.k.p.i.AbstractProblemLoader Loading environment from /home/runner/work/key/key/key.core/../key.ui/examples/standard_key/quantifiers/heuristic_PUZ031p1.key.proof 
231149     DEBUG main            d.u.i.k.p.i.AbstractProblemLoader Environment load took 198.2ns 
231151     INFO  main            d.u.i.k.p.i.AbstractProblemLoader Creating init config 
233892     DEBUG main            d.u.i.k.p.i.AbstractProblemLoader Init config took 2.74s 
233909     INFO  main            d.u.i.k.p.i.AbstractProblemLoader Replaying proof heuristic_PUZ031p1.key.proof 
233953     DEBUG main            d.u.i.k.p.i.IntermediateProofReplayer Proof replay took 39.27ms 
233955     DEBUG main            d.u.i.k.p.r.p.TestFile    ... success: reloaded. 
233956     INFO  main            d.u.i.k.p.r.p.TestFile    Now processing file /home/runner/work/key/key/key.core/../key.ui/examples/standard_key/quantifiers/heuristic_SYN036p2.key 
233956     INFO  main            d.u.i.k.p.i.AbstractProblemLoader Loading environment from /home/runner/work/key/key/key.core/../key.ui/examples/standard_key/quantifiers/heuristic_SYN036p2.key 
233956     DEBUG main            d.u.i.k.p.i.AbstractProblemLoader Environment load took 103ns 
233957     INFO  main            d.u.i.k.p.i.AbstractProblemLoader Creating init config 
236717     DEBUG main            d.u.i.k.p.i.AbstractProblemLoader Init config took 2.76s 
236732     INFO  main            d.u.i.k.p.i.AbstractProblemLoader Replaying proof heuristic_SYN036p2.key 
236733     DEBUG main            d.u.i.k.p.i.IntermediateProofReplayer Proof replay took 6.7ns 
237039     INFO  main            d.u.i.k.p.r.p.TestFile    ... finished proof: closed. 
237450     INFO  main            d.u.i.k.p.i.AbstractProblemLoader Loading environment from /home/runner/work/key/key/key.core/../key.ui/examples/standard_key/quantifiers/heuristic_SYN036p2.key.proof 
237450     DEBUG main            d.u.i.k.p.i.AbstractProblemLoader Environment load took 359ns 
237451     INFO  main            d.u.i.k.p.i.AbstractProblemLoader Creating init config 
240116     DEBUG main            d.u.i.k.p.i.AbstractProblemLoader Init config took 2.66s 
240129     INFO  main            d.u.i.k.p.i.AbstractProblemLoader Replaying proof heuristic_SYN036p2.key.proof 
240210     DEBUG main            d.u.i.k.p.i.IntermediateProofReplayer Proof replay took 74.47ms 
240212     DEBUG main            d.u.i.k.p.r.p.TestFile    ... success: reloaded. 
240212     INFO  main            d.u.i.k.p.r.p.TestFile    Now processing file /home/runner/work/key/key/key.core/../key.ui/examples/standard_key/quantifiers/injectivity.key 
240213     INFO  main            d.u.i.k.p.i.AbstractProblemLoader Loading environment from /home/runner/work/key/key/key.core/../key.ui/examples/standard_key/quantifiers/injectivity.key 
240213     DEBUG main            d.u.i.k.p.i.AbstractProblemLoader Environment load took 161.2ns 
240214     INFO  main            d.u.i.k.p.i.AbstractProblemLoader Creating init config 
242904     DEBUG main            d.u.i.k.p.i.AbstractProblemLoader Init config took 2.69s 
242916     INFO  main            d.u.i.k.p.i.AbstractProblemLoader Replaying proof injectivity.key 
242917     DEBUG main            d.u.i.k.p.i.IntermediateProofReplayer Proof replay took 6ns 
243020     INFO  main            d.u.i.k.p.r.p.TestFile    ... finished proof: closed. 
243376     INFO  main            d.u.i.k.p.i.AbstractProblemLoader Loading environment from /home/runner/work/key/key/key.core/../key.ui/examples/standard_key/quantifiers/injectivity.key.proof 
243376     DEBUG main            d.u.i.k.p.i.AbstractProblemLoader Environment load took 123.7ns 
243378     INFO  main            d.u.i.k.p.i.AbstractProblemLoader Creating init config 
246039     DEBUG main            d.u.i.k.p.i.AbstractProblemLoader Init config took 2.66s 
246052     INFO  main            d.u.i.k.p.i.AbstractProblemLoader Replaying proof injectivity.key.proof 
246055     DEBUG main            d.u.i.k.p.i.IntermediateProofReplayer Proof replay took 1.28ms 
246056     DEBUG main            d.u.i.k.p.r.p.TestFile    ... success: reloaded. 
246057     INFO  main            d.u.i.k.p.r.p.TestFile    Now processing file /home/runner/work/key/key/key.core/../key.ui/examples/standard_key/quantifiers/normalisation0.key 
246057     INFO  main            d.u.i.k.p.i.AbstractProblemLoader Loading environment from /home/runner/work/key/key/key.core/../key.ui/examples/standard_key/quantifiers/normalisation0.key 
246057     DEBUG main            d.u.i.k.p.i.AbstractProblemLoader Environment load took 111.3ns 
246059     INFO  main            d.u.i.k.p.i.AbstractProblemLoader Creating init config 
248845     DEBUG main            d.u.i.k.p.i.AbstractProblemLoader Init config took 2.79s 
248860     INFO  main            d.u.i.k.p.i.AbstractProblemLoader Replaying proof normalisation0.key 
248861     DEBUG main            d.u.i.k.p.i.IntermediateProofReplayer Proof replay took 6.4ns 
248965     INFO  main            d.u.i.k.p.r.p.TestFile    ... finished proof: closed. 
249498     INFO  main            d.u.i.k.p.i.AbstractProblemLoader Loading environment from /home/runner/work/key/key/key.core/../key.ui/examples/standard_key/quantifiers/normalisation0.key.proof 
249498     DEBUG main            d.u.i.k.p.i.AbstractProblemLoader Environment load took 87.9ns 
249499     INFO  main            d.u.i.k.p.i.AbstractProblemLoader Creating init config 
252043     DEBUG main            d.u.i.k.p.i.AbstractProblemLoader Init config took 2.54s 
252057     INFO  main            d.u.i.k.p.i.AbstractProblemLoader Replaying proof normalisation0.key.proof 
252068     DEBUG main            d.u.i.k.p.i.IntermediateProofReplayer Proof replay took 9.38ms 
252070     DEBUG main            d.u.i.k.p.r.p.TestFile    ... success: reloaded. 
252070     INFO  main            d.u.i.k.p.r.p.TestFile    Now processing file /home/runner/work/key/key/key.core/../key.ui/examples/standard_key/quantifiers/normalisation1.key 
252071     INFO  main            d.u.i.k.p.i.AbstractProblemLoader Loading environment from /home/runner/work/key/key/key.core/../key.ui/examples/standard_key/quantifiers/normalisation1.key 
252071     DEBUG main            d.u.i.k.p.i.AbstractProblemLoader Environment load took 233ns 
252072     INFO  main            d.u.i.k.p.i.AbstractProblemLoader Creating init config 
254648     DEBUG main            d.u.i.k.p.i.AbstractProblemLoader Init config took 2.58s 
254664     INFO  main            d.u.i.k.p.i.AbstractProblemLoader Replaying proof normalisation1.key 
254665     DEBUG main            d.u.i.k.p.i.IntermediateProofReplayer Proof replay took 5.9ns 
254771     INFO  main            d.u.i.k.p.r.p.TestFile    ... finished proof: closed. 
255128     INFO  main            d.u.i.k.p.i.AbstractProblemLoader Loading environment from /home/runner/work/key/key/key.core/../key.ui/examples/standard_key/quantifiers/normalisation1.key.proof 
255128     DEBUG main            d.u.i.k.p.i.AbstractProblemLoader Environment load took 87.3ns 
255129     INFO  main            d.u.i.k.p.i.AbstractProblemLoader Creating init config 
257706     DEBUG main            d.u.i.k.p.i.AbstractProblemLoader Init config took 2.58s 
257719     INFO  main            d.u.i.k.p.i.AbstractProblemLoader Replaying proof normalisation1.key.proof 
257722     DEBUG main            d.u.i.k.p.i.IntermediateProofReplayer Proof replay took 1.39ms 
257723     DEBUG main            d.u.i.k.p.r.p.TestFile    ... success: reloaded. 
257724     INFO  main            d.u.i.k.p.r.p.TestFile    Now processing file /home/runner/work/key/key/key.core/../key.ui/examples/standard_key/quantifiers/normalisation2.key 
257724     INFO  main            d.u.i.k.p.i.AbstractProblemLoader Loading environment from /home/runner/work/key/key/key.core/../key.ui/examples/standard_key/quantifiers/normalisation2.key 
257724     DEBUG main            d.u.i.k.p.i.AbstractProblemLoader Environment load took 80.3ns 
257725     INFO  main            d.u.i.k.p.i.AbstractProblemLoader Creating init config 
260300     DEBUG main            d.u.i.k.p.i.AbstractProblemLoader Init config took 2.58s 
260315     INFO  main            d.u.i.k.p.i.AbstractProblemLoader Replaying proof normalisation2.key 
260320     DEBUG main            d.u.i.k.p.i.IntermediateProofReplayer Proof replay took 7.4ns 
260421     INFO  main            d.u.i.k.p.r.p.TestFile    ... finished proof: closed. 
260818     INFO  main            d.u.i.k.p.i.AbstractProblemLoader Loading environment from /home/runner/work/key/key/key.core/../key.ui/examples/standard_key/quantifiers/normalisation2.key.proof 
260818     DEBUG main            d.u.i.k.p.i.AbstractProblemLoader Environment load took 101.2ns 
260820     INFO  main            d.u.i.k.p.i.AbstractProblemLoader Creating init config 
263368     DEBUG main            d.u.i.k.p.i.AbstractProblemLoader Init config took 2.55s 
263385     INFO  main            d.u.i.k.p.i.AbstractProblemLoader Replaying proof normalisation2.key.proof 
263388     DEBUG main            d.u.i.k.p.i.IntermediateProofReplayer Proof replay took 1.29ms 
263388     DEBUG main            d.u.i.k.p.r.p.TestFile    ... success: reloaded. 
263389     INFO  main            d.u.i.k.p.r.p.TestFile    Now processing file /home/runner/work/key/key/key.core/../key.ui/examples/standard_key/quantifiers/normalisation3.key 
263390     INFO  main            d.u.i.k.p.i.AbstractProblemLoader Loading environment from /home/runner/work/key/key/key.core/../key.ui/examples/standard_key/quantifiers/normalisation3.key 
263390     DEBUG main            d.u.i.k.p.i.AbstractProblemLoader Environment load took 186.9ns 
263391     INFO  main            d.u.i.k.p.i.AbstractProblemLoader Creating init config 
265960     DEBUG main            d.u.i.k.p.i.AbstractProblemLoader Init config took 2.57s 
265974     INFO  main            d.u.i.k.p.i.AbstractProblemLoader Replaying proof normalisation3.key 
265976     DEBUG main            d.u.i.k.p.i.IntermediateProofReplayer Proof replay took 6.7ns 
266079     INFO  main            d.u.i.k.p.r.p.TestFile    ... finished proof: closed. 
266456     INFO  main            d.u.i.k.p.i.AbstractProblemLoader Loading environment from /home/runner/work/key/key/key.core/../key.ui/examples/standard_key/quantifiers/normalisation3.key.proof 
266456     DEBUG main            d.u.i.k.p.i.AbstractProblemLoader Environment load took 105.2ns 
266457     INFO  main            d.u.i.k.p.i.AbstractProblemLoader Creating init config 
269304     DEBUG main            d.u.i.k.p.i.AbstractProblemLoader Init config took 2.85s 
269318     INFO  main            d.u.i.k.p.i.AbstractProblemLoader Replaying proof normalisation3.key.proof 
269320     DEBUG main            d.u.i.k.p.i.IntermediateProofReplayer Proof replay took 1.32ms 
269321     DEBUG main            d.u.i.k.p.r.p.TestFile    ... success: reloaded. 
269322     INFO  main            d.u.i.k.p.r.p.TestFile    Now processing file /home/runner/work/key/key/key.core/../key.ui/examples/standard_key/quantifiers/normalisation4.key 
269322     INFO  main            d.u.i.k.p.i.AbstractProblemLoader Loading environment from /home/runner/work/key/key/key.core/../key.ui/examples/standard_key/quantifiers/normalisation4.key 
269322     DEBUG main            d.u.i.k.p.i.AbstractProblemLoader Environment load took 110.2ns 
269323     INFO  main            d.u.i.k.p.i.AbstractProblemLoader Creating init config 
272077     DEBUG main            d.u.i.k.p.i.AbstractProblemLoader Init config took 2.75s 
272091     INFO  main            d.u.i.k.p.i.AbstractProblemLoader Replaying proof normalisation4.key 
272093     DEBUG main            d.u.i.k.p.i.IntermediateProofReplayer Proof replay took 6.5ns 
272194     INFO  main            d.u.i.k.p.r.p.TestFile    ... finished proof: closed. 
272575     INFO  main            d.u.i.k.p.i.AbstractProblemLoader Loading environment from /home/runner/work/key/key/key.core/../key.ui/examples/standard_key/quantifiers/normalisation4.key.proof 
272575     DEBUG main            d.u.i.k.p.i.AbstractProblemLoader Environment load took 132.2ns 
272577     INFO  main            d.u.i.k.p.i.AbstractProblemLoader Creating init config 
275202     DEBUG main            d.u.i.k.p.i.AbstractProblemLoader Init config took 2.63s 
275215     INFO  main            d.u.i.k.p.i.AbstractProblemLoader Replaying proof normalisation4.key.proof 
275219     DEBUG main            d.u.i.k.p.i.IntermediateProofReplayer Proof replay took 2.52ms 
275220     DEBUG main            d.u.i.k.p.r.p.TestFile    ... success: reloaded. 
275221     INFO  main            d.u.i.k.p.r.p.TestFile    Now processing file /home/runner/work/key/key/key.core/../key.ui/examples/standard_key/quantifiers/normalisation5.key 
275222     INFO  main            d.u.i.k.p.i.AbstractProblemLoader Loading environment from /home/runner/work/key/key/key.core/../key.ui/examples/standard_key/quantifiers/normalisation5.key 
275222     DEBUG main            d.u.i.k.p.i.AbstractProblemLoader Environment load took 196.9ns 
275223     INFO  main            d.u.i.k.p.i.AbstractProblemLoader Creating init config 
277798     DEBUG main            d.u.i.k.p.i.AbstractProblemLoader Init config took 2.57s 
277811     INFO  main            d.u.i.k.p.i.AbstractProblemLoader Replaying proof normalisation5.key 
277813     DEBUG main            d.u.i.k.p.i.IntermediateProofReplayer Proof replay took 5.7ns 
277914     INFO  main            d.u.i.k.p.r.p.TestFile    ... finished proof: closed. 
278322     INFO  main            d.u.i.k.p.i.AbstractProblemLoader Loading environment from /home/runner/work/key/key/key.core/../key.ui/examples/standard_key/quantifiers/normalisation5.key.proof 
278322     DEBUG main            d.u.i.k.p.i.AbstractProblemLoader Environment load took 121.3ns 
278323     INFO  main            d.u.i.k.p.i.AbstractProblemLoader Creating init config 
280887     DEBUG main            d.u.i.k.p.i.AbstractProblemLoader Init config took 2.56s 
280901     INFO  main            d.u.i.k.p.i.AbstractProblemLoader Replaying proof normalisation5.key.proof 
280904     DEBUG main            d.u.i.k.p.i.IntermediateProofReplayer Proof replay took 1.73ms 
280905     DEBUG main            d.u.i.k.p.r.p.TestFile    ... success: reloaded. 
280906     INFO  main            d.u.i.k.p.r.p.TestFile    Now processing file /home/runner/work/key/key/key.core/../key.ui/examples/standard_key/quantifiers/normalisation6.key 
280906     INFO  main            d.u.i.k.p.i.AbstractProblemLoader Loading environment from /home/runner/work/key/key/key.core/../key.ui/examples/standard_key/quantifiers/normalisation6.key 
280906     DEBUG main            d.u.i.k.p.i.AbstractProblemLoader Environment load took 104.1ns 
280907     INFO  main            d.u.i.k.p.i.AbstractProblemLoader Creating init config 
283504     DEBUG main            d.u.i.k.p.i.AbstractProblemLoader Init config took 2.6s 
283517     INFO  main            d.u.i.k.p.i.AbstractProblemLoader Replaying proof normalisation6.key 
283519     DEBUG main            d.u.i.k.p.i.IntermediateProofReplayer Proof replay took 6.9ns 
283621     INFO  main            d.u.i.k.p.r.p.TestFile    ... finished proof: closed. 
284029     INFO  main            d.u.i.k.p.i.AbstractProblemLoader Loading environment from /home/runner/work/key/key/key.core/../key.ui/examples/standard_key/quantifiers/normalisation6.key.proof 
284030     DEBUG main            d.u.i.k.p.i.AbstractProblemLoader Environment load took 120.8ns 
284031     INFO  main            d.u.i.k.p.i.AbstractProblemLoader Creating init config 
286589     DEBUG main            d.u.i.k.p.i.AbstractProblemLoader Init config took 2.56s 
286603     INFO  main            d.u.i.k.p.i.AbstractProblemLoader Replaying proof normalisation6.key.proof 
286606     DEBUG main            d.u.i.k.p.i.IntermediateProofReplayer Proof replay took 1.57ms 
286607     DEBUG main            d.u.i.k.p.r.p.TestFile    ... success: reloaded. 
286608     INFO  main            d.u.i.k.p.r.p.TestFile    Now processing file /home/runner/work/key/key/key.core/../key.ui/examples/standard_key/quantifiers/normalisation7.key 
286608     INFO  main            d.u.i.k.p.i.AbstractProblemLoader Loading environment from /home/runner/work/key/key/key.core/../key.ui/examples/standard_key/quantifiers/normalisation7.key 
286608     DEBUG main            d.u.i.k.p.i.AbstractProblemLoader Environment load took 72.3ns 
286609     INFO  main            d.u.i.k.p.i.AbstractProblemLoader Creating init config 
289285     DEBUG main            d.u.i.k.p.i.AbstractProblemLoader Init config took 2.68s 
289299     INFO  main            d.u.i.k.p.i.AbstractProblemLoader Replaying proof normalisation7.key 
289301     DEBUG main            d.u.i.k.p.i.IntermediateProofReplayer Proof replay took 6.7ns 
289403     INFO  main            d.u.i.k.p.r.p.TestFile    ... finished proof: closed. 
289831     INFO  main            d.u.i.k.p.i.AbstractProblemLoader Loading environment from /home/runner/work/key/key/key.core/../key.ui/examples/standard_key/quantifiers/normalisation7.key.proof 
289832     DEBUG main            d.u.i.k.p.i.AbstractProblemLoader Environment load took 98.6ns 
289833     INFO  main            d.u.i.k.p.i.AbstractProblemLoader Creating init config 
292527     DEBUG main            d.u.i.k.p.i.AbstractProblemLoader Init config took 2.69s 
292545     INFO  main            d.u.i.k.p.i.AbstractProblemLoader Replaying proof normalisation7.key.proof 
292548     DEBUG main            d.u.i.k.p.i.IntermediateProofReplayer Proof replay took 1.3ms 
292549     DEBUG main            d.u.i.k.p.r.p.TestFile    ... success: reloaded. 
292550     INFO  main            d.u.i.k.p.r.p.TestFile    Now processing file /home/runner/work/key/key/key.core/../key.ui/examples/standard_key/quantifiers/normalisation8.key 
292550     INFO  main            d.u.i.k.p.i.AbstractProblemLoader Loading environment from /home/runner/work/key/key/key.core/../key.ui/examples/standard_key/quantifiers/normalisation8.key 
292550     DEBUG main            d.u.i.k.p.i.AbstractProblemLoader Environment load took 220.3ns 
292552     INFO  main            d.u.i.k.p.i.AbstractProblemLoader Creating init config 
295203     DEBUG main            d.u.i.k.p.i.AbstractProblemLoader Init config took 2.65s 
295216     INFO  main            d.u.i.k.p.i.AbstractProblemLoader Replaying proof normalisation8.key 
295218     DEBUG main            d.u.i.k.p.i.IntermediateProofReplayer Proof replay took 6.2ns 
295320     INFO  main            d.u.i.k.p.r.p.TestFile    ... finished proof: closed. 
295745     INFO  main            d.u.i.k.p.i.AbstractProblemLoader Loading environment from /home/runner/work/key/key/key.core/../key.ui/examples/standard_key/quantifiers/normalisation8.key.proof 
295745     DEBUG main            d.u.i.k.p.i.AbstractProblemLoader Environment load took 98.3ns 
295747     INFO  main            d.u.i.k.p.i.AbstractProblemLoader Creating init config 
298546     DEBUG main            d.u.i.k.p.i.AbstractProblemLoader Init config took 2.8s 
298562     INFO  main            d.u.i.k.p.i.AbstractProblemLoader Replaying proof normalisation8.key.proof 
298567     DEBUG main            d.u.i.k.p.i.IntermediateProofReplayer Proof replay took 3.49ms 
298568     DEBUG main            d.u.i.k.p.r.p.TestFile    ... success: reloaded. 
298569     INFO  main            d.u.i.k.p.r.p.TestFile    Now processing file /home/runner/work/key/key/key.core/../key.ui/examples/standard_key/quantifiers/normalisation9.key 
298570     INFO  main            d.u.i.k.p.i.AbstractProblemLoader Loading environment from /home/runner/work/key/key/key.core/../key.ui/examples/standard_key/quantifiers/normalisation9.key 
298570     DEBUG main            d.u.i.k.p.i.AbstractProblemLoader Environment load took 96.6ns 
298571     INFO  main            d.u.i.k.p.i.AbstractProblemLoader Creating init config 
301495     DEBUG main            d.u.i.k.p.i.AbstractProblemLoader Init config took 2.92s 
301530     INFO  main            d.u.i.k.p.i.AbstractProblemLoader Replaying proof normalisation9.key 
301531     DEBUG main            d.u.i.k.p.i.IntermediateProofReplayer Proof replay took 8ns 
301633     INFO  main            d.u.i.k.p.r.p.TestFile    ... finished proof: closed. 
302071     INFO  main            d.u.i.k.p.i.AbstractProblemLoader Loading environment from /home/runner/work/key/key/key.core/../key.ui/examples/standard_key/quantifiers/normalisation9.key.proof 
302071     DEBUG main            d.u.i.k.p.i.AbstractProblemLoader Environment load took 84.8ns 
302072     INFO  main            d.u.i.k.p.i.AbstractProblemLoader Creating init config 
304868     DEBUG main            d.u.i.k.p.i.AbstractProblemLoader Init config took 2.8s 
304882     INFO  main            d.u.i.k.p.i.AbstractProblemLoader Replaying proof normalisation9.key.proof 
304887     DEBUG main            d.u.i.k.p.i.IntermediateProofReplayer Proof replay took 2.99ms 
304889     DEBUG main            d.u.i.k.p.r.p.TestFile    ... success: reloaded. 
304890     INFO  main            d.u.i.k.p.r.p.TestFile    Now processing file /home/runner/work/key/key/key.core/../key.ui/examples/standard_key/quantifiers/normalisation10.key 
304890     INFO  main            d.u.i.k.p.i.AbstractProblemLoader Loading environment from /home/runner/work/key/key/key.core/../key.ui/examples/standard_key/quantifiers/normalisation10.key 
304891     DEBUG main            d.u.i.k.p.i.AbstractProblemLoader Environment load took 207.5ns 
304892     INFO  main            d.u.i.k.p.i.AbstractProblemLoader Creating init config 
307783     DEBUG main            d.u.i.k.p.i.AbstractProblemLoader Init config took 2.89s 
307798     INFO  main            d.u.i.k.p.i.AbstractProblemLoader Replaying proof normalisation10.key 
307801     DEBUG main            d.u.i.k.p.i.IntermediateProofReplayer Proof replay took 7.6ns 
307903     INFO  main            d.u.i.k.p.r.p.TestFile    ... finished proof: closed. 
308384     INFO  main            d.u.i.k.p.i.AbstractProblemLoader Loading environment from /home/runner/work/key/key/key.core/../key.ui/examples/standard_key/quantifiers/normalisation10.key.proof 
308384     DEBUG main            d.u.i.k.p.i.AbstractProblemLoader Environment load took 125.4ns 
308386     INFO  main            d.u.i.k.p.i.AbstractProblemLoader Creating init config 
311161     DEBUG main            d.u.i.k.p.i.AbstractProblemLoader Init config took 2.78s 
311176     INFO  main            d.u.i.k.p.i.AbstractProblemLoader Replaying proof normalisation10.key.proof 
311181     DEBUG main            d.u.i.k.p.i.IntermediateProofReplayer Proof replay took 3.41ms 
311182     DEBUG main            d.u.i.k.p.r.p.TestFile    ... success: reloaded. 
311183     INFO  main            d.u.i.k.p.r.p.TestFile    Now processing file /home/runner/work/key/key/key.core/../key.ui/examples/standard_key/quantifiers/normalisation12.key 
311183     INFO  main            d.u.i.k.p.i.AbstractProblemLoader Loading environment from /home/runner/work/key/key/key.core/../key.ui/examples/standard_key/quantifiers/normalisation12.key 
311184     DEBUG main            d.u.i.k.p.i.AbstractProblemLoader Environment load took 113.9ns 
311184     INFO  main            d.u.i.k.p.i.AbstractProblemLoader Creating init config 
313963     DEBUG main            d.u.i.k.p.i.AbstractProblemLoader Init config took 2.78s 
313978     INFO  main            d.u.i.k.p.i.AbstractProblemLoader Replaying proof normalisation12.key 
313980     DEBUG main            d.u.i.k.p.i.IntermediateProofReplayer Proof replay took 7ns 
314082     INFO  main            d.u.i.k.p.r.p.TestFile    ... finished proof: closed. 
314521     INFO  main            d.u.i.k.p.i.AbstractProblemLoader Loading environment from /home/runner/work/key/key/key.core/../key.ui/examples/standard_key/quantifiers/normalisation12.key.proof 
314521     DEBUG main            d.u.i.k.p.i.AbstractProblemLoader Environment load took 105.5ns 
314522     INFO  main            d.u.i.k.p.i.AbstractProblemLoader Creating init config 
317238     DEBUG main            d.u.i.k.p.i.AbstractProblemLoader Init config took 2.72s 
317253     INFO  main            d.u.i.k.p.i.AbstractProblemLoader Replaying proof normalisation12.key.proof 
317256     DEBUG main            d.u.i.k.p.i.IntermediateProofReplayer Proof replay took 1.34ms 
317257     DEBUG main            d.u.i.k.p.r.p.TestFile    ... success: reloaded. 
317258     INFO  main            d.u.i.k.p.r.p.TestFile    Now processing file /home/runner/work/key/key/key.core/../key.ui/examples/standard_key/quantifiers/normalisation13.key 
317258     INFO  main            d.u.i.k.p.i.AbstractProblemLoader Loading environment from /home/runner/work/key/key/key.core/../key.ui/examples/standard_key/quantifiers/normalisation13.key 
317258     DEBUG main            d.u.i.k.p.i.AbstractProblemLoader Environment load took 121.7ns 
317259     INFO  main            d.u.i.k.p.i.AbstractProblemLoader Creating init config 
320038     DEBUG main            d.u.i.k.p.i.AbstractProblemLoader Init config took 2.78s 
320054     INFO  main            d.u.i.k.p.i.AbstractProblemLoader Replaying proof normalisation13.key 
320056     DEBUG main            d.u.i.k.p.i.IntermediateProofReplayer Proof replay took 7.4ns 
320158     INFO  main            d.u.i.k.p.r.p.TestFile    ... finished proof: closed. 
320609     INFO  main            d.u.i.k.p.i.AbstractProblemLoader Loading environment from /home/runner/work/key/key/key.core/../key.ui/examples/standard_key/quantifiers/normalisation13.key.proof 
320610     DEBUG main            d.u.i.k.p.i.AbstractProblemLoader Environment load took 118.4ns 
320611     INFO  main            d.u.i.k.p.i.AbstractProblemLoader Creating init config 
323346     DEBUG main            d.u.i.k.p.i.AbstractProblemLoader Init config took 2.73s 
323360     INFO  main            d.u.i.k.p.i.AbstractProblemLoader Replaying proof normalisation13.key.proof 
323363     DEBUG main            d.u.i.k.p.i.IntermediateProofReplayer Proof replay took 991.42ns 
323364     DEBUG main            d.u.i.k.p.r.p.TestFile    ... success: reloaded. 
323365     INFO  main            d.u.i.k.p.r.p.TestFile    Now processing file /home/runner/work/key/key/key.core/../key.ui/examples/standard_key/quantifiers/triggers0.key 
323365     INFO  main            d.u.i.k.p.i.AbstractProblemLoader Loading environment from /home/runner/work/key/key/key.core/../key.ui/examples/standard_key/quantifiers/triggers0.key 
323365     DEBUG main            d.u.i.k.p.i.AbstractProblemLoader Environment load took 130.4ns 
323366     INFO  main            d.u.i.k.p.i.AbstractProblemLoader Creating init config 
326158     DEBUG main            d.u.i.k.p.i.AbstractProblemLoader Init config took 2.79s 
326172     INFO  main            d.u.i.k.p.i.AbstractProblemLoader Replaying proof triggers0.key 
326174     DEBUG main            d.u.i.k.p.i.IntermediateProofReplayer Proof replay took 6.9ns 
326276     INFO  main            d.u.i.k.p.r.p.TestFile    ... finished proof: closed. 
326754     INFO  main            d.u.i.k.p.i.AbstractProblemLoader Loading environment from /home/runner/work/key/key/key.core/../key.ui/examples/standard_key/quantifiers/triggers0.key.proof 
326754     DEBUG main            d.u.i.k.p.i.AbstractProblemLoader Environment load took 92.4ns 
326755     INFO  main            d.u.i.k.p.i.AbstractProblemLoader Creating init config 
329540     DEBUG main            d.u.i.k.p.i.AbstractProblemLoader Init config took 2.79s 
329557     INFO  main            d.u.i.k.p.i.AbstractProblemLoader Replaying proof triggers0.key.proof 
329560     DEBUG main            d.u.i.k.p.i.IntermediateProofReplayer Proof replay took 1.28ms 
329561     DEBUG main            d.u.i.k.p.r.p.TestFile    ... success: reloaded. 
4377402    INFO  Test worker     d.u.i.k.p.r.p.StatisticsFile Returning from test FOL 
4377406    INFO  Test worker     d.u.i.k.p.r.p.StatisticsFile Running test strings 
494        INFO  Timeout watchdog d.u.i.k.p.r.p.ForkedTestFileRunner Timeout watcher launched (2000 secs.) 
505        WARN  main            d.u.i.k.s.ProofSettings   The settings in /home/runner/.key/proof-settings.props are *not* read. 
557        INFO  main            d.u.i.k.p.r.p.TestFile    Now processing file /home/runner/work/key/key/key.core/../key.ui/examples/standard_key/strings/charAt0.key 
739        INFO  main            d.u.i.k.p.i.AbstractProblemLoader Loading environment from /home/runner/work/key/key/key.core/../key.ui/examples/standard_key/strings/charAt0.key 
759        DEBUG main            d.u.i.k.p.i.AbstractProblemLoader Environment load took 2.33ms 
1102       INFO  main            d.u.i.k.p.i.AbstractProblemLoader Creating init config 
2158       DEBUG main            d.u.i.k.j.TypeConverter   No LDT found for Meta 
2158       DEBUG main            d.u.i.k.j.TypeConverter   No LDT found for Meta 
2160       DEBUG main            d.u.i.k.j.TypeConverter   No LDT found for Meta 
2160       DEBUG main            d.u.i.k.j.TypeConverter   No LDT found for Meta 
4004       DEBUG main            d.u.i.k.j.TypeConverter   No LDT found for JavaBigintExpression 
9740       DEBUG main            d.u.i.k.p.i.AbstractProblemLoader Init config took 8.64s 
9829       INFO  main            d.u.i.k.p.i.AbstractProblemLoader Replaying proof charAt0.key 
9880       DEBUG main            d.u.i.k.p.i.IntermediateProofReplayer Proof replay took 36.8ns 
10351      INFO  main            d.u.i.k.p.r.p.TestFile    ... finished proof: closed. 
10484      INFO  main            d.u.i.k.p.i.AbstractProblemLoader Loading environment from /home/runner/work/key/key/key.core/../key.ui/examples/standard_key/strings/charAt0.key.proof 
10485      DEBUG main            d.u.i.k.p.i.AbstractProblemLoader Environment load took 1.39ms 
10493      INFO  main            d.u.i.k.p.i.AbstractProblemLoader Creating init config 
13634      DEBUG main            d.u.i.k.p.i.AbstractProblemLoader Init config took 3.14s 
13691      INFO  main            d.u.i.k.p.i.AbstractProblemLoader Replaying proof charAt0.key.proof 
13714      DEBUG main            d.u.i.k.p.i.IntermediateProofReplayer Proof replay took 16.4ms 
13728      DEBUG main            d.u.i.k.p.r.p.TestFile    ... success: reloaded. 
13729      INFO  main            d.u.i.k.p.r.p.TestFile    Now processing file /home/runner/work/key/key/key.core/../key.ui/examples/standard_key/strings/charAt1.key 
13730      INFO  main            d.u.i.k.p.i.AbstractProblemLoader Loading environment from /home/runner/work/key/key/key.core/../key.ui/examples/standard_key/strings/charAt1.key 
13730      DEBUG main            d.u.i.k.p.i.AbstractProblemLoader Environment load took 239ns 
13732      INFO  main            d.u.i.k.p.i.AbstractProblemLoader Creating init config 
16672      DEBUG main            d.u.i.k.p.i.AbstractProblemLoader Init config took 2.94s 
16708      INFO  main            d.u.i.k.p.i.AbstractProblemLoader Replaying proof charAt1.key 
16711      DEBUG main            d.u.i.k.p.i.IntermediateProofReplayer Proof replay took 7.3ns 
17016      INFO  main            d.u.i.k.p.r.p.TestFile    ... finished proof: closed. 
17166      INFO  main            d.u.i.k.p.i.AbstractProblemLoader Loading environment from /home/runner/work/key/key/key.core/../key.ui/examples/standard_key/strings/charAt1.key.proof 
17169      DEBUG main            d.u.i.k.p.i.AbstractProblemLoader Environment load took 2.11ms 
17171      INFO  main            d.u.i.k.p.i.AbstractProblemLoader Creating init config 
20020      DEBUG main            d.u.i.k.p.i.AbstractProblemLoader Init config took 2.85s 
20053      INFO  main            d.u.i.k.p.i.AbstractProblemLoader Replaying proof charAt1.key.proof 
20075      DEBUG main            d.u.i.k.p.i.IntermediateProofReplayer Proof replay took 18.43ms 
20077      DEBUG main            d.u.i.k.p.r.p.TestFile    ... success: reloaded. 
20078      INFO  main            d.u.i.k.p.r.p.TestFile    Now processing file /home/runner/work/key/key/key.core/../key.ui/examples/standard_key/strings/concat1.key 
20078      INFO  main            d.u.i.k.p.i.AbstractProblemLoader Loading environment from /home/runner/work/key/key/key.core/../key.ui/examples/standard_key/strings/concat1.key 
20078      DEBUG main            d.u.i.k.p.i.AbstractProblemLoader Environment load took 127.6ns 
20080      INFO  main            d.u.i.k.p.i.AbstractProblemLoader Creating init config 
22962      DEBUG main            d.u.i.k.p.i.AbstractProblemLoader Init config took 2.88s 
22987      INFO  main            d.u.i.k.p.i.AbstractProblemLoader Replaying proof concat1.key 
22989      DEBUG main            d.u.i.k.p.i.IntermediateProofReplayer Proof replay took 5.9ns 
23092      INFO  main            d.u.i.k.p.r.p.TestFile    ... finished proof: closed. 
23240      INFO  main            d.u.i.k.p.i.AbstractProblemLoader Loading environment from /home/runner/work/key/key/key.core/../key.ui/examples/standard_key/strings/concat1.key.proof 
23240      DEBUG main            d.u.i.k.p.i.AbstractProblemLoader Environment load took 158.1ns 
23242      INFO  main            d.u.i.k.p.i.AbstractProblemLoader Creating init config 
26095      DEBUG main            d.u.i.k.p.i.AbstractProblemLoader Init config took 2.85s 
26122      INFO  main            d.u.i.k.p.i.AbstractProblemLoader Replaying proof concat1.key.proof 
26126      DEBUG main            d.u.i.k.p.i.IntermediateProofReplayer Proof replay took 1.18ms 
26127      DEBUG main            d.u.i.k.p.r.p.TestFile    ... success: reloaded. 
26128      INFO  main            d.u.i.k.p.r.p.TestFile    Now processing file /home/runner/work/key/key/key.core/../key.ui/examples/standard_key/strings/concat2.key 
26128      INFO  main            d.u.i.k.p.i.AbstractProblemLoader Loading environment from /home/runner/work/key/key/key.core/../key.ui/examples/standard_key/strings/concat2.key 
26129      DEBUG main            d.u.i.k.p.i.AbstractProblemLoader Environment load took 254.7ns 
26130      INFO  main            d.u.i.k.p.i.AbstractProblemLoader Creating init config 
29085      DEBUG main            d.u.i.k.p.i.AbstractProblemLoader Init config took 2.95s 
29107      INFO  main            d.u.i.k.p.i.AbstractProblemLoader Replaying proof concat2.key 
29109      DEBUG main            d.u.i.k.p.i.IntermediateProofReplayer Proof replay took 6ns 
29212      INFO  main            d.u.i.k.p.r.p.TestFile    ... finished proof: closed. 
29379      INFO  main            d.u.i.k.p.i.AbstractProblemLoader Loading environment from /home/runner/work/key/key/key.core/../key.ui/examples/standard_key/strings/concat2.key.proof 
29382      DEBUG main            d.u.i.k.p.i.AbstractProblemLoader Environment load took 2.98ms 
29384      INFO  main            d.u.i.k.p.i.AbstractProblemLoader Creating init config 
32382      DEBUG main            d.u.i.k.p.i.AbstractProblemLoader Init config took 3s 
32406      INFO  main            d.u.i.k.p.i.AbstractProblemLoader Replaying proof concat2.key.proof 
32419      DEBUG main            d.u.i.k.p.i.IntermediateProofReplayer Proof replay took 10.42ms 
32420      DEBUG main            d.u.i.k.p.r.p.TestFile    ... success: reloaded. 
32421      INFO  main            d.u.i.k.p.r.p.TestFile    Now processing file /home/runner/work/key/key/key.core/../key.ui/examples/standard_key/strings/deriveLength1.key 
32422      INFO  main            d.u.i.k.p.i.AbstractProblemLoader Loading environment from /home/runner/work/key/key/key.core/../key.ui/examples/standard_key/strings/deriveLength1.key 
32422      DEBUG main            d.u.i.k.p.i.AbstractProblemLoader Environment load took 217.5ns 
32424      INFO  main            d.u.i.k.p.i.AbstractProblemLoader Creating init config 
35247      DEBUG main            d.u.i.k.p.i.AbstractProblemLoader Init config took 2.82s 
35271      INFO  main            d.u.i.k.p.i.AbstractProblemLoader Replaying proof deriveLength1.key 
35274      DEBUG main            d.u.i.k.p.i.IntermediateProofReplayer Proof replay took 7ns 
35379      INFO  main            d.u.i.k.p.r.p.TestFile    ... finished proof: closed. 
35548      INFO  main            d.u.i.k.p.i.AbstractProblemLoader Loading environment from /home/runner/work/key/key/key.core/../key.ui/examples/standard_key/strings/deriveLength1.key.proof 
35548      DEBUG main            d.u.i.k.p.i.AbstractProblemLoader Environment load took 464.7ns 
35550      INFO  main            d.u.i.k.p.i.AbstractProblemLoader Creating init config 
38318      DEBUG main            d.u.i.k.p.i.AbstractProblemLoader Init config took 2.77s 
38342      INFO  main            d.u.i.k.p.i.AbstractProblemLoader Replaying proof deriveLength1.key.proof 
38365      DEBUG main            d.u.i.k.p.i.IntermediateProofReplayer Proof replay took 19.85ms 
38368      DEBUG main            d.u.i.k.p.r.p.TestFile    ... success: reloaded. 
38369      INFO  main            d.u.i.k.p.r.p.TestFile    Now processing file /home/runner/work/key/key/key.core/../key.ui/examples/standard_key/strings/emptyStringLengthZero.key 
38370      INFO  main            d.u.i.k.p.i.AbstractProblemLoader Loading environment from /home/runner/work/key/key/key.core/../key.ui/examples/standard_key/strings/emptyStringLengthZero.key 
38371      DEBUG main            d.u.i.k.p.i.AbstractProblemLoader Environment load took 124.7ns 
38372      INFO  main            d.u.i.k.p.i.AbstractProblemLoader Creating init config 
41139      DEBUG main            d.u.i.k.p.i.AbstractProblemLoader Init config took 2.77s 
41162      INFO  main            d.u.i.k.p.i.AbstractProblemLoader Replaying proof emptyStringLengthZero.key 
41164      DEBUG main            d.u.i.k.p.i.IntermediateProofReplayer Proof replay took 7.8ns 
41268      INFO  main            d.u.i.k.p.r.p.TestFile    ... finished proof: closed. 
41463      INFO  main            d.u.i.k.p.i.AbstractProblemLoader Loading environment from /home/runner/work/key/key/key.core/../key.ui/examples/standard_key/strings/emptyStringLengthZero.key.proof 
41465      DEBUG main            d.u.i.k.p.i.AbstractProblemLoader Environment load took 2.2ms 
41467      INFO  main            d.u.i.k.p.i.AbstractProblemLoader Creating init config 
44359      DEBUG main            d.u.i.k.p.i.AbstractProblemLoader Init config took 2.89s 
44380      INFO  main            d.u.i.k.p.i.AbstractProblemLoader Replaying proof emptyStringLengthZero.key.proof 
44386      DEBUG main            d.u.i.k.p.i.IntermediateProofReplayer Proof replay took 3.7ms 
44387      DEBUG main            d.u.i.k.p.r.p.TestFile    ... success: reloaded. 
44388      INFO  main            d.u.i.k.p.r.p.TestFile    Now processing file /home/runner/work/key/key/key.core/../key.ui/examples/standard_key/strings/implicitBooleanStringConversion.key 
44389      INFO  main            d.u.i.k.p.i.AbstractProblemLoader Loading environment from /home/runner/work/key/key/key.core/../key.ui/examples/standard_key/strings/implicitBooleanStringConversion.key 
44389      DEBUG main            d.u.i.k.p.i.AbstractProblemLoader Environment load took 244.6ns 
44390      INFO  main            d.u.i.k.p.i.AbstractProblemLoader Creating init config 
47230      DEBUG main            d.u.i.k.p.i.AbstractProblemLoader Init config took 2.84s 
47258      INFO  main            d.u.i.k.p.i.AbstractProblemLoader Replaying proof implicitBooleanStringConversion.key 
47260      DEBUG main            d.u.i.k.p.i.IntermediateProofReplayer Proof replay took 6.9ns 
48574      INFO  main            d.u.i.k.p.r.p.TestFile    ... finished proof: closed. 
48790      INFO  main            d.u.i.k.p.i.AbstractProblemLoader Loading environment from /home/runner/work/key/key/key.core/../key.ui/examples/standard_key/strings/implicitBooleanStringConversion.key.proof 
48790      DEBUG main            d.u.i.k.p.i.AbstractProblemLoader Environment load took 510.61ns 
48792      INFO  main            d.u.i.k.p.i.AbstractProblemLoader Creating init config 
51559      DEBUG main            d.u.i.k.p.i.AbstractProblemLoader Init config took 2.77s 
51588      INFO  main            d.u.i.k.p.i.AbstractProblemLoader Replaying proof implicitBooleanStringConversion.key.proof 
51666      DEBUG main            d.u.i.k.p.i.IntermediateProofReplayer Proof replay took 71ms 
51667      DEBUG main            d.u.i.k.p.r.p.TestFile    ... success: reloaded. 
51668      INFO  main            d.u.i.k.p.r.p.TestFile    Now processing file /home/runner/work/key/key/key.core/../key.ui/examples/standard_key/strings/implicitBooleanStringConversion2.key 
51668      INFO  main            d.u.i.k.p.i.AbstractProblemLoader Loading environment from /home/runner/work/key/key/key.core/../key.ui/examples/standard_key/strings/implicitBooleanStringConversion2.key 
51668      DEBUG main            d.u.i.k.p.i.AbstractProblemLoader Environment load took 224.8ns 
51669      INFO  main            d.u.i.k.p.i.AbstractProblemLoader Creating init config 
54354      DEBUG main            d.u.i.k.p.i.AbstractProblemLoader Init config took 2.68s 
54382      INFO  main            d.u.i.k.p.i.AbstractProblemLoader Replaying proof implicitBooleanStringConversion2.key 
54384      DEBUG main            d.u.i.k.p.i.IntermediateProofReplayer Proof replay took 41.1ns 
54789      INFO  main            d.u.i.k.p.r.p.TestFile    ... finished proof: closed. 
55011      INFO  main            d.u.i.k.p.i.AbstractProblemLoader Loading environment from /home/runner/work/key/key/key.core/../key.ui/examples/standard_key/strings/implicitBooleanStringConversion2.key.proof 
55012      DEBUG main            d.u.i.k.p.i.AbstractProblemLoader Environment load took 942.01ns 
55015      INFO  main            d.u.i.k.p.i.AbstractProblemLoader Creating init config 
57724      DEBUG main            d.u.i.k.p.i.AbstractProblemLoader Init config took 2.71s 
57748      INFO  main            d.u.i.k.p.i.AbstractProblemLoader Replaying proof implicitBooleanStringConversion2.key.proof 
57779      DEBUG main            d.u.i.k.p.i.IntermediateProofReplayer Proof replay took 27.59ms 
57779      DEBUG main            d.u.i.k.p.r.p.TestFile    ... success: reloaded. 
57780      INFO  main            d.u.i.k.p.r.p.TestFile    Now processing file /home/runner/work/key/key/key.core/../key.ui/examples/standard_key/strings/implicitIntStringConversion.key 
57781      INFO  main            d.u.i.k.p.i.AbstractProblemLoader Loading environment from /home/runner/work/key/key/key.core/../key.ui/examples/standard_key/strings/implicitIntStringConversion.key 
57781      DEBUG main            d.u.i.k.p.i.AbstractProblemLoader Environment load took 128.9ns 
57782      INFO  main            d.u.i.k.p.i.AbstractProblemLoader Creating init config 
60467      DEBUG main            d.u.i.k.p.i.AbstractProblemLoader Init config took 2.69s 
60487      INFO  main            d.u.i.k.p.i.AbstractProblemLoader Replaying proof implicitIntStringConversion.key 
60490      DEBUG main            d.u.i.k.p.i.IntermediateProofReplayer Proof replay took 6ns 
61394      INFO  main            d.u.i.k.p.r.p.TestFile    ... finished proof: closed. 
61643      INFO  main            d.u.i.k.p.i.AbstractProblemLoader Loading environment from /home/runner/work/key/key/key.core/../key.ui/examples/standard_key/strings/implicitIntStringConversion.key.proof 
61644      DEBUG main            d.u.i.k.p.i.AbstractProblemLoader Environment load took 170.5ns 
61645      INFO  main            d.u.i.k.p.i.AbstractProblemLoader Creating init config 
64306      DEBUG main            d.u.i.k.p.i.AbstractProblemLoader Init config took 2.66s 
64331      INFO  main            d.u.i.k.p.i.AbstractProblemLoader Replaying proof implicitIntStringConversion.key.proof 
64418      DEBUG main            d.u.i.k.p.i.IntermediateProofReplayer Proof replay took 79.41ms 
64419      DEBUG main            d.u.i.k.p.r.p.TestFile    ... success: reloaded. 
64420      INFO  main            d.u.i.k.p.r.p.TestFile    Now processing file /home/runner/work/key/key/key.core/../key.ui/examples/standard_key/strings/implicitNullStringConversion.key 
64421      INFO  main            d.u.i.k.p.i.AbstractProblemLoader Loading environment from /home/runner/work/key/key/key.core/../key.ui/examples/standard_key/strings/implicitNullStringConversion.key 
64421      DEBUG main            d.u.i.k.p.i.AbstractProblemLoader Environment load took 230.2ns 
64422      INFO  main            d.u.i.k.p.i.AbstractProblemLoader Creating init config 
67087      DEBUG main            d.u.i.k.p.i.AbstractProblemLoader Init config took 2.66s 
67107      INFO  main            d.u.i.k.p.i.AbstractProblemLoader Replaying proof implicitNullStringConversion.key 
67109      DEBUG main            d.u.i.k.p.i.IntermediateProofReplayer Proof replay took 7.2ns 
67519      INFO  main            d.u.i.k.p.r.p.TestFile    ... finished proof: closed. 
67754      INFO  main            d.u.i.k.p.i.AbstractProblemLoader Loading environment from /home/runner/work/key/key/key.core/../key.ui/examples/standard_key/strings/implicitNullStringConversion.key.proof 
67754      DEBUG main            d.u.i.k.p.i.AbstractProblemLoader Environment load took 178.7ns 
67755      INFO  main            d.u.i.k.p.i.AbstractProblemLoader Creating init config 
70343      DEBUG main            d.u.i.k.p.i.AbstractProblemLoader Init config took 2.59s 
70366      INFO  main            d.u.i.k.p.i.AbstractProblemLoader Replaying proof implicitNullStringConversion.key.proof 
70399      DEBUG main            d.u.i.k.p.i.IntermediateProofReplayer Proof replay took 30.06ms 
70400      DEBUG main            d.u.i.k.p.r.p.TestFile    ... success: reloaded. 
70401      INFO  main            d.u.i.k.p.r.p.TestFile    Now processing file /home/runner/work/key/key/key.core/../key.ui/examples/standard_key/strings/implicitNullStringConversion2.key 
70401      INFO  main            d.u.i.k.p.i.AbstractProblemLoader Loading environment from /home/runner/work/key/key/key.core/../key.ui/examples/standard_key/strings/implicitNullStringConversion2.key 
70401      DEBUG main            d.u.i.k.p.i.AbstractProblemLoader Environment load took 134.5ns 
70402      INFO  main            d.u.i.k.p.i.AbstractProblemLoader Creating init config 
73072      DEBUG main            d.u.i.k.p.i.AbstractProblemLoader Init config took 2.67s 
73090      INFO  main            d.u.i.k.p.i.AbstractProblemLoader Replaying proof implicitNullStringConversion2.key 
73091      DEBUG main            d.u.i.k.p.i.IntermediateProofReplayer Proof replay took 5.9ns 
73294      INFO  main            d.u.i.k.p.r.p.TestFile    ... finished proof: closed. 
73522      INFO  main            d.u.i.k.p.i.AbstractProblemLoader Loading environment from /home/runner/work/key/key/key.core/../key.ui/examples/standard_key/strings/implicitNullStringConversion2.key.proof 
73522      DEBUG main            d.u.i.k.p.i.AbstractProblemLoader Environment load took 386.4ns 
73524      INFO  main            d.u.i.k.p.i.AbstractProblemLoader Creating init config 
76153      DEBUG main            d.u.i.k.p.i.AbstractProblemLoader Init config took 2.63s 
76173      INFO  main            d.u.i.k.p.i.AbstractProblemLoader Replaying proof implicitNullStringConversion2.key.proof 
76206      DEBUG main            d.u.i.k.p.i.IntermediateProofReplayer Proof replay took 27.87ms 
76208      DEBUG main            d.u.i.k.p.r.p.TestFile    ... success: reloaded. 
76209      INFO  main            d.u.i.k.p.r.p.TestFile    Now processing file /home/runner/work/key/key/key.core/../key.ui/examples/standard_key/strings/implicitObjectStringConversion.key 
76209      INFO  main            d.u.i.k.p.i.AbstractProblemLoader Loading environment from /home/runner/work/key/key/key.core/../key.ui/examples/standard_key/strings/implicitObjectStringConversion.key 
76210      DEBUG main            d.u.i.k.p.i.AbstractProblemLoader Environment load took 105.6ns 
76211      INFO  main            d.u.i.k.p.i.AbstractProblemLoader Creating init config 
79091      DEBUG main            d.u.i.k.p.i.AbstractProblemLoader Init config took 2.88s 
79109      INFO  main            d.u.i.k.p.i.AbstractProblemLoader Replaying proof implicitObjectStringConversion.key 
79111      DEBUG main            d.u.i.k.p.i.IntermediateProofReplayer Proof replay took 6.3ns 
79829      INFO  main            d.u.i.k.p.r.p.TestFile    ... finished proof: closed. 
80046      INFO  main            d.u.i.k.p.i.AbstractProblemLoader Loading environment from /home/runner/work/key/key/key.core/../key.ui/examples/standard_key/strings/implicitObjectStringConversion.key.proof 
80046      DEBUG main            d.u.i.k.p.i.AbstractProblemLoader Environment load took 422.8ns 
80048      INFO  main            d.u.i.k.p.i.AbstractProblemLoader Creating init config 
82958      DEBUG main            d.u.i.k.p.i.AbstractProblemLoader Init config took 2.91s 
82981      INFO  main            d.u.i.k.p.i.AbstractProblemLoader Replaying proof implicitObjectStringConversion.key.proof 
83044      DEBUG main            d.u.i.k.p.i.IntermediateProofReplayer Proof replay took 58.1ms 
83045      DEBUG main            d.u.i.k.p.r.p.TestFile    ... success: reloaded. 
83046      INFO  main            d.u.i.k.p.r.p.TestFile    Now processing file /home/runner/work/key/key/key.core/../key.ui/examples/standard_key/strings/literalEquality.key 
83046      INFO  main            d.u.i.k.p.i.AbstractProblemLoader Loading environment from /home/runner/work/key/key/key.core/../key.ui/examples/standard_key/strings/literalEquality.key 
83047      DEBUG main            d.u.i.k.p.i.AbstractProblemLoader Environment load took 273.7ns 
83048      INFO  main            d.u.i.k.p.i.AbstractProblemLoader Creating init config 
85699      DEBUG main            d.u.i.k.p.i.AbstractProblemLoader Init config took 2.65s 
85717      INFO  main            d.u.i.k.p.i.AbstractProblemLoader Replaying proof literalEquality.key 
85718      DEBUG main            d.u.i.k.p.i.IntermediateProofReplayer Proof replay took 6.6ns 
85822      INFO  main            d.u.i.k.p.r.p.TestFile    ... finished proof: closed. 
86059      INFO  main            d.u.i.k.p.i.AbstractProblemLoader Loading environment from /home/runner/work/key/key/key.core/../key.ui/examples/standard_key/strings/literalEquality.key.proof 
86059      DEBUG main            d.u.i.k.p.i.AbstractProblemLoader Environment load took 136.2ns 
86060      INFO  main            d.u.i.k.p.i.AbstractProblemLoader Creating init config 
88716      DEBUG main            d.u.i.k.p.i.AbstractProblemLoader Init config took 2.66s 
88735      INFO  main            d.u.i.k.p.i.AbstractProblemLoader Replaying proof literalEquality.key.proof 
88741      DEBUG main            d.u.i.k.p.i.IntermediateProofReplayer Proof replay took 2.93ms 
88741      DEBUG main            d.u.i.k.p.r.p.TestFile    ... success: reloaded. 
88742      INFO  main            d.u.i.k.p.r.p.TestFile    Now processing file /home/runner/work/key/key/key.core/../key.ui/examples/standard_key/strings/replace0.key 
88743      INFO  main            d.u.i.k.p.i.AbstractProblemLoader Loading environment from /home/runner/work/key/key/key.core/../key.ui/examples/standard_key/strings/replace0.key 
88743      DEBUG main            d.u.i.k.p.i.AbstractProblemLoader Environment load took 233.1ns 
88744      INFO  main            d.u.i.k.p.i.AbstractProblemLoader Creating init config 
91471      DEBUG main            d.u.i.k.p.i.AbstractProblemLoader Init config took 2.73s 
91486      INFO  main            d.u.i.k.p.i.AbstractProblemLoader Replaying proof replace0.key 
91488      DEBUG main            d.u.i.k.p.i.IntermediateProofReplayer Proof replay took 31.5ns 
91594      INFO  main            d.u.i.k.p.r.p.TestFile    ... finished proof: closed. 
91880      INFO  main            d.u.i.k.p.i.AbstractProblemLoader Loading environment from /home/runner/work/key/key/key.core/../key.ui/examples/standard_key/strings/replace0.key.proof 
91881      DEBUG main            d.u.i.k.p.i.AbstractProblemLoader Environment load took 708.7ns 
91883      INFO  main            d.u.i.k.p.i.AbstractProblemLoader Creating init config 
94477      DEBUG main            d.u.i.k.p.i.AbstractProblemLoader Init config took 2.59s 
94503      INFO  main            d.u.i.k.p.i.AbstractProblemLoader Replaying proof replace0.key.proof 
94509      DEBUG main            d.u.i.k.p.i.IntermediateProofReplayer Proof replay took 3.88ms 
94510      DEBUG main            d.u.i.k.p.r.p.TestFile    ... success: reloaded. 
94511      INFO  main            d.u.i.k.p.r.p.TestFile    Now processing file /home/runner/work/key/key/key.core/../key.ui/examples/standard_key/strings/replace1.key 
94511      INFO  main            d.u.i.k.p.i.AbstractProblemLoader Loading environment from /home/runner/work/key/key/key.core/../key.ui/examples/standard_key/strings/replace1.key 
94511      DEBUG main            d.u.i.k.p.i.AbstractProblemLoader Environment load took 98.2ns 
94512      INFO  main            d.u.i.k.p.i.AbstractProblemLoader Creating init config 
97188      DEBUG main            d.u.i.k.p.i.AbstractProblemLoader Init config took 2.68s 
97205      INFO  main            d.u.i.k.p.i.AbstractProblemLoader Replaying proof replace1.key 
97209      DEBUG main            d.u.i.k.p.i.IntermediateProofReplayer Proof replay took 7.9ns 
97311      INFO  main            d.u.i.k.p.r.p.TestFile    ... finished proof: closed. 
97565      INFO  main            d.u.i.k.p.i.AbstractProblemLoader Loading environment from /home/runner/work/key/key/key.core/../key.ui/examples/standard_key/strings/replace1.key.proof 
97565      DEBUG main            d.u.i.k.p.i.AbstractProblemLoader Environment load took 125.2ns 
97566      INFO  main            d.u.i.k.p.i.AbstractProblemLoader Creating init config 
100215     DEBUG main            d.u.i.k.p.i.AbstractProblemLoader Init config took 2.65s 
100244     INFO  main            d.u.i.k.p.i.AbstractProblemLoader Replaying proof replace1.key.proof 
100259     DEBUG main            d.u.i.k.p.i.IntermediateProofReplayer Proof replay took 11.62ms 
100263     DEBUG main            d.u.i.k.p.r.p.TestFile    ... success: reloaded. 
100263     INFO  main            d.u.i.k.p.r.p.TestFile    Now processing file /home/runner/work/key/key/key.core/../key.ui/examples/standard_key/strings/simpleAssignment.key 
100264     INFO  main            d.u.i.k.p.i.AbstractProblemLoader Loading environment from /home/runner/work/key/key/key.core/../key.ui/examples/standard_key/strings/simpleAssignment.key 
100264     DEBUG main            d.u.i.k.p.i.AbstractProblemLoader Environment load took 106.9ns 
100265     INFO  main            d.u.i.k.p.i.AbstractProblemLoader Creating init config 
102987     DEBUG main            d.u.i.k.p.i.AbstractProblemLoader Init config took 2.72s 
103003     INFO  main            d.u.i.k.p.i.AbstractProblemLoader Replaying proof simpleAssignment.key 
103005     DEBUG main            d.u.i.k.p.i.IntermediateProofReplayer Proof replay took 6.8ns 
103107     INFO  main            d.u.i.k.p.r.p.TestFile    ... finished proof: closed. 
103394     INFO  main            d.u.i.k.p.i.AbstractProblemLoader Loading environment from /home/runner/work/key/key/key.core/../key.ui/examples/standard_key/strings/simpleAssignment.key.proof 
103395     DEBUG main            d.u.i.k.p.i.AbstractProblemLoader Environment load took 685.01ns 
103396     INFO  main            d.u.i.k.p.i.AbstractProblemLoader Creating init config 
106012     DEBUG main            d.u.i.k.p.i.AbstractProblemLoader Init config took 2.62s 
106031     INFO  main            d.u.i.k.p.i.AbstractProblemLoader Replaying proof simpleAssignment.key.proof 
106034     DEBUG main            d.u.i.k.p.i.IntermediateProofReplayer Proof replay took 1.43ms 
106035     DEBUG main            d.u.i.k.p.r.p.TestFile    ... success: reloaded. 
106036     INFO  main            d.u.i.k.p.r.p.TestFile    Now processing file /home/runner/work/key/key/key.core/../key.ui/examples/standard_key/strings/simpleLengthComp.key 
106037     INFO  main            d.u.i.k.p.i.AbstractProblemLoader Loading environment from /home/runner/work/key/key/key.core/../key.ui/examples/standard_key/strings/simpleLengthComp.key 
106037     DEBUG main            d.u.i.k.p.i.AbstractProblemLoader Environment load took 237.3ns 
106038     INFO  main            d.u.i.k.p.i.AbstractProblemLoader Creating init config 
108696     DEBUG main            d.u.i.k.p.i.AbstractProblemLoader Init config took 2.66s 
108714     INFO  main            d.u.i.k.p.i.AbstractProblemLoader Replaying proof simpleLengthComp.key 
108717     DEBUG main            d.u.i.k.p.i.IntermediateProofReplayer Proof replay took 7ns 
108919     INFO  main            d.u.i.k.p.r.p.TestFile    ... finished proof: closed. 
109178     INFO  main            d.u.i.k.p.i.AbstractProblemLoader Loading environment from /home/runner/work/key/key/key.core/../key.ui/examples/standard_key/strings/simpleLengthComp.key.proof 
109178     DEBUG main            d.u.i.k.p.i.AbstractProblemLoader Environment load took 178ns 
109179     INFO  main            d.u.i.k.p.i.AbstractProblemLoader Creating init config 
111760     DEBUG main            d.u.i.k.p.i.AbstractProblemLoader Init config took 2.58s 
111778     INFO  main            d.u.i.k.p.i.AbstractProblemLoader Replaying proof simpleLengthComp.key.proof 
111807     DEBUG main            d.u.i.k.p.i.IntermediateProofReplayer Proof replay took 25.86ms 
111808     DEBUG main            d.u.i.k.p.r.p.TestFile    ... success: reloaded. 
111809     INFO  main            d.u.i.k.p.r.p.TestFile    Now processing file /home/runner/work/key/key/key.core/../key.ui/examples/standard_key/strings/stringCompileTimeConstant1.key 
111810     INFO  main            d.u.i.k.p.i.AbstractProblemLoader Loading environment from /home/runner/work/key/key/key.core/../key.ui/examples/standard_key/strings/stringCompileTimeConstant1.key 
111810     DEBUG main            d.u.i.k.p.i.AbstractProblemLoader Environment load took 222.9ns 
111811     INFO  main            d.u.i.k.p.i.AbstractProblemLoader Creating init config 
114407     DEBUG main            d.u.i.k.p.i.AbstractProblemLoader Init config took 2.6s 
114424     INFO  main            d.u.i.k.p.i.AbstractProblemLoader Replaying proof stringCompileTimeConstant1.key 
114425     DEBUG main            d.u.i.k.p.i.IntermediateProofReplayer Proof replay took 7.2ns 
114528     INFO  main            d.u.i.k.p.r.p.TestFile    ... finished proof: closed. 
114838     INFO  main            d.u.i.k.p.i.AbstractProblemLoader Loading environment from /home/runner/work/key/key/key.core/../key.ui/examples/standard_key/strings/stringCompileTimeConstant1.key.proof 
114838     DEBUG main            d.u.i.k.p.i.AbstractProblemLoader Environment load took 190ns 
114839     INFO  main            d.u.i.k.p.i.AbstractProblemLoader Creating init config 
117352     DEBUG main            d.u.i.k.p.i.AbstractProblemLoader Init config took 2.51s 
117370     INFO  main            d.u.i.k.p.i.AbstractProblemLoader Replaying proof stringCompileTimeConstant1.key.proof 
117376     DEBUG main            d.u.i.k.p.i.IntermediateProofReplayer Proof replay took 3.45ms 
117376     DEBUG main            d.u.i.k.p.r.p.TestFile    ... success: reloaded. 
117377     INFO  main            d.u.i.k.p.r.p.TestFile    Now processing file /home/runner/work/key/key/key.core/../key.ui/examples/standard_key/strings/stringCompileTimeConstant2.key 
117377     INFO  main            d.u.i.k.p.i.AbstractProblemLoader Loading environment from /home/runner/work/key/key/key.core/../key.ui/examples/standard_key/strings/stringCompileTimeConstant2.key 
117378     DEBUG main            d.u.i.k.p.i.AbstractProblemLoader Environment load took 106.3ns 
117379     INFO  main            d.u.i.k.p.i.AbstractProblemLoader Creating init config 
120150     DEBUG main            d.u.i.k.p.i.AbstractProblemLoader Init config took 2.77s 
120168     INFO  main            d.u.i.k.p.i.AbstractProblemLoader Replaying proof stringCompileTimeConstant2.key 
120170     DEBUG main            d.u.i.k.p.i.IntermediateProofReplayer Proof replay took 24.9ns 
123490     INFO  main            d.u.i.k.p.r.p.TestFile    ... finished proof: closed. 
123850     INFO  main            d.u.i.k.p.i.AbstractProblemLoader Loading environment from /home/runner/work/key/key/key.core/../key.ui/examples/standard_key/strings/stringCompileTimeConstant2.key.proof 
123851     DEBUG main            d.u.i.k.p.i.AbstractProblemLoader Environment load took 428.2ns 
123852     INFO  main            d.u.i.k.p.i.AbstractProblemLoader Creating init config 
126504     DEBUG main            d.u.i.k.p.i.AbstractProblemLoader Init config took 2.65s 
126520     INFO  main            d.u.i.k.p.i.AbstractProblemLoader Replaying proof stringCompileTimeConstant2.key.proof 
126889     DEBUG main            d.u.i.k.p.i.IntermediateProofReplayer Proof replay took 349.76ms 
126891     DEBUG main            d.u.i.k.p.r.p.TestFile    ... success: reloaded. 
126892     INFO  main            d.u.i.k.p.r.p.TestFile    Now processing file /home/runner/work/key/key/key.core/../key.ui/examples/standard_key/strings/stringEquality1.key 
126893     INFO  main            d.u.i.k.p.i.AbstractProblemLoader Loading environment from /home/runner/work/key/key/key.core/../key.ui/examples/standard_key/strings/stringEquality1.key 
126893     DEBUG main            d.u.i.k.p.i.AbstractProblemLoader Environment load took 319.2ns 
126894     INFO  main            d.u.i.k.p.i.AbstractProblemLoader Creating init config 
129569     DEBUG main            d.u.i.k.p.i.AbstractProblemLoader Init config took 2.67s 
129583     INFO  main            d.u.i.k.p.i.AbstractProblemLoader Replaying proof stringEquality1.key 
129584     DEBUG main            d.u.i.k.p.i.IntermediateProofReplayer Proof replay took 6.6ns 
129686     INFO  main            d.u.i.k.p.r.p.TestFile    ... finished proof: closed. 
130023     INFO  main            d.u.i.k.p.i.AbstractProblemLoader Loading environment from /home/runner/work/key/key/key.core/../key.ui/examples/standard_key/strings/stringEquality1.key.proof 
130023     DEBUG main            d.u.i.k.p.i.AbstractProblemLoader Environment load took 101.2ns 
130024     INFO  main            d.u.i.k.p.i.AbstractProblemLoader Creating init config 
132564     DEBUG main            d.u.i.k.p.i.AbstractProblemLoader Init config took 2.54s 
132581     INFO  main            d.u.i.k.p.i.AbstractProblemLoader Replaying proof stringEquality1.key.proof 
132590     DEBUG main            d.u.i.k.p.i.IntermediateProofReplayer Proof replay took 5.88ms 
132591     DEBUG main            d.u.i.k.p.r.p.TestFile    ... success: reloaded. 
132591     INFO  main            d.u.i.k.p.r.p.TestFile    Now processing file /home/runner/work/key/key/key.core/../key.ui/examples/standard_key/strings/stringEquality2.key 
132592     INFO  main            d.u.i.k.p.i.AbstractProblemLoader Loading environment from /home/runner/work/key/key/key.core/../key.ui/examples/standard_key/strings/stringEquality2.key 
132592     DEBUG main            d.u.i.k.p.i.AbstractProblemLoader Environment load took 151.3ns 
132593     INFO  main            d.u.i.k.p.i.AbstractProblemLoader Creating init config 
135232     DEBUG main            d.u.i.k.p.i.AbstractProblemLoader Init config took 2.64s 
135248     INFO  main            d.u.i.k.p.i.AbstractProblemLoader Replaying proof stringEquality2.key 
135250     DEBUG main            d.u.i.k.p.i.IntermediateProofReplayer Proof replay took 7.5ns 
135756     INFO  main            d.u.i.k.p.r.p.TestFile    ... finished proof: closed. 
136079     INFO  main            d.u.i.k.p.i.AbstractProblemLoader Loading environment from /home/runner/work/key/key/key.core/../key.ui/examples/standard_key/strings/stringEquality2.key.proof 
136079     DEBUG main            d.u.i.k.p.i.AbstractProblemLoader Environment load took 370.1ns 
136081     INFO  main            d.u.i.k.p.i.AbstractProblemLoader Creating init config 
138644     DEBUG main            d.u.i.k.p.i.AbstractProblemLoader Init config took 2.56s 
138659     INFO  main            d.u.i.k.p.i.AbstractProblemLoader Replaying proof stringEquality2.key.proof 
138697     DEBUG main            d.u.i.k.p.i.IntermediateProofReplayer Proof replay took 33.16ms 
138698     DEBUG main            d.u.i.k.p.r.p.TestFile    ... success: reloaded. 
138701     INFO  main            d.u.i.k.p.r.p.TestFile    Now processing file /home/runner/work/key/key/key.core/../key.ui/examples/standard_key/strings/substring0.key 
138701     INFO  main            d.u.i.k.p.i.AbstractProblemLoader Loading environment from /home/runner/work/key/key/key.core/../key.ui/examples/standard_key/strings/substring0.key 
138701     DEBUG main            d.u.i.k.p.i.AbstractProblemLoader Environment load took 182.4ns 
138702     INFO  main            d.u.i.k.p.i.AbstractProblemLoader Creating init config 
141297     DEBUG main            d.u.i.k.p.i.AbstractProblemLoader Init config took 2.59s 
141311     INFO  main            d.u.i.k.p.i.AbstractProblemLoader Replaying proof substring0.key 
141313     DEBUG main            d.u.i.k.p.i.IntermediateProofReplayer Proof replay took 7.1ns 
141419     INFO  main            d.u.i.k.p.r.p.TestFile    ... finished proof: closed. 
141737     INFO  main            d.u.i.k.p.i.AbstractProblemLoader Loading environment from /home/runner/work/key/key/key.core/../key.ui/examples/standard_key/strings/substring0.key.proof 
141738     DEBUG main            d.u.i.k.p.i.AbstractProblemLoader Environment load took 162.8ns 
141739     INFO  main            d.u.i.k.p.i.AbstractProblemLoader Creating init config 
144240     DEBUG main            d.u.i.k.p.i.AbstractProblemLoader Init config took 2.5s 
144254     INFO  main            d.u.i.k.p.i.AbstractProblemLoader Replaying proof substring0.key.proof 
144257     DEBUG main            d.u.i.k.p.i.IntermediateProofReplayer Proof replay took 554.3ns 
144258     DEBUG main            d.u.i.k.p.r.p.TestFile    ... success: reloaded. 
144258     INFO  main            d.u.i.k.p.r.p.TestFile    Now processing file /home/runner/work/key/key/key.core/../key.ui/examples/standard_key/strings/substring1.key 
144258     INFO  main            d.u.i.k.p.i.AbstractProblemLoader Loading environment from /home/runner/work/key/key/key.core/../key.ui/examples/standard_key/strings/substring1.key 
144258     DEBUG main            d.u.i.k.p.i.AbstractProblemLoader Environment load took 89.6ns 
144260     INFO  main            d.u.i.k.p.i.AbstractProblemLoader Creating init config 
146887     DEBUG main            d.u.i.k.p.i.AbstractProblemLoader Init config took 2.63s 
146901     INFO  main            d.u.i.k.p.i.AbstractProblemLoader Replaying proof substring1.key 
146902     DEBUG main            d.u.i.k.p.i.IntermediateProofReplayer Proof replay took 6.9ns 
147005     INFO  main            d.u.i.k.p.r.p.TestFile    ... finished proof: closed. 
147300     INFO  main            d.u.i.k.p.i.AbstractProblemLoader Loading environment from /home/runner/work/key/key/key.core/../key.ui/examples/standard_key/strings/substring1.key.proof 
147301     DEBUG main            d.u.i.k.p.i.AbstractProblemLoader Environment load took 167.5ns 
147302     INFO  main            d.u.i.k.p.i.AbstractProblemLoader Creating init config 
149814     DEBUG main            d.u.i.k.p.i.AbstractProblemLoader Init config took 2.51s 
149829     INFO  main            d.u.i.k.p.i.AbstractProblemLoader Replaying proof substring1.key.proof 
149830     DEBUG main            d.u.i.k.p.i.IntermediateProofReplayer Proof replay took 559.3ns 
149831     DEBUG main            d.u.i.k.p.r.p.TestFile    ... success: reloaded. 
149832     INFO  main            d.u.i.k.p.r.p.TestFile    Now processing file /home/runner/work/key/key/key.core/../key.ui/examples/standard_key/strings/substring2.key 
149832     INFO  main            d.u.i.k.p.i.AbstractProblemLoader Loading environment from /home/runner/work/key/key/key.core/../key.ui/examples/standard_key/strings/substring2.key 
149832     DEBUG main            d.u.i.k.p.i.AbstractProblemLoader Environment load took 114.5ns 
149833     INFO  main            d.u.i.k.p.i.AbstractProblemLoader Creating init config 
152424     DEBUG main            d.u.i.k.p.i.AbstractProblemLoader Init config took 2.59s 
152438     INFO  main            d.u.i.k.p.i.AbstractProblemLoader Replaying proof substring2.key 
152440     DEBUG main            d.u.i.k.p.i.IntermediateProofReplayer Proof replay took 7.2ns 
152544     INFO  main            d.u.i.k.p.r.p.TestFile    ... finished proof: closed. 
152841     INFO  main            d.u.i.k.p.i.AbstractProblemLoader Loading environment from /home/runner/work/key/key/key.core/../key.ui/examples/standard_key/strings/substring2.key.proof 
152841     DEBUG main            d.u.i.k.p.i.AbstractProblemLoader Environment load took 107.3ns 
152842     INFO  main            d.u.i.k.p.i.AbstractProblemLoader Creating init config 
155409     DEBUG main            d.u.i.k.p.i.AbstractProblemLoader Init config took 2.57s 
155424     INFO  main            d.u.i.k.p.i.AbstractProblemLoader Replaying proof substring2.key.proof 
155428     DEBUG main            d.u.i.k.p.i.IntermediateProofReplayer Proof replay took 1.42ms 
155429     DEBUG main            d.u.i.k.p.r.p.TestFile    ... success: reloaded. 
155430     INFO  main            d.u.i.k.p.r.p.TestFile    Now processing file /home/runner/work/key/key/key.core/../key.ui/examples/standard_key/strings/substring3.key 
155430     INFO  main            d.u.i.k.p.i.AbstractProblemLoader Loading environment from /home/runner/work/key/key/key.core/../key.ui/examples/standard_key/strings/substring3.key 
155431     DEBUG main            d.u.i.k.p.i.AbstractProblemLoader Environment load took 171.9ns 
155432     INFO  main            d.u.i.k.p.i.AbstractProblemLoader Creating init config 
158234     DEBUG main            d.u.i.k.p.i.AbstractProblemLoader Init config took 2.8s 
158249     INFO  main            d.u.i.k.p.i.AbstractProblemLoader Replaying proof substring3.key 
158251     DEBUG main            d.u.i.k.p.i.IntermediateProofReplayer Proof replay took 19.8ns 
158353     INFO  main            d.u.i.k.p.r.p.TestFile    ... finished proof: closed. 
158664     INFO  main            d.u.i.k.p.i.AbstractProblemLoader Loading environment from /home/runner/work/key/key/key.core/../key.ui/examples/standard_key/strings/substring3.key.proof 
158664     DEBUG main            d.u.i.k.p.i.AbstractProblemLoader Environment load took 153.4ns 
158665     INFO  main            d.u.i.k.p.i.AbstractProblemLoader Creating init config 
161175     DEBUG main            d.u.i.k.p.i.AbstractProblemLoader Init config took 2.51s 
161190     INFO  main            d.u.i.k.p.i.AbstractProblemLoader Replaying proof substring3.key.proof 
161195     DEBUG main            d.u.i.k.p.i.IntermediateProofReplayer Proof replay took 2.56ms 
161196     DEBUG main            d.u.i.k.p.r.p.TestFile    ... success: reloaded. 
161197     INFO  main            d.u.i.k.p.r.p.TestFile    Now processing file /home/runner/work/key/key/key.core/../key.ui/examples/standard_key/strings/substring4.key 
161197     INFO  main            d.u.i.k.p.i.AbstractProblemLoader Loading environment from /home/runner/work/key/key/key.core/../key.ui/examples/standard_key/strings/substring4.key 
161197     DEBUG main            d.u.i.k.p.i.AbstractProblemLoader Environment load took 252.6ns 
161198     INFO  main            d.u.i.k.p.i.AbstractProblemLoader Creating init config 
163795     DEBUG main            d.u.i.k.p.i.AbstractProblemLoader Init config took 2.6s 
163810     INFO  main            d.u.i.k.p.i.AbstractProblemLoader Replaying proof substring4.key 
163811     DEBUG main            d.u.i.k.p.i.IntermediateProofReplayer Proof replay took 7.4ns 
163913     INFO  main            d.u.i.k.p.r.p.TestFile    ... finished proof: closed. 
164219     INFO  main            d.u.i.k.p.i.AbstractProblemLoader Loading environment from /home/runner/work/key/key/key.core/../key.ui/examples/standard_key/strings/substring4.key.proof 
164219     DEBUG main            d.u.i.k.p.i.AbstractProblemLoader Environment load took 119.7ns 
164220     INFO  main            d.u.i.k.p.i.AbstractProblemLoader Creating init config 
166771     DEBUG main            d.u.i.k.p.i.AbstractProblemLoader Init config took 2.55s 
166789     INFO  main            d.u.i.k.p.i.AbstractProblemLoader Replaying proof substring4.key.proof 
166798     DEBUG main            d.u.i.k.p.i.IntermediateProofReplayer Proof replay took 4.94ms 
166799     DEBUG main            d.u.i.k.p.r.p.TestFile    ... success: reloaded. 
166800     INFO  main            d.u.i.k.p.r.p.TestFile    Now processing file /home/runner/work/key/key/key.core/../key.ui/examples/standard_key/strings/substring5.key 
166801     INFO  main            d.u.i.k.p.i.AbstractProblemLoader Loading environment from /home/runner/work/key/key/key.core/../key.ui/examples/standard_key/strings/substring5.key 
166801     DEBUG main            d.u.i.k.p.i.AbstractProblemLoader Environment load took 225.1ns 
166802     INFO  main            d.u.i.k.p.i.AbstractProblemLoader Creating init config 
169474     DEBUG main            d.u.i.k.p.i.AbstractProblemLoader Init config took 2.67s 
169491     INFO  main            d.u.i.k.p.i.AbstractProblemLoader Replaying proof substring5.key 
169492     DEBUG main            d.u.i.k.p.i.IntermediateProofReplayer Proof replay took 8ns 
169795     INFO  main            d.u.i.k.p.r.p.TestFile    ... finished proof: closed. 
170131     INFO  main            d.u.i.k.p.i.AbstractProblemLoader Loading environment from /home/runner/work/key/key/key.core/../key.ui/examples/standard_key/strings/substring5.key.proof 
170131     DEBUG main            d.u.i.k.p.i.AbstractProblemLoader Environment load took 639.29ns 
170133     INFO  main            d.u.i.k.p.i.AbstractProblemLoader Creating init config 
172698     DEBUG main            d.u.i.k.p.i.AbstractProblemLoader Init config took 2.57s 
172713     INFO  main            d.u.i.k.p.i.AbstractProblemLoader Replaying proof substring5.key.proof 
172761     DEBUG main            d.u.i.k.p.i.IntermediateProofReplayer Proof replay took 42.6ms 
172762     DEBUG main            d.u.i.k.p.r.p.TestFile    ... success: reloaded. 
4550438    INFO  Test worker     d.u.i.k.p.r.p.StatisticsFile Returning from test strings 
4550440    INFO  Test worker     d.u.i.k.p.r.p.StatisticsFile Running test simple_info_flow 
513        INFO  Timeout watchdog d.u.i.k.p.r.p.ForkedTestFileRunner Timeout watcher launched (2000 secs.) 
533        WARN  main            d.u.i.k.s.ProofSettings   The settings in /home/runner/.key/proof-settings.props are *not* read. 
575        INFO  main            d.u.i.k.p.r.p.TestFile    Now processing file /home/runner/work/key/key/key.core/../key.ui/examples/heap/information_flow/UpdateAbstraction_ex7_1_insecure.key 
696        INFO  main            d.u.i.k.p.i.AbstractProblemLoader Loading environment from /home/runner/work/key/key/key.core/../key.ui/examples/heap/information_flow/UpdateAbstraction_ex7_1_insecure.key 
716        DEBUG main            d.u.i.k.p.i.AbstractProblemLoader Environment load took 2.18ms 
996        INFO  main            d.u.i.k.p.i.AbstractProblemLoader Creating init config 
2169       DEBUG main            d.u.i.k.j.TypeConverter   No LDT found for Meta 
2170       DEBUG main            d.u.i.k.j.TypeConverter   No LDT found for Meta 
2173       DEBUG main            d.u.i.k.j.TypeConverter   No LDT found for Meta 
2174       DEBUG main            d.u.i.k.j.TypeConverter   No LDT found for Meta 
3710       DEBUG main            d.u.i.k.j.TypeConverter   No LDT found for JavaBigintExpression 
10009      DEBUG main            d.u.i.k.p.i.AbstractProblemLoader Init config took 9.01s 
10173      INFO  main            d.u.i.k.p.i.AbstractProblemLoader Replaying proof UpdateAbstraction[UpdateAbstraction::ex7_1_insecure()].JML operation contract.0 
10253      DEBUG main            d.u.i.k.p.i.IntermediateProofReplayer Proof replay took 43.8ns 
11001      INFO  main            d.u.i.k.p.r.p.TestFile    ... finished proof: open goal(s) 
11169      INFO  main            d.u.i.k.p.r.p.TestFile    Now processing file /home/runner/work/key/key/key.core/../key.ui/examples/heap/information_flow/UpdateAbstraction_ex7_2_insecure.key 
11172      INFO  main            d.u.i.k.p.i.AbstractProblemLoader Loading environment from /home/runner/work/key/key/key.core/../key.ui/examples/heap/information_flow/UpdateAbstraction_ex7_2_insecure.key 
11172      DEBUG main            d.u.i.k.p.i.AbstractProblemLoader Environment load took 245ns 
11174      INFO  main            d.u.i.k.p.i.AbstractProblemLoader Creating init config 
14630      DEBUG main            d.u.i.k.p.i.AbstractProblemLoader Init config took 3.46s 
14710      INFO  main            d.u.i.k.p.i.AbstractProblemLoader Replaying proof UpdateAbstraction[UpdateAbstraction::ex7_2_insecure()].JML operation contract.0 
14714      DEBUG main            d.u.i.k.p.i.IntermediateProofReplayer Proof replay took 6.6ns 
15121      INFO  main            d.u.i.k.p.r.p.TestFile    ... finished proof: open goal(s) 
4565909    INFO  Test worker     d.u.i.k.p.r.p.StatisticsFile Returning from test simple_info_flow 
4565911    INFO  Test worker     d.u.i.k.p.r.p.StatisticsFile Running test modelMethods 
450        INFO  Timeout watchdog d.u.i.k.p.r.p.ForkedTestFileRunner Timeout watcher launched (2000 secs.) 
465        WARN  main            d.u.i.k.s.ProofSettings   The settings in /home/runner/.key/proof-settings.props are *not* read. 
529        INFO  main            d.u.i.k.p.r.p.TestFile    Now processing file /home/runner/work/key/key/key.core/../key.ui/examples/heap/model_methods/Cell_footprint_acc.key 
684        INFO  main            d.u.i.k.p.i.AbstractProblemLoader Loading environment from /home/runner/work/key/key/key.core/../key.ui/examples/heap/model_methods/Cell_footprint_acc.key 
710        DEBUG main            d.u.i.k.p.i.AbstractProblemLoader Environment load took 2.52ms 
977        INFO  main            d.u.i.k.p.i.AbstractProblemLoader Creating init config 
2305       DEBUG main            d.u.i.k.j.TypeConverter   No LDT found for Meta 
2306       DEBUG main            d.u.i.k.j.TypeConverter   No LDT found for Meta 
2309       DEBUG main            d.u.i.k.j.TypeConverter   No LDT found for Meta 
2309       DEBUG main            d.u.i.k.j.TypeConverter   No LDT found for Meta 
4233       DEBUG main            d.u.i.k.j.TypeConverter   No LDT found for JavaBigintExpression 
10386      DEBUG main            d.u.i.k.p.i.AbstractProblemLoader Init config took 9.41s 
10556      INFO  main            d.u.i.k.p.i.AbstractProblemLoader Replaying proof Cell[Cell::footprint()].JML accessible clause.0 
10599      DEBUG main            d.u.i.k.p.i.IntermediateProofReplayer Proof replay took 29ns 
11142      INFO  main            d.u.i.k.p.r.p.TestFile    ... finished proof: closed. 
11284      INFO  main            d.u.i.k.p.i.AbstractProblemLoader Loading environment from /home/runner/work/key/key/key.core/../key.ui/examples/heap/model_methods/Cell_footprint_acc.key.proof 
11284      DEBUG main            d.u.i.k.p.i.AbstractProblemLoader Environment load took 577.5ns 
11287      INFO  main            d.u.i.k.p.i.AbstractProblemLoader Creating init config 
14709      DEBUG main            d.u.i.k.p.i.AbstractProblemLoader Init config took 3.42s 
14801      INFO  main            d.u.i.k.p.i.AbstractProblemLoader Replaying proof Cell[Cell::footprint()].JML accessible clause.0 
14841      DEBUG main            d.u.i.k.p.i.IntermediateProofReplayer Proof replay took 32.51ms 
14854      DEBUG main            d.u.i.k.p.r.p.TestFile    ... success: reloaded. 
14860      INFO  main            d.u.i.k.p.r.p.TestFile    Now processing file /home/runner/work/key/key/key.core/../key.ui/examples/heap/model_methods/Cell_footprint.key 
14860      INFO  main            d.u.i.k.p.i.AbstractProblemLoader Loading environment from /home/runner/work/key/key/key.core/../key.ui/examples/heap/model_methods/Cell_footprint.key 
14860      DEBUG main            d.u.i.k.p.i.AbstractProblemLoader Environment load took 110.8ns 
14866      INFO  main            d.u.i.k.p.i.AbstractProblemLoader Creating init config 
18115      DEBUG main            d.u.i.k.p.i.AbstractProblemLoader Init config took 3.25s 
18184      INFO  main            d.u.i.k.p.i.AbstractProblemLoader Replaying proof Cell[Cell::footprint()].JML model_behavior operation contract.0 
18188      DEBUG main            d.u.i.k.p.i.IntermediateProofReplayer Proof replay took 7.2ns 
18291      INFO  main            d.u.i.k.p.r.p.TestFile    ... finished proof: closed. 
18447      INFO  main            d.u.i.k.p.i.AbstractProblemLoader Loading environment from /home/runner/work/key/key/key.core/../key.ui/examples/heap/model_methods/Cell_footprint.key.proof 
18447      DEBUG main            d.u.i.k.p.i.AbstractProblemLoader Environment load took 180ns 
18451      INFO  main            d.u.i.k.p.i.AbstractProblemLoader Creating init config 
21583      DEBUG main            d.u.i.k.p.i.AbstractProblemLoader Init config took 3.13s 
21643      INFO  main            d.u.i.k.p.i.AbstractProblemLoader Replaying proof Cell[Cell::footprint()].JML model_behavior operation contract.0 
21655      DEBUG main            d.u.i.k.p.i.IntermediateProofReplayer Proof replay took 9.7ms 
21657      DEBUG main            d.u.i.k.p.r.p.TestFile    ... success: reloaded. 
21659      INFO  main            d.u.i.k.p.r.p.TestFile    Now processing file /home/runner/work/key/key/key.core/../key.ui/examples/heap/model_methods/Cell_get_acc.key 
21659      INFO  main            d.u.i.k.p.i.AbstractProblemLoader Loading environment from /home/runner/work/key/key/key.core/../key.ui/examples/heap/model_methods/Cell_get_acc.key 
21660      DEBUG main            d.u.i.k.p.i.AbstractProblemLoader Environment load took 266.8ns 
21661      INFO  main            d.u.i.k.p.i.AbstractProblemLoader Creating init config 
24905      DEBUG main            d.u.i.k.p.i.AbstractProblemLoader Init config took 3.24s 
24975      INFO  main            d.u.i.k.p.i.AbstractProblemLoader Replaying proof Cell[Cell::get()].JML accessible clause.0 
24978      DEBUG main            d.u.i.k.p.i.IntermediateProofReplayer Proof replay took 6.6ns 
25287      INFO  main            d.u.i.k.p.r.p.TestFile    ... finished proof: closed. 
25446      INFO  main            d.u.i.k.p.i.AbstractProblemLoader Loading environment from /home/runner/work/key/key/key.core/../key.ui/examples/heap/model_methods/Cell_get_acc.key.proof 
25450      DEBUG main            d.u.i.k.p.i.AbstractProblemLoader Environment load took 3.56ms 
25452      INFO  main            d.u.i.k.p.i.AbstractProblemLoader Creating init config 
28517      DEBUG main            d.u.i.k.p.i.AbstractProblemLoader Init config took 3.06s 
28590      INFO  main            d.u.i.k.p.i.AbstractProblemLoader Replaying proof Cell[Cell::get()].JML accessible clause.0 
28633      DEBUG main            d.u.i.k.p.i.IntermediateProofReplayer Proof replay took 38.9ms 
28634      DEBUG main            d.u.i.k.p.r.p.TestFile    ... success: reloaded. 
28636      INFO  main            d.u.i.k.p.r.p.TestFile    Now processing file /home/runner/work/key/key/key.core/../key.ui/examples/heap/model_methods/Cell_get.key 
28636      INFO  main            d.u.i.k.p.i.AbstractProblemLoader Loading environment from /home/runner/work/key/key/key.core/../key.ui/examples/heap/model_methods/Cell_get.key 
28636      DEBUG main            d.u.i.k.p.i.AbstractProblemLoader Environment load took 205.5ns 
28637      INFO  main            d.u.i.k.p.i.AbstractProblemLoader Creating init config 
31757      DEBUG main            d.u.i.k.p.i.AbstractProblemLoader Init config took 3.12s 
31815      INFO  main            d.u.i.k.p.i.AbstractProblemLoader Replaying proof Cell[Cell::get()].JML operation contract.0 
31817      DEBUG main            d.u.i.k.p.i.IntermediateProofReplayer Proof replay took 7ns 
31919      INFO  main            d.u.i.k.p.r.p.TestFile    ... finished proof: closed. 
32087      INFO  main            d.u.i.k.p.i.AbstractProblemLoader Loading environment from /home/runner/work/key/key/key.core/../key.ui/examples/heap/model_methods/Cell_get.key.proof 
32088      DEBUG main            d.u.i.k.p.i.AbstractProblemLoader Environment load took 131.2ns 
32089      INFO  main            d.u.i.k.p.i.AbstractProblemLoader Creating init config 
35098      DEBUG main            d.u.i.k.p.i.AbstractProblemLoader Init config took 3s 
35166      INFO  main            d.u.i.k.p.i.AbstractProblemLoader Replaying proof Cell[Cell::get()].JML operation contract.0 
35189      DEBUG main            d.u.i.k.p.i.IntermediateProofReplayer Proof replay took 20.1ms 
35190      DEBUG main            d.u.i.k.p.r.p.TestFile    ... success: reloaded. 
35191      INFO  main            d.u.i.k.p.r.p.TestFile    Now processing file /home/runner/work/key/key/key.core/../key.ui/examples/heap/model_methods/Cell_post_set.key 
35192      INFO  main            d.u.i.k.p.i.AbstractProblemLoader Loading environment from /home/runner/work/key/key/key.core/../key.ui/examples/heap/model_methods/Cell_post_set.key 
35192      DEBUG main            d.u.i.k.p.i.AbstractProblemLoader Environment load took 250.3ns 
35193      INFO  main            d.u.i.k.p.i.AbstractProblemLoader Creating init config 
38225      DEBUG main            d.u.i.k.p.i.AbstractProblemLoader Init config took 3.03s 
38282      INFO  main            d.u.i.k.p.i.AbstractProblemLoader Replaying proof Cell[Cell::post_set(int)].JML model_behavior operation contract.0 
38285      DEBUG main            d.u.i.k.p.i.IntermediateProofReplayer Proof replay took 5.6ns 
38386      INFO  main            d.u.i.k.p.r.p.TestFile    ... finished proof: closed. 
38562      INFO  main            d.u.i.k.p.i.AbstractProblemLoader Loading environment from /home/runner/work/key/key/key.core/../key.ui/examples/heap/model_methods/Cell_post_set.key.proof 
38562      DEBUG main            d.u.i.k.p.i.AbstractProblemLoader Environment load took 163.2ns 
38563      INFO  main            d.u.i.k.p.i.AbstractProblemLoader Creating init config 
41563      DEBUG main            d.u.i.k.p.i.AbstractProblemLoader Init config took 3s 
41618      INFO  main            d.u.i.k.p.i.AbstractProblemLoader Replaying proof Cell[Cell::post_set(int)].JML model_behavior operation contract.0 
41626      DEBUG main            d.u.i.k.p.i.IntermediateProofReplayer Proof replay took 6.61ms 
41627      DEBUG main            d.u.i.k.p.r.p.TestFile    ... success: reloaded. 
41629      INFO  main            d.u.i.k.p.r.p.TestFile    Now processing file /home/runner/work/key/key/key.core/../key.ui/examples/heap/model_methods/Cell_set.key 
41629      INFO  main            d.u.i.k.p.i.AbstractProblemLoader Loading environment from /home/runner/work/key/key/key.core/../key.ui/examples/heap/model_methods/Cell_set.key 
41629      DEBUG main            d.u.i.k.p.i.AbstractProblemLoader Environment load took 250.5ns 
41631      INFO  main            d.u.i.k.p.i.AbstractProblemLoader Creating init config 
44659      DEBUG main            d.u.i.k.p.i.AbstractProblemLoader Init config took 3.03s 
44715      INFO  main            d.u.i.k.p.i.AbstractProblemLoader Replaying proof Cell[Cell::set(int)].JML operation contract.0 
44717      DEBUG main            d.u.i.k.p.i.IntermediateProofReplayer Proof replay took 6.3ns 
52184      INFO  main            d.u.i.k.p.r.p.TestFile    ... finished proof: closed. 
52436      INFO  main            d.u.i.k.p.i.AbstractProblemLoader Loading environment from /home/runner/work/key/key/key.core/../key.ui/examples/heap/model_methods/Cell_set.key.proof 
52436      DEBUG main            d.u.i.k.p.i.AbstractProblemLoader Environment load took 265.4ns 
52438      INFO  main            d.u.i.k.p.i.AbstractProblemLoader Creating init config 
55357      DEBUG main            d.u.i.k.p.i.AbstractProblemLoader Init config took 2.92s 
55407      INFO  main            d.u.i.k.p.i.AbstractProblemLoader Replaying proof Cell[Cell::set(int)].JML operation contract.0 
55983      DEBUG main            d.u.i.k.p.i.IntermediateProofReplayer Proof replay took 555.24ms 
55985      DEBUG main            d.u.i.k.p.r.p.TestFile    ... success: reloaded. 
55987      INFO  main            d.u.i.k.p.r.p.TestFile    Now processing file /home/runner/work/key/key/key.core/../key.ui/examples/heap/model_methods/CellTest_callSet.key 
55987      INFO  main            d.u.i.k.p.i.AbstractProblemLoader Loading environment from /home/runner/work/key/key/key.core/../key.ui/examples/heap/model_methods/CellTest_callSet.key 
55987      DEBUG main            d.u.i.k.p.i.AbstractProblemLoader Environment load took 192.4ns 
55989      INFO  main            d.u.i.k.p.i.AbstractProblemLoader Creating init config 
59088      DEBUG main            d.u.i.k.p.i.AbstractProblemLoader Init config took 3.1s 
59145      INFO  main            d.u.i.k.p.i.AbstractProblemLoader Replaying proof CellTest[CellTest::callSet(Cell,int)].JML operation contract.0 
59147      DEBUG main            d.u.i.k.p.i.IntermediateProofReplayer Proof replay took 6.8ns 
59350      INFO  main            d.u.i.k.p.r.p.TestFile    ... finished proof: closed. 
59552      INFO  main            d.u.i.k.p.i.AbstractProblemLoader Loading environment from /home/runner/work/key/key/key.core/../key.ui/examples/heap/model_methods/CellTest_callSet.key.proof 
59552      DEBUG main            d.u.i.k.p.i.AbstractProblemLoader Environment load took 133.4ns 
59553      INFO  main            d.u.i.k.p.i.AbstractProblemLoader Creating init config 
62451      DEBUG main            d.u.i.k.p.i.AbstractProblemLoader Init config took 2.9s 
62502      INFO  main            d.u.i.k.p.i.AbstractProblemLoader Replaying proof CellTest[CellTest::callSet(Cell,int)].JML operation contract.0 
62550      DEBUG main            d.u.i.k.p.i.IntermediateProofReplayer Proof replay took 45.31ms 
62552      DEBUG main            d.u.i.k.p.r.p.TestFile    ... success: reloaded. 
62553      INFO  main            d.u.i.k.p.r.p.TestFile    Now processing file /home/runner/work/key/key/key.core/../key.ui/examples/heap/model_methods/CellTest_test2.key 
62553      INFO  main            d.u.i.k.p.i.AbstractProblemLoader Loading environment from /home/runner/work/key/key/key.core/../key.ui/examples/heap/model_methods/CellTest_test2.key 
62553      DEBUG main            d.u.i.k.p.i.AbstractProblemLoader Environment load took 248.8ns 
62554      INFO  main            d.u.i.k.p.i.AbstractProblemLoader Creating init config 
65554      DEBUG main            d.u.i.k.p.i.AbstractProblemLoader Init config took 3s 
65604      INFO  main            d.u.i.k.p.i.AbstractProblemLoader Replaying proof CellTest[CellTest::test2(Cell)].JML operation contract.0 
65605      DEBUG main            d.u.i.k.p.i.IntermediateProofReplayer Proof replay took 5.6ns 
65908      INFO  main            d.u.i.k.p.r.p.TestFile    ... finished proof: closed. 
66143      INFO  main            d.u.i.k.p.i.AbstractProblemLoader Loading environment from /home/runner/work/key/key/key.core/../key.ui/examples/heap/model_methods/CellTest_test2.key.proof 
66143      DEBUG main            d.u.i.k.p.i.AbstractProblemLoader Environment load took 374ns 
66145      INFO  main            d.u.i.k.p.i.AbstractProblemLoader Creating init config 
69116      DEBUG main            d.u.i.k.p.i.AbstractProblemLoader Init config took 2.97s 
69164      INFO  main            d.u.i.k.p.i.AbstractProblemLoader Replaying proof CellTest[CellTest::test2(Cell)].JML operation contract.0 
69251      DEBUG main            d.u.i.k.p.i.IntermediateProofReplayer Proof replay took 83.55ms 
69252      DEBUG main            d.u.i.k.p.r.p.TestFile    ... success: reloaded. 
69254      INFO  main            d.u.i.k.p.r.p.TestFile    Now processing file /home/runner/work/key/key/key.core/../key.ui/examples/heap/model_methods/CellTest_test.key 
69254      INFO  main            d.u.i.k.p.i.AbstractProblemLoader Loading environment from /home/runner/work/key/key/key.core/../key.ui/examples/heap/model_methods/CellTest_test.key 
69255      DEBUG main            d.u.i.k.p.i.AbstractProblemLoader Environment load took 202.5ns 
69256      INFO  main            d.u.i.k.p.i.AbstractProblemLoader Creating init config 
72280      DEBUG main            d.u.i.k.p.i.AbstractProblemLoader Init config took 3.02s 
72329      INFO  main            d.u.i.k.p.i.AbstractProblemLoader Replaying proof CellTest[CellTest::test(Recell)].JML operation contract.0 
72331      DEBUG main            d.u.i.k.p.i.IntermediateProofReplayer Proof replay took 8.6ns 
74679      INFO  main            d.u.i.k.p.r.p.TestFile    ... finished proof: closed. 
74934      INFO  main            d.u.i.k.p.i.AbstractProblemLoader Loading environment from /home/runner/work/key/key/key.core/../key.ui/examples/heap/model_methods/CellTest_test.key.proof 
74936      DEBUG main            d.u.i.k.p.i.AbstractProblemLoader Environment load took 2.31ms 
74939      INFO  main            d.u.i.k.p.i.AbstractProblemLoader Creating init config 
77812      DEBUG main            d.u.i.k.p.i.AbstractProblemLoader Init config took 2.87s 
77861      INFO  main            d.u.i.k.p.i.AbstractProblemLoader Replaying proof CellTest[CellTest::test(Recell)].JML operation contract.0 
78321      DEBUG main            d.u.i.k.p.i.IntermediateProofReplayer Proof replay took 441.53ms 
78322      DEBUG main            d.u.i.k.p.r.p.TestFile    ... success: reloaded. 
78324      INFO  main            d.u.i.k.p.r.p.TestFile    Now processing file /home/runner/work/key/key/key.core/../key.ui/examples/heap/model_methods/Coll1_add.key 
78324      INFO  main            d.u.i.k.p.i.AbstractProblemLoader Loading environment from /home/runner/work/key/key/key.core/../key.ui/examples/heap/model_methods/Coll1_add.key 
78324      DEBUG main            d.u.i.k.p.i.AbstractProblemLoader Environment load took 200ns 
78326      INFO  main            d.u.i.k.p.i.AbstractProblemLoader Creating init config 
81245      DEBUG main            d.u.i.k.p.i.AbstractProblemLoader Init config took 2.92s 
81299      INFO  main            d.u.i.k.p.i.AbstractProblemLoader Replaying proof Coll1[Coll::add(int)].JML operation contract.0 
81301      DEBUG main            d.u.i.k.p.i.IntermediateProofReplayer Proof replay took 8.5ns 
81403      INFO  main            d.u.i.k.p.r.p.TestFile    ... finished proof: closed. 
81635      INFO  main            d.u.i.k.p.i.AbstractProblemLoader Loading environment from /home/runner/work/key/key/key.core/../key.ui/examples/heap/model_methods/Coll1_add.key.proof 
81636      DEBUG main            d.u.i.k.p.i.AbstractProblemLoader Environment load took 124.3ns 
81637      INFO  main            d.u.i.k.p.i.AbstractProblemLoader Creating init config 
84570      DEBUG main            d.u.i.k.p.i.AbstractProblemLoader Init config took 2.93s 
84621      INFO  main            d.u.i.k.p.i.AbstractProblemLoader Replaying proof Coll1[Coll::add(int)].JML operation contract.0 
84631      DEBUG main            d.u.i.k.p.i.IntermediateProofReplayer Proof replay took 7.94ms 
84632      DEBUG main            d.u.i.k.p.r.p.TestFile    ... success: reloaded. 
84633      INFO  main            d.u.i.k.p.r.p.TestFile    Now processing file /home/runner/work/key/key/key.core/../key.ui/examples/heap/model_methods/Coll1_Coll1_add_pre.key 
84633      INFO  main            d.u.i.k.p.i.AbstractProblemLoader Loading environment from /home/runner/work/key/key/key.core/../key.ui/examples/heap/model_methods/Coll1_Coll1_add_pre.key 
84633      DEBUG main            d.u.i.k.p.i.AbstractProblemLoader Environment load took 105.1ns 
84634      INFO  main            d.u.i.k.p.i.AbstractProblemLoader Creating init config 
87538      DEBUG main            d.u.i.k.p.i.AbstractProblemLoader Init config took 2.9s 
87582      INFO  main            d.u.i.k.p.i.AbstractProblemLoader Replaying proof Coll1[Coll1::add_pre(int)].JML model_behavior operation contract.0 
87584      DEBUG main            d.u.i.k.p.i.IntermediateProofReplayer Proof replay took 7.3ns 
87690      INFO  main            d.u.i.k.p.r.p.TestFile    ... finished proof: closed. 
87922      INFO  main            d.u.i.k.p.i.AbstractProblemLoader Loading environment from /home/runner/work/key/key/key.core/../key.ui/examples/heap/model_methods/Coll1_Coll1_add_pre.key.proof 
87922      DEBUG main            d.u.i.k.p.i.AbstractProblemLoader Environment load took 129.5ns 
87923      INFO  main            d.u.i.k.p.i.AbstractProblemLoader Creating init config 
90900      DEBUG main            d.u.i.k.p.i.AbstractProblemLoader Init config took 2.98s 
90947      INFO  main            d.u.i.k.p.i.AbstractProblemLoader Replaying proof Coll1[Coll1::add_pre(int)].JML model_behavior operation contract.0 
90950      DEBUG main            d.u.i.k.p.i.IntermediateProofReplayer Proof replay took 1.55ms 
90951      DEBUG main            d.u.i.k.p.r.p.TestFile    ... success: reloaded. 
90952      INFO  main            d.u.i.k.p.r.p.TestFile    Now processing file /home/runner/work/key/key/key.core/../key.ui/examples/heap/model_methods/Coll1_Coll_add_pre.key 
90953      INFO  main            d.u.i.k.p.i.AbstractProblemLoader Loading environment from /home/runner/work/key/key/key.core/../key.ui/examples/heap/model_methods/Coll1_Coll_add_pre.key 
90953      DEBUG main            d.u.i.k.p.i.AbstractProblemLoader Environment load took 143.1ns 
90954      INFO  main            d.u.i.k.p.i.AbstractProblemLoader Creating init config 
93821      DEBUG main            d.u.i.k.p.i.AbstractProblemLoader Init config took 2.87s 
93867      INFO  main            d.u.i.k.p.i.AbstractProblemLoader Replaying proof Coll1[Coll::add_pre(int)].JML model_behavior operation contract.0 
93868      DEBUG main            d.u.i.k.p.i.IntermediateProofReplayer Proof replay took 6.2ns 
93973      INFO  main            d.u.i.k.p.r.p.TestFile    ... finished proof: closed. 
94198      INFO  main            d.u.i.k.p.i.AbstractProblemLoader Loading environment from /home/runner/work/key/key/key.core/../key.ui/examples/heap/model_methods/Coll1_Coll_add_pre.key.proof 
94198      DEBUG main            d.u.i.k.p.i.AbstractProblemLoader Environment load took 117.8ns 
94199      INFO  main            d.u.i.k.p.i.AbstractProblemLoader Creating init config 
97071      DEBUG main            d.u.i.k.p.i.AbstractProblemLoader Init config took 2.87s 
97118      INFO  main            d.u.i.k.p.i.AbstractProblemLoader Replaying proof Coll1[Coll::add_pre(int)].JML model_behavior operation contract.0 
97122      DEBUG main            d.u.i.k.p.i.IntermediateProofReplayer Proof replay took 2.16ms 
97123      DEBUG main            d.u.i.k.p.r.p.TestFile    ... success: reloaded. 
97125      INFO  main            d.u.i.k.p.r.p.TestFile    Now processing file /home/runner/work/key/key/key.core/../key.ui/examples/heap/model_methods/Coll2_add.key 
97125      INFO  main            d.u.i.k.p.i.AbstractProblemLoader Loading environment from /home/runner/work/key/key/key.core/../key.ui/examples/heap/model_methods/Coll2_add.key 
97125      DEBUG main            d.u.i.k.p.i.AbstractProblemLoader Environment load took 228ns 
97127      INFO  main            d.u.i.k.p.i.AbstractProblemLoader Creating init config 
100059     DEBUG main            d.u.i.k.p.i.AbstractProblemLoader Init config took 2.93s 
100106     INFO  main            d.u.i.k.p.i.AbstractProblemLoader Replaying proof Coll2[Coll::add(int)].JML operation contract.0 
100107     DEBUG main            d.u.i.k.p.i.IntermediateProofReplayer Proof replay took 23.7ns 
100209     INFO  main            d.u.i.k.p.r.p.TestFile    ... finished proof: closed. 
100457     INFO  main            d.u.i.k.p.i.AbstractProblemLoader Loading environment from /home/runner/work/key/key/key.core/../key.ui/examples/heap/model_methods/Coll2_add.key.proof 
100457     DEBUG main            d.u.i.k.p.i.AbstractProblemLoader Environment load took 142.1ns 
100458     INFO  main            d.u.i.k.p.i.AbstractProblemLoader Creating init config 
103391     DEBUG main            d.u.i.k.p.i.AbstractProblemLoader Init config took 2.93s 
103450     INFO  main            d.u.i.k.p.i.AbstractProblemLoader Replaying proof Coll2[Coll::add(int)].JML operation contract.0 
103466     DEBUG main            d.u.i.k.p.i.IntermediateProofReplayer Proof replay took 10.92ms 
103467     DEBUG main            d.u.i.k.p.r.p.TestFile    ... success: reloaded. 
103469     INFO  main            d.u.i.k.p.r.p.TestFile    Now processing file /home/runner/work/key/key/key.core/../key.ui/examples/heap/model_methods/Coll2_Coll2_add_pre.key 
103470     INFO  main            d.u.i.k.p.i.AbstractProblemLoader Loading environment from /home/runner/work/key/key/key.core/../key.ui/examples/heap/model_methods/Coll2_Coll2_add_pre.key 
103470     DEBUG main            d.u.i.k.p.i.AbstractProblemLoader Environment load took 230.3ns 
103471     INFO  main            d.u.i.k.p.i.AbstractProblemLoader Creating init config 
106507     DEBUG main            d.u.i.k.p.i.AbstractProblemLoader Init config took 3.04s 
106550     INFO  main            d.u.i.k.p.i.AbstractProblemLoader Replaying proof Coll2[Coll2::add_pre(int)].JML model_behavior operation contract.0 
106552     DEBUG main            d.u.i.k.p.i.IntermediateProofReplayer Proof replay took 24.5ns 
106654     INFO  main            d.u.i.k.p.r.p.TestFile    ... finished proof: closed. 
106909     INFO  main            d.u.i.k.p.i.AbstractProblemLoader Loading environment from /home/runner/work/key/key/key.core/../key.ui/examples/heap/model_methods/Coll2_Coll2_add_pre.key.proof 
106909     DEBUG main            d.u.i.k.p.i.AbstractProblemLoader Environment load took 139.2ns 
106910     INFO  main            d.u.i.k.p.i.AbstractProblemLoader Creating init config 
109965     DEBUG main            d.u.i.k.p.i.AbstractProblemLoader Init config took 3.06s 
110010     INFO  main            d.u.i.k.p.i.AbstractProblemLoader Replaying proof Coll2[Coll2::add_pre(int)].JML model_behavior operation contract.0 
110014     DEBUG main            d.u.i.k.p.i.IntermediateProofReplayer Proof replay took 1.68ms 
110014     DEBUG main            d.u.i.k.p.r.p.TestFile    ... success: reloaded. 
110016     INFO  main            d.u.i.k.p.r.p.TestFile    Now processing file /home/runner/work/key/key/key.core/../key.ui/examples/heap/model_methods/Coll2_Coll_add_pre.key 
110016     INFO  main            d.u.i.k.p.i.AbstractProblemLoader Loading environment from /home/runner/work/key/key/key.core/../key.ui/examples/heap/model_methods/Coll2_Coll_add_pre.key 
110017     DEBUG main            d.u.i.k.p.i.AbstractProblemLoader Environment load took 311ns 
110018     INFO  main            d.u.i.k.p.i.AbstractProblemLoader Creating init config 
113073     DEBUG main            d.u.i.k.p.i.AbstractProblemLoader Init config took 3.05s 
113119     INFO  main            d.u.i.k.p.i.AbstractProblemLoader Replaying proof Coll2[Coll::add_pre(int)].JML model_behavior operation contract.0 
113121     DEBUG main            d.u.i.k.p.i.IntermediateProofReplayer Proof replay took 9.1ns 
113228     INFO  main            d.u.i.k.p.r.p.TestFile    ... finished proof: closed. 
113506     INFO  main            d.u.i.k.p.i.AbstractProblemLoader Loading environment from /home/runner/work/key/key/key.core/../key.ui/examples/heap/model_methods/Coll2_Coll_add_pre.key.proof 
113506     DEBUG main            d.u.i.k.p.i.AbstractProblemLoader Environment load took 127.2ns 
113507     INFO  main            d.u.i.k.p.i.AbstractProblemLoader Creating init config 
116569     DEBUG main            d.u.i.k.p.i.AbstractProblemLoader Init config took 3.06s 
116614     INFO  main            d.u.i.k.p.i.AbstractProblemLoader Replaying proof Coll2[Coll::add_pre(int)].JML model_behavior operation contract.0 
116619     DEBUG main            d.u.i.k.p.i.IntermediateProofReplayer Proof replay took 2.65ms 
116620     DEBUG main            d.u.i.k.p.r.p.TestFile    ... success: reloaded. 
116622     INFO  main            d.u.i.k.p.r.p.TestFile    Now processing file /home/runner/work/key/key/key.core/../key.ui/examples/heap/model_methods/Coll_add.key 
116622     INFO  main            d.u.i.k.p.i.AbstractProblemLoader Loading environment from /home/runner/work/key/key/key.core/../key.ui/examples/heap/model_methods/Coll_add.key 
116622     DEBUG main            d.u.i.k.p.i.AbstractProblemLoader Environment load took 206.8ns 
116624     INFO  main            d.u.i.k.p.i.AbstractProblemLoader Creating init config 
119747     DEBUG main            d.u.i.k.p.i.AbstractProblemLoader Init config took 3.12s 
119796     INFO  main            d.u.i.k.p.i.AbstractProblemLoader Replaying proof Coll[Coll::add(int)].JML operation contract.0 
119798     DEBUG main            d.u.i.k.p.i.IntermediateProofReplayer Proof replay took 25.2ns 
119902     INFO  main            d.u.i.k.p.r.p.TestFile    ... finished proof: closed. 
120180     INFO  main            d.u.i.k.p.i.AbstractProblemLoader Loading environment from /home/runner/work/key/key/key.core/../key.ui/examples/heap/model_methods/Coll_add.key.proof 
120180     DEBUG main            d.u.i.k.p.i.AbstractProblemLoader Environment load took 181.3ns 
120181     INFO  main            d.u.i.k.p.i.AbstractProblemLoader Creating init config 
123268     DEBUG main            d.u.i.k.p.i.AbstractProblemLoader Init config took 3.09s 
123313     INFO  main            d.u.i.k.p.i.AbstractProblemLoader Replaying proof Coll[Coll::add(int)].JML operation contract.0 
123318     DEBUG main            d.u.i.k.p.i.IntermediateProofReplayer Proof replay took 2.41ms 
123319     DEBUG main            d.u.i.k.p.r.p.TestFile    ... success: reloaded. 
123320     INFO  main            d.u.i.k.p.r.p.TestFile    Now processing file /home/runner/work/key/key/key.core/../key.ui/examples/heap/model_methods/Coll_add_pre.key 
123320     INFO  main            d.u.i.k.p.i.AbstractProblemLoader Loading environment from /home/runner/work/key/key/key.core/../key.ui/examples/heap/model_methods/Coll_add_pre.key 
123321     DEBUG main            d.u.i.k.p.i.AbstractProblemLoader Environment load took 248.4ns 
123322     INFO  main            d.u.i.k.p.i.AbstractProblemLoader Creating init config 
126452     DEBUG main            d.u.i.k.p.i.AbstractProblemLoader Init config took 3.13s 
126495     INFO  main            d.u.i.k.p.i.AbstractProblemLoader Replaying proof Coll[Coll::add_pre(int)].JML model_behavior operation contract.0 
126497     DEBUG main            d.u.i.k.p.i.IntermediateProofReplayer Proof replay took 6.4ns 
126599     INFO  main            d.u.i.k.p.r.p.TestFile    ... finished proof: closed. 
126868     INFO  main            d.u.i.k.p.i.AbstractProblemLoader Loading environment from /home/runner/work/key/key/key.core/../key.ui/examples/heap/model_methods/Coll_add_pre.key.proof 
126868     DEBUG main            d.u.i.k.p.i.AbstractProblemLoader Environment load took 594.3ns 
126870     INFO  main            d.u.i.k.p.i.AbstractProblemLoader Creating init config 
129840     DEBUG main            d.u.i.k.p.i.AbstractProblemLoader Init config took 2.97s 
129890     INFO  main            d.u.i.k.p.i.AbstractProblemLoader Replaying proof Coll[Coll::add_pre(int)].JML model_behavior operation contract.0 
129900     DEBUG main            d.u.i.k.p.i.IntermediateProofReplayer Proof replay took 7.03ms 
129901     DEBUG main            d.u.i.k.p.r.p.TestFile    ... success: reloaded. 
129904     INFO  main            d.u.i.k.p.r.p.TestFile    Now processing file /home/runner/work/key/key/key.core/../key.ui/examples/heap/model_methods/Indirect_callAdd.key 
129905     INFO  main            d.u.i.k.p.i.AbstractProblemLoader Loading environment from /home/runner/work/key/key/key.core/../key.ui/examples/heap/model_methods/Indirect_callAdd.key 
129905     DEBUG main            d.u.i.k.p.i.AbstractProblemLoader Environment load took 139.4ns 
129906     INFO  main            d.u.i.k.p.i.AbstractProblemLoader Creating init config 
133123     DEBUG main            d.u.i.k.p.i.AbstractProblemLoader Init config took 3.22s 
133167     INFO  main            d.u.i.k.p.i.AbstractProblemLoader Replaying proof Indirect[Indirect::callAdd(Coll,int)].JML operation contract.0 
133169     DEBUG main            d.u.i.k.p.i.IntermediateProofReplayer Proof replay took 7.2ns 
133372     INFO  main            d.u.i.k.p.r.p.TestFile    ... finished proof: closed. 
133681     INFO  main            d.u.i.k.p.i.AbstractProblemLoader Loading environment from /home/runner/work/key/key/key.core/../key.ui/examples/heap/model_methods/Indirect_callAdd.key.proof 
133681     DEBUG main            d.u.i.k.p.i.AbstractProblemLoader Environment load took 120.2ns 
133682     INFO  main            d.u.i.k.p.i.AbstractProblemLoader Creating init config 
136731     DEBUG main            d.u.i.k.p.i.AbstractProblemLoader Init config took 3.05s 
136774     INFO  main            d.u.i.k.p.i.AbstractProblemLoader Replaying proof Indirect[Indirect::callAdd(Coll,int)].JML operation contract.0 
136803     DEBUG main            d.u.i.k.p.i.IntermediateProofReplayer Proof replay took 26.65ms 
136804     DEBUG main            d.u.i.k.p.r.p.TestFile    ... success: reloaded. 
136805     INFO  main            d.u.i.k.p.r.p.TestFile    Now processing file /home/runner/work/key/key/key.core/../key.ui/examples/heap/model_methods/Indirect_test.key 
136805     INFO  main            d.u.i.k.p.i.AbstractProblemLoader Loading environment from /home/runner/work/key/key/key.core/../key.ui/examples/heap/model_methods/Indirect_test.key 
136805     DEBUG main            d.u.i.k.p.i.AbstractProblemLoader Environment load took 131.7ns 
136806     INFO  main            d.u.i.k.p.i.AbstractProblemLoader Creating init config 
139968     DEBUG main            d.u.i.k.p.i.AbstractProblemLoader Init config took 3.16s 
140011     INFO  main            d.u.i.k.p.i.AbstractProblemLoader Replaying proof Indirect[Indirect::test(Coll1,Coll2)].JML operation contract.0 
140013     DEBUG main            d.u.i.k.p.i.IntermediateProofReplayer Proof replay took 7.4ns 
140318     INFO  main            d.u.i.k.p.r.p.TestFile    ... finished proof: closed. 
140601     INFO  main            d.u.i.k.p.i.AbstractProblemLoader Loading environment from /home/runner/work/key/key/key.core/../key.ui/examples/heap/model_methods/Indirect_test.key.proof 
140601     DEBUG main            d.u.i.k.p.i.AbstractProblemLoader Environment load took 111ns 
140602     INFO  main            d.u.i.k.p.i.AbstractProblemLoader Creating init config 
143704     DEBUG main            d.u.i.k.p.i.AbstractProblemLoader Init config took 3.1s 
143746     INFO  main            d.u.i.k.p.i.AbstractProblemLoader Replaying proof Indirect[Indirect::test(Coll1,Coll2)].JML operation contract.0 
143813     DEBUG main            d.u.i.k.p.i.IntermediateProofReplayer Proof replay took 63.01ms 
143814     DEBUG main            d.u.i.k.p.r.p.TestFile    ... success: reloaded. 
143815     INFO  main            d.u.i.k.p.r.p.TestFile    Now processing file /home/runner/work/key/key/key.core/../key.ui/examples/heap/model_methods/Recell_Cell_footprint.key 
143816     INFO  main            d.u.i.k.p.i.AbstractProblemLoader Loading environment from /home/runner/work/key/key/key.core/../key.ui/examples/heap/model_methods/Recell_Cell_footprint.key 
143816     DEBUG main            d.u.i.k.p.i.AbstractProblemLoader Environment load took 114.5ns 
143817     INFO  main            d.u.i.k.p.i.AbstractProblemLoader Creating init config 
146832     DEBUG main            d.u.i.k.p.i.AbstractProblemLoader Init config took 3.02s 
146871     INFO  main            d.u.i.k.p.i.AbstractProblemLoader Replaying proof Recell[Cell::footprint()].JML model_behavior operation contract.0 
146873     DEBUG main            d.u.i.k.p.i.IntermediateProofReplayer Proof replay took 6.1ns 
146975     INFO  main            d.u.i.k.p.r.p.TestFile    ... finished proof: closed. 
147278     INFO  main            d.u.i.k.p.i.AbstractProblemLoader Loading environment from /home/runner/work/key/key/key.core/../key.ui/examples/heap/model_methods/Recell_Cell_footprint.key.proof 
147278     DEBUG main            d.u.i.k.p.i.AbstractProblemLoader Environment load took 116.2ns 
147279     INFO  main            d.u.i.k.p.i.AbstractProblemLoader Creating init config 
150227     DEBUG main            d.u.i.k.p.i.AbstractProblemLoader Init config took 2.95s 
150270     INFO  main            d.u.i.k.p.i.AbstractProblemLoader Replaying proof Recell[Cell::footprint()].JML model_behavior operation contract.0 
150275     DEBUG main            d.u.i.k.p.i.IntermediateProofReplayer Proof replay took 3.56ms 
150276     DEBUG main            d.u.i.k.p.r.p.TestFile    ... success: reloaded. 
150277     INFO  main            d.u.i.k.p.r.p.TestFile    Now processing file /home/runner/work/key/key/key.core/../key.ui/examples/heap/model_methods/Recell_Cell_post_set.key 
150278     INFO  main            d.u.i.k.p.i.AbstractProblemLoader Loading environment from /home/runner/work/key/key/key.core/../key.ui/examples/heap/model_methods/Recell_Cell_post_set.key 
150278     DEBUG main            d.u.i.k.p.i.AbstractProblemLoader Environment load took 113.7ns 
150279     INFO  main            d.u.i.k.p.i.AbstractProblemLoader Creating init config 
153254     DEBUG main            d.u.i.k.p.i.AbstractProblemLoader Init config took 2.97s 
153320     INFO  main            d.u.i.k.p.i.AbstractProblemLoader Replaying proof Recell[Cell::post_set(int)].JML model_behavior operation contract.0 
153323     DEBUG main            d.u.i.k.p.i.IntermediateProofReplayer Proof replay took 7.1ns 
153426     INFO  main            d.u.i.k.p.r.p.TestFile    ... finished proof: closed. 
153713     INFO  main            d.u.i.k.p.i.AbstractProblemLoader Loading environment from /home/runner/work/key/key/key.core/../key.ui/examples/heap/model_methods/Recell_Cell_post_set.key.proof 
153714     DEBUG main            d.u.i.k.p.i.AbstractProblemLoader Environment load took 108.2ns 
153715     INFO  main            d.u.i.k.p.i.AbstractProblemLoader Creating init config 
156584     DEBUG main            d.u.i.k.p.i.AbstractProblemLoader Init config took 2.87s 
156625     INFO  main            d.u.i.k.p.i.AbstractProblemLoader Replaying proof Recell[Cell::post_set(int)].JML model_behavior operation contract.0 
156632     DEBUG main            d.u.i.k.p.i.IntermediateProofReplayer Proof replay took 5ms 
156633     DEBUG main            d.u.i.k.p.r.p.TestFile    ... success: reloaded. 
156634     INFO  main            d.u.i.k.p.r.p.TestFile    Now processing file /home/runner/work/key/key/key.core/../key.ui/examples/heap/model_methods/Recell_footprint_acc.key 
156634     INFO  main            d.u.i.k.p.i.AbstractProblemLoader Loading environment from /home/runner/work/key/key/key.core/../key.ui/examples/heap/model_methods/Recell_footprint_acc.key 
156634     DEBUG main            d.u.i.k.p.i.AbstractProblemLoader Environment load took 99.7ns 
156635     INFO  main            d.u.i.k.p.i.AbstractProblemLoader Creating init config 
159623     DEBUG main            d.u.i.k.p.i.AbstractProblemLoader Init config took 2.99s 
159666     INFO  main            d.u.i.k.p.i.AbstractProblemLoader Replaying proof Recell[Cell::footprint()].JML accessible clause.0 
159668     DEBUG main            d.u.i.k.p.i.IntermediateProofReplayer Proof replay took 6.6ns 
159770     INFO  main            d.u.i.k.p.r.p.TestFile    ... finished proof: closed. 
160084     INFO  main            d.u.i.k.p.i.AbstractProblemLoader Loading environment from /home/runner/work/key/key/key.core/../key.ui/examples/heap/model_methods/Recell_footprint_acc.key.proof 
160084     DEBUG main            d.u.i.k.p.i.AbstractProblemLoader Environment load took 122ns 
160085     INFO  main            d.u.i.k.p.i.AbstractProblemLoader Creating init config 
163026     DEBUG main            d.u.i.k.p.i.AbstractProblemLoader Init config took 2.94s 
163068     INFO  main            d.u.i.k.p.i.AbstractProblemLoader Replaying proof Recell[Cell::footprint()].JML accessible clause.0 
163098     DEBUG main            d.u.i.k.p.i.IntermediateProofReplayer Proof replay took 27.91ms 
163105     DEBUG main            d.u.i.k.p.r.p.TestFile    ... success: reloaded. 
163106     INFO  main            d.u.i.k.p.r.p.TestFile    Now processing file /home/runner/work/key/key/key.core/../key.ui/examples/heap/model_methods/Recell_get_acc.key 
163107     INFO  main            d.u.i.k.p.i.AbstractProblemLoader Loading environment from /home/runner/work/key/key/key.core/../key.ui/examples/heap/model_methods/Recell_get_acc.key 
163107     DEBUG main            d.u.i.k.p.i.AbstractProblemLoader Environment load took 196.9ns 
163108     INFO  main            d.u.i.k.p.i.AbstractProblemLoader Creating init config 
166036     DEBUG main            d.u.i.k.p.i.AbstractProblemLoader Init config took 2.93s 
166078     INFO  main            d.u.i.k.p.i.AbstractProblemLoader Replaying proof Recell[Cell::get()].JML accessible clause.0 
166080     DEBUG main            d.u.i.k.p.i.IntermediateProofReplayer Proof replay took 7.7ns 
166182     INFO  main            d.u.i.k.p.r.p.TestFile    ... finished proof: closed. 
166526     INFO  main            d.u.i.k.p.i.AbstractProblemLoader Loading environment from /home/runner/work/key/key/key.core/../key.ui/examples/heap/model_methods/Recell_get_acc.key.proof 
166526     DEBUG main            d.u.i.k.p.i.AbstractProblemLoader Environment load took 102.7ns 
166527     INFO  main            d.u.i.k.p.i.AbstractProblemLoader Creating init config 
169331     DEBUG main            d.u.i.k.p.i.AbstractProblemLoader Init config took 2.8s 
169370     INFO  main            d.u.i.k.p.i.AbstractProblemLoader Replaying proof Recell[Cell::get()].JML accessible clause.0 
169391     DEBUG main            d.u.i.k.p.i.IntermediateProofReplayer Proof replay took 18.94ms 
169392     DEBUG main            d.u.i.k.p.r.p.TestFile    ... success: reloaded. 
169394     INFO  main            d.u.i.k.p.r.p.TestFile    Now processing file /home/runner/work/key/key/key.core/../key.ui/examples/heap/model_methods/Recell_get.key 
169394     INFO  main            d.u.i.k.p.i.AbstractProblemLoader Loading environment from /home/runner/work/key/key/key.core/../key.ui/examples/heap/model_methods/Recell_get.key 
169394     DEBUG main            d.u.i.k.p.i.AbstractProblemLoader Environment load took 97.4ns 
169395     INFO  main            d.u.i.k.p.i.AbstractProblemLoader Creating init config 
172253     DEBUG main            d.u.i.k.p.i.AbstractProblemLoader Init config took 2.86s 
172299     INFO  main            d.u.i.k.p.i.AbstractProblemLoader Replaying proof Recell[Cell::get()].JML operation contract.0 
172301     DEBUG main            d.u.i.k.p.i.IntermediateProofReplayer Proof replay took 7.9ns 
172402     INFO  main            d.u.i.k.p.r.p.TestFile    ... finished proof: closed. 
172710     INFO  main            d.u.i.k.p.i.AbstractProblemLoader Loading environment from /home/runner/work/key/key/key.core/../key.ui/examples/heap/model_methods/Recell_get.key.proof 
172710     DEBUG main            d.u.i.k.p.i.AbstractProblemLoader Environment load took 127.2ns 
172711     INFO  main            d.u.i.k.p.i.AbstractProblemLoader Creating init config 
175571     DEBUG main            d.u.i.k.p.i.AbstractProblemLoader Init config took 2.86s 
175620     INFO  main            d.u.i.k.p.i.AbstractProblemLoader Replaying proof Recell[Cell::get()].JML operation contract.0 
175633     DEBUG main            d.u.i.k.p.i.IntermediateProofReplayer Proof replay took 10.36ms 
175634     DEBUG main            d.u.i.k.p.r.p.TestFile    ... success: reloaded. 
175635     INFO  main            d.u.i.k.p.r.p.TestFile    Now processing file /home/runner/work/key/key/key.core/../key.ui/examples/heap/model_methods/Recell_Recell_footprint.key 
175635     INFO  main            d.u.i.k.p.i.AbstractProblemLoader Loading environment from /home/runner/work/key/key/key.core/../key.ui/examples/heap/model_methods/Recell_Recell_footprint.key 
175635     DEBUG main            d.u.i.k.p.i.AbstractProblemLoader Environment load took 231ns 
175637     INFO  main            d.u.i.k.p.i.AbstractProblemLoader Creating init config 
178605     DEBUG main            d.u.i.k.p.i.AbstractProblemLoader Init config took 2.97s 
178671     INFO  main            d.u.i.k.p.i.AbstractProblemLoader Replaying proof Recell[Recell::footprint()].JML model_behavior operation contract.0 
178673     DEBUG main            d.u.i.k.p.i.IntermediateProofReplayer Proof replay took 7.7ns 
178778     INFO  main            d.u.i.k.p.r.p.TestFile    ... finished proof: closed. 
179108     INFO  main            d.u.i.k.p.i.AbstractProblemLoader Loading environment from /home/runner/work/key/key/key.core/../key.ui/examples/heap/model_methods/Recell_Recell_footprint.key.proof 
179108     DEBUG main            d.u.i.k.p.i.AbstractProblemLoader Environment load took 103.1ns 
179109     INFO  main            d.u.i.k.p.i.AbstractProblemLoader Creating init config 
182040     DEBUG main            d.u.i.k.p.i.AbstractProblemLoader Init config took 2.93s 
182081     INFO  main            d.u.i.k.p.i.AbstractProblemLoader Replaying proof Recell[Recell::footprint()].JML model_behavior operation contract.0 
182084     DEBUG main            d.u.i.k.p.i.IntermediateProofReplayer Proof replay took 1.61ms 
182085     DEBUG main            d.u.i.k.p.r.p.TestFile    ... success: reloaded. 
182086     INFO  main            d.u.i.k.p.r.p.TestFile    Now processing file /home/runner/work/key/key/key.core/../key.ui/examples/heap/model_methods/Recell_Recell_post_set.key 
182086     INFO  main            d.u.i.k.p.i.AbstractProblemLoader Loading environment from /home/runner/work/key/key/key.core/../key.ui/examples/heap/model_methods/Recell_Recell_post_set.key 
182087     DEBUG main            d.u.i.k.p.i.AbstractProblemLoader Environment load took 342.2ns 
182088     INFO  main            d.u.i.k.p.i.AbstractProblemLoader Creating init config 
184976     DEBUG main            d.u.i.k.p.i.AbstractProblemLoader Init config took 2.89s 
185015     INFO  main            d.u.i.k.p.i.AbstractProblemLoader Replaying proof Recell[Recell::post_set(int)].JML model_behavior operation contract.0 
185017     DEBUG main            d.u.i.k.p.i.IntermediateProofReplayer Proof replay took 7.5ns 
185120     INFO  main            d.u.i.k.p.r.p.TestFile    ... finished proof: closed. 
185469     INFO  main            d.u.i.k.p.i.AbstractProblemLoader Loading environment from /home/runner/work/key/key/key.core/../key.ui/examples/heap/model_methods/Recell_Recell_post_set.key.proof 
185469     DEBUG main            d.u.i.k.p.i.AbstractProblemLoader Environment load took 125.2ns 
185470     INFO  main            d.u.i.k.p.i.AbstractProblemLoader Creating init config 
188403     DEBUG main            d.u.i.k.p.i.AbstractProblemLoader Init config took 2.93s 
188443     INFO  main            d.u.i.k.p.i.AbstractProblemLoader Replaying proof Recell[Recell::post_set(int)].JML model_behavior operation contract.0 
188448     DEBUG main            d.u.i.k.p.i.IntermediateProofReplayer Proof replay took 3.1ms 
188449     DEBUG main            d.u.i.k.p.r.p.TestFile    ... success: reloaded. 
188450     INFO  main            d.u.i.k.p.r.p.TestFile    Now processing file /home/runner/work/key/key/key.core/../key.ui/examples/heap/model_methods/Recell_set.key 
188451     INFO  main            d.u.i.k.p.i.AbstractProblemLoader Loading environment from /home/runner/work/key/key/key.core/../key.ui/examples/heap/model_methods/Recell_set.key 
188451     DEBUG main            d.u.i.k.p.i.AbstractProblemLoader Environment load took 96.3ns 
188452     INFO  main            d.u.i.k.p.i.AbstractProblemLoader Creating init config 
191435     DEBUG main            d.u.i.k.p.i.AbstractProblemLoader Init config took 2.98s 
191478     INFO  main            d.u.i.k.p.i.AbstractProblemLoader Replaying proof Recell[Cell::set(int)].JML operation contract.0 
191481     DEBUG main            d.u.i.k.p.i.IntermediateProofReplayer Proof replay took 9.1ns 
199012     INFO  main            d.u.i.k.p.r.p.TestFile    ... finished proof: closed. 
199384     INFO  main            d.u.i.k.p.i.AbstractProblemLoader Loading environment from /home/runner/work/key/key/key.core/../key.ui/examples/heap/model_methods/Recell_set.key.proof 
199384     DEBUG main            d.u.i.k.p.i.AbstractProblemLoader Environment load took 460.2ns 
199386     INFO  main            d.u.i.k.p.i.AbstractProblemLoader Creating init config 
202232     DEBUG main            d.u.i.k.p.i.AbstractProblemLoader Init config took 2.85s 
202277     INFO  main            d.u.i.k.p.i.AbstractProblemLoader Replaying proof Recell[Cell::set(int)].JML operation contract.0 
202798     DEBUG main            d.u.i.k.p.i.IntermediateProofReplayer Proof replay took 497.83ms 
202800     DEBUG main            d.u.i.k.p.r.p.TestFile    ... success: reloaded. 
202801     INFO  main            d.u.i.k.p.r.p.TestFile    Now processing file /home/runner/work/key/key/key.core/../key.ui/examples/heap/model_methods/Recell_undo.key 
202801     INFO  main            d.u.i.k.p.i.AbstractProblemLoader Loading environment from /home/runner/work/key/key/key.core/../key.ui/examples/heap/model_methods/Recell_undo.key 
202801     DEBUG main            d.u.i.k.p.i.AbstractProblemLoader Environment load took 188.1ns 
202802     INFO  main            d.u.i.k.p.i.AbstractProblemLoader Creating init config 
205802     DEBUG main            d.u.i.k.p.i.AbstractProblemLoader Init config took 3s 
205842     INFO  main            d.u.i.k.p.i.AbstractProblemLoader Replaying proof Recell[Recell::undo()].JML operation contract.0 
205843     DEBUG main            d.u.i.k.p.i.IntermediateProofReplayer Proof replay took 7.8ns 
206047     INFO  main            d.u.i.k.p.r.p.TestFile    ... finished proof: closed. 
206409     INFO  main            d.u.i.k.p.i.AbstractProblemLoader Loading environment from /home/runner/work/key/key/key.core/../key.ui/examples/heap/model_methods/Recell_undo.key.proof 
206409     DEBUG main            d.u.i.k.p.i.AbstractProblemLoader Environment load took 121.9ns 
206410     INFO  main            d.u.i.k.p.i.AbstractProblemLoader Creating init config 
209235     DEBUG main            d.u.i.k.p.i.AbstractProblemLoader Init config took 2.82s 
209278     INFO  main            d.u.i.k.p.i.AbstractProblemLoader Replaying proof Recell[Recell::undo()].JML operation contract.0 
209326     DEBUG main            d.u.i.k.p.i.IntermediateProofReplayer Proof replay took 45.75ms 
209327     DEBUG main            d.u.i.k.p.r.p.TestFile    ... success: reloaded. 
4775482    INFO  Test worker     d.u.i.k.p.r.p.StatisticsFile Returning from test modelMethods 
4775484    INFO  Test worker     d.u.i.k.p.r.p.StatisticsFile Running test permissionHeap 
551        WARN  main            d.u.i.k.s.ProofSettings   The settings in /home/runner/.key/proof-settings.props are *not* read. 
527        INFO  Timeout watchdog d.u.i.k.p.r.p.ForkedTestFileRunner Timeout watcher launched (2000 secs.) 
615        INFO  main            d.u.i.k.p.r.p.TestFile    Now processing file /home/runner/work/key/key/key.core/../key.ui/examples/heap/permissions/permissions_method0.key 
753        INFO  main            d.u.i.k.p.i.AbstractProblemLoader Loading environment from /home/runner/work/key/key/key.core/../key.ui/examples/heap/permissions/permissions_method0.key 
773        DEBUG main            d.u.i.k.p.i.AbstractProblemLoader Environment load took 1.99ms 
1043       INFO  main            d.u.i.k.p.i.AbstractProblemLoader Creating init config 
2163       DEBUG main            d.u.i.k.j.TypeConverter   No LDT found for Meta 
2164       DEBUG main            d.u.i.k.j.TypeConverter   No LDT found for Meta 
2167       DEBUG main            d.u.i.k.j.TypeConverter   No LDT found for Meta 
2167       DEBUG main            d.u.i.k.j.TypeConverter   No LDT found for Meta 
3744       DEBUG main            d.u.i.k.j.TypeConverter   No LDT found for JavaBigintExpression 
10330      DEBUG main            d.u.i.k.p.i.AbstractProblemLoader Init config took 9.29s 
10507      INFO  main            d.u.i.k.p.i.AbstractProblemLoader Replaying proof MyClass[MyClass::method0()].JML normal_behavior operation contract.0 
10560      DEBUG main            d.u.i.k.p.i.IntermediateProofReplayer Proof replay took 36.1ns 
11797      INFO  main            d.u.i.k.p.r.p.TestFile    ... finished proof: closed. 
11939      INFO  main            d.u.i.k.p.i.AbstractProblemLoader Loading environment from /home/runner/work/key/key/key.core/../key.ui/examples/heap/permissions/permissions_method0.key.proof 
11941      DEBUG main            d.u.i.k.p.i.AbstractProblemLoader Environment load took 2.12ms 
11945      INFO  main            d.u.i.k.p.i.AbstractProblemLoader Creating init config 
15505      DEBUG main            d.u.i.k.p.i.AbstractProblemLoader Init config took 3.56s 
15587      INFO  main            d.u.i.k.p.i.AbstractProblemLoader Replaying proof MyClass[MyClass::method0()].JML normal_behavior operation contract.0 
15727      DEBUG main            d.u.i.k.p.i.IntermediateProofReplayer Proof replay took 133.72ms 
15736      DEBUG main            d.u.i.k.p.r.p.TestFile    ... success: reloaded. 
15738      INFO  main            d.u.i.k.p.r.p.TestFile    Now processing file /home/runner/work/key/key/key.core/../key.ui/examples/heap/permissions/permissions_method1.key 
15738      INFO  main            d.u.i.k.p.i.AbstractProblemLoader Loading environment from /home/runner/work/key/key/key.core/../key.ui/examples/heap/permissions/permissions_method1.key 
15739      DEBUG main            d.u.i.k.p.i.AbstractProblemLoader Environment load took 250.2ns 
15740      INFO  main            d.u.i.k.p.i.AbstractProblemLoader Creating init config 
19080      DEBUG main            d.u.i.k.p.i.AbstractProblemLoader Init config took 3.34s 
19154      INFO  main            d.u.i.k.p.i.AbstractProblemLoader Replaying proof MyClass[MyClass::method1()].JML normal_behavior operation contract.0 
19157      DEBUG main            d.u.i.k.p.i.IntermediateProofReplayer Proof replay took 5.6ns 
19561      INFO  main            d.u.i.k.p.r.p.TestFile    ... finished proof: closed. 
19773      INFO  main            d.u.i.k.p.i.AbstractProblemLoader Loading environment from /home/runner/work/key/key/key.core/../key.ui/examples/heap/permissions/permissions_method1.key.proof 
19773      DEBUG main            d.u.i.k.p.i.AbstractProblemLoader Environment load took 193.8ns 
19774      INFO  main            d.u.i.k.p.i.AbstractProblemLoader Creating init config 
22914      DEBUG main            d.u.i.k.p.i.AbstractProblemLoader Init config took 3.14s 
22973      INFO  main            d.u.i.k.p.i.AbstractProblemLoader Replaying proof MyClass[MyClass::method1()].JML normal_behavior operation contract.0 
23051      DEBUG main            d.u.i.k.p.i.IntermediateProofReplayer Proof replay took 73.83ms 
23052      DEBUG main            d.u.i.k.p.r.p.TestFile    ... success: reloaded. 
23054      INFO  main            d.u.i.k.p.r.p.TestFile    Now processing file /home/runner/work/key/key/key.core/../key.ui/examples/heap/permissions/permissions_method3.key 
23054      INFO  main            d.u.i.k.p.i.AbstractProblemLoader Loading environment from /home/runner/work/key/key/key.core/../key.ui/examples/heap/permissions/permissions_method3.key 
23055      DEBUG main            d.u.i.k.p.i.AbstractProblemLoader Environment load took 187.3ns 
23056      INFO  main            d.u.i.k.p.i.AbstractProblemLoader Creating init config 
26177      DEBUG main            d.u.i.k.p.i.AbstractProblemLoader Init config took 3.12s 
26234      INFO  main            d.u.i.k.p.i.AbstractProblemLoader Replaying proof MyClass[MyClass::method3()].JML normal_behavior operation contract.0 
26239      DEBUG main            d.u.i.k.p.i.IntermediateProofReplayer Proof replay took 6.7ns 
27951      INFO  main            d.u.i.k.p.r.p.TestFile    ... finished proof: closed. 
28156      INFO  main            d.u.i.k.p.i.AbstractProblemLoader Loading environment from /home/runner/work/key/key/key.core/../key.ui/examples/heap/permissions/permissions_method3.key.proof 
28157      DEBUG main            d.u.i.k.p.i.AbstractProblemLoader Environment load took 992.8ns 
28159      INFO  main            d.u.i.k.p.i.AbstractProblemLoader Creating init config 
31184      DEBUG main            d.u.i.k.p.i.AbstractProblemLoader Init config took 3.02s 
31240      INFO  main            d.u.i.k.p.i.AbstractProblemLoader Replaying proof MyClass[MyClass::method3()].JML normal_behavior operation contract.0 
31520      DEBUG main            d.u.i.k.p.i.IntermediateProofReplayer Proof replay took 269.65ms 
31522      DEBUG main            d.u.i.k.p.r.p.TestFile    ... success: reloaded. 
31523      INFO  main            d.u.i.k.p.r.p.TestFile    Now processing file /home/runner/work/key/key/key.core/../key.ui/examples/heap/permissions/permissions_setAB.key 
31523      INFO  main            d.u.i.k.p.i.AbstractProblemLoader Loading environment from /home/runner/work/key/key/key.core/../key.ui/examples/heap/permissions/permissions_setAB.key 
31524      DEBUG main            d.u.i.k.p.i.AbstractProblemLoader Environment load took 180ns 
31525      INFO  main            d.u.i.k.p.i.AbstractProblemLoader Creating init config 
34552      DEBUG main            d.u.i.k.p.i.AbstractProblemLoader Init config took 3.03s 
34607      INFO  main            d.u.i.k.p.i.AbstractProblemLoader Replaying proof MyClass[MyClass::setAB()].JML normal_behavior operation contract.0 
34610      DEBUG main            d.u.i.k.p.i.IntermediateProofReplayer Proof replay took 6.5ns 
36442      INFO  main            d.u.i.k.p.r.p.TestFile    ... finished proof: closed. 
36687      INFO  main            d.u.i.k.p.i.AbstractProblemLoader Loading environment from /home/runner/work/key/key/key.core/../key.ui/examples/heap/permissions/permissions_setAB.key.proof 
36687      DEBUG main            d.u.i.k.p.i.AbstractProblemLoader Environment load took 402.9ns 
36689      INFO  main            d.u.i.k.p.i.AbstractProblemLoader Creating init config 
39638      DEBUG main            d.u.i.k.p.i.AbstractProblemLoader Init config took 2.95s 
39696      INFO  main            d.u.i.k.p.i.AbstractProblemLoader Replaying proof MyClass[MyClass::setAB()].JML normal_behavior operation contract.0 
39893      DEBUG main            d.u.i.k.p.i.IntermediateProofReplayer Proof replay took 190.94ms 
39895      DEBUG main            d.u.i.k.p.r.p.TestFile    ... success: reloaded. 
39896      INFO  main            d.u.i.k.p.r.p.TestFile    Now processing file /home/runner/work/key/key/key.core/../key.ui/examples/heap/permissions/permissionProperties.key 
39897      INFO  main            d.u.i.k.p.i.AbstractProblemLoader Loading environment from /home/runner/work/key/key/key.core/../key.ui/examples/heap/permissions/permissionProperties.key 
39897      DEBUG main            d.u.i.k.p.i.AbstractProblemLoader Environment load took 242.6ns 
39899      INFO  main            d.u.i.k.p.i.AbstractProblemLoader Creating init config 
40054      DEBUG main            d.u.i.k.j.TypeConverter   No LDT found for Meta 
40055      DEBUG main            d.u.i.k.j.TypeConverter   No LDT found for Meta 
40056      DEBUG main            d.u.i.k.j.TypeConverter   No LDT found for Meta 
40056      DEBUG main            d.u.i.k.j.TypeConverter   No LDT found for Meta 
40833      DEBUG main            d.u.i.k.j.TypeConverter   No LDT found for JavaBigintExpression 
44009      DEBUG main            d.u.i.k.p.i.AbstractProblemLoader Init config took 4.11s 
44034      INFO  main            d.u.i.k.p.i.AbstractProblemLoader Replaying proof permissionProperties.key 
44036      DEBUG main            d.u.i.k.p.i.IntermediateProofReplayer Proof replay took 7.4ns 
44242      INFO  main            d.u.i.k.p.r.p.TestFile    ... finished proof: closed. 
44514      INFO  main            d.u.i.k.p.i.AbstractProblemLoader Loading environment from /home/runner/work/key/key/key.core/../key.ui/examples/heap/permissions/permissionProperties.key.proof 
44515      DEBUG main            d.u.i.k.p.i.AbstractProblemLoader Environment load took 602.6ns 
44516      INFO  main            d.u.i.k.p.i.AbstractProblemLoader Creating init config 
47543      DEBUG main            d.u.i.k.p.i.AbstractProblemLoader Init config took 3.03s 
47570      INFO  main            d.u.i.k.p.i.AbstractProblemLoader Replaying proof permissionProperties.key.proof 
47592      DEBUG main            d.u.i.k.p.i.IntermediateProofReplayer Proof replay took 19.36ms 
47594      DEBUG main            d.u.i.k.p.r.p.TestFile    ... success: reloaded. 
47596      INFO  main            d.u.i.k.p.r.p.TestFile    Now processing file /home/runner/work/key/key/key.core/../key.ui/examples/heap/permissions/threads/AFilter_AFilter.key 
47596      INFO  main            d.u.i.k.p.i.AbstractProblemLoader Loading environment from /home/runner/work/key/key/key.core/../key.ui/examples/heap/permissions/threads/AFilter_AFilter.key 
47596      DEBUG main            d.u.i.k.p.i.AbstractProblemLoader Environment load took 222.4ns 
47598      INFO  main            d.u.i.k.p.i.AbstractProblemLoader Creating init config 
47755      DEBUG main            d.u.i.k.j.TypeConverter   No LDT found for Meta 
47756      DEBUG main            d.u.i.k.j.TypeConverter   No LDT found for Meta 
47756      DEBUG main            d.u.i.k.j.TypeConverter   No LDT found for Meta 
47757      DEBUG main            d.u.i.k.j.TypeConverter   No LDT found for Meta 
48433      DEBUG main            d.u.i.k.j.TypeConverter   No LDT found for JavaBigintExpression 
54836      DEBUG main            d.u.i.k.p.i.AbstractProblemLoader Init config took 7.24s 
54961      INFO  main            d.u.i.k.p.i.AbstractProblemLoader Replaying proof AFilter[AFilter::AFilter(Sampler,Buffer)].JML normal_behavior operation contract.0 
54963      DEBUG main            d.u.i.k.p.i.IntermediateProofReplayer Proof replay took 7.2ns 
56312      INFO  main            d.u.i.k.p.r.p.TestFile    ... finished proof: closed. 
56646      INFO  main            d.u.i.k.p.i.AbstractProblemLoader Loading environment from /home/runner/work/key/key/key.core/../key.ui/examples/heap/permissions/threads/AFilter_AFilter.key.proof 
56646      DEBUG main            d.u.i.k.p.i.AbstractProblemLoader Environment load took 167.3ns 
56651      INFO  main            d.u.i.k.p.i.AbstractProblemLoader Creating init config 
62499      DEBUG main            d.u.i.k.p.i.AbstractProblemLoader Init config took 5.85s 
62643      INFO  main            d.u.i.k.p.i.AbstractProblemLoader Replaying proof AFilter[AFilter::AFilter(Sampler,Buffer)].JML normal_behavior operation contract.0 
62813      DEBUG main            d.u.i.k.p.i.IntermediateProofReplayer Proof replay took 163.81ms 
62814      DEBUG main            d.u.i.k.p.r.p.TestFile    ... success: reloaded. 
62816      INFO  main            d.u.i.k.p.r.p.TestFile    Now processing file /home/runner/work/key/key/key.core/../key.ui/examples/heap/permissions/threads/AFilter_initPost_accessible.key 
62817      INFO  main            d.u.i.k.p.i.AbstractProblemLoader Loading environment from /home/runner/work/key/key/key.core/../key.ui/examples/heap/permissions/threads/AFilter_initPost_accessible.key 
62817      DEBUG main            d.u.i.k.p.i.AbstractProblemLoader Environment load took 208.9ns 
62818      INFO  main            d.u.i.k.p.i.AbstractProblemLoader Creating init config 
68418      DEBUG main            d.u.i.k.p.i.AbstractProblemLoader Init config took 5.6s 
68547      INFO  main            d.u.i.k.p.i.AbstractProblemLoader Replaying proof AFilter[ThreadSpec2::initPost()].JML accessible clause.0 
68549      DEBUG main            d.u.i.k.p.i.IntermediateProofReplayer Proof replay took 7.9ns 
68652      INFO  main            d.u.i.k.p.r.p.TestFile    ... finished proof: closed. 
68910      INFO  main            d.u.i.k.p.i.AbstractProblemLoader Loading environment from /home/runner/work/key/key/key.core/../key.ui/examples/heap/permissions/threads/AFilter_initPost_accessible.key.proof 
68911      DEBUG main            d.u.i.k.p.i.AbstractProblemLoader Environment load took 715.9ns 
68912      INFO  main            d.u.i.k.p.i.AbstractProblemLoader Creating init config 
74569      DEBUG main            d.u.i.k.p.i.AbstractProblemLoader Init config took 5.66s 
74702      INFO  main            d.u.i.k.p.i.AbstractProblemLoader Replaying proof AFilter[ThreadSpec2::initPost()].JML accessible clause.0 
74717      DEBUG main            d.u.i.k.p.i.IntermediateProofReplayer Proof replay took 12.93ms 
74718      DEBUG main            d.u.i.k.p.r.p.TestFile    ... success: reloaded. 
74720      INFO  main            d.u.i.k.p.r.p.TestFile    Now processing file /home/runner/work/key/key/key.core/../key.ui/examples/heap/permissions/threads/AFilter_inv_accessible1.key 
74721      INFO  main            d.u.i.k.p.i.AbstractProblemLoader Loading environment from /home/runner/work/key/key/key.core/../key.ui/examples/heap/permissions/threads/AFilter_inv_accessible1.key 
74721      DEBUG main            d.u.i.k.p.i.AbstractProblemLoader Environment load took 230.1ns 
74722      INFO  main            d.u.i.k.p.i.AbstractProblemLoader Creating init config 
80028      DEBUG main            d.u.i.k.p.i.AbstractProblemLoader Init config took 5.31s 
80158      INFO  main            d.u.i.k.p.i.AbstractProblemLoader Replaying proof AFilter[java.lang.Object::<inv>()].JML accessible clause.0 
80161      DEBUG main            d.u.i.k.p.i.IntermediateProofReplayer Proof replay took 7.2ns 
80262      INFO  main            d.u.i.k.p.r.p.TestFile    ... finished proof: closed. 
80514      INFO  main            d.u.i.k.p.i.AbstractProblemLoader Loading environment from /home/runner/work/key/key/key.core/../key.ui/examples/heap/permissions/threads/AFilter_inv_accessible1.key.proof 
80514      DEBUG main            d.u.i.k.p.i.AbstractProblemLoader Environment load took 165ns 
80515      INFO  main            d.u.i.k.p.i.AbstractProblemLoader Creating init config 
86187      DEBUG main            d.u.i.k.p.i.AbstractProblemLoader Init config took 5.67s 
86304      INFO  main            d.u.i.k.p.i.AbstractProblemLoader Replaying proof AFilter[java.lang.Object::<inv>()].JML accessible clause.0 
86308      DEBUG main            d.u.i.k.p.i.IntermediateProofReplayer Proof replay took 2.36ms 
86309      DEBUG main            d.u.i.k.p.r.p.TestFile    ... success: reloaded. 
86311      INFO  main            d.u.i.k.p.r.p.TestFile    Now processing file /home/runner/work/key/key/key.core/../key.ui/examples/heap/permissions/threads/AFilter_inv_accessible2.key 
86311      INFO  main            d.u.i.k.p.i.AbstractProblemLoader Loading environment from /home/runner/work/key/key/key.core/../key.ui/examples/heap/permissions/threads/AFilter_inv_accessible2.key 
86311      DEBUG main            d.u.i.k.p.i.AbstractProblemLoader Environment load took 125.6ns 
86313      INFO  main            d.u.i.k.p.i.AbstractProblemLoader Creating init config 
91728      DEBUG main            d.u.i.k.p.i.AbstractProblemLoader Init config took 5.42s 
91881      INFO  main            d.u.i.k.p.i.AbstractProblemLoader Replaying proof AFilter[java.lang.Object::<inv>()].JML accessible clause.1 
91883      DEBUG main            d.u.i.k.p.i.IntermediateProofReplayer Proof replay took 8.1ns 
91985      INFO  main            d.u.i.k.p.r.p.TestFile    ... finished proof: closed. 
92215      INFO  main            d.u.i.k.p.i.AbstractProblemLoader Loading environment from /home/runner/work/key/key/key.core/../key.ui/examples/heap/permissions/threads/AFilter_inv_accessible2.key.proof 
92216      DEBUG main            d.u.i.k.p.i.AbstractProblemLoader Environment load took 120.4ns 
92217      INFO  main            d.u.i.k.p.i.AbstractProblemLoader Creating init config 
97558      DEBUG main            d.u.i.k.p.i.AbstractProblemLoader Init config took 5.34s 
97672      INFO  main            d.u.i.k.p.i.AbstractProblemLoader Replaying proof AFilter[java.lang.Object::<inv>()].JML accessible clause.1 
97676      DEBUG main            d.u.i.k.p.i.IntermediateProofReplayer Proof replay took 2.28ms 
97677      DEBUG main            d.u.i.k.p.r.p.TestFile    ... success: reloaded. 
97679      INFO  main            d.u.i.k.p.r.p.TestFile    Now processing file /home/runner/work/key/key/key.core/../key.ui/examples/heap/permissions/threads/AFilter_joinTransfer_accessible.key 
97679      INFO  main            d.u.i.k.p.i.AbstractProblemLoader Loading environment from /home/runner/work/key/key/key.core/../key.ui/examples/heap/permissions/threads/AFilter_joinTransfer_accessible.key 
97679      DEBUG main            d.u.i.k.p.i.AbstractProblemLoader Environment load took 229.1ns 
97680      INFO  main            d.u.i.k.p.i.AbstractProblemLoader Creating init config 
103045     DEBUG main            d.u.i.k.p.i.AbstractProblemLoader Init config took 5.36s 
103152     INFO  main            d.u.i.k.p.i.AbstractProblemLoader Replaying proof AFilter[ThreadSpec2::joinTransfer()].JML accessible clause.0 
103155     DEBUG main            d.u.i.k.p.i.IntermediateProofReplayer Proof replay took 13ns 
107075     INFO  main            d.u.i.k.p.r.p.TestFile    ... finished proof: closed. 
107368     INFO  main            d.u.i.k.p.i.AbstractProblemLoader Loading environment from /home/runner/work/key/key/key.core/../key.ui/examples/heap/permissions/threads/AFilter_joinTransfer_accessible.key.proof 
107368     DEBUG main            d.u.i.k.p.i.AbstractProblemLoader Environment load took 427.1ns 
107370     INFO  main            d.u.i.k.p.i.AbstractProblemLoader Creating init config 
112565     DEBUG main            d.u.i.k.p.i.AbstractProblemLoader Init config took 5.2s 
112666     INFO  main            d.u.i.k.p.i.AbstractProblemLoader Replaying proof AFilter[ThreadSpec2::joinTransfer()].JML accessible clause.0 
112964     DEBUG main            d.u.i.k.p.i.IntermediateProofReplayer Proof replay took 286.84ms 
112966     DEBUG main            d.u.i.k.p.r.p.TestFile    ... success: reloaded. 
112968     INFO  main            d.u.i.k.p.r.p.TestFile    Now processing file /home/runner/work/key/key/key.core/../key.ui/examples/heap/permissions/threads/AFilter_joinTransfer_contract.key 
112968     INFO  main            d.u.i.k.p.i.AbstractProblemLoader Loading environment from /home/runner/work/key/key/key.core/../key.ui/examples/heap/permissions/threads/AFilter_joinTransfer_contract.key 
112968     DEBUG main            d.u.i.k.p.i.AbstractProblemLoader Environment load took 231.5ns 
112970     INFO  main            d.u.i.k.p.i.AbstractProblemLoader Creating init config 
118414     DEBUG main            d.u.i.k.p.i.AbstractProblemLoader Init config took 5.44s 
118521     INFO  main            d.u.i.k.p.i.AbstractProblemLoader Replaying proof AFilter[ThreadSpec2::joinTransfer()].JML model_behavior operation contract.0 
118523     DEBUG main            d.u.i.k.p.i.IntermediateProofReplayer Proof replay took 7ns 
118629     INFO  main            d.u.i.k.p.r.p.TestFile    ... finished proof: closed. 
118921     INFO  main            d.u.i.k.p.i.AbstractProblemLoader Loading environment from /home/runner/work/key/key/key.core/../key.ui/examples/heap/permissions/threads/AFilter_joinTransfer_contract.key.proof 
118921     DEBUG main            d.u.i.k.p.i.AbstractProblemLoader Environment load took 169.5ns 
118922     INFO  main            d.u.i.k.p.i.AbstractProblemLoader Creating init config 
124427     DEBUG main            d.u.i.k.p.i.AbstractProblemLoader Init config took 5.5s 
124537     INFO  main            d.u.i.k.p.i.AbstractProblemLoader Replaying proof AFilter[ThreadSpec2::joinTransfer()].JML model_behavior operation contract.0 
124550     DEBUG main            d.u.i.k.p.i.IntermediateProofReplayer Proof replay took 10.14ms 
124551     DEBUG main            d.u.i.k.p.r.p.TestFile    ... success: reloaded. 
124552     INFO  main            d.u.i.k.p.r.p.TestFile    Now processing file /home/runner/work/key/key/key.core/../key.ui/examples/heap/permissions/threads/AFilter_postJoin_accessible.key 
124552     INFO  main            d.u.i.k.p.i.AbstractProblemLoader Loading environment from /home/runner/work/key/key/key.core/../key.ui/examples/heap/permissions/threads/AFilter_postJoin_accessible.key 
124553     DEBUG main            d.u.i.k.p.i.AbstractProblemLoader Environment load took 145ns 
124554     INFO  main            d.u.i.k.p.i.AbstractProblemLoader Creating init config 
129943     DEBUG main            d.u.i.k.p.i.AbstractProblemLoader Init config took 5.39s 
130060     INFO  main            d.u.i.k.p.i.AbstractProblemLoader Replaying proof AFilter[ThreadSpec2::postJoin(java.lang.Object)].JML accessible clause.0 
130066     DEBUG main            d.u.i.k.p.i.IntermediateProofReplayer Proof replay took 6.9ns 
130169     INFO  main            d.u.i.k.p.r.p.TestFile    ... finished proof: closed. 
130448     INFO  main            d.u.i.k.p.i.AbstractProblemLoader Loading environment from /home/runner/work/key/key/key.core/../key.ui/examples/heap/permissions/threads/AFilter_postJoin_accessible.key.proof 
130448     DEBUG main            d.u.i.k.p.i.AbstractProblemLoader Environment load took 123.2ns 
130449     INFO  main            d.u.i.k.p.i.AbstractProblemLoader Creating init config 
135664     DEBUG main            d.u.i.k.p.i.AbstractProblemLoader Init config took 5.21s 
135768     INFO  main            d.u.i.k.p.i.AbstractProblemLoader Replaying proof AFilter[ThreadSpec2::postJoin(java.lang.Object)].JML accessible clause.0 
135777     DEBUG main            d.u.i.k.p.i.IntermediateProofReplayer Proof replay took 6.61ms 
135778     DEBUG main            d.u.i.k.p.r.p.TestFile    ... success: reloaded. 
135779     INFO  main            d.u.i.k.p.r.p.TestFile    Now processing file /home/runner/work/key/key/key.core/../key.ui/examples/heap/permissions/threads/AFilter_preStart_accessible.key 
135780     INFO  main            d.u.i.k.p.i.AbstractProblemLoader Loading environment from /home/runner/work/key/key/key.core/../key.ui/examples/heap/permissions/threads/AFilter_preStart_accessible.key 
135780     DEBUG main            d.u.i.k.p.i.AbstractProblemLoader Environment load took 133.9ns 
135781     INFO  main            d.u.i.k.p.i.AbstractProblemLoader Creating init config 
140953     DEBUG main            d.u.i.k.p.i.AbstractProblemLoader Init config took 5.17s 
141055     INFO  main            d.u.i.k.p.i.AbstractProblemLoader Replaying proof AFilter[ThreadSpec2::preStart(java.lang.Object)].JML accessible clause.0 
141057     DEBUG main            d.u.i.k.p.i.IntermediateProofReplayer Proof replay took 19.6ns 
141460     INFO  main            d.u.i.k.p.r.p.TestFile    ... finished proof: closed. 
141842     INFO  main            d.u.i.k.p.i.AbstractProblemLoader Loading environment from /home/runner/work/key/key/key.core/../key.ui/examples/heap/permissions/threads/AFilter_preStart_accessible.key.proof 
141842     DEBUG main            d.u.i.k.p.i.AbstractProblemLoader Environment load took 460.8ns 
141844     INFO  main            d.u.i.k.p.i.AbstractProblemLoader Creating init config 
147019     DEBUG main            d.u.i.k.p.i.AbstractProblemLoader Init config took 5.17s 
147128     INFO  main            d.u.i.k.p.i.AbstractProblemLoader Replaying proof AFilter[ThreadSpec2::preStart(java.lang.Object)].JML accessible clause.0 
147164     DEBUG main            d.u.i.k.p.i.IntermediateProofReplayer Proof replay took 32.7ms 
147166     DEBUG main            d.u.i.k.p.r.p.TestFile    ... success: reloaded. 
147167     INFO  main            d.u.i.k.p.r.p.TestFile    Now processing file /home/runner/work/key/key/key.core/../key.ui/examples/heap/permissions/threads/AFilter_startTransfer_accessible.key 
147167     INFO  main            d.u.i.k.p.i.AbstractProblemLoader Loading environment from /home/runner/work/key/key/key.core/../key.ui/examples/heap/permissions/threads/AFilter_startTransfer_accessible.key 
147168     DEBUG main            d.u.i.k.p.i.AbstractProblemLoader Environment load took 201.4ns 
147168     INFO  main            d.u.i.k.p.i.AbstractProblemLoader Creating init config 
152486     DEBUG main            d.u.i.k.p.i.AbstractProblemLoader Init config took 5.32s 
152622     INFO  main            d.u.i.k.p.i.AbstractProblemLoader Replaying proof AFilter[ThreadSpec2::startTransfer()].JML accessible clause.0 
152624     DEBUG main            d.u.i.k.p.i.IntermediateProofReplayer Proof replay took 6.9ns 
159942     INFO  main            d.u.i.k.p.r.p.TestFile    ... finished proof: closed. 
160276     INFO  main            d.u.i.k.p.i.AbstractProblemLoader Loading environment from /home/runner/work/key/key/key.core/../key.ui/examples/heap/permissions/threads/AFilter_startTransfer_accessible.key.proof 
160277     DEBUG main            d.u.i.k.p.i.AbstractProblemLoader Environment load took 385.2ns 
160279     INFO  main            d.u.i.k.p.i.AbstractProblemLoader Creating init config 
165690     DEBUG main            d.u.i.k.p.i.AbstractProblemLoader Init config took 5.41s 
165793     INFO  main            d.u.i.k.p.i.AbstractProblemLoader Replaying proof AFilter[ThreadSpec2::startTransfer()].JML accessible clause.0 
166243     DEBUG main            d.u.i.k.p.i.IntermediateProofReplayer Proof replay took 432.57ms 
166245     DEBUG main            d.u.i.k.p.r.p.TestFile    ... success: reloaded. 
166246     INFO  main            d.u.i.k.p.r.p.TestFile    Now processing file /home/runner/work/key/key/key.core/../key.ui/examples/heap/permissions/threads/AFilter_startTransfer_contract.key 
166247     INFO  main            d.u.i.k.p.i.AbstractProblemLoader Loading environment from /home/runner/work/key/key/key.core/../key.ui/examples/heap/permissions/threads/AFilter_startTransfer_contract.key 
166247     DEBUG main            d.u.i.k.p.i.AbstractProblemLoader Environment load took 197.6ns 
166248     INFO  main            d.u.i.k.p.i.AbstractProblemLoader Creating init config 
171958     DEBUG main            d.u.i.k.p.i.AbstractProblemLoader Init config took 5.71s 
172089     INFO  main            d.u.i.k.p.i.AbstractProblemLoader Replaying proof AFilter[ThreadSpec2::startTransfer()].JML model_behavior operation contract.0 
172095     DEBUG main            d.u.i.k.p.i.IntermediateProofReplayer Proof replay took 6.7ns 
172600     INFO  main            d.u.i.k.p.r.p.TestFile    ... finished proof: closed. 
172977     INFO  main            d.u.i.k.p.i.AbstractProblemLoader Loading environment from /home/runner/work/key/key/key.core/../key.ui/examples/heap/permissions/threads/AFilter_startTransfer_contract.key.proof 
172978     DEBUG main            d.u.i.k.p.i.AbstractProblemLoader Environment load took 1.32ms 
172979     INFO  main            d.u.i.k.p.i.AbstractProblemLoader Creating init config 
178431     DEBUG main            d.u.i.k.p.i.AbstractProblemLoader Init config took 5.45s 
178535     INFO  main            d.u.i.k.p.i.AbstractProblemLoader Replaying proof AFilter[ThreadSpec2::startTransfer()].JML model_behavior operation contract.0 
178593     DEBUG main            d.u.i.k.p.i.IntermediateProofReplayer Proof replay took 53.02ms 
178594     DEBUG main            d.u.i.k.p.r.p.TestFile    ... success: reloaded. 
178596     INFO  main            d.u.i.k.p.r.p.TestFile    Now processing file /home/runner/work/key/key/key.core/../key.ui/examples/heap/permissions/threads/AFilter_stateInv_accessible.key 
178596     INFO  main            d.u.i.k.p.i.AbstractProblemLoader Loading environment from /home/runner/work/key/key/key.core/../key.ui/examples/heap/permissions/threads/AFilter_stateInv_accessible.key 
178596     DEBUG main            d.u.i.k.p.i.AbstractProblemLoader Environment load took 130.7ns 
178597     INFO  main            d.u.i.k.p.i.AbstractProblemLoader Creating init config 
184300     DEBUG main            d.u.i.k.p.i.AbstractProblemLoader Init config took 5.7s 
184421     INFO  main            d.u.i.k.p.i.AbstractProblemLoader Replaying proof AFilter[ThreadSpec2::stateInv()].JML accessible clause.0 
184425     DEBUG main            d.u.i.k.p.i.IntermediateProofReplayer Proof replay took 6.9ns 
184828     INFO  main            d.u.i.k.p.r.p.TestFile    ... finished proof: closed. 
185166     INFO  main            d.u.i.k.p.i.AbstractProblemLoader Loading environment from /home/runner/work/key/key/key.core/../key.ui/examples/heap/permissions/threads/AFilter_stateInv_accessible.key.proof 
185166     DEBUG main            d.u.i.k.p.i.AbstractProblemLoader Environment load took 129.2ns 
185167     INFO  main            d.u.i.k.p.i.AbstractProblemLoader Creating init config 
190680     DEBUG main            d.u.i.k.p.i.AbstractProblemLoader Init config took 5.51s 
190782     INFO  main            d.u.i.k.p.i.AbstractProblemLoader Replaying proof AFilter[ThreadSpec2::stateInv()].JML accessible clause.0 
190819     DEBUG main            d.u.i.k.p.i.IntermediateProofReplayer Proof replay took 34.21ms 
190821     DEBUG main            d.u.i.k.p.r.p.TestFile    ... success: reloaded. 
190822     INFO  main            d.u.i.k.p.r.p.TestFile    Now processing file /home/runner/work/key/key/key.core/../key.ui/examples/heap/permissions/threads/AFilter_staticPermissions_accessible.key 
190822     INFO  main            d.u.i.k.p.i.AbstractProblemLoader Loading environment from /home/runner/work/key/key/key.core/../key.ui/examples/heap/permissions/threads/AFilter_staticPermissions_accessible.key 
190822     DEBUG main            d.u.i.k.p.i.AbstractProblemLoader Environment load took 131.8ns 
190824     INFO  main            d.u.i.k.p.i.AbstractProblemLoader Creating init config 
196229     DEBUG main            d.u.i.k.p.i.AbstractProblemLoader Init config took 5.41s 
196347     INFO  main            d.u.i.k.p.i.AbstractProblemLoader Replaying proof AFilter[ThreadSpec2::staticPermissions()].JML accessible clause.0 
196350     DEBUG main            d.u.i.k.p.i.IntermediateProofReplayer Proof replay took 7ns 
196453     INFO  main            d.u.i.k.p.r.p.TestFile    ... finished proof: closed. 
196788     INFO  main            d.u.i.k.p.i.AbstractProblemLoader Loading environment from /home/runner/work/key/key/key.core/../key.ui/examples/heap/permissions/threads/AFilter_staticPermissions_accessible.key.proof 
196788     DEBUG main            d.u.i.k.p.i.AbstractProblemLoader Environment load took 140.1ns 
196789     INFO  main            d.u.i.k.p.i.AbstractProblemLoader Creating init config 
202235     DEBUG main            d.u.i.k.p.i.AbstractProblemLoader Init config took 5.45s 
202333     INFO  main            d.u.i.k.p.i.AbstractProblemLoader Replaying proof AFilter[ThreadSpec2::staticPermissions()].JML accessible clause.0 
202346     DEBUG main            d.u.i.k.p.i.IntermediateProofReplayer Proof replay took 9.96ms 
202347     DEBUG main            d.u.i.k.p.r.p.TestFile    ... success: reloaded. 
202348     INFO  main            d.u.i.k.p.r.p.TestFile    Now processing file /home/runner/work/key/key/key.core/../key.ui/examples/heap/permissions/threads/AFilter_workingPermissions_accessible.key 
202348     INFO  main            d.u.i.k.p.i.AbstractProblemLoader Loading environment from /home/runner/work/key/key/key.core/../key.ui/examples/heap/permissions/threads/AFilter_workingPermissions_accessible.key 
202348     DEBUG main            d.u.i.k.p.i.AbstractProblemLoader Environment load took 110.9ns 
202349     INFO  main            d.u.i.k.p.i.AbstractProblemLoader Creating init config 
207657     DEBUG main            d.u.i.k.p.i.AbstractProblemLoader Init config took 5.31s 
207757     INFO  main            d.u.i.k.p.i.AbstractProblemLoader Replaying proof AFilter[ThreadSpec2::workingPermissions()].JML accessible clause.0 
207759     DEBUG main            d.u.i.k.p.i.IntermediateProofReplayer Proof replay took 7.6ns 
207861     INFO  main            d.u.i.k.p.r.p.TestFile    ... finished proof: closed. 
208217     INFO  main            d.u.i.k.p.i.AbstractProblemLoader Loading environment from /home/runner/work/key/key/key.core/../key.ui/examples/heap/permissions/threads/AFilter_workingPermissions_accessible.key.proof 
208217     DEBUG main            d.u.i.k.p.i.AbstractProblemLoader Environment load took 128.6ns 
208218     INFO  main            d.u.i.k.p.i.AbstractProblemLoader Creating init config 
213378     DEBUG main            d.u.i.k.p.i.AbstractProblemLoader Init config took 5.16s 
213478     INFO  main            d.u.i.k.p.i.AbstractProblemLoader Replaying proof AFilter[ThreadSpec2::workingPermissions()].JML accessible clause.0 
213489     DEBUG main            d.u.i.k.p.i.IntermediateProofReplayer Proof replay took 9.19ms 
213490     DEBUG main            d.u.i.k.p.r.p.TestFile    ... success: reloaded. 
213492     INFO  main            d.u.i.k.p.r.p.TestFile    Now processing file /home/runner/work/key/key/key.core/../key.ui/examples/heap/permissions/threads/BFilter_BFilter.key 
213492     INFO  main            d.u.i.k.p.i.AbstractProblemLoader Loading environment from /home/runner/work/key/key/key.core/../key.ui/examples/heap/permissions/threads/BFilter_BFilter.key 
213492     DEBUG main            d.u.i.k.p.i.AbstractProblemLoader Environment load took 112.9ns 
213494     INFO  main            d.u.i.k.p.i.AbstractProblemLoader Creating init config 
218879     DEBUG main            d.u.i.k.p.i.AbstractProblemLoader Init config took 5.38s 
218987     INFO  main            d.u.i.k.p.i.AbstractProblemLoader Replaying proof BFilter[BFilter::BFilter(Sampler,Buffer)].JML normal_behavior operation contract.0 
218989     DEBUG main            d.u.i.k.p.i.IntermediateProofReplayer Proof replay took 7.2ns 
220199     INFO  main            d.u.i.k.p.r.p.TestFile    ... finished proof: closed. 
220594     INFO  main            d.u.i.k.p.i.AbstractProblemLoader Loading environment from /home/runner/work/key/key/key.core/../key.ui/examples/heap/permissions/threads/BFilter_BFilter.key.proof 
220595     DEBUG main            d.u.i.k.p.i.AbstractProblemLoader Environment load took 674.7ns 
220596     INFO  main            d.u.i.k.p.i.AbstractProblemLoader Creating init config 
226181     DEBUG main            d.u.i.k.p.i.AbstractProblemLoader Init config took 5.59s 
226300     INFO  main            d.u.i.k.p.i.AbstractProblemLoader Replaying proof BFilter[BFilter::BFilter(Sampler,Buffer)].JML normal_behavior operation contract.0 
226442     DEBUG main            d.u.i.k.p.i.IntermediateProofReplayer Proof replay took 137.07ms 
226444     DEBUG main            d.u.i.k.p.r.p.TestFile    ... success: reloaded. 
226445     INFO  main            d.u.i.k.p.r.p.TestFile    Now processing file /home/runner/work/key/key/key.core/../key.ui/examples/heap/permissions/threads/BFilter_initPost_accessible.key 
226446     INFO  main            d.u.i.k.p.i.AbstractProblemLoader Loading environment from /home/runner/work/key/key/key.core/../key.ui/examples/heap/permissions/threads/BFilter_initPost_accessible.key 
226446     DEBUG main            d.u.i.k.p.i.AbstractProblemLoader Environment load took 116.2ns 
226447     INFO  main            d.u.i.k.p.i.AbstractProblemLoader Creating init config 
232089     DEBUG main            d.u.i.k.p.i.AbstractProblemLoader Init config took 5.64s 
232192     INFO  main            d.u.i.k.p.i.AbstractProblemLoader Replaying proof BFilter[ThreadSpec2::initPost()].JML accessible clause.0 
232195     DEBUG main            d.u.i.k.p.i.IntermediateProofReplayer Proof replay took 6.9ns 
232297     INFO  main            d.u.i.k.p.r.p.TestFile    ... finished proof: closed. 
232664     INFO  main            d.u.i.k.p.i.AbstractProblemLoader Loading environment from /home/runner/work/key/key/key.core/../key.ui/examples/heap/permissions/threads/BFilter_initPost_accessible.key.proof 
232665     DEBUG main            d.u.i.k.p.i.AbstractProblemLoader Environment load took 127.7ns 
232666     INFO  main            d.u.i.k.p.i.AbstractProblemLoader Creating init config 
238157     DEBUG main            d.u.i.k.p.i.AbstractProblemLoader Init config took 5.49s 
238278     INFO  main            d.u.i.k.p.i.AbstractProblemLoader Replaying proof BFilter[ThreadSpec2::initPost()].JML accessible clause.0 
238293     DEBUG main            d.u.i.k.p.i.IntermediateProofReplayer Proof replay took 11.15ms 
238294     DEBUG main            d.u.i.k.p.r.p.TestFile    ... success: reloaded. 
238295     INFO  main            d.u.i.k.p.r.p.TestFile    Now processing file /home/runner/work/key/key/key.core/../key.ui/examples/heap/permissions/threads/BFilter_inv_accessible1.key 
238296     INFO  main            d.u.i.k.p.i.AbstractProblemLoader Loading environment from /home/runner/work/key/key/key.core/../key.ui/examples/heap/permissions/threads/BFilter_inv_accessible1.key 
238296     DEBUG main            d.u.i.k.p.i.AbstractProblemLoader Environment load took 127ns 
238298     INFO  main            d.u.i.k.p.i.AbstractProblemLoader Creating init config 
243917     DEBUG main            d.u.i.k.p.i.AbstractProblemLoader Init config took 5.62s 
244024     INFO  main            d.u.i.k.p.i.AbstractProblemLoader Replaying proof BFilter[java.lang.Object::<inv>()].JML accessible clause.0 
244025     DEBUG main            d.u.i.k.p.i.IntermediateProofReplayer Proof replay took 7.6ns 
244128     INFO  main            d.u.i.k.p.r.p.TestFile    ... finished proof: closed. 
244498     INFO  main            d.u.i.k.p.i.AbstractProblemLoader Loading environment from /home/runner/work/key/key/key.core/../key.ui/examples/heap/permissions/threads/BFilter_inv_accessible1.key.proof 
244498     DEBUG main            d.u.i.k.p.i.AbstractProblemLoader Environment load took 138.2ns 
244500     INFO  main            d.u.i.k.p.i.AbstractProblemLoader Creating init config 
250066     DEBUG main            d.u.i.k.p.i.AbstractProblemLoader Init config took 5.57s 
250178     INFO  main            d.u.i.k.p.i.AbstractProblemLoader Replaying proof BFilter[java.lang.Object::<inv>()].JML accessible clause.0 
250182     DEBUG main            d.u.i.k.p.i.IntermediateProofReplayer Proof replay took 1.91ms 
250183     DEBUG main            d.u.i.k.p.r.p.TestFile    ... success: reloaded. 
250184     INFO  main            d.u.i.k.p.r.p.TestFile    Now processing file /home/runner/work/key/key/key.core/../key.ui/examples/heap/permissions/threads/BFilter_inv_accessible2.key 
250184     INFO  main            d.u.i.k.p.i.AbstractProblemLoader Loading environment from /home/runner/work/key/key/key.core/../key.ui/examples/heap/permissions/threads/BFilter_inv_accessible2.key 
250184     DEBUG main            d.u.i.k.p.i.AbstractProblemLoader Environment load took 101ns 
250186     INFO  main            d.u.i.k.p.i.AbstractProblemLoader Creating init config 
255841     DEBUG main            d.u.i.k.p.i.AbstractProblemLoader Init config took 5.65s 
255943     INFO  main            d.u.i.k.p.i.AbstractProblemLoader Replaying proof BFilter[java.lang.Object::<inv>()].JML accessible clause.1 
255945     DEBUG main            d.u.i.k.p.i.IntermediateProofReplayer Proof replay took 7.7ns 
256052     INFO  main            d.u.i.k.p.r.p.TestFile    ... finished proof: closed. 
256425     INFO  main            d.u.i.k.p.i.AbstractProblemLoader Loading environment from /home/runner/work/key/key/key.core/../key.ui/examples/heap/permissions/threads/BFilter_inv_accessible2.key.proof 
256425     DEBUG main            d.u.i.k.p.i.AbstractProblemLoader Environment load took 152.8ns 
256426     INFO  main            d.u.i.k.p.i.AbstractProblemLoader Creating init config 
261891     DEBUG main            d.u.i.k.p.i.AbstractProblemLoader Init config took 5.46s 
261998     INFO  main            d.u.i.k.p.i.AbstractProblemLoader Replaying proof BFilter[java.lang.Object::<inv>()].JML accessible clause.1 
262003     DEBUG main            d.u.i.k.p.i.IntermediateProofReplayer Proof replay took 2.44ms 
262004     DEBUG main            d.u.i.k.p.r.p.TestFile    ... success: reloaded. 
262005     INFO  main            d.u.i.k.p.r.p.TestFile    Now processing file /home/runner/work/key/key/key.core/../key.ui/examples/heap/permissions/threads/BFilter_joinTransfer_accessible.key 
262006     INFO  main            d.u.i.k.p.i.AbstractProblemLoader Loading environment from /home/runner/work/key/key/key.core/../key.ui/examples/heap/permissions/threads/BFilter_joinTransfer_accessible.key 
262006     DEBUG main            d.u.i.k.p.i.AbstractProblemLoader Environment load took 236.8ns 
262007     INFO  main            d.u.i.k.p.i.AbstractProblemLoader Creating init config 
267451     DEBUG main            d.u.i.k.p.i.AbstractProblemLoader Init config took 5.44s 
267562     INFO  main            d.u.i.k.p.i.AbstractProblemLoader Replaying proof BFilter[ThreadSpec2::joinTransfer()].JML accessible clause.0 
267564     DEBUG main            d.u.i.k.p.i.IntermediateProofReplayer Proof replay took 7.4ns 
271277     INFO  main            d.u.i.k.p.r.p.TestFile    ... finished proof: closed. 
271677     INFO  main            d.u.i.k.p.i.AbstractProblemLoader Loading environment from /home/runner/work/key/key/key.core/../key.ui/examples/heap/permissions/threads/BFilter_joinTransfer_accessible.key.proof 
271677     DEBUG main            d.u.i.k.p.i.AbstractProblemLoader Environment load took 402.6ns 
271679     INFO  main            d.u.i.k.p.i.AbstractProblemLoader Creating init config 
277026     DEBUG main            d.u.i.k.p.i.AbstractProblemLoader Init config took 5.35s 
277145     INFO  main            d.u.i.k.p.i.AbstractProblemLoader Replaying proof BFilter[ThreadSpec2::joinTransfer()].JML accessible clause.0 
277444     DEBUG main            d.u.i.k.p.i.IntermediateProofReplayer Proof replay took 288.58ms 
277445     DEBUG main            d.u.i.k.p.r.p.TestFile    ... success: reloaded. 
277447     INFO  main            d.u.i.k.p.r.p.TestFile    Now processing file /home/runner/work/key/key/key.core/../key.ui/examples/heap/permissions/threads/BFilter_joinTransfer_contract.key 
277447     INFO  main            d.u.i.k.p.i.AbstractProblemLoader Loading environment from /home/runner/work/key/key/key.core/../key.ui/examples/heap/permissions/threads/BFilter_joinTransfer_contract.key 
277447     DEBUG main            d.u.i.k.p.i.AbstractProblemLoader Environment load took 100.8ns 
277448     INFO  main            d.u.i.k.p.i.AbstractProblemLoader Creating init config 
282961     DEBUG main            d.u.i.k.p.i.AbstractProblemLoader Init config took 5.51s 
283066     INFO  main            d.u.i.k.p.i.AbstractProblemLoader Replaying proof BFilter[ThreadSpec2::joinTransfer()].JML model_behavior operation contract.0 
283068     DEBUG main            d.u.i.k.p.i.IntermediateProofReplayer Proof replay took 23.8ns 
283170     INFO  main            d.u.i.k.p.r.p.TestFile    ... finished proof: closed. 
283579     INFO  main            d.u.i.k.p.i.AbstractProblemLoader Loading environment from /home/runner/work/key/key/key.core/../key.ui/examples/heap/permissions/threads/BFilter_joinTransfer_contract.key.proof 
283579     DEBUG main            d.u.i.k.p.i.AbstractProblemLoader Environment load took 121.9ns 
283581     INFO  main            d.u.i.k.p.i.AbstractProblemLoader Creating init config 
289051     DEBUG main            d.u.i.k.p.i.AbstractProblemLoader Init config took 5.47s 
289151     INFO  main            d.u.i.k.p.i.AbstractProblemLoader Replaying proof BFilter[ThreadSpec2::joinTransfer()].JML model_behavior operation contract.0 
289162     DEBUG main            d.u.i.k.p.i.IntermediateProofReplayer Proof replay took 8.23ms 
289163     DEBUG main            d.u.i.k.p.r.p.TestFile    ... success: reloaded. 
289164     INFO  main            d.u.i.k.p.r.p.TestFile    Now processing file /home/runner/work/key/key/key.core/../key.ui/examples/heap/permissions/threads/BFilter_postJoin_accessible.key 
289165     INFO  main            d.u.i.k.p.i.AbstractProblemLoader Loading environment from /home/runner/work/key/key/key.core/../key.ui/examples/heap/permissions/threads/BFilter_postJoin_accessible.key 
289165     DEBUG main            d.u.i.k.p.i.AbstractProblemLoader Environment load took 214.1ns 
289167     INFO  main            d.u.i.k.p.i.AbstractProblemLoader Creating init config 
294552     DEBUG main            d.u.i.k.p.i.AbstractProblemLoader Init config took 5.38s 
294674     INFO  main            d.u.i.k.p.i.AbstractProblemLoader Replaying proof BFilter[ThreadSpec2::postJoin(java.lang.Object)].JML accessible clause.0 
294676     DEBUG main            d.u.i.k.p.i.IntermediateProofReplayer Proof replay took 8.5ns 
294781     INFO  main            d.u.i.k.p.r.p.TestFile    ... finished proof: closed. 
295196     INFO  main            d.u.i.k.p.i.AbstractProblemLoader Loading environment from /home/runner/work/key/key/key.core/../key.ui/examples/heap/permissions/threads/BFilter_postJoin_accessible.key.proof 
295196     DEBUG main            d.u.i.k.p.i.AbstractProblemLoader Environment load took 103.2ns 
295197     INFO  main            d.u.i.k.p.i.AbstractProblemLoader Creating init config 
300706     DEBUG main            d.u.i.k.p.i.AbstractProblemLoader Init config took 5.51s 
300819     INFO  main            d.u.i.k.p.i.AbstractProblemLoader Replaying proof BFilter[ThreadSpec2::postJoin(java.lang.Object)].JML accessible clause.0 
300827     DEBUG main            d.u.i.k.p.i.IntermediateProofReplayer Proof replay took 5.89ms 
300828     DEBUG main            d.u.i.k.p.r.p.TestFile    ... success: reloaded. 
300830     INFO  main            d.u.i.k.p.r.p.TestFile    Now processing file /home/runner/work/key/key/key.core/../key.ui/examples/heap/permissions/threads/BFilter_preStart_accessible.key 
300830     INFO  main            d.u.i.k.p.i.AbstractProblemLoader Loading environment from /home/runner/work/key/key/key.core/../key.ui/examples/heap/permissions/threads/BFilter_preStart_accessible.key 
300830     DEBUG main            d.u.i.k.p.i.AbstractProblemLoader Environment load took 96.3ns 
300831     INFO  main            d.u.i.k.p.i.AbstractProblemLoader Creating init config 
306344     DEBUG main            d.u.i.k.p.i.AbstractProblemLoader Init config took 5.51s 
306446     INFO  main            d.u.i.k.p.i.AbstractProblemLoader Replaying proof BFilter[ThreadSpec2::preStart(java.lang.Object)].JML accessible clause.0 
306448     DEBUG main            d.u.i.k.p.i.IntermediateProofReplayer Proof replay took 7.6ns 
306754     INFO  main            d.u.i.k.p.r.p.TestFile    ... finished proof: closed. 
307218     INFO  main            d.u.i.k.p.i.AbstractProblemLoader Loading environment from /home/runner/work/key/key/key.core/../key.ui/examples/heap/permissions/threads/BFilter_preStart_accessible.key.proof 
307219     DEBUG main            d.u.i.k.p.i.AbstractProblemLoader Environment load took 128.1ns 
307220     INFO  main            d.u.i.k.p.i.AbstractProblemLoader Creating init config 
312602     DEBUG main            d.u.i.k.p.i.AbstractProblemLoader Init config took 5.38s 
312706     INFO  main            d.u.i.k.p.i.AbstractProblemLoader Replaying proof BFilter[ThreadSpec2::preStart(java.lang.Object)].JML accessible clause.0 
312736     DEBUG main            d.u.i.k.p.i.IntermediateProofReplayer Proof replay took 27.15ms 
312737     DEBUG main            d.u.i.k.p.r.p.TestFile    ... success: reloaded. 
312739     INFO  main            d.u.i.k.p.r.p.TestFile    Now processing file /home/runner/work/key/key/key.core/../key.ui/examples/heap/permissions/threads/BFilter_startTransfer_accessible.key 
312739     INFO  main            d.u.i.k.p.i.AbstractProblemLoader Loading environment from /home/runner/work/key/key/key.core/../key.ui/examples/heap/permissions/threads/BFilter_startTransfer_accessible.key 
312739     DEBUG main            d.u.i.k.p.i.AbstractProblemLoader Environment load took 141.1ns 
312740     INFO  main            d.u.i.k.p.i.AbstractProblemLoader Creating init config 
318332     DEBUG main            d.u.i.k.p.i.AbstractProblemLoader Init config took 5.59s 
318433     INFO  main            d.u.i.k.p.i.AbstractProblemLoader Replaying proof BFilter[ThreadSpec2::startTransfer()].JML accessible clause.0 
318436     DEBUG main            d.u.i.k.p.i.IntermediateProofReplayer Proof replay took 7.4ns 
325483     INFO  main            d.u.i.k.p.r.p.TestFile    ... finished proof: closed. 
325919     INFO  main            d.u.i.k.p.i.AbstractProblemLoader Loading environment from /home/runner/work/key/key/key.core/../key.ui/examples/heap/permissions/threads/BFilter_startTransfer_accessible.key.proof 
325919     DEBUG main            d.u.i.k.p.i.AbstractProblemLoader Environment load took 112.3ns 
325920     INFO  main            d.u.i.k.p.i.AbstractProblemLoader Creating init config 
331429     DEBUG main            d.u.i.k.p.i.AbstractProblemLoader Init config took 5.51s 
331533     INFO  main            d.u.i.k.p.i.AbstractProblemLoader Replaying proof BFilter[ThreadSpec2::startTransfer()].JML accessible clause.0 
331944     DEBUG main            d.u.i.k.p.i.IntermediateProofReplayer Proof replay took 399.37ms 
331946     DEBUG main            d.u.i.k.p.r.p.TestFile    ... success: reloaded. 
331948     INFO  main            d.u.i.k.p.r.p.TestFile    Now processing file /home/runner/work/key/key/key.core/../key.ui/examples/heap/permissions/threads/BFilter_startTransfer_contract.key 
331948     INFO  main            d.u.i.k.p.i.AbstractProblemLoader Loading environment from /home/runner/work/key/key/key.core/../key.ui/examples/heap/permissions/threads/BFilter_startTransfer_contract.key 
331949     DEBUG main            d.u.i.k.p.i.AbstractProblemLoader Environment load took 230.6ns 
331950     INFO  main            d.u.i.k.p.i.AbstractProblemLoader Creating init config 
337518     DEBUG main            d.u.i.k.p.i.AbstractProblemLoader Init config took 5.57s 
337620     INFO  main            d.u.i.k.p.i.AbstractProblemLoader Replaying proof BFilter[ThreadSpec2::startTransfer()].JML model_behavior operation contract.0 
337622     DEBUG main            d.u.i.k.p.i.IntermediateProofReplayer Proof replay took 8.8ns 
339029     INFO  main            d.u.i.k.p.r.p.TestFile    ... finished proof: closed. 
339472     INFO  main            d.u.i.k.p.i.AbstractProblemLoader Loading environment from /home/runner/work/key/key/key.core/../key.ui/examples/heap/permissions/threads/BFilter_startTransfer_contract.key.proof 
339472     DEBUG main            d.u.i.k.p.i.AbstractProblemLoader Environment load took 191.2ns 
339473     INFO  main            d.u.i.k.p.i.AbstractProblemLoader Creating init config 
344924     DEBUG main            d.u.i.k.p.i.AbstractProblemLoader Init config took 5.45s 
345025     INFO  main            d.u.i.k.p.i.AbstractProblemLoader Replaying proof BFilter[ThreadSpec2::startTransfer()].JML model_behavior operation contract.0 
345154     DEBUG main            d.u.i.k.p.i.IntermediateProofReplayer Proof replay took 121.34ms 
345155     DEBUG main            d.u.i.k.p.r.p.TestFile    ... success: reloaded. 
345156     INFO  main            d.u.i.k.p.r.p.TestFile    Now processing file /home/runner/work/key/key/key.core/../key.ui/examples/heap/permissions/threads/BFilter_stateInv_accessible.key 
345157     INFO  main            d.u.i.k.p.i.AbstractProblemLoader Loading environment from /home/runner/work/key/key/key.core/../key.ui/examples/heap/permissions/threads/BFilter_stateInv_accessible.key 
345157     DEBUG main            d.u.i.k.p.i.AbstractProblemLoader Environment load took 214.5ns 
345158     INFO  main            d.u.i.k.p.i.AbstractProblemLoader Creating init config 
350634     DEBUG main            d.u.i.k.p.i.AbstractProblemLoader Init config took 5.48s 
350752     INFO  main            d.u.i.k.p.i.AbstractProblemLoader Replaying proof BFilter[ThreadSpec2::stateInv()].JML accessible clause.0 
350754     DEBUG main            d.u.i.k.p.i.IntermediateProofReplayer Proof replay took 7ns 
351157     INFO  main            d.u.i.k.p.r.p.TestFile    ... finished proof: closed. 
351594     INFO  main            d.u.i.k.p.i.AbstractProblemLoader Loading environment from /home/runner/work/key/key/key.core/../key.ui/examples/heap/permissions/threads/BFilter_stateInv_accessible.key.proof 
351594     DEBUG main            d.u.i.k.p.i.AbstractProblemLoader Environment load took 100.7ns 
351596     INFO  main            d.u.i.k.p.i.AbstractProblemLoader Creating init config 
357039     DEBUG main            d.u.i.k.p.i.AbstractProblemLoader Init config took 5.44s 
357152     INFO  main            d.u.i.k.p.i.AbstractProblemLoader Replaying proof BFilter[ThreadSpec2::stateInv()].JML accessible clause.0 
357195     DEBUG main            d.u.i.k.p.i.IntermediateProofReplayer Proof replay took 39.69ms 
357196     DEBUG main            d.u.i.k.p.r.p.TestFile    ... success: reloaded. 
357197     INFO  main            d.u.i.k.p.r.p.TestFile    Now processing file /home/runner/work/key/key/key.core/../key.ui/examples/heap/permissions/threads/BFilter_staticPermissions_accessible.key 
357197     INFO  main            d.u.i.k.p.i.AbstractProblemLoader Loading environment from /home/runner/work/key/key/key.core/../key.ui/examples/heap/permissions/threads/BFilter_staticPermissions_accessible.key 
357197     DEBUG main            d.u.i.k.p.i.AbstractProblemLoader Environment load took 96.4ns 
357198     INFO  main            d.u.i.k.p.i.AbstractProblemLoader Creating init config 
362788     DEBUG main            d.u.i.k.p.i.AbstractProblemLoader Init config took 5.59s 
362894     INFO  main            d.u.i.k.p.i.AbstractProblemLoader Replaying proof BFilter[ThreadSpec2::staticPermissions()].JML accessible clause.0 
362896     DEBUG main            d.u.i.k.p.i.IntermediateProofReplayer Proof replay took 7.8ns 
363001     INFO  main            d.u.i.k.p.r.p.TestFile    ... finished proof: closed. 
363452     INFO  main            d.u.i.k.p.i.AbstractProblemLoader Loading environment from /home/runner/work/key/key/key.core/../key.ui/examples/heap/permissions/threads/BFilter_staticPermissions_accessible.key.proof 
363452     DEBUG main            d.u.i.k.p.i.AbstractProblemLoader Environment load took 110ns 
363453     INFO  main            d.u.i.k.p.i.AbstractProblemLoader Creating init config 
368832     DEBUG main            d.u.i.k.p.i.AbstractProblemLoader Init config took 5.38s 
368928     INFO  main            d.u.i.k.p.i.AbstractProblemLoader Replaying proof BFilter[ThreadSpec2::staticPermissions()].JML accessible clause.0 
368939     DEBUG main            d.u.i.k.p.i.IntermediateProofReplayer Proof replay took 9.09ms 
368940     DEBUG main            d.u.i.k.p.r.p.TestFile    ... success: reloaded. 
368942     INFO  main            d.u.i.k.p.r.p.TestFile    Now processing file /home/runner/work/key/key/key.core/../key.ui/examples/heap/permissions/threads/BFilter_workingPermissions_accessible.key 
368942     INFO  main            d.u.i.k.p.i.AbstractProblemLoader Loading environment from /home/runner/work/key/key/key.core/../key.ui/examples/heap/permissions/threads/BFilter_workingPermissions_accessible.key 
368942     DEBUG main            d.u.i.k.p.i.AbstractProblemLoader Environment load took 110.4ns 
368943     INFO  main            d.u.i.k.p.i.AbstractProblemLoader Creating init config 
374221     DEBUG main            d.u.i.k.p.i.AbstractProblemLoader Init config took 5.28s 
374324     INFO  main            d.u.i.k.p.i.AbstractProblemLoader Replaying proof BFilter[ThreadSpec2::workingPermissions()].JML accessible clause.0 
374326     DEBUG main            d.u.i.k.p.i.IntermediateProofReplayer Proof replay took 24.2ns 
374428     INFO  main            d.u.i.k.p.r.p.TestFile    ... finished proof: closed. 
374866     INFO  main            d.u.i.k.p.i.AbstractProblemLoader Loading environment from /home/runner/work/key/key/key.core/../key.ui/examples/heap/permissions/threads/BFilter_workingPermissions_accessible.key.proof 
374866     DEBUG main            d.u.i.k.p.i.AbstractProblemLoader Environment load took 99.1ns 
374867     INFO  main            d.u.i.k.p.i.AbstractProblemLoader Creating init config 
380038     DEBUG main            d.u.i.k.p.i.AbstractProblemLoader Init config took 5.17s 
380144     INFO  main            d.u.i.k.p.i.AbstractProblemLoader Replaying proof BFilter[ThreadSpec2::workingPermissions()].JML accessible clause.0 
380154     DEBUG main            d.u.i.k.p.i.IntermediateProofReplayer Proof replay took 8.32ms 
380155     DEBUG main            d.u.i.k.p.r.p.TestFile    ... success: reloaded. 
380157     INFO  main            d.u.i.k.p.r.p.TestFile    Now processing file /home/runner/work/key/key/key.core/../key.ui/examples/heap/permissions/threads/Fib_Fib.key 
380157     INFO  main            d.u.i.k.p.i.AbstractProblemLoader Loading environment from /home/runner/work/key/key/key.core/../key.ui/examples/heap/permissions/threads/Fib_Fib.key 
380157     DEBUG main            d.u.i.k.p.i.AbstractProblemLoader Environment load took 119.7ns 
380158     INFO  main            d.u.i.k.p.i.AbstractProblemLoader Creating init config 
385680     DEBUG main            d.u.i.k.p.i.AbstractProblemLoader Init config took 5.52s 
385782     INFO  main            d.u.i.k.p.i.AbstractProblemLoader Replaying proof Fib[Fib::Fib(int)].JML normal_behavior operation contract.0 
385784     DEBUG main            d.u.i.k.p.i.IntermediateProofReplayer Proof replay took 8ns 
386487     INFO  main            d.u.i.k.p.r.p.TestFile    ... finished proof: closed. 
386955     INFO  main            d.u.i.k.p.i.AbstractProblemLoader Loading environment from /home/runner/work/key/key/key.core/../key.ui/examples/heap/permissions/threads/Fib_Fib.key.proof 
386955     DEBUG main            d.u.i.k.p.i.AbstractProblemLoader Environment load took 100.1ns 
386957     INFO  main            d.u.i.k.p.i.AbstractProblemLoader Creating init config 
392327     DEBUG main            d.u.i.k.p.i.AbstractProblemLoader Init config took 5.37s 
392445     INFO  main            d.u.i.k.p.i.AbstractProblemLoader Replaying proof Fib[Fib::Fib(int)].JML normal_behavior operation contract.0 
392543     DEBUG main            d.u.i.k.p.i.IntermediateProofReplayer Proof replay took 94ms 
392544     DEBUG main            d.u.i.k.p.r.p.TestFile    ... success: reloaded. 
392545     INFO  main            d.u.i.k.p.r.p.TestFile    Now processing file /home/runner/work/key/key/key.core/../key.ui/examples/heap/permissions/threads/Fib_initPost_accessible.key 
392545     INFO  main            d.u.i.k.p.i.AbstractProblemLoader Loading environment from /home/runner/work/key/key/key.core/../key.ui/examples/heap/permissions/threads/Fib_initPost_accessible.key 
392545     DEBUG main            d.u.i.k.p.i.AbstractProblemLoader Environment load took 94.6ns 
392546     INFO  main            d.u.i.k.p.i.AbstractProblemLoader Creating init config 
397943     DEBUG main            d.u.i.k.p.i.AbstractProblemLoader Init config took 5.4s 
398040     INFO  main            d.u.i.k.p.i.AbstractProblemLoader Replaying proof Fib[ThreadSpec::initPost()].JML accessible clause.0 
398042     DEBUG main            d.u.i.k.p.i.IntermediateProofReplayer Proof replay took 6.2ns 
398144     INFO  main            d.u.i.k.p.r.p.TestFile    ... finished proof: closed. 
398601     INFO  main            d.u.i.k.p.i.AbstractProblemLoader Loading environment from /home/runner/work/key/key/key.core/../key.ui/examples/heap/permissions/threads/Fib_initPost_accessible.key.proof 
398601     DEBUG main            d.u.i.k.p.i.AbstractProblemLoader Environment load took 97ns 
398602     INFO  main            d.u.i.k.p.i.AbstractProblemLoader Creating init config 
403853     DEBUG main            d.u.i.k.p.i.AbstractProblemLoader Init config took 5.25s 
403949     INFO  main            d.u.i.k.p.i.AbstractProblemLoader Replaying proof Fib[ThreadSpec::initPost()].JML accessible clause.0 
403955     DEBUG main            d.u.i.k.p.i.IntermediateProofReplayer Proof replay took 5.12ms 
403956     DEBUG main            d.u.i.k.p.r.p.TestFile    ... success: reloaded. 
403957     INFO  main            d.u.i.k.p.r.p.TestFile    Now processing file /home/runner/work/key/key/key.core/../key.ui/examples/heap/permissions/threads/Fib_inv1_accessible.key 
403958     INFO  main            d.u.i.k.p.i.AbstractProblemLoader Loading environment from /home/runner/work/key/key/key.core/../key.ui/examples/heap/permissions/threads/Fib_inv1_accessible.key 
403958     DEBUG main            d.u.i.k.p.i.AbstractProblemLoader Environment load took 158.9ns 
403959     INFO  main            d.u.i.k.p.i.AbstractProblemLoader Creating init config 
409457     DEBUG main            d.u.i.k.p.i.AbstractProblemLoader Init config took 5.5s 
409555     INFO  main            d.u.i.k.p.i.AbstractProblemLoader Replaying proof Fib[java.lang.Object::<inv>()].JML accessible clause.0 
409557     DEBUG main            d.u.i.k.p.i.IntermediateProofReplayer Proof replay took 6.7ns 
409659     INFO  main            d.u.i.k.p.r.p.TestFile    ... finished proof: closed. 
410119     INFO  main            d.u.i.k.p.i.AbstractProblemLoader Loading environment from /home/runner/work/key/key/key.core/../key.ui/examples/heap/permissions/threads/Fib_inv1_accessible.key.proof 
410119     DEBUG main            d.u.i.k.p.i.AbstractProblemLoader Environment load took 89.4ns 
410120     INFO  main            d.u.i.k.p.i.AbstractProblemLoader Creating init config 
415494     DEBUG main            d.u.i.k.p.i.AbstractProblemLoader Init config took 5.37s 
415611     INFO  main            d.u.i.k.p.i.AbstractProblemLoader Replaying proof Fib[java.lang.Object::<inv>()].JML accessible clause.0 
415614     DEBUG main            d.u.i.k.p.i.IntermediateProofReplayer Proof replay took 1.82ms 
415615     DEBUG main            d.u.i.k.p.r.p.TestFile    ... success: reloaded. 
415616     INFO  main            d.u.i.k.p.r.p.TestFile    Now processing file /home/runner/work/key/key/key.core/../key.ui/examples/heap/permissions/threads/Fib_inv2_accessible.key 
415617     INFO  main            d.u.i.k.p.i.AbstractProblemLoader Loading environment from /home/runner/work/key/key/key.core/../key.ui/examples/heap/permissions/threads/Fib_inv2_accessible.key 
415617     DEBUG main            d.u.i.k.p.i.AbstractProblemLoader Environment load took 117.7ns 
415618     INFO  main            d.u.i.k.p.i.AbstractProblemLoader Creating init config 
421082     DEBUG main            d.u.i.k.p.i.AbstractProblemLoader Init config took 5.46s 
421190     INFO  main            d.u.i.k.p.i.AbstractProblemLoader Replaying proof Fib[java.lang.Object::<inv>()].JML accessible clause.1 
421192     DEBUG main            d.u.i.k.p.i.IntermediateProofReplayer Proof replay took 8.2ns 
421293     INFO  main            d.u.i.k.p.r.p.TestFile    ... finished proof: closed. 
421792     INFO  main            d.u.i.k.p.i.AbstractProblemLoader Loading environment from /home/runner/work/key/key/key.core/../key.ui/examples/heap/permissions/threads/Fib_inv2_accessible.key.proof 
421793     DEBUG main            d.u.i.k.p.i.AbstractProblemLoader Environment load took 150.3ns 
421794     INFO  main            d.u.i.k.p.i.AbstractProblemLoader Creating init config 
427158     DEBUG main            d.u.i.k.p.i.AbstractProblemLoader Init config took 5.36s 
427254     INFO  main            d.u.i.k.p.i.AbstractProblemLoader Replaying proof Fib[java.lang.Object::<inv>()].JML accessible clause.1 
427257     DEBUG main            d.u.i.k.p.i.IntermediateProofReplayer Proof replay took 1.66ms 
427258     DEBUG main            d.u.i.k.p.r.p.TestFile    ... success: reloaded. 
427259     INFO  main            d.u.i.k.p.r.p.TestFile    Now processing file /home/runner/work/key/key/key.core/../key.ui/examples/heap/permissions/threads/Fib_joinTransfer_accessible.key 
427259     INFO  main            d.u.i.k.p.i.AbstractProblemLoader Loading environment from /home/runner/work/key/key/key.core/../key.ui/examples/heap/permissions/threads/Fib_joinTransfer_accessible.key 
427259     DEBUG main            d.u.i.k.p.i.AbstractProblemLoader Environment load took 101.4ns 
427260     INFO  main            d.u.i.k.p.i.AbstractProblemLoader Creating init config 
432727     DEBUG main            d.u.i.k.p.i.AbstractProblemLoader Init config took 5.47s 
432828     INFO  main            d.u.i.k.p.i.AbstractProblemLoader Replaying proof Fib[ThreadSpec::joinTransfer()].JML accessible clause.0 
432829     DEBUG main            d.u.i.k.p.i.IntermediateProofReplayer Proof replay took 7.4ns 
433034     INFO  main            d.u.i.k.p.r.p.TestFile    ... finished proof: closed. 
433542     INFO  main            d.u.i.k.p.i.AbstractProblemLoader Loading environment from /home/runner/work/key/key/key.core/../key.ui/examples/heap/permissions/threads/Fib_joinTransfer_accessible.key.proof 
433542     DEBUG main            d.u.i.k.p.i.AbstractProblemLoader Environment load took 98.7ns 
433544     INFO  main            d.u.i.k.p.i.AbstractProblemLoader Creating init config 
438943     DEBUG main            d.u.i.k.p.i.AbstractProblemLoader Init config took 5.4s 
439038     INFO  main            d.u.i.k.p.i.AbstractProblemLoader Replaying proof Fib[ThreadSpec::joinTransfer()].JML accessible clause.0 
439062     DEBUG main            d.u.i.k.p.i.IntermediateProofReplayer Proof replay took 21.74ms 
439063     DEBUG main            d.u.i.k.p.r.p.TestFile    ... success: reloaded. 
439064     INFO  main            d.u.i.k.p.r.p.TestFile    Now processing file /home/runner/work/key/key/key.core/../key.ui/examples/heap/permissions/threads/Fib_joinTransfer_contract.key 
439064     INFO  main            d.u.i.k.p.i.AbstractProblemLoader Loading environment from /home/runner/work/key/key/key.core/../key.ui/examples/heap/permissions/threads/Fib_joinTransfer_contract.key 
439064     DEBUG main            d.u.i.k.p.i.AbstractProblemLoader Environment load took 54.3ns 
439065     INFO  main            d.u.i.k.p.i.AbstractProblemLoader Creating init config 
444502     DEBUG main            d.u.i.k.p.i.AbstractProblemLoader Init config took 5.44s 
444620     INFO  main            d.u.i.k.p.i.AbstractProblemLoader Replaying proof Fib[ThreadSpec::joinTransfer()].JML model_behavior operation contract.0 
444622     DEBUG main            d.u.i.k.p.i.IntermediateProofReplayer Proof replay took 24.8ns 
444724     INFO  main            d.u.i.k.p.r.p.TestFile    ... finished proof: closed. 
445198     INFO  main            d.u.i.k.p.i.AbstractProblemLoader Loading environment from /home/runner/work/key/key/key.core/../key.ui/examples/heap/permissions/threads/Fib_joinTransfer_contract.key.proof 
445199     DEBUG main            d.u.i.k.p.i.AbstractProblemLoader Environment load took 86ns 
445200     INFO  main            d.u.i.k.p.i.AbstractProblemLoader Creating init config 
450585     DEBUG main            d.u.i.k.p.i.AbstractProblemLoader Init config took 5.39s 
450687     INFO  main            d.u.i.k.p.i.AbstractProblemLoader Replaying proof Fib[ThreadSpec::joinTransfer()].JML model_behavior operation contract.0 
450697     DEBUG main            d.u.i.k.p.i.IntermediateProofReplayer Proof replay took 8.2ms 
450698     DEBUG main            d.u.i.k.p.r.p.TestFile    ... success: reloaded. 
450699     INFO  main            d.u.i.k.p.r.p.TestFile    Now processing file /home/runner/work/key/key/key.core/../key.ui/examples/heap/permissions/threads/Fib_postJoin_accessible.key 
450699     INFO  main            d.u.i.k.p.i.AbstractProblemLoader Loading environment from /home/runner/work/key/key/key.core/../key.ui/examples/heap/permissions/threads/Fib_postJoin_accessible.key 
450700     DEBUG main            d.u.i.k.p.i.AbstractProblemLoader Environment load took 116ns 
450700     INFO  main            d.u.i.k.p.i.AbstractProblemLoader Creating init config 
456062     DEBUG main            d.u.i.k.p.i.AbstractProblemLoader Init config took 5.36s 
456156     INFO  main            d.u.i.k.p.i.AbstractProblemLoader Replaying proof Fib[ThreadSpec::postJoin(java.lang.Object)].JML accessible clause.0 
456157     DEBUG main            d.u.i.k.p.i.IntermediateProofReplayer Proof replay took 6.5ns 
456259     INFO  main            d.u.i.k.p.r.p.TestFile    ... finished proof: closed. 
456759     INFO  main            d.u.i.k.p.i.AbstractProblemLoader Loading environment from /home/runner/work/key/key/key.core/../key.ui/examples/heap/permissions/threads/Fib_postJoin_accessible.key.proof 
456759     DEBUG main            d.u.i.k.p.i.AbstractProblemLoader Environment load took 107.7ns 
456760     INFO  main            d.u.i.k.p.i.AbstractProblemLoader Creating init config 
462053     DEBUG main            d.u.i.k.p.i.AbstractProblemLoader Init config took 5.29s 
462154     INFO  main            d.u.i.k.p.i.AbstractProblemLoader Replaying proof Fib[ThreadSpec::postJoin(java.lang.Object)].JML accessible clause.0 
462161     DEBUG main            d.u.i.k.p.i.IntermediateProofReplayer Proof replay took 4.59ms 
462162     DEBUG main            d.u.i.k.p.r.p.TestFile    ... success: reloaded. 
462163     INFO  main            d.u.i.k.p.r.p.TestFile    Now processing file /home/runner/work/key/key/key.core/../key.ui/examples/heap/permissions/threads/Fib_preStart_accessible.key 
462163     INFO  main            d.u.i.k.p.i.AbstractProblemLoader Loading environment from /home/runner/work/key/key/key.core/../key.ui/examples/heap/permissions/threads/Fib_preStart_accessible.key 
462163     DEBUG main            d.u.i.k.p.i.AbstractProblemLoader Environment load took 120.7ns 
462164     INFO  main            d.u.i.k.p.i.AbstractProblemLoader Creating init config 
467521     DEBUG main            d.u.i.k.p.i.AbstractProblemLoader Init config took 5.36s 
467620     INFO  main            d.u.i.k.p.i.AbstractProblemLoader Replaying proof Fib[ThreadSpec::preStart(java.lang.Object)].JML accessible clause.0 
467623     DEBUG main            d.u.i.k.p.i.IntermediateProofReplayer Proof replay took 8.2ns 
467725     INFO  main            d.u.i.k.p.r.p.TestFile    ... finished proof: closed. 
468226     INFO  main            d.u.i.k.p.i.AbstractProblemLoader Loading environment from /home/runner/work/key/key/key.core/../key.ui/examples/heap/permissions/threads/Fib_preStart_accessible.key.proof 
468226     DEBUG main            d.u.i.k.p.i.AbstractProblemLoader Environment load took 123.9ns 
468227     INFO  main            d.u.i.k.p.i.AbstractProblemLoader Creating init config 
473564     DEBUG main            d.u.i.k.p.i.AbstractProblemLoader Init config took 5.34s 
473669     INFO  main            d.u.i.k.p.i.AbstractProblemLoader Replaying proof Fib[ThreadSpec::preStart(java.lang.Object)].JML accessible clause.0 
473678     DEBUG main            d.u.i.k.p.i.IntermediateProofReplayer Proof replay took 5.49ms 
473679     DEBUG main            d.u.i.k.p.r.p.TestFile    ... success: reloaded. 
473680     INFO  main            d.u.i.k.p.r.p.TestFile    Now processing file /home/runner/work/key/key/key.core/../key.ui/examples/heap/permissions/threads/Fib_startTransfer_accessible.key 
473680     INFO  main            d.u.i.k.p.i.AbstractProblemLoader Loading environment from /home/runner/work/key/key/key.core/../key.ui/examples/heap/permissions/threads/Fib_startTransfer_accessible.key 
473680     DEBUG main            d.u.i.k.p.i.AbstractProblemLoader Environment load took 93.6ns 
473681     INFO  main            d.u.i.k.p.i.AbstractProblemLoader Creating init config 
479113     DEBUG main            d.u.i.k.p.i.AbstractProblemLoader Init config took 5.43s 
479208     INFO  main            d.u.i.k.p.i.AbstractProblemLoader Replaying proof Fib[ThreadSpec::startTransfer()].JML accessible clause.0 
479211     DEBUG main            d.u.i.k.p.i.IntermediateProofReplayer Proof replay took 23.7ns 
479413     INFO  main            d.u.i.k.p.r.p.TestFile    ... finished proof: closed. 
479965     INFO  main            d.u.i.k.p.i.AbstractProblemLoader Loading environment from /home/runner/work/key/key/key.core/../key.ui/examples/heap/permissions/threads/Fib_startTransfer_accessible.key.proof 
479965     DEBUG main            d.u.i.k.p.i.AbstractProblemLoader Environment load took 95.7ns 
479966     INFO  main            d.u.i.k.p.i.AbstractProblemLoader Creating init config 
485394     DEBUG main            d.u.i.k.p.i.AbstractProblemLoader Init config took 5.43s 
485489     INFO  main            d.u.i.k.p.i.AbstractProblemLoader Replaying proof Fib[ThreadSpec::startTransfer()].JML accessible clause.0 
485519     DEBUG main            d.u.i.k.p.i.IntermediateProofReplayer Proof replay took 26.52ms 
485520     DEBUG main            d.u.i.k.p.r.p.TestFile    ... success: reloaded. 
485521     INFO  main            d.u.i.k.p.r.p.TestFile    Now processing file /home/runner/work/key/key/key.core/../key.ui/examples/heap/permissions/threads/Fib_startTransfer_contract.key 
485521     INFO  main            d.u.i.k.p.i.AbstractProblemLoader Loading environment from /home/runner/work/key/key/key.core/../key.ui/examples/heap/permissions/threads/Fib_startTransfer_contract.key 
485521     DEBUG main            d.u.i.k.p.i.AbstractProblemLoader Environment load took 137.5ns 
485522     INFO  main            d.u.i.k.p.i.AbstractProblemLoader Creating init config 
491033     DEBUG main            d.u.i.k.p.i.AbstractProblemLoader Init config took 5.51s 
491160     INFO  main            d.u.i.k.p.i.AbstractProblemLoader Replaying proof Fib[ThreadSpec::startTransfer()].JML model_behavior operation contract.0 
491162     DEBUG main            d.u.i.k.p.i.IntermediateProofReplayer Proof replay took 8.3ns 
491265     INFO  main            d.u.i.k.p.r.p.TestFile    ... finished proof: closed. 
491769     INFO  main            d.u.i.k.p.i.AbstractProblemLoader Loading environment from /home/runner/work/key/key/key.core/../key.ui/examples/heap/permissions/threads/Fib_startTransfer_contract.key.proof 
491769     DEBUG main            d.u.i.k.p.i.AbstractProblemLoader Environment load took 91.3ns 
491770     INFO  main            d.u.i.k.p.i.AbstractProblemLoader Creating init config 
497228     DEBUG main            d.u.i.k.p.i.AbstractProblemLoader Init config took 5.46s 
497327     INFO  main            d.u.i.k.p.i.AbstractProblemLoader Replaying proof Fib[ThreadSpec::startTransfer()].JML model_behavior operation contract.0 
497337     DEBUG main            d.u.i.k.p.i.IntermediateProofReplayer Proof replay took 7.69ms 
497338     DEBUG main            d.u.i.k.p.r.p.TestFile    ... success: reloaded. 
497338     INFO  main            d.u.i.k.p.r.p.TestFile    Now processing file /home/runner/work/key/key/key.core/../key.ui/examples/heap/permissions/threads/Fib_workingPermissions_accessible.key 
497339     INFO  main            d.u.i.k.p.i.AbstractProblemLoader Loading environment from /home/runner/work/key/key/key.core/../key.ui/examples/heap/permissions/threads/Fib_workingPermissions_accessible.key 
497339     DEBUG main            d.u.i.k.p.i.AbstractProblemLoader Environment load took 74.1ns 
497340     INFO  main            d.u.i.k.p.i.AbstractProblemLoader Creating init config 
502749     DEBUG main            d.u.i.k.p.i.AbstractProblemLoader Init config took 5.41s 
502861     INFO  main            d.u.i.k.p.i.AbstractProblemLoader Replaying proof Fib[ThreadSpec::workingPermissions()].JML accessible clause.0 
502862     DEBUG main            d.u.i.k.p.i.IntermediateProofReplayer Proof replay took 7.7ns 
502964     INFO  main            d.u.i.k.p.r.p.TestFile    ... finished proof: closed. 
503492     INFO  main            d.u.i.k.p.i.AbstractProblemLoader Loading environment from /home/runner/work/key/key/key.core/../key.ui/examples/heap/permissions/threads/Fib_workingPermissions_accessible.key.proof 
503493     DEBUG main            d.u.i.k.p.i.AbstractProblemLoader Environment load took 179.7ns 
503494     INFO  main            d.u.i.k.p.i.AbstractProblemLoader Creating init config 
509121     DEBUG main            d.u.i.k.p.i.AbstractProblemLoader Init config took 5.63s 
509246     INFO  main            d.u.i.k.p.i.AbstractProblemLoader Replaying proof Fib[ThreadSpec::workingPermissions()].JML accessible clause.0 
509250     DEBUG main            d.u.i.k.p.i.IntermediateProofReplayer Proof replay took 2.36ms 
509251     DEBUG main            d.u.i.k.p.r.p.TestFile    ... success: reloaded. 
509252     INFO  main            d.u.i.k.p.r.p.TestFile    Now processing file /home/runner/work/key/key/key.core/../key.ui/examples/heap/permissions/threads/Plotter_initPost_accessible.key 
509253     INFO  main            d.u.i.k.p.i.AbstractProblemLoader Loading environment from /home/runner/work/key/key/key.core/../key.ui/examples/heap/permissions/threads/Plotter_initPost_accessible.key 
509253     DEBUG main            d.u.i.k.p.i.AbstractProblemLoader Environment load took 126.7ns 
509254     INFO  main            d.u.i.k.p.i.AbstractProblemLoader Creating init config 
514883     DEBUG main            d.u.i.k.p.i.AbstractProblemLoader Init config took 5.63s 
514981     INFO  main            d.u.i.k.p.i.AbstractProblemLoader Replaying proof Plotter[ThreadSpec2::initPost()].JML accessible clause.0 
514983     DEBUG main            d.u.i.k.p.i.IntermediateProofReplayer Proof replay took 6.8ns 
515185     INFO  main            d.u.i.k.p.r.p.TestFile    ... finished proof: closed. 
515753     INFO  main            d.u.i.k.p.i.AbstractProblemLoader Loading environment from /home/runner/work/key/key/key.core/../key.ui/examples/heap/permissions/threads/Plotter_initPost_accessible.key.proof 
515753     DEBUG main            d.u.i.k.p.i.AbstractProblemLoader Environment load took 90.5ns 
515754     INFO  main            d.u.i.k.p.i.AbstractProblemLoader Creating init config 
521063     DEBUG main            d.u.i.k.p.i.AbstractProblemLoader Init config took 5.31s 
521162     INFO  main            d.u.i.k.p.i.AbstractProblemLoader Replaying proof Plotter[ThreadSpec2::initPost()].JML accessible clause.0 
521174     DEBUG main            d.u.i.k.p.i.IntermediateProofReplayer Proof replay took 10.89ms 
521175     DEBUG main            d.u.i.k.p.r.p.TestFile    ... success: reloaded. 
521176     INFO  main            d.u.i.k.p.r.p.TestFile    Now processing file /home/runner/work/key/key/key.core/../key.ui/examples/heap/permissions/threads/Plotter_inv_accessible1.key 
521177     INFO  main            d.u.i.k.p.i.AbstractProblemLoader Loading environment from /home/runner/work/key/key/key.core/../key.ui/examples/heap/permissions/threads/Plotter_inv_accessible1.key 
521177     DEBUG main            d.u.i.k.p.i.AbstractProblemLoader Environment load took 93ns 
521178     INFO  main            d.u.i.k.p.i.AbstractProblemLoader Creating init config 
526549     DEBUG main            d.u.i.k.p.i.AbstractProblemLoader Init config took 5.37s 
526657     INFO  main            d.u.i.k.p.i.AbstractProblemLoader Replaying proof Plotter[java.lang.Object::<inv>()].JML accessible clause.0 
526659     DEBUG main            d.u.i.k.p.i.IntermediateProofReplayer Proof replay took 7.4ns 
526760     INFO  main            d.u.i.k.p.r.p.TestFile    ... finished proof: closed. 
527304     INFO  main            d.u.i.k.p.i.AbstractProblemLoader Loading environment from /home/runner/work/key/key/key.core/../key.ui/examples/heap/permissions/threads/Plotter_inv_accessible1.key.proof 
527304     DEBUG main            d.u.i.k.p.i.AbstractProblemLoader Environment load took 87.2ns 
527305     INFO  main            d.u.i.k.p.i.AbstractProblemLoader Creating init config 
532681     DEBUG main            d.u.i.k.p.i.AbstractProblemLoader Init config took 5.38s 
532781     INFO  main            d.u.i.k.p.i.AbstractProblemLoader Replaying proof Plotter[java.lang.Object::<inv>()].JML accessible clause.0 
532785     DEBUG main            d.u.i.k.p.i.IntermediateProofReplayer Proof replay took 1.93ms 
532786     DEBUG main            d.u.i.k.p.r.p.TestFile    ... success: reloaded. 
532787     INFO  main            d.u.i.k.p.r.p.TestFile    Now processing file /home/runner/work/key/key/key.core/../key.ui/examples/heap/permissions/threads/Plotter_inv_accessible2.key 
532787     INFO  main            d.u.i.k.p.i.AbstractProblemLoader Loading environment from /home/runner/work/key/key/key.core/../key.ui/examples/heap/permissions/threads/Plotter_inv_accessible2.key 
532787     DEBUG main            d.u.i.k.p.i.AbstractProblemLoader Environment load took 97.2ns 
532788     INFO  main            d.u.i.k.p.i.AbstractProblemLoader Creating init config 
538315     DEBUG main            d.u.i.k.p.i.AbstractProblemLoader Init config took 5.53s 
538412     INFO  main            d.u.i.k.p.i.AbstractProblemLoader Replaying proof Plotter[java.lang.Object::<inv>()].JML accessible clause.1 
538414     DEBUG main            d.u.i.k.p.i.IntermediateProofReplayer Proof replay took 8.7ns 
538516     INFO  main            d.u.i.k.p.r.p.TestFile    ... finished proof: closed. 
539073     INFO  main            d.u.i.k.p.i.AbstractProblemLoader Loading environment from /home/runner/work/key/key/key.core/../key.ui/examples/heap/permissions/threads/Plotter_inv_accessible2.key.proof 
539073     DEBUG main            d.u.i.k.p.i.AbstractProblemLoader Environment load took 79.1ns 
539074     INFO  main            d.u.i.k.p.i.AbstractProblemLoader Creating init config 
544474     DEBUG main            d.u.i.k.p.i.AbstractProblemLoader Init config took 5.4s 
544572     INFO  main            d.u.i.k.p.i.AbstractProblemLoader Replaying proof Plotter[java.lang.Object::<inv>()].JML accessible clause.1 
544576     DEBUG main            d.u.i.k.p.i.IntermediateProofReplayer Proof replay took 1.92ms 
544576     DEBUG main            d.u.i.k.p.r.p.TestFile    ... success: reloaded. 
544578     INFO  main            d.u.i.k.p.r.p.TestFile    Now processing file /home/runner/work/key/key/key.core/../key.ui/examples/heap/permissions/threads/Plotter_joinTransfer_contract.key 
544578     INFO  main            d.u.i.k.p.i.AbstractProblemLoader Loading environment from /home/runner/work/key/key/key.core/../key.ui/examples/heap/permissions/threads/Plotter_joinTransfer_contract.key 
544578     DEBUG main            d.u.i.k.p.i.AbstractProblemLoader Environment load took 100.8ns 
544579     INFO  main            d.u.i.k.p.i.AbstractProblemLoader Creating init config 
550137     DEBUG main            d.u.i.k.p.i.AbstractProblemLoader Init config took 5.56s 
550235     INFO  main            d.u.i.k.p.i.AbstractProblemLoader Replaying proof Plotter[ThreadSpec2::joinTransfer()].JML model_behavior operation contract.0 
550237     DEBUG main            d.u.i.k.p.i.IntermediateProofReplayer Proof replay took 6.5ns 
550339     INFO  main            d.u.i.k.p.r.p.TestFile    ... finished proof: closed. 
550905     INFO  main            d.u.i.k.p.i.AbstractProblemLoader Loading environment from /home/runner/work/key/key/key.core/../key.ui/examples/heap/permissions/threads/Plotter_joinTransfer_contract.key.proof 
550905     DEBUG main            d.u.i.k.p.i.AbstractProblemLoader Environment load took 81ns 
550906     INFO  main            d.u.i.k.p.i.AbstractProblemLoader Creating init config 
556293     DEBUG main            d.u.i.k.p.i.AbstractProblemLoader Init config took 5.39s 
556396     INFO  main            d.u.i.k.p.i.AbstractProblemLoader Replaying proof Plotter[ThreadSpec2::joinTransfer()].JML model_behavior operation contract.0 
556406     DEBUG main            d.u.i.k.p.i.IntermediateProofReplayer Proof replay took 8.64ms 
556407     DEBUG main            d.u.i.k.p.r.p.TestFile    ... success: reloaded. 
556408     INFO  main            d.u.i.k.p.r.p.TestFile    Now processing file /home/runner/work/key/key/key.core/../key.ui/examples/heap/permissions/threads/Plotter_Plotter.key 
556408     INFO  main            d.u.i.k.p.i.AbstractProblemLoader Loading environment from /home/runner/work/key/key/key.core/../key.ui/examples/heap/permissions/threads/Plotter_Plotter.key 
556408     DEBUG main            d.u.i.k.p.i.AbstractProblemLoader Environment load took 70.4ns 
556409     INFO  main            d.u.i.k.p.i.AbstractProblemLoader Creating init config 
561956     DEBUG main            d.u.i.k.p.i.AbstractProblemLoader Init config took 5.55s 
562058     INFO  main            d.u.i.k.p.i.AbstractProblemLoader Replaying proof Plotter[Plotter::Plotter(AFilter,BFilter,Buffer)].JML normal_behavior operation contract.0 
562060     DEBUG main            d.u.i.k.p.i.IntermediateProofReplayer Proof replay took 6.7ns 
564184     INFO  main            d.u.i.k.p.r.p.TestFile    ... finished proof: closed. 
564767     INFO  main            d.u.i.k.p.i.AbstractProblemLoader Loading environment from /home/runner/work/key/key/key.core/../key.ui/examples/heap/permissions/threads/Plotter_Plotter.key.proof 
564767     DEBUG main            d.u.i.k.p.i.AbstractProblemLoader Environment load took 108.7ns 
564768     INFO  main            d.u.i.k.p.i.AbstractProblemLoader Creating init config 
570275     DEBUG main            d.u.i.k.p.i.AbstractProblemLoader Init config took 5.51s 
570376     INFO  main            d.u.i.k.p.i.AbstractProblemLoader Replaying proof Plotter[Plotter::Plotter(AFilter,BFilter,Buffer)].JML normal_behavior operation contract.0 
570606     DEBUG main            d.u.i.k.p.i.IntermediateProofReplayer Proof replay took 224.35ms 
570607     DEBUG main            d.u.i.k.p.r.p.TestFile    ... success: reloaded. 
570608     INFO  main            d.u.i.k.p.r.p.TestFile    Now processing file /home/runner/work/key/key/key.core/../key.ui/examples/heap/permissions/threads/Plotter_postJoin_accessible.key 
570609     INFO  main            d.u.i.k.p.i.AbstractProblemLoader Loading environment from /home/runner/work/key/key/key.core/../key.ui/examples/heap/permissions/threads/Plotter_postJoin_accessible.key 
570609     DEBUG main            d.u.i.k.p.i.AbstractProblemLoader Environment load took 120.6ns 
570610     INFO  main            d.u.i.k.p.i.AbstractProblemLoader Creating init config 
576132     DEBUG main            d.u.i.k.p.i.AbstractProblemLoader Init config took 5.52s 
576226     INFO  main            d.u.i.k.p.i.AbstractProblemLoader Replaying proof Plotter[ThreadSpec2::postJoin(java.lang.Object)].JML accessible clause.0 
576227     DEBUG main            d.u.i.k.p.i.IntermediateProofReplayer Proof replay took 5.9ns 
576329     INFO  main            d.u.i.k.p.r.p.TestFile    ... finished proof: closed. 
576934     INFO  main            d.u.i.k.p.i.AbstractProblemLoader Loading environment from /home/runner/work/key/key/key.core/../key.ui/examples/heap/permissions/threads/Plotter_postJoin_accessible.key.proof 
576935     DEBUG main            d.u.i.k.p.i.AbstractProblemLoader Environment load took 69.9ns 
576936     INFO  main            d.u.i.k.p.i.AbstractProblemLoader Creating init config 
582053     DEBUG main            d.u.i.k.p.i.AbstractProblemLoader Init config took 5.12s 
582146     INFO  main            d.u.i.k.p.i.AbstractProblemLoader Replaying proof Plotter[ThreadSpec2::postJoin(java.lang.Object)].JML accessible clause.0 
582158     DEBUG main            d.u.i.k.p.i.IntermediateProofReplayer Proof replay took 11ms 
582159     DEBUG main            d.u.i.k.p.r.p.TestFile    ... success: reloaded. 
582160     INFO  main            d.u.i.k.p.r.p.TestFile    Now processing file /home/runner/work/key/key/key.core/../key.ui/examples/heap/permissions/threads/Plotter_preStart_accessible.key 
582160     INFO  main            d.u.i.k.p.i.AbstractProblemLoader Loading environment from /home/runner/work/key/key/key.core/../key.ui/examples/heap/permissions/threads/Plotter_preStart_accessible.key 
582160     DEBUG main            d.u.i.k.p.i.AbstractProblemLoader Environment load took 105.2ns 
582161     INFO  main            d.u.i.k.p.i.AbstractProblemLoader Creating init config 
587290     DEBUG main            d.u.i.k.p.i.AbstractProblemLoader Init config took 5.13s 
587379     INFO  main            d.u.i.k.p.i.AbstractProblemLoader Replaying proof Plotter[ThreadSpec2::preStart(java.lang.Object)].JML accessible clause.0 
587380     DEBUG main            d.u.i.k.p.i.IntermediateProofReplayer Proof replay took 6.4ns 
588486     INFO  main            d.u.i.k.p.r.p.TestFile    ... finished proof: closed. 
589103     INFO  main            d.u.i.k.p.i.AbstractProblemLoader Loading environment from /home/runner/work/key/key/key.core/../key.ui/examples/heap/permissions/threads/Plotter_preStart_accessible.key.proof 
589103     DEBUG main            d.u.i.k.p.i.AbstractProblemLoader Environment load took 126.9ns 
589104     INFO  main            d.u.i.k.p.i.AbstractProblemLoader Creating init config 
594130     DEBUG main            d.u.i.k.p.i.AbstractProblemLoader Init config took 5.03s 
594224     INFO  main            d.u.i.k.p.i.AbstractProblemLoader Replaying proof Plotter[ThreadSpec2::preStart(java.lang.Object)].JML accessible clause.0 
594288     DEBUG main            d.u.i.k.p.i.IntermediateProofReplayer Proof replay took 60.06ms 
594289     DEBUG main            d.u.i.k.p.r.p.TestFile    ... success: reloaded. 
594290     INFO  main            d.u.i.k.p.r.p.TestFile    Now processing file /home/runner/work/key/key/key.core/../key.ui/examples/heap/permissions/threads/Plotter_stateInv_accessible.key 
594290     INFO  main            d.u.i.k.p.i.AbstractProblemLoader Loading environment from /home/runner/work/key/key/key.core/../key.ui/examples/heap/permissions/threads/Plotter_stateInv_accessible.key 
594290     DEBUG main            d.u.i.k.p.i.AbstractProblemLoader Environment load took 74.4ns 
594291     INFO  main            d.u.i.k.p.i.AbstractProblemLoader Creating init config 
599484     DEBUG main            d.u.i.k.p.i.AbstractProblemLoader Init config took 5.19s 
599580     INFO  main            d.u.i.k.p.i.AbstractProblemLoader Replaying proof Plotter[ThreadSpec2::stateInv()].JML accessible clause.0 
599582     DEBUG main            d.u.i.k.p.i.IntermediateProofReplayer Proof replay took 24.9ns 
608437     INFO  main            d.u.i.k.p.r.p.TestFile    ... finished proof: closed. 
609051     INFO  main            d.u.i.k.p.i.AbstractProblemLoader Loading environment from /home/runner/work/key/key/key.core/../key.ui/examples/heap/permissions/threads/Plotter_stateInv_accessible.key.proof 
609051     DEBUG main            d.u.i.k.p.i.AbstractProblemLoader Environment load took 454.6ns 
609053     INFO  main            d.u.i.k.p.i.AbstractProblemLoader Creating init config 
614052     DEBUG main            d.u.i.k.p.i.AbstractProblemLoader Init config took 5s 
614152     INFO  main            d.u.i.k.p.i.AbstractProblemLoader Replaying proof Plotter[ThreadSpec2::stateInv()].JML accessible clause.0 
614626     DEBUG main            d.u.i.k.p.i.IntermediateProofReplayer Proof replay took 460.16ms 
614628     DEBUG main            d.u.i.k.p.r.p.TestFile    ... success: reloaded. 
614629     INFO  main            d.u.i.k.p.r.p.TestFile    Now processing file /home/runner/work/key/key/key.core/../key.ui/examples/heap/permissions/threads/Plotter_staticPermissions_accessible.key 
614629     INFO  main            d.u.i.k.p.i.AbstractProblemLoader Loading environment from /home/runner/work/key/key/key.core/../key.ui/examples/heap/permissions/threads/Plotter_staticPermissions_accessible.key 
614629     DEBUG main            d.u.i.k.p.i.AbstractProblemLoader Environment load took 112.1ns 
614630     INFO  main            d.u.i.k.p.i.AbstractProblemLoader Creating init config 
619773     DEBUG main            d.u.i.k.p.i.AbstractProblemLoader Init config took 5.14s 
619870     INFO  main            d.u.i.k.p.i.AbstractProblemLoader Replaying proof Plotter[ThreadSpec2::staticPermissions()].JML accessible clause.0 
619871     DEBUG main            d.u.i.k.p.i.IntermediateProofReplayer Proof replay took 30ns 
620875     INFO  main            d.u.i.k.p.r.p.TestFile    ... finished proof: closed. 
621465     INFO  main            d.u.i.k.p.i.AbstractProblemLoader Loading environment from /home/runner/work/key/key/key.core/../key.ui/examples/heap/permissions/threads/Plotter_staticPermissions_accessible.key.proof 
621465     DEBUG main            d.u.i.k.p.i.AbstractProblemLoader Environment load took 88.9ns 
621466     INFO  main            d.u.i.k.p.i.AbstractProblemLoader Creating init config 
626762     DEBUG main            d.u.i.k.p.i.AbstractProblemLoader Init config took 5.3s 
626854     INFO  main            d.u.i.k.p.i.AbstractProblemLoader Replaying proof Plotter[ThreadSpec2::staticPermissions()].JML accessible clause.0 
626913     DEBUG main            d.u.i.k.p.i.IntermediateProofReplayer Proof replay took 54.47ms 
626914     DEBUG main            d.u.i.k.p.r.p.TestFile    ... success: reloaded. 
626915     INFO  main            d.u.i.k.p.r.p.TestFile    Now processing file /home/runner/work/key/key/key.core/../key.ui/examples/heap/permissions/threads/Plotter_workingPermissions_accessible.key 
626915     INFO  main            d.u.i.k.p.i.AbstractProblemLoader Loading environment from /home/runner/work/key/key/key.core/../key.ui/examples/heap/permissions/threads/Plotter_workingPermissions_accessible.key 
626915     DEBUG main            d.u.i.k.p.i.AbstractProblemLoader Environment load took 133.7ns 
626916     INFO  main            d.u.i.k.p.i.AbstractProblemLoader Creating init config 
632299     DEBUG main            d.u.i.k.p.i.AbstractProblemLoader Init config took 5.38s 
632394     INFO  main            d.u.i.k.p.i.AbstractProblemLoader Replaying proof Plotter[ThreadSpec2::workingPermissions()].JML accessible clause.0 
632395     DEBUG main            d.u.i.k.p.i.IntermediateProofReplayer Proof replay took 3ns 
632597     INFO  main            d.u.i.k.p.r.p.TestFile    ... finished proof: closed. 
633202     INFO  main            d.u.i.k.p.i.AbstractProblemLoader Loading environment from /home/runner/work/key/key/key.core/../key.ui/examples/heap/permissions/threads/Plotter_workingPermissions_accessible.key.proof 
633202     DEBUG main            d.u.i.k.p.i.AbstractProblemLoader Environment load took 99.6ns 
633203     INFO  main            d.u.i.k.p.i.AbstractProblemLoader Creating init config 
638608     DEBUG main            d.u.i.k.p.i.AbstractProblemLoader Init config took 5.4s 
638709     INFO  main            d.u.i.k.p.i.AbstractProblemLoader Replaying proof Plotter[ThreadSpec2::workingPermissions()].JML accessible clause.0 
638726     DEBUG main            d.u.i.k.p.i.IntermediateProofReplayer Proof replay took 14.72ms 
638727     DEBUG main            d.u.i.k.p.r.p.TestFile    ... success: reloaded. 
638728     INFO  main            d.u.i.k.p.r.p.TestFile    Now processing file /home/runner/work/key/key/key.core/../key.ui/examples/heap/permissions/threads/Sampler_initPost_accessible.key 
638728     INFO  main            d.u.i.k.p.i.AbstractProblemLoader Loading environment from /home/runner/work/key/key/key.core/../key.ui/examples/heap/permissions/threads/Sampler_initPost_accessible.key 
638728     DEBUG main            d.u.i.k.p.i.AbstractProblemLoader Environment load took 90.1ns 
638729     INFO  main            d.u.i.k.p.i.AbstractProblemLoader Creating init config 
644320     DEBUG main            d.u.i.k.p.i.AbstractProblemLoader Init config took 5.59s 
644415     INFO  main            d.u.i.k.p.i.AbstractProblemLoader Replaying proof Sampler[ThreadSpec2::initPost()].JML accessible clause.0 
644417     DEBUG main            d.u.i.k.p.i.IntermediateProofReplayer Proof replay took 2.5ns 
644518     INFO  main            d.u.i.k.p.r.p.TestFile    ... finished proof: closed. 
645129     INFO  main            d.u.i.k.p.i.AbstractProblemLoader Loading environment from /home/runner/work/key/key/key.core/../key.ui/examples/heap/permissions/threads/Sampler_initPost_accessible.key.proof 
645129     DEBUG main            d.u.i.k.p.i.AbstractProblemLoader Environment load took 72.8ns 
645130     INFO  main            d.u.i.k.p.i.AbstractProblemLoader Creating init config 
650417     DEBUG main            d.u.i.k.p.i.AbstractProblemLoader Init config took 5.29s 
650517     INFO  main            d.u.i.k.p.i.AbstractProblemLoader Replaying proof Sampler[ThreadSpec2::initPost()].JML accessible clause.0 
650524     DEBUG main            d.u.i.k.p.i.IntermediateProofReplayer Proof replay took 5.25ms 
650525     DEBUG main            d.u.i.k.p.r.p.TestFile    ... success: reloaded. 
650526     INFO  main            d.u.i.k.p.r.p.TestFile    Now processing file /home/runner/work/key/key/key.core/../key.ui/examples/heap/permissions/threads/Sampler_inv_accessible1.key 
650526     INFO  main            d.u.i.k.p.i.AbstractProblemLoader Loading environment from /home/runner/work/key/key/key.core/../key.ui/examples/heap/permissions/threads/Sampler_inv_accessible1.key 
650526     DEBUG main            d.u.i.k.p.i.AbstractProblemLoader Environment load took 133.1ns 
650527     INFO  main            d.u.i.k.p.i.AbstractProblemLoader Creating init config 
656072     DEBUG main            d.u.i.k.p.i.AbstractProblemLoader Init config took 5.54s 
656168     INFO  main            d.u.i.k.p.i.AbstractProblemLoader Replaying proof Sampler[java.lang.Object::<inv>()].JML accessible clause.0 
656169     DEBUG main            d.u.i.k.p.i.IntermediateProofReplayer Proof replay took 2.4ns 
656271     INFO  main            d.u.i.k.p.r.p.TestFile    ... finished proof: closed. 
656911     INFO  main            d.u.i.k.p.i.AbstractProblemLoader Loading environment from /home/runner/work/key/key/key.core/../key.ui/examples/heap/permissions/threads/Sampler_inv_accessible1.key.proof 
656911     DEBUG main            d.u.i.k.p.i.AbstractProblemLoader Environment load took 95.6ns 
656912     INFO  main            d.u.i.k.p.i.AbstractProblemLoader Creating init config 
662314     DEBUG main            d.u.i.k.p.i.AbstractProblemLoader Init config took 5.4s 
662414     INFO  main            d.u.i.k.p.i.AbstractProblemLoader Replaying proof Sampler[java.lang.Object::<inv>()].JML accessible clause.0 
662418     DEBUG main            d.u.i.k.p.i.IntermediateProofReplayer Proof replay took 1.46ms 
662418     DEBUG main            d.u.i.k.p.r.p.TestFile    ... success: reloaded. 
662419     INFO  main            d.u.i.k.p.r.p.TestFile    Now processing file /home/runner/work/key/key/key.core/../key.ui/examples/heap/permissions/threads/Sampler_inv_accessible2.key 
662420     INFO  main            d.u.i.k.p.i.AbstractProblemLoader Loading environment from /home/runner/work/key/key/key.core/../key.ui/examples/heap/permissions/threads/Sampler_inv_accessible2.key 
662420     DEBUG main            d.u.i.k.p.i.AbstractProblemLoader Environment load took 52.6ns 
662421     INFO  main            d.u.i.k.p.i.AbstractProblemLoader Creating init config 
667725     DEBUG main            d.u.i.k.p.i.AbstractProblemLoader Init config took 5.3s 
667846     INFO  main            d.u.i.k.p.i.AbstractProblemLoader Replaying proof Sampler[java.lang.Object::<inv>()].JML accessible clause.1 
667848     DEBUG main            d.u.i.k.p.i.IntermediateProofReplayer Proof replay took 2.3ns 
667949     INFO  main            d.u.i.k.p.r.p.TestFile    ... finished proof: closed. 
668517     INFO  main            d.u.i.k.p.i.AbstractProblemLoader Loading environment from /home/runner/work/key/key/key.core/../key.ui/examples/heap/permissions/threads/Sampler_inv_accessible2.key.proof 
668517     DEBUG main            d.u.i.k.p.i.AbstractProblemLoader Environment load took 86.8ns 
668518     INFO  main            d.u.i.k.p.i.AbstractProblemLoader Creating init config 
673373     DEBUG main            d.u.i.k.p.i.AbstractProblemLoader Init config took 4.85s 
673476     INFO  main            d.u.i.k.p.i.AbstractProblemLoader Replaying proof Sampler[java.lang.Object::<inv>()].JML accessible clause.1 
673479     DEBUG main            d.u.i.k.p.i.IntermediateProofReplayer Proof replay took 1.7ms 
673480     DEBUG main            d.u.i.k.p.r.p.TestFile    ... success: reloaded. 
673481     INFO  main            d.u.i.k.p.r.p.TestFile    Now processing file /home/runner/work/key/key/key.core/../key.ui/examples/heap/permissions/threads/Sampler_joinTransfer_accessible.key 
673481     INFO  main            d.u.i.k.p.i.AbstractProblemLoader Loading environment from /home/runner/work/key/key/key.core/../key.ui/examples/heap/permissions/threads/Sampler_joinTransfer_accessible.key 
673481     DEBUG main            d.u.i.k.p.i.AbstractProblemLoader Environment load took 115.9ns 
673482     INFO  main            d.u.i.k.p.i.AbstractProblemLoader Creating init config 
678397     DEBUG main            d.u.i.k.p.i.AbstractProblemLoader Init config took 4.92s 
678488     INFO  main            d.u.i.k.p.i.AbstractProblemLoader Replaying proof Sampler[ThreadSpec2::joinTransfer()].JML accessible clause.0 
678489     DEBUG main            d.u.i.k.p.i.IntermediateProofReplayer Proof replay took 2.7ns 
682003     INFO  main            d.u.i.k.p.r.p.TestFile    ... finished proof: closed. 
682601     INFO  main            d.u.i.k.p.i.AbstractProblemLoader Loading environment from /home/runner/work/key/key/key.core/../key.ui/examples/heap/permissions/threads/Sampler_joinTransfer_accessible.key.proof 
682601     DEBUG main            d.u.i.k.p.i.AbstractProblemLoader Environment load took 74.8ns 
682603     INFO  main            d.u.i.k.p.i.AbstractProblemLoader Creating init config 
687257     DEBUG main            d.u.i.k.p.i.AbstractProblemLoader Init config took 4.65s 
687337     INFO  main            d.u.i.k.p.i.AbstractProblemLoader Replaying proof Sampler[ThreadSpec2::joinTransfer()].JML accessible clause.0 
687834     DEBUG main            d.u.i.k.p.i.IntermediateProofReplayer Proof replay took 486.58ms 
687835     DEBUG main            d.u.i.k.p.r.p.TestFile    ... success: reloaded. 
687836     INFO  main            d.u.i.k.p.r.p.TestFile    Now processing file /home/runner/work/key/key/key.core/../key.ui/examples/heap/permissions/threads/Sampler_joinTransfer_contract.key 
687836     INFO  main            d.u.i.k.p.i.AbstractProblemLoader Loading environment from /home/runner/work/key/key/key.core/../key.ui/examples/heap/permissions/threads/Sampler_joinTransfer_contract.key 
687836     DEBUG main            d.u.i.k.p.i.AbstractProblemLoader Environment load took 86.7ns 
687837     INFO  main            d.u.i.k.p.i.AbstractProblemLoader Creating init config 
692775     DEBUG main            d.u.i.k.p.i.AbstractProblemLoader Init config took 4.94s 
692868     INFO  main            d.u.i.k.p.i.AbstractProblemLoader Replaying proof Sampler[ThreadSpec2::joinTransfer()].JML model_behavior operation contract.0 
692870     DEBUG main            d.u.i.k.p.i.IntermediateProofReplayer Proof replay took 2.7ns 
692972     INFO  main            d.u.i.k.p.r.p.TestFile    ... finished proof: closed. 
693595     INFO  main            d.u.i.k.p.i.AbstractProblemLoader Loading environment from /home/runner/work/key/key/key.core/../key.ui/examples/heap/permissions/threads/Sampler_joinTransfer_contract.key.proof 
693595     DEBUG main            d.u.i.k.p.i.AbstractProblemLoader Environment load took 74ns 
693596     INFO  main            d.u.i.k.p.i.AbstractProblemLoader Creating init config 
698491     DEBUG main            d.u.i.k.p.i.AbstractProblemLoader Init config took 4.9s 
698574     INFO  main            d.u.i.k.p.i.AbstractProblemLoader Replaying proof Sampler[ThreadSpec2::joinTransfer()].JML model_behavior operation contract.0 
698582     DEBUG main            d.u.i.k.p.i.IntermediateProofReplayer Proof replay took 6.79ms 
698583     DEBUG main            d.u.i.k.p.r.p.TestFile    ... success: reloaded. 
698583     INFO  main            d.u.i.k.p.r.p.TestFile    Now processing file /home/runner/work/key/key/key.core/../key.ui/examples/heap/permissions/threads/Sampler_postJoin_accessible.key 
698584     INFO  main            d.u.i.k.p.i.AbstractProblemLoader Loading environment from /home/runner/work/key/key/key.core/../key.ui/examples/heap/permissions/threads/Sampler_postJoin_accessible.key 
698584     DEBUG main            d.u.i.k.p.i.AbstractProblemLoader Environment load took 65.5ns 
698585     INFO  main            d.u.i.k.p.i.AbstractProblemLoader Creating init config 
703327     DEBUG main            d.u.i.k.p.i.AbstractProblemLoader Init config took 4.74s 
703415     INFO  main            d.u.i.k.p.i.AbstractProblemLoader Replaying proof Sampler[ThreadSpec2::postJoin(java.lang.Object)].JML accessible clause.0 
703417     DEBUG main            d.u.i.k.p.i.IntermediateProofReplayer Proof replay took 2.5ns 
703518     INFO  main            d.u.i.k.p.r.p.TestFile    ... finished proof: closed. 
704100     INFO  main            d.u.i.k.p.i.AbstractProblemLoader Loading environment from /home/runner/work/key/key/key.core/../key.ui/examples/heap/permissions/threads/Sampler_postJoin_accessible.key.proof 
704100     DEBUG main            d.u.i.k.p.i.AbstractProblemLoader Environment load took 71.9ns 
704101     INFO  main            d.u.i.k.p.i.AbstractProblemLoader Creating init config 
708710     DEBUG main            d.u.i.k.p.i.AbstractProblemLoader Init config took 4.61s 
708799     INFO  main            d.u.i.k.p.i.AbstractProblemLoader Replaying proof Sampler[ThreadSpec2::postJoin(java.lang.Object)].JML accessible clause.0 
708808     DEBUG main            d.u.i.k.p.i.IntermediateProofReplayer Proof replay took 7.64ms 
708809     DEBUG main            d.u.i.k.p.r.p.TestFile    ... success: reloaded. 
708810     INFO  main            d.u.i.k.p.r.p.TestFile    Now processing file /home/runner/work/key/key/key.core/../key.ui/examples/heap/permissions/threads/Sampler_preStart_accessible.key 
708810     INFO  main            d.u.i.k.p.i.AbstractProblemLoader Loading environment from /home/runner/work/key/key/key.core/../key.ui/examples/heap/permissions/threads/Sampler_preStart_accessible.key 
708810     DEBUG main            d.u.i.k.p.i.AbstractProblemLoader Environment load took 46.8ns 
708811     INFO  main            d.u.i.k.p.i.AbstractProblemLoader Creating init config 
713517     DEBUG main            d.u.i.k.p.i.AbstractProblemLoader Init config took 4.71s 
713607     INFO  main            d.u.i.k.p.i.AbstractProblemLoader Replaying proof Sampler[ThreadSpec2::preStart(java.lang.Object)].JML accessible clause.0 
713608     DEBUG main            d.u.i.k.p.i.IntermediateProofReplayer Proof replay took 3ns 
713713     INFO  main            d.u.i.k.p.r.p.TestFile    ... finished proof: closed. 
714324     INFO  main            d.u.i.k.p.i.AbstractProblemLoader Loading environment from /home/runner/work/key/key/key.core/../key.ui/examples/heap/permissions/threads/Sampler_preStart_accessible.key.proof 
714324     DEBUG main            d.u.i.k.p.i.AbstractProblemLoader Environment load took 66.2ns 
714324     INFO  main            d.u.i.k.p.i.AbstractProblemLoader Creating init config 
719003     DEBUG main            d.u.i.k.p.i.AbstractProblemLoader Init config took 4.68s 
719084     INFO  main            d.u.i.k.p.i.AbstractProblemLoader Replaying proof Sampler[ThreadSpec2::preStart(java.lang.Object)].JML accessible clause.0 
719093     DEBUG main            d.u.i.k.p.i.IntermediateProofReplayer Proof replay took 7.79ms 
719094     DEBUG main            d.u.i.k.p.r.p.TestFile    ... success: reloaded. 
719095     INFO  main            d.u.i.k.p.r.p.TestFile    Now processing file /home/runner/work/key/key/key.core/../key.ui/examples/heap/permissions/threads/Sampler_run.key 
719095     INFO  main            d.u.i.k.p.i.AbstractProblemLoader Loading environment from /home/runner/work/key/key/key.core/../key.ui/examples/heap/permissions/threads/Sampler_run.key 
719095     DEBUG main            d.u.i.k.p.i.AbstractProblemLoader Environment load took 101.6ns 
719096     INFO  main            d.u.i.k.p.i.AbstractProblemLoader Creating init config 
723860     DEBUG main            d.u.i.k.p.i.AbstractProblemLoader Init config took 4.76s 
723961     INFO  main            d.u.i.k.p.i.AbstractProblemLoader Replaying proof Sampler[ThreadSpec2::run()].JML normal_behavior operation contract.0 
723963     DEBUG main            d.u.i.k.p.i.IntermediateProofReplayer Proof replay took 2.7ns 
724165     INFO  main            d.u.i.k.p.r.p.TestFile    ... finished proof: closed. 
724768     INFO  main            d.u.i.k.p.i.AbstractProblemLoader Loading environment from /home/runner/work/key/key/key.core/../key.ui/examples/heap/permissions/threads/Sampler_run.key.proof 
724768     DEBUG main            d.u.i.k.p.i.AbstractProblemLoader Environment load took 66.4ns 
724768     INFO  main            d.u.i.k.p.i.AbstractProblemLoader Creating init config 
729350     DEBUG main            d.u.i.k.p.i.AbstractProblemLoader Init config took 4.58s 
729433     INFO  main            d.u.i.k.p.i.AbstractProblemLoader Replaying proof Sampler[ThreadSpec2::run()].JML normal_behavior operation contract.0 
729463     DEBUG main            d.u.i.k.p.i.IntermediateProofReplayer Proof replay took 28ms 
729463     DEBUG main            d.u.i.k.p.r.p.TestFile    ... success: reloaded. 
729464     INFO  main            d.u.i.k.p.r.p.TestFile    Now processing file /home/runner/work/key/key/key.core/../key.ui/examples/heap/permissions/threads/Sampler_Sampler.key 
729464     INFO  main            d.u.i.k.p.i.AbstractProblemLoader Loading environment from /home/runner/work/key/key/key.core/../key.ui/examples/heap/permissions/threads/Sampler_Sampler.key 
729465     DEBUG main            d.u.i.k.p.i.AbstractProblemLoader Environment load took 216.3ns 
729465     INFO  main            d.u.i.k.p.i.AbstractProblemLoader Creating init config 
734517     DEBUG main            d.u.i.k.p.i.AbstractProblemLoader Init config took 5.05s 
734614     INFO  main            d.u.i.k.p.i.AbstractProblemLoader Replaying proof Sampler[Sampler::Sampler(Buffer)].JML normal_behavior operation contract.0 
734615     DEBUG main            d.u.i.k.p.i.IntermediateProofReplayer Proof replay took 3.5ns 
735218     INFO  main            d.u.i.k.p.r.p.TestFile    ... finished proof: closed. 
735977     INFO  main            d.u.i.k.p.i.AbstractProblemLoader Loading environment from /home/runner/work/key/key/key.core/../key.ui/examples/heap/permissions/threads/Sampler_Sampler.key.proof 
735977     DEBUG main            d.u.i.k.p.i.AbstractProblemLoader Environment load took 73.9ns 
735978     INFO  main            d.u.i.k.p.i.AbstractProblemLoader Creating init config 
740944     DEBUG main            d.u.i.k.p.i.AbstractProblemLoader Init config took 4.97s 
741044     INFO  main            d.u.i.k.p.i.AbstractProblemLoader Replaying proof Sampler[Sampler::Sampler(Buffer)].JML normal_behavior operation contract.0 
741128     DEBUG main            d.u.i.k.p.i.IntermediateProofReplayer Proof replay took 80.88ms 
741129     DEBUG main            d.u.i.k.p.r.p.TestFile    ... success: reloaded. 
741130     INFO  main            d.u.i.k.p.r.p.TestFile    Now processing file /home/runner/work/key/key/key.core/../key.ui/examples/heap/permissions/threads/Sampler_startTransfer_accessible.key 
741130     INFO  main            d.u.i.k.p.i.AbstractProblemLoader Loading environment from /home/runner/work/key/key/key.core/../key.ui/examples/heap/permissions/threads/Sampler_startTransfer_accessible.key 
741130     DEBUG main            d.u.i.k.p.i.AbstractProblemLoader Environment load took 412.9ns 
741131     INFO  main            d.u.i.k.p.i.AbstractProblemLoader Creating init config 
746265     DEBUG main            d.u.i.k.p.i.AbstractProblemLoader Init config took 5.13s 
746361     INFO  main            d.u.i.k.p.i.AbstractProblemLoader Replaying proof Sampler[ThreadSpec2::startTransfer()].JML accessible clause.0 
746362     DEBUG main            d.u.i.k.p.i.IntermediateProofReplayer Proof replay took 3ns 
750474     INFO  main            d.u.i.k.p.r.p.TestFile    ... finished proof: closed. 
751284     INFO  main            d.u.i.k.p.i.AbstractProblemLoader Loading environment from /home/runner/work/key/key/key.core/../key.ui/examples/heap/permissions/threads/Sampler_startTransfer_accessible.key.proof 
751284     DEBUG main            d.u.i.k.p.i.AbstractProblemLoader Environment load took 376.6ns 
751285     INFO  main            d.u.i.k.p.i.AbstractProblemLoader Creating init config 
756333     DEBUG main            d.u.i.k.p.i.AbstractProblemLoader Init config took 5.05s 
756428     INFO  main            d.u.i.k.p.i.AbstractProblemLoader Replaying proof Sampler[ThreadSpec2::startTransfer()].JML accessible clause.0 
756861     DEBUG main            d.u.i.k.p.i.IntermediateProofReplayer Proof replay took 422.37ms 
756862     DEBUG main            d.u.i.k.p.r.p.TestFile    ... success: reloaded. 
756863     INFO  main            d.u.i.k.p.r.p.TestFile    Now processing file /home/runner/work/key/key/key.core/../key.ui/examples/heap/permissions/threads/Sampler_startTransfer_contract.key 
756863     INFO  main            d.u.i.k.p.i.AbstractProblemLoader Loading environment from /home/runner/work/key/key/key.core/../key.ui/examples/heap/permissions/threads/Sampler_startTransfer_contract.key 
756863     DEBUG main            d.u.i.k.p.i.AbstractProblemLoader Environment load took 49.7ns 
756864     INFO  main            d.u.i.k.p.i.AbstractProblemLoader Creating init config 
762441     DEBUG main            d.u.i.k.p.i.AbstractProblemLoader Init config took 5.58s 
762528     INFO  main            d.u.i.k.p.i.AbstractProblemLoader Replaying proof Sampler[ThreadSpec2::startTransfer()].JML model_behavior operation contract.0 
762530     DEBUG main            d.u.i.k.p.i.IntermediateProofReplayer Proof replay took 3ns 
762631     INFO  main            d.u.i.k.p.r.p.TestFile    ... finished proof: closed. 
763311     INFO  main            d.u.i.k.p.i.AbstractProblemLoader Loading environment from /home/runner/work/key/key/key.core/../key.ui/examples/heap/permissions/threads/Sampler_startTransfer_contract.key.proof 
763311     DEBUG main            d.u.i.k.p.i.AbstractProblemLoader Environment load took 75.6ns 
763312     INFO  main            d.u.i.k.p.i.AbstractProblemLoader Creating init config 
768172     DEBUG main            d.u.i.k.p.i.AbstractProblemLoader Init config took 4.86s 
768258     INFO  main            d.u.i.k.p.i.AbstractProblemLoader Replaying proof Sampler[ThreadSpec2::startTransfer()].JML model_behavior operation contract.0 
768266     DEBUG main            d.u.i.k.p.i.IntermediateProofReplayer Proof replay took 6.95ms 
768267     DEBUG main            d.u.i.k.p.r.p.TestFile    ... success: reloaded. 
768268     INFO  main            d.u.i.k.p.r.p.TestFile    Now processing file /home/runner/work/key/key/key.core/../key.ui/examples/heap/permissions/threads/Sampler_stateInv_accessible.key 
768268     INFO  main            d.u.i.k.p.i.AbstractProblemLoader Loading environment from /home/runner/work/key/key/key.core/../key.ui/examples/heap/permissions/threads/Sampler_stateInv_accessible.key 
768268     DEBUG main            d.u.i.k.p.i.AbstractProblemLoader Environment load took 125.4ns 
768269     INFO  main            d.u.i.k.p.i.AbstractProblemLoader Creating init config 
773126     DEBUG main            d.u.i.k.p.i.AbstractProblemLoader Init config took 4.86s 
773223     INFO  main            d.u.i.k.p.i.AbstractProblemLoader Replaying proof Sampler[ThreadSpec2::stateInv()].JML accessible clause.0 
773224     DEBUG main            d.u.i.k.p.i.IntermediateProofReplayer Proof replay took 2.9ns 
773326     INFO  main            d.u.i.k.p.r.p.TestFile    ... finished proof: closed. 
774021     INFO  main            d.u.i.k.p.i.AbstractProblemLoader Loading environment from /home/runner/work/key/key/key.core/../key.ui/examples/heap/permissions/threads/Sampler_stateInv_accessible.key.proof 
774021     DEBUG main            d.u.i.k.p.i.AbstractProblemLoader Environment load took 74.3ns 
774022     INFO  main            d.u.i.k.p.i.AbstractProblemLoader Creating init config 
779216     DEBUG main            d.u.i.k.p.i.AbstractProblemLoader Init config took 5.19s 
779314     INFO  main            d.u.i.k.p.i.AbstractProblemLoader Replaying proof Sampler[ThreadSpec2::stateInv()].JML accessible clause.0 
779322     DEBUG main            d.u.i.k.p.i.IntermediateProofReplayer Proof replay took 5.63ms 
779323     DEBUG main            d.u.i.k.p.r.p.TestFile    ... success: reloaded. 
779324     INFO  main            d.u.i.k.p.r.p.TestFile    Now processing file /home/runner/work/key/key/key.core/../key.ui/examples/heap/permissions/threads/Sampler_staticPermissions_accessible.key 
779324     INFO  main            d.u.i.k.p.i.AbstractProblemLoader Loading environment from /home/runner/work/key/key/key.core/../key.ui/examples/heap/permissions/threads/Sampler_staticPermissions_accessible.key 
779324     DEBUG main            d.u.i.k.p.i.AbstractProblemLoader Environment load took 175.6ns 
779326     INFO  main            d.u.i.k.p.i.AbstractProblemLoader Creating init config 
784692     DEBUG main            d.u.i.k.p.i.AbstractProblemLoader Init config took 5.37s 
784784     INFO  main            d.u.i.k.p.i.AbstractProblemLoader Replaying proof Sampler[ThreadSpec2::staticPermissions()].JML accessible clause.0 
784789     DEBUG main            d.u.i.k.p.i.IntermediateProofReplayer Proof replay took 2.4ns 
784891     INFO  main            d.u.i.k.p.r.p.TestFile    ... finished proof: closed. 
785595     INFO  main            d.u.i.k.p.i.AbstractProblemLoader Loading environment from /home/runner/work/key/key/key.core/../key.ui/examples/heap/permissions/threads/Sampler_staticPermissions_accessible.key.proof 
785595     DEBUG main            d.u.i.k.p.i.AbstractProblemLoader Environment load took 84.3ns 
785596     INFO  main            d.u.i.k.p.i.AbstractProblemLoader Creating init config 
790702     DEBUG main            d.u.i.k.p.i.AbstractProblemLoader Init config took 5.11s 
790799     INFO  main            d.u.i.k.p.i.AbstractProblemLoader Replaying proof Sampler[ThreadSpec2::staticPermissions()].JML accessible clause.0 
790805     DEBUG main            d.u.i.k.p.i.IntermediateProofReplayer Proof replay took 3.95ms 
790806     DEBUG main            d.u.i.k.p.r.p.TestFile    ... success: reloaded. 
790807     INFO  main            d.u.i.k.p.r.p.TestFile    Now processing file /home/runner/work/key/key/key.core/../key.ui/examples/heap/permissions/threads/Sampler_workingPermissions_accessible.key 
790807     INFO  main            d.u.i.k.p.i.AbstractProblemLoader Loading environment from /home/runner/work/key/key/key.core/../key.ui/examples/heap/permissions/threads/Sampler_workingPermissions_accessible.key 
790807     DEBUG main            d.u.i.k.p.i.AbstractProblemLoader Environment load took 129.3ns 
790808     INFO  main            d.u.i.k.p.i.AbstractProblemLoader Creating init config 
796066     DEBUG main            d.u.i.k.p.i.AbstractProblemLoader Init config took 5.26s 
796173     INFO  main            d.u.i.k.p.i.AbstractProblemLoader Replaying proof Sampler[ThreadSpec2::workingPermissions()].JML accessible clause.0 
796174     DEBUG main            d.u.i.k.p.i.IntermediateProofReplayer Proof replay took 3.2ns 
796276     INFO  main            d.u.i.k.p.r.p.TestFile    ... finished proof: closed. 
796947     INFO  main            d.u.i.k.p.i.AbstractProblemLoader Loading environment from /home/runner/work/key/key/key.core/../key.ui/examples/heap/permissions/threads/Sampler_workingPermissions_accessible.key.proof 
796947     DEBUG main            d.u.i.k.p.i.AbstractProblemLoader Environment load took 74.8ns 
796948     INFO  main            d.u.i.k.p.i.AbstractProblemLoader Creating init config 
802197     DEBUG main            d.u.i.k.p.i.AbstractProblemLoader Init config took 5.25s 
802311     INFO  main            d.u.i.k.p.i.AbstractProblemLoader Replaying proof Sampler[ThreadSpec2::workingPermissions()].JML accessible clause.0 
802319     DEBUG main            d.u.i.k.p.i.IntermediateProofReplayer Proof replay took 6.42ms 
802321     DEBUG main            d.u.i.k.p.r.p.TestFile    ... success: reloaded. 
802322     INFO  main            d.u.i.k.p.r.p.TestFile    Now processing file /home/runner/work/key/key/key.core/../key.ui/examples/heap/permissions/mulleretal/ReadWrite_doRead_contract.key 
802322     INFO  main            d.u.i.k.p.i.AbstractProblemLoader Loading environment from /home/runner/work/key/key/key.core/../key.ui/examples/heap/permissions/mulleretal/ReadWrite_doRead_contract.key 
802322     DEBUG main            d.u.i.k.p.i.AbstractProblemLoader Environment load took 92ns 
802323     INFO  main            d.u.i.k.p.i.AbstractProblemLoader Creating init config 
805398     DEBUG main            d.u.i.k.p.i.AbstractProblemLoader Init config took 3.07s 
805440     INFO  main            d.u.i.k.p.i.AbstractProblemLoader Replaying proof ReadWrite[ReadWrite::doRead()].JML normal_behavior operation contract.0 
805442     DEBUG main            d.u.i.k.p.i.IntermediateProofReplayer Proof replay took 2.7ns 
807356     INFO  main            d.u.i.k.p.r.p.TestFile    ... finished proof: closed. 
808117     INFO  main            d.u.i.k.p.i.AbstractProblemLoader Loading environment from /home/runner/work/key/key/key.core/../key.ui/examples/heap/permissions/mulleretal/ReadWrite_doRead_contract.key.proof 
808117     DEBUG main            d.u.i.k.p.i.AbstractProblemLoader Environment load took 173ns 
808118     INFO  main            d.u.i.k.p.i.AbstractProblemLoader Creating init config 
811124     DEBUG main            d.u.i.k.p.i.AbstractProblemLoader Init config took 3.01s 
811163     INFO  main            d.u.i.k.p.i.AbstractProblemLoader Replaying proof ReadWrite[ReadWrite::doRead()].JML normal_behavior operation contract.0 
811559     DEBUG main            d.u.i.k.p.i.IntermediateProofReplayer Proof replay took 388.06ms 
811560     DEBUG main            d.u.i.k.p.r.p.TestFile    ... success: reloaded. 
811560     INFO  main            d.u.i.k.p.r.p.TestFile    Now processing file /home/runner/work/key/key/key.core/../key.ui/examples/heap/permissions/mulleretal/ReadWrite_doWrite_contract.key 
811561     INFO  main            d.u.i.k.p.i.AbstractProblemLoader Loading environment from /home/runner/work/key/key/key.core/../key.ui/examples/heap/permissions/mulleretal/ReadWrite_doWrite_contract.key 
811561     DEBUG main            d.u.i.k.p.i.AbstractProblemLoader Environment load took 141.6ns 
811562     INFO  main            d.u.i.k.p.i.AbstractProblemLoader Creating init config 
814622     DEBUG main            d.u.i.k.p.i.AbstractProblemLoader Init config took 3.06s 
814663     INFO  main            d.u.i.k.p.i.AbstractProblemLoader Replaying proof ReadWrite[ReadWrite::doWrite()].JML normal_behavior operation contract.0 
814665     DEBUG main            d.u.i.k.p.i.IntermediateProofReplayer Proof replay took 2.4ns 
816670     INFO  main            d.u.i.k.p.r.p.TestFile    ... finished proof: closed. 
817455     INFO  main            d.u.i.k.p.i.AbstractProblemLoader Loading environment from /home/runner/work/key/key/key.core/../key.ui/examples/heap/permissions/mulleretal/ReadWrite_doWrite_contract.key.proof 
817455     DEBUG main            d.u.i.k.p.i.AbstractProblemLoader Environment load took 96.2ns 
817456     INFO  main            d.u.i.k.p.i.AbstractProblemLoader Creating init config 
820672     DEBUG main            d.u.i.k.p.i.AbstractProblemLoader Init config took 3.22s 
820723     INFO  main            d.u.i.k.p.i.AbstractProblemLoader Replaying proof ReadWrite[ReadWrite::doWrite()].JML normal_behavior operation contract.0 
821450     DEBUG main            d.u.i.k.p.i.IntermediateProofReplayer Proof replay took 710.74ms 
821451     DEBUG main            d.u.i.k.p.r.p.TestFile    ... success: reloaded. 
821452     INFO  main            d.u.i.k.p.r.p.TestFile    Now processing file /home/runner/work/key/key/key.core/../key.ui/examples/heap/permissions/mulleretal/ReadWrite_read_contract.key 
821452     INFO  main            d.u.i.k.p.i.AbstractProblemLoader Loading environment from /home/runner/work/key/key/key.core/../key.ui/examples/heap/permissions/mulleretal/ReadWrite_read_contract.key 
821452     DEBUG main            d.u.i.k.p.i.AbstractProblemLoader Environment load took 53.6ns 
821453     INFO  main            d.u.i.k.p.i.AbstractProblemLoader Creating init config 
824872     DEBUG main            d.u.i.k.p.i.AbstractProblemLoader Init config took 3.42s 
824910     INFO  main            d.u.i.k.p.i.AbstractProblemLoader Replaying proof ReadWrite[ReadWrite::read()].JML normal_behavior operation contract.0 
824912     DEBUG main            d.u.i.k.p.i.IntermediateProofReplayer Proof replay took 3ns 
825014     INFO  main            d.u.i.k.p.r.p.TestFile    ... finished proof: closed. 
825766     INFO  main            d.u.i.k.p.i.AbstractProblemLoader Loading environment from /home/runner/work/key/key/key.core/../key.ui/examples/heap/permissions/mulleretal/ReadWrite_read_contract.key.proof 
825766     DEBUG main            d.u.i.k.p.i.AbstractProblemLoader Environment load took 99.8ns 
825767     INFO  main            d.u.i.k.p.i.AbstractProblemLoader Creating init config 
828752     DEBUG main            d.u.i.k.p.i.AbstractProblemLoader Init config took 2.98s 
828788     INFO  main            d.u.i.k.p.i.AbstractProblemLoader Replaying proof ReadWrite[ReadWrite::read()].JML normal_behavior operation contract.0 
828796     DEBUG main            d.u.i.k.p.i.IntermediateProofReplayer Proof replay took 6.42ms 
828797     DEBUG main            d.u.i.k.p.r.p.TestFile    ... success: reloaded. 
828798     INFO  main            d.u.i.k.p.r.p.TestFile    Now processing file /home/runner/work/key/key/key.core/../key.ui/examples/heap/permissions/mulleretal/ReadWrite_write_contract.key 
828798     INFO  main            d.u.i.k.p.i.AbstractProblemLoader Loading environment from /home/runner/work/key/key/key.core/../key.ui/examples/heap/permissions/mulleretal/ReadWrite_write_contract.key 
828798     DEBUG main            d.u.i.k.p.i.AbstractProblemLoader Environment load took 90ns 
828799     INFO  main            d.u.i.k.p.i.AbstractProblemLoader Creating init config 
831793     DEBUG main            d.u.i.k.p.i.AbstractProblemLoader Init config took 2.99s 
831826     INFO  main            d.u.i.k.p.i.AbstractProblemLoader Replaying proof ReadWrite[ReadWrite::write()].JML normal_behavior operation contract.0 
831827     DEBUG main            d.u.i.k.p.i.IntermediateProofReplayer Proof replay took 3.3ns 
831932     INFO  main            d.u.i.k.p.r.p.TestFile    ... finished proof: closed. 
832691     INFO  main            d.u.i.k.p.i.AbstractProblemLoader Loading environment from /home/runner/work/key/key/key.core/../key.ui/examples/heap/permissions/mulleretal/ReadWrite_write_contract.key.proof 
832691     DEBUG main            d.u.i.k.p.i.AbstractProblemLoader Environment load took 114.8ns 
832692     INFO  main            d.u.i.k.p.i.AbstractProblemLoader Creating init config 
835745     DEBUG main            d.u.i.k.p.i.AbstractProblemLoader Init config took 3.05s 
835780     INFO  main            d.u.i.k.p.i.AbstractProblemLoader Replaying proof ReadWrite[ReadWrite::write()].JML normal_behavior operation contract.0 
835803     DEBUG main            d.u.i.k.p.i.IntermediateProofReplayer Proof replay took 21.73ms 
835804     DEBUG main            d.u.i.k.p.r.p.TestFile    ... success: reloaded. 
835805     INFO  main            d.u.i.k.p.r.p.TestFile    Now processing file /home/runner/work/key/key/key.core/../key.ui/examples/heap/permissions/mulleretal/ReadWrite_inv1_accessible.key 
835805     INFO  main            d.u.i.k.p.i.AbstractProblemLoader Loading environment from /home/runner/work/key/key/key.core/../key.ui/examples/heap/permissions/mulleretal/ReadWrite_inv1_accessible.key 
835805     DEBUG main            d.u.i.k.p.i.AbstractProblemLoader Environment load took 44.9ns 
835806     INFO  main            d.u.i.k.p.i.AbstractProblemLoader Creating init config 
838933     DEBUG main            d.u.i.k.p.i.AbstractProblemLoader Init config took 3.13s 
838966     INFO  main            d.u.i.k.p.i.AbstractProblemLoader Replaying proof ReadWrite[java.lang.Object::<inv>()].JML accessible clause.0 
838968     DEBUG main            d.u.i.k.p.i.IntermediateProofReplayer Proof replay took 2.5ns 
839069     INFO  main            d.u.i.k.p.r.p.TestFile    ... finished proof: closed. 
839794     INFO  main            d.u.i.k.p.i.AbstractProblemLoader Loading environment from /home/runner/work/key/key/key.core/../key.ui/examples/heap/permissions/mulleretal/ReadWrite_inv1_accessible.key.proof 
839794     DEBUG main            d.u.i.k.p.i.AbstractProblemLoader Environment load took 93.6ns 
839796     INFO  main            d.u.i.k.p.i.AbstractProblemLoader Creating init config 
842807     DEBUG main            d.u.i.k.p.i.AbstractProblemLoader Init config took 3.01s 
842845     INFO  main            d.u.i.k.p.i.AbstractProblemLoader Replaying proof ReadWrite[java.lang.Object::<inv>()].JML accessible clause.0 
842849     DEBUG main            d.u.i.k.p.i.IntermediateProofReplayer Proof replay took 2.38ms 
842850     DEBUG main            d.u.i.k.p.r.p.TestFile    ... success: reloaded. 
842851     INFO  main            d.u.i.k.p.r.p.TestFile    Now processing file /home/runner/work/key/key/key.core/../key.ui/examples/heap/permissions/mulleretal/ReadWrite_inv2_accessible.key 
842851     INFO  main            d.u.i.k.p.i.AbstractProblemLoader Loading environment from /home/runner/work/key/key/key.core/../key.ui/examples/heap/permissions/mulleretal/ReadWrite_inv2_accessible.key 
842851     DEBUG main            d.u.i.k.p.i.AbstractProblemLoader Environment load took 123.1ns 
842852     INFO  main            d.u.i.k.p.i.AbstractProblemLoader Creating init config 
845804     DEBUG main            d.u.i.k.p.i.AbstractProblemLoader Init config took 2.95s 
845841     INFO  main            d.u.i.k.p.i.AbstractProblemLoader Replaying proof ReadWrite[java.lang.Object::<inv>()].JML accessible clause.1 
845843     DEBUG main            d.u.i.k.p.i.IntermediateProofReplayer Proof replay took 3.3ns 
845944     INFO  main            d.u.i.k.p.r.p.TestFile    ... finished proof: closed. 
846699     INFO  main            d.u.i.k.p.i.AbstractProblemLoader Loading environment from /home/runner/work/key/key/key.core/../key.ui/examples/heap/permissions/mulleretal/ReadWrite_inv2_accessible.key.proof 
846699     DEBUG main            d.u.i.k.p.i.AbstractProblemLoader Environment load took 76ns 
846700     INFO  main            d.u.i.k.p.i.AbstractProblemLoader Creating init config 
849703     DEBUG main            d.u.i.k.p.i.AbstractProblemLoader Init config took 3s 
849739     INFO  main            d.u.i.k.p.i.AbstractProblemLoader Replaying proof ReadWrite[java.lang.Object::<inv>()].JML accessible clause.1 
849742     DEBUG main            d.u.i.k.p.i.IntermediateProofReplayer Proof replay took 1.37ms 
849742     DEBUG main            d.u.i.k.p.r.p.TestFile    ... success: reloaded. 
849743     INFO  main            d.u.i.k.p.r.p.TestFile    Now processing file /home/runner/work/key/key/key.core/../key.ui/examples/heap/permissions/lockspec/Counter_lockConsistent_contract.key 
849743     INFO  main            d.u.i.k.p.i.AbstractProblemLoader Loading environment from /home/runner/work/key/key/key.core/../key.ui/examples/heap/permissions/lockspec/Counter_lockConsistent_contract.key 
849743     DEBUG main            d.u.i.k.p.i.AbstractProblemLoader Environment load took 118.4ns 
849744     INFO  main            d.u.i.k.p.i.AbstractProblemLoader Creating init config 
853330     DEBUG main            d.u.i.k.p.i.AbstractProblemLoader Init config took 3.59s 
853387     INFO  main            d.u.i.k.p.i.AbstractProblemLoader Replaying proof Counter[LockSpec::lockConsistent()].JML model_behavior operation contract.0 
853388     DEBUG main            d.u.i.k.p.i.IntermediateProofReplayer Proof replay took 3.1ns 
854629     INFO  main            d.u.i.k.p.r.p.TestFile    ... finished proof: closed. 
855382     INFO  main            d.u.i.k.p.i.AbstractProblemLoader Loading environment from /home/runner/work/key/key/key.core/../key.ui/examples/heap/permissions/lockspec/Counter_lockConsistent_contract.key.proof 
855382     DEBUG main            d.u.i.k.p.i.AbstractProblemLoader Environment load took 77.5ns 
855383     INFO  main            d.u.i.k.p.i.AbstractProblemLoader Creating init config 
858970     DEBUG main            d.u.i.k.p.i.AbstractProblemLoader Init config took 3.59s 
859037     INFO  main            d.u.i.k.p.i.AbstractProblemLoader Replaying proof Counter[LockSpec::lockConsistent()].JML model_behavior operation contract.0 
859301     DEBUG main            d.u.i.k.p.i.IntermediateProofReplayer Proof replay took 255.44ms 
859302     DEBUG main            d.u.i.k.p.r.p.TestFile    ... success: reloaded. 
859303     INFO  main            d.u.i.k.p.r.p.TestFile    Now processing file /home/runner/work/key/key/key.core/../key.ui/examples/heap/permissions/lockspec/Counter_increase_contract.key 
859303     INFO  main            d.u.i.k.p.i.AbstractProblemLoader Loading environment from /home/runner/work/key/key/key.core/../key.ui/examples/heap/permissions/lockspec/Counter_increase_contract.key 
859304     DEBUG main            d.u.i.k.p.i.AbstractProblemLoader Environment load took 236.9ns 
859304     INFO  main            d.u.i.k.p.i.AbstractProblemLoader Creating init config 
863053     DEBUG main            d.u.i.k.p.i.AbstractProblemLoader Init config took 3.75s 
863104     INFO  main            d.u.i.k.p.i.AbstractProblemLoader Replaying proof Counter[Counter::increase()].JML normal_behavior operation contract.0 
863110     DEBUG main            d.u.i.k.p.i.IntermediateProofReplayer Proof replay took 2.7ns 
865526     INFO  main            d.u.i.k.p.r.p.TestFile    ... finished proof: closed. 
866308     INFO  main            d.u.i.k.p.i.AbstractProblemLoader Loading environment from /home/runner/work/key/key/key.core/../key.ui/examples/heap/permissions/lockspec/Counter_increase_contract.key.proof 
866308     DEBUG main            d.u.i.k.p.i.AbstractProblemLoader Environment load took 125ns 
866309     INFO  main            d.u.i.k.p.i.AbstractProblemLoader Creating init config 
869791     DEBUG main            d.u.i.k.p.i.AbstractProblemLoader Init config took 3.48s 
869857     INFO  main            d.u.i.k.p.i.AbstractProblemLoader Replaying proof Counter[Counter::increase()].JML normal_behavior operation contract.0 
870134     DEBUG main            d.u.i.k.p.i.IntermediateProofReplayer Proof replay took 250.2ms 
870140     DEBUG main            d.u.i.k.p.r.p.TestFile    ... success: reloaded. 
870141     INFO  main            d.u.i.k.p.r.p.TestFile    Now processing file /home/runner/work/key/key/key.core/../key.ui/examples/heap/permissions/lockspec/Counter_fp_accessible.key 
870141     INFO  main            d.u.i.k.p.i.AbstractProblemLoader Loading environment from /home/runner/work/key/key/key.core/../key.ui/examples/heap/permissions/lockspec/Counter_fp_accessible.key 
870141     DEBUG main            d.u.i.k.p.i.AbstractProblemLoader Environment load took 223.5ns 
870142     INFO  main            d.u.i.k.p.i.AbstractProblemLoader Creating init config 
873632     DEBUG main            d.u.i.k.p.i.AbstractProblemLoader Init config took 3.49s 
873707     INFO  main            d.u.i.k.p.i.AbstractProblemLoader Replaying proof Counter[LockSpec::fp()].JML accessible clause.0 
873709     DEBUG main            d.u.i.k.p.i.IntermediateProofReplayer Proof replay took 2.8ns 
873812     INFO  main            d.u.i.k.p.r.p.TestFile    ... finished proof: closed. 
874542     INFO  main            d.u.i.k.p.i.AbstractProblemLoader Loading environment from /home/runner/work/key/key/key.core/../key.ui/examples/heap/permissions/lockspec/Counter_fp_accessible.key.proof 
874542     DEBUG main            d.u.i.k.p.i.AbstractProblemLoader Environment load took 82.8ns 
874543     INFO  main            d.u.i.k.p.i.AbstractProblemLoader Creating init config 
877977     DEBUG main            d.u.i.k.p.i.AbstractProblemLoader Init config took 3.43s 
878046     INFO  main            d.u.i.k.p.i.AbstractProblemLoader Replaying proof Counter[LockSpec::fp()].JML accessible clause.0 
878058     DEBUG main            d.u.i.k.p.i.IntermediateProofReplayer Proof replay took 8.83ms 
878058     DEBUG main            d.u.i.k.p.r.p.TestFile    ... success: reloaded. 
878059     INFO  main            d.u.i.k.p.r.p.TestFile    Now processing file /home/runner/work/key/key/key.core/../key.ui/examples/heap/permissions/lockspec/Counter_fpLock_accessible.key 
878060     INFO  main            d.u.i.k.p.i.AbstractProblemLoader Loading environment from /home/runner/work/key/key/key.core/../key.ui/examples/heap/permissions/lockspec/Counter_fpLock_accessible.key 
878060     DEBUG main            d.u.i.k.p.i.AbstractProblemLoader Environment load took 185.9ns 
878061     INFO  main            d.u.i.k.p.i.AbstractProblemLoader Creating init config 
881654     DEBUG main            d.u.i.k.p.i.AbstractProblemLoader Init config took 3.59s 
881715     INFO  main            d.u.i.k.p.i.AbstractProblemLoader Replaying proof Counter[LockSpec::fpLock()].JML accessible clause.0 
881717     DEBUG main            d.u.i.k.p.i.IntermediateProofReplayer Proof replay took 2.7ns 
881819     INFO  main            d.u.i.k.p.r.p.TestFile    ... finished proof: closed. 
882547     INFO  main            d.u.i.k.p.i.AbstractProblemLoader Loading environment from /home/runner/work/key/key/key.core/../key.ui/examples/heap/permissions/lockspec/Counter_fpLock_accessible.key.proof 
882547     DEBUG main            d.u.i.k.p.i.AbstractProblemLoader Environment load took 83.1ns 
882548     INFO  main            d.u.i.k.p.i.AbstractProblemLoader Creating init config 
886003     DEBUG main            d.u.i.k.p.i.AbstractProblemLoader Init config took 3.46s 
886064     INFO  main            d.u.i.k.p.i.AbstractProblemLoader Replaying proof Counter[LockSpec::fpLock()].JML accessible clause.0 
886074     DEBUG main            d.u.i.k.p.i.IntermediateProofReplayer Proof replay took 7.48ms 
886074     DEBUG main            d.u.i.k.p.r.p.TestFile    ... success: reloaded. 
886075     INFO  main            d.u.i.k.p.r.p.TestFile    Now processing file /home/runner/work/key/key/key.core/../key.ui/examples/heap/permissions/lockspec/Counter_fpPerm_accessible.key 
886076     INFO  main            d.u.i.k.p.i.AbstractProblemLoader Loading environment from /home/runner/work/key/key/key.core/../key.ui/examples/heap/permissions/lockspec/Counter_fpPerm_accessible.key 
886076     DEBUG main            d.u.i.k.p.i.AbstractProblemLoader Environment load took 176.71ns 
886077     INFO  main            d.u.i.k.p.i.AbstractProblemLoader Creating init config 
889642     DEBUG main            d.u.i.k.p.i.AbstractProblemLoader Init config took 3.57s 
889730     INFO  main            d.u.i.k.p.i.AbstractProblemLoader Replaying proof Counter[LockSpec::fpPerm()].JML accessible clause.0 
889738     DEBUG main            d.u.i.k.p.i.IntermediateProofReplayer Proof replay took 3ns 
889841     INFO  main            d.u.i.k.p.r.p.TestFile    ... finished proof: closed. 
890573     INFO  main            d.u.i.k.p.i.AbstractProblemLoader Loading environment from /home/runner/work/key/key/key.core/../key.ui/examples/heap/permissions/lockspec/Counter_fpPerm_accessible.key.proof 
890573     DEBUG main            d.u.i.k.p.i.AbstractProblemLoader Environment load took 76.2ns 
890574     INFO  main            d.u.i.k.p.i.AbstractProblemLoader Creating init config 
894046     DEBUG main            d.u.i.k.p.i.AbstractProblemLoader Init config took 3.47s 
894110     INFO  main            d.u.i.k.p.i.AbstractProblemLoader Replaying proof Counter[LockSpec::fpPerm()].JML accessible clause.0 
894121     DEBUG main            d.u.i.k.p.i.IntermediateProofReplayer Proof replay took 7.75ms 
894122     DEBUG main            d.u.i.k.p.r.p.TestFile    ... success: reloaded. 
894123     INFO  main            d.u.i.k.p.r.p.TestFile    Now processing file /home/runner/work/key/key/key.core/../key.ui/examples/heap/permissions/lockspec/Counter_inv_accessible1.key 
894123     INFO  main            d.u.i.k.p.i.AbstractProblemLoader Loading environment from /home/runner/work/key/key/key.core/../key.ui/examples/heap/permissions/lockspec/Counter_inv_accessible1.key 
894123     DEBUG main            d.u.i.k.p.i.AbstractProblemLoader Environment load took 270.9ns 
894124     INFO  main            d.u.i.k.p.i.AbstractProblemLoader Creating init config 
897755     DEBUG main            d.u.i.k.p.i.AbstractProblemLoader Init config took 3.63s 
897814     INFO  main            d.u.i.k.p.i.AbstractProblemLoader Replaying proof Counter[java.lang.Object::<inv>()].JML accessible clause.0 
897816     DEBUG main            d.u.i.k.p.i.IntermediateProofReplayer Proof replay took 2.4ns 
897918     INFO  main            d.u.i.k.p.r.p.TestFile    ... finished proof: closed. 
898625     INFO  main            d.u.i.k.p.i.AbstractProblemLoader Loading environment from /home/runner/work/key/key/key.core/../key.ui/examples/heap/permissions/lockspec/Counter_inv_accessible1.key.proof 
898625     DEBUG main            d.u.i.k.p.i.AbstractProblemLoader Environment load took 108.2ns 
898626     INFO  main            d.u.i.k.p.i.AbstractProblemLoader Creating init config 
902136     DEBUG main            d.u.i.k.p.i.AbstractProblemLoader Init config took 3.51s 
902197     INFO  main            d.u.i.k.p.i.AbstractProblemLoader Replaying proof Counter[java.lang.Object::<inv>()].JML accessible clause.0 
902220     DEBUG main            d.u.i.k.p.i.IntermediateProofReplayer Proof replay took 19.83ms 
902221     DEBUG main            d.u.i.k.p.r.p.TestFile    ... success: reloaded. 
902222     INFO  main            d.u.i.k.p.r.p.TestFile    Now processing file /home/runner/work/key/key/key.core/../key.ui/examples/heap/permissions/lockspec/Counter_inv_accessible2.key 
902222     INFO  main            d.u.i.k.p.i.AbstractProblemLoader Loading environment from /home/runner/work/key/key/key.core/../key.ui/examples/heap/permissions/lockspec/Counter_inv_accessible2.key 
902222     DEBUG main            d.u.i.k.p.i.AbstractProblemLoader Environment load took 178.5ns 
902223     INFO  main            d.u.i.k.p.i.AbstractProblemLoader Creating init config 
905686     DEBUG main            d.u.i.k.p.i.AbstractProblemLoader Init config took 3.46s 
905761     INFO  main            d.u.i.k.p.i.AbstractProblemLoader Replaying proof Counter[java.lang.Object::<inv>()].JML accessible clause.1 
905763     DEBUG main            d.u.i.k.p.i.IntermediateProofReplayer Proof replay took 2.7ns 
905865     INFO  main            d.u.i.k.p.r.p.TestFile    ... finished proof: closed. 
906602     INFO  main            d.u.i.k.p.i.AbstractProblemLoader Loading environment from /home/runner/work/key/key/key.core/../key.ui/examples/heap/permissions/lockspec/Counter_inv_accessible2.key.proof 
906602     DEBUG main            d.u.i.k.p.i.AbstractProblemLoader Environment load took 107.2ns 
906604     INFO  main            d.u.i.k.p.i.AbstractProblemLoader Creating init config 
910010     DEBUG main            d.u.i.k.p.i.AbstractProblemLoader Init config took 3.41s 
910077     INFO  main            d.u.i.k.p.i.AbstractProblemLoader Replaying proof Counter[java.lang.Object::<inv>()].JML accessible clause.1 
910089     DEBUG main            d.u.i.k.p.i.IntermediateProofReplayer Proof replay took 10.15ms 
910090     DEBUG main            d.u.i.k.p.r.p.TestFile    ... success: reloaded. 
910091     INFO  main            d.u.i.k.p.r.p.TestFile    Now processing file /home/runner/work/key/key/key.core/../key.ui/examples/heap/permissions/lockspec/Counter_lockRef_accessible.key 
910091     INFO  main            d.u.i.k.p.i.AbstractProblemLoader Loading environment from /home/runner/work/key/key/key.core/../key.ui/examples/heap/permissions/lockspec/Counter_lockRef_accessible.key 
910091     DEBUG main            d.u.i.k.p.i.AbstractProblemLoader Environment load took 144.3ns 
910092     INFO  main            d.u.i.k.p.i.AbstractProblemLoader Creating init config 
913646     DEBUG main            d.u.i.k.p.i.AbstractProblemLoader Init config took 3.55s 
913708     INFO  main            d.u.i.k.p.i.AbstractProblemLoader Replaying proof Counter[LockSpec::lockRef()].JML accessible clause.0 
913709     DEBUG main            d.u.i.k.p.i.IntermediateProofReplayer Proof replay took 3.4ns 
913911     INFO  main            d.u.i.k.p.r.p.TestFile    ... finished proof: closed. 
914650     INFO  main            d.u.i.k.p.i.AbstractProblemLoader Loading environment from /home/runner/work/key/key/key.core/../key.ui/examples/heap/permissions/lockspec/Counter_lockRef_accessible.key.proof 
914650     DEBUG main            d.u.i.k.p.i.AbstractProblemLoader Environment load took 96.1ns 
914651     INFO  main            d.u.i.k.p.i.AbstractProblemLoader Creating init config 
918081     DEBUG main            d.u.i.k.p.i.AbstractProblemLoader Init config took 3.43s 
918155     INFO  main            d.u.i.k.p.i.AbstractProblemLoader Replaying proof Counter[LockSpec::lockRef()].JML accessible clause.0 
918208     DEBUG main            d.u.i.k.p.i.IntermediateProofReplayer Proof replay took 50.17ms 
918209     DEBUG main            d.u.i.k.p.r.p.TestFile    ... success: reloaded. 
918210     INFO  main            d.u.i.k.p.r.p.TestFile    Now processing file /home/runner/work/key/key/key.core/../key.ui/examples/heap/permissions/lockspec/Counter_lockRef_contract1.key 
918211     INFO  main            d.u.i.k.p.i.AbstractProblemLoader Loading environment from /home/runner/work/key/key/key.core/../key.ui/examples/heap/permissions/lockspec/Counter_lockRef_contract1.key 
918211     DEBUG main            d.u.i.k.p.i.AbstractProblemLoader Environment load took 228.9ns 
918212     INFO  main            d.u.i.k.p.i.AbstractProblemLoader Creating init config 
921751     DEBUG main            d.u.i.k.p.i.AbstractProblemLoader Init config took 3.54s 
921815     INFO  main            d.u.i.k.p.i.AbstractProblemLoader Replaying proof Counter[LockSpec::lockRef()].JML model_behavior operation contract.0 
921818     DEBUG main            d.u.i.k.p.i.IntermediateProofReplayer Proof replay took 20.6ns 
921920     INFO  main            d.u.i.k.p.r.p.TestFile    ... finished proof: closed. 
922665     INFO  main            d.u.i.k.p.i.AbstractProblemLoader Loading environment from /home/runner/work/key/key/key.core/../key.ui/examples/heap/permissions/lockspec/Counter_lockRef_contract1.key.proof 
922665     DEBUG main            d.u.i.k.p.i.AbstractProblemLoader Environment load took 86.7ns 
922666     INFO  main            d.u.i.k.p.i.AbstractProblemLoader Creating init config 
926068     DEBUG main            d.u.i.k.p.i.AbstractProblemLoader Init config took 3.4s 
926139     INFO  main            d.u.i.k.p.i.AbstractProblemLoader Replaying proof Counter[LockSpec::lockRef()].JML model_behavior operation contract.0 
926146     DEBUG main            d.u.i.k.p.i.IntermediateProofReplayer Proof replay took 5.03ms 
926146     DEBUG main            d.u.i.k.p.r.p.TestFile    ... success: reloaded. 
926147     INFO  main            d.u.i.k.p.r.p.TestFile    Now processing file /home/runner/work/key/key/key.core/../key.ui/examples/heap/permissions/lockspec/Counter_lockRef_contract2.key 
926148     INFO  main            d.u.i.k.p.i.AbstractProblemLoader Loading environment from /home/runner/work/key/key/key.core/../key.ui/examples/heap/permissions/lockspec/Counter_lockRef_contract2.key 
926148     DEBUG main            d.u.i.k.p.i.AbstractProblemLoader Environment load took 170.2ns 
926149     INFO  main            d.u.i.k.p.i.AbstractProblemLoader Creating init config 
930045     DEBUG main            d.u.i.k.p.i.AbstractProblemLoader Init config took 3.9s 
930102     INFO  main            d.u.i.k.p.i.AbstractProblemLoader Replaying proof Counter[Counter::lockRef()].JML model_behavior operation contract.0 
930105     DEBUG main            d.u.i.k.p.i.IntermediateProofReplayer Proof replay took 3ns 
930210     INFO  main            d.u.i.k.p.r.p.TestFile    ... finished proof: closed. 
931019     INFO  main            d.u.i.k.p.i.AbstractProblemLoader Loading environment from /home/runner/work/key/key/key.core/../key.ui/examples/heap/permissions/lockspec/Counter_lockRef_contract2.key.proof 
931019     DEBUG main            d.u.i.k.p.i.AbstractProblemLoader Environment load took 83.7ns 
931021     INFO  main            d.u.i.k.p.i.AbstractProblemLoader Creating init config 
934707     DEBUG main            d.u.i.k.p.i.AbstractProblemLoader Init config took 3.69s 
934791     INFO  main            d.u.i.k.p.i.AbstractProblemLoader Replaying proof Counter[Counter::lockRef()].JML model_behavior operation contract.0 
934798     DEBUG main            d.u.i.k.p.i.IntermediateProofReplayer Proof replay took 4.44ms 
934798     DEBUG main            d.u.i.k.p.r.p.TestFile    ... success: reloaded. 
934799     INFO  main            d.u.i.k.p.r.p.TestFile    Now processing file /home/runner/work/key/key/key.core/../key.ui/examples/heap/permissions/lockspec/Counter_lockState_accessible.key 
934800     INFO  main            d.u.i.k.p.i.AbstractProblemLoader Loading environment from /home/runner/work/key/key/key.core/../key.ui/examples/heap/permissions/lockspec/Counter_lockState_accessible.key 
934800     DEBUG main            d.u.i.k.p.i.AbstractProblemLoader Environment load took 111.5ns 
934801     INFO  main            d.u.i.k.p.i.AbstractProblemLoader Creating init config 
938561     DEBUG main            d.u.i.k.p.i.AbstractProblemLoader Init config took 3.76s 
938631     INFO  main            d.u.i.k.p.i.AbstractProblemLoader Replaying proof Counter[LockSpec::lockState(boolean)].JML accessible clause.0 
938633     DEBUG main            d.u.i.k.p.i.IntermediateProofReplayer Proof replay took 2.4ns 
938935     INFO  main            d.u.i.k.p.r.p.TestFile    ... finished proof: closed. 
939756     INFO  main            d.u.i.k.p.i.AbstractProblemLoader Loading environment from /home/runner/work/key/key/key.core/../key.ui/examples/heap/permissions/lockspec/Counter_lockState_accessible.key.proof 
939756     DEBUG main            d.u.i.k.p.i.AbstractProblemLoader Environment load took 68.6ns 
939757     INFO  main            d.u.i.k.p.i.AbstractProblemLoader Creating init config 
943287     DEBUG main            d.u.i.k.p.i.AbstractProblemLoader Init config took 3.53s 
943346     INFO  main            d.u.i.k.p.i.AbstractProblemLoader Replaying proof Counter[LockSpec::lockState(boolean)].JML accessible clause.0 
943393     DEBUG main            d.u.i.k.p.i.IntermediateProofReplayer Proof replay took 44.25ms 
943394     DEBUG main            d.u.i.k.p.r.p.TestFile    ... success: reloaded. 
943395     INFO  main            d.u.i.k.p.r.p.TestFile    Now processing file /home/runner/work/key/key/key.core/../key.ui/examples/heap/permissions/lockspec/Counter_lockStatus_accessible.key 
943395     INFO  main            d.u.i.k.p.i.AbstractProblemLoader Loading environment from /home/runner/work/key/key/key.core/../key.ui/examples/heap/permissions/lockspec/Counter_lockStatus_accessible.key 
943395     DEBUG main            d.u.i.k.p.i.AbstractProblemLoader Environment load took 46.5ns 
943396     INFO  main            d.u.i.k.p.i.AbstractProblemLoader Creating init config 
946992     DEBUG main            d.u.i.k.p.i.AbstractProblemLoader Init config took 3.6s 
947051     INFO  main            d.u.i.k.p.i.AbstractProblemLoader Replaying proof Counter[LockSpec::lockStatus(boolean)].JML accessible clause.0 
947053     DEBUG main            d.u.i.k.p.i.IntermediateProofReplayer Proof replay took 2.7ns 
947154     INFO  main            d.u.i.k.p.r.p.TestFile    ... finished proof: closed. 
947943     INFO  main            d.u.i.k.p.i.AbstractProblemLoader Loading environment from /home/runner/work/key/key/key.core/../key.ui/examples/heap/permissions/lockspec/Counter_lockStatus_accessible.key.proof 
947944     DEBUG main            d.u.i.k.p.i.AbstractProblemLoader Environment load took 73.7ns 
947944     INFO  main            d.u.i.k.p.i.AbstractProblemLoader Creating init config 
951533     DEBUG main            d.u.i.k.p.i.AbstractProblemLoader Init config took 3.59s 
951610     INFO  main            d.u.i.k.p.i.AbstractProblemLoader Replaying proof Counter[LockSpec::lockStatus(boolean)].JML accessible clause.0 
951631     DEBUG main            d.u.i.k.p.i.IntermediateProofReplayer Proof replay took 17.84ms 
951632     DEBUG main            d.u.i.k.p.r.p.TestFile    ... success: reloaded. 
951633     INFO  main            d.u.i.k.p.r.p.TestFile    Now processing file /home/runner/work/key/key/key.core/../key.ui/examples/heap/permissions/lockspec/Counter_lockTransfer_accessible.key 
951633     INFO  main            d.u.i.k.p.i.AbstractProblemLoader Loading environment from /home/runner/work/key/key/key.core/../key.ui/examples/heap/permissions/lockspec/Counter_lockTransfer_accessible.key 
951634     DEBUG main            d.u.i.k.p.i.AbstractProblemLoader Environment load took 243.2ns 
951635     INFO  main            d.u.i.k.p.i.AbstractProblemLoader Creating init config 
955282     DEBUG main            d.u.i.k.p.i.AbstractProblemLoader Init config took 3.65s 
955338     INFO  main            d.u.i.k.p.i.AbstractProblemLoader Replaying proof Counter[LockSpec::lockTransfer()].JML accessible clause.0 
955340     DEBUG main            d.u.i.k.p.i.IntermediateProofReplayer Proof replay took 2.7ns 
955742     INFO  main            d.u.i.k.p.r.p.TestFile    ... finished proof: closed. 
956571     INFO  main            d.u.i.k.p.i.AbstractProblemLoader Loading environment from /home/runner/work/key/key/key.core/../key.ui/examples/heap/permissions/lockspec/Counter_lockTransfer_accessible.key.proof 
956571     DEBUG main            d.u.i.k.p.i.AbstractProblemLoader Environment load took 174ns 
956572     INFO  main            d.u.i.k.p.i.AbstractProblemLoader Creating init config 
960304     DEBUG main            d.u.i.k.p.i.AbstractProblemLoader Init config took 3.73s 
960389     INFO  main            d.u.i.k.p.i.AbstractProblemLoader Replaying proof Counter[LockSpec::lockTransfer()].JML accessible clause.0 
960464     DEBUG main            d.u.i.k.p.i.IntermediateProofReplayer Proof replay took 71.69ms 
960465     DEBUG main            d.u.i.k.p.r.p.TestFile    ... success: reloaded. 
960466     INFO  main            d.u.i.k.p.r.p.TestFile    Now processing file /home/runner/work/key/key/key.core/../key.ui/examples/heap/permissions/lockspec/Counter_unlockTransfer_accessible.key 
960467     INFO  main            d.u.i.k.p.i.AbstractProblemLoader Loading environment from /home/runner/work/key/key/key.core/../key.ui/examples/heap/permissions/lockspec/Counter_unlockTransfer_accessible.key 
960467     DEBUG main            d.u.i.k.p.i.AbstractProblemLoader Environment load took 174.4ns 
960468     INFO  main            d.u.i.k.p.i.AbstractProblemLoader Creating init config 
964271     DEBUG main            d.u.i.k.p.i.AbstractProblemLoader Init config took 3.8s 
964335     INFO  main            d.u.i.k.p.i.AbstractProblemLoader Replaying proof Counter[LockSpec::unlockTransfer()].JML accessible clause.0 
964336     DEBUG main            d.u.i.k.p.i.IntermediateProofReplayer Proof replay took 3.9ns 
964740     INFO  main            d.u.i.k.p.r.p.TestFile    ... finished proof: closed. 
965598     INFO  main            d.u.i.k.p.i.AbstractProblemLoader Loading environment from /home/runner/work/key/key/key.core/../key.ui/examples/heap/permissions/lockspec/Counter_unlockTransfer_accessible.key.proof 
965598     DEBUG main            d.u.i.k.p.i.AbstractProblemLoader Environment load took 72.6ns 
965599     INFO  main            d.u.i.k.p.i.AbstractProblemLoader Creating init config 
969370     DEBUG main            d.u.i.k.p.i.AbstractProblemLoader Init config took 3.77s 
969427     INFO  main            d.u.i.k.p.i.AbstractProblemLoader Replaying proof Counter[LockSpec::unlockTransfer()].JML accessible clause.0 
969491     DEBUG main            d.u.i.k.p.i.IntermediateProofReplayer Proof replay took 57.28ms 
969492     DEBUG main            d.u.i.k.p.r.p.TestFile    ... success: reloaded. 
969493     INFO  main            d.u.i.k.p.r.p.TestFile    Now processing file /home/runner/work/key/key/key.core/../key.ui/examples/heap/permissions/threads/Plotter_startTransfer_contract.proof 
969493     INFO  main            d.u.i.k.p.i.AbstractProblemLoader Loading environment from /home/runner/work/key/key/key.core/../key.ui/examples/heap/permissions/threads/Plotter_startTransfer_contract.proof 
969493     DEBUG main            d.u.i.k.p.i.AbstractProblemLoader Environment load took 198.5ns 
969494     INFO  main            d.u.i.k.p.i.AbstractProblemLoader Creating init config 
975039     DEBUG main            d.u.i.k.p.i.AbstractProblemLoader Init config took 5.54s 
975144     INFO  main            d.u.i.k.p.i.AbstractProblemLoader Replaying proof Plotter[ThreadSpec2::startTransfer()].JML model_behavior operation contract.0 
975280     DEBUG main            d.u.i.k.p.i.IntermediateProofReplayer Proof replay took 127.01ms 
975280     INFO  main            d.u.i.k.p.r.p.TestFile    ... success: loaded 
975281     INFO  main            d.u.i.k.p.r.p.TestFile    Now processing file /home/runner/work/key/key/key.core/../key.ui/examples/heap/permissions/threads/Plotter_startTransfer_accessible.proof 
975282     INFO  main            d.u.i.k.p.i.AbstractProblemLoader Loading environment from /home/runner/work/key/key/key.core/../key.ui/examples/heap/permissions/threads/Plotter_startTransfer_accessible.proof 
975282     DEBUG main            d.u.i.k.p.i.AbstractProblemLoader Environment load took 106.3ns 
975283     INFO  main            d.u.i.k.p.i.AbstractProblemLoader Creating init config 
980777     DEBUG main            d.u.i.k.p.i.AbstractProblemLoader Init config took 5.49s 
980901     INFO  main            d.u.i.k.p.i.AbstractProblemLoader Replaying proof Plotter[ThreadSpec2::startTransfer()].JML accessible clause.0 
981050     DEBUG main            d.u.i.k.p.i.IntermediateProofReplayer Proof replay took 135.35ms 
981060     INFO  main            d.u.i.k.p.r.p.TestFile    ... success: loaded 
981061     INFO  main            d.u.i.k.p.r.p.TestFile    Now processing file /home/runner/work/key/key/key.core/../key.ui/examples/heap/permissions/threads/Plotter_joinTransfer_accessible.proof 
981061     INFO  main            d.u.i.k.p.i.AbstractProblemLoader Loading environment from /home/runner/work/key/key/key.core/../key.ui/examples/heap/permissions/threads/Plotter_joinTransfer_accessible.proof 
981061     DEBUG main            d.u.i.k.p.i.AbstractProblemLoader Environment load took 130.4ns 
981062     INFO  main            d.u.i.k.p.i.AbstractProblemLoader Creating init config 
986726     DEBUG main            d.u.i.k.p.i.AbstractProblemLoader Init config took 5.66s 
986831     INFO  main            d.u.i.k.p.i.AbstractProblemLoader Replaying proof Plotter[ThreadSpec2::joinTransfer()].JML accessible clause.0 
986838     WARN  main            d.u.i.k.p.i.IntermediateProofReplayer Proof contains wrong number of \assumes instatiations for Definition_axiom_for_stateInv_in_Plotter 
986840     WARN  main            d.u.i.k.p.i.IntermediateProofReplayer Proof contains wrong number of \assumes instatiations for Definition_axiom_for_stateInv_in_Plotter 
986841     WARN  main            d.u.i.k.p.i.IntermediateProofReplayer Proof contains wrong number of \assumes instatiations for Definition_axiom_for_workingPermissions_in_Plotter 
986842     WARN  main            d.u.i.k.p.i.IntermediateProofReplayer Proof contains wrong number of \assumes instatiations for Definition_axiom_for_staticPermissions_in_Plotter 
986843     WARN  main            d.u.i.k.p.i.IntermediateProofReplayer Proof contains wrong number of \assumes instatiations for Definition_axiom_for_joinTransfer_in_Plotter 
986844     WARN  main            d.u.i.k.p.i.IntermediateProofReplayer Proof contains wrong number of \assumes instatiations for Definition_axiom_for_stateInv_in_BFilter 
986849     WARN  main            d.u.i.k.p.i.IntermediateProofReplayer Proof contains wrong number of \assumes instatiations for Definition_axiom_for_stateInv_in_AFilter 
986851     WARN  main            d.u.i.k.p.i.IntermediateProofReplayer Proof contains wrong number of \assumes instatiations for Definition_axiom_for_stateInv_in_BFilter 
986853     WARN  main            d.u.i.k.p.i.IntermediateProofReplayer Proof contains wrong number of \assumes instatiations for Definition_axiom_for_stateInv_in_AFilter 
986855     WARN  main            d.u.i.k.p.i.IntermediateProofReplayer Proof contains wrong number of \assumes instatiations for Definition_axiom_for_staticPermissions_in_AFilter 
986855     WARN  main            d.u.i.k.p.i.IntermediateProofReplayer Proof contains wrong number of \assumes instatiations for Definition_axiom_for_staticPermissions_in_Plotter 
986856     WARN  main            d.u.i.k.p.i.IntermediateProofReplayer Proof contains wrong number of \assumes instatiations for Definition_axiom_for_staticPermissions_in_BFilter 
986857     WARN  main            d.u.i.k.p.i.IntermediateProofReplayer Proof contains wrong number of \assumes instatiations for Definition_axiom_for_workingPermissions_in_Plotter 
986857     WARN  main            d.u.i.k.p.i.IntermediateProofReplayer Proof contains wrong number of \assumes instatiations for Definition_axiom_for_stateInv_in_Sampler 
986858     WARN  main            d.u.i.k.p.i.IntermediateProofReplayer Proof contains wrong number of \assumes instatiations for Definition_axiom_for_stateInv_in_Sampler 
986859     WARN  main            d.u.i.k.p.i.IntermediateProofReplayer Proof contains wrong number of \assumes instatiations for Definition_axiom_for_staticPermissions_in_Sampler 
986860     WARN  main            d.u.i.k.p.i.IntermediateProofReplayer Proof contains wrong number of \assumes instatiations for Definition_axiom_for_staticPermissions_in_BFilter 
986861     WARN  main            d.u.i.k.p.i.IntermediateProofReplayer Proof contains wrong number of \assumes instatiations for Definition_axiom_for_staticPermissions_in_AFilter 
986861     WARN  main            d.u.i.k.p.i.IntermediateProofReplayer Proof contains wrong number of \assumes instatiations for Definition_axiom_for_staticPermissions_in_Sampler 
986862     WARN  main            d.u.i.k.p.i.IntermediateProofReplayer Proof contains wrong number of \assumes instatiations for Definition_axiom_for_staticPermissions_in_Sampler 
986863     WARN  main            d.u.i.k.p.i.IntermediateProofReplayer Proof contains wrong number of \assumes instatiations for Definition_axiom_for_staticPermissions_in_Sampler 
986863     WARN  main            d.u.i.k.p.i.IntermediateProofReplayer Proof contains wrong number of \assumes instatiations for Definition_axiom_for_joinTransfer_in_Plotter 
986926     DEBUG main            d.u.i.k.p.i.IntermediateProofReplayer Proof replay took 91.3ms 
986927     INFO  main            d.u.i.k.p.r.p.TestFile    ... success: loaded 
5762807    INFO  Test worker     d.u.i.k.p.r.p.StatisticsFile Returning from test permissionHeap 
5762814    INFO  Test worker     d.u.i.k.p.r.p.StatisticsFile Running test completionScopes 
430        INFO  Timeout watchdog d.u.i.k.p.r.p.ForkedTestFileRunner Timeout watcher launched (2000 secs.) 
451        WARN  main            d.u.i.k.s.ProofSettings   The settings in /home/runner/.key/proof-settings.props are *not* read. 
517        INFO  main            d.u.i.k.p.r.p.TestFile    Now processing file /home/runner/work/key/key/key.core/../key.ui/examples/completionscopes/testCcatchReturnVal.key 
653        INFO  main            d.u.i.k.p.i.AbstractProblemLoader Loading environment from /home/runner/work/key/key/key.core/../key.ui/examples/completionscopes/testCcatchReturnVal.key 
670        DEBUG main            d.u.i.k.p.i.AbstractProblemLoader Environment load took 1.83ms 
933        INFO  main            d.u.i.k.p.i.AbstractProblemLoader Creating init config 
2172       DEBUG main            d.u.i.k.j.TypeConverter   No LDT found for Meta 
2173       DEBUG main            d.u.i.k.j.TypeConverter   No LDT found for Meta 
2176       DEBUG main            d.u.i.k.j.TypeConverter   No LDT found for Meta 
2176       DEBUG main            d.u.i.k.j.TypeConverter   No LDT found for Meta 
4483       DEBUG main            d.u.i.k.j.TypeConverter   No LDT found for JavaBigintExpression 
10817      DEBUG main            d.u.i.k.p.i.AbstractProblemLoader Init config took 9.88s 
11031      INFO  main            d.u.i.k.p.i.AbstractProblemLoader Replaying proof CompletionScopes[CompletionScopes::testCcatchReturnVal()].JML normal_behavior operation contract.0 
11083      DEBUG main            d.u.i.k.p.i.IntermediateProofReplayer Proof replay took 39ns 
11693      INFO  main            d.u.i.k.p.r.p.TestFile    ... finished proof: closed. 
11808      INFO  main            d.u.i.k.p.i.AbstractProblemLoader Loading environment from /home/runner/work/key/key/key.core/../key.ui/examples/completionscopes/testCcatchReturnVal.key.proof 
11813      DEBUG main            d.u.i.k.p.i.AbstractProblemLoader Environment load took 5.18ms 
11815      INFO  main            d.u.i.k.p.i.AbstractProblemLoader Creating init config 
15210      DEBUG main            d.u.i.k.p.i.AbstractProblemLoader Init config took 3.39s 
15304      INFO  main            d.u.i.k.p.i.AbstractProblemLoader Replaying proof CompletionScopes[CompletionScopes::testCcatchReturnVal()].JML normal_behavior operation contract.0 
15352      DEBUG main            d.u.i.k.p.i.IntermediateProofReplayer Proof replay took 41.68ms 
15362      DEBUG main            d.u.i.k.p.r.p.TestFile    ... success: reloaded. 
15365      INFO  main            d.u.i.k.p.r.p.TestFile    Now processing file /home/runner/work/key/key/key.core/../key.ui/examples/completionscopes/testMultCcatchClauses.key 
15365      INFO  main            d.u.i.k.p.i.AbstractProblemLoader Loading environment from /home/runner/work/key/key/key.core/../key.ui/examples/completionscopes/testMultCcatchClauses.key 
15365      DEBUG main            d.u.i.k.p.i.AbstractProblemLoader Environment load took 270.9ns 
15368      INFO  main            d.u.i.k.p.i.AbstractProblemLoader Creating init config 
18684      DEBUG main            d.u.i.k.p.i.AbstractProblemLoader Init config took 3.32s 
18753      INFO  main            d.u.i.k.p.i.AbstractProblemLoader Replaying proof CompletionScopes[CompletionScopes::testMultCcatchClauses()].JML normal_behavior operation contract.0 
18756      DEBUG main            d.u.i.k.p.i.IntermediateProofReplayer Proof replay took 26.8ns 
19160      INFO  main            d.u.i.k.p.r.p.TestFile    ... finished proof: closed. 
19315      INFO  main            d.u.i.k.p.i.AbstractProblemLoader Loading environment from /home/runner/work/key/key/key.core/../key.ui/examples/completionscopes/testMultCcatchClauses.key.proof 
19316      DEBUG main            d.u.i.k.p.i.AbstractProblemLoader Environment load took 1.34ms 
19318      INFO  main            d.u.i.k.p.i.AbstractProblemLoader Creating init config 
22597      DEBUG main            d.u.i.k.p.i.AbstractProblemLoader Init config took 3.28s 
22667      INFO  main            d.u.i.k.p.i.AbstractProblemLoader Replaying proof CompletionScopes[CompletionScopes::testMultCcatchClauses()].JML normal_behavior operation contract.0 
22815      DEBUG main            d.u.i.k.p.i.IntermediateProofReplayer Proof replay took 143.55ms 
22817      DEBUG main            d.u.i.k.p.r.p.TestFile    ... success: reloaded. 
22820      INFO  main            d.u.i.k.p.r.p.TestFile    Now processing file /home/runner/work/key/key/key.core/../key.ui/examples/completionscopes/testNestedExec.key 
22820      INFO  main            d.u.i.k.p.i.AbstractProblemLoader Loading environment from /home/runner/work/key/key/key.core/../key.ui/examples/completionscopes/testNestedExec.key 
22820      DEBUG main            d.u.i.k.p.i.AbstractProblemLoader Environment load took 235ns 
22825      INFO  main            d.u.i.k.p.i.AbstractProblemLoader Creating init config 
26155      DEBUG main            d.u.i.k.p.i.AbstractProblemLoader Init config took 3.33s 
26232      INFO  main            d.u.i.k.p.i.AbstractProblemLoader Replaying proof CompletionScopes[CompletionScopes::testMultCcatchClauses()].JML normal_behavior operation contract.0 
26238      DEBUG main            d.u.i.k.p.i.IntermediateProofReplayer Proof replay took 6.2ns 
26542      INFO  main            d.u.i.k.p.r.p.TestFile    ... finished proof: closed. 
26706      INFO  main            d.u.i.k.p.i.AbstractProblemLoader Loading environment from /home/runner/work/key/key/key.core/../key.ui/examples/completionscopes/testNestedExec.key.proof 
26706      DEBUG main            d.u.i.k.p.i.AbstractProblemLoader Environment load took 381.1ns 
26708      INFO  main            d.u.i.k.p.i.AbstractProblemLoader Creating init config 
29737      DEBUG main            d.u.i.k.p.i.AbstractProblemLoader Init config took 3.03s 
29790      INFO  main            d.u.i.k.p.i.AbstractProblemLoader Replaying proof CompletionScopes[CompletionScopes::testMultCcatchClauses()].JML normal_behavior operation contract.0 
29870      DEBUG main            d.u.i.k.p.i.IntermediateProofReplayer Proof replay took 76.57ms 
29872      DEBUG main            d.u.i.k.p.r.p.TestFile    ... success: reloaded. 
29873      INFO  main            d.u.i.k.p.r.p.TestFile    Now processing file /home/runner/work/key/key/key.core/../key.ui/examples/completionscopes/testCcatchBreakLabel.key 
29874      INFO  main            d.u.i.k.p.i.AbstractProblemLoader Loading environment from /home/runner/work/key/key/key.core/../key.ui/examples/completionscopes/testCcatchBreakLabel.key 
29874      DEBUG main            d.u.i.k.p.i.AbstractProblemLoader Environment load took 195.3ns 
29876      INFO  main            d.u.i.k.p.i.AbstractProblemLoader Creating init config 
32935      DEBUG main            d.u.i.k.p.i.AbstractProblemLoader Init config took 3.06s 
32990      INFO  main            d.u.i.k.p.i.AbstractProblemLoader Replaying proof CompletionScopes[CompletionScopes::testBreakLabel()].JML normal_behavior operation contract.0 
32992      DEBUG main            d.u.i.k.p.i.IntermediateProofReplayer Proof replay took 7.1ns 
33014      DEBUG Thread-10       d.u.i.k.l.o.ProgramSV     Match failed: Former match of  SchemaVariable incompatible with  the current match. 
33094      INFO  main            d.u.i.k.p.r.p.TestFile    ... finished proof: closed. 
33259      INFO  main            d.u.i.k.p.i.AbstractProblemLoader Loading environment from /home/runner/work/key/key/key.core/../key.ui/examples/completionscopes/testCcatchBreakLabel.key.proof 
33259      DEBUG main            d.u.i.k.p.i.AbstractProblemLoader Environment load took 172.9ns 
33261      INFO  main            d.u.i.k.p.i.AbstractProblemLoader Creating init config 
36238      DEBUG main            d.u.i.k.p.i.AbstractProblemLoader Init config took 2.98s 
36294      INFO  main            d.u.i.k.p.i.AbstractProblemLoader Replaying proof CompletionScopes[CompletionScopes::testBreakLabel()].JML normal_behavior operation contract.0 
36305      DEBUG main            d.u.i.k.p.i.IntermediateProofReplayer Proof replay took 8.62ms 
36306      DEBUG main            d.u.i.k.p.r.p.TestFile    ... success: reloaded. 
36307      INFO  main            d.u.i.k.p.r.p.TestFile    Now processing file /home/runner/work/key/key/key.core/../key.ui/examples/completionscopes/testCcatchContinueLabel.key 
36308      INFO  main            d.u.i.k.p.i.AbstractProblemLoader Loading environment from /home/runner/work/key/key/key.core/../key.ui/examples/completionscopes/testCcatchContinueLabel.key 
36308      DEBUG main            d.u.i.k.p.i.AbstractProblemLoader Environment load took 229ns 
36309      INFO  main            d.u.i.k.p.i.AbstractProblemLoader Creating init config 
39270      DEBUG main            d.u.i.k.p.i.AbstractProblemLoader Init config took 2.96s 
39323      INFO  main            d.u.i.k.p.i.AbstractProblemLoader Replaying proof CompletionScopes[CompletionScopes::testContinueLabel()].JML normal_behavior operation contract.0 
39326      DEBUG main            d.u.i.k.p.i.IntermediateProofReplayer Proof replay took 8.2ns 
39351      DEBUG Thread-13       d.u.i.k.l.o.ProgramSV     Match failed: Former match of  SchemaVariable incompatible with  the current match. 
39428      INFO  main            d.u.i.k.p.r.p.TestFile    ... finished proof: closed. 
39600      INFO  main            d.u.i.k.p.i.AbstractProblemLoader Loading environment from /home/runner/work/key/key/key.core/../key.ui/examples/completionscopes/testCcatchContinueLabel.key.proof 
39601      DEBUG main            d.u.i.k.p.i.AbstractProblemLoader Environment load took 172.2ns 
39602      INFO  main            d.u.i.k.p.i.AbstractProblemLoader Creating init config 
42625      DEBUG main            d.u.i.k.p.i.AbstractProblemLoader Init config took 3.02s 
42675      INFO  main            d.u.i.k.p.i.AbstractProblemLoader Replaying proof CompletionScopes[CompletionScopes::testContinueLabel()].JML normal_behavior operation contract.0 
42687      DEBUG main            d.u.i.k.p.i.IntermediateProofReplayer Proof replay took 9.52ms 
42688      DEBUG main            d.u.i.k.p.r.p.TestFile    ... success: reloaded. 
42690      INFO  main            d.u.i.k.p.r.p.TestFile    Now processing file /home/runner/work/key/key/key.core/../key.ui/examples/completionscopes/testCcatchBreakLabelWildcard.key 
42690      INFO  main            d.u.i.k.p.i.AbstractProblemLoader Loading environment from /home/runner/work/key/key/key.core/../key.ui/examples/completionscopes/testCcatchBreakLabelWildcard.key 
42691      DEBUG main            d.u.i.k.p.i.AbstractProblemLoader Environment load took 259.9ns 
42692      INFO  main            d.u.i.k.p.i.AbstractProblemLoader Creating init config 
45786      DEBUG main            d.u.i.k.p.i.AbstractProblemLoader Init config took 3.09s 
45844      INFO  main            d.u.i.k.p.i.AbstractProblemLoader Replaying proof CompletionScopes[CompletionScopes::testBreakLabelWildcard()].JML normal_behavior operation contract.0 
45848      DEBUG main            d.u.i.k.p.i.IntermediateProofReplayer Proof replay took 7.6ns 
45874      DEBUG Thread-16       d.u.i.k.l.o.ProgramSV     Match failed: Former match of  SchemaVariable incompatible with  the current match. 
45880      DEBUG Thread-16       d.u.i.k.l.o.ProgramSV     Match failed: Former match of  SchemaVariable incompatible with  the current match. 
45957      INFO  main            d.u.i.k.p.r.p.TestFile    ... finished proof: closed. 
46153      INFO  main            d.u.i.k.p.i.AbstractProblemLoader Loading environment from /home/runner/work/key/key/key.core/../key.ui/examples/completionscopes/testCcatchBreakLabelWildcard.key.proof 
46153      DEBUG main            d.u.i.k.p.i.AbstractProblemLoader Environment load took 135.5ns 
46154      INFO  main            d.u.i.k.p.i.AbstractProblemLoader Creating init config 
49153      DEBUG main            d.u.i.k.p.i.AbstractProblemLoader Init config took 3s 
49200      INFO  main            d.u.i.k.p.i.AbstractProblemLoader Replaying proof CompletionScopes[CompletionScopes::testBreakLabelWildcard()].JML normal_behavior operation contract.0 
49215      DEBUG main            d.u.i.k.p.i.IntermediateProofReplayer Proof replay took 9.73ms 
49216      DEBUG main            d.u.i.k.p.r.p.TestFile    ... success: reloaded. 
49218      INFO  main            d.u.i.k.p.r.p.TestFile    Now processing file /home/runner/work/key/key/key.core/../key.ui/examples/completionscopes/testCcatchContinueLabelWildcard.key 
49219      INFO  main            d.u.i.k.p.i.AbstractProblemLoader Loading environment from /home/runner/work/key/key/key.core/../key.ui/examples/completionscopes/testCcatchContinueLabelWildcard.key 
49219      DEBUG main            d.u.i.k.p.i.AbstractProblemLoader Environment load took 190.8ns 
49220      INFO  main            d.u.i.k.p.i.AbstractProblemLoader Creating init config 
52298      DEBUG main            d.u.i.k.p.i.AbstractProblemLoader Init config took 3.08s 
52344      INFO  main            d.u.i.k.p.i.AbstractProblemLoader Replaying proof CompletionScopes[CompletionScopes::testContinueLabelWildcard()].JML normal_behavior operation contract.0 
52346      DEBUG main            d.u.i.k.p.i.IntermediateProofReplayer Proof replay took 9ns 
52373      DEBUG Thread-19       d.u.i.k.l.o.ProgramSV     Match failed: Former match of  SchemaVariable incompatible with  the current match. 
52374      DEBUG Thread-19       d.u.i.k.l.o.ProgramSV     Match failed: Former match of  SchemaVariable incompatible with  the current match. 
52451      INFO  main            d.u.i.k.p.r.p.TestFile    ... finished proof: closed. 
52638      INFO  main            d.u.i.k.p.i.AbstractProblemLoader Loading environment from /home/runner/work/key/key/key.core/../key.ui/examples/completionscopes/testCcatchContinueLabelWildcard.key.proof 
52639      DEBUG main            d.u.i.k.p.i.AbstractProblemLoader Environment load took 123.8ns 
52641      INFO  main            d.u.i.k.p.i.AbstractProblemLoader Creating init config 
55723      DEBUG main            d.u.i.k.p.i.AbstractProblemLoader Init config took 3.08s 
55773      INFO  main            d.u.i.k.p.i.AbstractProblemLoader Replaying proof CompletionScopes[CompletionScopes::testContinueLabelWildcard()].JML normal_behavior operation contract.0 
55784      DEBUG main            d.u.i.k.p.i.IntermediateProofReplayer Proof replay took 8.27ms 
55786      DEBUG main            d.u.i.k.p.r.p.TestFile    ... success: reloaded. 
55787      INFO  main            d.u.i.k.p.r.p.TestFile    Now processing file /home/runner/work/key/key/key.core/../key.ui/examples/completionscopes/testCcatchBreakLabelNonmatchingNested.key 
55787      INFO  main            d.u.i.k.p.i.AbstractProblemLoader Loading environment from /home/runner/work/key/key/key.core/../key.ui/examples/completionscopes/testCcatchBreakLabelNonmatchingNested.key 
55788      DEBUG main            d.u.i.k.p.i.AbstractProblemLoader Environment load took 224.5ns 
55789      INFO  main            d.u.i.k.p.i.AbstractProblemLoader Creating init config 
58744      DEBUG main            d.u.i.k.p.i.AbstractProblemLoader Init config took 2.95s 
58785      INFO  main            d.u.i.k.p.i.AbstractProblemLoader Replaying proof CompletionScopes[CompletionScopes::testBreakLabelNonmatchingNested()].JML normal_behavior operation contract.0 
58787      DEBUG main            d.u.i.k.p.i.IntermediateProofReplayer Proof replay took 6.8ns 
58804      DEBUG Thread-22       d.u.i.k.l.o.ProgramSV     Match failed: Former match of  SchemaVariable incompatible with  the current match. 
58806      DEBUG Thread-22       d.u.i.k.l.o.ProgramSV     Match failed: Former match of  SchemaVariable incompatible with  the current match. 
58889      INFO  main            d.u.i.k.p.r.p.TestFile    ... finished proof: closed. 
59131      INFO  main            d.u.i.k.p.i.AbstractProblemLoader Loading environment from /home/runner/work/key/key/key.core/../key.ui/examples/completionscopes/testCcatchBreakLabelNonmatchingNested.key.proof 
59132      DEBUG main            d.u.i.k.p.i.AbstractProblemLoader Environment load took 133.8ns 
59133      INFO  main            d.u.i.k.p.i.AbstractProblemLoader Creating init config 
62115      DEBUG main            d.u.i.k.p.i.AbstractProblemLoader Init config took 2.98s 
62159      INFO  main            d.u.i.k.p.i.AbstractProblemLoader Replaying proof CompletionScopes[CompletionScopes::testBreakLabelNonmatchingNested()].JML normal_behavior operation contract.0 
62170      DEBUG main            d.u.i.k.p.i.IntermediateProofReplayer Proof replay took 9ms 
62171      DEBUG main            d.u.i.k.p.r.p.TestFile    ... success: reloaded. 
5825200    INFO  Test worker     d.u.i.k.p.r.p.StatisticsFile Returning from test completionScopes 
5825202    INFO  Test worker     d.u.i.k.p.r.p.StatisticsFile Running test reload_examples 
446        INFO  Timeout watchdog d.u.i.k.p.r.p.ForkedTestFileRunner Timeout watcher launched (2000 secs.) 
495        WARN  main            d.u.i.k.s.ProofSettings   The settings in /home/runner/.key/proof-settings.props are *not* read. 
554        INFO  main            d.u.i.k.p.r.p.TestFile    Now processing file /home/runner/work/key/key/key.core/../key.ui/examples/firstTouch/05-ReverseArray/reverseArray.key 
693        INFO  main            d.u.i.k.p.i.AbstractProblemLoader Loading environment from /home/runner/work/key/key/key.core/../key.ui/examples/firstTouch/05-ReverseArray/reverseArray.key 
712        DEBUG main            d.u.i.k.p.i.AbstractProblemLoader Environment load took 2.25ms 
1052       INFO  main            d.u.i.k.p.i.AbstractProblemLoader Creating init config 
2266       DEBUG main            d.u.i.k.j.TypeConverter   No LDT found for Meta 
2266       DEBUG main            d.u.i.k.j.TypeConverter   No LDT found for Meta 
2270       DEBUG main            d.u.i.k.j.TypeConverter   No LDT found for Meta 
2270       DEBUG main            d.u.i.k.j.TypeConverter   No LDT found for Meta 
3770       DEBUG main            d.u.i.k.j.TypeConverter   No LDT found for JavaBigintExpression 
9911       DEBUG main            d.u.i.k.p.i.AbstractProblemLoader Init config took 8.86s 
10089      INFO  main            d.u.i.k.p.i.AbstractProblemLoader Replaying proof ReverseArray[ReverseArray::reverse()].JML normal_behavior operation contract.0 
10164      DEBUG main            d.u.i.k.p.i.IntermediateProofReplayer Proof replay took 34.8ns 
22957      INFO  main            d.u.i.k.p.r.p.TestFile    ... finished proof: closed. 
23194      INFO  main            d.u.i.k.p.i.AbstractProblemLoader Loading environment from /home/runner/work/key/key/key.core/../key.ui/examples/firstTouch/05-ReverseArray/reverseArray.key.proof 
23195      DEBUG main            d.u.i.k.p.i.AbstractProblemLoader Environment load took 469.1ns 
23204      INFO  main            d.u.i.k.p.i.AbstractProblemLoader Creating init config 
26448      DEBUG main            d.u.i.k.p.i.AbstractProblemLoader Init config took 3.24s 
26504      INFO  main            d.u.i.k.p.i.AbstractProblemLoader Replaying proof ReverseArray[ReverseArray::reverse()].JML normal_behavior operation contract.0 
27194      DEBUG main            d.u.i.k.p.i.IntermediateProofReplayer Proof replay took 627.81ms 
27206      DEBUG main            d.u.i.k.p.r.p.TestFile    ... success: reloaded. 
27214      INFO  main            d.u.i.k.p.r.p.TestFile    Now processing file /home/runner/work/key/key/key.core/../key.ui/examples/standard_key/arith/saveProofTest.key.proof 
27214      INFO  main            d.u.i.k.p.i.AbstractProblemLoader Loading environment from /home/runner/work/key/key/key.core/../key.ui/examples/standard_key/arith/saveProofTest.key.proof 
27215      DEBUG main            d.u.i.k.p.i.AbstractProblemLoader Environment load took 226.9ns 
27218      INFO  main            d.u.i.k.p.i.AbstractProblemLoader Creating init config 
30126      DEBUG main            d.u.i.k.p.i.AbstractProblemLoader Init config took 2.91s 
30161      INFO  main            d.u.i.k.p.i.AbstractProblemLoader Replaying proof saveProofTest.key.proof 
30170      DEBUG main            d.u.i.k.p.i.IntermediateProofReplayer Proof replay took 3.35ms 
30170      INFO  main            d.u.i.k.p.r.p.TestFile    ... success: loaded 
30172      INFO  main            d.u.i.k.p.r.p.TestFile    Now processing file /home/runner/work/key/key/key.core/../key.ui/examples/heap/permutedSum/perm.proof 
30173      INFO  main            d.u.i.k.p.i.AbstractProblemLoader Loading environment from /home/runner/work/key/key/key.core/../key.ui/examples/heap/permutedSum/perm.proof 
30173      DEBUG main            d.u.i.k.p.i.AbstractProblemLoader Environment load took 262.6ns 
30176      INFO  main            d.u.i.k.p.i.AbstractProblemLoader Creating init config 
33238      DEBUG main            d.u.i.k.p.i.AbstractProblemLoader Init config took 3.06s 
33312      INFO  main            d.u.i.k.p.i.AbstractProblemLoader Replaying proof Perm[Perm::foo()].JML normal_behavior operation contract.0 
34233      DEBUG main            d.u.i.k.p.i.IntermediateProofReplayer Proof replay took 871.25ms 
34235      INFO  main            d.u.i.k.p.r.p.TestFile    ... success: loaded 
34237      INFO  main            d.u.i.k.p.r.p.TestFile    Now processing file /home/runner/work/key/key/key.core/../key.ui/examples/firstTouch/05-ReverseArray/reverseArray.proof 
34237      INFO  main            d.u.i.k.p.i.AbstractProblemLoader Loading environment from /home/runner/work/key/key/key.core/../key.ui/examples/firstTouch/05-ReverseArray/reverseArray.proof 
34237      DEBUG main            d.u.i.k.p.i.AbstractProblemLoader Environment load took 111.2ns 
34240      INFO  main            d.u.i.k.p.i.AbstractProblemLoader Creating init config 
37236      DEBUG main            d.u.i.k.p.i.AbstractProblemLoader Init config took 3s 
37281      INFO  main            d.u.i.k.p.i.AbstractProblemLoader Replaying proof ReverseArray[ReverseArray::reverse()].JML normal_behavior operation contract.0 
37881      DEBUG main            d.u.i.k.p.i.IntermediateProofReplayer Proof replay took 560.34ms 
37885      INFO  main            d.u.i.k.p.r.p.TestFile    ... success: loaded 
37886      INFO  main            d.u.i.k.p.r.p.TestFile    Now processing file /home/runner/work/key/key/key.core/../key.ui/examples/heap/verifyThis15_1_RelaxedPrefix/relax.proof 
37887      INFO  main            d.u.i.k.p.i.AbstractProblemLoader Loading environment from /home/runner/work/key/key/key.core/../key.ui/examples/heap/verifyThis15_1_RelaxedPrefix/relax.proof 
37887      DEBUG main            d.u.i.k.p.i.AbstractProblemLoader Environment load took 199.7ns 
37889      INFO  main            d.u.i.k.p.i.AbstractProblemLoader Creating init config 
40766      DEBUG main            d.u.i.k.p.i.AbstractProblemLoader Init config took 2.88s 
40817      INFO  main            d.u.i.k.p.i.AbstractProblemLoader Replaying proof Relaxed[Relaxed::isRelaxedPrefix([I,[I)].JML operation contract.0 
41339      DEBUG main            d.u.i.k.p.i.IntermediateProofReplayer Proof replay took 502.35ms 
41341      INFO  main            d.u.i.k.p.r.p.TestFile    ... success: loaded 
41342      INFO  main            d.u.i.k.p.r.p.TestFile    Now processing file /home/runner/work/key/key/key.core/../key.ui/examples/heap/verifyThis15_3_DLL/doUndo.proof 
41343      INFO  main            d.u.i.k.p.i.AbstractProblemLoader Loading environment from /home/runner/work/key/key/key.core/../key.ui/examples/heap/verifyThis15_3_DLL/doUndo.proof 
41343      DEBUG main            d.u.i.k.p.i.AbstractProblemLoader Environment load took 247.9ns 
41346      INFO  main            d.u.i.k.p.i.AbstractProblemLoader Creating init config 
42439      DEBUG main            d.u.i.k.j.r.ClassPreparationMethodBuilder clPrepBuilder: Inner Class detected. Reject building class initialisation methods. 
44626      DEBUG main            d.u.i.k.p.i.AbstractProblemLoader Init config took 3.28s 
44768      INFO  main            d.u.i.k.p.i.AbstractProblemLoader Replaying proof DoubleLinkedList[DoubleLinkedList::doUndo(DoubleLinkedList.Node,int)].JML normal_behavior operation contract.0 
45355      DEBUG main            d.u.i.k.p.i.IntermediateProofReplayer Proof replay took 547.49ms 
45357      INFO  main            d.u.i.k.p.r.p.TestFile    ... success: loaded 
45358      INFO  main            d.u.i.k.p.r.p.TestFile    Now processing file /home/runner/work/key/key/key.core/../key.ui/examples/heap/verifyThis15_2_ParallelGcd/parallelGcd.proof 
45359      INFO  main            d.u.i.k.p.i.AbstractProblemLoader Loading environment from /home/runner/work/key/key/key.core/../key.ui/examples/heap/verifyThis15_2_ParallelGcd/parallelGcd.proof 
45359      DEBUG main            d.u.i.k.p.i.AbstractProblemLoader Environment load took 196.2ns 
45361      INFO  main            d.u.i.k.p.i.AbstractProblemLoader Creating init config 
48401      DEBUG main            d.u.i.k.p.i.AbstractProblemLoader Init config took 3.04s 
48461      INFO  main            d.u.i.k.p.i.AbstractProblemLoader Replaying proof ParallelGcd[ParallelGcd::parallelGcd(int,int,[Z)].JML behavior operation contract.0 
49033      DEBUG main            d.u.i.k.p.i.IntermediateProofReplayer Proof replay took 556.28ms 
49034      INFO  main            d.u.i.k.p.r.p.TestFile    ... success: loaded 
5874461    INFO  Test worker     d.u.i.k.p.r.p.StatisticsFile Returning from test reload_examples 
5874463    INFO  Test worker     d.u.i.k.p.r.p.StatisticsFile Running test proofLoadRepair 
438        INFO  Timeout watchdog d.u.i.k.p.r.p.ForkedTestFileRunner Timeout watcher launched (2000 secs.) 
477        WARN  main            d.u.i.k.s.ProofSettings   The settings in /home/runner/.key/proof-settings.props are *not* read. 
530        INFO  main            d.u.i.k.p.r.p.TestFile    Now processing file /home/runner/work/key/key/key.core/../key.ui/examples/proofLoadRepair/disjConj-manipulated.proof 
678        INFO  main            d.u.i.k.p.i.AbstractProblemLoader Loading environment from /home/runner/work/key/key/key.core/../key.ui/examples/proofLoadRepair/disjConj-manipulated.proof 
699        DEBUG main            d.u.i.k.p.i.AbstractProblemLoader Environment load took 2.67ms 
986        INFO  main            d.u.i.k.p.i.AbstractProblemLoader Creating init config 
2132       DEBUG main            d.u.i.k.j.TypeConverter   No LDT found for Meta 
2132       DEBUG main            d.u.i.k.j.TypeConverter   No LDT found for Meta 
2135       DEBUG main            d.u.i.k.j.TypeConverter   No LDT found for Meta 
2136       DEBUG main            d.u.i.k.j.TypeConverter   No LDT found for Meta 
3705       DEBUG main            d.u.i.k.j.TypeConverter   No LDT found for JavaBigintExpression 
9123       DEBUG main            d.u.i.k.p.i.AbstractProblemLoader Init config took 8.14s 
9190       INFO  main            d.u.i.k.p.i.AbstractProblemLoader Replaying proof disjConj-manipulated.proof 
9247       WARN  main            d.u.i.k.p.i.IntermediateProofReplayer Proof contains wrong number of \assumes instatiations for andLeft 
9248       WARN  main            d.u.i.k.p.i.IntermediateProofReplayer Proof contains wrong number of \assumes instatiations for replace_known_right 
9252       WARN  main            d.u.i.k.p.i.IntermediateProofReplayer Proof contains wrong number of \assumes instatiations for close 
9252       DEBUG main            d.u.i.k.p.i.IntermediateProofReplayer Proof replay took 19.82ms 
9258       INFO  main            d.u.i.k.p.r.p.TestFile    ... success: loaded 
9262       INFO  main            d.u.i.k.p.r.p.TestFile    Now processing file /home/runner/work/key/key/key.core/../key.ui/examples/proofLoadRepair/insufficient-manipulated.proof 
9263       INFO  main            d.u.i.k.p.i.AbstractProblemLoader Loading environment from /home/runner/work/key/key/key.core/../key.ui/examples/proofLoadRepair/insufficient-manipulated.proof 
9263       DEBUG main            d.u.i.k.p.i.AbstractProblemLoader Environment load took 263.8ns 
9268       INFO  main            d.u.i.k.p.i.AbstractProblemLoader Creating init config 
12338      DEBUG main            d.u.i.k.p.i.AbstractProblemLoader Init config took 3.07s 
12358      INFO  main            d.u.i.k.p.i.AbstractProblemLoader Replaying proof insufficient-manipulated.proof 
12376      WARN  main            d.u.i.k.p.i.IntermediateProofReplayer Proof contains wrong number of \assumes instatiations for applyEq 
12389      DEBUG main            d.u.i.k.p.i.IntermediateProofReplayer Proof replay took 13.58ms 
12392      INFO  main            d.u.i.k.p.r.p.TestFile    ... success: loading failed 
12393      INFO  main            d.u.i.k.p.r.p.TestFile    Now processing file /home/runner/work/key/key/key.core/../key.ui/examples/../../key.core/src/test/resources/testcase/issues/1716/incorrectPolarity.proof 
12394      INFO  main            d.u.i.k.p.i.AbstractProblemLoader Loading environment from /home/runner/work/key/key/key.core/../key.ui/examples/../../key.core/src/test/resources/testcase/issues/1716/incorrectPolarity.proof 
12394      DEBUG main            d.u.i.k.p.i.AbstractProblemLoader Environment load took 223.8ns 
12396      INFO  main            d.u.i.k.p.i.AbstractProblemLoader Creating init config 
15472      DEBUG main            d.u.i.k.p.i.AbstractProblemLoader Init config took 3.08s 
15514      INFO  main            d.u.i.k.p.i.AbstractProblemLoader Replaying proof incorrectPolarity.proof 
15521      DEBUG main            d.u.i.k.p.i.IntermediateProofReplayer Proof replay took 247.7ns 
15521      INFO  main            d.u.i.k.p.r.p.TestFile    ... success: loading failed 
15523      INFO  main            d.u.i.k.p.r.p.TestFile    Now processing file /home/runner/work/key/key/key.core/../key.ui/examples/../../key.core/src/test/resources/testcase/issues/1716/incorrectPolarity2.proof 
15523      INFO  main            d.u.i.k.p.i.AbstractProblemLoader Loading environment from /home/runner/work/key/key/key.core/../key.ui/examples/../../key.core/src/test/resources/testcase/issues/1716/incorrectPolarity2.proof 
15524      DEBUG main            d.u.i.k.p.i.AbstractProblemLoader Environment load took 850.1ns 
15529      INFO  main            d.u.i.k.p.i.AbstractProblemLoader Creating init config 
18269      DEBUG main            d.u.i.k.p.i.AbstractProblemLoader Init config took 2.74s 
18295      INFO  main            d.u.i.k.p.i.AbstractProblemLoader Replaying proof incorrectPolarity2.proof 
18298      DEBUG main            d.u.i.k.p.i.IntermediateProofReplayer Proof replay took 386.7ns 
18299      INFO  main            d.u.i.k.p.r.p.TestFile    ... success: loading failed 
18300      INFO  main            d.u.i.k.p.r.p.TestFile    Now processing file /home/runner/work/key/key/key.core/../key.ui/examples/../../key.core/src/test/resources/testcase/issues/1716/incorrectPolarity3.proof 
18300      INFO  main            d.u.i.k.p.i.AbstractProblemLoader Loading environment from /home/runner/work/key/key/key.core/../key.ui/examples/../../key.core/src/test/resources/testcase/issues/1716/incorrectPolarity3.proof 
18300      DEBUG main            d.u.i.k.p.i.AbstractProblemLoader Environment load took 122.6ns 
18302      INFO  main            d.u.i.k.p.i.AbstractProblemLoader Creating init config 
20960      DEBUG main            d.u.i.k.p.i.AbstractProblemLoader Init config took 2.66s 
20984      INFO  main            d.u.i.k.p.i.AbstractProblemLoader Replaying proof incorrectPolarity3.proof 
20987      DEBUG main            d.u.i.k.p.i.IntermediateProofReplayer Proof replay took 988.3ns 
20988      INFO  main            d.u.i.k.p.r.p.TestFile    ... success: loading failed 
5895633    INFO  Test worker     d.u.i.k.p.r.p.StatisticsFile Returning from test proofLoadRepair 
5895635    INFO  Test worker     d.u.i.k.p.r.p.StatisticsFile Running test switch 
417        INFO  Timeout watchdog d.u.i.k.p.r.p.ForkedTestFileRunner Timeout watcher launched (2000 secs.) 
432        WARN  main            d.u.i.k.s.ProofSettings   The settings in /home/runner/.key/proof-settings.props are *not* read. 
463        INFO  main            d.u.i.k.p.r.p.TestFile    Now processing file /home/runner/work/key/key/key.core/../key.ui/examples/standard_key/java_dl/switch/labeled_case.key 
599        INFO  main            d.u.i.k.p.i.AbstractProblemLoader Loading environment from /home/runner/work/key/key/key.core/../key.ui/examples/standard_key/java_dl/switch/labeled_case.key 
621        DEBUG main            d.u.i.k.p.i.AbstractProblemLoader Environment load took 2.35ms 
886        INFO  main            d.u.i.k.p.i.AbstractProblemLoader Creating init config 
2108       DEBUG main            d.u.i.k.j.TypeConverter   No LDT found for Meta 
2109       DEBUG main            d.u.i.k.j.TypeConverter   No LDT found for Meta 
2113       DEBUG main            d.u.i.k.j.TypeConverter   No LDT found for Meta 
2113       DEBUG main            d.u.i.k.j.TypeConverter   No LDT found for Meta 
3857       DEBUG main            d.u.i.k.j.TypeConverter   No LDT found for JavaBigintExpression 
9815       DEBUG main            d.u.i.k.p.i.AbstractProblemLoader Init config took 8.93s 
10034      INFO  main            d.u.i.k.p.i.AbstractProblemLoader Replaying proof LabeledCase[LabeledCase::m(int)].JML normal_behavior operation contract.0 
10082      DEBUG main            d.u.i.k.p.i.IntermediateProofReplayer Proof replay took 34.2ns 
10823      INFO  main            d.u.i.k.p.r.p.TestFile    ... finished proof: closed. 
10944      INFO  main            d.u.i.k.p.i.AbstractProblemLoader Loading environment from /home/runner/work/key/key/key.core/../key.ui/examples/standard_key/java_dl/switch/labeled_case.key.proof 
10947      DEBUG main            d.u.i.k.p.i.AbstractProblemLoader Environment load took 2.55ms 
10950      INFO  main            d.u.i.k.p.i.AbstractProblemLoader Creating init config 
14177      DEBUG main            d.u.i.k.p.i.AbstractProblemLoader Init config took 3.23s 
14250      INFO  main            d.u.i.k.p.i.AbstractProblemLoader Replaying proof LabeledCase[LabeledCase::m(int)].JML normal_behavior operation contract.0 
14320      DEBUG main            d.u.i.k.p.i.IntermediateProofReplayer Proof replay took 63.91ms 
14338      DEBUG main            d.u.i.k.p.r.p.TestFile    ... success: reloaded. 
14341      INFO  main            d.u.i.k.p.r.p.TestFile    Now processing file /home/runner/work/key/key/key.core/../key.ui/examples/standard_key/java_dl/switch/empty_switch.key 
14341      INFO  main            d.u.i.k.p.i.AbstractProblemLoader Loading environment from /home/runner/work/key/key/key.core/../key.ui/examples/standard_key/java_dl/switch/empty_switch.key 
14342      DEBUG main            d.u.i.k.p.i.AbstractProblemLoader Environment load took 256.1ns 
14344      INFO  main            d.u.i.k.p.i.AbstractProblemLoader Creating init config 
17403      DEBUG main            d.u.i.k.p.i.AbstractProblemLoader Init config took 3.06s 
17435      INFO  main            d.u.i.k.p.i.AbstractProblemLoader Replaying proof empty_switch.key 
17438      DEBUG main            d.u.i.k.p.i.IntermediateProofReplayer Proof replay took 7.2ns 
17542      INFO  main            d.u.i.k.p.r.p.TestFile    ... finished proof: closed. 
17715      INFO  main            d.u.i.k.p.i.AbstractProblemLoader Loading environment from /home/runner/work/key/key/key.core/../key.ui/examples/standard_key/java_dl/switch/empty_switch.key.proof 
17715      DEBUG main            d.u.i.k.p.i.AbstractProblemLoader Environment load took 137.4ns 
17717      INFO  main            d.u.i.k.p.i.AbstractProblemLoader Creating init config 
20635      DEBUG main            d.u.i.k.p.i.AbstractProblemLoader Init config took 2.92s 
20664      INFO  main            d.u.i.k.p.i.AbstractProblemLoader Replaying proof empty_switch.key.proof 
20678      DEBUG main            d.u.i.k.p.i.IntermediateProofReplayer Proof replay took 4.51ms 
20679      DEBUG main            d.u.i.k.p.r.p.TestFile    ... success: reloaded. 
20681      INFO  main            d.u.i.k.p.r.p.TestFile    Now processing file /home/runner/work/key/key/key.core/../key.ui/examples/standard_key/java_dl/switch/empty_switch_null.key 
20681      INFO  main            d.u.i.k.p.i.AbstractProblemLoader Loading environment from /home/runner/work/key/key/key.core/../key.ui/examples/standard_key/java_dl/switch/empty_switch_null.key 
20681      DEBUG main            d.u.i.k.p.i.AbstractProblemLoader Environment load took 124ns 
20683      INFO  main            d.u.i.k.p.i.AbstractProblemLoader Creating init config 
23630      DEBUG main            d.u.i.k.p.i.AbstractProblemLoader Init config took 2.95s 
23655      INFO  main            d.u.i.k.p.i.AbstractProblemLoader Replaying proof empty_switch_null.key 
23657      DEBUG main            d.u.i.k.p.i.IntermediateProofReplayer Proof replay took 6ns 
23861      INFO  main            d.u.i.k.p.r.p.TestFile    ... finished proof: closed. 
24031      INFO  main            d.u.i.k.p.i.AbstractProblemLoader Loading environment from /home/runner/work/key/key/key.core/../key.ui/examples/standard_key/java_dl/switch/empty_switch_null.key.proof 
24032      DEBUG main            d.u.i.k.p.i.AbstractProblemLoader Environment load took 677.7ns 
24034      INFO  main            d.u.i.k.p.i.AbstractProblemLoader Creating init config 
26920      DEBUG main            d.u.i.k.p.i.AbstractProblemLoader Init config took 2.89s 
26947      INFO  main            d.u.i.k.p.i.AbstractProblemLoader Replaying proof empty_switch_null.key.proof 
27005      DEBUG main            d.u.i.k.p.i.IntermediateProofReplayer Proof replay took 53.11ms 
27006      DEBUG main            d.u.i.k.p.r.p.TestFile    ... success: reloaded. 
27007      INFO  main            d.u.i.k.p.r.p.TestFile    Now processing file /home/runner/work/key/key/key.core/../key.ui/examples/standard_key/java_dl/switch/empty_switch_null_catch.key 
27008      INFO  main            d.u.i.k.p.i.AbstractProblemLoader Loading environment from /home/runner/work/key/key/key.core/../key.ui/examples/standard_key/java_dl/switch/empty_switch_null_catch.key 
27008      DEBUG main            d.u.i.k.p.i.AbstractProblemLoader Environment load took 227.5ns 
27009      INFO  main            d.u.i.k.p.i.AbstractProblemLoader Creating init config 
29833      DEBUG main            d.u.i.k.p.i.AbstractProblemLoader Init config took 2.82s 
29859      INFO  main            d.u.i.k.p.i.AbstractProblemLoader Replaying proof empty_switch_null_catch.key 
29861      DEBUG main            d.u.i.k.p.i.IntermediateProofReplayer Proof replay took 6.3ns 
30068      INFO  main            d.u.i.k.p.r.p.TestFile    ... finished proof: closed. 
30243      INFO  main            d.u.i.k.p.i.AbstractProblemLoader Loading environment from /home/runner/work/key/key/key.core/../key.ui/examples/standard_key/java_dl/switch/empty_switch_null_catch.key.proof 
30243      DEBUG main            d.u.i.k.p.i.AbstractProblemLoader Environment load took 140.6ns 
30247      INFO  main            d.u.i.k.p.i.AbstractProblemLoader Creating init config 
33219      DEBUG main            d.u.i.k.p.i.AbstractProblemLoader Init config took 2.97s 
33245      INFO  main            d.u.i.k.p.i.AbstractProblemLoader Replaying proof empty_switch_null_catch.key.proof 
33286      DEBUG main            d.u.i.k.p.i.IntermediateProofReplayer Proof replay took 37.72ms 
33287      DEBUG main            d.u.i.k.p.r.p.TestFile    ... success: reloaded. 
33288      INFO  main            d.u.i.k.p.r.p.TestFile    Now processing file /home/runner/work/key/key/key.core/../key.ui/examples/standard_key/java_dl/switch/empty_switch_array_out_of_bounds.key 
33288      INFO  main            d.u.i.k.p.i.AbstractProblemLoader Loading environment from /home/runner/work/key/key/key.core/../key.ui/examples/standard_key/java_dl/switch/empty_switch_array_out_of_bounds.key 
33289      DEBUG main            d.u.i.k.p.i.AbstractProblemLoader Environment load took 240.6ns 
33290      INFO  main            d.u.i.k.p.i.AbstractProblemLoader Creating init config 
36138      DEBUG main            d.u.i.k.p.i.AbstractProblemLoader Init config took 2.85s 
36164      INFO  main            d.u.i.k.p.i.AbstractProblemLoader Replaying proof empty_switch_array_out_of_bounds.key 
36168      DEBUG main            d.u.i.k.p.i.IntermediateProofReplayer Proof replay took 5.5ns 
36473      INFO  main            d.u.i.k.p.r.p.TestFile    ... finished proof: closed. 
36748      INFO  main            d.u.i.k.p.i.AbstractProblemLoader Loading environment from /home/runner/work/key/key/key.core/../key.ui/examples/standard_key/java_dl/switch/empty_switch_array_out_of_bounds.key.proof 
36748      DEBUG main            d.u.i.k.p.i.AbstractProblemLoader Environment load took 388.3ns 
36751      INFO  main            d.u.i.k.p.i.AbstractProblemLoader Creating init config 
39577      DEBUG main            d.u.i.k.p.i.AbstractProblemLoader Init config took 2.83s 
39602      INFO  main            d.u.i.k.p.i.AbstractProblemLoader Replaying proof empty_switch_array_out_of_bounds.key.proof 
39696      DEBUG main            d.u.i.k.p.i.IntermediateProofReplayer Proof replay took 91.03ms 
39698      DEBUG main            d.u.i.k.p.r.p.TestFile    ... success: reloaded. 
39699      INFO  main            d.u.i.k.p.r.p.TestFile    Now processing file /home/runner/work/key/key/key.core/../key.ui/examples/standard_key/java_dl/switch/empty_switch_array_out_of_bounds_catch.key 
39700      INFO  main            d.u.i.k.p.i.AbstractProblemLoader Loading environment from /home/runner/work/key/key/key.core/../key.ui/examples/standard_key/java_dl/switch/empty_switch_array_out_of_bounds_catch.key 
39700      DEBUG main            d.u.i.k.p.i.AbstractProblemLoader Environment load took 287.7ns 
39701      INFO  main            d.u.i.k.p.i.AbstractProblemLoader Creating init config 
42504      DEBUG main            d.u.i.k.p.i.AbstractProblemLoader Init config took 2.8s 
42531      INFO  main            d.u.i.k.p.i.AbstractProblemLoader Replaying proof empty_switch_array_out_of_bounds_catch.key 
42534      DEBUG main            d.u.i.k.p.i.IntermediateProofReplayer Proof replay took 6.8ns 
42849      INFO  main            d.u.i.k.p.r.p.TestFile    ... finished proof: closed. 
43034      INFO  main            d.u.i.k.p.i.AbstractProblemLoader Loading environment from /home/runner/work/key/key/key.core/../key.ui/examples/standard_key/java_dl/switch/empty_switch_array_out_of_bounds_catch.key.proof 
43034      DEBUG main            d.u.i.k.p.i.AbstractProblemLoader Environment load took 224.4ns 
43036      INFO  main            d.u.i.k.p.i.AbstractProblemLoader Creating init config 
45684      DEBUG main            d.u.i.k.p.i.AbstractProblemLoader Init config took 2.65s 
45711      INFO  main            d.u.i.k.p.i.AbstractProblemLoader Replaying proof empty_switch_array_out_of_bounds_catch.key.proof 
45761      DEBUG main            d.u.i.k.p.i.IntermediateProofReplayer Proof replay took 44.87ms 
45762      DEBUG main            d.u.i.k.p.r.p.TestFile    ... success: reloaded. 
45763      INFO  main            d.u.i.k.p.r.p.TestFile    Now processing file /home/runner/work/key/key/key.core/../key.ui/examples/standard_key/java_dl/switch/switch_in_switch.key 
45764      INFO  main            d.u.i.k.p.i.AbstractProblemLoader Loading environment from /home/runner/work/key/key/key.core/../key.ui/examples/standard_key/java_dl/switch/switch_in_switch.key 
45764      DEBUG main            d.u.i.k.p.i.AbstractProblemLoader Environment load took 199.7ns 
45765      INFO  main            d.u.i.k.p.i.AbstractProblemLoader Creating init config 
48593      DEBUG main            d.u.i.k.p.i.AbstractProblemLoader Init config took 2.83s 
48643      INFO  main            d.u.i.k.p.i.AbstractProblemLoader Replaying proof SwitchInSwitch[SwitchInSwitch::m(int)].JML normal_behavior operation contract.0 
48645      DEBUG main            d.u.i.k.p.i.IntermediateProofReplayer Proof replay took 6.8ns 
53280      INFO  main            d.u.i.k.p.r.p.TestFile    ... finished proof: closed. 
53558      INFO  main            d.u.i.k.p.i.AbstractProblemLoader Loading environment from /home/runner/work/key/key/key.core/../key.ui/examples/standard_key/java_dl/switch/switch_in_switch.key.proof 
53558      DEBUG main            d.u.i.k.p.i.AbstractProblemLoader Environment load took 182.7ns 
53564      INFO  main            d.u.i.k.p.i.AbstractProblemLoader Creating init config 
56248      DEBUG main            d.u.i.k.p.i.AbstractProblemLoader Init config took 2.68s 
56296      INFO  main            d.u.i.k.p.i.AbstractProblemLoader Replaying proof SwitchInSwitch[SwitchInSwitch::m(int)].JML normal_behavior operation contract.0 
56745      DEBUG main            d.u.i.k.p.i.IntermediateProofReplayer Proof replay took 413.92ms 
56747      DEBUG main            d.u.i.k.p.r.p.TestFile    ... success: reloaded. 
56748      INFO  main            d.u.i.k.p.r.p.TestFile    Now processing file /home/runner/work/key/key/key.core/../key.ui/examples/standard_key/java_dl/switch/while_and_switch.key 
56749      INFO  main            d.u.i.k.p.i.AbstractProblemLoader Loading environment from /home/runner/work/key/key/key.core/../key.ui/examples/standard_key/java_dl/switch/while_and_switch.key 
56749      DEBUG main            d.u.i.k.p.i.AbstractProblemLoader Environment load took 192.5ns 
56750      INFO  main            d.u.i.k.p.i.AbstractProblemLoader Creating init config 
59452      DEBUG main            d.u.i.k.p.i.AbstractProblemLoader Init config took 2.7s 
59500      INFO  main            d.u.i.k.p.i.AbstractProblemLoader Replaying proof WhileAndSwitch[WhileAndSwitch::m(int)].JML normal_behavior operation contract.0 
59503      DEBUG main            d.u.i.k.p.i.IntermediateProofReplayer Proof replay took 6.1ns 
60308      INFO  main            d.u.i.k.p.r.p.TestFile    ... finished proof: closed. 
60525      INFO  main            d.u.i.k.p.i.AbstractProblemLoader Loading environment from /home/runner/work/key/key/key.core/../key.ui/examples/standard_key/java_dl/switch/while_and_switch.key.proof 
60525      DEBUG main            d.u.i.k.p.i.AbstractProblemLoader Environment load took 189.3ns 
60529      INFO  main            d.u.i.k.p.i.AbstractProblemLoader Creating init config 
63228      DEBUG main            d.u.i.k.p.i.AbstractProblemLoader Init config took 2.7s 
63288      INFO  main            d.u.i.k.p.i.AbstractProblemLoader Replaying proof WhileAndSwitch[WhileAndSwitch::m(int)].JML normal_behavior operation contract.0 
63424      DEBUG main            d.u.i.k.p.i.IntermediateProofReplayer Proof replay took 128.5ms 
63426      DEBUG main            d.u.i.k.p.r.p.TestFile    ... success: reloaded. 
63428      INFO  main            d.u.i.k.p.r.p.TestFile    Now processing file /home/runner/work/key/key/key.core/../key.ui/examples/standard_key/java_dl/switch/large_switch.key 
63430      INFO  main            d.u.i.k.p.i.AbstractProblemLoader Loading environment from /home/runner/work/key/key/key.core/../key.ui/examples/standard_key/java_dl/switch/large_switch.key 
63431      DEBUG main            d.u.i.k.p.i.AbstractProblemLoader Environment load took 491.2ns 
63432      INFO  main            d.u.i.k.p.i.AbstractProblemLoader Creating init config 
66075      DEBUG main            d.u.i.k.p.i.AbstractProblemLoader Init config took 2.64s 
66116      INFO  main            d.u.i.k.p.i.AbstractProblemLoader Replaying proof LargeSwitch[LargeSwitch::m(int)].JML normal_behavior operation contract.0 
66117      DEBUG main            d.u.i.k.p.i.IntermediateProofReplayer Proof replay took 5.5ns 
67542      INFO  main            d.u.i.k.p.r.p.TestFile    ... finished proof: closed. 
67789      INFO  main            d.u.i.k.p.i.AbstractProblemLoader Loading environment from /home/runner/work/key/key/key.core/../key.ui/examples/standard_key/java_dl/switch/large_switch.key.proof 
67789      DEBUG main            d.u.i.k.p.i.AbstractProblemLoader Environment load took 204.3ns 
67791      INFO  main            d.u.i.k.p.i.AbstractProblemLoader Creating init config 
70431      DEBUG main            d.u.i.k.p.i.AbstractProblemLoader Init config took 2.64s 
70503      INFO  main            d.u.i.k.p.i.AbstractProblemLoader Replaying proof LargeSwitch[LargeSwitch::m(int)].JML normal_behavior operation contract.0 
70885      DEBUG main            d.u.i.k.p.i.IntermediateProofReplayer Proof replay took 358.42ms 
70887      DEBUG main            d.u.i.k.p.r.p.TestFile    ... success: reloaded. 
5966718    INFO  Test worker     d.u.i.k.p.r.p.StatisticsFile Returning from test switch 
5966720    INFO  Test worker     d.u.i.k.p.r.p.StatisticsFile Running test redux 
437        INFO  Timeout watchdog d.u.i.k.p.r.p.ForkedTestFileRunner Timeout watcher launched (2000 secs.) 
444        WARN  main            d.u.i.k.s.ProofSettings   The settings in /home/runner/.key/proof-settings.props are *not* read. 
479        INFO  main            d.u.i.k.p.r.p.TestFile    Now processing file /home/runner/work/key/key/key.core/../key.ui/examples/redux/arrays/Arrays.copyOf.key 
601        INFO  main            d.u.i.k.p.i.AbstractProblemLoader Loading environment from /home/runner/work/key/key/key.core/../key.ui/examples/redux/arrays/Arrays.copyOf.key 
632        DEBUG main            d.u.i.k.p.i.AbstractProblemLoader Environment load took 2.3ms 
866        INFO  main            d.u.i.k.p.i.AbstractProblemLoader Creating init config 
1909       DEBUG main            d.u.i.k.j.TypeConverter   No LDT found for Meta 
1910       DEBUG main            d.u.i.k.j.TypeConverter   No LDT found for Meta 
1914       DEBUG main            d.u.i.k.j.TypeConverter   No LDT found for Meta 
1914       DEBUG main            d.u.i.k.j.TypeConverter   No LDT found for Meta 
3564       DEBUG main            d.u.i.k.j.TypeConverter   No LDT found for JavaBigintExpression 
9888       DEBUG main            d.u.i.k.p.i.AbstractProblemLoader Init config took 9.02s 
10045      INFO  main            d.u.i.k.p.i.AbstractProblemLoader Replaying proof Arrays[Arrays::copyOf([I,int)].JML normal_behavior operation contract.0 
10089      DEBUG main            d.u.i.k.p.i.IntermediateProofReplayer Proof replay took 33.5ns 
16003      INFO  main            d.u.i.k.p.r.p.TestFile    ... finished proof: closed. 
16204      INFO  main            d.u.i.k.p.i.AbstractProblemLoader Loading environment from /home/runner/work/key/key/key.core/../key.ui/examples/redux/arrays/Arrays.copyOf.key.proof 
16208      DEBUG main            d.u.i.k.p.i.AbstractProblemLoader Environment load took 3.95ms 
16213      INFO  main            d.u.i.k.p.i.AbstractProblemLoader Creating init config 
20091      DEBUG main            d.u.i.k.p.i.AbstractProblemLoader Init config took 3.88s 
20161      INFO  main            d.u.i.k.p.i.AbstractProblemLoader Replaying proof Arrays[Arrays::copyOf([I,int)].JML normal_behavior operation contract.0 
20693      DEBUG main            d.u.i.k.p.i.IntermediateProofReplayer Proof replay took 503.81ms 
20702      DEBUG main            d.u.i.k.p.r.p.TestFile    ... success: reloaded. 
20703      INFO  main            d.u.i.k.p.r.p.TestFile    Now processing file /home/runner/work/key/key/key.core/../key.ui/examples/redux/arrays/Arrays.copyOf.float.key 
20703      INFO  main            d.u.i.k.p.i.AbstractProblemLoader Loading environment from /home/runner/work/key/key/key.core/../key.ui/examples/redux/arrays/Arrays.copyOf.float.key 
20704      DEBUG main            d.u.i.k.p.i.AbstractProblemLoader Environment load took 241ns 
20705      INFO  main            d.u.i.k.p.i.AbstractProblemLoader Creating init config 
24328      DEBUG main            d.u.i.k.p.i.AbstractProblemLoader Init config took 3.62s 
24393      INFO  main            d.u.i.k.p.i.AbstractProblemLoader Replaying proof Arrays[Arrays::copyOf([F,int)].JML normal_behavior operation contract.0 
24396      DEBUG main            d.u.i.k.p.i.IntermediateProofReplayer Proof replay took 5.9ns 
24433      DEBUG main            d.u.i.k.m.s.ProofScriptEngine [1] goal: 0, source line: 6, command: 'macro autopilot' 
29701      DEBUG main            d.u.i.k.m.s.ProofScriptEngine [2] goal: 17, source line: 7, command: 'smt solver=Z3' 
29807      INFO  main            d.u.i.k.m.s.SMTCommand    Finished run on goal 17 in 79ms, result is valid 
29808      DEBUG main            d.u.i.k.m.s.ProofScriptEngine [3] goal: 309, source line: 8, command: 'tryclose' 
31920      INFO  main            d.u.i.k.p.r.p.TestFile    ... finished proof: closed. 
32150      INFO  main            d.u.i.k.p.i.AbstractProblemLoader Loading environment from /home/runner/work/key/key/key.core/../key.ui/examples/redux/arrays/Arrays.copyOf.float.key.proof 
32152      DEBUG main            d.u.i.k.p.i.AbstractProblemLoader Environment load took 2.57ms 
32159      INFO  main            d.u.i.k.p.i.AbstractProblemLoader Creating init config 
35621      DEBUG main            d.u.i.k.p.i.AbstractProblemLoader Init config took 3.46s 
35709      INFO  main            d.u.i.k.p.i.AbstractProblemLoader Replaying proof Arrays[Arrays::copyOf([F,int)].JML normal_behavior operation contract.0 
35802      INFO  main            d.u.i.k.s.SMTFocusResults Analyzing unsat core: (L_6) 
36419      DEBUG main            d.u.i.k.p.i.IntermediateProofReplayer Proof replay took 679.15ms 
36421      DEBUG main            d.u.i.k.p.r.p.TestFile    ... success: reloaded. 
36422      INFO  main            d.u.i.k.p.r.p.TestFile    Now processing file /home/runner/work/key/key/key.core/../key.ui/examples/redux/arrays/Arrays.copyOfRange.key 
36423      INFO  main            d.u.i.k.p.i.AbstractProblemLoader Loading environment from /home/runner/work/key/key/key.core/../key.ui/examples/redux/arrays/Arrays.copyOfRange.key 
36423      DEBUG main            d.u.i.k.p.i.AbstractProblemLoader Environment load took 230.2ns 
36424      INFO  main            d.u.i.k.p.i.AbstractProblemLoader Creating init config 
40209      DEBUG main            d.u.i.k.p.i.AbstractProblemLoader Init config took 3.78s 
40275      INFO  main            d.u.i.k.p.i.AbstractProblemLoader Replaying proof Arrays[Arrays::copyOfRange([I,int,int)].JML normal_behavior operation contract.0 
40277      DEBUG main            d.u.i.k.p.i.IntermediateProofReplayer Proof replay took 5ns 
45623      INFO  main            d.u.i.k.p.r.p.TestFile    ... finished proof: closed. 
45886      INFO  main            d.u.i.k.p.i.AbstractProblemLoader Loading environment from /home/runner/work/key/key/key.core/../key.ui/examples/redux/arrays/Arrays.copyOfRange.key.proof 
45887      DEBUG main            d.u.i.k.p.i.AbstractProblemLoader Environment load took 383.5ns 
45889      INFO  main            d.u.i.k.p.i.AbstractProblemLoader Creating init config 
49488      DEBUG main            d.u.i.k.p.i.AbstractProblemLoader Init config took 3.6s 
49542      INFO  main            d.u.i.k.p.i.AbstractProblemLoader Replaying proof Arrays[Arrays::copyOfRange([I,int,int)].JML normal_behavior operation contract.0 
50008      DEBUG main            d.u.i.k.p.i.IntermediateProofReplayer Proof replay took 444.88ms 
50010      DEBUG main            d.u.i.k.p.r.p.TestFile    ... success: reloaded. 
50011      INFO  main            d.u.i.k.p.r.p.TestFile    Now processing file /home/runner/work/key/key/key.core/../key.ui/examples/redux/arrays/Arrays.copyOfRange.float.key 
50012      INFO  main            d.u.i.k.p.i.AbstractProblemLoader Loading environment from /home/runner/work/key/key/key.core/../key.ui/examples/redux/arrays/Arrays.copyOfRange.float.key 
50012      DEBUG main            d.u.i.k.p.i.AbstractProblemLoader Environment load took 216.9ns 
50013      INFO  main            d.u.i.k.p.i.AbstractProblemLoader Creating init config 
53522      DEBUG main            d.u.i.k.p.i.AbstractProblemLoader Init config took 3.51s 
53571      INFO  main            d.u.i.k.p.i.AbstractProblemLoader Replaying proof Arrays[Arrays::copyOfRange([F,int,int)].JML normal_behavior operation contract.0 
53573      DEBUG main            d.u.i.k.p.i.IntermediateProofReplayer Proof replay took 5.9ns 
53574      DEBUG main            d.u.i.k.m.s.ProofScriptEngine [1] goal: 0, source line: 6, command: 'macro autopilot' 
60122      DEBUG main            d.u.i.k.m.s.ProofScriptEngine [2] goal: 27, source line: 7, command: 'smt solver=Z3' 
60174      INFO  main            d.u.i.k.m.s.SMTCommand    Finished run on goal 27 in 38ms, result is valid 
60174      DEBUG main            d.u.i.k.m.s.ProofScriptEngine [3] goal: 375, source line: 8, command: 'tryclose' 
63865      INFO  main            d.u.i.k.p.r.p.TestFile    ... finished proof: closed. 
64126      INFO  main            d.u.i.k.p.i.AbstractProblemLoader Loading environment from /home/runner/work/key/key/key.core/../key.ui/examples/redux/arrays/Arrays.copyOfRange.float.key.proof 
64126      DEBUG main            d.u.i.k.p.i.AbstractProblemLoader Environment load took 400ns 
64129      INFO  main            d.u.i.k.p.i.AbstractProblemLoader Creating init config 
67609      DEBUG main            d.u.i.k.p.i.AbstractProblemLoader Init config took 3.48s 
67659      INFO  main            d.u.i.k.p.i.AbstractProblemLoader Replaying proof Arrays[Arrays::copyOfRange([F,int,int)].JML normal_behavior operation contract.0 
67744      INFO  main            d.u.i.k.s.SMTFocusResults Analyzing unsat core: (L_8) 
68515      DEBUG main            d.u.i.k.p.i.IntermediateProofReplayer Proof replay took 830.1ms 
68518      DEBUG main            d.u.i.k.p.r.p.TestFile    ... success: reloaded. 
68519      INFO  main            d.u.i.k.p.r.p.TestFile    Now processing file /home/runner/work/key/key/key.core/../key.ui/examples/redux/arrays/Arrays.equals.key 
68520      INFO  main            d.u.i.k.p.i.AbstractProblemLoader Loading environment from /home/runner/work/key/key/key.core/../key.ui/examples/redux/arrays/Arrays.equals.key 
68520      DEBUG main            d.u.i.k.p.i.AbstractProblemLoader Environment load took 212.9ns 
68521      INFO  main            d.u.i.k.p.i.AbstractProblemLoader Creating init config 
72215      DEBUG main            d.u.i.k.p.i.AbstractProblemLoader Init config took 3.69s 
72265      INFO  main            d.u.i.k.p.i.AbstractProblemLoader Replaying proof Arrays[Arrays::equals([B,[B)].JML normal_behavior operation contract.0 
72266      DEBUG main            d.u.i.k.p.i.IntermediateProofReplayer Proof replay took 5.5ns 
72872      INFO  main            d.u.i.k.p.r.p.TestFile    ... finished proof: closed. 
73184      INFO  main            d.u.i.k.p.i.AbstractProblemLoader Loading environment from /home/runner/work/key/key/key.core/../key.ui/examples/redux/arrays/Arrays.equals.key.proof 
73185      DEBUG main            d.u.i.k.p.i.AbstractProblemLoader Environment load took 1.28ms 
73187      INFO  main            d.u.i.k.p.i.AbstractProblemLoader Creating init config 
76715      DEBUG main            d.u.i.k.p.i.AbstractProblemLoader Init config took 3.53s 
76764      INFO  main            d.u.i.k.p.i.AbstractProblemLoader Replaying proof Arrays[Arrays::equals([B,[B)].JML normal_behavior operation contract.0 
76919      DEBUG main            d.u.i.k.p.i.IntermediateProofReplayer Proof replay took 150.71ms 
76920      DEBUG main            d.u.i.k.p.r.p.TestFile    ... success: reloaded. 
76921      INFO  main            d.u.i.k.p.r.p.TestFile    Now processing file /home/runner/work/key/key/key.core/../key.ui/examples/redux/arrays/Arrays.fill.key 
76922      INFO  main            d.u.i.k.p.i.AbstractProblemLoader Loading environment from /home/runner/work/key/key/key.core/../key.ui/examples/redux/arrays/Arrays.fill.key 
76922      DEBUG main            d.u.i.k.p.i.AbstractProblemLoader Environment load took 165.6ns 
76923      INFO  main            d.u.i.k.p.i.AbstractProblemLoader Creating init config 
80549      DEBUG main            d.u.i.k.p.i.AbstractProblemLoader Init config took 3.63s 
80596      INFO  main            d.u.i.k.p.i.AbstractProblemLoader Replaying proof Arrays[Arrays::fill([I,int)].JML normal_behavior operation contract.0 
80598      DEBUG main            d.u.i.k.p.i.IntermediateProofReplayer Proof replay took 7.5ns 
80800      INFO  main            d.u.i.k.p.r.p.TestFile    ... finished proof: closed. 
81009      INFO  main            d.u.i.k.p.i.AbstractProblemLoader Loading environment from /home/runner/work/key/key/key.core/../key.ui/examples/redux/arrays/Arrays.fill.key.proof 
81009      DEBUG main            d.u.i.k.p.i.AbstractProblemLoader Environment load took 164.9ns 
81011      INFO  main            d.u.i.k.p.i.AbstractProblemLoader Creating init config 
84614      DEBUG main            d.u.i.k.p.i.AbstractProblemLoader Init config took 3.6s 
84663      INFO  main            d.u.i.k.p.i.AbstractProblemLoader Replaying proof Arrays[Arrays::fill([I,int)].JML normal_behavior operation contract.0 
84695      DEBUG main            d.u.i.k.p.i.IntermediateProofReplayer Proof replay took 29.6ms 
84696      DEBUG main            d.u.i.k.p.r.p.TestFile    ... success: reloaded. 
84697      INFO  main            d.u.i.k.p.r.p.TestFile    Now processing file /home/runner/work/key/key/key.core/../key.ui/examples/redux/arrays/Arrays.fill.float.key 
84698      INFO  main            d.u.i.k.p.i.AbstractProblemLoader Loading environment from /home/runner/work/key/key/key.core/../key.ui/examples/redux/arrays/Arrays.fill.float.key 
84698      DEBUG main            d.u.i.k.p.i.AbstractProblemLoader Environment load took 116.9ns 
84699      INFO  main            d.u.i.k.p.i.AbstractProblemLoader Creating init config 
88171      DEBUG main            d.u.i.k.p.i.AbstractProblemLoader Init config took 3.47s 
88222      INFO  main            d.u.i.k.p.i.AbstractProblemLoader Replaying proof Arrays[Arrays::fill([F,float)].JML normal_behavior operation contract.0 
88224      DEBUG main            d.u.i.k.p.i.IntermediateProofReplayer Proof replay took 7.3ns 
88427      INFO  main            d.u.i.k.p.r.p.TestFile    ... finished proof: closed. 
88652      INFO  main            d.u.i.k.p.i.AbstractProblemLoader Loading environment from /home/runner/work/key/key/key.core/../key.ui/examples/redux/arrays/Arrays.fill.float.key.proof 
88652      DEBUG main            d.u.i.k.p.i.AbstractProblemLoader Environment load took 120.2ns 
88653      INFO  main            d.u.i.k.p.i.AbstractProblemLoader Creating init config 
91977      DEBUG main            d.u.i.k.p.i.AbstractProblemLoader Init config took 3.32s 
92028      INFO  main            d.u.i.k.p.i.AbstractProblemLoader Replaying proof Arrays[Arrays::fill([F,float)].JML normal_behavior operation contract.0 
92068      DEBUG main            d.u.i.k.p.i.IntermediateProofReplayer Proof replay took 36.82ms 
92069      DEBUG main            d.u.i.k.p.r.p.TestFile    ... success: reloaded. 
92070      INFO  main            d.u.i.k.p.r.p.TestFile    Now processing file /home/runner/work/key/key/key.core/../key.ui/examples/redux/arrays/Arrays.fillFromTo.key 
92070      INFO  main            d.u.i.k.p.i.AbstractProblemLoader Loading environment from /home/runner/work/key/key/key.core/../key.ui/examples/redux/arrays/Arrays.fillFromTo.key 
92071      DEBUG main            d.u.i.k.p.i.AbstractProblemLoader Environment load took 304.4ns 
92072      INFO  main            d.u.i.k.p.i.AbstractProblemLoader Creating init config 
95486      DEBUG main            d.u.i.k.p.i.AbstractProblemLoader Init config took 3.41s 
95531      INFO  main            d.u.i.k.p.i.AbstractProblemLoader Replaying proof Arrays[Arrays::fill([I,int,int,int)].JML normal_behavior operation contract.0 
95533      DEBUG main            d.u.i.k.p.i.IntermediateProofReplayer Proof replay took 7.5ns 
96164      INFO  main            d.u.i.k.p.r.p.TestFile    ... finished proof: closed. 
96379      INFO  main            d.u.i.k.p.i.AbstractProblemLoader Loading environment from /home/runner/work/key/key/key.core/../key.ui/examples/redux/arrays/Arrays.fillFromTo.key.proof 
96379      DEBUG main            d.u.i.k.p.i.AbstractProblemLoader Environment load took 160ns 
96381      INFO  main            d.u.i.k.p.i.AbstractProblemLoader Creating init config 
99714      DEBUG main            d.u.i.k.p.i.AbstractProblemLoader Init config took 3.33s 
99753      INFO  main            d.u.i.k.p.i.AbstractProblemLoader Replaying proof Arrays[Arrays::fill([I,int,int,int)].JML normal_behavior operation contract.0 
99849      DEBUG main            d.u.i.k.p.i.IntermediateProofReplayer Proof replay took 91.69ms 
99850      DEBUG main            d.u.i.k.p.r.p.TestFile    ... success: reloaded. 
99852      INFO  main            d.u.i.k.p.r.p.TestFile    Now processing file /home/runner/work/key/key/key.core/../key.ui/examples/redux/arrays/Arrays.fillFromTo.float.key 
99852      INFO  main            d.u.i.k.p.i.AbstractProblemLoader Loading environment from /home/runner/work/key/key/key.core/../key.ui/examples/redux/arrays/Arrays.fillFromTo.float.key 
99852      DEBUG main            d.u.i.k.p.i.AbstractProblemLoader Environment load took 105.9ns 
99853      INFO  main            d.u.i.k.p.i.AbstractProblemLoader Creating init config 
103239     DEBUG main            d.u.i.k.p.i.AbstractProblemLoader Init config took 3.39s 
103279     INFO  main            d.u.i.k.p.i.AbstractProblemLoader Replaying proof Arrays[Arrays::fill([F,int,int,float)].JML normal_behavior operation contract.0 
103280     DEBUG main            d.u.i.k.p.i.IntermediateProofReplayer Proof replay took 6ns 
104085     INFO  main            d.u.i.k.p.r.p.TestFile    ... finished proof: closed. 
104354     INFO  main            d.u.i.k.p.i.AbstractProblemLoader Loading environment from /home/runner/work/key/key/key.core/../key.ui/examples/redux/arrays/Arrays.fillFromTo.float.key.proof 
104354     DEBUG main            d.u.i.k.p.i.AbstractProblemLoader Environment load took 470.5ns 
104356     INFO  main            d.u.i.k.p.i.AbstractProblemLoader Creating init config 
107746     DEBUG main            d.u.i.k.p.i.AbstractProblemLoader Init config took 3.39s 
107786     INFO  main            d.u.i.k.p.i.AbstractProblemLoader Replaying proof Arrays[Arrays::fill([F,int,int,float)].JML normal_behavior operation contract.0 
107912     DEBUG main            d.u.i.k.p.i.IntermediateProofReplayer Proof replay took 120.3ms 
107913     DEBUG main            d.u.i.k.p.r.p.TestFile    ... success: reloaded. 
107914     INFO  main            d.u.i.k.p.r.p.TestFile    Now processing file /home/runner/work/key/key/key.core/../key.ui/examples/redux/arrays/ArrayCopy.arraycopy.normal.0.key 
107915     INFO  main            d.u.i.k.p.i.AbstractProblemLoader Loading environment from /home/runner/work/key/key/key.core/../key.ui/examples/redux/arrays/ArrayCopy.arraycopy.normal.0.key 
107915     DEBUG main            d.u.i.k.p.i.AbstractProblemLoader Environment load took 128.7ns 
107916     INFO  main            d.u.i.k.p.i.AbstractProblemLoader Creating init config 
111315     DEBUG main            d.u.i.k.p.i.AbstractProblemLoader Init config took 3.4s 
111355     INFO  main            d.u.i.k.p.i.AbstractProblemLoader Replaying proof ArrayCopy[ArrayCopy::arraycopy(java.lang.Object,int,java.lang.Object,int,int)].JML normal_behavior operation contract.0 
111357     DEBUG main            d.u.i.k.p.i.IntermediateProofReplayer Proof replay took 5.7ns 
118118     INFO  main            d.u.i.k.p.r.p.TestFile    ... finished proof: closed. 
118412     INFO  main            d.u.i.k.p.i.AbstractProblemLoader Loading environment from /home/runner/work/key/key/key.core/../key.ui/examples/redux/arrays/ArrayCopy.arraycopy.normal.0.key.proof 
118413     DEBUG main            d.u.i.k.p.i.AbstractProblemLoader Environment load took 717.4ns 
118415     INFO  main            d.u.i.k.p.i.AbstractProblemLoader Creating init config 
121996     DEBUG main            d.u.i.k.p.i.AbstractProblemLoader Init config took 3.58s 
122035     INFO  main            d.u.i.k.p.i.AbstractProblemLoader Replaying proof ArrayCopy[ArrayCopy::arraycopy(java.lang.Object,int,java.lang.Object,int,int)].JML normal_behavior operation contract.0 
122824     DEBUG main            d.u.i.k.p.i.IntermediateProofReplayer Proof replay took 761.1ms 
122826     DEBUG main            d.u.i.k.p.r.p.TestFile    ... success: reloaded. 
122827     INFO  main            d.u.i.k.p.r.p.TestFile    Now processing file /home/runner/work/key/key/key.core/../key.ui/examples/redux/arrays/ArrayCopy.arraycopy.exceptional.0.key 
122828     INFO  main            d.u.i.k.p.i.AbstractProblemLoader Loading environment from /home/runner/work/key/key/key.core/../key.ui/examples/redux/arrays/ArrayCopy.arraycopy.exceptional.0.key 
122828     DEBUG main            d.u.i.k.p.i.AbstractProblemLoader Environment load took 193.2ns 
122829     INFO  main            d.u.i.k.p.i.AbstractProblemLoader Creating init config 
126485     DEBUG main            d.u.i.k.p.i.AbstractProblemLoader Init config took 3.66s 
126527     INFO  main            d.u.i.k.p.i.AbstractProblemLoader Replaying proof ArrayCopy[ArrayCopy::arraycopy(java.lang.Object,int,java.lang.Object,int,int)].JML exceptional_behavior operation contract.0 
126528     DEBUG main            d.u.i.k.p.i.IntermediateProofReplayer Proof replay took 6.9ns 
126930     INFO  main            d.u.i.k.p.r.p.TestFile    ... finished proof: closed. 
127153     INFO  main            d.u.i.k.p.i.AbstractProblemLoader Loading environment from /home/runner/work/key/key/key.core/../key.ui/examples/redux/arrays/ArrayCopy.arraycopy.exceptional.0.key.proof 
127153     DEBUG main            d.u.i.k.p.i.AbstractProblemLoader Environment load took 131.1ns 
127154     INFO  main            d.u.i.k.p.i.AbstractProblemLoader Creating init config 
130576     DEBUG main            d.u.i.k.p.i.AbstractProblemLoader Init config took 3.42s 
130620     INFO  main            d.u.i.k.p.i.AbstractProblemLoader Replaying proof ArrayCopy[ArrayCopy::arraycopy(java.lang.Object,int,java.lang.Object,int,int)].JML exceptional_behavior operation contract.0 
130753     DEBUG main            d.u.i.k.p.i.IntermediateProofReplayer Proof replay took 122.78ms 
130754     DEBUG main            d.u.i.k.p.r.p.TestFile    ... success: reloaded. 
130755     INFO  main            d.u.i.k.p.r.p.TestFile    Now processing file /home/runner/work/key/key/key.core/../key.ui/examples/redux/arrays/ArrayCopy.arraycopy.exceptional.1.key 
130756     INFO  main            d.u.i.k.p.i.AbstractProblemLoader Loading environment from /home/runner/work/key/key/key.core/../key.ui/examples/redux/arrays/ArrayCopy.arraycopy.exceptional.1.key 
130756     DEBUG main            d.u.i.k.p.i.AbstractProblemLoader Environment load took 124ns 
130757     INFO  main            d.u.i.k.p.i.AbstractProblemLoader Creating init config 
134402     DEBUG main            d.u.i.k.p.i.AbstractProblemLoader Init config took 3.65s 
134444     INFO  main            d.u.i.k.p.i.AbstractProblemLoader Replaying proof ArrayCopy[ArrayCopy::arraycopy(java.lang.Object,int,java.lang.Object,int,int)].JML exceptional_behavior operation contract.1 
134445     DEBUG main            d.u.i.k.p.i.IntermediateProofReplayer Proof replay took 6.1ns 
141555     INFO  main            d.u.i.k.p.r.p.TestFile    ... finished proof: closed. 
141856     INFO  main            d.u.i.k.p.i.AbstractProblemLoader Loading environment from /home/runner/work/key/key/key.core/../key.ui/examples/redux/arrays/ArrayCopy.arraycopy.exceptional.1.key.proof 
141857     DEBUG main            d.u.i.k.p.i.AbstractProblemLoader Environment load took 434.5ns 
141862     INFO  main            d.u.i.k.p.i.AbstractProblemLoader Creating init config 
145399     DEBUG main            d.u.i.k.p.i.AbstractProblemLoader Init config took 3.54s 
145443     INFO  main            d.u.i.k.p.i.AbstractProblemLoader Replaying proof ArrayCopy[ArrayCopy::arraycopy(java.lang.Object,int,java.lang.Object,int,int)].JML exceptional_behavior operation contract.1 
146945     DEBUG main            d.u.i.k.p.i.IntermediateProofReplayer Proof replay took 1.48s 
146948     DEBUG main            d.u.i.k.p.r.p.TestFile    ... success: reloaded. 
6113867    INFO  Test worker     d.u.i.k.p.r.p.StatisticsFile Returning from test redux 
]]></system-out>
  <system-err><![CDATA[]]></system-err>
</testsuite>
