<?xml version="1.0" encoding="UTF-8"?>
<testsuite name="de.uka.ilkd.key.nparser.ExprTest" tests="23" skipped="0" failures="0" errors="0" timestamp="2023-04-03T21:10:09" hostname="fv-az399-738" time="2.129">
  <properties/>
  <testcase name="[1] (bprod{int y;}(1, 2, y) = 0)" classname="de.uka.ilkd.key.nparser.ExprTest" time="0.013"/>
  <testcase name="[2] 1 = 1 -&gt; 2 = 2" classname="de.uka.ilkd.key.nparser.ExprTest" time="0.012"/>
  <testcase name="[3] \&lt; { int x = 1; } \&gt; x=1" classname="de.uka.ilkd.key.nparser.ExprTest" time="0.933"/>
  <testcase name="[4] \&lt;{ int x = 1; {int s = 2;} }\&gt; x=x" classname="de.uka.ilkd.key.nparser.ExprTest" time="0.904"/>
  <testcase name="[5] true" classname="de.uka.ilkd.key.nparser.ExprTest" time="0.011"/>
  <testcase name="[6] true &amp; false" classname="de.uka.ilkd.key.nparser.ExprTest" time="0.011"/>
  <testcase name="[7] 0" classname="de.uka.ilkd.key.nparser.ExprTest" time="0.011"/>
  <testcase name="[8] 1" classname="de.uka.ilkd.key.nparser.ExprTest" time="0.011"/>
  <testcase name="[9] 42" classname="de.uka.ilkd.key.nparser.ExprTest" time="0.012"/>
  <testcase name="[10] -5" classname="de.uka.ilkd.key.nparser.ExprTest" time="0.015"/>
  <testcase name="[11] 1 + 1 = 2" classname="de.uka.ilkd.key.nparser.ExprTest" time="0.017"/>
  <testcase name="[12] \if (3=4) \then (1) \else (2)" classname="de.uka.ilkd.key.nparser.ExprTest" time="0.013"/>
  <testcase name="[13] \if (3=4 &amp; 1=1) \then (\if (3=4) \then (1) \else (2)) \else (2)" classname="de.uka.ilkd.key.nparser.ExprTest" time="0.013"/>
  <testcase name="[14] aa + bb*cc" classname="de.uka.ilkd.key.nparser.ExprTest" time="0.012"/>
  <testcase name="[15] aa%bb*cc &lt; -123" classname="de.uka.ilkd.key.nparser.ExprTest" time="0.012"/>
  <testcase name="[16] \forall int x; true" classname="de.uka.ilkd.key.nparser.ExprTest" time="0.011"/>
  <testcase name="[17] \forall numbers x; x = x" classname="de.uka.ilkd.key.nparser.ExprTest" time="0.012"/>
  <testcase name="[18] (int)3+2" classname="de.uka.ilkd.key.nparser.ExprTest" time="0.02"/>
  <testcase name="[19] 1.f + 1f = 20e-1f * (2f-1f)" classname="de.uka.ilkd.key.nparser.ExprTest" time="0.013"/>
  <testcase name="[20] 1.d + 1d &lt;= 20e+1d * .01d" classname="de.uka.ilkd.key.nparser.ExprTest" time="0.012"/>
  <testcase name="[21] 1f &lt;= 2f" classname="de.uka.ilkd.key.nparser.ExprTest" time="0.012"/>
  <testcase name="[22] 2d &gt; 1d" classname="de.uka.ilkd.key.nparser.ExprTest" time="0.01"/>
  <testcase name="[23] seqEmpty + seqEmpty" classname="de.uka.ilkd.key.nparser.ExprTest" time="0.011"/>
  <system-out><![CDATA[187286     INFO  Test worker     d.u.i.k.n.KeyIO           Parsing took 7 ms 
187287     INFO  Test worker     d.u.i.k.n.KeyIO           MODE: declarations took 1 ms 
187290     INFO  Test worker     d.u.i.k.n.ExprTest        Term: equals(bprod{y:int}(Z(1(#)),Z(2(#)),y),Z(0(#))) 
187299     INFO  Test worker     d.u.i.k.n.KeyIO           Parsing took 6 ms 
187300     INFO  Test worker     d.u.i.k.n.KeyIO           MODE: declarations took 1 ms 
187303     INFO  Test worker     d.u.i.k.n.ExprTest        Term: imp(equals(Z(1(#)),Z(1(#))),equals(Z(2(#)),Z(2(#)))) 
187312     INFO  Test worker     d.u.i.k.n.KeyIO           Parsing took 7 ms 
187313     INFO  Test worker     d.u.i.k.n.KeyIO           MODE: declarations took 1 ms 
188236     INFO  Test worker     d.u.i.k.n.ExprTest        Term: \<{
  int x = 1;
}\> (equals(x,Z(1(#)))) 
188246     INFO  Test worker     d.u.i.k.n.KeyIO           Parsing took 6 ms 
188248     INFO  Test worker     d.u.i.k.n.KeyIO           MODE: declarations took 1 ms 
189142     INFO  Test worker     d.u.i.k.n.ExprTest        Term: \<{
  int x = 1;
  {
    int s = 2;
  }
}\> (equals(x,x)) 
189152     INFO  Test worker     d.u.i.k.n.KeyIO           Parsing took 7 ms 
189153     INFO  Test worker     d.u.i.k.n.KeyIO           MODE: declarations took 1 ms 
189155     INFO  Test worker     d.u.i.k.n.ExprTest        Term: true 
189163     INFO  Test worker     d.u.i.k.n.KeyIO           Parsing took 6 ms 
189164     INFO  Test worker     d.u.i.k.n.KeyIO           MODE: declarations took 1 ms 
189166     INFO  Test worker     d.u.i.k.n.ExprTest        Term: and(true,false) 
189174     INFO  Test worker     d.u.i.k.n.KeyIO           Parsing took 6 ms 
189175     INFO  Test worker     d.u.i.k.n.KeyIO           MODE: declarations took 1 ms 
189177     INFO  Test worker     d.u.i.k.n.ExprTest        Term: Z(0(#)) 
189186     INFO  Test worker     d.u.i.k.n.KeyIO           Parsing took 7 ms 
189187     INFO  Test worker     d.u.i.k.n.KeyIO           MODE: declarations took 1 ms 
189189     INFO  Test worker     d.u.i.k.n.ExprTest        Term: Z(1(#)) 
189197     INFO  Test worker     d.u.i.k.n.KeyIO           Parsing took 7 ms 
189198     INFO  Test worker     d.u.i.k.n.KeyIO           MODE: declarations took 1 ms 
189200     INFO  Test worker     d.u.i.k.n.ExprTest        Term: Z(2(4(#))) 
189212     INFO  Test worker     d.u.i.k.n.KeyIO           Parsing took 8 ms 
189214     INFO  Test worker     d.u.i.k.n.KeyIO           MODE: declarations took 2 ms 
189216     INFO  Test worker     d.u.i.k.n.ExprTest        Term: Z(neglit(5(#))) 
189228     INFO  Test worker     d.u.i.k.n.KeyIO           Parsing took 8 ms 
189229     INFO  Test worker     d.u.i.k.n.KeyIO           MODE: declarations took 1 ms 
189234     INFO  Test worker     d.u.i.k.n.ExprTest        Term: equals(add(Z(1(#)),Z(1(#))),Z(2(#))) 
189246     INFO  Test worker     d.u.i.k.n.KeyIO           Parsing took 7 ms 
189247     INFO  Test worker     d.u.i.k.n.KeyIO           MODE: declarations took 1 ms 
189249     INFO  Test worker     d.u.i.k.n.ExprTest        Term: if-then-else(equals(Z(3(#)),Z(4(#))),Z(1(#)),Z(2(#))) 
189258     INFO  Test worker     d.u.i.k.n.KeyIO           Parsing took 6 ms 
189261     INFO  Test worker     d.u.i.k.n.KeyIO           MODE: declarations took 1 ms 
189263     INFO  Test worker     d.u.i.k.n.ExprTest        Term: if-then-else(and(equals(Z(3(#)),Z(4(#))),equals(Z(1(#)),Z(1(#)))),if-then-else(equals(Z(3(#)),Z(4(#))),Z(1(#)),Z(2(#))),Z(2(#))) 
189272     INFO  Test worker     d.u.i.k.n.KeyIO           Parsing took 6 ms 
189273     INFO  Test worker     d.u.i.k.n.KeyIO           MODE: declarations took 1 ms 
189276     INFO  Test worker     d.u.i.k.n.ExprTest        Term: add(aa,mul(bb,cc)) 
189292     INFO  Test worker     d.u.i.k.n.KeyIO           Parsing took 6 ms 
189293     INFO  Test worker     d.u.i.k.n.KeyIO           MODE: declarations took 0 ms 
189296     INFO  Test worker     d.u.i.k.n.ExprTest        Term: lt(mul(mod(aa,bb),cc),Z(neglit(3(2(1(#)))))) 
189305     INFO  Test worker     d.u.i.k.n.KeyIO           Parsing took 6 ms 
189306     INFO  Test worker     d.u.i.k.n.KeyIO           MODE: declarations took 0 ms 
189309     INFO  Test worker     d.u.i.k.n.ExprTest        Term: all{x:int}(true) 
189318     INFO  Test worker     d.u.i.k.n.KeyIO           Parsing took 6 ms 
189320     INFO  Test worker     d.u.i.k.n.KeyIO           MODE: declarations took 1 ms 
189322     INFO  Test worker     d.u.i.k.n.ExprTest        Term: all{x:numbers}(equals(x,x)) 
189331     INFO  Test worker     d.u.i.k.n.KeyIO           Parsing took 6 ms 
189332     INFO  Test worker     d.u.i.k.n.KeyIO           MODE: declarations took 1 ms 
189342     INFO  Test worker     d.u.i.k.n.ExprTest        Term: add(int::cast(Z(3(#))),Z(2(#))) 
189353     INFO  Test worker     d.u.i.k.n.KeyIO           Parsing took 7 ms 
189354     INFO  Test worker     d.u.i.k.n.KeyIO           MODE: declarations took 1 ms 
189357     INFO  Test worker     d.u.i.k.n.ExprTest        Term: equals(addFloat(FP(6(1(2(3(5(3(5(6(0(1(#))))))))))),FP(6(1(2(3(5(3(5(6(0(1(#)))))))))))),mulFloat(FP(4(2(8(1(4(7(3(7(0(1(#))))))))))),subFloat(FP(4(2(8(1(4(7(3(7(0(1(#))))))))))),FP(6(1(2(3(5(3(5(6(0(1(#)))))))))))))) 
189366     INFO  Test worker     d.u.i.k.n.KeyIO           Parsing took 6 ms 
189367     INFO  Test worker     d.u.i.k.n.KeyIO           MODE: declarations took 1 ms 
189369     INFO  Test worker     d.u.i.k.n.ExprTest        Term: leqDouble(addDouble(DFP(8(0(4(7(1(0(0(0(8(8(1(4(2(8(1(7(0(6(4(#)))))))))))))))))))),DFP(8(0(4(7(1(0(0(0(8(8(1(4(2(8(1(7(0(6(4(#))))))))))))))))))))),mulDouble(DFP(4(8(7(6(0(0(2(8(9(0(9(8(0(4(2(1(4(6(4(#)))))))))))))))))))),DFP(5(7(6(7(8(0(4(0(3(9(2(2(8(1(9(6(7(5(4(#)))))))))))))))))))))) 
189379     INFO  Test worker     d.u.i.k.n.KeyIO           Parsing took 7 ms 
189381     INFO  Test worker     d.u.i.k.n.KeyIO           MODE: declarations took 1 ms 
189383     INFO  Test worker     d.u.i.k.n.ExprTest        Term: leqFloat(FP(6(1(2(3(5(3(5(6(0(1(#))))))))))),FP(4(2(8(1(4(7(3(7(0(1(#)))))))))))) 
189392     INFO  Test worker     d.u.i.k.n.KeyIO           Parsing took 6 ms 
189393     INFO  Test worker     d.u.i.k.n.KeyIO           MODE: declarations took 1 ms 
189395     INFO  Test worker     d.u.i.k.n.ExprTest        Term: gtDouble(DFP(4(0(9(7(8(3(7(2(4(8(1(0(6(8(6(1(1(6(4(#)))))))))))))))))))),DFP(8(0(4(7(1(0(0(0(8(8(1(4(2(8(1(7(0(6(4(#))))))))))))))))))))) 
189403     INFO  Test worker     d.u.i.k.n.KeyIO           Parsing took 6 ms 
189404     INFO  Test worker     d.u.i.k.n.KeyIO           MODE: declarations took 0 ms 
189407     INFO  Test worker     d.u.i.k.n.ExprTest        Term: seqConcat(seqEmpty,seqEmpty) 
]]></system-out>
  <system-err><![CDATA[]]></system-err>
</testsuite>
