<?xml version="1.0" encoding="UTF-8"?>
<testsuite name="de.uka.ilkd.key.proof.TestOneStepSimplifier" tests="1" skipped="0" failures="0" errors="0" timestamp="2023-06-06T12:20:47" hostname="fv-az618-761" time="4.977">
  <properties/>
  <testcase name="loadWithRestriction()" classname="de.uka.ilkd.key.proof.TestOneStepSimplifier" time="4.977"/>
  <system-out><![CDATA[570618     INFO  Test worker     d.u.i.k.p.i.AbstractProblemLoader Loading environment from src\test\resources\testcase\ossRestriction.proof 
570618     DEBUG Test worker     d.u.i.k.p.i.AbstractProblemLoader Environment load took 113ns 
570618     INFO  Test worker     d.u.i.k.p.i.AbstractProblemLoader Creating init config 
570806     DEBUG Test worker     d.u.i.k.j.TypeConverter   No LDT found for Meta 
570806     DEBUG Test worker     d.u.i.k.j.TypeConverter   No LDT found for Meta 
570806     DEBUG Test worker     d.u.i.k.j.TypeConverter   No LDT found for Meta 
570806     DEBUG Test worker     d.u.i.k.j.TypeConverter   No LDT found for Meta 
571469     DEBUG Test worker     d.u.i.k.j.TypeConverter   No LDT found for JavaBigintExpression 
575557     DEBUG Test worker     d.u.i.k.p.i.AbstractProblemLoader Init config took 4.93s 
575573     INFO  Test worker     d.u.i.k.p.i.AbstractProblemLoader Replaying proof ossRestriction.proof 
575589     DEBUG Test worker     d.u.i.k.p.i.IntermediateProofReplayer Proof replay took 837ns 
]]></system-out>
  <system-err><![CDATA[]]></system-err>
</testsuite>
