<?xml version="1.0" encoding="UTF-8"?>
<testsuite name="de.uka.ilkd.key.logic.TestClashFreeSubst" tests="14" skipped="2" failures="0" errors="0" timestamp="2023-06-06T12:12:09" hostname="fv-az618-761" time="67.328">
  <properties/>
  <testcase name="testMultiShareBound()" classname="de.uka.ilkd.key.logic.TestClashFreeSubst" time="1.249"/>
  <testcase name="testClash()" classname="de.uka.ilkd.key.logic.TestClashFreeSubst" time="1.253"/>
  <testcase name="testShare()" classname="de.uka.ilkd.key.logic.TestClashFreeSubst" time="1.221"/>
  <testcase name="testSubst()" classname="de.uka.ilkd.key.logic.TestClashFreeSubst" time="1.204"/>
  <testcase name="testWary0()" classname="de.uka.ilkd.key.logic.TestClashFreeSubst" time="1.226"/>
  <testcase name="testWary1()" classname="de.uka.ilkd.key.logic.TestClashFreeSubst" time="1.236"/>
  <testcase name="testWary2()" classname="de.uka.ilkd.key.logic.TestClashFreeSubst" time="1.211"/>
  <testcase name="testClashInSubstTerm()" classname="de.uka.ilkd.key.logic.TestClashFreeSubst" time="1.271"/>
  <testcase name="testShareWary()" classname="de.uka.ilkd.key.logic.TestClashFreeSubst" time="1.214"/>
  <testcase name="testMultiSubst()" classname="de.uka.ilkd.key.logic.TestClashFreeSubst" time="1.229"/>
  <testcase name="xtestMultiClash()" classname="de.uka.ilkd.key.logic.TestClashFreeSubst" time="0.0">
    <skipped/>
  </testcase>
  <testcase name="testSubstInSubstTerm()" classname="de.uka.ilkd.key.logic.TestClashFreeSubst" time="1.235"/>
  <testcase name="testSubstWary()" classname="de.uka.ilkd.key.logic.TestClashFreeSubst" time="1.229"/>
  <testcase name="xtestMultiClash1()" classname="de.uka.ilkd.key.logic.TestClashFreeSubst" time="0.0">
    <skipped/>
  </testcase>
  <system-out><![CDATA[52589      INFO  Test worker     d.u.i.k.n.KeyIO           Parsing took 0 ms 
52589      DEBUG Test worker     d.u.i.k.n.KeyIO           Load declarations of de.uka.ilkd.key.nparser.KeyAst$File:  <unknown>:1#1 
52589      INFO  Test worker     d.u.i.k.n.KeyIO           MODE: declarations took 0 ms 
52589      DEBUG Test worker     d.u.i.k.n.KeyIO           MODE: 2nd degree decls took 0 
53826      INFO  Test worker     d.u.i.k.n.KeyIO           Parsing took 0 ms 
53826      DEBUG Test worker     d.u.i.k.n.KeyIO           Load declarations of de.uka.ilkd.key.nparser.KeyAst$File:  <unknown>:1#1 
53826      INFO  Test worker     d.u.i.k.n.KeyIO           MODE: declarations took 0 ms 
53826      DEBUG Test worker     d.u.i.k.n.KeyIO           MODE: 2nd degree decls took 0 
57968      INFO  Test worker     d.u.i.k.n.KeyIO           Parsing took 0 ms 
57968      DEBUG Test worker     d.u.i.k.n.KeyIO           Load declarations of de.uka.ilkd.key.nparser.KeyAst$File:  <unknown>:1#1 
57968      INFO  Test worker     d.u.i.k.n.KeyIO           MODE: declarations took 0 ms 
57968      DEBUG Test worker     d.u.i.k.n.KeyIO           MODE: 2nd degree decls took 0 
59216      INFO  Test worker     d.u.i.k.n.KeyIO           Parsing took 0 ms 
59216      DEBUG Test worker     d.u.i.k.n.KeyIO           Load declarations of de.uka.ilkd.key.nparser.KeyAst$File:  <unknown>:1#1 
59216      INFO  Test worker     d.u.i.k.n.KeyIO           MODE: declarations took 0 ms 
59216      DEBUG Test worker     d.u.i.k.n.KeyIO           MODE: 2nd degree decls took 0 
63267      INFO  Test worker     d.u.i.k.n.KeyIO           Parsing took 0 ms 
63267      DEBUG Test worker     d.u.i.k.n.KeyIO           Load declarations of de.uka.ilkd.key.nparser.KeyAst$File:  <unknown>:1#1 
63267      INFO  Test worker     d.u.i.k.n.KeyIO           MODE: declarations took 0 ms 
63283      DEBUG Test worker     d.u.i.k.n.KeyIO           MODE: 2nd degree decls took 16 
64487      INFO  Test worker     d.u.i.k.n.KeyIO           Parsing took 0 ms 
64487      DEBUG Test worker     d.u.i.k.n.KeyIO           Load declarations of de.uka.ilkd.key.nparser.KeyAst$File:  <unknown>:1#1 
64487      INFO  Test worker     d.u.i.k.n.KeyIO           MODE: declarations took 0 ms 
64487      DEBUG Test worker     d.u.i.k.n.KeyIO           MODE: 2nd degree decls took 0 
68470      INFO  Test worker     d.u.i.k.n.KeyIO           Parsing took 0 ms 
68470      DEBUG Test worker     d.u.i.k.n.KeyIO           Load declarations of de.uka.ilkd.key.nparser.KeyAst$File:  <unknown>:1#1 
68470      INFO  Test worker     d.u.i.k.n.KeyIO           MODE: declarations took 0 ms 
68470      DEBUG Test worker     d.u.i.k.n.KeyIO           MODE: 2nd degree decls took 0 
69678      INFO  Test worker     d.u.i.k.n.KeyIO           Parsing took 0 ms 
69678      DEBUG Test worker     d.u.i.k.n.KeyIO           Load declarations of de.uka.ilkd.key.nparser.KeyAst$File:  <unknown>:1#1 
69678      INFO  Test worker     d.u.i.k.n.KeyIO           MODE: declarations took 0 ms 
69678      DEBUG Test worker     d.u.i.k.n.KeyIO           MODE: 2nd degree decls took 0 
73670      INFO  Test worker     d.u.i.k.n.KeyIO           Parsing took 0 ms 
73670      DEBUG Test worker     d.u.i.k.n.KeyIO           Load declarations of de.uka.ilkd.key.nparser.KeyAst$File:  <unknown>:1#1 
73670      INFO  Test worker     d.u.i.k.n.KeyIO           MODE: declarations took 0 ms 
73670      DEBUG Test worker     d.u.i.k.n.KeyIO           MODE: 2nd degree decls took 0 
74892      INFO  Test worker     d.u.i.k.n.KeyIO           Parsing took 0 ms 
74892      DEBUG Test worker     d.u.i.k.n.KeyIO           Load declarations of de.uka.ilkd.key.nparser.KeyAst$File:  <unknown>:1#1 
74892      INFO  Test worker     d.u.i.k.n.KeyIO           MODE: declarations took 0 ms 
74892      DEBUG Test worker     d.u.i.k.n.KeyIO           MODE: 2nd degree decls took 0 
78967      INFO  Test worker     d.u.i.k.n.KeyIO           Parsing took 0 ms 
78967      DEBUG Test worker     d.u.i.k.n.KeyIO           Load declarations of de.uka.ilkd.key.nparser.KeyAst$File:  <unknown>:1#1 
78967      INFO  Test worker     d.u.i.k.n.KeyIO           MODE: declarations took 0 ms 
78967      DEBUG Test worker     d.u.i.k.n.KeyIO           MODE: 2nd degree decls took 0 
80187      INFO  Test worker     d.u.i.k.n.KeyIO           Parsing took 0 ms 
80187      DEBUG Test worker     d.u.i.k.n.KeyIO           Load declarations of de.uka.ilkd.key.nparser.KeyAst$File:  <unknown>:1#1 
80202      INFO  Test worker     d.u.i.k.n.KeyIO           MODE: declarations took 15 ms 
80202      DEBUG Test worker     d.u.i.k.n.KeyIO           MODE: 2nd degree decls took 0 
84226      INFO  Test worker     d.u.i.k.n.KeyIO           Parsing took 0 ms 
84226      DEBUG Test worker     d.u.i.k.n.KeyIO           Load declarations of de.uka.ilkd.key.nparser.KeyAst$File:  <unknown>:1#1 
84226      INFO  Test worker     d.u.i.k.n.KeyIO           MODE: declarations took 0 ms 
84226      DEBUG Test worker     d.u.i.k.n.KeyIO           MODE: 2nd degree decls took 0 
85446      INFO  Test worker     d.u.i.k.n.KeyIO           Parsing took 0 ms 
85446      DEBUG Test worker     d.u.i.k.n.KeyIO           Load declarations of de.uka.ilkd.key.nparser.KeyAst$File:  <unknown>:1#1 
85446      INFO  Test worker     d.u.i.k.n.KeyIO           MODE: declarations took 0 ms 
85447      DEBUG Test worker     d.u.i.k.n.KeyIO           MODE: 2nd degree decls took 0 
89446      INFO  Test worker     d.u.i.k.n.KeyIO           Parsing took 0 ms 
89446      DEBUG Test worker     d.u.i.k.n.KeyIO           Load declarations of de.uka.ilkd.key.nparser.KeyAst$File:  <unknown>:1#1 
89447      INFO  Test worker     d.u.i.k.n.KeyIO           MODE: declarations took 1 ms 
89447      DEBUG Test worker     d.u.i.k.n.KeyIO           MODE: 2nd degree decls took 0 
90701      INFO  Test worker     d.u.i.k.n.KeyIO           Parsing took 0 ms 
90701      DEBUG Test worker     d.u.i.k.n.KeyIO           Load declarations of de.uka.ilkd.key.nparser.KeyAst$File:  <unknown>:1#1 
90701      INFO  Test worker     d.u.i.k.n.KeyIO           MODE: declarations took 0 ms 
90701      DEBUG Test worker     d.u.i.k.n.KeyIO           MODE: 2nd degree decls took 0 
94732      INFO  Test worker     d.u.i.k.n.KeyIO           Parsing took 0 ms 
94732      DEBUG Test worker     d.u.i.k.n.KeyIO           Load declarations of de.uka.ilkd.key.nparser.KeyAst$File:  <unknown>:1#1 
94732      INFO  Test worker     d.u.i.k.n.KeyIO           MODE: declarations took 0 ms 
94732      DEBUG Test worker     d.u.i.k.n.KeyIO           MODE: 2nd degree decls took 0 
95935      INFO  Test worker     d.u.i.k.n.KeyIO           Parsing took 0 ms 
95935      DEBUG Test worker     d.u.i.k.n.KeyIO           Load declarations of de.uka.ilkd.key.nparser.KeyAst$File:  <unknown>:1#1 
95935      INFO  Test worker     d.u.i.k.n.KeyIO           MODE: declarations took 0 ms 
95935      DEBUG Test worker     d.u.i.k.n.KeyIO           MODE: 2nd degree decls took 0 
100139     INFO  Test worker     d.u.i.k.n.KeyIO           Parsing took 0 ms 
100139     DEBUG Test worker     d.u.i.k.n.KeyIO           Load declarations of de.uka.ilkd.key.nparser.KeyAst$File:  <unknown>:1#1 
100139     INFO  Test worker     d.u.i.k.n.KeyIO           MODE: declarations took 0 ms 
100139     DEBUG Test worker     d.u.i.k.n.KeyIO           MODE: 2nd degree decls took 0 
101371     INFO  Test worker     d.u.i.k.n.KeyIO           Parsing took 0 ms 
101371     DEBUG Test worker     d.u.i.k.n.KeyIO           Load declarations of de.uka.ilkd.key.nparser.KeyAst$File:  <unknown>:1#1 
101371     INFO  Test worker     d.u.i.k.n.KeyIO           MODE: declarations took 0 ms 
101371     DEBUG Test worker     d.u.i.k.n.KeyIO           MODE: 2nd degree decls took 0 
109523     INFO  Test worker     d.u.i.k.n.KeyIO           Parsing took 0 ms 
109523     DEBUG Test worker     d.u.i.k.n.KeyIO           Load declarations of de.uka.ilkd.key.nparser.KeyAst$File:  <unknown>:1#1 
109523     INFO  Test worker     d.u.i.k.n.KeyIO           MODE: declarations took 0 ms 
109523     DEBUG Test worker     d.u.i.k.n.KeyIO           MODE: 2nd degree decls took 0 
110752     INFO  Test worker     d.u.i.k.n.KeyIO           Parsing took 0 ms 
110752     DEBUG Test worker     d.u.i.k.n.KeyIO           Load declarations of de.uka.ilkd.key.nparser.KeyAst$File:  <unknown>:1#1 
110752     INFO  Test worker     d.u.i.k.n.KeyIO           MODE: declarations took 0 ms 
110752     DEBUG Test worker     d.u.i.k.n.KeyIO           MODE: 2nd degree decls took 0 
114697     INFO  Test worker     d.u.i.k.n.KeyIO           Parsing took 0 ms 
114697     DEBUG Test worker     d.u.i.k.n.KeyIO           Load declarations of de.uka.ilkd.key.nparser.KeyAst$File:  <unknown>:1#1 
114697     INFO  Test worker     d.u.i.k.n.KeyIO           MODE: declarations took 0 ms 
114713     DEBUG Test worker     d.u.i.k.n.KeyIO           MODE: 2nd degree decls took 16 
115932     INFO  Test worker     d.u.i.k.n.KeyIO           Parsing took 0 ms 
115932     DEBUG Test worker     d.u.i.k.n.KeyIO           Load declarations of de.uka.ilkd.key.nparser.KeyAst$File:  <unknown>:1#1 
115932     INFO  Test worker     d.u.i.k.n.KeyIO           MODE: declarations took 0 ms 
115932     DEBUG Test worker     d.u.i.k.n.KeyIO           MODE: 2nd degree decls took 0 
]]></system-out>
  <system-err><![CDATA[]]></system-err>
</testsuite>
