<?xml version="1.0" encoding="UTF-8"?>
<testsuite name="de.uka.ilkd.key.parser.TestTermParserSorts" tests="2" skipped="0" failures="0" errors="0" timestamp="2023-06-06T12:20:43" hostname="fv-az618-761" time="3.86">
  <properties/>
  <testcase name="testParseIntegerArgs()" classname="de.uka.ilkd.key.parser.TestTermParserSorts" time="0.013"/>
  <testcase name="testParseSequencePrettySyntax()" classname="de.uka.ilkd.key.parser.TestTermParserSorts" time="0.002"/>
  <system-out><![CDATA[566698     INFO  Test worker     d.u.i.k.n.KeyIO           Parsing took 0 ms 
566698     DEBUG Test worker     d.u.i.k.n.KeyIO           Load declarations of de.uka.ilkd.key.nparser.KeyAst$File:  <unknown>:1#1 
566698     INFO  Test worker     d.u.i.k.n.KeyIO           MODE: declarations took 0 ms 
566698     DEBUG Test worker     d.u.i.k.n.KeyIO           MODE: 2nd degree decls took 0 
566698     INFO  Test worker     d.u.i.k.n.KeyIO           Parsing took 0 ms 
566698     DEBUG Test worker     d.u.i.k.n.KeyIO           Load declarations of de.uka.ilkd.key.nparser.KeyAst$File:  <unknown>:1#1 
566698     INFO  Test worker     d.u.i.k.n.KeyIO           MODE: declarations took 0 ms 
566698     DEBUG Test worker     d.u.i.k.n.KeyIO           MODE: 2nd degree decls took 0 
566698     INFO  Test worker     d.u.i.k.n.KeyIO           Parsing took 0 ms 
566698     DEBUG Test worker     d.u.i.k.n.KeyIO           Load declarations of de.uka.ilkd.key.nparser.KeyAst$File:  <unknown>:1#1 
566698     INFO  Test worker     d.u.i.k.n.KeyIO           MODE: declarations took 0 ms 
566698     DEBUG Test worker     d.u.i.k.n.KeyIO           MODE: 2nd degree decls took 0 
570556     INFO  Test worker     d.u.i.k.n.KeyIO           Parsing took 0 ms 
570556     DEBUG Test worker     d.u.i.k.n.KeyIO           Load declarations of de.uka.ilkd.key.nparser.KeyAst$File:  <unknown>:1#1 
570556     INFO  Test worker     d.u.i.k.n.KeyIO           MODE: declarations took 0 ms 
570556     DEBUG Test worker     d.u.i.k.n.KeyIO           MODE: 2nd degree decls took 0 
570556     INFO  Test worker     d.u.i.k.n.KeyIO           Parsing took 0 ms 
570556     DEBUG Test worker     d.u.i.k.n.KeyIO           Load declarations of de.uka.ilkd.key.nparser.KeyAst$File:  <unknown>:1#1 
570556     INFO  Test worker     d.u.i.k.n.KeyIO           MODE: declarations took 0 ms 
570556     DEBUG Test worker     d.u.i.k.n.KeyIO           MODE: 2nd degree decls took 0 
570556     INFO  Test worker     d.u.i.k.n.KeyIO           Parsing took 0 ms 
570556     DEBUG Test worker     d.u.i.k.n.KeyIO           Load declarations of de.uka.ilkd.key.nparser.KeyAst$File:  <unknown>:1#1 
570556     INFO  Test worker     d.u.i.k.n.KeyIO           MODE: declarations took 0 ms 
570556     DEBUG Test worker     d.u.i.k.n.KeyIO           MODE: 2nd degree decls took 0 
]]></system-out>
  <system-err><![CDATA[]]></system-err>
</testsuite>
