<?xml version="1.0" encoding="UTF-8"?>
<testsuite name="de.uka.ilkd.key.rule.loop.LoopScopeInvRuleTests" tests="1" skipped="0" failures="0" errors="0" timestamp="2023-06-06T12:21:19" hostname="fv-az618-761" time="5.642">
  <properties/>
  <testcase name="testDoAutomaticProofOfBenchmarkWithLabeledBreaksAndContinues()" classname="de.uka.ilkd.key.rule.loop.LoopScopeInvRuleTests" time="5.642"/>
  <system-out><![CDATA[602360     INFO  Test worker     d.u.i.k.p.i.AbstractProblemLoader Loading environment from src\test\resources\testcase\loopScopeInvRule\Test.key 
602360     DEBUG Test worker     d.u.i.k.p.i.AbstractProblemLoader Environment load took 110ns 
602360     INFO  Test worker     d.u.i.k.p.i.AbstractProblemLoader Creating init config 
602516     DEBUG Test worker     d.u.i.k.j.TypeConverter   No LDT found for Meta 
602516     DEBUG Test worker     d.u.i.k.j.TypeConverter   No LDT found for Meta 
602516     DEBUG Test worker     d.u.i.k.j.TypeConverter   No LDT found for Meta 
602516     DEBUG Test worker     d.u.i.k.j.TypeConverter   No LDT found for Meta 
603149     DEBUG Test worker     d.u.i.k.j.TypeConverter   No LDT found for JavaBigintExpression 
607368     DEBUG Test worker     d.u.i.k.p.i.AbstractProblemLoader Init config took 5.01s 
607414     INFO  Test worker     d.u.i.k.p.i.AbstractProblemLoader Replaying proof Test[Test::loopScopeRuleBenchmark(int,boolean)].JML normal_behavior operation contract.0 
607414     DEBUG Test worker     d.u.i.k.p.i.IntermediateProofReplayer Proof replay took 52.7ns 
]]></system-out>
  <system-err><![CDATA[]]></system-err>
</testsuite>
