<?xml version="1.0" encoding="UTF-8"?>
<testsuite name="de.uka.ilkd.key.parser.TestDeclParser" tests="14" skipped="2" failures="0" errors="0" timestamp="2023-06-06T12:16:05" hostname="fv-az618-761" time="14.666">
  <properties/>
  <testcase name="testGenericSortDecl1()" classname="de.uka.ilkd.key.parser.TestDeclParser" time="1.239"/>
  <testcase name="testGenericSortDecl2()" classname="de.uka.ilkd.key.parser.TestDeclParser" time="1.213"/>
  <testcase name="testGenericSortDecl3()" classname="de.uka.ilkd.key.parser.TestDeclParser" time="1.212"/>
  <testcase name="testGenericSortDecl4()" classname="de.uka.ilkd.key.parser.TestDeclParser" time="1.213"/>
  <testcase name="testGenericSortDecl5()" classname="de.uka.ilkd.key.parser.TestDeclParser" time="0.0">
    <skipped/>
  </testcase>
  <testcase name="testGenericSortDecl6()" classname="de.uka.ilkd.key.parser.TestDeclParser" time="1.213"/>
  <testcase name="testSortDecl()" classname="de.uka.ilkd.key.parser.TestDeclParser" time="1.213"/>
  <testcase name="testProxySortDecl()" classname="de.uka.ilkd.key.parser.TestDeclParser" time="1.216"/>
  <testcase name="testArrayDecl()" classname="de.uka.ilkd.key.parser.TestDeclParser" time="1.212"/>
  <testcase name="testAmbiguousDecls()" classname="de.uka.ilkd.key.parser.TestDeclParser" time="0.0">
    <skipped/>
  </testcase>
  <testcase name="testHeurDecl()" classname="de.uka.ilkd.key.parser.TestDeclParser" time="1.214"/>
  <testcase name="testFunctionDecl()" classname="de.uka.ilkd.key.parser.TestDeclParser" time="1.255"/>
  <testcase name="testPredicateDecl()" classname="de.uka.ilkd.key.parser.TestDeclParser" time="1.258"/>
  <testcase name="testSVDecl()" classname="de.uka.ilkd.key.parser.TestDeclParser" time="1.204"/>
  <system-out><![CDATA[289549     INFO  Test worker     d.u.i.k.n.KeyIO           Parsing took 0 ms 
289549     DEBUG Test worker     d.u.i.k.n.KeyIO           Load declarations of de.uka.ilkd.key.nparser.KeyAst$File:  <unknown>:1#1 
289549     INFO  Test worker     d.u.i.k.n.KeyIO           MODE: declarations took 0 ms 
289549     DEBUG Test worker     d.u.i.k.n.KeyIO           MODE: 2nd degree decls took 0 
289549     DEBUG Test worker     d.u.i.k.n.KeyIO           MODE: taclets took 0ms 
290775     INFO  Test worker     d.u.i.k.n.KeyIO           Parsing took 0 ms 
290775     DEBUG Test worker     d.u.i.k.n.KeyIO           Load declarations of de.uka.ilkd.key.nparser.KeyAst$File:  <unknown>:1#1 
290775     INFO  Test worker     d.u.i.k.n.KeyIO           MODE: declarations took 0 ms 
290775     DEBUG Test worker     d.u.i.k.n.KeyIO           MODE: 2nd degree decls took 0 
290775     DEBUG Test worker     d.u.i.k.n.KeyIO           MODE: taclets took 0ms 
291978     INFO  Test worker     d.u.i.k.n.KeyIO           Parsing took 0 ms 
291978     DEBUG Test worker     d.u.i.k.n.KeyIO           Load declarations of de.uka.ilkd.key.nparser.KeyAst$File:  <unknown>:1#1 
291994     INFO  Test worker     d.u.i.k.n.KeyIO           MODE: declarations took 16 ms 
291994     DEBUG Test worker     d.u.i.k.n.KeyIO           MODE: 2nd degree decls took 0 
291994     DEBUG Test worker     d.u.i.k.n.KeyIO           MODE: taclets took 0ms 
293205     INFO  Test worker     d.u.i.k.n.KeyIO           Parsing took 0 ms 
293205     DEBUG Test worker     d.u.i.k.n.KeyIO           Load declarations of de.uka.ilkd.key.nparser.KeyAst$File:  <unknown>:1#1 
293205     INFO  Test worker     d.u.i.k.n.KeyIO           MODE: declarations took 0 ms 
293205     DEBUG Test worker     d.u.i.k.n.KeyIO           MODE: 2nd degree decls took 0 
293205     DEBUG Test worker     d.u.i.k.n.KeyIO           MODE: taclets took 0ms 
294414     INFO  Test worker     d.u.i.k.n.KeyIO           Parsing took 0 ms 
294414     DEBUG Test worker     d.u.i.k.n.KeyIO           Load declarations of de.uka.ilkd.key.nparser.KeyAst$File:  <unknown>:1#1 
294414     INFO  Test worker     d.u.i.k.n.KeyIO           MODE: declarations took 0 ms 
294414     DEBUG Test worker     d.u.i.k.n.KeyIO           MODE: 2nd degree decls took 0 
294414     DEBUG Test worker     d.u.i.k.n.KeyIO           MODE: taclets took 0ms 
295632     INFO  Test worker     d.u.i.k.n.KeyIO           Parsing took 0 ms 
295632     DEBUG Test worker     d.u.i.k.n.KeyIO           Load declarations of de.uka.ilkd.key.nparser.KeyAst$File:  <unknown>:1#1 
295632     INFO  Test worker     d.u.i.k.n.KeyIO           MODE: declarations took 0 ms 
295632     DEBUG Test worker     d.u.i.k.n.KeyIO           MODE: 2nd degree decls took 0 
295632     DEBUG Test worker     d.u.i.k.n.KeyIO           MODE: taclets took 0ms 
296843     INFO  Test worker     d.u.i.k.n.KeyIO           Parsing took 0 ms 
296843     DEBUG Test worker     d.u.i.k.n.KeyIO           Load declarations of de.uka.ilkd.key.nparser.KeyAst$File:  <unknown>:1#1 
296843     INFO  Test worker     d.u.i.k.n.KeyIO           MODE: declarations took 0 ms 
296843     DEBUG Test worker     d.u.i.k.n.KeyIO           MODE: 2nd degree decls took 0 
296843     DEBUG Test worker     d.u.i.k.n.KeyIO           MODE: taclets took 0ms 
298056     INFO  Test worker     d.u.i.k.n.KeyIO           Parsing took 0 ms 
298056     DEBUG Test worker     d.u.i.k.n.KeyIO           Load declarations of de.uka.ilkd.key.nparser.KeyAst$File:  <unknown>:1#1 
298056     INFO  Test worker     d.u.i.k.n.KeyIO           MODE: declarations took 0 ms 
298056     DEBUG Test worker     d.u.i.k.n.KeyIO           MODE: 2nd degree decls took 0 
298056     DEBUG Test worker     d.u.i.k.n.KeyIO           MODE: taclets took 0ms 
299272     INFO  Test worker     d.u.i.k.n.KeyIO           Parsing took 0 ms 
299272     DEBUG Test worker     d.u.i.k.n.KeyIO           Load declarations of de.uka.ilkd.key.nparser.KeyAst$File:  <unknown>:1#1 
299272     INFO  Test worker     d.u.i.k.n.KeyIO           MODE: declarations took 0 ms 
299272     DEBUG Test worker     d.u.i.k.n.KeyIO           MODE: 2nd degree decls took 0 
299272     DEBUG Test worker     d.u.i.k.n.KeyIO           MODE: taclets took 0ms 
300524     INFO  Test worker     d.u.i.k.n.KeyIO           Parsing took 0 ms 
300524     DEBUG Test worker     d.u.i.k.n.KeyIO           Load declarations of de.uka.ilkd.key.nparser.KeyAst$File:  <unknown>:1#1 
300524     INFO  Test worker     d.u.i.k.n.KeyIO           MODE: declarations took 0 ms 
300524     DEBUG Test worker     d.u.i.k.n.KeyIO           MODE: 2nd degree decls took 0 
300524     DEBUG Test worker     d.u.i.k.n.KeyIO           MODE: taclets took 0ms 
301784     INFO  Test worker     d.u.i.k.n.KeyIO           Parsing took 0 ms 
301784     DEBUG Test worker     d.u.i.k.n.KeyIO           Load declarations of de.uka.ilkd.key.nparser.KeyAst$File:  <unknown>:1#1 
301784     INFO  Test worker     d.u.i.k.n.KeyIO           MODE: declarations took 0 ms 
301784     DEBUG Test worker     d.u.i.k.n.KeyIO           MODE: 2nd degree decls took 0 
301784     DEBUG Test worker     d.u.i.k.n.KeyIO           MODE: taclets took 0ms 
302995     INFO  Test worker     d.u.i.k.n.KeyIO           Parsing took 0 ms 
302995     DEBUG Test worker     d.u.i.k.n.KeyIO           Load declarations of de.uka.ilkd.key.nparser.KeyAst$File:  <unknown>:1#1 
302995     INFO  Test worker     d.u.i.k.n.KeyIO           MODE: declarations took 0 ms 
302995     DEBUG Test worker     d.u.i.k.n.KeyIO           MODE: 2nd degree decls took 0 
302995     DEBUG Test worker     d.u.i.k.n.KeyIO           MODE: taclets took 0ms 
]]></system-out>
  <system-err><![CDATA[]]></system-err>
</testsuite>
