<?xml version="1.0" encoding="UTF-8"?>
<testsuite name="de.uka.ilkd.key.parser.TestTacletParser" tests="20" skipped="0" failures="0" errors="0" timestamp="2023-06-06T12:18:05" hostname="fv-az618-761" time="0.062">
  <properties/>
  <testcase name="testAllRight()" classname="de.uka.ilkd.key.parser.TestTacletParser" time="0.002"/>
  <testcase name="testSchemaJava0()" classname="de.uka.ilkd.key.parser.TestTacletParser" time="0.002"/>
  <testcase name="testSchemaJava1()" classname="de.uka.ilkd.key.parser.TestTacletParser" time="0.011"/>
  <testcase name="testSchemaJava2()" classname="de.uka.ilkd.key.parser.TestTacletParser" time="0.006"/>
  <testcase name="testSchemaJava4()" classname="de.uka.ilkd.key.parser.TestTacletParser" time="0.003"/>
  <testcase name="testSchemaJava6()" classname="de.uka.ilkd.key.parser.TestTacletParser" time="0.002"/>
  <testcase name="testSchemaJava8()" classname="de.uka.ilkd.key.parser.TestTacletParser" time="0.001"/>
  <testcase name="testCut()" classname="de.uka.ilkd.key.parser.TestTacletParser" time="0.002"/>
  <testcase name="testMakeInsertEq()" classname="de.uka.ilkd.key.parser.TestTacletParser" time="0.002"/>
  <testcase name="testAllLeft()" classname="de.uka.ilkd.key.parser.TestTacletParser" time="0.002"/>
  <testcase name="testClose()" classname="de.uka.ilkd.key.parser.TestTacletParser" time="0.001"/>
  <testcase name="testSchemaJava10()" classname="de.uka.ilkd.key.parser.TestTacletParser" time="0.002"/>
  <testcase name="testSchemaJava11()" classname="de.uka.ilkd.key.parser.TestTacletParser" time="0.011"/>
  <testcase name="testFIdempotent()" classname="de.uka.ilkd.key.parser.TestTacletParser" time="0.001"/>
  <testcase name="testImpRight()" classname="de.uka.ilkd.key.parser.TestTacletParser" time="0.001"/>
  <testcase name="testVarcondNew()" classname="de.uka.ilkd.key.parser.TestTacletParser" time="0.002"/>
  <testcase name="testFreeReplacewithVariables()" classname="de.uka.ilkd.key.parser.TestTacletParser" time="0.002"/>
  <testcase name="testImpLeft()" classname="de.uka.ilkd.key.parser.TestTacletParser" time="0.001"/>
  <testcase name="testContraposition()" classname="de.uka.ilkd.key.parser.TestTacletParser" time="0.002"/>
  <testcase name="testExConjSplit()" classname="de.uka.ilkd.key.parser.TestTacletParser" time="0.001"/>
  <system-out><![CDATA[408621     INFO  Test worker     d.u.i.k.n.KeyIO           Parsing took 0 ms 
408621     DEBUG Test worker     d.u.i.k.n.KeyIO           Load declarations of de.uka.ilkd.key.nparser.KeyAst$File:  <unknown>:1#1 
408621     INFO  Test worker     d.u.i.k.n.KeyIO           MODE: declarations took 0 ms 
408621     DEBUG Test worker     d.u.i.k.n.KeyIO           MODE: 2nd degree decls took 0 
408622     DEBUG Test worker     d.u.i.k.n.KeyIO           MODE: taclets took 0ms 
408623     INFO  Test worker     d.u.i.k.n.KeyIO           Parsing took 0 ms 
408623     DEBUG Test worker     d.u.i.k.n.KeyIO           Load declarations of de.uka.ilkd.key.nparser.KeyAst$File:  <unknown>:2#1 
408623     INFO  Test worker     d.u.i.k.n.KeyIO           MODE: declarations took 0 ms 
408623     DEBUG Test worker     d.u.i.k.n.KeyIO           MODE: 2nd degree decls took 0 
408623     DEBUG Test worker     d.u.i.k.n.KeyIO           MODE: taclets took 0ms 
408624     INFO  Test worker     d.u.i.k.n.KeyIO           Parsing took 0 ms 
408624     DEBUG Test worker     d.u.i.k.n.KeyIO           Load declarations of de.uka.ilkd.key.nparser.KeyAst$File:  <unknown>:1#1 
408624     INFO  Test worker     d.u.i.k.n.KeyIO           MODE: declarations took 0 ms 
408624     DEBUG Test worker     d.u.i.k.n.KeyIO           MODE: 2nd degree decls took 0 
408624     DEBUG Test worker     d.u.i.k.n.KeyIO           MODE: taclets took 0ms 
408625     INFO  Test worker     d.u.i.k.n.KeyIO           Parsing took 0 ms 
408625     DEBUG Test worker     d.u.i.k.n.KeyIO           Load declarations of de.uka.ilkd.key.nparser.KeyAst$File:  <unknown>:2#1 
408625     INFO  Test worker     d.u.i.k.n.KeyIO           MODE: declarations took 0 ms 
408625     DEBUG Test worker     d.u.i.k.n.KeyIO           MODE: 2nd degree decls took 0 
408626     DEBUG Test worker     d.u.i.k.n.KeyIO           MODE: taclets took 1ms 
408626     INFO  Test worker     d.u.i.k.n.KeyIO           Parsing took 0 ms 
408626     DEBUG Test worker     d.u.i.k.n.KeyIO           Load declarations of de.uka.ilkd.key.nparser.KeyAst$File:  <unknown>:1#1 
408626     INFO  Test worker     d.u.i.k.n.KeyIO           MODE: declarations took 0 ms 
408626     DEBUG Test worker     d.u.i.k.n.KeyIO           MODE: 2nd degree decls took 0 
408626     DEBUG Test worker     d.u.i.k.n.KeyIO           MODE: taclets took 0ms 
408627     WARN  Test worker     d.u.i.k.n.KeYParser       [syntax-error] <unknown>:2:21: extraneous input '<' expecting {MODALITY, FORALL, EXISTS, '\if', '\ifEx', 'true', 'false', '(', ')', '{', '@', NOT, '-', STRING_LITERAL, CHAR_LITERAL, BIN_LITERAL, HEX_LITERAL, IDENT, INT_LITERAL, FLOAT_LITERAL, DOUBLE_LITERAL, REAL_LITERAL} [@12,22:22='<',<173>,2:21] (argument_list, call, accessterm, primitive_term, primitive_labeled_term, bracket_term, atom_prefix, strong_arith_term_2, strong_arith_term_1, weak_arith_term, comparison_term, equality_term, term60, conjunction_term, disjunction_term, implication_term, equivalence_term, elementary_update_term, parallel_term, term, taclet, rulesOrAxioms, decls, file) 
408631     WARN  Test worker     d.u.i.k.n.KeYParser       [syntax-error] <unknown>:2:23: no viable alternative at input '{..' [@14,24:25='..',<144>,2:23] (atom_prefix, strong_arith_term_2, strong_arith_term_1, weak_arith_term, comparison_term, equality_term, term60, conjunction_term, disjunction_term, implication_term, equivalence_term, elementary_update_term, parallel_term, term, argument_list, call, accessterm, primitive_term, primitive_labeled_term, bracket_term, atom_prefix, strong_arith_term_2, strong_arith_term_1, weak_arith_term, comparison_term, equality_term, term60, conjunction_term, disjunction_term, implication_term, equivalence_term, elementary_update_term, parallel_term, term, taclet, rulesOrAxioms, decls, file) 
408633     WARN  Test worker     d.u.i.k.n.KeYParser       [syntax-error] <unknown>:2:33: mismatched input ';' expecting {',', ')'} [@21,34:34=';',<138>,2:33] (argument_list, call, accessterm, primitive_term, primitive_labeled_term, bracket_term, atom_prefix, strong_arith_term_2, strong_arith_term_1, weak_arith_term, comparison_term, equality_term, term60, conjunction_term, disjunction_term, implication_term, equivalence_term, elementary_update_term, parallel_term, term, taclet, rulesOrAxioms, decls, file) 
408636     WARN  Test worker     d.u.i.k.n.KeYParser       [syntax-error] <unknown>:2:41: no viable alternative at input '#i;' [@26,42:42=';',<138>,2:41] (option_list, taclet, rulesOrAxioms, decls, file) 
408637     WARN  Test worker     d.u.i.k.n.KeYParser       [syntax-error] <unknown>:2:43: mismatched input '<' expecting {'(', '{'} [@28,44:44='<',<173>,2:43] (taclet, rulesOrAxioms, decls, file) 
408637     WARN  Test worker     d.u.i.k.n.KeYParser       [syntax-error] <unknown>:2:47: mismatched input '+' expecting {'(', '{'} [@32,48:48='+',<167>,2:47] (taclet, rulesOrAxioms, decls, file) 
408637     WARN  Test worker     d.u.i.k.n.KeYParser       [syntax-error] <unknown>:2:52: extraneous input '..' expecting {'\lemma', '}', IDENT, '/*!'} [@37,53:54='..',<144>,2:52] (rulesOrAxioms, decls, file) 
408637     WARN  Test worker     d.u.i.k.n.KeYParser       [syntax-error] <unknown>:2:56: mismatched input '>' expecting {<EOF>, '\problem', '\chooseContract', '\proofObligation', '\proof'} [@40,57:57='>',<168>,2:56] (file) 
408642     INFO  Test worker     d.u.i.k.n.KeyIO           Parsing took 4 ms 
408642     DEBUG Test worker     d.u.i.k.n.KeyIO           Load declarations of de.uka.ilkd.key.nparser.KeyAst$File:  <unknown>:1#1 
408642     INFO  Test worker     d.u.i.k.n.KeyIO           MODE: declarations took 0 ms 
408642     DEBUG Test worker     d.u.i.k.n.KeyIO           MODE: 2nd degree decls took 0 
408642     DEBUG Test worker     d.u.i.k.n.KeyIO           MODE: taclets took 0ms 
408642     WARN  Test worker     d.u.i.k.n.KeYParser       [syntax-error] <unknown>:2:21: extraneous input '<' expecting {MODALITY, FORALL, EXISTS, '\if', '\ifEx', 'true', 'false', '(', ')', '{', '@', NOT, '-', STRING_LITERAL, CHAR_LITERAL, BIN_LITERAL, HEX_LITERAL, IDENT, INT_LITERAL, FLOAT_LITERAL, DOUBLE_LITERAL, REAL_LITERAL} [@12,22:22='<',<173>,2:21] (argument_list, call, accessterm, primitive_term, primitive_labeled_term, bracket_term, atom_prefix, strong_arith_term_2, strong_arith_term_1, weak_arith_term, comparison_term, equality_term, term60, conjunction_term, disjunction_term, implication_term, equivalence_term, elementary_update_term, parallel_term, term, taclet, rulesOrAxioms, decls, file) 
408643     WARN  Test worker     d.u.i.k.n.KeYParser       [syntax-error] <unknown>:2:23: no viable alternative at input '{..' [@14,24:25='..',<144>,2:23] (atom_prefix, strong_arith_term_2, strong_arith_term_1, weak_arith_term, comparison_term, equality_term, term60, conjunction_term, disjunction_term, implication_term, equivalence_term, elementary_update_term, parallel_term, term, argument_list, call, accessterm, primitive_term, primitive_labeled_term, bracket_term, atom_prefix, strong_arith_term_2, strong_arith_term_1, weak_arith_term, comparison_term, equality_term, term60, conjunction_term, disjunction_term, implication_term, equivalence_term, elementary_update_term, parallel_term, term, taclet, rulesOrAxioms, decls, file) 
408643     WARN  Test worker     d.u.i.k.n.KeYParser       [syntax-error] <unknown>:2:33: mismatched input ';' expecting {',', ')'} [@21,34:34=';',<138>,2:33] (argument_list, call, accessterm, primitive_term, primitive_labeled_term, bracket_term, atom_prefix, strong_arith_term_2, strong_arith_term_1, weak_arith_term, comparison_term, equality_term, term60, conjunction_term, disjunction_term, implication_term, equivalence_term, elementary_update_term, parallel_term, term, taclet, rulesOrAxioms, decls, file) 
408643     WARN  Test worker     d.u.i.k.n.KeYParser       [syntax-error] <unknown>:2:43: no viable alternative at input '#lab;' [@26,44:44=';',<138>,2:43] (option_list, taclet, rulesOrAxioms, decls, file) 
408643     WARN  Test worker     d.u.i.k.n.KeYParser       [syntax-error] <unknown>:2:45: mismatched input '<' expecting {'(', '{'} [@28,46:46='<',<173>,2:45] (taclet, rulesOrAxioms, decls, file) 
408643     WARN  Test worker     d.u.i.k.n.KeYParser       [syntax-error] <unknown>:2:50: mismatched input '+' expecting {'(', '{'} [@32,51:51='+',<167>,2:50] (taclet, rulesOrAxioms, decls, file) 
408643     WARN  Test worker     d.u.i.k.n.KeYParser       [syntax-error] <unknown>:2:56: extraneous input '..' expecting {'\lemma', '}', IDENT, '/*!'} [@38,57:58='..',<144>,2:56] (rulesOrAxioms, decls, file) 
408644     WARN  Test worker     d.u.i.k.n.KeYParser       [syntax-error] <unknown>:2:60: mismatched input '>' expecting {<EOF>, '\problem', '\chooseContract', '\proofObligation', '\proof'} [@41,61:61='>',<168>,2:60] (file) 
408645     INFO  Test worker     d.u.i.k.n.KeyIO           Parsing took 1 ms 
408645     DEBUG Test worker     d.u.i.k.n.KeyIO           Load declarations of de.uka.ilkd.key.nparser.KeyAst$File:  <unknown>:1#1 
408645     INFO  Test worker     d.u.i.k.n.KeyIO           MODE: declarations took 0 ms 
408645     DEBUG Test worker     d.u.i.k.n.KeyIO           MODE: 2nd degree decls took 0 
408645     DEBUG Test worker     d.u.i.k.n.KeyIO           MODE: taclets took 0ms 
408646     INFO  Test worker     d.u.i.k.n.KeyIO           Parsing took 0 ms 
408646     DEBUG Test worker     d.u.i.k.n.KeyIO           Load declarations of de.uka.ilkd.key.nparser.KeyAst$File:  <unknown>:2#1 
408646     INFO  Test worker     d.u.i.k.n.KeyIO           MODE: declarations took 0 ms 
408646     DEBUG Test worker     d.u.i.k.n.KeyIO           MODE: 2nd degree decls took 0 
408647     DEBUG Test worker     d.u.i.k.n.KeyIO           MODE: taclets took 1ms 
408648     INFO  Test worker     d.u.i.k.n.KeyIO           Parsing took 0 ms 
408648     DEBUG Test worker     d.u.i.k.n.KeyIO           Load declarations of de.uka.ilkd.key.nparser.KeyAst$File:  <unknown>:1#1 
408648     INFO  Test worker     d.u.i.k.n.KeyIO           MODE: declarations took 0 ms 
408648     DEBUG Test worker     d.u.i.k.n.KeyIO           MODE: 2nd degree decls took 0 
408648     DEBUG Test worker     d.u.i.k.n.KeyIO           MODE: taclets took 0ms 
408649     INFO  Test worker     d.u.i.k.n.KeyIO           Parsing took 1 ms 
408649     DEBUG Test worker     d.u.i.k.n.KeyIO           Load declarations of de.uka.ilkd.key.nparser.KeyAst$File:  <unknown>:2#1 
408649     INFO  Test worker     d.u.i.k.n.KeyIO           MODE: declarations took 0 ms 
408649     DEBUG Test worker     d.u.i.k.n.KeyIO           MODE: 2nd degree decls took 0 
408650     DEBUG Test worker     d.u.i.k.n.KeyIO           MODE: taclets took 0ms 
408651     INFO  Test worker     d.u.i.k.n.KeyIO           Parsing took 0 ms 
408651     DEBUG Test worker     d.u.i.k.n.KeyIO           Load declarations of de.uka.ilkd.key.nparser.KeyAst$File:  <unknown>:1#1 
408651     INFO  Test worker     d.u.i.k.n.KeyIO           MODE: declarations took 0 ms 
408651     DEBUG Test worker     d.u.i.k.n.KeyIO           MODE: 2nd degree decls took 0 
408652     DEBUG Test worker     d.u.i.k.n.KeyIO           MODE: taclets took 1ms 
408652     INFO  Test worker     d.u.i.k.n.KeyIO           Parsing took 0 ms 
408652     DEBUG Test worker     d.u.i.k.n.KeyIO           Load declarations of de.uka.ilkd.key.nparser.KeyAst$File:  <unknown>:2#1 
408652     INFO  Test worker     d.u.i.k.n.KeyIO           MODE: declarations took 0 ms 
408652     DEBUG Test worker     d.u.i.k.n.KeyIO           MODE: 2nd degree decls took 0 
408652     DEBUG Test worker     d.u.i.k.n.KeyIO           MODE: taclets took 0ms 
408653     INFO  Test worker     d.u.i.k.n.KeyIO           Parsing took 0 ms 
408653     DEBUG Test worker     d.u.i.k.n.KeyIO           Load declarations of de.uka.ilkd.key.nparser.KeyAst$File:  <unknown>:1#1 
408653     INFO  Test worker     d.u.i.k.n.KeyIO           MODE: declarations took 0 ms 
408653     DEBUG Test worker     d.u.i.k.n.KeyIO           MODE: 2nd degree decls took 0 
408653     DEBUG Test worker     d.u.i.k.n.KeyIO           MODE: taclets took 0ms 
408654     INFO  Test worker     d.u.i.k.n.KeyIO           Parsing took 1 ms 
408654     DEBUG Test worker     d.u.i.k.n.KeyIO           Load declarations of de.uka.ilkd.key.nparser.KeyAst$File:  <unknown>:2#1 
408654     INFO  Test worker     d.u.i.k.n.KeyIO           MODE: declarations took 0 ms 
408654     DEBUG Test worker     d.u.i.k.n.KeyIO           MODE: 2nd degree decls took 0 
408654     DEBUG Test worker     d.u.i.k.n.KeyIO           MODE: taclets took 0ms 
408654     INFO  Test worker     d.u.i.k.n.KeyIO           Parsing took 0 ms 
408654     DEBUG Test worker     d.u.i.k.n.KeyIO           Load declarations of de.uka.ilkd.key.nparser.KeyAst$File:  <unknown>:1#1 
408654     INFO  Test worker     d.u.i.k.n.KeyIO           MODE: declarations took 0 ms 
408655     DEBUG Test worker     d.u.i.k.n.KeyIO           MODE: 2nd degree decls took 0 
408655     DEBUG Test worker     d.u.i.k.n.KeyIO           MODE: taclets took 0ms 
408656     INFO  Test worker     d.u.i.k.n.KeyIO           Parsing took 0 ms 
408656     DEBUG Test worker     d.u.i.k.n.KeyIO           Load declarations of de.uka.ilkd.key.nparser.KeyAst$File:  <unknown>:2#1 
408656     INFO  Test worker     d.u.i.k.n.KeyIO           MODE: declarations took 0 ms 
408656     DEBUG Test worker     d.u.i.k.n.KeyIO           MODE: 2nd degree decls took 0 
408656     DEBUG Test worker     d.u.i.k.n.KeyIO           MODE: taclets took 0ms 
408657     INFO  Test worker     d.u.i.k.n.KeyIO           Parsing took 0 ms 
408657     DEBUG Test worker     d.u.i.k.n.KeyIO           Load declarations of de.uka.ilkd.key.nparser.KeyAst$File:  <unknown>:1#1 
408657     INFO  Test worker     d.u.i.k.n.KeyIO           MODE: declarations took 0 ms 
408657     DEBUG Test worker     d.u.i.k.n.KeyIO           MODE: 2nd degree decls took 0 
408657     DEBUG Test worker     d.u.i.k.n.KeyIO           MODE: taclets took 0ms 
408657     INFO  Test worker     d.u.i.k.n.KeyIO           Parsing took 0 ms 
408657     DEBUG Test worker     d.u.i.k.n.KeyIO           Load declarations of de.uka.ilkd.key.nparser.KeyAst$File:  <unknown>:2#1 
408657     INFO  Test worker     d.u.i.k.n.KeyIO           MODE: declarations took 0 ms 
408658     DEBUG Test worker     d.u.i.k.n.KeyIO           MODE: 2nd degree decls took 0 
408658     DEBUG Test worker     d.u.i.k.n.KeyIO           MODE: taclets took 0ms 
408658     INFO  Test worker     d.u.i.k.n.KeyIO           Parsing took 0 ms 
408658     DEBUG Test worker     d.u.i.k.n.KeyIO           Load declarations of de.uka.ilkd.key.nparser.KeyAst$File:  <unknown>:1#1 
408658     INFO  Test worker     d.u.i.k.n.KeyIO           MODE: declarations took 0 ms 
408658     DEBUG Test worker     d.u.i.k.n.KeyIO           MODE: 2nd degree decls took 0 
408659     DEBUG Test worker     d.u.i.k.n.KeyIO           MODE: taclets took 1ms 
408659     INFO  Test worker     d.u.i.k.n.KeyIO           Parsing took 0 ms 
408659     DEBUG Test worker     d.u.i.k.n.KeyIO           Load declarations of de.uka.ilkd.key.nparser.KeyAst$File:  <unknown>:2#1 
408659     INFO  Test worker     d.u.i.k.n.KeyIO           MODE: declarations took 0 ms 
408659     DEBUG Test worker     d.u.i.k.n.KeyIO           MODE: 2nd degree decls took 0 
408659     DEBUG Test worker     d.u.i.k.n.KeyIO           MODE: taclets took 0ms 
408659     INFO  Test worker     d.u.i.k.n.KeyIO           Parsing took 0 ms 
408659     DEBUG Test worker     d.u.i.k.n.KeyIO           Load declarations of de.uka.ilkd.key.nparser.KeyAst$File:  <unknown>:1#1 
408660     INFO  Test worker     d.u.i.k.n.KeyIO           MODE: declarations took 1 ms 
408660     DEBUG Test worker     d.u.i.k.n.KeyIO           MODE: 2nd degree decls took 0 
408660     DEBUG Test worker     d.u.i.k.n.KeyIO           MODE: taclets took 0ms 
408660     INFO  Test worker     d.u.i.k.n.KeyIO           Parsing took 0 ms 
408660     DEBUG Test worker     d.u.i.k.n.KeyIO           Load declarations of de.uka.ilkd.key.nparser.KeyAst$File:  <unknown>:2#1 
408660     INFO  Test worker     d.u.i.k.n.KeyIO           MODE: declarations took 0 ms 
408660     DEBUG Test worker     d.u.i.k.n.KeyIO           MODE: 2nd degree decls took 0 
408661     DEBUG Test worker     d.u.i.k.n.KeyIO           MODE: taclets took 1ms 
408662     INFO  Test worker     d.u.i.k.n.KeyIO           Parsing took 0 ms 
408662     DEBUG Test worker     d.u.i.k.n.KeyIO           Load declarations of de.uka.ilkd.key.nparser.KeyAst$File:  <unknown>:1#1 
408662     INFO  Test worker     d.u.i.k.n.KeyIO           MODE: declarations took 0 ms 
408662     DEBUG Test worker     d.u.i.k.n.KeyIO           MODE: 2nd degree decls took 0 
408662     DEBUG Test worker     d.u.i.k.n.KeyIO           MODE: taclets took 0ms 
408666     INFO  Test worker     d.u.i.k.n.KeyIO           Parsing took 4 ms 
408666     DEBUG Test worker     d.u.i.k.n.KeyIO           Load declarations of de.uka.ilkd.key.nparser.KeyAst$File:  <unknown>:2#1 
408666     INFO  Test worker     d.u.i.k.n.KeyIO           MODE: declarations took 0 ms 
408666     DEBUG Test worker     d.u.i.k.n.KeyIO           MODE: 2nd degree decls took 0 
408672     DEBUG Test worker     d.u.i.k.n.KeyIO           MODE: taclets took 6ms 
408672     INFO  Test worker     d.u.i.k.n.KeyIO           Parsing took 0 ms 
408672     DEBUG Test worker     d.u.i.k.n.KeyIO           Load declarations of de.uka.ilkd.key.nparser.KeyAst$File:  <unknown>:1#1 
408672     INFO  Test worker     d.u.i.k.n.KeyIO           MODE: declarations took 0 ms 
408672     DEBUG Test worker     d.u.i.k.n.KeyIO           MODE: 2nd degree decls took 0 
408672     DEBUG Test worker     d.u.i.k.n.KeyIO           MODE: taclets took 0ms 
408673     INFO  Test worker     d.u.i.k.n.KeyIO           Parsing took 0 ms 
408673     DEBUG Test worker     d.u.i.k.n.KeyIO           Load declarations of de.uka.ilkd.key.nparser.KeyAst$File:  <unknown>:2#1 
408673     INFO  Test worker     d.u.i.k.n.KeyIO           MODE: declarations took 0 ms 
408673     DEBUG Test worker     d.u.i.k.n.KeyIO           MODE: 2nd degree decls took 0 
408673     DEBUG Test worker     d.u.i.k.n.KeyIO           MODE: taclets took 0ms 
408673     INFO  Test worker     d.u.i.k.n.KeyIO           Parsing took 0 ms 
408673     DEBUG Test worker     d.u.i.k.n.KeyIO           Load declarations of de.uka.ilkd.key.nparser.KeyAst$File:  <unknown>:1#1 
408674     INFO  Test worker     d.u.i.k.n.KeyIO           MODE: declarations took 1 ms 
408674     DEBUG Test worker     d.u.i.k.n.KeyIO           MODE: 2nd degree decls took 0 
408674     DEBUG Test worker     d.u.i.k.n.KeyIO           MODE: taclets took 0ms 
408674     INFO  Test worker     d.u.i.k.n.KeyIO           Parsing took 0 ms 
408674     DEBUG Test worker     d.u.i.k.n.KeyIO           Load declarations of de.uka.ilkd.key.nparser.KeyAst$File:  <unknown>:2#1 
408674     INFO  Test worker     d.u.i.k.n.KeyIO           MODE: declarations took 0 ms 
408674     DEBUG Test worker     d.u.i.k.n.KeyIO           MODE: 2nd degree decls took 0 
408674     DEBUG Test worker     d.u.i.k.n.KeyIO           MODE: taclets took 0ms 
408675     INFO  Test worker     d.u.i.k.n.KeyIO           Parsing took 0 ms 
408675     DEBUG Test worker     d.u.i.k.n.KeyIO           Load declarations of de.uka.ilkd.key.nparser.KeyAst$File:  <unknown>:1#1 
408675     INFO  Test worker     d.u.i.k.n.KeyIO           MODE: declarations took 0 ms 
408675     DEBUG Test worker     d.u.i.k.n.KeyIO           MODE: 2nd degree decls took 0 
408676     DEBUG Test worker     d.u.i.k.n.KeyIO           MODE: taclets took 0ms 
408676     INFO  Test worker     d.u.i.k.n.KeyIO           Parsing took 0 ms 
408676     DEBUG Test worker     d.u.i.k.n.KeyIO           Load declarations of de.uka.ilkd.key.nparser.KeyAst$File:  <unknown>:2#1 
408676     INFO  Test worker     d.u.i.k.n.KeyIO           MODE: declarations took 0 ms 
408676     DEBUG Test worker     d.u.i.k.n.KeyIO           MODE: 2nd degree decls took 0 
408676     DEBUG Test worker     d.u.i.k.n.KeyIO           MODE: taclets took 0ms 
408677     INFO  Test worker     d.u.i.k.n.KeyIO           Parsing took 1 ms 
408677     DEBUG Test worker     d.u.i.k.n.KeyIO           Load declarations of de.uka.ilkd.key.nparser.KeyAst$File:  <unknown>:2#1 
408677     INFO  Test worker     d.u.i.k.n.KeyIO           MODE: declarations took 0 ms 
408677     DEBUG Test worker     d.u.i.k.n.KeyIO           MODE: 2nd degree decls took 0 
408677     DEBUG Test worker     d.u.i.k.n.KeyIO           MODE: taclets took 0ms 
408677     INFO  Test worker     d.u.i.k.n.KeyIO           Parsing took 0 ms 
408677     DEBUG Test worker     d.u.i.k.n.KeyIO           Load declarations of de.uka.ilkd.key.nparser.KeyAst$File:  <unknown>:1#1 
408677     INFO  Test worker     d.u.i.k.n.KeyIO           MODE: declarations took 0 ms 
408677     DEBUG Test worker     d.u.i.k.n.KeyIO           MODE: 2nd degree decls took 0 
408678     DEBUG Test worker     d.u.i.k.n.KeyIO           MODE: taclets took 1ms 
408678     INFO  Test worker     d.u.i.k.n.KeyIO           Parsing took 0 ms 
408678     DEBUG Test worker     d.u.i.k.n.KeyIO           Load declarations of de.uka.ilkd.key.nparser.KeyAst$File:  <unknown>:2#1 
408678     INFO  Test worker     d.u.i.k.n.KeyIO           MODE: declarations took 0 ms 
408678     DEBUG Test worker     d.u.i.k.n.KeyIO           MODE: 2nd degree decls took 0 
408679     INFO  Test worker     d.u.i.k.n.KeyIO           Parsing took 0 ms 
408679     DEBUG Test worker     d.u.i.k.n.KeyIO           Load declarations of de.uka.ilkd.key.nparser.KeyAst$File:  <unknown>:1#1 
408679     INFO  Test worker     d.u.i.k.n.KeyIO           MODE: declarations took 0 ms 
408679     DEBUG Test worker     d.u.i.k.n.KeyIO           MODE: 2nd degree decls took 0 
408679     DEBUG Test worker     d.u.i.k.n.KeyIO           MODE: taclets took 0ms 
408680     INFO  Test worker     d.u.i.k.n.KeyIO           Parsing took 0 ms 
408680     DEBUG Test worker     d.u.i.k.n.KeyIO           Load declarations of de.uka.ilkd.key.nparser.KeyAst$File:  <unknown>:2#1 
408680     INFO  Test worker     d.u.i.k.n.KeyIO           MODE: declarations took 0 ms 
408680     DEBUG Test worker     d.u.i.k.n.KeyIO           MODE: 2nd degree decls took 0 
408680     DEBUG Test worker     d.u.i.k.n.KeyIO           MODE: taclets took 0ms 
408680     INFO  Test worker     d.u.i.k.n.KeyIO           Parsing took 0 ms 
408680     DEBUG Test worker     d.u.i.k.n.KeyIO           Load declarations of de.uka.ilkd.key.nparser.KeyAst$File:  <unknown>:1#1 
408680     INFO  Test worker     d.u.i.k.n.KeyIO           MODE: declarations took 0 ms 
408680     DEBUG Test worker     d.u.i.k.n.KeyIO           MODE: 2nd degree decls took 0 
408681     DEBUG Test worker     d.u.i.k.n.KeyIO           MODE: taclets took 0ms 
408682     INFO  Test worker     d.u.i.k.n.KeyIO           Parsing took 1 ms 
408682     DEBUG Test worker     d.u.i.k.n.KeyIO           Load declarations of de.uka.ilkd.key.nparser.KeyAst$File:  <unknown>:2#1 
408682     INFO  Test worker     d.u.i.k.n.KeyIO           MODE: declarations took 0 ms 
408682     DEBUG Test worker     d.u.i.k.n.KeyIO           MODE: 2nd degree decls took 0 
408682     DEBUG Test worker     d.u.i.k.n.KeyIO           MODE: taclets took 0ms 
408682     INFO  Test worker     d.u.i.k.n.KeyIO           Parsing took 0 ms 
408682     DEBUG Test worker     d.u.i.k.n.KeyIO           Load declarations of de.uka.ilkd.key.nparser.KeyAst$File:  <unknown>:1#1 
408682     INFO  Test worker     d.u.i.k.n.KeyIO           MODE: declarations took 0 ms 
408682     DEBUG Test worker     d.u.i.k.n.KeyIO           MODE: 2nd degree decls took 0 
408683     DEBUG Test worker     d.u.i.k.n.KeyIO           MODE: taclets took 1ms 
408683     INFO  Test worker     d.u.i.k.n.KeyIO           Parsing took 0 ms 
408683     DEBUG Test worker     d.u.i.k.n.KeyIO           Load declarations of de.uka.ilkd.key.nparser.KeyAst$File:  <unknown>:2#1 
408683     INFO  Test worker     d.u.i.k.n.KeyIO           MODE: declarations took 0 ms 
408683     DEBUG Test worker     d.u.i.k.n.KeyIO           MODE: 2nd degree decls took 0 
408683     DEBUG Test worker     d.u.i.k.n.KeyIO           MODE: taclets took 0ms 
]]></system-out>
  <system-err><![CDATA[]]></system-err>
</testsuite>
