<?xml version="1.0" encoding="UTF-8"?>
<testsuite name="de.uka.ilkd.key.macros.scripts.TestProofScriptCommand" tests="7" skipped="0" failures="0" errors="0" timestamp="2023-06-06T12:15:15" hostname="fv-az618-761" time="27.478">
  <properties/>
  <testcase name="[1] andRight.props, D:\a\key\key\key.core\build\resources\test\de\uka\ilkd\key\macros\scripts\cases\andRight.props" classname="de.uka.ilkd.key.macros.scripts.TestProofScriptCommand" time="3.914"/>
  <testcase name="[2] hide.exc.props, D:\a\key\key\key.core\build\resources\test\de\uka\ilkd\key\macros\scripts\cases\hide.exc.props" classname="de.uka.ilkd.key.macros.scripts.TestProofScriptCommand" time="3.919"/>
  <testcase name="[3] hide.props, D:\a\key\key\key.core\build\resources\test\de\uka\ilkd\key\macros\scripts\cases\hide.props" classname="de.uka.ilkd.key.macros.scripts.TestProofScriptCommand" time="3.952"/>
  <testcase name="[4] rule.exc.props, D:\a\key\key\key.core\build\resources\test\de\uka\ilkd\key\macros\scripts\cases\rule.exc.props" classname="de.uka.ilkd.key.macros.scripts.TestProofScriptCommand" time="3.866"/>
  <testcase name="[5] selectFormula.props, D:\a\key\key\key.core\build\resources\test\de\uka\ilkd\key\macros\scripts\cases\selectFormula.props" classname="de.uka.ilkd.key.macros.scripts.TestProofScriptCommand" time="3.906"/>
  <testcase name="[6] unhide.props, D:\a\key\key\key.core\build\resources\test\de\uka\ilkd\key\macros\scripts\cases\unhide.props" classname="de.uka.ilkd.key.macros.scripts.TestProofScriptCommand" time="3.935"/>
  <testcase name="[7] unhide2.props, D:\a\key\key\key.core\build\resources\test\de\uka\ilkd\key\macros\scripts\cases\unhide2.props" classname="de.uka.ilkd.key.macros.scripts.TestProofScriptCommand" time="3.98"/>
  <system-out><![CDATA[238374     INFO  Test worker     d.u.i.k.p.i.AbstractProblemLoader Loading environment from C:\Users\RUNNER~1\AppData\Local\Temp\proofscript_key_andRight.props9959640151691591630.key 
238374     DEBUG Test worker     d.u.i.k.p.i.AbstractProblemLoader Environment load took 613.8ns 
238374     INFO  Test worker     d.u.i.k.p.i.AbstractProblemLoader Creating init config 
242187     DEBUG Test worker     d.u.i.k.p.i.AbstractProblemLoader Init config took 3.82s 
242233     INFO  Test worker     d.u.i.k.p.i.AbstractProblemLoader Replaying proof proofscript_key_andRight.props9959640151691591630.key 
242249     DEBUG Test worker     d.u.i.k.p.i.IntermediateProofReplayer Proof replay took 8.9ns 
242249     DEBUG Test worker     d.u.i.k.m.s.ProofScriptEngine 1: 'rule andRight' 
242276     INFO  Test worker     d.u.i.k.p.i.AbstractProblemLoader Loading environment from C:\Users\RUNNER~1\AppData\Local\Temp\proofscript_key_hide.exc.props13642417365106986249.key 
242276     DEBUG Test worker     d.u.i.k.p.i.AbstractProblemLoader Environment load took 149.6ns 
242279     INFO  Test worker     d.u.i.k.p.i.AbstractProblemLoader Creating init config 
246144     DEBUG Test worker     d.u.i.k.p.i.AbstractProblemLoader Init config took 3.88s 
246175     INFO  Test worker     d.u.i.k.p.i.AbstractProblemLoader Replaying proof proofscript_key_hide.exc.props13642417365106986249.key 
246175     DEBUG Test worker     d.u.i.k.p.i.IntermediateProofReplayer Proof replay took 8.5ns 
246175     DEBUG Test worker     d.u.i.k.m.s.ProofScriptEngine 1: 'macro split-prop' 
246175     DEBUG Test worker     d.u.i.k.m.s.ProofScriptEngine 2: 'hide "b ==>"' 
246175     DEBUG Test worker     d.u.i.k.m.s.ProofScriptEngine GOALS: 1 
246175     DEBUG Test worker     d.u.i.k.m.s.ProofScriptEngine [a]==>[b] 
246191     INFO  Test worker     d.u.i.k.p.i.AbstractProblemLoader Loading environment from C:\Users\RUNNER~1\AppData\Local\Temp\proofscript_key_hide.props8198413602066669285.key 
246191     DEBUG Test worker     d.u.i.k.p.i.AbstractProblemLoader Environment load took 136.1ns 
246191     INFO  Test worker     d.u.i.k.p.i.AbstractProblemLoader Creating init config 
250095     DEBUG Test worker     d.u.i.k.p.i.AbstractProblemLoader Init config took 3.9s 
250110     INFO  Test worker     d.u.i.k.p.i.AbstractProblemLoader Replaying proof proofscript_key_hide.props8198413602066669285.key 
250110     DEBUG Test worker     d.u.i.k.p.i.IntermediateProofReplayer Proof replay took 9.9ns 
250110     DEBUG Test worker     d.u.i.k.m.s.ProofScriptEngine 1: 'macro split-prop' 
250143     DEBUG Test worker     d.u.i.k.m.s.ProofScriptEngine 2: 'hide "a ==> d, e"' 
250158     INFO  Test worker     d.u.i.k.p.i.AbstractProblemLoader Loading environment from C:\Users\RUNNER~1\AppData\Local\Temp\proofscript_key_rule.exc.props15006058433265467590.key 
250158     DEBUG Test worker     d.u.i.k.p.i.AbstractProblemLoader Environment load took 1.01ms 
250158     INFO  Test worker     d.u.i.k.p.i.AbstractProblemLoader Creating init config 
253982     DEBUG Test worker     d.u.i.k.p.i.AbstractProblemLoader Init config took 3.82s 
253998     INFO  Test worker     d.u.i.k.p.i.AbstractProblemLoader Replaying proof proofscript_key_rule.exc.props15006058433265467590.key 
253998     DEBUG Test worker     d.u.i.k.p.i.IntermediateProofReplayer Proof replay took 8.8ns 
253998     DEBUG Test worker     d.u.i.k.m.s.ProofScriptEngine 1: 'rule andLeft' 
254013     DEBUG Test worker     d.u.i.k.m.s.ProofScriptEngine GOALS: 1 
254013     DEBUG Test worker     d.u.i.k.m.s.ProofScriptEngine []==>[and(a,b)] 
254013     INFO  Test worker     d.u.i.k.p.i.AbstractProblemLoader Loading environment from C:\Users\RUNNER~1\AppData\Local\Temp\proofscript_key_selectFormula.props11672492488269089248.key 
254013     DEBUG Test worker     d.u.i.k.p.i.AbstractProblemLoader Environment load took 787.6ns 
254013     INFO  Test worker     d.u.i.k.p.i.AbstractProblemLoader Creating init config 
257889     DEBUG Test worker     d.u.i.k.p.i.AbstractProblemLoader Init config took 3.87s 
257905     INFO  Test worker     d.u.i.k.p.i.AbstractProblemLoader Replaying proof proofscript_key_selectFormula.props11672492488269089248.key 
257905     DEBUG Test worker     d.u.i.k.p.i.IntermediateProofReplayer Proof replay took 8.5ns 
257905     DEBUG Test worker     d.u.i.k.m.s.ProofScriptEngine 1: 'macro split-prop' 
257920     DEBUG Test worker     d.u.i.k.m.s.ProofScriptEngine 2: 'select formula="b"' 
257920     INFO  Test worker     d.u.i.k.p.i.AbstractProblemLoader Loading environment from C:\Users\RUNNER~1\AppData\Local\Temp\proofscript_key_unhide.props5382379063330974839.key 
257920     DEBUG Test worker     d.u.i.k.p.i.AbstractProblemLoader Environment load took 166.4ns 
257936     INFO  Test worker     d.u.i.k.p.i.AbstractProblemLoader Creating init config 
261823     DEBUG Test worker     d.u.i.k.p.i.AbstractProblemLoader Init config took 3.9s 
261839     INFO  Test worker     d.u.i.k.p.i.AbstractProblemLoader Replaying proof proofscript_key_unhide.props5382379063330974839.key 
261855     DEBUG Test worker     d.u.i.k.p.i.IntermediateProofReplayer Proof replay took 9.3ns 
261855     DEBUG Test worker     d.u.i.k.m.s.ProofScriptEngine 1: 'rule impRight' 
261855     DEBUG Test worker     d.u.i.k.m.s.ProofScriptEngine 2: 'hide '2=3 ==> 3=4'' 
261855     DEBUG Test worker     d.u.i.k.m.s.ProofScriptEngine 3: 'unhide '2=3 ==>'' 
261855     DEBUG Test worker     d.u.i.k.m.s.ProofScriptEngine 4: 'unhide '==> 3=4'' 
261870     INFO  Test worker     d.u.i.k.p.i.AbstractProblemLoader Loading environment from C:\Users\RUNNER~1\AppData\Local\Temp\proofscript_key_unhide2.props16373127270475942735.key 
261870     DEBUG Test worker     d.u.i.k.p.i.AbstractProblemLoader Environment load took 450.5ns 
261870     INFO  Test worker     d.u.i.k.p.i.AbstractProblemLoader Creating init config 
265805     DEBUG Test worker     d.u.i.k.p.i.AbstractProblemLoader Init config took 3.94s 
265821     INFO  Test worker     d.u.i.k.p.i.AbstractProblemLoader Replaying proof proofscript_key_unhide2.props16373127270475942735.key 
265821     DEBUG Test worker     d.u.i.k.p.i.IntermediateProofReplayer Proof replay took 8.2ns 
265821     DEBUG Test worker     d.u.i.k.m.s.ProofScriptEngine 1: 'rule impRight' 
265821     DEBUG Test worker     d.u.i.k.m.s.ProofScriptEngine 2: 'hide '2=3 ==> 3=4'' 
265821     DEBUG Test worker     d.u.i.k.m.s.ProofScriptEngine 3: 'unhide '2=3 ==> 3=4'' 
]]></system-out>
  <system-err><![CDATA[]]></system-err>
</testsuite>
