<?xml version="1.0" encoding="UTF-8"?>
<testsuite name="de.uka.ilkd.key.rule.merge.PredicateAbstractionLatticeTests" tests="3" skipped="0" failures="0" errors="0" timestamp="2023-06-06T12:22:53" hostname="fv-az618-761" time="7.808">
  <properties/>
  <testcase name="testToAndFromString()" classname="de.uka.ilkd.key.rule.merge.PredicateAbstractionLatticeTests" time="3.896"/>
  <testcase name="testCreateSignLatticeWithPredicates()" classname="de.uka.ilkd.key.rule.merge.PredicateAbstractionLatticeTests" time="3.912"/>
  <testcase name="testTrivialPredicatesLattice()" classname="de.uka.ilkd.key.rule.merge.PredicateAbstractionLatticeTests" time="0.0"/>
  <system-out><![CDATA[696016     INFO  Test worker     d.u.i.k.p.i.AbstractProblemLoader Loading environment from src\test\resources\testcase\merge\dummy.key 
696016     DEBUG Test worker     d.u.i.k.p.i.AbstractProblemLoader Environment load took 124.5ns 
696016     INFO  Test worker     d.u.i.k.p.i.AbstractProblemLoader Creating init config 
699897     DEBUG Test worker     d.u.i.k.p.i.AbstractProblemLoader Init config took 3.87s 
699913     INFO  Test worker     d.u.i.k.p.i.AbstractProblemLoader Replaying proof dummy.key 
699913     DEBUG Test worker     d.u.i.k.p.i.IntermediateProofReplayer Proof replay took 8.3ns 
699913     INFO  Test worker     d.u.i.k.p.i.AbstractProblemLoader Loading environment from src\test\resources\testcase\merge\dummy.key 
699913     DEBUG Test worker     d.u.i.k.p.i.AbstractProblemLoader Environment load took 118.8ns 
699913     INFO  Test worker     d.u.i.k.p.i.AbstractProblemLoader Creating init config 
703809     DEBUG Test worker     d.u.i.k.p.i.AbstractProblemLoader Init config took 3.89s 
703809     INFO  Test worker     d.u.i.k.p.i.AbstractProblemLoader Replaying proof dummy.key 
703825     DEBUG Test worker     d.u.i.k.p.i.IntermediateProofReplayer Proof replay took 8.4ns 
]]></system-out>
  <system-err><![CDATA[]]></system-err>
</testsuite>
