<?xml version="1.0" encoding="UTF-8"?>
<testsuite name="de.uka.ilkd.key.util.TestProofStarter" tests="2" skipped="0" failures="0" errors="0" timestamp="2023-06-06T12:29:03" hostname="fv-az618-761" time="50.617">
  <properties/>
  <testcase name="testDirectProofWithOneStepSimplification()" classname="de.uka.ilkd.key.util.TestProofStarter" time="26.59"/>
  <testcase name="testDirectProof()" classname="de.uka.ilkd.key.util.TestProofStarter" time="24.027"/>
  <system-out><![CDATA[1066433    INFO  Test worker     d.u.i.k.p.i.AbstractProblemLoader Loading environment from src\test\resources\testcase\proofStarter\CC\project.key 
1066433    DEBUG Test worker     d.u.i.k.p.i.AbstractProblemLoader Environment load took 183.7ns 
1066449    INFO  Test worker     d.u.i.k.p.i.AbstractProblemLoader Creating init config 
1070441    DEBUG Test worker     d.u.i.k.p.i.AbstractProblemLoader Init config took 4s 
1070488    INFO  Test worker     d.u.i.k.p.i.AbstractProblemLoader Replaying proof CC[CC::calcCoinIndex([I,[I)].JML normal_behavior operation contract.0 
1070488    DEBUG Test worker     d.u.i.k.p.i.IntermediateProofReplayer Proof replay took 1.6ns 
1093020    INFO  Test worker     d.u.i.k.p.i.AbstractProblemLoader Loading environment from src\test\resources\testcase\proofStarter\CC\project.key 
1093020    DEBUG Test worker     d.u.i.k.p.i.AbstractProblemLoader Environment load took 196.4ns 
1093020    INFO  Test worker     d.u.i.k.p.i.AbstractProblemLoader Creating init config 
1096924    DEBUG Test worker     d.u.i.k.p.i.AbstractProblemLoader Init config took 3.91s 
1096971    INFO  Test worker     d.u.i.k.p.i.AbstractProblemLoader Replaying proof CC[CC::calcCoinIndex([I,[I)].JML normal_behavior operation contract.0 
1096971    DEBUG Test worker     d.u.i.k.p.i.IntermediateProofReplayer Proof replay took 1.6ns 
]]></system-out>
  <system-err><![CDATA[]]></system-err>
</testsuite>
