<?xml version="1.0" encoding="UTF-8"?>
<testsuite name="de.uka.ilkd.key.logic.TestTermLabelManager" tests="21" skipped="0" failures="0" errors="0" timestamp="2023-06-09T10:44:47" hostname="fv-az553-785" time="84.056">
  <properties/>
  <testcase name="testInstantiateLabels_directChildPolicies_allRules()" classname="de.uka.ilkd.key.logic.TestTermLabelManager" time="6.048"/>
  <testcase name="testInstantiateLabels_childAndGrandchildPolicies_ruleSpecific()" classname="de.uka.ilkd.key.logic.TestTermLabelManager" time="4.565"/>
  <testcase name="testParseLabel()" classname="de.uka.ilkd.key.logic.TestTermLabelManager" time="4.582"/>
  <testcase name="testrefactorGoal_childrenAndGrandchildren_ruleSpecific()" classname="de.uka.ilkd.key.logic.TestTermLabelManager" time="4.3"/>
  <testcase name="testrefactorGoal_directChildren_allRules()" classname="de.uka.ilkd.key.logic.TestTermLabelManager" time="4.251"/>
  <testcase name="testInstantiateLabels_childAndGrandchildPolicies_allRules()" classname="de.uka.ilkd.key.logic.TestTermLabelManager" time="4.299"/>
  <testcase name="testInstantiateLabels_taclet()" classname="de.uka.ilkd.key.logic.TestTermLabelManager" time="4.19"/>
  <testcase name="testrefactorGoal_none_ruleSpecific()" classname="de.uka.ilkd.key.logic.TestTermLabelManager" time="4.284"/>
  <testcase name="testInstantiateLabels_updates_ruleSpecific()" classname="de.uka.ilkd.key.logic.TestTermLabelManager" time="4.331"/>
  <testcase name="testrefactorGoal_sequent_ruleSpecific()" classname="de.uka.ilkd.key.logic.TestTermLabelManager" time="4.299"/>
  <testcase name="testInstantiateLabels_updates_allRules()" classname="de.uka.ilkd.key.logic.TestTermLabelManager" time="4.376"/>
  <testcase name="testrefactorGoal_sequent_allRules()" classname="de.uka.ilkd.key.logic.TestTermLabelManager" time="4.456"/>
  <testcase name="testrefactorGoal_childrenAndGrandchildren_allRules()" classname="de.uka.ilkd.key.logic.TestTermLabelManager" time="4.331"/>
  <testcase name="testGetTermLabelManager()" classname="de.uka.ilkd.key.logic.TestTermLabelManager" time="0.006"/>
  <testcase name="testInstantiateLabels_applicationTermPolicies()" classname="de.uka.ilkd.key.logic.TestTermLabelManager" time="4.323"/>
  <testcase name="testInstantiateLabels_modalityTermPolicies()" classname="de.uka.ilkd.key.logic.TestTermLabelManager" time="4.298"/>
  <testcase name="testrefactorGoal_none_allRules()" classname="de.uka.ilkd.key.logic.TestTermLabelManager" time="4.394"/>
  <testcase name="testInstantiateLabels_null()" classname="de.uka.ilkd.key.logic.TestTermLabelManager" time="0.0"/>
  <testcase name="testrefactorGoal_directChildren_ruleSpecific()" classname="de.uka.ilkd.key.logic.TestTermLabelManager" time="4.269"/>
  <testcase name="testInstantiateLabels_directChildPolicies_ruleSpecific()" classname="de.uka.ilkd.key.logic.TestTermLabelManager" time="4.235"/>
  <testcase name="testGetSupportedTermLabelNames()" classname="de.uka.ilkd.key.logic.TestTermLabelManager" time="4.207"/>
  <system-out><![CDATA[162696     INFO  Test worker     d.u.i.k.p.i.AbstractProblemLoader Loading environment from src\test\resources\testcase\termLabels\flatSteps\FlatSteps.java 
162696     DEBUG Test worker     d.u.i.k.p.i.AbstractProblemLoader Environment load took 3.46ms 
162696     INFO  Test worker     d.u.i.k.p.i.AbstractProblemLoader Creating init config 
162930     DEBUG Test worker     d.u.i.k.j.TypeConverter   No LDT found for Meta 
162930     DEBUG Test worker     d.u.i.k.j.TypeConverter   No LDT found for Meta 
162930     DEBUG Test worker     d.u.i.k.j.TypeConverter   No LDT found for Meta 
162930     DEBUG Test worker     d.u.i.k.j.TypeConverter   No LDT found for Meta 
163774     DEBUG Test worker     d.u.i.k.j.TypeConverter   No LDT found for JavaBigintExpression 
168746     DEBUG Test worker     d.u.i.k.p.i.AbstractProblemLoader Init config took 6.04s 
168746     INFO  Test worker     d.u.i.k.p.i.AbstractProblemLoader Loading environment from src\test\resources\testcase\termLabels\flatSteps\FlatSteps.java 
168746     DEBUG Test worker     d.u.i.k.p.i.AbstractProblemLoader Environment load took 667.7ns 
168746     INFO  Test worker     d.u.i.k.p.i.AbstractProblemLoader Creating init config 
173312     DEBUG Test worker     d.u.i.k.p.i.AbstractProblemLoader Init config took 4.56s 
173312     INFO  Test worker     d.u.i.k.p.i.AbstractProblemLoader Loading environment from src\test\resources\testcase\termLabels\flatSteps\FlatSteps.java 
173312     DEBUG Test worker     d.u.i.k.p.i.AbstractProblemLoader Environment load took 286.5ns 
173312     INFO  Test worker     d.u.i.k.p.i.AbstractProblemLoader Creating init config 
177894     DEBUG Test worker     d.u.i.k.p.i.AbstractProblemLoader Init config took 4.57s 
177894     INFO  Test worker     d.u.i.k.p.i.AbstractProblemLoader Loading environment from src\test\resources\testcase\termLabels\flatSteps\FlatSteps.java 
177894     DEBUG Test worker     d.u.i.k.p.i.AbstractProblemLoader Environment load took 227ns 
177894     INFO  Test worker     d.u.i.k.p.i.AbstractProblemLoader Creating init config 
182178     DEBUG Test worker     d.u.i.k.p.i.AbstractProblemLoader Init config took 4.27s 
182194     INFO  Test worker     d.u.i.k.p.i.AbstractProblemLoader Loading environment from src\test\resources\testcase\termLabels\flatSteps\FlatSteps.java 
182194     DEBUG Test worker     d.u.i.k.p.i.AbstractProblemLoader Environment load took 217.6ns 
182194     INFO  Test worker     d.u.i.k.p.i.AbstractProblemLoader Creating init config 
186431     DEBUG Test worker     d.u.i.k.p.i.AbstractProblemLoader Init config took 4.24s 
186446     INFO  Test worker     d.u.i.k.p.i.AbstractProblemLoader Loading environment from src\test\resources\testcase\termLabels\flatSteps\FlatSteps.java 
186446     DEBUG Test worker     d.u.i.k.p.i.AbstractProblemLoader Environment load took 624.6ns 
186462     INFO  Test worker     d.u.i.k.p.i.AbstractProblemLoader Creating init config 
190746     DEBUG Test worker     d.u.i.k.p.i.AbstractProblemLoader Init config took 4.29s 
190746     INFO  Test worker     d.u.i.k.p.i.AbstractProblemLoader Loading environment from src\test\resources\testcase\termLabels\flatSteps\FlatSteps.java 
190746     DEBUG Test worker     d.u.i.k.p.i.AbstractProblemLoader Environment load took 562.9ns 
190761     INFO  Test worker     d.u.i.k.p.i.AbstractProblemLoader Creating init config 
194936     DEBUG Test worker     d.u.i.k.p.i.AbstractProblemLoader Init config took 4.18s 
194936     INFO  Test worker     d.u.i.k.p.i.AbstractProblemLoader Loading environment from src\test\resources\testcase\termLabels\flatSteps\FlatSteps.java 
194936     DEBUG Test worker     d.u.i.k.p.i.AbstractProblemLoader Environment load took 506.6ns 
194936     INFO  Test worker     d.u.i.k.p.i.AbstractProblemLoader Creating init config 
199206     DEBUG Test worker     d.u.i.k.p.i.AbstractProblemLoader Init config took 4.27s 
199221     INFO  Test worker     d.u.i.k.p.i.AbstractProblemLoader Loading environment from src\test\resources\testcase\termLabels\flatSteps\FlatSteps.java 
199221     DEBUG Test worker     d.u.i.k.p.i.AbstractProblemLoader Environment load took 655.9ns 
199237     INFO  Test worker     d.u.i.k.p.i.AbstractProblemLoader Creating init config 
203552     DEBUG Test worker     d.u.i.k.p.i.AbstractProblemLoader Init config took 4.32s 
203552     INFO  Test worker     d.u.i.k.p.i.AbstractProblemLoader Loading environment from src\test\resources\testcase\termLabels\flatSteps\FlatSteps.java 
203552     DEBUG Test worker     d.u.i.k.p.i.AbstractProblemLoader Environment load took 229.3ns 
203552     INFO  Test worker     d.u.i.k.p.i.AbstractProblemLoader Creating init config 
207837     DEBUG Test worker     d.u.i.k.p.i.AbstractProblemLoader Init config took 4.29s 
207852     INFO  Test worker     d.u.i.k.p.i.AbstractProblemLoader Loading environment from src\test\resources\testcase\termLabels\flatSteps\FlatSteps.java 
207852     DEBUG Test worker     d.u.i.k.p.i.AbstractProblemLoader Environment load took 244.5ns 
207852     INFO  Test worker     d.u.i.k.p.i.AbstractProblemLoader Creating init config 
212229     DEBUG Test worker     d.u.i.k.p.i.AbstractProblemLoader Init config took 4.37s 
212245     INFO  Test worker     d.u.i.k.p.i.AbstractProblemLoader Loading environment from src\test\resources\testcase\termLabels\flatSteps\FlatSteps.java 
212245     DEBUG Test worker     d.u.i.k.p.i.AbstractProblemLoader Environment load took 570ns 
212245     INFO  Test worker     d.u.i.k.p.i.AbstractProblemLoader Creating init config 
216671     DEBUG Test worker     d.u.i.k.p.i.AbstractProblemLoader Init config took 4.43s 
216686     INFO  Test worker     d.u.i.k.p.i.AbstractProblemLoader Loading environment from src\test\resources\testcase\termLabels\flatSteps\FlatSteps.java 
216686     DEBUG Test worker     d.u.i.k.p.i.AbstractProblemLoader Environment load took 244.1ns 
216686     INFO  Test worker     d.u.i.k.p.i.AbstractProblemLoader Creating init config 
221001     DEBUG Test worker     d.u.i.k.p.i.AbstractProblemLoader Init config took 4.31s 
221017     INFO  Test worker     d.u.i.k.p.i.AbstractProblemLoader Loading environment from src\test\resources\testcase\termLabels\flatSteps\FlatSteps.java 
221017     DEBUG Test worker     d.u.i.k.p.i.AbstractProblemLoader Environment load took 581.2ns 
221032     INFO  Test worker     d.u.i.k.p.i.AbstractProblemLoader Creating init config 
225348     DEBUG Test worker     d.u.i.k.p.i.AbstractProblemLoader Init config took 4.32s 
225348     INFO  Test worker     d.u.i.k.p.i.AbstractProblemLoader Loading environment from src\test\resources\testcase\termLabels\flatSteps\FlatSteps.java 
225348     DEBUG Test worker     d.u.i.k.p.i.AbstractProblemLoader Environment load took 254.1ns 
225348     INFO  Test worker     d.u.i.k.p.i.AbstractProblemLoader Creating init config 
229631     DEBUG Test worker     d.u.i.k.p.i.AbstractProblemLoader Init config took 4.29s 
229647     INFO  Test worker     d.u.i.k.p.i.AbstractProblemLoader Loading environment from src\test\resources\testcase\termLabels\flatSteps\FlatSteps.java 
229647     DEBUG Test worker     d.u.i.k.p.i.AbstractProblemLoader Environment load took 241.2ns 
229647     INFO  Test worker     d.u.i.k.p.i.AbstractProblemLoader Creating init config 
234025     DEBUG Test worker     d.u.i.k.p.i.AbstractProblemLoader Init config took 4.38s 
234041     INFO  Test worker     d.u.i.k.p.i.AbstractProblemLoader Loading environment from src\test\resources\testcase\termLabels\flatSteps\FlatSteps.java 
234041     DEBUG Test worker     d.u.i.k.p.i.AbstractProblemLoader Environment load took 196.6ns 
234041     INFO  Test worker     d.u.i.k.p.i.AbstractProblemLoader Creating init config 
238295     DEBUG Test worker     d.u.i.k.p.i.AbstractProblemLoader Init config took 4.25s 
238311     INFO  Test worker     d.u.i.k.p.i.AbstractProblemLoader Loading environment from src\test\resources\testcase\termLabels\flatSteps\FlatSteps.java 
238311     DEBUG Test worker     d.u.i.k.p.i.AbstractProblemLoader Environment load took 586.1ns 
238311     INFO  Test worker     d.u.i.k.p.i.AbstractProblemLoader Creating init config 
242547     DEBUG Test worker     d.u.i.k.p.i.AbstractProblemLoader Init config took 4.23s 
242547     INFO  Test worker     d.u.i.k.p.i.AbstractProblemLoader Loading environment from src\test\resources\testcase\termLabels\flatSteps\FlatSteps.java 
242547     DEBUG Test worker     d.u.i.k.p.i.AbstractProblemLoader Environment load took 288.5ns 
242547     INFO  Test worker     d.u.i.k.p.i.AbstractProblemLoader Creating init config 
246754     DEBUG Test worker     d.u.i.k.p.i.AbstractProblemLoader Init config took 4.21s 
]]></system-out>
  <system-err><![CDATA[]]></system-err>
</testsuite>
