<?xml version="1.0" encoding="UTF-8"?>
<testsuite name="de.uka.ilkd.key.util.UnionTest" tests="7" skipped="0" failures="0" errors="0" timestamp="2023-06-09T11:03:08" hostname="fv-az553-785" time="0.003">
  <properties/>
  <testcase name="testToString()" classname="de.uka.ilkd.key.util.UnionTest" time="0.0"/>
  <testcase name="mapFirstOnSecond()" classname="de.uka.ilkd.key.util.UnionTest" time="0.001"/>
  <testcase name="mapFirstOnFirst()" classname="de.uka.ilkd.key.util.UnionTest" time="0.001"/>
  <testcase name="fromFirst()" classname="de.uka.ilkd.key.util.UnionTest" time="0.0"/>
  <testcase name="mapSecondOnFirst()" classname="de.uka.ilkd.key.util.UnionTest" time="0.0"/>
  <testcase name="mapSecondOnSecond()" classname="de.uka.ilkd.key.util.UnionTest" time="0.0"/>
  <testcase name="fromSecond()" classname="de.uka.ilkd.key.util.UnionTest" time="0.0"/>
  <system-out><![CDATA[]]></system-out>
  <system-err><![CDATA[]]></system-err>
</testsuite>
