<?xml version="1.0" encoding="UTF-8"?>
<testsuite name="de.uka.ilkd.key.rule.merge.PredicateAbstractionLatticeTests" tests="3" skipped="0" failures="0" errors="0" timestamp="2023-06-09T10:55:05" hostname="fv-az553-785" time="8.815">
  <properties/>
  <testcase name="testToAndFromString()" classname="de.uka.ilkd.key.rule.merge.PredicateAbstractionLatticeTests" time="4.359"/>
  <testcase name="testCreateSignLatticeWithPredicates()" classname="de.uka.ilkd.key.rule.merge.PredicateAbstractionLatticeTests" time="4.456"/>
  <testcase name="testTrivialPredicatesLattice()" classname="de.uka.ilkd.key.rule.merge.PredicateAbstractionLatticeTests" time="0.0"/>
  <system-out><![CDATA[781001     INFO  Test worker     d.u.i.k.p.i.AbstractProblemLoader Loading environment from src\test\resources\testcase\merge\dummy.key 
781001     DEBUG Test worker     d.u.i.k.p.i.AbstractProblemLoader Environment load took 159.6ns 
781001     INFO  Test worker     d.u.i.k.p.i.AbstractProblemLoader Creating init config 
785346     DEBUG Test worker     d.u.i.k.p.i.AbstractProblemLoader Init config took 4.34s 
785362     INFO  Test worker     d.u.i.k.p.i.AbstractProblemLoader Replaying proof dummy.key 
785362     DEBUG Test worker     d.u.i.k.p.i.IntermediateProofReplayer Proof replay took 9.1ns 
785362     INFO  Test worker     d.u.i.k.p.i.AbstractProblemLoader Loading environment from src\test\resources\testcase\merge\dummy.key 
785362     DEBUG Test worker     d.u.i.k.p.i.AbstractProblemLoader Environment load took 123.6ns 
785362     INFO  Test worker     d.u.i.k.p.i.AbstractProblemLoader Creating init config 
789802     DEBUG Test worker     d.u.i.k.p.i.AbstractProblemLoader Init config took 4.43s 
789818     INFO  Test worker     d.u.i.k.p.i.AbstractProblemLoader Replaying proof dummy.key 
789818     DEBUG Test worker     d.u.i.k.p.i.IntermediateProofReplayer Proof replay took 9.8ns 
]]></system-out>
  <system-err><![CDATA[]]></system-err>
</testsuite>
