<?xml version="1.0" encoding="UTF-8"?>
<testsuite name="de.uka.ilkd.key.logic.TestClashFreeSubst" tests="14" skipped="2" failures="0" errors="0" timestamp="2023-06-09T10:43:00" hostname="fv-az553-785" time="73.973">
  <properties/>
  <testcase name="testMultiShareBound()" classname="de.uka.ilkd.key.logic.TestClashFreeSubst" time="1.42"/>
  <testcase name="testClash()" classname="de.uka.ilkd.key.logic.TestClashFreeSubst" time="1.353"/>
  <testcase name="testShare()" classname="de.uka.ilkd.key.logic.TestClashFreeSubst" time="1.456"/>
  <testcase name="testSubst()" classname="de.uka.ilkd.key.logic.TestClashFreeSubst" time="1.398"/>
  <testcase name="testWary0()" classname="de.uka.ilkd.key.logic.TestClashFreeSubst" time="1.441"/>
  <testcase name="testWary1()" classname="de.uka.ilkd.key.logic.TestClashFreeSubst" time="1.409"/>
  <testcase name="testWary2()" classname="de.uka.ilkd.key.logic.TestClashFreeSubst" time="1.316"/>
  <testcase name="testClashInSubstTerm()" classname="de.uka.ilkd.key.logic.TestClashFreeSubst" time="1.372"/>
  <testcase name="testShareWary()" classname="de.uka.ilkd.key.logic.TestClashFreeSubst" time="1.359"/>
  <testcase name="testMultiSubst()" classname="de.uka.ilkd.key.logic.TestClashFreeSubst" time="1.346"/>
  <testcase name="xtestMultiClash()" classname="de.uka.ilkd.key.logic.TestClashFreeSubst" time="0.0">
    <skipped/>
  </testcase>
  <testcase name="testSubstInSubstTerm()" classname="de.uka.ilkd.key.logic.TestClashFreeSubst" time="1.36"/>
  <testcase name="testSubstWary()" classname="de.uka.ilkd.key.logic.TestClashFreeSubst" time="1.372"/>
  <testcase name="xtestMultiClash1()" classname="de.uka.ilkd.key.logic.TestClashFreeSubst" time="0.0">
    <skipped/>
  </testcase>
  <system-out><![CDATA[55735      INFO  Test worker     d.u.i.k.n.KeyIO           Parsing took 0 ms 
55735      DEBUG Test worker     d.u.i.k.n.KeyIO           Load declarations of de.uka.ilkd.key.nparser.KeyAst$File:  <unknown>:1#1 
55735      INFO  Test worker     d.u.i.k.n.KeyIO           MODE: declarations took 0 ms 
55735      DEBUG Test worker     d.u.i.k.n.KeyIO           MODE: 2nd degree decls took 0 
57142      INFO  Test worker     d.u.i.k.n.KeyIO           Parsing took 0 ms 
57142      DEBUG Test worker     d.u.i.k.n.KeyIO           Load declarations of de.uka.ilkd.key.nparser.KeyAst$File:  <unknown>:1#1 
57142      INFO  Test worker     d.u.i.k.n.KeyIO           MODE: declarations took 0 ms 
57142      DEBUG Test worker     d.u.i.k.n.KeyIO           MODE: 2nd degree decls took 0 
61739      INFO  Test worker     d.u.i.k.n.KeyIO           Parsing took 0 ms 
61739      DEBUG Test worker     d.u.i.k.n.KeyIO           Load declarations of de.uka.ilkd.key.nparser.KeyAst$File:  <unknown>:1#1 
61739      INFO  Test worker     d.u.i.k.n.KeyIO           MODE: declarations took 0 ms 
61739      DEBUG Test worker     d.u.i.k.n.KeyIO           MODE: 2nd degree decls took 0 
63083      INFO  Test worker     d.u.i.k.n.KeyIO           Parsing took 0 ms 
63083      DEBUG Test worker     d.u.i.k.n.KeyIO           Load declarations of de.uka.ilkd.key.nparser.KeyAst$File:  <unknown>:1#1 
63083      INFO  Test worker     d.u.i.k.n.KeyIO           MODE: declarations took 0 ms 
63083      DEBUG Test worker     d.u.i.k.n.KeyIO           MODE: 2nd degree decls took 0 
67524      INFO  Test worker     d.u.i.k.n.KeyIO           Parsing took 0 ms 
67524      DEBUG Test worker     d.u.i.k.n.KeyIO           Load declarations of de.uka.ilkd.key.nparser.KeyAst$File:  <unknown>:1#1 
67524      INFO  Test worker     d.u.i.k.n.KeyIO           MODE: declarations took 0 ms 
67524      DEBUG Test worker     d.u.i.k.n.KeyIO           MODE: 2nd degree decls took 0 
68978      INFO  Test worker     d.u.i.k.n.KeyIO           Parsing took 0 ms 
68978      DEBUG Test worker     d.u.i.k.n.KeyIO           Load declarations of de.uka.ilkd.key.nparser.KeyAst$File:  <unknown>:1#1 
68978      INFO  Test worker     d.u.i.k.n.KeyIO           MODE: declarations took 0 ms 
68978      DEBUG Test worker     d.u.i.k.n.KeyIO           MODE: 2nd degree decls took 0 
73545      INFO  Test worker     d.u.i.k.n.KeyIO           Parsing took 0 ms 
73545      DEBUG Test worker     d.u.i.k.n.KeyIO           Load declarations of de.uka.ilkd.key.nparser.KeyAst$File:  <unknown>:1#1 
73545      INFO  Test worker     d.u.i.k.n.KeyIO           MODE: declarations took 0 ms 
73545      DEBUG Test worker     d.u.i.k.n.KeyIO           MODE: 2nd degree decls took 0 
74936      INFO  Test worker     d.u.i.k.n.KeyIO           Parsing took 0 ms 
74936      DEBUG Test worker     d.u.i.k.n.KeyIO           Load declarations of de.uka.ilkd.key.nparser.KeyAst$File:  <unknown>:1#1 
74936      INFO  Test worker     d.u.i.k.n.KeyIO           MODE: declarations took 0 ms 
74936      DEBUG Test worker     d.u.i.k.n.KeyIO           MODE: 2nd degree decls took 0 
79518      INFO  Test worker     d.u.i.k.n.KeyIO           Parsing took 0 ms 
79518      DEBUG Test worker     d.u.i.k.n.KeyIO           Load declarations of de.uka.ilkd.key.nparser.KeyAst$File:  <unknown>:1#1 
79518      INFO  Test worker     d.u.i.k.n.KeyIO           MODE: declarations took 0 ms 
79518      DEBUG Test worker     d.u.i.k.n.KeyIO           MODE: 2nd degree decls took 0 
80945      INFO  Test worker     d.u.i.k.n.KeyIO           Parsing took 0 ms 
80945      DEBUG Test worker     d.u.i.k.n.KeyIO           Load declarations of de.uka.ilkd.key.nparser.KeyAst$File:  <unknown>:1#1 
80945      INFO  Test worker     d.u.i.k.n.KeyIO           MODE: declarations took 0 ms 
80945      DEBUG Test worker     d.u.i.k.n.KeyIO           MODE: 2nd degree decls took 0 
85522      INFO  Test worker     d.u.i.k.n.KeyIO           Parsing took 0 ms 
85522      DEBUG Test worker     d.u.i.k.n.KeyIO           Load declarations of de.uka.ilkd.key.nparser.KeyAst$File:  <unknown>:1#1 
85522      INFO  Test worker     d.u.i.k.n.KeyIO           MODE: declarations took 0 ms 
85522      DEBUG Test worker     d.u.i.k.n.KeyIO           MODE: 2nd degree decls took 0 
86929      INFO  Test worker     d.u.i.k.n.KeyIO           Parsing took 0 ms 
86929      DEBUG Test worker     d.u.i.k.n.KeyIO           Load declarations of de.uka.ilkd.key.nparser.KeyAst$File:  <unknown>:1#1 
86929      INFO  Test worker     d.u.i.k.n.KeyIO           MODE: declarations took 0 ms 
86929      DEBUG Test worker     d.u.i.k.n.KeyIO           MODE: 2nd degree decls took 0 
91307      INFO  Test worker     d.u.i.k.n.KeyIO           Parsing took 0 ms 
91307      DEBUG Test worker     d.u.i.k.n.KeyIO           Load declarations of de.uka.ilkd.key.nparser.KeyAst$File:  <unknown>:1#1 
91307      INFO  Test worker     d.u.i.k.n.KeyIO           MODE: declarations took 0 ms 
91307      DEBUG Test worker     d.u.i.k.n.KeyIO           MODE: 2nd degree decls took 0 
92620      INFO  Test worker     d.u.i.k.n.KeyIO           Parsing took 0 ms 
92620      DEBUG Test worker     d.u.i.k.n.KeyIO           Load declarations of de.uka.ilkd.key.nparser.KeyAst$File:  <unknown>:1#1 
92620      INFO  Test worker     d.u.i.k.n.KeyIO           MODE: declarations took 0 ms 
92620      DEBUG Test worker     d.u.i.k.n.KeyIO           MODE: 2nd degree decls took 0 
96935      INFO  Test worker     d.u.i.k.n.KeyIO           Parsing took 0 ms 
96935      DEBUG Test worker     d.u.i.k.n.KeyIO           Load declarations of de.uka.ilkd.key.nparser.KeyAst$File:  <unknown>:1#1 
96935      INFO  Test worker     d.u.i.k.n.KeyIO           MODE: declarations took 0 ms 
96935      DEBUG Test worker     d.u.i.k.n.KeyIO           MODE: 2nd degree decls took 0 
98296      INFO  Test worker     d.u.i.k.n.KeyIO           Parsing took 0 ms 
98296      DEBUG Test worker     d.u.i.k.n.KeyIO           Load declarations of de.uka.ilkd.key.nparser.KeyAst$File:  <unknown>:1#1 
98296      INFO  Test worker     d.u.i.k.n.KeyIO           MODE: declarations took 0 ms 
98296      DEBUG Test worker     d.u.i.k.n.KeyIO           MODE: 2nd degree decls took 0 
102658     INFO  Test worker     d.u.i.k.n.KeyIO           Parsing took 0 ms 
102658     DEBUG Test worker     d.u.i.k.n.KeyIO           Load declarations of de.uka.ilkd.key.nparser.KeyAst$File:  <unknown>:1#1 
102658     INFO  Test worker     d.u.i.k.n.KeyIO           MODE: declarations took 0 ms 
102658     DEBUG Test worker     d.u.i.k.n.KeyIO           MODE: 2nd degree decls took 0 
104003     INFO  Test worker     d.u.i.k.n.KeyIO           Parsing took 0 ms 
104003     DEBUG Test worker     d.u.i.k.n.KeyIO           Load declarations of de.uka.ilkd.key.nparser.KeyAst$File:  <unknown>:1#1 
104003     INFO  Test worker     d.u.i.k.n.KeyIO           MODE: declarations took 0 ms 
104003     DEBUG Test worker     d.u.i.k.n.KeyIO           MODE: 2nd degree decls took 0 
108288     INFO  Test worker     d.u.i.k.n.KeyIO           Parsing took 0 ms 
108288     DEBUG Test worker     d.u.i.k.n.KeyIO           Load declarations of de.uka.ilkd.key.nparser.KeyAst$File:  <unknown>:1#1 
108288     INFO  Test worker     d.u.i.k.n.KeyIO           MODE: declarations took 0 ms 
108288     DEBUG Test worker     d.u.i.k.n.KeyIO           MODE: 2nd degree decls took 0 
109617     INFO  Test worker     d.u.i.k.n.KeyIO           Parsing took 0 ms 
109617     DEBUG Test worker     d.u.i.k.n.KeyIO           Load declarations of de.uka.ilkd.key.nparser.KeyAst$File:  <unknown>:1#1 
109617     INFO  Test worker     d.u.i.k.n.KeyIO           MODE: declarations took 0 ms 
109617     DEBUG Test worker     d.u.i.k.n.KeyIO           MODE: 2nd degree decls took 0 
118123     INFO  Test worker     d.u.i.k.n.KeyIO           Parsing took 0 ms 
118123     DEBUG Test worker     d.u.i.k.n.KeyIO           Load declarations of de.uka.ilkd.key.nparser.KeyAst$File:  <unknown>:1#1 
118123     INFO  Test worker     d.u.i.k.n.KeyIO           MODE: declarations took 0 ms 
118123     DEBUG Test worker     d.u.i.k.n.KeyIO           MODE: 2nd degree decls took 0 
119484     INFO  Test worker     d.u.i.k.n.KeyIO           Parsing took 0 ms 
119484     DEBUG Test worker     d.u.i.k.n.KeyIO           Load declarations of de.uka.ilkd.key.nparser.KeyAst$File:  <unknown>:1#1 
119484     INFO  Test worker     d.u.i.k.n.KeyIO           MODE: declarations took 0 ms 
119484     DEBUG Test worker     d.u.i.k.n.KeyIO           MODE: 2nd degree decls took 0 
123877     INFO  Test worker     d.u.i.k.n.KeyIO           Parsing took 0 ms 
123877     DEBUG Test worker     d.u.i.k.n.KeyIO           Load declarations of de.uka.ilkd.key.nparser.KeyAst$File:  <unknown>:1#1 
123877     INFO  Test worker     d.u.i.k.n.KeyIO           MODE: declarations took 0 ms 
123877     DEBUG Test worker     d.u.i.k.n.KeyIO           MODE: 2nd degree decls took 0 
125237     INFO  Test worker     d.u.i.k.n.KeyIO           Parsing took 0 ms 
125237     DEBUG Test worker     d.u.i.k.n.KeyIO           Load declarations of de.uka.ilkd.key.nparser.KeyAst$File:  <unknown>:1#1 
125237     INFO  Test worker     d.u.i.k.n.KeyIO           MODE: declarations took 0 ms 
125237     DEBUG Test worker     d.u.i.k.n.KeyIO           MODE: 2nd degree decls took 0 
]]></system-out>
  <system-err><![CDATA[]]></system-err>
</testsuite>
