<?xml version="1.0" encoding="UTF-8"?>
<testsuite name="de.uka.ilkd.key.rule.loop.LoopScopeInvRuleTests" tests="1" skipped="0" failures="0" errors="0" timestamp="2023-06-09T10:53:14" hostname="fv-az553-785" time="6.814">
  <properties/>
  <testcase name="testDoAutomaticProofOfBenchmarkWithLabeledBreaksAndContinues()" classname="de.uka.ilkd.key.rule.loop.LoopScopeInvRuleTests" time="6.814"/>
  <system-out><![CDATA[669445     INFO  Test worker     d.u.i.k.p.i.AbstractProblemLoader Loading environment from src\test\resources\testcase\loopScopeInvRule\Test.key 
669445     DEBUG Test worker     d.u.i.k.p.i.AbstractProblemLoader Environment load took 178.4ns 
669445     INFO  Test worker     d.u.i.k.p.i.AbstractProblemLoader Creating init config 
669635     DEBUG Test worker     d.u.i.k.j.TypeConverter   No LDT found for Meta 
669635     DEBUG Test worker     d.u.i.k.j.TypeConverter   No LDT found for Meta 
669635     DEBUG Test worker     d.u.i.k.j.TypeConverter   No LDT found for Meta 
669635     DEBUG Test worker     d.u.i.k.j.TypeConverter   No LDT found for Meta 
670445     DEBUG Test worker     d.u.i.k.j.TypeConverter   No LDT found for JavaBigintExpression 
675448     DEBUG Test worker     d.u.i.k.p.i.AbstractProblemLoader Init config took 6s 
675495     INFO  Test worker     d.u.i.k.p.i.AbstractProblemLoader Replaying proof Test[Test::loopScopeRuleBenchmark(int,boolean)].JML normal_behavior operation contract.0 
675495     DEBUG Test worker     d.u.i.k.p.i.IntermediateProofReplayer Proof replay took 17.6ns 
]]></system-out>
  <system-err><![CDATA[]]></system-err>
</testsuite>
