<?xml version="1.0" encoding="UTF-8"?>
<testsuite name="de.uka.ilkd.key.parser.TestDeclParser" tests="14" skipped="2" failures="0" errors="0" timestamp="2023-06-09T10:47:18" hostname="fv-az553-785" time="16.283">
  <properties/>
  <testcase name="testGenericSortDecl1()" classname="de.uka.ilkd.key.parser.TestDeclParser" time="1.355"/>
  <testcase name="testGenericSortDecl2()" classname="de.uka.ilkd.key.parser.TestDeclParser" time="1.318"/>
  <testcase name="testGenericSortDecl3()" classname="de.uka.ilkd.key.parser.TestDeclParser" time="1.328"/>
  <testcase name="testGenericSortDecl4()" classname="de.uka.ilkd.key.parser.TestDeclParser" time="1.324"/>
  <testcase name="testGenericSortDecl5()" classname="de.uka.ilkd.key.parser.TestDeclParser" time="0.0">
    <skipped/>
  </testcase>
  <testcase name="testGenericSortDecl6()" classname="de.uka.ilkd.key.parser.TestDeclParser" time="1.346"/>
  <testcase name="testSortDecl()" classname="de.uka.ilkd.key.parser.TestDeclParser" time="1.325"/>
  <testcase name="testProxySortDecl()" classname="de.uka.ilkd.key.parser.TestDeclParser" time="1.361"/>
  <testcase name="testArrayDecl()" classname="de.uka.ilkd.key.parser.TestDeclParser" time="1.345"/>
  <testcase name="testAmbiguousDecls()" classname="de.uka.ilkd.key.parser.TestDeclParser" time="0.0">
    <skipped/>
  </testcase>
  <testcase name="testHeurDecl()" classname="de.uka.ilkd.key.parser.TestDeclParser" time="1.367"/>
  <testcase name="testFunctionDecl()" classname="de.uka.ilkd.key.parser.TestDeclParser" time="1.431"/>
  <testcase name="testPredicateDecl()" classname="de.uka.ilkd.key.parser.TestDeclParser" time="1.4"/>
  <testcase name="testSVDecl()" classname="de.uka.ilkd.key.parser.TestDeclParser" time="1.38"/>
  <system-out><![CDATA[314832     INFO  Test worker     d.u.i.k.n.KeyIO           Parsing took 0 ms 
314832     DEBUG Test worker     d.u.i.k.n.KeyIO           Load declarations of de.uka.ilkd.key.nparser.KeyAst$File:  <unknown>:1#1 
314832     INFO  Test worker     d.u.i.k.n.KeyIO           MODE: declarations took 0 ms 
314832     DEBUG Test worker     d.u.i.k.n.KeyIO           MODE: 2nd degree decls took 0 
314832     DEBUG Test worker     d.u.i.k.n.KeyIO           MODE: taclets took 0ms 
316161     INFO  Test worker     d.u.i.k.n.KeyIO           Parsing took 0 ms 
316161     DEBUG Test worker     d.u.i.k.n.KeyIO           Load declarations of de.uka.ilkd.key.nparser.KeyAst$File:  <unknown>:1#1 
316161     INFO  Test worker     d.u.i.k.n.KeyIO           MODE: declarations took 0 ms 
316161     DEBUG Test worker     d.u.i.k.n.KeyIO           MODE: 2nd degree decls took 0 
316161     DEBUG Test worker     d.u.i.k.n.KeyIO           MODE: taclets took 0ms 
317490     INFO  Test worker     d.u.i.k.n.KeyIO           Parsing took 0 ms 
317490     DEBUG Test worker     d.u.i.k.n.KeyIO           Load declarations of de.uka.ilkd.key.nparser.KeyAst$File:  <unknown>:1#1 
317490     INFO  Test worker     d.u.i.k.n.KeyIO           MODE: declarations took 0 ms 
317490     DEBUG Test worker     d.u.i.k.n.KeyIO           MODE: 2nd degree decls took 0 
317490     DEBUG Test worker     d.u.i.k.n.KeyIO           MODE: taclets took 0ms 
318803     INFO  Test worker     d.u.i.k.n.KeyIO           Parsing took 0 ms 
318803     DEBUG Test worker     d.u.i.k.n.KeyIO           Load declarations of de.uka.ilkd.key.nparser.KeyAst$File:  <unknown>:1#1 
318803     INFO  Test worker     d.u.i.k.n.KeyIO           MODE: declarations took 0 ms 
318803     DEBUG Test worker     d.u.i.k.n.KeyIO           MODE: 2nd degree decls took 0 
318803     DEBUG Test worker     d.u.i.k.n.KeyIO           MODE: taclets took 0ms 
320148     INFO  Test worker     d.u.i.k.n.KeyIO           Parsing took 0 ms 
320148     DEBUG Test worker     d.u.i.k.n.KeyIO           Load declarations of de.uka.ilkd.key.nparser.KeyAst$File:  <unknown>:1#1 
320148     INFO  Test worker     d.u.i.k.n.KeyIO           MODE: declarations took 0 ms 
320148     DEBUG Test worker     d.u.i.k.n.KeyIO           MODE: 2nd degree decls took 0 
320148     DEBUG Test worker     d.u.i.k.n.KeyIO           MODE: taclets took 0ms 
321476     INFO  Test worker     d.u.i.k.n.KeyIO           Parsing took 0 ms 
321476     DEBUG Test worker     d.u.i.k.n.KeyIO           Load declarations of de.uka.ilkd.key.nparser.KeyAst$File:  <unknown>:1#1 
321476     INFO  Test worker     d.u.i.k.n.KeyIO           MODE: declarations took 0 ms 
321476     DEBUG Test worker     d.u.i.k.n.KeyIO           MODE: 2nd degree decls took 0 
321476     DEBUG Test worker     d.u.i.k.n.KeyIO           MODE: taclets took 0ms 
322836     INFO  Test worker     d.u.i.k.n.KeyIO           Parsing took 0 ms 
322836     DEBUG Test worker     d.u.i.k.n.KeyIO           Load declarations of de.uka.ilkd.key.nparser.KeyAst$File:  <unknown>:1#1 
322836     INFO  Test worker     d.u.i.k.n.KeyIO           MODE: declarations took 0 ms 
322836     DEBUG Test worker     d.u.i.k.n.KeyIO           MODE: 2nd degree decls took 0 
322836     DEBUG Test worker     d.u.i.k.n.KeyIO           MODE: taclets took 0ms 
324181     INFO  Test worker     d.u.i.k.n.KeyIO           Parsing took 0 ms 
324181     DEBUG Test worker     d.u.i.k.n.KeyIO           Load declarations of de.uka.ilkd.key.nparser.KeyAst$File:  <unknown>:1#1 
324181     INFO  Test worker     d.u.i.k.n.KeyIO           MODE: declarations took 0 ms 
324181     DEBUG Test worker     d.u.i.k.n.KeyIO           MODE: 2nd degree decls took 0 
324181     DEBUG Test worker     d.u.i.k.n.KeyIO           MODE: taclets took 0ms 
325557     INFO  Test worker     d.u.i.k.n.KeyIO           Parsing took 0 ms 
325557     DEBUG Test worker     d.u.i.k.n.KeyIO           Load declarations of de.uka.ilkd.key.nparser.KeyAst$File:  <unknown>:1#1 
325557     INFO  Test worker     d.u.i.k.n.KeyIO           MODE: declarations took 0 ms 
325557     DEBUG Test worker     d.u.i.k.n.KeyIO           MODE: 2nd degree decls took 0 
325557     DEBUG Test worker     d.u.i.k.n.KeyIO           MODE: taclets took 0ms 
326964     INFO  Test worker     d.u.i.k.n.KeyIO           Parsing took 0 ms 
326964     DEBUG Test worker     d.u.i.k.n.KeyIO           Load declarations of de.uka.ilkd.key.nparser.KeyAst$File:  <unknown>:1#1 
326964     INFO  Test worker     d.u.i.k.n.KeyIO           MODE: declarations took 0 ms 
326964     DEBUG Test worker     d.u.i.k.n.KeyIO           MODE: 2nd degree decls took 0 
326980     DEBUG Test worker     d.u.i.k.n.KeyIO           MODE: taclets took 0ms 
328372     INFO  Test worker     d.u.i.k.n.KeyIO           Parsing took 0 ms 
328372     DEBUG Test worker     d.u.i.k.n.KeyIO           Load declarations of de.uka.ilkd.key.nparser.KeyAst$File:  <unknown>:1#1 
328372     INFO  Test worker     d.u.i.k.n.KeyIO           MODE: declarations took 0 ms 
328372     DEBUG Test worker     d.u.i.k.n.KeyIO           MODE: 2nd degree decls took 0 
328372     DEBUG Test worker     d.u.i.k.n.KeyIO           MODE: taclets took 0ms 
329748     INFO  Test worker     d.u.i.k.n.KeyIO           Parsing took 0 ms 
329748     DEBUG Test worker     d.u.i.k.n.KeyIO           Load declarations of de.uka.ilkd.key.nparser.KeyAst$File:  <unknown>:1#1 
329748     INFO  Test worker     d.u.i.k.n.KeyIO           MODE: declarations took 0 ms 
329748     DEBUG Test worker     d.u.i.k.n.KeyIO           MODE: 2nd degree decls took 0 
329748     DEBUG Test worker     d.u.i.k.n.KeyIO           MODE: taclets took 0ms 
]]></system-out>
  <system-err><![CDATA[]]></system-err>
</testsuite>
