<?xml version="1.0" encoding="UTF-8"?>
<testsuite name="de.uka.ilkd.key.parser.TestTermParserSorts" tests="2" skipped="0" failures="0" errors="0" timestamp="2023-06-09T10:52:30" hostname="fv-az553-785" time="4.556">
  <properties/>
  <testcase name="testParseIntegerArgs()" classname="de.uka.ilkd.key.parser.TestTermParserSorts" time="0.029"/>
  <testcase name="testParseSequencePrettySyntax()" classname="de.uka.ilkd.key.parser.TestTermParserSorts" time="0.006"/>
  <system-out><![CDATA[625931     INFO  Test worker     d.u.i.k.n.KeyIO           Parsing took 0 ms 
625931     DEBUG Test worker     d.u.i.k.n.KeyIO           Load declarations of de.uka.ilkd.key.nparser.KeyAst$File:  <unknown>:1#1 
625931     INFO  Test worker     d.u.i.k.n.KeyIO           MODE: declarations took 0 ms 
625931     DEBUG Test worker     d.u.i.k.n.KeyIO           MODE: 2nd degree decls took 0 
625931     INFO  Test worker     d.u.i.k.n.KeyIO           Parsing took 0 ms 
625931     DEBUG Test worker     d.u.i.k.n.KeyIO           Load declarations of de.uka.ilkd.key.nparser.KeyAst$File:  <unknown>:1#1 
625931     INFO  Test worker     d.u.i.k.n.KeyIO           MODE: declarations took 0 ms 
625931     DEBUG Test worker     d.u.i.k.n.KeyIO           MODE: 2nd degree decls took 0 
625931     INFO  Test worker     d.u.i.k.n.KeyIO           Parsing took 0 ms 
625931     DEBUG Test worker     d.u.i.k.n.KeyIO           Load declarations of de.uka.ilkd.key.nparser.KeyAst$File:  <unknown>:1#1 
625931     INFO  Test worker     d.u.i.k.n.KeyIO           MODE: declarations took 0 ms 
625931     DEBUG Test worker     d.u.i.k.n.KeyIO           MODE: 2nd degree decls took 0 
630481     INFO  Test worker     d.u.i.k.n.KeyIO           Parsing took 0 ms 
630481     DEBUG Test worker     d.u.i.k.n.KeyIO           Load declarations of de.uka.ilkd.key.nparser.KeyAst$File:  <unknown>:1#1 
630481     INFO  Test worker     d.u.i.k.n.KeyIO           MODE: declarations took 0 ms 
630481     DEBUG Test worker     d.u.i.k.n.KeyIO           MODE: 2nd degree decls took 0 
630481     INFO  Test worker     d.u.i.k.n.KeyIO           Parsing took 0 ms 
630481     DEBUG Test worker     d.u.i.k.n.KeyIO           Load declarations of de.uka.ilkd.key.nparser.KeyAst$File:  <unknown>:1#1 
630481     INFO  Test worker     d.u.i.k.n.KeyIO           MODE: declarations took 0 ms 
630481     DEBUG Test worker     d.u.i.k.n.KeyIO           MODE: 2nd degree decls took 0 
630481     INFO  Test worker     d.u.i.k.n.KeyIO           Parsing took 0 ms 
630481     DEBUG Test worker     d.u.i.k.n.KeyIO           Load declarations of de.uka.ilkd.key.nparser.KeyAst$File:  <unknown>:1#1 
630481     INFO  Test worker     d.u.i.k.n.KeyIO           MODE: declarations took 0 ms 
630481     DEBUG Test worker     d.u.i.k.n.KeyIO           MODE: 2nd degree decls took 0 
]]></system-out>
  <system-err><![CDATA[]]></system-err>
</testsuite>
