<?xml version="1.0" encoding="UTF-8"?>
<testsuite name="de.uka.ilkd.key.proof.TestOneStepSimplifier" tests="1" skipped="0" failures="0" errors="0" timestamp="2023-06-09T10:52:35" hostname="fv-az553-785" time="6.032">
  <properties/>
  <testcase name="loadWithRestriction()" classname="de.uka.ilkd.key.proof.TestOneStepSimplifier" time="6.032"/>
  <system-out><![CDATA[630559     INFO  Test worker     d.u.i.k.p.i.AbstractProblemLoader Loading environment from src\test\resources\testcase\ossRestriction.proof 
630559     DEBUG Test worker     d.u.i.k.p.i.AbstractProblemLoader Environment load took 189ns 
630559     INFO  Test worker     d.u.i.k.p.i.AbstractProblemLoader Creating init config 
630731     DEBUG Test worker     d.u.i.k.j.TypeConverter   No LDT found for Meta 
630731     DEBUG Test worker     d.u.i.k.j.TypeConverter   No LDT found for Meta 
630731     DEBUG Test worker     d.u.i.k.j.TypeConverter   No LDT found for Meta 
630731     DEBUG Test worker     d.u.i.k.j.TypeConverter   No LDT found for Meta 
631465     DEBUG Test worker     d.u.i.k.j.TypeConverter   No LDT found for JavaBigintExpression 
636548     DEBUG Test worker     d.u.i.k.p.i.AbstractProblemLoader Init config took 5.98s 
636579     INFO  Test worker     d.u.i.k.p.i.AbstractProblemLoader Replaying proof ossRestriction.proof 
636579     DEBUG Test worker     d.u.i.k.p.i.IntermediateProofReplayer Proof replay took 1.24ms 
]]></system-out>
  <system-err><![CDATA[]]></system-err>
</testsuite>
