<?xml version="1.0" encoding="UTF-8"?>
<testsuite name="de.uka.ilkd.key.parser.TestTermParserHeap" tests="39" skipped="0" failures="0" errors="0" timestamp="2023-06-09T10:49:40" hostname="fv-az553-785" time="165.648">
  <properties/>
  <testcase name="testBracketHeapUpdate()" classname="de.uka.ilkd.key.parser.TestTermParserHeap" time="0.031"/>
  <testcase name="testStore()" classname="de.uka.ilkd.key.parser.TestTermParserHeap" time="0.011"/>
  <testcase name="testUnknownConstant()" classname="de.uka.ilkd.key.parser.TestTermParserHeap" time="0.005"/>
  <testcase name="testAllFieldsSelector()" classname="de.uka.ilkd.key.parser.TestTermParserHeap" time="0.004"/>
  <testcase name="testParsePrettyPrintedSelect()" classname="de.uka.ilkd.key.parser.TestTermParserHeap" time="0.005"/>
  <testcase name="testAccessStaticMembers()" classname="de.uka.ilkd.key.parser.TestTermParserHeap" time="0.01"/>
  <testcase name="testAtOperator_1()" classname="de.uka.ilkd.key.parser.TestTermParserHeap" time="0.001"/>
  <testcase name="testAtOperator_2()" classname="de.uka.ilkd.key.parser.TestTermParserHeap" time="0.004"/>
  <testcase name="testAtOperator_3()" classname="de.uka.ilkd.key.parser.TestTermParserHeap" time="0.007"/>
  <testcase name="testAtOperator_4()" classname="de.uka.ilkd.key.parser.TestTermParserHeap" time="0.008"/>
  <testcase name="testAtOperator_5()" classname="de.uka.ilkd.key.parser.TestTermParserHeap" time="0.002"/>
  <testcase name="testAtOperator_6()" classname="de.uka.ilkd.key.parser.TestTermParserHeap" time="0.004"/>
  <testcase name="testAtOperator_7()" classname="de.uka.ilkd.key.parser.TestTermParserHeap" time="0.005"/>
  <testcase name="testAtOperator_8()" classname="de.uka.ilkd.key.parser.TestTermParserHeap" time="0.009"/>
  <testcase name="testVerifyExceptionIfAtOperatorNotPreceededBySelectTerm()" classname="de.uka.ilkd.key.parser.TestTermParserHeap" time="0.004"/>
  <testcase name="testBugResettingCounter()" classname="de.uka.ilkd.key.parser.TestTermParserHeap" time="0.005"/>
  <testcase name="testLocationSets()" classname="de.uka.ilkd.key.parser.TestTermParserHeap" time="0.006"/>
  <testcase name="testQuantifiedSelect()" classname="de.uka.ilkd.key.parser.TestTermParserHeap" time="0.005"/>
  <testcase name="testGenericObjectProperties()" classname="de.uka.ilkd.key.parser.TestTermParserHeap" time="0.005"/>
  <testcase name="testQueryInheritance_1()" classname="de.uka.ilkd.key.parser.TestTermParserHeap" time="0.004"/>
  <testcase name="testQueryInheritance_2()" classname="de.uka.ilkd.key.parser.TestTermParserHeap" time="0.002"/>
  <testcase name="testQueryInheritance_3()" classname="de.uka.ilkd.key.parser.TestTermParserHeap" time="0.003"/>
  <testcase name="testQueryInheritance_4()" classname="de.uka.ilkd.key.parser.TestTermParserHeap" time="0.003"/>
  <testcase name="testQueryInheritance_5()" classname="de.uka.ilkd.key.parser.TestTermParserHeap" time="0.003"/>
  <testcase name="testQueryInheritance_6()" classname="de.uka.ilkd.key.parser.TestTermParserHeap" time="0.004"/>
  <testcase name="testQueryInheritance_7()" classname="de.uka.ilkd.key.parser.TestTermParserHeap" time="0.004"/>
  <testcase name="testQueryInheritance_8()" classname="de.uka.ilkd.key.parser.TestTermParserHeap" time="0.004"/>
  <testcase name="testQueryInheritance_9()" classname="de.uka.ilkd.key.parser.TestTermParserHeap" time="0.003"/>
  <testcase name="testQueryBasic_10()" classname="de.uka.ilkd.key.parser.TestTermParserHeap" time="0.004"/>
  <testcase name="testQueryBasic_11()" classname="de.uka.ilkd.key.parser.TestTermParserHeap" time="0.005"/>
  <testcase name="testQueryBasic_1()" classname="de.uka.ilkd.key.parser.TestTermParserHeap" time="0.003"/>
  <testcase name="testQueryBasic_2()" classname="de.uka.ilkd.key.parser.TestTermParserHeap" time="0.004"/>
  <testcase name="testQueryBasic_3()" classname="de.uka.ilkd.key.parser.TestTermParserHeap" time="0.005"/>
  <testcase name="testQueryBasic_4()" classname="de.uka.ilkd.key.parser.TestTermParserHeap" time="0.005"/>
  <testcase name="testQueryBasic_5()" classname="de.uka.ilkd.key.parser.TestTermParserHeap" time="0.005"/>
  <testcase name="testQueryBasic_6()" classname="de.uka.ilkd.key.parser.TestTermParserHeap" time="0.003"/>
  <testcase name="testQueryBasic_7()" classname="de.uka.ilkd.key.parser.TestTermParserHeap" time="0.005"/>
  <testcase name="testQueryBasic_8()" classname="de.uka.ilkd.key.parser.TestTermParserHeap" time="0.002"/>
  <testcase name="testQueryBasic_9()" classname="de.uka.ilkd.key.parser.TestTermParserHeap" time="0.003"/>
  <system-out><![CDATA[455877     INFO  Test worker     d.u.i.k.n.KeyIO           Parsing took 0 ms 
455877     DEBUG Test worker     d.u.i.k.n.KeyIO           Load declarations of de.uka.ilkd.key.nparser.KeyAst$File:  <unknown>:1#1 
455877     INFO  Test worker     d.u.i.k.n.KeyIO           MODE: declarations took 0 ms 
455877     DEBUG Test worker     d.u.i.k.n.KeyIO           MODE: 2nd degree decls took 0 
455877     INFO  Test worker     d.u.i.k.n.KeyIO           Parsing took 0 ms 
455877     DEBUG Test worker     d.u.i.k.n.KeyIO           Load declarations of de.uka.ilkd.key.nparser.KeyAst$File:  <unknown>:1#1 
455877     INFO  Test worker     d.u.i.k.n.KeyIO           MODE: declarations took 0 ms 
455877     DEBUG Test worker     d.u.i.k.n.KeyIO           MODE: 2nd degree decls took 0 
455877     INFO  Test worker     d.u.i.k.n.KeyIO           Parsing took 0 ms 
455877     DEBUG Test worker     d.u.i.k.n.KeyIO           Load declarations of de.uka.ilkd.key.nparser.KeyAst$File:  <unknown>:1#1 
455877     INFO  Test worker     d.u.i.k.n.KeyIO           MODE: declarations took 0 ms 
455877     DEBUG Test worker     d.u.i.k.n.KeyIO           MODE: 2nd degree decls took 0 
455877     INFO  Test worker     d.u.i.k.n.KeyIO           Parsing took 0 ms 
455877     DEBUG Test worker     d.u.i.k.n.KeyIO           Load declarations of de.uka.ilkd.key.nparser.KeyAst$File:  <unknown>:1#1 
455877     INFO  Test worker     d.u.i.k.n.KeyIO           MODE: declarations took 0 ms 
455877     DEBUG Test worker     d.u.i.k.n.KeyIO           MODE: 2nd degree decls took 0 
455877     INFO  Test worker     d.u.i.k.n.KeyIO           Parsing took 0 ms 
455877     DEBUG Test worker     d.u.i.k.n.KeyIO           Load declarations of de.uka.ilkd.key.nparser.KeyAst$File:  <unknown>:1#1 
455877     INFO  Test worker     d.u.i.k.n.KeyIO           MODE: declarations took 0 ms 
455877     DEBUG Test worker     d.u.i.k.n.KeyIO           MODE: 2nd degree decls took 0 
460302     INFO  Test worker     d.u.i.k.n.KeyIO           Parsing took 0 ms 
460302     DEBUG Test worker     d.u.i.k.n.KeyIO           Load declarations of de.uka.ilkd.key.nparser.KeyAst$File:  <unknown>:1#1 
460302     INFO  Test worker     d.u.i.k.n.KeyIO           MODE: declarations took 0 ms 
460302     DEBUG Test worker     d.u.i.k.n.KeyIO           MODE: 2nd degree decls took 0 
460302     INFO  Test worker     d.u.i.k.n.KeyIO           Parsing took 0 ms 
460302     DEBUG Test worker     d.u.i.k.n.KeyIO           Load declarations of de.uka.ilkd.key.nparser.KeyAst$File:  <unknown>:1#1 
460302     INFO  Test worker     d.u.i.k.n.KeyIO           MODE: declarations took 0 ms 
460302     DEBUG Test worker     d.u.i.k.n.KeyIO           MODE: 2nd degree decls took 0 
460302     INFO  Test worker     d.u.i.k.n.KeyIO           Parsing took 0 ms 
460302     DEBUG Test worker     d.u.i.k.n.KeyIO           Load declarations of de.uka.ilkd.key.nparser.KeyAst$File:  <unknown>:1#1 
460302     INFO  Test worker     d.u.i.k.n.KeyIO           MODE: declarations took 0 ms 
460302     DEBUG Test worker     d.u.i.k.n.KeyIO           MODE: 2nd degree decls took 0 
460302     INFO  Test worker     d.u.i.k.n.KeyIO           Parsing took 0 ms 
460302     DEBUG Test worker     d.u.i.k.n.KeyIO           Load declarations of de.uka.ilkd.key.nparser.KeyAst$File:  <unknown>:1#1 
460302     INFO  Test worker     d.u.i.k.n.KeyIO           MODE: declarations took 0 ms 
460302     DEBUG Test worker     d.u.i.k.n.KeyIO           MODE: 2nd degree decls took 0 
460302     INFO  Test worker     d.u.i.k.n.KeyIO           Parsing took 0 ms 
460302     DEBUG Test worker     d.u.i.k.n.KeyIO           Load declarations of de.uka.ilkd.key.nparser.KeyAst$File:  <unknown>:1#1 
460302     INFO  Test worker     d.u.i.k.n.KeyIO           MODE: declarations took 0 ms 
460302     DEBUG Test worker     d.u.i.k.n.KeyIO           MODE: 2nd degree decls took 0 
464633     INFO  Test worker     d.u.i.k.n.KeyIO           Parsing took 0 ms 
464633     DEBUG Test worker     d.u.i.k.n.KeyIO           Load declarations of de.uka.ilkd.key.nparser.KeyAst$File:  <unknown>:1#1 
464633     INFO  Test worker     d.u.i.k.n.KeyIO           MODE: declarations took 0 ms 
464633     DEBUG Test worker     d.u.i.k.n.KeyIO           MODE: 2nd degree decls took 0 
464633     INFO  Test worker     d.u.i.k.n.KeyIO           Parsing took 0 ms 
464633     DEBUG Test worker     d.u.i.k.n.KeyIO           Load declarations of de.uka.ilkd.key.nparser.KeyAst$File:  <unknown>:1#1 
464633     INFO  Test worker     d.u.i.k.n.KeyIO           MODE: declarations took 0 ms 
464633     DEBUG Test worker     d.u.i.k.n.KeyIO           MODE: 2nd degree decls took 0 
464633     INFO  Test worker     d.u.i.k.n.KeyIO           Parsing took 0 ms 
464633     DEBUG Test worker     d.u.i.k.n.KeyIO           Load declarations of de.uka.ilkd.key.nparser.KeyAst$File:  <unknown>:1#1 
464633     INFO  Test worker     d.u.i.k.n.KeyIO           MODE: declarations took 0 ms 
464633     DEBUG Test worker     d.u.i.k.n.KeyIO           MODE: 2nd degree decls took 0 
464633     INFO  Test worker     d.u.i.k.n.KeyIO           Parsing took 0 ms 
464633     DEBUG Test worker     d.u.i.k.n.KeyIO           Load declarations of de.uka.ilkd.key.nparser.KeyAst$File:  <unknown>:1#1 
464633     INFO  Test worker     d.u.i.k.n.KeyIO           MODE: declarations took 0 ms 
464633     DEBUG Test worker     d.u.i.k.n.KeyIO           MODE: 2nd degree decls took 0 
464633     INFO  Test worker     d.u.i.k.n.KeyIO           Parsing took 0 ms 
464633     DEBUG Test worker     d.u.i.k.n.KeyIO           Load declarations of de.uka.ilkd.key.nparser.KeyAst$File:  <unknown>:1#1 
464633     INFO  Test worker     d.u.i.k.n.KeyIO           MODE: declarations took 0 ms 
464633     DEBUG Test worker     d.u.i.k.n.KeyIO           MODE: 2nd degree decls took 0 
464633     INFO  Test worker     d.u.i.k.n.KeyIO           Parsing took 0 ms 
464633     DEBUG Test worker     d.u.i.k.n.KeyIO           Load declarations of de.uka.ilkd.key.nparser.KeyAst$File:  <unknown>:1#1 
464633     INFO  Test worker     d.u.i.k.n.KeyIO           MODE: declarations took 0 ms 
464633     DEBUG Test worker     d.u.i.k.n.KeyIO           MODE: 2nd degree decls took 0 
468949     INFO  Test worker     d.u.i.k.n.KeyIO           Parsing took 0 ms 
468949     DEBUG Test worker     d.u.i.k.n.KeyIO           Load declarations of de.uka.ilkd.key.nparser.KeyAst$File:  <unknown>:1#1 
468949     INFO  Test worker     d.u.i.k.n.KeyIO           MODE: declarations took 0 ms 
468949     DEBUG Test worker     d.u.i.k.n.KeyIO           MODE: 2nd degree decls took 0 
468949     INFO  Test worker     d.u.i.k.n.KeyIO           Parsing took 0 ms 
468949     DEBUG Test worker     d.u.i.k.n.KeyIO           Load declarations of de.uka.ilkd.key.nparser.KeyAst$File:  <unknown>:1#1 
468949     INFO  Test worker     d.u.i.k.n.KeyIO           MODE: declarations took 0 ms 
468949     DEBUG Test worker     d.u.i.k.n.KeyIO           MODE: 2nd degree decls took 0 
468949     INFO  Test worker     d.u.i.k.n.KeyIO           Parsing took 0 ms 
468949     DEBUG Test worker     d.u.i.k.n.KeyIO           Load declarations of de.uka.ilkd.key.nparser.KeyAst$File:  <unknown>:1#1 
468949     INFO  Test worker     d.u.i.k.n.KeyIO           MODE: declarations took 0 ms 
468949     DEBUG Test worker     d.u.i.k.n.KeyIO           MODE: 2nd degree decls took 0 
468949     INFO  Test worker     d.u.i.k.n.KeyIO           Parsing took 0 ms 
468949     DEBUG Test worker     d.u.i.k.n.KeyIO           Load declarations of de.uka.ilkd.key.nparser.KeyAst$File:  <unknown>:1#1 
468949     INFO  Test worker     d.u.i.k.n.KeyIO           MODE: declarations took 0 ms 
468949     DEBUG Test worker     d.u.i.k.n.KeyIO           MODE: 2nd degree decls took 0 
468949     INFO  Test worker     d.u.i.k.n.KeyIO           Parsing took 0 ms 
468949     DEBUG Test worker     d.u.i.k.n.KeyIO           Load declarations of de.uka.ilkd.key.nparser.KeyAst$File:  <unknown>:1#1 
468949     INFO  Test worker     d.u.i.k.n.KeyIO           MODE: declarations took 0 ms 
468949     DEBUG Test worker     d.u.i.k.n.KeyIO           MODE: 2nd degree decls took 0 
473264     INFO  Test worker     d.u.i.k.n.KeyIO           Parsing took 0 ms 
473264     DEBUG Test worker     d.u.i.k.n.KeyIO           Load declarations of de.uka.ilkd.key.nparser.KeyAst$File:  <unknown>:1#1 
473264     INFO  Test worker     d.u.i.k.n.KeyIO           MODE: declarations took 0 ms 
473264     DEBUG Test worker     d.u.i.k.n.KeyIO           MODE: 2nd degree decls took 0 
473264     INFO  Test worker     d.u.i.k.n.KeyIO           Parsing took 0 ms 
473264     DEBUG Test worker     d.u.i.k.n.KeyIO           Load declarations of de.uka.ilkd.key.nparser.KeyAst$File:  <unknown>:1#1 
473264     INFO  Test worker     d.u.i.k.n.KeyIO           MODE: declarations took 0 ms 
473264     DEBUG Test worker     d.u.i.k.n.KeyIO           MODE: 2nd degree decls took 0 
473264     INFO  Test worker     d.u.i.k.n.KeyIO           Parsing took 0 ms 
473264     DEBUG Test worker     d.u.i.k.n.KeyIO           Load declarations of de.uka.ilkd.key.nparser.KeyAst$File:  <unknown>:1#1 
473264     INFO  Test worker     d.u.i.k.n.KeyIO           MODE: declarations took 0 ms 
473264     DEBUG Test worker     d.u.i.k.n.KeyIO           MODE: 2nd degree decls took 0 
473264     INFO  Test worker     d.u.i.k.n.KeyIO           Parsing took 0 ms 
473264     DEBUG Test worker     d.u.i.k.n.KeyIO           Load declarations of de.uka.ilkd.key.nparser.KeyAst$File:  <unknown>:1#1 
473264     INFO  Test worker     d.u.i.k.n.KeyIO           MODE: declarations took 0 ms 
473264     DEBUG Test worker     d.u.i.k.n.KeyIO           MODE: 2nd degree decls took 0 
473264     INFO  Test worker     d.u.i.k.n.KeyIO           Parsing took 0 ms 
473264     DEBUG Test worker     d.u.i.k.n.KeyIO           Load declarations of de.uka.ilkd.key.nparser.KeyAst$File:  <unknown>:1#1 
473264     INFO  Test worker     d.u.i.k.n.KeyIO           MODE: declarations took 0 ms 
473264     DEBUG Test worker     d.u.i.k.n.KeyIO           MODE: 2nd degree decls took 0 
477613     INFO  Test worker     d.u.i.k.n.KeyIO           Parsing took 0 ms 
477613     DEBUG Test worker     d.u.i.k.n.KeyIO           Load declarations of de.uka.ilkd.key.nparser.KeyAst$File:  <unknown>:1#1 
477613     INFO  Test worker     d.u.i.k.n.KeyIO           MODE: declarations took 0 ms 
477613     DEBUG Test worker     d.u.i.k.n.KeyIO           MODE: 2nd degree decls took 0 
477613     INFO  Test worker     d.u.i.k.n.KeyIO           Parsing took 0 ms 
477613     DEBUG Test worker     d.u.i.k.n.KeyIO           Load declarations of de.uka.ilkd.key.nparser.KeyAst$File:  <unknown>:1#1 
477613     INFO  Test worker     d.u.i.k.n.KeyIO           MODE: declarations took 0 ms 
477613     DEBUG Test worker     d.u.i.k.n.KeyIO           MODE: 2nd degree decls took 0 
477613     INFO  Test worker     d.u.i.k.n.KeyIO           Parsing took 0 ms 
477613     DEBUG Test worker     d.u.i.k.n.KeyIO           Load declarations of de.uka.ilkd.key.nparser.KeyAst$File:  <unknown>:1#1 
477613     INFO  Test worker     d.u.i.k.n.KeyIO           MODE: declarations took 0 ms 
477613     DEBUG Test worker     d.u.i.k.n.KeyIO           MODE: 2nd degree decls took 0 
477613     INFO  Test worker     d.u.i.k.n.KeyIO           Parsing took 0 ms 
477613     DEBUG Test worker     d.u.i.k.n.KeyIO           Load declarations of de.uka.ilkd.key.nparser.KeyAst$File:  <unknown>:1#1 
477613     INFO  Test worker     d.u.i.k.n.KeyIO           MODE: declarations took 0 ms 
477613     DEBUG Test worker     d.u.i.k.n.KeyIO           MODE: 2nd degree decls took 0 
477613     INFO  Test worker     d.u.i.k.n.KeyIO           Parsing took 0 ms 
477613     DEBUG Test worker     d.u.i.k.n.KeyIO           Load declarations of de.uka.ilkd.key.nparser.KeyAst$File:  <unknown>:1#1 
477613     INFO  Test worker     d.u.i.k.n.KeyIO           MODE: declarations took 0 ms 
477613     DEBUG Test worker     d.u.i.k.n.KeyIO           MODE: 2nd degree decls took 0 
481927     INFO  Test worker     d.u.i.k.n.KeyIO           Parsing took 0 ms 
481927     DEBUG Test worker     d.u.i.k.n.KeyIO           Load declarations of de.uka.ilkd.key.nparser.KeyAst$File:  <unknown>:1#1 
481927     INFO  Test worker     d.u.i.k.n.KeyIO           MODE: declarations took 0 ms 
481927     DEBUG Test worker     d.u.i.k.n.KeyIO           MODE: 2nd degree decls took 0 
481927     INFO  Test worker     d.u.i.k.n.KeyIO           Parsing took 0 ms 
481927     DEBUG Test worker     d.u.i.k.n.KeyIO           Load declarations of de.uka.ilkd.key.nparser.KeyAst$File:  <unknown>:1#1 
481927     INFO  Test worker     d.u.i.k.n.KeyIO           MODE: declarations took 0 ms 
481927     DEBUG Test worker     d.u.i.k.n.KeyIO           MODE: 2nd degree decls took 0 
481927     INFO  Test worker     d.u.i.k.n.KeyIO           Parsing took 0 ms 
481927     DEBUG Test worker     d.u.i.k.n.KeyIO           Load declarations of de.uka.ilkd.key.nparser.KeyAst$File:  <unknown>:1#1 
481927     INFO  Test worker     d.u.i.k.n.KeyIO           MODE: declarations took 0 ms 
481927     DEBUG Test worker     d.u.i.k.n.KeyIO           MODE: 2nd degree decls took 0 
481927     INFO  Test worker     d.u.i.k.n.KeyIO           Parsing took 0 ms 
481927     DEBUG Test worker     d.u.i.k.n.KeyIO           Load declarations of de.uka.ilkd.key.nparser.KeyAst$File:  <unknown>:1#1 
481927     INFO  Test worker     d.u.i.k.n.KeyIO           MODE: declarations took 0 ms 
481927     DEBUG Test worker     d.u.i.k.n.KeyIO           MODE: 2nd degree decls took 0 
481927     INFO  Test worker     d.u.i.k.n.KeyIO           Parsing took 0 ms 
481927     DEBUG Test worker     d.u.i.k.n.KeyIO           Load declarations of de.uka.ilkd.key.nparser.KeyAst$File:  <unknown>:1#1 
481927     INFO  Test worker     d.u.i.k.n.KeyIO           MODE: declarations took 0 ms 
481927     DEBUG Test worker     d.u.i.k.n.KeyIO           MODE: 2nd degree decls took 0 
486149     INFO  Test worker     d.u.i.k.n.KeyIO           Parsing took 0 ms 
486149     DEBUG Test worker     d.u.i.k.n.KeyIO           Load declarations of de.uka.ilkd.key.nparser.KeyAst$File:  <unknown>:1#1 
486149     INFO  Test worker     d.u.i.k.n.KeyIO           MODE: declarations took 0 ms 
486149     DEBUG Test worker     d.u.i.k.n.KeyIO           MODE: 2nd degree decls took 0 
486149     INFO  Test worker     d.u.i.k.n.KeyIO           Parsing took 0 ms 
486149     DEBUG Test worker     d.u.i.k.n.KeyIO           Load declarations of de.uka.ilkd.key.nparser.KeyAst$File:  <unknown>:1#1 
486149     INFO  Test worker     d.u.i.k.n.KeyIO           MODE: declarations took 0 ms 
486149     DEBUG Test worker     d.u.i.k.n.KeyIO           MODE: 2nd degree decls took 0 
486149     INFO  Test worker     d.u.i.k.n.KeyIO           Parsing took 0 ms 
486164     DEBUG Test worker     d.u.i.k.n.KeyIO           Load declarations of de.uka.ilkd.key.nparser.KeyAst$File:  <unknown>:1#1 
486164     INFO  Test worker     d.u.i.k.n.KeyIO           MODE: declarations took 0 ms 
486164     DEBUG Test worker     d.u.i.k.n.KeyIO           MODE: 2nd degree decls took 0 
486164     INFO  Test worker     d.u.i.k.n.KeyIO           Parsing took 0 ms 
486164     DEBUG Test worker     d.u.i.k.n.KeyIO           Load declarations of de.uka.ilkd.key.nparser.KeyAst$File:  <unknown>:1#1 
486164     INFO  Test worker     d.u.i.k.n.KeyIO           MODE: declarations took 0 ms 
486164     DEBUG Test worker     d.u.i.k.n.KeyIO           MODE: 2nd degree decls took 0 
486164     INFO  Test worker     d.u.i.k.n.KeyIO           Parsing took 0 ms 
486164     DEBUG Test worker     d.u.i.k.n.KeyIO           Load declarations of de.uka.ilkd.key.nparser.KeyAst$File:  <unknown>:1#1 
486164     INFO  Test worker     d.u.i.k.n.KeyIO           MODE: declarations took 0 ms 
486164     DEBUG Test worker     d.u.i.k.n.KeyIO           MODE: 2nd degree decls took 0 
490449     INFO  Test worker     d.u.i.k.n.KeyIO           Parsing took 0 ms 
490449     DEBUG Test worker     d.u.i.k.n.KeyIO           Load declarations of de.uka.ilkd.key.nparser.KeyAst$File:  <unknown>:1#1 
490449     INFO  Test worker     d.u.i.k.n.KeyIO           MODE: declarations took 0 ms 
490449     DEBUG Test worker     d.u.i.k.n.KeyIO           MODE: 2nd degree decls took 0 
490449     INFO  Test worker     d.u.i.k.n.KeyIO           Parsing took 0 ms 
490449     DEBUG Test worker     d.u.i.k.n.KeyIO           Load declarations of de.uka.ilkd.key.nparser.KeyAst$File:  <unknown>:1#1 
490449     INFO  Test worker     d.u.i.k.n.KeyIO           MODE: declarations took 0 ms 
490449     DEBUG Test worker     d.u.i.k.n.KeyIO           MODE: 2nd degree decls took 0 
490449     INFO  Test worker     d.u.i.k.n.KeyIO           Parsing took 0 ms 
490449     DEBUG Test worker     d.u.i.k.n.KeyIO           Load declarations of de.uka.ilkd.key.nparser.KeyAst$File:  <unknown>:1#1 
490449     INFO  Test worker     d.u.i.k.n.KeyIO           MODE: declarations took 0 ms 
490449     DEBUG Test worker     d.u.i.k.n.KeyIO           MODE: 2nd degree decls took 0 
490449     INFO  Test worker     d.u.i.k.n.KeyIO           Parsing took 0 ms 
490449     DEBUG Test worker     d.u.i.k.n.KeyIO           Load declarations of de.uka.ilkd.key.nparser.KeyAst$File:  <unknown>:1#1 
490449     INFO  Test worker     d.u.i.k.n.KeyIO           MODE: declarations took 0 ms 
490449     DEBUG Test worker     d.u.i.k.n.KeyIO           MODE: 2nd degree decls took 0 
490449     INFO  Test worker     d.u.i.k.n.KeyIO           Parsing took 0 ms 
490449     DEBUG Test worker     d.u.i.k.n.KeyIO           Load declarations of de.uka.ilkd.key.nparser.KeyAst$File:  <unknown>:1#1 
490449     INFO  Test worker     d.u.i.k.n.KeyIO           MODE: declarations took 0 ms 
490449     DEBUG Test worker     d.u.i.k.n.KeyIO           MODE: 2nd degree decls took 0 
494718     INFO  Test worker     d.u.i.k.n.KeyIO           Parsing took 0 ms 
494718     DEBUG Test worker     d.u.i.k.n.KeyIO           Load declarations of de.uka.ilkd.key.nparser.KeyAst$File:  <unknown>:1#1 
494718     INFO  Test worker     d.u.i.k.n.KeyIO           MODE: declarations took 0 ms 
494718     DEBUG Test worker     d.u.i.k.n.KeyIO           MODE: 2nd degree decls took 0 
494718     INFO  Test worker     d.u.i.k.n.KeyIO           Parsing took 0 ms 
494718     DEBUG Test worker     d.u.i.k.n.KeyIO           Load declarations of de.uka.ilkd.key.nparser.KeyAst$File:  <unknown>:1#1 
494718     INFO  Test worker     d.u.i.k.n.KeyIO           MODE: declarations took 0 ms 
494718     DEBUG Test worker     d.u.i.k.n.KeyIO           MODE: 2nd degree decls took 0 
494718     INFO  Test worker     d.u.i.k.n.KeyIO           Parsing took 0 ms 
494718     DEBUG Test worker     d.u.i.k.n.KeyIO           Load declarations of de.uka.ilkd.key.nparser.KeyAst$File:  <unknown>:1#1 
494718     INFO  Test worker     d.u.i.k.n.KeyIO           MODE: declarations took 0 ms 
494718     DEBUG Test worker     d.u.i.k.n.KeyIO           MODE: 2nd degree decls took 0 
494718     INFO  Test worker     d.u.i.k.n.KeyIO           Parsing took 0 ms 
494718     DEBUG Test worker     d.u.i.k.n.KeyIO           Load declarations of de.uka.ilkd.key.nparser.KeyAst$File:  <unknown>:1#1 
494718     INFO  Test worker     d.u.i.k.n.KeyIO           MODE: declarations took 0 ms 
494718     DEBUG Test worker     d.u.i.k.n.KeyIO           MODE: 2nd degree decls took 0 
494718     INFO  Test worker     d.u.i.k.n.KeyIO           Parsing took 0 ms 
494718     DEBUG Test worker     d.u.i.k.n.KeyIO           Load declarations of de.uka.ilkd.key.nparser.KeyAst$File:  <unknown>:1#1 
494718     INFO  Test worker     d.u.i.k.n.KeyIO           MODE: declarations took 0 ms 
494718     DEBUG Test worker     d.u.i.k.n.KeyIO           MODE: 2nd degree decls took 0 
499064     INFO  Test worker     d.u.i.k.n.KeyIO           Parsing took 0 ms 
499064     DEBUG Test worker     d.u.i.k.n.KeyIO           Load declarations of de.uka.ilkd.key.nparser.KeyAst$File:  <unknown>:1#1 
499064     INFO  Test worker     d.u.i.k.n.KeyIO           MODE: declarations took 0 ms 
499064     DEBUG Test worker     d.u.i.k.n.KeyIO           MODE: 2nd degree decls took 0 
499064     INFO  Test worker     d.u.i.k.n.KeyIO           Parsing took 0 ms 
499064     DEBUG Test worker     d.u.i.k.n.KeyIO           Load declarations of de.uka.ilkd.key.nparser.KeyAst$File:  <unknown>:1#1 
499064     INFO  Test worker     d.u.i.k.n.KeyIO           MODE: declarations took 0 ms 
499064     DEBUG Test worker     d.u.i.k.n.KeyIO           MODE: 2nd degree decls took 0 
499064     INFO  Test worker     d.u.i.k.n.KeyIO           Parsing took 0 ms 
499064     DEBUG Test worker     d.u.i.k.n.KeyIO           Load declarations of de.uka.ilkd.key.nparser.KeyAst$File:  <unknown>:1#1 
499064     INFO  Test worker     d.u.i.k.n.KeyIO           MODE: declarations took 0 ms 
499064     DEBUG Test worker     d.u.i.k.n.KeyIO           MODE: 2nd degree decls took 0 
499064     INFO  Test worker     d.u.i.k.n.KeyIO           Parsing took 0 ms 
499064     DEBUG Test worker     d.u.i.k.n.KeyIO           Load declarations of de.uka.ilkd.key.nparser.KeyAst$File:  <unknown>:1#1 
499064     INFO  Test worker     d.u.i.k.n.KeyIO           MODE: declarations took 0 ms 
499064     DEBUG Test worker     d.u.i.k.n.KeyIO           MODE: 2nd degree decls took 0 
499064     INFO  Test worker     d.u.i.k.n.KeyIO           Parsing took 0 ms 
499064     DEBUG Test worker     d.u.i.k.n.KeyIO           Load declarations of de.uka.ilkd.key.nparser.KeyAst$File:  <unknown>:1#1 
499064     INFO  Test worker     d.u.i.k.n.KeyIO           MODE: declarations took 0 ms 
499064     DEBUG Test worker     d.u.i.k.n.KeyIO           MODE: 2nd degree decls took 0 
503504     INFO  Test worker     d.u.i.k.n.KeyIO           Parsing took 0 ms 
503504     DEBUG Test worker     d.u.i.k.n.KeyIO           Load declarations of de.uka.ilkd.key.nparser.KeyAst$File:  <unknown>:1#1 
503504     INFO  Test worker     d.u.i.k.n.KeyIO           MODE: declarations took 0 ms 
503504     DEBUG Test worker     d.u.i.k.n.KeyIO           MODE: 2nd degree decls took 0 
503504     INFO  Test worker     d.u.i.k.n.KeyIO           Parsing took 0 ms 
503504     DEBUG Test worker     d.u.i.k.n.KeyIO           Load declarations of de.uka.ilkd.key.nparser.KeyAst$File:  <unknown>:1#1 
503504     INFO  Test worker     d.u.i.k.n.KeyIO           MODE: declarations took 0 ms 
503504     DEBUG Test worker     d.u.i.k.n.KeyIO           MODE: 2nd degree decls took 0 
503504     INFO  Test worker     d.u.i.k.n.KeyIO           Parsing took 0 ms 
503504     DEBUG Test worker     d.u.i.k.n.KeyIO           Load declarations of de.uka.ilkd.key.nparser.KeyAst$File:  <unknown>:1#1 
503504     INFO  Test worker     d.u.i.k.n.KeyIO           MODE: declarations took 0 ms 
503504     DEBUG Test worker     d.u.i.k.n.KeyIO           MODE: 2nd degree decls took 0 
503504     INFO  Test worker     d.u.i.k.n.KeyIO           Parsing took 0 ms 
503504     DEBUG Test worker     d.u.i.k.n.KeyIO           Load declarations of de.uka.ilkd.key.nparser.KeyAst$File:  <unknown>:1#1 
503504     INFO  Test worker     d.u.i.k.n.KeyIO           MODE: declarations took 0 ms 
503504     DEBUG Test worker     d.u.i.k.n.KeyIO           MODE: 2nd degree decls took 0 
503504     INFO  Test worker     d.u.i.k.n.KeyIO           Parsing took 0 ms 
503504     DEBUG Test worker     d.u.i.k.n.KeyIO           Load declarations of de.uka.ilkd.key.nparser.KeyAst$File:  <unknown>:1#1 
503504     INFO  Test worker     d.u.i.k.n.KeyIO           MODE: declarations took 0 ms 
503504     DEBUG Test worker     d.u.i.k.n.KeyIO           MODE: 2nd degree decls took 0 
507868     INFO  Test worker     d.u.i.k.n.KeyIO           Parsing took 0 ms 
507868     DEBUG Test worker     d.u.i.k.n.KeyIO           Load declarations of de.uka.ilkd.key.nparser.KeyAst$File:  <unknown>:1#1 
507868     INFO  Test worker     d.u.i.k.n.KeyIO           MODE: declarations took 0 ms 
507868     DEBUG Test worker     d.u.i.k.n.KeyIO           MODE: 2nd degree decls took 0 
507868     INFO  Test worker     d.u.i.k.n.KeyIO           Parsing took 0 ms 
507868     DEBUG Test worker     d.u.i.k.n.KeyIO           Load declarations of de.uka.ilkd.key.nparser.KeyAst$File:  <unknown>:1#1 
507868     INFO  Test worker     d.u.i.k.n.KeyIO           MODE: declarations took 0 ms 
507868     DEBUG Test worker     d.u.i.k.n.KeyIO           MODE: 2nd degree decls took 0 
507868     INFO  Test worker     d.u.i.k.n.KeyIO           Parsing took 0 ms 
507868     DEBUG Test worker     d.u.i.k.n.KeyIO           Load declarations of de.uka.ilkd.key.nparser.KeyAst$File:  <unknown>:1#1 
507868     INFO  Test worker     d.u.i.k.n.KeyIO           MODE: declarations took 0 ms 
507868     DEBUG Test worker     d.u.i.k.n.KeyIO           MODE: 2nd degree decls took 0 
507868     INFO  Test worker     d.u.i.k.n.KeyIO           Parsing took 0 ms 
507868     DEBUG Test worker     d.u.i.k.n.KeyIO           Load declarations of de.uka.ilkd.key.nparser.KeyAst$File:  <unknown>:1#1 
507868     INFO  Test worker     d.u.i.k.n.KeyIO           MODE: declarations took 0 ms 
507868     DEBUG Test worker     d.u.i.k.n.KeyIO           MODE: 2nd degree decls took 0 
507868     INFO  Test worker     d.u.i.k.n.KeyIO           Parsing took 0 ms 
507868     DEBUG Test worker     d.u.i.k.n.KeyIO           Load declarations of de.uka.ilkd.key.nparser.KeyAst$File:  <unknown>:1#1 
507868     INFO  Test worker     d.u.i.k.n.KeyIO           MODE: declarations took 0 ms 
507868     DEBUG Test worker     d.u.i.k.n.KeyIO           MODE: 2nd degree decls took 0 
512136     INFO  Test worker     d.u.i.k.n.KeyIO           Parsing took 0 ms 
512136     DEBUG Test worker     d.u.i.k.n.KeyIO           Load declarations of de.uka.ilkd.key.nparser.KeyAst$File:  <unknown>:1#1 
512152     INFO  Test worker     d.u.i.k.n.KeyIO           MODE: declarations took 16 ms 
512152     DEBUG Test worker     d.u.i.k.n.KeyIO           MODE: 2nd degree decls took 0 
512152     INFO  Test worker     d.u.i.k.n.KeyIO           Parsing took 0 ms 
512152     DEBUG Test worker     d.u.i.k.n.KeyIO           Load declarations of de.uka.ilkd.key.nparser.KeyAst$File:  <unknown>:1#1 
512152     INFO  Test worker     d.u.i.k.n.KeyIO           MODE: declarations took 0 ms 
512152     DEBUG Test worker     d.u.i.k.n.KeyIO           MODE: 2nd degree decls took 0 
512152     INFO  Test worker     d.u.i.k.n.KeyIO           Parsing took 0 ms 
512152     DEBUG Test worker     d.u.i.k.n.KeyIO           Load declarations of de.uka.ilkd.key.nparser.KeyAst$File:  <unknown>:1#1 
512152     INFO  Test worker     d.u.i.k.n.KeyIO           MODE: declarations took 0 ms 
512152     DEBUG Test worker     d.u.i.k.n.KeyIO           MODE: 2nd degree decls took 0 
512152     INFO  Test worker     d.u.i.k.n.KeyIO           Parsing took 0 ms 
512152     DEBUG Test worker     d.u.i.k.n.KeyIO           Load declarations of de.uka.ilkd.key.nparser.KeyAst$File:  <unknown>:1#1 
512152     INFO  Test worker     d.u.i.k.n.KeyIO           MODE: declarations took 0 ms 
512152     DEBUG Test worker     d.u.i.k.n.KeyIO           MODE: 2nd degree decls took 0 
512152     INFO  Test worker     d.u.i.k.n.KeyIO           Parsing took 0 ms 
512152     DEBUG Test worker     d.u.i.k.n.KeyIO           Load declarations of de.uka.ilkd.key.nparser.KeyAst$File:  <unknown>:1#1 
512152     INFO  Test worker     d.u.i.k.n.KeyIO           MODE: declarations took 0 ms 
512152     DEBUG Test worker     d.u.i.k.n.KeyIO           MODE: 2nd degree decls took 0 
516609     INFO  Test worker     d.u.i.k.n.KeyIO           Parsing took 0 ms 
516609     DEBUG Test worker     d.u.i.k.n.KeyIO           Load declarations of de.uka.ilkd.key.nparser.KeyAst$File:  <unknown>:1#1 
516609     INFO  Test worker     d.u.i.k.n.KeyIO           MODE: declarations took 0 ms 
516609     DEBUG Test worker     d.u.i.k.n.KeyIO           MODE: 2nd degree decls took 0 
516609     INFO  Test worker     d.u.i.k.n.KeyIO           Parsing took 0 ms 
516609     DEBUG Test worker     d.u.i.k.n.KeyIO           Load declarations of de.uka.ilkd.key.nparser.KeyAst$File:  <unknown>:1#1 
516609     INFO  Test worker     d.u.i.k.n.KeyIO           MODE: declarations took 0 ms 
516609     DEBUG Test worker     d.u.i.k.n.KeyIO           MODE: 2nd degree decls took 0 
516609     INFO  Test worker     d.u.i.k.n.KeyIO           Parsing took 0 ms 
516609     DEBUG Test worker     d.u.i.k.n.KeyIO           Load declarations of de.uka.ilkd.key.nparser.KeyAst$File:  <unknown>:1#1 
516609     INFO  Test worker     d.u.i.k.n.KeyIO           MODE: declarations took 0 ms 
516609     DEBUG Test worker     d.u.i.k.n.KeyIO           MODE: 2nd degree decls took 0 
516609     INFO  Test worker     d.u.i.k.n.KeyIO           Parsing took 0 ms 
516609     DEBUG Test worker     d.u.i.k.n.KeyIO           Load declarations of de.uka.ilkd.key.nparser.KeyAst$File:  <unknown>:1#1 
516609     INFO  Test worker     d.u.i.k.n.KeyIO           MODE: declarations took 0 ms 
516609     DEBUG Test worker     d.u.i.k.n.KeyIO           MODE: 2nd degree decls took 0 
516609     INFO  Test worker     d.u.i.k.n.KeyIO           Parsing took 0 ms 
516609     DEBUG Test worker     d.u.i.k.n.KeyIO           Load declarations of de.uka.ilkd.key.nparser.KeyAst$File:  <unknown>:1#1 
516609     INFO  Test worker     d.u.i.k.n.KeyIO           MODE: declarations took 0 ms 
516609     DEBUG Test worker     d.u.i.k.n.KeyIO           MODE: 2nd degree decls took 0 
516624     WARN  Test worker     d.u.i.k.n.KeYParser       [syntax-error] null:1:11: mismatched input '@' expecting {'/', ':=', '.', '(', ')', '{', '[', '@', PARALLEL, OR, AND, IMP, '=', NOT_EQUALS, '%', '*', '-', '+', '>', GREATEREQUAL, '<', LESSEQUAL, LGUILLEMETS, EQV} [@11,11:11='@',<153>,1:11] (termEOF) 
521050     INFO  Test worker     d.u.i.k.n.KeyIO           Parsing took 0 ms 
521050     DEBUG Test worker     d.u.i.k.n.KeyIO           Load declarations of de.uka.ilkd.key.nparser.KeyAst$File:  <unknown>:1#1 
521050     INFO  Test worker     d.u.i.k.n.KeyIO           MODE: declarations took 0 ms 
521050     DEBUG Test worker     d.u.i.k.n.KeyIO           MODE: 2nd degree decls took 0 
521050     INFO  Test worker     d.u.i.k.n.KeyIO           Parsing took 0 ms 
521050     DEBUG Test worker     d.u.i.k.n.KeyIO           Load declarations of de.uka.ilkd.key.nparser.KeyAst$File:  <unknown>:1#1 
521050     INFO  Test worker     d.u.i.k.n.KeyIO           MODE: declarations took 0 ms 
521050     DEBUG Test worker     d.u.i.k.n.KeyIO           MODE: 2nd degree decls took 0 
521050     INFO  Test worker     d.u.i.k.n.KeyIO           Parsing took 0 ms 
521050     DEBUG Test worker     d.u.i.k.n.KeyIO           Load declarations of de.uka.ilkd.key.nparser.KeyAst$File:  <unknown>:1#1 
521050     INFO  Test worker     d.u.i.k.n.KeyIO           MODE: declarations took 0 ms 
521050     DEBUG Test worker     d.u.i.k.n.KeyIO           MODE: 2nd degree decls took 0 
521050     INFO  Test worker     d.u.i.k.n.KeyIO           Parsing took 0 ms 
521050     DEBUG Test worker     d.u.i.k.n.KeyIO           Load declarations of de.uka.ilkd.key.nparser.KeyAst$File:  <unknown>:1#1 
521050     INFO  Test worker     d.u.i.k.n.KeyIO           MODE: declarations took 0 ms 
521050     DEBUG Test worker     d.u.i.k.n.KeyIO           MODE: 2nd degree decls took 0 
521050     INFO  Test worker     d.u.i.k.n.KeyIO           Parsing took 0 ms 
521050     DEBUG Test worker     d.u.i.k.n.KeyIO           Load declarations of de.uka.ilkd.key.nparser.KeyAst$File:  <unknown>:1#1 
521050     INFO  Test worker     d.u.i.k.n.KeyIO           MODE: declarations took 0 ms 
521050     DEBUG Test worker     d.u.i.k.n.KeyIO           MODE: 2nd degree decls took 0 
525381     INFO  Test worker     d.u.i.k.n.KeyIO           Parsing took 0 ms 
525381     DEBUG Test worker     d.u.i.k.n.KeyIO           Load declarations of de.uka.ilkd.key.nparser.KeyAst$File:  <unknown>:1#1 
525381     INFO  Test worker     d.u.i.k.n.KeyIO           MODE: declarations took 0 ms 
525381     DEBUG Test worker     d.u.i.k.n.KeyIO           MODE: 2nd degree decls took 0 
525381     INFO  Test worker     d.u.i.k.n.KeyIO           Parsing took 0 ms 
525381     DEBUG Test worker     d.u.i.k.n.KeyIO           Load declarations of de.uka.ilkd.key.nparser.KeyAst$File:  <unknown>:1#1 
525381     INFO  Test worker     d.u.i.k.n.KeyIO           MODE: declarations took 0 ms 
525381     DEBUG Test worker     d.u.i.k.n.KeyIO           MODE: 2nd degree decls took 0 
525381     INFO  Test worker     d.u.i.k.n.KeyIO           Parsing took 0 ms 
525381     DEBUG Test worker     d.u.i.k.n.KeyIO           Load declarations of de.uka.ilkd.key.nparser.KeyAst$File:  <unknown>:1#1 
525381     INFO  Test worker     d.u.i.k.n.KeyIO           MODE: declarations took 0 ms 
525381     DEBUG Test worker     d.u.i.k.n.KeyIO           MODE: 2nd degree decls took 0 
525381     INFO  Test worker     d.u.i.k.n.KeyIO           Parsing took 0 ms 
525381     DEBUG Test worker     d.u.i.k.n.KeyIO           Load declarations of de.uka.ilkd.key.nparser.KeyAst$File:  <unknown>:1#1 
525381     INFO  Test worker     d.u.i.k.n.KeyIO           MODE: declarations took 0 ms 
525381     DEBUG Test worker     d.u.i.k.n.KeyIO           MODE: 2nd degree decls took 0 
525381     INFO  Test worker     d.u.i.k.n.KeyIO           Parsing took 0 ms 
525381     DEBUG Test worker     d.u.i.k.n.KeyIO           Load declarations of de.uka.ilkd.key.nparser.KeyAst$File:  <unknown>:1#1 
525381     INFO  Test worker     d.u.i.k.n.KeyIO           MODE: declarations took 0 ms 
525381     DEBUG Test worker     d.u.i.k.n.KeyIO           MODE: 2nd degree decls took 0 
529649     INFO  Test worker     d.u.i.k.n.KeyIO           Parsing took 0 ms 
529649     DEBUG Test worker     d.u.i.k.n.KeyIO           Load declarations of de.uka.ilkd.key.nparser.KeyAst$File:  <unknown>:1#1 
529649     INFO  Test worker     d.u.i.k.n.KeyIO           MODE: declarations took 0 ms 
529649     DEBUG Test worker     d.u.i.k.n.KeyIO           MODE: 2nd degree decls took 0 
529649     INFO  Test worker     d.u.i.k.n.KeyIO           Parsing took 0 ms 
529649     DEBUG Test worker     d.u.i.k.n.KeyIO           Load declarations of de.uka.ilkd.key.nparser.KeyAst$File:  <unknown>:1#1 
529649     INFO  Test worker     d.u.i.k.n.KeyIO           MODE: declarations took 0 ms 
529649     DEBUG Test worker     d.u.i.k.n.KeyIO           MODE: 2nd degree decls took 0 
529649     INFO  Test worker     d.u.i.k.n.KeyIO           Parsing took 0 ms 
529649     DEBUG Test worker     d.u.i.k.n.KeyIO           Load declarations of de.uka.ilkd.key.nparser.KeyAst$File:  <unknown>:1#1 
529649     INFO  Test worker     d.u.i.k.n.KeyIO           MODE: declarations took 0 ms 
529649     DEBUG Test worker     d.u.i.k.n.KeyIO           MODE: 2nd degree decls took 0 
529649     INFO  Test worker     d.u.i.k.n.KeyIO           Parsing took 0 ms 
529649     DEBUG Test worker     d.u.i.k.n.KeyIO           Load declarations of de.uka.ilkd.key.nparser.KeyAst$File:  <unknown>:1#1 
529649     INFO  Test worker     d.u.i.k.n.KeyIO           MODE: declarations took 0 ms 
529649     DEBUG Test worker     d.u.i.k.n.KeyIO           MODE: 2nd degree decls took 0 
529649     INFO  Test worker     d.u.i.k.n.KeyIO           Parsing took 0 ms 
529649     DEBUG Test worker     d.u.i.k.n.KeyIO           Load declarations of de.uka.ilkd.key.nparser.KeyAst$File:  <unknown>:1#1 
529649     INFO  Test worker     d.u.i.k.n.KeyIO           MODE: declarations took 0 ms 
529649     DEBUG Test worker     d.u.i.k.n.KeyIO           MODE: 2nd degree decls took 0 
534027     INFO  Test worker     d.u.i.k.n.KeyIO           Parsing took 0 ms 
534027     DEBUG Test worker     d.u.i.k.n.KeyIO           Load declarations of de.uka.ilkd.key.nparser.KeyAst$File:  <unknown>:1#1 
534027     INFO  Test worker     d.u.i.k.n.KeyIO           MODE: declarations took 0 ms 
534027     DEBUG Test worker     d.u.i.k.n.KeyIO           MODE: 2nd degree decls took 0 
534027     INFO  Test worker     d.u.i.k.n.KeyIO           Parsing took 0 ms 
534027     DEBUG Test worker     d.u.i.k.n.KeyIO           Load declarations of de.uka.ilkd.key.nparser.KeyAst$File:  <unknown>:1#1 
534027     INFO  Test worker     d.u.i.k.n.KeyIO           MODE: declarations took 0 ms 
534027     DEBUG Test worker     d.u.i.k.n.KeyIO           MODE: 2nd degree decls took 0 
534027     INFO  Test worker     d.u.i.k.n.KeyIO           Parsing took 0 ms 
534027     DEBUG Test worker     d.u.i.k.n.KeyIO           Load declarations of de.uka.ilkd.key.nparser.KeyAst$File:  <unknown>:1#1 
534027     INFO  Test worker     d.u.i.k.n.KeyIO           MODE: declarations took 0 ms 
534027     DEBUG Test worker     d.u.i.k.n.KeyIO           MODE: 2nd degree decls took 0 
534027     INFO  Test worker     d.u.i.k.n.KeyIO           Parsing took 0 ms 
534027     DEBUG Test worker     d.u.i.k.n.KeyIO           Load declarations of de.uka.ilkd.key.nparser.KeyAst$File:  <unknown>:1#1 
534027     INFO  Test worker     d.u.i.k.n.KeyIO           MODE: declarations took 0 ms 
534027     DEBUG Test worker     d.u.i.k.n.KeyIO           MODE: 2nd degree decls took 0 
534027     INFO  Test worker     d.u.i.k.n.KeyIO           Parsing took 0 ms 
534027     DEBUG Test worker     d.u.i.k.n.KeyIO           Load declarations of de.uka.ilkd.key.nparser.KeyAst$File:  <unknown>:1#1 
534027     INFO  Test worker     d.u.i.k.n.KeyIO           MODE: declarations took 0 ms 
534027     DEBUG Test worker     d.u.i.k.n.KeyIO           MODE: 2nd degree decls took 0 
538468     INFO  Test worker     d.u.i.k.n.KeyIO           Parsing took 0 ms 
538468     DEBUG Test worker     d.u.i.k.n.KeyIO           Load declarations of de.uka.ilkd.key.nparser.KeyAst$File:  <unknown>:1#1 
538468     INFO  Test worker     d.u.i.k.n.KeyIO           MODE: declarations took 0 ms 
538468     DEBUG Test worker     d.u.i.k.n.KeyIO           MODE: 2nd degree decls took 0 
538468     INFO  Test worker     d.u.i.k.n.KeyIO           Parsing took 0 ms 
538468     DEBUG Test worker     d.u.i.k.n.KeyIO           Load declarations of de.uka.ilkd.key.nparser.KeyAst$File:  <unknown>:1#1 
538468     INFO  Test worker     d.u.i.k.n.KeyIO           MODE: declarations took 0 ms 
538468     DEBUG Test worker     d.u.i.k.n.KeyIO           MODE: 2nd degree decls took 0 
538468     INFO  Test worker     d.u.i.k.n.KeyIO           Parsing took 0 ms 
538468     DEBUG Test worker     d.u.i.k.n.KeyIO           Load declarations of de.uka.ilkd.key.nparser.KeyAst$File:  <unknown>:1#1 
538468     INFO  Test worker     d.u.i.k.n.KeyIO           MODE: declarations took 0 ms 
538468     DEBUG Test worker     d.u.i.k.n.KeyIO           MODE: 2nd degree decls took 0 
538468     INFO  Test worker     d.u.i.k.n.KeyIO           Parsing took 0 ms 
538468     DEBUG Test worker     d.u.i.k.n.KeyIO           Load declarations of de.uka.ilkd.key.nparser.KeyAst$File:  <unknown>:1#1 
538468     INFO  Test worker     d.u.i.k.n.KeyIO           MODE: declarations took 0 ms 
538468     DEBUG Test worker     d.u.i.k.n.KeyIO           MODE: 2nd degree decls took 0 
538468     INFO  Test worker     d.u.i.k.n.KeyIO           Parsing took 0 ms 
538468     DEBUG Test worker     d.u.i.k.n.KeyIO           Load declarations of de.uka.ilkd.key.nparser.KeyAst$File:  <unknown>:1#1 
538468     INFO  Test worker     d.u.i.k.n.KeyIO           MODE: declarations took 0 ms 
538468     DEBUG Test worker     d.u.i.k.n.KeyIO           MODE: 2nd degree decls took 0 
543018     INFO  Test worker     d.u.i.k.n.KeyIO           Parsing took 0 ms 
543018     DEBUG Test worker     d.u.i.k.n.KeyIO           Load declarations of de.uka.ilkd.key.nparser.KeyAst$File:  <unknown>:1#1 
543018     INFO  Test worker     d.u.i.k.n.KeyIO           MODE: declarations took 0 ms 
543018     DEBUG Test worker     d.u.i.k.n.KeyIO           MODE: 2nd degree decls took 0 
543018     INFO  Test worker     d.u.i.k.n.KeyIO           Parsing took 0 ms 
543018     DEBUG Test worker     d.u.i.k.n.KeyIO           Load declarations of de.uka.ilkd.key.nparser.KeyAst$File:  <unknown>:1#1 
543018     INFO  Test worker     d.u.i.k.n.KeyIO           MODE: declarations took 0 ms 
543018     DEBUG Test worker     d.u.i.k.n.KeyIO           MODE: 2nd degree decls took 0 
543018     INFO  Test worker     d.u.i.k.n.KeyIO           Parsing took 0 ms 
543018     DEBUG Test worker     d.u.i.k.n.KeyIO           Load declarations of de.uka.ilkd.key.nparser.KeyAst$File:  <unknown>:1#1 
543018     INFO  Test worker     d.u.i.k.n.KeyIO           MODE: declarations took 0 ms 
543018     DEBUG Test worker     d.u.i.k.n.KeyIO           MODE: 2nd degree decls took 0 
543018     INFO  Test worker     d.u.i.k.n.KeyIO           Parsing took 0 ms 
543018     DEBUG Test worker     d.u.i.k.n.KeyIO           Load declarations of de.uka.ilkd.key.nparser.KeyAst$File:  <unknown>:1#1 
543018     INFO  Test worker     d.u.i.k.n.KeyIO           MODE: declarations took 0 ms 
543018     DEBUG Test worker     d.u.i.k.n.KeyIO           MODE: 2nd degree decls took 0 
543018     INFO  Test worker     d.u.i.k.n.KeyIO           Parsing took 0 ms 
543018     DEBUG Test worker     d.u.i.k.n.KeyIO           Load declarations of de.uka.ilkd.key.nparser.KeyAst$File:  <unknown>:1#1 
543018     INFO  Test worker     d.u.i.k.n.KeyIO           MODE: declarations took 0 ms 
543018     DEBUG Test worker     d.u.i.k.n.KeyIO           MODE: 2nd degree decls took 0 
547788     INFO  Test worker     d.u.i.k.n.KeyIO           Parsing took 0 ms 
547788     DEBUG Test worker     d.u.i.k.n.KeyIO           Load declarations of de.uka.ilkd.key.nparser.KeyAst$File:  <unknown>:1#1 
547788     INFO  Test worker     d.u.i.k.n.KeyIO           MODE: declarations took 0 ms 
547788     DEBUG Test worker     d.u.i.k.n.KeyIO           MODE: 2nd degree decls took 0 
547803     INFO  Test worker     d.u.i.k.n.KeyIO           Parsing took 0 ms 
547803     DEBUG Test worker     d.u.i.k.n.KeyIO           Load declarations of de.uka.ilkd.key.nparser.KeyAst$File:  <unknown>:1#1 
547803     INFO  Test worker     d.u.i.k.n.KeyIO           MODE: declarations took 0 ms 
547803     DEBUG Test worker     d.u.i.k.n.KeyIO           MODE: 2nd degree decls took 0 
547803     INFO  Test worker     d.u.i.k.n.KeyIO           Parsing took 0 ms 
547803     DEBUG Test worker     d.u.i.k.n.KeyIO           Load declarations of de.uka.ilkd.key.nparser.KeyAst$File:  <unknown>:1#1 
547803     INFO  Test worker     d.u.i.k.n.KeyIO           MODE: declarations took 0 ms 
547803     DEBUG Test worker     d.u.i.k.n.KeyIO           MODE: 2nd degree decls took 0 
547803     INFO  Test worker     d.u.i.k.n.KeyIO           Parsing took 0 ms 
547803     DEBUG Test worker     d.u.i.k.n.KeyIO           Load declarations of de.uka.ilkd.key.nparser.KeyAst$File:  <unknown>:1#1 
547803     INFO  Test worker     d.u.i.k.n.KeyIO           MODE: declarations took 0 ms 
547803     DEBUG Test worker     d.u.i.k.n.KeyIO           MODE: 2nd degree decls took 0 
547803     INFO  Test worker     d.u.i.k.n.KeyIO           Parsing took 0 ms 
547803     DEBUG Test worker     d.u.i.k.n.KeyIO           Load declarations of de.uka.ilkd.key.nparser.KeyAst$File:  <unknown>:1#1 
547803     INFO  Test worker     d.u.i.k.n.KeyIO           MODE: declarations took 0 ms 
547803     DEBUG Test worker     d.u.i.k.n.KeyIO           MODE: 2nd degree decls took 0 
552180     INFO  Test worker     d.u.i.k.n.KeyIO           Parsing took 0 ms 
552180     DEBUG Test worker     d.u.i.k.n.KeyIO           Load declarations of de.uka.ilkd.key.nparser.KeyAst$File:  <unknown>:1#1 
552180     INFO  Test worker     d.u.i.k.n.KeyIO           MODE: declarations took 0 ms 
552180     DEBUG Test worker     d.u.i.k.n.KeyIO           MODE: 2nd degree decls took 0 
552180     INFO  Test worker     d.u.i.k.n.KeyIO           Parsing took 0 ms 
552180     DEBUG Test worker     d.u.i.k.n.KeyIO           Load declarations of de.uka.ilkd.key.nparser.KeyAst$File:  <unknown>:1#1 
552180     INFO  Test worker     d.u.i.k.n.KeyIO           MODE: declarations took 0 ms 
552180     DEBUG Test worker     d.u.i.k.n.KeyIO           MODE: 2nd degree decls took 0 
552180     INFO  Test worker     d.u.i.k.n.KeyIO           Parsing took 0 ms 
552180     DEBUG Test worker     d.u.i.k.n.KeyIO           Load declarations of de.uka.ilkd.key.nparser.KeyAst$File:  <unknown>:1#1 
552180     INFO  Test worker     d.u.i.k.n.KeyIO           MODE: declarations took 0 ms 
552180     DEBUG Test worker     d.u.i.k.n.KeyIO           MODE: 2nd degree decls took 0 
552180     INFO  Test worker     d.u.i.k.n.KeyIO           Parsing took 0 ms 
552180     DEBUG Test worker     d.u.i.k.n.KeyIO           Load declarations of de.uka.ilkd.key.nparser.KeyAst$File:  <unknown>:1#1 
552180     INFO  Test worker     d.u.i.k.n.KeyIO           MODE: declarations took 0 ms 
552180     DEBUG Test worker     d.u.i.k.n.KeyIO           MODE: 2nd degree decls took 0 
552180     INFO  Test worker     d.u.i.k.n.KeyIO           Parsing took 0 ms 
552180     DEBUG Test worker     d.u.i.k.n.KeyIO           Load declarations of de.uka.ilkd.key.nparser.KeyAst$File:  <unknown>:1#1 
552180     INFO  Test worker     d.u.i.k.n.KeyIO           MODE: declarations took 0 ms 
552180     DEBUG Test worker     d.u.i.k.n.KeyIO           MODE: 2nd degree decls took 0 
556574     INFO  Test worker     d.u.i.k.n.KeyIO           Parsing took 0 ms 
556574     DEBUG Test worker     d.u.i.k.n.KeyIO           Load declarations of de.uka.ilkd.key.nparser.KeyAst$File:  <unknown>:1#1 
556574     INFO  Test worker     d.u.i.k.n.KeyIO           MODE: declarations took 0 ms 
556574     DEBUG Test worker     d.u.i.k.n.KeyIO           MODE: 2nd degree decls took 0 
556574     INFO  Test worker     d.u.i.k.n.KeyIO           Parsing took 0 ms 
556574     DEBUG Test worker     d.u.i.k.n.KeyIO           Load declarations of de.uka.ilkd.key.nparser.KeyAst$File:  <unknown>:1#1 
556574     INFO  Test worker     d.u.i.k.n.KeyIO           MODE: declarations took 0 ms 
556574     DEBUG Test worker     d.u.i.k.n.KeyIO           MODE: 2nd degree decls took 0 
556574     INFO  Test worker     d.u.i.k.n.KeyIO           Parsing took 0 ms 
556574     DEBUG Test worker     d.u.i.k.n.KeyIO           Load declarations of de.uka.ilkd.key.nparser.KeyAst$File:  <unknown>:1#1 
556574     INFO  Test worker     d.u.i.k.n.KeyIO           MODE: declarations took 0 ms 
556574     DEBUG Test worker     d.u.i.k.n.KeyIO           MODE: 2nd degree decls took 0 
556574     INFO  Test worker     d.u.i.k.n.KeyIO           Parsing took 0 ms 
556574     DEBUG Test worker     d.u.i.k.n.KeyIO           Load declarations of de.uka.ilkd.key.nparser.KeyAst$File:  <unknown>:1#1 
556574     INFO  Test worker     d.u.i.k.n.KeyIO           MODE: declarations took 0 ms 
556574     DEBUG Test worker     d.u.i.k.n.KeyIO           MODE: 2nd degree decls took 0 
556574     INFO  Test worker     d.u.i.k.n.KeyIO           Parsing took 0 ms 
556574     DEBUG Test worker     d.u.i.k.n.KeyIO           Load declarations of de.uka.ilkd.key.nparser.KeyAst$File:  <unknown>:1#1 
556574     INFO  Test worker     d.u.i.k.n.KeyIO           MODE: declarations took 0 ms 
556574     DEBUG Test worker     d.u.i.k.n.KeyIO           MODE: 2nd degree decls took 0 
560953     INFO  Test worker     d.u.i.k.n.KeyIO           Parsing took 0 ms 
560953     DEBUG Test worker     d.u.i.k.n.KeyIO           Load declarations of de.uka.ilkd.key.nparser.KeyAst$File:  <unknown>:1#1 
560953     INFO  Test worker     d.u.i.k.n.KeyIO           MODE: declarations took 0 ms 
560953     DEBUG Test worker     d.u.i.k.n.KeyIO           MODE: 2nd degree decls took 0 
560953     INFO  Test worker     d.u.i.k.n.KeyIO           Parsing took 0 ms 
560953     DEBUG Test worker     d.u.i.k.n.KeyIO           Load declarations of de.uka.ilkd.key.nparser.KeyAst$File:  <unknown>:1#1 
560953     INFO  Test worker     d.u.i.k.n.KeyIO           MODE: declarations took 0 ms 
560953     DEBUG Test worker     d.u.i.k.n.KeyIO           MODE: 2nd degree decls took 0 
560953     INFO  Test worker     d.u.i.k.n.KeyIO           Parsing took 0 ms 
560953     DEBUG Test worker     d.u.i.k.n.KeyIO           Load declarations of de.uka.ilkd.key.nparser.KeyAst$File:  <unknown>:1#1 
560953     INFO  Test worker     d.u.i.k.n.KeyIO           MODE: declarations took 0 ms 
560953     DEBUG Test worker     d.u.i.k.n.KeyIO           MODE: 2nd degree decls took 0 
560953     INFO  Test worker     d.u.i.k.n.KeyIO           Parsing took 0 ms 
560953     DEBUG Test worker     d.u.i.k.n.KeyIO           Load declarations of de.uka.ilkd.key.nparser.KeyAst$File:  <unknown>:1#1 
560953     INFO  Test worker     d.u.i.k.n.KeyIO           MODE: declarations took 0 ms 
560953     DEBUG Test worker     d.u.i.k.n.KeyIO           MODE: 2nd degree decls took 0 
560953     INFO  Test worker     d.u.i.k.n.KeyIO           Parsing took 0 ms 
560953     DEBUG Test worker     d.u.i.k.n.KeyIO           Load declarations of de.uka.ilkd.key.nparser.KeyAst$File:  <unknown>:1#1 
560953     INFO  Test worker     d.u.i.k.n.KeyIO           MODE: declarations took 0 ms 
560953     DEBUG Test worker     d.u.i.k.n.KeyIO           MODE: 2nd degree decls took 0 
565284     INFO  Test worker     d.u.i.k.n.KeyIO           Parsing took 0 ms 
565284     DEBUG Test worker     d.u.i.k.n.KeyIO           Load declarations of de.uka.ilkd.key.nparser.KeyAst$File:  <unknown>:1#1 
565284     INFO  Test worker     d.u.i.k.n.KeyIO           MODE: declarations took 0 ms 
565284     DEBUG Test worker     d.u.i.k.n.KeyIO           MODE: 2nd degree decls took 0 
565284     INFO  Test worker     d.u.i.k.n.KeyIO           Parsing took 0 ms 
565284     DEBUG Test worker     d.u.i.k.n.KeyIO           Load declarations of de.uka.ilkd.key.nparser.KeyAst$File:  <unknown>:1#1 
565284     INFO  Test worker     d.u.i.k.n.KeyIO           MODE: declarations took 0 ms 
565284     DEBUG Test worker     d.u.i.k.n.KeyIO           MODE: 2nd degree decls took 0 
565284     INFO  Test worker     d.u.i.k.n.KeyIO           Parsing took 0 ms 
565284     DEBUG Test worker     d.u.i.k.n.KeyIO           Load declarations of de.uka.ilkd.key.nparser.KeyAst$File:  <unknown>:1#1 
565284     INFO  Test worker     d.u.i.k.n.KeyIO           MODE: declarations took 0 ms 
565284     DEBUG Test worker     d.u.i.k.n.KeyIO           MODE: 2nd degree decls took 0 
565284     INFO  Test worker     d.u.i.k.n.KeyIO           Parsing took 0 ms 
565284     DEBUG Test worker     d.u.i.k.n.KeyIO           Load declarations of de.uka.ilkd.key.nparser.KeyAst$File:  <unknown>:1#1 
565284     INFO  Test worker     d.u.i.k.n.KeyIO           MODE: declarations took 0 ms 
565284     DEBUG Test worker     d.u.i.k.n.KeyIO           MODE: 2nd degree decls took 0 
565284     INFO  Test worker     d.u.i.k.n.KeyIO           Parsing took 0 ms 
565284     DEBUG Test worker     d.u.i.k.n.KeyIO           Load declarations of de.uka.ilkd.key.nparser.KeyAst$File:  <unknown>:1#1 
565284     INFO  Test worker     d.u.i.k.n.KeyIO           MODE: declarations took 0 ms 
565284     DEBUG Test worker     d.u.i.k.n.KeyIO           MODE: 2nd degree decls took 0 
569867     INFO  Test worker     d.u.i.k.n.KeyIO           Parsing took 0 ms 
569867     DEBUG Test worker     d.u.i.k.n.KeyIO           Load declarations of de.uka.ilkd.key.nparser.KeyAst$File:  <unknown>:1#1 
569867     INFO  Test worker     d.u.i.k.n.KeyIO           MODE: declarations took 0 ms 
569867     DEBUG Test worker     d.u.i.k.n.KeyIO           MODE: 2nd degree decls took 0 
569867     INFO  Test worker     d.u.i.k.n.KeyIO           Parsing took 0 ms 
569867     DEBUG Test worker     d.u.i.k.n.KeyIO           Load declarations of de.uka.ilkd.key.nparser.KeyAst$File:  <unknown>:1#1 
569867     INFO  Test worker     d.u.i.k.n.KeyIO           MODE: declarations took 0 ms 
569867     DEBUG Test worker     d.u.i.k.n.KeyIO           MODE: 2nd degree decls took 0 
569867     INFO  Test worker     d.u.i.k.n.KeyIO           Parsing took 0 ms 
569867     DEBUG Test worker     d.u.i.k.n.KeyIO           Load declarations of de.uka.ilkd.key.nparser.KeyAst$File:  <unknown>:1#1 
569867     INFO  Test worker     d.u.i.k.n.KeyIO           MODE: declarations took 0 ms 
569867     DEBUG Test worker     d.u.i.k.n.KeyIO           MODE: 2nd degree decls took 0 
569867     INFO  Test worker     d.u.i.k.n.KeyIO           Parsing took 0 ms 
569867     DEBUG Test worker     d.u.i.k.n.KeyIO           Load declarations of de.uka.ilkd.key.nparser.KeyAst$File:  <unknown>:1#1 
569867     INFO  Test worker     d.u.i.k.n.KeyIO           MODE: declarations took 0 ms 
569867     DEBUG Test worker     d.u.i.k.n.KeyIO           MODE: 2nd degree decls took 0 
569867     INFO  Test worker     d.u.i.k.n.KeyIO           Parsing took 0 ms 
569867     DEBUG Test worker     d.u.i.k.n.KeyIO           Load declarations of de.uka.ilkd.key.nparser.KeyAst$File:  <unknown>:1#1 
569867     INFO  Test worker     d.u.i.k.n.KeyIO           MODE: declarations took 0 ms 
569867     DEBUG Test worker     d.u.i.k.n.KeyIO           MODE: 2nd degree decls took 0 
574103     INFO  Test worker     d.u.i.k.n.KeyIO           Parsing took 0 ms 
574103     DEBUG Test worker     d.u.i.k.n.KeyIO           Load declarations of de.uka.ilkd.key.nparser.KeyAst$File:  <unknown>:1#1 
574103     INFO  Test worker     d.u.i.k.n.KeyIO           MODE: declarations took 0 ms 
574103     DEBUG Test worker     d.u.i.k.n.KeyIO           MODE: 2nd degree decls took 0 
574103     INFO  Test worker     d.u.i.k.n.KeyIO           Parsing took 0 ms 
574103     DEBUG Test worker     d.u.i.k.n.KeyIO           Load declarations of de.uka.ilkd.key.nparser.KeyAst$File:  <unknown>:1#1 
574103     INFO  Test worker     d.u.i.k.n.KeyIO           MODE: declarations took 0 ms 
574103     DEBUG Test worker     d.u.i.k.n.KeyIO           MODE: 2nd degree decls took 0 
574103     INFO  Test worker     d.u.i.k.n.KeyIO           Parsing took 0 ms 
574103     DEBUG Test worker     d.u.i.k.n.KeyIO           Load declarations of de.uka.ilkd.key.nparser.KeyAst$File:  <unknown>:1#1 
574103     INFO  Test worker     d.u.i.k.n.KeyIO           MODE: declarations took 0 ms 
574103     DEBUG Test worker     d.u.i.k.n.KeyIO           MODE: 2nd degree decls took 0 
574103     INFO  Test worker     d.u.i.k.n.KeyIO           Parsing took 0 ms 
574103     DEBUG Test worker     d.u.i.k.n.KeyIO           Load declarations of de.uka.ilkd.key.nparser.KeyAst$File:  <unknown>:1#1 
574103     INFO  Test worker     d.u.i.k.n.KeyIO           MODE: declarations took 0 ms 
574103     DEBUG Test worker     d.u.i.k.n.KeyIO           MODE: 2nd degree decls took 0 
574103     INFO  Test worker     d.u.i.k.n.KeyIO           Parsing took 0 ms 
574103     DEBUG Test worker     d.u.i.k.n.KeyIO           Load declarations of de.uka.ilkd.key.nparser.KeyAst$File:  <unknown>:1#1 
574103     INFO  Test worker     d.u.i.k.n.KeyIO           MODE: declarations took 0 ms 
574103     DEBUG Test worker     d.u.i.k.n.KeyIO           MODE: 2nd degree decls took 0 
578403     INFO  Test worker     d.u.i.k.n.KeyIO           Parsing took 0 ms 
578403     DEBUG Test worker     d.u.i.k.n.KeyIO           Load declarations of de.uka.ilkd.key.nparser.KeyAst$File:  <unknown>:1#1 
578403     INFO  Test worker     d.u.i.k.n.KeyIO           MODE: declarations took 0 ms 
578403     DEBUG Test worker     d.u.i.k.n.KeyIO           MODE: 2nd degree decls took 0 
578403     INFO  Test worker     d.u.i.k.n.KeyIO           Parsing took 0 ms 
578403     DEBUG Test worker     d.u.i.k.n.KeyIO           Load declarations of de.uka.ilkd.key.nparser.KeyAst$File:  <unknown>:1#1 
578403     INFO  Test worker     d.u.i.k.n.KeyIO           MODE: declarations took 0 ms 
578403     DEBUG Test worker     d.u.i.k.n.KeyIO           MODE: 2nd degree decls took 0 
578403     INFO  Test worker     d.u.i.k.n.KeyIO           Parsing took 0 ms 
578403     DEBUG Test worker     d.u.i.k.n.KeyIO           Load declarations of de.uka.ilkd.key.nparser.KeyAst$File:  <unknown>:1#1 
578403     INFO  Test worker     d.u.i.k.n.KeyIO           MODE: declarations took 0 ms 
578403     DEBUG Test worker     d.u.i.k.n.KeyIO           MODE: 2nd degree decls took 0 
578403     INFO  Test worker     d.u.i.k.n.KeyIO           Parsing took 0 ms 
578403     DEBUG Test worker     d.u.i.k.n.KeyIO           Load declarations of de.uka.ilkd.key.nparser.KeyAst$File:  <unknown>:1#1 
578403     INFO  Test worker     d.u.i.k.n.KeyIO           MODE: declarations took 0 ms 
578403     DEBUG Test worker     d.u.i.k.n.KeyIO           MODE: 2nd degree decls took 0 
578418     INFO  Test worker     d.u.i.k.n.KeyIO           Parsing took 15 ms 
578418     DEBUG Test worker     d.u.i.k.n.KeyIO           Load declarations of de.uka.ilkd.key.nparser.KeyAst$File:  <unknown>:1#1 
578418     INFO  Test worker     d.u.i.k.n.KeyIO           MODE: declarations took 0 ms 
578418     DEBUG Test worker     d.u.i.k.n.KeyIO           MODE: 2nd degree decls took 0 
582624     INFO  Test worker     d.u.i.k.n.KeyIO           Parsing took 0 ms 
582624     DEBUG Test worker     d.u.i.k.n.KeyIO           Load declarations of de.uka.ilkd.key.nparser.KeyAst$File:  <unknown>:1#1 
582624     INFO  Test worker     d.u.i.k.n.KeyIO           MODE: declarations took 0 ms 
582624     DEBUG Test worker     d.u.i.k.n.KeyIO           MODE: 2nd degree decls took 0 
582624     INFO  Test worker     d.u.i.k.n.KeyIO           Parsing took 0 ms 
582624     DEBUG Test worker     d.u.i.k.n.KeyIO           Load declarations of de.uka.ilkd.key.nparser.KeyAst$File:  <unknown>:1#1 
582624     INFO  Test worker     d.u.i.k.n.KeyIO           MODE: declarations took 0 ms 
582624     DEBUG Test worker     d.u.i.k.n.KeyIO           MODE: 2nd degree decls took 0 
582624     INFO  Test worker     d.u.i.k.n.KeyIO           Parsing took 0 ms 
582624     DEBUG Test worker     d.u.i.k.n.KeyIO           Load declarations of de.uka.ilkd.key.nparser.KeyAst$File:  <unknown>:1#1 
582624     INFO  Test worker     d.u.i.k.n.KeyIO           MODE: declarations took 0 ms 
582624     DEBUG Test worker     d.u.i.k.n.KeyIO           MODE: 2nd degree decls took 0 
582624     INFO  Test worker     d.u.i.k.n.KeyIO           Parsing took 0 ms 
582624     DEBUG Test worker     d.u.i.k.n.KeyIO           Load declarations of de.uka.ilkd.key.nparser.KeyAst$File:  <unknown>:1#1 
582624     INFO  Test worker     d.u.i.k.n.KeyIO           MODE: declarations took 0 ms 
582624     DEBUG Test worker     d.u.i.k.n.KeyIO           MODE: 2nd degree decls took 0 
582624     INFO  Test worker     d.u.i.k.n.KeyIO           Parsing took 0 ms 
582624     DEBUG Test worker     d.u.i.k.n.KeyIO           Load declarations of de.uka.ilkd.key.nparser.KeyAst$File:  <unknown>:1#1 
582624     INFO  Test worker     d.u.i.k.n.KeyIO           MODE: declarations took 0 ms 
582624     DEBUG Test worker     d.u.i.k.n.KeyIO           MODE: 2nd degree decls took 0 
586845     INFO  Test worker     d.u.i.k.n.KeyIO           Parsing took 0 ms 
586845     DEBUG Test worker     d.u.i.k.n.KeyIO           Load declarations of de.uka.ilkd.key.nparser.KeyAst$File:  <unknown>:1#1 
586845     INFO  Test worker     d.u.i.k.n.KeyIO           MODE: declarations took 0 ms 
586845     DEBUG Test worker     d.u.i.k.n.KeyIO           MODE: 2nd degree decls took 0 
586845     INFO  Test worker     d.u.i.k.n.KeyIO           Parsing took 0 ms 
586845     DEBUG Test worker     d.u.i.k.n.KeyIO           Load declarations of de.uka.ilkd.key.nparser.KeyAst$File:  <unknown>:1#1 
586845     INFO  Test worker     d.u.i.k.n.KeyIO           MODE: declarations took 0 ms 
586845     DEBUG Test worker     d.u.i.k.n.KeyIO           MODE: 2nd degree decls took 0 
586845     INFO  Test worker     d.u.i.k.n.KeyIO           Parsing took 0 ms 
586845     DEBUG Test worker     d.u.i.k.n.KeyIO           Load declarations of de.uka.ilkd.key.nparser.KeyAst$File:  <unknown>:1#1 
586845     INFO  Test worker     d.u.i.k.n.KeyIO           MODE: declarations took 0 ms 
586845     DEBUG Test worker     d.u.i.k.n.KeyIO           MODE: 2nd degree decls took 0 
586845     INFO  Test worker     d.u.i.k.n.KeyIO           Parsing took 0 ms 
586845     DEBUG Test worker     d.u.i.k.n.KeyIO           Load declarations of de.uka.ilkd.key.nparser.KeyAst$File:  <unknown>:1#1 
586845     INFO  Test worker     d.u.i.k.n.KeyIO           MODE: declarations took 0 ms 
586845     DEBUG Test worker     d.u.i.k.n.KeyIO           MODE: 2nd degree decls took 0 
586845     INFO  Test worker     d.u.i.k.n.KeyIO           Parsing took 0 ms 
586845     DEBUG Test worker     d.u.i.k.n.KeyIO           Load declarations of de.uka.ilkd.key.nparser.KeyAst$File:  <unknown>:1#1 
586845     INFO  Test worker     d.u.i.k.n.KeyIO           MODE: declarations took 0 ms 
586845     DEBUG Test worker     d.u.i.k.n.KeyIO           MODE: 2nd degree decls took 0 
591129     INFO  Test worker     d.u.i.k.n.KeyIO           Parsing took 0 ms 
591129     DEBUG Test worker     d.u.i.k.n.KeyIO           Load declarations of de.uka.ilkd.key.nparser.KeyAst$File:  <unknown>:1#1 
591129     INFO  Test worker     d.u.i.k.n.KeyIO           MODE: declarations took 0 ms 
591129     DEBUG Test worker     d.u.i.k.n.KeyIO           MODE: 2nd degree decls took 0 
591129     INFO  Test worker     d.u.i.k.n.KeyIO           Parsing took 0 ms 
591129     DEBUG Test worker     d.u.i.k.n.KeyIO           Load declarations of de.uka.ilkd.key.nparser.KeyAst$File:  <unknown>:1#1 
591129     INFO  Test worker     d.u.i.k.n.KeyIO           MODE: declarations took 0 ms 
591129     DEBUG Test worker     d.u.i.k.n.KeyIO           MODE: 2nd degree decls took 0 
591129     INFO  Test worker     d.u.i.k.n.KeyIO           Parsing took 0 ms 
591129     DEBUG Test worker     d.u.i.k.n.KeyIO           Load declarations of de.uka.ilkd.key.nparser.KeyAst$File:  <unknown>:1#1 
591129     INFO  Test worker     d.u.i.k.n.KeyIO           MODE: declarations took 0 ms 
591129     DEBUG Test worker     d.u.i.k.n.KeyIO           MODE: 2nd degree decls took 0 
591129     INFO  Test worker     d.u.i.k.n.KeyIO           Parsing took 0 ms 
591129     DEBUG Test worker     d.u.i.k.n.KeyIO           Load declarations of de.uka.ilkd.key.nparser.KeyAst$File:  <unknown>:1#1 
591129     INFO  Test worker     d.u.i.k.n.KeyIO           MODE: declarations took 0 ms 
591129     DEBUG Test worker     d.u.i.k.n.KeyIO           MODE: 2nd degree decls took 0 
591129     INFO  Test worker     d.u.i.k.n.KeyIO           Parsing took 0 ms 
591129     DEBUG Test worker     d.u.i.k.n.KeyIO           Load declarations of de.uka.ilkd.key.nparser.KeyAst$File:  <unknown>:1#1 
591129     INFO  Test worker     d.u.i.k.n.KeyIO           MODE: declarations took 0 ms 
591129     DEBUG Test worker     d.u.i.k.n.KeyIO           MODE: 2nd degree decls took 0 
595413     INFO  Test worker     d.u.i.k.n.KeyIO           Parsing took 0 ms 
595413     DEBUG Test worker     d.u.i.k.n.KeyIO           Load declarations of de.uka.ilkd.key.nparser.KeyAst$File:  <unknown>:1#1 
595413     INFO  Test worker     d.u.i.k.n.KeyIO           MODE: declarations took 0 ms 
595413     DEBUG Test worker     d.u.i.k.n.KeyIO           MODE: 2nd degree decls took 0 
595413     INFO  Test worker     d.u.i.k.n.KeyIO           Parsing took 0 ms 
595413     DEBUG Test worker     d.u.i.k.n.KeyIO           Load declarations of de.uka.ilkd.key.nparser.KeyAst$File:  <unknown>:1#1 
595413     INFO  Test worker     d.u.i.k.n.KeyIO           MODE: declarations took 0 ms 
595413     DEBUG Test worker     d.u.i.k.n.KeyIO           MODE: 2nd degree decls took 0 
595413     INFO  Test worker     d.u.i.k.n.KeyIO           Parsing took 0 ms 
595413     DEBUG Test worker     d.u.i.k.n.KeyIO           Load declarations of de.uka.ilkd.key.nparser.KeyAst$File:  <unknown>:1#1 
595413     INFO  Test worker     d.u.i.k.n.KeyIO           MODE: declarations took 0 ms 
595413     DEBUG Test worker     d.u.i.k.n.KeyIO           MODE: 2nd degree decls took 0 
595413     INFO  Test worker     d.u.i.k.n.KeyIO           Parsing took 0 ms 
595413     DEBUG Test worker     d.u.i.k.n.KeyIO           Load declarations of de.uka.ilkd.key.nparser.KeyAst$File:  <unknown>:1#1 
595413     INFO  Test worker     d.u.i.k.n.KeyIO           MODE: declarations took 0 ms 
595413     DEBUG Test worker     d.u.i.k.n.KeyIO           MODE: 2nd degree decls took 0 
595413     INFO  Test worker     d.u.i.k.n.KeyIO           Parsing took 0 ms 
595413     DEBUG Test worker     d.u.i.k.n.KeyIO           Load declarations of de.uka.ilkd.key.nparser.KeyAst$File:  <unknown>:1#1 
595413     INFO  Test worker     d.u.i.k.n.KeyIO           MODE: declarations took 0 ms 
595413     DEBUG Test worker     d.u.i.k.n.KeyIO           MODE: 2nd degree decls took 0 
599714     INFO  Test worker     d.u.i.k.n.KeyIO           Parsing took 0 ms 
599714     DEBUG Test worker     d.u.i.k.n.KeyIO           Load declarations of de.uka.ilkd.key.nparser.KeyAst$File:  <unknown>:1#1 
599714     INFO  Test worker     d.u.i.k.n.KeyIO           MODE: declarations took 0 ms 
599714     DEBUG Test worker     d.u.i.k.n.KeyIO           MODE: 2nd degree decls took 0 
599714     INFO  Test worker     d.u.i.k.n.KeyIO           Parsing took 0 ms 
599714     DEBUG Test worker     d.u.i.k.n.KeyIO           Load declarations of de.uka.ilkd.key.nparser.KeyAst$File:  <unknown>:1#1 
599714     INFO  Test worker     d.u.i.k.n.KeyIO           MODE: declarations took 0 ms 
599714     DEBUG Test worker     d.u.i.k.n.KeyIO           MODE: 2nd degree decls took 0 
599714     INFO  Test worker     d.u.i.k.n.KeyIO           Parsing took 0 ms 
599714     DEBUG Test worker     d.u.i.k.n.KeyIO           Load declarations of de.uka.ilkd.key.nparser.KeyAst$File:  <unknown>:1#1 
599714     INFO  Test worker     d.u.i.k.n.KeyIO           MODE: declarations took 0 ms 
599714     DEBUG Test worker     d.u.i.k.n.KeyIO           MODE: 2nd degree decls took 0 
599714     INFO  Test worker     d.u.i.k.n.KeyIO           Parsing took 0 ms 
599714     DEBUG Test worker     d.u.i.k.n.KeyIO           Load declarations of de.uka.ilkd.key.nparser.KeyAst$File:  <unknown>:1#1 
599714     INFO  Test worker     d.u.i.k.n.KeyIO           MODE: declarations took 0 ms 
599714     DEBUG Test worker     d.u.i.k.n.KeyIO           MODE: 2nd degree decls took 0 
599714     INFO  Test worker     d.u.i.k.n.KeyIO           Parsing took 0 ms 
599714     DEBUG Test worker     d.u.i.k.n.KeyIO           Load declarations of de.uka.ilkd.key.nparser.KeyAst$File:  <unknown>:1#1 
599714     INFO  Test worker     d.u.i.k.n.KeyIO           MODE: declarations took 0 ms 
599714     DEBUG Test worker     d.u.i.k.n.KeyIO           MODE: 2nd degree decls took 0 
604123     INFO  Test worker     d.u.i.k.n.KeyIO           Parsing took 0 ms 
604123     DEBUG Test worker     d.u.i.k.n.KeyIO           Load declarations of de.uka.ilkd.key.nparser.KeyAst$File:  <unknown>:1#1 
604123     INFO  Test worker     d.u.i.k.n.KeyIO           MODE: declarations took 0 ms 
604123     DEBUG Test worker     d.u.i.k.n.KeyIO           MODE: 2nd degree decls took 0 
604123     INFO  Test worker     d.u.i.k.n.KeyIO           Parsing took 0 ms 
604123     DEBUG Test worker     d.u.i.k.n.KeyIO           Load declarations of de.uka.ilkd.key.nparser.KeyAst$File:  <unknown>:1#1 
604138     INFO  Test worker     d.u.i.k.n.KeyIO           MODE: declarations took 15 ms 
604138     DEBUG Test worker     d.u.i.k.n.KeyIO           MODE: 2nd degree decls took 0 
604138     INFO  Test worker     d.u.i.k.n.KeyIO           Parsing took 0 ms 
604138     DEBUG Test worker     d.u.i.k.n.KeyIO           Load declarations of de.uka.ilkd.key.nparser.KeyAst$File:  <unknown>:1#1 
604138     INFO  Test worker     d.u.i.k.n.KeyIO           MODE: declarations took 0 ms 
604138     DEBUG Test worker     d.u.i.k.n.KeyIO           MODE: 2nd degree decls took 0 
604138     INFO  Test worker     d.u.i.k.n.KeyIO           Parsing took 0 ms 
604138     DEBUG Test worker     d.u.i.k.n.KeyIO           Load declarations of de.uka.ilkd.key.nparser.KeyAst$File:  <unknown>:1#1 
604138     INFO  Test worker     d.u.i.k.n.KeyIO           MODE: declarations took 0 ms 
604138     DEBUG Test worker     d.u.i.k.n.KeyIO           MODE: 2nd degree decls took 0 
604138     INFO  Test worker     d.u.i.k.n.KeyIO           Parsing took 0 ms 
604138     DEBUG Test worker     d.u.i.k.n.KeyIO           Load declarations of de.uka.ilkd.key.nparser.KeyAst$File:  <unknown>:1#1 
604138     INFO  Test worker     d.u.i.k.n.KeyIO           MODE: declarations took 0 ms 
604138     DEBUG Test worker     d.u.i.k.n.KeyIO           MODE: 2nd degree decls took 0 
608516     INFO  Test worker     d.u.i.k.n.KeyIO           Parsing took 0 ms 
608516     DEBUG Test worker     d.u.i.k.n.KeyIO           Load declarations of de.uka.ilkd.key.nparser.KeyAst$File:  <unknown>:1#1 
608516     INFO  Test worker     d.u.i.k.n.KeyIO           MODE: declarations took 0 ms 
608516     DEBUG Test worker     d.u.i.k.n.KeyIO           MODE: 2nd degree decls took 0 
608516     INFO  Test worker     d.u.i.k.n.KeyIO           Parsing took 0 ms 
608516     DEBUG Test worker     d.u.i.k.n.KeyIO           Load declarations of de.uka.ilkd.key.nparser.KeyAst$File:  <unknown>:1#1 
608516     INFO  Test worker     d.u.i.k.n.KeyIO           MODE: declarations took 0 ms 
608516     DEBUG Test worker     d.u.i.k.n.KeyIO           MODE: 2nd degree decls took 0 
608516     INFO  Test worker     d.u.i.k.n.KeyIO           Parsing took 0 ms 
608516     DEBUG Test worker     d.u.i.k.n.KeyIO           Load declarations of de.uka.ilkd.key.nparser.KeyAst$File:  <unknown>:1#1 
608516     INFO  Test worker     d.u.i.k.n.KeyIO           MODE: declarations took 0 ms 
608516     DEBUG Test worker     d.u.i.k.n.KeyIO           MODE: 2nd degree decls took 0 
608516     INFO  Test worker     d.u.i.k.n.KeyIO           Parsing took 0 ms 
608516     DEBUG Test worker     d.u.i.k.n.KeyIO           Load declarations of de.uka.ilkd.key.nparser.KeyAst$File:  <unknown>:1#1 
608516     INFO  Test worker     d.u.i.k.n.KeyIO           MODE: declarations took 0 ms 
608516     DEBUG Test worker     d.u.i.k.n.KeyIO           MODE: 2nd degree decls took 0 
608516     INFO  Test worker     d.u.i.k.n.KeyIO           Parsing took 0 ms 
608516     DEBUG Test worker     d.u.i.k.n.KeyIO           Load declarations of de.uka.ilkd.key.nparser.KeyAst$File:  <unknown>:1#1 
608516     INFO  Test worker     d.u.i.k.n.KeyIO           MODE: declarations took 0 ms 
608516     DEBUG Test worker     d.u.i.k.n.KeyIO           MODE: 2nd degree decls took 0 
612846     INFO  Test worker     d.u.i.k.n.KeyIO           Parsing took 0 ms 
612846     DEBUG Test worker     d.u.i.k.n.KeyIO           Load declarations of de.uka.ilkd.key.nparser.KeyAst$File:  <unknown>:1#1 
612861     INFO  Test worker     d.u.i.k.n.KeyIO           MODE: declarations took 15 ms 
612861     DEBUG Test worker     d.u.i.k.n.KeyIO           MODE: 2nd degree decls took 0 
612861     INFO  Test worker     d.u.i.k.n.KeyIO           Parsing took 0 ms 
612861     DEBUG Test worker     d.u.i.k.n.KeyIO           Load declarations of de.uka.ilkd.key.nparser.KeyAst$File:  <unknown>:1#1 
612861     INFO  Test worker     d.u.i.k.n.KeyIO           MODE: declarations took 0 ms 
612861     DEBUG Test worker     d.u.i.k.n.KeyIO           MODE: 2nd degree decls took 0 
612861     INFO  Test worker     d.u.i.k.n.KeyIO           Parsing took 0 ms 
612861     DEBUG Test worker     d.u.i.k.n.KeyIO           Load declarations of de.uka.ilkd.key.nparser.KeyAst$File:  <unknown>:1#1 
612861     INFO  Test worker     d.u.i.k.n.KeyIO           MODE: declarations took 0 ms 
612861     DEBUG Test worker     d.u.i.k.n.KeyIO           MODE: 2nd degree decls took 0 
612861     INFO  Test worker     d.u.i.k.n.KeyIO           Parsing took 0 ms 
612861     DEBUG Test worker     d.u.i.k.n.KeyIO           Load declarations of de.uka.ilkd.key.nparser.KeyAst$File:  <unknown>:1#1 
612861     INFO  Test worker     d.u.i.k.n.KeyIO           MODE: declarations took 0 ms 
612861     DEBUG Test worker     d.u.i.k.n.KeyIO           MODE: 2nd degree decls took 0 
612861     INFO  Test worker     d.u.i.k.n.KeyIO           Parsing took 0 ms 
612861     DEBUG Test worker     d.u.i.k.n.KeyIO           Load declarations of de.uka.ilkd.key.nparser.KeyAst$File:  <unknown>:1#1 
612861     INFO  Test worker     d.u.i.k.n.KeyIO           MODE: declarations took 0 ms 
612861     DEBUG Test worker     d.u.i.k.n.KeyIO           MODE: 2nd degree decls took 0 
617160     INFO  Test worker     d.u.i.k.n.KeyIO           Parsing took 0 ms 
617160     DEBUG Test worker     d.u.i.k.n.KeyIO           Load declarations of de.uka.ilkd.key.nparser.KeyAst$File:  <unknown>:1#1 
617160     INFO  Test worker     d.u.i.k.n.KeyIO           MODE: declarations took 0 ms 
617160     DEBUG Test worker     d.u.i.k.n.KeyIO           MODE: 2nd degree decls took 0 
617160     INFO  Test worker     d.u.i.k.n.KeyIO           Parsing took 0 ms 
617160     DEBUG Test worker     d.u.i.k.n.KeyIO           Load declarations of de.uka.ilkd.key.nparser.KeyAst$File:  <unknown>:1#1 
617160     INFO  Test worker     d.u.i.k.n.KeyIO           MODE: declarations took 0 ms 
617160     DEBUG Test worker     d.u.i.k.n.KeyIO           MODE: 2nd degree decls took 0 
617160     INFO  Test worker     d.u.i.k.n.KeyIO           Parsing took 0 ms 
617160     DEBUG Test worker     d.u.i.k.n.KeyIO           Load declarations of de.uka.ilkd.key.nparser.KeyAst$File:  <unknown>:1#1 
617160     INFO  Test worker     d.u.i.k.n.KeyIO           MODE: declarations took 0 ms 
617160     DEBUG Test worker     d.u.i.k.n.KeyIO           MODE: 2nd degree decls took 0 
617160     INFO  Test worker     d.u.i.k.n.KeyIO           Parsing took 0 ms 
617160     DEBUG Test worker     d.u.i.k.n.KeyIO           Load declarations of de.uka.ilkd.key.nparser.KeyAst$File:  <unknown>:1#1 
617160     INFO  Test worker     d.u.i.k.n.KeyIO           MODE: declarations took 0 ms 
617160     DEBUG Test worker     d.u.i.k.n.KeyIO           MODE: 2nd degree decls took 0 
617160     INFO  Test worker     d.u.i.k.n.KeyIO           Parsing took 0 ms 
617160     DEBUG Test worker     d.u.i.k.n.KeyIO           Load declarations of de.uka.ilkd.key.nparser.KeyAst$File:  <unknown>:1#1 
617160     INFO  Test worker     d.u.i.k.n.KeyIO           MODE: declarations took 0 ms 
617160     DEBUG Test worker     d.u.i.k.n.KeyIO           MODE: 2nd degree decls took 0 
621522     INFO  Test worker     d.u.i.k.n.KeyIO           Parsing took 0 ms 
621522     DEBUG Test worker     d.u.i.k.n.KeyIO           Load declarations of de.uka.ilkd.key.nparser.KeyAst$File:  <unknown>:1#1 
621522     INFO  Test worker     d.u.i.k.n.KeyIO           MODE: declarations took 0 ms 
621522     DEBUG Test worker     d.u.i.k.n.KeyIO           MODE: 2nd degree decls took 0 
621522     INFO  Test worker     d.u.i.k.n.KeyIO           Parsing took 0 ms 
621522     DEBUG Test worker     d.u.i.k.n.KeyIO           Load declarations of de.uka.ilkd.key.nparser.KeyAst$File:  <unknown>:1#1 
621522     INFO  Test worker     d.u.i.k.n.KeyIO           MODE: declarations took 0 ms 
621522     DEBUG Test worker     d.u.i.k.n.KeyIO           MODE: 2nd degree decls took 0 
621522     INFO  Test worker     d.u.i.k.n.KeyIO           Parsing took 0 ms 
621522     DEBUG Test worker     d.u.i.k.n.KeyIO           Load declarations of de.uka.ilkd.key.nparser.KeyAst$File:  <unknown>:1#1 
621522     INFO  Test worker     d.u.i.k.n.KeyIO           MODE: declarations took 0 ms 
621522     DEBUG Test worker     d.u.i.k.n.KeyIO           MODE: 2nd degree decls took 0 
621522     INFO  Test worker     d.u.i.k.n.KeyIO           Parsing took 0 ms 
621522     DEBUG Test worker     d.u.i.k.n.KeyIO           Load declarations of de.uka.ilkd.key.nparser.KeyAst$File:  <unknown>:1#1 
621522     INFO  Test worker     d.u.i.k.n.KeyIO           MODE: declarations took 0 ms 
621522     DEBUG Test worker     d.u.i.k.n.KeyIO           MODE: 2nd degree decls took 0 
621522     INFO  Test worker     d.u.i.k.n.KeyIO           Parsing took 0 ms 
621522     DEBUG Test worker     d.u.i.k.n.KeyIO           Load declarations of de.uka.ilkd.key.nparser.KeyAst$File:  <unknown>:1#1 
621522     INFO  Test worker     d.u.i.k.n.KeyIO           MODE: declarations took 0 ms 
621522     DEBUG Test worker     d.u.i.k.n.KeyIO           MODE: 2nd degree decls took 0 
]]></system-out>
  <system-err><![CDATA[]]></system-err>
</testsuite>
