<?xml version="1.0" encoding="UTF-8"?>
<testsuite name="de.uka.ilkd.key.testcase.smt.testgen.TestTestgen" tests="1" skipped="0" failures="0" errors="0" timestamp="2023-05-30T16:01:07" hostname="fv-az449-897" time="5.847">
  <properties/>
  <testcase name="testMiddle()" classname="de.uka.ilkd.key.testcase.smt.testgen.TestTestgen" time="5.847"/>
  <system-out><![CDATA[19510      WARN  Test worker     d.u.i.k.t.s.t.TestTestgen Warning: Z3_CE is not installed, tests skipped. 
19510      WARN  Test worker     d.u.i.k.t.s.t.TestTestgen Maybe use JVM system property "z3SolverPath" to define the path to the Z3 command. 
19510      INFO  Test worker     d.u.i.k.p.i.AbstractProblemLoader Loading environment from src\test\resources\testcase\smt\tg\middle.key 
19510      DEBUG Test worker     d.u.i.k.p.i.AbstractProblemLoader Environment load took 301.3ns 
19510      INFO  Test worker     d.u.i.k.p.i.AbstractProblemLoader Creating init config 
24618      DEBUG Test worker     d.u.i.k.p.i.AbstractProblemLoader Init config took 5.11s 
24711      INFO  Test worker     d.u.i.k.p.i.AbstractProblemLoader Replaying proof Middle[Middle::middle(int,int,int)].JML normal_behavior operation contract.0 
24727      DEBUG Test worker     d.u.i.k.p.i.IntermediateProofReplayer Proof replay took 21.6ns 
]]></system-out>
  <system-err><![CDATA[]]></system-err>
</testsuite>
