<?xml version="1.0" encoding="UTF-8"?>
<testsuite name="de.uka.ilkd.key.testcase.smt.ce.TestCE" tests="12" skipped="0" failures="0" errors="0" timestamp="2023-05-30T16:00:48" hostname="fv-az449-897" time="18.923">
  <properties/>
  <testcase name="testOverFlow1()" classname="de.uka.ilkd.key.testcase.smt.ce.TestCE" time="0.466"/>
  <testcase name="testOverFlow2()" classname="de.uka.ilkd.key.testcase.smt.ce.TestCE" time="0.003"/>
  <testcase name="testMiddle()" classname="de.uka.ilkd.key.testcase.smt.ce.TestCE" time="18.416"/>
  <testcase name="testTypes1()" classname="de.uka.ilkd.key.testcase.smt.ce.TestCE" time="0.002"/>
  <testcase name="testTypes2()" classname="de.uka.ilkd.key.testcase.smt.ce.TestCE" time="0.001"/>
  <testcase name="testTypes3()" classname="de.uka.ilkd.key.testcase.smt.ce.TestCE" time="0.001"/>
  <testcase name="testTypes4()" classname="de.uka.ilkd.key.testcase.smt.ce.TestCE" time="0.004"/>
  <testcase name="testTypes5()" classname="de.uka.ilkd.key.testcase.smt.ce.TestCE" time="0.0"/>
  <testcase name="testTypes6()" classname="de.uka.ilkd.key.testcase.smt.ce.TestCE" time="0.002"/>
  <testcase name="testTypes7()" classname="de.uka.ilkd.key.testcase.smt.ce.TestCE" time="0.003"/>
  <testcase name="testTypes8()" classname="de.uka.ilkd.key.testcase.smt.ce.TestCE" time="0.001"/>
  <testcase name="testTypes9()" classname="de.uka.ilkd.key.testcase.smt.ce.TestCE" time="0.001"/>
  <system-out><![CDATA[16:00:47,624 |-INFO in ch.qos.logback.classic.LoggerContext[default] - This is logback-classic version 1.4.7
16:00:47,671 |-INFO in ch.qos.logback.classic.LoggerContext[default] - Could NOT find resource [logback-test.xml]
16:00:47,671 |-INFO in ch.qos.logback.classic.LoggerContext[default] - Found resource [logback.xml] at [file:/D:/a/key/key/key.core.testgen/build/resources/test/logback.xml]
16:00:47,897 |-INFO in ch.qos.logback.core.model.processor.AppenderModelHandler - Processing appender named [STDOUT]
16:00:47,897 |-INFO in ch.qos.logback.core.model.processor.AppenderModelHandler - About to instantiate appender of type [ch.qos.logback.core.ConsoleAppender]
16:00:47,900 |-WARN in ch.qos.logback.core.model.processor.ImplicitModelHandler - Ignoring unknown property [file] in [ch.qos.logback.core.ConsoleAppender]
16:00:47,900 |-WARN in ch.qos.logback.core.model.processor.ImplicitModelHandler - Ignoring unknown property [append] in [ch.qos.logback.core.ConsoleAppender]
16:00:47,900 |-INFO in ch.qos.logback.core.model.processor.ImplicitModelHandler - Assuming default type [ch.qos.logback.classic.encoder.PatternLayoutEncoder] for [encoder] property
16:00:47,970 |-INFO in ch.qos.logback.classic.model.processor.RootLoggerModelHandler - Setting level of ROOT logger to DEBUG
16:00:47,970 |-INFO in ch.qos.logback.core.model.processor.AppenderRefModelHandler - Attaching appender named [STDOUT] to Logger[ROOT]
16:00:47,970 |-INFO in ch.qos.logback.core.model.processor.DefaultProcessor@7fdab70c - End of configuration.
16:00:47,970 |-INFO in ch.qos.logback.classic.joran.JoranConfigurator@25ad4f71 - Registering current configuration as safe fallback point

1025       WARN  Test worker     d.u.i.k.t.s.c.TestCE      Warning: Z3_CE is not installed, tests skipped. 
1025       WARN  Test worker     d.u.i.k.t.s.c.TestCE      Maybe use JVM system property "z3SolverPath" to define the path to the Z3 command. 
1222       WARN  Test worker     d.u.i.k.s.ProofIndependentSettings The settings in C:\Users\runneradmin\.key\proofIndependentSettings.props are *not* read due to flag 'key.disregardSettings' 
1242       INFO  Test worker     d.u.i.k.p.i.AbstractProblemLoader Loading environment from src\test\resources\testcase\smt\ce\middle.key 
1293       DEBUG Test worker     d.u.i.k.p.i.AbstractProblemLoader Environment load took 4.94ms 
2014       INFO  Test worker     d.u.i.k.p.i.AbstractProblemLoader Creating init config 
2061       WARN  Test worker     d.u.i.k.s.ProofSettings   The settings in C:\Users\runneradmin\.key\proof-settings.props are *not* read. 
4037       DEBUG Test worker     d.u.i.k.j.TypeConverter   No LDT found for Meta 
4054       DEBUG Test worker     d.u.i.k.j.TypeConverter   No LDT found for Meta 
4054       DEBUG Test worker     d.u.i.k.j.TypeConverter   No LDT found for Meta 
4132       DEBUG Test worker     d.u.i.k.j.TypeConverter   No LDT found for Meta 
7099       DEBUG Test worker     d.u.i.k.j.TypeConverter   No LDT found for JavaBigintExpression 
15378      DEBUG Test worker     d.u.i.k.p.i.AbstractProblemLoader Init config took 13.36s 
15972      INFO  Test worker     d.u.i.k.p.i.AbstractProblemLoader Replaying proof Middle[Middle::middle(int,int,int)].JML normal_behavior operation contract.0 
16097      DEBUG Test worker     d.u.i.k.p.i.IntermediateProofReplayer Proof replay took 74.8ns 
]]></system-out>
  <system-err><![CDATA[]]></system-err>
</testsuite>
