<?xml version="1.0" encoding="UTF-8"?>
<testsuite name="de.uka.ilkd.key.nparser.ExprTest" tests="23" skipped="0" failures="0" errors="0" timestamp="2023-04-15T11:07:47" hostname="fv-az269-753" time="2.538">
  <properties/>
  <testcase name="[1] (bprod{int y;}(1, 2, y) = 0)" classname="de.uka.ilkd.key.nparser.ExprTest" time="0.047"/>
  <testcase name="[2] 1 = 1 -&gt; 2 = 2" classname="de.uka.ilkd.key.nparser.ExprTest" time="0.042"/>
  <testcase name="[3] \&lt; { int x = 1; } \&gt; x=1" classname="de.uka.ilkd.key.nparser.ExprTest" time="0.918"/>
  <testcase name="[4] \&lt;{ int x = 1; {int s = 2;} }\&gt; x=x" classname="de.uka.ilkd.key.nparser.ExprTest" time="1.093"/>
  <testcase name="[5] true" classname="de.uka.ilkd.key.nparser.ExprTest" time="0.021"/>
  <testcase name="[6] true &amp; false" classname="de.uka.ilkd.key.nparser.ExprTest" time="0.02"/>
  <testcase name="[7] 0" classname="de.uka.ilkd.key.nparser.ExprTest" time="0.031"/>
  <testcase name="[8] 1" classname="de.uka.ilkd.key.nparser.ExprTest" time="0.024"/>
  <testcase name="[9] 42" classname="de.uka.ilkd.key.nparser.ExprTest" time="0.019"/>
  <testcase name="[10] -5" classname="de.uka.ilkd.key.nparser.ExprTest" time="0.019"/>
  <testcase name="[11] 1 + 1 = 2" classname="de.uka.ilkd.key.nparser.ExprTest" time="0.023"/>
  <testcase name="[12] \if (3=4) \then (1) \else (2)" classname="de.uka.ilkd.key.nparser.ExprTest" time="0.019"/>
  <testcase name="[13] \if (3=4 &amp; 1=1) \then (\if (3=4) \then (1) \else (2)) \else (2)" classname="de.uka.ilkd.key.nparser.ExprTest" time="0.03"/>
  <testcase name="[14] aa + bb*cc" classname="de.uka.ilkd.key.nparser.ExprTest" time="0.023"/>
  <testcase name="[15] aa%bb*cc &lt; -123" classname="de.uka.ilkd.key.nparser.ExprTest" time="0.018"/>
  <testcase name="[16] \forall int x; true" classname="de.uka.ilkd.key.nparser.ExprTest" time="0.017"/>
  <testcase name="[17] \forall numbers x; x = x" classname="de.uka.ilkd.key.nparser.ExprTest" time="0.02"/>
  <testcase name="[18] (int)3+2" classname="de.uka.ilkd.key.nparser.ExprTest" time="0.035"/>
  <testcase name="[19] 1.f + 1f = 20e-1f * (2f-1f)" classname="de.uka.ilkd.key.nparser.ExprTest" time="0.021"/>
  <testcase name="[20] 1.d + 1d &lt;= 20e+1d * .01d" classname="de.uka.ilkd.key.nparser.ExprTest" time="0.017"/>
  <testcase name="[21] 1f &lt;= 2f" classname="de.uka.ilkd.key.nparser.ExprTest" time="0.016"/>
  <testcase name="[22] 2d &gt; 1d" classname="de.uka.ilkd.key.nparser.ExprTest" time="0.018"/>
  <testcase name="[23] seqEmpty + seqEmpty" classname="de.uka.ilkd.key.nparser.ExprTest" time="0.018"/>
  <system-out><![CDATA[191759     INFO  Test worker     d.u.i.k.n.KeyIO           Parsing took 31 ms 
191759     INFO  Test worker     d.u.i.k.n.KeyIO           MODE: declarations took 0 ms 
191774     INFO  Test worker     d.u.i.k.n.ExprTest        Term: equals(bprod{y:int}(Z(1(#)),Z(2(#)),y),Z(0(#))) 
191806     INFO  Test worker     d.u.i.k.n.KeyIO           Parsing took 32 ms 
191806     INFO  Test worker     d.u.i.k.n.KeyIO           MODE: declarations took 0 ms 
191806     INFO  Test worker     d.u.i.k.n.ExprTest        Term: imp(equals(Z(1(#)),Z(1(#))),equals(Z(2(#)),Z(2(#)))) 
191837     INFO  Test worker     d.u.i.k.n.KeyIO           Parsing took 16 ms 
191837     INFO  Test worker     d.u.i.k.n.KeyIO           MODE: declarations took 0 ms 
192728     INFO  Test worker     d.u.i.k.n.ExprTest        Term: \<{
  int x = 1;
}\> (equals(x,Z(1(#)))) 
192822     INFO  Test worker     d.u.i.k.n.KeyIO           Parsing took 94 ms 
192838     INFO  Test worker     d.u.i.k.n.KeyIO           MODE: declarations took 16 ms 
193823     INFO  Test worker     d.u.i.k.n.ExprTest        Term: \<{
  int x = 1;
  {
    int s = 2;
  }
}\> (equals(x,x)) 
193839     INFO  Test worker     d.u.i.k.n.KeyIO           Parsing took 16 ms 
193839     INFO  Test worker     d.u.i.k.n.KeyIO           MODE: declarations took 0 ms 
193839     INFO  Test worker     d.u.i.k.n.ExprTest        Term: true 
193854     INFO  Test worker     d.u.i.k.n.KeyIO           Parsing took 0 ms 
193854     INFO  Test worker     d.u.i.k.n.KeyIO           MODE: declarations took 0 ms 
193870     INFO  Test worker     d.u.i.k.n.ExprTest        Term: and(true,false) 
193885     INFO  Test worker     d.u.i.k.n.KeyIO           Parsing took 15 ms 
193901     INFO  Test worker     d.u.i.k.n.KeyIO           MODE: declarations took 16 ms 
193901     INFO  Test worker     d.u.i.k.n.ExprTest        Term: Z(0(#)) 
193917     INFO  Test worker     d.u.i.k.n.KeyIO           Parsing took 16 ms 
193917     INFO  Test worker     d.u.i.k.n.KeyIO           MODE: declarations took 0 ms 
193917     INFO  Test worker     d.u.i.k.n.ExprTest        Term: Z(1(#)) 
193932     INFO  Test worker     d.u.i.k.n.KeyIO           Parsing took 0 ms 
193932     INFO  Test worker     d.u.i.k.n.KeyIO           MODE: declarations took 0 ms 
193948     INFO  Test worker     d.u.i.k.n.ExprTest        Term: Z(2(4(#))) 
193948     INFO  Test worker     d.u.i.k.n.KeyIO           Parsing took 0 ms 
193964     INFO  Test worker     d.u.i.k.n.KeyIO           MODE: declarations took 16 ms 
193964     INFO  Test worker     d.u.i.k.n.ExprTest        Term: Z(neglit(5(#))) 
193979     INFO  Test worker     d.u.i.k.n.KeyIO           Parsing took 15 ms 
193979     INFO  Test worker     d.u.i.k.n.KeyIO           MODE: declarations took 0 ms 
193979     INFO  Test worker     d.u.i.k.n.ExprTest        Term: equals(add(Z(1(#)),Z(1(#))),Z(2(#))) 
193995     INFO  Test worker     d.u.i.k.n.KeyIO           Parsing took 0 ms 
194010     INFO  Test worker     d.u.i.k.n.KeyIO           MODE: declarations took 15 ms 
194010     INFO  Test worker     d.u.i.k.n.ExprTest        Term: if-then-else(equals(Z(3(#)),Z(4(#))),Z(1(#)),Z(2(#))) 
194026     INFO  Test worker     d.u.i.k.n.KeyIO           Parsing took 0 ms 
194026     INFO  Test worker     d.u.i.k.n.KeyIO           MODE: declarations took 0 ms 
194042     INFO  Test worker     d.u.i.k.n.ExprTest        Term: if-then-else(and(equals(Z(3(#)),Z(4(#))),equals(Z(1(#)),Z(1(#)))),if-then-else(equals(Z(3(#)),Z(4(#))),Z(1(#)),Z(2(#))),Z(2(#))) 
194057     INFO  Test worker     d.u.i.k.n.KeyIO           Parsing took 15 ms 
194057     INFO  Test worker     d.u.i.k.n.KeyIO           MODE: declarations took 0 ms 
194057     INFO  Test worker     d.u.i.k.n.ExprTest        Term: add(aa,mul(bb,cc)) 
194073     INFO  Test worker     d.u.i.k.n.KeyIO           Parsing took 16 ms 
194073     INFO  Test worker     d.u.i.k.n.KeyIO           MODE: declarations took 0 ms 
194073     INFO  Test worker     d.u.i.k.n.ExprTest        Term: lt(mul(mod(aa,bb),cc),Z(neglit(3(2(1(#)))))) 
194089     INFO  Test worker     d.u.i.k.n.KeyIO           Parsing took 0 ms 
194089     INFO  Test worker     d.u.i.k.n.KeyIO           MODE: declarations took 0 ms 
194104     INFO  Test worker     d.u.i.k.n.ExprTest        Term: all{x:int}(true) 
194104     INFO  Test worker     d.u.i.k.n.KeyIO           Parsing took 0 ms 
194120     INFO  Test worker     d.u.i.k.n.KeyIO           MODE: declarations took 0 ms 
194120     INFO  Test worker     d.u.i.k.n.ExprTest        Term: all{x:numbers}(equals(x,x)) 
194151     INFO  Test worker     d.u.i.k.n.KeyIO           Parsing took 16 ms 
194151     INFO  Test worker     d.u.i.k.n.KeyIO           MODE: declarations took 0 ms 
194160     INFO  Test worker     d.u.i.k.n.ExprTest        Term: add(int::cast(Z(3(#))),Z(2(#))) 
194167     INFO  Test worker     d.u.i.k.n.KeyIO           Parsing took 0 ms 
194167     INFO  Test worker     d.u.i.k.n.KeyIO           MODE: declarations took 0 ms 
194167     INFO  Test worker     d.u.i.k.n.ExprTest        Term: equals(addFloat(FP(6(1(2(3(5(3(5(6(0(1(#))))))))))),FP(6(1(2(3(5(3(5(6(0(1(#)))))))))))),mulFloat(FP(4(2(8(1(4(7(3(7(0(1(#))))))))))),subFloat(FP(4(2(8(1(4(7(3(7(0(1(#))))))))))),FP(6(1(2(3(5(3(5(6(0(1(#)))))))))))))) 
194198     INFO  Test worker     d.u.i.k.n.KeyIO           Parsing took 15 ms 
194198     INFO  Test worker     d.u.i.k.n.KeyIO           MODE: declarations took 0 ms 
194198     INFO  Test worker     d.u.i.k.n.ExprTest        Term: leqDouble(addDouble(DFP(8(0(4(7(1(0(0(0(8(8(1(4(2(8(1(7(0(6(4(#)))))))))))))))))))),DFP(8(0(4(7(1(0(0(0(8(8(1(4(2(8(1(7(0(6(4(#))))))))))))))))))))),mulDouble(DFP(4(8(7(6(0(0(2(8(9(0(9(8(0(4(2(1(4(6(4(#)))))))))))))))))))),DFP(5(7(6(7(8(0(4(0(3(9(2(2(8(1(9(6(7(5(4(#)))))))))))))))))))))) 
194214     INFO  Test worker     d.u.i.k.n.KeyIO           Parsing took 16 ms 
194214     INFO  Test worker     d.u.i.k.n.KeyIO           MODE: declarations took 0 ms 
194214     INFO  Test worker     d.u.i.k.n.ExprTest        Term: leqFloat(FP(6(1(2(3(5(3(5(6(0(1(#))))))))))),FP(4(2(8(1(4(7(3(7(0(1(#)))))))))))) 
194230     INFO  Test worker     d.u.i.k.n.KeyIO           Parsing took 16 ms 
194230     INFO  Test worker     d.u.i.k.n.KeyIO           MODE: declarations took 0 ms 
194230     INFO  Test worker     d.u.i.k.n.ExprTest        Term: gtDouble(DFP(4(0(9(7(8(3(7(2(4(8(1(0(6(8(6(1(1(6(4(#)))))))))))))))))))),DFP(8(0(4(7(1(0(0(0(8(8(1(4(2(8(1(7(0(6(4(#))))))))))))))))))))) 
194245     INFO  Test worker     d.u.i.k.n.KeyIO           Parsing took 0 ms 
194261     INFO  Test worker     d.u.i.k.n.KeyIO           MODE: declarations took 16 ms 
194261     INFO  Test worker     d.u.i.k.n.ExprTest        Term: seqConcat(seqEmpty,seqEmpty) 
]]></system-out>
  <system-err><![CDATA[]]></system-err>
</testsuite>
