<?xml version="1.0" encoding="UTF-8"?>
<testsuite name="de.uka.ilkd.key.proof.runallproofs.RunAllProofsInfFlow" tests="29" skipped="0" failures="0" errors="0" timestamp="2023-04-18T01:06:51" hostname="fv-az408-12" time="2608.179">
  <properties/>
  <testcase name="ToyVoting" classname="de.uka.ilkd.key.proof.runallproofs.RunAllProofsInfFlow" time="24.463"/>
  <testcase name="ConditionalConfidential" classname="de.uka.ilkd.key.proof.runallproofs.RunAllProofsInfFlow" time="13.343"/>
  <testcase name="SumExample" classname="de.uka.ilkd.key.proof.runallproofs.RunAllProofsInfFlow" time="9.361"/>
  <testcase name="ToyBanking" classname="de.uka.ilkd.key.proof.runallproofs.RunAllProofsInfFlow" time="108.929"/>
  <testcase name="BlockContracts" classname="de.uka.ilkd.key.proof.runallproofs.RunAllProofsInfFlow" time="57.264"/>
  <testcase name="MethodContracts" classname="de.uka.ilkd.key.proof.runallproofs.RunAllProofsInfFlow" time="65.032"/>
  <testcase name="LoopInvariants" classname="de.uka.ilkd.key.proof.runallproofs.RunAllProofsInfFlow" time="65.418"/>
  <testcase name="MiniExamples" classname="de.uka.ilkd.key.proof.runallproofs.RunAllProofsInfFlow" time="88.703"/>
  <testcase name="NewObjects" classname="de.uka.ilkd.key.proof.runallproofs.RunAllProofsInfFlow" time="77.205"/>
  <testcase name="SimpleEvoting" classname="de.uka.ilkd.key.proof.runallproofs.RunAllProofsInfFlow" time="158.141"/>
  <testcase name="ToyVoting_nomacro" classname="de.uka.ilkd.key.proof.runallproofs.RunAllProofsInfFlow" time="32.697"/>
  <testcase name="ConditionalConfidential_nomacro" classname="de.uka.ilkd.key.proof.runallproofs.RunAllProofsInfFlow" time="0.001"/>
  <testcase name="SumExample_nomacro" classname="de.uka.ilkd.key.proof.runallproofs.RunAllProofsInfFlow" time="11.138"/>
  <testcase name="ToyBanking_nomacro" classname="de.uka.ilkd.key.proof.runallproofs.RunAllProofsInfFlow" time="76.095"/>
  <testcase name="BlockContracts_nomacro" classname="de.uka.ilkd.key.proof.runallproofs.RunAllProofsInfFlow" time="75.039"/>
  <testcase name="MethodContracts_nomacro" classname="de.uka.ilkd.key.proof.runallproofs.RunAllProofsInfFlow" time="70.633"/>
  <testcase name="LoopInvariants_nomacro" classname="de.uka.ilkd.key.proof.runallproofs.RunAllProofsInfFlow" time="104.952"/>
  <testcase name="MiniExamples_nomacro" classname="de.uka.ilkd.key.proof.runallproofs.RunAllProofsInfFlow" time="93.998"/>
  <testcase name="NewObjects_nomacro" classname="de.uka.ilkd.key.proof.runallproofs.RunAllProofsInfFlow" time="126.975"/>
  <testcase name="SimpleEvoting_nomacro" classname="de.uka.ilkd.key.proof.runallproofs.RunAllProofsInfFlow" time="124.618"/>
  <testcase name="ToyVoting_fullmacro" classname="de.uka.ilkd.key.proof.runallproofs.RunAllProofsInfFlow" time="54.968"/>
  <testcase name="SumExample_fullmacro" classname="de.uka.ilkd.key.proof.runallproofs.RunAllProofsInfFlow" time="10.189"/>
  <testcase name="ToyBanking_fullmacro" classname="de.uka.ilkd.key.proof.runallproofs.RunAllProofsInfFlow" time="254.327"/>
  <testcase name="BlockContracts_fullmacro" classname="de.uka.ilkd.key.proof.runallproofs.RunAllProofsInfFlow" time="75.006"/>
  <testcase name="MethodContracts_fullmacro" classname="de.uka.ilkd.key.proof.runallproofs.RunAllProofsInfFlow" time="69.251"/>
  <testcase name="InformationFlow_fullmacro" classname="de.uka.ilkd.key.proof.runallproofs.RunAllProofsInfFlow" time="313.941"/>
  <testcase name="MiniExamples_fullmacro" classname="de.uka.ilkd.key.proof.runallproofs.RunAllProofsInfFlow" time="91.217"/>
  <testcase name="NewObjects_fullmacro" classname="de.uka.ilkd.key.proof.runallproofs.RunAllProofsInfFlow" time="182.48"/>
  <testcase name="SimpleEvoting_fullmacro" classname="de.uka.ilkd.key.proof.runallproofs.RunAllProofsInfFlow" time="172.789"/>
  <system-out><![CDATA[473        INFO  Test worker     d.u.i.k.p.r.RunAllProofsTestUnit Running test ToyVoting 
353        INFO  Timeout watchdog d.u.i.k.p.r.p.ForkedTestFileRunner Timeout watcher launched (1000 secs.) 
373        WARN  main            d.u.i.k.s.ProofSettings   No proof-settings could be loaded, using defaults java.io.FileNotFoundException: /home/runner/.key/proof-settings.props (No such file or directory)
	at java.base/java.io.FileInputStream.open0(Native Method)

397        INFO  main            d.u.i.k.p.r.p.TestFile    Now processing file /home/runner/work/key/key/key.core/../key.ui/examples/InformationFlow/ToyVoting/Voter(Voter__insecure_voting()).JML normal_behavior operation contract.0.key 
9162       INFO  main            d.u.i.k.p.r.p.TestFile    ... finished proof: closed. 
9291       INFO  main            d.u.i.k.p.r.p.TestFile    Now processing file /home/runner/work/key/key/key.core/../key.ui/examples/InformationFlow/ToyVoting/Voter(Voter__publishVoterParticipation()).JML normal_behavior operation contract.0.key 
12294      INFO  main            d.u.i.k.p.r.p.TestFile    ... finished proof: closed. 
12395      INFO  main            d.u.i.k.p.r.p.TestFile    Now processing file /home/runner/work/key/key/key.core/../key.ui/examples/InformationFlow/ToyVoting/Voter(Voter__isValid(int)).JML normal_behavior operation contract.0.key 
15115      INFO  main            d.u.i.k.p.r.p.TestFile    ... finished proof: closed. 
15222      INFO  main            d.u.i.k.p.r.p.TestFile    Now processing file /home/runner/work/key/key/key.core/../key.ui/examples/InformationFlow/ToyVoting/Voter(Voter__sendVote(int)).JML normal_behavior operation contract.0.key 
17907      INFO  main            d.u.i.k.p.r.p.TestFile    ... finished proof: closed. 
18023      INFO  main            d.u.i.k.p.r.p.TestFile    Now processing file /home/runner/work/key/key/key.core/../key.ui/examples/InformationFlow/ToyVoting/Voter(Voter__inputVote()).JML normal_behavior operation contract.0.key 
20687      INFO  main            d.u.i.k.p.r.p.TestFile    ... finished proof: closed. 
20832      INFO  main            d.u.i.k.p.r.p.TestFile    Now processing file /home/runner/work/key/key/key.core/../key.ui/examples/InformationFlow/ToyVoting/Voter(Voter__secure_voting()).JML normal_behavior operation contract.0.key 
24058      INFO  main            d.u.i.k.p.r.p.TestFile    ... finished proof: closed. 
24923      INFO  Test worker     d.u.i.k.p.r.RunAllProofsTestUnit Returning from test ToyVoting 
24932      INFO  Test worker     d.u.i.k.p.r.RunAllProofsTestUnit Running test ConditionalConfidential 
370        INFO  Timeout watchdog d.u.i.k.p.r.p.ForkedTestFileRunner Timeout watcher launched (1000 secs.) 
372        WARN  main            d.u.i.k.s.ProofSettings   The settings in /home/runner/.key/proof-settings.props are *not* read. 
410        INFO  main            d.u.i.k.p.r.p.TestFile    Now processing file /home/runner/work/key/key/key.core/../key.ui/examples/InformationFlow/ConditionalConfidential/CCExample(CCExample__hasAccessRight(CCExample.User)).JML normal_behavior operation contract.0.key 
9617       INFO  main            d.u.i.k.p.r.p.TestFile    ... finished proof: closed. 
9759       INFO  main            d.u.i.k.p.r.p.TestFile    Now processing file /home/runner/work/key/key/key.core/../key.ui/examples/InformationFlow/ConditionalConfidential/CCExample(CCExample__getConfidentialData(CCExample.User)).JML normal_behavior operation contract.0.key 
13070      INFO  main            d.u.i.k.p.r.p.TestFile    ... finished proof: closed. 
38275      INFO  Test worker     d.u.i.k.p.r.RunAllProofsTestUnit Returning from test ConditionalConfidential 
38276      INFO  Test worker     d.u.i.k.p.r.RunAllProofsTestUnit Running test SumExample 
339        INFO  Timeout watchdog d.u.i.k.p.r.p.ForkedTestFileRunner Timeout watcher launched (1000 secs.) 
355        WARN  main            d.u.i.k.s.ProofSettings   The settings in /home/runner/.key/proof-settings.props are *not* read. 
380        INFO  main            d.u.i.k.p.r.p.TestFile    Now processing file /home/runner/work/key/key/key.core/../key.ui/examples/InformationFlow/Sum/SumExample(SumExample__getSum()).JML normal_behavior operation contract.0.key 
9035       INFO  main            d.u.i.k.p.r.p.TestFile    ... finished proof: closed. 
47635      INFO  Test worker     d.u.i.k.p.r.RunAllProofsTestUnit Returning from test SumExample 
47637      INFO  Test worker     d.u.i.k.p.r.RunAllProofsTestUnit Running test ToyBanking 
355        INFO  Timeout watchdog d.u.i.k.p.r.p.ForkedTestFileRunner Timeout watcher launched (1000 secs.) 
360        WARN  main            d.u.i.k.s.ProofSettings   The settings in /home/runner/.key/proof-settings.props are *not* read. 
390        INFO  main            d.u.i.k.p.r.p.TestFile    Now processing file /home/runner/work/key/key/key.core/../key.ui/examples/InformationFlow/ToyBanking/banking_example.UserAccount(banking_example.UserAccount__getBankAccount(int)).JML normal_behavior operation contract.0.key 
9976       INFO  main            d.u.i.k.p.r.p.TestFile    ... finished proof: closed. 
10112      INFO  main            d.u.i.k.p.r.p.TestFile    Now processing file /home/runner/work/key/key/key.core/../key.ui/examples/InformationFlow/ToyBanking/banking_example.UserAccount(banking_example.UserAccount__tryLogin(int,(C)).JML normal_behavior operation contract.0.key 
34806      INFO  main            d.u.i.k.p.r.p.TestFile    ... finished proof: closed. 
35011      INFO  main            d.u.i.k.p.r.p.TestFile    Now processing file /home/runner/work/key/key/key.core/../key.ui/examples/InformationFlow/ToyBanking/banking_example.UserAccount(java.lang.Object___inv_()).JML accessible clause.0.key 
43139      INFO  main            d.u.i.k.p.r.p.TestFile    ... finished proof: closed. 
43294      INFO  main            d.u.i.k.p.r.p.TestFile    Now processing file /home/runner/work/key/key/key.core/../key.ui/examples/InformationFlow/ToyBanking/banking_example.BankAccount(banking_example.BankAccount__depositMoney(int)).JML normal_behavior operation contract.0.key 
46361      INFO  main            d.u.i.k.p.r.p.TestFile    ... finished proof: closed. 
46484      INFO  main            d.u.i.k.p.r.p.TestFile    Now processing file /home/runner/work/key/key/key.core/../key.ui/examples/InformationFlow/ToyBanking/banking_example.BankAccount(banking_example.BankAccount__getBalance()).JML normal_behavior operation contract.0.key 
49283      INFO  main            d.u.i.k.p.r.p.TestFile    ... finished proof: closed. 
49416      INFO  main            d.u.i.k.p.r.p.TestFile    Now processing file /home/runner/work/key/key/key.core/../key.ui/examples/InformationFlow/ToyBanking/banking_example.BankAccount(banking_example.BankAccount__getId()).JML normal_behavior operation contract.0.key 
52370      INFO  main            d.u.i.k.p.r.p.TestFile    ... finished proof: closed. 
52498      INFO  main            d.u.i.k.p.r.p.TestFile    Now processing file /home/runner/work/key/key/key.core/../key.ui/examples/InformationFlow/ToyBanking/banking_example.Bank(banking_example.Bank__login(int,(C)).JML normal_behavior operation contract.0.key 
61417      INFO  main            d.u.i.k.p.r.p.TestFile    ... finished proof: closed. 
61583      INFO  main            d.u.i.k.p.r.p.TestFile    Now processing file /home/runner/work/key/key/key.core/../key.ui/examples/InformationFlow/ToyBanking/banking_example2.UserAccount(banking_example2.UserAccount__getBankAccount(int)).JML normal_behavior operation contract.0.key 
64588      INFO  main            d.u.i.k.p.r.p.TestFile    ... finished proof: closed. 
64744      INFO  main            d.u.i.k.p.r.p.TestFile    Now processing file /home/runner/work/key/key/key.core/../key.ui/examples/InformationFlow/ToyBanking/banking_example2.UserAccount(banking_example2.UserAccount__tryLogin(int,(C)).JML normal_behavior operation contract.0.key 
87283      INFO  main            d.u.i.k.p.r.p.TestFile    ... finished proof: closed. 
87502      INFO  main            d.u.i.k.p.r.p.TestFile    Now processing file /home/runner/work/key/key/key.core/../key.ui/examples/InformationFlow/ToyBanking/banking_example2.UserAccount(java.lang.Object___inv_()).JML accessible clause.0.key 
94395      INFO  main            d.u.i.k.p.r.p.TestFile    ... finished proof: open goal(s) 
94575      INFO  main            d.u.i.k.p.r.p.TestFile    Now processing file /home/runner/work/key/key/key.core/../key.ui/examples/InformationFlow/ToyBanking/banking_example2.BankAccount(banking_example2.BankAccount__depositMoney(int)).JML normal_behavior operation contract.0.key 
97436      INFO  main            d.u.i.k.p.r.p.TestFile    ... finished proof: closed. 
97599      INFO  main            d.u.i.k.p.r.p.TestFile    Now processing file /home/runner/work/key/key/key.core/../key.ui/examples/InformationFlow/ToyBanking/banking_example2.BankAccount(banking_example2.BankAccount__getBalance()).JML normal_behavior operation contract.0.key 
100242     INFO  main            d.u.i.k.p.r.p.TestFile    ... finished proof: closed. 
100389     INFO  main            d.u.i.k.p.r.p.TestFile    Now processing file /home/runner/work/key/key/key.core/../key.ui/examples/InformationFlow/ToyBanking/banking_example2.BankAccount(banking_example2.BankAccount__getId()).JML normal_behavior operation contract.0.key 
103103     INFO  main            d.u.i.k.p.r.p.TestFile    ... finished proof: closed. 
103248     INFO  main            d.u.i.k.p.r.p.TestFile    Now processing file /home/runner/work/key/key/key.core/../key.ui/examples/InformationFlow/ToyBanking/banking_example2.Bank(banking_example2.Bank__login(int,(C)).JML normal_behavior operation contract.0.key 
108580     INFO  main            d.u.i.k.p.r.p.TestFile    ... finished proof: closed. 
156564     INFO  Test worker     d.u.i.k.p.r.RunAllProofsTestUnit Returning from test ToyBanking 
156566     INFO  Test worker     d.u.i.k.p.r.RunAllProofsTestUnit Running test BlockContracts 
329        INFO  Timeout watchdog d.u.i.k.p.r.p.ForkedTestFileRunner Timeout watcher launched (1000 secs.) 
344        WARN  main            d.u.i.k.s.ProofSettings   The settings in /home/runner/.key/proof-settings.props are *not* read. 
378        INFO  main            d.u.i.k.p.r.p.TestFile    Now processing file /home/runner/work/key/key/key.core/../key.ui/examples/InformationFlow/BlockContracts/contract.IFBlockExamples(contract.IFBlockExamples__secure_5()).JML operation contract.0.key 
8341       INFO  main            d.u.i.k.p.r.p.TestFile    ... finished proof: closed. 
8437       INFO  main            d.u.i.k.p.r.p.TestFile    Now processing file /home/runner/work/key/key/key.core/../key.ui/examples/InformationFlow/BlockContracts/contract.IFBlockExamples(contract.IFBlockExamples__block_no_return_secure(int)).JML operation contract.0.key 
11478      INFO  main            d.u.i.k.p.r.p.TestFile    ... finished proof: closed. 
11585      INFO  main            d.u.i.k.p.r.p.TestFile    Now processing file /home/runner/work/key/key/key.core/../key.ui/examples/InformationFlow/BlockContracts/contract.IFBlockExamples(contract.IFBlockExamples__while_block_insecure(int)).JML operation contract.0.key 
14939      INFO  main            d.u.i.k.p.r.p.TestFile    ... finished proof: closed. 
15061      INFO  main            d.u.i.k.p.r.p.TestFile    Now processing file /home/runner/work/key/key/key.core/../key.ui/examples/InformationFlow/BlockContracts/contract.IFBlockExamples(contract.IFBlockExamples__while_block_secure(int)).JML operation contract.0.key 
18074      INFO  main            d.u.i.k.p.r.p.TestFile    ... finished proof: closed. 
18202      INFO  main            d.u.i.k.p.r.p.TestFile    Now processing file /home/runner/work/key/key/key.core/../key.ui/examples/InformationFlow/BlockContracts/contract.IFBlockExamples(contract.IFBlockExamples__block_while_secure(int)).JML operation contract.0.key 
21105      INFO  main            d.u.i.k.p.r.p.TestFile    ... finished proof: closed. 
21248      INFO  main            d.u.i.k.p.r.p.TestFile    Now processing file /home/runner/work/key/key/key.core/../key.ui/examples/InformationFlow/BlockContracts/contract.IFBlockExamples(contract.IFBlockExamples__insecure_4(int)).JML operation contract.0.key 
24250      INFO  main            d.u.i.k.p.r.p.TestFile    ... finished proof: closed. 
24401      INFO  main            d.u.i.k.p.r.p.TestFile    Now processing file /home/runner/work/key/key/key.core/../key.ui/examples/InformationFlow/BlockContracts/contract.IFBlockExamples(contract.IFBlockExamples__insecure_3(int)).JML operation contract.0.key 
27405      INFO  main            d.u.i.k.p.r.p.TestFile    ... finished proof: closed. 
27537      INFO  main            d.u.i.k.p.r.p.TestFile    Now processing file /home/runner/work/key/key/key.core/../key.ui/examples/InformationFlow/BlockContracts/contract.IFBlockExamples(contract.IFBlockExamples__secure_3(int)).JML operation contract.0.key 
30373      INFO  main            d.u.i.k.p.r.p.TestFile    ... finished proof: closed. 
30519      INFO  main            d.u.i.k.p.r.p.TestFile    Now processing file /home/runner/work/key/key/key.core/../key.ui/examples/InformationFlow/BlockContracts/contract.IFBlockExamples(contract.IFBlockExamples__secure_2(int)).JML operation contract.0.key 
33377      INFO  main            d.u.i.k.p.r.p.TestFile    ... finished proof: closed. 
33527      INFO  main            d.u.i.k.p.r.p.TestFile    Now processing file /home/runner/work/key/key/key.core/../key.ui/examples/InformationFlow/BlockContracts/contract.IFBlockExamples(contract.IFBlockExamples__secure_8(int)).JML operation contract.0.key 
36305      INFO  main            d.u.i.k.p.r.p.TestFile    ... finished proof: closed. 
36480      INFO  main            d.u.i.k.p.r.p.TestFile    Now processing file /home/runner/work/key/key/key.core/../key.ui/examples/InformationFlow/BlockContracts/contract.IFBlockExamples(contract.IFBlockExamples__secure_7(int)).JML operation contract.0.key 
39213      INFO  main            d.u.i.k.p.r.p.TestFile    ... finished proof: closed. 
39359      INFO  main            d.u.i.k.p.r.p.TestFile    Now processing file /home/runner/work/key/key/key.core/../key.ui/examples/InformationFlow/BlockContracts/contract.IFBlockExamples(contract.IFBlockExamples__secure_6(int)).JML operation contract.0.key 
42053      INFO  main            d.u.i.k.p.r.p.TestFile    ... finished proof: closed. 
42195      INFO  main            d.u.i.k.p.r.p.TestFile    Now processing file /home/runner/work/key/key/key.core/../key.ui/examples/InformationFlow/BlockContracts/contract.IFBlockExamples(contract.IFBlockExamples__insecure_1(int)).JML operation contract.0.key 
44881      INFO  main            d.u.i.k.p.r.p.TestFile    ... finished proof: closed. 
45031      INFO  main            d.u.i.k.p.r.p.TestFile    Now processing file /home/runner/work/key/key/key.core/../key.ui/examples/InformationFlow/BlockContracts/contract.IFBlockExamples(contract.IFBlockExamples__secure_4(int)).JML operation contract.0.key 
47714      INFO  main            d.u.i.k.p.r.p.TestFile    ... finished proof: closed. 
47864      INFO  main            d.u.i.k.p.r.p.TestFile    Now processing file /home/runner/work/key/key/key.core/../key.ui/examples/InformationFlow/BlockContracts/contract.IFBlockExamples(contract.IFBlockExamples__secure_1(int)).JML operation contract.0.key 
50553      INFO  main            d.u.i.k.p.r.p.TestFile    ... finished proof: closed. 
50711      INFO  main            d.u.i.k.p.r.p.TestFile    Now processing file /home/runner/work/key/key/key.core/../key.ui/examples/InformationFlow/BlockContracts/contract.IFEfficiencyExamples(contract.IFEfficiencyExamples__mWithoutBlockContract()).JML operation contract.0.key 
53908      INFO  main            d.u.i.k.p.r.p.TestFile    ... finished proof: closed. 
54078      INFO  main            d.u.i.k.p.r.p.TestFile    Now processing file /home/runner/work/key/key/key.core/../key.ui/examples/InformationFlow/BlockContracts/contract.IFEfficiencyExamples(contract.IFEfficiencyExamples__mWithBlockContract()).JML operation contract.0.key 
56938      INFO  main            d.u.i.k.p.r.p.TestFile    ... finished proof: closed. 
213828     INFO  Test worker     d.u.i.k.p.r.RunAllProofsTestUnit Returning from test BlockContracts 
213831     INFO  Test worker     d.u.i.k.p.r.RunAllProofsTestUnit Running test MethodContracts 
335        INFO  Timeout watchdog d.u.i.k.p.r.p.ForkedTestFileRunner Timeout watcher launched (1000 secs.) 
339        WARN  main            d.u.i.k.s.ProofSettings   The settings in /home/runner/.key/proof-settings.props are *not* read. 
379        INFO  main            d.u.i.k.p.r.p.TestFile    Now processing file /home/runner/work/key/key/key.core/../key.ui/examples/InformationFlow/MethodContracts/contract.IFMethodContract(contract.IFMethodContract__secure_recursion_2((I,int)).JML normal_behavior operation contract.0.key 
8818       INFO  main            d.u.i.k.p.r.p.TestFile    ... finished proof: closed. 
8925       INFO  main            d.u.i.k.p.r.p.TestFile    Now processing file /home/runner/work/key/key/key.core/../key.ui/examples/InformationFlow/MethodContracts/contract.IFMethodContract(contract.IFMethodContract__secure_recursion(int)).JML normal_behavior operation contract.0.key 
11856      INFO  main            d.u.i.k.p.r.p.TestFile    ... finished proof: closed. 
11997      INFO  main            d.u.i.k.p.r.p.TestFile    Now processing file /home/runner/work/key/key/key.core/../key.ui/examples/InformationFlow/MethodContracts/contract.IFMethodContract(contract.IFMethodContract__secure_catch_exception()).JML operation contract.0.key 
14755      INFO  main            d.u.i.k.p.r.p.TestFile    ... finished proof: closed. 
14862      INFO  main            d.u.i.k.p.r.p.TestFile    Now processing file /home/runner/work/key/key/key.core/../key.ui/examples/InformationFlow/MethodContracts/contract.IFMethodContract(contract.IFMethodContract__n6()).JML normal_behavior operation contract.0.key 
17435      INFO  main            d.u.i.k.p.r.p.TestFile    ... finished proof: closed. 
17581      INFO  main            d.u.i.k.p.r.p.TestFile    Now processing file /home/runner/work/key/key/key.core/../key.ui/examples/InformationFlow/MethodContracts/contract.IFMethodContract(contract.IFMethodContract__secure_n6()).JML operation contract.0.key 
20116      INFO  main            d.u.i.k.p.r.p.TestFile    ... finished proof: closed. 
20255      INFO  main            d.u.i.k.p.r.p.TestFile    Now processing file /home/runner/work/key/key/key.core/../key.ui/examples/InformationFlow/MethodContracts/contract.IFMethodContract(contract.IFMethodContract__secure_array_param_helper()).JML normal_behavior operation contract.0.key 
22771      INFO  main            d.u.i.k.p.r.p.TestFile    ... finished proof: closed. 
22910      INFO  main            d.u.i.k.p.r.p.TestFile    Now processing file /home/runner/work/key/key/key.core/../key.ui/examples/InformationFlow/MethodContracts/contract.IFMethodContract(contract.IFMethodContract__secure_array_param((I,int)).JML operation contract.0.key 
25403      INFO  main            d.u.i.k.p.r.p.TestFile    ... finished proof: closed. 
25524      INFO  main            d.u.i.k.p.r.p.TestFile    Now processing file /home/runner/work/key/key/key.core/../key.ui/examples/InformationFlow/MethodContracts/contract.IFMethodContract(contract.IFMethodContract__n9()).JML normal_behavior operation contract.0.key 
28010      INFO  main            d.u.i.k.p.r.p.TestFile    ... finished proof: closed. 
28130      INFO  main            d.u.i.k.p.r.p.TestFile    Now processing file /home/runner/work/key/key/key.core/../key.ui/examples/InformationFlow/MethodContracts/contract.IFMethodContract(contract.IFMethodContract__secure_assignment_0_n9()).JML operation contract.0.key 
30612      INFO  main            d.u.i.k.p.r.p.TestFile    ... finished proof: closed. 
30740      INFO  main            d.u.i.k.p.r.p.TestFile    Now processing file /home/runner/work/key/key/key.core/../key.ui/examples/InformationFlow/MethodContracts/contract.IFMethodContract(contract.IFMethodContract__insecure_if_high_n5_n1()).JML operation contract.0.key 
33332      INFO  main            d.u.i.k.p.r.p.TestFile    ... finished proof: closed. 
33512      INFO  main            d.u.i.k.p.r.p.TestFile    Now processing file /home/runner/work/key/key/key.core/../key.ui/examples/InformationFlow/MethodContracts/contract.IFMethodContract(contract.IFMethodContract__n5(int)).JML normal_behavior operation contract.0.key 
36015      INFO  main            d.u.i.k.p.r.p.TestFile    ... finished proof: closed. 
36194      INFO  main            d.u.i.k.p.r.p.TestFile    Now processing file /home/runner/work/key/key/key.core/../key.ui/examples/InformationFlow/MethodContracts/contract.IFMethodContract(contract.IFMethodContract__secure_if_high_n5_n1()).JML operation contract.0.key 
38755      INFO  main            d.u.i.k.p.r.p.TestFile    ... finished proof: closed. 
38937      INFO  main            d.u.i.k.p.r.p.TestFile    Now processing file /home/runner/work/key/key/key.core/../key.ui/examples/InformationFlow/MethodContracts/contract.IFMethodContract(contract.IFMethodContract__secure_if_high_n1()).JML operation contract.0.key 
41488      INFO  main            d.u.i.k.p.r.p.TestFile    ... finished proof: closed. 
41627      INFO  main            d.u.i.k.p.r.p.TestFile    Now processing file /home/runner/work/key/key/key.core/../key.ui/examples/InformationFlow/MethodContracts/contract.IFMethodContract(contract.IFMethodContract__secure_n5()).JML operation contract.0.key 
44069      INFO  main            d.u.i.k.p.r.p.TestFile    ... finished proof: closed. 
44205      INFO  main            d.u.i.k.p.r.p.TestFile    Now processing file /home/runner/work/key/key/key.core/../key.ui/examples/InformationFlow/MethodContracts/contract.IFMethodContract(contract.IFMethodContract__n4()).JML normal_behavior operation contract.0.key 
46646      INFO  main            d.u.i.k.p.r.p.TestFile    ... finished proof: closed. 
46790      INFO  main            d.u.i.k.p.r.p.TestFile    Now processing file /home/runner/work/key/key/key.core/../key.ui/examples/InformationFlow/MethodContracts/contract.IFMethodContract(contract.IFMethodContract__n3()).JML normal_behavior operation contract.0.key 
49236      INFO  main            d.u.i.k.p.r.p.TestFile    ... finished proof: closed. 
49389      INFO  main            d.u.i.k.p.r.p.TestFile    Now processing file /home/runner/work/key/key/key.core/../key.ui/examples/InformationFlow/MethodContracts/contract.IFMethodContract(contract.IFMethodContract__secure_sequential_n3_precond_n4()).JML operation contract.0.key 
51821      INFO  main            d.u.i.k.p.r.p.TestFile    ... finished proof: closed. 
51968      INFO  main            d.u.i.k.p.r.p.TestFile    Now processing file /home/runner/work/key/key/key.core/../key.ui/examples/InformationFlow/MethodContracts/contract.IFMethodContract(contract.IFMethodContract__insecure_assignment_n2()).JML operation contract.0.key 
54382      INFO  main            d.u.i.k.p.r.p.TestFile    ... finished proof: closed. 
54526      INFO  main            d.u.i.k.p.r.p.TestFile    Now processing file /home/runner/work/key/key/key.core/../key.ui/examples/InformationFlow/MethodContracts/contract.IFMethodContract(contract.IFMethodContract__secure_assignments_n2()).JML operation contract.0.key 
56940      INFO  main            d.u.i.k.p.r.p.TestFile    ... finished proof: closed. 
57099      INFO  main            d.u.i.k.p.r.p.TestFile    Now processing file /home/runner/work/key/key/key.core/../key.ui/examples/InformationFlow/MethodContracts/contract.IFMethodContract(contract.IFMethodContract__n2()).JML normal_behavior operation contract.0.key 
59514      INFO  main            d.u.i.k.p.r.p.TestFile    ... finished proof: closed. 
59670      INFO  main            d.u.i.k.p.r.p.TestFile    Now processing file /home/runner/work/key/key/key.core/../key.ui/examples/InformationFlow/MethodContracts/contract.IFMethodContract(contract.IFMethodContract__n1()).JML normal_behavior operation contract.0.key 
62114      INFO  main            d.u.i.k.p.r.p.TestFile    ... finished proof: closed. 
62270      INFO  main            d.u.i.k.p.r.p.TestFile    Now processing file /home/runner/work/key/key/key.core/../key.ui/examples/InformationFlow/MethodContracts/contract.IFMethodContract(contract.IFMethodContract__secure_sequential_n1_n2()).JML operation contract.0.key 
64704      INFO  main            d.u.i.k.p.r.p.TestFile    ... finished proof: closed. 
278861     INFO  Test worker     d.u.i.k.p.r.RunAllProofsTestUnit Returning from test MethodContracts 
278864     INFO  Test worker     d.u.i.k.p.r.RunAllProofsTestUnit Running test LoopInvariants 
368        INFO  Timeout watchdog d.u.i.k.p.r.p.ForkedTestFileRunner Timeout watcher launched (1000 secs.) 
387        WARN  main            d.u.i.k.s.ProofSettings   The settings in /home/runner/.key/proof-settings.props are *not* read. 
421        INFO  main            d.u.i.k.p.r.p.TestFile    Now processing file /home/runner/work/key/key/key.core/../key.ui/examples/InformationFlow/LoopInvariants/loop.IFLoopExamples(loop.IFLoopExamples__insecure_while_3(int)).JML operation contract.0.key 
9442       INFO  main            d.u.i.k.p.r.p.TestFile    ... finished proof: closed. 
9554       INFO  main            d.u.i.k.p.r.p.TestFile    Now processing file /home/runner/work/key/key/key.core/../key.ui/examples/InformationFlow/LoopInvariants/loop.IFLoopExamples(loop.IFLoopExamples__secure_while_2(int)).JML operation contract.0.key 
13111      INFO  main            d.u.i.k.p.r.p.TestFile    ... finished proof: closed. 
13237      INFO  main            d.u.i.k.p.r.p.TestFile    Now processing file /home/runner/work/key/key/key.core/../key.ui/examples/InformationFlow/LoopInvariants/loop.IFLoopExamples(loop.IFLoopExamples__secure_while_4(int)).JML operation contract.0.key 
16654      INFO  main            d.u.i.k.p.r.p.TestFile    ... finished proof: closed. 
16778      INFO  main            d.u.i.k.p.r.p.TestFile    Now processing file /home/runner/work/key/key/key.core/../key.ui/examples/InformationFlow/LoopInvariants/loop.IFLoopExamples(loop.IFLoopExamples__insecure_doubleNestedWhile2(int)).JML operation contract.0.key 
20712      INFO  main            d.u.i.k.p.r.p.TestFile    ... finished proof: closed. 
20853      INFO  main            d.u.i.k.p.r.p.TestFile    Now processing file /home/runner/work/key/key/key.core/../key.ui/examples/InformationFlow/LoopInvariants/loop.IFLoopExamples(loop.IFLoopExamples__insecure_doubleNestedWhile(int)).JML operation contract.0.key 
24656      INFO  main            d.u.i.k.p.r.p.TestFile    ... finished proof: closed. 
24806      INFO  main            d.u.i.k.p.r.p.TestFile    Now processing file /home/runner/work/key/key/key.core/../key.ui/examples/InformationFlow/LoopInvariants/loop.IFLoopExamples(loop.IFLoopExamples__secure_doubleNestedWhile(int)).JML operation contract.0.key 
28660      INFO  main            d.u.i.k.p.r.p.TestFile    ... finished proof: closed. 
28842      INFO  main            d.u.i.k.p.r.p.TestFile    Now processing file /home/runner/work/key/key/key.core/../key.ui/examples/InformationFlow/LoopInvariants/loop.IFLoopExamples(loop.IFLoopExamples__secure_nestedTwoWhile(int)).JML operation contract.0.key 
32432      INFO  main            d.u.i.k.p.r.p.TestFile    ... finished proof: closed. 
32665      INFO  main            d.u.i.k.p.r.p.TestFile    Now processing file /home/runner/work/key/key/key.core/../key.ui/examples/InformationFlow/LoopInvariants/loop.IFLoopExamples(loop.IFLoopExamples__secure_nestedWhile(int)).JML operation contract.0.key 
36063      INFO  main            d.u.i.k.p.r.p.TestFile    ... finished proof: closed. 
36204      INFO  main            d.u.i.k.p.r.p.TestFile    Now processing file /home/runner/work/key/key/key.core/../key.ui/examples/InformationFlow/LoopInvariants/loop.IFLoopExamples(loop.IFLoopExamples__notSecure_while(int)).JML operation contract.0.key 
39279      INFO  main            d.u.i.k.p.r.p.TestFile    ... finished proof: closed. 
39418      INFO  main            d.u.i.k.p.r.p.TestFile    Now processing file /home/runner/work/key/key/key.core/../key.ui/examples/InformationFlow/LoopInvariants/loop.IFLoopExamples(loop.IFLoopExamples__notSecure_while_wrongInv(int)).JML operation contract.0.key 
42459      INFO  main            d.u.i.k.p.r.p.TestFile    ... finished proof: open goal(s) 
42597      INFO  main            d.u.i.k.p.r.p.TestFile    Now processing file /home/runner/work/key/key/key.core/../key.ui/examples/InformationFlow/LoopInvariants/loop.IFLoopExamples(loop.IFLoopExamples__insecure_twoWhile(int)).JML operation contract.0.key 
45813      INFO  main            d.u.i.k.p.r.p.TestFile    ... finished proof: closed. 
45986      INFO  main            d.u.i.k.p.r.p.TestFile    Now processing file /home/runner/work/key/key/key.core/../key.ui/examples/InformationFlow/LoopInvariants/loop.IFLoopExamples(loop.IFLoopExamples__insecure_twoWhile_2(int)).JML operation contract.0.key 
49180      INFO  main            d.u.i.k.p.r.p.TestFile    ... finished proof: closed. 
49327      INFO  main            d.u.i.k.p.r.p.TestFile    Now processing file /home/runner/work/key/key/key.core/../key.ui/examples/InformationFlow/LoopInvariants/loop.IFLoopExamples(loop.IFLoopExamples__secure_twoWhile(int)).JML operation contract.0.key 
52540      INFO  main            d.u.i.k.p.r.p.TestFile    ... finished proof: closed. 
52685      INFO  main            d.u.i.k.p.r.p.TestFile    Now processing file /home/runner/work/key/key/key.core/../key.ui/examples/InformationFlow/LoopInvariants/loop.IFLoopExamples(loop.IFLoopExamples__loc_secure_while(int)).JML operation contract.0.key 
55695      INFO  main            d.u.i.k.p.r.p.TestFile    ... finished proof: closed. 
55849      INFO  main            d.u.i.k.p.r.p.TestFile    Now processing file /home/runner/work/key/key/key.core/../key.ui/examples/InformationFlow/LoopInvariants/loop.IFLoopExamples(loop.IFLoopExamples__secure_while(int)).JML operation contract.0.key 
58832      INFO  main            d.u.i.k.p.r.p.TestFile    ... finished proof: closed. 
58991      INFO  main            d.u.i.k.p.r.p.TestFile    Now processing file /home/runner/work/key/key/key.core/../key.ui/examples/InformationFlow/LoopInvariants/loop.IFLoopExamples(loop.IFLoopExamples__print(int)).JML normal_behavior operation contract.0.key 
61882      INFO  main            d.u.i.k.p.r.p.TestFile    ... finished proof: closed. 
62026      INFO  main            d.u.i.k.p.r.p.TestFile    Now processing file /home/runner/work/key/key/key.core/../key.ui/examples/InformationFlow/LoopInvariants/loop.IFLoopExamples(loop.IFLoopExamples__hammer(int)).JML normal_behavior operation contract.0.key 
65086      INFO  main            d.u.i.k.p.r.p.TestFile    ... finished proof: closed. 
344282     INFO  Test worker     d.u.i.k.p.r.RunAllProofsTestUnit Returning from test LoopInvariants 
344283     INFO  Test worker     d.u.i.k.p.r.RunAllProofsTestUnit Running test MiniExamples 
319        INFO  Timeout watchdog d.u.i.k.p.r.p.ForkedTestFileRunner Timeout watcher launched (1000 secs.) 
322        WARN  main            d.u.i.k.s.ProofSettings   The settings in /home/runner/.key/proof-settings.props are *not* read. 
342        INFO  main            d.u.i.k.p.r.p.TestFile    Now processing file /home/runner/work/key/key/key.core/../key.ui/examples/InformationFlow/MiniExamples/mini.AliasingExamples(mini.AliasingExamples__insecure_1(mini.AliasingExamples,mini.AliasingExamples,int)).JML operation contract.0.key 
8467       INFO  main            d.u.i.k.p.r.p.TestFile    ... finished proof: closed. 
8585       INFO  main            d.u.i.k.p.r.p.TestFile    Now processing file /home/runner/work/key/key/key.core/../key.ui/examples/InformationFlow/MiniExamples/mini.AliasingExamples(mini.AliasingExamples__secure_1(mini.AliasingExamples,mini.AliasingExamples,int)).JML operation contract.0.key 
11482      INFO  main            d.u.i.k.p.r.p.TestFile    ... finished proof: closed. 
11588      INFO  main            d.u.i.k.p.r.p.TestFile    Now processing file /home/runner/work/key/key/key.core/../key.ui/examples/InformationFlow/MiniExamples/mini.MiniExamplesLecture(mini.MiniExamplesLecture__m_6()).JML normal_behavior operation contract.0.key 
14356      INFO  main            d.u.i.k.p.r.p.TestFile    ... finished proof: closed. 
14461      INFO  main            d.u.i.k.p.r.p.TestFile    Now processing file /home/runner/work/key/key/key.core/../key.ui/examples/InformationFlow/MiniExamples/mini.MiniExamplesLecture(mini.MiniExamplesLecture__m_5()).JML normal_behavior operation contract.0.key 
17260      INFO  main            d.u.i.k.p.r.p.TestFile    ... finished proof: closed. 
17370      INFO  main            d.u.i.k.p.r.p.TestFile    Now processing file /home/runner/work/key/key/key.core/../key.ui/examples/InformationFlow/MiniExamples/mini.MiniExamplesLecture(mini.MiniExamplesLecture__m_4()).JML normal_behavior operation contract.0.key 
20104      INFO  main            d.u.i.k.p.r.p.TestFile    ... finished proof: closed. 
20214      INFO  main            d.u.i.k.p.r.p.TestFile    Now processing file /home/runner/work/key/key/key.core/../key.ui/examples/InformationFlow/MiniExamples/mini.MiniExamplesLecture(mini.MiniExamplesLecture__m_3()).JML normal_behavior operation contract.0.key 
22991      INFO  main            d.u.i.k.p.r.p.TestFile    ... finished proof: closed. 
23159      INFO  main            d.u.i.k.p.r.p.TestFile    Now processing file /home/runner/work/key/key/key.core/../key.ui/examples/InformationFlow/MiniExamples/mini.MiniExamplesLecture(mini.MiniExamplesLecture__m_2()).JML normal_behavior operation contract.0.key 
25809      INFO  main            d.u.i.k.p.r.p.TestFile    ... finished proof: closed. 
25928      INFO  main            d.u.i.k.p.r.p.TestFile    Now processing file /home/runner/work/key/key/key.core/../key.ui/examples/InformationFlow/MiniExamples/mini.MiniExamplesLecture(mini.MiniExamplesLecture__m_1()).JML normal_behavior operation contract.0.key 
28565      INFO  main            d.u.i.k.p.r.p.TestFile    ... finished proof: closed. 
28696      INFO  main            d.u.i.k.p.r.p.TestFile    Now processing file /home/runner/work/key/key/key.core/../key.ui/examples/InformationFlow/MiniExamples/mini.DifferenceSeqLocset(mini.DifferenceSeqLocset__m()).JML normal_behavior operation contract.1.key 
31317      INFO  main            d.u.i.k.p.r.p.TestFile    ... finished proof: closed. 
31452      INFO  main            d.u.i.k.p.r.p.TestFile    Now processing file /home/runner/work/key/key/key.core/../key.ui/examples/InformationFlow/MiniExamples/mini.DifferenceSeqLocset(mini.DifferenceSeqLocset__m()).JML normal_behavior operation contract.0.key 
34084      INFO  main            d.u.i.k.p.r.p.TestFile    ... finished proof: closed. 
34223      INFO  main            d.u.i.k.p.r.p.TestFile    Now processing file /home/runner/work/key/key/key.core/../key.ui/examples/InformationFlow/MiniExamples/mini.MiniExamples(mini.MiniExamples__secure_p2_8()).JML normal_behavior operation contract.0.key 
36868      INFO  main            d.u.i.k.p.r.p.TestFile    ... finished proof: closed. 
37015      INFO  main            d.u.i.k.p.r.p.TestFile    Now processing file /home/runner/work/key/key/key.core/../key.ui/examples/InformationFlow/MiniExamples/mini.MiniExamples(mini.MiniExamples__secure_parameter(int)).JML operation contract.0.key 
39650      INFO  main            d.u.i.k.p.r.p.TestFile    ... finished proof: closed. 
39785      INFO  main            d.u.i.k.p.r.p.TestFile    Now processing file /home/runner/work/key/key/key.core/../key.ui/examples/InformationFlow/MiniExamples/mini.MiniExamples(mini.MiniExamples__secure_p2_7()).JML normal_behavior operation contract.0.key 
42346      INFO  main            d.u.i.k.p.r.p.TestFile    ... finished proof: closed. 
42519      INFO  main            d.u.i.k.p.r.p.TestFile    Now processing file /home/runner/work/key/key/key.core/../key.ui/examples/InformationFlow/MiniExamples/mini.MiniExamples(mini.MiniExamples__insecure_p2_2()).JML normal_behavior operation contract.0.key 
45060      INFO  main            d.u.i.k.p.r.p.TestFile    ... finished proof: closed. 
45208      INFO  main            d.u.i.k.p.r.p.TestFile    Now processing file /home/runner/work/key/key/key.core/../key.ui/examples/InformationFlow/MiniExamples/mini.MiniExamples(mini.MiniExamples__secure_p2_6()).JML normal_behavior operation contract.0.key 
47772      INFO  main            d.u.i.k.p.r.p.TestFile    ... finished proof: closed. 
47914      INFO  main            d.u.i.k.p.r.p.TestFile    Now processing file /home/runner/work/key/key/key.core/../key.ui/examples/InformationFlow/MiniExamples/mini.MiniExamples(mini.MiniExamples__secure_p2_5()).JML normal_behavior operation contract.0.key 
50455      INFO  main            d.u.i.k.p.r.p.TestFile    ... finished proof: closed. 
50608      INFO  main            d.u.i.k.p.r.p.TestFile    Now processing file /home/runner/work/key/key/key.core/../key.ui/examples/InformationFlow/MiniExamples/mini.MiniExamples(mini.MiniExamples__secure_p2_4()).JML normal_behavior operation contract.0.key 
53131      INFO  main            d.u.i.k.p.r.p.TestFile    ... finished proof: closed. 
53293      INFO  main            d.u.i.k.p.r.p.TestFile    Now processing file /home/runner/work/key/key/key.core/../key.ui/examples/InformationFlow/MiniExamples/mini.MiniExamples(mini.MiniExamples__secure_p2_3()).JML normal_behavior operation contract.0.key 
55824      INFO  main            d.u.i.k.p.r.p.TestFile    ... finished proof: closed. 
55977      INFO  main            d.u.i.k.p.r.p.TestFile    Now processing file /home/runner/work/key/key/key.core/../key.ui/examples/InformationFlow/MiniExamples/mini.MiniExamples(mini.MiniExamples__secure_p2_2()).JML normal_behavior operation contract.0.key 
58504      INFO  main            d.u.i.k.p.r.p.TestFile    ... finished proof: closed. 
58677      INFO  main            d.u.i.k.p.r.p.TestFile    Now processing file /home/runner/work/key/key/key.core/../key.ui/examples/InformationFlow/MiniExamples/mini.MiniExamples(mini.MiniExamples__secure_p2_1()).JML normal_behavior operation contract.0.key 
61238      INFO  main            d.u.i.k.p.r.p.TestFile    ... finished proof: closed. 
61399      INFO  main            d.u.i.k.p.r.p.TestFile    Now processing file /home/runner/work/key/key/key.core/../key.ui/examples/InformationFlow/MiniExamples/mini.MiniExamples(mini.MiniExamples__insecure_p2_1()).JML normal_behavior operation contract.0.key 
63943      INFO  main            d.u.i.k.p.r.p.TestFile    ... finished proof: closed. 
64099      INFO  main            d.u.i.k.p.r.p.TestFile    Now processing file /home/runner/work/key/key/key.core/../key.ui/examples/InformationFlow/MiniExamples/mini.MiniExamples(mini.MiniExamples__secure_p1_6()).JML normal_behavior operation contract.0.key 
66636      INFO  main            d.u.i.k.p.r.p.TestFile    ... finished proof: closed. 
66796      INFO  main            d.u.i.k.p.r.p.TestFile    Now processing file /home/runner/work/key/key/key.core/../key.ui/examples/InformationFlow/MiniExamples/mini.MiniExamples(mini.MiniExamples__secure_p1_5()).JML normal_behavior operation contract.0.key 
69340      INFO  main            d.u.i.k.p.r.p.TestFile    ... finished proof: closed. 
69502      INFO  main            d.u.i.k.p.r.p.TestFile    Now processing file /home/runner/work/key/key/key.core/../key.ui/examples/InformationFlow/MiniExamples/mini.MiniExamples(mini.MiniExamples__secure_p1_4()).JML normal_behavior operation contract.0.key 
72030      INFO  main            d.u.i.k.p.r.p.TestFile    ... finished proof: closed. 
72199      INFO  main            d.u.i.k.p.r.p.TestFile    Now processing file /home/runner/work/key/key/key.core/../key.ui/examples/InformationFlow/MiniExamples/mini.MiniExamples(mini.MiniExamples__secure_p1_3()).JML normal_behavior operation contract.0.key 
74710      INFO  main            d.u.i.k.p.r.p.TestFile    ... finished proof: closed. 
74875      INFO  main            d.u.i.k.p.r.p.TestFile    Now processing file /home/runner/work/key/key/key.core/../key.ui/examples/InformationFlow/MiniExamples/mini.MiniExamples(mini.MiniExamples__secure_p1_2()).JML normal_behavior operation contract.0.key 
77432      INFO  main            d.u.i.k.p.r.p.TestFile    ... finished proof: closed. 
77621      INFO  main            d.u.i.k.p.r.p.TestFile    Now processing file /home/runner/work/key/key/key.core/../key.ui/examples/InformationFlow/MiniExamples/mini.MiniExamples(mini.MiniExamples__secure_p1_1()).JML normal_behavior operation contract.1.key 
80152      INFO  main            d.u.i.k.p.r.p.TestFile    ... finished proof: closed. 
80330      INFO  main            d.u.i.k.p.r.p.TestFile    Now processing file /home/runner/work/key/key/key.core/../key.ui/examples/InformationFlow/MiniExamples/mini.MiniExamples(mini.MiniExamples__secure_p1_1()).JML normal_behavior operation contract.0.key 
82847      INFO  main            d.u.i.k.p.r.p.TestFile    ... finished proof: closed. 
83105      INFO  main            d.u.i.k.p.r.p.TestFile    Now processing file /home/runner/work/key/key/key.core/../key.ui/examples/InformationFlow/MiniExamples/mini.MiniExamples(mini.MiniExamples__insecure_p1_2()).JML normal_behavior operation contract.0.key 
85613      INFO  main            d.u.i.k.p.r.p.TestFile    ... finished proof: closed. 
85804      INFO  main            d.u.i.k.p.r.p.TestFile    Now processing file /home/runner/work/key/key/key.core/../key.ui/examples/InformationFlow/MiniExamples/mini.MiniExamples(mini.MiniExamples__insecure_p1_1()).JML normal_behavior operation contract.0.key 
88328      INFO  main            d.u.i.k.p.r.p.TestFile    ... finished proof: closed. 
432984     INFO  Test worker     d.u.i.k.p.r.RunAllProofsTestUnit Returning from test MiniExamples 
432985     INFO  Test worker     d.u.i.k.p.r.RunAllProofsTestUnit Running test NewObjects 
349        INFO  Timeout watchdog d.u.i.k.p.r.p.ForkedTestFileRunner Timeout watcher launched (1000 secs.) 
367        WARN  main            d.u.i.k.s.ProofSettings   The settings in /home/runner/.key/proof-settings.props are *not* read. 
392        INFO  main            d.u.i.k.p.r.p.TestFile    Now processing file /home/runner/work/key/key/key.core/../key.ui/examples/InformationFlow/NewObjects/object.AmtoftBanerjee3(object.AmtoftBanerjee3__m()).JML operation contract.0.key 
9054       INFO  main            d.u.i.k.p.r.p.TestFile    ... finished proof: closed. 
9151       INFO  main            d.u.i.k.p.r.p.TestFile    Now processing file /home/runner/work/key/key/key.core/../key.ui/examples/InformationFlow/NewObjects/object.AmtoftBanerjee(object.AmtoftBanerjee__m_2()).JML normal_behavior operation contract.0.key 
12950      INFO  main            d.u.i.k.p.r.p.TestFile    ... finished proof: closed. 
13065      INFO  main            d.u.i.k.p.r.p.TestFile    Now processing file /home/runner/work/key/key/key.core/../key.ui/examples/InformationFlow/NewObjects/object.AmtoftBanerjee(object.AmtoftBanerjee__m_1()).JML normal_behavior operation contract.1.key 
16135      INFO  main            d.u.i.k.p.r.p.TestFile    ... finished proof: closed. 
16259      INFO  main            d.u.i.k.p.r.p.TestFile    Now processing file /home/runner/work/key/key/key.core/../key.ui/examples/InformationFlow/NewObjects/object.AmtoftBanerjee(object.AmtoftBanerjee__m_1()).JML normal_behavior operation contract.0.key 
19303      INFO  main            d.u.i.k.p.r.p.TestFile    ... finished proof: closed. 
19428      INFO  main            d.u.i.k.p.r.p.TestFile    Now processing file /home/runner/work/key/key/key.core/../key.ui/examples/InformationFlow/NewObjects/object.AmtoftBanerjee(object.AmtoftBanerjee__getQ()).JML normal_behavior operation contract.0.key 
22319      INFO  main            d.u.i.k.p.r.p.TestFile    ... finished proof: closed. 
22434      INFO  main            d.u.i.k.p.r.p.TestFile    Now processing file /home/runner/work/key/key/key.core/../key.ui/examples/InformationFlow/NewObjects/object.Naumann(object.Naumann__Pair_m(int,int)).JML operation contract.0.key 
26648      INFO  main            d.u.i.k.p.r.p.TestFile    ... finished proof: closed. 
26809      INFO  main            d.u.i.k.p.r.p.TestFile    Now processing file /home/runner/work/key/key/key.core/../key.ui/examples/InformationFlow/NewObjects/object.ObjectOrientation(object.ObjectOrientation__secure_while_i((Ljava.lang.Object)).JML operation contract.0.key 
30201      INFO  main            d.u.i.k.p.r.p.TestFile    ... finished proof: closed. 
30383      INFO  main            d.u.i.k.p.r.p.TestFile    Now processing file /home/runner/work/key/key/key.core/../key.ui/examples/InformationFlow/NewObjects/object.ObjectOrientation(object.ObjectOrientation__secure_method_call()).JML operation contract.0.key 
33153      INFO  main            d.u.i.k.p.r.p.TestFile    ... finished proof: closed. 
33335      INFO  main            d.u.i.k.p.r.p.TestFile    Now processing file /home/runner/work/key/key/key.core/../key.ui/examples/InformationFlow/NewObjects/object.ObjectOrientation(object.ObjectOrientation__if_two_object_creation_next()).JML operation contract.1.key 
36812      INFO  main            d.u.i.k.p.r.p.TestFile    ... finished proof: closed. 
36966      INFO  main            d.u.i.k.p.r.p.TestFile    Now processing file /home/runner/work/key/key/key.core/../key.ui/examples/InformationFlow/NewObjects/object.ObjectOrientation(object.ObjectOrientation__if_two_object_creation_next()).JML operation contract.0.key 
40402      INFO  main            d.u.i.k.p.r.p.TestFile    ... finished proof: closed. 
40587      INFO  main            d.u.i.k.p.r.p.TestFile    Now processing file /home/runner/work/key/key/key.core/../key.ui/examples/InformationFlow/NewObjects/object.ObjectOrientation(object.ObjectOrientation__secure_if_two_object_creation()).JML operation contract.0.key 
43941      INFO  main            d.u.i.k.p.r.p.TestFile    ... finished proof: closed. 
44098      INFO  main            d.u.i.k.p.r.p.TestFile    Now processing file /home/runner/work/key/key/key.core/../key.ui/examples/InformationFlow/NewObjects/object.ObjectOrientation(object.ObjectOrientation__insecure_two_object_creation()).JML operation contract.0.key 
47361      INFO  main            d.u.i.k.p.r.p.TestFile    ... finished proof: closed. 
47544      INFO  main            d.u.i.k.p.r.p.TestFile    Now processing file /home/runner/work/key/key/key.core/../key.ui/examples/InformationFlow/NewObjects/object.ObjectOrientation(object.ObjectOrientation__secure_two_object_creation()).JML normal_behavior operation contract.0.key 
50577      INFO  main            d.u.i.k.p.r.p.TestFile    ... finished proof: closed. 
50735      INFO  main            d.u.i.k.p.r.p.TestFile    Now processing file /home/runner/work/key/key/key.core/../key.ui/examples/InformationFlow/NewObjects/object.ObjectOrientation(object.ObjectOrientation__insecure_object_assignment()).JML operation contract.1.key 
53459      INFO  main            d.u.i.k.p.r.p.TestFile    ... finished proof: closed. 
53608      INFO  main            d.u.i.k.p.r.p.TestFile    Now processing file /home/runner/work/key/key/key.core/../key.ui/examples/InformationFlow/NewObjects/object.ObjectOrientation(object.ObjectOrientation__insecure_object_assignment()).JML operation contract.0.key 
56315      INFO  main            d.u.i.k.p.r.p.TestFile    ... finished proof: closed. 
56466      INFO  main            d.u.i.k.p.r.p.TestFile    Now processing file /home/runner/work/key/key/key.core/../key.ui/examples/InformationFlow/NewObjects/object.ObjectOrientation(object.ObjectOrientation__secure_object_creation_3()).JML operation contract.0.key 
59267      INFO  main            d.u.i.k.p.r.p.TestFile    ... finished proof: closed. 
59427      INFO  main            d.u.i.k.p.r.p.TestFile    Now processing file /home/runner/work/key/key/key.core/../key.ui/examples/InformationFlow/NewObjects/object.ObjectOrientation(object.ObjectOrientation__secure_object_creation_2()).JML operation contract.0.key 
62250      INFO  main            d.u.i.k.p.r.p.TestFile    ... finished proof: closed. 
62409      INFO  main            d.u.i.k.p.r.p.TestFile    Now processing file /home/runner/work/key/key/key.core/../key.ui/examples/InformationFlow/NewObjects/object.ObjectOrientation(object.ObjectOrientation__secure_object_creation()).JML operation contract.0.key 
65208      INFO  main            d.u.i.k.p.r.p.TestFile    ... finished proof: closed. 
65399      INFO  main            d.u.i.k.p.r.p.TestFile    Now processing file /home/runner/work/key/key/key.core/../key.ui/examples/InformationFlow/NewObjects/object.AmtoftBanerjee2(object.AmtoftBanerjee2__expensive(int)).JML accessible clause.0.key 
68103      INFO  main            d.u.i.k.p.r.p.TestFile    ... finished proof: closed. 
68263      INFO  main            d.u.i.k.p.r.p.TestFile    Now processing file /home/runner/work/key/key/key.core/../key.ui/examples/InformationFlow/NewObjects/object.AmtoftBanerjee2(object.AmtoftBanerjee2__expensive(int)).JML normal_behavior operation contract.0.key 
70955      INFO  main            d.u.i.k.p.r.p.TestFile    ... finished proof: closed. 
71180      INFO  main            d.u.i.k.p.r.p.TestFile    Now processing file /home/runner/work/key/key/key.core/../key.ui/examples/InformationFlow/NewObjects/object.AmtoftBanerjee2(object.AmtoftBanerjee2__cexp(int)).JML normal_behavior operation contract.0.key 
74080      INFO  main            d.u.i.k.p.r.p.TestFile    ... finished proof: closed. 
74297      INFO  main            d.u.i.k.p.r.p.TestFile    Now processing file /home/runner/work/key/key/key.core/../key.ui/examples/InformationFlow/PasswordFile/passwordfile.SecurePasswordFile(passwordfile.SecurePasswordFile___userIndex()).JML accessible clause.0.key 
76839      INFO  main            d.u.i.k.p.r.p.TestFile    ... finished proof: open goal(s) 
510189     INFO  Test worker     d.u.i.k.p.r.RunAllProofsTestUnit Returning from test NewObjects 
510191     INFO  Test worker     d.u.i.k.p.r.RunAllProofsTestUnit Running test SimpleEvoting 
359        INFO  Timeout watchdog d.u.i.k.p.r.p.ForkedTestFileRunner Timeout watcher launched (1000 secs.) 
392        WARN  main            d.u.i.k.s.ProofSettings   The settings in /home/runner/.key/proof-settings.props are *not* read. 
413        INFO  main            d.u.i.k.p.r.p.TestFile    Now processing file /home/runner/work/key/key/key.core/../key.ui/examples/InformationFlow/SimpleEvoting/simple_evoting.Environment(simple_evoting.Environment__untrustedOutputMessage((B)).JML normal_behavior operation contract.0.key 
10629      INFO  main            d.u.i.k.p.r.p.TestFile    ... finished proof: closed. 
10781      INFO  main            d.u.i.k.p.r.p.TestFile    Now processing file /home/runner/work/key/key/key.core/../key.ui/examples/InformationFlow/SimpleEvoting/simple_evoting.Environment(simple_evoting.Environment__untrustedInputMessage((B)).JML normal_behavior operation contract.0.key 
14958      INFO  main            d.u.i.k.p.r.p.TestFile    ... finished proof: closed. 
15091      INFO  main            d.u.i.k.p.r.p.TestFile    Now processing file /home/runner/work/key/key/key.core/../key.ui/examples/InformationFlow/SimpleEvoting/simple_evoting.Environment(simple_evoting.Environment__untrustedInputMessage()).JML normal_behavior operation contract.0.key 
19784      INFO  main            d.u.i.k.p.r.p.TestFile    ... finished proof: closed. 
19955      INFO  main            d.u.i.k.p.r.p.TestFile    Now processing file /home/runner/work/key/key/key.core/../key.ui/examples/InformationFlow/SimpleEvoting/simple_evoting.Environment(simple_evoting.Environment__untrustedOutput(int)).JML normal_behavior operation contract.0.key 
23310      INFO  main            d.u.i.k.p.r.p.TestFile    ... finished proof: closed. 
23459      INFO  main            d.u.i.k.p.r.p.TestFile    Now processing file /home/runner/work/key/key/key.core/../key.ui/examples/InformationFlow/SimpleEvoting/simple_evoting.Environment(simple_evoting.Environment__untrustedInput(int)).JML normal_behavior operation contract.0.key 
26716      INFO  main            d.u.i.k.p.r.p.TestFile    ... finished proof: open goal(s) 
26847      INFO  main            d.u.i.k.p.r.p.TestFile    Now processing file /home/runner/work/key/key/key.core/../key.ui/examples/InformationFlow/SimpleEvoting/simple_evoting.Environment(simple_evoting.Environment__untrustedInput()).JML normal_behavior operation contract.0.key 
30068      INFO  main            d.u.i.k.p.r.p.TestFile    ... finished proof: open goal(s) 
30194      INFO  main            d.u.i.k.p.r.p.TestFile    Now processing file /home/runner/work/key/key/key.core/../key.ui/examples/InformationFlow/SimpleEvoting/simple_evoting.Environment(simple_evoting.Environment___rep()).JML accessible clause.0.key 
33407      INFO  main            d.u.i.k.p.r.p.TestFile    ... finished proof: closed. 
33542      INFO  main            d.u.i.k.p.r.p.TestFile    Now processing file /home/runner/work/key/key/key.core/../key.ui/examples/InformationFlow/SimpleEvoting/simple_evoting.SMT(simple_evoting.SMT__send(simple_evoting.Message,int,simple_evoting.Server)).JML normal_behavior operation contract.1.key 
45415      INFO  main            d.u.i.k.p.r.p.TestFile    ... finished proof: closed. 
45605      INFO  main            d.u.i.k.p.r.p.TestFile    Now processing file /home/runner/work/key/key/key.core/../key.ui/examples/InformationFlow/SimpleEvoting/simple_evoting.SMT(simple_evoting.SMT__send(simple_evoting.Message,int,simple_evoting.Server)).JML normal_behavior operation contract.0.key 
56503      INFO  main            d.u.i.k.p.r.p.TestFile    ... finished proof: closed. 
56687      INFO  main            d.u.i.k.p.r.p.TestFile    Now processing file /home/runner/work/key/key/key.core/../key.ui/examples/InformationFlow/SimpleEvoting/simple_evoting.Message(java.lang.Object___inv_()).JML accessible clause.0.key 
59952      INFO  main            d.u.i.k.p.r.p.TestFile    ... finished proof: closed. 
60108      INFO  main            d.u.i.k.p.r.p.TestFile    Now processing file /home/runner/work/key/key/key.core/../key.ui/examples/InformationFlow/SimpleEvoting/simple_evoting.Server(simple_evoting.Server__resultReady()).JML accessible clause.0.key 
64603      INFO  main            d.u.i.k.p.r.p.TestFile    ... finished proof: closed. 
64765      INFO  main            d.u.i.k.p.r.p.TestFile    Now processing file /home/runner/work/key/key/key.core/../key.ui/examples/InformationFlow/SimpleEvoting/simple_evoting.Server(simple_evoting.Server__resultReady()).JML normal_behavior operation contract.0.key 
68421      INFO  main            d.u.i.k.p.r.p.TestFile    ... finished proof: closed. 
68595      INFO  main            d.u.i.k.p.r.p.TestFile    Now processing file /home/runner/work/key/key/key.core/../key.ui/examples/InformationFlow/SimpleEvoting/simple_evoting.Server(simple_evoting.Server__onSendResult()).JML normal_behavior operation contract.0.key 
71884      INFO  main            d.u.i.k.p.r.p.TestFile    ... finished proof: closed. 
72039      INFO  main            d.u.i.k.p.r.p.TestFile    Now processing file /home/runner/work/key/key/key.core/../key.ui/examples/InformationFlow/SimpleEvoting/simple_evoting.Server(simple_evoting.Server__onCollectBallot(simple_evoting.Message)).JML normal_behavior operation contract.1.key 
75305      INFO  main            d.u.i.k.p.r.p.TestFile    ... finished proof: closed. 
75488      INFO  main            d.u.i.k.p.r.p.TestFile    Now processing file /home/runner/work/key/key/key.core/../key.ui/examples/InformationFlow/SimpleEvoting/simple_evoting.Server(simple_evoting.Server__onCollectBallot(simple_evoting.Message)).JML normal_behavior operation contract.0.key 
79113      INFO  main            d.u.i.k.p.r.p.TestFile    ... finished proof: closed. 
79329      INFO  main            d.u.i.k.p.r.p.TestFile    Now processing file /home/runner/work/key/key/key.core/../key.ui/examples/InformationFlow/SimpleEvoting/simple_evoting.Server(java.lang.Object___inv_()).JML accessible clause.0.key 
82571      INFO  main            d.u.i.k.p.r.p.TestFile    ... finished proof: closed. 
82741      INFO  main            d.u.i.k.p.r.p.TestFile    Now processing file /home/runner/work/key/key/key.core/../key.ui/examples/InformationFlow/SimpleEvoting/simple_evoting.SMTEnv(simple_evoting.SMTEnv__send(int,int,int,simple_evoting.Server,int)).JML normal_behavior operation contract.0.key 
86112      INFO  main            d.u.i.k.p.r.p.TestFile    ... finished proof: closed. 
86295      INFO  main            d.u.i.k.p.r.p.TestFile    Now processing file /home/runner/work/key/key/key.core/../key.ui/examples/InformationFlow/SimpleEvoting/simple_evoting.NetworkClient(simple_evoting.NetworkClient__send((B,simple_evoting.Server,int)).JML normal_behavior operation contract.0.key 
89451      INFO  main            d.u.i.k.p.r.p.TestFile    ... finished proof: closed. 
89625      INFO  main            d.u.i.k.p.r.p.TestFile    Now processing file /home/runner/work/key/key/key.core/../key.ui/examples/InformationFlow/SimpleEvoting/simple_evoting.Setup(simple_evoting.Setup__publishResult()).JML normal_behavior operation contract.0.key 
93247      INFO  main            d.u.i.k.p.r.p.TestFile    ... finished proof: closed. 
93424      INFO  main            d.u.i.k.p.r.p.TestFile    Now processing file /home/runner/work/key/key/key.core/../key.ui/examples/InformationFlow/SimpleEvoting/simple_evoting.Setup(simple_evoting.Setup__main()).JML normal_behavior operation contract.0.key 
130066     INFO  main            d.u.i.k.p.r.p.TestFile    ... finished proof: open goal(s) 
130329     INFO  main            d.u.i.k.p.r.p.TestFile    Now processing file /home/runner/work/key/key/key.core/../key.ui/examples/InformationFlow/SimpleEvoting/simple_evoting.Setup(java.lang.Object___inv_()).JML accessible clause.0.key 
136947     INFO  main            d.u.i.k.p.r.p.TestFile    ... finished proof: closed. 
137255     INFO  main            d.u.i.k.p.r.p.TestFile    Now processing file /home/runner/work/key/key/key.core/../key.ui/examples/InformationFlow/SimpleEvoting/simple_evoting.Voter(simple_evoting.Voter__onSendBallot(simple_evoting.Server)).JML normal_behavior operation contract.1.key 
144275     INFO  main            d.u.i.k.p.r.p.TestFile    ... finished proof: closed. 
144495     INFO  main            d.u.i.k.p.r.p.TestFile    Now processing file /home/runner/work/key/key/key.core/../key.ui/examples/InformationFlow/SimpleEvoting/simple_evoting.Voter(simple_evoting.Voter__onSendBallot(simple_evoting.Server)).JML normal_behavior operation contract.0.key 
154441     INFO  main            d.u.i.k.p.r.p.TestFile    ... finished proof: closed. 
154684     INFO  main            d.u.i.k.p.r.p.TestFile    Now processing file /home/runner/work/key/key/key.core/../key.ui/examples/InformationFlow/SimpleEvoting/simple_evoting.Voter(java.lang.Object___inv_()).JML accessible clause.0.key 
157791     INFO  main            d.u.i.k.p.r.p.TestFile    ... finished proof: closed. 
668331     INFO  Test worker     d.u.i.k.p.r.RunAllProofsTestUnit Returning from test SimpleEvoting 
668333     INFO  Test worker     d.u.i.k.p.r.RunAllProofsTestUnit Running test ToyVoting_nomacro 
376        INFO  Timeout watchdog d.u.i.k.p.r.p.ForkedTestFileRunner Timeout watcher launched (1000 secs.) 
393        WARN  main            d.u.i.k.s.ProofSettings   The settings in /home/runner/.key/proof-settings.props are *not* read. 
430        INFO  main            d.u.i.k.p.r.p.TestFile    Now processing file /home/runner/work/key/key/key.core/../key.ui/examples/InformationFlow/ToyVoting/Voter(Voter__insecure_voting()).Non-interference contract.0.key 
20251      INFO  main            d.u.i.k.p.r.p.TestFile    ... finished proof: open goal(s) 
20438      INFO  main            d.u.i.k.p.r.p.TestFile    Now processing file /home/runner/work/key/key/key.core/../key.ui/examples/InformationFlow/ToyVoting/Voter(Voter__publishVoterParticipation()).Non-interference contract.0.key 
23447      INFO  main            d.u.i.k.p.r.p.TestFile    ... finished proof: closed. 
23638      INFO  main            d.u.i.k.p.r.p.TestFile    Now processing file /home/runner/work/key/key/key.core/../key.ui/examples/InformationFlow/ToyVoting/Voter(Voter__isValid(int)).Non-interference contract.0.key 
26683      INFO  main            d.u.i.k.p.r.p.TestFile    ... finished proof: closed. 
26800      INFO  main            d.u.i.k.p.r.p.TestFile    Now processing file /home/runner/work/key/key/key.core/../key.ui/examples/InformationFlow/ToyVoting/Voter(Voter__sendVote(int)).Non-interference contract.0.key 
29582      INFO  main            d.u.i.k.p.r.p.TestFile    ... finished proof: closed. 
29702      INFO  main            d.u.i.k.p.r.p.TestFile    Now processing file /home/runner/work/key/key/key.core/../key.ui/examples/InformationFlow/ToyVoting/Voter(Voter__inputVote()).Non-interference contract.0.key 
32382      INFO  main            d.u.i.k.p.r.p.TestFile    ... finished proof: closed. 
701028     INFO  Test worker     d.u.i.k.p.r.RunAllProofsTestUnit Returning from test ToyVoting_nomacro 
701029     INFO  Test worker     d.u.i.k.p.r.RunAllProofsTestUnit Running test ConditionalConfidential_nomacro 
701029     INFO  Test worker     d.u.i.k.p.r.RunAllProofsTestUnit Returning from test ConditionalConfidential_nomacro 
701030     INFO  Test worker     d.u.i.k.p.r.RunAllProofsTestUnit Running test SumExample_nomacro 
359        INFO  Timeout watchdog d.u.i.k.p.r.p.ForkedTestFileRunner Timeout watcher launched (1000 secs.) 
369        WARN  main            d.u.i.k.s.ProofSettings   The settings in /home/runner/.key/proof-settings.props are *not* read. 
407        INFO  main            d.u.i.k.p.r.p.TestFile    Now processing file /home/runner/work/key/key/key.core/../key.ui/examples/InformationFlow/Sum/SumExample(SumExample__getSum()).Non-interference contract.0.key 
10842      INFO  main            d.u.i.k.p.r.p.TestFile    ... finished proof: closed. 
712167     INFO  Test worker     d.u.i.k.p.r.RunAllProofsTestUnit Returning from test SumExample_nomacro 
712169     INFO  Test worker     d.u.i.k.p.r.RunAllProofsTestUnit Running test ToyBanking_nomacro 
314        INFO  Timeout watchdog d.u.i.k.p.r.p.ForkedTestFileRunner Timeout watcher launched (1000 secs.) 
321        WARN  main            d.u.i.k.s.ProofSettings   The settings in /home/runner/.key/proof-settings.props are *not* read. 
350        INFO  main            d.u.i.k.p.r.p.TestFile    Now processing file /home/runner/work/key/key/key.core/../key.ui/examples/InformationFlow/ToyBanking/banking_example.UserAccount(banking_example.UserAccount__getBankAccount(int)).Non-interference contract.0.key 
11246      INFO  main            d.u.i.k.p.r.p.TestFile    ... finished proof: closed. 
11388      INFO  main            d.u.i.k.p.r.p.TestFile    Now processing file /home/runner/work/key/key/key.core/../key.ui/examples/InformationFlow/ToyBanking/banking_example.BankAccount(banking_example.BankAccount__depositMoney(int)).Non-interference contract.0.key 
15876      INFO  main            d.u.i.k.p.r.p.TestFile    ... finished proof: closed. 
16013      INFO  main            d.u.i.k.p.r.p.TestFile    Now processing file /home/runner/work/key/key/key.core/../key.ui/examples/InformationFlow/ToyBanking/banking_example.BankAccount(banking_example.BankAccount__getBalance()).Non-interference contract.0.key 
19314      INFO  main            d.u.i.k.p.r.p.TestFile    ... finished proof: closed. 
19441      INFO  main            d.u.i.k.p.r.p.TestFile    Now processing file /home/runner/work/key/key/key.core/../key.ui/examples/InformationFlow/ToyBanking/banking_example.BankAccount(banking_example.BankAccount__getId()).Non-interference contract.0.key 
22602      INFO  main            d.u.i.k.p.r.p.TestFile    ... finished proof: closed. 
22728      INFO  main            d.u.i.k.p.r.p.TestFile    Now processing file /home/runner/work/key/key/key.core/../key.ui/examples/InformationFlow/ToyBanking/banking_example.Bank(banking_example.Bank__login(int,(C)).Non-interference contract.0.key 
61305      INFO  main            d.u.i.k.p.r.p.TestFile    ... finished proof: open goal(s) 
61623      INFO  main            d.u.i.k.p.r.p.TestFile    Now processing file /home/runner/work/key/key/key.core/../key.ui/examples/InformationFlow/ToyBanking/banking_example2.UserAccount(banking_example2.UserAccount__getBankAccount(int)).Non-interference contract.0.key 
65912      INFO  main            d.u.i.k.p.r.p.TestFile    ... finished proof: closed. 
66188      INFO  main            d.u.i.k.p.r.p.TestFile    Now processing file /home/runner/work/key/key/key.core/../key.ui/examples/InformationFlow/ToyBanking/banking_example2.BankAccount(banking_example2.BankAccount__depositMoney(int)).Non-interference contract.0.key 
69652      INFO  main            d.u.i.k.p.r.p.TestFile    ... finished proof: closed. 
69792      INFO  main            d.u.i.k.p.r.p.TestFile    Now processing file /home/runner/work/key/key/key.core/../key.ui/examples/InformationFlow/ToyBanking/banking_example2.BankAccount(banking_example2.BankAccount__getBalance()).Non-interference contract.0.key 
72645      INFO  main            d.u.i.k.p.r.p.TestFile    ... finished proof: closed. 
72813      INFO  main            d.u.i.k.p.r.p.TestFile    Now processing file /home/runner/work/key/key/key.core/../key.ui/examples/InformationFlow/ToyBanking/banking_example2.BankAccount(banking_example2.BankAccount__getId()).Non-interference contract.0.key 
75776      INFO  main            d.u.i.k.p.r.p.TestFile    ... finished proof: closed. 
788262     INFO  Test worker     d.u.i.k.p.r.RunAllProofsTestUnit Returning from test ToyBanking_nomacro 
788263     INFO  Test worker     d.u.i.k.p.r.RunAllProofsTestUnit Running test BlockContracts_nomacro 
348        INFO  Timeout watchdog d.u.i.k.p.r.p.ForkedTestFileRunner Timeout watcher launched (1000 secs.) 
364        WARN  main            d.u.i.k.s.ProofSettings   The settings in /home/runner/.key/proof-settings.props are *not* read. 
407        INFO  main            d.u.i.k.p.r.p.TestFile    Now processing file /home/runner/work/key/key/key.core/../key.ui/examples/InformationFlow/BlockContracts/contract.IFBlockExamples(contract.IFBlockExamples__secure_5()).Non-interference contract.0.key 
9690       INFO  main            d.u.i.k.p.r.p.TestFile    ... finished proof: closed. 
9829       INFO  main            d.u.i.k.p.r.p.TestFile    Now processing file /home/runner/work/key/key/key.core/../key.ui/examples/InformationFlow/BlockContracts/contract.IFBlockExamples(contract.IFBlockExamples__block_no_return_secure(int)).Non-interference contract.0.key 
13253      INFO  main            d.u.i.k.p.r.p.TestFile    ... finished proof: closed. 
13394      INFO  main            d.u.i.k.p.r.p.TestFile    Now processing file /home/runner/work/key/key/key.core/../key.ui/examples/InformationFlow/BlockContracts/contract.IFBlockExamples(contract.IFBlockExamples__while_block_insecure(int)).Non-interference contract.0.key 
17700      INFO  main            d.u.i.k.p.r.p.TestFile    ... finished proof: open goal(s) 
17849      INFO  main            d.u.i.k.p.r.p.TestFile    Now processing file /home/runner/work/key/key/key.core/../key.ui/examples/InformationFlow/BlockContracts/contract.IFBlockExamples(contract.IFBlockExamples__while_block_secure(int)).Non-interference contract.0.key 
21686      INFO  main            d.u.i.k.p.r.p.TestFile    ... finished proof: closed. 
21862      INFO  main            d.u.i.k.p.r.p.TestFile    Now processing file /home/runner/work/key/key/key.core/../key.ui/examples/InformationFlow/BlockContracts/contract.IFBlockExamples(contract.IFBlockExamples__block_while_secure(int)).Non-interference contract.0.key 
26034      INFO  main            d.u.i.k.p.r.p.TestFile    ... finished proof: closed. 
26207      INFO  main            d.u.i.k.p.r.p.TestFile    Now processing file /home/runner/work/key/key/key.core/../key.ui/examples/InformationFlow/BlockContracts/contract.IFBlockExamples(contract.IFBlockExamples__insecure_4(int)).Non-interference contract.0.key 
30648      INFO  main            d.u.i.k.p.r.p.TestFile    ... finished proof: open goal(s) 
30854      INFO  main            d.u.i.k.p.r.p.TestFile    Now processing file /home/runner/work/key/key/key.core/../key.ui/examples/InformationFlow/BlockContracts/contract.IFBlockExamples(contract.IFBlockExamples__insecure_3(int)).Non-interference contract.0.key 
35387      INFO  main            d.u.i.k.p.r.p.TestFile    ... finished proof: open goal(s) 
35612      INFO  main            d.u.i.k.p.r.p.TestFile    Now processing file /home/runner/work/key/key/key.core/../key.ui/examples/InformationFlow/BlockContracts/contract.IFBlockExamples(contract.IFBlockExamples__secure_3(int)).Non-interference contract.0.key 
39928      INFO  main            d.u.i.k.p.r.p.TestFile    ... finished proof: closed. 
40167      INFO  main            d.u.i.k.p.r.p.TestFile    Now processing file /home/runner/work/key/key/key.core/../key.ui/examples/InformationFlow/BlockContracts/contract.IFBlockExamples(contract.IFBlockExamples__secure_2(int)).Non-interference contract.0.key 
44773      INFO  main            d.u.i.k.p.r.p.TestFile    ... finished proof: closed. 
45000      INFO  main            d.u.i.k.p.r.p.TestFile    Now processing file /home/runner/work/key/key/key.core/../key.ui/examples/InformationFlow/BlockContracts/contract.IFBlockExamples(contract.IFBlockExamples__secure_8(int)).Non-interference contract.0.key 
48153      INFO  main            d.u.i.k.p.r.p.TestFile    ... finished proof: closed. 
48368      INFO  main            d.u.i.k.p.r.p.TestFile    Now processing file /home/runner/work/key/key/key.core/../key.ui/examples/InformationFlow/BlockContracts/contract.IFBlockExamples(contract.IFBlockExamples__secure_7(int)).Non-interference contract.0.key 
51295      INFO  main            d.u.i.k.p.r.p.TestFile    ... finished proof: closed. 
51478      INFO  main            d.u.i.k.p.r.p.TestFile    Now processing file /home/runner/work/key/key/key.core/../key.ui/examples/InformationFlow/BlockContracts/contract.IFBlockExamples(contract.IFBlockExamples__secure_6(int)).Non-interference contract.0.key 
54456      INFO  main            d.u.i.k.p.r.p.TestFile    ... finished proof: closed. 
54624      INFO  main            d.u.i.k.p.r.p.TestFile    Now processing file /home/runner/work/key/key/key.core/../key.ui/examples/InformationFlow/BlockContracts/contract.IFBlockExamples(contract.IFBlockExamples__insecure_1(int)).Non-interference contract.0.key 
57698      INFO  main            d.u.i.k.p.r.p.TestFile    ... finished proof: open goal(s) 
57875      INFO  main            d.u.i.k.p.r.p.TestFile    Now processing file /home/runner/work/key/key/key.core/../key.ui/examples/InformationFlow/BlockContracts/contract.IFBlockExamples(contract.IFBlockExamples__secure_4(int)).Non-interference contract.0.key 
60920      INFO  main            d.u.i.k.p.r.p.TestFile    ... finished proof: closed. 
61103      INFO  main            d.u.i.k.p.r.p.TestFile    Now processing file /home/runner/work/key/key/key.core/../key.ui/examples/InformationFlow/BlockContracts/contract.IFBlockExamples(contract.IFBlockExamples__secure_1(int)).Non-interference contract.0.key 
64368      INFO  main            d.u.i.k.p.r.p.TestFile    ... finished proof: closed. 
64568      INFO  main            d.u.i.k.p.r.p.TestFile    Now processing file /home/runner/work/key/key/key.core/../key.ui/examples/InformationFlow/BlockContracts/contract.IFEfficiencyExamples(contract.IFEfficiencyExamples__mWithoutBlockContract()).Non-interference contract.0.key 
69717      INFO  main            d.u.i.k.p.r.p.TestFile    ... finished proof: closed. 
69938      INFO  main            d.u.i.k.p.r.p.TestFile    Now processing file /home/runner/work/key/key/key.core/../key.ui/examples/InformationFlow/BlockContracts/contract.IFEfficiencyExamples(contract.IFEfficiencyExamples__mWithBlockContract()).Non-interference contract.0.key 
74669      INFO  main            d.u.i.k.p.r.p.TestFile    ... finished proof: closed. 
863302     INFO  Test worker     d.u.i.k.p.r.RunAllProofsTestUnit Returning from test BlockContracts_nomacro 
863303     INFO  Test worker     d.u.i.k.p.r.RunAllProofsTestUnit Running test MethodContracts_nomacro 
301        INFO  Timeout watchdog d.u.i.k.p.r.p.ForkedTestFileRunner Timeout watcher launched (1000 secs.) 
308        WARN  main            d.u.i.k.s.ProofSettings   The settings in /home/runner/.key/proof-settings.props are *not* read. 
350        INFO  main            d.u.i.k.p.r.p.TestFile    Now processing file /home/runner/work/key/key/key.core/../key.ui/examples/InformationFlow/MethodContracts/contract.IFMethodContract(contract.IFMethodContract__secure_recursion_2((I,int)).Non-interference contract.0.key 
12221      INFO  main            d.u.i.k.p.r.p.TestFile    ... finished proof: closed. 
12372      INFO  main            d.u.i.k.p.r.p.TestFile    Now processing file /home/runner/work/key/key/key.core/../key.ui/examples/InformationFlow/MethodContracts/contract.IFMethodContract(contract.IFMethodContract__secure_recursion(int)).Non-interference contract.0.key 
15791      INFO  main            d.u.i.k.p.r.p.TestFile    ... finished proof: closed. 
15913      INFO  main            d.u.i.k.p.r.p.TestFile    Now processing file /home/runner/work/key/key/key.core/../key.ui/examples/InformationFlow/MethodContracts/contract.IFMethodContract(contract.IFMethodContract__secure_catch_exception()).Non-interference contract.0.key 
19061      INFO  main            d.u.i.k.p.r.p.TestFile    ... finished proof: closed. 
19184      INFO  main            d.u.i.k.p.r.p.TestFile    Now processing file /home/runner/work/key/key/key.core/../key.ui/examples/InformationFlow/MethodContracts/contract.IFMethodContract(contract.IFMethodContract__n6()).Non-interference contract.0.key 
22014      INFO  main            d.u.i.k.p.r.p.TestFile    ... finished proof: closed. 
22141      INFO  main            d.u.i.k.p.r.p.TestFile    Now processing file /home/runner/work/key/key/key.core/../key.ui/examples/InformationFlow/MethodContracts/contract.IFMethodContract(contract.IFMethodContract__secure_n6()).Non-interference contract.0.key 
24957      INFO  main            d.u.i.k.p.r.p.TestFile    ... finished proof: closed. 
25080      INFO  main            d.u.i.k.p.r.p.TestFile    Now processing file /home/runner/work/key/key/key.core/../key.ui/examples/InformationFlow/MethodContracts/contract.IFMethodContract(contract.IFMethodContract__secure_array_param((I,int)).Non-interference contract.0.key 
28740      INFO  main            d.u.i.k.p.r.p.TestFile    ... finished proof: closed. 
28873      INFO  main            d.u.i.k.p.r.p.TestFile    Now processing file /home/runner/work/key/key/key.core/../key.ui/examples/InformationFlow/MethodContracts/contract.IFMethodContract(contract.IFMethodContract__secure_assignment_0_n9()).Non-interference contract.0.key 
31601      INFO  main            d.u.i.k.p.r.p.TestFile    ... finished proof: closed. 
31799      INFO  main            d.u.i.k.p.r.p.TestFile    Now processing file /home/runner/work/key/key/key.core/../key.ui/examples/InformationFlow/MethodContracts/contract.IFMethodContract(contract.IFMethodContract__insecure_if_high_n5_n1()).Non-interference contract.0.key 
35043      INFO  main            d.u.i.k.p.r.p.TestFile    ... finished proof: open goal(s) 
35200      INFO  main            d.u.i.k.p.r.p.TestFile    Now processing file /home/runner/work/key/key/key.core/../key.ui/examples/InformationFlow/MethodContracts/contract.IFMethodContract(contract.IFMethodContract__n5(int)).Non-interference contract.0.key 
37829      INFO  main            d.u.i.k.p.r.p.TestFile    ... finished proof: closed. 
37977      INFO  main            d.u.i.k.p.r.p.TestFile    Now processing file /home/runner/work/key/key/key.core/../key.ui/examples/InformationFlow/MethodContracts/contract.IFMethodContract(contract.IFMethodContract__secure_if_high_n5_n1()).Non-interference contract.0.key 
41541      INFO  main            d.u.i.k.p.r.p.TestFile    ... finished proof: closed. 
41734      INFO  main            d.u.i.k.p.r.p.TestFile    Now processing file /home/runner/work/key/key/key.core/../key.ui/examples/InformationFlow/MethodContracts/contract.IFMethodContract(contract.IFMethodContract__secure_if_high_n1()).Non-interference contract.0.key 
44744      INFO  main            d.u.i.k.p.r.p.TestFile    ... finished proof: closed. 
44923      INFO  main            d.u.i.k.p.r.p.TestFile    Now processing file /home/runner/work/key/key/key.core/../key.ui/examples/InformationFlow/MethodContracts/contract.IFMethodContract(contract.IFMethodContract__secure_n5()).Non-interference contract.0.key 
47653      INFO  main            d.u.i.k.p.r.p.TestFile    ... finished proof: closed. 
47798      INFO  main            d.u.i.k.p.r.p.TestFile    Now processing file /home/runner/work/key/key/key.core/../key.ui/examples/InformationFlow/MethodContracts/contract.IFMethodContract(contract.IFMethodContract__n4()).Non-interference contract.0.key 
50368      INFO  main            d.u.i.k.p.r.p.TestFile    ... finished proof: closed. 
50517      INFO  main            d.u.i.k.p.r.p.TestFile    Now processing file /home/runner/work/key/key/key.core/../key.ui/examples/InformationFlow/MethodContracts/contract.IFMethodContract(contract.IFMethodContract__n3()).Non-interference contract.0.key 
53104      INFO  main            d.u.i.k.p.r.p.TestFile    ... finished proof: closed. 
53249      INFO  main            d.u.i.k.p.r.p.TestFile    Now processing file /home/runner/work/key/key/key.core/../key.ui/examples/InformationFlow/MethodContracts/contract.IFMethodContract(contract.IFMethodContract__secure_sequential_n3_precond_n4()).Non-interference contract.0.key 
56041      INFO  main            d.u.i.k.p.r.p.TestFile    ... finished proof: closed. 
56191      INFO  main            d.u.i.k.p.r.p.TestFile    Now processing file /home/runner/work/key/key/key.core/../key.ui/examples/InformationFlow/MethodContracts/contract.IFMethodContract(contract.IFMethodContract__insecure_assignment_n2()).Non-interference contract.0.key 
58960      INFO  main            d.u.i.k.p.r.p.TestFile    ... finished proof: open goal(s) 
59112      INFO  main            d.u.i.k.p.r.p.TestFile    Now processing file /home/runner/work/key/key/key.core/../key.ui/examples/InformationFlow/MethodContracts/contract.IFMethodContract(contract.IFMethodContract__secure_assignments_n2()).Non-interference contract.0.key 
61809      INFO  main            d.u.i.k.p.r.p.TestFile    ... finished proof: closed. 
62020      INFO  main            d.u.i.k.p.r.p.TestFile    Now processing file /home/runner/work/key/key/key.core/../key.ui/examples/InformationFlow/MethodContracts/contract.IFMethodContract(contract.IFMethodContract__n2()).Non-interference contract.0.key 
64705      INFO  main            d.u.i.k.p.r.p.TestFile    ... finished proof: closed. 
64856      INFO  main            d.u.i.k.p.r.p.TestFile    Now processing file /home/runner/work/key/key/key.core/../key.ui/examples/InformationFlow/MethodContracts/contract.IFMethodContract(contract.IFMethodContract__n1()).Non-interference contract.0.key 
67420      INFO  main            d.u.i.k.p.r.p.TestFile    ... finished proof: closed. 
67623      INFO  main            d.u.i.k.p.r.p.TestFile    Now processing file /home/runner/work/key/key/key.core/../key.ui/examples/InformationFlow/MethodContracts/contract.IFMethodContract(contract.IFMethodContract__secure_sequential_n1_n2()).Non-interference contract.0.key 
70302      INFO  main            d.u.i.k.p.r.p.TestFile    ... finished proof: closed. 
933934     INFO  Test worker     d.u.i.k.p.r.RunAllProofsTestUnit Returning from test MethodContracts_nomacro 
933937     INFO  Test worker     d.u.i.k.p.r.RunAllProofsTestUnit Running test LoopInvariants_nomacro 
354        INFO  Timeout watchdog d.u.i.k.p.r.p.ForkedTestFileRunner Timeout watcher launched (1000 secs.) 
374        WARN  main            d.u.i.k.s.ProofSettings   The settings in /home/runner/.key/proof-settings.props are *not* read. 
410        INFO  main            d.u.i.k.p.r.p.TestFile    Now processing file /home/runner/work/key/key/key.core/../key.ui/examples/InformationFlow/LoopInvariants/loop.IFLoopExamples(loop.IFLoopExamples__insecure_while_3(int)).Non-interference contract.0.key 
11008      INFO  main            d.u.i.k.p.r.p.TestFile    ... finished proof: open goal(s) 
11158      INFO  main            d.u.i.k.p.r.p.TestFile    Now processing file /home/runner/work/key/key/key.core/../key.ui/examples/InformationFlow/LoopInvariants/loop.IFLoopExamples(loop.IFLoopExamples__secure_while_2(int)).Non-interference contract.0.key 
15929      INFO  main            d.u.i.k.p.r.p.TestFile    ... finished proof: closed. 
16092      INFO  main            d.u.i.k.p.r.p.TestFile    Now processing file /home/runner/work/key/key/key.core/../key.ui/examples/InformationFlow/LoopInvariants/loop.IFLoopExamples(loop.IFLoopExamples__secure_while_4(int)).Non-interference contract.0.key 
20558      INFO  main            d.u.i.k.p.r.p.TestFile    ... finished proof: closed. 
20757      INFO  main            d.u.i.k.p.r.p.TestFile    Now processing file /home/runner/work/key/key/key.core/../key.ui/examples/InformationFlow/LoopInvariants/loop.IFLoopExamples(loop.IFLoopExamples__insecure_doubleNestedWhile2(int)).Non-interference contract.0.key 
32136      INFO  main            d.u.i.k.p.r.p.TestFile    ... finished proof: open goal(s) 
32363      INFO  main            d.u.i.k.p.r.p.TestFile    Now processing file /home/runner/work/key/key/key.core/../key.ui/examples/InformationFlow/LoopInvariants/loop.IFLoopExamples(loop.IFLoopExamples__insecure_doubleNestedWhile(int)).Non-interference contract.0.key 
42566      INFO  main            d.u.i.k.p.r.p.TestFile    ... finished proof: open goal(s) 
42857      INFO  main            d.u.i.k.p.r.p.TestFile    Now processing file /home/runner/work/key/key/key.core/../key.ui/examples/InformationFlow/LoopInvariants/loop.IFLoopExamples(loop.IFLoopExamples__secure_doubleNestedWhile(int)).Non-interference contract.0.key 
52537      INFO  main            d.u.i.k.p.r.p.TestFile    ... finished proof: closed. 
52835      INFO  main            d.u.i.k.p.r.p.TestFile    Now processing file /home/runner/work/key/key/key.core/../key.ui/examples/InformationFlow/LoopInvariants/loop.IFLoopExamples(loop.IFLoopExamples__secure_nestedTwoWhile(int)).Non-interference contract.0.key 
60670      INFO  main            d.u.i.k.p.r.p.TestFile    ... finished proof: closed. 
60857      INFO  main            d.u.i.k.p.r.p.TestFile    Now processing file /home/runner/work/key/key/key.core/../key.ui/examples/InformationFlow/LoopInvariants/loop.IFLoopExamples(loop.IFLoopExamples__secure_nestedWhile(int)).Non-interference contract.0.key 
66670      INFO  main            d.u.i.k.p.r.p.TestFile    ... finished proof: closed. 
66859      INFO  main            d.u.i.k.p.r.p.TestFile    Now processing file /home/runner/work/key/key/key.core/../key.ui/examples/InformationFlow/LoopInvariants/loop.IFLoopExamples(loop.IFLoopExamples__notSecure_while(int)).Non-interference contract.0.key 
70758      INFO  main            d.u.i.k.p.r.p.TestFile    ... finished proof: open goal(s) 
70910      INFO  main            d.u.i.k.p.r.p.TestFile    Now processing file /home/runner/work/key/key/key.core/../key.ui/examples/InformationFlow/LoopInvariants/loop.IFLoopExamples(loop.IFLoopExamples__notSecure_while_wrongInv(int)).Non-interference contract.0.key 
74156      INFO  main            d.u.i.k.p.r.p.TestFile    ... finished proof: open goal(s) 
74341      INFO  main            d.u.i.k.p.r.p.TestFile    Now processing file /home/runner/work/key/key/key.core/../key.ui/examples/InformationFlow/LoopInvariants/loop.IFLoopExamples(loop.IFLoopExamples__insecure_twoWhile(int)).Non-interference contract.0.key 
79000      INFO  main            d.u.i.k.p.r.p.TestFile    ... finished proof: open goal(s) 
79181      INFO  main            d.u.i.k.p.r.p.TestFile    Now processing file /home/runner/work/key/key/key.core/../key.ui/examples/InformationFlow/LoopInvariants/loop.IFLoopExamples(loop.IFLoopExamples__insecure_twoWhile_2(int)).Non-interference contract.0.key 
84129      INFO  main            d.u.i.k.p.r.p.TestFile    ... finished proof: open goal(s) 
84367      INFO  main            d.u.i.k.p.r.p.TestFile    Now processing file /home/runner/work/key/key/key.core/../key.ui/examples/InformationFlow/LoopInvariants/loop.IFLoopExamples(loop.IFLoopExamples__secure_twoWhile(int)).Non-interference contract.0.key 
88825      INFO  main            d.u.i.k.p.r.p.TestFile    ... finished proof: closed. 
89063      INFO  main            d.u.i.k.p.r.p.TestFile    Now processing file /home/runner/work/key/key/key.core/../key.ui/examples/InformationFlow/LoopInvariants/loop.IFLoopExamples(loop.IFLoopExamples__loc_secure_while(int)).Non-interference contract.0.key 
92905      INFO  main            d.u.i.k.p.r.p.TestFile    ... finished proof: closed. 
93099      INFO  main            d.u.i.k.p.r.p.TestFile    Now processing file /home/runner/work/key/key/key.core/../key.ui/examples/InformationFlow/LoopInvariants/loop.IFLoopExamples(loop.IFLoopExamples__secure_while(int)).Non-interference contract.0.key 
96772      INFO  main            d.u.i.k.p.r.p.TestFile    ... finished proof: closed. 
96951      INFO  main            d.u.i.k.p.r.p.TestFile    Now processing file /home/runner/work/key/key/key.core/../key.ui/examples/InformationFlow/LoopInvariants/loop.IFLoopExamples(loop.IFLoopExamples__print(int)).Non-interference contract.0.key 
99792      INFO  main            d.u.i.k.p.r.p.TestFile    ... finished proof: closed. 
99952      INFO  main            d.u.i.k.p.r.p.TestFile    Now processing file /home/runner/work/key/key/key.core/../key.ui/examples/InformationFlow/LoopInvariants/loop.IFLoopExamples(loop.IFLoopExamples__hammer(int)).Non-interference contract.0.key 
104588     INFO  main            d.u.i.k.p.r.p.TestFile    ... finished proof: closed. 
1038888    INFO  Test worker     d.u.i.k.p.r.RunAllProofsTestUnit Returning from test LoopInvariants_nomacro 
1038889    INFO  Test worker     d.u.i.k.p.r.RunAllProofsTestUnit Running test MiniExamples_nomacro 
342        INFO  Timeout watchdog d.u.i.k.p.r.p.ForkedTestFileRunner Timeout watcher launched (1000 secs.) 
350        WARN  main            d.u.i.k.s.ProofSettings   The settings in /home/runner/.key/proof-settings.props are *not* read. 
371        INFO  main            d.u.i.k.p.r.p.TestFile    Now processing file /home/runner/work/key/key/key.core/../key.ui/examples/InformationFlow/MiniExamples/mini.AliasingExamples(mini.AliasingExamples__insecure_1(mini.AliasingExamples,mini.AliasingExamples,int)).Non-interference contract.0.key 
9287       INFO  main            d.u.i.k.p.r.p.TestFile    ... finished proof: open goal(s) 
9401       INFO  main            d.u.i.k.p.r.p.TestFile    Now processing file /home/runner/work/key/key/key.core/../key.ui/examples/InformationFlow/MiniExamples/mini.AliasingExamples(mini.AliasingExamples__secure_1(mini.AliasingExamples,mini.AliasingExamples,int)).Non-interference contract.0.key 
12632      INFO  main            d.u.i.k.p.r.p.TestFile    ... finished proof: closed. 
12743      INFO  main            d.u.i.k.p.r.p.TestFile    Now processing file /home/runner/work/key/key/key.core/../key.ui/examples/InformationFlow/MiniExamples/mini.MiniExamplesLecture(mini.MiniExamplesLecture__m_6()).Non-interference contract.0.key 
15508      INFO  main            d.u.i.k.p.r.p.TestFile    ... finished proof: closed. 
15621      INFO  main            d.u.i.k.p.r.p.TestFile    Now processing file /home/runner/work/key/key/key.core/../key.ui/examples/InformationFlow/MiniExamples/mini.MiniExamplesLecture(mini.MiniExamplesLecture__m_5()).Non-interference contract.0.key 
18484      INFO  main            d.u.i.k.p.r.p.TestFile    ... finished proof: closed. 
18605      INFO  main            d.u.i.k.p.r.p.TestFile    Now processing file /home/runner/work/key/key/key.core/../key.ui/examples/InformationFlow/MiniExamples/mini.MiniExamplesLecture(mini.MiniExamplesLecture__m_4()).Non-interference contract.0.key 
21387      INFO  main            d.u.i.k.p.r.p.TestFile    ... finished proof: closed. 
21542      INFO  main            d.u.i.k.p.r.p.TestFile    Now processing file /home/runner/work/key/key/key.core/../key.ui/examples/InformationFlow/MiniExamples/mini.MiniExamplesLecture(mini.MiniExamplesLecture__m_3()).Non-interference contract.0.key 
24377      INFO  main            d.u.i.k.p.r.p.TestFile    ... finished proof: open goal(s) 
24503      INFO  main            d.u.i.k.p.r.p.TestFile    Now processing file /home/runner/work/key/key/key.core/../key.ui/examples/InformationFlow/MiniExamples/mini.MiniExamplesLecture(mini.MiniExamplesLecture__m_2()).Non-interference contract.0.key 
27279      INFO  main            d.u.i.k.p.r.p.TestFile    ... finished proof: closed. 
27467      INFO  main            d.u.i.k.p.r.p.TestFile    Now processing file /home/runner/work/key/key/key.core/../key.ui/examples/InformationFlow/MiniExamples/mini.MiniExamplesLecture(mini.MiniExamplesLecture__m_1()).Non-interference contract.0.key 
30123      INFO  main            d.u.i.k.p.r.p.TestFile    ... finished proof: open goal(s) 
30264      INFO  main            d.u.i.k.p.r.p.TestFile    Now processing file /home/runner/work/key/key/key.core/../key.ui/examples/InformationFlow/MiniExamples/mini.DifferenceSeqLocset(mini.DifferenceSeqLocset__m()).Non-interference contract.1.key 
33512      INFO  main            d.u.i.k.p.r.p.TestFile    ... finished proof: open goal(s) 
33655      INFO  main            d.u.i.k.p.r.p.TestFile    Now processing file /home/runner/work/key/key/key.core/../key.ui/examples/InformationFlow/MiniExamples/mini.DifferenceSeqLocset(mini.DifferenceSeqLocset__m()).Non-interference contract.0.key 
37916      INFO  main            d.u.i.k.p.r.p.TestFile    ... finished proof: open goal(s) 
38066      INFO  main            d.u.i.k.p.r.p.TestFile    Now processing file /home/runner/work/key/key/key.core/../key.ui/examples/InformationFlow/MiniExamples/mini.MiniExamples(mini.MiniExamples__secure_p2_8()).Non-interference contract.0.key 
40869      INFO  main            d.u.i.k.p.r.p.TestFile    ... finished proof: closed. 
41014      INFO  main            d.u.i.k.p.r.p.TestFile    Now processing file /home/runner/work/key/key/key.core/../key.ui/examples/InformationFlow/MiniExamples/mini.MiniExamples(mini.MiniExamples__secure_parameter(int)).Non-interference contract.0.key 
43635      INFO  main            d.u.i.k.p.r.p.TestFile    ... finished proof: closed. 
43770      INFO  main            d.u.i.k.p.r.p.TestFile    Now processing file /home/runner/work/key/key/key.core/../key.ui/examples/InformationFlow/MiniExamples/mini.MiniExamples(mini.MiniExamples__secure_p2_7()).Non-interference contract.0.key 
46568      INFO  main            d.u.i.k.p.r.p.TestFile    ... finished proof: closed. 
46713      INFO  main            d.u.i.k.p.r.p.TestFile    Now processing file /home/runner/work/key/key/key.core/../key.ui/examples/InformationFlow/MiniExamples/mini.MiniExamples(mini.MiniExamples__insecure_p2_2()).Non-interference contract.0.key 
49396      INFO  main            d.u.i.k.p.r.p.TestFile    ... finished proof: open goal(s) 
49542      INFO  main            d.u.i.k.p.r.p.TestFile    Now processing file /home/runner/work/key/key/key.core/../key.ui/examples/InformationFlow/MiniExamples/mini.MiniExamples(mini.MiniExamples__secure_p2_6()).Non-interference contract.0.key 
52142      INFO  main            d.u.i.k.p.r.p.TestFile    ... finished proof: closed. 
52287      INFO  main            d.u.i.k.p.r.p.TestFile    Now processing file /home/runner/work/key/key/key.core/../key.ui/examples/InformationFlow/MiniExamples/mini.MiniExamples(mini.MiniExamples__secure_p2_5()).Non-interference contract.0.key 
54967      INFO  main            d.u.i.k.p.r.p.TestFile    ... finished proof: closed. 
55119      INFO  main            d.u.i.k.p.r.p.TestFile    Now processing file /home/runner/work/key/key/key.core/../key.ui/examples/InformationFlow/MiniExamples/mini.MiniExamples(mini.MiniExamples__secure_p2_4()).Non-interference contract.0.key 
57705      INFO  main            d.u.i.k.p.r.p.TestFile    ... finished proof: closed. 
57884      INFO  main            d.u.i.k.p.r.p.TestFile    Now processing file /home/runner/work/key/key/key.core/../key.ui/examples/InformationFlow/MiniExamples/mini.MiniExamples(mini.MiniExamples__secure_p2_3()).Non-interference contract.0.key 
60444      INFO  main            d.u.i.k.p.r.p.TestFile    ... finished proof: closed. 
60639      INFO  main            d.u.i.k.p.r.p.TestFile    Now processing file /home/runner/work/key/key/key.core/../key.ui/examples/InformationFlow/MiniExamples/mini.MiniExamples(mini.MiniExamples__secure_p2_2()).Non-interference contract.0.key 
63191      INFO  main            d.u.i.k.p.r.p.TestFile    ... finished proof: closed. 
63345      INFO  main            d.u.i.k.p.r.p.TestFile    Now processing file /home/runner/work/key/key/key.core/../key.ui/examples/InformationFlow/MiniExamples/mini.MiniExamples(mini.MiniExamples__secure_p2_1()).Non-interference contract.0.key 
65915      INFO  main            d.u.i.k.p.r.p.TestFile    ... finished proof: closed. 
66071      INFO  main            d.u.i.k.p.r.p.TestFile    Now processing file /home/runner/work/key/key/key.core/../key.ui/examples/InformationFlow/MiniExamples/mini.MiniExamples(mini.MiniExamples__insecure_p2_1()).Non-interference contract.0.key 
68631      INFO  main            d.u.i.k.p.r.p.TestFile    ... finished proof: open goal(s) 
68798      INFO  main            d.u.i.k.p.r.p.TestFile    Now processing file /home/runner/work/key/key/key.core/../key.ui/examples/InformationFlow/MiniExamples/mini.MiniExamples(mini.MiniExamples__secure_p1_6()).Non-interference contract.0.key 
71329      INFO  main            d.u.i.k.p.r.p.TestFile    ... finished proof: closed. 
71495      INFO  main            d.u.i.k.p.r.p.TestFile    Now processing file /home/runner/work/key/key/key.core/../key.ui/examples/InformationFlow/MiniExamples/mini.MiniExamples(mini.MiniExamples__secure_p1_5()).Non-interference contract.0.key 
74224      INFO  main            d.u.i.k.p.r.p.TestFile    ... finished proof: closed. 
74394      INFO  main            d.u.i.k.p.r.p.TestFile    Now processing file /home/runner/work/key/key/key.core/../key.ui/examples/InformationFlow/MiniExamples/mini.MiniExamples(mini.MiniExamples__secure_p1_4()).Non-interference contract.0.key 
77032      INFO  main            d.u.i.k.p.r.p.TestFile    ... finished proof: closed. 
77206      INFO  main            d.u.i.k.p.r.p.TestFile    Now processing file /home/runner/work/key/key/key.core/../key.ui/examples/InformationFlow/MiniExamples/mini.MiniExamples(mini.MiniExamples__secure_p1_3()).Non-interference contract.0.key 
79730      INFO  main            d.u.i.k.p.r.p.TestFile    ... finished proof: closed. 
79898      INFO  main            d.u.i.k.p.r.p.TestFile    Now processing file /home/runner/work/key/key/key.core/../key.ui/examples/InformationFlow/MiniExamples/mini.MiniExamples(mini.MiniExamples__secure_p1_2()).Non-interference contract.0.key 
82540      INFO  main            d.u.i.k.p.r.p.TestFile    ... finished proof: closed. 
82728      INFO  main            d.u.i.k.p.r.p.TestFile    Now processing file /home/runner/work/key/key/key.core/../key.ui/examples/InformationFlow/MiniExamples/mini.MiniExamples(mini.MiniExamples__secure_p1_1()).Non-interference contract.1.key 
85341      INFO  main            d.u.i.k.p.r.p.TestFile    ... finished proof: closed. 
85518      INFO  main            d.u.i.k.p.r.p.TestFile    Now processing file /home/runner/work/key/key/key.core/../key.ui/examples/InformationFlow/MiniExamples/mini.MiniExamples(mini.MiniExamples__secure_p1_1()).Non-interference contract.0.key 
88133      INFO  main            d.u.i.k.p.r.p.TestFile    ... finished proof: closed. 
88318      INFO  main            d.u.i.k.p.r.p.TestFile    Now processing file /home/runner/work/key/key/key.core/../key.ui/examples/InformationFlow/MiniExamples/mini.MiniExamples(mini.MiniExamples__insecure_p1_2()).Non-interference contract.0.key 
90930      INFO  main            d.u.i.k.p.r.p.TestFile    ... finished proof: open goal(s) 
91109      INFO  main            d.u.i.k.p.r.p.TestFile    Now processing file /home/runner/work/key/key/key.core/../key.ui/examples/InformationFlow/MiniExamples/mini.MiniExamples(mini.MiniExamples__insecure_p1_1()).Non-interference contract.0.key 
93646      INFO  main            d.u.i.k.p.r.p.TestFile    ... finished proof: open goal(s) 
1132886    INFO  Test worker     d.u.i.k.p.r.RunAllProofsTestUnit Returning from test MiniExamples_nomacro 
1132887    INFO  Test worker     d.u.i.k.p.r.RunAllProofsTestUnit Running test NewObjects_nomacro 
331        INFO  Timeout watchdog d.u.i.k.p.r.p.ForkedTestFileRunner Timeout watcher launched (1000 secs.) 
352        WARN  main            d.u.i.k.s.ProofSettings   The settings in /home/runner/.key/proof-settings.props are *not* read. 
375        INFO  main            d.u.i.k.p.r.p.TestFile    Now processing file /home/runner/work/key/key/key.core/../key.ui/examples/InformationFlow/NewObjects/object.AmtoftBanerjee3(object.AmtoftBanerjee3__m()).Non-interference contract.0.key 
9219       INFO  main            d.u.i.k.p.r.p.TestFile    ... finished proof: closed. 
9334       INFO  main            d.u.i.k.p.r.p.TestFile    Now processing file /home/runner/work/key/key/key.core/../key.ui/examples/InformationFlow/NewObjects/object.AmtoftBanerjee(object.AmtoftBanerjee__m_2()).Non-interference contract.0.key 
13454      INFO  main            d.u.i.k.p.r.p.TestFile    ... finished proof: closed. 
13596      INFO  main            d.u.i.k.p.r.p.TestFile    Now processing file /home/runner/work/key/key/key.core/../key.ui/examples/InformationFlow/NewObjects/object.AmtoftBanerjee(object.AmtoftBanerjee__m_1()).Non-interference contract.1.key 
17182      INFO  main            d.u.i.k.p.r.p.TestFile    ... finished proof: open goal(s) 
17306      INFO  main            d.u.i.k.p.r.p.TestFile    Now processing file /home/runner/work/key/key/key.core/../key.ui/examples/InformationFlow/NewObjects/object.AmtoftBanerjee(object.AmtoftBanerjee__m_1()).Non-interference contract.0.key 
20712      INFO  main            d.u.i.k.p.r.p.TestFile    ... finished proof: closed. 
20847      INFO  main            d.u.i.k.p.r.p.TestFile    Now processing file /home/runner/work/key/key/key.core/../key.ui/examples/InformationFlow/NewObjects/object.AmtoftBanerjee(object.AmtoftBanerjee__getQ()).Non-interference contract.0.key 
23818      INFO  main            d.u.i.k.p.r.p.TestFile    ... finished proof: closed. 
23945      INFO  main            d.u.i.k.p.r.p.TestFile    Now processing file /home/runner/work/key/key/key.core/../key.ui/examples/InformationFlow/NewObjects/object.ObjectOrientation(object.ObjectOrientation__secure_while_i((Ljava.lang.Object)).Non-interference contract.0.key 
35660      INFO  main            d.u.i.k.p.r.p.TestFile    ... finished proof: closed. 
35837      INFO  main            d.u.i.k.p.r.p.TestFile    Now processing file /home/runner/work/key/key/key.core/../key.ui/examples/InformationFlow/NewObjects/object.ObjectOrientation(object.ObjectOrientation__secure_method_call()).Non-interference contract.0.key 
39140      INFO  main            d.u.i.k.p.r.p.TestFile    ... finished proof: closed. 
39294      INFO  main            d.u.i.k.p.r.p.TestFile    Now processing file /home/runner/work/key/key/key.core/../key.ui/examples/InformationFlow/NewObjects/object.ObjectOrientation(object.ObjectOrientation__if_two_object_creation_next()).Non-interference contract.1.key 
59497      INFO  main            d.u.i.k.p.r.p.TestFile    ... finished proof: open goal(s) 
59702      INFO  main            d.u.i.k.p.r.p.TestFile    Now processing file /home/runner/work/key/key/key.core/../key.ui/examples/InformationFlow/NewObjects/object.ObjectOrientation(object.ObjectOrientation__insecure_two_object_creation()).Non-interference contract.0.key 
79533      INFO  main            d.u.i.k.p.r.p.TestFile    ... finished proof: open goal(s) 
79789      INFO  main            d.u.i.k.p.r.p.TestFile    Now processing file /home/runner/work/key/key/key.core/../key.ui/examples/InformationFlow/NewObjects/object.ObjectOrientation(object.ObjectOrientation__secure_two_object_creation()).Non-interference contract.0.key 
94590      INFO  main            d.u.i.k.p.r.p.TestFile    ... finished proof: closed. 
94834      INFO  main            d.u.i.k.p.r.p.TestFile    Now processing file /home/runner/work/key/key/key.core/../key.ui/examples/InformationFlow/NewObjects/object.ObjectOrientation(object.ObjectOrientation__insecure_object_assignment()).Non-interference contract.1.key 
105787     INFO  main            d.u.i.k.p.r.p.TestFile    ... finished proof: open goal(s) 
105968     INFO  main            d.u.i.k.p.r.p.TestFile    Now processing file /home/runner/work/key/key/key.core/../key.ui/examples/InformationFlow/NewObjects/object.ObjectOrientation(object.ObjectOrientation__insecure_object_assignment()).Non-interference contract.0.key 
108921     INFO  main            d.u.i.k.p.r.p.TestFile    ... finished proof: open goal(s) 
109081     INFO  main            d.u.i.k.p.r.p.TestFile    Now processing file /home/runner/work/key/key/key.core/../key.ui/examples/InformationFlow/NewObjects/object.ObjectOrientation(object.ObjectOrientation__secure_object_creation_3()).Non-interference contract.0.key 
112259     INFO  main            d.u.i.k.p.r.p.TestFile    ... finished proof: closed. 
112422     INFO  main            d.u.i.k.p.r.p.TestFile    Now processing file /home/runner/work/key/key/key.core/../key.ui/examples/InformationFlow/NewObjects/object.ObjectOrientation(object.ObjectOrientation__secure_object_creation_2()).Non-interference contract.0.key 
115482     INFO  main            d.u.i.k.p.r.p.TestFile    ... finished proof: closed. 
115634     INFO  main            d.u.i.k.p.r.p.TestFile    Now processing file /home/runner/work/key/key/key.core/../key.ui/examples/InformationFlow/NewObjects/object.ObjectOrientation(object.ObjectOrientation__secure_object_creation()).Non-interference contract.0.key 
119221     INFO  main            d.u.i.k.p.r.p.TestFile    ... finished proof: closed. 
119421     INFO  main            d.u.i.k.p.r.p.TestFile    Now processing file /home/runner/work/key/key/key.core/../key.ui/examples/InformationFlow/NewObjects/object.AmtoftBanerjee2(object.AmtoftBanerjee2__expensive(int)).Non-interference contract.0.key 
122246     INFO  main            d.u.i.k.p.r.p.TestFile    ... finished proof: closed. 
122399     INFO  main            d.u.i.k.p.r.p.TestFile    Now processing file /home/runner/work/key/key/key.core/../key.ui/examples/InformationFlow/NewObjects/object.AmtoftBanerjee2(object.AmtoftBanerjee2__cexp(int)).Non-interference contract.0.key 
126627     INFO  main            d.u.i.k.p.r.p.TestFile    ... finished proof: closed. 
1259861    INFO  Test worker     d.u.i.k.p.r.RunAllProofsTestUnit Returning from test NewObjects_nomacro 
1259864    INFO  Test worker     d.u.i.k.p.r.RunAllProofsTestUnit Running test SimpleEvoting_nomacro 
339        INFO  Timeout watchdog d.u.i.k.p.r.p.ForkedTestFileRunner Timeout watcher launched (1000 secs.) 
346        WARN  main            d.u.i.k.s.ProofSettings   The settings in /home/runner/.key/proof-settings.props are *not* read. 
393        INFO  main            d.u.i.k.p.r.p.TestFile    Now processing file /home/runner/work/key/key/key.core/../key.ui/examples/InformationFlow/SimpleEvoting/simple_evoting.Environment(simple_evoting.Environment__untrustedOutputMessage((B)).Non-interference contract.0.key 
15792      INFO  main            d.u.i.k.p.r.p.TestFile    ... finished proof: closed. 
15966      INFO  main            d.u.i.k.p.r.p.TestFile    Now processing file /home/runner/work/key/key/key.core/../key.ui/examples/InformationFlow/SimpleEvoting/simple_evoting.Environment(simple_evoting.Environment__untrustedOutput(int)).Non-interference contract.0.key 
19352      INFO  main            d.u.i.k.p.r.p.TestFile    ... finished proof: closed. 
19467      INFO  main            d.u.i.k.p.r.p.TestFile    Now processing file /home/runner/work/key/key/key.core/../key.ui/examples/InformationFlow/SimpleEvoting/simple_evoting.Environment(simple_evoting.Environment__untrustedInput(int)).Non-interference contract.0.key 
22780      INFO  main            d.u.i.k.p.r.p.TestFile    ... finished proof: open goal(s) 
22903      INFO  main            d.u.i.k.p.r.p.TestFile    Now processing file /home/runner/work/key/key/key.core/../key.ui/examples/InformationFlow/SimpleEvoting/simple_evoting.Environment(simple_evoting.Environment__untrustedInput()).Non-interference contract.0.key 
26157      INFO  main            d.u.i.k.p.r.p.TestFile    ... finished proof: open goal(s) 
26287      INFO  main            d.u.i.k.p.r.p.TestFile    Now processing file /home/runner/work/key/key/key.core/../key.ui/examples/InformationFlow/SimpleEvoting/simple_evoting.SMT(simple_evoting.SMT__send(simple_evoting.Message,int,simple_evoting.Server)).Non-interference contract.1.key 
55553      INFO  main            d.u.i.k.p.r.p.TestFile    ... finished proof: closed. 
55778      INFO  main            d.u.i.k.p.r.p.TestFile    Now processing file /home/runner/work/key/key/key.core/../key.ui/examples/InformationFlow/SimpleEvoting/simple_evoting.SMT(simple_evoting.SMT__send(simple_evoting.Message,int,simple_evoting.Server)).Non-interference contract.0.key 
89979      INFO  main            d.u.i.k.p.r.p.TestFile    ... finished proof: closed. 
90212      INFO  main            d.u.i.k.p.r.p.TestFile    Now processing file /home/runner/work/key/key/key.core/../key.ui/examples/InformationFlow/SimpleEvoting/simple_evoting.NetworkClient(simple_evoting.NetworkClient__send((B,simple_evoting.Server,int)).Non-interference contract.0.key 
95958      INFO  main            d.u.i.k.p.r.p.TestFile    ... finished proof: closed. 
96129      INFO  main            d.u.i.k.p.r.p.TestFile    Now processing file /home/runner/work/key/key/key.core/../key.ui/examples/InformationFlow/SimpleEvoting/simple_evoting.Voter(simple_evoting.Voter__onSendBallot(simple_evoting.Server)).Non-interference contract.1.key 
108879     INFO  main            d.u.i.k.p.r.p.TestFile    ... finished proof: closed. 
109068     INFO  main            d.u.i.k.p.r.p.TestFile    Now processing file /home/runner/work/key/key/key.core/../key.ui/examples/InformationFlow/SimpleEvoting/simple_evoting.Voter(simple_evoting.Voter__onSendBallot(simple_evoting.Server)).Non-interference contract.0.key 
124243     INFO  main            d.u.i.k.p.r.p.TestFile    ... finished proof: closed. 
1384478    INFO  Test worker     d.u.i.k.p.r.RunAllProofsTestUnit Returning from test SimpleEvoting_nomacro 
1384479    INFO  Test worker     d.u.i.k.p.r.RunAllProofsTestUnit Running test ToyVoting_fullmacro 
420        INFO  Timeout watchdog d.u.i.k.p.r.p.ForkedTestFileRunner Timeout watcher launched (1000 secs.) 
434        WARN  main            d.u.i.k.s.ProofSettings   The settings in /home/runner/.key/proof-settings.props are *not* read. 
457        INFO  main            d.u.i.k.p.r.p.TestFile    Now processing file /home/runner/work/key/key/key.core/../key.ui/examples/InformationFlow/ToyVoting/Voter(Voter__insecure_voting()).Non-interference contract.0.m.key 
32251      INFO  main            d.u.i.k.p.r.p.TestFile    ... finished proof: open goal(s) 
32439      INFO  main            d.u.i.k.p.r.p.TestFile    Now processing file /home/runner/work/key/key/key.core/../key.ui/examples/InformationFlow/ToyVoting/Voter(Voter__publishVoterParticipation()).Non-interference contract.0.m.key 
35367      INFO  main            d.u.i.k.p.r.p.TestFile    ... finished proof: closed. 
35580      INFO  main            d.u.i.k.p.r.p.TestFile    Now processing file /home/runner/work/key/key/key.core/../key.ui/examples/InformationFlow/ToyVoting/Voter(Voter__isValid(int)).Non-interference contract.0.m.key 
38418      INFO  main            d.u.i.k.p.r.p.TestFile    ... finished proof: closed. 
38579      INFO  main            d.u.i.k.p.r.p.TestFile    Now processing file /home/runner/work/key/key/key.core/../key.ui/examples/InformationFlow/ToyVoting/Voter(Voter__sendVote(int)).Non-interference contract.0.m.key 
41390      INFO  main            d.u.i.k.p.r.p.TestFile    ... finished proof: closed. 
41514      INFO  main            d.u.i.k.p.r.p.TestFile    Now processing file /home/runner/work/key/key/key.core/../key.ui/examples/InformationFlow/ToyVoting/Voter(Voter__inputVote()).Non-interference contract.0.m.key 
44220      INFO  main            d.u.i.k.p.r.p.TestFile    ... finished proof: closed. 
44344      INFO  main            d.u.i.k.p.r.p.TestFile    Now processing file /home/runner/work/key/key/key.core/../key.ui/examples/InformationFlow/ToyVoting/Voter(Voter__secure_voting()).Non-interference contract.0.m.key 
54610      INFO  main            d.u.i.k.p.r.p.TestFile    ... finished proof: closed. 
1439446    INFO  Test worker     d.u.i.k.p.r.RunAllProofsTestUnit Returning from test ToyVoting_fullmacro 
1439448    INFO  Test worker     d.u.i.k.p.r.RunAllProofsTestUnit Running test SumExample_fullmacro 
360        INFO  Timeout watchdog d.u.i.k.p.r.p.ForkedTestFileRunner Timeout watcher launched (1000 secs.) 
371        WARN  main            d.u.i.k.s.ProofSettings   The settings in /home/runner/.key/proof-settings.props are *not* read. 
407        INFO  main            d.u.i.k.p.r.p.TestFile    Now processing file /home/runner/work/key/key/key.core/../key.ui/examples/InformationFlow/Sum/SumExample(SumExample__getSum()).Non-interference contract.0.m.key 
9887       INFO  main            d.u.i.k.p.r.p.TestFile    ... finished proof: closed. 
1449636    INFO  Test worker     d.u.i.k.p.r.RunAllProofsTestUnit Returning from test SumExample_fullmacro 
1449636    INFO  Test worker     d.u.i.k.p.r.RunAllProofsTestUnit Running test ToyBanking_fullmacro 
323        INFO  Timeout watchdog d.u.i.k.p.r.p.ForkedTestFileRunner Timeout watcher launched (1000 secs.) 
323        WARN  main            d.u.i.k.s.ProofSettings   The settings in /home/runner/.key/proof-settings.props are *not* read. 
347        INFO  main            d.u.i.k.p.r.p.TestFile    Now processing file /home/runner/work/key/key/key.core/../key.ui/examples/InformationFlow/ToyBanking/banking_example.UserAccount(banking_example.UserAccount__getBankAccount(int)).Non-interference contract.0.m.key 
12817      INFO  main            d.u.i.k.p.r.p.TestFile    ... finished proof: closed. 
13048      INFO  main            d.u.i.k.p.r.p.TestFile    Now processing file /home/runner/work/key/key/key.core/../key.ui/examples/InformationFlow/ToyBanking/banking_example.UserAccount(banking_example.UserAccount__tryLogin(int,(C)).Non-interference contract.0.m.key 
65818      INFO  main            d.u.i.k.p.r.p.TestFile    ... finished proof: closed. 
66104      INFO  main            d.u.i.k.p.r.p.TestFile    Now processing file /home/runner/work/key/key/key.core/../key.ui/examples/InformationFlow/ToyBanking/banking_example.BankAccount(banking_example.BankAccount__depositMoney(int)).Non-interference contract.0.m.key 
69444      INFO  main            d.u.i.k.p.r.p.TestFile    ... finished proof: closed. 
69694      INFO  main            d.u.i.k.p.r.p.TestFile    Now processing file /home/runner/work/key/key/key.core/../key.ui/examples/InformationFlow/ToyBanking/banking_example.BankAccount(banking_example.BankAccount__getBalance()).Non-interference contract.0.m.key 
72552      INFO  main            d.u.i.k.p.r.p.TestFile    ... finished proof: closed. 
72690      INFO  main            d.u.i.k.p.r.p.TestFile    Now processing file /home/runner/work/key/key/key.core/../key.ui/examples/InformationFlow/ToyBanking/banking_example.BankAccount(banking_example.BankAccount__getId()).Non-interference contract.0.m.key 
75616      INFO  main            d.u.i.k.p.r.p.TestFile    ... finished proof: closed. 
75755      INFO  main            d.u.i.k.p.r.p.TestFile    Now processing file /home/runner/work/key/key/key.core/../key.ui/examples/InformationFlow/ToyBanking/banking_example.Bank(banking_example.Bank__login(int,(C)).Non-interference contract.0.m.key 
224732     INFO  main            d.u.i.k.p.r.p.TestFile    ... finished proof: open goal(s) 
225076     INFO  main            d.u.i.k.p.r.p.TestFile    Now processing file /home/runner/work/key/key/key.core/../key.ui/examples/InformationFlow/ToyBanking/banking_example2.UserAccount(banking_example2.UserAccount__getBankAccount(int)).Non-interference contract.0.m.key 
229485     INFO  main            d.u.i.k.p.r.p.TestFile    ... finished proof: closed. 
229897     INFO  main            d.u.i.k.p.r.p.TestFile    Now processing file /home/runner/work/key/key/key.core/../key.ui/examples/InformationFlow/ToyBanking/banking_example2.UserAccount(banking_example2.UserAccount__tryLogin(int,(C)).Non-interference contract.0.m.key 
244980     INFO  main            d.u.i.k.p.r.p.TestFile    ... finished proof: closed. 
245284     INFO  main            d.u.i.k.p.r.p.TestFile    Now processing file /home/runner/work/key/key/key.core/../key.ui/examples/InformationFlow/ToyBanking/banking_example2.BankAccount(banking_example2.BankAccount__depositMoney(int)).Non-interference contract.0.m.key 
248295     INFO  main            d.u.i.k.p.r.p.TestFile    ... finished proof: closed. 
248481     INFO  main            d.u.i.k.p.r.p.TestFile    Now processing file /home/runner/work/key/key/key.core/../key.ui/examples/InformationFlow/ToyBanking/banking_example2.BankAccount(banking_example2.BankAccount__getBalance()).Non-interference contract.0.m.key 
251131     INFO  main            d.u.i.k.p.r.p.TestFile    ... finished proof: closed. 
251312     INFO  main            d.u.i.k.p.r.p.TestFile    Now processing file /home/runner/work/key/key/key.core/../key.ui/examples/InformationFlow/ToyBanking/banking_example2.BankAccount(banking_example2.BankAccount__getId()).Non-interference contract.0.m.key 
253991     INFO  main            d.u.i.k.p.r.p.TestFile    ... finished proof: closed. 
1703963    INFO  Test worker     d.u.i.k.p.r.RunAllProofsTestUnit Returning from test ToyBanking_fullmacro 
1703964    INFO  Test worker     d.u.i.k.p.r.RunAllProofsTestUnit Running test BlockContracts_fullmacro 
356        INFO  Timeout watchdog d.u.i.k.p.r.p.ForkedTestFileRunner Timeout watcher launched (1000 secs.) 
378        WARN  main            d.u.i.k.s.ProofSettings   The settings in /home/runner/.key/proof-settings.props are *not* read. 
421        INFO  main            d.u.i.k.p.r.p.TestFile    Now processing file /home/runner/work/key/key/key.core/../key.ui/examples/InformationFlow/BlockContracts/contract.IFBlockExamples(contract.IFBlockExamples__secure_5()).Non-interference contract.0.m.key 
9385       INFO  main            d.u.i.k.p.r.p.TestFile    ... finished proof: closed. 
9498       INFO  main            d.u.i.k.p.r.p.TestFile    Now processing file /home/runner/work/key/key/key.core/../key.ui/examples/InformationFlow/BlockContracts/contract.IFBlockExamples(contract.IFBlockExamples__block_no_return_secure(int)).Non-interference contract.0.m.key 
12767      INFO  main            d.u.i.k.p.r.p.TestFile    ... finished proof: closed. 
12902      INFO  main            d.u.i.k.p.r.p.TestFile    Now processing file /home/runner/work/key/key/key.core/../key.ui/examples/InformationFlow/BlockContracts/contract.IFBlockExamples(contract.IFBlockExamples__while_block_insecure(int)).Non-interference contract.0.m.key 
16834      INFO  main            d.u.i.k.p.r.p.TestFile    ... finished proof: open goal(s) 
17005      INFO  main            d.u.i.k.p.r.p.TestFile    Now processing file /home/runner/work/key/key/key.core/../key.ui/examples/InformationFlow/BlockContracts/contract.IFBlockExamples(contract.IFBlockExamples__while_block_secure(int)).Non-interference contract.0.m.key 
20754      INFO  main            d.u.i.k.p.r.p.TestFile    ... finished proof: closed. 
20925      INFO  main            d.u.i.k.p.r.p.TestFile    Now processing file /home/runner/work/key/key/key.core/../key.ui/examples/InformationFlow/BlockContracts/contract.IFBlockExamples(contract.IFBlockExamples__block_while_secure(int)).Non-interference contract.0.m.key 
24493      INFO  main            d.u.i.k.p.r.p.TestFile    ... finished proof: closed. 
24660      INFO  main            d.u.i.k.p.r.p.TestFile    Now processing file /home/runner/work/key/key/key.core/../key.ui/examples/InformationFlow/BlockContracts/contract.IFBlockExamples(contract.IFBlockExamples__insecure_4(int)).Non-interference contract.0.m.key 
28451      INFO  main            d.u.i.k.p.r.p.TestFile    ... finished proof: open goal(s) 
28667      INFO  main            d.u.i.k.p.r.p.TestFile    Now processing file /home/runner/work/key/key/key.core/../key.ui/examples/InformationFlow/BlockContracts/contract.IFBlockExamples(contract.IFBlockExamples__insecure_3(int)).Non-interference contract.0.m.key 
37884      INFO  main            d.u.i.k.p.r.p.TestFile    ... finished proof: open goal(s) 
38158      INFO  main            d.u.i.k.p.r.p.TestFile    Now processing file /home/runner/work/key/key/key.core/../key.ui/examples/InformationFlow/BlockContracts/contract.IFBlockExamples(contract.IFBlockExamples__secure_3(int)).Non-interference contract.0.m.key 
41647      INFO  main            d.u.i.k.p.r.p.TestFile    ... finished proof: closed. 
41888      INFO  main            d.u.i.k.p.r.p.TestFile    Now processing file /home/runner/work/key/key/key.core/../key.ui/examples/InformationFlow/BlockContracts/contract.IFBlockExamples(contract.IFBlockExamples__secure_2(int)).Non-interference contract.0.m.key 
45577      INFO  main            d.u.i.k.p.r.p.TestFile    ... finished proof: closed. 
45795      INFO  main            d.u.i.k.p.r.p.TestFile    Now processing file /home/runner/work/key/key/key.core/../key.ui/examples/InformationFlow/BlockContracts/contract.IFBlockExamples(contract.IFBlockExamples__secure_8(int)).Non-interference contract.0.m.key 
48633      INFO  main            d.u.i.k.p.r.p.TestFile    ... finished proof: closed. 
48854      INFO  main            d.u.i.k.p.r.p.TestFile    Now processing file /home/runner/work/key/key/key.core/../key.ui/examples/InformationFlow/BlockContracts/contract.IFBlockExamples(contract.IFBlockExamples__secure_7(int)).Non-interference contract.0.m.key 
51603      INFO  main            d.u.i.k.p.r.p.TestFile    ... finished proof: closed. 
51814      INFO  main            d.u.i.k.p.r.p.TestFile    Now processing file /home/runner/work/key/key/key.core/../key.ui/examples/InformationFlow/BlockContracts/contract.IFBlockExamples(contract.IFBlockExamples__secure_6(int)).Non-interference contract.0.m.key 
54546      INFO  main            d.u.i.k.p.r.p.TestFile    ... finished proof: closed. 
54759      INFO  main            d.u.i.k.p.r.p.TestFile    Now processing file /home/runner/work/key/key/key.core/../key.ui/examples/InformationFlow/BlockContracts/contract.IFBlockExamples(contract.IFBlockExamples__insecure_1(int)).Non-interference contract.0.m.key 
57686      INFO  main            d.u.i.k.p.r.p.TestFile    ... finished proof: open goal(s) 
57878      INFO  main            d.u.i.k.p.r.p.TestFile    Now processing file /home/runner/work/key/key/key.core/../key.ui/examples/InformationFlow/BlockContracts/contract.IFBlockExamples(contract.IFBlockExamples__secure_4(int)).Non-interference contract.0.m.key 
60749      INFO  main            d.u.i.k.p.r.p.TestFile    ... finished proof: closed. 
60942      INFO  main            d.u.i.k.p.r.p.TestFile    Now processing file /home/runner/work/key/key/key.core/../key.ui/examples/InformationFlow/BlockContracts/contract.IFBlockExamples(contract.IFBlockExamples__secure_1(int)).Non-interference contract.0.m.key 
63844      INFO  main            d.u.i.k.p.r.p.TestFile    ... finished proof: closed. 
64042      INFO  main            d.u.i.k.p.r.p.TestFile    Now processing file /home/runner/work/key/key/key.core/../key.ui/examples/InformationFlow/BlockContracts/contract.IFEfficiencyExamples(contract.IFEfficiencyExamples__mWithoutBlockContract()).Non-interference contract.0.m.key 
70593      INFO  main            d.u.i.k.p.r.p.TestFile    ... finished proof: closed. 
70844      INFO  main            d.u.i.k.p.r.p.TestFile    Now processing file /home/runner/work/key/key/key.core/../key.ui/examples/InformationFlow/BlockContracts/contract.IFEfficiencyExamples(contract.IFEfficiencyExamples__mWithBlockContract()).Non-interference contract.0.m.key 
74611      INFO  main            d.u.i.k.p.r.p.TestFile    ... finished proof: closed. 
1778969    INFO  Test worker     d.u.i.k.p.r.RunAllProofsTestUnit Returning from test BlockContracts_fullmacro 
1778970    INFO  Test worker     d.u.i.k.p.r.RunAllProofsTestUnit Running test MethodContracts_fullmacro 
326        INFO  Timeout watchdog d.u.i.k.p.r.p.ForkedTestFileRunner Timeout watcher launched (1000 secs.) 
350        WARN  main            d.u.i.k.s.ProofSettings   The settings in /home/runner/.key/proof-settings.props are *not* read. 
376        INFO  main            d.u.i.k.p.r.p.TestFile    Now processing file /home/runner/work/key/key/key.core/../key.ui/examples/InformationFlow/MethodContracts/contract.IFMethodContract(contract.IFMethodContract__secure_recursion_2((I,int)).Non-interference contract.0.m.key 
12163      INFO  main            d.u.i.k.p.r.p.TestFile    ... finished proof: closed. 
12300      INFO  main            d.u.i.k.p.r.p.TestFile    Now processing file /home/runner/work/key/key/key.core/../key.ui/examples/InformationFlow/MethodContracts/contract.IFMethodContract(contract.IFMethodContract__secure_recursion(int)).Non-interference contract.0.m.key 
15609      INFO  main            d.u.i.k.p.r.p.TestFile    ... finished proof: closed. 
15742      INFO  main            d.u.i.k.p.r.p.TestFile    Now processing file /home/runner/work/key/key/key.core/../key.ui/examples/InformationFlow/MethodContracts/contract.IFMethodContract(contract.IFMethodContract__secure_catch_exception()).Non-interference contract.0.m.key 
18672      INFO  main            d.u.i.k.p.r.p.TestFile    ... finished proof: closed. 
18868      INFO  main            d.u.i.k.p.r.p.TestFile    Now processing file /home/runner/work/key/key/key.core/../key.ui/examples/InformationFlow/MethodContracts/contract.IFMethodContract(contract.IFMethodContract__n6()).Non-interference contract.0.m.key 
21556      INFO  main            d.u.i.k.p.r.p.TestFile    ... finished proof: closed. 
21680      INFO  main            d.u.i.k.p.r.p.TestFile    Now processing file /home/runner/work/key/key/key.core/../key.ui/examples/InformationFlow/MethodContracts/contract.IFMethodContract(contract.IFMethodContract__secure_n6()).Non-interference contract.0.m.key 
24427      INFO  main            d.u.i.k.p.r.p.TestFile    ... finished proof: closed. 
24568      INFO  main            d.u.i.k.p.r.p.TestFile    Now processing file /home/runner/work/key/key/key.core/../key.ui/examples/InformationFlow/MethodContracts/contract.IFMethodContract(contract.IFMethodContract__secure_array_param((I,int)).Non-interference contract.0.m.key 
28492      INFO  main            d.u.i.k.p.r.p.TestFile    ... finished proof: closed. 
28633      INFO  main            d.u.i.k.p.r.p.TestFile    Now processing file /home/runner/work/key/key/key.core/../key.ui/examples/InformationFlow/MethodContracts/contract.IFMethodContract(contract.IFMethodContract__secure_assignment_0_n9()).Non-interference contract.0.m.key 
31373      INFO  main            d.u.i.k.p.r.p.TestFile    ... finished proof: closed. 
31559      INFO  main            d.u.i.k.p.r.p.TestFile    Now processing file /home/runner/work/key/key/key.core/../key.ui/examples/InformationFlow/MethodContracts/contract.IFMethodContract(contract.IFMethodContract__insecure_if_high_n5_n1()).Non-interference contract.0.m.key 
34678      INFO  main            d.u.i.k.p.r.p.TestFile    ... finished proof: open goal(s) 
34836      INFO  main            d.u.i.k.p.r.p.TestFile    Now processing file /home/runner/work/key/key/key.core/../key.ui/examples/InformationFlow/MethodContracts/contract.IFMethodContract(contract.IFMethodContract__n5(int)).Non-interference contract.0.m.key 
37413      INFO  main            d.u.i.k.p.r.p.TestFile    ... finished proof: closed. 
37584      INFO  main            d.u.i.k.p.r.p.TestFile    Now processing file /home/runner/work/key/key/key.core/../key.ui/examples/InformationFlow/MethodContracts/contract.IFMethodContract(contract.IFMethodContract__secure_if_high_n5_n1()).Non-interference contract.0.m.key 
40821      INFO  main            d.u.i.k.p.r.p.TestFile    ... finished proof: closed. 
40989      INFO  main            d.u.i.k.p.r.p.TestFile    Now processing file /home/runner/work/key/key/key.core/../key.ui/examples/InformationFlow/MethodContracts/contract.IFMethodContract(contract.IFMethodContract__secure_if_high_n1()).Non-interference contract.0.m.key 
43901      INFO  main            d.u.i.k.p.r.p.TestFile    ... finished proof: closed. 
44080      INFO  main            d.u.i.k.p.r.p.TestFile    Now processing file /home/runner/work/key/key/key.core/../key.ui/examples/InformationFlow/MethodContracts/contract.IFMethodContract(contract.IFMethodContract__secure_n5()).Non-interference contract.0.m.key 
46705      INFO  main            d.u.i.k.p.r.p.TestFile    ... finished proof: closed. 
46857      INFO  main            d.u.i.k.p.r.p.TestFile    Now processing file /home/runner/work/key/key/key.core/../key.ui/examples/InformationFlow/MethodContracts/contract.IFMethodContract(contract.IFMethodContract__n4()).Non-interference contract.0.m.key 
49414      INFO  main            d.u.i.k.p.r.p.TestFile    ... finished proof: closed. 
49559      INFO  main            d.u.i.k.p.r.p.TestFile    Now processing file /home/runner/work/key/key/key.core/../key.ui/examples/InformationFlow/MethodContracts/contract.IFMethodContract(contract.IFMethodContract__n3()).Non-interference contract.0.m.key 
52081      INFO  main            d.u.i.k.p.r.p.TestFile    ... finished proof: closed. 
52238      INFO  main            d.u.i.k.p.r.p.TestFile    Now processing file /home/runner/work/key/key/key.core/../key.ui/examples/InformationFlow/MethodContracts/contract.IFMethodContract(contract.IFMethodContract__secure_sequential_n3_precond_n4()).Non-interference contract.0.m.key 
54965      INFO  main            d.u.i.k.p.r.p.TestFile    ... finished proof: closed. 
55128      INFO  main            d.u.i.k.p.r.p.TestFile    Now processing file /home/runner/work/key/key/key.core/../key.ui/examples/InformationFlow/MethodContracts/contract.IFMethodContract(contract.IFMethodContract__insecure_assignment_n2()).Non-interference contract.0.m.key 
57817      INFO  main            d.u.i.k.p.r.p.TestFile    ... finished proof: open goal(s) 
57984      INFO  main            d.u.i.k.p.r.p.TestFile    Now processing file /home/runner/work/key/key/key.core/../key.ui/examples/InformationFlow/MethodContracts/contract.IFMethodContract(contract.IFMethodContract__secure_assignments_n2()).Non-interference contract.0.m.key 
60668      INFO  main            d.u.i.k.p.r.p.TestFile    ... finished proof: closed. 
60870      INFO  main            d.u.i.k.p.r.p.TestFile    Now processing file /home/runner/work/key/key/key.core/../key.ui/examples/InformationFlow/MethodContracts/contract.IFMethodContract(contract.IFMethodContract__n2()).Non-interference contract.0.m.key 
63400      INFO  main            d.u.i.k.p.r.p.TestFile    ... finished proof: closed. 
63574      INFO  main            d.u.i.k.p.r.p.TestFile    Now processing file /home/runner/work/key/key/key.core/../key.ui/examples/InformationFlow/MethodContracts/contract.IFMethodContract(contract.IFMethodContract__n1()).Non-interference contract.0.m.key 
66066      INFO  main            d.u.i.k.p.r.p.TestFile    ... finished proof: closed. 
66226      INFO  main            d.u.i.k.p.r.p.TestFile    Now processing file /home/runner/work/key/key/key.core/../key.ui/examples/InformationFlow/MethodContracts/contract.IFMethodContract(contract.IFMethodContract__secure_sequential_n1_n2()).Non-interference contract.0.m.key 
68884      INFO  main            d.u.i.k.p.r.p.TestFile    ... finished proof: closed. 
1848219    INFO  Test worker     d.u.i.k.p.r.RunAllProofsTestUnit Returning from test MethodContracts_fullmacro 
1848220    INFO  Test worker     d.u.i.k.p.r.RunAllProofsTestUnit Running test InformationFlow_fullmacro 
327        INFO  Timeout watchdog d.u.i.k.p.r.p.ForkedTestFileRunner Timeout watcher launched (1000 secs.) 
328        WARN  main            d.u.i.k.s.ProofSettings   The settings in /home/runner/.key/proof-settings.props are *not* read. 
359        INFO  main            d.u.i.k.p.r.p.TestFile    Now processing file /home/runner/work/key/key/key.core/../key.ui/examples/InformationFlow/LoopInvariants/loop.IFLoopExamples(loop.IFLoopExamples__insecure_while_3(int)).Non-interference contract.0.m.key 
14260      INFO  main            d.u.i.k.p.r.p.TestFile    ... finished proof: open goal(s) 
14426      INFO  main            d.u.i.k.p.r.p.TestFile    Now processing file /home/runner/work/key/key/key.core/../key.ui/examples/InformationFlow/LoopInvariants/loop.IFLoopExamples(loop.IFLoopExamples__secure_while_2(int)).Non-interference contract.0.m.key 
18630      INFO  main            d.u.i.k.p.r.p.TestFile    ... finished proof: closed. 
18823      INFO  main            d.u.i.k.p.r.p.TestFile    Now processing file /home/runner/work/key/key/key.core/../key.ui/examples/InformationFlow/LoopInvariants/loop.IFLoopExamples(loop.IFLoopExamples__secure_while_4(int)).Non-interference contract.0.m.key 
22868      INFO  main            d.u.i.k.p.r.p.TestFile    ... finished proof: closed. 
23080      INFO  main            d.u.i.k.p.r.p.TestFile    Now processing file /home/runner/work/key/key/key.core/../key.ui/examples/InformationFlow/LoopInvariants/loop.IFLoopExamples(loop.IFLoopExamples__insecure_doubleNestedWhile2(int)).Non-interference contract.0.m.key 
248610     INFO  main            d.u.i.k.p.r.p.TestFile    ... finished proof: open goal(s) 
248859     INFO  main            d.u.i.k.p.r.p.TestFile    Now processing file /home/runner/work/key/key/key.core/../key.ui/examples/InformationFlow/LoopInvariants/loop.IFLoopExamples(loop.IFLoopExamples__insecure_doubleNestedWhile(int)).Non-interference contract.0.m.key 
256273     INFO  main            d.u.i.k.p.r.p.TestFile    ... finished proof: open goal(s) 
256548     INFO  main            d.u.i.k.p.r.p.TestFile    Now processing file /home/runner/work/key/key/key.core/../key.ui/examples/InformationFlow/LoopInvariants/loop.IFLoopExamples(loop.IFLoopExamples__secure_doubleNestedWhile(int)).Non-interference contract.0.m.key 
263465     INFO  main            d.u.i.k.p.r.p.TestFile    ... finished proof: closed. 
263710     INFO  main            d.u.i.k.p.r.p.TestFile    Now processing file /home/runner/work/key/key/key.core/../key.ui/examples/InformationFlow/LoopInvariants/loop.IFLoopExamples(loop.IFLoopExamples__secure_nestedTwoWhile(int)).Non-interference contract.0.m.key 
269797     INFO  main            d.u.i.k.p.r.p.TestFile    ... finished proof: closed. 
270040     INFO  main            d.u.i.k.p.r.p.TestFile    Now processing file /home/runner/work/key/key/key.core/../key.ui/examples/InformationFlow/LoopInvariants/loop.IFLoopExamples(loop.IFLoopExamples__secure_nestedWhile(int)).Non-interference contract.0.m.key 
275208     INFO  main            d.u.i.k.p.r.p.TestFile    ... finished proof: closed. 
275426     INFO  main            d.u.i.k.p.r.p.TestFile    Now processing file /home/runner/work/key/key/key.core/../key.ui/examples/InformationFlow/LoopInvariants/loop.IFLoopExamples(loop.IFLoopExamples__notSecure_while(int)).Non-interference contract.0.m.key 
280635     INFO  main            d.u.i.k.p.r.p.TestFile    ... finished proof: open goal(s) 
280823     INFO  main            d.u.i.k.p.r.p.TestFile    Now processing file /home/runner/work/key/key/key.core/../key.ui/examples/InformationFlow/LoopInvariants/loop.IFLoopExamples(loop.IFLoopExamples__notSecure_while_wrongInv(int)).Non-interference contract.0.m.key 
285118     INFO  main            d.u.i.k.p.r.p.TestFile    ... finished proof: open goal(s) 
285337     INFO  main            d.u.i.k.p.r.p.TestFile    Now processing file /home/runner/work/key/key/key.core/../key.ui/examples/InformationFlow/LoopInvariants/loop.IFLoopExamples(loop.IFLoopExamples__insecure_twoWhile(int)).Non-interference contract.0.m.key 
289646     INFO  main            d.u.i.k.p.r.p.TestFile    ... finished proof: open goal(s) 
289871     INFO  main            d.u.i.k.p.r.p.TestFile    Now processing file /home/runner/work/key/key/key.core/../key.ui/examples/InformationFlow/LoopInvariants/loop.IFLoopExamples(loop.IFLoopExamples__insecure_twoWhile_2(int)).Non-interference contract.0.m.key 
294797     INFO  main            d.u.i.k.p.r.p.TestFile    ... finished proof: open goal(s) 
295028     INFO  main            d.u.i.k.p.r.p.TestFile    Now processing file /home/runner/work/key/key/key.core/../key.ui/examples/InformationFlow/LoopInvariants/loop.IFLoopExamples(loop.IFLoopExamples__secure_twoWhile(int)).Non-interference contract.0.m.key 
299150     INFO  main            d.u.i.k.p.r.p.TestFile    ... finished proof: closed. 
299381     INFO  main            d.u.i.k.p.r.p.TestFile    Now processing file /home/runner/work/key/key/key.core/../key.ui/examples/InformationFlow/LoopInvariants/loop.IFLoopExamples(loop.IFLoopExamples__loc_secure_while(int)).Non-interference contract.0.m.key 
302941     INFO  main            d.u.i.k.p.r.p.TestFile    ... finished proof: closed. 
303156     INFO  main            d.u.i.k.p.r.p.TestFile    Now processing file /home/runner/work/key/key/key.core/../key.ui/examples/InformationFlow/LoopInvariants/loop.IFLoopExamples(loop.IFLoopExamples__secure_while(int)).Non-interference contract.0.m.key 
306521     INFO  main            d.u.i.k.p.r.p.TestFile    ... finished proof: closed. 
306700     INFO  main            d.u.i.k.p.r.p.TestFile    Now processing file /home/runner/work/key/key/key.core/../key.ui/examples/InformationFlow/LoopInvariants/loop.IFLoopExamples(loop.IFLoopExamples__print(int)).Non-interference contract.0.m.key 
309480     INFO  main            d.u.i.k.p.r.p.TestFile    ... finished proof: closed. 
309641     INFO  main            d.u.i.k.p.r.p.TestFile    Now processing file /home/runner/work/key/key/key.core/../key.ui/examples/InformationFlow/LoopInvariants/loop.IFLoopExamples(loop.IFLoopExamples__hammer(int)).Non-interference contract.0.m.key 
313534     INFO  main            d.u.i.k.p.r.p.TestFile    ... finished proof: closed. 
2162161    INFO  Test worker     d.u.i.k.p.r.RunAllProofsTestUnit Returning from test InformationFlow_fullmacro 
2162162    INFO  Test worker     d.u.i.k.p.r.RunAllProofsTestUnit Running test MiniExamples_fullmacro 
352        INFO  Timeout watchdog d.u.i.k.p.r.p.ForkedTestFileRunner Timeout watcher launched (1000 secs.) 
371        WARN  main            d.u.i.k.s.ProofSettings   The settings in /home/runner/.key/proof-settings.props are *not* read. 
405        INFO  main            d.u.i.k.p.r.p.TestFile    Now processing file /home/runner/work/key/key/key.core/../key.ui/examples/InformationFlow/MiniExamples/mini.AliasingExamples(mini.AliasingExamples__insecure_1(mini.AliasingExamples,mini.AliasingExamples,int)).Non-interference contract.0.m.key 
9492       INFO  main            d.u.i.k.p.r.p.TestFile    ... finished proof: open goal(s) 
9604       INFO  main            d.u.i.k.p.r.p.TestFile    Now processing file /home/runner/work/key/key/key.core/../key.ui/examples/InformationFlow/MiniExamples/mini.AliasingExamples(mini.AliasingExamples__secure_1(mini.AliasingExamples,mini.AliasingExamples,int)).Non-interference contract.0.m.key 
12645      INFO  main            d.u.i.k.p.r.p.TestFile    ... finished proof: closed. 
12769      INFO  main            d.u.i.k.p.r.p.TestFile    Now processing file /home/runner/work/key/key/key.core/../key.ui/examples/InformationFlow/MiniExamples/mini.MiniExamplesLecture(mini.MiniExamplesLecture__m_6()).Non-interference contract.0.m.key 
15500      INFO  main            d.u.i.k.p.r.p.TestFile    ... finished proof: closed. 
15625      INFO  main            d.u.i.k.p.r.p.TestFile    Now processing file /home/runner/work/key/key/key.core/../key.ui/examples/InformationFlow/MiniExamples/mini.MiniExamplesLecture(mini.MiniExamplesLecture__m_5()).Non-interference contract.0.m.key 
18312      INFO  main            d.u.i.k.p.r.p.TestFile    ... finished proof: closed. 
18437      INFO  main            d.u.i.k.p.r.p.TestFile    Now processing file /home/runner/work/key/key/key.core/../key.ui/examples/InformationFlow/MiniExamples/mini.MiniExamplesLecture(mini.MiniExamplesLecture__m_4()).Non-interference contract.0.m.key 
21126      INFO  main            d.u.i.k.p.r.p.TestFile    ... finished proof: closed. 
21267      INFO  main            d.u.i.k.p.r.p.TestFile    Now processing file /home/runner/work/key/key/key.core/../key.ui/examples/InformationFlow/MiniExamples/mini.MiniExamplesLecture(mini.MiniExamplesLecture__m_3()).Non-interference contract.0.m.key 
24051      INFO  main            d.u.i.k.p.r.p.TestFile    ... finished proof: open goal(s) 
24177      INFO  main            d.u.i.k.p.r.p.TestFile    Now processing file /home/runner/work/key/key/key.core/../key.ui/examples/InformationFlow/MiniExamples/mini.MiniExamplesLecture(mini.MiniExamplesLecture__m_2()).Non-interference contract.0.m.key 
26811      INFO  main            d.u.i.k.p.r.p.TestFile    ... finished proof: closed. 
26956      INFO  main            d.u.i.k.p.r.p.TestFile    Now processing file /home/runner/work/key/key/key.core/../key.ui/examples/InformationFlow/MiniExamples/mini.MiniExamplesLecture(mini.MiniExamplesLecture__m_1()).Non-interference contract.0.m.key 
29550      INFO  main            d.u.i.k.p.r.p.TestFile    ... finished proof: open goal(s) 
29717      INFO  main            d.u.i.k.p.r.p.TestFile    Now processing file /home/runner/work/key/key/key.core/../key.ui/examples/InformationFlow/MiniExamples/mini.DifferenceSeqLocset(mini.DifferenceSeqLocset__m()).Non-interference contract.1.m.key 
32673      INFO  main            d.u.i.k.p.r.p.TestFile    ... finished proof: open goal(s) 
32833      INFO  main            d.u.i.k.p.r.p.TestFile    Now processing file /home/runner/work/key/key/key.core/../key.ui/examples/InformationFlow/MiniExamples/mini.DifferenceSeqLocset(mini.DifferenceSeqLocset__m()).Non-interference contract.0.m.key 
36838      INFO  main            d.u.i.k.p.r.p.TestFile    ... finished proof: open goal(s) 
36997      INFO  main            d.u.i.k.p.r.p.TestFile    Now processing file /home/runner/work/key/key/key.core/../key.ui/examples/InformationFlow/MiniExamples/mini.MiniExamples(mini.MiniExamples__secure_p2_8()).Non-interference contract.0.m.key 
39615      INFO  main            d.u.i.k.p.r.p.TestFile    ... finished proof: closed. 
39793      INFO  main            d.u.i.k.p.r.p.TestFile    Now processing file /home/runner/work/key/key/key.core/../key.ui/examples/InformationFlow/MiniExamples/mini.MiniExamples(mini.MiniExamples__secure_parameter(int)).Non-interference contract.0.m.key 
42300      INFO  main            d.u.i.k.p.r.p.TestFile    ... finished proof: closed. 
42501      INFO  main            d.u.i.k.p.r.p.TestFile    Now processing file /home/runner/work/key/key/key.core/../key.ui/examples/InformationFlow/MiniExamples/mini.MiniExamples(mini.MiniExamples__secure_p2_7()).Non-interference contract.0.m.key 
45107      INFO  main            d.u.i.k.p.r.p.TestFile    ... finished proof: closed. 
45277      INFO  main            d.u.i.k.p.r.p.TestFile    Now processing file /home/runner/work/key/key/key.core/../key.ui/examples/InformationFlow/MiniExamples/mini.MiniExamples(mini.MiniExamples__insecure_p2_2()).Non-interference contract.0.m.key 
47968      INFO  main            d.u.i.k.p.r.p.TestFile    ... finished proof: open goal(s) 
48133      INFO  main            d.u.i.k.p.r.p.TestFile    Now processing file /home/runner/work/key/key/key.core/../key.ui/examples/InformationFlow/MiniExamples/mini.MiniExamples(mini.MiniExamples__secure_p2_6()).Non-interference contract.0.m.key 
50597      INFO  main            d.u.i.k.p.r.p.TestFile    ... finished proof: closed. 
50775      INFO  main            d.u.i.k.p.r.p.TestFile    Now processing file /home/runner/work/key/key/key.core/../key.ui/examples/InformationFlow/MiniExamples/mini.MiniExamples(mini.MiniExamples__secure_p2_5()).Non-interference contract.0.m.key 
53297      INFO  main            d.u.i.k.p.r.p.TestFile    ... finished proof: closed. 
53461      INFO  main            d.u.i.k.p.r.p.TestFile    Now processing file /home/runner/work/key/key/key.core/../key.ui/examples/InformationFlow/MiniExamples/mini.MiniExamples(mini.MiniExamples__secure_p2_4()).Non-interference contract.0.m.key 
55916      INFO  main            d.u.i.k.p.r.p.TestFile    ... finished proof: closed. 
56096      INFO  main            d.u.i.k.p.r.p.TestFile    Now processing file /home/runner/work/key/key/key.core/../key.ui/examples/InformationFlow/MiniExamples/mini.MiniExamples(mini.MiniExamples__secure_p2_3()).Non-interference contract.0.m.key 
58539      INFO  main            d.u.i.k.p.r.p.TestFile    ... finished proof: closed. 
58714      INFO  main            d.u.i.k.p.r.p.TestFile    Now processing file /home/runner/work/key/key/key.core/../key.ui/examples/InformationFlow/MiniExamples/mini.MiniExamples(mini.MiniExamples__secure_p2_2()).Non-interference contract.0.m.key 
61196      INFO  main            d.u.i.k.p.r.p.TestFile    ... finished proof: closed. 
61365      INFO  main            d.u.i.k.p.r.p.TestFile    Now processing file /home/runner/work/key/key/key.core/../key.ui/examples/InformationFlow/MiniExamples/mini.MiniExamples(mini.MiniExamples__secure_p2_1()).Non-interference contract.0.m.key 
63819      INFO  main            d.u.i.k.p.r.p.TestFile    ... finished proof: closed. 
63993      INFO  main            d.u.i.k.p.r.p.TestFile    Now processing file /home/runner/work/key/key/key.core/../key.ui/examples/InformationFlow/MiniExamples/mini.MiniExamples(mini.MiniExamples__insecure_p2_1()).Non-interference contract.0.m.key 
66449      INFO  main            d.u.i.k.p.r.p.TestFile    ... finished proof: open goal(s) 
66629      INFO  main            d.u.i.k.p.r.p.TestFile    Now processing file /home/runner/work/key/key/key.core/../key.ui/examples/InformationFlow/MiniExamples/mini.MiniExamples(mini.MiniExamples__secure_p1_6()).Non-interference contract.0.m.key 
69089      INFO  main            d.u.i.k.p.r.p.TestFile    ... finished proof: closed. 
69277      INFO  main            d.u.i.k.p.r.p.TestFile    Now processing file /home/runner/work/key/key/key.core/../key.ui/examples/InformationFlow/MiniExamples/mini.MiniExamples(mini.MiniExamples__secure_p1_5()).Non-interference contract.0.m.key 
71856      INFO  main            d.u.i.k.p.r.p.TestFile    ... finished proof: closed. 
72051      INFO  main            d.u.i.k.p.r.p.TestFile    Now processing file /home/runner/work/key/key/key.core/../key.ui/examples/InformationFlow/MiniExamples/mini.MiniExamples(mini.MiniExamples__secure_p1_4()).Non-interference contract.0.m.key 
74620      INFO  main            d.u.i.k.p.r.p.TestFile    ... finished proof: closed. 
74839      INFO  main            d.u.i.k.p.r.p.TestFile    Now processing file /home/runner/work/key/key/key.core/../key.ui/examples/InformationFlow/MiniExamples/mini.MiniExamples(mini.MiniExamples__secure_p1_3()).Non-interference contract.0.m.key 
77305      INFO  main            d.u.i.k.p.r.p.TestFile    ... finished proof: closed. 
77486      INFO  main            d.u.i.k.p.r.p.TestFile    Now processing file /home/runner/work/key/key/key.core/../key.ui/examples/InformationFlow/MiniExamples/mini.MiniExamples(mini.MiniExamples__secure_p1_2()).Non-interference contract.0.m.key 
80042      INFO  main            d.u.i.k.p.r.p.TestFile    ... finished proof: closed. 
80234      INFO  main            d.u.i.k.p.r.p.TestFile    Now processing file /home/runner/work/key/key/key.core/../key.ui/examples/InformationFlow/MiniExamples/mini.MiniExamples(mini.MiniExamples__secure_p1_1()).Non-interference contract.1.m.key 
82717      INFO  main            d.u.i.k.p.r.p.TestFile    ... finished proof: closed. 
82921      INFO  main            d.u.i.k.p.r.p.TestFile    Now processing file /home/runner/work/key/key/key.core/../key.ui/examples/InformationFlow/MiniExamples/mini.MiniExamples(mini.MiniExamples__secure_p1_1()).Non-interference contract.0.m.key 
85406      INFO  main            d.u.i.k.p.r.p.TestFile    ... finished proof: closed. 
85639      INFO  main            d.u.i.k.p.r.p.TestFile    Now processing file /home/runner/work/key/key/key.core/../key.ui/examples/InformationFlow/MiniExamples/mini.MiniExamples(mini.MiniExamples__insecure_p1_2()).Non-interference contract.0.m.key 
88174      INFO  main            d.u.i.k.p.r.p.TestFile    ... finished proof: open goal(s) 
88377      INFO  main            d.u.i.k.p.r.p.TestFile    Now processing file /home/runner/work/key/key/key.core/../key.ui/examples/InformationFlow/MiniExamples/mini.MiniExamples(mini.MiniExamples__insecure_p1_1()).Non-interference contract.0.m.key 
90824      INFO  main            d.u.i.k.p.r.p.TestFile    ... finished proof: open goal(s) 
2253378    INFO  Test worker     d.u.i.k.p.r.RunAllProofsTestUnit Returning from test MiniExamples_fullmacro 
2253379    INFO  Test worker     d.u.i.k.p.r.RunAllProofsTestUnit Running test NewObjects_fullmacro 
404        INFO  Timeout watchdog d.u.i.k.p.r.p.ForkedTestFileRunner Timeout watcher launched (1000 secs.) 
414        WARN  main            d.u.i.k.s.ProofSettings   The settings in /home/runner/.key/proof-settings.props are *not* read. 
443        INFO  main            d.u.i.k.p.r.p.TestFile    Now processing file /home/runner/work/key/key/key.core/../key.ui/examples/InformationFlow/NewObjects/object.AmtoftBanerjee3(object.AmtoftBanerjee3__m()).Non-interference contract.0.m.key 
9639       INFO  main            d.u.i.k.p.r.p.TestFile    ... finished proof: closed. 
9750       INFO  main            d.u.i.k.p.r.p.TestFile    Now processing file /home/runner/work/key/key/key.core/../key.ui/examples/InformationFlow/NewObjects/object.AmtoftBanerjee(object.AmtoftBanerjee__m_2()).Non-interference contract.0.m.key 
13897      INFO  main            d.u.i.k.p.r.p.TestFile    ... finished proof: closed. 
14073      INFO  main            d.u.i.k.p.r.p.TestFile    Now processing file /home/runner/work/key/key/key.core/../key.ui/examples/InformationFlow/NewObjects/object.AmtoftBanerjee(object.AmtoftBanerjee__m_1()).Non-interference contract.1.m.key 
17400      INFO  main            d.u.i.k.p.r.p.TestFile    ... finished proof: open goal(s) 
17544      INFO  main            d.u.i.k.p.r.p.TestFile    Now processing file /home/runner/work/key/key/key.core/../key.ui/examples/InformationFlow/NewObjects/object.AmtoftBanerjee(object.AmtoftBanerjee__m_1()).Non-interference contract.0.m.key 
20705      INFO  main            d.u.i.k.p.r.p.TestFile    ... finished proof: closed. 
20876      INFO  main            d.u.i.k.p.r.p.TestFile    Now processing file /home/runner/work/key/key/key.core/../key.ui/examples/InformationFlow/NewObjects/object.AmtoftBanerjee(object.AmtoftBanerjee__getQ()).Non-interference contract.0.m.key 
23737      INFO  main            d.u.i.k.p.r.p.TestFile    ... finished proof: closed. 
23861      INFO  main            d.u.i.k.p.r.p.TestFile    Now processing file /home/runner/work/key/key/key.core/../key.ui/examples/InformationFlow/NewObjects/object.Naumann(object.Naumann__Pair_m(int,int)).Non-interference contract.0.m.key 
37785      INFO  main            d.u.i.k.p.r.p.TestFile    ... finished proof: closed. 
37995      INFO  main            d.u.i.k.p.r.p.TestFile    Now processing file /home/runner/work/key/key/key.core/../key.ui/examples/InformationFlow/NewObjects/object.ObjectOrientation(object.ObjectOrientation__secure_while_i((Ljava.lang.Object)).Non-interference contract.0.m.key 
46238      INFO  main            d.u.i.k.p.r.p.TestFile    ... finished proof: closed. 
46489      INFO  main            d.u.i.k.p.r.p.TestFile    Now processing file /home/runner/work/key/key/key.core/../key.ui/examples/InformationFlow/NewObjects/object.ObjectOrientation(object.ObjectOrientation__secure_method_call()).Non-interference contract.0.m.key 
49561      INFO  main            d.u.i.k.p.r.p.TestFile    ... finished proof: closed. 
49732      INFO  main            d.u.i.k.p.r.p.TestFile    Now processing file /home/runner/work/key/key/key.core/../key.ui/examples/InformationFlow/NewObjects/object.ObjectOrientation(object.ObjectOrientation__if_two_object_creation_next()).Non-interference contract.1.m.key 
80444      INFO  main            d.u.i.k.p.r.p.TestFile    ... finished proof: open goal(s) 
80667      INFO  main            d.u.i.k.p.r.p.TestFile    Now processing file /home/runner/work/key/key/key.core/../key.ui/examples/InformationFlow/NewObjects/object.ObjectOrientation(object.ObjectOrientation__if_two_object_creation_next()).Non-interference contract.0.m.key 
94975      INFO  main            d.u.i.k.p.r.p.TestFile    ... finished proof: closed. 
95290      INFO  main            d.u.i.k.p.r.p.TestFile    Now processing file /home/runner/work/key/key/key.core/../key.ui/examples/InformationFlow/NewObjects/object.ObjectOrientation(object.ObjectOrientation__secure_if_two_object_creation()).Non-interference contract.0.m.key 
109573     INFO  main            d.u.i.k.p.r.p.TestFile    ... finished proof: closed. 
109805     INFO  main            d.u.i.k.p.r.p.TestFile    Now processing file /home/runner/work/key/key/key.core/../key.ui/examples/InformationFlow/NewObjects/object.ObjectOrientation(object.ObjectOrientation__insecure_two_object_creation()).Non-interference contract.0.m.key 
139557     INFO  main            d.u.i.k.p.r.p.TestFile    ... finished proof: open goal(s) 
139813     INFO  main            d.u.i.k.p.r.p.TestFile    Now processing file /home/runner/work/key/key/key.core/../key.ui/examples/InformationFlow/NewObjects/object.ObjectOrientation(object.ObjectOrientation__secure_two_object_creation()).Non-interference contract.0.m.key 
151663     INFO  main            d.u.i.k.p.r.p.TestFile    ... finished proof: closed. 
151937     INFO  main            d.u.i.k.p.r.p.TestFile    Now processing file /home/runner/work/key/key/key.core/../key.ui/examples/InformationFlow/NewObjects/object.ObjectOrientation(object.ObjectOrientation__insecure_object_assignment()).Non-interference contract.1.m.key 
162464     INFO  main            d.u.i.k.p.r.p.TestFile    ... finished proof: open goal(s) 
162661     INFO  main            d.u.i.k.p.r.p.TestFile    Now processing file /home/runner/work/key/key/key.core/../key.ui/examples/InformationFlow/NewObjects/object.ObjectOrientation(object.ObjectOrientation__insecure_object_assignment()).Non-interference contract.0.m.key 
165485     INFO  main            d.u.i.k.p.r.p.TestFile    ... finished proof: open goal(s) 
165688     INFO  main            d.u.i.k.p.r.p.TestFile    Now processing file /home/runner/work/key/key/key.core/../key.ui/examples/InformationFlow/NewObjects/object.ObjectOrientation(object.ObjectOrientation__secure_object_creation_3()).Non-interference contract.0.m.key 
168692     INFO  main            d.u.i.k.p.r.p.TestFile    ... finished proof: closed. 
168893     INFO  main            d.u.i.k.p.r.p.TestFile    Now processing file /home/runner/work/key/key/key.core/../key.ui/examples/InformationFlow/NewObjects/object.ObjectOrientation(object.ObjectOrientation__secure_object_creation_2()).Non-interference contract.0.m.key 
171877     INFO  main            d.u.i.k.p.r.p.TestFile    ... finished proof: closed. 
172061     INFO  main            d.u.i.k.p.r.p.TestFile    Now processing file /home/runner/work/key/key/key.core/../key.ui/examples/InformationFlow/NewObjects/object.ObjectOrientation(object.ObjectOrientation__secure_object_creation()).Non-interference contract.0.m.key 
175040     INFO  main            d.u.i.k.p.r.p.TestFile    ... finished proof: closed. 
175225     INFO  main            d.u.i.k.p.r.p.TestFile    Now processing file /home/runner/work/key/key/key.core/../key.ui/examples/InformationFlow/NewObjects/object.AmtoftBanerjee2(object.AmtoftBanerjee2__expensive(int)).Non-interference contract.0.m.key 
177906     INFO  main            d.u.i.k.p.r.p.TestFile    ... finished proof: closed. 
178093     INFO  main            d.u.i.k.p.r.p.TestFile    Now processing file /home/runner/work/key/key/key.core/../key.ui/examples/InformationFlow/NewObjects/object.AmtoftBanerjee2(object.AmtoftBanerjee2__cexp(int)).Non-interference contract.0.m.key 
182058     INFO  main            d.u.i.k.p.r.p.TestFile    ... finished proof: closed. 
2435857    INFO  Test worker     d.u.i.k.p.r.RunAllProofsTestUnit Returning from test NewObjects_fullmacro 
2435858    INFO  Test worker     d.u.i.k.p.r.RunAllProofsTestUnit Running test SimpleEvoting_fullmacro 
364        INFO  Timeout watchdog d.u.i.k.p.r.p.ForkedTestFileRunner Timeout watcher launched (1000 secs.) 
373        WARN  main            d.u.i.k.s.ProofSettings   The settings in /home/runner/.key/proof-settings.props are *not* read. 
394        INFO  main            d.u.i.k.p.r.p.TestFile    Now processing file /home/runner/work/key/key/key.core/../key.ui/examples/InformationFlow/SimpleEvoting/simple_evoting.Environment(simple_evoting.Environment__untrustedOutputMessage((B)).Non-interference contract.0.m.key 
14225      INFO  main            d.u.i.k.p.r.p.TestFile    ... finished proof: closed. 
14407      INFO  main            d.u.i.k.p.r.p.TestFile    Now processing file /home/runner/work/key/key/key.core/../key.ui/examples/InformationFlow/SimpleEvoting/simple_evoting.Environment(simple_evoting.Environment__untrustedInputMessage()).Non-interference contract.0.m.key 
20160      INFO  main            d.u.i.k.p.r.p.TestFile    ... finished proof: closed. 
20323      INFO  main            d.u.i.k.p.r.p.TestFile    Now processing file /home/runner/work/key/key/key.core/../key.ui/examples/InformationFlow/SimpleEvoting/simple_evoting.Environment(simple_evoting.Environment__untrustedOutput(int)).Non-interference contract.0.m.key 
23563      INFO  main            d.u.i.k.p.r.p.TestFile    ... finished proof: closed. 
23744      INFO  main            d.u.i.k.p.r.p.TestFile    Now processing file /home/runner/work/key/key/key.core/../key.ui/examples/InformationFlow/SimpleEvoting/simple_evoting.Environment(simple_evoting.Environment__untrustedInput(int)).Non-interference contract.0.m.key 
26979      INFO  main            d.u.i.k.p.r.p.TestFile    ... finished proof: open goal(s) 
27151      INFO  main            d.u.i.k.p.r.p.TestFile    Now processing file /home/runner/work/key/key/key.core/../key.ui/examples/InformationFlow/SimpleEvoting/simple_evoting.Environment(simple_evoting.Environment__untrustedInput()).Non-interference contract.0.m.key 
30334      INFO  main            d.u.i.k.p.r.p.TestFile    ... finished proof: open goal(s) 
30486      INFO  main            d.u.i.k.p.r.p.TestFile    Now processing file /home/runner/work/key/key/key.core/../key.ui/examples/InformationFlow/SimpleEvoting/simple_evoting.SMT(simple_evoting.SMT__send(simple_evoting.Message,int,simple_evoting.Server)).Non-interference contract.1.m.key 
75244      INFO  main            d.u.i.k.p.r.p.TestFile    ... finished proof: closed. 
75553      INFO  main            d.u.i.k.p.r.p.TestFile    Now processing file /home/runner/work/key/key/key.core/../key.ui/examples/InformationFlow/SimpleEvoting/simple_evoting.SMT(simple_evoting.SMT__send(simple_evoting.Message,int,simple_evoting.Server)).Non-interference contract.0.m.key 
121896     INFO  main            d.u.i.k.p.r.p.TestFile    ... finished proof: closed. 
122210     INFO  main            d.u.i.k.p.r.p.TestFile    Now processing file /home/runner/work/key/key/key.core/../key.ui/examples/InformationFlow/SimpleEvoting/simple_evoting.SMTEnv(simple_evoting.SMTEnv__send(int,int,int,simple_evoting.Server,int)).Non-interference contract.0.m.key 
126527     INFO  main            d.u.i.k.p.r.p.TestFile    ... finished proof: closed. 
126800     INFO  main            d.u.i.k.p.r.p.TestFile    Now processing file /home/runner/work/key/key/key.core/../key.ui/examples/InformationFlow/SimpleEvoting/simple_evoting.NetworkClient(simple_evoting.NetworkClient__send((B,simple_evoting.Server,int)).Non-interference contract.0.m.key 
130844     INFO  main            d.u.i.k.p.r.p.TestFile    ... finished proof: closed. 
131031     INFO  main            d.u.i.k.p.r.p.TestFile    Now processing file /home/runner/work/key/key/key.core/../key.ui/examples/InformationFlow/SimpleEvoting/simple_evoting.Voter(simple_evoting.Voter__onSendBallot(simple_evoting.Server)).Non-interference contract.1.m.key 
150495     INFO  main            d.u.i.k.p.r.p.TestFile    ... finished proof: closed. 
150753     INFO  main            d.u.i.k.p.r.p.TestFile    Now processing file /home/runner/work/key/key/key.core/../key.ui/examples/InformationFlow/SimpleEvoting/simple_evoting.Voter(simple_evoting.Voter__onSendBallot(simple_evoting.Server)).Non-interference contract.0.m.key 
172316     INFO  main            d.u.i.k.p.r.p.TestFile    ... finished proof: closed. 
2608647    INFO  Test worker     d.u.i.k.p.r.RunAllProofsTestUnit Returning from test SimpleEvoting_fullmacro 
]]></system-out>
  <system-err><![CDATA[]]></system-err>
</testsuite>
