<?xml version="1.0" encoding="UTF-8"?>
<testsuite name="org.key_project.util.testcase.java.XMLUtilTest" tests="3" skipped="0" failures="0" errors="0" timestamp="2023-02-06T22:52:49" hostname="fv-az363-838" time="0.008">
  <properties/>
  <testcase name="testEncodeText()" classname="org.key_project.util.testcase.java.XMLUtilTest" time="0.006"/>
  <testcase name="testReplaceTags()" classname="org.key_project.util.testcase.java.XMLUtilTest" time="0.0"/>
  <testcase name="testRemoveTags()" classname="org.key_project.util.testcase.java.XMLUtilTest" time="0.0"/>
  <system-out><![CDATA[]]></system-out>
  <system-err><![CDATA[]]></system-err>
</testsuite>
