<?xml version="1.0" encoding="UTF-8"?>
<testsuite name="de.uka.ilkd.key.logic.TestSyntacticalReplaceVisitor" tests="2" skipped="0" failures="0" errors="0" timestamp="2023-02-18T10:59:50" hostname="fv-az581-156" time="0.008">
  <properties/>
  <testcase name="testSubstitutionReplacement()" classname="de.uka.ilkd.key.logic.TestSyntacticalReplaceVisitor" time="0.006"/>
  <testcase name="test1()" classname="de.uka.ilkd.key.logic.TestSyntacticalReplaceVisitor" time="0.002"/>
  <system-out><![CDATA[]]></system-out>
  <system-err><![CDATA[]]></system-err>
</testsuite>
