<?xml version="1.0" encoding="UTF-8"?>
<testsuite name="org.key_project.util.testcase.collection.TestMapAsListFromIntegerToString" tests="7" skipped="0" failures="0" errors="0" timestamp="2023-02-10T19:34:57" hostname="fv-az175-641" time="0.093">
  <properties/>
  <testcase name="testMapCanContainSameValueWithDifferentKeys()" classname="org.key_project.util.testcase.collection.TestMapAsListFromIntegerToString" time="0.032"/>
  <testcase name="testSpecialCases()" classname="org.key_project.util.testcase.collection.TestMapAsListFromIntegerToString" time="0.002"/>
  <testcase name="testRemoveAllMappingToSpecifiedValue()" classname="org.key_project.util.testcase.collection.TestMapAsListFromIntegerToString" time="0.014"/>
  <testcase name="testMapEntriesAreTheSameThatHaveBeenPutInside()" classname="org.key_project.util.testcase.collection.TestMapAsListFromIntegerToString" time="0.029"/>
  <testcase name="testRemoveOneMappingWithSpecifiedKey()" classname="org.key_project.util.testcase.collection.TestMapAsListFromIntegerToString" time="0.001"/>
  <testcase name="testReplaceIfSameKeyWithNewValueIsPutInMap()" classname="org.key_project.util.testcase.collection.TestMapAsListFromIntegerToString" time="0.002"/>
  <testcase name="testImmutability()" classname="org.key_project.util.testcase.collection.TestMapAsListFromIntegerToString" time="0.001"/>
  <system-out><![CDATA[]]></system-out>
  <system-err><![CDATA[]]></system-err>
</testsuite>
