<?xml version="1.0" encoding="UTF-8"?>
<testsuite name="de.uka.ilkd.key.testcase.smt.testgen.TestTestgen" tests="1" skipped="0" failures="0" errors="0" timestamp="2023-04-27T11:27:33" hostname="fv-az365-262" time="4.348">
  <properties/>
  <testcase name="testMiddle()" classname="de.uka.ilkd.key.testcase.smt.testgen.TestTestgen" time="4.348"/>
  <system-out><![CDATA[13537      WARN  Test worker     d.u.i.k.t.s.t.TestTestgen Warning: Z3_CE is not installed, tests skipped. 
13537      WARN  Test worker     d.u.i.k.t.s.t.TestTestgen Maybe use JVM system property "z3SolverPath" to define the path to the Z3 command. 
13537      INFO  Test worker     d.u.i.k.p.i.AbstractProblemLoader Loading environment from src\test\resources\testcase\smt\tg\middle.key 
13537      DEBUG Test worker     d.u.i.k.p.i.AbstractProblemLoader Environment load took 429ns 
13537      INFO  Test worker     d.u.i.k.p.i.AbstractProblemLoader Creating init config 
16788      DEBUG Test worker     d.u.i.k.p.i.AbstractProblemLoader Init config took 3.25s 
16887      INFO  Test worker     d.u.i.k.p.i.AbstractProblemLoader Replaying proof Middle[Middle::middle(int,int,int)].JML normal_behavior operation contract.0 
16891      DEBUG Test worker     d.u.i.k.p.i.IntermediateProofReplayer Proof replay took 14.9ns 
16907      DEBUG Test worker     d.u.i.k.j.JavaProgramElement Program match failed (pattern true;, source null;) 
16907      DEBUG Test worker     d.u.i.k.j.JavaProgramElement Program match failed (pattern false;, source null;) 
16907      DEBUG Test worker     d.u.i.k.j.JavaProgramElement Program match failed (pattern true;, source null;) 
16907      DEBUG Test worker     d.u.i.k.j.JavaProgramElement Program match failed (pattern false;, source null;) 
16907      DEBUG Test worker     d.u.i.k.j.JavaProgramElement Program match failed (pattern true;, source null;) 
16907      DEBUG Test worker     d.u.i.k.j.JavaProgramElement Program match failed (pattern false;, source null;) 
16907      DEBUG Test worker     d.u.i.k.j.JavaProgramElement Program match failed (pattern true;, source null;) 
16938      DEBUG Test worker     d.u.i.k.j.JavaProgramElement Program match failed (pattern false;, source null;) 
16938      DEBUG Test worker     d.u.i.k.j.JavaProgramElement Program match failed (pattern true;, source null;) 
16938      DEBUG Test worker     d.u.i.k.j.JavaProgramElement Program match failed (pattern false;, source null;) 
16938      DEBUG Test worker     d.u.i.k.j.JavaProgramElement Program match failed (pattern true;, source null;) 
16938      DEBUG Test worker     d.u.i.k.j.JavaProgramElement Program match failed (pattern false;, source null;) 
16954      DEBUG Test worker     d.u.i.k.j.JavaProgramElement Program match failed (pattern true;, source null;) 
16954      DEBUG Test worker     d.u.i.k.j.JavaProgramElement Program match failed (pattern false;, source null;) 
16954      DEBUG Test worker     d.u.i.k.j.JavaProgramElement Program match failed (pattern true;, source null;) 
16954      DEBUG Test worker     d.u.i.k.j.JavaProgramElement Program match failed (pattern false;, source null;) 
16954      DEBUG Test worker     d.u.i.k.j.JavaProgramElement Program match failed (pattern true;, source null;) 
16954      DEBUG Test worker     d.u.i.k.j.JavaProgramElement Program match failed (pattern false;, source null;) 
16954      DEBUG Test worker     d.u.i.k.j.JavaProgramElement Program match failed (pattern true;, source null;) 
16954      DEBUG Test worker     d.u.i.k.j.JavaProgramElement Program match failed (pattern false;, source null;) 
16954      DEBUG Test worker     d.u.i.k.j.JavaProgramElement Program match failed (pattern true;, source null;) 
16954      DEBUG Test worker     d.u.i.k.j.JavaProgramElement Program match failed (pattern false;, source null;) 
16954      DEBUG Test worker     d.u.i.k.j.JavaProgramElement Program match failed (pattern true;, source null;) 
16954      DEBUG Test worker     d.u.i.k.j.JavaProgramElement Program match failed (pattern false;, source null;) 
16954      DEBUG Test worker     d.u.i.k.j.JavaProgramElement Program match failed (pattern true;, source null;) 
16954      DEBUG Test worker     d.u.i.k.j.JavaProgramElement Program match failed (pattern false;, source null;) 
16954      DEBUG Test worker     d.u.i.k.j.JavaProgramElement Program match failed (pattern true;, source null;) 
16954      DEBUG Test worker     d.u.i.k.j.JavaProgramElement Program match failed (pattern false;, source null;) 
16954      DEBUG Test worker     d.u.i.k.j.JavaProgramElement Program match failed (pattern true;, source null;) 
16954      DEBUG Test worker     d.u.i.k.j.JavaProgramElement Program match failed (pattern false;, source null;) 
16954      DEBUG Test worker     d.u.i.k.j.JavaProgramElement Program match failed (pattern true;, source null;) 
16954      DEBUG Test worker     d.u.i.k.j.JavaProgramElement Program match failed (pattern false;, source null;) 
16954      DEBUG Test worker     d.u.i.k.j.JavaProgramElement Program match failed (pattern true;, source null;) 
16954      DEBUG Test worker     d.u.i.k.j.JavaProgramElement Program match failed (pattern false;, source null;) 
16954      DEBUG Test worker     d.u.i.k.j.JavaProgramElement Program match failed (pattern true;, source null;) 
16954      DEBUG Test worker     d.u.i.k.j.JavaProgramElement Program match failed (pattern false;, source null;) 
16969      DEBUG Test worker     d.u.i.k.j.JavaProgramElement Program match failed (pattern true;, source null;) 
16969      DEBUG Test worker     d.u.i.k.j.JavaProgramElement Program match failed (pattern false;, source null;) 
16969      DEBUG Test worker     d.u.i.k.j.JavaProgramElement Program match failed (pattern true;, source null;) 
16969      DEBUG Test worker     d.u.i.k.j.JavaProgramElement Program match failed (pattern false;, source null;) 
16969      DEBUG Test worker     d.u.i.k.j.JavaProgramElement Program match failed (pattern true;, source null;) 
16969      DEBUG Test worker     d.u.i.k.j.JavaProgramElement Program match failed (pattern false;, source null;) 
16969      DEBUG Test worker     d.u.i.k.j.JavaProgramElement Program match failed (pattern true;, source null;) 
16969      DEBUG Test worker     d.u.i.k.j.JavaProgramElement Program match failed (pattern false;, source null;) 
16969      DEBUG Test worker     d.u.i.k.j.JavaProgramElement Program match failed (pattern true;, source null;) 
16969      DEBUG Test worker     d.u.i.k.j.JavaProgramElement Program match failed (pattern false;, source null;) 
16969      DEBUG Test worker     d.u.i.k.j.JavaProgramElement Program match failed (pattern true;, source null;) 
16969      DEBUG Test worker     d.u.i.k.j.JavaProgramElement Program match failed (pattern false;, source null;) 
16969      DEBUG Test worker     d.u.i.k.j.JavaProgramElement Program match failed (pattern true;, source null;) 
16969      DEBUG Test worker     d.u.i.k.j.JavaProgramElement Program match failed (pattern false;, source null;) 
16969      DEBUG Test worker     d.u.i.k.j.JavaProgramElement Program match failed (pattern true;, source null;) 
16969      DEBUG Test worker     d.u.i.k.j.JavaProgramElement Program match failed (pattern false;, source null;) 
16969      DEBUG Test worker     d.u.i.k.j.JavaProgramElement Program match failed (pattern true;, source null;) 
16969      DEBUG Test worker     d.u.i.k.j.JavaProgramElement Program match failed (pattern false;, source null;) 
16969      DEBUG Test worker     d.u.i.k.j.JavaProgramElement Program match failed (pattern true;, source null;) 
16969      DEBUG Test worker     d.u.i.k.j.JavaProgramElement Program match failed (pattern false;, source null;) 
16969      DEBUG Test worker     d.u.i.k.j.JavaProgramElement Program match failed (pattern true;, source null;) 
16969      DEBUG Test worker     d.u.i.k.j.JavaProgramElement Program match failed (pattern false;, source null;) 
16969      DEBUG Test worker     d.u.i.k.j.JavaProgramElement Program match failed (pattern true;, source null;) 
16969      DEBUG Test worker     d.u.i.k.j.JavaProgramElement Program match failed (pattern false;, source null;) 
16969      DEBUG Test worker     d.u.i.k.j.JavaProgramElement Program match failed (pattern true;, source null;) 
16969      DEBUG Test worker     d.u.i.k.j.JavaProgramElement Program match failed (pattern false;, source null;) 
16969      DEBUG Test worker     d.u.i.k.j.JavaProgramElement Program match failed (pattern true;, source null;) 
16969      DEBUG Test worker     d.u.i.k.j.JavaProgramElement Program match failed (pattern false;, source null;) 
16969      DEBUG Test worker     d.u.i.k.j.JavaProgramElement Program match failed (pattern true;, source null;) 
16969      DEBUG Test worker     d.u.i.k.j.JavaProgramElement Program match failed (pattern false;, source null;) 
16969      DEBUG Test worker     d.u.i.k.j.JavaProgramElement Program match failed (pattern true;, source null;) 
16969      DEBUG Test worker     d.u.i.k.j.JavaProgramElement Program match failed (pattern false;, source null;) 
16985      DEBUG Test worker     d.u.i.k.j.JavaProgramElement Program match failed (pattern true;, source null;) 
16985      DEBUG Test worker     d.u.i.k.j.JavaProgramElement Program match failed (pattern false;, source null;) 
16985      DEBUG Test worker     d.u.i.k.j.JavaProgramElement Program match failed (pattern true;, source null;) 
16985      DEBUG Test worker     d.u.i.k.j.JavaProgramElement Program match failed (pattern false;, source null;) 
16985      DEBUG Test worker     d.u.i.k.j.JavaProgramElement Program match failed (pattern true;, source _z) 
16985      DEBUG Test worker     d.u.i.k.j.JavaProgramElement Program match failed (pattern false;, source _z) 
16985      DEBUG Test worker     d.u.i.k.j.JavaProgramElement Program match failed (pattern true;, source _z) 
16985      DEBUG Test worker     d.u.i.k.j.JavaProgramElement Program match failed (pattern false;, source _z) 
17001      DEBUG Test worker     d.u.i.k.j.JavaProgramElement Program match failed (pattern true;, source _y < _z;) 
17001      DEBUG Test worker     d.u.i.k.j.JavaProgramElement Program match failed (pattern false;, source _y < _z;) 
17001      DEBUG Test worker     d.u.i.k.j.JavaProgramElement Program match failed (pattern true;, source _y < _z;) 
17001      DEBUG Test worker     d.u.i.k.j.JavaProgramElement Program match failed (pattern false;, source _y < _z;) 
17079      DEBUG Test worker     d.u.i.k.j.JavaProgramElement Program match failed (pattern false;, source _x < _y;) 
17079      DEBUG Test worker     d.u.i.k.j.JavaProgramElement Program match failed (pattern true;, source _x < _y;) 
17079      DEBUG Test worker     d.u.i.k.j.JavaProgramElement Program match failed (pattern false;, source _x < _y;) 
17079      DEBUG Test worker     d.u.i.k.j.JavaProgramElement Program match failed (pattern true;, source _x < _y;) 
17079      DEBUG Test worker     d.u.i.k.j.JavaProgramElement Program match failed (pattern true;, source _x < _y;) 
17079      DEBUG Test worker     d.u.i.k.j.JavaProgramElement Program match failed (pattern false;, source _x < _y;) 
17079      DEBUG Test worker     d.u.i.k.j.JavaProgramElement Program match failed (pattern true;, source _x < _y;) 
17079      DEBUG Test worker     d.u.i.k.j.JavaProgramElement Program match failed (pattern false;, source _x < _y;) 
17094      DEBUG Test worker     d.u.i.k.j.JavaProgramElement Program match failed (pattern false;, source _y) 
17094      DEBUG Test worker     d.u.i.k.j.JavaProgramElement Program match failed (pattern true;, source _y) 
17094      DEBUG Test worker     d.u.i.k.j.JavaProgramElement Program match failed (pattern false;, source _y) 
17094      DEBUG Test worker     d.u.i.k.j.JavaProgramElement Program match failed (pattern true;, source _y) 
17094      DEBUG Test worker     d.u.i.k.j.JavaProgramElement Program match failed (pattern true;, source _y) 
17094      DEBUG Test worker     d.u.i.k.j.JavaProgramElement Program match failed (pattern false;, source _y) 
17094      DEBUG Test worker     d.u.i.k.j.JavaProgramElement Program match failed (pattern true;, source _y) 
17094      DEBUG Test worker     d.u.i.k.j.JavaProgramElement Program match failed (pattern false;, source _y) 
17110      DEBUG Test worker     d.u.i.k.j.JavaProgramElement Program match failed (pattern false;, source _x > _z;) 
17110      DEBUG Test worker     d.u.i.k.j.JavaProgramElement Program match failed (pattern true;, source _x > _z;) 
17110      DEBUG Test worker     d.u.i.k.j.JavaProgramElement Program match failed (pattern false;, source _x > _z;) 
17110      DEBUG Test worker     d.u.i.k.j.JavaProgramElement Program match failed (pattern true;, source _x > _z;) 
17110      DEBUG Test worker     d.u.i.k.j.JavaProgramElement Program match failed (pattern true;, source _x > _z;) 
17110      DEBUG Test worker     d.u.i.k.j.JavaProgramElement Program match failed (pattern false;, source _x > _z;) 
17110      DEBUG Test worker     d.u.i.k.j.JavaProgramElement Program match failed (pattern true;, source _x > _z;) 
17110      DEBUG Test worker     d.u.i.k.j.JavaProgramElement Program match failed (pattern false;, source _x > _z;) 
17141      DEBUG Test worker     d.u.i.k.j.JavaProgramElement Program match failed (pattern false;, source _x) 
17141      DEBUG Test worker     d.u.i.k.j.JavaProgramElement Program match failed (pattern true;, source _x) 
17141      DEBUG Test worker     d.u.i.k.j.JavaProgramElement Program match failed (pattern false;, source _x) 
17141      DEBUG Test worker     d.u.i.k.j.JavaProgramElement Program match failed (pattern true;, source _x) 
17141      DEBUG Test worker     d.u.i.k.j.JavaProgramElement Program match failed (pattern true;, source _x) 
17141      DEBUG Test worker     d.u.i.k.j.JavaProgramElement Program match failed (pattern false;, source _x) 
17141      DEBUG Test worker     d.u.i.k.j.JavaProgramElement Program match failed (pattern true;, source _x) 
17141      DEBUG Test worker     d.u.i.k.j.JavaProgramElement Program match failed (pattern false;, source _x) 
17230      DEBUG Test worker     d.u.i.k.j.JavaProgramElement Program match failed (pattern true;, source mid + 1;) 
17231      DEBUG Test worker     d.u.i.k.j.JavaProgramElement Program match failed (pattern false;, source mid + 1;) 
17231      DEBUG Test worker     d.u.i.k.j.JavaProgramElement Program match failed (pattern true;, source mid + 1;) 
17231      DEBUG Test worker     d.u.i.k.j.JavaProgramElement Program match failed (pattern false;, source mid + 1;) 
17232      DEBUG Test worker     d.u.i.k.j.JavaProgramElement Program match failed (pattern true;, source i) 
17482      DEBUG Test worker     d.u.i.k.j.JavaProgramElement Program match failed (pattern false;, source i) 
17482      DEBUG Test worker     d.u.i.k.j.JavaProgramElement Program match failed (pattern true;, source i) 
17498      DEBUG Test worker     d.u.i.k.j.JavaProgramElement Program match failed (pattern false;, source i) 
17507      DEBUG Test worker     d.u.i.k.j.JavaProgramElement Program match failed (pattern false;, source _x) 
17507      DEBUG Test worker     d.u.i.k.j.JavaProgramElement Program match failed (pattern true;, source _x) 
17507      DEBUG Test worker     d.u.i.k.j.JavaProgramElement Program match failed (pattern false;, source _x) 
17507      DEBUG Test worker     d.u.i.k.j.JavaProgramElement Program match failed (pattern true;, source _x) 
17507      DEBUG Test worker     d.u.i.k.j.JavaProgramElement Program match failed (pattern true;, source _x) 
17507      DEBUG Test worker     d.u.i.k.j.JavaProgramElement Program match failed (pattern false;, source _x) 
17507      DEBUG Test worker     d.u.i.k.j.JavaProgramElement Program match failed (pattern true;, source _x) 
17507      DEBUG Test worker     d.u.i.k.j.JavaProgramElement Program match failed (pattern false;, source _x) 
17538      DEBUG Test worker     d.u.i.k.j.JavaProgramElement Program match failed (pattern true;, source mid + 1;) 
17538      DEBUG Test worker     d.u.i.k.j.JavaProgramElement Program match failed (pattern false;, source mid + 1;) 
17538      DEBUG Test worker     d.u.i.k.j.JavaProgramElement Program match failed (pattern true;, source mid + 1;) 
17538      DEBUG Test worker     d.u.i.k.j.JavaProgramElement Program match failed (pattern false;, source mid + 1;) 
17554      DEBUG Test worker     d.u.i.k.j.JavaProgramElement Program match failed (pattern true;, source i) 
17554      DEBUG Test worker     d.u.i.k.j.JavaProgramElement Program match failed (pattern false;, source i) 
17554      DEBUG Test worker     d.u.i.k.j.JavaProgramElement Program match failed (pattern true;, source i) 
17554      DEBUG Test worker     d.u.i.k.j.JavaProgramElement Program match failed (pattern false;, source i) 
17585      DEBUG Test worker     d.u.i.k.j.JavaProgramElement Program match failed (pattern false;, source _y) 
17585      DEBUG Test worker     d.u.i.k.j.JavaProgramElement Program match failed (pattern true;, source _y) 
17585      DEBUG Test worker     d.u.i.k.j.JavaProgramElement Program match failed (pattern false;, source _y) 
17585      DEBUG Test worker     d.u.i.k.j.JavaProgramElement Program match failed (pattern true;, source _y) 
17585      DEBUG Test worker     d.u.i.k.j.JavaProgramElement Program match failed (pattern true;, source _y) 
17585      DEBUG Test worker     d.u.i.k.j.JavaProgramElement Program match failed (pattern false;, source _y) 
17601      DEBUG Test worker     d.u.i.k.j.JavaProgramElement Program match failed (pattern true;, source _y) 
17601      DEBUG Test worker     d.u.i.k.j.JavaProgramElement Program match failed (pattern false;, source _y) 
17616      DEBUG Test worker     d.u.i.k.j.JavaProgramElement Program match failed (pattern true;, source mid + 1;) 
17616      DEBUG Test worker     d.u.i.k.j.JavaProgramElement Program match failed (pattern false;, source mid + 1;) 
17616      DEBUG Test worker     d.u.i.k.j.JavaProgramElement Program match failed (pattern true;, source mid + 1;) 
17616      DEBUG Test worker     d.u.i.k.j.JavaProgramElement Program match failed (pattern false;, source mid + 1;) 
17632      DEBUG Test worker     d.u.i.k.j.JavaProgramElement Program match failed (pattern true;, source i) 
17632      DEBUG Test worker     d.u.i.k.j.JavaProgramElement Program match failed (pattern false;, source i) 
17632      DEBUG Test worker     d.u.i.k.j.JavaProgramElement Program match failed (pattern true;, source i) 
17632      DEBUG Test worker     d.u.i.k.j.JavaProgramElement Program match failed (pattern false;, source i) 
17647      DEBUG Test worker     d.u.i.k.j.JavaProgramElement Program match failed (pattern false;, source _x > _y;) 
17647      DEBUG Test worker     d.u.i.k.j.JavaProgramElement Program match failed (pattern true;, source _x > _y;) 
17647      DEBUG Test worker     d.u.i.k.j.JavaProgramElement Program match failed (pattern false;, source _x > _y;) 
17647      DEBUG Test worker     d.u.i.k.j.JavaProgramElement Program match failed (pattern true;, source _x > _y;) 
17647      DEBUG Test worker     d.u.i.k.j.JavaProgramElement Program match failed (pattern true;, source _x > _y;) 
17647      DEBUG Test worker     d.u.i.k.j.JavaProgramElement Program match failed (pattern false;, source _x > _y;) 
17647      DEBUG Test worker     d.u.i.k.j.JavaProgramElement Program match failed (pattern true;, source _x > _y;) 
17663      DEBUG Test worker     d.u.i.k.j.JavaProgramElement Program match failed (pattern false;, source _x > _y;) 
17679      DEBUG Test worker     d.u.i.k.j.JavaProgramElement Program match failed (pattern false;, source _y) 
17679      DEBUG Test worker     d.u.i.k.j.JavaProgramElement Program match failed (pattern true;, source _y) 
17679      DEBUG Test worker     d.u.i.k.j.JavaProgramElement Program match failed (pattern false;, source _y) 
17679      DEBUG Test worker     d.u.i.k.j.JavaProgramElement Program match failed (pattern true;, source _y) 
17679      DEBUG Test worker     d.u.i.k.j.JavaProgramElement Program match failed (pattern true;, source _y) 
17679      DEBUG Test worker     d.u.i.k.j.JavaProgramElement Program match failed (pattern false;, source _y) 
17679      DEBUG Test worker     d.u.i.k.j.JavaProgramElement Program match failed (pattern true;, source _y) 
17679      DEBUG Test worker     d.u.i.k.j.JavaProgramElement Program match failed (pattern false;, source _y) 
17694      DEBUG Test worker     d.u.i.k.j.JavaProgramElement Program match failed (pattern false;, source _x < _z;) 
17694      DEBUG Test worker     d.u.i.k.j.JavaProgramElement Program match failed (pattern true;, source _x < _z;) 
17694      DEBUG Test worker     d.u.i.k.j.JavaProgramElement Program match failed (pattern false;, source _x < _z;) 
17694      DEBUG Test worker     d.u.i.k.j.JavaProgramElement Program match failed (pattern true;, source _x < _z;) 
17694      DEBUG Test worker     d.u.i.k.j.JavaProgramElement Program match failed (pattern true;, source _x < _z;) 
17694      DEBUG Test worker     d.u.i.k.j.JavaProgramElement Program match failed (pattern false;, source _x < _z;) 
17694      DEBUG Test worker     d.u.i.k.j.JavaProgramElement Program match failed (pattern true;, source _x < _z;) 
17694      DEBUG Test worker     d.u.i.k.j.JavaProgramElement Program match failed (pattern false;, source _x < _z;) 
17726      DEBUG Test worker     d.u.i.k.j.JavaProgramElement Program match failed (pattern false;, source _x) 
17726      DEBUG Test worker     d.u.i.k.j.JavaProgramElement Program match failed (pattern true;, source _x) 
17726      DEBUG Test worker     d.u.i.k.j.JavaProgramElement Program match failed (pattern false;, source _x) 
17741      DEBUG Test worker     d.u.i.k.j.JavaProgramElement Program match failed (pattern true;, source _x) 
17741      DEBUG Test worker     d.u.i.k.j.JavaProgramElement Program match failed (pattern true;, source _x) 
17741      DEBUG Test worker     d.u.i.k.j.JavaProgramElement Program match failed (pattern false;, source _x) 
17741      DEBUG Test worker     d.u.i.k.j.JavaProgramElement Program match failed (pattern true;, source _x) 
17741      DEBUG Test worker     d.u.i.k.j.JavaProgramElement Program match failed (pattern false;, source _x) 
17772      DEBUG Test worker     d.u.i.k.j.JavaProgramElement Program match failed (pattern false;, source _x) 
17772      DEBUG Test worker     d.u.i.k.j.JavaProgramElement Program match failed (pattern true;, source _x) 
17772      DEBUG Test worker     d.u.i.k.j.JavaProgramElement Program match failed (pattern false;, source _x) 
17772      DEBUG Test worker     d.u.i.k.j.JavaProgramElement Program match failed (pattern true;, source _x) 
17772      DEBUG Test worker     d.u.i.k.j.JavaProgramElement Program match failed (pattern true;, source _x) 
17772      DEBUG Test worker     d.u.i.k.j.JavaProgramElement Program match failed (pattern false;, source _x) 
17772      DEBUG Test worker     d.u.i.k.j.JavaProgramElement Program match failed (pattern true;, source _x) 
17772      DEBUG Test worker     d.u.i.k.j.JavaProgramElement Program match failed (pattern false;, source _x) 
17788      DEBUG Test worker     d.u.i.k.j.JavaProgramElement Program match failed (pattern true;, source mid + 1;) 
17788      DEBUG Test worker     d.u.i.k.j.JavaProgramElement Program match failed (pattern false;, source mid + 1;) 
17788      DEBUG Test worker     d.u.i.k.j.JavaProgramElement Program match failed (pattern true;, source mid + 1;) 
17788      DEBUG Test worker     d.u.i.k.j.JavaProgramElement Program match failed (pattern false;, source mid + 1;) 
17804      DEBUG Test worker     d.u.i.k.j.JavaProgramElement Program match failed (pattern true;, source i) 
17819      DEBUG Test worker     d.u.i.k.j.JavaProgramElement Program match failed (pattern false;, source i) 
17819      DEBUG Test worker     d.u.i.k.j.JavaProgramElement Program match failed (pattern true;, source i) 
17819      DEBUG Test worker     d.u.i.k.j.JavaProgramElement Program match failed (pattern false;, source i) 
17841      DEBUG Test worker     d.u.i.k.j.JavaProgramElement Program match failed (pattern false;, source _y) 
17841      DEBUG Test worker     d.u.i.k.j.JavaProgramElement Program match failed (pattern true;, source _y) 
17841      DEBUG Test worker     d.u.i.k.j.JavaProgramElement Program match failed (pattern false;, source _y) 
17841      DEBUG Test worker     d.u.i.k.j.JavaProgramElement Program match failed (pattern true;, source _y) 
17841      DEBUG Test worker     d.u.i.k.j.JavaProgramElement Program match failed (pattern true;, source _y) 
17841      DEBUG Test worker     d.u.i.k.j.JavaProgramElement Program match failed (pattern false;, source _y) 
17841      DEBUG Test worker     d.u.i.k.j.JavaProgramElement Program match failed (pattern true;, source _y) 
17841      DEBUG Test worker     d.u.i.k.j.JavaProgramElement Program match failed (pattern false;, source _y) 
17857      DEBUG Test worker     d.u.i.k.j.JavaProgramElement Program match failed (pattern true;, source mid + 1;) 
17857      DEBUG Test worker     d.u.i.k.j.JavaProgramElement Program match failed (pattern false;, source mid + 1;) 
17857      DEBUG Test worker     d.u.i.k.j.JavaProgramElement Program match failed (pattern true;, source mid + 1;) 
17857      DEBUG Test worker     d.u.i.k.j.JavaProgramElement Program match failed (pattern false;, source mid + 1;) 
17857      DEBUG Test worker     d.u.i.k.j.JavaProgramElement Program match failed (pattern true;, source i) 
17857      DEBUG Test worker     d.u.i.k.j.JavaProgramElement Program match failed (pattern false;, source i) 
17857      DEBUG Test worker     d.u.i.k.j.JavaProgramElement Program match failed (pattern true;, source i) 
17857      DEBUG Test worker     d.u.i.k.j.JavaProgramElement Program match failed (pattern false;, source i) 
]]></system-out>
  <system-err><![CDATA[]]></system-err>
</testsuite>
