<?xml version="1.0" encoding="UTF-8"?>
<testsuite name="de.uka.ilkd.key.testcase.smt.testgen.TestTestgen" tests="1" skipped="0" failures="0" errors="0" timestamp="2023-06-05T21:29:42" hostname="fv-az192-928" time="7.746">
  <properties/>
  <testcase name="testMiddle()" classname="de.uka.ilkd.key.testcase.smt.testgen.TestTestgen" time="7.746"/>
  <system-out><![CDATA[26262      WARN  Test worker     d.u.i.k.t.s.t.TestTestgen Warning: Z3_CE is not installed, tests skipped. 
26262      WARN  Test worker     d.u.i.k.t.s.t.TestTestgen Maybe use JVM system property "z3SolverPath" to define the path to the Z3 command. 
26278      INFO  Test worker     d.u.i.k.p.i.AbstractProblemLoader Loading environment from src\test\resources\testcase\smt\tg\middle.key 
26278      DEBUG Test worker     d.u.i.k.p.i.AbstractProblemLoader Environment load took 798ns 
26278      INFO  Test worker     d.u.i.k.p.i.AbstractProblemLoader Creating init config 
33048      DEBUG Test worker     d.u.i.k.p.i.AbstractProblemLoader Init config took 6.76s 
33188      INFO  Test worker     d.u.i.k.p.i.AbstractProblemLoader Replaying proof Middle[Middle::middle(int,int,int)].JML normal_behavior operation contract.0 
33203      DEBUG Test worker     d.u.i.k.p.i.IntermediateProofReplayer Proof replay took 20ns 
]]></system-out>
  <system-err><![CDATA[]]></system-err>
</testsuite>
