<?xml version="1.0" encoding="UTF-8"?>
<testsuite name="de.uka.ilkd.key.symbolic_execution.testcase.strategy.TestKeYWatchpointGlobalVariablesOnSatisfiable" tests="1" skipped="0" failures="0" errors="0" timestamp="2023-02-02T21:47:58" hostname="fv-az477-553" time="3.582">
  <properties/>
  <testcase name="testBreakpointStopCondition()" classname="de.uka.ilkd.key.symbolic_execution.testcase.strategy.TestKeYWatchpointGlobalVariablesOnSatisfiable" time="3.582"/>
  <system-out><![CDATA[]]></system-out>
  <system-err><![CDATA[]]></system-err>
</testsuite>
