<?xml version="1.0" encoding="UTF-8"?>
<testsuite name="de.uka.ilkd.key.symbolic_execution.testcase.po.TestFunctionalOperationContractPO" tests="1" skipped="0" failures="0" errors="0" timestamp="2023-02-02T21:43:39" hostname="fv-az477-553" time="6.586">
  <properties/>
  <testcase name="testDoubleValue()" classname="de.uka.ilkd.key.symbolic_execution.testcase.po.TestFunctionalOperationContractPO" time="6.586"/>
  <system-out><![CDATA[]]></system-out>
  <system-err><![CDATA[]]></system-err>
</testsuite>
