<?xml version="1.0" encoding="UTF-8"?>
<testsuite name="org.key_project.slicing.EndToEndTests" tests="11" skipped="0" failures="0" errors="0" timestamp="2023-05-26T21:21:44" hostname="fv-az627-608" time="200.846">
  <properties/>
  <testcase name="sliceIfThenElseSplit()" classname="org.key_project.slicing.EndToEndTests" time="44.365"/>
  <testcase name="deduplicateChecksMergabilityCorrectly()" classname="org.key_project.slicing.EndToEndTests" time="7.314"/>
  <testcase name="sliceDuplicatesAway()" classname="org.key_project.slicing.EndToEndTests" time="28.845"/>
  <testcase name="sliceMultipleIterations()" classname="org.key_project.slicing.EndToEndTests" time="46.786"/>
  <testcase name="sliceDuplicatesAwayOpenGoals()" classname="org.key_project.slicing.EndToEndTests" time="28.74"/>
  <testcase name="sliceCutExample()" classname="org.key_project.slicing.EndToEndTests" time="7.096"/>
  <testcase name="sliceAgathaWithOpenGoal()" classname="org.key_project.slicing.EndToEndTests" time="7.186"/>
  <testcase name="sliceSimpleSMT()" classname="org.key_project.slicing.EndToEndTests" time="0.001"/>
  <testcase name="sliceWithOpenGoal()" classname="org.key_project.slicing.EndToEndTests" time="14.228"/>
  <testcase name="sliceAgatha()" classname="org.key_project.slicing.EndToEndTests" time="7.106"/>
  <testcase name="sliceJavaProof()" classname="org.key_project.slicing.EndToEndTests" time="9.178"/>
  <system-out><![CDATA[[21:21:44.754] ?[34mINFO ?[0;39m ?[36mEndToEndTests?[0;39m - Loading /home/runner/work/key/key/keyext.slicing/src/test/resources/testcase/ifThenElseSplit.proof
[21:21:44.888] ?[31mWARN ?[0;39m ?[36mProofIndependentSettings?[0;39m - The settings in /home/runner/.key/proofIndependentSettings.props are *not* read due to flag 'key.disregardSettings'
[21:21:44.897] ?[34mINFO ?[0;39m ?[36mAbstractProblemLoader?[0;39m - Loading environment from src/test/resources/testcase/ifThenElseSplit.proof
[21:21:45.053] ?[34mINFO ?[0;39m ?[36mAbstractProblemLoader?[0;39m - Creating init config
[21:21:45.074] ?[31mWARN ?[0;39m ?[36mProofSettings?[0;39m - The settings in /home/runner/.key/proof-settings.props are *not* read.
[21:21:52.633] ?[34mINFO ?[0;39m ?[36mAbstractProblemLoader?[0;39m - Replaying proof ifThenElseSplit.proof
[21:21:53.685] ?[34mINFO ?[0;39m ?[36mKeyStrokeSettings?[0;39m - Save keyboard shortcuts to: /home/runner/.key/keystrokes.properties
[21:21:53.733] ?[34mINFO ?[0;39m ?[36mAbstractProblemLoader?[0;39m - Loading environment from /tmp/proof15189660931193799596.proof
[21:21:53.735] ?[34mINFO ?[0;39m ?[36mAbstractProblemLoader?[0;39m - Creating init config
[21:21:56.598] ?[34mINFO ?[0;39m ?[36mAbstractProblemLoader?[0;39m - Replaying proof proof15189660931193799596.proof
[21:21:56.619] ?[34mINFO ?[0;39m ?[36mAbstractProblemLoader?[0;39m - Loading environment from /tmp/KeYslice11551101525183527058/ifThenElseSplit_slice1.proof
[21:21:56.625] ?[34mINFO ?[0;39m ?[36mAbstractProblemLoader?[0;39m - Creating init config
[21:21:59.312] ?[34mINFO ?[0;39m ?[36mAbstractProblemLoader?[0;39m - Replaying proof ifThenElseSplit_slice1.proof
[21:21:59.318] ?[34mINFO ?[0;39m ?[36mEndToEndTests?[0;39m - Loading /home/runner/work/key/key/keyext.slicing/src/test/resources/testcase/ifThenElseSplit.proof
[21:21:59.319] ?[34mINFO ?[0;39m ?[36mAbstractProblemLoader?[0;39m - Loading environment from src/test/resources/testcase/ifThenElseSplit.proof
[21:21:59.322] ?[34mINFO ?[0;39m ?[36mAbstractProblemLoader?[0;39m - Creating init config
[21:22:01.943] ?[34mINFO ?[0;39m ?[36mAbstractProblemLoader?[0;39m - Replaying proof ifThenElseSplit.proof
[21:22:01.960] ?[34mINFO ?[0;39m ?[36mDependencyAnalyzer?[0;39m - merging 2 and 3
[21:22:01.963] ?[34mINFO ?[0;39m ?[36mAbstractProblemLoader?[0;39m - Loading environment from /tmp/proof11468881640008798929.proof
[21:22:01.966] ?[34mINFO ?[0;39m ?[36mAbstractProblemLoader?[0;39m - Creating init config
[21:22:04.503] ?[34mINFO ?[0;39m ?[36mAbstractProblemLoader?[0;39m - Replaying proof proof11468881640008798929.proof
[21:22:04.511] ?[34mINFO ?[0;39m ?[36mAbstractProblemLoader?[0;39m - Loading environment from /tmp/KeYslice11498336990580386343/ifThenElseSplit_slice1.proof
[21:22:04.512] ?[34mINFO ?[0;39m ?[36mAbstractProblemLoader?[0;39m - Creating init config
[21:22:07.039] ?[34mINFO ?[0;39m ?[36mAbstractProblemLoader?[0;39m - Replaying proof ifThenElseSplit_slice1.proof
[21:22:07.046] ?[34mINFO ?[0;39m ?[36mEndToEndTests?[0;39m - Loading /tmp/KeYslice11498336990580386343/ifThenElseSplit_slice1.proof
[21:22:07.047] ?[34mINFO ?[0;39m ?[36mAbstractProblemLoader?[0;39m - Loading environment from /tmp/KeYslice11498336990580386343/ifThenElseSplit_slice1.proof
[21:22:07.048] ?[34mINFO ?[0;39m ?[36mAbstractProblemLoader?[0;39m - Creating init config
[21:22:09.538] ?[34mINFO ?[0;39m ?[36mAbstractProblemLoader?[0;39m - Replaying proof ifThenElseSplit_slice1.proof
[21:22:09.546] ?[34mINFO ?[0;39m ?[36mDependencyAnalyzer?[0;39m - merging 3 and 4
[21:22:09.548] ?[34mINFO ?[0;39m ?[36mAbstractProblemLoader?[0;39m - Loading environment from /tmp/proof9847305874326002603.proof
[21:22:09.550] ?[34mINFO ?[0;39m ?[36mAbstractProblemLoader?[0;39m - Creating init config
[21:22:12.004] ?[34mINFO ?[0;39m ?[36mAbstractProblemLoader?[0;39m - Replaying proof proof9847305874326002603.proof
[21:22:12.011] ?[34mINFO ?[0;39m ?[36mAbstractProblemLoader?[0;39m - Loading environment from /tmp/KeYslice1914993991267416672/ifThenElseSplit_slice2.proof
[21:22:12.012] ?[34mINFO ?[0;39m ?[36mAbstractProblemLoader?[0;39m - Creating init config
[21:22:14.471] ?[34mINFO ?[0;39m ?[36mAbstractProblemLoader?[0;39m - Replaying proof ifThenElseSplit_slice2.proof
[21:22:14.477] ?[34mINFO ?[0;39m ?[36mEndToEndTests?[0;39m - Loading /tmp/KeYslice1914993991267416672/ifThenElseSplit_slice2.proof
[21:22:14.478] ?[34mINFO ?[0;39m ?[36mAbstractProblemLoader?[0;39m - Loading environment from /tmp/KeYslice1914993991267416672/ifThenElseSplit_slice2.proof
[21:22:14.479] ?[34mINFO ?[0;39m ?[36mAbstractProblemLoader?[0;39m - Creating init config
[21:22:16.892] ?[34mINFO ?[0;39m ?[36mAbstractProblemLoader?[0;39m - Replaying proof ifThenElseSplit_slice2.proof
[21:22:16.899] ?[34mINFO ?[0;39m ?[36mDependencyAnalyzer?[0;39m - merging 4 and 5
[21:22:16.901] ?[34mINFO ?[0;39m ?[36mAbstractProblemLoader?[0;39m - Loading environment from /tmp/proof18215073000545828321.proof
[21:22:16.903] ?[34mINFO ?[0;39m ?[36mAbstractProblemLoader?[0;39m - Creating init config
[21:22:19.375] ?[34mINFO ?[0;39m ?[36mAbstractProblemLoader?[0;39m - Replaying proof proof18215073000545828321.proof
[21:22:19.380] ?[34mINFO ?[0;39m ?[36mAbstractProblemLoader?[0;39m - Loading environment from /tmp/KeYslice5469071628069606291/ifThenElseSplit_slice3.proof
[21:22:19.381] ?[34mINFO ?[0;39m ?[36mAbstractProblemLoader?[0;39m - Creating init config
[21:22:21.827] ?[34mINFO ?[0;39m ?[36mAbstractProblemLoader?[0;39m - Replaying proof ifThenElseSplit_slice3.proof
[21:22:21.833] ?[34mINFO ?[0;39m ?[36mEndToEndTests?[0;39m - Loading /tmp/KeYslice5469071628069606291/ifThenElseSplit_slice3.proof
[21:22:21.834] ?[34mINFO ?[0;39m ?[36mAbstractProblemLoader?[0;39m - Loading environment from /tmp/KeYslice5469071628069606291/ifThenElseSplit_slice3.proof
[21:22:21.835] ?[34mINFO ?[0;39m ?[36mAbstractProblemLoader?[0;39m - Creating init config
[21:22:24.267] ?[34mINFO ?[0;39m ?[36mAbstractProblemLoader?[0;39m - Replaying proof ifThenElseSplit_slice3.proof
[21:22:24.274] ?[34mINFO ?[0;39m ?[36mDependencyAnalyzer?[0;39m - merging 5 and 6
[21:22:24.276] ?[34mINFO ?[0;39m ?[36mAbstractProblemLoader?[0;39m - Loading environment from /tmp/proof4136616058403087337.proof
[21:22:24.277] ?[34mINFO ?[0;39m ?[36mAbstractProblemLoader?[0;39m - Creating init config
[21:22:26.706] ?[34mINFO ?[0;39m ?[36mAbstractProblemLoader?[0;39m - Replaying proof proof4136616058403087337.proof
[21:22:26.712] ?[34mINFO ?[0;39m ?[36mAbstractProblemLoader?[0;39m - Loading environment from /tmp/KeYslice2411241392796232619/ifThenElseSplit_slice4.proof
[21:22:26.713] ?[34mINFO ?[0;39m ?[36mAbstractProblemLoader?[0;39m - Creating init config
[21:22:29.111] ?[34mINFO ?[0;39m ?[36mAbstractProblemLoader?[0;39m - Replaying proof ifThenElseSplit_slice4.proof
[21:22:29.118] ?[34mINFO ?[0;39m ?[36mEndToEndTests?[0;39m - Loading /home/runner/work/key/key/keyext.slicing/src/test/resources/testcase/deduplicateCheck4.proof
[21:22:29.119] ?[34mINFO ?[0;39m ?[36mAbstractProblemLoader?[0;39m - Loading environment from src/test/resources/testcase/deduplicateCheck4.proof
[21:22:29.120] ?[34mINFO ?[0;39m ?[36mAbstractProblemLoader?[0;39m - Creating init config
[21:22:31.548] ?[34mINFO ?[0;39m ?[36mAbstractProblemLoader?[0;39m - Replaying proof deduplicateCheck4.proof
[21:22:31.565] ?[34mINFO ?[0;39m ?[36mAbstractProblemLoader?[0;39m - Loading environment from /tmp/proof12218555487748263716.proof
[21:22:31.566] ?[34mINFO ?[0;39m ?[36mAbstractProblemLoader?[0;39m - Creating init config
[21:22:33.956] ?[34mINFO ?[0;39m ?[36mAbstractProblemLoader?[0;39m - Replaying proof proof12218555487748263716.proof
[21:22:33.965] ?[34mINFO ?[0;39m ?[36mAbstractProblemLoader?[0;39m - Loading environment from /tmp/KeYslice1389750097998720635/deduplicateCheck4_slice1.proof
[21:22:33.966] ?[34mINFO ?[0;39m ?[36mAbstractProblemLoader?[0;39m - Creating init config
[21:22:36.425] ?[34mINFO ?[0;39m ?[36mAbstractProblemLoader?[0;39m - Replaying proof deduplicateCheck4_slice1.proof
[21:22:36.433] ?[34mINFO ?[0;39m ?[36mEndToEndTests?[0;39m - Loading /home/runner/work/key/key/keyext.slicing/src/test/resources/testcase/exampleDuplicate.proof
[21:22:36.433] ?[34mINFO ?[0;39m ?[36mAbstractProblemLoader?[0;39m - Loading environment from src/test/resources/testcase/exampleDuplicate.proof
[21:22:36.434] ?[34mINFO ?[0;39m ?[36mAbstractProblemLoader?[0;39m - Creating init config
[21:22:38.816] ?[34mINFO ?[0;39m ?[36mAbstractProblemLoader?[0;39m - Replaying proof exampleDuplicate.proof
[21:22:38.828] ?[34mINFO ?[0;39m ?[36mDependencyAnalyzer?[0;39m - merging 2 and 3
[21:22:38.829] ?[34mINFO ?[0;39m ?[36mAbstractProblemLoader?[0;39m - Loading environment from /tmp/proof11305823520529895590.proof
[21:22:38.830] ?[34mINFO ?[0;39m ?[36mAbstractProblemLoader?[0;39m - Creating init config
[21:22:41.231] ?[34mINFO ?[0;39m ?[36mAbstractProblemLoader?[0;39m - Replaying proof proof11305823520529895590.proof
[21:22:41.241] ?[34mINFO ?[0;39m ?[36mAbstractProblemLoader?[0;39m - Loading environment from /tmp/KeYslice10934910747314061073/exampleDuplicate_slice1.proof
[21:22:41.242] ?[34mINFO ?[0;39m ?[36mAbstractProblemLoader?[0;39m - Creating init config
[21:22:43.607] ?[34mINFO ?[0;39m ?[36mAbstractProblemLoader?[0;39m - Replaying proof exampleDuplicate_slice1.proof
[21:22:43.616] ?[34mINFO ?[0;39m ?[36mEndToEndTests?[0;39m - Loading /tmp/KeYslice10934910747314061073/exampleDuplicate_slice1.proof
[21:22:43.617] ?[34mINFO ?[0;39m ?[36mAbstractProblemLoader?[0;39m - Loading environment from /tmp/KeYslice10934910747314061073/exampleDuplicate_slice1.proof
[21:22:43.618] ?[34mINFO ?[0;39m ?[36mAbstractProblemLoader?[0;39m - Creating init config
[21:22:46.046] ?[34mINFO ?[0;39m ?[36mAbstractProblemLoader?[0;39m - Replaying proof exampleDuplicate_slice1.proof
[21:22:46.057] ?[34mINFO ?[0;39m ?[36mDependencyAnalyzer?[0;39m - merging 3 and 4
[21:22:46.058] ?[34mINFO ?[0;39m ?[36mAbstractProblemLoader?[0;39m - Loading environment from /tmp/proof7656569462276363281.proof
[21:22:46.059] ?[34mINFO ?[0;39m ?[36mAbstractProblemLoader?[0;39m - Creating init config
[21:22:48.465] ?[34mINFO ?[0;39m ?[36mAbstractProblemLoader?[0;39m - Replaying proof proof7656569462276363281.proof
[21:22:48.474] ?[34mINFO ?[0;39m ?[36mAbstractProblemLoader?[0;39m - Loading environment from /tmp/KeYslice14070710525298040075/exampleDuplicate_slice2.proof
[21:22:48.476] ?[34mINFO ?[0;39m ?[36mAbstractProblemLoader?[0;39m - Creating init config
[21:22:50.857] ?[34mINFO ?[0;39m ?[36mAbstractProblemLoader?[0;39m - Replaying proof exampleDuplicate_slice2.proof
[21:22:50.866] ?[34mINFO ?[0;39m ?[36mEndToEndTests?[0;39m - Loading /tmp/KeYslice14070710525298040075/exampleDuplicate_slice2.proof
[21:22:50.866] ?[34mINFO ?[0;39m ?[36mAbstractProblemLoader?[0;39m - Loading environment from /tmp/KeYslice14070710525298040075/exampleDuplicate_slice2.proof
[21:22:50.867] ?[34mINFO ?[0;39m ?[36mAbstractProblemLoader?[0;39m - Creating init config
[21:22:53.270] ?[34mINFO ?[0;39m ?[36mAbstractProblemLoader?[0;39m - Replaying proof exampleDuplicate_slice2.proof
[21:22:53.284] ?[34mINFO ?[0;39m ?[36mDependencyAnalyzer?[0;39m - merging 4 and 5
[21:22:53.290] ?[34mINFO ?[0;39m ?[36mAbstractProblemLoader?[0;39m - Loading environment from /tmp/proof94018641656753280.proof
[21:22:53.291] ?[34mINFO ?[0;39m ?[36mAbstractProblemLoader?[0;39m - Creating init config
[21:22:55.655] ?[34mINFO ?[0;39m ?[36mAbstractProblemLoader?[0;39m - Replaying proof proof94018641656753280.proof
[21:22:55.664] ?[34mINFO ?[0;39m ?[36mAbstractProblemLoader?[0;39m - Loading environment from /tmp/KeYslice263006719985162808/exampleDuplicate_slice3.proof
[21:22:55.666] ?[34mINFO ?[0;39m ?[36mAbstractProblemLoader?[0;39m - Creating init config
[21:22:58.084] ?[34mINFO ?[0;39m ?[36mAbstractProblemLoader?[0;39m - Replaying proof exampleDuplicate_slice3.proof
[21:22:58.093] ?[34mINFO ?[0;39m ?[36mEndToEndTests?[0;39m - Loading /tmp/KeYslice263006719985162808/exampleDuplicate_slice3.proof
[21:22:58.093] ?[34mINFO ?[0;39m ?[36mAbstractProblemLoader?[0;39m - Loading environment from /tmp/KeYslice263006719985162808/exampleDuplicate_slice3.proof
[21:22:58.094] ?[34mINFO ?[0;39m ?[36mAbstractProblemLoader?[0;39m - Creating init config
[21:23:00.449] ?[34mINFO ?[0;39m ?[36mAbstractProblemLoader?[0;39m - Replaying proof exampleDuplicate_slice3.proof
[21:23:00.459] ?[34mINFO ?[0;39m ?[36mAbstractProblemLoader?[0;39m - Loading environment from /tmp/proof11937212521988400429.proof
[21:23:00.461] ?[34mINFO ?[0;39m ?[36mAbstractProblemLoader?[0;39m - Creating init config
[21:23:02.845] ?[34mINFO ?[0;39m ?[36mAbstractProblemLoader?[0;39m - Replaying proof proof11937212521988400429.proof
[21:23:02.854] ?[34mINFO ?[0;39m ?[36mAbstractProblemLoader?[0;39m - Loading environment from /tmp/KeYslice1329405517348888154/exampleDuplicate_slice4.proof
[21:23:02.855] ?[34mINFO ?[0;39m ?[36mAbstractProblemLoader?[0;39m - Creating init config
[21:23:05.258] ?[34mINFO ?[0;39m ?[36mAbstractProblemLoader?[0;39m - Replaying proof exampleDuplicate_slice4.proof
[21:23:05.278] ?[34mINFO ?[0;39m ?[36mEndToEndTests?[0;39m - Loading /home/runner/work/key/key/keyext.slicing/src/test/resources/testcase/../../../../../key.ui/examples/firstTouch/05-ReverseArray/reverseArray.proof
[21:23:05.279] ?[34mINFO ?[0;39m ?[36mAbstractProblemLoader?[0;39m - Loading environment from src/test/resources/testcase/../../../../../key.ui/examples/firstTouch/05-ReverseArray/reverseArray.proof
[21:23:05.280] ?[34mINFO ?[0;39m ?[36mAbstractProblemLoader?[0;39m - Creating init config
[21:23:07.945] ?[34mINFO ?[0;39m ?[36mAbstractProblemLoader?[0;39m - Replaying proof ReverseArray[ReverseArray::reverse()].JML normal_behavior operation contract.0
[21:23:09.011] ?[34mINFO ?[0;39m ?[36mDependencyAnalyzer?[0;39m - merging 1010 and 4663
[21:23:09.018] ?[34mINFO ?[0;39m ?[36mDependencyAnalyzer?[0;39m - merging 1354 and 4678
[21:23:09.062] ?[34mINFO ?[0;39m ?[36mDependencyAnalyzer?[0;39m - merging 2591 and 3795
[21:23:09.064] ?[34mINFO ?[0;39m ?[36mDependencyAnalyzer?[0;39m - merging 3958 and 4306
[21:23:09.090] ?[34mINFO ?[0;39m ?[36mAbstractProblemLoader?[0;39m - Loading environment from /tmp/proof4811602637811104720.proof
[21:23:09.091] ?[34mINFO ?[0;39m ?[36mAbstractProblemLoader?[0;39m - Creating init config
[21:23:11.734] ?[34mINFO ?[0;39m ?[36mAbstractProblemLoader?[0;39m - Replaying proof ReverseArray[ReverseArray::reverse()].JML normal_behavior operation contract.0
[21:23:12.417] ?[34mINFO ?[0;39m ?[36mAbstractProblemLoader?[0;39m - Loading environment from /tmp/KeYslice2877539046748610324/reverseArray_slice1.proof
[21:23:12.422] ?[34mINFO ?[0;39m ?[36mAbstractProblemLoader?[0;39m - Creating init config
[21:23:15.016] ?[34mINFO ?[0;39m ?[36mAbstractProblemLoader?[0;39m - Replaying proof ReverseArray[ReverseArray::reverse()].JML normal_behavior operation contract.0
[21:23:15.848] ?[34mINFO ?[0;39m ?[36mEndToEndTests?[0;39m - Loading /tmp/KeYslice2877539046748610324/reverseArray_slice1.proof
[21:23:15.855] ?[34mINFO ?[0;39m ?[36mAbstractProblemLoader?[0;39m - Loading environment from /tmp/KeYslice2877539046748610324/reverseArray_slice1.proof
[21:23:15.857] ?[34mINFO ?[0;39m ?[36mAbstractProblemLoader?[0;39m - Creating init config
[21:23:18.653] ?[34mINFO ?[0;39m ?[36mAbstractProblemLoader?[0;39m - Replaying proof ReverseArray[ReverseArray::reverse()].JML normal_behavior operation contract.0
[21:23:19.164] ?[34mINFO ?[0;39m ?[36mDependencyAnalyzer?[0;39m - merging 2219 and 2914
[21:23:19.170] ?[34mINFO ?[0;39m ?[36mDependencyAnalyzer?[0;39m - merging 1281 and 3384
[21:23:19.181] ?[34mINFO ?[0;39m ?[36mDependencyAnalyzer?[0;39m - merging 2973 and 3148
[21:23:19.188] ?[34mINFO ?[0;39m ?[36mDependencyAnalyzer?[0;39m - merging 879 and 3473
[21:23:19.191] ?[34mINFO ?[0;39m ?[36mDependencyAnalyzer?[0;39m - merging 880 and 3479
[21:23:19.194] ?[34mINFO ?[0;39m ?[36mDependencyAnalyzer?[0;39m - merging 947 and 3782
[21:23:19.195] ?[34mINFO ?[0;39m ?[36mDependencyAnalyzer?[0;39m - merging 943 and 3370
[21:23:19.205] ?[34mINFO ?[0;39m ?[36mAbstractProblemLoader?[0;39m - Loading environment from /tmp/proof10561803789941751118.proof
[21:23:19.207] ?[34mINFO ?[0;39m ?[36mAbstractProblemLoader?[0;39m - Creating init config
[21:23:21.766] ?[34mINFO ?[0;39m ?[36mAbstractProblemLoader?[0;39m - Replaying proof ReverseArray[ReverseArray::reverse()].JML normal_behavior operation contract.0
[21:23:22.173] ?[34mINFO ?[0;39m ?[36mAbstractProblemLoader?[0;39m - Loading environment from /tmp/KeYslice18266621518421524989/reverseArray_slice2.proof
[21:23:22.175] ?[34mINFO ?[0;39m ?[36mAbstractProblemLoader?[0;39m - Creating init config
[21:23:24.816] ?[34mINFO ?[0;39m ?[36mAbstractProblemLoader?[0;39m - Replaying proof ReverseArray[ReverseArray::reverse()].JML normal_behavior operation contract.0
[21:23:25.202] ?[34mINFO ?[0;39m ?[36mEndToEndTests?[0;39m - Loading /tmp/KeYslice18266621518421524989/reverseArray_slice2.proof
[21:23:25.203] ?[34mINFO ?[0;39m ?[36mAbstractProblemLoader?[0;39m - Loading environment from /tmp/KeYslice18266621518421524989/reverseArray_slice2.proof
[21:23:25.204] ?[34mINFO ?[0;39m ?[36mAbstractProblemLoader?[0;39m - Creating init config
[21:23:27.737] ?[34mINFO ?[0;39m ?[36mAbstractProblemLoader?[0;39m - Replaying proof ReverseArray[ReverseArray::reverse()].JML normal_behavior operation contract.0
[21:23:28.192] ?[34mINFO ?[0;39m ?[36mDependencyAnalyzer?[0;39m - merging 781 and 3554
[21:23:28.197] ?[34mINFO ?[0;39m ?[36mDependencyAnalyzer?[0;39m - merging 949 and 3776
[21:23:28.200] ?[34mINFO ?[0;39m ?[36mDependencyAnalyzer?[0;39m - merging 782 and 3569
[21:23:28.201] ?[34mINFO ?[0;39m ?[36mDependencyAnalyzer?[0;39m - merging 883 and 3469
[21:23:28.203] ?[34mINFO ?[0;39m ?[36mDependencyAnalyzer?[0;39m - merging 2220 and 2914
[21:23:28.204] ?[34mINFO ?[0;39m ?[36mDependencyAnalyzer?[0;39m - merging 882 and 3474
[21:23:28.205] ?[34mINFO ?[0;39m ?[36mDependencyAnalyzer?[0;39m - merging 1301 and 3381
[21:23:28.206] ?[34mINFO ?[0;39m ?[36mDependencyAnalyzer?[0;39m - merging 2973 and 3147
[21:23:28.207] ?[34mINFO ?[0;39m ?[36mDependencyAnalyzer?[0;39m - merging 946 and 3368
[21:23:28.219] ?[34mINFO ?[0;39m ?[36mAbstractProblemLoader?[0;39m - Loading environment from /tmp/proof1834899006209880682.proof
[21:23:28.220] ?[34mINFO ?[0;39m ?[36mAbstractProblemLoader?[0;39m - Creating init config
[21:23:30.830] ?[34mINFO ?[0;39m ?[36mAbstractProblemLoader?[0;39m - Replaying proof ReverseArray[ReverseArray::reverse()].JML normal_behavior operation contract.0
[21:23:31.249] ?[34mINFO ?[0;39m ?[36mAbstractProblemLoader?[0;39m - Loading environment from /tmp/KeYslice2516699710987371327/reverseArray_slice3.proof
[21:23:31.250] ?[34mINFO ?[0;39m ?[36mAbstractProblemLoader?[0;39m - Creating init config
[21:23:33.984] ?[34mINFO ?[0;39m ?[36mAbstractProblemLoader?[0;39m - Replaying proof ReverseArray[ReverseArray::reverse()].JML normal_behavior operation contract.0
[21:23:34.355] ?[34mINFO ?[0;39m ?[36mEndToEndTests?[0;39m - Loading /tmp/KeYslice2516699710987371327/reverseArray_slice3.proof
[21:23:34.356] ?[34mINFO ?[0;39m ?[36mAbstractProblemLoader?[0;39m - Loading environment from /tmp/KeYslice2516699710987371327/reverseArray_slice3.proof
[21:23:34.357] ?[34mINFO ?[0;39m ?[36mAbstractProblemLoader?[0;39m - Creating init config
[21:23:36.945] ?[34mINFO ?[0;39m ?[36mAbstractProblemLoader?[0;39m - Replaying proof ReverseArray[ReverseArray::reverse()].JML normal_behavior operation contract.0
[21:23:37.300] ?[34mINFO ?[0;39m ?[36mDependencyAnalyzer?[0;39m - merging 2973 and 3146
[21:23:37.302] ?[34mINFO ?[0;39m ?[36mDependencyAnalyzer?[0;39m - merging 784 and 3548
[21:23:37.304] ?[34mINFO ?[0;39m ?[36mDependencyAnalyzer?[0;39m - merging 886 and 3465
[21:23:37.305] ?[34mINFO ?[0;39m ?[36mDependencyAnalyzer?[0;39m - merging 1302 and 3378
[21:23:37.308] ?[34mINFO ?[0;39m ?[36mDependencyAnalyzer?[0;39m - merging 785 and 3562
[21:23:37.309] ?[34mINFO ?[0;39m ?[36mDependencyAnalyzer?[0;39m - merging 1285 and 3379
[21:23:37.310] ?[34mINFO ?[0;39m ?[36mDependencyAnalyzer?[0;39m - merging 2221 and 2914
[21:23:37.316] ?[34mINFO ?[0;39m ?[36mDependencyAnalyzer?[0;39m - merging 885 and 3469
[21:23:37.319] ?[34mINFO ?[0;39m ?[36mDependencyAnalyzer?[0;39m - merging 756 and 3651
[21:23:37.322] ?[34mINFO ?[0;39m ?[36mDependencyAnalyzer?[0;39m - merging 1296 and 3803
[21:23:37.324] ?[34mINFO ?[0;39m ?[36mDependencyAnalyzer?[0;39m - merging 757 and 3657
[21:23:37.332] ?[34mINFO ?[0;39m ?[36mAbstractProblemLoader?[0;39m - Loading environment from /tmp/proof6147415793370744016.proof
[21:23:37.333] ?[34mINFO ?[0;39m ?[36mAbstractProblemLoader?[0;39m - Creating init config
[21:23:39.911] ?[34mINFO ?[0;39m ?[36mAbstractProblemLoader?[0;39m - Replaying proof ReverseArray[ReverseArray::reverse()].JML normal_behavior operation contract.0
[21:23:40.347] ?[34mINFO ?[0;39m ?[36mAbstractProblemLoader?[0;39m - Loading environment from /tmp/KeYslice1409145021563198202/reverseArray_slice4.proof
[21:23:40.348] ?[34mINFO ?[0;39m ?[36mAbstractProblemLoader?[0;39m - Creating init config
[21:23:42.910] ?[34mINFO ?[0;39m ?[36mAbstractProblemLoader?[0;39m - Replaying proof ReverseArray[ReverseArray::reverse()].JML normal_behavior operation contract.0
[21:23:43.272] ?[34mINFO ?[0;39m ?[36mEndToEndTests?[0;39m - Loading /tmp/KeYslice1409145021563198202/reverseArray_slice4.proof
[21:23:43.273] ?[34mINFO ?[0;39m ?[36mAbstractProblemLoader?[0;39m - Loading environment from /tmp/KeYslice1409145021563198202/reverseArray_slice4.proof
[21:23:43.275] ?[34mINFO ?[0;39m ?[36mAbstractProblemLoader?[0;39m - Creating init config
[21:23:45.806] ?[34mINFO ?[0;39m ?[36mAbstractProblemLoader?[0;39m - Replaying proof ReverseArray[ReverseArray::reverse()].JML normal_behavior operation contract.0
[21:23:46.212] ?[34mINFO ?[0;39m ?[36mDependencyAnalyzer?[0;39m - merging 787 and 3542
[21:23:46.213] ?[34mINFO ?[0;39m ?[36mDependencyAnalyzer?[0;39m - merging 889 and 3465
[21:23:46.215] ?[34mINFO ?[0;39m ?[36mDependencyAnalyzer?[0;39m - merging 1298 and 3793
[21:23:46.217] ?[34mINFO ?[0;39m ?[36mDependencyAnalyzer?[0;39m - merging 788 and 3555
[21:23:46.218] ?[34mINFO ?[0;39m ?[36mDependencyAnalyzer?[0;39m - merging 1288 and 3376
[21:23:46.224] ?[34mINFO ?[0;39m ?[36mDependencyAnalyzer?[0;39m - merging 1396 and 3388
[21:23:46.226] ?[34mINFO ?[0;39m ?[36mDependencyAnalyzer?[0;39m - merging 2222 and 2914
[21:23:46.229] ?[34mINFO ?[0;39m ?[36mDependencyAnalyzer?[0;39m - merging 888 and 3464
[21:23:46.230] ?[34mINFO ?[0;39m ?[36mDependencyAnalyzer?[0;39m - merging 760 and 3648
[21:23:46.233] ?[34mINFO ?[0;39m ?[36mDependencyAnalyzer?[0;39m - merging 2973 and 3145
[21:23:46.236] ?[34mINFO ?[0;39m ?[36mDependencyAnalyzer?[0;39m - merging 622 and 3786
[21:23:46.237] ?[34mINFO ?[0;39m ?[36mDependencyAnalyzer?[0;39m - merging 759 and 3643
[21:23:46.242] ?[34mINFO ?[0;39m ?[36mAbstractProblemLoader?[0;39m - Loading environment from /tmp/proof2763324016070142971.proof
[21:23:46.243] ?[34mINFO ?[0;39m ?[36mAbstractProblemLoader?[0;39m - Creating init config
[21:23:48.817] ?[34mINFO ?[0;39m ?[36mAbstractProblemLoader?[0;39m - Replaying proof ReverseArray[ReverseArray::reverse()].JML normal_behavior operation contract.0
[21:23:49.177] ?[34mINFO ?[0;39m ?[36mAbstractProblemLoader?[0;39m - Loading environment from /tmp/KeYslice1821985682777390658/reverseArray_slice5.proof
[21:23:49.179] ?[34mINFO ?[0;39m ?[36mAbstractProblemLoader?[0;39m - Creating init config
[21:23:51.748] ?[34mINFO ?[0;39m ?[36mAbstractProblemLoader?[0;39m - Replaying proof ReverseArray[ReverseArray::reverse()].JML normal_behavior operation contract.0
[21:23:52.064] ?[34mINFO ?[0;39m ?[36mEndToEndTests?[0;39m - Loading /home/runner/work/key/key/keyext.slicing/src/test/resources/testcase/exampleDuplicateOpen.proof
[21:23:52.065] ?[34mINFO ?[0;39m ?[36mAbstractProblemLoader?[0;39m - Loading environment from src/test/resources/testcase/exampleDuplicateOpen.proof
[21:23:52.066] ?[34mINFO ?[0;39m ?[36mAbstractProblemLoader?[0;39m - Creating init config
[21:23:54.463] ?[34mINFO ?[0;39m ?[36mAbstractProblemLoader?[0;39m - Replaying proof exampleDuplicateOpen.proof
[21:23:54.471] ?[34mINFO ?[0;39m ?[36mDependencyAnalyzer?[0;39m - merging 2 and 3
[21:23:54.472] ?[34mINFO ?[0;39m ?[36mAbstractProblemLoader?[0;39m - Loading environment from /tmp/proof3951040338722239332.proof
[21:23:54.473] ?[34mINFO ?[0;39m ?[36mAbstractProblemLoader?[0;39m - Creating init config
[21:23:56.896] ?[34mINFO ?[0;39m ?[36mAbstractProblemLoader?[0;39m - Replaying proof proof3951040338722239332.proof
[21:23:56.904] ?[34mINFO ?[0;39m ?[36mAbstractProblemLoader?[0;39m - Loading environment from /tmp/KeYslice3087783118106845535/exampleDuplicateOpen_slice1.proof
[21:23:56.906] ?[34mINFO ?[0;39m ?[36mAbstractProblemLoader?[0;39m - Creating init config
[21:23:59.291] ?[34mINFO ?[0;39m ?[36mAbstractProblemLoader?[0;39m - Replaying proof exampleDuplicateOpen_slice1.proof
[21:23:59.299] ?[34mINFO ?[0;39m ?[36mEndToEndTests?[0;39m - Loading /tmp/KeYslice3087783118106845535/exampleDuplicateOpen_slice1.proof
[21:23:59.300] ?[34mINFO ?[0;39m ?[36mAbstractProblemLoader?[0;39m - Loading environment from /tmp/KeYslice3087783118106845535/exampleDuplicateOpen_slice1.proof
[21:23:59.301] ?[34mINFO ?[0;39m ?[36mAbstractProblemLoader?[0;39m - Creating init config
[21:24:01.699] ?[34mINFO ?[0;39m ?[36mAbstractProblemLoader?[0;39m - Replaying proof exampleDuplicateOpen_slice1.proof
[21:24:01.707] ?[34mINFO ?[0;39m ?[36mDependencyAnalyzer?[0;39m - merging 3 and 4
[21:24:01.707] ?[34mINFO ?[0;39m ?[36mAbstractProblemLoader?[0;39m - Loading environment from /tmp/proof13667849262806683390.proof
[21:24:01.709] ?[34mINFO ?[0;39m ?[36mAbstractProblemLoader?[0;39m - Creating init config
[21:24:04.109] ?[34mINFO ?[0;39m ?[36mAbstractProblemLoader?[0;39m - Replaying proof proof13667849262806683390.proof
[21:24:04.117] ?[34mINFO ?[0;39m ?[36mAbstractProblemLoader?[0;39m - Loading environment from /tmp/KeYslice6976694051609302540/exampleDuplicateOpen_slice2.proof
[21:24:04.118] ?[34mINFO ?[0;39m ?[36mAbstractProblemLoader?[0;39m - Creating init config
[21:24:06.501] ?[34mINFO ?[0;39m ?[36mAbstractProblemLoader?[0;39m - Replaying proof exampleDuplicateOpen_slice2.proof
[21:24:06.509] ?[34mINFO ?[0;39m ?[36mEndToEndTests?[0;39m - Loading /tmp/KeYslice6976694051609302540/exampleDuplicateOpen_slice2.proof
[21:24:06.509] ?[34mINFO ?[0;39m ?[36mAbstractProblemLoader?[0;39m - Loading environment from /tmp/KeYslice6976694051609302540/exampleDuplicateOpen_slice2.proof
[21:24:06.510] ?[34mINFO ?[0;39m ?[36mAbstractProblemLoader?[0;39m - Creating init config
[21:24:08.894] ?[34mINFO ?[0;39m ?[36mAbstractProblemLoader?[0;39m - Replaying proof exampleDuplicateOpen_slice2.proof
[21:24:08.901] ?[34mINFO ?[0;39m ?[36mDependencyAnalyzer?[0;39m - merging 4 and 5
[21:24:08.902] ?[34mINFO ?[0;39m ?[36mAbstractProblemLoader?[0;39m - Loading environment from /tmp/proof2768866393937775329.proof
[21:24:08.904] ?[34mINFO ?[0;39m ?[36mAbstractProblemLoader?[0;39m - Creating init config
[21:24:11.297] ?[34mINFO ?[0;39m ?[36mAbstractProblemLoader?[0;39m - Replaying proof proof2768866393937775329.proof
[21:24:11.305] ?[34mINFO ?[0;39m ?[36mAbstractProblemLoader?[0;39m - Loading environment from /tmp/KeYslice15411803475154110008/exampleDuplicateOpen_slice3.proof
[21:24:11.307] ?[34mINFO ?[0;39m ?[36mAbstractProblemLoader?[0;39m - Creating init config
[21:24:13.679] ?[34mINFO ?[0;39m ?[36mAbstractProblemLoader?[0;39m - Replaying proof exampleDuplicateOpen_slice3.proof
[21:24:13.686] ?[34mINFO ?[0;39m ?[36mEndToEndTests?[0;39m - Loading /tmp/KeYslice15411803475154110008/exampleDuplicateOpen_slice3.proof
[21:24:13.686] ?[34mINFO ?[0;39m ?[36mAbstractProblemLoader?[0;39m - Loading environment from /tmp/KeYslice15411803475154110008/exampleDuplicateOpen_slice3.proof
[21:24:13.687] ?[34mINFO ?[0;39m ?[36mAbstractProblemLoader?[0;39m - Creating init config
[21:24:16.054] ?[34mINFO ?[0;39m ?[36mAbstractProblemLoader?[0;39m - Replaying proof exampleDuplicateOpen_slice3.proof
[21:24:16.063] ?[34mINFO ?[0;39m ?[36mAbstractProblemLoader?[0;39m - Loading environment from /tmp/proof16273804701599075826.proof
[21:24:16.064] ?[34mINFO ?[0;39m ?[36mAbstractProblemLoader?[0;39m - Creating init config
[21:24:18.426] ?[34mINFO ?[0;39m ?[36mAbstractProblemLoader?[0;39m - Replaying proof proof16273804701599075826.proof
[21:24:18.434] ?[34mINFO ?[0;39m ?[36mAbstractProblemLoader?[0;39m - Loading environment from /tmp/KeYslice15054176221444647536/exampleDuplicateOpen_slice4.proof
[21:24:18.435] ?[34mINFO ?[0;39m ?[36mAbstractProblemLoader?[0;39m - Creating init config
[21:24:20.796] ?[34mINFO ?[0;39m ?[36mAbstractProblemLoader?[0;39m - Replaying proof exampleDuplicateOpen_slice4.proof
[21:24:20.804] ?[34mINFO ?[0;39m ?[36mEndToEndTests?[0;39m - Loading /home/runner/work/key/key/keyext.slicing/src/test/resources/testcase/cutExample.proof
[21:24:20.804] ?[34mINFO ?[0;39m ?[36mAbstractProblemLoader?[0;39m - Loading environment from src/test/resources/testcase/cutExample.proof
[21:24:20.805] ?[34mINFO ?[0;39m ?[36mAbstractProblemLoader?[0;39m - Creating init config
[21:24:23.164] ?[34mINFO ?[0;39m ?[36mAbstractProblemLoader?[0;39m - Replaying proof cutExample.proof
[21:24:23.170] ?[34mINFO ?[0;39m ?[36mAbstractProblemLoader?[0;39m - Loading environment from /tmp/proof4940735005770488889.proof
[21:24:23.172] ?[34mINFO ?[0;39m ?[36mAbstractProblemLoader?[0;39m - Creating init config
[21:24:25.528] ?[34mINFO ?[0;39m ?[36mAbstractProblemLoader?[0;39m - Replaying proof proof4940735005770488889.proof
[21:24:25.531] ?[34mINFO ?[0;39m ?[36mAbstractProblemLoader?[0;39m - Loading environment from /tmp/KeYslice11851840891379612131/cutExample_slice1.proof
[21:24:25.532] ?[34mINFO ?[0;39m ?[36mAbstractProblemLoader?[0;39m - Creating init config
[21:24:27.896] ?[34mINFO ?[0;39m ?[36mAbstractProblemLoader?[0;39m - Replaying proof cutExample_slice1.proof
[21:24:27.900] ?[34mINFO ?[0;39m ?[36mEndToEndTests?[0;39m - Loading /home/runner/work/key/key/keyext.slicing/src/test/resources/testcase/agathaOpenGoal.proof
[21:24:27.900] ?[34mINFO ?[0;39m ?[36mAbstractProblemLoader?[0;39m - Loading environment from src/test/resources/testcase/agathaOpenGoal.proof
[21:24:27.901] ?[34mINFO ?[0;39m ?[36mAbstractProblemLoader?[0;39m - Creating init config
[21:24:30.261] ?[34mINFO ?[0;39m ?[36mAbstractProblemLoader?[0;39m - Replaying proof agathaOpenGoal.proof
[21:24:30.280] ?[34mINFO ?[0;39m ?[36mAbstractProblemLoader?[0;39m - Loading environment from /tmp/proof15370245418554294216.proof
[21:24:30.281] ?[34mINFO ?[0;39m ?[36mAbstractProblemLoader?[0;39m - Creating init config
[21:24:32.684] ?[34mINFO ?[0;39m ?[36mAbstractProblemLoader?[0;39m - Replaying proof proof15370245418554294216.proof
[21:24:32.703] ?[34mINFO ?[0;39m ?[36mAbstractProblemLoader?[0;39m - Loading environment from /tmp/KeYslice16246649146864089638/agathaOpenGoal_slice1.proof
[21:24:32.704] ?[34mINFO ?[0;39m ?[36mAbstractProblemLoader?[0;39m - Creating init config
[21:24:35.072] ?[34mINFO ?[0;39m ?[36mAbstractProblemLoader?[0;39m - Replaying proof agathaOpenGoal_slice1.proof
[21:24:35.087] ?[34mINFO ?[0;39m ?[36mEndToEndTests?[0;39m - Loading /home/runner/work/key/key/keyext.slicing/src/test/resources/testcase/openGoal1.proof
[21:24:35.087] ?[34mINFO ?[0;39m ?[36mAbstractProblemLoader?[0;39m - Loading environment from src/test/resources/testcase/openGoal1.proof
[21:24:35.088] ?[34mINFO ?[0;39m ?[36mAbstractProblemLoader?[0;39m - Creating init config
[21:24:37.457] ?[34mINFO ?[0;39m ?[36mAbstractProblemLoader?[0;39m - Replaying proof openGoal1.proof
[21:24:37.461] ?[34mINFO ?[0;39m ?[36mAbstractProblemLoader?[0;39m - Loading environment from /tmp/proof308087299402842803.proof
[21:24:37.463] ?[34mINFO ?[0;39m ?[36mAbstractProblemLoader?[0;39m - Creating init config
[21:24:39.822] ?[34mINFO ?[0;39m ?[36mAbstractProblemLoader?[0;39m - Replaying proof proof308087299402842803.proof
[21:24:39.824] ?[34mINFO ?[0;39m ?[36mAbstractProblemLoader?[0;39m - Loading environment from /tmp/KeYslice167160997217938391/openGoal1_slice1.proof
[21:24:39.825] ?[34mINFO ?[0;39m ?[36mAbstractProblemLoader?[0;39m - Creating init config
[21:24:42.181] ?[34mINFO ?[0;39m ?[36mAbstractProblemLoader?[0;39m - Replaying proof openGoal1_slice1.proof
[21:24:42.184] ?[34mINFO ?[0;39m ?[36mEndToEndTests?[0;39m - Loading /home/runner/work/key/key/keyext.slicing/src/test/resources/testcase/openGoal2.proof
[21:24:42.184] ?[34mINFO ?[0;39m ?[36mAbstractProblemLoader?[0;39m - Loading environment from src/test/resources/testcase/openGoal2.proof
[21:24:42.185] ?[34mINFO ?[0;39m ?[36mAbstractProblemLoader?[0;39m - Creating init config
[21:24:44.547] ?[34mINFO ?[0;39m ?[36mAbstractProblemLoader?[0;39m - Replaying proof openGoal2.proof
[21:24:44.550] ?[34mINFO ?[0;39m ?[36mAbstractProblemLoader?[0;39m - Loading environment from /tmp/proof370948098209062826.proof
[21:24:44.551] ?[34mINFO ?[0;39m ?[36mAbstractProblemLoader?[0;39m - Creating init config
[21:24:46.903] ?[34mINFO ?[0;39m ?[36mAbstractProblemLoader?[0;39m - Replaying proof proof370948098209062826.proof
[21:24:46.905] ?[34mINFO ?[0;39m ?[36mAbstractProblemLoader?[0;39m - Loading environment from /tmp/KeYslice622174621480746237/openGoal2_slice1.proof
[21:24:46.906] ?[34mINFO ?[0;39m ?[36mAbstractProblemLoader?[0;39m - Creating init config
[21:24:49.311] ?[34mINFO ?[0;39m ?[36mAbstractProblemLoader?[0;39m - Replaying proof openGoal2_slice1.proof
[21:24:49.314] ?[34mINFO ?[0;39m ?[36mEndToEndTests?[0;39m - Loading /home/runner/work/key/key/keyext.slicing/src/test/resources/testcase/agatha.proof
[21:24:49.315] ?[34mINFO ?[0;39m ?[36mAbstractProblemLoader?[0;39m - Loading environment from src/test/resources/testcase/agatha.proof
[21:24:49.316] ?[34mINFO ?[0;39m ?[36mAbstractProblemLoader?[0;39m - Creating init config
[21:24:51.671] ?[34mINFO ?[0;39m ?[36mAbstractProblemLoader?[0;39m - Replaying proof agatha.proof
[21:24:51.685] ?[34mINFO ?[0;39m ?[36mAbstractProblemLoader?[0;39m - Loading environment from /tmp/proof7952844092132540979.proof
[21:24:51.686] ?[34mINFO ?[0;39m ?[36mAbstractProblemLoader?[0;39m - Creating init config
[21:24:54.045] ?[34mINFO ?[0;39m ?[36mAbstractProblemLoader?[0;39m - Replaying proof proof7952844092132540979.proof
[21:24:54.056] ?[34mINFO ?[0;39m ?[36mAbstractProblemLoader?[0;39m - Loading environment from /tmp/KeYslice15888178257348475297/agatha_slice1.proof
[21:24:54.057] ?[34mINFO ?[0;39m ?[36mAbstractProblemLoader?[0;39m - Creating init config
[21:24:56.409] ?[34mINFO ?[0;39m ?[36mAbstractProblemLoader?[0;39m - Replaying proof agatha_slice1.proof
[21:24:56.420] ?[34mINFO ?[0;39m ?[36mEndToEndTests?[0;39m - Loading /home/runner/work/key/key/keyext.slicing/src/test/resources/testcase/../../../../../key.ui/examples/heap/verifyThis15_2_ParallelGcd/parallelGcd.proof
[21:24:56.421] ?[34mINFO ?[0;39m ?[36mAbstractProblemLoader?[0;39m - Loading environment from src/test/resources/testcase/../../../../../key.ui/examples/heap/verifyThis15_2_ParallelGcd/parallelGcd.proof
[21:24:56.421] ?[34mINFO ?[0;39m ?[36mAbstractProblemLoader?[0;39m - Creating init config
[21:24:59.039] ?[34mINFO ?[0;39m ?[36mAbstractProblemLoader?[0;39m - Replaying proof ParallelGcd[ParallelGcd::parallelGcd(int,int,[Z)].JML behavior operation contract.0
[21:24:59.617] ?[34mINFO ?[0;39m ?[36mAbstractProblemLoader?[0;39m - Loading environment from /tmp/proof9916922668383160996.proof
[21:24:59.618] ?[34mINFO ?[0;39m ?[36mAbstractProblemLoader?[0;39m - Creating init config
[21:25:02.207] ?[34mINFO ?[0;39m ?[36mAbstractProblemLoader?[0;39m - Replaying proof ParallelGcd[ParallelGcd::parallelGcd(int,int,[Z)].JML behavior operation contract.0
[21:25:02.682] ?[34mINFO ?[0;39m ?[36mAbstractProblemLoader?[0;39m - Loading environment from /tmp/KeYslice12286871051958001084/parallelGcd_slice1.proof
[21:25:02.683] ?[34mINFO ?[0;39m ?[36mAbstractProblemLoader?[0;39m - Creating init config
[21:25:05.256] ?[34mINFO ?[0;39m ?[36mAbstractProblemLoader?[0;39m - Replaying proof ParallelGcd[ParallelGcd::parallelGcd(int,int,[Z)].JML behavior operation contract.0
]]></system-out>
  <system-err><![CDATA[]]></system-err>
</testsuite>
