<?xml version="1.0" encoding="UTF-8"?>
<testsuite name="de.uka.ilkd.key.java.TestJavaCardDLJavaExtensions" tests="2" skipped="0" failures="0" errors="0" timestamp="2023-02-02T14:06:38" hostname="fv-az438-945" time="5.81">
  <properties/>
  <testcase name="testTypeNotInScopeShouldNotBeFound()" classname="de.uka.ilkd.key.java.TestJavaCardDLJavaExtensions" time="2.978"/>
  <testcase name="testMethodFrameRedirectsScope()" classname="de.uka.ilkd.key.java.TestJavaCardDLJavaExtensions" time="2.831"/>
  <system-out><![CDATA[]]></system-out>
  <system-err><![CDATA[]]></system-err>
</testsuite>
