<?xml version="1.0" encoding="UTF-8"?>
<testsuite name="de.uka.ilkd.key.rule.TestMatchTaclet" tests="16" skipped="0" failures="16" errors="0" timestamp="2023-06-07T16:44:19" hostname="fv-az455-784" time="7.724">
  <properties/>
  <testcase name="testProgramMatch4()" classname="de.uka.ilkd.key.rule.TestMatchTaclet" time="0.564">
    <failure message="java.lang.RuntimeException: Exception occurred while parsing /home/runner/work/key/key/key.core/src/test/resources/testcase/../de/uka/ilkd/key/rule/testRuleMatch.txt" type="java.lang.RuntimeException">java.lang.RuntimeException: Exception occurred while parsing /home/runner/work/key/key/key.core/src/test/resources/testcase/../de/uka/ilkd/key/rule/testRuleMatch.txt
	at de.uka.ilkd.key.rule.TacletForTests.parse(TacletForTests.java:89)
	at de.uka.ilkd.key.rule.TacletForTests.parse(TacletForTests.java:125)
	at de.uka.ilkd.key.rule.TacletForTests.parse(TacletForTests.java:129)
	at de.uka.ilkd.key.rule.TestMatchTaclet.setUp(TestMatchTaclet.java:60)
	at java.base/jdk.internal.reflect.NativeMethodAccessorImpl.invoke0(Native Method)
	at java.base/jdk.internal.reflect.NativeMethodAccessorImpl.invoke(NativeMethodAccessorImpl.java:77)
	at java.base/jdk.internal.reflect.DelegatingMethodAccessorImpl.invoke(DelegatingMethodAccessorImpl.java:43)
	at java.base/java.lang.reflect.Method.invoke(Method.java:568)
	at org.junit.platform.commons.util.ReflectionUtils.invokeMethod(ReflectionUtils.java:727)
	at org.junit.jupiter.engine.execution.MethodInvocation.proceed(MethodInvocation.java:60)
	at org.junit.jupiter.engine.execution.InvocationInterceptorChain$ValidatingInvocation.proceed(InvocationInterceptorChain.java:131)
	at org.junit.jupiter.engine.extension.TimeoutExtension.intercept(TimeoutExtension.java:156)
	at org.junit.jupiter.engine.extension.TimeoutExtension.interceptLifecycleMethod(TimeoutExtension.java:128)
	at org.junit.jupiter.engine.extension.TimeoutExtension.interceptBeforeEachMethod(TimeoutExtension.java:78)
	at org.junit.jupiter.engine.execution.InterceptingExecutableInvoker$ReflectiveInterceptorCall.lambda$ofVoidMethod$0(InterceptingExecutableInvoker.java:103)
	at org.junit.jupiter.engine.execution.InterceptingExecutableInvoker.lambda$invoke$0(InterceptingExecutableInvoker.java:93)
	at org.junit.jupiter.engine.execution.InvocationInterceptorChain$InterceptedInvocation.proceed(InvocationInterceptorChain.java:106)
	at org.junit.jupiter.engine.execution.InvocationInterceptorChain.proceed(InvocationInterceptorChain.java:64)
	at org.junit.jupiter.engine.execution.InvocationInterceptorChain.chainAndInvoke(InvocationInterceptorChain.java:45)
	at org.junit.jupiter.engine.execution.InvocationInterceptorChain.invoke(InvocationInterceptorChain.java:37)
	at org.junit.jupiter.engine.execution.InterceptingExecutableInvoker.invoke(InterceptingExecutableInvoker.java:92)
	at org.junit.jupiter.engine.execution.InterceptingExecutableInvoker.invoke(InterceptingExecutableInvoker.java:86)
	at org.junit.jupiter.engine.descriptor.ClassBasedTestDescriptor.invokeMethodInExtensionContext(ClassBasedTestDescriptor.java:520)
	at org.junit.jupiter.engine.descriptor.ClassBasedTestDescriptor.lambda$synthesizeBeforeEachMethodAdapter$23(ClassBasedTestDescriptor.java:505)
	at org.junit.jupiter.engine.descriptor.TestMethodTestDescriptor.lambda$invokeBeforeEachMethods$3(TestMethodTestDescriptor.java:174)
	at org.junit.jupiter.engine.descriptor.TestMethodTestDescriptor.lambda$invokeBeforeMethodsOrCallbacksUntilExceptionOccurs$6(TestMethodTestDescriptor.java:202)
	at org.junit.platform.engine.support.hierarchical.ThrowableCollector.execute(ThrowableCollector.java:73)
	at org.junit.jupiter.engine.descriptor.TestMethodTestDescriptor.invokeBeforeMethodsOrCallbacksUntilExceptionOccurs(TestMethodTestDescriptor.java:202)
	at org.junit.jupiter.engine.descriptor.TestMethodTestDescriptor.invokeBeforeEachMethods(TestMethodTestDescriptor.java:171)
	at org.junit.jupiter.engine.descriptor.TestMethodTestDescriptor.execute(TestMethodTestDescriptor.java:134)
	at org.junit.jupiter.engine.descriptor.TestMethodTestDescriptor.execute(TestMethodTestDescriptor.java:68)
	at org.junit.platform.engine.support.hierarchical.NodeTestTask.lambda$executeRecursively$6(NodeTestTask.java:151)
	at org.junit.platform.engine.support.hierarchical.ThrowableCollector.execute(ThrowableCollector.java:73)
	at org.junit.platform.engine.support.hierarchical.NodeTestTask.lambda$executeRecursively$8(NodeTestTask.java:141)
	at org.junit.platform.engine.support.hierarchical.Node.around(Node.java:137)
	at org.junit.platform.engine.support.hierarchical.NodeTestTask.lambda$executeRecursively$9(NodeTestTask.java:139)
	at org.junit.platform.engine.support.hierarchical.ThrowableCollector.execute(ThrowableCollector.java:73)
	at org.junit.platform.engine.support.hierarchical.NodeTestTask.executeRecursively(NodeTestTask.java:138)
	at org.junit.platform.engine.support.hierarchical.NodeTestTask.execute(NodeTestTask.java:95)
	at java.base/java.util.ArrayList.forEach(ArrayList.java:1511)
	at org.junit.platform.engine.support.hierarchical.SameThreadHierarchicalTestExecutorService.invokeAll(SameThreadHierarchicalTestExecutorService.java:41)
	at org.junit.platform.engine.support.hierarchical.NodeTestTask.lambda$executeRecursively$6(NodeTestTask.java:155)
	at org.junit.platform.engine.support.hierarchical.ThrowableCollector.execute(ThrowableCollector.java:73)
	at org.junit.platform.engine.support.hierarchical.NodeTestTask.lambda$executeRecursively$8(NodeTestTask.java:141)
	at org.junit.platform.engine.support.hierarchical.Node.around(Node.java:137)
	at org.junit.platform.engine.support.hierarchical.NodeTestTask.lambda$executeRecursively$9(NodeTestTask.java:139)
	at org.junit.platform.engine.support.hierarchical.ThrowableCollector.execute(ThrowableCollector.java:73)
	at org.junit.platform.engine.support.hierarchical.NodeTestTask.executeRecursively(NodeTestTask.java:138)
	at org.junit.platform.engine.support.hierarchical.NodeTestTask.execute(NodeTestTask.java:95)
	at java.base/java.util.ArrayList.forEach(ArrayList.java:1511)
	at org.junit.platform.engine.support.hierarchical.SameThreadHierarchicalTestExecutorService.invokeAll(SameThreadHierarchicalTestExecutorService.java:41)
	at org.junit.platform.engine.support.hierarchical.NodeTestTask.lambda$executeRecursively$6(NodeTestTask.java:155)
	at org.junit.platform.engine.support.hierarchical.ThrowableCollector.execute(ThrowableCollector.java:73)
	at org.junit.platform.engine.support.hierarchical.NodeTestTask.lambda$executeRecursively$8(NodeTestTask.java:141)
	at org.junit.platform.engine.support.hierarchical.Node.around(Node.java:137)
	at org.junit.platform.engine.support.hierarchical.NodeTestTask.lambda$executeRecursively$9(NodeTestTask.java:139)
	at org.junit.platform.engine.support.hierarchical.ThrowableCollector.execute(ThrowableCollector.java:73)
	at org.junit.platform.engine.support.hierarchical.NodeTestTask.executeRecursively(NodeTestTask.java:138)
	at org.junit.platform.engine.support.hierarchical.NodeTestTask.execute(NodeTestTask.java:95)
	at org.junit.platform.engine.support.hierarchical.SameThreadHierarchicalTestExecutorService.submit(SameThreadHierarchicalTestExecutorService.java:35)
	at org.junit.platform.engine.support.hierarchical.HierarchicalTestExecutor.execute(HierarchicalTestExecutor.java:57)
	at org.junit.platform.engine.support.hierarchical.HierarchicalTestEngine.execute(HierarchicalTestEngine.java:54)
	at org.junit.platform.launcher.core.EngineExecutionOrchestrator.execute(EngineExecutionOrchestrator.java:107)
	at org.junit.platform.launcher.core.EngineExecutionOrchestrator.execute(EngineExecutionOrchestrator.java:88)
	at org.junit.platform.launcher.core.EngineExecutionOrchestrator.lambda$execute$0(EngineExecutionOrchestrator.java:54)
	at org.junit.platform.launcher.core.EngineExecutionOrchestrator.withInterceptedStreams(EngineExecutionOrchestrator.java:67)
	at org.junit.platform.launcher.core.EngineExecutionOrchestrator.execute(EngineExecutionOrchestrator.java:52)
	at org.junit.platform.launcher.core.DefaultLauncher.execute(DefaultLauncher.java:114)
	at org.junit.platform.launcher.core.DefaultLauncher.execute(DefaultLauncher.java:86)
	at org.junit.platform.launcher.core.DefaultLauncherSession$DelegatingLauncher.execute(DefaultLauncherSession.java:86)
	at org.gradle.api.internal.tasks.testing.junitplatform.JUnitPlatformTestClassProcessor$CollectAllTestClassesExecutor.processAllTestClasses(JUnitPlatformTestClassProcessor.java:110)
	at org.gradle.api.internal.tasks.testing.junitplatform.JUnitPlatformTestClassProcessor$CollectAllTestClassesExecutor.access$000(JUnitPlatformTestClassProcessor.java:90)
	at org.gradle.api.internal.tasks.testing.junitplatform.JUnitPlatformTestClassProcessor.stop(JUnitPlatformTestClassProcessor.java:85)
	at org.gradle.api.internal.tasks.testing.SuiteTestClassProcessor.stop(SuiteTestClassProcessor.java:62)
	at java.base/jdk.internal.reflect.NativeMethodAccessorImpl.invoke0(Native Method)
	at java.base/jdk.internal.reflect.NativeMethodAccessorImpl.invoke(NativeMethodAccessorImpl.java:77)
	at java.base/jdk.internal.reflect.DelegatingMethodAccessorImpl.invoke(DelegatingMethodAccessorImpl.java:43)
	at java.base/java.lang.reflect.Method.invoke(Method.java:568)
	at org.gradle.internal.dispatch.ReflectionDispatch.dispatch(ReflectionDispatch.java:36)
	at org.gradle.internal.dispatch.ReflectionDispatch.dispatch(ReflectionDispatch.java:24)
	at org.gradle.internal.dispatch.ContextClassLoaderDispatch.dispatch(ContextClassLoaderDispatch.java:33)
	at org.gradle.internal.dispatch.ProxyDispatchAdapter$DispatchingInvocationHandler.invoke(ProxyDispatchAdapter.java:94)
	at jdk.proxy2/jdk.proxy2.$Proxy5.stop(Unknown Source)
	at org.gradle.api.internal.tasks.testing.worker.TestWorker$3.run(TestWorker.java:193)
	at org.gradle.api.internal.tasks.testing.worker.TestWorker.executeAndMaintainThreadName(TestWorker.java:129)
	at org.gradle.api.internal.tasks.testing.worker.TestWorker.execute(TestWorker.java:100)
	at org.gradle.api.internal.tasks.testing.worker.TestWorker.execute(TestWorker.java:60)
	at org.gradle.process.internal.worker.child.ActionExecutionWorker.execute(ActionExecutionWorker.java:56)
	at org.gradle.process.internal.worker.child.SystemApplicationClassLoaderWorker.call(SystemApplicationClassLoaderWorker.java:113)
	at org.gradle.process.internal.worker.child.SystemApplicationClassLoaderWorker.call(SystemApplicationClassLoaderWorker.java:65)
	at worker.org.gradle.process.internal.worker.GradleWorkerMain.run(GradleWorkerMain.java:69)
	at worker.org.gradle.process.internal.worker.GradleWorkerMain.main(GradleWorkerMain.java:74)
Caused by: java.lang.NullPointerException: Cannot invoke &quot;de.uka.ilkd.key.rule.Taclet.getChoices()&quot; because &quot;t&quot; is null
	at de.uka.ilkd.key.proof.init.InitConfig.fillActiveTacletCache(InitConfig.java:260)
	at de.uka.ilkd.key.proof.init.InitConfig.activatedTaclets(InitConfig.java:242)
	at de.uka.ilkd.key.proof.init.InitConfig.createTacletIndex(InitConfig.java:321)
	at de.uka.ilkd.key.rule.TacletForTests.parse(TacletForTests.java:82)
	... 91 more
</failure>
  </testcase>
  <testcase name="testWithSubSortsTermSV()" classname="de.uka.ilkd.key.rule.TestMatchTaclet" time="0.571">
    <failure message="java.lang.RuntimeException: Exception occurred while parsing /home/runner/work/key/key/key.core/src/test/resources/testcase/../de/uka/ilkd/key/rule/testRuleMatch.txt" type="java.lang.RuntimeException">java.lang.RuntimeException: Exception occurred while parsing /home/runner/work/key/key/key.core/src/test/resources/testcase/../de/uka/ilkd/key/rule/testRuleMatch.txt
	at de.uka.ilkd.key.rule.TacletForTests.parse(TacletForTests.java:89)
	at de.uka.ilkd.key.rule.TacletForTests.parse(TacletForTests.java:125)
	at de.uka.ilkd.key.rule.TacletForTests.parse(TacletForTests.java:129)
	at de.uka.ilkd.key.rule.TestMatchTaclet.setUp(TestMatchTaclet.java:60)
	at java.base/jdk.internal.reflect.NativeMethodAccessorImpl.invoke0(Native Method)
	at java.base/jdk.internal.reflect.NativeMethodAccessorImpl.invoke(NativeMethodAccessorImpl.java:77)
	at java.base/jdk.internal.reflect.DelegatingMethodAccessorImpl.invoke(DelegatingMethodAccessorImpl.java:43)
	at java.base/java.lang.reflect.Method.invoke(Method.java:568)
	at org.junit.platform.commons.util.ReflectionUtils.invokeMethod(ReflectionUtils.java:727)
	at org.junit.jupiter.engine.execution.MethodInvocation.proceed(MethodInvocation.java:60)
	at org.junit.jupiter.engine.execution.InvocationInterceptorChain$ValidatingInvocation.proceed(InvocationInterceptorChain.java:131)
	at org.junit.jupiter.engine.extension.TimeoutExtension.intercept(TimeoutExtension.java:156)
	at org.junit.jupiter.engine.extension.TimeoutExtension.interceptLifecycleMethod(TimeoutExtension.java:128)
	at org.junit.jupiter.engine.extension.TimeoutExtension.interceptBeforeEachMethod(TimeoutExtension.java:78)
	at org.junit.jupiter.engine.execution.InterceptingExecutableInvoker$ReflectiveInterceptorCall.lambda$ofVoidMethod$0(InterceptingExecutableInvoker.java:103)
	at org.junit.jupiter.engine.execution.InterceptingExecutableInvoker.lambda$invoke$0(InterceptingExecutableInvoker.java:93)
	at org.junit.jupiter.engine.execution.InvocationInterceptorChain$InterceptedInvocation.proceed(InvocationInterceptorChain.java:106)
	at org.junit.jupiter.engine.execution.InvocationInterceptorChain.proceed(InvocationInterceptorChain.java:64)
	at org.junit.jupiter.engine.execution.InvocationInterceptorChain.chainAndInvoke(InvocationInterceptorChain.java:45)
	at org.junit.jupiter.engine.execution.InvocationInterceptorChain.invoke(InvocationInterceptorChain.java:37)
	at org.junit.jupiter.engine.execution.InterceptingExecutableInvoker.invoke(InterceptingExecutableInvoker.java:92)
	at org.junit.jupiter.engine.execution.InterceptingExecutableInvoker.invoke(InterceptingExecutableInvoker.java:86)
	at org.junit.jupiter.engine.descriptor.ClassBasedTestDescriptor.invokeMethodInExtensionContext(ClassBasedTestDescriptor.java:520)
	at org.junit.jupiter.engine.descriptor.ClassBasedTestDescriptor.lambda$synthesizeBeforeEachMethodAdapter$23(ClassBasedTestDescriptor.java:505)
	at org.junit.jupiter.engine.descriptor.TestMethodTestDescriptor.lambda$invokeBeforeEachMethods$3(TestMethodTestDescriptor.java:174)
	at org.junit.jupiter.engine.descriptor.TestMethodTestDescriptor.lambda$invokeBeforeMethodsOrCallbacksUntilExceptionOccurs$6(TestMethodTestDescriptor.java:202)
	at org.junit.platform.engine.support.hierarchical.ThrowableCollector.execute(ThrowableCollector.java:73)
	at org.junit.jupiter.engine.descriptor.TestMethodTestDescriptor.invokeBeforeMethodsOrCallbacksUntilExceptionOccurs(TestMethodTestDescriptor.java:202)
	at org.junit.jupiter.engine.descriptor.TestMethodTestDescriptor.invokeBeforeEachMethods(TestMethodTestDescriptor.java:171)
	at org.junit.jupiter.engine.descriptor.TestMethodTestDescriptor.execute(TestMethodTestDescriptor.java:134)
	at org.junit.jupiter.engine.descriptor.TestMethodTestDescriptor.execute(TestMethodTestDescriptor.java:68)
	at org.junit.platform.engine.support.hierarchical.NodeTestTask.lambda$executeRecursively$6(NodeTestTask.java:151)
	at org.junit.platform.engine.support.hierarchical.ThrowableCollector.execute(ThrowableCollector.java:73)
	at org.junit.platform.engine.support.hierarchical.NodeTestTask.lambda$executeRecursively$8(NodeTestTask.java:141)
	at org.junit.platform.engine.support.hierarchical.Node.around(Node.java:137)
	at org.junit.platform.engine.support.hierarchical.NodeTestTask.lambda$executeRecursively$9(NodeTestTask.java:139)
	at org.junit.platform.engine.support.hierarchical.ThrowableCollector.execute(ThrowableCollector.java:73)
	at org.junit.platform.engine.support.hierarchical.NodeTestTask.executeRecursively(NodeTestTask.java:138)
	at org.junit.platform.engine.support.hierarchical.NodeTestTask.execute(NodeTestTask.java:95)
	at java.base/java.util.ArrayList.forEach(ArrayList.java:1511)
	at org.junit.platform.engine.support.hierarchical.SameThreadHierarchicalTestExecutorService.invokeAll(SameThreadHierarchicalTestExecutorService.java:41)
	at org.junit.platform.engine.support.hierarchical.NodeTestTask.lambda$executeRecursively$6(NodeTestTask.java:155)
	at org.junit.platform.engine.support.hierarchical.ThrowableCollector.execute(ThrowableCollector.java:73)
	at org.junit.platform.engine.support.hierarchical.NodeTestTask.lambda$executeRecursively$8(NodeTestTask.java:141)
	at org.junit.platform.engine.support.hierarchical.Node.around(Node.java:137)
	at org.junit.platform.engine.support.hierarchical.NodeTestTask.lambda$executeRecursively$9(NodeTestTask.java:139)
	at org.junit.platform.engine.support.hierarchical.ThrowableCollector.execute(ThrowableCollector.java:73)
	at org.junit.platform.engine.support.hierarchical.NodeTestTask.executeRecursively(NodeTestTask.java:138)
	at org.junit.platform.engine.support.hierarchical.NodeTestTask.execute(NodeTestTask.java:95)
	at java.base/java.util.ArrayList.forEach(ArrayList.java:1511)
	at org.junit.platform.engine.support.hierarchical.SameThreadHierarchicalTestExecutorService.invokeAll(SameThreadHierarchicalTestExecutorService.java:41)
	at org.junit.platform.engine.support.hierarchical.NodeTestTask.lambda$executeRecursively$6(NodeTestTask.java:155)
	at org.junit.platform.engine.support.hierarchical.ThrowableCollector.execute(ThrowableCollector.java:73)
	at org.junit.platform.engine.support.hierarchical.NodeTestTask.lambda$executeRecursively$8(NodeTestTask.java:141)
	at org.junit.platform.engine.support.hierarchical.Node.around(Node.java:137)
	at org.junit.platform.engine.support.hierarchical.NodeTestTask.lambda$executeRecursively$9(NodeTestTask.java:139)
	at org.junit.platform.engine.support.hierarchical.ThrowableCollector.execute(ThrowableCollector.java:73)
	at org.junit.platform.engine.support.hierarchical.NodeTestTask.executeRecursively(NodeTestTask.java:138)
	at org.junit.platform.engine.support.hierarchical.NodeTestTask.execute(NodeTestTask.java:95)
	at org.junit.platform.engine.support.hierarchical.SameThreadHierarchicalTestExecutorService.submit(SameThreadHierarchicalTestExecutorService.java:35)
	at org.junit.platform.engine.support.hierarchical.HierarchicalTestExecutor.execute(HierarchicalTestExecutor.java:57)
	at org.junit.platform.engine.support.hierarchical.HierarchicalTestEngine.execute(HierarchicalTestEngine.java:54)
	at org.junit.platform.launcher.core.EngineExecutionOrchestrator.execute(EngineExecutionOrchestrator.java:107)
	at org.junit.platform.launcher.core.EngineExecutionOrchestrator.execute(EngineExecutionOrchestrator.java:88)
	at org.junit.platform.launcher.core.EngineExecutionOrchestrator.lambda$execute$0(EngineExecutionOrchestrator.java:54)
	at org.junit.platform.launcher.core.EngineExecutionOrchestrator.withInterceptedStreams(EngineExecutionOrchestrator.java:67)
	at org.junit.platform.launcher.core.EngineExecutionOrchestrator.execute(EngineExecutionOrchestrator.java:52)
	at org.junit.platform.launcher.core.DefaultLauncher.execute(DefaultLauncher.java:114)
	at org.junit.platform.launcher.core.DefaultLauncher.execute(DefaultLauncher.java:86)
	at org.junit.platform.launcher.core.DefaultLauncherSession$DelegatingLauncher.execute(DefaultLauncherSession.java:86)
	at org.gradle.api.internal.tasks.testing.junitplatform.JUnitPlatformTestClassProcessor$CollectAllTestClassesExecutor.processAllTestClasses(JUnitPlatformTestClassProcessor.java:110)
	at org.gradle.api.internal.tasks.testing.junitplatform.JUnitPlatformTestClassProcessor$CollectAllTestClassesExecutor.access$000(JUnitPlatformTestClassProcessor.java:90)
	at org.gradle.api.internal.tasks.testing.junitplatform.JUnitPlatformTestClassProcessor.stop(JUnitPlatformTestClassProcessor.java:85)
	at org.gradle.api.internal.tasks.testing.SuiteTestClassProcessor.stop(SuiteTestClassProcessor.java:62)
	at java.base/jdk.internal.reflect.NativeMethodAccessorImpl.invoke0(Native Method)
	at java.base/jdk.internal.reflect.NativeMethodAccessorImpl.invoke(NativeMethodAccessorImpl.java:77)
	at java.base/jdk.internal.reflect.DelegatingMethodAccessorImpl.invoke(DelegatingMethodAccessorImpl.java:43)
	at java.base/java.lang.reflect.Method.invoke(Method.java:568)
	at org.gradle.internal.dispatch.ReflectionDispatch.dispatch(ReflectionDispatch.java:36)
	at org.gradle.internal.dispatch.ReflectionDispatch.dispatch(ReflectionDispatch.java:24)
	at org.gradle.internal.dispatch.ContextClassLoaderDispatch.dispatch(ContextClassLoaderDispatch.java:33)
	at org.gradle.internal.dispatch.ProxyDispatchAdapter$DispatchingInvocationHandler.invoke(ProxyDispatchAdapter.java:94)
	at jdk.proxy2/jdk.proxy2.$Proxy5.stop(Unknown Source)
	at org.gradle.api.internal.tasks.testing.worker.TestWorker$3.run(TestWorker.java:193)
	at org.gradle.api.internal.tasks.testing.worker.TestWorker.executeAndMaintainThreadName(TestWorker.java:129)
	at org.gradle.api.internal.tasks.testing.worker.TestWorker.execute(TestWorker.java:100)
	at org.gradle.api.internal.tasks.testing.worker.TestWorker.execute(TestWorker.java:60)
	at org.gradle.process.internal.worker.child.ActionExecutionWorker.execute(ActionExecutionWorker.java:56)
	at org.gradle.process.internal.worker.child.SystemApplicationClassLoaderWorker.call(SystemApplicationClassLoaderWorker.java:113)
	at org.gradle.process.internal.worker.child.SystemApplicationClassLoaderWorker.call(SystemApplicationClassLoaderWorker.java:65)
	at worker.org.gradle.process.internal.worker.GradleWorkerMain.run(GradleWorkerMain.java:69)
	at worker.org.gradle.process.internal.worker.GradleWorkerMain.main(GradleWorkerMain.java:74)
Caused by: java.lang.NullPointerException: Cannot invoke &quot;de.uka.ilkd.key.rule.Taclet.getChoices()&quot; because &quot;t&quot; is null
	at de.uka.ilkd.key.proof.init.InitConfig.fillActiveTacletCache(InitConfig.java:260)
	at de.uka.ilkd.key.proof.init.InitConfig.activatedTaclets(InitConfig.java:242)
	at de.uka.ilkd.key.proof.init.InitConfig.createTacletIndex(InitConfig.java:321)
	at de.uka.ilkd.key.rule.TacletForTests.parse(TacletForTests.java:82)
	... 91 more
</failure>
  </testcase>
  <testcase name="testWithSubSortsVariableSV()" classname="de.uka.ilkd.key.rule.TestMatchTaclet" time="0.483">
    <failure message="java.lang.RuntimeException: Exception occurred while parsing /home/runner/work/key/key/key.core/src/test/resources/testcase/../de/uka/ilkd/key/rule/testRuleMatch.txt" type="java.lang.RuntimeException">java.lang.RuntimeException: Exception occurred while parsing /home/runner/work/key/key/key.core/src/test/resources/testcase/../de/uka/ilkd/key/rule/testRuleMatch.txt
	at de.uka.ilkd.key.rule.TacletForTests.parse(TacletForTests.java:89)
	at de.uka.ilkd.key.rule.TacletForTests.parse(TacletForTests.java:125)
	at de.uka.ilkd.key.rule.TacletForTests.parse(TacletForTests.java:129)
	at de.uka.ilkd.key.rule.TestMatchTaclet.setUp(TestMatchTaclet.java:60)
	at java.base/jdk.internal.reflect.NativeMethodAccessorImpl.invoke0(Native Method)
	at java.base/jdk.internal.reflect.NativeMethodAccessorImpl.invoke(NativeMethodAccessorImpl.java:77)
	at java.base/jdk.internal.reflect.DelegatingMethodAccessorImpl.invoke(DelegatingMethodAccessorImpl.java:43)
	at java.base/java.lang.reflect.Method.invoke(Method.java:568)
	at org.junit.platform.commons.util.ReflectionUtils.invokeMethod(ReflectionUtils.java:727)
	at org.junit.jupiter.engine.execution.MethodInvocation.proceed(MethodInvocation.java:60)
	at org.junit.jupiter.engine.execution.InvocationInterceptorChain$ValidatingInvocation.proceed(InvocationInterceptorChain.java:131)
	at org.junit.jupiter.engine.extension.TimeoutExtension.intercept(TimeoutExtension.java:156)
	at org.junit.jupiter.engine.extension.TimeoutExtension.interceptLifecycleMethod(TimeoutExtension.java:128)
	at org.junit.jupiter.engine.extension.TimeoutExtension.interceptBeforeEachMethod(TimeoutExtension.java:78)
	at org.junit.jupiter.engine.execution.InterceptingExecutableInvoker$ReflectiveInterceptorCall.lambda$ofVoidMethod$0(InterceptingExecutableInvoker.java:103)
	at org.junit.jupiter.engine.execution.InterceptingExecutableInvoker.lambda$invoke$0(InterceptingExecutableInvoker.java:93)
	at org.junit.jupiter.engine.execution.InvocationInterceptorChain$InterceptedInvocation.proceed(InvocationInterceptorChain.java:106)
	at org.junit.jupiter.engine.execution.InvocationInterceptorChain.proceed(InvocationInterceptorChain.java:64)
	at org.junit.jupiter.engine.execution.InvocationInterceptorChain.chainAndInvoke(InvocationInterceptorChain.java:45)
	at org.junit.jupiter.engine.execution.InvocationInterceptorChain.invoke(InvocationInterceptorChain.java:37)
	at org.junit.jupiter.engine.execution.InterceptingExecutableInvoker.invoke(InterceptingExecutableInvoker.java:92)
	at org.junit.jupiter.engine.execution.InterceptingExecutableInvoker.invoke(InterceptingExecutableInvoker.java:86)
	at org.junit.jupiter.engine.descriptor.ClassBasedTestDescriptor.invokeMethodInExtensionContext(ClassBasedTestDescriptor.java:520)
	at org.junit.jupiter.engine.descriptor.ClassBasedTestDescriptor.lambda$synthesizeBeforeEachMethodAdapter$23(ClassBasedTestDescriptor.java:505)
	at org.junit.jupiter.engine.descriptor.TestMethodTestDescriptor.lambda$invokeBeforeEachMethods$3(TestMethodTestDescriptor.java:174)
	at org.junit.jupiter.engine.descriptor.TestMethodTestDescriptor.lambda$invokeBeforeMethodsOrCallbacksUntilExceptionOccurs$6(TestMethodTestDescriptor.java:202)
	at org.junit.platform.engine.support.hierarchical.ThrowableCollector.execute(ThrowableCollector.java:73)
	at org.junit.jupiter.engine.descriptor.TestMethodTestDescriptor.invokeBeforeMethodsOrCallbacksUntilExceptionOccurs(TestMethodTestDescriptor.java:202)
	at org.junit.jupiter.engine.descriptor.TestMethodTestDescriptor.invokeBeforeEachMethods(TestMethodTestDescriptor.java:171)
	at org.junit.jupiter.engine.descriptor.TestMethodTestDescriptor.execute(TestMethodTestDescriptor.java:134)
	at org.junit.jupiter.engine.descriptor.TestMethodTestDescriptor.execute(TestMethodTestDescriptor.java:68)
	at org.junit.platform.engine.support.hierarchical.NodeTestTask.lambda$executeRecursively$6(NodeTestTask.java:151)
	at org.junit.platform.engine.support.hierarchical.ThrowableCollector.execute(ThrowableCollector.java:73)
	at org.junit.platform.engine.support.hierarchical.NodeTestTask.lambda$executeRecursively$8(NodeTestTask.java:141)
	at org.junit.platform.engine.support.hierarchical.Node.around(Node.java:137)
	at org.junit.platform.engine.support.hierarchical.NodeTestTask.lambda$executeRecursively$9(NodeTestTask.java:139)
	at org.junit.platform.engine.support.hierarchical.ThrowableCollector.execute(ThrowableCollector.java:73)
	at org.junit.platform.engine.support.hierarchical.NodeTestTask.executeRecursively(NodeTestTask.java:138)
	at org.junit.platform.engine.support.hierarchical.NodeTestTask.execute(NodeTestTask.java:95)
	at java.base/java.util.ArrayList.forEach(ArrayList.java:1511)
	at org.junit.platform.engine.support.hierarchical.SameThreadHierarchicalTestExecutorService.invokeAll(SameThreadHierarchicalTestExecutorService.java:41)
	at org.junit.platform.engine.support.hierarchical.NodeTestTask.lambda$executeRecursively$6(NodeTestTask.java:155)
	at org.junit.platform.engine.support.hierarchical.ThrowableCollector.execute(ThrowableCollector.java:73)
	at org.junit.platform.engine.support.hierarchical.NodeTestTask.lambda$executeRecursively$8(NodeTestTask.java:141)
	at org.junit.platform.engine.support.hierarchical.Node.around(Node.java:137)
	at org.junit.platform.engine.support.hierarchical.NodeTestTask.lambda$executeRecursively$9(NodeTestTask.java:139)
	at org.junit.platform.engine.support.hierarchical.ThrowableCollector.execute(ThrowableCollector.java:73)
	at org.junit.platform.engine.support.hierarchical.NodeTestTask.executeRecursively(NodeTestTask.java:138)
	at org.junit.platform.engine.support.hierarchical.NodeTestTask.execute(NodeTestTask.java:95)
	at java.base/java.util.ArrayList.forEach(ArrayList.java:1511)
	at org.junit.platform.engine.support.hierarchical.SameThreadHierarchicalTestExecutorService.invokeAll(SameThreadHierarchicalTestExecutorService.java:41)
	at org.junit.platform.engine.support.hierarchical.NodeTestTask.lambda$executeRecursively$6(NodeTestTask.java:155)
	at org.junit.platform.engine.support.hierarchical.ThrowableCollector.execute(ThrowableCollector.java:73)
	at org.junit.platform.engine.support.hierarchical.NodeTestTask.lambda$executeRecursively$8(NodeTestTask.java:141)
	at org.junit.platform.engine.support.hierarchical.Node.around(Node.java:137)
	at org.junit.platform.engine.support.hierarchical.NodeTestTask.lambda$executeRecursively$9(NodeTestTask.java:139)
	at org.junit.platform.engine.support.hierarchical.ThrowableCollector.execute(ThrowableCollector.java:73)
	at org.junit.platform.engine.support.hierarchical.NodeTestTask.executeRecursively(NodeTestTask.java:138)
	at org.junit.platform.engine.support.hierarchical.NodeTestTask.execute(NodeTestTask.java:95)
	at org.junit.platform.engine.support.hierarchical.SameThreadHierarchicalTestExecutorService.submit(SameThreadHierarchicalTestExecutorService.java:35)
	at org.junit.platform.engine.support.hierarchical.HierarchicalTestExecutor.execute(HierarchicalTestExecutor.java:57)
	at org.junit.platform.engine.support.hierarchical.HierarchicalTestEngine.execute(HierarchicalTestEngine.java:54)
	at org.junit.platform.launcher.core.EngineExecutionOrchestrator.execute(EngineExecutionOrchestrator.java:107)
	at org.junit.platform.launcher.core.EngineExecutionOrchestrator.execute(EngineExecutionOrchestrator.java:88)
	at org.junit.platform.launcher.core.EngineExecutionOrchestrator.lambda$execute$0(EngineExecutionOrchestrator.java:54)
	at org.junit.platform.launcher.core.EngineExecutionOrchestrator.withInterceptedStreams(EngineExecutionOrchestrator.java:67)
	at org.junit.platform.launcher.core.EngineExecutionOrchestrator.execute(EngineExecutionOrchestrator.java:52)
	at org.junit.platform.launcher.core.DefaultLauncher.execute(DefaultLauncher.java:114)
	at org.junit.platform.launcher.core.DefaultLauncher.execute(DefaultLauncher.java:86)
	at org.junit.platform.launcher.core.DefaultLauncherSession$DelegatingLauncher.execute(DefaultLauncherSession.java:86)
	at org.gradle.api.internal.tasks.testing.junitplatform.JUnitPlatformTestClassProcessor$CollectAllTestClassesExecutor.processAllTestClasses(JUnitPlatformTestClassProcessor.java:110)
	at org.gradle.api.internal.tasks.testing.junitplatform.JUnitPlatformTestClassProcessor$CollectAllTestClassesExecutor.access$000(JUnitPlatformTestClassProcessor.java:90)
	at org.gradle.api.internal.tasks.testing.junitplatform.JUnitPlatformTestClassProcessor.stop(JUnitPlatformTestClassProcessor.java:85)
	at org.gradle.api.internal.tasks.testing.SuiteTestClassProcessor.stop(SuiteTestClassProcessor.java:62)
	at java.base/jdk.internal.reflect.NativeMethodAccessorImpl.invoke0(Native Method)
	at java.base/jdk.internal.reflect.NativeMethodAccessorImpl.invoke(NativeMethodAccessorImpl.java:77)
	at java.base/jdk.internal.reflect.DelegatingMethodAccessorImpl.invoke(DelegatingMethodAccessorImpl.java:43)
	at java.base/java.lang.reflect.Method.invoke(Method.java:568)
	at org.gradle.internal.dispatch.ReflectionDispatch.dispatch(ReflectionDispatch.java:36)
	at org.gradle.internal.dispatch.ReflectionDispatch.dispatch(ReflectionDispatch.java:24)
	at org.gradle.internal.dispatch.ContextClassLoaderDispatch.dispatch(ContextClassLoaderDispatch.java:33)
	at org.gradle.internal.dispatch.ProxyDispatchAdapter$DispatchingInvocationHandler.invoke(ProxyDispatchAdapter.java:94)
	at jdk.proxy2/jdk.proxy2.$Proxy5.stop(Unknown Source)
	at org.gradle.api.internal.tasks.testing.worker.TestWorker$3.run(TestWorker.java:193)
	at org.gradle.api.internal.tasks.testing.worker.TestWorker.executeAndMaintainThreadName(TestWorker.java:129)
	at org.gradle.api.internal.tasks.testing.worker.TestWorker.execute(TestWorker.java:100)
	at org.gradle.api.internal.tasks.testing.worker.TestWorker.execute(TestWorker.java:60)
	at org.gradle.process.internal.worker.child.ActionExecutionWorker.execute(ActionExecutionWorker.java:56)
	at org.gradle.process.internal.worker.child.SystemApplicationClassLoaderWorker.call(SystemApplicationClassLoaderWorker.java:113)
	at org.gradle.process.internal.worker.child.SystemApplicationClassLoaderWorker.call(SystemApplicationClassLoaderWorker.java:65)
	at worker.org.gradle.process.internal.worker.GradleWorkerMain.run(GradleWorkerMain.java:69)
	at worker.org.gradle.process.internal.worker.GradleWorkerMain.main(GradleWorkerMain.java:74)
Caused by: java.lang.NullPointerException: Cannot invoke &quot;de.uka.ilkd.key.rule.Taclet.getChoices()&quot; because &quot;t&quot; is null
	at de.uka.ilkd.key.proof.init.InitConfig.fillActiveTacletCache(InitConfig.java:260)
	at de.uka.ilkd.key.proof.init.InitConfig.activatedTaclets(InitConfig.java:242)
	at de.uka.ilkd.key.proof.init.InitConfig.createTacletIndex(InitConfig.java:321)
	at de.uka.ilkd.key.rule.TacletForTests.parse(TacletForTests.java:82)
	... 91 more
</failure>
  </testcase>
  <testcase name="testUpdateMatch()" classname="de.uka.ilkd.key.rule.TestMatchTaclet" time="0.456">
    <failure message="java.lang.RuntimeException: Exception occurred while parsing /home/runner/work/key/key/key.core/src/test/resources/testcase/../de/uka/ilkd/key/rule/testRuleMatch.txt" type="java.lang.RuntimeException">java.lang.RuntimeException: Exception occurred while parsing /home/runner/work/key/key/key.core/src/test/resources/testcase/../de/uka/ilkd/key/rule/testRuleMatch.txt
	at de.uka.ilkd.key.rule.TacletForTests.parse(TacletForTests.java:89)
	at de.uka.ilkd.key.rule.TacletForTests.parse(TacletForTests.java:125)
	at de.uka.ilkd.key.rule.TacletForTests.parse(TacletForTests.java:129)
	at de.uka.ilkd.key.rule.TestMatchTaclet.setUp(TestMatchTaclet.java:60)
	at java.base/jdk.internal.reflect.NativeMethodAccessorImpl.invoke0(Native Method)
	at java.base/jdk.internal.reflect.NativeMethodAccessorImpl.invoke(NativeMethodAccessorImpl.java:77)
	at java.base/jdk.internal.reflect.DelegatingMethodAccessorImpl.invoke(DelegatingMethodAccessorImpl.java:43)
	at java.base/java.lang.reflect.Method.invoke(Method.java:568)
	at org.junit.platform.commons.util.ReflectionUtils.invokeMethod(ReflectionUtils.java:727)
	at org.junit.jupiter.engine.execution.MethodInvocation.proceed(MethodInvocation.java:60)
	at org.junit.jupiter.engine.execution.InvocationInterceptorChain$ValidatingInvocation.proceed(InvocationInterceptorChain.java:131)
	at org.junit.jupiter.engine.extension.TimeoutExtension.intercept(TimeoutExtension.java:156)
	at org.junit.jupiter.engine.extension.TimeoutExtension.interceptLifecycleMethod(TimeoutExtension.java:128)
	at org.junit.jupiter.engine.extension.TimeoutExtension.interceptBeforeEachMethod(TimeoutExtension.java:78)
	at org.junit.jupiter.engine.execution.InterceptingExecutableInvoker$ReflectiveInterceptorCall.lambda$ofVoidMethod$0(InterceptingExecutableInvoker.java:103)
	at org.junit.jupiter.engine.execution.InterceptingExecutableInvoker.lambda$invoke$0(InterceptingExecutableInvoker.java:93)
	at org.junit.jupiter.engine.execution.InvocationInterceptorChain$InterceptedInvocation.proceed(InvocationInterceptorChain.java:106)
	at org.junit.jupiter.engine.execution.InvocationInterceptorChain.proceed(InvocationInterceptorChain.java:64)
	at org.junit.jupiter.engine.execution.InvocationInterceptorChain.chainAndInvoke(InvocationInterceptorChain.java:45)
	at org.junit.jupiter.engine.execution.InvocationInterceptorChain.invoke(InvocationInterceptorChain.java:37)
	at org.junit.jupiter.engine.execution.InterceptingExecutableInvoker.invoke(InterceptingExecutableInvoker.java:92)
	at org.junit.jupiter.engine.execution.InterceptingExecutableInvoker.invoke(InterceptingExecutableInvoker.java:86)
	at org.junit.jupiter.engine.descriptor.ClassBasedTestDescriptor.invokeMethodInExtensionContext(ClassBasedTestDescriptor.java:520)
	at org.junit.jupiter.engine.descriptor.ClassBasedTestDescriptor.lambda$synthesizeBeforeEachMethodAdapter$23(ClassBasedTestDescriptor.java:505)
	at org.junit.jupiter.engine.descriptor.TestMethodTestDescriptor.lambda$invokeBeforeEachMethods$3(TestMethodTestDescriptor.java:174)
	at org.junit.jupiter.engine.descriptor.TestMethodTestDescriptor.lambda$invokeBeforeMethodsOrCallbacksUntilExceptionOccurs$6(TestMethodTestDescriptor.java:202)
	at org.junit.platform.engine.support.hierarchical.ThrowableCollector.execute(ThrowableCollector.java:73)
	at org.junit.jupiter.engine.descriptor.TestMethodTestDescriptor.invokeBeforeMethodsOrCallbacksUntilExceptionOccurs(TestMethodTestDescriptor.java:202)
	at org.junit.jupiter.engine.descriptor.TestMethodTestDescriptor.invokeBeforeEachMethods(TestMethodTestDescriptor.java:171)
	at org.junit.jupiter.engine.descriptor.TestMethodTestDescriptor.execute(TestMethodTestDescriptor.java:134)
	at org.junit.jupiter.engine.descriptor.TestMethodTestDescriptor.execute(TestMethodTestDescriptor.java:68)
	at org.junit.platform.engine.support.hierarchical.NodeTestTask.lambda$executeRecursively$6(NodeTestTask.java:151)
	at org.junit.platform.engine.support.hierarchical.ThrowableCollector.execute(ThrowableCollector.java:73)
	at org.junit.platform.engine.support.hierarchical.NodeTestTask.lambda$executeRecursively$8(NodeTestTask.java:141)
	at org.junit.platform.engine.support.hierarchical.Node.around(Node.java:137)
	at org.junit.platform.engine.support.hierarchical.NodeTestTask.lambda$executeRecursively$9(NodeTestTask.java:139)
	at org.junit.platform.engine.support.hierarchical.ThrowableCollector.execute(ThrowableCollector.java:73)
	at org.junit.platform.engine.support.hierarchical.NodeTestTask.executeRecursively(NodeTestTask.java:138)
	at org.junit.platform.engine.support.hierarchical.NodeTestTask.execute(NodeTestTask.java:95)
	at java.base/java.util.ArrayList.forEach(ArrayList.java:1511)
	at org.junit.platform.engine.support.hierarchical.SameThreadHierarchicalTestExecutorService.invokeAll(SameThreadHierarchicalTestExecutorService.java:41)
	at org.junit.platform.engine.support.hierarchical.NodeTestTask.lambda$executeRecursively$6(NodeTestTask.java:155)
	at org.junit.platform.engine.support.hierarchical.ThrowableCollector.execute(ThrowableCollector.java:73)
	at org.junit.platform.engine.support.hierarchical.NodeTestTask.lambda$executeRecursively$8(NodeTestTask.java:141)
	at org.junit.platform.engine.support.hierarchical.Node.around(Node.java:137)
	at org.junit.platform.engine.support.hierarchical.NodeTestTask.lambda$executeRecursively$9(NodeTestTask.java:139)
	at org.junit.platform.engine.support.hierarchical.ThrowableCollector.execute(ThrowableCollector.java:73)
	at org.junit.platform.engine.support.hierarchical.NodeTestTask.executeRecursively(NodeTestTask.java:138)
	at org.junit.platform.engine.support.hierarchical.NodeTestTask.execute(NodeTestTask.java:95)
	at java.base/java.util.ArrayList.forEach(ArrayList.java:1511)
	at org.junit.platform.engine.support.hierarchical.SameThreadHierarchicalTestExecutorService.invokeAll(SameThreadHierarchicalTestExecutorService.java:41)
	at org.junit.platform.engine.support.hierarchical.NodeTestTask.lambda$executeRecursively$6(NodeTestTask.java:155)
	at org.junit.platform.engine.support.hierarchical.ThrowableCollector.execute(ThrowableCollector.java:73)
	at org.junit.platform.engine.support.hierarchical.NodeTestTask.lambda$executeRecursively$8(NodeTestTask.java:141)
	at org.junit.platform.engine.support.hierarchical.Node.around(Node.java:137)
	at org.junit.platform.engine.support.hierarchical.NodeTestTask.lambda$executeRecursively$9(NodeTestTask.java:139)
	at org.junit.platform.engine.support.hierarchical.ThrowableCollector.execute(ThrowableCollector.java:73)
	at org.junit.platform.engine.support.hierarchical.NodeTestTask.executeRecursively(NodeTestTask.java:138)
	at org.junit.platform.engine.support.hierarchical.NodeTestTask.execute(NodeTestTask.java:95)
	at org.junit.platform.engine.support.hierarchical.SameThreadHierarchicalTestExecutorService.submit(SameThreadHierarchicalTestExecutorService.java:35)
	at org.junit.platform.engine.support.hierarchical.HierarchicalTestExecutor.execute(HierarchicalTestExecutor.java:57)
	at org.junit.platform.engine.support.hierarchical.HierarchicalTestEngine.execute(HierarchicalTestEngine.java:54)
	at org.junit.platform.launcher.core.EngineExecutionOrchestrator.execute(EngineExecutionOrchestrator.java:107)
	at org.junit.platform.launcher.core.EngineExecutionOrchestrator.execute(EngineExecutionOrchestrator.java:88)
	at org.junit.platform.launcher.core.EngineExecutionOrchestrator.lambda$execute$0(EngineExecutionOrchestrator.java:54)
	at org.junit.platform.launcher.core.EngineExecutionOrchestrator.withInterceptedStreams(EngineExecutionOrchestrator.java:67)
	at org.junit.platform.launcher.core.EngineExecutionOrchestrator.execute(EngineExecutionOrchestrator.java:52)
	at org.junit.platform.launcher.core.DefaultLauncher.execute(DefaultLauncher.java:114)
	at org.junit.platform.launcher.core.DefaultLauncher.execute(DefaultLauncher.java:86)
	at org.junit.platform.launcher.core.DefaultLauncherSession$DelegatingLauncher.execute(DefaultLauncherSession.java:86)
	at org.gradle.api.internal.tasks.testing.junitplatform.JUnitPlatformTestClassProcessor$CollectAllTestClassesExecutor.processAllTestClasses(JUnitPlatformTestClassProcessor.java:110)
	at org.gradle.api.internal.tasks.testing.junitplatform.JUnitPlatformTestClassProcessor$CollectAllTestClassesExecutor.access$000(JUnitPlatformTestClassProcessor.java:90)
	at org.gradle.api.internal.tasks.testing.junitplatform.JUnitPlatformTestClassProcessor.stop(JUnitPlatformTestClassProcessor.java:85)
	at org.gradle.api.internal.tasks.testing.SuiteTestClassProcessor.stop(SuiteTestClassProcessor.java:62)
	at java.base/jdk.internal.reflect.NativeMethodAccessorImpl.invoke0(Native Method)
	at java.base/jdk.internal.reflect.NativeMethodAccessorImpl.invoke(NativeMethodAccessorImpl.java:77)
	at java.base/jdk.internal.reflect.DelegatingMethodAccessorImpl.invoke(DelegatingMethodAccessorImpl.java:43)
	at java.base/java.lang.reflect.Method.invoke(Method.java:568)
	at org.gradle.internal.dispatch.ReflectionDispatch.dispatch(ReflectionDispatch.java:36)
	at org.gradle.internal.dispatch.ReflectionDispatch.dispatch(ReflectionDispatch.java:24)
	at org.gradle.internal.dispatch.ContextClassLoaderDispatch.dispatch(ContextClassLoaderDispatch.java:33)
	at org.gradle.internal.dispatch.ProxyDispatchAdapter$DispatchingInvocationHandler.invoke(ProxyDispatchAdapter.java:94)
	at jdk.proxy2/jdk.proxy2.$Proxy5.stop(Unknown Source)
	at org.gradle.api.internal.tasks.testing.worker.TestWorker$3.run(TestWorker.java:193)
	at org.gradle.api.internal.tasks.testing.worker.TestWorker.executeAndMaintainThreadName(TestWorker.java:129)
	at org.gradle.api.internal.tasks.testing.worker.TestWorker.execute(TestWorker.java:100)
	at org.gradle.api.internal.tasks.testing.worker.TestWorker.execute(TestWorker.java:60)
	at org.gradle.process.internal.worker.child.ActionExecutionWorker.execute(ActionExecutionWorker.java:56)
	at org.gradle.process.internal.worker.child.SystemApplicationClassLoaderWorker.call(SystemApplicationClassLoaderWorker.java:113)
	at org.gradle.process.internal.worker.child.SystemApplicationClassLoaderWorker.call(SystemApplicationClassLoaderWorker.java:65)
	at worker.org.gradle.process.internal.worker.GradleWorkerMain.run(GradleWorkerMain.java:69)
	at worker.org.gradle.process.internal.worker.GradleWorkerMain.main(GradleWorkerMain.java:74)
Caused by: java.lang.NullPointerException: Cannot invoke &quot;de.uka.ilkd.key.rule.Taclet.getChoices()&quot; because &quot;t&quot; is null
	at de.uka.ilkd.key.proof.init.InitConfig.fillActiveTacletCache(InitConfig.java:260)
	at de.uka.ilkd.key.proof.init.InitConfig.activatedTaclets(InitConfig.java:242)
	at de.uka.ilkd.key.proof.init.InitConfig.createTacletIndex(InitConfig.java:321)
	at de.uka.ilkd.key.rule.TacletForTests.parse(TacletForTests.java:82)
	... 91 more
</failure>
  </testcase>
  <testcase name="testBugsThathaveBeenRemoved()" classname="de.uka.ilkd.key.rule.TestMatchTaclet" time="0.498">
    <failure message="java.lang.RuntimeException: Exception occurred while parsing /home/runner/work/key/key/key.core/src/test/resources/testcase/../de/uka/ilkd/key/rule/testRuleMatch.txt" type="java.lang.RuntimeException">java.lang.RuntimeException: Exception occurred while parsing /home/runner/work/key/key/key.core/src/test/resources/testcase/../de/uka/ilkd/key/rule/testRuleMatch.txt
	at de.uka.ilkd.key.rule.TacletForTests.parse(TacletForTests.java:89)
	at de.uka.ilkd.key.rule.TacletForTests.parse(TacletForTests.java:125)
	at de.uka.ilkd.key.rule.TacletForTests.parse(TacletForTests.java:129)
	at de.uka.ilkd.key.rule.TestMatchTaclet.setUp(TestMatchTaclet.java:60)
	at java.base/jdk.internal.reflect.NativeMethodAccessorImpl.invoke0(Native Method)
	at java.base/jdk.internal.reflect.NativeMethodAccessorImpl.invoke(NativeMethodAccessorImpl.java:77)
	at java.base/jdk.internal.reflect.DelegatingMethodAccessorImpl.invoke(DelegatingMethodAccessorImpl.java:43)
	at java.base/java.lang.reflect.Method.invoke(Method.java:568)
	at org.junit.platform.commons.util.ReflectionUtils.invokeMethod(ReflectionUtils.java:727)
	at org.junit.jupiter.engine.execution.MethodInvocation.proceed(MethodInvocation.java:60)
	at org.junit.jupiter.engine.execution.InvocationInterceptorChain$ValidatingInvocation.proceed(InvocationInterceptorChain.java:131)
	at org.junit.jupiter.engine.extension.TimeoutExtension.intercept(TimeoutExtension.java:156)
	at org.junit.jupiter.engine.extension.TimeoutExtension.interceptLifecycleMethod(TimeoutExtension.java:128)
	at org.junit.jupiter.engine.extension.TimeoutExtension.interceptBeforeEachMethod(TimeoutExtension.java:78)
	at org.junit.jupiter.engine.execution.InterceptingExecutableInvoker$ReflectiveInterceptorCall.lambda$ofVoidMethod$0(InterceptingExecutableInvoker.java:103)
	at org.junit.jupiter.engine.execution.InterceptingExecutableInvoker.lambda$invoke$0(InterceptingExecutableInvoker.java:93)
	at org.junit.jupiter.engine.execution.InvocationInterceptorChain$InterceptedInvocation.proceed(InvocationInterceptorChain.java:106)
	at org.junit.jupiter.engine.execution.InvocationInterceptorChain.proceed(InvocationInterceptorChain.java:64)
	at org.junit.jupiter.engine.execution.InvocationInterceptorChain.chainAndInvoke(InvocationInterceptorChain.java:45)
	at org.junit.jupiter.engine.execution.InvocationInterceptorChain.invoke(InvocationInterceptorChain.java:37)
	at org.junit.jupiter.engine.execution.InterceptingExecutableInvoker.invoke(InterceptingExecutableInvoker.java:92)
	at org.junit.jupiter.engine.execution.InterceptingExecutableInvoker.invoke(InterceptingExecutableInvoker.java:86)
	at org.junit.jupiter.engine.descriptor.ClassBasedTestDescriptor.invokeMethodInExtensionContext(ClassBasedTestDescriptor.java:520)
	at org.junit.jupiter.engine.descriptor.ClassBasedTestDescriptor.lambda$synthesizeBeforeEachMethodAdapter$23(ClassBasedTestDescriptor.java:505)
	at org.junit.jupiter.engine.descriptor.TestMethodTestDescriptor.lambda$invokeBeforeEachMethods$3(TestMethodTestDescriptor.java:174)
	at org.junit.jupiter.engine.descriptor.TestMethodTestDescriptor.lambda$invokeBeforeMethodsOrCallbacksUntilExceptionOccurs$6(TestMethodTestDescriptor.java:202)
	at org.junit.platform.engine.support.hierarchical.ThrowableCollector.execute(ThrowableCollector.java:73)
	at org.junit.jupiter.engine.descriptor.TestMethodTestDescriptor.invokeBeforeMethodsOrCallbacksUntilExceptionOccurs(TestMethodTestDescriptor.java:202)
	at org.junit.jupiter.engine.descriptor.TestMethodTestDescriptor.invokeBeforeEachMethods(TestMethodTestDescriptor.java:171)
	at org.junit.jupiter.engine.descriptor.TestMethodTestDescriptor.execute(TestMethodTestDescriptor.java:134)
	at org.junit.jupiter.engine.descriptor.TestMethodTestDescriptor.execute(TestMethodTestDescriptor.java:68)
	at org.junit.platform.engine.support.hierarchical.NodeTestTask.lambda$executeRecursively$6(NodeTestTask.java:151)
	at org.junit.platform.engine.support.hierarchical.ThrowableCollector.execute(ThrowableCollector.java:73)
	at org.junit.platform.engine.support.hierarchical.NodeTestTask.lambda$executeRecursively$8(NodeTestTask.java:141)
	at org.junit.platform.engine.support.hierarchical.Node.around(Node.java:137)
	at org.junit.platform.engine.support.hierarchical.NodeTestTask.lambda$executeRecursively$9(NodeTestTask.java:139)
	at org.junit.platform.engine.support.hierarchical.ThrowableCollector.execute(ThrowableCollector.java:73)
	at org.junit.platform.engine.support.hierarchical.NodeTestTask.executeRecursively(NodeTestTask.java:138)
	at org.junit.platform.engine.support.hierarchical.NodeTestTask.execute(NodeTestTask.java:95)
	at java.base/java.util.ArrayList.forEach(ArrayList.java:1511)
	at org.junit.platform.engine.support.hierarchical.SameThreadHierarchicalTestExecutorService.invokeAll(SameThreadHierarchicalTestExecutorService.java:41)
	at org.junit.platform.engine.support.hierarchical.NodeTestTask.lambda$executeRecursively$6(NodeTestTask.java:155)
	at org.junit.platform.engine.support.hierarchical.ThrowableCollector.execute(ThrowableCollector.java:73)
	at org.junit.platform.engine.support.hierarchical.NodeTestTask.lambda$executeRecursively$8(NodeTestTask.java:141)
	at org.junit.platform.engine.support.hierarchical.Node.around(Node.java:137)
	at org.junit.platform.engine.support.hierarchical.NodeTestTask.lambda$executeRecursively$9(NodeTestTask.java:139)
	at org.junit.platform.engine.support.hierarchical.ThrowableCollector.execute(ThrowableCollector.java:73)
	at org.junit.platform.engine.support.hierarchical.NodeTestTask.executeRecursively(NodeTestTask.java:138)
	at org.junit.platform.engine.support.hierarchical.NodeTestTask.execute(NodeTestTask.java:95)
	at java.base/java.util.ArrayList.forEach(ArrayList.java:1511)
	at org.junit.platform.engine.support.hierarchical.SameThreadHierarchicalTestExecutorService.invokeAll(SameThreadHierarchicalTestExecutorService.java:41)
	at org.junit.platform.engine.support.hierarchical.NodeTestTask.lambda$executeRecursively$6(NodeTestTask.java:155)
	at org.junit.platform.engine.support.hierarchical.ThrowableCollector.execute(ThrowableCollector.java:73)
	at org.junit.platform.engine.support.hierarchical.NodeTestTask.lambda$executeRecursively$8(NodeTestTask.java:141)
	at org.junit.platform.engine.support.hierarchical.Node.around(Node.java:137)
	at org.junit.platform.engine.support.hierarchical.NodeTestTask.lambda$executeRecursively$9(NodeTestTask.java:139)
	at org.junit.platform.engine.support.hierarchical.ThrowableCollector.execute(ThrowableCollector.java:73)
	at org.junit.platform.engine.support.hierarchical.NodeTestTask.executeRecursively(NodeTestTask.java:138)
	at org.junit.platform.engine.support.hierarchical.NodeTestTask.execute(NodeTestTask.java:95)
	at org.junit.platform.engine.support.hierarchical.SameThreadHierarchicalTestExecutorService.submit(SameThreadHierarchicalTestExecutorService.java:35)
	at org.junit.platform.engine.support.hierarchical.HierarchicalTestExecutor.execute(HierarchicalTestExecutor.java:57)
	at org.junit.platform.engine.support.hierarchical.HierarchicalTestEngine.execute(HierarchicalTestEngine.java:54)
	at org.junit.platform.launcher.core.EngineExecutionOrchestrator.execute(EngineExecutionOrchestrator.java:107)
	at org.junit.platform.launcher.core.EngineExecutionOrchestrator.execute(EngineExecutionOrchestrator.java:88)
	at org.junit.platform.launcher.core.EngineExecutionOrchestrator.lambda$execute$0(EngineExecutionOrchestrator.java:54)
	at org.junit.platform.launcher.core.EngineExecutionOrchestrator.withInterceptedStreams(EngineExecutionOrchestrator.java:67)
	at org.junit.platform.launcher.core.EngineExecutionOrchestrator.execute(EngineExecutionOrchestrator.java:52)
	at org.junit.platform.launcher.core.DefaultLauncher.execute(DefaultLauncher.java:114)
	at org.junit.platform.launcher.core.DefaultLauncher.execute(DefaultLauncher.java:86)
	at org.junit.platform.launcher.core.DefaultLauncherSession$DelegatingLauncher.execute(DefaultLauncherSession.java:86)
	at org.gradle.api.internal.tasks.testing.junitplatform.JUnitPlatformTestClassProcessor$CollectAllTestClassesExecutor.processAllTestClasses(JUnitPlatformTestClassProcessor.java:110)
	at org.gradle.api.internal.tasks.testing.junitplatform.JUnitPlatformTestClassProcessor$CollectAllTestClassesExecutor.access$000(JUnitPlatformTestClassProcessor.java:90)
	at org.gradle.api.internal.tasks.testing.junitplatform.JUnitPlatformTestClassProcessor.stop(JUnitPlatformTestClassProcessor.java:85)
	at org.gradle.api.internal.tasks.testing.SuiteTestClassProcessor.stop(SuiteTestClassProcessor.java:62)
	at java.base/jdk.internal.reflect.NativeMethodAccessorImpl.invoke0(Native Method)
	at java.base/jdk.internal.reflect.NativeMethodAccessorImpl.invoke(NativeMethodAccessorImpl.java:77)
	at java.base/jdk.internal.reflect.DelegatingMethodAccessorImpl.invoke(DelegatingMethodAccessorImpl.java:43)
	at java.base/java.lang.reflect.Method.invoke(Method.java:568)
	at org.gradle.internal.dispatch.ReflectionDispatch.dispatch(ReflectionDispatch.java:36)
	at org.gradle.internal.dispatch.ReflectionDispatch.dispatch(ReflectionDispatch.java:24)
	at org.gradle.internal.dispatch.ContextClassLoaderDispatch.dispatch(ContextClassLoaderDispatch.java:33)
	at org.gradle.internal.dispatch.ProxyDispatchAdapter$DispatchingInvocationHandler.invoke(ProxyDispatchAdapter.java:94)
	at jdk.proxy2/jdk.proxy2.$Proxy5.stop(Unknown Source)
	at org.gradle.api.internal.tasks.testing.worker.TestWorker$3.run(TestWorker.java:193)
	at org.gradle.api.internal.tasks.testing.worker.TestWorker.executeAndMaintainThreadName(TestWorker.java:129)
	at org.gradle.api.internal.tasks.testing.worker.TestWorker.execute(TestWorker.java:100)
	at org.gradle.api.internal.tasks.testing.worker.TestWorker.execute(TestWorker.java:60)
	at org.gradle.process.internal.worker.child.ActionExecutionWorker.execute(ActionExecutionWorker.java:56)
	at org.gradle.process.internal.worker.child.SystemApplicationClassLoaderWorker.call(SystemApplicationClassLoaderWorker.java:113)
	at org.gradle.process.internal.worker.child.SystemApplicationClassLoaderWorker.call(SystemApplicationClassLoaderWorker.java:65)
	at worker.org.gradle.process.internal.worker.GradleWorkerMain.run(GradleWorkerMain.java:69)
	at worker.org.gradle.process.internal.worker.GradleWorkerMain.main(GradleWorkerMain.java:74)
Caused by: java.lang.NullPointerException: Cannot invoke &quot;de.uka.ilkd.key.rule.Taclet.getChoices()&quot; because &quot;t&quot; is null
	at de.uka.ilkd.key.proof.init.InitConfig.fillActiveTacletCache(InitConfig.java:260)
	at de.uka.ilkd.key.proof.init.InitConfig.activatedTaclets(InitConfig.java:242)
	at de.uka.ilkd.key.proof.init.InitConfig.createTacletIndex(InitConfig.java:321)
	at de.uka.ilkd.key.rule.TacletForTests.parse(TacletForTests.java:82)
	... 91 more
</failure>
  </testcase>
  <testcase name="testCloseWithBoundRenaming()" classname="de.uka.ilkd.key.rule.TestMatchTaclet" time="0.443">
    <failure message="java.lang.RuntimeException: Exception occurred while parsing /home/runner/work/key/key/key.core/src/test/resources/testcase/../de/uka/ilkd/key/rule/testRuleMatch.txt" type="java.lang.RuntimeException">java.lang.RuntimeException: Exception occurred while parsing /home/runner/work/key/key/key.core/src/test/resources/testcase/../de/uka/ilkd/key/rule/testRuleMatch.txt
	at de.uka.ilkd.key.rule.TacletForTests.parse(TacletForTests.java:89)
	at de.uka.ilkd.key.rule.TacletForTests.parse(TacletForTests.java:125)
	at de.uka.ilkd.key.rule.TacletForTests.parse(TacletForTests.java:129)
	at de.uka.ilkd.key.rule.TestMatchTaclet.setUp(TestMatchTaclet.java:60)
	at java.base/jdk.internal.reflect.NativeMethodAccessorImpl.invoke0(Native Method)
	at java.base/jdk.internal.reflect.NativeMethodAccessorImpl.invoke(NativeMethodAccessorImpl.java:77)
	at java.base/jdk.internal.reflect.DelegatingMethodAccessorImpl.invoke(DelegatingMethodAccessorImpl.java:43)
	at java.base/java.lang.reflect.Method.invoke(Method.java:568)
	at org.junit.platform.commons.util.ReflectionUtils.invokeMethod(ReflectionUtils.java:727)
	at org.junit.jupiter.engine.execution.MethodInvocation.proceed(MethodInvocation.java:60)
	at org.junit.jupiter.engine.execution.InvocationInterceptorChain$ValidatingInvocation.proceed(InvocationInterceptorChain.java:131)
	at org.junit.jupiter.engine.extension.TimeoutExtension.intercept(TimeoutExtension.java:156)
	at org.junit.jupiter.engine.extension.TimeoutExtension.interceptLifecycleMethod(TimeoutExtension.java:128)
	at org.junit.jupiter.engine.extension.TimeoutExtension.interceptBeforeEachMethod(TimeoutExtension.java:78)
	at org.junit.jupiter.engine.execution.InterceptingExecutableInvoker$ReflectiveInterceptorCall.lambda$ofVoidMethod$0(InterceptingExecutableInvoker.java:103)
	at org.junit.jupiter.engine.execution.InterceptingExecutableInvoker.lambda$invoke$0(InterceptingExecutableInvoker.java:93)
	at org.junit.jupiter.engine.execution.InvocationInterceptorChain$InterceptedInvocation.proceed(InvocationInterceptorChain.java:106)
	at org.junit.jupiter.engine.execution.InvocationInterceptorChain.proceed(InvocationInterceptorChain.java:64)
	at org.junit.jupiter.engine.execution.InvocationInterceptorChain.chainAndInvoke(InvocationInterceptorChain.java:45)
	at org.junit.jupiter.engine.execution.InvocationInterceptorChain.invoke(InvocationInterceptorChain.java:37)
	at org.junit.jupiter.engine.execution.InterceptingExecutableInvoker.invoke(InterceptingExecutableInvoker.java:92)
	at org.junit.jupiter.engine.execution.InterceptingExecutableInvoker.invoke(InterceptingExecutableInvoker.java:86)
	at org.junit.jupiter.engine.descriptor.ClassBasedTestDescriptor.invokeMethodInExtensionContext(ClassBasedTestDescriptor.java:520)
	at org.junit.jupiter.engine.descriptor.ClassBasedTestDescriptor.lambda$synthesizeBeforeEachMethodAdapter$23(ClassBasedTestDescriptor.java:505)
	at org.junit.jupiter.engine.descriptor.TestMethodTestDescriptor.lambda$invokeBeforeEachMethods$3(TestMethodTestDescriptor.java:174)
	at org.junit.jupiter.engine.descriptor.TestMethodTestDescriptor.lambda$invokeBeforeMethodsOrCallbacksUntilExceptionOccurs$6(TestMethodTestDescriptor.java:202)
	at org.junit.platform.engine.support.hierarchical.ThrowableCollector.execute(ThrowableCollector.java:73)
	at org.junit.jupiter.engine.descriptor.TestMethodTestDescriptor.invokeBeforeMethodsOrCallbacksUntilExceptionOccurs(TestMethodTestDescriptor.java:202)
	at org.junit.jupiter.engine.descriptor.TestMethodTestDescriptor.invokeBeforeEachMethods(TestMethodTestDescriptor.java:171)
	at org.junit.jupiter.engine.descriptor.TestMethodTestDescriptor.execute(TestMethodTestDescriptor.java:134)
	at org.junit.jupiter.engine.descriptor.TestMethodTestDescriptor.execute(TestMethodTestDescriptor.java:68)
	at org.junit.platform.engine.support.hierarchical.NodeTestTask.lambda$executeRecursively$6(NodeTestTask.java:151)
	at org.junit.platform.engine.support.hierarchical.ThrowableCollector.execute(ThrowableCollector.java:73)
	at org.junit.platform.engine.support.hierarchical.NodeTestTask.lambda$executeRecursively$8(NodeTestTask.java:141)
	at org.junit.platform.engine.support.hierarchical.Node.around(Node.java:137)
	at org.junit.platform.engine.support.hierarchical.NodeTestTask.lambda$executeRecursively$9(NodeTestTask.java:139)
	at org.junit.platform.engine.support.hierarchical.ThrowableCollector.execute(ThrowableCollector.java:73)
	at org.junit.platform.engine.support.hierarchical.NodeTestTask.executeRecursively(NodeTestTask.java:138)
	at org.junit.platform.engine.support.hierarchical.NodeTestTask.execute(NodeTestTask.java:95)
	at java.base/java.util.ArrayList.forEach(ArrayList.java:1511)
	at org.junit.platform.engine.support.hierarchical.SameThreadHierarchicalTestExecutorService.invokeAll(SameThreadHierarchicalTestExecutorService.java:41)
	at org.junit.platform.engine.support.hierarchical.NodeTestTask.lambda$executeRecursively$6(NodeTestTask.java:155)
	at org.junit.platform.engine.support.hierarchical.ThrowableCollector.execute(ThrowableCollector.java:73)
	at org.junit.platform.engine.support.hierarchical.NodeTestTask.lambda$executeRecursively$8(NodeTestTask.java:141)
	at org.junit.platform.engine.support.hierarchical.Node.around(Node.java:137)
	at org.junit.platform.engine.support.hierarchical.NodeTestTask.lambda$executeRecursively$9(NodeTestTask.java:139)
	at org.junit.platform.engine.support.hierarchical.ThrowableCollector.execute(ThrowableCollector.java:73)
	at org.junit.platform.engine.support.hierarchical.NodeTestTask.executeRecursively(NodeTestTask.java:138)
	at org.junit.platform.engine.support.hierarchical.NodeTestTask.execute(NodeTestTask.java:95)
	at java.base/java.util.ArrayList.forEach(ArrayList.java:1511)
	at org.junit.platform.engine.support.hierarchical.SameThreadHierarchicalTestExecutorService.invokeAll(SameThreadHierarchicalTestExecutorService.java:41)
	at org.junit.platform.engine.support.hierarchical.NodeTestTask.lambda$executeRecursively$6(NodeTestTask.java:155)
	at org.junit.platform.engine.support.hierarchical.ThrowableCollector.execute(ThrowableCollector.java:73)
	at org.junit.platform.engine.support.hierarchical.NodeTestTask.lambda$executeRecursively$8(NodeTestTask.java:141)
	at org.junit.platform.engine.support.hierarchical.Node.around(Node.java:137)
	at org.junit.platform.engine.support.hierarchical.NodeTestTask.lambda$executeRecursively$9(NodeTestTask.java:139)
	at org.junit.platform.engine.support.hierarchical.ThrowableCollector.execute(ThrowableCollector.java:73)
	at org.junit.platform.engine.support.hierarchical.NodeTestTask.executeRecursively(NodeTestTask.java:138)
	at org.junit.platform.engine.support.hierarchical.NodeTestTask.execute(NodeTestTask.java:95)
	at org.junit.platform.engine.support.hierarchical.SameThreadHierarchicalTestExecutorService.submit(SameThreadHierarchicalTestExecutorService.java:35)
	at org.junit.platform.engine.support.hierarchical.HierarchicalTestExecutor.execute(HierarchicalTestExecutor.java:57)
	at org.junit.platform.engine.support.hierarchical.HierarchicalTestEngine.execute(HierarchicalTestEngine.java:54)
	at org.junit.platform.launcher.core.EngineExecutionOrchestrator.execute(EngineExecutionOrchestrator.java:107)
	at org.junit.platform.launcher.core.EngineExecutionOrchestrator.execute(EngineExecutionOrchestrator.java:88)
	at org.junit.platform.launcher.core.EngineExecutionOrchestrator.lambda$execute$0(EngineExecutionOrchestrator.java:54)
	at org.junit.platform.launcher.core.EngineExecutionOrchestrator.withInterceptedStreams(EngineExecutionOrchestrator.java:67)
	at org.junit.platform.launcher.core.EngineExecutionOrchestrator.execute(EngineExecutionOrchestrator.java:52)
	at org.junit.platform.launcher.core.DefaultLauncher.execute(DefaultLauncher.java:114)
	at org.junit.platform.launcher.core.DefaultLauncher.execute(DefaultLauncher.java:86)
	at org.junit.platform.launcher.core.DefaultLauncherSession$DelegatingLauncher.execute(DefaultLauncherSession.java:86)
	at org.gradle.api.internal.tasks.testing.junitplatform.JUnitPlatformTestClassProcessor$CollectAllTestClassesExecutor.processAllTestClasses(JUnitPlatformTestClassProcessor.java:110)
	at org.gradle.api.internal.tasks.testing.junitplatform.JUnitPlatformTestClassProcessor$CollectAllTestClassesExecutor.access$000(JUnitPlatformTestClassProcessor.java:90)
	at org.gradle.api.internal.tasks.testing.junitplatform.JUnitPlatformTestClassProcessor.stop(JUnitPlatformTestClassProcessor.java:85)
	at org.gradle.api.internal.tasks.testing.SuiteTestClassProcessor.stop(SuiteTestClassProcessor.java:62)
	at java.base/jdk.internal.reflect.NativeMethodAccessorImpl.invoke0(Native Method)
	at java.base/jdk.internal.reflect.NativeMethodAccessorImpl.invoke(NativeMethodAccessorImpl.java:77)
	at java.base/jdk.internal.reflect.DelegatingMethodAccessorImpl.invoke(DelegatingMethodAccessorImpl.java:43)
	at java.base/java.lang.reflect.Method.invoke(Method.java:568)
	at org.gradle.internal.dispatch.ReflectionDispatch.dispatch(ReflectionDispatch.java:36)
	at org.gradle.internal.dispatch.ReflectionDispatch.dispatch(ReflectionDispatch.java:24)
	at org.gradle.internal.dispatch.ContextClassLoaderDispatch.dispatch(ContextClassLoaderDispatch.java:33)
	at org.gradle.internal.dispatch.ProxyDispatchAdapter$DispatchingInvocationHandler.invoke(ProxyDispatchAdapter.java:94)
	at jdk.proxy2/jdk.proxy2.$Proxy5.stop(Unknown Source)
	at org.gradle.api.internal.tasks.testing.worker.TestWorker$3.run(TestWorker.java:193)
	at org.gradle.api.internal.tasks.testing.worker.TestWorker.executeAndMaintainThreadName(TestWorker.java:129)
	at org.gradle.api.internal.tasks.testing.worker.TestWorker.execute(TestWorker.java:100)
	at org.gradle.api.internal.tasks.testing.worker.TestWorker.execute(TestWorker.java:60)
	at org.gradle.process.internal.worker.child.ActionExecutionWorker.execute(ActionExecutionWorker.java:56)
	at org.gradle.process.internal.worker.child.SystemApplicationClassLoaderWorker.call(SystemApplicationClassLoaderWorker.java:113)
	at org.gradle.process.internal.worker.child.SystemApplicationClassLoaderWorker.call(SystemApplicationClassLoaderWorker.java:65)
	at worker.org.gradle.process.internal.worker.GradleWorkerMain.run(GradleWorkerMain.java:69)
	at worker.org.gradle.process.internal.worker.GradleWorkerMain.main(GradleWorkerMain.java:74)
Caused by: java.lang.NullPointerException: Cannot invoke &quot;de.uka.ilkd.key.rule.Taclet.getChoices()&quot; because &quot;t&quot; is null
	at de.uka.ilkd.key.proof.init.InitConfig.fillActiveTacletCache(InitConfig.java:260)
	at de.uka.ilkd.key.proof.init.InitConfig.activatedTaclets(InitConfig.java:242)
	at de.uka.ilkd.key.proof.init.InitConfig.createTacletIndex(InitConfig.java:321)
	at de.uka.ilkd.key.rule.TacletForTests.parse(TacletForTests.java:82)
	... 91 more
</failure>
  </testcase>
  <testcase name="testInsequentStateRestriction()" classname="de.uka.ilkd.key.rule.TestMatchTaclet" time="0.45">
    <failure message="java.lang.RuntimeException: Exception occurred while parsing /home/runner/work/key/key/key.core/src/test/resources/testcase/../de/uka/ilkd/key/rule/testRuleMatch.txt" type="java.lang.RuntimeException">java.lang.RuntimeException: Exception occurred while parsing /home/runner/work/key/key/key.core/src/test/resources/testcase/../de/uka/ilkd/key/rule/testRuleMatch.txt
	at de.uka.ilkd.key.rule.TacletForTests.parse(TacletForTests.java:89)
	at de.uka.ilkd.key.rule.TacletForTests.parse(TacletForTests.java:125)
	at de.uka.ilkd.key.rule.TacletForTests.parse(TacletForTests.java:129)
	at de.uka.ilkd.key.rule.TestMatchTaclet.setUp(TestMatchTaclet.java:60)
	at java.base/jdk.internal.reflect.NativeMethodAccessorImpl.invoke0(Native Method)
	at java.base/jdk.internal.reflect.NativeMethodAccessorImpl.invoke(NativeMethodAccessorImpl.java:77)
	at java.base/jdk.internal.reflect.DelegatingMethodAccessorImpl.invoke(DelegatingMethodAccessorImpl.java:43)
	at java.base/java.lang.reflect.Method.invoke(Method.java:568)
	at org.junit.platform.commons.util.ReflectionUtils.invokeMethod(ReflectionUtils.java:727)
	at org.junit.jupiter.engine.execution.MethodInvocation.proceed(MethodInvocation.java:60)
	at org.junit.jupiter.engine.execution.InvocationInterceptorChain$ValidatingInvocation.proceed(InvocationInterceptorChain.java:131)
	at org.junit.jupiter.engine.extension.TimeoutExtension.intercept(TimeoutExtension.java:156)
	at org.junit.jupiter.engine.extension.TimeoutExtension.interceptLifecycleMethod(TimeoutExtension.java:128)
	at org.junit.jupiter.engine.extension.TimeoutExtension.interceptBeforeEachMethod(TimeoutExtension.java:78)
	at org.junit.jupiter.engine.execution.InterceptingExecutableInvoker$ReflectiveInterceptorCall.lambda$ofVoidMethod$0(InterceptingExecutableInvoker.java:103)
	at org.junit.jupiter.engine.execution.InterceptingExecutableInvoker.lambda$invoke$0(InterceptingExecutableInvoker.java:93)
	at org.junit.jupiter.engine.execution.InvocationInterceptorChain$InterceptedInvocation.proceed(InvocationInterceptorChain.java:106)
	at org.junit.jupiter.engine.execution.InvocationInterceptorChain.proceed(InvocationInterceptorChain.java:64)
	at org.junit.jupiter.engine.execution.InvocationInterceptorChain.chainAndInvoke(InvocationInterceptorChain.java:45)
	at org.junit.jupiter.engine.execution.InvocationInterceptorChain.invoke(InvocationInterceptorChain.java:37)
	at org.junit.jupiter.engine.execution.InterceptingExecutableInvoker.invoke(InterceptingExecutableInvoker.java:92)
	at org.junit.jupiter.engine.execution.InterceptingExecutableInvoker.invoke(InterceptingExecutableInvoker.java:86)
	at org.junit.jupiter.engine.descriptor.ClassBasedTestDescriptor.invokeMethodInExtensionContext(ClassBasedTestDescriptor.java:520)
	at org.junit.jupiter.engine.descriptor.ClassBasedTestDescriptor.lambda$synthesizeBeforeEachMethodAdapter$23(ClassBasedTestDescriptor.java:505)
	at org.junit.jupiter.engine.descriptor.TestMethodTestDescriptor.lambda$invokeBeforeEachMethods$3(TestMethodTestDescriptor.java:174)
	at org.junit.jupiter.engine.descriptor.TestMethodTestDescriptor.lambda$invokeBeforeMethodsOrCallbacksUntilExceptionOccurs$6(TestMethodTestDescriptor.java:202)
	at org.junit.platform.engine.support.hierarchical.ThrowableCollector.execute(ThrowableCollector.java:73)
	at org.junit.jupiter.engine.descriptor.TestMethodTestDescriptor.invokeBeforeMethodsOrCallbacksUntilExceptionOccurs(TestMethodTestDescriptor.java:202)
	at org.junit.jupiter.engine.descriptor.TestMethodTestDescriptor.invokeBeforeEachMethods(TestMethodTestDescriptor.java:171)
	at org.junit.jupiter.engine.descriptor.TestMethodTestDescriptor.execute(TestMethodTestDescriptor.java:134)
	at org.junit.jupiter.engine.descriptor.TestMethodTestDescriptor.execute(TestMethodTestDescriptor.java:68)
	at org.junit.platform.engine.support.hierarchical.NodeTestTask.lambda$executeRecursively$6(NodeTestTask.java:151)
	at org.junit.platform.engine.support.hierarchical.ThrowableCollector.execute(ThrowableCollector.java:73)
	at org.junit.platform.engine.support.hierarchical.NodeTestTask.lambda$executeRecursively$8(NodeTestTask.java:141)
	at org.junit.platform.engine.support.hierarchical.Node.around(Node.java:137)
	at org.junit.platform.engine.support.hierarchical.NodeTestTask.lambda$executeRecursively$9(NodeTestTask.java:139)
	at org.junit.platform.engine.support.hierarchical.ThrowableCollector.execute(ThrowableCollector.java:73)
	at org.junit.platform.engine.support.hierarchical.NodeTestTask.executeRecursively(NodeTestTask.java:138)
	at org.junit.platform.engine.support.hierarchical.NodeTestTask.execute(NodeTestTask.java:95)
	at java.base/java.util.ArrayList.forEach(ArrayList.java:1511)
	at org.junit.platform.engine.support.hierarchical.SameThreadHierarchicalTestExecutorService.invokeAll(SameThreadHierarchicalTestExecutorService.java:41)
	at org.junit.platform.engine.support.hierarchical.NodeTestTask.lambda$executeRecursively$6(NodeTestTask.java:155)
	at org.junit.platform.engine.support.hierarchical.ThrowableCollector.execute(ThrowableCollector.java:73)
	at org.junit.platform.engine.support.hierarchical.NodeTestTask.lambda$executeRecursively$8(NodeTestTask.java:141)
	at org.junit.platform.engine.support.hierarchical.Node.around(Node.java:137)
	at org.junit.platform.engine.support.hierarchical.NodeTestTask.lambda$executeRecursively$9(NodeTestTask.java:139)
	at org.junit.platform.engine.support.hierarchical.ThrowableCollector.execute(ThrowableCollector.java:73)
	at org.junit.platform.engine.support.hierarchical.NodeTestTask.executeRecursively(NodeTestTask.java:138)
	at org.junit.platform.engine.support.hierarchical.NodeTestTask.execute(NodeTestTask.java:95)
	at java.base/java.util.ArrayList.forEach(ArrayList.java:1511)
	at org.junit.platform.engine.support.hierarchical.SameThreadHierarchicalTestExecutorService.invokeAll(SameThreadHierarchicalTestExecutorService.java:41)
	at org.junit.platform.engine.support.hierarchical.NodeTestTask.lambda$executeRecursively$6(NodeTestTask.java:155)
	at org.junit.platform.engine.support.hierarchical.ThrowableCollector.execute(ThrowableCollector.java:73)
	at org.junit.platform.engine.support.hierarchical.NodeTestTask.lambda$executeRecursively$8(NodeTestTask.java:141)
	at org.junit.platform.engine.support.hierarchical.Node.around(Node.java:137)
	at org.junit.platform.engine.support.hierarchical.NodeTestTask.lambda$executeRecursively$9(NodeTestTask.java:139)
	at org.junit.platform.engine.support.hierarchical.ThrowableCollector.execute(ThrowableCollector.java:73)
	at org.junit.platform.engine.support.hierarchical.NodeTestTask.executeRecursively(NodeTestTask.java:138)
	at org.junit.platform.engine.support.hierarchical.NodeTestTask.execute(NodeTestTask.java:95)
	at org.junit.platform.engine.support.hierarchical.SameThreadHierarchicalTestExecutorService.submit(SameThreadHierarchicalTestExecutorService.java:35)
	at org.junit.platform.engine.support.hierarchical.HierarchicalTestExecutor.execute(HierarchicalTestExecutor.java:57)
	at org.junit.platform.engine.support.hierarchical.HierarchicalTestEngine.execute(HierarchicalTestEngine.java:54)
	at org.junit.platform.launcher.core.EngineExecutionOrchestrator.execute(EngineExecutionOrchestrator.java:107)
	at org.junit.platform.launcher.core.EngineExecutionOrchestrator.execute(EngineExecutionOrchestrator.java:88)
	at org.junit.platform.launcher.core.EngineExecutionOrchestrator.lambda$execute$0(EngineExecutionOrchestrator.java:54)
	at org.junit.platform.launcher.core.EngineExecutionOrchestrator.withInterceptedStreams(EngineExecutionOrchestrator.java:67)
	at org.junit.platform.launcher.core.EngineExecutionOrchestrator.execute(EngineExecutionOrchestrator.java:52)
	at org.junit.platform.launcher.core.DefaultLauncher.execute(DefaultLauncher.java:114)
	at org.junit.platform.launcher.core.DefaultLauncher.execute(DefaultLauncher.java:86)
	at org.junit.platform.launcher.core.DefaultLauncherSession$DelegatingLauncher.execute(DefaultLauncherSession.java:86)
	at org.gradle.api.internal.tasks.testing.junitplatform.JUnitPlatformTestClassProcessor$CollectAllTestClassesExecutor.processAllTestClasses(JUnitPlatformTestClassProcessor.java:110)
	at org.gradle.api.internal.tasks.testing.junitplatform.JUnitPlatformTestClassProcessor$CollectAllTestClassesExecutor.access$000(JUnitPlatformTestClassProcessor.java:90)
	at org.gradle.api.internal.tasks.testing.junitplatform.JUnitPlatformTestClassProcessor.stop(JUnitPlatformTestClassProcessor.java:85)
	at org.gradle.api.internal.tasks.testing.SuiteTestClassProcessor.stop(SuiteTestClassProcessor.java:62)
	at java.base/jdk.internal.reflect.NativeMethodAccessorImpl.invoke0(Native Method)
	at java.base/jdk.internal.reflect.NativeMethodAccessorImpl.invoke(NativeMethodAccessorImpl.java:77)
	at java.base/jdk.internal.reflect.DelegatingMethodAccessorImpl.invoke(DelegatingMethodAccessorImpl.java:43)
	at java.base/java.lang.reflect.Method.invoke(Method.java:568)
	at org.gradle.internal.dispatch.ReflectionDispatch.dispatch(ReflectionDispatch.java:36)
	at org.gradle.internal.dispatch.ReflectionDispatch.dispatch(ReflectionDispatch.java:24)
	at org.gradle.internal.dispatch.ContextClassLoaderDispatch.dispatch(ContextClassLoaderDispatch.java:33)
	at org.gradle.internal.dispatch.ProxyDispatchAdapter$DispatchingInvocationHandler.invoke(ProxyDispatchAdapter.java:94)
	at jdk.proxy2/jdk.proxy2.$Proxy5.stop(Unknown Source)
	at org.gradle.api.internal.tasks.testing.worker.TestWorker$3.run(TestWorker.java:193)
	at org.gradle.api.internal.tasks.testing.worker.TestWorker.executeAndMaintainThreadName(TestWorker.java:129)
	at org.gradle.api.internal.tasks.testing.worker.TestWorker.execute(TestWorker.java:100)
	at org.gradle.api.internal.tasks.testing.worker.TestWorker.execute(TestWorker.java:60)
	at org.gradle.process.internal.worker.child.ActionExecutionWorker.execute(ActionExecutionWorker.java:56)
	at org.gradle.process.internal.worker.child.SystemApplicationClassLoaderWorker.call(SystemApplicationClassLoaderWorker.java:113)
	at org.gradle.process.internal.worker.child.SystemApplicationClassLoaderWorker.call(SystemApplicationClassLoaderWorker.java:65)
	at worker.org.gradle.process.internal.worker.GradleWorkerMain.run(GradleWorkerMain.java:69)
	at worker.org.gradle.process.internal.worker.GradleWorkerMain.main(GradleWorkerMain.java:74)
Caused by: java.lang.NullPointerException: Cannot invoke &quot;de.uka.ilkd.key.rule.Taclet.getChoices()&quot; because &quot;t&quot; is null
	at de.uka.ilkd.key.proof.init.InitConfig.fillActiveTacletCache(InitConfig.java:260)
	at de.uka.ilkd.key.proof.init.InitConfig.activatedTaclets(InitConfig.java:242)
	at de.uka.ilkd.key.proof.init.InitConfig.createTacletIndex(InitConfig.java:321)
	at de.uka.ilkd.key.rule.TacletForTests.parse(TacletForTests.java:82)
	... 91 more
</failure>
  </testcase>
  <testcase name="testPrefixMatching()" classname="de.uka.ilkd.key.rule.TestMatchTaclet" time="0.458">
    <failure message="java.lang.RuntimeException: Exception occurred while parsing /home/runner/work/key/key/key.core/src/test/resources/testcase/../de/uka/ilkd/key/rule/testRuleMatch.txt" type="java.lang.RuntimeException">java.lang.RuntimeException: Exception occurred while parsing /home/runner/work/key/key/key.core/src/test/resources/testcase/../de/uka/ilkd/key/rule/testRuleMatch.txt
	at de.uka.ilkd.key.rule.TacletForTests.parse(TacletForTests.java:89)
	at de.uka.ilkd.key.rule.TacletForTests.parse(TacletForTests.java:125)
	at de.uka.ilkd.key.rule.TacletForTests.parse(TacletForTests.java:129)
	at de.uka.ilkd.key.rule.TestMatchTaclet.setUp(TestMatchTaclet.java:60)
	at java.base/jdk.internal.reflect.NativeMethodAccessorImpl.invoke0(Native Method)
	at java.base/jdk.internal.reflect.NativeMethodAccessorImpl.invoke(NativeMethodAccessorImpl.java:77)
	at java.base/jdk.internal.reflect.DelegatingMethodAccessorImpl.invoke(DelegatingMethodAccessorImpl.java:43)
	at java.base/java.lang.reflect.Method.invoke(Method.java:568)
	at org.junit.platform.commons.util.ReflectionUtils.invokeMethod(ReflectionUtils.java:727)
	at org.junit.jupiter.engine.execution.MethodInvocation.proceed(MethodInvocation.java:60)
	at org.junit.jupiter.engine.execution.InvocationInterceptorChain$ValidatingInvocation.proceed(InvocationInterceptorChain.java:131)
	at org.junit.jupiter.engine.extension.TimeoutExtension.intercept(TimeoutExtension.java:156)
	at org.junit.jupiter.engine.extension.TimeoutExtension.interceptLifecycleMethod(TimeoutExtension.java:128)
	at org.junit.jupiter.engine.extension.TimeoutExtension.interceptBeforeEachMethod(TimeoutExtension.java:78)
	at org.junit.jupiter.engine.execution.InterceptingExecutableInvoker$ReflectiveInterceptorCall.lambda$ofVoidMethod$0(InterceptingExecutableInvoker.java:103)
	at org.junit.jupiter.engine.execution.InterceptingExecutableInvoker.lambda$invoke$0(InterceptingExecutableInvoker.java:93)
	at org.junit.jupiter.engine.execution.InvocationInterceptorChain$InterceptedInvocation.proceed(InvocationInterceptorChain.java:106)
	at org.junit.jupiter.engine.execution.InvocationInterceptorChain.proceed(InvocationInterceptorChain.java:64)
	at org.junit.jupiter.engine.execution.InvocationInterceptorChain.chainAndInvoke(InvocationInterceptorChain.java:45)
	at org.junit.jupiter.engine.execution.InvocationInterceptorChain.invoke(InvocationInterceptorChain.java:37)
	at org.junit.jupiter.engine.execution.InterceptingExecutableInvoker.invoke(InterceptingExecutableInvoker.java:92)
	at org.junit.jupiter.engine.execution.InterceptingExecutableInvoker.invoke(InterceptingExecutableInvoker.java:86)
	at org.junit.jupiter.engine.descriptor.ClassBasedTestDescriptor.invokeMethodInExtensionContext(ClassBasedTestDescriptor.java:520)
	at org.junit.jupiter.engine.descriptor.ClassBasedTestDescriptor.lambda$synthesizeBeforeEachMethodAdapter$23(ClassBasedTestDescriptor.java:505)
	at org.junit.jupiter.engine.descriptor.TestMethodTestDescriptor.lambda$invokeBeforeEachMethods$3(TestMethodTestDescriptor.java:174)
	at org.junit.jupiter.engine.descriptor.TestMethodTestDescriptor.lambda$invokeBeforeMethodsOrCallbacksUntilExceptionOccurs$6(TestMethodTestDescriptor.java:202)
	at org.junit.platform.engine.support.hierarchical.ThrowableCollector.execute(ThrowableCollector.java:73)
	at org.junit.jupiter.engine.descriptor.TestMethodTestDescriptor.invokeBeforeMethodsOrCallbacksUntilExceptionOccurs(TestMethodTestDescriptor.java:202)
	at org.junit.jupiter.engine.descriptor.TestMethodTestDescriptor.invokeBeforeEachMethods(TestMethodTestDescriptor.java:171)
	at org.junit.jupiter.engine.descriptor.TestMethodTestDescriptor.execute(TestMethodTestDescriptor.java:134)
	at org.junit.jupiter.engine.descriptor.TestMethodTestDescriptor.execute(TestMethodTestDescriptor.java:68)
	at org.junit.platform.engine.support.hierarchical.NodeTestTask.lambda$executeRecursively$6(NodeTestTask.java:151)
	at org.junit.platform.engine.support.hierarchical.ThrowableCollector.execute(ThrowableCollector.java:73)
	at org.junit.platform.engine.support.hierarchical.NodeTestTask.lambda$executeRecursively$8(NodeTestTask.java:141)
	at org.junit.platform.engine.support.hierarchical.Node.around(Node.java:137)
	at org.junit.platform.engine.support.hierarchical.NodeTestTask.lambda$executeRecursively$9(NodeTestTask.java:139)
	at org.junit.platform.engine.support.hierarchical.ThrowableCollector.execute(ThrowableCollector.java:73)
	at org.junit.platform.engine.support.hierarchical.NodeTestTask.executeRecursively(NodeTestTask.java:138)
	at org.junit.platform.engine.support.hierarchical.NodeTestTask.execute(NodeTestTask.java:95)
	at java.base/java.util.ArrayList.forEach(ArrayList.java:1511)
	at org.junit.platform.engine.support.hierarchical.SameThreadHierarchicalTestExecutorService.invokeAll(SameThreadHierarchicalTestExecutorService.java:41)
	at org.junit.platform.engine.support.hierarchical.NodeTestTask.lambda$executeRecursively$6(NodeTestTask.java:155)
	at org.junit.platform.engine.support.hierarchical.ThrowableCollector.execute(ThrowableCollector.java:73)
	at org.junit.platform.engine.support.hierarchical.NodeTestTask.lambda$executeRecursively$8(NodeTestTask.java:141)
	at org.junit.platform.engine.support.hierarchical.Node.around(Node.java:137)
	at org.junit.platform.engine.support.hierarchical.NodeTestTask.lambda$executeRecursively$9(NodeTestTask.java:139)
	at org.junit.platform.engine.support.hierarchical.ThrowableCollector.execute(ThrowableCollector.java:73)
	at org.junit.platform.engine.support.hierarchical.NodeTestTask.executeRecursively(NodeTestTask.java:138)
	at org.junit.platform.engine.support.hierarchical.NodeTestTask.execute(NodeTestTask.java:95)
	at java.base/java.util.ArrayList.forEach(ArrayList.java:1511)
	at org.junit.platform.engine.support.hierarchical.SameThreadHierarchicalTestExecutorService.invokeAll(SameThreadHierarchicalTestExecutorService.java:41)
	at org.junit.platform.engine.support.hierarchical.NodeTestTask.lambda$executeRecursively$6(NodeTestTask.java:155)
	at org.junit.platform.engine.support.hierarchical.ThrowableCollector.execute(ThrowableCollector.java:73)
	at org.junit.platform.engine.support.hierarchical.NodeTestTask.lambda$executeRecursively$8(NodeTestTask.java:141)
	at org.junit.platform.engine.support.hierarchical.Node.around(Node.java:137)
	at org.junit.platform.engine.support.hierarchical.NodeTestTask.lambda$executeRecursively$9(NodeTestTask.java:139)
	at org.junit.platform.engine.support.hierarchical.ThrowableCollector.execute(ThrowableCollector.java:73)
	at org.junit.platform.engine.support.hierarchical.NodeTestTask.executeRecursively(NodeTestTask.java:138)
	at org.junit.platform.engine.support.hierarchical.NodeTestTask.execute(NodeTestTask.java:95)
	at org.junit.platform.engine.support.hierarchical.SameThreadHierarchicalTestExecutorService.submit(SameThreadHierarchicalTestExecutorService.java:35)
	at org.junit.platform.engine.support.hierarchical.HierarchicalTestExecutor.execute(HierarchicalTestExecutor.java:57)
	at org.junit.platform.engine.support.hierarchical.HierarchicalTestEngine.execute(HierarchicalTestEngine.java:54)
	at org.junit.platform.launcher.core.EngineExecutionOrchestrator.execute(EngineExecutionOrchestrator.java:107)
	at org.junit.platform.launcher.core.EngineExecutionOrchestrator.execute(EngineExecutionOrchestrator.java:88)
	at org.junit.platform.launcher.core.EngineExecutionOrchestrator.lambda$execute$0(EngineExecutionOrchestrator.java:54)
	at org.junit.platform.launcher.core.EngineExecutionOrchestrator.withInterceptedStreams(EngineExecutionOrchestrator.java:67)
	at org.junit.platform.launcher.core.EngineExecutionOrchestrator.execute(EngineExecutionOrchestrator.java:52)
	at org.junit.platform.launcher.core.DefaultLauncher.execute(DefaultLauncher.java:114)
	at org.junit.platform.launcher.core.DefaultLauncher.execute(DefaultLauncher.java:86)
	at org.junit.platform.launcher.core.DefaultLauncherSession$DelegatingLauncher.execute(DefaultLauncherSession.java:86)
	at org.gradle.api.internal.tasks.testing.junitplatform.JUnitPlatformTestClassProcessor$CollectAllTestClassesExecutor.processAllTestClasses(JUnitPlatformTestClassProcessor.java:110)
	at org.gradle.api.internal.tasks.testing.junitplatform.JUnitPlatformTestClassProcessor$CollectAllTestClassesExecutor.access$000(JUnitPlatformTestClassProcessor.java:90)
	at org.gradle.api.internal.tasks.testing.junitplatform.JUnitPlatformTestClassProcessor.stop(JUnitPlatformTestClassProcessor.java:85)
	at org.gradle.api.internal.tasks.testing.SuiteTestClassProcessor.stop(SuiteTestClassProcessor.java:62)
	at java.base/jdk.internal.reflect.NativeMethodAccessorImpl.invoke0(Native Method)
	at java.base/jdk.internal.reflect.NativeMethodAccessorImpl.invoke(NativeMethodAccessorImpl.java:77)
	at java.base/jdk.internal.reflect.DelegatingMethodAccessorImpl.invoke(DelegatingMethodAccessorImpl.java:43)
	at java.base/java.lang.reflect.Method.invoke(Method.java:568)
	at org.gradle.internal.dispatch.ReflectionDispatch.dispatch(ReflectionDispatch.java:36)
	at org.gradle.internal.dispatch.ReflectionDispatch.dispatch(ReflectionDispatch.java:24)
	at org.gradle.internal.dispatch.ContextClassLoaderDispatch.dispatch(ContextClassLoaderDispatch.java:33)
	at org.gradle.internal.dispatch.ProxyDispatchAdapter$DispatchingInvocationHandler.invoke(ProxyDispatchAdapter.java:94)
	at jdk.proxy2/jdk.proxy2.$Proxy5.stop(Unknown Source)
	at org.gradle.api.internal.tasks.testing.worker.TestWorker$3.run(TestWorker.java:193)
	at org.gradle.api.internal.tasks.testing.worker.TestWorker.executeAndMaintainThreadName(TestWorker.java:129)
	at org.gradle.api.internal.tasks.testing.worker.TestWorker.execute(TestWorker.java:100)
	at org.gradle.api.internal.tasks.testing.worker.TestWorker.execute(TestWorker.java:60)
	at org.gradle.process.internal.worker.child.ActionExecutionWorker.execute(ActionExecutionWorker.java:56)
	at org.gradle.process.internal.worker.child.SystemApplicationClassLoaderWorker.call(SystemApplicationClassLoaderWorker.java:113)
	at org.gradle.process.internal.worker.child.SystemApplicationClassLoaderWorker.call(SystemApplicationClassLoaderWorker.java:65)
	at worker.org.gradle.process.internal.worker.GradleWorkerMain.run(GradleWorkerMain.java:69)
	at worker.org.gradle.process.internal.worker.GradleWorkerMain.main(GradleWorkerMain.java:74)
Caused by: java.lang.NullPointerException: Cannot invoke &quot;de.uka.ilkd.key.rule.Taclet.getChoices()&quot; because &quot;t&quot; is null
	at de.uka.ilkd.key.proof.init.InitConfig.fillActiveTacletCache(InitConfig.java:260)
	at de.uka.ilkd.key.proof.init.InitConfig.activatedTaclets(InitConfig.java:242)
	at de.uka.ilkd.key.proof.init.InitConfig.createTacletIndex(InitConfig.java:321)
	at de.uka.ilkd.key.rule.TacletForTests.parse(TacletForTests.java:82)
	... 91 more
</failure>
  </testcase>
  <testcase name="testNoContextMatching()" classname="de.uka.ilkd.key.rule.TestMatchTaclet" time="0.58">
    <failure message="java.lang.RuntimeException: Exception occurred while parsing /home/runner/work/key/key/key.core/src/test/resources/testcase/../de/uka/ilkd/key/rule/testRuleMatch.txt" type="java.lang.RuntimeException">java.lang.RuntimeException: Exception occurred while parsing /home/runner/work/key/key/key.core/src/test/resources/testcase/../de/uka/ilkd/key/rule/testRuleMatch.txt
	at de.uka.ilkd.key.rule.TacletForTests.parse(TacletForTests.java:89)
	at de.uka.ilkd.key.rule.TacletForTests.parse(TacletForTests.java:125)
	at de.uka.ilkd.key.rule.TacletForTests.parse(TacletForTests.java:129)
	at de.uka.ilkd.key.rule.TestMatchTaclet.setUp(TestMatchTaclet.java:60)
	at java.base/jdk.internal.reflect.NativeMethodAccessorImpl.invoke0(Native Method)
	at java.base/jdk.internal.reflect.NativeMethodAccessorImpl.invoke(NativeMethodAccessorImpl.java:77)
	at java.base/jdk.internal.reflect.DelegatingMethodAccessorImpl.invoke(DelegatingMethodAccessorImpl.java:43)
	at java.base/java.lang.reflect.Method.invoke(Method.java:568)
	at org.junit.platform.commons.util.ReflectionUtils.invokeMethod(ReflectionUtils.java:727)
	at org.junit.jupiter.engine.execution.MethodInvocation.proceed(MethodInvocation.java:60)
	at org.junit.jupiter.engine.execution.InvocationInterceptorChain$ValidatingInvocation.proceed(InvocationInterceptorChain.java:131)
	at org.junit.jupiter.engine.extension.TimeoutExtension.intercept(TimeoutExtension.java:156)
	at org.junit.jupiter.engine.extension.TimeoutExtension.interceptLifecycleMethod(TimeoutExtension.java:128)
	at org.junit.jupiter.engine.extension.TimeoutExtension.interceptBeforeEachMethod(TimeoutExtension.java:78)
	at org.junit.jupiter.engine.execution.InterceptingExecutableInvoker$ReflectiveInterceptorCall.lambda$ofVoidMethod$0(InterceptingExecutableInvoker.java:103)
	at org.junit.jupiter.engine.execution.InterceptingExecutableInvoker.lambda$invoke$0(InterceptingExecutableInvoker.java:93)
	at org.junit.jupiter.engine.execution.InvocationInterceptorChain$InterceptedInvocation.proceed(InvocationInterceptorChain.java:106)
	at org.junit.jupiter.engine.execution.InvocationInterceptorChain.proceed(InvocationInterceptorChain.java:64)
	at org.junit.jupiter.engine.execution.InvocationInterceptorChain.chainAndInvoke(InvocationInterceptorChain.java:45)
	at org.junit.jupiter.engine.execution.InvocationInterceptorChain.invoke(InvocationInterceptorChain.java:37)
	at org.junit.jupiter.engine.execution.InterceptingExecutableInvoker.invoke(InterceptingExecutableInvoker.java:92)
	at org.junit.jupiter.engine.execution.InterceptingExecutableInvoker.invoke(InterceptingExecutableInvoker.java:86)
	at org.junit.jupiter.engine.descriptor.ClassBasedTestDescriptor.invokeMethodInExtensionContext(ClassBasedTestDescriptor.java:520)
	at org.junit.jupiter.engine.descriptor.ClassBasedTestDescriptor.lambda$synthesizeBeforeEachMethodAdapter$23(ClassBasedTestDescriptor.java:505)
	at org.junit.jupiter.engine.descriptor.TestMethodTestDescriptor.lambda$invokeBeforeEachMethods$3(TestMethodTestDescriptor.java:174)
	at org.junit.jupiter.engine.descriptor.TestMethodTestDescriptor.lambda$invokeBeforeMethodsOrCallbacksUntilExceptionOccurs$6(TestMethodTestDescriptor.java:202)
	at org.junit.platform.engine.support.hierarchical.ThrowableCollector.execute(ThrowableCollector.java:73)
	at org.junit.jupiter.engine.descriptor.TestMethodTestDescriptor.invokeBeforeMethodsOrCallbacksUntilExceptionOccurs(TestMethodTestDescriptor.java:202)
	at org.junit.jupiter.engine.descriptor.TestMethodTestDescriptor.invokeBeforeEachMethods(TestMethodTestDescriptor.java:171)
	at org.junit.jupiter.engine.descriptor.TestMethodTestDescriptor.execute(TestMethodTestDescriptor.java:134)
	at org.junit.jupiter.engine.descriptor.TestMethodTestDescriptor.execute(TestMethodTestDescriptor.java:68)
	at org.junit.platform.engine.support.hierarchical.NodeTestTask.lambda$executeRecursively$6(NodeTestTask.java:151)
	at org.junit.platform.engine.support.hierarchical.ThrowableCollector.execute(ThrowableCollector.java:73)
	at org.junit.platform.engine.support.hierarchical.NodeTestTask.lambda$executeRecursively$8(NodeTestTask.java:141)
	at org.junit.platform.engine.support.hierarchical.Node.around(Node.java:137)
	at org.junit.platform.engine.support.hierarchical.NodeTestTask.lambda$executeRecursively$9(NodeTestTask.java:139)
	at org.junit.platform.engine.support.hierarchical.ThrowableCollector.execute(ThrowableCollector.java:73)
	at org.junit.platform.engine.support.hierarchical.NodeTestTask.executeRecursively(NodeTestTask.java:138)
	at org.junit.platform.engine.support.hierarchical.NodeTestTask.execute(NodeTestTask.java:95)
	at java.base/java.util.ArrayList.forEach(ArrayList.java:1511)
	at org.junit.platform.engine.support.hierarchical.SameThreadHierarchicalTestExecutorService.invokeAll(SameThreadHierarchicalTestExecutorService.java:41)
	at org.junit.platform.engine.support.hierarchical.NodeTestTask.lambda$executeRecursively$6(NodeTestTask.java:155)
	at org.junit.platform.engine.support.hierarchical.ThrowableCollector.execute(ThrowableCollector.java:73)
	at org.junit.platform.engine.support.hierarchical.NodeTestTask.lambda$executeRecursively$8(NodeTestTask.java:141)
	at org.junit.platform.engine.support.hierarchical.Node.around(Node.java:137)
	at org.junit.platform.engine.support.hierarchical.NodeTestTask.lambda$executeRecursively$9(NodeTestTask.java:139)
	at org.junit.platform.engine.support.hierarchical.ThrowableCollector.execute(ThrowableCollector.java:73)
	at org.junit.platform.engine.support.hierarchical.NodeTestTask.executeRecursively(NodeTestTask.java:138)
	at org.junit.platform.engine.support.hierarchical.NodeTestTask.execute(NodeTestTask.java:95)
	at java.base/java.util.ArrayList.forEach(ArrayList.java:1511)
	at org.junit.platform.engine.support.hierarchical.SameThreadHierarchicalTestExecutorService.invokeAll(SameThreadHierarchicalTestExecutorService.java:41)
	at org.junit.platform.engine.support.hierarchical.NodeTestTask.lambda$executeRecursively$6(NodeTestTask.java:155)
	at org.junit.platform.engine.support.hierarchical.ThrowableCollector.execute(ThrowableCollector.java:73)
	at org.junit.platform.engine.support.hierarchical.NodeTestTask.lambda$executeRecursively$8(NodeTestTask.java:141)
	at org.junit.platform.engine.support.hierarchical.Node.around(Node.java:137)
	at org.junit.platform.engine.support.hierarchical.NodeTestTask.lambda$executeRecursively$9(NodeTestTask.java:139)
	at org.junit.platform.engine.support.hierarchical.ThrowableCollector.execute(ThrowableCollector.java:73)
	at org.junit.platform.engine.support.hierarchical.NodeTestTask.executeRecursively(NodeTestTask.java:138)
	at org.junit.platform.engine.support.hierarchical.NodeTestTask.execute(NodeTestTask.java:95)
	at org.junit.platform.engine.support.hierarchical.SameThreadHierarchicalTestExecutorService.submit(SameThreadHierarchicalTestExecutorService.java:35)
	at org.junit.platform.engine.support.hierarchical.HierarchicalTestExecutor.execute(HierarchicalTestExecutor.java:57)
	at org.junit.platform.engine.support.hierarchical.HierarchicalTestEngine.execute(HierarchicalTestEngine.java:54)
	at org.junit.platform.launcher.core.EngineExecutionOrchestrator.execute(EngineExecutionOrchestrator.java:107)
	at org.junit.platform.launcher.core.EngineExecutionOrchestrator.execute(EngineExecutionOrchestrator.java:88)
	at org.junit.platform.launcher.core.EngineExecutionOrchestrator.lambda$execute$0(EngineExecutionOrchestrator.java:54)
	at org.junit.platform.launcher.core.EngineExecutionOrchestrator.withInterceptedStreams(EngineExecutionOrchestrator.java:67)
	at org.junit.platform.launcher.core.EngineExecutionOrchestrator.execute(EngineExecutionOrchestrator.java:52)
	at org.junit.platform.launcher.core.DefaultLauncher.execute(DefaultLauncher.java:114)
	at org.junit.platform.launcher.core.DefaultLauncher.execute(DefaultLauncher.java:86)
	at org.junit.platform.launcher.core.DefaultLauncherSession$DelegatingLauncher.execute(DefaultLauncherSession.java:86)
	at org.gradle.api.internal.tasks.testing.junitplatform.JUnitPlatformTestClassProcessor$CollectAllTestClassesExecutor.processAllTestClasses(JUnitPlatformTestClassProcessor.java:110)
	at org.gradle.api.internal.tasks.testing.junitplatform.JUnitPlatformTestClassProcessor$CollectAllTestClassesExecutor.access$000(JUnitPlatformTestClassProcessor.java:90)
	at org.gradle.api.internal.tasks.testing.junitplatform.JUnitPlatformTestClassProcessor.stop(JUnitPlatformTestClassProcessor.java:85)
	at org.gradle.api.internal.tasks.testing.SuiteTestClassProcessor.stop(SuiteTestClassProcessor.java:62)
	at java.base/jdk.internal.reflect.NativeMethodAccessorImpl.invoke0(Native Method)
	at java.base/jdk.internal.reflect.NativeMethodAccessorImpl.invoke(NativeMethodAccessorImpl.java:77)
	at java.base/jdk.internal.reflect.DelegatingMethodAccessorImpl.invoke(DelegatingMethodAccessorImpl.java:43)
	at java.base/java.lang.reflect.Method.invoke(Method.java:568)
	at org.gradle.internal.dispatch.ReflectionDispatch.dispatch(ReflectionDispatch.java:36)
	at org.gradle.internal.dispatch.ReflectionDispatch.dispatch(ReflectionDispatch.java:24)
	at org.gradle.internal.dispatch.ContextClassLoaderDispatch.dispatch(ContextClassLoaderDispatch.java:33)
	at org.gradle.internal.dispatch.ProxyDispatchAdapter$DispatchingInvocationHandler.invoke(ProxyDispatchAdapter.java:94)
	at jdk.proxy2/jdk.proxy2.$Proxy5.stop(Unknown Source)
	at org.gradle.api.internal.tasks.testing.worker.TestWorker$3.run(TestWorker.java:193)
	at org.gradle.api.internal.tasks.testing.worker.TestWorker.executeAndMaintainThreadName(TestWorker.java:129)
	at org.gradle.api.internal.tasks.testing.worker.TestWorker.execute(TestWorker.java:100)
	at org.gradle.api.internal.tasks.testing.worker.TestWorker.execute(TestWorker.java:60)
	at org.gradle.process.internal.worker.child.ActionExecutionWorker.execute(ActionExecutionWorker.java:56)
	at org.gradle.process.internal.worker.child.SystemApplicationClassLoaderWorker.call(SystemApplicationClassLoaderWorker.java:113)
	at org.gradle.process.internal.worker.child.SystemApplicationClassLoaderWorker.call(SystemApplicationClassLoaderWorker.java:65)
	at worker.org.gradle.process.internal.worker.GradleWorkerMain.run(GradleWorkerMain.java:69)
	at worker.org.gradle.process.internal.worker.GradleWorkerMain.main(GradleWorkerMain.java:74)
Caused by: java.lang.NullPointerException: Cannot invoke &quot;de.uka.ilkd.key.rule.Taclet.getChoices()&quot; because &quot;t&quot; is null
	at de.uka.ilkd.key.proof.init.InitConfig.fillActiveTacletCache(InitConfig.java:260)
	at de.uka.ilkd.key.proof.init.InitConfig.activatedTaclets(InitConfig.java:242)
	at de.uka.ilkd.key.proof.init.InitConfig.createTacletIndex(InitConfig.java:321)
	at de.uka.ilkd.key.rule.TacletForTests.parse(TacletForTests.java:82)
	... 91 more
</failure>
  </testcase>
  <testcase name="testRWVarOccursInAddAndIf()" classname="de.uka.ilkd.key.rule.TestMatchTaclet" time="0.449">
    <failure message="java.lang.RuntimeException: Exception occurred while parsing /home/runner/work/key/key/key.core/src/test/resources/testcase/../de/uka/ilkd/key/rule/testRuleMatch.txt" type="java.lang.RuntimeException">java.lang.RuntimeException: Exception occurred while parsing /home/runner/work/key/key/key.core/src/test/resources/testcase/../de/uka/ilkd/key/rule/testRuleMatch.txt
	at de.uka.ilkd.key.rule.TacletForTests.parse(TacletForTests.java:89)
	at de.uka.ilkd.key.rule.TacletForTests.parse(TacletForTests.java:125)
	at de.uka.ilkd.key.rule.TacletForTests.parse(TacletForTests.java:129)
	at de.uka.ilkd.key.rule.TestMatchTaclet.setUp(TestMatchTaclet.java:60)
	at java.base/jdk.internal.reflect.NativeMethodAccessorImpl.invoke0(Native Method)
	at java.base/jdk.internal.reflect.NativeMethodAccessorImpl.invoke(NativeMethodAccessorImpl.java:77)
	at java.base/jdk.internal.reflect.DelegatingMethodAccessorImpl.invoke(DelegatingMethodAccessorImpl.java:43)
	at java.base/java.lang.reflect.Method.invoke(Method.java:568)
	at org.junit.platform.commons.util.ReflectionUtils.invokeMethod(ReflectionUtils.java:727)
	at org.junit.jupiter.engine.execution.MethodInvocation.proceed(MethodInvocation.java:60)
	at org.junit.jupiter.engine.execution.InvocationInterceptorChain$ValidatingInvocation.proceed(InvocationInterceptorChain.java:131)
	at org.junit.jupiter.engine.extension.TimeoutExtension.intercept(TimeoutExtension.java:156)
	at org.junit.jupiter.engine.extension.TimeoutExtension.interceptLifecycleMethod(TimeoutExtension.java:128)
	at org.junit.jupiter.engine.extension.TimeoutExtension.interceptBeforeEachMethod(TimeoutExtension.java:78)
	at org.junit.jupiter.engine.execution.InterceptingExecutableInvoker$ReflectiveInterceptorCall.lambda$ofVoidMethod$0(InterceptingExecutableInvoker.java:103)
	at org.junit.jupiter.engine.execution.InterceptingExecutableInvoker.lambda$invoke$0(InterceptingExecutableInvoker.java:93)
	at org.junit.jupiter.engine.execution.InvocationInterceptorChain$InterceptedInvocation.proceed(InvocationInterceptorChain.java:106)
	at org.junit.jupiter.engine.execution.InvocationInterceptorChain.proceed(InvocationInterceptorChain.java:64)
	at org.junit.jupiter.engine.execution.InvocationInterceptorChain.chainAndInvoke(InvocationInterceptorChain.java:45)
	at org.junit.jupiter.engine.execution.InvocationInterceptorChain.invoke(InvocationInterceptorChain.java:37)
	at org.junit.jupiter.engine.execution.InterceptingExecutableInvoker.invoke(InterceptingExecutableInvoker.java:92)
	at org.junit.jupiter.engine.execution.InterceptingExecutableInvoker.invoke(InterceptingExecutableInvoker.java:86)
	at org.junit.jupiter.engine.descriptor.ClassBasedTestDescriptor.invokeMethodInExtensionContext(ClassBasedTestDescriptor.java:520)
	at org.junit.jupiter.engine.descriptor.ClassBasedTestDescriptor.lambda$synthesizeBeforeEachMethodAdapter$23(ClassBasedTestDescriptor.java:505)
	at org.junit.jupiter.engine.descriptor.TestMethodTestDescriptor.lambda$invokeBeforeEachMethods$3(TestMethodTestDescriptor.java:174)
	at org.junit.jupiter.engine.descriptor.TestMethodTestDescriptor.lambda$invokeBeforeMethodsOrCallbacksUntilExceptionOccurs$6(TestMethodTestDescriptor.java:202)
	at org.junit.platform.engine.support.hierarchical.ThrowableCollector.execute(ThrowableCollector.java:73)
	at org.junit.jupiter.engine.descriptor.TestMethodTestDescriptor.invokeBeforeMethodsOrCallbacksUntilExceptionOccurs(TestMethodTestDescriptor.java:202)
	at org.junit.jupiter.engine.descriptor.TestMethodTestDescriptor.invokeBeforeEachMethods(TestMethodTestDescriptor.java:171)
	at org.junit.jupiter.engine.descriptor.TestMethodTestDescriptor.execute(TestMethodTestDescriptor.java:134)
	at org.junit.jupiter.engine.descriptor.TestMethodTestDescriptor.execute(TestMethodTestDescriptor.java:68)
	at org.junit.platform.engine.support.hierarchical.NodeTestTask.lambda$executeRecursively$6(NodeTestTask.java:151)
	at org.junit.platform.engine.support.hierarchical.ThrowableCollector.execute(ThrowableCollector.java:73)
	at org.junit.platform.engine.support.hierarchical.NodeTestTask.lambda$executeRecursively$8(NodeTestTask.java:141)
	at org.junit.platform.engine.support.hierarchical.Node.around(Node.java:137)
	at org.junit.platform.engine.support.hierarchical.NodeTestTask.lambda$executeRecursively$9(NodeTestTask.java:139)
	at org.junit.platform.engine.support.hierarchical.ThrowableCollector.execute(ThrowableCollector.java:73)
	at org.junit.platform.engine.support.hierarchical.NodeTestTask.executeRecursively(NodeTestTask.java:138)
	at org.junit.platform.engine.support.hierarchical.NodeTestTask.execute(NodeTestTask.java:95)
	at java.base/java.util.ArrayList.forEach(ArrayList.java:1511)
	at org.junit.platform.engine.support.hierarchical.SameThreadHierarchicalTestExecutorService.invokeAll(SameThreadHierarchicalTestExecutorService.java:41)
	at org.junit.platform.engine.support.hierarchical.NodeTestTask.lambda$executeRecursively$6(NodeTestTask.java:155)
	at org.junit.platform.engine.support.hierarchical.ThrowableCollector.execute(ThrowableCollector.java:73)
	at org.junit.platform.engine.support.hierarchical.NodeTestTask.lambda$executeRecursively$8(NodeTestTask.java:141)
	at org.junit.platform.engine.support.hierarchical.Node.around(Node.java:137)
	at org.junit.platform.engine.support.hierarchical.NodeTestTask.lambda$executeRecursively$9(NodeTestTask.java:139)
	at org.junit.platform.engine.support.hierarchical.ThrowableCollector.execute(ThrowableCollector.java:73)
	at org.junit.platform.engine.support.hierarchical.NodeTestTask.executeRecursively(NodeTestTask.java:138)
	at org.junit.platform.engine.support.hierarchical.NodeTestTask.execute(NodeTestTask.java:95)
	at java.base/java.util.ArrayList.forEach(ArrayList.java:1511)
	at org.junit.platform.engine.support.hierarchical.SameThreadHierarchicalTestExecutorService.invokeAll(SameThreadHierarchicalTestExecutorService.java:41)
	at org.junit.platform.engine.support.hierarchical.NodeTestTask.lambda$executeRecursively$6(NodeTestTask.java:155)
	at org.junit.platform.engine.support.hierarchical.ThrowableCollector.execute(ThrowableCollector.java:73)
	at org.junit.platform.engine.support.hierarchical.NodeTestTask.lambda$executeRecursively$8(NodeTestTask.java:141)
	at org.junit.platform.engine.support.hierarchical.Node.around(Node.java:137)
	at org.junit.platform.engine.support.hierarchical.NodeTestTask.lambda$executeRecursively$9(NodeTestTask.java:139)
	at org.junit.platform.engine.support.hierarchical.ThrowableCollector.execute(ThrowableCollector.java:73)
	at org.junit.platform.engine.support.hierarchical.NodeTestTask.executeRecursively(NodeTestTask.java:138)
	at org.junit.platform.engine.support.hierarchical.NodeTestTask.execute(NodeTestTask.java:95)
	at org.junit.platform.engine.support.hierarchical.SameThreadHierarchicalTestExecutorService.submit(SameThreadHierarchicalTestExecutorService.java:35)
	at org.junit.platform.engine.support.hierarchical.HierarchicalTestExecutor.execute(HierarchicalTestExecutor.java:57)
	at org.junit.platform.engine.support.hierarchical.HierarchicalTestEngine.execute(HierarchicalTestEngine.java:54)
	at org.junit.platform.launcher.core.EngineExecutionOrchestrator.execute(EngineExecutionOrchestrator.java:107)
	at org.junit.platform.launcher.core.EngineExecutionOrchestrator.execute(EngineExecutionOrchestrator.java:88)
	at org.junit.platform.launcher.core.EngineExecutionOrchestrator.lambda$execute$0(EngineExecutionOrchestrator.java:54)
	at org.junit.platform.launcher.core.EngineExecutionOrchestrator.withInterceptedStreams(EngineExecutionOrchestrator.java:67)
	at org.junit.platform.launcher.core.EngineExecutionOrchestrator.execute(EngineExecutionOrchestrator.java:52)
	at org.junit.platform.launcher.core.DefaultLauncher.execute(DefaultLauncher.java:114)
	at org.junit.platform.launcher.core.DefaultLauncher.execute(DefaultLauncher.java:86)
	at org.junit.platform.launcher.core.DefaultLauncherSession$DelegatingLauncher.execute(DefaultLauncherSession.java:86)
	at org.gradle.api.internal.tasks.testing.junitplatform.JUnitPlatformTestClassProcessor$CollectAllTestClassesExecutor.processAllTestClasses(JUnitPlatformTestClassProcessor.java:110)
	at org.gradle.api.internal.tasks.testing.junitplatform.JUnitPlatformTestClassProcessor$CollectAllTestClassesExecutor.access$000(JUnitPlatformTestClassProcessor.java:90)
	at org.gradle.api.internal.tasks.testing.junitplatform.JUnitPlatformTestClassProcessor.stop(JUnitPlatformTestClassProcessor.java:85)
	at org.gradle.api.internal.tasks.testing.SuiteTestClassProcessor.stop(SuiteTestClassProcessor.java:62)
	at java.base/jdk.internal.reflect.NativeMethodAccessorImpl.invoke0(Native Method)
	at java.base/jdk.internal.reflect.NativeMethodAccessorImpl.invoke(NativeMethodAccessorImpl.java:77)
	at java.base/jdk.internal.reflect.DelegatingMethodAccessorImpl.invoke(DelegatingMethodAccessorImpl.java:43)
	at java.base/java.lang.reflect.Method.invoke(Method.java:568)
	at org.gradle.internal.dispatch.ReflectionDispatch.dispatch(ReflectionDispatch.java:36)
	at org.gradle.internal.dispatch.ReflectionDispatch.dispatch(ReflectionDispatch.java:24)
	at org.gradle.internal.dispatch.ContextClassLoaderDispatch.dispatch(ContextClassLoaderDispatch.java:33)
	at org.gradle.internal.dispatch.ProxyDispatchAdapter$DispatchingInvocationHandler.invoke(ProxyDispatchAdapter.java:94)
	at jdk.proxy2/jdk.proxy2.$Proxy5.stop(Unknown Source)
	at org.gradle.api.internal.tasks.testing.worker.TestWorker$3.run(TestWorker.java:193)
	at org.gradle.api.internal.tasks.testing.worker.TestWorker.executeAndMaintainThreadName(TestWorker.java:129)
	at org.gradle.api.internal.tasks.testing.worker.TestWorker.execute(TestWorker.java:100)
	at org.gradle.api.internal.tasks.testing.worker.TestWorker.execute(TestWorker.java:60)
	at org.gradle.process.internal.worker.child.ActionExecutionWorker.execute(ActionExecutionWorker.java:56)
	at org.gradle.process.internal.worker.child.SystemApplicationClassLoaderWorker.call(SystemApplicationClassLoaderWorker.java:113)
	at org.gradle.process.internal.worker.child.SystemApplicationClassLoaderWorker.call(SystemApplicationClassLoaderWorker.java:65)
	at worker.org.gradle.process.internal.worker.GradleWorkerMain.run(GradleWorkerMain.java:69)
	at worker.org.gradle.process.internal.worker.GradleWorkerMain.main(GradleWorkerMain.java:74)
Caused by: java.lang.NullPointerException: Cannot invoke &quot;de.uka.ilkd.key.rule.Taclet.getChoices()&quot; because &quot;t&quot; is null
	at de.uka.ilkd.key.proof.init.InitConfig.fillActiveTacletCache(InitConfig.java:260)
	at de.uka.ilkd.key.proof.init.InitConfig.activatedTaclets(InitConfig.java:242)
	at de.uka.ilkd.key.proof.init.InitConfig.createTacletIndex(InitConfig.java:321)
	at de.uka.ilkd.key.rule.TacletForTests.parse(TacletForTests.java:82)
	... 91 more
</failure>
  </testcase>
  <testcase name="testConflict()" classname="de.uka.ilkd.key.rule.TestMatchTaclet" time="0.402">
    <failure message="java.lang.RuntimeException: Exception occurred while parsing /home/runner/work/key/key/key.core/src/test/resources/testcase/../de/uka/ilkd/key/rule/testRuleMatch.txt" type="java.lang.RuntimeException">java.lang.RuntimeException: Exception occurred while parsing /home/runner/work/key/key/key.core/src/test/resources/testcase/../de/uka/ilkd/key/rule/testRuleMatch.txt
	at de.uka.ilkd.key.rule.TacletForTests.parse(TacletForTests.java:89)
	at de.uka.ilkd.key.rule.TacletForTests.parse(TacletForTests.java:125)
	at de.uka.ilkd.key.rule.TacletForTests.parse(TacletForTests.java:129)
	at de.uka.ilkd.key.rule.TestMatchTaclet.setUp(TestMatchTaclet.java:60)
	at java.base/jdk.internal.reflect.NativeMethodAccessorImpl.invoke0(Native Method)
	at java.base/jdk.internal.reflect.NativeMethodAccessorImpl.invoke(NativeMethodAccessorImpl.java:77)
	at java.base/jdk.internal.reflect.DelegatingMethodAccessorImpl.invoke(DelegatingMethodAccessorImpl.java:43)
	at java.base/java.lang.reflect.Method.invoke(Method.java:568)
	at org.junit.platform.commons.util.ReflectionUtils.invokeMethod(ReflectionUtils.java:727)
	at org.junit.jupiter.engine.execution.MethodInvocation.proceed(MethodInvocation.java:60)
	at org.junit.jupiter.engine.execution.InvocationInterceptorChain$ValidatingInvocation.proceed(InvocationInterceptorChain.java:131)
	at org.junit.jupiter.engine.extension.TimeoutExtension.intercept(TimeoutExtension.java:156)
	at org.junit.jupiter.engine.extension.TimeoutExtension.interceptLifecycleMethod(TimeoutExtension.java:128)
	at org.junit.jupiter.engine.extension.TimeoutExtension.interceptBeforeEachMethod(TimeoutExtension.java:78)
	at org.junit.jupiter.engine.execution.InterceptingExecutableInvoker$ReflectiveInterceptorCall.lambda$ofVoidMethod$0(InterceptingExecutableInvoker.java:103)
	at org.junit.jupiter.engine.execution.InterceptingExecutableInvoker.lambda$invoke$0(InterceptingExecutableInvoker.java:93)
	at org.junit.jupiter.engine.execution.InvocationInterceptorChain$InterceptedInvocation.proceed(InvocationInterceptorChain.java:106)
	at org.junit.jupiter.engine.execution.InvocationInterceptorChain.proceed(InvocationInterceptorChain.java:64)
	at org.junit.jupiter.engine.execution.InvocationInterceptorChain.chainAndInvoke(InvocationInterceptorChain.java:45)
	at org.junit.jupiter.engine.execution.InvocationInterceptorChain.invoke(InvocationInterceptorChain.java:37)
	at org.junit.jupiter.engine.execution.InterceptingExecutableInvoker.invoke(InterceptingExecutableInvoker.java:92)
	at org.junit.jupiter.engine.execution.InterceptingExecutableInvoker.invoke(InterceptingExecutableInvoker.java:86)
	at org.junit.jupiter.engine.descriptor.ClassBasedTestDescriptor.invokeMethodInExtensionContext(ClassBasedTestDescriptor.java:520)
	at org.junit.jupiter.engine.descriptor.ClassBasedTestDescriptor.lambda$synthesizeBeforeEachMethodAdapter$23(ClassBasedTestDescriptor.java:505)
	at org.junit.jupiter.engine.descriptor.TestMethodTestDescriptor.lambda$invokeBeforeEachMethods$3(TestMethodTestDescriptor.java:174)
	at org.junit.jupiter.engine.descriptor.TestMethodTestDescriptor.lambda$invokeBeforeMethodsOrCallbacksUntilExceptionOccurs$6(TestMethodTestDescriptor.java:202)
	at org.junit.platform.engine.support.hierarchical.ThrowableCollector.execute(ThrowableCollector.java:73)
	at org.junit.jupiter.engine.descriptor.TestMethodTestDescriptor.invokeBeforeMethodsOrCallbacksUntilExceptionOccurs(TestMethodTestDescriptor.java:202)
	at org.junit.jupiter.engine.descriptor.TestMethodTestDescriptor.invokeBeforeEachMethods(TestMethodTestDescriptor.java:171)
	at org.junit.jupiter.engine.descriptor.TestMethodTestDescriptor.execute(TestMethodTestDescriptor.java:134)
	at org.junit.jupiter.engine.descriptor.TestMethodTestDescriptor.execute(TestMethodTestDescriptor.java:68)
	at org.junit.platform.engine.support.hierarchical.NodeTestTask.lambda$executeRecursively$6(NodeTestTask.java:151)
	at org.junit.platform.engine.support.hierarchical.ThrowableCollector.execute(ThrowableCollector.java:73)
	at org.junit.platform.engine.support.hierarchical.NodeTestTask.lambda$executeRecursively$8(NodeTestTask.java:141)
	at org.junit.platform.engine.support.hierarchical.Node.around(Node.java:137)
	at org.junit.platform.engine.support.hierarchical.NodeTestTask.lambda$executeRecursively$9(NodeTestTask.java:139)
	at org.junit.platform.engine.support.hierarchical.ThrowableCollector.execute(ThrowableCollector.java:73)
	at org.junit.platform.engine.support.hierarchical.NodeTestTask.executeRecursively(NodeTestTask.java:138)
	at org.junit.platform.engine.support.hierarchical.NodeTestTask.execute(NodeTestTask.java:95)
	at java.base/java.util.ArrayList.forEach(ArrayList.java:1511)
	at org.junit.platform.engine.support.hierarchical.SameThreadHierarchicalTestExecutorService.invokeAll(SameThreadHierarchicalTestExecutorService.java:41)
	at org.junit.platform.engine.support.hierarchical.NodeTestTask.lambda$executeRecursively$6(NodeTestTask.java:155)
	at org.junit.platform.engine.support.hierarchical.ThrowableCollector.execute(ThrowableCollector.java:73)
	at org.junit.platform.engine.support.hierarchical.NodeTestTask.lambda$executeRecursively$8(NodeTestTask.java:141)
	at org.junit.platform.engine.support.hierarchical.Node.around(Node.java:137)
	at org.junit.platform.engine.support.hierarchical.NodeTestTask.lambda$executeRecursively$9(NodeTestTask.java:139)
	at org.junit.platform.engine.support.hierarchical.ThrowableCollector.execute(ThrowableCollector.java:73)
	at org.junit.platform.engine.support.hierarchical.NodeTestTask.executeRecursively(NodeTestTask.java:138)
	at org.junit.platform.engine.support.hierarchical.NodeTestTask.execute(NodeTestTask.java:95)
	at java.base/java.util.ArrayList.forEach(ArrayList.java:1511)
	at org.junit.platform.engine.support.hierarchical.SameThreadHierarchicalTestExecutorService.invokeAll(SameThreadHierarchicalTestExecutorService.java:41)
	at org.junit.platform.engine.support.hierarchical.NodeTestTask.lambda$executeRecursively$6(NodeTestTask.java:155)
	at org.junit.platform.engine.support.hierarchical.ThrowableCollector.execute(ThrowableCollector.java:73)
	at org.junit.platform.engine.support.hierarchical.NodeTestTask.lambda$executeRecursively$8(NodeTestTask.java:141)
	at org.junit.platform.engine.support.hierarchical.Node.around(Node.java:137)
	at org.junit.platform.engine.support.hierarchical.NodeTestTask.lambda$executeRecursively$9(NodeTestTask.java:139)
	at org.junit.platform.engine.support.hierarchical.ThrowableCollector.execute(ThrowableCollector.java:73)
	at org.junit.platform.engine.support.hierarchical.NodeTestTask.executeRecursively(NodeTestTask.java:138)
	at org.junit.platform.engine.support.hierarchical.NodeTestTask.execute(NodeTestTask.java:95)
	at org.junit.platform.engine.support.hierarchical.SameThreadHierarchicalTestExecutorService.submit(SameThreadHierarchicalTestExecutorService.java:35)
	at org.junit.platform.engine.support.hierarchical.HierarchicalTestExecutor.execute(HierarchicalTestExecutor.java:57)
	at org.junit.platform.engine.support.hierarchical.HierarchicalTestEngine.execute(HierarchicalTestEngine.java:54)
	at org.junit.platform.launcher.core.EngineExecutionOrchestrator.execute(EngineExecutionOrchestrator.java:107)
	at org.junit.platform.launcher.core.EngineExecutionOrchestrator.execute(EngineExecutionOrchestrator.java:88)
	at org.junit.platform.launcher.core.EngineExecutionOrchestrator.lambda$execute$0(EngineExecutionOrchestrator.java:54)
	at org.junit.platform.launcher.core.EngineExecutionOrchestrator.withInterceptedStreams(EngineExecutionOrchestrator.java:67)
	at org.junit.platform.launcher.core.EngineExecutionOrchestrator.execute(EngineExecutionOrchestrator.java:52)
	at org.junit.platform.launcher.core.DefaultLauncher.execute(DefaultLauncher.java:114)
	at org.junit.platform.launcher.core.DefaultLauncher.execute(DefaultLauncher.java:86)
	at org.junit.platform.launcher.core.DefaultLauncherSession$DelegatingLauncher.execute(DefaultLauncherSession.java:86)
	at org.gradle.api.internal.tasks.testing.junitplatform.JUnitPlatformTestClassProcessor$CollectAllTestClassesExecutor.processAllTestClasses(JUnitPlatformTestClassProcessor.java:110)
	at org.gradle.api.internal.tasks.testing.junitplatform.JUnitPlatformTestClassProcessor$CollectAllTestClassesExecutor.access$000(JUnitPlatformTestClassProcessor.java:90)
	at org.gradle.api.internal.tasks.testing.junitplatform.JUnitPlatformTestClassProcessor.stop(JUnitPlatformTestClassProcessor.java:85)
	at org.gradle.api.internal.tasks.testing.SuiteTestClassProcessor.stop(SuiteTestClassProcessor.java:62)
	at java.base/jdk.internal.reflect.NativeMethodAccessorImpl.invoke0(Native Method)
	at java.base/jdk.internal.reflect.NativeMethodAccessorImpl.invoke(NativeMethodAccessorImpl.java:77)
	at java.base/jdk.internal.reflect.DelegatingMethodAccessorImpl.invoke(DelegatingMethodAccessorImpl.java:43)
	at java.base/java.lang.reflect.Method.invoke(Method.java:568)
	at org.gradle.internal.dispatch.ReflectionDispatch.dispatch(ReflectionDispatch.java:36)
	at org.gradle.internal.dispatch.ReflectionDispatch.dispatch(ReflectionDispatch.java:24)
	at org.gradle.internal.dispatch.ContextClassLoaderDispatch.dispatch(ContextClassLoaderDispatch.java:33)
	at org.gradle.internal.dispatch.ProxyDispatchAdapter$DispatchingInvocationHandler.invoke(ProxyDispatchAdapter.java:94)
	at jdk.proxy2/jdk.proxy2.$Proxy5.stop(Unknown Source)
	at org.gradle.api.internal.tasks.testing.worker.TestWorker$3.run(TestWorker.java:193)
	at org.gradle.api.internal.tasks.testing.worker.TestWorker.executeAndMaintainThreadName(TestWorker.java:129)
	at org.gradle.api.internal.tasks.testing.worker.TestWorker.execute(TestWorker.java:100)
	at org.gradle.api.internal.tasks.testing.worker.TestWorker.execute(TestWorker.java:60)
	at org.gradle.process.internal.worker.child.ActionExecutionWorker.execute(ActionExecutionWorker.java:56)
	at org.gradle.process.internal.worker.child.SystemApplicationClassLoaderWorker.call(SystemApplicationClassLoaderWorker.java:113)
	at org.gradle.process.internal.worker.child.SystemApplicationClassLoaderWorker.call(SystemApplicationClassLoaderWorker.java:65)
	at worker.org.gradle.process.internal.worker.GradleWorkerMain.run(GradleWorkerMain.java:69)
	at worker.org.gradle.process.internal.worker.GradleWorkerMain.main(GradleWorkerMain.java:74)
Caused by: java.lang.NullPointerException: Cannot invoke &quot;de.uka.ilkd.key.rule.Taclet.getChoices()&quot; because &quot;t&quot; is null
	at de.uka.ilkd.key.proof.init.InitConfig.fillActiveTacletCache(InitConfig.java:260)
	at de.uka.ilkd.key.proof.init.InitConfig.activatedTaclets(InitConfig.java:242)
	at de.uka.ilkd.key.proof.init.InitConfig.createTacletIndex(InitConfig.java:321)
	at de.uka.ilkd.key.rule.TacletForTests.parse(TacletForTests.java:82)
	... 91 more
</failure>
  </testcase>
  <testcase name="testProgramMatchEmptyBlock()" classname="de.uka.ilkd.key.rule.TestMatchTaclet" time="0.486">
    <failure message="java.lang.RuntimeException: Exception occurred while parsing /home/runner/work/key/key/key.core/src/test/resources/testcase/../de/uka/ilkd/key/rule/testRuleMatch.txt" type="java.lang.RuntimeException">java.lang.RuntimeException: Exception occurred while parsing /home/runner/work/key/key/key.core/src/test/resources/testcase/../de/uka/ilkd/key/rule/testRuleMatch.txt
	at de.uka.ilkd.key.rule.TacletForTests.parse(TacletForTests.java:89)
	at de.uka.ilkd.key.rule.TacletForTests.parse(TacletForTests.java:125)
	at de.uka.ilkd.key.rule.TacletForTests.parse(TacletForTests.java:129)
	at de.uka.ilkd.key.rule.TestMatchTaclet.setUp(TestMatchTaclet.java:60)
	at java.base/jdk.internal.reflect.NativeMethodAccessorImpl.invoke0(Native Method)
	at java.base/jdk.internal.reflect.NativeMethodAccessorImpl.invoke(NativeMethodAccessorImpl.java:77)
	at java.base/jdk.internal.reflect.DelegatingMethodAccessorImpl.invoke(DelegatingMethodAccessorImpl.java:43)
	at java.base/java.lang.reflect.Method.invoke(Method.java:568)
	at org.junit.platform.commons.util.ReflectionUtils.invokeMethod(ReflectionUtils.java:727)
	at org.junit.jupiter.engine.execution.MethodInvocation.proceed(MethodInvocation.java:60)
	at org.junit.jupiter.engine.execution.InvocationInterceptorChain$ValidatingInvocation.proceed(InvocationInterceptorChain.java:131)
	at org.junit.jupiter.engine.extension.TimeoutExtension.intercept(TimeoutExtension.java:156)
	at org.junit.jupiter.engine.extension.TimeoutExtension.interceptLifecycleMethod(TimeoutExtension.java:128)
	at org.junit.jupiter.engine.extension.TimeoutExtension.interceptBeforeEachMethod(TimeoutExtension.java:78)
	at org.junit.jupiter.engine.execution.InterceptingExecutableInvoker$ReflectiveInterceptorCall.lambda$ofVoidMethod$0(InterceptingExecutableInvoker.java:103)
	at org.junit.jupiter.engine.execution.InterceptingExecutableInvoker.lambda$invoke$0(InterceptingExecutableInvoker.java:93)
	at org.junit.jupiter.engine.execution.InvocationInterceptorChain$InterceptedInvocation.proceed(InvocationInterceptorChain.java:106)
	at org.junit.jupiter.engine.execution.InvocationInterceptorChain.proceed(InvocationInterceptorChain.java:64)
	at org.junit.jupiter.engine.execution.InvocationInterceptorChain.chainAndInvoke(InvocationInterceptorChain.java:45)
	at org.junit.jupiter.engine.execution.InvocationInterceptorChain.invoke(InvocationInterceptorChain.java:37)
	at org.junit.jupiter.engine.execution.InterceptingExecutableInvoker.invoke(InterceptingExecutableInvoker.java:92)
	at org.junit.jupiter.engine.execution.InterceptingExecutableInvoker.invoke(InterceptingExecutableInvoker.java:86)
	at org.junit.jupiter.engine.descriptor.ClassBasedTestDescriptor.invokeMethodInExtensionContext(ClassBasedTestDescriptor.java:520)
	at org.junit.jupiter.engine.descriptor.ClassBasedTestDescriptor.lambda$synthesizeBeforeEachMethodAdapter$23(ClassBasedTestDescriptor.java:505)
	at org.junit.jupiter.engine.descriptor.TestMethodTestDescriptor.lambda$invokeBeforeEachMethods$3(TestMethodTestDescriptor.java:174)
	at org.junit.jupiter.engine.descriptor.TestMethodTestDescriptor.lambda$invokeBeforeMethodsOrCallbacksUntilExceptionOccurs$6(TestMethodTestDescriptor.java:202)
	at org.junit.platform.engine.support.hierarchical.ThrowableCollector.execute(ThrowableCollector.java:73)
	at org.junit.jupiter.engine.descriptor.TestMethodTestDescriptor.invokeBeforeMethodsOrCallbacksUntilExceptionOccurs(TestMethodTestDescriptor.java:202)
	at org.junit.jupiter.engine.descriptor.TestMethodTestDescriptor.invokeBeforeEachMethods(TestMethodTestDescriptor.java:171)
	at org.junit.jupiter.engine.descriptor.TestMethodTestDescriptor.execute(TestMethodTestDescriptor.java:134)
	at org.junit.jupiter.engine.descriptor.TestMethodTestDescriptor.execute(TestMethodTestDescriptor.java:68)
	at org.junit.platform.engine.support.hierarchical.NodeTestTask.lambda$executeRecursively$6(NodeTestTask.java:151)
	at org.junit.platform.engine.support.hierarchical.ThrowableCollector.execute(ThrowableCollector.java:73)
	at org.junit.platform.engine.support.hierarchical.NodeTestTask.lambda$executeRecursively$8(NodeTestTask.java:141)
	at org.junit.platform.engine.support.hierarchical.Node.around(Node.java:137)
	at org.junit.platform.engine.support.hierarchical.NodeTestTask.lambda$executeRecursively$9(NodeTestTask.java:139)
	at org.junit.platform.engine.support.hierarchical.ThrowableCollector.execute(ThrowableCollector.java:73)
	at org.junit.platform.engine.support.hierarchical.NodeTestTask.executeRecursively(NodeTestTask.java:138)
	at org.junit.platform.engine.support.hierarchical.NodeTestTask.execute(NodeTestTask.java:95)
	at java.base/java.util.ArrayList.forEach(ArrayList.java:1511)
	at org.junit.platform.engine.support.hierarchical.SameThreadHierarchicalTestExecutorService.invokeAll(SameThreadHierarchicalTestExecutorService.java:41)
	at org.junit.platform.engine.support.hierarchical.NodeTestTask.lambda$executeRecursively$6(NodeTestTask.java:155)
	at org.junit.platform.engine.support.hierarchical.ThrowableCollector.execute(ThrowableCollector.java:73)
	at org.junit.platform.engine.support.hierarchical.NodeTestTask.lambda$executeRecursively$8(NodeTestTask.java:141)
	at org.junit.platform.engine.support.hierarchical.Node.around(Node.java:137)
	at org.junit.platform.engine.support.hierarchical.NodeTestTask.lambda$executeRecursively$9(NodeTestTask.java:139)
	at org.junit.platform.engine.support.hierarchical.ThrowableCollector.execute(ThrowableCollector.java:73)
	at org.junit.platform.engine.support.hierarchical.NodeTestTask.executeRecursively(NodeTestTask.java:138)
	at org.junit.platform.engine.support.hierarchical.NodeTestTask.execute(NodeTestTask.java:95)
	at java.base/java.util.ArrayList.forEach(ArrayList.java:1511)
	at org.junit.platform.engine.support.hierarchical.SameThreadHierarchicalTestExecutorService.invokeAll(SameThreadHierarchicalTestExecutorService.java:41)
	at org.junit.platform.engine.support.hierarchical.NodeTestTask.lambda$executeRecursively$6(NodeTestTask.java:155)
	at org.junit.platform.engine.support.hierarchical.ThrowableCollector.execute(ThrowableCollector.java:73)
	at org.junit.platform.engine.support.hierarchical.NodeTestTask.lambda$executeRecursively$8(NodeTestTask.java:141)
	at org.junit.platform.engine.support.hierarchical.Node.around(Node.java:137)
	at org.junit.platform.engine.support.hierarchical.NodeTestTask.lambda$executeRecursively$9(NodeTestTask.java:139)
	at org.junit.platform.engine.support.hierarchical.ThrowableCollector.execute(ThrowableCollector.java:73)
	at org.junit.platform.engine.support.hierarchical.NodeTestTask.executeRecursively(NodeTestTask.java:138)
	at org.junit.platform.engine.support.hierarchical.NodeTestTask.execute(NodeTestTask.java:95)
	at org.junit.platform.engine.support.hierarchical.SameThreadHierarchicalTestExecutorService.submit(SameThreadHierarchicalTestExecutorService.java:35)
	at org.junit.platform.engine.support.hierarchical.HierarchicalTestExecutor.execute(HierarchicalTestExecutor.java:57)
	at org.junit.platform.engine.support.hierarchical.HierarchicalTestEngine.execute(HierarchicalTestEngine.java:54)
	at org.junit.platform.launcher.core.EngineExecutionOrchestrator.execute(EngineExecutionOrchestrator.java:107)
	at org.junit.platform.launcher.core.EngineExecutionOrchestrator.execute(EngineExecutionOrchestrator.java:88)
	at org.junit.platform.launcher.core.EngineExecutionOrchestrator.lambda$execute$0(EngineExecutionOrchestrator.java:54)
	at org.junit.platform.launcher.core.EngineExecutionOrchestrator.withInterceptedStreams(EngineExecutionOrchestrator.java:67)
	at org.junit.platform.launcher.core.EngineExecutionOrchestrator.execute(EngineExecutionOrchestrator.java:52)
	at org.junit.platform.launcher.core.DefaultLauncher.execute(DefaultLauncher.java:114)
	at org.junit.platform.launcher.core.DefaultLauncher.execute(DefaultLauncher.java:86)
	at org.junit.platform.launcher.core.DefaultLauncherSession$DelegatingLauncher.execute(DefaultLauncherSession.java:86)
	at org.gradle.api.internal.tasks.testing.junitplatform.JUnitPlatformTestClassProcessor$CollectAllTestClassesExecutor.processAllTestClasses(JUnitPlatformTestClassProcessor.java:110)
	at org.gradle.api.internal.tasks.testing.junitplatform.JUnitPlatformTestClassProcessor$CollectAllTestClassesExecutor.access$000(JUnitPlatformTestClassProcessor.java:90)
	at org.gradle.api.internal.tasks.testing.junitplatform.JUnitPlatformTestClassProcessor.stop(JUnitPlatformTestClassProcessor.java:85)
	at org.gradle.api.internal.tasks.testing.SuiteTestClassProcessor.stop(SuiteTestClassProcessor.java:62)
	at java.base/jdk.internal.reflect.NativeMethodAccessorImpl.invoke0(Native Method)
	at java.base/jdk.internal.reflect.NativeMethodAccessorImpl.invoke(NativeMethodAccessorImpl.java:77)
	at java.base/jdk.internal.reflect.DelegatingMethodAccessorImpl.invoke(DelegatingMethodAccessorImpl.java:43)
	at java.base/java.lang.reflect.Method.invoke(Method.java:568)
	at org.gradle.internal.dispatch.ReflectionDispatch.dispatch(ReflectionDispatch.java:36)
	at org.gradle.internal.dispatch.ReflectionDispatch.dispatch(ReflectionDispatch.java:24)
	at org.gradle.internal.dispatch.ContextClassLoaderDispatch.dispatch(ContextClassLoaderDispatch.java:33)
	at org.gradle.internal.dispatch.ProxyDispatchAdapter$DispatchingInvocationHandler.invoke(ProxyDispatchAdapter.java:94)
	at jdk.proxy2/jdk.proxy2.$Proxy5.stop(Unknown Source)
	at org.gradle.api.internal.tasks.testing.worker.TestWorker$3.run(TestWorker.java:193)
	at org.gradle.api.internal.tasks.testing.worker.TestWorker.executeAndMaintainThreadName(TestWorker.java:129)
	at org.gradle.api.internal.tasks.testing.worker.TestWorker.execute(TestWorker.java:100)
	at org.gradle.api.internal.tasks.testing.worker.TestWorker.execute(TestWorker.java:60)
	at org.gradle.process.internal.worker.child.ActionExecutionWorker.execute(ActionExecutionWorker.java:56)
	at org.gradle.process.internal.worker.child.SystemApplicationClassLoaderWorker.call(SystemApplicationClassLoaderWorker.java:113)
	at org.gradle.process.internal.worker.child.SystemApplicationClassLoaderWorker.call(SystemApplicationClassLoaderWorker.java:65)
	at worker.org.gradle.process.internal.worker.GradleWorkerMain.run(GradleWorkerMain.java:69)
	at worker.org.gradle.process.internal.worker.GradleWorkerMain.main(GradleWorkerMain.java:74)
Caused by: java.lang.NullPointerException: Cannot invoke &quot;de.uka.ilkd.key.rule.Taclet.getChoices()&quot; because &quot;t&quot; is null
	at de.uka.ilkd.key.proof.init.InitConfig.fillActiveTacletCache(InitConfig.java:260)
	at de.uka.ilkd.key.proof.init.InitConfig.activatedTaclets(InitConfig.java:242)
	at de.uka.ilkd.key.proof.init.InitConfig.createTacletIndex(InitConfig.java:321)
	at de.uka.ilkd.key.rule.TacletForTests.parse(TacletForTests.java:82)
	... 91 more
</failure>
  </testcase>
  <testcase name="testRWVarOccursFindAndIf()" classname="de.uka.ilkd.key.rule.TestMatchTaclet" time="0.439">
    <failure message="java.lang.RuntimeException: Exception occurred while parsing /home/runner/work/key/key/key.core/src/test/resources/testcase/../de/uka/ilkd/key/rule/testRuleMatch.txt" type="java.lang.RuntimeException">java.lang.RuntimeException: Exception occurred while parsing /home/runner/work/key/key/key.core/src/test/resources/testcase/../de/uka/ilkd/key/rule/testRuleMatch.txt
	at de.uka.ilkd.key.rule.TacletForTests.parse(TacletForTests.java:89)
	at de.uka.ilkd.key.rule.TacletForTests.parse(TacletForTests.java:125)
	at de.uka.ilkd.key.rule.TacletForTests.parse(TacletForTests.java:129)
	at de.uka.ilkd.key.rule.TestMatchTaclet.setUp(TestMatchTaclet.java:60)
	at java.base/jdk.internal.reflect.NativeMethodAccessorImpl.invoke0(Native Method)
	at java.base/jdk.internal.reflect.NativeMethodAccessorImpl.invoke(NativeMethodAccessorImpl.java:77)
	at java.base/jdk.internal.reflect.DelegatingMethodAccessorImpl.invoke(DelegatingMethodAccessorImpl.java:43)
	at java.base/java.lang.reflect.Method.invoke(Method.java:568)
	at org.junit.platform.commons.util.ReflectionUtils.invokeMethod(ReflectionUtils.java:727)
	at org.junit.jupiter.engine.execution.MethodInvocation.proceed(MethodInvocation.java:60)
	at org.junit.jupiter.engine.execution.InvocationInterceptorChain$ValidatingInvocation.proceed(InvocationInterceptorChain.java:131)
	at org.junit.jupiter.engine.extension.TimeoutExtension.intercept(TimeoutExtension.java:156)
	at org.junit.jupiter.engine.extension.TimeoutExtension.interceptLifecycleMethod(TimeoutExtension.java:128)
	at org.junit.jupiter.engine.extension.TimeoutExtension.interceptBeforeEachMethod(TimeoutExtension.java:78)
	at org.junit.jupiter.engine.execution.InterceptingExecutableInvoker$ReflectiveInterceptorCall.lambda$ofVoidMethod$0(InterceptingExecutableInvoker.java:103)
	at org.junit.jupiter.engine.execution.InterceptingExecutableInvoker.lambda$invoke$0(InterceptingExecutableInvoker.java:93)
	at org.junit.jupiter.engine.execution.InvocationInterceptorChain$InterceptedInvocation.proceed(InvocationInterceptorChain.java:106)
	at org.junit.jupiter.engine.execution.InvocationInterceptorChain.proceed(InvocationInterceptorChain.java:64)
	at org.junit.jupiter.engine.execution.InvocationInterceptorChain.chainAndInvoke(InvocationInterceptorChain.java:45)
	at org.junit.jupiter.engine.execution.InvocationInterceptorChain.invoke(InvocationInterceptorChain.java:37)
	at org.junit.jupiter.engine.execution.InterceptingExecutableInvoker.invoke(InterceptingExecutableInvoker.java:92)
	at org.junit.jupiter.engine.execution.InterceptingExecutableInvoker.invoke(InterceptingExecutableInvoker.java:86)
	at org.junit.jupiter.engine.descriptor.ClassBasedTestDescriptor.invokeMethodInExtensionContext(ClassBasedTestDescriptor.java:520)
	at org.junit.jupiter.engine.descriptor.ClassBasedTestDescriptor.lambda$synthesizeBeforeEachMethodAdapter$23(ClassBasedTestDescriptor.java:505)
	at org.junit.jupiter.engine.descriptor.TestMethodTestDescriptor.lambda$invokeBeforeEachMethods$3(TestMethodTestDescriptor.java:174)
	at org.junit.jupiter.engine.descriptor.TestMethodTestDescriptor.lambda$invokeBeforeMethodsOrCallbacksUntilExceptionOccurs$6(TestMethodTestDescriptor.java:202)
	at org.junit.platform.engine.support.hierarchical.ThrowableCollector.execute(ThrowableCollector.java:73)
	at org.junit.jupiter.engine.descriptor.TestMethodTestDescriptor.invokeBeforeMethodsOrCallbacksUntilExceptionOccurs(TestMethodTestDescriptor.java:202)
	at org.junit.jupiter.engine.descriptor.TestMethodTestDescriptor.invokeBeforeEachMethods(TestMethodTestDescriptor.java:171)
	at org.junit.jupiter.engine.descriptor.TestMethodTestDescriptor.execute(TestMethodTestDescriptor.java:134)
	at org.junit.jupiter.engine.descriptor.TestMethodTestDescriptor.execute(TestMethodTestDescriptor.java:68)
	at org.junit.platform.engine.support.hierarchical.NodeTestTask.lambda$executeRecursively$6(NodeTestTask.java:151)
	at org.junit.platform.engine.support.hierarchical.ThrowableCollector.execute(ThrowableCollector.java:73)
	at org.junit.platform.engine.support.hierarchical.NodeTestTask.lambda$executeRecursively$8(NodeTestTask.java:141)
	at org.junit.platform.engine.support.hierarchical.Node.around(Node.java:137)
	at org.junit.platform.engine.support.hierarchical.NodeTestTask.lambda$executeRecursively$9(NodeTestTask.java:139)
	at org.junit.platform.engine.support.hierarchical.ThrowableCollector.execute(ThrowableCollector.java:73)
	at org.junit.platform.engine.support.hierarchical.NodeTestTask.executeRecursively(NodeTestTask.java:138)
	at org.junit.platform.engine.support.hierarchical.NodeTestTask.execute(NodeTestTask.java:95)
	at java.base/java.util.ArrayList.forEach(ArrayList.java:1511)
	at org.junit.platform.engine.support.hierarchical.SameThreadHierarchicalTestExecutorService.invokeAll(SameThreadHierarchicalTestExecutorService.java:41)
	at org.junit.platform.engine.support.hierarchical.NodeTestTask.lambda$executeRecursively$6(NodeTestTask.java:155)
	at org.junit.platform.engine.support.hierarchical.ThrowableCollector.execute(ThrowableCollector.java:73)
	at org.junit.platform.engine.support.hierarchical.NodeTestTask.lambda$executeRecursively$8(NodeTestTask.java:141)
	at org.junit.platform.engine.support.hierarchical.Node.around(Node.java:137)
	at org.junit.platform.engine.support.hierarchical.NodeTestTask.lambda$executeRecursively$9(NodeTestTask.java:139)
	at org.junit.platform.engine.support.hierarchical.ThrowableCollector.execute(ThrowableCollector.java:73)
	at org.junit.platform.engine.support.hierarchical.NodeTestTask.executeRecursively(NodeTestTask.java:138)
	at org.junit.platform.engine.support.hierarchical.NodeTestTask.execute(NodeTestTask.java:95)
	at java.base/java.util.ArrayList.forEach(ArrayList.java:1511)
	at org.junit.platform.engine.support.hierarchical.SameThreadHierarchicalTestExecutorService.invokeAll(SameThreadHierarchicalTestExecutorService.java:41)
	at org.junit.platform.engine.support.hierarchical.NodeTestTask.lambda$executeRecursively$6(NodeTestTask.java:155)
	at org.junit.platform.engine.support.hierarchical.ThrowableCollector.execute(ThrowableCollector.java:73)
	at org.junit.platform.engine.support.hierarchical.NodeTestTask.lambda$executeRecursively$8(NodeTestTask.java:141)
	at org.junit.platform.engine.support.hierarchical.Node.around(Node.java:137)
	at org.junit.platform.engine.support.hierarchical.NodeTestTask.lambda$executeRecursively$9(NodeTestTask.java:139)
	at org.junit.platform.engine.support.hierarchical.ThrowableCollector.execute(ThrowableCollector.java:73)
	at org.junit.platform.engine.support.hierarchical.NodeTestTask.executeRecursively(NodeTestTask.java:138)
	at org.junit.platform.engine.support.hierarchical.NodeTestTask.execute(NodeTestTask.java:95)
	at org.junit.platform.engine.support.hierarchical.SameThreadHierarchicalTestExecutorService.submit(SameThreadHierarchicalTestExecutorService.java:35)
	at org.junit.platform.engine.support.hierarchical.HierarchicalTestExecutor.execute(HierarchicalTestExecutor.java:57)
	at org.junit.platform.engine.support.hierarchical.HierarchicalTestEngine.execute(HierarchicalTestEngine.java:54)
	at org.junit.platform.launcher.core.EngineExecutionOrchestrator.execute(EngineExecutionOrchestrator.java:107)
	at org.junit.platform.launcher.core.EngineExecutionOrchestrator.execute(EngineExecutionOrchestrator.java:88)
	at org.junit.platform.launcher.core.EngineExecutionOrchestrator.lambda$execute$0(EngineExecutionOrchestrator.java:54)
	at org.junit.platform.launcher.core.EngineExecutionOrchestrator.withInterceptedStreams(EngineExecutionOrchestrator.java:67)
	at org.junit.platform.launcher.core.EngineExecutionOrchestrator.execute(EngineExecutionOrchestrator.java:52)
	at org.junit.platform.launcher.core.DefaultLauncher.execute(DefaultLauncher.java:114)
	at org.junit.platform.launcher.core.DefaultLauncher.execute(DefaultLauncher.java:86)
	at org.junit.platform.launcher.core.DefaultLauncherSession$DelegatingLauncher.execute(DefaultLauncherSession.java:86)
	at org.gradle.api.internal.tasks.testing.junitplatform.JUnitPlatformTestClassProcessor$CollectAllTestClassesExecutor.processAllTestClasses(JUnitPlatformTestClassProcessor.java:110)
	at org.gradle.api.internal.tasks.testing.junitplatform.JUnitPlatformTestClassProcessor$CollectAllTestClassesExecutor.access$000(JUnitPlatformTestClassProcessor.java:90)
	at org.gradle.api.internal.tasks.testing.junitplatform.JUnitPlatformTestClassProcessor.stop(JUnitPlatformTestClassProcessor.java:85)
	at org.gradle.api.internal.tasks.testing.SuiteTestClassProcessor.stop(SuiteTestClassProcessor.java:62)
	at java.base/jdk.internal.reflect.NativeMethodAccessorImpl.invoke0(Native Method)
	at java.base/jdk.internal.reflect.NativeMethodAccessorImpl.invoke(NativeMethodAccessorImpl.java:77)
	at java.base/jdk.internal.reflect.DelegatingMethodAccessorImpl.invoke(DelegatingMethodAccessorImpl.java:43)
	at java.base/java.lang.reflect.Method.invoke(Method.java:568)
	at org.gradle.internal.dispatch.ReflectionDispatch.dispatch(ReflectionDispatch.java:36)
	at org.gradle.internal.dispatch.ReflectionDispatch.dispatch(ReflectionDispatch.java:24)
	at org.gradle.internal.dispatch.ContextClassLoaderDispatch.dispatch(ContextClassLoaderDispatch.java:33)
	at org.gradle.internal.dispatch.ProxyDispatchAdapter$DispatchingInvocationHandler.invoke(ProxyDispatchAdapter.java:94)
	at jdk.proxy2/jdk.proxy2.$Proxy5.stop(Unknown Source)
	at org.gradle.api.internal.tasks.testing.worker.TestWorker$3.run(TestWorker.java:193)
	at org.gradle.api.internal.tasks.testing.worker.TestWorker.executeAndMaintainThreadName(TestWorker.java:129)
	at org.gradle.api.internal.tasks.testing.worker.TestWorker.execute(TestWorker.java:100)
	at org.gradle.api.internal.tasks.testing.worker.TestWorker.execute(TestWorker.java:60)
	at org.gradle.process.internal.worker.child.ActionExecutionWorker.execute(ActionExecutionWorker.java:56)
	at org.gradle.process.internal.worker.child.SystemApplicationClassLoaderWorker.call(SystemApplicationClassLoaderWorker.java:113)
	at org.gradle.process.internal.worker.child.SystemApplicationClassLoaderWorker.call(SystemApplicationClassLoaderWorker.java:65)
	at worker.org.gradle.process.internal.worker.GradleWorkerMain.run(GradleWorkerMain.java:69)
	at worker.org.gradle.process.internal.worker.GradleWorkerMain.main(GradleWorkerMain.java:74)
Caused by: java.lang.NullPointerException: Cannot invoke &quot;de.uka.ilkd.key.rule.Taclet.getChoices()&quot; because &quot;t&quot; is null
	at de.uka.ilkd.key.proof.init.InitConfig.fillActiveTacletCache(InitConfig.java:260)
	at de.uka.ilkd.key.proof.init.InitConfig.activatedTaclets(InitConfig.java:242)
	at de.uka.ilkd.key.proof.init.InitConfig.createTacletIndex(InitConfig.java:321)
	at de.uka.ilkd.key.rule.TacletForTests.parse(TacletForTests.java:82)
	... 91 more
</failure>
  </testcase>
  <testcase name="testXNotFreeInYConflict()" classname="de.uka.ilkd.key.rule.TestMatchTaclet" time="0.594">
    <failure message="java.lang.RuntimeException: Exception occurred while parsing /home/runner/work/key/key/key.core/src/test/resources/testcase/../de/uka/ilkd/key/rule/testRuleMatch.txt" type="java.lang.RuntimeException">java.lang.RuntimeException: Exception occurred while parsing /home/runner/work/key/key/key.core/src/test/resources/testcase/../de/uka/ilkd/key/rule/testRuleMatch.txt
	at de.uka.ilkd.key.rule.TacletForTests.parse(TacletForTests.java:89)
	at de.uka.ilkd.key.rule.TacletForTests.parse(TacletForTests.java:125)
	at de.uka.ilkd.key.rule.TacletForTests.parse(TacletForTests.java:129)
	at de.uka.ilkd.key.rule.TestMatchTaclet.setUp(TestMatchTaclet.java:60)
	at java.base/jdk.internal.reflect.NativeMethodAccessorImpl.invoke0(Native Method)
	at java.base/jdk.internal.reflect.NativeMethodAccessorImpl.invoke(NativeMethodAccessorImpl.java:77)
	at java.base/jdk.internal.reflect.DelegatingMethodAccessorImpl.invoke(DelegatingMethodAccessorImpl.java:43)
	at java.base/java.lang.reflect.Method.invoke(Method.java:568)
	at org.junit.platform.commons.util.ReflectionUtils.invokeMethod(ReflectionUtils.java:727)
	at org.junit.jupiter.engine.execution.MethodInvocation.proceed(MethodInvocation.java:60)
	at org.junit.jupiter.engine.execution.InvocationInterceptorChain$ValidatingInvocation.proceed(InvocationInterceptorChain.java:131)
	at org.junit.jupiter.engine.extension.TimeoutExtension.intercept(TimeoutExtension.java:156)
	at org.junit.jupiter.engine.extension.TimeoutExtension.interceptLifecycleMethod(TimeoutExtension.java:128)
	at org.junit.jupiter.engine.extension.TimeoutExtension.interceptBeforeEachMethod(TimeoutExtension.java:78)
	at org.junit.jupiter.engine.execution.InterceptingExecutableInvoker$ReflectiveInterceptorCall.lambda$ofVoidMethod$0(InterceptingExecutableInvoker.java:103)
	at org.junit.jupiter.engine.execution.InterceptingExecutableInvoker.lambda$invoke$0(InterceptingExecutableInvoker.java:93)
	at org.junit.jupiter.engine.execution.InvocationInterceptorChain$InterceptedInvocation.proceed(InvocationInterceptorChain.java:106)
	at org.junit.jupiter.engine.execution.InvocationInterceptorChain.proceed(InvocationInterceptorChain.java:64)
	at org.junit.jupiter.engine.execution.InvocationInterceptorChain.chainAndInvoke(InvocationInterceptorChain.java:45)
	at org.junit.jupiter.engine.execution.InvocationInterceptorChain.invoke(InvocationInterceptorChain.java:37)
	at org.junit.jupiter.engine.execution.InterceptingExecutableInvoker.invoke(InterceptingExecutableInvoker.java:92)
	at org.junit.jupiter.engine.execution.InterceptingExecutableInvoker.invoke(InterceptingExecutableInvoker.java:86)
	at org.junit.jupiter.engine.descriptor.ClassBasedTestDescriptor.invokeMethodInExtensionContext(ClassBasedTestDescriptor.java:520)
	at org.junit.jupiter.engine.descriptor.ClassBasedTestDescriptor.lambda$synthesizeBeforeEachMethodAdapter$23(ClassBasedTestDescriptor.java:505)
	at org.junit.jupiter.engine.descriptor.TestMethodTestDescriptor.lambda$invokeBeforeEachMethods$3(TestMethodTestDescriptor.java:174)
	at org.junit.jupiter.engine.descriptor.TestMethodTestDescriptor.lambda$invokeBeforeMethodsOrCallbacksUntilExceptionOccurs$6(TestMethodTestDescriptor.java:202)
	at org.junit.platform.engine.support.hierarchical.ThrowableCollector.execute(ThrowableCollector.java:73)
	at org.junit.jupiter.engine.descriptor.TestMethodTestDescriptor.invokeBeforeMethodsOrCallbacksUntilExceptionOccurs(TestMethodTestDescriptor.java:202)
	at org.junit.jupiter.engine.descriptor.TestMethodTestDescriptor.invokeBeforeEachMethods(TestMethodTestDescriptor.java:171)
	at org.junit.jupiter.engine.descriptor.TestMethodTestDescriptor.execute(TestMethodTestDescriptor.java:134)
	at org.junit.jupiter.engine.descriptor.TestMethodTestDescriptor.execute(TestMethodTestDescriptor.java:68)
	at org.junit.platform.engine.support.hierarchical.NodeTestTask.lambda$executeRecursively$6(NodeTestTask.java:151)
	at org.junit.platform.engine.support.hierarchical.ThrowableCollector.execute(ThrowableCollector.java:73)
	at org.junit.platform.engine.support.hierarchical.NodeTestTask.lambda$executeRecursively$8(NodeTestTask.java:141)
	at org.junit.platform.engine.support.hierarchical.Node.around(Node.java:137)
	at org.junit.platform.engine.support.hierarchical.NodeTestTask.lambda$executeRecursively$9(NodeTestTask.java:139)
	at org.junit.platform.engine.support.hierarchical.ThrowableCollector.execute(ThrowableCollector.java:73)
	at org.junit.platform.engine.support.hierarchical.NodeTestTask.executeRecursively(NodeTestTask.java:138)
	at org.junit.platform.engine.support.hierarchical.NodeTestTask.execute(NodeTestTask.java:95)
	at java.base/java.util.ArrayList.forEach(ArrayList.java:1511)
	at org.junit.platform.engine.support.hierarchical.SameThreadHierarchicalTestExecutorService.invokeAll(SameThreadHierarchicalTestExecutorService.java:41)
	at org.junit.platform.engine.support.hierarchical.NodeTestTask.lambda$executeRecursively$6(NodeTestTask.java:155)
	at org.junit.platform.engine.support.hierarchical.ThrowableCollector.execute(ThrowableCollector.java:73)
	at org.junit.platform.engine.support.hierarchical.NodeTestTask.lambda$executeRecursively$8(NodeTestTask.java:141)
	at org.junit.platform.engine.support.hierarchical.Node.around(Node.java:137)
	at org.junit.platform.engine.support.hierarchical.NodeTestTask.lambda$executeRecursively$9(NodeTestTask.java:139)
	at org.junit.platform.engine.support.hierarchical.ThrowableCollector.execute(ThrowableCollector.java:73)
	at org.junit.platform.engine.support.hierarchical.NodeTestTask.executeRecursively(NodeTestTask.java:138)
	at org.junit.platform.engine.support.hierarchical.NodeTestTask.execute(NodeTestTask.java:95)
	at java.base/java.util.ArrayList.forEach(ArrayList.java:1511)
	at org.junit.platform.engine.support.hierarchical.SameThreadHierarchicalTestExecutorService.invokeAll(SameThreadHierarchicalTestExecutorService.java:41)
	at org.junit.platform.engine.support.hierarchical.NodeTestTask.lambda$executeRecursively$6(NodeTestTask.java:155)
	at org.junit.platform.engine.support.hierarchical.ThrowableCollector.execute(ThrowableCollector.java:73)
	at org.junit.platform.engine.support.hierarchical.NodeTestTask.lambda$executeRecursively$8(NodeTestTask.java:141)
	at org.junit.platform.engine.support.hierarchical.Node.around(Node.java:137)
	at org.junit.platform.engine.support.hierarchical.NodeTestTask.lambda$executeRecursively$9(NodeTestTask.java:139)
	at org.junit.platform.engine.support.hierarchical.ThrowableCollector.execute(ThrowableCollector.java:73)
	at org.junit.platform.engine.support.hierarchical.NodeTestTask.executeRecursively(NodeTestTask.java:138)
	at org.junit.platform.engine.support.hierarchical.NodeTestTask.execute(NodeTestTask.java:95)
	at org.junit.platform.engine.support.hierarchical.SameThreadHierarchicalTestExecutorService.submit(SameThreadHierarchicalTestExecutorService.java:35)
	at org.junit.platform.engine.support.hierarchical.HierarchicalTestExecutor.execute(HierarchicalTestExecutor.java:57)
	at org.junit.platform.engine.support.hierarchical.HierarchicalTestEngine.execute(HierarchicalTestEngine.java:54)
	at org.junit.platform.launcher.core.EngineExecutionOrchestrator.execute(EngineExecutionOrchestrator.java:107)
	at org.junit.platform.launcher.core.EngineExecutionOrchestrator.execute(EngineExecutionOrchestrator.java:88)
	at org.junit.platform.launcher.core.EngineExecutionOrchestrator.lambda$execute$0(EngineExecutionOrchestrator.java:54)
	at org.junit.platform.launcher.core.EngineExecutionOrchestrator.withInterceptedStreams(EngineExecutionOrchestrator.java:67)
	at org.junit.platform.launcher.core.EngineExecutionOrchestrator.execute(EngineExecutionOrchestrator.java:52)
	at org.junit.platform.launcher.core.DefaultLauncher.execute(DefaultLauncher.java:114)
	at org.junit.platform.launcher.core.DefaultLauncher.execute(DefaultLauncher.java:86)
	at org.junit.platform.launcher.core.DefaultLauncherSession$DelegatingLauncher.execute(DefaultLauncherSession.java:86)
	at org.gradle.api.internal.tasks.testing.junitplatform.JUnitPlatformTestClassProcessor$CollectAllTestClassesExecutor.processAllTestClasses(JUnitPlatformTestClassProcessor.java:110)
	at org.gradle.api.internal.tasks.testing.junitplatform.JUnitPlatformTestClassProcessor$CollectAllTestClassesExecutor.access$000(JUnitPlatformTestClassProcessor.java:90)
	at org.gradle.api.internal.tasks.testing.junitplatform.JUnitPlatformTestClassProcessor.stop(JUnitPlatformTestClassProcessor.java:85)
	at org.gradle.api.internal.tasks.testing.SuiteTestClassProcessor.stop(SuiteTestClassProcessor.java:62)
	at java.base/jdk.internal.reflect.NativeMethodAccessorImpl.invoke0(Native Method)
	at java.base/jdk.internal.reflect.NativeMethodAccessorImpl.invoke(NativeMethodAccessorImpl.java:77)
	at java.base/jdk.internal.reflect.DelegatingMethodAccessorImpl.invoke(DelegatingMethodAccessorImpl.java:43)
	at java.base/java.lang.reflect.Method.invoke(Method.java:568)
	at org.gradle.internal.dispatch.ReflectionDispatch.dispatch(ReflectionDispatch.java:36)
	at org.gradle.internal.dispatch.ReflectionDispatch.dispatch(ReflectionDispatch.java:24)
	at org.gradle.internal.dispatch.ContextClassLoaderDispatch.dispatch(ContextClassLoaderDispatch.java:33)
	at org.gradle.internal.dispatch.ProxyDispatchAdapter$DispatchingInvocationHandler.invoke(ProxyDispatchAdapter.java:94)
	at jdk.proxy2/jdk.proxy2.$Proxy5.stop(Unknown Source)
	at org.gradle.api.internal.tasks.testing.worker.TestWorker$3.run(TestWorker.java:193)
	at org.gradle.api.internal.tasks.testing.worker.TestWorker.executeAndMaintainThreadName(TestWorker.java:129)
	at org.gradle.api.internal.tasks.testing.worker.TestWorker.execute(TestWorker.java:100)
	at org.gradle.api.internal.tasks.testing.worker.TestWorker.execute(TestWorker.java:60)
	at org.gradle.process.internal.worker.child.ActionExecutionWorker.execute(ActionExecutionWorker.java:56)
	at org.gradle.process.internal.worker.child.SystemApplicationClassLoaderWorker.call(SystemApplicationClassLoaderWorker.java:113)
	at org.gradle.process.internal.worker.child.SystemApplicationClassLoaderWorker.call(SystemApplicationClassLoaderWorker.java:65)
	at worker.org.gradle.process.internal.worker.GradleWorkerMain.run(GradleWorkerMain.java:69)
	at worker.org.gradle.process.internal.worker.GradleWorkerMain.main(GradleWorkerMain.java:74)
Caused by: java.lang.NullPointerException: Cannot invoke &quot;de.uka.ilkd.key.rule.Taclet.getChoices()&quot; because &quot;t&quot; is null
	at de.uka.ilkd.key.proof.init.InitConfig.fillActiveTacletCache(InitConfig.java:260)
	at de.uka.ilkd.key.proof.init.InitConfig.activatedTaclets(InitConfig.java:242)
	at de.uka.ilkd.key.proof.init.InitConfig.createTacletIndex(InitConfig.java:321)
	at de.uka.ilkd.key.rule.TacletForTests.parse(TacletForTests.java:82)
	... 91 more
</failure>
  </testcase>
  <testcase name="testVarOccursInIfAndAddRule()" classname="de.uka.ilkd.key.rule.TestMatchTaclet" time="0.411">
    <failure message="java.lang.RuntimeException: Exception occurred while parsing /home/runner/work/key/key/key.core/src/test/resources/testcase/../de/uka/ilkd/key/rule/testRuleMatch.txt" type="java.lang.RuntimeException">java.lang.RuntimeException: Exception occurred while parsing /home/runner/work/key/key/key.core/src/test/resources/testcase/../de/uka/ilkd/key/rule/testRuleMatch.txt
	at de.uka.ilkd.key.rule.TacletForTests.parse(TacletForTests.java:89)
	at de.uka.ilkd.key.rule.TacletForTests.parse(TacletForTests.java:125)
	at de.uka.ilkd.key.rule.TacletForTests.parse(TacletForTests.java:129)
	at de.uka.ilkd.key.rule.TestMatchTaclet.setUp(TestMatchTaclet.java:60)
	at java.base/jdk.internal.reflect.NativeMethodAccessorImpl.invoke0(Native Method)
	at java.base/jdk.internal.reflect.NativeMethodAccessorImpl.invoke(NativeMethodAccessorImpl.java:77)
	at java.base/jdk.internal.reflect.DelegatingMethodAccessorImpl.invoke(DelegatingMethodAccessorImpl.java:43)
	at java.base/java.lang.reflect.Method.invoke(Method.java:568)
	at org.junit.platform.commons.util.ReflectionUtils.invokeMethod(ReflectionUtils.java:727)
	at org.junit.jupiter.engine.execution.MethodInvocation.proceed(MethodInvocation.java:60)
	at org.junit.jupiter.engine.execution.InvocationInterceptorChain$ValidatingInvocation.proceed(InvocationInterceptorChain.java:131)
	at org.junit.jupiter.engine.extension.TimeoutExtension.intercept(TimeoutExtension.java:156)
	at org.junit.jupiter.engine.extension.TimeoutExtension.interceptLifecycleMethod(TimeoutExtension.java:128)
	at org.junit.jupiter.engine.extension.TimeoutExtension.interceptBeforeEachMethod(TimeoutExtension.java:78)
	at org.junit.jupiter.engine.execution.InterceptingExecutableInvoker$ReflectiveInterceptorCall.lambda$ofVoidMethod$0(InterceptingExecutableInvoker.java:103)
	at org.junit.jupiter.engine.execution.InterceptingExecutableInvoker.lambda$invoke$0(InterceptingExecutableInvoker.java:93)
	at org.junit.jupiter.engine.execution.InvocationInterceptorChain$InterceptedInvocation.proceed(InvocationInterceptorChain.java:106)
	at org.junit.jupiter.engine.execution.InvocationInterceptorChain.proceed(InvocationInterceptorChain.java:64)
	at org.junit.jupiter.engine.execution.InvocationInterceptorChain.chainAndInvoke(InvocationInterceptorChain.java:45)
	at org.junit.jupiter.engine.execution.InvocationInterceptorChain.invoke(InvocationInterceptorChain.java:37)
	at org.junit.jupiter.engine.execution.InterceptingExecutableInvoker.invoke(InterceptingExecutableInvoker.java:92)
	at org.junit.jupiter.engine.execution.InterceptingExecutableInvoker.invoke(InterceptingExecutableInvoker.java:86)
	at org.junit.jupiter.engine.descriptor.ClassBasedTestDescriptor.invokeMethodInExtensionContext(ClassBasedTestDescriptor.java:520)
	at org.junit.jupiter.engine.descriptor.ClassBasedTestDescriptor.lambda$synthesizeBeforeEachMethodAdapter$23(ClassBasedTestDescriptor.java:505)
	at org.junit.jupiter.engine.descriptor.TestMethodTestDescriptor.lambda$invokeBeforeEachMethods$3(TestMethodTestDescriptor.java:174)
	at org.junit.jupiter.engine.descriptor.TestMethodTestDescriptor.lambda$invokeBeforeMethodsOrCallbacksUntilExceptionOccurs$6(TestMethodTestDescriptor.java:202)
	at org.junit.platform.engine.support.hierarchical.ThrowableCollector.execute(ThrowableCollector.java:73)
	at org.junit.jupiter.engine.descriptor.TestMethodTestDescriptor.invokeBeforeMethodsOrCallbacksUntilExceptionOccurs(TestMethodTestDescriptor.java:202)
	at org.junit.jupiter.engine.descriptor.TestMethodTestDescriptor.invokeBeforeEachMethods(TestMethodTestDescriptor.java:171)
	at org.junit.jupiter.engine.descriptor.TestMethodTestDescriptor.execute(TestMethodTestDescriptor.java:134)
	at org.junit.jupiter.engine.descriptor.TestMethodTestDescriptor.execute(TestMethodTestDescriptor.java:68)
	at org.junit.platform.engine.support.hierarchical.NodeTestTask.lambda$executeRecursively$6(NodeTestTask.java:151)
	at org.junit.platform.engine.support.hierarchical.ThrowableCollector.execute(ThrowableCollector.java:73)
	at org.junit.platform.engine.support.hierarchical.NodeTestTask.lambda$executeRecursively$8(NodeTestTask.java:141)
	at org.junit.platform.engine.support.hierarchical.Node.around(Node.java:137)
	at org.junit.platform.engine.support.hierarchical.NodeTestTask.lambda$executeRecursively$9(NodeTestTask.java:139)
	at org.junit.platform.engine.support.hierarchical.ThrowableCollector.execute(ThrowableCollector.java:73)
	at org.junit.platform.engine.support.hierarchical.NodeTestTask.executeRecursively(NodeTestTask.java:138)
	at org.junit.platform.engine.support.hierarchical.NodeTestTask.execute(NodeTestTask.java:95)
	at java.base/java.util.ArrayList.forEach(ArrayList.java:1511)
	at org.junit.platform.engine.support.hierarchical.SameThreadHierarchicalTestExecutorService.invokeAll(SameThreadHierarchicalTestExecutorService.java:41)
	at org.junit.platform.engine.support.hierarchical.NodeTestTask.lambda$executeRecursively$6(NodeTestTask.java:155)
	at org.junit.platform.engine.support.hierarchical.ThrowableCollector.execute(ThrowableCollector.java:73)
	at org.junit.platform.engine.support.hierarchical.NodeTestTask.lambda$executeRecursively$8(NodeTestTask.java:141)
	at org.junit.platform.engine.support.hierarchical.Node.around(Node.java:137)
	at org.junit.platform.engine.support.hierarchical.NodeTestTask.lambda$executeRecursively$9(NodeTestTask.java:139)
	at org.junit.platform.engine.support.hierarchical.ThrowableCollector.execute(ThrowableCollector.java:73)
	at org.junit.platform.engine.support.hierarchical.NodeTestTask.executeRecursively(NodeTestTask.java:138)
	at org.junit.platform.engine.support.hierarchical.NodeTestTask.execute(NodeTestTask.java:95)
	at java.base/java.util.ArrayList.forEach(ArrayList.java:1511)
	at org.junit.platform.engine.support.hierarchical.SameThreadHierarchicalTestExecutorService.invokeAll(SameThreadHierarchicalTestExecutorService.java:41)
	at org.junit.platform.engine.support.hierarchical.NodeTestTask.lambda$executeRecursively$6(NodeTestTask.java:155)
	at org.junit.platform.engine.support.hierarchical.ThrowableCollector.execute(ThrowableCollector.java:73)
	at org.junit.platform.engine.support.hierarchical.NodeTestTask.lambda$executeRecursively$8(NodeTestTask.java:141)
	at org.junit.platform.engine.support.hierarchical.Node.around(Node.java:137)
	at org.junit.platform.engine.support.hierarchical.NodeTestTask.lambda$executeRecursively$9(NodeTestTask.java:139)
	at org.junit.platform.engine.support.hierarchical.ThrowableCollector.execute(ThrowableCollector.java:73)
	at org.junit.platform.engine.support.hierarchical.NodeTestTask.executeRecursively(NodeTestTask.java:138)
	at org.junit.platform.engine.support.hierarchical.NodeTestTask.execute(NodeTestTask.java:95)
	at org.junit.platform.engine.support.hierarchical.SameThreadHierarchicalTestExecutorService.submit(SameThreadHierarchicalTestExecutorService.java:35)
	at org.junit.platform.engine.support.hierarchical.HierarchicalTestExecutor.execute(HierarchicalTestExecutor.java:57)
	at org.junit.platform.engine.support.hierarchical.HierarchicalTestEngine.execute(HierarchicalTestEngine.java:54)
	at org.junit.platform.launcher.core.EngineExecutionOrchestrator.execute(EngineExecutionOrchestrator.java:107)
	at org.junit.platform.launcher.core.EngineExecutionOrchestrator.execute(EngineExecutionOrchestrator.java:88)
	at org.junit.platform.launcher.core.EngineExecutionOrchestrator.lambda$execute$0(EngineExecutionOrchestrator.java:54)
	at org.junit.platform.launcher.core.EngineExecutionOrchestrator.withInterceptedStreams(EngineExecutionOrchestrator.java:67)
	at org.junit.platform.launcher.core.EngineExecutionOrchestrator.execute(EngineExecutionOrchestrator.java:52)
	at org.junit.platform.launcher.core.DefaultLauncher.execute(DefaultLauncher.java:114)
	at org.junit.platform.launcher.core.DefaultLauncher.execute(DefaultLauncher.java:86)
	at org.junit.platform.launcher.core.DefaultLauncherSession$DelegatingLauncher.execute(DefaultLauncherSession.java:86)
	at org.gradle.api.internal.tasks.testing.junitplatform.JUnitPlatformTestClassProcessor$CollectAllTestClassesExecutor.processAllTestClasses(JUnitPlatformTestClassProcessor.java:110)
	at org.gradle.api.internal.tasks.testing.junitplatform.JUnitPlatformTestClassProcessor$CollectAllTestClassesExecutor.access$000(JUnitPlatformTestClassProcessor.java:90)
	at org.gradle.api.internal.tasks.testing.junitplatform.JUnitPlatformTestClassProcessor.stop(JUnitPlatformTestClassProcessor.java:85)
	at org.gradle.api.internal.tasks.testing.SuiteTestClassProcessor.stop(SuiteTestClassProcessor.java:62)
	at java.base/jdk.internal.reflect.NativeMethodAccessorImpl.invoke0(Native Method)
	at java.base/jdk.internal.reflect.NativeMethodAccessorImpl.invoke(NativeMethodAccessorImpl.java:77)
	at java.base/jdk.internal.reflect.DelegatingMethodAccessorImpl.invoke(DelegatingMethodAccessorImpl.java:43)
	at java.base/java.lang.reflect.Method.invoke(Method.java:568)
	at org.gradle.internal.dispatch.ReflectionDispatch.dispatch(ReflectionDispatch.java:36)
	at org.gradle.internal.dispatch.ReflectionDispatch.dispatch(ReflectionDispatch.java:24)
	at org.gradle.internal.dispatch.ContextClassLoaderDispatch.dispatch(ContextClassLoaderDispatch.java:33)
	at org.gradle.internal.dispatch.ProxyDispatchAdapter$DispatchingInvocationHandler.invoke(ProxyDispatchAdapter.java:94)
	at jdk.proxy2/jdk.proxy2.$Proxy5.stop(Unknown Source)
	at org.gradle.api.internal.tasks.testing.worker.TestWorker$3.run(TestWorker.java:193)
	at org.gradle.api.internal.tasks.testing.worker.TestWorker.executeAndMaintainThreadName(TestWorker.java:129)
	at org.gradle.api.internal.tasks.testing.worker.TestWorker.execute(TestWorker.java:100)
	at org.gradle.api.internal.tasks.testing.worker.TestWorker.execute(TestWorker.java:60)
	at org.gradle.process.internal.worker.child.ActionExecutionWorker.execute(ActionExecutionWorker.java:56)
	at org.gradle.process.internal.worker.child.SystemApplicationClassLoaderWorker.call(SystemApplicationClassLoaderWorker.java:113)
	at org.gradle.process.internal.worker.child.SystemApplicationClassLoaderWorker.call(SystemApplicationClassLoaderWorker.java:65)
	at worker.org.gradle.process.internal.worker.GradleWorkerMain.run(GradleWorkerMain.java:69)
	at worker.org.gradle.process.internal.worker.GradleWorkerMain.main(GradleWorkerMain.java:74)
Caused by: java.lang.NullPointerException: Cannot invoke &quot;de.uka.ilkd.key.rule.Taclet.getChoices()&quot; because &quot;t&quot; is null
	at de.uka.ilkd.key.proof.init.InitConfig.fillActiveTacletCache(InitConfig.java:260)
	at de.uka.ilkd.key.proof.init.InitConfig.activatedTaclets(InitConfig.java:242)
	at de.uka.ilkd.key.proof.init.InitConfig.createTacletIndex(InitConfig.java:321)
	at de.uka.ilkd.key.rule.TacletForTests.parse(TacletForTests.java:82)
	... 91 more
</failure>
  </testcase>
  <testcase name="testVarOccursInFindAndAddRule()" classname="de.uka.ilkd.key.rule.TestMatchTaclet" time="0.428">
    <failure message="java.lang.RuntimeException: Exception occurred while parsing /home/runner/work/key/key/key.core/src/test/resources/testcase/../de/uka/ilkd/key/rule/testRuleMatch.txt" type="java.lang.RuntimeException">java.lang.RuntimeException: Exception occurred while parsing /home/runner/work/key/key/key.core/src/test/resources/testcase/../de/uka/ilkd/key/rule/testRuleMatch.txt
	at de.uka.ilkd.key.rule.TacletForTests.parse(TacletForTests.java:89)
	at de.uka.ilkd.key.rule.TacletForTests.parse(TacletForTests.java:125)
	at de.uka.ilkd.key.rule.TacletForTests.parse(TacletForTests.java:129)
	at de.uka.ilkd.key.rule.TestMatchTaclet.setUp(TestMatchTaclet.java:60)
	at java.base/jdk.internal.reflect.NativeMethodAccessorImpl.invoke0(Native Method)
	at java.base/jdk.internal.reflect.NativeMethodAccessorImpl.invoke(NativeMethodAccessorImpl.java:77)
	at java.base/jdk.internal.reflect.DelegatingMethodAccessorImpl.invoke(DelegatingMethodAccessorImpl.java:43)
	at java.base/java.lang.reflect.Method.invoke(Method.java:568)
	at org.junit.platform.commons.util.ReflectionUtils.invokeMethod(ReflectionUtils.java:727)
	at org.junit.jupiter.engine.execution.MethodInvocation.proceed(MethodInvocation.java:60)
	at org.junit.jupiter.engine.execution.InvocationInterceptorChain$ValidatingInvocation.proceed(InvocationInterceptorChain.java:131)
	at org.junit.jupiter.engine.extension.TimeoutExtension.intercept(TimeoutExtension.java:156)
	at org.junit.jupiter.engine.extension.TimeoutExtension.interceptLifecycleMethod(TimeoutExtension.java:128)
	at org.junit.jupiter.engine.extension.TimeoutExtension.interceptBeforeEachMethod(TimeoutExtension.java:78)
	at org.junit.jupiter.engine.execution.InterceptingExecutableInvoker$ReflectiveInterceptorCall.lambda$ofVoidMethod$0(InterceptingExecutableInvoker.java:103)
	at org.junit.jupiter.engine.execution.InterceptingExecutableInvoker.lambda$invoke$0(InterceptingExecutableInvoker.java:93)
	at org.junit.jupiter.engine.execution.InvocationInterceptorChain$InterceptedInvocation.proceed(InvocationInterceptorChain.java:106)
	at org.junit.jupiter.engine.execution.InvocationInterceptorChain.proceed(InvocationInterceptorChain.java:64)
	at org.junit.jupiter.engine.execution.InvocationInterceptorChain.chainAndInvoke(InvocationInterceptorChain.java:45)
	at org.junit.jupiter.engine.execution.InvocationInterceptorChain.invoke(InvocationInterceptorChain.java:37)
	at org.junit.jupiter.engine.execution.InterceptingExecutableInvoker.invoke(InterceptingExecutableInvoker.java:92)
	at org.junit.jupiter.engine.execution.InterceptingExecutableInvoker.invoke(InterceptingExecutableInvoker.java:86)
	at org.junit.jupiter.engine.descriptor.ClassBasedTestDescriptor.invokeMethodInExtensionContext(ClassBasedTestDescriptor.java:520)
	at org.junit.jupiter.engine.descriptor.ClassBasedTestDescriptor.lambda$synthesizeBeforeEachMethodAdapter$23(ClassBasedTestDescriptor.java:505)
	at org.junit.jupiter.engine.descriptor.TestMethodTestDescriptor.lambda$invokeBeforeEachMethods$3(TestMethodTestDescriptor.java:174)
	at org.junit.jupiter.engine.descriptor.TestMethodTestDescriptor.lambda$invokeBeforeMethodsOrCallbacksUntilExceptionOccurs$6(TestMethodTestDescriptor.java:202)
	at org.junit.platform.engine.support.hierarchical.ThrowableCollector.execute(ThrowableCollector.java:73)
	at org.junit.jupiter.engine.descriptor.TestMethodTestDescriptor.invokeBeforeMethodsOrCallbacksUntilExceptionOccurs(TestMethodTestDescriptor.java:202)
	at org.junit.jupiter.engine.descriptor.TestMethodTestDescriptor.invokeBeforeEachMethods(TestMethodTestDescriptor.java:171)
	at org.junit.jupiter.engine.descriptor.TestMethodTestDescriptor.execute(TestMethodTestDescriptor.java:134)
	at org.junit.jupiter.engine.descriptor.TestMethodTestDescriptor.execute(TestMethodTestDescriptor.java:68)
	at org.junit.platform.engine.support.hierarchical.NodeTestTask.lambda$executeRecursively$6(NodeTestTask.java:151)
	at org.junit.platform.engine.support.hierarchical.ThrowableCollector.execute(ThrowableCollector.java:73)
	at org.junit.platform.engine.support.hierarchical.NodeTestTask.lambda$executeRecursively$8(NodeTestTask.java:141)
	at org.junit.platform.engine.support.hierarchical.Node.around(Node.java:137)
	at org.junit.platform.engine.support.hierarchical.NodeTestTask.lambda$executeRecursively$9(NodeTestTask.java:139)
	at org.junit.platform.engine.support.hierarchical.ThrowableCollector.execute(ThrowableCollector.java:73)
	at org.junit.platform.engine.support.hierarchical.NodeTestTask.executeRecursively(NodeTestTask.java:138)
	at org.junit.platform.engine.support.hierarchical.NodeTestTask.execute(NodeTestTask.java:95)
	at java.base/java.util.ArrayList.forEach(ArrayList.java:1511)
	at org.junit.platform.engine.support.hierarchical.SameThreadHierarchicalTestExecutorService.invokeAll(SameThreadHierarchicalTestExecutorService.java:41)
	at org.junit.platform.engine.support.hierarchical.NodeTestTask.lambda$executeRecursively$6(NodeTestTask.java:155)
	at org.junit.platform.engine.support.hierarchical.ThrowableCollector.execute(ThrowableCollector.java:73)
	at org.junit.platform.engine.support.hierarchical.NodeTestTask.lambda$executeRecursively$8(NodeTestTask.java:141)
	at org.junit.platform.engine.support.hierarchical.Node.around(Node.java:137)
	at org.junit.platform.engine.support.hierarchical.NodeTestTask.lambda$executeRecursively$9(NodeTestTask.java:139)
	at org.junit.platform.engine.support.hierarchical.ThrowableCollector.execute(ThrowableCollector.java:73)
	at org.junit.platform.engine.support.hierarchical.NodeTestTask.executeRecursively(NodeTestTask.java:138)
	at org.junit.platform.engine.support.hierarchical.NodeTestTask.execute(NodeTestTask.java:95)
	at java.base/java.util.ArrayList.forEach(ArrayList.java:1511)
	at org.junit.platform.engine.support.hierarchical.SameThreadHierarchicalTestExecutorService.invokeAll(SameThreadHierarchicalTestExecutorService.java:41)
	at org.junit.platform.engine.support.hierarchical.NodeTestTask.lambda$executeRecursively$6(NodeTestTask.java:155)
	at org.junit.platform.engine.support.hierarchical.ThrowableCollector.execute(ThrowableCollector.java:73)
	at org.junit.platform.engine.support.hierarchical.NodeTestTask.lambda$executeRecursively$8(NodeTestTask.java:141)
	at org.junit.platform.engine.support.hierarchical.Node.around(Node.java:137)
	at org.junit.platform.engine.support.hierarchical.NodeTestTask.lambda$executeRecursively$9(NodeTestTask.java:139)
	at org.junit.platform.engine.support.hierarchical.ThrowableCollector.execute(ThrowableCollector.java:73)
	at org.junit.platform.engine.support.hierarchical.NodeTestTask.executeRecursively(NodeTestTask.java:138)
	at org.junit.platform.engine.support.hierarchical.NodeTestTask.execute(NodeTestTask.java:95)
	at org.junit.platform.engine.support.hierarchical.SameThreadHierarchicalTestExecutorService.submit(SameThreadHierarchicalTestExecutorService.java:35)
	at org.junit.platform.engine.support.hierarchical.HierarchicalTestExecutor.execute(HierarchicalTestExecutor.java:57)
	at org.junit.platform.engine.support.hierarchical.HierarchicalTestEngine.execute(HierarchicalTestEngine.java:54)
	at org.junit.platform.launcher.core.EngineExecutionOrchestrator.execute(EngineExecutionOrchestrator.java:107)
	at org.junit.platform.launcher.core.EngineExecutionOrchestrator.execute(EngineExecutionOrchestrator.java:88)
	at org.junit.platform.launcher.core.EngineExecutionOrchestrator.lambda$execute$0(EngineExecutionOrchestrator.java:54)
	at org.junit.platform.launcher.core.EngineExecutionOrchestrator.withInterceptedStreams(EngineExecutionOrchestrator.java:67)
	at org.junit.platform.launcher.core.EngineExecutionOrchestrator.execute(EngineExecutionOrchestrator.java:52)
	at org.junit.platform.launcher.core.DefaultLauncher.execute(DefaultLauncher.java:114)
	at org.junit.platform.launcher.core.DefaultLauncher.execute(DefaultLauncher.java:86)
	at org.junit.platform.launcher.core.DefaultLauncherSession$DelegatingLauncher.execute(DefaultLauncherSession.java:86)
	at org.gradle.api.internal.tasks.testing.junitplatform.JUnitPlatformTestClassProcessor$CollectAllTestClassesExecutor.processAllTestClasses(JUnitPlatformTestClassProcessor.java:110)
	at org.gradle.api.internal.tasks.testing.junitplatform.JUnitPlatformTestClassProcessor$CollectAllTestClassesExecutor.access$000(JUnitPlatformTestClassProcessor.java:90)
	at org.gradle.api.internal.tasks.testing.junitplatform.JUnitPlatformTestClassProcessor.stop(JUnitPlatformTestClassProcessor.java:85)
	at org.gradle.api.internal.tasks.testing.SuiteTestClassProcessor.stop(SuiteTestClassProcessor.java:62)
	at java.base/jdk.internal.reflect.NativeMethodAccessorImpl.invoke0(Native Method)
	at java.base/jdk.internal.reflect.NativeMethodAccessorImpl.invoke(NativeMethodAccessorImpl.java:77)
	at java.base/jdk.internal.reflect.DelegatingMethodAccessorImpl.invoke(DelegatingMethodAccessorImpl.java:43)
	at java.base/java.lang.reflect.Method.invoke(Method.java:568)
	at org.gradle.internal.dispatch.ReflectionDispatch.dispatch(ReflectionDispatch.java:36)
	at org.gradle.internal.dispatch.ReflectionDispatch.dispatch(ReflectionDispatch.java:24)
	at org.gradle.internal.dispatch.ContextClassLoaderDispatch.dispatch(ContextClassLoaderDispatch.java:33)
	at org.gradle.internal.dispatch.ProxyDispatchAdapter$DispatchingInvocationHandler.invoke(ProxyDispatchAdapter.java:94)
	at jdk.proxy2/jdk.proxy2.$Proxy5.stop(Unknown Source)
	at org.gradle.api.internal.tasks.testing.worker.TestWorker$3.run(TestWorker.java:193)
	at org.gradle.api.internal.tasks.testing.worker.TestWorker.executeAndMaintainThreadName(TestWorker.java:129)
	at org.gradle.api.internal.tasks.testing.worker.TestWorker.execute(TestWorker.java:100)
	at org.gradle.api.internal.tasks.testing.worker.TestWorker.execute(TestWorker.java:60)
	at org.gradle.process.internal.worker.child.ActionExecutionWorker.execute(ActionExecutionWorker.java:56)
	at org.gradle.process.internal.worker.child.SystemApplicationClassLoaderWorker.call(SystemApplicationClassLoaderWorker.java:113)
	at org.gradle.process.internal.worker.child.SystemApplicationClassLoaderWorker.call(SystemApplicationClassLoaderWorker.java:65)
	at worker.org.gradle.process.internal.worker.GradleWorkerMain.run(GradleWorkerMain.java:69)
	at worker.org.gradle.process.internal.worker.GradleWorkerMain.main(GradleWorkerMain.java:74)
Caused by: java.lang.NullPointerException: Cannot invoke &quot;de.uka.ilkd.key.rule.Taclet.getChoices()&quot; because &quot;t&quot; is null
	at de.uka.ilkd.key.proof.init.InitConfig.fillActiveTacletCache(InitConfig.java:260)
	at de.uka.ilkd.key.proof.init.InitConfig.activatedTaclets(InitConfig.java:242)
	at de.uka.ilkd.key.proof.init.InitConfig.createTacletIndex(InitConfig.java:321)
	at de.uka.ilkd.key.rule.TacletForTests.parse(TacletForTests.java:82)
	... 91 more
</failure>
  </testcase>
  <system-out><![CDATA[]]></system-out>
  <system-err><![CDATA[90226      ERROR Test worker     d.u.i.k.j.KeYJPMapping    Duplicate registration of node: boolean, formerNode: /*@ pure @*/
boolean 
90230      ERROR Test worker     d.u.i.k.j.KeYJPMapping    Duplicate registration of node: Object, formerNode: java.lang.Object 
90230      ERROR Test worker     d.u.i.k.j.KeYJPMapping    Duplicate registration of node: Object, formerNode: java.lang.Object 
90231      ERROR Test worker     d.u.i.k.j.KeYJPMapping    Duplicate registration of node: Annotation, formerNode: Annotation 
90234      ERROR Test worker     d.u.i.k.j.KeYJPMapping    Duplicate registration of node: ArithmeticException, formerNode: ArithmeticException 
90235      ERROR Test worker     d.u.i.k.j.KeYJPMapping    Duplicate registration of node: ArrayIndexOutOfBoundsException, formerNode: ArrayIndexOutOfBoundsException 
90236      ERROR Test worker     d.u.i.k.j.KeYJPMapping    Duplicate registration of node: ArrayStoreException, formerNode: ArrayStoreException 
90238      ERROR Test worker     d.u.i.k.j.KeYJPMapping    Duplicate registration of node: AssertionError, formerNode: AssertionError 
90239      ERROR Test worker     d.u.i.k.j.KeYJPMapping    Duplicate registration of node: Character, formerNode: Character 
90240      ERROR Test worker     d.u.i.k.j.KeYJPMapping    Duplicate registration of node: Class, formerNode: java.lang.Class 
90240      ERROR Test worker     d.u.i.k.j.KeYJPMapping    Duplicate registration of node: Class, formerNode: java.lang.Class 
90241      ERROR Test worker     d.u.i.k.j.KeYJPMapping    Duplicate registration of node: ClassCastException, formerNode: ClassCastException 
90242      ERROR Test worker     d.u.i.k.j.KeYJPMapping    Duplicate registration of node: CloneNotSupportedException, formerNode: CloneNotSupportedException 
90243      ERROR Test worker     d.u.i.k.j.KeYJPMapping    Duplicate registration of node: Cloneable, formerNode: Cloneable 
90244      ERROR Test worker     d.u.i.k.j.KeYJPMapping    Duplicate registration of node: Comparable, formerNode: Comparable 
90245      ERROR Test worker     d.u.i.k.j.KeYJPMapping    Duplicate registration of node: Double, formerNode: Double 
90247      ERROR Test worker     d.u.i.k.j.KeYJPMapping    Duplicate registration of node: Enum, formerNode: java.lang.Enum 
90247      ERROR Test worker     d.u.i.k.j.KeYJPMapping    Duplicate registration of node: Enum, formerNode: java.lang.Enum 
90249      ERROR Test worker     d.u.i.k.j.KeYJPMapping    Duplicate registration of node: Error, formerNode: Error 
90251      ERROR Test worker     d.u.i.k.j.KeYJPMapping    Duplicate registration of node: Exception, formerNode: Exception 
90253      ERROR Test worker     d.u.i.k.j.KeYJPMapping    Duplicate registration of node: ExceptionInInitializerError, formerNode: java.lang.ExceptionInInitializerError 
90253      ERROR Test worker     d.u.i.k.j.KeYJPMapping    Duplicate registration of node: ExceptionInInitializerError, formerNode: java.lang.ExceptionInInitializerError 
90254      ERROR Test worker     d.u.i.k.j.KeYJPMapping    Duplicate registration of node: Float, formerNode: Float 
90255      ERROR Test worker     d.u.i.k.j.KeYJPMapping    Duplicate registration of node: IllegalArgumentException, formerNode: IllegalArgumentException 
90256      ERROR Test worker     d.u.i.k.j.KeYJPMapping    Duplicate registration of node: IndexOutOfBoundsException, formerNode: IndexOutOfBoundsException 
90270      ERROR Test worker     d.u.i.k.j.KeYJPMapping    Duplicate registration of node: Integer, formerNode: java.lang.Integer 
90270      ERROR Test worker     d.u.i.k.j.KeYJPMapping    Duplicate registration of node: Integer, formerNode: java.lang.Integer 
90272      ERROR Test worker     d.u.i.k.j.KeYJPMapping    Duplicate registration of node: InterruptedException, formerNode: InterruptedException 
90273      ERROR Test worker     d.u.i.k.j.KeYJPMapping    Duplicate registration of node: Iterable, formerNode: Iterable 
90274      ERROR Test worker     d.u.i.k.j.KeYJPMapping    Duplicate registration of node: LinkageError, formerNode: LinkageError 
90283      ERROR Test worker     d.u.i.k.j.KeYJPMapping    Duplicate registration of node: Math, formerNode: Math 
90284      ERROR Test worker     d.u.i.k.j.KeYJPMapping    Duplicate registration of node: NegativeArraySizeException, formerNode: NegativeArraySizeException 
90285      ERROR Test worker     d.u.i.k.j.KeYJPMapping    Duplicate registration of node: NoClassDefFoundError, formerNode: java.lang.NoClassDefFoundError 
90285      ERROR Test worker     d.u.i.k.j.KeYJPMapping    Duplicate registration of node: NoClassDefFoundError, formerNode: java.lang.NoClassDefFoundError 
90286      ERROR Test worker     d.u.i.k.j.KeYJPMapping    Duplicate registration of node: NullPointerException, formerNode: NullPointerException 
90287      ERROR Test worker     d.u.i.k.j.KeYJPMapping    Duplicate registration of node: Number, formerNode: Number 
90289      ERROR Test worker     d.u.i.k.j.KeYJPMapping    Duplicate registration of node: NumberFormatException, formerNode: NumberFormatException 
90290      ERROR Test worker     d.u.i.k.j.KeYJPMapping    Duplicate registration of node: VirtualMachineError, formerNode: VirtualMachineError 
90291      ERROR Test worker     d.u.i.k.j.KeYJPMapping    Duplicate registration of node: OutOfMemoryError, formerNode: OutOfMemoryError 
90292      ERROR Test worker     d.u.i.k.j.KeYJPMapping    Duplicate registration of node: Runnable, formerNode: Runnable 
90294      ERROR Test worker     d.u.i.k.j.KeYJPMapping    Duplicate registration of node: RuntimeException, formerNode: RuntimeException 
90294      ERROR Test worker     d.u.i.k.j.KeYJPMapping    Duplicate registration of node: /*@pure*/
int, formerNode: int 
90297      ERROR Test worker     d.u.i.k.j.KeYJPMapping    Duplicate registration of node: /*@ helper */
int, formerNode: int 
90297      ERROR Test worker     d.u.i.k.j.KeYJPMapping    Duplicate registration of node: /*@ helper */
boolean, formerNode: /*@ pure @*/
boolean 
90306      ERROR Test worker     d.u.i.k.j.KeYJPMapping    Duplicate registration of node: /*@ helper */
java.lang.String, formerNode: java.lang.String 
90315      ERROR Test worker     d.u.i.k.j.KeYJPMapping    Duplicate registration of node: String, formerNode: java.lang.String 
90333      ERROR Test worker     d.u.i.k.j.KeYJPMapping    Duplicate registration of node: String, formerNode: java.lang.String 
90335      ERROR Test worker     d.u.i.k.j.KeYJPMapping    Duplicate registration of node: char, formerNode: /*@ helper */
char 
90336      ERROR Test worker     d.u.i.k.j.KeYJPMapping    Duplicate registration of node: StringBuffer, formerNode: StringBuffer 
90339      ERROR Test worker     d.u.i.k.j.KeYJPMapping    Duplicate registration of node: System, formerNode: System 
90340      ERROR Test worker     d.u.i.k.j.KeYJPMapping    Duplicate registration of node: Thread, formerNode: Thread 
90343      ERROR Test worker     d.u.i.k.j.KeYJPMapping    Duplicate registration of node: Throwable, formerNode: java.lang.Throwable 
90343      ERROR Test worker     d.u.i.k.j.KeYJPMapping    Duplicate registration of node: Throwable, formerNode: java.lang.Throwable 
90348      ERROR Test worker     d.u.i.k.j.KeYJPMapping    Duplicate registration of node: Collection, formerNode: Collection 
90349      ERROR Test worker     d.u.i.k.j.KeYJPMapping    Duplicate registration of node: Iterator, formerNode: java.util.Iterator 
90349      ERROR Test worker     d.u.i.k.j.KeYJPMapping    Duplicate registration of node: Iterator, formerNode: java.util.Iterator 
90353      ERROR Test worker     d.u.i.k.j.KeYJPMapping    Duplicate registration of node: List, formerNode: java.util.List 
90353      ERROR Test worker     d.u.i.k.j.KeYJPMapping    Duplicate registration of node: List, formerNode: java.util.List 
90355      ERROR Test worker     d.u.i.k.j.KeYJPMapping    Duplicate registration of node: ListIterator, formerNode: java.util.ListIterator 
90356      ERROR Test worker     d.u.i.k.j.KeYJPMapping    Duplicate registration of node: ListIterator, formerNode: java.util.ListIterator 
90357      ERROR Test worker     d.u.i.k.j.KeYJPMapping    Duplicate registration of node: Long, formerNode: Long 
90360      ERROR Test worker     d.u.i.k.j.KeYJPMapping    Duplicate registration of node: Boolean, formerNode: Boolean 
90364      ERROR Test worker     d.u.i.k.j.KeYJPMapping    Duplicate registration of node: Map, formerNode: Map 
90369      ERROR Test worker     d.u.i.k.j.KeYJPMapping    Duplicate registration of node: Set, formerNode: java.util.Set 
90370      ERROR Test worker     d.u.i.k.j.KeYJPMapping    Duplicate registration of node: Set, formerNode: java.util.Set 
90371      ERROR Test worker     d.u.i.k.j.KeYJPMapping    Duplicate registration of node: FilterOutputStream, formerNode: FilterOutputStream 
90372      ERROR Test worker     d.u.i.k.j.KeYJPMapping    Duplicate registration of node: InputStream, formerNode: java.io.InputStream 
90372      ERROR Test worker     d.u.i.k.j.KeYJPMapping    Duplicate registration of node: InputStream, formerNode: java.io.InputStream 
90374      ERROR Test worker     d.u.i.k.j.KeYJPMapping    Duplicate registration of node: IOException, formerNode: IOException 
90375      ERROR Test worker     d.u.i.k.j.KeYJPMapping    Duplicate registration of node: OutputStream, formerNode: java.io.OutputStream 
90375      ERROR Test worker     d.u.i.k.j.KeYJPMapping    Duplicate registration of node: OutputStream, formerNode: java.io.OutputStream 
90381      ERROR Test worker     d.u.i.k.j.KeYJPMapping    Duplicate registration of node: PrintStream, formerNode: java.io.PrintStream 
90381      ERROR Test worker     d.u.i.k.j.KeYJPMapping    Duplicate registration of node: PrintStream, formerNode: java.io.PrintStream 
90382      ERROR Test worker     d.u.i.k.j.KeYJPMapping    Duplicate registration of node: Serializable, formerNode: Serializable 
90383      ERROR Test worker     d.u.i.k.j.KeYJPMapping    Duplicate registration of node: BigInteger, formerNode: java.math.BigInteger 
90385      ERROR Test worker     d.u.i.k.j.KeYJPMapping    Duplicate registration of node: BigInteger, formerNode: java.math.BigInteger 
90386      ERROR Test worker     d.u.i.k.j.KeYJPMapping    Duplicate registration of node: ArrayList, formerNode: ArrayList 
90389      ERROR Test worker     d.u.i.k.j.KeYJPMapping    Duplicate registration of node: byte[], formerNode: byte[] 
90413      ERROR Test worker     d.u.i.k.j.KeYJPMapping    Duplicate registration of node: Arrays, formerNode: Arrays 
90414      ERROR Test worker     d.u.i.k.j.KeYJPMapping    Duplicate registration of node: ListIteratorImpl, formerNode: ListIteratorImpl 
90415      ERROR Test worker     d.u.i.k.j.KeYJPMapping    Duplicate registration of node: Date, formerNode: Date 
90416      ERROR Test worker     d.u.i.k.j.KeYJPMapping    Duplicate registration of node: LinkedHashMap, formerNode: LinkedHashMap 
90417      ERROR Test worker     d.u.i.k.j.KeYJPMapping    Duplicate registration of node: /*@pure@*/
String, formerNode: /*@strictly_pure*/
java.lang.String 
90418      ERROR Test worker     d.u.i.k.j.KeYJPMapping    Duplicate registration of node: LinkedList, formerNode: LinkedList 
90436      INFO  Test worker     d.u.i.k.n.KeyIO           Parsing took 3 ms 
90436      DEBUG Test worker     d.u.i.k.n.KeyIO           Load declarations of de.uka.ilkd.key.nparser.KeyAst$File:  /home/runner/work/key/key/key.core/src/test/resources/testcase/../de/uka/ilkd/key/rule/testRuleMatch.txt:8#1 
90436      INFO  Test worker     d.u.i.k.n.KeyIO           MODE: declarations took 0 ms 
90437      DEBUG Test worker     d.u.i.k.n.KeyIO           MODE: 2nd degree decls took 1 
90487      ERROR Test worker     d.u.i.k.j.JavaService     Error in (line 1,col 11) Parse error. Found "}", expected one of  "," ";" "=" "@" "["
Problem stacktrace : 
  com.github.javaparser.GeneratedJavaParser.generateParseException(GeneratedJavaParser.java:18340)
  com.github.javaparser.GeneratedJavaParser.jj_consume_token(GeneratedJavaParser.java:18179)
  com.github.javaparser.GeneratedJavaParser.BlockStatement(GeneratedJavaParser.java:6611)
  com.github.javaparser.GeneratedJavaParser.Statements(GeneratedJavaParser.java:3114)
  com.github.javaparser.GeneratedJavaParser.Block(GeneratedJavaParser.java:6548)
  com.github.javaparser.GeneratedJavaParser.Statement(GeneratedJavaParser.java:6344)
  com.github.javaparser.GeneratedJavaParser.BlockStatement(GeneratedJavaParser.java:6727)
  com.github.javaparser.GeneratedJavaParser.Statements(GeneratedJavaParser.java:3114)
  com.github.javaparser.GeneratedJavaParser.Block(GeneratedJavaParser.java:6548)
  com.github.javaparser.GeneratedJavaParser.BlockParseStart(GeneratedJavaParser.java:9483)
  com.github.javaparser.JavaParser.parse(JavaParser.java:121)
  com.github.javaparser.JavaParser.parseBlock(JavaParser.java:313)
  de.uka.ilkd.key.java.JavaParserFactory.parseStatementBlock(JavaParserFactory.java:167)
  de.uka.ilkd.key.java.JavaService.recoderBlock(JavaService.java:782)
  de.uka.ilkd.key.java.JavaService.readBlock(JavaService.java:819)
  de.uka.ilkd.key.java.JavaService.readBlockWithProgramVariables(JavaService.java:875)
  de.uka.ilkd.key.nparser.builder.ExpressionBuilder.getJavaBlock(ExpressionBuilder.java:568)
  de.uka.ilkd.key.nparser.builder.ExpressionBuilder.visitModality_term(ExpressionBuilder.java:1074)
  de.uka.ilkd.key.nparser.KeYParser$Modality_termContext.accept(KeYParser.java:4623)
  org.antlr.v4.runtime.tree.AbstractParseTreeVisitor.visitChildren(AbstractParseTreeVisitor.java:46)
  de.uka.ilkd.key.nparser.KeYParserBaseVisitor.visitTerm60(KeYParserBaseVisitor.java:381)
  de.uka.ilkd.key.nparser.KeYParser$Term60Context.accept(KeYParser.java:4485)
  de.uka.ilkd.key.nparser.builder.AbstractBuilder.accept(AbstractBuilder.java:48)
  de.uka.ilkd.key.nparser.builder.DefaultBuilder.accept(DefaultBuilder.java:35)
  de.uka.ilkd.key.nparser.builder.ExpressionBuilder.visitConjunction_term(ExpressionBuilder.java:238)
  de.uka.ilkd.key.nparser.builder.ExpressionBuilder.visitConjunction_term(ExpressionBuilder.java:49)
  de.uka.ilkd.key.nparser.KeYParser$Conjunction_termContext.accept(KeYParser.java:4419)
  de.uka.ilkd.key.nparser.builder.AbstractBuilder.accept(AbstractBuilder.java:48)
  de.uka.ilkd.key.nparser.builder.DefaultBuilder.accept(DefaultBuilder.java:35)
  de.uka.ilkd.key.nparser.builder.ExpressionBuilder.visitDisjunction_term(ExpressionBuilder.java:229)
  de.uka.ilkd.key.nparser.builder.ExpressionBuilder.visitDisjunction_term(ExpressionBuilder.java:49)
  de.uka.ilkd.key.nparser.KeYParser$Disjunction_termContext.accept(KeYParser.java:4346)
  de.uka.ilkd.key.nparser.builder.AbstractBuilder.accept(AbstractBuilder.java:48)
  de.uka.ilkd.key.nparser.builder.DefaultBuilder.accept(DefaultBuilder.java:35)
  de.uka.ilkd.key.nparser.builder.ExpressionBuilder.visitImplication_term(ExpressionBuilder.java:222)
  de.uka.ilkd.key.nparser.builder.ExpressionBuilder.visitImplication_term(ExpressionBuilder.java:49)
  de.uka.ilkd.key.nparser.KeYParser$Implication_termContext.accept(KeYParser.java:4278)
  de.uka.ilkd.key.nparser.builder.AbstractBuilder.accept(AbstractBuilder.java:48)
  de.uka.ilkd.key.nparser.builder.DefaultBuilder.accept(DefaultBuilder.java:35)
  de.uka.ilkd.key.nparser.builder.ExpressionBuilder.visitEquivalence_term(ExpressionBuilder.java:198)
  de.uka.ilkd.key.nparser.builder.ExpressionBuilder.visitEquivalence_term(ExpressionBuilder.java:49)
  de.uka.ilkd.key.nparser.KeYParser$Equivalence_termContext.accept(KeYParser.java:4209)
  de.uka.ilkd.key.nparser.builder.AbstractBuilder.accept(AbstractBuilder.java:48)
  de.uka.ilkd.key.nparser.builder.DefaultBuilder.accept(DefaultBuilder.java:35)
  de.uka.ilkd.key.nparser.builder.ExpressionBuilder.visitElementary_update_term(ExpressionBuilder.java:188)
  de.uka.ilkd.key.nparser.builder.ExpressionBuilder.visitElementary_update_term(ExpressionBuilder.java:49)
  de.uka.ilkd.key.nparser.KeYParser$Elementary_update_termContext.accept(KeYParser.java:4142)
  de.uka.ilkd.key.nparser.builder.AbstractBuilder.lambda$mapOf$0(AbstractBuilder.java:124)
  java.base/java.util.stream.ReferencePipeline$3$1.accept(ReferencePipeline.java:197)
  java.base/java.util.ArrayList$ArrayListSpliterator.forEachRemaining(ArrayList.java:1625)
  java.base/java.util.stream.AbstractPipeline.copyInto(AbstractPipeline.java:509)
  java.base/java.util.stream.AbstractPipeline.wrapAndCopyInto(AbstractPipeline.java:499)
  java.base/java.util.stream.ReduceOps$ReduceOp.evaluateSequential(ReduceOps.java:921)
  java.base/java.util.stream.AbstractPipeline.evaluate(AbstractPipeline.java:234)
  java.base/java.util.stream.ReferencePipeline.collect(ReferencePipeline.java:682)
  de.uka.ilkd.key.nparser.builder.AbstractBuilder.mapOf(AbstractBuilder.java:124)
  de.uka.ilkd.key.nparser.builder.ExpressionBuilder.visitParallel_term(ExpressionBuilder.java:173)
  de.uka.ilkd.key.nparser.builder.ExpressionBuilder.visitParallel_term(ExpressionBuilder.java:49)
  de.uka.ilkd.key.nparser.KeYParser$Parallel_termContext.accept(KeYParser.java:4074)
  org.antlr.v4.runtime.tree.AbstractParseTreeVisitor.visitChildren(AbstractParseTreeVisitor.java:46)
  de.uka.ilkd.key.nparser.KeYParserBaseVisitor.visitTerm(KeYParserBaseVisitor.java:332)
  de.uka.ilkd.key.nparser.KeYParser$TermContext.accept(KeYParser.java:4020)
  de.uka.ilkd.key.nparser.builder.AbstractBuilder.accept(AbstractBuilder.java:48)
  de.uka.ilkd.key.nparser.builder.DefaultBuilder.accept(DefaultBuilder.java:35)
  de.uka.ilkd.key.nparser.builder.ExpressionBuilder.visitTermorseq(ExpressionBuilder.java:511)
  de.uka.ilkd.key.nparser.KeYParser$TermorseqContext.accept(KeYParser.java:8199)
  de.uka.ilkd.key.nparser.builder.AbstractBuilder.accept(AbstractBuilder.java:48)
  de.uka.ilkd.key.nparser.builder.DefaultBuilder.accept(DefaultBuilder.java:35)
  de.uka.ilkd.key.nparser.builder.TacletPBuilder.visitTaclet(TacletPBuilder.java:195)
  de.uka.ilkd.key.nparser.builder.TacletPBuilder.visitTaclet(TacletPBuilder.java:41)
  de.uka.ilkd.key.nparser.KeYParser$TacletContext.accept(KeYParser.java:7771)
  de.uka.ilkd.key.nparser.builder.AbstractBuilder.lambda$mapOf$0(AbstractBuilder.java:124)
  java.base/java.util.stream.ReferencePipeline$3$1.accept(ReferencePipeline.java:197)
  java.base/java.util.ArrayList$ArrayListSpliterator.forEachRemaining(ArrayList.java:1625)
  java.base/java.util.stream.AbstractPipeline.copyInto(AbstractPipeline.java:509)
  java.base/java.util.stream.AbstractPipeline.wrapAndCopyInto(AbstractPipeline.java:499)
  java.base/java.util.stream.ReduceOps$ReduceOp.evaluateSequential(ReduceOps.java:921)
  java.base/java.util.stream.AbstractPipeline.evaluate(AbstractPipeline.java:234)
  java.base/java.util.stream.ReferencePipeline.collect(ReferencePipeline.java:682)
  de.uka.ilkd.key.nparser.builder.AbstractBuilder.mapOf(AbstractBuilder.java:124)
  de.uka.ilkd.key.nparser.builder.TacletPBuilder.visitRulesOrAxioms(TacletPBuilder.java:95)
  de.uka.ilkd.key.nparser.KeYParser$RulesOrAxiomsContext.accept(KeYParser.java:10795)
  de.uka.ilkd.key.nparser.builder.AbstractBuilder.lambda$mapOf$0(AbstractBuilder.java:124)
  java.base/java.util.stream.ReferencePipeline$3$1.accept(ReferencePipeline.java:197)
  java.base/java.util.ArrayList$ArrayListSpliterator.forEachRemaining(ArrayList.java:1625)
  java.base/java.util.stream.AbstractPipeline.copyInto(AbstractPipeline.java:509)
  java.base/java.util.stream.AbstractPipeline.wrapAndCopyInto(AbstractPipeline.java:499)
  java.base/java.util.stream.ReduceOps$ReduceOp.evaluateSequential(ReduceOps.java:921)
  java.base/java.util.stream.AbstractPipeline.evaluate(AbstractPipeline.java:234)
  java.base/java.util.stream.ReferencePipeline.collect(ReferencePipeline.java:682)
  de.uka.ilkd.key.nparser.builder.AbstractBuilder.mapOf(AbstractBuilder.java:124)
  de.uka.ilkd.key.nparser.builder.TacletPBuilder.visitDecls(TacletPBuilder.java:76)
  de.uka.ilkd.key.nparser.KeYParser$DeclsContext.accept(KeYParser.java:515)
  org.antlr.v4.runtime.tree.AbstractParseTreeVisitor.visitChildren(AbstractParseTreeVisitor.java:46)
  de.uka.ilkd.key.nparser.KeYParserBaseVisitor.visitFile(KeYParserBaseVisitor.java:24)
  de.uka.ilkd.key.nparser.KeYParser$FileContext.accept(KeYParser.java:313)
  de.uka.ilkd.key.nparser.KeyAst.accept(KeyAst.java:43)
  de.uka.ilkd.key.nparser.KeyIO$Loader.loadTaclets(KeyIO.java:340)
  de.uka.ilkd.key.nparser.KeyIO$Loader.loadComplete(KeyIO.java:243)
  de.uka.ilkd.key.proof.io.KeYFileForTests.read(KeYFileForTests.java:53)
  de.uka.ilkd.key.proof.init.ProblemInitializer.readEnvInput(ProblemInitializer.java:323)
  de.uka.ilkd.key.proof.init.ProblemInitializer.prepare(ProblemInitializer.java:561)
  de.uka.ilkd.key.proof.init.ProblemInitializer.prepare(ProblemInitializer.java:471)
  de.uka.ilkd.key.rule.TacletForTests.parse(TacletForTests.java:80)
  de.uka.ilkd.key.rule.TacletForTests.parse(TacletForTests.java:125)
  de.uka.ilkd.key.rule.TacletForTests.parse(TacletForTests.java:129)
  de.uka.ilkd.key.rule.TestMatchTaclet.setUp(TestMatchTaclet.java:60)
  java.base/jdk.internal.reflect.NativeMethodAccessorImpl.invoke0(Native Method)
  java.base/jdk.internal.reflect.NativeMethodAccessorImpl.invoke(NativeMethodAccessorImpl.java:77)
  java.base/jdk.internal.reflect.DelegatingMethodAccessorImpl.invoke(DelegatingMethodAccessorImpl.java:43)
  java.base/java.lang.reflect.Method.invoke(Method.java:568)
  org.junit.platform.commons.util.ReflectionUtils.invokeMethod(ReflectionUtils.java:727)
  org.junit.jupiter.engine.execution.MethodInvocation.proceed(MethodInvocation.java:60)
  org.junit.jupiter.engine.execution.InvocationInterceptorChain$ValidatingInvocation.proceed(InvocationInterceptorChain.java:131)
  org.junit.jupiter.engine.extension.TimeoutExtension.intercept(TimeoutExtension.java:156)
  org.junit.jupiter.engine.extension.TimeoutExtension.interceptLifecycleMethod(TimeoutExtension.java:128)
  org.junit.jupiter.engine.extension.TimeoutExtension.interceptBeforeEachMethod(TimeoutExtension.java:78)
  org.junit.jupiter.engine.execution.InterceptingExecutableInvoker$ReflectiveInterceptorCall.lambda$ofVoidMethod$0(InterceptingExecutableInvoker.java:103)
  org.junit.jupiter.engine.execution.InterceptingExecutableInvoker.lambda$invoke$0(InterceptingExecutableInvoker.java:93)
  org.junit.jupiter.engine.execution.InvocationInterceptorChain$InterceptedInvocation.proceed(InvocationInterceptorChain.java:106)
  org.junit.jupiter.engine.execution.InvocationInterceptorChain.proceed(InvocationInterceptorChain.java:64)
  org.junit.jupiter.engine.execution.InvocationInterceptorChain.chainAndInvoke(InvocationInterceptorChain.java:45)
  org.junit.jupiter.engine.execution.InvocationInterceptorChain.invoke(InvocationInterceptorChain.java:37)
  org.junit.jupiter.engine.execution.InterceptingExecutableInvoker.invoke(InterceptingExecutableInvoker.java:92)
  org.junit.jupiter.engine.execution.InterceptingExecutableInvoker.invoke(InterceptingExecutableInvoker.java:86)
  org.junit.jupiter.engine.descriptor.ClassBasedTestDescriptor.invokeMethodInExtensionContext(ClassBasedTestDescriptor.java:520)
  org.junit.jupiter.engine.descriptor.ClassBasedTestDescriptor.lambda$synthesizeBeforeEachMethodAdapter$23(ClassBasedTestDescriptor.java:505)
  org.junit.jupiter.engine.descriptor.TestMethodTestDescriptor.lambda$invokeBeforeEachMethods$3(TestMethodTestDescriptor.java:174)
  org.junit.jupiter.engine.descriptor.TestMethodTestDescriptor.lambda$invokeBeforeMethodsOrCallbacksUntilExceptionOccurs$6(TestMethodTestDescriptor.java:202)
  org.junit.platform.engine.support.hierarchical.ThrowableCollector.execute(ThrowableCollector.java:73)
  org.junit.jupiter.engine.descriptor.TestMethodTestDescriptor.invokeBeforeMethodsOrCallbacksUntilExceptionOccurs(TestMethodTestDescriptor.java:202)
  org.junit.jupiter.engine.descriptor.TestMethodTestDescriptor.invokeBeforeEachMethods(TestMethodTestDescriptor.java:171)
  org.junit.jupiter.engine.descriptor.TestMethodTestDescriptor.execute(TestMethodTestDescriptor.java:134)
  org.junit.jupiter.engine.descriptor.TestMethodTestDescriptor.execute(TestMethodTestDescriptor.java:68)
  org.junit.platform.engine.support.hierarchical.NodeTestTask.lambda$executeRecursively$6(NodeTestTask.java:151)
  org.junit.platform.engine.support.hierarchical.ThrowableCollector.execute(ThrowableCollector.java:73)
  org.junit.platform.engine.support.hierarchical.NodeTestTask.lambda$executeRecursively$8(NodeTestTask.java:141)
  org.junit.platform.engine.support.hierarchical.Node.around(Node.java:137)
  org.junit.platform.engine.support.hierarchical.NodeTestTask.lambda$executeRecursively$9(NodeTestTask.java:139)
  org.junit.platform.engine.support.hierarchical.ThrowableCollector.execute(ThrowableCollector.java:73)
  org.junit.platform.engine.support.hierarchical.NodeTestTask.executeRecursively(NodeTestTask.java:138)
  org.junit.platform.engine.support.hierarchical.NodeTestTask.execute(NodeTestTask.java:95)
  java.base/java.util.ArrayList.forEach(ArrayList.java:1511)
  org.junit.platform.engine.support.hierarchical.SameThreadHierarchicalTestExecutorService.invokeAll(SameThreadHierarchicalTestExecutorService.java:41)
  org.junit.platform.engine.support.hierarchical.NodeTestTask.lambda$executeRecursively$6(NodeTestTask.java:155)
  org.junit.platform.engine.support.hierarchical.ThrowableCollector.execute(ThrowableCollector.java:73)
  org.junit.platform.engine.support.hierarchical.NodeTestTask.lambda$executeRecursively$8(NodeTestTask.java:141)
  org.junit.platform.engine.support.hierarchical.Node.around(Node.java:137)
  org.junit.platform.engine.support.hierarchical.NodeTestTask.lambda$executeRecursively$9(NodeTestTask.java:139)
  org.junit.platform.engine.support.hierarchical.ThrowableCollector.execute(ThrowableCollector.java:73)
  org.junit.platform.engine.support.hierarchical.NodeTestTask.executeRecursively(NodeTestTask.java:138)
  org.junit.platform.engine.support.hierarchical.NodeTestTask.execute(NodeTestTask.java:95)
  java.base/java.util.ArrayList.forEach(ArrayList.java:1511)
  org.junit.platform.engine.support.hierarchical.SameThreadHierarchicalTestExecutorService.invokeAll(SameThreadHierarchicalTestExecutorService.java:41)
  org.junit.platform.engine.support.hierarchical.NodeTestTask.lambda$executeRecursively$6(NodeTestTask.java:155)
  org.junit.platform.engine.support.hierarchical.ThrowableCollector.execute(ThrowableCollector.java:73)
  org.junit.platform.engine.support.hierarchical.NodeTestTask.lambda$executeRecursively$8(NodeTestTask.java:141)
  org.junit.platform.engine.support.hierarchical.Node.around(Node.java:137)
  org.junit.platform.engine.support.hierarchical.NodeTestTask.lambda$executeRecursively$9(NodeTestTask.java:139)
  org.junit.platform.engine.support.hierarchical.ThrowableCollector.execute(ThrowableCollector.java:73)
  org.junit.platform.engine.support.hierarchical.NodeTestTask.executeRecursively(NodeTestTask.java:138)
  org.junit.platform.engine.support.hierarchical.NodeTestTask.execute(NodeTestTask.java:95)
  org.junit.platform.engine.support.hierarchical.SameThreadHierarchicalTestExecutorService.submit(SameThreadHierarchicalTestExecutorService.java:35)
  org.junit.platform.engine.support.hierarchical.HierarchicalTestExecutor.execute(HierarchicalTestExecutor.java:57)
  org.junit.platform.engine.support.hierarchical.HierarchicalTestEngine.execute(HierarchicalTestEngine.java:54)
  org.junit.platform.launcher.core.EngineExecutionOrchestrator.execute(EngineExecutionOrchestrator.java:107)
  org.junit.platform.launcher.core.EngineExecutionOrchestrator.execute(EngineExecutionOrchestrator.java:88)
  org.junit.platform.launcher.core.EngineExecutionOrchestrator.lambda$execute$0(EngineExecutionOrchestrator.java:54)
  org.junit.platform.launcher.core.EngineExecutionOrchestrator.withInterceptedStreams(EngineExecutionOrchestrator.java:67)
  org.junit.platform.launcher.core.EngineExecutionOrchestrator.execute(EngineExecutionOrchestrator.java:52)
  org.junit.platform.launcher.core.DefaultLauncher.execute(DefaultLauncher.java:114)
  org.junit.platform.launcher.core.DefaultLauncher.execute(DefaultLauncher.java:86)
  org.junit.platform.launcher.core.DefaultLauncherSession$DelegatingLauncher.execute(DefaultLauncherSession.java:86)
  org.gradle.api.internal.tasks.testing.junitplatform.JUnitPlatformTestClassProcessor$CollectAllTestClassesExecutor.processAllTestClasses(JUnitPlatformTestClassProcessor.java:110)
  org.gradle.api.internal.tasks.testing.junitplatform.JUnitPlatformTestClassProcessor$CollectAllTestClassesExecutor.access$000(JUnitPlatformTestClassProcessor.java:90)
  org.gradle.api.internal.tasks.testing.junitplatform.JUnitPlatformTestClassProcessor.stop(JUnitPlatformTestClassProcessor.java:85)
  org.gradle.api.internal.tasks.testing.SuiteTestClassProcessor.stop(SuiteTestClassProcessor.java:62)
  java.base/jdk.internal.reflect.NativeMethodAccessorImpl.invoke0(Native Method)
  java.base/jdk.internal.reflect.NativeMethodAccessorImpl.invoke(NativeMethodAccessorImpl.java:77)
  java.base/jdk.internal.reflect.DelegatingMethodAccessorImpl.invoke(DelegatingMethodAccessorImpl.java:43)
  java.base/java.lang.reflect.Method.invoke(Method.java:568)
  org.gradle.internal.dispatch.ReflectionDispatch.dispatch(ReflectionDispatch.java:36)
  org.gradle.internal.dispatch.ReflectionDispatch.dispatch(ReflectionDispatch.java:24)
  org.gradle.internal.dispatch.ContextClassLoaderDispatch.dispatch(ContextClassLoaderDispatch.java:33)
  org.gradle.internal.dispatch.ProxyDispatchAdapter$DispatchingInvocationHandler.invoke(ProxyDispatchAdapter.java:94)
  jdk.proxy2/jdk.proxy2.$Proxy5.stop(Unknown Source)
  org.gradle.api.internal.tasks.testing.worker.TestWorker$3.run(TestWorker.java:193)
  org.gradle.api.internal.tasks.testing.worker.TestWorker.executeAndMaintainThreadName(TestWorker.java:129)
  org.gradle.api.internal.tasks.testing.worker.TestWorker.execute(TestWorker.java:100)
  org.gradle.api.internal.tasks.testing.worker.TestWorker.execute(TestWorker.java:60)
  org.gradle.process.internal.worker.child.ActionExecutionWorker.execute(ActionExecutionWorker.java:56)
  org.gradle.process.internal.worker.child.SystemApplicationClassLoaderWorker.call(SystemApplicationClassLoaderWorker.java:113)
  org.gradle.process.internal.worker.child.SystemApplicationClassLoaderWorker.call(SystemApplicationClassLoaderWorker.java:65)
  worker.org.gradle.process.internal.worker.GradleWorkerMain.run(GradleWorkerMain.java:69)
  worker.org.gradle.process.internal.worker.GradleWorkerMain.main(GradleWorkerMain.java:74). com.github.javaparser.ParseException: Encountered unexpected token: "}" "}"
    at line 1, column 22.

Was expecting one of:

    ","
    ";"
    "="
    "@"
    "["

	at com.github.javaparser.GeneratedJavaParser.generateParseException(GeneratedJavaParser.java:18340)

90509      ERROR Test worker     d.u.i.k.j.JavaService     Error in (line 1,col 11) Parse error. Found "}", expected one of  "," ";" "=" "@" "["
Problem stacktrace : 
  com.github.javaparser.GeneratedJavaParser.generateParseException(GeneratedJavaParser.java:18340)
  com.github.javaparser.GeneratedJavaParser.jj_consume_token(GeneratedJavaParser.java:18179)
  com.github.javaparser.GeneratedJavaParser.BlockStatement(GeneratedJavaParser.java:6611)
  com.github.javaparser.GeneratedJavaParser.Statements(GeneratedJavaParser.java:3114)
  com.github.javaparser.GeneratedJavaParser.Block(GeneratedJavaParser.java:6548)
  com.github.javaparser.GeneratedJavaParser.Statement(GeneratedJavaParser.java:6344)
  com.github.javaparser.GeneratedJavaParser.BlockStatement(GeneratedJavaParser.java:6727)
  com.github.javaparser.GeneratedJavaParser.Statements(GeneratedJavaParser.java:3114)
  com.github.javaparser.GeneratedJavaParser.Block(GeneratedJavaParser.java:6548)
  com.github.javaparser.GeneratedJavaParser.BlockParseStart(GeneratedJavaParser.java:9483)
  com.github.javaparser.JavaParser.parse(JavaParser.java:121)
  com.github.javaparser.JavaParser.parseBlock(JavaParser.java:313)
  de.uka.ilkd.key.java.JavaParserFactory.parseStatementBlock(JavaParserFactory.java:167)
  de.uka.ilkd.key.java.JavaService.recoderBlock(JavaService.java:782)
  de.uka.ilkd.key.java.JavaService.readBlock(JavaService.java:819)
  de.uka.ilkd.key.java.JavaService.readBlockWithEmptyContext(JavaService.java:854)
  de.uka.ilkd.key.nparser.builder.ExpressionBuilder.getJavaBlock(ExpressionBuilder.java:571)
  de.uka.ilkd.key.nparser.builder.ExpressionBuilder.visitModality_term(ExpressionBuilder.java:1074)
  de.uka.ilkd.key.nparser.KeYParser$Modality_termContext.accept(KeYParser.java:4623)
  org.antlr.v4.runtime.tree.AbstractParseTreeVisitor.visitChildren(AbstractParseTreeVisitor.java:46)
  de.uka.ilkd.key.nparser.KeYParserBaseVisitor.visitTerm60(KeYParserBaseVisitor.java:381)
  de.uka.ilkd.key.nparser.KeYParser$Term60Context.accept(KeYParser.java:4485)
  de.uka.ilkd.key.nparser.builder.AbstractBuilder.accept(AbstractBuilder.java:48)
  de.uka.ilkd.key.nparser.builder.DefaultBuilder.accept(DefaultBuilder.java:35)
  de.uka.ilkd.key.nparser.builder.ExpressionBuilder.visitConjunction_term(ExpressionBuilder.java:238)
  de.uka.ilkd.key.nparser.builder.ExpressionBuilder.visitConjunction_term(ExpressionBuilder.java:49)
  de.uka.ilkd.key.nparser.KeYParser$Conjunction_termContext.accept(KeYParser.java:4419)
  de.uka.ilkd.key.nparser.builder.AbstractBuilder.accept(AbstractBuilder.java:48)
  de.uka.ilkd.key.nparser.builder.DefaultBuilder.accept(DefaultBuilder.java:35)
  de.uka.ilkd.key.nparser.builder.ExpressionBuilder.visitDisjunction_term(ExpressionBuilder.java:229)
  de.uka.ilkd.key.nparser.builder.ExpressionBuilder.visitDisjunction_term(ExpressionBuilder.java:49)
  de.uka.ilkd.key.nparser.KeYParser$Disjunction_termContext.accept(KeYParser.java:4346)
  de.uka.ilkd.key.nparser.builder.AbstractBuilder.accept(AbstractBuilder.java:48)
  de.uka.ilkd.key.nparser.builder.DefaultBuilder.accept(DefaultBuilder.java:35)
  de.uka.ilkd.key.nparser.builder.ExpressionBuilder.visitImplication_term(ExpressionBuilder.java:222)
  de.uka.ilkd.key.nparser.builder.ExpressionBuilder.visitImplication_term(ExpressionBuilder.java:49)
  de.uka.ilkd.key.nparser.KeYParser$Implication_termContext.accept(KeYParser.java:4278)
  de.uka.ilkd.key.nparser.builder.AbstractBuilder.accept(AbstractBuilder.java:48)
  de.uka.ilkd.key.nparser.builder.DefaultBuilder.accept(DefaultBuilder.java:35)
  de.uka.ilkd.key.nparser.builder.ExpressionBuilder.visitEquivalence_term(ExpressionBuilder.java:198)
  de.uka.ilkd.key.nparser.builder.ExpressionBuilder.visitEquivalence_term(ExpressionBuilder.java:49)
  de.uka.ilkd.key.nparser.KeYParser$Equivalence_termContext.accept(KeYParser.java:4209)
  de.uka.ilkd.key.nparser.builder.AbstractBuilder.accept(AbstractBuilder.java:48)
  de.uka.ilkd.key.nparser.builder.DefaultBuilder.accept(DefaultBuilder.java:35)
  de.uka.ilkd.key.nparser.builder.ExpressionBuilder.visitElementary_update_term(ExpressionBuilder.java:188)
  de.uka.ilkd.key.nparser.builder.ExpressionBuilder.visitElementary_update_term(ExpressionBuilder.java:49)
  de.uka.ilkd.key.nparser.KeYParser$Elementary_update_termContext.accept(KeYParser.java:4142)
  de.uka.ilkd.key.nparser.builder.AbstractBuilder.lambda$mapOf$0(AbstractBuilder.java:124)
  java.base/java.util.stream.ReferencePipeline$3$1.accept(ReferencePipeline.java:197)
  java.base/java.util.ArrayList$ArrayListSpliterator.forEachRemaining(ArrayList.java:1625)
  java.base/java.util.stream.AbstractPipeline.copyInto(AbstractPipeline.java:509)
  java.base/java.util.stream.AbstractPipeline.wrapAndCopyInto(AbstractPipeline.java:499)
  java.base/java.util.stream.ReduceOps$ReduceOp.evaluateSequential(ReduceOps.java:921)
  java.base/java.util.stream.AbstractPipeline.evaluate(AbstractPipeline.java:234)
  java.base/java.util.stream.ReferencePipeline.collect(ReferencePipeline.java:682)
  de.uka.ilkd.key.nparser.builder.AbstractBuilder.mapOf(AbstractBuilder.java:124)
  de.uka.ilkd.key.nparser.builder.ExpressionBuilder.visitParallel_term(ExpressionBuilder.java:173)
  de.uka.ilkd.key.nparser.builder.ExpressionBuilder.visitParallel_term(ExpressionBuilder.java:49)
  de.uka.ilkd.key.nparser.KeYParser$Parallel_termContext.accept(KeYParser.java:4074)
  org.antlr.v4.runtime.tree.AbstractParseTreeVisitor.visitChildren(AbstractParseTreeVisitor.java:46)
  de.uka.ilkd.key.nparser.KeYParserBaseVisitor.visitTerm(KeYParserBaseVisitor.java:332)
  de.uka.ilkd.key.nparser.KeYParser$TermContext.accept(KeYParser.java:4020)
  de.uka.ilkd.key.nparser.builder.AbstractBuilder.accept(AbstractBuilder.java:48)
  de.uka.ilkd.key.nparser.builder.DefaultBuilder.accept(DefaultBuilder.java:35)
  de.uka.ilkd.key.nparser.builder.ExpressionBuilder.visitTermorseq(ExpressionBuilder.java:511)
  de.uka.ilkd.key.nparser.KeYParser$TermorseqContext.accept(KeYParser.java:8199)
  de.uka.ilkd.key.nparser.builder.AbstractBuilder.accept(AbstractBuilder.java:48)
  de.uka.ilkd.key.nparser.builder.DefaultBuilder.accept(DefaultBuilder.java:35)
  de.uka.ilkd.key.nparser.builder.TacletPBuilder.visitTaclet(TacletPBuilder.java:195)
  de.uka.ilkd.key.nparser.builder.TacletPBuilder.visitTaclet(TacletPBuilder.java:41)
  de.uka.ilkd.key.nparser.KeYParser$TacletContext.accept(KeYParser.java:7771)
  de.uka.ilkd.key.nparser.builder.AbstractBuilder.lambda$mapOf$0(AbstractBuilder.java:124)
  java.base/java.util.stream.ReferencePipeline$3$1.accept(ReferencePipeline.java:197)
  java.base/java.util.ArrayList$ArrayListSpliterator.forEachRemaining(ArrayList.java:1625)
  java.base/java.util.stream.AbstractPipeline.copyInto(AbstractPipeline.java:509)
  java.base/java.util.stream.AbstractPipeline.wrapAndCopyInto(AbstractPipeline.java:499)
  java.base/java.util.stream.ReduceOps$ReduceOp.evaluateSequential(ReduceOps.java:921)
  java.base/java.util.stream.AbstractPipeline.evaluate(AbstractPipeline.java:234)
  java.base/java.util.stream.ReferencePipeline.collect(ReferencePipeline.java:682)
  de.uka.ilkd.key.nparser.builder.AbstractBuilder.mapOf(AbstractBuilder.java:124)
  de.uka.ilkd.key.nparser.builder.TacletPBuilder.visitRulesOrAxioms(TacletPBuilder.java:95)
  de.uka.ilkd.key.nparser.KeYParser$RulesOrAxiomsContext.accept(KeYParser.java:10795)
  de.uka.ilkd.key.nparser.builder.AbstractBuilder.lambda$mapOf$0(AbstractBuilder.java:124)
  java.base/java.util.stream.ReferencePipeline$3$1.accept(ReferencePipeline.java:197)
  java.base/java.util.ArrayList$ArrayListSpliterator.forEachRemaining(ArrayList.java:1625)
  java.base/java.util.stream.AbstractPipeline.copyInto(AbstractPipeline.java:509)
  java.base/java.util.stream.AbstractPipeline.wrapAndCopyInto(AbstractPipeline.java:499)
  java.base/java.util.stream.ReduceOps$ReduceOp.evaluateSequential(ReduceOps.java:921)
  java.base/java.util.stream.AbstractPipeline.evaluate(AbstractPipeline.java:234)
  java.base/java.util.stream.ReferencePipeline.collect(ReferencePipeline.java:682)
  de.uka.ilkd.key.nparser.builder.AbstractBuilder.mapOf(AbstractBuilder.java:124)
  de.uka.ilkd.key.nparser.builder.TacletPBuilder.visitDecls(TacletPBuilder.java:76)
  de.uka.ilkd.key.nparser.KeYParser$DeclsContext.accept(KeYParser.java:515)
  org.antlr.v4.runtime.tree.AbstractParseTreeVisitor.visitChildren(AbstractParseTreeVisitor.java:46)
  de.uka.ilkd.key.nparser.KeYParserBaseVisitor.visitFile(KeYParserBaseVisitor.java:24)
  de.uka.ilkd.key.nparser.KeYParser$FileContext.accept(KeYParser.java:313)
  de.uka.ilkd.key.nparser.KeyAst.accept(KeyAst.java:43)
  de.uka.ilkd.key.nparser.KeyIO$Loader.loadTaclets(KeyIO.java:340)
  de.uka.ilkd.key.nparser.KeyIO$Loader.loadComplete(KeyIO.java:243)
  de.uka.ilkd.key.proof.io.KeYFileForTests.read(KeYFileForTests.java:53)
  de.uka.ilkd.key.proof.init.ProblemInitializer.readEnvInput(ProblemInitializer.java:323)
  de.uka.ilkd.key.proof.init.ProblemInitializer.prepare(ProblemInitializer.java:561)
  de.uka.ilkd.key.proof.init.ProblemInitializer.prepare(ProblemInitializer.java:471)
  de.uka.ilkd.key.rule.TacletForTests.parse(TacletForTests.java:80)
  de.uka.ilkd.key.rule.TacletForTests.parse(TacletForTests.java:125)
  de.uka.ilkd.key.rule.TacletForTests.parse(TacletForTests.java:129)
  de.uka.ilkd.key.rule.TestMatchTaclet.setUp(TestMatchTaclet.java:60)
  java.base/jdk.internal.reflect.NativeMethodAccessorImpl.invoke0(Native Method)
  java.base/jdk.internal.reflect.NativeMethodAccessorImpl.invoke(NativeMethodAccessorImpl.java:77)
  java.base/jdk.internal.reflect.DelegatingMethodAccessorImpl.invoke(DelegatingMethodAccessorImpl.java:43)
  java.base/java.lang.reflect.Method.invoke(Method.java:568)
  org.junit.platform.commons.util.ReflectionUtils.invokeMethod(ReflectionUtils.java:727)
  org.junit.jupiter.engine.execution.MethodInvocation.proceed(MethodInvocation.java:60)
  org.junit.jupiter.engine.execution.InvocationInterceptorChain$ValidatingInvocation.proceed(InvocationInterceptorChain.java:131)
  org.junit.jupiter.engine.extension.TimeoutExtension.intercept(TimeoutExtension.java:156)
  org.junit.jupiter.engine.extension.TimeoutExtension.interceptLifecycleMethod(TimeoutExtension.java:128)
  org.junit.jupiter.engine.extension.TimeoutExtension.interceptBeforeEachMethod(TimeoutExtension.java:78)
  org.junit.jupiter.engine.execution.InterceptingExecutableInvoker$ReflectiveInterceptorCall.lambda$ofVoidMethod$0(InterceptingExecutableInvoker.java:103)
  org.junit.jupiter.engine.execution.InterceptingExecutableInvoker.lambda$invoke$0(InterceptingExecutableInvoker.java:93)
  org.junit.jupiter.engine.execution.InvocationInterceptorChain$InterceptedInvocation.proceed(InvocationInterceptorChain.java:106)
  org.junit.jupiter.engine.execution.InvocationInterceptorChain.proceed(InvocationInterceptorChain.java:64)
  org.junit.jupiter.engine.execution.InvocationInterceptorChain.chainAndInvoke(InvocationInterceptorChain.java:45)
  org.junit.jupiter.engine.execution.InvocationInterceptorChain.invoke(InvocationInterceptorChain.java:37)
  org.junit.jupiter.engine.execution.InterceptingExecutableInvoker.invoke(InterceptingExecutableInvoker.java:92)
  org.junit.jupiter.engine.execution.InterceptingExecutableInvoker.invoke(InterceptingExecutableInvoker.java:86)
  org.junit.jupiter.engine.descriptor.ClassBasedTestDescriptor.invokeMethodInExtensionContext(ClassBasedTestDescriptor.java:520)
  org.junit.jupiter.engine.descriptor.ClassBasedTestDescriptor.lambda$synthesizeBeforeEachMethodAdapter$23(ClassBasedTestDescriptor.java:505)
  org.junit.jupiter.engine.descriptor.TestMethodTestDescriptor.lambda$invokeBeforeEachMethods$3(TestMethodTestDescriptor.java:174)
  org.junit.jupiter.engine.descriptor.TestMethodTestDescriptor.lambda$invokeBeforeMethodsOrCallbacksUntilExceptionOccurs$6(TestMethodTestDescriptor.java:202)
  org.junit.platform.engine.support.hierarchical.ThrowableCollector.execute(ThrowableCollector.java:73)
  org.junit.jupiter.engine.descriptor.TestMethodTestDescriptor.invokeBeforeMethodsOrCallbacksUntilExceptionOccurs(TestMethodTestDescriptor.java:202)
  org.junit.jupiter.engine.descriptor.TestMethodTestDescriptor.invokeBeforeEachMethods(TestMethodTestDescriptor.java:171)
  org.junit.jupiter.engine.descriptor.TestMethodTestDescriptor.execute(TestMethodTestDescriptor.java:134)
  org.junit.jupiter.engine.descriptor.TestMethodTestDescriptor.execute(TestMethodTestDescriptor.java:68)
  org.junit.platform.engine.support.hierarchical.NodeTestTask.lambda$executeRecursively$6(NodeTestTask.java:151)
  org.junit.platform.engine.support.hierarchical.ThrowableCollector.execute(ThrowableCollector.java:73)
  org.junit.platform.engine.support.hierarchical.NodeTestTask.lambda$executeRecursively$8(NodeTestTask.java:141)
  org.junit.platform.engine.support.hierarchical.Node.around(Node.java:137)
  org.junit.platform.engine.support.hierarchical.NodeTestTask.lambda$executeRecursively$9(NodeTestTask.java:139)
  org.junit.platform.engine.support.hierarchical.ThrowableCollector.execute(ThrowableCollector.java:73)
  org.junit.platform.engine.support.hierarchical.NodeTestTask.executeRecursively(NodeTestTask.java:138)
  org.junit.platform.engine.support.hierarchical.NodeTestTask.execute(NodeTestTask.java:95)
  java.base/java.util.ArrayList.forEach(ArrayList.java:1511)
  org.junit.platform.engine.support.hierarchical.SameThreadHierarchicalTestExecutorService.invokeAll(SameThreadHierarchicalTestExecutorService.java:41)
  org.junit.platform.engine.support.hierarchical.NodeTestTask.lambda$executeRecursively$6(NodeTestTask.java:155)
  org.junit.platform.engine.support.hierarchical.ThrowableCollector.execute(ThrowableCollector.java:73)
  org.junit.platform.engine.support.hierarchical.NodeTestTask.lambda$executeRecursively$8(NodeTestTask.java:141)
  org.junit.platform.engine.support.hierarchical.Node.around(Node.java:137)
  org.junit.platform.engine.support.hierarchical.NodeTestTask.lambda$executeRecursively$9(NodeTestTask.java:139)
  org.junit.platform.engine.support.hierarchical.ThrowableCollector.execute(ThrowableCollector.java:73)
  org.junit.platform.engine.support.hierarchical.NodeTestTask.executeRecursively(NodeTestTask.java:138)
  org.junit.platform.engine.support.hierarchical.NodeTestTask.execute(NodeTestTask.java:95)
  java.base/java.util.ArrayList.forEach(ArrayList.java:1511)
  org.junit.platform.engine.support.hierarchical.SameThreadHierarchicalTestExecutorService.invokeAll(SameThreadHierarchicalTestExecutorService.java:41)
  org.junit.platform.engine.support.hierarchical.NodeTestTask.lambda$executeRecursively$6(NodeTestTask.java:155)
  org.junit.platform.engine.support.hierarchical.ThrowableCollector.execute(ThrowableCollector.java:73)
  org.junit.platform.engine.support.hierarchical.NodeTestTask.lambda$executeRecursively$8(NodeTestTask.java:141)
  org.junit.platform.engine.support.hierarchical.Node.around(Node.java:137)
  org.junit.platform.engine.support.hierarchical.NodeTestTask.lambda$executeRecursively$9(NodeTestTask.java:139)
  org.junit.platform.engine.support.hierarchical.ThrowableCollector.execute(ThrowableCollector.java:73)
  org.junit.platform.engine.support.hierarchical.NodeTestTask.executeRecursively(NodeTestTask.java:138)
  org.junit.platform.engine.support.hierarchical.NodeTestTask.execute(NodeTestTask.java:95)
  org.junit.platform.engine.support.hierarchical.SameThreadHierarchicalTestExecutorService.submit(SameThreadHierarchicalTestExecutorService.java:35)
  org.junit.platform.engine.support.hierarchical.HierarchicalTestExecutor.execute(HierarchicalTestExecutor.java:57)
  org.junit.platform.engine.support.hierarchical.HierarchicalTestEngine.execute(HierarchicalTestEngine.java:54)
  org.junit.platform.launcher.core.EngineExecutionOrchestrator.execute(EngineExecutionOrchestrator.java:107)
  org.junit.platform.launcher.core.EngineExecutionOrchestrator.execute(EngineExecutionOrchestrator.java:88)
  org.junit.platform.launcher.core.EngineExecutionOrchestrator.lambda$execute$0(EngineExecutionOrchestrator.java:54)
  org.junit.platform.launcher.core.EngineExecutionOrchestrator.withInterceptedStreams(EngineExecutionOrchestrator.java:67)
  org.junit.platform.launcher.core.EngineExecutionOrchestrator.execute(EngineExecutionOrchestrator.java:52)
  org.junit.platform.launcher.core.DefaultLauncher.execute(DefaultLauncher.java:114)
  org.junit.platform.launcher.core.DefaultLauncher.execute(DefaultLauncher.java:86)
  org.junit.platform.launcher.core.DefaultLauncherSession$DelegatingLauncher.execute(DefaultLauncherSession.java:86)
  org.gradle.api.internal.tasks.testing.junitplatform.JUnitPlatformTestClassProcessor$CollectAllTestClassesExecutor.processAllTestClasses(JUnitPlatformTestClassProcessor.java:110)
  org.gradle.api.internal.tasks.testing.junitplatform.JUnitPlatformTestClassProcessor$CollectAllTestClassesExecutor.access$000(JUnitPlatformTestClassProcessor.java:90)
  org.gradle.api.internal.tasks.testing.junitplatform.JUnitPlatformTestClassProcessor.stop(JUnitPlatformTestClassProcessor.java:85)
  org.gradle.api.internal.tasks.testing.SuiteTestClassProcessor.stop(SuiteTestClassProcessor.java:62)
  java.base/jdk.internal.reflect.NativeMethodAccessorImpl.invoke0(Native Method)
  java.base/jdk.internal.reflect.NativeMethodAccessorImpl.invoke(NativeMethodAccessorImpl.java:77)
  java.base/jdk.internal.reflect.DelegatingMethodAccessorImpl.invoke(DelegatingMethodAccessorImpl.java:43)
  java.base/java.lang.reflect.Method.invoke(Method.java:568)
  org.gradle.internal.dispatch.ReflectionDispatch.dispatch(ReflectionDispatch.java:36)
  org.gradle.internal.dispatch.ReflectionDispatch.dispatch(ReflectionDispatch.java:24)
  org.gradle.internal.dispatch.ContextClassLoaderDispatch.dispatch(ContextClassLoaderDispatch.java:33)
  org.gradle.internal.dispatch.ProxyDispatchAdapter$DispatchingInvocationHandler.invoke(ProxyDispatchAdapter.java:94)
  jdk.proxy2/jdk.proxy2.$Proxy5.stop(Unknown Source)
  org.gradle.api.internal.tasks.testing.worker.TestWorker$3.run(TestWorker.java:193)
  org.gradle.api.internal.tasks.testing.worker.TestWorker.executeAndMaintainThreadName(TestWorker.java:129)
  org.gradle.api.internal.tasks.testing.worker.TestWorker.execute(TestWorker.java:100)
  org.gradle.api.internal.tasks.testing.worker.TestWorker.execute(TestWorker.java:60)
  org.gradle.process.internal.worker.child.ActionExecutionWorker.execute(ActionExecutionWorker.java:56)
  org.gradle.process.internal.worker.child.SystemApplicationClassLoaderWorker.call(SystemApplicationClassLoaderWorker.java:113)
  org.gradle.process.internal.worker.child.SystemApplicationClassLoaderWorker.call(SystemApplicationClassLoaderWorker.java:65)
  worker.org.gradle.process.internal.worker.GradleWorkerMain.run(GradleWorkerMain.java:69)
  worker.org.gradle.process.internal.worker.GradleWorkerMain.main(GradleWorkerMain.java:74). com.github.javaparser.ParseException: Encountered unexpected token: "}" "}"
    at line 1, column 22.

Was expecting one of:

    ","
    ";"
    "="
    "@"
    "["

	at com.github.javaparser.GeneratedJavaParser.generateParseException(GeneratedJavaParser.java:18340)

90510      ERROR Test worker     d.u.i.k.n.b.TacletPBuilder Error in parsing taclet. de.uka.ilkd.key.util.parsing.BuildingExceptions: Multiple errors occured
	at de.uka.ilkd.key.java.JavaService.reportErrors(JavaService.java:219)

90524      DEBUG Test worker     d.u.i.k.n.KeyIO           MODE: taclets took 87ms 
90739      ERROR Test worker     d.u.i.k.j.KeYJPMapping    Duplicate registration of node: boolean, formerNode: /*@ pure @*/
boolean 
90743      ERROR Test worker     d.u.i.k.j.KeYJPMapping    Duplicate registration of node: Object, formerNode: java.lang.Object 
90743      ERROR Test worker     d.u.i.k.j.KeYJPMapping    Duplicate registration of node: Object, formerNode: java.lang.Object 
90745      ERROR Test worker     d.u.i.k.j.KeYJPMapping    Duplicate registration of node: Annotation, formerNode: Annotation 
90747      ERROR Test worker     d.u.i.k.j.KeYJPMapping    Duplicate registration of node: ArithmeticException, formerNode: ArithmeticException 
90749      ERROR Test worker     d.u.i.k.j.KeYJPMapping    Duplicate registration of node: ArrayIndexOutOfBoundsException, formerNode: ArrayIndexOutOfBoundsException 
90750      ERROR Test worker     d.u.i.k.j.KeYJPMapping    Duplicate registration of node: ArrayStoreException, formerNode: ArrayStoreException 
90753      ERROR Test worker     d.u.i.k.j.KeYJPMapping    Duplicate registration of node: AssertionError, formerNode: AssertionError 
90759      ERROR Test worker     d.u.i.k.j.KeYJPMapping    Duplicate registration of node: Character, formerNode: Character 
90760      ERROR Test worker     d.u.i.k.j.KeYJPMapping    Duplicate registration of node: Class, formerNode: java.lang.Class 
90760      ERROR Test worker     d.u.i.k.j.KeYJPMapping    Duplicate registration of node: Class, formerNode: java.lang.Class 
90761      ERROR Test worker     d.u.i.k.j.KeYJPMapping    Duplicate registration of node: ClassCastException, formerNode: ClassCastException 
90763      ERROR Test worker     d.u.i.k.j.KeYJPMapping    Duplicate registration of node: CloneNotSupportedException, formerNode: CloneNotSupportedException 
90769      ERROR Test worker     d.u.i.k.j.KeYJPMapping    Duplicate registration of node: Cloneable, formerNode: Cloneable 
90770      ERROR Test worker     d.u.i.k.j.KeYJPMapping    Duplicate registration of node: Comparable, formerNode: Comparable 
90771      ERROR Test worker     d.u.i.k.j.KeYJPMapping    Duplicate registration of node: Double, formerNode: Double 
90773      ERROR Test worker     d.u.i.k.j.KeYJPMapping    Duplicate registration of node: Enum, formerNode: java.lang.Enum 
90774      ERROR Test worker     d.u.i.k.j.KeYJPMapping    Duplicate registration of node: Enum, formerNode: java.lang.Enum 
90777      ERROR Test worker     d.u.i.k.j.KeYJPMapping    Duplicate registration of node: Error, formerNode: Error 
90778      ERROR Test worker     d.u.i.k.j.KeYJPMapping    Duplicate registration of node: Exception, formerNode: Exception 
90780      ERROR Test worker     d.u.i.k.j.KeYJPMapping    Duplicate registration of node: ExceptionInInitializerError, formerNode: java.lang.ExceptionInInitializerError 
90781      ERROR Test worker     d.u.i.k.j.KeYJPMapping    Duplicate registration of node: ExceptionInInitializerError, formerNode: java.lang.ExceptionInInitializerError 
90781      ERROR Test worker     d.u.i.k.j.KeYJPMapping    Duplicate registration of node: Float, formerNode: Float 
90786      ERROR Test worker     d.u.i.k.j.KeYJPMapping    Duplicate registration of node: IllegalArgumentException, formerNode: IllegalArgumentException 
90787      ERROR Test worker     d.u.i.k.j.KeYJPMapping    Duplicate registration of node: IndexOutOfBoundsException, formerNode: IndexOutOfBoundsException 
90804      ERROR Test worker     d.u.i.k.j.KeYJPMapping    Duplicate registration of node: Integer, formerNode: java.lang.Integer 
90804      ERROR Test worker     d.u.i.k.j.KeYJPMapping    Duplicate registration of node: Integer, formerNode: java.lang.Integer 
90805      ERROR Test worker     d.u.i.k.j.KeYJPMapping    Duplicate registration of node: InterruptedException, formerNode: InterruptedException 
90806      ERROR Test worker     d.u.i.k.j.KeYJPMapping    Duplicate registration of node: Iterable, formerNode: Iterable 
90807      ERROR Test worker     d.u.i.k.j.KeYJPMapping    Duplicate registration of node: LinkageError, formerNode: LinkageError 
90817      ERROR Test worker     d.u.i.k.j.KeYJPMapping    Duplicate registration of node: Math, formerNode: Math 
90819      ERROR Test worker     d.u.i.k.j.KeYJPMapping    Duplicate registration of node: NegativeArraySizeException, formerNode: NegativeArraySizeException 
90820      ERROR Test worker     d.u.i.k.j.KeYJPMapping    Duplicate registration of node: NoClassDefFoundError, formerNode: java.lang.NoClassDefFoundError 
90821      ERROR Test worker     d.u.i.k.j.KeYJPMapping    Duplicate registration of node: NoClassDefFoundError, formerNode: java.lang.NoClassDefFoundError 
90822      ERROR Test worker     d.u.i.k.j.KeYJPMapping    Duplicate registration of node: NullPointerException, formerNode: NullPointerException 
90823      ERROR Test worker     d.u.i.k.j.KeYJPMapping    Duplicate registration of node: Number, formerNode: Number 
90825      ERROR Test worker     d.u.i.k.j.KeYJPMapping    Duplicate registration of node: NumberFormatException, formerNode: NumberFormatException 
90826      ERROR Test worker     d.u.i.k.j.KeYJPMapping    Duplicate registration of node: VirtualMachineError, formerNode: VirtualMachineError 
90830      ERROR Test worker     d.u.i.k.j.KeYJPMapping    Duplicate registration of node: OutOfMemoryError, formerNode: OutOfMemoryError 
90832      ERROR Test worker     d.u.i.k.j.KeYJPMapping    Duplicate registration of node: Runnable, formerNode: Runnable 
90834      ERROR Test worker     d.u.i.k.j.KeYJPMapping    Duplicate registration of node: RuntimeException, formerNode: RuntimeException 
90834      ERROR Test worker     d.u.i.k.j.KeYJPMapping    Duplicate registration of node: /*@pure*/
int, formerNode: int 
90838      ERROR Test worker     d.u.i.k.j.KeYJPMapping    Duplicate registration of node: /*@ helper */
int, formerNode: int 
90839      ERROR Test worker     d.u.i.k.j.KeYJPMapping    Duplicate registration of node: /*@ helper */
boolean, formerNode: /*@ pure @*/
boolean 
90849      ERROR Test worker     d.u.i.k.j.KeYJPMapping    Duplicate registration of node: /*@ helper */
java.lang.String, formerNode: java.lang.String 
90860      ERROR Test worker     d.u.i.k.j.KeYJPMapping    Duplicate registration of node: String, formerNode: java.lang.String 
90882      ERROR Test worker     d.u.i.k.j.KeYJPMapping    Duplicate registration of node: String, formerNode: java.lang.String 
90884      ERROR Test worker     d.u.i.k.j.KeYJPMapping    Duplicate registration of node: char, formerNode: /*@ helper */
char 
90886      ERROR Test worker     d.u.i.k.j.KeYJPMapping    Duplicate registration of node: StringBuffer, formerNode: StringBuffer 
90889      ERROR Test worker     d.u.i.k.j.KeYJPMapping    Duplicate registration of node: System, formerNode: System 
90890      ERROR Test worker     d.u.i.k.j.KeYJPMapping    Duplicate registration of node: Thread, formerNode: Thread 
90894      ERROR Test worker     d.u.i.k.j.KeYJPMapping    Duplicate registration of node: Throwable, formerNode: java.lang.Throwable 
90894      ERROR Test worker     d.u.i.k.j.KeYJPMapping    Duplicate registration of node: Throwable, formerNode: java.lang.Throwable 
90900      ERROR Test worker     d.u.i.k.j.KeYJPMapping    Duplicate registration of node: Collection, formerNode: Collection 
90901      ERROR Test worker     d.u.i.k.j.KeYJPMapping    Duplicate registration of node: Iterator, formerNode: java.util.Iterator 
90902      ERROR Test worker     d.u.i.k.j.KeYJPMapping    Duplicate registration of node: Iterator, formerNode: java.util.Iterator 
90906      ERROR Test worker     d.u.i.k.j.KeYJPMapping    Duplicate registration of node: List, formerNode: java.util.List 
90906      ERROR Test worker     d.u.i.k.j.KeYJPMapping    Duplicate registration of node: List, formerNode: java.util.List 
90909      ERROR Test worker     d.u.i.k.j.KeYJPMapping    Duplicate registration of node: ListIterator, formerNode: java.util.ListIterator 
90909      ERROR Test worker     d.u.i.k.j.KeYJPMapping    Duplicate registration of node: ListIterator, formerNode: java.util.ListIterator 
90911      ERROR Test worker     d.u.i.k.j.KeYJPMapping    Duplicate registration of node: Long, formerNode: Long 
90911      ERROR Test worker     d.u.i.k.j.KeYJPMapping    Duplicate registration of node: Boolean, formerNode: Boolean 
90916      ERROR Test worker     d.u.i.k.j.KeYJPMapping    Duplicate registration of node: Map, formerNode: Map 
90921      ERROR Test worker     d.u.i.k.j.KeYJPMapping    Duplicate registration of node: Set, formerNode: java.util.Set 
90922      ERROR Test worker     d.u.i.k.j.KeYJPMapping    Duplicate registration of node: Set, formerNode: java.util.Set 
90923      ERROR Test worker     d.u.i.k.j.KeYJPMapping    Duplicate registration of node: FilterOutputStream, formerNode: FilterOutputStream 
90924      ERROR Test worker     d.u.i.k.j.KeYJPMapping    Duplicate registration of node: InputStream, formerNode: java.io.InputStream 
90924      ERROR Test worker     d.u.i.k.j.KeYJPMapping    Duplicate registration of node: InputStream, formerNode: java.io.InputStream 
90928      ERROR Test worker     d.u.i.k.j.KeYJPMapping    Duplicate registration of node: IOException, formerNode: IOException 
90929      ERROR Test worker     d.u.i.k.j.KeYJPMapping    Duplicate registration of node: OutputStream, formerNode: java.io.OutputStream 
90930      ERROR Test worker     d.u.i.k.j.KeYJPMapping    Duplicate registration of node: OutputStream, formerNode: java.io.OutputStream 
90937      ERROR Test worker     d.u.i.k.j.KeYJPMapping    Duplicate registration of node: PrintStream, formerNode: java.io.PrintStream 
90937      ERROR Test worker     d.u.i.k.j.KeYJPMapping    Duplicate registration of node: PrintStream, formerNode: java.io.PrintStream 
90938      ERROR Test worker     d.u.i.k.j.KeYJPMapping    Duplicate registration of node: Serializable, formerNode: Serializable 
90939      ERROR Test worker     d.u.i.k.j.KeYJPMapping    Duplicate registration of node: BigInteger, formerNode: java.math.BigInteger 
90942      ERROR Test worker     d.u.i.k.j.KeYJPMapping    Duplicate registration of node: BigInteger, formerNode: java.math.BigInteger 
90947      ERROR Test worker     d.u.i.k.j.KeYJPMapping    Duplicate registration of node: ArrayList, formerNode: ArrayList 
90950      ERROR Test worker     d.u.i.k.j.KeYJPMapping    Duplicate registration of node: byte[], formerNode: byte[] 
90971      ERROR Test worker     d.u.i.k.j.KeYJPMapping    Duplicate registration of node: Arrays, formerNode: Arrays 
90972      ERROR Test worker     d.u.i.k.j.KeYJPMapping    Duplicate registration of node: ListIteratorImpl, formerNode: ListIteratorImpl 
90973      ERROR Test worker     d.u.i.k.j.KeYJPMapping    Duplicate registration of node: Date, formerNode: Date 
90974      ERROR Test worker     d.u.i.k.j.KeYJPMapping    Duplicate registration of node: LinkedHashMap, formerNode: LinkedHashMap 
90976      ERROR Test worker     d.u.i.k.j.KeYJPMapping    Duplicate registration of node: /*@pure@*/
String, formerNode: /*@strictly_pure*/
java.lang.String 
90976      ERROR Test worker     d.u.i.k.j.KeYJPMapping    Duplicate registration of node: LinkedList, formerNode: LinkedList 
90994      INFO  Test worker     d.u.i.k.n.KeyIO           Parsing took 2 ms 
90995      DEBUG Test worker     d.u.i.k.n.KeyIO           Load declarations of de.uka.ilkd.key.nparser.KeyAst$File:  /home/runner/work/key/key/key.core/src/test/resources/testcase/../de/uka/ilkd/key/rule/testRuleMatch.txt:8#1 
90995      INFO  Test worker     d.u.i.k.n.KeyIO           MODE: declarations took 0 ms 
90995      DEBUG Test worker     d.u.i.k.n.KeyIO           MODE: 2nd degree decls took 0 
91065      ERROR Test worker     d.u.i.k.j.JavaService     Error in (line 1,col 11) Parse error. Found "}", expected one of  "," ";" "=" "@" "["
Problem stacktrace : 
  com.github.javaparser.GeneratedJavaParser.generateParseException(GeneratedJavaParser.java:18340)
  com.github.javaparser.GeneratedJavaParser.jj_consume_token(GeneratedJavaParser.java:18179)
  com.github.javaparser.GeneratedJavaParser.BlockStatement(GeneratedJavaParser.java:6611)
  com.github.javaparser.GeneratedJavaParser.Statements(GeneratedJavaParser.java:3114)
  com.github.javaparser.GeneratedJavaParser.Block(GeneratedJavaParser.java:6548)
  com.github.javaparser.GeneratedJavaParser.Statement(GeneratedJavaParser.java:6344)
  com.github.javaparser.GeneratedJavaParser.BlockStatement(GeneratedJavaParser.java:6727)
  com.github.javaparser.GeneratedJavaParser.Statements(GeneratedJavaParser.java:3114)
  com.github.javaparser.GeneratedJavaParser.Block(GeneratedJavaParser.java:6548)
  com.github.javaparser.GeneratedJavaParser.BlockParseStart(GeneratedJavaParser.java:9483)
  com.github.javaparser.JavaParser.parse(JavaParser.java:121)
  com.github.javaparser.JavaParser.parseBlock(JavaParser.java:313)
  de.uka.ilkd.key.java.JavaParserFactory.parseStatementBlock(JavaParserFactory.java:167)
  de.uka.ilkd.key.java.JavaService.recoderBlock(JavaService.java:782)
  de.uka.ilkd.key.java.JavaService.readBlock(JavaService.java:819)
  de.uka.ilkd.key.java.JavaService.readBlockWithProgramVariables(JavaService.java:875)
  de.uka.ilkd.key.nparser.builder.ExpressionBuilder.getJavaBlock(ExpressionBuilder.java:568)
  de.uka.ilkd.key.nparser.builder.ExpressionBuilder.visitModality_term(ExpressionBuilder.java:1074)
  de.uka.ilkd.key.nparser.KeYParser$Modality_termContext.accept(KeYParser.java:4623)
  org.antlr.v4.runtime.tree.AbstractParseTreeVisitor.visitChildren(AbstractParseTreeVisitor.java:46)
  de.uka.ilkd.key.nparser.KeYParserBaseVisitor.visitTerm60(KeYParserBaseVisitor.java:381)
  de.uka.ilkd.key.nparser.KeYParser$Term60Context.accept(KeYParser.java:4485)
  de.uka.ilkd.key.nparser.builder.AbstractBuilder.accept(AbstractBuilder.java:48)
  de.uka.ilkd.key.nparser.builder.DefaultBuilder.accept(DefaultBuilder.java:35)
  de.uka.ilkd.key.nparser.builder.ExpressionBuilder.visitConjunction_term(ExpressionBuilder.java:238)
  de.uka.ilkd.key.nparser.builder.ExpressionBuilder.visitConjunction_term(ExpressionBuilder.java:49)
  de.uka.ilkd.key.nparser.KeYParser$Conjunction_termContext.accept(KeYParser.java:4419)
  de.uka.ilkd.key.nparser.builder.AbstractBuilder.accept(AbstractBuilder.java:48)
  de.uka.ilkd.key.nparser.builder.DefaultBuilder.accept(DefaultBuilder.java:35)
  de.uka.ilkd.key.nparser.builder.ExpressionBuilder.visitDisjunction_term(ExpressionBuilder.java:229)
  de.uka.ilkd.key.nparser.builder.ExpressionBuilder.visitDisjunction_term(ExpressionBuilder.java:49)
  de.uka.ilkd.key.nparser.KeYParser$Disjunction_termContext.accept(KeYParser.java:4346)
  de.uka.ilkd.key.nparser.builder.AbstractBuilder.accept(AbstractBuilder.java:48)
  de.uka.ilkd.key.nparser.builder.DefaultBuilder.accept(DefaultBuilder.java:35)
  de.uka.ilkd.key.nparser.builder.ExpressionBuilder.visitImplication_term(ExpressionBuilder.java:222)
  de.uka.ilkd.key.nparser.builder.ExpressionBuilder.visitImplication_term(ExpressionBuilder.java:49)
  de.uka.ilkd.key.nparser.KeYParser$Implication_termContext.accept(KeYParser.java:4278)
  de.uka.ilkd.key.nparser.builder.AbstractBuilder.accept(AbstractBuilder.java:48)
  de.uka.ilkd.key.nparser.builder.DefaultBuilder.accept(DefaultBuilder.java:35)
  de.uka.ilkd.key.nparser.builder.ExpressionBuilder.visitEquivalence_term(ExpressionBuilder.java:198)
  de.uka.ilkd.key.nparser.builder.ExpressionBuilder.visitEquivalence_term(ExpressionBuilder.java:49)
  de.uka.ilkd.key.nparser.KeYParser$Equivalence_termContext.accept(KeYParser.java:4209)
  de.uka.ilkd.key.nparser.builder.AbstractBuilder.accept(AbstractBuilder.java:48)
  de.uka.ilkd.key.nparser.builder.DefaultBuilder.accept(DefaultBuilder.java:35)
  de.uka.ilkd.key.nparser.builder.ExpressionBuilder.visitElementary_update_term(ExpressionBuilder.java:188)
  de.uka.ilkd.key.nparser.builder.ExpressionBuilder.visitElementary_update_term(ExpressionBuilder.java:49)
  de.uka.ilkd.key.nparser.KeYParser$Elementary_update_termContext.accept(KeYParser.java:4142)
  de.uka.ilkd.key.nparser.builder.AbstractBuilder.lambda$mapOf$0(AbstractBuilder.java:124)
  java.base/java.util.stream.ReferencePipeline$3$1.accept(ReferencePipeline.java:197)
  java.base/java.util.ArrayList$ArrayListSpliterator.forEachRemaining(ArrayList.java:1625)
  java.base/java.util.stream.AbstractPipeline.copyInto(AbstractPipeline.java:509)
  java.base/java.util.stream.AbstractPipeline.wrapAndCopyInto(AbstractPipeline.java:499)
  java.base/java.util.stream.ReduceOps$ReduceOp.evaluateSequential(ReduceOps.java:921)
  java.base/java.util.stream.AbstractPipeline.evaluate(AbstractPipeline.java:234)
  java.base/java.util.stream.ReferencePipeline.collect(ReferencePipeline.java:682)
  de.uka.ilkd.key.nparser.builder.AbstractBuilder.mapOf(AbstractBuilder.java:124)
  de.uka.ilkd.key.nparser.builder.ExpressionBuilder.visitParallel_term(ExpressionBuilder.java:173)
  de.uka.ilkd.key.nparser.builder.ExpressionBuilder.visitParallel_term(ExpressionBuilder.java:49)
  de.uka.ilkd.key.nparser.KeYParser$Parallel_termContext.accept(KeYParser.java:4074)
  org.antlr.v4.runtime.tree.AbstractParseTreeVisitor.visitChildren(AbstractParseTreeVisitor.java:46)
  de.uka.ilkd.key.nparser.KeYParserBaseVisitor.visitTerm(KeYParserBaseVisitor.java:332)
  de.uka.ilkd.key.nparser.KeYParser$TermContext.accept(KeYParser.java:4020)
  de.uka.ilkd.key.nparser.builder.AbstractBuilder.accept(AbstractBuilder.java:48)
  de.uka.ilkd.key.nparser.builder.DefaultBuilder.accept(DefaultBuilder.java:35)
  de.uka.ilkd.key.nparser.builder.ExpressionBuilder.visitTermorseq(ExpressionBuilder.java:511)
  de.uka.ilkd.key.nparser.KeYParser$TermorseqContext.accept(KeYParser.java:8199)
  de.uka.ilkd.key.nparser.builder.AbstractBuilder.accept(AbstractBuilder.java:48)
  de.uka.ilkd.key.nparser.builder.DefaultBuilder.accept(DefaultBuilder.java:35)
  de.uka.ilkd.key.nparser.builder.TacletPBuilder.visitTaclet(TacletPBuilder.java:195)
  de.uka.ilkd.key.nparser.builder.TacletPBuilder.visitTaclet(TacletPBuilder.java:41)
  de.uka.ilkd.key.nparser.KeYParser$TacletContext.accept(KeYParser.java:7771)
  de.uka.ilkd.key.nparser.builder.AbstractBuilder.lambda$mapOf$0(AbstractBuilder.java:124)
  java.base/java.util.stream.ReferencePipeline$3$1.accept(ReferencePipeline.java:197)
  java.base/java.util.ArrayList$ArrayListSpliterator.forEachRemaining(ArrayList.java:1625)
  java.base/java.util.stream.AbstractPipeline.copyInto(AbstractPipeline.java:509)
  java.base/java.util.stream.AbstractPipeline.wrapAndCopyInto(AbstractPipeline.java:499)
  java.base/java.util.stream.ReduceOps$ReduceOp.evaluateSequential(ReduceOps.java:921)
  java.base/java.util.stream.AbstractPipeline.evaluate(AbstractPipeline.java:234)
  java.base/java.util.stream.ReferencePipeline.collect(ReferencePipeline.java:682)
  de.uka.ilkd.key.nparser.builder.AbstractBuilder.mapOf(AbstractBuilder.java:124)
  de.uka.ilkd.key.nparser.builder.TacletPBuilder.visitRulesOrAxioms(TacletPBuilder.java:95)
  de.uka.ilkd.key.nparser.KeYParser$RulesOrAxiomsContext.accept(KeYParser.java:10795)
  de.uka.ilkd.key.nparser.builder.AbstractBuilder.lambda$mapOf$0(AbstractBuilder.java:124)
  java.base/java.util.stream.ReferencePipeline$3$1.accept(ReferencePipeline.java:197)
  java.base/java.util.ArrayList$ArrayListSpliterator.forEachRemaining(ArrayList.java:1625)
  java.base/java.util.stream.AbstractPipeline.copyInto(AbstractPipeline.java:509)
  java.base/java.util.stream.AbstractPipeline.wrapAndCopyInto(AbstractPipeline.java:499)
  java.base/java.util.stream.ReduceOps$ReduceOp.evaluateSequential(ReduceOps.java:921)
  java.base/java.util.stream.AbstractPipeline.evaluate(AbstractPipeline.java:234)
  java.base/java.util.stream.ReferencePipeline.collect(ReferencePipeline.java:682)
  de.uka.ilkd.key.nparser.builder.AbstractBuilder.mapOf(AbstractBuilder.java:124)
  de.uka.ilkd.key.nparser.builder.TacletPBuilder.visitDecls(TacletPBuilder.java:76)
  de.uka.ilkd.key.nparser.KeYParser$DeclsContext.accept(KeYParser.java:515)
  org.antlr.v4.runtime.tree.AbstractParseTreeVisitor.visitChildren(AbstractParseTreeVisitor.java:46)
  de.uka.ilkd.key.nparser.KeYParserBaseVisitor.visitFile(KeYParserBaseVisitor.java:24)
  de.uka.ilkd.key.nparser.KeYParser$FileContext.accept(KeYParser.java:313)
  de.uka.ilkd.key.nparser.KeyAst.accept(KeyAst.java:43)
  de.uka.ilkd.key.nparser.KeyIO$Loader.loadTaclets(KeyIO.java:340)
  de.uka.ilkd.key.nparser.KeyIO$Loader.loadComplete(KeyIO.java:243)
  de.uka.ilkd.key.proof.io.KeYFileForTests.read(KeYFileForTests.java:53)
  de.uka.ilkd.key.proof.init.ProblemInitializer.readEnvInput(ProblemInitializer.java:323)
  de.uka.ilkd.key.proof.init.ProblemInitializer.prepare(ProblemInitializer.java:561)
  de.uka.ilkd.key.proof.init.ProblemInitializer.prepare(ProblemInitializer.java:471)
  de.uka.ilkd.key.rule.TacletForTests.parse(TacletForTests.java:80)
  de.uka.ilkd.key.rule.TacletForTests.parse(TacletForTests.java:125)
  de.uka.ilkd.key.rule.TacletForTests.parse(TacletForTests.java:129)
  de.uka.ilkd.key.rule.TestMatchTaclet.setUp(TestMatchTaclet.java:60)
  java.base/jdk.internal.reflect.NativeMethodAccessorImpl.invoke0(Native Method)
  java.base/jdk.internal.reflect.NativeMethodAccessorImpl.invoke(NativeMethodAccessorImpl.java:77)
  java.base/jdk.internal.reflect.DelegatingMethodAccessorImpl.invoke(DelegatingMethodAccessorImpl.java:43)
  java.base/java.lang.reflect.Method.invoke(Method.java:568)
  org.junit.platform.commons.util.ReflectionUtils.invokeMethod(ReflectionUtils.java:727)
  org.junit.jupiter.engine.execution.MethodInvocation.proceed(MethodInvocation.java:60)
  org.junit.jupiter.engine.execution.InvocationInterceptorChain$ValidatingInvocation.proceed(InvocationInterceptorChain.java:131)
  org.junit.jupiter.engine.extension.TimeoutExtension.intercept(TimeoutExtension.java:156)
  org.junit.jupiter.engine.extension.TimeoutExtension.interceptLifecycleMethod(TimeoutExtension.java:128)
  org.junit.jupiter.engine.extension.TimeoutExtension.interceptBeforeEachMethod(TimeoutExtension.java:78)
  org.junit.jupiter.engine.execution.InterceptingExecutableInvoker$ReflectiveInterceptorCall.lambda$ofVoidMethod$0(InterceptingExecutableInvoker.java:103)
  org.junit.jupiter.engine.execution.InterceptingExecutableInvoker.lambda$invoke$0(InterceptingExecutableInvoker.java:93)
  org.junit.jupiter.engine.execution.InvocationInterceptorChain$InterceptedInvocation.proceed(InvocationInterceptorChain.java:106)
  org.junit.jupiter.engine.execution.InvocationInterceptorChain.proceed(InvocationInterceptorChain.java:64)
  org.junit.jupiter.engine.execution.InvocationInterceptorChain.chainAndInvoke(InvocationInterceptorChain.java:45)
  org.junit.jupiter.engine.execution.InvocationInterceptorChain.invoke(InvocationInterceptorChain.java:37)
  org.junit.jupiter.engine.execution.InterceptingExecutableInvoker.invoke(InterceptingExecutableInvoker.java:92)
  org.junit.jupiter.engine.execution.InterceptingExecutableInvoker.invoke(InterceptingExecutableInvoker.java:86)
  org.junit.jupiter.engine.descriptor.ClassBasedTestDescriptor.invokeMethodInExtensionContext(ClassBasedTestDescriptor.java:520)
  org.junit.jupiter.engine.descriptor.ClassBasedTestDescriptor.lambda$synthesizeBeforeEachMethodAdapter$23(ClassBasedTestDescriptor.java:505)
  org.junit.jupiter.engine.descriptor.TestMethodTestDescriptor.lambda$invokeBeforeEachMethods$3(TestMethodTestDescriptor.java:174)
  org.junit.jupiter.engine.descriptor.TestMethodTestDescriptor.lambda$invokeBeforeMethodsOrCallbacksUntilExceptionOccurs$6(TestMethodTestDescriptor.java:202)
  org.junit.platform.engine.support.hierarchical.ThrowableCollector.execute(ThrowableCollector.java:73)
  org.junit.jupiter.engine.descriptor.TestMethodTestDescriptor.invokeBeforeMethodsOrCallbacksUntilExceptionOccurs(TestMethodTestDescriptor.java:202)
  org.junit.jupiter.engine.descriptor.TestMethodTestDescriptor.invokeBeforeEachMethods(TestMethodTestDescriptor.java:171)
  org.junit.jupiter.engine.descriptor.TestMethodTestDescriptor.execute(TestMethodTestDescriptor.java:134)
  org.junit.jupiter.engine.descriptor.TestMethodTestDescriptor.execute(TestMethodTestDescriptor.java:68)
  org.junit.platform.engine.support.hierarchical.NodeTestTask.lambda$executeRecursively$6(NodeTestTask.java:151)
  org.junit.platform.engine.support.hierarchical.ThrowableCollector.execute(ThrowableCollector.java:73)
  org.junit.platform.engine.support.hierarchical.NodeTestTask.lambda$executeRecursively$8(NodeTestTask.java:141)
  org.junit.platform.engine.support.hierarchical.Node.around(Node.java:137)
  org.junit.platform.engine.support.hierarchical.NodeTestTask.lambda$executeRecursively$9(NodeTestTask.java:139)
  org.junit.platform.engine.support.hierarchical.ThrowableCollector.execute(ThrowableCollector.java:73)
  org.junit.platform.engine.support.hierarchical.NodeTestTask.executeRecursively(NodeTestTask.java:138)
  org.junit.platform.engine.support.hierarchical.NodeTestTask.execute(NodeTestTask.java:95)
  java.base/java.util.ArrayList.forEach(ArrayList.java:1511)
  org.junit.platform.engine.support.hierarchical.SameThreadHierarchicalTestExecutorService.invokeAll(SameThreadHierarchicalTestExecutorService.java:41)
  org.junit.platform.engine.support.hierarchical.NodeTestTask.lambda$executeRecursively$6(NodeTestTask.java:155)
  org.junit.platform.engine.support.hierarchical.ThrowableCollector.execute(ThrowableCollector.java:73)
  org.junit.platform.engine.support.hierarchical.NodeTestTask.lambda$executeRecursively$8(NodeTestTask.java:141)
  org.junit.platform.engine.support.hierarchical.Node.around(Node.java:137)
  org.junit.platform.engine.support.hierarchical.NodeTestTask.lambda$executeRecursively$9(NodeTestTask.java:139)
  org.junit.platform.engine.support.hierarchical.ThrowableCollector.execute(ThrowableCollector.java:73)
  org.junit.platform.engine.support.hierarchical.NodeTestTask.executeRecursively(NodeTestTask.java:138)
  org.junit.platform.engine.support.hierarchical.NodeTestTask.execute(NodeTestTask.java:95)
  java.base/java.util.ArrayList.forEach(ArrayList.java:1511)
  org.junit.platform.engine.support.hierarchical.SameThreadHierarchicalTestExecutorService.invokeAll(SameThreadHierarchicalTestExecutorService.java:41)
  org.junit.platform.engine.support.hierarchical.NodeTestTask.lambda$executeRecursively$6(NodeTestTask.java:155)
  org.junit.platform.engine.support.hierarchical.ThrowableCollector.execute(ThrowableCollector.java:73)
  org.junit.platform.engine.support.hierarchical.NodeTestTask.lambda$executeRecursively$8(NodeTestTask.java:141)
  org.junit.platform.engine.support.hierarchical.Node.around(Node.java:137)
  org.junit.platform.engine.support.hierarchical.NodeTestTask.lambda$executeRecursively$9(NodeTestTask.java:139)
  org.junit.platform.engine.support.hierarchical.ThrowableCollector.execute(ThrowableCollector.java:73)
  org.junit.platform.engine.support.hierarchical.NodeTestTask.executeRecursively(NodeTestTask.java:138)
  org.junit.platform.engine.support.hierarchical.NodeTestTask.execute(NodeTestTask.java:95)
  org.junit.platform.engine.support.hierarchical.SameThreadHierarchicalTestExecutorService.submit(SameThreadHierarchicalTestExecutorService.java:35)
  org.junit.platform.engine.support.hierarchical.HierarchicalTestExecutor.execute(HierarchicalTestExecutor.java:57)
  org.junit.platform.engine.support.hierarchical.HierarchicalTestEngine.execute(HierarchicalTestEngine.java:54)
  org.junit.platform.launcher.core.EngineExecutionOrchestrator.execute(EngineExecutionOrchestrator.java:107)
  org.junit.platform.launcher.core.EngineExecutionOrchestrator.execute(EngineExecutionOrchestrator.java:88)
  org.junit.platform.launcher.core.EngineExecutionOrchestrator.lambda$execute$0(EngineExecutionOrchestrator.java:54)
  org.junit.platform.launcher.core.EngineExecutionOrchestrator.withInterceptedStreams(EngineExecutionOrchestrator.java:67)
  org.junit.platform.launcher.core.EngineExecutionOrchestrator.execute(EngineExecutionOrchestrator.java:52)
  org.junit.platform.launcher.core.DefaultLauncher.execute(DefaultLauncher.java:114)
  org.junit.platform.launcher.core.DefaultLauncher.execute(DefaultLauncher.java:86)
  org.junit.platform.launcher.core.DefaultLauncherSession$DelegatingLauncher.execute(DefaultLauncherSession.java:86)
  org.gradle.api.internal.tasks.testing.junitplatform.JUnitPlatformTestClassProcessor$CollectAllTestClassesExecutor.processAllTestClasses(JUnitPlatformTestClassProcessor.java:110)
  org.gradle.api.internal.tasks.testing.junitplatform.JUnitPlatformTestClassProcessor$CollectAllTestClassesExecutor.access$000(JUnitPlatformTestClassProcessor.java:90)
  org.gradle.api.internal.tasks.testing.junitplatform.JUnitPlatformTestClassProcessor.stop(JUnitPlatformTestClassProcessor.java:85)
  org.gradle.api.internal.tasks.testing.SuiteTestClassProcessor.stop(SuiteTestClassProcessor.java:62)
  java.base/jdk.internal.reflect.NativeMethodAccessorImpl.invoke0(Native Method)
  java.base/jdk.internal.reflect.NativeMethodAccessorImpl.invoke(NativeMethodAccessorImpl.java:77)
  java.base/jdk.internal.reflect.DelegatingMethodAccessorImpl.invoke(DelegatingMethodAccessorImpl.java:43)
  java.base/java.lang.reflect.Method.invoke(Method.java:568)
  org.gradle.internal.dispatch.ReflectionDispatch.dispatch(ReflectionDispatch.java:36)
  org.gradle.internal.dispatch.ReflectionDispatch.dispatch(ReflectionDispatch.java:24)
  org.gradle.internal.dispatch.ContextClassLoaderDispatch.dispatch(ContextClassLoaderDispatch.java:33)
  org.gradle.internal.dispatch.ProxyDispatchAdapter$DispatchingInvocationHandler.invoke(ProxyDispatchAdapter.java:94)
  jdk.proxy2/jdk.proxy2.$Proxy5.stop(Unknown Source)
  org.gradle.api.internal.tasks.testing.worker.TestWorker$3.run(TestWorker.java:193)
  org.gradle.api.internal.tasks.testing.worker.TestWorker.executeAndMaintainThreadName(TestWorker.java:129)
  org.gradle.api.internal.tasks.testing.worker.TestWorker.execute(TestWorker.java:100)
  org.gradle.api.internal.tasks.testing.worker.TestWorker.execute(TestWorker.java:60)
  org.gradle.process.internal.worker.child.ActionExecutionWorker.execute(ActionExecutionWorker.java:56)
  org.gradle.process.internal.worker.child.SystemApplicationClassLoaderWorker.call(SystemApplicationClassLoaderWorker.java:113)
  org.gradle.process.internal.worker.child.SystemApplicationClassLoaderWorker.call(SystemApplicationClassLoaderWorker.java:65)
  worker.org.gradle.process.internal.worker.GradleWorkerMain.run(GradleWorkerMain.java:69)
  worker.org.gradle.process.internal.worker.GradleWorkerMain.main(GradleWorkerMain.java:74). com.github.javaparser.ParseException: Encountered unexpected token: "}" "}"
    at line 1, column 22.

Was expecting one of:

    ","
    ";"
    "="
    "@"
    "["

	at com.github.javaparser.GeneratedJavaParser.generateParseException(GeneratedJavaParser.java:18340)

91088      ERROR Test worker     d.u.i.k.j.JavaService     Error in (line 1,col 11) Parse error. Found "}", expected one of  "," ";" "=" "@" "["
Problem stacktrace : 
  com.github.javaparser.GeneratedJavaParser.generateParseException(GeneratedJavaParser.java:18340)
  com.github.javaparser.GeneratedJavaParser.jj_consume_token(GeneratedJavaParser.java:18179)
  com.github.javaparser.GeneratedJavaParser.BlockStatement(GeneratedJavaParser.java:6611)
  com.github.javaparser.GeneratedJavaParser.Statements(GeneratedJavaParser.java:3114)
  com.github.javaparser.GeneratedJavaParser.Block(GeneratedJavaParser.java:6548)
  com.github.javaparser.GeneratedJavaParser.Statement(GeneratedJavaParser.java:6344)
  com.github.javaparser.GeneratedJavaParser.BlockStatement(GeneratedJavaParser.java:6727)
  com.github.javaparser.GeneratedJavaParser.Statements(GeneratedJavaParser.java:3114)
  com.github.javaparser.GeneratedJavaParser.Block(GeneratedJavaParser.java:6548)
  com.github.javaparser.GeneratedJavaParser.BlockParseStart(GeneratedJavaParser.java:9483)
  com.github.javaparser.JavaParser.parse(JavaParser.java:121)
  com.github.javaparser.JavaParser.parseBlock(JavaParser.java:313)
  de.uka.ilkd.key.java.JavaParserFactory.parseStatementBlock(JavaParserFactory.java:167)
  de.uka.ilkd.key.java.JavaService.recoderBlock(JavaService.java:782)
  de.uka.ilkd.key.java.JavaService.readBlock(JavaService.java:819)
  de.uka.ilkd.key.java.JavaService.readBlockWithEmptyContext(JavaService.java:854)
  de.uka.ilkd.key.nparser.builder.ExpressionBuilder.getJavaBlock(ExpressionBuilder.java:571)
  de.uka.ilkd.key.nparser.builder.ExpressionBuilder.visitModality_term(ExpressionBuilder.java:1074)
  de.uka.ilkd.key.nparser.KeYParser$Modality_termContext.accept(KeYParser.java:4623)
  org.antlr.v4.runtime.tree.AbstractParseTreeVisitor.visitChildren(AbstractParseTreeVisitor.java:46)
  de.uka.ilkd.key.nparser.KeYParserBaseVisitor.visitTerm60(KeYParserBaseVisitor.java:381)
  de.uka.ilkd.key.nparser.KeYParser$Term60Context.accept(KeYParser.java:4485)
  de.uka.ilkd.key.nparser.builder.AbstractBuilder.accept(AbstractBuilder.java:48)
  de.uka.ilkd.key.nparser.builder.DefaultBuilder.accept(DefaultBuilder.java:35)
  de.uka.ilkd.key.nparser.builder.ExpressionBuilder.visitConjunction_term(ExpressionBuilder.java:238)
  de.uka.ilkd.key.nparser.builder.ExpressionBuilder.visitConjunction_term(ExpressionBuilder.java:49)
  de.uka.ilkd.key.nparser.KeYParser$Conjunction_termContext.accept(KeYParser.java:4419)
  de.uka.ilkd.key.nparser.builder.AbstractBuilder.accept(AbstractBuilder.java:48)
  de.uka.ilkd.key.nparser.builder.DefaultBuilder.accept(DefaultBuilder.java:35)
  de.uka.ilkd.key.nparser.builder.ExpressionBuilder.visitDisjunction_term(ExpressionBuilder.java:229)
  de.uka.ilkd.key.nparser.builder.ExpressionBuilder.visitDisjunction_term(ExpressionBuilder.java:49)
  de.uka.ilkd.key.nparser.KeYParser$Disjunction_termContext.accept(KeYParser.java:4346)
  de.uka.ilkd.key.nparser.builder.AbstractBuilder.accept(AbstractBuilder.java:48)
  de.uka.ilkd.key.nparser.builder.DefaultBuilder.accept(DefaultBuilder.java:35)
  de.uka.ilkd.key.nparser.builder.ExpressionBuilder.visitImplication_term(ExpressionBuilder.java:222)
  de.uka.ilkd.key.nparser.builder.ExpressionBuilder.visitImplication_term(ExpressionBuilder.java:49)
  de.uka.ilkd.key.nparser.KeYParser$Implication_termContext.accept(KeYParser.java:4278)
  de.uka.ilkd.key.nparser.builder.AbstractBuilder.accept(AbstractBuilder.java:48)
  de.uka.ilkd.key.nparser.builder.DefaultBuilder.accept(DefaultBuilder.java:35)
  de.uka.ilkd.key.nparser.builder.ExpressionBuilder.visitEquivalence_term(ExpressionBuilder.java:198)
  de.uka.ilkd.key.nparser.builder.ExpressionBuilder.visitEquivalence_term(ExpressionBuilder.java:49)
  de.uka.ilkd.key.nparser.KeYParser$Equivalence_termContext.accept(KeYParser.java:4209)
  de.uka.ilkd.key.nparser.builder.AbstractBuilder.accept(AbstractBuilder.java:48)
  de.uka.ilkd.key.nparser.builder.DefaultBuilder.accept(DefaultBuilder.java:35)
  de.uka.ilkd.key.nparser.builder.ExpressionBuilder.visitElementary_update_term(ExpressionBuilder.java:188)
  de.uka.ilkd.key.nparser.builder.ExpressionBuilder.visitElementary_update_term(ExpressionBuilder.java:49)
  de.uka.ilkd.key.nparser.KeYParser$Elementary_update_termContext.accept(KeYParser.java:4142)
  de.uka.ilkd.key.nparser.builder.AbstractBuilder.lambda$mapOf$0(AbstractBuilder.java:124)
  java.base/java.util.stream.ReferencePipeline$3$1.accept(ReferencePipeline.java:197)
  java.base/java.util.ArrayList$ArrayListSpliterator.forEachRemaining(ArrayList.java:1625)
  java.base/java.util.stream.AbstractPipeline.copyInto(AbstractPipeline.java:509)
  java.base/java.util.stream.AbstractPipeline.wrapAndCopyInto(AbstractPipeline.java:499)
  java.base/java.util.stream.ReduceOps$ReduceOp.evaluateSequential(ReduceOps.java:921)
  java.base/java.util.stream.AbstractPipeline.evaluate(AbstractPipeline.java:234)
  java.base/java.util.stream.ReferencePipeline.collect(ReferencePipeline.java:682)
  de.uka.ilkd.key.nparser.builder.AbstractBuilder.mapOf(AbstractBuilder.java:124)
  de.uka.ilkd.key.nparser.builder.ExpressionBuilder.visitParallel_term(ExpressionBuilder.java:173)
  de.uka.ilkd.key.nparser.builder.ExpressionBuilder.visitParallel_term(ExpressionBuilder.java:49)
  de.uka.ilkd.key.nparser.KeYParser$Parallel_termContext.accept(KeYParser.java:4074)
  org.antlr.v4.runtime.tree.AbstractParseTreeVisitor.visitChildren(AbstractParseTreeVisitor.java:46)
  de.uka.ilkd.key.nparser.KeYParserBaseVisitor.visitTerm(KeYParserBaseVisitor.java:332)
  de.uka.ilkd.key.nparser.KeYParser$TermContext.accept(KeYParser.java:4020)
  de.uka.ilkd.key.nparser.builder.AbstractBuilder.accept(AbstractBuilder.java:48)
  de.uka.ilkd.key.nparser.builder.DefaultBuilder.accept(DefaultBuilder.java:35)
  de.uka.ilkd.key.nparser.builder.ExpressionBuilder.visitTermorseq(ExpressionBuilder.java:511)
  de.uka.ilkd.key.nparser.KeYParser$TermorseqContext.accept(KeYParser.java:8199)
  de.uka.ilkd.key.nparser.builder.AbstractBuilder.accept(AbstractBuilder.java:48)
  de.uka.ilkd.key.nparser.builder.DefaultBuilder.accept(DefaultBuilder.java:35)
  de.uka.ilkd.key.nparser.builder.TacletPBuilder.visitTaclet(TacletPBuilder.java:195)
  de.uka.ilkd.key.nparser.builder.TacletPBuilder.visitTaclet(TacletPBuilder.java:41)
  de.uka.ilkd.key.nparser.KeYParser$TacletContext.accept(KeYParser.java:7771)
  de.uka.ilkd.key.nparser.builder.AbstractBuilder.lambda$mapOf$0(AbstractBuilder.java:124)
  java.base/java.util.stream.ReferencePipeline$3$1.accept(ReferencePipeline.java:197)
  java.base/java.util.ArrayList$ArrayListSpliterator.forEachRemaining(ArrayList.java:1625)
  java.base/java.util.stream.AbstractPipeline.copyInto(AbstractPipeline.java:509)
  java.base/java.util.stream.AbstractPipeline.wrapAndCopyInto(AbstractPipeline.java:499)
  java.base/java.util.stream.ReduceOps$ReduceOp.evaluateSequential(ReduceOps.java:921)
  java.base/java.util.stream.AbstractPipeline.evaluate(AbstractPipeline.java:234)
  java.base/java.util.stream.ReferencePipeline.collect(ReferencePipeline.java:682)
  de.uka.ilkd.key.nparser.builder.AbstractBuilder.mapOf(AbstractBuilder.java:124)
  de.uka.ilkd.key.nparser.builder.TacletPBuilder.visitRulesOrAxioms(TacletPBuilder.java:95)
  de.uka.ilkd.key.nparser.KeYParser$RulesOrAxiomsContext.accept(KeYParser.java:10795)
  de.uka.ilkd.key.nparser.builder.AbstractBuilder.lambda$mapOf$0(AbstractBuilder.java:124)
  java.base/java.util.stream.ReferencePipeline$3$1.accept(ReferencePipeline.java:197)
  java.base/java.util.ArrayList$ArrayListSpliterator.forEachRemaining(ArrayList.java:1625)
  java.base/java.util.stream.AbstractPipeline.copyInto(AbstractPipeline.java:509)
  java.base/java.util.stream.AbstractPipeline.wrapAndCopyInto(AbstractPipeline.java:499)
  java.base/java.util.stream.ReduceOps$ReduceOp.evaluateSequential(ReduceOps.java:921)
  java.base/java.util.stream.AbstractPipeline.evaluate(AbstractPipeline.java:234)
  java.base/java.util.stream.ReferencePipeline.collect(ReferencePipeline.java:682)
  de.uka.ilkd.key.nparser.builder.AbstractBuilder.mapOf(AbstractBuilder.java:124)
  de.uka.ilkd.key.nparser.builder.TacletPBuilder.visitDecls(TacletPBuilder.java:76)
  de.uka.ilkd.key.nparser.KeYParser$DeclsContext.accept(KeYParser.java:515)
  org.antlr.v4.runtime.tree.AbstractParseTreeVisitor.visitChildren(AbstractParseTreeVisitor.java:46)
  de.uka.ilkd.key.nparser.KeYParserBaseVisitor.visitFile(KeYParserBaseVisitor.java:24)
  de.uka.ilkd.key.nparser.KeYParser$FileContext.accept(KeYParser.java:313)
  de.uka.ilkd.key.nparser.KeyAst.accept(KeyAst.java:43)
  de.uka.ilkd.key.nparser.KeyIO$Loader.loadTaclets(KeyIO.java:340)
  de.uka.ilkd.key.nparser.KeyIO$Loader.loadComplete(KeyIO.java:243)
  de.uka.ilkd.key.proof.io.KeYFileForTests.read(KeYFileForTests.java:53)
  de.uka.ilkd.key.proof.init.ProblemInitializer.readEnvInput(ProblemInitializer.java:323)
  de.uka.ilkd.key.proof.init.ProblemInitializer.prepare(ProblemInitializer.java:561)
  de.uka.ilkd.key.proof.init.ProblemInitializer.prepare(ProblemInitializer.java:471)
  de.uka.ilkd.key.rule.TacletForTests.parse(TacletForTests.java:80)
  de.uka.ilkd.key.rule.TacletForTests.parse(TacletForTests.java:125)
  de.uka.ilkd.key.rule.TacletForTests.parse(TacletForTests.java:129)
  de.uka.ilkd.key.rule.TestMatchTaclet.setUp(TestMatchTaclet.java:60)
  java.base/jdk.internal.reflect.NativeMethodAccessorImpl.invoke0(Native Method)
  java.base/jdk.internal.reflect.NativeMethodAccessorImpl.invoke(NativeMethodAccessorImpl.java:77)
  java.base/jdk.internal.reflect.DelegatingMethodAccessorImpl.invoke(DelegatingMethodAccessorImpl.java:43)
  java.base/java.lang.reflect.Method.invoke(Method.java:568)
  org.junit.platform.commons.util.ReflectionUtils.invokeMethod(ReflectionUtils.java:727)
  org.junit.jupiter.engine.execution.MethodInvocation.proceed(MethodInvocation.java:60)
  org.junit.jupiter.engine.execution.InvocationInterceptorChain$ValidatingInvocation.proceed(InvocationInterceptorChain.java:131)
  org.junit.jupiter.engine.extension.TimeoutExtension.intercept(TimeoutExtension.java:156)
  org.junit.jupiter.engine.extension.TimeoutExtension.interceptLifecycleMethod(TimeoutExtension.java:128)
  org.junit.jupiter.engine.extension.TimeoutExtension.interceptBeforeEachMethod(TimeoutExtension.java:78)
  org.junit.jupiter.engine.execution.InterceptingExecutableInvoker$ReflectiveInterceptorCall.lambda$ofVoidMethod$0(InterceptingExecutableInvoker.java:103)
  org.junit.jupiter.engine.execution.InterceptingExecutableInvoker.lambda$invoke$0(InterceptingExecutableInvoker.java:93)
  org.junit.jupiter.engine.execution.InvocationInterceptorChain$InterceptedInvocation.proceed(InvocationInterceptorChain.java:106)
  org.junit.jupiter.engine.execution.InvocationInterceptorChain.proceed(InvocationInterceptorChain.java:64)
  org.junit.jupiter.engine.execution.InvocationInterceptorChain.chainAndInvoke(InvocationInterceptorChain.java:45)
  org.junit.jupiter.engine.execution.InvocationInterceptorChain.invoke(InvocationInterceptorChain.java:37)
  org.junit.jupiter.engine.execution.InterceptingExecutableInvoker.invoke(InterceptingExecutableInvoker.java:92)
  org.junit.jupiter.engine.execution.InterceptingExecutableInvoker.invoke(InterceptingExecutableInvoker.java:86)
  org.junit.jupiter.engine.descriptor.ClassBasedTestDescriptor.invokeMethodInExtensionContext(ClassBasedTestDescriptor.java:520)
  org.junit.jupiter.engine.descriptor.ClassBasedTestDescriptor.lambda$synthesizeBeforeEachMethodAdapter$23(ClassBasedTestDescriptor.java:505)
  org.junit.jupiter.engine.descriptor.TestMethodTestDescriptor.lambda$invokeBeforeEachMethods$3(TestMethodTestDescriptor.java:174)
  org.junit.jupiter.engine.descriptor.TestMethodTestDescriptor.lambda$invokeBeforeMethodsOrCallbacksUntilExceptionOccurs$6(TestMethodTestDescriptor.java:202)
  org.junit.platform.engine.support.hierarchical.ThrowableCollector.execute(ThrowableCollector.java:73)
  org.junit.jupiter.engine.descriptor.TestMethodTestDescriptor.invokeBeforeMethodsOrCallbacksUntilExceptionOccurs(TestMethodTestDescriptor.java:202)
  org.junit.jupiter.engine.descriptor.TestMethodTestDescriptor.invokeBeforeEachMethods(TestMethodTestDescriptor.java:171)
  org.junit.jupiter.engine.descriptor.TestMethodTestDescriptor.execute(TestMethodTestDescriptor.java:134)
  org.junit.jupiter.engine.descriptor.TestMethodTestDescriptor.execute(TestMethodTestDescriptor.java:68)
  org.junit.platform.engine.support.hierarchical.NodeTestTask.lambda$executeRecursively$6(NodeTestTask.java:151)
  org.junit.platform.engine.support.hierarchical.ThrowableCollector.execute(ThrowableCollector.java:73)
  org.junit.platform.engine.support.hierarchical.NodeTestTask.lambda$executeRecursively$8(NodeTestTask.java:141)
  org.junit.platform.engine.support.hierarchical.Node.around(Node.java:137)
  org.junit.platform.engine.support.hierarchical.NodeTestTask.lambda$executeRecursively$9(NodeTestTask.java:139)
  org.junit.platform.engine.support.hierarchical.ThrowableCollector.execute(ThrowableCollector.java:73)
  org.junit.platform.engine.support.hierarchical.NodeTestTask.executeRecursively(NodeTestTask.java:138)
  org.junit.platform.engine.support.hierarchical.NodeTestTask.execute(NodeTestTask.java:95)
  java.base/java.util.ArrayList.forEach(ArrayList.java:1511)
  org.junit.platform.engine.support.hierarchical.SameThreadHierarchicalTestExecutorService.invokeAll(SameThreadHierarchicalTestExecutorService.java:41)
  org.junit.platform.engine.support.hierarchical.NodeTestTask.lambda$executeRecursively$6(NodeTestTask.java:155)
  org.junit.platform.engine.support.hierarchical.ThrowableCollector.execute(ThrowableCollector.java:73)
  org.junit.platform.engine.support.hierarchical.NodeTestTask.lambda$executeRecursively$8(NodeTestTask.java:141)
  org.junit.platform.engine.support.hierarchical.Node.around(Node.java:137)
  org.junit.platform.engine.support.hierarchical.NodeTestTask.lambda$executeRecursively$9(NodeTestTask.java:139)
  org.junit.platform.engine.support.hierarchical.ThrowableCollector.execute(ThrowableCollector.java:73)
  org.junit.platform.engine.support.hierarchical.NodeTestTask.executeRecursively(NodeTestTask.java:138)
  org.junit.platform.engine.support.hierarchical.NodeTestTask.execute(NodeTestTask.java:95)
  java.base/java.util.ArrayList.forEach(ArrayList.java:1511)
  org.junit.platform.engine.support.hierarchical.SameThreadHierarchicalTestExecutorService.invokeAll(SameThreadHierarchicalTestExecutorService.java:41)
  org.junit.platform.engine.support.hierarchical.NodeTestTask.lambda$executeRecursively$6(NodeTestTask.java:155)
  org.junit.platform.engine.support.hierarchical.ThrowableCollector.execute(ThrowableCollector.java:73)
  org.junit.platform.engine.support.hierarchical.NodeTestTask.lambda$executeRecursively$8(NodeTestTask.java:141)
  org.junit.platform.engine.support.hierarchical.Node.around(Node.java:137)
  org.junit.platform.engine.support.hierarchical.NodeTestTask.lambda$executeRecursively$9(NodeTestTask.java:139)
  org.junit.platform.engine.support.hierarchical.ThrowableCollector.execute(ThrowableCollector.java:73)
  org.junit.platform.engine.support.hierarchical.NodeTestTask.executeRecursively(NodeTestTask.java:138)
  org.junit.platform.engine.support.hierarchical.NodeTestTask.execute(NodeTestTask.java:95)
  org.junit.platform.engine.support.hierarchical.SameThreadHierarchicalTestExecutorService.submit(SameThreadHierarchicalTestExecutorService.java:35)
  org.junit.platform.engine.support.hierarchical.HierarchicalTestExecutor.execute(HierarchicalTestExecutor.java:57)
  org.junit.platform.engine.support.hierarchical.HierarchicalTestEngine.execute(HierarchicalTestEngine.java:54)
  org.junit.platform.launcher.core.EngineExecutionOrchestrator.execute(EngineExecutionOrchestrator.java:107)
  org.junit.platform.launcher.core.EngineExecutionOrchestrator.execute(EngineExecutionOrchestrator.java:88)
  org.junit.platform.launcher.core.EngineExecutionOrchestrator.lambda$execute$0(EngineExecutionOrchestrator.java:54)
  org.junit.platform.launcher.core.EngineExecutionOrchestrator.withInterceptedStreams(EngineExecutionOrchestrator.java:67)
  org.junit.platform.launcher.core.EngineExecutionOrchestrator.execute(EngineExecutionOrchestrator.java:52)
  org.junit.platform.launcher.core.DefaultLauncher.execute(DefaultLauncher.java:114)
  org.junit.platform.launcher.core.DefaultLauncher.execute(DefaultLauncher.java:86)
  org.junit.platform.launcher.core.DefaultLauncherSession$DelegatingLauncher.execute(DefaultLauncherSession.java:86)
  org.gradle.api.internal.tasks.testing.junitplatform.JUnitPlatformTestClassProcessor$CollectAllTestClassesExecutor.processAllTestClasses(JUnitPlatformTestClassProcessor.java:110)
  org.gradle.api.internal.tasks.testing.junitplatform.JUnitPlatformTestClassProcessor$CollectAllTestClassesExecutor.access$000(JUnitPlatformTestClassProcessor.java:90)
  org.gradle.api.internal.tasks.testing.junitplatform.JUnitPlatformTestClassProcessor.stop(JUnitPlatformTestClassProcessor.java:85)
  org.gradle.api.internal.tasks.testing.SuiteTestClassProcessor.stop(SuiteTestClassProcessor.java:62)
  java.base/jdk.internal.reflect.NativeMethodAccessorImpl.invoke0(Native Method)
  java.base/jdk.internal.reflect.NativeMethodAccessorImpl.invoke(NativeMethodAccessorImpl.java:77)
  java.base/jdk.internal.reflect.DelegatingMethodAccessorImpl.invoke(DelegatingMethodAccessorImpl.java:43)
  java.base/java.lang.reflect.Method.invoke(Method.java:568)
  org.gradle.internal.dispatch.ReflectionDispatch.dispatch(ReflectionDispatch.java:36)
  org.gradle.internal.dispatch.ReflectionDispatch.dispatch(ReflectionDispatch.java:24)
  org.gradle.internal.dispatch.ContextClassLoaderDispatch.dispatch(ContextClassLoaderDispatch.java:33)
  org.gradle.internal.dispatch.ProxyDispatchAdapter$DispatchingInvocationHandler.invoke(ProxyDispatchAdapter.java:94)
  jdk.proxy2/jdk.proxy2.$Proxy5.stop(Unknown Source)
  org.gradle.api.internal.tasks.testing.worker.TestWorker$3.run(TestWorker.java:193)
  org.gradle.api.internal.tasks.testing.worker.TestWorker.executeAndMaintainThreadName(TestWorker.java:129)
  org.gradle.api.internal.tasks.testing.worker.TestWorker.execute(TestWorker.java:100)
  org.gradle.api.internal.tasks.testing.worker.TestWorker.execute(TestWorker.java:60)
  org.gradle.process.internal.worker.child.ActionExecutionWorker.execute(ActionExecutionWorker.java:56)
  org.gradle.process.internal.worker.child.SystemApplicationClassLoaderWorker.call(SystemApplicationClassLoaderWorker.java:113)
  org.gradle.process.internal.worker.child.SystemApplicationClassLoaderWorker.call(SystemApplicationClassLoaderWorker.java:65)
  worker.org.gradle.process.internal.worker.GradleWorkerMain.run(GradleWorkerMain.java:69)
  worker.org.gradle.process.internal.worker.GradleWorkerMain.main(GradleWorkerMain.java:74). com.github.javaparser.ParseException: Encountered unexpected token: "}" "}"
    at line 1, column 22.

Was expecting one of:

    ","
    ";"
    "="
    "@"
    "["

	at com.github.javaparser.GeneratedJavaParser.generateParseException(GeneratedJavaParser.java:18340)

91100      ERROR Test worker     d.u.i.k.n.b.TacletPBuilder Error in parsing taclet. de.uka.ilkd.key.util.parsing.BuildingExceptions: Multiple errors occured
	at de.uka.ilkd.key.java.JavaService.reportErrors(JavaService.java:219)

91106      DEBUG Test worker     d.u.i.k.n.KeyIO           MODE: taclets took 110ms 
91334      ERROR Test worker     d.u.i.k.j.KeYJPMapping    Duplicate registration of node: boolean, formerNode: /*@ pure @*/
boolean 
91339      ERROR Test worker     d.u.i.k.j.KeYJPMapping    Duplicate registration of node: Object, formerNode: java.lang.Object 
91339      ERROR Test worker     d.u.i.k.j.KeYJPMapping    Duplicate registration of node: Object, formerNode: java.lang.Object 
91341      ERROR Test worker     d.u.i.k.j.KeYJPMapping    Duplicate registration of node: Annotation, formerNode: Annotation 
91343      ERROR Test worker     d.u.i.k.j.KeYJPMapping    Duplicate registration of node: ArithmeticException, formerNode: ArithmeticException 
91345      ERROR Test worker     d.u.i.k.j.KeYJPMapping    Duplicate registration of node: ArrayIndexOutOfBoundsException, formerNode: ArrayIndexOutOfBoundsException 
91346      ERROR Test worker     d.u.i.k.j.KeYJPMapping    Duplicate registration of node: ArrayStoreException, formerNode: ArrayStoreException 
91348      ERROR Test worker     d.u.i.k.j.KeYJPMapping    Duplicate registration of node: AssertionError, formerNode: AssertionError 
91350      ERROR Test worker     d.u.i.k.j.KeYJPMapping    Duplicate registration of node: Character, formerNode: Character 
91350      ERROR Test worker     d.u.i.k.j.KeYJPMapping    Duplicate registration of node: Class, formerNode: java.lang.Class 
91351      ERROR Test worker     d.u.i.k.j.KeYJPMapping    Duplicate registration of node: Class, formerNode: java.lang.Class 
91352      ERROR Test worker     d.u.i.k.j.KeYJPMapping    Duplicate registration of node: ClassCastException, formerNode: ClassCastException 
91353      ERROR Test worker     d.u.i.k.j.KeYJPMapping    Duplicate registration of node: CloneNotSupportedException, formerNode: CloneNotSupportedException 
91354      ERROR Test worker     d.u.i.k.j.KeYJPMapping    Duplicate registration of node: Cloneable, formerNode: Cloneable 
91355      ERROR Test worker     d.u.i.k.j.KeYJPMapping    Duplicate registration of node: Comparable, formerNode: Comparable 
91356      ERROR Test worker     d.u.i.k.j.KeYJPMapping    Duplicate registration of node: Double, formerNode: Double 
91359      ERROR Test worker     d.u.i.k.j.KeYJPMapping    Duplicate registration of node: Enum, formerNode: java.lang.Enum 
91359      ERROR Test worker     d.u.i.k.j.KeYJPMapping    Duplicate registration of node: Enum, formerNode: java.lang.Enum 
91362      ERROR Test worker     d.u.i.k.j.KeYJPMapping    Duplicate registration of node: Error, formerNode: Error 
91364      ERROR Test worker     d.u.i.k.j.KeYJPMapping    Duplicate registration of node: Exception, formerNode: Exception 
91366      ERROR Test worker     d.u.i.k.j.KeYJPMapping    Duplicate registration of node: ExceptionInInitializerError, formerNode: java.lang.ExceptionInInitializerError 
91366      ERROR Test worker     d.u.i.k.j.KeYJPMapping    Duplicate registration of node: ExceptionInInitializerError, formerNode: java.lang.ExceptionInInitializerError 
91367      ERROR Test worker     d.u.i.k.j.KeYJPMapping    Duplicate registration of node: Float, formerNode: Float 
91368      ERROR Test worker     d.u.i.k.j.KeYJPMapping    Duplicate registration of node: IllegalArgumentException, formerNode: IllegalArgumentException 
91369      ERROR Test worker     d.u.i.k.j.KeYJPMapping    Duplicate registration of node: IndexOutOfBoundsException, formerNode: IndexOutOfBoundsException 
91386      ERROR Test worker     d.u.i.k.j.KeYJPMapping    Duplicate registration of node: Integer, formerNode: java.lang.Integer 
91386      ERROR Test worker     d.u.i.k.j.KeYJPMapping    Duplicate registration of node: Integer, formerNode: java.lang.Integer 
91388      ERROR Test worker     d.u.i.k.j.KeYJPMapping    Duplicate registration of node: InterruptedException, formerNode: InterruptedException 
91389      ERROR Test worker     d.u.i.k.j.KeYJPMapping    Duplicate registration of node: Iterable, formerNode: Iterable 
91390      ERROR Test worker     d.u.i.k.j.KeYJPMapping    Duplicate registration of node: LinkageError, formerNode: LinkageError 
91400      ERROR Test worker     d.u.i.k.j.KeYJPMapping    Duplicate registration of node: Math, formerNode: Math 
91402      ERROR Test worker     d.u.i.k.j.KeYJPMapping    Duplicate registration of node: NegativeArraySizeException, formerNode: NegativeArraySizeException 
91403      ERROR Test worker     d.u.i.k.j.KeYJPMapping    Duplicate registration of node: NoClassDefFoundError, formerNode: java.lang.NoClassDefFoundError 
91403      ERROR Test worker     d.u.i.k.j.KeYJPMapping    Duplicate registration of node: NoClassDefFoundError, formerNode: java.lang.NoClassDefFoundError 
91405      ERROR Test worker     d.u.i.k.j.KeYJPMapping    Duplicate registration of node: NullPointerException, formerNode: NullPointerException 
91407      ERROR Test worker     d.u.i.k.j.KeYJPMapping    Duplicate registration of node: Number, formerNode: Number 
91408      ERROR Test worker     d.u.i.k.j.KeYJPMapping    Duplicate registration of node: NumberFormatException, formerNode: NumberFormatException 
91410      ERROR Test worker     d.u.i.k.j.KeYJPMapping    Duplicate registration of node: VirtualMachineError, formerNode: VirtualMachineError 
91411      ERROR Test worker     d.u.i.k.j.KeYJPMapping    Duplicate registration of node: OutOfMemoryError, formerNode: OutOfMemoryError 
91412      ERROR Test worker     d.u.i.k.j.KeYJPMapping    Duplicate registration of node: Runnable, formerNode: Runnable 
91414      ERROR Test worker     d.u.i.k.j.KeYJPMapping    Duplicate registration of node: RuntimeException, formerNode: RuntimeException 
91414      ERROR Test worker     d.u.i.k.j.KeYJPMapping    Duplicate registration of node: /*@pure*/
int, formerNode: int 
91418      ERROR Test worker     d.u.i.k.j.KeYJPMapping    Duplicate registration of node: /*@ helper */
int, formerNode: int 
91418      ERROR Test worker     d.u.i.k.j.KeYJPMapping    Duplicate registration of node: /*@ helper */
boolean, formerNode: /*@ pure @*/
boolean 
91432      ERROR Test worker     d.u.i.k.j.KeYJPMapping    Duplicate registration of node: /*@ helper */
java.lang.String, formerNode: java.lang.String 
91445      ERROR Test worker     d.u.i.k.j.KeYJPMapping    Duplicate registration of node: String, formerNode: java.lang.String 
91466      ERROR Test worker     d.u.i.k.j.KeYJPMapping    Duplicate registration of node: String, formerNode: java.lang.String 
91468      ERROR Test worker     d.u.i.k.j.KeYJPMapping    Duplicate registration of node: char, formerNode: /*@ helper */
char 
91470      ERROR Test worker     d.u.i.k.j.KeYJPMapping    Duplicate registration of node: StringBuffer, formerNode: StringBuffer 
91473      ERROR Test worker     d.u.i.k.j.KeYJPMapping    Duplicate registration of node: System, formerNode: System 
91473      ERROR Test worker     d.u.i.k.j.KeYJPMapping    Duplicate registration of node: Thread, formerNode: Thread 
91476      ERROR Test worker     d.u.i.k.j.KeYJPMapping    Duplicate registration of node: Throwable, formerNode: java.lang.Throwable 
91476      ERROR Test worker     d.u.i.k.j.KeYJPMapping    Duplicate registration of node: Throwable, formerNode: java.lang.Throwable 
91480      ERROR Test worker     d.u.i.k.j.KeYJPMapping    Duplicate registration of node: Collection, formerNode: Collection 
91481      ERROR Test worker     d.u.i.k.j.KeYJPMapping    Duplicate registration of node: Iterator, formerNode: java.util.Iterator 
91481      ERROR Test worker     d.u.i.k.j.KeYJPMapping    Duplicate registration of node: Iterator, formerNode: java.util.Iterator 
91486      ERROR Test worker     d.u.i.k.j.KeYJPMapping    Duplicate registration of node: List, formerNode: java.util.List 
91486      ERROR Test worker     d.u.i.k.j.KeYJPMapping    Duplicate registration of node: List, formerNode: java.util.List 
91488      ERROR Test worker     d.u.i.k.j.KeYJPMapping    Duplicate registration of node: ListIterator, formerNode: java.util.ListIterator 
91488      ERROR Test worker     d.u.i.k.j.KeYJPMapping    Duplicate registration of node: ListIterator, formerNode: java.util.ListIterator 
91489      ERROR Test worker     d.u.i.k.j.KeYJPMapping    Duplicate registration of node: Long, formerNode: Long 
91490      ERROR Test worker     d.u.i.k.j.KeYJPMapping    Duplicate registration of node: Boolean, formerNode: Boolean 
91494      ERROR Test worker     d.u.i.k.j.KeYJPMapping    Duplicate registration of node: Map, formerNode: Map 
91498      ERROR Test worker     d.u.i.k.j.KeYJPMapping    Duplicate registration of node: Set, formerNode: java.util.Set 
91498      ERROR Test worker     d.u.i.k.j.KeYJPMapping    Duplicate registration of node: Set, formerNode: java.util.Set 
91500      ERROR Test worker     d.u.i.k.j.KeYJPMapping    Duplicate registration of node: FilterOutputStream, formerNode: FilterOutputStream 
91500      ERROR Test worker     d.u.i.k.j.KeYJPMapping    Duplicate registration of node: InputStream, formerNode: java.io.InputStream 
91500      ERROR Test worker     d.u.i.k.j.KeYJPMapping    Duplicate registration of node: InputStream, formerNode: java.io.InputStream 
91502      ERROR Test worker     d.u.i.k.j.KeYJPMapping    Duplicate registration of node: IOException, formerNode: IOException 
91503      ERROR Test worker     d.u.i.k.j.KeYJPMapping    Duplicate registration of node: OutputStream, formerNode: java.io.OutputStream 
91503      ERROR Test worker     d.u.i.k.j.KeYJPMapping    Duplicate registration of node: OutputStream, formerNode: java.io.OutputStream 
91507      ERROR Test worker     d.u.i.k.j.KeYJPMapping    Duplicate registration of node: PrintStream, formerNode: java.io.PrintStream 
91507      ERROR Test worker     d.u.i.k.j.KeYJPMapping    Duplicate registration of node: PrintStream, formerNode: java.io.PrintStream 
91508      ERROR Test worker     d.u.i.k.j.KeYJPMapping    Duplicate registration of node: Serializable, formerNode: Serializable 
91509      ERROR Test worker     d.u.i.k.j.KeYJPMapping    Duplicate registration of node: BigInteger, formerNode: java.math.BigInteger 
91511      ERROR Test worker     d.u.i.k.j.KeYJPMapping    Duplicate registration of node: BigInteger, formerNode: java.math.BigInteger 
91512      ERROR Test worker     d.u.i.k.j.KeYJPMapping    Duplicate registration of node: ArrayList, formerNode: ArrayList 
91514      ERROR Test worker     d.u.i.k.j.KeYJPMapping    Duplicate registration of node: byte[], formerNode: byte[] 
91535      ERROR Test worker     d.u.i.k.j.KeYJPMapping    Duplicate registration of node: Arrays, formerNode: Arrays 
91536      ERROR Test worker     d.u.i.k.j.KeYJPMapping    Duplicate registration of node: ListIteratorImpl, formerNode: ListIteratorImpl 
91537      ERROR Test worker     d.u.i.k.j.KeYJPMapping    Duplicate registration of node: Date, formerNode: Date 
91538      ERROR Test worker     d.u.i.k.j.KeYJPMapping    Duplicate registration of node: LinkedHashMap, formerNode: LinkedHashMap 
91539      ERROR Test worker     d.u.i.k.j.KeYJPMapping    Duplicate registration of node: /*@pure@*/
String, formerNode: /*@strictly_pure*/
java.lang.String 
91540      ERROR Test worker     d.u.i.k.j.KeYJPMapping    Duplicate registration of node: LinkedList, formerNode: LinkedList 
91556      INFO  Test worker     d.u.i.k.n.KeyIO           Parsing took 3 ms 
91556      DEBUG Test worker     d.u.i.k.n.KeyIO           Load declarations of de.uka.ilkd.key.nparser.KeyAst$File:  /home/runner/work/key/key/key.core/src/test/resources/testcase/../de/uka/ilkd/key/rule/testRuleMatch.txt:8#1 
91556      INFO  Test worker     d.u.i.k.n.KeyIO           MODE: declarations took 0 ms 
91556      DEBUG Test worker     d.u.i.k.n.KeyIO           MODE: 2nd degree decls took 0 
91594      ERROR Test worker     d.u.i.k.j.JavaService     Error in (line 1,col 11) Parse error. Found "}", expected one of  "," ";" "=" "@" "["
Problem stacktrace : 
  com.github.javaparser.GeneratedJavaParser.generateParseException(GeneratedJavaParser.java:18340)
  com.github.javaparser.GeneratedJavaParser.jj_consume_token(GeneratedJavaParser.java:18179)
  com.github.javaparser.GeneratedJavaParser.BlockStatement(GeneratedJavaParser.java:6611)
  com.github.javaparser.GeneratedJavaParser.Statements(GeneratedJavaParser.java:3114)
  com.github.javaparser.GeneratedJavaParser.Block(GeneratedJavaParser.java:6548)
  com.github.javaparser.GeneratedJavaParser.Statement(GeneratedJavaParser.java:6344)
  com.github.javaparser.GeneratedJavaParser.BlockStatement(GeneratedJavaParser.java:6727)
  com.github.javaparser.GeneratedJavaParser.Statements(GeneratedJavaParser.java:3114)
  com.github.javaparser.GeneratedJavaParser.Block(GeneratedJavaParser.java:6548)
  com.github.javaparser.GeneratedJavaParser.BlockParseStart(GeneratedJavaParser.java:9483)
  com.github.javaparser.JavaParser.parse(JavaParser.java:121)
  com.github.javaparser.JavaParser.parseBlock(JavaParser.java:313)
  de.uka.ilkd.key.java.JavaParserFactory.parseStatementBlock(JavaParserFactory.java:167)
  de.uka.ilkd.key.java.JavaService.recoderBlock(JavaService.java:782)
  de.uka.ilkd.key.java.JavaService.readBlock(JavaService.java:819)
  de.uka.ilkd.key.java.JavaService.readBlockWithProgramVariables(JavaService.java:875)
  de.uka.ilkd.key.nparser.builder.ExpressionBuilder.getJavaBlock(ExpressionBuilder.java:568)
  de.uka.ilkd.key.nparser.builder.ExpressionBuilder.visitModality_term(ExpressionBuilder.java:1074)
  de.uka.ilkd.key.nparser.KeYParser$Modality_termContext.accept(KeYParser.java:4623)
  org.antlr.v4.runtime.tree.AbstractParseTreeVisitor.visitChildren(AbstractParseTreeVisitor.java:46)
  de.uka.ilkd.key.nparser.KeYParserBaseVisitor.visitTerm60(KeYParserBaseVisitor.java:381)
  de.uka.ilkd.key.nparser.KeYParser$Term60Context.accept(KeYParser.java:4485)
  de.uka.ilkd.key.nparser.builder.AbstractBuilder.accept(AbstractBuilder.java:48)
  de.uka.ilkd.key.nparser.builder.DefaultBuilder.accept(DefaultBuilder.java:35)
  de.uka.ilkd.key.nparser.builder.ExpressionBuilder.visitConjunction_term(ExpressionBuilder.java:238)
  de.uka.ilkd.key.nparser.builder.ExpressionBuilder.visitConjunction_term(ExpressionBuilder.java:49)
  de.uka.ilkd.key.nparser.KeYParser$Conjunction_termContext.accept(KeYParser.java:4419)
  de.uka.ilkd.key.nparser.builder.AbstractBuilder.accept(AbstractBuilder.java:48)
  de.uka.ilkd.key.nparser.builder.DefaultBuilder.accept(DefaultBuilder.java:35)
  de.uka.ilkd.key.nparser.builder.ExpressionBuilder.visitDisjunction_term(ExpressionBuilder.java:229)
  de.uka.ilkd.key.nparser.builder.ExpressionBuilder.visitDisjunction_term(ExpressionBuilder.java:49)
  de.uka.ilkd.key.nparser.KeYParser$Disjunction_termContext.accept(KeYParser.java:4346)
  de.uka.ilkd.key.nparser.builder.AbstractBuilder.accept(AbstractBuilder.java:48)
  de.uka.ilkd.key.nparser.builder.DefaultBuilder.accept(DefaultBuilder.java:35)
  de.uka.ilkd.key.nparser.builder.ExpressionBuilder.visitImplication_term(ExpressionBuilder.java:222)
  de.uka.ilkd.key.nparser.builder.ExpressionBuilder.visitImplication_term(ExpressionBuilder.java:49)
  de.uka.ilkd.key.nparser.KeYParser$Implication_termContext.accept(KeYParser.java:4278)
  de.uka.ilkd.key.nparser.builder.AbstractBuilder.accept(AbstractBuilder.java:48)
  de.uka.ilkd.key.nparser.builder.DefaultBuilder.accept(DefaultBuilder.java:35)
  de.uka.ilkd.key.nparser.builder.ExpressionBuilder.visitEquivalence_term(ExpressionBuilder.java:198)
  de.uka.ilkd.key.nparser.builder.ExpressionBuilder.visitEquivalence_term(ExpressionBuilder.java:49)
  de.uka.ilkd.key.nparser.KeYParser$Equivalence_termContext.accept(KeYParser.java:4209)
  de.uka.ilkd.key.nparser.builder.AbstractBuilder.accept(AbstractBuilder.java:48)
  de.uka.ilkd.key.nparser.builder.DefaultBuilder.accept(DefaultBuilder.java:35)
  de.uka.ilkd.key.nparser.builder.ExpressionBuilder.visitElementary_update_term(ExpressionBuilder.java:188)
  de.uka.ilkd.key.nparser.builder.ExpressionBuilder.visitElementary_update_term(ExpressionBuilder.java:49)
  de.uka.ilkd.key.nparser.KeYParser$Elementary_update_termContext.accept(KeYParser.java:4142)
  de.uka.ilkd.key.nparser.builder.AbstractBuilder.lambda$mapOf$0(AbstractBuilder.java:124)
  java.base/java.util.stream.ReferencePipeline$3$1.accept(ReferencePipeline.java:197)
  java.base/java.util.ArrayList$ArrayListSpliterator.forEachRemaining(ArrayList.java:1625)
  java.base/java.util.stream.AbstractPipeline.copyInto(AbstractPipeline.java:509)
  java.base/java.util.stream.AbstractPipeline.wrapAndCopyInto(AbstractPipeline.java:499)
  java.base/java.util.stream.ReduceOps$ReduceOp.evaluateSequential(ReduceOps.java:921)
  java.base/java.util.stream.AbstractPipeline.evaluate(AbstractPipeline.java:234)
  java.base/java.util.stream.ReferencePipeline.collect(ReferencePipeline.java:682)
  de.uka.ilkd.key.nparser.builder.AbstractBuilder.mapOf(AbstractBuilder.java:124)
  de.uka.ilkd.key.nparser.builder.ExpressionBuilder.visitParallel_term(ExpressionBuilder.java:173)
  de.uka.ilkd.key.nparser.builder.ExpressionBuilder.visitParallel_term(ExpressionBuilder.java:49)
  de.uka.ilkd.key.nparser.KeYParser$Parallel_termContext.accept(KeYParser.java:4074)
  org.antlr.v4.runtime.tree.AbstractParseTreeVisitor.visitChildren(AbstractParseTreeVisitor.java:46)
  de.uka.ilkd.key.nparser.KeYParserBaseVisitor.visitTerm(KeYParserBaseVisitor.java:332)
  de.uka.ilkd.key.nparser.KeYParser$TermContext.accept(KeYParser.java:4020)
  de.uka.ilkd.key.nparser.builder.AbstractBuilder.accept(AbstractBuilder.java:48)
  de.uka.ilkd.key.nparser.builder.DefaultBuilder.accept(DefaultBuilder.java:35)
  de.uka.ilkd.key.nparser.builder.ExpressionBuilder.visitTermorseq(ExpressionBuilder.java:511)
  de.uka.ilkd.key.nparser.KeYParser$TermorseqContext.accept(KeYParser.java:8199)
  de.uka.ilkd.key.nparser.builder.AbstractBuilder.accept(AbstractBuilder.java:48)
  de.uka.ilkd.key.nparser.builder.DefaultBuilder.accept(DefaultBuilder.java:35)
  de.uka.ilkd.key.nparser.builder.TacletPBuilder.visitTaclet(TacletPBuilder.java:195)
  de.uka.ilkd.key.nparser.builder.TacletPBuilder.visitTaclet(TacletPBuilder.java:41)
  de.uka.ilkd.key.nparser.KeYParser$TacletContext.accept(KeYParser.java:7771)
  de.uka.ilkd.key.nparser.builder.AbstractBuilder.lambda$mapOf$0(AbstractBuilder.java:124)
  java.base/java.util.stream.ReferencePipeline$3$1.accept(ReferencePipeline.java:197)
  java.base/java.util.ArrayList$ArrayListSpliterator.forEachRemaining(ArrayList.java:1625)
  java.base/java.util.stream.AbstractPipeline.copyInto(AbstractPipeline.java:509)
  java.base/java.util.stream.AbstractPipeline.wrapAndCopyInto(AbstractPipeline.java:499)
  java.base/java.util.stream.ReduceOps$ReduceOp.evaluateSequential(ReduceOps.java:921)
  java.base/java.util.stream.AbstractPipeline.evaluate(AbstractPipeline.java:234)
  java.base/java.util.stream.ReferencePipeline.collect(ReferencePipeline.java:682)
  de.uka.ilkd.key.nparser.builder.AbstractBuilder.mapOf(AbstractBuilder.java:124)
  de.uka.ilkd.key.nparser.builder.TacletPBuilder.visitRulesOrAxioms(TacletPBuilder.java:95)
  de.uka.ilkd.key.nparser.KeYParser$RulesOrAxiomsContext.accept(KeYParser.java:10795)
  de.uka.ilkd.key.nparser.builder.AbstractBuilder.lambda$mapOf$0(AbstractBuilder.java:124)
  java.base/java.util.stream.ReferencePipeline$3$1.accept(ReferencePipeline.java:197)
  java.base/java.util.ArrayList$ArrayListSpliterator.forEachRemaining(ArrayList.java:1625)
  java.base/java.util.stream.AbstractPipeline.copyInto(AbstractPipeline.java:509)
  java.base/java.util.stream.AbstractPipeline.wrapAndCopyInto(AbstractPipeline.java:499)
  java.base/java.util.stream.ReduceOps$ReduceOp.evaluateSequential(ReduceOps.java:921)
  java.base/java.util.stream.AbstractPipeline.evaluate(AbstractPipeline.java:234)
  java.base/java.util.stream.ReferencePipeline.collect(ReferencePipeline.java:682)
  de.uka.ilkd.key.nparser.builder.AbstractBuilder.mapOf(AbstractBuilder.java:124)
  de.uka.ilkd.key.nparser.builder.TacletPBuilder.visitDecls(TacletPBuilder.java:76)
  de.uka.ilkd.key.nparser.KeYParser$DeclsContext.accept(KeYParser.java:515)
  org.antlr.v4.runtime.tree.AbstractParseTreeVisitor.visitChildren(AbstractParseTreeVisitor.java:46)
  de.uka.ilkd.key.nparser.KeYParserBaseVisitor.visitFile(KeYParserBaseVisitor.java:24)
  de.uka.ilkd.key.nparser.KeYParser$FileContext.accept(KeYParser.java:313)
  de.uka.ilkd.key.nparser.KeyAst.accept(KeyAst.java:43)
  de.uka.ilkd.key.nparser.KeyIO$Loader.loadTaclets(KeyIO.java:340)
  de.uka.ilkd.key.nparser.KeyIO$Loader.loadComplete(KeyIO.java:243)
  de.uka.ilkd.key.proof.io.KeYFileForTests.read(KeYFileForTests.java:53)
  de.uka.ilkd.key.proof.init.ProblemInitializer.readEnvInput(ProblemInitializer.java:323)
  de.uka.ilkd.key.proof.init.ProblemInitializer.prepare(ProblemInitializer.java:561)
  de.uka.ilkd.key.proof.init.ProblemInitializer.prepare(ProblemInitializer.java:471)
  de.uka.ilkd.key.rule.TacletForTests.parse(TacletForTests.java:80)
  de.uka.ilkd.key.rule.TacletForTests.parse(TacletForTests.java:125)
  de.uka.ilkd.key.rule.TacletForTests.parse(TacletForTests.java:129)
  de.uka.ilkd.key.rule.TestMatchTaclet.setUp(TestMatchTaclet.java:60)
  java.base/jdk.internal.reflect.NativeMethodAccessorImpl.invoke0(Native Method)
  java.base/jdk.internal.reflect.NativeMethodAccessorImpl.invoke(NativeMethodAccessorImpl.java:77)
  java.base/jdk.internal.reflect.DelegatingMethodAccessorImpl.invoke(DelegatingMethodAccessorImpl.java:43)
  java.base/java.lang.reflect.Method.invoke(Method.java:568)
  org.junit.platform.commons.util.ReflectionUtils.invokeMethod(ReflectionUtils.java:727)
  org.junit.jupiter.engine.execution.MethodInvocation.proceed(MethodInvocation.java:60)
  org.junit.jupiter.engine.execution.InvocationInterceptorChain$ValidatingInvocation.proceed(InvocationInterceptorChain.java:131)
  org.junit.jupiter.engine.extension.TimeoutExtension.intercept(TimeoutExtension.java:156)
  org.junit.jupiter.engine.extension.TimeoutExtension.interceptLifecycleMethod(TimeoutExtension.java:128)
  org.junit.jupiter.engine.extension.TimeoutExtension.interceptBeforeEachMethod(TimeoutExtension.java:78)
  org.junit.jupiter.engine.execution.InterceptingExecutableInvoker$ReflectiveInterceptorCall.lambda$ofVoidMethod$0(InterceptingExecutableInvoker.java:103)
  org.junit.jupiter.engine.execution.InterceptingExecutableInvoker.lambda$invoke$0(InterceptingExecutableInvoker.java:93)
  org.junit.jupiter.engine.execution.InvocationInterceptorChain$InterceptedInvocation.proceed(InvocationInterceptorChain.java:106)
  org.junit.jupiter.engine.execution.InvocationInterceptorChain.proceed(InvocationInterceptorChain.java:64)
  org.junit.jupiter.engine.execution.InvocationInterceptorChain.chainAndInvoke(InvocationInterceptorChain.java:45)
  org.junit.jupiter.engine.execution.InvocationInterceptorChain.invoke(InvocationInterceptorChain.java:37)
  org.junit.jupiter.engine.execution.InterceptingExecutableInvoker.invoke(InterceptingExecutableInvoker.java:92)
  org.junit.jupiter.engine.execution.InterceptingExecutableInvoker.invoke(InterceptingExecutableInvoker.java:86)
  org.junit.jupiter.engine.descriptor.ClassBasedTestDescriptor.invokeMethodInExtensionContext(ClassBasedTestDescriptor.java:520)
  org.junit.jupiter.engine.descriptor.ClassBasedTestDescriptor.lambda$synthesizeBeforeEachMethodAdapter$23(ClassBasedTestDescriptor.java:505)
  org.junit.jupiter.engine.descriptor.TestMethodTestDescriptor.lambda$invokeBeforeEachMethods$3(TestMethodTestDescriptor.java:174)
  org.junit.jupiter.engine.descriptor.TestMethodTestDescriptor.lambda$invokeBeforeMethodsOrCallbacksUntilExceptionOccurs$6(TestMethodTestDescriptor.java:202)
  org.junit.platform.engine.support.hierarchical.ThrowableCollector.execute(ThrowableCollector.java:73)
  org.junit.jupiter.engine.descriptor.TestMethodTestDescriptor.invokeBeforeMethodsOrCallbacksUntilExceptionOccurs(TestMethodTestDescriptor.java:202)
  org.junit.jupiter.engine.descriptor.TestMethodTestDescriptor.invokeBeforeEachMethods(TestMethodTestDescriptor.java:171)
  org.junit.jupiter.engine.descriptor.TestMethodTestDescriptor.execute(TestMethodTestDescriptor.java:134)
  org.junit.jupiter.engine.descriptor.TestMethodTestDescriptor.execute(TestMethodTestDescriptor.java:68)
  org.junit.platform.engine.support.hierarchical.NodeTestTask.lambda$executeRecursively$6(NodeTestTask.java:151)
  org.junit.platform.engine.support.hierarchical.ThrowableCollector.execute(ThrowableCollector.java:73)
  org.junit.platform.engine.support.hierarchical.NodeTestTask.lambda$executeRecursively$8(NodeTestTask.java:141)
  org.junit.platform.engine.support.hierarchical.Node.around(Node.java:137)
  org.junit.platform.engine.support.hierarchical.NodeTestTask.lambda$executeRecursively$9(NodeTestTask.java:139)
  org.junit.platform.engine.support.hierarchical.ThrowableCollector.execute(ThrowableCollector.java:73)
  org.junit.platform.engine.support.hierarchical.NodeTestTask.executeRecursively(NodeTestTask.java:138)
  org.junit.platform.engine.support.hierarchical.NodeTestTask.execute(NodeTestTask.java:95)
  java.base/java.util.ArrayList.forEach(ArrayList.java:1511)
  org.junit.platform.engine.support.hierarchical.SameThreadHierarchicalTestExecutorService.invokeAll(SameThreadHierarchicalTestExecutorService.java:41)
  org.junit.platform.engine.support.hierarchical.NodeTestTask.lambda$executeRecursively$6(NodeTestTask.java:155)
  org.junit.platform.engine.support.hierarchical.ThrowableCollector.execute(ThrowableCollector.java:73)
  org.junit.platform.engine.support.hierarchical.NodeTestTask.lambda$executeRecursively$8(NodeTestTask.java:141)
  org.junit.platform.engine.support.hierarchical.Node.around(Node.java:137)
  org.junit.platform.engine.support.hierarchical.NodeTestTask.lambda$executeRecursively$9(NodeTestTask.java:139)
  org.junit.platform.engine.support.hierarchical.ThrowableCollector.execute(ThrowableCollector.java:73)
  org.junit.platform.engine.support.hierarchical.NodeTestTask.executeRecursively(NodeTestTask.java:138)
  org.junit.platform.engine.support.hierarchical.NodeTestTask.execute(NodeTestTask.java:95)
  java.base/java.util.ArrayList.forEach(ArrayList.java:1511)
  org.junit.platform.engine.support.hierarchical.SameThreadHierarchicalTestExecutorService.invokeAll(SameThreadHierarchicalTestExecutorService.java:41)
  org.junit.platform.engine.support.hierarchical.NodeTestTask.lambda$executeRecursively$6(NodeTestTask.java:155)
  org.junit.platform.engine.support.hierarchical.ThrowableCollector.execute(ThrowableCollector.java:73)
  org.junit.platform.engine.support.hierarchical.NodeTestTask.lambda$executeRecursively$8(NodeTestTask.java:141)
  org.junit.platform.engine.support.hierarchical.Node.around(Node.java:137)
  org.junit.platform.engine.support.hierarchical.NodeTestTask.lambda$executeRecursively$9(NodeTestTask.java:139)
  org.junit.platform.engine.support.hierarchical.ThrowableCollector.execute(ThrowableCollector.java:73)
  org.junit.platform.engine.support.hierarchical.NodeTestTask.executeRecursively(NodeTestTask.java:138)
  org.junit.platform.engine.support.hierarchical.NodeTestTask.execute(NodeTestTask.java:95)
  org.junit.platform.engine.support.hierarchical.SameThreadHierarchicalTestExecutorService.submit(SameThreadHierarchicalTestExecutorService.java:35)
  org.junit.platform.engine.support.hierarchical.HierarchicalTestExecutor.execute(HierarchicalTestExecutor.java:57)
  org.junit.platform.engine.support.hierarchical.HierarchicalTestEngine.execute(HierarchicalTestEngine.java:54)
  org.junit.platform.launcher.core.EngineExecutionOrchestrator.execute(EngineExecutionOrchestrator.java:107)
  org.junit.platform.launcher.core.EngineExecutionOrchestrator.execute(EngineExecutionOrchestrator.java:88)
  org.junit.platform.launcher.core.EngineExecutionOrchestrator.lambda$execute$0(EngineExecutionOrchestrator.java:54)
  org.junit.platform.launcher.core.EngineExecutionOrchestrator.withInterceptedStreams(EngineExecutionOrchestrator.java:67)
  org.junit.platform.launcher.core.EngineExecutionOrchestrator.execute(EngineExecutionOrchestrator.java:52)
  org.junit.platform.launcher.core.DefaultLauncher.execute(DefaultLauncher.java:114)
  org.junit.platform.launcher.core.DefaultLauncher.execute(DefaultLauncher.java:86)
  org.junit.platform.launcher.core.DefaultLauncherSession$DelegatingLauncher.execute(DefaultLauncherSession.java:86)
  org.gradle.api.internal.tasks.testing.junitplatform.JUnitPlatformTestClassProcessor$CollectAllTestClassesExecutor.processAllTestClasses(JUnitPlatformTestClassProcessor.java:110)
  org.gradle.api.internal.tasks.testing.junitplatform.JUnitPlatformTestClassProcessor$CollectAllTestClassesExecutor.access$000(JUnitPlatformTestClassProcessor.java:90)
  org.gradle.api.internal.tasks.testing.junitplatform.JUnitPlatformTestClassProcessor.stop(JUnitPlatformTestClassProcessor.java:85)
  org.gradle.api.internal.tasks.testing.SuiteTestClassProcessor.stop(SuiteTestClassProcessor.java:62)
  java.base/jdk.internal.reflect.NativeMethodAccessorImpl.invoke0(Native Method)
  java.base/jdk.internal.reflect.NativeMethodAccessorImpl.invoke(NativeMethodAccessorImpl.java:77)
  java.base/jdk.internal.reflect.DelegatingMethodAccessorImpl.invoke(DelegatingMethodAccessorImpl.java:43)
  java.base/java.lang.reflect.Method.invoke(Method.java:568)
  org.gradle.internal.dispatch.ReflectionDispatch.dispatch(ReflectionDispatch.java:36)
  org.gradle.internal.dispatch.ReflectionDispatch.dispatch(ReflectionDispatch.java:24)
  org.gradle.internal.dispatch.ContextClassLoaderDispatch.dispatch(ContextClassLoaderDispatch.java:33)
  org.gradle.internal.dispatch.ProxyDispatchAdapter$DispatchingInvocationHandler.invoke(ProxyDispatchAdapter.java:94)
  jdk.proxy2/jdk.proxy2.$Proxy5.stop(Unknown Source)
  org.gradle.api.internal.tasks.testing.worker.TestWorker$3.run(TestWorker.java:193)
  org.gradle.api.internal.tasks.testing.worker.TestWorker.executeAndMaintainThreadName(TestWorker.java:129)
  org.gradle.api.internal.tasks.testing.worker.TestWorker.execute(TestWorker.java:100)
  org.gradle.api.internal.tasks.testing.worker.TestWorker.execute(TestWorker.java:60)
  org.gradle.process.internal.worker.child.ActionExecutionWorker.execute(ActionExecutionWorker.java:56)
  org.gradle.process.internal.worker.child.SystemApplicationClassLoaderWorker.call(SystemApplicationClassLoaderWorker.java:113)
  org.gradle.process.internal.worker.child.SystemApplicationClassLoaderWorker.call(SystemApplicationClassLoaderWorker.java:65)
  worker.org.gradle.process.internal.worker.GradleWorkerMain.run(GradleWorkerMain.java:69)
  worker.org.gradle.process.internal.worker.GradleWorkerMain.main(GradleWorkerMain.java:74). com.github.javaparser.ParseException: Encountered unexpected token: "}" "}"
    at line 1, column 22.

Was expecting one of:

    ","
    ";"
    "="
    "@"
    "["

	at com.github.javaparser.GeneratedJavaParser.generateParseException(GeneratedJavaParser.java:18340)

91596      ERROR Test worker     d.u.i.k.j.JavaService     Error in (line 1,col 11) Parse error. Found "}", expected one of  "," ";" "=" "@" "["
Problem stacktrace : 
  com.github.javaparser.GeneratedJavaParser.generateParseException(GeneratedJavaParser.java:18340)
  com.github.javaparser.GeneratedJavaParser.jj_consume_token(GeneratedJavaParser.java:18179)
  com.github.javaparser.GeneratedJavaParser.BlockStatement(GeneratedJavaParser.java:6611)
  com.github.javaparser.GeneratedJavaParser.Statements(GeneratedJavaParser.java:3114)
  com.github.javaparser.GeneratedJavaParser.Block(GeneratedJavaParser.java:6548)
  com.github.javaparser.GeneratedJavaParser.Statement(GeneratedJavaParser.java:6344)
  com.github.javaparser.GeneratedJavaParser.BlockStatement(GeneratedJavaParser.java:6727)
  com.github.javaparser.GeneratedJavaParser.Statements(GeneratedJavaParser.java:3114)
  com.github.javaparser.GeneratedJavaParser.Block(GeneratedJavaParser.java:6548)
  com.github.javaparser.GeneratedJavaParser.BlockParseStart(GeneratedJavaParser.java:9483)
  com.github.javaparser.JavaParser.parse(JavaParser.java:121)
  com.github.javaparser.JavaParser.parseBlock(JavaParser.java:313)
  de.uka.ilkd.key.java.JavaParserFactory.parseStatementBlock(JavaParserFactory.java:167)
  de.uka.ilkd.key.java.JavaService.recoderBlock(JavaService.java:782)
  de.uka.ilkd.key.java.JavaService.readBlock(JavaService.java:819)
  de.uka.ilkd.key.java.JavaService.readBlockWithEmptyContext(JavaService.java:854)
  de.uka.ilkd.key.nparser.builder.ExpressionBuilder.getJavaBlock(ExpressionBuilder.java:571)
  de.uka.ilkd.key.nparser.builder.ExpressionBuilder.visitModality_term(ExpressionBuilder.java:1074)
  de.uka.ilkd.key.nparser.KeYParser$Modality_termContext.accept(KeYParser.java:4623)
  org.antlr.v4.runtime.tree.AbstractParseTreeVisitor.visitChildren(AbstractParseTreeVisitor.java:46)
  de.uka.ilkd.key.nparser.KeYParserBaseVisitor.visitTerm60(KeYParserBaseVisitor.java:381)
  de.uka.ilkd.key.nparser.KeYParser$Term60Context.accept(KeYParser.java:4485)
  de.uka.ilkd.key.nparser.builder.AbstractBuilder.accept(AbstractBuilder.java:48)
  de.uka.ilkd.key.nparser.builder.DefaultBuilder.accept(DefaultBuilder.java:35)
  de.uka.ilkd.key.nparser.builder.ExpressionBuilder.visitConjunction_term(ExpressionBuilder.java:238)
  de.uka.ilkd.key.nparser.builder.ExpressionBuilder.visitConjunction_term(ExpressionBuilder.java:49)
  de.uka.ilkd.key.nparser.KeYParser$Conjunction_termContext.accept(KeYParser.java:4419)
  de.uka.ilkd.key.nparser.builder.AbstractBuilder.accept(AbstractBuilder.java:48)
  de.uka.ilkd.key.nparser.builder.DefaultBuilder.accept(DefaultBuilder.java:35)
  de.uka.ilkd.key.nparser.builder.ExpressionBuilder.visitDisjunction_term(ExpressionBuilder.java:229)
  de.uka.ilkd.key.nparser.builder.ExpressionBuilder.visitDisjunction_term(ExpressionBuilder.java:49)
  de.uka.ilkd.key.nparser.KeYParser$Disjunction_termContext.accept(KeYParser.java:4346)
  de.uka.ilkd.key.nparser.builder.AbstractBuilder.accept(AbstractBuilder.java:48)
  de.uka.ilkd.key.nparser.builder.DefaultBuilder.accept(DefaultBuilder.java:35)
  de.uka.ilkd.key.nparser.builder.ExpressionBuilder.visitImplication_term(ExpressionBuilder.java:222)
  de.uka.ilkd.key.nparser.builder.ExpressionBuilder.visitImplication_term(ExpressionBuilder.java:49)
  de.uka.ilkd.key.nparser.KeYParser$Implication_termContext.accept(KeYParser.java:4278)
  de.uka.ilkd.key.nparser.builder.AbstractBuilder.accept(AbstractBuilder.java:48)
  de.uka.ilkd.key.nparser.builder.DefaultBuilder.accept(DefaultBuilder.java:35)
  de.uka.ilkd.key.nparser.builder.ExpressionBuilder.visitEquivalence_term(ExpressionBuilder.java:198)
  de.uka.ilkd.key.nparser.builder.ExpressionBuilder.visitEquivalence_term(ExpressionBuilder.java:49)
  de.uka.ilkd.key.nparser.KeYParser$Equivalence_termContext.accept(KeYParser.java:4209)
  de.uka.ilkd.key.nparser.builder.AbstractBuilder.accept(AbstractBuilder.java:48)
  de.uka.ilkd.key.nparser.builder.DefaultBuilder.accept(DefaultBuilder.java:35)
  de.uka.ilkd.key.nparser.builder.ExpressionBuilder.visitElementary_update_term(ExpressionBuilder.java:188)
  de.uka.ilkd.key.nparser.builder.ExpressionBuilder.visitElementary_update_term(ExpressionBuilder.java:49)
  de.uka.ilkd.key.nparser.KeYParser$Elementary_update_termContext.accept(KeYParser.java:4142)
  de.uka.ilkd.key.nparser.builder.AbstractBuilder.lambda$mapOf$0(AbstractBuilder.java:124)
  java.base/java.util.stream.ReferencePipeline$3$1.accept(ReferencePipeline.java:197)
  java.base/java.util.ArrayList$ArrayListSpliterator.forEachRemaining(ArrayList.java:1625)
  java.base/java.util.stream.AbstractPipeline.copyInto(AbstractPipeline.java:509)
  java.base/java.util.stream.AbstractPipeline.wrapAndCopyInto(AbstractPipeline.java:499)
  java.base/java.util.stream.ReduceOps$ReduceOp.evaluateSequential(ReduceOps.java:921)
  java.base/java.util.stream.AbstractPipeline.evaluate(AbstractPipeline.java:234)
  java.base/java.util.stream.ReferencePipeline.collect(ReferencePipeline.java:682)
  de.uka.ilkd.key.nparser.builder.AbstractBuilder.mapOf(AbstractBuilder.java:124)
  de.uka.ilkd.key.nparser.builder.ExpressionBuilder.visitParallel_term(ExpressionBuilder.java:173)
  de.uka.ilkd.key.nparser.builder.ExpressionBuilder.visitParallel_term(ExpressionBuilder.java:49)
  de.uka.ilkd.key.nparser.KeYParser$Parallel_termContext.accept(KeYParser.java:4074)
  org.antlr.v4.runtime.tree.AbstractParseTreeVisitor.visitChildren(AbstractParseTreeVisitor.java:46)
  de.uka.ilkd.key.nparser.KeYParserBaseVisitor.visitTerm(KeYParserBaseVisitor.java:332)
  de.uka.ilkd.key.nparser.KeYParser$TermContext.accept(KeYParser.java:4020)
  de.uka.ilkd.key.nparser.builder.AbstractBuilder.accept(AbstractBuilder.java:48)
  de.uka.ilkd.key.nparser.builder.DefaultBuilder.accept(DefaultBuilder.java:35)
  de.uka.ilkd.key.nparser.builder.ExpressionBuilder.visitTermorseq(ExpressionBuilder.java:511)
  de.uka.ilkd.key.nparser.KeYParser$TermorseqContext.accept(KeYParser.java:8199)
  de.uka.ilkd.key.nparser.builder.AbstractBuilder.accept(AbstractBuilder.java:48)
  de.uka.ilkd.key.nparser.builder.DefaultBuilder.accept(DefaultBuilder.java:35)
  de.uka.ilkd.key.nparser.builder.TacletPBuilder.visitTaclet(TacletPBuilder.java:195)
  de.uka.ilkd.key.nparser.builder.TacletPBuilder.visitTaclet(TacletPBuilder.java:41)
  de.uka.ilkd.key.nparser.KeYParser$TacletContext.accept(KeYParser.java:7771)
  de.uka.ilkd.key.nparser.builder.AbstractBuilder.lambda$mapOf$0(AbstractBuilder.java:124)
  java.base/java.util.stream.ReferencePipeline$3$1.accept(ReferencePipeline.java:197)
  java.base/java.util.ArrayList$ArrayListSpliterator.forEachRemaining(ArrayList.java:1625)
  java.base/java.util.stream.AbstractPipeline.copyInto(AbstractPipeline.java:509)
  java.base/java.util.stream.AbstractPipeline.wrapAndCopyInto(AbstractPipeline.java:499)
  java.base/java.util.stream.ReduceOps$ReduceOp.evaluateSequential(ReduceOps.java:921)
  java.base/java.util.stream.AbstractPipeline.evaluate(AbstractPipeline.java:234)
  java.base/java.util.stream.ReferencePipeline.collect(ReferencePipeline.java:682)
  de.uka.ilkd.key.nparser.builder.AbstractBuilder.mapOf(AbstractBuilder.java:124)
  de.uka.ilkd.key.nparser.builder.TacletPBuilder.visitRulesOrAxioms(TacletPBuilder.java:95)
  de.uka.ilkd.key.nparser.KeYParser$RulesOrAxiomsContext.accept(KeYParser.java:10795)
  de.uka.ilkd.key.nparser.builder.AbstractBuilder.lambda$mapOf$0(AbstractBuilder.java:124)
  java.base/java.util.stream.ReferencePipeline$3$1.accept(ReferencePipeline.java:197)
  java.base/java.util.ArrayList$ArrayListSpliterator.forEachRemaining(ArrayList.java:1625)
  java.base/java.util.stream.AbstractPipeline.copyInto(AbstractPipeline.java:509)
  java.base/java.util.stream.AbstractPipeline.wrapAndCopyInto(AbstractPipeline.java:499)
  java.base/java.util.stream.ReduceOps$ReduceOp.evaluateSequential(ReduceOps.java:921)
  java.base/java.util.stream.AbstractPipeline.evaluate(AbstractPipeline.java:234)
  java.base/java.util.stream.ReferencePipeline.collect(ReferencePipeline.java:682)
  de.uka.ilkd.key.nparser.builder.AbstractBuilder.mapOf(AbstractBuilder.java:124)
  de.uka.ilkd.key.nparser.builder.TacletPBuilder.visitDecls(TacletPBuilder.java:76)
  de.uka.ilkd.key.nparser.KeYParser$DeclsContext.accept(KeYParser.java:515)
  org.antlr.v4.runtime.tree.AbstractParseTreeVisitor.visitChildren(AbstractParseTreeVisitor.java:46)
  de.uka.ilkd.key.nparser.KeYParserBaseVisitor.visitFile(KeYParserBaseVisitor.java:24)
  de.uka.ilkd.key.nparser.KeYParser$FileContext.accept(KeYParser.java:313)
  de.uka.ilkd.key.nparser.KeyAst.accept(KeyAst.java:43)
  de.uka.ilkd.key.nparser.KeyIO$Loader.loadTaclets(KeyIO.java:340)
  de.uka.ilkd.key.nparser.KeyIO$Loader.loadComplete(KeyIO.java:243)
  de.uka.ilkd.key.proof.io.KeYFileForTests.read(KeYFileForTests.java:53)
  de.uka.ilkd.key.proof.init.ProblemInitializer.readEnvInput(ProblemInitializer.java:323)
  de.uka.ilkd.key.proof.init.ProblemInitializer.prepare(ProblemInitializer.java:561)
  de.uka.ilkd.key.proof.init.ProblemInitializer.prepare(ProblemInitializer.java:471)
  de.uka.ilkd.key.rule.TacletForTests.parse(TacletForTests.java:80)
  de.uka.ilkd.key.rule.TacletForTests.parse(TacletForTests.java:125)
  de.uka.ilkd.key.rule.TacletForTests.parse(TacletForTests.java:129)
  de.uka.ilkd.key.rule.TestMatchTaclet.setUp(TestMatchTaclet.java:60)
  java.base/jdk.internal.reflect.NativeMethodAccessorImpl.invoke0(Native Method)
  java.base/jdk.internal.reflect.NativeMethodAccessorImpl.invoke(NativeMethodAccessorImpl.java:77)
  java.base/jdk.internal.reflect.DelegatingMethodAccessorImpl.invoke(DelegatingMethodAccessorImpl.java:43)
  java.base/java.lang.reflect.Method.invoke(Method.java:568)
  org.junit.platform.commons.util.ReflectionUtils.invokeMethod(ReflectionUtils.java:727)
  org.junit.jupiter.engine.execution.MethodInvocation.proceed(MethodInvocation.java:60)
  org.junit.jupiter.engine.execution.InvocationInterceptorChain$ValidatingInvocation.proceed(InvocationInterceptorChain.java:131)
  org.junit.jupiter.engine.extension.TimeoutExtension.intercept(TimeoutExtension.java:156)
  org.junit.jupiter.engine.extension.TimeoutExtension.interceptLifecycleMethod(TimeoutExtension.java:128)
  org.junit.jupiter.engine.extension.TimeoutExtension.interceptBeforeEachMethod(TimeoutExtension.java:78)
  org.junit.jupiter.engine.execution.InterceptingExecutableInvoker$ReflectiveInterceptorCall.lambda$ofVoidMethod$0(InterceptingExecutableInvoker.java:103)
  org.junit.jupiter.engine.execution.InterceptingExecutableInvoker.lambda$invoke$0(InterceptingExecutableInvoker.java:93)
  org.junit.jupiter.engine.execution.InvocationInterceptorChain$InterceptedInvocation.proceed(InvocationInterceptorChain.java:106)
  org.junit.jupiter.engine.execution.InvocationInterceptorChain.proceed(InvocationInterceptorChain.java:64)
  org.junit.jupiter.engine.execution.InvocationInterceptorChain.chainAndInvoke(InvocationInterceptorChain.java:45)
  org.junit.jupiter.engine.execution.InvocationInterceptorChain.invoke(InvocationInterceptorChain.java:37)
  org.junit.jupiter.engine.execution.InterceptingExecutableInvoker.invoke(InterceptingExecutableInvoker.java:92)
  org.junit.jupiter.engine.execution.InterceptingExecutableInvoker.invoke(InterceptingExecutableInvoker.java:86)
  org.junit.jupiter.engine.descriptor.ClassBasedTestDescriptor.invokeMethodInExtensionContext(ClassBasedTestDescriptor.java:520)
  org.junit.jupiter.engine.descriptor.ClassBasedTestDescriptor.lambda$synthesizeBeforeEachMethodAdapter$23(ClassBasedTestDescriptor.java:505)
  org.junit.jupiter.engine.descriptor.TestMethodTestDescriptor.lambda$invokeBeforeEachMethods$3(TestMethodTestDescriptor.java:174)
  org.junit.jupiter.engine.descriptor.TestMethodTestDescriptor.lambda$invokeBeforeMethodsOrCallbacksUntilExceptionOccurs$6(TestMethodTestDescriptor.java:202)
  org.junit.platform.engine.support.hierarchical.ThrowableCollector.execute(ThrowableCollector.java:73)
  org.junit.jupiter.engine.descriptor.TestMethodTestDescriptor.invokeBeforeMethodsOrCallbacksUntilExceptionOccurs(TestMethodTestDescriptor.java:202)
  org.junit.jupiter.engine.descriptor.TestMethodTestDescriptor.invokeBeforeEachMethods(TestMethodTestDescriptor.java:171)
  org.junit.jupiter.engine.descriptor.TestMethodTestDescriptor.execute(TestMethodTestDescriptor.java:134)
  org.junit.jupiter.engine.descriptor.TestMethodTestDescriptor.execute(TestMethodTestDescriptor.java:68)
  org.junit.platform.engine.support.hierarchical.NodeTestTask.lambda$executeRecursively$6(NodeTestTask.java:151)
  org.junit.platform.engine.support.hierarchical.ThrowableCollector.execute(ThrowableCollector.java:73)
  org.junit.platform.engine.support.hierarchical.NodeTestTask.lambda$executeRecursively$8(NodeTestTask.java:141)
  org.junit.platform.engine.support.hierarchical.Node.around(Node.java:137)
  org.junit.platform.engine.support.hierarchical.NodeTestTask.lambda$executeRecursively$9(NodeTestTask.java:139)
  org.junit.platform.engine.support.hierarchical.ThrowableCollector.execute(ThrowableCollector.java:73)
  org.junit.platform.engine.support.hierarchical.NodeTestTask.executeRecursively(NodeTestTask.java:138)
  org.junit.platform.engine.support.hierarchical.NodeTestTask.execute(NodeTestTask.java:95)
  java.base/java.util.ArrayList.forEach(ArrayList.java:1511)
  org.junit.platform.engine.support.hierarchical.SameThreadHierarchicalTestExecutorService.invokeAll(SameThreadHierarchicalTestExecutorService.java:41)
  org.junit.platform.engine.support.hierarchical.NodeTestTask.lambda$executeRecursively$6(NodeTestTask.java:155)
  org.junit.platform.engine.support.hierarchical.ThrowableCollector.execute(ThrowableCollector.java:73)
  org.junit.platform.engine.support.hierarchical.NodeTestTask.lambda$executeRecursively$8(NodeTestTask.java:141)
  org.junit.platform.engine.support.hierarchical.Node.around(Node.java:137)
  org.junit.platform.engine.support.hierarchical.NodeTestTask.lambda$executeRecursively$9(NodeTestTask.java:139)
  org.junit.platform.engine.support.hierarchical.ThrowableCollector.execute(ThrowableCollector.java:73)
  org.junit.platform.engine.support.hierarchical.NodeTestTask.executeRecursively(NodeTestTask.java:138)
  org.junit.platform.engine.support.hierarchical.NodeTestTask.execute(NodeTestTask.java:95)
  java.base/java.util.ArrayList.forEach(ArrayList.java:1511)
  org.junit.platform.engine.support.hierarchical.SameThreadHierarchicalTestExecutorService.invokeAll(SameThreadHierarchicalTestExecutorService.java:41)
  org.junit.platform.engine.support.hierarchical.NodeTestTask.lambda$executeRecursively$6(NodeTestTask.java:155)
  org.junit.platform.engine.support.hierarchical.ThrowableCollector.execute(ThrowableCollector.java:73)
  org.junit.platform.engine.support.hierarchical.NodeTestTask.lambda$executeRecursively$8(NodeTestTask.java:141)
  org.junit.platform.engine.support.hierarchical.Node.around(Node.java:137)
  org.junit.platform.engine.support.hierarchical.NodeTestTask.lambda$executeRecursively$9(NodeTestTask.java:139)
  org.junit.platform.engine.support.hierarchical.ThrowableCollector.execute(ThrowableCollector.java:73)
  org.junit.platform.engine.support.hierarchical.NodeTestTask.executeRecursively(NodeTestTask.java:138)
  org.junit.platform.engine.support.hierarchical.NodeTestTask.execute(NodeTestTask.java:95)
  org.junit.platform.engine.support.hierarchical.SameThreadHierarchicalTestExecutorService.submit(SameThreadHierarchicalTestExecutorService.java:35)
  org.junit.platform.engine.support.hierarchical.HierarchicalTestExecutor.execute(HierarchicalTestExecutor.java:57)
  org.junit.platform.engine.support.hierarchical.HierarchicalTestEngine.execute(HierarchicalTestEngine.java:54)
  org.junit.platform.launcher.core.EngineExecutionOrchestrator.execute(EngineExecutionOrchestrator.java:107)
  org.junit.platform.launcher.core.EngineExecutionOrchestrator.execute(EngineExecutionOrchestrator.java:88)
  org.junit.platform.launcher.core.EngineExecutionOrchestrator.lambda$execute$0(EngineExecutionOrchestrator.java:54)
  org.junit.platform.launcher.core.EngineExecutionOrchestrator.withInterceptedStreams(EngineExecutionOrchestrator.java:67)
  org.junit.platform.launcher.core.EngineExecutionOrchestrator.execute(EngineExecutionOrchestrator.java:52)
  org.junit.platform.launcher.core.DefaultLauncher.execute(DefaultLauncher.java:114)
  org.junit.platform.launcher.core.DefaultLauncher.execute(DefaultLauncher.java:86)
  org.junit.platform.launcher.core.DefaultLauncherSession$DelegatingLauncher.execute(DefaultLauncherSession.java:86)
  org.gradle.api.internal.tasks.testing.junitplatform.JUnitPlatformTestClassProcessor$CollectAllTestClassesExecutor.processAllTestClasses(JUnitPlatformTestClassProcessor.java:110)
  org.gradle.api.internal.tasks.testing.junitplatform.JUnitPlatformTestClassProcessor$CollectAllTestClassesExecutor.access$000(JUnitPlatformTestClassProcessor.java:90)
  org.gradle.api.internal.tasks.testing.junitplatform.JUnitPlatformTestClassProcessor.stop(JUnitPlatformTestClassProcessor.java:85)
  org.gradle.api.internal.tasks.testing.SuiteTestClassProcessor.stop(SuiteTestClassProcessor.java:62)
  java.base/jdk.internal.reflect.NativeMethodAccessorImpl.invoke0(Native Method)
  java.base/jdk.internal.reflect.NativeMethodAccessorImpl.invoke(NativeMethodAccessorImpl.java:77)
  java.base/jdk.internal.reflect.DelegatingMethodAccessorImpl.invoke(DelegatingMethodAccessorImpl.java:43)
  java.base/java.lang.reflect.Method.invoke(Method.java:568)
  org.gradle.internal.dispatch.ReflectionDispatch.dispatch(ReflectionDispatch.java:36)
  org.gradle.internal.dispatch.ReflectionDispatch.dispatch(ReflectionDispatch.java:24)
  org.gradle.internal.dispatch.ContextClassLoaderDispatch.dispatch(ContextClassLoaderDispatch.java:33)
  org.gradle.internal.dispatch.ProxyDispatchAdapter$DispatchingInvocationHandler.invoke(ProxyDispatchAdapter.java:94)
  jdk.proxy2/jdk.proxy2.$Proxy5.stop(Unknown Source)
  org.gradle.api.internal.tasks.testing.worker.TestWorker$3.run(TestWorker.java:193)
  org.gradle.api.internal.tasks.testing.worker.TestWorker.executeAndMaintainThreadName(TestWorker.java:129)
  org.gradle.api.internal.tasks.testing.worker.TestWorker.execute(TestWorker.java:100)
  org.gradle.api.internal.tasks.testing.worker.TestWorker.execute(TestWorker.java:60)
  org.gradle.process.internal.worker.child.ActionExecutionWorker.execute(ActionExecutionWorker.java:56)
  org.gradle.process.internal.worker.child.SystemApplicationClassLoaderWorker.call(SystemApplicationClassLoaderWorker.java:113)
  org.gradle.process.internal.worker.child.SystemApplicationClassLoaderWorker.call(SystemApplicationClassLoaderWorker.java:65)
  worker.org.gradle.process.internal.worker.GradleWorkerMain.run(GradleWorkerMain.java:69)
  worker.org.gradle.process.internal.worker.GradleWorkerMain.main(GradleWorkerMain.java:74). com.github.javaparser.ParseException: Encountered unexpected token: "}" "}"
    at line 1, column 22.

Was expecting one of:

    ","
    ";"
    "="
    "@"
    "["

	at com.github.javaparser.GeneratedJavaParser.generateParseException(GeneratedJavaParser.java:18340)

91597      ERROR Test worker     d.u.i.k.n.b.TacletPBuilder Error in parsing taclet. de.uka.ilkd.key.util.parsing.BuildingExceptions: Multiple errors occured
	at de.uka.ilkd.key.java.JavaService.reportErrors(JavaService.java:219)

91601      DEBUG Test worker     d.u.i.k.n.KeyIO           MODE: taclets took 44ms 
91792      ERROR Test worker     d.u.i.k.j.KeYJPMapping    Duplicate registration of node: boolean, formerNode: /*@ pure @*/
boolean 
91798      ERROR Test worker     d.u.i.k.j.KeYJPMapping    Duplicate registration of node: Object, formerNode: java.lang.Object 
91798      ERROR Test worker     d.u.i.k.j.KeYJPMapping    Duplicate registration of node: Object, formerNode: java.lang.Object 
91802      ERROR Test worker     d.u.i.k.j.KeYJPMapping    Duplicate registration of node: Annotation, formerNode: Annotation 
91804      ERROR Test worker     d.u.i.k.j.KeYJPMapping    Duplicate registration of node: ArithmeticException, formerNode: ArithmeticException 
91806      ERROR Test worker     d.u.i.k.j.KeYJPMapping    Duplicate registration of node: ArrayIndexOutOfBoundsException, formerNode: ArrayIndexOutOfBoundsException 
91807      ERROR Test worker     d.u.i.k.j.KeYJPMapping    Duplicate registration of node: ArrayStoreException, formerNode: ArrayStoreException 
91808      ERROR Test worker     d.u.i.k.j.KeYJPMapping    Duplicate registration of node: AssertionError, formerNode: AssertionError 
91810      ERROR Test worker     d.u.i.k.j.KeYJPMapping    Duplicate registration of node: Character, formerNode: Character 
91810      ERROR Test worker     d.u.i.k.j.KeYJPMapping    Duplicate registration of node: Class, formerNode: java.lang.Class 
91810      ERROR Test worker     d.u.i.k.j.KeYJPMapping    Duplicate registration of node: Class, formerNode: java.lang.Class 
91811      ERROR Test worker     d.u.i.k.j.KeYJPMapping    Duplicate registration of node: ClassCastException, formerNode: ClassCastException 
91813      ERROR Test worker     d.u.i.k.j.KeYJPMapping    Duplicate registration of node: CloneNotSupportedException, formerNode: CloneNotSupportedException 
91813      ERROR Test worker     d.u.i.k.j.KeYJPMapping    Duplicate registration of node: Cloneable, formerNode: Cloneable 
91814      ERROR Test worker     d.u.i.k.j.KeYJPMapping    Duplicate registration of node: Comparable, formerNode: Comparable 
91815      ERROR Test worker     d.u.i.k.j.KeYJPMapping    Duplicate registration of node: Double, formerNode: Double 
91817      ERROR Test worker     d.u.i.k.j.KeYJPMapping    Duplicate registration of node: Enum, formerNode: java.lang.Enum 
91817      ERROR Test worker     d.u.i.k.j.KeYJPMapping    Duplicate registration of node: Enum, formerNode: java.lang.Enum 
91819      ERROR Test worker     d.u.i.k.j.KeYJPMapping    Duplicate registration of node: Error, formerNode: Error 
91821      ERROR Test worker     d.u.i.k.j.KeYJPMapping    Duplicate registration of node: Exception, formerNode: Exception 
91822      ERROR Test worker     d.u.i.k.j.KeYJPMapping    Duplicate registration of node: ExceptionInInitializerError, formerNode: java.lang.ExceptionInInitializerError 
91823      ERROR Test worker     d.u.i.k.j.KeYJPMapping    Duplicate registration of node: ExceptionInInitializerError, formerNode: java.lang.ExceptionInInitializerError 
91823      ERROR Test worker     d.u.i.k.j.KeYJPMapping    Duplicate registration of node: Float, formerNode: Float 
91824      ERROR Test worker     d.u.i.k.j.KeYJPMapping    Duplicate registration of node: IllegalArgumentException, formerNode: IllegalArgumentException 
91825      ERROR Test worker     d.u.i.k.j.KeYJPMapping    Duplicate registration of node: IndexOutOfBoundsException, formerNode: IndexOutOfBoundsException 
91841      ERROR Test worker     d.u.i.k.j.KeYJPMapping    Duplicate registration of node: Integer, formerNode: java.lang.Integer 
91841      ERROR Test worker     d.u.i.k.j.KeYJPMapping    Duplicate registration of node: Integer, formerNode: java.lang.Integer 
91842      ERROR Test worker     d.u.i.k.j.KeYJPMapping    Duplicate registration of node: InterruptedException, formerNode: InterruptedException 
91843      ERROR Test worker     d.u.i.k.j.KeYJPMapping    Duplicate registration of node: Iterable, formerNode: Iterable 
91844      ERROR Test worker     d.u.i.k.j.KeYJPMapping    Duplicate registration of node: LinkageError, formerNode: LinkageError 
91853      ERROR Test worker     d.u.i.k.j.KeYJPMapping    Duplicate registration of node: Math, formerNode: Math 
91855      ERROR Test worker     d.u.i.k.j.KeYJPMapping    Duplicate registration of node: NegativeArraySizeException, formerNode: NegativeArraySizeException 
91855      ERROR Test worker     d.u.i.k.j.KeYJPMapping    Duplicate registration of node: NoClassDefFoundError, formerNode: java.lang.NoClassDefFoundError 
91856      ERROR Test worker     d.u.i.k.j.KeYJPMapping    Duplicate registration of node: NoClassDefFoundError, formerNode: java.lang.NoClassDefFoundError 
91856      ERROR Test worker     d.u.i.k.j.KeYJPMapping    Duplicate registration of node: NullPointerException, formerNode: NullPointerException 
91857      ERROR Test worker     d.u.i.k.j.KeYJPMapping    Duplicate registration of node: Number, formerNode: Number 
91859      ERROR Test worker     d.u.i.k.j.KeYJPMapping    Duplicate registration of node: NumberFormatException, formerNode: NumberFormatException 
91860      ERROR Test worker     d.u.i.k.j.KeYJPMapping    Duplicate registration of node: VirtualMachineError, formerNode: VirtualMachineError 
91862      ERROR Test worker     d.u.i.k.j.KeYJPMapping    Duplicate registration of node: OutOfMemoryError, formerNode: OutOfMemoryError 
91862      ERROR Test worker     d.u.i.k.j.KeYJPMapping    Duplicate registration of node: Runnable, formerNode: Runnable 
91864      ERROR Test worker     d.u.i.k.j.KeYJPMapping    Duplicate registration of node: RuntimeException, formerNode: RuntimeException 
91864      ERROR Test worker     d.u.i.k.j.KeYJPMapping    Duplicate registration of node: /*@pure*/
int, formerNode: int 
91867      ERROR Test worker     d.u.i.k.j.KeYJPMapping    Duplicate registration of node: /*@ helper */
int, formerNode: int 
91867      ERROR Test worker     d.u.i.k.j.KeYJPMapping    Duplicate registration of node: /*@ helper */
boolean, formerNode: /*@ pure @*/
boolean 
91876      ERROR Test worker     d.u.i.k.j.KeYJPMapping    Duplicate registration of node: /*@ helper */
java.lang.String, formerNode: java.lang.String 
91888      ERROR Test worker     d.u.i.k.j.KeYJPMapping    Duplicate registration of node: String, formerNode: java.lang.String 
91910      ERROR Test worker     d.u.i.k.j.KeYJPMapping    Duplicate registration of node: String, formerNode: java.lang.String 
91912      ERROR Test worker     d.u.i.k.j.KeYJPMapping    Duplicate registration of node: char, formerNode: /*@ helper */
char 
91914      ERROR Test worker     d.u.i.k.j.KeYJPMapping    Duplicate registration of node: StringBuffer, formerNode: StringBuffer 
91917      ERROR Test worker     d.u.i.k.j.KeYJPMapping    Duplicate registration of node: System, formerNode: System 
91918      ERROR Test worker     d.u.i.k.j.KeYJPMapping    Duplicate registration of node: Thread, formerNode: Thread 
91921      ERROR Test worker     d.u.i.k.j.KeYJPMapping    Duplicate registration of node: Throwable, formerNode: java.lang.Throwable 
91922      ERROR Test worker     d.u.i.k.j.KeYJPMapping    Duplicate registration of node: Throwable, formerNode: java.lang.Throwable 
91927      ERROR Test worker     d.u.i.k.j.KeYJPMapping    Duplicate registration of node: Collection, formerNode: Collection 
91929      ERROR Test worker     d.u.i.k.j.KeYJPMapping    Duplicate registration of node: Iterator, formerNode: java.util.Iterator 
91929      ERROR Test worker     d.u.i.k.j.KeYJPMapping    Duplicate registration of node: Iterator, formerNode: java.util.Iterator 
91933      ERROR Test worker     d.u.i.k.j.KeYJPMapping    Duplicate registration of node: List, formerNode: java.util.List 
91934      ERROR Test worker     d.u.i.k.j.KeYJPMapping    Duplicate registration of node: List, formerNode: java.util.List 
91936      ERROR Test worker     d.u.i.k.j.KeYJPMapping    Duplicate registration of node: ListIterator, formerNode: java.util.ListIterator 
91936      ERROR Test worker     d.u.i.k.j.KeYJPMapping    Duplicate registration of node: ListIterator, formerNode: java.util.ListIterator 
91938      ERROR Test worker     d.u.i.k.j.KeYJPMapping    Duplicate registration of node: Long, formerNode: Long 
91939      ERROR Test worker     d.u.i.k.j.KeYJPMapping    Duplicate registration of node: Boolean, formerNode: Boolean 
91943      ERROR Test worker     d.u.i.k.j.KeYJPMapping    Duplicate registration of node: Map, formerNode: Map 
91947      ERROR Test worker     d.u.i.k.j.KeYJPMapping    Duplicate registration of node: Set, formerNode: java.util.Set 
91948      ERROR Test worker     d.u.i.k.j.KeYJPMapping    Duplicate registration of node: Set, formerNode: java.util.Set 
91949      ERROR Test worker     d.u.i.k.j.KeYJPMapping    Duplicate registration of node: FilterOutputStream, formerNode: FilterOutputStream 
91950      ERROR Test worker     d.u.i.k.j.KeYJPMapping    Duplicate registration of node: InputStream, formerNode: java.io.InputStream 
91950      ERROR Test worker     d.u.i.k.j.KeYJPMapping    Duplicate registration of node: InputStream, formerNode: java.io.InputStream 
91952      ERROR Test worker     d.u.i.k.j.KeYJPMapping    Duplicate registration of node: IOException, formerNode: IOException 
91952      ERROR Test worker     d.u.i.k.j.KeYJPMapping    Duplicate registration of node: OutputStream, formerNode: java.io.OutputStream 
91952      ERROR Test worker     d.u.i.k.j.KeYJPMapping    Duplicate registration of node: OutputStream, formerNode: java.io.OutputStream 
91958      ERROR Test worker     d.u.i.k.j.KeYJPMapping    Duplicate registration of node: PrintStream, formerNode: java.io.PrintStream 
91958      ERROR Test worker     d.u.i.k.j.KeYJPMapping    Duplicate registration of node: PrintStream, formerNode: java.io.PrintStream 
91959      ERROR Test worker     d.u.i.k.j.KeYJPMapping    Duplicate registration of node: Serializable, formerNode: Serializable 
91960      ERROR Test worker     d.u.i.k.j.KeYJPMapping    Duplicate registration of node: BigInteger, formerNode: java.math.BigInteger 
91962      ERROR Test worker     d.u.i.k.j.KeYJPMapping    Duplicate registration of node: BigInteger, formerNode: java.math.BigInteger 
91963      ERROR Test worker     d.u.i.k.j.KeYJPMapping    Duplicate registration of node: ArrayList, formerNode: ArrayList 
91965      ERROR Test worker     d.u.i.k.j.KeYJPMapping    Duplicate registration of node: byte[], formerNode: byte[] 
91985      ERROR Test worker     d.u.i.k.j.KeYJPMapping    Duplicate registration of node: Arrays, formerNode: Arrays 
91986      ERROR Test worker     d.u.i.k.j.KeYJPMapping    Duplicate registration of node: ListIteratorImpl, formerNode: ListIteratorImpl 
91987      ERROR Test worker     d.u.i.k.j.KeYJPMapping    Duplicate registration of node: Date, formerNode: Date 
91987      ERROR Test worker     d.u.i.k.j.KeYJPMapping    Duplicate registration of node: LinkedHashMap, formerNode: LinkedHashMap 
91988      ERROR Test worker     d.u.i.k.j.KeYJPMapping    Duplicate registration of node: /*@pure@*/
String, formerNode: /*@strictly_pure*/
java.lang.String 
91989      ERROR Test worker     d.u.i.k.j.KeYJPMapping    Duplicate registration of node: LinkedList, formerNode: LinkedList 
92004      INFO  Test worker     d.u.i.k.n.KeyIO           Parsing took 2 ms 
92004      DEBUG Test worker     d.u.i.k.n.KeyIO           Load declarations of de.uka.ilkd.key.nparser.KeyAst$File:  /home/runner/work/key/key/key.core/src/test/resources/testcase/../de/uka/ilkd/key/rule/testRuleMatch.txt:8#1 
92005      INFO  Test worker     d.u.i.k.n.KeyIO           MODE: declarations took 1 ms 
92005      DEBUG Test worker     d.u.i.k.n.KeyIO           MODE: 2nd degree decls took 0 
92049      ERROR Test worker     d.u.i.k.j.JavaService     Error in (line 1,col 11) Parse error. Found "}", expected one of  "," ";" "=" "@" "["
Problem stacktrace : 
  com.github.javaparser.GeneratedJavaParser.generateParseException(GeneratedJavaParser.java:18340)
  com.github.javaparser.GeneratedJavaParser.jj_consume_token(GeneratedJavaParser.java:18179)
  com.github.javaparser.GeneratedJavaParser.BlockStatement(GeneratedJavaParser.java:6611)
  com.github.javaparser.GeneratedJavaParser.Statements(GeneratedJavaParser.java:3114)
  com.github.javaparser.GeneratedJavaParser.Block(GeneratedJavaParser.java:6548)
  com.github.javaparser.GeneratedJavaParser.Statement(GeneratedJavaParser.java:6344)
  com.github.javaparser.GeneratedJavaParser.BlockStatement(GeneratedJavaParser.java:6727)
  com.github.javaparser.GeneratedJavaParser.Statements(GeneratedJavaParser.java:3114)
  com.github.javaparser.GeneratedJavaParser.Block(GeneratedJavaParser.java:6548)
  com.github.javaparser.GeneratedJavaParser.BlockParseStart(GeneratedJavaParser.java:9483)
  com.github.javaparser.JavaParser.parse(JavaParser.java:121)
  com.github.javaparser.JavaParser.parseBlock(JavaParser.java:313)
  de.uka.ilkd.key.java.JavaParserFactory.parseStatementBlock(JavaParserFactory.java:167)
  de.uka.ilkd.key.java.JavaService.recoderBlock(JavaService.java:782)
  de.uka.ilkd.key.java.JavaService.readBlock(JavaService.java:819)
  de.uka.ilkd.key.java.JavaService.readBlockWithProgramVariables(JavaService.java:875)
  de.uka.ilkd.key.nparser.builder.ExpressionBuilder.getJavaBlock(ExpressionBuilder.java:568)
  de.uka.ilkd.key.nparser.builder.ExpressionBuilder.visitModality_term(ExpressionBuilder.java:1074)
  de.uka.ilkd.key.nparser.KeYParser$Modality_termContext.accept(KeYParser.java:4623)
  org.antlr.v4.runtime.tree.AbstractParseTreeVisitor.visitChildren(AbstractParseTreeVisitor.java:46)
  de.uka.ilkd.key.nparser.KeYParserBaseVisitor.visitTerm60(KeYParserBaseVisitor.java:381)
  de.uka.ilkd.key.nparser.KeYParser$Term60Context.accept(KeYParser.java:4485)
  de.uka.ilkd.key.nparser.builder.AbstractBuilder.accept(AbstractBuilder.java:48)
  de.uka.ilkd.key.nparser.builder.DefaultBuilder.accept(DefaultBuilder.java:35)
  de.uka.ilkd.key.nparser.builder.ExpressionBuilder.visitConjunction_term(ExpressionBuilder.java:238)
  de.uka.ilkd.key.nparser.builder.ExpressionBuilder.visitConjunction_term(ExpressionBuilder.java:49)
  de.uka.ilkd.key.nparser.KeYParser$Conjunction_termContext.accept(KeYParser.java:4419)
  de.uka.ilkd.key.nparser.builder.AbstractBuilder.accept(AbstractBuilder.java:48)
  de.uka.ilkd.key.nparser.builder.DefaultBuilder.accept(DefaultBuilder.java:35)
  de.uka.ilkd.key.nparser.builder.ExpressionBuilder.visitDisjunction_term(ExpressionBuilder.java:229)
  de.uka.ilkd.key.nparser.builder.ExpressionBuilder.visitDisjunction_term(ExpressionBuilder.java:49)
  de.uka.ilkd.key.nparser.KeYParser$Disjunction_termContext.accept(KeYParser.java:4346)
  de.uka.ilkd.key.nparser.builder.AbstractBuilder.accept(AbstractBuilder.java:48)
  de.uka.ilkd.key.nparser.builder.DefaultBuilder.accept(DefaultBuilder.java:35)
  de.uka.ilkd.key.nparser.builder.ExpressionBuilder.visitImplication_term(ExpressionBuilder.java:222)
  de.uka.ilkd.key.nparser.builder.ExpressionBuilder.visitImplication_term(ExpressionBuilder.java:49)
  de.uka.ilkd.key.nparser.KeYParser$Implication_termContext.accept(KeYParser.java:4278)
  de.uka.ilkd.key.nparser.builder.AbstractBuilder.accept(AbstractBuilder.java:48)
  de.uka.ilkd.key.nparser.builder.DefaultBuilder.accept(DefaultBuilder.java:35)
  de.uka.ilkd.key.nparser.builder.ExpressionBuilder.visitEquivalence_term(ExpressionBuilder.java:198)
  de.uka.ilkd.key.nparser.builder.ExpressionBuilder.visitEquivalence_term(ExpressionBuilder.java:49)
  de.uka.ilkd.key.nparser.KeYParser$Equivalence_termContext.accept(KeYParser.java:4209)
  de.uka.ilkd.key.nparser.builder.AbstractBuilder.accept(AbstractBuilder.java:48)
  de.uka.ilkd.key.nparser.builder.DefaultBuilder.accept(DefaultBuilder.java:35)
  de.uka.ilkd.key.nparser.builder.ExpressionBuilder.visitElementary_update_term(ExpressionBuilder.java:188)
  de.uka.ilkd.key.nparser.builder.ExpressionBuilder.visitElementary_update_term(ExpressionBuilder.java:49)
  de.uka.ilkd.key.nparser.KeYParser$Elementary_update_termContext.accept(KeYParser.java:4142)
  de.uka.ilkd.key.nparser.builder.AbstractBuilder.lambda$mapOf$0(AbstractBuilder.java:124)
  java.base/java.util.stream.ReferencePipeline$3$1.accept(ReferencePipeline.java:197)
  java.base/java.util.ArrayList$ArrayListSpliterator.forEachRemaining(ArrayList.java:1625)
  java.base/java.util.stream.AbstractPipeline.copyInto(AbstractPipeline.java:509)
  java.base/java.util.stream.AbstractPipeline.wrapAndCopyInto(AbstractPipeline.java:499)
  java.base/java.util.stream.ReduceOps$ReduceOp.evaluateSequential(ReduceOps.java:921)
  java.base/java.util.stream.AbstractPipeline.evaluate(AbstractPipeline.java:234)
  java.base/java.util.stream.ReferencePipeline.collect(ReferencePipeline.java:682)
  de.uka.ilkd.key.nparser.builder.AbstractBuilder.mapOf(AbstractBuilder.java:124)
  de.uka.ilkd.key.nparser.builder.ExpressionBuilder.visitParallel_term(ExpressionBuilder.java:173)
  de.uka.ilkd.key.nparser.builder.ExpressionBuilder.visitParallel_term(ExpressionBuilder.java:49)
  de.uka.ilkd.key.nparser.KeYParser$Parallel_termContext.accept(KeYParser.java:4074)
  org.antlr.v4.runtime.tree.AbstractParseTreeVisitor.visitChildren(AbstractParseTreeVisitor.java:46)
  de.uka.ilkd.key.nparser.KeYParserBaseVisitor.visitTerm(KeYParserBaseVisitor.java:332)
  de.uka.ilkd.key.nparser.KeYParser$TermContext.accept(KeYParser.java:4020)
  de.uka.ilkd.key.nparser.builder.AbstractBuilder.accept(AbstractBuilder.java:48)
  de.uka.ilkd.key.nparser.builder.DefaultBuilder.accept(DefaultBuilder.java:35)
  de.uka.ilkd.key.nparser.builder.ExpressionBuilder.visitTermorseq(ExpressionBuilder.java:511)
  de.uka.ilkd.key.nparser.KeYParser$TermorseqContext.accept(KeYParser.java:8199)
  de.uka.ilkd.key.nparser.builder.AbstractBuilder.accept(AbstractBuilder.java:48)
  de.uka.ilkd.key.nparser.builder.DefaultBuilder.accept(DefaultBuilder.java:35)
  de.uka.ilkd.key.nparser.builder.TacletPBuilder.visitTaclet(TacletPBuilder.java:195)
  de.uka.ilkd.key.nparser.builder.TacletPBuilder.visitTaclet(TacletPBuilder.java:41)
  de.uka.ilkd.key.nparser.KeYParser$TacletContext.accept(KeYParser.java:7771)
  de.uka.ilkd.key.nparser.builder.AbstractBuilder.lambda$mapOf$0(AbstractBuilder.java:124)
  java.base/java.util.stream.ReferencePipeline$3$1.accept(ReferencePipeline.java:197)
  java.base/java.util.ArrayList$ArrayListSpliterator.forEachRemaining(ArrayList.java:1625)
  java.base/java.util.stream.AbstractPipeline.copyInto(AbstractPipeline.java:509)
  java.base/java.util.stream.AbstractPipeline.wrapAndCopyInto(AbstractPipeline.java:499)
  java.base/java.util.stream.ReduceOps$ReduceOp.evaluateSequential(ReduceOps.java:921)
  java.base/java.util.stream.AbstractPipeline.evaluate(AbstractPipeline.java:234)
  java.base/java.util.stream.ReferencePipeline.collect(ReferencePipeline.java:682)
  de.uka.ilkd.key.nparser.builder.AbstractBuilder.mapOf(AbstractBuilder.java:124)
  de.uka.ilkd.key.nparser.builder.TacletPBuilder.visitRulesOrAxioms(TacletPBuilder.java:95)
  de.uka.ilkd.key.nparser.KeYParser$RulesOrAxiomsContext.accept(KeYParser.java:10795)
  de.uka.ilkd.key.nparser.builder.AbstractBuilder.lambda$mapOf$0(AbstractBuilder.java:124)
  java.base/java.util.stream.ReferencePipeline$3$1.accept(ReferencePipeline.java:197)
  java.base/java.util.ArrayList$ArrayListSpliterator.forEachRemaining(ArrayList.java:1625)
  java.base/java.util.stream.AbstractPipeline.copyInto(AbstractPipeline.java:509)
  java.base/java.util.stream.AbstractPipeline.wrapAndCopyInto(AbstractPipeline.java:499)
  java.base/java.util.stream.ReduceOps$ReduceOp.evaluateSequential(ReduceOps.java:921)
  java.base/java.util.stream.AbstractPipeline.evaluate(AbstractPipeline.java:234)
  java.base/java.util.stream.ReferencePipeline.collect(ReferencePipeline.java:682)
  de.uka.ilkd.key.nparser.builder.AbstractBuilder.mapOf(AbstractBuilder.java:124)
  de.uka.ilkd.key.nparser.builder.TacletPBuilder.visitDecls(TacletPBuilder.java:76)
  de.uka.ilkd.key.nparser.KeYParser$DeclsContext.accept(KeYParser.java:515)
  org.antlr.v4.runtime.tree.AbstractParseTreeVisitor.visitChildren(AbstractParseTreeVisitor.java:46)
  de.uka.ilkd.key.nparser.KeYParserBaseVisitor.visitFile(KeYParserBaseVisitor.java:24)
  de.uka.ilkd.key.nparser.KeYParser$FileContext.accept(KeYParser.java:313)
  de.uka.ilkd.key.nparser.KeyAst.accept(KeyAst.java:43)
  de.uka.ilkd.key.nparser.KeyIO$Loader.loadTaclets(KeyIO.java:340)
  de.uka.ilkd.key.nparser.KeyIO$Loader.loadComplete(KeyIO.java:243)
  de.uka.ilkd.key.proof.io.KeYFileForTests.read(KeYFileForTests.java:53)
  de.uka.ilkd.key.proof.init.ProblemInitializer.readEnvInput(ProblemInitializer.java:323)
  de.uka.ilkd.key.proof.init.ProblemInitializer.prepare(ProblemInitializer.java:561)
  de.uka.ilkd.key.proof.init.ProblemInitializer.prepare(ProblemInitializer.java:471)
  de.uka.ilkd.key.rule.TacletForTests.parse(TacletForTests.java:80)
  de.uka.ilkd.key.rule.TacletForTests.parse(TacletForTests.java:125)
  de.uka.ilkd.key.rule.TacletForTests.parse(TacletForTests.java:129)
  de.uka.ilkd.key.rule.TestMatchTaclet.setUp(TestMatchTaclet.java:60)
  java.base/jdk.internal.reflect.NativeMethodAccessorImpl.invoke0(Native Method)
  java.base/jdk.internal.reflect.NativeMethodAccessorImpl.invoke(NativeMethodAccessorImpl.java:77)
  java.base/jdk.internal.reflect.DelegatingMethodAccessorImpl.invoke(DelegatingMethodAccessorImpl.java:43)
  java.base/java.lang.reflect.Method.invoke(Method.java:568)
  org.junit.platform.commons.util.ReflectionUtils.invokeMethod(ReflectionUtils.java:727)
  org.junit.jupiter.engine.execution.MethodInvocation.proceed(MethodInvocation.java:60)
  org.junit.jupiter.engine.execution.InvocationInterceptorChain$ValidatingInvocation.proceed(InvocationInterceptorChain.java:131)
  org.junit.jupiter.engine.extension.TimeoutExtension.intercept(TimeoutExtension.java:156)
  org.junit.jupiter.engine.extension.TimeoutExtension.interceptLifecycleMethod(TimeoutExtension.java:128)
  org.junit.jupiter.engine.extension.TimeoutExtension.interceptBeforeEachMethod(TimeoutExtension.java:78)
  org.junit.jupiter.engine.execution.InterceptingExecutableInvoker$ReflectiveInterceptorCall.lambda$ofVoidMethod$0(InterceptingExecutableInvoker.java:103)
  org.junit.jupiter.engine.execution.InterceptingExecutableInvoker.lambda$invoke$0(InterceptingExecutableInvoker.java:93)
  org.junit.jupiter.engine.execution.InvocationInterceptorChain$InterceptedInvocation.proceed(InvocationInterceptorChain.java:106)
  org.junit.jupiter.engine.execution.InvocationInterceptorChain.proceed(InvocationInterceptorChain.java:64)
  org.junit.jupiter.engine.execution.InvocationInterceptorChain.chainAndInvoke(InvocationInterceptorChain.java:45)
  org.junit.jupiter.engine.execution.InvocationInterceptorChain.invoke(InvocationInterceptorChain.java:37)
  org.junit.jupiter.engine.execution.InterceptingExecutableInvoker.invoke(InterceptingExecutableInvoker.java:92)
  org.junit.jupiter.engine.execution.InterceptingExecutableInvoker.invoke(InterceptingExecutableInvoker.java:86)
  org.junit.jupiter.engine.descriptor.ClassBasedTestDescriptor.invokeMethodInExtensionContext(ClassBasedTestDescriptor.java:520)
  org.junit.jupiter.engine.descriptor.ClassBasedTestDescriptor.lambda$synthesizeBeforeEachMethodAdapter$23(ClassBasedTestDescriptor.java:505)
  org.junit.jupiter.engine.descriptor.TestMethodTestDescriptor.lambda$invokeBeforeEachMethods$3(TestMethodTestDescriptor.java:174)
  org.junit.jupiter.engine.descriptor.TestMethodTestDescriptor.lambda$invokeBeforeMethodsOrCallbacksUntilExceptionOccurs$6(TestMethodTestDescriptor.java:202)
  org.junit.platform.engine.support.hierarchical.ThrowableCollector.execute(ThrowableCollector.java:73)
  org.junit.jupiter.engine.descriptor.TestMethodTestDescriptor.invokeBeforeMethodsOrCallbacksUntilExceptionOccurs(TestMethodTestDescriptor.java:202)
  org.junit.jupiter.engine.descriptor.TestMethodTestDescriptor.invokeBeforeEachMethods(TestMethodTestDescriptor.java:171)
  org.junit.jupiter.engine.descriptor.TestMethodTestDescriptor.execute(TestMethodTestDescriptor.java:134)
  org.junit.jupiter.engine.descriptor.TestMethodTestDescriptor.execute(TestMethodTestDescriptor.java:68)
  org.junit.platform.engine.support.hierarchical.NodeTestTask.lambda$executeRecursively$6(NodeTestTask.java:151)
  org.junit.platform.engine.support.hierarchical.ThrowableCollector.execute(ThrowableCollector.java:73)
  org.junit.platform.engine.support.hierarchical.NodeTestTask.lambda$executeRecursively$8(NodeTestTask.java:141)
  org.junit.platform.engine.support.hierarchical.Node.around(Node.java:137)
  org.junit.platform.engine.support.hierarchical.NodeTestTask.lambda$executeRecursively$9(NodeTestTask.java:139)
  org.junit.platform.engine.support.hierarchical.ThrowableCollector.execute(ThrowableCollector.java:73)
  org.junit.platform.engine.support.hierarchical.NodeTestTask.executeRecursively(NodeTestTask.java:138)
  org.junit.platform.engine.support.hierarchical.NodeTestTask.execute(NodeTestTask.java:95)
  java.base/java.util.ArrayList.forEach(ArrayList.java:1511)
  org.junit.platform.engine.support.hierarchical.SameThreadHierarchicalTestExecutorService.invokeAll(SameThreadHierarchicalTestExecutorService.java:41)
  org.junit.platform.engine.support.hierarchical.NodeTestTask.lambda$executeRecursively$6(NodeTestTask.java:155)
  org.junit.platform.engine.support.hierarchical.ThrowableCollector.execute(ThrowableCollector.java:73)
  org.junit.platform.engine.support.hierarchical.NodeTestTask.lambda$executeRecursively$8(NodeTestTask.java:141)
  org.junit.platform.engine.support.hierarchical.Node.around(Node.java:137)
  org.junit.platform.engine.support.hierarchical.NodeTestTask.lambda$executeRecursively$9(NodeTestTask.java:139)
  org.junit.platform.engine.support.hierarchical.ThrowableCollector.execute(ThrowableCollector.java:73)
  org.junit.platform.engine.support.hierarchical.NodeTestTask.executeRecursively(NodeTestTask.java:138)
  org.junit.platform.engine.support.hierarchical.NodeTestTask.execute(NodeTestTask.java:95)
  java.base/java.util.ArrayList.forEach(ArrayList.java:1511)
  org.junit.platform.engine.support.hierarchical.SameThreadHierarchicalTestExecutorService.invokeAll(SameThreadHierarchicalTestExecutorService.java:41)
  org.junit.platform.engine.support.hierarchical.NodeTestTask.lambda$executeRecursively$6(NodeTestTask.java:155)
  org.junit.platform.engine.support.hierarchical.ThrowableCollector.execute(ThrowableCollector.java:73)
  org.junit.platform.engine.support.hierarchical.NodeTestTask.lambda$executeRecursively$8(NodeTestTask.java:141)
  org.junit.platform.engine.support.hierarchical.Node.around(Node.java:137)
  org.junit.platform.engine.support.hierarchical.NodeTestTask.lambda$executeRecursively$9(NodeTestTask.java:139)
  org.junit.platform.engine.support.hierarchical.ThrowableCollector.execute(ThrowableCollector.java:73)
  org.junit.platform.engine.support.hierarchical.NodeTestTask.executeRecursively(NodeTestTask.java:138)
  org.junit.platform.engine.support.hierarchical.NodeTestTask.execute(NodeTestTask.java:95)
  org.junit.platform.engine.support.hierarchical.SameThreadHierarchicalTestExecutorService.submit(SameThreadHierarchicalTestExecutorService.java:35)
  org.junit.platform.engine.support.hierarchical.HierarchicalTestExecutor.execute(HierarchicalTestExecutor.java:57)
  org.junit.platform.engine.support.hierarchical.HierarchicalTestEngine.execute(HierarchicalTestEngine.java:54)
  org.junit.platform.launcher.core.EngineExecutionOrchestrator.execute(EngineExecutionOrchestrator.java:107)
  org.junit.platform.launcher.core.EngineExecutionOrchestrator.execute(EngineExecutionOrchestrator.java:88)
  org.junit.platform.launcher.core.EngineExecutionOrchestrator.lambda$execute$0(EngineExecutionOrchestrator.java:54)
  org.junit.platform.launcher.core.EngineExecutionOrchestrator.withInterceptedStreams(EngineExecutionOrchestrator.java:67)
  org.junit.platform.launcher.core.EngineExecutionOrchestrator.execute(EngineExecutionOrchestrator.java:52)
  org.junit.platform.launcher.core.DefaultLauncher.execute(DefaultLauncher.java:114)
  org.junit.platform.launcher.core.DefaultLauncher.execute(DefaultLauncher.java:86)
  org.junit.platform.launcher.core.DefaultLauncherSession$DelegatingLauncher.execute(DefaultLauncherSession.java:86)
  org.gradle.api.internal.tasks.testing.junitplatform.JUnitPlatformTestClassProcessor$CollectAllTestClassesExecutor.processAllTestClasses(JUnitPlatformTestClassProcessor.java:110)
  org.gradle.api.internal.tasks.testing.junitplatform.JUnitPlatformTestClassProcessor$CollectAllTestClassesExecutor.access$000(JUnitPlatformTestClassProcessor.java:90)
  org.gradle.api.internal.tasks.testing.junitplatform.JUnitPlatformTestClassProcessor.stop(JUnitPlatformTestClassProcessor.java:85)
  org.gradle.api.internal.tasks.testing.SuiteTestClassProcessor.stop(SuiteTestClassProcessor.java:62)
  java.base/jdk.internal.reflect.NativeMethodAccessorImpl.invoke0(Native Method)
  java.base/jdk.internal.reflect.NativeMethodAccessorImpl.invoke(NativeMethodAccessorImpl.java:77)
  java.base/jdk.internal.reflect.DelegatingMethodAccessorImpl.invoke(DelegatingMethodAccessorImpl.java:43)
  java.base/java.lang.reflect.Method.invoke(Method.java:568)
  org.gradle.internal.dispatch.ReflectionDispatch.dispatch(ReflectionDispatch.java:36)
  org.gradle.internal.dispatch.ReflectionDispatch.dispatch(ReflectionDispatch.java:24)
  org.gradle.internal.dispatch.ContextClassLoaderDispatch.dispatch(ContextClassLoaderDispatch.java:33)
  org.gradle.internal.dispatch.ProxyDispatchAdapter$DispatchingInvocationHandler.invoke(ProxyDispatchAdapter.java:94)
  jdk.proxy2/jdk.proxy2.$Proxy5.stop(Unknown Source)
  org.gradle.api.internal.tasks.testing.worker.TestWorker$3.run(TestWorker.java:193)
  org.gradle.api.internal.tasks.testing.worker.TestWorker.executeAndMaintainThreadName(TestWorker.java:129)
  org.gradle.api.internal.tasks.testing.worker.TestWorker.execute(TestWorker.java:100)
  org.gradle.api.internal.tasks.testing.worker.TestWorker.execute(TestWorker.java:60)
  org.gradle.process.internal.worker.child.ActionExecutionWorker.execute(ActionExecutionWorker.java:56)
  org.gradle.process.internal.worker.child.SystemApplicationClassLoaderWorker.call(SystemApplicationClassLoaderWorker.java:113)
  org.gradle.process.internal.worker.child.SystemApplicationClassLoaderWorker.call(SystemApplicationClassLoaderWorker.java:65)
  worker.org.gradle.process.internal.worker.GradleWorkerMain.run(GradleWorkerMain.java:69)
  worker.org.gradle.process.internal.worker.GradleWorkerMain.main(GradleWorkerMain.java:74). com.github.javaparser.ParseException: Encountered unexpected token: "}" "}"
    at line 1, column 22.

Was expecting one of:

    ","
    ";"
    "="
    "@"
    "["

	at com.github.javaparser.GeneratedJavaParser.generateParseException(GeneratedJavaParser.java:18340)

92050      ERROR Test worker     d.u.i.k.j.JavaService     Error in (line 1,col 11) Parse error. Found "}", expected one of  "," ";" "=" "@" "["
Problem stacktrace : 
  com.github.javaparser.GeneratedJavaParser.generateParseException(GeneratedJavaParser.java:18340)
  com.github.javaparser.GeneratedJavaParser.jj_consume_token(GeneratedJavaParser.java:18179)
  com.github.javaparser.GeneratedJavaParser.BlockStatement(GeneratedJavaParser.java:6611)
  com.github.javaparser.GeneratedJavaParser.Statements(GeneratedJavaParser.java:3114)
  com.github.javaparser.GeneratedJavaParser.Block(GeneratedJavaParser.java:6548)
  com.github.javaparser.GeneratedJavaParser.Statement(GeneratedJavaParser.java:6344)
  com.github.javaparser.GeneratedJavaParser.BlockStatement(GeneratedJavaParser.java:6727)
  com.github.javaparser.GeneratedJavaParser.Statements(GeneratedJavaParser.java:3114)
  com.github.javaparser.GeneratedJavaParser.Block(GeneratedJavaParser.java:6548)
  com.github.javaparser.GeneratedJavaParser.BlockParseStart(GeneratedJavaParser.java:9483)
  com.github.javaparser.JavaParser.parse(JavaParser.java:121)
  com.github.javaparser.JavaParser.parseBlock(JavaParser.java:313)
  de.uka.ilkd.key.java.JavaParserFactory.parseStatementBlock(JavaParserFactory.java:167)
  de.uka.ilkd.key.java.JavaService.recoderBlock(JavaService.java:782)
  de.uka.ilkd.key.java.JavaService.readBlock(JavaService.java:819)
  de.uka.ilkd.key.java.JavaService.readBlockWithEmptyContext(JavaService.java:854)
  de.uka.ilkd.key.nparser.builder.ExpressionBuilder.getJavaBlock(ExpressionBuilder.java:571)
  de.uka.ilkd.key.nparser.builder.ExpressionBuilder.visitModality_term(ExpressionBuilder.java:1074)
  de.uka.ilkd.key.nparser.KeYParser$Modality_termContext.accept(KeYParser.java:4623)
  org.antlr.v4.runtime.tree.AbstractParseTreeVisitor.visitChildren(AbstractParseTreeVisitor.java:46)
  de.uka.ilkd.key.nparser.KeYParserBaseVisitor.visitTerm60(KeYParserBaseVisitor.java:381)
  de.uka.ilkd.key.nparser.KeYParser$Term60Context.accept(KeYParser.java:4485)
  de.uka.ilkd.key.nparser.builder.AbstractBuilder.accept(AbstractBuilder.java:48)
  de.uka.ilkd.key.nparser.builder.DefaultBuilder.accept(DefaultBuilder.java:35)
  de.uka.ilkd.key.nparser.builder.ExpressionBuilder.visitConjunction_term(ExpressionBuilder.java:238)
  de.uka.ilkd.key.nparser.builder.ExpressionBuilder.visitConjunction_term(ExpressionBuilder.java:49)
  de.uka.ilkd.key.nparser.KeYParser$Conjunction_termContext.accept(KeYParser.java:4419)
  de.uka.ilkd.key.nparser.builder.AbstractBuilder.accept(AbstractBuilder.java:48)
  de.uka.ilkd.key.nparser.builder.DefaultBuilder.accept(DefaultBuilder.java:35)
  de.uka.ilkd.key.nparser.builder.ExpressionBuilder.visitDisjunction_term(ExpressionBuilder.java:229)
  de.uka.ilkd.key.nparser.builder.ExpressionBuilder.visitDisjunction_term(ExpressionBuilder.java:49)
  de.uka.ilkd.key.nparser.KeYParser$Disjunction_termContext.accept(KeYParser.java:4346)
  de.uka.ilkd.key.nparser.builder.AbstractBuilder.accept(AbstractBuilder.java:48)
  de.uka.ilkd.key.nparser.builder.DefaultBuilder.accept(DefaultBuilder.java:35)
  de.uka.ilkd.key.nparser.builder.ExpressionBuilder.visitImplication_term(ExpressionBuilder.java:222)
  de.uka.ilkd.key.nparser.builder.ExpressionBuilder.visitImplication_term(ExpressionBuilder.java:49)
  de.uka.ilkd.key.nparser.KeYParser$Implication_termContext.accept(KeYParser.java:4278)
  de.uka.ilkd.key.nparser.builder.AbstractBuilder.accept(AbstractBuilder.java:48)
  de.uka.ilkd.key.nparser.builder.DefaultBuilder.accept(DefaultBuilder.java:35)
  de.uka.ilkd.key.nparser.builder.ExpressionBuilder.visitEquivalence_term(ExpressionBuilder.java:198)
  de.uka.ilkd.key.nparser.builder.ExpressionBuilder.visitEquivalence_term(ExpressionBuilder.java:49)
  de.uka.ilkd.key.nparser.KeYParser$Equivalence_termContext.accept(KeYParser.java:4209)
  de.uka.ilkd.key.nparser.builder.AbstractBuilder.accept(AbstractBuilder.java:48)
  de.uka.ilkd.key.nparser.builder.DefaultBuilder.accept(DefaultBuilder.java:35)
  de.uka.ilkd.key.nparser.builder.ExpressionBuilder.visitElementary_update_term(ExpressionBuilder.java:188)
  de.uka.ilkd.key.nparser.builder.ExpressionBuilder.visitElementary_update_term(ExpressionBuilder.java:49)
  de.uka.ilkd.key.nparser.KeYParser$Elementary_update_termContext.accept(KeYParser.java:4142)
  de.uka.ilkd.key.nparser.builder.AbstractBuilder.lambda$mapOf$0(AbstractBuilder.java:124)
  java.base/java.util.stream.ReferencePipeline$3$1.accept(ReferencePipeline.java:197)
  java.base/java.util.ArrayList$ArrayListSpliterator.forEachRemaining(ArrayList.java:1625)
  java.base/java.util.stream.AbstractPipeline.copyInto(AbstractPipeline.java:509)
  java.base/java.util.stream.AbstractPipeline.wrapAndCopyInto(AbstractPipeline.java:499)
  java.base/java.util.stream.ReduceOps$ReduceOp.evaluateSequential(ReduceOps.java:921)
  java.base/java.util.stream.AbstractPipeline.evaluate(AbstractPipeline.java:234)
  java.base/java.util.stream.ReferencePipeline.collect(ReferencePipeline.java:682)
  de.uka.ilkd.key.nparser.builder.AbstractBuilder.mapOf(AbstractBuilder.java:124)
  de.uka.ilkd.key.nparser.builder.ExpressionBuilder.visitParallel_term(ExpressionBuilder.java:173)
  de.uka.ilkd.key.nparser.builder.ExpressionBuilder.visitParallel_term(ExpressionBuilder.java:49)
  de.uka.ilkd.key.nparser.KeYParser$Parallel_termContext.accept(KeYParser.java:4074)
  org.antlr.v4.runtime.tree.AbstractParseTreeVisitor.visitChildren(AbstractParseTreeVisitor.java:46)
  de.uka.ilkd.key.nparser.KeYParserBaseVisitor.visitTerm(KeYParserBaseVisitor.java:332)
  de.uka.ilkd.key.nparser.KeYParser$TermContext.accept(KeYParser.java:4020)
  de.uka.ilkd.key.nparser.builder.AbstractBuilder.accept(AbstractBuilder.java:48)
  de.uka.ilkd.key.nparser.builder.DefaultBuilder.accept(DefaultBuilder.java:35)
  de.uka.ilkd.key.nparser.builder.ExpressionBuilder.visitTermorseq(ExpressionBuilder.java:511)
  de.uka.ilkd.key.nparser.KeYParser$TermorseqContext.accept(KeYParser.java:8199)
  de.uka.ilkd.key.nparser.builder.AbstractBuilder.accept(AbstractBuilder.java:48)
  de.uka.ilkd.key.nparser.builder.DefaultBuilder.accept(DefaultBuilder.java:35)
  de.uka.ilkd.key.nparser.builder.TacletPBuilder.visitTaclet(TacletPBuilder.java:195)
  de.uka.ilkd.key.nparser.builder.TacletPBuilder.visitTaclet(TacletPBuilder.java:41)
  de.uka.ilkd.key.nparser.KeYParser$TacletContext.accept(KeYParser.java:7771)
  de.uka.ilkd.key.nparser.builder.AbstractBuilder.lambda$mapOf$0(AbstractBuilder.java:124)
  java.base/java.util.stream.ReferencePipeline$3$1.accept(ReferencePipeline.java:197)
  java.base/java.util.ArrayList$ArrayListSpliterator.forEachRemaining(ArrayList.java:1625)
  java.base/java.util.stream.AbstractPipeline.copyInto(AbstractPipeline.java:509)
  java.base/java.util.stream.AbstractPipeline.wrapAndCopyInto(AbstractPipeline.java:499)
  java.base/java.util.stream.ReduceOps$ReduceOp.evaluateSequential(ReduceOps.java:921)
  java.base/java.util.stream.AbstractPipeline.evaluate(AbstractPipeline.java:234)
  java.base/java.util.stream.ReferencePipeline.collect(ReferencePipeline.java:682)
  de.uka.ilkd.key.nparser.builder.AbstractBuilder.mapOf(AbstractBuilder.java:124)
  de.uka.ilkd.key.nparser.builder.TacletPBuilder.visitRulesOrAxioms(TacletPBuilder.java:95)
  de.uka.ilkd.key.nparser.KeYParser$RulesOrAxiomsContext.accept(KeYParser.java:10795)
  de.uka.ilkd.key.nparser.builder.AbstractBuilder.lambda$mapOf$0(AbstractBuilder.java:124)
  java.base/java.util.stream.ReferencePipeline$3$1.accept(ReferencePipeline.java:197)
  java.base/java.util.ArrayList$ArrayListSpliterator.forEachRemaining(ArrayList.java:1625)
  java.base/java.util.stream.AbstractPipeline.copyInto(AbstractPipeline.java:509)
  java.base/java.util.stream.AbstractPipeline.wrapAndCopyInto(AbstractPipeline.java:499)
  java.base/java.util.stream.ReduceOps$ReduceOp.evaluateSequential(ReduceOps.java:921)
  java.base/java.util.stream.AbstractPipeline.evaluate(AbstractPipeline.java:234)
  java.base/java.util.stream.ReferencePipeline.collect(ReferencePipeline.java:682)
  de.uka.ilkd.key.nparser.builder.AbstractBuilder.mapOf(AbstractBuilder.java:124)
  de.uka.ilkd.key.nparser.builder.TacletPBuilder.visitDecls(TacletPBuilder.java:76)
  de.uka.ilkd.key.nparser.KeYParser$DeclsContext.accept(KeYParser.java:515)
  org.antlr.v4.runtime.tree.AbstractParseTreeVisitor.visitChildren(AbstractParseTreeVisitor.java:46)
  de.uka.ilkd.key.nparser.KeYParserBaseVisitor.visitFile(KeYParserBaseVisitor.java:24)
  de.uka.ilkd.key.nparser.KeYParser$FileContext.accept(KeYParser.java:313)
  de.uka.ilkd.key.nparser.KeyAst.accept(KeyAst.java:43)
  de.uka.ilkd.key.nparser.KeyIO$Loader.loadTaclets(KeyIO.java:340)
  de.uka.ilkd.key.nparser.KeyIO$Loader.loadComplete(KeyIO.java:243)
  de.uka.ilkd.key.proof.io.KeYFileForTests.read(KeYFileForTests.java:53)
  de.uka.ilkd.key.proof.init.ProblemInitializer.readEnvInput(ProblemInitializer.java:323)
  de.uka.ilkd.key.proof.init.ProblemInitializer.prepare(ProblemInitializer.java:561)
  de.uka.ilkd.key.proof.init.ProblemInitializer.prepare(ProblemInitializer.java:471)
  de.uka.ilkd.key.rule.TacletForTests.parse(TacletForTests.java:80)
  de.uka.ilkd.key.rule.TacletForTests.parse(TacletForTests.java:125)
  de.uka.ilkd.key.rule.TacletForTests.parse(TacletForTests.java:129)
  de.uka.ilkd.key.rule.TestMatchTaclet.setUp(TestMatchTaclet.java:60)
  java.base/jdk.internal.reflect.NativeMethodAccessorImpl.invoke0(Native Method)
  java.base/jdk.internal.reflect.NativeMethodAccessorImpl.invoke(NativeMethodAccessorImpl.java:77)
  java.base/jdk.internal.reflect.DelegatingMethodAccessorImpl.invoke(DelegatingMethodAccessorImpl.java:43)
  java.base/java.lang.reflect.Method.invoke(Method.java:568)
  org.junit.platform.commons.util.ReflectionUtils.invokeMethod(ReflectionUtils.java:727)
  org.junit.jupiter.engine.execution.MethodInvocation.proceed(MethodInvocation.java:60)
  org.junit.jupiter.engine.execution.InvocationInterceptorChain$ValidatingInvocation.proceed(InvocationInterceptorChain.java:131)
  org.junit.jupiter.engine.extension.TimeoutExtension.intercept(TimeoutExtension.java:156)
  org.junit.jupiter.engine.extension.TimeoutExtension.interceptLifecycleMethod(TimeoutExtension.java:128)
  org.junit.jupiter.engine.extension.TimeoutExtension.interceptBeforeEachMethod(TimeoutExtension.java:78)
  org.junit.jupiter.engine.execution.InterceptingExecutableInvoker$ReflectiveInterceptorCall.lambda$ofVoidMethod$0(InterceptingExecutableInvoker.java:103)
  org.junit.jupiter.engine.execution.InterceptingExecutableInvoker.lambda$invoke$0(InterceptingExecutableInvoker.java:93)
  org.junit.jupiter.engine.execution.InvocationInterceptorChain$InterceptedInvocation.proceed(InvocationInterceptorChain.java:106)
  org.junit.jupiter.engine.execution.InvocationInterceptorChain.proceed(InvocationInterceptorChain.java:64)
  org.junit.jupiter.engine.execution.InvocationInterceptorChain.chainAndInvoke(InvocationInterceptorChain.java:45)
  org.junit.jupiter.engine.execution.InvocationInterceptorChain.invoke(InvocationInterceptorChain.java:37)
  org.junit.jupiter.engine.execution.InterceptingExecutableInvoker.invoke(InterceptingExecutableInvoker.java:92)
  org.junit.jupiter.engine.execution.InterceptingExecutableInvoker.invoke(InterceptingExecutableInvoker.java:86)
  org.junit.jupiter.engine.descriptor.ClassBasedTestDescriptor.invokeMethodInExtensionContext(ClassBasedTestDescriptor.java:520)
  org.junit.jupiter.engine.descriptor.ClassBasedTestDescriptor.lambda$synthesizeBeforeEachMethodAdapter$23(ClassBasedTestDescriptor.java:505)
  org.junit.jupiter.engine.descriptor.TestMethodTestDescriptor.lambda$invokeBeforeEachMethods$3(TestMethodTestDescriptor.java:174)
  org.junit.jupiter.engine.descriptor.TestMethodTestDescriptor.lambda$invokeBeforeMethodsOrCallbacksUntilExceptionOccurs$6(TestMethodTestDescriptor.java:202)
  org.junit.platform.engine.support.hierarchical.ThrowableCollector.execute(ThrowableCollector.java:73)
  org.junit.jupiter.engine.descriptor.TestMethodTestDescriptor.invokeBeforeMethodsOrCallbacksUntilExceptionOccurs(TestMethodTestDescriptor.java:202)
  org.junit.jupiter.engine.descriptor.TestMethodTestDescriptor.invokeBeforeEachMethods(TestMethodTestDescriptor.java:171)
  org.junit.jupiter.engine.descriptor.TestMethodTestDescriptor.execute(TestMethodTestDescriptor.java:134)
  org.junit.jupiter.engine.descriptor.TestMethodTestDescriptor.execute(TestMethodTestDescriptor.java:68)
  org.junit.platform.engine.support.hierarchical.NodeTestTask.lambda$executeRecursively$6(NodeTestTask.java:151)
  org.junit.platform.engine.support.hierarchical.ThrowableCollector.execute(ThrowableCollector.java:73)
  org.junit.platform.engine.support.hierarchical.NodeTestTask.lambda$executeRecursively$8(NodeTestTask.java:141)
  org.junit.platform.engine.support.hierarchical.Node.around(Node.java:137)
  org.junit.platform.engine.support.hierarchical.NodeTestTask.lambda$executeRecursively$9(NodeTestTask.java:139)
  org.junit.platform.engine.support.hierarchical.ThrowableCollector.execute(ThrowableCollector.java:73)
  org.junit.platform.engine.support.hierarchical.NodeTestTask.executeRecursively(NodeTestTask.java:138)
  org.junit.platform.engine.support.hierarchical.NodeTestTask.execute(NodeTestTask.java:95)
  java.base/java.util.ArrayList.forEach(ArrayList.java:1511)
  org.junit.platform.engine.support.hierarchical.SameThreadHierarchicalTestExecutorService.invokeAll(SameThreadHierarchicalTestExecutorService.java:41)
  org.junit.platform.engine.support.hierarchical.NodeTestTask.lambda$executeRecursively$6(NodeTestTask.java:155)
  org.junit.platform.engine.support.hierarchical.ThrowableCollector.execute(ThrowableCollector.java:73)
  org.junit.platform.engine.support.hierarchical.NodeTestTask.lambda$executeRecursively$8(NodeTestTask.java:141)
  org.junit.platform.engine.support.hierarchical.Node.around(Node.java:137)
  org.junit.platform.engine.support.hierarchical.NodeTestTask.lambda$executeRecursively$9(NodeTestTask.java:139)
  org.junit.platform.engine.support.hierarchical.ThrowableCollector.execute(ThrowableCollector.java:73)
  org.junit.platform.engine.support.hierarchical.NodeTestTask.executeRecursively(NodeTestTask.java:138)
  org.junit.platform.engine.support.hierarchical.NodeTestTask.execute(NodeTestTask.java:95)
  java.base/java.util.ArrayList.forEach(ArrayList.java:1511)
  org.junit.platform.engine.support.hierarchical.SameThreadHierarchicalTestExecutorService.invokeAll(SameThreadHierarchicalTestExecutorService.java:41)
  org.junit.platform.engine.support.hierarchical.NodeTestTask.lambda$executeRecursively$6(NodeTestTask.java:155)
  org.junit.platform.engine.support.hierarchical.ThrowableCollector.execute(ThrowableCollector.java:73)
  org.junit.platform.engine.support.hierarchical.NodeTestTask.lambda$executeRecursively$8(NodeTestTask.java:141)
  org.junit.platform.engine.support.hierarchical.Node.around(Node.java:137)
  org.junit.platform.engine.support.hierarchical.NodeTestTask.lambda$executeRecursively$9(NodeTestTask.java:139)
  org.junit.platform.engine.support.hierarchical.ThrowableCollector.execute(ThrowableCollector.java:73)
  org.junit.platform.engine.support.hierarchical.NodeTestTask.executeRecursively(NodeTestTask.java:138)
  org.junit.platform.engine.support.hierarchical.NodeTestTask.execute(NodeTestTask.java:95)
  org.junit.platform.engine.support.hierarchical.SameThreadHierarchicalTestExecutorService.submit(SameThreadHierarchicalTestExecutorService.java:35)
  org.junit.platform.engine.support.hierarchical.HierarchicalTestExecutor.execute(HierarchicalTestExecutor.java:57)
  org.junit.platform.engine.support.hierarchical.HierarchicalTestEngine.execute(HierarchicalTestEngine.java:54)
  org.junit.platform.launcher.core.EngineExecutionOrchestrator.execute(EngineExecutionOrchestrator.java:107)
  org.junit.platform.launcher.core.EngineExecutionOrchestrator.execute(EngineExecutionOrchestrator.java:88)
  org.junit.platform.launcher.core.EngineExecutionOrchestrator.lambda$execute$0(EngineExecutionOrchestrator.java:54)
  org.junit.platform.launcher.core.EngineExecutionOrchestrator.withInterceptedStreams(EngineExecutionOrchestrator.java:67)
  org.junit.platform.launcher.core.EngineExecutionOrchestrator.execute(EngineExecutionOrchestrator.java:52)
  org.junit.platform.launcher.core.DefaultLauncher.execute(DefaultLauncher.java:114)
  org.junit.platform.launcher.core.DefaultLauncher.execute(DefaultLauncher.java:86)
  org.junit.platform.launcher.core.DefaultLauncherSession$DelegatingLauncher.execute(DefaultLauncherSession.java:86)
  org.gradle.api.internal.tasks.testing.junitplatform.JUnitPlatformTestClassProcessor$CollectAllTestClassesExecutor.processAllTestClasses(JUnitPlatformTestClassProcessor.java:110)
  org.gradle.api.internal.tasks.testing.junitplatform.JUnitPlatformTestClassProcessor$CollectAllTestClassesExecutor.access$000(JUnitPlatformTestClassProcessor.java:90)
  org.gradle.api.internal.tasks.testing.junitplatform.JUnitPlatformTestClassProcessor.stop(JUnitPlatformTestClassProcessor.java:85)
  org.gradle.api.internal.tasks.testing.SuiteTestClassProcessor.stop(SuiteTestClassProcessor.java:62)
  java.base/jdk.internal.reflect.NativeMethodAccessorImpl.invoke0(Native Method)
  java.base/jdk.internal.reflect.NativeMethodAccessorImpl.invoke(NativeMethodAccessorImpl.java:77)
  java.base/jdk.internal.reflect.DelegatingMethodAccessorImpl.invoke(DelegatingMethodAccessorImpl.java:43)
  java.base/java.lang.reflect.Method.invoke(Method.java:568)
  org.gradle.internal.dispatch.ReflectionDispatch.dispatch(ReflectionDispatch.java:36)
  org.gradle.internal.dispatch.ReflectionDispatch.dispatch(ReflectionDispatch.java:24)
  org.gradle.internal.dispatch.ContextClassLoaderDispatch.dispatch(ContextClassLoaderDispatch.java:33)
  org.gradle.internal.dispatch.ProxyDispatchAdapter$DispatchingInvocationHandler.invoke(ProxyDispatchAdapter.java:94)
  jdk.proxy2/jdk.proxy2.$Proxy5.stop(Unknown Source)
  org.gradle.api.internal.tasks.testing.worker.TestWorker$3.run(TestWorker.java:193)
  org.gradle.api.internal.tasks.testing.worker.TestWorker.executeAndMaintainThreadName(TestWorker.java:129)
  org.gradle.api.internal.tasks.testing.worker.TestWorker.execute(TestWorker.java:100)
  org.gradle.api.internal.tasks.testing.worker.TestWorker.execute(TestWorker.java:60)
  org.gradle.process.internal.worker.child.ActionExecutionWorker.execute(ActionExecutionWorker.java:56)
  org.gradle.process.internal.worker.child.SystemApplicationClassLoaderWorker.call(SystemApplicationClassLoaderWorker.java:113)
  org.gradle.process.internal.worker.child.SystemApplicationClassLoaderWorker.call(SystemApplicationClassLoaderWorker.java:65)
  worker.org.gradle.process.internal.worker.GradleWorkerMain.run(GradleWorkerMain.java:69)
  worker.org.gradle.process.internal.worker.GradleWorkerMain.main(GradleWorkerMain.java:74). com.github.javaparser.ParseException: Encountered unexpected token: "}" "}"
    at line 1, column 22.

Was expecting one of:

    ","
    ";"
    "="
    "@"
    "["

	at com.github.javaparser.GeneratedJavaParser.generateParseException(GeneratedJavaParser.java:18340)

92058      ERROR Test worker     d.u.i.k.n.b.TacletPBuilder Error in parsing taclet. de.uka.ilkd.key.util.parsing.BuildingExceptions: Multiple errors occured
	at de.uka.ilkd.key.java.JavaService.reportErrors(JavaService.java:219)

92065      DEBUG Test worker     d.u.i.k.n.KeyIO           MODE: taclets took 60ms 
92316      ERROR Test worker     d.u.i.k.j.KeYJPMapping    Duplicate registration of node: boolean, formerNode: /*@ pure @*/
boolean 
92319      ERROR Test worker     d.u.i.k.j.KeYJPMapping    Duplicate registration of node: Object, formerNode: java.lang.Object 
92319      ERROR Test worker     d.u.i.k.j.KeYJPMapping    Duplicate registration of node: Object, formerNode: java.lang.Object 
92320      ERROR Test worker     d.u.i.k.j.KeYJPMapping    Duplicate registration of node: Annotation, formerNode: Annotation 
92323      ERROR Test worker     d.u.i.k.j.KeYJPMapping    Duplicate registration of node: ArithmeticException, formerNode: ArithmeticException 
92324      ERROR Test worker     d.u.i.k.j.KeYJPMapping    Duplicate registration of node: ArrayIndexOutOfBoundsException, formerNode: ArrayIndexOutOfBoundsException 
92325      ERROR Test worker     d.u.i.k.j.KeYJPMapping    Duplicate registration of node: ArrayStoreException, formerNode: ArrayStoreException 
92327      ERROR Test worker     d.u.i.k.j.KeYJPMapping    Duplicate registration of node: AssertionError, formerNode: AssertionError 
92330      ERROR Test worker     d.u.i.k.j.KeYJPMapping    Duplicate registration of node: Character, formerNode: Character 
92330      ERROR Test worker     d.u.i.k.j.KeYJPMapping    Duplicate registration of node: Class, formerNode: java.lang.Class 
92331      ERROR Test worker     d.u.i.k.j.KeYJPMapping    Duplicate registration of node: Class, formerNode: java.lang.Class 
92332      ERROR Test worker     d.u.i.k.j.KeYJPMapping    Duplicate registration of node: ClassCastException, formerNode: ClassCastException 
92333      ERROR Test worker     d.u.i.k.j.KeYJPMapping    Duplicate registration of node: CloneNotSupportedException, formerNode: CloneNotSupportedException 
92334      ERROR Test worker     d.u.i.k.j.KeYJPMapping    Duplicate registration of node: Cloneable, formerNode: Cloneable 
92334      ERROR Test worker     d.u.i.k.j.KeYJPMapping    Duplicate registration of node: Comparable, formerNode: Comparable 
92335      ERROR Test worker     d.u.i.k.j.KeYJPMapping    Duplicate registration of node: Double, formerNode: Double 
92337      ERROR Test worker     d.u.i.k.j.KeYJPMapping    Duplicate registration of node: Enum, formerNode: java.lang.Enum 
92337      ERROR Test worker     d.u.i.k.j.KeYJPMapping    Duplicate registration of node: Enum, formerNode: java.lang.Enum 
92340      ERROR Test worker     d.u.i.k.j.KeYJPMapping    Duplicate registration of node: Error, formerNode: Error 
92341      ERROR Test worker     d.u.i.k.j.KeYJPMapping    Duplicate registration of node: Exception, formerNode: Exception 
92343      ERROR Test worker     d.u.i.k.j.KeYJPMapping    Duplicate registration of node: ExceptionInInitializerError, formerNode: java.lang.ExceptionInInitializerError 
92344      ERROR Test worker     d.u.i.k.j.KeYJPMapping    Duplicate registration of node: ExceptionInInitializerError, formerNode: java.lang.ExceptionInInitializerError 
92344      ERROR Test worker     d.u.i.k.j.KeYJPMapping    Duplicate registration of node: Float, formerNode: Float 
92346      ERROR Test worker     d.u.i.k.j.KeYJPMapping    Duplicate registration of node: IllegalArgumentException, formerNode: IllegalArgumentException 
92347      ERROR Test worker     d.u.i.k.j.KeYJPMapping    Duplicate registration of node: IndexOutOfBoundsException, formerNode: IndexOutOfBoundsException 
92360      ERROR Test worker     d.u.i.k.j.KeYJPMapping    Duplicate registration of node: Integer, formerNode: java.lang.Integer 
92361      ERROR Test worker     d.u.i.k.j.KeYJPMapping    Duplicate registration of node: Integer, formerNode: java.lang.Integer 
92362      ERROR Test worker     d.u.i.k.j.KeYJPMapping    Duplicate registration of node: InterruptedException, formerNode: InterruptedException 
92363      ERROR Test worker     d.u.i.k.j.KeYJPMapping    Duplicate registration of node: Iterable, formerNode: Iterable 
92364      ERROR Test worker     d.u.i.k.j.KeYJPMapping    Duplicate registration of node: LinkageError, formerNode: LinkageError 
92374      ERROR Test worker     d.u.i.k.j.KeYJPMapping    Duplicate registration of node: Math, formerNode: Math 
92375      ERROR Test worker     d.u.i.k.j.KeYJPMapping    Duplicate registration of node: NegativeArraySizeException, formerNode: NegativeArraySizeException 
92376      ERROR Test worker     d.u.i.k.j.KeYJPMapping    Duplicate registration of node: NoClassDefFoundError, formerNode: java.lang.NoClassDefFoundError 
92376      ERROR Test worker     d.u.i.k.j.KeYJPMapping    Duplicate registration of node: NoClassDefFoundError, formerNode: java.lang.NoClassDefFoundError 
92378      ERROR Test worker     d.u.i.k.j.KeYJPMapping    Duplicate registration of node: NullPointerException, formerNode: NullPointerException 
92379      ERROR Test worker     d.u.i.k.j.KeYJPMapping    Duplicate registration of node: Number, formerNode: Number 
92380      ERROR Test worker     d.u.i.k.j.KeYJPMapping    Duplicate registration of node: NumberFormatException, formerNode: NumberFormatException 
92381      ERROR Test worker     d.u.i.k.j.KeYJPMapping    Duplicate registration of node: VirtualMachineError, formerNode: VirtualMachineError 
92383      ERROR Test worker     d.u.i.k.j.KeYJPMapping    Duplicate registration of node: OutOfMemoryError, formerNode: OutOfMemoryError 
92384      ERROR Test worker     d.u.i.k.j.KeYJPMapping    Duplicate registration of node: Runnable, formerNode: Runnable 
92386      ERROR Test worker     d.u.i.k.j.KeYJPMapping    Duplicate registration of node: RuntimeException, formerNode: RuntimeException 
92386      ERROR Test worker     d.u.i.k.j.KeYJPMapping    Duplicate registration of node: /*@pure*/
int, formerNode: int 
92389      ERROR Test worker     d.u.i.k.j.KeYJPMapping    Duplicate registration of node: /*@ helper */
int, formerNode: int 
92389      ERROR Test worker     d.u.i.k.j.KeYJPMapping    Duplicate registration of node: /*@ helper */
boolean, formerNode: /*@ pure @*/
boolean 
92403      ERROR Test worker     d.u.i.k.j.KeYJPMapping    Duplicate registration of node: /*@ helper */
java.lang.String, formerNode: java.lang.String 
92413      ERROR Test worker     d.u.i.k.j.KeYJPMapping    Duplicate registration of node: String, formerNode: java.lang.String 
92433      ERROR Test worker     d.u.i.k.j.KeYJPMapping    Duplicate registration of node: String, formerNode: java.lang.String 
92435      ERROR Test worker     d.u.i.k.j.KeYJPMapping    Duplicate registration of node: char, formerNode: /*@ helper */
char 
92436      ERROR Test worker     d.u.i.k.j.KeYJPMapping    Duplicate registration of node: StringBuffer, formerNode: StringBuffer 
92439      ERROR Test worker     d.u.i.k.j.KeYJPMapping    Duplicate registration of node: System, formerNode: System 
92440      ERROR Test worker     d.u.i.k.j.KeYJPMapping    Duplicate registration of node: Thread, formerNode: Thread 
92443      ERROR Test worker     d.u.i.k.j.KeYJPMapping    Duplicate registration of node: Throwable, formerNode: java.lang.Throwable 
92443      ERROR Test worker     d.u.i.k.j.KeYJPMapping    Duplicate registration of node: Throwable, formerNode: java.lang.Throwable 
92447      ERROR Test worker     d.u.i.k.j.KeYJPMapping    Duplicate registration of node: Collection, formerNode: Collection 
92448      ERROR Test worker     d.u.i.k.j.KeYJPMapping    Duplicate registration of node: Iterator, formerNode: java.util.Iterator 
92448      ERROR Test worker     d.u.i.k.j.KeYJPMapping    Duplicate registration of node: Iterator, formerNode: java.util.Iterator 
92452      ERROR Test worker     d.u.i.k.j.KeYJPMapping    Duplicate registration of node: List, formerNode: java.util.List 
92452      ERROR Test worker     d.u.i.k.j.KeYJPMapping    Duplicate registration of node: List, formerNode: java.util.List 
92454      ERROR Test worker     d.u.i.k.j.KeYJPMapping    Duplicate registration of node: ListIterator, formerNode: java.util.ListIterator 
92454      ERROR Test worker     d.u.i.k.j.KeYJPMapping    Duplicate registration of node: ListIterator, formerNode: java.util.ListIterator 
92456      ERROR Test worker     d.u.i.k.j.KeYJPMapping    Duplicate registration of node: Long, formerNode: Long 
92456      ERROR Test worker     d.u.i.k.j.KeYJPMapping    Duplicate registration of node: Boolean, formerNode: Boolean 
92460      ERROR Test worker     d.u.i.k.j.KeYJPMapping    Duplicate registration of node: Map, formerNode: Map 
92463      ERROR Test worker     d.u.i.k.j.KeYJPMapping    Duplicate registration of node: Set, formerNode: java.util.Set 
92464      ERROR Test worker     d.u.i.k.j.KeYJPMapping    Duplicate registration of node: Set, formerNode: java.util.Set 
92465      ERROR Test worker     d.u.i.k.j.KeYJPMapping    Duplicate registration of node: FilterOutputStream, formerNode: FilterOutputStream 
92465      ERROR Test worker     d.u.i.k.j.KeYJPMapping    Duplicate registration of node: InputStream, formerNode: java.io.InputStream 
92466      ERROR Test worker     d.u.i.k.j.KeYJPMapping    Duplicate registration of node: InputStream, formerNode: java.io.InputStream 
92468      ERROR Test worker     d.u.i.k.j.KeYJPMapping    Duplicate registration of node: IOException, formerNode: IOException 
92468      ERROR Test worker     d.u.i.k.j.KeYJPMapping    Duplicate registration of node: OutputStream, formerNode: java.io.OutputStream 
92468      ERROR Test worker     d.u.i.k.j.KeYJPMapping    Duplicate registration of node: OutputStream, formerNode: java.io.OutputStream 
92473      ERROR Test worker     d.u.i.k.j.KeYJPMapping    Duplicate registration of node: PrintStream, formerNode: java.io.PrintStream 
92473      ERROR Test worker     d.u.i.k.j.KeYJPMapping    Duplicate registration of node: PrintStream, formerNode: java.io.PrintStream 
92473      ERROR Test worker     d.u.i.k.j.KeYJPMapping    Duplicate registration of node: Serializable, formerNode: Serializable 
92474      ERROR Test worker     d.u.i.k.j.KeYJPMapping    Duplicate registration of node: BigInteger, formerNode: java.math.BigInteger 
92476      ERROR Test worker     d.u.i.k.j.KeYJPMapping    Duplicate registration of node: BigInteger, formerNode: java.math.BigInteger 
92477      ERROR Test worker     d.u.i.k.j.KeYJPMapping    Duplicate registration of node: ArrayList, formerNode: ArrayList 
92479      ERROR Test worker     d.u.i.k.j.KeYJPMapping    Duplicate registration of node: byte[], formerNode: byte[] 
92495      ERROR Test worker     d.u.i.k.j.KeYJPMapping    Duplicate registration of node: Arrays, formerNode: Arrays 
92496      ERROR Test worker     d.u.i.k.j.KeYJPMapping    Duplicate registration of node: ListIteratorImpl, formerNode: ListIteratorImpl 
92497      ERROR Test worker     d.u.i.k.j.KeYJPMapping    Duplicate registration of node: Date, formerNode: Date 
92497      ERROR Test worker     d.u.i.k.j.KeYJPMapping    Duplicate registration of node: LinkedHashMap, formerNode: LinkedHashMap 
92498      ERROR Test worker     d.u.i.k.j.KeYJPMapping    Duplicate registration of node: /*@pure@*/
String, formerNode: /*@strictly_pure*/
java.lang.String 
92498      ERROR Test worker     d.u.i.k.j.KeYJPMapping    Duplicate registration of node: LinkedList, formerNode: LinkedList 
92512      INFO  Test worker     d.u.i.k.n.KeyIO           Parsing took 2 ms 
92512      DEBUG Test worker     d.u.i.k.n.KeyIO           Load declarations of de.uka.ilkd.key.nparser.KeyAst$File:  /home/runner/work/key/key/key.core/src/test/resources/testcase/../de/uka/ilkd/key/rule/testRuleMatch.txt:8#1 
92512      INFO  Test worker     d.u.i.k.n.KeyIO           MODE: declarations took 0 ms 
92512      DEBUG Test worker     d.u.i.k.n.KeyIO           MODE: 2nd degree decls took 0 
92556      ERROR Test worker     d.u.i.k.j.JavaService     Error in (line 1,col 11) Parse error. Found "}", expected one of  "," ";" "=" "@" "["
Problem stacktrace : 
  com.github.javaparser.GeneratedJavaParser.generateParseException(GeneratedJavaParser.java:18340)
  com.github.javaparser.GeneratedJavaParser.jj_consume_token(GeneratedJavaParser.java:18179)
  com.github.javaparser.GeneratedJavaParser.BlockStatement(GeneratedJavaParser.java:6611)
  com.github.javaparser.GeneratedJavaParser.Statements(GeneratedJavaParser.java:3114)
  com.github.javaparser.GeneratedJavaParser.Block(GeneratedJavaParser.java:6548)
  com.github.javaparser.GeneratedJavaParser.Statement(GeneratedJavaParser.java:6344)
  com.github.javaparser.GeneratedJavaParser.BlockStatement(GeneratedJavaParser.java:6727)
  com.github.javaparser.GeneratedJavaParser.Statements(GeneratedJavaParser.java:3114)
  com.github.javaparser.GeneratedJavaParser.Block(GeneratedJavaParser.java:6548)
  com.github.javaparser.GeneratedJavaParser.BlockParseStart(GeneratedJavaParser.java:9483)
  com.github.javaparser.JavaParser.parse(JavaParser.java:121)
  com.github.javaparser.JavaParser.parseBlock(JavaParser.java:313)
  de.uka.ilkd.key.java.JavaParserFactory.parseStatementBlock(JavaParserFactory.java:167)
  de.uka.ilkd.key.java.JavaService.recoderBlock(JavaService.java:782)
  de.uka.ilkd.key.java.JavaService.readBlock(JavaService.java:819)
  de.uka.ilkd.key.java.JavaService.readBlockWithProgramVariables(JavaService.java:875)
  de.uka.ilkd.key.nparser.builder.ExpressionBuilder.getJavaBlock(ExpressionBuilder.java:568)
  de.uka.ilkd.key.nparser.builder.ExpressionBuilder.visitModality_term(ExpressionBuilder.java:1074)
  de.uka.ilkd.key.nparser.KeYParser$Modality_termContext.accept(KeYParser.java:4623)
  org.antlr.v4.runtime.tree.AbstractParseTreeVisitor.visitChildren(AbstractParseTreeVisitor.java:46)
  de.uka.ilkd.key.nparser.KeYParserBaseVisitor.visitTerm60(KeYParserBaseVisitor.java:381)
  de.uka.ilkd.key.nparser.KeYParser$Term60Context.accept(KeYParser.java:4485)
  de.uka.ilkd.key.nparser.builder.AbstractBuilder.accept(AbstractBuilder.java:48)
  de.uka.ilkd.key.nparser.builder.DefaultBuilder.accept(DefaultBuilder.java:35)
  de.uka.ilkd.key.nparser.builder.ExpressionBuilder.visitConjunction_term(ExpressionBuilder.java:238)
  de.uka.ilkd.key.nparser.builder.ExpressionBuilder.visitConjunction_term(ExpressionBuilder.java:49)
  de.uka.ilkd.key.nparser.KeYParser$Conjunction_termContext.accept(KeYParser.java:4419)
  de.uka.ilkd.key.nparser.builder.AbstractBuilder.accept(AbstractBuilder.java:48)
  de.uka.ilkd.key.nparser.builder.DefaultBuilder.accept(DefaultBuilder.java:35)
  de.uka.ilkd.key.nparser.builder.ExpressionBuilder.visitDisjunction_term(ExpressionBuilder.java:229)
  de.uka.ilkd.key.nparser.builder.ExpressionBuilder.visitDisjunction_term(ExpressionBuilder.java:49)
  de.uka.ilkd.key.nparser.KeYParser$Disjunction_termContext.accept(KeYParser.java:4346)
  de.uka.ilkd.key.nparser.builder.AbstractBuilder.accept(AbstractBuilder.java:48)
  de.uka.ilkd.key.nparser.builder.DefaultBuilder.accept(DefaultBuilder.java:35)
  de.uka.ilkd.key.nparser.builder.ExpressionBuilder.visitImplication_term(ExpressionBuilder.java:222)
  de.uka.ilkd.key.nparser.builder.ExpressionBuilder.visitImplication_term(ExpressionBuilder.java:49)
  de.uka.ilkd.key.nparser.KeYParser$Implication_termContext.accept(KeYParser.java:4278)
  de.uka.ilkd.key.nparser.builder.AbstractBuilder.accept(AbstractBuilder.java:48)
  de.uka.ilkd.key.nparser.builder.DefaultBuilder.accept(DefaultBuilder.java:35)
  de.uka.ilkd.key.nparser.builder.ExpressionBuilder.visitEquivalence_term(ExpressionBuilder.java:198)
  de.uka.ilkd.key.nparser.builder.ExpressionBuilder.visitEquivalence_term(ExpressionBuilder.java:49)
  de.uka.ilkd.key.nparser.KeYParser$Equivalence_termContext.accept(KeYParser.java:4209)
  de.uka.ilkd.key.nparser.builder.AbstractBuilder.accept(AbstractBuilder.java:48)
  de.uka.ilkd.key.nparser.builder.DefaultBuilder.accept(DefaultBuilder.java:35)
  de.uka.ilkd.key.nparser.builder.ExpressionBuilder.visitElementary_update_term(ExpressionBuilder.java:188)
  de.uka.ilkd.key.nparser.builder.ExpressionBuilder.visitElementary_update_term(ExpressionBuilder.java:49)
  de.uka.ilkd.key.nparser.KeYParser$Elementary_update_termContext.accept(KeYParser.java:4142)
  de.uka.ilkd.key.nparser.builder.AbstractBuilder.lambda$mapOf$0(AbstractBuilder.java:124)
  java.base/java.util.stream.ReferencePipeline$3$1.accept(ReferencePipeline.java:197)
  java.base/java.util.ArrayList$ArrayListSpliterator.forEachRemaining(ArrayList.java:1625)
  java.base/java.util.stream.AbstractPipeline.copyInto(AbstractPipeline.java:509)
  java.base/java.util.stream.AbstractPipeline.wrapAndCopyInto(AbstractPipeline.java:499)
  java.base/java.util.stream.ReduceOps$ReduceOp.evaluateSequential(ReduceOps.java:921)
  java.base/java.util.stream.AbstractPipeline.evaluate(AbstractPipeline.java:234)
  java.base/java.util.stream.ReferencePipeline.collect(ReferencePipeline.java:682)
  de.uka.ilkd.key.nparser.builder.AbstractBuilder.mapOf(AbstractBuilder.java:124)
  de.uka.ilkd.key.nparser.builder.ExpressionBuilder.visitParallel_term(ExpressionBuilder.java:173)
  de.uka.ilkd.key.nparser.builder.ExpressionBuilder.visitParallel_term(ExpressionBuilder.java:49)
  de.uka.ilkd.key.nparser.KeYParser$Parallel_termContext.accept(KeYParser.java:4074)
  org.antlr.v4.runtime.tree.AbstractParseTreeVisitor.visitChildren(AbstractParseTreeVisitor.java:46)
  de.uka.ilkd.key.nparser.KeYParserBaseVisitor.visitTerm(KeYParserBaseVisitor.java:332)
  de.uka.ilkd.key.nparser.KeYParser$TermContext.accept(KeYParser.java:4020)
  de.uka.ilkd.key.nparser.builder.AbstractBuilder.accept(AbstractBuilder.java:48)
  de.uka.ilkd.key.nparser.builder.DefaultBuilder.accept(DefaultBuilder.java:35)
  de.uka.ilkd.key.nparser.builder.ExpressionBuilder.visitTermorseq(ExpressionBuilder.java:511)
  de.uka.ilkd.key.nparser.KeYParser$TermorseqContext.accept(KeYParser.java:8199)
  de.uka.ilkd.key.nparser.builder.AbstractBuilder.accept(AbstractBuilder.java:48)
  de.uka.ilkd.key.nparser.builder.DefaultBuilder.accept(DefaultBuilder.java:35)
  de.uka.ilkd.key.nparser.builder.TacletPBuilder.visitTaclet(TacletPBuilder.java:195)
  de.uka.ilkd.key.nparser.builder.TacletPBuilder.visitTaclet(TacletPBuilder.java:41)
  de.uka.ilkd.key.nparser.KeYParser$TacletContext.accept(KeYParser.java:7771)
  de.uka.ilkd.key.nparser.builder.AbstractBuilder.lambda$mapOf$0(AbstractBuilder.java:124)
  java.base/java.util.stream.ReferencePipeline$3$1.accept(ReferencePipeline.java:197)
  java.base/java.util.ArrayList$ArrayListSpliterator.forEachRemaining(ArrayList.java:1625)
  java.base/java.util.stream.AbstractPipeline.copyInto(AbstractPipeline.java:509)
  java.base/java.util.stream.AbstractPipeline.wrapAndCopyInto(AbstractPipeline.java:499)
  java.base/java.util.stream.ReduceOps$ReduceOp.evaluateSequential(ReduceOps.java:921)
  java.base/java.util.stream.AbstractPipeline.evaluate(AbstractPipeline.java:234)
  java.base/java.util.stream.ReferencePipeline.collect(ReferencePipeline.java:682)
  de.uka.ilkd.key.nparser.builder.AbstractBuilder.mapOf(AbstractBuilder.java:124)
  de.uka.ilkd.key.nparser.builder.TacletPBuilder.visitRulesOrAxioms(TacletPBuilder.java:95)
  de.uka.ilkd.key.nparser.KeYParser$RulesOrAxiomsContext.accept(KeYParser.java:10795)
  de.uka.ilkd.key.nparser.builder.AbstractBuilder.lambda$mapOf$0(AbstractBuilder.java:124)
  java.base/java.util.stream.ReferencePipeline$3$1.accept(ReferencePipeline.java:197)
  java.base/java.util.ArrayList$ArrayListSpliterator.forEachRemaining(ArrayList.java:1625)
  java.base/java.util.stream.AbstractPipeline.copyInto(AbstractPipeline.java:509)
  java.base/java.util.stream.AbstractPipeline.wrapAndCopyInto(AbstractPipeline.java:499)
  java.base/java.util.stream.ReduceOps$ReduceOp.evaluateSequential(ReduceOps.java:921)
  java.base/java.util.stream.AbstractPipeline.evaluate(AbstractPipeline.java:234)
  java.base/java.util.stream.ReferencePipeline.collect(ReferencePipeline.java:682)
  de.uka.ilkd.key.nparser.builder.AbstractBuilder.mapOf(AbstractBuilder.java:124)
  de.uka.ilkd.key.nparser.builder.TacletPBuilder.visitDecls(TacletPBuilder.java:76)
  de.uka.ilkd.key.nparser.KeYParser$DeclsContext.accept(KeYParser.java:515)
  org.antlr.v4.runtime.tree.AbstractParseTreeVisitor.visitChildren(AbstractParseTreeVisitor.java:46)
  de.uka.ilkd.key.nparser.KeYParserBaseVisitor.visitFile(KeYParserBaseVisitor.java:24)
  de.uka.ilkd.key.nparser.KeYParser$FileContext.accept(KeYParser.java:313)
  de.uka.ilkd.key.nparser.KeyAst.accept(KeyAst.java:43)
  de.uka.ilkd.key.nparser.KeyIO$Loader.loadTaclets(KeyIO.java:340)
  de.uka.ilkd.key.nparser.KeyIO$Loader.loadComplete(KeyIO.java:243)
  de.uka.ilkd.key.proof.io.KeYFileForTests.read(KeYFileForTests.java:53)
  de.uka.ilkd.key.proof.init.ProblemInitializer.readEnvInput(ProblemInitializer.java:323)
  de.uka.ilkd.key.proof.init.ProblemInitializer.prepare(ProblemInitializer.java:561)
  de.uka.ilkd.key.proof.init.ProblemInitializer.prepare(ProblemInitializer.java:471)
  de.uka.ilkd.key.rule.TacletForTests.parse(TacletForTests.java:80)
  de.uka.ilkd.key.rule.TacletForTests.parse(TacletForTests.java:125)
  de.uka.ilkd.key.rule.TacletForTests.parse(TacletForTests.java:129)
  de.uka.ilkd.key.rule.TestMatchTaclet.setUp(TestMatchTaclet.java:60)
  java.base/jdk.internal.reflect.NativeMethodAccessorImpl.invoke0(Native Method)
  java.base/jdk.internal.reflect.NativeMethodAccessorImpl.invoke(NativeMethodAccessorImpl.java:77)
  java.base/jdk.internal.reflect.DelegatingMethodAccessorImpl.invoke(DelegatingMethodAccessorImpl.java:43)
  java.base/java.lang.reflect.Method.invoke(Method.java:568)
  org.junit.platform.commons.util.ReflectionUtils.invokeMethod(ReflectionUtils.java:727)
  org.junit.jupiter.engine.execution.MethodInvocation.proceed(MethodInvocation.java:60)
  org.junit.jupiter.engine.execution.InvocationInterceptorChain$ValidatingInvocation.proceed(InvocationInterceptorChain.java:131)
  org.junit.jupiter.engine.extension.TimeoutExtension.intercept(TimeoutExtension.java:156)
  org.junit.jupiter.engine.extension.TimeoutExtension.interceptLifecycleMethod(TimeoutExtension.java:128)
  org.junit.jupiter.engine.extension.TimeoutExtension.interceptBeforeEachMethod(TimeoutExtension.java:78)
  org.junit.jupiter.engine.execution.InterceptingExecutableInvoker$ReflectiveInterceptorCall.lambda$ofVoidMethod$0(InterceptingExecutableInvoker.java:103)
  org.junit.jupiter.engine.execution.InterceptingExecutableInvoker.lambda$invoke$0(InterceptingExecutableInvoker.java:93)
  org.junit.jupiter.engine.execution.InvocationInterceptorChain$InterceptedInvocation.proceed(InvocationInterceptorChain.java:106)
  org.junit.jupiter.engine.execution.InvocationInterceptorChain.proceed(InvocationInterceptorChain.java:64)
  org.junit.jupiter.engine.execution.InvocationInterceptorChain.chainAndInvoke(InvocationInterceptorChain.java:45)
  org.junit.jupiter.engine.execution.InvocationInterceptorChain.invoke(InvocationInterceptorChain.java:37)
  org.junit.jupiter.engine.execution.InterceptingExecutableInvoker.invoke(InterceptingExecutableInvoker.java:92)
  org.junit.jupiter.engine.execution.InterceptingExecutableInvoker.invoke(InterceptingExecutableInvoker.java:86)
  org.junit.jupiter.engine.descriptor.ClassBasedTestDescriptor.invokeMethodInExtensionContext(ClassBasedTestDescriptor.java:520)
  org.junit.jupiter.engine.descriptor.ClassBasedTestDescriptor.lambda$synthesizeBeforeEachMethodAdapter$23(ClassBasedTestDescriptor.java:505)
  org.junit.jupiter.engine.descriptor.TestMethodTestDescriptor.lambda$invokeBeforeEachMethods$3(TestMethodTestDescriptor.java:174)
  org.junit.jupiter.engine.descriptor.TestMethodTestDescriptor.lambda$invokeBeforeMethodsOrCallbacksUntilExceptionOccurs$6(TestMethodTestDescriptor.java:202)
  org.junit.platform.engine.support.hierarchical.ThrowableCollector.execute(ThrowableCollector.java:73)
  org.junit.jupiter.engine.descriptor.TestMethodTestDescriptor.invokeBeforeMethodsOrCallbacksUntilExceptionOccurs(TestMethodTestDescriptor.java:202)
  org.junit.jupiter.engine.descriptor.TestMethodTestDescriptor.invokeBeforeEachMethods(TestMethodTestDescriptor.java:171)
  org.junit.jupiter.engine.descriptor.TestMethodTestDescriptor.execute(TestMethodTestDescriptor.java:134)
  org.junit.jupiter.engine.descriptor.TestMethodTestDescriptor.execute(TestMethodTestDescriptor.java:68)
  org.junit.platform.engine.support.hierarchical.NodeTestTask.lambda$executeRecursively$6(NodeTestTask.java:151)
  org.junit.platform.engine.support.hierarchical.ThrowableCollector.execute(ThrowableCollector.java:73)
  org.junit.platform.engine.support.hierarchical.NodeTestTask.lambda$executeRecursively$8(NodeTestTask.java:141)
  org.junit.platform.engine.support.hierarchical.Node.around(Node.java:137)
  org.junit.platform.engine.support.hierarchical.NodeTestTask.lambda$executeRecursively$9(NodeTestTask.java:139)
  org.junit.platform.engine.support.hierarchical.ThrowableCollector.execute(ThrowableCollector.java:73)
  org.junit.platform.engine.support.hierarchical.NodeTestTask.executeRecursively(NodeTestTask.java:138)
  org.junit.platform.engine.support.hierarchical.NodeTestTask.execute(NodeTestTask.java:95)
  java.base/java.util.ArrayList.forEach(ArrayList.java:1511)
  org.junit.platform.engine.support.hierarchical.SameThreadHierarchicalTestExecutorService.invokeAll(SameThreadHierarchicalTestExecutorService.java:41)
  org.junit.platform.engine.support.hierarchical.NodeTestTask.lambda$executeRecursively$6(NodeTestTask.java:155)
  org.junit.platform.engine.support.hierarchical.ThrowableCollector.execute(ThrowableCollector.java:73)
  org.junit.platform.engine.support.hierarchical.NodeTestTask.lambda$executeRecursively$8(NodeTestTask.java:141)
  org.junit.platform.engine.support.hierarchical.Node.around(Node.java:137)
  org.junit.platform.engine.support.hierarchical.NodeTestTask.lambda$executeRecursively$9(NodeTestTask.java:139)
  org.junit.platform.engine.support.hierarchical.ThrowableCollector.execute(ThrowableCollector.java:73)
  org.junit.platform.engine.support.hierarchical.NodeTestTask.executeRecursively(NodeTestTask.java:138)
  org.junit.platform.engine.support.hierarchical.NodeTestTask.execute(NodeTestTask.java:95)
  java.base/java.util.ArrayList.forEach(ArrayList.java:1511)
  org.junit.platform.engine.support.hierarchical.SameThreadHierarchicalTestExecutorService.invokeAll(SameThreadHierarchicalTestExecutorService.java:41)
  org.junit.platform.engine.support.hierarchical.NodeTestTask.lambda$executeRecursively$6(NodeTestTask.java:155)
  org.junit.platform.engine.support.hierarchical.ThrowableCollector.execute(ThrowableCollector.java:73)
  org.junit.platform.engine.support.hierarchical.NodeTestTask.lambda$executeRecursively$8(NodeTestTask.java:141)
  org.junit.platform.engine.support.hierarchical.Node.around(Node.java:137)
  org.junit.platform.engine.support.hierarchical.NodeTestTask.lambda$executeRecursively$9(NodeTestTask.java:139)
  org.junit.platform.engine.support.hierarchical.ThrowableCollector.execute(ThrowableCollector.java:73)
  org.junit.platform.engine.support.hierarchical.NodeTestTask.executeRecursively(NodeTestTask.java:138)
  org.junit.platform.engine.support.hierarchical.NodeTestTask.execute(NodeTestTask.java:95)
  org.junit.platform.engine.support.hierarchical.SameThreadHierarchicalTestExecutorService.submit(SameThreadHierarchicalTestExecutorService.java:35)
  org.junit.platform.engine.support.hierarchical.HierarchicalTestExecutor.execute(HierarchicalTestExecutor.java:57)
  org.junit.platform.engine.support.hierarchical.HierarchicalTestEngine.execute(HierarchicalTestEngine.java:54)
  org.junit.platform.launcher.core.EngineExecutionOrchestrator.execute(EngineExecutionOrchestrator.java:107)
  org.junit.platform.launcher.core.EngineExecutionOrchestrator.execute(EngineExecutionOrchestrator.java:88)
  org.junit.platform.launcher.core.EngineExecutionOrchestrator.lambda$execute$0(EngineExecutionOrchestrator.java:54)
  org.junit.platform.launcher.core.EngineExecutionOrchestrator.withInterceptedStreams(EngineExecutionOrchestrator.java:67)
  org.junit.platform.launcher.core.EngineExecutionOrchestrator.execute(EngineExecutionOrchestrator.java:52)
  org.junit.platform.launcher.core.DefaultLauncher.execute(DefaultLauncher.java:114)
  org.junit.platform.launcher.core.DefaultLauncher.execute(DefaultLauncher.java:86)
  org.junit.platform.launcher.core.DefaultLauncherSession$DelegatingLauncher.execute(DefaultLauncherSession.java:86)
  org.gradle.api.internal.tasks.testing.junitplatform.JUnitPlatformTestClassProcessor$CollectAllTestClassesExecutor.processAllTestClasses(JUnitPlatformTestClassProcessor.java:110)
  org.gradle.api.internal.tasks.testing.junitplatform.JUnitPlatformTestClassProcessor$CollectAllTestClassesExecutor.access$000(JUnitPlatformTestClassProcessor.java:90)
  org.gradle.api.internal.tasks.testing.junitplatform.JUnitPlatformTestClassProcessor.stop(JUnitPlatformTestClassProcessor.java:85)
  org.gradle.api.internal.tasks.testing.SuiteTestClassProcessor.stop(SuiteTestClassProcessor.java:62)
  java.base/jdk.internal.reflect.NativeMethodAccessorImpl.invoke0(Native Method)
  java.base/jdk.internal.reflect.NativeMethodAccessorImpl.invoke(NativeMethodAccessorImpl.java:77)
  java.base/jdk.internal.reflect.DelegatingMethodAccessorImpl.invoke(DelegatingMethodAccessorImpl.java:43)
  java.base/java.lang.reflect.Method.invoke(Method.java:568)
  org.gradle.internal.dispatch.ReflectionDispatch.dispatch(ReflectionDispatch.java:36)
  org.gradle.internal.dispatch.ReflectionDispatch.dispatch(ReflectionDispatch.java:24)
  org.gradle.internal.dispatch.ContextClassLoaderDispatch.dispatch(ContextClassLoaderDispatch.java:33)
  org.gradle.internal.dispatch.ProxyDispatchAdapter$DispatchingInvocationHandler.invoke(ProxyDispatchAdapter.java:94)
  jdk.proxy2/jdk.proxy2.$Proxy5.stop(Unknown Source)
  org.gradle.api.internal.tasks.testing.worker.TestWorker$3.run(TestWorker.java:193)
  org.gradle.api.internal.tasks.testing.worker.TestWorker.executeAndMaintainThreadName(TestWorker.java:129)
  org.gradle.api.internal.tasks.testing.worker.TestWorker.execute(TestWorker.java:100)
  org.gradle.api.internal.tasks.testing.worker.TestWorker.execute(TestWorker.java:60)
  org.gradle.process.internal.worker.child.ActionExecutionWorker.execute(ActionExecutionWorker.java:56)
  org.gradle.process.internal.worker.child.SystemApplicationClassLoaderWorker.call(SystemApplicationClassLoaderWorker.java:113)
  org.gradle.process.internal.worker.child.SystemApplicationClassLoaderWorker.call(SystemApplicationClassLoaderWorker.java:65)
  worker.org.gradle.process.internal.worker.GradleWorkerMain.run(GradleWorkerMain.java:69)
  worker.org.gradle.process.internal.worker.GradleWorkerMain.main(GradleWorkerMain.java:74). com.github.javaparser.ParseException: Encountered unexpected token: "}" "}"
    at line 1, column 22.

Was expecting one of:

    ","
    ";"
    "="
    "@"
    "["

	at com.github.javaparser.GeneratedJavaParser.generateParseException(GeneratedJavaParser.java:18340)

92558      ERROR Test worker     d.u.i.k.j.JavaService     Error in (line 1,col 11) Parse error. Found "}", expected one of  "," ";" "=" "@" "["
Problem stacktrace : 
  com.github.javaparser.GeneratedJavaParser.generateParseException(GeneratedJavaParser.java:18340)
  com.github.javaparser.GeneratedJavaParser.jj_consume_token(GeneratedJavaParser.java:18179)
  com.github.javaparser.GeneratedJavaParser.BlockStatement(GeneratedJavaParser.java:6611)
  com.github.javaparser.GeneratedJavaParser.Statements(GeneratedJavaParser.java:3114)
  com.github.javaparser.GeneratedJavaParser.Block(GeneratedJavaParser.java:6548)
  com.github.javaparser.GeneratedJavaParser.Statement(GeneratedJavaParser.java:6344)
  com.github.javaparser.GeneratedJavaParser.BlockStatement(GeneratedJavaParser.java:6727)
  com.github.javaparser.GeneratedJavaParser.Statements(GeneratedJavaParser.java:3114)
  com.github.javaparser.GeneratedJavaParser.Block(GeneratedJavaParser.java:6548)
  com.github.javaparser.GeneratedJavaParser.BlockParseStart(GeneratedJavaParser.java:9483)
  com.github.javaparser.JavaParser.parse(JavaParser.java:121)
  com.github.javaparser.JavaParser.parseBlock(JavaParser.java:313)
  de.uka.ilkd.key.java.JavaParserFactory.parseStatementBlock(JavaParserFactory.java:167)
  de.uka.ilkd.key.java.JavaService.recoderBlock(JavaService.java:782)
  de.uka.ilkd.key.java.JavaService.readBlock(JavaService.java:819)
  de.uka.ilkd.key.java.JavaService.readBlockWithEmptyContext(JavaService.java:854)
  de.uka.ilkd.key.nparser.builder.ExpressionBuilder.getJavaBlock(ExpressionBuilder.java:571)
  de.uka.ilkd.key.nparser.builder.ExpressionBuilder.visitModality_term(ExpressionBuilder.java:1074)
  de.uka.ilkd.key.nparser.KeYParser$Modality_termContext.accept(KeYParser.java:4623)
  org.antlr.v4.runtime.tree.AbstractParseTreeVisitor.visitChildren(AbstractParseTreeVisitor.java:46)
  de.uka.ilkd.key.nparser.KeYParserBaseVisitor.visitTerm60(KeYParserBaseVisitor.java:381)
  de.uka.ilkd.key.nparser.KeYParser$Term60Context.accept(KeYParser.java:4485)
  de.uka.ilkd.key.nparser.builder.AbstractBuilder.accept(AbstractBuilder.java:48)
  de.uka.ilkd.key.nparser.builder.DefaultBuilder.accept(DefaultBuilder.java:35)
  de.uka.ilkd.key.nparser.builder.ExpressionBuilder.visitConjunction_term(ExpressionBuilder.java:238)
  de.uka.ilkd.key.nparser.builder.ExpressionBuilder.visitConjunction_term(ExpressionBuilder.java:49)
  de.uka.ilkd.key.nparser.KeYParser$Conjunction_termContext.accept(KeYParser.java:4419)
  de.uka.ilkd.key.nparser.builder.AbstractBuilder.accept(AbstractBuilder.java:48)
  de.uka.ilkd.key.nparser.builder.DefaultBuilder.accept(DefaultBuilder.java:35)
  de.uka.ilkd.key.nparser.builder.ExpressionBuilder.visitDisjunction_term(ExpressionBuilder.java:229)
  de.uka.ilkd.key.nparser.builder.ExpressionBuilder.visitDisjunction_term(ExpressionBuilder.java:49)
  de.uka.ilkd.key.nparser.KeYParser$Disjunction_termContext.accept(KeYParser.java:4346)
  de.uka.ilkd.key.nparser.builder.AbstractBuilder.accept(AbstractBuilder.java:48)
  de.uka.ilkd.key.nparser.builder.DefaultBuilder.accept(DefaultBuilder.java:35)
  de.uka.ilkd.key.nparser.builder.ExpressionBuilder.visitImplication_term(ExpressionBuilder.java:222)
  de.uka.ilkd.key.nparser.builder.ExpressionBuilder.visitImplication_term(ExpressionBuilder.java:49)
  de.uka.ilkd.key.nparser.KeYParser$Implication_termContext.accept(KeYParser.java:4278)
  de.uka.ilkd.key.nparser.builder.AbstractBuilder.accept(AbstractBuilder.java:48)
  de.uka.ilkd.key.nparser.builder.DefaultBuilder.accept(DefaultBuilder.java:35)
  de.uka.ilkd.key.nparser.builder.ExpressionBuilder.visitEquivalence_term(ExpressionBuilder.java:198)
  de.uka.ilkd.key.nparser.builder.ExpressionBuilder.visitEquivalence_term(ExpressionBuilder.java:49)
  de.uka.ilkd.key.nparser.KeYParser$Equivalence_termContext.accept(KeYParser.java:4209)
  de.uka.ilkd.key.nparser.builder.AbstractBuilder.accept(AbstractBuilder.java:48)
  de.uka.ilkd.key.nparser.builder.DefaultBuilder.accept(DefaultBuilder.java:35)
  de.uka.ilkd.key.nparser.builder.ExpressionBuilder.visitElementary_update_term(ExpressionBuilder.java:188)
  de.uka.ilkd.key.nparser.builder.ExpressionBuilder.visitElementary_update_term(ExpressionBuilder.java:49)
  de.uka.ilkd.key.nparser.KeYParser$Elementary_update_termContext.accept(KeYParser.java:4142)
  de.uka.ilkd.key.nparser.builder.AbstractBuilder.lambda$mapOf$0(AbstractBuilder.java:124)
  java.base/java.util.stream.ReferencePipeline$3$1.accept(ReferencePipeline.java:197)
  java.base/java.util.ArrayList$ArrayListSpliterator.forEachRemaining(ArrayList.java:1625)
  java.base/java.util.stream.AbstractPipeline.copyInto(AbstractPipeline.java:509)
  java.base/java.util.stream.AbstractPipeline.wrapAndCopyInto(AbstractPipeline.java:499)
  java.base/java.util.stream.ReduceOps$ReduceOp.evaluateSequential(ReduceOps.java:921)
  java.base/java.util.stream.AbstractPipeline.evaluate(AbstractPipeline.java:234)
  java.base/java.util.stream.ReferencePipeline.collect(ReferencePipeline.java:682)
  de.uka.ilkd.key.nparser.builder.AbstractBuilder.mapOf(AbstractBuilder.java:124)
  de.uka.ilkd.key.nparser.builder.ExpressionBuilder.visitParallel_term(ExpressionBuilder.java:173)
  de.uka.ilkd.key.nparser.builder.ExpressionBuilder.visitParallel_term(ExpressionBuilder.java:49)
  de.uka.ilkd.key.nparser.KeYParser$Parallel_termContext.accept(KeYParser.java:4074)
  org.antlr.v4.runtime.tree.AbstractParseTreeVisitor.visitChildren(AbstractParseTreeVisitor.java:46)
  de.uka.ilkd.key.nparser.KeYParserBaseVisitor.visitTerm(KeYParserBaseVisitor.java:332)
  de.uka.ilkd.key.nparser.KeYParser$TermContext.accept(KeYParser.java:4020)
  de.uka.ilkd.key.nparser.builder.AbstractBuilder.accept(AbstractBuilder.java:48)
  de.uka.ilkd.key.nparser.builder.DefaultBuilder.accept(DefaultBuilder.java:35)
  de.uka.ilkd.key.nparser.builder.ExpressionBuilder.visitTermorseq(ExpressionBuilder.java:511)
  de.uka.ilkd.key.nparser.KeYParser$TermorseqContext.accept(KeYParser.java:8199)
  de.uka.ilkd.key.nparser.builder.AbstractBuilder.accept(AbstractBuilder.java:48)
  de.uka.ilkd.key.nparser.builder.DefaultBuilder.accept(DefaultBuilder.java:35)
  de.uka.ilkd.key.nparser.builder.TacletPBuilder.visitTaclet(TacletPBuilder.java:195)
  de.uka.ilkd.key.nparser.builder.TacletPBuilder.visitTaclet(TacletPBuilder.java:41)
  de.uka.ilkd.key.nparser.KeYParser$TacletContext.accept(KeYParser.java:7771)
  de.uka.ilkd.key.nparser.builder.AbstractBuilder.lambda$mapOf$0(AbstractBuilder.java:124)
  java.base/java.util.stream.ReferencePipeline$3$1.accept(ReferencePipeline.java:197)
  java.base/java.util.ArrayList$ArrayListSpliterator.forEachRemaining(ArrayList.java:1625)
  java.base/java.util.stream.AbstractPipeline.copyInto(AbstractPipeline.java:509)
  java.base/java.util.stream.AbstractPipeline.wrapAndCopyInto(AbstractPipeline.java:499)
  java.base/java.util.stream.ReduceOps$ReduceOp.evaluateSequential(ReduceOps.java:921)
  java.base/java.util.stream.AbstractPipeline.evaluate(AbstractPipeline.java:234)
  java.base/java.util.stream.ReferencePipeline.collect(ReferencePipeline.java:682)
  de.uka.ilkd.key.nparser.builder.AbstractBuilder.mapOf(AbstractBuilder.java:124)
  de.uka.ilkd.key.nparser.builder.TacletPBuilder.visitRulesOrAxioms(TacletPBuilder.java:95)
  de.uka.ilkd.key.nparser.KeYParser$RulesOrAxiomsContext.accept(KeYParser.java:10795)
  de.uka.ilkd.key.nparser.builder.AbstractBuilder.lambda$mapOf$0(AbstractBuilder.java:124)
  java.base/java.util.stream.ReferencePipeline$3$1.accept(ReferencePipeline.java:197)
  java.base/java.util.ArrayList$ArrayListSpliterator.forEachRemaining(ArrayList.java:1625)
  java.base/java.util.stream.AbstractPipeline.copyInto(AbstractPipeline.java:509)
  java.base/java.util.stream.AbstractPipeline.wrapAndCopyInto(AbstractPipeline.java:499)
  java.base/java.util.stream.ReduceOps$ReduceOp.evaluateSequential(ReduceOps.java:921)
  java.base/java.util.stream.AbstractPipeline.evaluate(AbstractPipeline.java:234)
  java.base/java.util.stream.ReferencePipeline.collect(ReferencePipeline.java:682)
  de.uka.ilkd.key.nparser.builder.AbstractBuilder.mapOf(AbstractBuilder.java:124)
  de.uka.ilkd.key.nparser.builder.TacletPBuilder.visitDecls(TacletPBuilder.java:76)
  de.uka.ilkd.key.nparser.KeYParser$DeclsContext.accept(KeYParser.java:515)
  org.antlr.v4.runtime.tree.AbstractParseTreeVisitor.visitChildren(AbstractParseTreeVisitor.java:46)
  de.uka.ilkd.key.nparser.KeYParserBaseVisitor.visitFile(KeYParserBaseVisitor.java:24)
  de.uka.ilkd.key.nparser.KeYParser$FileContext.accept(KeYParser.java:313)
  de.uka.ilkd.key.nparser.KeyAst.accept(KeyAst.java:43)
  de.uka.ilkd.key.nparser.KeyIO$Loader.loadTaclets(KeyIO.java:340)
  de.uka.ilkd.key.nparser.KeyIO$Loader.loadComplete(KeyIO.java:243)
  de.uka.ilkd.key.proof.io.KeYFileForTests.read(KeYFileForTests.java:53)
  de.uka.ilkd.key.proof.init.ProblemInitializer.readEnvInput(ProblemInitializer.java:323)
  de.uka.ilkd.key.proof.init.ProblemInitializer.prepare(ProblemInitializer.java:561)
  de.uka.ilkd.key.proof.init.ProblemInitializer.prepare(ProblemInitializer.java:471)
  de.uka.ilkd.key.rule.TacletForTests.parse(TacletForTests.java:80)
  de.uka.ilkd.key.rule.TacletForTests.parse(TacletForTests.java:125)
  de.uka.ilkd.key.rule.TacletForTests.parse(TacletForTests.java:129)
  de.uka.ilkd.key.rule.TestMatchTaclet.setUp(TestMatchTaclet.java:60)
  java.base/jdk.internal.reflect.NativeMethodAccessorImpl.invoke0(Native Method)
  java.base/jdk.internal.reflect.NativeMethodAccessorImpl.invoke(NativeMethodAccessorImpl.java:77)
  java.base/jdk.internal.reflect.DelegatingMethodAccessorImpl.invoke(DelegatingMethodAccessorImpl.java:43)
  java.base/java.lang.reflect.Method.invoke(Method.java:568)
  org.junit.platform.commons.util.ReflectionUtils.invokeMethod(ReflectionUtils.java:727)
  org.junit.jupiter.engine.execution.MethodInvocation.proceed(MethodInvocation.java:60)
  org.junit.jupiter.engine.execution.InvocationInterceptorChain$ValidatingInvocation.proceed(InvocationInterceptorChain.java:131)
  org.junit.jupiter.engine.extension.TimeoutExtension.intercept(TimeoutExtension.java:156)
  org.junit.jupiter.engine.extension.TimeoutExtension.interceptLifecycleMethod(TimeoutExtension.java:128)
  org.junit.jupiter.engine.extension.TimeoutExtension.interceptBeforeEachMethod(TimeoutExtension.java:78)
  org.junit.jupiter.engine.execution.InterceptingExecutableInvoker$ReflectiveInterceptorCall.lambda$ofVoidMethod$0(InterceptingExecutableInvoker.java:103)
  org.junit.jupiter.engine.execution.InterceptingExecutableInvoker.lambda$invoke$0(InterceptingExecutableInvoker.java:93)
  org.junit.jupiter.engine.execution.InvocationInterceptorChain$InterceptedInvocation.proceed(InvocationInterceptorChain.java:106)
  org.junit.jupiter.engine.execution.InvocationInterceptorChain.proceed(InvocationInterceptorChain.java:64)
  org.junit.jupiter.engine.execution.InvocationInterceptorChain.chainAndInvoke(InvocationInterceptorChain.java:45)
  org.junit.jupiter.engine.execution.InvocationInterceptorChain.invoke(InvocationInterceptorChain.java:37)
  org.junit.jupiter.engine.execution.InterceptingExecutableInvoker.invoke(InterceptingExecutableInvoker.java:92)
  org.junit.jupiter.engine.execution.InterceptingExecutableInvoker.invoke(InterceptingExecutableInvoker.java:86)
  org.junit.jupiter.engine.descriptor.ClassBasedTestDescriptor.invokeMethodInExtensionContext(ClassBasedTestDescriptor.java:520)
  org.junit.jupiter.engine.descriptor.ClassBasedTestDescriptor.lambda$synthesizeBeforeEachMethodAdapter$23(ClassBasedTestDescriptor.java:505)
  org.junit.jupiter.engine.descriptor.TestMethodTestDescriptor.lambda$invokeBeforeEachMethods$3(TestMethodTestDescriptor.java:174)
  org.junit.jupiter.engine.descriptor.TestMethodTestDescriptor.lambda$invokeBeforeMethodsOrCallbacksUntilExceptionOccurs$6(TestMethodTestDescriptor.java:202)
  org.junit.platform.engine.support.hierarchical.ThrowableCollector.execute(ThrowableCollector.java:73)
  org.junit.jupiter.engine.descriptor.TestMethodTestDescriptor.invokeBeforeMethodsOrCallbacksUntilExceptionOccurs(TestMethodTestDescriptor.java:202)
  org.junit.jupiter.engine.descriptor.TestMethodTestDescriptor.invokeBeforeEachMethods(TestMethodTestDescriptor.java:171)
  org.junit.jupiter.engine.descriptor.TestMethodTestDescriptor.execute(TestMethodTestDescriptor.java:134)
  org.junit.jupiter.engine.descriptor.TestMethodTestDescriptor.execute(TestMethodTestDescriptor.java:68)
  org.junit.platform.engine.support.hierarchical.NodeTestTask.lambda$executeRecursively$6(NodeTestTask.java:151)
  org.junit.platform.engine.support.hierarchical.ThrowableCollector.execute(ThrowableCollector.java:73)
  org.junit.platform.engine.support.hierarchical.NodeTestTask.lambda$executeRecursively$8(NodeTestTask.java:141)
  org.junit.platform.engine.support.hierarchical.Node.around(Node.java:137)
  org.junit.platform.engine.support.hierarchical.NodeTestTask.lambda$executeRecursively$9(NodeTestTask.java:139)
  org.junit.platform.engine.support.hierarchical.ThrowableCollector.execute(ThrowableCollector.java:73)
  org.junit.platform.engine.support.hierarchical.NodeTestTask.executeRecursively(NodeTestTask.java:138)
  org.junit.platform.engine.support.hierarchical.NodeTestTask.execute(NodeTestTask.java:95)
  java.base/java.util.ArrayList.forEach(ArrayList.java:1511)
  org.junit.platform.engine.support.hierarchical.SameThreadHierarchicalTestExecutorService.invokeAll(SameThreadHierarchicalTestExecutorService.java:41)
  org.junit.platform.engine.support.hierarchical.NodeTestTask.lambda$executeRecursively$6(NodeTestTask.java:155)
  org.junit.platform.engine.support.hierarchical.ThrowableCollector.execute(ThrowableCollector.java:73)
  org.junit.platform.engine.support.hierarchical.NodeTestTask.lambda$executeRecursively$8(NodeTestTask.java:141)
  org.junit.platform.engine.support.hierarchical.Node.around(Node.java:137)
  org.junit.platform.engine.support.hierarchical.NodeTestTask.lambda$executeRecursively$9(NodeTestTask.java:139)
  org.junit.platform.engine.support.hierarchical.ThrowableCollector.execute(ThrowableCollector.java:73)
  org.junit.platform.engine.support.hierarchical.NodeTestTask.executeRecursively(NodeTestTask.java:138)
  org.junit.platform.engine.support.hierarchical.NodeTestTask.execute(NodeTestTask.java:95)
  java.base/java.util.ArrayList.forEach(ArrayList.java:1511)
  org.junit.platform.engine.support.hierarchical.SameThreadHierarchicalTestExecutorService.invokeAll(SameThreadHierarchicalTestExecutorService.java:41)
  org.junit.platform.engine.support.hierarchical.NodeTestTask.lambda$executeRecursively$6(NodeTestTask.java:155)
  org.junit.platform.engine.support.hierarchical.ThrowableCollector.execute(ThrowableCollector.java:73)
  org.junit.platform.engine.support.hierarchical.NodeTestTask.lambda$executeRecursively$8(NodeTestTask.java:141)
  org.junit.platform.engine.support.hierarchical.Node.around(Node.java:137)
  org.junit.platform.engine.support.hierarchical.NodeTestTask.lambda$executeRecursively$9(NodeTestTask.java:139)
  org.junit.platform.engine.support.hierarchical.ThrowableCollector.execute(ThrowableCollector.java:73)
  org.junit.platform.engine.support.hierarchical.NodeTestTask.executeRecursively(NodeTestTask.java:138)
  org.junit.platform.engine.support.hierarchical.NodeTestTask.execute(NodeTestTask.java:95)
  org.junit.platform.engine.support.hierarchical.SameThreadHierarchicalTestExecutorService.submit(SameThreadHierarchicalTestExecutorService.java:35)
  org.junit.platform.engine.support.hierarchical.HierarchicalTestExecutor.execute(HierarchicalTestExecutor.java:57)
  org.junit.platform.engine.support.hierarchical.HierarchicalTestEngine.execute(HierarchicalTestEngine.java:54)
  org.junit.platform.launcher.core.EngineExecutionOrchestrator.execute(EngineExecutionOrchestrator.java:107)
  org.junit.platform.launcher.core.EngineExecutionOrchestrator.execute(EngineExecutionOrchestrator.java:88)
  org.junit.platform.launcher.core.EngineExecutionOrchestrator.lambda$execute$0(EngineExecutionOrchestrator.java:54)
  org.junit.platform.launcher.core.EngineExecutionOrchestrator.withInterceptedStreams(EngineExecutionOrchestrator.java:67)
  org.junit.platform.launcher.core.EngineExecutionOrchestrator.execute(EngineExecutionOrchestrator.java:52)
  org.junit.platform.launcher.core.DefaultLauncher.execute(DefaultLauncher.java:114)
  org.junit.platform.launcher.core.DefaultLauncher.execute(DefaultLauncher.java:86)
  org.junit.platform.launcher.core.DefaultLauncherSession$DelegatingLauncher.execute(DefaultLauncherSession.java:86)
  org.gradle.api.internal.tasks.testing.junitplatform.JUnitPlatformTestClassProcessor$CollectAllTestClassesExecutor.processAllTestClasses(JUnitPlatformTestClassProcessor.java:110)
  org.gradle.api.internal.tasks.testing.junitplatform.JUnitPlatformTestClassProcessor$CollectAllTestClassesExecutor.access$000(JUnitPlatformTestClassProcessor.java:90)
  org.gradle.api.internal.tasks.testing.junitplatform.JUnitPlatformTestClassProcessor.stop(JUnitPlatformTestClassProcessor.java:85)
  org.gradle.api.internal.tasks.testing.SuiteTestClassProcessor.stop(SuiteTestClassProcessor.java:62)
  java.base/jdk.internal.reflect.NativeMethodAccessorImpl.invoke0(Native Method)
  java.base/jdk.internal.reflect.NativeMethodAccessorImpl.invoke(NativeMethodAccessorImpl.java:77)
  java.base/jdk.internal.reflect.DelegatingMethodAccessorImpl.invoke(DelegatingMethodAccessorImpl.java:43)
  java.base/java.lang.reflect.Method.invoke(Method.java:568)
  org.gradle.internal.dispatch.ReflectionDispatch.dispatch(ReflectionDispatch.java:36)
  org.gradle.internal.dispatch.ReflectionDispatch.dispatch(ReflectionDispatch.java:24)
  org.gradle.internal.dispatch.ContextClassLoaderDispatch.dispatch(ContextClassLoaderDispatch.java:33)
  org.gradle.internal.dispatch.ProxyDispatchAdapter$DispatchingInvocationHandler.invoke(ProxyDispatchAdapter.java:94)
  jdk.proxy2/jdk.proxy2.$Proxy5.stop(Unknown Source)
  org.gradle.api.internal.tasks.testing.worker.TestWorker$3.run(TestWorker.java:193)
  org.gradle.api.internal.tasks.testing.worker.TestWorker.executeAndMaintainThreadName(TestWorker.java:129)
  org.gradle.api.internal.tasks.testing.worker.TestWorker.execute(TestWorker.java:100)
  org.gradle.api.internal.tasks.testing.worker.TestWorker.execute(TestWorker.java:60)
  org.gradle.process.internal.worker.child.ActionExecutionWorker.execute(ActionExecutionWorker.java:56)
  org.gradle.process.internal.worker.child.SystemApplicationClassLoaderWorker.call(SystemApplicationClassLoaderWorker.java:113)
  org.gradle.process.internal.worker.child.SystemApplicationClassLoaderWorker.call(SystemApplicationClassLoaderWorker.java:65)
  worker.org.gradle.process.internal.worker.GradleWorkerMain.run(GradleWorkerMain.java:69)
  worker.org.gradle.process.internal.worker.GradleWorkerMain.main(GradleWorkerMain.java:74). com.github.javaparser.ParseException: Encountered unexpected token: "}" "}"
    at line 1, column 22.

Was expecting one of:

    ","
    ";"
    "="
    "@"
    "["

	at com.github.javaparser.GeneratedJavaParser.generateParseException(GeneratedJavaParser.java:18340)

92558      ERROR Test worker     d.u.i.k.n.b.TacletPBuilder Error in parsing taclet. de.uka.ilkd.key.util.parsing.BuildingExceptions: Multiple errors occured
	at de.uka.ilkd.key.java.JavaService.reportErrors(JavaService.java:219)

92563      DEBUG Test worker     d.u.i.k.n.KeyIO           MODE: taclets took 50ms 
92730      ERROR Test worker     d.u.i.k.j.KeYJPMapping    Duplicate registration of node: boolean, formerNode: /*@ pure @*/
boolean 
92733      ERROR Test worker     d.u.i.k.j.KeYJPMapping    Duplicate registration of node: Object, formerNode: java.lang.Object 
92733      ERROR Test worker     d.u.i.k.j.KeYJPMapping    Duplicate registration of node: Object, formerNode: java.lang.Object 
92735      ERROR Test worker     d.u.i.k.j.KeYJPMapping    Duplicate registration of node: Annotation, formerNode: Annotation 
92737      ERROR Test worker     d.u.i.k.j.KeYJPMapping    Duplicate registration of node: ArithmeticException, formerNode: ArithmeticException 
92739      ERROR Test worker     d.u.i.k.j.KeYJPMapping    Duplicate registration of node: ArrayIndexOutOfBoundsException, formerNode: ArrayIndexOutOfBoundsException 
92740      ERROR Test worker     d.u.i.k.j.KeYJPMapping    Duplicate registration of node: ArrayStoreException, formerNode: ArrayStoreException 
92742      ERROR Test worker     d.u.i.k.j.KeYJPMapping    Duplicate registration of node: AssertionError, formerNode: AssertionError 
92743      ERROR Test worker     d.u.i.k.j.KeYJPMapping    Duplicate registration of node: Character, formerNode: Character 
92743      ERROR Test worker     d.u.i.k.j.KeYJPMapping    Duplicate registration of node: Class, formerNode: java.lang.Class 
92743      ERROR Test worker     d.u.i.k.j.KeYJPMapping    Duplicate registration of node: Class, formerNode: java.lang.Class 
92745      ERROR Test worker     d.u.i.k.j.KeYJPMapping    Duplicate registration of node: ClassCastException, formerNode: ClassCastException 
92746      ERROR Test worker     d.u.i.k.j.KeYJPMapping    Duplicate registration of node: CloneNotSupportedException, formerNode: CloneNotSupportedException 
92747      ERROR Test worker     d.u.i.k.j.KeYJPMapping    Duplicate registration of node: Cloneable, formerNode: Cloneable 
92748      ERROR Test worker     d.u.i.k.j.KeYJPMapping    Duplicate registration of node: Comparable, formerNode: Comparable 
92749      ERROR Test worker     d.u.i.k.j.KeYJPMapping    Duplicate registration of node: Double, formerNode: Double 
92751      ERROR Test worker     d.u.i.k.j.KeYJPMapping    Duplicate registration of node: Enum, formerNode: java.lang.Enum 
92751      ERROR Test worker     d.u.i.k.j.KeYJPMapping    Duplicate registration of node: Enum, formerNode: java.lang.Enum 
92753      ERROR Test worker     d.u.i.k.j.KeYJPMapping    Duplicate registration of node: Error, formerNode: Error 
92754      ERROR Test worker     d.u.i.k.j.KeYJPMapping    Duplicate registration of node: Exception, formerNode: Exception 
92756      ERROR Test worker     d.u.i.k.j.KeYJPMapping    Duplicate registration of node: ExceptionInInitializerError, formerNode: java.lang.ExceptionInInitializerError 
92756      ERROR Test worker     d.u.i.k.j.KeYJPMapping    Duplicate registration of node: ExceptionInInitializerError, formerNode: java.lang.ExceptionInInitializerError 
92759      ERROR Test worker     d.u.i.k.j.KeYJPMapping    Duplicate registration of node: Float, formerNode: Float 
92760      ERROR Test worker     d.u.i.k.j.KeYJPMapping    Duplicate registration of node: IllegalArgumentException, formerNode: IllegalArgumentException 
92761      ERROR Test worker     d.u.i.k.j.KeYJPMapping    Duplicate registration of node: IndexOutOfBoundsException, formerNode: IndexOutOfBoundsException 
92778      ERROR Test worker     d.u.i.k.j.KeYJPMapping    Duplicate registration of node: Integer, formerNode: java.lang.Integer 
92778      ERROR Test worker     d.u.i.k.j.KeYJPMapping    Duplicate registration of node: Integer, formerNode: java.lang.Integer 
92779      ERROR Test worker     d.u.i.k.j.KeYJPMapping    Duplicate registration of node: InterruptedException, formerNode: InterruptedException 
92780      ERROR Test worker     d.u.i.k.j.KeYJPMapping    Duplicate registration of node: Iterable, formerNode: Iterable 
92781      ERROR Test worker     d.u.i.k.j.KeYJPMapping    Duplicate registration of node: LinkageError, formerNode: LinkageError 
92792      ERROR Test worker     d.u.i.k.j.KeYJPMapping    Duplicate registration of node: Math, formerNode: Math 
92793      ERROR Test worker     d.u.i.k.j.KeYJPMapping    Duplicate registration of node: NegativeArraySizeException, formerNode: NegativeArraySizeException 
92794      ERROR Test worker     d.u.i.k.j.KeYJPMapping    Duplicate registration of node: NoClassDefFoundError, formerNode: java.lang.NoClassDefFoundError 
92794      ERROR Test worker     d.u.i.k.j.KeYJPMapping    Duplicate registration of node: NoClassDefFoundError, formerNode: java.lang.NoClassDefFoundError 
92795      ERROR Test worker     d.u.i.k.j.KeYJPMapping    Duplicate registration of node: NullPointerException, formerNode: NullPointerException 
92797      ERROR Test worker     d.u.i.k.j.KeYJPMapping    Duplicate registration of node: Number, formerNode: Number 
92799      ERROR Test worker     d.u.i.k.j.KeYJPMapping    Duplicate registration of node: NumberFormatException, formerNode: NumberFormatException 
92800      ERROR Test worker     d.u.i.k.j.KeYJPMapping    Duplicate registration of node: VirtualMachineError, formerNode: VirtualMachineError 
92802      ERROR Test worker     d.u.i.k.j.KeYJPMapping    Duplicate registration of node: OutOfMemoryError, formerNode: OutOfMemoryError 
92802      ERROR Test worker     d.u.i.k.j.KeYJPMapping    Duplicate registration of node: Runnable, formerNode: Runnable 
92804      ERROR Test worker     d.u.i.k.j.KeYJPMapping    Duplicate registration of node: RuntimeException, formerNode: RuntimeException 
92804      ERROR Test worker     d.u.i.k.j.KeYJPMapping    Duplicate registration of node: /*@pure*/
int, formerNode: int 
92808      ERROR Test worker     d.u.i.k.j.KeYJPMapping    Duplicate registration of node: /*@ helper */
int, formerNode: int 
92808      ERROR Test worker     d.u.i.k.j.KeYJPMapping    Duplicate registration of node: /*@ helper */
boolean, formerNode: /*@ pure @*/
boolean 
92818      ERROR Test worker     d.u.i.k.j.KeYJPMapping    Duplicate registration of node: /*@ helper */
java.lang.String, formerNode: java.lang.String 
92830      ERROR Test worker     d.u.i.k.j.KeYJPMapping    Duplicate registration of node: String, formerNode: java.lang.String 
92850      ERROR Test worker     d.u.i.k.j.KeYJPMapping    Duplicate registration of node: String, formerNode: java.lang.String 
92852      ERROR Test worker     d.u.i.k.j.KeYJPMapping    Duplicate registration of node: char, formerNode: /*@ helper */
char 
92854      ERROR Test worker     d.u.i.k.j.KeYJPMapping    Duplicate registration of node: StringBuffer, formerNode: StringBuffer 
92858      ERROR Test worker     d.u.i.k.j.KeYJPMapping    Duplicate registration of node: System, formerNode: System 
92859      ERROR Test worker     d.u.i.k.j.KeYJPMapping    Duplicate registration of node: Thread, formerNode: Thread 
92862      ERROR Test worker     d.u.i.k.j.KeYJPMapping    Duplicate registration of node: Throwable, formerNode: java.lang.Throwable 
92862      ERROR Test worker     d.u.i.k.j.KeYJPMapping    Duplicate registration of node: Throwable, formerNode: java.lang.Throwable 
92868      ERROR Test worker     d.u.i.k.j.KeYJPMapping    Duplicate registration of node: Collection, formerNode: Collection 
92869      ERROR Test worker     d.u.i.k.j.KeYJPMapping    Duplicate registration of node: Iterator, formerNode: java.util.Iterator 
92869      ERROR Test worker     d.u.i.k.j.KeYJPMapping    Duplicate registration of node: Iterator, formerNode: java.util.Iterator 
92873      ERROR Test worker     d.u.i.k.j.KeYJPMapping    Duplicate registration of node: List, formerNode: java.util.List 
92874      ERROR Test worker     d.u.i.k.j.KeYJPMapping    Duplicate registration of node: List, formerNode: java.util.List 
92876      ERROR Test worker     d.u.i.k.j.KeYJPMapping    Duplicate registration of node: ListIterator, formerNode: java.util.ListIterator 
92876      ERROR Test worker     d.u.i.k.j.KeYJPMapping    Duplicate registration of node: ListIterator, formerNode: java.util.ListIterator 
92877      ERROR Test worker     d.u.i.k.j.KeYJPMapping    Duplicate registration of node: Long, formerNode: Long 
92878      ERROR Test worker     d.u.i.k.j.KeYJPMapping    Duplicate registration of node: Boolean, formerNode: Boolean 
92883      ERROR Test worker     d.u.i.k.j.KeYJPMapping    Duplicate registration of node: Map, formerNode: Map 
92889      ERROR Test worker     d.u.i.k.j.KeYJPMapping    Duplicate registration of node: Set, formerNode: java.util.Set 
92890      ERROR Test worker     d.u.i.k.j.KeYJPMapping    Duplicate registration of node: Set, formerNode: java.util.Set 
92892      ERROR Test worker     d.u.i.k.j.KeYJPMapping    Duplicate registration of node: FilterOutputStream, formerNode: FilterOutputStream 
92892      ERROR Test worker     d.u.i.k.j.KeYJPMapping    Duplicate registration of node: InputStream, formerNode: java.io.InputStream 
92893      ERROR Test worker     d.u.i.k.j.KeYJPMapping    Duplicate registration of node: InputStream, formerNode: java.io.InputStream 
92895      ERROR Test worker     d.u.i.k.j.KeYJPMapping    Duplicate registration of node: IOException, formerNode: IOException 
92896      ERROR Test worker     d.u.i.k.j.KeYJPMapping    Duplicate registration of node: OutputStream, formerNode: java.io.OutputStream 
92896      ERROR Test worker     d.u.i.k.j.KeYJPMapping    Duplicate registration of node: OutputStream, formerNode: java.io.OutputStream 
92902      ERROR Test worker     d.u.i.k.j.KeYJPMapping    Duplicate registration of node: PrintStream, formerNode: java.io.PrintStream 
92902      ERROR Test worker     d.u.i.k.j.KeYJPMapping    Duplicate registration of node: PrintStream, formerNode: java.io.PrintStream 
92903      ERROR Test worker     d.u.i.k.j.KeYJPMapping    Duplicate registration of node: Serializable, formerNode: Serializable 
92904      ERROR Test worker     d.u.i.k.j.KeYJPMapping    Duplicate registration of node: BigInteger, formerNode: java.math.BigInteger 
92906      ERROR Test worker     d.u.i.k.j.KeYJPMapping    Duplicate registration of node: BigInteger, formerNode: java.math.BigInteger 
92907      ERROR Test worker     d.u.i.k.j.KeYJPMapping    Duplicate registration of node: ArrayList, formerNode: ArrayList 
92911      ERROR Test worker     d.u.i.k.j.KeYJPMapping    Duplicate registration of node: byte[], formerNode: byte[] 
92933      ERROR Test worker     d.u.i.k.j.KeYJPMapping    Duplicate registration of node: Arrays, formerNode: Arrays 
92934      ERROR Test worker     d.u.i.k.j.KeYJPMapping    Duplicate registration of node: ListIteratorImpl, formerNode: ListIteratorImpl 
92935      ERROR Test worker     d.u.i.k.j.KeYJPMapping    Duplicate registration of node: Date, formerNode: Date 
92936      ERROR Test worker     d.u.i.k.j.KeYJPMapping    Duplicate registration of node: LinkedHashMap, formerNode: LinkedHashMap 
92937      ERROR Test worker     d.u.i.k.j.KeYJPMapping    Duplicate registration of node: /*@pure@*/
String, formerNode: /*@strictly_pure*/
java.lang.String 
92938      ERROR Test worker     d.u.i.k.j.KeYJPMapping    Duplicate registration of node: LinkedList, formerNode: LinkedList 
92956      INFO  Test worker     d.u.i.k.n.KeyIO           Parsing took 3 ms 
92956      DEBUG Test worker     d.u.i.k.n.KeyIO           Load declarations of de.uka.ilkd.key.nparser.KeyAst$File:  /home/runner/work/key/key/key.core/src/test/resources/testcase/../de/uka/ilkd/key/rule/testRuleMatch.txt:8#1 
92956      INFO  Test worker     d.u.i.k.n.KeyIO           MODE: declarations took 0 ms 
92956      DEBUG Test worker     d.u.i.k.n.KeyIO           MODE: 2nd degree decls took 0 
92998      ERROR Test worker     d.u.i.k.j.JavaService     Error in (line 1,col 11) Parse error. Found "}", expected one of  "," ";" "=" "@" "["
Problem stacktrace : 
  com.github.javaparser.GeneratedJavaParser.generateParseException(GeneratedJavaParser.java:18340)
  com.github.javaparser.GeneratedJavaParser.jj_consume_token(GeneratedJavaParser.java:18179)
  com.github.javaparser.GeneratedJavaParser.BlockStatement(GeneratedJavaParser.java:6611)
  com.github.javaparser.GeneratedJavaParser.Statements(GeneratedJavaParser.java:3114)
  com.github.javaparser.GeneratedJavaParser.Block(GeneratedJavaParser.java:6548)
  com.github.javaparser.GeneratedJavaParser.Statement(GeneratedJavaParser.java:6344)
  com.github.javaparser.GeneratedJavaParser.BlockStatement(GeneratedJavaParser.java:6727)
  com.github.javaparser.GeneratedJavaParser.Statements(GeneratedJavaParser.java:3114)
  com.github.javaparser.GeneratedJavaParser.Block(GeneratedJavaParser.java:6548)
  com.github.javaparser.GeneratedJavaParser.BlockParseStart(GeneratedJavaParser.java:9483)
  com.github.javaparser.JavaParser.parse(JavaParser.java:121)
  com.github.javaparser.JavaParser.parseBlock(JavaParser.java:313)
  de.uka.ilkd.key.java.JavaParserFactory.parseStatementBlock(JavaParserFactory.java:167)
  de.uka.ilkd.key.java.JavaService.recoderBlock(JavaService.java:782)
  de.uka.ilkd.key.java.JavaService.readBlock(JavaService.java:819)
  de.uka.ilkd.key.java.JavaService.readBlockWithProgramVariables(JavaService.java:875)
  de.uka.ilkd.key.nparser.builder.ExpressionBuilder.getJavaBlock(ExpressionBuilder.java:568)
  de.uka.ilkd.key.nparser.builder.ExpressionBuilder.visitModality_term(ExpressionBuilder.java:1074)
  de.uka.ilkd.key.nparser.KeYParser$Modality_termContext.accept(KeYParser.java:4623)
  org.antlr.v4.runtime.tree.AbstractParseTreeVisitor.visitChildren(AbstractParseTreeVisitor.java:46)
  de.uka.ilkd.key.nparser.KeYParserBaseVisitor.visitTerm60(KeYParserBaseVisitor.java:381)
  de.uka.ilkd.key.nparser.KeYParser$Term60Context.accept(KeYParser.java:4485)
  de.uka.ilkd.key.nparser.builder.AbstractBuilder.accept(AbstractBuilder.java:48)
  de.uka.ilkd.key.nparser.builder.DefaultBuilder.accept(DefaultBuilder.java:35)
  de.uka.ilkd.key.nparser.builder.ExpressionBuilder.visitConjunction_term(ExpressionBuilder.java:238)
  de.uka.ilkd.key.nparser.builder.ExpressionBuilder.visitConjunction_term(ExpressionBuilder.java:49)
  de.uka.ilkd.key.nparser.KeYParser$Conjunction_termContext.accept(KeYParser.java:4419)
  de.uka.ilkd.key.nparser.builder.AbstractBuilder.accept(AbstractBuilder.java:48)
  de.uka.ilkd.key.nparser.builder.DefaultBuilder.accept(DefaultBuilder.java:35)
  de.uka.ilkd.key.nparser.builder.ExpressionBuilder.visitDisjunction_term(ExpressionBuilder.java:229)
  de.uka.ilkd.key.nparser.builder.ExpressionBuilder.visitDisjunction_term(ExpressionBuilder.java:49)
  de.uka.ilkd.key.nparser.KeYParser$Disjunction_termContext.accept(KeYParser.java:4346)
  de.uka.ilkd.key.nparser.builder.AbstractBuilder.accept(AbstractBuilder.java:48)
  de.uka.ilkd.key.nparser.builder.DefaultBuilder.accept(DefaultBuilder.java:35)
  de.uka.ilkd.key.nparser.builder.ExpressionBuilder.visitImplication_term(ExpressionBuilder.java:222)
  de.uka.ilkd.key.nparser.builder.ExpressionBuilder.visitImplication_term(ExpressionBuilder.java:49)
  de.uka.ilkd.key.nparser.KeYParser$Implication_termContext.accept(KeYParser.java:4278)
  de.uka.ilkd.key.nparser.builder.AbstractBuilder.accept(AbstractBuilder.java:48)
  de.uka.ilkd.key.nparser.builder.DefaultBuilder.accept(DefaultBuilder.java:35)
  de.uka.ilkd.key.nparser.builder.ExpressionBuilder.visitEquivalence_term(ExpressionBuilder.java:198)
  de.uka.ilkd.key.nparser.builder.ExpressionBuilder.visitEquivalence_term(ExpressionBuilder.java:49)
  de.uka.ilkd.key.nparser.KeYParser$Equivalence_termContext.accept(KeYParser.java:4209)
  de.uka.ilkd.key.nparser.builder.AbstractBuilder.accept(AbstractBuilder.java:48)
  de.uka.ilkd.key.nparser.builder.DefaultBuilder.accept(DefaultBuilder.java:35)
  de.uka.ilkd.key.nparser.builder.ExpressionBuilder.visitElementary_update_term(ExpressionBuilder.java:188)
  de.uka.ilkd.key.nparser.builder.ExpressionBuilder.visitElementary_update_term(ExpressionBuilder.java:49)
  de.uka.ilkd.key.nparser.KeYParser$Elementary_update_termContext.accept(KeYParser.java:4142)
  de.uka.ilkd.key.nparser.builder.AbstractBuilder.lambda$mapOf$0(AbstractBuilder.java:124)
  java.base/java.util.stream.ReferencePipeline$3$1.accept(ReferencePipeline.java:197)
  java.base/java.util.ArrayList$ArrayListSpliterator.forEachRemaining(ArrayList.java:1625)
  java.base/java.util.stream.AbstractPipeline.copyInto(AbstractPipeline.java:509)
  java.base/java.util.stream.AbstractPipeline.wrapAndCopyInto(AbstractPipeline.java:499)
  java.base/java.util.stream.ReduceOps$ReduceOp.evaluateSequential(ReduceOps.java:921)
  java.base/java.util.stream.AbstractPipeline.evaluate(AbstractPipeline.java:234)
  java.base/java.util.stream.ReferencePipeline.collect(ReferencePipeline.java:682)
  de.uka.ilkd.key.nparser.builder.AbstractBuilder.mapOf(AbstractBuilder.java:124)
  de.uka.ilkd.key.nparser.builder.ExpressionBuilder.visitParallel_term(ExpressionBuilder.java:173)
  de.uka.ilkd.key.nparser.builder.ExpressionBuilder.visitParallel_term(ExpressionBuilder.java:49)
  de.uka.ilkd.key.nparser.KeYParser$Parallel_termContext.accept(KeYParser.java:4074)
  org.antlr.v4.runtime.tree.AbstractParseTreeVisitor.visitChildren(AbstractParseTreeVisitor.java:46)
  de.uka.ilkd.key.nparser.KeYParserBaseVisitor.visitTerm(KeYParserBaseVisitor.java:332)
  de.uka.ilkd.key.nparser.KeYParser$TermContext.accept(KeYParser.java:4020)
  de.uka.ilkd.key.nparser.builder.AbstractBuilder.accept(AbstractBuilder.java:48)
  de.uka.ilkd.key.nparser.builder.DefaultBuilder.accept(DefaultBuilder.java:35)
  de.uka.ilkd.key.nparser.builder.ExpressionBuilder.visitTermorseq(ExpressionBuilder.java:511)
  de.uka.ilkd.key.nparser.KeYParser$TermorseqContext.accept(KeYParser.java:8199)
  de.uka.ilkd.key.nparser.builder.AbstractBuilder.accept(AbstractBuilder.java:48)
  de.uka.ilkd.key.nparser.builder.DefaultBuilder.accept(DefaultBuilder.java:35)
  de.uka.ilkd.key.nparser.builder.TacletPBuilder.visitTaclet(TacletPBuilder.java:195)
  de.uka.ilkd.key.nparser.builder.TacletPBuilder.visitTaclet(TacletPBuilder.java:41)
  de.uka.ilkd.key.nparser.KeYParser$TacletContext.accept(KeYParser.java:7771)
  de.uka.ilkd.key.nparser.builder.AbstractBuilder.lambda$mapOf$0(AbstractBuilder.java:124)
  java.base/java.util.stream.ReferencePipeline$3$1.accept(ReferencePipeline.java:197)
  java.base/java.util.ArrayList$ArrayListSpliterator.forEachRemaining(ArrayList.java:1625)
  java.base/java.util.stream.AbstractPipeline.copyInto(AbstractPipeline.java:509)
  java.base/java.util.stream.AbstractPipeline.wrapAndCopyInto(AbstractPipeline.java:499)
  java.base/java.util.stream.ReduceOps$ReduceOp.evaluateSequential(ReduceOps.java:921)
  java.base/java.util.stream.AbstractPipeline.evaluate(AbstractPipeline.java:234)
  java.base/java.util.stream.ReferencePipeline.collect(ReferencePipeline.java:682)
  de.uka.ilkd.key.nparser.builder.AbstractBuilder.mapOf(AbstractBuilder.java:124)
  de.uka.ilkd.key.nparser.builder.TacletPBuilder.visitRulesOrAxioms(TacletPBuilder.java:95)
  de.uka.ilkd.key.nparser.KeYParser$RulesOrAxiomsContext.accept(KeYParser.java:10795)
  de.uka.ilkd.key.nparser.builder.AbstractBuilder.lambda$mapOf$0(AbstractBuilder.java:124)
  java.base/java.util.stream.ReferencePipeline$3$1.accept(ReferencePipeline.java:197)
  java.base/java.util.ArrayList$ArrayListSpliterator.forEachRemaining(ArrayList.java:1625)
  java.base/java.util.stream.AbstractPipeline.copyInto(AbstractPipeline.java:509)
  java.base/java.util.stream.AbstractPipeline.wrapAndCopyInto(AbstractPipeline.java:499)
  java.base/java.util.stream.ReduceOps$ReduceOp.evaluateSequential(ReduceOps.java:921)
  java.base/java.util.stream.AbstractPipeline.evaluate(AbstractPipeline.java:234)
  java.base/java.util.stream.ReferencePipeline.collect(ReferencePipeline.java:682)
  de.uka.ilkd.key.nparser.builder.AbstractBuilder.mapOf(AbstractBuilder.java:124)
  de.uka.ilkd.key.nparser.builder.TacletPBuilder.visitDecls(TacletPBuilder.java:76)
  de.uka.ilkd.key.nparser.KeYParser$DeclsContext.accept(KeYParser.java:515)
  org.antlr.v4.runtime.tree.AbstractParseTreeVisitor.visitChildren(AbstractParseTreeVisitor.java:46)
  de.uka.ilkd.key.nparser.KeYParserBaseVisitor.visitFile(KeYParserBaseVisitor.java:24)
  de.uka.ilkd.key.nparser.KeYParser$FileContext.accept(KeYParser.java:313)
  de.uka.ilkd.key.nparser.KeyAst.accept(KeyAst.java:43)
  de.uka.ilkd.key.nparser.KeyIO$Loader.loadTaclets(KeyIO.java:340)
  de.uka.ilkd.key.nparser.KeyIO$Loader.loadComplete(KeyIO.java:243)
  de.uka.ilkd.key.proof.io.KeYFileForTests.read(KeYFileForTests.java:53)
  de.uka.ilkd.key.proof.init.ProblemInitializer.readEnvInput(ProblemInitializer.java:323)
  de.uka.ilkd.key.proof.init.ProblemInitializer.prepare(ProblemInitializer.java:561)
  de.uka.ilkd.key.proof.init.ProblemInitializer.prepare(ProblemInitializer.java:471)
  de.uka.ilkd.key.rule.TacletForTests.parse(TacletForTests.java:80)
  de.uka.ilkd.key.rule.TacletForTests.parse(TacletForTests.java:125)
  de.uka.ilkd.key.rule.TacletForTests.parse(TacletForTests.java:129)
  de.uka.ilkd.key.rule.TestMatchTaclet.setUp(TestMatchTaclet.java:60)
  java.base/jdk.internal.reflect.NativeMethodAccessorImpl.invoke0(Native Method)
  java.base/jdk.internal.reflect.NativeMethodAccessorImpl.invoke(NativeMethodAccessorImpl.java:77)
  java.base/jdk.internal.reflect.DelegatingMethodAccessorImpl.invoke(DelegatingMethodAccessorImpl.java:43)
  java.base/java.lang.reflect.Method.invoke(Method.java:568)
  org.junit.platform.commons.util.ReflectionUtils.invokeMethod(ReflectionUtils.java:727)
  org.junit.jupiter.engine.execution.MethodInvocation.proceed(MethodInvocation.java:60)
  org.junit.jupiter.engine.execution.InvocationInterceptorChain$ValidatingInvocation.proceed(InvocationInterceptorChain.java:131)
  org.junit.jupiter.engine.extension.TimeoutExtension.intercept(TimeoutExtension.java:156)
  org.junit.jupiter.engine.extension.TimeoutExtension.interceptLifecycleMethod(TimeoutExtension.java:128)
  org.junit.jupiter.engine.extension.TimeoutExtension.interceptBeforeEachMethod(TimeoutExtension.java:78)
  org.junit.jupiter.engine.execution.InterceptingExecutableInvoker$ReflectiveInterceptorCall.lambda$ofVoidMethod$0(InterceptingExecutableInvoker.java:103)
  org.junit.jupiter.engine.execution.InterceptingExecutableInvoker.lambda$invoke$0(InterceptingExecutableInvoker.java:93)
  org.junit.jupiter.engine.execution.InvocationInterceptorChain$InterceptedInvocation.proceed(InvocationInterceptorChain.java:106)
  org.junit.jupiter.engine.execution.InvocationInterceptorChain.proceed(InvocationInterceptorChain.java:64)
  org.junit.jupiter.engine.execution.InvocationInterceptorChain.chainAndInvoke(InvocationInterceptorChain.java:45)
  org.junit.jupiter.engine.execution.InvocationInterceptorChain.invoke(InvocationInterceptorChain.java:37)
  org.junit.jupiter.engine.execution.InterceptingExecutableInvoker.invoke(InterceptingExecutableInvoker.java:92)
  org.junit.jupiter.engine.execution.InterceptingExecutableInvoker.invoke(InterceptingExecutableInvoker.java:86)
  org.junit.jupiter.engine.descriptor.ClassBasedTestDescriptor.invokeMethodInExtensionContext(ClassBasedTestDescriptor.java:520)
  org.junit.jupiter.engine.descriptor.ClassBasedTestDescriptor.lambda$synthesizeBeforeEachMethodAdapter$23(ClassBasedTestDescriptor.java:505)
  org.junit.jupiter.engine.descriptor.TestMethodTestDescriptor.lambda$invokeBeforeEachMethods$3(TestMethodTestDescriptor.java:174)
  org.junit.jupiter.engine.descriptor.TestMethodTestDescriptor.lambda$invokeBeforeMethodsOrCallbacksUntilExceptionOccurs$6(TestMethodTestDescriptor.java:202)
  org.junit.platform.engine.support.hierarchical.ThrowableCollector.execute(ThrowableCollector.java:73)
  org.junit.jupiter.engine.descriptor.TestMethodTestDescriptor.invokeBeforeMethodsOrCallbacksUntilExceptionOccurs(TestMethodTestDescriptor.java:202)
  org.junit.jupiter.engine.descriptor.TestMethodTestDescriptor.invokeBeforeEachMethods(TestMethodTestDescriptor.java:171)
  org.junit.jupiter.engine.descriptor.TestMethodTestDescriptor.execute(TestMethodTestDescriptor.java:134)
  org.junit.jupiter.engine.descriptor.TestMethodTestDescriptor.execute(TestMethodTestDescriptor.java:68)
  org.junit.platform.engine.support.hierarchical.NodeTestTask.lambda$executeRecursively$6(NodeTestTask.java:151)
  org.junit.platform.engine.support.hierarchical.ThrowableCollector.execute(ThrowableCollector.java:73)
  org.junit.platform.engine.support.hierarchical.NodeTestTask.lambda$executeRecursively$8(NodeTestTask.java:141)
  org.junit.platform.engine.support.hierarchical.Node.around(Node.java:137)
  org.junit.platform.engine.support.hierarchical.NodeTestTask.lambda$executeRecursively$9(NodeTestTask.java:139)
  org.junit.platform.engine.support.hierarchical.ThrowableCollector.execute(ThrowableCollector.java:73)
  org.junit.platform.engine.support.hierarchical.NodeTestTask.executeRecursively(NodeTestTask.java:138)
  org.junit.platform.engine.support.hierarchical.NodeTestTask.execute(NodeTestTask.java:95)
  java.base/java.util.ArrayList.forEach(ArrayList.java:1511)
  org.junit.platform.engine.support.hierarchical.SameThreadHierarchicalTestExecutorService.invokeAll(SameThreadHierarchicalTestExecutorService.java:41)
  org.junit.platform.engine.support.hierarchical.NodeTestTask.lambda$executeRecursively$6(NodeTestTask.java:155)
  org.junit.platform.engine.support.hierarchical.ThrowableCollector.execute(ThrowableCollector.java:73)
  org.junit.platform.engine.support.hierarchical.NodeTestTask.lambda$executeRecursively$8(NodeTestTask.java:141)
  org.junit.platform.engine.support.hierarchical.Node.around(Node.java:137)
  org.junit.platform.engine.support.hierarchical.NodeTestTask.lambda$executeRecursively$9(NodeTestTask.java:139)
  org.junit.platform.engine.support.hierarchical.ThrowableCollector.execute(ThrowableCollector.java:73)
  org.junit.platform.engine.support.hierarchical.NodeTestTask.executeRecursively(NodeTestTask.java:138)
  org.junit.platform.engine.support.hierarchical.NodeTestTask.execute(NodeTestTask.java:95)
  java.base/java.util.ArrayList.forEach(ArrayList.java:1511)
  org.junit.platform.engine.support.hierarchical.SameThreadHierarchicalTestExecutorService.invokeAll(SameThreadHierarchicalTestExecutorService.java:41)
  org.junit.platform.engine.support.hierarchical.NodeTestTask.lambda$executeRecursively$6(NodeTestTask.java:155)
  org.junit.platform.engine.support.hierarchical.ThrowableCollector.execute(ThrowableCollector.java:73)
  org.junit.platform.engine.support.hierarchical.NodeTestTask.lambda$executeRecursively$8(NodeTestTask.java:141)
  org.junit.platform.engine.support.hierarchical.Node.around(Node.java:137)
  org.junit.platform.engine.support.hierarchical.NodeTestTask.lambda$executeRecursively$9(NodeTestTask.java:139)
  org.junit.platform.engine.support.hierarchical.ThrowableCollector.execute(ThrowableCollector.java:73)
  org.junit.platform.engine.support.hierarchical.NodeTestTask.executeRecursively(NodeTestTask.java:138)
  org.junit.platform.engine.support.hierarchical.NodeTestTask.execute(NodeTestTask.java:95)
  org.junit.platform.engine.support.hierarchical.SameThreadHierarchicalTestExecutorService.submit(SameThreadHierarchicalTestExecutorService.java:35)
  org.junit.platform.engine.support.hierarchical.HierarchicalTestExecutor.execute(HierarchicalTestExecutor.java:57)
  org.junit.platform.engine.support.hierarchical.HierarchicalTestEngine.execute(HierarchicalTestEngine.java:54)
  org.junit.platform.launcher.core.EngineExecutionOrchestrator.execute(EngineExecutionOrchestrator.java:107)
  org.junit.platform.launcher.core.EngineExecutionOrchestrator.execute(EngineExecutionOrchestrator.java:88)
  org.junit.platform.launcher.core.EngineExecutionOrchestrator.lambda$execute$0(EngineExecutionOrchestrator.java:54)
  org.junit.platform.launcher.core.EngineExecutionOrchestrator.withInterceptedStreams(EngineExecutionOrchestrator.java:67)
  org.junit.platform.launcher.core.EngineExecutionOrchestrator.execute(EngineExecutionOrchestrator.java:52)
  org.junit.platform.launcher.core.DefaultLauncher.execute(DefaultLauncher.java:114)
  org.junit.platform.launcher.core.DefaultLauncher.execute(DefaultLauncher.java:86)
  org.junit.platform.launcher.core.DefaultLauncherSession$DelegatingLauncher.execute(DefaultLauncherSession.java:86)
  org.gradle.api.internal.tasks.testing.junitplatform.JUnitPlatformTestClassProcessor$CollectAllTestClassesExecutor.processAllTestClasses(JUnitPlatformTestClassProcessor.java:110)
  org.gradle.api.internal.tasks.testing.junitplatform.JUnitPlatformTestClassProcessor$CollectAllTestClassesExecutor.access$000(JUnitPlatformTestClassProcessor.java:90)
  org.gradle.api.internal.tasks.testing.junitplatform.JUnitPlatformTestClassProcessor.stop(JUnitPlatformTestClassProcessor.java:85)
  org.gradle.api.internal.tasks.testing.SuiteTestClassProcessor.stop(SuiteTestClassProcessor.java:62)
  java.base/jdk.internal.reflect.NativeMethodAccessorImpl.invoke0(Native Method)
  java.base/jdk.internal.reflect.NativeMethodAccessorImpl.invoke(NativeMethodAccessorImpl.java:77)
  java.base/jdk.internal.reflect.DelegatingMethodAccessorImpl.invoke(DelegatingMethodAccessorImpl.java:43)
  java.base/java.lang.reflect.Method.invoke(Method.java:568)
  org.gradle.internal.dispatch.ReflectionDispatch.dispatch(ReflectionDispatch.java:36)
  org.gradle.internal.dispatch.ReflectionDispatch.dispatch(ReflectionDispatch.java:24)
  org.gradle.internal.dispatch.ContextClassLoaderDispatch.dispatch(ContextClassLoaderDispatch.java:33)
  org.gradle.internal.dispatch.ProxyDispatchAdapter$DispatchingInvocationHandler.invoke(ProxyDispatchAdapter.java:94)
  jdk.proxy2/jdk.proxy2.$Proxy5.stop(Unknown Source)
  org.gradle.api.internal.tasks.testing.worker.TestWorker$3.run(TestWorker.java:193)
  org.gradle.api.internal.tasks.testing.worker.TestWorker.executeAndMaintainThreadName(TestWorker.java:129)
  org.gradle.api.internal.tasks.testing.worker.TestWorker.execute(TestWorker.java:100)
  org.gradle.api.internal.tasks.testing.worker.TestWorker.execute(TestWorker.java:60)
  org.gradle.process.internal.worker.child.ActionExecutionWorker.execute(ActionExecutionWorker.java:56)
  org.gradle.process.internal.worker.child.SystemApplicationClassLoaderWorker.call(SystemApplicationClassLoaderWorker.java:113)
  org.gradle.process.internal.worker.child.SystemApplicationClassLoaderWorker.call(SystemApplicationClassLoaderWorker.java:65)
  worker.org.gradle.process.internal.worker.GradleWorkerMain.run(GradleWorkerMain.java:69)
  worker.org.gradle.process.internal.worker.GradleWorkerMain.main(GradleWorkerMain.java:74). com.github.javaparser.ParseException: Encountered unexpected token: "}" "}"
    at line 1, column 22.

Was expecting one of:

    ","
    ";"
    "="
    "@"
    "["

	at com.github.javaparser.GeneratedJavaParser.generateParseException(GeneratedJavaParser.java:18340)

93000      ERROR Test worker     d.u.i.k.j.JavaService     Error in (line 1,col 11) Parse error. Found "}", expected one of  "," ";" "=" "@" "["
Problem stacktrace : 
  com.github.javaparser.GeneratedJavaParser.generateParseException(GeneratedJavaParser.java:18340)
  com.github.javaparser.GeneratedJavaParser.jj_consume_token(GeneratedJavaParser.java:18179)
  com.github.javaparser.GeneratedJavaParser.BlockStatement(GeneratedJavaParser.java:6611)
  com.github.javaparser.GeneratedJavaParser.Statements(GeneratedJavaParser.java:3114)
  com.github.javaparser.GeneratedJavaParser.Block(GeneratedJavaParser.java:6548)
  com.github.javaparser.GeneratedJavaParser.Statement(GeneratedJavaParser.java:6344)
  com.github.javaparser.GeneratedJavaParser.BlockStatement(GeneratedJavaParser.java:6727)
  com.github.javaparser.GeneratedJavaParser.Statements(GeneratedJavaParser.java:3114)
  com.github.javaparser.GeneratedJavaParser.Block(GeneratedJavaParser.java:6548)
  com.github.javaparser.GeneratedJavaParser.BlockParseStart(GeneratedJavaParser.java:9483)
  com.github.javaparser.JavaParser.parse(JavaParser.java:121)
  com.github.javaparser.JavaParser.parseBlock(JavaParser.java:313)
  de.uka.ilkd.key.java.JavaParserFactory.parseStatementBlock(JavaParserFactory.java:167)
  de.uka.ilkd.key.java.JavaService.recoderBlock(JavaService.java:782)
  de.uka.ilkd.key.java.JavaService.readBlock(JavaService.java:819)
  de.uka.ilkd.key.java.JavaService.readBlockWithEmptyContext(JavaService.java:854)
  de.uka.ilkd.key.nparser.builder.ExpressionBuilder.getJavaBlock(ExpressionBuilder.java:571)
  de.uka.ilkd.key.nparser.builder.ExpressionBuilder.visitModality_term(ExpressionBuilder.java:1074)
  de.uka.ilkd.key.nparser.KeYParser$Modality_termContext.accept(KeYParser.java:4623)
  org.antlr.v4.runtime.tree.AbstractParseTreeVisitor.visitChildren(AbstractParseTreeVisitor.java:46)
  de.uka.ilkd.key.nparser.KeYParserBaseVisitor.visitTerm60(KeYParserBaseVisitor.java:381)
  de.uka.ilkd.key.nparser.KeYParser$Term60Context.accept(KeYParser.java:4485)
  de.uka.ilkd.key.nparser.builder.AbstractBuilder.accept(AbstractBuilder.java:48)
  de.uka.ilkd.key.nparser.builder.DefaultBuilder.accept(DefaultBuilder.java:35)
  de.uka.ilkd.key.nparser.builder.ExpressionBuilder.visitConjunction_term(ExpressionBuilder.java:238)
  de.uka.ilkd.key.nparser.builder.ExpressionBuilder.visitConjunction_term(ExpressionBuilder.java:49)
  de.uka.ilkd.key.nparser.KeYParser$Conjunction_termContext.accept(KeYParser.java:4419)
  de.uka.ilkd.key.nparser.builder.AbstractBuilder.accept(AbstractBuilder.java:48)
  de.uka.ilkd.key.nparser.builder.DefaultBuilder.accept(DefaultBuilder.java:35)
  de.uka.ilkd.key.nparser.builder.ExpressionBuilder.visitDisjunction_term(ExpressionBuilder.java:229)
  de.uka.ilkd.key.nparser.builder.ExpressionBuilder.visitDisjunction_term(ExpressionBuilder.java:49)
  de.uka.ilkd.key.nparser.KeYParser$Disjunction_termContext.accept(KeYParser.java:4346)
  de.uka.ilkd.key.nparser.builder.AbstractBuilder.accept(AbstractBuilder.java:48)
  de.uka.ilkd.key.nparser.builder.DefaultBuilder.accept(DefaultBuilder.java:35)
  de.uka.ilkd.key.nparser.builder.ExpressionBuilder.visitImplication_term(ExpressionBuilder.java:222)
  de.uka.ilkd.key.nparser.builder.ExpressionBuilder.visitImplication_term(ExpressionBuilder.java:49)
  de.uka.ilkd.key.nparser.KeYParser$Implication_termContext.accept(KeYParser.java:4278)
  de.uka.ilkd.key.nparser.builder.AbstractBuilder.accept(AbstractBuilder.java:48)
  de.uka.ilkd.key.nparser.builder.DefaultBuilder.accept(DefaultBuilder.java:35)
  de.uka.ilkd.key.nparser.builder.ExpressionBuilder.visitEquivalence_term(ExpressionBuilder.java:198)
  de.uka.ilkd.key.nparser.builder.ExpressionBuilder.visitEquivalence_term(ExpressionBuilder.java:49)
  de.uka.ilkd.key.nparser.KeYParser$Equivalence_termContext.accept(KeYParser.java:4209)
  de.uka.ilkd.key.nparser.builder.AbstractBuilder.accept(AbstractBuilder.java:48)
  de.uka.ilkd.key.nparser.builder.DefaultBuilder.accept(DefaultBuilder.java:35)
  de.uka.ilkd.key.nparser.builder.ExpressionBuilder.visitElementary_update_term(ExpressionBuilder.java:188)
  de.uka.ilkd.key.nparser.builder.ExpressionBuilder.visitElementary_update_term(ExpressionBuilder.java:49)
  de.uka.ilkd.key.nparser.KeYParser$Elementary_update_termContext.accept(KeYParser.java:4142)
  de.uka.ilkd.key.nparser.builder.AbstractBuilder.lambda$mapOf$0(AbstractBuilder.java:124)
  java.base/java.util.stream.ReferencePipeline$3$1.accept(ReferencePipeline.java:197)
  java.base/java.util.ArrayList$ArrayListSpliterator.forEachRemaining(ArrayList.java:1625)
  java.base/java.util.stream.AbstractPipeline.copyInto(AbstractPipeline.java:509)
  java.base/java.util.stream.AbstractPipeline.wrapAndCopyInto(AbstractPipeline.java:499)
  java.base/java.util.stream.ReduceOps$ReduceOp.evaluateSequential(ReduceOps.java:921)
  java.base/java.util.stream.AbstractPipeline.evaluate(AbstractPipeline.java:234)
  java.base/java.util.stream.ReferencePipeline.collect(ReferencePipeline.java:682)
  de.uka.ilkd.key.nparser.builder.AbstractBuilder.mapOf(AbstractBuilder.java:124)
  de.uka.ilkd.key.nparser.builder.ExpressionBuilder.visitParallel_term(ExpressionBuilder.java:173)
  de.uka.ilkd.key.nparser.builder.ExpressionBuilder.visitParallel_term(ExpressionBuilder.java:49)
  de.uka.ilkd.key.nparser.KeYParser$Parallel_termContext.accept(KeYParser.java:4074)
  org.antlr.v4.runtime.tree.AbstractParseTreeVisitor.visitChildren(AbstractParseTreeVisitor.java:46)
  de.uka.ilkd.key.nparser.KeYParserBaseVisitor.visitTerm(KeYParserBaseVisitor.java:332)
  de.uka.ilkd.key.nparser.KeYParser$TermContext.accept(KeYParser.java:4020)
  de.uka.ilkd.key.nparser.builder.AbstractBuilder.accept(AbstractBuilder.java:48)
  de.uka.ilkd.key.nparser.builder.DefaultBuilder.accept(DefaultBuilder.java:35)
  de.uka.ilkd.key.nparser.builder.ExpressionBuilder.visitTermorseq(ExpressionBuilder.java:511)
  de.uka.ilkd.key.nparser.KeYParser$TermorseqContext.accept(KeYParser.java:8199)
  de.uka.ilkd.key.nparser.builder.AbstractBuilder.accept(AbstractBuilder.java:48)
  de.uka.ilkd.key.nparser.builder.DefaultBuilder.accept(DefaultBuilder.java:35)
  de.uka.ilkd.key.nparser.builder.TacletPBuilder.visitTaclet(TacletPBuilder.java:195)
  de.uka.ilkd.key.nparser.builder.TacletPBuilder.visitTaclet(TacletPBuilder.java:41)
  de.uka.ilkd.key.nparser.KeYParser$TacletContext.accept(KeYParser.java:7771)
  de.uka.ilkd.key.nparser.builder.AbstractBuilder.lambda$mapOf$0(AbstractBuilder.java:124)
  java.base/java.util.stream.ReferencePipeline$3$1.accept(ReferencePipeline.java:197)
  java.base/java.util.ArrayList$ArrayListSpliterator.forEachRemaining(ArrayList.java:1625)
  java.base/java.util.stream.AbstractPipeline.copyInto(AbstractPipeline.java:509)
  java.base/java.util.stream.AbstractPipeline.wrapAndCopyInto(AbstractPipeline.java:499)
  java.base/java.util.stream.ReduceOps$ReduceOp.evaluateSequential(ReduceOps.java:921)
  java.base/java.util.stream.AbstractPipeline.evaluate(AbstractPipeline.java:234)
  java.base/java.util.stream.ReferencePipeline.collect(ReferencePipeline.java:682)
  de.uka.ilkd.key.nparser.builder.AbstractBuilder.mapOf(AbstractBuilder.java:124)
  de.uka.ilkd.key.nparser.builder.TacletPBuilder.visitRulesOrAxioms(TacletPBuilder.java:95)
  de.uka.ilkd.key.nparser.KeYParser$RulesOrAxiomsContext.accept(KeYParser.java:10795)
  de.uka.ilkd.key.nparser.builder.AbstractBuilder.lambda$mapOf$0(AbstractBuilder.java:124)
  java.base/java.util.stream.ReferencePipeline$3$1.accept(ReferencePipeline.java:197)
  java.base/java.util.ArrayList$ArrayListSpliterator.forEachRemaining(ArrayList.java:1625)
  java.base/java.util.stream.AbstractPipeline.copyInto(AbstractPipeline.java:509)
  java.base/java.util.stream.AbstractPipeline.wrapAndCopyInto(AbstractPipeline.java:499)
  java.base/java.util.stream.ReduceOps$ReduceOp.evaluateSequential(ReduceOps.java:921)
  java.base/java.util.stream.AbstractPipeline.evaluate(AbstractPipeline.java:234)
  java.base/java.util.stream.ReferencePipeline.collect(ReferencePipeline.java:682)
  de.uka.ilkd.key.nparser.builder.AbstractBuilder.mapOf(AbstractBuilder.java:124)
  de.uka.ilkd.key.nparser.builder.TacletPBuilder.visitDecls(TacletPBuilder.java:76)
  de.uka.ilkd.key.nparser.KeYParser$DeclsContext.accept(KeYParser.java:515)
  org.antlr.v4.runtime.tree.AbstractParseTreeVisitor.visitChildren(AbstractParseTreeVisitor.java:46)
  de.uka.ilkd.key.nparser.KeYParserBaseVisitor.visitFile(KeYParserBaseVisitor.java:24)
  de.uka.ilkd.key.nparser.KeYParser$FileContext.accept(KeYParser.java:313)
  de.uka.ilkd.key.nparser.KeyAst.accept(KeyAst.java:43)
  de.uka.ilkd.key.nparser.KeyIO$Loader.loadTaclets(KeyIO.java:340)
  de.uka.ilkd.key.nparser.KeyIO$Loader.loadComplete(KeyIO.java:243)
  de.uka.ilkd.key.proof.io.KeYFileForTests.read(KeYFileForTests.java:53)
  de.uka.ilkd.key.proof.init.ProblemInitializer.readEnvInput(ProblemInitializer.java:323)
  de.uka.ilkd.key.proof.init.ProblemInitializer.prepare(ProblemInitializer.java:561)
  de.uka.ilkd.key.proof.init.ProblemInitializer.prepare(ProblemInitializer.java:471)
  de.uka.ilkd.key.rule.TacletForTests.parse(TacletForTests.java:80)
  de.uka.ilkd.key.rule.TacletForTests.parse(TacletForTests.java:125)
  de.uka.ilkd.key.rule.TacletForTests.parse(TacletForTests.java:129)
  de.uka.ilkd.key.rule.TestMatchTaclet.setUp(TestMatchTaclet.java:60)
  java.base/jdk.internal.reflect.NativeMethodAccessorImpl.invoke0(Native Method)
  java.base/jdk.internal.reflect.NativeMethodAccessorImpl.invoke(NativeMethodAccessorImpl.java:77)
  java.base/jdk.internal.reflect.DelegatingMethodAccessorImpl.invoke(DelegatingMethodAccessorImpl.java:43)
  java.base/java.lang.reflect.Method.invoke(Method.java:568)
  org.junit.platform.commons.util.ReflectionUtils.invokeMethod(ReflectionUtils.java:727)
  org.junit.jupiter.engine.execution.MethodInvocation.proceed(MethodInvocation.java:60)
  org.junit.jupiter.engine.execution.InvocationInterceptorChain$ValidatingInvocation.proceed(InvocationInterceptorChain.java:131)
  org.junit.jupiter.engine.extension.TimeoutExtension.intercept(TimeoutExtension.java:156)
  org.junit.jupiter.engine.extension.TimeoutExtension.interceptLifecycleMethod(TimeoutExtension.java:128)
  org.junit.jupiter.engine.extension.TimeoutExtension.interceptBeforeEachMethod(TimeoutExtension.java:78)
  org.junit.jupiter.engine.execution.InterceptingExecutableInvoker$ReflectiveInterceptorCall.lambda$ofVoidMethod$0(InterceptingExecutableInvoker.java:103)
  org.junit.jupiter.engine.execution.InterceptingExecutableInvoker.lambda$invoke$0(InterceptingExecutableInvoker.java:93)
  org.junit.jupiter.engine.execution.InvocationInterceptorChain$InterceptedInvocation.proceed(InvocationInterceptorChain.java:106)
  org.junit.jupiter.engine.execution.InvocationInterceptorChain.proceed(InvocationInterceptorChain.java:64)
  org.junit.jupiter.engine.execution.InvocationInterceptorChain.chainAndInvoke(InvocationInterceptorChain.java:45)
  org.junit.jupiter.engine.execution.InvocationInterceptorChain.invoke(InvocationInterceptorChain.java:37)
  org.junit.jupiter.engine.execution.InterceptingExecutableInvoker.invoke(InterceptingExecutableInvoker.java:92)
  org.junit.jupiter.engine.execution.InterceptingExecutableInvoker.invoke(InterceptingExecutableInvoker.java:86)
  org.junit.jupiter.engine.descriptor.ClassBasedTestDescriptor.invokeMethodInExtensionContext(ClassBasedTestDescriptor.java:520)
  org.junit.jupiter.engine.descriptor.ClassBasedTestDescriptor.lambda$synthesizeBeforeEachMethodAdapter$23(ClassBasedTestDescriptor.java:505)
  org.junit.jupiter.engine.descriptor.TestMethodTestDescriptor.lambda$invokeBeforeEachMethods$3(TestMethodTestDescriptor.java:174)
  org.junit.jupiter.engine.descriptor.TestMethodTestDescriptor.lambda$invokeBeforeMethodsOrCallbacksUntilExceptionOccurs$6(TestMethodTestDescriptor.java:202)
  org.junit.platform.engine.support.hierarchical.ThrowableCollector.execute(ThrowableCollector.java:73)
  org.junit.jupiter.engine.descriptor.TestMethodTestDescriptor.invokeBeforeMethodsOrCallbacksUntilExceptionOccurs(TestMethodTestDescriptor.java:202)
  org.junit.jupiter.engine.descriptor.TestMethodTestDescriptor.invokeBeforeEachMethods(TestMethodTestDescriptor.java:171)
  org.junit.jupiter.engine.descriptor.TestMethodTestDescriptor.execute(TestMethodTestDescriptor.java:134)
  org.junit.jupiter.engine.descriptor.TestMethodTestDescriptor.execute(TestMethodTestDescriptor.java:68)
  org.junit.platform.engine.support.hierarchical.NodeTestTask.lambda$executeRecursively$6(NodeTestTask.java:151)
  org.junit.platform.engine.support.hierarchical.ThrowableCollector.execute(ThrowableCollector.java:73)
  org.junit.platform.engine.support.hierarchical.NodeTestTask.lambda$executeRecursively$8(NodeTestTask.java:141)
  org.junit.platform.engine.support.hierarchical.Node.around(Node.java:137)
  org.junit.platform.engine.support.hierarchical.NodeTestTask.lambda$executeRecursively$9(NodeTestTask.java:139)
  org.junit.platform.engine.support.hierarchical.ThrowableCollector.execute(ThrowableCollector.java:73)
  org.junit.platform.engine.support.hierarchical.NodeTestTask.executeRecursively(NodeTestTask.java:138)
  org.junit.platform.engine.support.hierarchical.NodeTestTask.execute(NodeTestTask.java:95)
  java.base/java.util.ArrayList.forEach(ArrayList.java:1511)
  org.junit.platform.engine.support.hierarchical.SameThreadHierarchicalTestExecutorService.invokeAll(SameThreadHierarchicalTestExecutorService.java:41)
  org.junit.platform.engine.support.hierarchical.NodeTestTask.lambda$executeRecursively$6(NodeTestTask.java:155)
  org.junit.platform.engine.support.hierarchical.ThrowableCollector.execute(ThrowableCollector.java:73)
  org.junit.platform.engine.support.hierarchical.NodeTestTask.lambda$executeRecursively$8(NodeTestTask.java:141)
  org.junit.platform.engine.support.hierarchical.Node.around(Node.java:137)
  org.junit.platform.engine.support.hierarchical.NodeTestTask.lambda$executeRecursively$9(NodeTestTask.java:139)
  org.junit.platform.engine.support.hierarchical.ThrowableCollector.execute(ThrowableCollector.java:73)
  org.junit.platform.engine.support.hierarchical.NodeTestTask.executeRecursively(NodeTestTask.java:138)
  org.junit.platform.engine.support.hierarchical.NodeTestTask.execute(NodeTestTask.java:95)
  java.base/java.util.ArrayList.forEach(ArrayList.java:1511)
  org.junit.platform.engine.support.hierarchical.SameThreadHierarchicalTestExecutorService.invokeAll(SameThreadHierarchicalTestExecutorService.java:41)
  org.junit.platform.engine.support.hierarchical.NodeTestTask.lambda$executeRecursively$6(NodeTestTask.java:155)
  org.junit.platform.engine.support.hierarchical.ThrowableCollector.execute(ThrowableCollector.java:73)
  org.junit.platform.engine.support.hierarchical.NodeTestTask.lambda$executeRecursively$8(NodeTestTask.java:141)
  org.junit.platform.engine.support.hierarchical.Node.around(Node.java:137)
  org.junit.platform.engine.support.hierarchical.NodeTestTask.lambda$executeRecursively$9(NodeTestTask.java:139)
  org.junit.platform.engine.support.hierarchical.ThrowableCollector.execute(ThrowableCollector.java:73)
  org.junit.platform.engine.support.hierarchical.NodeTestTask.executeRecursively(NodeTestTask.java:138)
  org.junit.platform.engine.support.hierarchical.NodeTestTask.execute(NodeTestTask.java:95)
  org.junit.platform.engine.support.hierarchical.SameThreadHierarchicalTestExecutorService.submit(SameThreadHierarchicalTestExecutorService.java:35)
  org.junit.platform.engine.support.hierarchical.HierarchicalTestExecutor.execute(HierarchicalTestExecutor.java:57)
  org.junit.platform.engine.support.hierarchical.HierarchicalTestEngine.execute(HierarchicalTestEngine.java:54)
  org.junit.platform.launcher.core.EngineExecutionOrchestrator.execute(EngineExecutionOrchestrator.java:107)
  org.junit.platform.launcher.core.EngineExecutionOrchestrator.execute(EngineExecutionOrchestrator.java:88)
  org.junit.platform.launcher.core.EngineExecutionOrchestrator.lambda$execute$0(EngineExecutionOrchestrator.java:54)
  org.junit.platform.launcher.core.EngineExecutionOrchestrator.withInterceptedStreams(EngineExecutionOrchestrator.java:67)
  org.junit.platform.launcher.core.EngineExecutionOrchestrator.execute(EngineExecutionOrchestrator.java:52)
  org.junit.platform.launcher.core.DefaultLauncher.execute(DefaultLauncher.java:114)
  org.junit.platform.launcher.core.DefaultLauncher.execute(DefaultLauncher.java:86)
  org.junit.platform.launcher.core.DefaultLauncherSession$DelegatingLauncher.execute(DefaultLauncherSession.java:86)
  org.gradle.api.internal.tasks.testing.junitplatform.JUnitPlatformTestClassProcessor$CollectAllTestClassesExecutor.processAllTestClasses(JUnitPlatformTestClassProcessor.java:110)
  org.gradle.api.internal.tasks.testing.junitplatform.JUnitPlatformTestClassProcessor$CollectAllTestClassesExecutor.access$000(JUnitPlatformTestClassProcessor.java:90)
  org.gradle.api.internal.tasks.testing.junitplatform.JUnitPlatformTestClassProcessor.stop(JUnitPlatformTestClassProcessor.java:85)
  org.gradle.api.internal.tasks.testing.SuiteTestClassProcessor.stop(SuiteTestClassProcessor.java:62)
  java.base/jdk.internal.reflect.NativeMethodAccessorImpl.invoke0(Native Method)
  java.base/jdk.internal.reflect.NativeMethodAccessorImpl.invoke(NativeMethodAccessorImpl.java:77)
  java.base/jdk.internal.reflect.DelegatingMethodAccessorImpl.invoke(DelegatingMethodAccessorImpl.java:43)
  java.base/java.lang.reflect.Method.invoke(Method.java:568)
  org.gradle.internal.dispatch.ReflectionDispatch.dispatch(ReflectionDispatch.java:36)
  org.gradle.internal.dispatch.ReflectionDispatch.dispatch(ReflectionDispatch.java:24)
  org.gradle.internal.dispatch.ContextClassLoaderDispatch.dispatch(ContextClassLoaderDispatch.java:33)
  org.gradle.internal.dispatch.ProxyDispatchAdapter$DispatchingInvocationHandler.invoke(ProxyDispatchAdapter.java:94)
  jdk.proxy2/jdk.proxy2.$Proxy5.stop(Unknown Source)
  org.gradle.api.internal.tasks.testing.worker.TestWorker$3.run(TestWorker.java:193)
  org.gradle.api.internal.tasks.testing.worker.TestWorker.executeAndMaintainThreadName(TestWorker.java:129)
  org.gradle.api.internal.tasks.testing.worker.TestWorker.execute(TestWorker.java:100)
  org.gradle.api.internal.tasks.testing.worker.TestWorker.execute(TestWorker.java:60)
  org.gradle.process.internal.worker.child.ActionExecutionWorker.execute(ActionExecutionWorker.java:56)
  org.gradle.process.internal.worker.child.SystemApplicationClassLoaderWorker.call(SystemApplicationClassLoaderWorker.java:113)
  org.gradle.process.internal.worker.child.SystemApplicationClassLoaderWorker.call(SystemApplicationClassLoaderWorker.java:65)
  worker.org.gradle.process.internal.worker.GradleWorkerMain.run(GradleWorkerMain.java:69)
  worker.org.gradle.process.internal.worker.GradleWorkerMain.main(GradleWorkerMain.java:74). com.github.javaparser.ParseException: Encountered unexpected token: "}" "}"
    at line 1, column 22.

Was expecting one of:

    ","
    ";"
    "="
    "@"
    "["

	at com.github.javaparser.GeneratedJavaParser.generateParseException(GeneratedJavaParser.java:18340)

93001      ERROR Test worker     d.u.i.k.n.b.TacletPBuilder Error in parsing taclet. de.uka.ilkd.key.util.parsing.BuildingExceptions: Multiple errors occured
	at de.uka.ilkd.key.java.JavaService.reportErrors(JavaService.java:219)

93006      DEBUG Test worker     d.u.i.k.n.KeyIO           MODE: taclets took 49ms 
93189      ERROR Test worker     d.u.i.k.j.KeYJPMapping    Duplicate registration of node: boolean, formerNode: /*@ pure @*/
boolean 
93193      ERROR Test worker     d.u.i.k.j.KeYJPMapping    Duplicate registration of node: Object, formerNode: java.lang.Object 
93193      ERROR Test worker     d.u.i.k.j.KeYJPMapping    Duplicate registration of node: Object, formerNode: java.lang.Object 
93194      ERROR Test worker     d.u.i.k.j.KeYJPMapping    Duplicate registration of node: Annotation, formerNode: Annotation 
93197      ERROR Test worker     d.u.i.k.j.KeYJPMapping    Duplicate registration of node: ArithmeticException, formerNode: ArithmeticException 
93198      ERROR Test worker     d.u.i.k.j.KeYJPMapping    Duplicate registration of node: ArrayIndexOutOfBoundsException, formerNode: ArrayIndexOutOfBoundsException 
93199      ERROR Test worker     d.u.i.k.j.KeYJPMapping    Duplicate registration of node: ArrayStoreException, formerNode: ArrayStoreException 
93201      ERROR Test worker     d.u.i.k.j.KeYJPMapping    Duplicate registration of node: AssertionError, formerNode: AssertionError 
93202      ERROR Test worker     d.u.i.k.j.KeYJPMapping    Duplicate registration of node: Character, formerNode: Character 
93203      ERROR Test worker     d.u.i.k.j.KeYJPMapping    Duplicate registration of node: Class, formerNode: java.lang.Class 
93203      ERROR Test worker     d.u.i.k.j.KeYJPMapping    Duplicate registration of node: Class, formerNode: java.lang.Class 
93204      ERROR Test worker     d.u.i.k.j.KeYJPMapping    Duplicate registration of node: ClassCastException, formerNode: ClassCastException 
93206      ERROR Test worker     d.u.i.k.j.KeYJPMapping    Duplicate registration of node: CloneNotSupportedException, formerNode: CloneNotSupportedException 
93206      ERROR Test worker     d.u.i.k.j.KeYJPMapping    Duplicate registration of node: Cloneable, formerNode: Cloneable 
93207      ERROR Test worker     d.u.i.k.j.KeYJPMapping    Duplicate registration of node: Comparable, formerNode: Comparable 
93208      ERROR Test worker     d.u.i.k.j.KeYJPMapping    Duplicate registration of node: Double, formerNode: Double 
93210      ERROR Test worker     d.u.i.k.j.KeYJPMapping    Duplicate registration of node: Enum, formerNode: java.lang.Enum 
93210      ERROR Test worker     d.u.i.k.j.KeYJPMapping    Duplicate registration of node: Enum, formerNode: java.lang.Enum 
93212      ERROR Test worker     d.u.i.k.j.KeYJPMapping    Duplicate registration of node: Error, formerNode: Error 
93214      ERROR Test worker     d.u.i.k.j.KeYJPMapping    Duplicate registration of node: Exception, formerNode: Exception 
93216      ERROR Test worker     d.u.i.k.j.KeYJPMapping    Duplicate registration of node: ExceptionInInitializerError, formerNode: java.lang.ExceptionInInitializerError 
93216      ERROR Test worker     d.u.i.k.j.KeYJPMapping    Duplicate registration of node: ExceptionInInitializerError, formerNode: java.lang.ExceptionInInitializerError 
93217      ERROR Test worker     d.u.i.k.j.KeYJPMapping    Duplicate registration of node: Float, formerNode: Float 
93218      ERROR Test worker     d.u.i.k.j.KeYJPMapping    Duplicate registration of node: IllegalArgumentException, formerNode: IllegalArgumentException 
93219      ERROR Test worker     d.u.i.k.j.KeYJPMapping    Duplicate registration of node: IndexOutOfBoundsException, formerNode: IndexOutOfBoundsException 
93236      ERROR Test worker     d.u.i.k.j.KeYJPMapping    Duplicate registration of node: Integer, formerNode: java.lang.Integer 
93236      ERROR Test worker     d.u.i.k.j.KeYJPMapping    Duplicate registration of node: Integer, formerNode: java.lang.Integer 
93237      ERROR Test worker     d.u.i.k.j.KeYJPMapping    Duplicate registration of node: InterruptedException, formerNode: InterruptedException 
93238      ERROR Test worker     d.u.i.k.j.KeYJPMapping    Duplicate registration of node: Iterable, formerNode: Iterable 
93239      ERROR Test worker     d.u.i.k.j.KeYJPMapping    Duplicate registration of node: LinkageError, formerNode: LinkageError 
93248      ERROR Test worker     d.u.i.k.j.KeYJPMapping    Duplicate registration of node: Math, formerNode: Math 
93249      ERROR Test worker     d.u.i.k.j.KeYJPMapping    Duplicate registration of node: NegativeArraySizeException, formerNode: NegativeArraySizeException 
93250      ERROR Test worker     d.u.i.k.j.KeYJPMapping    Duplicate registration of node: NoClassDefFoundError, formerNode: java.lang.NoClassDefFoundError 
93250      ERROR Test worker     d.u.i.k.j.KeYJPMapping    Duplicate registration of node: NoClassDefFoundError, formerNode: java.lang.NoClassDefFoundError 
93253      ERROR Test worker     d.u.i.k.j.KeYJPMapping    Duplicate registration of node: NullPointerException, formerNode: NullPointerException 
93254      ERROR Test worker     d.u.i.k.j.KeYJPMapping    Duplicate registration of node: Number, formerNode: Number 
93256      ERROR Test worker     d.u.i.k.j.KeYJPMapping    Duplicate registration of node: NumberFormatException, formerNode: NumberFormatException 
93257      ERROR Test worker     d.u.i.k.j.KeYJPMapping    Duplicate registration of node: VirtualMachineError, formerNode: VirtualMachineError 
93258      ERROR Test worker     d.u.i.k.j.KeYJPMapping    Duplicate registration of node: OutOfMemoryError, formerNode: OutOfMemoryError 
93259      ERROR Test worker     d.u.i.k.j.KeYJPMapping    Duplicate registration of node: Runnable, formerNode: Runnable 
93261      ERROR Test worker     d.u.i.k.j.KeYJPMapping    Duplicate registration of node: RuntimeException, formerNode: RuntimeException 
93261      ERROR Test worker     d.u.i.k.j.KeYJPMapping    Duplicate registration of node: /*@pure*/
int, formerNode: int 
93264      ERROR Test worker     d.u.i.k.j.KeYJPMapping    Duplicate registration of node: /*@ helper */
int, formerNode: int 
93264      ERROR Test worker     d.u.i.k.j.KeYJPMapping    Duplicate registration of node: /*@ helper */
boolean, formerNode: /*@ pure @*/
boolean 
93275      ERROR Test worker     d.u.i.k.j.KeYJPMapping    Duplicate registration of node: /*@ helper */
java.lang.String, formerNode: java.lang.String 
93286      ERROR Test worker     d.u.i.k.j.KeYJPMapping    Duplicate registration of node: String, formerNode: java.lang.String 
93306      ERROR Test worker     d.u.i.k.j.KeYJPMapping    Duplicate registration of node: String, formerNode: java.lang.String 
93308      ERROR Test worker     d.u.i.k.j.KeYJPMapping    Duplicate registration of node: char, formerNode: /*@ helper */
char 
93309      ERROR Test worker     d.u.i.k.j.KeYJPMapping    Duplicate registration of node: StringBuffer, formerNode: StringBuffer 
93312      ERROR Test worker     d.u.i.k.j.KeYJPMapping    Duplicate registration of node: System, formerNode: System 
93313      ERROR Test worker     d.u.i.k.j.KeYJPMapping    Duplicate registration of node: Thread, formerNode: Thread 
93316      ERROR Test worker     d.u.i.k.j.KeYJPMapping    Duplicate registration of node: Throwable, formerNode: java.lang.Throwable 
93317      ERROR Test worker     d.u.i.k.j.KeYJPMapping    Duplicate registration of node: Throwable, formerNode: java.lang.Throwable 
93322      ERROR Test worker     d.u.i.k.j.KeYJPMapping    Duplicate registration of node: Collection, formerNode: Collection 
93323      ERROR Test worker     d.u.i.k.j.KeYJPMapping    Duplicate registration of node: Iterator, formerNode: java.util.Iterator 
93323      ERROR Test worker     d.u.i.k.j.KeYJPMapping    Duplicate registration of node: Iterator, formerNode: java.util.Iterator 
93327      ERROR Test worker     d.u.i.k.j.KeYJPMapping    Duplicate registration of node: List, formerNode: java.util.List 
93328      ERROR Test worker     d.u.i.k.j.KeYJPMapping    Duplicate registration of node: List, formerNode: java.util.List 
93330      ERROR Test worker     d.u.i.k.j.KeYJPMapping    Duplicate registration of node: ListIterator, formerNode: java.util.ListIterator 
93331      ERROR Test worker     d.u.i.k.j.KeYJPMapping    Duplicate registration of node: ListIterator, formerNode: java.util.ListIterator 
93332      ERROR Test worker     d.u.i.k.j.KeYJPMapping    Duplicate registration of node: Long, formerNode: Long 
93333      ERROR Test worker     d.u.i.k.j.KeYJPMapping    Duplicate registration of node: Boolean, formerNode: Boolean 
93337      ERROR Test worker     d.u.i.k.j.KeYJPMapping    Duplicate registration of node: Map, formerNode: Map 
93340      ERROR Test worker     d.u.i.k.j.KeYJPMapping    Duplicate registration of node: Set, formerNode: java.util.Set 
93341      ERROR Test worker     d.u.i.k.j.KeYJPMapping    Duplicate registration of node: Set, formerNode: java.util.Set 
93342      ERROR Test worker     d.u.i.k.j.KeYJPMapping    Duplicate registration of node: FilterOutputStream, formerNode: FilterOutputStream 
93343      ERROR Test worker     d.u.i.k.j.KeYJPMapping    Duplicate registration of node: InputStream, formerNode: java.io.InputStream 
93343      ERROR Test worker     d.u.i.k.j.KeYJPMapping    Duplicate registration of node: InputStream, formerNode: java.io.InputStream 
93345      ERROR Test worker     d.u.i.k.j.KeYJPMapping    Duplicate registration of node: IOException, formerNode: IOException 
93345      ERROR Test worker     d.u.i.k.j.KeYJPMapping    Duplicate registration of node: OutputStream, formerNode: java.io.OutputStream 
93346      ERROR Test worker     d.u.i.k.j.KeYJPMapping    Duplicate registration of node: OutputStream, formerNode: java.io.OutputStream 
93351      ERROR Test worker     d.u.i.k.j.KeYJPMapping    Duplicate registration of node: PrintStream, formerNode: java.io.PrintStream 
93351      ERROR Test worker     d.u.i.k.j.KeYJPMapping    Duplicate registration of node: PrintStream, formerNode: java.io.PrintStream 
93351      ERROR Test worker     d.u.i.k.j.KeYJPMapping    Duplicate registration of node: Serializable, formerNode: Serializable 
93353      ERROR Test worker     d.u.i.k.j.KeYJPMapping    Duplicate registration of node: BigInteger, formerNode: java.math.BigInteger 
93354      ERROR Test worker     d.u.i.k.j.KeYJPMapping    Duplicate registration of node: BigInteger, formerNode: java.math.BigInteger 
93355      ERROR Test worker     d.u.i.k.j.KeYJPMapping    Duplicate registration of node: ArrayList, formerNode: ArrayList 
93358      ERROR Test worker     d.u.i.k.j.KeYJPMapping    Duplicate registration of node: byte[], formerNode: byte[] 
93378      ERROR Test worker     d.u.i.k.j.KeYJPMapping    Duplicate registration of node: Arrays, formerNode: Arrays 
93379      ERROR Test worker     d.u.i.k.j.KeYJPMapping    Duplicate registration of node: ListIteratorImpl, formerNode: ListIteratorImpl 
93380      ERROR Test worker     d.u.i.k.j.KeYJPMapping    Duplicate registration of node: Date, formerNode: Date 
93381      ERROR Test worker     d.u.i.k.j.KeYJPMapping    Duplicate registration of node: LinkedHashMap, formerNode: LinkedHashMap 
93382      ERROR Test worker     d.u.i.k.j.KeYJPMapping    Duplicate registration of node: /*@pure@*/
String, formerNode: /*@strictly_pure*/
java.lang.String 
93383      ERROR Test worker     d.u.i.k.j.KeYJPMapping    Duplicate registration of node: LinkedList, formerNode: LinkedList 
93403      INFO  Test worker     d.u.i.k.n.KeyIO           Parsing took 5 ms 
93403      DEBUG Test worker     d.u.i.k.n.KeyIO           Load declarations of de.uka.ilkd.key.nparser.KeyAst$File:  /home/runner/work/key/key/key.core/src/test/resources/testcase/../de/uka/ilkd/key/rule/testRuleMatch.txt:8#1 
93403      INFO  Test worker     d.u.i.k.n.KeyIO           MODE: declarations took 0 ms 
93403      DEBUG Test worker     d.u.i.k.n.KeyIO           MODE: 2nd degree decls took 0 
93447      ERROR Test worker     d.u.i.k.j.JavaService     Error in (line 1,col 11) Parse error. Found "}", expected one of  "," ";" "=" "@" "["
Problem stacktrace : 
  com.github.javaparser.GeneratedJavaParser.generateParseException(GeneratedJavaParser.java:18340)
  com.github.javaparser.GeneratedJavaParser.jj_consume_token(GeneratedJavaParser.java:18179)
  com.github.javaparser.GeneratedJavaParser.BlockStatement(GeneratedJavaParser.java:6611)
  com.github.javaparser.GeneratedJavaParser.Statements(GeneratedJavaParser.java:3114)
  com.github.javaparser.GeneratedJavaParser.Block(GeneratedJavaParser.java:6548)
  com.github.javaparser.GeneratedJavaParser.Statement(GeneratedJavaParser.java:6344)
  com.github.javaparser.GeneratedJavaParser.BlockStatement(GeneratedJavaParser.java:6727)
  com.github.javaparser.GeneratedJavaParser.Statements(GeneratedJavaParser.java:3114)
  com.github.javaparser.GeneratedJavaParser.Block(GeneratedJavaParser.java:6548)
  com.github.javaparser.GeneratedJavaParser.BlockParseStart(GeneratedJavaParser.java:9483)
  com.github.javaparser.JavaParser.parse(JavaParser.java:121)
  com.github.javaparser.JavaParser.parseBlock(JavaParser.java:313)
  de.uka.ilkd.key.java.JavaParserFactory.parseStatementBlock(JavaParserFactory.java:167)
  de.uka.ilkd.key.java.JavaService.recoderBlock(JavaService.java:782)
  de.uka.ilkd.key.java.JavaService.readBlock(JavaService.java:819)
  de.uka.ilkd.key.java.JavaService.readBlockWithProgramVariables(JavaService.java:875)
  de.uka.ilkd.key.nparser.builder.ExpressionBuilder.getJavaBlock(ExpressionBuilder.java:568)
  de.uka.ilkd.key.nparser.builder.ExpressionBuilder.visitModality_term(ExpressionBuilder.java:1074)
  de.uka.ilkd.key.nparser.KeYParser$Modality_termContext.accept(KeYParser.java:4623)
  org.antlr.v4.runtime.tree.AbstractParseTreeVisitor.visitChildren(AbstractParseTreeVisitor.java:46)
  de.uka.ilkd.key.nparser.KeYParserBaseVisitor.visitTerm60(KeYParserBaseVisitor.java:381)
  de.uka.ilkd.key.nparser.KeYParser$Term60Context.accept(KeYParser.java:4485)
  de.uka.ilkd.key.nparser.builder.AbstractBuilder.accept(AbstractBuilder.java:48)
  de.uka.ilkd.key.nparser.builder.DefaultBuilder.accept(DefaultBuilder.java:35)
  de.uka.ilkd.key.nparser.builder.ExpressionBuilder.visitConjunction_term(ExpressionBuilder.java:238)
  de.uka.ilkd.key.nparser.builder.ExpressionBuilder.visitConjunction_term(ExpressionBuilder.java:49)
  de.uka.ilkd.key.nparser.KeYParser$Conjunction_termContext.accept(KeYParser.java:4419)
  de.uka.ilkd.key.nparser.builder.AbstractBuilder.accept(AbstractBuilder.java:48)
  de.uka.ilkd.key.nparser.builder.DefaultBuilder.accept(DefaultBuilder.java:35)
  de.uka.ilkd.key.nparser.builder.ExpressionBuilder.visitDisjunction_term(ExpressionBuilder.java:229)
  de.uka.ilkd.key.nparser.builder.ExpressionBuilder.visitDisjunction_term(ExpressionBuilder.java:49)
  de.uka.ilkd.key.nparser.KeYParser$Disjunction_termContext.accept(KeYParser.java:4346)
  de.uka.ilkd.key.nparser.builder.AbstractBuilder.accept(AbstractBuilder.java:48)
  de.uka.ilkd.key.nparser.builder.DefaultBuilder.accept(DefaultBuilder.java:35)
  de.uka.ilkd.key.nparser.builder.ExpressionBuilder.visitImplication_term(ExpressionBuilder.java:222)
  de.uka.ilkd.key.nparser.builder.ExpressionBuilder.visitImplication_term(ExpressionBuilder.java:49)
  de.uka.ilkd.key.nparser.KeYParser$Implication_termContext.accept(KeYParser.java:4278)
  de.uka.ilkd.key.nparser.builder.AbstractBuilder.accept(AbstractBuilder.java:48)
  de.uka.ilkd.key.nparser.builder.DefaultBuilder.accept(DefaultBuilder.java:35)
  de.uka.ilkd.key.nparser.builder.ExpressionBuilder.visitEquivalence_term(ExpressionBuilder.java:198)
  de.uka.ilkd.key.nparser.builder.ExpressionBuilder.visitEquivalence_term(ExpressionBuilder.java:49)
  de.uka.ilkd.key.nparser.KeYParser$Equivalence_termContext.accept(KeYParser.java:4209)
  de.uka.ilkd.key.nparser.builder.AbstractBuilder.accept(AbstractBuilder.java:48)
  de.uka.ilkd.key.nparser.builder.DefaultBuilder.accept(DefaultBuilder.java:35)
  de.uka.ilkd.key.nparser.builder.ExpressionBuilder.visitElementary_update_term(ExpressionBuilder.java:188)
  de.uka.ilkd.key.nparser.builder.ExpressionBuilder.visitElementary_update_term(ExpressionBuilder.java:49)
  de.uka.ilkd.key.nparser.KeYParser$Elementary_update_termContext.accept(KeYParser.java:4142)
  de.uka.ilkd.key.nparser.builder.AbstractBuilder.lambda$mapOf$0(AbstractBuilder.java:124)
  java.base/java.util.stream.ReferencePipeline$3$1.accept(ReferencePipeline.java:197)
  java.base/java.util.ArrayList$ArrayListSpliterator.forEachRemaining(ArrayList.java:1625)
  java.base/java.util.stream.AbstractPipeline.copyInto(AbstractPipeline.java:509)
  java.base/java.util.stream.AbstractPipeline.wrapAndCopyInto(AbstractPipeline.java:499)
  java.base/java.util.stream.ReduceOps$ReduceOp.evaluateSequential(ReduceOps.java:921)
  java.base/java.util.stream.AbstractPipeline.evaluate(AbstractPipeline.java:234)
  java.base/java.util.stream.ReferencePipeline.collect(ReferencePipeline.java:682)
  de.uka.ilkd.key.nparser.builder.AbstractBuilder.mapOf(AbstractBuilder.java:124)
  de.uka.ilkd.key.nparser.builder.ExpressionBuilder.visitParallel_term(ExpressionBuilder.java:173)
  de.uka.ilkd.key.nparser.builder.ExpressionBuilder.visitParallel_term(ExpressionBuilder.java:49)
  de.uka.ilkd.key.nparser.KeYParser$Parallel_termContext.accept(KeYParser.java:4074)
  org.antlr.v4.runtime.tree.AbstractParseTreeVisitor.visitChildren(AbstractParseTreeVisitor.java:46)
  de.uka.ilkd.key.nparser.KeYParserBaseVisitor.visitTerm(KeYParserBaseVisitor.java:332)
  de.uka.ilkd.key.nparser.KeYParser$TermContext.accept(KeYParser.java:4020)
  de.uka.ilkd.key.nparser.builder.AbstractBuilder.accept(AbstractBuilder.java:48)
  de.uka.ilkd.key.nparser.builder.DefaultBuilder.accept(DefaultBuilder.java:35)
  de.uka.ilkd.key.nparser.builder.ExpressionBuilder.visitTermorseq(ExpressionBuilder.java:511)
  de.uka.ilkd.key.nparser.KeYParser$TermorseqContext.accept(KeYParser.java:8199)
  de.uka.ilkd.key.nparser.builder.AbstractBuilder.accept(AbstractBuilder.java:48)
  de.uka.ilkd.key.nparser.builder.DefaultBuilder.accept(DefaultBuilder.java:35)
  de.uka.ilkd.key.nparser.builder.TacletPBuilder.visitTaclet(TacletPBuilder.java:195)
  de.uka.ilkd.key.nparser.builder.TacletPBuilder.visitTaclet(TacletPBuilder.java:41)
  de.uka.ilkd.key.nparser.KeYParser$TacletContext.accept(KeYParser.java:7771)
  de.uka.ilkd.key.nparser.builder.AbstractBuilder.lambda$mapOf$0(AbstractBuilder.java:124)
  java.base/java.util.stream.ReferencePipeline$3$1.accept(ReferencePipeline.java:197)
  java.base/java.util.ArrayList$ArrayListSpliterator.forEachRemaining(ArrayList.java:1625)
  java.base/java.util.stream.AbstractPipeline.copyInto(AbstractPipeline.java:509)
  java.base/java.util.stream.AbstractPipeline.wrapAndCopyInto(AbstractPipeline.java:499)
  java.base/java.util.stream.ReduceOps$ReduceOp.evaluateSequential(ReduceOps.java:921)
  java.base/java.util.stream.AbstractPipeline.evaluate(AbstractPipeline.java:234)
  java.base/java.util.stream.ReferencePipeline.collect(ReferencePipeline.java:682)
  de.uka.ilkd.key.nparser.builder.AbstractBuilder.mapOf(AbstractBuilder.java:124)
  de.uka.ilkd.key.nparser.builder.TacletPBuilder.visitRulesOrAxioms(TacletPBuilder.java:95)
  de.uka.ilkd.key.nparser.KeYParser$RulesOrAxiomsContext.accept(KeYParser.java:10795)
  de.uka.ilkd.key.nparser.builder.AbstractBuilder.lambda$mapOf$0(AbstractBuilder.java:124)
  java.base/java.util.stream.ReferencePipeline$3$1.accept(ReferencePipeline.java:197)
  java.base/java.util.ArrayList$ArrayListSpliterator.forEachRemaining(ArrayList.java:1625)
  java.base/java.util.stream.AbstractPipeline.copyInto(AbstractPipeline.java:509)
  java.base/java.util.stream.AbstractPipeline.wrapAndCopyInto(AbstractPipeline.java:499)
  java.base/java.util.stream.ReduceOps$ReduceOp.evaluateSequential(ReduceOps.java:921)
  java.base/java.util.stream.AbstractPipeline.evaluate(AbstractPipeline.java:234)
  java.base/java.util.stream.ReferencePipeline.collect(ReferencePipeline.java:682)
  de.uka.ilkd.key.nparser.builder.AbstractBuilder.mapOf(AbstractBuilder.java:124)
  de.uka.ilkd.key.nparser.builder.TacletPBuilder.visitDecls(TacletPBuilder.java:76)
  de.uka.ilkd.key.nparser.KeYParser$DeclsContext.accept(KeYParser.java:515)
  org.antlr.v4.runtime.tree.AbstractParseTreeVisitor.visitChildren(AbstractParseTreeVisitor.java:46)
  de.uka.ilkd.key.nparser.KeYParserBaseVisitor.visitFile(KeYParserBaseVisitor.java:24)
  de.uka.ilkd.key.nparser.KeYParser$FileContext.accept(KeYParser.java:313)
  de.uka.ilkd.key.nparser.KeyAst.accept(KeyAst.java:43)
  de.uka.ilkd.key.nparser.KeyIO$Loader.loadTaclets(KeyIO.java:340)
  de.uka.ilkd.key.nparser.KeyIO$Loader.loadComplete(KeyIO.java:243)
  de.uka.ilkd.key.proof.io.KeYFileForTests.read(KeYFileForTests.java:53)
  de.uka.ilkd.key.proof.init.ProblemInitializer.readEnvInput(ProblemInitializer.java:323)
  de.uka.ilkd.key.proof.init.ProblemInitializer.prepare(ProblemInitializer.java:561)
  de.uka.ilkd.key.proof.init.ProblemInitializer.prepare(ProblemInitializer.java:471)
  de.uka.ilkd.key.rule.TacletForTests.parse(TacletForTests.java:80)
  de.uka.ilkd.key.rule.TacletForTests.parse(TacletForTests.java:125)
  de.uka.ilkd.key.rule.TacletForTests.parse(TacletForTests.java:129)
  de.uka.ilkd.key.rule.TestMatchTaclet.setUp(TestMatchTaclet.java:60)
  java.base/jdk.internal.reflect.NativeMethodAccessorImpl.invoke0(Native Method)
  java.base/jdk.internal.reflect.NativeMethodAccessorImpl.invoke(NativeMethodAccessorImpl.java:77)
  java.base/jdk.internal.reflect.DelegatingMethodAccessorImpl.invoke(DelegatingMethodAccessorImpl.java:43)
  java.base/java.lang.reflect.Method.invoke(Method.java:568)
  org.junit.platform.commons.util.ReflectionUtils.invokeMethod(ReflectionUtils.java:727)
  org.junit.jupiter.engine.execution.MethodInvocation.proceed(MethodInvocation.java:60)
  org.junit.jupiter.engine.execution.InvocationInterceptorChain$ValidatingInvocation.proceed(InvocationInterceptorChain.java:131)
  org.junit.jupiter.engine.extension.TimeoutExtension.intercept(TimeoutExtension.java:156)
  org.junit.jupiter.engine.extension.TimeoutExtension.interceptLifecycleMethod(TimeoutExtension.java:128)
  org.junit.jupiter.engine.extension.TimeoutExtension.interceptBeforeEachMethod(TimeoutExtension.java:78)
  org.junit.jupiter.engine.execution.InterceptingExecutableInvoker$ReflectiveInterceptorCall.lambda$ofVoidMethod$0(InterceptingExecutableInvoker.java:103)
  org.junit.jupiter.engine.execution.InterceptingExecutableInvoker.lambda$invoke$0(InterceptingExecutableInvoker.java:93)
  org.junit.jupiter.engine.execution.InvocationInterceptorChain$InterceptedInvocation.proceed(InvocationInterceptorChain.java:106)
  org.junit.jupiter.engine.execution.InvocationInterceptorChain.proceed(InvocationInterceptorChain.java:64)
  org.junit.jupiter.engine.execution.InvocationInterceptorChain.chainAndInvoke(InvocationInterceptorChain.java:45)
  org.junit.jupiter.engine.execution.InvocationInterceptorChain.invoke(InvocationInterceptorChain.java:37)
  org.junit.jupiter.engine.execution.InterceptingExecutableInvoker.invoke(InterceptingExecutableInvoker.java:92)
  org.junit.jupiter.engine.execution.InterceptingExecutableInvoker.invoke(InterceptingExecutableInvoker.java:86)
  org.junit.jupiter.engine.descriptor.ClassBasedTestDescriptor.invokeMethodInExtensionContext(ClassBasedTestDescriptor.java:520)
  org.junit.jupiter.engine.descriptor.ClassBasedTestDescriptor.lambda$synthesizeBeforeEachMethodAdapter$23(ClassBasedTestDescriptor.java:505)
  org.junit.jupiter.engine.descriptor.TestMethodTestDescriptor.lambda$invokeBeforeEachMethods$3(TestMethodTestDescriptor.java:174)
  org.junit.jupiter.engine.descriptor.TestMethodTestDescriptor.lambda$invokeBeforeMethodsOrCallbacksUntilExceptionOccurs$6(TestMethodTestDescriptor.java:202)
  org.junit.platform.engine.support.hierarchical.ThrowableCollector.execute(ThrowableCollector.java:73)
  org.junit.jupiter.engine.descriptor.TestMethodTestDescriptor.invokeBeforeMethodsOrCallbacksUntilExceptionOccurs(TestMethodTestDescriptor.java:202)
  org.junit.jupiter.engine.descriptor.TestMethodTestDescriptor.invokeBeforeEachMethods(TestMethodTestDescriptor.java:171)
  org.junit.jupiter.engine.descriptor.TestMethodTestDescriptor.execute(TestMethodTestDescriptor.java:134)
  org.junit.jupiter.engine.descriptor.TestMethodTestDescriptor.execute(TestMethodTestDescriptor.java:68)
  org.junit.platform.engine.support.hierarchical.NodeTestTask.lambda$executeRecursively$6(NodeTestTask.java:151)
  org.junit.platform.engine.support.hierarchical.ThrowableCollector.execute(ThrowableCollector.java:73)
  org.junit.platform.engine.support.hierarchical.NodeTestTask.lambda$executeRecursively$8(NodeTestTask.java:141)
  org.junit.platform.engine.support.hierarchical.Node.around(Node.java:137)
  org.junit.platform.engine.support.hierarchical.NodeTestTask.lambda$executeRecursively$9(NodeTestTask.java:139)
  org.junit.platform.engine.support.hierarchical.ThrowableCollector.execute(ThrowableCollector.java:73)
  org.junit.platform.engine.support.hierarchical.NodeTestTask.executeRecursively(NodeTestTask.java:138)
  org.junit.platform.engine.support.hierarchical.NodeTestTask.execute(NodeTestTask.java:95)
  java.base/java.util.ArrayList.forEach(ArrayList.java:1511)
  org.junit.platform.engine.support.hierarchical.SameThreadHierarchicalTestExecutorService.invokeAll(SameThreadHierarchicalTestExecutorService.java:41)
  org.junit.platform.engine.support.hierarchical.NodeTestTask.lambda$executeRecursively$6(NodeTestTask.java:155)
  org.junit.platform.engine.support.hierarchical.ThrowableCollector.execute(ThrowableCollector.java:73)
  org.junit.platform.engine.support.hierarchical.NodeTestTask.lambda$executeRecursively$8(NodeTestTask.java:141)
  org.junit.platform.engine.support.hierarchical.Node.around(Node.java:137)
  org.junit.platform.engine.support.hierarchical.NodeTestTask.lambda$executeRecursively$9(NodeTestTask.java:139)
  org.junit.platform.engine.support.hierarchical.ThrowableCollector.execute(ThrowableCollector.java:73)
  org.junit.platform.engine.support.hierarchical.NodeTestTask.executeRecursively(NodeTestTask.java:138)
  org.junit.platform.engine.support.hierarchical.NodeTestTask.execute(NodeTestTask.java:95)
  java.base/java.util.ArrayList.forEach(ArrayList.java:1511)
  org.junit.platform.engine.support.hierarchical.SameThreadHierarchicalTestExecutorService.invokeAll(SameThreadHierarchicalTestExecutorService.java:41)
  org.junit.platform.engine.support.hierarchical.NodeTestTask.lambda$executeRecursively$6(NodeTestTask.java:155)
  org.junit.platform.engine.support.hierarchical.ThrowableCollector.execute(ThrowableCollector.java:73)
  org.junit.platform.engine.support.hierarchical.NodeTestTask.lambda$executeRecursively$8(NodeTestTask.java:141)
  org.junit.platform.engine.support.hierarchical.Node.around(Node.java:137)
  org.junit.platform.engine.support.hierarchical.NodeTestTask.lambda$executeRecursively$9(NodeTestTask.java:139)
  org.junit.platform.engine.support.hierarchical.ThrowableCollector.execute(ThrowableCollector.java:73)
  org.junit.platform.engine.support.hierarchical.NodeTestTask.executeRecursively(NodeTestTask.java:138)
  org.junit.platform.engine.support.hierarchical.NodeTestTask.execute(NodeTestTask.java:95)
  org.junit.platform.engine.support.hierarchical.SameThreadHierarchicalTestExecutorService.submit(SameThreadHierarchicalTestExecutorService.java:35)
  org.junit.platform.engine.support.hierarchical.HierarchicalTestExecutor.execute(HierarchicalTestExecutor.java:57)
  org.junit.platform.engine.support.hierarchical.HierarchicalTestEngine.execute(HierarchicalTestEngine.java:54)
  org.junit.platform.launcher.core.EngineExecutionOrchestrator.execute(EngineExecutionOrchestrator.java:107)
  org.junit.platform.launcher.core.EngineExecutionOrchestrator.execute(EngineExecutionOrchestrator.java:88)
  org.junit.platform.launcher.core.EngineExecutionOrchestrator.lambda$execute$0(EngineExecutionOrchestrator.java:54)
  org.junit.platform.launcher.core.EngineExecutionOrchestrator.withInterceptedStreams(EngineExecutionOrchestrator.java:67)
  org.junit.platform.launcher.core.EngineExecutionOrchestrator.execute(EngineExecutionOrchestrator.java:52)
  org.junit.platform.launcher.core.DefaultLauncher.execute(DefaultLauncher.java:114)
  org.junit.platform.launcher.core.DefaultLauncher.execute(DefaultLauncher.java:86)
  org.junit.platform.launcher.core.DefaultLauncherSession$DelegatingLauncher.execute(DefaultLauncherSession.java:86)
  org.gradle.api.internal.tasks.testing.junitplatform.JUnitPlatformTestClassProcessor$CollectAllTestClassesExecutor.processAllTestClasses(JUnitPlatformTestClassProcessor.java:110)
  org.gradle.api.internal.tasks.testing.junitplatform.JUnitPlatformTestClassProcessor$CollectAllTestClassesExecutor.access$000(JUnitPlatformTestClassProcessor.java:90)
  org.gradle.api.internal.tasks.testing.junitplatform.JUnitPlatformTestClassProcessor.stop(JUnitPlatformTestClassProcessor.java:85)
  org.gradle.api.internal.tasks.testing.SuiteTestClassProcessor.stop(SuiteTestClassProcessor.java:62)
  java.base/jdk.internal.reflect.NativeMethodAccessorImpl.invoke0(Native Method)
  java.base/jdk.internal.reflect.NativeMethodAccessorImpl.invoke(NativeMethodAccessorImpl.java:77)
  java.base/jdk.internal.reflect.DelegatingMethodAccessorImpl.invoke(DelegatingMethodAccessorImpl.java:43)
  java.base/java.lang.reflect.Method.invoke(Method.java:568)
  org.gradle.internal.dispatch.ReflectionDispatch.dispatch(ReflectionDispatch.java:36)
  org.gradle.internal.dispatch.ReflectionDispatch.dispatch(ReflectionDispatch.java:24)
  org.gradle.internal.dispatch.ContextClassLoaderDispatch.dispatch(ContextClassLoaderDispatch.java:33)
  org.gradle.internal.dispatch.ProxyDispatchAdapter$DispatchingInvocationHandler.invoke(ProxyDispatchAdapter.java:94)
  jdk.proxy2/jdk.proxy2.$Proxy5.stop(Unknown Source)
  org.gradle.api.internal.tasks.testing.worker.TestWorker$3.run(TestWorker.java:193)
  org.gradle.api.internal.tasks.testing.worker.TestWorker.executeAndMaintainThreadName(TestWorker.java:129)
  org.gradle.api.internal.tasks.testing.worker.TestWorker.execute(TestWorker.java:100)
  org.gradle.api.internal.tasks.testing.worker.TestWorker.execute(TestWorker.java:60)
  org.gradle.process.internal.worker.child.ActionExecutionWorker.execute(ActionExecutionWorker.java:56)
  org.gradle.process.internal.worker.child.SystemApplicationClassLoaderWorker.call(SystemApplicationClassLoaderWorker.java:113)
  org.gradle.process.internal.worker.child.SystemApplicationClassLoaderWorker.call(SystemApplicationClassLoaderWorker.java:65)
  worker.org.gradle.process.internal.worker.GradleWorkerMain.run(GradleWorkerMain.java:69)
  worker.org.gradle.process.internal.worker.GradleWorkerMain.main(GradleWorkerMain.java:74). com.github.javaparser.ParseException: Encountered unexpected token: "}" "}"
    at line 1, column 22.

Was expecting one of:

    ","
    ";"
    "="
    "@"
    "["

	at com.github.javaparser.GeneratedJavaParser.generateParseException(GeneratedJavaParser.java:18340)

93449      ERROR Test worker     d.u.i.k.j.JavaService     Error in (line 1,col 11) Parse error. Found "}", expected one of  "," ";" "=" "@" "["
Problem stacktrace : 
  com.github.javaparser.GeneratedJavaParser.generateParseException(GeneratedJavaParser.java:18340)
  com.github.javaparser.GeneratedJavaParser.jj_consume_token(GeneratedJavaParser.java:18179)
  com.github.javaparser.GeneratedJavaParser.BlockStatement(GeneratedJavaParser.java:6611)
  com.github.javaparser.GeneratedJavaParser.Statements(GeneratedJavaParser.java:3114)
  com.github.javaparser.GeneratedJavaParser.Block(GeneratedJavaParser.java:6548)
  com.github.javaparser.GeneratedJavaParser.Statement(GeneratedJavaParser.java:6344)
  com.github.javaparser.GeneratedJavaParser.BlockStatement(GeneratedJavaParser.java:6727)
  com.github.javaparser.GeneratedJavaParser.Statements(GeneratedJavaParser.java:3114)
  com.github.javaparser.GeneratedJavaParser.Block(GeneratedJavaParser.java:6548)
  com.github.javaparser.GeneratedJavaParser.BlockParseStart(GeneratedJavaParser.java:9483)
  com.github.javaparser.JavaParser.parse(JavaParser.java:121)
  com.github.javaparser.JavaParser.parseBlock(JavaParser.java:313)
  de.uka.ilkd.key.java.JavaParserFactory.parseStatementBlock(JavaParserFactory.java:167)
  de.uka.ilkd.key.java.JavaService.recoderBlock(JavaService.java:782)
  de.uka.ilkd.key.java.JavaService.readBlock(JavaService.java:819)
  de.uka.ilkd.key.java.JavaService.readBlockWithEmptyContext(JavaService.java:854)
  de.uka.ilkd.key.nparser.builder.ExpressionBuilder.getJavaBlock(ExpressionBuilder.java:571)
  de.uka.ilkd.key.nparser.builder.ExpressionBuilder.visitModality_term(ExpressionBuilder.java:1074)
  de.uka.ilkd.key.nparser.KeYParser$Modality_termContext.accept(KeYParser.java:4623)
  org.antlr.v4.runtime.tree.AbstractParseTreeVisitor.visitChildren(AbstractParseTreeVisitor.java:46)
  de.uka.ilkd.key.nparser.KeYParserBaseVisitor.visitTerm60(KeYParserBaseVisitor.java:381)
  de.uka.ilkd.key.nparser.KeYParser$Term60Context.accept(KeYParser.java:4485)
  de.uka.ilkd.key.nparser.builder.AbstractBuilder.accept(AbstractBuilder.java:48)
  de.uka.ilkd.key.nparser.builder.DefaultBuilder.accept(DefaultBuilder.java:35)
  de.uka.ilkd.key.nparser.builder.ExpressionBuilder.visitConjunction_term(ExpressionBuilder.java:238)
  de.uka.ilkd.key.nparser.builder.ExpressionBuilder.visitConjunction_term(ExpressionBuilder.java:49)
  de.uka.ilkd.key.nparser.KeYParser$Conjunction_termContext.accept(KeYParser.java:4419)
  de.uka.ilkd.key.nparser.builder.AbstractBuilder.accept(AbstractBuilder.java:48)
  de.uka.ilkd.key.nparser.builder.DefaultBuilder.accept(DefaultBuilder.java:35)
  de.uka.ilkd.key.nparser.builder.ExpressionBuilder.visitDisjunction_term(ExpressionBuilder.java:229)
  de.uka.ilkd.key.nparser.builder.ExpressionBuilder.visitDisjunction_term(ExpressionBuilder.java:49)
  de.uka.ilkd.key.nparser.KeYParser$Disjunction_termContext.accept(KeYParser.java:4346)
  de.uka.ilkd.key.nparser.builder.AbstractBuilder.accept(AbstractBuilder.java:48)
  de.uka.ilkd.key.nparser.builder.DefaultBuilder.accept(DefaultBuilder.java:35)
  de.uka.ilkd.key.nparser.builder.ExpressionBuilder.visitImplication_term(ExpressionBuilder.java:222)
  de.uka.ilkd.key.nparser.builder.ExpressionBuilder.visitImplication_term(ExpressionBuilder.java:49)
  de.uka.ilkd.key.nparser.KeYParser$Implication_termContext.accept(KeYParser.java:4278)
  de.uka.ilkd.key.nparser.builder.AbstractBuilder.accept(AbstractBuilder.java:48)
  de.uka.ilkd.key.nparser.builder.DefaultBuilder.accept(DefaultBuilder.java:35)
  de.uka.ilkd.key.nparser.builder.ExpressionBuilder.visitEquivalence_term(ExpressionBuilder.java:198)
  de.uka.ilkd.key.nparser.builder.ExpressionBuilder.visitEquivalence_term(ExpressionBuilder.java:49)
  de.uka.ilkd.key.nparser.KeYParser$Equivalence_termContext.accept(KeYParser.java:4209)
  de.uka.ilkd.key.nparser.builder.AbstractBuilder.accept(AbstractBuilder.java:48)
  de.uka.ilkd.key.nparser.builder.DefaultBuilder.accept(DefaultBuilder.java:35)
  de.uka.ilkd.key.nparser.builder.ExpressionBuilder.visitElementary_update_term(ExpressionBuilder.java:188)
  de.uka.ilkd.key.nparser.builder.ExpressionBuilder.visitElementary_update_term(ExpressionBuilder.java:49)
  de.uka.ilkd.key.nparser.KeYParser$Elementary_update_termContext.accept(KeYParser.java:4142)
  de.uka.ilkd.key.nparser.builder.AbstractBuilder.lambda$mapOf$0(AbstractBuilder.java:124)
  java.base/java.util.stream.ReferencePipeline$3$1.accept(ReferencePipeline.java:197)
  java.base/java.util.ArrayList$ArrayListSpliterator.forEachRemaining(ArrayList.java:1625)
  java.base/java.util.stream.AbstractPipeline.copyInto(AbstractPipeline.java:509)
  java.base/java.util.stream.AbstractPipeline.wrapAndCopyInto(AbstractPipeline.java:499)
  java.base/java.util.stream.ReduceOps$ReduceOp.evaluateSequential(ReduceOps.java:921)
  java.base/java.util.stream.AbstractPipeline.evaluate(AbstractPipeline.java:234)
  java.base/java.util.stream.ReferencePipeline.collect(ReferencePipeline.java:682)
  de.uka.ilkd.key.nparser.builder.AbstractBuilder.mapOf(AbstractBuilder.java:124)
  de.uka.ilkd.key.nparser.builder.ExpressionBuilder.visitParallel_term(ExpressionBuilder.java:173)
  de.uka.ilkd.key.nparser.builder.ExpressionBuilder.visitParallel_term(ExpressionBuilder.java:49)
  de.uka.ilkd.key.nparser.KeYParser$Parallel_termContext.accept(KeYParser.java:4074)
  org.antlr.v4.runtime.tree.AbstractParseTreeVisitor.visitChildren(AbstractParseTreeVisitor.java:46)
  de.uka.ilkd.key.nparser.KeYParserBaseVisitor.visitTerm(KeYParserBaseVisitor.java:332)
  de.uka.ilkd.key.nparser.KeYParser$TermContext.accept(KeYParser.java:4020)
  de.uka.ilkd.key.nparser.builder.AbstractBuilder.accept(AbstractBuilder.java:48)
  de.uka.ilkd.key.nparser.builder.DefaultBuilder.accept(DefaultBuilder.java:35)
  de.uka.ilkd.key.nparser.builder.ExpressionBuilder.visitTermorseq(ExpressionBuilder.java:511)
  de.uka.ilkd.key.nparser.KeYParser$TermorseqContext.accept(KeYParser.java:8199)
  de.uka.ilkd.key.nparser.builder.AbstractBuilder.accept(AbstractBuilder.java:48)
  de.uka.ilkd.key.nparser.builder.DefaultBuilder.accept(DefaultBuilder.java:35)
  de.uka.ilkd.key.nparser.builder.TacletPBuilder.visitTaclet(TacletPBuilder.java:195)
  de.uka.ilkd.key.nparser.builder.TacletPBuilder.visitTaclet(TacletPBuilder.java:41)
  de.uka.ilkd.key.nparser.KeYParser$TacletContext.accept(KeYParser.java:7771)
  de.uka.ilkd.key.nparser.builder.AbstractBuilder.lambda$mapOf$0(AbstractBuilder.java:124)
  java.base/java.util.stream.ReferencePipeline$3$1.accept(ReferencePipeline.java:197)
  java.base/java.util.ArrayList$ArrayListSpliterator.forEachRemaining(ArrayList.java:1625)
  java.base/java.util.stream.AbstractPipeline.copyInto(AbstractPipeline.java:509)
  java.base/java.util.stream.AbstractPipeline.wrapAndCopyInto(AbstractPipeline.java:499)
  java.base/java.util.stream.ReduceOps$ReduceOp.evaluateSequential(ReduceOps.java:921)
  java.base/java.util.stream.AbstractPipeline.evaluate(AbstractPipeline.java:234)
  java.base/java.util.stream.ReferencePipeline.collect(ReferencePipeline.java:682)
  de.uka.ilkd.key.nparser.builder.AbstractBuilder.mapOf(AbstractBuilder.java:124)
  de.uka.ilkd.key.nparser.builder.TacletPBuilder.visitRulesOrAxioms(TacletPBuilder.java:95)
  de.uka.ilkd.key.nparser.KeYParser$RulesOrAxiomsContext.accept(KeYParser.java:10795)
  de.uka.ilkd.key.nparser.builder.AbstractBuilder.lambda$mapOf$0(AbstractBuilder.java:124)
  java.base/java.util.stream.ReferencePipeline$3$1.accept(ReferencePipeline.java:197)
  java.base/java.util.ArrayList$ArrayListSpliterator.forEachRemaining(ArrayList.java:1625)
  java.base/java.util.stream.AbstractPipeline.copyInto(AbstractPipeline.java:509)
  java.base/java.util.stream.AbstractPipeline.wrapAndCopyInto(AbstractPipeline.java:499)
  java.base/java.util.stream.ReduceOps$ReduceOp.evaluateSequential(ReduceOps.java:921)
  java.base/java.util.stream.AbstractPipeline.evaluate(AbstractPipeline.java:234)
  java.base/java.util.stream.ReferencePipeline.collect(ReferencePipeline.java:682)
  de.uka.ilkd.key.nparser.builder.AbstractBuilder.mapOf(AbstractBuilder.java:124)
  de.uka.ilkd.key.nparser.builder.TacletPBuilder.visitDecls(TacletPBuilder.java:76)
  de.uka.ilkd.key.nparser.KeYParser$DeclsContext.accept(KeYParser.java:515)
  org.antlr.v4.runtime.tree.AbstractParseTreeVisitor.visitChildren(AbstractParseTreeVisitor.java:46)
  de.uka.ilkd.key.nparser.KeYParserBaseVisitor.visitFile(KeYParserBaseVisitor.java:24)
  de.uka.ilkd.key.nparser.KeYParser$FileContext.accept(KeYParser.java:313)
  de.uka.ilkd.key.nparser.KeyAst.accept(KeyAst.java:43)
  de.uka.ilkd.key.nparser.KeyIO$Loader.loadTaclets(KeyIO.java:340)
  de.uka.ilkd.key.nparser.KeyIO$Loader.loadComplete(KeyIO.java:243)
  de.uka.ilkd.key.proof.io.KeYFileForTests.read(KeYFileForTests.java:53)
  de.uka.ilkd.key.proof.init.ProblemInitializer.readEnvInput(ProblemInitializer.java:323)
  de.uka.ilkd.key.proof.init.ProblemInitializer.prepare(ProblemInitializer.java:561)
  de.uka.ilkd.key.proof.init.ProblemInitializer.prepare(ProblemInitializer.java:471)
  de.uka.ilkd.key.rule.TacletForTests.parse(TacletForTests.java:80)
  de.uka.ilkd.key.rule.TacletForTests.parse(TacletForTests.java:125)
  de.uka.ilkd.key.rule.TacletForTests.parse(TacletForTests.java:129)
  de.uka.ilkd.key.rule.TestMatchTaclet.setUp(TestMatchTaclet.java:60)
  java.base/jdk.internal.reflect.NativeMethodAccessorImpl.invoke0(Native Method)
  java.base/jdk.internal.reflect.NativeMethodAccessorImpl.invoke(NativeMethodAccessorImpl.java:77)
  java.base/jdk.internal.reflect.DelegatingMethodAccessorImpl.invoke(DelegatingMethodAccessorImpl.java:43)
  java.base/java.lang.reflect.Method.invoke(Method.java:568)
  org.junit.platform.commons.util.ReflectionUtils.invokeMethod(ReflectionUtils.java:727)
  org.junit.jupiter.engine.execution.MethodInvocation.proceed(MethodInvocation.java:60)
  org.junit.jupiter.engine.execution.InvocationInterceptorChain$ValidatingInvocation.proceed(InvocationInterceptorChain.java:131)
  org.junit.jupiter.engine.extension.TimeoutExtension.intercept(TimeoutExtension.java:156)
  org.junit.jupiter.engine.extension.TimeoutExtension.interceptLifecycleMethod(TimeoutExtension.java:128)
  org.junit.jupiter.engine.extension.TimeoutExtension.interceptBeforeEachMethod(TimeoutExtension.java:78)
  org.junit.jupiter.engine.execution.InterceptingExecutableInvoker$ReflectiveInterceptorCall.lambda$ofVoidMethod$0(InterceptingExecutableInvoker.java:103)
  org.junit.jupiter.engine.execution.InterceptingExecutableInvoker.lambda$invoke$0(InterceptingExecutableInvoker.java:93)
  org.junit.jupiter.engine.execution.InvocationInterceptorChain$InterceptedInvocation.proceed(InvocationInterceptorChain.java:106)
  org.junit.jupiter.engine.execution.InvocationInterceptorChain.proceed(InvocationInterceptorChain.java:64)
  org.junit.jupiter.engine.execution.InvocationInterceptorChain.chainAndInvoke(InvocationInterceptorChain.java:45)
  org.junit.jupiter.engine.execution.InvocationInterceptorChain.invoke(InvocationInterceptorChain.java:37)
  org.junit.jupiter.engine.execution.InterceptingExecutableInvoker.invoke(InterceptingExecutableInvoker.java:92)
  org.junit.jupiter.engine.execution.InterceptingExecutableInvoker.invoke(InterceptingExecutableInvoker.java:86)
  org.junit.jupiter.engine.descriptor.ClassBasedTestDescriptor.invokeMethodInExtensionContext(ClassBasedTestDescriptor.java:520)
  org.junit.jupiter.engine.descriptor.ClassBasedTestDescriptor.lambda$synthesizeBeforeEachMethodAdapter$23(ClassBasedTestDescriptor.java:505)
  org.junit.jupiter.engine.descriptor.TestMethodTestDescriptor.lambda$invokeBeforeEachMethods$3(TestMethodTestDescriptor.java:174)
  org.junit.jupiter.engine.descriptor.TestMethodTestDescriptor.lambda$invokeBeforeMethodsOrCallbacksUntilExceptionOccurs$6(TestMethodTestDescriptor.java:202)
  org.junit.platform.engine.support.hierarchical.ThrowableCollector.execute(ThrowableCollector.java:73)
  org.junit.jupiter.engine.descriptor.TestMethodTestDescriptor.invokeBeforeMethodsOrCallbacksUntilExceptionOccurs(TestMethodTestDescriptor.java:202)
  org.junit.jupiter.engine.descriptor.TestMethodTestDescriptor.invokeBeforeEachMethods(TestMethodTestDescriptor.java:171)
  org.junit.jupiter.engine.descriptor.TestMethodTestDescriptor.execute(TestMethodTestDescriptor.java:134)
  org.junit.jupiter.engine.descriptor.TestMethodTestDescriptor.execute(TestMethodTestDescriptor.java:68)
  org.junit.platform.engine.support.hierarchical.NodeTestTask.lambda$executeRecursively$6(NodeTestTask.java:151)
  org.junit.platform.engine.support.hierarchical.ThrowableCollector.execute(ThrowableCollector.java:73)
  org.junit.platform.engine.support.hierarchical.NodeTestTask.lambda$executeRecursively$8(NodeTestTask.java:141)
  org.junit.platform.engine.support.hierarchical.Node.around(Node.java:137)
  org.junit.platform.engine.support.hierarchical.NodeTestTask.lambda$executeRecursively$9(NodeTestTask.java:139)
  org.junit.platform.engine.support.hierarchical.ThrowableCollector.execute(ThrowableCollector.java:73)
  org.junit.platform.engine.support.hierarchical.NodeTestTask.executeRecursively(NodeTestTask.java:138)
  org.junit.platform.engine.support.hierarchical.NodeTestTask.execute(NodeTestTask.java:95)
  java.base/java.util.ArrayList.forEach(ArrayList.java:1511)
  org.junit.platform.engine.support.hierarchical.SameThreadHierarchicalTestExecutorService.invokeAll(SameThreadHierarchicalTestExecutorService.java:41)
  org.junit.platform.engine.support.hierarchical.NodeTestTask.lambda$executeRecursively$6(NodeTestTask.java:155)
  org.junit.platform.engine.support.hierarchical.ThrowableCollector.execute(ThrowableCollector.java:73)
  org.junit.platform.engine.support.hierarchical.NodeTestTask.lambda$executeRecursively$8(NodeTestTask.java:141)
  org.junit.platform.engine.support.hierarchical.Node.around(Node.java:137)
  org.junit.platform.engine.support.hierarchical.NodeTestTask.lambda$executeRecursively$9(NodeTestTask.java:139)
  org.junit.platform.engine.support.hierarchical.ThrowableCollector.execute(ThrowableCollector.java:73)
  org.junit.platform.engine.support.hierarchical.NodeTestTask.executeRecursively(NodeTestTask.java:138)
  org.junit.platform.engine.support.hierarchical.NodeTestTask.execute(NodeTestTask.java:95)
  java.base/java.util.ArrayList.forEach(ArrayList.java:1511)
  org.junit.platform.engine.support.hierarchical.SameThreadHierarchicalTestExecutorService.invokeAll(SameThreadHierarchicalTestExecutorService.java:41)
  org.junit.platform.engine.support.hierarchical.NodeTestTask.lambda$executeRecursively$6(NodeTestTask.java:155)
  org.junit.platform.engine.support.hierarchical.ThrowableCollector.execute(ThrowableCollector.java:73)
  org.junit.platform.engine.support.hierarchical.NodeTestTask.lambda$executeRecursively$8(NodeTestTask.java:141)
  org.junit.platform.engine.support.hierarchical.Node.around(Node.java:137)
  org.junit.platform.engine.support.hierarchical.NodeTestTask.lambda$executeRecursively$9(NodeTestTask.java:139)
  org.junit.platform.engine.support.hierarchical.ThrowableCollector.execute(ThrowableCollector.java:73)
  org.junit.platform.engine.support.hierarchical.NodeTestTask.executeRecursively(NodeTestTask.java:138)
  org.junit.platform.engine.support.hierarchical.NodeTestTask.execute(NodeTestTask.java:95)
  org.junit.platform.engine.support.hierarchical.SameThreadHierarchicalTestExecutorService.submit(SameThreadHierarchicalTestExecutorService.java:35)
  org.junit.platform.engine.support.hierarchical.HierarchicalTestExecutor.execute(HierarchicalTestExecutor.java:57)
  org.junit.platform.engine.support.hierarchical.HierarchicalTestEngine.execute(HierarchicalTestEngine.java:54)
  org.junit.platform.launcher.core.EngineExecutionOrchestrator.execute(EngineExecutionOrchestrator.java:107)
  org.junit.platform.launcher.core.EngineExecutionOrchestrator.execute(EngineExecutionOrchestrator.java:88)
  org.junit.platform.launcher.core.EngineExecutionOrchestrator.lambda$execute$0(EngineExecutionOrchestrator.java:54)
  org.junit.platform.launcher.core.EngineExecutionOrchestrator.withInterceptedStreams(EngineExecutionOrchestrator.java:67)
  org.junit.platform.launcher.core.EngineExecutionOrchestrator.execute(EngineExecutionOrchestrator.java:52)
  org.junit.platform.launcher.core.DefaultLauncher.execute(DefaultLauncher.java:114)
  org.junit.platform.launcher.core.DefaultLauncher.execute(DefaultLauncher.java:86)
  org.junit.platform.launcher.core.DefaultLauncherSession$DelegatingLauncher.execute(DefaultLauncherSession.java:86)
  org.gradle.api.internal.tasks.testing.junitplatform.JUnitPlatformTestClassProcessor$CollectAllTestClassesExecutor.processAllTestClasses(JUnitPlatformTestClassProcessor.java:110)
  org.gradle.api.internal.tasks.testing.junitplatform.JUnitPlatformTestClassProcessor$CollectAllTestClassesExecutor.access$000(JUnitPlatformTestClassProcessor.java:90)
  org.gradle.api.internal.tasks.testing.junitplatform.JUnitPlatformTestClassProcessor.stop(JUnitPlatformTestClassProcessor.java:85)
  org.gradle.api.internal.tasks.testing.SuiteTestClassProcessor.stop(SuiteTestClassProcessor.java:62)
  java.base/jdk.internal.reflect.NativeMethodAccessorImpl.invoke0(Native Method)
  java.base/jdk.internal.reflect.NativeMethodAccessorImpl.invoke(NativeMethodAccessorImpl.java:77)
  java.base/jdk.internal.reflect.DelegatingMethodAccessorImpl.invoke(DelegatingMethodAccessorImpl.java:43)
  java.base/java.lang.reflect.Method.invoke(Method.java:568)
  org.gradle.internal.dispatch.ReflectionDispatch.dispatch(ReflectionDispatch.java:36)
  org.gradle.internal.dispatch.ReflectionDispatch.dispatch(ReflectionDispatch.java:24)
  org.gradle.internal.dispatch.ContextClassLoaderDispatch.dispatch(ContextClassLoaderDispatch.java:33)
  org.gradle.internal.dispatch.ProxyDispatchAdapter$DispatchingInvocationHandler.invoke(ProxyDispatchAdapter.java:94)
  jdk.proxy2/jdk.proxy2.$Proxy5.stop(Unknown Source)
  org.gradle.api.internal.tasks.testing.worker.TestWorker$3.run(TestWorker.java:193)
  org.gradle.api.internal.tasks.testing.worker.TestWorker.executeAndMaintainThreadName(TestWorker.java:129)
  org.gradle.api.internal.tasks.testing.worker.TestWorker.execute(TestWorker.java:100)
  org.gradle.api.internal.tasks.testing.worker.TestWorker.execute(TestWorker.java:60)
  org.gradle.process.internal.worker.child.ActionExecutionWorker.execute(ActionExecutionWorker.java:56)
  org.gradle.process.internal.worker.child.SystemApplicationClassLoaderWorker.call(SystemApplicationClassLoaderWorker.java:113)
  org.gradle.process.internal.worker.child.SystemApplicationClassLoaderWorker.call(SystemApplicationClassLoaderWorker.java:65)
  worker.org.gradle.process.internal.worker.GradleWorkerMain.run(GradleWorkerMain.java:69)
  worker.org.gradle.process.internal.worker.GradleWorkerMain.main(GradleWorkerMain.java:74). com.github.javaparser.ParseException: Encountered unexpected token: "}" "}"
    at line 1, column 22.

Was expecting one of:

    ","
    ";"
    "="
    "@"
    "["

	at com.github.javaparser.GeneratedJavaParser.generateParseException(GeneratedJavaParser.java:18340)

93450      ERROR Test worker     d.u.i.k.n.b.TacletPBuilder Error in parsing taclet. de.uka.ilkd.key.util.parsing.BuildingExceptions: Multiple errors occured
	at de.uka.ilkd.key.java.JavaService.reportErrors(JavaService.java:219)

93456      DEBUG Test worker     d.u.i.k.n.KeyIO           MODE: taclets took 53ms 
93628      ERROR Test worker     d.u.i.k.j.KeYJPMapping    Duplicate registration of node: boolean, formerNode: /*@ pure @*/
boolean 
93632      ERROR Test worker     d.u.i.k.j.KeYJPMapping    Duplicate registration of node: Object, formerNode: java.lang.Object 
93633      ERROR Test worker     d.u.i.k.j.KeYJPMapping    Duplicate registration of node: Object, formerNode: java.lang.Object 
93634      ERROR Test worker     d.u.i.k.j.KeYJPMapping    Duplicate registration of node: Annotation, formerNode: Annotation 
93637      ERROR Test worker     d.u.i.k.j.KeYJPMapping    Duplicate registration of node: ArithmeticException, formerNode: ArithmeticException 
93639      ERROR Test worker     d.u.i.k.j.KeYJPMapping    Duplicate registration of node: ArrayIndexOutOfBoundsException, formerNode: ArrayIndexOutOfBoundsException 
93640      ERROR Test worker     d.u.i.k.j.KeYJPMapping    Duplicate registration of node: ArrayStoreException, formerNode: ArrayStoreException 
93642      ERROR Test worker     d.u.i.k.j.KeYJPMapping    Duplicate registration of node: AssertionError, formerNode: AssertionError 
93643      ERROR Test worker     d.u.i.k.j.KeYJPMapping    Duplicate registration of node: Character, formerNode: Character 
93644      ERROR Test worker     d.u.i.k.j.KeYJPMapping    Duplicate registration of node: Class, formerNode: java.lang.Class 
93644      ERROR Test worker     d.u.i.k.j.KeYJPMapping    Duplicate registration of node: Class, formerNode: java.lang.Class 
93645      ERROR Test worker     d.u.i.k.j.KeYJPMapping    Duplicate registration of node: ClassCastException, formerNode: ClassCastException 
93646      ERROR Test worker     d.u.i.k.j.KeYJPMapping    Duplicate registration of node: CloneNotSupportedException, formerNode: CloneNotSupportedException 
93647      ERROR Test worker     d.u.i.k.j.KeYJPMapping    Duplicate registration of node: Cloneable, formerNode: Cloneable 
93648      ERROR Test worker     d.u.i.k.j.KeYJPMapping    Duplicate registration of node: Comparable, formerNode: Comparable 
93649      ERROR Test worker     d.u.i.k.j.KeYJPMapping    Duplicate registration of node: Double, formerNode: Double 
93651      ERROR Test worker     d.u.i.k.j.KeYJPMapping    Duplicate registration of node: Enum, formerNode: java.lang.Enum 
93651      ERROR Test worker     d.u.i.k.j.KeYJPMapping    Duplicate registration of node: Enum, formerNode: java.lang.Enum 
93653      ERROR Test worker     d.u.i.k.j.KeYJPMapping    Duplicate registration of node: Error, formerNode: Error 
93655      ERROR Test worker     d.u.i.k.j.KeYJPMapping    Duplicate registration of node: Exception, formerNode: Exception 
93657      ERROR Test worker     d.u.i.k.j.KeYJPMapping    Duplicate registration of node: ExceptionInInitializerError, formerNode: java.lang.ExceptionInInitializerError 
93657      ERROR Test worker     d.u.i.k.j.KeYJPMapping    Duplicate registration of node: ExceptionInInitializerError, formerNode: java.lang.ExceptionInInitializerError 
93658      ERROR Test worker     d.u.i.k.j.KeYJPMapping    Duplicate registration of node: Float, formerNode: Float 
93659      ERROR Test worker     d.u.i.k.j.KeYJPMapping    Duplicate registration of node: IllegalArgumentException, formerNode: IllegalArgumentException 
93660      ERROR Test worker     d.u.i.k.j.KeYJPMapping    Duplicate registration of node: IndexOutOfBoundsException, formerNode: IndexOutOfBoundsException 
93676      ERROR Test worker     d.u.i.k.j.KeYJPMapping    Duplicate registration of node: Integer, formerNode: java.lang.Integer 
93676      ERROR Test worker     d.u.i.k.j.KeYJPMapping    Duplicate registration of node: Integer, formerNode: java.lang.Integer 
93677      ERROR Test worker     d.u.i.k.j.KeYJPMapping    Duplicate registration of node: InterruptedException, formerNode: InterruptedException 
93678      ERROR Test worker     d.u.i.k.j.KeYJPMapping    Duplicate registration of node: Iterable, formerNode: Iterable 
93679      ERROR Test worker     d.u.i.k.j.KeYJPMapping    Duplicate registration of node: LinkageError, formerNode: LinkageError 
93687      ERROR Test worker     d.u.i.k.j.KeYJPMapping    Duplicate registration of node: Math, formerNode: Math 
93689      ERROR Test worker     d.u.i.k.j.KeYJPMapping    Duplicate registration of node: NegativeArraySizeException, formerNode: NegativeArraySizeException 
93689      ERROR Test worker     d.u.i.k.j.KeYJPMapping    Duplicate registration of node: NoClassDefFoundError, formerNode: java.lang.NoClassDefFoundError 
93690      ERROR Test worker     d.u.i.k.j.KeYJPMapping    Duplicate registration of node: NoClassDefFoundError, formerNode: java.lang.NoClassDefFoundError 
93691      ERROR Test worker     d.u.i.k.j.KeYJPMapping    Duplicate registration of node: NullPointerException, formerNode: NullPointerException 
93692      ERROR Test worker     d.u.i.k.j.KeYJPMapping    Duplicate registration of node: Number, formerNode: Number 
93693      ERROR Test worker     d.u.i.k.j.KeYJPMapping    Duplicate registration of node: NumberFormatException, formerNode: NumberFormatException 
93694      ERROR Test worker     d.u.i.k.j.KeYJPMapping    Duplicate registration of node: VirtualMachineError, formerNode: VirtualMachineError 
93696      ERROR Test worker     d.u.i.k.j.KeYJPMapping    Duplicate registration of node: OutOfMemoryError, formerNode: OutOfMemoryError 
93697      ERROR Test worker     d.u.i.k.j.KeYJPMapping    Duplicate registration of node: Runnable, formerNode: Runnable 
93698      ERROR Test worker     d.u.i.k.j.KeYJPMapping    Duplicate registration of node: RuntimeException, formerNode: RuntimeException 
93699      ERROR Test worker     d.u.i.k.j.KeYJPMapping    Duplicate registration of node: /*@pure*/
int, formerNode: int 
93702      ERROR Test worker     d.u.i.k.j.KeYJPMapping    Duplicate registration of node: /*@ helper */
int, formerNode: int 
93702      ERROR Test worker     d.u.i.k.j.KeYJPMapping    Duplicate registration of node: /*@ helper */
boolean, formerNode: /*@ pure @*/
boolean 
93711      ERROR Test worker     d.u.i.k.j.KeYJPMapping    Duplicate registration of node: /*@ helper */
java.lang.String, formerNode: java.lang.String 
93721      ERROR Test worker     d.u.i.k.j.KeYJPMapping    Duplicate registration of node: String, formerNode: java.lang.String 
93745      ERROR Test worker     d.u.i.k.j.KeYJPMapping    Duplicate registration of node: String, formerNode: java.lang.String 
93747      ERROR Test worker     d.u.i.k.j.KeYJPMapping    Duplicate registration of node: char, formerNode: /*@ helper */
char 
93748      ERROR Test worker     d.u.i.k.j.KeYJPMapping    Duplicate registration of node: StringBuffer, formerNode: StringBuffer 
93752      ERROR Test worker     d.u.i.k.j.KeYJPMapping    Duplicate registration of node: System, formerNode: System 
93752      ERROR Test worker     d.u.i.k.j.KeYJPMapping    Duplicate registration of node: Thread, formerNode: Thread 
93757      ERROR Test worker     d.u.i.k.j.KeYJPMapping    Duplicate registration of node: Throwable, formerNode: java.lang.Throwable 
93757      ERROR Test worker     d.u.i.k.j.KeYJPMapping    Duplicate registration of node: Throwable, formerNode: java.lang.Throwable 
93763      ERROR Test worker     d.u.i.k.j.KeYJPMapping    Duplicate registration of node: Collection, formerNode: Collection 
93764      ERROR Test worker     d.u.i.k.j.KeYJPMapping    Duplicate registration of node: Iterator, formerNode: java.util.Iterator 
93764      ERROR Test worker     d.u.i.k.j.KeYJPMapping    Duplicate registration of node: Iterator, formerNode: java.util.Iterator 
93769      ERROR Test worker     d.u.i.k.j.KeYJPMapping    Duplicate registration of node: List, formerNode: java.util.List 
93769      ERROR Test worker     d.u.i.k.j.KeYJPMapping    Duplicate registration of node: List, formerNode: java.util.List 
93771      ERROR Test worker     d.u.i.k.j.KeYJPMapping    Duplicate registration of node: ListIterator, formerNode: java.util.ListIterator 
93771      ERROR Test worker     d.u.i.k.j.KeYJPMapping    Duplicate registration of node: ListIterator, formerNode: java.util.ListIterator 
93773      ERROR Test worker     d.u.i.k.j.KeYJPMapping    Duplicate registration of node: Long, formerNode: Long 
93773      ERROR Test worker     d.u.i.k.j.KeYJPMapping    Duplicate registration of node: Boolean, formerNode: Boolean 
93779      ERROR Test worker     d.u.i.k.j.KeYJPMapping    Duplicate registration of node: Map, formerNode: Map 
93783      ERROR Test worker     d.u.i.k.j.KeYJPMapping    Duplicate registration of node: Set, formerNode: java.util.Set 
93784      ERROR Test worker     d.u.i.k.j.KeYJPMapping    Duplicate registration of node: Set, formerNode: java.util.Set 
93785      ERROR Test worker     d.u.i.k.j.KeYJPMapping    Duplicate registration of node: FilterOutputStream, formerNode: FilterOutputStream 
93786      ERROR Test worker     d.u.i.k.j.KeYJPMapping    Duplicate registration of node: InputStream, formerNode: java.io.InputStream 
93786      ERROR Test worker     d.u.i.k.j.KeYJPMapping    Duplicate registration of node: InputStream, formerNode: java.io.InputStream 
93788      ERROR Test worker     d.u.i.k.j.KeYJPMapping    Duplicate registration of node: IOException, formerNode: IOException 
93789      ERROR Test worker     d.u.i.k.j.KeYJPMapping    Duplicate registration of node: OutputStream, formerNode: java.io.OutputStream 
93789      ERROR Test worker     d.u.i.k.j.KeYJPMapping    Duplicate registration of node: OutputStream, formerNode: java.io.OutputStream 
93795      ERROR Test worker     d.u.i.k.j.KeYJPMapping    Duplicate registration of node: PrintStream, formerNode: java.io.PrintStream 
93795      ERROR Test worker     d.u.i.k.j.KeYJPMapping    Duplicate registration of node: PrintStream, formerNode: java.io.PrintStream 
93796      ERROR Test worker     d.u.i.k.j.KeYJPMapping    Duplicate registration of node: Serializable, formerNode: Serializable 
93797      ERROR Test worker     d.u.i.k.j.KeYJPMapping    Duplicate registration of node: BigInteger, formerNode: java.math.BigInteger 
93799      ERROR Test worker     d.u.i.k.j.KeYJPMapping    Duplicate registration of node: BigInteger, formerNode: java.math.BigInteger 
93801      ERROR Test worker     d.u.i.k.j.KeYJPMapping    Duplicate registration of node: ArrayList, formerNode: ArrayList 
93804      ERROR Test worker     d.u.i.k.j.KeYJPMapping    Duplicate registration of node: byte[], formerNode: byte[] 
93825      ERROR Test worker     d.u.i.k.j.KeYJPMapping    Duplicate registration of node: Arrays, formerNode: Arrays 
93826      ERROR Test worker     d.u.i.k.j.KeYJPMapping    Duplicate registration of node: ListIteratorImpl, formerNode: ListIteratorImpl 
93828      ERROR Test worker     d.u.i.k.j.KeYJPMapping    Duplicate registration of node: Date, formerNode: Date 
93828      ERROR Test worker     d.u.i.k.j.KeYJPMapping    Duplicate registration of node: LinkedHashMap, formerNode: LinkedHashMap 
93829      ERROR Test worker     d.u.i.k.j.KeYJPMapping    Duplicate registration of node: /*@pure@*/
String, formerNode: /*@strictly_pure*/
java.lang.String 
93830      ERROR Test worker     d.u.i.k.j.KeYJPMapping    Duplicate registration of node: LinkedList, formerNode: LinkedList 
93847      INFO  Test worker     d.u.i.k.n.KeyIO           Parsing took 3 ms 
93847      DEBUG Test worker     d.u.i.k.n.KeyIO           Load declarations of de.uka.ilkd.key.nparser.KeyAst$File:  /home/runner/work/key/key/key.core/src/test/resources/testcase/../de/uka/ilkd/key/rule/testRuleMatch.txt:8#1 
93847      INFO  Test worker     d.u.i.k.n.KeyIO           MODE: declarations took 0 ms 
93847      DEBUG Test worker     d.u.i.k.n.KeyIO           MODE: 2nd degree decls took 0 
93890      ERROR Test worker     d.u.i.k.j.JavaService     Error in (line 1,col 11) Parse error. Found "}", expected one of  "," ";" "=" "@" "["
Problem stacktrace : 
  com.github.javaparser.GeneratedJavaParser.generateParseException(GeneratedJavaParser.java:18340)
  com.github.javaparser.GeneratedJavaParser.jj_consume_token(GeneratedJavaParser.java:18179)
  com.github.javaparser.GeneratedJavaParser.BlockStatement(GeneratedJavaParser.java:6611)
  com.github.javaparser.GeneratedJavaParser.Statements(GeneratedJavaParser.java:3114)
  com.github.javaparser.GeneratedJavaParser.Block(GeneratedJavaParser.java:6548)
  com.github.javaparser.GeneratedJavaParser.Statement(GeneratedJavaParser.java:6344)
  com.github.javaparser.GeneratedJavaParser.BlockStatement(GeneratedJavaParser.java:6727)
  com.github.javaparser.GeneratedJavaParser.Statements(GeneratedJavaParser.java:3114)
  com.github.javaparser.GeneratedJavaParser.Block(GeneratedJavaParser.java:6548)
  com.github.javaparser.GeneratedJavaParser.BlockParseStart(GeneratedJavaParser.java:9483)
  com.github.javaparser.JavaParser.parse(JavaParser.java:121)
  com.github.javaparser.JavaParser.parseBlock(JavaParser.java:313)
  de.uka.ilkd.key.java.JavaParserFactory.parseStatementBlock(JavaParserFactory.java:167)
  de.uka.ilkd.key.java.JavaService.recoderBlock(JavaService.java:782)
  de.uka.ilkd.key.java.JavaService.readBlock(JavaService.java:819)
  de.uka.ilkd.key.java.JavaService.readBlockWithProgramVariables(JavaService.java:875)
  de.uka.ilkd.key.nparser.builder.ExpressionBuilder.getJavaBlock(ExpressionBuilder.java:568)
  de.uka.ilkd.key.nparser.builder.ExpressionBuilder.visitModality_term(ExpressionBuilder.java:1074)
  de.uka.ilkd.key.nparser.KeYParser$Modality_termContext.accept(KeYParser.java:4623)
  org.antlr.v4.runtime.tree.AbstractParseTreeVisitor.visitChildren(AbstractParseTreeVisitor.java:46)
  de.uka.ilkd.key.nparser.KeYParserBaseVisitor.visitTerm60(KeYParserBaseVisitor.java:381)
  de.uka.ilkd.key.nparser.KeYParser$Term60Context.accept(KeYParser.java:4485)
  de.uka.ilkd.key.nparser.builder.AbstractBuilder.accept(AbstractBuilder.java:48)
  de.uka.ilkd.key.nparser.builder.DefaultBuilder.accept(DefaultBuilder.java:35)
  de.uka.ilkd.key.nparser.builder.ExpressionBuilder.visitConjunction_term(ExpressionBuilder.java:238)
  de.uka.ilkd.key.nparser.builder.ExpressionBuilder.visitConjunction_term(ExpressionBuilder.java:49)
  de.uka.ilkd.key.nparser.KeYParser$Conjunction_termContext.accept(KeYParser.java:4419)
  de.uka.ilkd.key.nparser.builder.AbstractBuilder.accept(AbstractBuilder.java:48)
  de.uka.ilkd.key.nparser.builder.DefaultBuilder.accept(DefaultBuilder.java:35)
  de.uka.ilkd.key.nparser.builder.ExpressionBuilder.visitDisjunction_term(ExpressionBuilder.java:229)
  de.uka.ilkd.key.nparser.builder.ExpressionBuilder.visitDisjunction_term(ExpressionBuilder.java:49)
  de.uka.ilkd.key.nparser.KeYParser$Disjunction_termContext.accept(KeYParser.java:4346)
  de.uka.ilkd.key.nparser.builder.AbstractBuilder.accept(AbstractBuilder.java:48)
  de.uka.ilkd.key.nparser.builder.DefaultBuilder.accept(DefaultBuilder.java:35)
  de.uka.ilkd.key.nparser.builder.ExpressionBuilder.visitImplication_term(ExpressionBuilder.java:222)
  de.uka.ilkd.key.nparser.builder.ExpressionBuilder.visitImplication_term(ExpressionBuilder.java:49)
  de.uka.ilkd.key.nparser.KeYParser$Implication_termContext.accept(KeYParser.java:4278)
  de.uka.ilkd.key.nparser.builder.AbstractBuilder.accept(AbstractBuilder.java:48)
  de.uka.ilkd.key.nparser.builder.DefaultBuilder.accept(DefaultBuilder.java:35)
  de.uka.ilkd.key.nparser.builder.ExpressionBuilder.visitEquivalence_term(ExpressionBuilder.java:198)
  de.uka.ilkd.key.nparser.builder.ExpressionBuilder.visitEquivalence_term(ExpressionBuilder.java:49)
  de.uka.ilkd.key.nparser.KeYParser$Equivalence_termContext.accept(KeYParser.java:4209)
  de.uka.ilkd.key.nparser.builder.AbstractBuilder.accept(AbstractBuilder.java:48)
  de.uka.ilkd.key.nparser.builder.DefaultBuilder.accept(DefaultBuilder.java:35)
  de.uka.ilkd.key.nparser.builder.ExpressionBuilder.visitElementary_update_term(ExpressionBuilder.java:188)
  de.uka.ilkd.key.nparser.builder.ExpressionBuilder.visitElementary_update_term(ExpressionBuilder.java:49)
  de.uka.ilkd.key.nparser.KeYParser$Elementary_update_termContext.accept(KeYParser.java:4142)
  de.uka.ilkd.key.nparser.builder.AbstractBuilder.lambda$mapOf$0(AbstractBuilder.java:124)
  java.base/java.util.stream.ReferencePipeline$3$1.accept(ReferencePipeline.java:197)
  java.base/java.util.ArrayList$ArrayListSpliterator.forEachRemaining(ArrayList.java:1625)
  java.base/java.util.stream.AbstractPipeline.copyInto(AbstractPipeline.java:509)
  java.base/java.util.stream.AbstractPipeline.wrapAndCopyInto(AbstractPipeline.java:499)
  java.base/java.util.stream.ReduceOps$ReduceOp.evaluateSequential(ReduceOps.java:921)
  java.base/java.util.stream.AbstractPipeline.evaluate(AbstractPipeline.java:234)
  java.base/java.util.stream.ReferencePipeline.collect(ReferencePipeline.java:682)
  de.uka.ilkd.key.nparser.builder.AbstractBuilder.mapOf(AbstractBuilder.java:124)
  de.uka.ilkd.key.nparser.builder.ExpressionBuilder.visitParallel_term(ExpressionBuilder.java:173)
  de.uka.ilkd.key.nparser.builder.ExpressionBuilder.visitParallel_term(ExpressionBuilder.java:49)
  de.uka.ilkd.key.nparser.KeYParser$Parallel_termContext.accept(KeYParser.java:4074)
  org.antlr.v4.runtime.tree.AbstractParseTreeVisitor.visitChildren(AbstractParseTreeVisitor.java:46)
  de.uka.ilkd.key.nparser.KeYParserBaseVisitor.visitTerm(KeYParserBaseVisitor.java:332)
  de.uka.ilkd.key.nparser.KeYParser$TermContext.accept(KeYParser.java:4020)
  de.uka.ilkd.key.nparser.builder.AbstractBuilder.accept(AbstractBuilder.java:48)
  de.uka.ilkd.key.nparser.builder.DefaultBuilder.accept(DefaultBuilder.java:35)
  de.uka.ilkd.key.nparser.builder.ExpressionBuilder.visitTermorseq(ExpressionBuilder.java:511)
  de.uka.ilkd.key.nparser.KeYParser$TermorseqContext.accept(KeYParser.java:8199)
  de.uka.ilkd.key.nparser.builder.AbstractBuilder.accept(AbstractBuilder.java:48)
  de.uka.ilkd.key.nparser.builder.DefaultBuilder.accept(DefaultBuilder.java:35)
  de.uka.ilkd.key.nparser.builder.TacletPBuilder.visitTaclet(TacletPBuilder.java:195)
  de.uka.ilkd.key.nparser.builder.TacletPBuilder.visitTaclet(TacletPBuilder.java:41)
  de.uka.ilkd.key.nparser.KeYParser$TacletContext.accept(KeYParser.java:7771)
  de.uka.ilkd.key.nparser.builder.AbstractBuilder.lambda$mapOf$0(AbstractBuilder.java:124)
  java.base/java.util.stream.ReferencePipeline$3$1.accept(ReferencePipeline.java:197)
  java.base/java.util.ArrayList$ArrayListSpliterator.forEachRemaining(ArrayList.java:1625)
  java.base/java.util.stream.AbstractPipeline.copyInto(AbstractPipeline.java:509)
  java.base/java.util.stream.AbstractPipeline.wrapAndCopyInto(AbstractPipeline.java:499)
  java.base/java.util.stream.ReduceOps$ReduceOp.evaluateSequential(ReduceOps.java:921)
  java.base/java.util.stream.AbstractPipeline.evaluate(AbstractPipeline.java:234)
  java.base/java.util.stream.ReferencePipeline.collect(ReferencePipeline.java:682)
  de.uka.ilkd.key.nparser.builder.AbstractBuilder.mapOf(AbstractBuilder.java:124)
  de.uka.ilkd.key.nparser.builder.TacletPBuilder.visitRulesOrAxioms(TacletPBuilder.java:95)
  de.uka.ilkd.key.nparser.KeYParser$RulesOrAxiomsContext.accept(KeYParser.java:10795)
  de.uka.ilkd.key.nparser.builder.AbstractBuilder.lambda$mapOf$0(AbstractBuilder.java:124)
  java.base/java.util.stream.ReferencePipeline$3$1.accept(ReferencePipeline.java:197)
  java.base/java.util.ArrayList$ArrayListSpliterator.forEachRemaining(ArrayList.java:1625)
  java.base/java.util.stream.AbstractPipeline.copyInto(AbstractPipeline.java:509)
  java.base/java.util.stream.AbstractPipeline.wrapAndCopyInto(AbstractPipeline.java:499)
  java.base/java.util.stream.ReduceOps$ReduceOp.evaluateSequential(ReduceOps.java:921)
  java.base/java.util.stream.AbstractPipeline.evaluate(AbstractPipeline.java:234)
  java.base/java.util.stream.ReferencePipeline.collect(ReferencePipeline.java:682)
  de.uka.ilkd.key.nparser.builder.AbstractBuilder.mapOf(AbstractBuilder.java:124)
  de.uka.ilkd.key.nparser.builder.TacletPBuilder.visitDecls(TacletPBuilder.java:76)
  de.uka.ilkd.key.nparser.KeYParser$DeclsContext.accept(KeYParser.java:515)
  org.antlr.v4.runtime.tree.AbstractParseTreeVisitor.visitChildren(AbstractParseTreeVisitor.java:46)
  de.uka.ilkd.key.nparser.KeYParserBaseVisitor.visitFile(KeYParserBaseVisitor.java:24)
  de.uka.ilkd.key.nparser.KeYParser$FileContext.accept(KeYParser.java:313)
  de.uka.ilkd.key.nparser.KeyAst.accept(KeyAst.java:43)
  de.uka.ilkd.key.nparser.KeyIO$Loader.loadTaclets(KeyIO.java:340)
  de.uka.ilkd.key.nparser.KeyIO$Loader.loadComplete(KeyIO.java:243)
  de.uka.ilkd.key.proof.io.KeYFileForTests.read(KeYFileForTests.java:53)
  de.uka.ilkd.key.proof.init.ProblemInitializer.readEnvInput(ProblemInitializer.java:323)
  de.uka.ilkd.key.proof.init.ProblemInitializer.prepare(ProblemInitializer.java:561)
  de.uka.ilkd.key.proof.init.ProblemInitializer.prepare(ProblemInitializer.java:471)
  de.uka.ilkd.key.rule.TacletForTests.parse(TacletForTests.java:80)
  de.uka.ilkd.key.rule.TacletForTests.parse(TacletForTests.java:125)
  de.uka.ilkd.key.rule.TacletForTests.parse(TacletForTests.java:129)
  de.uka.ilkd.key.rule.TestMatchTaclet.setUp(TestMatchTaclet.java:60)
  java.base/jdk.internal.reflect.NativeMethodAccessorImpl.invoke0(Native Method)
  java.base/jdk.internal.reflect.NativeMethodAccessorImpl.invoke(NativeMethodAccessorImpl.java:77)
  java.base/jdk.internal.reflect.DelegatingMethodAccessorImpl.invoke(DelegatingMethodAccessorImpl.java:43)
  java.base/java.lang.reflect.Method.invoke(Method.java:568)
  org.junit.platform.commons.util.ReflectionUtils.invokeMethod(ReflectionUtils.java:727)
  org.junit.jupiter.engine.execution.MethodInvocation.proceed(MethodInvocation.java:60)
  org.junit.jupiter.engine.execution.InvocationInterceptorChain$ValidatingInvocation.proceed(InvocationInterceptorChain.java:131)
  org.junit.jupiter.engine.extension.TimeoutExtension.intercept(TimeoutExtension.java:156)
  org.junit.jupiter.engine.extension.TimeoutExtension.interceptLifecycleMethod(TimeoutExtension.java:128)
  org.junit.jupiter.engine.extension.TimeoutExtension.interceptBeforeEachMethod(TimeoutExtension.java:78)
  org.junit.jupiter.engine.execution.InterceptingExecutableInvoker$ReflectiveInterceptorCall.lambda$ofVoidMethod$0(InterceptingExecutableInvoker.java:103)
  org.junit.jupiter.engine.execution.InterceptingExecutableInvoker.lambda$invoke$0(InterceptingExecutableInvoker.java:93)
  org.junit.jupiter.engine.execution.InvocationInterceptorChain$InterceptedInvocation.proceed(InvocationInterceptorChain.java:106)
  org.junit.jupiter.engine.execution.InvocationInterceptorChain.proceed(InvocationInterceptorChain.java:64)
  org.junit.jupiter.engine.execution.InvocationInterceptorChain.chainAndInvoke(InvocationInterceptorChain.java:45)
  org.junit.jupiter.engine.execution.InvocationInterceptorChain.invoke(InvocationInterceptorChain.java:37)
  org.junit.jupiter.engine.execution.InterceptingExecutableInvoker.invoke(InterceptingExecutableInvoker.java:92)
  org.junit.jupiter.engine.execution.InterceptingExecutableInvoker.invoke(InterceptingExecutableInvoker.java:86)
  org.junit.jupiter.engine.descriptor.ClassBasedTestDescriptor.invokeMethodInExtensionContext(ClassBasedTestDescriptor.java:520)
  org.junit.jupiter.engine.descriptor.ClassBasedTestDescriptor.lambda$synthesizeBeforeEachMethodAdapter$23(ClassBasedTestDescriptor.java:505)
  org.junit.jupiter.engine.descriptor.TestMethodTestDescriptor.lambda$invokeBeforeEachMethods$3(TestMethodTestDescriptor.java:174)
  org.junit.jupiter.engine.descriptor.TestMethodTestDescriptor.lambda$invokeBeforeMethodsOrCallbacksUntilExceptionOccurs$6(TestMethodTestDescriptor.java:202)
  org.junit.platform.engine.support.hierarchical.ThrowableCollector.execute(ThrowableCollector.java:73)
  org.junit.jupiter.engine.descriptor.TestMethodTestDescriptor.invokeBeforeMethodsOrCallbacksUntilExceptionOccurs(TestMethodTestDescriptor.java:202)
  org.junit.jupiter.engine.descriptor.TestMethodTestDescriptor.invokeBeforeEachMethods(TestMethodTestDescriptor.java:171)
  org.junit.jupiter.engine.descriptor.TestMethodTestDescriptor.execute(TestMethodTestDescriptor.java:134)
  org.junit.jupiter.engine.descriptor.TestMethodTestDescriptor.execute(TestMethodTestDescriptor.java:68)
  org.junit.platform.engine.support.hierarchical.NodeTestTask.lambda$executeRecursively$6(NodeTestTask.java:151)
  org.junit.platform.engine.support.hierarchical.ThrowableCollector.execute(ThrowableCollector.java:73)
  org.junit.platform.engine.support.hierarchical.NodeTestTask.lambda$executeRecursively$8(NodeTestTask.java:141)
  org.junit.platform.engine.support.hierarchical.Node.around(Node.java:137)
  org.junit.platform.engine.support.hierarchical.NodeTestTask.lambda$executeRecursively$9(NodeTestTask.java:139)
  org.junit.platform.engine.support.hierarchical.ThrowableCollector.execute(ThrowableCollector.java:73)
  org.junit.platform.engine.support.hierarchical.NodeTestTask.executeRecursively(NodeTestTask.java:138)
  org.junit.platform.engine.support.hierarchical.NodeTestTask.execute(NodeTestTask.java:95)
  java.base/java.util.ArrayList.forEach(ArrayList.java:1511)
  org.junit.platform.engine.support.hierarchical.SameThreadHierarchicalTestExecutorService.invokeAll(SameThreadHierarchicalTestExecutorService.java:41)
  org.junit.platform.engine.support.hierarchical.NodeTestTask.lambda$executeRecursively$6(NodeTestTask.java:155)
  org.junit.platform.engine.support.hierarchical.ThrowableCollector.execute(ThrowableCollector.java:73)
  org.junit.platform.engine.support.hierarchical.NodeTestTask.lambda$executeRecursively$8(NodeTestTask.java:141)
  org.junit.platform.engine.support.hierarchical.Node.around(Node.java:137)
  org.junit.platform.engine.support.hierarchical.NodeTestTask.lambda$executeRecursively$9(NodeTestTask.java:139)
  org.junit.platform.engine.support.hierarchical.ThrowableCollector.execute(ThrowableCollector.java:73)
  org.junit.platform.engine.support.hierarchical.NodeTestTask.executeRecursively(NodeTestTask.java:138)
  org.junit.platform.engine.support.hierarchical.NodeTestTask.execute(NodeTestTask.java:95)
  java.base/java.util.ArrayList.forEach(ArrayList.java:1511)
  org.junit.platform.engine.support.hierarchical.SameThreadHierarchicalTestExecutorService.invokeAll(SameThreadHierarchicalTestExecutorService.java:41)
  org.junit.platform.engine.support.hierarchical.NodeTestTask.lambda$executeRecursively$6(NodeTestTask.java:155)
  org.junit.platform.engine.support.hierarchical.ThrowableCollector.execute(ThrowableCollector.java:73)
  org.junit.platform.engine.support.hierarchical.NodeTestTask.lambda$executeRecursively$8(NodeTestTask.java:141)
  org.junit.platform.engine.support.hierarchical.Node.around(Node.java:137)
  org.junit.platform.engine.support.hierarchical.NodeTestTask.lambda$executeRecursively$9(NodeTestTask.java:139)
  org.junit.platform.engine.support.hierarchical.ThrowableCollector.execute(ThrowableCollector.java:73)
  org.junit.platform.engine.support.hierarchical.NodeTestTask.executeRecursively(NodeTestTask.java:138)
  org.junit.platform.engine.support.hierarchical.NodeTestTask.execute(NodeTestTask.java:95)
  org.junit.platform.engine.support.hierarchical.SameThreadHierarchicalTestExecutorService.submit(SameThreadHierarchicalTestExecutorService.java:35)
  org.junit.platform.engine.support.hierarchical.HierarchicalTestExecutor.execute(HierarchicalTestExecutor.java:57)
  org.junit.platform.engine.support.hierarchical.HierarchicalTestEngine.execute(HierarchicalTestEngine.java:54)
  org.junit.platform.launcher.core.EngineExecutionOrchestrator.execute(EngineExecutionOrchestrator.java:107)
  org.junit.platform.launcher.core.EngineExecutionOrchestrator.execute(EngineExecutionOrchestrator.java:88)
  org.junit.platform.launcher.core.EngineExecutionOrchestrator.lambda$execute$0(EngineExecutionOrchestrator.java:54)
  org.junit.platform.launcher.core.EngineExecutionOrchestrator.withInterceptedStreams(EngineExecutionOrchestrator.java:67)
  org.junit.platform.launcher.core.EngineExecutionOrchestrator.execute(EngineExecutionOrchestrator.java:52)
  org.junit.platform.launcher.core.DefaultLauncher.execute(DefaultLauncher.java:114)
  org.junit.platform.launcher.core.DefaultLauncher.execute(DefaultLauncher.java:86)
  org.junit.platform.launcher.core.DefaultLauncherSession$DelegatingLauncher.execute(DefaultLauncherSession.java:86)
  org.gradle.api.internal.tasks.testing.junitplatform.JUnitPlatformTestClassProcessor$CollectAllTestClassesExecutor.processAllTestClasses(JUnitPlatformTestClassProcessor.java:110)
  org.gradle.api.internal.tasks.testing.junitplatform.JUnitPlatformTestClassProcessor$CollectAllTestClassesExecutor.access$000(JUnitPlatformTestClassProcessor.java:90)
  org.gradle.api.internal.tasks.testing.junitplatform.JUnitPlatformTestClassProcessor.stop(JUnitPlatformTestClassProcessor.java:85)
  org.gradle.api.internal.tasks.testing.SuiteTestClassProcessor.stop(SuiteTestClassProcessor.java:62)
  java.base/jdk.internal.reflect.NativeMethodAccessorImpl.invoke0(Native Method)
  java.base/jdk.internal.reflect.NativeMethodAccessorImpl.invoke(NativeMethodAccessorImpl.java:77)
  java.base/jdk.internal.reflect.DelegatingMethodAccessorImpl.invoke(DelegatingMethodAccessorImpl.java:43)
  java.base/java.lang.reflect.Method.invoke(Method.java:568)
  org.gradle.internal.dispatch.ReflectionDispatch.dispatch(ReflectionDispatch.java:36)
  org.gradle.internal.dispatch.ReflectionDispatch.dispatch(ReflectionDispatch.java:24)
  org.gradle.internal.dispatch.ContextClassLoaderDispatch.dispatch(ContextClassLoaderDispatch.java:33)
  org.gradle.internal.dispatch.ProxyDispatchAdapter$DispatchingInvocationHandler.invoke(ProxyDispatchAdapter.java:94)
  jdk.proxy2/jdk.proxy2.$Proxy5.stop(Unknown Source)
  org.gradle.api.internal.tasks.testing.worker.TestWorker$3.run(TestWorker.java:193)
  org.gradle.api.internal.tasks.testing.worker.TestWorker.executeAndMaintainThreadName(TestWorker.java:129)
  org.gradle.api.internal.tasks.testing.worker.TestWorker.execute(TestWorker.java:100)
  org.gradle.api.internal.tasks.testing.worker.TestWorker.execute(TestWorker.java:60)
  org.gradle.process.internal.worker.child.ActionExecutionWorker.execute(ActionExecutionWorker.java:56)
  org.gradle.process.internal.worker.child.SystemApplicationClassLoaderWorker.call(SystemApplicationClassLoaderWorker.java:113)
  org.gradle.process.internal.worker.child.SystemApplicationClassLoaderWorker.call(SystemApplicationClassLoaderWorker.java:65)
  worker.org.gradle.process.internal.worker.GradleWorkerMain.run(GradleWorkerMain.java:69)
  worker.org.gradle.process.internal.worker.GradleWorkerMain.main(GradleWorkerMain.java:74). com.github.javaparser.ParseException: Encountered unexpected token: "}" "}"
    at line 1, column 22.

Was expecting one of:

    ","
    ";"
    "="
    "@"
    "["

	at com.github.javaparser.GeneratedJavaParser.generateParseException(GeneratedJavaParser.java:18340)

93898      ERROR Test worker     d.u.i.k.j.JavaService     Error in (line 1,col 11) Parse error. Found "}", expected one of  "," ";" "=" "@" "["
Problem stacktrace : 
  com.github.javaparser.GeneratedJavaParser.generateParseException(GeneratedJavaParser.java:18340)
  com.github.javaparser.GeneratedJavaParser.jj_consume_token(GeneratedJavaParser.java:18179)
  com.github.javaparser.GeneratedJavaParser.BlockStatement(GeneratedJavaParser.java:6611)
  com.github.javaparser.GeneratedJavaParser.Statements(GeneratedJavaParser.java:3114)
  com.github.javaparser.GeneratedJavaParser.Block(GeneratedJavaParser.java:6548)
  com.github.javaparser.GeneratedJavaParser.Statement(GeneratedJavaParser.java:6344)
  com.github.javaparser.GeneratedJavaParser.BlockStatement(GeneratedJavaParser.java:6727)
  com.github.javaparser.GeneratedJavaParser.Statements(GeneratedJavaParser.java:3114)
  com.github.javaparser.GeneratedJavaParser.Block(GeneratedJavaParser.java:6548)
  com.github.javaparser.GeneratedJavaParser.BlockParseStart(GeneratedJavaParser.java:9483)
  com.github.javaparser.JavaParser.parse(JavaParser.java:121)
  com.github.javaparser.JavaParser.parseBlock(JavaParser.java:313)
  de.uka.ilkd.key.java.JavaParserFactory.parseStatementBlock(JavaParserFactory.java:167)
  de.uka.ilkd.key.java.JavaService.recoderBlock(JavaService.java:782)
  de.uka.ilkd.key.java.JavaService.readBlock(JavaService.java:819)
  de.uka.ilkd.key.java.JavaService.readBlockWithEmptyContext(JavaService.java:854)
  de.uka.ilkd.key.nparser.builder.ExpressionBuilder.getJavaBlock(ExpressionBuilder.java:571)
  de.uka.ilkd.key.nparser.builder.ExpressionBuilder.visitModality_term(ExpressionBuilder.java:1074)
  de.uka.ilkd.key.nparser.KeYParser$Modality_termContext.accept(KeYParser.java:4623)
  org.antlr.v4.runtime.tree.AbstractParseTreeVisitor.visitChildren(AbstractParseTreeVisitor.java:46)
  de.uka.ilkd.key.nparser.KeYParserBaseVisitor.visitTerm60(KeYParserBaseVisitor.java:381)
  de.uka.ilkd.key.nparser.KeYParser$Term60Context.accept(KeYParser.java:4485)
  de.uka.ilkd.key.nparser.builder.AbstractBuilder.accept(AbstractBuilder.java:48)
  de.uka.ilkd.key.nparser.builder.DefaultBuilder.accept(DefaultBuilder.java:35)
  de.uka.ilkd.key.nparser.builder.ExpressionBuilder.visitConjunction_term(ExpressionBuilder.java:238)
  de.uka.ilkd.key.nparser.builder.ExpressionBuilder.visitConjunction_term(ExpressionBuilder.java:49)
  de.uka.ilkd.key.nparser.KeYParser$Conjunction_termContext.accept(KeYParser.java:4419)
  de.uka.ilkd.key.nparser.builder.AbstractBuilder.accept(AbstractBuilder.java:48)
  de.uka.ilkd.key.nparser.builder.DefaultBuilder.accept(DefaultBuilder.java:35)
  de.uka.ilkd.key.nparser.builder.ExpressionBuilder.visitDisjunction_term(ExpressionBuilder.java:229)
  de.uka.ilkd.key.nparser.builder.ExpressionBuilder.visitDisjunction_term(ExpressionBuilder.java:49)
  de.uka.ilkd.key.nparser.KeYParser$Disjunction_termContext.accept(KeYParser.java:4346)
  de.uka.ilkd.key.nparser.builder.AbstractBuilder.accept(AbstractBuilder.java:48)
  de.uka.ilkd.key.nparser.builder.DefaultBuilder.accept(DefaultBuilder.java:35)
  de.uka.ilkd.key.nparser.builder.ExpressionBuilder.visitImplication_term(ExpressionBuilder.java:222)
  de.uka.ilkd.key.nparser.builder.ExpressionBuilder.visitImplication_term(ExpressionBuilder.java:49)
  de.uka.ilkd.key.nparser.KeYParser$Implication_termContext.accept(KeYParser.java:4278)
  de.uka.ilkd.key.nparser.builder.AbstractBuilder.accept(AbstractBuilder.java:48)
  de.uka.ilkd.key.nparser.builder.DefaultBuilder.accept(DefaultBuilder.java:35)
  de.uka.ilkd.key.nparser.builder.ExpressionBuilder.visitEquivalence_term(ExpressionBuilder.java:198)
  de.uka.ilkd.key.nparser.builder.ExpressionBuilder.visitEquivalence_term(ExpressionBuilder.java:49)
  de.uka.ilkd.key.nparser.KeYParser$Equivalence_termContext.accept(KeYParser.java:4209)
  de.uka.ilkd.key.nparser.builder.AbstractBuilder.accept(AbstractBuilder.java:48)
  de.uka.ilkd.key.nparser.builder.DefaultBuilder.accept(DefaultBuilder.java:35)
  de.uka.ilkd.key.nparser.builder.ExpressionBuilder.visitElementary_update_term(ExpressionBuilder.java:188)
  de.uka.ilkd.key.nparser.builder.ExpressionBuilder.visitElementary_update_term(ExpressionBuilder.java:49)
  de.uka.ilkd.key.nparser.KeYParser$Elementary_update_termContext.accept(KeYParser.java:4142)
  de.uka.ilkd.key.nparser.builder.AbstractBuilder.lambda$mapOf$0(AbstractBuilder.java:124)
  java.base/java.util.stream.ReferencePipeline$3$1.accept(ReferencePipeline.java:197)
  java.base/java.util.ArrayList$ArrayListSpliterator.forEachRemaining(ArrayList.java:1625)
  java.base/java.util.stream.AbstractPipeline.copyInto(AbstractPipeline.java:509)
  java.base/java.util.stream.AbstractPipeline.wrapAndCopyInto(AbstractPipeline.java:499)
  java.base/java.util.stream.ReduceOps$ReduceOp.evaluateSequential(ReduceOps.java:921)
  java.base/java.util.stream.AbstractPipeline.evaluate(AbstractPipeline.java:234)
  java.base/java.util.stream.ReferencePipeline.collect(ReferencePipeline.java:682)
  de.uka.ilkd.key.nparser.builder.AbstractBuilder.mapOf(AbstractBuilder.java:124)
  de.uka.ilkd.key.nparser.builder.ExpressionBuilder.visitParallel_term(ExpressionBuilder.java:173)
  de.uka.ilkd.key.nparser.builder.ExpressionBuilder.visitParallel_term(ExpressionBuilder.java:49)
  de.uka.ilkd.key.nparser.KeYParser$Parallel_termContext.accept(KeYParser.java:4074)
  org.antlr.v4.runtime.tree.AbstractParseTreeVisitor.visitChildren(AbstractParseTreeVisitor.java:46)
  de.uka.ilkd.key.nparser.KeYParserBaseVisitor.visitTerm(KeYParserBaseVisitor.java:332)
  de.uka.ilkd.key.nparser.KeYParser$TermContext.accept(KeYParser.java:4020)
  de.uka.ilkd.key.nparser.builder.AbstractBuilder.accept(AbstractBuilder.java:48)
  de.uka.ilkd.key.nparser.builder.DefaultBuilder.accept(DefaultBuilder.java:35)
  de.uka.ilkd.key.nparser.builder.ExpressionBuilder.visitTermorseq(ExpressionBuilder.java:511)
  de.uka.ilkd.key.nparser.KeYParser$TermorseqContext.accept(KeYParser.java:8199)
  de.uka.ilkd.key.nparser.builder.AbstractBuilder.accept(AbstractBuilder.java:48)
  de.uka.ilkd.key.nparser.builder.DefaultBuilder.accept(DefaultBuilder.java:35)
  de.uka.ilkd.key.nparser.builder.TacletPBuilder.visitTaclet(TacletPBuilder.java:195)
  de.uka.ilkd.key.nparser.builder.TacletPBuilder.visitTaclet(TacletPBuilder.java:41)
  de.uka.ilkd.key.nparser.KeYParser$TacletContext.accept(KeYParser.java:7771)
  de.uka.ilkd.key.nparser.builder.AbstractBuilder.lambda$mapOf$0(AbstractBuilder.java:124)
  java.base/java.util.stream.ReferencePipeline$3$1.accept(ReferencePipeline.java:197)
  java.base/java.util.ArrayList$ArrayListSpliterator.forEachRemaining(ArrayList.java:1625)
  java.base/java.util.stream.AbstractPipeline.copyInto(AbstractPipeline.java:509)
  java.base/java.util.stream.AbstractPipeline.wrapAndCopyInto(AbstractPipeline.java:499)
  java.base/java.util.stream.ReduceOps$ReduceOp.evaluateSequential(ReduceOps.java:921)
  java.base/java.util.stream.AbstractPipeline.evaluate(AbstractPipeline.java:234)
  java.base/java.util.stream.ReferencePipeline.collect(ReferencePipeline.java:682)
  de.uka.ilkd.key.nparser.builder.AbstractBuilder.mapOf(AbstractBuilder.java:124)
  de.uka.ilkd.key.nparser.builder.TacletPBuilder.visitRulesOrAxioms(TacletPBuilder.java:95)
  de.uka.ilkd.key.nparser.KeYParser$RulesOrAxiomsContext.accept(KeYParser.java:10795)
  de.uka.ilkd.key.nparser.builder.AbstractBuilder.lambda$mapOf$0(AbstractBuilder.java:124)
  java.base/java.util.stream.ReferencePipeline$3$1.accept(ReferencePipeline.java:197)
  java.base/java.util.ArrayList$ArrayListSpliterator.forEachRemaining(ArrayList.java:1625)
  java.base/java.util.stream.AbstractPipeline.copyInto(AbstractPipeline.java:509)
  java.base/java.util.stream.AbstractPipeline.wrapAndCopyInto(AbstractPipeline.java:499)
  java.base/java.util.stream.ReduceOps$ReduceOp.evaluateSequential(ReduceOps.java:921)
  java.base/java.util.stream.AbstractPipeline.evaluate(AbstractPipeline.java:234)
  java.base/java.util.stream.ReferencePipeline.collect(ReferencePipeline.java:682)
  de.uka.ilkd.key.nparser.builder.AbstractBuilder.mapOf(AbstractBuilder.java:124)
  de.uka.ilkd.key.nparser.builder.TacletPBuilder.visitDecls(TacletPBuilder.java:76)
  de.uka.ilkd.key.nparser.KeYParser$DeclsContext.accept(KeYParser.java:515)
  org.antlr.v4.runtime.tree.AbstractParseTreeVisitor.visitChildren(AbstractParseTreeVisitor.java:46)
  de.uka.ilkd.key.nparser.KeYParserBaseVisitor.visitFile(KeYParserBaseVisitor.java:24)
  de.uka.ilkd.key.nparser.KeYParser$FileContext.accept(KeYParser.java:313)
  de.uka.ilkd.key.nparser.KeyAst.accept(KeyAst.java:43)
  de.uka.ilkd.key.nparser.KeyIO$Loader.loadTaclets(KeyIO.java:340)
  de.uka.ilkd.key.nparser.KeyIO$Loader.loadComplete(KeyIO.java:243)
  de.uka.ilkd.key.proof.io.KeYFileForTests.read(KeYFileForTests.java:53)
  de.uka.ilkd.key.proof.init.ProblemInitializer.readEnvInput(ProblemInitializer.java:323)
  de.uka.ilkd.key.proof.init.ProblemInitializer.prepare(ProblemInitializer.java:561)
  de.uka.ilkd.key.proof.init.ProblemInitializer.prepare(ProblemInitializer.java:471)
  de.uka.ilkd.key.rule.TacletForTests.parse(TacletForTests.java:80)
  de.uka.ilkd.key.rule.TacletForTests.parse(TacletForTests.java:125)
  de.uka.ilkd.key.rule.TacletForTests.parse(TacletForTests.java:129)
  de.uka.ilkd.key.rule.TestMatchTaclet.setUp(TestMatchTaclet.java:60)
  java.base/jdk.internal.reflect.NativeMethodAccessorImpl.invoke0(Native Method)
  java.base/jdk.internal.reflect.NativeMethodAccessorImpl.invoke(NativeMethodAccessorImpl.java:77)
  java.base/jdk.internal.reflect.DelegatingMethodAccessorImpl.invoke(DelegatingMethodAccessorImpl.java:43)
  java.base/java.lang.reflect.Method.invoke(Method.java:568)
  org.junit.platform.commons.util.ReflectionUtils.invokeMethod(ReflectionUtils.java:727)
  org.junit.jupiter.engine.execution.MethodInvocation.proceed(MethodInvocation.java:60)
  org.junit.jupiter.engine.execution.InvocationInterceptorChain$ValidatingInvocation.proceed(InvocationInterceptorChain.java:131)
  org.junit.jupiter.engine.extension.TimeoutExtension.intercept(TimeoutExtension.java:156)
  org.junit.jupiter.engine.extension.TimeoutExtension.interceptLifecycleMethod(TimeoutExtension.java:128)
  org.junit.jupiter.engine.extension.TimeoutExtension.interceptBeforeEachMethod(TimeoutExtension.java:78)
  org.junit.jupiter.engine.execution.InterceptingExecutableInvoker$ReflectiveInterceptorCall.lambda$ofVoidMethod$0(InterceptingExecutableInvoker.java:103)
  org.junit.jupiter.engine.execution.InterceptingExecutableInvoker.lambda$invoke$0(InterceptingExecutableInvoker.java:93)
  org.junit.jupiter.engine.execution.InvocationInterceptorChain$InterceptedInvocation.proceed(InvocationInterceptorChain.java:106)
  org.junit.jupiter.engine.execution.InvocationInterceptorChain.proceed(InvocationInterceptorChain.java:64)
  org.junit.jupiter.engine.execution.InvocationInterceptorChain.chainAndInvoke(InvocationInterceptorChain.java:45)
  org.junit.jupiter.engine.execution.InvocationInterceptorChain.invoke(InvocationInterceptorChain.java:37)
  org.junit.jupiter.engine.execution.InterceptingExecutableInvoker.invoke(InterceptingExecutableInvoker.java:92)
  org.junit.jupiter.engine.execution.InterceptingExecutableInvoker.invoke(InterceptingExecutableInvoker.java:86)
  org.junit.jupiter.engine.descriptor.ClassBasedTestDescriptor.invokeMethodInExtensionContext(ClassBasedTestDescriptor.java:520)
  org.junit.jupiter.engine.descriptor.ClassBasedTestDescriptor.lambda$synthesizeBeforeEachMethodAdapter$23(ClassBasedTestDescriptor.java:505)
  org.junit.jupiter.engine.descriptor.TestMethodTestDescriptor.lambda$invokeBeforeEachMethods$3(TestMethodTestDescriptor.java:174)
  org.junit.jupiter.engine.descriptor.TestMethodTestDescriptor.lambda$invokeBeforeMethodsOrCallbacksUntilExceptionOccurs$6(TestMethodTestDescriptor.java:202)
  org.junit.platform.engine.support.hierarchical.ThrowableCollector.execute(ThrowableCollector.java:73)
  org.junit.jupiter.engine.descriptor.TestMethodTestDescriptor.invokeBeforeMethodsOrCallbacksUntilExceptionOccurs(TestMethodTestDescriptor.java:202)
  org.junit.jupiter.engine.descriptor.TestMethodTestDescriptor.invokeBeforeEachMethods(TestMethodTestDescriptor.java:171)
  org.junit.jupiter.engine.descriptor.TestMethodTestDescriptor.execute(TestMethodTestDescriptor.java:134)
  org.junit.jupiter.engine.descriptor.TestMethodTestDescriptor.execute(TestMethodTestDescriptor.java:68)
  org.junit.platform.engine.support.hierarchical.NodeTestTask.lambda$executeRecursively$6(NodeTestTask.java:151)
  org.junit.platform.engine.support.hierarchical.ThrowableCollector.execute(ThrowableCollector.java:73)
  org.junit.platform.engine.support.hierarchical.NodeTestTask.lambda$executeRecursively$8(NodeTestTask.java:141)
  org.junit.platform.engine.support.hierarchical.Node.around(Node.java:137)
  org.junit.platform.engine.support.hierarchical.NodeTestTask.lambda$executeRecursively$9(NodeTestTask.java:139)
  org.junit.platform.engine.support.hierarchical.ThrowableCollector.execute(ThrowableCollector.java:73)
  org.junit.platform.engine.support.hierarchical.NodeTestTask.executeRecursively(NodeTestTask.java:138)
  org.junit.platform.engine.support.hierarchical.NodeTestTask.execute(NodeTestTask.java:95)
  java.base/java.util.ArrayList.forEach(ArrayList.java:1511)
  org.junit.platform.engine.support.hierarchical.SameThreadHierarchicalTestExecutorService.invokeAll(SameThreadHierarchicalTestExecutorService.java:41)
  org.junit.platform.engine.support.hierarchical.NodeTestTask.lambda$executeRecursively$6(NodeTestTask.java:155)
  org.junit.platform.engine.support.hierarchical.ThrowableCollector.execute(ThrowableCollector.java:73)
  org.junit.platform.engine.support.hierarchical.NodeTestTask.lambda$executeRecursively$8(NodeTestTask.java:141)
  org.junit.platform.engine.support.hierarchical.Node.around(Node.java:137)
  org.junit.platform.engine.support.hierarchical.NodeTestTask.lambda$executeRecursively$9(NodeTestTask.java:139)
  org.junit.platform.engine.support.hierarchical.ThrowableCollector.execute(ThrowableCollector.java:73)
  org.junit.platform.engine.support.hierarchical.NodeTestTask.executeRecursively(NodeTestTask.java:138)
  org.junit.platform.engine.support.hierarchical.NodeTestTask.execute(NodeTestTask.java:95)
  java.base/java.util.ArrayList.forEach(ArrayList.java:1511)
  org.junit.platform.engine.support.hierarchical.SameThreadHierarchicalTestExecutorService.invokeAll(SameThreadHierarchicalTestExecutorService.java:41)
  org.junit.platform.engine.support.hierarchical.NodeTestTask.lambda$executeRecursively$6(NodeTestTask.java:155)
  org.junit.platform.engine.support.hierarchical.ThrowableCollector.execute(ThrowableCollector.java:73)
  org.junit.platform.engine.support.hierarchical.NodeTestTask.lambda$executeRecursively$8(NodeTestTask.java:141)
  org.junit.platform.engine.support.hierarchical.Node.around(Node.java:137)
  org.junit.platform.engine.support.hierarchical.NodeTestTask.lambda$executeRecursively$9(NodeTestTask.java:139)
  org.junit.platform.engine.support.hierarchical.ThrowableCollector.execute(ThrowableCollector.java:73)
  org.junit.platform.engine.support.hierarchical.NodeTestTask.executeRecursively(NodeTestTask.java:138)
  org.junit.platform.engine.support.hierarchical.NodeTestTask.execute(NodeTestTask.java:95)
  org.junit.platform.engine.support.hierarchical.SameThreadHierarchicalTestExecutorService.submit(SameThreadHierarchicalTestExecutorService.java:35)
  org.junit.platform.engine.support.hierarchical.HierarchicalTestExecutor.execute(HierarchicalTestExecutor.java:57)
  org.junit.platform.engine.support.hierarchical.HierarchicalTestEngine.execute(HierarchicalTestEngine.java:54)
  org.junit.platform.launcher.core.EngineExecutionOrchestrator.execute(EngineExecutionOrchestrator.java:107)
  org.junit.platform.launcher.core.EngineExecutionOrchestrator.execute(EngineExecutionOrchestrator.java:88)
  org.junit.platform.launcher.core.EngineExecutionOrchestrator.lambda$execute$0(EngineExecutionOrchestrator.java:54)
  org.junit.platform.launcher.core.EngineExecutionOrchestrator.withInterceptedStreams(EngineExecutionOrchestrator.java:67)
  org.junit.platform.launcher.core.EngineExecutionOrchestrator.execute(EngineExecutionOrchestrator.java:52)
  org.junit.platform.launcher.core.DefaultLauncher.execute(DefaultLauncher.java:114)
  org.junit.platform.launcher.core.DefaultLauncher.execute(DefaultLauncher.java:86)
  org.junit.platform.launcher.core.DefaultLauncherSession$DelegatingLauncher.execute(DefaultLauncherSession.java:86)
  org.gradle.api.internal.tasks.testing.junitplatform.JUnitPlatformTestClassProcessor$CollectAllTestClassesExecutor.processAllTestClasses(JUnitPlatformTestClassProcessor.java:110)
  org.gradle.api.internal.tasks.testing.junitplatform.JUnitPlatformTestClassProcessor$CollectAllTestClassesExecutor.access$000(JUnitPlatformTestClassProcessor.java:90)
  org.gradle.api.internal.tasks.testing.junitplatform.JUnitPlatformTestClassProcessor.stop(JUnitPlatformTestClassProcessor.java:85)
  org.gradle.api.internal.tasks.testing.SuiteTestClassProcessor.stop(SuiteTestClassProcessor.java:62)
  java.base/jdk.internal.reflect.NativeMethodAccessorImpl.invoke0(Native Method)
  java.base/jdk.internal.reflect.NativeMethodAccessorImpl.invoke(NativeMethodAccessorImpl.java:77)
  java.base/jdk.internal.reflect.DelegatingMethodAccessorImpl.invoke(DelegatingMethodAccessorImpl.java:43)
  java.base/java.lang.reflect.Method.invoke(Method.java:568)
  org.gradle.internal.dispatch.ReflectionDispatch.dispatch(ReflectionDispatch.java:36)
  org.gradle.internal.dispatch.ReflectionDispatch.dispatch(ReflectionDispatch.java:24)
  org.gradle.internal.dispatch.ContextClassLoaderDispatch.dispatch(ContextClassLoaderDispatch.java:33)
  org.gradle.internal.dispatch.ProxyDispatchAdapter$DispatchingInvocationHandler.invoke(ProxyDispatchAdapter.java:94)
  jdk.proxy2/jdk.proxy2.$Proxy5.stop(Unknown Source)
  org.gradle.api.internal.tasks.testing.worker.TestWorker$3.run(TestWorker.java:193)
  org.gradle.api.internal.tasks.testing.worker.TestWorker.executeAndMaintainThreadName(TestWorker.java:129)
  org.gradle.api.internal.tasks.testing.worker.TestWorker.execute(TestWorker.java:100)
  org.gradle.api.internal.tasks.testing.worker.TestWorker.execute(TestWorker.java:60)
  org.gradle.process.internal.worker.child.ActionExecutionWorker.execute(ActionExecutionWorker.java:56)
  org.gradle.process.internal.worker.child.SystemApplicationClassLoaderWorker.call(SystemApplicationClassLoaderWorker.java:113)
  org.gradle.process.internal.worker.child.SystemApplicationClassLoaderWorker.call(SystemApplicationClassLoaderWorker.java:65)
  worker.org.gradle.process.internal.worker.GradleWorkerMain.run(GradleWorkerMain.java:69)
  worker.org.gradle.process.internal.worker.GradleWorkerMain.main(GradleWorkerMain.java:74). com.github.javaparser.ParseException: Encountered unexpected token: "}" "}"
    at line 1, column 22.

Was expecting one of:

    ","
    ";"
    "="
    "@"
    "["

	at com.github.javaparser.GeneratedJavaParser.generateParseException(GeneratedJavaParser.java:18340)

93906      ERROR Test worker     d.u.i.k.n.b.TacletPBuilder Error in parsing taclet. de.uka.ilkd.key.util.parsing.BuildingExceptions: Multiple errors occured
	at de.uka.ilkd.key.java.JavaService.reportErrors(JavaService.java:219)

93912      DEBUG Test worker     d.u.i.k.n.KeyIO           MODE: taclets took 64ms 
94095      ERROR Test worker     d.u.i.k.j.KeYJPMapping    Duplicate registration of node: boolean, formerNode: /*@ pure @*/
boolean 
94099      ERROR Test worker     d.u.i.k.j.KeYJPMapping    Duplicate registration of node: Object, formerNode: java.lang.Object 
94100      ERROR Test worker     d.u.i.k.j.KeYJPMapping    Duplicate registration of node: Object, formerNode: java.lang.Object 
94101      ERROR Test worker     d.u.i.k.j.KeYJPMapping    Duplicate registration of node: Annotation, formerNode: Annotation 
94103      ERROR Test worker     d.u.i.k.j.KeYJPMapping    Duplicate registration of node: ArithmeticException, formerNode: ArithmeticException 
94105      ERROR Test worker     d.u.i.k.j.KeYJPMapping    Duplicate registration of node: ArrayIndexOutOfBoundsException, formerNode: ArrayIndexOutOfBoundsException 
94106      ERROR Test worker     d.u.i.k.j.KeYJPMapping    Duplicate registration of node: ArrayStoreException, formerNode: ArrayStoreException 
94108      ERROR Test worker     d.u.i.k.j.KeYJPMapping    Duplicate registration of node: AssertionError, formerNode: AssertionError 
94110      ERROR Test worker     d.u.i.k.j.KeYJPMapping    Duplicate registration of node: Character, formerNode: Character 
94110      ERROR Test worker     d.u.i.k.j.KeYJPMapping    Duplicate registration of node: Class, formerNode: java.lang.Class 
94111      ERROR Test worker     d.u.i.k.j.KeYJPMapping    Duplicate registration of node: Class, formerNode: java.lang.Class 
94112      ERROR Test worker     d.u.i.k.j.KeYJPMapping    Duplicate registration of node: ClassCastException, formerNode: ClassCastException 
94113      ERROR Test worker     d.u.i.k.j.KeYJPMapping    Duplicate registration of node: CloneNotSupportedException, formerNode: CloneNotSupportedException 
94114      ERROR Test worker     d.u.i.k.j.KeYJPMapping    Duplicate registration of node: Cloneable, formerNode: Cloneable 
94115      ERROR Test worker     d.u.i.k.j.KeYJPMapping    Duplicate registration of node: Comparable, formerNode: Comparable 
94116      ERROR Test worker     d.u.i.k.j.KeYJPMapping    Duplicate registration of node: Double, formerNode: Double 
94118      ERROR Test worker     d.u.i.k.j.KeYJPMapping    Duplicate registration of node: Enum, formerNode: java.lang.Enum 
94118      ERROR Test worker     d.u.i.k.j.KeYJPMapping    Duplicate registration of node: Enum, formerNode: java.lang.Enum 
94121      ERROR Test worker     d.u.i.k.j.KeYJPMapping    Duplicate registration of node: Error, formerNode: Error 
94122      ERROR Test worker     d.u.i.k.j.KeYJPMapping    Duplicate registration of node: Exception, formerNode: Exception 
94125      ERROR Test worker     d.u.i.k.j.KeYJPMapping    Duplicate registration of node: ExceptionInInitializerError, formerNode: java.lang.ExceptionInInitializerError 
94125      ERROR Test worker     d.u.i.k.j.KeYJPMapping    Duplicate registration of node: ExceptionInInitializerError, formerNode: java.lang.ExceptionInInitializerError 
94126      ERROR Test worker     d.u.i.k.j.KeYJPMapping    Duplicate registration of node: Float, formerNode: Float 
94128      ERROR Test worker     d.u.i.k.j.KeYJPMapping    Duplicate registration of node: IllegalArgumentException, formerNode: IllegalArgumentException 
94130      ERROR Test worker     d.u.i.k.j.KeYJPMapping    Duplicate registration of node: IndexOutOfBoundsException, formerNode: IndexOutOfBoundsException 
94147      ERROR Test worker     d.u.i.k.j.KeYJPMapping    Duplicate registration of node: Integer, formerNode: java.lang.Integer 
94147      ERROR Test worker     d.u.i.k.j.KeYJPMapping    Duplicate registration of node: Integer, formerNode: java.lang.Integer 
94149      ERROR Test worker     d.u.i.k.j.KeYJPMapping    Duplicate registration of node: InterruptedException, formerNode: InterruptedException 
94151      ERROR Test worker     d.u.i.k.j.KeYJPMapping    Duplicate registration of node: Iterable, formerNode: Iterable 
94152      ERROR Test worker     d.u.i.k.j.KeYJPMapping    Duplicate registration of node: LinkageError, formerNode: LinkageError 
94163      ERROR Test worker     d.u.i.k.j.KeYJPMapping    Duplicate registration of node: Math, formerNode: Math 
94164      ERROR Test worker     d.u.i.k.j.KeYJPMapping    Duplicate registration of node: NegativeArraySizeException, formerNode: NegativeArraySizeException 
94165      ERROR Test worker     d.u.i.k.j.KeYJPMapping    Duplicate registration of node: NoClassDefFoundError, formerNode: java.lang.NoClassDefFoundError 
94166      ERROR Test worker     d.u.i.k.j.KeYJPMapping    Duplicate registration of node: NoClassDefFoundError, formerNode: java.lang.NoClassDefFoundError 
94167      ERROR Test worker     d.u.i.k.j.KeYJPMapping    Duplicate registration of node: NullPointerException, formerNode: NullPointerException 
94169      ERROR Test worker     d.u.i.k.j.KeYJPMapping    Duplicate registration of node: Number, formerNode: Number 
94171      ERROR Test worker     d.u.i.k.j.KeYJPMapping    Duplicate registration of node: NumberFormatException, formerNode: NumberFormatException 
94173      ERROR Test worker     d.u.i.k.j.KeYJPMapping    Duplicate registration of node: VirtualMachineError, formerNode: VirtualMachineError 
94175      ERROR Test worker     d.u.i.k.j.KeYJPMapping    Duplicate registration of node: OutOfMemoryError, formerNode: OutOfMemoryError 
94176      ERROR Test worker     d.u.i.k.j.KeYJPMapping    Duplicate registration of node: Runnable, formerNode: Runnable 
94178      ERROR Test worker     d.u.i.k.j.KeYJPMapping    Duplicate registration of node: RuntimeException, formerNode: RuntimeException 
94178      ERROR Test worker     d.u.i.k.j.KeYJPMapping    Duplicate registration of node: /*@pure*/
int, formerNode: int 
94182      ERROR Test worker     d.u.i.k.j.KeYJPMapping    Duplicate registration of node: /*@ helper */
int, formerNode: int 
94182      ERROR Test worker     d.u.i.k.j.KeYJPMapping    Duplicate registration of node: /*@ helper */
boolean, formerNode: /*@ pure @*/
boolean 
94193      ERROR Test worker     d.u.i.k.j.KeYJPMapping    Duplicate registration of node: /*@ helper */
java.lang.String, formerNode: java.lang.String 
94205      ERROR Test worker     d.u.i.k.j.KeYJPMapping    Duplicate registration of node: String, formerNode: java.lang.String 
94226      ERROR Test worker     d.u.i.k.j.KeYJPMapping    Duplicate registration of node: String, formerNode: java.lang.String 
94230      ERROR Test worker     d.u.i.k.j.KeYJPMapping    Duplicate registration of node: char, formerNode: /*@ helper */
char 
94233      ERROR Test worker     d.u.i.k.j.KeYJPMapping    Duplicate registration of node: StringBuffer, formerNode: StringBuffer 
94236      ERROR Test worker     d.u.i.k.j.KeYJPMapping    Duplicate registration of node: System, formerNode: System 
94237      ERROR Test worker     d.u.i.k.j.KeYJPMapping    Duplicate registration of node: Thread, formerNode: Thread 
94241      ERROR Test worker     d.u.i.k.j.KeYJPMapping    Duplicate registration of node: Throwable, formerNode: java.lang.Throwable 
94242      ERROR Test worker     d.u.i.k.j.KeYJPMapping    Duplicate registration of node: Throwable, formerNode: java.lang.Throwable 
94248      ERROR Test worker     d.u.i.k.j.KeYJPMapping    Duplicate registration of node: Collection, formerNode: Collection 
94249      ERROR Test worker     d.u.i.k.j.KeYJPMapping    Duplicate registration of node: Iterator, formerNode: java.util.Iterator 
94249      ERROR Test worker     d.u.i.k.j.KeYJPMapping    Duplicate registration of node: Iterator, formerNode: java.util.Iterator 
94254      ERROR Test worker     d.u.i.k.j.KeYJPMapping    Duplicate registration of node: List, formerNode: java.util.List 
94255      ERROR Test worker     d.u.i.k.j.KeYJPMapping    Duplicate registration of node: List, formerNode: java.util.List 
94257      ERROR Test worker     d.u.i.k.j.KeYJPMapping    Duplicate registration of node: ListIterator, formerNode: java.util.ListIterator 
94258      ERROR Test worker     d.u.i.k.j.KeYJPMapping    Duplicate registration of node: ListIterator, formerNode: java.util.ListIterator 
94259      ERROR Test worker     d.u.i.k.j.KeYJPMapping    Duplicate registration of node: Long, formerNode: Long 
94260      ERROR Test worker     d.u.i.k.j.KeYJPMapping    Duplicate registration of node: Boolean, formerNode: Boolean 
94266      ERROR Test worker     d.u.i.k.j.KeYJPMapping    Duplicate registration of node: Map, formerNode: Map 
94271      ERROR Test worker     d.u.i.k.j.KeYJPMapping    Duplicate registration of node: Set, formerNode: java.util.Set 
94271      ERROR Test worker     d.u.i.k.j.KeYJPMapping    Duplicate registration of node: Set, formerNode: java.util.Set 
94273      ERROR Test worker     d.u.i.k.j.KeYJPMapping    Duplicate registration of node: FilterOutputStream, formerNode: FilterOutputStream 
94274      ERROR Test worker     d.u.i.k.j.KeYJPMapping    Duplicate registration of node: InputStream, formerNode: java.io.InputStream 
94274      ERROR Test worker     d.u.i.k.j.KeYJPMapping    Duplicate registration of node: InputStream, formerNode: java.io.InputStream 
94277      ERROR Test worker     d.u.i.k.j.KeYJPMapping    Duplicate registration of node: IOException, formerNode: IOException 
94277      ERROR Test worker     d.u.i.k.j.KeYJPMapping    Duplicate registration of node: OutputStream, formerNode: java.io.OutputStream 
94278      ERROR Test worker     d.u.i.k.j.KeYJPMapping    Duplicate registration of node: OutputStream, formerNode: java.io.OutputStream 
94284      ERROR Test worker     d.u.i.k.j.KeYJPMapping    Duplicate registration of node: PrintStream, formerNode: java.io.PrintStream 
94284      ERROR Test worker     d.u.i.k.j.KeYJPMapping    Duplicate registration of node: PrintStream, formerNode: java.io.PrintStream 
94285      ERROR Test worker     d.u.i.k.j.KeYJPMapping    Duplicate registration of node: Serializable, formerNode: Serializable 
94286      ERROR Test worker     d.u.i.k.j.KeYJPMapping    Duplicate registration of node: BigInteger, formerNode: java.math.BigInteger 
94289      ERROR Test worker     d.u.i.k.j.KeYJPMapping    Duplicate registration of node: BigInteger, formerNode: java.math.BigInteger 
94290      ERROR Test worker     d.u.i.k.j.KeYJPMapping    Duplicate registration of node: ArrayList, formerNode: ArrayList 
94293      ERROR Test worker     d.u.i.k.j.KeYJPMapping    Duplicate registration of node: byte[], formerNode: byte[] 
94314      ERROR Test worker     d.u.i.k.j.KeYJPMapping    Duplicate registration of node: Arrays, formerNode: Arrays 
94315      ERROR Test worker     d.u.i.k.j.KeYJPMapping    Duplicate registration of node: ListIteratorImpl, formerNode: ListIteratorImpl 
94316      ERROR Test worker     d.u.i.k.j.KeYJPMapping    Duplicate registration of node: Date, formerNode: Date 
94317      ERROR Test worker     d.u.i.k.j.KeYJPMapping    Duplicate registration of node: LinkedHashMap, formerNode: LinkedHashMap 
94318      ERROR Test worker     d.u.i.k.j.KeYJPMapping    Duplicate registration of node: /*@pure@*/
String, formerNode: /*@strictly_pure*/
java.lang.String 
94319      ERROR Test worker     d.u.i.k.j.KeYJPMapping    Duplicate registration of node: LinkedList, formerNode: LinkedList 
94408      INFO  Test worker     d.u.i.k.n.KeyIO           Parsing took 3 ms 
94408      DEBUG Test worker     d.u.i.k.n.KeyIO           Load declarations of de.uka.ilkd.key.nparser.KeyAst$File:  /home/runner/work/key/key/key.core/src/test/resources/testcase/../de/uka/ilkd/key/rule/testRuleMatch.txt:8#1 
94409      INFO  Test worker     d.u.i.k.n.KeyIO           MODE: declarations took 1 ms 
94409      DEBUG Test worker     d.u.i.k.n.KeyIO           MODE: 2nd degree decls took 0 
94450      ERROR Test worker     d.u.i.k.j.JavaService     Error in (line 1,col 11) Parse error. Found "}", expected one of  "," ";" "=" "@" "["
Problem stacktrace : 
  com.github.javaparser.GeneratedJavaParser.generateParseException(GeneratedJavaParser.java:18340)
  com.github.javaparser.GeneratedJavaParser.jj_consume_token(GeneratedJavaParser.java:18179)
  com.github.javaparser.GeneratedJavaParser.BlockStatement(GeneratedJavaParser.java:6611)
  com.github.javaparser.GeneratedJavaParser.Statements(GeneratedJavaParser.java:3114)
  com.github.javaparser.GeneratedJavaParser.Block(GeneratedJavaParser.java:6548)
  com.github.javaparser.GeneratedJavaParser.Statement(GeneratedJavaParser.java:6344)
  com.github.javaparser.GeneratedJavaParser.BlockStatement(GeneratedJavaParser.java:6727)
  com.github.javaparser.GeneratedJavaParser.Statements(GeneratedJavaParser.java:3114)
  com.github.javaparser.GeneratedJavaParser.Block(GeneratedJavaParser.java:6548)
  com.github.javaparser.GeneratedJavaParser.BlockParseStart(GeneratedJavaParser.java:9483)
  com.github.javaparser.JavaParser.parse(JavaParser.java:121)
  com.github.javaparser.JavaParser.parseBlock(JavaParser.java:313)
  de.uka.ilkd.key.java.JavaParserFactory.parseStatementBlock(JavaParserFactory.java:167)
  de.uka.ilkd.key.java.JavaService.recoderBlock(JavaService.java:782)
  de.uka.ilkd.key.java.JavaService.readBlock(JavaService.java:819)
  de.uka.ilkd.key.java.JavaService.readBlockWithProgramVariables(JavaService.java:875)
  de.uka.ilkd.key.nparser.builder.ExpressionBuilder.getJavaBlock(ExpressionBuilder.java:568)
  de.uka.ilkd.key.nparser.builder.ExpressionBuilder.visitModality_term(ExpressionBuilder.java:1074)
  de.uka.ilkd.key.nparser.KeYParser$Modality_termContext.accept(KeYParser.java:4623)
  org.antlr.v4.runtime.tree.AbstractParseTreeVisitor.visitChildren(AbstractParseTreeVisitor.java:46)
  de.uka.ilkd.key.nparser.KeYParserBaseVisitor.visitTerm60(KeYParserBaseVisitor.java:381)
  de.uka.ilkd.key.nparser.KeYParser$Term60Context.accept(KeYParser.java:4485)
  de.uka.ilkd.key.nparser.builder.AbstractBuilder.accept(AbstractBuilder.java:48)
  de.uka.ilkd.key.nparser.builder.DefaultBuilder.accept(DefaultBuilder.java:35)
  de.uka.ilkd.key.nparser.builder.ExpressionBuilder.visitConjunction_term(ExpressionBuilder.java:238)
  de.uka.ilkd.key.nparser.builder.ExpressionBuilder.visitConjunction_term(ExpressionBuilder.java:49)
  de.uka.ilkd.key.nparser.KeYParser$Conjunction_termContext.accept(KeYParser.java:4419)
  de.uka.ilkd.key.nparser.builder.AbstractBuilder.accept(AbstractBuilder.java:48)
  de.uka.ilkd.key.nparser.builder.DefaultBuilder.accept(DefaultBuilder.java:35)
  de.uka.ilkd.key.nparser.builder.ExpressionBuilder.visitDisjunction_term(ExpressionBuilder.java:229)
  de.uka.ilkd.key.nparser.builder.ExpressionBuilder.visitDisjunction_term(ExpressionBuilder.java:49)
  de.uka.ilkd.key.nparser.KeYParser$Disjunction_termContext.accept(KeYParser.java:4346)
  de.uka.ilkd.key.nparser.builder.AbstractBuilder.accept(AbstractBuilder.java:48)
  de.uka.ilkd.key.nparser.builder.DefaultBuilder.accept(DefaultBuilder.java:35)
  de.uka.ilkd.key.nparser.builder.ExpressionBuilder.visitImplication_term(ExpressionBuilder.java:222)
  de.uka.ilkd.key.nparser.builder.ExpressionBuilder.visitImplication_term(ExpressionBuilder.java:49)
  de.uka.ilkd.key.nparser.KeYParser$Implication_termContext.accept(KeYParser.java:4278)
  de.uka.ilkd.key.nparser.builder.AbstractBuilder.accept(AbstractBuilder.java:48)
  de.uka.ilkd.key.nparser.builder.DefaultBuilder.accept(DefaultBuilder.java:35)
  de.uka.ilkd.key.nparser.builder.ExpressionBuilder.visitEquivalence_term(ExpressionBuilder.java:198)
  de.uka.ilkd.key.nparser.builder.ExpressionBuilder.visitEquivalence_term(ExpressionBuilder.java:49)
  de.uka.ilkd.key.nparser.KeYParser$Equivalence_termContext.accept(KeYParser.java:4209)
  de.uka.ilkd.key.nparser.builder.AbstractBuilder.accept(AbstractBuilder.java:48)
  de.uka.ilkd.key.nparser.builder.DefaultBuilder.accept(DefaultBuilder.java:35)
  de.uka.ilkd.key.nparser.builder.ExpressionBuilder.visitElementary_update_term(ExpressionBuilder.java:188)
  de.uka.ilkd.key.nparser.builder.ExpressionBuilder.visitElementary_update_term(ExpressionBuilder.java:49)
  de.uka.ilkd.key.nparser.KeYParser$Elementary_update_termContext.accept(KeYParser.java:4142)
  de.uka.ilkd.key.nparser.builder.AbstractBuilder.lambda$mapOf$0(AbstractBuilder.java:124)
  java.base/java.util.stream.ReferencePipeline$3$1.accept(ReferencePipeline.java:197)
  java.base/java.util.ArrayList$ArrayListSpliterator.forEachRemaining(ArrayList.java:1625)
  java.base/java.util.stream.AbstractPipeline.copyInto(AbstractPipeline.java:509)
  java.base/java.util.stream.AbstractPipeline.wrapAndCopyInto(AbstractPipeline.java:499)
  java.base/java.util.stream.ReduceOps$ReduceOp.evaluateSequential(ReduceOps.java:921)
  java.base/java.util.stream.AbstractPipeline.evaluate(AbstractPipeline.java:234)
  java.base/java.util.stream.ReferencePipeline.collect(ReferencePipeline.java:682)
  de.uka.ilkd.key.nparser.builder.AbstractBuilder.mapOf(AbstractBuilder.java:124)
  de.uka.ilkd.key.nparser.builder.ExpressionBuilder.visitParallel_term(ExpressionBuilder.java:173)
  de.uka.ilkd.key.nparser.builder.ExpressionBuilder.visitParallel_term(ExpressionBuilder.java:49)
  de.uka.ilkd.key.nparser.KeYParser$Parallel_termContext.accept(KeYParser.java:4074)
  org.antlr.v4.runtime.tree.AbstractParseTreeVisitor.visitChildren(AbstractParseTreeVisitor.java:46)
  de.uka.ilkd.key.nparser.KeYParserBaseVisitor.visitTerm(KeYParserBaseVisitor.java:332)
  de.uka.ilkd.key.nparser.KeYParser$TermContext.accept(KeYParser.java:4020)
  de.uka.ilkd.key.nparser.builder.AbstractBuilder.accept(AbstractBuilder.java:48)
  de.uka.ilkd.key.nparser.builder.DefaultBuilder.accept(DefaultBuilder.java:35)
  de.uka.ilkd.key.nparser.builder.ExpressionBuilder.visitTermorseq(ExpressionBuilder.java:511)
  de.uka.ilkd.key.nparser.KeYParser$TermorseqContext.accept(KeYParser.java:8199)
  de.uka.ilkd.key.nparser.builder.AbstractBuilder.accept(AbstractBuilder.java:48)
  de.uka.ilkd.key.nparser.builder.DefaultBuilder.accept(DefaultBuilder.java:35)
  de.uka.ilkd.key.nparser.builder.TacletPBuilder.visitTaclet(TacletPBuilder.java:195)
  de.uka.ilkd.key.nparser.builder.TacletPBuilder.visitTaclet(TacletPBuilder.java:41)
  de.uka.ilkd.key.nparser.KeYParser$TacletContext.accept(KeYParser.java:7771)
  de.uka.ilkd.key.nparser.builder.AbstractBuilder.lambda$mapOf$0(AbstractBuilder.java:124)
  java.base/java.util.stream.ReferencePipeline$3$1.accept(ReferencePipeline.java:197)
  java.base/java.util.ArrayList$ArrayListSpliterator.forEachRemaining(ArrayList.java:1625)
  java.base/java.util.stream.AbstractPipeline.copyInto(AbstractPipeline.java:509)
  java.base/java.util.stream.AbstractPipeline.wrapAndCopyInto(AbstractPipeline.java:499)
  java.base/java.util.stream.ReduceOps$ReduceOp.evaluateSequential(ReduceOps.java:921)
  java.base/java.util.stream.AbstractPipeline.evaluate(AbstractPipeline.java:234)
  java.base/java.util.stream.ReferencePipeline.collect(ReferencePipeline.java:682)
  de.uka.ilkd.key.nparser.builder.AbstractBuilder.mapOf(AbstractBuilder.java:124)
  de.uka.ilkd.key.nparser.builder.TacletPBuilder.visitRulesOrAxioms(TacletPBuilder.java:95)
  de.uka.ilkd.key.nparser.KeYParser$RulesOrAxiomsContext.accept(KeYParser.java:10795)
  de.uka.ilkd.key.nparser.builder.AbstractBuilder.lambda$mapOf$0(AbstractBuilder.java:124)
  java.base/java.util.stream.ReferencePipeline$3$1.accept(ReferencePipeline.java:197)
  java.base/java.util.ArrayList$ArrayListSpliterator.forEachRemaining(ArrayList.java:1625)
  java.base/java.util.stream.AbstractPipeline.copyInto(AbstractPipeline.java:509)
  java.base/java.util.stream.AbstractPipeline.wrapAndCopyInto(AbstractPipeline.java:499)
  java.base/java.util.stream.ReduceOps$ReduceOp.evaluateSequential(ReduceOps.java:921)
  java.base/java.util.stream.AbstractPipeline.evaluate(AbstractPipeline.java:234)
  java.base/java.util.stream.ReferencePipeline.collect(ReferencePipeline.java:682)
  de.uka.ilkd.key.nparser.builder.AbstractBuilder.mapOf(AbstractBuilder.java:124)
  de.uka.ilkd.key.nparser.builder.TacletPBuilder.visitDecls(TacletPBuilder.java:76)
  de.uka.ilkd.key.nparser.KeYParser$DeclsContext.accept(KeYParser.java:515)
  org.antlr.v4.runtime.tree.AbstractParseTreeVisitor.visitChildren(AbstractParseTreeVisitor.java:46)
  de.uka.ilkd.key.nparser.KeYParserBaseVisitor.visitFile(KeYParserBaseVisitor.java:24)
  de.uka.ilkd.key.nparser.KeYParser$FileContext.accept(KeYParser.java:313)
  de.uka.ilkd.key.nparser.KeyAst.accept(KeyAst.java:43)
  de.uka.ilkd.key.nparser.KeyIO$Loader.loadTaclets(KeyIO.java:340)
  de.uka.ilkd.key.nparser.KeyIO$Loader.loadComplete(KeyIO.java:243)
  de.uka.ilkd.key.proof.io.KeYFileForTests.read(KeYFileForTests.java:53)
  de.uka.ilkd.key.proof.init.ProblemInitializer.readEnvInput(ProblemInitializer.java:323)
  de.uka.ilkd.key.proof.init.ProblemInitializer.prepare(ProblemInitializer.java:561)
  de.uka.ilkd.key.proof.init.ProblemInitializer.prepare(ProblemInitializer.java:471)
  de.uka.ilkd.key.rule.TacletForTests.parse(TacletForTests.java:80)
  de.uka.ilkd.key.rule.TacletForTests.parse(TacletForTests.java:125)
  de.uka.ilkd.key.rule.TacletForTests.parse(TacletForTests.java:129)
  de.uka.ilkd.key.rule.TestMatchTaclet.setUp(TestMatchTaclet.java:60)
  java.base/jdk.internal.reflect.NativeMethodAccessorImpl.invoke0(Native Method)
  java.base/jdk.internal.reflect.NativeMethodAccessorImpl.invoke(NativeMethodAccessorImpl.java:77)
  java.base/jdk.internal.reflect.DelegatingMethodAccessorImpl.invoke(DelegatingMethodAccessorImpl.java:43)
  java.base/java.lang.reflect.Method.invoke(Method.java:568)
  org.junit.platform.commons.util.ReflectionUtils.invokeMethod(ReflectionUtils.java:727)
  org.junit.jupiter.engine.execution.MethodInvocation.proceed(MethodInvocation.java:60)
  org.junit.jupiter.engine.execution.InvocationInterceptorChain$ValidatingInvocation.proceed(InvocationInterceptorChain.java:131)
  org.junit.jupiter.engine.extension.TimeoutExtension.intercept(TimeoutExtension.java:156)
  org.junit.jupiter.engine.extension.TimeoutExtension.interceptLifecycleMethod(TimeoutExtension.java:128)
  org.junit.jupiter.engine.extension.TimeoutExtension.interceptBeforeEachMethod(TimeoutExtension.java:78)
  org.junit.jupiter.engine.execution.InterceptingExecutableInvoker$ReflectiveInterceptorCall.lambda$ofVoidMethod$0(InterceptingExecutableInvoker.java:103)
  org.junit.jupiter.engine.execution.InterceptingExecutableInvoker.lambda$invoke$0(InterceptingExecutableInvoker.java:93)
  org.junit.jupiter.engine.execution.InvocationInterceptorChain$InterceptedInvocation.proceed(InvocationInterceptorChain.java:106)
  org.junit.jupiter.engine.execution.InvocationInterceptorChain.proceed(InvocationInterceptorChain.java:64)
  org.junit.jupiter.engine.execution.InvocationInterceptorChain.chainAndInvoke(InvocationInterceptorChain.java:45)
  org.junit.jupiter.engine.execution.InvocationInterceptorChain.invoke(InvocationInterceptorChain.java:37)
  org.junit.jupiter.engine.execution.InterceptingExecutableInvoker.invoke(InterceptingExecutableInvoker.java:92)
  org.junit.jupiter.engine.execution.InterceptingExecutableInvoker.invoke(InterceptingExecutableInvoker.java:86)
  org.junit.jupiter.engine.descriptor.ClassBasedTestDescriptor.invokeMethodInExtensionContext(ClassBasedTestDescriptor.java:520)
  org.junit.jupiter.engine.descriptor.ClassBasedTestDescriptor.lambda$synthesizeBeforeEachMethodAdapter$23(ClassBasedTestDescriptor.java:505)
  org.junit.jupiter.engine.descriptor.TestMethodTestDescriptor.lambda$invokeBeforeEachMethods$3(TestMethodTestDescriptor.java:174)
  org.junit.jupiter.engine.descriptor.TestMethodTestDescriptor.lambda$invokeBeforeMethodsOrCallbacksUntilExceptionOccurs$6(TestMethodTestDescriptor.java:202)
  org.junit.platform.engine.support.hierarchical.ThrowableCollector.execute(ThrowableCollector.java:73)
  org.junit.jupiter.engine.descriptor.TestMethodTestDescriptor.invokeBeforeMethodsOrCallbacksUntilExceptionOccurs(TestMethodTestDescriptor.java:202)
  org.junit.jupiter.engine.descriptor.TestMethodTestDescriptor.invokeBeforeEachMethods(TestMethodTestDescriptor.java:171)
  org.junit.jupiter.engine.descriptor.TestMethodTestDescriptor.execute(TestMethodTestDescriptor.java:134)
  org.junit.jupiter.engine.descriptor.TestMethodTestDescriptor.execute(TestMethodTestDescriptor.java:68)
  org.junit.platform.engine.support.hierarchical.NodeTestTask.lambda$executeRecursively$6(NodeTestTask.java:151)
  org.junit.platform.engine.support.hierarchical.ThrowableCollector.execute(ThrowableCollector.java:73)
  org.junit.platform.engine.support.hierarchical.NodeTestTask.lambda$executeRecursively$8(NodeTestTask.java:141)
  org.junit.platform.engine.support.hierarchical.Node.around(Node.java:137)
  org.junit.platform.engine.support.hierarchical.NodeTestTask.lambda$executeRecursively$9(NodeTestTask.java:139)
  org.junit.platform.engine.support.hierarchical.ThrowableCollector.execute(ThrowableCollector.java:73)
  org.junit.platform.engine.support.hierarchical.NodeTestTask.executeRecursively(NodeTestTask.java:138)
  org.junit.platform.engine.support.hierarchical.NodeTestTask.execute(NodeTestTask.java:95)
  java.base/java.util.ArrayList.forEach(ArrayList.java:1511)
  org.junit.platform.engine.support.hierarchical.SameThreadHierarchicalTestExecutorService.invokeAll(SameThreadHierarchicalTestExecutorService.java:41)
  org.junit.platform.engine.support.hierarchical.NodeTestTask.lambda$executeRecursively$6(NodeTestTask.java:155)
  org.junit.platform.engine.support.hierarchical.ThrowableCollector.execute(ThrowableCollector.java:73)
  org.junit.platform.engine.support.hierarchical.NodeTestTask.lambda$executeRecursively$8(NodeTestTask.java:141)
  org.junit.platform.engine.support.hierarchical.Node.around(Node.java:137)
  org.junit.platform.engine.support.hierarchical.NodeTestTask.lambda$executeRecursively$9(NodeTestTask.java:139)
  org.junit.platform.engine.support.hierarchical.ThrowableCollector.execute(ThrowableCollector.java:73)
  org.junit.platform.engine.support.hierarchical.NodeTestTask.executeRecursively(NodeTestTask.java:138)
  org.junit.platform.engine.support.hierarchical.NodeTestTask.execute(NodeTestTask.java:95)
  java.base/java.util.ArrayList.forEach(ArrayList.java:1511)
  org.junit.platform.engine.support.hierarchical.SameThreadHierarchicalTestExecutorService.invokeAll(SameThreadHierarchicalTestExecutorService.java:41)
  org.junit.platform.engine.support.hierarchical.NodeTestTask.lambda$executeRecursively$6(NodeTestTask.java:155)
  org.junit.platform.engine.support.hierarchical.ThrowableCollector.execute(ThrowableCollector.java:73)
  org.junit.platform.engine.support.hierarchical.NodeTestTask.lambda$executeRecursively$8(NodeTestTask.java:141)
  org.junit.platform.engine.support.hierarchical.Node.around(Node.java:137)
  org.junit.platform.engine.support.hierarchical.NodeTestTask.lambda$executeRecursively$9(NodeTestTask.java:139)
  org.junit.platform.engine.support.hierarchical.ThrowableCollector.execute(ThrowableCollector.java:73)
  org.junit.platform.engine.support.hierarchical.NodeTestTask.executeRecursively(NodeTestTask.java:138)
  org.junit.platform.engine.support.hierarchical.NodeTestTask.execute(NodeTestTask.java:95)
  org.junit.platform.engine.support.hierarchical.SameThreadHierarchicalTestExecutorService.submit(SameThreadHierarchicalTestExecutorService.java:35)
  org.junit.platform.engine.support.hierarchical.HierarchicalTestExecutor.execute(HierarchicalTestExecutor.java:57)
  org.junit.platform.engine.support.hierarchical.HierarchicalTestEngine.execute(HierarchicalTestEngine.java:54)
  org.junit.platform.launcher.core.EngineExecutionOrchestrator.execute(EngineExecutionOrchestrator.java:107)
  org.junit.platform.launcher.core.EngineExecutionOrchestrator.execute(EngineExecutionOrchestrator.java:88)
  org.junit.platform.launcher.core.EngineExecutionOrchestrator.lambda$execute$0(EngineExecutionOrchestrator.java:54)
  org.junit.platform.launcher.core.EngineExecutionOrchestrator.withInterceptedStreams(EngineExecutionOrchestrator.java:67)
  org.junit.platform.launcher.core.EngineExecutionOrchestrator.execute(EngineExecutionOrchestrator.java:52)
  org.junit.platform.launcher.core.DefaultLauncher.execute(DefaultLauncher.java:114)
  org.junit.platform.launcher.core.DefaultLauncher.execute(DefaultLauncher.java:86)
  org.junit.platform.launcher.core.DefaultLauncherSession$DelegatingLauncher.execute(DefaultLauncherSession.java:86)
  org.gradle.api.internal.tasks.testing.junitplatform.JUnitPlatformTestClassProcessor$CollectAllTestClassesExecutor.processAllTestClasses(JUnitPlatformTestClassProcessor.java:110)
  org.gradle.api.internal.tasks.testing.junitplatform.JUnitPlatformTestClassProcessor$CollectAllTestClassesExecutor.access$000(JUnitPlatformTestClassProcessor.java:90)
  org.gradle.api.internal.tasks.testing.junitplatform.JUnitPlatformTestClassProcessor.stop(JUnitPlatformTestClassProcessor.java:85)
  org.gradle.api.internal.tasks.testing.SuiteTestClassProcessor.stop(SuiteTestClassProcessor.java:62)
  java.base/jdk.internal.reflect.NativeMethodAccessorImpl.invoke0(Native Method)
  java.base/jdk.internal.reflect.NativeMethodAccessorImpl.invoke(NativeMethodAccessorImpl.java:77)
  java.base/jdk.internal.reflect.DelegatingMethodAccessorImpl.invoke(DelegatingMethodAccessorImpl.java:43)
  java.base/java.lang.reflect.Method.invoke(Method.java:568)
  org.gradle.internal.dispatch.ReflectionDispatch.dispatch(ReflectionDispatch.java:36)
  org.gradle.internal.dispatch.ReflectionDispatch.dispatch(ReflectionDispatch.java:24)
  org.gradle.internal.dispatch.ContextClassLoaderDispatch.dispatch(ContextClassLoaderDispatch.java:33)
  org.gradle.internal.dispatch.ProxyDispatchAdapter$DispatchingInvocationHandler.invoke(ProxyDispatchAdapter.java:94)
  jdk.proxy2/jdk.proxy2.$Proxy5.stop(Unknown Source)
  org.gradle.api.internal.tasks.testing.worker.TestWorker$3.run(TestWorker.java:193)
  org.gradle.api.internal.tasks.testing.worker.TestWorker.executeAndMaintainThreadName(TestWorker.java:129)
  org.gradle.api.internal.tasks.testing.worker.TestWorker.execute(TestWorker.java:100)
  org.gradle.api.internal.tasks.testing.worker.TestWorker.execute(TestWorker.java:60)
  org.gradle.process.internal.worker.child.ActionExecutionWorker.execute(ActionExecutionWorker.java:56)
  org.gradle.process.internal.worker.child.SystemApplicationClassLoaderWorker.call(SystemApplicationClassLoaderWorker.java:113)
  org.gradle.process.internal.worker.child.SystemApplicationClassLoaderWorker.call(SystemApplicationClassLoaderWorker.java:65)
  worker.org.gradle.process.internal.worker.GradleWorkerMain.run(GradleWorkerMain.java:69)
  worker.org.gradle.process.internal.worker.GradleWorkerMain.main(GradleWorkerMain.java:74). com.github.javaparser.ParseException: Encountered unexpected token: "}" "}"
    at line 1, column 22.

Was expecting one of:

    ","
    ";"
    "="
    "@"
    "["

	at com.github.javaparser.GeneratedJavaParser.generateParseException(GeneratedJavaParser.java:18340)

94470      ERROR Test worker     d.u.i.k.j.JavaService     Error in (line 1,col 11) Parse error. Found "}", expected one of  "," ";" "=" "@" "["
Problem stacktrace : 
  com.github.javaparser.GeneratedJavaParser.generateParseException(GeneratedJavaParser.java:18340)
  com.github.javaparser.GeneratedJavaParser.jj_consume_token(GeneratedJavaParser.java:18179)
  com.github.javaparser.GeneratedJavaParser.BlockStatement(GeneratedJavaParser.java:6611)
  com.github.javaparser.GeneratedJavaParser.Statements(GeneratedJavaParser.java:3114)
  com.github.javaparser.GeneratedJavaParser.Block(GeneratedJavaParser.java:6548)
  com.github.javaparser.GeneratedJavaParser.Statement(GeneratedJavaParser.java:6344)
  com.github.javaparser.GeneratedJavaParser.BlockStatement(GeneratedJavaParser.java:6727)
  com.github.javaparser.GeneratedJavaParser.Statements(GeneratedJavaParser.java:3114)
  com.github.javaparser.GeneratedJavaParser.Block(GeneratedJavaParser.java:6548)
  com.github.javaparser.GeneratedJavaParser.BlockParseStart(GeneratedJavaParser.java:9483)
  com.github.javaparser.JavaParser.parse(JavaParser.java:121)
  com.github.javaparser.JavaParser.parseBlock(JavaParser.java:313)
  de.uka.ilkd.key.java.JavaParserFactory.parseStatementBlock(JavaParserFactory.java:167)
  de.uka.ilkd.key.java.JavaService.recoderBlock(JavaService.java:782)
  de.uka.ilkd.key.java.JavaService.readBlock(JavaService.java:819)
  de.uka.ilkd.key.java.JavaService.readBlockWithEmptyContext(JavaService.java:854)
  de.uka.ilkd.key.nparser.builder.ExpressionBuilder.getJavaBlock(ExpressionBuilder.java:571)
  de.uka.ilkd.key.nparser.builder.ExpressionBuilder.visitModality_term(ExpressionBuilder.java:1074)
  de.uka.ilkd.key.nparser.KeYParser$Modality_termContext.accept(KeYParser.java:4623)
  org.antlr.v4.runtime.tree.AbstractParseTreeVisitor.visitChildren(AbstractParseTreeVisitor.java:46)
  de.uka.ilkd.key.nparser.KeYParserBaseVisitor.visitTerm60(KeYParserBaseVisitor.java:381)
  de.uka.ilkd.key.nparser.KeYParser$Term60Context.accept(KeYParser.java:4485)
  de.uka.ilkd.key.nparser.builder.AbstractBuilder.accept(AbstractBuilder.java:48)
  de.uka.ilkd.key.nparser.builder.DefaultBuilder.accept(DefaultBuilder.java:35)
  de.uka.ilkd.key.nparser.builder.ExpressionBuilder.visitConjunction_term(ExpressionBuilder.java:238)
  de.uka.ilkd.key.nparser.builder.ExpressionBuilder.visitConjunction_term(ExpressionBuilder.java:49)
  de.uka.ilkd.key.nparser.KeYParser$Conjunction_termContext.accept(KeYParser.java:4419)
  de.uka.ilkd.key.nparser.builder.AbstractBuilder.accept(AbstractBuilder.java:48)
  de.uka.ilkd.key.nparser.builder.DefaultBuilder.accept(DefaultBuilder.java:35)
  de.uka.ilkd.key.nparser.builder.ExpressionBuilder.visitDisjunction_term(ExpressionBuilder.java:229)
  de.uka.ilkd.key.nparser.builder.ExpressionBuilder.visitDisjunction_term(ExpressionBuilder.java:49)
  de.uka.ilkd.key.nparser.KeYParser$Disjunction_termContext.accept(KeYParser.java:4346)
  de.uka.ilkd.key.nparser.builder.AbstractBuilder.accept(AbstractBuilder.java:48)
  de.uka.ilkd.key.nparser.builder.DefaultBuilder.accept(DefaultBuilder.java:35)
  de.uka.ilkd.key.nparser.builder.ExpressionBuilder.visitImplication_term(ExpressionBuilder.java:222)
  de.uka.ilkd.key.nparser.builder.ExpressionBuilder.visitImplication_term(ExpressionBuilder.java:49)
  de.uka.ilkd.key.nparser.KeYParser$Implication_termContext.accept(KeYParser.java:4278)
  de.uka.ilkd.key.nparser.builder.AbstractBuilder.accept(AbstractBuilder.java:48)
  de.uka.ilkd.key.nparser.builder.DefaultBuilder.accept(DefaultBuilder.java:35)
  de.uka.ilkd.key.nparser.builder.ExpressionBuilder.visitEquivalence_term(ExpressionBuilder.java:198)
  de.uka.ilkd.key.nparser.builder.ExpressionBuilder.visitEquivalence_term(ExpressionBuilder.java:49)
  de.uka.ilkd.key.nparser.KeYParser$Equivalence_termContext.accept(KeYParser.java:4209)
  de.uka.ilkd.key.nparser.builder.AbstractBuilder.accept(AbstractBuilder.java:48)
  de.uka.ilkd.key.nparser.builder.DefaultBuilder.accept(DefaultBuilder.java:35)
  de.uka.ilkd.key.nparser.builder.ExpressionBuilder.visitElementary_update_term(ExpressionBuilder.java:188)
  de.uka.ilkd.key.nparser.builder.ExpressionBuilder.visitElementary_update_term(ExpressionBuilder.java:49)
  de.uka.ilkd.key.nparser.KeYParser$Elementary_update_termContext.accept(KeYParser.java:4142)
  de.uka.ilkd.key.nparser.builder.AbstractBuilder.lambda$mapOf$0(AbstractBuilder.java:124)
  java.base/java.util.stream.ReferencePipeline$3$1.accept(ReferencePipeline.java:197)
  java.base/java.util.ArrayList$ArrayListSpliterator.forEachRemaining(ArrayList.java:1625)
  java.base/java.util.stream.AbstractPipeline.copyInto(AbstractPipeline.java:509)
  java.base/java.util.stream.AbstractPipeline.wrapAndCopyInto(AbstractPipeline.java:499)
  java.base/java.util.stream.ReduceOps$ReduceOp.evaluateSequential(ReduceOps.java:921)
  java.base/java.util.stream.AbstractPipeline.evaluate(AbstractPipeline.java:234)
  java.base/java.util.stream.ReferencePipeline.collect(ReferencePipeline.java:682)
  de.uka.ilkd.key.nparser.builder.AbstractBuilder.mapOf(AbstractBuilder.java:124)
  de.uka.ilkd.key.nparser.builder.ExpressionBuilder.visitParallel_term(ExpressionBuilder.java:173)
  de.uka.ilkd.key.nparser.builder.ExpressionBuilder.visitParallel_term(ExpressionBuilder.java:49)
  de.uka.ilkd.key.nparser.KeYParser$Parallel_termContext.accept(KeYParser.java:4074)
  org.antlr.v4.runtime.tree.AbstractParseTreeVisitor.visitChildren(AbstractParseTreeVisitor.java:46)
  de.uka.ilkd.key.nparser.KeYParserBaseVisitor.visitTerm(KeYParserBaseVisitor.java:332)
  de.uka.ilkd.key.nparser.KeYParser$TermContext.accept(KeYParser.java:4020)
  de.uka.ilkd.key.nparser.builder.AbstractBuilder.accept(AbstractBuilder.java:48)
  de.uka.ilkd.key.nparser.builder.DefaultBuilder.accept(DefaultBuilder.java:35)
  de.uka.ilkd.key.nparser.builder.ExpressionBuilder.visitTermorseq(ExpressionBuilder.java:511)
  de.uka.ilkd.key.nparser.KeYParser$TermorseqContext.accept(KeYParser.java:8199)
  de.uka.ilkd.key.nparser.builder.AbstractBuilder.accept(AbstractBuilder.java:48)
  de.uka.ilkd.key.nparser.builder.DefaultBuilder.accept(DefaultBuilder.java:35)
  de.uka.ilkd.key.nparser.builder.TacletPBuilder.visitTaclet(TacletPBuilder.java:195)
  de.uka.ilkd.key.nparser.builder.TacletPBuilder.visitTaclet(TacletPBuilder.java:41)
  de.uka.ilkd.key.nparser.KeYParser$TacletContext.accept(KeYParser.java:7771)
  de.uka.ilkd.key.nparser.builder.AbstractBuilder.lambda$mapOf$0(AbstractBuilder.java:124)
  java.base/java.util.stream.ReferencePipeline$3$1.accept(ReferencePipeline.java:197)
  java.base/java.util.ArrayList$ArrayListSpliterator.forEachRemaining(ArrayList.java:1625)
  java.base/java.util.stream.AbstractPipeline.copyInto(AbstractPipeline.java:509)
  java.base/java.util.stream.AbstractPipeline.wrapAndCopyInto(AbstractPipeline.java:499)
  java.base/java.util.stream.ReduceOps$ReduceOp.evaluateSequential(ReduceOps.java:921)
  java.base/java.util.stream.AbstractPipeline.evaluate(AbstractPipeline.java:234)
  java.base/java.util.stream.ReferencePipeline.collect(ReferencePipeline.java:682)
  de.uka.ilkd.key.nparser.builder.AbstractBuilder.mapOf(AbstractBuilder.java:124)
  de.uka.ilkd.key.nparser.builder.TacletPBuilder.visitRulesOrAxioms(TacletPBuilder.java:95)
  de.uka.ilkd.key.nparser.KeYParser$RulesOrAxiomsContext.accept(KeYParser.java:10795)
  de.uka.ilkd.key.nparser.builder.AbstractBuilder.lambda$mapOf$0(AbstractBuilder.java:124)
  java.base/java.util.stream.ReferencePipeline$3$1.accept(ReferencePipeline.java:197)
  java.base/java.util.ArrayList$ArrayListSpliterator.forEachRemaining(ArrayList.java:1625)
  java.base/java.util.stream.AbstractPipeline.copyInto(AbstractPipeline.java:509)
  java.base/java.util.stream.AbstractPipeline.wrapAndCopyInto(AbstractPipeline.java:499)
  java.base/java.util.stream.ReduceOps$ReduceOp.evaluateSequential(ReduceOps.java:921)
  java.base/java.util.stream.AbstractPipeline.evaluate(AbstractPipeline.java:234)
  java.base/java.util.stream.ReferencePipeline.collect(ReferencePipeline.java:682)
  de.uka.ilkd.key.nparser.builder.AbstractBuilder.mapOf(AbstractBuilder.java:124)
  de.uka.ilkd.key.nparser.builder.TacletPBuilder.visitDecls(TacletPBuilder.java:76)
  de.uka.ilkd.key.nparser.KeYParser$DeclsContext.accept(KeYParser.java:515)
  org.antlr.v4.runtime.tree.AbstractParseTreeVisitor.visitChildren(AbstractParseTreeVisitor.java:46)
  de.uka.ilkd.key.nparser.KeYParserBaseVisitor.visitFile(KeYParserBaseVisitor.java:24)
  de.uka.ilkd.key.nparser.KeYParser$FileContext.accept(KeYParser.java:313)
  de.uka.ilkd.key.nparser.KeyAst.accept(KeyAst.java:43)
  de.uka.ilkd.key.nparser.KeyIO$Loader.loadTaclets(KeyIO.java:340)
  de.uka.ilkd.key.nparser.KeyIO$Loader.loadComplete(KeyIO.java:243)
  de.uka.ilkd.key.proof.io.KeYFileForTests.read(KeYFileForTests.java:53)
  de.uka.ilkd.key.proof.init.ProblemInitializer.readEnvInput(ProblemInitializer.java:323)
  de.uka.ilkd.key.proof.init.ProblemInitializer.prepare(ProblemInitializer.java:561)
  de.uka.ilkd.key.proof.init.ProblemInitializer.prepare(ProblemInitializer.java:471)
  de.uka.ilkd.key.rule.TacletForTests.parse(TacletForTests.java:80)
  de.uka.ilkd.key.rule.TacletForTests.parse(TacletForTests.java:125)
  de.uka.ilkd.key.rule.TacletForTests.parse(TacletForTests.java:129)
  de.uka.ilkd.key.rule.TestMatchTaclet.setUp(TestMatchTaclet.java:60)
  java.base/jdk.internal.reflect.NativeMethodAccessorImpl.invoke0(Native Method)
  java.base/jdk.internal.reflect.NativeMethodAccessorImpl.invoke(NativeMethodAccessorImpl.java:77)
  java.base/jdk.internal.reflect.DelegatingMethodAccessorImpl.invoke(DelegatingMethodAccessorImpl.java:43)
  java.base/java.lang.reflect.Method.invoke(Method.java:568)
  org.junit.platform.commons.util.ReflectionUtils.invokeMethod(ReflectionUtils.java:727)
  org.junit.jupiter.engine.execution.MethodInvocation.proceed(MethodInvocation.java:60)
  org.junit.jupiter.engine.execution.InvocationInterceptorChain$ValidatingInvocation.proceed(InvocationInterceptorChain.java:131)
  org.junit.jupiter.engine.extension.TimeoutExtension.intercept(TimeoutExtension.java:156)
  org.junit.jupiter.engine.extension.TimeoutExtension.interceptLifecycleMethod(TimeoutExtension.java:128)
  org.junit.jupiter.engine.extension.TimeoutExtension.interceptBeforeEachMethod(TimeoutExtension.java:78)
  org.junit.jupiter.engine.execution.InterceptingExecutableInvoker$ReflectiveInterceptorCall.lambda$ofVoidMethod$0(InterceptingExecutableInvoker.java:103)
  org.junit.jupiter.engine.execution.InterceptingExecutableInvoker.lambda$invoke$0(InterceptingExecutableInvoker.java:93)
  org.junit.jupiter.engine.execution.InvocationInterceptorChain$InterceptedInvocation.proceed(InvocationInterceptorChain.java:106)
  org.junit.jupiter.engine.execution.InvocationInterceptorChain.proceed(InvocationInterceptorChain.java:64)
  org.junit.jupiter.engine.execution.InvocationInterceptorChain.chainAndInvoke(InvocationInterceptorChain.java:45)
  org.junit.jupiter.engine.execution.InvocationInterceptorChain.invoke(InvocationInterceptorChain.java:37)
  org.junit.jupiter.engine.execution.InterceptingExecutableInvoker.invoke(InterceptingExecutableInvoker.java:92)
  org.junit.jupiter.engine.execution.InterceptingExecutableInvoker.invoke(InterceptingExecutableInvoker.java:86)
  org.junit.jupiter.engine.descriptor.ClassBasedTestDescriptor.invokeMethodInExtensionContext(ClassBasedTestDescriptor.java:520)
  org.junit.jupiter.engine.descriptor.ClassBasedTestDescriptor.lambda$synthesizeBeforeEachMethodAdapter$23(ClassBasedTestDescriptor.java:505)
  org.junit.jupiter.engine.descriptor.TestMethodTestDescriptor.lambda$invokeBeforeEachMethods$3(TestMethodTestDescriptor.java:174)
  org.junit.jupiter.engine.descriptor.TestMethodTestDescriptor.lambda$invokeBeforeMethodsOrCallbacksUntilExceptionOccurs$6(TestMethodTestDescriptor.java:202)
  org.junit.platform.engine.support.hierarchical.ThrowableCollector.execute(ThrowableCollector.java:73)
  org.junit.jupiter.engine.descriptor.TestMethodTestDescriptor.invokeBeforeMethodsOrCallbacksUntilExceptionOccurs(TestMethodTestDescriptor.java:202)
  org.junit.jupiter.engine.descriptor.TestMethodTestDescriptor.invokeBeforeEachMethods(TestMethodTestDescriptor.java:171)
  org.junit.jupiter.engine.descriptor.TestMethodTestDescriptor.execute(TestMethodTestDescriptor.java:134)
  org.junit.jupiter.engine.descriptor.TestMethodTestDescriptor.execute(TestMethodTestDescriptor.java:68)
  org.junit.platform.engine.support.hierarchical.NodeTestTask.lambda$executeRecursively$6(NodeTestTask.java:151)
  org.junit.platform.engine.support.hierarchical.ThrowableCollector.execute(ThrowableCollector.java:73)
  org.junit.platform.engine.support.hierarchical.NodeTestTask.lambda$executeRecursively$8(NodeTestTask.java:141)
  org.junit.platform.engine.support.hierarchical.Node.around(Node.java:137)
  org.junit.platform.engine.support.hierarchical.NodeTestTask.lambda$executeRecursively$9(NodeTestTask.java:139)
  org.junit.platform.engine.support.hierarchical.ThrowableCollector.execute(ThrowableCollector.java:73)
  org.junit.platform.engine.support.hierarchical.NodeTestTask.executeRecursively(NodeTestTask.java:138)
  org.junit.platform.engine.support.hierarchical.NodeTestTask.execute(NodeTestTask.java:95)
  java.base/java.util.ArrayList.forEach(ArrayList.java:1511)
  org.junit.platform.engine.support.hierarchical.SameThreadHierarchicalTestExecutorService.invokeAll(SameThreadHierarchicalTestExecutorService.java:41)
  org.junit.platform.engine.support.hierarchical.NodeTestTask.lambda$executeRecursively$6(NodeTestTask.java:155)
  org.junit.platform.engine.support.hierarchical.ThrowableCollector.execute(ThrowableCollector.java:73)
  org.junit.platform.engine.support.hierarchical.NodeTestTask.lambda$executeRecursively$8(NodeTestTask.java:141)
  org.junit.platform.engine.support.hierarchical.Node.around(Node.java:137)
  org.junit.platform.engine.support.hierarchical.NodeTestTask.lambda$executeRecursively$9(NodeTestTask.java:139)
  org.junit.platform.engine.support.hierarchical.ThrowableCollector.execute(ThrowableCollector.java:73)
  org.junit.platform.engine.support.hierarchical.NodeTestTask.executeRecursively(NodeTestTask.java:138)
  org.junit.platform.engine.support.hierarchical.NodeTestTask.execute(NodeTestTask.java:95)
  java.base/java.util.ArrayList.forEach(ArrayList.java:1511)
  org.junit.platform.engine.support.hierarchical.SameThreadHierarchicalTestExecutorService.invokeAll(SameThreadHierarchicalTestExecutorService.java:41)
  org.junit.platform.engine.support.hierarchical.NodeTestTask.lambda$executeRecursively$6(NodeTestTask.java:155)
  org.junit.platform.engine.support.hierarchical.ThrowableCollector.execute(ThrowableCollector.java:73)
  org.junit.platform.engine.support.hierarchical.NodeTestTask.lambda$executeRecursively$8(NodeTestTask.java:141)
  org.junit.platform.engine.support.hierarchical.Node.around(Node.java:137)
  org.junit.platform.engine.support.hierarchical.NodeTestTask.lambda$executeRecursively$9(NodeTestTask.java:139)
  org.junit.platform.engine.support.hierarchical.ThrowableCollector.execute(ThrowableCollector.java:73)
  org.junit.platform.engine.support.hierarchical.NodeTestTask.executeRecursively(NodeTestTask.java:138)
  org.junit.platform.engine.support.hierarchical.NodeTestTask.execute(NodeTestTask.java:95)
  org.junit.platform.engine.support.hierarchical.SameThreadHierarchicalTestExecutorService.submit(SameThreadHierarchicalTestExecutorService.java:35)
  org.junit.platform.engine.support.hierarchical.HierarchicalTestExecutor.execute(HierarchicalTestExecutor.java:57)
  org.junit.platform.engine.support.hierarchical.HierarchicalTestEngine.execute(HierarchicalTestEngine.java:54)
  org.junit.platform.launcher.core.EngineExecutionOrchestrator.execute(EngineExecutionOrchestrator.java:107)
  org.junit.platform.launcher.core.EngineExecutionOrchestrator.execute(EngineExecutionOrchestrator.java:88)
  org.junit.platform.launcher.core.EngineExecutionOrchestrator.lambda$execute$0(EngineExecutionOrchestrator.java:54)
  org.junit.platform.launcher.core.EngineExecutionOrchestrator.withInterceptedStreams(EngineExecutionOrchestrator.java:67)
  org.junit.platform.launcher.core.EngineExecutionOrchestrator.execute(EngineExecutionOrchestrator.java:52)
  org.junit.platform.launcher.core.DefaultLauncher.execute(DefaultLauncher.java:114)
  org.junit.platform.launcher.core.DefaultLauncher.execute(DefaultLauncher.java:86)
  org.junit.platform.launcher.core.DefaultLauncherSession$DelegatingLauncher.execute(DefaultLauncherSession.java:86)
  org.gradle.api.internal.tasks.testing.junitplatform.JUnitPlatformTestClassProcessor$CollectAllTestClassesExecutor.processAllTestClasses(JUnitPlatformTestClassProcessor.java:110)
  org.gradle.api.internal.tasks.testing.junitplatform.JUnitPlatformTestClassProcessor$CollectAllTestClassesExecutor.access$000(JUnitPlatformTestClassProcessor.java:90)
  org.gradle.api.internal.tasks.testing.junitplatform.JUnitPlatformTestClassProcessor.stop(JUnitPlatformTestClassProcessor.java:85)
  org.gradle.api.internal.tasks.testing.SuiteTestClassProcessor.stop(SuiteTestClassProcessor.java:62)
  java.base/jdk.internal.reflect.NativeMethodAccessorImpl.invoke0(Native Method)
  java.base/jdk.internal.reflect.NativeMethodAccessorImpl.invoke(NativeMethodAccessorImpl.java:77)
  java.base/jdk.internal.reflect.DelegatingMethodAccessorImpl.invoke(DelegatingMethodAccessorImpl.java:43)
  java.base/java.lang.reflect.Method.invoke(Method.java:568)
  org.gradle.internal.dispatch.ReflectionDispatch.dispatch(ReflectionDispatch.java:36)
  org.gradle.internal.dispatch.ReflectionDispatch.dispatch(ReflectionDispatch.java:24)
  org.gradle.internal.dispatch.ContextClassLoaderDispatch.dispatch(ContextClassLoaderDispatch.java:33)
  org.gradle.internal.dispatch.ProxyDispatchAdapter$DispatchingInvocationHandler.invoke(ProxyDispatchAdapter.java:94)
  jdk.proxy2/jdk.proxy2.$Proxy5.stop(Unknown Source)
  org.gradle.api.internal.tasks.testing.worker.TestWorker$3.run(TestWorker.java:193)
  org.gradle.api.internal.tasks.testing.worker.TestWorker.executeAndMaintainThreadName(TestWorker.java:129)
  org.gradle.api.internal.tasks.testing.worker.TestWorker.execute(TestWorker.java:100)
  org.gradle.api.internal.tasks.testing.worker.TestWorker.execute(TestWorker.java:60)
  org.gradle.process.internal.worker.child.ActionExecutionWorker.execute(ActionExecutionWorker.java:56)
  org.gradle.process.internal.worker.child.SystemApplicationClassLoaderWorker.call(SystemApplicationClassLoaderWorker.java:113)
  org.gradle.process.internal.worker.child.SystemApplicationClassLoaderWorker.call(SystemApplicationClassLoaderWorker.java:65)
  worker.org.gradle.process.internal.worker.GradleWorkerMain.run(GradleWorkerMain.java:69)
  worker.org.gradle.process.internal.worker.GradleWorkerMain.main(GradleWorkerMain.java:74). com.github.javaparser.ParseException: Encountered unexpected token: "}" "}"
    at line 1, column 22.

Was expecting one of:

    ","
    ";"
    "="
    "@"
    "["

	at com.github.javaparser.GeneratedJavaParser.generateParseException(GeneratedJavaParser.java:18340)

94488      ERROR Test worker     d.u.i.k.n.b.TacletPBuilder Error in parsing taclet. de.uka.ilkd.key.util.parsing.BuildingExceptions: Multiple errors occured
	at de.uka.ilkd.key.java.JavaService.reportErrors(JavaService.java:219)

94493      DEBUG Test worker     d.u.i.k.n.KeyIO           MODE: taclets took 83ms 
94660      ERROR Test worker     d.u.i.k.j.KeYJPMapping    Duplicate registration of node: boolean, formerNode: /*@ pure @*/
boolean 
94664      ERROR Test worker     d.u.i.k.j.KeYJPMapping    Duplicate registration of node: Object, formerNode: java.lang.Object 
94665      ERROR Test worker     d.u.i.k.j.KeYJPMapping    Duplicate registration of node: Object, formerNode: java.lang.Object 
94666      ERROR Test worker     d.u.i.k.j.KeYJPMapping    Duplicate registration of node: Annotation, formerNode: Annotation 
94668      ERROR Test worker     d.u.i.k.j.KeYJPMapping    Duplicate registration of node: ArithmeticException, formerNode: ArithmeticException 
94670      ERROR Test worker     d.u.i.k.j.KeYJPMapping    Duplicate registration of node: ArrayIndexOutOfBoundsException, formerNode: ArrayIndexOutOfBoundsException 
94671      ERROR Test worker     d.u.i.k.j.KeYJPMapping    Duplicate registration of node: ArrayStoreException, formerNode: ArrayStoreException 
94672      ERROR Test worker     d.u.i.k.j.KeYJPMapping    Duplicate registration of node: AssertionError, formerNode: AssertionError 
94673      ERROR Test worker     d.u.i.k.j.KeYJPMapping    Duplicate registration of node: Character, formerNode: Character 
94674      ERROR Test worker     d.u.i.k.j.KeYJPMapping    Duplicate registration of node: Class, formerNode: java.lang.Class 
94674      ERROR Test worker     d.u.i.k.j.KeYJPMapping    Duplicate registration of node: Class, formerNode: java.lang.Class 
94675      ERROR Test worker     d.u.i.k.j.KeYJPMapping    Duplicate registration of node: ClassCastException, formerNode: ClassCastException 
94677      ERROR Test worker     d.u.i.k.j.KeYJPMapping    Duplicate registration of node: CloneNotSupportedException, formerNode: CloneNotSupportedException 
94678      ERROR Test worker     d.u.i.k.j.KeYJPMapping    Duplicate registration of node: Cloneable, formerNode: Cloneable 
94678      ERROR Test worker     d.u.i.k.j.KeYJPMapping    Duplicate registration of node: Comparable, formerNode: Comparable 
94679      ERROR Test worker     d.u.i.k.j.KeYJPMapping    Duplicate registration of node: Double, formerNode: Double 
94681      ERROR Test worker     d.u.i.k.j.KeYJPMapping    Duplicate registration of node: Enum, formerNode: java.lang.Enum 
94682      ERROR Test worker     d.u.i.k.j.KeYJPMapping    Duplicate registration of node: Enum, formerNode: java.lang.Enum 
94684      ERROR Test worker     d.u.i.k.j.KeYJPMapping    Duplicate registration of node: Error, formerNode: Error 
94685      ERROR Test worker     d.u.i.k.j.KeYJPMapping    Duplicate registration of node: Exception, formerNode: Exception 
94687      ERROR Test worker     d.u.i.k.j.KeYJPMapping    Duplicate registration of node: ExceptionInInitializerError, formerNode: java.lang.ExceptionInInitializerError 
94687      ERROR Test worker     d.u.i.k.j.KeYJPMapping    Duplicate registration of node: ExceptionInInitializerError, formerNode: java.lang.ExceptionInInitializerError 
94688      ERROR Test worker     d.u.i.k.j.KeYJPMapping    Duplicate registration of node: Float, formerNode: Float 
94689      ERROR Test worker     d.u.i.k.j.KeYJPMapping    Duplicate registration of node: IllegalArgumentException, formerNode: IllegalArgumentException 
94690      ERROR Test worker     d.u.i.k.j.KeYJPMapping    Duplicate registration of node: IndexOutOfBoundsException, formerNode: IndexOutOfBoundsException 
94704      ERROR Test worker     d.u.i.k.j.KeYJPMapping    Duplicate registration of node: Integer, formerNode: java.lang.Integer 
94704      ERROR Test worker     d.u.i.k.j.KeYJPMapping    Duplicate registration of node: Integer, formerNode: java.lang.Integer 
94705      ERROR Test worker     d.u.i.k.j.KeYJPMapping    Duplicate registration of node: InterruptedException, formerNode: InterruptedException 
94706      ERROR Test worker     d.u.i.k.j.KeYJPMapping    Duplicate registration of node: Iterable, formerNode: Iterable 
94707      ERROR Test worker     d.u.i.k.j.KeYJPMapping    Duplicate registration of node: LinkageError, formerNode: LinkageError 
94715      ERROR Test worker     d.u.i.k.j.KeYJPMapping    Duplicate registration of node: Math, formerNode: Math 
94717      ERROR Test worker     d.u.i.k.j.KeYJPMapping    Duplicate registration of node: NegativeArraySizeException, formerNode: NegativeArraySizeException 
94718      ERROR Test worker     d.u.i.k.j.KeYJPMapping    Duplicate registration of node: NoClassDefFoundError, formerNode: java.lang.NoClassDefFoundError 
94718      ERROR Test worker     d.u.i.k.j.KeYJPMapping    Duplicate registration of node: NoClassDefFoundError, formerNode: java.lang.NoClassDefFoundError 
94719      ERROR Test worker     d.u.i.k.j.KeYJPMapping    Duplicate registration of node: NullPointerException, formerNode: NullPointerException 
94720      ERROR Test worker     d.u.i.k.j.KeYJPMapping    Duplicate registration of node: Number, formerNode: Number 
94721      ERROR Test worker     d.u.i.k.j.KeYJPMapping    Duplicate registration of node: NumberFormatException, formerNode: NumberFormatException 
94722      ERROR Test worker     d.u.i.k.j.KeYJPMapping    Duplicate registration of node: VirtualMachineError, formerNode: VirtualMachineError 
94723      ERROR Test worker     d.u.i.k.j.KeYJPMapping    Duplicate registration of node: OutOfMemoryError, formerNode: OutOfMemoryError 
94724      ERROR Test worker     d.u.i.k.j.KeYJPMapping    Duplicate registration of node: Runnable, formerNode: Runnable 
94726      ERROR Test worker     d.u.i.k.j.KeYJPMapping    Duplicate registration of node: RuntimeException, formerNode: RuntimeException 
94726      ERROR Test worker     d.u.i.k.j.KeYJPMapping    Duplicate registration of node: /*@pure*/
int, formerNode: int 
94731      ERROR Test worker     d.u.i.k.j.KeYJPMapping    Duplicate registration of node: /*@ helper */
int, formerNode: int 
94731      ERROR Test worker     d.u.i.k.j.KeYJPMapping    Duplicate registration of node: /*@ helper */
boolean, formerNode: /*@ pure @*/
boolean 
94741      ERROR Test worker     d.u.i.k.j.KeYJPMapping    Duplicate registration of node: /*@ helper */
java.lang.String, formerNode: java.lang.String 
94752      ERROR Test worker     d.u.i.k.j.KeYJPMapping    Duplicate registration of node: String, formerNode: java.lang.String 
94772      ERROR Test worker     d.u.i.k.j.KeYJPMapping    Duplicate registration of node: String, formerNode: java.lang.String 
94774      ERROR Test worker     d.u.i.k.j.KeYJPMapping    Duplicate registration of node: char, formerNode: /*@ helper */
char 
94775      ERROR Test worker     d.u.i.k.j.KeYJPMapping    Duplicate registration of node: StringBuffer, formerNode: StringBuffer 
94780      ERROR Test worker     d.u.i.k.j.KeYJPMapping    Duplicate registration of node: System, formerNode: System 
94780      ERROR Test worker     d.u.i.k.j.KeYJPMapping    Duplicate registration of node: Thread, formerNode: Thread 
94783      ERROR Test worker     d.u.i.k.j.KeYJPMapping    Duplicate registration of node: Throwable, formerNode: java.lang.Throwable 
94783      ERROR Test worker     d.u.i.k.j.KeYJPMapping    Duplicate registration of node: Throwable, formerNode: java.lang.Throwable 
94788      ERROR Test worker     d.u.i.k.j.KeYJPMapping    Duplicate registration of node: Collection, formerNode: Collection 
94789      ERROR Test worker     d.u.i.k.j.KeYJPMapping    Duplicate registration of node: Iterator, formerNode: java.util.Iterator 
94789      ERROR Test worker     d.u.i.k.j.KeYJPMapping    Duplicate registration of node: Iterator, formerNode: java.util.Iterator 
94793      ERROR Test worker     d.u.i.k.j.KeYJPMapping    Duplicate registration of node: List, formerNode: java.util.List 
94793      ERROR Test worker     d.u.i.k.j.KeYJPMapping    Duplicate registration of node: List, formerNode: java.util.List 
94795      ERROR Test worker     d.u.i.k.j.KeYJPMapping    Duplicate registration of node: ListIterator, formerNode: java.util.ListIterator 
94796      ERROR Test worker     d.u.i.k.j.KeYJPMapping    Duplicate registration of node: ListIterator, formerNode: java.util.ListIterator 
94797      ERROR Test worker     d.u.i.k.j.KeYJPMapping    Duplicate registration of node: Long, formerNode: Long 
94798      ERROR Test worker     d.u.i.k.j.KeYJPMapping    Duplicate registration of node: Boolean, formerNode: Boolean 
94802      ERROR Test worker     d.u.i.k.j.KeYJPMapping    Duplicate registration of node: Map, formerNode: Map 
94806      ERROR Test worker     d.u.i.k.j.KeYJPMapping    Duplicate registration of node: Set, formerNode: java.util.Set 
94806      ERROR Test worker     d.u.i.k.j.KeYJPMapping    Duplicate registration of node: Set, formerNode: java.util.Set 
94808      ERROR Test worker     d.u.i.k.j.KeYJPMapping    Duplicate registration of node: FilterOutputStream, formerNode: FilterOutputStream 
94809      ERROR Test worker     d.u.i.k.j.KeYJPMapping    Duplicate registration of node: InputStream, formerNode: java.io.InputStream 
94809      ERROR Test worker     d.u.i.k.j.KeYJPMapping    Duplicate registration of node: InputStream, formerNode: java.io.InputStream 
94811      ERROR Test worker     d.u.i.k.j.KeYJPMapping    Duplicate registration of node: IOException, formerNode: IOException 
94812      ERROR Test worker     d.u.i.k.j.KeYJPMapping    Duplicate registration of node: OutputStream, formerNode: java.io.OutputStream 
94812      ERROR Test worker     d.u.i.k.j.KeYJPMapping    Duplicate registration of node: OutputStream, formerNode: java.io.OutputStream 
94816      ERROR Test worker     d.u.i.k.j.KeYJPMapping    Duplicate registration of node: PrintStream, formerNode: java.io.PrintStream 
94817      ERROR Test worker     d.u.i.k.j.KeYJPMapping    Duplicate registration of node: PrintStream, formerNode: java.io.PrintStream 
94817      ERROR Test worker     d.u.i.k.j.KeYJPMapping    Duplicate registration of node: Serializable, formerNode: Serializable 
94819      ERROR Test worker     d.u.i.k.j.KeYJPMapping    Duplicate registration of node: BigInteger, formerNode: java.math.BigInteger 
94821      ERROR Test worker     d.u.i.k.j.KeYJPMapping    Duplicate registration of node: BigInteger, formerNode: java.math.BigInteger 
94822      ERROR Test worker     d.u.i.k.j.KeYJPMapping    Duplicate registration of node: ArrayList, formerNode: ArrayList 
94825      ERROR Test worker     d.u.i.k.j.KeYJPMapping    Duplicate registration of node: byte[], formerNode: byte[] 
94846      ERROR Test worker     d.u.i.k.j.KeYJPMapping    Duplicate registration of node: Arrays, formerNode: Arrays 
94847      ERROR Test worker     d.u.i.k.j.KeYJPMapping    Duplicate registration of node: ListIteratorImpl, formerNode: ListIteratorImpl 
94848      ERROR Test worker     d.u.i.k.j.KeYJPMapping    Duplicate registration of node: Date, formerNode: Date 
94849      ERROR Test worker     d.u.i.k.j.KeYJPMapping    Duplicate registration of node: LinkedHashMap, formerNode: LinkedHashMap 
94850      ERROR Test worker     d.u.i.k.j.KeYJPMapping    Duplicate registration of node: /*@pure@*/
String, formerNode: /*@strictly_pure*/
java.lang.String 
94850      ERROR Test worker     d.u.i.k.j.KeYJPMapping    Duplicate registration of node: LinkedList, formerNode: LinkedList 
94868      INFO  Test worker     d.u.i.k.n.KeyIO           Parsing took 2 ms 
94868      DEBUG Test worker     d.u.i.k.n.KeyIO           Load declarations of de.uka.ilkd.key.nparser.KeyAst$File:  /home/runner/work/key/key/key.core/src/test/resources/testcase/../de/uka/ilkd/key/rule/testRuleMatch.txt:8#1 
94869      INFO  Test worker     d.u.i.k.n.KeyIO           MODE: declarations took 1 ms 
94869      DEBUG Test worker     d.u.i.k.n.KeyIO           MODE: 2nd degree decls took 0 
94908      ERROR Test worker     d.u.i.k.j.JavaService     Error in (line 1,col 11) Parse error. Found "}", expected one of  "," ";" "=" "@" "["
Problem stacktrace : 
  com.github.javaparser.GeneratedJavaParser.generateParseException(GeneratedJavaParser.java:18340)
  com.github.javaparser.GeneratedJavaParser.jj_consume_token(GeneratedJavaParser.java:18179)
  com.github.javaparser.GeneratedJavaParser.BlockStatement(GeneratedJavaParser.java:6611)
  com.github.javaparser.GeneratedJavaParser.Statements(GeneratedJavaParser.java:3114)
  com.github.javaparser.GeneratedJavaParser.Block(GeneratedJavaParser.java:6548)
  com.github.javaparser.GeneratedJavaParser.Statement(GeneratedJavaParser.java:6344)
  com.github.javaparser.GeneratedJavaParser.BlockStatement(GeneratedJavaParser.java:6727)
  com.github.javaparser.GeneratedJavaParser.Statements(GeneratedJavaParser.java:3114)
  com.github.javaparser.GeneratedJavaParser.Block(GeneratedJavaParser.java:6548)
  com.github.javaparser.GeneratedJavaParser.BlockParseStart(GeneratedJavaParser.java:9483)
  com.github.javaparser.JavaParser.parse(JavaParser.java:121)
  com.github.javaparser.JavaParser.parseBlock(JavaParser.java:313)
  de.uka.ilkd.key.java.JavaParserFactory.parseStatementBlock(JavaParserFactory.java:167)
  de.uka.ilkd.key.java.JavaService.recoderBlock(JavaService.java:782)
  de.uka.ilkd.key.java.JavaService.readBlock(JavaService.java:819)
  de.uka.ilkd.key.java.JavaService.readBlockWithProgramVariables(JavaService.java:875)
  de.uka.ilkd.key.nparser.builder.ExpressionBuilder.getJavaBlock(ExpressionBuilder.java:568)
  de.uka.ilkd.key.nparser.builder.ExpressionBuilder.visitModality_term(ExpressionBuilder.java:1074)
  de.uka.ilkd.key.nparser.KeYParser$Modality_termContext.accept(KeYParser.java:4623)
  org.antlr.v4.runtime.tree.AbstractParseTreeVisitor.visitChildren(AbstractParseTreeVisitor.java:46)
  de.uka.ilkd.key.nparser.KeYParserBaseVisitor.visitTerm60(KeYParserBaseVisitor.java:381)
  de.uka.ilkd.key.nparser.KeYParser$Term60Context.accept(KeYParser.java:4485)
  de.uka.ilkd.key.nparser.builder.AbstractBuilder.accept(AbstractBuilder.java:48)
  de.uka.ilkd.key.nparser.builder.DefaultBuilder.accept(DefaultBuilder.java:35)
  de.uka.ilkd.key.nparser.builder.ExpressionBuilder.visitConjunction_term(ExpressionBuilder.java:238)
  de.uka.ilkd.key.nparser.builder.ExpressionBuilder.visitConjunction_term(ExpressionBuilder.java:49)
  de.uka.ilkd.key.nparser.KeYParser$Conjunction_termContext.accept(KeYParser.java:4419)
  de.uka.ilkd.key.nparser.builder.AbstractBuilder.accept(AbstractBuilder.java:48)
  de.uka.ilkd.key.nparser.builder.DefaultBuilder.accept(DefaultBuilder.java:35)
  de.uka.ilkd.key.nparser.builder.ExpressionBuilder.visitDisjunction_term(ExpressionBuilder.java:229)
  de.uka.ilkd.key.nparser.builder.ExpressionBuilder.visitDisjunction_term(ExpressionBuilder.java:49)
  de.uka.ilkd.key.nparser.KeYParser$Disjunction_termContext.accept(KeYParser.java:4346)
  de.uka.ilkd.key.nparser.builder.AbstractBuilder.accept(AbstractBuilder.java:48)
  de.uka.ilkd.key.nparser.builder.DefaultBuilder.accept(DefaultBuilder.java:35)
  de.uka.ilkd.key.nparser.builder.ExpressionBuilder.visitImplication_term(ExpressionBuilder.java:222)
  de.uka.ilkd.key.nparser.builder.ExpressionBuilder.visitImplication_term(ExpressionBuilder.java:49)
  de.uka.ilkd.key.nparser.KeYParser$Implication_termContext.accept(KeYParser.java:4278)
  de.uka.ilkd.key.nparser.builder.AbstractBuilder.accept(AbstractBuilder.java:48)
  de.uka.ilkd.key.nparser.builder.DefaultBuilder.accept(DefaultBuilder.java:35)
  de.uka.ilkd.key.nparser.builder.ExpressionBuilder.visitEquivalence_term(ExpressionBuilder.java:198)
  de.uka.ilkd.key.nparser.builder.ExpressionBuilder.visitEquivalence_term(ExpressionBuilder.java:49)
  de.uka.ilkd.key.nparser.KeYParser$Equivalence_termContext.accept(KeYParser.java:4209)
  de.uka.ilkd.key.nparser.builder.AbstractBuilder.accept(AbstractBuilder.java:48)
  de.uka.ilkd.key.nparser.builder.DefaultBuilder.accept(DefaultBuilder.java:35)
  de.uka.ilkd.key.nparser.builder.ExpressionBuilder.visitElementary_update_term(ExpressionBuilder.java:188)
  de.uka.ilkd.key.nparser.builder.ExpressionBuilder.visitElementary_update_term(ExpressionBuilder.java:49)
  de.uka.ilkd.key.nparser.KeYParser$Elementary_update_termContext.accept(KeYParser.java:4142)
  de.uka.ilkd.key.nparser.builder.AbstractBuilder.lambda$mapOf$0(AbstractBuilder.java:124)
  java.base/java.util.stream.ReferencePipeline$3$1.accept(ReferencePipeline.java:197)
  java.base/java.util.ArrayList$ArrayListSpliterator.forEachRemaining(ArrayList.java:1625)
  java.base/java.util.stream.AbstractPipeline.copyInto(AbstractPipeline.java:509)
  java.base/java.util.stream.AbstractPipeline.wrapAndCopyInto(AbstractPipeline.java:499)
  java.base/java.util.stream.ReduceOps$ReduceOp.evaluateSequential(ReduceOps.java:921)
  java.base/java.util.stream.AbstractPipeline.evaluate(AbstractPipeline.java:234)
  java.base/java.util.stream.ReferencePipeline.collect(ReferencePipeline.java:682)
  de.uka.ilkd.key.nparser.builder.AbstractBuilder.mapOf(AbstractBuilder.java:124)
  de.uka.ilkd.key.nparser.builder.ExpressionBuilder.visitParallel_term(ExpressionBuilder.java:173)
  de.uka.ilkd.key.nparser.builder.ExpressionBuilder.visitParallel_term(ExpressionBuilder.java:49)
  de.uka.ilkd.key.nparser.KeYParser$Parallel_termContext.accept(KeYParser.java:4074)
  org.antlr.v4.runtime.tree.AbstractParseTreeVisitor.visitChildren(AbstractParseTreeVisitor.java:46)
  de.uka.ilkd.key.nparser.KeYParserBaseVisitor.visitTerm(KeYParserBaseVisitor.java:332)
  de.uka.ilkd.key.nparser.KeYParser$TermContext.accept(KeYParser.java:4020)
  de.uka.ilkd.key.nparser.builder.AbstractBuilder.accept(AbstractBuilder.java:48)
  de.uka.ilkd.key.nparser.builder.DefaultBuilder.accept(DefaultBuilder.java:35)
  de.uka.ilkd.key.nparser.builder.ExpressionBuilder.visitTermorseq(ExpressionBuilder.java:511)
  de.uka.ilkd.key.nparser.KeYParser$TermorseqContext.accept(KeYParser.java:8199)
  de.uka.ilkd.key.nparser.builder.AbstractBuilder.accept(AbstractBuilder.java:48)
  de.uka.ilkd.key.nparser.builder.DefaultBuilder.accept(DefaultBuilder.java:35)
  de.uka.ilkd.key.nparser.builder.TacletPBuilder.visitTaclet(TacletPBuilder.java:195)
  de.uka.ilkd.key.nparser.builder.TacletPBuilder.visitTaclet(TacletPBuilder.java:41)
  de.uka.ilkd.key.nparser.KeYParser$TacletContext.accept(KeYParser.java:7771)
  de.uka.ilkd.key.nparser.builder.AbstractBuilder.lambda$mapOf$0(AbstractBuilder.java:124)
  java.base/java.util.stream.ReferencePipeline$3$1.accept(ReferencePipeline.java:197)
  java.base/java.util.ArrayList$ArrayListSpliterator.forEachRemaining(ArrayList.java:1625)
  java.base/java.util.stream.AbstractPipeline.copyInto(AbstractPipeline.java:509)
  java.base/java.util.stream.AbstractPipeline.wrapAndCopyInto(AbstractPipeline.java:499)
  java.base/java.util.stream.ReduceOps$ReduceOp.evaluateSequential(ReduceOps.java:921)
  java.base/java.util.stream.AbstractPipeline.evaluate(AbstractPipeline.java:234)
  java.base/java.util.stream.ReferencePipeline.collect(ReferencePipeline.java:682)
  de.uka.ilkd.key.nparser.builder.AbstractBuilder.mapOf(AbstractBuilder.java:124)
  de.uka.ilkd.key.nparser.builder.TacletPBuilder.visitRulesOrAxioms(TacletPBuilder.java:95)
  de.uka.ilkd.key.nparser.KeYParser$RulesOrAxiomsContext.accept(KeYParser.java:10795)
  de.uka.ilkd.key.nparser.builder.AbstractBuilder.lambda$mapOf$0(AbstractBuilder.java:124)
  java.base/java.util.stream.ReferencePipeline$3$1.accept(ReferencePipeline.java:197)
  java.base/java.util.ArrayList$ArrayListSpliterator.forEachRemaining(ArrayList.java:1625)
  java.base/java.util.stream.AbstractPipeline.copyInto(AbstractPipeline.java:509)
  java.base/java.util.stream.AbstractPipeline.wrapAndCopyInto(AbstractPipeline.java:499)
  java.base/java.util.stream.ReduceOps$ReduceOp.evaluateSequential(ReduceOps.java:921)
  java.base/java.util.stream.AbstractPipeline.evaluate(AbstractPipeline.java:234)
  java.base/java.util.stream.ReferencePipeline.collect(ReferencePipeline.java:682)
  de.uka.ilkd.key.nparser.builder.AbstractBuilder.mapOf(AbstractBuilder.java:124)
  de.uka.ilkd.key.nparser.builder.TacletPBuilder.visitDecls(TacletPBuilder.java:76)
  de.uka.ilkd.key.nparser.KeYParser$DeclsContext.accept(KeYParser.java:515)
  org.antlr.v4.runtime.tree.AbstractParseTreeVisitor.visitChildren(AbstractParseTreeVisitor.java:46)
  de.uka.ilkd.key.nparser.KeYParserBaseVisitor.visitFile(KeYParserBaseVisitor.java:24)
  de.uka.ilkd.key.nparser.KeYParser$FileContext.accept(KeYParser.java:313)
  de.uka.ilkd.key.nparser.KeyAst.accept(KeyAst.java:43)
  de.uka.ilkd.key.nparser.KeyIO$Loader.loadTaclets(KeyIO.java:340)
  de.uka.ilkd.key.nparser.KeyIO$Loader.loadComplete(KeyIO.java:243)
  de.uka.ilkd.key.proof.io.KeYFileForTests.read(KeYFileForTests.java:53)
  de.uka.ilkd.key.proof.init.ProblemInitializer.readEnvInput(ProblemInitializer.java:323)
  de.uka.ilkd.key.proof.init.ProblemInitializer.prepare(ProblemInitializer.java:561)
  de.uka.ilkd.key.proof.init.ProblemInitializer.prepare(ProblemInitializer.java:471)
  de.uka.ilkd.key.rule.TacletForTests.parse(TacletForTests.java:80)
  de.uka.ilkd.key.rule.TacletForTests.parse(TacletForTests.java:125)
  de.uka.ilkd.key.rule.TacletForTests.parse(TacletForTests.java:129)
  de.uka.ilkd.key.rule.TestMatchTaclet.setUp(TestMatchTaclet.java:60)
  java.base/jdk.internal.reflect.NativeMethodAccessorImpl.invoke0(Native Method)
  java.base/jdk.internal.reflect.NativeMethodAccessorImpl.invoke(NativeMethodAccessorImpl.java:77)
  java.base/jdk.internal.reflect.DelegatingMethodAccessorImpl.invoke(DelegatingMethodAccessorImpl.java:43)
  java.base/java.lang.reflect.Method.invoke(Method.java:568)
  org.junit.platform.commons.util.ReflectionUtils.invokeMethod(ReflectionUtils.java:727)
  org.junit.jupiter.engine.execution.MethodInvocation.proceed(MethodInvocation.java:60)
  org.junit.jupiter.engine.execution.InvocationInterceptorChain$ValidatingInvocation.proceed(InvocationInterceptorChain.java:131)
  org.junit.jupiter.engine.extension.TimeoutExtension.intercept(TimeoutExtension.java:156)
  org.junit.jupiter.engine.extension.TimeoutExtension.interceptLifecycleMethod(TimeoutExtension.java:128)
  org.junit.jupiter.engine.extension.TimeoutExtension.interceptBeforeEachMethod(TimeoutExtension.java:78)
  org.junit.jupiter.engine.execution.InterceptingExecutableInvoker$ReflectiveInterceptorCall.lambda$ofVoidMethod$0(InterceptingExecutableInvoker.java:103)
  org.junit.jupiter.engine.execution.InterceptingExecutableInvoker.lambda$invoke$0(InterceptingExecutableInvoker.java:93)
  org.junit.jupiter.engine.execution.InvocationInterceptorChain$InterceptedInvocation.proceed(InvocationInterceptorChain.java:106)
  org.junit.jupiter.engine.execution.InvocationInterceptorChain.proceed(InvocationInterceptorChain.java:64)
  org.junit.jupiter.engine.execution.InvocationInterceptorChain.chainAndInvoke(InvocationInterceptorChain.java:45)
  org.junit.jupiter.engine.execution.InvocationInterceptorChain.invoke(InvocationInterceptorChain.java:37)
  org.junit.jupiter.engine.execution.InterceptingExecutableInvoker.invoke(InterceptingExecutableInvoker.java:92)
  org.junit.jupiter.engine.execution.InterceptingExecutableInvoker.invoke(InterceptingExecutableInvoker.java:86)
  org.junit.jupiter.engine.descriptor.ClassBasedTestDescriptor.invokeMethodInExtensionContext(ClassBasedTestDescriptor.java:520)
  org.junit.jupiter.engine.descriptor.ClassBasedTestDescriptor.lambda$synthesizeBeforeEachMethodAdapter$23(ClassBasedTestDescriptor.java:505)
  org.junit.jupiter.engine.descriptor.TestMethodTestDescriptor.lambda$invokeBeforeEachMethods$3(TestMethodTestDescriptor.java:174)
  org.junit.jupiter.engine.descriptor.TestMethodTestDescriptor.lambda$invokeBeforeMethodsOrCallbacksUntilExceptionOccurs$6(TestMethodTestDescriptor.java:202)
  org.junit.platform.engine.support.hierarchical.ThrowableCollector.execute(ThrowableCollector.java:73)
  org.junit.jupiter.engine.descriptor.TestMethodTestDescriptor.invokeBeforeMethodsOrCallbacksUntilExceptionOccurs(TestMethodTestDescriptor.java:202)
  org.junit.jupiter.engine.descriptor.TestMethodTestDescriptor.invokeBeforeEachMethods(TestMethodTestDescriptor.java:171)
  org.junit.jupiter.engine.descriptor.TestMethodTestDescriptor.execute(TestMethodTestDescriptor.java:134)
  org.junit.jupiter.engine.descriptor.TestMethodTestDescriptor.execute(TestMethodTestDescriptor.java:68)
  org.junit.platform.engine.support.hierarchical.NodeTestTask.lambda$executeRecursively$6(NodeTestTask.java:151)
  org.junit.platform.engine.support.hierarchical.ThrowableCollector.execute(ThrowableCollector.java:73)
  org.junit.platform.engine.support.hierarchical.NodeTestTask.lambda$executeRecursively$8(NodeTestTask.java:141)
  org.junit.platform.engine.support.hierarchical.Node.around(Node.java:137)
  org.junit.platform.engine.support.hierarchical.NodeTestTask.lambda$executeRecursively$9(NodeTestTask.java:139)
  org.junit.platform.engine.support.hierarchical.ThrowableCollector.execute(ThrowableCollector.java:73)
  org.junit.platform.engine.support.hierarchical.NodeTestTask.executeRecursively(NodeTestTask.java:138)
  org.junit.platform.engine.support.hierarchical.NodeTestTask.execute(NodeTestTask.java:95)
  java.base/java.util.ArrayList.forEach(ArrayList.java:1511)
  org.junit.platform.engine.support.hierarchical.SameThreadHierarchicalTestExecutorService.invokeAll(SameThreadHierarchicalTestExecutorService.java:41)
  org.junit.platform.engine.support.hierarchical.NodeTestTask.lambda$executeRecursively$6(NodeTestTask.java:155)
  org.junit.platform.engine.support.hierarchical.ThrowableCollector.execute(ThrowableCollector.java:73)
  org.junit.platform.engine.support.hierarchical.NodeTestTask.lambda$executeRecursively$8(NodeTestTask.java:141)
  org.junit.platform.engine.support.hierarchical.Node.around(Node.java:137)
  org.junit.platform.engine.support.hierarchical.NodeTestTask.lambda$executeRecursively$9(NodeTestTask.java:139)
  org.junit.platform.engine.support.hierarchical.ThrowableCollector.execute(ThrowableCollector.java:73)
  org.junit.platform.engine.support.hierarchical.NodeTestTask.executeRecursively(NodeTestTask.java:138)
  org.junit.platform.engine.support.hierarchical.NodeTestTask.execute(NodeTestTask.java:95)
  java.base/java.util.ArrayList.forEach(ArrayList.java:1511)
  org.junit.platform.engine.support.hierarchical.SameThreadHierarchicalTestExecutorService.invokeAll(SameThreadHierarchicalTestExecutorService.java:41)
  org.junit.platform.engine.support.hierarchical.NodeTestTask.lambda$executeRecursively$6(NodeTestTask.java:155)
  org.junit.platform.engine.support.hierarchical.ThrowableCollector.execute(ThrowableCollector.java:73)
  org.junit.platform.engine.support.hierarchical.NodeTestTask.lambda$executeRecursively$8(NodeTestTask.java:141)
  org.junit.platform.engine.support.hierarchical.Node.around(Node.java:137)
  org.junit.platform.engine.support.hierarchical.NodeTestTask.lambda$executeRecursively$9(NodeTestTask.java:139)
  org.junit.platform.engine.support.hierarchical.ThrowableCollector.execute(ThrowableCollector.java:73)
  org.junit.platform.engine.support.hierarchical.NodeTestTask.executeRecursively(NodeTestTask.java:138)
  org.junit.platform.engine.support.hierarchical.NodeTestTask.execute(NodeTestTask.java:95)
  org.junit.platform.engine.support.hierarchical.SameThreadHierarchicalTestExecutorService.submit(SameThreadHierarchicalTestExecutorService.java:35)
  org.junit.platform.engine.support.hierarchical.HierarchicalTestExecutor.execute(HierarchicalTestExecutor.java:57)
  org.junit.platform.engine.support.hierarchical.HierarchicalTestEngine.execute(HierarchicalTestEngine.java:54)
  org.junit.platform.launcher.core.EngineExecutionOrchestrator.execute(EngineExecutionOrchestrator.java:107)
  org.junit.platform.launcher.core.EngineExecutionOrchestrator.execute(EngineExecutionOrchestrator.java:88)
  org.junit.platform.launcher.core.EngineExecutionOrchestrator.lambda$execute$0(EngineExecutionOrchestrator.java:54)
  org.junit.platform.launcher.core.EngineExecutionOrchestrator.withInterceptedStreams(EngineExecutionOrchestrator.java:67)
  org.junit.platform.launcher.core.EngineExecutionOrchestrator.execute(EngineExecutionOrchestrator.java:52)
  org.junit.platform.launcher.core.DefaultLauncher.execute(DefaultLauncher.java:114)
  org.junit.platform.launcher.core.DefaultLauncher.execute(DefaultLauncher.java:86)
  org.junit.platform.launcher.core.DefaultLauncherSession$DelegatingLauncher.execute(DefaultLauncherSession.java:86)
  org.gradle.api.internal.tasks.testing.junitplatform.JUnitPlatformTestClassProcessor$CollectAllTestClassesExecutor.processAllTestClasses(JUnitPlatformTestClassProcessor.java:110)
  org.gradle.api.internal.tasks.testing.junitplatform.JUnitPlatformTestClassProcessor$CollectAllTestClassesExecutor.access$000(JUnitPlatformTestClassProcessor.java:90)
  org.gradle.api.internal.tasks.testing.junitplatform.JUnitPlatformTestClassProcessor.stop(JUnitPlatformTestClassProcessor.java:85)
  org.gradle.api.internal.tasks.testing.SuiteTestClassProcessor.stop(SuiteTestClassProcessor.java:62)
  java.base/jdk.internal.reflect.NativeMethodAccessorImpl.invoke0(Native Method)
  java.base/jdk.internal.reflect.NativeMethodAccessorImpl.invoke(NativeMethodAccessorImpl.java:77)
  java.base/jdk.internal.reflect.DelegatingMethodAccessorImpl.invoke(DelegatingMethodAccessorImpl.java:43)
  java.base/java.lang.reflect.Method.invoke(Method.java:568)
  org.gradle.internal.dispatch.ReflectionDispatch.dispatch(ReflectionDispatch.java:36)
  org.gradle.internal.dispatch.ReflectionDispatch.dispatch(ReflectionDispatch.java:24)
  org.gradle.internal.dispatch.ContextClassLoaderDispatch.dispatch(ContextClassLoaderDispatch.java:33)
  org.gradle.internal.dispatch.ProxyDispatchAdapter$DispatchingInvocationHandler.invoke(ProxyDispatchAdapter.java:94)
  jdk.proxy2/jdk.proxy2.$Proxy5.stop(Unknown Source)
  org.gradle.api.internal.tasks.testing.worker.TestWorker$3.run(TestWorker.java:193)
  org.gradle.api.internal.tasks.testing.worker.TestWorker.executeAndMaintainThreadName(TestWorker.java:129)
  org.gradle.api.internal.tasks.testing.worker.TestWorker.execute(TestWorker.java:100)
  org.gradle.api.internal.tasks.testing.worker.TestWorker.execute(TestWorker.java:60)
  org.gradle.process.internal.worker.child.ActionExecutionWorker.execute(ActionExecutionWorker.java:56)
  org.gradle.process.internal.worker.child.SystemApplicationClassLoaderWorker.call(SystemApplicationClassLoaderWorker.java:113)
  org.gradle.process.internal.worker.child.SystemApplicationClassLoaderWorker.call(SystemApplicationClassLoaderWorker.java:65)
  worker.org.gradle.process.internal.worker.GradleWorkerMain.run(GradleWorkerMain.java:69)
  worker.org.gradle.process.internal.worker.GradleWorkerMain.main(GradleWorkerMain.java:74). com.github.javaparser.ParseException: Encountered unexpected token: "}" "}"
    at line 1, column 22.

Was expecting one of:

    ","
    ";"
    "="
    "@"
    "["

	at com.github.javaparser.GeneratedJavaParser.generateParseException(GeneratedJavaParser.java:18340)

94922      ERROR Test worker     d.u.i.k.j.JavaService     Error in (line 1,col 11) Parse error. Found "}", expected one of  "," ";" "=" "@" "["
Problem stacktrace : 
  com.github.javaparser.GeneratedJavaParser.generateParseException(GeneratedJavaParser.java:18340)
  com.github.javaparser.GeneratedJavaParser.jj_consume_token(GeneratedJavaParser.java:18179)
  com.github.javaparser.GeneratedJavaParser.BlockStatement(GeneratedJavaParser.java:6611)
  com.github.javaparser.GeneratedJavaParser.Statements(GeneratedJavaParser.java:3114)
  com.github.javaparser.GeneratedJavaParser.Block(GeneratedJavaParser.java:6548)
  com.github.javaparser.GeneratedJavaParser.Statement(GeneratedJavaParser.java:6344)
  com.github.javaparser.GeneratedJavaParser.BlockStatement(GeneratedJavaParser.java:6727)
  com.github.javaparser.GeneratedJavaParser.Statements(GeneratedJavaParser.java:3114)
  com.github.javaparser.GeneratedJavaParser.Block(GeneratedJavaParser.java:6548)
  com.github.javaparser.GeneratedJavaParser.BlockParseStart(GeneratedJavaParser.java:9483)
  com.github.javaparser.JavaParser.parse(JavaParser.java:121)
  com.github.javaparser.JavaParser.parseBlock(JavaParser.java:313)
  de.uka.ilkd.key.java.JavaParserFactory.parseStatementBlock(JavaParserFactory.java:167)
  de.uka.ilkd.key.java.JavaService.recoderBlock(JavaService.java:782)
  de.uka.ilkd.key.java.JavaService.readBlock(JavaService.java:819)
  de.uka.ilkd.key.java.JavaService.readBlockWithEmptyContext(JavaService.java:854)
  de.uka.ilkd.key.nparser.builder.ExpressionBuilder.getJavaBlock(ExpressionBuilder.java:571)
  de.uka.ilkd.key.nparser.builder.ExpressionBuilder.visitModality_term(ExpressionBuilder.java:1074)
  de.uka.ilkd.key.nparser.KeYParser$Modality_termContext.accept(KeYParser.java:4623)
  org.antlr.v4.runtime.tree.AbstractParseTreeVisitor.visitChildren(AbstractParseTreeVisitor.java:46)
  de.uka.ilkd.key.nparser.KeYParserBaseVisitor.visitTerm60(KeYParserBaseVisitor.java:381)
  de.uka.ilkd.key.nparser.KeYParser$Term60Context.accept(KeYParser.java:4485)
  de.uka.ilkd.key.nparser.builder.AbstractBuilder.accept(AbstractBuilder.java:48)
  de.uka.ilkd.key.nparser.builder.DefaultBuilder.accept(DefaultBuilder.java:35)
  de.uka.ilkd.key.nparser.builder.ExpressionBuilder.visitConjunction_term(ExpressionBuilder.java:238)
  de.uka.ilkd.key.nparser.builder.ExpressionBuilder.visitConjunction_term(ExpressionBuilder.java:49)
  de.uka.ilkd.key.nparser.KeYParser$Conjunction_termContext.accept(KeYParser.java:4419)
  de.uka.ilkd.key.nparser.builder.AbstractBuilder.accept(AbstractBuilder.java:48)
  de.uka.ilkd.key.nparser.builder.DefaultBuilder.accept(DefaultBuilder.java:35)
  de.uka.ilkd.key.nparser.builder.ExpressionBuilder.visitDisjunction_term(ExpressionBuilder.java:229)
  de.uka.ilkd.key.nparser.builder.ExpressionBuilder.visitDisjunction_term(ExpressionBuilder.java:49)
  de.uka.ilkd.key.nparser.KeYParser$Disjunction_termContext.accept(KeYParser.java:4346)
  de.uka.ilkd.key.nparser.builder.AbstractBuilder.accept(AbstractBuilder.java:48)
  de.uka.ilkd.key.nparser.builder.DefaultBuilder.accept(DefaultBuilder.java:35)
  de.uka.ilkd.key.nparser.builder.ExpressionBuilder.visitImplication_term(ExpressionBuilder.java:222)
  de.uka.ilkd.key.nparser.builder.ExpressionBuilder.visitImplication_term(ExpressionBuilder.java:49)
  de.uka.ilkd.key.nparser.KeYParser$Implication_termContext.accept(KeYParser.java:4278)
  de.uka.ilkd.key.nparser.builder.AbstractBuilder.accept(AbstractBuilder.java:48)
  de.uka.ilkd.key.nparser.builder.DefaultBuilder.accept(DefaultBuilder.java:35)
  de.uka.ilkd.key.nparser.builder.ExpressionBuilder.visitEquivalence_term(ExpressionBuilder.java:198)
  de.uka.ilkd.key.nparser.builder.ExpressionBuilder.visitEquivalence_term(ExpressionBuilder.java:49)
  de.uka.ilkd.key.nparser.KeYParser$Equivalence_termContext.accept(KeYParser.java:4209)
  de.uka.ilkd.key.nparser.builder.AbstractBuilder.accept(AbstractBuilder.java:48)
  de.uka.ilkd.key.nparser.builder.DefaultBuilder.accept(DefaultBuilder.java:35)
  de.uka.ilkd.key.nparser.builder.ExpressionBuilder.visitElementary_update_term(ExpressionBuilder.java:188)
  de.uka.ilkd.key.nparser.builder.ExpressionBuilder.visitElementary_update_term(ExpressionBuilder.java:49)
  de.uka.ilkd.key.nparser.KeYParser$Elementary_update_termContext.accept(KeYParser.java:4142)
  de.uka.ilkd.key.nparser.builder.AbstractBuilder.lambda$mapOf$0(AbstractBuilder.java:124)
  java.base/java.util.stream.ReferencePipeline$3$1.accept(ReferencePipeline.java:197)
  java.base/java.util.ArrayList$ArrayListSpliterator.forEachRemaining(ArrayList.java:1625)
  java.base/java.util.stream.AbstractPipeline.copyInto(AbstractPipeline.java:509)
  java.base/java.util.stream.AbstractPipeline.wrapAndCopyInto(AbstractPipeline.java:499)
  java.base/java.util.stream.ReduceOps$ReduceOp.evaluateSequential(ReduceOps.java:921)
  java.base/java.util.stream.AbstractPipeline.evaluate(AbstractPipeline.java:234)
  java.base/java.util.stream.ReferencePipeline.collect(ReferencePipeline.java:682)
  de.uka.ilkd.key.nparser.builder.AbstractBuilder.mapOf(AbstractBuilder.java:124)
  de.uka.ilkd.key.nparser.builder.ExpressionBuilder.visitParallel_term(ExpressionBuilder.java:173)
  de.uka.ilkd.key.nparser.builder.ExpressionBuilder.visitParallel_term(ExpressionBuilder.java:49)
  de.uka.ilkd.key.nparser.KeYParser$Parallel_termContext.accept(KeYParser.java:4074)
  org.antlr.v4.runtime.tree.AbstractParseTreeVisitor.visitChildren(AbstractParseTreeVisitor.java:46)
  de.uka.ilkd.key.nparser.KeYParserBaseVisitor.visitTerm(KeYParserBaseVisitor.java:332)
  de.uka.ilkd.key.nparser.KeYParser$TermContext.accept(KeYParser.java:4020)
  de.uka.ilkd.key.nparser.builder.AbstractBuilder.accept(AbstractBuilder.java:48)
  de.uka.ilkd.key.nparser.builder.DefaultBuilder.accept(DefaultBuilder.java:35)
  de.uka.ilkd.key.nparser.builder.ExpressionBuilder.visitTermorseq(ExpressionBuilder.java:511)
  de.uka.ilkd.key.nparser.KeYParser$TermorseqContext.accept(KeYParser.java:8199)
  de.uka.ilkd.key.nparser.builder.AbstractBuilder.accept(AbstractBuilder.java:48)
  de.uka.ilkd.key.nparser.builder.DefaultBuilder.accept(DefaultBuilder.java:35)
  de.uka.ilkd.key.nparser.builder.TacletPBuilder.visitTaclet(TacletPBuilder.java:195)
  de.uka.ilkd.key.nparser.builder.TacletPBuilder.visitTaclet(TacletPBuilder.java:41)
  de.uka.ilkd.key.nparser.KeYParser$TacletContext.accept(KeYParser.java:7771)
  de.uka.ilkd.key.nparser.builder.AbstractBuilder.lambda$mapOf$0(AbstractBuilder.java:124)
  java.base/java.util.stream.ReferencePipeline$3$1.accept(ReferencePipeline.java:197)
  java.base/java.util.ArrayList$ArrayListSpliterator.forEachRemaining(ArrayList.java:1625)
  java.base/java.util.stream.AbstractPipeline.copyInto(AbstractPipeline.java:509)
  java.base/java.util.stream.AbstractPipeline.wrapAndCopyInto(AbstractPipeline.java:499)
  java.base/java.util.stream.ReduceOps$ReduceOp.evaluateSequential(ReduceOps.java:921)
  java.base/java.util.stream.AbstractPipeline.evaluate(AbstractPipeline.java:234)
  java.base/java.util.stream.ReferencePipeline.collect(ReferencePipeline.java:682)
  de.uka.ilkd.key.nparser.builder.AbstractBuilder.mapOf(AbstractBuilder.java:124)
  de.uka.ilkd.key.nparser.builder.TacletPBuilder.visitRulesOrAxioms(TacletPBuilder.java:95)
  de.uka.ilkd.key.nparser.KeYParser$RulesOrAxiomsContext.accept(KeYParser.java:10795)
  de.uka.ilkd.key.nparser.builder.AbstractBuilder.lambda$mapOf$0(AbstractBuilder.java:124)
  java.base/java.util.stream.ReferencePipeline$3$1.accept(ReferencePipeline.java:197)
  java.base/java.util.ArrayList$ArrayListSpliterator.forEachRemaining(ArrayList.java:1625)
  java.base/java.util.stream.AbstractPipeline.copyInto(AbstractPipeline.java:509)
  java.base/java.util.stream.AbstractPipeline.wrapAndCopyInto(AbstractPipeline.java:499)
  java.base/java.util.stream.ReduceOps$ReduceOp.evaluateSequential(ReduceOps.java:921)
  java.base/java.util.stream.AbstractPipeline.evaluate(AbstractPipeline.java:234)
  java.base/java.util.stream.ReferencePipeline.collect(ReferencePipeline.java:682)
  de.uka.ilkd.key.nparser.builder.AbstractBuilder.mapOf(AbstractBuilder.java:124)
  de.uka.ilkd.key.nparser.builder.TacletPBuilder.visitDecls(TacletPBuilder.java:76)
  de.uka.ilkd.key.nparser.KeYParser$DeclsContext.accept(KeYParser.java:515)
  org.antlr.v4.runtime.tree.AbstractParseTreeVisitor.visitChildren(AbstractParseTreeVisitor.java:46)
  de.uka.ilkd.key.nparser.KeYParserBaseVisitor.visitFile(KeYParserBaseVisitor.java:24)
  de.uka.ilkd.key.nparser.KeYParser$FileContext.accept(KeYParser.java:313)
  de.uka.ilkd.key.nparser.KeyAst.accept(KeyAst.java:43)
  de.uka.ilkd.key.nparser.KeyIO$Loader.loadTaclets(KeyIO.java:340)
  de.uka.ilkd.key.nparser.KeyIO$Loader.loadComplete(KeyIO.java:243)
  de.uka.ilkd.key.proof.io.KeYFileForTests.read(KeYFileForTests.java:53)
  de.uka.ilkd.key.proof.init.ProblemInitializer.readEnvInput(ProblemInitializer.java:323)
  de.uka.ilkd.key.proof.init.ProblemInitializer.prepare(ProblemInitializer.java:561)
  de.uka.ilkd.key.proof.init.ProblemInitializer.prepare(ProblemInitializer.java:471)
  de.uka.ilkd.key.rule.TacletForTests.parse(TacletForTests.java:80)
  de.uka.ilkd.key.rule.TacletForTests.parse(TacletForTests.java:125)
  de.uka.ilkd.key.rule.TacletForTests.parse(TacletForTests.java:129)
  de.uka.ilkd.key.rule.TestMatchTaclet.setUp(TestMatchTaclet.java:60)
  java.base/jdk.internal.reflect.NativeMethodAccessorImpl.invoke0(Native Method)
  java.base/jdk.internal.reflect.NativeMethodAccessorImpl.invoke(NativeMethodAccessorImpl.java:77)
  java.base/jdk.internal.reflect.DelegatingMethodAccessorImpl.invoke(DelegatingMethodAccessorImpl.java:43)
  java.base/java.lang.reflect.Method.invoke(Method.java:568)
  org.junit.platform.commons.util.ReflectionUtils.invokeMethod(ReflectionUtils.java:727)
  org.junit.jupiter.engine.execution.MethodInvocation.proceed(MethodInvocation.java:60)
  org.junit.jupiter.engine.execution.InvocationInterceptorChain$ValidatingInvocation.proceed(InvocationInterceptorChain.java:131)
  org.junit.jupiter.engine.extension.TimeoutExtension.intercept(TimeoutExtension.java:156)
  org.junit.jupiter.engine.extension.TimeoutExtension.interceptLifecycleMethod(TimeoutExtension.java:128)
  org.junit.jupiter.engine.extension.TimeoutExtension.interceptBeforeEachMethod(TimeoutExtension.java:78)
  org.junit.jupiter.engine.execution.InterceptingExecutableInvoker$ReflectiveInterceptorCall.lambda$ofVoidMethod$0(InterceptingExecutableInvoker.java:103)
  org.junit.jupiter.engine.execution.InterceptingExecutableInvoker.lambda$invoke$0(InterceptingExecutableInvoker.java:93)
  org.junit.jupiter.engine.execution.InvocationInterceptorChain$InterceptedInvocation.proceed(InvocationInterceptorChain.java:106)
  org.junit.jupiter.engine.execution.InvocationInterceptorChain.proceed(InvocationInterceptorChain.java:64)
  org.junit.jupiter.engine.execution.InvocationInterceptorChain.chainAndInvoke(InvocationInterceptorChain.java:45)
  org.junit.jupiter.engine.execution.InvocationInterceptorChain.invoke(InvocationInterceptorChain.java:37)
  org.junit.jupiter.engine.execution.InterceptingExecutableInvoker.invoke(InterceptingExecutableInvoker.java:92)
  org.junit.jupiter.engine.execution.InterceptingExecutableInvoker.invoke(InterceptingExecutableInvoker.java:86)
  org.junit.jupiter.engine.descriptor.ClassBasedTestDescriptor.invokeMethodInExtensionContext(ClassBasedTestDescriptor.java:520)
  org.junit.jupiter.engine.descriptor.ClassBasedTestDescriptor.lambda$synthesizeBeforeEachMethodAdapter$23(ClassBasedTestDescriptor.java:505)
  org.junit.jupiter.engine.descriptor.TestMethodTestDescriptor.lambda$invokeBeforeEachMethods$3(TestMethodTestDescriptor.java:174)
  org.junit.jupiter.engine.descriptor.TestMethodTestDescriptor.lambda$invokeBeforeMethodsOrCallbacksUntilExceptionOccurs$6(TestMethodTestDescriptor.java:202)
  org.junit.platform.engine.support.hierarchical.ThrowableCollector.execute(ThrowableCollector.java:73)
  org.junit.jupiter.engine.descriptor.TestMethodTestDescriptor.invokeBeforeMethodsOrCallbacksUntilExceptionOccurs(TestMethodTestDescriptor.java:202)
  org.junit.jupiter.engine.descriptor.TestMethodTestDescriptor.invokeBeforeEachMethods(TestMethodTestDescriptor.java:171)
  org.junit.jupiter.engine.descriptor.TestMethodTestDescriptor.execute(TestMethodTestDescriptor.java:134)
  org.junit.jupiter.engine.descriptor.TestMethodTestDescriptor.execute(TestMethodTestDescriptor.java:68)
  org.junit.platform.engine.support.hierarchical.NodeTestTask.lambda$executeRecursively$6(NodeTestTask.java:151)
  org.junit.platform.engine.support.hierarchical.ThrowableCollector.execute(ThrowableCollector.java:73)
  org.junit.platform.engine.support.hierarchical.NodeTestTask.lambda$executeRecursively$8(NodeTestTask.java:141)
  org.junit.platform.engine.support.hierarchical.Node.around(Node.java:137)
  org.junit.platform.engine.support.hierarchical.NodeTestTask.lambda$executeRecursively$9(NodeTestTask.java:139)
  org.junit.platform.engine.support.hierarchical.ThrowableCollector.execute(ThrowableCollector.java:73)
  org.junit.platform.engine.support.hierarchical.NodeTestTask.executeRecursively(NodeTestTask.java:138)
  org.junit.platform.engine.support.hierarchical.NodeTestTask.execute(NodeTestTask.java:95)
  java.base/java.util.ArrayList.forEach(ArrayList.java:1511)
  org.junit.platform.engine.support.hierarchical.SameThreadHierarchicalTestExecutorService.invokeAll(SameThreadHierarchicalTestExecutorService.java:41)
  org.junit.platform.engine.support.hierarchical.NodeTestTask.lambda$executeRecursively$6(NodeTestTask.java:155)
  org.junit.platform.engine.support.hierarchical.ThrowableCollector.execute(ThrowableCollector.java:73)
  org.junit.platform.engine.support.hierarchical.NodeTestTask.lambda$executeRecursively$8(NodeTestTask.java:141)
  org.junit.platform.engine.support.hierarchical.Node.around(Node.java:137)
  org.junit.platform.engine.support.hierarchical.NodeTestTask.lambda$executeRecursively$9(NodeTestTask.java:139)
  org.junit.platform.engine.support.hierarchical.ThrowableCollector.execute(ThrowableCollector.java:73)
  org.junit.platform.engine.support.hierarchical.NodeTestTask.executeRecursively(NodeTestTask.java:138)
  org.junit.platform.engine.support.hierarchical.NodeTestTask.execute(NodeTestTask.java:95)
  java.base/java.util.ArrayList.forEach(ArrayList.java:1511)
  org.junit.platform.engine.support.hierarchical.SameThreadHierarchicalTestExecutorService.invokeAll(SameThreadHierarchicalTestExecutorService.java:41)
  org.junit.platform.engine.support.hierarchical.NodeTestTask.lambda$executeRecursively$6(NodeTestTask.java:155)
  org.junit.platform.engine.support.hierarchical.ThrowableCollector.execute(ThrowableCollector.java:73)
  org.junit.platform.engine.support.hierarchical.NodeTestTask.lambda$executeRecursively$8(NodeTestTask.java:141)
  org.junit.platform.engine.support.hierarchical.Node.around(Node.java:137)
  org.junit.platform.engine.support.hierarchical.NodeTestTask.lambda$executeRecursively$9(NodeTestTask.java:139)
  org.junit.platform.engine.support.hierarchical.ThrowableCollector.execute(ThrowableCollector.java:73)
  org.junit.platform.engine.support.hierarchical.NodeTestTask.executeRecursively(NodeTestTask.java:138)
  org.junit.platform.engine.support.hierarchical.NodeTestTask.execute(NodeTestTask.java:95)
  org.junit.platform.engine.support.hierarchical.SameThreadHierarchicalTestExecutorService.submit(SameThreadHierarchicalTestExecutorService.java:35)
  org.junit.platform.engine.support.hierarchical.HierarchicalTestExecutor.execute(HierarchicalTestExecutor.java:57)
  org.junit.platform.engine.support.hierarchical.HierarchicalTestEngine.execute(HierarchicalTestEngine.java:54)
  org.junit.platform.launcher.core.EngineExecutionOrchestrator.execute(EngineExecutionOrchestrator.java:107)
  org.junit.platform.launcher.core.EngineExecutionOrchestrator.execute(EngineExecutionOrchestrator.java:88)
  org.junit.platform.launcher.core.EngineExecutionOrchestrator.lambda$execute$0(EngineExecutionOrchestrator.java:54)
  org.junit.platform.launcher.core.EngineExecutionOrchestrator.withInterceptedStreams(EngineExecutionOrchestrator.java:67)
  org.junit.platform.launcher.core.EngineExecutionOrchestrator.execute(EngineExecutionOrchestrator.java:52)
  org.junit.platform.launcher.core.DefaultLauncher.execute(DefaultLauncher.java:114)
  org.junit.platform.launcher.core.DefaultLauncher.execute(DefaultLauncher.java:86)
  org.junit.platform.launcher.core.DefaultLauncherSession$DelegatingLauncher.execute(DefaultLauncherSession.java:86)
  org.gradle.api.internal.tasks.testing.junitplatform.JUnitPlatformTestClassProcessor$CollectAllTestClassesExecutor.processAllTestClasses(JUnitPlatformTestClassProcessor.java:110)
  org.gradle.api.internal.tasks.testing.junitplatform.JUnitPlatformTestClassProcessor$CollectAllTestClassesExecutor.access$000(JUnitPlatformTestClassProcessor.java:90)
  org.gradle.api.internal.tasks.testing.junitplatform.JUnitPlatformTestClassProcessor.stop(JUnitPlatformTestClassProcessor.java:85)
  org.gradle.api.internal.tasks.testing.SuiteTestClassProcessor.stop(SuiteTestClassProcessor.java:62)
  java.base/jdk.internal.reflect.NativeMethodAccessorImpl.invoke0(Native Method)
  java.base/jdk.internal.reflect.NativeMethodAccessorImpl.invoke(NativeMethodAccessorImpl.java:77)
  java.base/jdk.internal.reflect.DelegatingMethodAccessorImpl.invoke(DelegatingMethodAccessorImpl.java:43)
  java.base/java.lang.reflect.Method.invoke(Method.java:568)
  org.gradle.internal.dispatch.ReflectionDispatch.dispatch(ReflectionDispatch.java:36)
  org.gradle.internal.dispatch.ReflectionDispatch.dispatch(ReflectionDispatch.java:24)
  org.gradle.internal.dispatch.ContextClassLoaderDispatch.dispatch(ContextClassLoaderDispatch.java:33)
  org.gradle.internal.dispatch.ProxyDispatchAdapter$DispatchingInvocationHandler.invoke(ProxyDispatchAdapter.java:94)
  jdk.proxy2/jdk.proxy2.$Proxy5.stop(Unknown Source)
  org.gradle.api.internal.tasks.testing.worker.TestWorker$3.run(TestWorker.java:193)
  org.gradle.api.internal.tasks.testing.worker.TestWorker.executeAndMaintainThreadName(TestWorker.java:129)
  org.gradle.api.internal.tasks.testing.worker.TestWorker.execute(TestWorker.java:100)
  org.gradle.api.internal.tasks.testing.worker.TestWorker.execute(TestWorker.java:60)
  org.gradle.process.internal.worker.child.ActionExecutionWorker.execute(ActionExecutionWorker.java:56)
  org.gradle.process.internal.worker.child.SystemApplicationClassLoaderWorker.call(SystemApplicationClassLoaderWorker.java:113)
  org.gradle.process.internal.worker.child.SystemApplicationClassLoaderWorker.call(SystemApplicationClassLoaderWorker.java:65)
  worker.org.gradle.process.internal.worker.GradleWorkerMain.run(GradleWorkerMain.java:69)
  worker.org.gradle.process.internal.worker.GradleWorkerMain.main(GradleWorkerMain.java:74). com.github.javaparser.ParseException: Encountered unexpected token: "}" "}"
    at line 1, column 22.

Was expecting one of:

    ","
    ";"
    "="
    "@"
    "["

	at com.github.javaparser.GeneratedJavaParser.generateParseException(GeneratedJavaParser.java:18340)

94937      ERROR Test worker     d.u.i.k.n.b.TacletPBuilder Error in parsing taclet. de.uka.ilkd.key.util.parsing.BuildingExceptions: Multiple errors occured
	at de.uka.ilkd.key.java.JavaService.reportErrors(JavaService.java:219)

94946      DEBUG Test worker     d.u.i.k.n.KeyIO           MODE: taclets took 76ms 
95089      ERROR Test worker     d.u.i.k.j.KeYJPMapping    Duplicate registration of node: boolean, formerNode: /*@ pure @*/
boolean 
95094      ERROR Test worker     d.u.i.k.j.KeYJPMapping    Duplicate registration of node: Object, formerNode: java.lang.Object 
95094      ERROR Test worker     d.u.i.k.j.KeYJPMapping    Duplicate registration of node: Object, formerNode: java.lang.Object 
95095      ERROR Test worker     d.u.i.k.j.KeYJPMapping    Duplicate registration of node: Annotation, formerNode: Annotation 
95097      ERROR Test worker     d.u.i.k.j.KeYJPMapping    Duplicate registration of node: ArithmeticException, formerNode: ArithmeticException 
95099      ERROR Test worker     d.u.i.k.j.KeYJPMapping    Duplicate registration of node: ArrayIndexOutOfBoundsException, formerNode: ArrayIndexOutOfBoundsException 
95100      ERROR Test worker     d.u.i.k.j.KeYJPMapping    Duplicate registration of node: ArrayStoreException, formerNode: ArrayStoreException 
95102      ERROR Test worker     d.u.i.k.j.KeYJPMapping    Duplicate registration of node: AssertionError, formerNode: AssertionError 
95103      ERROR Test worker     d.u.i.k.j.KeYJPMapping    Duplicate registration of node: Character, formerNode: Character 
95104      ERROR Test worker     d.u.i.k.j.KeYJPMapping    Duplicate registration of node: Class, formerNode: java.lang.Class 
95104      ERROR Test worker     d.u.i.k.j.KeYJPMapping    Duplicate registration of node: Class, formerNode: java.lang.Class 
95105      ERROR Test worker     d.u.i.k.j.KeYJPMapping    Duplicate registration of node: ClassCastException, formerNode: ClassCastException 
95106      ERROR Test worker     d.u.i.k.j.KeYJPMapping    Duplicate registration of node: CloneNotSupportedException, formerNode: CloneNotSupportedException 
95107      ERROR Test worker     d.u.i.k.j.KeYJPMapping    Duplicate registration of node: Cloneable, formerNode: Cloneable 
95108      ERROR Test worker     d.u.i.k.j.KeYJPMapping    Duplicate registration of node: Comparable, formerNode: Comparable 
95109      ERROR Test worker     d.u.i.k.j.KeYJPMapping    Duplicate registration of node: Double, formerNode: Double 
95111      ERROR Test worker     d.u.i.k.j.KeYJPMapping    Duplicate registration of node: Enum, formerNode: java.lang.Enum 
95111      ERROR Test worker     d.u.i.k.j.KeYJPMapping    Duplicate registration of node: Enum, formerNode: java.lang.Enum 
95114      ERROR Test worker     d.u.i.k.j.KeYJPMapping    Duplicate registration of node: Error, formerNode: Error 
95116      ERROR Test worker     d.u.i.k.j.KeYJPMapping    Duplicate registration of node: Exception, formerNode: Exception 
95117      ERROR Test worker     d.u.i.k.j.KeYJPMapping    Duplicate registration of node: ExceptionInInitializerError, formerNode: java.lang.ExceptionInInitializerError 
95118      ERROR Test worker     d.u.i.k.j.KeYJPMapping    Duplicate registration of node: ExceptionInInitializerError, formerNode: java.lang.ExceptionInInitializerError 
95118      ERROR Test worker     d.u.i.k.j.KeYJPMapping    Duplicate registration of node: Float, formerNode: Float 
95119      ERROR Test worker     d.u.i.k.j.KeYJPMapping    Duplicate registration of node: IllegalArgumentException, formerNode: IllegalArgumentException 
95120      ERROR Test worker     d.u.i.k.j.KeYJPMapping    Duplicate registration of node: IndexOutOfBoundsException, formerNode: IndexOutOfBoundsException 
95136      ERROR Test worker     d.u.i.k.j.KeYJPMapping    Duplicate registration of node: Integer, formerNode: java.lang.Integer 
95136      ERROR Test worker     d.u.i.k.j.KeYJPMapping    Duplicate registration of node: Integer, formerNode: java.lang.Integer 
95137      ERROR Test worker     d.u.i.k.j.KeYJPMapping    Duplicate registration of node: InterruptedException, formerNode: InterruptedException 
95138      ERROR Test worker     d.u.i.k.j.KeYJPMapping    Duplicate registration of node: Iterable, formerNode: Iterable 
95139      ERROR Test worker     d.u.i.k.j.KeYJPMapping    Duplicate registration of node: LinkageError, formerNode: LinkageError 
95148      ERROR Test worker     d.u.i.k.j.KeYJPMapping    Duplicate registration of node: Math, formerNode: Math 
95149      ERROR Test worker     d.u.i.k.j.KeYJPMapping    Duplicate registration of node: NegativeArraySizeException, formerNode: NegativeArraySizeException 
95150      ERROR Test worker     d.u.i.k.j.KeYJPMapping    Duplicate registration of node: NoClassDefFoundError, formerNode: java.lang.NoClassDefFoundError 
95150      ERROR Test worker     d.u.i.k.j.KeYJPMapping    Duplicate registration of node: NoClassDefFoundError, formerNode: java.lang.NoClassDefFoundError 
95151      ERROR Test worker     d.u.i.k.j.KeYJPMapping    Duplicate registration of node: NullPointerException, formerNode: NullPointerException 
95152      ERROR Test worker     d.u.i.k.j.KeYJPMapping    Duplicate registration of node: Number, formerNode: Number 
95154      ERROR Test worker     d.u.i.k.j.KeYJPMapping    Duplicate registration of node: NumberFormatException, formerNode: NumberFormatException 
95155      ERROR Test worker     d.u.i.k.j.KeYJPMapping    Duplicate registration of node: VirtualMachineError, formerNode: VirtualMachineError 
95156      ERROR Test worker     d.u.i.k.j.KeYJPMapping    Duplicate registration of node: OutOfMemoryError, formerNode: OutOfMemoryError 
95157      ERROR Test worker     d.u.i.k.j.KeYJPMapping    Duplicate registration of node: Runnable, formerNode: Runnable 
95159      ERROR Test worker     d.u.i.k.j.KeYJPMapping    Duplicate registration of node: RuntimeException, formerNode: RuntimeException 
95159      ERROR Test worker     d.u.i.k.j.KeYJPMapping    Duplicate registration of node: /*@pure*/
int, formerNode: int 
95162      ERROR Test worker     d.u.i.k.j.KeYJPMapping    Duplicate registration of node: /*@ helper */
int, formerNode: int 
95162      ERROR Test worker     d.u.i.k.j.KeYJPMapping    Duplicate registration of node: /*@ helper */
boolean, formerNode: /*@ pure @*/
boolean 
95172      ERROR Test worker     d.u.i.k.j.KeYJPMapping    Duplicate registration of node: /*@ helper */
java.lang.String, formerNode: java.lang.String 
95182      ERROR Test worker     d.u.i.k.j.KeYJPMapping    Duplicate registration of node: String, formerNode: java.lang.String 
95202      ERROR Test worker     d.u.i.k.j.KeYJPMapping    Duplicate registration of node: String, formerNode: java.lang.String 
95205      ERROR Test worker     d.u.i.k.j.KeYJPMapping    Duplicate registration of node: char, formerNode: /*@ helper */
char 
95206      ERROR Test worker     d.u.i.k.j.KeYJPMapping    Duplicate registration of node: StringBuffer, formerNode: StringBuffer 
95209      ERROR Test worker     d.u.i.k.j.KeYJPMapping    Duplicate registration of node: System, formerNode: System 
95210      ERROR Test worker     d.u.i.k.j.KeYJPMapping    Duplicate registration of node: Thread, formerNode: Thread 
95213      ERROR Test worker     d.u.i.k.j.KeYJPMapping    Duplicate registration of node: Throwable, formerNode: java.lang.Throwable 
95213      ERROR Test worker     d.u.i.k.j.KeYJPMapping    Duplicate registration of node: Throwable, formerNode: java.lang.Throwable 
95218      ERROR Test worker     d.u.i.k.j.KeYJPMapping    Duplicate registration of node: Collection, formerNode: Collection 
95219      ERROR Test worker     d.u.i.k.j.KeYJPMapping    Duplicate registration of node: Iterator, formerNode: java.util.Iterator 
95219      ERROR Test worker     d.u.i.k.j.KeYJPMapping    Duplicate registration of node: Iterator, formerNode: java.util.Iterator 
95222      ERROR Test worker     d.u.i.k.j.KeYJPMapping    Duplicate registration of node: List, formerNode: java.util.List 
95222      ERROR Test worker     d.u.i.k.j.KeYJPMapping    Duplicate registration of node: List, formerNode: java.util.List 
95224      ERROR Test worker     d.u.i.k.j.KeYJPMapping    Duplicate registration of node: ListIterator, formerNode: java.util.ListIterator 
95225      ERROR Test worker     d.u.i.k.j.KeYJPMapping    Duplicate registration of node: ListIterator, formerNode: java.util.ListIterator 
95226      ERROR Test worker     d.u.i.k.j.KeYJPMapping    Duplicate registration of node: Long, formerNode: Long 
95227      ERROR Test worker     d.u.i.k.j.KeYJPMapping    Duplicate registration of node: Boolean, formerNode: Boolean 
95231      ERROR Test worker     d.u.i.k.j.KeYJPMapping    Duplicate registration of node: Map, formerNode: Map 
95235      ERROR Test worker     d.u.i.k.j.KeYJPMapping    Duplicate registration of node: Set, formerNode: java.util.Set 
95235      ERROR Test worker     d.u.i.k.j.KeYJPMapping    Duplicate registration of node: Set, formerNode: java.util.Set 
95237      ERROR Test worker     d.u.i.k.j.KeYJPMapping    Duplicate registration of node: FilterOutputStream, formerNode: FilterOutputStream 
95237      ERROR Test worker     d.u.i.k.j.KeYJPMapping    Duplicate registration of node: InputStream, formerNode: java.io.InputStream 
95237      ERROR Test worker     d.u.i.k.j.KeYJPMapping    Duplicate registration of node: InputStream, formerNode: java.io.InputStream 
95240      ERROR Test worker     d.u.i.k.j.KeYJPMapping    Duplicate registration of node: IOException, formerNode: IOException 
95240      ERROR Test worker     d.u.i.k.j.KeYJPMapping    Duplicate registration of node: OutputStream, formerNode: java.io.OutputStream 
95240      ERROR Test worker     d.u.i.k.j.KeYJPMapping    Duplicate registration of node: OutputStream, formerNode: java.io.OutputStream 
95245      ERROR Test worker     d.u.i.k.j.KeYJPMapping    Duplicate registration of node: PrintStream, formerNode: java.io.PrintStream 
95245      ERROR Test worker     d.u.i.k.j.KeYJPMapping    Duplicate registration of node: PrintStream, formerNode: java.io.PrintStream 
95246      ERROR Test worker     d.u.i.k.j.KeYJPMapping    Duplicate registration of node: Serializable, formerNode: Serializable 
95247      ERROR Test worker     d.u.i.k.j.KeYJPMapping    Duplicate registration of node: BigInteger, formerNode: java.math.BigInteger 
95248      ERROR Test worker     d.u.i.k.j.KeYJPMapping    Duplicate registration of node: BigInteger, formerNode: java.math.BigInteger 
95249      ERROR Test worker     d.u.i.k.j.KeYJPMapping    Duplicate registration of node: ArrayList, formerNode: ArrayList 
95252      ERROR Test worker     d.u.i.k.j.KeYJPMapping    Duplicate registration of node: byte[], formerNode: byte[] 
95270      ERROR Test worker     d.u.i.k.j.KeYJPMapping    Duplicate registration of node: Arrays, formerNode: Arrays 
95271      ERROR Test worker     d.u.i.k.j.KeYJPMapping    Duplicate registration of node: ListIteratorImpl, formerNode: ListIteratorImpl 
95272      ERROR Test worker     d.u.i.k.j.KeYJPMapping    Duplicate registration of node: Date, formerNode: Date 
95273      ERROR Test worker     d.u.i.k.j.KeYJPMapping    Duplicate registration of node: LinkedHashMap, formerNode: LinkedHashMap 
95273      ERROR Test worker     d.u.i.k.j.KeYJPMapping    Duplicate registration of node: /*@pure@*/
String, formerNode: /*@strictly_pure*/
java.lang.String 
95274      ERROR Test worker     d.u.i.k.j.KeYJPMapping    Duplicate registration of node: LinkedList, formerNode: LinkedList 
95289      INFO  Test worker     d.u.i.k.n.KeyIO           Parsing took 3 ms 
95289      DEBUG Test worker     d.u.i.k.n.KeyIO           Load declarations of de.uka.ilkd.key.nparser.KeyAst$File:  /home/runner/work/key/key/key.core/src/test/resources/testcase/../de/uka/ilkd/key/rule/testRuleMatch.txt:8#1 
95289      INFO  Test worker     d.u.i.k.n.KeyIO           MODE: declarations took 0 ms 
95289      DEBUG Test worker     d.u.i.k.n.KeyIO           MODE: 2nd degree decls took 0 
95328      ERROR Test worker     d.u.i.k.j.JavaService     Error in (line 1,col 11) Parse error. Found "}", expected one of  "," ";" "=" "@" "["
Problem stacktrace : 
  com.github.javaparser.GeneratedJavaParser.generateParseException(GeneratedJavaParser.java:18340)
  com.github.javaparser.GeneratedJavaParser.jj_consume_token(GeneratedJavaParser.java:18179)
  com.github.javaparser.GeneratedJavaParser.BlockStatement(GeneratedJavaParser.java:6611)
  com.github.javaparser.GeneratedJavaParser.Statements(GeneratedJavaParser.java:3114)
  com.github.javaparser.GeneratedJavaParser.Block(GeneratedJavaParser.java:6548)
  com.github.javaparser.GeneratedJavaParser.Statement(GeneratedJavaParser.java:6344)
  com.github.javaparser.GeneratedJavaParser.BlockStatement(GeneratedJavaParser.java:6727)
  com.github.javaparser.GeneratedJavaParser.Statements(GeneratedJavaParser.java:3114)
  com.github.javaparser.GeneratedJavaParser.Block(GeneratedJavaParser.java:6548)
  com.github.javaparser.GeneratedJavaParser.BlockParseStart(GeneratedJavaParser.java:9483)
  com.github.javaparser.JavaParser.parse(JavaParser.java:121)
  com.github.javaparser.JavaParser.parseBlock(JavaParser.java:313)
  de.uka.ilkd.key.java.JavaParserFactory.parseStatementBlock(JavaParserFactory.java:167)
  de.uka.ilkd.key.java.JavaService.recoderBlock(JavaService.java:782)
  de.uka.ilkd.key.java.JavaService.readBlock(JavaService.java:819)
  de.uka.ilkd.key.java.JavaService.readBlockWithProgramVariables(JavaService.java:875)
  de.uka.ilkd.key.nparser.builder.ExpressionBuilder.getJavaBlock(ExpressionBuilder.java:568)
  de.uka.ilkd.key.nparser.builder.ExpressionBuilder.visitModality_term(ExpressionBuilder.java:1074)
  de.uka.ilkd.key.nparser.KeYParser$Modality_termContext.accept(KeYParser.java:4623)
  org.antlr.v4.runtime.tree.AbstractParseTreeVisitor.visitChildren(AbstractParseTreeVisitor.java:46)
  de.uka.ilkd.key.nparser.KeYParserBaseVisitor.visitTerm60(KeYParserBaseVisitor.java:381)
  de.uka.ilkd.key.nparser.KeYParser$Term60Context.accept(KeYParser.java:4485)
  de.uka.ilkd.key.nparser.builder.AbstractBuilder.accept(AbstractBuilder.java:48)
  de.uka.ilkd.key.nparser.builder.DefaultBuilder.accept(DefaultBuilder.java:35)
  de.uka.ilkd.key.nparser.builder.ExpressionBuilder.visitConjunction_term(ExpressionBuilder.java:238)
  de.uka.ilkd.key.nparser.builder.ExpressionBuilder.visitConjunction_term(ExpressionBuilder.java:49)
  de.uka.ilkd.key.nparser.KeYParser$Conjunction_termContext.accept(KeYParser.java:4419)
  de.uka.ilkd.key.nparser.builder.AbstractBuilder.accept(AbstractBuilder.java:48)
  de.uka.ilkd.key.nparser.builder.DefaultBuilder.accept(DefaultBuilder.java:35)
  de.uka.ilkd.key.nparser.builder.ExpressionBuilder.visitDisjunction_term(ExpressionBuilder.java:229)
  de.uka.ilkd.key.nparser.builder.ExpressionBuilder.visitDisjunction_term(ExpressionBuilder.java:49)
  de.uka.ilkd.key.nparser.KeYParser$Disjunction_termContext.accept(KeYParser.java:4346)
  de.uka.ilkd.key.nparser.builder.AbstractBuilder.accept(AbstractBuilder.java:48)
  de.uka.ilkd.key.nparser.builder.DefaultBuilder.accept(DefaultBuilder.java:35)
  de.uka.ilkd.key.nparser.builder.ExpressionBuilder.visitImplication_term(ExpressionBuilder.java:222)
  de.uka.ilkd.key.nparser.builder.ExpressionBuilder.visitImplication_term(ExpressionBuilder.java:49)
  de.uka.ilkd.key.nparser.KeYParser$Implication_termContext.accept(KeYParser.java:4278)
  de.uka.ilkd.key.nparser.builder.AbstractBuilder.accept(AbstractBuilder.java:48)
  de.uka.ilkd.key.nparser.builder.DefaultBuilder.accept(DefaultBuilder.java:35)
  de.uka.ilkd.key.nparser.builder.ExpressionBuilder.visitEquivalence_term(ExpressionBuilder.java:198)
  de.uka.ilkd.key.nparser.builder.ExpressionBuilder.visitEquivalence_term(ExpressionBuilder.java:49)
  de.uka.ilkd.key.nparser.KeYParser$Equivalence_termContext.accept(KeYParser.java:4209)
  de.uka.ilkd.key.nparser.builder.AbstractBuilder.accept(AbstractBuilder.java:48)
  de.uka.ilkd.key.nparser.builder.DefaultBuilder.accept(DefaultBuilder.java:35)
  de.uka.ilkd.key.nparser.builder.ExpressionBuilder.visitElementary_update_term(ExpressionBuilder.java:188)
  de.uka.ilkd.key.nparser.builder.ExpressionBuilder.visitElementary_update_term(ExpressionBuilder.java:49)
  de.uka.ilkd.key.nparser.KeYParser$Elementary_update_termContext.accept(KeYParser.java:4142)
  de.uka.ilkd.key.nparser.builder.AbstractBuilder.lambda$mapOf$0(AbstractBuilder.java:124)
  java.base/java.util.stream.ReferencePipeline$3$1.accept(ReferencePipeline.java:197)
  java.base/java.util.ArrayList$ArrayListSpliterator.forEachRemaining(ArrayList.java:1625)
  java.base/java.util.stream.AbstractPipeline.copyInto(AbstractPipeline.java:509)
  java.base/java.util.stream.AbstractPipeline.wrapAndCopyInto(AbstractPipeline.java:499)
  java.base/java.util.stream.ReduceOps$ReduceOp.evaluateSequential(ReduceOps.java:921)
  java.base/java.util.stream.AbstractPipeline.evaluate(AbstractPipeline.java:234)
  java.base/java.util.stream.ReferencePipeline.collect(ReferencePipeline.java:682)
  de.uka.ilkd.key.nparser.builder.AbstractBuilder.mapOf(AbstractBuilder.java:124)
  de.uka.ilkd.key.nparser.builder.ExpressionBuilder.visitParallel_term(ExpressionBuilder.java:173)
  de.uka.ilkd.key.nparser.builder.ExpressionBuilder.visitParallel_term(ExpressionBuilder.java:49)
  de.uka.ilkd.key.nparser.KeYParser$Parallel_termContext.accept(KeYParser.java:4074)
  org.antlr.v4.runtime.tree.AbstractParseTreeVisitor.visitChildren(AbstractParseTreeVisitor.java:46)
  de.uka.ilkd.key.nparser.KeYParserBaseVisitor.visitTerm(KeYParserBaseVisitor.java:332)
  de.uka.ilkd.key.nparser.KeYParser$TermContext.accept(KeYParser.java:4020)
  de.uka.ilkd.key.nparser.builder.AbstractBuilder.accept(AbstractBuilder.java:48)
  de.uka.ilkd.key.nparser.builder.DefaultBuilder.accept(DefaultBuilder.java:35)
  de.uka.ilkd.key.nparser.builder.ExpressionBuilder.visitTermorseq(ExpressionBuilder.java:511)
  de.uka.ilkd.key.nparser.KeYParser$TermorseqContext.accept(KeYParser.java:8199)
  de.uka.ilkd.key.nparser.builder.AbstractBuilder.accept(AbstractBuilder.java:48)
  de.uka.ilkd.key.nparser.builder.DefaultBuilder.accept(DefaultBuilder.java:35)
  de.uka.ilkd.key.nparser.builder.TacletPBuilder.visitTaclet(TacletPBuilder.java:195)
  de.uka.ilkd.key.nparser.builder.TacletPBuilder.visitTaclet(TacletPBuilder.java:41)
  de.uka.ilkd.key.nparser.KeYParser$TacletContext.accept(KeYParser.java:7771)
  de.uka.ilkd.key.nparser.builder.AbstractBuilder.lambda$mapOf$0(AbstractBuilder.java:124)
  java.base/java.util.stream.ReferencePipeline$3$1.accept(ReferencePipeline.java:197)
  java.base/java.util.ArrayList$ArrayListSpliterator.forEachRemaining(ArrayList.java:1625)
  java.base/java.util.stream.AbstractPipeline.copyInto(AbstractPipeline.java:509)
  java.base/java.util.stream.AbstractPipeline.wrapAndCopyInto(AbstractPipeline.java:499)
  java.base/java.util.stream.ReduceOps$ReduceOp.evaluateSequential(ReduceOps.java:921)
  java.base/java.util.stream.AbstractPipeline.evaluate(AbstractPipeline.java:234)
  java.base/java.util.stream.ReferencePipeline.collect(ReferencePipeline.java:682)
  de.uka.ilkd.key.nparser.builder.AbstractBuilder.mapOf(AbstractBuilder.java:124)
  de.uka.ilkd.key.nparser.builder.TacletPBuilder.visitRulesOrAxioms(TacletPBuilder.java:95)
  de.uka.ilkd.key.nparser.KeYParser$RulesOrAxiomsContext.accept(KeYParser.java:10795)
  de.uka.ilkd.key.nparser.builder.AbstractBuilder.lambda$mapOf$0(AbstractBuilder.java:124)
  java.base/java.util.stream.ReferencePipeline$3$1.accept(ReferencePipeline.java:197)
  java.base/java.util.ArrayList$ArrayListSpliterator.forEachRemaining(ArrayList.java:1625)
  java.base/java.util.stream.AbstractPipeline.copyInto(AbstractPipeline.java:509)
  java.base/java.util.stream.AbstractPipeline.wrapAndCopyInto(AbstractPipeline.java:499)
  java.base/java.util.stream.ReduceOps$ReduceOp.evaluateSequential(ReduceOps.java:921)
  java.base/java.util.stream.AbstractPipeline.evaluate(AbstractPipeline.java:234)
  java.base/java.util.stream.ReferencePipeline.collect(ReferencePipeline.java:682)
  de.uka.ilkd.key.nparser.builder.AbstractBuilder.mapOf(AbstractBuilder.java:124)
  de.uka.ilkd.key.nparser.builder.TacletPBuilder.visitDecls(TacletPBuilder.java:76)
  de.uka.ilkd.key.nparser.KeYParser$DeclsContext.accept(KeYParser.java:515)
  org.antlr.v4.runtime.tree.AbstractParseTreeVisitor.visitChildren(AbstractParseTreeVisitor.java:46)
  de.uka.ilkd.key.nparser.KeYParserBaseVisitor.visitFile(KeYParserBaseVisitor.java:24)
  de.uka.ilkd.key.nparser.KeYParser$FileContext.accept(KeYParser.java:313)
  de.uka.ilkd.key.nparser.KeyAst.accept(KeyAst.java:43)
  de.uka.ilkd.key.nparser.KeyIO$Loader.loadTaclets(KeyIO.java:340)
  de.uka.ilkd.key.nparser.KeyIO$Loader.loadComplete(KeyIO.java:243)
  de.uka.ilkd.key.proof.io.KeYFileForTests.read(KeYFileForTests.java:53)
  de.uka.ilkd.key.proof.init.ProblemInitializer.readEnvInput(ProblemInitializer.java:323)
  de.uka.ilkd.key.proof.init.ProblemInitializer.prepare(ProblemInitializer.java:561)
  de.uka.ilkd.key.proof.init.ProblemInitializer.prepare(ProblemInitializer.java:471)
  de.uka.ilkd.key.rule.TacletForTests.parse(TacletForTests.java:80)
  de.uka.ilkd.key.rule.TacletForTests.parse(TacletForTests.java:125)
  de.uka.ilkd.key.rule.TacletForTests.parse(TacletForTests.java:129)
  de.uka.ilkd.key.rule.TestMatchTaclet.setUp(TestMatchTaclet.java:60)
  java.base/jdk.internal.reflect.NativeMethodAccessorImpl.invoke0(Native Method)
  java.base/jdk.internal.reflect.NativeMethodAccessorImpl.invoke(NativeMethodAccessorImpl.java:77)
  java.base/jdk.internal.reflect.DelegatingMethodAccessorImpl.invoke(DelegatingMethodAccessorImpl.java:43)
  java.base/java.lang.reflect.Method.invoke(Method.java:568)
  org.junit.platform.commons.util.ReflectionUtils.invokeMethod(ReflectionUtils.java:727)
  org.junit.jupiter.engine.execution.MethodInvocation.proceed(MethodInvocation.java:60)
  org.junit.jupiter.engine.execution.InvocationInterceptorChain$ValidatingInvocation.proceed(InvocationInterceptorChain.java:131)
  org.junit.jupiter.engine.extension.TimeoutExtension.intercept(TimeoutExtension.java:156)
  org.junit.jupiter.engine.extension.TimeoutExtension.interceptLifecycleMethod(TimeoutExtension.java:128)
  org.junit.jupiter.engine.extension.TimeoutExtension.interceptBeforeEachMethod(TimeoutExtension.java:78)
  org.junit.jupiter.engine.execution.InterceptingExecutableInvoker$ReflectiveInterceptorCall.lambda$ofVoidMethod$0(InterceptingExecutableInvoker.java:103)
  org.junit.jupiter.engine.execution.InterceptingExecutableInvoker.lambda$invoke$0(InterceptingExecutableInvoker.java:93)
  org.junit.jupiter.engine.execution.InvocationInterceptorChain$InterceptedInvocation.proceed(InvocationInterceptorChain.java:106)
  org.junit.jupiter.engine.execution.InvocationInterceptorChain.proceed(InvocationInterceptorChain.java:64)
  org.junit.jupiter.engine.execution.InvocationInterceptorChain.chainAndInvoke(InvocationInterceptorChain.java:45)
  org.junit.jupiter.engine.execution.InvocationInterceptorChain.invoke(InvocationInterceptorChain.java:37)
  org.junit.jupiter.engine.execution.InterceptingExecutableInvoker.invoke(InterceptingExecutableInvoker.java:92)
  org.junit.jupiter.engine.execution.InterceptingExecutableInvoker.invoke(InterceptingExecutableInvoker.java:86)
  org.junit.jupiter.engine.descriptor.ClassBasedTestDescriptor.invokeMethodInExtensionContext(ClassBasedTestDescriptor.java:520)
  org.junit.jupiter.engine.descriptor.ClassBasedTestDescriptor.lambda$synthesizeBeforeEachMethodAdapter$23(ClassBasedTestDescriptor.java:505)
  org.junit.jupiter.engine.descriptor.TestMethodTestDescriptor.lambda$invokeBeforeEachMethods$3(TestMethodTestDescriptor.java:174)
  org.junit.jupiter.engine.descriptor.TestMethodTestDescriptor.lambda$invokeBeforeMethodsOrCallbacksUntilExceptionOccurs$6(TestMethodTestDescriptor.java:202)
  org.junit.platform.engine.support.hierarchical.ThrowableCollector.execute(ThrowableCollector.java:73)
  org.junit.jupiter.engine.descriptor.TestMethodTestDescriptor.invokeBeforeMethodsOrCallbacksUntilExceptionOccurs(TestMethodTestDescriptor.java:202)
  org.junit.jupiter.engine.descriptor.TestMethodTestDescriptor.invokeBeforeEachMethods(TestMethodTestDescriptor.java:171)
  org.junit.jupiter.engine.descriptor.TestMethodTestDescriptor.execute(TestMethodTestDescriptor.java:134)
  org.junit.jupiter.engine.descriptor.TestMethodTestDescriptor.execute(TestMethodTestDescriptor.java:68)
  org.junit.platform.engine.support.hierarchical.NodeTestTask.lambda$executeRecursively$6(NodeTestTask.java:151)
  org.junit.platform.engine.support.hierarchical.ThrowableCollector.execute(ThrowableCollector.java:73)
  org.junit.platform.engine.support.hierarchical.NodeTestTask.lambda$executeRecursively$8(NodeTestTask.java:141)
  org.junit.platform.engine.support.hierarchical.Node.around(Node.java:137)
  org.junit.platform.engine.support.hierarchical.NodeTestTask.lambda$executeRecursively$9(NodeTestTask.java:139)
  org.junit.platform.engine.support.hierarchical.ThrowableCollector.execute(ThrowableCollector.java:73)
  org.junit.platform.engine.support.hierarchical.NodeTestTask.executeRecursively(NodeTestTask.java:138)
  org.junit.platform.engine.support.hierarchical.NodeTestTask.execute(NodeTestTask.java:95)
  java.base/java.util.ArrayList.forEach(ArrayList.java:1511)
  org.junit.platform.engine.support.hierarchical.SameThreadHierarchicalTestExecutorService.invokeAll(SameThreadHierarchicalTestExecutorService.java:41)
  org.junit.platform.engine.support.hierarchical.NodeTestTask.lambda$executeRecursively$6(NodeTestTask.java:155)
  org.junit.platform.engine.support.hierarchical.ThrowableCollector.execute(ThrowableCollector.java:73)
  org.junit.platform.engine.support.hierarchical.NodeTestTask.lambda$executeRecursively$8(NodeTestTask.java:141)
  org.junit.platform.engine.support.hierarchical.Node.around(Node.java:137)
  org.junit.platform.engine.support.hierarchical.NodeTestTask.lambda$executeRecursively$9(NodeTestTask.java:139)
  org.junit.platform.engine.support.hierarchical.ThrowableCollector.execute(ThrowableCollector.java:73)
  org.junit.platform.engine.support.hierarchical.NodeTestTask.executeRecursively(NodeTestTask.java:138)
  org.junit.platform.engine.support.hierarchical.NodeTestTask.execute(NodeTestTask.java:95)
  java.base/java.util.ArrayList.forEach(ArrayList.java:1511)
  org.junit.platform.engine.support.hierarchical.SameThreadHierarchicalTestExecutorService.invokeAll(SameThreadHierarchicalTestExecutorService.java:41)
  org.junit.platform.engine.support.hierarchical.NodeTestTask.lambda$executeRecursively$6(NodeTestTask.java:155)
  org.junit.platform.engine.support.hierarchical.ThrowableCollector.execute(ThrowableCollector.java:73)
  org.junit.platform.engine.support.hierarchical.NodeTestTask.lambda$executeRecursively$8(NodeTestTask.java:141)
  org.junit.platform.engine.support.hierarchical.Node.around(Node.java:137)
  org.junit.platform.engine.support.hierarchical.NodeTestTask.lambda$executeRecursively$9(NodeTestTask.java:139)
  org.junit.platform.engine.support.hierarchical.ThrowableCollector.execute(ThrowableCollector.java:73)
  org.junit.platform.engine.support.hierarchical.NodeTestTask.executeRecursively(NodeTestTask.java:138)
  org.junit.platform.engine.support.hierarchical.NodeTestTask.execute(NodeTestTask.java:95)
  org.junit.platform.engine.support.hierarchical.SameThreadHierarchicalTestExecutorService.submit(SameThreadHierarchicalTestExecutorService.java:35)
  org.junit.platform.engine.support.hierarchical.HierarchicalTestExecutor.execute(HierarchicalTestExecutor.java:57)
  org.junit.platform.engine.support.hierarchical.HierarchicalTestEngine.execute(HierarchicalTestEngine.java:54)
  org.junit.platform.launcher.core.EngineExecutionOrchestrator.execute(EngineExecutionOrchestrator.java:107)
  org.junit.platform.launcher.core.EngineExecutionOrchestrator.execute(EngineExecutionOrchestrator.java:88)
  org.junit.platform.launcher.core.EngineExecutionOrchestrator.lambda$execute$0(EngineExecutionOrchestrator.java:54)
  org.junit.platform.launcher.core.EngineExecutionOrchestrator.withInterceptedStreams(EngineExecutionOrchestrator.java:67)
  org.junit.platform.launcher.core.EngineExecutionOrchestrator.execute(EngineExecutionOrchestrator.java:52)
  org.junit.platform.launcher.core.DefaultLauncher.execute(DefaultLauncher.java:114)
  org.junit.platform.launcher.core.DefaultLauncher.execute(DefaultLauncher.java:86)
  org.junit.platform.launcher.core.DefaultLauncherSession$DelegatingLauncher.execute(DefaultLauncherSession.java:86)
  org.gradle.api.internal.tasks.testing.junitplatform.JUnitPlatformTestClassProcessor$CollectAllTestClassesExecutor.processAllTestClasses(JUnitPlatformTestClassProcessor.java:110)
  org.gradle.api.internal.tasks.testing.junitplatform.JUnitPlatformTestClassProcessor$CollectAllTestClassesExecutor.access$000(JUnitPlatformTestClassProcessor.java:90)
  org.gradle.api.internal.tasks.testing.junitplatform.JUnitPlatformTestClassProcessor.stop(JUnitPlatformTestClassProcessor.java:85)
  org.gradle.api.internal.tasks.testing.SuiteTestClassProcessor.stop(SuiteTestClassProcessor.java:62)
  java.base/jdk.internal.reflect.NativeMethodAccessorImpl.invoke0(Native Method)
  java.base/jdk.internal.reflect.NativeMethodAccessorImpl.invoke(NativeMethodAccessorImpl.java:77)
  java.base/jdk.internal.reflect.DelegatingMethodAccessorImpl.invoke(DelegatingMethodAccessorImpl.java:43)
  java.base/java.lang.reflect.Method.invoke(Method.java:568)
  org.gradle.internal.dispatch.ReflectionDispatch.dispatch(ReflectionDispatch.java:36)
  org.gradle.internal.dispatch.ReflectionDispatch.dispatch(ReflectionDispatch.java:24)
  org.gradle.internal.dispatch.ContextClassLoaderDispatch.dispatch(ContextClassLoaderDispatch.java:33)
  org.gradle.internal.dispatch.ProxyDispatchAdapter$DispatchingInvocationHandler.invoke(ProxyDispatchAdapter.java:94)
  jdk.proxy2/jdk.proxy2.$Proxy5.stop(Unknown Source)
  org.gradle.api.internal.tasks.testing.worker.TestWorker$3.run(TestWorker.java:193)
  org.gradle.api.internal.tasks.testing.worker.TestWorker.executeAndMaintainThreadName(TestWorker.java:129)
  org.gradle.api.internal.tasks.testing.worker.TestWorker.execute(TestWorker.java:100)
  org.gradle.api.internal.tasks.testing.worker.TestWorker.execute(TestWorker.java:60)
  org.gradle.process.internal.worker.child.ActionExecutionWorker.execute(ActionExecutionWorker.java:56)
  org.gradle.process.internal.worker.child.SystemApplicationClassLoaderWorker.call(SystemApplicationClassLoaderWorker.java:113)
  org.gradle.process.internal.worker.child.SystemApplicationClassLoaderWorker.call(SystemApplicationClassLoaderWorker.java:65)
  worker.org.gradle.process.internal.worker.GradleWorkerMain.run(GradleWorkerMain.java:69)
  worker.org.gradle.process.internal.worker.GradleWorkerMain.main(GradleWorkerMain.java:74). com.github.javaparser.ParseException: Encountered unexpected token: "}" "}"
    at line 1, column 22.

Was expecting one of:

    ","
    ";"
    "="
    "@"
    "["

	at com.github.javaparser.GeneratedJavaParser.generateParseException(GeneratedJavaParser.java:18340)

95335      ERROR Test worker     d.u.i.k.j.JavaService     Error in (line 1,col 11) Parse error. Found "}", expected one of  "," ";" "=" "@" "["
Problem stacktrace : 
  com.github.javaparser.GeneratedJavaParser.generateParseException(GeneratedJavaParser.java:18340)
  com.github.javaparser.GeneratedJavaParser.jj_consume_token(GeneratedJavaParser.java:18179)
  com.github.javaparser.GeneratedJavaParser.BlockStatement(GeneratedJavaParser.java:6611)
  com.github.javaparser.GeneratedJavaParser.Statements(GeneratedJavaParser.java:3114)
  com.github.javaparser.GeneratedJavaParser.Block(GeneratedJavaParser.java:6548)
  com.github.javaparser.GeneratedJavaParser.Statement(GeneratedJavaParser.java:6344)
  com.github.javaparser.GeneratedJavaParser.BlockStatement(GeneratedJavaParser.java:6727)
  com.github.javaparser.GeneratedJavaParser.Statements(GeneratedJavaParser.java:3114)
  com.github.javaparser.GeneratedJavaParser.Block(GeneratedJavaParser.java:6548)
  com.github.javaparser.GeneratedJavaParser.BlockParseStart(GeneratedJavaParser.java:9483)
  com.github.javaparser.JavaParser.parse(JavaParser.java:121)
  com.github.javaparser.JavaParser.parseBlock(JavaParser.java:313)
  de.uka.ilkd.key.java.JavaParserFactory.parseStatementBlock(JavaParserFactory.java:167)
  de.uka.ilkd.key.java.JavaService.recoderBlock(JavaService.java:782)
  de.uka.ilkd.key.java.JavaService.readBlock(JavaService.java:819)
  de.uka.ilkd.key.java.JavaService.readBlockWithEmptyContext(JavaService.java:854)
  de.uka.ilkd.key.nparser.builder.ExpressionBuilder.getJavaBlock(ExpressionBuilder.java:571)
  de.uka.ilkd.key.nparser.builder.ExpressionBuilder.visitModality_term(ExpressionBuilder.java:1074)
  de.uka.ilkd.key.nparser.KeYParser$Modality_termContext.accept(KeYParser.java:4623)
  org.antlr.v4.runtime.tree.AbstractParseTreeVisitor.visitChildren(AbstractParseTreeVisitor.java:46)
  de.uka.ilkd.key.nparser.KeYParserBaseVisitor.visitTerm60(KeYParserBaseVisitor.java:381)
  de.uka.ilkd.key.nparser.KeYParser$Term60Context.accept(KeYParser.java:4485)
  de.uka.ilkd.key.nparser.builder.AbstractBuilder.accept(AbstractBuilder.java:48)
  de.uka.ilkd.key.nparser.builder.DefaultBuilder.accept(DefaultBuilder.java:35)
  de.uka.ilkd.key.nparser.builder.ExpressionBuilder.visitConjunction_term(ExpressionBuilder.java:238)
  de.uka.ilkd.key.nparser.builder.ExpressionBuilder.visitConjunction_term(ExpressionBuilder.java:49)
  de.uka.ilkd.key.nparser.KeYParser$Conjunction_termContext.accept(KeYParser.java:4419)
  de.uka.ilkd.key.nparser.builder.AbstractBuilder.accept(AbstractBuilder.java:48)
  de.uka.ilkd.key.nparser.builder.DefaultBuilder.accept(DefaultBuilder.java:35)
  de.uka.ilkd.key.nparser.builder.ExpressionBuilder.visitDisjunction_term(ExpressionBuilder.java:229)
  de.uka.ilkd.key.nparser.builder.ExpressionBuilder.visitDisjunction_term(ExpressionBuilder.java:49)
  de.uka.ilkd.key.nparser.KeYParser$Disjunction_termContext.accept(KeYParser.java:4346)
  de.uka.ilkd.key.nparser.builder.AbstractBuilder.accept(AbstractBuilder.java:48)
  de.uka.ilkd.key.nparser.builder.DefaultBuilder.accept(DefaultBuilder.java:35)
  de.uka.ilkd.key.nparser.builder.ExpressionBuilder.visitImplication_term(ExpressionBuilder.java:222)
  de.uka.ilkd.key.nparser.builder.ExpressionBuilder.visitImplication_term(ExpressionBuilder.java:49)
  de.uka.ilkd.key.nparser.KeYParser$Implication_termContext.accept(KeYParser.java:4278)
  de.uka.ilkd.key.nparser.builder.AbstractBuilder.accept(AbstractBuilder.java:48)
  de.uka.ilkd.key.nparser.builder.DefaultBuilder.accept(DefaultBuilder.java:35)
  de.uka.ilkd.key.nparser.builder.ExpressionBuilder.visitEquivalence_term(ExpressionBuilder.java:198)
  de.uka.ilkd.key.nparser.builder.ExpressionBuilder.visitEquivalence_term(ExpressionBuilder.java:49)
  de.uka.ilkd.key.nparser.KeYParser$Equivalence_termContext.accept(KeYParser.java:4209)
  de.uka.ilkd.key.nparser.builder.AbstractBuilder.accept(AbstractBuilder.java:48)
  de.uka.ilkd.key.nparser.builder.DefaultBuilder.accept(DefaultBuilder.java:35)
  de.uka.ilkd.key.nparser.builder.ExpressionBuilder.visitElementary_update_term(ExpressionBuilder.java:188)
  de.uka.ilkd.key.nparser.builder.ExpressionBuilder.visitElementary_update_term(ExpressionBuilder.java:49)
  de.uka.ilkd.key.nparser.KeYParser$Elementary_update_termContext.accept(KeYParser.java:4142)
  de.uka.ilkd.key.nparser.builder.AbstractBuilder.lambda$mapOf$0(AbstractBuilder.java:124)
  java.base/java.util.stream.ReferencePipeline$3$1.accept(ReferencePipeline.java:197)
  java.base/java.util.ArrayList$ArrayListSpliterator.forEachRemaining(ArrayList.java:1625)
  java.base/java.util.stream.AbstractPipeline.copyInto(AbstractPipeline.java:509)
  java.base/java.util.stream.AbstractPipeline.wrapAndCopyInto(AbstractPipeline.java:499)
  java.base/java.util.stream.ReduceOps$ReduceOp.evaluateSequential(ReduceOps.java:921)
  java.base/java.util.stream.AbstractPipeline.evaluate(AbstractPipeline.java:234)
  java.base/java.util.stream.ReferencePipeline.collect(ReferencePipeline.java:682)
  de.uka.ilkd.key.nparser.builder.AbstractBuilder.mapOf(AbstractBuilder.java:124)
  de.uka.ilkd.key.nparser.builder.ExpressionBuilder.visitParallel_term(ExpressionBuilder.java:173)
  de.uka.ilkd.key.nparser.builder.ExpressionBuilder.visitParallel_term(ExpressionBuilder.java:49)
  de.uka.ilkd.key.nparser.KeYParser$Parallel_termContext.accept(KeYParser.java:4074)
  org.antlr.v4.runtime.tree.AbstractParseTreeVisitor.visitChildren(AbstractParseTreeVisitor.java:46)
  de.uka.ilkd.key.nparser.KeYParserBaseVisitor.visitTerm(KeYParserBaseVisitor.java:332)
  de.uka.ilkd.key.nparser.KeYParser$TermContext.accept(KeYParser.java:4020)
  de.uka.ilkd.key.nparser.builder.AbstractBuilder.accept(AbstractBuilder.java:48)
  de.uka.ilkd.key.nparser.builder.DefaultBuilder.accept(DefaultBuilder.java:35)
  de.uka.ilkd.key.nparser.builder.ExpressionBuilder.visitTermorseq(ExpressionBuilder.java:511)
  de.uka.ilkd.key.nparser.KeYParser$TermorseqContext.accept(KeYParser.java:8199)
  de.uka.ilkd.key.nparser.builder.AbstractBuilder.accept(AbstractBuilder.java:48)
  de.uka.ilkd.key.nparser.builder.DefaultBuilder.accept(DefaultBuilder.java:35)
  de.uka.ilkd.key.nparser.builder.TacletPBuilder.visitTaclet(TacletPBuilder.java:195)
  de.uka.ilkd.key.nparser.builder.TacletPBuilder.visitTaclet(TacletPBuilder.java:41)
  de.uka.ilkd.key.nparser.KeYParser$TacletContext.accept(KeYParser.java:7771)
  de.uka.ilkd.key.nparser.builder.AbstractBuilder.lambda$mapOf$0(AbstractBuilder.java:124)
  java.base/java.util.stream.ReferencePipeline$3$1.accept(ReferencePipeline.java:197)
  java.base/java.util.ArrayList$ArrayListSpliterator.forEachRemaining(ArrayList.java:1625)
  java.base/java.util.stream.AbstractPipeline.copyInto(AbstractPipeline.java:509)
  java.base/java.util.stream.AbstractPipeline.wrapAndCopyInto(AbstractPipeline.java:499)
  java.base/java.util.stream.ReduceOps$ReduceOp.evaluateSequential(ReduceOps.java:921)
  java.base/java.util.stream.AbstractPipeline.evaluate(AbstractPipeline.java:234)
  java.base/java.util.stream.ReferencePipeline.collect(ReferencePipeline.java:682)
  de.uka.ilkd.key.nparser.builder.AbstractBuilder.mapOf(AbstractBuilder.java:124)
  de.uka.ilkd.key.nparser.builder.TacletPBuilder.visitRulesOrAxioms(TacletPBuilder.java:95)
  de.uka.ilkd.key.nparser.KeYParser$RulesOrAxiomsContext.accept(KeYParser.java:10795)
  de.uka.ilkd.key.nparser.builder.AbstractBuilder.lambda$mapOf$0(AbstractBuilder.java:124)
  java.base/java.util.stream.ReferencePipeline$3$1.accept(ReferencePipeline.java:197)
  java.base/java.util.ArrayList$ArrayListSpliterator.forEachRemaining(ArrayList.java:1625)
  java.base/java.util.stream.AbstractPipeline.copyInto(AbstractPipeline.java:509)
  java.base/java.util.stream.AbstractPipeline.wrapAndCopyInto(AbstractPipeline.java:499)
  java.base/java.util.stream.ReduceOps$ReduceOp.evaluateSequential(ReduceOps.java:921)
  java.base/java.util.stream.AbstractPipeline.evaluate(AbstractPipeline.java:234)
  java.base/java.util.stream.ReferencePipeline.collect(ReferencePipeline.java:682)
  de.uka.ilkd.key.nparser.builder.AbstractBuilder.mapOf(AbstractBuilder.java:124)
  de.uka.ilkd.key.nparser.builder.TacletPBuilder.visitDecls(TacletPBuilder.java:76)
  de.uka.ilkd.key.nparser.KeYParser$DeclsContext.accept(KeYParser.java:515)
  org.antlr.v4.runtime.tree.AbstractParseTreeVisitor.visitChildren(AbstractParseTreeVisitor.java:46)
  de.uka.ilkd.key.nparser.KeYParserBaseVisitor.visitFile(KeYParserBaseVisitor.java:24)
  de.uka.ilkd.key.nparser.KeYParser$FileContext.accept(KeYParser.java:313)
  de.uka.ilkd.key.nparser.KeyAst.accept(KeyAst.java:43)
  de.uka.ilkd.key.nparser.KeyIO$Loader.loadTaclets(KeyIO.java:340)
  de.uka.ilkd.key.nparser.KeyIO$Loader.loadComplete(KeyIO.java:243)
  de.uka.ilkd.key.proof.io.KeYFileForTests.read(KeYFileForTests.java:53)
  de.uka.ilkd.key.proof.init.ProblemInitializer.readEnvInput(ProblemInitializer.java:323)
  de.uka.ilkd.key.proof.init.ProblemInitializer.prepare(ProblemInitializer.java:561)
  de.uka.ilkd.key.proof.init.ProblemInitializer.prepare(ProblemInitializer.java:471)
  de.uka.ilkd.key.rule.TacletForTests.parse(TacletForTests.java:80)
  de.uka.ilkd.key.rule.TacletForTests.parse(TacletForTests.java:125)
  de.uka.ilkd.key.rule.TacletForTests.parse(TacletForTests.java:129)
  de.uka.ilkd.key.rule.TestMatchTaclet.setUp(TestMatchTaclet.java:60)
  java.base/jdk.internal.reflect.NativeMethodAccessorImpl.invoke0(Native Method)
  java.base/jdk.internal.reflect.NativeMethodAccessorImpl.invoke(NativeMethodAccessorImpl.java:77)
  java.base/jdk.internal.reflect.DelegatingMethodAccessorImpl.invoke(DelegatingMethodAccessorImpl.java:43)
  java.base/java.lang.reflect.Method.invoke(Method.java:568)
  org.junit.platform.commons.util.ReflectionUtils.invokeMethod(ReflectionUtils.java:727)
  org.junit.jupiter.engine.execution.MethodInvocation.proceed(MethodInvocation.java:60)
  org.junit.jupiter.engine.execution.InvocationInterceptorChain$ValidatingInvocation.proceed(InvocationInterceptorChain.java:131)
  org.junit.jupiter.engine.extension.TimeoutExtension.intercept(TimeoutExtension.java:156)
  org.junit.jupiter.engine.extension.TimeoutExtension.interceptLifecycleMethod(TimeoutExtension.java:128)
  org.junit.jupiter.engine.extension.TimeoutExtension.interceptBeforeEachMethod(TimeoutExtension.java:78)
  org.junit.jupiter.engine.execution.InterceptingExecutableInvoker$ReflectiveInterceptorCall.lambda$ofVoidMethod$0(InterceptingExecutableInvoker.java:103)
  org.junit.jupiter.engine.execution.InterceptingExecutableInvoker.lambda$invoke$0(InterceptingExecutableInvoker.java:93)
  org.junit.jupiter.engine.execution.InvocationInterceptorChain$InterceptedInvocation.proceed(InvocationInterceptorChain.java:106)
  org.junit.jupiter.engine.execution.InvocationInterceptorChain.proceed(InvocationInterceptorChain.java:64)
  org.junit.jupiter.engine.execution.InvocationInterceptorChain.chainAndInvoke(InvocationInterceptorChain.java:45)
  org.junit.jupiter.engine.execution.InvocationInterceptorChain.invoke(InvocationInterceptorChain.java:37)
  org.junit.jupiter.engine.execution.InterceptingExecutableInvoker.invoke(InterceptingExecutableInvoker.java:92)
  org.junit.jupiter.engine.execution.InterceptingExecutableInvoker.invoke(InterceptingExecutableInvoker.java:86)
  org.junit.jupiter.engine.descriptor.ClassBasedTestDescriptor.invokeMethodInExtensionContext(ClassBasedTestDescriptor.java:520)
  org.junit.jupiter.engine.descriptor.ClassBasedTestDescriptor.lambda$synthesizeBeforeEachMethodAdapter$23(ClassBasedTestDescriptor.java:505)
  org.junit.jupiter.engine.descriptor.TestMethodTestDescriptor.lambda$invokeBeforeEachMethods$3(TestMethodTestDescriptor.java:174)
  org.junit.jupiter.engine.descriptor.TestMethodTestDescriptor.lambda$invokeBeforeMethodsOrCallbacksUntilExceptionOccurs$6(TestMethodTestDescriptor.java:202)
  org.junit.platform.engine.support.hierarchical.ThrowableCollector.execute(ThrowableCollector.java:73)
  org.junit.jupiter.engine.descriptor.TestMethodTestDescriptor.invokeBeforeMethodsOrCallbacksUntilExceptionOccurs(TestMethodTestDescriptor.java:202)
  org.junit.jupiter.engine.descriptor.TestMethodTestDescriptor.invokeBeforeEachMethods(TestMethodTestDescriptor.java:171)
  org.junit.jupiter.engine.descriptor.TestMethodTestDescriptor.execute(TestMethodTestDescriptor.java:134)
  org.junit.jupiter.engine.descriptor.TestMethodTestDescriptor.execute(TestMethodTestDescriptor.java:68)
  org.junit.platform.engine.support.hierarchical.NodeTestTask.lambda$executeRecursively$6(NodeTestTask.java:151)
  org.junit.platform.engine.support.hierarchical.ThrowableCollector.execute(ThrowableCollector.java:73)
  org.junit.platform.engine.support.hierarchical.NodeTestTask.lambda$executeRecursively$8(NodeTestTask.java:141)
  org.junit.platform.engine.support.hierarchical.Node.around(Node.java:137)
  org.junit.platform.engine.support.hierarchical.NodeTestTask.lambda$executeRecursively$9(NodeTestTask.java:139)
  org.junit.platform.engine.support.hierarchical.ThrowableCollector.execute(ThrowableCollector.java:73)
  org.junit.platform.engine.support.hierarchical.NodeTestTask.executeRecursively(NodeTestTask.java:138)
  org.junit.platform.engine.support.hierarchical.NodeTestTask.execute(NodeTestTask.java:95)
  java.base/java.util.ArrayList.forEach(ArrayList.java:1511)
  org.junit.platform.engine.support.hierarchical.SameThreadHierarchicalTestExecutorService.invokeAll(SameThreadHierarchicalTestExecutorService.java:41)
  org.junit.platform.engine.support.hierarchical.NodeTestTask.lambda$executeRecursively$6(NodeTestTask.java:155)
  org.junit.platform.engine.support.hierarchical.ThrowableCollector.execute(ThrowableCollector.java:73)
  org.junit.platform.engine.support.hierarchical.NodeTestTask.lambda$executeRecursively$8(NodeTestTask.java:141)
  org.junit.platform.engine.support.hierarchical.Node.around(Node.java:137)
  org.junit.platform.engine.support.hierarchical.NodeTestTask.lambda$executeRecursively$9(NodeTestTask.java:139)
  org.junit.platform.engine.support.hierarchical.ThrowableCollector.execute(ThrowableCollector.java:73)
  org.junit.platform.engine.support.hierarchical.NodeTestTask.executeRecursively(NodeTestTask.java:138)
  org.junit.platform.engine.support.hierarchical.NodeTestTask.execute(NodeTestTask.java:95)
  java.base/java.util.ArrayList.forEach(ArrayList.java:1511)
  org.junit.platform.engine.support.hierarchical.SameThreadHierarchicalTestExecutorService.invokeAll(SameThreadHierarchicalTestExecutorService.java:41)
  org.junit.platform.engine.support.hierarchical.NodeTestTask.lambda$executeRecursively$6(NodeTestTask.java:155)
  org.junit.platform.engine.support.hierarchical.ThrowableCollector.execute(ThrowableCollector.java:73)
  org.junit.platform.engine.support.hierarchical.NodeTestTask.lambda$executeRecursively$8(NodeTestTask.java:141)
  org.junit.platform.engine.support.hierarchical.Node.around(Node.java:137)
  org.junit.platform.engine.support.hierarchical.NodeTestTask.lambda$executeRecursively$9(NodeTestTask.java:139)
  org.junit.platform.engine.support.hierarchical.ThrowableCollector.execute(ThrowableCollector.java:73)
  org.junit.platform.engine.support.hierarchical.NodeTestTask.executeRecursively(NodeTestTask.java:138)
  org.junit.platform.engine.support.hierarchical.NodeTestTask.execute(NodeTestTask.java:95)
  org.junit.platform.engine.support.hierarchical.SameThreadHierarchicalTestExecutorService.submit(SameThreadHierarchicalTestExecutorService.java:35)
  org.junit.platform.engine.support.hierarchical.HierarchicalTestExecutor.execute(HierarchicalTestExecutor.java:57)
  org.junit.platform.engine.support.hierarchical.HierarchicalTestEngine.execute(HierarchicalTestEngine.java:54)
  org.junit.platform.launcher.core.EngineExecutionOrchestrator.execute(EngineExecutionOrchestrator.java:107)
  org.junit.platform.launcher.core.EngineExecutionOrchestrator.execute(EngineExecutionOrchestrator.java:88)
  org.junit.platform.launcher.core.EngineExecutionOrchestrator.lambda$execute$0(EngineExecutionOrchestrator.java:54)
  org.junit.platform.launcher.core.EngineExecutionOrchestrator.withInterceptedStreams(EngineExecutionOrchestrator.java:67)
  org.junit.platform.launcher.core.EngineExecutionOrchestrator.execute(EngineExecutionOrchestrator.java:52)
  org.junit.platform.launcher.core.DefaultLauncher.execute(DefaultLauncher.java:114)
  org.junit.platform.launcher.core.DefaultLauncher.execute(DefaultLauncher.java:86)
  org.junit.platform.launcher.core.DefaultLauncherSession$DelegatingLauncher.execute(DefaultLauncherSession.java:86)
  org.gradle.api.internal.tasks.testing.junitplatform.JUnitPlatformTestClassProcessor$CollectAllTestClassesExecutor.processAllTestClasses(JUnitPlatformTestClassProcessor.java:110)
  org.gradle.api.internal.tasks.testing.junitplatform.JUnitPlatformTestClassProcessor$CollectAllTestClassesExecutor.access$000(JUnitPlatformTestClassProcessor.java:90)
  org.gradle.api.internal.tasks.testing.junitplatform.JUnitPlatformTestClassProcessor.stop(JUnitPlatformTestClassProcessor.java:85)
  org.gradle.api.internal.tasks.testing.SuiteTestClassProcessor.stop(SuiteTestClassProcessor.java:62)
  java.base/jdk.internal.reflect.NativeMethodAccessorImpl.invoke0(Native Method)
  java.base/jdk.internal.reflect.NativeMethodAccessorImpl.invoke(NativeMethodAccessorImpl.java:77)
  java.base/jdk.internal.reflect.DelegatingMethodAccessorImpl.invoke(DelegatingMethodAccessorImpl.java:43)
  java.base/java.lang.reflect.Method.invoke(Method.java:568)
  org.gradle.internal.dispatch.ReflectionDispatch.dispatch(ReflectionDispatch.java:36)
  org.gradle.internal.dispatch.ReflectionDispatch.dispatch(ReflectionDispatch.java:24)
  org.gradle.internal.dispatch.ContextClassLoaderDispatch.dispatch(ContextClassLoaderDispatch.java:33)
  org.gradle.internal.dispatch.ProxyDispatchAdapter$DispatchingInvocationHandler.invoke(ProxyDispatchAdapter.java:94)
  jdk.proxy2/jdk.proxy2.$Proxy5.stop(Unknown Source)
  org.gradle.api.internal.tasks.testing.worker.TestWorker$3.run(TestWorker.java:193)
  org.gradle.api.internal.tasks.testing.worker.TestWorker.executeAndMaintainThreadName(TestWorker.java:129)
  org.gradle.api.internal.tasks.testing.worker.TestWorker.execute(TestWorker.java:100)
  org.gradle.api.internal.tasks.testing.worker.TestWorker.execute(TestWorker.java:60)
  org.gradle.process.internal.worker.child.ActionExecutionWorker.execute(ActionExecutionWorker.java:56)
  org.gradle.process.internal.worker.child.SystemApplicationClassLoaderWorker.call(SystemApplicationClassLoaderWorker.java:113)
  org.gradle.process.internal.worker.child.SystemApplicationClassLoaderWorker.call(SystemApplicationClassLoaderWorker.java:65)
  worker.org.gradle.process.internal.worker.GradleWorkerMain.run(GradleWorkerMain.java:69)
  worker.org.gradle.process.internal.worker.GradleWorkerMain.main(GradleWorkerMain.java:74). com.github.javaparser.ParseException: Encountered unexpected token: "}" "}"
    at line 1, column 22.

Was expecting one of:

    ","
    ";"
    "="
    "@"
    "["

	at com.github.javaparser.GeneratedJavaParser.generateParseException(GeneratedJavaParser.java:18340)

95339      ERROR Test worker     d.u.i.k.n.b.TacletPBuilder Error in parsing taclet. de.uka.ilkd.key.util.parsing.BuildingExceptions: Multiple errors occured
	at de.uka.ilkd.key.java.JavaService.reportErrors(JavaService.java:219)

95346      DEBUG Test worker     d.u.i.k.n.KeyIO           MODE: taclets took 57ms 
95553      ERROR Test worker     d.u.i.k.j.KeYJPMapping    Duplicate registration of node: boolean, formerNode: /*@ pure @*/
boolean 
95558      ERROR Test worker     d.u.i.k.j.KeYJPMapping    Duplicate registration of node: Object, formerNode: java.lang.Object 
95558      ERROR Test worker     d.u.i.k.j.KeYJPMapping    Duplicate registration of node: Object, formerNode: java.lang.Object 
95559      ERROR Test worker     d.u.i.k.j.KeYJPMapping    Duplicate registration of node: Annotation, formerNode: Annotation 
95562      ERROR Test worker     d.u.i.k.j.KeYJPMapping    Duplicate registration of node: ArithmeticException, formerNode: ArithmeticException 
95563      ERROR Test worker     d.u.i.k.j.KeYJPMapping    Duplicate registration of node: ArrayIndexOutOfBoundsException, formerNode: ArrayIndexOutOfBoundsException 
95564      ERROR Test worker     d.u.i.k.j.KeYJPMapping    Duplicate registration of node: ArrayStoreException, formerNode: ArrayStoreException 
95566      ERROR Test worker     d.u.i.k.j.KeYJPMapping    Duplicate registration of node: AssertionError, formerNode: AssertionError 
95567      ERROR Test worker     d.u.i.k.j.KeYJPMapping    Duplicate registration of node: Character, formerNode: Character 
95568      ERROR Test worker     d.u.i.k.j.KeYJPMapping    Duplicate registration of node: Class, formerNode: java.lang.Class 
95568      ERROR Test worker     d.u.i.k.j.KeYJPMapping    Duplicate registration of node: Class, formerNode: java.lang.Class 
95569      ERROR Test worker     d.u.i.k.j.KeYJPMapping    Duplicate registration of node: ClassCastException, formerNode: ClassCastException 
95571      ERROR Test worker     d.u.i.k.j.KeYJPMapping    Duplicate registration of node: CloneNotSupportedException, formerNode: CloneNotSupportedException 
95572      ERROR Test worker     d.u.i.k.j.KeYJPMapping    Duplicate registration of node: Cloneable, formerNode: Cloneable 
95572      ERROR Test worker     d.u.i.k.j.KeYJPMapping    Duplicate registration of node: Comparable, formerNode: Comparable 
95573      ERROR Test worker     d.u.i.k.j.KeYJPMapping    Duplicate registration of node: Double, formerNode: Double 
95575      ERROR Test worker     d.u.i.k.j.KeYJPMapping    Duplicate registration of node: Enum, formerNode: java.lang.Enum 
95576      ERROR Test worker     d.u.i.k.j.KeYJPMapping    Duplicate registration of node: Enum, formerNode: java.lang.Enum 
95578      ERROR Test worker     d.u.i.k.j.KeYJPMapping    Duplicate registration of node: Error, formerNode: Error 
95579      ERROR Test worker     d.u.i.k.j.KeYJPMapping    Duplicate registration of node: Exception, formerNode: Exception 
95581      ERROR Test worker     d.u.i.k.j.KeYJPMapping    Duplicate registration of node: ExceptionInInitializerError, formerNode: java.lang.ExceptionInInitializerError 
95581      ERROR Test worker     d.u.i.k.j.KeYJPMapping    Duplicate registration of node: ExceptionInInitializerError, formerNode: java.lang.ExceptionInInitializerError 
95582      ERROR Test worker     d.u.i.k.j.KeYJPMapping    Duplicate registration of node: Float, formerNode: Float 
95583      ERROR Test worker     d.u.i.k.j.KeYJPMapping    Duplicate registration of node: IllegalArgumentException, formerNode: IllegalArgumentException 
95584      ERROR Test worker     d.u.i.k.j.KeYJPMapping    Duplicate registration of node: IndexOutOfBoundsException, formerNode: IndexOutOfBoundsException 
95601      ERROR Test worker     d.u.i.k.j.KeYJPMapping    Duplicate registration of node: Integer, formerNode: java.lang.Integer 
95602      ERROR Test worker     d.u.i.k.j.KeYJPMapping    Duplicate registration of node: Integer, formerNode: java.lang.Integer 
95603      ERROR Test worker     d.u.i.k.j.KeYJPMapping    Duplicate registration of node: InterruptedException, formerNode: InterruptedException 
95604      ERROR Test worker     d.u.i.k.j.KeYJPMapping    Duplicate registration of node: Iterable, formerNode: Iterable 
95606      ERROR Test worker     d.u.i.k.j.KeYJPMapping    Duplicate registration of node: LinkageError, formerNode: LinkageError 
95615      ERROR Test worker     d.u.i.k.j.KeYJPMapping    Duplicate registration of node: Math, formerNode: Math 
95616      ERROR Test worker     d.u.i.k.j.KeYJPMapping    Duplicate registration of node: NegativeArraySizeException, formerNode: NegativeArraySizeException 
95617      ERROR Test worker     d.u.i.k.j.KeYJPMapping    Duplicate registration of node: NoClassDefFoundError, formerNode: java.lang.NoClassDefFoundError 
95618      ERROR Test worker     d.u.i.k.j.KeYJPMapping    Duplicate registration of node: NoClassDefFoundError, formerNode: java.lang.NoClassDefFoundError 
95619      ERROR Test worker     d.u.i.k.j.KeYJPMapping    Duplicate registration of node: NullPointerException, formerNode: NullPointerException 
95620      ERROR Test worker     d.u.i.k.j.KeYJPMapping    Duplicate registration of node: Number, formerNode: Number 
95622      ERROR Test worker     d.u.i.k.j.KeYJPMapping    Duplicate registration of node: NumberFormatException, formerNode: NumberFormatException 
95623      ERROR Test worker     d.u.i.k.j.KeYJPMapping    Duplicate registration of node: VirtualMachineError, formerNode: VirtualMachineError 
95624      ERROR Test worker     d.u.i.k.j.KeYJPMapping    Duplicate registration of node: OutOfMemoryError, formerNode: OutOfMemoryError 
95625      ERROR Test worker     d.u.i.k.j.KeYJPMapping    Duplicate registration of node: Runnable, formerNode: Runnable 
95628      ERROR Test worker     d.u.i.k.j.KeYJPMapping    Duplicate registration of node: RuntimeException, formerNode: RuntimeException 
95628      ERROR Test worker     d.u.i.k.j.KeYJPMapping    Duplicate registration of node: /*@pure*/
int, formerNode: int 
95633      ERROR Test worker     d.u.i.k.j.KeYJPMapping    Duplicate registration of node: /*@ helper */
int, formerNode: int 
95633      ERROR Test worker     d.u.i.k.j.KeYJPMapping    Duplicate registration of node: /*@ helper */
boolean, formerNode: /*@ pure @*/
boolean 
95645      ERROR Test worker     d.u.i.k.j.KeYJPMapping    Duplicate registration of node: /*@ helper */
java.lang.String, formerNode: java.lang.String 
95656      ERROR Test worker     d.u.i.k.j.KeYJPMapping    Duplicate registration of node: String, formerNode: java.lang.String 
95677      ERROR Test worker     d.u.i.k.j.KeYJPMapping    Duplicate registration of node: String, formerNode: java.lang.String 
95679      ERROR Test worker     d.u.i.k.j.KeYJPMapping    Duplicate registration of node: char, formerNode: /*@ helper */
char 
95681      ERROR Test worker     d.u.i.k.j.KeYJPMapping    Duplicate registration of node: StringBuffer, formerNode: StringBuffer 
95685      ERROR Test worker     d.u.i.k.j.KeYJPMapping    Duplicate registration of node: System, formerNode: System 
95686      ERROR Test worker     d.u.i.k.j.KeYJPMapping    Duplicate registration of node: Thread, formerNode: Thread 
95690      ERROR Test worker     d.u.i.k.j.KeYJPMapping    Duplicate registration of node: Throwable, formerNode: java.lang.Throwable 
95691      ERROR Test worker     d.u.i.k.j.KeYJPMapping    Duplicate registration of node: Throwable, formerNode: java.lang.Throwable 
95696      ERROR Test worker     d.u.i.k.j.KeYJPMapping    Duplicate registration of node: Collection, formerNode: Collection 
95698      ERROR Test worker     d.u.i.k.j.KeYJPMapping    Duplicate registration of node: Iterator, formerNode: java.util.Iterator 
95698      ERROR Test worker     d.u.i.k.j.KeYJPMapping    Duplicate registration of node: Iterator, formerNode: java.util.Iterator 
95702      ERROR Test worker     d.u.i.k.j.KeYJPMapping    Duplicate registration of node: List, formerNode: java.util.List 
95703      ERROR Test worker     d.u.i.k.j.KeYJPMapping    Duplicate registration of node: List, formerNode: java.util.List 
95705      ERROR Test worker     d.u.i.k.j.KeYJPMapping    Duplicate registration of node: ListIterator, formerNode: java.util.ListIterator 
95706      ERROR Test worker     d.u.i.k.j.KeYJPMapping    Duplicate registration of node: ListIterator, formerNode: java.util.ListIterator 
95707      ERROR Test worker     d.u.i.k.j.KeYJPMapping    Duplicate registration of node: Long, formerNode: Long 
95708      ERROR Test worker     d.u.i.k.j.KeYJPMapping    Duplicate registration of node: Boolean, formerNode: Boolean 
95713      ERROR Test worker     d.u.i.k.j.KeYJPMapping    Duplicate registration of node: Map, formerNode: Map 
95718      ERROR Test worker     d.u.i.k.j.KeYJPMapping    Duplicate registration of node: Set, formerNode: java.util.Set 
95719      ERROR Test worker     d.u.i.k.j.KeYJPMapping    Duplicate registration of node: Set, formerNode: java.util.Set 
95720      ERROR Test worker     d.u.i.k.j.KeYJPMapping    Duplicate registration of node: FilterOutputStream, formerNode: FilterOutputStream 
95721      ERROR Test worker     d.u.i.k.j.KeYJPMapping    Duplicate registration of node: InputStream, formerNode: java.io.InputStream 
95722      ERROR Test worker     d.u.i.k.j.KeYJPMapping    Duplicate registration of node: InputStream, formerNode: java.io.InputStream 
95724      ERROR Test worker     d.u.i.k.j.KeYJPMapping    Duplicate registration of node: IOException, formerNode: IOException 
95725      ERROR Test worker     d.u.i.k.j.KeYJPMapping    Duplicate registration of node: OutputStream, formerNode: java.io.OutputStream 
95725      ERROR Test worker     d.u.i.k.j.KeYJPMapping    Duplicate registration of node: OutputStream, formerNode: java.io.OutputStream 
95731      ERROR Test worker     d.u.i.k.j.KeYJPMapping    Duplicate registration of node: PrintStream, formerNode: java.io.PrintStream 
95731      ERROR Test worker     d.u.i.k.j.KeYJPMapping    Duplicate registration of node: PrintStream, formerNode: java.io.PrintStream 
95732      ERROR Test worker     d.u.i.k.j.KeYJPMapping    Duplicate registration of node: Serializable, formerNode: Serializable 
95733      ERROR Test worker     d.u.i.k.j.KeYJPMapping    Duplicate registration of node: BigInteger, formerNode: java.math.BigInteger 
95736      ERROR Test worker     d.u.i.k.j.KeYJPMapping    Duplicate registration of node: BigInteger, formerNode: java.math.BigInteger 
95737      ERROR Test worker     d.u.i.k.j.KeYJPMapping    Duplicate registration of node: ArrayList, formerNode: ArrayList 
95741      ERROR Test worker     d.u.i.k.j.KeYJPMapping    Duplicate registration of node: byte[], formerNode: byte[] 
95762      ERROR Test worker     d.u.i.k.j.KeYJPMapping    Duplicate registration of node: Arrays, formerNode: Arrays 
95764      ERROR Test worker     d.u.i.k.j.KeYJPMapping    Duplicate registration of node: ListIteratorImpl, formerNode: ListIteratorImpl 
95765      ERROR Test worker     d.u.i.k.j.KeYJPMapping    Duplicate registration of node: Date, formerNode: Date 
95766      ERROR Test worker     d.u.i.k.j.KeYJPMapping    Duplicate registration of node: LinkedHashMap, formerNode: LinkedHashMap 
95767      ERROR Test worker     d.u.i.k.j.KeYJPMapping    Duplicate registration of node: /*@pure@*/
String, formerNode: /*@strictly_pure*/
java.lang.String 
95768      ERROR Test worker     d.u.i.k.j.KeYJPMapping    Duplicate registration of node: LinkedList, formerNode: LinkedList 
95785      INFO  Test worker     d.u.i.k.n.KeyIO           Parsing took 3 ms 
95785      DEBUG Test worker     d.u.i.k.n.KeyIO           Load declarations of de.uka.ilkd.key.nparser.KeyAst$File:  /home/runner/work/key/key/key.core/src/test/resources/testcase/../de/uka/ilkd/key/rule/testRuleMatch.txt:8#1 
95786      INFO  Test worker     d.u.i.k.n.KeyIO           MODE: declarations took 1 ms 
95786      DEBUG Test worker     d.u.i.k.n.KeyIO           MODE: 2nd degree decls took 0 
95826      ERROR Test worker     d.u.i.k.j.JavaService     Error in (line 1,col 11) Parse error. Found "}", expected one of  "," ";" "=" "@" "["
Problem stacktrace : 
  com.github.javaparser.GeneratedJavaParser.generateParseException(GeneratedJavaParser.java:18340)
  com.github.javaparser.GeneratedJavaParser.jj_consume_token(GeneratedJavaParser.java:18179)
  com.github.javaparser.GeneratedJavaParser.BlockStatement(GeneratedJavaParser.java:6611)
  com.github.javaparser.GeneratedJavaParser.Statements(GeneratedJavaParser.java:3114)
  com.github.javaparser.GeneratedJavaParser.Block(GeneratedJavaParser.java:6548)
  com.github.javaparser.GeneratedJavaParser.Statement(GeneratedJavaParser.java:6344)
  com.github.javaparser.GeneratedJavaParser.BlockStatement(GeneratedJavaParser.java:6727)
  com.github.javaparser.GeneratedJavaParser.Statements(GeneratedJavaParser.java:3114)
  com.github.javaparser.GeneratedJavaParser.Block(GeneratedJavaParser.java:6548)
  com.github.javaparser.GeneratedJavaParser.BlockParseStart(GeneratedJavaParser.java:9483)
  com.github.javaparser.JavaParser.parse(JavaParser.java:121)
  com.github.javaparser.JavaParser.parseBlock(JavaParser.java:313)
  de.uka.ilkd.key.java.JavaParserFactory.parseStatementBlock(JavaParserFactory.java:167)
  de.uka.ilkd.key.java.JavaService.recoderBlock(JavaService.java:782)
  de.uka.ilkd.key.java.JavaService.readBlock(JavaService.java:819)
  de.uka.ilkd.key.java.JavaService.readBlockWithProgramVariables(JavaService.java:875)
  de.uka.ilkd.key.nparser.builder.ExpressionBuilder.getJavaBlock(ExpressionBuilder.java:568)
  de.uka.ilkd.key.nparser.builder.ExpressionBuilder.visitModality_term(ExpressionBuilder.java:1074)
  de.uka.ilkd.key.nparser.KeYParser$Modality_termContext.accept(KeYParser.java:4623)
  org.antlr.v4.runtime.tree.AbstractParseTreeVisitor.visitChildren(AbstractParseTreeVisitor.java:46)
  de.uka.ilkd.key.nparser.KeYParserBaseVisitor.visitTerm60(KeYParserBaseVisitor.java:381)
  de.uka.ilkd.key.nparser.KeYParser$Term60Context.accept(KeYParser.java:4485)
  de.uka.ilkd.key.nparser.builder.AbstractBuilder.accept(AbstractBuilder.java:48)
  de.uka.ilkd.key.nparser.builder.DefaultBuilder.accept(DefaultBuilder.java:35)
  de.uka.ilkd.key.nparser.builder.ExpressionBuilder.visitConjunction_term(ExpressionBuilder.java:238)
  de.uka.ilkd.key.nparser.builder.ExpressionBuilder.visitConjunction_term(ExpressionBuilder.java:49)
  de.uka.ilkd.key.nparser.KeYParser$Conjunction_termContext.accept(KeYParser.java:4419)
  de.uka.ilkd.key.nparser.builder.AbstractBuilder.accept(AbstractBuilder.java:48)
  de.uka.ilkd.key.nparser.builder.DefaultBuilder.accept(DefaultBuilder.java:35)
  de.uka.ilkd.key.nparser.builder.ExpressionBuilder.visitDisjunction_term(ExpressionBuilder.java:229)
  de.uka.ilkd.key.nparser.builder.ExpressionBuilder.visitDisjunction_term(ExpressionBuilder.java:49)
  de.uka.ilkd.key.nparser.KeYParser$Disjunction_termContext.accept(KeYParser.java:4346)
  de.uka.ilkd.key.nparser.builder.AbstractBuilder.accept(AbstractBuilder.java:48)
  de.uka.ilkd.key.nparser.builder.DefaultBuilder.accept(DefaultBuilder.java:35)
  de.uka.ilkd.key.nparser.builder.ExpressionBuilder.visitImplication_term(ExpressionBuilder.java:222)
  de.uka.ilkd.key.nparser.builder.ExpressionBuilder.visitImplication_term(ExpressionBuilder.java:49)
  de.uka.ilkd.key.nparser.KeYParser$Implication_termContext.accept(KeYParser.java:4278)
  de.uka.ilkd.key.nparser.builder.AbstractBuilder.accept(AbstractBuilder.java:48)
  de.uka.ilkd.key.nparser.builder.DefaultBuilder.accept(DefaultBuilder.java:35)
  de.uka.ilkd.key.nparser.builder.ExpressionBuilder.visitEquivalence_term(ExpressionBuilder.java:198)
  de.uka.ilkd.key.nparser.builder.ExpressionBuilder.visitEquivalence_term(ExpressionBuilder.java:49)
  de.uka.ilkd.key.nparser.KeYParser$Equivalence_termContext.accept(KeYParser.java:4209)
  de.uka.ilkd.key.nparser.builder.AbstractBuilder.accept(AbstractBuilder.java:48)
  de.uka.ilkd.key.nparser.builder.DefaultBuilder.accept(DefaultBuilder.java:35)
  de.uka.ilkd.key.nparser.builder.ExpressionBuilder.visitElementary_update_term(ExpressionBuilder.java:188)
  de.uka.ilkd.key.nparser.builder.ExpressionBuilder.visitElementary_update_term(ExpressionBuilder.java:49)
  de.uka.ilkd.key.nparser.KeYParser$Elementary_update_termContext.accept(KeYParser.java:4142)
  de.uka.ilkd.key.nparser.builder.AbstractBuilder.lambda$mapOf$0(AbstractBuilder.java:124)
  java.base/java.util.stream.ReferencePipeline$3$1.accept(ReferencePipeline.java:197)
  java.base/java.util.ArrayList$ArrayListSpliterator.forEachRemaining(ArrayList.java:1625)
  java.base/java.util.stream.AbstractPipeline.copyInto(AbstractPipeline.java:509)
  java.base/java.util.stream.AbstractPipeline.wrapAndCopyInto(AbstractPipeline.java:499)
  java.base/java.util.stream.ReduceOps$ReduceOp.evaluateSequential(ReduceOps.java:921)
  java.base/java.util.stream.AbstractPipeline.evaluate(AbstractPipeline.java:234)
  java.base/java.util.stream.ReferencePipeline.collect(ReferencePipeline.java:682)
  de.uka.ilkd.key.nparser.builder.AbstractBuilder.mapOf(AbstractBuilder.java:124)
  de.uka.ilkd.key.nparser.builder.ExpressionBuilder.visitParallel_term(ExpressionBuilder.java:173)
  de.uka.ilkd.key.nparser.builder.ExpressionBuilder.visitParallel_term(ExpressionBuilder.java:49)
  de.uka.ilkd.key.nparser.KeYParser$Parallel_termContext.accept(KeYParser.java:4074)
  org.antlr.v4.runtime.tree.AbstractParseTreeVisitor.visitChildren(AbstractParseTreeVisitor.java:46)
  de.uka.ilkd.key.nparser.KeYParserBaseVisitor.visitTerm(KeYParserBaseVisitor.java:332)
  de.uka.ilkd.key.nparser.KeYParser$TermContext.accept(KeYParser.java:4020)
  de.uka.ilkd.key.nparser.builder.AbstractBuilder.accept(AbstractBuilder.java:48)
  de.uka.ilkd.key.nparser.builder.DefaultBuilder.accept(DefaultBuilder.java:35)
  de.uka.ilkd.key.nparser.builder.ExpressionBuilder.visitTermorseq(ExpressionBuilder.java:511)
  de.uka.ilkd.key.nparser.KeYParser$TermorseqContext.accept(KeYParser.java:8199)
  de.uka.ilkd.key.nparser.builder.AbstractBuilder.accept(AbstractBuilder.java:48)
  de.uka.ilkd.key.nparser.builder.DefaultBuilder.accept(DefaultBuilder.java:35)
  de.uka.ilkd.key.nparser.builder.TacletPBuilder.visitTaclet(TacletPBuilder.java:195)
  de.uka.ilkd.key.nparser.builder.TacletPBuilder.visitTaclet(TacletPBuilder.java:41)
  de.uka.ilkd.key.nparser.KeYParser$TacletContext.accept(KeYParser.java:7771)
  de.uka.ilkd.key.nparser.builder.AbstractBuilder.lambda$mapOf$0(AbstractBuilder.java:124)
  java.base/java.util.stream.ReferencePipeline$3$1.accept(ReferencePipeline.java:197)
  java.base/java.util.ArrayList$ArrayListSpliterator.forEachRemaining(ArrayList.java:1625)
  java.base/java.util.stream.AbstractPipeline.copyInto(AbstractPipeline.java:509)
  java.base/java.util.stream.AbstractPipeline.wrapAndCopyInto(AbstractPipeline.java:499)
  java.base/java.util.stream.ReduceOps$ReduceOp.evaluateSequential(ReduceOps.java:921)
  java.base/java.util.stream.AbstractPipeline.evaluate(AbstractPipeline.java:234)
  java.base/java.util.stream.ReferencePipeline.collect(ReferencePipeline.java:682)
  de.uka.ilkd.key.nparser.builder.AbstractBuilder.mapOf(AbstractBuilder.java:124)
  de.uka.ilkd.key.nparser.builder.TacletPBuilder.visitRulesOrAxioms(TacletPBuilder.java:95)
  de.uka.ilkd.key.nparser.KeYParser$RulesOrAxiomsContext.accept(KeYParser.java:10795)
  de.uka.ilkd.key.nparser.builder.AbstractBuilder.lambda$mapOf$0(AbstractBuilder.java:124)
  java.base/java.util.stream.ReferencePipeline$3$1.accept(ReferencePipeline.java:197)
  java.base/java.util.ArrayList$ArrayListSpliterator.forEachRemaining(ArrayList.java:1625)
  java.base/java.util.stream.AbstractPipeline.copyInto(AbstractPipeline.java:509)
  java.base/java.util.stream.AbstractPipeline.wrapAndCopyInto(AbstractPipeline.java:499)
  java.base/java.util.stream.ReduceOps$ReduceOp.evaluateSequential(ReduceOps.java:921)
  java.base/java.util.stream.AbstractPipeline.evaluate(AbstractPipeline.java:234)
  java.base/java.util.stream.ReferencePipeline.collect(ReferencePipeline.java:682)
  de.uka.ilkd.key.nparser.builder.AbstractBuilder.mapOf(AbstractBuilder.java:124)
  de.uka.ilkd.key.nparser.builder.TacletPBuilder.visitDecls(TacletPBuilder.java:76)
  de.uka.ilkd.key.nparser.KeYParser$DeclsContext.accept(KeYParser.java:515)
  org.antlr.v4.runtime.tree.AbstractParseTreeVisitor.visitChildren(AbstractParseTreeVisitor.java:46)
  de.uka.ilkd.key.nparser.KeYParserBaseVisitor.visitFile(KeYParserBaseVisitor.java:24)
  de.uka.ilkd.key.nparser.KeYParser$FileContext.accept(KeYParser.java:313)
  de.uka.ilkd.key.nparser.KeyAst.accept(KeyAst.java:43)
  de.uka.ilkd.key.nparser.KeyIO$Loader.loadTaclets(KeyIO.java:340)
  de.uka.ilkd.key.nparser.KeyIO$Loader.loadComplete(KeyIO.java:243)
  de.uka.ilkd.key.proof.io.KeYFileForTests.read(KeYFileForTests.java:53)
  de.uka.ilkd.key.proof.init.ProblemInitializer.readEnvInput(ProblemInitializer.java:323)
  de.uka.ilkd.key.proof.init.ProblemInitializer.prepare(ProblemInitializer.java:561)
  de.uka.ilkd.key.proof.init.ProblemInitializer.prepare(ProblemInitializer.java:471)
  de.uka.ilkd.key.rule.TacletForTests.parse(TacletForTests.java:80)
  de.uka.ilkd.key.rule.TacletForTests.parse(TacletForTests.java:125)
  de.uka.ilkd.key.rule.TacletForTests.parse(TacletForTests.java:129)
  de.uka.ilkd.key.rule.TestMatchTaclet.setUp(TestMatchTaclet.java:60)
  java.base/jdk.internal.reflect.NativeMethodAccessorImpl.invoke0(Native Method)
  java.base/jdk.internal.reflect.NativeMethodAccessorImpl.invoke(NativeMethodAccessorImpl.java:77)
  java.base/jdk.internal.reflect.DelegatingMethodAccessorImpl.invoke(DelegatingMethodAccessorImpl.java:43)
  java.base/java.lang.reflect.Method.invoke(Method.java:568)
  org.junit.platform.commons.util.ReflectionUtils.invokeMethod(ReflectionUtils.java:727)
  org.junit.jupiter.engine.execution.MethodInvocation.proceed(MethodInvocation.java:60)
  org.junit.jupiter.engine.execution.InvocationInterceptorChain$ValidatingInvocation.proceed(InvocationInterceptorChain.java:131)
  org.junit.jupiter.engine.extension.TimeoutExtension.intercept(TimeoutExtension.java:156)
  org.junit.jupiter.engine.extension.TimeoutExtension.interceptLifecycleMethod(TimeoutExtension.java:128)
  org.junit.jupiter.engine.extension.TimeoutExtension.interceptBeforeEachMethod(TimeoutExtension.java:78)
  org.junit.jupiter.engine.execution.InterceptingExecutableInvoker$ReflectiveInterceptorCall.lambda$ofVoidMethod$0(InterceptingExecutableInvoker.java:103)
  org.junit.jupiter.engine.execution.InterceptingExecutableInvoker.lambda$invoke$0(InterceptingExecutableInvoker.java:93)
  org.junit.jupiter.engine.execution.InvocationInterceptorChain$InterceptedInvocation.proceed(InvocationInterceptorChain.java:106)
  org.junit.jupiter.engine.execution.InvocationInterceptorChain.proceed(InvocationInterceptorChain.java:64)
  org.junit.jupiter.engine.execution.InvocationInterceptorChain.chainAndInvoke(InvocationInterceptorChain.java:45)
  org.junit.jupiter.engine.execution.InvocationInterceptorChain.invoke(InvocationInterceptorChain.java:37)
  org.junit.jupiter.engine.execution.InterceptingExecutableInvoker.invoke(InterceptingExecutableInvoker.java:92)
  org.junit.jupiter.engine.execution.InterceptingExecutableInvoker.invoke(InterceptingExecutableInvoker.java:86)
  org.junit.jupiter.engine.descriptor.ClassBasedTestDescriptor.invokeMethodInExtensionContext(ClassBasedTestDescriptor.java:520)
  org.junit.jupiter.engine.descriptor.ClassBasedTestDescriptor.lambda$synthesizeBeforeEachMethodAdapter$23(ClassBasedTestDescriptor.java:505)
  org.junit.jupiter.engine.descriptor.TestMethodTestDescriptor.lambda$invokeBeforeEachMethods$3(TestMethodTestDescriptor.java:174)
  org.junit.jupiter.engine.descriptor.TestMethodTestDescriptor.lambda$invokeBeforeMethodsOrCallbacksUntilExceptionOccurs$6(TestMethodTestDescriptor.java:202)
  org.junit.platform.engine.support.hierarchical.ThrowableCollector.execute(ThrowableCollector.java:73)
  org.junit.jupiter.engine.descriptor.TestMethodTestDescriptor.invokeBeforeMethodsOrCallbacksUntilExceptionOccurs(TestMethodTestDescriptor.java:202)
  org.junit.jupiter.engine.descriptor.TestMethodTestDescriptor.invokeBeforeEachMethods(TestMethodTestDescriptor.java:171)
  org.junit.jupiter.engine.descriptor.TestMethodTestDescriptor.execute(TestMethodTestDescriptor.java:134)
  org.junit.jupiter.engine.descriptor.TestMethodTestDescriptor.execute(TestMethodTestDescriptor.java:68)
  org.junit.platform.engine.support.hierarchical.NodeTestTask.lambda$executeRecursively$6(NodeTestTask.java:151)
  org.junit.platform.engine.support.hierarchical.ThrowableCollector.execute(ThrowableCollector.java:73)
  org.junit.platform.engine.support.hierarchical.NodeTestTask.lambda$executeRecursively$8(NodeTestTask.java:141)
  org.junit.platform.engine.support.hierarchical.Node.around(Node.java:137)
  org.junit.platform.engine.support.hierarchical.NodeTestTask.lambda$executeRecursively$9(NodeTestTask.java:139)
  org.junit.platform.engine.support.hierarchical.ThrowableCollector.execute(ThrowableCollector.java:73)
  org.junit.platform.engine.support.hierarchical.NodeTestTask.executeRecursively(NodeTestTask.java:138)
  org.junit.platform.engine.support.hierarchical.NodeTestTask.execute(NodeTestTask.java:95)
  java.base/java.util.ArrayList.forEach(ArrayList.java:1511)
  org.junit.platform.engine.support.hierarchical.SameThreadHierarchicalTestExecutorService.invokeAll(SameThreadHierarchicalTestExecutorService.java:41)
  org.junit.platform.engine.support.hierarchical.NodeTestTask.lambda$executeRecursively$6(NodeTestTask.java:155)
  org.junit.platform.engine.support.hierarchical.ThrowableCollector.execute(ThrowableCollector.java:73)
  org.junit.platform.engine.support.hierarchical.NodeTestTask.lambda$executeRecursively$8(NodeTestTask.java:141)
  org.junit.platform.engine.support.hierarchical.Node.around(Node.java:137)
  org.junit.platform.engine.support.hierarchical.NodeTestTask.lambda$executeRecursively$9(NodeTestTask.java:139)
  org.junit.platform.engine.support.hierarchical.ThrowableCollector.execute(ThrowableCollector.java:73)
  org.junit.platform.engine.support.hierarchical.NodeTestTask.executeRecursively(NodeTestTask.java:138)
  org.junit.platform.engine.support.hierarchical.NodeTestTask.execute(NodeTestTask.java:95)
  java.base/java.util.ArrayList.forEach(ArrayList.java:1511)
  org.junit.platform.engine.support.hierarchical.SameThreadHierarchicalTestExecutorService.invokeAll(SameThreadHierarchicalTestExecutorService.java:41)
  org.junit.platform.engine.support.hierarchical.NodeTestTask.lambda$executeRecursively$6(NodeTestTask.java:155)
  org.junit.platform.engine.support.hierarchical.ThrowableCollector.execute(ThrowableCollector.java:73)
  org.junit.platform.engine.support.hierarchical.NodeTestTask.lambda$executeRecursively$8(NodeTestTask.java:141)
  org.junit.platform.engine.support.hierarchical.Node.around(Node.java:137)
  org.junit.platform.engine.support.hierarchical.NodeTestTask.lambda$executeRecursively$9(NodeTestTask.java:139)
  org.junit.platform.engine.support.hierarchical.ThrowableCollector.execute(ThrowableCollector.java:73)
  org.junit.platform.engine.support.hierarchical.NodeTestTask.executeRecursively(NodeTestTask.java:138)
  org.junit.platform.engine.support.hierarchical.NodeTestTask.execute(NodeTestTask.java:95)
  org.junit.platform.engine.support.hierarchical.SameThreadHierarchicalTestExecutorService.submit(SameThreadHierarchicalTestExecutorService.java:35)
  org.junit.platform.engine.support.hierarchical.HierarchicalTestExecutor.execute(HierarchicalTestExecutor.java:57)
  org.junit.platform.engine.support.hierarchical.HierarchicalTestEngine.execute(HierarchicalTestEngine.java:54)
  org.junit.platform.launcher.core.EngineExecutionOrchestrator.execute(EngineExecutionOrchestrator.java:107)
  org.junit.platform.launcher.core.EngineExecutionOrchestrator.execute(EngineExecutionOrchestrator.java:88)
  org.junit.platform.launcher.core.EngineExecutionOrchestrator.lambda$execute$0(EngineExecutionOrchestrator.java:54)
  org.junit.platform.launcher.core.EngineExecutionOrchestrator.withInterceptedStreams(EngineExecutionOrchestrator.java:67)
  org.junit.platform.launcher.core.EngineExecutionOrchestrator.execute(EngineExecutionOrchestrator.java:52)
  org.junit.platform.launcher.core.DefaultLauncher.execute(DefaultLauncher.java:114)
  org.junit.platform.launcher.core.DefaultLauncher.execute(DefaultLauncher.java:86)
  org.junit.platform.launcher.core.DefaultLauncherSession$DelegatingLauncher.execute(DefaultLauncherSession.java:86)
  org.gradle.api.internal.tasks.testing.junitplatform.JUnitPlatformTestClassProcessor$CollectAllTestClassesExecutor.processAllTestClasses(JUnitPlatformTestClassProcessor.java:110)
  org.gradle.api.internal.tasks.testing.junitplatform.JUnitPlatformTestClassProcessor$CollectAllTestClassesExecutor.access$000(JUnitPlatformTestClassProcessor.java:90)
  org.gradle.api.internal.tasks.testing.junitplatform.JUnitPlatformTestClassProcessor.stop(JUnitPlatformTestClassProcessor.java:85)
  org.gradle.api.internal.tasks.testing.SuiteTestClassProcessor.stop(SuiteTestClassProcessor.java:62)
  java.base/jdk.internal.reflect.NativeMethodAccessorImpl.invoke0(Native Method)
  java.base/jdk.internal.reflect.NativeMethodAccessorImpl.invoke(NativeMethodAccessorImpl.java:77)
  java.base/jdk.internal.reflect.DelegatingMethodAccessorImpl.invoke(DelegatingMethodAccessorImpl.java:43)
  java.base/java.lang.reflect.Method.invoke(Method.java:568)
  org.gradle.internal.dispatch.ReflectionDispatch.dispatch(ReflectionDispatch.java:36)
  org.gradle.internal.dispatch.ReflectionDispatch.dispatch(ReflectionDispatch.java:24)
  org.gradle.internal.dispatch.ContextClassLoaderDispatch.dispatch(ContextClassLoaderDispatch.java:33)
  org.gradle.internal.dispatch.ProxyDispatchAdapter$DispatchingInvocationHandler.invoke(ProxyDispatchAdapter.java:94)
  jdk.proxy2/jdk.proxy2.$Proxy5.stop(Unknown Source)
  org.gradle.api.internal.tasks.testing.worker.TestWorker$3.run(TestWorker.java:193)
  org.gradle.api.internal.tasks.testing.worker.TestWorker.executeAndMaintainThreadName(TestWorker.java:129)
  org.gradle.api.internal.tasks.testing.worker.TestWorker.execute(TestWorker.java:100)
  org.gradle.api.internal.tasks.testing.worker.TestWorker.execute(TestWorker.java:60)
  org.gradle.process.internal.worker.child.ActionExecutionWorker.execute(ActionExecutionWorker.java:56)
  org.gradle.process.internal.worker.child.SystemApplicationClassLoaderWorker.call(SystemApplicationClassLoaderWorker.java:113)
  org.gradle.process.internal.worker.child.SystemApplicationClassLoaderWorker.call(SystemApplicationClassLoaderWorker.java:65)
  worker.org.gradle.process.internal.worker.GradleWorkerMain.run(GradleWorkerMain.java:69)
  worker.org.gradle.process.internal.worker.GradleWorkerMain.main(GradleWorkerMain.java:74). com.github.javaparser.ParseException: Encountered unexpected token: "}" "}"
    at line 1, column 22.

Was expecting one of:

    ","
    ";"
    "="
    "@"
    "["

	at com.github.javaparser.GeneratedJavaParser.generateParseException(GeneratedJavaParser.java:18340)

95828      ERROR Test worker     d.u.i.k.j.JavaService     Error in (line 1,col 11) Parse error. Found "}", expected one of  "," ";" "=" "@" "["
Problem stacktrace : 
  com.github.javaparser.GeneratedJavaParser.generateParseException(GeneratedJavaParser.java:18340)
  com.github.javaparser.GeneratedJavaParser.jj_consume_token(GeneratedJavaParser.java:18179)
  com.github.javaparser.GeneratedJavaParser.BlockStatement(GeneratedJavaParser.java:6611)
  com.github.javaparser.GeneratedJavaParser.Statements(GeneratedJavaParser.java:3114)
  com.github.javaparser.GeneratedJavaParser.Block(GeneratedJavaParser.java:6548)
  com.github.javaparser.GeneratedJavaParser.Statement(GeneratedJavaParser.java:6344)
  com.github.javaparser.GeneratedJavaParser.BlockStatement(GeneratedJavaParser.java:6727)
  com.github.javaparser.GeneratedJavaParser.Statements(GeneratedJavaParser.java:3114)
  com.github.javaparser.GeneratedJavaParser.Block(GeneratedJavaParser.java:6548)
  com.github.javaparser.GeneratedJavaParser.BlockParseStart(GeneratedJavaParser.java:9483)
  com.github.javaparser.JavaParser.parse(JavaParser.java:121)
  com.github.javaparser.JavaParser.parseBlock(JavaParser.java:313)
  de.uka.ilkd.key.java.JavaParserFactory.parseStatementBlock(JavaParserFactory.java:167)
  de.uka.ilkd.key.java.JavaService.recoderBlock(JavaService.java:782)
  de.uka.ilkd.key.java.JavaService.readBlock(JavaService.java:819)
  de.uka.ilkd.key.java.JavaService.readBlockWithEmptyContext(JavaService.java:854)
  de.uka.ilkd.key.nparser.builder.ExpressionBuilder.getJavaBlock(ExpressionBuilder.java:571)
  de.uka.ilkd.key.nparser.builder.ExpressionBuilder.visitModality_term(ExpressionBuilder.java:1074)
  de.uka.ilkd.key.nparser.KeYParser$Modality_termContext.accept(KeYParser.java:4623)
  org.antlr.v4.runtime.tree.AbstractParseTreeVisitor.visitChildren(AbstractParseTreeVisitor.java:46)
  de.uka.ilkd.key.nparser.KeYParserBaseVisitor.visitTerm60(KeYParserBaseVisitor.java:381)
  de.uka.ilkd.key.nparser.KeYParser$Term60Context.accept(KeYParser.java:4485)
  de.uka.ilkd.key.nparser.builder.AbstractBuilder.accept(AbstractBuilder.java:48)
  de.uka.ilkd.key.nparser.builder.DefaultBuilder.accept(DefaultBuilder.java:35)
  de.uka.ilkd.key.nparser.builder.ExpressionBuilder.visitConjunction_term(ExpressionBuilder.java:238)
  de.uka.ilkd.key.nparser.builder.ExpressionBuilder.visitConjunction_term(ExpressionBuilder.java:49)
  de.uka.ilkd.key.nparser.KeYParser$Conjunction_termContext.accept(KeYParser.java:4419)
  de.uka.ilkd.key.nparser.builder.AbstractBuilder.accept(AbstractBuilder.java:48)
  de.uka.ilkd.key.nparser.builder.DefaultBuilder.accept(DefaultBuilder.java:35)
  de.uka.ilkd.key.nparser.builder.ExpressionBuilder.visitDisjunction_term(ExpressionBuilder.java:229)
  de.uka.ilkd.key.nparser.builder.ExpressionBuilder.visitDisjunction_term(ExpressionBuilder.java:49)
  de.uka.ilkd.key.nparser.KeYParser$Disjunction_termContext.accept(KeYParser.java:4346)
  de.uka.ilkd.key.nparser.builder.AbstractBuilder.accept(AbstractBuilder.java:48)
  de.uka.ilkd.key.nparser.builder.DefaultBuilder.accept(DefaultBuilder.java:35)
  de.uka.ilkd.key.nparser.builder.ExpressionBuilder.visitImplication_term(ExpressionBuilder.java:222)
  de.uka.ilkd.key.nparser.builder.ExpressionBuilder.visitImplication_term(ExpressionBuilder.java:49)
  de.uka.ilkd.key.nparser.KeYParser$Implication_termContext.accept(KeYParser.java:4278)
  de.uka.ilkd.key.nparser.builder.AbstractBuilder.accept(AbstractBuilder.java:48)
  de.uka.ilkd.key.nparser.builder.DefaultBuilder.accept(DefaultBuilder.java:35)
  de.uka.ilkd.key.nparser.builder.ExpressionBuilder.visitEquivalence_term(ExpressionBuilder.java:198)
  de.uka.ilkd.key.nparser.builder.ExpressionBuilder.visitEquivalence_term(ExpressionBuilder.java:49)
  de.uka.ilkd.key.nparser.KeYParser$Equivalence_termContext.accept(KeYParser.java:4209)
  de.uka.ilkd.key.nparser.builder.AbstractBuilder.accept(AbstractBuilder.java:48)
  de.uka.ilkd.key.nparser.builder.DefaultBuilder.accept(DefaultBuilder.java:35)
  de.uka.ilkd.key.nparser.builder.ExpressionBuilder.visitElementary_update_term(ExpressionBuilder.java:188)
  de.uka.ilkd.key.nparser.builder.ExpressionBuilder.visitElementary_update_term(ExpressionBuilder.java:49)
  de.uka.ilkd.key.nparser.KeYParser$Elementary_update_termContext.accept(KeYParser.java:4142)
  de.uka.ilkd.key.nparser.builder.AbstractBuilder.lambda$mapOf$0(AbstractBuilder.java:124)
  java.base/java.util.stream.ReferencePipeline$3$1.accept(ReferencePipeline.java:197)
  java.base/java.util.ArrayList$ArrayListSpliterator.forEachRemaining(ArrayList.java:1625)
  java.base/java.util.stream.AbstractPipeline.copyInto(AbstractPipeline.java:509)
  java.base/java.util.stream.AbstractPipeline.wrapAndCopyInto(AbstractPipeline.java:499)
  java.base/java.util.stream.ReduceOps$ReduceOp.evaluateSequential(ReduceOps.java:921)
  java.base/java.util.stream.AbstractPipeline.evaluate(AbstractPipeline.java:234)
  java.base/java.util.stream.ReferencePipeline.collect(ReferencePipeline.java:682)
  de.uka.ilkd.key.nparser.builder.AbstractBuilder.mapOf(AbstractBuilder.java:124)
  de.uka.ilkd.key.nparser.builder.ExpressionBuilder.visitParallel_term(ExpressionBuilder.java:173)
  de.uka.ilkd.key.nparser.builder.ExpressionBuilder.visitParallel_term(ExpressionBuilder.java:49)
  de.uka.ilkd.key.nparser.KeYParser$Parallel_termContext.accept(KeYParser.java:4074)
  org.antlr.v4.runtime.tree.AbstractParseTreeVisitor.visitChildren(AbstractParseTreeVisitor.java:46)
  de.uka.ilkd.key.nparser.KeYParserBaseVisitor.visitTerm(KeYParserBaseVisitor.java:332)
  de.uka.ilkd.key.nparser.KeYParser$TermContext.accept(KeYParser.java:4020)
  de.uka.ilkd.key.nparser.builder.AbstractBuilder.accept(AbstractBuilder.java:48)
  de.uka.ilkd.key.nparser.builder.DefaultBuilder.accept(DefaultBuilder.java:35)
  de.uka.ilkd.key.nparser.builder.ExpressionBuilder.visitTermorseq(ExpressionBuilder.java:511)
  de.uka.ilkd.key.nparser.KeYParser$TermorseqContext.accept(KeYParser.java:8199)
  de.uka.ilkd.key.nparser.builder.AbstractBuilder.accept(AbstractBuilder.java:48)
  de.uka.ilkd.key.nparser.builder.DefaultBuilder.accept(DefaultBuilder.java:35)
  de.uka.ilkd.key.nparser.builder.TacletPBuilder.visitTaclet(TacletPBuilder.java:195)
  de.uka.ilkd.key.nparser.builder.TacletPBuilder.visitTaclet(TacletPBuilder.java:41)
  de.uka.ilkd.key.nparser.KeYParser$TacletContext.accept(KeYParser.java:7771)
  de.uka.ilkd.key.nparser.builder.AbstractBuilder.lambda$mapOf$0(AbstractBuilder.java:124)
  java.base/java.util.stream.ReferencePipeline$3$1.accept(ReferencePipeline.java:197)
  java.base/java.util.ArrayList$ArrayListSpliterator.forEachRemaining(ArrayList.java:1625)
  java.base/java.util.stream.AbstractPipeline.copyInto(AbstractPipeline.java:509)
  java.base/java.util.stream.AbstractPipeline.wrapAndCopyInto(AbstractPipeline.java:499)
  java.base/java.util.stream.ReduceOps$ReduceOp.evaluateSequential(ReduceOps.java:921)
  java.base/java.util.stream.AbstractPipeline.evaluate(AbstractPipeline.java:234)
  java.base/java.util.stream.ReferencePipeline.collect(ReferencePipeline.java:682)
  de.uka.ilkd.key.nparser.builder.AbstractBuilder.mapOf(AbstractBuilder.java:124)
  de.uka.ilkd.key.nparser.builder.TacletPBuilder.visitRulesOrAxioms(TacletPBuilder.java:95)
  de.uka.ilkd.key.nparser.KeYParser$RulesOrAxiomsContext.accept(KeYParser.java:10795)
  de.uka.ilkd.key.nparser.builder.AbstractBuilder.lambda$mapOf$0(AbstractBuilder.java:124)
  java.base/java.util.stream.ReferencePipeline$3$1.accept(ReferencePipeline.java:197)
  java.base/java.util.ArrayList$ArrayListSpliterator.forEachRemaining(ArrayList.java:1625)
  java.base/java.util.stream.AbstractPipeline.copyInto(AbstractPipeline.java:509)
  java.base/java.util.stream.AbstractPipeline.wrapAndCopyInto(AbstractPipeline.java:499)
  java.base/java.util.stream.ReduceOps$ReduceOp.evaluateSequential(ReduceOps.java:921)
  java.base/java.util.stream.AbstractPipeline.evaluate(AbstractPipeline.java:234)
  java.base/java.util.stream.ReferencePipeline.collect(ReferencePipeline.java:682)
  de.uka.ilkd.key.nparser.builder.AbstractBuilder.mapOf(AbstractBuilder.java:124)
  de.uka.ilkd.key.nparser.builder.TacletPBuilder.visitDecls(TacletPBuilder.java:76)
  de.uka.ilkd.key.nparser.KeYParser$DeclsContext.accept(KeYParser.java:515)
  org.antlr.v4.runtime.tree.AbstractParseTreeVisitor.visitChildren(AbstractParseTreeVisitor.java:46)
  de.uka.ilkd.key.nparser.KeYParserBaseVisitor.visitFile(KeYParserBaseVisitor.java:24)
  de.uka.ilkd.key.nparser.KeYParser$FileContext.accept(KeYParser.java:313)
  de.uka.ilkd.key.nparser.KeyAst.accept(KeyAst.java:43)
  de.uka.ilkd.key.nparser.KeyIO$Loader.loadTaclets(KeyIO.java:340)
  de.uka.ilkd.key.nparser.KeyIO$Loader.loadComplete(KeyIO.java:243)
  de.uka.ilkd.key.proof.io.KeYFileForTests.read(KeYFileForTests.java:53)
  de.uka.ilkd.key.proof.init.ProblemInitializer.readEnvInput(ProblemInitializer.java:323)
  de.uka.ilkd.key.proof.init.ProblemInitializer.prepare(ProblemInitializer.java:561)
  de.uka.ilkd.key.proof.init.ProblemInitializer.prepare(ProblemInitializer.java:471)
  de.uka.ilkd.key.rule.TacletForTests.parse(TacletForTests.java:80)
  de.uka.ilkd.key.rule.TacletForTests.parse(TacletForTests.java:125)
  de.uka.ilkd.key.rule.TacletForTests.parse(TacletForTests.java:129)
  de.uka.ilkd.key.rule.TestMatchTaclet.setUp(TestMatchTaclet.java:60)
  java.base/jdk.internal.reflect.NativeMethodAccessorImpl.invoke0(Native Method)
  java.base/jdk.internal.reflect.NativeMethodAccessorImpl.invoke(NativeMethodAccessorImpl.java:77)
  java.base/jdk.internal.reflect.DelegatingMethodAccessorImpl.invoke(DelegatingMethodAccessorImpl.java:43)
  java.base/java.lang.reflect.Method.invoke(Method.java:568)
  org.junit.platform.commons.util.ReflectionUtils.invokeMethod(ReflectionUtils.java:727)
  org.junit.jupiter.engine.execution.MethodInvocation.proceed(MethodInvocation.java:60)
  org.junit.jupiter.engine.execution.InvocationInterceptorChain$ValidatingInvocation.proceed(InvocationInterceptorChain.java:131)
  org.junit.jupiter.engine.extension.TimeoutExtension.intercept(TimeoutExtension.java:156)
  org.junit.jupiter.engine.extension.TimeoutExtension.interceptLifecycleMethod(TimeoutExtension.java:128)
  org.junit.jupiter.engine.extension.TimeoutExtension.interceptBeforeEachMethod(TimeoutExtension.java:78)
  org.junit.jupiter.engine.execution.InterceptingExecutableInvoker$ReflectiveInterceptorCall.lambda$ofVoidMethod$0(InterceptingExecutableInvoker.java:103)
  org.junit.jupiter.engine.execution.InterceptingExecutableInvoker.lambda$invoke$0(InterceptingExecutableInvoker.java:93)
  org.junit.jupiter.engine.execution.InvocationInterceptorChain$InterceptedInvocation.proceed(InvocationInterceptorChain.java:106)
  org.junit.jupiter.engine.execution.InvocationInterceptorChain.proceed(InvocationInterceptorChain.java:64)
  org.junit.jupiter.engine.execution.InvocationInterceptorChain.chainAndInvoke(InvocationInterceptorChain.java:45)
  org.junit.jupiter.engine.execution.InvocationInterceptorChain.invoke(InvocationInterceptorChain.java:37)
  org.junit.jupiter.engine.execution.InterceptingExecutableInvoker.invoke(InterceptingExecutableInvoker.java:92)
  org.junit.jupiter.engine.execution.InterceptingExecutableInvoker.invoke(InterceptingExecutableInvoker.java:86)
  org.junit.jupiter.engine.descriptor.ClassBasedTestDescriptor.invokeMethodInExtensionContext(ClassBasedTestDescriptor.java:520)
  org.junit.jupiter.engine.descriptor.ClassBasedTestDescriptor.lambda$synthesizeBeforeEachMethodAdapter$23(ClassBasedTestDescriptor.java:505)
  org.junit.jupiter.engine.descriptor.TestMethodTestDescriptor.lambda$invokeBeforeEachMethods$3(TestMethodTestDescriptor.java:174)
  org.junit.jupiter.engine.descriptor.TestMethodTestDescriptor.lambda$invokeBeforeMethodsOrCallbacksUntilExceptionOccurs$6(TestMethodTestDescriptor.java:202)
  org.junit.platform.engine.support.hierarchical.ThrowableCollector.execute(ThrowableCollector.java:73)
  org.junit.jupiter.engine.descriptor.TestMethodTestDescriptor.invokeBeforeMethodsOrCallbacksUntilExceptionOccurs(TestMethodTestDescriptor.java:202)
  org.junit.jupiter.engine.descriptor.TestMethodTestDescriptor.invokeBeforeEachMethods(TestMethodTestDescriptor.java:171)
  org.junit.jupiter.engine.descriptor.TestMethodTestDescriptor.execute(TestMethodTestDescriptor.java:134)
  org.junit.jupiter.engine.descriptor.TestMethodTestDescriptor.execute(TestMethodTestDescriptor.java:68)
  org.junit.platform.engine.support.hierarchical.NodeTestTask.lambda$executeRecursively$6(NodeTestTask.java:151)
  org.junit.platform.engine.support.hierarchical.ThrowableCollector.execute(ThrowableCollector.java:73)
  org.junit.platform.engine.support.hierarchical.NodeTestTask.lambda$executeRecursively$8(NodeTestTask.java:141)
  org.junit.platform.engine.support.hierarchical.Node.around(Node.java:137)
  org.junit.platform.engine.support.hierarchical.NodeTestTask.lambda$executeRecursively$9(NodeTestTask.java:139)
  org.junit.platform.engine.support.hierarchical.ThrowableCollector.execute(ThrowableCollector.java:73)
  org.junit.platform.engine.support.hierarchical.NodeTestTask.executeRecursively(NodeTestTask.java:138)
  org.junit.platform.engine.support.hierarchical.NodeTestTask.execute(NodeTestTask.java:95)
  java.base/java.util.ArrayList.forEach(ArrayList.java:1511)
  org.junit.platform.engine.support.hierarchical.SameThreadHierarchicalTestExecutorService.invokeAll(SameThreadHierarchicalTestExecutorService.java:41)
  org.junit.platform.engine.support.hierarchical.NodeTestTask.lambda$executeRecursively$6(NodeTestTask.java:155)
  org.junit.platform.engine.support.hierarchical.ThrowableCollector.execute(ThrowableCollector.java:73)
  org.junit.platform.engine.support.hierarchical.NodeTestTask.lambda$executeRecursively$8(NodeTestTask.java:141)
  org.junit.platform.engine.support.hierarchical.Node.around(Node.java:137)
  org.junit.platform.engine.support.hierarchical.NodeTestTask.lambda$executeRecursively$9(NodeTestTask.java:139)
  org.junit.platform.engine.support.hierarchical.ThrowableCollector.execute(ThrowableCollector.java:73)
  org.junit.platform.engine.support.hierarchical.NodeTestTask.executeRecursively(NodeTestTask.java:138)
  org.junit.platform.engine.support.hierarchical.NodeTestTask.execute(NodeTestTask.java:95)
  java.base/java.util.ArrayList.forEach(ArrayList.java:1511)
  org.junit.platform.engine.support.hierarchical.SameThreadHierarchicalTestExecutorService.invokeAll(SameThreadHierarchicalTestExecutorService.java:41)
  org.junit.platform.engine.support.hierarchical.NodeTestTask.lambda$executeRecursively$6(NodeTestTask.java:155)
  org.junit.platform.engine.support.hierarchical.ThrowableCollector.execute(ThrowableCollector.java:73)
  org.junit.platform.engine.support.hierarchical.NodeTestTask.lambda$executeRecursively$8(NodeTestTask.java:141)
  org.junit.platform.engine.support.hierarchical.Node.around(Node.java:137)
  org.junit.platform.engine.support.hierarchical.NodeTestTask.lambda$executeRecursively$9(NodeTestTask.java:139)
  org.junit.platform.engine.support.hierarchical.ThrowableCollector.execute(ThrowableCollector.java:73)
  org.junit.platform.engine.support.hierarchical.NodeTestTask.executeRecursively(NodeTestTask.java:138)
  org.junit.platform.engine.support.hierarchical.NodeTestTask.execute(NodeTestTask.java:95)
  org.junit.platform.engine.support.hierarchical.SameThreadHierarchicalTestExecutorService.submit(SameThreadHierarchicalTestExecutorService.java:35)
  org.junit.platform.engine.support.hierarchical.HierarchicalTestExecutor.execute(HierarchicalTestExecutor.java:57)
  org.junit.platform.engine.support.hierarchical.HierarchicalTestEngine.execute(HierarchicalTestEngine.java:54)
  org.junit.platform.launcher.core.EngineExecutionOrchestrator.execute(EngineExecutionOrchestrator.java:107)
  org.junit.platform.launcher.core.EngineExecutionOrchestrator.execute(EngineExecutionOrchestrator.java:88)
  org.junit.platform.launcher.core.EngineExecutionOrchestrator.lambda$execute$0(EngineExecutionOrchestrator.java:54)
  org.junit.platform.launcher.core.EngineExecutionOrchestrator.withInterceptedStreams(EngineExecutionOrchestrator.java:67)
  org.junit.platform.launcher.core.EngineExecutionOrchestrator.execute(EngineExecutionOrchestrator.java:52)
  org.junit.platform.launcher.core.DefaultLauncher.execute(DefaultLauncher.java:114)
  org.junit.platform.launcher.core.DefaultLauncher.execute(DefaultLauncher.java:86)
  org.junit.platform.launcher.core.DefaultLauncherSession$DelegatingLauncher.execute(DefaultLauncherSession.java:86)
  org.gradle.api.internal.tasks.testing.junitplatform.JUnitPlatformTestClassProcessor$CollectAllTestClassesExecutor.processAllTestClasses(JUnitPlatformTestClassProcessor.java:110)
  org.gradle.api.internal.tasks.testing.junitplatform.JUnitPlatformTestClassProcessor$CollectAllTestClassesExecutor.access$000(JUnitPlatformTestClassProcessor.java:90)
  org.gradle.api.internal.tasks.testing.junitplatform.JUnitPlatformTestClassProcessor.stop(JUnitPlatformTestClassProcessor.java:85)
  org.gradle.api.internal.tasks.testing.SuiteTestClassProcessor.stop(SuiteTestClassProcessor.java:62)
  java.base/jdk.internal.reflect.NativeMethodAccessorImpl.invoke0(Native Method)
  java.base/jdk.internal.reflect.NativeMethodAccessorImpl.invoke(NativeMethodAccessorImpl.java:77)
  java.base/jdk.internal.reflect.DelegatingMethodAccessorImpl.invoke(DelegatingMethodAccessorImpl.java:43)
  java.base/java.lang.reflect.Method.invoke(Method.java:568)
  org.gradle.internal.dispatch.ReflectionDispatch.dispatch(ReflectionDispatch.java:36)
  org.gradle.internal.dispatch.ReflectionDispatch.dispatch(ReflectionDispatch.java:24)
  org.gradle.internal.dispatch.ContextClassLoaderDispatch.dispatch(ContextClassLoaderDispatch.java:33)
  org.gradle.internal.dispatch.ProxyDispatchAdapter$DispatchingInvocationHandler.invoke(ProxyDispatchAdapter.java:94)
  jdk.proxy2/jdk.proxy2.$Proxy5.stop(Unknown Source)
  org.gradle.api.internal.tasks.testing.worker.TestWorker$3.run(TestWorker.java:193)
  org.gradle.api.internal.tasks.testing.worker.TestWorker.executeAndMaintainThreadName(TestWorker.java:129)
  org.gradle.api.internal.tasks.testing.worker.TestWorker.execute(TestWorker.java:100)
  org.gradle.api.internal.tasks.testing.worker.TestWorker.execute(TestWorker.java:60)
  org.gradle.process.internal.worker.child.ActionExecutionWorker.execute(ActionExecutionWorker.java:56)
  org.gradle.process.internal.worker.child.SystemApplicationClassLoaderWorker.call(SystemApplicationClassLoaderWorker.java:113)
  org.gradle.process.internal.worker.child.SystemApplicationClassLoaderWorker.call(SystemApplicationClassLoaderWorker.java:65)
  worker.org.gradle.process.internal.worker.GradleWorkerMain.run(GradleWorkerMain.java:69)
  worker.org.gradle.process.internal.worker.GradleWorkerMain.main(GradleWorkerMain.java:74). com.github.javaparser.ParseException: Encountered unexpected token: "}" "}"
    at line 1, column 22.

Was expecting one of:

    ","
    ";"
    "="
    "@"
    "["

	at com.github.javaparser.GeneratedJavaParser.generateParseException(GeneratedJavaParser.java:18340)

95829      ERROR Test worker     d.u.i.k.n.b.TacletPBuilder Error in parsing taclet. de.uka.ilkd.key.util.parsing.BuildingExceptions: Multiple errors occured
	at de.uka.ilkd.key.java.JavaService.reportErrors(JavaService.java:219)

95835      DEBUG Test worker     d.u.i.k.n.KeyIO           MODE: taclets took 49ms 
95993      ERROR Test worker     d.u.i.k.j.KeYJPMapping    Duplicate registration of node: boolean, formerNode: /*@ pure @*/
boolean 
95998      ERROR Test worker     d.u.i.k.j.KeYJPMapping    Duplicate registration of node: Object, formerNode: java.lang.Object 
95998      ERROR Test worker     d.u.i.k.j.KeYJPMapping    Duplicate registration of node: Object, formerNode: java.lang.Object 
96000      ERROR Test worker     d.u.i.k.j.KeYJPMapping    Duplicate registration of node: Annotation, formerNode: Annotation 
96002      ERROR Test worker     d.u.i.k.j.KeYJPMapping    Duplicate registration of node: ArithmeticException, formerNode: ArithmeticException 
96004      ERROR Test worker     d.u.i.k.j.KeYJPMapping    Duplicate registration of node: ArrayIndexOutOfBoundsException, formerNode: ArrayIndexOutOfBoundsException 
96006      ERROR Test worker     d.u.i.k.j.KeYJPMapping    Duplicate registration of node: ArrayStoreException, formerNode: ArrayStoreException 
96008      ERROR Test worker     d.u.i.k.j.KeYJPMapping    Duplicate registration of node: AssertionError, formerNode: AssertionError 
96009      ERROR Test worker     d.u.i.k.j.KeYJPMapping    Duplicate registration of node: Character, formerNode: Character 
96010      ERROR Test worker     d.u.i.k.j.KeYJPMapping    Duplicate registration of node: Class, formerNode: java.lang.Class 
96010      ERROR Test worker     d.u.i.k.j.KeYJPMapping    Duplicate registration of node: Class, formerNode: java.lang.Class 
96011      ERROR Test worker     d.u.i.k.j.KeYJPMapping    Duplicate registration of node: ClassCastException, formerNode: ClassCastException 
96013      ERROR Test worker     d.u.i.k.j.KeYJPMapping    Duplicate registration of node: CloneNotSupportedException, formerNode: CloneNotSupportedException 
96013      ERROR Test worker     d.u.i.k.j.KeYJPMapping    Duplicate registration of node: Cloneable, formerNode: Cloneable 
96014      ERROR Test worker     d.u.i.k.j.KeYJPMapping    Duplicate registration of node: Comparable, formerNode: Comparable 
96015      ERROR Test worker     d.u.i.k.j.KeYJPMapping    Duplicate registration of node: Double, formerNode: Double 
96017      ERROR Test worker     d.u.i.k.j.KeYJPMapping    Duplicate registration of node: Enum, formerNode: java.lang.Enum 
96018      ERROR Test worker     d.u.i.k.j.KeYJPMapping    Duplicate registration of node: Enum, formerNode: java.lang.Enum 
96020      ERROR Test worker     d.u.i.k.j.KeYJPMapping    Duplicate registration of node: Error, formerNode: Error 
96022      ERROR Test worker     d.u.i.k.j.KeYJPMapping    Duplicate registration of node: Exception, formerNode: Exception 
96024      ERROR Test worker     d.u.i.k.j.KeYJPMapping    Duplicate registration of node: ExceptionInInitializerError, formerNode: java.lang.ExceptionInInitializerError 
96024      ERROR Test worker     d.u.i.k.j.KeYJPMapping    Duplicate registration of node: ExceptionInInitializerError, formerNode: java.lang.ExceptionInInitializerError 
96025      ERROR Test worker     d.u.i.k.j.KeYJPMapping    Duplicate registration of node: Float, formerNode: Float 
96026      ERROR Test worker     d.u.i.k.j.KeYJPMapping    Duplicate registration of node: IllegalArgumentException, formerNode: IllegalArgumentException 
96027      ERROR Test worker     d.u.i.k.j.KeYJPMapping    Duplicate registration of node: IndexOutOfBoundsException, formerNode: IndexOutOfBoundsException 
96044      ERROR Test worker     d.u.i.k.j.KeYJPMapping    Duplicate registration of node: Integer, formerNode: java.lang.Integer 
96044      ERROR Test worker     d.u.i.k.j.KeYJPMapping    Duplicate registration of node: Integer, formerNode: java.lang.Integer 
96046      ERROR Test worker     d.u.i.k.j.KeYJPMapping    Duplicate registration of node: InterruptedException, formerNode: InterruptedException 
96047      ERROR Test worker     d.u.i.k.j.KeYJPMapping    Duplicate registration of node: Iterable, formerNode: Iterable 
96047      ERROR Test worker     d.u.i.k.j.KeYJPMapping    Duplicate registration of node: LinkageError, formerNode: LinkageError 
96057      ERROR Test worker     d.u.i.k.j.KeYJPMapping    Duplicate registration of node: Math, formerNode: Math 
96059      ERROR Test worker     d.u.i.k.j.KeYJPMapping    Duplicate registration of node: NegativeArraySizeException, formerNode: NegativeArraySizeException 
96060      ERROR Test worker     d.u.i.k.j.KeYJPMapping    Duplicate registration of node: NoClassDefFoundError, formerNode: java.lang.NoClassDefFoundError 
96060      ERROR Test worker     d.u.i.k.j.KeYJPMapping    Duplicate registration of node: NoClassDefFoundError, formerNode: java.lang.NoClassDefFoundError 
96061      ERROR Test worker     d.u.i.k.j.KeYJPMapping    Duplicate registration of node: NullPointerException, formerNode: NullPointerException 
96062      ERROR Test worker     d.u.i.k.j.KeYJPMapping    Duplicate registration of node: Number, formerNode: Number 
96064      ERROR Test worker     d.u.i.k.j.KeYJPMapping    Duplicate registration of node: NumberFormatException, formerNode: NumberFormatException 
96065      ERROR Test worker     d.u.i.k.j.KeYJPMapping    Duplicate registration of node: VirtualMachineError, formerNode: VirtualMachineError 
96067      ERROR Test worker     d.u.i.k.j.KeYJPMapping    Duplicate registration of node: OutOfMemoryError, formerNode: OutOfMemoryError 
96068      ERROR Test worker     d.u.i.k.j.KeYJPMapping    Duplicate registration of node: Runnable, formerNode: Runnable 
96070      ERROR Test worker     d.u.i.k.j.KeYJPMapping    Duplicate registration of node: RuntimeException, formerNode: RuntimeException 
96070      ERROR Test worker     d.u.i.k.j.KeYJPMapping    Duplicate registration of node: /*@pure*/
int, formerNode: int 
96073      ERROR Test worker     d.u.i.k.j.KeYJPMapping    Duplicate registration of node: /*@ helper */
int, formerNode: int 
96074      ERROR Test worker     d.u.i.k.j.KeYJPMapping    Duplicate registration of node: /*@ helper */
boolean, formerNode: /*@ pure @*/
boolean 
96084      ERROR Test worker     d.u.i.k.j.KeYJPMapping    Duplicate registration of node: /*@ helper */
java.lang.String, formerNode: java.lang.String 
96096      ERROR Test worker     d.u.i.k.j.KeYJPMapping    Duplicate registration of node: String, formerNode: java.lang.String 
96117      ERROR Test worker     d.u.i.k.j.KeYJPMapping    Duplicate registration of node: String, formerNode: java.lang.String 
96119      ERROR Test worker     d.u.i.k.j.KeYJPMapping    Duplicate registration of node: char, formerNode: /*@ helper */
char 
96121      ERROR Test worker     d.u.i.k.j.KeYJPMapping    Duplicate registration of node: StringBuffer, formerNode: StringBuffer 
96125      ERROR Test worker     d.u.i.k.j.KeYJPMapping    Duplicate registration of node: System, formerNode: System 
96125      ERROR Test worker     d.u.i.k.j.KeYJPMapping    Duplicate registration of node: Thread, formerNode: Thread 
96129      ERROR Test worker     d.u.i.k.j.KeYJPMapping    Duplicate registration of node: Throwable, formerNode: java.lang.Throwable 
96129      ERROR Test worker     d.u.i.k.j.KeYJPMapping    Duplicate registration of node: Throwable, formerNode: java.lang.Throwable 
96135      ERROR Test worker     d.u.i.k.j.KeYJPMapping    Duplicate registration of node: Collection, formerNode: Collection 
96136      ERROR Test worker     d.u.i.k.j.KeYJPMapping    Duplicate registration of node: Iterator, formerNode: java.util.Iterator 
96136      ERROR Test worker     d.u.i.k.j.KeYJPMapping    Duplicate registration of node: Iterator, formerNode: java.util.Iterator 
96141      ERROR Test worker     d.u.i.k.j.KeYJPMapping    Duplicate registration of node: List, formerNode: java.util.List 
96141      ERROR Test worker     d.u.i.k.j.KeYJPMapping    Duplicate registration of node: List, formerNode: java.util.List 
96143      ERROR Test worker     d.u.i.k.j.KeYJPMapping    Duplicate registration of node: ListIterator, formerNode: java.util.ListIterator 
96144      ERROR Test worker     d.u.i.k.j.KeYJPMapping    Duplicate registration of node: ListIterator, formerNode: java.util.ListIterator 
96145      ERROR Test worker     d.u.i.k.j.KeYJPMapping    Duplicate registration of node: Long, formerNode: Long 
96146      ERROR Test worker     d.u.i.k.j.KeYJPMapping    Duplicate registration of node: Boolean, formerNode: Boolean 
96151      ERROR Test worker     d.u.i.k.j.KeYJPMapping    Duplicate registration of node: Map, formerNode: Map 
96155      ERROR Test worker     d.u.i.k.j.KeYJPMapping    Duplicate registration of node: Set, formerNode: java.util.Set 
96155      ERROR Test worker     d.u.i.k.j.KeYJPMapping    Duplicate registration of node: Set, formerNode: java.util.Set 
96157      ERROR Test worker     d.u.i.k.j.KeYJPMapping    Duplicate registration of node: FilterOutputStream, formerNode: FilterOutputStream 
96157      ERROR Test worker     d.u.i.k.j.KeYJPMapping    Duplicate registration of node: InputStream, formerNode: java.io.InputStream 
96158      ERROR Test worker     d.u.i.k.j.KeYJPMapping    Duplicate registration of node: InputStream, formerNode: java.io.InputStream 
96160      ERROR Test worker     d.u.i.k.j.KeYJPMapping    Duplicate registration of node: IOException, formerNode: IOException 
96160      ERROR Test worker     d.u.i.k.j.KeYJPMapping    Duplicate registration of node: OutputStream, formerNode: java.io.OutputStream 
96161      ERROR Test worker     d.u.i.k.j.KeYJPMapping    Duplicate registration of node: OutputStream, formerNode: java.io.OutputStream 
96167      ERROR Test worker     d.u.i.k.j.KeYJPMapping    Duplicate registration of node: PrintStream, formerNode: java.io.PrintStream 
96167      ERROR Test worker     d.u.i.k.j.KeYJPMapping    Duplicate registration of node: PrintStream, formerNode: java.io.PrintStream 
96168      ERROR Test worker     d.u.i.k.j.KeYJPMapping    Duplicate registration of node: Serializable, formerNode: Serializable 
96169      ERROR Test worker     d.u.i.k.j.KeYJPMapping    Duplicate registration of node: BigInteger, formerNode: java.math.BigInteger 
96171      ERROR Test worker     d.u.i.k.j.KeYJPMapping    Duplicate registration of node: BigInteger, formerNode: java.math.BigInteger 
96173      ERROR Test worker     d.u.i.k.j.KeYJPMapping    Duplicate registration of node: ArrayList, formerNode: ArrayList 
96176      ERROR Test worker     d.u.i.k.j.KeYJPMapping    Duplicate registration of node: byte[], formerNode: byte[] 
96198      ERROR Test worker     d.u.i.k.j.KeYJPMapping    Duplicate registration of node: Arrays, formerNode: Arrays 
96199      ERROR Test worker     d.u.i.k.j.KeYJPMapping    Duplicate registration of node: ListIteratorImpl, formerNode: ListIteratorImpl 
96200      ERROR Test worker     d.u.i.k.j.KeYJPMapping    Duplicate registration of node: Date, formerNode: Date 
96201      ERROR Test worker     d.u.i.k.j.KeYJPMapping    Duplicate registration of node: LinkedHashMap, formerNode: LinkedHashMap 
96205      ERROR Test worker     d.u.i.k.j.KeYJPMapping    Duplicate registration of node: /*@pure@*/
String, formerNode: /*@strictly_pure*/
java.lang.String 
96205      ERROR Test worker     d.u.i.k.j.KeYJPMapping    Duplicate registration of node: LinkedList, formerNode: LinkedList 
96223      INFO  Test worker     d.u.i.k.n.KeyIO           Parsing took 2 ms 
96223      DEBUG Test worker     d.u.i.k.n.KeyIO           Load declarations of de.uka.ilkd.key.nparser.KeyAst$File:  /home/runner/work/key/key/key.core/src/test/resources/testcase/../de/uka/ilkd/key/rule/testRuleMatch.txt:8#1 
96224      INFO  Test worker     d.u.i.k.n.KeyIO           MODE: declarations took 1 ms 
96224      DEBUG Test worker     d.u.i.k.n.KeyIO           MODE: 2nd degree decls took 0 
96267      ERROR Test worker     d.u.i.k.j.JavaService     Error in (line 1,col 11) Parse error. Found "}", expected one of  "," ";" "=" "@" "["
Problem stacktrace : 
  com.github.javaparser.GeneratedJavaParser.generateParseException(GeneratedJavaParser.java:18340)
  com.github.javaparser.GeneratedJavaParser.jj_consume_token(GeneratedJavaParser.java:18179)
  com.github.javaparser.GeneratedJavaParser.BlockStatement(GeneratedJavaParser.java:6611)
  com.github.javaparser.GeneratedJavaParser.Statements(GeneratedJavaParser.java:3114)
  com.github.javaparser.GeneratedJavaParser.Block(GeneratedJavaParser.java:6548)
  com.github.javaparser.GeneratedJavaParser.Statement(GeneratedJavaParser.java:6344)
  com.github.javaparser.GeneratedJavaParser.BlockStatement(GeneratedJavaParser.java:6727)
  com.github.javaparser.GeneratedJavaParser.Statements(GeneratedJavaParser.java:3114)
  com.github.javaparser.GeneratedJavaParser.Block(GeneratedJavaParser.java:6548)
  com.github.javaparser.GeneratedJavaParser.BlockParseStart(GeneratedJavaParser.java:9483)
  com.github.javaparser.JavaParser.parse(JavaParser.java:121)
  com.github.javaparser.JavaParser.parseBlock(JavaParser.java:313)
  de.uka.ilkd.key.java.JavaParserFactory.parseStatementBlock(JavaParserFactory.java:167)
  de.uka.ilkd.key.java.JavaService.recoderBlock(JavaService.java:782)
  de.uka.ilkd.key.java.JavaService.readBlock(JavaService.java:819)
  de.uka.ilkd.key.java.JavaService.readBlockWithProgramVariables(JavaService.java:875)
  de.uka.ilkd.key.nparser.builder.ExpressionBuilder.getJavaBlock(ExpressionBuilder.java:568)
  de.uka.ilkd.key.nparser.builder.ExpressionBuilder.visitModality_term(ExpressionBuilder.java:1074)
  de.uka.ilkd.key.nparser.KeYParser$Modality_termContext.accept(KeYParser.java:4623)
  org.antlr.v4.runtime.tree.AbstractParseTreeVisitor.visitChildren(AbstractParseTreeVisitor.java:46)
  de.uka.ilkd.key.nparser.KeYParserBaseVisitor.visitTerm60(KeYParserBaseVisitor.java:381)
  de.uka.ilkd.key.nparser.KeYParser$Term60Context.accept(KeYParser.java:4485)
  de.uka.ilkd.key.nparser.builder.AbstractBuilder.accept(AbstractBuilder.java:48)
  de.uka.ilkd.key.nparser.builder.DefaultBuilder.accept(DefaultBuilder.java:35)
  de.uka.ilkd.key.nparser.builder.ExpressionBuilder.visitConjunction_term(ExpressionBuilder.java:238)
  de.uka.ilkd.key.nparser.builder.ExpressionBuilder.visitConjunction_term(ExpressionBuilder.java:49)
  de.uka.ilkd.key.nparser.KeYParser$Conjunction_termContext.accept(KeYParser.java:4419)
  de.uka.ilkd.key.nparser.builder.AbstractBuilder.accept(AbstractBuilder.java:48)
  de.uka.ilkd.key.nparser.builder.DefaultBuilder.accept(DefaultBuilder.java:35)
  de.uka.ilkd.key.nparser.builder.ExpressionBuilder.visitDisjunction_term(ExpressionBuilder.java:229)
  de.uka.ilkd.key.nparser.builder.ExpressionBuilder.visitDisjunction_term(ExpressionBuilder.java:49)
  de.uka.ilkd.key.nparser.KeYParser$Disjunction_termContext.accept(KeYParser.java:4346)
  de.uka.ilkd.key.nparser.builder.AbstractBuilder.accept(AbstractBuilder.java:48)
  de.uka.ilkd.key.nparser.builder.DefaultBuilder.accept(DefaultBuilder.java:35)
  de.uka.ilkd.key.nparser.builder.ExpressionBuilder.visitImplication_term(ExpressionBuilder.java:222)
  de.uka.ilkd.key.nparser.builder.ExpressionBuilder.visitImplication_term(ExpressionBuilder.java:49)
  de.uka.ilkd.key.nparser.KeYParser$Implication_termContext.accept(KeYParser.java:4278)
  de.uka.ilkd.key.nparser.builder.AbstractBuilder.accept(AbstractBuilder.java:48)
  de.uka.ilkd.key.nparser.builder.DefaultBuilder.accept(DefaultBuilder.java:35)
  de.uka.ilkd.key.nparser.builder.ExpressionBuilder.visitEquivalence_term(ExpressionBuilder.java:198)
  de.uka.ilkd.key.nparser.builder.ExpressionBuilder.visitEquivalence_term(ExpressionBuilder.java:49)
  de.uka.ilkd.key.nparser.KeYParser$Equivalence_termContext.accept(KeYParser.java:4209)
  de.uka.ilkd.key.nparser.builder.AbstractBuilder.accept(AbstractBuilder.java:48)
  de.uka.ilkd.key.nparser.builder.DefaultBuilder.accept(DefaultBuilder.java:35)
  de.uka.ilkd.key.nparser.builder.ExpressionBuilder.visitElementary_update_term(ExpressionBuilder.java:188)
  de.uka.ilkd.key.nparser.builder.ExpressionBuilder.visitElementary_update_term(ExpressionBuilder.java:49)
  de.uka.ilkd.key.nparser.KeYParser$Elementary_update_termContext.accept(KeYParser.java:4142)
  de.uka.ilkd.key.nparser.builder.AbstractBuilder.lambda$mapOf$0(AbstractBuilder.java:124)
  java.base/java.util.stream.ReferencePipeline$3$1.accept(ReferencePipeline.java:197)
  java.base/java.util.ArrayList$ArrayListSpliterator.forEachRemaining(ArrayList.java:1625)
  java.base/java.util.stream.AbstractPipeline.copyInto(AbstractPipeline.java:509)
  java.base/java.util.stream.AbstractPipeline.wrapAndCopyInto(AbstractPipeline.java:499)
  java.base/java.util.stream.ReduceOps$ReduceOp.evaluateSequential(ReduceOps.java:921)
  java.base/java.util.stream.AbstractPipeline.evaluate(AbstractPipeline.java:234)
  java.base/java.util.stream.ReferencePipeline.collect(ReferencePipeline.java:682)
  de.uka.ilkd.key.nparser.builder.AbstractBuilder.mapOf(AbstractBuilder.java:124)
  de.uka.ilkd.key.nparser.builder.ExpressionBuilder.visitParallel_term(ExpressionBuilder.java:173)
  de.uka.ilkd.key.nparser.builder.ExpressionBuilder.visitParallel_term(ExpressionBuilder.java:49)
  de.uka.ilkd.key.nparser.KeYParser$Parallel_termContext.accept(KeYParser.java:4074)
  org.antlr.v4.runtime.tree.AbstractParseTreeVisitor.visitChildren(AbstractParseTreeVisitor.java:46)
  de.uka.ilkd.key.nparser.KeYParserBaseVisitor.visitTerm(KeYParserBaseVisitor.java:332)
  de.uka.ilkd.key.nparser.KeYParser$TermContext.accept(KeYParser.java:4020)
  de.uka.ilkd.key.nparser.builder.AbstractBuilder.accept(AbstractBuilder.java:48)
  de.uka.ilkd.key.nparser.builder.DefaultBuilder.accept(DefaultBuilder.java:35)
  de.uka.ilkd.key.nparser.builder.ExpressionBuilder.visitTermorseq(ExpressionBuilder.java:511)
  de.uka.ilkd.key.nparser.KeYParser$TermorseqContext.accept(KeYParser.java:8199)
  de.uka.ilkd.key.nparser.builder.AbstractBuilder.accept(AbstractBuilder.java:48)
  de.uka.ilkd.key.nparser.builder.DefaultBuilder.accept(DefaultBuilder.java:35)
  de.uka.ilkd.key.nparser.builder.TacletPBuilder.visitTaclet(TacletPBuilder.java:195)
  de.uka.ilkd.key.nparser.builder.TacletPBuilder.visitTaclet(TacletPBuilder.java:41)
  de.uka.ilkd.key.nparser.KeYParser$TacletContext.accept(KeYParser.java:7771)
  de.uka.ilkd.key.nparser.builder.AbstractBuilder.lambda$mapOf$0(AbstractBuilder.java:124)
  java.base/java.util.stream.ReferencePipeline$3$1.accept(ReferencePipeline.java:197)
  java.base/java.util.ArrayList$ArrayListSpliterator.forEachRemaining(ArrayList.java:1625)
  java.base/java.util.stream.AbstractPipeline.copyInto(AbstractPipeline.java:509)
  java.base/java.util.stream.AbstractPipeline.wrapAndCopyInto(AbstractPipeline.java:499)
  java.base/java.util.stream.ReduceOps$ReduceOp.evaluateSequential(ReduceOps.java:921)
  java.base/java.util.stream.AbstractPipeline.evaluate(AbstractPipeline.java:234)
  java.base/java.util.stream.ReferencePipeline.collect(ReferencePipeline.java:682)
  de.uka.ilkd.key.nparser.builder.AbstractBuilder.mapOf(AbstractBuilder.java:124)
  de.uka.ilkd.key.nparser.builder.TacletPBuilder.visitRulesOrAxioms(TacletPBuilder.java:95)
  de.uka.ilkd.key.nparser.KeYParser$RulesOrAxiomsContext.accept(KeYParser.java:10795)
  de.uka.ilkd.key.nparser.builder.AbstractBuilder.lambda$mapOf$0(AbstractBuilder.java:124)
  java.base/java.util.stream.ReferencePipeline$3$1.accept(ReferencePipeline.java:197)
  java.base/java.util.ArrayList$ArrayListSpliterator.forEachRemaining(ArrayList.java:1625)
  java.base/java.util.stream.AbstractPipeline.copyInto(AbstractPipeline.java:509)
  java.base/java.util.stream.AbstractPipeline.wrapAndCopyInto(AbstractPipeline.java:499)
  java.base/java.util.stream.ReduceOps$ReduceOp.evaluateSequential(ReduceOps.java:921)
  java.base/java.util.stream.AbstractPipeline.evaluate(AbstractPipeline.java:234)
  java.base/java.util.stream.ReferencePipeline.collect(ReferencePipeline.java:682)
  de.uka.ilkd.key.nparser.builder.AbstractBuilder.mapOf(AbstractBuilder.java:124)
  de.uka.ilkd.key.nparser.builder.TacletPBuilder.visitDecls(TacletPBuilder.java:76)
  de.uka.ilkd.key.nparser.KeYParser$DeclsContext.accept(KeYParser.java:515)
  org.antlr.v4.runtime.tree.AbstractParseTreeVisitor.visitChildren(AbstractParseTreeVisitor.java:46)
  de.uka.ilkd.key.nparser.KeYParserBaseVisitor.visitFile(KeYParserBaseVisitor.java:24)
  de.uka.ilkd.key.nparser.KeYParser$FileContext.accept(KeYParser.java:313)
  de.uka.ilkd.key.nparser.KeyAst.accept(KeyAst.java:43)
  de.uka.ilkd.key.nparser.KeyIO$Loader.loadTaclets(KeyIO.java:340)
  de.uka.ilkd.key.nparser.KeyIO$Loader.loadComplete(KeyIO.java:243)
  de.uka.ilkd.key.proof.io.KeYFileForTests.read(KeYFileForTests.java:53)
  de.uka.ilkd.key.proof.init.ProblemInitializer.readEnvInput(ProblemInitializer.java:323)
  de.uka.ilkd.key.proof.init.ProblemInitializer.prepare(ProblemInitializer.java:561)
  de.uka.ilkd.key.proof.init.ProblemInitializer.prepare(ProblemInitializer.java:471)
  de.uka.ilkd.key.rule.TacletForTests.parse(TacletForTests.java:80)
  de.uka.ilkd.key.rule.TacletForTests.parse(TacletForTests.java:125)
  de.uka.ilkd.key.rule.TacletForTests.parse(TacletForTests.java:129)
  de.uka.ilkd.key.rule.TestMatchTaclet.setUp(TestMatchTaclet.java:60)
  java.base/jdk.internal.reflect.NativeMethodAccessorImpl.invoke0(Native Method)
  java.base/jdk.internal.reflect.NativeMethodAccessorImpl.invoke(NativeMethodAccessorImpl.java:77)
  java.base/jdk.internal.reflect.DelegatingMethodAccessorImpl.invoke(DelegatingMethodAccessorImpl.java:43)
  java.base/java.lang.reflect.Method.invoke(Method.java:568)
  org.junit.platform.commons.util.ReflectionUtils.invokeMethod(ReflectionUtils.java:727)
  org.junit.jupiter.engine.execution.MethodInvocation.proceed(MethodInvocation.java:60)
  org.junit.jupiter.engine.execution.InvocationInterceptorChain$ValidatingInvocation.proceed(InvocationInterceptorChain.java:131)
  org.junit.jupiter.engine.extension.TimeoutExtension.intercept(TimeoutExtension.java:156)
  org.junit.jupiter.engine.extension.TimeoutExtension.interceptLifecycleMethod(TimeoutExtension.java:128)
  org.junit.jupiter.engine.extension.TimeoutExtension.interceptBeforeEachMethod(TimeoutExtension.java:78)
  org.junit.jupiter.engine.execution.InterceptingExecutableInvoker$ReflectiveInterceptorCall.lambda$ofVoidMethod$0(InterceptingExecutableInvoker.java:103)
  org.junit.jupiter.engine.execution.InterceptingExecutableInvoker.lambda$invoke$0(InterceptingExecutableInvoker.java:93)
  org.junit.jupiter.engine.execution.InvocationInterceptorChain$InterceptedInvocation.proceed(InvocationInterceptorChain.java:106)
  org.junit.jupiter.engine.execution.InvocationInterceptorChain.proceed(InvocationInterceptorChain.java:64)
  org.junit.jupiter.engine.execution.InvocationInterceptorChain.chainAndInvoke(InvocationInterceptorChain.java:45)
  org.junit.jupiter.engine.execution.InvocationInterceptorChain.invoke(InvocationInterceptorChain.java:37)
  org.junit.jupiter.engine.execution.InterceptingExecutableInvoker.invoke(InterceptingExecutableInvoker.java:92)
  org.junit.jupiter.engine.execution.InterceptingExecutableInvoker.invoke(InterceptingExecutableInvoker.java:86)
  org.junit.jupiter.engine.descriptor.ClassBasedTestDescriptor.invokeMethodInExtensionContext(ClassBasedTestDescriptor.java:520)
  org.junit.jupiter.engine.descriptor.ClassBasedTestDescriptor.lambda$synthesizeBeforeEachMethodAdapter$23(ClassBasedTestDescriptor.java:505)
  org.junit.jupiter.engine.descriptor.TestMethodTestDescriptor.lambda$invokeBeforeEachMethods$3(TestMethodTestDescriptor.java:174)
  org.junit.jupiter.engine.descriptor.TestMethodTestDescriptor.lambda$invokeBeforeMethodsOrCallbacksUntilExceptionOccurs$6(TestMethodTestDescriptor.java:202)
  org.junit.platform.engine.support.hierarchical.ThrowableCollector.execute(ThrowableCollector.java:73)
  org.junit.jupiter.engine.descriptor.TestMethodTestDescriptor.invokeBeforeMethodsOrCallbacksUntilExceptionOccurs(TestMethodTestDescriptor.java:202)
  org.junit.jupiter.engine.descriptor.TestMethodTestDescriptor.invokeBeforeEachMethods(TestMethodTestDescriptor.java:171)
  org.junit.jupiter.engine.descriptor.TestMethodTestDescriptor.execute(TestMethodTestDescriptor.java:134)
  org.junit.jupiter.engine.descriptor.TestMethodTestDescriptor.execute(TestMethodTestDescriptor.java:68)
  org.junit.platform.engine.support.hierarchical.NodeTestTask.lambda$executeRecursively$6(NodeTestTask.java:151)
  org.junit.platform.engine.support.hierarchical.ThrowableCollector.execute(ThrowableCollector.java:73)
  org.junit.platform.engine.support.hierarchical.NodeTestTask.lambda$executeRecursively$8(NodeTestTask.java:141)
  org.junit.platform.engine.support.hierarchical.Node.around(Node.java:137)
  org.junit.platform.engine.support.hierarchical.NodeTestTask.lambda$executeRecursively$9(NodeTestTask.java:139)
  org.junit.platform.engine.support.hierarchical.ThrowableCollector.execute(ThrowableCollector.java:73)
  org.junit.platform.engine.support.hierarchical.NodeTestTask.executeRecursively(NodeTestTask.java:138)
  org.junit.platform.engine.support.hierarchical.NodeTestTask.execute(NodeTestTask.java:95)
  java.base/java.util.ArrayList.forEach(ArrayList.java:1511)
  org.junit.platform.engine.support.hierarchical.SameThreadHierarchicalTestExecutorService.invokeAll(SameThreadHierarchicalTestExecutorService.java:41)
  org.junit.platform.engine.support.hierarchical.NodeTestTask.lambda$executeRecursively$6(NodeTestTask.java:155)
  org.junit.platform.engine.support.hierarchical.ThrowableCollector.execute(ThrowableCollector.java:73)
  org.junit.platform.engine.support.hierarchical.NodeTestTask.lambda$executeRecursively$8(NodeTestTask.java:141)
  org.junit.platform.engine.support.hierarchical.Node.around(Node.java:137)
  org.junit.platform.engine.support.hierarchical.NodeTestTask.lambda$executeRecursively$9(NodeTestTask.java:139)
  org.junit.platform.engine.support.hierarchical.ThrowableCollector.execute(ThrowableCollector.java:73)
  org.junit.platform.engine.support.hierarchical.NodeTestTask.executeRecursively(NodeTestTask.java:138)
  org.junit.platform.engine.support.hierarchical.NodeTestTask.execute(NodeTestTask.java:95)
  java.base/java.util.ArrayList.forEach(ArrayList.java:1511)
  org.junit.platform.engine.support.hierarchical.SameThreadHierarchicalTestExecutorService.invokeAll(SameThreadHierarchicalTestExecutorService.java:41)
  org.junit.platform.engine.support.hierarchical.NodeTestTask.lambda$executeRecursively$6(NodeTestTask.java:155)
  org.junit.platform.engine.support.hierarchical.ThrowableCollector.execute(ThrowableCollector.java:73)
  org.junit.platform.engine.support.hierarchical.NodeTestTask.lambda$executeRecursively$8(NodeTestTask.java:141)
  org.junit.platform.engine.support.hierarchical.Node.around(Node.java:137)
  org.junit.platform.engine.support.hierarchical.NodeTestTask.lambda$executeRecursively$9(NodeTestTask.java:139)
  org.junit.platform.engine.support.hierarchical.ThrowableCollector.execute(ThrowableCollector.java:73)
  org.junit.platform.engine.support.hierarchical.NodeTestTask.executeRecursively(NodeTestTask.java:138)
  org.junit.platform.engine.support.hierarchical.NodeTestTask.execute(NodeTestTask.java:95)
  org.junit.platform.engine.support.hierarchical.SameThreadHierarchicalTestExecutorService.submit(SameThreadHierarchicalTestExecutorService.java:35)
  org.junit.platform.engine.support.hierarchical.HierarchicalTestExecutor.execute(HierarchicalTestExecutor.java:57)
  org.junit.platform.engine.support.hierarchical.HierarchicalTestEngine.execute(HierarchicalTestEngine.java:54)
  org.junit.platform.launcher.core.EngineExecutionOrchestrator.execute(EngineExecutionOrchestrator.java:107)
  org.junit.platform.launcher.core.EngineExecutionOrchestrator.execute(EngineExecutionOrchestrator.java:88)
  org.junit.platform.launcher.core.EngineExecutionOrchestrator.lambda$execute$0(EngineExecutionOrchestrator.java:54)
  org.junit.platform.launcher.core.EngineExecutionOrchestrator.withInterceptedStreams(EngineExecutionOrchestrator.java:67)
  org.junit.platform.launcher.core.EngineExecutionOrchestrator.execute(EngineExecutionOrchestrator.java:52)
  org.junit.platform.launcher.core.DefaultLauncher.execute(DefaultLauncher.java:114)
  org.junit.platform.launcher.core.DefaultLauncher.execute(DefaultLauncher.java:86)
  org.junit.platform.launcher.core.DefaultLauncherSession$DelegatingLauncher.execute(DefaultLauncherSession.java:86)
  org.gradle.api.internal.tasks.testing.junitplatform.JUnitPlatformTestClassProcessor$CollectAllTestClassesExecutor.processAllTestClasses(JUnitPlatformTestClassProcessor.java:110)
  org.gradle.api.internal.tasks.testing.junitplatform.JUnitPlatformTestClassProcessor$CollectAllTestClassesExecutor.access$000(JUnitPlatformTestClassProcessor.java:90)
  org.gradle.api.internal.tasks.testing.junitplatform.JUnitPlatformTestClassProcessor.stop(JUnitPlatformTestClassProcessor.java:85)
  org.gradle.api.internal.tasks.testing.SuiteTestClassProcessor.stop(SuiteTestClassProcessor.java:62)
  java.base/jdk.internal.reflect.NativeMethodAccessorImpl.invoke0(Native Method)
  java.base/jdk.internal.reflect.NativeMethodAccessorImpl.invoke(NativeMethodAccessorImpl.java:77)
  java.base/jdk.internal.reflect.DelegatingMethodAccessorImpl.invoke(DelegatingMethodAccessorImpl.java:43)
  java.base/java.lang.reflect.Method.invoke(Method.java:568)
  org.gradle.internal.dispatch.ReflectionDispatch.dispatch(ReflectionDispatch.java:36)
  org.gradle.internal.dispatch.ReflectionDispatch.dispatch(ReflectionDispatch.java:24)
  org.gradle.internal.dispatch.ContextClassLoaderDispatch.dispatch(ContextClassLoaderDispatch.java:33)
  org.gradle.internal.dispatch.ProxyDispatchAdapter$DispatchingInvocationHandler.invoke(ProxyDispatchAdapter.java:94)
  jdk.proxy2/jdk.proxy2.$Proxy5.stop(Unknown Source)
  org.gradle.api.internal.tasks.testing.worker.TestWorker$3.run(TestWorker.java:193)
  org.gradle.api.internal.tasks.testing.worker.TestWorker.executeAndMaintainThreadName(TestWorker.java:129)
  org.gradle.api.internal.tasks.testing.worker.TestWorker.execute(TestWorker.java:100)
  org.gradle.api.internal.tasks.testing.worker.TestWorker.execute(TestWorker.java:60)
  org.gradle.process.internal.worker.child.ActionExecutionWorker.execute(ActionExecutionWorker.java:56)
  org.gradle.process.internal.worker.child.SystemApplicationClassLoaderWorker.call(SystemApplicationClassLoaderWorker.java:113)
  org.gradle.process.internal.worker.child.SystemApplicationClassLoaderWorker.call(SystemApplicationClassLoaderWorker.java:65)
  worker.org.gradle.process.internal.worker.GradleWorkerMain.run(GradleWorkerMain.java:69)
  worker.org.gradle.process.internal.worker.GradleWorkerMain.main(GradleWorkerMain.java:74). com.github.javaparser.ParseException: Encountered unexpected token: "}" "}"
    at line 1, column 22.

Was expecting one of:

    ","
    ";"
    "="
    "@"
    "["

	at com.github.javaparser.GeneratedJavaParser.generateParseException(GeneratedJavaParser.java:18340)

96268      ERROR Test worker     d.u.i.k.j.JavaService     Error in (line 1,col 11) Parse error. Found "}", expected one of  "," ";" "=" "@" "["
Problem stacktrace : 
  com.github.javaparser.GeneratedJavaParser.generateParseException(GeneratedJavaParser.java:18340)
  com.github.javaparser.GeneratedJavaParser.jj_consume_token(GeneratedJavaParser.java:18179)
  com.github.javaparser.GeneratedJavaParser.BlockStatement(GeneratedJavaParser.java:6611)
  com.github.javaparser.GeneratedJavaParser.Statements(GeneratedJavaParser.java:3114)
  com.github.javaparser.GeneratedJavaParser.Block(GeneratedJavaParser.java:6548)
  com.github.javaparser.GeneratedJavaParser.Statement(GeneratedJavaParser.java:6344)
  com.github.javaparser.GeneratedJavaParser.BlockStatement(GeneratedJavaParser.java:6727)
  com.github.javaparser.GeneratedJavaParser.Statements(GeneratedJavaParser.java:3114)
  com.github.javaparser.GeneratedJavaParser.Block(GeneratedJavaParser.java:6548)
  com.github.javaparser.GeneratedJavaParser.BlockParseStart(GeneratedJavaParser.java:9483)
  com.github.javaparser.JavaParser.parse(JavaParser.java:121)
  com.github.javaparser.JavaParser.parseBlock(JavaParser.java:313)
  de.uka.ilkd.key.java.JavaParserFactory.parseStatementBlock(JavaParserFactory.java:167)
  de.uka.ilkd.key.java.JavaService.recoderBlock(JavaService.java:782)
  de.uka.ilkd.key.java.JavaService.readBlock(JavaService.java:819)
  de.uka.ilkd.key.java.JavaService.readBlockWithEmptyContext(JavaService.java:854)
  de.uka.ilkd.key.nparser.builder.ExpressionBuilder.getJavaBlock(ExpressionBuilder.java:571)
  de.uka.ilkd.key.nparser.builder.ExpressionBuilder.visitModality_term(ExpressionBuilder.java:1074)
  de.uka.ilkd.key.nparser.KeYParser$Modality_termContext.accept(KeYParser.java:4623)
  org.antlr.v4.runtime.tree.AbstractParseTreeVisitor.visitChildren(AbstractParseTreeVisitor.java:46)
  de.uka.ilkd.key.nparser.KeYParserBaseVisitor.visitTerm60(KeYParserBaseVisitor.java:381)
  de.uka.ilkd.key.nparser.KeYParser$Term60Context.accept(KeYParser.java:4485)
  de.uka.ilkd.key.nparser.builder.AbstractBuilder.accept(AbstractBuilder.java:48)
  de.uka.ilkd.key.nparser.builder.DefaultBuilder.accept(DefaultBuilder.java:35)
  de.uka.ilkd.key.nparser.builder.ExpressionBuilder.visitConjunction_term(ExpressionBuilder.java:238)
  de.uka.ilkd.key.nparser.builder.ExpressionBuilder.visitConjunction_term(ExpressionBuilder.java:49)
  de.uka.ilkd.key.nparser.KeYParser$Conjunction_termContext.accept(KeYParser.java:4419)
  de.uka.ilkd.key.nparser.builder.AbstractBuilder.accept(AbstractBuilder.java:48)
  de.uka.ilkd.key.nparser.builder.DefaultBuilder.accept(DefaultBuilder.java:35)
  de.uka.ilkd.key.nparser.builder.ExpressionBuilder.visitDisjunction_term(ExpressionBuilder.java:229)
  de.uka.ilkd.key.nparser.builder.ExpressionBuilder.visitDisjunction_term(ExpressionBuilder.java:49)
  de.uka.ilkd.key.nparser.KeYParser$Disjunction_termContext.accept(KeYParser.java:4346)
  de.uka.ilkd.key.nparser.builder.AbstractBuilder.accept(AbstractBuilder.java:48)
  de.uka.ilkd.key.nparser.builder.DefaultBuilder.accept(DefaultBuilder.java:35)
  de.uka.ilkd.key.nparser.builder.ExpressionBuilder.visitImplication_term(ExpressionBuilder.java:222)
  de.uka.ilkd.key.nparser.builder.ExpressionBuilder.visitImplication_term(ExpressionBuilder.java:49)
  de.uka.ilkd.key.nparser.KeYParser$Implication_termContext.accept(KeYParser.java:4278)
  de.uka.ilkd.key.nparser.builder.AbstractBuilder.accept(AbstractBuilder.java:48)
  de.uka.ilkd.key.nparser.builder.DefaultBuilder.accept(DefaultBuilder.java:35)
  de.uka.ilkd.key.nparser.builder.ExpressionBuilder.visitEquivalence_term(ExpressionBuilder.java:198)
  de.uka.ilkd.key.nparser.builder.ExpressionBuilder.visitEquivalence_term(ExpressionBuilder.java:49)
  de.uka.ilkd.key.nparser.KeYParser$Equivalence_termContext.accept(KeYParser.java:4209)
  de.uka.ilkd.key.nparser.builder.AbstractBuilder.accept(AbstractBuilder.java:48)
  de.uka.ilkd.key.nparser.builder.DefaultBuilder.accept(DefaultBuilder.java:35)
  de.uka.ilkd.key.nparser.builder.ExpressionBuilder.visitElementary_update_term(ExpressionBuilder.java:188)
  de.uka.ilkd.key.nparser.builder.ExpressionBuilder.visitElementary_update_term(ExpressionBuilder.java:49)
  de.uka.ilkd.key.nparser.KeYParser$Elementary_update_termContext.accept(KeYParser.java:4142)
  de.uka.ilkd.key.nparser.builder.AbstractBuilder.lambda$mapOf$0(AbstractBuilder.java:124)
  java.base/java.util.stream.ReferencePipeline$3$1.accept(ReferencePipeline.java:197)
  java.base/java.util.ArrayList$ArrayListSpliterator.forEachRemaining(ArrayList.java:1625)
  java.base/java.util.stream.AbstractPipeline.copyInto(AbstractPipeline.java:509)
  java.base/java.util.stream.AbstractPipeline.wrapAndCopyInto(AbstractPipeline.java:499)
  java.base/java.util.stream.ReduceOps$ReduceOp.evaluateSequential(ReduceOps.java:921)
  java.base/java.util.stream.AbstractPipeline.evaluate(AbstractPipeline.java:234)
  java.base/java.util.stream.ReferencePipeline.collect(ReferencePipeline.java:682)
  de.uka.ilkd.key.nparser.builder.AbstractBuilder.mapOf(AbstractBuilder.java:124)
  de.uka.ilkd.key.nparser.builder.ExpressionBuilder.visitParallel_term(ExpressionBuilder.java:173)
  de.uka.ilkd.key.nparser.builder.ExpressionBuilder.visitParallel_term(ExpressionBuilder.java:49)
  de.uka.ilkd.key.nparser.KeYParser$Parallel_termContext.accept(KeYParser.java:4074)
  org.antlr.v4.runtime.tree.AbstractParseTreeVisitor.visitChildren(AbstractParseTreeVisitor.java:46)
  de.uka.ilkd.key.nparser.KeYParserBaseVisitor.visitTerm(KeYParserBaseVisitor.java:332)
  de.uka.ilkd.key.nparser.KeYParser$TermContext.accept(KeYParser.java:4020)
  de.uka.ilkd.key.nparser.builder.AbstractBuilder.accept(AbstractBuilder.java:48)
  de.uka.ilkd.key.nparser.builder.DefaultBuilder.accept(DefaultBuilder.java:35)
  de.uka.ilkd.key.nparser.builder.ExpressionBuilder.visitTermorseq(ExpressionBuilder.java:511)
  de.uka.ilkd.key.nparser.KeYParser$TermorseqContext.accept(KeYParser.java:8199)
  de.uka.ilkd.key.nparser.builder.AbstractBuilder.accept(AbstractBuilder.java:48)
  de.uka.ilkd.key.nparser.builder.DefaultBuilder.accept(DefaultBuilder.java:35)
  de.uka.ilkd.key.nparser.builder.TacletPBuilder.visitTaclet(TacletPBuilder.java:195)
  de.uka.ilkd.key.nparser.builder.TacletPBuilder.visitTaclet(TacletPBuilder.java:41)
  de.uka.ilkd.key.nparser.KeYParser$TacletContext.accept(KeYParser.java:7771)
  de.uka.ilkd.key.nparser.builder.AbstractBuilder.lambda$mapOf$0(AbstractBuilder.java:124)
  java.base/java.util.stream.ReferencePipeline$3$1.accept(ReferencePipeline.java:197)
  java.base/java.util.ArrayList$ArrayListSpliterator.forEachRemaining(ArrayList.java:1625)
  java.base/java.util.stream.AbstractPipeline.copyInto(AbstractPipeline.java:509)
  java.base/java.util.stream.AbstractPipeline.wrapAndCopyInto(AbstractPipeline.java:499)
  java.base/java.util.stream.ReduceOps$ReduceOp.evaluateSequential(ReduceOps.java:921)
  java.base/java.util.stream.AbstractPipeline.evaluate(AbstractPipeline.java:234)
  java.base/java.util.stream.ReferencePipeline.collect(ReferencePipeline.java:682)
  de.uka.ilkd.key.nparser.builder.AbstractBuilder.mapOf(AbstractBuilder.java:124)
  de.uka.ilkd.key.nparser.builder.TacletPBuilder.visitRulesOrAxioms(TacletPBuilder.java:95)
  de.uka.ilkd.key.nparser.KeYParser$RulesOrAxiomsContext.accept(KeYParser.java:10795)
  de.uka.ilkd.key.nparser.builder.AbstractBuilder.lambda$mapOf$0(AbstractBuilder.java:124)
  java.base/java.util.stream.ReferencePipeline$3$1.accept(ReferencePipeline.java:197)
  java.base/java.util.ArrayList$ArrayListSpliterator.forEachRemaining(ArrayList.java:1625)
  java.base/java.util.stream.AbstractPipeline.copyInto(AbstractPipeline.java:509)
  java.base/java.util.stream.AbstractPipeline.wrapAndCopyInto(AbstractPipeline.java:499)
  java.base/java.util.stream.ReduceOps$ReduceOp.evaluateSequential(ReduceOps.java:921)
  java.base/java.util.stream.AbstractPipeline.evaluate(AbstractPipeline.java:234)
  java.base/java.util.stream.ReferencePipeline.collect(ReferencePipeline.java:682)
  de.uka.ilkd.key.nparser.builder.AbstractBuilder.mapOf(AbstractBuilder.java:124)
  de.uka.ilkd.key.nparser.builder.TacletPBuilder.visitDecls(TacletPBuilder.java:76)
  de.uka.ilkd.key.nparser.KeYParser$DeclsContext.accept(KeYParser.java:515)
  org.antlr.v4.runtime.tree.AbstractParseTreeVisitor.visitChildren(AbstractParseTreeVisitor.java:46)
  de.uka.ilkd.key.nparser.KeYParserBaseVisitor.visitFile(KeYParserBaseVisitor.java:24)
  de.uka.ilkd.key.nparser.KeYParser$FileContext.accept(KeYParser.java:313)
  de.uka.ilkd.key.nparser.KeyAst.accept(KeyAst.java:43)
  de.uka.ilkd.key.nparser.KeyIO$Loader.loadTaclets(KeyIO.java:340)
  de.uka.ilkd.key.nparser.KeyIO$Loader.loadComplete(KeyIO.java:243)
  de.uka.ilkd.key.proof.io.KeYFileForTests.read(KeYFileForTests.java:53)
  de.uka.ilkd.key.proof.init.ProblemInitializer.readEnvInput(ProblemInitializer.java:323)
  de.uka.ilkd.key.proof.init.ProblemInitializer.prepare(ProblemInitializer.java:561)
  de.uka.ilkd.key.proof.init.ProblemInitializer.prepare(ProblemInitializer.java:471)
  de.uka.ilkd.key.rule.TacletForTests.parse(TacletForTests.java:80)
  de.uka.ilkd.key.rule.TacletForTests.parse(TacletForTests.java:125)
  de.uka.ilkd.key.rule.TacletForTests.parse(TacletForTests.java:129)
  de.uka.ilkd.key.rule.TestMatchTaclet.setUp(TestMatchTaclet.java:60)
  java.base/jdk.internal.reflect.NativeMethodAccessorImpl.invoke0(Native Method)
  java.base/jdk.internal.reflect.NativeMethodAccessorImpl.invoke(NativeMethodAccessorImpl.java:77)
  java.base/jdk.internal.reflect.DelegatingMethodAccessorImpl.invoke(DelegatingMethodAccessorImpl.java:43)
  java.base/java.lang.reflect.Method.invoke(Method.java:568)
  org.junit.platform.commons.util.ReflectionUtils.invokeMethod(ReflectionUtils.java:727)
  org.junit.jupiter.engine.execution.MethodInvocation.proceed(MethodInvocation.java:60)
  org.junit.jupiter.engine.execution.InvocationInterceptorChain$ValidatingInvocation.proceed(InvocationInterceptorChain.java:131)
  org.junit.jupiter.engine.extension.TimeoutExtension.intercept(TimeoutExtension.java:156)
  org.junit.jupiter.engine.extension.TimeoutExtension.interceptLifecycleMethod(TimeoutExtension.java:128)
  org.junit.jupiter.engine.extension.TimeoutExtension.interceptBeforeEachMethod(TimeoutExtension.java:78)
  org.junit.jupiter.engine.execution.InterceptingExecutableInvoker$ReflectiveInterceptorCall.lambda$ofVoidMethod$0(InterceptingExecutableInvoker.java:103)
  org.junit.jupiter.engine.execution.InterceptingExecutableInvoker.lambda$invoke$0(InterceptingExecutableInvoker.java:93)
  org.junit.jupiter.engine.execution.InvocationInterceptorChain$InterceptedInvocation.proceed(InvocationInterceptorChain.java:106)
  org.junit.jupiter.engine.execution.InvocationInterceptorChain.proceed(InvocationInterceptorChain.java:64)
  org.junit.jupiter.engine.execution.InvocationInterceptorChain.chainAndInvoke(InvocationInterceptorChain.java:45)
  org.junit.jupiter.engine.execution.InvocationInterceptorChain.invoke(InvocationInterceptorChain.java:37)
  org.junit.jupiter.engine.execution.InterceptingExecutableInvoker.invoke(InterceptingExecutableInvoker.java:92)
  org.junit.jupiter.engine.execution.InterceptingExecutableInvoker.invoke(InterceptingExecutableInvoker.java:86)
  org.junit.jupiter.engine.descriptor.ClassBasedTestDescriptor.invokeMethodInExtensionContext(ClassBasedTestDescriptor.java:520)
  org.junit.jupiter.engine.descriptor.ClassBasedTestDescriptor.lambda$synthesizeBeforeEachMethodAdapter$23(ClassBasedTestDescriptor.java:505)
  org.junit.jupiter.engine.descriptor.TestMethodTestDescriptor.lambda$invokeBeforeEachMethods$3(TestMethodTestDescriptor.java:174)
  org.junit.jupiter.engine.descriptor.TestMethodTestDescriptor.lambda$invokeBeforeMethodsOrCallbacksUntilExceptionOccurs$6(TestMethodTestDescriptor.java:202)
  org.junit.platform.engine.support.hierarchical.ThrowableCollector.execute(ThrowableCollector.java:73)
  org.junit.jupiter.engine.descriptor.TestMethodTestDescriptor.invokeBeforeMethodsOrCallbacksUntilExceptionOccurs(TestMethodTestDescriptor.java:202)
  org.junit.jupiter.engine.descriptor.TestMethodTestDescriptor.invokeBeforeEachMethods(TestMethodTestDescriptor.java:171)
  org.junit.jupiter.engine.descriptor.TestMethodTestDescriptor.execute(TestMethodTestDescriptor.java:134)
  org.junit.jupiter.engine.descriptor.TestMethodTestDescriptor.execute(TestMethodTestDescriptor.java:68)
  org.junit.platform.engine.support.hierarchical.NodeTestTask.lambda$executeRecursively$6(NodeTestTask.java:151)
  org.junit.platform.engine.support.hierarchical.ThrowableCollector.execute(ThrowableCollector.java:73)
  org.junit.platform.engine.support.hierarchical.NodeTestTask.lambda$executeRecursively$8(NodeTestTask.java:141)
  org.junit.platform.engine.support.hierarchical.Node.around(Node.java:137)
  org.junit.platform.engine.support.hierarchical.NodeTestTask.lambda$executeRecursively$9(NodeTestTask.java:139)
  org.junit.platform.engine.support.hierarchical.ThrowableCollector.execute(ThrowableCollector.java:73)
  org.junit.platform.engine.support.hierarchical.NodeTestTask.executeRecursively(NodeTestTask.java:138)
  org.junit.platform.engine.support.hierarchical.NodeTestTask.execute(NodeTestTask.java:95)
  java.base/java.util.ArrayList.forEach(ArrayList.java:1511)
  org.junit.platform.engine.support.hierarchical.SameThreadHierarchicalTestExecutorService.invokeAll(SameThreadHierarchicalTestExecutorService.java:41)
  org.junit.platform.engine.support.hierarchical.NodeTestTask.lambda$executeRecursively$6(NodeTestTask.java:155)
  org.junit.platform.engine.support.hierarchical.ThrowableCollector.execute(ThrowableCollector.java:73)
  org.junit.platform.engine.support.hierarchical.NodeTestTask.lambda$executeRecursively$8(NodeTestTask.java:141)
  org.junit.platform.engine.support.hierarchical.Node.around(Node.java:137)
  org.junit.platform.engine.support.hierarchical.NodeTestTask.lambda$executeRecursively$9(NodeTestTask.java:139)
  org.junit.platform.engine.support.hierarchical.ThrowableCollector.execute(ThrowableCollector.java:73)
  org.junit.platform.engine.support.hierarchical.NodeTestTask.executeRecursively(NodeTestTask.java:138)
  org.junit.platform.engine.support.hierarchical.NodeTestTask.execute(NodeTestTask.java:95)
  java.base/java.util.ArrayList.forEach(ArrayList.java:1511)
  org.junit.platform.engine.support.hierarchical.SameThreadHierarchicalTestExecutorService.invokeAll(SameThreadHierarchicalTestExecutorService.java:41)
  org.junit.platform.engine.support.hierarchical.NodeTestTask.lambda$executeRecursively$6(NodeTestTask.java:155)
  org.junit.platform.engine.support.hierarchical.ThrowableCollector.execute(ThrowableCollector.java:73)
  org.junit.platform.engine.support.hierarchical.NodeTestTask.lambda$executeRecursively$8(NodeTestTask.java:141)
  org.junit.platform.engine.support.hierarchical.Node.around(Node.java:137)
  org.junit.platform.engine.support.hierarchical.NodeTestTask.lambda$executeRecursively$9(NodeTestTask.java:139)
  org.junit.platform.engine.support.hierarchical.ThrowableCollector.execute(ThrowableCollector.java:73)
  org.junit.platform.engine.support.hierarchical.NodeTestTask.executeRecursively(NodeTestTask.java:138)
  org.junit.platform.engine.support.hierarchical.NodeTestTask.execute(NodeTestTask.java:95)
  org.junit.platform.engine.support.hierarchical.SameThreadHierarchicalTestExecutorService.submit(SameThreadHierarchicalTestExecutorService.java:35)
  org.junit.platform.engine.support.hierarchical.HierarchicalTestExecutor.execute(HierarchicalTestExecutor.java:57)
  org.junit.platform.engine.support.hierarchical.HierarchicalTestEngine.execute(HierarchicalTestEngine.java:54)
  org.junit.platform.launcher.core.EngineExecutionOrchestrator.execute(EngineExecutionOrchestrator.java:107)
  org.junit.platform.launcher.core.EngineExecutionOrchestrator.execute(EngineExecutionOrchestrator.java:88)
  org.junit.platform.launcher.core.EngineExecutionOrchestrator.lambda$execute$0(EngineExecutionOrchestrator.java:54)
  org.junit.platform.launcher.core.EngineExecutionOrchestrator.withInterceptedStreams(EngineExecutionOrchestrator.java:67)
  org.junit.platform.launcher.core.EngineExecutionOrchestrator.execute(EngineExecutionOrchestrator.java:52)
  org.junit.platform.launcher.core.DefaultLauncher.execute(DefaultLauncher.java:114)
  org.junit.platform.launcher.core.DefaultLauncher.execute(DefaultLauncher.java:86)
  org.junit.platform.launcher.core.DefaultLauncherSession$DelegatingLauncher.execute(DefaultLauncherSession.java:86)
  org.gradle.api.internal.tasks.testing.junitplatform.JUnitPlatformTestClassProcessor$CollectAllTestClassesExecutor.processAllTestClasses(JUnitPlatformTestClassProcessor.java:110)
  org.gradle.api.internal.tasks.testing.junitplatform.JUnitPlatformTestClassProcessor$CollectAllTestClassesExecutor.access$000(JUnitPlatformTestClassProcessor.java:90)
  org.gradle.api.internal.tasks.testing.junitplatform.JUnitPlatformTestClassProcessor.stop(JUnitPlatformTestClassProcessor.java:85)
  org.gradle.api.internal.tasks.testing.SuiteTestClassProcessor.stop(SuiteTestClassProcessor.java:62)
  java.base/jdk.internal.reflect.NativeMethodAccessorImpl.invoke0(Native Method)
  java.base/jdk.internal.reflect.NativeMethodAccessorImpl.invoke(NativeMethodAccessorImpl.java:77)
  java.base/jdk.internal.reflect.DelegatingMethodAccessorImpl.invoke(DelegatingMethodAccessorImpl.java:43)
  java.base/java.lang.reflect.Method.invoke(Method.java:568)
  org.gradle.internal.dispatch.ReflectionDispatch.dispatch(ReflectionDispatch.java:36)
  org.gradle.internal.dispatch.ReflectionDispatch.dispatch(ReflectionDispatch.java:24)
  org.gradle.internal.dispatch.ContextClassLoaderDispatch.dispatch(ContextClassLoaderDispatch.java:33)
  org.gradle.internal.dispatch.ProxyDispatchAdapter$DispatchingInvocationHandler.invoke(ProxyDispatchAdapter.java:94)
  jdk.proxy2/jdk.proxy2.$Proxy5.stop(Unknown Source)
  org.gradle.api.internal.tasks.testing.worker.TestWorker$3.run(TestWorker.java:193)
  org.gradle.api.internal.tasks.testing.worker.TestWorker.executeAndMaintainThreadName(TestWorker.java:129)
  org.gradle.api.internal.tasks.testing.worker.TestWorker.execute(TestWorker.java:100)
  org.gradle.api.internal.tasks.testing.worker.TestWorker.execute(TestWorker.java:60)
  org.gradle.process.internal.worker.child.ActionExecutionWorker.execute(ActionExecutionWorker.java:56)
  org.gradle.process.internal.worker.child.SystemApplicationClassLoaderWorker.call(SystemApplicationClassLoaderWorker.java:113)
  org.gradle.process.internal.worker.child.SystemApplicationClassLoaderWorker.call(SystemApplicationClassLoaderWorker.java:65)
  worker.org.gradle.process.internal.worker.GradleWorkerMain.run(GradleWorkerMain.java:69)
  worker.org.gradle.process.internal.worker.GradleWorkerMain.main(GradleWorkerMain.java:74). com.github.javaparser.ParseException: Encountered unexpected token: "}" "}"
    at line 1, column 22.

Was expecting one of:

    ","
    ";"
    "="
    "@"
    "["

	at com.github.javaparser.GeneratedJavaParser.generateParseException(GeneratedJavaParser.java:18340)

96269      ERROR Test worker     d.u.i.k.n.b.TacletPBuilder Error in parsing taclet. de.uka.ilkd.key.util.parsing.BuildingExceptions: Multiple errors occured
	at de.uka.ilkd.key.java.JavaService.reportErrors(JavaService.java:219)

96274      DEBUG Test worker     d.u.i.k.n.KeyIO           MODE: taclets took 50ms 
96478      ERROR Test worker     d.u.i.k.j.KeYJPMapping    Duplicate registration of node: boolean, formerNode: /*@ pure @*/
boolean 
96483      ERROR Test worker     d.u.i.k.j.KeYJPMapping    Duplicate registration of node: Object, formerNode: java.lang.Object 
96483      ERROR Test worker     d.u.i.k.j.KeYJPMapping    Duplicate registration of node: Object, formerNode: java.lang.Object 
96485      ERROR Test worker     d.u.i.k.j.KeYJPMapping    Duplicate registration of node: Annotation, formerNode: Annotation 
96487      ERROR Test worker     d.u.i.k.j.KeYJPMapping    Duplicate registration of node: ArithmeticException, formerNode: ArithmeticException 
96489      ERROR Test worker     d.u.i.k.j.KeYJPMapping    Duplicate registration of node: ArrayIndexOutOfBoundsException, formerNode: ArrayIndexOutOfBoundsException 
96491      ERROR Test worker     d.u.i.k.j.KeYJPMapping    Duplicate registration of node: ArrayStoreException, formerNode: ArrayStoreException 
96493      ERROR Test worker     d.u.i.k.j.KeYJPMapping    Duplicate registration of node: AssertionError, formerNode: AssertionError 
96495      ERROR Test worker     d.u.i.k.j.KeYJPMapping    Duplicate registration of node: Character, formerNode: Character 
96496      ERROR Test worker     d.u.i.k.j.KeYJPMapping    Duplicate registration of node: Class, formerNode: java.lang.Class 
96496      ERROR Test worker     d.u.i.k.j.KeYJPMapping    Duplicate registration of node: Class, formerNode: java.lang.Class 
96497      ERROR Test worker     d.u.i.k.j.KeYJPMapping    Duplicate registration of node: ClassCastException, formerNode: ClassCastException 
96499      ERROR Test worker     d.u.i.k.j.KeYJPMapping    Duplicate registration of node: CloneNotSupportedException, formerNode: CloneNotSupportedException 
96500      ERROR Test worker     d.u.i.k.j.KeYJPMapping    Duplicate registration of node: Cloneable, formerNode: Cloneable 
96501      ERROR Test worker     d.u.i.k.j.KeYJPMapping    Duplicate registration of node: Comparable, formerNode: Comparable 
96502      ERROR Test worker     d.u.i.k.j.KeYJPMapping    Duplicate registration of node: Double, formerNode: Double 
96505      ERROR Test worker     d.u.i.k.j.KeYJPMapping    Duplicate registration of node: Enum, formerNode: java.lang.Enum 
96505      ERROR Test worker     d.u.i.k.j.KeYJPMapping    Duplicate registration of node: Enum, formerNode: java.lang.Enum 
96508      ERROR Test worker     d.u.i.k.j.KeYJPMapping    Duplicate registration of node: Error, formerNode: Error 
96510      ERROR Test worker     d.u.i.k.j.KeYJPMapping    Duplicate registration of node: Exception, formerNode: Exception 
96512      ERROR Test worker     d.u.i.k.j.KeYJPMapping    Duplicate registration of node: ExceptionInInitializerError, formerNode: java.lang.ExceptionInInitializerError 
96513      ERROR Test worker     d.u.i.k.j.KeYJPMapping    Duplicate registration of node: ExceptionInInitializerError, formerNode: java.lang.ExceptionInInitializerError 
96514      ERROR Test worker     d.u.i.k.j.KeYJPMapping    Duplicate registration of node: Float, formerNode: Float 
96516      ERROR Test worker     d.u.i.k.j.KeYJPMapping    Duplicate registration of node: IllegalArgumentException, formerNode: IllegalArgumentException 
96517      ERROR Test worker     d.u.i.k.j.KeYJPMapping    Duplicate registration of node: IndexOutOfBoundsException, formerNode: IndexOutOfBoundsException 
96646      ERROR Test worker     d.u.i.k.j.KeYJPMapping    Duplicate registration of node: Integer, formerNode: java.lang.Integer 
96646      ERROR Test worker     d.u.i.k.j.KeYJPMapping    Duplicate registration of node: Integer, formerNode: java.lang.Integer 
96648      ERROR Test worker     d.u.i.k.j.KeYJPMapping    Duplicate registration of node: InterruptedException, formerNode: InterruptedException 
96648      ERROR Test worker     d.u.i.k.j.KeYJPMapping    Duplicate registration of node: Iterable, formerNode: Iterable 
96649      ERROR Test worker     d.u.i.k.j.KeYJPMapping    Duplicate registration of node: LinkageError, formerNode: LinkageError 
96658      ERROR Test worker     d.u.i.k.j.KeYJPMapping    Duplicate registration of node: Math, formerNode: Math 
96660      ERROR Test worker     d.u.i.k.j.KeYJPMapping    Duplicate registration of node: NegativeArraySizeException, formerNode: NegativeArraySizeException 
96660      ERROR Test worker     d.u.i.k.j.KeYJPMapping    Duplicate registration of node: NoClassDefFoundError, formerNode: java.lang.NoClassDefFoundError 
96661      ERROR Test worker     d.u.i.k.j.KeYJPMapping    Duplicate registration of node: NoClassDefFoundError, formerNode: java.lang.NoClassDefFoundError 
96662      ERROR Test worker     d.u.i.k.j.KeYJPMapping    Duplicate registration of node: NullPointerException, formerNode: NullPointerException 
96663      ERROR Test worker     d.u.i.k.j.KeYJPMapping    Duplicate registration of node: Number, formerNode: Number 
96665      ERROR Test worker     d.u.i.k.j.KeYJPMapping    Duplicate registration of node: NumberFormatException, formerNode: NumberFormatException 
96666      ERROR Test worker     d.u.i.k.j.KeYJPMapping    Duplicate registration of node: VirtualMachineError, formerNode: VirtualMachineError 
96668      ERROR Test worker     d.u.i.k.j.KeYJPMapping    Duplicate registration of node: OutOfMemoryError, formerNode: OutOfMemoryError 
96668      ERROR Test worker     d.u.i.k.j.KeYJPMapping    Duplicate registration of node: Runnable, formerNode: Runnable 
96670      ERROR Test worker     d.u.i.k.j.KeYJPMapping    Duplicate registration of node: RuntimeException, formerNode: RuntimeException 
96670      ERROR Test worker     d.u.i.k.j.KeYJPMapping    Duplicate registration of node: /*@pure*/
int, formerNode: int 
96673      ERROR Test worker     d.u.i.k.j.KeYJPMapping    Duplicate registration of node: /*@ helper */
int, formerNode: int 
96674      ERROR Test worker     d.u.i.k.j.KeYJPMapping    Duplicate registration of node: /*@ helper */
boolean, formerNode: /*@ pure @*/
boolean 
96684      ERROR Test worker     d.u.i.k.j.KeYJPMapping    Duplicate registration of node: /*@ helper */
java.lang.String, formerNode: java.lang.String 
96695      ERROR Test worker     d.u.i.k.j.KeYJPMapping    Duplicate registration of node: String, formerNode: java.lang.String 
96717      ERROR Test worker     d.u.i.k.j.KeYJPMapping    Duplicate registration of node: String, formerNode: java.lang.String 
96719      ERROR Test worker     d.u.i.k.j.KeYJPMapping    Duplicate registration of node: char, formerNode: /*@ helper */
char 
96721      ERROR Test worker     d.u.i.k.j.KeYJPMapping    Duplicate registration of node: StringBuffer, formerNode: StringBuffer 
96725      ERROR Test worker     d.u.i.k.j.KeYJPMapping    Duplicate registration of node: System, formerNode: System 
96726      ERROR Test worker     d.u.i.k.j.KeYJPMapping    Duplicate registration of node: Thread, formerNode: Thread 
96729      ERROR Test worker     d.u.i.k.j.KeYJPMapping    Duplicate registration of node: Throwable, formerNode: java.lang.Throwable 
96730      ERROR Test worker     d.u.i.k.j.KeYJPMapping    Duplicate registration of node: Throwable, formerNode: java.lang.Throwable 
96735      ERROR Test worker     d.u.i.k.j.KeYJPMapping    Duplicate registration of node: Collection, formerNode: Collection 
96737      ERROR Test worker     d.u.i.k.j.KeYJPMapping    Duplicate registration of node: Iterator, formerNode: java.util.Iterator 
96737      ERROR Test worker     d.u.i.k.j.KeYJPMapping    Duplicate registration of node: Iterator, formerNode: java.util.Iterator 
96742      ERROR Test worker     d.u.i.k.j.KeYJPMapping    Duplicate registration of node: List, formerNode: java.util.List 
96742      ERROR Test worker     d.u.i.k.j.KeYJPMapping    Duplicate registration of node: List, formerNode: java.util.List 
96744      ERROR Test worker     d.u.i.k.j.KeYJPMapping    Duplicate registration of node: ListIterator, formerNode: java.util.ListIterator 
96745      ERROR Test worker     d.u.i.k.j.KeYJPMapping    Duplicate registration of node: ListIterator, formerNode: java.util.ListIterator 
96746      ERROR Test worker     d.u.i.k.j.KeYJPMapping    Duplicate registration of node: Long, formerNode: Long 
96748      ERROR Test worker     d.u.i.k.j.KeYJPMapping    Duplicate registration of node: Boolean, formerNode: Boolean 
96753      ERROR Test worker     d.u.i.k.j.KeYJPMapping    Duplicate registration of node: Map, formerNode: Map 
96757      ERROR Test worker     d.u.i.k.j.KeYJPMapping    Duplicate registration of node: Set, formerNode: java.util.Set 
96758      ERROR Test worker     d.u.i.k.j.KeYJPMapping    Duplicate registration of node: Set, formerNode: java.util.Set 
96759      ERROR Test worker     d.u.i.k.j.KeYJPMapping    Duplicate registration of node: FilterOutputStream, formerNode: FilterOutputStream 
96760      ERROR Test worker     d.u.i.k.j.KeYJPMapping    Duplicate registration of node: InputStream, formerNode: java.io.InputStream 
96760      ERROR Test worker     d.u.i.k.j.KeYJPMapping    Duplicate registration of node: InputStream, formerNode: java.io.InputStream 
96762      ERROR Test worker     d.u.i.k.j.KeYJPMapping    Duplicate registration of node: IOException, formerNode: IOException 
96763      ERROR Test worker     d.u.i.k.j.KeYJPMapping    Duplicate registration of node: OutputStream, formerNode: java.io.OutputStream 
96763      ERROR Test worker     d.u.i.k.j.KeYJPMapping    Duplicate registration of node: OutputStream, formerNode: java.io.OutputStream 
96769      ERROR Test worker     d.u.i.k.j.KeYJPMapping    Duplicate registration of node: PrintStream, formerNode: java.io.PrintStream 
96770      ERROR Test worker     d.u.i.k.j.KeYJPMapping    Duplicate registration of node: PrintStream, formerNode: java.io.PrintStream 
96770      ERROR Test worker     d.u.i.k.j.KeYJPMapping    Duplicate registration of node: Serializable, formerNode: Serializable 
96772      ERROR Test worker     d.u.i.k.j.KeYJPMapping    Duplicate registration of node: BigInteger, formerNode: java.math.BigInteger 
96774      ERROR Test worker     d.u.i.k.j.KeYJPMapping    Duplicate registration of node: BigInteger, formerNode: java.math.BigInteger 
96775      ERROR Test worker     d.u.i.k.j.KeYJPMapping    Duplicate registration of node: ArrayList, formerNode: ArrayList 
96778      ERROR Test worker     d.u.i.k.j.KeYJPMapping    Duplicate registration of node: byte[], formerNode: byte[] 
96798      ERROR Test worker     d.u.i.k.j.KeYJPMapping    Duplicate registration of node: Arrays, formerNode: Arrays 
96799      ERROR Test worker     d.u.i.k.j.KeYJPMapping    Duplicate registration of node: ListIteratorImpl, formerNode: ListIteratorImpl 
96800      ERROR Test worker     d.u.i.k.j.KeYJPMapping    Duplicate registration of node: Date, formerNode: Date 
96801      ERROR Test worker     d.u.i.k.j.KeYJPMapping    Duplicate registration of node: LinkedHashMap, formerNode: LinkedHashMap 
96802      ERROR Test worker     d.u.i.k.j.KeYJPMapping    Duplicate registration of node: /*@pure@*/
String, formerNode: /*@strictly_pure*/
java.lang.String 
96803      ERROR Test worker     d.u.i.k.j.KeYJPMapping    Duplicate registration of node: LinkedList, formerNode: LinkedList 
96820      INFO  Test worker     d.u.i.k.n.KeyIO           Parsing took 3 ms 
96820      DEBUG Test worker     d.u.i.k.n.KeyIO           Load declarations of de.uka.ilkd.key.nparser.KeyAst$File:  /home/runner/work/key/key/key.core/src/test/resources/testcase/../de/uka/ilkd/key/rule/testRuleMatch.txt:8#1 
96820      INFO  Test worker     d.u.i.k.n.KeyIO           MODE: declarations took 0 ms 
96821      DEBUG Test worker     d.u.i.k.n.KeyIO           MODE: 2nd degree decls took 1 
96861      ERROR Test worker     d.u.i.k.j.JavaService     Error in (line 1,col 11) Parse error. Found "}", expected one of  "," ";" "=" "@" "["
Problem stacktrace : 
  com.github.javaparser.GeneratedJavaParser.generateParseException(GeneratedJavaParser.java:18340)
  com.github.javaparser.GeneratedJavaParser.jj_consume_token(GeneratedJavaParser.java:18179)
  com.github.javaparser.GeneratedJavaParser.BlockStatement(GeneratedJavaParser.java:6611)
  com.github.javaparser.GeneratedJavaParser.Statements(GeneratedJavaParser.java:3114)
  com.github.javaparser.GeneratedJavaParser.Block(GeneratedJavaParser.java:6548)
  com.github.javaparser.GeneratedJavaParser.Statement(GeneratedJavaParser.java:6344)
  com.github.javaparser.GeneratedJavaParser.BlockStatement(GeneratedJavaParser.java:6727)
  com.github.javaparser.GeneratedJavaParser.Statements(GeneratedJavaParser.java:3114)
  com.github.javaparser.GeneratedJavaParser.Block(GeneratedJavaParser.java:6548)
  com.github.javaparser.GeneratedJavaParser.BlockParseStart(GeneratedJavaParser.java:9483)
  com.github.javaparser.JavaParser.parse(JavaParser.java:121)
  com.github.javaparser.JavaParser.parseBlock(JavaParser.java:313)
  de.uka.ilkd.key.java.JavaParserFactory.parseStatementBlock(JavaParserFactory.java:167)
  de.uka.ilkd.key.java.JavaService.recoderBlock(JavaService.java:782)
  de.uka.ilkd.key.java.JavaService.readBlock(JavaService.java:819)
  de.uka.ilkd.key.java.JavaService.readBlockWithProgramVariables(JavaService.java:875)
  de.uka.ilkd.key.nparser.builder.ExpressionBuilder.getJavaBlock(ExpressionBuilder.java:568)
  de.uka.ilkd.key.nparser.builder.ExpressionBuilder.visitModality_term(ExpressionBuilder.java:1074)
  de.uka.ilkd.key.nparser.KeYParser$Modality_termContext.accept(KeYParser.java:4623)
  org.antlr.v4.runtime.tree.AbstractParseTreeVisitor.visitChildren(AbstractParseTreeVisitor.java:46)
  de.uka.ilkd.key.nparser.KeYParserBaseVisitor.visitTerm60(KeYParserBaseVisitor.java:381)
  de.uka.ilkd.key.nparser.KeYParser$Term60Context.accept(KeYParser.java:4485)
  de.uka.ilkd.key.nparser.builder.AbstractBuilder.accept(AbstractBuilder.java:48)
  de.uka.ilkd.key.nparser.builder.DefaultBuilder.accept(DefaultBuilder.java:35)
  de.uka.ilkd.key.nparser.builder.ExpressionBuilder.visitConjunction_term(ExpressionBuilder.java:238)
  de.uka.ilkd.key.nparser.builder.ExpressionBuilder.visitConjunction_term(ExpressionBuilder.java:49)
  de.uka.ilkd.key.nparser.KeYParser$Conjunction_termContext.accept(KeYParser.java:4419)
  de.uka.ilkd.key.nparser.builder.AbstractBuilder.accept(AbstractBuilder.java:48)
  de.uka.ilkd.key.nparser.builder.DefaultBuilder.accept(DefaultBuilder.java:35)
  de.uka.ilkd.key.nparser.builder.ExpressionBuilder.visitDisjunction_term(ExpressionBuilder.java:229)
  de.uka.ilkd.key.nparser.builder.ExpressionBuilder.visitDisjunction_term(ExpressionBuilder.java:49)
  de.uka.ilkd.key.nparser.KeYParser$Disjunction_termContext.accept(KeYParser.java:4346)
  de.uka.ilkd.key.nparser.builder.AbstractBuilder.accept(AbstractBuilder.java:48)
  de.uka.ilkd.key.nparser.builder.DefaultBuilder.accept(DefaultBuilder.java:35)
  de.uka.ilkd.key.nparser.builder.ExpressionBuilder.visitImplication_term(ExpressionBuilder.java:222)
  de.uka.ilkd.key.nparser.builder.ExpressionBuilder.visitImplication_term(ExpressionBuilder.java:49)
  de.uka.ilkd.key.nparser.KeYParser$Implication_termContext.accept(KeYParser.java:4278)
  de.uka.ilkd.key.nparser.builder.AbstractBuilder.accept(AbstractBuilder.java:48)
  de.uka.ilkd.key.nparser.builder.DefaultBuilder.accept(DefaultBuilder.java:35)
  de.uka.ilkd.key.nparser.builder.ExpressionBuilder.visitEquivalence_term(ExpressionBuilder.java:198)
  de.uka.ilkd.key.nparser.builder.ExpressionBuilder.visitEquivalence_term(ExpressionBuilder.java:49)
  de.uka.ilkd.key.nparser.KeYParser$Equivalence_termContext.accept(KeYParser.java:4209)
  de.uka.ilkd.key.nparser.builder.AbstractBuilder.accept(AbstractBuilder.java:48)
  de.uka.ilkd.key.nparser.builder.DefaultBuilder.accept(DefaultBuilder.java:35)
  de.uka.ilkd.key.nparser.builder.ExpressionBuilder.visitElementary_update_term(ExpressionBuilder.java:188)
  de.uka.ilkd.key.nparser.builder.ExpressionBuilder.visitElementary_update_term(ExpressionBuilder.java:49)
  de.uka.ilkd.key.nparser.KeYParser$Elementary_update_termContext.accept(KeYParser.java:4142)
  de.uka.ilkd.key.nparser.builder.AbstractBuilder.lambda$mapOf$0(AbstractBuilder.java:124)
  java.base/java.util.stream.ReferencePipeline$3$1.accept(ReferencePipeline.java:197)
  java.base/java.util.ArrayList$ArrayListSpliterator.forEachRemaining(ArrayList.java:1625)
  java.base/java.util.stream.AbstractPipeline.copyInto(AbstractPipeline.java:509)
  java.base/java.util.stream.AbstractPipeline.wrapAndCopyInto(AbstractPipeline.java:499)
  java.base/java.util.stream.ReduceOps$ReduceOp.evaluateSequential(ReduceOps.java:921)
  java.base/java.util.stream.AbstractPipeline.evaluate(AbstractPipeline.java:234)
  java.base/java.util.stream.ReferencePipeline.collect(ReferencePipeline.java:682)
  de.uka.ilkd.key.nparser.builder.AbstractBuilder.mapOf(AbstractBuilder.java:124)
  de.uka.ilkd.key.nparser.builder.ExpressionBuilder.visitParallel_term(ExpressionBuilder.java:173)
  de.uka.ilkd.key.nparser.builder.ExpressionBuilder.visitParallel_term(ExpressionBuilder.java:49)
  de.uka.ilkd.key.nparser.KeYParser$Parallel_termContext.accept(KeYParser.java:4074)
  org.antlr.v4.runtime.tree.AbstractParseTreeVisitor.visitChildren(AbstractParseTreeVisitor.java:46)
  de.uka.ilkd.key.nparser.KeYParserBaseVisitor.visitTerm(KeYParserBaseVisitor.java:332)
  de.uka.ilkd.key.nparser.KeYParser$TermContext.accept(KeYParser.java:4020)
  de.uka.ilkd.key.nparser.builder.AbstractBuilder.accept(AbstractBuilder.java:48)
  de.uka.ilkd.key.nparser.builder.DefaultBuilder.accept(DefaultBuilder.java:35)
  de.uka.ilkd.key.nparser.builder.ExpressionBuilder.visitTermorseq(ExpressionBuilder.java:511)
  de.uka.ilkd.key.nparser.KeYParser$TermorseqContext.accept(KeYParser.java:8199)
  de.uka.ilkd.key.nparser.builder.AbstractBuilder.accept(AbstractBuilder.java:48)
  de.uka.ilkd.key.nparser.builder.DefaultBuilder.accept(DefaultBuilder.java:35)
  de.uka.ilkd.key.nparser.builder.TacletPBuilder.visitTaclet(TacletPBuilder.java:195)
  de.uka.ilkd.key.nparser.builder.TacletPBuilder.visitTaclet(TacletPBuilder.java:41)
  de.uka.ilkd.key.nparser.KeYParser$TacletContext.accept(KeYParser.java:7771)
  de.uka.ilkd.key.nparser.builder.AbstractBuilder.lambda$mapOf$0(AbstractBuilder.java:124)
  java.base/java.util.stream.ReferencePipeline$3$1.accept(ReferencePipeline.java:197)
  java.base/java.util.ArrayList$ArrayListSpliterator.forEachRemaining(ArrayList.java:1625)
  java.base/java.util.stream.AbstractPipeline.copyInto(AbstractPipeline.java:509)
  java.base/java.util.stream.AbstractPipeline.wrapAndCopyInto(AbstractPipeline.java:499)
  java.base/java.util.stream.ReduceOps$ReduceOp.evaluateSequential(ReduceOps.java:921)
  java.base/java.util.stream.AbstractPipeline.evaluate(AbstractPipeline.java:234)
  java.base/java.util.stream.ReferencePipeline.collect(ReferencePipeline.java:682)
  de.uka.ilkd.key.nparser.builder.AbstractBuilder.mapOf(AbstractBuilder.java:124)
  de.uka.ilkd.key.nparser.builder.TacletPBuilder.visitRulesOrAxioms(TacletPBuilder.java:95)
  de.uka.ilkd.key.nparser.KeYParser$RulesOrAxiomsContext.accept(KeYParser.java:10795)
  de.uka.ilkd.key.nparser.builder.AbstractBuilder.lambda$mapOf$0(AbstractBuilder.java:124)
  java.base/java.util.stream.ReferencePipeline$3$1.accept(ReferencePipeline.java:197)
  java.base/java.util.ArrayList$ArrayListSpliterator.forEachRemaining(ArrayList.java:1625)
  java.base/java.util.stream.AbstractPipeline.copyInto(AbstractPipeline.java:509)
  java.base/java.util.stream.AbstractPipeline.wrapAndCopyInto(AbstractPipeline.java:499)
  java.base/java.util.stream.ReduceOps$ReduceOp.evaluateSequential(ReduceOps.java:921)
  java.base/java.util.stream.AbstractPipeline.evaluate(AbstractPipeline.java:234)
  java.base/java.util.stream.ReferencePipeline.collect(ReferencePipeline.java:682)
  de.uka.ilkd.key.nparser.builder.AbstractBuilder.mapOf(AbstractBuilder.java:124)
  de.uka.ilkd.key.nparser.builder.TacletPBuilder.visitDecls(TacletPBuilder.java:76)
  de.uka.ilkd.key.nparser.KeYParser$DeclsContext.accept(KeYParser.java:515)
  org.antlr.v4.runtime.tree.AbstractParseTreeVisitor.visitChildren(AbstractParseTreeVisitor.java:46)
  de.uka.ilkd.key.nparser.KeYParserBaseVisitor.visitFile(KeYParserBaseVisitor.java:24)
  de.uka.ilkd.key.nparser.KeYParser$FileContext.accept(KeYParser.java:313)
  de.uka.ilkd.key.nparser.KeyAst.accept(KeyAst.java:43)
  de.uka.ilkd.key.nparser.KeyIO$Loader.loadTaclets(KeyIO.java:340)
  de.uka.ilkd.key.nparser.KeyIO$Loader.loadComplete(KeyIO.java:243)
  de.uka.ilkd.key.proof.io.KeYFileForTests.read(KeYFileForTests.java:53)
  de.uka.ilkd.key.proof.init.ProblemInitializer.readEnvInput(ProblemInitializer.java:323)
  de.uka.ilkd.key.proof.init.ProblemInitializer.prepare(ProblemInitializer.java:561)
  de.uka.ilkd.key.proof.init.ProblemInitializer.prepare(ProblemInitializer.java:471)
  de.uka.ilkd.key.rule.TacletForTests.parse(TacletForTests.java:80)
  de.uka.ilkd.key.rule.TacletForTests.parse(TacletForTests.java:125)
  de.uka.ilkd.key.rule.TacletForTests.parse(TacletForTests.java:129)
  de.uka.ilkd.key.rule.TestMatchTaclet.setUp(TestMatchTaclet.java:60)
  java.base/jdk.internal.reflect.NativeMethodAccessorImpl.invoke0(Native Method)
  java.base/jdk.internal.reflect.NativeMethodAccessorImpl.invoke(NativeMethodAccessorImpl.java:77)
  java.base/jdk.internal.reflect.DelegatingMethodAccessorImpl.invoke(DelegatingMethodAccessorImpl.java:43)
  java.base/java.lang.reflect.Method.invoke(Method.java:568)
  org.junit.platform.commons.util.ReflectionUtils.invokeMethod(ReflectionUtils.java:727)
  org.junit.jupiter.engine.execution.MethodInvocation.proceed(MethodInvocation.java:60)
  org.junit.jupiter.engine.execution.InvocationInterceptorChain$ValidatingInvocation.proceed(InvocationInterceptorChain.java:131)
  org.junit.jupiter.engine.extension.TimeoutExtension.intercept(TimeoutExtension.java:156)
  org.junit.jupiter.engine.extension.TimeoutExtension.interceptLifecycleMethod(TimeoutExtension.java:128)
  org.junit.jupiter.engine.extension.TimeoutExtension.interceptBeforeEachMethod(TimeoutExtension.java:78)
  org.junit.jupiter.engine.execution.InterceptingExecutableInvoker$ReflectiveInterceptorCall.lambda$ofVoidMethod$0(InterceptingExecutableInvoker.java:103)
  org.junit.jupiter.engine.execution.InterceptingExecutableInvoker.lambda$invoke$0(InterceptingExecutableInvoker.java:93)
  org.junit.jupiter.engine.execution.InvocationInterceptorChain$InterceptedInvocation.proceed(InvocationInterceptorChain.java:106)
  org.junit.jupiter.engine.execution.InvocationInterceptorChain.proceed(InvocationInterceptorChain.java:64)
  org.junit.jupiter.engine.execution.InvocationInterceptorChain.chainAndInvoke(InvocationInterceptorChain.java:45)
  org.junit.jupiter.engine.execution.InvocationInterceptorChain.invoke(InvocationInterceptorChain.java:37)
  org.junit.jupiter.engine.execution.InterceptingExecutableInvoker.invoke(InterceptingExecutableInvoker.java:92)
  org.junit.jupiter.engine.execution.InterceptingExecutableInvoker.invoke(InterceptingExecutableInvoker.java:86)
  org.junit.jupiter.engine.descriptor.ClassBasedTestDescriptor.invokeMethodInExtensionContext(ClassBasedTestDescriptor.java:520)
  org.junit.jupiter.engine.descriptor.ClassBasedTestDescriptor.lambda$synthesizeBeforeEachMethodAdapter$23(ClassBasedTestDescriptor.java:505)
  org.junit.jupiter.engine.descriptor.TestMethodTestDescriptor.lambda$invokeBeforeEachMethods$3(TestMethodTestDescriptor.java:174)
  org.junit.jupiter.engine.descriptor.TestMethodTestDescriptor.lambda$invokeBeforeMethodsOrCallbacksUntilExceptionOccurs$6(TestMethodTestDescriptor.java:202)
  org.junit.platform.engine.support.hierarchical.ThrowableCollector.execute(ThrowableCollector.java:73)
  org.junit.jupiter.engine.descriptor.TestMethodTestDescriptor.invokeBeforeMethodsOrCallbacksUntilExceptionOccurs(TestMethodTestDescriptor.java:202)
  org.junit.jupiter.engine.descriptor.TestMethodTestDescriptor.invokeBeforeEachMethods(TestMethodTestDescriptor.java:171)
  org.junit.jupiter.engine.descriptor.TestMethodTestDescriptor.execute(TestMethodTestDescriptor.java:134)
  org.junit.jupiter.engine.descriptor.TestMethodTestDescriptor.execute(TestMethodTestDescriptor.java:68)
  org.junit.platform.engine.support.hierarchical.NodeTestTask.lambda$executeRecursively$6(NodeTestTask.java:151)
  org.junit.platform.engine.support.hierarchical.ThrowableCollector.execute(ThrowableCollector.java:73)
  org.junit.platform.engine.support.hierarchical.NodeTestTask.lambda$executeRecursively$8(NodeTestTask.java:141)
  org.junit.platform.engine.support.hierarchical.Node.around(Node.java:137)
  org.junit.platform.engine.support.hierarchical.NodeTestTask.lambda$executeRecursively$9(NodeTestTask.java:139)
  org.junit.platform.engine.support.hierarchical.ThrowableCollector.execute(ThrowableCollector.java:73)
  org.junit.platform.engine.support.hierarchical.NodeTestTask.executeRecursively(NodeTestTask.java:138)
  org.junit.platform.engine.support.hierarchical.NodeTestTask.execute(NodeTestTask.java:95)
  java.base/java.util.ArrayList.forEach(ArrayList.java:1511)
  org.junit.platform.engine.support.hierarchical.SameThreadHierarchicalTestExecutorService.invokeAll(SameThreadHierarchicalTestExecutorService.java:41)
  org.junit.platform.engine.support.hierarchical.NodeTestTask.lambda$executeRecursively$6(NodeTestTask.java:155)
  org.junit.platform.engine.support.hierarchical.ThrowableCollector.execute(ThrowableCollector.java:73)
  org.junit.platform.engine.support.hierarchical.NodeTestTask.lambda$executeRecursively$8(NodeTestTask.java:141)
  org.junit.platform.engine.support.hierarchical.Node.around(Node.java:137)
  org.junit.platform.engine.support.hierarchical.NodeTestTask.lambda$executeRecursively$9(NodeTestTask.java:139)
  org.junit.platform.engine.support.hierarchical.ThrowableCollector.execute(ThrowableCollector.java:73)
  org.junit.platform.engine.support.hierarchical.NodeTestTask.executeRecursively(NodeTestTask.java:138)
  org.junit.platform.engine.support.hierarchical.NodeTestTask.execute(NodeTestTask.java:95)
  java.base/java.util.ArrayList.forEach(ArrayList.java:1511)
  org.junit.platform.engine.support.hierarchical.SameThreadHierarchicalTestExecutorService.invokeAll(SameThreadHierarchicalTestExecutorService.java:41)
  org.junit.platform.engine.support.hierarchical.NodeTestTask.lambda$executeRecursively$6(NodeTestTask.java:155)
  org.junit.platform.engine.support.hierarchical.ThrowableCollector.execute(ThrowableCollector.java:73)
  org.junit.platform.engine.support.hierarchical.NodeTestTask.lambda$executeRecursively$8(NodeTestTask.java:141)
  org.junit.platform.engine.support.hierarchical.Node.around(Node.java:137)
  org.junit.platform.engine.support.hierarchical.NodeTestTask.lambda$executeRecursively$9(NodeTestTask.java:139)
  org.junit.platform.engine.support.hierarchical.ThrowableCollector.execute(ThrowableCollector.java:73)
  org.junit.platform.engine.support.hierarchical.NodeTestTask.executeRecursively(NodeTestTask.java:138)
  org.junit.platform.engine.support.hierarchical.NodeTestTask.execute(NodeTestTask.java:95)
  org.junit.platform.engine.support.hierarchical.SameThreadHierarchicalTestExecutorService.submit(SameThreadHierarchicalTestExecutorService.java:35)
  org.junit.platform.engine.support.hierarchical.HierarchicalTestExecutor.execute(HierarchicalTestExecutor.java:57)
  org.junit.platform.engine.support.hierarchical.HierarchicalTestEngine.execute(HierarchicalTestEngine.java:54)
  org.junit.platform.launcher.core.EngineExecutionOrchestrator.execute(EngineExecutionOrchestrator.java:107)
  org.junit.platform.launcher.core.EngineExecutionOrchestrator.execute(EngineExecutionOrchestrator.java:88)
  org.junit.platform.launcher.core.EngineExecutionOrchestrator.lambda$execute$0(EngineExecutionOrchestrator.java:54)
  org.junit.platform.launcher.core.EngineExecutionOrchestrator.withInterceptedStreams(EngineExecutionOrchestrator.java:67)
  org.junit.platform.launcher.core.EngineExecutionOrchestrator.execute(EngineExecutionOrchestrator.java:52)
  org.junit.platform.launcher.core.DefaultLauncher.execute(DefaultLauncher.java:114)
  org.junit.platform.launcher.core.DefaultLauncher.execute(DefaultLauncher.java:86)
  org.junit.platform.launcher.core.DefaultLauncherSession$DelegatingLauncher.execute(DefaultLauncherSession.java:86)
  org.gradle.api.internal.tasks.testing.junitplatform.JUnitPlatformTestClassProcessor$CollectAllTestClassesExecutor.processAllTestClasses(JUnitPlatformTestClassProcessor.java:110)
  org.gradle.api.internal.tasks.testing.junitplatform.JUnitPlatformTestClassProcessor$CollectAllTestClassesExecutor.access$000(JUnitPlatformTestClassProcessor.java:90)
  org.gradle.api.internal.tasks.testing.junitplatform.JUnitPlatformTestClassProcessor.stop(JUnitPlatformTestClassProcessor.java:85)
  org.gradle.api.internal.tasks.testing.SuiteTestClassProcessor.stop(SuiteTestClassProcessor.java:62)
  java.base/jdk.internal.reflect.NativeMethodAccessorImpl.invoke0(Native Method)
  java.base/jdk.internal.reflect.NativeMethodAccessorImpl.invoke(NativeMethodAccessorImpl.java:77)
  java.base/jdk.internal.reflect.DelegatingMethodAccessorImpl.invoke(DelegatingMethodAccessorImpl.java:43)
  java.base/java.lang.reflect.Method.invoke(Method.java:568)
  org.gradle.internal.dispatch.ReflectionDispatch.dispatch(ReflectionDispatch.java:36)
  org.gradle.internal.dispatch.ReflectionDispatch.dispatch(ReflectionDispatch.java:24)
  org.gradle.internal.dispatch.ContextClassLoaderDispatch.dispatch(ContextClassLoaderDispatch.java:33)
  org.gradle.internal.dispatch.ProxyDispatchAdapter$DispatchingInvocationHandler.invoke(ProxyDispatchAdapter.java:94)
  jdk.proxy2/jdk.proxy2.$Proxy5.stop(Unknown Source)
  org.gradle.api.internal.tasks.testing.worker.TestWorker$3.run(TestWorker.java:193)
  org.gradle.api.internal.tasks.testing.worker.TestWorker.executeAndMaintainThreadName(TestWorker.java:129)
  org.gradle.api.internal.tasks.testing.worker.TestWorker.execute(TestWorker.java:100)
  org.gradle.api.internal.tasks.testing.worker.TestWorker.execute(TestWorker.java:60)
  org.gradle.process.internal.worker.child.ActionExecutionWorker.execute(ActionExecutionWorker.java:56)
  org.gradle.process.internal.worker.child.SystemApplicationClassLoaderWorker.call(SystemApplicationClassLoaderWorker.java:113)
  org.gradle.process.internal.worker.child.SystemApplicationClassLoaderWorker.call(SystemApplicationClassLoaderWorker.java:65)
  worker.org.gradle.process.internal.worker.GradleWorkerMain.run(GradleWorkerMain.java:69)
  worker.org.gradle.process.internal.worker.GradleWorkerMain.main(GradleWorkerMain.java:74). com.github.javaparser.ParseException: Encountered unexpected token: "}" "}"
    at line 1, column 22.

Was expecting one of:

    ","
    ";"
    "="
    "@"
    "["

	at com.github.javaparser.GeneratedJavaParser.generateParseException(GeneratedJavaParser.java:18340)

96862      ERROR Test worker     d.u.i.k.j.JavaService     Error in (line 1,col 11) Parse error. Found "}", expected one of  "," ";" "=" "@" "["
Problem stacktrace : 
  com.github.javaparser.GeneratedJavaParser.generateParseException(GeneratedJavaParser.java:18340)
  com.github.javaparser.GeneratedJavaParser.jj_consume_token(GeneratedJavaParser.java:18179)
  com.github.javaparser.GeneratedJavaParser.BlockStatement(GeneratedJavaParser.java:6611)
  com.github.javaparser.GeneratedJavaParser.Statements(GeneratedJavaParser.java:3114)
  com.github.javaparser.GeneratedJavaParser.Block(GeneratedJavaParser.java:6548)
  com.github.javaparser.GeneratedJavaParser.Statement(GeneratedJavaParser.java:6344)
  com.github.javaparser.GeneratedJavaParser.BlockStatement(GeneratedJavaParser.java:6727)
  com.github.javaparser.GeneratedJavaParser.Statements(GeneratedJavaParser.java:3114)
  com.github.javaparser.GeneratedJavaParser.Block(GeneratedJavaParser.java:6548)
  com.github.javaparser.GeneratedJavaParser.BlockParseStart(GeneratedJavaParser.java:9483)
  com.github.javaparser.JavaParser.parse(JavaParser.java:121)
  com.github.javaparser.JavaParser.parseBlock(JavaParser.java:313)
  de.uka.ilkd.key.java.JavaParserFactory.parseStatementBlock(JavaParserFactory.java:167)
  de.uka.ilkd.key.java.JavaService.recoderBlock(JavaService.java:782)
  de.uka.ilkd.key.java.JavaService.readBlock(JavaService.java:819)
  de.uka.ilkd.key.java.JavaService.readBlockWithEmptyContext(JavaService.java:854)
  de.uka.ilkd.key.nparser.builder.ExpressionBuilder.getJavaBlock(ExpressionBuilder.java:571)
  de.uka.ilkd.key.nparser.builder.ExpressionBuilder.visitModality_term(ExpressionBuilder.java:1074)
  de.uka.ilkd.key.nparser.KeYParser$Modality_termContext.accept(KeYParser.java:4623)
  org.antlr.v4.runtime.tree.AbstractParseTreeVisitor.visitChildren(AbstractParseTreeVisitor.java:46)
  de.uka.ilkd.key.nparser.KeYParserBaseVisitor.visitTerm60(KeYParserBaseVisitor.java:381)
  de.uka.ilkd.key.nparser.KeYParser$Term60Context.accept(KeYParser.java:4485)
  de.uka.ilkd.key.nparser.builder.AbstractBuilder.accept(AbstractBuilder.java:48)
  de.uka.ilkd.key.nparser.builder.DefaultBuilder.accept(DefaultBuilder.java:35)
  de.uka.ilkd.key.nparser.builder.ExpressionBuilder.visitConjunction_term(ExpressionBuilder.java:238)
  de.uka.ilkd.key.nparser.builder.ExpressionBuilder.visitConjunction_term(ExpressionBuilder.java:49)
  de.uka.ilkd.key.nparser.KeYParser$Conjunction_termContext.accept(KeYParser.java:4419)
  de.uka.ilkd.key.nparser.builder.AbstractBuilder.accept(AbstractBuilder.java:48)
  de.uka.ilkd.key.nparser.builder.DefaultBuilder.accept(DefaultBuilder.java:35)
  de.uka.ilkd.key.nparser.builder.ExpressionBuilder.visitDisjunction_term(ExpressionBuilder.java:229)
  de.uka.ilkd.key.nparser.builder.ExpressionBuilder.visitDisjunction_term(ExpressionBuilder.java:49)
  de.uka.ilkd.key.nparser.KeYParser$Disjunction_termContext.accept(KeYParser.java:4346)
  de.uka.ilkd.key.nparser.builder.AbstractBuilder.accept(AbstractBuilder.java:48)
  de.uka.ilkd.key.nparser.builder.DefaultBuilder.accept(DefaultBuilder.java:35)
  de.uka.ilkd.key.nparser.builder.ExpressionBuilder.visitImplication_term(ExpressionBuilder.java:222)
  de.uka.ilkd.key.nparser.builder.ExpressionBuilder.visitImplication_term(ExpressionBuilder.java:49)
  de.uka.ilkd.key.nparser.KeYParser$Implication_termContext.accept(KeYParser.java:4278)
  de.uka.ilkd.key.nparser.builder.AbstractBuilder.accept(AbstractBuilder.java:48)
  de.uka.ilkd.key.nparser.builder.DefaultBuilder.accept(DefaultBuilder.java:35)
  de.uka.ilkd.key.nparser.builder.ExpressionBuilder.visitEquivalence_term(ExpressionBuilder.java:198)
  de.uka.ilkd.key.nparser.builder.ExpressionBuilder.visitEquivalence_term(ExpressionBuilder.java:49)
  de.uka.ilkd.key.nparser.KeYParser$Equivalence_termContext.accept(KeYParser.java:4209)
  de.uka.ilkd.key.nparser.builder.AbstractBuilder.accept(AbstractBuilder.java:48)
  de.uka.ilkd.key.nparser.builder.DefaultBuilder.accept(DefaultBuilder.java:35)
  de.uka.ilkd.key.nparser.builder.ExpressionBuilder.visitElementary_update_term(ExpressionBuilder.java:188)
  de.uka.ilkd.key.nparser.builder.ExpressionBuilder.visitElementary_update_term(ExpressionBuilder.java:49)
  de.uka.ilkd.key.nparser.KeYParser$Elementary_update_termContext.accept(KeYParser.java:4142)
  de.uka.ilkd.key.nparser.builder.AbstractBuilder.lambda$mapOf$0(AbstractBuilder.java:124)
  java.base/java.util.stream.ReferencePipeline$3$1.accept(ReferencePipeline.java:197)
  java.base/java.util.ArrayList$ArrayListSpliterator.forEachRemaining(ArrayList.java:1625)
  java.base/java.util.stream.AbstractPipeline.copyInto(AbstractPipeline.java:509)
  java.base/java.util.stream.AbstractPipeline.wrapAndCopyInto(AbstractPipeline.java:499)
  java.base/java.util.stream.ReduceOps$ReduceOp.evaluateSequential(ReduceOps.java:921)
  java.base/java.util.stream.AbstractPipeline.evaluate(AbstractPipeline.java:234)
  java.base/java.util.stream.ReferencePipeline.collect(ReferencePipeline.java:682)
  de.uka.ilkd.key.nparser.builder.AbstractBuilder.mapOf(AbstractBuilder.java:124)
  de.uka.ilkd.key.nparser.builder.ExpressionBuilder.visitParallel_term(ExpressionBuilder.java:173)
  de.uka.ilkd.key.nparser.builder.ExpressionBuilder.visitParallel_term(ExpressionBuilder.java:49)
  de.uka.ilkd.key.nparser.KeYParser$Parallel_termContext.accept(KeYParser.java:4074)
  org.antlr.v4.runtime.tree.AbstractParseTreeVisitor.visitChildren(AbstractParseTreeVisitor.java:46)
  de.uka.ilkd.key.nparser.KeYParserBaseVisitor.visitTerm(KeYParserBaseVisitor.java:332)
  de.uka.ilkd.key.nparser.KeYParser$TermContext.accept(KeYParser.java:4020)
  de.uka.ilkd.key.nparser.builder.AbstractBuilder.accept(AbstractBuilder.java:48)
  de.uka.ilkd.key.nparser.builder.DefaultBuilder.accept(DefaultBuilder.java:35)
  de.uka.ilkd.key.nparser.builder.ExpressionBuilder.visitTermorseq(ExpressionBuilder.java:511)
  de.uka.ilkd.key.nparser.KeYParser$TermorseqContext.accept(KeYParser.java:8199)
  de.uka.ilkd.key.nparser.builder.AbstractBuilder.accept(AbstractBuilder.java:48)
  de.uka.ilkd.key.nparser.builder.DefaultBuilder.accept(DefaultBuilder.java:35)
  de.uka.ilkd.key.nparser.builder.TacletPBuilder.visitTaclet(TacletPBuilder.java:195)
  de.uka.ilkd.key.nparser.builder.TacletPBuilder.visitTaclet(TacletPBuilder.java:41)
  de.uka.ilkd.key.nparser.KeYParser$TacletContext.accept(KeYParser.java:7771)
  de.uka.ilkd.key.nparser.builder.AbstractBuilder.lambda$mapOf$0(AbstractBuilder.java:124)
  java.base/java.util.stream.ReferencePipeline$3$1.accept(ReferencePipeline.java:197)
  java.base/java.util.ArrayList$ArrayListSpliterator.forEachRemaining(ArrayList.java:1625)
  java.base/java.util.stream.AbstractPipeline.copyInto(AbstractPipeline.java:509)
  java.base/java.util.stream.AbstractPipeline.wrapAndCopyInto(AbstractPipeline.java:499)
  java.base/java.util.stream.ReduceOps$ReduceOp.evaluateSequential(ReduceOps.java:921)
  java.base/java.util.stream.AbstractPipeline.evaluate(AbstractPipeline.java:234)
  java.base/java.util.stream.ReferencePipeline.collect(ReferencePipeline.java:682)
  de.uka.ilkd.key.nparser.builder.AbstractBuilder.mapOf(AbstractBuilder.java:124)
  de.uka.ilkd.key.nparser.builder.TacletPBuilder.visitRulesOrAxioms(TacletPBuilder.java:95)
  de.uka.ilkd.key.nparser.KeYParser$RulesOrAxiomsContext.accept(KeYParser.java:10795)
  de.uka.ilkd.key.nparser.builder.AbstractBuilder.lambda$mapOf$0(AbstractBuilder.java:124)
  java.base/java.util.stream.ReferencePipeline$3$1.accept(ReferencePipeline.java:197)
  java.base/java.util.ArrayList$ArrayListSpliterator.forEachRemaining(ArrayList.java:1625)
  java.base/java.util.stream.AbstractPipeline.copyInto(AbstractPipeline.java:509)
  java.base/java.util.stream.AbstractPipeline.wrapAndCopyInto(AbstractPipeline.java:499)
  java.base/java.util.stream.ReduceOps$ReduceOp.evaluateSequential(ReduceOps.java:921)
  java.base/java.util.stream.AbstractPipeline.evaluate(AbstractPipeline.java:234)
  java.base/java.util.stream.ReferencePipeline.collect(ReferencePipeline.java:682)
  de.uka.ilkd.key.nparser.builder.AbstractBuilder.mapOf(AbstractBuilder.java:124)
  de.uka.ilkd.key.nparser.builder.TacletPBuilder.visitDecls(TacletPBuilder.java:76)
  de.uka.ilkd.key.nparser.KeYParser$DeclsContext.accept(KeYParser.java:515)
  org.antlr.v4.runtime.tree.AbstractParseTreeVisitor.visitChildren(AbstractParseTreeVisitor.java:46)
  de.uka.ilkd.key.nparser.KeYParserBaseVisitor.visitFile(KeYParserBaseVisitor.java:24)
  de.uka.ilkd.key.nparser.KeYParser$FileContext.accept(KeYParser.java:313)
  de.uka.ilkd.key.nparser.KeyAst.accept(KeyAst.java:43)
  de.uka.ilkd.key.nparser.KeyIO$Loader.loadTaclets(KeyIO.java:340)
  de.uka.ilkd.key.nparser.KeyIO$Loader.loadComplete(KeyIO.java:243)
  de.uka.ilkd.key.proof.io.KeYFileForTests.read(KeYFileForTests.java:53)
  de.uka.ilkd.key.proof.init.ProblemInitializer.readEnvInput(ProblemInitializer.java:323)
  de.uka.ilkd.key.proof.init.ProblemInitializer.prepare(ProblemInitializer.java:561)
  de.uka.ilkd.key.proof.init.ProblemInitializer.prepare(ProblemInitializer.java:471)
  de.uka.ilkd.key.rule.TacletForTests.parse(TacletForTests.java:80)
  de.uka.ilkd.key.rule.TacletForTests.parse(TacletForTests.java:125)
  de.uka.ilkd.key.rule.TacletForTests.parse(TacletForTests.java:129)
  de.uka.ilkd.key.rule.TestMatchTaclet.setUp(TestMatchTaclet.java:60)
  java.base/jdk.internal.reflect.NativeMethodAccessorImpl.invoke0(Native Method)
  java.base/jdk.internal.reflect.NativeMethodAccessorImpl.invoke(NativeMethodAccessorImpl.java:77)
  java.base/jdk.internal.reflect.DelegatingMethodAccessorImpl.invoke(DelegatingMethodAccessorImpl.java:43)
  java.base/java.lang.reflect.Method.invoke(Method.java:568)
  org.junit.platform.commons.util.ReflectionUtils.invokeMethod(ReflectionUtils.java:727)
  org.junit.jupiter.engine.execution.MethodInvocation.proceed(MethodInvocation.java:60)
  org.junit.jupiter.engine.execution.InvocationInterceptorChain$ValidatingInvocation.proceed(InvocationInterceptorChain.java:131)
  org.junit.jupiter.engine.extension.TimeoutExtension.intercept(TimeoutExtension.java:156)
  org.junit.jupiter.engine.extension.TimeoutExtension.interceptLifecycleMethod(TimeoutExtension.java:128)
  org.junit.jupiter.engine.extension.TimeoutExtension.interceptBeforeEachMethod(TimeoutExtension.java:78)
  org.junit.jupiter.engine.execution.InterceptingExecutableInvoker$ReflectiveInterceptorCall.lambda$ofVoidMethod$0(InterceptingExecutableInvoker.java:103)
  org.junit.jupiter.engine.execution.InterceptingExecutableInvoker.lambda$invoke$0(InterceptingExecutableInvoker.java:93)
  org.junit.jupiter.engine.execution.InvocationInterceptorChain$InterceptedInvocation.proceed(InvocationInterceptorChain.java:106)
  org.junit.jupiter.engine.execution.InvocationInterceptorChain.proceed(InvocationInterceptorChain.java:64)
  org.junit.jupiter.engine.execution.InvocationInterceptorChain.chainAndInvoke(InvocationInterceptorChain.java:45)
  org.junit.jupiter.engine.execution.InvocationInterceptorChain.invoke(InvocationInterceptorChain.java:37)
  org.junit.jupiter.engine.execution.InterceptingExecutableInvoker.invoke(InterceptingExecutableInvoker.java:92)
  org.junit.jupiter.engine.execution.InterceptingExecutableInvoker.invoke(InterceptingExecutableInvoker.java:86)
  org.junit.jupiter.engine.descriptor.ClassBasedTestDescriptor.invokeMethodInExtensionContext(ClassBasedTestDescriptor.java:520)
  org.junit.jupiter.engine.descriptor.ClassBasedTestDescriptor.lambda$synthesizeBeforeEachMethodAdapter$23(ClassBasedTestDescriptor.java:505)
  org.junit.jupiter.engine.descriptor.TestMethodTestDescriptor.lambda$invokeBeforeEachMethods$3(TestMethodTestDescriptor.java:174)
  org.junit.jupiter.engine.descriptor.TestMethodTestDescriptor.lambda$invokeBeforeMethodsOrCallbacksUntilExceptionOccurs$6(TestMethodTestDescriptor.java:202)
  org.junit.platform.engine.support.hierarchical.ThrowableCollector.execute(ThrowableCollector.java:73)
  org.junit.jupiter.engine.descriptor.TestMethodTestDescriptor.invokeBeforeMethodsOrCallbacksUntilExceptionOccurs(TestMethodTestDescriptor.java:202)
  org.junit.jupiter.engine.descriptor.TestMethodTestDescriptor.invokeBeforeEachMethods(TestMethodTestDescriptor.java:171)
  org.junit.jupiter.engine.descriptor.TestMethodTestDescriptor.execute(TestMethodTestDescriptor.java:134)
  org.junit.jupiter.engine.descriptor.TestMethodTestDescriptor.execute(TestMethodTestDescriptor.java:68)
  org.junit.platform.engine.support.hierarchical.NodeTestTask.lambda$executeRecursively$6(NodeTestTask.java:151)
  org.junit.platform.engine.support.hierarchical.ThrowableCollector.execute(ThrowableCollector.java:73)
  org.junit.platform.engine.support.hierarchical.NodeTestTask.lambda$executeRecursively$8(NodeTestTask.java:141)
  org.junit.platform.engine.support.hierarchical.Node.around(Node.java:137)
  org.junit.platform.engine.support.hierarchical.NodeTestTask.lambda$executeRecursively$9(NodeTestTask.java:139)
  org.junit.platform.engine.support.hierarchical.ThrowableCollector.execute(ThrowableCollector.java:73)
  org.junit.platform.engine.support.hierarchical.NodeTestTask.executeRecursively(NodeTestTask.java:138)
  org.junit.platform.engine.support.hierarchical.NodeTestTask.execute(NodeTestTask.java:95)
  java.base/java.util.ArrayList.forEach(ArrayList.java:1511)
  org.junit.platform.engine.support.hierarchical.SameThreadHierarchicalTestExecutorService.invokeAll(SameThreadHierarchicalTestExecutorService.java:41)
  org.junit.platform.engine.support.hierarchical.NodeTestTask.lambda$executeRecursively$6(NodeTestTask.java:155)
  org.junit.platform.engine.support.hierarchical.ThrowableCollector.execute(ThrowableCollector.java:73)
  org.junit.platform.engine.support.hierarchical.NodeTestTask.lambda$executeRecursively$8(NodeTestTask.java:141)
  org.junit.platform.engine.support.hierarchical.Node.around(Node.java:137)
  org.junit.platform.engine.support.hierarchical.NodeTestTask.lambda$executeRecursively$9(NodeTestTask.java:139)
  org.junit.platform.engine.support.hierarchical.ThrowableCollector.execute(ThrowableCollector.java:73)
  org.junit.platform.engine.support.hierarchical.NodeTestTask.executeRecursively(NodeTestTask.java:138)
  org.junit.platform.engine.support.hierarchical.NodeTestTask.execute(NodeTestTask.java:95)
  java.base/java.util.ArrayList.forEach(ArrayList.java:1511)
  org.junit.platform.engine.support.hierarchical.SameThreadHierarchicalTestExecutorService.invokeAll(SameThreadHierarchicalTestExecutorService.java:41)
  org.junit.platform.engine.support.hierarchical.NodeTestTask.lambda$executeRecursively$6(NodeTestTask.java:155)
  org.junit.platform.engine.support.hierarchical.ThrowableCollector.execute(ThrowableCollector.java:73)
  org.junit.platform.engine.support.hierarchical.NodeTestTask.lambda$executeRecursively$8(NodeTestTask.java:141)
  org.junit.platform.engine.support.hierarchical.Node.around(Node.java:137)
  org.junit.platform.engine.support.hierarchical.NodeTestTask.lambda$executeRecursively$9(NodeTestTask.java:139)
  org.junit.platform.engine.support.hierarchical.ThrowableCollector.execute(ThrowableCollector.java:73)
  org.junit.platform.engine.support.hierarchical.NodeTestTask.executeRecursively(NodeTestTask.java:138)
  org.junit.platform.engine.support.hierarchical.NodeTestTask.execute(NodeTestTask.java:95)
  org.junit.platform.engine.support.hierarchical.SameThreadHierarchicalTestExecutorService.submit(SameThreadHierarchicalTestExecutorService.java:35)
  org.junit.platform.engine.support.hierarchical.HierarchicalTestExecutor.execute(HierarchicalTestExecutor.java:57)
  org.junit.platform.engine.support.hierarchical.HierarchicalTestEngine.execute(HierarchicalTestEngine.java:54)
  org.junit.platform.launcher.core.EngineExecutionOrchestrator.execute(EngineExecutionOrchestrator.java:107)
  org.junit.platform.launcher.core.EngineExecutionOrchestrator.execute(EngineExecutionOrchestrator.java:88)
  org.junit.platform.launcher.core.EngineExecutionOrchestrator.lambda$execute$0(EngineExecutionOrchestrator.java:54)
  org.junit.platform.launcher.core.EngineExecutionOrchestrator.withInterceptedStreams(EngineExecutionOrchestrator.java:67)
  org.junit.platform.launcher.core.EngineExecutionOrchestrator.execute(EngineExecutionOrchestrator.java:52)
  org.junit.platform.launcher.core.DefaultLauncher.execute(DefaultLauncher.java:114)
  org.junit.platform.launcher.core.DefaultLauncher.execute(DefaultLauncher.java:86)
  org.junit.platform.launcher.core.DefaultLauncherSession$DelegatingLauncher.execute(DefaultLauncherSession.java:86)
  org.gradle.api.internal.tasks.testing.junitplatform.JUnitPlatformTestClassProcessor$CollectAllTestClassesExecutor.processAllTestClasses(JUnitPlatformTestClassProcessor.java:110)
  org.gradle.api.internal.tasks.testing.junitplatform.JUnitPlatformTestClassProcessor$CollectAllTestClassesExecutor.access$000(JUnitPlatformTestClassProcessor.java:90)
  org.gradle.api.internal.tasks.testing.junitplatform.JUnitPlatformTestClassProcessor.stop(JUnitPlatformTestClassProcessor.java:85)
  org.gradle.api.internal.tasks.testing.SuiteTestClassProcessor.stop(SuiteTestClassProcessor.java:62)
  java.base/jdk.internal.reflect.NativeMethodAccessorImpl.invoke0(Native Method)
  java.base/jdk.internal.reflect.NativeMethodAccessorImpl.invoke(NativeMethodAccessorImpl.java:77)
  java.base/jdk.internal.reflect.DelegatingMethodAccessorImpl.invoke(DelegatingMethodAccessorImpl.java:43)
  java.base/java.lang.reflect.Method.invoke(Method.java:568)
  org.gradle.internal.dispatch.ReflectionDispatch.dispatch(ReflectionDispatch.java:36)
  org.gradle.internal.dispatch.ReflectionDispatch.dispatch(ReflectionDispatch.java:24)
  org.gradle.internal.dispatch.ContextClassLoaderDispatch.dispatch(ContextClassLoaderDispatch.java:33)
  org.gradle.internal.dispatch.ProxyDispatchAdapter$DispatchingInvocationHandler.invoke(ProxyDispatchAdapter.java:94)
  jdk.proxy2/jdk.proxy2.$Proxy5.stop(Unknown Source)
  org.gradle.api.internal.tasks.testing.worker.TestWorker$3.run(TestWorker.java:193)
  org.gradle.api.internal.tasks.testing.worker.TestWorker.executeAndMaintainThreadName(TestWorker.java:129)
  org.gradle.api.internal.tasks.testing.worker.TestWorker.execute(TestWorker.java:100)
  org.gradle.api.internal.tasks.testing.worker.TestWorker.execute(TestWorker.java:60)
  org.gradle.process.internal.worker.child.ActionExecutionWorker.execute(ActionExecutionWorker.java:56)
  org.gradle.process.internal.worker.child.SystemApplicationClassLoaderWorker.call(SystemApplicationClassLoaderWorker.java:113)
  org.gradle.process.internal.worker.child.SystemApplicationClassLoaderWorker.call(SystemApplicationClassLoaderWorker.java:65)
  worker.org.gradle.process.internal.worker.GradleWorkerMain.run(GradleWorkerMain.java:69)
  worker.org.gradle.process.internal.worker.GradleWorkerMain.main(GradleWorkerMain.java:74). com.github.javaparser.ParseException: Encountered unexpected token: "}" "}"
    at line 1, column 22.

Was expecting one of:

    ","
    ";"
    "="
    "@"
    "["

	at com.github.javaparser.GeneratedJavaParser.generateParseException(GeneratedJavaParser.java:18340)

96863      ERROR Test worker     d.u.i.k.n.b.TacletPBuilder Error in parsing taclet. de.uka.ilkd.key.util.parsing.BuildingExceptions: Multiple errors occured
	at de.uka.ilkd.key.java.JavaService.reportErrors(JavaService.java:219)

96868      DEBUG Test worker     d.u.i.k.n.KeyIO           MODE: taclets took 47ms 
97026      ERROR Test worker     d.u.i.k.j.KeYJPMapping    Duplicate registration of node: boolean, formerNode: /*@ pure @*/
boolean 
97030      ERROR Test worker     d.u.i.k.j.KeYJPMapping    Duplicate registration of node: Object, formerNode: java.lang.Object 
97030      ERROR Test worker     d.u.i.k.j.KeYJPMapping    Duplicate registration of node: Object, formerNode: java.lang.Object 
97031      ERROR Test worker     d.u.i.k.j.KeYJPMapping    Duplicate registration of node: Annotation, formerNode: Annotation 
97033      ERROR Test worker     d.u.i.k.j.KeYJPMapping    Duplicate registration of node: ArithmeticException, formerNode: ArithmeticException 
97035      ERROR Test worker     d.u.i.k.j.KeYJPMapping    Duplicate registration of node: ArrayIndexOutOfBoundsException, formerNode: ArrayIndexOutOfBoundsException 
97036      ERROR Test worker     d.u.i.k.j.KeYJPMapping    Duplicate registration of node: ArrayStoreException, formerNode: ArrayStoreException 
97037      ERROR Test worker     d.u.i.k.j.KeYJPMapping    Duplicate registration of node: AssertionError, formerNode: AssertionError 
97039      ERROR Test worker     d.u.i.k.j.KeYJPMapping    Duplicate registration of node: Character, formerNode: Character 
97039      ERROR Test worker     d.u.i.k.j.KeYJPMapping    Duplicate registration of node: Class, formerNode: java.lang.Class 
97040      ERROR Test worker     d.u.i.k.j.KeYJPMapping    Duplicate registration of node: Class, formerNode: java.lang.Class 
97040      ERROR Test worker     d.u.i.k.j.KeYJPMapping    Duplicate registration of node: ClassCastException, formerNode: ClassCastException 
97042      ERROR Test worker     d.u.i.k.j.KeYJPMapping    Duplicate registration of node: CloneNotSupportedException, formerNode: CloneNotSupportedException 
97042      ERROR Test worker     d.u.i.k.j.KeYJPMapping    Duplicate registration of node: Cloneable, formerNode: Cloneable 
97043      ERROR Test worker     d.u.i.k.j.KeYJPMapping    Duplicate registration of node: Comparable, formerNode: Comparable 
97044      ERROR Test worker     d.u.i.k.j.KeYJPMapping    Duplicate registration of node: Double, formerNode: Double 
97046      ERROR Test worker     d.u.i.k.j.KeYJPMapping    Duplicate registration of node: Enum, formerNode: java.lang.Enum 
97046      ERROR Test worker     d.u.i.k.j.KeYJPMapping    Duplicate registration of node: Enum, formerNode: java.lang.Enum 
97050      ERROR Test worker     d.u.i.k.j.KeYJPMapping    Duplicate registration of node: Error, formerNode: Error 
97051      ERROR Test worker     d.u.i.k.j.KeYJPMapping    Duplicate registration of node: Exception, formerNode: Exception 
97053      ERROR Test worker     d.u.i.k.j.KeYJPMapping    Duplicate registration of node: ExceptionInInitializerError, formerNode: java.lang.ExceptionInInitializerError 
97053      ERROR Test worker     d.u.i.k.j.KeYJPMapping    Duplicate registration of node: ExceptionInInitializerError, formerNode: java.lang.ExceptionInInitializerError 
97054      ERROR Test worker     d.u.i.k.j.KeYJPMapping    Duplicate registration of node: Float, formerNode: Float 
97055      ERROR Test worker     d.u.i.k.j.KeYJPMapping    Duplicate registration of node: IllegalArgumentException, formerNode: IllegalArgumentException 
97056      ERROR Test worker     d.u.i.k.j.KeYJPMapping    Duplicate registration of node: IndexOutOfBoundsException, formerNode: IndexOutOfBoundsException 
97071      ERROR Test worker     d.u.i.k.j.KeYJPMapping    Duplicate registration of node: Integer, formerNode: java.lang.Integer 
97071      ERROR Test worker     d.u.i.k.j.KeYJPMapping    Duplicate registration of node: Integer, formerNode: java.lang.Integer 
97073      ERROR Test worker     d.u.i.k.j.KeYJPMapping    Duplicate registration of node: InterruptedException, formerNode: InterruptedException 
97074      ERROR Test worker     d.u.i.k.j.KeYJPMapping    Duplicate registration of node: Iterable, formerNode: Iterable 
97074      ERROR Test worker     d.u.i.k.j.KeYJPMapping    Duplicate registration of node: LinkageError, formerNode: LinkageError 
97083      ERROR Test worker     d.u.i.k.j.KeYJPMapping    Duplicate registration of node: Math, formerNode: Math 
97084      ERROR Test worker     d.u.i.k.j.KeYJPMapping    Duplicate registration of node: NegativeArraySizeException, formerNode: NegativeArraySizeException 
97085      ERROR Test worker     d.u.i.k.j.KeYJPMapping    Duplicate registration of node: NoClassDefFoundError, formerNode: java.lang.NoClassDefFoundError 
97086      ERROR Test worker     d.u.i.k.j.KeYJPMapping    Duplicate registration of node: NoClassDefFoundError, formerNode: java.lang.NoClassDefFoundError 
97087      ERROR Test worker     d.u.i.k.j.KeYJPMapping    Duplicate registration of node: NullPointerException, formerNode: NullPointerException 
97088      ERROR Test worker     d.u.i.k.j.KeYJPMapping    Duplicate registration of node: Number, formerNode: Number 
97089      ERROR Test worker     d.u.i.k.j.KeYJPMapping    Duplicate registration of node: NumberFormatException, formerNode: NumberFormatException 
97090      ERROR Test worker     d.u.i.k.j.KeYJPMapping    Duplicate registration of node: VirtualMachineError, formerNode: VirtualMachineError 
97092      ERROR Test worker     d.u.i.k.j.KeYJPMapping    Duplicate registration of node: OutOfMemoryError, formerNode: OutOfMemoryError 
97093      ERROR Test worker     d.u.i.k.j.KeYJPMapping    Duplicate registration of node: Runnable, formerNode: Runnable 
97094      ERROR Test worker     d.u.i.k.j.KeYJPMapping    Duplicate registration of node: RuntimeException, formerNode: RuntimeException 
97094      ERROR Test worker     d.u.i.k.j.KeYJPMapping    Duplicate registration of node: /*@pure*/
int, formerNode: int 
97097      ERROR Test worker     d.u.i.k.j.KeYJPMapping    Duplicate registration of node: /*@ helper */
int, formerNode: int 
97098      ERROR Test worker     d.u.i.k.j.KeYJPMapping    Duplicate registration of node: /*@ helper */
boolean, formerNode: /*@ pure @*/
boolean 
97107      ERROR Test worker     d.u.i.k.j.KeYJPMapping    Duplicate registration of node: /*@ helper */
java.lang.String, formerNode: java.lang.String 
97117      ERROR Test worker     d.u.i.k.j.KeYJPMapping    Duplicate registration of node: String, formerNode: java.lang.String 
97136      ERROR Test worker     d.u.i.k.j.KeYJPMapping    Duplicate registration of node: String, formerNode: java.lang.String 
97139      ERROR Test worker     d.u.i.k.j.KeYJPMapping    Duplicate registration of node: char, formerNode: /*@ helper */
char 
97140      ERROR Test worker     d.u.i.k.j.KeYJPMapping    Duplicate registration of node: StringBuffer, formerNode: StringBuffer 
97143      ERROR Test worker     d.u.i.k.j.KeYJPMapping    Duplicate registration of node: System, formerNode: System 
97144      ERROR Test worker     d.u.i.k.j.KeYJPMapping    Duplicate registration of node: Thread, formerNode: Thread 
97147      ERROR Test worker     d.u.i.k.j.KeYJPMapping    Duplicate registration of node: Throwable, formerNode: java.lang.Throwable 
97147      ERROR Test worker     d.u.i.k.j.KeYJPMapping    Duplicate registration of node: Throwable, formerNode: java.lang.Throwable 
97152      ERROR Test worker     d.u.i.k.j.KeYJPMapping    Duplicate registration of node: Collection, formerNode: Collection 
97153      ERROR Test worker     d.u.i.k.j.KeYJPMapping    Duplicate registration of node: Iterator, formerNode: java.util.Iterator 
97153      ERROR Test worker     d.u.i.k.j.KeYJPMapping    Duplicate registration of node: Iterator, formerNode: java.util.Iterator 
97157      ERROR Test worker     d.u.i.k.j.KeYJPMapping    Duplicate registration of node: List, formerNode: java.util.List 
97157      ERROR Test worker     d.u.i.k.j.KeYJPMapping    Duplicate registration of node: List, formerNode: java.util.List 
97159      ERROR Test worker     d.u.i.k.j.KeYJPMapping    Duplicate registration of node: ListIterator, formerNode: java.util.ListIterator 
97159      ERROR Test worker     d.u.i.k.j.KeYJPMapping    Duplicate registration of node: ListIterator, formerNode: java.util.ListIterator 
97160      ERROR Test worker     d.u.i.k.j.KeYJPMapping    Duplicate registration of node: Long, formerNode: Long 
97161      ERROR Test worker     d.u.i.k.j.KeYJPMapping    Duplicate registration of node: Boolean, formerNode: Boolean 
97165      ERROR Test worker     d.u.i.k.j.KeYJPMapping    Duplicate registration of node: Map, formerNode: Map 
97169      ERROR Test worker     d.u.i.k.j.KeYJPMapping    Duplicate registration of node: Set, formerNode: java.util.Set 
97169      ERROR Test worker     d.u.i.k.j.KeYJPMapping    Duplicate registration of node: Set, formerNode: java.util.Set 
97173      ERROR Test worker     d.u.i.k.j.KeYJPMapping    Duplicate registration of node: FilterOutputStream, formerNode: FilterOutputStream 
97173      ERROR Test worker     d.u.i.k.j.KeYJPMapping    Duplicate registration of node: InputStream, formerNode: java.io.InputStream 
97174      ERROR Test worker     d.u.i.k.j.KeYJPMapping    Duplicate registration of node: InputStream, formerNode: java.io.InputStream 
97176      ERROR Test worker     d.u.i.k.j.KeYJPMapping    Duplicate registration of node: IOException, formerNode: IOException 
97176      ERROR Test worker     d.u.i.k.j.KeYJPMapping    Duplicate registration of node: OutputStream, formerNode: java.io.OutputStream 
97176      ERROR Test worker     d.u.i.k.j.KeYJPMapping    Duplicate registration of node: OutputStream, formerNode: java.io.OutputStream 
97181      ERROR Test worker     d.u.i.k.j.KeYJPMapping    Duplicate registration of node: PrintStream, formerNode: java.io.PrintStream 
97182      ERROR Test worker     d.u.i.k.j.KeYJPMapping    Duplicate registration of node: PrintStream, formerNode: java.io.PrintStream 
97182      ERROR Test worker     d.u.i.k.j.KeYJPMapping    Duplicate registration of node: Serializable, formerNode: Serializable 
97183      ERROR Test worker     d.u.i.k.j.KeYJPMapping    Duplicate registration of node: BigInteger, formerNode: java.math.BigInteger 
97185      ERROR Test worker     d.u.i.k.j.KeYJPMapping    Duplicate registration of node: BigInteger, formerNode: java.math.BigInteger 
97186      ERROR Test worker     d.u.i.k.j.KeYJPMapping    Duplicate registration of node: ArrayList, formerNode: ArrayList 
97189      ERROR Test worker     d.u.i.k.j.KeYJPMapping    Duplicate registration of node: byte[], formerNode: byte[] 
97210      ERROR Test worker     d.u.i.k.j.KeYJPMapping    Duplicate registration of node: Arrays, formerNode: Arrays 
97211      ERROR Test worker     d.u.i.k.j.KeYJPMapping    Duplicate registration of node: ListIteratorImpl, formerNode: ListIteratorImpl 
97212      ERROR Test worker     d.u.i.k.j.KeYJPMapping    Duplicate registration of node: Date, formerNode: Date 
97213      ERROR Test worker     d.u.i.k.j.KeYJPMapping    Duplicate registration of node: LinkedHashMap, formerNode: LinkedHashMap 
97214      ERROR Test worker     d.u.i.k.j.KeYJPMapping    Duplicate registration of node: /*@pure@*/
String, formerNode: /*@strictly_pure*/
java.lang.String 
97215      ERROR Test worker     d.u.i.k.j.KeYJPMapping    Duplicate registration of node: LinkedList, formerNode: LinkedList 
97232      INFO  Test worker     d.u.i.k.n.KeyIO           Parsing took 3 ms 
97232      DEBUG Test worker     d.u.i.k.n.KeyIO           Load declarations of de.uka.ilkd.key.nparser.KeyAst$File:  /home/runner/work/key/key/key.core/src/test/resources/testcase/../de/uka/ilkd/key/rule/testRuleMatch.txt:8#1 
97232      INFO  Test worker     d.u.i.k.n.KeyIO           MODE: declarations took 0 ms 
97232      DEBUG Test worker     d.u.i.k.n.KeyIO           MODE: 2nd degree decls took 0 
97272      ERROR Test worker     d.u.i.k.j.JavaService     Error in (line 1,col 11) Parse error. Found "}", expected one of  "," ";" "=" "@" "["
Problem stacktrace : 
  com.github.javaparser.GeneratedJavaParser.generateParseException(GeneratedJavaParser.java:18340)
  com.github.javaparser.GeneratedJavaParser.jj_consume_token(GeneratedJavaParser.java:18179)
  com.github.javaparser.GeneratedJavaParser.BlockStatement(GeneratedJavaParser.java:6611)
  com.github.javaparser.GeneratedJavaParser.Statements(GeneratedJavaParser.java:3114)
  com.github.javaparser.GeneratedJavaParser.Block(GeneratedJavaParser.java:6548)
  com.github.javaparser.GeneratedJavaParser.Statement(GeneratedJavaParser.java:6344)
  com.github.javaparser.GeneratedJavaParser.BlockStatement(GeneratedJavaParser.java:6727)
  com.github.javaparser.GeneratedJavaParser.Statements(GeneratedJavaParser.java:3114)
  com.github.javaparser.GeneratedJavaParser.Block(GeneratedJavaParser.java:6548)
  com.github.javaparser.GeneratedJavaParser.BlockParseStart(GeneratedJavaParser.java:9483)
  com.github.javaparser.JavaParser.parse(JavaParser.java:121)
  com.github.javaparser.JavaParser.parseBlock(JavaParser.java:313)
  de.uka.ilkd.key.java.JavaParserFactory.parseStatementBlock(JavaParserFactory.java:167)
  de.uka.ilkd.key.java.JavaService.recoderBlock(JavaService.java:782)
  de.uka.ilkd.key.java.JavaService.readBlock(JavaService.java:819)
  de.uka.ilkd.key.java.JavaService.readBlockWithProgramVariables(JavaService.java:875)
  de.uka.ilkd.key.nparser.builder.ExpressionBuilder.getJavaBlock(ExpressionBuilder.java:568)
  de.uka.ilkd.key.nparser.builder.ExpressionBuilder.visitModality_term(ExpressionBuilder.java:1074)
  de.uka.ilkd.key.nparser.KeYParser$Modality_termContext.accept(KeYParser.java:4623)
  org.antlr.v4.runtime.tree.AbstractParseTreeVisitor.visitChildren(AbstractParseTreeVisitor.java:46)
  de.uka.ilkd.key.nparser.KeYParserBaseVisitor.visitTerm60(KeYParserBaseVisitor.java:381)
  de.uka.ilkd.key.nparser.KeYParser$Term60Context.accept(KeYParser.java:4485)
  de.uka.ilkd.key.nparser.builder.AbstractBuilder.accept(AbstractBuilder.java:48)
  de.uka.ilkd.key.nparser.builder.DefaultBuilder.accept(DefaultBuilder.java:35)
  de.uka.ilkd.key.nparser.builder.ExpressionBuilder.visitConjunction_term(ExpressionBuilder.java:238)
  de.uka.ilkd.key.nparser.builder.ExpressionBuilder.visitConjunction_term(ExpressionBuilder.java:49)
  de.uka.ilkd.key.nparser.KeYParser$Conjunction_termContext.accept(KeYParser.java:4419)
  de.uka.ilkd.key.nparser.builder.AbstractBuilder.accept(AbstractBuilder.java:48)
  de.uka.ilkd.key.nparser.builder.DefaultBuilder.accept(DefaultBuilder.java:35)
  de.uka.ilkd.key.nparser.builder.ExpressionBuilder.visitDisjunction_term(ExpressionBuilder.java:229)
  de.uka.ilkd.key.nparser.builder.ExpressionBuilder.visitDisjunction_term(ExpressionBuilder.java:49)
  de.uka.ilkd.key.nparser.KeYParser$Disjunction_termContext.accept(KeYParser.java:4346)
  de.uka.ilkd.key.nparser.builder.AbstractBuilder.accept(AbstractBuilder.java:48)
  de.uka.ilkd.key.nparser.builder.DefaultBuilder.accept(DefaultBuilder.java:35)
  de.uka.ilkd.key.nparser.builder.ExpressionBuilder.visitImplication_term(ExpressionBuilder.java:222)
  de.uka.ilkd.key.nparser.builder.ExpressionBuilder.visitImplication_term(ExpressionBuilder.java:49)
  de.uka.ilkd.key.nparser.KeYParser$Implication_termContext.accept(KeYParser.java:4278)
  de.uka.ilkd.key.nparser.builder.AbstractBuilder.accept(AbstractBuilder.java:48)
  de.uka.ilkd.key.nparser.builder.DefaultBuilder.accept(DefaultBuilder.java:35)
  de.uka.ilkd.key.nparser.builder.ExpressionBuilder.visitEquivalence_term(ExpressionBuilder.java:198)
  de.uka.ilkd.key.nparser.builder.ExpressionBuilder.visitEquivalence_term(ExpressionBuilder.java:49)
  de.uka.ilkd.key.nparser.KeYParser$Equivalence_termContext.accept(KeYParser.java:4209)
  de.uka.ilkd.key.nparser.builder.AbstractBuilder.accept(AbstractBuilder.java:48)
  de.uka.ilkd.key.nparser.builder.DefaultBuilder.accept(DefaultBuilder.java:35)
  de.uka.ilkd.key.nparser.builder.ExpressionBuilder.visitElementary_update_term(ExpressionBuilder.java:188)
  de.uka.ilkd.key.nparser.builder.ExpressionBuilder.visitElementary_update_term(ExpressionBuilder.java:49)
  de.uka.ilkd.key.nparser.KeYParser$Elementary_update_termContext.accept(KeYParser.java:4142)
  de.uka.ilkd.key.nparser.builder.AbstractBuilder.lambda$mapOf$0(AbstractBuilder.java:124)
  java.base/java.util.stream.ReferencePipeline$3$1.accept(ReferencePipeline.java:197)
  java.base/java.util.ArrayList$ArrayListSpliterator.forEachRemaining(ArrayList.java:1625)
  java.base/java.util.stream.AbstractPipeline.copyInto(AbstractPipeline.java:509)
  java.base/java.util.stream.AbstractPipeline.wrapAndCopyInto(AbstractPipeline.java:499)
  java.base/java.util.stream.ReduceOps$ReduceOp.evaluateSequential(ReduceOps.java:921)
  java.base/java.util.stream.AbstractPipeline.evaluate(AbstractPipeline.java:234)
  java.base/java.util.stream.ReferencePipeline.collect(ReferencePipeline.java:682)
  de.uka.ilkd.key.nparser.builder.AbstractBuilder.mapOf(AbstractBuilder.java:124)
  de.uka.ilkd.key.nparser.builder.ExpressionBuilder.visitParallel_term(ExpressionBuilder.java:173)
  de.uka.ilkd.key.nparser.builder.ExpressionBuilder.visitParallel_term(ExpressionBuilder.java:49)
  de.uka.ilkd.key.nparser.KeYParser$Parallel_termContext.accept(KeYParser.java:4074)
  org.antlr.v4.runtime.tree.AbstractParseTreeVisitor.visitChildren(AbstractParseTreeVisitor.java:46)
  de.uka.ilkd.key.nparser.KeYParserBaseVisitor.visitTerm(KeYParserBaseVisitor.java:332)
  de.uka.ilkd.key.nparser.KeYParser$TermContext.accept(KeYParser.java:4020)
  de.uka.ilkd.key.nparser.builder.AbstractBuilder.accept(AbstractBuilder.java:48)
  de.uka.ilkd.key.nparser.builder.DefaultBuilder.accept(DefaultBuilder.java:35)
  de.uka.ilkd.key.nparser.builder.ExpressionBuilder.visitTermorseq(ExpressionBuilder.java:511)
  de.uka.ilkd.key.nparser.KeYParser$TermorseqContext.accept(KeYParser.java:8199)
  de.uka.ilkd.key.nparser.builder.AbstractBuilder.accept(AbstractBuilder.java:48)
  de.uka.ilkd.key.nparser.builder.DefaultBuilder.accept(DefaultBuilder.java:35)
  de.uka.ilkd.key.nparser.builder.TacletPBuilder.visitTaclet(TacletPBuilder.java:195)
  de.uka.ilkd.key.nparser.builder.TacletPBuilder.visitTaclet(TacletPBuilder.java:41)
  de.uka.ilkd.key.nparser.KeYParser$TacletContext.accept(KeYParser.java:7771)
  de.uka.ilkd.key.nparser.builder.AbstractBuilder.lambda$mapOf$0(AbstractBuilder.java:124)
  java.base/java.util.stream.ReferencePipeline$3$1.accept(ReferencePipeline.java:197)
  java.base/java.util.ArrayList$ArrayListSpliterator.forEachRemaining(ArrayList.java:1625)
  java.base/java.util.stream.AbstractPipeline.copyInto(AbstractPipeline.java:509)
  java.base/java.util.stream.AbstractPipeline.wrapAndCopyInto(AbstractPipeline.java:499)
  java.base/java.util.stream.ReduceOps$ReduceOp.evaluateSequential(ReduceOps.java:921)
  java.base/java.util.stream.AbstractPipeline.evaluate(AbstractPipeline.java:234)
  java.base/java.util.stream.ReferencePipeline.collect(ReferencePipeline.java:682)
  de.uka.ilkd.key.nparser.builder.AbstractBuilder.mapOf(AbstractBuilder.java:124)
  de.uka.ilkd.key.nparser.builder.TacletPBuilder.visitRulesOrAxioms(TacletPBuilder.java:95)
  de.uka.ilkd.key.nparser.KeYParser$RulesOrAxiomsContext.accept(KeYParser.java:10795)
  de.uka.ilkd.key.nparser.builder.AbstractBuilder.lambda$mapOf$0(AbstractBuilder.java:124)
  java.base/java.util.stream.ReferencePipeline$3$1.accept(ReferencePipeline.java:197)
  java.base/java.util.ArrayList$ArrayListSpliterator.forEachRemaining(ArrayList.java:1625)
  java.base/java.util.stream.AbstractPipeline.copyInto(AbstractPipeline.java:509)
  java.base/java.util.stream.AbstractPipeline.wrapAndCopyInto(AbstractPipeline.java:499)
  java.base/java.util.stream.ReduceOps$ReduceOp.evaluateSequential(ReduceOps.java:921)
  java.base/java.util.stream.AbstractPipeline.evaluate(AbstractPipeline.java:234)
  java.base/java.util.stream.ReferencePipeline.collect(ReferencePipeline.java:682)
  de.uka.ilkd.key.nparser.builder.AbstractBuilder.mapOf(AbstractBuilder.java:124)
  de.uka.ilkd.key.nparser.builder.TacletPBuilder.visitDecls(TacletPBuilder.java:76)
  de.uka.ilkd.key.nparser.KeYParser$DeclsContext.accept(KeYParser.java:515)
  org.antlr.v4.runtime.tree.AbstractParseTreeVisitor.visitChildren(AbstractParseTreeVisitor.java:46)
  de.uka.ilkd.key.nparser.KeYParserBaseVisitor.visitFile(KeYParserBaseVisitor.java:24)
  de.uka.ilkd.key.nparser.KeYParser$FileContext.accept(KeYParser.java:313)
  de.uka.ilkd.key.nparser.KeyAst.accept(KeyAst.java:43)
  de.uka.ilkd.key.nparser.KeyIO$Loader.loadTaclets(KeyIO.java:340)
  de.uka.ilkd.key.nparser.KeyIO$Loader.loadComplete(KeyIO.java:243)
  de.uka.ilkd.key.proof.io.KeYFileForTests.read(KeYFileForTests.java:53)
  de.uka.ilkd.key.proof.init.ProblemInitializer.readEnvInput(ProblemInitializer.java:323)
  de.uka.ilkd.key.proof.init.ProblemInitializer.prepare(ProblemInitializer.java:561)
  de.uka.ilkd.key.proof.init.ProblemInitializer.prepare(ProblemInitializer.java:471)
  de.uka.ilkd.key.rule.TacletForTests.parse(TacletForTests.java:80)
  de.uka.ilkd.key.rule.TacletForTests.parse(TacletForTests.java:125)
  de.uka.ilkd.key.rule.TacletForTests.parse(TacletForTests.java:129)
  de.uka.ilkd.key.rule.TestMatchTaclet.setUp(TestMatchTaclet.java:60)
  java.base/jdk.internal.reflect.NativeMethodAccessorImpl.invoke0(Native Method)
  java.base/jdk.internal.reflect.NativeMethodAccessorImpl.invoke(NativeMethodAccessorImpl.java:77)
  java.base/jdk.internal.reflect.DelegatingMethodAccessorImpl.invoke(DelegatingMethodAccessorImpl.java:43)
  java.base/java.lang.reflect.Method.invoke(Method.java:568)
  org.junit.platform.commons.util.ReflectionUtils.invokeMethod(ReflectionUtils.java:727)
  org.junit.jupiter.engine.execution.MethodInvocation.proceed(MethodInvocation.java:60)
  org.junit.jupiter.engine.execution.InvocationInterceptorChain$ValidatingInvocation.proceed(InvocationInterceptorChain.java:131)
  org.junit.jupiter.engine.extension.TimeoutExtension.intercept(TimeoutExtension.java:156)
  org.junit.jupiter.engine.extension.TimeoutExtension.interceptLifecycleMethod(TimeoutExtension.java:128)
  org.junit.jupiter.engine.extension.TimeoutExtension.interceptBeforeEachMethod(TimeoutExtension.java:78)
  org.junit.jupiter.engine.execution.InterceptingExecutableInvoker$ReflectiveInterceptorCall.lambda$ofVoidMethod$0(InterceptingExecutableInvoker.java:103)
  org.junit.jupiter.engine.execution.InterceptingExecutableInvoker.lambda$invoke$0(InterceptingExecutableInvoker.java:93)
  org.junit.jupiter.engine.execution.InvocationInterceptorChain$InterceptedInvocation.proceed(InvocationInterceptorChain.java:106)
  org.junit.jupiter.engine.execution.InvocationInterceptorChain.proceed(InvocationInterceptorChain.java:64)
  org.junit.jupiter.engine.execution.InvocationInterceptorChain.chainAndInvoke(InvocationInterceptorChain.java:45)
  org.junit.jupiter.engine.execution.InvocationInterceptorChain.invoke(InvocationInterceptorChain.java:37)
  org.junit.jupiter.engine.execution.InterceptingExecutableInvoker.invoke(InterceptingExecutableInvoker.java:92)
  org.junit.jupiter.engine.execution.InterceptingExecutableInvoker.invoke(InterceptingExecutableInvoker.java:86)
  org.junit.jupiter.engine.descriptor.ClassBasedTestDescriptor.invokeMethodInExtensionContext(ClassBasedTestDescriptor.java:520)
  org.junit.jupiter.engine.descriptor.ClassBasedTestDescriptor.lambda$synthesizeBeforeEachMethodAdapter$23(ClassBasedTestDescriptor.java:505)
  org.junit.jupiter.engine.descriptor.TestMethodTestDescriptor.lambda$invokeBeforeEachMethods$3(TestMethodTestDescriptor.java:174)
  org.junit.jupiter.engine.descriptor.TestMethodTestDescriptor.lambda$invokeBeforeMethodsOrCallbacksUntilExceptionOccurs$6(TestMethodTestDescriptor.java:202)
  org.junit.platform.engine.support.hierarchical.ThrowableCollector.execute(ThrowableCollector.java:73)
  org.junit.jupiter.engine.descriptor.TestMethodTestDescriptor.invokeBeforeMethodsOrCallbacksUntilExceptionOccurs(TestMethodTestDescriptor.java:202)
  org.junit.jupiter.engine.descriptor.TestMethodTestDescriptor.invokeBeforeEachMethods(TestMethodTestDescriptor.java:171)
  org.junit.jupiter.engine.descriptor.TestMethodTestDescriptor.execute(TestMethodTestDescriptor.java:134)
  org.junit.jupiter.engine.descriptor.TestMethodTestDescriptor.execute(TestMethodTestDescriptor.java:68)
  org.junit.platform.engine.support.hierarchical.NodeTestTask.lambda$executeRecursively$6(NodeTestTask.java:151)
  org.junit.platform.engine.support.hierarchical.ThrowableCollector.execute(ThrowableCollector.java:73)
  org.junit.platform.engine.support.hierarchical.NodeTestTask.lambda$executeRecursively$8(NodeTestTask.java:141)
  org.junit.platform.engine.support.hierarchical.Node.around(Node.java:137)
  org.junit.platform.engine.support.hierarchical.NodeTestTask.lambda$executeRecursively$9(NodeTestTask.java:139)
  org.junit.platform.engine.support.hierarchical.ThrowableCollector.execute(ThrowableCollector.java:73)
  org.junit.platform.engine.support.hierarchical.NodeTestTask.executeRecursively(NodeTestTask.java:138)
  org.junit.platform.engine.support.hierarchical.NodeTestTask.execute(NodeTestTask.java:95)
  java.base/java.util.ArrayList.forEach(ArrayList.java:1511)
  org.junit.platform.engine.support.hierarchical.SameThreadHierarchicalTestExecutorService.invokeAll(SameThreadHierarchicalTestExecutorService.java:41)
  org.junit.platform.engine.support.hierarchical.NodeTestTask.lambda$executeRecursively$6(NodeTestTask.java:155)
  org.junit.platform.engine.support.hierarchical.ThrowableCollector.execute(ThrowableCollector.java:73)
  org.junit.platform.engine.support.hierarchical.NodeTestTask.lambda$executeRecursively$8(NodeTestTask.java:141)
  org.junit.platform.engine.support.hierarchical.Node.around(Node.java:137)
  org.junit.platform.engine.support.hierarchical.NodeTestTask.lambda$executeRecursively$9(NodeTestTask.java:139)
  org.junit.platform.engine.support.hierarchical.ThrowableCollector.execute(ThrowableCollector.java:73)
  org.junit.platform.engine.support.hierarchical.NodeTestTask.executeRecursively(NodeTestTask.java:138)
  org.junit.platform.engine.support.hierarchical.NodeTestTask.execute(NodeTestTask.java:95)
  java.base/java.util.ArrayList.forEach(ArrayList.java:1511)
  org.junit.platform.engine.support.hierarchical.SameThreadHierarchicalTestExecutorService.invokeAll(SameThreadHierarchicalTestExecutorService.java:41)
  org.junit.platform.engine.support.hierarchical.NodeTestTask.lambda$executeRecursively$6(NodeTestTask.java:155)
  org.junit.platform.engine.support.hierarchical.ThrowableCollector.execute(ThrowableCollector.java:73)
  org.junit.platform.engine.support.hierarchical.NodeTestTask.lambda$executeRecursively$8(NodeTestTask.java:141)
  org.junit.platform.engine.support.hierarchical.Node.around(Node.java:137)
  org.junit.platform.engine.support.hierarchical.NodeTestTask.lambda$executeRecursively$9(NodeTestTask.java:139)
  org.junit.platform.engine.support.hierarchical.ThrowableCollector.execute(ThrowableCollector.java:73)
  org.junit.platform.engine.support.hierarchical.NodeTestTask.executeRecursively(NodeTestTask.java:138)
  org.junit.platform.engine.support.hierarchical.NodeTestTask.execute(NodeTestTask.java:95)
  org.junit.platform.engine.support.hierarchical.SameThreadHierarchicalTestExecutorService.submit(SameThreadHierarchicalTestExecutorService.java:35)
  org.junit.platform.engine.support.hierarchical.HierarchicalTestExecutor.execute(HierarchicalTestExecutor.java:57)
  org.junit.platform.engine.support.hierarchical.HierarchicalTestEngine.execute(HierarchicalTestEngine.java:54)
  org.junit.platform.launcher.core.EngineExecutionOrchestrator.execute(EngineExecutionOrchestrator.java:107)
  org.junit.platform.launcher.core.EngineExecutionOrchestrator.execute(EngineExecutionOrchestrator.java:88)
  org.junit.platform.launcher.core.EngineExecutionOrchestrator.lambda$execute$0(EngineExecutionOrchestrator.java:54)
  org.junit.platform.launcher.core.EngineExecutionOrchestrator.withInterceptedStreams(EngineExecutionOrchestrator.java:67)
  org.junit.platform.launcher.core.EngineExecutionOrchestrator.execute(EngineExecutionOrchestrator.java:52)
  org.junit.platform.launcher.core.DefaultLauncher.execute(DefaultLauncher.java:114)
  org.junit.platform.launcher.core.DefaultLauncher.execute(DefaultLauncher.java:86)
  org.junit.platform.launcher.core.DefaultLauncherSession$DelegatingLauncher.execute(DefaultLauncherSession.java:86)
  org.gradle.api.internal.tasks.testing.junitplatform.JUnitPlatformTestClassProcessor$CollectAllTestClassesExecutor.processAllTestClasses(JUnitPlatformTestClassProcessor.java:110)
  org.gradle.api.internal.tasks.testing.junitplatform.JUnitPlatformTestClassProcessor$CollectAllTestClassesExecutor.access$000(JUnitPlatformTestClassProcessor.java:90)
  org.gradle.api.internal.tasks.testing.junitplatform.JUnitPlatformTestClassProcessor.stop(JUnitPlatformTestClassProcessor.java:85)
  org.gradle.api.internal.tasks.testing.SuiteTestClassProcessor.stop(SuiteTestClassProcessor.java:62)
  java.base/jdk.internal.reflect.NativeMethodAccessorImpl.invoke0(Native Method)
  java.base/jdk.internal.reflect.NativeMethodAccessorImpl.invoke(NativeMethodAccessorImpl.java:77)
  java.base/jdk.internal.reflect.DelegatingMethodAccessorImpl.invoke(DelegatingMethodAccessorImpl.java:43)
  java.base/java.lang.reflect.Method.invoke(Method.java:568)
  org.gradle.internal.dispatch.ReflectionDispatch.dispatch(ReflectionDispatch.java:36)
  org.gradle.internal.dispatch.ReflectionDispatch.dispatch(ReflectionDispatch.java:24)
  org.gradle.internal.dispatch.ContextClassLoaderDispatch.dispatch(ContextClassLoaderDispatch.java:33)
  org.gradle.internal.dispatch.ProxyDispatchAdapter$DispatchingInvocationHandler.invoke(ProxyDispatchAdapter.java:94)
  jdk.proxy2/jdk.proxy2.$Proxy5.stop(Unknown Source)
  org.gradle.api.internal.tasks.testing.worker.TestWorker$3.run(TestWorker.java:193)
  org.gradle.api.internal.tasks.testing.worker.TestWorker.executeAndMaintainThreadName(TestWorker.java:129)
  org.gradle.api.internal.tasks.testing.worker.TestWorker.execute(TestWorker.java:100)
  org.gradle.api.internal.tasks.testing.worker.TestWorker.execute(TestWorker.java:60)
  org.gradle.process.internal.worker.child.ActionExecutionWorker.execute(ActionExecutionWorker.java:56)
  org.gradle.process.internal.worker.child.SystemApplicationClassLoaderWorker.call(SystemApplicationClassLoaderWorker.java:113)
  org.gradle.process.internal.worker.child.SystemApplicationClassLoaderWorker.call(SystemApplicationClassLoaderWorker.java:65)
  worker.org.gradle.process.internal.worker.GradleWorkerMain.run(GradleWorkerMain.java:69)
  worker.org.gradle.process.internal.worker.GradleWorkerMain.main(GradleWorkerMain.java:74). com.github.javaparser.ParseException: Encountered unexpected token: "}" "}"
    at line 1, column 22.

Was expecting one of:

    ","
    ";"
    "="
    "@"
    "["

	at com.github.javaparser.GeneratedJavaParser.generateParseException(GeneratedJavaParser.java:18340)

97273      ERROR Test worker     d.u.i.k.j.JavaService     Error in (line 1,col 11) Parse error. Found "}", expected one of  "," ";" "=" "@" "["
Problem stacktrace : 
  com.github.javaparser.GeneratedJavaParser.generateParseException(GeneratedJavaParser.java:18340)
  com.github.javaparser.GeneratedJavaParser.jj_consume_token(GeneratedJavaParser.java:18179)
  com.github.javaparser.GeneratedJavaParser.BlockStatement(GeneratedJavaParser.java:6611)
  com.github.javaparser.GeneratedJavaParser.Statements(GeneratedJavaParser.java:3114)
  com.github.javaparser.GeneratedJavaParser.Block(GeneratedJavaParser.java:6548)
  com.github.javaparser.GeneratedJavaParser.Statement(GeneratedJavaParser.java:6344)
  com.github.javaparser.GeneratedJavaParser.BlockStatement(GeneratedJavaParser.java:6727)
  com.github.javaparser.GeneratedJavaParser.Statements(GeneratedJavaParser.java:3114)
  com.github.javaparser.GeneratedJavaParser.Block(GeneratedJavaParser.java:6548)
  com.github.javaparser.GeneratedJavaParser.BlockParseStart(GeneratedJavaParser.java:9483)
  com.github.javaparser.JavaParser.parse(JavaParser.java:121)
  com.github.javaparser.JavaParser.parseBlock(JavaParser.java:313)
  de.uka.ilkd.key.java.JavaParserFactory.parseStatementBlock(JavaParserFactory.java:167)
  de.uka.ilkd.key.java.JavaService.recoderBlock(JavaService.java:782)
  de.uka.ilkd.key.java.JavaService.readBlock(JavaService.java:819)
  de.uka.ilkd.key.java.JavaService.readBlockWithEmptyContext(JavaService.java:854)
  de.uka.ilkd.key.nparser.builder.ExpressionBuilder.getJavaBlock(ExpressionBuilder.java:571)
  de.uka.ilkd.key.nparser.builder.ExpressionBuilder.visitModality_term(ExpressionBuilder.java:1074)
  de.uka.ilkd.key.nparser.KeYParser$Modality_termContext.accept(KeYParser.java:4623)
  org.antlr.v4.runtime.tree.AbstractParseTreeVisitor.visitChildren(AbstractParseTreeVisitor.java:46)
  de.uka.ilkd.key.nparser.KeYParserBaseVisitor.visitTerm60(KeYParserBaseVisitor.java:381)
  de.uka.ilkd.key.nparser.KeYParser$Term60Context.accept(KeYParser.java:4485)
  de.uka.ilkd.key.nparser.builder.AbstractBuilder.accept(AbstractBuilder.java:48)
  de.uka.ilkd.key.nparser.builder.DefaultBuilder.accept(DefaultBuilder.java:35)
  de.uka.ilkd.key.nparser.builder.ExpressionBuilder.visitConjunction_term(ExpressionBuilder.java:238)
  de.uka.ilkd.key.nparser.builder.ExpressionBuilder.visitConjunction_term(ExpressionBuilder.java:49)
  de.uka.ilkd.key.nparser.KeYParser$Conjunction_termContext.accept(KeYParser.java:4419)
  de.uka.ilkd.key.nparser.builder.AbstractBuilder.accept(AbstractBuilder.java:48)
  de.uka.ilkd.key.nparser.builder.DefaultBuilder.accept(DefaultBuilder.java:35)
  de.uka.ilkd.key.nparser.builder.ExpressionBuilder.visitDisjunction_term(ExpressionBuilder.java:229)
  de.uka.ilkd.key.nparser.builder.ExpressionBuilder.visitDisjunction_term(ExpressionBuilder.java:49)
  de.uka.ilkd.key.nparser.KeYParser$Disjunction_termContext.accept(KeYParser.java:4346)
  de.uka.ilkd.key.nparser.builder.AbstractBuilder.accept(AbstractBuilder.java:48)
  de.uka.ilkd.key.nparser.builder.DefaultBuilder.accept(DefaultBuilder.java:35)
  de.uka.ilkd.key.nparser.builder.ExpressionBuilder.visitImplication_term(ExpressionBuilder.java:222)
  de.uka.ilkd.key.nparser.builder.ExpressionBuilder.visitImplication_term(ExpressionBuilder.java:49)
  de.uka.ilkd.key.nparser.KeYParser$Implication_termContext.accept(KeYParser.java:4278)
  de.uka.ilkd.key.nparser.builder.AbstractBuilder.accept(AbstractBuilder.java:48)
  de.uka.ilkd.key.nparser.builder.DefaultBuilder.accept(DefaultBuilder.java:35)
  de.uka.ilkd.key.nparser.builder.ExpressionBuilder.visitEquivalence_term(ExpressionBuilder.java:198)
  de.uka.ilkd.key.nparser.builder.ExpressionBuilder.visitEquivalence_term(ExpressionBuilder.java:49)
  de.uka.ilkd.key.nparser.KeYParser$Equivalence_termContext.accept(KeYParser.java:4209)
  de.uka.ilkd.key.nparser.builder.AbstractBuilder.accept(AbstractBuilder.java:48)
  de.uka.ilkd.key.nparser.builder.DefaultBuilder.accept(DefaultBuilder.java:35)
  de.uka.ilkd.key.nparser.builder.ExpressionBuilder.visitElementary_update_term(ExpressionBuilder.java:188)
  de.uka.ilkd.key.nparser.builder.ExpressionBuilder.visitElementary_update_term(ExpressionBuilder.java:49)
  de.uka.ilkd.key.nparser.KeYParser$Elementary_update_termContext.accept(KeYParser.java:4142)
  de.uka.ilkd.key.nparser.builder.AbstractBuilder.lambda$mapOf$0(AbstractBuilder.java:124)
  java.base/java.util.stream.ReferencePipeline$3$1.accept(ReferencePipeline.java:197)
  java.base/java.util.ArrayList$ArrayListSpliterator.forEachRemaining(ArrayList.java:1625)
  java.base/java.util.stream.AbstractPipeline.copyInto(AbstractPipeline.java:509)
  java.base/java.util.stream.AbstractPipeline.wrapAndCopyInto(AbstractPipeline.java:499)
  java.base/java.util.stream.ReduceOps$ReduceOp.evaluateSequential(ReduceOps.java:921)
  java.base/java.util.stream.AbstractPipeline.evaluate(AbstractPipeline.java:234)
  java.base/java.util.stream.ReferencePipeline.collect(ReferencePipeline.java:682)
  de.uka.ilkd.key.nparser.builder.AbstractBuilder.mapOf(AbstractBuilder.java:124)
  de.uka.ilkd.key.nparser.builder.ExpressionBuilder.visitParallel_term(ExpressionBuilder.java:173)
  de.uka.ilkd.key.nparser.builder.ExpressionBuilder.visitParallel_term(ExpressionBuilder.java:49)
  de.uka.ilkd.key.nparser.KeYParser$Parallel_termContext.accept(KeYParser.java:4074)
  org.antlr.v4.runtime.tree.AbstractParseTreeVisitor.visitChildren(AbstractParseTreeVisitor.java:46)
  de.uka.ilkd.key.nparser.KeYParserBaseVisitor.visitTerm(KeYParserBaseVisitor.java:332)
  de.uka.ilkd.key.nparser.KeYParser$TermContext.accept(KeYParser.java:4020)
  de.uka.ilkd.key.nparser.builder.AbstractBuilder.accept(AbstractBuilder.java:48)
  de.uka.ilkd.key.nparser.builder.DefaultBuilder.accept(DefaultBuilder.java:35)
  de.uka.ilkd.key.nparser.builder.ExpressionBuilder.visitTermorseq(ExpressionBuilder.java:511)
  de.uka.ilkd.key.nparser.KeYParser$TermorseqContext.accept(KeYParser.java:8199)
  de.uka.ilkd.key.nparser.builder.AbstractBuilder.accept(AbstractBuilder.java:48)
  de.uka.ilkd.key.nparser.builder.DefaultBuilder.accept(DefaultBuilder.java:35)
  de.uka.ilkd.key.nparser.builder.TacletPBuilder.visitTaclet(TacletPBuilder.java:195)
  de.uka.ilkd.key.nparser.builder.TacletPBuilder.visitTaclet(TacletPBuilder.java:41)
  de.uka.ilkd.key.nparser.KeYParser$TacletContext.accept(KeYParser.java:7771)
  de.uka.ilkd.key.nparser.builder.AbstractBuilder.lambda$mapOf$0(AbstractBuilder.java:124)
  java.base/java.util.stream.ReferencePipeline$3$1.accept(ReferencePipeline.java:197)
  java.base/java.util.ArrayList$ArrayListSpliterator.forEachRemaining(ArrayList.java:1625)
  java.base/java.util.stream.AbstractPipeline.copyInto(AbstractPipeline.java:509)
  java.base/java.util.stream.AbstractPipeline.wrapAndCopyInto(AbstractPipeline.java:499)
  java.base/java.util.stream.ReduceOps$ReduceOp.evaluateSequential(ReduceOps.java:921)
  java.base/java.util.stream.AbstractPipeline.evaluate(AbstractPipeline.java:234)
  java.base/java.util.stream.ReferencePipeline.collect(ReferencePipeline.java:682)
  de.uka.ilkd.key.nparser.builder.AbstractBuilder.mapOf(AbstractBuilder.java:124)
  de.uka.ilkd.key.nparser.builder.TacletPBuilder.visitRulesOrAxioms(TacletPBuilder.java:95)
  de.uka.ilkd.key.nparser.KeYParser$RulesOrAxiomsContext.accept(KeYParser.java:10795)
  de.uka.ilkd.key.nparser.builder.AbstractBuilder.lambda$mapOf$0(AbstractBuilder.java:124)
  java.base/java.util.stream.ReferencePipeline$3$1.accept(ReferencePipeline.java:197)
  java.base/java.util.ArrayList$ArrayListSpliterator.forEachRemaining(ArrayList.java:1625)
  java.base/java.util.stream.AbstractPipeline.copyInto(AbstractPipeline.java:509)
  java.base/java.util.stream.AbstractPipeline.wrapAndCopyInto(AbstractPipeline.java:499)
  java.base/java.util.stream.ReduceOps$ReduceOp.evaluateSequential(ReduceOps.java:921)
  java.base/java.util.stream.AbstractPipeline.evaluate(AbstractPipeline.java:234)
  java.base/java.util.stream.ReferencePipeline.collect(ReferencePipeline.java:682)
  de.uka.ilkd.key.nparser.builder.AbstractBuilder.mapOf(AbstractBuilder.java:124)
  de.uka.ilkd.key.nparser.builder.TacletPBuilder.visitDecls(TacletPBuilder.java:76)
  de.uka.ilkd.key.nparser.KeYParser$DeclsContext.accept(KeYParser.java:515)
  org.antlr.v4.runtime.tree.AbstractParseTreeVisitor.visitChildren(AbstractParseTreeVisitor.java:46)
  de.uka.ilkd.key.nparser.KeYParserBaseVisitor.visitFile(KeYParserBaseVisitor.java:24)
  de.uka.ilkd.key.nparser.KeYParser$FileContext.accept(KeYParser.java:313)
  de.uka.ilkd.key.nparser.KeyAst.accept(KeyAst.java:43)
  de.uka.ilkd.key.nparser.KeyIO$Loader.loadTaclets(KeyIO.java:340)
  de.uka.ilkd.key.nparser.KeyIO$Loader.loadComplete(KeyIO.java:243)
  de.uka.ilkd.key.proof.io.KeYFileForTests.read(KeYFileForTests.java:53)
  de.uka.ilkd.key.proof.init.ProblemInitializer.readEnvInput(ProblemInitializer.java:323)
  de.uka.ilkd.key.proof.init.ProblemInitializer.prepare(ProblemInitializer.java:561)
  de.uka.ilkd.key.proof.init.ProblemInitializer.prepare(ProblemInitializer.java:471)
  de.uka.ilkd.key.rule.TacletForTests.parse(TacletForTests.java:80)
  de.uka.ilkd.key.rule.TacletForTests.parse(TacletForTests.java:125)
  de.uka.ilkd.key.rule.TacletForTests.parse(TacletForTests.java:129)
  de.uka.ilkd.key.rule.TestMatchTaclet.setUp(TestMatchTaclet.java:60)
  java.base/jdk.internal.reflect.NativeMethodAccessorImpl.invoke0(Native Method)
  java.base/jdk.internal.reflect.NativeMethodAccessorImpl.invoke(NativeMethodAccessorImpl.java:77)
  java.base/jdk.internal.reflect.DelegatingMethodAccessorImpl.invoke(DelegatingMethodAccessorImpl.java:43)
  java.base/java.lang.reflect.Method.invoke(Method.java:568)
  org.junit.platform.commons.util.ReflectionUtils.invokeMethod(ReflectionUtils.java:727)
  org.junit.jupiter.engine.execution.MethodInvocation.proceed(MethodInvocation.java:60)
  org.junit.jupiter.engine.execution.InvocationInterceptorChain$ValidatingInvocation.proceed(InvocationInterceptorChain.java:131)
  org.junit.jupiter.engine.extension.TimeoutExtension.intercept(TimeoutExtension.java:156)
  org.junit.jupiter.engine.extension.TimeoutExtension.interceptLifecycleMethod(TimeoutExtension.java:128)
  org.junit.jupiter.engine.extension.TimeoutExtension.interceptBeforeEachMethod(TimeoutExtension.java:78)
  org.junit.jupiter.engine.execution.InterceptingExecutableInvoker$ReflectiveInterceptorCall.lambda$ofVoidMethod$0(InterceptingExecutableInvoker.java:103)
  org.junit.jupiter.engine.execution.InterceptingExecutableInvoker.lambda$invoke$0(InterceptingExecutableInvoker.java:93)
  org.junit.jupiter.engine.execution.InvocationInterceptorChain$InterceptedInvocation.proceed(InvocationInterceptorChain.java:106)
  org.junit.jupiter.engine.execution.InvocationInterceptorChain.proceed(InvocationInterceptorChain.java:64)
  org.junit.jupiter.engine.execution.InvocationInterceptorChain.chainAndInvoke(InvocationInterceptorChain.java:45)
  org.junit.jupiter.engine.execution.InvocationInterceptorChain.invoke(InvocationInterceptorChain.java:37)
  org.junit.jupiter.engine.execution.InterceptingExecutableInvoker.invoke(InterceptingExecutableInvoker.java:92)
  org.junit.jupiter.engine.execution.InterceptingExecutableInvoker.invoke(InterceptingExecutableInvoker.java:86)
  org.junit.jupiter.engine.descriptor.ClassBasedTestDescriptor.invokeMethodInExtensionContext(ClassBasedTestDescriptor.java:520)
  org.junit.jupiter.engine.descriptor.ClassBasedTestDescriptor.lambda$synthesizeBeforeEachMethodAdapter$23(ClassBasedTestDescriptor.java:505)
  org.junit.jupiter.engine.descriptor.TestMethodTestDescriptor.lambda$invokeBeforeEachMethods$3(TestMethodTestDescriptor.java:174)
  org.junit.jupiter.engine.descriptor.TestMethodTestDescriptor.lambda$invokeBeforeMethodsOrCallbacksUntilExceptionOccurs$6(TestMethodTestDescriptor.java:202)
  org.junit.platform.engine.support.hierarchical.ThrowableCollector.execute(ThrowableCollector.java:73)
  org.junit.jupiter.engine.descriptor.TestMethodTestDescriptor.invokeBeforeMethodsOrCallbacksUntilExceptionOccurs(TestMethodTestDescriptor.java:202)
  org.junit.jupiter.engine.descriptor.TestMethodTestDescriptor.invokeBeforeEachMethods(TestMethodTestDescriptor.java:171)
  org.junit.jupiter.engine.descriptor.TestMethodTestDescriptor.execute(TestMethodTestDescriptor.java:134)
  org.junit.jupiter.engine.descriptor.TestMethodTestDescriptor.execute(TestMethodTestDescriptor.java:68)
  org.junit.platform.engine.support.hierarchical.NodeTestTask.lambda$executeRecursively$6(NodeTestTask.java:151)
  org.junit.platform.engine.support.hierarchical.ThrowableCollector.execute(ThrowableCollector.java:73)
  org.junit.platform.engine.support.hierarchical.NodeTestTask.lambda$executeRecursively$8(NodeTestTask.java:141)
  org.junit.platform.engine.support.hierarchical.Node.around(Node.java:137)
  org.junit.platform.engine.support.hierarchical.NodeTestTask.lambda$executeRecursively$9(NodeTestTask.java:139)
  org.junit.platform.engine.support.hierarchical.ThrowableCollector.execute(ThrowableCollector.java:73)
  org.junit.platform.engine.support.hierarchical.NodeTestTask.executeRecursively(NodeTestTask.java:138)
  org.junit.platform.engine.support.hierarchical.NodeTestTask.execute(NodeTestTask.java:95)
  java.base/java.util.ArrayList.forEach(ArrayList.java:1511)
  org.junit.platform.engine.support.hierarchical.SameThreadHierarchicalTestExecutorService.invokeAll(SameThreadHierarchicalTestExecutorService.java:41)
  org.junit.platform.engine.support.hierarchical.NodeTestTask.lambda$executeRecursively$6(NodeTestTask.java:155)
  org.junit.platform.engine.support.hierarchical.ThrowableCollector.execute(ThrowableCollector.java:73)
  org.junit.platform.engine.support.hierarchical.NodeTestTask.lambda$executeRecursively$8(NodeTestTask.java:141)
  org.junit.platform.engine.support.hierarchical.Node.around(Node.java:137)
  org.junit.platform.engine.support.hierarchical.NodeTestTask.lambda$executeRecursively$9(NodeTestTask.java:139)
  org.junit.platform.engine.support.hierarchical.ThrowableCollector.execute(ThrowableCollector.java:73)
  org.junit.platform.engine.support.hierarchical.NodeTestTask.executeRecursively(NodeTestTask.java:138)
  org.junit.platform.engine.support.hierarchical.NodeTestTask.execute(NodeTestTask.java:95)
  java.base/java.util.ArrayList.forEach(ArrayList.java:1511)
  org.junit.platform.engine.support.hierarchical.SameThreadHierarchicalTestExecutorService.invokeAll(SameThreadHierarchicalTestExecutorService.java:41)
  org.junit.platform.engine.support.hierarchical.NodeTestTask.lambda$executeRecursively$6(NodeTestTask.java:155)
  org.junit.platform.engine.support.hierarchical.ThrowableCollector.execute(ThrowableCollector.java:73)
  org.junit.platform.engine.support.hierarchical.NodeTestTask.lambda$executeRecursively$8(NodeTestTask.java:141)
  org.junit.platform.engine.support.hierarchical.Node.around(Node.java:137)
  org.junit.platform.engine.support.hierarchical.NodeTestTask.lambda$executeRecursively$9(NodeTestTask.java:139)
  org.junit.platform.engine.support.hierarchical.ThrowableCollector.execute(ThrowableCollector.java:73)
  org.junit.platform.engine.support.hierarchical.NodeTestTask.executeRecursively(NodeTestTask.java:138)
  org.junit.platform.engine.support.hierarchical.NodeTestTask.execute(NodeTestTask.java:95)
  org.junit.platform.engine.support.hierarchical.SameThreadHierarchicalTestExecutorService.submit(SameThreadHierarchicalTestExecutorService.java:35)
  org.junit.platform.engine.support.hierarchical.HierarchicalTestExecutor.execute(HierarchicalTestExecutor.java:57)
  org.junit.platform.engine.support.hierarchical.HierarchicalTestEngine.execute(HierarchicalTestEngine.java:54)
  org.junit.platform.launcher.core.EngineExecutionOrchestrator.execute(EngineExecutionOrchestrator.java:107)
  org.junit.platform.launcher.core.EngineExecutionOrchestrator.execute(EngineExecutionOrchestrator.java:88)
  org.junit.platform.launcher.core.EngineExecutionOrchestrator.lambda$execute$0(EngineExecutionOrchestrator.java:54)
  org.junit.platform.launcher.core.EngineExecutionOrchestrator.withInterceptedStreams(EngineExecutionOrchestrator.java:67)
  org.junit.platform.launcher.core.EngineExecutionOrchestrator.execute(EngineExecutionOrchestrator.java:52)
  org.junit.platform.launcher.core.DefaultLauncher.execute(DefaultLauncher.java:114)
  org.junit.platform.launcher.core.DefaultLauncher.execute(DefaultLauncher.java:86)
  org.junit.platform.launcher.core.DefaultLauncherSession$DelegatingLauncher.execute(DefaultLauncherSession.java:86)
  org.gradle.api.internal.tasks.testing.junitplatform.JUnitPlatformTestClassProcessor$CollectAllTestClassesExecutor.processAllTestClasses(JUnitPlatformTestClassProcessor.java:110)
  org.gradle.api.internal.tasks.testing.junitplatform.JUnitPlatformTestClassProcessor$CollectAllTestClassesExecutor.access$000(JUnitPlatformTestClassProcessor.java:90)
  org.gradle.api.internal.tasks.testing.junitplatform.JUnitPlatformTestClassProcessor.stop(JUnitPlatformTestClassProcessor.java:85)
  org.gradle.api.internal.tasks.testing.SuiteTestClassProcessor.stop(SuiteTestClassProcessor.java:62)
  java.base/jdk.internal.reflect.NativeMethodAccessorImpl.invoke0(Native Method)
  java.base/jdk.internal.reflect.NativeMethodAccessorImpl.invoke(NativeMethodAccessorImpl.java:77)
  java.base/jdk.internal.reflect.DelegatingMethodAccessorImpl.invoke(DelegatingMethodAccessorImpl.java:43)
  java.base/java.lang.reflect.Method.invoke(Method.java:568)
  org.gradle.internal.dispatch.ReflectionDispatch.dispatch(ReflectionDispatch.java:36)
  org.gradle.internal.dispatch.ReflectionDispatch.dispatch(ReflectionDispatch.java:24)
  org.gradle.internal.dispatch.ContextClassLoaderDispatch.dispatch(ContextClassLoaderDispatch.java:33)
  org.gradle.internal.dispatch.ProxyDispatchAdapter$DispatchingInvocationHandler.invoke(ProxyDispatchAdapter.java:94)
  jdk.proxy2/jdk.proxy2.$Proxy5.stop(Unknown Source)
  org.gradle.api.internal.tasks.testing.worker.TestWorker$3.run(TestWorker.java:193)
  org.gradle.api.internal.tasks.testing.worker.TestWorker.executeAndMaintainThreadName(TestWorker.java:129)
  org.gradle.api.internal.tasks.testing.worker.TestWorker.execute(TestWorker.java:100)
  org.gradle.api.internal.tasks.testing.worker.TestWorker.execute(TestWorker.java:60)
  org.gradle.process.internal.worker.child.ActionExecutionWorker.execute(ActionExecutionWorker.java:56)
  org.gradle.process.internal.worker.child.SystemApplicationClassLoaderWorker.call(SystemApplicationClassLoaderWorker.java:113)
  org.gradle.process.internal.worker.child.SystemApplicationClassLoaderWorker.call(SystemApplicationClassLoaderWorker.java:65)
  worker.org.gradle.process.internal.worker.GradleWorkerMain.run(GradleWorkerMain.java:69)
  worker.org.gradle.process.internal.worker.GradleWorkerMain.main(GradleWorkerMain.java:74). com.github.javaparser.ParseException: Encountered unexpected token: "}" "}"
    at line 1, column 22.

Was expecting one of:

    ","
    ";"
    "="
    "@"
    "["

	at com.github.javaparser.GeneratedJavaParser.generateParseException(GeneratedJavaParser.java:18340)

97274      ERROR Test worker     d.u.i.k.n.b.TacletPBuilder Error in parsing taclet. de.uka.ilkd.key.util.parsing.BuildingExceptions: Multiple errors occured
	at de.uka.ilkd.key.java.JavaService.reportErrors(JavaService.java:219)

97279      DEBUG Test worker     d.u.i.k.n.KeyIO           MODE: taclets took 46ms 
97439      ERROR Test worker     d.u.i.k.j.KeYJPMapping    Duplicate registration of node: boolean, formerNode: /*@ pure @*/
boolean 
97443      ERROR Test worker     d.u.i.k.j.KeYJPMapping    Duplicate registration of node: Object, formerNode: java.lang.Object 
97443      ERROR Test worker     d.u.i.k.j.KeYJPMapping    Duplicate registration of node: Object, formerNode: java.lang.Object 
97445      ERROR Test worker     d.u.i.k.j.KeYJPMapping    Duplicate registration of node: Annotation, formerNode: Annotation 
97447      ERROR Test worker     d.u.i.k.j.KeYJPMapping    Duplicate registration of node: ArithmeticException, formerNode: ArithmeticException 
97449      ERROR Test worker     d.u.i.k.j.KeYJPMapping    Duplicate registration of node: ArrayIndexOutOfBoundsException, formerNode: ArrayIndexOutOfBoundsException 
97450      ERROR Test worker     d.u.i.k.j.KeYJPMapping    Duplicate registration of node: ArrayStoreException, formerNode: ArrayStoreException 
97452      ERROR Test worker     d.u.i.k.j.KeYJPMapping    Duplicate registration of node: AssertionError, formerNode: AssertionError 
97454      ERROR Test worker     d.u.i.k.j.KeYJPMapping    Duplicate registration of node: Character, formerNode: Character 
97454      ERROR Test worker     d.u.i.k.j.KeYJPMapping    Duplicate registration of node: Class, formerNode: java.lang.Class 
97454      ERROR Test worker     d.u.i.k.j.KeYJPMapping    Duplicate registration of node: Class, formerNode: java.lang.Class 
97455      ERROR Test worker     d.u.i.k.j.KeYJPMapping    Duplicate registration of node: ClassCastException, formerNode: ClassCastException 
97457      ERROR Test worker     d.u.i.k.j.KeYJPMapping    Duplicate registration of node: CloneNotSupportedException, formerNode: CloneNotSupportedException 
97457      ERROR Test worker     d.u.i.k.j.KeYJPMapping    Duplicate registration of node: Cloneable, formerNode: Cloneable 
97458      ERROR Test worker     d.u.i.k.j.KeYJPMapping    Duplicate registration of node: Comparable, formerNode: Comparable 
97459      ERROR Test worker     d.u.i.k.j.KeYJPMapping    Duplicate registration of node: Double, formerNode: Double 
97461      ERROR Test worker     d.u.i.k.j.KeYJPMapping    Duplicate registration of node: Enum, formerNode: java.lang.Enum 
97462      ERROR Test worker     d.u.i.k.j.KeYJPMapping    Duplicate registration of node: Enum, formerNode: java.lang.Enum 
97471      ERROR Test worker     d.u.i.k.j.KeYJPMapping    Duplicate registration of node: Error, formerNode: Error 
97472      ERROR Test worker     d.u.i.k.j.KeYJPMapping    Duplicate registration of node: Exception, formerNode: Exception 
97475      ERROR Test worker     d.u.i.k.j.KeYJPMapping    Duplicate registration of node: ExceptionInInitializerError, formerNode: java.lang.ExceptionInInitializerError 
97475      ERROR Test worker     d.u.i.k.j.KeYJPMapping    Duplicate registration of node: ExceptionInInitializerError, formerNode: java.lang.ExceptionInInitializerError 
97476      ERROR Test worker     d.u.i.k.j.KeYJPMapping    Duplicate registration of node: Float, formerNode: Float 
97477      ERROR Test worker     d.u.i.k.j.KeYJPMapping    Duplicate registration of node: IllegalArgumentException, formerNode: IllegalArgumentException 
97478      ERROR Test worker     d.u.i.k.j.KeYJPMapping    Duplicate registration of node: IndexOutOfBoundsException, formerNode: IndexOutOfBoundsException 
97494      ERROR Test worker     d.u.i.k.j.KeYJPMapping    Duplicate registration of node: Integer, formerNode: java.lang.Integer 
97494      ERROR Test worker     d.u.i.k.j.KeYJPMapping    Duplicate registration of node: Integer, formerNode: java.lang.Integer 
97495      ERROR Test worker     d.u.i.k.j.KeYJPMapping    Duplicate registration of node: InterruptedException, formerNode: InterruptedException 
97497      ERROR Test worker     d.u.i.k.j.KeYJPMapping    Duplicate registration of node: Iterable, formerNode: Iterable 
97498      ERROR Test worker     d.u.i.k.j.KeYJPMapping    Duplicate registration of node: LinkageError, formerNode: LinkageError 
97507      ERROR Test worker     d.u.i.k.j.KeYJPMapping    Duplicate registration of node: Math, formerNode: Math 
97510      ERROR Test worker     d.u.i.k.j.KeYJPMapping    Duplicate registration of node: NegativeArraySizeException, formerNode: NegativeArraySizeException 
97511      ERROR Test worker     d.u.i.k.j.KeYJPMapping    Duplicate registration of node: NoClassDefFoundError, formerNode: java.lang.NoClassDefFoundError 
97511      ERROR Test worker     d.u.i.k.j.KeYJPMapping    Duplicate registration of node: NoClassDefFoundError, formerNode: java.lang.NoClassDefFoundError 
97512      ERROR Test worker     d.u.i.k.j.KeYJPMapping    Duplicate registration of node: NullPointerException, formerNode: NullPointerException 
97513      ERROR Test worker     d.u.i.k.j.KeYJPMapping    Duplicate registration of node: Number, formerNode: Number 
97515      ERROR Test worker     d.u.i.k.j.KeYJPMapping    Duplicate registration of node: NumberFormatException, formerNode: NumberFormatException 
97516      ERROR Test worker     d.u.i.k.j.KeYJPMapping    Duplicate registration of node: VirtualMachineError, formerNode: VirtualMachineError 
97517      ERROR Test worker     d.u.i.k.j.KeYJPMapping    Duplicate registration of node: OutOfMemoryError, formerNode: OutOfMemoryError 
97518      ERROR Test worker     d.u.i.k.j.KeYJPMapping    Duplicate registration of node: Runnable, formerNode: Runnable 
97519      ERROR Test worker     d.u.i.k.j.KeYJPMapping    Duplicate registration of node: RuntimeException, formerNode: RuntimeException 
97519      ERROR Test worker     d.u.i.k.j.KeYJPMapping    Duplicate registration of node: /*@pure*/
int, formerNode: int 
97526      ERROR Test worker     d.u.i.k.j.KeYJPMapping    Duplicate registration of node: /*@ helper */
int, formerNode: int 
97527      ERROR Test worker     d.u.i.k.j.KeYJPMapping    Duplicate registration of node: /*@ helper */
boolean, formerNode: /*@ pure @*/
boolean 
97540      ERROR Test worker     d.u.i.k.j.KeYJPMapping    Duplicate registration of node: /*@ helper */
java.lang.String, formerNode: java.lang.String 
97554      ERROR Test worker     d.u.i.k.j.KeYJPMapping    Duplicate registration of node: String, formerNode: java.lang.String 
97576      ERROR Test worker     d.u.i.k.j.KeYJPMapping    Duplicate registration of node: String, formerNode: java.lang.String 
97578      ERROR Test worker     d.u.i.k.j.KeYJPMapping    Duplicate registration of node: char, formerNode: /*@ helper */
char 
97579      ERROR Test worker     d.u.i.k.j.KeYJPMapping    Duplicate registration of node: StringBuffer, formerNode: StringBuffer 
97582      ERROR Test worker     d.u.i.k.j.KeYJPMapping    Duplicate registration of node: System, formerNode: System 
97583      ERROR Test worker     d.u.i.k.j.KeYJPMapping    Duplicate registration of node: Thread, formerNode: Thread 
97586      ERROR Test worker     d.u.i.k.j.KeYJPMapping    Duplicate registration of node: Throwable, formerNode: java.lang.Throwable 
97586      ERROR Test worker     d.u.i.k.j.KeYJPMapping    Duplicate registration of node: Throwable, formerNode: java.lang.Throwable 
97591      ERROR Test worker     d.u.i.k.j.KeYJPMapping    Duplicate registration of node: Collection, formerNode: Collection 
97592      ERROR Test worker     d.u.i.k.j.KeYJPMapping    Duplicate registration of node: Iterator, formerNode: java.util.Iterator 
97592      ERROR Test worker     d.u.i.k.j.KeYJPMapping    Duplicate registration of node: Iterator, formerNode: java.util.Iterator 
97596      ERROR Test worker     d.u.i.k.j.KeYJPMapping    Duplicate registration of node: List, formerNode: java.util.List 
97596      ERROR Test worker     d.u.i.k.j.KeYJPMapping    Duplicate registration of node: List, formerNode: java.util.List 
97598      ERROR Test worker     d.u.i.k.j.KeYJPMapping    Duplicate registration of node: ListIterator, formerNode: java.util.ListIterator 
97598      ERROR Test worker     d.u.i.k.j.KeYJPMapping    Duplicate registration of node: ListIterator, formerNode: java.util.ListIterator 
97600      ERROR Test worker     d.u.i.k.j.KeYJPMapping    Duplicate registration of node: Long, formerNode: Long 
97600      ERROR Test worker     d.u.i.k.j.KeYJPMapping    Duplicate registration of node: Boolean, formerNode: Boolean 
97604      ERROR Test worker     d.u.i.k.j.KeYJPMapping    Duplicate registration of node: Map, formerNode: Map 
97608      ERROR Test worker     d.u.i.k.j.KeYJPMapping    Duplicate registration of node: Set, formerNode: java.util.Set 
97608      ERROR Test worker     d.u.i.k.j.KeYJPMapping    Duplicate registration of node: Set, formerNode: java.util.Set 
97610      ERROR Test worker     d.u.i.k.j.KeYJPMapping    Duplicate registration of node: FilterOutputStream, formerNode: FilterOutputStream 
97610      ERROR Test worker     d.u.i.k.j.KeYJPMapping    Duplicate registration of node: InputStream, formerNode: java.io.InputStream 
97610      ERROR Test worker     d.u.i.k.j.KeYJPMapping    Duplicate registration of node: InputStream, formerNode: java.io.InputStream 
97613      ERROR Test worker     d.u.i.k.j.KeYJPMapping    Duplicate registration of node: IOException, formerNode: IOException 
97613      ERROR Test worker     d.u.i.k.j.KeYJPMapping    Duplicate registration of node: OutputStream, formerNode: java.io.OutputStream 
97613      ERROR Test worker     d.u.i.k.j.KeYJPMapping    Duplicate registration of node: OutputStream, formerNode: java.io.OutputStream 
97618      ERROR Test worker     d.u.i.k.j.KeYJPMapping    Duplicate registration of node: PrintStream, formerNode: java.io.PrintStream 
97618      ERROR Test worker     d.u.i.k.j.KeYJPMapping    Duplicate registration of node: PrintStream, formerNode: java.io.PrintStream 
97619      ERROR Test worker     d.u.i.k.j.KeYJPMapping    Duplicate registration of node: Serializable, formerNode: Serializable 
97620      ERROR Test worker     d.u.i.k.j.KeYJPMapping    Duplicate registration of node: BigInteger, formerNode: java.math.BigInteger 
97622      ERROR Test worker     d.u.i.k.j.KeYJPMapping    Duplicate registration of node: BigInteger, formerNode: java.math.BigInteger 
97623      ERROR Test worker     d.u.i.k.j.KeYJPMapping    Duplicate registration of node: ArrayList, formerNode: ArrayList 
97625      ERROR Test worker     d.u.i.k.j.KeYJPMapping    Duplicate registration of node: byte[], formerNode: byte[] 
97644      ERROR Test worker     d.u.i.k.j.KeYJPMapping    Duplicate registration of node: Arrays, formerNode: Arrays 
97645      ERROR Test worker     d.u.i.k.j.KeYJPMapping    Duplicate registration of node: ListIteratorImpl, formerNode: ListIteratorImpl 
97646      ERROR Test worker     d.u.i.k.j.KeYJPMapping    Duplicate registration of node: Date, formerNode: Date 
97647      ERROR Test worker     d.u.i.k.j.KeYJPMapping    Duplicate registration of node: LinkedHashMap, formerNode: LinkedHashMap 
97648      ERROR Test worker     d.u.i.k.j.KeYJPMapping    Duplicate registration of node: /*@pure@*/
String, formerNode: /*@strictly_pure*/
java.lang.String 
97648      ERROR Test worker     d.u.i.k.j.KeYJPMapping    Duplicate registration of node: LinkedList, formerNode: LinkedList 
97663      INFO  Test worker     d.u.i.k.n.KeyIO           Parsing took 3 ms 
97663      DEBUG Test worker     d.u.i.k.n.KeyIO           Load declarations of de.uka.ilkd.key.nparser.KeyAst$File:  /home/runner/work/key/key/key.core/src/test/resources/testcase/../de/uka/ilkd/key/rule/testRuleMatch.txt:8#1 
97664      INFO  Test worker     d.u.i.k.n.KeyIO           MODE: declarations took 1 ms 
97664      DEBUG Test worker     d.u.i.k.n.KeyIO           MODE: 2nd degree decls took 0 
97700      ERROR Test worker     d.u.i.k.j.JavaService     Error in (line 1,col 11) Parse error. Found "}", expected one of  "," ";" "=" "@" "["
Problem stacktrace : 
  com.github.javaparser.GeneratedJavaParser.generateParseException(GeneratedJavaParser.java:18340)
  com.github.javaparser.GeneratedJavaParser.jj_consume_token(GeneratedJavaParser.java:18179)
  com.github.javaparser.GeneratedJavaParser.BlockStatement(GeneratedJavaParser.java:6611)
  com.github.javaparser.GeneratedJavaParser.Statements(GeneratedJavaParser.java:3114)
  com.github.javaparser.GeneratedJavaParser.Block(GeneratedJavaParser.java:6548)
  com.github.javaparser.GeneratedJavaParser.Statement(GeneratedJavaParser.java:6344)
  com.github.javaparser.GeneratedJavaParser.BlockStatement(GeneratedJavaParser.java:6727)
  com.github.javaparser.GeneratedJavaParser.Statements(GeneratedJavaParser.java:3114)
  com.github.javaparser.GeneratedJavaParser.Block(GeneratedJavaParser.java:6548)
  com.github.javaparser.GeneratedJavaParser.BlockParseStart(GeneratedJavaParser.java:9483)
  com.github.javaparser.JavaParser.parse(JavaParser.java:121)
  com.github.javaparser.JavaParser.parseBlock(JavaParser.java:313)
  de.uka.ilkd.key.java.JavaParserFactory.parseStatementBlock(JavaParserFactory.java:167)
  de.uka.ilkd.key.java.JavaService.recoderBlock(JavaService.java:782)
  de.uka.ilkd.key.java.JavaService.readBlock(JavaService.java:819)
  de.uka.ilkd.key.java.JavaService.readBlockWithProgramVariables(JavaService.java:875)
  de.uka.ilkd.key.nparser.builder.ExpressionBuilder.getJavaBlock(ExpressionBuilder.java:568)
  de.uka.ilkd.key.nparser.builder.ExpressionBuilder.visitModality_term(ExpressionBuilder.java:1074)
  de.uka.ilkd.key.nparser.KeYParser$Modality_termContext.accept(KeYParser.java:4623)
  org.antlr.v4.runtime.tree.AbstractParseTreeVisitor.visitChildren(AbstractParseTreeVisitor.java:46)
  de.uka.ilkd.key.nparser.KeYParserBaseVisitor.visitTerm60(KeYParserBaseVisitor.java:381)
  de.uka.ilkd.key.nparser.KeYParser$Term60Context.accept(KeYParser.java:4485)
  de.uka.ilkd.key.nparser.builder.AbstractBuilder.accept(AbstractBuilder.java:48)
  de.uka.ilkd.key.nparser.builder.DefaultBuilder.accept(DefaultBuilder.java:35)
  de.uka.ilkd.key.nparser.builder.ExpressionBuilder.visitConjunction_term(ExpressionBuilder.java:238)
  de.uka.ilkd.key.nparser.builder.ExpressionBuilder.visitConjunction_term(ExpressionBuilder.java:49)
  de.uka.ilkd.key.nparser.KeYParser$Conjunction_termContext.accept(KeYParser.java:4419)
  de.uka.ilkd.key.nparser.builder.AbstractBuilder.accept(AbstractBuilder.java:48)
  de.uka.ilkd.key.nparser.builder.DefaultBuilder.accept(DefaultBuilder.java:35)
  de.uka.ilkd.key.nparser.builder.ExpressionBuilder.visitDisjunction_term(ExpressionBuilder.java:229)
  de.uka.ilkd.key.nparser.builder.ExpressionBuilder.visitDisjunction_term(ExpressionBuilder.java:49)
  de.uka.ilkd.key.nparser.KeYParser$Disjunction_termContext.accept(KeYParser.java:4346)
  de.uka.ilkd.key.nparser.builder.AbstractBuilder.accept(AbstractBuilder.java:48)
  de.uka.ilkd.key.nparser.builder.DefaultBuilder.accept(DefaultBuilder.java:35)
  de.uka.ilkd.key.nparser.builder.ExpressionBuilder.visitImplication_term(ExpressionBuilder.java:222)
  de.uka.ilkd.key.nparser.builder.ExpressionBuilder.visitImplication_term(ExpressionBuilder.java:49)
  de.uka.ilkd.key.nparser.KeYParser$Implication_termContext.accept(KeYParser.java:4278)
  de.uka.ilkd.key.nparser.builder.AbstractBuilder.accept(AbstractBuilder.java:48)
  de.uka.ilkd.key.nparser.builder.DefaultBuilder.accept(DefaultBuilder.java:35)
  de.uka.ilkd.key.nparser.builder.ExpressionBuilder.visitEquivalence_term(ExpressionBuilder.java:198)
  de.uka.ilkd.key.nparser.builder.ExpressionBuilder.visitEquivalence_term(ExpressionBuilder.java:49)
  de.uka.ilkd.key.nparser.KeYParser$Equivalence_termContext.accept(KeYParser.java:4209)
  de.uka.ilkd.key.nparser.builder.AbstractBuilder.accept(AbstractBuilder.java:48)
  de.uka.ilkd.key.nparser.builder.DefaultBuilder.accept(DefaultBuilder.java:35)
  de.uka.ilkd.key.nparser.builder.ExpressionBuilder.visitElementary_update_term(ExpressionBuilder.java:188)
  de.uka.ilkd.key.nparser.builder.ExpressionBuilder.visitElementary_update_term(ExpressionBuilder.java:49)
  de.uka.ilkd.key.nparser.KeYParser$Elementary_update_termContext.accept(KeYParser.java:4142)
  de.uka.ilkd.key.nparser.builder.AbstractBuilder.lambda$mapOf$0(AbstractBuilder.java:124)
  java.base/java.util.stream.ReferencePipeline$3$1.accept(ReferencePipeline.java:197)
  java.base/java.util.ArrayList$ArrayListSpliterator.forEachRemaining(ArrayList.java:1625)
  java.base/java.util.stream.AbstractPipeline.copyInto(AbstractPipeline.java:509)
  java.base/java.util.stream.AbstractPipeline.wrapAndCopyInto(AbstractPipeline.java:499)
  java.base/java.util.stream.ReduceOps$ReduceOp.evaluateSequential(ReduceOps.java:921)
  java.base/java.util.stream.AbstractPipeline.evaluate(AbstractPipeline.java:234)
  java.base/java.util.stream.ReferencePipeline.collect(ReferencePipeline.java:682)
  de.uka.ilkd.key.nparser.builder.AbstractBuilder.mapOf(AbstractBuilder.java:124)
  de.uka.ilkd.key.nparser.builder.ExpressionBuilder.visitParallel_term(ExpressionBuilder.java:173)
  de.uka.ilkd.key.nparser.builder.ExpressionBuilder.visitParallel_term(ExpressionBuilder.java:49)
  de.uka.ilkd.key.nparser.KeYParser$Parallel_termContext.accept(KeYParser.java:4074)
  org.antlr.v4.runtime.tree.AbstractParseTreeVisitor.visitChildren(AbstractParseTreeVisitor.java:46)
  de.uka.ilkd.key.nparser.KeYParserBaseVisitor.visitTerm(KeYParserBaseVisitor.java:332)
  de.uka.ilkd.key.nparser.KeYParser$TermContext.accept(KeYParser.java:4020)
  de.uka.ilkd.key.nparser.builder.AbstractBuilder.accept(AbstractBuilder.java:48)
  de.uka.ilkd.key.nparser.builder.DefaultBuilder.accept(DefaultBuilder.java:35)
  de.uka.ilkd.key.nparser.builder.ExpressionBuilder.visitTermorseq(ExpressionBuilder.java:511)
  de.uka.ilkd.key.nparser.KeYParser$TermorseqContext.accept(KeYParser.java:8199)
  de.uka.ilkd.key.nparser.builder.AbstractBuilder.accept(AbstractBuilder.java:48)
  de.uka.ilkd.key.nparser.builder.DefaultBuilder.accept(DefaultBuilder.java:35)
  de.uka.ilkd.key.nparser.builder.TacletPBuilder.visitTaclet(TacletPBuilder.java:195)
  de.uka.ilkd.key.nparser.builder.TacletPBuilder.visitTaclet(TacletPBuilder.java:41)
  de.uka.ilkd.key.nparser.KeYParser$TacletContext.accept(KeYParser.java:7771)
  de.uka.ilkd.key.nparser.builder.AbstractBuilder.lambda$mapOf$0(AbstractBuilder.java:124)
  java.base/java.util.stream.ReferencePipeline$3$1.accept(ReferencePipeline.java:197)
  java.base/java.util.ArrayList$ArrayListSpliterator.forEachRemaining(ArrayList.java:1625)
  java.base/java.util.stream.AbstractPipeline.copyInto(AbstractPipeline.java:509)
  java.base/java.util.stream.AbstractPipeline.wrapAndCopyInto(AbstractPipeline.java:499)
  java.base/java.util.stream.ReduceOps$ReduceOp.evaluateSequential(ReduceOps.java:921)
  java.base/java.util.stream.AbstractPipeline.evaluate(AbstractPipeline.java:234)
  java.base/java.util.stream.ReferencePipeline.collect(ReferencePipeline.java:682)
  de.uka.ilkd.key.nparser.builder.AbstractBuilder.mapOf(AbstractBuilder.java:124)
  de.uka.ilkd.key.nparser.builder.TacletPBuilder.visitRulesOrAxioms(TacletPBuilder.java:95)
  de.uka.ilkd.key.nparser.KeYParser$RulesOrAxiomsContext.accept(KeYParser.java:10795)
  de.uka.ilkd.key.nparser.builder.AbstractBuilder.lambda$mapOf$0(AbstractBuilder.java:124)
  java.base/java.util.stream.ReferencePipeline$3$1.accept(ReferencePipeline.java:197)
  java.base/java.util.ArrayList$ArrayListSpliterator.forEachRemaining(ArrayList.java:1625)
  java.base/java.util.stream.AbstractPipeline.copyInto(AbstractPipeline.java:509)
  java.base/java.util.stream.AbstractPipeline.wrapAndCopyInto(AbstractPipeline.java:499)
  java.base/java.util.stream.ReduceOps$ReduceOp.evaluateSequential(ReduceOps.java:921)
  java.base/java.util.stream.AbstractPipeline.evaluate(AbstractPipeline.java:234)
  java.base/java.util.stream.ReferencePipeline.collect(ReferencePipeline.java:682)
  de.uka.ilkd.key.nparser.builder.AbstractBuilder.mapOf(AbstractBuilder.java:124)
  de.uka.ilkd.key.nparser.builder.TacletPBuilder.visitDecls(TacletPBuilder.java:76)
  de.uka.ilkd.key.nparser.KeYParser$DeclsContext.accept(KeYParser.java:515)
  org.antlr.v4.runtime.tree.AbstractParseTreeVisitor.visitChildren(AbstractParseTreeVisitor.java:46)
  de.uka.ilkd.key.nparser.KeYParserBaseVisitor.visitFile(KeYParserBaseVisitor.java:24)
  de.uka.ilkd.key.nparser.KeYParser$FileContext.accept(KeYParser.java:313)
  de.uka.ilkd.key.nparser.KeyAst.accept(KeyAst.java:43)
  de.uka.ilkd.key.nparser.KeyIO$Loader.loadTaclets(KeyIO.java:340)
  de.uka.ilkd.key.nparser.KeyIO$Loader.loadComplete(KeyIO.java:243)
  de.uka.ilkd.key.proof.io.KeYFileForTests.read(KeYFileForTests.java:53)
  de.uka.ilkd.key.proof.init.ProblemInitializer.readEnvInput(ProblemInitializer.java:323)
  de.uka.ilkd.key.proof.init.ProblemInitializer.prepare(ProblemInitializer.java:561)
  de.uka.ilkd.key.proof.init.ProblemInitializer.prepare(ProblemInitializer.java:471)
  de.uka.ilkd.key.rule.TacletForTests.parse(TacletForTests.java:80)
  de.uka.ilkd.key.rule.TacletForTests.parse(TacletForTests.java:125)
  de.uka.ilkd.key.rule.TacletForTests.parse(TacletForTests.java:129)
  de.uka.ilkd.key.rule.TestMatchTaclet.setUp(TestMatchTaclet.java:60)
  java.base/jdk.internal.reflect.NativeMethodAccessorImpl.invoke0(Native Method)
  java.base/jdk.internal.reflect.NativeMethodAccessorImpl.invoke(NativeMethodAccessorImpl.java:77)
  java.base/jdk.internal.reflect.DelegatingMethodAccessorImpl.invoke(DelegatingMethodAccessorImpl.java:43)
  java.base/java.lang.reflect.Method.invoke(Method.java:568)
  org.junit.platform.commons.util.ReflectionUtils.invokeMethod(ReflectionUtils.java:727)
  org.junit.jupiter.engine.execution.MethodInvocation.proceed(MethodInvocation.java:60)
  org.junit.jupiter.engine.execution.InvocationInterceptorChain$ValidatingInvocation.proceed(InvocationInterceptorChain.java:131)
  org.junit.jupiter.engine.extension.TimeoutExtension.intercept(TimeoutExtension.java:156)
  org.junit.jupiter.engine.extension.TimeoutExtension.interceptLifecycleMethod(TimeoutExtension.java:128)
  org.junit.jupiter.engine.extension.TimeoutExtension.interceptBeforeEachMethod(TimeoutExtension.java:78)
  org.junit.jupiter.engine.execution.InterceptingExecutableInvoker$ReflectiveInterceptorCall.lambda$ofVoidMethod$0(InterceptingExecutableInvoker.java:103)
  org.junit.jupiter.engine.execution.InterceptingExecutableInvoker.lambda$invoke$0(InterceptingExecutableInvoker.java:93)
  org.junit.jupiter.engine.execution.InvocationInterceptorChain$InterceptedInvocation.proceed(InvocationInterceptorChain.java:106)
  org.junit.jupiter.engine.execution.InvocationInterceptorChain.proceed(InvocationInterceptorChain.java:64)
  org.junit.jupiter.engine.execution.InvocationInterceptorChain.chainAndInvoke(InvocationInterceptorChain.java:45)
  org.junit.jupiter.engine.execution.InvocationInterceptorChain.invoke(InvocationInterceptorChain.java:37)
  org.junit.jupiter.engine.execution.InterceptingExecutableInvoker.invoke(InterceptingExecutableInvoker.java:92)
  org.junit.jupiter.engine.execution.InterceptingExecutableInvoker.invoke(InterceptingExecutableInvoker.java:86)
  org.junit.jupiter.engine.descriptor.ClassBasedTestDescriptor.invokeMethodInExtensionContext(ClassBasedTestDescriptor.java:520)
  org.junit.jupiter.engine.descriptor.ClassBasedTestDescriptor.lambda$synthesizeBeforeEachMethodAdapter$23(ClassBasedTestDescriptor.java:505)
  org.junit.jupiter.engine.descriptor.TestMethodTestDescriptor.lambda$invokeBeforeEachMethods$3(TestMethodTestDescriptor.java:174)
  org.junit.jupiter.engine.descriptor.TestMethodTestDescriptor.lambda$invokeBeforeMethodsOrCallbacksUntilExceptionOccurs$6(TestMethodTestDescriptor.java:202)
  org.junit.platform.engine.support.hierarchical.ThrowableCollector.execute(ThrowableCollector.java:73)
  org.junit.jupiter.engine.descriptor.TestMethodTestDescriptor.invokeBeforeMethodsOrCallbacksUntilExceptionOccurs(TestMethodTestDescriptor.java:202)
  org.junit.jupiter.engine.descriptor.TestMethodTestDescriptor.invokeBeforeEachMethods(TestMethodTestDescriptor.java:171)
  org.junit.jupiter.engine.descriptor.TestMethodTestDescriptor.execute(TestMethodTestDescriptor.java:134)
  org.junit.jupiter.engine.descriptor.TestMethodTestDescriptor.execute(TestMethodTestDescriptor.java:68)
  org.junit.platform.engine.support.hierarchical.NodeTestTask.lambda$executeRecursively$6(NodeTestTask.java:151)
  org.junit.platform.engine.support.hierarchical.ThrowableCollector.execute(ThrowableCollector.java:73)
  org.junit.platform.engine.support.hierarchical.NodeTestTask.lambda$executeRecursively$8(NodeTestTask.java:141)
  org.junit.platform.engine.support.hierarchical.Node.around(Node.java:137)
  org.junit.platform.engine.support.hierarchical.NodeTestTask.lambda$executeRecursively$9(NodeTestTask.java:139)
  org.junit.platform.engine.support.hierarchical.ThrowableCollector.execute(ThrowableCollector.java:73)
  org.junit.platform.engine.support.hierarchical.NodeTestTask.executeRecursively(NodeTestTask.java:138)
  org.junit.platform.engine.support.hierarchical.NodeTestTask.execute(NodeTestTask.java:95)
  java.base/java.util.ArrayList.forEach(ArrayList.java:1511)
  org.junit.platform.engine.support.hierarchical.SameThreadHierarchicalTestExecutorService.invokeAll(SameThreadHierarchicalTestExecutorService.java:41)
  org.junit.platform.engine.support.hierarchical.NodeTestTask.lambda$executeRecursively$6(NodeTestTask.java:155)
  org.junit.platform.engine.support.hierarchical.ThrowableCollector.execute(ThrowableCollector.java:73)
  org.junit.platform.engine.support.hierarchical.NodeTestTask.lambda$executeRecursively$8(NodeTestTask.java:141)
  org.junit.platform.engine.support.hierarchical.Node.around(Node.java:137)
  org.junit.platform.engine.support.hierarchical.NodeTestTask.lambda$executeRecursively$9(NodeTestTask.java:139)
  org.junit.platform.engine.support.hierarchical.ThrowableCollector.execute(ThrowableCollector.java:73)
  org.junit.platform.engine.support.hierarchical.NodeTestTask.executeRecursively(NodeTestTask.java:138)
  org.junit.platform.engine.support.hierarchical.NodeTestTask.execute(NodeTestTask.java:95)
  java.base/java.util.ArrayList.forEach(ArrayList.java:1511)
  org.junit.platform.engine.support.hierarchical.SameThreadHierarchicalTestExecutorService.invokeAll(SameThreadHierarchicalTestExecutorService.java:41)
  org.junit.platform.engine.support.hierarchical.NodeTestTask.lambda$executeRecursively$6(NodeTestTask.java:155)
  org.junit.platform.engine.support.hierarchical.ThrowableCollector.execute(ThrowableCollector.java:73)
  org.junit.platform.engine.support.hierarchical.NodeTestTask.lambda$executeRecursively$8(NodeTestTask.java:141)
  org.junit.platform.engine.support.hierarchical.Node.around(Node.java:137)
  org.junit.platform.engine.support.hierarchical.NodeTestTask.lambda$executeRecursively$9(NodeTestTask.java:139)
  org.junit.platform.engine.support.hierarchical.ThrowableCollector.execute(ThrowableCollector.java:73)
  org.junit.platform.engine.support.hierarchical.NodeTestTask.executeRecursively(NodeTestTask.java:138)
  org.junit.platform.engine.support.hierarchical.NodeTestTask.execute(NodeTestTask.java:95)
  org.junit.platform.engine.support.hierarchical.SameThreadHierarchicalTestExecutorService.submit(SameThreadHierarchicalTestExecutorService.java:35)
  org.junit.platform.engine.support.hierarchical.HierarchicalTestExecutor.execute(HierarchicalTestExecutor.java:57)
  org.junit.platform.engine.support.hierarchical.HierarchicalTestEngine.execute(HierarchicalTestEngine.java:54)
  org.junit.platform.launcher.core.EngineExecutionOrchestrator.execute(EngineExecutionOrchestrator.java:107)
  org.junit.platform.launcher.core.EngineExecutionOrchestrator.execute(EngineExecutionOrchestrator.java:88)
  org.junit.platform.launcher.core.EngineExecutionOrchestrator.lambda$execute$0(EngineExecutionOrchestrator.java:54)
  org.junit.platform.launcher.core.EngineExecutionOrchestrator.withInterceptedStreams(EngineExecutionOrchestrator.java:67)
  org.junit.platform.launcher.core.EngineExecutionOrchestrator.execute(EngineExecutionOrchestrator.java:52)
  org.junit.platform.launcher.core.DefaultLauncher.execute(DefaultLauncher.java:114)
  org.junit.platform.launcher.core.DefaultLauncher.execute(DefaultLauncher.java:86)
  org.junit.platform.launcher.core.DefaultLauncherSession$DelegatingLauncher.execute(DefaultLauncherSession.java:86)
  org.gradle.api.internal.tasks.testing.junitplatform.JUnitPlatformTestClassProcessor$CollectAllTestClassesExecutor.processAllTestClasses(JUnitPlatformTestClassProcessor.java:110)
  org.gradle.api.internal.tasks.testing.junitplatform.JUnitPlatformTestClassProcessor$CollectAllTestClassesExecutor.access$000(JUnitPlatformTestClassProcessor.java:90)
  org.gradle.api.internal.tasks.testing.junitplatform.JUnitPlatformTestClassProcessor.stop(JUnitPlatformTestClassProcessor.java:85)
  org.gradle.api.internal.tasks.testing.SuiteTestClassProcessor.stop(SuiteTestClassProcessor.java:62)
  java.base/jdk.internal.reflect.NativeMethodAccessorImpl.invoke0(Native Method)
  java.base/jdk.internal.reflect.NativeMethodAccessorImpl.invoke(NativeMethodAccessorImpl.java:77)
  java.base/jdk.internal.reflect.DelegatingMethodAccessorImpl.invoke(DelegatingMethodAccessorImpl.java:43)
  java.base/java.lang.reflect.Method.invoke(Method.java:568)
  org.gradle.internal.dispatch.ReflectionDispatch.dispatch(ReflectionDispatch.java:36)
  org.gradle.internal.dispatch.ReflectionDispatch.dispatch(ReflectionDispatch.java:24)
  org.gradle.internal.dispatch.ContextClassLoaderDispatch.dispatch(ContextClassLoaderDispatch.java:33)
  org.gradle.internal.dispatch.ProxyDispatchAdapter$DispatchingInvocationHandler.invoke(ProxyDispatchAdapter.java:94)
  jdk.proxy2/jdk.proxy2.$Proxy5.stop(Unknown Source)
  org.gradle.api.internal.tasks.testing.worker.TestWorker$3.run(TestWorker.java:193)
  org.gradle.api.internal.tasks.testing.worker.TestWorker.executeAndMaintainThreadName(TestWorker.java:129)
  org.gradle.api.internal.tasks.testing.worker.TestWorker.execute(TestWorker.java:100)
  org.gradle.api.internal.tasks.testing.worker.TestWorker.execute(TestWorker.java:60)
  org.gradle.process.internal.worker.child.ActionExecutionWorker.execute(ActionExecutionWorker.java:56)
  org.gradle.process.internal.worker.child.SystemApplicationClassLoaderWorker.call(SystemApplicationClassLoaderWorker.java:113)
  org.gradle.process.internal.worker.child.SystemApplicationClassLoaderWorker.call(SystemApplicationClassLoaderWorker.java:65)
  worker.org.gradle.process.internal.worker.GradleWorkerMain.run(GradleWorkerMain.java:69)
  worker.org.gradle.process.internal.worker.GradleWorkerMain.main(GradleWorkerMain.java:74). com.github.javaparser.ParseException: Encountered unexpected token: "}" "}"
    at line 1, column 22.

Was expecting one of:

    ","
    ";"
    "="
    "@"
    "["

	at com.github.javaparser.GeneratedJavaParser.generateParseException(GeneratedJavaParser.java:18340)

97702      ERROR Test worker     d.u.i.k.j.JavaService     Error in (line 1,col 11) Parse error. Found "}", expected one of  "," ";" "=" "@" "["
Problem stacktrace : 
  com.github.javaparser.GeneratedJavaParser.generateParseException(GeneratedJavaParser.java:18340)
  com.github.javaparser.GeneratedJavaParser.jj_consume_token(GeneratedJavaParser.java:18179)
  com.github.javaparser.GeneratedJavaParser.BlockStatement(GeneratedJavaParser.java:6611)
  com.github.javaparser.GeneratedJavaParser.Statements(GeneratedJavaParser.java:3114)
  com.github.javaparser.GeneratedJavaParser.Block(GeneratedJavaParser.java:6548)
  com.github.javaparser.GeneratedJavaParser.Statement(GeneratedJavaParser.java:6344)
  com.github.javaparser.GeneratedJavaParser.BlockStatement(GeneratedJavaParser.java:6727)
  com.github.javaparser.GeneratedJavaParser.Statements(GeneratedJavaParser.java:3114)
  com.github.javaparser.GeneratedJavaParser.Block(GeneratedJavaParser.java:6548)
  com.github.javaparser.GeneratedJavaParser.BlockParseStart(GeneratedJavaParser.java:9483)
  com.github.javaparser.JavaParser.parse(JavaParser.java:121)
  com.github.javaparser.JavaParser.parseBlock(JavaParser.java:313)
  de.uka.ilkd.key.java.JavaParserFactory.parseStatementBlock(JavaParserFactory.java:167)
  de.uka.ilkd.key.java.JavaService.recoderBlock(JavaService.java:782)
  de.uka.ilkd.key.java.JavaService.readBlock(JavaService.java:819)
  de.uka.ilkd.key.java.JavaService.readBlockWithEmptyContext(JavaService.java:854)
  de.uka.ilkd.key.nparser.builder.ExpressionBuilder.getJavaBlock(ExpressionBuilder.java:571)
  de.uka.ilkd.key.nparser.builder.ExpressionBuilder.visitModality_term(ExpressionBuilder.java:1074)
  de.uka.ilkd.key.nparser.KeYParser$Modality_termContext.accept(KeYParser.java:4623)
  org.antlr.v4.runtime.tree.AbstractParseTreeVisitor.visitChildren(AbstractParseTreeVisitor.java:46)
  de.uka.ilkd.key.nparser.KeYParserBaseVisitor.visitTerm60(KeYParserBaseVisitor.java:381)
  de.uka.ilkd.key.nparser.KeYParser$Term60Context.accept(KeYParser.java:4485)
  de.uka.ilkd.key.nparser.builder.AbstractBuilder.accept(AbstractBuilder.java:48)
  de.uka.ilkd.key.nparser.builder.DefaultBuilder.accept(DefaultBuilder.java:35)
  de.uka.ilkd.key.nparser.builder.ExpressionBuilder.visitConjunction_term(ExpressionBuilder.java:238)
  de.uka.ilkd.key.nparser.builder.ExpressionBuilder.visitConjunction_term(ExpressionBuilder.java:49)
  de.uka.ilkd.key.nparser.KeYParser$Conjunction_termContext.accept(KeYParser.java:4419)
  de.uka.ilkd.key.nparser.builder.AbstractBuilder.accept(AbstractBuilder.java:48)
  de.uka.ilkd.key.nparser.builder.DefaultBuilder.accept(DefaultBuilder.java:35)
  de.uka.ilkd.key.nparser.builder.ExpressionBuilder.visitDisjunction_term(ExpressionBuilder.java:229)
  de.uka.ilkd.key.nparser.builder.ExpressionBuilder.visitDisjunction_term(ExpressionBuilder.java:49)
  de.uka.ilkd.key.nparser.KeYParser$Disjunction_termContext.accept(KeYParser.java:4346)
  de.uka.ilkd.key.nparser.builder.AbstractBuilder.accept(AbstractBuilder.java:48)
  de.uka.ilkd.key.nparser.builder.DefaultBuilder.accept(DefaultBuilder.java:35)
  de.uka.ilkd.key.nparser.builder.ExpressionBuilder.visitImplication_term(ExpressionBuilder.java:222)
  de.uka.ilkd.key.nparser.builder.ExpressionBuilder.visitImplication_term(ExpressionBuilder.java:49)
  de.uka.ilkd.key.nparser.KeYParser$Implication_termContext.accept(KeYParser.java:4278)
  de.uka.ilkd.key.nparser.builder.AbstractBuilder.accept(AbstractBuilder.java:48)
  de.uka.ilkd.key.nparser.builder.DefaultBuilder.accept(DefaultBuilder.java:35)
  de.uka.ilkd.key.nparser.builder.ExpressionBuilder.visitEquivalence_term(ExpressionBuilder.java:198)
  de.uka.ilkd.key.nparser.builder.ExpressionBuilder.visitEquivalence_term(ExpressionBuilder.java:49)
  de.uka.ilkd.key.nparser.KeYParser$Equivalence_termContext.accept(KeYParser.java:4209)
  de.uka.ilkd.key.nparser.builder.AbstractBuilder.accept(AbstractBuilder.java:48)
  de.uka.ilkd.key.nparser.builder.DefaultBuilder.accept(DefaultBuilder.java:35)
  de.uka.ilkd.key.nparser.builder.ExpressionBuilder.visitElementary_update_term(ExpressionBuilder.java:188)
  de.uka.ilkd.key.nparser.builder.ExpressionBuilder.visitElementary_update_term(ExpressionBuilder.java:49)
  de.uka.ilkd.key.nparser.KeYParser$Elementary_update_termContext.accept(KeYParser.java:4142)
  de.uka.ilkd.key.nparser.builder.AbstractBuilder.lambda$mapOf$0(AbstractBuilder.java:124)
  java.base/java.util.stream.ReferencePipeline$3$1.accept(ReferencePipeline.java:197)
  java.base/java.util.ArrayList$ArrayListSpliterator.forEachRemaining(ArrayList.java:1625)
  java.base/java.util.stream.AbstractPipeline.copyInto(AbstractPipeline.java:509)
  java.base/java.util.stream.AbstractPipeline.wrapAndCopyInto(AbstractPipeline.java:499)
  java.base/java.util.stream.ReduceOps$ReduceOp.evaluateSequential(ReduceOps.java:921)
  java.base/java.util.stream.AbstractPipeline.evaluate(AbstractPipeline.java:234)
  java.base/java.util.stream.ReferencePipeline.collect(ReferencePipeline.java:682)
  de.uka.ilkd.key.nparser.builder.AbstractBuilder.mapOf(AbstractBuilder.java:124)
  de.uka.ilkd.key.nparser.builder.ExpressionBuilder.visitParallel_term(ExpressionBuilder.java:173)
  de.uka.ilkd.key.nparser.builder.ExpressionBuilder.visitParallel_term(ExpressionBuilder.java:49)
  de.uka.ilkd.key.nparser.KeYParser$Parallel_termContext.accept(KeYParser.java:4074)
  org.antlr.v4.runtime.tree.AbstractParseTreeVisitor.visitChildren(AbstractParseTreeVisitor.java:46)
  de.uka.ilkd.key.nparser.KeYParserBaseVisitor.visitTerm(KeYParserBaseVisitor.java:332)
  de.uka.ilkd.key.nparser.KeYParser$TermContext.accept(KeYParser.java:4020)
  de.uka.ilkd.key.nparser.builder.AbstractBuilder.accept(AbstractBuilder.java:48)
  de.uka.ilkd.key.nparser.builder.DefaultBuilder.accept(DefaultBuilder.java:35)
  de.uka.ilkd.key.nparser.builder.ExpressionBuilder.visitTermorseq(ExpressionBuilder.java:511)
  de.uka.ilkd.key.nparser.KeYParser$TermorseqContext.accept(KeYParser.java:8199)
  de.uka.ilkd.key.nparser.builder.AbstractBuilder.accept(AbstractBuilder.java:48)
  de.uka.ilkd.key.nparser.builder.DefaultBuilder.accept(DefaultBuilder.java:35)
  de.uka.ilkd.key.nparser.builder.TacletPBuilder.visitTaclet(TacletPBuilder.java:195)
  de.uka.ilkd.key.nparser.builder.TacletPBuilder.visitTaclet(TacletPBuilder.java:41)
  de.uka.ilkd.key.nparser.KeYParser$TacletContext.accept(KeYParser.java:7771)
  de.uka.ilkd.key.nparser.builder.AbstractBuilder.lambda$mapOf$0(AbstractBuilder.java:124)
  java.base/java.util.stream.ReferencePipeline$3$1.accept(ReferencePipeline.java:197)
  java.base/java.util.ArrayList$ArrayListSpliterator.forEachRemaining(ArrayList.java:1625)
  java.base/java.util.stream.AbstractPipeline.copyInto(AbstractPipeline.java:509)
  java.base/java.util.stream.AbstractPipeline.wrapAndCopyInto(AbstractPipeline.java:499)
  java.base/java.util.stream.ReduceOps$ReduceOp.evaluateSequential(ReduceOps.java:921)
  java.base/java.util.stream.AbstractPipeline.evaluate(AbstractPipeline.java:234)
  java.base/java.util.stream.ReferencePipeline.collect(ReferencePipeline.java:682)
  de.uka.ilkd.key.nparser.builder.AbstractBuilder.mapOf(AbstractBuilder.java:124)
  de.uka.ilkd.key.nparser.builder.TacletPBuilder.visitRulesOrAxioms(TacletPBuilder.java:95)
  de.uka.ilkd.key.nparser.KeYParser$RulesOrAxiomsContext.accept(KeYParser.java:10795)
  de.uka.ilkd.key.nparser.builder.AbstractBuilder.lambda$mapOf$0(AbstractBuilder.java:124)
  java.base/java.util.stream.ReferencePipeline$3$1.accept(ReferencePipeline.java:197)
  java.base/java.util.ArrayList$ArrayListSpliterator.forEachRemaining(ArrayList.java:1625)
  java.base/java.util.stream.AbstractPipeline.copyInto(AbstractPipeline.java:509)
  java.base/java.util.stream.AbstractPipeline.wrapAndCopyInto(AbstractPipeline.java:499)
  java.base/java.util.stream.ReduceOps$ReduceOp.evaluateSequential(ReduceOps.java:921)
  java.base/java.util.stream.AbstractPipeline.evaluate(AbstractPipeline.java:234)
  java.base/java.util.stream.ReferencePipeline.collect(ReferencePipeline.java:682)
  de.uka.ilkd.key.nparser.builder.AbstractBuilder.mapOf(AbstractBuilder.java:124)
  de.uka.ilkd.key.nparser.builder.TacletPBuilder.visitDecls(TacletPBuilder.java:76)
  de.uka.ilkd.key.nparser.KeYParser$DeclsContext.accept(KeYParser.java:515)
  org.antlr.v4.runtime.tree.AbstractParseTreeVisitor.visitChildren(AbstractParseTreeVisitor.java:46)
  de.uka.ilkd.key.nparser.KeYParserBaseVisitor.visitFile(KeYParserBaseVisitor.java:24)
  de.uka.ilkd.key.nparser.KeYParser$FileContext.accept(KeYParser.java:313)
  de.uka.ilkd.key.nparser.KeyAst.accept(KeyAst.java:43)
  de.uka.ilkd.key.nparser.KeyIO$Loader.loadTaclets(KeyIO.java:340)
  de.uka.ilkd.key.nparser.KeyIO$Loader.loadComplete(KeyIO.java:243)
  de.uka.ilkd.key.proof.io.KeYFileForTests.read(KeYFileForTests.java:53)
  de.uka.ilkd.key.proof.init.ProblemInitializer.readEnvInput(ProblemInitializer.java:323)
  de.uka.ilkd.key.proof.init.ProblemInitializer.prepare(ProblemInitializer.java:561)
  de.uka.ilkd.key.proof.init.ProblemInitializer.prepare(ProblemInitializer.java:471)
  de.uka.ilkd.key.rule.TacletForTests.parse(TacletForTests.java:80)
  de.uka.ilkd.key.rule.TacletForTests.parse(TacletForTests.java:125)
  de.uka.ilkd.key.rule.TacletForTests.parse(TacletForTests.java:129)
  de.uka.ilkd.key.rule.TestMatchTaclet.setUp(TestMatchTaclet.java:60)
  java.base/jdk.internal.reflect.NativeMethodAccessorImpl.invoke0(Native Method)
  java.base/jdk.internal.reflect.NativeMethodAccessorImpl.invoke(NativeMethodAccessorImpl.java:77)
  java.base/jdk.internal.reflect.DelegatingMethodAccessorImpl.invoke(DelegatingMethodAccessorImpl.java:43)
  java.base/java.lang.reflect.Method.invoke(Method.java:568)
  org.junit.platform.commons.util.ReflectionUtils.invokeMethod(ReflectionUtils.java:727)
  org.junit.jupiter.engine.execution.MethodInvocation.proceed(MethodInvocation.java:60)
  org.junit.jupiter.engine.execution.InvocationInterceptorChain$ValidatingInvocation.proceed(InvocationInterceptorChain.java:131)
  org.junit.jupiter.engine.extension.TimeoutExtension.intercept(TimeoutExtension.java:156)
  org.junit.jupiter.engine.extension.TimeoutExtension.interceptLifecycleMethod(TimeoutExtension.java:128)
  org.junit.jupiter.engine.extension.TimeoutExtension.interceptBeforeEachMethod(TimeoutExtension.java:78)
  org.junit.jupiter.engine.execution.InterceptingExecutableInvoker$ReflectiveInterceptorCall.lambda$ofVoidMethod$0(InterceptingExecutableInvoker.java:103)
  org.junit.jupiter.engine.execution.InterceptingExecutableInvoker.lambda$invoke$0(InterceptingExecutableInvoker.java:93)
  org.junit.jupiter.engine.execution.InvocationInterceptorChain$InterceptedInvocation.proceed(InvocationInterceptorChain.java:106)
  org.junit.jupiter.engine.execution.InvocationInterceptorChain.proceed(InvocationInterceptorChain.java:64)
  org.junit.jupiter.engine.execution.InvocationInterceptorChain.chainAndInvoke(InvocationInterceptorChain.java:45)
  org.junit.jupiter.engine.execution.InvocationInterceptorChain.invoke(InvocationInterceptorChain.java:37)
  org.junit.jupiter.engine.execution.InterceptingExecutableInvoker.invoke(InterceptingExecutableInvoker.java:92)
  org.junit.jupiter.engine.execution.InterceptingExecutableInvoker.invoke(InterceptingExecutableInvoker.java:86)
  org.junit.jupiter.engine.descriptor.ClassBasedTestDescriptor.invokeMethodInExtensionContext(ClassBasedTestDescriptor.java:520)
  org.junit.jupiter.engine.descriptor.ClassBasedTestDescriptor.lambda$synthesizeBeforeEachMethodAdapter$23(ClassBasedTestDescriptor.java:505)
  org.junit.jupiter.engine.descriptor.TestMethodTestDescriptor.lambda$invokeBeforeEachMethods$3(TestMethodTestDescriptor.java:174)
  org.junit.jupiter.engine.descriptor.TestMethodTestDescriptor.lambda$invokeBeforeMethodsOrCallbacksUntilExceptionOccurs$6(TestMethodTestDescriptor.java:202)
  org.junit.platform.engine.support.hierarchical.ThrowableCollector.execute(ThrowableCollector.java:73)
  org.junit.jupiter.engine.descriptor.TestMethodTestDescriptor.invokeBeforeMethodsOrCallbacksUntilExceptionOccurs(TestMethodTestDescriptor.java:202)
  org.junit.jupiter.engine.descriptor.TestMethodTestDescriptor.invokeBeforeEachMethods(TestMethodTestDescriptor.java:171)
  org.junit.jupiter.engine.descriptor.TestMethodTestDescriptor.execute(TestMethodTestDescriptor.java:134)
  org.junit.jupiter.engine.descriptor.TestMethodTestDescriptor.execute(TestMethodTestDescriptor.java:68)
  org.junit.platform.engine.support.hierarchical.NodeTestTask.lambda$executeRecursively$6(NodeTestTask.java:151)
  org.junit.platform.engine.support.hierarchical.ThrowableCollector.execute(ThrowableCollector.java:73)
  org.junit.platform.engine.support.hierarchical.NodeTestTask.lambda$executeRecursively$8(NodeTestTask.java:141)
  org.junit.platform.engine.support.hierarchical.Node.around(Node.java:137)
  org.junit.platform.engine.support.hierarchical.NodeTestTask.lambda$executeRecursively$9(NodeTestTask.java:139)
  org.junit.platform.engine.support.hierarchical.ThrowableCollector.execute(ThrowableCollector.java:73)
  org.junit.platform.engine.support.hierarchical.NodeTestTask.executeRecursively(NodeTestTask.java:138)
  org.junit.platform.engine.support.hierarchical.NodeTestTask.execute(NodeTestTask.java:95)
  java.base/java.util.ArrayList.forEach(ArrayList.java:1511)
  org.junit.platform.engine.support.hierarchical.SameThreadHierarchicalTestExecutorService.invokeAll(SameThreadHierarchicalTestExecutorService.java:41)
  org.junit.platform.engine.support.hierarchical.NodeTestTask.lambda$executeRecursively$6(NodeTestTask.java:155)
  org.junit.platform.engine.support.hierarchical.ThrowableCollector.execute(ThrowableCollector.java:73)
  org.junit.platform.engine.support.hierarchical.NodeTestTask.lambda$executeRecursively$8(NodeTestTask.java:141)
  org.junit.platform.engine.support.hierarchical.Node.around(Node.java:137)
  org.junit.platform.engine.support.hierarchical.NodeTestTask.lambda$executeRecursively$9(NodeTestTask.java:139)
  org.junit.platform.engine.support.hierarchical.ThrowableCollector.execute(ThrowableCollector.java:73)
  org.junit.platform.engine.support.hierarchical.NodeTestTask.executeRecursively(NodeTestTask.java:138)
  org.junit.platform.engine.support.hierarchical.NodeTestTask.execute(NodeTestTask.java:95)
  java.base/java.util.ArrayList.forEach(ArrayList.java:1511)
  org.junit.platform.engine.support.hierarchical.SameThreadHierarchicalTestExecutorService.invokeAll(SameThreadHierarchicalTestExecutorService.java:41)
  org.junit.platform.engine.support.hierarchical.NodeTestTask.lambda$executeRecursively$6(NodeTestTask.java:155)
  org.junit.platform.engine.support.hierarchical.ThrowableCollector.execute(ThrowableCollector.java:73)
  org.junit.platform.engine.support.hierarchical.NodeTestTask.lambda$executeRecursively$8(NodeTestTask.java:141)
  org.junit.platform.engine.support.hierarchical.Node.around(Node.java:137)
  org.junit.platform.engine.support.hierarchical.NodeTestTask.lambda$executeRecursively$9(NodeTestTask.java:139)
  org.junit.platform.engine.support.hierarchical.ThrowableCollector.execute(ThrowableCollector.java:73)
  org.junit.platform.engine.support.hierarchical.NodeTestTask.executeRecursively(NodeTestTask.java:138)
  org.junit.platform.engine.support.hierarchical.NodeTestTask.execute(NodeTestTask.java:95)
  org.junit.platform.engine.support.hierarchical.SameThreadHierarchicalTestExecutorService.submit(SameThreadHierarchicalTestExecutorService.java:35)
  org.junit.platform.engine.support.hierarchical.HierarchicalTestExecutor.execute(HierarchicalTestExecutor.java:57)
  org.junit.platform.engine.support.hierarchical.HierarchicalTestEngine.execute(HierarchicalTestEngine.java:54)
  org.junit.platform.launcher.core.EngineExecutionOrchestrator.execute(EngineExecutionOrchestrator.java:107)
  org.junit.platform.launcher.core.EngineExecutionOrchestrator.execute(EngineExecutionOrchestrator.java:88)
  org.junit.platform.launcher.core.EngineExecutionOrchestrator.lambda$execute$0(EngineExecutionOrchestrator.java:54)
  org.junit.platform.launcher.core.EngineExecutionOrchestrator.withInterceptedStreams(EngineExecutionOrchestrator.java:67)
  org.junit.platform.launcher.core.EngineExecutionOrchestrator.execute(EngineExecutionOrchestrator.java:52)
  org.junit.platform.launcher.core.DefaultLauncher.execute(DefaultLauncher.java:114)
  org.junit.platform.launcher.core.DefaultLauncher.execute(DefaultLauncher.java:86)
  org.junit.platform.launcher.core.DefaultLauncherSession$DelegatingLauncher.execute(DefaultLauncherSession.java:86)
  org.gradle.api.internal.tasks.testing.junitplatform.JUnitPlatformTestClassProcessor$CollectAllTestClassesExecutor.processAllTestClasses(JUnitPlatformTestClassProcessor.java:110)
  org.gradle.api.internal.tasks.testing.junitplatform.JUnitPlatformTestClassProcessor$CollectAllTestClassesExecutor.access$000(JUnitPlatformTestClassProcessor.java:90)
  org.gradle.api.internal.tasks.testing.junitplatform.JUnitPlatformTestClassProcessor.stop(JUnitPlatformTestClassProcessor.java:85)
  org.gradle.api.internal.tasks.testing.SuiteTestClassProcessor.stop(SuiteTestClassProcessor.java:62)
  java.base/jdk.internal.reflect.NativeMethodAccessorImpl.invoke0(Native Method)
  java.base/jdk.internal.reflect.NativeMethodAccessorImpl.invoke(NativeMethodAccessorImpl.java:77)
  java.base/jdk.internal.reflect.DelegatingMethodAccessorImpl.invoke(DelegatingMethodAccessorImpl.java:43)
  java.base/java.lang.reflect.Method.invoke(Method.java:568)
  org.gradle.internal.dispatch.ReflectionDispatch.dispatch(ReflectionDispatch.java:36)
  org.gradle.internal.dispatch.ReflectionDispatch.dispatch(ReflectionDispatch.java:24)
  org.gradle.internal.dispatch.ContextClassLoaderDispatch.dispatch(ContextClassLoaderDispatch.java:33)
  org.gradle.internal.dispatch.ProxyDispatchAdapter$DispatchingInvocationHandler.invoke(ProxyDispatchAdapter.java:94)
  jdk.proxy2/jdk.proxy2.$Proxy5.stop(Unknown Source)
  org.gradle.api.internal.tasks.testing.worker.TestWorker$3.run(TestWorker.java:193)
  org.gradle.api.internal.tasks.testing.worker.TestWorker.executeAndMaintainThreadName(TestWorker.java:129)
  org.gradle.api.internal.tasks.testing.worker.TestWorker.execute(TestWorker.java:100)
  org.gradle.api.internal.tasks.testing.worker.TestWorker.execute(TestWorker.java:60)
  org.gradle.process.internal.worker.child.ActionExecutionWorker.execute(ActionExecutionWorker.java:56)
  org.gradle.process.internal.worker.child.SystemApplicationClassLoaderWorker.call(SystemApplicationClassLoaderWorker.java:113)
  org.gradle.process.internal.worker.child.SystemApplicationClassLoaderWorker.call(SystemApplicationClassLoaderWorker.java:65)
  worker.org.gradle.process.internal.worker.GradleWorkerMain.run(GradleWorkerMain.java:69)
  worker.org.gradle.process.internal.worker.GradleWorkerMain.main(GradleWorkerMain.java:74). com.github.javaparser.ParseException: Encountered unexpected token: "}" "}"
    at line 1, column 22.

Was expecting one of:

    ","
    ";"
    "="
    "@"
    "["

	at com.github.javaparser.GeneratedJavaParser.generateParseException(GeneratedJavaParser.java:18340)

97703      ERROR Test worker     d.u.i.k.n.b.TacletPBuilder Error in parsing taclet. de.uka.ilkd.key.util.parsing.BuildingExceptions: Multiple errors occured
	at de.uka.ilkd.key.java.JavaService.reportErrors(JavaService.java:219)

97707      DEBUG Test worker     d.u.i.k.n.KeyIO           MODE: taclets took 43ms 
]]></system-err>
</testsuite>
