<?xml version="1.0" encoding="UTF-8"?>
<testsuite name="de.uka.ilkd.key.speclang.njml.NJmlTranslatorTests" tests="5" skipped="0" failures="5" errors="0" timestamp="2023-06-07T16:45:37" hostname="fv-az455-784" time="1.756">
  <properties/>
  <testcase name="testWarnRequires()" classname="de.uka.ilkd.key.speclang.njml.NJmlTranslatorTests" time="0.0">
    <failure message="java.lang.NullPointerException: Cannot invoke &quot;de.uka.ilkd.key.java.JavaService.getProgramFactory()&quot; because &quot;this.javaService&quot; is null" type="java.lang.NullPointerException">java.lang.NullPointerException: Cannot invoke &quot;de.uka.ilkd.key.java.JavaService.getProgramFactory()&quot; because &quot;this.javaService&quot; is null
	at de.uka.ilkd.key.java.KeYProgModelInfo.isPackage(KeYProgModelInfo.java:213)
	at de.uka.ilkd.key.java.JavaInfo.isPackage(JavaInfo.java:221)
	at de.uka.ilkd.key.speclang.translation.SLExpressionResolver.trimPackageRef(SLExpressionResolver.java:43)
	at de.uka.ilkd.key.speclang.translation.SLExpressionResolver.areInSamePackage(SLExpressionResolver.java:62)
	at de.uka.ilkd.key.speclang.translation.SLExpressionResolver.isVisibleHelper(SLExpressionResolver.java:103)
	at de.uka.ilkd.key.speclang.translation.SLExpressionResolver.isVisible(SLExpressionResolver.java:114)
	at de.uka.ilkd.key.speclang.translation.SLAttributeResolver.lookupVisibleAttribute(SLAttributeResolver.java:37)
	at de.uka.ilkd.key.speclang.translation.SLAttributeResolver.doResolving(SLAttributeResolver.java:94)
	at de.uka.ilkd.key.speclang.translation.SLExpressionResolver.resolve(SLExpressionResolver.java:149)
	at de.uka.ilkd.key.speclang.translation.SLResolverManager.resolveExplicit(SLResolverManager.java:137)
	at de.uka.ilkd.key.speclang.translation.SLResolverManager.resolveImplicit(SLResolverManager.java:112)
	at de.uka.ilkd.key.speclang.translation.SLResolverManager.resolveIt(SLResolverManager.java:159)
	at de.uka.ilkd.key.speclang.translation.SLResolverManager.resolve(SLResolverManager.java:195)
	at de.uka.ilkd.key.speclang.njml.Translator.lookupIdentifier(Translator.java:924)
	at de.uka.ilkd.key.speclang.njml.Translator.visitIdent(Translator.java:882)
	at de.uka.ilkd.key.speclang.njml.JmlParser$IdentContext.accept(JmlParser.java:8637)
	at org.antlr.v4.runtime.tree.AbstractParseTreeVisitor.visitChildren(AbstractParseTreeVisitor.java:46)
	at de.uka.ilkd.key.speclang.njml.JmlParserBaseVisitor.visitPrimaryexpr(JmlParserBaseVisitor.java:724)
	at de.uka.ilkd.key.speclang.njml.JmlParser$PrimaryexprContext.accept(JmlParser.java:8399)
	at de.uka.ilkd.key.speclang.njml.Translator.accept(Translator.java:128)
	at de.uka.ilkd.key.speclang.njml.Translator.visitPostfixexpr(Translator.java:854)
	at de.uka.ilkd.key.speclang.njml.Translator.visitPostfixexpr(Translator.java:63)
	at de.uka.ilkd.key.speclang.njml.JmlParser$PostfixexprContext.accept(JmlParser.java:8315)
	at de.uka.ilkd.key.speclang.njml.Translator.accept(Translator.java:128)
	at de.uka.ilkd.key.speclang.njml.Translator.visitUnaryexprnotplusminus(Translator.java:840)
	at de.uka.ilkd.key.speclang.njml.JmlParser$UnaryexprnotplusminusContext.accept(JmlParser.java:8146)
	at de.uka.ilkd.key.speclang.njml.Translator.accept(Translator.java:128)
	at de.uka.ilkd.key.speclang.njml.Translator.oneOf(Translator.java:147)
	at de.uka.ilkd.key.speclang.njml.Translator.visitUnaryexpr(Translator.java:800)
	at de.uka.ilkd.key.speclang.njml.Translator.visitUnaryexpr(Translator.java:63)
	at de.uka.ilkd.key.speclang.njml.JmlParser$UnaryexprContext.accept(JmlParser.java:8002)
	at de.uka.ilkd.key.speclang.njml.Translator.accept(Translator.java:128)
	at de.uka.ilkd.key.speclang.njml.Translator.lambda$mapOf$0(Translator.java:133)
	at java.base/java.util.stream.ReferencePipeline$3$1.accept(ReferencePipeline.java:197)
	at java.base/java.util.ArrayList$ArrayListSpliterator.forEachRemaining(ArrayList.java:1625)
	at java.base/java.util.stream.AbstractPipeline.copyInto(AbstractPipeline.java:509)
	at java.base/java.util.stream.AbstractPipeline.wrapAndCopyInto(AbstractPipeline.java:499)
	at java.base/java.util.stream.ReduceOps$ReduceOp.evaluateSequential(ReduceOps.java:921)
	at java.base/java.util.stream.AbstractPipeline.evaluate(AbstractPipeline.java:234)
	at java.base/java.util.stream.ReferencePipeline.collect(ReferencePipeline.java:682)
	at de.uka.ilkd.key.speclang.njml.Translator.mapOf(Translator.java:133)
	at de.uka.ilkd.key.speclang.njml.Translator.visitMultexpr(Translator.java:737)
	at de.uka.ilkd.key.speclang.njml.JmlParser$MultexprContext.accept(JmlParser.java:7921)
	at de.uka.ilkd.key.speclang.njml.Translator.accept(Translator.java:128)
	at de.uka.ilkd.key.speclang.njml.Translator.lambda$mapOf$0(Translator.java:133)
	at java.base/java.util.stream.ReferencePipeline$3$1.accept(ReferencePipeline.java:197)
	at java.base/java.util.ArrayList$ArrayListSpliterator.forEachRemaining(ArrayList.java:1625)
	at java.base/java.util.stream.AbstractPipeline.copyInto(AbstractPipeline.java:509)
	at java.base/java.util.stream.AbstractPipeline.wrapAndCopyInto(AbstractPipeline.java:499)
	at java.base/java.util.stream.ReduceOps$ReduceOp.evaluateSequential(ReduceOps.java:921)
	at java.base/java.util.stream.AbstractPipeline.evaluate(AbstractPipeline.java:234)
	at java.base/java.util.stream.ReferencePipeline.collect(ReferencePipeline.java:682)
	at de.uka.ilkd.key.speclang.njml.Translator.mapOf(Translator.java:133)
	at de.uka.ilkd.key.speclang.njml.Translator.visitAdditiveexpr(Translator.java:720)
	at de.uka.ilkd.key.speclang.njml.JmlParser$AdditiveexprContext.accept(JmlParser.java:7829)
	at de.uka.ilkd.key.speclang.njml.Translator.accept(Translator.java:128)
	at de.uka.ilkd.key.speclang.njml.Translator.lambda$mapOf$0(Translator.java:133)
	at java.base/java.util.stream.ReferencePipeline$3$1.accept(ReferencePipeline.java:197)
	at java.base/java.util.ArrayList$ArrayListSpliterator.forEachRemaining(ArrayList.java:1625)
	at java.base/java.util.stream.AbstractPipeline.copyInto(AbstractPipeline.java:509)
	at java.base/java.util.stream.AbstractPipeline.wrapAndCopyInto(AbstractPipeline.java:499)
	at java.base/java.util.stream.ReduceOps$ReduceOp.evaluateSequential(ReduceOps.java:921)
	at java.base/java.util.stream.AbstractPipeline.evaluate(AbstractPipeline.java:234)
	at java.base/java.util.stream.ReferencePipeline.collect(ReferencePipeline.java:682)
	at de.uka.ilkd.key.speclang.njml.Translator.mapOf(Translator.java:133)
	at de.uka.ilkd.key.speclang.njml.Translator.visitShiftexpr(Translator.java:703)
	at de.uka.ilkd.key.speclang.njml.JmlParser$ShiftexprContext.accept(JmlParser.java:7742)
	at de.uka.ilkd.key.speclang.njml.Translator.accept(Translator.java:128)
	at de.uka.ilkd.key.speclang.njml.Translator.oneOf(Translator.java:147)
	at de.uka.ilkd.key.speclang.njml.Translator.visitRelationalexpr(Translator.java:494)
	at de.uka.ilkd.key.speclang.njml.JmlParser$RelationalexprContext.accept(JmlParser.java:7344)
	at de.uka.ilkd.key.speclang.njml.Translator.accept(Translator.java:128)
	at de.uka.ilkd.key.speclang.njml.Translator.lambda$mapOf$0(Translator.java:133)
	at java.base/java.util.stream.ReferencePipeline$3$1.accept(ReferencePipeline.java:197)
	at java.base/java.util.ArrayList$ArrayListSpliterator.forEachRemaining(ArrayList.java:1625)
	at java.base/java.util.stream.AbstractPipeline.copyInto(AbstractPipeline.java:509)
	at java.base/java.util.stream.AbstractPipeline.wrapAndCopyInto(AbstractPipeline.java:499)
	at java.base/java.util.stream.ReduceOps$ReduceOp.evaluateSequential(ReduceOps.java:921)
	at java.base/java.util.stream.AbstractPipeline.evaluate(AbstractPipeline.java:234)
	at java.base/java.util.stream.ReferencePipeline.collect(ReferencePipeline.java:682)
	at de.uka.ilkd.key.speclang.njml.Translator.mapOf(Translator.java:133)
	at de.uka.ilkd.key.speclang.njml.Translator.visitEqualityexpr(Translator.java:562)
	at de.uka.ilkd.key.speclang.njml.Translator.visitEqualityexpr(Translator.java:63)
	at de.uka.ilkd.key.speclang.njml.JmlParser$EqualityexprContext.accept(JmlParser.java:7270)
	at de.uka.ilkd.key.speclang.njml.Translator.accept(Translator.java:128)
	at de.uka.ilkd.key.speclang.njml.Translator.visitAndexpr(Translator.java:544)
	at de.uka.ilkd.key.speclang.njml.JmlParser$AndexprContext.accept(JmlParser.java:7201)
	at de.uka.ilkd.key.speclang.njml.Translator.accept(Translator.java:128)
	at de.uka.ilkd.key.speclang.njml.Translator.visitExclusiveorexpr(Translator.java:529)
	at de.uka.ilkd.key.speclang.njml.JmlParser$ExclusiveorexprContext.accept(JmlParser.java:7132)
	at de.uka.ilkd.key.speclang.njml.Translator.accept(Translator.java:128)
	at de.uka.ilkd.key.speclang.njml.Translator.visitInclusiveorexpr(Translator.java:514)
	at de.uka.ilkd.key.speclang.njml.JmlParser$InclusiveorexprContext.accept(JmlParser.java:7063)
	at de.uka.ilkd.key.speclang.njml.Translator.accept(Translator.java:128)
	at de.uka.ilkd.key.speclang.njml.Translator.visitLogicalandexpr(Translator.java:501)
	at de.uka.ilkd.key.speclang.njml.JmlParser$LogicalandexprContext.accept(JmlParser.java:6994)
	at de.uka.ilkd.key.speclang.njml.Translator.accept(Translator.java:128)
	at de.uka.ilkd.key.speclang.njml.Translator.visitLogicalorexpr(Translator.java:482)
	at de.uka.ilkd.key.speclang.njml.Translator.visitLogicalorexpr(Translator.java:63)
	at de.uka.ilkd.key.speclang.njml.JmlParser$LogicalorexprContext.accept(JmlParser.java:6925)
	at de.uka.ilkd.key.speclang.njml.Translator.accept(Translator.java:128)
	at de.uka.ilkd.key.speclang.njml.Translator.visitImpliesexpr(Translator.java:446)
	at de.uka.ilkd.key.speclang.njml.JmlParser$ImpliesexprContext.accept(JmlParser.java:6662)
	at de.uka.ilkd.key.speclang.njml.Translator.accept(Translator.java:128)
	at de.uka.ilkd.key.speclang.njml.Translator.lambda$mapOf$0(Translator.java:133)
	at java.base/java.util.stream.ReferencePipeline$3$1.accept(ReferencePipeline.java:197)
	at java.base/java.util.ArrayList$ArrayListSpliterator.forEachRemaining(ArrayList.java:1625)
	at java.base/java.util.stream.AbstractPipeline.copyInto(AbstractPipeline.java:509)
	at java.base/java.util.stream.AbstractPipeline.wrapAndCopyInto(AbstractPipeline.java:499)
	at java.base/java.util.stream.ReduceOps$ReduceOp.evaluateSequential(ReduceOps.java:921)
	at java.base/java.util.stream.AbstractPipeline.evaluate(AbstractPipeline.java:234)
	at java.base/java.util.stream.ReferencePipeline.collect(ReferencePipeline.java:682)
	at de.uka.ilkd.key.speclang.njml.Translator.mapOf(Translator.java:133)
	at de.uka.ilkd.key.speclang.njml.Translator.visitEquivalenceexpr(Translator.java:426)
	at de.uka.ilkd.key.speclang.njml.JmlParser$EquivalenceexprContext.accept(JmlParser.java:6585)
	at de.uka.ilkd.key.speclang.njml.Translator.accept(Translator.java:128)
	at de.uka.ilkd.key.speclang.njml.Translator.visitConditionalexpr(Translator.java:412)
	at de.uka.ilkd.key.speclang.njml.Translator.visitConditionalexpr(Translator.java:63)
	at de.uka.ilkd.key.speclang.njml.JmlParser$ConditionalexprContext.accept(JmlParser.java:6516)
	at de.uka.ilkd.key.speclang.njml.Translator.accept(Translator.java:128)
	at de.uka.ilkd.key.speclang.njml.Translator.visitExpression(Translator.java:402)
	at de.uka.ilkd.key.speclang.njml.Translator.visitExpression(Translator.java:63)
	at de.uka.ilkd.key.speclang.njml.JmlParser$ExpressionContext.accept(JmlParser.java:6463)
	at de.uka.ilkd.key.speclang.njml.JmlIO.interpret(JmlIO.java:178)
	at de.uka.ilkd.key.speclang.njml.JmlIO.translateTerm(JmlIO.java:188)
	at de.uka.ilkd.key.speclang.njml.JmlIO.translateTerm(JmlIO.java:201)
	at de.uka.ilkd.key.speclang.jml.translation.JMLSpecFactory.createJMLClassInvariant(JMLSpecFactory.java:956)
	at de.uka.ilkd.key.speclang.jml.JMLSpecExtractor.extractClassSpecs(JMLSpecExtractor.java:249)
	at de.uka.ilkd.key.speclang.SLEnvInput.createSpecs(SLEnvInput.java:284)
	at de.uka.ilkd.key.speclang.SLEnvInput.read(SLEnvInput.java:351)
	at de.uka.ilkd.key.proof.init.KeYUserProblemFile.read(KeYUserProblemFile.java:110)
	at de.uka.ilkd.key.proof.init.ProblemInitializer.readEnvInput(ProblemInitializer.java:323)
	at de.uka.ilkd.key.proof.init.ProblemInitializer.prepare(ProblemInitializer.java:561)
	at de.uka.ilkd.key.proof.init.ProblemInitializer.prepare(ProblemInitializer.java:471)
	at de.uka.ilkd.key.proof.init.ProblemInitializer.startProver(ProblemInitializer.java:607)
	at de.uka.ilkd.key.util.HelperClassForTests.parse(HelperClassForTests.java:78)
	at de.uka.ilkd.key.util.HelperClassForTests.parse(HelperClassForTests.java:66)
	at de.uka.ilkd.key.speclang.njml.NJmlTranslatorTests.&lt;init&gt;(NJmlTranslatorTests.java:32)
	at java.base/jdk.internal.reflect.NativeConstructorAccessorImpl.newInstance0(Native Method)
	at java.base/jdk.internal.reflect.NativeConstructorAccessorImpl.newInstance(NativeConstructorAccessorImpl.java:77)
	at java.base/jdk.internal.reflect.DelegatingConstructorAccessorImpl.newInstance(DelegatingConstructorAccessorImpl.java:45)
	at java.base/java.lang.reflect.Constructor.newInstanceWithCaller(Constructor.java:499)
	at java.base/java.lang.reflect.Constructor.newInstance(Constructor.java:480)
	at org.junit.platform.commons.util.ReflectionUtils.newInstance(ReflectionUtils.java:552)
	at org.junit.jupiter.engine.execution.ConstructorInvocation.proceed(ConstructorInvocation.java:56)
	at org.junit.jupiter.engine.execution.InvocationInterceptorChain$ValidatingInvocation.proceed(InvocationInterceptorChain.java:131)
	at org.junit.jupiter.api.extension.InvocationInterceptor.interceptTestClassConstructor(InvocationInterceptor.java:73)
	at org.junit.jupiter.engine.execution.InterceptingExecutableInvoker.lambda$invoke$0(InterceptingExecutableInvoker.java:93)
	at org.junit.jupiter.engine.execution.InvocationInterceptorChain$InterceptedInvocation.proceed(InvocationInterceptorChain.java:106)
	at org.junit.jupiter.engine.execution.InvocationInterceptorChain.proceed(InvocationInterceptorChain.java:64)
	at org.junit.jupiter.engine.execution.InvocationInterceptorChain.chainAndInvoke(InvocationInterceptorChain.java:45)
	at org.junit.jupiter.engine.execution.InvocationInterceptorChain.invoke(InvocationInterceptorChain.java:37)
	at org.junit.jupiter.engine.execution.InterceptingExecutableInvoker.invoke(InterceptingExecutableInvoker.java:92)
	at org.junit.jupiter.engine.execution.InterceptingExecutableInvoker.invoke(InterceptingExecutableInvoker.java:62)
	at org.junit.jupiter.engine.descriptor.ClassBasedTestDescriptor.invokeTestClassConstructor(ClassBasedTestDescriptor.java:363)
	at org.junit.jupiter.engine.descriptor.ClassBasedTestDescriptor.instantiateTestClass(ClassBasedTestDescriptor.java:310)
	at org.junit.jupiter.engine.descriptor.ClassTestDescriptor.instantiateTestClass(ClassTestDescriptor.java:79)
	at org.junit.jupiter.engine.descriptor.ClassBasedTestDescriptor.instantiateAndPostProcessTestInstance(ClassBasedTestDescriptor.java:286)
	at org.junit.jupiter.engine.descriptor.ClassBasedTestDescriptor.lambda$testInstancesProvider$4(ClassBasedTestDescriptor.java:278)
	at java.base/java.util.Optional.orElseGet(Optional.java:364)
	at org.junit.jupiter.engine.descriptor.ClassBasedTestDescriptor.lambda$testInstancesProvider$5(ClassBasedTestDescriptor.java:277)
	at org.junit.jupiter.engine.execution.TestInstancesProvider.getTestInstances(TestInstancesProvider.java:31)
	at org.junit.jupiter.engine.descriptor.TestMethodTestDescriptor.lambda$prepare$0(TestMethodTestDescriptor.java:105)
	at org.junit.platform.engine.support.hierarchical.ThrowableCollector.execute(ThrowableCollector.java:73)
	at org.junit.jupiter.engine.descriptor.TestMethodTestDescriptor.prepare(TestMethodTestDescriptor.java:104)
	at org.junit.jupiter.engine.descriptor.TestMethodTestDescriptor.prepare(TestMethodTestDescriptor.java:68)
	at org.junit.platform.engine.support.hierarchical.NodeTestTask.lambda$prepare$2(NodeTestTask.java:123)
	at org.junit.platform.engine.support.hierarchical.ThrowableCollector.execute(ThrowableCollector.java:73)
	at org.junit.platform.engine.support.hierarchical.NodeTestTask.prepare(NodeTestTask.java:123)
	at org.junit.platform.engine.support.hierarchical.NodeTestTask.execute(NodeTestTask.java:90)
	at java.base/java.util.ArrayList.forEach(ArrayList.java:1511)
	at org.junit.platform.engine.support.hierarchical.SameThreadHierarchicalTestExecutorService.invokeAll(SameThreadHierarchicalTestExecutorService.java:41)
	at org.junit.platform.engine.support.hierarchical.NodeTestTask.lambda$executeRecursively$6(NodeTestTask.java:155)
	at org.junit.platform.engine.support.hierarchical.ThrowableCollector.execute(ThrowableCollector.java:73)
	at org.junit.platform.engine.support.hierarchical.NodeTestTask.lambda$executeRecursively$8(NodeTestTask.java:141)
	at org.junit.platform.engine.support.hierarchical.Node.around(Node.java:137)
	at org.junit.platform.engine.support.hierarchical.NodeTestTask.lambda$executeRecursively$9(NodeTestTask.java:139)
	at org.junit.platform.engine.support.hierarchical.ThrowableCollector.execute(ThrowableCollector.java:73)
	at org.junit.platform.engine.support.hierarchical.NodeTestTask.executeRecursively(NodeTestTask.java:138)
	at org.junit.platform.engine.support.hierarchical.NodeTestTask.execute(NodeTestTask.java:95)
	at java.base/java.util.ArrayList.forEach(ArrayList.java:1511)
	at org.junit.platform.engine.support.hierarchical.SameThreadHierarchicalTestExecutorService.invokeAll(SameThreadHierarchicalTestExecutorService.java:41)
	at org.junit.platform.engine.support.hierarchical.NodeTestTask.lambda$executeRecursively$6(NodeTestTask.java:155)
	at org.junit.platform.engine.support.hierarchical.ThrowableCollector.execute(ThrowableCollector.java:73)
	at org.junit.platform.engine.support.hierarchical.NodeTestTask.lambda$executeRecursively$8(NodeTestTask.java:141)
	at org.junit.platform.engine.support.hierarchical.Node.around(Node.java:137)
	at org.junit.platform.engine.support.hierarchical.NodeTestTask.lambda$executeRecursively$9(NodeTestTask.java:139)
	at org.junit.platform.engine.support.hierarchical.ThrowableCollector.execute(ThrowableCollector.java:73)
	at org.junit.platform.engine.support.hierarchical.NodeTestTask.executeRecursively(NodeTestTask.java:138)
	at org.junit.platform.engine.support.hierarchical.NodeTestTask.execute(NodeTestTask.java:95)
	at org.junit.platform.engine.support.hierarchical.SameThreadHierarchicalTestExecutorService.submit(SameThreadHierarchicalTestExecutorService.java:35)
	at org.junit.platform.engine.support.hierarchical.HierarchicalTestExecutor.execute(HierarchicalTestExecutor.java:57)
	at org.junit.platform.engine.support.hierarchical.HierarchicalTestEngine.execute(HierarchicalTestEngine.java:54)
	at org.junit.platform.launcher.core.EngineExecutionOrchestrator.execute(EngineExecutionOrchestrator.java:107)
	at org.junit.platform.launcher.core.EngineExecutionOrchestrator.execute(EngineExecutionOrchestrator.java:88)
	at org.junit.platform.launcher.core.EngineExecutionOrchestrator.lambda$execute$0(EngineExecutionOrchestrator.java:54)
	at org.junit.platform.launcher.core.EngineExecutionOrchestrator.withInterceptedStreams(EngineExecutionOrchestrator.java:67)
	at org.junit.platform.launcher.core.EngineExecutionOrchestrator.execute(EngineExecutionOrchestrator.java:52)
	at org.junit.platform.launcher.core.DefaultLauncher.execute(DefaultLauncher.java:114)
	at org.junit.platform.launcher.core.DefaultLauncher.execute(DefaultLauncher.java:86)
	at org.junit.platform.launcher.core.DefaultLauncherSession$DelegatingLauncher.execute(DefaultLauncherSession.java:86)
	at org.gradle.api.internal.tasks.testing.junitplatform.JUnitPlatformTestClassProcessor$CollectAllTestClassesExecutor.processAllTestClasses(JUnitPlatformTestClassProcessor.java:110)
	at org.gradle.api.internal.tasks.testing.junitplatform.JUnitPlatformTestClassProcessor$CollectAllTestClassesExecutor.access$000(JUnitPlatformTestClassProcessor.java:90)
	at org.gradle.api.internal.tasks.testing.junitplatform.JUnitPlatformTestClassProcessor.stop(JUnitPlatformTestClassProcessor.java:85)
	at org.gradle.api.internal.tasks.testing.SuiteTestClassProcessor.stop(SuiteTestClassProcessor.java:62)
	at java.base/jdk.internal.reflect.NativeMethodAccessorImpl.invoke0(Native Method)
	at java.base/jdk.internal.reflect.NativeMethodAccessorImpl.invoke(NativeMethodAccessorImpl.java:77)
	at java.base/jdk.internal.reflect.DelegatingMethodAccessorImpl.invoke(DelegatingMethodAccessorImpl.java:43)
	at java.base/java.lang.reflect.Method.invoke(Method.java:568)
	at org.gradle.internal.dispatch.ReflectionDispatch.dispatch(ReflectionDispatch.java:36)
	at org.gradle.internal.dispatch.ReflectionDispatch.dispatch(ReflectionDispatch.java:24)
	at org.gradle.internal.dispatch.ContextClassLoaderDispatch.dispatch(ContextClassLoaderDispatch.java:33)
	at org.gradle.internal.dispatch.ProxyDispatchAdapter$DispatchingInvocationHandler.invoke(ProxyDispatchAdapter.java:94)
	at jdk.proxy2/jdk.proxy2.$Proxy5.stop(Unknown Source)
	at org.gradle.api.internal.tasks.testing.worker.TestWorker$3.run(TestWorker.java:193)
	at org.gradle.api.internal.tasks.testing.worker.TestWorker.executeAndMaintainThreadName(TestWorker.java:129)
	at org.gradle.api.internal.tasks.testing.worker.TestWorker.execute(TestWorker.java:100)
	at org.gradle.api.internal.tasks.testing.worker.TestWorker.execute(TestWorker.java:60)
	at org.gradle.process.internal.worker.child.ActionExecutionWorker.execute(ActionExecutionWorker.java:56)
	at org.gradle.process.internal.worker.child.SystemApplicationClassLoaderWorker.call(SystemApplicationClassLoaderWorker.java:113)
	at org.gradle.process.internal.worker.child.SystemApplicationClassLoaderWorker.call(SystemApplicationClassLoaderWorker.java:65)
	at worker.org.gradle.process.internal.worker.GradleWorkerMain.run(GradleWorkerMain.java:69)
	at worker.org.gradle.process.internal.worker.GradleWorkerMain.main(GradleWorkerMain.java:74)
</failure>
  </testcase>
  <testcase name="testContractModifiers()" classname="de.uka.ilkd.key.speclang.njml.NJmlTranslatorTests" time="0.001">
    <failure message="java.lang.NullPointerException: Cannot invoke &quot;de.uka.ilkd.key.java.JavaService.getProgramFactory()&quot; because &quot;this.javaService&quot; is null" type="java.lang.NullPointerException">java.lang.NullPointerException: Cannot invoke &quot;de.uka.ilkd.key.java.JavaService.getProgramFactory()&quot; because &quot;this.javaService&quot; is null
	at de.uka.ilkd.key.java.KeYProgModelInfo.isPackage(KeYProgModelInfo.java:213)
	at de.uka.ilkd.key.java.JavaInfo.isPackage(JavaInfo.java:221)
	at de.uka.ilkd.key.speclang.translation.SLExpressionResolver.trimPackageRef(SLExpressionResolver.java:43)
	at de.uka.ilkd.key.speclang.translation.SLExpressionResolver.areInSamePackage(SLExpressionResolver.java:62)
	at de.uka.ilkd.key.speclang.translation.SLExpressionResolver.isVisibleHelper(SLExpressionResolver.java:103)
	at de.uka.ilkd.key.speclang.translation.SLExpressionResolver.isVisible(SLExpressionResolver.java:114)
	at de.uka.ilkd.key.speclang.translation.SLAttributeResolver.lookupVisibleAttribute(SLAttributeResolver.java:37)
	at de.uka.ilkd.key.speclang.translation.SLAttributeResolver.doResolving(SLAttributeResolver.java:94)
	at de.uka.ilkd.key.speclang.translation.SLExpressionResolver.resolve(SLExpressionResolver.java:149)
	at de.uka.ilkd.key.speclang.translation.SLResolverManager.resolveExplicit(SLResolverManager.java:137)
	at de.uka.ilkd.key.speclang.translation.SLResolverManager.resolveImplicit(SLResolverManager.java:112)
	at de.uka.ilkd.key.speclang.translation.SLResolverManager.resolveIt(SLResolverManager.java:159)
	at de.uka.ilkd.key.speclang.translation.SLResolverManager.resolve(SLResolverManager.java:195)
	at de.uka.ilkd.key.speclang.njml.Translator.lookupIdentifier(Translator.java:924)
	at de.uka.ilkd.key.speclang.njml.Translator.visitIdent(Translator.java:882)
	at de.uka.ilkd.key.speclang.njml.JmlParser$IdentContext.accept(JmlParser.java:8637)
	at org.antlr.v4.runtime.tree.AbstractParseTreeVisitor.visitChildren(AbstractParseTreeVisitor.java:46)
	at de.uka.ilkd.key.speclang.njml.JmlParserBaseVisitor.visitPrimaryexpr(JmlParserBaseVisitor.java:724)
	at de.uka.ilkd.key.speclang.njml.JmlParser$PrimaryexprContext.accept(JmlParser.java:8399)
	at de.uka.ilkd.key.speclang.njml.Translator.accept(Translator.java:128)
	at de.uka.ilkd.key.speclang.njml.Translator.visitPostfixexpr(Translator.java:854)
	at de.uka.ilkd.key.speclang.njml.Translator.visitPostfixexpr(Translator.java:63)
	at de.uka.ilkd.key.speclang.njml.JmlParser$PostfixexprContext.accept(JmlParser.java:8315)
	at de.uka.ilkd.key.speclang.njml.Translator.accept(Translator.java:128)
	at de.uka.ilkd.key.speclang.njml.Translator.visitUnaryexprnotplusminus(Translator.java:840)
	at de.uka.ilkd.key.speclang.njml.JmlParser$UnaryexprnotplusminusContext.accept(JmlParser.java:8146)
	at de.uka.ilkd.key.speclang.njml.Translator.accept(Translator.java:128)
	at de.uka.ilkd.key.speclang.njml.Translator.oneOf(Translator.java:147)
	at de.uka.ilkd.key.speclang.njml.Translator.visitUnaryexpr(Translator.java:800)
	at de.uka.ilkd.key.speclang.njml.Translator.visitUnaryexpr(Translator.java:63)
	at de.uka.ilkd.key.speclang.njml.JmlParser$UnaryexprContext.accept(JmlParser.java:8002)
	at de.uka.ilkd.key.speclang.njml.Translator.accept(Translator.java:128)
	at de.uka.ilkd.key.speclang.njml.Translator.lambda$mapOf$0(Translator.java:133)
	at java.base/java.util.stream.ReferencePipeline$3$1.accept(ReferencePipeline.java:197)
	at java.base/java.util.ArrayList$ArrayListSpliterator.forEachRemaining(ArrayList.java:1625)
	at java.base/java.util.stream.AbstractPipeline.copyInto(AbstractPipeline.java:509)
	at java.base/java.util.stream.AbstractPipeline.wrapAndCopyInto(AbstractPipeline.java:499)
	at java.base/java.util.stream.ReduceOps$ReduceOp.evaluateSequential(ReduceOps.java:921)
	at java.base/java.util.stream.AbstractPipeline.evaluate(AbstractPipeline.java:234)
	at java.base/java.util.stream.ReferencePipeline.collect(ReferencePipeline.java:682)
	at de.uka.ilkd.key.speclang.njml.Translator.mapOf(Translator.java:133)
	at de.uka.ilkd.key.speclang.njml.Translator.visitMultexpr(Translator.java:737)
	at de.uka.ilkd.key.speclang.njml.JmlParser$MultexprContext.accept(JmlParser.java:7921)
	at de.uka.ilkd.key.speclang.njml.Translator.accept(Translator.java:128)
	at de.uka.ilkd.key.speclang.njml.Translator.lambda$mapOf$0(Translator.java:133)
	at java.base/java.util.stream.ReferencePipeline$3$1.accept(ReferencePipeline.java:197)
	at java.base/java.util.ArrayList$ArrayListSpliterator.forEachRemaining(ArrayList.java:1625)
	at java.base/java.util.stream.AbstractPipeline.copyInto(AbstractPipeline.java:509)
	at java.base/java.util.stream.AbstractPipeline.wrapAndCopyInto(AbstractPipeline.java:499)
	at java.base/java.util.stream.ReduceOps$ReduceOp.evaluateSequential(ReduceOps.java:921)
	at java.base/java.util.stream.AbstractPipeline.evaluate(AbstractPipeline.java:234)
	at java.base/java.util.stream.ReferencePipeline.collect(ReferencePipeline.java:682)
	at de.uka.ilkd.key.speclang.njml.Translator.mapOf(Translator.java:133)
	at de.uka.ilkd.key.speclang.njml.Translator.visitAdditiveexpr(Translator.java:720)
	at de.uka.ilkd.key.speclang.njml.JmlParser$AdditiveexprContext.accept(JmlParser.java:7829)
	at de.uka.ilkd.key.speclang.njml.Translator.accept(Translator.java:128)
	at de.uka.ilkd.key.speclang.njml.Translator.lambda$mapOf$0(Translator.java:133)
	at java.base/java.util.stream.ReferencePipeline$3$1.accept(ReferencePipeline.java:197)
	at java.base/java.util.ArrayList$ArrayListSpliterator.forEachRemaining(ArrayList.java:1625)
	at java.base/java.util.stream.AbstractPipeline.copyInto(AbstractPipeline.java:509)
	at java.base/java.util.stream.AbstractPipeline.wrapAndCopyInto(AbstractPipeline.java:499)
	at java.base/java.util.stream.ReduceOps$ReduceOp.evaluateSequential(ReduceOps.java:921)
	at java.base/java.util.stream.AbstractPipeline.evaluate(AbstractPipeline.java:234)
	at java.base/java.util.stream.ReferencePipeline.collect(ReferencePipeline.java:682)
	at de.uka.ilkd.key.speclang.njml.Translator.mapOf(Translator.java:133)
	at de.uka.ilkd.key.speclang.njml.Translator.visitShiftexpr(Translator.java:703)
	at de.uka.ilkd.key.speclang.njml.JmlParser$ShiftexprContext.accept(JmlParser.java:7742)
	at de.uka.ilkd.key.speclang.njml.Translator.accept(Translator.java:128)
	at de.uka.ilkd.key.speclang.njml.Translator.oneOf(Translator.java:147)
	at de.uka.ilkd.key.speclang.njml.Translator.visitRelationalexpr(Translator.java:494)
	at de.uka.ilkd.key.speclang.njml.JmlParser$RelationalexprContext.accept(JmlParser.java:7344)
	at de.uka.ilkd.key.speclang.njml.Translator.accept(Translator.java:128)
	at de.uka.ilkd.key.speclang.njml.Translator.lambda$mapOf$0(Translator.java:133)
	at java.base/java.util.stream.ReferencePipeline$3$1.accept(ReferencePipeline.java:197)
	at java.base/java.util.ArrayList$ArrayListSpliterator.forEachRemaining(ArrayList.java:1625)
	at java.base/java.util.stream.AbstractPipeline.copyInto(AbstractPipeline.java:509)
	at java.base/java.util.stream.AbstractPipeline.wrapAndCopyInto(AbstractPipeline.java:499)
	at java.base/java.util.stream.ReduceOps$ReduceOp.evaluateSequential(ReduceOps.java:921)
	at java.base/java.util.stream.AbstractPipeline.evaluate(AbstractPipeline.java:234)
	at java.base/java.util.stream.ReferencePipeline.collect(ReferencePipeline.java:682)
	at de.uka.ilkd.key.speclang.njml.Translator.mapOf(Translator.java:133)
	at de.uka.ilkd.key.speclang.njml.Translator.visitEqualityexpr(Translator.java:562)
	at de.uka.ilkd.key.speclang.njml.Translator.visitEqualityexpr(Translator.java:63)
	at de.uka.ilkd.key.speclang.njml.JmlParser$EqualityexprContext.accept(JmlParser.java:7270)
	at de.uka.ilkd.key.speclang.njml.Translator.accept(Translator.java:128)
	at de.uka.ilkd.key.speclang.njml.Translator.visitAndexpr(Translator.java:544)
	at de.uka.ilkd.key.speclang.njml.JmlParser$AndexprContext.accept(JmlParser.java:7201)
	at de.uka.ilkd.key.speclang.njml.Translator.accept(Translator.java:128)
	at de.uka.ilkd.key.speclang.njml.Translator.visitExclusiveorexpr(Translator.java:529)
	at de.uka.ilkd.key.speclang.njml.JmlParser$ExclusiveorexprContext.accept(JmlParser.java:7132)
	at de.uka.ilkd.key.speclang.njml.Translator.accept(Translator.java:128)
	at de.uka.ilkd.key.speclang.njml.Translator.visitInclusiveorexpr(Translator.java:514)
	at de.uka.ilkd.key.speclang.njml.JmlParser$InclusiveorexprContext.accept(JmlParser.java:7063)
	at de.uka.ilkd.key.speclang.njml.Translator.accept(Translator.java:128)
	at de.uka.ilkd.key.speclang.njml.Translator.visitLogicalandexpr(Translator.java:501)
	at de.uka.ilkd.key.speclang.njml.JmlParser$LogicalandexprContext.accept(JmlParser.java:6994)
	at de.uka.ilkd.key.speclang.njml.Translator.accept(Translator.java:128)
	at de.uka.ilkd.key.speclang.njml.Translator.visitLogicalorexpr(Translator.java:482)
	at de.uka.ilkd.key.speclang.njml.Translator.visitLogicalorexpr(Translator.java:63)
	at de.uka.ilkd.key.speclang.njml.JmlParser$LogicalorexprContext.accept(JmlParser.java:6925)
	at de.uka.ilkd.key.speclang.njml.Translator.accept(Translator.java:128)
	at de.uka.ilkd.key.speclang.njml.Translator.visitImpliesexpr(Translator.java:446)
	at de.uka.ilkd.key.speclang.njml.JmlParser$ImpliesexprContext.accept(JmlParser.java:6662)
	at de.uka.ilkd.key.speclang.njml.Translator.accept(Translator.java:128)
	at de.uka.ilkd.key.speclang.njml.Translator.lambda$mapOf$0(Translator.java:133)
	at java.base/java.util.stream.ReferencePipeline$3$1.accept(ReferencePipeline.java:197)
	at java.base/java.util.ArrayList$ArrayListSpliterator.forEachRemaining(ArrayList.java:1625)
	at java.base/java.util.stream.AbstractPipeline.copyInto(AbstractPipeline.java:509)
	at java.base/java.util.stream.AbstractPipeline.wrapAndCopyInto(AbstractPipeline.java:499)
	at java.base/java.util.stream.ReduceOps$ReduceOp.evaluateSequential(ReduceOps.java:921)
	at java.base/java.util.stream.AbstractPipeline.evaluate(AbstractPipeline.java:234)
	at java.base/java.util.stream.ReferencePipeline.collect(ReferencePipeline.java:682)
	at de.uka.ilkd.key.speclang.njml.Translator.mapOf(Translator.java:133)
	at de.uka.ilkd.key.speclang.njml.Translator.visitEquivalenceexpr(Translator.java:426)
	at de.uka.ilkd.key.speclang.njml.JmlParser$EquivalenceexprContext.accept(JmlParser.java:6585)
	at de.uka.ilkd.key.speclang.njml.Translator.accept(Translator.java:128)
	at de.uka.ilkd.key.speclang.njml.Translator.visitConditionalexpr(Translator.java:412)
	at de.uka.ilkd.key.speclang.njml.Translator.visitConditionalexpr(Translator.java:63)
	at de.uka.ilkd.key.speclang.njml.JmlParser$ConditionalexprContext.accept(JmlParser.java:6516)
	at de.uka.ilkd.key.speclang.njml.Translator.accept(Translator.java:128)
	at de.uka.ilkd.key.speclang.njml.Translator.visitExpression(Translator.java:402)
	at de.uka.ilkd.key.speclang.njml.Translator.visitExpression(Translator.java:63)
	at de.uka.ilkd.key.speclang.njml.JmlParser$ExpressionContext.accept(JmlParser.java:6463)
	at de.uka.ilkd.key.speclang.njml.JmlIO.interpret(JmlIO.java:178)
	at de.uka.ilkd.key.speclang.njml.JmlIO.translateTerm(JmlIO.java:188)
	at de.uka.ilkd.key.speclang.njml.JmlIO.translateTerm(JmlIO.java:201)
	at de.uka.ilkd.key.speclang.jml.translation.JMLSpecFactory.createJMLClassInvariant(JMLSpecFactory.java:956)
	at de.uka.ilkd.key.speclang.jml.JMLSpecExtractor.extractClassSpecs(JMLSpecExtractor.java:249)
	at de.uka.ilkd.key.speclang.SLEnvInput.createSpecs(SLEnvInput.java:284)
	at de.uka.ilkd.key.speclang.SLEnvInput.read(SLEnvInput.java:351)
	at de.uka.ilkd.key.proof.init.KeYUserProblemFile.read(KeYUserProblemFile.java:110)
	at de.uka.ilkd.key.proof.init.ProblemInitializer.readEnvInput(ProblemInitializer.java:323)
	at de.uka.ilkd.key.proof.init.ProblemInitializer.prepare(ProblemInitializer.java:561)
	at de.uka.ilkd.key.proof.init.ProblemInitializer.prepare(ProblemInitializer.java:471)
	at de.uka.ilkd.key.proof.init.ProblemInitializer.startProver(ProblemInitializer.java:607)
	at de.uka.ilkd.key.util.HelperClassForTests.parse(HelperClassForTests.java:78)
	at de.uka.ilkd.key.util.HelperClassForTests.parse(HelperClassForTests.java:66)
	at de.uka.ilkd.key.speclang.njml.NJmlTranslatorTests.&lt;init&gt;(NJmlTranslatorTests.java:32)
	at java.base/jdk.internal.reflect.NativeConstructorAccessorImpl.newInstance0(Native Method)
	at java.base/jdk.internal.reflect.NativeConstructorAccessorImpl.newInstance(NativeConstructorAccessorImpl.java:77)
	at java.base/jdk.internal.reflect.DelegatingConstructorAccessorImpl.newInstance(DelegatingConstructorAccessorImpl.java:45)
	at java.base/java.lang.reflect.Constructor.newInstanceWithCaller(Constructor.java:499)
	at java.base/java.lang.reflect.Constructor.newInstance(Constructor.java:480)
	at org.junit.platform.commons.util.ReflectionUtils.newInstance(ReflectionUtils.java:552)
	at org.junit.jupiter.engine.execution.ConstructorInvocation.proceed(ConstructorInvocation.java:56)
	at org.junit.jupiter.engine.execution.InvocationInterceptorChain$ValidatingInvocation.proceed(InvocationInterceptorChain.java:131)
	at org.junit.jupiter.api.extension.InvocationInterceptor.interceptTestClassConstructor(InvocationInterceptor.java:73)
	at org.junit.jupiter.engine.execution.InterceptingExecutableInvoker.lambda$invoke$0(InterceptingExecutableInvoker.java:93)
	at org.junit.jupiter.engine.execution.InvocationInterceptorChain$InterceptedInvocation.proceed(InvocationInterceptorChain.java:106)
	at org.junit.jupiter.engine.execution.InvocationInterceptorChain.proceed(InvocationInterceptorChain.java:64)
	at org.junit.jupiter.engine.execution.InvocationInterceptorChain.chainAndInvoke(InvocationInterceptorChain.java:45)
	at org.junit.jupiter.engine.execution.InvocationInterceptorChain.invoke(InvocationInterceptorChain.java:37)
	at org.junit.jupiter.engine.execution.InterceptingExecutableInvoker.invoke(InterceptingExecutableInvoker.java:92)
	at org.junit.jupiter.engine.execution.InterceptingExecutableInvoker.invoke(InterceptingExecutableInvoker.java:62)
	at org.junit.jupiter.engine.descriptor.ClassBasedTestDescriptor.invokeTestClassConstructor(ClassBasedTestDescriptor.java:363)
	at org.junit.jupiter.engine.descriptor.ClassBasedTestDescriptor.instantiateTestClass(ClassBasedTestDescriptor.java:310)
	at org.junit.jupiter.engine.descriptor.ClassTestDescriptor.instantiateTestClass(ClassTestDescriptor.java:79)
	at org.junit.jupiter.engine.descriptor.ClassBasedTestDescriptor.instantiateAndPostProcessTestInstance(ClassBasedTestDescriptor.java:286)
	at org.junit.jupiter.engine.descriptor.ClassBasedTestDescriptor.lambda$testInstancesProvider$4(ClassBasedTestDescriptor.java:278)
	at java.base/java.util.Optional.orElseGet(Optional.java:364)
	at org.junit.jupiter.engine.descriptor.ClassBasedTestDescriptor.lambda$testInstancesProvider$5(ClassBasedTestDescriptor.java:277)
	at org.junit.jupiter.engine.execution.TestInstancesProvider.getTestInstances(TestInstancesProvider.java:31)
	at org.junit.jupiter.engine.descriptor.TestMethodTestDescriptor.lambda$prepare$0(TestMethodTestDescriptor.java:105)
	at org.junit.platform.engine.support.hierarchical.ThrowableCollector.execute(ThrowableCollector.java:73)
	at org.junit.jupiter.engine.descriptor.TestMethodTestDescriptor.prepare(TestMethodTestDescriptor.java:104)
	at org.junit.jupiter.engine.descriptor.TestMethodTestDescriptor.prepare(TestMethodTestDescriptor.java:68)
	at org.junit.platform.engine.support.hierarchical.NodeTestTask.lambda$prepare$2(NodeTestTask.java:123)
	at org.junit.platform.engine.support.hierarchical.ThrowableCollector.execute(ThrowableCollector.java:73)
	at org.junit.platform.engine.support.hierarchical.NodeTestTask.prepare(NodeTestTask.java:123)
	at org.junit.platform.engine.support.hierarchical.NodeTestTask.execute(NodeTestTask.java:90)
	at java.base/java.util.ArrayList.forEach(ArrayList.java:1511)
	at org.junit.platform.engine.support.hierarchical.SameThreadHierarchicalTestExecutorService.invokeAll(SameThreadHierarchicalTestExecutorService.java:41)
	at org.junit.platform.engine.support.hierarchical.NodeTestTask.lambda$executeRecursively$6(NodeTestTask.java:155)
	at org.junit.platform.engine.support.hierarchical.ThrowableCollector.execute(ThrowableCollector.java:73)
	at org.junit.platform.engine.support.hierarchical.NodeTestTask.lambda$executeRecursively$8(NodeTestTask.java:141)
	at org.junit.platform.engine.support.hierarchical.Node.around(Node.java:137)
	at org.junit.platform.engine.support.hierarchical.NodeTestTask.lambda$executeRecursively$9(NodeTestTask.java:139)
	at org.junit.platform.engine.support.hierarchical.ThrowableCollector.execute(ThrowableCollector.java:73)
	at org.junit.platform.engine.support.hierarchical.NodeTestTask.executeRecursively(NodeTestTask.java:138)
	at org.junit.platform.engine.support.hierarchical.NodeTestTask.execute(NodeTestTask.java:95)
	at java.base/java.util.ArrayList.forEach(ArrayList.java:1511)
	at org.junit.platform.engine.support.hierarchical.SameThreadHierarchicalTestExecutorService.invokeAll(SameThreadHierarchicalTestExecutorService.java:41)
	at org.junit.platform.engine.support.hierarchical.NodeTestTask.lambda$executeRecursively$6(NodeTestTask.java:155)
	at org.junit.platform.engine.support.hierarchical.ThrowableCollector.execute(ThrowableCollector.java:73)
	at org.junit.platform.engine.support.hierarchical.NodeTestTask.lambda$executeRecursively$8(NodeTestTask.java:141)
	at org.junit.platform.engine.support.hierarchical.Node.around(Node.java:137)
	at org.junit.platform.engine.support.hierarchical.NodeTestTask.lambda$executeRecursively$9(NodeTestTask.java:139)
	at org.junit.platform.engine.support.hierarchical.ThrowableCollector.execute(ThrowableCollector.java:73)
	at org.junit.platform.engine.support.hierarchical.NodeTestTask.executeRecursively(NodeTestTask.java:138)
	at org.junit.platform.engine.support.hierarchical.NodeTestTask.execute(NodeTestTask.java:95)
	at org.junit.platform.engine.support.hierarchical.SameThreadHierarchicalTestExecutorService.submit(SameThreadHierarchicalTestExecutorService.java:35)
	at org.junit.platform.engine.support.hierarchical.HierarchicalTestExecutor.execute(HierarchicalTestExecutor.java:57)
	at org.junit.platform.engine.support.hierarchical.HierarchicalTestEngine.execute(HierarchicalTestEngine.java:54)
	at org.junit.platform.launcher.core.EngineExecutionOrchestrator.execute(EngineExecutionOrchestrator.java:107)
	at org.junit.platform.launcher.core.EngineExecutionOrchestrator.execute(EngineExecutionOrchestrator.java:88)
	at org.junit.platform.launcher.core.EngineExecutionOrchestrator.lambda$execute$0(EngineExecutionOrchestrator.java:54)
	at org.junit.platform.launcher.core.EngineExecutionOrchestrator.withInterceptedStreams(EngineExecutionOrchestrator.java:67)
	at org.junit.platform.launcher.core.EngineExecutionOrchestrator.execute(EngineExecutionOrchestrator.java:52)
	at org.junit.platform.launcher.core.DefaultLauncher.execute(DefaultLauncher.java:114)
	at org.junit.platform.launcher.core.DefaultLauncher.execute(DefaultLauncher.java:86)
	at org.junit.platform.launcher.core.DefaultLauncherSession$DelegatingLauncher.execute(DefaultLauncherSession.java:86)
	at org.gradle.api.internal.tasks.testing.junitplatform.JUnitPlatformTestClassProcessor$CollectAllTestClassesExecutor.processAllTestClasses(JUnitPlatformTestClassProcessor.java:110)
	at org.gradle.api.internal.tasks.testing.junitplatform.JUnitPlatformTestClassProcessor$CollectAllTestClassesExecutor.access$000(JUnitPlatformTestClassProcessor.java:90)
	at org.gradle.api.internal.tasks.testing.junitplatform.JUnitPlatformTestClassProcessor.stop(JUnitPlatformTestClassProcessor.java:85)
	at org.gradle.api.internal.tasks.testing.SuiteTestClassProcessor.stop(SuiteTestClassProcessor.java:62)
	at java.base/jdk.internal.reflect.NativeMethodAccessorImpl.invoke0(Native Method)
	at java.base/jdk.internal.reflect.NativeMethodAccessorImpl.invoke(NativeMethodAccessorImpl.java:77)
	at java.base/jdk.internal.reflect.DelegatingMethodAccessorImpl.invoke(DelegatingMethodAccessorImpl.java:43)
	at java.base/java.lang.reflect.Method.invoke(Method.java:568)
	at org.gradle.internal.dispatch.ReflectionDispatch.dispatch(ReflectionDispatch.java:36)
	at org.gradle.internal.dispatch.ReflectionDispatch.dispatch(ReflectionDispatch.java:24)
	at org.gradle.internal.dispatch.ContextClassLoaderDispatch.dispatch(ContextClassLoaderDispatch.java:33)
	at org.gradle.internal.dispatch.ProxyDispatchAdapter$DispatchingInvocationHandler.invoke(ProxyDispatchAdapter.java:94)
	at jdk.proxy2/jdk.proxy2.$Proxy5.stop(Unknown Source)
	at org.gradle.api.internal.tasks.testing.worker.TestWorker$3.run(TestWorker.java:193)
	at org.gradle.api.internal.tasks.testing.worker.TestWorker.executeAndMaintainThreadName(TestWorker.java:129)
	at org.gradle.api.internal.tasks.testing.worker.TestWorker.execute(TestWorker.java:100)
	at org.gradle.api.internal.tasks.testing.worker.TestWorker.execute(TestWorker.java:60)
	at org.gradle.process.internal.worker.child.ActionExecutionWorker.execute(ActionExecutionWorker.java:56)
	at org.gradle.process.internal.worker.child.SystemApplicationClassLoaderWorker.call(SystemApplicationClassLoaderWorker.java:113)
	at org.gradle.process.internal.worker.child.SystemApplicationClassLoaderWorker.call(SystemApplicationClassLoaderWorker.java:65)
	at worker.org.gradle.process.internal.worker.GradleWorkerMain.run(GradleWorkerMain.java:69)
	at worker.org.gradle.process.internal.worker.GradleWorkerMain.main(GradleWorkerMain.java:74)
</failure>
  </testcase>
  <testcase name="testContractModifiersMultipleAlso()" classname="de.uka.ilkd.key.speclang.njml.NJmlTranslatorTests" time="0.003">
    <failure message="java.lang.NullPointerException: Cannot invoke &quot;de.uka.ilkd.key.java.JavaService.getProgramFactory()&quot; because &quot;this.javaService&quot; is null" type="java.lang.NullPointerException">java.lang.NullPointerException: Cannot invoke &quot;de.uka.ilkd.key.java.JavaService.getProgramFactory()&quot; because &quot;this.javaService&quot; is null
	at de.uka.ilkd.key.java.KeYProgModelInfo.isPackage(KeYProgModelInfo.java:213)
	at de.uka.ilkd.key.java.JavaInfo.isPackage(JavaInfo.java:221)
	at de.uka.ilkd.key.speclang.translation.SLExpressionResolver.trimPackageRef(SLExpressionResolver.java:43)
	at de.uka.ilkd.key.speclang.translation.SLExpressionResolver.areInSamePackage(SLExpressionResolver.java:62)
	at de.uka.ilkd.key.speclang.translation.SLExpressionResolver.isVisibleHelper(SLExpressionResolver.java:103)
	at de.uka.ilkd.key.speclang.translation.SLExpressionResolver.isVisible(SLExpressionResolver.java:114)
	at de.uka.ilkd.key.speclang.translation.SLAttributeResolver.lookupVisibleAttribute(SLAttributeResolver.java:37)
	at de.uka.ilkd.key.speclang.translation.SLAttributeResolver.doResolving(SLAttributeResolver.java:94)
	at de.uka.ilkd.key.speclang.translation.SLExpressionResolver.resolve(SLExpressionResolver.java:149)
	at de.uka.ilkd.key.speclang.translation.SLResolverManager.resolveExplicit(SLResolverManager.java:137)
	at de.uka.ilkd.key.speclang.translation.SLResolverManager.resolveImplicit(SLResolverManager.java:112)
	at de.uka.ilkd.key.speclang.translation.SLResolverManager.resolveIt(SLResolverManager.java:159)
	at de.uka.ilkd.key.speclang.translation.SLResolverManager.resolve(SLResolverManager.java:195)
	at de.uka.ilkd.key.speclang.njml.Translator.lookupIdentifier(Translator.java:924)
	at de.uka.ilkd.key.speclang.njml.Translator.visitIdent(Translator.java:882)
	at de.uka.ilkd.key.speclang.njml.JmlParser$IdentContext.accept(JmlParser.java:8637)
	at org.antlr.v4.runtime.tree.AbstractParseTreeVisitor.visitChildren(AbstractParseTreeVisitor.java:46)
	at de.uka.ilkd.key.speclang.njml.JmlParserBaseVisitor.visitPrimaryexpr(JmlParserBaseVisitor.java:724)
	at de.uka.ilkd.key.speclang.njml.JmlParser$PrimaryexprContext.accept(JmlParser.java:8399)
	at de.uka.ilkd.key.speclang.njml.Translator.accept(Translator.java:128)
	at de.uka.ilkd.key.speclang.njml.Translator.visitPostfixexpr(Translator.java:854)
	at de.uka.ilkd.key.speclang.njml.Translator.visitPostfixexpr(Translator.java:63)
	at de.uka.ilkd.key.speclang.njml.JmlParser$PostfixexprContext.accept(JmlParser.java:8315)
	at de.uka.ilkd.key.speclang.njml.Translator.accept(Translator.java:128)
	at de.uka.ilkd.key.speclang.njml.Translator.visitUnaryexprnotplusminus(Translator.java:840)
	at de.uka.ilkd.key.speclang.njml.JmlParser$UnaryexprnotplusminusContext.accept(JmlParser.java:8146)
	at de.uka.ilkd.key.speclang.njml.Translator.accept(Translator.java:128)
	at de.uka.ilkd.key.speclang.njml.Translator.oneOf(Translator.java:147)
	at de.uka.ilkd.key.speclang.njml.Translator.visitUnaryexpr(Translator.java:800)
	at de.uka.ilkd.key.speclang.njml.Translator.visitUnaryexpr(Translator.java:63)
	at de.uka.ilkd.key.speclang.njml.JmlParser$UnaryexprContext.accept(JmlParser.java:8002)
	at de.uka.ilkd.key.speclang.njml.Translator.accept(Translator.java:128)
	at de.uka.ilkd.key.speclang.njml.Translator.lambda$mapOf$0(Translator.java:133)
	at java.base/java.util.stream.ReferencePipeline$3$1.accept(ReferencePipeline.java:197)
	at java.base/java.util.ArrayList$ArrayListSpliterator.forEachRemaining(ArrayList.java:1625)
	at java.base/java.util.stream.AbstractPipeline.copyInto(AbstractPipeline.java:509)
	at java.base/java.util.stream.AbstractPipeline.wrapAndCopyInto(AbstractPipeline.java:499)
	at java.base/java.util.stream.ReduceOps$ReduceOp.evaluateSequential(ReduceOps.java:921)
	at java.base/java.util.stream.AbstractPipeline.evaluate(AbstractPipeline.java:234)
	at java.base/java.util.stream.ReferencePipeline.collect(ReferencePipeline.java:682)
	at de.uka.ilkd.key.speclang.njml.Translator.mapOf(Translator.java:133)
	at de.uka.ilkd.key.speclang.njml.Translator.visitMultexpr(Translator.java:737)
	at de.uka.ilkd.key.speclang.njml.JmlParser$MultexprContext.accept(JmlParser.java:7921)
	at de.uka.ilkd.key.speclang.njml.Translator.accept(Translator.java:128)
	at de.uka.ilkd.key.speclang.njml.Translator.lambda$mapOf$0(Translator.java:133)
	at java.base/java.util.stream.ReferencePipeline$3$1.accept(ReferencePipeline.java:197)
	at java.base/java.util.ArrayList$ArrayListSpliterator.forEachRemaining(ArrayList.java:1625)
	at java.base/java.util.stream.AbstractPipeline.copyInto(AbstractPipeline.java:509)
	at java.base/java.util.stream.AbstractPipeline.wrapAndCopyInto(AbstractPipeline.java:499)
	at java.base/java.util.stream.ReduceOps$ReduceOp.evaluateSequential(ReduceOps.java:921)
	at java.base/java.util.stream.AbstractPipeline.evaluate(AbstractPipeline.java:234)
	at java.base/java.util.stream.ReferencePipeline.collect(ReferencePipeline.java:682)
	at de.uka.ilkd.key.speclang.njml.Translator.mapOf(Translator.java:133)
	at de.uka.ilkd.key.speclang.njml.Translator.visitAdditiveexpr(Translator.java:720)
	at de.uka.ilkd.key.speclang.njml.JmlParser$AdditiveexprContext.accept(JmlParser.java:7829)
	at de.uka.ilkd.key.speclang.njml.Translator.accept(Translator.java:128)
	at de.uka.ilkd.key.speclang.njml.Translator.lambda$mapOf$0(Translator.java:133)
	at java.base/java.util.stream.ReferencePipeline$3$1.accept(ReferencePipeline.java:197)
	at java.base/java.util.ArrayList$ArrayListSpliterator.forEachRemaining(ArrayList.java:1625)
	at java.base/java.util.stream.AbstractPipeline.copyInto(AbstractPipeline.java:509)
	at java.base/java.util.stream.AbstractPipeline.wrapAndCopyInto(AbstractPipeline.java:499)
	at java.base/java.util.stream.ReduceOps$ReduceOp.evaluateSequential(ReduceOps.java:921)
	at java.base/java.util.stream.AbstractPipeline.evaluate(AbstractPipeline.java:234)
	at java.base/java.util.stream.ReferencePipeline.collect(ReferencePipeline.java:682)
	at de.uka.ilkd.key.speclang.njml.Translator.mapOf(Translator.java:133)
	at de.uka.ilkd.key.speclang.njml.Translator.visitShiftexpr(Translator.java:703)
	at de.uka.ilkd.key.speclang.njml.JmlParser$ShiftexprContext.accept(JmlParser.java:7742)
	at de.uka.ilkd.key.speclang.njml.Translator.accept(Translator.java:128)
	at de.uka.ilkd.key.speclang.njml.Translator.oneOf(Translator.java:147)
	at de.uka.ilkd.key.speclang.njml.Translator.visitRelationalexpr(Translator.java:494)
	at de.uka.ilkd.key.speclang.njml.JmlParser$RelationalexprContext.accept(JmlParser.java:7344)
	at de.uka.ilkd.key.speclang.njml.Translator.accept(Translator.java:128)
	at de.uka.ilkd.key.speclang.njml.Translator.lambda$mapOf$0(Translator.java:133)
	at java.base/java.util.stream.ReferencePipeline$3$1.accept(ReferencePipeline.java:197)
	at java.base/java.util.ArrayList$ArrayListSpliterator.forEachRemaining(ArrayList.java:1625)
	at java.base/java.util.stream.AbstractPipeline.copyInto(AbstractPipeline.java:509)
	at java.base/java.util.stream.AbstractPipeline.wrapAndCopyInto(AbstractPipeline.java:499)
	at java.base/java.util.stream.ReduceOps$ReduceOp.evaluateSequential(ReduceOps.java:921)
	at java.base/java.util.stream.AbstractPipeline.evaluate(AbstractPipeline.java:234)
	at java.base/java.util.stream.ReferencePipeline.collect(ReferencePipeline.java:682)
	at de.uka.ilkd.key.speclang.njml.Translator.mapOf(Translator.java:133)
	at de.uka.ilkd.key.speclang.njml.Translator.visitEqualityexpr(Translator.java:562)
	at de.uka.ilkd.key.speclang.njml.Translator.visitEqualityexpr(Translator.java:63)
	at de.uka.ilkd.key.speclang.njml.JmlParser$EqualityexprContext.accept(JmlParser.java:7270)
	at de.uka.ilkd.key.speclang.njml.Translator.accept(Translator.java:128)
	at de.uka.ilkd.key.speclang.njml.Translator.visitAndexpr(Translator.java:544)
	at de.uka.ilkd.key.speclang.njml.JmlParser$AndexprContext.accept(JmlParser.java:7201)
	at de.uka.ilkd.key.speclang.njml.Translator.accept(Translator.java:128)
	at de.uka.ilkd.key.speclang.njml.Translator.visitExclusiveorexpr(Translator.java:529)
	at de.uka.ilkd.key.speclang.njml.JmlParser$ExclusiveorexprContext.accept(JmlParser.java:7132)
	at de.uka.ilkd.key.speclang.njml.Translator.accept(Translator.java:128)
	at de.uka.ilkd.key.speclang.njml.Translator.visitInclusiveorexpr(Translator.java:514)
	at de.uka.ilkd.key.speclang.njml.JmlParser$InclusiveorexprContext.accept(JmlParser.java:7063)
	at de.uka.ilkd.key.speclang.njml.Translator.accept(Translator.java:128)
	at de.uka.ilkd.key.speclang.njml.Translator.visitLogicalandexpr(Translator.java:501)
	at de.uka.ilkd.key.speclang.njml.JmlParser$LogicalandexprContext.accept(JmlParser.java:6994)
	at de.uka.ilkd.key.speclang.njml.Translator.accept(Translator.java:128)
	at de.uka.ilkd.key.speclang.njml.Translator.visitLogicalorexpr(Translator.java:482)
	at de.uka.ilkd.key.speclang.njml.Translator.visitLogicalorexpr(Translator.java:63)
	at de.uka.ilkd.key.speclang.njml.JmlParser$LogicalorexprContext.accept(JmlParser.java:6925)
	at de.uka.ilkd.key.speclang.njml.Translator.accept(Translator.java:128)
	at de.uka.ilkd.key.speclang.njml.Translator.visitImpliesexpr(Translator.java:446)
	at de.uka.ilkd.key.speclang.njml.JmlParser$ImpliesexprContext.accept(JmlParser.java:6662)
	at de.uka.ilkd.key.speclang.njml.Translator.accept(Translator.java:128)
	at de.uka.ilkd.key.speclang.njml.Translator.lambda$mapOf$0(Translator.java:133)
	at java.base/java.util.stream.ReferencePipeline$3$1.accept(ReferencePipeline.java:197)
	at java.base/java.util.ArrayList$ArrayListSpliterator.forEachRemaining(ArrayList.java:1625)
	at java.base/java.util.stream.AbstractPipeline.copyInto(AbstractPipeline.java:509)
	at java.base/java.util.stream.AbstractPipeline.wrapAndCopyInto(AbstractPipeline.java:499)
	at java.base/java.util.stream.ReduceOps$ReduceOp.evaluateSequential(ReduceOps.java:921)
	at java.base/java.util.stream.AbstractPipeline.evaluate(AbstractPipeline.java:234)
	at java.base/java.util.stream.ReferencePipeline.collect(ReferencePipeline.java:682)
	at de.uka.ilkd.key.speclang.njml.Translator.mapOf(Translator.java:133)
	at de.uka.ilkd.key.speclang.njml.Translator.visitEquivalenceexpr(Translator.java:426)
	at de.uka.ilkd.key.speclang.njml.JmlParser$EquivalenceexprContext.accept(JmlParser.java:6585)
	at de.uka.ilkd.key.speclang.njml.Translator.accept(Translator.java:128)
	at de.uka.ilkd.key.speclang.njml.Translator.visitConditionalexpr(Translator.java:412)
	at de.uka.ilkd.key.speclang.njml.Translator.visitConditionalexpr(Translator.java:63)
	at de.uka.ilkd.key.speclang.njml.JmlParser$ConditionalexprContext.accept(JmlParser.java:6516)
	at de.uka.ilkd.key.speclang.njml.Translator.accept(Translator.java:128)
	at de.uka.ilkd.key.speclang.njml.Translator.visitExpression(Translator.java:402)
	at de.uka.ilkd.key.speclang.njml.Translator.visitExpression(Translator.java:63)
	at de.uka.ilkd.key.speclang.njml.JmlParser$ExpressionContext.accept(JmlParser.java:6463)
	at de.uka.ilkd.key.speclang.njml.JmlIO.interpret(JmlIO.java:178)
	at de.uka.ilkd.key.speclang.njml.JmlIO.translateTerm(JmlIO.java:188)
	at de.uka.ilkd.key.speclang.njml.JmlIO.translateTerm(JmlIO.java:201)
	at de.uka.ilkd.key.speclang.jml.translation.JMLSpecFactory.createJMLClassInvariant(JMLSpecFactory.java:956)
	at de.uka.ilkd.key.speclang.jml.JMLSpecExtractor.extractClassSpecs(JMLSpecExtractor.java:249)
	at de.uka.ilkd.key.speclang.SLEnvInput.createSpecs(SLEnvInput.java:284)
	at de.uka.ilkd.key.speclang.SLEnvInput.read(SLEnvInput.java:351)
	at de.uka.ilkd.key.proof.init.KeYUserProblemFile.read(KeYUserProblemFile.java:110)
	at de.uka.ilkd.key.proof.init.ProblemInitializer.readEnvInput(ProblemInitializer.java:323)
	at de.uka.ilkd.key.proof.init.ProblemInitializer.prepare(ProblemInitializer.java:561)
	at de.uka.ilkd.key.proof.init.ProblemInitializer.prepare(ProblemInitializer.java:471)
	at de.uka.ilkd.key.proof.init.ProblemInitializer.startProver(ProblemInitializer.java:607)
	at de.uka.ilkd.key.util.HelperClassForTests.parse(HelperClassForTests.java:78)
	at de.uka.ilkd.key.util.HelperClassForTests.parse(HelperClassForTests.java:66)
	at de.uka.ilkd.key.speclang.njml.NJmlTranslatorTests.&lt;init&gt;(NJmlTranslatorTests.java:32)
	at java.base/jdk.internal.reflect.NativeConstructorAccessorImpl.newInstance0(Native Method)
	at java.base/jdk.internal.reflect.NativeConstructorAccessorImpl.newInstance(NativeConstructorAccessorImpl.java:77)
	at java.base/jdk.internal.reflect.DelegatingConstructorAccessorImpl.newInstance(DelegatingConstructorAccessorImpl.java:45)
	at java.base/java.lang.reflect.Constructor.newInstanceWithCaller(Constructor.java:499)
	at java.base/java.lang.reflect.Constructor.newInstance(Constructor.java:480)
	at org.junit.platform.commons.util.ReflectionUtils.newInstance(ReflectionUtils.java:552)
	at org.junit.jupiter.engine.execution.ConstructorInvocation.proceed(ConstructorInvocation.java:56)
	at org.junit.jupiter.engine.execution.InvocationInterceptorChain$ValidatingInvocation.proceed(InvocationInterceptorChain.java:131)
	at org.junit.jupiter.api.extension.InvocationInterceptor.interceptTestClassConstructor(InvocationInterceptor.java:73)
	at org.junit.jupiter.engine.execution.InterceptingExecutableInvoker.lambda$invoke$0(InterceptingExecutableInvoker.java:93)
	at org.junit.jupiter.engine.execution.InvocationInterceptorChain$InterceptedInvocation.proceed(InvocationInterceptorChain.java:106)
	at org.junit.jupiter.engine.execution.InvocationInterceptorChain.proceed(InvocationInterceptorChain.java:64)
	at org.junit.jupiter.engine.execution.InvocationInterceptorChain.chainAndInvoke(InvocationInterceptorChain.java:45)
	at org.junit.jupiter.engine.execution.InvocationInterceptorChain.invoke(InvocationInterceptorChain.java:37)
	at org.junit.jupiter.engine.execution.InterceptingExecutableInvoker.invoke(InterceptingExecutableInvoker.java:92)
	at org.junit.jupiter.engine.execution.InterceptingExecutableInvoker.invoke(InterceptingExecutableInvoker.java:62)
	at org.junit.jupiter.engine.descriptor.ClassBasedTestDescriptor.invokeTestClassConstructor(ClassBasedTestDescriptor.java:363)
	at org.junit.jupiter.engine.descriptor.ClassBasedTestDescriptor.instantiateTestClass(ClassBasedTestDescriptor.java:310)
	at org.junit.jupiter.engine.descriptor.ClassTestDescriptor.instantiateTestClass(ClassTestDescriptor.java:79)
	at org.junit.jupiter.engine.descriptor.ClassBasedTestDescriptor.instantiateAndPostProcessTestInstance(ClassBasedTestDescriptor.java:286)
	at org.junit.jupiter.engine.descriptor.ClassBasedTestDescriptor.lambda$testInstancesProvider$4(ClassBasedTestDescriptor.java:278)
	at java.base/java.util.Optional.orElseGet(Optional.java:364)
	at org.junit.jupiter.engine.descriptor.ClassBasedTestDescriptor.lambda$testInstancesProvider$5(ClassBasedTestDescriptor.java:277)
	at org.junit.jupiter.engine.execution.TestInstancesProvider.getTestInstances(TestInstancesProvider.java:31)
	at org.junit.jupiter.engine.descriptor.TestMethodTestDescriptor.lambda$prepare$0(TestMethodTestDescriptor.java:105)
	at org.junit.platform.engine.support.hierarchical.ThrowableCollector.execute(ThrowableCollector.java:73)
	at org.junit.jupiter.engine.descriptor.TestMethodTestDescriptor.prepare(TestMethodTestDescriptor.java:104)
	at org.junit.jupiter.engine.descriptor.TestMethodTestDescriptor.prepare(TestMethodTestDescriptor.java:68)
	at org.junit.platform.engine.support.hierarchical.NodeTestTask.lambda$prepare$2(NodeTestTask.java:123)
	at org.junit.platform.engine.support.hierarchical.ThrowableCollector.execute(ThrowableCollector.java:73)
	at org.junit.platform.engine.support.hierarchical.NodeTestTask.prepare(NodeTestTask.java:123)
	at org.junit.platform.engine.support.hierarchical.NodeTestTask.execute(NodeTestTask.java:90)
	at java.base/java.util.ArrayList.forEach(ArrayList.java:1511)
	at org.junit.platform.engine.support.hierarchical.SameThreadHierarchicalTestExecutorService.invokeAll(SameThreadHierarchicalTestExecutorService.java:41)
	at org.junit.platform.engine.support.hierarchical.NodeTestTask.lambda$executeRecursively$6(NodeTestTask.java:155)
	at org.junit.platform.engine.support.hierarchical.ThrowableCollector.execute(ThrowableCollector.java:73)
	at org.junit.platform.engine.support.hierarchical.NodeTestTask.lambda$executeRecursively$8(NodeTestTask.java:141)
	at org.junit.platform.engine.support.hierarchical.Node.around(Node.java:137)
	at org.junit.platform.engine.support.hierarchical.NodeTestTask.lambda$executeRecursively$9(NodeTestTask.java:139)
	at org.junit.platform.engine.support.hierarchical.ThrowableCollector.execute(ThrowableCollector.java:73)
	at org.junit.platform.engine.support.hierarchical.NodeTestTask.executeRecursively(NodeTestTask.java:138)
	at org.junit.platform.engine.support.hierarchical.NodeTestTask.execute(NodeTestTask.java:95)
	at java.base/java.util.ArrayList.forEach(ArrayList.java:1511)
	at org.junit.platform.engine.support.hierarchical.SameThreadHierarchicalTestExecutorService.invokeAll(SameThreadHierarchicalTestExecutorService.java:41)
	at org.junit.platform.engine.support.hierarchical.NodeTestTask.lambda$executeRecursively$6(NodeTestTask.java:155)
	at org.junit.platform.engine.support.hierarchical.ThrowableCollector.execute(ThrowableCollector.java:73)
	at org.junit.platform.engine.support.hierarchical.NodeTestTask.lambda$executeRecursively$8(NodeTestTask.java:141)
	at org.junit.platform.engine.support.hierarchical.Node.around(Node.java:137)
	at org.junit.platform.engine.support.hierarchical.NodeTestTask.lambda$executeRecursively$9(NodeTestTask.java:139)
	at org.junit.platform.engine.support.hierarchical.ThrowableCollector.execute(ThrowableCollector.java:73)
	at org.junit.platform.engine.support.hierarchical.NodeTestTask.executeRecursively(NodeTestTask.java:138)
	at org.junit.platform.engine.support.hierarchical.NodeTestTask.execute(NodeTestTask.java:95)
	at org.junit.platform.engine.support.hierarchical.SameThreadHierarchicalTestExecutorService.submit(SameThreadHierarchicalTestExecutorService.java:35)
	at org.junit.platform.engine.support.hierarchical.HierarchicalTestExecutor.execute(HierarchicalTestExecutor.java:57)
	at org.junit.platform.engine.support.hierarchical.HierarchicalTestEngine.execute(HierarchicalTestEngine.java:54)
	at org.junit.platform.launcher.core.EngineExecutionOrchestrator.execute(EngineExecutionOrchestrator.java:107)
	at org.junit.platform.launcher.core.EngineExecutionOrchestrator.execute(EngineExecutionOrchestrator.java:88)
	at org.junit.platform.launcher.core.EngineExecutionOrchestrator.lambda$execute$0(EngineExecutionOrchestrator.java:54)
	at org.junit.platform.launcher.core.EngineExecutionOrchestrator.withInterceptedStreams(EngineExecutionOrchestrator.java:67)
	at org.junit.platform.launcher.core.EngineExecutionOrchestrator.execute(EngineExecutionOrchestrator.java:52)
	at org.junit.platform.launcher.core.DefaultLauncher.execute(DefaultLauncher.java:114)
	at org.junit.platform.launcher.core.DefaultLauncher.execute(DefaultLauncher.java:86)
	at org.junit.platform.launcher.core.DefaultLauncherSession$DelegatingLauncher.execute(DefaultLauncherSession.java:86)
	at org.gradle.api.internal.tasks.testing.junitplatform.JUnitPlatformTestClassProcessor$CollectAllTestClassesExecutor.processAllTestClasses(JUnitPlatformTestClassProcessor.java:110)
	at org.gradle.api.internal.tasks.testing.junitplatform.JUnitPlatformTestClassProcessor$CollectAllTestClassesExecutor.access$000(JUnitPlatformTestClassProcessor.java:90)
	at org.gradle.api.internal.tasks.testing.junitplatform.JUnitPlatformTestClassProcessor.stop(JUnitPlatformTestClassProcessor.java:85)
	at org.gradle.api.internal.tasks.testing.SuiteTestClassProcessor.stop(SuiteTestClassProcessor.java:62)
	at java.base/jdk.internal.reflect.NativeMethodAccessorImpl.invoke0(Native Method)
	at java.base/jdk.internal.reflect.NativeMethodAccessorImpl.invoke(NativeMethodAccessorImpl.java:77)
	at java.base/jdk.internal.reflect.DelegatingMethodAccessorImpl.invoke(DelegatingMethodAccessorImpl.java:43)
	at java.base/java.lang.reflect.Method.invoke(Method.java:568)
	at org.gradle.internal.dispatch.ReflectionDispatch.dispatch(ReflectionDispatch.java:36)
	at org.gradle.internal.dispatch.ReflectionDispatch.dispatch(ReflectionDispatch.java:24)
	at org.gradle.internal.dispatch.ContextClassLoaderDispatch.dispatch(ContextClassLoaderDispatch.java:33)
	at org.gradle.internal.dispatch.ProxyDispatchAdapter$DispatchingInvocationHandler.invoke(ProxyDispatchAdapter.java:94)
	at jdk.proxy2/jdk.proxy2.$Proxy5.stop(Unknown Source)
	at org.gradle.api.internal.tasks.testing.worker.TestWorker$3.run(TestWorker.java:193)
	at org.gradle.api.internal.tasks.testing.worker.TestWorker.executeAndMaintainThreadName(TestWorker.java:129)
	at org.gradle.api.internal.tasks.testing.worker.TestWorker.execute(TestWorker.java:100)
	at org.gradle.api.internal.tasks.testing.worker.TestWorker.execute(TestWorker.java:60)
	at org.gradle.process.internal.worker.child.ActionExecutionWorker.execute(ActionExecutionWorker.java:56)
	at org.gradle.process.internal.worker.child.SystemApplicationClassLoaderWorker.call(SystemApplicationClassLoaderWorker.java:113)
	at org.gradle.process.internal.worker.child.SystemApplicationClassLoaderWorker.call(SystemApplicationClassLoaderWorker.java:65)
	at worker.org.gradle.process.internal.worker.GradleWorkerMain.run(GradleWorkerMain.java:69)
	at worker.org.gradle.process.internal.worker.GradleWorkerMain.main(GradleWorkerMain.java:74)
</failure>
  </testcase>
  <testcase name="testContractModifiersMultiple()" classname="de.uka.ilkd.key.speclang.njml.NJmlTranslatorTests" time="0.001">
    <failure message="java.lang.NullPointerException: Cannot invoke &quot;de.uka.ilkd.key.java.JavaService.getProgramFactory()&quot; because &quot;this.javaService&quot; is null" type="java.lang.NullPointerException">java.lang.NullPointerException: Cannot invoke &quot;de.uka.ilkd.key.java.JavaService.getProgramFactory()&quot; because &quot;this.javaService&quot; is null
	at de.uka.ilkd.key.java.KeYProgModelInfo.isPackage(KeYProgModelInfo.java:213)
	at de.uka.ilkd.key.java.JavaInfo.isPackage(JavaInfo.java:221)
	at de.uka.ilkd.key.speclang.translation.SLExpressionResolver.trimPackageRef(SLExpressionResolver.java:43)
	at de.uka.ilkd.key.speclang.translation.SLExpressionResolver.areInSamePackage(SLExpressionResolver.java:62)
	at de.uka.ilkd.key.speclang.translation.SLExpressionResolver.isVisibleHelper(SLExpressionResolver.java:103)
	at de.uka.ilkd.key.speclang.translation.SLExpressionResolver.isVisible(SLExpressionResolver.java:114)
	at de.uka.ilkd.key.speclang.translation.SLAttributeResolver.lookupVisibleAttribute(SLAttributeResolver.java:37)
	at de.uka.ilkd.key.speclang.translation.SLAttributeResolver.doResolving(SLAttributeResolver.java:94)
	at de.uka.ilkd.key.speclang.translation.SLExpressionResolver.resolve(SLExpressionResolver.java:149)
	at de.uka.ilkd.key.speclang.translation.SLResolverManager.resolveExplicit(SLResolverManager.java:137)
	at de.uka.ilkd.key.speclang.translation.SLResolverManager.resolveImplicit(SLResolverManager.java:112)
	at de.uka.ilkd.key.speclang.translation.SLResolverManager.resolveIt(SLResolverManager.java:159)
	at de.uka.ilkd.key.speclang.translation.SLResolverManager.resolve(SLResolverManager.java:195)
	at de.uka.ilkd.key.speclang.njml.Translator.lookupIdentifier(Translator.java:924)
	at de.uka.ilkd.key.speclang.njml.Translator.visitIdent(Translator.java:882)
	at de.uka.ilkd.key.speclang.njml.JmlParser$IdentContext.accept(JmlParser.java:8637)
	at org.antlr.v4.runtime.tree.AbstractParseTreeVisitor.visitChildren(AbstractParseTreeVisitor.java:46)
	at de.uka.ilkd.key.speclang.njml.JmlParserBaseVisitor.visitPrimaryexpr(JmlParserBaseVisitor.java:724)
	at de.uka.ilkd.key.speclang.njml.JmlParser$PrimaryexprContext.accept(JmlParser.java:8399)
	at de.uka.ilkd.key.speclang.njml.Translator.accept(Translator.java:128)
	at de.uka.ilkd.key.speclang.njml.Translator.visitPostfixexpr(Translator.java:854)
	at de.uka.ilkd.key.speclang.njml.Translator.visitPostfixexpr(Translator.java:63)
	at de.uka.ilkd.key.speclang.njml.JmlParser$PostfixexprContext.accept(JmlParser.java:8315)
	at de.uka.ilkd.key.speclang.njml.Translator.accept(Translator.java:128)
	at de.uka.ilkd.key.speclang.njml.Translator.visitUnaryexprnotplusminus(Translator.java:840)
	at de.uka.ilkd.key.speclang.njml.JmlParser$UnaryexprnotplusminusContext.accept(JmlParser.java:8146)
	at de.uka.ilkd.key.speclang.njml.Translator.accept(Translator.java:128)
	at de.uka.ilkd.key.speclang.njml.Translator.oneOf(Translator.java:147)
	at de.uka.ilkd.key.speclang.njml.Translator.visitUnaryexpr(Translator.java:800)
	at de.uka.ilkd.key.speclang.njml.Translator.visitUnaryexpr(Translator.java:63)
	at de.uka.ilkd.key.speclang.njml.JmlParser$UnaryexprContext.accept(JmlParser.java:8002)
	at de.uka.ilkd.key.speclang.njml.Translator.accept(Translator.java:128)
	at de.uka.ilkd.key.speclang.njml.Translator.lambda$mapOf$0(Translator.java:133)
	at java.base/java.util.stream.ReferencePipeline$3$1.accept(ReferencePipeline.java:197)
	at java.base/java.util.ArrayList$ArrayListSpliterator.forEachRemaining(ArrayList.java:1625)
	at java.base/java.util.stream.AbstractPipeline.copyInto(AbstractPipeline.java:509)
	at java.base/java.util.stream.AbstractPipeline.wrapAndCopyInto(AbstractPipeline.java:499)
	at java.base/java.util.stream.ReduceOps$ReduceOp.evaluateSequential(ReduceOps.java:921)
	at java.base/java.util.stream.AbstractPipeline.evaluate(AbstractPipeline.java:234)
	at java.base/java.util.stream.ReferencePipeline.collect(ReferencePipeline.java:682)
	at de.uka.ilkd.key.speclang.njml.Translator.mapOf(Translator.java:133)
	at de.uka.ilkd.key.speclang.njml.Translator.visitMultexpr(Translator.java:737)
	at de.uka.ilkd.key.speclang.njml.JmlParser$MultexprContext.accept(JmlParser.java:7921)
	at de.uka.ilkd.key.speclang.njml.Translator.accept(Translator.java:128)
	at de.uka.ilkd.key.speclang.njml.Translator.lambda$mapOf$0(Translator.java:133)
	at java.base/java.util.stream.ReferencePipeline$3$1.accept(ReferencePipeline.java:197)
	at java.base/java.util.ArrayList$ArrayListSpliterator.forEachRemaining(ArrayList.java:1625)
	at java.base/java.util.stream.AbstractPipeline.copyInto(AbstractPipeline.java:509)
	at java.base/java.util.stream.AbstractPipeline.wrapAndCopyInto(AbstractPipeline.java:499)
	at java.base/java.util.stream.ReduceOps$ReduceOp.evaluateSequential(ReduceOps.java:921)
	at java.base/java.util.stream.AbstractPipeline.evaluate(AbstractPipeline.java:234)
	at java.base/java.util.stream.ReferencePipeline.collect(ReferencePipeline.java:682)
	at de.uka.ilkd.key.speclang.njml.Translator.mapOf(Translator.java:133)
	at de.uka.ilkd.key.speclang.njml.Translator.visitAdditiveexpr(Translator.java:720)
	at de.uka.ilkd.key.speclang.njml.JmlParser$AdditiveexprContext.accept(JmlParser.java:7829)
	at de.uka.ilkd.key.speclang.njml.Translator.accept(Translator.java:128)
	at de.uka.ilkd.key.speclang.njml.Translator.lambda$mapOf$0(Translator.java:133)
	at java.base/java.util.stream.ReferencePipeline$3$1.accept(ReferencePipeline.java:197)
	at java.base/java.util.ArrayList$ArrayListSpliterator.forEachRemaining(ArrayList.java:1625)
	at java.base/java.util.stream.AbstractPipeline.copyInto(AbstractPipeline.java:509)
	at java.base/java.util.stream.AbstractPipeline.wrapAndCopyInto(AbstractPipeline.java:499)
	at java.base/java.util.stream.ReduceOps$ReduceOp.evaluateSequential(ReduceOps.java:921)
	at java.base/java.util.stream.AbstractPipeline.evaluate(AbstractPipeline.java:234)
	at java.base/java.util.stream.ReferencePipeline.collect(ReferencePipeline.java:682)
	at de.uka.ilkd.key.speclang.njml.Translator.mapOf(Translator.java:133)
	at de.uka.ilkd.key.speclang.njml.Translator.visitShiftexpr(Translator.java:703)
	at de.uka.ilkd.key.speclang.njml.JmlParser$ShiftexprContext.accept(JmlParser.java:7742)
	at de.uka.ilkd.key.speclang.njml.Translator.accept(Translator.java:128)
	at de.uka.ilkd.key.speclang.njml.Translator.oneOf(Translator.java:147)
	at de.uka.ilkd.key.speclang.njml.Translator.visitRelationalexpr(Translator.java:494)
	at de.uka.ilkd.key.speclang.njml.JmlParser$RelationalexprContext.accept(JmlParser.java:7344)
	at de.uka.ilkd.key.speclang.njml.Translator.accept(Translator.java:128)
	at de.uka.ilkd.key.speclang.njml.Translator.lambda$mapOf$0(Translator.java:133)
	at java.base/java.util.stream.ReferencePipeline$3$1.accept(ReferencePipeline.java:197)
	at java.base/java.util.ArrayList$ArrayListSpliterator.forEachRemaining(ArrayList.java:1625)
	at java.base/java.util.stream.AbstractPipeline.copyInto(AbstractPipeline.java:509)
	at java.base/java.util.stream.AbstractPipeline.wrapAndCopyInto(AbstractPipeline.java:499)
	at java.base/java.util.stream.ReduceOps$ReduceOp.evaluateSequential(ReduceOps.java:921)
	at java.base/java.util.stream.AbstractPipeline.evaluate(AbstractPipeline.java:234)
	at java.base/java.util.stream.ReferencePipeline.collect(ReferencePipeline.java:682)
	at de.uka.ilkd.key.speclang.njml.Translator.mapOf(Translator.java:133)
	at de.uka.ilkd.key.speclang.njml.Translator.visitEqualityexpr(Translator.java:562)
	at de.uka.ilkd.key.speclang.njml.Translator.visitEqualityexpr(Translator.java:63)
	at de.uka.ilkd.key.speclang.njml.JmlParser$EqualityexprContext.accept(JmlParser.java:7270)
	at de.uka.ilkd.key.speclang.njml.Translator.accept(Translator.java:128)
	at de.uka.ilkd.key.speclang.njml.Translator.visitAndexpr(Translator.java:544)
	at de.uka.ilkd.key.speclang.njml.JmlParser$AndexprContext.accept(JmlParser.java:7201)
	at de.uka.ilkd.key.speclang.njml.Translator.accept(Translator.java:128)
	at de.uka.ilkd.key.speclang.njml.Translator.visitExclusiveorexpr(Translator.java:529)
	at de.uka.ilkd.key.speclang.njml.JmlParser$ExclusiveorexprContext.accept(JmlParser.java:7132)
	at de.uka.ilkd.key.speclang.njml.Translator.accept(Translator.java:128)
	at de.uka.ilkd.key.speclang.njml.Translator.visitInclusiveorexpr(Translator.java:514)
	at de.uka.ilkd.key.speclang.njml.JmlParser$InclusiveorexprContext.accept(JmlParser.java:7063)
	at de.uka.ilkd.key.speclang.njml.Translator.accept(Translator.java:128)
	at de.uka.ilkd.key.speclang.njml.Translator.visitLogicalandexpr(Translator.java:501)
	at de.uka.ilkd.key.speclang.njml.JmlParser$LogicalandexprContext.accept(JmlParser.java:6994)
	at de.uka.ilkd.key.speclang.njml.Translator.accept(Translator.java:128)
	at de.uka.ilkd.key.speclang.njml.Translator.visitLogicalorexpr(Translator.java:482)
	at de.uka.ilkd.key.speclang.njml.Translator.visitLogicalorexpr(Translator.java:63)
	at de.uka.ilkd.key.speclang.njml.JmlParser$LogicalorexprContext.accept(JmlParser.java:6925)
	at de.uka.ilkd.key.speclang.njml.Translator.accept(Translator.java:128)
	at de.uka.ilkd.key.speclang.njml.Translator.visitImpliesexpr(Translator.java:446)
	at de.uka.ilkd.key.speclang.njml.JmlParser$ImpliesexprContext.accept(JmlParser.java:6662)
	at de.uka.ilkd.key.speclang.njml.Translator.accept(Translator.java:128)
	at de.uka.ilkd.key.speclang.njml.Translator.lambda$mapOf$0(Translator.java:133)
	at java.base/java.util.stream.ReferencePipeline$3$1.accept(ReferencePipeline.java:197)
	at java.base/java.util.ArrayList$ArrayListSpliterator.forEachRemaining(ArrayList.java:1625)
	at java.base/java.util.stream.AbstractPipeline.copyInto(AbstractPipeline.java:509)
	at java.base/java.util.stream.AbstractPipeline.wrapAndCopyInto(AbstractPipeline.java:499)
	at java.base/java.util.stream.ReduceOps$ReduceOp.evaluateSequential(ReduceOps.java:921)
	at java.base/java.util.stream.AbstractPipeline.evaluate(AbstractPipeline.java:234)
	at java.base/java.util.stream.ReferencePipeline.collect(ReferencePipeline.java:682)
	at de.uka.ilkd.key.speclang.njml.Translator.mapOf(Translator.java:133)
	at de.uka.ilkd.key.speclang.njml.Translator.visitEquivalenceexpr(Translator.java:426)
	at de.uka.ilkd.key.speclang.njml.JmlParser$EquivalenceexprContext.accept(JmlParser.java:6585)
	at de.uka.ilkd.key.speclang.njml.Translator.accept(Translator.java:128)
	at de.uka.ilkd.key.speclang.njml.Translator.visitConditionalexpr(Translator.java:412)
	at de.uka.ilkd.key.speclang.njml.Translator.visitConditionalexpr(Translator.java:63)
	at de.uka.ilkd.key.speclang.njml.JmlParser$ConditionalexprContext.accept(JmlParser.java:6516)
	at de.uka.ilkd.key.speclang.njml.Translator.accept(Translator.java:128)
	at de.uka.ilkd.key.speclang.njml.Translator.visitExpression(Translator.java:402)
	at de.uka.ilkd.key.speclang.njml.Translator.visitExpression(Translator.java:63)
	at de.uka.ilkd.key.speclang.njml.JmlParser$ExpressionContext.accept(JmlParser.java:6463)
	at de.uka.ilkd.key.speclang.njml.JmlIO.interpret(JmlIO.java:178)
	at de.uka.ilkd.key.speclang.njml.JmlIO.translateTerm(JmlIO.java:188)
	at de.uka.ilkd.key.speclang.njml.JmlIO.translateTerm(JmlIO.java:201)
	at de.uka.ilkd.key.speclang.jml.translation.JMLSpecFactory.createJMLClassInvariant(JMLSpecFactory.java:956)
	at de.uka.ilkd.key.speclang.jml.JMLSpecExtractor.extractClassSpecs(JMLSpecExtractor.java:249)
	at de.uka.ilkd.key.speclang.SLEnvInput.createSpecs(SLEnvInput.java:284)
	at de.uka.ilkd.key.speclang.SLEnvInput.read(SLEnvInput.java:351)
	at de.uka.ilkd.key.proof.init.KeYUserProblemFile.read(KeYUserProblemFile.java:110)
	at de.uka.ilkd.key.proof.init.ProblemInitializer.readEnvInput(ProblemInitializer.java:323)
	at de.uka.ilkd.key.proof.init.ProblemInitializer.prepare(ProblemInitializer.java:561)
	at de.uka.ilkd.key.proof.init.ProblemInitializer.prepare(ProblemInitializer.java:471)
	at de.uka.ilkd.key.proof.init.ProblemInitializer.startProver(ProblemInitializer.java:607)
	at de.uka.ilkd.key.util.HelperClassForTests.parse(HelperClassForTests.java:78)
	at de.uka.ilkd.key.util.HelperClassForTests.parse(HelperClassForTests.java:66)
	at de.uka.ilkd.key.speclang.njml.NJmlTranslatorTests.&lt;init&gt;(NJmlTranslatorTests.java:32)
	at java.base/jdk.internal.reflect.NativeConstructorAccessorImpl.newInstance0(Native Method)
	at java.base/jdk.internal.reflect.NativeConstructorAccessorImpl.newInstance(NativeConstructorAccessorImpl.java:77)
	at java.base/jdk.internal.reflect.DelegatingConstructorAccessorImpl.newInstance(DelegatingConstructorAccessorImpl.java:45)
	at java.base/java.lang.reflect.Constructor.newInstanceWithCaller(Constructor.java:499)
	at java.base/java.lang.reflect.Constructor.newInstance(Constructor.java:480)
	at org.junit.platform.commons.util.ReflectionUtils.newInstance(ReflectionUtils.java:552)
	at org.junit.jupiter.engine.execution.ConstructorInvocation.proceed(ConstructorInvocation.java:56)
	at org.junit.jupiter.engine.execution.InvocationInterceptorChain$ValidatingInvocation.proceed(InvocationInterceptorChain.java:131)
	at org.junit.jupiter.api.extension.InvocationInterceptor.interceptTestClassConstructor(InvocationInterceptor.java:73)
	at org.junit.jupiter.engine.execution.InterceptingExecutableInvoker.lambda$invoke$0(InterceptingExecutableInvoker.java:93)
	at org.junit.jupiter.engine.execution.InvocationInterceptorChain$InterceptedInvocation.proceed(InvocationInterceptorChain.java:106)
	at org.junit.jupiter.engine.execution.InvocationInterceptorChain.proceed(InvocationInterceptorChain.java:64)
	at org.junit.jupiter.engine.execution.InvocationInterceptorChain.chainAndInvoke(InvocationInterceptorChain.java:45)
	at org.junit.jupiter.engine.execution.InvocationInterceptorChain.invoke(InvocationInterceptorChain.java:37)
	at org.junit.jupiter.engine.execution.InterceptingExecutableInvoker.invoke(InterceptingExecutableInvoker.java:92)
	at org.junit.jupiter.engine.execution.InterceptingExecutableInvoker.invoke(InterceptingExecutableInvoker.java:62)
	at org.junit.jupiter.engine.descriptor.ClassBasedTestDescriptor.invokeTestClassConstructor(ClassBasedTestDescriptor.java:363)
	at org.junit.jupiter.engine.descriptor.ClassBasedTestDescriptor.instantiateTestClass(ClassBasedTestDescriptor.java:310)
	at org.junit.jupiter.engine.descriptor.ClassTestDescriptor.instantiateTestClass(ClassTestDescriptor.java:79)
	at org.junit.jupiter.engine.descriptor.ClassBasedTestDescriptor.instantiateAndPostProcessTestInstance(ClassBasedTestDescriptor.java:286)
	at org.junit.jupiter.engine.descriptor.ClassBasedTestDescriptor.lambda$testInstancesProvider$4(ClassBasedTestDescriptor.java:278)
	at java.base/java.util.Optional.orElseGet(Optional.java:364)
	at org.junit.jupiter.engine.descriptor.ClassBasedTestDescriptor.lambda$testInstancesProvider$5(ClassBasedTestDescriptor.java:277)
	at org.junit.jupiter.engine.execution.TestInstancesProvider.getTestInstances(TestInstancesProvider.java:31)
	at org.junit.jupiter.engine.descriptor.TestMethodTestDescriptor.lambda$prepare$0(TestMethodTestDescriptor.java:105)
	at org.junit.platform.engine.support.hierarchical.ThrowableCollector.execute(ThrowableCollector.java:73)
	at org.junit.jupiter.engine.descriptor.TestMethodTestDescriptor.prepare(TestMethodTestDescriptor.java:104)
	at org.junit.jupiter.engine.descriptor.TestMethodTestDescriptor.prepare(TestMethodTestDescriptor.java:68)
	at org.junit.platform.engine.support.hierarchical.NodeTestTask.lambda$prepare$2(NodeTestTask.java:123)
	at org.junit.platform.engine.support.hierarchical.ThrowableCollector.execute(ThrowableCollector.java:73)
	at org.junit.platform.engine.support.hierarchical.NodeTestTask.prepare(NodeTestTask.java:123)
	at org.junit.platform.engine.support.hierarchical.NodeTestTask.execute(NodeTestTask.java:90)
	at java.base/java.util.ArrayList.forEach(ArrayList.java:1511)
	at org.junit.platform.engine.support.hierarchical.SameThreadHierarchicalTestExecutorService.invokeAll(SameThreadHierarchicalTestExecutorService.java:41)
	at org.junit.platform.engine.support.hierarchical.NodeTestTask.lambda$executeRecursively$6(NodeTestTask.java:155)
	at org.junit.platform.engine.support.hierarchical.ThrowableCollector.execute(ThrowableCollector.java:73)
	at org.junit.platform.engine.support.hierarchical.NodeTestTask.lambda$executeRecursively$8(NodeTestTask.java:141)
	at org.junit.platform.engine.support.hierarchical.Node.around(Node.java:137)
	at org.junit.platform.engine.support.hierarchical.NodeTestTask.lambda$executeRecursively$9(NodeTestTask.java:139)
	at org.junit.platform.engine.support.hierarchical.ThrowableCollector.execute(ThrowableCollector.java:73)
	at org.junit.platform.engine.support.hierarchical.NodeTestTask.executeRecursively(NodeTestTask.java:138)
	at org.junit.platform.engine.support.hierarchical.NodeTestTask.execute(NodeTestTask.java:95)
	at java.base/java.util.ArrayList.forEach(ArrayList.java:1511)
	at org.junit.platform.engine.support.hierarchical.SameThreadHierarchicalTestExecutorService.invokeAll(SameThreadHierarchicalTestExecutorService.java:41)
	at org.junit.platform.engine.support.hierarchical.NodeTestTask.lambda$executeRecursively$6(NodeTestTask.java:155)
	at org.junit.platform.engine.support.hierarchical.ThrowableCollector.execute(ThrowableCollector.java:73)
	at org.junit.platform.engine.support.hierarchical.NodeTestTask.lambda$executeRecursively$8(NodeTestTask.java:141)
	at org.junit.platform.engine.support.hierarchical.Node.around(Node.java:137)
	at org.junit.platform.engine.support.hierarchical.NodeTestTask.lambda$executeRecursively$9(NodeTestTask.java:139)
	at org.junit.platform.engine.support.hierarchical.ThrowableCollector.execute(ThrowableCollector.java:73)
	at org.junit.platform.engine.support.hierarchical.NodeTestTask.executeRecursively(NodeTestTask.java:138)
	at org.junit.platform.engine.support.hierarchical.NodeTestTask.execute(NodeTestTask.java:95)
	at org.junit.platform.engine.support.hierarchical.SameThreadHierarchicalTestExecutorService.submit(SameThreadHierarchicalTestExecutorService.java:35)
	at org.junit.platform.engine.support.hierarchical.HierarchicalTestExecutor.execute(HierarchicalTestExecutor.java:57)
	at org.junit.platform.engine.support.hierarchical.HierarchicalTestEngine.execute(HierarchicalTestEngine.java:54)
	at org.junit.platform.launcher.core.EngineExecutionOrchestrator.execute(EngineExecutionOrchestrator.java:107)
	at org.junit.platform.launcher.core.EngineExecutionOrchestrator.execute(EngineExecutionOrchestrator.java:88)
	at org.junit.platform.launcher.core.EngineExecutionOrchestrator.lambda$execute$0(EngineExecutionOrchestrator.java:54)
	at org.junit.platform.launcher.core.EngineExecutionOrchestrator.withInterceptedStreams(EngineExecutionOrchestrator.java:67)
	at org.junit.platform.launcher.core.EngineExecutionOrchestrator.execute(EngineExecutionOrchestrator.java:52)
	at org.junit.platform.launcher.core.DefaultLauncher.execute(DefaultLauncher.java:114)
	at org.junit.platform.launcher.core.DefaultLauncher.execute(DefaultLauncher.java:86)
	at org.junit.platform.launcher.core.DefaultLauncherSession$DelegatingLauncher.execute(DefaultLauncherSession.java:86)
	at org.gradle.api.internal.tasks.testing.junitplatform.JUnitPlatformTestClassProcessor$CollectAllTestClassesExecutor.processAllTestClasses(JUnitPlatformTestClassProcessor.java:110)
	at org.gradle.api.internal.tasks.testing.junitplatform.JUnitPlatformTestClassProcessor$CollectAllTestClassesExecutor.access$000(JUnitPlatformTestClassProcessor.java:90)
	at org.gradle.api.internal.tasks.testing.junitplatform.JUnitPlatformTestClassProcessor.stop(JUnitPlatformTestClassProcessor.java:85)
	at org.gradle.api.internal.tasks.testing.SuiteTestClassProcessor.stop(SuiteTestClassProcessor.java:62)
	at java.base/jdk.internal.reflect.NativeMethodAccessorImpl.invoke0(Native Method)
	at java.base/jdk.internal.reflect.NativeMethodAccessorImpl.invoke(NativeMethodAccessorImpl.java:77)
	at java.base/jdk.internal.reflect.DelegatingMethodAccessorImpl.invoke(DelegatingMethodAccessorImpl.java:43)
	at java.base/java.lang.reflect.Method.invoke(Method.java:568)
	at org.gradle.internal.dispatch.ReflectionDispatch.dispatch(ReflectionDispatch.java:36)
	at org.gradle.internal.dispatch.ReflectionDispatch.dispatch(ReflectionDispatch.java:24)
	at org.gradle.internal.dispatch.ContextClassLoaderDispatch.dispatch(ContextClassLoaderDispatch.java:33)
	at org.gradle.internal.dispatch.ProxyDispatchAdapter$DispatchingInvocationHandler.invoke(ProxyDispatchAdapter.java:94)
	at jdk.proxy2/jdk.proxy2.$Proxy5.stop(Unknown Source)
	at org.gradle.api.internal.tasks.testing.worker.TestWorker$3.run(TestWorker.java:193)
	at org.gradle.api.internal.tasks.testing.worker.TestWorker.executeAndMaintainThreadName(TestWorker.java:129)
	at org.gradle.api.internal.tasks.testing.worker.TestWorker.execute(TestWorker.java:100)
	at org.gradle.api.internal.tasks.testing.worker.TestWorker.execute(TestWorker.java:60)
	at org.gradle.process.internal.worker.child.ActionExecutionWorker.execute(ActionExecutionWorker.java:56)
	at org.gradle.process.internal.worker.child.SystemApplicationClassLoaderWorker.call(SystemApplicationClassLoaderWorker.java:113)
	at org.gradle.process.internal.worker.child.SystemApplicationClassLoaderWorker.call(SystemApplicationClassLoaderWorker.java:65)
	at worker.org.gradle.process.internal.worker.GradleWorkerMain.run(GradleWorkerMain.java:69)
	at worker.org.gradle.process.internal.worker.GradleWorkerMain.main(GradleWorkerMain.java:74)
</failure>
  </testcase>
  <testcase name="testIgnoreOpenJML()" classname="de.uka.ilkd.key.speclang.njml.NJmlTranslatorTests" time="0.0">
    <failure message="java.lang.NullPointerException: Cannot invoke &quot;de.uka.ilkd.key.java.JavaService.getProgramFactory()&quot; because &quot;this.javaService&quot; is null" type="java.lang.NullPointerException">java.lang.NullPointerException: Cannot invoke &quot;de.uka.ilkd.key.java.JavaService.getProgramFactory()&quot; because &quot;this.javaService&quot; is null
	at de.uka.ilkd.key.java.KeYProgModelInfo.isPackage(KeYProgModelInfo.java:213)
	at de.uka.ilkd.key.java.JavaInfo.isPackage(JavaInfo.java:221)
	at de.uka.ilkd.key.speclang.translation.SLExpressionResolver.trimPackageRef(SLExpressionResolver.java:43)
	at de.uka.ilkd.key.speclang.translation.SLExpressionResolver.areInSamePackage(SLExpressionResolver.java:62)
	at de.uka.ilkd.key.speclang.translation.SLExpressionResolver.isVisibleHelper(SLExpressionResolver.java:103)
	at de.uka.ilkd.key.speclang.translation.SLExpressionResolver.isVisible(SLExpressionResolver.java:114)
	at de.uka.ilkd.key.speclang.translation.SLAttributeResolver.lookupVisibleAttribute(SLAttributeResolver.java:37)
	at de.uka.ilkd.key.speclang.translation.SLAttributeResolver.doResolving(SLAttributeResolver.java:94)
	at de.uka.ilkd.key.speclang.translation.SLExpressionResolver.resolve(SLExpressionResolver.java:149)
	at de.uka.ilkd.key.speclang.translation.SLResolverManager.resolveExplicit(SLResolverManager.java:137)
	at de.uka.ilkd.key.speclang.translation.SLResolverManager.resolveImplicit(SLResolverManager.java:112)
	at de.uka.ilkd.key.speclang.translation.SLResolverManager.resolveIt(SLResolverManager.java:159)
	at de.uka.ilkd.key.speclang.translation.SLResolverManager.resolve(SLResolverManager.java:195)
	at de.uka.ilkd.key.speclang.njml.Translator.lookupIdentifier(Translator.java:924)
	at de.uka.ilkd.key.speclang.njml.Translator.visitIdent(Translator.java:882)
	at de.uka.ilkd.key.speclang.njml.JmlParser$IdentContext.accept(JmlParser.java:8637)
	at org.antlr.v4.runtime.tree.AbstractParseTreeVisitor.visitChildren(AbstractParseTreeVisitor.java:46)
	at de.uka.ilkd.key.speclang.njml.JmlParserBaseVisitor.visitPrimaryexpr(JmlParserBaseVisitor.java:724)
	at de.uka.ilkd.key.speclang.njml.JmlParser$PrimaryexprContext.accept(JmlParser.java:8399)
	at de.uka.ilkd.key.speclang.njml.Translator.accept(Translator.java:128)
	at de.uka.ilkd.key.speclang.njml.Translator.visitPostfixexpr(Translator.java:854)
	at de.uka.ilkd.key.speclang.njml.Translator.visitPostfixexpr(Translator.java:63)
	at de.uka.ilkd.key.speclang.njml.JmlParser$PostfixexprContext.accept(JmlParser.java:8315)
	at de.uka.ilkd.key.speclang.njml.Translator.accept(Translator.java:128)
	at de.uka.ilkd.key.speclang.njml.Translator.visitUnaryexprnotplusminus(Translator.java:840)
	at de.uka.ilkd.key.speclang.njml.JmlParser$UnaryexprnotplusminusContext.accept(JmlParser.java:8146)
	at de.uka.ilkd.key.speclang.njml.Translator.accept(Translator.java:128)
	at de.uka.ilkd.key.speclang.njml.Translator.oneOf(Translator.java:147)
	at de.uka.ilkd.key.speclang.njml.Translator.visitUnaryexpr(Translator.java:800)
	at de.uka.ilkd.key.speclang.njml.Translator.visitUnaryexpr(Translator.java:63)
	at de.uka.ilkd.key.speclang.njml.JmlParser$UnaryexprContext.accept(JmlParser.java:8002)
	at de.uka.ilkd.key.speclang.njml.Translator.accept(Translator.java:128)
	at de.uka.ilkd.key.speclang.njml.Translator.lambda$mapOf$0(Translator.java:133)
	at java.base/java.util.stream.ReferencePipeline$3$1.accept(ReferencePipeline.java:197)
	at java.base/java.util.ArrayList$ArrayListSpliterator.forEachRemaining(ArrayList.java:1625)
	at java.base/java.util.stream.AbstractPipeline.copyInto(AbstractPipeline.java:509)
	at java.base/java.util.stream.AbstractPipeline.wrapAndCopyInto(AbstractPipeline.java:499)
	at java.base/java.util.stream.ReduceOps$ReduceOp.evaluateSequential(ReduceOps.java:921)
	at java.base/java.util.stream.AbstractPipeline.evaluate(AbstractPipeline.java:234)
	at java.base/java.util.stream.ReferencePipeline.collect(ReferencePipeline.java:682)
	at de.uka.ilkd.key.speclang.njml.Translator.mapOf(Translator.java:133)
	at de.uka.ilkd.key.speclang.njml.Translator.visitMultexpr(Translator.java:737)
	at de.uka.ilkd.key.speclang.njml.JmlParser$MultexprContext.accept(JmlParser.java:7921)
	at de.uka.ilkd.key.speclang.njml.Translator.accept(Translator.java:128)
	at de.uka.ilkd.key.speclang.njml.Translator.lambda$mapOf$0(Translator.java:133)
	at java.base/java.util.stream.ReferencePipeline$3$1.accept(ReferencePipeline.java:197)
	at java.base/java.util.ArrayList$ArrayListSpliterator.forEachRemaining(ArrayList.java:1625)
	at java.base/java.util.stream.AbstractPipeline.copyInto(AbstractPipeline.java:509)
	at java.base/java.util.stream.AbstractPipeline.wrapAndCopyInto(AbstractPipeline.java:499)
	at java.base/java.util.stream.ReduceOps$ReduceOp.evaluateSequential(ReduceOps.java:921)
	at java.base/java.util.stream.AbstractPipeline.evaluate(AbstractPipeline.java:234)
	at java.base/java.util.stream.ReferencePipeline.collect(ReferencePipeline.java:682)
	at de.uka.ilkd.key.speclang.njml.Translator.mapOf(Translator.java:133)
	at de.uka.ilkd.key.speclang.njml.Translator.visitAdditiveexpr(Translator.java:720)
	at de.uka.ilkd.key.speclang.njml.JmlParser$AdditiveexprContext.accept(JmlParser.java:7829)
	at de.uka.ilkd.key.speclang.njml.Translator.accept(Translator.java:128)
	at de.uka.ilkd.key.speclang.njml.Translator.lambda$mapOf$0(Translator.java:133)
	at java.base/java.util.stream.ReferencePipeline$3$1.accept(ReferencePipeline.java:197)
	at java.base/java.util.ArrayList$ArrayListSpliterator.forEachRemaining(ArrayList.java:1625)
	at java.base/java.util.stream.AbstractPipeline.copyInto(AbstractPipeline.java:509)
	at java.base/java.util.stream.AbstractPipeline.wrapAndCopyInto(AbstractPipeline.java:499)
	at java.base/java.util.stream.ReduceOps$ReduceOp.evaluateSequential(ReduceOps.java:921)
	at java.base/java.util.stream.AbstractPipeline.evaluate(AbstractPipeline.java:234)
	at java.base/java.util.stream.ReferencePipeline.collect(ReferencePipeline.java:682)
	at de.uka.ilkd.key.speclang.njml.Translator.mapOf(Translator.java:133)
	at de.uka.ilkd.key.speclang.njml.Translator.visitShiftexpr(Translator.java:703)
	at de.uka.ilkd.key.speclang.njml.JmlParser$ShiftexprContext.accept(JmlParser.java:7742)
	at de.uka.ilkd.key.speclang.njml.Translator.accept(Translator.java:128)
	at de.uka.ilkd.key.speclang.njml.Translator.oneOf(Translator.java:147)
	at de.uka.ilkd.key.speclang.njml.Translator.visitRelationalexpr(Translator.java:494)
	at de.uka.ilkd.key.speclang.njml.JmlParser$RelationalexprContext.accept(JmlParser.java:7344)
	at de.uka.ilkd.key.speclang.njml.Translator.accept(Translator.java:128)
	at de.uka.ilkd.key.speclang.njml.Translator.lambda$mapOf$0(Translator.java:133)
	at java.base/java.util.stream.ReferencePipeline$3$1.accept(ReferencePipeline.java:197)
	at java.base/java.util.ArrayList$ArrayListSpliterator.forEachRemaining(ArrayList.java:1625)
	at java.base/java.util.stream.AbstractPipeline.copyInto(AbstractPipeline.java:509)
	at java.base/java.util.stream.AbstractPipeline.wrapAndCopyInto(AbstractPipeline.java:499)
	at java.base/java.util.stream.ReduceOps$ReduceOp.evaluateSequential(ReduceOps.java:921)
	at java.base/java.util.stream.AbstractPipeline.evaluate(AbstractPipeline.java:234)
	at java.base/java.util.stream.ReferencePipeline.collect(ReferencePipeline.java:682)
	at de.uka.ilkd.key.speclang.njml.Translator.mapOf(Translator.java:133)
	at de.uka.ilkd.key.speclang.njml.Translator.visitEqualityexpr(Translator.java:562)
	at de.uka.ilkd.key.speclang.njml.Translator.visitEqualityexpr(Translator.java:63)
	at de.uka.ilkd.key.speclang.njml.JmlParser$EqualityexprContext.accept(JmlParser.java:7270)
	at de.uka.ilkd.key.speclang.njml.Translator.accept(Translator.java:128)
	at de.uka.ilkd.key.speclang.njml.Translator.visitAndexpr(Translator.java:544)
	at de.uka.ilkd.key.speclang.njml.JmlParser$AndexprContext.accept(JmlParser.java:7201)
	at de.uka.ilkd.key.speclang.njml.Translator.accept(Translator.java:128)
	at de.uka.ilkd.key.speclang.njml.Translator.visitExclusiveorexpr(Translator.java:529)
	at de.uka.ilkd.key.speclang.njml.JmlParser$ExclusiveorexprContext.accept(JmlParser.java:7132)
	at de.uka.ilkd.key.speclang.njml.Translator.accept(Translator.java:128)
	at de.uka.ilkd.key.speclang.njml.Translator.visitInclusiveorexpr(Translator.java:514)
	at de.uka.ilkd.key.speclang.njml.JmlParser$InclusiveorexprContext.accept(JmlParser.java:7063)
	at de.uka.ilkd.key.speclang.njml.Translator.accept(Translator.java:128)
	at de.uka.ilkd.key.speclang.njml.Translator.visitLogicalandexpr(Translator.java:501)
	at de.uka.ilkd.key.speclang.njml.JmlParser$LogicalandexprContext.accept(JmlParser.java:6994)
	at de.uka.ilkd.key.speclang.njml.Translator.accept(Translator.java:128)
	at de.uka.ilkd.key.speclang.njml.Translator.visitLogicalorexpr(Translator.java:482)
	at de.uka.ilkd.key.speclang.njml.Translator.visitLogicalorexpr(Translator.java:63)
	at de.uka.ilkd.key.speclang.njml.JmlParser$LogicalorexprContext.accept(JmlParser.java:6925)
	at de.uka.ilkd.key.speclang.njml.Translator.accept(Translator.java:128)
	at de.uka.ilkd.key.speclang.njml.Translator.visitImpliesexpr(Translator.java:446)
	at de.uka.ilkd.key.speclang.njml.JmlParser$ImpliesexprContext.accept(JmlParser.java:6662)
	at de.uka.ilkd.key.speclang.njml.Translator.accept(Translator.java:128)
	at de.uka.ilkd.key.speclang.njml.Translator.lambda$mapOf$0(Translator.java:133)
	at java.base/java.util.stream.ReferencePipeline$3$1.accept(ReferencePipeline.java:197)
	at java.base/java.util.ArrayList$ArrayListSpliterator.forEachRemaining(ArrayList.java:1625)
	at java.base/java.util.stream.AbstractPipeline.copyInto(AbstractPipeline.java:509)
	at java.base/java.util.stream.AbstractPipeline.wrapAndCopyInto(AbstractPipeline.java:499)
	at java.base/java.util.stream.ReduceOps$ReduceOp.evaluateSequential(ReduceOps.java:921)
	at java.base/java.util.stream.AbstractPipeline.evaluate(AbstractPipeline.java:234)
	at java.base/java.util.stream.ReferencePipeline.collect(ReferencePipeline.java:682)
	at de.uka.ilkd.key.speclang.njml.Translator.mapOf(Translator.java:133)
	at de.uka.ilkd.key.speclang.njml.Translator.visitEquivalenceexpr(Translator.java:426)
	at de.uka.ilkd.key.speclang.njml.JmlParser$EquivalenceexprContext.accept(JmlParser.java:6585)
	at de.uka.ilkd.key.speclang.njml.Translator.accept(Translator.java:128)
	at de.uka.ilkd.key.speclang.njml.Translator.visitConditionalexpr(Translator.java:412)
	at de.uka.ilkd.key.speclang.njml.Translator.visitConditionalexpr(Translator.java:63)
	at de.uka.ilkd.key.speclang.njml.JmlParser$ConditionalexprContext.accept(JmlParser.java:6516)
	at de.uka.ilkd.key.speclang.njml.Translator.accept(Translator.java:128)
	at de.uka.ilkd.key.speclang.njml.Translator.visitExpression(Translator.java:402)
	at de.uka.ilkd.key.speclang.njml.Translator.visitExpression(Translator.java:63)
	at de.uka.ilkd.key.speclang.njml.JmlParser$ExpressionContext.accept(JmlParser.java:6463)
	at de.uka.ilkd.key.speclang.njml.JmlIO.interpret(JmlIO.java:178)
	at de.uka.ilkd.key.speclang.njml.JmlIO.translateTerm(JmlIO.java:188)
	at de.uka.ilkd.key.speclang.njml.JmlIO.translateTerm(JmlIO.java:201)
	at de.uka.ilkd.key.speclang.jml.translation.JMLSpecFactory.createJMLClassInvariant(JMLSpecFactory.java:956)
	at de.uka.ilkd.key.speclang.jml.JMLSpecExtractor.extractClassSpecs(JMLSpecExtractor.java:249)
	at de.uka.ilkd.key.speclang.SLEnvInput.createSpecs(SLEnvInput.java:284)
	at de.uka.ilkd.key.speclang.SLEnvInput.read(SLEnvInput.java:351)
	at de.uka.ilkd.key.proof.init.KeYUserProblemFile.read(KeYUserProblemFile.java:110)
	at de.uka.ilkd.key.proof.init.ProblemInitializer.readEnvInput(ProblemInitializer.java:323)
	at de.uka.ilkd.key.proof.init.ProblemInitializer.prepare(ProblemInitializer.java:561)
	at de.uka.ilkd.key.proof.init.ProblemInitializer.prepare(ProblemInitializer.java:471)
	at de.uka.ilkd.key.proof.init.ProblemInitializer.startProver(ProblemInitializer.java:607)
	at de.uka.ilkd.key.util.HelperClassForTests.parse(HelperClassForTests.java:78)
	at de.uka.ilkd.key.util.HelperClassForTests.parse(HelperClassForTests.java:66)
	at de.uka.ilkd.key.speclang.njml.NJmlTranslatorTests.&lt;init&gt;(NJmlTranslatorTests.java:32)
	at java.base/jdk.internal.reflect.NativeConstructorAccessorImpl.newInstance0(Native Method)
	at java.base/jdk.internal.reflect.NativeConstructorAccessorImpl.newInstance(NativeConstructorAccessorImpl.java:77)
	at java.base/jdk.internal.reflect.DelegatingConstructorAccessorImpl.newInstance(DelegatingConstructorAccessorImpl.java:45)
	at java.base/java.lang.reflect.Constructor.newInstanceWithCaller(Constructor.java:499)
	at java.base/java.lang.reflect.Constructor.newInstance(Constructor.java:480)
	at org.junit.platform.commons.util.ReflectionUtils.newInstance(ReflectionUtils.java:552)
	at org.junit.jupiter.engine.execution.ConstructorInvocation.proceed(ConstructorInvocation.java:56)
	at org.junit.jupiter.engine.execution.InvocationInterceptorChain$ValidatingInvocation.proceed(InvocationInterceptorChain.java:131)
	at org.junit.jupiter.api.extension.InvocationInterceptor.interceptTestClassConstructor(InvocationInterceptor.java:73)
	at org.junit.jupiter.engine.execution.InterceptingExecutableInvoker.lambda$invoke$0(InterceptingExecutableInvoker.java:93)
	at org.junit.jupiter.engine.execution.InvocationInterceptorChain$InterceptedInvocation.proceed(InvocationInterceptorChain.java:106)
	at org.junit.jupiter.engine.execution.InvocationInterceptorChain.proceed(InvocationInterceptorChain.java:64)
	at org.junit.jupiter.engine.execution.InvocationInterceptorChain.chainAndInvoke(InvocationInterceptorChain.java:45)
	at org.junit.jupiter.engine.execution.InvocationInterceptorChain.invoke(InvocationInterceptorChain.java:37)
	at org.junit.jupiter.engine.execution.InterceptingExecutableInvoker.invoke(InterceptingExecutableInvoker.java:92)
	at org.junit.jupiter.engine.execution.InterceptingExecutableInvoker.invoke(InterceptingExecutableInvoker.java:62)
	at org.junit.jupiter.engine.descriptor.ClassBasedTestDescriptor.invokeTestClassConstructor(ClassBasedTestDescriptor.java:363)
	at org.junit.jupiter.engine.descriptor.ClassBasedTestDescriptor.instantiateTestClass(ClassBasedTestDescriptor.java:310)
	at org.junit.jupiter.engine.descriptor.ClassTestDescriptor.instantiateTestClass(ClassTestDescriptor.java:79)
	at org.junit.jupiter.engine.descriptor.ClassBasedTestDescriptor.instantiateAndPostProcessTestInstance(ClassBasedTestDescriptor.java:286)
	at org.junit.jupiter.engine.descriptor.ClassBasedTestDescriptor.lambda$testInstancesProvider$4(ClassBasedTestDescriptor.java:278)
	at java.base/java.util.Optional.orElseGet(Optional.java:364)
	at org.junit.jupiter.engine.descriptor.ClassBasedTestDescriptor.lambda$testInstancesProvider$5(ClassBasedTestDescriptor.java:277)
	at org.junit.jupiter.engine.execution.TestInstancesProvider.getTestInstances(TestInstancesProvider.java:31)
	at org.junit.jupiter.engine.descriptor.TestMethodTestDescriptor.lambda$prepare$0(TestMethodTestDescriptor.java:105)
	at org.junit.platform.engine.support.hierarchical.ThrowableCollector.execute(ThrowableCollector.java:73)
	at org.junit.jupiter.engine.descriptor.TestMethodTestDescriptor.prepare(TestMethodTestDescriptor.java:104)
	at org.junit.jupiter.engine.descriptor.TestMethodTestDescriptor.prepare(TestMethodTestDescriptor.java:68)
	at org.junit.platform.engine.support.hierarchical.NodeTestTask.lambda$prepare$2(NodeTestTask.java:123)
	at org.junit.platform.engine.support.hierarchical.ThrowableCollector.execute(ThrowableCollector.java:73)
	at org.junit.platform.engine.support.hierarchical.NodeTestTask.prepare(NodeTestTask.java:123)
	at org.junit.platform.engine.support.hierarchical.NodeTestTask.execute(NodeTestTask.java:90)
	at java.base/java.util.ArrayList.forEach(ArrayList.java:1511)
	at org.junit.platform.engine.support.hierarchical.SameThreadHierarchicalTestExecutorService.invokeAll(SameThreadHierarchicalTestExecutorService.java:41)
	at org.junit.platform.engine.support.hierarchical.NodeTestTask.lambda$executeRecursively$6(NodeTestTask.java:155)
	at org.junit.platform.engine.support.hierarchical.ThrowableCollector.execute(ThrowableCollector.java:73)
	at org.junit.platform.engine.support.hierarchical.NodeTestTask.lambda$executeRecursively$8(NodeTestTask.java:141)
	at org.junit.platform.engine.support.hierarchical.Node.around(Node.java:137)
	at org.junit.platform.engine.support.hierarchical.NodeTestTask.lambda$executeRecursively$9(NodeTestTask.java:139)
	at org.junit.platform.engine.support.hierarchical.ThrowableCollector.execute(ThrowableCollector.java:73)
	at org.junit.platform.engine.support.hierarchical.NodeTestTask.executeRecursively(NodeTestTask.java:138)
	at org.junit.platform.engine.support.hierarchical.NodeTestTask.execute(NodeTestTask.java:95)
	at java.base/java.util.ArrayList.forEach(ArrayList.java:1511)
	at org.junit.platform.engine.support.hierarchical.SameThreadHierarchicalTestExecutorService.invokeAll(SameThreadHierarchicalTestExecutorService.java:41)
	at org.junit.platform.engine.support.hierarchical.NodeTestTask.lambda$executeRecursively$6(NodeTestTask.java:155)
	at org.junit.platform.engine.support.hierarchical.ThrowableCollector.execute(ThrowableCollector.java:73)
	at org.junit.platform.engine.support.hierarchical.NodeTestTask.lambda$executeRecursively$8(NodeTestTask.java:141)
	at org.junit.platform.engine.support.hierarchical.Node.around(Node.java:137)
	at org.junit.platform.engine.support.hierarchical.NodeTestTask.lambda$executeRecursively$9(NodeTestTask.java:139)
	at org.junit.platform.engine.support.hierarchical.ThrowableCollector.execute(ThrowableCollector.java:73)
	at org.junit.platform.engine.support.hierarchical.NodeTestTask.executeRecursively(NodeTestTask.java:138)
	at org.junit.platform.engine.support.hierarchical.NodeTestTask.execute(NodeTestTask.java:95)
	at org.junit.platform.engine.support.hierarchical.SameThreadHierarchicalTestExecutorService.submit(SameThreadHierarchicalTestExecutorService.java:35)
	at org.junit.platform.engine.support.hierarchical.HierarchicalTestExecutor.execute(HierarchicalTestExecutor.java:57)
	at org.junit.platform.engine.support.hierarchical.HierarchicalTestEngine.execute(HierarchicalTestEngine.java:54)
	at org.junit.platform.launcher.core.EngineExecutionOrchestrator.execute(EngineExecutionOrchestrator.java:107)
	at org.junit.platform.launcher.core.EngineExecutionOrchestrator.execute(EngineExecutionOrchestrator.java:88)
	at org.junit.platform.launcher.core.EngineExecutionOrchestrator.lambda$execute$0(EngineExecutionOrchestrator.java:54)
	at org.junit.platform.launcher.core.EngineExecutionOrchestrator.withInterceptedStreams(EngineExecutionOrchestrator.java:67)
	at org.junit.platform.launcher.core.EngineExecutionOrchestrator.execute(EngineExecutionOrchestrator.java:52)
	at org.junit.platform.launcher.core.DefaultLauncher.execute(DefaultLauncher.java:114)
	at org.junit.platform.launcher.core.DefaultLauncher.execute(DefaultLauncher.java:86)
	at org.junit.platform.launcher.core.DefaultLauncherSession$DelegatingLauncher.execute(DefaultLauncherSession.java:86)
	at org.gradle.api.internal.tasks.testing.junitplatform.JUnitPlatformTestClassProcessor$CollectAllTestClassesExecutor.processAllTestClasses(JUnitPlatformTestClassProcessor.java:110)
	at org.gradle.api.internal.tasks.testing.junitplatform.JUnitPlatformTestClassProcessor$CollectAllTestClassesExecutor.access$000(JUnitPlatformTestClassProcessor.java:90)
	at org.gradle.api.internal.tasks.testing.junitplatform.JUnitPlatformTestClassProcessor.stop(JUnitPlatformTestClassProcessor.java:85)
	at org.gradle.api.internal.tasks.testing.SuiteTestClassProcessor.stop(SuiteTestClassProcessor.java:62)
	at java.base/jdk.internal.reflect.NativeMethodAccessorImpl.invoke0(Native Method)
	at java.base/jdk.internal.reflect.NativeMethodAccessorImpl.invoke(NativeMethodAccessorImpl.java:77)
	at java.base/jdk.internal.reflect.DelegatingMethodAccessorImpl.invoke(DelegatingMethodAccessorImpl.java:43)
	at java.base/java.lang.reflect.Method.invoke(Method.java:568)
	at org.gradle.internal.dispatch.ReflectionDispatch.dispatch(ReflectionDispatch.java:36)
	at org.gradle.internal.dispatch.ReflectionDispatch.dispatch(ReflectionDispatch.java:24)
	at org.gradle.internal.dispatch.ContextClassLoaderDispatch.dispatch(ContextClassLoaderDispatch.java:33)
	at org.gradle.internal.dispatch.ProxyDispatchAdapter$DispatchingInvocationHandler.invoke(ProxyDispatchAdapter.java:94)
	at jdk.proxy2/jdk.proxy2.$Proxy5.stop(Unknown Source)
	at org.gradle.api.internal.tasks.testing.worker.TestWorker$3.run(TestWorker.java:193)
	at org.gradle.api.internal.tasks.testing.worker.TestWorker.executeAndMaintainThreadName(TestWorker.java:129)
	at org.gradle.api.internal.tasks.testing.worker.TestWorker.execute(TestWorker.java:100)
	at org.gradle.api.internal.tasks.testing.worker.TestWorker.execute(TestWorker.java:60)
	at org.gradle.process.internal.worker.child.ActionExecutionWorker.execute(ActionExecutionWorker.java:56)
	at org.gradle.process.internal.worker.child.SystemApplicationClassLoaderWorker.call(SystemApplicationClassLoaderWorker.java:113)
	at org.gradle.process.internal.worker.child.SystemApplicationClassLoaderWorker.call(SystemApplicationClassLoaderWorker.java:65)
	at worker.org.gradle.process.internal.worker.GradleWorkerMain.run(GradleWorkerMain.java:69)
	at worker.org.gradle.process.internal.worker.GradleWorkerMain.main(GradleWorkerMain.java:74)
</failure>
  </testcase>
  <system-out><![CDATA[]]></system-out>
  <system-err><![CDATA[168024     ERROR Test worker     d.u.i.k.j.KeYJPMapping    Duplicate registration of node: boolean, formerNode: /*@ pure @*/
boolean 
168029     ERROR Test worker     d.u.i.k.j.KeYJPMapping    Duplicate registration of node: Object, formerNode: java.lang.Object 
168029     ERROR Test worker     d.u.i.k.j.KeYJPMapping    Duplicate registration of node: Object, formerNode: java.lang.Object 
168030     ERROR Test worker     d.u.i.k.j.KeYJPMapping    Duplicate registration of node: Annotation, formerNode: Annotation 
168033     ERROR Test worker     d.u.i.k.j.KeYJPMapping    Duplicate registration of node: ArithmeticException, formerNode: ArithmeticException 
168035     ERROR Test worker     d.u.i.k.j.KeYJPMapping    Duplicate registration of node: ArrayIndexOutOfBoundsException, formerNode: ArrayIndexOutOfBoundsException 
168036     ERROR Test worker     d.u.i.k.j.KeYJPMapping    Duplicate registration of node: ArrayStoreException, formerNode: ArrayStoreException 
168038     ERROR Test worker     d.u.i.k.j.KeYJPMapping    Duplicate registration of node: AssertionError, formerNode: AssertionError 
168039     ERROR Test worker     d.u.i.k.j.KeYJPMapping    Duplicate registration of node: Character, formerNode: Character 
168040     ERROR Test worker     d.u.i.k.j.KeYJPMapping    Duplicate registration of node: Class, formerNode: java.lang.Class 
168040     ERROR Test worker     d.u.i.k.j.KeYJPMapping    Duplicate registration of node: Class, formerNode: java.lang.Class 
168041     ERROR Test worker     d.u.i.k.j.KeYJPMapping    Duplicate registration of node: ClassCastException, formerNode: ClassCastException 
168042     ERROR Test worker     d.u.i.k.j.KeYJPMapping    Duplicate registration of node: CloneNotSupportedException, formerNode: CloneNotSupportedException 
168043     ERROR Test worker     d.u.i.k.j.KeYJPMapping    Duplicate registration of node: Cloneable, formerNode: Cloneable 
168044     ERROR Test worker     d.u.i.k.j.KeYJPMapping    Duplicate registration of node: Comparable, formerNode: Comparable 
168045     ERROR Test worker     d.u.i.k.j.KeYJPMapping    Duplicate registration of node: Double, formerNode: Double 
168047     ERROR Test worker     d.u.i.k.j.KeYJPMapping    Duplicate registration of node: Enum, formerNode: java.lang.Enum 
168047     ERROR Test worker     d.u.i.k.j.KeYJPMapping    Duplicate registration of node: Enum, formerNode: java.lang.Enum 
168050     ERROR Test worker     d.u.i.k.j.KeYJPMapping    Duplicate registration of node: Error, formerNode: Error 
168052     ERROR Test worker     d.u.i.k.j.KeYJPMapping    Duplicate registration of node: Exception, formerNode: Exception 
168054     ERROR Test worker     d.u.i.k.j.KeYJPMapping    Duplicate registration of node: ExceptionInInitializerError, formerNode: java.lang.ExceptionInInitializerError 
168054     ERROR Test worker     d.u.i.k.j.KeYJPMapping    Duplicate registration of node: ExceptionInInitializerError, formerNode: java.lang.ExceptionInInitializerError 
168055     ERROR Test worker     d.u.i.k.j.KeYJPMapping    Duplicate registration of node: Float, formerNode: Float 
168056     ERROR Test worker     d.u.i.k.j.KeYJPMapping    Duplicate registration of node: IllegalArgumentException, formerNode: IllegalArgumentException 
168057     ERROR Test worker     d.u.i.k.j.KeYJPMapping    Duplicate registration of node: IndexOutOfBoundsException, formerNode: IndexOutOfBoundsException 
168073     ERROR Test worker     d.u.i.k.j.KeYJPMapping    Duplicate registration of node: Integer, formerNode: java.lang.Integer 
168074     ERROR Test worker     d.u.i.k.j.KeYJPMapping    Duplicate registration of node: Integer, formerNode: java.lang.Integer 
168075     ERROR Test worker     d.u.i.k.j.KeYJPMapping    Duplicate registration of node: InterruptedException, formerNode: InterruptedException 
168076     ERROR Test worker     d.u.i.k.j.KeYJPMapping    Duplicate registration of node: Iterable, formerNode: Iterable 
168078     ERROR Test worker     d.u.i.k.j.KeYJPMapping    Duplicate registration of node: LinkageError, formerNode: LinkageError 
168087     ERROR Test worker     d.u.i.k.j.KeYJPMapping    Duplicate registration of node: Math, formerNode: Math 
168089     ERROR Test worker     d.u.i.k.j.KeYJPMapping    Duplicate registration of node: NegativeArraySizeException, formerNode: NegativeArraySizeException 
168090     ERROR Test worker     d.u.i.k.j.KeYJPMapping    Duplicate registration of node: NoClassDefFoundError, formerNode: java.lang.NoClassDefFoundError 
168090     ERROR Test worker     d.u.i.k.j.KeYJPMapping    Duplicate registration of node: NoClassDefFoundError, formerNode: java.lang.NoClassDefFoundError 
168091     ERROR Test worker     d.u.i.k.j.KeYJPMapping    Duplicate registration of node: NullPointerException, formerNode: NullPointerException 
168093     ERROR Test worker     d.u.i.k.j.KeYJPMapping    Duplicate registration of node: Number, formerNode: Number 
168095     ERROR Test worker     d.u.i.k.j.KeYJPMapping    Duplicate registration of node: NumberFormatException, formerNode: NumberFormatException 
168096     ERROR Test worker     d.u.i.k.j.KeYJPMapping    Duplicate registration of node: VirtualMachineError, formerNode: VirtualMachineError 
168097     ERROR Test worker     d.u.i.k.j.KeYJPMapping    Duplicate registration of node: OutOfMemoryError, formerNode: OutOfMemoryError 
168098     ERROR Test worker     d.u.i.k.j.KeYJPMapping    Duplicate registration of node: Runnable, formerNode: Runnable 
168100     ERROR Test worker     d.u.i.k.j.KeYJPMapping    Duplicate registration of node: RuntimeException, formerNode: RuntimeException 
168100     ERROR Test worker     d.u.i.k.j.KeYJPMapping    Duplicate registration of node: /*@pure*/
int, formerNode: int 
168103     ERROR Test worker     d.u.i.k.j.KeYJPMapping    Duplicate registration of node: /*@ helper */
int, formerNode: int 
168104     ERROR Test worker     d.u.i.k.j.KeYJPMapping    Duplicate registration of node: /*@ helper */
boolean, formerNode: /*@ pure @*/
boolean 
168115     ERROR Test worker     d.u.i.k.j.KeYJPMapping    Duplicate registration of node: /*@ helper */
java.lang.String, formerNode: java.lang.String 
168126     ERROR Test worker     d.u.i.k.j.KeYJPMapping    Duplicate registration of node: String, formerNode: java.lang.String 
168169     ERROR Test worker     d.u.i.k.j.KeYJPMapping    Duplicate registration of node: String, formerNode: java.lang.String 
168171     ERROR Test worker     d.u.i.k.j.KeYJPMapping    Duplicate registration of node: char, formerNode: /*@ helper */
char 
168173     ERROR Test worker     d.u.i.k.j.KeYJPMapping    Duplicate registration of node: StringBuffer, formerNode: StringBuffer 
168176     ERROR Test worker     d.u.i.k.j.KeYJPMapping    Duplicate registration of node: System, formerNode: System 
168178     ERROR Test worker     d.u.i.k.j.KeYJPMapping    Duplicate registration of node: Thread, formerNode: Thread 
168181     ERROR Test worker     d.u.i.k.j.KeYJPMapping    Duplicate registration of node: Throwable, formerNode: java.lang.Throwable 
168181     ERROR Test worker     d.u.i.k.j.KeYJPMapping    Duplicate registration of node: Throwable, formerNode: java.lang.Throwable 
168186     ERROR Test worker     d.u.i.k.j.KeYJPMapping    Duplicate registration of node: Collection, formerNode: Collection 
168187     ERROR Test worker     d.u.i.k.j.KeYJPMapping    Duplicate registration of node: Iterator, formerNode: java.util.Iterator 
168187     ERROR Test worker     d.u.i.k.j.KeYJPMapping    Duplicate registration of node: Iterator, formerNode: java.util.Iterator 
168193     ERROR Test worker     d.u.i.k.j.KeYJPMapping    Duplicate registration of node: List, formerNode: java.util.List 
168194     ERROR Test worker     d.u.i.k.j.KeYJPMapping    Duplicate registration of node: List, formerNode: java.util.List 
168196     ERROR Test worker     d.u.i.k.j.KeYJPMapping    Duplicate registration of node: ListIterator, formerNode: java.util.ListIterator 
168196     ERROR Test worker     d.u.i.k.j.KeYJPMapping    Duplicate registration of node: ListIterator, formerNode: java.util.ListIterator 
168197     ERROR Test worker     d.u.i.k.j.KeYJPMapping    Duplicate registration of node: Long, formerNode: Long 
168198     ERROR Test worker     d.u.i.k.j.KeYJPMapping    Duplicate registration of node: Boolean, formerNode: Boolean 
168203     ERROR Test worker     d.u.i.k.j.KeYJPMapping    Duplicate registration of node: Map, formerNode: Map 
168207     ERROR Test worker     d.u.i.k.j.KeYJPMapping    Duplicate registration of node: Set, formerNode: java.util.Set 
168207     ERROR Test worker     d.u.i.k.j.KeYJPMapping    Duplicate registration of node: Set, formerNode: java.util.Set 
168209     ERROR Test worker     d.u.i.k.j.KeYJPMapping    Duplicate registration of node: FilterOutputStream, formerNode: FilterOutputStream 
168209     ERROR Test worker     d.u.i.k.j.KeYJPMapping    Duplicate registration of node: InputStream, formerNode: java.io.InputStream 
168209     ERROR Test worker     d.u.i.k.j.KeYJPMapping    Duplicate registration of node: InputStream, formerNode: java.io.InputStream 
168212     ERROR Test worker     d.u.i.k.j.KeYJPMapping    Duplicate registration of node: IOException, formerNode: IOException 
168212     ERROR Test worker     d.u.i.k.j.KeYJPMapping    Duplicate registration of node: OutputStream, formerNode: java.io.OutputStream 
168212     ERROR Test worker     d.u.i.k.j.KeYJPMapping    Duplicate registration of node: OutputStream, formerNode: java.io.OutputStream 
168217     ERROR Test worker     d.u.i.k.j.KeYJPMapping    Duplicate registration of node: PrintStream, formerNode: java.io.PrintStream 
168217     ERROR Test worker     d.u.i.k.j.KeYJPMapping    Duplicate registration of node: PrintStream, formerNode: java.io.PrintStream 
168218     ERROR Test worker     d.u.i.k.j.KeYJPMapping    Duplicate registration of node: Serializable, formerNode: Serializable 
168219     ERROR Test worker     d.u.i.k.j.KeYJPMapping    Duplicate registration of node: BigInteger, formerNode: java.math.BigInteger 
168221     ERROR Test worker     d.u.i.k.j.KeYJPMapping    Duplicate registration of node: BigInteger, formerNode: java.math.BigInteger 
168222     ERROR Test worker     d.u.i.k.j.KeYJPMapping    Duplicate registration of node: ArrayList, formerNode: ArrayList 
168225     ERROR Test worker     d.u.i.k.j.KeYJPMapping    Duplicate registration of node: byte[], formerNode: byte[] 
168243     ERROR Test worker     d.u.i.k.j.KeYJPMapping    Duplicate registration of node: Arrays, formerNode: Arrays 
168244     ERROR Test worker     d.u.i.k.j.KeYJPMapping    Duplicate registration of node: ListIteratorImpl, formerNode: ListIteratorImpl 
168245     ERROR Test worker     d.u.i.k.j.KeYJPMapping    Duplicate registration of node: Date, formerNode: Date 
168246     ERROR Test worker     d.u.i.k.j.KeYJPMapping    Duplicate registration of node: LinkedHashMap, formerNode: LinkedHashMap 
168247     ERROR Test worker     d.u.i.k.j.KeYJPMapping    Duplicate registration of node: /*@pure@*/
String, formerNode: /*@strictly_pure*/
java.lang.String 
168247     ERROR Test worker     d.u.i.k.j.KeYJPMapping    Duplicate registration of node: LinkedList, formerNode: LinkedList 
168249     ERROR Test worker     d.u.i.k.j.KeYJPMapping    Duplicate registration of node: /*@ spec_java_math @*/
TestClass, formerNode: TestClass 
168249     ERROR Test worker     d.u.i.k.j.KeYJPMapping    Duplicate registration of node: /*@ spec_java_math @*/
TestClass, formerNode: TestClass 
168251     ERROR Test worker     d.u.i.k.j.KeYJPMapping    Duplicate registration of value: testPackage.TestClass
testPackage.TestClass::instance = new testPackage.testPackage.TestClass(
  
);, formerValue: testPackage.TestClass
testPackage.TestClass::instance = new testPackage.testPackage.TestClass(
  
); 
168254     ERROR Test worker     d.u.i.k.j.KeYJPMapping    Duplicate registration of value: public
  static testPackage.testPackage.TestClass testPackage.TestClass
  testPackage.TestClass::instance = new testPackage.testPackage.TestClass(
    
  );, formerValue: public
  static testPackage.testPackage.TestClass testPackage.TestClass
  testPackage.TestClass::instance = new testPackage.testPackage.TestClass(
    
  ); 
168460     ERROR Test worker     d.u.i.k.j.KeYJPMapping    Duplicate registration of node: boolean, formerNode: /*@ pure @*/
boolean 
168464     ERROR Test worker     d.u.i.k.j.KeYJPMapping    Duplicate registration of node: Object, formerNode: java.lang.Object 
168464     ERROR Test worker     d.u.i.k.j.KeYJPMapping    Duplicate registration of node: Object, formerNode: java.lang.Object 
168466     ERROR Test worker     d.u.i.k.j.KeYJPMapping    Duplicate registration of node: Annotation, formerNode: Annotation 
168468     ERROR Test worker     d.u.i.k.j.KeYJPMapping    Duplicate registration of node: ArithmeticException, formerNode: ArithmeticException 
168470     ERROR Test worker     d.u.i.k.j.KeYJPMapping    Duplicate registration of node: ArrayIndexOutOfBoundsException, formerNode: ArrayIndexOutOfBoundsException 
168471     ERROR Test worker     d.u.i.k.j.KeYJPMapping    Duplicate registration of node: ArrayStoreException, formerNode: ArrayStoreException 
168473     ERROR Test worker     d.u.i.k.j.KeYJPMapping    Duplicate registration of node: AssertionError, formerNode: AssertionError 
168475     ERROR Test worker     d.u.i.k.j.KeYJPMapping    Duplicate registration of node: Character, formerNode: Character 
168475     ERROR Test worker     d.u.i.k.j.KeYJPMapping    Duplicate registration of node: Class, formerNode: java.lang.Class 
168476     ERROR Test worker     d.u.i.k.j.KeYJPMapping    Duplicate registration of node: Class, formerNode: java.lang.Class 
168477     ERROR Test worker     d.u.i.k.j.KeYJPMapping    Duplicate registration of node: ClassCastException, formerNode: ClassCastException 
168478     ERROR Test worker     d.u.i.k.j.KeYJPMapping    Duplicate registration of node: CloneNotSupportedException, formerNode: CloneNotSupportedException 
168479     ERROR Test worker     d.u.i.k.j.KeYJPMapping    Duplicate registration of node: Cloneable, formerNode: Cloneable 
168480     ERROR Test worker     d.u.i.k.j.KeYJPMapping    Duplicate registration of node: Comparable, formerNode: Comparable 
168481     ERROR Test worker     d.u.i.k.j.KeYJPMapping    Duplicate registration of node: Double, formerNode: Double 
168483     ERROR Test worker     d.u.i.k.j.KeYJPMapping    Duplicate registration of node: Enum, formerNode: java.lang.Enum 
168483     ERROR Test worker     d.u.i.k.j.KeYJPMapping    Duplicate registration of node: Enum, formerNode: java.lang.Enum 
168486     ERROR Test worker     d.u.i.k.j.KeYJPMapping    Duplicate registration of node: Error, formerNode: Error 
168488     ERROR Test worker     d.u.i.k.j.KeYJPMapping    Duplicate registration of node: Exception, formerNode: Exception 
168490     ERROR Test worker     d.u.i.k.j.KeYJPMapping    Duplicate registration of node: ExceptionInInitializerError, formerNode: java.lang.ExceptionInInitializerError 
168490     ERROR Test worker     d.u.i.k.j.KeYJPMapping    Duplicate registration of node: ExceptionInInitializerError, formerNode: java.lang.ExceptionInInitializerError 
168491     ERROR Test worker     d.u.i.k.j.KeYJPMapping    Duplicate registration of node: Float, formerNode: Float 
168493     ERROR Test worker     d.u.i.k.j.KeYJPMapping    Duplicate registration of node: IllegalArgumentException, formerNode: IllegalArgumentException 
168495     ERROR Test worker     d.u.i.k.j.KeYJPMapping    Duplicate registration of node: IndexOutOfBoundsException, formerNode: IndexOutOfBoundsException 
168521     ERROR Test worker     d.u.i.k.j.KeYJPMapping    Duplicate registration of node: Integer, formerNode: java.lang.Integer 
168521     ERROR Test worker     d.u.i.k.j.KeYJPMapping    Duplicate registration of node: Integer, formerNode: java.lang.Integer 
168523     ERROR Test worker     d.u.i.k.j.KeYJPMapping    Duplicate registration of node: InterruptedException, formerNode: InterruptedException 
168524     ERROR Test worker     d.u.i.k.j.KeYJPMapping    Duplicate registration of node: Iterable, formerNode: Iterable 
168525     ERROR Test worker     d.u.i.k.j.KeYJPMapping    Duplicate registration of node: LinkageError, formerNode: LinkageError 
168535     ERROR Test worker     d.u.i.k.j.KeYJPMapping    Duplicate registration of node: Math, formerNode: Math 
168537     ERROR Test worker     d.u.i.k.j.KeYJPMapping    Duplicate registration of node: NegativeArraySizeException, formerNode: NegativeArraySizeException 
168538     ERROR Test worker     d.u.i.k.j.KeYJPMapping    Duplicate registration of node: NoClassDefFoundError, formerNode: java.lang.NoClassDefFoundError 
168538     ERROR Test worker     d.u.i.k.j.KeYJPMapping    Duplicate registration of node: NoClassDefFoundError, formerNode: java.lang.NoClassDefFoundError 
168540     ERROR Test worker     d.u.i.k.j.KeYJPMapping    Duplicate registration of node: NullPointerException, formerNode: NullPointerException 
168541     ERROR Test worker     d.u.i.k.j.KeYJPMapping    Duplicate registration of node: Number, formerNode: Number 
168543     ERROR Test worker     d.u.i.k.j.KeYJPMapping    Duplicate registration of node: NumberFormatException, formerNode: NumberFormatException 
168544     ERROR Test worker     d.u.i.k.j.KeYJPMapping    Duplicate registration of node: VirtualMachineError, formerNode: VirtualMachineError 
168546     ERROR Test worker     d.u.i.k.j.KeYJPMapping    Duplicate registration of node: OutOfMemoryError, formerNode: OutOfMemoryError 
168546     ERROR Test worker     d.u.i.k.j.KeYJPMapping    Duplicate registration of node: Runnable, formerNode: Runnable 
168548     ERROR Test worker     d.u.i.k.j.KeYJPMapping    Duplicate registration of node: RuntimeException, formerNode: RuntimeException 
168549     ERROR Test worker     d.u.i.k.j.KeYJPMapping    Duplicate registration of node: /*@pure*/
int, formerNode: int 
168552     ERROR Test worker     d.u.i.k.j.KeYJPMapping    Duplicate registration of node: /*@ helper */
int, formerNode: int 
168552     ERROR Test worker     d.u.i.k.j.KeYJPMapping    Duplicate registration of node: /*@ helper */
boolean, formerNode: /*@ pure @*/
boolean 
168563     ERROR Test worker     d.u.i.k.j.KeYJPMapping    Duplicate registration of node: /*@ helper */
java.lang.String, formerNode: java.lang.String 
168574     ERROR Test worker     d.u.i.k.j.KeYJPMapping    Duplicate registration of node: String, formerNode: java.lang.String 
168595     ERROR Test worker     d.u.i.k.j.KeYJPMapping    Duplicate registration of node: String, formerNode: java.lang.String 
168597     ERROR Test worker     d.u.i.k.j.KeYJPMapping    Duplicate registration of node: char, formerNode: /*@ helper */
char 
168599     ERROR Test worker     d.u.i.k.j.KeYJPMapping    Duplicate registration of node: StringBuffer, formerNode: StringBuffer 
168603     ERROR Test worker     d.u.i.k.j.KeYJPMapping    Duplicate registration of node: System, formerNode: System 
168604     ERROR Test worker     d.u.i.k.j.KeYJPMapping    Duplicate registration of node: Thread, formerNode: Thread 
168607     ERROR Test worker     d.u.i.k.j.KeYJPMapping    Duplicate registration of node: Throwable, formerNode: java.lang.Throwable 
168608     ERROR Test worker     d.u.i.k.j.KeYJPMapping    Duplicate registration of node: Throwable, formerNode: java.lang.Throwable 
168641     ERROR Test worker     d.u.i.k.j.KeYJPMapping    Duplicate registration of node: Collection, formerNode: Collection 
168642     ERROR Test worker     d.u.i.k.j.KeYJPMapping    Duplicate registration of node: Iterator, formerNode: java.util.Iterator 
168642     ERROR Test worker     d.u.i.k.j.KeYJPMapping    Duplicate registration of node: Iterator, formerNode: java.util.Iterator 
168646     ERROR Test worker     d.u.i.k.j.KeYJPMapping    Duplicate registration of node: List, formerNode: java.util.List 
168647     ERROR Test worker     d.u.i.k.j.KeYJPMapping    Duplicate registration of node: List, formerNode: java.util.List 
168649     ERROR Test worker     d.u.i.k.j.KeYJPMapping    Duplicate registration of node: ListIterator, formerNode: java.util.ListIterator 
168649     ERROR Test worker     d.u.i.k.j.KeYJPMapping    Duplicate registration of node: ListIterator, formerNode: java.util.ListIterator 
168651     ERROR Test worker     d.u.i.k.j.KeYJPMapping    Duplicate registration of node: Long, formerNode: Long 
168652     ERROR Test worker     d.u.i.k.j.KeYJPMapping    Duplicate registration of node: Boolean, formerNode: Boolean 
168657     ERROR Test worker     d.u.i.k.j.KeYJPMapping    Duplicate registration of node: Map, formerNode: Map 
168662     ERROR Test worker     d.u.i.k.j.KeYJPMapping    Duplicate registration of node: Set, formerNode: java.util.Set 
168662     ERROR Test worker     d.u.i.k.j.KeYJPMapping    Duplicate registration of node: Set, formerNode: java.util.Set 
168664     ERROR Test worker     d.u.i.k.j.KeYJPMapping    Duplicate registration of node: FilterOutputStream, formerNode: FilterOutputStream 
168664     ERROR Test worker     d.u.i.k.j.KeYJPMapping    Duplicate registration of node: InputStream, formerNode: java.io.InputStream 
168664     ERROR Test worker     d.u.i.k.j.KeYJPMapping    Duplicate registration of node: InputStream, formerNode: java.io.InputStream 
168667     ERROR Test worker     d.u.i.k.j.KeYJPMapping    Duplicate registration of node: IOException, formerNode: IOException 
168667     ERROR Test worker     d.u.i.k.j.KeYJPMapping    Duplicate registration of node: OutputStream, formerNode: java.io.OutputStream 
168667     ERROR Test worker     d.u.i.k.j.KeYJPMapping    Duplicate registration of node: OutputStream, formerNode: java.io.OutputStream 
168673     ERROR Test worker     d.u.i.k.j.KeYJPMapping    Duplicate registration of node: PrintStream, formerNode: java.io.PrintStream 
168673     ERROR Test worker     d.u.i.k.j.KeYJPMapping    Duplicate registration of node: PrintStream, formerNode: java.io.PrintStream 
168674     ERROR Test worker     d.u.i.k.j.KeYJPMapping    Duplicate registration of node: Serializable, formerNode: Serializable 
168675     ERROR Test worker     d.u.i.k.j.KeYJPMapping    Duplicate registration of node: BigInteger, formerNode: java.math.BigInteger 
168676     ERROR Test worker     d.u.i.k.j.KeYJPMapping    Duplicate registration of node: BigInteger, formerNode: java.math.BigInteger 
168678     ERROR Test worker     d.u.i.k.j.KeYJPMapping    Duplicate registration of node: ArrayList, formerNode: ArrayList 
168681     ERROR Test worker     d.u.i.k.j.KeYJPMapping    Duplicate registration of node: byte[], formerNode: byte[] 
168701     ERROR Test worker     d.u.i.k.j.KeYJPMapping    Duplicate registration of node: Arrays, formerNode: Arrays 
168702     ERROR Test worker     d.u.i.k.j.KeYJPMapping    Duplicate registration of node: ListIteratorImpl, formerNode: ListIteratorImpl 
168703     ERROR Test worker     d.u.i.k.j.KeYJPMapping    Duplicate registration of node: Date, formerNode: Date 
168704     ERROR Test worker     d.u.i.k.j.KeYJPMapping    Duplicate registration of node: LinkedHashMap, formerNode: LinkedHashMap 
168704     ERROR Test worker     d.u.i.k.j.KeYJPMapping    Duplicate registration of node: /*@pure@*/
String, formerNode: /*@strictly_pure*/
java.lang.String 
168705     ERROR Test worker     d.u.i.k.j.KeYJPMapping    Duplicate registration of node: LinkedList, formerNode: LinkedList 
168708     ERROR Test worker     d.u.i.k.j.KeYJPMapping    Duplicate registration of node: /*@ spec_java_math @*/
TestClass, formerNode: TestClass 
168708     ERROR Test worker     d.u.i.k.j.KeYJPMapping    Duplicate registration of node: /*@ spec_java_math @*/
TestClass, formerNode: TestClass 
168710     ERROR Test worker     d.u.i.k.j.KeYJPMapping    Duplicate registration of value: testPackage.TestClass
testPackage.TestClass::instance = new testPackage.testPackage.TestClass(
  
);, formerValue: testPackage.TestClass
testPackage.TestClass::instance = new testPackage.testPackage.TestClass(
  
); 
168710     ERROR Test worker     d.u.i.k.j.KeYJPMapping    Duplicate registration of value: public
  static testPackage.testPackage.TestClass testPackage.TestClass
  testPackage.TestClass::instance = new testPackage.testPackage.TestClass(
    
  );, formerValue: public
  static testPackage.testPackage.TestClass testPackage.TestClass
  testPackage.TestClass::instance = new testPackage.testPackage.TestClass(
    
  ); 
168911     ERROR Test worker     d.u.i.k.j.KeYJPMapping    Duplicate registration of node: boolean, formerNode: /*@ pure @*/
boolean 
168916     ERROR Test worker     d.u.i.k.j.KeYJPMapping    Duplicate registration of node: Object, formerNode: java.lang.Object 
168916     ERROR Test worker     d.u.i.k.j.KeYJPMapping    Duplicate registration of node: Object, formerNode: java.lang.Object 
168917     ERROR Test worker     d.u.i.k.j.KeYJPMapping    Duplicate registration of node: Annotation, formerNode: Annotation 
168920     ERROR Test worker     d.u.i.k.j.KeYJPMapping    Duplicate registration of node: ArithmeticException, formerNode: ArithmeticException 
168922     ERROR Test worker     d.u.i.k.j.KeYJPMapping    Duplicate registration of node: ArrayIndexOutOfBoundsException, formerNode: ArrayIndexOutOfBoundsException 
168923     ERROR Test worker     d.u.i.k.j.KeYJPMapping    Duplicate registration of node: ArrayStoreException, formerNode: ArrayStoreException 
168925     ERROR Test worker     d.u.i.k.j.KeYJPMapping    Duplicate registration of node: AssertionError, formerNode: AssertionError 
168927     ERROR Test worker     d.u.i.k.j.KeYJPMapping    Duplicate registration of node: Character, formerNode: Character 
168927     ERROR Test worker     d.u.i.k.j.KeYJPMapping    Duplicate registration of node: Class, formerNode: java.lang.Class 
168927     ERROR Test worker     d.u.i.k.j.KeYJPMapping    Duplicate registration of node: Class, formerNode: java.lang.Class 
168928     ERROR Test worker     d.u.i.k.j.KeYJPMapping    Duplicate registration of node: ClassCastException, formerNode: ClassCastException 
168930     ERROR Test worker     d.u.i.k.j.KeYJPMapping    Duplicate registration of node: CloneNotSupportedException, formerNode: CloneNotSupportedException 
168931     ERROR Test worker     d.u.i.k.j.KeYJPMapping    Duplicate registration of node: Cloneable, formerNode: Cloneable 
168931     ERROR Test worker     d.u.i.k.j.KeYJPMapping    Duplicate registration of node: Comparable, formerNode: Comparable 
168932     ERROR Test worker     d.u.i.k.j.KeYJPMapping    Duplicate registration of node: Double, formerNode: Double 
168935     ERROR Test worker     d.u.i.k.j.KeYJPMapping    Duplicate registration of node: Enum, formerNode: java.lang.Enum 
168935     ERROR Test worker     d.u.i.k.j.KeYJPMapping    Duplicate registration of node: Enum, formerNode: java.lang.Enum 
168938     ERROR Test worker     d.u.i.k.j.KeYJPMapping    Duplicate registration of node: Error, formerNode: Error 
168939     ERROR Test worker     d.u.i.k.j.KeYJPMapping    Duplicate registration of node: Exception, formerNode: Exception 
168942     ERROR Test worker     d.u.i.k.j.KeYJPMapping    Duplicate registration of node: ExceptionInInitializerError, formerNode: java.lang.ExceptionInInitializerError 
168942     ERROR Test worker     d.u.i.k.j.KeYJPMapping    Duplicate registration of node: ExceptionInInitializerError, formerNode: java.lang.ExceptionInInitializerError 
168943     ERROR Test worker     d.u.i.k.j.KeYJPMapping    Duplicate registration of node: Float, formerNode: Float 
168944     ERROR Test worker     d.u.i.k.j.KeYJPMapping    Duplicate registration of node: IllegalArgumentException, formerNode: IllegalArgumentException 
168945     ERROR Test worker     d.u.i.k.j.KeYJPMapping    Duplicate registration of node: IndexOutOfBoundsException, formerNode: IndexOutOfBoundsException 
168961     ERROR Test worker     d.u.i.k.j.KeYJPMapping    Duplicate registration of node: Integer, formerNode: java.lang.Integer 
168962     ERROR Test worker     d.u.i.k.j.KeYJPMapping    Duplicate registration of node: Integer, formerNode: java.lang.Integer 
168963     ERROR Test worker     d.u.i.k.j.KeYJPMapping    Duplicate registration of node: InterruptedException, formerNode: InterruptedException 
168964     ERROR Test worker     d.u.i.k.j.KeYJPMapping    Duplicate registration of node: Iterable, formerNode: Iterable 
168965     ERROR Test worker     d.u.i.k.j.KeYJPMapping    Duplicate registration of node: LinkageError, formerNode: LinkageError 
168976     ERROR Test worker     d.u.i.k.j.KeYJPMapping    Duplicate registration of node: Math, formerNode: Math 
168977     ERROR Test worker     d.u.i.k.j.KeYJPMapping    Duplicate registration of node: NegativeArraySizeException, formerNode: NegativeArraySizeException 
168978     ERROR Test worker     d.u.i.k.j.KeYJPMapping    Duplicate registration of node: NoClassDefFoundError, formerNode: java.lang.NoClassDefFoundError 
168978     ERROR Test worker     d.u.i.k.j.KeYJPMapping    Duplicate registration of node: NoClassDefFoundError, formerNode: java.lang.NoClassDefFoundError 
168980     ERROR Test worker     d.u.i.k.j.KeYJPMapping    Duplicate registration of node: NullPointerException, formerNode: NullPointerException 
168981     ERROR Test worker     d.u.i.k.j.KeYJPMapping    Duplicate registration of node: Number, formerNode: Number 
168983     ERROR Test worker     d.u.i.k.j.KeYJPMapping    Duplicate registration of node: NumberFormatException, formerNode: NumberFormatException 
168984     ERROR Test worker     d.u.i.k.j.KeYJPMapping    Duplicate registration of node: VirtualMachineError, formerNode: VirtualMachineError 
168986     ERROR Test worker     d.u.i.k.j.KeYJPMapping    Duplicate registration of node: OutOfMemoryError, formerNode: OutOfMemoryError 
168987     ERROR Test worker     d.u.i.k.j.KeYJPMapping    Duplicate registration of node: Runnable, formerNode: Runnable 
168988     ERROR Test worker     d.u.i.k.j.KeYJPMapping    Duplicate registration of node: RuntimeException, formerNode: RuntimeException 
168989     ERROR Test worker     d.u.i.k.j.KeYJPMapping    Duplicate registration of node: /*@pure*/
int, formerNode: int 
168992     ERROR Test worker     d.u.i.k.j.KeYJPMapping    Duplicate registration of node: /*@ helper */
int, formerNode: int 
168992     ERROR Test worker     d.u.i.k.j.KeYJPMapping    Duplicate registration of node: /*@ helper */
boolean, formerNode: /*@ pure @*/
boolean 
169002     ERROR Test worker     d.u.i.k.j.KeYJPMapping    Duplicate registration of node: /*@ helper */
java.lang.String, formerNode: java.lang.String 
169013     ERROR Test worker     d.u.i.k.j.KeYJPMapping    Duplicate registration of node: String, formerNode: java.lang.String 
169034     ERROR Test worker     d.u.i.k.j.KeYJPMapping    Duplicate registration of node: String, formerNode: java.lang.String 
169036     ERROR Test worker     d.u.i.k.j.KeYJPMapping    Duplicate registration of node: char, formerNode: /*@ helper */
char 
169038     ERROR Test worker     d.u.i.k.j.KeYJPMapping    Duplicate registration of node: StringBuffer, formerNode: StringBuffer 
169041     ERROR Test worker     d.u.i.k.j.KeYJPMapping    Duplicate registration of node: System, formerNode: System 
169042     ERROR Test worker     d.u.i.k.j.KeYJPMapping    Duplicate registration of node: Thread, formerNode: Thread 
169045     ERROR Test worker     d.u.i.k.j.KeYJPMapping    Duplicate registration of node: Throwable, formerNode: java.lang.Throwable 
169045     ERROR Test worker     d.u.i.k.j.KeYJPMapping    Duplicate registration of node: Throwable, formerNode: java.lang.Throwable 
169055     ERROR Test worker     d.u.i.k.j.KeYJPMapping    Duplicate registration of node: Collection, formerNode: Collection 
169056     ERROR Test worker     d.u.i.k.j.KeYJPMapping    Duplicate registration of node: Iterator, formerNode: java.util.Iterator 
169056     ERROR Test worker     d.u.i.k.j.KeYJPMapping    Duplicate registration of node: Iterator, formerNode: java.util.Iterator 
169061     ERROR Test worker     d.u.i.k.j.KeYJPMapping    Duplicate registration of node: List, formerNode: java.util.List 
169088     ERROR Test worker     d.u.i.k.j.KeYJPMapping    Duplicate registration of node: List, formerNode: java.util.List 
169091     ERROR Test worker     d.u.i.k.j.KeYJPMapping    Duplicate registration of node: ListIterator, formerNode: java.util.ListIterator 
169092     ERROR Test worker     d.u.i.k.j.KeYJPMapping    Duplicate registration of node: ListIterator, formerNode: java.util.ListIterator 
169093     ERROR Test worker     d.u.i.k.j.KeYJPMapping    Duplicate registration of node: Long, formerNode: Long 
169093     ERROR Test worker     d.u.i.k.j.KeYJPMapping    Duplicate registration of node: Boolean, formerNode: Boolean 
169098     ERROR Test worker     d.u.i.k.j.KeYJPMapping    Duplicate registration of node: Map, formerNode: Map 
169102     ERROR Test worker     d.u.i.k.j.KeYJPMapping    Duplicate registration of node: Set, formerNode: java.util.Set 
169103     ERROR Test worker     d.u.i.k.j.KeYJPMapping    Duplicate registration of node: Set, formerNode: java.util.Set 
169104     ERROR Test worker     d.u.i.k.j.KeYJPMapping    Duplicate registration of node: FilterOutputStream, formerNode: FilterOutputStream 
169105     ERROR Test worker     d.u.i.k.j.KeYJPMapping    Duplicate registration of node: InputStream, formerNode: java.io.InputStream 
169105     ERROR Test worker     d.u.i.k.j.KeYJPMapping    Duplicate registration of node: InputStream, formerNode: java.io.InputStream 
169107     ERROR Test worker     d.u.i.k.j.KeYJPMapping    Duplicate registration of node: IOException, formerNode: IOException 
169108     ERROR Test worker     d.u.i.k.j.KeYJPMapping    Duplicate registration of node: OutputStream, formerNode: java.io.OutputStream 
169108     ERROR Test worker     d.u.i.k.j.KeYJPMapping    Duplicate registration of node: OutputStream, formerNode: java.io.OutputStream 
169113     ERROR Test worker     d.u.i.k.j.KeYJPMapping    Duplicate registration of node: PrintStream, formerNode: java.io.PrintStream 
169113     ERROR Test worker     d.u.i.k.j.KeYJPMapping    Duplicate registration of node: PrintStream, formerNode: java.io.PrintStream 
169114     ERROR Test worker     d.u.i.k.j.KeYJPMapping    Duplicate registration of node: Serializable, formerNode: Serializable 
169115     ERROR Test worker     d.u.i.k.j.KeYJPMapping    Duplicate registration of node: BigInteger, formerNode: java.math.BigInteger 
169117     ERROR Test worker     d.u.i.k.j.KeYJPMapping    Duplicate registration of node: BigInteger, formerNode: java.math.BigInteger 
169118     ERROR Test worker     d.u.i.k.j.KeYJPMapping    Duplicate registration of node: ArrayList, formerNode: ArrayList 
169121     ERROR Test worker     d.u.i.k.j.KeYJPMapping    Duplicate registration of node: byte[], formerNode: byte[] 
169140     ERROR Test worker     d.u.i.k.j.KeYJPMapping    Duplicate registration of node: Arrays, formerNode: Arrays 
169141     ERROR Test worker     d.u.i.k.j.KeYJPMapping    Duplicate registration of node: ListIteratorImpl, formerNode: ListIteratorImpl 
169142     ERROR Test worker     d.u.i.k.j.KeYJPMapping    Duplicate registration of node: Date, formerNode: Date 
169143     ERROR Test worker     d.u.i.k.j.KeYJPMapping    Duplicate registration of node: LinkedHashMap, formerNode: LinkedHashMap 
169144     ERROR Test worker     d.u.i.k.j.KeYJPMapping    Duplicate registration of node: /*@pure@*/
String, formerNode: /*@strictly_pure*/
java.lang.String 
169147     ERROR Test worker     d.u.i.k.j.KeYJPMapping    Duplicate registration of node: LinkedList, formerNode: LinkedList 
169149     ERROR Test worker     d.u.i.k.j.KeYJPMapping    Duplicate registration of node: /*@ spec_java_math @*/
TestClass, formerNode: TestClass 
169149     ERROR Test worker     d.u.i.k.j.KeYJPMapping    Duplicate registration of node: /*@ spec_java_math @*/
TestClass, formerNode: TestClass 
169151     ERROR Test worker     d.u.i.k.j.KeYJPMapping    Duplicate registration of value: testPackage.TestClass
testPackage.TestClass::instance = new testPackage.testPackage.TestClass(
  
);, formerValue: testPackage.TestClass
testPackage.TestClass::instance = new testPackage.testPackage.TestClass(
  
); 
169152     ERROR Test worker     d.u.i.k.j.KeYJPMapping    Duplicate registration of value: public
  static testPackage.testPackage.TestClass testPackage.TestClass
  testPackage.TestClass::instance = new testPackage.testPackage.TestClass(
    
  );, formerValue: public
  static testPackage.testPackage.TestClass testPackage.TestClass
  testPackage.TestClass::instance = new testPackage.testPackage.TestClass(
    
  ); 
169356     ERROR Test worker     d.u.i.k.j.KeYJPMapping    Duplicate registration of node: boolean, formerNode: /*@ pure @*/
boolean 
169360     ERROR Test worker     d.u.i.k.j.KeYJPMapping    Duplicate registration of node: Object, formerNode: java.lang.Object 
169360     ERROR Test worker     d.u.i.k.j.KeYJPMapping    Duplicate registration of node: Object, formerNode: java.lang.Object 
169362     ERROR Test worker     d.u.i.k.j.KeYJPMapping    Duplicate registration of node: Annotation, formerNode: Annotation 
169364     ERROR Test worker     d.u.i.k.j.KeYJPMapping    Duplicate registration of node: ArithmeticException, formerNode: ArithmeticException 
169366     ERROR Test worker     d.u.i.k.j.KeYJPMapping    Duplicate registration of node: ArrayIndexOutOfBoundsException, formerNode: ArrayIndexOutOfBoundsException 
169367     ERROR Test worker     d.u.i.k.j.KeYJPMapping    Duplicate registration of node: ArrayStoreException, formerNode: ArrayStoreException 
169369     ERROR Test worker     d.u.i.k.j.KeYJPMapping    Duplicate registration of node: AssertionError, formerNode: AssertionError 
169371     ERROR Test worker     d.u.i.k.j.KeYJPMapping    Duplicate registration of node: Character, formerNode: Character 
169371     ERROR Test worker     d.u.i.k.j.KeYJPMapping    Duplicate registration of node: Class, formerNode: java.lang.Class 
169371     ERROR Test worker     d.u.i.k.j.KeYJPMapping    Duplicate registration of node: Class, formerNode: java.lang.Class 
169373     ERROR Test worker     d.u.i.k.j.KeYJPMapping    Duplicate registration of node: ClassCastException, formerNode: ClassCastException 
169374     ERROR Test worker     d.u.i.k.j.KeYJPMapping    Duplicate registration of node: CloneNotSupportedException, formerNode: CloneNotSupportedException 
169375     ERROR Test worker     d.u.i.k.j.KeYJPMapping    Duplicate registration of node: Cloneable, formerNode: Cloneable 
169376     ERROR Test worker     d.u.i.k.j.KeYJPMapping    Duplicate registration of node: Comparable, formerNode: Comparable 
169377     ERROR Test worker     d.u.i.k.j.KeYJPMapping    Duplicate registration of node: Double, formerNode: Double 
169379     ERROR Test worker     d.u.i.k.j.KeYJPMapping    Duplicate registration of node: Enum, formerNode: java.lang.Enum 
169379     ERROR Test worker     d.u.i.k.j.KeYJPMapping    Duplicate registration of node: Enum, formerNode: java.lang.Enum 
169382     ERROR Test worker     d.u.i.k.j.KeYJPMapping    Duplicate registration of node: Error, formerNode: Error 
169384     ERROR Test worker     d.u.i.k.j.KeYJPMapping    Duplicate registration of node: Exception, formerNode: Exception 
169386     ERROR Test worker     d.u.i.k.j.KeYJPMapping    Duplicate registration of node: ExceptionInInitializerError, formerNode: java.lang.ExceptionInInitializerError 
169386     ERROR Test worker     d.u.i.k.j.KeYJPMapping    Duplicate registration of node: ExceptionInInitializerError, formerNode: java.lang.ExceptionInInitializerError 
169387     ERROR Test worker     d.u.i.k.j.KeYJPMapping    Duplicate registration of node: Float, formerNode: Float 
169388     ERROR Test worker     d.u.i.k.j.KeYJPMapping    Duplicate registration of node: IllegalArgumentException, formerNode: IllegalArgumentException 
169389     ERROR Test worker     d.u.i.k.j.KeYJPMapping    Duplicate registration of node: IndexOutOfBoundsException, formerNode: IndexOutOfBoundsException 
169407     ERROR Test worker     d.u.i.k.j.KeYJPMapping    Duplicate registration of node: Integer, formerNode: java.lang.Integer 
169408     ERROR Test worker     d.u.i.k.j.KeYJPMapping    Duplicate registration of node: Integer, formerNode: java.lang.Integer 
169409     ERROR Test worker     d.u.i.k.j.KeYJPMapping    Duplicate registration of node: InterruptedException, formerNode: InterruptedException 
169410     ERROR Test worker     d.u.i.k.j.KeYJPMapping    Duplicate registration of node: Iterable, formerNode: Iterable 
169411     ERROR Test worker     d.u.i.k.j.KeYJPMapping    Duplicate registration of node: LinkageError, formerNode: LinkageError 
169421     ERROR Test worker     d.u.i.k.j.KeYJPMapping    Duplicate registration of node: Math, formerNode: Math 
169422     ERROR Test worker     d.u.i.k.j.KeYJPMapping    Duplicate registration of node: NegativeArraySizeException, formerNode: NegativeArraySizeException 
169423     ERROR Test worker     d.u.i.k.j.KeYJPMapping    Duplicate registration of node: NoClassDefFoundError, formerNode: java.lang.NoClassDefFoundError 
169423     ERROR Test worker     d.u.i.k.j.KeYJPMapping    Duplicate registration of node: NoClassDefFoundError, formerNode: java.lang.NoClassDefFoundError 
169424     ERROR Test worker     d.u.i.k.j.KeYJPMapping    Duplicate registration of node: NullPointerException, formerNode: NullPointerException 
169426     ERROR Test worker     d.u.i.k.j.KeYJPMapping    Duplicate registration of node: Number, formerNode: Number 
169428     ERROR Test worker     d.u.i.k.j.KeYJPMapping    Duplicate registration of node: NumberFormatException, formerNode: NumberFormatException 
169429     ERROR Test worker     d.u.i.k.j.KeYJPMapping    Duplicate registration of node: VirtualMachineError, formerNode: VirtualMachineError 
169431     ERROR Test worker     d.u.i.k.j.KeYJPMapping    Duplicate registration of node: OutOfMemoryError, formerNode: OutOfMemoryError 
169432     ERROR Test worker     d.u.i.k.j.KeYJPMapping    Duplicate registration of node: Runnable, formerNode: Runnable 
169433     ERROR Test worker     d.u.i.k.j.KeYJPMapping    Duplicate registration of node: RuntimeException, formerNode: RuntimeException 
169434     ERROR Test worker     d.u.i.k.j.KeYJPMapping    Duplicate registration of node: /*@pure*/
int, formerNode: int 
169437     ERROR Test worker     d.u.i.k.j.KeYJPMapping    Duplicate registration of node: /*@ helper */
int, formerNode: int 
169437     ERROR Test worker     d.u.i.k.j.KeYJPMapping    Duplicate registration of node: /*@ helper */
boolean, formerNode: /*@ pure @*/
boolean 
169447     ERROR Test worker     d.u.i.k.j.KeYJPMapping    Duplicate registration of node: /*@ helper */
java.lang.String, formerNode: java.lang.String 
169458     ERROR Test worker     d.u.i.k.j.KeYJPMapping    Duplicate registration of node: String, formerNode: java.lang.String 
169478     ERROR Test worker     d.u.i.k.j.KeYJPMapping    Duplicate registration of node: String, formerNode: java.lang.String 
169480     ERROR Test worker     d.u.i.k.j.KeYJPMapping    Duplicate registration of node: char, formerNode: /*@ helper */
char 
169482     ERROR Test worker     d.u.i.k.j.KeYJPMapping    Duplicate registration of node: StringBuffer, formerNode: StringBuffer 
169485     ERROR Test worker     d.u.i.k.j.KeYJPMapping    Duplicate registration of node: System, formerNode: System 
169486     ERROR Test worker     d.u.i.k.j.KeYJPMapping    Duplicate registration of node: Thread, formerNode: Thread 
169489     ERROR Test worker     d.u.i.k.j.KeYJPMapping    Duplicate registration of node: Throwable, formerNode: java.lang.Throwable 
169490     ERROR Test worker     d.u.i.k.j.KeYJPMapping    Duplicate registration of node: Throwable, formerNode: java.lang.Throwable 
169496     ERROR Test worker     d.u.i.k.j.KeYJPMapping    Duplicate registration of node: Collection, formerNode: Collection 
169497     ERROR Test worker     d.u.i.k.j.KeYJPMapping    Duplicate registration of node: Iterator, formerNode: java.util.Iterator 
169497     ERROR Test worker     d.u.i.k.j.KeYJPMapping    Duplicate registration of node: Iterator, formerNode: java.util.Iterator 
169501     ERROR Test worker     d.u.i.k.j.KeYJPMapping    Duplicate registration of node: List, formerNode: java.util.List 
169502     ERROR Test worker     d.u.i.k.j.KeYJPMapping    Duplicate registration of node: List, formerNode: java.util.List 
169504     ERROR Test worker     d.u.i.k.j.KeYJPMapping    Duplicate registration of node: ListIterator, formerNode: java.util.ListIterator 
169504     ERROR Test worker     d.u.i.k.j.KeYJPMapping    Duplicate registration of node: ListIterator, formerNode: java.util.ListIterator 
169506     ERROR Test worker     d.u.i.k.j.KeYJPMapping    Duplicate registration of node: Long, formerNode: Long 
169507     ERROR Test worker     d.u.i.k.j.KeYJPMapping    Duplicate registration of node: Boolean, formerNode: Boolean 
169544     ERROR Test worker     d.u.i.k.j.KeYJPMapping    Duplicate registration of node: Map, formerNode: Map 
169547     ERROR Test worker     d.u.i.k.j.KeYJPMapping    Duplicate registration of node: Set, formerNode: java.util.Set 
169548     ERROR Test worker     d.u.i.k.j.KeYJPMapping    Duplicate registration of node: Set, formerNode: java.util.Set 
169549     ERROR Test worker     d.u.i.k.j.KeYJPMapping    Duplicate registration of node: FilterOutputStream, formerNode: FilterOutputStream 
169549     ERROR Test worker     d.u.i.k.j.KeYJPMapping    Duplicate registration of node: InputStream, formerNode: java.io.InputStream 
169550     ERROR Test worker     d.u.i.k.j.KeYJPMapping    Duplicate registration of node: InputStream, formerNode: java.io.InputStream 
169551     ERROR Test worker     d.u.i.k.j.KeYJPMapping    Duplicate registration of node: IOException, formerNode: IOException 
169552     ERROR Test worker     d.u.i.k.j.KeYJPMapping    Duplicate registration of node: OutputStream, formerNode: java.io.OutputStream 
169552     ERROR Test worker     d.u.i.k.j.KeYJPMapping    Duplicate registration of node: OutputStream, formerNode: java.io.OutputStream 
169557     ERROR Test worker     d.u.i.k.j.KeYJPMapping    Duplicate registration of node: PrintStream, formerNode: java.io.PrintStream 
169557     ERROR Test worker     d.u.i.k.j.KeYJPMapping    Duplicate registration of node: PrintStream, formerNode: java.io.PrintStream 
169558     ERROR Test worker     d.u.i.k.j.KeYJPMapping    Duplicate registration of node: Serializable, formerNode: Serializable 
169558     ERROR Test worker     d.u.i.k.j.KeYJPMapping    Duplicate registration of node: BigInteger, formerNode: java.math.BigInteger 
169560     ERROR Test worker     d.u.i.k.j.KeYJPMapping    Duplicate registration of node: BigInteger, formerNode: java.math.BigInteger 
169561     ERROR Test worker     d.u.i.k.j.KeYJPMapping    Duplicate registration of node: ArrayList, formerNode: ArrayList 
169563     ERROR Test worker     d.u.i.k.j.KeYJPMapping    Duplicate registration of node: byte[], formerNode: byte[] 
169580     ERROR Test worker     d.u.i.k.j.KeYJPMapping    Duplicate registration of node: Arrays, formerNode: Arrays 
169581     ERROR Test worker     d.u.i.k.j.KeYJPMapping    Duplicate registration of node: ListIteratorImpl, formerNode: ListIteratorImpl 
169581     ERROR Test worker     d.u.i.k.j.KeYJPMapping    Duplicate registration of node: Date, formerNode: Date 
169582     ERROR Test worker     d.u.i.k.j.KeYJPMapping    Duplicate registration of node: LinkedHashMap, formerNode: LinkedHashMap 
169583     ERROR Test worker     d.u.i.k.j.KeYJPMapping    Duplicate registration of node: /*@pure@*/
String, formerNode: /*@strictly_pure*/
java.lang.String 
169583     ERROR Test worker     d.u.i.k.j.KeYJPMapping    Duplicate registration of node: LinkedList, formerNode: LinkedList 
169586     ERROR Test worker     d.u.i.k.j.KeYJPMapping    Duplicate registration of node: /*@ spec_java_math @*/
TestClass, formerNode: TestClass 
169586     ERROR Test worker     d.u.i.k.j.KeYJPMapping    Duplicate registration of node: /*@ spec_java_math @*/
TestClass, formerNode: TestClass 
169588     ERROR Test worker     d.u.i.k.j.KeYJPMapping    Duplicate registration of value: testPackage.TestClass
testPackage.TestClass::instance = new testPackage.testPackage.TestClass(
  
);, formerValue: testPackage.TestClass
testPackage.TestClass::instance = new testPackage.testPackage.TestClass(
  
); 
169588     ERROR Test worker     d.u.i.k.j.KeYJPMapping    Duplicate registration of value: public
  static testPackage.testPackage.TestClass testPackage.TestClass
  testPackage.TestClass::instance = new testPackage.testPackage.TestClass(
    
  );, formerValue: public
  static testPackage.testPackage.TestClass testPackage.TestClass
  testPackage.TestClass::instance = new testPackage.testPackage.TestClass(
    
  ); 
169776     ERROR Test worker     d.u.i.k.j.KeYJPMapping    Duplicate registration of node: boolean, formerNode: /*@ pure @*/
boolean 
169781     ERROR Test worker     d.u.i.k.j.KeYJPMapping    Duplicate registration of node: Object, formerNode: java.lang.Object 
169781     ERROR Test worker     d.u.i.k.j.KeYJPMapping    Duplicate registration of node: Object, formerNode: java.lang.Object 
169783     ERROR Test worker     d.u.i.k.j.KeYJPMapping    Duplicate registration of node: Annotation, formerNode: Annotation 
169785     ERROR Test worker     d.u.i.k.j.KeYJPMapping    Duplicate registration of node: ArithmeticException, formerNode: ArithmeticException 
169787     ERROR Test worker     d.u.i.k.j.KeYJPMapping    Duplicate registration of node: ArrayIndexOutOfBoundsException, formerNode: ArrayIndexOutOfBoundsException 
169789     ERROR Test worker     d.u.i.k.j.KeYJPMapping    Duplicate registration of node: ArrayStoreException, formerNode: ArrayStoreException 
169790     ERROR Test worker     d.u.i.k.j.KeYJPMapping    Duplicate registration of node: AssertionError, formerNode: AssertionError 
169791     ERROR Test worker     d.u.i.k.j.KeYJPMapping    Duplicate registration of node: Character, formerNode: Character 
169792     ERROR Test worker     d.u.i.k.j.KeYJPMapping    Duplicate registration of node: Class, formerNode: java.lang.Class 
169792     ERROR Test worker     d.u.i.k.j.KeYJPMapping    Duplicate registration of node: Class, formerNode: java.lang.Class 
169793     ERROR Test worker     d.u.i.k.j.KeYJPMapping    Duplicate registration of node: ClassCastException, formerNode: ClassCastException 
169795     ERROR Test worker     d.u.i.k.j.KeYJPMapping    Duplicate registration of node: CloneNotSupportedException, formerNode: CloneNotSupportedException 
169795     ERROR Test worker     d.u.i.k.j.KeYJPMapping    Duplicate registration of node: Cloneable, formerNode: Cloneable 
169796     ERROR Test worker     d.u.i.k.j.KeYJPMapping    Duplicate registration of node: Comparable, formerNode: Comparable 
169797     ERROR Test worker     d.u.i.k.j.KeYJPMapping    Duplicate registration of node: Double, formerNode: Double 
169799     ERROR Test worker     d.u.i.k.j.KeYJPMapping    Duplicate registration of node: Enum, formerNode: java.lang.Enum 
169799     ERROR Test worker     d.u.i.k.j.KeYJPMapping    Duplicate registration of node: Enum, formerNode: java.lang.Enum 
169802     ERROR Test worker     d.u.i.k.j.KeYJPMapping    Duplicate registration of node: Error, formerNode: Error 
169804     ERROR Test worker     d.u.i.k.j.KeYJPMapping    Duplicate registration of node: Exception, formerNode: Exception 
169806     ERROR Test worker     d.u.i.k.j.KeYJPMapping    Duplicate registration of node: ExceptionInInitializerError, formerNode: java.lang.ExceptionInInitializerError 
169806     ERROR Test worker     d.u.i.k.j.KeYJPMapping    Duplicate registration of node: ExceptionInInitializerError, formerNode: java.lang.ExceptionInInitializerError 
169807     ERROR Test worker     d.u.i.k.j.KeYJPMapping    Duplicate registration of node: Float, formerNode: Float 
169808     ERROR Test worker     d.u.i.k.j.KeYJPMapping    Duplicate registration of node: IllegalArgumentException, formerNode: IllegalArgumentException 
169809     ERROR Test worker     d.u.i.k.j.KeYJPMapping    Duplicate registration of node: IndexOutOfBoundsException, formerNode: IndexOutOfBoundsException 
169827     ERROR Test worker     d.u.i.k.j.KeYJPMapping    Duplicate registration of node: Integer, formerNode: java.lang.Integer 
169827     ERROR Test worker     d.u.i.k.j.KeYJPMapping    Duplicate registration of node: Integer, formerNode: java.lang.Integer 
169828     ERROR Test worker     d.u.i.k.j.KeYJPMapping    Duplicate registration of node: InterruptedException, formerNode: InterruptedException 
169829     ERROR Test worker     d.u.i.k.j.KeYJPMapping    Duplicate registration of node: Iterable, formerNode: Iterable 
169830     ERROR Test worker     d.u.i.k.j.KeYJPMapping    Duplicate registration of node: LinkageError, formerNode: LinkageError 
169840     ERROR Test worker     d.u.i.k.j.KeYJPMapping    Duplicate registration of node: Math, formerNode: Math 
169842     ERROR Test worker     d.u.i.k.j.KeYJPMapping    Duplicate registration of node: NegativeArraySizeException, formerNode: NegativeArraySizeException 
169842     ERROR Test worker     d.u.i.k.j.KeYJPMapping    Duplicate registration of node: NoClassDefFoundError, formerNode: java.lang.NoClassDefFoundError 
169843     ERROR Test worker     d.u.i.k.j.KeYJPMapping    Duplicate registration of node: NoClassDefFoundError, formerNode: java.lang.NoClassDefFoundError 
169844     ERROR Test worker     d.u.i.k.j.KeYJPMapping    Duplicate registration of node: NullPointerException, formerNode: NullPointerException 
169845     ERROR Test worker     d.u.i.k.j.KeYJPMapping    Duplicate registration of node: Number, formerNode: Number 
169847     ERROR Test worker     d.u.i.k.j.KeYJPMapping    Duplicate registration of node: NumberFormatException, formerNode: NumberFormatException 
169848     ERROR Test worker     d.u.i.k.j.KeYJPMapping    Duplicate registration of node: VirtualMachineError, formerNode: VirtualMachineError 
169850     ERROR Test worker     d.u.i.k.j.KeYJPMapping    Duplicate registration of node: OutOfMemoryError, formerNode: OutOfMemoryError 
169850     ERROR Test worker     d.u.i.k.j.KeYJPMapping    Duplicate registration of node: Runnable, formerNode: Runnable 
169852     ERROR Test worker     d.u.i.k.j.KeYJPMapping    Duplicate registration of node: RuntimeException, formerNode: RuntimeException 
169852     ERROR Test worker     d.u.i.k.j.KeYJPMapping    Duplicate registration of node: /*@pure*/
int, formerNode: int 
169855     ERROR Test worker     d.u.i.k.j.KeYJPMapping    Duplicate registration of node: /*@ helper */
int, formerNode: int 
169855     ERROR Test worker     d.u.i.k.j.KeYJPMapping    Duplicate registration of node: /*@ helper */
boolean, formerNode: /*@ pure @*/
boolean 
169865     ERROR Test worker     d.u.i.k.j.KeYJPMapping    Duplicate registration of node: /*@ helper */
java.lang.String, formerNode: java.lang.String 
169876     ERROR Test worker     d.u.i.k.j.KeYJPMapping    Duplicate registration of node: String, formerNode: java.lang.String 
169897     ERROR Test worker     d.u.i.k.j.KeYJPMapping    Duplicate registration of node: String, formerNode: java.lang.String 
169900     ERROR Test worker     d.u.i.k.j.KeYJPMapping    Duplicate registration of node: char, formerNode: /*@ helper */
char 
169901     ERROR Test worker     d.u.i.k.j.KeYJPMapping    Duplicate registration of node: StringBuffer, formerNode: StringBuffer 
169904     ERROR Test worker     d.u.i.k.j.KeYJPMapping    Duplicate registration of node: System, formerNode: System 
169905     ERROR Test worker     d.u.i.k.j.KeYJPMapping    Duplicate registration of node: Thread, formerNode: Thread 
169908     ERROR Test worker     d.u.i.k.j.KeYJPMapping    Duplicate registration of node: Throwable, formerNode: java.lang.Throwable 
169909     ERROR Test worker     d.u.i.k.j.KeYJPMapping    Duplicate registration of node: Throwable, formerNode: java.lang.Throwable 
169914     ERROR Test worker     d.u.i.k.j.KeYJPMapping    Duplicate registration of node: Collection, formerNode: Collection 
169915     ERROR Test worker     d.u.i.k.j.KeYJPMapping    Duplicate registration of node: Iterator, formerNode: java.util.Iterator 
169916     ERROR Test worker     d.u.i.k.j.KeYJPMapping    Duplicate registration of node: Iterator, formerNode: java.util.Iterator 
169920     ERROR Test worker     d.u.i.k.j.KeYJPMapping    Duplicate registration of node: List, formerNode: java.util.List 
169920     ERROR Test worker     d.u.i.k.j.KeYJPMapping    Duplicate registration of node: List, formerNode: java.util.List 
169923     ERROR Test worker     d.u.i.k.j.KeYJPMapping    Duplicate registration of node: ListIterator, formerNode: java.util.ListIterator 
169923     ERROR Test worker     d.u.i.k.j.KeYJPMapping    Duplicate registration of node: ListIterator, formerNode: java.util.ListIterator 
169924     ERROR Test worker     d.u.i.k.j.KeYJPMapping    Duplicate registration of node: Long, formerNode: Long 
169925     ERROR Test worker     d.u.i.k.j.KeYJPMapping    Duplicate registration of node: Boolean, formerNode: Boolean 
169958     ERROR Test worker     d.u.i.k.j.KeYJPMapping    Duplicate registration of node: Map, formerNode: Map 
169963     ERROR Test worker     d.u.i.k.j.KeYJPMapping    Duplicate registration of node: Set, formerNode: java.util.Set 
169963     ERROR Test worker     d.u.i.k.j.KeYJPMapping    Duplicate registration of node: Set, formerNode: java.util.Set 
169964     ERROR Test worker     d.u.i.k.j.KeYJPMapping    Duplicate registration of node: FilterOutputStream, formerNode: FilterOutputStream 
169965     ERROR Test worker     d.u.i.k.j.KeYJPMapping    Duplicate registration of node: InputStream, formerNode: java.io.InputStream 
169965     ERROR Test worker     d.u.i.k.j.KeYJPMapping    Duplicate registration of node: InputStream, formerNode: java.io.InputStream 
169967     ERROR Test worker     d.u.i.k.j.KeYJPMapping    Duplicate registration of node: IOException, formerNode: IOException 
169967     ERROR Test worker     d.u.i.k.j.KeYJPMapping    Duplicate registration of node: OutputStream, formerNode: java.io.OutputStream 
169968     ERROR Test worker     d.u.i.k.j.KeYJPMapping    Duplicate registration of node: OutputStream, formerNode: java.io.OutputStream 
169972     ERROR Test worker     d.u.i.k.j.KeYJPMapping    Duplicate registration of node: PrintStream, formerNode: java.io.PrintStream 
169973     ERROR Test worker     d.u.i.k.j.KeYJPMapping    Duplicate registration of node: PrintStream, formerNode: java.io.PrintStream 
169973     ERROR Test worker     d.u.i.k.j.KeYJPMapping    Duplicate registration of node: Serializable, formerNode: Serializable 
169974     ERROR Test worker     d.u.i.k.j.KeYJPMapping    Duplicate registration of node: BigInteger, formerNode: java.math.BigInteger 
169976     ERROR Test worker     d.u.i.k.j.KeYJPMapping    Duplicate registration of node: BigInteger, formerNode: java.math.BigInteger 
169977     ERROR Test worker     d.u.i.k.j.KeYJPMapping    Duplicate registration of node: ArrayList, formerNode: ArrayList 
169981     ERROR Test worker     d.u.i.k.j.KeYJPMapping    Duplicate registration of node: byte[], formerNode: byte[] 
170002     ERROR Test worker     d.u.i.k.j.KeYJPMapping    Duplicate registration of node: Arrays, formerNode: Arrays 
170003     ERROR Test worker     d.u.i.k.j.KeYJPMapping    Duplicate registration of node: ListIteratorImpl, formerNode: ListIteratorImpl 
170004     ERROR Test worker     d.u.i.k.j.KeYJPMapping    Duplicate registration of node: Date, formerNode: Date 
170005     ERROR Test worker     d.u.i.k.j.KeYJPMapping    Duplicate registration of node: LinkedHashMap, formerNode: LinkedHashMap 
170005     ERROR Test worker     d.u.i.k.j.KeYJPMapping    Duplicate registration of node: /*@pure@*/
String, formerNode: /*@strictly_pure*/
java.lang.String 
170006     ERROR Test worker     d.u.i.k.j.KeYJPMapping    Duplicate registration of node: LinkedList, formerNode: LinkedList 
170009     ERROR Test worker     d.u.i.k.j.KeYJPMapping    Duplicate registration of node: /*@ spec_java_math @*/
TestClass, formerNode: TestClass 
170009     ERROR Test worker     d.u.i.k.j.KeYJPMapping    Duplicate registration of node: /*@ spec_java_math @*/
TestClass, formerNode: TestClass 
170011     ERROR Test worker     d.u.i.k.j.KeYJPMapping    Duplicate registration of value: testPackage.TestClass
testPackage.TestClass::instance = new testPackage.testPackage.TestClass(
  
);, formerValue: testPackage.TestClass
testPackage.TestClass::instance = new testPackage.testPackage.TestClass(
  
); 
170012     ERROR Test worker     d.u.i.k.j.KeYJPMapping    Duplicate registration of value: public
  static testPackage.testPackage.TestClass testPackage.TestClass
  testPackage.TestClass::instance = new testPackage.testPackage.TestClass(
    
  );, formerValue: public
  static testPackage.testPackage.TestClass testPackage.TestClass
  testPackage.TestClass::instance = new testPackage.testPackage.TestClass(
    
  ); 
]]></system-err>
</testsuite>
