<?xml version="1.0" encoding="UTF-8"?>
<testsuite name="de.uka.ilkd.key.proof_references.testcase.analyst.TestContractProofReferencesAnalyst" tests="1" skipped="0" failures="0" errors="0" timestamp="2023-01-30T15:34:29" hostname="fv-az646-108" time="2.956">
  <properties/>
  <testcase name="testUseOperationContracts()" classname="de.uka.ilkd.key.proof_references.testcase.analyst.TestContractProofReferencesAnalyst" time="2.956"/>
  <system-out><![CDATA[]]></system-out>
  <system-err><![CDATA[]]></system-err>
</testsuite>
